<?xml version="1.0" encoding="UTF-8"?>
<testsuite xmlns:xsi="http://www.w3.org/2001/XMLSchema-instance" xsi:noNamespaceSchemaLocation="https://maven.apache.org/surefire/maven-surefire-plugin/xsd/surefire-test-report.xsd" name="org.apache.hadoop.ozone.client.rpc.TestMultiBlockWritesWithDnFailures" time="31.786" tests="1" errors="1" skipped="0" failures="0">
  <properties>
    <property name="awt.toolkit" value="sun.awt.X11.XToolkit"/>
    <property name="file.encoding.pkg" value="sun.io"/>
    <property name="java.specification.version" value="1.8"/>
    <property name="sun.cpu.isalist" value=""/>
    <property name="sun.jnu.encoding" value="UTF-8"/>
    <property name="java.class.path" value="/workdir/hadoop-ozone/integration-test/target/test-classes:/workdir/hadoop-ozone/integration-test/target/classes:/home/user/.m2/repository/org/apache/hadoop/hadoop-ozone-common/0.4.1-SNAPSHOT/hadoop-ozone-common-0.4.1-SNAPSHOT.jar:/home/user/.m2/repository/org/apache/commons/commons-compress/1.4.1/commons-compress-1.4.1.jar:/home/user/.m2/repository/org/tukaani/xz/1.0/xz-1.0.jar:/home/user/.m2/repository/org/apache/hadoop/hadoop-common/3.2.0/hadoop-common-3.2.0.jar:/home/user/.m2/repository/org/apache/hadoop/hadoop-hdfs/3.2.0/hadoop-hdfs-3.2.0.jar:/home/user/.m2/repository/org/apache/hadoop/hadoop-hdfs-client/3.2.0/hadoop-hdfs-client-3.2.0.jar:/home/user/.m2/repository/com/fasterxml/jackson/core/jackson-annotations/2.9.5/jackson-annotations-2.9.5.jar:/home/user/.m2/repository/org/apache/hadoop/hadoop-hdds-common/0.4.1-SNAPSHOT/hadoop-hdds-common-0.4.1-SNAPSHOT.jar:/home/user/.m2/repository/javax/annotation/javax.annotation-api/1.2/javax.annotation-api-1.2.jar:/home/user/.m2/repository/org/apache/ratis/ratis-server/0.4.0-2337318-SNAPSHOT/ratis-server-0.4.0-2337318-SNAPSHOT.jar:/home/user/.m2/repository/org/apache/ratis/ratis-thirdparty-misc/0.2.0/ratis-thirdparty-misc-0.2.0.jar:/home/user/.m2/repository/org/apache/ratis/ratis-proto/0.4.0-2337318-SNAPSHOT/ratis-proto-0.4.0-2337318-SNAPSHOT.jar:/home/user/.m2/repository/org/apache/ratis/ratis-common/0.4.0-2337318-SNAPSHOT/ratis-common-0.4.0-2337318-SNAPSHOT.jar:/home/user/.m2/repository/org/apache/ratis/ratis-client/0.4.0-2337318-SNAPSHOT/ratis-client-0.4.0-2337318-SNAPSHOT.jar:/home/user/.m2/repository/org/apache/ratis/ratis-metrics/0.4.0-2337318-SNAPSHOT/ratis-metrics-0.4.0-2337318-SNAPSHOT.jar:/home/user/.m2/repository/org/apache/ratis/ratis-netty/0.4.0-2337318-SNAPSHOT/ratis-netty-0.4.0-2337318-SNAPSHOT.jar:/home/user/.m2/repository/org/apache/ratis/ratis-grpc/0.4.0-2337318-SNAPSHOT/ratis-grpc-0.4.0-2337318-SNAPSHOT.jar:/home/user/.m2/repository/org/rocksdb/rocksdbjni/6.0.1/rocksdbjni-6.0.1.jar:/home/user/.m2/repository/org/apache/logging/log4j/log4j-api/2.11.0/log4j-api-2.11.0.jar:/home/user/.m2/repository/org/apache/logging/log4j/log4j-core/2.11.0/log4j-core-2.11.0.jar:/home/user/.m2/repository/com/lmax/disruptor/3.4.2/disruptor-3.4.2.jar:/home/user/.m2/repository/org/apache/commons/commons-pool2/2.6.0/commons-pool2-2.6.0.jar:/home/user/.m2/repository/org/bouncycastle/bcpkix-jdk15on/1.60/bcpkix-jdk15on-1.60.jar:/home/user/.m2/repository/commons-validator/commons-validator/1.6/commons-validator-1.6.jar:/home/user/.m2/repository/commons-digester/commons-digester/1.8.1/commons-digester-1.8.1.jar:/home/user/.m2/repository/io/jaegertracing/jaeger-client/0.33.1/jaeger-client-0.33.1.jar:/home/user/.m2/repository/io/jaegertracing/jaeger-thrift/0.33.1/jaeger-thrift-0.33.1.jar:/home/user/.m2/repository/org/apache/thrift/libthrift/0.11.0/libthrift-0.11.0.jar:/home/user/.m2/repository/com/squareup/okhttp3/okhttp/3.9.0/okhttp-3.9.0.jar:/home/user/.m2/repository/com/squareup/okio/okio/1.13.0/okio-1.13.0.jar:/home/user/.m2/repository/io/jaegertracing/jaeger-core/0.33.1/jaeger-core-0.33.1.jar:/home/user/.m2/repository/io/jaegertracing/jaeger-tracerresolver/0.33.1/jaeger-tracerresolver-0.33.1.jar:/home/user/.m2/repository/io/opentracing/contrib/opentracing-tracerresolver/0.1.5/opentracing-tracerresolver-0.1.5.jar:/home/user/.m2/repository/io/opentracing/opentracing-util/0.31.0/opentracing-util-0.31.0.jar:/home/user/.m2/repository/io/opentracing/opentracing-api/0.31.0/opentracing-api-0.31.0.jar:/home/user/.m2/repository/io/opentracing/opentracing-noop/0.31.0/opentracing-noop-0.31.0.jar:/home/user/.m2/repository/org/apache/hadoop/hadoop-hdds-server-framework/0.4.1-SNAPSHOT/hadoop-hdds-server-framework-0.4.1-SNAPSHOT.jar:/home/user/.m2/repository/org/apache/hadoop/hadoop-hdds-container-service/0.4.1-SNAPSHOT/hadoop-hdds-container-service-0.4.1-SNAPSHOT.jar:/home/user/.m2/repository/org/apache/hadoop/hadoop-hdds-client/0.4.1-SNAPSHOT/hadoop-hdds-client-0.4.1-SNAPSHOT.jar:/home/user/.m2/repository/org/apache/hadoop/hadoop-hdds-tools/0.4.1-SNAPSHOT/hadoop-hdds-tools-0.4.1-SNAPSHOT.jar:/home/user/.m2/repository/org/apache/hadoop/hadoop-hdds-server-scm/0.4.1-SNAPSHOT/hadoop-hdds-server-scm-0.4.1-SNAPSHOT.jar:/home/user/.m2/repository/org/apache/hadoop/hadoop-hdds-docs/0.4.1-SNAPSHOT/hadoop-hdds-docs-0.4.1-SNAPSHOT.jar:/home/user/.m2/repository/io/dropwizard/metrics/metrics-core/3.2.4/metrics-core-3.2.4.jar:/home/user/.m2/repository/org/hamcrest/hamcrest-all/1.3/hamcrest-all-1.3.jar:/home/user/.m2/repository/org/bouncycastle/bcprov-jdk15on/1.60/bcprov-jdk15on-1.60.jar:/home/user/.m2/repository/info/picocli/picocli/3.9.6/picocli-3.9.6.jar:/home/user/.m2/repository/com/google/protobuf/protobuf-java/2.5.0/protobuf-java-2.5.0.jar:/home/user/.m2/repository/com/google/guava/guava/11.0.2/guava-11.0.2.jar:/home/user/.m2/repository/org/apache/hadoop/hadoop-ozone-ozone-manager/0.4.1-SNAPSHOT/hadoop-ozone-ozone-manager-0.4.1-SNAPSHOT.jar:/home/user/.m2/repository/org/apache/hadoop/hadoop-minikdc/3.2.0/hadoop-minikdc-3.2.0.jar:/home/user/.m2/repository/commons-io/commons-io/2.5/commons-io-2.5.jar:/home/user/.m2/repository/org/apache/kerby/kerb-simplekdc/1.0.1/kerb-simplekdc-1.0.1.jar:/home/user/.m2/repository/org/apache/kerby/kerb-client/1.0.1/kerb-client-1.0.1.jar:/home/user/.m2/repository/org/apache/kerby/kerby-config/1.0.1/kerby-config-1.0.1.jar:/home/user/.m2/repository/org/apache/kerby/kerb-core/1.0.1/kerb-core-1.0.1.jar:/home/user/.m2/repository/org/apache/kerby/kerby-pkix/1.0.1/kerby-pkix-1.0.1.jar:/home/user/.m2/repository/org/apache/kerby/kerby-asn1/1.0.1/kerby-asn1-1.0.1.jar:/home/user/.m2/repository/org/apache/kerby/kerby-util/1.0.1/kerby-util-1.0.1.jar:/home/user/.m2/repository/org/apache/kerby/kerb-common/1.0.1/kerb-common-1.0.1.jar:/home/user/.m2/repository/org/apache/kerby/kerb-crypto/1.0.1/kerb-crypto-1.0.1.jar:/home/user/.m2/repository/org/apache/kerby/kerb-util/1.0.1/kerb-util-1.0.1.jar:/home/user/.m2/repository/org/apache/kerby/token-provider/1.0.1/token-provider-1.0.1.jar:/home/user/.m2/repository/org/apache/kerby/kerb-admin/1.0.1/kerb-admin-1.0.1.jar:/home/user/.m2/repository/org/apache/kerby/kerb-server/1.0.1/kerb-server-1.0.1.jar:/home/user/.m2/repository/org/apache/kerby/kerb-identity/1.0.1/kerb-identity-1.0.1.jar:/home/user/.m2/repository/org/apache/kerby/kerby-xdr/1.0.1/kerby-xdr-1.0.1.jar:/home/user/.m2/repository/org/slf4j/slf4j-log4j12/1.7.25/slf4j-log4j12-1.7.25.jar:/home/user/.m2/repository/org/apache/hadoop/hadoop-ozone-objectstore-service/0.4.1-SNAPSHOT/hadoop-ozone-objectstore-service-0.4.1-SNAPSHOT.jar:/home/user/.m2/repository/org/apache/hadoop/hadoop-ozone-s3gateway/0.4.1-SNAPSHOT/hadoop-ozone-s3gateway-0.4.1-SNAPSHOT.jar:/home/user/.m2/repository/org/jboss/weld/servlet/weld-servlet/2.4.7.Final/weld-servlet-2.4.7.Final.jar:/home/user/.m2/repository/org/glassfish/jersey/containers/jersey-container-servlet-core/2.27/jersey-container-servlet-core-2.27.jar:/home/user/.m2/repository/org/glassfish/hk2/external/javax.inject/2.5.0-b42/javax.inject-2.5.0-b42.jar:/home/user/.m2/repository/org/glassfish/jersey/core/jersey-common/2.27/jersey-common-2.27.jar:/home/user/.m2/repository/org/glassfish/hk2/osgi-resource-locator/1.0.1/osgi-resource-locator-1.0.1.jar:/home/user/.m2/repository/javax/ws/rs/javax.ws.rs-api/2.1/javax.ws.rs-api-2.1.jar:/home/user/.m2/repository/org/glassfish/jersey/ext/cdi/jersey-cdi1x/2.27/jersey-cdi1x-2.27.jar:/home/user/.m2/repository/org/glassfish/jersey/inject/jersey-hk2/2.27/jersey-hk2-2.27.jar:/home/user/.m2/repository/org/glassfish/hk2/hk2-locator/2.5.0-b42/hk2-locator-2.5.0-b42.jar:/home/user/.m2/repository/org/javassist/javassist/3.22.0-CR2/javassist-3.22.0-CR2.jar:/home/user/.m2/repository/org/glassfish/hk2/hk2-api/2.5.0/hk2-api-2.5.0.jar:/home/user/.m2/repository/org/glassfish/hk2/external/jakarta.inject/2.5.0/jakarta.inject-2.5.0.jar:/home/user/.m2/repository/org/glassfish/hk2/hk2-utils/2.5.0/hk2-utils-2.5.0.jar:/home/user/.m2/repository/jakarta/annotation/jakarta.annotation-api/1.3.4/jakarta.annotation-api-1.3.4.jar:/home/user/.m2/repository/org/glassfish/hk2/external/aopalliance-repackaged/2.5.0/aopalliance-repackaged-2.5.0.jar:/home/user/.m2/repository/com/fasterxml/jackson/dataformat/jackson-dataformat-xml/2.9.0/jackson-dataformat-xml-2.9.0.jar:/home/user/.m2/repository/com/fasterxml/jackson/core/jackson-core/2.9.5/jackson-core-2.9.5.jar:/home/user/.m2/repository/com/fasterxml/jackson/module/jackson-module-jaxb-annotations/2.9.5/jackson-module-jaxb-annotations-2.9.5.jar:/home/user/.m2/repository/javax/enterprise/cdi-api/1.2/cdi-api-1.2.jar:/home/user/.m2/repository/javax/el/javax.el-api/3.0.0/javax.el-api-3.0.0.jar:/home/user/.m2/repository/javax/interceptor/javax.interceptor-api/1.2/javax.interceptor-api-1.2.jar:/home/user/.m2/repository/javax/inject/javax.inject/1/javax.inject-1.jar:/home/user/.m2/repository/com/sun/xml/bind/jaxb-impl/2.3.0.1/jaxb-impl-2.3.0.1.jar:/home/user/.m2/repository/com/sun/xml/bind/jaxb-core/2.3.0.1/jaxb-core-2.3.0.1.jar:/home/user/.m2/repository/javax/xml/bind/jaxb-api/2.3.0/jaxb-api-2.3.0.jar:/home/user/.m2/repository/javax/activation/activation/1.1.1/activation-1.1.1.jar:/home/user/.m2/repository/org/apache/hadoop/hadoop-ozone-csi/0.4.1-SNAPSHOT/hadoop-ozone-csi-0.4.1-SNAPSHOT.jar:/home/user/.m2/repository/com/google/protobuf/protobuf-java-util/3.5.1/protobuf-java-util-3.5.1.jar:/home/user/.m2/repository/org/apache/hadoop/hadoop-hdds-config/0.4.1-SNAPSHOT/hadoop-hdds-config-0.4.1-SNAPSHOT.jar:/home/user/.m2/repository/io/grpc/grpc-netty/1.17.1/grpc-netty-1.17.1.jar:/home/user/.m2/repository/io/grpc/grpc-core/1.17.1/grpc-core-1.17.1.jar:/home/user/.m2/repository/io/grpc/grpc-context/1.17.1/grpc-context-1.17.1.jar:/home/user/.m2/repository/com/google/errorprone/error_prone_annotations/2.2.0/error_prone_annotations-2.2.0.jar:/home/user/.m2/repository/org/codehaus/mojo/animal-sniffer-annotations/1.17/animal-sniffer-annotations-1.17.jar:/home/user/.m2/repository/io/opencensus/opencensus-api/0.17.0/opencensus-api-0.17.0.jar:/home/user/.m2/repository/io/opencensus/opencensus-contrib-grpc-metrics/0.17.0/opencensus-contrib-grpc-metrics-0.17.0.jar:/home/user/.m2/repository/io/netty/netty-codec-http2/4.1.30.Final/netty-codec-http2-4.1.30.Final.jar:/home/user/.m2/repository/io/netty/netty-codec-http/4.1.30.Final/netty-codec-http-4.1.30.Final.jar:/home/user/.m2/repository/io/netty/netty-codec/4.1.30.Final/netty-codec-4.1.30.Final.jar:/home/user/.m2/repository/io/netty/netty-handler/4.1.30.Final/netty-handler-4.1.30.Final.jar:/home/user/.m2/repository/io/netty/netty-handler-proxy/4.1.30.Final/netty-handler-proxy-4.1.30.Final.jar:/home/user/.m2/repository/io/netty/netty-codec-socks/4.1.30.Final/netty-codec-socks-4.1.30.Final.jar:/home/user/.m2/repository/io/netty/netty-transport-native-epoll/4.1.30.Final/netty-transport-native-epoll-4.1.30.Final.jar:/home/user/.m2/repository/io/netty/netty-common/4.1.30.Final/netty-common-4.1.30.Final.jar:/home/user/.m2/repository/io/netty/netty-buffer/4.1.30.Final/netty-buffer-4.1.30.Final.jar:/home/user/.m2/repository/io/netty/netty-transport/4.1.30.Final/netty-transport-4.1.30.Final.jar:/home/user/.m2/repository/io/netty/netty-resolver/4.1.30.Final/netty-resolver-4.1.30.Final.jar:/home/user/.m2/repository/io/netty/netty-transport-native-unix-common/4.1.30.Final/netty-transport-native-unix-common-4.1.30.Final.jar:/home/user/.m2/repository/io/grpc/grpc-protobuf/1.17.1/grpc-protobuf-1.17.1.jar:/home/user/.m2/repository/com/google/api/grpc/proto-google-common-protos/1.0.0/proto-google-common-protos-1.0.0.jar:/home/user/.m2/repository/io/grpc/grpc-protobuf-lite/1.17.1/grpc-protobuf-lite-1.17.1.jar:/home/user/.m2/repository/io/grpc/grpc-stub/1.17.1/grpc-stub-1.17.1.jar:/home/user/.m2/repository/org/apache/hadoop/hadoop-ozone-recon/0.4.1-SNAPSHOT/hadoop-ozone-recon-0.4.1-SNAPSHOT.jar:/home/user/.m2/repository/org/apache/hadoop/hadoop-ozone-reconcodegen/0.4.1-SNAPSHOT/hadoop-ozone-reconcodegen-0.4.1-SNAPSHOT.jar:/home/user/.m2/repository/com/google/inject/extensions/guice-multibindings/4.0/guice-multibindings-4.0.jar:/home/user/.m2/repository/com/google/inject/guice/4.0/guice-4.0.jar:/home/user/.m2/repository/aopalliance/aopalliance/1.0/aopalliance-1.0.jar:/home/user/.m2/repository/com/google/inject/extensions/guice-servlet/4.0/guice-servlet-4.0.jar:/home/user/.m2/repository/org/glassfish/jersey/containers/jersey-container-servlet/2.27/jersey-container-servlet-2.27.jar:/home/user/.m2/repository/org/glassfish/hk2/guice-bridge/2.5.0/guice-bridge-2.5.0.jar:/home/user/.m2/repository/org/glassfish/jersey/core/jersey-server/2.27/jersey-server-2.27.jar:/home/user/.m2/repository/org/glassfish/jersey/core/jersey-client/2.27/jersey-client-2.27.jar:/home/user/.m2/repository/org/glassfish/jersey/media/jersey-media-jaxb/2.27/jersey-media-jaxb-2.27.jar:/home/user/.m2/repository/javax/validation/validation-api/1.1.0.Final/validation-api-1.1.0.Final.jar:/home/user/.m2/repository/org/glassfish/jersey/media/jersey-media-json-jackson/2.27/jersey-media-json-jackson-2.27.jar:/home/user/.m2/repository/org/glassfish/jersey/ext/jersey-entity-filtering/2.27/jersey-entity-filtering-2.27.jar:/home/user/.m2/repository/com/google/inject/extensions/guice-assistedinject/4.0/guice-assistedinject-4.0.jar:/home/user/.m2/repository/org/jooq/jooq/3.11.10/jooq-3.11.10.jar:/home/user/.m2/repository/org/jooq/jooq-meta/3.11.10/jooq-meta-3.11.10.jar:/home/user/.m2/repository/org/jooq/jooq-codegen/3.11.10/jooq-codegen-3.11.10.jar:/home/user/.m2/repository/com/jolbox/bonecp/0.8.0.RELEASE/bonecp-0.8.0.RELEASE.jar:/home/user/.m2/repository/org/xerial/sqlite-jdbc/3.25.2/sqlite-jdbc-3.25.2.jar:/home/user/.m2/repository/org/springframework/spring-jdbc/5.1.3.RELEASE/spring-jdbc-5.1.3.RELEASE.jar:/home/user/.m2/repository/org/springframework/spring-beans/5.1.3.RELEASE/spring-beans-5.1.3.RELEASE.jar:/home/user/.m2/repository/org/springframework/spring-core/5.1.3.RELEASE/spring-core-5.1.3.RELEASE.jar:/home/user/.m2/repository/org/springframework/spring-jcl/5.1.3.RELEASE/spring-jcl-5.1.3.RELEASE.jar:/home/user/.m2/repository/org/springframework/spring-tx/5.1.3.RELEASE/spring-tx-5.1.3.RELEASE.jar:/home/user/.m2/repository/org/apache/hadoop/hadoop-ozone-client/0.4.1-SNAPSHOT/hadoop-ozone-client-0.4.1-SNAPSHOT.jar:/home/user/.m2/repository/commons-lang/commons-lang/2.6/commons-lang-2.6.jar:/home/user/.m2/repository/org/apache/hadoop/hadoop-ozone-ozone-manager/0.4.1-SNAPSHOT/hadoop-ozone-ozone-manager-0.4.1-SNAPSHOT-tests.jar:/home/user/.m2/repository/junit/junit/4.11/junit-4.11.jar:/home/user/.m2/repository/org/hamcrest/hamcrest-core/1.3/hamcrest-core-1.3.jar:/home/user/.m2/repository/org/openjdk/jmh/jmh-core/1.19/jmh-core-1.19.jar:/home/user/.m2/repository/net/sf/jopt-simple/jopt-simple/4.6/jopt-simple-4.6.jar:/home/user/.m2/repository/org/apache/commons/commons-math3/3.1.1/commons-math3-3.1.1.jar:/home/user/.m2/repository/org/openjdk/jmh/jmh-generator-annprocess/1.19/jmh-generator-annprocess-1.19.jar:/home/user/.m2/repository/org/mockito/mockito-all/1.8.5/mockito-all-1.8.5.jar:/home/user/.m2/repository/org/apache/hadoop/hadoop-kms/3.2.0/hadoop-kms-3.2.0.jar:/home/user/.m2/repository/org/apache/hadoop/hadoop-auth/3.2.0/hadoop-auth-3.2.0.jar:/home/user/.m2/repository/com/nimbusds/nimbus-jose-jwt/4.41.1/nimbus-jose-jwt-4.41.1.jar:/home/user/.m2/repository/com/github/stephenc/jcip/jcip-annotations/1.0-1/jcip-annotations-1.0-1.jar:/home/user/.m2/repository/net/minidev/json-smart/2.3/json-smart-2.3.jar:/home/user/.m2/repository/net/minidev/accessors-smart/1.2/accessors-smart-1.2.jar:/home/user/.m2/repository/org/ow2/asm/asm/5.0.4/asm-5.0.4.jar:/home/user/.m2/repository/org/apache/curator/curator-framework/2.12.0/curator-framework-2.12.0.jar:/home/user/.m2/repository/com/sun/jersey/jersey-core/1.19/jersey-core-1.19.jar:/home/user/.m2/repository/javax/ws/rs/jsr311-api/1.1.1/jsr311-api-1.1.1.jar:/home/user/.m2/repository/com/sun/jersey/jersey-server/1.19/jersey-server-1.19.jar:/home/user/.m2/repository/javax/servlet/javax.servlet-api/3.1.0/javax.servlet-api-3.1.0.jar:/home/user/.m2/repository/org/eclipse/jetty/jetty-server/9.3.24.v20180605/jetty-server-9.3.24.v20180605.jar:/home/user/.m2/repository/org/eclipse/jetty/jetty-http/9.3.24.v20180605/jetty-http-9.3.24.v20180605.jar:/home/user/.m2/repository/org/eclipse/jetty/jetty-io/9.3.24.v20180605/jetty-io-9.3.24.v20180605.jar:/home/user/.m2/repository/org/eclipse/jetty/jetty-webapp/9.3.24.v20180605/jetty-webapp-9.3.24.v20180605.jar:/home/user/.m2/repository/org/eclipse/jetty/jetty-xml/9.3.24.v20180605/jetty-xml-9.3.24.v20180605.jar:/home/user/.m2/repository/log4j/log4j/1.2.17/log4j-1.2.17.jar:/home/user/.m2/repository/org/slf4j/slf4j-api/1.7.25/slf4j-api-1.7.25.jar:/home/user/.m2/repository/org/slf4j/jul-to-slf4j/1.7.25/jul-to-slf4j-1.7.25.jar:/home/user/.m2/repository/org/eclipse/jetty/jetty-util/9.3.24.v20180605/jetty-util-9.3.24.v20180605.jar:/home/user/.m2/repository/com/fasterxml/jackson/core/jackson-databind/2.9.5/jackson-databind-2.9.5.jar:/home/user/.m2/repository/org/apache/hadoop/hadoop-kms/3.2.0/hadoop-kms-3.2.0-tests.jar:/home/user/.m2/repository/org/apache/hadoop/hadoop-hdds-server-scm/0.4.1-SNAPSHOT/hadoop-hdds-server-scm-0.4.1-SNAPSHOT-tests.jar:/home/user/.m2/repository/org/apache/hadoop/hadoop-hdds-container-service/0.4.1-SNAPSHOT/hadoop-hdds-container-service-0.4.1-SNAPSHOT-tests.jar:/home/user/.m2/repository/org/yaml/snakeyaml/1.16/snakeyaml-1.16.jar:/home/user/.m2/repository/org/apache/hadoop/hadoop-common/3.2.0/hadoop-common-3.2.0-tests.jar:/home/user/.m2/repository/org/apache/hadoop/hadoop-annotations/3.2.0/hadoop-annotations-3.2.0.jar:/usr/lib/jvm/java-1.8-openjdk/jre/../lib/tools.jar:/home/user/.m2/repository/commons-cli/commons-cli/1.2/commons-cli-1.2.jar:/home/user/.m2/repository/org/apache/httpcomponents/httpclient/4.5.2/httpclient-4.5.2.jar:/home/user/.m2/repository/org/apache/httpcomponents/httpcore/4.4.4/httpcore-4.4.4.jar:/home/user/.m2/repository/commons-codec/commons-codec/1.11/commons-codec-1.11.jar:/home/user/.m2/repository/commons-net/commons-net/3.6/commons-net-3.6.jar:/home/user/.m2/repository/commons-collections/commons-collections/3.2.2/commons-collections-3.2.2.jar:/home/user/.m2/repository/org/eclipse/jetty/jetty-servlet/9.3.24.v20180605/jetty-servlet-9.3.24.v20180605.jar:/home/user/.m2/repository/org/eclipse/jetty/jetty-security/9.3.24.v20180605/jetty-security-9.3.24.v20180605.jar:/home/user/.m2/repository/javax/servlet/jsp/jsp-api/2.1/jsp-api-2.1.jar:/home/user/.m2/repository/com/sun/jersey/jersey-servlet/1.19/jersey-servlet-1.19.jar:/home/user/.m2/repository/com/sun/jersey/jersey-json/1.19/jersey-json-1.19.jar:/home/user/.m2/repository/org/codehaus/jettison/jettison/1.1/jettison-1.1.jar:/home/user/.m2/repository/org/codehaus/jackson/jackson-core-asl/1.9.13/jackson-core-asl-1.9.13.jar:/home/user/.m2/repository/org/codehaus/jackson/jackson-mapper-asl/1.9.13/jackson-mapper-asl-1.9.13.jar:/home/user/.m2/repository/org/codehaus/jackson/jackson-jaxrs/1.9.13/jackson-jaxrs-1.9.13.jar:/home/user/.m2/repository/org/codehaus/jackson/jackson-xc/1.9.13/jackson-xc-1.9.13.jar:/home/user/.m2/repository/commons-logging/commons-logging/1.1.3/commons-logging-1.1.3.jar:/home/user/.m2/repository/commons-beanutils/commons-beanutils/1.9.3/commons-beanutils-1.9.3.jar:/home/user/.m2/repository/org/apache/commons/commons-configuration2/2.1.1/commons-configuration2-2.1.1.jar:/home/user/.m2/repository/org/apache/commons/commons-lang3/3.7/commons-lang3-3.7.jar:/home/user/.m2/repository/org/apache/commons/commons-text/1.4/commons-text-1.4.jar:/home/user/.m2/repository/org/apache/avro/avro/1.7.7/avro-1.7.7.jar:/home/user/.m2/repository/com/thoughtworks/paranamer/paranamer/2.3/paranamer-2.3.jar:/home/user/.m2/repository/org/xerial/snappy/snappy-java/1.0.5/snappy-java-1.0.5.jar:/home/user/.m2/repository/com/google/re2j/re2j/1.1/re2j-1.1.jar:/home/user/.m2/repository/com/google/code/gson/gson/2.2.4/gson-2.2.4.jar:/home/user/.m2/repository/com/jcraft/jsch/0.1.54/jsch-0.1.54.jar:/home/user/.m2/repository/org/apache/curator/curator-client/2.12.0/curator-client-2.12.0.jar:/home/user/.m2/repository/org/apache/curator/curator-recipes/2.12.0/curator-recipes-2.12.0.jar:/home/user/.m2/repository/com/google/code/findbugs/jsr305/3.0.0/jsr305-3.0.0.jar:/home/user/.m2/repository/org/apache/htrace/htrace-core4/4.1.0-incubating/htrace-core4-4.1.0-incubating.jar:/home/user/.m2/repository/org/apache/zookeeper/zookeeper/3.4.13/zookeeper-3.4.13.jar:/home/user/.m2/repository/org/apache/yetus/audience-annotations/0.5.0/audience-annotations-0.5.0.jar:/home/user/.m2/repository/org/codehaus/woodstox/stax2-api/3.1.4/stax2-api-3.1.4.jar:/home/user/.m2/repository/com/fasterxml/woodstox/woodstox-core/5.0.3/woodstox-core-5.0.3.jar:/home/user/.m2/repository/dnsjava/dnsjava/2.1.7/dnsjava-2.1.7.jar:/home/user/.m2/repository/org/apache/hadoop/hadoop-hdfs/3.2.0/hadoop-hdfs-3.2.0-tests.jar:/home/user/.m2/repository/org/eclipse/jetty/jetty-util-ajax/9.3.24.v20180605/jetty-util-ajax-9.3.24.v20180605.jar:/home/user/.m2/repository/commons-daemon/commons-daemon/1.0.13/commons-daemon-1.0.13.jar:/home/user/.m2/repository/io/netty/netty/3.10.5.Final/netty-3.10.5.Final.jar:/home/user/.m2/repository/io/netty/netty-all/4.0.52.Final/netty-all-4.0.52.Final.jar:/home/user/.m2/repository/org/fusesource/leveldbjni/leveldbjni-all/1.8/leveldbjni-all-1.8.jar:"/>
    <property name="java.vm.vendor" value="IcedTea"/>
    <property name="sun.arch.data.model" value="64"/>
    <property name="test.build.dir" value="/workdir/hadoop-ozone/integration-test/target/test-dir"/>
    <property name="test.cache.data" value=""/>
    <property name="java.vendor.url" value="https://icedtea.classpath.org"/>
    <property name="user.timezone" value=""/>
    <property name="java.vm.specification.version" value="1.8"/>
    <property name="os.name" value="Linux"/>
    <property name="test.build.data" value="/workdir/hadoop-ozone/integration-test/target/test-dir"/>
    <property name="user.country" value="US"/>
    <property name="sun.java.launcher" value="SUN_STANDARD"/>
    <property name="sun.boot.library.path" value="/usr/lib/jvm/java-1.8-openjdk/jre/lib/amd64"/>
    <property name="sun.java.command" value="/workdir/hadoop-ozone/integration-test/target/surefire/surefirebooter4439447714781489635.jar /workdir/hadoop-ozone/integration-test/target/surefire 2019-08-03T03-12-43_534-jvmRun1 surefire6987950235698014322tmp surefire_426157451784395375335tmp"/>
    <property name="surefire.test.class.path" value="/workdir/hadoop-ozone/integration-test/target/test-classes:/workdir/hadoop-ozone/integration-test/target/classes:/home/user/.m2/repository/org/apache/hadoop/hadoop-ozone-common/0.4.1-SNAPSHOT/hadoop-ozone-common-0.4.1-SNAPSHOT.jar:/home/user/.m2/repository/org/apache/commons/commons-compress/1.4.1/commons-compress-1.4.1.jar:/home/user/.m2/repository/org/tukaani/xz/1.0/xz-1.0.jar:/home/user/.m2/repository/org/apache/hadoop/hadoop-common/3.2.0/hadoop-common-3.2.0.jar:/home/user/.m2/repository/org/apache/hadoop/hadoop-hdfs/3.2.0/hadoop-hdfs-3.2.0.jar:/home/user/.m2/repository/org/apache/hadoop/hadoop-hdfs-client/3.2.0/hadoop-hdfs-client-3.2.0.jar:/home/user/.m2/repository/com/fasterxml/jackson/core/jackson-annotations/2.9.5/jackson-annotations-2.9.5.jar:/home/user/.m2/repository/org/apache/hadoop/hadoop-hdds-common/0.4.1-SNAPSHOT/hadoop-hdds-common-0.4.1-SNAPSHOT.jar:/home/user/.m2/repository/javax/annotation/javax.annotation-api/1.2/javax.annotation-api-1.2.jar:/home/user/.m2/repository/org/apache/ratis/ratis-server/0.4.0-2337318-SNAPSHOT/ratis-server-0.4.0-2337318-SNAPSHOT.jar:/home/user/.m2/repository/org/apache/ratis/ratis-thirdparty-misc/0.2.0/ratis-thirdparty-misc-0.2.0.jar:/home/user/.m2/repository/org/apache/ratis/ratis-proto/0.4.0-2337318-SNAPSHOT/ratis-proto-0.4.0-2337318-SNAPSHOT.jar:/home/user/.m2/repository/org/apache/ratis/ratis-common/0.4.0-2337318-SNAPSHOT/ratis-common-0.4.0-2337318-SNAPSHOT.jar:/home/user/.m2/repository/org/apache/ratis/ratis-client/0.4.0-2337318-SNAPSHOT/ratis-client-0.4.0-2337318-SNAPSHOT.jar:/home/user/.m2/repository/org/apache/ratis/ratis-metrics/0.4.0-2337318-SNAPSHOT/ratis-metrics-0.4.0-2337318-SNAPSHOT.jar:/home/user/.m2/repository/org/apache/ratis/ratis-netty/0.4.0-2337318-SNAPSHOT/ratis-netty-0.4.0-2337318-SNAPSHOT.jar:/home/user/.m2/repository/org/apache/ratis/ratis-grpc/0.4.0-2337318-SNAPSHOT/ratis-grpc-0.4.0-2337318-SNAPSHOT.jar:/home/user/.m2/repository/org/rocksdb/rocksdbjni/6.0.1/rocksdbjni-6.0.1.jar:/home/user/.m2/repository/org/apache/logging/log4j/log4j-api/2.11.0/log4j-api-2.11.0.jar:/home/user/.m2/repository/org/apache/logging/log4j/log4j-core/2.11.0/log4j-core-2.11.0.jar:/home/user/.m2/repository/com/lmax/disruptor/3.4.2/disruptor-3.4.2.jar:/home/user/.m2/repository/org/apache/commons/commons-pool2/2.6.0/commons-pool2-2.6.0.jar:/home/user/.m2/repository/org/bouncycastle/bcpkix-jdk15on/1.60/bcpkix-jdk15on-1.60.jar:/home/user/.m2/repository/commons-validator/commons-validator/1.6/commons-validator-1.6.jar:/home/user/.m2/repository/commons-digester/commons-digester/1.8.1/commons-digester-1.8.1.jar:/home/user/.m2/repository/io/jaegertracing/jaeger-client/0.33.1/jaeger-client-0.33.1.jar:/home/user/.m2/repository/io/jaegertracing/jaeger-thrift/0.33.1/jaeger-thrift-0.33.1.jar:/home/user/.m2/repository/org/apache/thrift/libthrift/0.11.0/libthrift-0.11.0.jar:/home/user/.m2/repository/com/squareup/okhttp3/okhttp/3.9.0/okhttp-3.9.0.jar:/home/user/.m2/repository/com/squareup/okio/okio/1.13.0/okio-1.13.0.jar:/home/user/.m2/repository/io/jaegertracing/jaeger-core/0.33.1/jaeger-core-0.33.1.jar:/home/user/.m2/repository/io/jaegertracing/jaeger-tracerresolver/0.33.1/jaeger-tracerresolver-0.33.1.jar:/home/user/.m2/repository/io/opentracing/contrib/opentracing-tracerresolver/0.1.5/opentracing-tracerresolver-0.1.5.jar:/home/user/.m2/repository/io/opentracing/opentracing-util/0.31.0/opentracing-util-0.31.0.jar:/home/user/.m2/repository/io/opentracing/opentracing-api/0.31.0/opentracing-api-0.31.0.jar:/home/user/.m2/repository/io/opentracing/opentracing-noop/0.31.0/opentracing-noop-0.31.0.jar:/home/user/.m2/repository/org/apache/hadoop/hadoop-hdds-server-framework/0.4.1-SNAPSHOT/hadoop-hdds-server-framework-0.4.1-SNAPSHOT.jar:/home/user/.m2/repository/org/apache/hadoop/hadoop-hdds-container-service/0.4.1-SNAPSHOT/hadoop-hdds-container-service-0.4.1-SNAPSHOT.jar:/home/user/.m2/repository/org/apache/hadoop/hadoop-hdds-client/0.4.1-SNAPSHOT/hadoop-hdds-client-0.4.1-SNAPSHOT.jar:/home/user/.m2/repository/org/apache/hadoop/hadoop-hdds-tools/0.4.1-SNAPSHOT/hadoop-hdds-tools-0.4.1-SNAPSHOT.jar:/home/user/.m2/repository/org/apache/hadoop/hadoop-hdds-server-scm/0.4.1-SNAPSHOT/hadoop-hdds-server-scm-0.4.1-SNAPSHOT.jar:/home/user/.m2/repository/org/apache/hadoop/hadoop-hdds-docs/0.4.1-SNAPSHOT/hadoop-hdds-docs-0.4.1-SNAPSHOT.jar:/home/user/.m2/repository/io/dropwizard/metrics/metrics-core/3.2.4/metrics-core-3.2.4.jar:/home/user/.m2/repository/org/hamcrest/hamcrest-all/1.3/hamcrest-all-1.3.jar:/home/user/.m2/repository/org/bouncycastle/bcprov-jdk15on/1.60/bcprov-jdk15on-1.60.jar:/home/user/.m2/repository/info/picocli/picocli/3.9.6/picocli-3.9.6.jar:/home/user/.m2/repository/com/google/protobuf/protobuf-java/2.5.0/protobuf-java-2.5.0.jar:/home/user/.m2/repository/com/google/guava/guava/11.0.2/guava-11.0.2.jar:/home/user/.m2/repository/org/apache/hadoop/hadoop-ozone-ozone-manager/0.4.1-SNAPSHOT/hadoop-ozone-ozone-manager-0.4.1-SNAPSHOT.jar:/home/user/.m2/repository/org/apache/hadoop/hadoop-minikdc/3.2.0/hadoop-minikdc-3.2.0.jar:/home/user/.m2/repository/commons-io/commons-io/2.5/commons-io-2.5.jar:/home/user/.m2/repository/org/apache/kerby/kerb-simplekdc/1.0.1/kerb-simplekdc-1.0.1.jar:/home/user/.m2/repository/org/apache/kerby/kerb-client/1.0.1/kerb-client-1.0.1.jar:/home/user/.m2/repository/org/apache/kerby/kerby-config/1.0.1/kerby-config-1.0.1.jar:/home/user/.m2/repository/org/apache/kerby/kerb-core/1.0.1/kerb-core-1.0.1.jar:/home/user/.m2/repository/org/apache/kerby/kerby-pkix/1.0.1/kerby-pkix-1.0.1.jar:/home/user/.m2/repository/org/apache/kerby/kerby-asn1/1.0.1/kerby-asn1-1.0.1.jar:/home/user/.m2/repository/org/apache/kerby/kerby-util/1.0.1/kerby-util-1.0.1.jar:/home/user/.m2/repository/org/apache/kerby/kerb-common/1.0.1/kerb-common-1.0.1.jar:/home/user/.m2/repository/org/apache/kerby/kerb-crypto/1.0.1/kerb-crypto-1.0.1.jar:/home/user/.m2/repository/org/apache/kerby/kerb-util/1.0.1/kerb-util-1.0.1.jar:/home/user/.m2/repository/org/apache/kerby/token-provider/1.0.1/token-provider-1.0.1.jar:/home/user/.m2/repository/org/apache/kerby/kerb-admin/1.0.1/kerb-admin-1.0.1.jar:/home/user/.m2/repository/org/apache/kerby/kerb-server/1.0.1/kerb-server-1.0.1.jar:/home/user/.m2/repository/org/apache/kerby/kerb-identity/1.0.1/kerb-identity-1.0.1.jar:/home/user/.m2/repository/org/apache/kerby/kerby-xdr/1.0.1/kerby-xdr-1.0.1.jar:/home/user/.m2/repository/org/slf4j/slf4j-log4j12/1.7.25/slf4j-log4j12-1.7.25.jar:/home/user/.m2/repository/org/apache/hadoop/hadoop-ozone-objectstore-service/0.4.1-SNAPSHOT/hadoop-ozone-objectstore-service-0.4.1-SNAPSHOT.jar:/home/user/.m2/repository/org/apache/hadoop/hadoop-ozone-s3gateway/0.4.1-SNAPSHOT/hadoop-ozone-s3gateway-0.4.1-SNAPSHOT.jar:/home/user/.m2/repository/org/jboss/weld/servlet/weld-servlet/2.4.7.Final/weld-servlet-2.4.7.Final.jar:/home/user/.m2/repository/org/glassfish/jersey/containers/jersey-container-servlet-core/2.27/jersey-container-servlet-core-2.27.jar:/home/user/.m2/repository/org/glassfish/hk2/external/javax.inject/2.5.0-b42/javax.inject-2.5.0-b42.jar:/home/user/.m2/repository/org/glassfish/jersey/core/jersey-common/2.27/jersey-common-2.27.jar:/home/user/.m2/repository/org/glassfish/hk2/osgi-resource-locator/1.0.1/osgi-resource-locator-1.0.1.jar:/home/user/.m2/repository/javax/ws/rs/javax.ws.rs-api/2.1/javax.ws.rs-api-2.1.jar:/home/user/.m2/repository/org/glassfish/jersey/ext/cdi/jersey-cdi1x/2.27/jersey-cdi1x-2.27.jar:/home/user/.m2/repository/org/glassfish/jersey/inject/jersey-hk2/2.27/jersey-hk2-2.27.jar:/home/user/.m2/repository/org/glassfish/hk2/hk2-locator/2.5.0-b42/hk2-locator-2.5.0-b42.jar:/home/user/.m2/repository/org/javassist/javassist/3.22.0-CR2/javassist-3.22.0-CR2.jar:/home/user/.m2/repository/org/glassfish/hk2/hk2-api/2.5.0/hk2-api-2.5.0.jar:/home/user/.m2/repository/org/glassfish/hk2/external/jakarta.inject/2.5.0/jakarta.inject-2.5.0.jar:/home/user/.m2/repository/org/glassfish/hk2/hk2-utils/2.5.0/hk2-utils-2.5.0.jar:/home/user/.m2/repository/jakarta/annotation/jakarta.annotation-api/1.3.4/jakarta.annotation-api-1.3.4.jar:/home/user/.m2/repository/org/glassfish/hk2/external/aopalliance-repackaged/2.5.0/aopalliance-repackaged-2.5.0.jar:/home/user/.m2/repository/com/fasterxml/jackson/dataformat/jackson-dataformat-xml/2.9.0/jackson-dataformat-xml-2.9.0.jar:/home/user/.m2/repository/com/fasterxml/jackson/core/jackson-core/2.9.5/jackson-core-2.9.5.jar:/home/user/.m2/repository/com/fasterxml/jackson/module/jackson-module-jaxb-annotations/2.9.5/jackson-module-jaxb-annotations-2.9.5.jar:/home/user/.m2/repository/javax/enterprise/cdi-api/1.2/cdi-api-1.2.jar:/home/user/.m2/repository/javax/el/javax.el-api/3.0.0/javax.el-api-3.0.0.jar:/home/user/.m2/repository/javax/interceptor/javax.interceptor-api/1.2/javax.interceptor-api-1.2.jar:/home/user/.m2/repository/javax/inject/javax.inject/1/javax.inject-1.jar:/home/user/.m2/repository/com/sun/xml/bind/jaxb-impl/2.3.0.1/jaxb-impl-2.3.0.1.jar:/home/user/.m2/repository/com/sun/xml/bind/jaxb-core/2.3.0.1/jaxb-core-2.3.0.1.jar:/home/user/.m2/repository/javax/xml/bind/jaxb-api/2.3.0/jaxb-api-2.3.0.jar:/home/user/.m2/repository/javax/activation/activation/1.1.1/activation-1.1.1.jar:/home/user/.m2/repository/org/apache/hadoop/hadoop-ozone-csi/0.4.1-SNAPSHOT/hadoop-ozone-csi-0.4.1-SNAPSHOT.jar:/home/user/.m2/repository/com/google/protobuf/protobuf-java-util/3.5.1/protobuf-java-util-3.5.1.jar:/home/user/.m2/repository/org/apache/hadoop/hadoop-hdds-config/0.4.1-SNAPSHOT/hadoop-hdds-config-0.4.1-SNAPSHOT.jar:/home/user/.m2/repository/io/grpc/grpc-netty/1.17.1/grpc-netty-1.17.1.jar:/home/user/.m2/repository/io/grpc/grpc-core/1.17.1/grpc-core-1.17.1.jar:/home/user/.m2/repository/io/grpc/grpc-context/1.17.1/grpc-context-1.17.1.jar:/home/user/.m2/repository/com/google/errorprone/error_prone_annotations/2.2.0/error_prone_annotations-2.2.0.jar:/home/user/.m2/repository/org/codehaus/mojo/animal-sniffer-annotations/1.17/animal-sniffer-annotations-1.17.jar:/home/user/.m2/repository/io/opencensus/opencensus-api/0.17.0/opencensus-api-0.17.0.jar:/home/user/.m2/repository/io/opencensus/opencensus-contrib-grpc-metrics/0.17.0/opencensus-contrib-grpc-metrics-0.17.0.jar:/home/user/.m2/repository/io/netty/netty-codec-http2/4.1.30.Final/netty-codec-http2-4.1.30.Final.jar:/home/user/.m2/repository/io/netty/netty-codec-http/4.1.30.Final/netty-codec-http-4.1.30.Final.jar:/home/user/.m2/repository/io/netty/netty-codec/4.1.30.Final/netty-codec-4.1.30.Final.jar:/home/user/.m2/repository/io/netty/netty-handler/4.1.30.Final/netty-handler-4.1.30.Final.jar:/home/user/.m2/repository/io/netty/netty-handler-proxy/4.1.30.Final/netty-handler-proxy-4.1.30.Final.jar:/home/user/.m2/repository/io/netty/netty-codec-socks/4.1.30.Final/netty-codec-socks-4.1.30.Final.jar:/home/user/.m2/repository/io/netty/netty-transport-native-epoll/4.1.30.Final/netty-transport-native-epoll-4.1.30.Final.jar:/home/user/.m2/repository/io/netty/netty-common/4.1.30.Final/netty-common-4.1.30.Final.jar:/home/user/.m2/repository/io/netty/netty-buffer/4.1.30.Final/netty-buffer-4.1.30.Final.jar:/home/user/.m2/repository/io/netty/netty-transport/4.1.30.Final/netty-transport-4.1.30.Final.jar:/home/user/.m2/repository/io/netty/netty-resolver/4.1.30.Final/netty-resolver-4.1.30.Final.jar:/home/user/.m2/repository/io/netty/netty-transport-native-unix-common/4.1.30.Final/netty-transport-native-unix-common-4.1.30.Final.jar:/home/user/.m2/repository/io/grpc/grpc-protobuf/1.17.1/grpc-protobuf-1.17.1.jar:/home/user/.m2/repository/com/google/api/grpc/proto-google-common-protos/1.0.0/proto-google-common-protos-1.0.0.jar:/home/user/.m2/repository/io/grpc/grpc-protobuf-lite/1.17.1/grpc-protobuf-lite-1.17.1.jar:/home/user/.m2/repository/io/grpc/grpc-stub/1.17.1/grpc-stub-1.17.1.jar:/home/user/.m2/repository/org/apache/hadoop/hadoop-ozone-recon/0.4.1-SNAPSHOT/hadoop-ozone-recon-0.4.1-SNAPSHOT.jar:/home/user/.m2/repository/org/apache/hadoop/hadoop-ozone-reconcodegen/0.4.1-SNAPSHOT/hadoop-ozone-reconcodegen-0.4.1-SNAPSHOT.jar:/home/user/.m2/repository/com/google/inject/extensions/guice-multibindings/4.0/guice-multibindings-4.0.jar:/home/user/.m2/repository/com/google/inject/guice/4.0/guice-4.0.jar:/home/user/.m2/repository/aopalliance/aopalliance/1.0/aopalliance-1.0.jar:/home/user/.m2/repository/com/google/inject/extensions/guice-servlet/4.0/guice-servlet-4.0.jar:/home/user/.m2/repository/org/glassfish/jersey/containers/jersey-container-servlet/2.27/jersey-container-servlet-2.27.jar:/home/user/.m2/repository/org/glassfish/hk2/guice-bridge/2.5.0/guice-bridge-2.5.0.jar:/home/user/.m2/repository/org/glassfish/jersey/core/jersey-server/2.27/jersey-server-2.27.jar:/home/user/.m2/repository/org/glassfish/jersey/core/jersey-client/2.27/jersey-client-2.27.jar:/home/user/.m2/repository/org/glassfish/jersey/media/jersey-media-jaxb/2.27/jersey-media-jaxb-2.27.jar:/home/user/.m2/repository/javax/validation/validation-api/1.1.0.Final/validation-api-1.1.0.Final.jar:/home/user/.m2/repository/org/glassfish/jersey/media/jersey-media-json-jackson/2.27/jersey-media-json-jackson-2.27.jar:/home/user/.m2/repository/org/glassfish/jersey/ext/jersey-entity-filtering/2.27/jersey-entity-filtering-2.27.jar:/home/user/.m2/repository/com/google/inject/extensions/guice-assistedinject/4.0/guice-assistedinject-4.0.jar:/home/user/.m2/repository/org/jooq/jooq/3.11.10/jooq-3.11.10.jar:/home/user/.m2/repository/org/jooq/jooq-meta/3.11.10/jooq-meta-3.11.10.jar:/home/user/.m2/repository/org/jooq/jooq-codegen/3.11.10/jooq-codegen-3.11.10.jar:/home/user/.m2/repository/com/jolbox/bonecp/0.8.0.RELEASE/bonecp-0.8.0.RELEASE.jar:/home/user/.m2/repository/org/xerial/sqlite-jdbc/3.25.2/sqlite-jdbc-3.25.2.jar:/home/user/.m2/repository/org/springframework/spring-jdbc/5.1.3.RELEASE/spring-jdbc-5.1.3.RELEASE.jar:/home/user/.m2/repository/org/springframework/spring-beans/5.1.3.RELEASE/spring-beans-5.1.3.RELEASE.jar:/home/user/.m2/repository/org/springframework/spring-core/5.1.3.RELEASE/spring-core-5.1.3.RELEASE.jar:/home/user/.m2/repository/org/springframework/spring-jcl/5.1.3.RELEASE/spring-jcl-5.1.3.RELEASE.jar:/home/user/.m2/repository/org/springframework/spring-tx/5.1.3.RELEASE/spring-tx-5.1.3.RELEASE.jar:/home/user/.m2/repository/org/apache/hadoop/hadoop-ozone-client/0.4.1-SNAPSHOT/hadoop-ozone-client-0.4.1-SNAPSHOT.jar:/home/user/.m2/repository/commons-lang/commons-lang/2.6/commons-lang-2.6.jar:/home/user/.m2/repository/org/apache/hadoop/hadoop-ozone-ozone-manager/0.4.1-SNAPSHOT/hadoop-ozone-ozone-manager-0.4.1-SNAPSHOT-tests.jar:/home/user/.m2/repository/junit/junit/4.11/junit-4.11.jar:/home/user/.m2/repository/org/hamcrest/hamcrest-core/1.3/hamcrest-core-1.3.jar:/home/user/.m2/repository/org/openjdk/jmh/jmh-core/1.19/jmh-core-1.19.jar:/home/user/.m2/repository/net/sf/jopt-simple/jopt-simple/4.6/jopt-simple-4.6.jar:/home/user/.m2/repository/org/apache/commons/commons-math3/3.1.1/commons-math3-3.1.1.jar:/home/user/.m2/repository/org/openjdk/jmh/jmh-generator-annprocess/1.19/jmh-generator-annprocess-1.19.jar:/home/user/.m2/repository/org/mockito/mockito-all/1.8.5/mockito-all-1.8.5.jar:/home/user/.m2/repository/org/apache/hadoop/hadoop-kms/3.2.0/hadoop-kms-3.2.0.jar:/home/user/.m2/repository/org/apache/hadoop/hadoop-auth/3.2.0/hadoop-auth-3.2.0.jar:/home/user/.m2/repository/com/nimbusds/nimbus-jose-jwt/4.41.1/nimbus-jose-jwt-4.41.1.jar:/home/user/.m2/repository/com/github/stephenc/jcip/jcip-annotations/1.0-1/jcip-annotations-1.0-1.jar:/home/user/.m2/repository/net/minidev/json-smart/2.3/json-smart-2.3.jar:/home/user/.m2/repository/net/minidev/accessors-smart/1.2/accessors-smart-1.2.jar:/home/user/.m2/repository/org/ow2/asm/asm/5.0.4/asm-5.0.4.jar:/home/user/.m2/repository/org/apache/curator/curator-framework/2.12.0/curator-framework-2.12.0.jar:/home/user/.m2/repository/com/sun/jersey/jersey-core/1.19/jersey-core-1.19.jar:/home/user/.m2/repository/javax/ws/rs/jsr311-api/1.1.1/jsr311-api-1.1.1.jar:/home/user/.m2/repository/com/sun/jersey/jersey-server/1.19/jersey-server-1.19.jar:/home/user/.m2/repository/javax/servlet/javax.servlet-api/3.1.0/javax.servlet-api-3.1.0.jar:/home/user/.m2/repository/org/eclipse/jetty/jetty-server/9.3.24.v20180605/jetty-server-9.3.24.v20180605.jar:/home/user/.m2/repository/org/eclipse/jetty/jetty-http/9.3.24.v20180605/jetty-http-9.3.24.v20180605.jar:/home/user/.m2/repository/org/eclipse/jetty/jetty-io/9.3.24.v20180605/jetty-io-9.3.24.v20180605.jar:/home/user/.m2/repository/org/eclipse/jetty/jetty-webapp/9.3.24.v20180605/jetty-webapp-9.3.24.v20180605.jar:/home/user/.m2/repository/org/eclipse/jetty/jetty-xml/9.3.24.v20180605/jetty-xml-9.3.24.v20180605.jar:/home/user/.m2/repository/log4j/log4j/1.2.17/log4j-1.2.17.jar:/home/user/.m2/repository/org/slf4j/slf4j-api/1.7.25/slf4j-api-1.7.25.jar:/home/user/.m2/repository/org/slf4j/jul-to-slf4j/1.7.25/jul-to-slf4j-1.7.25.jar:/home/user/.m2/repository/org/eclipse/jetty/jetty-util/9.3.24.v20180605/jetty-util-9.3.24.v20180605.jar:/home/user/.m2/repository/com/fasterxml/jackson/core/jackson-databind/2.9.5/jackson-databind-2.9.5.jar:/home/user/.m2/repository/org/apache/hadoop/hadoop-kms/3.2.0/hadoop-kms-3.2.0-tests.jar:/home/user/.m2/repository/org/apache/hadoop/hadoop-hdds-server-scm/0.4.1-SNAPSHOT/hadoop-hdds-server-scm-0.4.1-SNAPSHOT-tests.jar:/home/user/.m2/repository/org/apache/hadoop/hadoop-hdds-container-service/0.4.1-SNAPSHOT/hadoop-hdds-container-service-0.4.1-SNAPSHOT-tests.jar:/home/user/.m2/repository/org/yaml/snakeyaml/1.16/snakeyaml-1.16.jar:/home/user/.m2/repository/org/apache/hadoop/hadoop-common/3.2.0/hadoop-common-3.2.0-tests.jar:/home/user/.m2/repository/org/apache/hadoop/hadoop-annotations/3.2.0/hadoop-annotations-3.2.0.jar:/usr/lib/jvm/java-1.8-openjdk/jre/../lib/tools.jar:/home/user/.m2/repository/commons-cli/commons-cli/1.2/commons-cli-1.2.jar:/home/user/.m2/repository/org/apache/httpcomponents/httpclient/4.5.2/httpclient-4.5.2.jar:/home/user/.m2/repository/org/apache/httpcomponents/httpcore/4.4.4/httpcore-4.4.4.jar:/home/user/.m2/repository/commons-codec/commons-codec/1.11/commons-codec-1.11.jar:/home/user/.m2/repository/commons-net/commons-net/3.6/commons-net-3.6.jar:/home/user/.m2/repository/commons-collections/commons-collections/3.2.2/commons-collections-3.2.2.jar:/home/user/.m2/repository/org/eclipse/jetty/jetty-servlet/9.3.24.v20180605/jetty-servlet-9.3.24.v20180605.jar:/home/user/.m2/repository/org/eclipse/jetty/jetty-security/9.3.24.v20180605/jetty-security-9.3.24.v20180605.jar:/home/user/.m2/repository/javax/servlet/jsp/jsp-api/2.1/jsp-api-2.1.jar:/home/user/.m2/repository/com/sun/jersey/jersey-servlet/1.19/jersey-servlet-1.19.jar:/home/user/.m2/repository/com/sun/jersey/jersey-json/1.19/jersey-json-1.19.jar:/home/user/.m2/repository/org/codehaus/jettison/jettison/1.1/jettison-1.1.jar:/home/user/.m2/repository/org/codehaus/jackson/jackson-core-asl/1.9.13/jackson-core-asl-1.9.13.jar:/home/user/.m2/repository/org/codehaus/jackson/jackson-mapper-asl/1.9.13/jackson-mapper-asl-1.9.13.jar:/home/user/.m2/repository/org/codehaus/jackson/jackson-jaxrs/1.9.13/jackson-jaxrs-1.9.13.jar:/home/user/.m2/repository/org/codehaus/jackson/jackson-xc/1.9.13/jackson-xc-1.9.13.jar:/home/user/.m2/repository/commons-logging/commons-logging/1.1.3/commons-logging-1.1.3.jar:/home/user/.m2/repository/commons-beanutils/commons-beanutils/1.9.3/commons-beanutils-1.9.3.jar:/home/user/.m2/repository/org/apache/commons/commons-configuration2/2.1.1/commons-configuration2-2.1.1.jar:/home/user/.m2/repository/org/apache/commons/commons-lang3/3.7/commons-lang3-3.7.jar:/home/user/.m2/repository/org/apache/commons/commons-text/1.4/commons-text-1.4.jar:/home/user/.m2/repository/org/apache/avro/avro/1.7.7/avro-1.7.7.jar:/home/user/.m2/repository/com/thoughtworks/paranamer/paranamer/2.3/paranamer-2.3.jar:/home/user/.m2/repository/org/xerial/snappy/snappy-java/1.0.5/snappy-java-1.0.5.jar:/home/user/.m2/repository/com/google/re2j/re2j/1.1/re2j-1.1.jar:/home/user/.m2/repository/com/google/code/gson/gson/2.2.4/gson-2.2.4.jar:/home/user/.m2/repository/com/jcraft/jsch/0.1.54/jsch-0.1.54.jar:/home/user/.m2/repository/org/apache/curator/curator-client/2.12.0/curator-client-2.12.0.jar:/home/user/.m2/repository/org/apache/curator/curator-recipes/2.12.0/curator-recipes-2.12.0.jar:/home/user/.m2/repository/com/google/code/findbugs/jsr305/3.0.0/jsr305-3.0.0.jar:/home/user/.m2/repository/org/apache/htrace/htrace-core4/4.1.0-incubating/htrace-core4-4.1.0-incubating.jar:/home/user/.m2/repository/org/apache/zookeeper/zookeeper/3.4.13/zookeeper-3.4.13.jar:/home/user/.m2/repository/org/apache/yetus/audience-annotations/0.5.0/audience-annotations-0.5.0.jar:/home/user/.m2/repository/org/codehaus/woodstox/stax2-api/3.1.4/stax2-api-3.1.4.jar:/home/user/.m2/repository/com/fasterxml/woodstox/woodstox-core/5.0.3/woodstox-core-5.0.3.jar:/home/user/.m2/repository/dnsjava/dnsjava/2.1.7/dnsjava-2.1.7.jar:/home/user/.m2/repository/org/apache/hadoop/hadoop-hdfs/3.2.0/hadoop-hdfs-3.2.0-tests.jar:/home/user/.m2/repository/org/eclipse/jetty/jetty-util-ajax/9.3.24.v20180605/jetty-util-ajax-9.3.24.v20180605.jar:/home/user/.m2/repository/commons-daemon/commons-daemon/1.0.13/commons-daemon-1.0.13.jar:/home/user/.m2/repository/io/netty/netty/3.10.5.Final/netty-3.10.5.Final.jar:/home/user/.m2/repository/io/netty/netty-all/4.0.52.Final/netty-all-4.0.52.Final.jar:/home/user/.m2/repository/org/fusesource/leveldbjni/leveldbjni-all/1.8/leveldbjni-all-1.8.jar:"/>
    <property name="sun.cpu.endian" value="little"/>
    <property name="user.home" value="/home/user"/>
    <property name="user.language" value="en"/>
    <property name="java.specification.vendor" value="Oracle Corporation"/>
    <property name="java.home" value="/usr/lib/jvm/java-1.8-openjdk/jre"/>
    <property name="java.security.krb5.conf" value="/workdir/hadoop-ozone/integration-test/target/test-classes/krb5.conf"/>
    <property name="basedir" value="/workdir/hadoop-ozone/integration-test"/>
    <property name="file.separator" value="/"/>
    <property name="line.separator" value="&#10;"/>
    <property name="java.vm.specification.vendor" value="Oracle Corporation"/>
    <property name="java.specification.name" value="Java Platform API Specification"/>
    <property name="java.awt.graphicsenv" value="sun.awt.X11GraphicsEnvironment"/>
    <property name="surefire.real.class.path" value="/workdir/hadoop-ozone/integration-test/target/surefire/surefirebooter4439447714781489635.jar"/>
    <property name="hadoop.log.dir" value="/workdir/hadoop-ozone/integration-test/target/log"/>
    <property name="sun.boot.class.path" value="/usr/lib/jvm/java-1.8-openjdk/jre/lib/resources.jar:/usr/lib/jvm/java-1.8-openjdk/jre/lib/rt.jar:/usr/lib/jvm/java-1.8-openjdk/jre/lib/sunrsasign.jar:/usr/lib/jvm/java-1.8-openjdk/jre/lib/jsse.jar:/usr/lib/jvm/java-1.8-openjdk/jre/lib/jce.jar:/usr/lib/jvm/java-1.8-openjdk/jre/lib/charsets.jar:/usr/lib/jvm/java-1.8-openjdk/jre/lib/jfr.jar:/usr/lib/jvm/java-1.8-openjdk/jre/classes"/>
    <property name="sun.management.compiler" value="HotSpot 64-Bit Tiered Compilers"/>
    <property name="java.runtime.version" value="1.8.0_212-b04"/>
    <property name="java.net.preferIPv4Stack" value="true"/>
    <property name="user.name" value="jenkins1000"/>
    <property name="path.separator" value=":"/>
    <property name="java.security.egd" value="file:///dev/urandom"/>
    <property name="os.version" value="3.10.0-957.12.2.el7.x86_64"/>
    <property name="java.endorsed.dirs" value="/usr/lib/jvm/java-1.8-openjdk/jre/lib/endorsed"/>
    <property name="java.runtime.name" value="OpenJDK Runtime Environment"/>
    <property name="file.encoding" value="UTF-8"/>
    <property name="java.vm.name" value="OpenJDK 64-Bit Server VM"/>
    <property name="test.build.webapps" value=""/>
    <property name="localRepository" value="/home/user/.m2/repository"/>
    <property name="java.vendor.url.bug" value="https://icedtea.classpath.org/bugzilla"/>
    <property name="java.io.tmpdir" value="/tmp"/>
    <property name="require.test.libhadoop" value=""/>
    <property name="java.version" value="1.8.0_212"/>
    <property name="user.dir" value="/workdir/hadoop-ozone/integration-test"/>
    <property name="os.arch" value="amd64"/>
    <property name="java.vm.specification.name" value="Java Virtual Machine Specification"/>
    <property name="test.build.classes" value="/workdir/hadoop-ozone/integration-test/target/test-classes"/>
    <property name="java.awt.printerjob" value="sun.print.PSPrinterJob"/>
    <property name="sun.os.patch.level" value="unknown"/>
    <property name="hadoop.tmp.dir" value="/workdir/hadoop-ozone/integration-test/target/tmp"/>
    <property name="java.library.path" value="/usr/lib/jvm/java-1.8-openjdk/jre/lib/amd64/server:/usr/lib/jvm/java-1.8-openjdk/jre/lib/amd64:/usr/lib/jvm/java-1.8-openjdk/jre/../lib/amd64:/workdir/hadoop-ozone/integration-test/target/native/target/usr/local/lib:/workdir/hadoop-ozone/integration-test/../../hadoop-common-project/hadoop-common/target/native/target/usr/local/lib:/usr/java/packages/lib/amd64:/usr/lib64:/lib64:/lib:/usr/lib"/>
    <property name="java.vm.info" value="mixed mode"/>
    <property name="java.vendor" value="IcedTea"/>
    <property name="java.vm.version" value="25.212-b04"/>
    <property name="java.ext.dirs" value="/usr/lib/jvm/java-1.8-openjdk/jre/lib/ext:/usr/java/packages/lib/ext"/>
    <property name="sun.io.unicode.encoding" value="UnicodeLittle"/>
    <property name="java.class.version" value="52.0"/>
  </properties>
  <testcase name="testMultiBlockWritesWithDnFailures" classname="org.apache.hadoop.ozone.client.rpc.TestMultiBlockWritesWithDnFailures" time="31.727">
    <error message="Allocated 0 blocks. Requested 1 blocks" type="INTERNAL_ERROR org.apache.hadoop.ozone.om.exceptions.OMException">INTERNAL_ERROR org.apache.hadoop.ozone.om.exceptions.OMException: Allocated 0 blocks. Requested 1 blocks
	at org.apache.hadoop.ozone.om.protocolPB.OzoneManagerProtocolClientSideTranslatorPB.handleError(OzoneManagerProtocolClientSideTranslatorPB.java:720)
	at org.apache.hadoop.ozone.om.protocolPB.OzoneManagerProtocolClientSideTranslatorPB.allocateBlock(OzoneManagerProtocolClientSideTranslatorPB.java:752)
	at org.apache.hadoop.ozone.client.io.BlockOutputStreamEntryPool.allocateNewBlock(BlockOutputStreamEntryPool.java:248)
	at org.apache.hadoop.ozone.client.io.BlockOutputStreamEntryPool.allocateBlockIfNeeded(BlockOutputStreamEntryPool.java:296)
	at org.apache.hadoop.ozone.client.io.KeyOutputStream.handleWrite(KeyOutputStream.java:201)
	at org.apache.hadoop.ozone.client.io.KeyOutputStream.handleRetry(KeyOutputStream.java:376)
	at org.apache.hadoop.ozone.client.io.KeyOutputStream.handleException(KeyOutputStream.java:325)
	at org.apache.hadoop.ozone.client.io.KeyOutputStream.handleWrite(KeyOutputStream.java:231)
	at org.apache.hadoop.ozone.client.io.KeyOutputStream.write(KeyOutputStream.java:193)
	at org.apache.hadoop.ozone.client.io.OzoneOutputStream.write(OzoneOutputStream.java:49)
	at java.io.OutputStream.write(OutputStream.java:75)
	at org.apache.hadoop.ozone.client.rpc.TestMultiBlockWritesWithDnFailures.testMultiBlockWritesWithDnFailures(TestMultiBlockWritesWithDnFailures.java:144)
	at sun.reflect.NativeMethodAccessorImpl.invoke0(Native Method)
	at sun.reflect.NativeMethodAccessorImpl.invoke(NativeMethodAccessorImpl.java:62)
	at sun.reflect.DelegatingMethodAccessorImpl.invoke(DelegatingMethodAccessorImpl.java:43)
	at java.lang.reflect.Method.invoke(Method.java:498)
	at org.junit.runners.model.FrameworkMethod$1.runReflectiveCall(FrameworkMethod.java:47)
	at org.junit.internal.runners.model.ReflectiveCallable.run(ReflectiveCallable.java:12)
	at org.junit.runners.model.FrameworkMethod.invokeExplosively(FrameworkMethod.java:44)
	at org.junit.internal.runners.statements.InvokeMethod.evaluate(InvokeMethod.java:17)
	at org.junit.runners.ParentRunner.runLeaf(ParentRunner.java:271)
	at org.junit.runners.BlockJUnit4ClassRunner.runChild(BlockJUnit4ClassRunner.java:70)
	at org.junit.runners.BlockJUnit4ClassRunner.runChild(BlockJUnit4ClassRunner.java:50)
	at org.junit.runners.ParentRunner$3.run(ParentRunner.java:238)
	at org.junit.runners.ParentRunner$1.schedule(ParentRunner.java:63)
	at org.junit.runners.ParentRunner.runChildren(ParentRunner.java:236)
	at org.junit.runners.ParentRunner.access$000(ParentRunner.java:53)
	at org.junit.runners.ParentRunner$2.evaluate(ParentRunner.java:229)
	at org.junit.runners.ParentRunner.run(ParentRunner.java:309)
	at org.apache.maven.surefire.junit4.JUnit4Provider.execute(JUnit4Provider.java:365)
	at org.apache.maven.surefire.junit4.JUnit4Provider.executeWithRerun(JUnit4Provider.java:273)
	at org.apache.maven.surefire.junit4.JUnit4Provider.executeTestSet(JUnit4Provider.java:238)
	at org.apache.maven.surefire.junit4.JUnit4Provider.invoke(JUnit4Provider.java:159)
	at org.apache.maven.surefire.booter.ForkedBooter.invokeProviderInSameClassLoader(ForkedBooter.java:384)
	at org.apache.maven.surefire.booter.ForkedBooter.runSuitesInProcess(ForkedBooter.java:345)
	at org.apache.maven.surefire.booter.ForkedBooter.execute(ForkedBooter.java:126)
	at org.apache.maven.surefire.booter.ForkedBooter.main(ForkedBooter.java:418)
</error>
    <system-out><![CDATA[2019-08-03 03:58:42,255 WARN  server.ServerUtils (ServerUtils.java:getScmDbDir(145)) - ozone.scm.db.dirs is not configured. We recommend adding this setting. Falling back to ozone.metadata.dirs instead.
2019-08-03 03:58:42,339 WARN  server.ServerUtils (ServerUtils.java:getScmDbDir(145)) - ozone.scm.db.dirs is not configured. We recommend adding this setting. Falling back to ozone.metadata.dirs instead.
2019-08-03 03:58:42,341 WARN  server.ServerUtils (ServerUtils.java:getScmDbDir(145)) - ozone.scm.db.dirs is not configured. We recommend adding this setting. Falling back to ozone.metadata.dirs instead.
2019-08-03 03:58:42,354 INFO  util.log (Log.java:initialized(192)) - Logging initialized @818ms
2019-08-03 03:58:42,478 INFO  db.DBStoreBuilder (DBStoreBuilder.java:addTable(110)) - using custom profile for table: deletedBlocks
2019-08-03 03:58:42,479 INFO  db.DBStoreBuilder (DBStoreBuilder.java:processTables(161)) - Using default column profile:DBProfile.DISK for Table:deletedBlocks
2019-08-03 03:58:42,479 INFO  db.DBStoreBuilder (DBStoreBuilder.java:addTable(110)) - using custom profile for table: validCerts
2019-08-03 03:58:42,479 INFO  db.DBStoreBuilder (DBStoreBuilder.java:processTables(161)) - Using default column profile:DBProfile.DISK for Table:validCerts
2019-08-03 03:58:42,480 INFO  db.DBStoreBuilder (DBStoreBuilder.java:addTable(110)) - using custom profile for table: revokedCerts
2019-08-03 03:58:42,480 INFO  db.DBStoreBuilder (DBStoreBuilder.java:processTables(161)) - Using default column profile:DBProfile.DISK for Table:revokedCerts
2019-08-03 03:58:42,493 INFO  db.DBStoreBuilder (DBStoreBuilder.java:addTable(110)) - using custom profile for table: default
2019-08-03 03:58:42,493 INFO  db.DBStoreBuilder (DBStoreBuilder.java:processTables(167)) - Using default column profile:DBProfile.DISK for Table:default
2019-08-03 03:58:42,495 INFO  db.DBStoreBuilder (DBStoreBuilder.java:getDbProfile(198)) - Using default options. DBProfile.DISK
2019-08-03 03:58:42,612 INFO  net.NodeSchemaLoader (NodeSchemaLoader.java:loadSchemaFromFile(125)) - Loading file from sun.misc.CompoundEnumeration@7193666c
2019-08-03 03:58:42,616 INFO  net.NodeSchemaLoader (NodeSchemaLoader.java:loadSchema(171)) - Loading network topology layer schema file
2019-08-03 03:58:42,696 INFO  node.SCMNodeManager (SCMNodeManager.java:<init>(121)) - Entering startup safe mode.
2019-08-03 03:58:42,779 WARN  server.ServerUtils (ServerUtils.java:getScmDbDir(145)) - ozone.scm.db.dirs is not configured. We recommend adding this setting. Falling back to ozone.metadata.dirs instead.
2019-08-03 03:58:42,833 INFO  pipeline.SCMPipelineManager (SCMPipelineManager.java:initializePipelineState(126)) - No pipeline exists in current db
2019-08-03 03:58:42,836 WARN  server.ServerUtils (ServerUtils.java:getScmDbDir(145)) - ozone.scm.db.dirs is not configured. We recommend adding this setting. Falling back to ozone.metadata.dirs instead.
2019-08-03 03:58:42,907 WARN  events.EventQueue (EventQueue.java:fireEvent(175)) - No event handler registered for event TypedEvent{payloadType=SafeModeStatus, name='SafeModeStatus'}
2019-08-03 03:58:43,305 INFO  ipc.CallQueueManager (CallQueueManager.java:<init>(84)) - Using callQueue: class java.util.concurrent.LinkedBlockingQueue, queueCapacity: 2000, scheduler: class org.apache.hadoop.ipc.DefaultRpcScheduler, ipcBackoff: false.
2019-08-03 03:58:43,332 INFO  ipc.Server (Server.java:run(1074)) - Starting Socket Reader #1 for port 35173
2019-08-03 03:58:43,355 INFO  ipc.CallQueueManager (CallQueueManager.java:<init>(84)) - Using callQueue: class java.util.concurrent.LinkedBlockingQueue, queueCapacity: 2000, scheduler: class org.apache.hadoop.ipc.DefaultRpcScheduler, ipcBackoff: false.
2019-08-03 03:58:43,356 INFO  ipc.Server (Server.java:run(1074)) - Starting Socket Reader #1 for port 42245
2019-08-03 03:58:43,363 INFO  ipc.CallQueueManager (CallQueueManager.java:<init>(84)) - Using callQueue: class java.util.concurrent.LinkedBlockingQueue, queueCapacity: 2000, scheduler: class org.apache.hadoop.ipc.DefaultRpcScheduler, ipcBackoff: false.
2019-08-03 03:58:43,364 INFO  ipc.Server (Server.java:run(1074)) - Starting Socket Reader #1 for port 46706
2019-08-03 03:58:43,524 INFO  hdfs.DFSUtil (DFSUtil.java:httpServerTemplateForNNAndJN(1641)) - Starting Web-server for scm at: http://0.0.0.0:0
2019-08-03 03:58:43,691 INFO  server.AuthenticationFilter (AuthenticationFilter.java:constructSecretProvider(240)) - Unable to initialize FileSignerSecretProvider, falling back to use random secrets.
2019-08-03 03:58:43,699 WARN  http.HttpRequestLog (HttpRequestLog.java:getRequestLog(97)) - Jetty request log can only be enabled using Log4j
2019-08-03 03:58:43,707 INFO  http.HttpServer2 (HttpServer2.java:addGlobalFilter(975)) - Added global filter 'safety' (class=org.apache.hadoop.http.HttpServer2$QuotingInputFilter)
2019-08-03 03:58:43,709 INFO  http.HttpServer2 (HttpServer2.java:addFilter(948)) - Added filter static_user_filter (class=org.apache.hadoop.http.lib.StaticUserWebFilter$StaticUserFilter) to context scm
2019-08-03 03:58:43,710 INFO  http.HttpServer2 (HttpServer2.java:addFilter(958)) - Added filter static_user_filter (class=org.apache.hadoop.http.lib.StaticUserWebFilter$StaticUserFilter) to context logs
2019-08-03 03:58:43,710 INFO  http.HttpServer2 (HttpServer2.java:addFilter(958)) - Added filter static_user_filter (class=org.apache.hadoop.http.lib.StaticUserWebFilter$StaticUserFilter) to context static
2019-08-03 03:58:43,738 INFO  server.StorageContainerManager (StorageContainerManager.java:start(758)) - StorageContainerLocationProtocol RPC server is listening at /0.0.0.0:46706
2019-08-03 03:58:43,797 WARN  impl.MetricsConfig (MetricsConfig.java:loadFirst(134)) - Cannot locate configuration: tried hadoop-metrics2-storagecontainermanager.properties,hadoop-metrics2.properties
2019-08-03 03:58:43,810 INFO  impl.MetricsSystemImpl (MetricsSystemImpl.java:startTimer(374)) - Scheduled Metric snapshot period at 10 second(s).
2019-08-03 03:58:43,810 INFO  impl.MetricsSystemImpl (MetricsSystemImpl.java:start(191)) - StorageContainerManager metrics system started
2019-08-03 03:58:44,083 INFO  server.SCMClientProtocolServer (SCMClientProtocolServer.java:start(151)) - RPC server for Client  is listening at /0.0.0.0:46706
2019-08-03 03:58:44,085 INFO  ipc.Server (Server.java:run(1314)) - IPC Server Responder: starting
2019-08-03 03:58:44,085 INFO  ipc.Server (Server.java:run(1153)) - IPC Server listener on 46706: starting
2019-08-03 03:58:44,087 INFO  server.StorageContainerManager (StorageContainerManager.java:start(768)) - ScmBlockLocationProtocol RPC server is listening at /0.0.0.0:42245
2019-08-03 03:58:44,087 INFO  server.SCMBlockProtocolServer (SCMBlockProtocolServer.java:start(140)) - RPC server for Block Protocol is listening at /0.0.0.0:42245
2019-08-03 03:58:44,088 INFO  ipc.Server (Server.java:run(1153)) - IPC Server listener on 42245: starting
2019-08-03 03:58:44,088 INFO  ipc.Server (Server.java:run(1314)) - IPC Server Responder: starting
2019-08-03 03:58:44,093 INFO  server.StorageContainerManager (StorageContainerManager.java:start(772)) - ScmDatanodeProtocl RPC server is listening at /0.0.0.0:35173
2019-08-03 03:58:44,093 INFO  server.SCMDatanodeProtocolServer (SCMDatanodeProtocolServer.java:start(191)) - RPC server for DataNodes is listening at /0.0.0.0:35173
2019-08-03 03:58:44,094 INFO  ipc.Server (Server.java:run(1153)) - IPC Server listener on 35173: starting
2019-08-03 03:58:44,094 INFO  ipc.Server (Server.java:run(1314)) - IPC Server Responder: starting
2019-08-03 03:58:44,102 INFO  http.HttpServer2 (HttpServer2.java:bindListener(1191)) - Jetty bound to port 38403
2019-08-03 03:58:44,104 INFO  server.Server (Server.java:doStart(351)) - jetty-9.3.24.v20180605, build timestamp: 2018-06-05T17:11:56Z, git hash: 84205aa28f11a4f31f2a3b86d1bba2cc8ab69827
2019-08-03 03:58:44,144 INFO  handler.ContextHandler (ContextHandler.java:doStart(781)) - Started o.e.j.s.ServletContextHandler@75f95314{/logs,file:///workdir/hadoop-ozone/integration-test/target/log,AVAILABLE}
2019-08-03 03:58:44,145 INFO  handler.ContextHandler (ContextHandler.java:doStart(781)) - Started o.e.j.s.ServletContextHandler@6bbe2511{/static,file:///workdir/hadoop-ozone/integration-test/target/test-classes/webapps/static,AVAILABLE}
2019-08-03 03:58:44,182 INFO  handler.ContextHandler (ContextHandler.java:doStart(781)) - Started o.e.j.w.WebAppContext@285d851a{/,file:///workdir/hadoop-ozone/integration-test/target/test-classes/webapps/scm/,AVAILABLE}{/scm}
2019-08-03 03:58:44,188 INFO  server.AbstractConnector (AbstractConnector.java:doStart(278)) - Started ServerConnector@32232e55{HTTP/1.1,[http/1.1]}{0.0.0.0:38403}
2019-08-03 03:58:44,189 INFO  server.Server (Server.java:doStart(419)) - Started @2653ms
2019-08-03 03:58:44,190 INFO  server.BaseHttpServer (BaseHttpServer.java:updateConnectorAddress(207)) - HTTP server of SCM is listening at http://0.0.0.0:38403
2019-08-03 03:58:44,195 INFO  util.JvmPauseMonitor (JvmPauseMonitor.java:run(188)) - Starting JVM pause monitor
2019-08-03 03:58:44,198 WARN  server.ServerUtils (ServerUtils.java:getDBPath(222)) - ozone.om.db.dirs is not configured. We recommend adding this setting. Falling back to ozone.metadata.dirs instead.
2019-08-03 03:58:44,314 WARN  server.ServerUtils (ServerUtils.java:getDBPath(222)) - ozone.om.db.dirs is not configured. We recommend adding this setting. Falling back to ozone.metadata.dirs instead.
2019-08-03 03:58:44,315 WARN  server.ServerUtils (ServerUtils.java:getDBPath(222)) - ozone.om.db.dirs is not configured. We recommend adding this setting. Falling back to ozone.metadata.dirs instead.
2019-08-03 03:58:44,316 INFO  om.OzoneManager (OzoneManager.java:setOMNodeDetails(644)) - OM Service ID is not set. Setting it to the default ID: omServiceIdDefault
2019-08-03 03:58:44,316 INFO  om.OzoneManager (OzoneManager.java:setOMNodeDetails(650)) - OM Node ID is not set. Setting it to the OmStorage's OmID: 9aa519c5-cc8c-4f7e-bd93-6c7646c98b84
2019-08-03 03:58:44,317 INFO  om.OzoneManager (OzoneManager.java:loadOMHAConfigs(601)) - Found matching OM address with OMServiceId: null, OMNodeId: null, RPC Address: localhost:0 and Ratis port: 9872
2019-08-03 03:58:45,012 WARN  server.ServerUtils (ServerUtils.java:getDBPath(222)) - ozone.om.db.dirs is not configured. We recommend adding this setting. Falling back to ozone.metadata.dirs instead.
2019-08-03 03:58:45,019 INFO  db.DBStoreBuilder (DBStoreBuilder.java:addTable(110)) - using custom profile for table: userTable
2019-08-03 03:58:45,020 INFO  db.DBStoreBuilder (DBStoreBuilder.java:processTables(161)) - Using default column profile:DBProfile.DISK for Table:userTable
2019-08-03 03:58:45,020 INFO  db.DBStoreBuilder (DBStoreBuilder.java:addTable(110)) - using custom profile for table: volumeTable
2019-08-03 03:58:45,020 INFO  db.DBStoreBuilder (DBStoreBuilder.java:processTables(161)) - Using default column profile:DBProfile.DISK for Table:volumeTable
2019-08-03 03:58:45,020 INFO  db.DBStoreBuilder (DBStoreBuilder.java:addTable(110)) - using custom profile for table: bucketTable
2019-08-03 03:58:45,021 INFO  db.DBStoreBuilder (DBStoreBuilder.java:processTables(161)) - Using default column profile:DBProfile.DISK for Table:bucketTable
2019-08-03 03:58:45,021 INFO  db.DBStoreBuilder (DBStoreBuilder.java:addTable(110)) - using custom profile for table: keyTable
2019-08-03 03:58:45,021 INFO  db.DBStoreBuilder (DBStoreBuilder.java:processTables(161)) - Using default column profile:DBProfile.DISK for Table:keyTable
2019-08-03 03:58:45,021 INFO  db.DBStoreBuilder (DBStoreBuilder.java:addTable(110)) - using custom profile for table: deletedTable
2019-08-03 03:58:45,022 INFO  db.DBStoreBuilder (DBStoreBuilder.java:processTables(161)) - Using default column profile:DBProfile.DISK for Table:deletedTable
2019-08-03 03:58:45,022 INFO  db.DBStoreBuilder (DBStoreBuilder.java:addTable(110)) - using custom profile for table: openKeyTable
2019-08-03 03:58:45,022 INFO  db.DBStoreBuilder (DBStoreBuilder.java:processTables(161)) - Using default column profile:DBProfile.DISK for Table:openKeyTable
2019-08-03 03:58:45,022 INFO  db.DBStoreBuilder (DBStoreBuilder.java:addTable(110)) - using custom profile for table: s3Table
2019-08-03 03:58:45,023 INFO  db.DBStoreBuilder (DBStoreBuilder.java:processTables(161)) - Using default column profile:DBProfile.DISK for Table:s3Table
2019-08-03 03:58:45,023 INFO  db.DBStoreBuilder (DBStoreBuilder.java:addTable(110)) - using custom profile for table: multipartInfoTable
2019-08-03 03:58:45,023 INFO  db.DBStoreBuilder (DBStoreBuilder.java:processTables(161)) - Using default column profile:DBProfile.DISK for Table:multipartInfoTable
2019-08-03 03:58:45,023 INFO  db.DBStoreBuilder (DBStoreBuilder.java:addTable(110)) - using custom profile for table: dTokenTable
2019-08-03 03:58:45,024 INFO  db.DBStoreBuilder (DBStoreBuilder.java:processTables(161)) - Using default column profile:DBProfile.DISK for Table:dTokenTable
2019-08-03 03:58:45,024 INFO  db.DBStoreBuilder (DBStoreBuilder.java:addTable(110)) - using custom profile for table: s3SecretTable
2019-08-03 03:58:45,024 INFO  db.DBStoreBuilder (DBStoreBuilder.java:processTables(161)) - Using default column profile:DBProfile.DISK for Table:s3SecretTable
2019-08-03 03:58:45,024 INFO  db.DBStoreBuilder (DBStoreBuilder.java:addTable(110)) - using custom profile for table: prefixTable
2019-08-03 03:58:45,025 INFO  db.DBStoreBuilder (DBStoreBuilder.java:processTables(161)) - Using default column profile:DBProfile.DISK for Table:prefixTable
2019-08-03 03:58:45,025 INFO  db.DBStoreBuilder (DBStoreBuilder.java:addTable(110)) - using custom profile for table: default
2019-08-03 03:58:45,025 INFO  db.DBStoreBuilder (DBStoreBuilder.java:processTables(167)) - Using default column profile:DBProfile.DISK for Table:default
2019-08-03 03:58:45,025 INFO  db.DBStoreBuilder (DBStoreBuilder.java:getDbProfile(198)) - Using default options. DBProfile.DISK
2019-08-03 03:58:45,358 INFO  ipc.CallQueueManager (CallQueueManager.java:<init>(84)) - Using callQueue: class java.util.concurrent.LinkedBlockingQueue, queueCapacity: 2000, scheduler: class org.apache.hadoop.ipc.DefaultRpcScheduler, ipcBackoff: false.
2019-08-03 03:58:45,359 INFO  ipc.Server (Server.java:run(1074)) - Starting Socket Reader #1 for port 36089
2019-08-03 03:58:45,381 INFO  om.OzoneManager (OzoneManager.java:start(1255)) - OzoneManager RPC server is listening at localhost/127.0.0.1:36089
2019-08-03 03:58:45,381 INFO  impl.MetricsSystemImpl (MetricsSystemImpl.java:init(158)) - OzoneManager metrics system started (again)
2019-08-03 03:58:45,382 INFO  ipc.Server (Server.java:run(1314)) - IPC Server Responder: starting
2019-08-03 03:58:45,382 INFO  ipc.Server (Server.java:run(1153)) - IPC Server listener on 36089: starting
2019-08-03 03:58:45,390 INFO  hdfs.DFSUtil (DFSUtil.java:httpServerTemplateForNNAndJN(1641)) - Starting Web-server for ozoneManager at: http://0.0.0.0:0
2019-08-03 03:58:45,393 INFO  server.AuthenticationFilter (AuthenticationFilter.java:constructSecretProvider(240)) - Unable to initialize FileSignerSecretProvider, falling back to use random secrets.
2019-08-03 03:58:45,394 WARN  http.HttpRequestLog (HttpRequestLog.java:getRequestLog(97)) - Jetty request log can only be enabled using Log4j
2019-08-03 03:58:45,398 INFO  http.HttpServer2 (HttpServer2.java:addGlobalFilter(975)) - Added global filter 'safety' (class=org.apache.hadoop.http.HttpServer2$QuotingInputFilter)
2019-08-03 03:58:45,399 INFO  http.HttpServer2 (HttpServer2.java:addFilter(948)) - Added filter static_user_filter (class=org.apache.hadoop.http.lib.StaticUserWebFilter$StaticUserFilter) to context ozoneManager
2019-08-03 03:58:45,400 INFO  http.HttpServer2 (HttpServer2.java:addFilter(958)) - Added filter static_user_filter (class=org.apache.hadoop.http.lib.StaticUserWebFilter$StaticUserFilter) to context static
2019-08-03 03:58:45,400 INFO  http.HttpServer2 (HttpServer2.java:addFilter(958)) - Added filter static_user_filter (class=org.apache.hadoop.http.lib.StaticUserWebFilter$StaticUserFilter) to context logs
2019-08-03 03:58:45,403 INFO  http.HttpServer2 (HttpServer2.java:bindListener(1191)) - Jetty bound to port 36486
2019-08-03 03:58:45,404 INFO  server.Server (Server.java:doStart(351)) - jetty-9.3.24.v20180605, build timestamp: 2018-06-05T17:11:56Z, git hash: 84205aa28f11a4f31f2a3b86d1bba2cc8ab69827
2019-08-03 03:58:45,406 INFO  handler.ContextHandler (ContextHandler.java:doStart(781)) - Started o.e.j.s.ServletContextHandler@7808fb9{/logs,file:///workdir/hadoop-ozone/integration-test/target/log,AVAILABLE}
2019-08-03 03:58:45,407 INFO  handler.ContextHandler (ContextHandler.java:doStart(781)) - Started o.e.j.s.ServletContextHandler@6b580b88{/static,file:///workdir/hadoop-ozone/integration-test/target/test-classes/webapps/static,AVAILABLE}
2019-08-03 03:58:45,414 INFO  handler.ContextHandler (ContextHandler.java:doStart(781)) - Started o.e.j.w.WebAppContext@4a1c0752{/,file:///workdir/hadoop-ozone/integration-test/target/test-classes/webapps/ozoneManager/,AVAILABLE}{/ozoneManager}
2019-08-03 03:58:45,415 INFO  server.AbstractConnector (AbstractConnector.java:doStart(278)) - Started ServerConnector@332f25c8{HTTP/1.1,[http/1.1]}{0.0.0.0:36486}
2019-08-03 03:58:45,416 INFO  server.Server (Server.java:doStart(419)) - Started @3880ms
2019-08-03 03:58:45,417 INFO  server.BaseHttpServer (BaseHttpServer.java:updateConnectorAddress(207)) - HTTP server of OZONEMANAGER is listening at http://0.0.0.0:36486
2019-08-03 03:58:45,762 INFO  impl.MetricsSystemImpl (MetricsSystemImpl.java:init(158)) - HddsDatanode metrics system started (again)
2019-08-03 03:58:45,846 INFO  ozone.HddsDatanodeService (HddsDatanodeService.java:start(184)) - HddsDatanodeService host:byscane-nightly-b86qh-2100283676 ip:192.168.5.147
2019-08-03 03:58:45,878 INFO  volume.HddsVolume (HddsVolume.java:<init>(176)) - Creating Volume: /workdir/hadoop-ozone/integration-test/target/test-dir/MiniOzoneClusterImpl-f2035a8c-d4a7-4d05-b03a-0b8d8001dcbb/datanode-0/data/containers/hdds of  storage type : DISK and capacity : 52710309888
2019-08-03 03:58:45,880 INFO  volume.VolumeSet (VolumeSet.java:initializeVolumeSet(170)) - Added Volume : /workdir/hadoop-ozone/integration-test/target/test-dir/MiniOzoneClusterImpl-f2035a8c-d4a7-4d05-b03a-0b8d8001dcbb/datanode-0/data/containers/hdds to VolumeSet
2019-08-03 03:58:45,883 INFO  volume.ThrottledAsyncChecker (ThrottledAsyncChecker.java:schedule(140)) - Scheduling a check for org.apache.hadoop.ozone.container.common.volume.HddsVolume@29a69a35
2019-08-03 03:58:45,900 INFO  volume.HddsVolumeChecker (HddsVolumeChecker.java:checkAllVolumes(203)) - Scheduled health check for volume org.apache.hadoop.ozone.container.common.volume.HddsVolume@29a69a35
2019-08-03 03:58:46,005 INFO  impl.RaftServerProxy (ConfUtils.java:logGet(43)) - raft.rpc.type = GRPC (default)
2019-08-03 03:58:46,067 INFO  grpc.GrpcFactory (GrpcFactory.java:checkPooledByteBufAllocatorUseCacheForAllThreads(45)) - PERFORMANCE WARNING: useCacheForAllThreads is true that may cause Netty to create a lot garbage objects and, as a result, trigger GC.
	It is recommended to disable useCacheForAllThreads by setting -Dorg.apache.ratis.thirdparty.io.netty.allocator.useCacheForAllThreads=false in command line.
2019-08-03 03:58:46,071 INFO  grpc.GrpcConfigKeys$Server (ConfUtils.java:logGet(43)) - raft.grpc.server.port = 0 (default)
2019-08-03 03:58:46,072 INFO  server.GrpcService (ConfUtils.java:logGet(43)) - raft.grpc.message.size.max = 33570816 (custom)
2019-08-03 03:58:46,074 INFO  server.RaftServerConfigKeys (ConfUtils.java:logGet(43)) - raft.server.log.appender.buffer.byte-limit = 33554432 (custom)
2019-08-03 03:58:46,074 INFO  server.GrpcService (ConfUtils.java:logGet(43)) - raft.grpc.flow.control.window = 1MB (=1048576) (default)
2019-08-03 03:58:46,075 INFO  server.RaftServerConfigKeys (ConfUtils.java:logGet(43)) - raft.server.rpc.request.timeout = 3000ms (default)
2019-08-03 03:58:46,228 INFO  server.RaftServerConfigKeys (ConfUtils.java:logGet(43)) - raft.server.storage.dir = [/workdir/hadoop-ozone/integration-test/target/test-dir/MiniOzoneClusterImpl-f2035a8c-d4a7-4d05-b03a-0b8d8001dcbb/datanode-0/data/ratis] (custom)
2019-08-03 03:58:46,296 INFO  replication.SimpleContainerDownloader (SimpleContainerDownloader.java:<init>(72)) - Starting container downloader service to copy containers to replicate.
2019-08-03 03:58:46,314 INFO  hdfs.DFSUtil (DFSUtil.java:httpServerTemplateForNNAndJN(1641)) - Starting Web-server for hddsDatanode at: http://0.0.0.0:0
2019-08-03 03:58:46,319 INFO  server.AuthenticationFilter (AuthenticationFilter.java:constructSecretProvider(240)) - Unable to initialize FileSignerSecretProvider, falling back to use random secrets.
2019-08-03 03:58:46,320 WARN  http.HttpRequestLog (HttpRequestLog.java:getRequestLog(97)) - Jetty request log can only be enabled using Log4j
2019-08-03 03:58:46,324 INFO  http.HttpServer2 (HttpServer2.java:addGlobalFilter(975)) - Added global filter 'safety' (class=org.apache.hadoop.http.HttpServer2$QuotingInputFilter)
2019-08-03 03:58:46,326 INFO  http.HttpServer2 (HttpServer2.java:addFilter(948)) - Added filter static_user_filter (class=org.apache.hadoop.http.lib.StaticUserWebFilter$StaticUserFilter) to context hddsDatanode
2019-08-03 03:58:46,326 INFO  http.HttpServer2 (HttpServer2.java:addFilter(958)) - Added filter static_user_filter (class=org.apache.hadoop.http.lib.StaticUserWebFilter$StaticUserFilter) to context logs
2019-08-03 03:58:46,326 INFO  http.HttpServer2 (HttpServer2.java:addFilter(958)) - Added filter static_user_filter (class=org.apache.hadoop.http.lib.StaticUserWebFilter$StaticUserFilter) to context static
2019-08-03 03:58:46,329 INFO  http.HttpServer2 (HttpServer2.java:bindListener(1191)) - Jetty bound to port 46180
2019-08-03 03:58:46,329 INFO  server.Server (Server.java:doStart(351)) - jetty-9.3.24.v20180605, build timestamp: 2018-06-05T17:11:56Z, git hash: 84205aa28f11a4f31f2a3b86d1bba2cc8ab69827
2019-08-03 03:58:46,333 INFO  handler.ContextHandler (ContextHandler.java:doStart(781)) - Started o.e.j.s.ServletContextHandler@65c33b92{/logs,file:///workdir/hadoop-ozone/integration-test/target/log,AVAILABLE}
2019-08-03 03:58:46,334 INFO  handler.ContextHandler (ContextHandler.java:doStart(781)) - Started o.e.j.s.ServletContextHandler@4e08acf9{/static,jar:file:/home/user/.m2/repository/org/apache/hadoop/hadoop-hdds-container-service/0.4.1-SNAPSHOT/hadoop-hdds-container-service-0.4.1-SNAPSHOT.jar!/webapps/static,AVAILABLE}
2019-08-03 03:58:46,398 INFO  handler.ContextHandler (ContextHandler.java:doStart(781)) - Started o.e.j.w.WebAppContext@36417a54{/,file:///tmp/jetty-0.0.0.0-46180-hddsDatanode-_-any-3284495487953702713.dir/webapp/,AVAILABLE}{/hddsDatanode}
2019-08-03 03:58:46,402 INFO  server.AbstractConnector (AbstractConnector.java:doStart(278)) - Started ServerConnector@2b8bb184{HTTP/1.1,[http/1.1]}{0.0.0.0:46180}
2019-08-03 03:58:46,403 INFO  server.Server (Server.java:doStart(419)) - Started @4866ms
2019-08-03 03:58:46,404 INFO  server.BaseHttpServer (BaseHttpServer.java:updateConnectorAddress(207)) - HTTP server of HDDSDATANODE is listening at http://0.0.0.0:46180
2019-08-03 03:58:47,546 INFO  ozone.HddsDatanodeService (HddsDatanodeService.java:startPlugins(395)) - Started plug-in org.apache.hadoop.ozone.web.OzoneHddsDatanodeService@623e0631
2019-08-03 03:58:47,548 INFO  impl.MetricsSystemImpl (MetricsSystemImpl.java:init(158)) - HddsDatanode metrics system started (again)
2019-08-03 03:58:47,552 INFO  ozone.HddsDatanodeService (HddsDatanodeService.java:start(184)) - HddsDatanodeService host:byscane-nightly-b86qh-2100283676 ip:192.168.5.147
2019-08-03 03:58:47,556 INFO  util.JvmPauseMonitor (JvmPauseMonitor.java:run(188)) - Starting JVM pause monitor
2019-08-03 03:58:47,561 INFO  volume.HddsVolume (HddsVolume.java:<init>(176)) - Creating Volume: /workdir/hadoop-ozone/integration-test/target/test-dir/MiniOzoneClusterImpl-f2035a8c-d4a7-4d05-b03a-0b8d8001dcbb/datanode-1/data/containers/hdds of  storage type : DISK and capacity : 52710309888
2019-08-03 03:58:47,562 INFO  volume.VolumeSet (VolumeSet.java:initializeVolumeSet(170)) - Added Volume : /workdir/hadoop-ozone/integration-test/target/test-dir/MiniOzoneClusterImpl-f2035a8c-d4a7-4d05-b03a-0b8d8001dcbb/datanode-1/data/containers/hdds to VolumeSet
2019-08-03 03:58:47,563 INFO  volume.ThrottledAsyncChecker (ThrottledAsyncChecker.java:schedule(140)) - Scheduling a check for org.apache.hadoop.ozone.container.common.volume.HddsVolume@6e02721d
2019-08-03 03:58:47,566 INFO  volume.HddsVolumeChecker (HddsVolumeChecker.java:checkAllVolumes(203)) - Scheduled health check for volume org.apache.hadoop.ozone.container.common.volume.HddsVolume@6e02721d
2019-08-03 03:58:47,595 INFO  impl.RaftServerProxy (ConfUtils.java:logGet(43)) - raft.rpc.type = GRPC (default)
2019-08-03 03:58:47,596 INFO  grpc.GrpcFactory (GrpcFactory.java:checkPooledByteBufAllocatorUseCacheForAllThreads(45)) - PERFORMANCE WARNING: useCacheForAllThreads is true that may cause Netty to create a lot garbage objects and, as a result, trigger GC.
	It is recommended to disable useCacheForAllThreads by setting -Dorg.apache.ratis.thirdparty.io.netty.allocator.useCacheForAllThreads=false in command line.
2019-08-03 03:58:47,596 INFO  grpc.GrpcConfigKeys$Server (ConfUtils.java:logGet(43)) - raft.grpc.server.port = 0 (default)
2019-08-03 03:58:47,597 INFO  server.GrpcService (ConfUtils.java:logGet(43)) - raft.grpc.message.size.max = 33570816 (custom)
2019-08-03 03:58:47,597 INFO  server.RaftServerConfigKeys (ConfUtils.java:logGet(43)) - raft.server.log.appender.buffer.byte-limit = 33554432 (custom)
2019-08-03 03:58:47,598 INFO  server.GrpcService (ConfUtils.java:logGet(43)) - raft.grpc.flow.control.window = 1MB (=1048576) (default)
2019-08-03 03:58:47,598 INFO  server.RaftServerConfigKeys (ConfUtils.java:logGet(43)) - raft.server.rpc.request.timeout = 3000ms (default)
2019-08-03 03:58:47,600 INFO  server.RaftServerConfigKeys (ConfUtils.java:logGet(43)) - raft.server.storage.dir = [/workdir/hadoop-ozone/integration-test/target/test-dir/MiniOzoneClusterImpl-f2035a8c-d4a7-4d05-b03a-0b8d8001dcbb/datanode-1/data/ratis] (custom)
2019-08-03 03:58:47,601 INFO  replication.SimpleContainerDownloader (SimpleContainerDownloader.java:<init>(72)) - Starting container downloader service to copy containers to replicate.
2019-08-03 03:58:47,603 INFO  hdfs.DFSUtil (DFSUtil.java:httpServerTemplateForNNAndJN(1641)) - Starting Web-server for hddsDatanode at: http://0.0.0.0:0
2019-08-03 03:58:47,606 INFO  server.AuthenticationFilter (AuthenticationFilter.java:constructSecretProvider(240)) - Unable to initialize FileSignerSecretProvider, falling back to use random secrets.
2019-08-03 03:58:47,607 WARN  http.HttpRequestLog (HttpRequestLog.java:getRequestLog(97)) - Jetty request log can only be enabled using Log4j
2019-08-03 03:58:47,611 INFO  http.HttpServer2 (HttpServer2.java:addGlobalFilter(975)) - Added global filter 'safety' (class=org.apache.hadoop.http.HttpServer2$QuotingInputFilter)
2019-08-03 03:58:47,612 INFO  http.HttpServer2 (HttpServer2.java:addFilter(948)) - Added filter static_user_filter (class=org.apache.hadoop.http.lib.StaticUserWebFilter$StaticUserFilter) to context hddsDatanode
2019-08-03 03:58:47,612 INFO  http.HttpServer2 (HttpServer2.java:addFilter(958)) - Added filter static_user_filter (class=org.apache.hadoop.http.lib.StaticUserWebFilter$StaticUserFilter) to context logs
2019-08-03 03:58:47,613 INFO  http.HttpServer2 (HttpServer2.java:addFilter(958)) - Added filter static_user_filter (class=org.apache.hadoop.http.lib.StaticUserWebFilter$StaticUserFilter) to context static
2019-08-03 03:58:47,614 INFO  http.HttpServer2 (HttpServer2.java:bindListener(1191)) - Jetty bound to port 37486
2019-08-03 03:58:47,614 INFO  server.Server (Server.java:doStart(351)) - jetty-9.3.24.v20180605, build timestamp: 2018-06-05T17:11:56Z, git hash: 84205aa28f11a4f31f2a3b86d1bba2cc8ab69827
2019-08-03 03:58:47,617 INFO  handler.ContextHandler (ContextHandler.java:doStart(781)) - Started o.e.j.s.ServletContextHandler@69a024a0{/logs,file:///workdir/hadoop-ozone/integration-test/target/log,AVAILABLE}
2019-08-03 03:58:47,618 INFO  handler.ContextHandler (ContextHandler.java:doStart(781)) - Started o.e.j.s.ServletContextHandler@2d7637e6{/static,jar:file:/home/user/.m2/repository/org/apache/hadoop/hadoop-hdds-container-service/0.4.1-SNAPSHOT/hadoop-hdds-container-service-0.4.1-SNAPSHOT.jar!/webapps/static,AVAILABLE}
2019-08-03 03:58:47,661 INFO  handler.ContextHandler (ContextHandler.java:doStart(781)) - Started o.e.j.w.WebAppContext@2ce03e86{/,file:///tmp/jetty-0.0.0.0-37486-hddsDatanode-_-any-4261021612886728224.dir/webapp/,AVAILABLE}{/hddsDatanode}
2019-08-03 03:58:47,664 INFO  server.AbstractConnector (AbstractConnector.java:doStart(278)) - Started ServerConnector@1c628f6a{HTTP/1.1,[http/1.1]}{0.0.0.0:37486}
2019-08-03 03:58:47,666 INFO  server.Server (Server.java:doStart(419)) - Started @6130ms
2019-08-03 03:58:47,667 INFO  server.BaseHttpServer (BaseHttpServer.java:updateConnectorAddress(207)) - HTTP server of HDDSDATANODE is listening at http://0.0.0.0:37486
2019-08-03 03:58:47,686 INFO  datanode.InitDatanodeState (InitDatanodeState.java:persistContainerDatanodeDetails(140)) - DatanodeDetails is persisted to /workdir/hadoop-ozone/integration-test/target/test-dir/MiniOzoneClusterImpl-f2035a8c-d4a7-4d05-b03a-0b8d8001dcbb/datanode-0/meta/datanode.id
2019-08-03 03:58:47,819 INFO  ozone.HddsDatanodeService (HddsDatanodeService.java:startPlugins(395)) - Started plug-in org.apache.hadoop.ozone.web.OzoneHddsDatanodeService@ccd341d
2019-08-03 03:58:47,820 INFO  impl.MetricsSystemImpl (MetricsSystemImpl.java:init(158)) - HddsDatanode metrics system started (again)
2019-08-03 03:58:47,823 INFO  util.JvmPauseMonitor (JvmPauseMonitor.java:run(188)) - Starting JVM pause monitor
2019-08-03 03:58:47,823 INFO  ozone.HddsDatanodeService (HddsDatanodeService.java:start(184)) - HddsDatanodeService host:byscane-nightly-b86qh-2100283676 ip:192.168.5.147
2019-08-03 03:58:47,829 INFO  datanode.InitDatanodeState (InitDatanodeState.java:persistContainerDatanodeDetails(140)) - DatanodeDetails is persisted to /workdir/hadoop-ozone/integration-test/target/test-dir/MiniOzoneClusterImpl-f2035a8c-d4a7-4d05-b03a-0b8d8001dcbb/datanode-1/meta/datanode.id
2019-08-03 03:58:47,834 INFO  volume.HddsVolume (HddsVolume.java:<init>(176)) - Creating Volume: /workdir/hadoop-ozone/integration-test/target/test-dir/MiniOzoneClusterImpl-f2035a8c-d4a7-4d05-b03a-0b8d8001dcbb/datanode-2/data/containers/hdds of  storage type : DISK and capacity : 52710309888
2019-08-03 03:58:47,835 INFO  volume.VolumeSet (VolumeSet.java:initializeVolumeSet(170)) - Added Volume : /workdir/hadoop-ozone/integration-test/target/test-dir/MiniOzoneClusterImpl-f2035a8c-d4a7-4d05-b03a-0b8d8001dcbb/datanode-2/data/containers/hdds to VolumeSet
2019-08-03 03:58:47,835 INFO  volume.ThrottledAsyncChecker (ThrottledAsyncChecker.java:schedule(140)) - Scheduling a check for org.apache.hadoop.ozone.container.common.volume.HddsVolume@7197b07f
2019-08-03 03:58:47,836 INFO  volume.HddsVolumeChecker (HddsVolumeChecker.java:checkAllVolumes(203)) - Scheduled health check for volume org.apache.hadoop.ozone.container.common.volume.HddsVolume@7197b07f
2019-08-03 03:58:47,850 INFO  impl.RaftServerProxy (ConfUtils.java:logGet(43)) - raft.rpc.type = GRPC (default)
2019-08-03 03:58:47,850 INFO  grpc.GrpcFactory (GrpcFactory.java:checkPooledByteBufAllocatorUseCacheForAllThreads(45)) - PERFORMANCE WARNING: useCacheForAllThreads is true that may cause Netty to create a lot garbage objects and, as a result, trigger GC.
	It is recommended to disable useCacheForAllThreads by setting -Dorg.apache.ratis.thirdparty.io.netty.allocator.useCacheForAllThreads=false in command line.
2019-08-03 03:58:47,851 INFO  grpc.GrpcConfigKeys$Server (ConfUtils.java:logGet(43)) - raft.grpc.server.port = 0 (default)
2019-08-03 03:58:47,851 INFO  server.GrpcService (ConfUtils.java:logGet(43)) - raft.grpc.message.size.max = 33570816 (custom)
2019-08-03 03:58:47,851 INFO  server.RaftServerConfigKeys (ConfUtils.java:logGet(43)) - raft.server.log.appender.buffer.byte-limit = 33554432 (custom)
2019-08-03 03:58:47,851 INFO  server.GrpcService (ConfUtils.java:logGet(43)) - raft.grpc.flow.control.window = 1MB (=1048576) (default)
2019-08-03 03:58:47,852 INFO  server.RaftServerConfigKeys (ConfUtils.java:logGet(43)) - raft.server.rpc.request.timeout = 3000ms (default)
2019-08-03 03:58:47,852 INFO  server.RaftServerConfigKeys (ConfUtils.java:logGet(43)) - raft.server.storage.dir = [/workdir/hadoop-ozone/integration-test/target/test-dir/MiniOzoneClusterImpl-f2035a8c-d4a7-4d05-b03a-0b8d8001dcbb/datanode-2/data/ratis] (custom)
2019-08-03 03:58:47,853 INFO  replication.SimpleContainerDownloader (SimpleContainerDownloader.java:<init>(72)) - Starting container downloader service to copy containers to replicate.
2019-08-03 03:58:47,854 INFO  hdfs.DFSUtil (DFSUtil.java:httpServerTemplateForNNAndJN(1641)) - Starting Web-server for hddsDatanode at: http://0.0.0.0:0
2019-08-03 03:58:47,856 INFO  server.AuthenticationFilter (AuthenticationFilter.java:constructSecretProvider(240)) - Unable to initialize FileSignerSecretProvider, falling back to use random secrets.
2019-08-03 03:58:47,856 WARN  http.HttpRequestLog (HttpRequestLog.java:getRequestLog(97)) - Jetty request log can only be enabled using Log4j
2019-08-03 03:58:47,858 INFO  http.HttpServer2 (HttpServer2.java:addGlobalFilter(975)) - Added global filter 'safety' (class=org.apache.hadoop.http.HttpServer2$QuotingInputFilter)
2019-08-03 03:58:47,858 INFO  http.HttpServer2 (HttpServer2.java:addFilter(948)) - Added filter static_user_filter (class=org.apache.hadoop.http.lib.StaticUserWebFilter$StaticUserFilter) to context hddsDatanode
2019-08-03 03:58:47,859 INFO  http.HttpServer2 (HttpServer2.java:addFilter(958)) - Added filter static_user_filter (class=org.apache.hadoop.http.lib.StaticUserWebFilter$StaticUserFilter) to context logs
2019-08-03 03:58:47,859 INFO  http.HttpServer2 (HttpServer2.java:addFilter(958)) - Added filter static_user_filter (class=org.apache.hadoop.http.lib.StaticUserWebFilter$StaticUserFilter) to context static
2019-08-03 03:58:47,860 INFO  http.HttpServer2 (HttpServer2.java:bindListener(1191)) - Jetty bound to port 40153
2019-08-03 03:58:47,860 INFO  server.Server (Server.java:doStart(351)) - jetty-9.3.24.v20180605, build timestamp: 2018-06-05T17:11:56Z, git hash: 84205aa28f11a4f31f2a3b86d1bba2cc8ab69827
2019-08-03 03:58:47,864 INFO  handler.ContextHandler (ContextHandler.java:doStart(781)) - Started o.e.j.s.ServletContextHandler@3e26482{/logs,file:///workdir/hadoop-ozone/integration-test/target/log,AVAILABLE}
2019-08-03 03:58:47,864 INFO  handler.ContextHandler (ContextHandler.java:doStart(781)) - Started o.e.j.s.ServletContextHandler@6b37df8e{/static,jar:file:/home/user/.m2/repository/org/apache/hadoop/hadoop-hdds-container-service/0.4.1-SNAPSHOT/hadoop-hdds-container-service-0.4.1-SNAPSHOT.jar!/webapps/static,AVAILABLE}
2019-08-03 03:58:47,892 INFO  handler.ContextHandler (ContextHandler.java:doStart(781)) - Started o.e.j.w.WebAppContext@6e8fdd19{/,file:///tmp/jetty-0.0.0.0-40153-hddsDatanode-_-any-3508149566769440967.dir/webapp/,AVAILABLE}{/hddsDatanode}
2019-08-03 03:58:47,892 INFO  server.AbstractConnector (AbstractConnector.java:doStart(278)) - Started ServerConnector@35787726{HTTP/1.1,[http/1.1]}{0.0.0.0:40153}
2019-08-03 03:58:47,894 INFO  server.Server (Server.java:doStart(419)) - Started @6357ms
2019-08-03 03:58:47,895 INFO  server.BaseHttpServer (BaseHttpServer.java:updateConnectorAddress(207)) - HTTP server of HDDSDATANODE is listening at http://0.0.0.0:40153
2019-08-03 03:58:48,045 INFO  ozone.HddsDatanodeService (HddsDatanodeService.java:startPlugins(395)) - Started plug-in org.apache.hadoop.ozone.web.OzoneHddsDatanodeService@209f3887
2019-08-03 03:58:48,046 INFO  impl.MetricsSystemImpl (MetricsSystemImpl.java:init(158)) - HddsDatanode metrics system started (again)
2019-08-03 03:58:48,049 INFO  ozone.HddsDatanodeService (HddsDatanodeService.java:start(184)) - HddsDatanodeService host:byscane-nightly-b86qh-2100283676 ip:192.168.5.147
2019-08-03 03:58:48,050 INFO  util.JvmPauseMonitor (JvmPauseMonitor.java:run(188)) - Starting JVM pause monitor
2019-08-03 03:58:48,053 INFO  datanode.InitDatanodeState (InitDatanodeState.java:persistContainerDatanodeDetails(140)) - DatanodeDetails is persisted to /workdir/hadoop-ozone/integration-test/target/test-dir/MiniOzoneClusterImpl-f2035a8c-d4a7-4d05-b03a-0b8d8001dcbb/datanode-2/meta/datanode.id
2019-08-03 03:58:48,058 INFO  volume.HddsVolume (HddsVolume.java:<init>(176)) - Creating Volume: /workdir/hadoop-ozone/integration-test/target/test-dir/MiniOzoneClusterImpl-f2035a8c-d4a7-4d05-b03a-0b8d8001dcbb/datanode-3/data/containers/hdds of  storage type : DISK and capacity : 52710309888
2019-08-03 03:58:48,058 INFO  volume.VolumeSet (VolumeSet.java:initializeVolumeSet(170)) - Added Volume : /workdir/hadoop-ozone/integration-test/target/test-dir/MiniOzoneClusterImpl-f2035a8c-d4a7-4d05-b03a-0b8d8001dcbb/datanode-3/data/containers/hdds to VolumeSet
2019-08-03 03:58:48,059 INFO  volume.ThrottledAsyncChecker (ThrottledAsyncChecker.java:schedule(140)) - Scheduling a check for org.apache.hadoop.ozone.container.common.volume.HddsVolume@58687fb7
2019-08-03 03:58:48,060 INFO  volume.HddsVolumeChecker (HddsVolumeChecker.java:checkAllVolumes(203)) - Scheduled health check for volume org.apache.hadoop.ozone.container.common.volume.HddsVolume@58687fb7
2019-08-03 03:58:48,075 INFO  impl.RaftServerProxy (ConfUtils.java:logGet(43)) - raft.rpc.type = GRPC (default)
2019-08-03 03:58:48,075 INFO  grpc.GrpcFactory (GrpcFactory.java:checkPooledByteBufAllocatorUseCacheForAllThreads(45)) - PERFORMANCE WARNING: useCacheForAllThreads is true that may cause Netty to create a lot garbage objects and, as a result, trigger GC.
	It is recommended to disable useCacheForAllThreads by setting -Dorg.apache.ratis.thirdparty.io.netty.allocator.useCacheForAllThreads=false in command line.
2019-08-03 03:58:48,076 INFO  grpc.GrpcConfigKeys$Server (ConfUtils.java:logGet(43)) - raft.grpc.server.port = 0 (default)
2019-08-03 03:58:48,076 INFO  server.GrpcService (ConfUtils.java:logGet(43)) - raft.grpc.message.size.max = 33570816 (custom)
2019-08-03 03:58:48,076 INFO  server.RaftServerConfigKeys (ConfUtils.java:logGet(43)) - raft.server.log.appender.buffer.byte-limit = 33554432 (custom)
2019-08-03 03:58:48,076 INFO  server.GrpcService (ConfUtils.java:logGet(43)) - raft.grpc.flow.control.window = 1MB (=1048576) (default)
2019-08-03 03:58:48,077 INFO  server.RaftServerConfigKeys (ConfUtils.java:logGet(43)) - raft.server.rpc.request.timeout = 3000ms (default)
2019-08-03 03:58:48,077 INFO  server.RaftServerConfigKeys (ConfUtils.java:logGet(43)) - raft.server.storage.dir = [/workdir/hadoop-ozone/integration-test/target/test-dir/MiniOzoneClusterImpl-f2035a8c-d4a7-4d05-b03a-0b8d8001dcbb/datanode-3/data/ratis] (custom)
2019-08-03 03:58:48,078 INFO  replication.SimpleContainerDownloader (SimpleContainerDownloader.java:<init>(72)) - Starting container downloader service to copy containers to replicate.
2019-08-03 03:58:48,079 INFO  hdfs.DFSUtil (DFSUtil.java:httpServerTemplateForNNAndJN(1641)) - Starting Web-server for hddsDatanode at: http://0.0.0.0:0
2019-08-03 03:58:48,081 INFO  server.AuthenticationFilter (AuthenticationFilter.java:constructSecretProvider(240)) - Unable to initialize FileSignerSecretProvider, falling back to use random secrets.
2019-08-03 03:58:48,081 WARN  http.HttpRequestLog (HttpRequestLog.java:getRequestLog(97)) - Jetty request log can only be enabled using Log4j
2019-08-03 03:58:48,083 INFO  http.HttpServer2 (HttpServer2.java:addGlobalFilter(975)) - Added global filter 'safety' (class=org.apache.hadoop.http.HttpServer2$QuotingInputFilter)
2019-08-03 03:58:48,083 INFO  http.HttpServer2 (HttpServer2.java:addFilter(948)) - Added filter static_user_filter (class=org.apache.hadoop.http.lib.StaticUserWebFilter$StaticUserFilter) to context hddsDatanode
2019-08-03 03:58:48,084 INFO  http.HttpServer2 (HttpServer2.java:addFilter(958)) - Added filter static_user_filter (class=org.apache.hadoop.http.lib.StaticUserWebFilter$StaticUserFilter) to context static
2019-08-03 03:58:48,084 INFO  http.HttpServer2 (HttpServer2.java:addFilter(958)) - Added filter static_user_filter (class=org.apache.hadoop.http.lib.StaticUserWebFilter$StaticUserFilter) to context logs
2019-08-03 03:58:48,084 INFO  http.HttpServer2 (HttpServer2.java:bindListener(1191)) - Jetty bound to port 35063
2019-08-03 03:58:48,085 INFO  server.Server (Server.java:doStart(351)) - jetty-9.3.24.v20180605, build timestamp: 2018-06-05T17:11:56Z, git hash: 84205aa28f11a4f31f2a3b86d1bba2cc8ab69827
2019-08-03 03:58:48,087 INFO  handler.ContextHandler (ContextHandler.java:doStart(781)) - Started o.e.j.s.ServletContextHandler@14b275bd{/logs,file:///workdir/hadoop-ozone/integration-test/target/log,AVAILABLE}
2019-08-03 03:58:48,088 INFO  handler.ContextHandler (ContextHandler.java:doStart(781)) - Started o.e.j.s.ServletContextHandler@4b03cbad{/static,jar:file:/home/user/.m2/repository/org/apache/hadoop/hadoop-hdds-container-service/0.4.1-SNAPSHOT/hadoop-hdds-container-service-0.4.1-SNAPSHOT.jar!/webapps/static,AVAILABLE}
2019-08-03 03:58:48,128 INFO  handler.ContextHandler (ContextHandler.java:doStart(781)) - Started o.e.j.w.WebAppContext@6b162ecc{/,file:///tmp/jetty-0.0.0.0-35063-hddsDatanode-_-any-3635430188829801028.dir/webapp/,AVAILABLE}{/hddsDatanode}
2019-08-03 03:58:48,129 INFO  server.AbstractConnector (AbstractConnector.java:doStart(278)) - Started ServerConnector@3b4086c1{HTTP/1.1,[http/1.1]}{0.0.0.0:35063}
2019-08-03 03:58:48,130 INFO  server.Server (Server.java:doStart(419)) - Started @6594ms
2019-08-03 03:58:48,132 INFO  server.BaseHttpServer (BaseHttpServer.java:updateConnectorAddress(207)) - HTTP server of HDDSDATANODE is listening at http://0.0.0.0:35063
2019-08-03 03:58:48,303 INFO  ozone.HddsDatanodeService (HddsDatanodeService.java:startPlugins(395)) - Started plug-in org.apache.hadoop.ozone.web.OzoneHddsDatanodeService@34c7232c
2019-08-03 03:58:48,303 INFO  impl.MetricsSystemImpl (MetricsSystemImpl.java:init(158)) - HddsDatanode metrics system started (again)
2019-08-03 03:58:48,307 INFO  ozone.HddsDatanodeService (HddsDatanodeService.java:start(184)) - HddsDatanodeService host:byscane-nightly-b86qh-2100283676 ip:192.168.5.147
2019-08-03 03:58:48,308 INFO  util.JvmPauseMonitor (JvmPauseMonitor.java:run(188)) - Starting JVM pause monitor
2019-08-03 03:58:48,311 INFO  datanode.InitDatanodeState (InitDatanodeState.java:persistContainerDatanodeDetails(140)) - DatanodeDetails is persisted to /workdir/hadoop-ozone/integration-test/target/test-dir/MiniOzoneClusterImpl-f2035a8c-d4a7-4d05-b03a-0b8d8001dcbb/datanode-3/meta/datanode.id
2019-08-03 03:58:48,315 INFO  volume.HddsVolume (HddsVolume.java:<init>(176)) - Creating Volume: /workdir/hadoop-ozone/integration-test/target/test-dir/MiniOzoneClusterImpl-f2035a8c-d4a7-4d05-b03a-0b8d8001dcbb/datanode-4/data/containers/hdds of  storage type : DISK and capacity : 52710309888
2019-08-03 03:58:48,316 INFO  volume.VolumeSet (VolumeSet.java:initializeVolumeSet(170)) - Added Volume : /workdir/hadoop-ozone/integration-test/target/test-dir/MiniOzoneClusterImpl-f2035a8c-d4a7-4d05-b03a-0b8d8001dcbb/datanode-4/data/containers/hdds to VolumeSet
2019-08-03 03:58:48,316 INFO  volume.ThrottledAsyncChecker (ThrottledAsyncChecker.java:schedule(140)) - Scheduling a check for org.apache.hadoop.ozone.container.common.volume.HddsVolume@27a9f025
2019-08-03 03:58:48,317 INFO  volume.HddsVolumeChecker (HddsVolumeChecker.java:checkAllVolumes(203)) - Scheduled health check for volume org.apache.hadoop.ozone.container.common.volume.HddsVolume@27a9f025
2019-08-03 03:58:48,333 INFO  impl.RaftServerProxy (ConfUtils.java:logGet(43)) - raft.rpc.type = GRPC (default)
2019-08-03 03:58:48,333 INFO  grpc.GrpcFactory (GrpcFactory.java:checkPooledByteBufAllocatorUseCacheForAllThreads(45)) - PERFORMANCE WARNING: useCacheForAllThreads is true that may cause Netty to create a lot garbage objects and, as a result, trigger GC.
	It is recommended to disable useCacheForAllThreads by setting -Dorg.apache.ratis.thirdparty.io.netty.allocator.useCacheForAllThreads=false in command line.
2019-08-03 03:58:48,334 INFO  grpc.GrpcConfigKeys$Server (ConfUtils.java:logGet(43)) - raft.grpc.server.port = 0 (default)
2019-08-03 03:58:48,334 INFO  server.GrpcService (ConfUtils.java:logGet(43)) - raft.grpc.message.size.max = 33570816 (custom)
2019-08-03 03:58:48,334 INFO  server.RaftServerConfigKeys (ConfUtils.java:logGet(43)) - raft.server.log.appender.buffer.byte-limit = 33554432 (custom)
2019-08-03 03:58:48,334 INFO  server.GrpcService (ConfUtils.java:logGet(43)) - raft.grpc.flow.control.window = 1MB (=1048576) (default)
2019-08-03 03:58:48,335 INFO  server.RaftServerConfigKeys (ConfUtils.java:logGet(43)) - raft.server.rpc.request.timeout = 3000ms (default)
2019-08-03 03:58:48,335 INFO  server.RaftServerConfigKeys (ConfUtils.java:logGet(43)) - raft.server.storage.dir = [/workdir/hadoop-ozone/integration-test/target/test-dir/MiniOzoneClusterImpl-f2035a8c-d4a7-4d05-b03a-0b8d8001dcbb/datanode-4/data/ratis] (custom)
2019-08-03 03:58:48,336 INFO  replication.SimpleContainerDownloader (SimpleContainerDownloader.java:<init>(72)) - Starting container downloader service to copy containers to replicate.
2019-08-03 03:58:48,337 INFO  hdfs.DFSUtil (DFSUtil.java:httpServerTemplateForNNAndJN(1641)) - Starting Web-server for hddsDatanode at: http://0.0.0.0:0
2019-08-03 03:58:48,339 INFO  server.AuthenticationFilter (AuthenticationFilter.java:constructSecretProvider(240)) - Unable to initialize FileSignerSecretProvider, falling back to use random secrets.
2019-08-03 03:58:48,339 WARN  http.HttpRequestLog (HttpRequestLog.java:getRequestLog(97)) - Jetty request log can only be enabled using Log4j
2019-08-03 03:58:48,341 INFO  http.HttpServer2 (HttpServer2.java:addGlobalFilter(975)) - Added global filter 'safety' (class=org.apache.hadoop.http.HttpServer2$QuotingInputFilter)
2019-08-03 03:58:48,341 INFO  http.HttpServer2 (HttpServer2.java:addFilter(948)) - Added filter static_user_filter (class=org.apache.hadoop.http.lib.StaticUserWebFilter$StaticUserFilter) to context hddsDatanode
2019-08-03 03:58:48,342 INFO  http.HttpServer2 (HttpServer2.java:addFilter(958)) - Added filter static_user_filter (class=org.apache.hadoop.http.lib.StaticUserWebFilter$StaticUserFilter) to context logs
2019-08-03 03:58:48,342 INFO  http.HttpServer2 (HttpServer2.java:addFilter(958)) - Added filter static_user_filter (class=org.apache.hadoop.http.lib.StaticUserWebFilter$StaticUserFilter) to context static
2019-08-03 03:58:48,343 INFO  http.HttpServer2 (HttpServer2.java:bindListener(1191)) - Jetty bound to port 34230
2019-08-03 03:58:48,343 INFO  server.Server (Server.java:doStart(351)) - jetty-9.3.24.v20180605, build timestamp: 2018-06-05T17:11:56Z, git hash: 84205aa28f11a4f31f2a3b86d1bba2cc8ab69827
2019-08-03 03:58:48,349 INFO  handler.ContextHandler (ContextHandler.java:doStart(781)) - Started o.e.j.s.ServletContextHandler@48d739f{/logs,file:///workdir/hadoop-ozone/integration-test/target/log,AVAILABLE}
2019-08-03 03:58:48,349 INFO  handler.ContextHandler (ContextHandler.java:doStart(781)) - Started o.e.j.s.ServletContextHandler@65cc5252{/static,jar:file:/home/user/.m2/repository/org/apache/hadoop/hadoop-hdds-container-service/0.4.1-SNAPSHOT/hadoop-hdds-container-service-0.4.1-SNAPSHOT.jar!/webapps/static,AVAILABLE}
2019-08-03 03:58:48,380 INFO  handler.ContextHandler (ContextHandler.java:doStart(781)) - Started o.e.j.w.WebAppContext@53d6e959{/,file:///tmp/jetty-0.0.0.0-34230-hddsDatanode-_-any-9176500193956054265.dir/webapp/,AVAILABLE}{/hddsDatanode}
2019-08-03 03:58:48,380 INFO  server.AbstractConnector (AbstractConnector.java:doStart(278)) - Started ServerConnector@3caee3a8{HTTP/1.1,[http/1.1]}{0.0.0.0:34230}
2019-08-03 03:58:48,382 INFO  server.Server (Server.java:doStart(419)) - Started @6846ms
2019-08-03 03:58:48,382 INFO  server.BaseHttpServer (BaseHttpServer.java:updateConnectorAddress(207)) - HTTP server of HDDSDATANODE is listening at http://0.0.0.0:34230
2019-08-03 03:58:48,518 INFO  ozone.HddsDatanodeService (HddsDatanodeService.java:startPlugins(395)) - Started plug-in org.apache.hadoop.ozone.web.OzoneHddsDatanodeService@454bcbbf
2019-08-03 03:58:48,518 INFO  impl.MetricsSystemImpl (MetricsSystemImpl.java:init(158)) - HddsDatanode metrics system started (again)
2019-08-03 03:58:48,522 INFO  ozone.HddsDatanodeService (HddsDatanodeService.java:start(184)) - HddsDatanodeService host:byscane-nightly-b86qh-2100283676 ip:192.168.5.147
2019-08-03 03:58:48,523 INFO  util.JvmPauseMonitor (JvmPauseMonitor.java:run(188)) - Starting JVM pause monitor
2019-08-03 03:58:48,526 INFO  datanode.InitDatanodeState (InitDatanodeState.java:persistContainerDatanodeDetails(140)) - DatanodeDetails is persisted to /workdir/hadoop-ozone/integration-test/target/test-dir/MiniOzoneClusterImpl-f2035a8c-d4a7-4d05-b03a-0b8d8001dcbb/datanode-4/meta/datanode.id
2019-08-03 03:58:48,532 INFO  volume.HddsVolume (HddsVolume.java:<init>(176)) - Creating Volume: /workdir/hadoop-ozone/integration-test/target/test-dir/MiniOzoneClusterImpl-f2035a8c-d4a7-4d05-b03a-0b8d8001dcbb/datanode-5/data/containers/hdds of  storage type : DISK and capacity : 52710309888
2019-08-03 03:58:48,532 INFO  volume.VolumeSet (VolumeSet.java:initializeVolumeSet(170)) - Added Volume : /workdir/hadoop-ozone/integration-test/target/test-dir/MiniOzoneClusterImpl-f2035a8c-d4a7-4d05-b03a-0b8d8001dcbb/datanode-5/data/containers/hdds to VolumeSet
2019-08-03 03:58:48,532 INFO  volume.ThrottledAsyncChecker (ThrottledAsyncChecker.java:schedule(140)) - Scheduling a check for org.apache.hadoop.ozone.container.common.volume.HddsVolume@115c946b
2019-08-03 03:58:48,533 INFO  volume.HddsVolumeChecker (HddsVolumeChecker.java:checkAllVolumes(203)) - Scheduled health check for volume org.apache.hadoop.ozone.container.common.volume.HddsVolume@115c946b
2019-08-03 03:58:48,547 INFO  impl.RaftServerProxy (ConfUtils.java:logGet(43)) - raft.rpc.type = GRPC (default)
2019-08-03 03:58:48,547 INFO  grpc.GrpcFactory (GrpcFactory.java:checkPooledByteBufAllocatorUseCacheForAllThreads(45)) - PERFORMANCE WARNING: useCacheForAllThreads is true that may cause Netty to create a lot garbage objects and, as a result, trigger GC.
	It is recommended to disable useCacheForAllThreads by setting -Dorg.apache.ratis.thirdparty.io.netty.allocator.useCacheForAllThreads=false in command line.
2019-08-03 03:58:48,547 INFO  grpc.GrpcConfigKeys$Server (ConfUtils.java:logGet(43)) - raft.grpc.server.port = 0 (default)
2019-08-03 03:58:48,547 INFO  server.GrpcService (ConfUtils.java:logGet(43)) - raft.grpc.message.size.max = 33570816 (custom)
2019-08-03 03:58:48,547 INFO  server.RaftServerConfigKeys (ConfUtils.java:logGet(43)) - raft.server.log.appender.buffer.byte-limit = 33554432 (custom)
2019-08-03 03:58:48,548 INFO  server.GrpcService (ConfUtils.java:logGet(43)) - raft.grpc.flow.control.window = 1MB (=1048576) (default)
2019-08-03 03:58:48,548 INFO  server.RaftServerConfigKeys (ConfUtils.java:logGet(43)) - raft.server.rpc.request.timeout = 3000ms (default)
2019-08-03 03:58:48,548 INFO  server.RaftServerConfigKeys (ConfUtils.java:logGet(43)) - raft.server.storage.dir = [/workdir/hadoop-ozone/integration-test/target/test-dir/MiniOzoneClusterImpl-f2035a8c-d4a7-4d05-b03a-0b8d8001dcbb/datanode-5/data/ratis] (custom)
2019-08-03 03:58:48,549 INFO  replication.SimpleContainerDownloader (SimpleContainerDownloader.java:<init>(72)) - Starting container downloader service to copy containers to replicate.
2019-08-03 03:58:48,550 INFO  hdfs.DFSUtil (DFSUtil.java:httpServerTemplateForNNAndJN(1641)) - Starting Web-server for hddsDatanode at: http://0.0.0.0:0
2019-08-03 03:58:48,552 INFO  server.AuthenticationFilter (AuthenticationFilter.java:constructSecretProvider(240)) - Unable to initialize FileSignerSecretProvider, falling back to use random secrets.
2019-08-03 03:58:48,552 WARN  http.HttpRequestLog (HttpRequestLog.java:getRequestLog(97)) - Jetty request log can only be enabled using Log4j
2019-08-03 03:58:48,553 INFO  http.HttpServer2 (HttpServer2.java:addGlobalFilter(975)) - Added global filter 'safety' (class=org.apache.hadoop.http.HttpServer2$QuotingInputFilter)
2019-08-03 03:58:48,554 INFO  http.HttpServer2 (HttpServer2.java:addFilter(948)) - Added filter static_user_filter (class=org.apache.hadoop.http.lib.StaticUserWebFilter$StaticUserFilter) to context hddsDatanode
2019-08-03 03:58:48,554 INFO  http.HttpServer2 (HttpServer2.java:addFilter(958)) - Added filter static_user_filter (class=org.apache.hadoop.http.lib.StaticUserWebFilter$StaticUserFilter) to context static
2019-08-03 03:58:48,554 INFO  http.HttpServer2 (HttpServer2.java:addFilter(958)) - Added filter static_user_filter (class=org.apache.hadoop.http.lib.StaticUserWebFilter$StaticUserFilter) to context logs
2019-08-03 03:58:48,555 INFO  http.HttpServer2 (HttpServer2.java:bindListener(1191)) - Jetty bound to port 43679
2019-08-03 03:58:48,555 INFO  server.Server (Server.java:doStart(351)) - jetty-9.3.24.v20180605, build timestamp: 2018-06-05T17:11:56Z, git hash: 84205aa28f11a4f31f2a3b86d1bba2cc8ab69827
2019-08-03 03:58:48,558 INFO  handler.ContextHandler (ContextHandler.java:doStart(781)) - Started o.e.j.s.ServletContextHandler@36d582cb{/logs,file:///workdir/hadoop-ozone/integration-test/target/log,AVAILABLE}
2019-08-03 03:58:48,559 INFO  handler.ContextHandler (ContextHandler.java:doStart(781)) - Started o.e.j.s.ServletContextHandler@24d8f87a{/static,jar:file:/home/user/.m2/repository/org/apache/hadoop/hadoop-hdds-container-service/0.4.1-SNAPSHOT/hadoop-hdds-container-service-0.4.1-SNAPSHOT.jar!/webapps/static,AVAILABLE}
2019-08-03 03:58:48,587 INFO  handler.ContextHandler (ContextHandler.java:doStart(781)) - Started o.e.j.w.WebAppContext@4f3c7808{/,file:///tmp/jetty-0.0.0.0-43679-hddsDatanode-_-any-4835065385323465130.dir/webapp/,AVAILABLE}{/hddsDatanode}
2019-08-03 03:58:48,587 INFO  server.AbstractConnector (AbstractConnector.java:doStart(278)) - Started ServerConnector@4b4969ea{HTTP/1.1,[http/1.1]}{0.0.0.0:43679}
2019-08-03 03:58:48,589 INFO  server.Server (Server.java:doStart(419)) - Started @7053ms
2019-08-03 03:58:48,589 INFO  server.BaseHttpServer (BaseHttpServer.java:updateConnectorAddress(207)) - HTTP server of HDDSDATANODE is listening at http://0.0.0.0:43679
2019-08-03 03:58:48,712 INFO  ozone.HddsDatanodeService (HddsDatanodeService.java:startPlugins(395)) - Started plug-in org.apache.hadoop.ozone.web.OzoneHddsDatanodeService@230232b0
2019-08-03 03:58:48,715 INFO  ozone.MiniOzoneClusterImpl (MiniOzoneClusterImpl.java:lambda$waitForClusterToBeReady$0(142)) - Waiting for cluster to be ready. Got 0 of 6 DN Heartbeats.
2019-08-03 03:58:48,716 INFO  util.JvmPauseMonitor (JvmPauseMonitor.java:run(188)) - Starting JVM pause monitor
2019-08-03 03:58:48,719 INFO  datanode.InitDatanodeState (InitDatanodeState.java:persistContainerDatanodeDetails(140)) - DatanodeDetails is persisted to /workdir/hadoop-ozone/integration-test/target/test-dir/MiniOzoneClusterImpl-f2035a8c-d4a7-4d05-b03a-0b8d8001dcbb/datanode-5/meta/datanode.id
2019-08-03 03:58:49,613 INFO  ozoneimpl.OzoneContainer (OzoneContainer.java:start(186)) - Attempting to start container services.
2019-08-03 03:58:49,615 INFO  ozoneimpl.OzoneContainer (OzoneContainer.java:startContainerScrub(160)) - Background container scrubber has been disabled by hdds.containerscrub.enabled
2019-08-03 03:58:49,616 INFO  ratis.XceiverServerRatis (XceiverServerRatis.java:start(404)) - Starting XceiverServerRatis e8a7653e-b2d1-497d-9c99-71550c289f3a at port 0
2019-08-03 03:58:49,717 INFO  ozone.MiniOzoneClusterImpl (MiniOzoneClusterImpl.java:lambda$waitForClusterToBeReady$0(142)) - Waiting for cluster to be ready. Got 0 of 6 DN Heartbeats.
2019-08-03 03:58:49,733 INFO  impl.RaftServerProxy (RaftServerProxy.java:lambda$start$3(299)) - e8a7653e-b2d1-497d-9c99-71550c289f3a: start RPC server
2019-08-03 03:58:49,839 INFO  ozoneimpl.OzoneContainer (OzoneContainer.java:start(186)) - Attempting to start container services.
2019-08-03 03:58:49,842 INFO  ozoneimpl.OzoneContainer (OzoneContainer.java:startContainerScrub(160)) - Background container scrubber has been disabled by hdds.containerscrub.enabled
2019-08-03 03:58:49,842 INFO  ratis.XceiverServerRatis (XceiverServerRatis.java:start(404)) - Starting XceiverServerRatis 0be52bb6-2651-4310-b38e-31e89798d0bc at port 0
2019-08-03 03:58:49,854 INFO  server.GrpcService (GrpcService.java:startImpl(149)) - e8a7653e-b2d1-497d-9c99-71550c289f3a: GrpcService started, listening on 0.0.0.0/0.0.0.0:40339
2019-08-03 03:58:49,855 INFO  impl.RaftServerProxy (RaftServerProxy.java:lambda$start$3(299)) - 0be52bb6-2651-4310-b38e-31e89798d0bc: start RPC server
2019-08-03 03:58:49,856 INFO  ratis.XceiverServerRatis (XceiverServerRatis.java:start(414)) - XceiverServerRatis e8a7653e-b2d1-497d-9c99-71550c289f3a is started using port 40339
2019-08-03 03:58:49,860 INFO  server.GrpcService (GrpcService.java:startImpl(149)) - 0be52bb6-2651-4310-b38e-31e89798d0bc: GrpcService started, listening on 0.0.0.0/0.0.0.0:41352
2019-08-03 03:58:49,861 INFO  server.XceiverServerGrpc (XceiverServerGrpc.java:start(161)) - XceiverServerGrpc e8a7653e-b2d1-497d-9c99-71550c289f3a is started using port 46285
2019-08-03 03:58:49,861 INFO  ratis.XceiverServerRatis (XceiverServerRatis.java:start(414)) - XceiverServerRatis 0be52bb6-2651-4310-b38e-31e89798d0bc is started using port 41352
2019-08-03 03:58:49,863 INFO  server.XceiverServerGrpc (XceiverServerGrpc.java:start(161)) - XceiverServerGrpc 0be52bb6-2651-4310-b38e-31e89798d0bc is started using port 42354
2019-08-03 03:58:50,059 INFO  ozoneimpl.OzoneContainer (OzoneContainer.java:start(186)) - Attempting to start container services.
2019-08-03 03:58:50,063 INFO  ozoneimpl.OzoneContainer (OzoneContainer.java:startContainerScrub(160)) - Background container scrubber has been disabled by hdds.containerscrub.enabled
2019-08-03 03:58:50,064 INFO  ratis.XceiverServerRatis (XceiverServerRatis.java:start(404)) - Starting XceiverServerRatis cc70d045-6157-4db3-ac9b-fa1972ae6e3b at port 0
2019-08-03 03:58:50,074 INFO  impl.RaftServerProxy (RaftServerProxy.java:lambda$start$3(299)) - cc70d045-6157-4db3-ac9b-fa1972ae6e3b: start RPC server
2019-08-03 03:58:50,077 INFO  server.GrpcService (GrpcService.java:startImpl(149)) - cc70d045-6157-4db3-ac9b-fa1972ae6e3b: GrpcService started, listening on 0.0.0.0/0.0.0.0:35328
2019-08-03 03:58:50,077 INFO  ratis.XceiverServerRatis (XceiverServerRatis.java:start(414)) - XceiverServerRatis cc70d045-6157-4db3-ac9b-fa1972ae6e3b is started using port 35328
2019-08-03 03:58:50,080 INFO  server.XceiverServerGrpc (XceiverServerGrpc.java:start(161)) - XceiverServerGrpc cc70d045-6157-4db3-ac9b-fa1972ae6e3b is started using port 34517
2019-08-03 03:58:50,317 INFO  ozoneimpl.OzoneContainer (OzoneContainer.java:start(186)) - Attempting to start container services.
2019-08-03 03:58:50,319 INFO  ozoneimpl.OzoneContainer (OzoneContainer.java:startContainerScrub(160)) - Background container scrubber has been disabled by hdds.containerscrub.enabled
2019-08-03 03:58:50,319 INFO  ratis.XceiverServerRatis (XceiverServerRatis.java:start(404)) - Starting XceiverServerRatis eb9bd40f-6483-4d89-916f-e4c801267cb0 at port 0
2019-08-03 03:58:50,329 INFO  impl.RaftServerProxy (RaftServerProxy.java:lambda$start$3(299)) - eb9bd40f-6483-4d89-916f-e4c801267cb0: start RPC server
2019-08-03 03:58:50,333 INFO  server.GrpcService (GrpcService.java:startImpl(149)) - eb9bd40f-6483-4d89-916f-e4c801267cb0: GrpcService started, listening on 0.0.0.0/0.0.0.0:35225
2019-08-03 03:58:50,333 INFO  ratis.XceiverServerRatis (XceiverServerRatis.java:start(414)) - XceiverServerRatis eb9bd40f-6483-4d89-916f-e4c801267cb0 is started using port 35225
2019-08-03 03:58:50,336 INFO  server.XceiverServerGrpc (XceiverServerGrpc.java:start(161)) - XceiverServerGrpc eb9bd40f-6483-4d89-916f-e4c801267cb0 is started using port 43783
2019-08-03 03:58:50,532 INFO  ozoneimpl.OzoneContainer (OzoneContainer.java:start(186)) - Attempting to start container services.
2019-08-03 03:58:50,539 INFO  ozoneimpl.OzoneContainer (OzoneContainer.java:startContainerScrub(160)) - Background container scrubber has been disabled by hdds.containerscrub.enabled
2019-08-03 03:58:50,540 INFO  ratis.XceiverServerRatis (XceiverServerRatis.java:start(404)) - Starting XceiverServerRatis 566a1ba4-fd5b-423c-9f69-f766773328d9 at port 0
2019-08-03 03:58:50,548 INFO  impl.RaftServerProxy (RaftServerProxy.java:lambda$start$3(299)) - 566a1ba4-fd5b-423c-9f69-f766773328d9: start RPC server
2019-08-03 03:58:50,553 INFO  server.GrpcService (GrpcService.java:startImpl(149)) - 566a1ba4-fd5b-423c-9f69-f766773328d9: GrpcService started, listening on 0.0.0.0/0.0.0.0:40552
2019-08-03 03:58:50,553 INFO  ratis.XceiverServerRatis (XceiverServerRatis.java:start(414)) - XceiverServerRatis 566a1ba4-fd5b-423c-9f69-f766773328d9 is started using port 40552
2019-08-03 03:58:50,556 INFO  server.XceiverServerGrpc (XceiverServerGrpc.java:start(161)) - XceiverServerGrpc 566a1ba4-fd5b-423c-9f69-f766773328d9 is started using port 43263
2019-08-03 03:58:50,727 INFO  ozone.MiniOzoneClusterImpl (MiniOzoneClusterImpl.java:lambda$waitForClusterToBeReady$0(142)) - Waiting for cluster to be ready. Got 0 of 6 DN Heartbeats.
2019-08-03 03:58:50,734 INFO  ozoneimpl.OzoneContainer (OzoneContainer.java:start(186)) - Attempting to start container services.
2019-08-03 03:58:50,734 INFO  ozoneimpl.OzoneContainer (OzoneContainer.java:startContainerScrub(160)) - Background container scrubber has been disabled by hdds.containerscrub.enabled
2019-08-03 03:58:50,734 INFO  ratis.XceiverServerRatis (XceiverServerRatis.java:start(404)) - Starting XceiverServerRatis a5ea9a5d-75b9-4714-9f7f-6758ee084b69 at port 0
2019-08-03 03:58:50,742 INFO  impl.RaftServerProxy (RaftServerProxy.java:lambda$start$3(299)) - a5ea9a5d-75b9-4714-9f7f-6758ee084b69: start RPC server
2019-08-03 03:58:50,746 INFO  server.GrpcService (GrpcService.java:startImpl(149)) - a5ea9a5d-75b9-4714-9f7f-6758ee084b69: GrpcService started, listening on 0.0.0.0/0.0.0.0:33170
2019-08-03 03:58:50,747 INFO  ratis.XceiverServerRatis (XceiverServerRatis.java:start(414)) - XceiverServerRatis a5ea9a5d-75b9-4714-9f7f-6758ee084b69 is started using port 33170
2019-08-03 03:58:50,750 INFO  server.XceiverServerGrpc (XceiverServerGrpc.java:start(161)) - XceiverServerGrpc a5ea9a5d-75b9-4714-9f7f-6758ee084b69 is started using port 45407
2019-08-03 03:58:51,589 INFO  net.NetworkTopology (NetworkTopologyImpl.java:add(110)) - Added a new node: /default-rack/e8a7653e-b2d1-497d-9c99-71550c289f3a
2019-08-03 03:58:51,589 INFO  node.SCMNodeManager (SCMNodeManager.java:register(273)) - Registered Data node : e8a7653e-b2d1-497d-9c99-71550c289f3a{ip: 192.168.5.147, host: byscane-nightly-b86qh-2100283676, networkLocation: /default-rack, certSerialId: null}
2019-08-03 03:58:51,595 INFO  safemode.SCMSafeModeManager (DataNodeSafeModeRule.java:process(71)) - SCM in safe mode. 1 DataNodes registered, 1 required.
2019-08-03 03:58:51,595 INFO  safemode.SCMSafeModeManager (SCMSafeModeManager.java:validateSafeModeExitRules(177)) - ScmSafeModeManager, all rules are successfully validated
2019-08-03 03:58:51,595 INFO  safemode.SCMSafeModeManager (SCMSafeModeManager.java:exitSafeMode(193)) - SCM exiting safe mode.
2019-08-03 03:58:51,728 INFO  ozone.MiniOzoneClusterImpl (MiniOzoneClusterImpl.java:lambda$waitForClusterToBeReady$0(142)) - Waiting for cluster to be ready. Got 1 of 6 DN Heartbeats.
2019-08-03 03:58:51,827 INFO  net.NetworkTopology (NetworkTopologyImpl.java:add(110)) - Added a new node: /default-rack/0be52bb6-2651-4310-b38e-31e89798d0bc
2019-08-03 03:58:51,827 INFO  node.SCMNodeManager (SCMNodeManager.java:register(273)) - Registered Data node : 0be52bb6-2651-4310-b38e-31e89798d0bc{ip: 192.168.5.147, host: byscane-nightly-b86qh-2100283676, networkLocation: /default-rack, certSerialId: null}
2019-08-03 03:58:52,055 INFO  net.NetworkTopology (NetworkTopologyImpl.java:add(110)) - Added a new node: /default-rack/cc70d045-6157-4db3-ac9b-fa1972ae6e3b
2019-08-03 03:58:52,056 INFO  node.SCMNodeManager (SCMNodeManager.java:register(273)) - Registered Data node : cc70d045-6157-4db3-ac9b-fa1972ae6e3b{ip: 192.168.5.147, host: byscane-nightly-b86qh-2100283676, networkLocation: /default-rack, certSerialId: null}
2019-08-03 03:58:52,131 INFO  impl.RaftServerProxy (RaftServerProxy.java:addNew(89)) - e8a7653e-b2d1-497d-9c99-71550c289f3a: addNew group-593668477329:[e8a7653e-b2d1-497d-9c99-71550c289f3a:192.168.5.147:40339] returns group-593668477329:java.util.concurrent.CompletableFuture@e27988e[Not completed]
2019-08-03 03:58:52,484 INFO  net.NetworkTopology (NetworkTopologyImpl.java:add(110)) - Added a new node: /default-rack/eb9bd40f-6483-4d89-916f-e4c801267cb0
2019-08-03 03:58:52,485 INFO  node.SCMNodeManager (SCMNodeManager.java:register(273)) - Registered Data node : eb9bd40f-6483-4d89-916f-e4c801267cb0{ip: 192.168.5.147, host: byscane-nightly-b86qh-2100283676, networkLocation: /default-rack, certSerialId: null}
2019-08-03 03:58:52,489 INFO  impl.RaftServerImpl (RaftServerImpl.java:<init>(93)) - e8a7653e-b2d1-497d-9c99-71550c289f3a: new RaftServerImpl for group-593668477329:[e8a7653e-b2d1-497d-9c99-71550c289f3a:192.168.5.147:40339] with ContainerStateMachine:uninitialized
2019-08-03 03:58:52,491 INFO  server.RaftServerConfigKeys (ConfUtils.java:logGet(43)) - raft.server.rpc.timeout.min = 5s (custom)
2019-08-03 03:58:52,492 INFO  server.RaftServerConfigKeys (ConfUtils.java:logGet(43)) - raft.server.rpc.timeout.max = 5200ms (custom)
2019-08-03 03:58:52,492 INFO  server.RaftServerConfigKeys (ConfUtils.java:logGet(43)) - raft.server.rpcslowness.timeout = 120s (custom)
2019-08-03 03:58:52,493 INFO  server.RaftServerConfigKeys (ConfUtils.java:logGet(43)) - raft.server.sleep.deviation.threshold = 300 (default)
2019-08-03 03:58:52,494 INFO  server.RaftServerConfigKeys (ConfUtils.java:logGet(43)) - raft.server.log.appender.install.snapshot.enabled = false (custom)
2019-08-03 03:58:52,501 INFO  impl.RaftServerImpl (ServerState.java:<init>(105)) - e8a7653e-b2d1-497d-9c99-71550c289f3a:group-593668477329 ConfigurationManager, init=-1: [e8a7653e-b2d1-497d-9c99-71550c289f3a:192.168.5.147:40339], old=null, confs=<EMPTY_MAP>
2019-08-03 03:58:52,501 INFO  server.RaftServerConfigKeys (ConfUtils.java:logGet(43)) - raft.server.storage.dir = [/workdir/hadoop-ozone/integration-test/target/test-dir/MiniOzoneClusterImpl-f2035a8c-d4a7-4d05-b03a-0b8d8001dcbb/datanode-0/data/ratis] (custom)
2019-08-03 03:58:52,508 INFO  storage.RaftStorageDirectory (RaftStorageDirectory.java:analyzeStorage(246)) - The storage directory /workdir/hadoop-ozone/integration-test/target/test-dir/MiniOzoneClusterImpl-f2035a8c-d4a7-4d05-b03a-0b8d8001dcbb/datanode-0/data/ratis/db1507cc-3f5c-42b9-9399-593668477329 does not exist. Creating ...
2019-08-03 03:58:52,524 INFO  storage.RaftStorageDirectory (RaftStorageDirectory.java:tryLock(328)) - Lock on /workdir/hadoop-ozone/integration-test/target/test-dir/MiniOzoneClusterImpl-f2035a8c-d4a7-4d05-b03a-0b8d8001dcbb/datanode-0/data/ratis/db1507cc-3f5c-42b9-9399-593668477329/in_use.lock acquired by nodename 14504@byscane-nightly-b86qh-2100283676
2019-08-03 03:58:52,525 INFO  net.NetworkTopology (NetworkTopologyImpl.java:add(110)) - Added a new node: /default-rack/566a1ba4-fd5b-423c-9f69-f766773328d9
2019-08-03 03:58:52,526 INFO  node.SCMNodeManager (SCMNodeManager.java:register(273)) - Registered Data node : 566a1ba4-fd5b-423c-9f69-f766773328d9{ip: 192.168.5.147, host: byscane-nightly-b86qh-2100283676, networkLocation: /default-rack, certSerialId: null}
2019-08-03 03:58:52,529 INFO  storage.RaftStorage (RaftStorage.java:format(72)) - Storage directory /workdir/hadoop-ozone/integration-test/target/test-dir/MiniOzoneClusterImpl-f2035a8c-d4a7-4d05-b03a-0b8d8001dcbb/datanode-0/data/ratis/db1507cc-3f5c-42b9-9399-593668477329 has been successfully formatted.
2019-08-03 03:58:52,531 INFO  ratis.ContainerStateMachine (ContainerStateMachine.java:loadSnapshot(213)) - group-593668477329: The snapshot info is null. Setting the last applied indexto:(t:0, i:~)
2019-08-03 03:58:52,531 INFO  server.RaftServerConfigKeys (ConfUtils.java:logGet(43)) - raft.server.leader.election.timeout = 120s (custom)
2019-08-03 03:58:52,533 INFO  server.RaftServerConfigKeys (ConfUtils.java:logGet(43)) - raft.server.log.use.memory = false (default)
2019-08-03 03:58:52,538 INFO  server.RaftServerConfigKeys (ConfUtils.java:logGet(43)) - raft.server.log.purge.gap = 1000000000 (custom)
2019-08-03 03:58:52,538 INFO  server.RaftServerConfigKeys (ConfUtils.java:logGet(43)) - raft.server.log.appender.buffer.byte-limit = 33554432 (custom)
2019-08-03 03:58:52,540 INFO  server.RaftServerConfigKeys (ConfUtils.java:logGet(43)) - raft.server.log.segment.size.max = 1048576 (custom)
2019-08-03 03:58:52,544 INFO  server.RaftServerConfigKeys (ConfUtils.java:logGet(43)) - raft.server.log.segment.cache.num.max = 2 (custom)
2019-08-03 03:58:52,548 INFO  segmented.SegmentedRaftLogWorker (SegmentedRaftLogWorker.java:<init>(172)) - new e8a7653e-b2d1-497d-9c99-71550c289f3a-SegmentedRaftLogWorker:Storage Directory /workdir/hadoop-ozone/integration-test/target/test-dir/MiniOzoneClusterImpl-f2035a8c-d4a7-4d05-b03a-0b8d8001dcbb/datanode-0/data/ratis/db1507cc-3f5c-42b9-9399-593668477329 for RaftStorage:Storage Directory /workdir/hadoop-ozone/integration-test/target/test-dir/MiniOzoneClusterImpl-f2035a8c-d4a7-4d05-b03a-0b8d8001dcbb/datanode-0/data/ratis/db1507cc-3f5c-42b9-9399-593668477329
2019-08-03 03:58:52,559 INFO  server.RaftServerConfigKeys (ConfUtils.java:logGet(43)) - raft.server.log.queue.byte-limit = 2147483647 (custom)
2019-08-03 03:58:52,559 INFO  server.RaftServerConfigKeys (ConfUtils.java:logGet(43)) - raft.server.log.queue.element-limit = 1024 (custom)
2019-08-03 03:58:52,563 INFO  server.RaftServerConfigKeys (ConfUtils.java:logGet(43)) - raft.server.log.segment.size.max = 1048576 (custom)
2019-08-03 03:58:52,564 INFO  server.RaftServerConfigKeys (ConfUtils.java:logGet(43)) - raft.server.log.preallocated.size = 16384 (custom)
2019-08-03 03:58:52,564 INFO  server.RaftServerConfigKeys (ConfUtils.java:logGet(43)) - raft.server.log.write.buffer.size = 33554432 (custom)
2019-08-03 03:58:52,564 INFO  server.RaftServerConfigKeys (ConfUtils.java:logGet(43)) - raft.server.log.force.sync.num = 128 (default)
2019-08-03 03:58:52,565 INFO  server.RaftServerConfigKeys (ConfUtils.java:logGet(43)) - raft.server.log.statemachine.data.sync = true (default)
2019-08-03 03:58:52,565 INFO  server.RaftServerConfigKeys (ConfUtils.java:logGet(43)) - raft.server.log.statemachine.data.sync.timeout = 10s (default)
2019-08-03 03:58:52,566 INFO  server.RaftServerConfigKeys (ConfUtils.java:logGet(43)) - raft.server.log.statemachine.data.sync.timeout.retry = -1 (default)
2019-08-03 03:58:52,574 INFO  server.RaftServerConfigKeys (ConfUtils.java:logGet(43)) - raft.server.log.statemachine.data.caching.enabled = true (custom)
2019-08-03 03:58:52,577 INFO  segmented.SegmentedRaftLogWorker (SegmentedRaftLogWorker.java:lambda$new$0(132)) - e8a7653e-b2d1-497d-9c99-71550c289f3a-SegmentedRaftLogWorker:Storage Directory /workdir/hadoop-ozone/integration-test/target/test-dir/MiniOzoneClusterImpl-f2035a8c-d4a7-4d05-b03a-0b8d8001dcbb/datanode-0/data/ratis/db1507cc-3f5c-42b9-9399-593668477329: flushIndex: setUnconditionally 0 -> -1
2019-08-03 03:58:52,581 INFO  server.RaftServerConfigKeys (ConfUtils.java:logGet(43)) - raft.server.snapshot.auto.trigger.enabled = true (custom)
2019-08-03 03:58:52,582 INFO  server.RaftServerConfigKeys (ConfUtils.java:logGet(43)) - raft.server.snapshot.auto.trigger.threshold = 10000 (custom)
2019-08-03 03:58:52,582 INFO  server.RaftServerConfigKeys (ConfUtils.java:logGet(43)) - raft.server.retrycache.expirytime = 600000ms (custom)
2019-08-03 03:58:52,601 INFO  impl.RaftServerImpl (RaftServerImpl.java:start(180)) - e8a7653e-b2d1-497d-9c99-71550c289f3a: start group-593668477329
2019-08-03 03:58:52,602 INFO  impl.RaftServerImpl (RaftServerImpl.java:setRole(171)) - e8a7653e-b2d1-497d-9c99-71550c289f3a:group-593668477329 changes role from null to FOLLOWER at term 0 for startAsFollower
2019-08-03 03:58:52,603 INFO  impl.RoleInfo (RoleInfo.java:updateAndGet(143)) - e8a7653e-b2d1-497d-9c99-71550c289f3a: start FollowerState
2019-08-03 03:58:52,604 INFO  util.JmxRegister (JmxRegister.java:tryRegister(44)) - Successfully registered JMX Bean with object name Ratis:service=RaftServer,group=group-593668477329,id=e8a7653e-b2d1-497d-9c99-71550c289f3a
2019-08-03 03:58:52,676 INFO  pipeline.PipelineStateManager (PipelineStateManager.java:addPipeline(56)) - Created pipeline Pipeline[ Id: db1507cc-3f5c-42b9-9399-593668477329, Nodes: e8a7653e-b2d1-497d-9c99-71550c289f3a{ip: 192.168.5.147, host: byscane-nightly-b86qh-2100283676, networkLocation: /default-rack, certSerialId: null}, Type:RATIS, Factor:ONE, State:OPEN]
2019-08-03 03:58:52,706 INFO  impl.RaftServerProxy (RaftServerProxy.java:addNew(89)) - 0be52bb6-2651-4310-b38e-31e89798d0bc: addNew group-342454967BAE:[0be52bb6-2651-4310-b38e-31e89798d0bc:192.168.5.147:41352] returns group-342454967BAE:java.util.concurrent.CompletableFuture@1d4b1fd4[Not completed]
2019-08-03 03:58:52,728 INFO  ozone.MiniOzoneClusterImpl (MiniOzoneClusterImpl.java:lambda$waitForClusterToBeReady$0(142)) - Waiting for cluster to be ready. Got 5 of 6 DN Heartbeats.
2019-08-03 03:58:52,757 INFO  impl.RaftServerImpl (RaftServerImpl.java:<init>(93)) - 0be52bb6-2651-4310-b38e-31e89798d0bc: new RaftServerImpl for group-342454967BAE:[0be52bb6-2651-4310-b38e-31e89798d0bc:192.168.5.147:41352] with ContainerStateMachine:uninitialized
2019-08-03 03:58:52,758 INFO  net.NetworkTopology (NetworkTopologyImpl.java:add(110)) - Added a new node: /default-rack/a5ea9a5d-75b9-4714-9f7f-6758ee084b69
2019-08-03 03:58:52,758 INFO  server.RaftServerConfigKeys (ConfUtils.java:logGet(43)) - raft.server.rpc.timeout.min = 5s (custom)
2019-08-03 03:58:52,758 INFO  node.SCMNodeManager (SCMNodeManager.java:register(273)) - Registered Data node : a5ea9a5d-75b9-4714-9f7f-6758ee084b69{ip: 192.168.5.147, host: byscane-nightly-b86qh-2100283676, networkLocation: /default-rack, certSerialId: null}
2019-08-03 03:58:52,758 INFO  server.RaftServerConfigKeys (ConfUtils.java:logGet(43)) - raft.server.rpc.timeout.max = 5200ms (custom)
2019-08-03 03:58:52,759 INFO  server.RaftServerConfigKeys (ConfUtils.java:logGet(43)) - raft.server.rpcslowness.timeout = 120s (custom)
2019-08-03 03:58:52,759 INFO  server.RaftServerConfigKeys (ConfUtils.java:logGet(43)) - raft.server.sleep.deviation.threshold = 300 (default)
2019-08-03 03:58:52,759 INFO  server.RaftServerConfigKeys (ConfUtils.java:logGet(43)) - raft.server.log.appender.install.snapshot.enabled = false (custom)
2019-08-03 03:58:52,760 INFO  impl.RaftServerImpl (ServerState.java:<init>(105)) - 0be52bb6-2651-4310-b38e-31e89798d0bc:group-342454967BAE ConfigurationManager, init=-1: [0be52bb6-2651-4310-b38e-31e89798d0bc:192.168.5.147:41352], old=null, confs=<EMPTY_MAP>
2019-08-03 03:58:52,760 INFO  server.RaftServerConfigKeys (ConfUtils.java:logGet(43)) - raft.server.storage.dir = [/workdir/hadoop-ozone/integration-test/target/test-dir/MiniOzoneClusterImpl-f2035a8c-d4a7-4d05-b03a-0b8d8001dcbb/datanode-1/data/ratis] (custom)
2019-08-03 03:58:52,760 INFO  storage.RaftStorageDirectory (RaftStorageDirectory.java:analyzeStorage(246)) - The storage directory /workdir/hadoop-ozone/integration-test/target/test-dir/MiniOzoneClusterImpl-f2035a8c-d4a7-4d05-b03a-0b8d8001dcbb/datanode-1/data/ratis/fb7868c1-1cbe-410d-a173-342454967bae does not exist. Creating ...
2019-08-03 03:58:52,773 INFO  storage.RaftStorageDirectory (RaftStorageDirectory.java:tryLock(328)) - Lock on /workdir/hadoop-ozone/integration-test/target/test-dir/MiniOzoneClusterImpl-f2035a8c-d4a7-4d05-b03a-0b8d8001dcbb/datanode-1/data/ratis/fb7868c1-1cbe-410d-a173-342454967bae/in_use.lock acquired by nodename 14504@byscane-nightly-b86qh-2100283676
2019-08-03 03:58:52,777 INFO  storage.RaftStorage (RaftStorage.java:format(72)) - Storage directory /workdir/hadoop-ozone/integration-test/target/test-dir/MiniOzoneClusterImpl-f2035a8c-d4a7-4d05-b03a-0b8d8001dcbb/datanode-1/data/ratis/fb7868c1-1cbe-410d-a173-342454967bae has been successfully formatted.
2019-08-03 03:58:52,778 INFO  ratis.ContainerStateMachine (ContainerStateMachine.java:loadSnapshot(213)) - group-342454967BAE: The snapshot info is null. Setting the last applied indexto:(t:0, i:~)
2019-08-03 03:58:52,780 INFO  server.RaftServerConfigKeys (ConfUtils.java:logGet(43)) - raft.server.leader.election.timeout = 120s (custom)
2019-08-03 03:58:52,780 INFO  server.RaftServerConfigKeys (ConfUtils.java:logGet(43)) - raft.server.log.use.memory = false (default)
2019-08-03 03:58:52,780 INFO  server.RaftServerConfigKeys (ConfUtils.java:logGet(43)) - raft.server.log.purge.gap = 1000000000 (custom)
2019-08-03 03:58:52,780 INFO  server.RaftServerConfigKeys (ConfUtils.java:logGet(43)) - raft.server.log.appender.buffer.byte-limit = 33554432 (custom)
2019-08-03 03:58:52,780 INFO  server.RaftServerConfigKeys (ConfUtils.java:logGet(43)) - raft.server.log.segment.size.max = 1048576 (custom)
2019-08-03 03:58:52,781 INFO  server.RaftServerConfigKeys (ConfUtils.java:logGet(43)) - raft.server.log.segment.cache.num.max = 2 (custom)
2019-08-03 03:58:52,781 INFO  segmented.SegmentedRaftLogWorker (SegmentedRaftLogWorker.java:<init>(172)) - new 0be52bb6-2651-4310-b38e-31e89798d0bc-SegmentedRaftLogWorker:Storage Directory /workdir/hadoop-ozone/integration-test/target/test-dir/MiniOzoneClusterImpl-f2035a8c-d4a7-4d05-b03a-0b8d8001dcbb/datanode-1/data/ratis/fb7868c1-1cbe-410d-a173-342454967bae for RaftStorage:Storage Directory /workdir/hadoop-ozone/integration-test/target/test-dir/MiniOzoneClusterImpl-f2035a8c-d4a7-4d05-b03a-0b8d8001dcbb/datanode-1/data/ratis/fb7868c1-1cbe-410d-a173-342454967bae
2019-08-03 03:58:52,782 INFO  server.RaftServerConfigKeys (ConfUtils.java:logGet(43)) - raft.server.log.queue.byte-limit = 2147483647 (custom)
2019-08-03 03:58:52,782 INFO  server.RaftServerConfigKeys (ConfUtils.java:logGet(43)) - raft.server.log.queue.element-limit = 1024 (custom)
2019-08-03 03:58:52,783 INFO  server.RaftServerConfigKeys (ConfUtils.java:logGet(43)) - raft.server.log.segment.size.max = 1048576 (custom)
2019-08-03 03:58:52,783 INFO  server.RaftServerConfigKeys (ConfUtils.java:logGet(43)) - raft.server.log.preallocated.size = 16384 (custom)
2019-08-03 03:58:52,783 INFO  server.RaftServerConfigKeys (ConfUtils.java:logGet(43)) - raft.server.log.write.buffer.size = 33554432 (custom)
2019-08-03 03:58:52,784 INFO  server.RaftServerConfigKeys (ConfUtils.java:logGet(43)) - raft.server.log.force.sync.num = 128 (default)
2019-08-03 03:58:52,784 INFO  server.RaftServerConfigKeys (ConfUtils.java:logGet(43)) - raft.server.log.statemachine.data.sync = true (default)
2019-08-03 03:58:52,784 INFO  server.RaftServerConfigKeys (ConfUtils.java:logGet(43)) - raft.server.log.statemachine.data.sync.timeout = 10s (default)
2019-08-03 03:58:52,784 INFO  server.RaftServerConfigKeys (ConfUtils.java:logGet(43)) - raft.server.log.statemachine.data.sync.timeout.retry = -1 (default)
2019-08-03 03:58:52,785 INFO  server.RaftServerConfigKeys (ConfUtils.java:logGet(43)) - raft.server.log.statemachine.data.caching.enabled = true (custom)
2019-08-03 03:58:52,785 INFO  segmented.SegmentedRaftLogWorker (SegmentedRaftLogWorker.java:lambda$new$0(132)) - 0be52bb6-2651-4310-b38e-31e89798d0bc-SegmentedRaftLogWorker:Storage Directory /workdir/hadoop-ozone/integration-test/target/test-dir/MiniOzoneClusterImpl-f2035a8c-d4a7-4d05-b03a-0b8d8001dcbb/datanode-1/data/ratis/fb7868c1-1cbe-410d-a173-342454967bae: flushIndex: setUnconditionally 0 -> -1
2019-08-03 03:58:52,786 INFO  server.RaftServerConfigKeys (ConfUtils.java:logGet(43)) - raft.server.snapshot.auto.trigger.enabled = true (custom)
2019-08-03 03:58:52,786 INFO  server.RaftServerConfigKeys (ConfUtils.java:logGet(43)) - raft.server.snapshot.auto.trigger.threshold = 10000 (custom)
2019-08-03 03:58:52,786 INFO  server.RaftServerConfigKeys (ConfUtils.java:logGet(43)) - raft.server.retrycache.expirytime = 600000ms (custom)
2019-08-03 03:58:52,787 INFO  impl.RaftServerImpl (RaftServerImpl.java:start(180)) - 0be52bb6-2651-4310-b38e-31e89798d0bc: start group-342454967BAE
2019-08-03 03:58:52,787 INFO  impl.RaftServerImpl (RaftServerImpl.java:setRole(171)) - 0be52bb6-2651-4310-b38e-31e89798d0bc:group-342454967BAE changes role from null to FOLLOWER at term 0 for startAsFollower
2019-08-03 03:58:52,787 INFO  impl.RoleInfo (RoleInfo.java:updateAndGet(143)) - 0be52bb6-2651-4310-b38e-31e89798d0bc: start FollowerState
2019-08-03 03:58:52,789 INFO  util.JmxRegister (JmxRegister.java:tryRegister(44)) - Successfully registered JMX Bean with object name Ratis:service=RaftServer,group=group-342454967BAE,id=0be52bb6-2651-4310-b38e-31e89798d0bc
2019-08-03 03:58:52,801 INFO  pipeline.PipelineStateManager (PipelineStateManager.java:addPipeline(56)) - Created pipeline Pipeline[ Id: fb7868c1-1cbe-410d-a173-342454967bae, Nodes: 0be52bb6-2651-4310-b38e-31e89798d0bc{ip: 192.168.5.147, host: byscane-nightly-b86qh-2100283676, networkLocation: /default-rack, certSerialId: null}, Type:RATIS, Factor:ONE, State:OPEN]
2019-08-03 03:58:52,821 INFO  impl.RaftServerProxy (RaftServerProxy.java:addNew(89)) - cc70d045-6157-4db3-ac9b-fa1972ae6e3b: addNew group-7D84C2DC13F7:[cc70d045-6157-4db3-ac9b-fa1972ae6e3b:192.168.5.147:35328] returns group-7D84C2DC13F7:java.util.concurrent.CompletableFuture@6e5a402e[Not completed]
2019-08-03 03:58:52,829 INFO  impl.RaftServerImpl (RaftServerImpl.java:<init>(93)) - cc70d045-6157-4db3-ac9b-fa1972ae6e3b: new RaftServerImpl for group-7D84C2DC13F7:[cc70d045-6157-4db3-ac9b-fa1972ae6e3b:192.168.5.147:35328] with ContainerStateMachine:uninitialized
2019-08-03 03:58:52,830 INFO  server.RaftServerConfigKeys (ConfUtils.java:logGet(43)) - raft.server.rpc.timeout.min = 5s (custom)
2019-08-03 03:58:52,830 INFO  server.RaftServerConfigKeys (ConfUtils.java:logGet(43)) - raft.server.rpc.timeout.max = 5200ms (custom)
2019-08-03 03:58:52,830 INFO  server.RaftServerConfigKeys (ConfUtils.java:logGet(43)) - raft.server.rpcslowness.timeout = 120s (custom)
2019-08-03 03:58:52,830 INFO  server.RaftServerConfigKeys (ConfUtils.java:logGet(43)) - raft.server.sleep.deviation.threshold = 300 (default)
2019-08-03 03:58:52,831 INFO  server.RaftServerConfigKeys (ConfUtils.java:logGet(43)) - raft.server.log.appender.install.snapshot.enabled = false (custom)
2019-08-03 03:58:52,831 INFO  impl.RaftServerImpl (ServerState.java:<init>(105)) - cc70d045-6157-4db3-ac9b-fa1972ae6e3b:group-7D84C2DC13F7 ConfigurationManager, init=-1: [cc70d045-6157-4db3-ac9b-fa1972ae6e3b:192.168.5.147:35328], old=null, confs=<EMPTY_MAP>
2019-08-03 03:58:52,831 INFO  server.RaftServerConfigKeys (ConfUtils.java:logGet(43)) - raft.server.storage.dir = [/workdir/hadoop-ozone/integration-test/target/test-dir/MiniOzoneClusterImpl-f2035a8c-d4a7-4d05-b03a-0b8d8001dcbb/datanode-2/data/ratis] (custom)
2019-08-03 03:58:52,832 INFO  storage.RaftStorageDirectory (RaftStorageDirectory.java:analyzeStorage(246)) - The storage directory /workdir/hadoop-ozone/integration-test/target/test-dir/MiniOzoneClusterImpl-f2035a8c-d4a7-4d05-b03a-0b8d8001dcbb/datanode-2/data/ratis/9573df66-ebd4-4037-b4c8-7d84c2dc13f7 does not exist. Creating ...
2019-08-03 03:58:52,836 INFO  storage.RaftStorageDirectory (RaftStorageDirectory.java:tryLock(328)) - Lock on /workdir/hadoop-ozone/integration-test/target/test-dir/MiniOzoneClusterImpl-f2035a8c-d4a7-4d05-b03a-0b8d8001dcbb/datanode-2/data/ratis/9573df66-ebd4-4037-b4c8-7d84c2dc13f7/in_use.lock acquired by nodename 14504@byscane-nightly-b86qh-2100283676
2019-08-03 03:58:52,840 INFO  storage.RaftStorage (RaftStorage.java:format(72)) - Storage directory /workdir/hadoop-ozone/integration-test/target/test-dir/MiniOzoneClusterImpl-f2035a8c-d4a7-4d05-b03a-0b8d8001dcbb/datanode-2/data/ratis/9573df66-ebd4-4037-b4c8-7d84c2dc13f7 has been successfully formatted.
2019-08-03 03:58:52,840 INFO  ratis.ContainerStateMachine (ContainerStateMachine.java:loadSnapshot(213)) - group-7D84C2DC13F7: The snapshot info is null. Setting the last applied indexto:(t:0, i:~)
2019-08-03 03:58:52,840 INFO  server.RaftServerConfigKeys (ConfUtils.java:logGet(43)) - raft.server.leader.election.timeout = 120s (custom)
2019-08-03 03:58:52,841 INFO  server.RaftServerConfigKeys (ConfUtils.java:logGet(43)) - raft.server.log.use.memory = false (default)
2019-08-03 03:58:52,841 INFO  server.RaftServerConfigKeys (ConfUtils.java:logGet(43)) - raft.server.log.purge.gap = 1000000000 (custom)
2019-08-03 03:58:52,841 INFO  server.RaftServerConfigKeys (ConfUtils.java:logGet(43)) - raft.server.log.appender.buffer.byte-limit = 33554432 (custom)
2019-08-03 03:58:52,841 INFO  server.RaftServerConfigKeys (ConfUtils.java:logGet(43)) - raft.server.log.segment.size.max = 1048576 (custom)
2019-08-03 03:58:52,842 INFO  server.RaftServerConfigKeys (ConfUtils.java:logGet(43)) - raft.server.log.segment.cache.num.max = 2 (custom)
2019-08-03 03:58:52,842 INFO  segmented.SegmentedRaftLogWorker (SegmentedRaftLogWorker.java:<init>(172)) - new cc70d045-6157-4db3-ac9b-fa1972ae6e3b-SegmentedRaftLogWorker:Storage Directory /workdir/hadoop-ozone/integration-test/target/test-dir/MiniOzoneClusterImpl-f2035a8c-d4a7-4d05-b03a-0b8d8001dcbb/datanode-2/data/ratis/9573df66-ebd4-4037-b4c8-7d84c2dc13f7 for RaftStorage:Storage Directory /workdir/hadoop-ozone/integration-test/target/test-dir/MiniOzoneClusterImpl-f2035a8c-d4a7-4d05-b03a-0b8d8001dcbb/datanode-2/data/ratis/9573df66-ebd4-4037-b4c8-7d84c2dc13f7
2019-08-03 03:58:52,842 INFO  server.RaftServerConfigKeys (ConfUtils.java:logGet(43)) - raft.server.log.queue.byte-limit = 2147483647 (custom)
2019-08-03 03:58:52,842 INFO  server.RaftServerConfigKeys (ConfUtils.java:logGet(43)) - raft.server.log.queue.element-limit = 1024 (custom)
2019-08-03 03:58:52,843 INFO  server.RaftServerConfigKeys (ConfUtils.java:logGet(43)) - raft.server.log.segment.size.max = 1048576 (custom)
2019-08-03 03:58:52,843 INFO  server.RaftServerConfigKeys (ConfUtils.java:logGet(43)) - raft.server.log.preallocated.size = 16384 (custom)
2019-08-03 03:58:52,843 INFO  server.RaftServerConfigKeys (ConfUtils.java:logGet(43)) - raft.server.log.write.buffer.size = 33554432 (custom)
2019-08-03 03:58:52,843 INFO  server.RaftServerConfigKeys (ConfUtils.java:logGet(43)) - raft.server.log.force.sync.num = 128 (default)
2019-08-03 03:58:52,843 INFO  server.RaftServerConfigKeys (ConfUtils.java:logGet(43)) - raft.server.log.statemachine.data.sync = true (default)
2019-08-03 03:58:52,844 INFO  server.RaftServerConfigKeys (ConfUtils.java:logGet(43)) - raft.server.log.statemachine.data.sync.timeout = 10s (default)
2019-08-03 03:58:52,844 INFO  server.RaftServerConfigKeys (ConfUtils.java:logGet(43)) - raft.server.log.statemachine.data.sync.timeout.retry = -1 (default)
2019-08-03 03:58:52,844 INFO  server.RaftServerConfigKeys (ConfUtils.java:logGet(43)) - raft.server.log.statemachine.data.caching.enabled = true (custom)
2019-08-03 03:58:52,845 INFO  segmented.SegmentedRaftLogWorker (SegmentedRaftLogWorker.java:lambda$new$0(132)) - cc70d045-6157-4db3-ac9b-fa1972ae6e3b-SegmentedRaftLogWorker:Storage Directory /workdir/hadoop-ozone/integration-test/target/test-dir/MiniOzoneClusterImpl-f2035a8c-d4a7-4d05-b03a-0b8d8001dcbb/datanode-2/data/ratis/9573df66-ebd4-4037-b4c8-7d84c2dc13f7: flushIndex: setUnconditionally 0 -> -1
2019-08-03 03:58:52,845 INFO  server.RaftServerConfigKeys (ConfUtils.java:logGet(43)) - raft.server.snapshot.auto.trigger.enabled = true (custom)
2019-08-03 03:58:52,845 INFO  server.RaftServerConfigKeys (ConfUtils.java:logGet(43)) - raft.server.snapshot.auto.trigger.threshold = 10000 (custom)
2019-08-03 03:58:52,846 INFO  server.RaftServerConfigKeys (ConfUtils.java:logGet(43)) - raft.server.retrycache.expirytime = 600000ms (custom)
2019-08-03 03:58:52,846 INFO  impl.RaftServerImpl (RaftServerImpl.java:start(180)) - cc70d045-6157-4db3-ac9b-fa1972ae6e3b: start group-7D84C2DC13F7
2019-08-03 03:58:52,846 INFO  impl.RaftServerImpl (RaftServerImpl.java:setRole(171)) - cc70d045-6157-4db3-ac9b-fa1972ae6e3b:group-7D84C2DC13F7 changes role from null to FOLLOWER at term 0 for startAsFollower
2019-08-03 03:58:52,846 INFO  impl.RoleInfo (RoleInfo.java:updateAndGet(143)) - cc70d045-6157-4db3-ac9b-fa1972ae6e3b: start FollowerState
2019-08-03 03:58:52,847 INFO  util.JmxRegister (JmxRegister.java:tryRegister(44)) - Successfully registered JMX Bean with object name Ratis:service=RaftServer,group=group-7D84C2DC13F7,id=cc70d045-6157-4db3-ac9b-fa1972ae6e3b
2019-08-03 03:58:52,856 INFO  pipeline.PipelineStateManager (PipelineStateManager.java:addPipeline(56)) - Created pipeline Pipeline[ Id: 9573df66-ebd4-4037-b4c8-7d84c2dc13f7, Nodes: cc70d045-6157-4db3-ac9b-fa1972ae6e3b{ip: 192.168.5.147, host: byscane-nightly-b86qh-2100283676, networkLocation: /default-rack, certSerialId: null}, Type:RATIS, Factor:ONE, State:OPEN]
2019-08-03 03:58:52,879 INFO  impl.RaftServerProxy (RaftServerProxy.java:addNew(89)) - 566a1ba4-fd5b-423c-9f69-f766773328d9: addNew group-C1D09E10EC7F:[566a1ba4-fd5b-423c-9f69-f766773328d9:192.168.5.147:40552] returns group-C1D09E10EC7F:java.util.concurrent.CompletableFuture@5127653f[Not completed]
2019-08-03 03:58:52,881 INFO  impl.RaftServerImpl (RaftServerImpl.java:<init>(93)) - 566a1ba4-fd5b-423c-9f69-f766773328d9: new RaftServerImpl for group-C1D09E10EC7F:[566a1ba4-fd5b-423c-9f69-f766773328d9:192.168.5.147:40552] with ContainerStateMachine:uninitialized
2019-08-03 03:58:52,882 INFO  server.RaftServerConfigKeys (ConfUtils.java:logGet(43)) - raft.server.rpc.timeout.min = 5s (custom)
2019-08-03 03:58:52,882 INFO  server.RaftServerConfigKeys (ConfUtils.java:logGet(43)) - raft.server.rpc.timeout.max = 5200ms (custom)
2019-08-03 03:58:52,882 INFO  server.RaftServerConfigKeys (ConfUtils.java:logGet(43)) - raft.server.rpcslowness.timeout = 120s (custom)
2019-08-03 03:58:52,882 INFO  server.RaftServerConfigKeys (ConfUtils.java:logGet(43)) - raft.server.sleep.deviation.threshold = 300 (default)
2019-08-03 03:58:52,882 INFO  server.RaftServerConfigKeys (ConfUtils.java:logGet(43)) - raft.server.log.appender.install.snapshot.enabled = false (custom)
2019-08-03 03:58:52,883 INFO  impl.RaftServerImpl (ServerState.java:<init>(105)) - 566a1ba4-fd5b-423c-9f69-f766773328d9:group-C1D09E10EC7F ConfigurationManager, init=-1: [566a1ba4-fd5b-423c-9f69-f766773328d9:192.168.5.147:40552], old=null, confs=<EMPTY_MAP>
2019-08-03 03:58:52,883 INFO  server.RaftServerConfigKeys (ConfUtils.java:logGet(43)) - raft.server.storage.dir = [/workdir/hadoop-ozone/integration-test/target/test-dir/MiniOzoneClusterImpl-f2035a8c-d4a7-4d05-b03a-0b8d8001dcbb/datanode-4/data/ratis] (custom)
2019-08-03 03:58:52,883 INFO  storage.RaftStorageDirectory (RaftStorageDirectory.java:analyzeStorage(246)) - The storage directory /workdir/hadoop-ozone/integration-test/target/test-dir/MiniOzoneClusterImpl-f2035a8c-d4a7-4d05-b03a-0b8d8001dcbb/datanode-4/data/ratis/413a1dc4-c3fd-472b-8943-c1d09e10ec7f does not exist. Creating ...
2019-08-03 03:58:52,895 INFO  storage.RaftStorageDirectory (RaftStorageDirectory.java:tryLock(328)) - Lock on /workdir/hadoop-ozone/integration-test/target/test-dir/MiniOzoneClusterImpl-f2035a8c-d4a7-4d05-b03a-0b8d8001dcbb/datanode-4/data/ratis/413a1dc4-c3fd-472b-8943-c1d09e10ec7f/in_use.lock acquired by nodename 14504@byscane-nightly-b86qh-2100283676
2019-08-03 03:58:52,900 INFO  storage.RaftStorage (RaftStorage.java:format(72)) - Storage directory /workdir/hadoop-ozone/integration-test/target/test-dir/MiniOzoneClusterImpl-f2035a8c-d4a7-4d05-b03a-0b8d8001dcbb/datanode-4/data/ratis/413a1dc4-c3fd-472b-8943-c1d09e10ec7f has been successfully formatted.
2019-08-03 03:58:52,900 INFO  ratis.ContainerStateMachine (ContainerStateMachine.java:loadSnapshot(213)) - group-C1D09E10EC7F: The snapshot info is null. Setting the last applied indexto:(t:0, i:~)
2019-08-03 03:58:52,900 INFO  server.RaftServerConfigKeys (ConfUtils.java:logGet(43)) - raft.server.leader.election.timeout = 120s (custom)
2019-08-03 03:58:52,901 INFO  server.RaftServerConfigKeys (ConfUtils.java:logGet(43)) - raft.server.log.use.memory = false (default)
2019-08-03 03:58:52,901 INFO  server.RaftServerConfigKeys (ConfUtils.java:logGet(43)) - raft.server.log.purge.gap = 1000000000 (custom)
2019-08-03 03:58:52,901 INFO  server.RaftServerConfigKeys (ConfUtils.java:logGet(43)) - raft.server.log.appender.buffer.byte-limit = 33554432 (custom)
2019-08-03 03:58:52,901 INFO  server.RaftServerConfigKeys (ConfUtils.java:logGet(43)) - raft.server.log.segment.size.max = 1048576 (custom)
2019-08-03 03:58:52,901 INFO  server.RaftServerConfigKeys (ConfUtils.java:logGet(43)) - raft.server.log.segment.cache.num.max = 2 (custom)
2019-08-03 03:58:52,901 INFO  segmented.SegmentedRaftLogWorker (SegmentedRaftLogWorker.java:<init>(172)) - new 566a1ba4-fd5b-423c-9f69-f766773328d9-SegmentedRaftLogWorker:Storage Directory /workdir/hadoop-ozone/integration-test/target/test-dir/MiniOzoneClusterImpl-f2035a8c-d4a7-4d05-b03a-0b8d8001dcbb/datanode-4/data/ratis/413a1dc4-c3fd-472b-8943-c1d09e10ec7f for RaftStorage:Storage Directory /workdir/hadoop-ozone/integration-test/target/test-dir/MiniOzoneClusterImpl-f2035a8c-d4a7-4d05-b03a-0b8d8001dcbb/datanode-4/data/ratis/413a1dc4-c3fd-472b-8943-c1d09e10ec7f
2019-08-03 03:58:52,902 INFO  server.RaftServerConfigKeys (ConfUtils.java:logGet(43)) - raft.server.log.queue.byte-limit = 2147483647 (custom)
2019-08-03 03:58:52,902 INFO  server.RaftServerConfigKeys (ConfUtils.java:logGet(43)) - raft.server.log.queue.element-limit = 1024 (custom)
2019-08-03 03:58:52,902 INFO  server.RaftServerConfigKeys (ConfUtils.java:logGet(43)) - raft.server.log.segment.size.max = 1048576 (custom)
2019-08-03 03:58:52,902 INFO  server.RaftServerConfigKeys (ConfUtils.java:logGet(43)) - raft.server.log.preallocated.size = 16384 (custom)
2019-08-03 03:58:52,903 INFO  server.RaftServerConfigKeys (ConfUtils.java:logGet(43)) - raft.server.log.write.buffer.size = 33554432 (custom)
2019-08-03 03:58:52,903 INFO  server.RaftServerConfigKeys (ConfUtils.java:logGet(43)) - raft.server.log.force.sync.num = 128 (default)
2019-08-03 03:58:52,903 INFO  server.RaftServerConfigKeys (ConfUtils.java:logGet(43)) - raft.server.log.statemachine.data.sync = true (default)
2019-08-03 03:58:52,903 INFO  server.RaftServerConfigKeys (ConfUtils.java:logGet(43)) - raft.server.log.statemachine.data.sync.timeout = 10s (default)
2019-08-03 03:58:52,904 INFO  server.RaftServerConfigKeys (ConfUtils.java:logGet(43)) - raft.server.log.statemachine.data.sync.timeout.retry = -1 (default)
2019-08-03 03:58:52,904 INFO  server.RaftServerConfigKeys (ConfUtils.java:logGet(43)) - raft.server.log.statemachine.data.caching.enabled = true (custom)
2019-08-03 03:58:52,905 INFO  segmented.SegmentedRaftLogWorker (SegmentedRaftLogWorker.java:lambda$new$0(132)) - 566a1ba4-fd5b-423c-9f69-f766773328d9-SegmentedRaftLogWorker:Storage Directory /workdir/hadoop-ozone/integration-test/target/test-dir/MiniOzoneClusterImpl-f2035a8c-d4a7-4d05-b03a-0b8d8001dcbb/datanode-4/data/ratis/413a1dc4-c3fd-472b-8943-c1d09e10ec7f: flushIndex: setUnconditionally 0 -> -1
2019-08-03 03:58:52,905 INFO  server.RaftServerConfigKeys (ConfUtils.java:logGet(43)) - raft.server.snapshot.auto.trigger.enabled = true (custom)
2019-08-03 03:58:52,905 INFO  server.RaftServerConfigKeys (ConfUtils.java:logGet(43)) - raft.server.snapshot.auto.trigger.threshold = 10000 (custom)
2019-08-03 03:58:52,906 INFO  server.RaftServerConfigKeys (ConfUtils.java:logGet(43)) - raft.server.retrycache.expirytime = 600000ms (custom)
2019-08-03 03:58:52,906 INFO  impl.RaftServerImpl (RaftServerImpl.java:start(180)) - 566a1ba4-fd5b-423c-9f69-f766773328d9: start group-C1D09E10EC7F
2019-08-03 03:58:52,906 INFO  impl.RaftServerImpl (RaftServerImpl.java:setRole(171)) - 566a1ba4-fd5b-423c-9f69-f766773328d9:group-C1D09E10EC7F changes role from null to FOLLOWER at term 0 for startAsFollower
2019-08-03 03:58:52,906 INFO  impl.RoleInfo (RoleInfo.java:updateAndGet(143)) - 566a1ba4-fd5b-423c-9f69-f766773328d9: start FollowerState
2019-08-03 03:58:52,907 INFO  util.JmxRegister (JmxRegister.java:tryRegister(44)) - Successfully registered JMX Bean with object name Ratis:service=RaftServer,group=group-C1D09E10EC7F,id=566a1ba4-fd5b-423c-9f69-f766773328d9
2019-08-03 03:58:52,916 INFO  pipeline.PipelineStateManager (PipelineStateManager.java:addPipeline(56)) - Created pipeline Pipeline[ Id: 413a1dc4-c3fd-472b-8943-c1d09e10ec7f, Nodes: 566a1ba4-fd5b-423c-9f69-f766773328d9{ip: 192.168.5.147, host: byscane-nightly-b86qh-2100283676, networkLocation: /default-rack, certSerialId: null}, Type:RATIS, Factor:ONE, State:OPEN]
2019-08-03 03:58:52,934 INFO  impl.RaftServerProxy (RaftServerProxy.java:addNew(89)) - a5ea9a5d-75b9-4714-9f7f-6758ee084b69: addNew group-5DDBB2607927:[a5ea9a5d-75b9-4714-9f7f-6758ee084b69:192.168.5.147:33170] returns group-5DDBB2607927:java.util.concurrent.CompletableFuture@4441e23b[Not completed]
2019-08-03 03:58:52,938 INFO  impl.RaftServerImpl (RaftServerImpl.java:<init>(93)) - a5ea9a5d-75b9-4714-9f7f-6758ee084b69: new RaftServerImpl for group-5DDBB2607927:[a5ea9a5d-75b9-4714-9f7f-6758ee084b69:192.168.5.147:33170] with ContainerStateMachine:uninitialized
2019-08-03 03:58:52,938 INFO  server.RaftServerConfigKeys (ConfUtils.java:logGet(43)) - raft.server.rpc.timeout.min = 5s (custom)
2019-08-03 03:58:52,938 INFO  server.RaftServerConfigKeys (ConfUtils.java:logGet(43)) - raft.server.rpc.timeout.max = 5200ms (custom)
2019-08-03 03:58:52,938 INFO  server.RaftServerConfigKeys (ConfUtils.java:logGet(43)) - raft.server.rpcslowness.timeout = 120s (custom)
2019-08-03 03:58:52,938 INFO  server.RaftServerConfigKeys (ConfUtils.java:logGet(43)) - raft.server.sleep.deviation.threshold = 300 (default)
2019-08-03 03:58:52,939 INFO  server.RaftServerConfigKeys (ConfUtils.java:logGet(43)) - raft.server.log.appender.install.snapshot.enabled = false (custom)
2019-08-03 03:58:52,939 INFO  impl.RaftServerImpl (ServerState.java:<init>(105)) - a5ea9a5d-75b9-4714-9f7f-6758ee084b69:group-5DDBB2607927 ConfigurationManager, init=-1: [a5ea9a5d-75b9-4714-9f7f-6758ee084b69:192.168.5.147:33170], old=null, confs=<EMPTY_MAP>
2019-08-03 03:58:52,939 INFO  server.RaftServerConfigKeys (ConfUtils.java:logGet(43)) - raft.server.storage.dir = [/workdir/hadoop-ozone/integration-test/target/test-dir/MiniOzoneClusterImpl-f2035a8c-d4a7-4d05-b03a-0b8d8001dcbb/datanode-5/data/ratis] (custom)
2019-08-03 03:58:52,939 INFO  storage.RaftStorageDirectory (RaftStorageDirectory.java:analyzeStorage(246)) - The storage directory /workdir/hadoop-ozone/integration-test/target/test-dir/MiniOzoneClusterImpl-f2035a8c-d4a7-4d05-b03a-0b8d8001dcbb/datanode-5/data/ratis/e6ba2f83-5aa2-4763-9157-5ddbb2607927 does not exist. Creating ...
2019-08-03 03:58:52,943 INFO  storage.RaftStorageDirectory (RaftStorageDirectory.java:tryLock(328)) - Lock on /workdir/hadoop-ozone/integration-test/target/test-dir/MiniOzoneClusterImpl-f2035a8c-d4a7-4d05-b03a-0b8d8001dcbb/datanode-5/data/ratis/e6ba2f83-5aa2-4763-9157-5ddbb2607927/in_use.lock acquired by nodename 14504@byscane-nightly-b86qh-2100283676
2019-08-03 03:58:52,946 INFO  storage.RaftStorage (RaftStorage.java:format(72)) - Storage directory /workdir/hadoop-ozone/integration-test/target/test-dir/MiniOzoneClusterImpl-f2035a8c-d4a7-4d05-b03a-0b8d8001dcbb/datanode-5/data/ratis/e6ba2f83-5aa2-4763-9157-5ddbb2607927 has been successfully formatted.
2019-08-03 03:58:52,947 INFO  ratis.ContainerStateMachine (ContainerStateMachine.java:loadSnapshot(213)) - group-5DDBB2607927: The snapshot info is null. Setting the last applied indexto:(t:0, i:~)
2019-08-03 03:58:52,947 INFO  server.RaftServerConfigKeys (ConfUtils.java:logGet(43)) - raft.server.leader.election.timeout = 120s (custom)
2019-08-03 03:58:52,947 INFO  server.RaftServerConfigKeys (ConfUtils.java:logGet(43)) - raft.server.log.use.memory = false (default)
2019-08-03 03:58:52,947 INFO  server.RaftServerConfigKeys (ConfUtils.java:logGet(43)) - raft.server.log.purge.gap = 1000000000 (custom)
2019-08-03 03:58:52,947 INFO  server.RaftServerConfigKeys (ConfUtils.java:logGet(43)) - raft.server.log.appender.buffer.byte-limit = 33554432 (custom)
2019-08-03 03:58:52,947 INFO  server.RaftServerConfigKeys (ConfUtils.java:logGet(43)) - raft.server.log.segment.size.max = 1048576 (custom)
2019-08-03 03:58:52,948 INFO  server.RaftServerConfigKeys (ConfUtils.java:logGet(43)) - raft.server.log.segment.cache.num.max = 2 (custom)
2019-08-03 03:58:52,948 INFO  segmented.SegmentedRaftLogWorker (SegmentedRaftLogWorker.java:<init>(172)) - new a5ea9a5d-75b9-4714-9f7f-6758ee084b69-SegmentedRaftLogWorker:Storage Directory /workdir/hadoop-ozone/integration-test/target/test-dir/MiniOzoneClusterImpl-f2035a8c-d4a7-4d05-b03a-0b8d8001dcbb/datanode-5/data/ratis/e6ba2f83-5aa2-4763-9157-5ddbb2607927 for RaftStorage:Storage Directory /workdir/hadoop-ozone/integration-test/target/test-dir/MiniOzoneClusterImpl-f2035a8c-d4a7-4d05-b03a-0b8d8001dcbb/datanode-5/data/ratis/e6ba2f83-5aa2-4763-9157-5ddbb2607927
2019-08-03 03:58:52,948 INFO  server.RaftServerConfigKeys (ConfUtils.java:logGet(43)) - raft.server.log.queue.byte-limit = 2147483647 (custom)
2019-08-03 03:58:52,948 INFO  server.RaftServerConfigKeys (ConfUtils.java:logGet(43)) - raft.server.log.queue.element-limit = 1024 (custom)
2019-08-03 03:58:52,948 INFO  server.RaftServerConfigKeys (ConfUtils.java:logGet(43)) - raft.server.log.segment.size.max = 1048576 (custom)
2019-08-03 03:58:52,949 INFO  server.RaftServerConfigKeys (ConfUtils.java:logGet(43)) - raft.server.log.preallocated.size = 16384 (custom)
2019-08-03 03:58:52,949 INFO  server.RaftServerConfigKeys (ConfUtils.java:logGet(43)) - raft.server.log.write.buffer.size = 33554432 (custom)
2019-08-03 03:58:52,949 INFO  server.RaftServerConfigKeys (ConfUtils.java:logGet(43)) - raft.server.log.force.sync.num = 128 (default)
2019-08-03 03:58:52,949 INFO  server.RaftServerConfigKeys (ConfUtils.java:logGet(43)) - raft.server.log.statemachine.data.sync = true (default)
2019-08-03 03:58:52,949 INFO  server.RaftServerConfigKeys (ConfUtils.java:logGet(43)) - raft.server.log.statemachine.data.sync.timeout = 10s (default)
2019-08-03 03:58:52,949 INFO  server.RaftServerConfigKeys (ConfUtils.java:logGet(43)) - raft.server.log.statemachine.data.sync.timeout.retry = -1 (default)
2019-08-03 03:58:52,950 INFO  server.RaftServerConfigKeys (ConfUtils.java:logGet(43)) - raft.server.log.statemachine.data.caching.enabled = true (custom)
2019-08-03 03:58:52,950 INFO  segmented.SegmentedRaftLogWorker (SegmentedRaftLogWorker.java:lambda$new$0(132)) - a5ea9a5d-75b9-4714-9f7f-6758ee084b69-SegmentedRaftLogWorker:Storage Directory /workdir/hadoop-ozone/integration-test/target/test-dir/MiniOzoneClusterImpl-f2035a8c-d4a7-4d05-b03a-0b8d8001dcbb/datanode-5/data/ratis/e6ba2f83-5aa2-4763-9157-5ddbb2607927: flushIndex: setUnconditionally 0 -> -1
2019-08-03 03:58:52,950 INFO  server.RaftServerConfigKeys (ConfUtils.java:logGet(43)) - raft.server.snapshot.auto.trigger.enabled = true (custom)
2019-08-03 03:58:52,951 INFO  server.RaftServerConfigKeys (ConfUtils.java:logGet(43)) - raft.server.snapshot.auto.trigger.threshold = 10000 (custom)
2019-08-03 03:58:52,951 INFO  server.RaftServerConfigKeys (ConfUtils.java:logGet(43)) - raft.server.retrycache.expirytime = 600000ms (custom)
2019-08-03 03:58:52,951 INFO  impl.RaftServerImpl (RaftServerImpl.java:start(180)) - a5ea9a5d-75b9-4714-9f7f-6758ee084b69: start group-5DDBB2607927
2019-08-03 03:58:52,951 INFO  impl.RaftServerImpl (RaftServerImpl.java:setRole(171)) - a5ea9a5d-75b9-4714-9f7f-6758ee084b69:group-5DDBB2607927 changes role from null to FOLLOWER at term 0 for startAsFollower
2019-08-03 03:58:52,951 INFO  impl.RoleInfo (RoleInfo.java:updateAndGet(143)) - a5ea9a5d-75b9-4714-9f7f-6758ee084b69: start FollowerState
2019-08-03 03:58:52,952 INFO  util.JmxRegister (JmxRegister.java:tryRegister(44)) - Successfully registered JMX Bean with object name Ratis:service=RaftServer,group=group-5DDBB2607927,id=a5ea9a5d-75b9-4714-9f7f-6758ee084b69
2019-08-03 03:58:52,962 INFO  pipeline.PipelineStateManager (PipelineStateManager.java:addPipeline(56)) - Created pipeline Pipeline[ Id: e6ba2f83-5aa2-4763-9157-5ddbb2607927, Nodes: a5ea9a5d-75b9-4714-9f7f-6758ee084b69{ip: 192.168.5.147, host: byscane-nightly-b86qh-2100283676, networkLocation: /default-rack, certSerialId: null}, Type:RATIS, Factor:ONE, State:OPEN]
2019-08-03 03:58:52,983 INFO  impl.RaftServerProxy (RaftServerProxy.java:addNew(89)) - eb9bd40f-6483-4d89-916f-e4c801267cb0: addNew group-6A3037A50A93:[eb9bd40f-6483-4d89-916f-e4c801267cb0:192.168.5.147:35225] returns group-6A3037A50A93:java.util.concurrent.CompletableFuture@2eaadf95[Not completed]
2019-08-03 03:58:52,985 INFO  impl.RaftServerImpl (RaftServerImpl.java:<init>(93)) - eb9bd40f-6483-4d89-916f-e4c801267cb0: new RaftServerImpl for group-6A3037A50A93:[eb9bd40f-6483-4d89-916f-e4c801267cb0:192.168.5.147:35225] with ContainerStateMachine:uninitialized
2019-08-03 03:58:52,985 INFO  server.RaftServerConfigKeys (ConfUtils.java:logGet(43)) - raft.server.rpc.timeout.min = 5s (custom)
2019-08-03 03:58:52,985 INFO  server.RaftServerConfigKeys (ConfUtils.java:logGet(43)) - raft.server.rpc.timeout.max = 5200ms (custom)
2019-08-03 03:58:52,986 INFO  server.RaftServerConfigKeys (ConfUtils.java:logGet(43)) - raft.server.rpcslowness.timeout = 120s (custom)
2019-08-03 03:58:52,986 INFO  server.RaftServerConfigKeys (ConfUtils.java:logGet(43)) - raft.server.sleep.deviation.threshold = 300 (default)
2019-08-03 03:58:52,986 INFO  server.RaftServerConfigKeys (ConfUtils.java:logGet(43)) - raft.server.log.appender.install.snapshot.enabled = false (custom)
2019-08-03 03:58:52,986 INFO  impl.RaftServerImpl (ServerState.java:<init>(105)) - eb9bd40f-6483-4d89-916f-e4c801267cb0:group-6A3037A50A93 ConfigurationManager, init=-1: [eb9bd40f-6483-4d89-916f-e4c801267cb0:192.168.5.147:35225], old=null, confs=<EMPTY_MAP>
2019-08-03 03:58:52,986 INFO  server.RaftServerConfigKeys (ConfUtils.java:logGet(43)) - raft.server.storage.dir = [/workdir/hadoop-ozone/integration-test/target/test-dir/MiniOzoneClusterImpl-f2035a8c-d4a7-4d05-b03a-0b8d8001dcbb/datanode-3/data/ratis] (custom)
2019-08-03 03:58:52,987 INFO  storage.RaftStorageDirectory (RaftStorageDirectory.java:analyzeStorage(246)) - The storage directory /workdir/hadoop-ozone/integration-test/target/test-dir/MiniOzoneClusterImpl-f2035a8c-d4a7-4d05-b03a-0b8d8001dcbb/datanode-3/data/ratis/502aa649-c7d0-4d8c-85ed-6a3037a50a93 does not exist. Creating ...
2019-08-03 03:58:52,998 INFO  storage.RaftStorageDirectory (RaftStorageDirectory.java:tryLock(328)) - Lock on /workdir/hadoop-ozone/integration-test/target/test-dir/MiniOzoneClusterImpl-f2035a8c-d4a7-4d05-b03a-0b8d8001dcbb/datanode-3/data/ratis/502aa649-c7d0-4d8c-85ed-6a3037a50a93/in_use.lock acquired by nodename 14504@byscane-nightly-b86qh-2100283676
2019-08-03 03:58:53,002 INFO  storage.RaftStorage (RaftStorage.java:format(72)) - Storage directory /workdir/hadoop-ozone/integration-test/target/test-dir/MiniOzoneClusterImpl-f2035a8c-d4a7-4d05-b03a-0b8d8001dcbb/datanode-3/data/ratis/502aa649-c7d0-4d8c-85ed-6a3037a50a93 has been successfully formatted.
2019-08-03 03:58:53,002 INFO  ratis.ContainerStateMachine (ContainerStateMachine.java:loadSnapshot(213)) - group-6A3037A50A93: The snapshot info is null. Setting the last applied indexto:(t:0, i:~)
2019-08-03 03:58:53,003 INFO  server.RaftServerConfigKeys (ConfUtils.java:logGet(43)) - raft.server.leader.election.timeout = 120s (custom)
2019-08-03 03:58:53,003 INFO  server.RaftServerConfigKeys (ConfUtils.java:logGet(43)) - raft.server.log.use.memory = false (default)
2019-08-03 03:58:53,003 INFO  server.RaftServerConfigKeys (ConfUtils.java:logGet(43)) - raft.server.log.purge.gap = 1000000000 (custom)
2019-08-03 03:58:53,003 INFO  server.RaftServerConfigKeys (ConfUtils.java:logGet(43)) - raft.server.log.appender.buffer.byte-limit = 33554432 (custom)
2019-08-03 03:58:53,003 INFO  server.RaftServerConfigKeys (ConfUtils.java:logGet(43)) - raft.server.log.segment.size.max = 1048576 (custom)
2019-08-03 03:58:53,004 INFO  server.RaftServerConfigKeys (ConfUtils.java:logGet(43)) - raft.server.log.segment.cache.num.max = 2 (custom)
2019-08-03 03:58:53,004 INFO  segmented.SegmentedRaftLogWorker (SegmentedRaftLogWorker.java:<init>(172)) - new eb9bd40f-6483-4d89-916f-e4c801267cb0-SegmentedRaftLogWorker:Storage Directory /workdir/hadoop-ozone/integration-test/target/test-dir/MiniOzoneClusterImpl-f2035a8c-d4a7-4d05-b03a-0b8d8001dcbb/datanode-3/data/ratis/502aa649-c7d0-4d8c-85ed-6a3037a50a93 for RaftStorage:Storage Directory /workdir/hadoop-ozone/integration-test/target/test-dir/MiniOzoneClusterImpl-f2035a8c-d4a7-4d05-b03a-0b8d8001dcbb/datanode-3/data/ratis/502aa649-c7d0-4d8c-85ed-6a3037a50a93
2019-08-03 03:58:53,004 INFO  server.RaftServerConfigKeys (ConfUtils.java:logGet(43)) - raft.server.log.queue.byte-limit = 2147483647 (custom)
2019-08-03 03:58:53,004 INFO  server.RaftServerConfigKeys (ConfUtils.java:logGet(43)) - raft.server.log.queue.element-limit = 1024 (custom)
2019-08-03 03:58:53,004 INFO  server.RaftServerConfigKeys (ConfUtils.java:logGet(43)) - raft.server.log.segment.size.max = 1048576 (custom)
2019-08-03 03:58:53,005 INFO  server.RaftServerConfigKeys (ConfUtils.java:logGet(43)) - raft.server.log.preallocated.size = 16384 (custom)
2019-08-03 03:58:53,005 INFO  server.RaftServerConfigKeys (ConfUtils.java:logGet(43)) - raft.server.log.write.buffer.size = 33554432 (custom)
2019-08-03 03:58:53,005 INFO  server.RaftServerConfigKeys (ConfUtils.java:logGet(43)) - raft.server.log.force.sync.num = 128 (default)
2019-08-03 03:58:53,005 INFO  server.RaftServerConfigKeys (ConfUtils.java:logGet(43)) - raft.server.log.statemachine.data.sync = true (default)
2019-08-03 03:58:53,005 INFO  server.RaftServerConfigKeys (ConfUtils.java:logGet(43)) - raft.server.log.statemachine.data.sync.timeout = 10s (default)
2019-08-03 03:58:53,006 INFO  server.RaftServerConfigKeys (ConfUtils.java:logGet(43)) - raft.server.log.statemachine.data.sync.timeout.retry = -1 (default)
2019-08-03 03:58:53,006 INFO  server.RaftServerConfigKeys (ConfUtils.java:logGet(43)) - raft.server.log.statemachine.data.caching.enabled = true (custom)
2019-08-03 03:58:53,006 INFO  segmented.SegmentedRaftLogWorker (SegmentedRaftLogWorker.java:lambda$new$0(132)) - eb9bd40f-6483-4d89-916f-e4c801267cb0-SegmentedRaftLogWorker:Storage Directory /workdir/hadoop-ozone/integration-test/target/test-dir/MiniOzoneClusterImpl-f2035a8c-d4a7-4d05-b03a-0b8d8001dcbb/datanode-3/data/ratis/502aa649-c7d0-4d8c-85ed-6a3037a50a93: flushIndex: setUnconditionally 0 -> -1
2019-08-03 03:58:53,007 INFO  server.RaftServerConfigKeys (ConfUtils.java:logGet(43)) - raft.server.snapshot.auto.trigger.enabled = true (custom)
2019-08-03 03:58:53,007 INFO  server.RaftServerConfigKeys (ConfUtils.java:logGet(43)) - raft.server.snapshot.auto.trigger.threshold = 10000 (custom)
2019-08-03 03:58:53,007 INFO  server.RaftServerConfigKeys (ConfUtils.java:logGet(43)) - raft.server.retrycache.expirytime = 600000ms (custom)
2019-08-03 03:58:53,008 INFO  impl.RaftServerImpl (RaftServerImpl.java:start(180)) - eb9bd40f-6483-4d89-916f-e4c801267cb0: start group-6A3037A50A93
2019-08-03 03:58:53,008 INFO  impl.RaftServerImpl (RaftServerImpl.java:setRole(171)) - eb9bd40f-6483-4d89-916f-e4c801267cb0:group-6A3037A50A93 changes role from null to FOLLOWER at term 0 for startAsFollower
2019-08-03 03:58:53,008 INFO  impl.RoleInfo (RoleInfo.java:updateAndGet(143)) - eb9bd40f-6483-4d89-916f-e4c801267cb0: start FollowerState
2019-08-03 03:58:53,009 INFO  util.JmxRegister (JmxRegister.java:tryRegister(44)) - Successfully registered JMX Bean with object name Ratis:service=RaftServer,group=group-6A3037A50A93,id=eb9bd40f-6483-4d89-916f-e4c801267cb0
2019-08-03 03:58:53,034 INFO  pipeline.PipelineStateManager (PipelineStateManager.java:addPipeline(56)) - Created pipeline Pipeline[ Id: 502aa649-c7d0-4d8c-85ed-6a3037a50a93, Nodes: eb9bd40f-6483-4d89-916f-e4c801267cb0{ip: 192.168.5.147, host: byscane-nightly-b86qh-2100283676, networkLocation: /default-rack, certSerialId: null}, Type:RATIS, Factor:ONE, State:OPEN]
2019-08-03 03:58:53,073 INFO  impl.RaftServerProxy (RaftServerProxy.java:addNew(89)) - e8a7653e-b2d1-497d-9c99-71550c289f3a: addNew group-19079B00DDE2:[0be52bb6-2651-4310-b38e-31e89798d0bc:192.168.5.147:41352, cc70d045-6157-4db3-ac9b-fa1972ae6e3b:192.168.5.147:35328, e8a7653e-b2d1-497d-9c99-71550c289f3a:192.168.5.147:40339] returns group-19079B00DDE2:java.util.concurrent.CompletableFuture@37f5fe58[Not completed]
2019-08-03 03:58:53,076 INFO  impl.RaftServerImpl (RaftServerImpl.java:<init>(93)) - e8a7653e-b2d1-497d-9c99-71550c289f3a: new RaftServerImpl for group-19079B00DDE2:[0be52bb6-2651-4310-b38e-31e89798d0bc:192.168.5.147:41352, cc70d045-6157-4db3-ac9b-fa1972ae6e3b:192.168.5.147:35328, e8a7653e-b2d1-497d-9c99-71550c289f3a:192.168.5.147:40339] with ContainerStateMachine:uninitialized
2019-08-03 03:58:53,076 INFO  server.RaftServerConfigKeys (ConfUtils.java:logGet(43)) - raft.server.rpc.timeout.min = 5s (custom)
2019-08-03 03:58:53,076 INFO  server.RaftServerConfigKeys (ConfUtils.java:logGet(43)) - raft.server.rpc.timeout.max = 5200ms (custom)
2019-08-03 03:58:53,077 INFO  server.RaftServerConfigKeys (ConfUtils.java:logGet(43)) - raft.server.rpcslowness.timeout = 120s (custom)
2019-08-03 03:58:53,077 INFO  server.RaftServerConfigKeys (ConfUtils.java:logGet(43)) - raft.server.sleep.deviation.threshold = 300 (default)
2019-08-03 03:58:53,077 INFO  server.RaftServerConfigKeys (ConfUtils.java:logGet(43)) - raft.server.log.appender.install.snapshot.enabled = false (custom)
2019-08-03 03:58:53,078 INFO  impl.RaftServerImpl (ServerState.java:<init>(105)) - e8a7653e-b2d1-497d-9c99-71550c289f3a:group-19079B00DDE2 ConfigurationManager, init=-1: [0be52bb6-2651-4310-b38e-31e89798d0bc:192.168.5.147:41352, cc70d045-6157-4db3-ac9b-fa1972ae6e3b:192.168.5.147:35328, e8a7653e-b2d1-497d-9c99-71550c289f3a:192.168.5.147:40339], old=null, confs=<EMPTY_MAP>
2019-08-03 03:58:53,079 INFO  server.RaftServerConfigKeys (ConfUtils.java:logGet(43)) - raft.server.storage.dir = [/workdir/hadoop-ozone/integration-test/target/test-dir/MiniOzoneClusterImpl-f2035a8c-d4a7-4d05-b03a-0b8d8001dcbb/datanode-0/data/ratis] (custom)
2019-08-03 03:58:53,080 INFO  impl.RaftServerProxy (RaftServerProxy.java:addNew(89)) - cc70d045-6157-4db3-ac9b-fa1972ae6e3b: addNew group-19079B00DDE2:[0be52bb6-2651-4310-b38e-31e89798d0bc:192.168.5.147:41352, cc70d045-6157-4db3-ac9b-fa1972ae6e3b:192.168.5.147:35328, e8a7653e-b2d1-497d-9c99-71550c289f3a:192.168.5.147:40339] returns group-19079B00DDE2:java.util.concurrent.CompletableFuture@23020961[Not completed]
2019-08-03 03:58:53,080 INFO  storage.RaftStorageDirectory (RaftStorageDirectory.java:analyzeStorage(246)) - The storage directory /workdir/hadoop-ozone/integration-test/target/test-dir/MiniOzoneClusterImpl-f2035a8c-d4a7-4d05-b03a-0b8d8001dcbb/datanode-0/data/ratis/ad73e822-1adf-452d-ad05-19079b00dde2 does not exist. Creating ...
2019-08-03 03:58:53,081 INFO  impl.RaftServerProxy (RaftServerProxy.java:addNew(89)) - 0be52bb6-2651-4310-b38e-31e89798d0bc: addNew group-19079B00DDE2:[0be52bb6-2651-4310-b38e-31e89798d0bc:192.168.5.147:41352, cc70d045-6157-4db3-ac9b-fa1972ae6e3b:192.168.5.147:35328, e8a7653e-b2d1-497d-9c99-71550c289f3a:192.168.5.147:40339] returns group-19079B00DDE2:java.util.concurrent.CompletableFuture@3acf2fa7[Not completed]
2019-08-03 03:58:53,082 INFO  impl.RaftServerImpl (RaftServerImpl.java:<init>(93)) - cc70d045-6157-4db3-ac9b-fa1972ae6e3b: new RaftServerImpl for group-19079B00DDE2:[0be52bb6-2651-4310-b38e-31e89798d0bc:192.168.5.147:41352, cc70d045-6157-4db3-ac9b-fa1972ae6e3b:192.168.5.147:35328, e8a7653e-b2d1-497d-9c99-71550c289f3a:192.168.5.147:40339] with ContainerStateMachine:uninitialized
2019-08-03 03:58:53,082 INFO  server.RaftServerConfigKeys (ConfUtils.java:logGet(43)) - raft.server.rpc.timeout.min = 5s (custom)
2019-08-03 03:58:53,082 INFO  server.RaftServerConfigKeys (ConfUtils.java:logGet(43)) - raft.server.rpc.timeout.max = 5200ms (custom)
2019-08-03 03:58:53,082 INFO  server.RaftServerConfigKeys (ConfUtils.java:logGet(43)) - raft.server.rpcslowness.timeout = 120s (custom)
2019-08-03 03:58:53,083 INFO  server.RaftServerConfigKeys (ConfUtils.java:logGet(43)) - raft.server.sleep.deviation.threshold = 300 (default)
2019-08-03 03:58:53,083 INFO  server.RaftServerConfigKeys (ConfUtils.java:logGet(43)) - raft.server.log.appender.install.snapshot.enabled = false (custom)
2019-08-03 03:58:53,083 INFO  impl.RaftServerImpl (RaftServerImpl.java:<init>(93)) - 0be52bb6-2651-4310-b38e-31e89798d0bc: new RaftServerImpl for group-19079B00DDE2:[0be52bb6-2651-4310-b38e-31e89798d0bc:192.168.5.147:41352, cc70d045-6157-4db3-ac9b-fa1972ae6e3b:192.168.5.147:35328, e8a7653e-b2d1-497d-9c99-71550c289f3a:192.168.5.147:40339] with ContainerStateMachine:uninitialized
2019-08-03 03:58:53,083 INFO  impl.RaftServerImpl (ServerState.java:<init>(105)) - cc70d045-6157-4db3-ac9b-fa1972ae6e3b:group-19079B00DDE2 ConfigurationManager, init=-1: [0be52bb6-2651-4310-b38e-31e89798d0bc:192.168.5.147:41352, cc70d045-6157-4db3-ac9b-fa1972ae6e3b:192.168.5.147:35328, e8a7653e-b2d1-497d-9c99-71550c289f3a:192.168.5.147:40339], old=null, confs=<EMPTY_MAP>
2019-08-03 03:58:53,083 INFO  server.RaftServerConfigKeys (ConfUtils.java:logGet(43)) - raft.server.rpc.timeout.min = 5s (custom)
2019-08-03 03:58:53,083 INFO  server.RaftServerConfigKeys (ConfUtils.java:logGet(43)) - raft.server.storage.dir = [/workdir/hadoop-ozone/integration-test/target/test-dir/MiniOzoneClusterImpl-f2035a8c-d4a7-4d05-b03a-0b8d8001dcbb/datanode-2/data/ratis] (custom)
2019-08-03 03:58:53,083 INFO  server.RaftServerConfigKeys (ConfUtils.java:logGet(43)) - raft.server.rpc.timeout.max = 5200ms (custom)
2019-08-03 03:58:53,084 INFO  server.RaftServerConfigKeys (ConfUtils.java:logGet(43)) - raft.server.rpcslowness.timeout = 120s (custom)
2019-08-03 03:58:53,084 INFO  storage.RaftStorageDirectory (RaftStorageDirectory.java:analyzeStorage(246)) - The storage directory /workdir/hadoop-ozone/integration-test/target/test-dir/MiniOzoneClusterImpl-f2035a8c-d4a7-4d05-b03a-0b8d8001dcbb/datanode-2/data/ratis/ad73e822-1adf-452d-ad05-19079b00dde2 does not exist. Creating ...
2019-08-03 03:58:53,084 INFO  server.RaftServerConfigKeys (ConfUtils.java:logGet(43)) - raft.server.sleep.deviation.threshold = 300 (default)
2019-08-03 03:58:53,084 INFO  server.RaftServerConfigKeys (ConfUtils.java:logGet(43)) - raft.server.log.appender.install.snapshot.enabled = false (custom)
2019-08-03 03:58:53,084 INFO  impl.RaftServerImpl (ServerState.java:<init>(105)) - 0be52bb6-2651-4310-b38e-31e89798d0bc:group-19079B00DDE2 ConfigurationManager, init=-1: [0be52bb6-2651-4310-b38e-31e89798d0bc:192.168.5.147:41352, cc70d045-6157-4db3-ac9b-fa1972ae6e3b:192.168.5.147:35328, e8a7653e-b2d1-497d-9c99-71550c289f3a:192.168.5.147:40339], old=null, confs=<EMPTY_MAP>
2019-08-03 03:58:53,084 INFO  server.RaftServerConfigKeys (ConfUtils.java:logGet(43)) - raft.server.storage.dir = [/workdir/hadoop-ozone/integration-test/target/test-dir/MiniOzoneClusterImpl-f2035a8c-d4a7-4d05-b03a-0b8d8001dcbb/datanode-1/data/ratis] (custom)
2019-08-03 03:58:53,085 INFO  storage.RaftStorageDirectory (RaftStorageDirectory.java:analyzeStorage(246)) - The storage directory /workdir/hadoop-ozone/integration-test/target/test-dir/MiniOzoneClusterImpl-f2035a8c-d4a7-4d05-b03a-0b8d8001dcbb/datanode-1/data/ratis/ad73e822-1adf-452d-ad05-19079b00dde2 does not exist. Creating ...
2019-08-03 03:58:53,086 INFO  storage.RaftStorageDirectory (RaftStorageDirectory.java:tryLock(328)) - Lock on /workdir/hadoop-ozone/integration-test/target/test-dir/MiniOzoneClusterImpl-f2035a8c-d4a7-4d05-b03a-0b8d8001dcbb/datanode-0/data/ratis/ad73e822-1adf-452d-ad05-19079b00dde2/in_use.lock acquired by nodename 14504@byscane-nightly-b86qh-2100283676
2019-08-03 03:58:53,087 INFO  storage.RaftStorageDirectory (RaftStorageDirectory.java:tryLock(328)) - Lock on /workdir/hadoop-ozone/integration-test/target/test-dir/MiniOzoneClusterImpl-f2035a8c-d4a7-4d05-b03a-0b8d8001dcbb/datanode-2/data/ratis/ad73e822-1adf-452d-ad05-19079b00dde2/in_use.lock acquired by nodename 14504@byscane-nightly-b86qh-2100283676
2019-08-03 03:58:53,088 INFO  storage.RaftStorageDirectory (RaftStorageDirectory.java:tryLock(328)) - Lock on /workdir/hadoop-ozone/integration-test/target/test-dir/MiniOzoneClusterImpl-f2035a8c-d4a7-4d05-b03a-0b8d8001dcbb/datanode-1/data/ratis/ad73e822-1adf-452d-ad05-19079b00dde2/in_use.lock acquired by nodename 14504@byscane-nightly-b86qh-2100283676
2019-08-03 03:58:53,090 INFO  storage.RaftStorage (RaftStorage.java:format(72)) - Storage directory /workdir/hadoop-ozone/integration-test/target/test-dir/MiniOzoneClusterImpl-f2035a8c-d4a7-4d05-b03a-0b8d8001dcbb/datanode-0/data/ratis/ad73e822-1adf-452d-ad05-19079b00dde2 has been successfully formatted.
2019-08-03 03:58:53,090 INFO  ratis.ContainerStateMachine (ContainerStateMachine.java:loadSnapshot(213)) - group-19079B00DDE2: The snapshot info is null. Setting the last applied indexto:(t:0, i:~)
2019-08-03 03:58:53,090 INFO  server.RaftServerConfigKeys (ConfUtils.java:logGet(43)) - raft.server.leader.election.timeout = 120s (custom)
2019-08-03 03:58:53,090 INFO  server.RaftServerConfigKeys (ConfUtils.java:logGet(43)) - raft.server.log.use.memory = false (default)
2019-08-03 03:58:53,091 INFO  server.RaftServerConfigKeys (ConfUtils.java:logGet(43)) - raft.server.log.purge.gap = 1000000000 (custom)
2019-08-03 03:58:53,091 INFO  server.RaftServerConfigKeys (ConfUtils.java:logGet(43)) - raft.server.log.appender.buffer.byte-limit = 33554432 (custom)
2019-08-03 03:58:53,091 INFO  server.RaftServerConfigKeys (ConfUtils.java:logGet(43)) - raft.server.log.segment.size.max = 1048576 (custom)
2019-08-03 03:58:53,091 INFO  server.RaftServerConfigKeys (ConfUtils.java:logGet(43)) - raft.server.log.segment.cache.num.max = 2 (custom)
2019-08-03 03:58:53,092 INFO  segmented.SegmentedRaftLogWorker (SegmentedRaftLogWorker.java:<init>(172)) - new e8a7653e-b2d1-497d-9c99-71550c289f3a-SegmentedRaftLogWorker:Storage Directory /workdir/hadoop-ozone/integration-test/target/test-dir/MiniOzoneClusterImpl-f2035a8c-d4a7-4d05-b03a-0b8d8001dcbb/datanode-0/data/ratis/ad73e822-1adf-452d-ad05-19079b00dde2 for RaftStorage:Storage Directory /workdir/hadoop-ozone/integration-test/target/test-dir/MiniOzoneClusterImpl-f2035a8c-d4a7-4d05-b03a-0b8d8001dcbb/datanode-0/data/ratis/ad73e822-1adf-452d-ad05-19079b00dde2
2019-08-03 03:58:53,092 INFO  server.RaftServerConfigKeys (ConfUtils.java:logGet(43)) - raft.server.log.queue.byte-limit = 2147483647 (custom)
2019-08-03 03:58:53,092 INFO  server.RaftServerConfigKeys (ConfUtils.java:logGet(43)) - raft.server.log.queue.element-limit = 1024 (custom)
2019-08-03 03:58:53,092 INFO  server.RaftServerConfigKeys (ConfUtils.java:logGet(43)) - raft.server.log.segment.size.max = 1048576 (custom)
2019-08-03 03:58:53,092 INFO  server.RaftServerConfigKeys (ConfUtils.java:logGet(43)) - raft.server.log.preallocated.size = 16384 (custom)
2019-08-03 03:58:53,093 INFO  server.RaftServerConfigKeys (ConfUtils.java:logGet(43)) - raft.server.log.write.buffer.size = 33554432 (custom)
2019-08-03 03:58:53,093 INFO  storage.RaftStorage (RaftStorage.java:format(72)) - Storage directory /workdir/hadoop-ozone/integration-test/target/test-dir/MiniOzoneClusterImpl-f2035a8c-d4a7-4d05-b03a-0b8d8001dcbb/datanode-2/data/ratis/ad73e822-1adf-452d-ad05-19079b00dde2 has been successfully formatted.
2019-08-03 03:58:53,093 INFO  server.RaftServerConfigKeys (ConfUtils.java:logGet(43)) - raft.server.log.force.sync.num = 128 (default)
2019-08-03 03:58:53,094 INFO  storage.RaftStorage (RaftStorage.java:format(72)) - Storage directory /workdir/hadoop-ozone/integration-test/target/test-dir/MiniOzoneClusterImpl-f2035a8c-d4a7-4d05-b03a-0b8d8001dcbb/datanode-1/data/ratis/ad73e822-1adf-452d-ad05-19079b00dde2 has been successfully formatted.
2019-08-03 03:58:53,095 INFO  ratis.ContainerStateMachine (ContainerStateMachine.java:loadSnapshot(213)) - group-19079B00DDE2: The snapshot info is null. Setting the last applied indexto:(t:0, i:~)
2019-08-03 03:58:53,094 INFO  server.RaftServerConfigKeys (ConfUtils.java:logGet(43)) - raft.server.log.statemachine.data.sync = true (default)
2019-08-03 03:58:53,095 INFO  server.RaftServerConfigKeys (ConfUtils.java:logGet(43)) - raft.server.leader.election.timeout = 120s (custom)
2019-08-03 03:58:53,095 INFO  ratis.ContainerStateMachine (ContainerStateMachine.java:loadSnapshot(213)) - group-19079B00DDE2: The snapshot info is null. Setting the last applied indexto:(t:0, i:~)
2019-08-03 03:58:53,095 INFO  server.RaftServerConfigKeys (ConfUtils.java:logGet(43)) - raft.server.log.use.memory = false (default)
2019-08-03 03:58:53,095 INFO  server.RaftServerConfigKeys (ConfUtils.java:logGet(43)) - raft.server.log.statemachine.data.sync.timeout = 10s (default)
2019-08-03 03:58:53,095 INFO  server.RaftServerConfigKeys (ConfUtils.java:logGet(43)) - raft.server.log.purge.gap = 1000000000 (custom)
2019-08-03 03:58:53,095 INFO  server.RaftServerConfigKeys (ConfUtils.java:logGet(43)) - raft.server.leader.election.timeout = 120s (custom)
2019-08-03 03:58:53,096 INFO  server.RaftServerConfigKeys (ConfUtils.java:logGet(43)) - raft.server.log.appender.buffer.byte-limit = 33554432 (custom)
2019-08-03 03:58:53,096 INFO  server.RaftServerConfigKeys (ConfUtils.java:logGet(43)) - raft.server.log.statemachine.data.sync.timeout.retry = -1 (default)
2019-08-03 03:58:53,096 INFO  server.RaftServerConfigKeys (ConfUtils.java:logGet(43)) - raft.server.log.segment.size.max = 1048576 (custom)
2019-08-03 03:58:53,096 INFO  server.RaftServerConfigKeys (ConfUtils.java:logGet(43)) - raft.server.log.use.memory = false (default)
2019-08-03 03:58:53,096 INFO  server.RaftServerConfigKeys (ConfUtils.java:logGet(43)) - raft.server.log.segment.cache.num.max = 2 (custom)
2019-08-03 03:58:53,096 INFO  server.RaftServerConfigKeys (ConfUtils.java:logGet(43)) - raft.server.log.statemachine.data.caching.enabled = true (custom)
2019-08-03 03:58:53,097 INFO  segmented.SegmentedRaftLogWorker (SegmentedRaftLogWorker.java:<init>(172)) - new cc70d045-6157-4db3-ac9b-fa1972ae6e3b-SegmentedRaftLogWorker:Storage Directory /workdir/hadoop-ozone/integration-test/target/test-dir/MiniOzoneClusterImpl-f2035a8c-d4a7-4d05-b03a-0b8d8001dcbb/datanode-2/data/ratis/ad73e822-1adf-452d-ad05-19079b00dde2 for RaftStorage:Storage Directory /workdir/hadoop-ozone/integration-test/target/test-dir/MiniOzoneClusterImpl-f2035a8c-d4a7-4d05-b03a-0b8d8001dcbb/datanode-2/data/ratis/ad73e822-1adf-452d-ad05-19079b00dde2
2019-08-03 03:58:53,097 INFO  server.RaftServerConfigKeys (ConfUtils.java:logGet(43)) - raft.server.log.purge.gap = 1000000000 (custom)
2019-08-03 03:58:53,097 INFO  server.RaftServerConfigKeys (ConfUtils.java:logGet(43)) - raft.server.log.queue.byte-limit = 2147483647 (custom)
2019-08-03 03:58:53,097 INFO  segmented.SegmentedRaftLogWorker (SegmentedRaftLogWorker.java:lambda$new$0(132)) - e8a7653e-b2d1-497d-9c99-71550c289f3a-SegmentedRaftLogWorker:Storage Directory /workdir/hadoop-ozone/integration-test/target/test-dir/MiniOzoneClusterImpl-f2035a8c-d4a7-4d05-b03a-0b8d8001dcbb/datanode-0/data/ratis/ad73e822-1adf-452d-ad05-19079b00dde2: flushIndex: setUnconditionally 0 -> -1
2019-08-03 03:58:53,099 INFO  server.RaftServerConfigKeys (ConfUtils.java:logGet(43)) - raft.server.log.queue.element-limit = 1024 (custom)
2019-08-03 03:58:53,099 INFO  server.RaftServerConfigKeys (ConfUtils.java:logGet(43)) - raft.server.log.appender.buffer.byte-limit = 33554432 (custom)
2019-08-03 03:58:53,099 INFO  server.RaftServerConfigKeys (ConfUtils.java:logGet(43)) - raft.server.log.segment.size.max = 1048576 (custom)
2019-08-03 03:58:53,099 INFO  server.RaftServerConfigKeys (ConfUtils.java:logGet(43)) - raft.server.snapshot.auto.trigger.enabled = true (custom)
2019-08-03 03:58:53,099 INFO  server.RaftServerConfigKeys (ConfUtils.java:logGet(43)) - raft.server.log.preallocated.size = 16384 (custom)
2019-08-03 03:58:53,099 INFO  server.RaftServerConfigKeys (ConfUtils.java:logGet(43)) - raft.server.log.segment.size.max = 1048576 (custom)
2019-08-03 03:58:53,100 INFO  server.RaftServerConfigKeys (ConfUtils.java:logGet(43)) - raft.server.log.write.buffer.size = 33554432 (custom)
2019-08-03 03:58:53,100 INFO  server.RaftServerConfigKeys (ConfUtils.java:logGet(43)) - raft.server.snapshot.auto.trigger.threshold = 10000 (custom)
2019-08-03 03:58:53,100 INFO  server.RaftServerConfigKeys (ConfUtils.java:logGet(43)) - raft.server.log.force.sync.num = 128 (default)
2019-08-03 03:58:53,100 INFO  server.RaftServerConfigKeys (ConfUtils.java:logGet(43)) - raft.server.retrycache.expirytime = 600000ms (custom)
2019-08-03 03:58:53,100 INFO  server.RaftServerConfigKeys (ConfUtils.java:logGet(43)) - raft.server.log.segment.cache.num.max = 2 (custom)
2019-08-03 03:58:53,101 INFO  impl.RaftServerImpl (RaftServerImpl.java:start(180)) - e8a7653e-b2d1-497d-9c99-71550c289f3a: start group-19079B00DDE2
2019-08-03 03:58:53,100 INFO  server.RaftServerConfigKeys (ConfUtils.java:logGet(43)) - raft.server.log.statemachine.data.sync = true (default)
2019-08-03 03:58:53,101 INFO  impl.RaftServerImpl (RaftServerImpl.java:setRole(171)) - e8a7653e-b2d1-497d-9c99-71550c289f3a:group-19079B00DDE2 changes role from null to FOLLOWER at term 0 for startAsFollower
2019-08-03 03:58:53,101 INFO  segmented.SegmentedRaftLogWorker (SegmentedRaftLogWorker.java:<init>(172)) - new 0be52bb6-2651-4310-b38e-31e89798d0bc-SegmentedRaftLogWorker:Storage Directory /workdir/hadoop-ozone/integration-test/target/test-dir/MiniOzoneClusterImpl-f2035a8c-d4a7-4d05-b03a-0b8d8001dcbb/datanode-1/data/ratis/ad73e822-1adf-452d-ad05-19079b00dde2 for RaftStorage:Storage Directory /workdir/hadoop-ozone/integration-test/target/test-dir/MiniOzoneClusterImpl-f2035a8c-d4a7-4d05-b03a-0b8d8001dcbb/datanode-1/data/ratis/ad73e822-1adf-452d-ad05-19079b00dde2
2019-08-03 03:58:53,101 INFO  impl.RoleInfo (RoleInfo.java:updateAndGet(143)) - e8a7653e-b2d1-497d-9c99-71550c289f3a: start FollowerState
2019-08-03 03:58:53,101 INFO  server.RaftServerConfigKeys (ConfUtils.java:logGet(43)) - raft.server.log.statemachine.data.sync.timeout = 10s (default)
2019-08-03 03:58:53,101 INFO  server.RaftServerConfigKeys (ConfUtils.java:logGet(43)) - raft.server.log.queue.byte-limit = 2147483647 (custom)
2019-08-03 03:58:53,103 INFO  util.JmxRegister (JmxRegister.java:tryRegister(44)) - Successfully registered JMX Bean with object name Ratis:service=RaftServer,group=group-19079B00DDE2,id=e8a7653e-b2d1-497d-9c99-71550c289f3a
2019-08-03 03:58:53,103 INFO  server.RaftServerConfigKeys (ConfUtils.java:logGet(43)) - raft.server.log.queue.element-limit = 1024 (custom)
2019-08-03 03:58:53,103 INFO  server.RaftServerConfigKeys (ConfUtils.java:logGet(43)) - raft.server.log.statemachine.data.sync.timeout.retry = -1 (default)
2019-08-03 03:58:53,103 INFO  server.RaftServerConfigKeys (ConfUtils.java:logGet(43)) - raft.server.log.segment.size.max = 1048576 (custom)
2019-08-03 03:58:53,104 INFO  server.RaftServerConfigKeys (ConfUtils.java:logGet(43)) - raft.server.log.statemachine.data.caching.enabled = true (custom)
2019-08-03 03:58:53,104 INFO  server.RaftServerConfigKeys (ConfUtils.java:logGet(43)) - raft.server.log.preallocated.size = 16384 (custom)
2019-08-03 03:58:53,104 INFO  server.RaftServerConfigKeys (ConfUtils.java:logGet(43)) - raft.server.log.write.buffer.size = 33554432 (custom)
2019-08-03 03:58:53,104 INFO  segmented.SegmentedRaftLogWorker (SegmentedRaftLogWorker.java:lambda$new$0(132)) - cc70d045-6157-4db3-ac9b-fa1972ae6e3b-SegmentedRaftLogWorker:Storage Directory /workdir/hadoop-ozone/integration-test/target/test-dir/MiniOzoneClusterImpl-f2035a8c-d4a7-4d05-b03a-0b8d8001dcbb/datanode-2/data/ratis/ad73e822-1adf-452d-ad05-19079b00dde2: flushIndex: setUnconditionally 0 -> -1
2019-08-03 03:58:53,106 INFO  server.RaftServerConfigKeys (ConfUtils.java:logGet(43)) - raft.server.log.force.sync.num = 128 (default)
2019-08-03 03:58:53,106 INFO  server.RaftServerConfigKeys (ConfUtils.java:logGet(43)) - raft.server.log.statemachine.data.sync = true (default)
2019-08-03 03:58:53,106 INFO  server.RaftServerConfigKeys (ConfUtils.java:logGet(43)) - raft.server.snapshot.auto.trigger.enabled = true (custom)
2019-08-03 03:58:53,106 INFO  server.RaftServerConfigKeys (ConfUtils.java:logGet(43)) - raft.server.log.statemachine.data.sync.timeout = 10s (default)
2019-08-03 03:58:53,106 INFO  server.RaftServerConfigKeys (ConfUtils.java:logGet(43)) - raft.server.snapshot.auto.trigger.threshold = 10000 (custom)
2019-08-03 03:58:53,106 INFO  server.RaftServerConfigKeys (ConfUtils.java:logGet(43)) - raft.server.log.statemachine.data.sync.timeout.retry = -1 (default)
2019-08-03 03:58:53,107 INFO  server.RaftServerConfigKeys (ConfUtils.java:logGet(43)) - raft.server.retrycache.expirytime = 600000ms (custom)
2019-08-03 03:58:53,108 INFO  server.RaftServerConfigKeys (ConfUtils.java:logGet(43)) - raft.server.log.statemachine.data.caching.enabled = true (custom)
2019-08-03 03:58:53,109 INFO  impl.RaftServerImpl (RaftServerImpl.java:start(180)) - cc70d045-6157-4db3-ac9b-fa1972ae6e3b: start group-19079B00DDE2
2019-08-03 03:58:53,110 INFO  impl.RaftServerImpl (RaftServerImpl.java:setRole(171)) - cc70d045-6157-4db3-ac9b-fa1972ae6e3b:group-19079B00DDE2 changes role from null to FOLLOWER at term 0 for startAsFollower
2019-08-03 03:58:53,110 INFO  segmented.SegmentedRaftLogWorker (SegmentedRaftLogWorker.java:lambda$new$0(132)) - 0be52bb6-2651-4310-b38e-31e89798d0bc-SegmentedRaftLogWorker:Storage Directory /workdir/hadoop-ozone/integration-test/target/test-dir/MiniOzoneClusterImpl-f2035a8c-d4a7-4d05-b03a-0b8d8001dcbb/datanode-1/data/ratis/ad73e822-1adf-452d-ad05-19079b00dde2: flushIndex: setUnconditionally 0 -> -1
2019-08-03 03:58:53,110 INFO  impl.RoleInfo (RoleInfo.java:updateAndGet(143)) - cc70d045-6157-4db3-ac9b-fa1972ae6e3b: start FollowerState
2019-08-03 03:58:53,115 INFO  server.RaftServerConfigKeys (ConfUtils.java:logGet(43)) - raft.server.snapshot.auto.trigger.enabled = true (custom)
2019-08-03 03:58:53,117 INFO  server.RaftServerConfigKeys (ConfUtils.java:logGet(43)) - raft.server.snapshot.auto.trigger.threshold = 10000 (custom)
2019-08-03 03:58:53,117 INFO  util.JmxRegister (JmxRegister.java:tryRegister(44)) - Successfully registered JMX Bean with object name Ratis:service=RaftServer,group=group-19079B00DDE2,id=cc70d045-6157-4db3-ac9b-fa1972ae6e3b
2019-08-03 03:58:53,117 INFO  server.RaftServerConfigKeys (ConfUtils.java:logGet(43)) - raft.server.retrycache.expirytime = 600000ms (custom)
2019-08-03 03:58:53,118 INFO  impl.RaftServerImpl (RaftServerImpl.java:start(180)) - 0be52bb6-2651-4310-b38e-31e89798d0bc: start group-19079B00DDE2
2019-08-03 03:58:53,118 INFO  impl.RaftServerImpl (RaftServerImpl.java:setRole(171)) - 0be52bb6-2651-4310-b38e-31e89798d0bc:group-19079B00DDE2 changes role from null to FOLLOWER at term 0 for startAsFollower
2019-08-03 03:58:53,118 INFO  impl.RoleInfo (RoleInfo.java:updateAndGet(143)) - 0be52bb6-2651-4310-b38e-31e89798d0bc: start FollowerState
2019-08-03 03:58:53,118 INFO  util.JmxRegister (JmxRegister.java:tryRegister(44)) - Successfully registered JMX Bean with object name Ratis:service=RaftServer,group=group-19079B00DDE2,id=0be52bb6-2651-4310-b38e-31e89798d0bc
2019-08-03 03:58:53,134 INFO  pipeline.PipelineStateManager (PipelineStateManager.java:addPipeline(56)) - Created pipeline Pipeline[ Id: ad73e822-1adf-452d-ad05-19079b00dde2, Nodes: 0be52bb6-2651-4310-b38e-31e89798d0bc{ip: 192.168.5.147, host: byscane-nightly-b86qh-2100283676, networkLocation: /default-rack, certSerialId: null}cc70d045-6157-4db3-ac9b-fa1972ae6e3b{ip: 192.168.5.147, host: byscane-nightly-b86qh-2100283676, networkLocation: /default-rack, certSerialId: null}e8a7653e-b2d1-497d-9c99-71550c289f3a{ip: 192.168.5.147, host: byscane-nightly-b86qh-2100283676, networkLocation: /default-rack, certSerialId: null}, Type:RATIS, Factor:THREE, State:OPEN]
2019-08-03 03:58:53,157 INFO  impl.RaftServerProxy (RaftServerProxy.java:addNew(89)) - 566a1ba4-fd5b-423c-9f69-f766773328d9: addNew group-24A3763077B1:[eb9bd40f-6483-4d89-916f-e4c801267cb0:192.168.5.147:35225, a5ea9a5d-75b9-4714-9f7f-6758ee084b69:192.168.5.147:33170, 566a1ba4-fd5b-423c-9f69-f766773328d9:192.168.5.147:40552] returns group-24A3763077B1:java.util.concurrent.CompletableFuture@62f4c330[Not completed]
2019-08-03 03:58:53,159 INFO  impl.RaftServerProxy (RaftServerProxy.java:addNew(89)) - a5ea9a5d-75b9-4714-9f7f-6758ee084b69: addNew group-24A3763077B1:[eb9bd40f-6483-4d89-916f-e4c801267cb0:192.168.5.147:35225, a5ea9a5d-75b9-4714-9f7f-6758ee084b69:192.168.5.147:33170, 566a1ba4-fd5b-423c-9f69-f766773328d9:192.168.5.147:40552] returns group-24A3763077B1:java.util.concurrent.CompletableFuture@5b502553[Not completed]
2019-08-03 03:58:53,161 INFO  impl.RaftServerProxy (RaftServerProxy.java:addNew(89)) - eb9bd40f-6483-4d89-916f-e4c801267cb0: addNew group-24A3763077B1:[eb9bd40f-6483-4d89-916f-e4c801267cb0:192.168.5.147:35225, a5ea9a5d-75b9-4714-9f7f-6758ee084b69:192.168.5.147:33170, 566a1ba4-fd5b-423c-9f69-f766773328d9:192.168.5.147:40552] returns group-24A3763077B1:java.util.concurrent.CompletableFuture@1adaee8c[Not completed]
2019-08-03 03:58:53,161 INFO  impl.RaftServerImpl (RaftServerImpl.java:<init>(93)) - 566a1ba4-fd5b-423c-9f69-f766773328d9: new RaftServerImpl for group-24A3763077B1:[eb9bd40f-6483-4d89-916f-e4c801267cb0:192.168.5.147:35225, a5ea9a5d-75b9-4714-9f7f-6758ee084b69:192.168.5.147:33170, 566a1ba4-fd5b-423c-9f69-f766773328d9:192.168.5.147:40552] with ContainerStateMachine:uninitialized
2019-08-03 03:58:53,161 INFO  server.RaftServerConfigKeys (ConfUtils.java:logGet(43)) - raft.server.rpc.timeout.min = 5s (custom)
2019-08-03 03:58:53,162 INFO  server.RaftServerConfigKeys (ConfUtils.java:logGet(43)) - raft.server.rpc.timeout.max = 5200ms (custom)
2019-08-03 03:58:53,162 INFO  server.RaftServerConfigKeys (ConfUtils.java:logGet(43)) - raft.server.rpcslowness.timeout = 120s (custom)
2019-08-03 03:58:53,162 INFO  server.RaftServerConfigKeys (ConfUtils.java:logGet(43)) - raft.server.sleep.deviation.threshold = 300 (default)
2019-08-03 03:58:53,162 INFO  server.RaftServerConfigKeys (ConfUtils.java:logGet(43)) - raft.server.log.appender.install.snapshot.enabled = false (custom)
2019-08-03 03:58:53,162 INFO  impl.RaftServerImpl (ServerState.java:<init>(105)) - 566a1ba4-fd5b-423c-9f69-f766773328d9:group-24A3763077B1 ConfigurationManager, init=-1: [eb9bd40f-6483-4d89-916f-e4c801267cb0:192.168.5.147:35225, a5ea9a5d-75b9-4714-9f7f-6758ee084b69:192.168.5.147:33170, 566a1ba4-fd5b-423c-9f69-f766773328d9:192.168.5.147:40552], old=null, confs=<EMPTY_MAP>
2019-08-03 03:58:53,162 INFO  impl.RaftServerImpl (RaftServerImpl.java:<init>(93)) - a5ea9a5d-75b9-4714-9f7f-6758ee084b69: new RaftServerImpl for group-24A3763077B1:[eb9bd40f-6483-4d89-916f-e4c801267cb0:192.168.5.147:35225, a5ea9a5d-75b9-4714-9f7f-6758ee084b69:192.168.5.147:33170, 566a1ba4-fd5b-423c-9f69-f766773328d9:192.168.5.147:40552] with ContainerStateMachine:uninitialized
2019-08-03 03:58:53,163 INFO  server.RaftServerConfigKeys (ConfUtils.java:logGet(43)) - raft.server.storage.dir = [/workdir/hadoop-ozone/integration-test/target/test-dir/MiniOzoneClusterImpl-f2035a8c-d4a7-4d05-b03a-0b8d8001dcbb/datanode-4/data/ratis] (custom)
2019-08-03 03:58:53,163 INFO  server.RaftServerConfigKeys (ConfUtils.java:logGet(43)) - raft.server.rpc.timeout.min = 5s (custom)
2019-08-03 03:58:53,163 INFO  server.RaftServerConfigKeys (ConfUtils.java:logGet(43)) - raft.server.rpc.timeout.max = 5200ms (custom)
2019-08-03 03:58:53,163 INFO  impl.RaftServerImpl (RaftServerImpl.java:<init>(93)) - eb9bd40f-6483-4d89-916f-e4c801267cb0: new RaftServerImpl for group-24A3763077B1:[eb9bd40f-6483-4d89-916f-e4c801267cb0:192.168.5.147:35225, a5ea9a5d-75b9-4714-9f7f-6758ee084b69:192.168.5.147:33170, 566a1ba4-fd5b-423c-9f69-f766773328d9:192.168.5.147:40552] with ContainerStateMachine:uninitialized
2019-08-03 03:58:53,163 INFO  storage.RaftStorageDirectory (RaftStorageDirectory.java:analyzeStorage(246)) - The storage directory /workdir/hadoop-ozone/integration-test/target/test-dir/MiniOzoneClusterImpl-f2035a8c-d4a7-4d05-b03a-0b8d8001dcbb/datanode-4/data/ratis/3f502d0d-cfef-411a-8db1-24a3763077b1 does not exist. Creating ...
2019-08-03 03:58:53,163 INFO  server.RaftServerConfigKeys (ConfUtils.java:logGet(43)) - raft.server.rpc.timeout.min = 5s (custom)
2019-08-03 03:58:53,163 INFO  server.RaftServerConfigKeys (ConfUtils.java:logGet(43)) - raft.server.rpcslowness.timeout = 120s (custom)
2019-08-03 03:58:53,164 INFO  server.RaftServerConfigKeys (ConfUtils.java:logGet(43)) - raft.server.rpc.timeout.max = 5200ms (custom)
2019-08-03 03:58:53,164 INFO  server.RaftServerConfigKeys (ConfUtils.java:logGet(43)) - raft.server.sleep.deviation.threshold = 300 (default)
2019-08-03 03:58:53,164 INFO  server.RaftServerConfigKeys (ConfUtils.java:logGet(43)) - raft.server.rpcslowness.timeout = 120s (custom)
2019-08-03 03:58:53,164 INFO  server.RaftServerConfigKeys (ConfUtils.java:logGet(43)) - raft.server.log.appender.install.snapshot.enabled = false (custom)
2019-08-03 03:58:53,164 INFO  server.RaftServerConfigKeys (ConfUtils.java:logGet(43)) - raft.server.sleep.deviation.threshold = 300 (default)
2019-08-03 03:58:53,164 INFO  impl.RaftServerImpl (ServerState.java:<init>(105)) - a5ea9a5d-75b9-4714-9f7f-6758ee084b69:group-24A3763077B1 ConfigurationManager, init=-1: [eb9bd40f-6483-4d89-916f-e4c801267cb0:192.168.5.147:35225, a5ea9a5d-75b9-4714-9f7f-6758ee084b69:192.168.5.147:33170, 566a1ba4-fd5b-423c-9f69-f766773328d9:192.168.5.147:40552], old=null, confs=<EMPTY_MAP>
2019-08-03 03:58:53,164 INFO  server.RaftServerConfigKeys (ConfUtils.java:logGet(43)) - raft.server.log.appender.install.snapshot.enabled = false (custom)
2019-08-03 03:58:53,165 INFO  impl.RaftServerImpl (ServerState.java:<init>(105)) - eb9bd40f-6483-4d89-916f-e4c801267cb0:group-24A3763077B1 ConfigurationManager, init=-1: [eb9bd40f-6483-4d89-916f-e4c801267cb0:192.168.5.147:35225, a5ea9a5d-75b9-4714-9f7f-6758ee084b69:192.168.5.147:33170, 566a1ba4-fd5b-423c-9f69-f766773328d9:192.168.5.147:40552], old=null, confs=<EMPTY_MAP>
2019-08-03 03:58:53,165 INFO  server.RaftServerConfigKeys (ConfUtils.java:logGet(43)) - raft.server.storage.dir = [/workdir/hadoop-ozone/integration-test/target/test-dir/MiniOzoneClusterImpl-f2035a8c-d4a7-4d05-b03a-0b8d8001dcbb/datanode-5/data/ratis] (custom)
2019-08-03 03:58:53,165 INFO  server.RaftServerConfigKeys (ConfUtils.java:logGet(43)) - raft.server.storage.dir = [/workdir/hadoop-ozone/integration-test/target/test-dir/MiniOzoneClusterImpl-f2035a8c-d4a7-4d05-b03a-0b8d8001dcbb/datanode-3/data/ratis] (custom)
2019-08-03 03:58:53,165 INFO  storage.RaftStorageDirectory (RaftStorageDirectory.java:analyzeStorage(246)) - The storage directory /workdir/hadoop-ozone/integration-test/target/test-dir/MiniOzoneClusterImpl-f2035a8c-d4a7-4d05-b03a-0b8d8001dcbb/datanode-5/data/ratis/3f502d0d-cfef-411a-8db1-24a3763077b1 does not exist. Creating ...
2019-08-03 03:58:53,165 INFO  storage.RaftStorageDirectory (RaftStorageDirectory.java:analyzeStorage(246)) - The storage directory /workdir/hadoop-ozone/integration-test/target/test-dir/MiniOzoneClusterImpl-f2035a8c-d4a7-4d05-b03a-0b8d8001dcbb/datanode-3/data/ratis/3f502d0d-cfef-411a-8db1-24a3763077b1 does not exist. Creating ...
2019-08-03 03:58:53,177 INFO  storage.RaftStorageDirectory (RaftStorageDirectory.java:tryLock(328)) - Lock on /workdir/hadoop-ozone/integration-test/target/test-dir/MiniOzoneClusterImpl-f2035a8c-d4a7-4d05-b03a-0b8d8001dcbb/datanode-4/data/ratis/3f502d0d-cfef-411a-8db1-24a3763077b1/in_use.lock acquired by nodename 14504@byscane-nightly-b86qh-2100283676
2019-08-03 03:58:53,177 INFO  storage.RaftStorageDirectory (RaftStorageDirectory.java:tryLock(328)) - Lock on /workdir/hadoop-ozone/integration-test/target/test-dir/MiniOzoneClusterImpl-f2035a8c-d4a7-4d05-b03a-0b8d8001dcbb/datanode-3/data/ratis/3f502d0d-cfef-411a-8db1-24a3763077b1/in_use.lock acquired by nodename 14504@byscane-nightly-b86qh-2100283676
2019-08-03 03:58:53,177 INFO  storage.RaftStorageDirectory (RaftStorageDirectory.java:tryLock(328)) - Lock on /workdir/hadoop-ozone/integration-test/target/test-dir/MiniOzoneClusterImpl-f2035a8c-d4a7-4d05-b03a-0b8d8001dcbb/datanode-5/data/ratis/3f502d0d-cfef-411a-8db1-24a3763077b1/in_use.lock acquired by nodename 14504@byscane-nightly-b86qh-2100283676
2019-08-03 03:58:53,181 INFO  storage.RaftStorage (RaftStorage.java:format(72)) - Storage directory /workdir/hadoop-ozone/integration-test/target/test-dir/MiniOzoneClusterImpl-f2035a8c-d4a7-4d05-b03a-0b8d8001dcbb/datanode-4/data/ratis/3f502d0d-cfef-411a-8db1-24a3763077b1 has been successfully formatted.
2019-08-03 03:58:53,181 INFO  storage.RaftStorage (RaftStorage.java:format(72)) - Storage directory /workdir/hadoop-ozone/integration-test/target/test-dir/MiniOzoneClusterImpl-f2035a8c-d4a7-4d05-b03a-0b8d8001dcbb/datanode-3/data/ratis/3f502d0d-cfef-411a-8db1-24a3763077b1 has been successfully formatted.
2019-08-03 03:58:53,181 INFO  storage.RaftStorage (RaftStorage.java:format(72)) - Storage directory /workdir/hadoop-ozone/integration-test/target/test-dir/MiniOzoneClusterImpl-f2035a8c-d4a7-4d05-b03a-0b8d8001dcbb/datanode-5/data/ratis/3f502d0d-cfef-411a-8db1-24a3763077b1 has been successfully formatted.
2019-08-03 03:58:53,182 INFO  ratis.ContainerStateMachine (ContainerStateMachine.java:loadSnapshot(213)) - group-24A3763077B1: The snapshot info is null. Setting the last applied indexto:(t:0, i:~)
2019-08-03 03:58:53,182 INFO  ratis.ContainerStateMachine (ContainerStateMachine.java:loadSnapshot(213)) - group-24A3763077B1: The snapshot info is null. Setting the last applied indexto:(t:0, i:~)
2019-08-03 03:58:53,182 INFO  ratis.ContainerStateMachine (ContainerStateMachine.java:loadSnapshot(213)) - group-24A3763077B1: The snapshot info is null. Setting the last applied indexto:(t:0, i:~)
2019-08-03 03:58:53,182 INFO  server.RaftServerConfigKeys (ConfUtils.java:logGet(43)) - raft.server.leader.election.timeout = 120s (custom)
2019-08-03 03:58:53,182 INFO  server.RaftServerConfigKeys (ConfUtils.java:logGet(43)) - raft.server.leader.election.timeout = 120s (custom)
2019-08-03 03:58:53,182 INFO  server.RaftServerConfigKeys (ConfUtils.java:logGet(43)) - raft.server.log.use.memory = false (default)
2019-08-03 03:58:53,182 INFO  server.RaftServerConfigKeys (ConfUtils.java:logGet(43)) - raft.server.leader.election.timeout = 120s (custom)
2019-08-03 03:58:53,183 INFO  server.RaftServerConfigKeys (ConfUtils.java:logGet(43)) - raft.server.log.purge.gap = 1000000000 (custom)
2019-08-03 03:58:53,182 INFO  server.RaftServerConfigKeys (ConfUtils.java:logGet(43)) - raft.server.log.use.memory = false (default)
2019-08-03 03:58:53,183 INFO  server.RaftServerConfigKeys (ConfUtils.java:logGet(43)) - raft.server.log.appender.buffer.byte-limit = 33554432 (custom)
2019-08-03 03:58:53,183 INFO  server.RaftServerConfigKeys (ConfUtils.java:logGet(43)) - raft.server.log.use.memory = false (default)
2019-08-03 03:58:53,183 INFO  server.RaftServerConfigKeys (ConfUtils.java:logGet(43)) - raft.server.log.segment.size.max = 1048576 (custom)
2019-08-03 03:58:53,183 INFO  server.RaftServerConfigKeys (ConfUtils.java:logGet(43)) - raft.server.log.purge.gap = 1000000000 (custom)
2019-08-03 03:58:53,183 INFO  server.RaftServerConfigKeys (ConfUtils.java:logGet(43)) - raft.server.log.segment.cache.num.max = 2 (custom)
2019-08-03 03:58:53,183 INFO  server.RaftServerConfigKeys (ConfUtils.java:logGet(43)) - raft.server.log.purge.gap = 1000000000 (custom)
2019-08-03 03:58:53,184 INFO  segmented.SegmentedRaftLogWorker (SegmentedRaftLogWorker.java:<init>(172)) - new a5ea9a5d-75b9-4714-9f7f-6758ee084b69-SegmentedRaftLogWorker:Storage Directory /workdir/hadoop-ozone/integration-test/target/test-dir/MiniOzoneClusterImpl-f2035a8c-d4a7-4d05-b03a-0b8d8001dcbb/datanode-5/data/ratis/3f502d0d-cfef-411a-8db1-24a3763077b1 for RaftStorage:Storage Directory /workdir/hadoop-ozone/integration-test/target/test-dir/MiniOzoneClusterImpl-f2035a8c-d4a7-4d05-b03a-0b8d8001dcbb/datanode-5/data/ratis/3f502d0d-cfef-411a-8db1-24a3763077b1
2019-08-03 03:58:53,184 INFO  server.RaftServerConfigKeys (ConfUtils.java:logGet(43)) - raft.server.log.appender.buffer.byte-limit = 33554432 (custom)
2019-08-03 03:58:53,184 INFO  server.RaftServerConfigKeys (ConfUtils.java:logGet(43)) - raft.server.log.queue.byte-limit = 2147483647 (custom)
2019-08-03 03:58:53,184 INFO  server.RaftServerConfigKeys (ConfUtils.java:logGet(43)) - raft.server.log.appender.buffer.byte-limit = 33554432 (custom)
2019-08-03 03:58:53,185 INFO  server.RaftServerConfigKeys (ConfUtils.java:logGet(43)) - raft.server.log.queue.element-limit = 1024 (custom)
2019-08-03 03:58:53,184 INFO  server.RaftServerConfigKeys (ConfUtils.java:logGet(43)) - raft.server.log.segment.size.max = 1048576 (custom)
2019-08-03 03:58:53,186 INFO  server.RaftServerConfigKeys (ConfUtils.java:logGet(43)) - raft.server.log.segment.size.max = 1048576 (custom)
2019-08-03 03:58:53,186 INFO  server.RaftServerConfigKeys (ConfUtils.java:logGet(43)) - raft.server.log.preallocated.size = 16384 (custom)
2019-08-03 03:58:53,186 INFO  server.RaftServerConfigKeys (ConfUtils.java:logGet(43)) - raft.server.log.segment.size.max = 1048576 (custom)
2019-08-03 03:58:53,186 INFO  server.RaftServerConfigKeys (ConfUtils.java:logGet(43)) - raft.server.log.write.buffer.size = 33554432 (custom)
2019-08-03 03:58:53,186 INFO  server.RaftServerConfigKeys (ConfUtils.java:logGet(43)) - raft.server.log.segment.cache.num.max = 2 (custom)
2019-08-03 03:58:53,186 INFO  server.RaftServerConfigKeys (ConfUtils.java:logGet(43)) - raft.server.log.force.sync.num = 128 (default)
2019-08-03 03:58:53,186 INFO  server.RaftServerConfigKeys (ConfUtils.java:logGet(43)) - raft.server.log.segment.cache.num.max = 2 (custom)
2019-08-03 03:58:53,187 INFO  server.RaftServerConfigKeys (ConfUtils.java:logGet(43)) - raft.server.log.statemachine.data.sync = true (default)
2019-08-03 03:58:53,187 INFO  segmented.SegmentedRaftLogWorker (SegmentedRaftLogWorker.java:<init>(172)) - new 566a1ba4-fd5b-423c-9f69-f766773328d9-SegmentedRaftLogWorker:Storage Directory /workdir/hadoop-ozone/integration-test/target/test-dir/MiniOzoneClusterImpl-f2035a8c-d4a7-4d05-b03a-0b8d8001dcbb/datanode-4/data/ratis/3f502d0d-cfef-411a-8db1-24a3763077b1 for RaftStorage:Storage Directory /workdir/hadoop-ozone/integration-test/target/test-dir/MiniOzoneClusterImpl-f2035a8c-d4a7-4d05-b03a-0b8d8001dcbb/datanode-4/data/ratis/3f502d0d-cfef-411a-8db1-24a3763077b1
2019-08-03 03:58:53,187 INFO  server.RaftServerConfigKeys (ConfUtils.java:logGet(43)) - raft.server.log.statemachine.data.sync.timeout = 10s (default)
2019-08-03 03:58:53,187 INFO  segmented.SegmentedRaftLogWorker (SegmentedRaftLogWorker.java:<init>(172)) - new eb9bd40f-6483-4d89-916f-e4c801267cb0-SegmentedRaftLogWorker:Storage Directory /workdir/hadoop-ozone/integration-test/target/test-dir/MiniOzoneClusterImpl-f2035a8c-d4a7-4d05-b03a-0b8d8001dcbb/datanode-3/data/ratis/3f502d0d-cfef-411a-8db1-24a3763077b1 for RaftStorage:Storage Directory /workdir/hadoop-ozone/integration-test/target/test-dir/MiniOzoneClusterImpl-f2035a8c-d4a7-4d05-b03a-0b8d8001dcbb/datanode-3/data/ratis/3f502d0d-cfef-411a-8db1-24a3763077b1
2019-08-03 03:58:53,187 INFO  server.RaftServerConfigKeys (ConfUtils.java:logGet(43)) - raft.server.log.statemachine.data.sync.timeout.retry = -1 (default)
2019-08-03 03:58:53,187 INFO  server.RaftServerConfigKeys (ConfUtils.java:logGet(43)) - raft.server.log.queue.byte-limit = 2147483647 (custom)
2019-08-03 03:58:53,190 INFO  server.RaftServerConfigKeys (ConfUtils.java:logGet(43)) - raft.server.log.statemachine.data.caching.enabled = true (custom)
2019-08-03 03:58:53,188 INFO  server.RaftServerConfigKeys (ConfUtils.java:logGet(43)) - raft.server.log.queue.byte-limit = 2147483647 (custom)
2019-08-03 03:58:53,190 INFO  server.RaftServerConfigKeys (ConfUtils.java:logGet(43)) - raft.server.log.queue.element-limit = 1024 (custom)
2019-08-03 03:58:53,190 INFO  server.RaftServerConfigKeys (ConfUtils.java:logGet(43)) - raft.server.log.queue.element-limit = 1024 (custom)
2019-08-03 03:58:53,190 INFO  segmented.SegmentedRaftLogWorker (SegmentedRaftLogWorker.java:lambda$new$0(132)) - a5ea9a5d-75b9-4714-9f7f-6758ee084b69-SegmentedRaftLogWorker:Storage Directory /workdir/hadoop-ozone/integration-test/target/test-dir/MiniOzoneClusterImpl-f2035a8c-d4a7-4d05-b03a-0b8d8001dcbb/datanode-5/data/ratis/3f502d0d-cfef-411a-8db1-24a3763077b1: flushIndex: setUnconditionally 0 -> -1
2019-08-03 03:58:53,190 INFO  server.RaftServerConfigKeys (ConfUtils.java:logGet(43)) - raft.server.log.segment.size.max = 1048576 (custom)
2019-08-03 03:58:53,190 INFO  server.RaftServerConfigKeys (ConfUtils.java:logGet(43)) - raft.server.log.segment.size.max = 1048576 (custom)
2019-08-03 03:58:53,191 INFO  server.RaftServerConfigKeys (ConfUtils.java:logGet(43)) - raft.server.log.preallocated.size = 16384 (custom)
2019-08-03 03:58:53,191 INFO  server.RaftServerConfigKeys (ConfUtils.java:logGet(43)) - raft.server.snapshot.auto.trigger.enabled = true (custom)
2019-08-03 03:58:53,191 INFO  server.RaftServerConfigKeys (ConfUtils.java:logGet(43)) - raft.server.log.write.buffer.size = 33554432 (custom)
2019-08-03 03:58:53,191 INFO  server.RaftServerConfigKeys (ConfUtils.java:logGet(43)) - raft.server.log.preallocated.size = 16384 (custom)
2019-08-03 03:58:53,191 INFO  server.RaftServerConfigKeys (ConfUtils.java:logGet(43)) - raft.server.log.force.sync.num = 128 (default)
2019-08-03 03:58:53,191 INFO  server.RaftServerConfigKeys (ConfUtils.java:logGet(43)) - raft.server.snapshot.auto.trigger.threshold = 10000 (custom)
2019-08-03 03:58:53,191 INFO  server.RaftServerConfigKeys (ConfUtils.java:logGet(43)) - raft.server.log.statemachine.data.sync = true (default)
2019-08-03 03:58:53,191 INFO  server.RaftServerConfigKeys (ConfUtils.java:logGet(43)) - raft.server.log.write.buffer.size = 33554432 (custom)
2019-08-03 03:58:53,192 INFO  server.RaftServerConfigKeys (ConfUtils.java:logGet(43)) - raft.server.log.statemachine.data.sync.timeout = 10s (default)
2019-08-03 03:58:53,192 INFO  server.RaftServerConfigKeys (ConfUtils.java:logGet(43)) - raft.server.retrycache.expirytime = 600000ms (custom)
2019-08-03 03:58:53,192 INFO  server.RaftServerConfigKeys (ConfUtils.java:logGet(43)) - raft.server.log.statemachine.data.sync.timeout.retry = -1 (default)
2019-08-03 03:58:53,192 INFO  server.RaftServerConfigKeys (ConfUtils.java:logGet(43)) - raft.server.log.force.sync.num = 128 (default)
2019-08-03 03:58:53,192 INFO  server.RaftServerConfigKeys (ConfUtils.java:logGet(43)) - raft.server.log.statemachine.data.caching.enabled = true (custom)
2019-08-03 03:58:53,192 INFO  server.RaftServerConfigKeys (ConfUtils.java:logGet(43)) - raft.server.log.statemachine.data.sync = true (default)
2019-08-03 03:58:53,192 INFO  impl.RaftServerImpl (RaftServerImpl.java:start(180)) - a5ea9a5d-75b9-4714-9f7f-6758ee084b69: start group-24A3763077B1
2019-08-03 03:58:53,193 INFO  segmented.SegmentedRaftLogWorker (SegmentedRaftLogWorker.java:lambda$new$0(132)) - eb9bd40f-6483-4d89-916f-e4c801267cb0-SegmentedRaftLogWorker:Storage Directory /workdir/hadoop-ozone/integration-test/target/test-dir/MiniOzoneClusterImpl-f2035a8c-d4a7-4d05-b03a-0b8d8001dcbb/datanode-3/data/ratis/3f502d0d-cfef-411a-8db1-24a3763077b1: flushIndex: setUnconditionally 0 -> -1
2019-08-03 03:58:53,193 INFO  server.RaftServerConfigKeys (ConfUtils.java:logGet(43)) - raft.server.log.statemachine.data.sync.timeout = 10s (default)
2019-08-03 03:58:53,193 INFO  impl.RaftServerImpl (RaftServerImpl.java:setRole(171)) - a5ea9a5d-75b9-4714-9f7f-6758ee084b69:group-24A3763077B1 changes role from null to FOLLOWER at term 0 for startAsFollower
2019-08-03 03:58:53,193 INFO  server.RaftServerConfigKeys (ConfUtils.java:logGet(43)) - raft.server.snapshot.auto.trigger.enabled = true (custom)
2019-08-03 03:58:53,193 INFO  server.RaftServerConfigKeys (ConfUtils.java:logGet(43)) - raft.server.log.statemachine.data.sync.timeout.retry = -1 (default)
2019-08-03 03:58:53,193 INFO  server.RaftServerConfigKeys (ConfUtils.java:logGet(43)) - raft.server.snapshot.auto.trigger.threshold = 10000 (custom)
2019-08-03 03:58:53,193 INFO  impl.RoleInfo (RoleInfo.java:updateAndGet(143)) - a5ea9a5d-75b9-4714-9f7f-6758ee084b69: start FollowerState
2019-08-03 03:58:53,194 INFO  server.RaftServerConfigKeys (ConfUtils.java:logGet(43)) - raft.server.log.statemachine.data.caching.enabled = true (custom)
2019-08-03 03:58:53,194 INFO  server.RaftServerConfigKeys (ConfUtils.java:logGet(43)) - raft.server.retrycache.expirytime = 600000ms (custom)
2019-08-03 03:58:53,194 INFO  util.JmxRegister (JmxRegister.java:tryRegister(44)) - Successfully registered JMX Bean with object name Ratis:service=RaftServer,group=group-24A3763077B1,id=a5ea9a5d-75b9-4714-9f7f-6758ee084b69
2019-08-03 03:58:53,194 INFO  impl.RaftServerImpl (RaftServerImpl.java:start(180)) - eb9bd40f-6483-4d89-916f-e4c801267cb0: start group-24A3763077B1
2019-08-03 03:58:53,194 INFO  segmented.SegmentedRaftLogWorker (SegmentedRaftLogWorker.java:lambda$new$0(132)) - 566a1ba4-fd5b-423c-9f69-f766773328d9-SegmentedRaftLogWorker:Storage Directory /workdir/hadoop-ozone/integration-test/target/test-dir/MiniOzoneClusterImpl-f2035a8c-d4a7-4d05-b03a-0b8d8001dcbb/datanode-4/data/ratis/3f502d0d-cfef-411a-8db1-24a3763077b1: flushIndex: setUnconditionally 0 -> -1
2019-08-03 03:58:53,194 INFO  impl.RaftServerImpl (RaftServerImpl.java:setRole(171)) - eb9bd40f-6483-4d89-916f-e4c801267cb0:group-24A3763077B1 changes role from null to FOLLOWER at term 0 for startAsFollower
2019-08-03 03:58:53,195 INFO  impl.RoleInfo (RoleInfo.java:updateAndGet(143)) - eb9bd40f-6483-4d89-916f-e4c801267cb0: start FollowerState
2019-08-03 03:58:53,195 INFO  server.RaftServerConfigKeys (ConfUtils.java:logGet(43)) - raft.server.snapshot.auto.trigger.enabled = true (custom)
2019-08-03 03:58:53,195 INFO  server.RaftServerConfigKeys (ConfUtils.java:logGet(43)) - raft.server.snapshot.auto.trigger.threshold = 10000 (custom)
2019-08-03 03:58:53,195 INFO  server.RaftServerConfigKeys (ConfUtils.java:logGet(43)) - raft.server.retrycache.expirytime = 600000ms (custom)
2019-08-03 03:58:53,195 INFO  util.JmxRegister (JmxRegister.java:tryRegister(44)) - Successfully registered JMX Bean with object name Ratis:service=RaftServer,group=group-24A3763077B1,id=eb9bd40f-6483-4d89-916f-e4c801267cb0
2019-08-03 03:58:53,195 INFO  impl.RaftServerImpl (RaftServerImpl.java:start(180)) - 566a1ba4-fd5b-423c-9f69-f766773328d9: start group-24A3763077B1
2019-08-03 03:58:53,196 INFO  impl.RaftServerImpl (RaftServerImpl.java:setRole(171)) - 566a1ba4-fd5b-423c-9f69-f766773328d9:group-24A3763077B1 changes role from null to FOLLOWER at term 0 for startAsFollower
2019-08-03 03:58:53,197 INFO  impl.RoleInfo (RoleInfo.java:updateAndGet(143)) - 566a1ba4-fd5b-423c-9f69-f766773328d9: start FollowerState
2019-08-03 03:58:53,197 INFO  util.JmxRegister (JmxRegister.java:tryRegister(44)) - Successfully registered JMX Bean with object name Ratis:service=RaftServer,group=group-24A3763077B1,id=566a1ba4-fd5b-423c-9f69-f766773328d9
2019-08-03 03:58:53,217 INFO  pipeline.PipelineStateManager (PipelineStateManager.java:addPipeline(56)) - Created pipeline Pipeline[ Id: 3f502d0d-cfef-411a-8db1-24a3763077b1, Nodes: 566a1ba4-fd5b-423c-9f69-f766773328d9{ip: 192.168.5.147, host: byscane-nightly-b86qh-2100283676, networkLocation: /default-rack, certSerialId: null}a5ea9a5d-75b9-4714-9f7f-6758ee084b69{ip: 192.168.5.147, host: byscane-nightly-b86qh-2100283676, networkLocation: /default-rack, certSerialId: null}eb9bd40f-6483-4d89-916f-e4c801267cb0{ip: 192.168.5.147, host: byscane-nightly-b86qh-2100283676, networkLocation: /default-rack, certSerialId: null}, Type:RATIS, Factor:THREE, State:OPEN]
2019-08-03 03:58:53,755 INFO  ozone.MiniOzoneClusterImpl (MiniOzoneClusterImpl.java:lambda$waitForClusterToBeReady$0(142)) - Cluster is ready. Got 6 of 6 DN Heartbeats.
2019-08-03 03:58:54,104 INFO  rpc.RpcClient (RpcClient.java:createVolume(288)) - Creating Volume: datanodefailurehandlingtest, with jenkins1000 as owner.
2019-08-03 03:58:54,155 INFO  rpc.RpcClient (RpcClient.java:createBucket(425)) - Creating Bucket: datanodefailurehandlingtest/datanodefailurehandlingtest, with Versioning false and Storage Type set to DISK and Encryption set to false 
2019-08-03 03:58:54,416 INFO  impl.MetricsSystemImpl (MetricsSystemImpl.java:init(158)) - XceiverClientMetrics metrics system started (again)
2019-08-03 03:58:54,543 INFO  client.GrpcClientProtocolClient (GrpcClientProtocolClient.java:onNext(255)) - client-346E64023D9A->0be52bb6-2651-4310-b38e-31e89798d0bc: receive RaftClientReply:client-346E64023D9A->0be52bb6-2651-4310-b38e-31e89798d0bc@group-19079B00DDE2, cid=12, FAILED org.apache.ratis.protocol.NotLeaderException: Server 0be52bb6-2651-4310-b38e-31e89798d0bc is not the leader (null). Request must be sent to leader., logIndex=0, commits[0be52bb6-2651-4310-b38e-31e89798d0bc:c-1]
2019-08-03 03:58:54,597 INFO  container.ReplicationManager (ReplicationManager.java:start(155)) - Starting Replication Monitor Thread.
2019-08-03 03:58:54,602 INFO  container.ReplicationManager (ReplicationManager.java:run(207)) - Replication Monitor Thread took 4 milliseconds for processing 1 containers.
2019-08-03 03:58:55,608 INFO  client.GrpcClientProtocolClient (GrpcClientProtocolClient.java:onNext(255)) - client-346E64023D9A->e8a7653e-b2d1-497d-9c99-71550c289f3a: receive RaftClientReply:client-346E64023D9A->e8a7653e-b2d1-497d-9c99-71550c289f3a@group-19079B00DDE2, cid=12, FAILED org.apache.ratis.protocol.NotLeaderException: Server e8a7653e-b2d1-497d-9c99-71550c289f3a is not the leader (null). Request must be sent to leader., logIndex=0, commits[e8a7653e-b2d1-497d-9c99-71550c289f3a:c-1]
2019-08-03 03:58:56,645 INFO  client.GrpcClientProtocolClient (GrpcClientProtocolClient.java:onNext(255)) - client-346E64023D9A->0be52bb6-2651-4310-b38e-31e89798d0bc: receive RaftClientReply:client-346E64023D9A->0be52bb6-2651-4310-b38e-31e89798d0bc@group-19079B00DDE2, cid=12, FAILED org.apache.ratis.protocol.NotLeaderException: Server 0be52bb6-2651-4310-b38e-31e89798d0bc is not the leader (null). Request must be sent to leader., logIndex=0, commits[0be52bb6-2651-4310-b38e-31e89798d0bc:c-1]
2019-08-03 03:58:57,686 INFO  client.GrpcClientProtocolClient (GrpcClientProtocolClient.java:onNext(255)) - client-346E64023D9A->e8a7653e-b2d1-497d-9c99-71550c289f3a: receive RaftClientReply:client-346E64023D9A->e8a7653e-b2d1-497d-9c99-71550c289f3a@group-19079B00DDE2, cid=12, FAILED org.apache.ratis.protocol.NotLeaderException: Server e8a7653e-b2d1-497d-9c99-71550c289f3a is not the leader (null). Request must be sent to leader., logIndex=0, commits[e8a7653e-b2d1-497d-9c99-71550c289f3a:c-1]
2019-08-03 03:58:57,800 INFO  impl.FollowerState (FollowerState.java:run(106)) - e8a7653e-b2d1-497d-9c99-71550c289f3a:group-593668477329 changes to CANDIDATE, lastRpcTime:5198, electionTimeout:5197ms
2019-08-03 03:58:57,801 INFO  impl.RoleInfo (RoleInfo.java:shutdownFollowerState(121)) - e8a7653e-b2d1-497d-9c99-71550c289f3a: shutdown FollowerState
2019-08-03 03:58:57,801 INFO  impl.RaftServerImpl (RaftServerImpl.java:setRole(171)) - e8a7653e-b2d1-497d-9c99-71550c289f3a:group-593668477329 changes role from FOLLOWER to CANDIDATE at term 0 for changeToCandidate
2019-08-03 03:58:57,805 INFO  impl.RoleInfo (RoleInfo.java:updateAndGet(143)) - e8a7653e-b2d1-497d-9c99-71550c289f3a: start LeaderElection
2019-08-03 03:58:57,825 INFO  impl.LeaderElection (LeaderElection.java:askForVotes(181)) - e8a7653e-b2d1-497d-9c99-71550c289f3a:group-593668477329:LeaderElection1: begin an election at term 1 for -1: [e8a7653e-b2d1-497d-9c99-71550c289f3a:192.168.5.147:40339], old=null
2019-08-03 03:58:57,827 INFO  impl.RoleInfo (RoleInfo.java:shutdownLeaderElection(134)) - e8a7653e-b2d1-497d-9c99-71550c289f3a: shutdown LeaderElection
2019-08-03 03:58:57,828 INFO  impl.RaftServerImpl (RaftServerImpl.java:setRole(171)) - e8a7653e-b2d1-497d-9c99-71550c289f3a:group-593668477329 changes role from CANDIDATE to LEADER at term 1 for changeToLeader
2019-08-03 03:58:57,828 INFO  impl.RaftServerImpl (ServerState.java:setLeader(263)) - e8a7653e-b2d1-497d-9c99-71550c289f3a:group-593668477329 change Leader from null to e8a7653e-b2d1-497d-9c99-71550c289f3a at term 1 for becomeLeader, leader elected after 5296ms
2019-08-03 03:58:57,838 INFO  server.RaftServerConfigKeys (ConfUtils.java:logGet(43)) - raft.server.staging.catchup.gap = 1000 (default)
2019-08-03 03:58:57,838 INFO  server.RaftServerConfigKeys (ConfUtils.java:logGet(43)) - raft.server.rpc.sleep.time = 25ms (default)
2019-08-03 03:58:57,842 INFO  server.RaftServerConfigKeys (ConfUtils.java:logGet(43)) - raft.server.write.element-limit = 4096 (default)
2019-08-03 03:58:57,845 INFO  server.RaftServerConfigKeys (ConfUtils.java:logGet(43)) - raft.server.watch.timeout = 10s (default)
2019-08-03 03:58:57,846 INFO  server.RaftServerConfigKeys (ConfUtils.java:logGet(43)) - raft.server.watch.timeout.denomination = 1s (default)
2019-08-03 03:58:57,847 INFO  server.RaftServerConfigKeys (ConfUtils.java:logGet(43)) - raft.server.watch.element-limit = 65536 (default)
2019-08-03 03:58:57,857 INFO  impl.RoleInfo (RoleInfo.java:updateAndGet(143)) - e8a7653e-b2d1-497d-9c99-71550c289f3a: start LeaderState
2019-08-03 03:58:57,885 INFO  segmented.SegmentedRaftLogWorker (SegmentedRaftLogWorker.java:startLogSegment(380)) - e8a7653e-b2d1-497d-9c99-71550c289f3a-SegmentedRaftLogWorker:Storage Directory /workdir/hadoop-ozone/integration-test/target/test-dir/MiniOzoneClusterImpl-f2035a8c-d4a7-4d05-b03a-0b8d8001dcbb/datanode-0/data/ratis/db1507cc-3f5c-42b9-9399-593668477329: Starting segment from index:0
2019-08-03 03:58:57,895 INFO  impl.RaftServerImpl (ServerState.java:setRaftConf(361)) - e8a7653e-b2d1-497d-9c99-71550c289f3a:group-593668477329 set configuration 0: [e8a7653e-b2d1-497d-9c99-71550c289f3a:192.168.5.147:40339], old=null at 0
2019-08-03 03:58:57,909 INFO  impl.FollowerState (FollowerState.java:run(106)) - cc70d045-6157-4db3-ac9b-fa1972ae6e3b:group-7D84C2DC13F7 changes to CANDIDATE, lastRpcTime:5062, electionTimeout:5062ms
2019-08-03 03:58:57,911 INFO  impl.RoleInfo (RoleInfo.java:shutdownFollowerState(121)) - cc70d045-6157-4db3-ac9b-fa1972ae6e3b: shutdown FollowerState
2019-08-03 03:58:57,911 INFO  impl.RaftServerImpl (RaftServerImpl.java:setRole(171)) - cc70d045-6157-4db3-ac9b-fa1972ae6e3b:group-7D84C2DC13F7 changes role from FOLLOWER to CANDIDATE at term 0 for changeToCandidate
2019-08-03 03:58:57,911 INFO  impl.RoleInfo (RoleInfo.java:updateAndGet(143)) - cc70d045-6157-4db3-ac9b-fa1972ae6e3b: start LeaderElection
2019-08-03 03:58:57,930 INFO  impl.LeaderElection (LeaderElection.java:askForVotes(181)) - cc70d045-6157-4db3-ac9b-fa1972ae6e3b:group-7D84C2DC13F7:LeaderElection2: begin an election at term 1 for -1: [cc70d045-6157-4db3-ac9b-fa1972ae6e3b:192.168.5.147:35328], old=null
2019-08-03 03:58:57,930 INFO  impl.RoleInfo (RoleInfo.java:shutdownLeaderElection(134)) - cc70d045-6157-4db3-ac9b-fa1972ae6e3b: shutdown LeaderElection
2019-08-03 03:58:57,930 INFO  impl.RaftServerImpl (RaftServerImpl.java:setRole(171)) - cc70d045-6157-4db3-ac9b-fa1972ae6e3b:group-7D84C2DC13F7 changes role from CANDIDATE to LEADER at term 1 for changeToLeader
2019-08-03 03:58:57,931 INFO  impl.RaftServerImpl (ServerState.java:setLeader(263)) - cc70d045-6157-4db3-ac9b-fa1972ae6e3b:group-7D84C2DC13F7 change Leader from null to cc70d045-6157-4db3-ac9b-fa1972ae6e3b at term 1 for becomeLeader, leader elected after 5090ms
2019-08-03 03:58:57,932 INFO  server.RaftServerConfigKeys (ConfUtils.java:logGet(43)) - raft.server.staging.catchup.gap = 1000 (default)
2019-08-03 03:58:57,933 INFO  server.RaftServerConfigKeys (ConfUtils.java:logGet(43)) - raft.server.rpc.sleep.time = 25ms (default)
2019-08-03 03:58:57,933 INFO  server.RaftServerConfigKeys (ConfUtils.java:logGet(43)) - raft.server.write.element-limit = 4096 (default)
2019-08-03 03:58:57,933 INFO  server.RaftServerConfigKeys (ConfUtils.java:logGet(43)) - raft.server.watch.timeout = 10s (default)
2019-08-03 03:58:57,933 INFO  server.RaftServerConfigKeys (ConfUtils.java:logGet(43)) - raft.server.watch.timeout.denomination = 1s (default)
2019-08-03 03:58:57,934 INFO  server.RaftServerConfigKeys (ConfUtils.java:logGet(43)) - raft.server.watch.element-limit = 65536 (default)
2019-08-03 03:58:57,934 INFO  impl.RoleInfo (RoleInfo.java:updateAndGet(143)) - cc70d045-6157-4db3-ac9b-fa1972ae6e3b: start LeaderState
2019-08-03 03:58:57,934 INFO  segmented.SegmentedRaftLogWorker (SegmentedRaftLogWorker.java:startLogSegment(380)) - cc70d045-6157-4db3-ac9b-fa1972ae6e3b-SegmentedRaftLogWorker:Storage Directory /workdir/hadoop-ozone/integration-test/target/test-dir/MiniOzoneClusterImpl-f2035a8c-d4a7-4d05-b03a-0b8d8001dcbb/datanode-2/data/ratis/9573df66-ebd4-4037-b4c8-7d84c2dc13f7: Starting segment from index:0
2019-08-03 03:58:57,935 INFO  impl.RaftServerImpl (ServerState.java:setRaftConf(361)) - cc70d045-6157-4db3-ac9b-fa1972ae6e3b:group-7D84C2DC13F7 set configuration 0: [cc70d045-6157-4db3-ac9b-fa1972ae6e3b:192.168.5.147:35328], old=null at 0
2019-08-03 03:58:57,958 INFO  impl.FollowerState (FollowerState.java:run(106)) - 0be52bb6-2651-4310-b38e-31e89798d0bc:group-342454967BAE changes to CANDIDATE, lastRpcTime:5170, electionTimeout:5169ms
2019-08-03 03:58:57,958 INFO  impl.RoleInfo (RoleInfo.java:shutdownFollowerState(121)) - 0be52bb6-2651-4310-b38e-31e89798d0bc: shutdown FollowerState
2019-08-03 03:58:57,958 INFO  impl.RaftServerImpl (RaftServerImpl.java:setRole(171)) - 0be52bb6-2651-4310-b38e-31e89798d0bc:group-342454967BAE changes role from FOLLOWER to CANDIDATE at term 0 for changeToCandidate
2019-08-03 03:58:57,958 INFO  impl.RoleInfo (RoleInfo.java:updateAndGet(143)) - 0be52bb6-2651-4310-b38e-31e89798d0bc: start LeaderElection
2019-08-03 03:58:57,976 INFO  impl.LeaderElection (LeaderElection.java:askForVotes(181)) - 0be52bb6-2651-4310-b38e-31e89798d0bc:group-342454967BAE:LeaderElection3: begin an election at term 1 for -1: [0be52bb6-2651-4310-b38e-31e89798d0bc:192.168.5.147:41352], old=null
2019-08-03 03:58:57,976 INFO  impl.RoleInfo (RoleInfo.java:shutdownLeaderElection(134)) - 0be52bb6-2651-4310-b38e-31e89798d0bc: shutdown LeaderElection
2019-08-03 03:58:57,976 INFO  impl.RaftServerImpl (RaftServerImpl.java:setRole(171)) - 0be52bb6-2651-4310-b38e-31e89798d0bc:group-342454967BAE changes role from CANDIDATE to LEADER at term 1 for changeToLeader
2019-08-03 03:58:57,977 INFO  impl.RaftServerImpl (ServerState.java:setLeader(263)) - 0be52bb6-2651-4310-b38e-31e89798d0bc:group-342454967BAE change Leader from null to 0be52bb6-2651-4310-b38e-31e89798d0bc at term 1 for becomeLeader, leader elected after 5197ms
2019-08-03 03:58:57,978 INFO  server.RaftServerConfigKeys (ConfUtils.java:logGet(43)) - raft.server.staging.catchup.gap = 1000 (default)
2019-08-03 03:58:57,978 INFO  server.RaftServerConfigKeys (ConfUtils.java:logGet(43)) - raft.server.rpc.sleep.time = 25ms (default)
2019-08-03 03:58:57,979 INFO  server.RaftServerConfigKeys (ConfUtils.java:logGet(43)) - raft.server.write.element-limit = 4096 (default)
2019-08-03 03:58:57,979 INFO  server.RaftServerConfigKeys (ConfUtils.java:logGet(43)) - raft.server.watch.timeout = 10s (default)
2019-08-03 03:58:57,979 INFO  server.RaftServerConfigKeys (ConfUtils.java:logGet(43)) - raft.server.watch.timeout.denomination = 1s (default)
2019-08-03 03:58:57,979 INFO  server.RaftServerConfigKeys (ConfUtils.java:logGet(43)) - raft.server.watch.element-limit = 65536 (default)
2019-08-03 03:58:57,980 INFO  impl.RoleInfo (RoleInfo.java:updateAndGet(143)) - 0be52bb6-2651-4310-b38e-31e89798d0bc: start LeaderState
2019-08-03 03:58:57,980 INFO  segmented.SegmentedRaftLogWorker (SegmentedRaftLogWorker.java:startLogSegment(380)) - 0be52bb6-2651-4310-b38e-31e89798d0bc-SegmentedRaftLogWorker:Storage Directory /workdir/hadoop-ozone/integration-test/target/test-dir/MiniOzoneClusterImpl-f2035a8c-d4a7-4d05-b03a-0b8d8001dcbb/datanode-1/data/ratis/fb7868c1-1cbe-410d-a173-342454967bae: Starting segment from index:0
2019-08-03 03:58:57,980 INFO  impl.RaftServerImpl (ServerState.java:setRaftConf(361)) - 0be52bb6-2651-4310-b38e-31e89798d0bc:group-342454967BAE set configuration 0: [0be52bb6-2651-4310-b38e-31e89798d0bc:192.168.5.147:41352], old=null at 0
2019-08-03 03:58:58,027 INFO  impl.FollowerState (FollowerState.java:run(106)) - eb9bd40f-6483-4d89-916f-e4c801267cb0:group-6A3037A50A93 changes to CANDIDATE, lastRpcTime:5018, electionTimeout:5018ms
2019-08-03 03:58:58,027 INFO  impl.RoleInfo (RoleInfo.java:shutdownFollowerState(121)) - eb9bd40f-6483-4d89-916f-e4c801267cb0: shutdown FollowerState
2019-08-03 03:58:58,027 INFO  impl.RaftServerImpl (RaftServerImpl.java:setRole(171)) - eb9bd40f-6483-4d89-916f-e4c801267cb0:group-6A3037A50A93 changes role from FOLLOWER to CANDIDATE at term 0 for changeToCandidate
2019-08-03 03:58:58,027 INFO  impl.RoleInfo (RoleInfo.java:updateAndGet(143)) - eb9bd40f-6483-4d89-916f-e4c801267cb0: start LeaderElection
2019-08-03 03:58:58,044 INFO  impl.LeaderElection (LeaderElection.java:askForVotes(181)) - eb9bd40f-6483-4d89-916f-e4c801267cb0:group-6A3037A50A93:LeaderElection4: begin an election at term 1 for -1: [eb9bd40f-6483-4d89-916f-e4c801267cb0:192.168.5.147:35225], old=null
2019-08-03 03:58:58,046 INFO  impl.RoleInfo (RoleInfo.java:shutdownLeaderElection(134)) - eb9bd40f-6483-4d89-916f-e4c801267cb0: shutdown LeaderElection
2019-08-03 03:58:58,046 INFO  impl.RaftServerImpl (RaftServerImpl.java:setRole(171)) - eb9bd40f-6483-4d89-916f-e4c801267cb0:group-6A3037A50A93 changes role from CANDIDATE to LEADER at term 1 for changeToLeader
2019-08-03 03:58:58,046 INFO  impl.RaftServerImpl (ServerState.java:setLeader(263)) - eb9bd40f-6483-4d89-916f-e4c801267cb0:group-6A3037A50A93 change Leader from null to eb9bd40f-6483-4d89-916f-e4c801267cb0 at term 1 for becomeLeader, leader elected after 5043ms
2019-08-03 03:58:58,048 INFO  server.RaftServerConfigKeys (ConfUtils.java:logGet(43)) - raft.server.staging.catchup.gap = 1000 (default)
2019-08-03 03:58:58,049 INFO  server.RaftServerConfigKeys (ConfUtils.java:logGet(43)) - raft.server.rpc.sleep.time = 25ms (default)
2019-08-03 03:58:58,049 INFO  server.RaftServerConfigKeys (ConfUtils.java:logGet(43)) - raft.server.write.element-limit = 4096 (default)
2019-08-03 03:58:58,049 INFO  server.RaftServerConfigKeys (ConfUtils.java:logGet(43)) - raft.server.watch.timeout = 10s (default)
2019-08-03 03:58:58,050 INFO  server.RaftServerConfigKeys (ConfUtils.java:logGet(43)) - raft.server.watch.timeout.denomination = 1s (default)
2019-08-03 03:58:58,050 INFO  server.RaftServerConfigKeys (ConfUtils.java:logGet(43)) - raft.server.watch.element-limit = 65536 (default)
2019-08-03 03:58:58,051 INFO  impl.RoleInfo (RoleInfo.java:updateAndGet(143)) - eb9bd40f-6483-4d89-916f-e4c801267cb0: start LeaderState
2019-08-03 03:58:58,051 INFO  segmented.SegmentedRaftLogWorker (SegmentedRaftLogWorker.java:startLogSegment(380)) - eb9bd40f-6483-4d89-916f-e4c801267cb0-SegmentedRaftLogWorker:Storage Directory /workdir/hadoop-ozone/integration-test/target/test-dir/MiniOzoneClusterImpl-f2035a8c-d4a7-4d05-b03a-0b8d8001dcbb/datanode-3/data/ratis/502aa649-c7d0-4d8c-85ed-6a3037a50a93: Starting segment from index:0
2019-08-03 03:58:58,052 INFO  impl.RaftServerImpl (ServerState.java:setRaftConf(361)) - eb9bd40f-6483-4d89-916f-e4c801267cb0:group-6A3037A50A93 set configuration 0: [eb9bd40f-6483-4d89-916f-e4c801267cb0:192.168.5.147:35225], old=null at 0
2019-08-03 03:58:58,066 INFO  impl.FollowerState (FollowerState.java:run(106)) - 566a1ba4-fd5b-423c-9f69-f766773328d9:group-C1D09E10EC7F changes to CANDIDATE, lastRpcTime:5159, electionTimeout:5159ms
2019-08-03 03:58:58,066 INFO  impl.RoleInfo (RoleInfo.java:shutdownFollowerState(121)) - 566a1ba4-fd5b-423c-9f69-f766773328d9: shutdown FollowerState
2019-08-03 03:58:58,066 INFO  impl.RaftServerImpl (RaftServerImpl.java:setRole(171)) - 566a1ba4-fd5b-423c-9f69-f766773328d9:group-C1D09E10EC7F changes role from FOLLOWER to CANDIDATE at term 0 for changeToCandidate
2019-08-03 03:58:58,067 INFO  impl.RoleInfo (RoleInfo.java:updateAndGet(143)) - 566a1ba4-fd5b-423c-9f69-f766773328d9: start LeaderElection
2019-08-03 03:58:58,085 INFO  impl.LeaderElection (LeaderElection.java:askForVotes(181)) - 566a1ba4-fd5b-423c-9f69-f766773328d9:group-C1D09E10EC7F:LeaderElection5: begin an election at term 1 for -1: [566a1ba4-fd5b-423c-9f69-f766773328d9:192.168.5.147:40552], old=null
2019-08-03 03:58:58,086 INFO  impl.RoleInfo (RoleInfo.java:shutdownLeaderElection(134)) - 566a1ba4-fd5b-423c-9f69-f766773328d9: shutdown LeaderElection
2019-08-03 03:58:58,086 INFO  impl.RaftServerImpl (RaftServerImpl.java:setRole(171)) - 566a1ba4-fd5b-423c-9f69-f766773328d9:group-C1D09E10EC7F changes role from CANDIDATE to LEADER at term 1 for changeToLeader
2019-08-03 03:58:58,086 INFO  impl.RaftServerImpl (ServerState.java:setLeader(263)) - 566a1ba4-fd5b-423c-9f69-f766773328d9:group-C1D09E10EC7F change Leader from null to 566a1ba4-fd5b-423c-9f69-f766773328d9 at term 1 for becomeLeader, leader elected after 5185ms
2019-08-03 03:58:58,088 INFO  server.RaftServerConfigKeys (ConfUtils.java:logGet(43)) - raft.server.staging.catchup.gap = 1000 (default)
2019-08-03 03:58:58,088 INFO  server.RaftServerConfigKeys (ConfUtils.java:logGet(43)) - raft.server.rpc.sleep.time = 25ms (default)
2019-08-03 03:58:58,088 INFO  server.RaftServerConfigKeys (ConfUtils.java:logGet(43)) - raft.server.write.element-limit = 4096 (default)
2019-08-03 03:58:58,088 INFO  server.RaftServerConfigKeys (ConfUtils.java:logGet(43)) - raft.server.watch.timeout = 10s (default)
2019-08-03 03:58:58,088 INFO  server.RaftServerConfigKeys (ConfUtils.java:logGet(43)) - raft.server.watch.timeout.denomination = 1s (default)
2019-08-03 03:58:58,089 INFO  server.RaftServerConfigKeys (ConfUtils.java:logGet(43)) - raft.server.watch.element-limit = 65536 (default)
2019-08-03 03:58:58,089 INFO  impl.RoleInfo (RoleInfo.java:updateAndGet(143)) - 566a1ba4-fd5b-423c-9f69-f766773328d9: start LeaderState
2019-08-03 03:58:58,089 INFO  segmented.SegmentedRaftLogWorker (SegmentedRaftLogWorker.java:startLogSegment(380)) - 566a1ba4-fd5b-423c-9f69-f766773328d9-SegmentedRaftLogWorker:Storage Directory /workdir/hadoop-ozone/integration-test/target/test-dir/MiniOzoneClusterImpl-f2035a8c-d4a7-4d05-b03a-0b8d8001dcbb/datanode-4/data/ratis/413a1dc4-c3fd-472b-8943-c1d09e10ec7f: Starting segment from index:0
2019-08-03 03:58:58,090 INFO  impl.RaftServerImpl (ServerState.java:setRaftConf(361)) - 566a1ba4-fd5b-423c-9f69-f766773328d9:group-C1D09E10EC7F set configuration 0: [566a1ba4-fd5b-423c-9f69-f766773328d9:192.168.5.147:40552], old=null at 0
2019-08-03 03:58:58,138 INFO  impl.FollowerState (FollowerState.java:run(106)) - a5ea9a5d-75b9-4714-9f7f-6758ee084b69:group-5DDBB2607927 changes to CANDIDATE, lastRpcTime:5186, electionTimeout:5186ms
2019-08-03 03:58:58,138 INFO  impl.RoleInfo (RoleInfo.java:shutdownFollowerState(121)) - a5ea9a5d-75b9-4714-9f7f-6758ee084b69: shutdown FollowerState
2019-08-03 03:58:58,139 INFO  impl.RaftServerImpl (RaftServerImpl.java:setRole(171)) - a5ea9a5d-75b9-4714-9f7f-6758ee084b69:group-5DDBB2607927 changes role from FOLLOWER to CANDIDATE at term 0 for changeToCandidate
2019-08-03 03:58:58,139 INFO  impl.RoleInfo (RoleInfo.java:updateAndGet(143)) - a5ea9a5d-75b9-4714-9f7f-6758ee084b69: start LeaderElection
2019-08-03 03:58:58,169 INFO  impl.FollowerState (FollowerState.java:run(106)) - cc70d045-6157-4db3-ac9b-fa1972ae6e3b:group-19079B00DDE2 changes to CANDIDATE, lastRpcTime:5059, electionTimeout:5051ms
2019-08-03 03:58:58,169 INFO  impl.FollowerState (FollowerState.java:run(106)) - 0be52bb6-2651-4310-b38e-31e89798d0bc:group-19079B00DDE2 changes to CANDIDATE, lastRpcTime:5051, electionTimeout:5031ms
2019-08-03 03:58:58,171 INFO  impl.RoleInfo (RoleInfo.java:shutdownFollowerState(121)) - 0be52bb6-2651-4310-b38e-31e89798d0bc: shutdown FollowerState
2019-08-03 03:58:58,173 INFO  impl.RaftServerImpl (RaftServerImpl.java:setRole(171)) - 0be52bb6-2651-4310-b38e-31e89798d0bc:group-19079B00DDE2 changes role from FOLLOWER to CANDIDATE at term 0 for changeToCandidate
2019-08-03 03:58:58,169 INFO  impl.RoleInfo (RoleInfo.java:shutdownFollowerState(121)) - cc70d045-6157-4db3-ac9b-fa1972ae6e3b: shutdown FollowerState
2019-08-03 03:58:58,173 INFO  impl.RoleInfo (RoleInfo.java:updateAndGet(143)) - 0be52bb6-2651-4310-b38e-31e89798d0bc: start LeaderElection
2019-08-03 03:58:58,173 INFO  impl.RaftServerImpl (RaftServerImpl.java:setRole(171)) - cc70d045-6157-4db3-ac9b-fa1972ae6e3b:group-19079B00DDE2 changes role from FOLLOWER to CANDIDATE at term 0 for changeToCandidate
2019-08-03 03:58:58,173 INFO  impl.RoleInfo (RoleInfo.java:updateAndGet(143)) - cc70d045-6157-4db3-ac9b-fa1972ae6e3b: start LeaderElection
2019-08-03 03:58:58,183 INFO  impl.LeaderElection (LeaderElection.java:askForVotes(181)) - a5ea9a5d-75b9-4714-9f7f-6758ee084b69:group-5DDBB2607927:LeaderElection6: begin an election at term 1 for -1: [a5ea9a5d-75b9-4714-9f7f-6758ee084b69:192.168.5.147:33170], old=null
2019-08-03 03:58:58,183 INFO  impl.RoleInfo (RoleInfo.java:shutdownLeaderElection(134)) - a5ea9a5d-75b9-4714-9f7f-6758ee084b69: shutdown LeaderElection
2019-08-03 03:58:58,183 INFO  impl.RaftServerImpl (RaftServerImpl.java:setRole(171)) - a5ea9a5d-75b9-4714-9f7f-6758ee084b69:group-5DDBB2607927 changes role from CANDIDATE to LEADER at term 1 for changeToLeader
2019-08-03 03:58:58,183 INFO  impl.RaftServerImpl (ServerState.java:setLeader(263)) - a5ea9a5d-75b9-4714-9f7f-6758ee084b69:group-5DDBB2607927 change Leader from null to a5ea9a5d-75b9-4714-9f7f-6758ee084b69 at term 1 for becomeLeader, leader elected after 5236ms
2019-08-03 03:58:58,185 INFO  server.RaftServerConfigKeys (ConfUtils.java:logGet(43)) - raft.server.staging.catchup.gap = 1000 (default)
2019-08-03 03:58:58,185 INFO  server.RaftServerConfigKeys (ConfUtils.java:logGet(43)) - raft.server.rpc.sleep.time = 25ms (default)
2019-08-03 03:58:58,185 INFO  server.RaftServerConfigKeys (ConfUtils.java:logGet(43)) - raft.server.write.element-limit = 4096 (default)
2019-08-03 03:58:58,186 INFO  server.RaftServerConfigKeys (ConfUtils.java:logGet(43)) - raft.server.watch.timeout = 10s (default)
2019-08-03 03:58:58,186 INFO  server.RaftServerConfigKeys (ConfUtils.java:logGet(43)) - raft.server.watch.timeout.denomination = 1s (default)
2019-08-03 03:58:58,186 INFO  server.RaftServerConfigKeys (ConfUtils.java:logGet(43)) - raft.server.watch.element-limit = 65536 (default)
2019-08-03 03:58:58,186 INFO  impl.LeaderElection (LeaderElection.java:askForVotes(181)) - 0be52bb6-2651-4310-b38e-31e89798d0bc:group-19079B00DDE2:LeaderElection7: begin an election at term 1 for -1: [0be52bb6-2651-4310-b38e-31e89798d0bc:192.168.5.147:41352, cc70d045-6157-4db3-ac9b-fa1972ae6e3b:192.168.5.147:35328, e8a7653e-b2d1-497d-9c99-71550c289f3a:192.168.5.147:40339], old=null
2019-08-03 03:58:58,186 INFO  impl.LeaderElection (LeaderElection.java:askForVotes(181)) - cc70d045-6157-4db3-ac9b-fa1972ae6e3b:group-19079B00DDE2:LeaderElection8: begin an election at term 1 for -1: [0be52bb6-2651-4310-b38e-31e89798d0bc:192.168.5.147:41352, cc70d045-6157-4db3-ac9b-fa1972ae6e3b:192.168.5.147:35328, e8a7653e-b2d1-497d-9c99-71550c289f3a:192.168.5.147:40339], old=null
2019-08-03 03:58:58,187 INFO  impl.RoleInfo (RoleInfo.java:updateAndGet(143)) - a5ea9a5d-75b9-4714-9f7f-6758ee084b69: start LeaderState
2019-08-03 03:58:58,187 INFO  segmented.SegmentedRaftLogWorker (SegmentedRaftLogWorker.java:startLogSegment(380)) - a5ea9a5d-75b9-4714-9f7f-6758ee084b69-SegmentedRaftLogWorker:Storage Directory /workdir/hadoop-ozone/integration-test/target/test-dir/MiniOzoneClusterImpl-f2035a8c-d4a7-4d05-b03a-0b8d8001dcbb/datanode-5/data/ratis/e6ba2f83-5aa2-4763-9157-5ddbb2607927: Starting segment from index:0
2019-08-03 03:58:58,188 INFO  impl.RaftServerImpl (ServerState.java:setRaftConf(361)) - a5ea9a5d-75b9-4714-9f7f-6758ee084b69:group-5DDBB2607927 set configuration 0: [a5ea9a5d-75b9-4714-9f7f-6758ee084b69:192.168.5.147:33170], old=null at 0
2019-08-03 03:58:58,227 INFO  segmented.SegmentedRaftLogWorker (SegmentedRaftLogWorker.java:execute(569)) - 0be52bb6-2651-4310-b38e-31e89798d0bc-SegmentedRaftLogWorker:Storage Directory /workdir/hadoop-ozone/integration-test/target/test-dir/MiniOzoneClusterImpl-f2035a8c-d4a7-4d05-b03a-0b8d8001dcbb/datanode-1/data/ratis/fb7868c1-1cbe-410d-a173-342454967bae: created new log segment /workdir/hadoop-ozone/integration-test/target/test-dir/MiniOzoneClusterImpl-f2035a8c-d4a7-4d05-b03a-0b8d8001dcbb/datanode-1/data/ratis/fb7868c1-1cbe-410d-a173-342454967bae/current/log_inprogress_0
2019-08-03 03:58:58,227 INFO  segmented.SegmentedRaftLogWorker (SegmentedRaftLogWorker.java:execute(569)) - eb9bd40f-6483-4d89-916f-e4c801267cb0-SegmentedRaftLogWorker:Storage Directory /workdir/hadoop-ozone/integration-test/target/test-dir/MiniOzoneClusterImpl-f2035a8c-d4a7-4d05-b03a-0b8d8001dcbb/datanode-3/data/ratis/502aa649-c7d0-4d8c-85ed-6a3037a50a93: created new log segment /workdir/hadoop-ozone/integration-test/target/test-dir/MiniOzoneClusterImpl-f2035a8c-d4a7-4d05-b03a-0b8d8001dcbb/datanode-3/data/ratis/502aa649-c7d0-4d8c-85ed-6a3037a50a93/current/log_inprogress_0
2019-08-03 03:58:58,227 INFO  segmented.SegmentedRaftLogWorker (SegmentedRaftLogWorker.java:execute(569)) - cc70d045-6157-4db3-ac9b-fa1972ae6e3b-SegmentedRaftLogWorker:Storage Directory /workdir/hadoop-ozone/integration-test/target/test-dir/MiniOzoneClusterImpl-f2035a8c-d4a7-4d05-b03a-0b8d8001dcbb/datanode-2/data/ratis/9573df66-ebd4-4037-b4c8-7d84c2dc13f7: created new log segment /workdir/hadoop-ozone/integration-test/target/test-dir/MiniOzoneClusterImpl-f2035a8c-d4a7-4d05-b03a-0b8d8001dcbb/datanode-2/data/ratis/9573df66-ebd4-4037-b4c8-7d84c2dc13f7/current/log_inprogress_0
2019-08-03 03:58:58,227 INFO  segmented.SegmentedRaftLogWorker (SegmentedRaftLogWorker.java:execute(569)) - 566a1ba4-fd5b-423c-9f69-f766773328d9-SegmentedRaftLogWorker:Storage Directory /workdir/hadoop-ozone/integration-test/target/test-dir/MiniOzoneClusterImpl-f2035a8c-d4a7-4d05-b03a-0b8d8001dcbb/datanode-4/data/ratis/413a1dc4-c3fd-472b-8943-c1d09e10ec7f: created new log segment /workdir/hadoop-ozone/integration-test/target/test-dir/MiniOzoneClusterImpl-f2035a8c-d4a7-4d05-b03a-0b8d8001dcbb/datanode-4/data/ratis/413a1dc4-c3fd-472b-8943-c1d09e10ec7f/current/log_inprogress_0
2019-08-03 03:58:58,227 INFO  segmented.SegmentedRaftLogWorker (SegmentedRaftLogWorker.java:execute(569)) - e8a7653e-b2d1-497d-9c99-71550c289f3a-SegmentedRaftLogWorker:Storage Directory /workdir/hadoop-ozone/integration-test/target/test-dir/MiniOzoneClusterImpl-f2035a8c-d4a7-4d05-b03a-0b8d8001dcbb/datanode-0/data/ratis/db1507cc-3f5c-42b9-9399-593668477329: created new log segment /workdir/hadoop-ozone/integration-test/target/test-dir/MiniOzoneClusterImpl-f2035a8c-d4a7-4d05-b03a-0b8d8001dcbb/datanode-0/data/ratis/db1507cc-3f5c-42b9-9399-593668477329/current/log_inprogress_0
2019-08-03 03:58:58,238 INFO  segmented.SegmentedRaftLogWorker (SegmentedRaftLogWorker.java:execute(569)) - a5ea9a5d-75b9-4714-9f7f-6758ee084b69-SegmentedRaftLogWorker:Storage Directory /workdir/hadoop-ozone/integration-test/target/test-dir/MiniOzoneClusterImpl-f2035a8c-d4a7-4d05-b03a-0b8d8001dcbb/datanode-5/data/ratis/e6ba2f83-5aa2-4763-9157-5ddbb2607927: created new log segment /workdir/hadoop-ozone/integration-test/target/test-dir/MiniOzoneClusterImpl-f2035a8c-d4a7-4d05-b03a-0b8d8001dcbb/datanode-5/data/ratis/e6ba2f83-5aa2-4763-9157-5ddbb2607927/current/log_inprogress_0
2019-08-03 03:58:58,263 INFO  impl.FollowerState (FollowerState.java:run(106)) - e8a7653e-b2d1-497d-9c99-71550c289f3a:group-19079B00DDE2 changes to CANDIDATE, lastRpcTime:5161, electionTimeout:5160ms
2019-08-03 03:58:58,265 INFO  impl.RoleInfo (RoleInfo.java:shutdownFollowerState(121)) - e8a7653e-b2d1-497d-9c99-71550c289f3a: shutdown FollowerState
2019-08-03 03:58:58,265 INFO  impl.RaftServerImpl (RaftServerImpl.java:setRole(171)) - e8a7653e-b2d1-497d-9c99-71550c289f3a:group-19079B00DDE2 changes role from FOLLOWER to CANDIDATE at term 0 for changeToCandidate
2019-08-03 03:58:58,266 INFO  impl.RoleInfo (RoleInfo.java:updateAndGet(143)) - e8a7653e-b2d1-497d-9c99-71550c289f3a: start LeaderElection
2019-08-03 03:58:58,275 INFO  impl.LeaderElection (LeaderElection.java:askForVotes(181)) - e8a7653e-b2d1-497d-9c99-71550c289f3a:group-19079B00DDE2:LeaderElection9: begin an election at term 1 for -1: [0be52bb6-2651-4310-b38e-31e89798d0bc:192.168.5.147:41352, cc70d045-6157-4db3-ac9b-fa1972ae6e3b:192.168.5.147:35328, e8a7653e-b2d1-497d-9c99-71550c289f3a:192.168.5.147:40339], old=null
2019-08-03 03:58:58,318 INFO  impl.LeaderElection (LeaderElection.java:logAndReturn(56)) - 0be52bb6-2651-4310-b38e-31e89798d0bc:group-19079B00DDE2:LeaderElection7: Election REJECTED; received 2 response(s) [0be52bb6-2651-4310-b38e-31e89798d0bc<-cc70d045-6157-4db3-ac9b-fa1972ae6e3b#0:FAIL-t1, 0be52bb6-2651-4310-b38e-31e89798d0bc<-e8a7653e-b2d1-497d-9c99-71550c289f3a#0:FAIL-t1] and 0 exception(s); 0be52bb6-2651-4310-b38e-31e89798d0bc:t1, leader=null, voted=0be52bb6-2651-4310-b38e-31e89798d0bc, raftlog=0be52bb6-2651-4310-b38e-31e89798d0bc-SegmentedRaftLog:OPENED:c-1,f-1,i0, conf=-1: [0be52bb6-2651-4310-b38e-31e89798d0bc:192.168.5.147:41352, cc70d045-6157-4db3-ac9b-fa1972ae6e3b:192.168.5.147:35328, e8a7653e-b2d1-497d-9c99-71550c289f3a:192.168.5.147:40339], old=null
2019-08-03 03:58:58,319 INFO  impl.LeaderElection (LeaderElection.java:logAndReturn(56)) - cc70d045-6157-4db3-ac9b-fa1972ae6e3b:group-19079B00DDE2:LeaderElection8: Election REJECTED; received 2 response(s) [cc70d045-6157-4db3-ac9b-fa1972ae6e3b<-0be52bb6-2651-4310-b38e-31e89798d0bc#0:FAIL-t1, cc70d045-6157-4db3-ac9b-fa1972ae6e3b<-e8a7653e-b2d1-497d-9c99-71550c289f3a#0:FAIL-t1] and 0 exception(s); cc70d045-6157-4db3-ac9b-fa1972ae6e3b:t1, leader=null, voted=cc70d045-6157-4db3-ac9b-fa1972ae6e3b, raftlog=cc70d045-6157-4db3-ac9b-fa1972ae6e3b-SegmentedRaftLog:OPENED:c-1,f-1,i0, conf=-1: [0be52bb6-2651-4310-b38e-31e89798d0bc:192.168.5.147:41352, cc70d045-6157-4db3-ac9b-fa1972ae6e3b:192.168.5.147:35328, e8a7653e-b2d1-497d-9c99-71550c289f3a:192.168.5.147:40339], old=null
2019-08-03 03:58:58,321 INFO  impl.RaftServerImpl (RaftServerImpl.java:setRole(171)) - 0be52bb6-2651-4310-b38e-31e89798d0bc:group-19079B00DDE2 changes role from CANDIDATE to FOLLOWER at term 1 for DISCOVERED_A_NEW_TERM
2019-08-03 03:58:58,323 INFO  impl.RoleInfo (RoleInfo.java:shutdownLeaderElection(134)) - 0be52bb6-2651-4310-b38e-31e89798d0bc: shutdown LeaderElection
2019-08-03 03:58:58,325 INFO  impl.RoleInfo (RoleInfo.java:updateAndGet(143)) - 0be52bb6-2651-4310-b38e-31e89798d0bc: start FollowerState
2019-08-03 03:58:58,325 INFO  impl.RaftServerImpl (RaftServerImpl.java:setRole(171)) - cc70d045-6157-4db3-ac9b-fa1972ae6e3b:group-19079B00DDE2 changes role from CANDIDATE to FOLLOWER at term 1 for DISCOVERED_A_NEW_TERM
2019-08-03 03:58:58,328 INFO  impl.LeaderElection (LeaderElection.java:logAndReturn(56)) - e8a7653e-b2d1-497d-9c99-71550c289f3a:group-19079B00DDE2:LeaderElection9: Election REJECTED; received 2 response(s) [e8a7653e-b2d1-497d-9c99-71550c289f3a<-0be52bb6-2651-4310-b38e-31e89798d0bc#0:FAIL-t1, e8a7653e-b2d1-497d-9c99-71550c289f3a<-cc70d045-6157-4db3-ac9b-fa1972ae6e3b#0:FAIL-t1] and 0 exception(s); e8a7653e-b2d1-497d-9c99-71550c289f3a:t1, leader=null, voted=e8a7653e-b2d1-497d-9c99-71550c289f3a, raftlog=e8a7653e-b2d1-497d-9c99-71550c289f3a-SegmentedRaftLog:OPENED:c-1,f-1,i0, conf=-1: [0be52bb6-2651-4310-b38e-31e89798d0bc:192.168.5.147:41352, cc70d045-6157-4db3-ac9b-fa1972ae6e3b:192.168.5.147:35328, e8a7653e-b2d1-497d-9c99-71550c289f3a:192.168.5.147:40339], old=null
2019-08-03 03:58:58,328 INFO  impl.RoleInfo (RoleInfo.java:shutdownLeaderElection(134)) - cc70d045-6157-4db3-ac9b-fa1972ae6e3b: shutdown LeaderElection
2019-08-03 03:58:58,328 INFO  impl.RaftServerImpl (RaftServerImpl.java:setRole(171)) - e8a7653e-b2d1-497d-9c99-71550c289f3a:group-19079B00DDE2 changes role from CANDIDATE to FOLLOWER at term 1 for DISCOVERED_A_NEW_TERM
2019-08-03 03:58:58,331 INFO  impl.RoleInfo (RoleInfo.java:shutdownLeaderElection(134)) - e8a7653e-b2d1-497d-9c99-71550c289f3a: shutdown LeaderElection
2019-08-03 03:58:58,331 INFO  impl.RoleInfo (RoleInfo.java:updateAndGet(143)) - cc70d045-6157-4db3-ac9b-fa1972ae6e3b: start FollowerState
2019-08-03 03:58:58,331 INFO  impl.RoleInfo (RoleInfo.java:updateAndGet(143)) - e8a7653e-b2d1-497d-9c99-71550c289f3a: start FollowerState
2019-08-03 03:58:58,337 INFO  impl.FollowerState (FollowerState.java:run(106)) - a5ea9a5d-75b9-4714-9f7f-6758ee084b69:group-24A3763077B1 changes to CANDIDATE, lastRpcTime:5143, electionTimeout:5143ms
2019-08-03 03:58:58,337 INFO  impl.RoleInfo (RoleInfo.java:shutdownFollowerState(121)) - a5ea9a5d-75b9-4714-9f7f-6758ee084b69: shutdown FollowerState
2019-08-03 03:58:58,337 INFO  impl.RaftServerImpl (RaftServerImpl.java:setRole(171)) - a5ea9a5d-75b9-4714-9f7f-6758ee084b69:group-24A3763077B1 changes role from FOLLOWER to CANDIDATE at term 0 for changeToCandidate
2019-08-03 03:58:58,338 INFO  impl.RoleInfo (RoleInfo.java:updateAndGet(143)) - a5ea9a5d-75b9-4714-9f7f-6758ee084b69: start LeaderElection
2019-08-03 03:58:58,353 INFO  impl.LeaderElection (LeaderElection.java:askForVotes(181)) - a5ea9a5d-75b9-4714-9f7f-6758ee084b69:group-24A3763077B1:LeaderElection10: begin an election at term 1 for -1: [eb9bd40f-6483-4d89-916f-e4c801267cb0:192.168.5.147:35225, a5ea9a5d-75b9-4714-9f7f-6758ee084b69:192.168.5.147:33170, 566a1ba4-fd5b-423c-9f69-f766773328d9:192.168.5.147:40552], old=null
2019-08-03 03:58:58,367 INFO  impl.RaftServerImpl (RaftServerImpl.java:setRole(171)) - 566a1ba4-fd5b-423c-9f69-f766773328d9:group-24A3763077B1 changes role from FOLLOWER to FOLLOWER at term 1 for recognizeCandidate:a5ea9a5d-75b9-4714-9f7f-6758ee084b69
2019-08-03 03:58:58,368 INFO  impl.RoleInfo (RoleInfo.java:shutdownFollowerState(121)) - 566a1ba4-fd5b-423c-9f69-f766773328d9: shutdown FollowerState
2019-08-03 03:58:58,369 INFO  impl.RoleInfo (RoleInfo.java:updateAndGet(143)) - 566a1ba4-fd5b-423c-9f69-f766773328d9: start FollowerState
2019-08-03 03:58:58,369 INFO  impl.FollowerState (FollowerState.java:run(114)) - 566a1ba4-fd5b-423c-9f69-f766773328d9: FollowerState was interrupted: java.lang.InterruptedException: sleep interrupted
2019-08-03 03:58:58,369 INFO  impl.RaftServerImpl (RaftServerImpl.java:setRole(171)) - eb9bd40f-6483-4d89-916f-e4c801267cb0:group-24A3763077B1 changes role from FOLLOWER to FOLLOWER at term 1 for recognizeCandidate:a5ea9a5d-75b9-4714-9f7f-6758ee084b69
2019-08-03 03:58:58,371 INFO  impl.RoleInfo (RoleInfo.java:shutdownFollowerState(121)) - eb9bd40f-6483-4d89-916f-e4c801267cb0: shutdown FollowerState
2019-08-03 03:58:58,371 INFO  impl.FollowerState (FollowerState.java:run(114)) - eb9bd40f-6483-4d89-916f-e4c801267cb0: FollowerState was interrupted: java.lang.InterruptedException: sleep interrupted
2019-08-03 03:58:58,371 INFO  impl.RoleInfo (RoleInfo.java:updateAndGet(143)) - eb9bd40f-6483-4d89-916f-e4c801267cb0: start FollowerState
2019-08-03 03:58:58,385 INFO  impl.LeaderElection (LeaderElection.java:logAndReturn(56)) - a5ea9a5d-75b9-4714-9f7f-6758ee084b69:group-24A3763077B1:LeaderElection10: Election PASSED; received 1 response(s) [a5ea9a5d-75b9-4714-9f7f-6758ee084b69<-566a1ba4-fd5b-423c-9f69-f766773328d9#0:OK-t1] and 0 exception(s); a5ea9a5d-75b9-4714-9f7f-6758ee084b69:t1, leader=null, voted=a5ea9a5d-75b9-4714-9f7f-6758ee084b69, raftlog=a5ea9a5d-75b9-4714-9f7f-6758ee084b69-SegmentedRaftLog:OPENED:c-1,f-1,i0, conf=-1: [eb9bd40f-6483-4d89-916f-e4c801267cb0:192.168.5.147:35225, a5ea9a5d-75b9-4714-9f7f-6758ee084b69:192.168.5.147:33170, 566a1ba4-fd5b-423c-9f69-f766773328d9:192.168.5.147:40552], old=null
2019-08-03 03:58:58,385 INFO  impl.RoleInfo (RoleInfo.java:shutdownLeaderElection(134)) - a5ea9a5d-75b9-4714-9f7f-6758ee084b69: shutdown LeaderElection
2019-08-03 03:58:58,389 INFO  impl.RaftServerImpl (RaftServerImpl.java:setRole(171)) - a5ea9a5d-75b9-4714-9f7f-6758ee084b69:group-24A3763077B1 changes role from CANDIDATE to LEADER at term 1 for changeToLeader
2019-08-03 03:58:58,389 INFO  impl.RaftServerImpl (ServerState.java:setLeader(263)) - a5ea9a5d-75b9-4714-9f7f-6758ee084b69:group-24A3763077B1 change Leader from null to a5ea9a5d-75b9-4714-9f7f-6758ee084b69 at term 1 for becomeLeader, leader elected after 5206ms
2019-08-03 03:58:58,389 INFO  server.RaftServerConfigKeys (ConfUtils.java:logGet(43)) - raft.server.staging.catchup.gap = 1000 (default)
2019-08-03 03:58:58,389 INFO  server.RaftServerConfigKeys (ConfUtils.java:logGet(43)) - raft.server.rpc.sleep.time = 25ms (default)
2019-08-03 03:58:58,390 INFO  server.RaftServerConfigKeys (ConfUtils.java:logGet(43)) - raft.server.write.element-limit = 4096 (default)
2019-08-03 03:58:58,390 INFO  server.RaftServerConfigKeys (ConfUtils.java:logGet(43)) - raft.server.watch.timeout = 10s (default)
2019-08-03 03:58:58,390 INFO  server.RaftServerConfigKeys (ConfUtils.java:logGet(43)) - raft.server.watch.timeout.denomination = 1s (default)
2019-08-03 03:58:58,390 INFO  server.RaftServerConfigKeys (ConfUtils.java:logGet(43)) - raft.server.watch.element-limit = 65536 (default)
2019-08-03 03:58:58,393 INFO  server.RaftServerConfigKeys (ConfUtils.java:logGet(43)) - raft.server.log.appender.snapshot.chunk.size.max = 16MB (=16777216) (default)
2019-08-03 03:58:58,394 INFO  server.RaftServerConfigKeys (ConfUtils.java:logGet(43)) - raft.server.log.appender.buffer.byte-limit = 33554432 (custom)
2019-08-03 03:58:58,395 INFO  server.RaftServerConfigKeys (ConfUtils.java:logGet(43)) - raft.server.log.appender.buffer.element-limit = 1 (custom)
2019-08-03 03:58:58,399 INFO  grpc.GrpcConfigKeys$Server (ConfUtils.java:logGet(43)) - raft.grpc.server.leader.outstanding.appends.max = 128 (default)
2019-08-03 03:58:58,401 INFO  server.RaftServerConfigKeys (ConfUtils.java:logGet(43)) - raft.server.rpc.request.timeout = 3000ms (default)
2019-08-03 03:58:58,401 INFO  server.RaftServerConfigKeys (ConfUtils.java:logGet(43)) - raft.server.log.appender.install.snapshot.enabled = false (custom)
2019-08-03 03:58:58,401 INFO  server.RaftServerConfigKeys (ConfUtils.java:logGet(43)) - raft.server.log.appender.snapshot.chunk.size.max = 16MB (=16777216) (default)
2019-08-03 03:58:58,401 INFO  server.RaftServerConfigKeys (ConfUtils.java:logGet(43)) - raft.server.log.appender.buffer.byte-limit = 33554432 (custom)
2019-08-03 03:58:58,402 INFO  server.RaftServerConfigKeys (ConfUtils.java:logGet(43)) - raft.server.log.appender.buffer.element-limit = 1 (custom)
2019-08-03 03:58:58,402 INFO  grpc.GrpcConfigKeys$Server (ConfUtils.java:logGet(43)) - raft.grpc.server.leader.outstanding.appends.max = 128 (default)
2019-08-03 03:58:58,402 INFO  server.RaftServerConfigKeys (ConfUtils.java:logGet(43)) - raft.server.rpc.request.timeout = 3000ms (default)
2019-08-03 03:58:58,402 INFO  server.RaftServerConfigKeys (ConfUtils.java:logGet(43)) - raft.server.log.appender.install.snapshot.enabled = false (custom)
2019-08-03 03:58:58,404 INFO  impl.RoleInfo (RoleInfo.java:updateAndGet(143)) - a5ea9a5d-75b9-4714-9f7f-6758ee084b69: start LeaderState
2019-08-03 03:58:58,404 INFO  segmented.SegmentedRaftLogWorker (SegmentedRaftLogWorker.java:startLogSegment(380)) - a5ea9a5d-75b9-4714-9f7f-6758ee084b69-SegmentedRaftLogWorker:Storage Directory /workdir/hadoop-ozone/integration-test/target/test-dir/MiniOzoneClusterImpl-f2035a8c-d4a7-4d05-b03a-0b8d8001dcbb/datanode-5/data/ratis/3f502d0d-cfef-411a-8db1-24a3763077b1: Starting segment from index:0
2019-08-03 03:58:58,406 INFO  impl.RaftServerImpl (ServerState.java:setRaftConf(361)) - a5ea9a5d-75b9-4714-9f7f-6758ee084b69:group-24A3763077B1 set configuration 0: [eb9bd40f-6483-4d89-916f-e4c801267cb0:192.168.5.147:35225, a5ea9a5d-75b9-4714-9f7f-6758ee084b69:192.168.5.147:33170, 566a1ba4-fd5b-423c-9f69-f766773328d9:192.168.5.147:40552], old=null at 0
2019-08-03 03:58:58,456 INFO  segmented.SegmentedRaftLogWorker (SegmentedRaftLogWorker.java:execute(569)) - a5ea9a5d-75b9-4714-9f7f-6758ee084b69-SegmentedRaftLogWorker:Storage Directory /workdir/hadoop-ozone/integration-test/target/test-dir/MiniOzoneClusterImpl-f2035a8c-d4a7-4d05-b03a-0b8d8001dcbb/datanode-5/data/ratis/3f502d0d-cfef-411a-8db1-24a3763077b1: created new log segment /workdir/hadoop-ozone/integration-test/target/test-dir/MiniOzoneClusterImpl-f2035a8c-d4a7-4d05-b03a-0b8d8001dcbb/datanode-5/data/ratis/3f502d0d-cfef-411a-8db1-24a3763077b1/current/log_inprogress_0
2019-08-03 03:58:58,467 INFO  impl.RaftServerImpl (ServerState.java:setLeader(263)) - eb9bd40f-6483-4d89-916f-e4c801267cb0:group-24A3763077B1 change Leader from null to a5ea9a5d-75b9-4714-9f7f-6758ee084b69 at term 1 for appendEntries, leader elected after 5285ms
2019-08-03 03:58:58,467 INFO  impl.RaftServerImpl (ServerState.java:setLeader(263)) - 566a1ba4-fd5b-423c-9f69-f766773328d9:group-24A3763077B1 change Leader from null to a5ea9a5d-75b9-4714-9f7f-6758ee084b69 at term 1 for appendEntries, leader elected after 5285ms
2019-08-03 03:58:58,502 INFO  impl.RaftServerImpl (ServerState.java:setRaftConf(361)) - eb9bd40f-6483-4d89-916f-e4c801267cb0:group-24A3763077B1 set configuration 0: [eb9bd40f-6483-4d89-916f-e4c801267cb0:192.168.5.147:35225, a5ea9a5d-75b9-4714-9f7f-6758ee084b69:192.168.5.147:33170, 566a1ba4-fd5b-423c-9f69-f766773328d9:192.168.5.147:40552], old=null at 0
2019-08-03 03:58:58,502 INFO  impl.RaftServerImpl (ServerState.java:setRaftConf(361)) - 566a1ba4-fd5b-423c-9f69-f766773328d9:group-24A3763077B1 set configuration 0: [eb9bd40f-6483-4d89-916f-e4c801267cb0:192.168.5.147:35225, a5ea9a5d-75b9-4714-9f7f-6758ee084b69:192.168.5.147:33170, 566a1ba4-fd5b-423c-9f69-f766773328d9:192.168.5.147:40552], old=null at 0
2019-08-03 03:58:58,502 INFO  segmented.SegmentedRaftLogWorker (SegmentedRaftLogWorker.java:startLogSegment(380)) - eb9bd40f-6483-4d89-916f-e4c801267cb0-SegmentedRaftLogWorker:Storage Directory /workdir/hadoop-ozone/integration-test/target/test-dir/MiniOzoneClusterImpl-f2035a8c-d4a7-4d05-b03a-0b8d8001dcbb/datanode-3/data/ratis/3f502d0d-cfef-411a-8db1-24a3763077b1: Starting segment from index:0
2019-08-03 03:58:58,503 INFO  segmented.SegmentedRaftLogWorker (SegmentedRaftLogWorker.java:startLogSegment(380)) - 566a1ba4-fd5b-423c-9f69-f766773328d9-SegmentedRaftLogWorker:Storage Directory /workdir/hadoop-ozone/integration-test/target/test-dir/MiniOzoneClusterImpl-f2035a8c-d4a7-4d05-b03a-0b8d8001dcbb/datanode-4/data/ratis/3f502d0d-cfef-411a-8db1-24a3763077b1: Starting segment from index:0
2019-08-03 03:58:58,542 INFO  segmented.SegmentedRaftLogWorker (SegmentedRaftLogWorker.java:execute(569)) - eb9bd40f-6483-4d89-916f-e4c801267cb0-SegmentedRaftLogWorker:Storage Directory /workdir/hadoop-ozone/integration-test/target/test-dir/MiniOzoneClusterImpl-f2035a8c-d4a7-4d05-b03a-0b8d8001dcbb/datanode-3/data/ratis/3f502d0d-cfef-411a-8db1-24a3763077b1: created new log segment /workdir/hadoop-ozone/integration-test/target/test-dir/MiniOzoneClusterImpl-f2035a8c-d4a7-4d05-b03a-0b8d8001dcbb/datanode-3/data/ratis/3f502d0d-cfef-411a-8db1-24a3763077b1/current/log_inprogress_0
2019-08-03 03:58:58,544 INFO  segmented.SegmentedRaftLogWorker (SegmentedRaftLogWorker.java:execute(569)) - 566a1ba4-fd5b-423c-9f69-f766773328d9-SegmentedRaftLogWorker:Storage Directory /workdir/hadoop-ozone/integration-test/target/test-dir/MiniOzoneClusterImpl-f2035a8c-d4a7-4d05-b03a-0b8d8001dcbb/datanode-4/data/ratis/3f502d0d-cfef-411a-8db1-24a3763077b1: created new log segment /workdir/hadoop-ozone/integration-test/target/test-dir/MiniOzoneClusterImpl-f2035a8c-d4a7-4d05-b03a-0b8d8001dcbb/datanode-4/data/ratis/3f502d0d-cfef-411a-8db1-24a3763077b1/current/log_inprogress_0
2019-08-03 03:58:58,720 INFO  client.GrpcClientProtocolClient (GrpcClientProtocolClient.java:onNext(255)) - client-346E64023D9A->0be52bb6-2651-4310-b38e-31e89798d0bc: receive RaftClientReply:client-346E64023D9A->0be52bb6-2651-4310-b38e-31e89798d0bc@group-19079B00DDE2, cid=12, FAILED org.apache.ratis.protocol.NotLeaderException: Server 0be52bb6-2651-4310-b38e-31e89798d0bc is not the leader (null). Request must be sent to leader., logIndex=0, commits[0be52bb6-2651-4310-b38e-31e89798d0bc:c-1]
2019-08-03 03:58:58,744 WARN  io.KeyOutputStream (KeyOutputStream.java:handleException(276)) - Encountered exception java.io.IOException: Unexpected Storage Container Exception: java.util.concurrent.CompletionException: java.util.concurrent.CompletionException: org.apache.ratis.protocol.RaftRetryFailureException: Failed RaftClientRequest:client-346E64023D9A->0be52bb6-2651-4310-b38e-31e89798d0bc@group-19079B00DDE2, cid=12, seq=1*, RW, org.apache.hadoop.hdds.scm.XceiverClientRatis$$Lambda$314/1993403607@4d663675 for 5 attempts with RetryLimited(maxAttempts=5, sleepTime=1000ms) on the pipeline Pipeline[ Id: ad73e822-1adf-452d-ad05-19079b00dde2, Nodes: 0be52bb6-2651-4310-b38e-31e89798d0bc{ip: 192.168.5.147, host: byscane-nightly-b86qh-2100283676, networkLocation: /default-rack, certSerialId: null}cc70d045-6157-4db3-ac9b-fa1972ae6e3b{ip: 192.168.5.147, host: byscane-nightly-b86qh-2100283676, networkLocation: /default-rack, certSerialId: null}e8a7653e-b2d1-497d-9c99-71550c289f3a{ip: 192.168.5.147, host: byscane-nightly-b86qh-2100283676, networkLocation: /default-rack, certSerialId: null}, Type:RATIS, Factor:THREE, State:OPEN]. The last committed block length is 0, uncommitted data length is 2097152 retry count 0
2019-08-03 03:58:58,804 INFO  client.GrpcClientProtocolClient (GrpcClientProtocolClient.java:onNext(255)) - client-C17E96B5250E->566a1ba4-fd5b-423c-9f69-f766773328d9: receive RaftClientReply:client-C17E96B5250E->566a1ba4-fd5b-423c-9f69-f766773328d9@group-24A3763077B1, cid=16, FAILED org.apache.ratis.protocol.NotLeaderException: Server 566a1ba4-fd5b-423c-9f69-f766773328d9 is not the leader (a5ea9a5d-75b9-4714-9f7f-6758ee084b69:192.168.5.147:33170). Request must be sent to leader., logIndex=0, commits[566a1ba4-fd5b-423c-9f69-f766773328d9:c0, eb9bd40f-6483-4d89-916f-e4c801267cb0:c-1, a5ea9a5d-75b9-4714-9f7f-6758ee084b69:c0]
2019-08-03 03:58:59,083 INFO  client.GrpcClientProtocolClient (GrpcClientProtocolClient.java:onNext(255)) - client-C17E96B5250E->a5ea9a5d-75b9-4714-9f7f-6758ee084b69: receive RaftClientReply:client-C17E96B5250E->a5ea9a5d-75b9-4714-9f7f-6758ee084b69@group-24A3763077B1, cid=16, SUCCESS, logIndex=1, commits[a5ea9a5d-75b9-4714-9f7f-6758ee084b69:c2, eb9bd40f-6483-4d89-916f-e4c801267cb0:c1, 566a1ba4-fd5b-423c-9f69-f766773328d9:c1]
2019-08-03 03:58:59,147 INFO  client.GrpcClientProtocolClient (GrpcClientProtocolClient.java:onNext(255)) - client-C17E96B5250E->a5ea9a5d-75b9-4714-9f7f-6758ee084b69: receive RaftClientReply:client-C17E96B5250E->a5ea9a5d-75b9-4714-9f7f-6758ee084b69@group-24A3763077B1, cid=17, SUCCESS, logIndex=3, commits[a5ea9a5d-75b9-4714-9f7f-6758ee084b69:c8, eb9bd40f-6483-4d89-916f-e4c801267cb0:c6, 566a1ba4-fd5b-423c-9f69-f766773328d9:c6]
2019-08-03 03:58:59,152 INFO  client.GrpcClientProtocolClient (GrpcClientProtocolClient.java:onNext(255)) - client-C17E96B5250E->a5ea9a5d-75b9-4714-9f7f-6758ee084b69: receive RaftClientReply:client-C17E96B5250E->a5ea9a5d-75b9-4714-9f7f-6758ee084b69@group-24A3763077B1, cid=18, SUCCESS, logIndex=5, commits[a5ea9a5d-75b9-4714-9f7f-6758ee084b69:c8, eb9bd40f-6483-4d89-916f-e4c801267cb0:c6, 566a1ba4-fd5b-423c-9f69-f766773328d9:c6]
2019-08-03 03:58:59,176 INFO  client.GrpcClientProtocolClient (GrpcClientProtocolClient.java:onNext(255)) - client-C17E96B5250E->a5ea9a5d-75b9-4714-9f7f-6758ee084b69: receive RaftClientReply:client-C17E96B5250E->a5ea9a5d-75b9-4714-9f7f-6758ee084b69@group-24A3763077B1, cid=19, SUCCESS, logIndex=6, commits[a5ea9a5d-75b9-4714-9f7f-6758ee084b69:c8, eb9bd40f-6483-4d89-916f-e4c801267cb0:c6, 566a1ba4-fd5b-423c-9f69-f766773328d9:c6]
2019-08-03 03:58:59,231 INFO  client.GrpcClientProtocolClient (GrpcClientProtocolClient.java:onNext(255)) - client-C17E96B5250E->a5ea9a5d-75b9-4714-9f7f-6758ee084b69: receive RaftClientReply:client-C17E96B5250E->a5ea9a5d-75b9-4714-9f7f-6758ee084b69@group-24A3763077B1, cid=20, SUCCESS, logIndex=9, commits[a5ea9a5d-75b9-4714-9f7f-6758ee084b69:c10, eb9bd40f-6483-4d89-916f-e4c801267cb0:c8, 566a1ba4-fd5b-423c-9f69-f766773328d9:c8]
2019-08-03 03:58:59,236 INFO  client.GrpcClientProtocolClient (GrpcClientProtocolClient.java:onNext(255)) - client-C17E96B5250E->a5ea9a5d-75b9-4714-9f7f-6758ee084b69: receive RaftClientReply:client-C17E96B5250E->a5ea9a5d-75b9-4714-9f7f-6758ee084b69@group-24A3763077B1, cid=21, SUCCESS, logIndex=10, commits[a5ea9a5d-75b9-4714-9f7f-6758ee084b69:c10, eb9bd40f-6483-4d89-916f-e4c801267cb0:c8, 566a1ba4-fd5b-423c-9f69-f766773328d9:c8]
2019-08-03 03:58:59,239 INFO  client.GrpcClientProtocolClient (GrpcClientProtocolClient.java:onNext(255)) - client-C17E96B5250E->a5ea9a5d-75b9-4714-9f7f-6758ee084b69: receive RaftClientReply:client-C17E96B5250E->a5ea9a5d-75b9-4714-9f7f-6758ee084b69@group-24A3763077B1, cid=22, SUCCESS, logIndex=11, commits[a5ea9a5d-75b9-4714-9f7f-6758ee084b69:c12, eb9bd40f-6483-4d89-916f-e4c801267cb0:c8, 566a1ba4-fd5b-423c-9f69-f766773328d9:c8]
2019-08-03 03:58:59,241 INFO  client.GrpcClientProtocolClient (GrpcClientProtocolClient.java:onNext(255)) - client-C17E96B5250E->a5ea9a5d-75b9-4714-9f7f-6758ee084b69: receive RaftClientReply:client-C17E96B5250E->a5ea9a5d-75b9-4714-9f7f-6758ee084b69@group-24A3763077B1, cid=23, SUCCESS, logIndex=12, commits[a5ea9a5d-75b9-4714-9f7f-6758ee084b69:c14, eb9bd40f-6483-4d89-916f-e4c801267cb0:c10, 566a1ba4-fd5b-423c-9f69-f766773328d9:c10]
2019-08-03 03:58:59,269 INFO  client.GrpcClientProtocolClient (GrpcClientProtocolClient.java:onNext(255)) - client-C17E96B5250E->a5ea9a5d-75b9-4714-9f7f-6758ee084b69: receive RaftClientReply:client-C17E96B5250E->a5ea9a5d-75b9-4714-9f7f-6758ee084b69@group-24A3763077B1, cid=24, SUCCESS, logIndex=0, commits[a5ea9a5d-75b9-4714-9f7f-6758ee084b69:c16, eb9bd40f-6483-4d89-916f-e4c801267cb0:c12, 566a1ba4-fd5b-423c-9f69-f766773328d9:c12]
2019-08-03 03:58:59,283 INFO  datanode.ObjectStoreHandler (ObjectStoreHandler.java:close(155)) - Closing ObjectStoreHandler.
2019-08-03 03:58:59,284 INFO  ozone.HddsDatanodeService (HddsDatanodeService.java:stop(451)) - Stopped plug-in org.apache.hadoop.ozone.web.OzoneHddsDatanodeService@454bcbbf
2019-08-03 03:58:59,355 INFO  statemachine.DatanodeStateMachine (DatanodeStateMachine.java:lambda$startDaemon$0(350)) - Ozone container server started.
2019-08-03 03:58:59,366 INFO  client.GrpcClientProtocolClient (GrpcClientProtocolClient.java:onNext(255)) - client-C17E96B5250E->a5ea9a5d-75b9-4714-9f7f-6758ee084b69: receive RaftClientReply:client-C17E96B5250E->a5ea9a5d-75b9-4714-9f7f-6758ee084b69@group-24A3763077B1, cid=25, SUCCESS, logIndex=17, commits[a5ea9a5d-75b9-4714-9f7f-6758ee084b69:c18, eb9bd40f-6483-4d89-916f-e4c801267cb0:c16, 566a1ba4-fd5b-423c-9f69-f766773328d9:c16]
2019-08-03 03:58:59,389 INFO  client.GrpcClientProtocolClient (GrpcClientProtocolClient.java:onNext(255)) - client-C17E96B5250E->a5ea9a5d-75b9-4714-9f7f-6758ee084b69: receive RaftClientReply:client-C17E96B5250E->a5ea9a5d-75b9-4714-9f7f-6758ee084b69@group-24A3763077B1, cid=26, SUCCESS, logIndex=18, commits[a5ea9a5d-75b9-4714-9f7f-6758ee084b69:c20, eb9bd40f-6483-4d89-916f-e4c801267cb0:c18, 566a1ba4-fd5b-423c-9f69-f766773328d9:c18]
2019-08-03 03:59:03,345 INFO  impl.FollowerState (FollowerState.java:run(106)) - e8a7653e-b2d1-497d-9c99-71550c289f3a:group-19079B00DDE2 changes to CANDIDATE, lastRpcTime:5013, electionTimeout:5011ms
2019-08-03 03:59:03,346 INFO  impl.RoleInfo (RoleInfo.java:shutdownFollowerState(121)) - e8a7653e-b2d1-497d-9c99-71550c289f3a: shutdown FollowerState
2019-08-03 03:59:03,346 INFO  impl.RaftServerImpl (RaftServerImpl.java:setRole(171)) - e8a7653e-b2d1-497d-9c99-71550c289f3a:group-19079B00DDE2 changes role from FOLLOWER to CANDIDATE at term 1 for changeToCandidate
2019-08-03 03:59:03,346 INFO  impl.RoleInfo (RoleInfo.java:updateAndGet(143)) - e8a7653e-b2d1-497d-9c99-71550c289f3a: start LeaderElection
2019-08-03 03:59:03,364 INFO  impl.LeaderElection (LeaderElection.java:askForVotes(181)) - e8a7653e-b2d1-497d-9c99-71550c289f3a:group-19079B00DDE2:LeaderElection11: begin an election at term 2 for -1: [0be52bb6-2651-4310-b38e-31e89798d0bc:192.168.5.147:41352, cc70d045-6157-4db3-ac9b-fa1972ae6e3b:192.168.5.147:35328, e8a7653e-b2d1-497d-9c99-71550c289f3a:192.168.5.147:40339], old=null
2019-08-03 03:59:03,375 INFO  impl.RaftServerImpl (RaftServerImpl.java:setRole(171)) - cc70d045-6157-4db3-ac9b-fa1972ae6e3b:group-19079B00DDE2 changes role from FOLLOWER to FOLLOWER at term 2 for recognizeCandidate:e8a7653e-b2d1-497d-9c99-71550c289f3a
2019-08-03 03:59:03,375 INFO  impl.RaftServerImpl (RaftServerImpl.java:setRole(171)) - 0be52bb6-2651-4310-b38e-31e89798d0bc:group-19079B00DDE2 changes role from FOLLOWER to FOLLOWER at term 2 for recognizeCandidate:e8a7653e-b2d1-497d-9c99-71550c289f3a
2019-08-03 03:59:03,375 INFO  impl.RoleInfo (RoleInfo.java:shutdownFollowerState(121)) - cc70d045-6157-4db3-ac9b-fa1972ae6e3b: shutdown FollowerState
2019-08-03 03:59:03,375 INFO  impl.RoleInfo (RoleInfo.java:shutdownFollowerState(121)) - 0be52bb6-2651-4310-b38e-31e89798d0bc: shutdown FollowerState
2019-08-03 03:59:03,376 INFO  impl.FollowerState (FollowerState.java:run(114)) - cc70d045-6157-4db3-ac9b-fa1972ae6e3b: FollowerState was interrupted: java.lang.InterruptedException: sleep interrupted
2019-08-03 03:59:03,376 INFO  impl.RoleInfo (RoleInfo.java:updateAndGet(143)) - cc70d045-6157-4db3-ac9b-fa1972ae6e3b: start FollowerState
2019-08-03 03:59:03,378 INFO  impl.RoleInfo (RoleInfo.java:updateAndGet(143)) - 0be52bb6-2651-4310-b38e-31e89798d0bc: start FollowerState
2019-08-03 03:59:03,392 INFO  impl.LeaderElection (LeaderElection.java:logAndReturn(56)) - e8a7653e-b2d1-497d-9c99-71550c289f3a:group-19079B00DDE2:LeaderElection11: Election PASSED; received 1 response(s) [e8a7653e-b2d1-497d-9c99-71550c289f3a<-0be52bb6-2651-4310-b38e-31e89798d0bc#0:OK-t2] and 0 exception(s); e8a7653e-b2d1-497d-9c99-71550c289f3a:t2, leader=null, voted=e8a7653e-b2d1-497d-9c99-71550c289f3a, raftlog=e8a7653e-b2d1-497d-9c99-71550c289f3a-SegmentedRaftLog:OPENED:c-1,f-1,i0, conf=-1: [0be52bb6-2651-4310-b38e-31e89798d0bc:192.168.5.147:41352, cc70d045-6157-4db3-ac9b-fa1972ae6e3b:192.168.5.147:35328, e8a7653e-b2d1-497d-9c99-71550c289f3a:192.168.5.147:40339], old=null
2019-08-03 03:59:03,392 INFO  impl.RoleInfo (RoleInfo.java:shutdownLeaderElection(134)) - e8a7653e-b2d1-497d-9c99-71550c289f3a: shutdown LeaderElection
2019-08-03 03:59:03,401 INFO  impl.RaftServerImpl (RaftServerImpl.java:setRole(171)) - e8a7653e-b2d1-497d-9c99-71550c289f3a:group-19079B00DDE2 changes role from CANDIDATE to LEADER at term 2 for changeToLeader
2019-08-03 03:59:03,401 INFO  impl.RaftServerImpl (ServerState.java:setLeader(263)) - e8a7653e-b2d1-497d-9c99-71550c289f3a:group-19079B00DDE2 change Leader from null to e8a7653e-b2d1-497d-9c99-71550c289f3a at term 2 for becomeLeader, leader elected after 10311ms
2019-08-03 03:59:03,402 INFO  server.RaftServerConfigKeys (ConfUtils.java:logGet(43)) - raft.server.staging.catchup.gap = 1000 (default)
2019-08-03 03:59:03,402 INFO  server.RaftServerConfigKeys (ConfUtils.java:logGet(43)) - raft.server.rpc.sleep.time = 25ms (default)
2019-08-03 03:59:03,402 INFO  server.RaftServerConfigKeys (ConfUtils.java:logGet(43)) - raft.server.write.element-limit = 4096 (default)
2019-08-03 03:59:03,402 INFO  server.RaftServerConfigKeys (ConfUtils.java:logGet(43)) - raft.server.watch.timeout = 10s (default)
2019-08-03 03:59:03,402 INFO  server.RaftServerConfigKeys (ConfUtils.java:logGet(43)) - raft.server.watch.timeout.denomination = 1s (default)
2019-08-03 03:59:03,403 INFO  server.RaftServerConfigKeys (ConfUtils.java:logGet(43)) - raft.server.watch.element-limit = 65536 (default)
2019-08-03 03:59:03,403 INFO  server.RaftServerConfigKeys (ConfUtils.java:logGet(43)) - raft.server.log.appender.snapshot.chunk.size.max = 16MB (=16777216) (default)
2019-08-03 03:59:03,403 INFO  server.RaftServerConfigKeys (ConfUtils.java:logGet(43)) - raft.server.log.appender.buffer.byte-limit = 33554432 (custom)
2019-08-03 03:59:03,403 INFO  server.RaftServerConfigKeys (ConfUtils.java:logGet(43)) - raft.server.log.appender.buffer.element-limit = 1 (custom)
2019-08-03 03:59:03,404 INFO  grpc.GrpcConfigKeys$Server (ConfUtils.java:logGet(43)) - raft.grpc.server.leader.outstanding.appends.max = 128 (default)
2019-08-03 03:59:03,404 INFO  server.RaftServerConfigKeys (ConfUtils.java:logGet(43)) - raft.server.rpc.request.timeout = 3000ms (default)
2019-08-03 03:59:03,404 INFO  server.RaftServerConfigKeys (ConfUtils.java:logGet(43)) - raft.server.log.appender.install.snapshot.enabled = false (custom)
2019-08-03 03:59:03,404 INFO  server.RaftServerConfigKeys (ConfUtils.java:logGet(43)) - raft.server.log.appender.snapshot.chunk.size.max = 16MB (=16777216) (default)
2019-08-03 03:59:03,405 INFO  server.RaftServerConfigKeys (ConfUtils.java:logGet(43)) - raft.server.log.appender.buffer.byte-limit = 33554432 (custom)
2019-08-03 03:59:03,405 INFO  server.RaftServerConfigKeys (ConfUtils.java:logGet(43)) - raft.server.log.appender.buffer.element-limit = 1 (custom)
2019-08-03 03:59:03,405 INFO  grpc.GrpcConfigKeys$Server (ConfUtils.java:logGet(43)) - raft.grpc.server.leader.outstanding.appends.max = 128 (default)
2019-08-03 03:59:03,405 INFO  server.RaftServerConfigKeys (ConfUtils.java:logGet(43)) - raft.server.rpc.request.timeout = 3000ms (default)
2019-08-03 03:59:03,406 INFO  server.RaftServerConfigKeys (ConfUtils.java:logGet(43)) - raft.server.log.appender.install.snapshot.enabled = false (custom)
2019-08-03 03:59:03,406 INFO  impl.RoleInfo (RoleInfo.java:updateAndGet(143)) - e8a7653e-b2d1-497d-9c99-71550c289f3a: start LeaderState
2019-08-03 03:59:03,406 INFO  segmented.SegmentedRaftLogWorker (SegmentedRaftLogWorker.java:startLogSegment(380)) - e8a7653e-b2d1-497d-9c99-71550c289f3a-SegmentedRaftLogWorker:Storage Directory /workdir/hadoop-ozone/integration-test/target/test-dir/MiniOzoneClusterImpl-f2035a8c-d4a7-4d05-b03a-0b8d8001dcbb/datanode-0/data/ratis/ad73e822-1adf-452d-ad05-19079b00dde2: Starting segment from index:0
2019-08-03 03:59:03,408 INFO  impl.RaftServerImpl (ServerState.java:setRaftConf(361)) - e8a7653e-b2d1-497d-9c99-71550c289f3a:group-19079B00DDE2 set configuration 0: [0be52bb6-2651-4310-b38e-31e89798d0bc:192.168.5.147:41352, cc70d045-6157-4db3-ac9b-fa1972ae6e3b:192.168.5.147:35328, e8a7653e-b2d1-497d-9c99-71550c289f3a:192.168.5.147:40339], old=null at 0
2019-08-03 03:59:03,431 INFO  impl.RaftServerImpl (ServerState.java:setLeader(263)) - cc70d045-6157-4db3-ac9b-fa1972ae6e3b:group-19079B00DDE2 change Leader from null to e8a7653e-b2d1-497d-9c99-71550c289f3a at term 2 for appendEntries, leader elected after 10336ms
2019-08-03 03:59:03,434 INFO  impl.RaftServerImpl (ServerState.java:setLeader(263)) - 0be52bb6-2651-4310-b38e-31e89798d0bc:group-19079B00DDE2 change Leader from null to e8a7653e-b2d1-497d-9c99-71550c289f3a at term 2 for appendEntries, leader elected after 10338ms
2019-08-03 03:59:03,437 INFO  impl.RaftServerImpl (ServerState.java:setRaftConf(361)) - cc70d045-6157-4db3-ac9b-fa1972ae6e3b:group-19079B00DDE2 set configuration 0: [0be52bb6-2651-4310-b38e-31e89798d0bc:192.168.5.147:41352, cc70d045-6157-4db3-ac9b-fa1972ae6e3b:192.168.5.147:35328, e8a7653e-b2d1-497d-9c99-71550c289f3a:192.168.5.147:40339], old=null at 0
2019-08-03 03:59:03,438 INFO  segmented.SegmentedRaftLogWorker (SegmentedRaftLogWorker.java:startLogSegment(380)) - cc70d045-6157-4db3-ac9b-fa1972ae6e3b-SegmentedRaftLogWorker:Storage Directory /workdir/hadoop-ozone/integration-test/target/test-dir/MiniOzoneClusterImpl-f2035a8c-d4a7-4d05-b03a-0b8d8001dcbb/datanode-2/data/ratis/ad73e822-1adf-452d-ad05-19079b00dde2: Starting segment from index:0
2019-08-03 03:59:03,439 INFO  impl.RaftServerImpl (ServerState.java:setRaftConf(361)) - 0be52bb6-2651-4310-b38e-31e89798d0bc:group-19079B00DDE2 set configuration 0: [0be52bb6-2651-4310-b38e-31e89798d0bc:192.168.5.147:41352, cc70d045-6157-4db3-ac9b-fa1972ae6e3b:192.168.5.147:35328, e8a7653e-b2d1-497d-9c99-71550c289f3a:192.168.5.147:40339], old=null at 0
2019-08-03 03:59:03,439 INFO  segmented.SegmentedRaftLogWorker (SegmentedRaftLogWorker.java:startLogSegment(380)) - 0be52bb6-2651-4310-b38e-31e89798d0bc-SegmentedRaftLogWorker:Storage Directory /workdir/hadoop-ozone/integration-test/target/test-dir/MiniOzoneClusterImpl-f2035a8c-d4a7-4d05-b03a-0b8d8001dcbb/datanode-1/data/ratis/ad73e822-1adf-452d-ad05-19079b00dde2: Starting segment from index:0
2019-08-03 03:59:03,439 INFO  segmented.SegmentedRaftLogWorker (SegmentedRaftLogWorker.java:execute(569)) - e8a7653e-b2d1-497d-9c99-71550c289f3a-SegmentedRaftLogWorker:Storage Directory /workdir/hadoop-ozone/integration-test/target/test-dir/MiniOzoneClusterImpl-f2035a8c-d4a7-4d05-b03a-0b8d8001dcbb/datanode-0/data/ratis/ad73e822-1adf-452d-ad05-19079b00dde2: created new log segment /workdir/hadoop-ozone/integration-test/target/test-dir/MiniOzoneClusterImpl-f2035a8c-d4a7-4d05-b03a-0b8d8001dcbb/datanode-0/data/ratis/ad73e822-1adf-452d-ad05-19079b00dde2/current/log_inprogress_0
2019-08-03 03:59:03,461 INFO  segmented.SegmentedRaftLogWorker (SegmentedRaftLogWorker.java:execute(569)) - 0be52bb6-2651-4310-b38e-31e89798d0bc-SegmentedRaftLogWorker:Storage Directory /workdir/hadoop-ozone/integration-test/target/test-dir/MiniOzoneClusterImpl-f2035a8c-d4a7-4d05-b03a-0b8d8001dcbb/datanode-1/data/ratis/ad73e822-1adf-452d-ad05-19079b00dde2: created new log segment /workdir/hadoop-ozone/integration-test/target/test-dir/MiniOzoneClusterImpl-f2035a8c-d4a7-4d05-b03a-0b8d8001dcbb/datanode-1/data/ratis/ad73e822-1adf-452d-ad05-19079b00dde2/current/log_inprogress_0
2019-08-03 03:59:03,472 INFO  segmented.SegmentedRaftLogWorker (SegmentedRaftLogWorker.java:execute(569)) - cc70d045-6157-4db3-ac9b-fa1972ae6e3b-SegmentedRaftLogWorker:Storage Directory /workdir/hadoop-ozone/integration-test/target/test-dir/MiniOzoneClusterImpl-f2035a8c-d4a7-4d05-b03a-0b8d8001dcbb/datanode-2/data/ratis/ad73e822-1adf-452d-ad05-19079b00dde2: created new log segment /workdir/hadoop-ozone/integration-test/target/test-dir/MiniOzoneClusterImpl-f2035a8c-d4a7-4d05-b03a-0b8d8001dcbb/datanode-2/data/ratis/ad73e822-1adf-452d-ad05-19079b00dde2/current/log_inprogress_0
2019-08-03 03:59:04,287 INFO  ozoneimpl.OzoneContainer (OzoneContainer.java:stop(199)) - Attempting to stop container services.
2019-08-03 03:59:04,291 INFO  impl.RaftServerProxy (RaftServerProxy.java:lambda$close$4(314)) - 566a1ba4-fd5b-423c-9f69-f766773328d9: close
2019-08-03 03:59:04,293 INFO  impl.RaftServerImpl (RaftServerImpl.java:lambda$shutdown$3(245)) - 566a1ba4-fd5b-423c-9f69-f766773328d9: shutdown group-C1D09E10EC7F
2019-08-03 03:59:04,294 INFO  util.JmxRegister (JmxRegister.java:unregister(73)) - Successfully un-registered JMX Bean with object name Ratis:service=RaftServer,group=group-C1D09E10EC7F,id=566a1ba4-fd5b-423c-9f69-f766773328d9
2019-08-03 03:59:04,294 INFO  impl.RaftServerImpl (RaftServerImpl.java:lambda$shutdown$3(245)) - 566a1ba4-fd5b-423c-9f69-f766773328d9: shutdown group-24A3763077B1
2019-08-03 03:59:04,294 INFO  impl.RoleInfo (RoleInfo.java:shutdownLeaderState(104)) - 566a1ba4-fd5b-423c-9f69-f766773328d9: shutdown LeaderState
2019-08-03 03:59:04,299 INFO  util.JmxRegister (JmxRegister.java:unregister(73)) - Successfully un-registered JMX Bean with object name Ratis:service=RaftServer,group=group-24A3763077B1,id=566a1ba4-fd5b-423c-9f69-f766773328d9
2019-08-03 03:59:04,300 INFO  impl.RoleInfo (RoleInfo.java:shutdownFollowerState(121)) - 566a1ba4-fd5b-423c-9f69-f766773328d9: shutdown FollowerState
2019-08-03 03:59:04,300 INFO  impl.StateMachineUpdater (StateMachineUpdater.java:stopAndJoin(115)) - StateMachineUpdater:566a1ba4-fd5b-423c-9f69-f766773328d9:group-24A3763077B1: set stopIndex = 20
2019-08-03 03:59:04,300 INFO  impl.PendingRequests (PendingRequests.java:sendNotLeaderResponses(202)) - 566a1ba4-fd5b-423c-9f69-f766773328d9-PendingRequests: sendNotLeaderResponses
2019-08-03 03:59:04,300 INFO  impl.FollowerState (FollowerState.java:run(114)) - 566a1ba4-fd5b-423c-9f69-f766773328d9: FollowerState was interrupted: java.lang.InterruptedException: sleep interrupted
2019-08-03 03:59:04,301 INFO  ratis.ContainerStateMachine (ContainerStateMachine.java:takeSnapshot(262)) - group-24A3763077B1: Taking a snapshot at:(t:1, i:18) file /workdir/hadoop-ozone/integration-test/target/test-dir/MiniOzoneClusterImpl-f2035a8c-d4a7-4d05-b03a-0b8d8001dcbb/datanode-4/data/ratis/3f502d0d-cfef-411a-8db1-24a3763077b1/sm/snapshot.1_18
2019-08-03 03:59:04,305 INFO  impl.StateMachineUpdater (StateMachineUpdater.java:stopAndJoin(115)) - StateMachineUpdater:566a1ba4-fd5b-423c-9f69-f766773328d9:group-C1D09E10EC7F: set stopIndex = 0
2019-08-03 03:59:04,307 INFO  impl.RaftServerImpl (ServerState.java:close(394)) - 566a1ba4-fd5b-423c-9f69-f766773328d9:group-C1D09E10EC7F closes. The last applied log index is 0
2019-08-03 03:59:04,309 INFO  segmented.SegmentedRaftLogWorker (SegmentedRaftLogWorker.java:run(313)) - 566a1ba4-fd5b-423c-9f69-f766773328d9-SegmentedRaftLogWorker:Storage Directory /workdir/hadoop-ozone/integration-test/target/test-dir/MiniOzoneClusterImpl-f2035a8c-d4a7-4d05-b03a-0b8d8001dcbb/datanode-4/data/ratis/413a1dc4-c3fd-472b-8943-c1d09e10ec7f was interrupted, exiting. There are 0 tasks remaining in the queue.
2019-08-03 03:59:04,312 INFO  segmented.SegmentedRaftLogWorker (SegmentedRaftLogWorker.java:close(228)) - 566a1ba4-fd5b-423c-9f69-f766773328d9-SegmentedRaftLogWorker:Storage Directory /workdir/hadoop-ozone/integration-test/target/test-dir/MiniOzoneClusterImpl-f2035a8c-d4a7-4d05-b03a-0b8d8001dcbb/datanode-4/data/ratis/413a1dc4-c3fd-472b-8943-c1d09e10ec7f close()
2019-08-03 03:59:04,327 INFO  ratis.ContainerStateMachine (ContainerStateMachine.java:takeSnapshot(273)) - group-24A3763077B1: Finished taking a snapshot at:(t:1, i:18) file:/workdir/hadoop-ozone/integration-test/target/test-dir/MiniOzoneClusterImpl-f2035a8c-d4a7-4d05-b03a-0b8d8001dcbb/datanode-4/data/ratis/3f502d0d-cfef-411a-8db1-24a3763077b1/sm/snapshot.1_18 time:27
2019-08-03 03:59:04,327 INFO  impl.StateMachineUpdater (StateMachineUpdater.java:takeSnapshot(242)) - StateMachineUpdater:566a1ba4-fd5b-423c-9f69-f766773328d9:group-24A3763077B1: Took a snapshot at index 18
2019-08-03 03:59:04,327 INFO  impl.StateMachineUpdater (StateMachineUpdater.java:lambda$new$0(80)) - StateMachineUpdater:566a1ba4-fd5b-423c-9f69-f766773328d9:group-24A3763077B1: snapshotIndex: updateIncreasingly -1 -> 18
2019-08-03 03:59:04,332 INFO  impl.RaftServerImpl (ServerState.java:close(394)) - 566a1ba4-fd5b-423c-9f69-f766773328d9:group-24A3763077B1 closes. The last applied log index is 20
2019-08-03 03:59:04,332 INFO  segmented.SegmentedRaftLogWorker (SegmentedRaftLogWorker.java:run(313)) - 566a1ba4-fd5b-423c-9f69-f766773328d9-SegmentedRaftLogWorker:Storage Directory /workdir/hadoop-ozone/integration-test/target/test-dir/MiniOzoneClusterImpl-f2035a8c-d4a7-4d05-b03a-0b8d8001dcbb/datanode-4/data/ratis/3f502d0d-cfef-411a-8db1-24a3763077b1 was interrupted, exiting. There are 0 tasks remaining in the queue.
2019-08-03 03:59:04,334 INFO  segmented.SegmentedRaftLogWorker (SegmentedRaftLogWorker.java:close(228)) - 566a1ba4-fd5b-423c-9f69-f766773328d9-SegmentedRaftLogWorker:Storage Directory /workdir/hadoop-ozone/integration-test/target/test-dir/MiniOzoneClusterImpl-f2035a8c-d4a7-4d05-b03a-0b8d8001dcbb/datanode-4/data/ratis/3f502d0d-cfef-411a-8db1-24a3763077b1 close()
2019-08-03 03:59:04,338 INFO  server.GrpcService (GrpcService.java:closeImpl(155)) - 566a1ba4-fd5b-423c-9f69-f766773328d9: shutdown server with port 40552 now
2019-08-03 03:59:04,346 INFO  server.GrpcService (GrpcService.java:closeImpl(163)) - 566a1ba4-fd5b-423c-9f69-f766773328d9: shutdown server with port 40552 successfully
2019-08-03 03:59:04,346 WARN  server.GrpcServerProtocolService (LogUtils.java:warn(134)) - 566a1ba4-fd5b-423c-9f69-f766773328d9: appendEntries onError: org.apache.ratis.thirdparty.io.grpc.StatusRuntimeException: CANCELLED: cancelled before receiving half close
2019-08-03 03:59:04,348 INFO  utils.BackgroundService (BackgroundService.java:shutdown(148)) - Shutting down service BlockDeletingService
2019-08-03 03:59:04,349 WARN  server.GrpcLogAppender (LogUtils.java:warn(134)) - a5ea9a5d-75b9-4714-9f7f-6758ee084b69->566a1ba4-fd5b-423c-9f69-f766773328d9: Failed appendEntries: org.apache.ratis.thirdparty.io.grpc.StatusRuntimeException: CANCELLED: HTTP/2 error code: CANCEL
Received Rst Stream
2019-08-03 03:59:04,352 WARN  fs.CachingGetSpaceUsed (CachingGetSpaceUsed.java:run(183)) - Thread Interrupted waiting to refresh disk information: sleep interrupted
2019-08-03 03:59:04,352 INFO  impl.FollowerInfo (FollowerInfo.java:lambda$new$0(50)) - a5ea9a5d-75b9-4714-9f7f-6758ee084b69->566a1ba4-fd5b-423c-9f69-f766773328d9: nextIndex: updateUnconditionally 21 -> 20
2019-08-03 03:59:04,382 INFO  statemachine.DatanodeStateMachine (DatanodeStateMachine.java:stopDaemon(395)) - Ozone container server stopped.
2019-08-03 03:59:04,397 WARN  server.GrpcLogAppender (LogUtils.java:warn(134)) - a5ea9a5d-75b9-4714-9f7f-6758ee084b69->566a1ba4-fd5b-423c-9f69-f766773328d9: Failed appendEntries: org.apache.ratis.thirdparty.io.grpc.StatusRuntimeException: UNAVAILABLE: io exception
2019-08-03 03:59:04,399 INFO  impl.FollowerInfo (FollowerInfo.java:lambda$new$0(50)) - a5ea9a5d-75b9-4714-9f7f-6758ee084b69->566a1ba4-fd5b-423c-9f69-f766773328d9: nextIndex: updateUnconditionally 20 -> 19
2019-08-03 03:59:04,403 INFO  handler.ContextHandler (ContextHandler.java:doStop(910)) - Stopped o.e.j.w.WebAppContext@53d6e959{/,null,UNAVAILABLE}{/hddsDatanode}
2019-08-03 03:59:04,409 INFO  server.AbstractConnector (AbstractConnector.java:doStop(318)) - Stopped ServerConnector@3caee3a8{HTTP/1.1,[http/1.1]}{0.0.0.0:0}
2019-08-03 03:59:04,409 INFO  handler.ContextHandler (ContextHandler.java:doStop(910)) - Stopped o.e.j.s.ServletContextHandler@65cc5252{/static,jar:file:/home/user/.m2/repository/org/apache/hadoop/hadoop-hdds-container-service/0.4.1-SNAPSHOT/hadoop-hdds-container-service-0.4.1-SNAPSHOT.jar!/webapps/static,UNAVAILABLE}
2019-08-03 03:59:04,410 INFO  handler.ContextHandler (ContextHandler.java:doStop(910)) - Stopped o.e.j.s.ServletContextHandler@48d739f{/logs,file:///workdir/hadoop-ozone/integration-test/target/log,UNAVAILABLE}
2019-08-03 03:59:04,412 INFO  datanode.ObjectStoreHandler (ObjectStoreHandler.java:close(155)) - Closing ObjectStoreHandler.
2019-08-03 03:59:04,413 INFO  ozone.HddsDatanodeService (HddsDatanodeService.java:stop(451)) - Stopped plug-in org.apache.hadoop.ozone.web.OzoneHddsDatanodeService@230232b0
2019-08-03 03:59:05,357 INFO  statemachine.DatanodeStateMachine (DatanodeStateMachine.java:lambda$startDaemon$0(350)) - Ozone container server started.
2019-08-03 03:59:06,895 WARN  server.GrpcLogAppender (LogUtils.java:warn(134)) - a5ea9a5d-75b9-4714-9f7f-6758ee084b69->566a1ba4-fd5b-423c-9f69-f766773328d9: Failed appendEntries: org.apache.ratis.thirdparty.io.grpc.StatusRuntimeException: UNAVAILABLE: io exception
2019-08-03 03:59:06,900 INFO  impl.FollowerInfo (FollowerInfo.java:lambda$new$0(50)) - a5ea9a5d-75b9-4714-9f7f-6758ee084b69->566a1ba4-fd5b-423c-9f69-f766773328d9: nextIndex: updateUnconditionally 19 -> 18
2019-08-03 03:59:09,398 WARN  server.GrpcLogAppender (LogUtils.java:warn(134)) - a5ea9a5d-75b9-4714-9f7f-6758ee084b69->566a1ba4-fd5b-423c-9f69-f766773328d9: Failed appendEntries: org.apache.ratis.thirdparty.io.grpc.StatusRuntimeException: UNAVAILABLE: io exception
2019-08-03 03:59:09,401 INFO  impl.FollowerInfo (FollowerInfo.java:lambda$new$0(50)) - a5ea9a5d-75b9-4714-9f7f-6758ee084b69->566a1ba4-fd5b-423c-9f69-f766773328d9: nextIndex: updateUnconditionally 18 -> 17
2019-08-03 03:59:09,414 INFO  ozoneimpl.OzoneContainer (OzoneContainer.java:stop(199)) - Attempting to stop container services.
2019-08-03 03:59:09,414 INFO  impl.RaftServerProxy (RaftServerProxy.java:lambda$close$4(314)) - a5ea9a5d-75b9-4714-9f7f-6758ee084b69: close
2019-08-03 03:59:09,415 INFO  impl.RaftServerImpl (RaftServerImpl.java:lambda$shutdown$3(245)) - a5ea9a5d-75b9-4714-9f7f-6758ee084b69: shutdown group-5DDBB2607927
2019-08-03 03:59:09,415 INFO  impl.RaftServerImpl (RaftServerImpl.java:lambda$shutdown$3(245)) - a5ea9a5d-75b9-4714-9f7f-6758ee084b69: shutdown group-24A3763077B1
2019-08-03 03:59:09,416 INFO  util.JmxRegister (JmxRegister.java:unregister(73)) - Successfully un-registered JMX Bean with object name Ratis:service=RaftServer,group=group-5DDBB2607927,id=a5ea9a5d-75b9-4714-9f7f-6758ee084b69
2019-08-03 03:59:09,416 INFO  util.JmxRegister (JmxRegister.java:unregister(73)) - Successfully un-registered JMX Bean with object name Ratis:service=RaftServer,group=group-24A3763077B1,id=a5ea9a5d-75b9-4714-9f7f-6758ee084b69
2019-08-03 03:59:09,416 INFO  impl.RoleInfo (RoleInfo.java:shutdownLeaderState(104)) - a5ea9a5d-75b9-4714-9f7f-6758ee084b69: shutdown LeaderState
2019-08-03 03:59:09,416 INFO  impl.RoleInfo (RoleInfo.java:shutdownLeaderState(104)) - a5ea9a5d-75b9-4714-9f7f-6758ee084b69: shutdown LeaderState
2019-08-03 03:59:09,417 INFO  impl.PendingRequests (PendingRequests.java:sendNotLeaderResponses(202)) - a5ea9a5d-75b9-4714-9f7f-6758ee084b69-PendingRequests: sendNotLeaderResponses
2019-08-03 03:59:09,423 WARN  server.GrpcLogAppender (GrpcLogAppender.java:mayWait(143)) - GrpcLogAppender(a5ea9a5d-75b9-4714-9f7f-6758ee084b69->566a1ba4-fd5b-423c-9f69-f766773328d9): Wait interrupted by java.lang.InterruptedException
2019-08-03 03:59:09,423 WARN  server.GrpcLogAppender (GrpcLogAppender.java:mayWait(143)) - GrpcLogAppender(a5ea9a5d-75b9-4714-9f7f-6758ee084b69->eb9bd40f-6483-4d89-916f-e4c801267cb0): Wait interrupted by java.lang.InterruptedException
2019-08-03 03:59:09,423 INFO  impl.StateMachineUpdater (StateMachineUpdater.java:stopAndJoin(115)) - StateMachineUpdater:a5ea9a5d-75b9-4714-9f7f-6758ee084b69:group-5DDBB2607927: set stopIndex = 0
2019-08-03 03:59:09,421 INFO  impl.PendingRequests (PendingRequests.java:sendNotLeaderResponses(202)) - a5ea9a5d-75b9-4714-9f7f-6758ee084b69-PendingRequests: sendNotLeaderResponses
2019-08-03 03:59:09,424 INFO  impl.RaftServerImpl (ServerState.java:close(394)) - a5ea9a5d-75b9-4714-9f7f-6758ee084b69:group-5DDBB2607927 closes. The last applied log index is 0
2019-08-03 03:59:09,428 INFO  segmented.SegmentedRaftLogWorker (SegmentedRaftLogWorker.java:run(313)) - a5ea9a5d-75b9-4714-9f7f-6758ee084b69-SegmentedRaftLogWorker:Storage Directory /workdir/hadoop-ozone/integration-test/target/test-dir/MiniOzoneClusterImpl-f2035a8c-d4a7-4d05-b03a-0b8d8001dcbb/datanode-5/data/ratis/e6ba2f83-5aa2-4763-9157-5ddbb2607927 was interrupted, exiting. There are 0 tasks remaining in the queue.
2019-08-03 03:59:09,428 INFO  server.GrpcServerProtocolService (GrpcServerProtocolService.java:onCompleted(104)) - eb9bd40f-6483-4d89-916f-e4c801267cb0: appendEntries completed
2019-08-03 03:59:09,428 INFO  impl.StateMachineUpdater (StateMachineUpdater.java:stopAndJoin(115)) - StateMachineUpdater:a5ea9a5d-75b9-4714-9f7f-6758ee084b69:group-24A3763077B1: set stopIndex = 20
2019-08-03 03:59:09,431 INFO  segmented.SegmentedRaftLogWorker (SegmentedRaftLogWorker.java:close(228)) - a5ea9a5d-75b9-4714-9f7f-6758ee084b69-SegmentedRaftLogWorker:Storage Directory /workdir/hadoop-ozone/integration-test/target/test-dir/MiniOzoneClusterImpl-f2035a8c-d4a7-4d05-b03a-0b8d8001dcbb/datanode-5/data/ratis/e6ba2f83-5aa2-4763-9157-5ddbb2607927 close()
2019-08-03 03:59:09,431 INFO  ratis.ContainerStateMachine (ContainerStateMachine.java:takeSnapshot(262)) - group-24A3763077B1: Taking a snapshot at:(t:1, i:20) file /workdir/hadoop-ozone/integration-test/target/test-dir/MiniOzoneClusterImpl-f2035a8c-d4a7-4d05-b03a-0b8d8001dcbb/datanode-5/data/ratis/3f502d0d-cfef-411a-8db1-24a3763077b1/sm/snapshot.1_20
2019-08-03 03:59:09,437 INFO  server.GrpcLogAppender (GrpcLogAppender.java:onCompleted(292)) - a5ea9a5d-75b9-4714-9f7f-6758ee084b69->eb9bd40f-6483-4d89-916f-e4c801267cb0: follower responses appendEntries COMPLETED
2019-08-03 03:59:09,439 INFO  impl.FollowerInfo (FollowerInfo.java:lambda$new$0(50)) - a5ea9a5d-75b9-4714-9f7f-6758ee084b69->eb9bd40f-6483-4d89-916f-e4c801267cb0: nextIndex: updateUnconditionally 21 -> 20
2019-08-03 03:59:09,445 INFO  ratis.ContainerStateMachine (ContainerStateMachine.java:takeSnapshot(273)) - group-24A3763077B1: Finished taking a snapshot at:(t:1, i:20) file:/workdir/hadoop-ozone/integration-test/target/test-dir/MiniOzoneClusterImpl-f2035a8c-d4a7-4d05-b03a-0b8d8001dcbb/datanode-5/data/ratis/3f502d0d-cfef-411a-8db1-24a3763077b1/sm/snapshot.1_20 time:15
2019-08-03 03:59:09,445 INFO  impl.StateMachineUpdater (StateMachineUpdater.java:takeSnapshot(242)) - StateMachineUpdater:a5ea9a5d-75b9-4714-9f7f-6758ee084b69:group-24A3763077B1: Took a snapshot at index 20
2019-08-03 03:59:09,445 INFO  impl.StateMachineUpdater (StateMachineUpdater.java:lambda$new$0(80)) - StateMachineUpdater:a5ea9a5d-75b9-4714-9f7f-6758ee084b69:group-24A3763077B1: snapshotIndex: updateIncreasingly -1 -> 20
2019-08-03 03:59:09,446 INFO  impl.RaftServerImpl (ServerState.java:close(394)) - a5ea9a5d-75b9-4714-9f7f-6758ee084b69:group-24A3763077B1 closes. The last applied log index is 20
2019-08-03 03:59:09,446 INFO  segmented.SegmentedRaftLogWorker (SegmentedRaftLogWorker.java:run(313)) - a5ea9a5d-75b9-4714-9f7f-6758ee084b69-SegmentedRaftLogWorker:Storage Directory /workdir/hadoop-ozone/integration-test/target/test-dir/MiniOzoneClusterImpl-f2035a8c-d4a7-4d05-b03a-0b8d8001dcbb/datanode-5/data/ratis/3f502d0d-cfef-411a-8db1-24a3763077b1 was interrupted, exiting. There are 0 tasks remaining in the queue.
2019-08-03 03:59:09,448 INFO  segmented.SegmentedRaftLogWorker (SegmentedRaftLogWorker.java:close(228)) - a5ea9a5d-75b9-4714-9f7f-6758ee084b69-SegmentedRaftLogWorker:Storage Directory /workdir/hadoop-ozone/integration-test/target/test-dir/MiniOzoneClusterImpl-f2035a8c-d4a7-4d05-b03a-0b8d8001dcbb/datanode-5/data/ratis/3f502d0d-cfef-411a-8db1-24a3763077b1 close()
2019-08-03 03:59:09,451 INFO  server.GrpcService (GrpcService.java:closeImpl(155)) - a5ea9a5d-75b9-4714-9f7f-6758ee084b69: shutdown server with port 33170 now
2019-08-03 03:59:09,454 INFO  server.GrpcService (GrpcService.java:closeImpl(163)) - a5ea9a5d-75b9-4714-9f7f-6758ee084b69: shutdown server with port 33170 successfully
2019-08-03 03:59:09,456 WARN  client.GrpcClientProtocolService (LogUtils.java:warn(134)) - 1-UnorderedRequestStreamObserver1: onError: org.apache.ratis.thirdparty.io.grpc.StatusRuntimeException: CANCELLED: cancelled before receiving half close
2019-08-03 03:59:09,467 INFO  utils.BackgroundService (BackgroundService.java:shutdown(148)) - Shutting down service BlockDeletingService
2019-08-03 03:59:09,473 WARN  fs.CachingGetSpaceUsed (CachingGetSpaceUsed.java:run(183)) - Thread Interrupted waiting to refresh disk information: sleep interrupted
2019-08-03 03:59:09,491 INFO  statemachine.DatanodeStateMachine (DatanodeStateMachine.java:stopDaemon(395)) - Ozone container server stopped.
2019-08-03 03:59:09,493 INFO  handler.ContextHandler (ContextHandler.java:doStop(910)) - Stopped o.e.j.w.WebAppContext@4f3c7808{/,null,UNAVAILABLE}{/hddsDatanode}
2019-08-03 03:59:09,494 INFO  server.AbstractConnector (AbstractConnector.java:doStop(318)) - Stopped ServerConnector@4b4969ea{HTTP/1.1,[http/1.1]}{0.0.0.0:0}
2019-08-03 03:59:09,495 INFO  handler.ContextHandler (ContextHandler.java:doStop(910)) - Stopped o.e.j.s.ServletContextHandler@24d8f87a{/static,jar:file:/home/user/.m2/repository/org/apache/hadoop/hadoop-hdds-container-service/0.4.1-SNAPSHOT/hadoop-hdds-container-service-0.4.1-SNAPSHOT.jar!/webapps/static,UNAVAILABLE}
2019-08-03 03:59:09,496 INFO  handler.ContextHandler (ContextHandler.java:doStop(910)) - Stopped o.e.j.s.ServletContextHandler@36d582cb{/logs,file:///workdir/hadoop-ozone/integration-test/target/log,UNAVAILABLE}
2019-08-03 03:59:13,575 INFO  client.GrpcClientProtocolClient (GrpcClientProtocolClient.java:onNext(255)) - client-C17E96B5250E->eb9bd40f-6483-4d89-916f-e4c801267cb0: receive RaftClientReply:client-C17E96B5250E->eb9bd40f-6483-4d89-916f-e4c801267cb0@group-24A3763077B1, cid=27, FAILED org.apache.ratis.protocol.NotLeaderException: Server eb9bd40f-6483-4d89-916f-e4c801267cb0 is not the leader (a5ea9a5d-75b9-4714-9f7f-6758ee084b69:192.168.5.147:33170). Request must be sent to leader., logIndex=0, commits[eb9bd40f-6483-4d89-916f-e4c801267cb0:c20, a5ea9a5d-75b9-4714-9f7f-6758ee084b69:c20, 566a1ba4-fd5b-423c-9f69-f766773328d9:c20]
2019-08-03 03:59:13,584 WARN  io.KeyOutputStream (KeyOutputStream.java:handleException(276)) - Encountered exception java.io.IOException: Unexpected Storage Container Exception: java.util.concurrent.CompletionException: java.util.concurrent.CompletionException: org.apache.ratis.protocol.RaftRetryFailureException: Failed RaftClientRequest:client-C17E96B5250E->eb9bd40f-6483-4d89-916f-e4c801267cb0@group-24A3763077B1, cid=27, seq=11*, RW, org.apache.hadoop.hdds.scm.XceiverClientRatis$$Lambda$314/1993403607@64912902 for 5 attempts with RetryLimited(maxAttempts=5, sleepTime=1000ms) on the pipeline Pipeline[ Id: 3f502d0d-cfef-411a-8db1-24a3763077b1, Nodes: 566a1ba4-fd5b-423c-9f69-f766773328d9{ip: 192.168.5.147, host: byscane-nightly-b86qh-2100283676, networkLocation: /default-rack, certSerialId: null}a5ea9a5d-75b9-4714-9f7f-6758ee084b69{ip: 192.168.5.147, host: byscane-nightly-b86qh-2100283676, networkLocation: /default-rack, certSerialId: null}eb9bd40f-6483-4d89-916f-e4c801267cb0{ip: 192.168.5.147, host: byscane-nightly-b86qh-2100283676, networkLocation: /default-rack, certSerialId: null}, Type:RATIS, Factor:THREE, State:OPEN]. The last committed block length is 1048576, uncommitted data length is 1048576 retry count 0
2019-08-03 03:59:13,614 WARN  block.BlockManagerImpl (BlockManagerImpl.java:allocateBlock(192)) - Pipeline creation failed for type:RATIS factor:THREE. Retrying get pipelines call once.
org.apache.hadoop.hdds.scm.pipeline.InsufficientDatanodesException: Cannot create pipeline of factor 3 using 0 nodes.
	at org.apache.hadoop.hdds.scm.pipeline.RatisPipelineProvider.create(RatisPipelineProvider.java:151)
	at org.apache.hadoop.hdds.scm.pipeline.PipelineFactory.create(PipelineFactory.java:57)
	at org.apache.hadoop.hdds.scm.pipeline.SCMPipelineManager.createPipeline(SCMPipelineManager.java:149)
	at org.apache.hadoop.hdds.scm.block.BlockManagerImpl.allocateBlock(BlockManagerImpl.java:190)
	at org.apache.hadoop.hdds.scm.server.SCMBlockProtocolServer.allocateBlock(SCMBlockProtocolServer.java:175)
	at org.apache.hadoop.ozone.protocolPB.ScmBlockLocationProtocolServerSideTranslatorPB.allocateScmBlock(ScmBlockLocationProtocolServerSideTranslatorPB.java:153)
	at org.apache.hadoop.ozone.protocolPB.ScmBlockLocationProtocolServerSideTranslatorPB.send(ScmBlockLocationProtocolServerSideTranslatorPB.java:112)
	at org.apache.hadoop.hdds.protocol.proto.ScmBlockLocationProtocolProtos$ScmBlockLocationProtocolService$2.callBlockingMethod(ScmBlockLocationProtocolProtos.java:13157)
	at org.apache.hadoop.ipc.ProtobufRpcEngine$Server$ProtoBufRpcInvoker.call(ProtobufRpcEngine.java:524)
	at org.apache.hadoop.ipc.RPC$Server.call(RPC.java:1025)
	at org.apache.hadoop.ipc.Server$RpcCall.run(Server.java:876)
	at org.apache.hadoop.ipc.Server$RpcCall.run(Server.java:822)
	at java.security.AccessController.doPrivileged(Native Method)
	at javax.security.auth.Subject.doAs(Subject.java:422)
	at org.apache.hadoop.security.UserGroupInformation.doAs(UserGroupInformation.java:1730)
	at org.apache.hadoop.ipc.Server$Handler.run(Server.java:2682)
2019-08-03 03:59:13,618 INFO  block.BlockManagerImpl (BlockManagerImpl.java:allocateBlock(198)) - Could not find available pipeline of type:RATIS and factor:THREE even after retrying
2019-08-03 03:59:13,618 ERROR block.BlockManagerImpl (BlockManagerImpl.java:allocateBlock(222)) - Unable to allocate a block for the size: 4194304, type: RATIS, factor: THREE
03:59:13.624 [IPC Server handler 18 on 36089] ERROR OMAudit - user=jenkins1000 | ip=127.0.0.1 | op=ALLOCATE_BLOCK {volume=datanodefailurehandlingtest, bucket=datanodefailurehandlingtest, key=ratis3, dataSize=0, replicationType=null, replicationFactor=null, keyLocationInfo=null, clientID=102551043061645312} | ret=FAILURE
org.apache.hadoop.hdds.scm.exceptions.SCMException: Allocated 0 blocks. Requested 1 blocks
	at org.apache.hadoop.hdds.scm.protocolPB.ScmBlockLocationProtocolClientSideTranslatorPB.handleError(ScmBlockLocationProtocolClientSideTranslatorPB.java:118) ~[hadoop-hdds-common-0.4.1-SNAPSHOT.jar:?]
	at org.apache.hadoop.hdds.scm.protocolPB.ScmBlockLocationProtocolClientSideTranslatorPB.allocateBlock(ScmBlockLocationProtocolClientSideTranslatorPB.java:156) ~[hadoop-hdds-common-0.4.1-SNAPSHOT.jar:?]
	at sun.reflect.NativeMethodAccessorImpl.invoke0(Native Method) ~[?:1.8.0_212]
	at sun.reflect.NativeMethodAccessorImpl.invoke(NativeMethodAccessorImpl.java:62) ~[?:1.8.0_212]
	at sun.reflect.DelegatingMethodAccessorImpl.invoke(DelegatingMethodAccessorImpl.java:43) ~[?:1.8.0_212]
	at java.lang.reflect.Method.invoke(Method.java:498) ~[?:1.8.0_212]
	at org.apache.hadoop.hdds.tracing.TraceAllMethod.invoke(TraceAllMethod.java:66) ~[hadoop-hdds-common-0.4.1-SNAPSHOT.jar:?]
	at com.sun.proxy.$Proxy25.allocateBlock(Unknown Source) ~[?:?]
	at org.apache.hadoop.ozone.om.KeyManagerImpl.allocateBlock(KeyManagerImpl.java:333) ~[hadoop-ozone-ozone-manager-0.4.1-SNAPSHOT.jar:?]
	at org.apache.hadoop.ozone.om.KeyManagerImpl.allocateBlock(KeyManagerImpl.java:304) ~[hadoop-ozone-ozone-manager-0.4.1-SNAPSHOT.jar:?]
	at org.apache.hadoop.ozone.om.OzoneManager.allocateBlock(OzoneManager.java:2291) [hadoop-ozone-ozone-manager-0.4.1-SNAPSHOT.jar:?]
	at org.apache.hadoop.ozone.protocolPB.OzoneManagerRequestHandler.allocateBlock(OzoneManagerRequestHandler.java:717) [hadoop-ozone-ozone-manager-0.4.1-SNAPSHOT.jar:?]
	at org.apache.hadoop.ozone.protocolPB.OzoneManagerRequestHandler.handle(OzoneManagerRequestHandler.java:240) [hadoop-ozone-ozone-manager-0.4.1-SNAPSHOT.jar:?]
	at org.apache.hadoop.ozone.protocolPB.OzoneManagerProtocolServerSideTranslatorPB.submitRequestDirectlyToOM(OzoneManagerProtocolServerSideTranslatorPB.java:192) [hadoop-ozone-ozone-manager-0.4.1-SNAPSHOT.jar:?]
	at org.apache.hadoop.ozone.protocolPB.OzoneManagerProtocolServerSideTranslatorPB.submitRequest(OzoneManagerProtocolServerSideTranslatorPB.java:110) [hadoop-ozone-ozone-manager-0.4.1-SNAPSHOT.jar:?]
	at org.apache.hadoop.ozone.protocol.proto.OzoneManagerProtocolProtos$OzoneManagerService$2.callBlockingMethod(OzoneManagerProtocolProtos.java) [hadoop-ozone-common-0.4.1-SNAPSHOT.jar:?]
	at org.apache.hadoop.ipc.ProtobufRpcEngine$Server$ProtoBufRpcInvoker.call(ProtobufRpcEngine.java:524) [hadoop-common-3.2.0.jar:?]
	at org.apache.hadoop.ipc.RPC$Server.call(RPC.java:1025) [hadoop-common-3.2.0.jar:?]
	at org.apache.hadoop.ipc.Server$RpcCall.run(Server.java:876) [hadoop-common-3.2.0.jar:?]
	at org.apache.hadoop.ipc.Server$RpcCall.run(Server.java:822) [hadoop-common-3.2.0.jar:?]
	at java.security.AccessController.doPrivileged(Native Method) [?:1.8.0_212]
	at javax.security.auth.Subject.doAs(Subject.java:422) [?:1.8.0_212]
	at org.apache.hadoop.security.UserGroupInformation.doAs(UserGroupInformation.java:1730) [hadoop-common-3.2.0.jar:?]
	at org.apache.hadoop.ipc.Server$Handler.run(Server.java:2682) [hadoop-common-3.2.0.jar:?]
2019-08-03 03:59:13,642 ERROR io.BlockOutputStreamEntryPool (BlockOutputStreamEntryPool.java:allocateBlockIfNeeded(299)) - Try to allocate more blocks for write failed, already allocated 0 blocks for this write.
INTERNAL_ERROR org.apache.hadoop.ozone.om.exceptions.OMException: Allocated 0 blocks. Requested 1 blocks
	at org.apache.hadoop.ozone.om.protocolPB.OzoneManagerProtocolClientSideTranslatorPB.handleError(OzoneManagerProtocolClientSideTranslatorPB.java:720)
	at org.apache.hadoop.ozone.om.protocolPB.OzoneManagerProtocolClientSideTranslatorPB.allocateBlock(OzoneManagerProtocolClientSideTranslatorPB.java:752)
	at org.apache.hadoop.ozone.client.io.BlockOutputStreamEntryPool.allocateNewBlock(BlockOutputStreamEntryPool.java:248)
	at org.apache.hadoop.ozone.client.io.BlockOutputStreamEntryPool.allocateBlockIfNeeded(BlockOutputStreamEntryPool.java:296)
	at org.apache.hadoop.ozone.client.io.KeyOutputStream.handleWrite(KeyOutputStream.java:201)
	at org.apache.hadoop.ozone.client.io.KeyOutputStream.handleRetry(KeyOutputStream.java:376)
	at org.apache.hadoop.ozone.client.io.KeyOutputStream.handleException(KeyOutputStream.java:325)
	at org.apache.hadoop.ozone.client.io.KeyOutputStream.handleWrite(KeyOutputStream.java:231)
	at org.apache.hadoop.ozone.client.io.KeyOutputStream.write(KeyOutputStream.java:193)
	at org.apache.hadoop.ozone.client.io.OzoneOutputStream.write(OzoneOutputStream.java:49)
	at java.io.OutputStream.write(OutputStream.java:75)
	at org.apache.hadoop.ozone.client.rpc.TestMultiBlockWritesWithDnFailures.testMultiBlockWritesWithDnFailures(TestMultiBlockWritesWithDnFailures.java:144)
	at sun.reflect.NativeMethodAccessorImpl.invoke0(Native Method)
	at sun.reflect.NativeMethodAccessorImpl.invoke(NativeMethodAccessorImpl.java:62)
	at sun.reflect.DelegatingMethodAccessorImpl.invoke(DelegatingMethodAccessorImpl.java:43)
	at java.lang.reflect.Method.invoke(Method.java:498)
	at org.junit.runners.model.FrameworkMethod$1.runReflectiveCall(FrameworkMethod.java:47)
	at org.junit.internal.runners.model.ReflectiveCallable.run(ReflectiveCallable.java:12)
	at org.junit.runners.model.FrameworkMethod.invokeExplosively(FrameworkMethod.java:44)
	at org.junit.internal.runners.statements.InvokeMethod.evaluate(InvokeMethod.java:17)
	at org.junit.runners.ParentRunner.runLeaf(ParentRunner.java:271)
	at org.junit.runners.BlockJUnit4ClassRunner.runChild(BlockJUnit4ClassRunner.java:70)
	at org.junit.runners.BlockJUnit4ClassRunner.runChild(BlockJUnit4ClassRunner.java:50)
	at org.junit.runners.ParentRunner$3.run(ParentRunner.java:238)
	at org.junit.runners.ParentRunner$1.schedule(ParentRunner.java:63)
	at org.junit.runners.ParentRunner.runChildren(ParentRunner.java:236)
	at org.junit.runners.ParentRunner.access$000(ParentRunner.java:53)
	at org.junit.runners.ParentRunner$2.evaluate(ParentRunner.java:229)
	at org.junit.runners.ParentRunner.run(ParentRunner.java:309)
	at org.apache.maven.surefire.junit4.JUnit4Provider.execute(JUnit4Provider.java:365)
	at org.apache.maven.surefire.junit4.JUnit4Provider.executeWithRerun(JUnit4Provider.java:273)
	at org.apache.maven.surefire.junit4.JUnit4Provider.executeTestSet(JUnit4Provider.java:238)
	at org.apache.maven.surefire.junit4.JUnit4Provider.invoke(JUnit4Provider.java:159)
	at org.apache.maven.surefire.booter.ForkedBooter.invokeProviderInSameClassLoader(ForkedBooter.java:384)
	at org.apache.maven.surefire.booter.ForkedBooter.runSuitesInProcess(ForkedBooter.java:345)
	at org.apache.maven.surefire.booter.ForkedBooter.execute(ForkedBooter.java:126)
	at org.apache.maven.surefire.booter.ForkedBooter.main(ForkedBooter.java:418)
]]></system-out>
    <system-err><![CDATA[ERROR StatusLogger No Log4j 2 configuration file found. Using default configuration (logging only errors to the console), or user programmatically provided configurations. Set system property 'log4j2.debug' to show Log4j 2 internal initialization logging. See https://logging.apache.org/log4j/2.x/manual/configuration.html for instructions on how to configure Log4j 2
Aug 03, 2019 3:58:46 AM com.sun.jersey.server.impl.application.WebApplicationImpl _initiate
INFO: Initiating Jersey application, version 'Jersey: 1.19 02/11/2015 03:25 AM'
Aug 03, 2019 3:58:47 AM com.sun.jersey.server.impl.application.WebApplicationImpl _initiate
INFO: Initiating Jersey application, version 'Jersey: 1.19 02/11/2015 03:25 AM'
Aug 03, 2019 3:58:47 AM com.sun.jersey.server.impl.application.WebApplicationImpl _initiate
INFO: Initiating Jersey application, version 'Jersey: 1.19 02/11/2015 03:25 AM'
Aug 03, 2019 3:58:48 AM com.sun.jersey.server.impl.application.WebApplicationImpl _initiate
INFO: Initiating Jersey application, version 'Jersey: 1.19 02/11/2015 03:25 AM'
Aug 03, 2019 3:58:48 AM com.sun.jersey.server.impl.application.WebApplicationImpl _initiate
INFO: Initiating Jersey application, version 'Jersey: 1.19 02/11/2015 03:25 AM'
Aug 03, 2019 3:58:48 AM com.sun.jersey.server.impl.application.WebApplicationImpl _initiate
INFO: Initiating Jersey application, version 'Jersey: 1.19 02/11/2015 03:25 AM'
]]></system-err>
  </testcase>
</testsuite>