<?xml version="1.0" encoding="UTF-8"?>
<testsuite xmlns:xsi="http://www.w3.org/2001/XMLSchema-instance" xsi:noNamespaceSchemaLocation="https://maven.apache.org/surefire/maven-surefire-plugin/xsd/surefire-test-report.xsd" name="org.apache.hadoop.ozone.client.rpc.TestBlockOutputStreamWithFailures" time="672.9" tests="8" errors="0" skipped="0" failures="2">
  <properties>
    <property name="awt.toolkit" value="sun.awt.X11.XToolkit"/>
    <property name="file.encoding.pkg" value="sun.io"/>
    <property name="java.specification.version" value="1.8"/>
    <property name="sun.cpu.isalist" value=""/>
    <property name="sun.jnu.encoding" value="UTF-8"/>
    <property name="java.class.path" value="/workdir/hadoop-ozone/integration-test/target/test-classes:/workdir/hadoop-ozone/integration-test/target/classes:/home/user/.m2/repository/org/apache/hadoop/hadoop-ozone-common/0.4.1-SNAPSHOT/hadoop-ozone-common-0.4.1-SNAPSHOT.jar:/home/user/.m2/repository/org/apache/commons/commons-compress/1.4.1/commons-compress-1.4.1.jar:/home/user/.m2/repository/org/tukaani/xz/1.0/xz-1.0.jar:/home/user/.m2/repository/org/apache/hadoop/hadoop-common/3.2.0/hadoop-common-3.2.0.jar:/home/user/.m2/repository/org/apache/hadoop/hadoop-hdfs/3.2.0/hadoop-hdfs-3.2.0.jar:/home/user/.m2/repository/org/apache/hadoop/hadoop-hdfs-client/3.2.0/hadoop-hdfs-client-3.2.0.jar:/home/user/.m2/repository/com/fasterxml/jackson/core/jackson-annotations/2.9.5/jackson-annotations-2.9.5.jar:/home/user/.m2/repository/org/apache/hadoop/hadoop-hdds-common/0.4.1-SNAPSHOT/hadoop-hdds-common-0.4.1-SNAPSHOT.jar:/home/user/.m2/repository/javax/annotation/javax.annotation-api/1.2/javax.annotation-api-1.2.jar:/home/user/.m2/repository/org/apache/ratis/ratis-server/0.4.0-2337318-SNAPSHOT/ratis-server-0.4.0-2337318-SNAPSHOT.jar:/home/user/.m2/repository/org/apache/ratis/ratis-thirdparty-misc/0.2.0/ratis-thirdparty-misc-0.2.0.jar:/home/user/.m2/repository/org/apache/ratis/ratis-proto/0.4.0-2337318-SNAPSHOT/ratis-proto-0.4.0-2337318-SNAPSHOT.jar:/home/user/.m2/repository/org/apache/ratis/ratis-common/0.4.0-2337318-SNAPSHOT/ratis-common-0.4.0-2337318-SNAPSHOT.jar:/home/user/.m2/repository/org/apache/ratis/ratis-client/0.4.0-2337318-SNAPSHOT/ratis-client-0.4.0-2337318-SNAPSHOT.jar:/home/user/.m2/repository/org/apache/ratis/ratis-metrics/0.4.0-2337318-SNAPSHOT/ratis-metrics-0.4.0-2337318-SNAPSHOT.jar:/home/user/.m2/repository/org/apache/ratis/ratis-netty/0.4.0-2337318-SNAPSHOT/ratis-netty-0.4.0-2337318-SNAPSHOT.jar:/home/user/.m2/repository/org/apache/ratis/ratis-grpc/0.4.0-2337318-SNAPSHOT/ratis-grpc-0.4.0-2337318-SNAPSHOT.jar:/home/user/.m2/repository/org/rocksdb/rocksdbjni/6.0.1/rocksdbjni-6.0.1.jar:/home/user/.m2/repository/org/apache/logging/log4j/log4j-api/2.11.0/log4j-api-2.11.0.jar:/home/user/.m2/repository/org/apache/logging/log4j/log4j-core/2.11.0/log4j-core-2.11.0.jar:/home/user/.m2/repository/com/lmax/disruptor/3.4.2/disruptor-3.4.2.jar:/home/user/.m2/repository/org/apache/commons/commons-pool2/2.6.0/commons-pool2-2.6.0.jar:/home/user/.m2/repository/org/bouncycastle/bcpkix-jdk15on/1.60/bcpkix-jdk15on-1.60.jar:/home/user/.m2/repository/commons-validator/commons-validator/1.6/commons-validator-1.6.jar:/home/user/.m2/repository/commons-digester/commons-digester/1.8.1/commons-digester-1.8.1.jar:/home/user/.m2/repository/io/jaegertracing/jaeger-client/0.33.1/jaeger-client-0.33.1.jar:/home/user/.m2/repository/io/jaegertracing/jaeger-thrift/0.33.1/jaeger-thrift-0.33.1.jar:/home/user/.m2/repository/org/apache/thrift/libthrift/0.11.0/libthrift-0.11.0.jar:/home/user/.m2/repository/com/squareup/okhttp3/okhttp/3.9.0/okhttp-3.9.0.jar:/home/user/.m2/repository/com/squareup/okio/okio/1.13.0/okio-1.13.0.jar:/home/user/.m2/repository/io/jaegertracing/jaeger-core/0.33.1/jaeger-core-0.33.1.jar:/home/user/.m2/repository/io/jaegertracing/jaeger-tracerresolver/0.33.1/jaeger-tracerresolver-0.33.1.jar:/home/user/.m2/repository/io/opentracing/contrib/opentracing-tracerresolver/0.1.5/opentracing-tracerresolver-0.1.5.jar:/home/user/.m2/repository/io/opentracing/opentracing-util/0.31.0/opentracing-util-0.31.0.jar:/home/user/.m2/repository/io/opentracing/opentracing-api/0.31.0/opentracing-api-0.31.0.jar:/home/user/.m2/repository/io/opentracing/opentracing-noop/0.31.0/opentracing-noop-0.31.0.jar:/home/user/.m2/repository/org/apache/hadoop/hadoop-hdds-server-framework/0.4.1-SNAPSHOT/hadoop-hdds-server-framework-0.4.1-SNAPSHOT.jar:/home/user/.m2/repository/org/apache/hadoop/hadoop-hdds-container-service/0.4.1-SNAPSHOT/hadoop-hdds-container-service-0.4.1-SNAPSHOT.jar:/home/user/.m2/repository/org/apache/hadoop/hadoop-hdds-client/0.4.1-SNAPSHOT/hadoop-hdds-client-0.4.1-SNAPSHOT.jar:/home/user/.m2/repository/org/apache/hadoop/hadoop-hdds-tools/0.4.1-SNAPSHOT/hadoop-hdds-tools-0.4.1-SNAPSHOT.jar:/home/user/.m2/repository/org/apache/hadoop/hadoop-hdds-server-scm/0.4.1-SNAPSHOT/hadoop-hdds-server-scm-0.4.1-SNAPSHOT.jar:/home/user/.m2/repository/org/apache/hadoop/hadoop-hdds-docs/0.4.1-SNAPSHOT/hadoop-hdds-docs-0.4.1-SNAPSHOT.jar:/home/user/.m2/repository/io/dropwizard/metrics/metrics-core/3.2.4/metrics-core-3.2.4.jar:/home/user/.m2/repository/org/hamcrest/hamcrest-all/1.3/hamcrest-all-1.3.jar:/home/user/.m2/repository/org/bouncycastle/bcprov-jdk15on/1.60/bcprov-jdk15on-1.60.jar:/home/user/.m2/repository/info/picocli/picocli/3.9.6/picocli-3.9.6.jar:/home/user/.m2/repository/com/google/protobuf/protobuf-java/2.5.0/protobuf-java-2.5.0.jar:/home/user/.m2/repository/com/google/guava/guava/11.0.2/guava-11.0.2.jar:/home/user/.m2/repository/org/apache/hadoop/hadoop-ozone-ozone-manager/0.4.1-SNAPSHOT/hadoop-ozone-ozone-manager-0.4.1-SNAPSHOT.jar:/home/user/.m2/repository/org/apache/hadoop/hadoop-minikdc/3.2.0/hadoop-minikdc-3.2.0.jar:/home/user/.m2/repository/commons-io/commons-io/2.5/commons-io-2.5.jar:/home/user/.m2/repository/org/apache/kerby/kerb-simplekdc/1.0.1/kerb-simplekdc-1.0.1.jar:/home/user/.m2/repository/org/apache/kerby/kerb-client/1.0.1/kerb-client-1.0.1.jar:/home/user/.m2/repository/org/apache/kerby/kerby-config/1.0.1/kerby-config-1.0.1.jar:/home/user/.m2/repository/org/apache/kerby/kerb-core/1.0.1/kerb-core-1.0.1.jar:/home/user/.m2/repository/org/apache/kerby/kerby-pkix/1.0.1/kerby-pkix-1.0.1.jar:/home/user/.m2/repository/org/apache/kerby/kerby-asn1/1.0.1/kerby-asn1-1.0.1.jar:/home/user/.m2/repository/org/apache/kerby/kerby-util/1.0.1/kerby-util-1.0.1.jar:/home/user/.m2/repository/org/apache/kerby/kerb-common/1.0.1/kerb-common-1.0.1.jar:/home/user/.m2/repository/org/apache/kerby/kerb-crypto/1.0.1/kerb-crypto-1.0.1.jar:/home/user/.m2/repository/org/apache/kerby/kerb-util/1.0.1/kerb-util-1.0.1.jar:/home/user/.m2/repository/org/apache/kerby/token-provider/1.0.1/token-provider-1.0.1.jar:/home/user/.m2/repository/org/apache/kerby/kerb-admin/1.0.1/kerb-admin-1.0.1.jar:/home/user/.m2/repository/org/apache/kerby/kerb-server/1.0.1/kerb-server-1.0.1.jar:/home/user/.m2/repository/org/apache/kerby/kerb-identity/1.0.1/kerb-identity-1.0.1.jar:/home/user/.m2/repository/org/apache/kerby/kerby-xdr/1.0.1/kerby-xdr-1.0.1.jar:/home/user/.m2/repository/org/slf4j/slf4j-log4j12/1.7.25/slf4j-log4j12-1.7.25.jar:/home/user/.m2/repository/org/apache/hadoop/hadoop-ozone-objectstore-service/0.4.1-SNAPSHOT/hadoop-ozone-objectstore-service-0.4.1-SNAPSHOT.jar:/home/user/.m2/repository/org/apache/hadoop/hadoop-ozone-s3gateway/0.4.1-SNAPSHOT/hadoop-ozone-s3gateway-0.4.1-SNAPSHOT.jar:/home/user/.m2/repository/org/jboss/weld/servlet/weld-servlet/2.4.7.Final/weld-servlet-2.4.7.Final.jar:/home/user/.m2/repository/org/glassfish/jersey/containers/jersey-container-servlet-core/2.27/jersey-container-servlet-core-2.27.jar:/home/user/.m2/repository/org/glassfish/hk2/external/javax.inject/2.5.0-b42/javax.inject-2.5.0-b42.jar:/home/user/.m2/repository/org/glassfish/jersey/core/jersey-common/2.27/jersey-common-2.27.jar:/home/user/.m2/repository/org/glassfish/hk2/osgi-resource-locator/1.0.1/osgi-resource-locator-1.0.1.jar:/home/user/.m2/repository/javax/ws/rs/javax.ws.rs-api/2.1/javax.ws.rs-api-2.1.jar:/home/user/.m2/repository/org/glassfish/jersey/ext/cdi/jersey-cdi1x/2.27/jersey-cdi1x-2.27.jar:/home/user/.m2/repository/org/glassfish/jersey/inject/jersey-hk2/2.27/jersey-hk2-2.27.jar:/home/user/.m2/repository/org/glassfish/hk2/hk2-locator/2.5.0-b42/hk2-locator-2.5.0-b42.jar:/home/user/.m2/repository/org/javassist/javassist/3.22.0-CR2/javassist-3.22.0-CR2.jar:/home/user/.m2/repository/org/glassfish/hk2/hk2-api/2.5.0/hk2-api-2.5.0.jar:/home/user/.m2/repository/org/glassfish/hk2/external/jakarta.inject/2.5.0/jakarta.inject-2.5.0.jar:/home/user/.m2/repository/org/glassfish/hk2/hk2-utils/2.5.0/hk2-utils-2.5.0.jar:/home/user/.m2/repository/jakarta/annotation/jakarta.annotation-api/1.3.4/jakarta.annotation-api-1.3.4.jar:/home/user/.m2/repository/org/glassfish/hk2/external/aopalliance-repackaged/2.5.0/aopalliance-repackaged-2.5.0.jar:/home/user/.m2/repository/com/fasterxml/jackson/dataformat/jackson-dataformat-xml/2.9.0/jackson-dataformat-xml-2.9.0.jar:/home/user/.m2/repository/com/fasterxml/jackson/core/jackson-core/2.9.5/jackson-core-2.9.5.jar:/home/user/.m2/repository/com/fasterxml/jackson/module/jackson-module-jaxb-annotations/2.9.5/jackson-module-jaxb-annotations-2.9.5.jar:/home/user/.m2/repository/javax/enterprise/cdi-api/1.2/cdi-api-1.2.jar:/home/user/.m2/repository/javax/el/javax.el-api/3.0.0/javax.el-api-3.0.0.jar:/home/user/.m2/repository/javax/interceptor/javax.interceptor-api/1.2/javax.interceptor-api-1.2.jar:/home/user/.m2/repository/javax/inject/javax.inject/1/javax.inject-1.jar:/home/user/.m2/repository/com/sun/xml/bind/jaxb-impl/2.3.0.1/jaxb-impl-2.3.0.1.jar:/home/user/.m2/repository/com/sun/xml/bind/jaxb-core/2.3.0.1/jaxb-core-2.3.0.1.jar:/home/user/.m2/repository/javax/xml/bind/jaxb-api/2.3.0/jaxb-api-2.3.0.jar:/home/user/.m2/repository/javax/activation/activation/1.1.1/activation-1.1.1.jar:/home/user/.m2/repository/org/apache/hadoop/hadoop-ozone-csi/0.4.1-SNAPSHOT/hadoop-ozone-csi-0.4.1-SNAPSHOT.jar:/home/user/.m2/repository/com/google/protobuf/protobuf-java-util/3.5.1/protobuf-java-util-3.5.1.jar:/home/user/.m2/repository/org/apache/hadoop/hadoop-hdds-config/0.4.1-SNAPSHOT/hadoop-hdds-config-0.4.1-SNAPSHOT.jar:/home/user/.m2/repository/io/grpc/grpc-netty/1.17.1/grpc-netty-1.17.1.jar:/home/user/.m2/repository/io/grpc/grpc-core/1.17.1/grpc-core-1.17.1.jar:/home/user/.m2/repository/io/grpc/grpc-context/1.17.1/grpc-context-1.17.1.jar:/home/user/.m2/repository/com/google/errorprone/error_prone_annotations/2.2.0/error_prone_annotations-2.2.0.jar:/home/user/.m2/repository/org/codehaus/mojo/animal-sniffer-annotations/1.17/animal-sniffer-annotations-1.17.jar:/home/user/.m2/repository/io/opencensus/opencensus-api/0.17.0/opencensus-api-0.17.0.jar:/home/user/.m2/repository/io/opencensus/opencensus-contrib-grpc-metrics/0.17.0/opencensus-contrib-grpc-metrics-0.17.0.jar:/home/user/.m2/repository/io/netty/netty-codec-http2/4.1.30.Final/netty-codec-http2-4.1.30.Final.jar:/home/user/.m2/repository/io/netty/netty-codec-http/4.1.30.Final/netty-codec-http-4.1.30.Final.jar:/home/user/.m2/repository/io/netty/netty-codec/4.1.30.Final/netty-codec-4.1.30.Final.jar:/home/user/.m2/repository/io/netty/netty-handler/4.1.30.Final/netty-handler-4.1.30.Final.jar:/home/user/.m2/repository/io/netty/netty-handler-proxy/4.1.30.Final/netty-handler-proxy-4.1.30.Final.jar:/home/user/.m2/repository/io/netty/netty-codec-socks/4.1.30.Final/netty-codec-socks-4.1.30.Final.jar:/home/user/.m2/repository/io/netty/netty-transport-native-epoll/4.1.30.Final/netty-transport-native-epoll-4.1.30.Final.jar:/home/user/.m2/repository/io/netty/netty-common/4.1.30.Final/netty-common-4.1.30.Final.jar:/home/user/.m2/repository/io/netty/netty-buffer/4.1.30.Final/netty-buffer-4.1.30.Final.jar:/home/user/.m2/repository/io/netty/netty-transport/4.1.30.Final/netty-transport-4.1.30.Final.jar:/home/user/.m2/repository/io/netty/netty-resolver/4.1.30.Final/netty-resolver-4.1.30.Final.jar:/home/user/.m2/repository/io/netty/netty-transport-native-unix-common/4.1.30.Final/netty-transport-native-unix-common-4.1.30.Final.jar:/home/user/.m2/repository/io/grpc/grpc-protobuf/1.17.1/grpc-protobuf-1.17.1.jar:/home/user/.m2/repository/com/google/api/grpc/proto-google-common-protos/1.0.0/proto-google-common-protos-1.0.0.jar:/home/user/.m2/repository/io/grpc/grpc-protobuf-lite/1.17.1/grpc-protobuf-lite-1.17.1.jar:/home/user/.m2/repository/io/grpc/grpc-stub/1.17.1/grpc-stub-1.17.1.jar:/home/user/.m2/repository/org/apache/hadoop/hadoop-ozone-recon/0.4.1-SNAPSHOT/hadoop-ozone-recon-0.4.1-SNAPSHOT.jar:/home/user/.m2/repository/org/apache/hadoop/hadoop-ozone-reconcodegen/0.4.1-SNAPSHOT/hadoop-ozone-reconcodegen-0.4.1-SNAPSHOT.jar:/home/user/.m2/repository/com/google/inject/extensions/guice-multibindings/4.0/guice-multibindings-4.0.jar:/home/user/.m2/repository/com/google/inject/guice/4.0/guice-4.0.jar:/home/user/.m2/repository/aopalliance/aopalliance/1.0/aopalliance-1.0.jar:/home/user/.m2/repository/com/google/inject/extensions/guice-servlet/4.0/guice-servlet-4.0.jar:/home/user/.m2/repository/org/glassfish/jersey/containers/jersey-container-servlet/2.27/jersey-container-servlet-2.27.jar:/home/user/.m2/repository/org/glassfish/hk2/guice-bridge/2.5.0/guice-bridge-2.5.0.jar:/home/user/.m2/repository/org/glassfish/jersey/core/jersey-server/2.27/jersey-server-2.27.jar:/home/user/.m2/repository/org/glassfish/jersey/core/jersey-client/2.27/jersey-client-2.27.jar:/home/user/.m2/repository/org/glassfish/jersey/media/jersey-media-jaxb/2.27/jersey-media-jaxb-2.27.jar:/home/user/.m2/repository/javax/validation/validation-api/1.1.0.Final/validation-api-1.1.0.Final.jar:/home/user/.m2/repository/org/glassfish/jersey/media/jersey-media-json-jackson/2.27/jersey-media-json-jackson-2.27.jar:/home/user/.m2/repository/org/glassfish/jersey/ext/jersey-entity-filtering/2.27/jersey-entity-filtering-2.27.jar:/home/user/.m2/repository/com/google/inject/extensions/guice-assistedinject/4.0/guice-assistedinject-4.0.jar:/home/user/.m2/repository/org/jooq/jooq/3.11.10/jooq-3.11.10.jar:/home/user/.m2/repository/org/jooq/jooq-meta/3.11.10/jooq-meta-3.11.10.jar:/home/user/.m2/repository/org/jooq/jooq-codegen/3.11.10/jooq-codegen-3.11.10.jar:/home/user/.m2/repository/com/jolbox/bonecp/0.8.0.RELEASE/bonecp-0.8.0.RELEASE.jar:/home/user/.m2/repository/org/xerial/sqlite-jdbc/3.25.2/sqlite-jdbc-3.25.2.jar:/home/user/.m2/repository/org/springframework/spring-jdbc/5.1.3.RELEASE/spring-jdbc-5.1.3.RELEASE.jar:/home/user/.m2/repository/org/springframework/spring-beans/5.1.3.RELEASE/spring-beans-5.1.3.RELEASE.jar:/home/user/.m2/repository/org/springframework/spring-core/5.1.3.RELEASE/spring-core-5.1.3.RELEASE.jar:/home/user/.m2/repository/org/springframework/spring-jcl/5.1.3.RELEASE/spring-jcl-5.1.3.RELEASE.jar:/home/user/.m2/repository/org/springframework/spring-tx/5.1.3.RELEASE/spring-tx-5.1.3.RELEASE.jar:/home/user/.m2/repository/org/apache/hadoop/hadoop-ozone-client/0.4.1-SNAPSHOT/hadoop-ozone-client-0.4.1-SNAPSHOT.jar:/home/user/.m2/repository/commons-lang/commons-lang/2.6/commons-lang-2.6.jar:/home/user/.m2/repository/org/apache/hadoop/hadoop-ozone-ozone-manager/0.4.1-SNAPSHOT/hadoop-ozone-ozone-manager-0.4.1-SNAPSHOT-tests.jar:/home/user/.m2/repository/junit/junit/4.11/junit-4.11.jar:/home/user/.m2/repository/org/hamcrest/hamcrest-core/1.3/hamcrest-core-1.3.jar:/home/user/.m2/repository/org/openjdk/jmh/jmh-core/1.19/jmh-core-1.19.jar:/home/user/.m2/repository/net/sf/jopt-simple/jopt-simple/4.6/jopt-simple-4.6.jar:/home/user/.m2/repository/org/apache/commons/commons-math3/3.1.1/commons-math3-3.1.1.jar:/home/user/.m2/repository/org/openjdk/jmh/jmh-generator-annprocess/1.19/jmh-generator-annprocess-1.19.jar:/home/user/.m2/repository/org/mockito/mockito-all/1.8.5/mockito-all-1.8.5.jar:/home/user/.m2/repository/org/apache/hadoop/hadoop-kms/3.2.0/hadoop-kms-3.2.0.jar:/home/user/.m2/repository/org/apache/hadoop/hadoop-auth/3.2.0/hadoop-auth-3.2.0.jar:/home/user/.m2/repository/com/nimbusds/nimbus-jose-jwt/4.41.1/nimbus-jose-jwt-4.41.1.jar:/home/user/.m2/repository/com/github/stephenc/jcip/jcip-annotations/1.0-1/jcip-annotations-1.0-1.jar:/home/user/.m2/repository/net/minidev/json-smart/2.3/json-smart-2.3.jar:/home/user/.m2/repository/net/minidev/accessors-smart/1.2/accessors-smart-1.2.jar:/home/user/.m2/repository/org/ow2/asm/asm/5.0.4/asm-5.0.4.jar:/home/user/.m2/repository/org/apache/curator/curator-framework/2.12.0/curator-framework-2.12.0.jar:/home/user/.m2/repository/com/sun/jersey/jersey-core/1.19/jersey-core-1.19.jar:/home/user/.m2/repository/javax/ws/rs/jsr311-api/1.1.1/jsr311-api-1.1.1.jar:/home/user/.m2/repository/com/sun/jersey/jersey-server/1.19/jersey-server-1.19.jar:/home/user/.m2/repository/javax/servlet/javax.servlet-api/3.1.0/javax.servlet-api-3.1.0.jar:/home/user/.m2/repository/org/eclipse/jetty/jetty-server/9.3.24.v20180605/jetty-server-9.3.24.v20180605.jar:/home/user/.m2/repository/org/eclipse/jetty/jetty-http/9.3.24.v20180605/jetty-http-9.3.24.v20180605.jar:/home/user/.m2/repository/org/eclipse/jetty/jetty-io/9.3.24.v20180605/jetty-io-9.3.24.v20180605.jar:/home/user/.m2/repository/org/eclipse/jetty/jetty-webapp/9.3.24.v20180605/jetty-webapp-9.3.24.v20180605.jar:/home/user/.m2/repository/org/eclipse/jetty/jetty-xml/9.3.24.v20180605/jetty-xml-9.3.24.v20180605.jar:/home/user/.m2/repository/log4j/log4j/1.2.17/log4j-1.2.17.jar:/home/user/.m2/repository/org/slf4j/slf4j-api/1.7.25/slf4j-api-1.7.25.jar:/home/user/.m2/repository/org/slf4j/jul-to-slf4j/1.7.25/jul-to-slf4j-1.7.25.jar:/home/user/.m2/repository/org/eclipse/jetty/jetty-util/9.3.24.v20180605/jetty-util-9.3.24.v20180605.jar:/home/user/.m2/repository/com/fasterxml/jackson/core/jackson-databind/2.9.5/jackson-databind-2.9.5.jar:/home/user/.m2/repository/org/apache/hadoop/hadoop-kms/3.2.0/hadoop-kms-3.2.0-tests.jar:/home/user/.m2/repository/org/apache/hadoop/hadoop-hdds-server-scm/0.4.1-SNAPSHOT/hadoop-hdds-server-scm-0.4.1-SNAPSHOT-tests.jar:/home/user/.m2/repository/org/apache/hadoop/hadoop-hdds-container-service/0.4.1-SNAPSHOT/hadoop-hdds-container-service-0.4.1-SNAPSHOT-tests.jar:/home/user/.m2/repository/org/yaml/snakeyaml/1.16/snakeyaml-1.16.jar:/home/user/.m2/repository/org/apache/hadoop/hadoop-common/3.2.0/hadoop-common-3.2.0-tests.jar:/home/user/.m2/repository/org/apache/hadoop/hadoop-annotations/3.2.0/hadoop-annotations-3.2.0.jar:/usr/lib/jvm/java-1.8-openjdk/jre/../lib/tools.jar:/home/user/.m2/repository/commons-cli/commons-cli/1.2/commons-cli-1.2.jar:/home/user/.m2/repository/org/apache/httpcomponents/httpclient/4.5.2/httpclient-4.5.2.jar:/home/user/.m2/repository/org/apache/httpcomponents/httpcore/4.4.4/httpcore-4.4.4.jar:/home/user/.m2/repository/commons-codec/commons-codec/1.11/commons-codec-1.11.jar:/home/user/.m2/repository/commons-net/commons-net/3.6/commons-net-3.6.jar:/home/user/.m2/repository/commons-collections/commons-collections/3.2.2/commons-collections-3.2.2.jar:/home/user/.m2/repository/org/eclipse/jetty/jetty-servlet/9.3.24.v20180605/jetty-servlet-9.3.24.v20180605.jar:/home/user/.m2/repository/org/eclipse/jetty/jetty-security/9.3.24.v20180605/jetty-security-9.3.24.v20180605.jar:/home/user/.m2/repository/javax/servlet/jsp/jsp-api/2.1/jsp-api-2.1.jar:/home/user/.m2/repository/com/sun/jersey/jersey-servlet/1.19/jersey-servlet-1.19.jar:/home/user/.m2/repository/com/sun/jersey/jersey-json/1.19/jersey-json-1.19.jar:/home/user/.m2/repository/org/codehaus/jettison/jettison/1.1/jettison-1.1.jar:/home/user/.m2/repository/org/codehaus/jackson/jackson-core-asl/1.9.13/jackson-core-asl-1.9.13.jar:/home/user/.m2/repository/org/codehaus/jackson/jackson-mapper-asl/1.9.13/jackson-mapper-asl-1.9.13.jar:/home/user/.m2/repository/org/codehaus/jackson/jackson-jaxrs/1.9.13/jackson-jaxrs-1.9.13.jar:/home/user/.m2/repository/org/codehaus/jackson/jackson-xc/1.9.13/jackson-xc-1.9.13.jar:/home/user/.m2/repository/commons-logging/commons-logging/1.1.3/commons-logging-1.1.3.jar:/home/user/.m2/repository/commons-beanutils/commons-beanutils/1.9.3/commons-beanutils-1.9.3.jar:/home/user/.m2/repository/org/apache/commons/commons-configuration2/2.1.1/commons-configuration2-2.1.1.jar:/home/user/.m2/repository/org/apache/commons/commons-lang3/3.7/commons-lang3-3.7.jar:/home/user/.m2/repository/org/apache/commons/commons-text/1.4/commons-text-1.4.jar:/home/user/.m2/repository/org/apache/avro/avro/1.7.7/avro-1.7.7.jar:/home/user/.m2/repository/com/thoughtworks/paranamer/paranamer/2.3/paranamer-2.3.jar:/home/user/.m2/repository/org/xerial/snappy/snappy-java/1.0.5/snappy-java-1.0.5.jar:/home/user/.m2/repository/com/google/re2j/re2j/1.1/re2j-1.1.jar:/home/user/.m2/repository/com/google/code/gson/gson/2.2.4/gson-2.2.4.jar:/home/user/.m2/repository/com/jcraft/jsch/0.1.54/jsch-0.1.54.jar:/home/user/.m2/repository/org/apache/curator/curator-client/2.12.0/curator-client-2.12.0.jar:/home/user/.m2/repository/org/apache/curator/curator-recipes/2.12.0/curator-recipes-2.12.0.jar:/home/user/.m2/repository/com/google/code/findbugs/jsr305/3.0.0/jsr305-3.0.0.jar:/home/user/.m2/repository/org/apache/htrace/htrace-core4/4.1.0-incubating/htrace-core4-4.1.0-incubating.jar:/home/user/.m2/repository/org/apache/zookeeper/zookeeper/3.4.13/zookeeper-3.4.13.jar:/home/user/.m2/repository/org/apache/yetus/audience-annotations/0.5.0/audience-annotations-0.5.0.jar:/home/user/.m2/repository/org/codehaus/woodstox/stax2-api/3.1.4/stax2-api-3.1.4.jar:/home/user/.m2/repository/com/fasterxml/woodstox/woodstox-core/5.0.3/woodstox-core-5.0.3.jar:/home/user/.m2/repository/dnsjava/dnsjava/2.1.7/dnsjava-2.1.7.jar:/home/user/.m2/repository/org/apache/hadoop/hadoop-hdfs/3.2.0/hadoop-hdfs-3.2.0-tests.jar:/home/user/.m2/repository/org/eclipse/jetty/jetty-util-ajax/9.3.24.v20180605/jetty-util-ajax-9.3.24.v20180605.jar:/home/user/.m2/repository/commons-daemon/commons-daemon/1.0.13/commons-daemon-1.0.13.jar:/home/user/.m2/repository/io/netty/netty/3.10.5.Final/netty-3.10.5.Final.jar:/home/user/.m2/repository/io/netty/netty-all/4.0.52.Final/netty-all-4.0.52.Final.jar:/home/user/.m2/repository/org/fusesource/leveldbjni/leveldbjni-all/1.8/leveldbjni-all-1.8.jar:"/>
    <property name="java.vm.vendor" value="IcedTea"/>
    <property name="sun.arch.data.model" value="64"/>
    <property name="test.build.dir" value="/workdir/hadoop-ozone/integration-test/target/test-dir"/>
    <property name="test.cache.data" value=""/>
    <property name="java.vendor.url" value="https://icedtea.classpath.org"/>
    <property name="user.timezone" value=""/>
    <property name="java.vm.specification.version" value="1.8"/>
    <property name="os.name" value="Linux"/>
    <property name="test.build.data" value="/workdir/hadoop-ozone/integration-test/target/test-dir"/>
    <property name="user.country" value="US"/>
    <property name="sun.java.launcher" value="SUN_STANDARD"/>
    <property name="sun.boot.library.path" value="/usr/lib/jvm/java-1.8-openjdk/jre/lib/amd64"/>
    <property name="sun.java.command" value="/workdir/hadoop-ozone/integration-test/target/surefire/surefirebooter4611775297746477626.jar /workdir/hadoop-ozone/integration-test/target/surefire 2019-08-03T03-12-43_534-jvmRun1 surefire443208003703053387tmp surefire_283964794693316885901tmp"/>
    <property name="surefire.test.class.path" value="/workdir/hadoop-ozone/integration-test/target/test-classes:/workdir/hadoop-ozone/integration-test/target/classes:/home/user/.m2/repository/org/apache/hadoop/hadoop-ozone-common/0.4.1-SNAPSHOT/hadoop-ozone-common-0.4.1-SNAPSHOT.jar:/home/user/.m2/repository/org/apache/commons/commons-compress/1.4.1/commons-compress-1.4.1.jar:/home/user/.m2/repository/org/tukaani/xz/1.0/xz-1.0.jar:/home/user/.m2/repository/org/apache/hadoop/hadoop-common/3.2.0/hadoop-common-3.2.0.jar:/home/user/.m2/repository/org/apache/hadoop/hadoop-hdfs/3.2.0/hadoop-hdfs-3.2.0.jar:/home/user/.m2/repository/org/apache/hadoop/hadoop-hdfs-client/3.2.0/hadoop-hdfs-client-3.2.0.jar:/home/user/.m2/repository/com/fasterxml/jackson/core/jackson-annotations/2.9.5/jackson-annotations-2.9.5.jar:/home/user/.m2/repository/org/apache/hadoop/hadoop-hdds-common/0.4.1-SNAPSHOT/hadoop-hdds-common-0.4.1-SNAPSHOT.jar:/home/user/.m2/repository/javax/annotation/javax.annotation-api/1.2/javax.annotation-api-1.2.jar:/home/user/.m2/repository/org/apache/ratis/ratis-server/0.4.0-2337318-SNAPSHOT/ratis-server-0.4.0-2337318-SNAPSHOT.jar:/home/user/.m2/repository/org/apache/ratis/ratis-thirdparty-misc/0.2.0/ratis-thirdparty-misc-0.2.0.jar:/home/user/.m2/repository/org/apache/ratis/ratis-proto/0.4.0-2337318-SNAPSHOT/ratis-proto-0.4.0-2337318-SNAPSHOT.jar:/home/user/.m2/repository/org/apache/ratis/ratis-common/0.4.0-2337318-SNAPSHOT/ratis-common-0.4.0-2337318-SNAPSHOT.jar:/home/user/.m2/repository/org/apache/ratis/ratis-client/0.4.0-2337318-SNAPSHOT/ratis-client-0.4.0-2337318-SNAPSHOT.jar:/home/user/.m2/repository/org/apache/ratis/ratis-metrics/0.4.0-2337318-SNAPSHOT/ratis-metrics-0.4.0-2337318-SNAPSHOT.jar:/home/user/.m2/repository/org/apache/ratis/ratis-netty/0.4.0-2337318-SNAPSHOT/ratis-netty-0.4.0-2337318-SNAPSHOT.jar:/home/user/.m2/repository/org/apache/ratis/ratis-grpc/0.4.0-2337318-SNAPSHOT/ratis-grpc-0.4.0-2337318-SNAPSHOT.jar:/home/user/.m2/repository/org/rocksdb/rocksdbjni/6.0.1/rocksdbjni-6.0.1.jar:/home/user/.m2/repository/org/apache/logging/log4j/log4j-api/2.11.0/log4j-api-2.11.0.jar:/home/user/.m2/repository/org/apache/logging/log4j/log4j-core/2.11.0/log4j-core-2.11.0.jar:/home/user/.m2/repository/com/lmax/disruptor/3.4.2/disruptor-3.4.2.jar:/home/user/.m2/repository/org/apache/commons/commons-pool2/2.6.0/commons-pool2-2.6.0.jar:/home/user/.m2/repository/org/bouncycastle/bcpkix-jdk15on/1.60/bcpkix-jdk15on-1.60.jar:/home/user/.m2/repository/commons-validator/commons-validator/1.6/commons-validator-1.6.jar:/home/user/.m2/repository/commons-digester/commons-digester/1.8.1/commons-digester-1.8.1.jar:/home/user/.m2/repository/io/jaegertracing/jaeger-client/0.33.1/jaeger-client-0.33.1.jar:/home/user/.m2/repository/io/jaegertracing/jaeger-thrift/0.33.1/jaeger-thrift-0.33.1.jar:/home/user/.m2/repository/org/apache/thrift/libthrift/0.11.0/libthrift-0.11.0.jar:/home/user/.m2/repository/com/squareup/okhttp3/okhttp/3.9.0/okhttp-3.9.0.jar:/home/user/.m2/repository/com/squareup/okio/okio/1.13.0/okio-1.13.0.jar:/home/user/.m2/repository/io/jaegertracing/jaeger-core/0.33.1/jaeger-core-0.33.1.jar:/home/user/.m2/repository/io/jaegertracing/jaeger-tracerresolver/0.33.1/jaeger-tracerresolver-0.33.1.jar:/home/user/.m2/repository/io/opentracing/contrib/opentracing-tracerresolver/0.1.5/opentracing-tracerresolver-0.1.5.jar:/home/user/.m2/repository/io/opentracing/opentracing-util/0.31.0/opentracing-util-0.31.0.jar:/home/user/.m2/repository/io/opentracing/opentracing-api/0.31.0/opentracing-api-0.31.0.jar:/home/user/.m2/repository/io/opentracing/opentracing-noop/0.31.0/opentracing-noop-0.31.0.jar:/home/user/.m2/repository/org/apache/hadoop/hadoop-hdds-server-framework/0.4.1-SNAPSHOT/hadoop-hdds-server-framework-0.4.1-SNAPSHOT.jar:/home/user/.m2/repository/org/apache/hadoop/hadoop-hdds-container-service/0.4.1-SNAPSHOT/hadoop-hdds-container-service-0.4.1-SNAPSHOT.jar:/home/user/.m2/repository/org/apache/hadoop/hadoop-hdds-client/0.4.1-SNAPSHOT/hadoop-hdds-client-0.4.1-SNAPSHOT.jar:/home/user/.m2/repository/org/apache/hadoop/hadoop-hdds-tools/0.4.1-SNAPSHOT/hadoop-hdds-tools-0.4.1-SNAPSHOT.jar:/home/user/.m2/repository/org/apache/hadoop/hadoop-hdds-server-scm/0.4.1-SNAPSHOT/hadoop-hdds-server-scm-0.4.1-SNAPSHOT.jar:/home/user/.m2/repository/org/apache/hadoop/hadoop-hdds-docs/0.4.1-SNAPSHOT/hadoop-hdds-docs-0.4.1-SNAPSHOT.jar:/home/user/.m2/repository/io/dropwizard/metrics/metrics-core/3.2.4/metrics-core-3.2.4.jar:/home/user/.m2/repository/org/hamcrest/hamcrest-all/1.3/hamcrest-all-1.3.jar:/home/user/.m2/repository/org/bouncycastle/bcprov-jdk15on/1.60/bcprov-jdk15on-1.60.jar:/home/user/.m2/repository/info/picocli/picocli/3.9.6/picocli-3.9.6.jar:/home/user/.m2/repository/com/google/protobuf/protobuf-java/2.5.0/protobuf-java-2.5.0.jar:/home/user/.m2/repository/com/google/guava/guava/11.0.2/guava-11.0.2.jar:/home/user/.m2/repository/org/apache/hadoop/hadoop-ozone-ozone-manager/0.4.1-SNAPSHOT/hadoop-ozone-ozone-manager-0.4.1-SNAPSHOT.jar:/home/user/.m2/repository/org/apache/hadoop/hadoop-minikdc/3.2.0/hadoop-minikdc-3.2.0.jar:/home/user/.m2/repository/commons-io/commons-io/2.5/commons-io-2.5.jar:/home/user/.m2/repository/org/apache/kerby/kerb-simplekdc/1.0.1/kerb-simplekdc-1.0.1.jar:/home/user/.m2/repository/org/apache/kerby/kerb-client/1.0.1/kerb-client-1.0.1.jar:/home/user/.m2/repository/org/apache/kerby/kerby-config/1.0.1/kerby-config-1.0.1.jar:/home/user/.m2/repository/org/apache/kerby/kerb-core/1.0.1/kerb-core-1.0.1.jar:/home/user/.m2/repository/org/apache/kerby/kerby-pkix/1.0.1/kerby-pkix-1.0.1.jar:/home/user/.m2/repository/org/apache/kerby/kerby-asn1/1.0.1/kerby-asn1-1.0.1.jar:/home/user/.m2/repository/org/apache/kerby/kerby-util/1.0.1/kerby-util-1.0.1.jar:/home/user/.m2/repository/org/apache/kerby/kerb-common/1.0.1/kerb-common-1.0.1.jar:/home/user/.m2/repository/org/apache/kerby/kerb-crypto/1.0.1/kerb-crypto-1.0.1.jar:/home/user/.m2/repository/org/apache/kerby/kerb-util/1.0.1/kerb-util-1.0.1.jar:/home/user/.m2/repository/org/apache/kerby/token-provider/1.0.1/token-provider-1.0.1.jar:/home/user/.m2/repository/org/apache/kerby/kerb-admin/1.0.1/kerb-admin-1.0.1.jar:/home/user/.m2/repository/org/apache/kerby/kerb-server/1.0.1/kerb-server-1.0.1.jar:/home/user/.m2/repository/org/apache/kerby/kerb-identity/1.0.1/kerb-identity-1.0.1.jar:/home/user/.m2/repository/org/apache/kerby/kerby-xdr/1.0.1/kerby-xdr-1.0.1.jar:/home/user/.m2/repository/org/slf4j/slf4j-log4j12/1.7.25/slf4j-log4j12-1.7.25.jar:/home/user/.m2/repository/org/apache/hadoop/hadoop-ozone-objectstore-service/0.4.1-SNAPSHOT/hadoop-ozone-objectstore-service-0.4.1-SNAPSHOT.jar:/home/user/.m2/repository/org/apache/hadoop/hadoop-ozone-s3gateway/0.4.1-SNAPSHOT/hadoop-ozone-s3gateway-0.4.1-SNAPSHOT.jar:/home/user/.m2/repository/org/jboss/weld/servlet/weld-servlet/2.4.7.Final/weld-servlet-2.4.7.Final.jar:/home/user/.m2/repository/org/glassfish/jersey/containers/jersey-container-servlet-core/2.27/jersey-container-servlet-core-2.27.jar:/home/user/.m2/repository/org/glassfish/hk2/external/javax.inject/2.5.0-b42/javax.inject-2.5.0-b42.jar:/home/user/.m2/repository/org/glassfish/jersey/core/jersey-common/2.27/jersey-common-2.27.jar:/home/user/.m2/repository/org/glassfish/hk2/osgi-resource-locator/1.0.1/osgi-resource-locator-1.0.1.jar:/home/user/.m2/repository/javax/ws/rs/javax.ws.rs-api/2.1/javax.ws.rs-api-2.1.jar:/home/user/.m2/repository/org/glassfish/jersey/ext/cdi/jersey-cdi1x/2.27/jersey-cdi1x-2.27.jar:/home/user/.m2/repository/org/glassfish/jersey/inject/jersey-hk2/2.27/jersey-hk2-2.27.jar:/home/user/.m2/repository/org/glassfish/hk2/hk2-locator/2.5.0-b42/hk2-locator-2.5.0-b42.jar:/home/user/.m2/repository/org/javassist/javassist/3.22.0-CR2/javassist-3.22.0-CR2.jar:/home/user/.m2/repository/org/glassfish/hk2/hk2-api/2.5.0/hk2-api-2.5.0.jar:/home/user/.m2/repository/org/glassfish/hk2/external/jakarta.inject/2.5.0/jakarta.inject-2.5.0.jar:/home/user/.m2/repository/org/glassfish/hk2/hk2-utils/2.5.0/hk2-utils-2.5.0.jar:/home/user/.m2/repository/jakarta/annotation/jakarta.annotation-api/1.3.4/jakarta.annotation-api-1.3.4.jar:/home/user/.m2/repository/org/glassfish/hk2/external/aopalliance-repackaged/2.5.0/aopalliance-repackaged-2.5.0.jar:/home/user/.m2/repository/com/fasterxml/jackson/dataformat/jackson-dataformat-xml/2.9.0/jackson-dataformat-xml-2.9.0.jar:/home/user/.m2/repository/com/fasterxml/jackson/core/jackson-core/2.9.5/jackson-core-2.9.5.jar:/home/user/.m2/repository/com/fasterxml/jackson/module/jackson-module-jaxb-annotations/2.9.5/jackson-module-jaxb-annotations-2.9.5.jar:/home/user/.m2/repository/javax/enterprise/cdi-api/1.2/cdi-api-1.2.jar:/home/user/.m2/repository/javax/el/javax.el-api/3.0.0/javax.el-api-3.0.0.jar:/home/user/.m2/repository/javax/interceptor/javax.interceptor-api/1.2/javax.interceptor-api-1.2.jar:/home/user/.m2/repository/javax/inject/javax.inject/1/javax.inject-1.jar:/home/user/.m2/repository/com/sun/xml/bind/jaxb-impl/2.3.0.1/jaxb-impl-2.3.0.1.jar:/home/user/.m2/repository/com/sun/xml/bind/jaxb-core/2.3.0.1/jaxb-core-2.3.0.1.jar:/home/user/.m2/repository/javax/xml/bind/jaxb-api/2.3.0/jaxb-api-2.3.0.jar:/home/user/.m2/repository/javax/activation/activation/1.1.1/activation-1.1.1.jar:/home/user/.m2/repository/org/apache/hadoop/hadoop-ozone-csi/0.4.1-SNAPSHOT/hadoop-ozone-csi-0.4.1-SNAPSHOT.jar:/home/user/.m2/repository/com/google/protobuf/protobuf-java-util/3.5.1/protobuf-java-util-3.5.1.jar:/home/user/.m2/repository/org/apache/hadoop/hadoop-hdds-config/0.4.1-SNAPSHOT/hadoop-hdds-config-0.4.1-SNAPSHOT.jar:/home/user/.m2/repository/io/grpc/grpc-netty/1.17.1/grpc-netty-1.17.1.jar:/home/user/.m2/repository/io/grpc/grpc-core/1.17.1/grpc-core-1.17.1.jar:/home/user/.m2/repository/io/grpc/grpc-context/1.17.1/grpc-context-1.17.1.jar:/home/user/.m2/repository/com/google/errorprone/error_prone_annotations/2.2.0/error_prone_annotations-2.2.0.jar:/home/user/.m2/repository/org/codehaus/mojo/animal-sniffer-annotations/1.17/animal-sniffer-annotations-1.17.jar:/home/user/.m2/repository/io/opencensus/opencensus-api/0.17.0/opencensus-api-0.17.0.jar:/home/user/.m2/repository/io/opencensus/opencensus-contrib-grpc-metrics/0.17.0/opencensus-contrib-grpc-metrics-0.17.0.jar:/home/user/.m2/repository/io/netty/netty-codec-http2/4.1.30.Final/netty-codec-http2-4.1.30.Final.jar:/home/user/.m2/repository/io/netty/netty-codec-http/4.1.30.Final/netty-codec-http-4.1.30.Final.jar:/home/user/.m2/repository/io/netty/netty-codec/4.1.30.Final/netty-codec-4.1.30.Final.jar:/home/user/.m2/repository/io/netty/netty-handler/4.1.30.Final/netty-handler-4.1.30.Final.jar:/home/user/.m2/repository/io/netty/netty-handler-proxy/4.1.30.Final/netty-handler-proxy-4.1.30.Final.jar:/home/user/.m2/repository/io/netty/netty-codec-socks/4.1.30.Final/netty-codec-socks-4.1.30.Final.jar:/home/user/.m2/repository/io/netty/netty-transport-native-epoll/4.1.30.Final/netty-transport-native-epoll-4.1.30.Final.jar:/home/user/.m2/repository/io/netty/netty-common/4.1.30.Final/netty-common-4.1.30.Final.jar:/home/user/.m2/repository/io/netty/netty-buffer/4.1.30.Final/netty-buffer-4.1.30.Final.jar:/home/user/.m2/repository/io/netty/netty-transport/4.1.30.Final/netty-transport-4.1.30.Final.jar:/home/user/.m2/repository/io/netty/netty-resolver/4.1.30.Final/netty-resolver-4.1.30.Final.jar:/home/user/.m2/repository/io/netty/netty-transport-native-unix-common/4.1.30.Final/netty-transport-native-unix-common-4.1.30.Final.jar:/home/user/.m2/repository/io/grpc/grpc-protobuf/1.17.1/grpc-protobuf-1.17.1.jar:/home/user/.m2/repository/com/google/api/grpc/proto-google-common-protos/1.0.0/proto-google-common-protos-1.0.0.jar:/home/user/.m2/repository/io/grpc/grpc-protobuf-lite/1.17.1/grpc-protobuf-lite-1.17.1.jar:/home/user/.m2/repository/io/grpc/grpc-stub/1.17.1/grpc-stub-1.17.1.jar:/home/user/.m2/repository/org/apache/hadoop/hadoop-ozone-recon/0.4.1-SNAPSHOT/hadoop-ozone-recon-0.4.1-SNAPSHOT.jar:/home/user/.m2/repository/org/apache/hadoop/hadoop-ozone-reconcodegen/0.4.1-SNAPSHOT/hadoop-ozone-reconcodegen-0.4.1-SNAPSHOT.jar:/home/user/.m2/repository/com/google/inject/extensions/guice-multibindings/4.0/guice-multibindings-4.0.jar:/home/user/.m2/repository/com/google/inject/guice/4.0/guice-4.0.jar:/home/user/.m2/repository/aopalliance/aopalliance/1.0/aopalliance-1.0.jar:/home/user/.m2/repository/com/google/inject/extensions/guice-servlet/4.0/guice-servlet-4.0.jar:/home/user/.m2/repository/org/glassfish/jersey/containers/jersey-container-servlet/2.27/jersey-container-servlet-2.27.jar:/home/user/.m2/repository/org/glassfish/hk2/guice-bridge/2.5.0/guice-bridge-2.5.0.jar:/home/user/.m2/repository/org/glassfish/jersey/core/jersey-server/2.27/jersey-server-2.27.jar:/home/user/.m2/repository/org/glassfish/jersey/core/jersey-client/2.27/jersey-client-2.27.jar:/home/user/.m2/repository/org/glassfish/jersey/media/jersey-media-jaxb/2.27/jersey-media-jaxb-2.27.jar:/home/user/.m2/repository/javax/validation/validation-api/1.1.0.Final/validation-api-1.1.0.Final.jar:/home/user/.m2/repository/org/glassfish/jersey/media/jersey-media-json-jackson/2.27/jersey-media-json-jackson-2.27.jar:/home/user/.m2/repository/org/glassfish/jersey/ext/jersey-entity-filtering/2.27/jersey-entity-filtering-2.27.jar:/home/user/.m2/repository/com/google/inject/extensions/guice-assistedinject/4.0/guice-assistedinject-4.0.jar:/home/user/.m2/repository/org/jooq/jooq/3.11.10/jooq-3.11.10.jar:/home/user/.m2/repository/org/jooq/jooq-meta/3.11.10/jooq-meta-3.11.10.jar:/home/user/.m2/repository/org/jooq/jooq-codegen/3.11.10/jooq-codegen-3.11.10.jar:/home/user/.m2/repository/com/jolbox/bonecp/0.8.0.RELEASE/bonecp-0.8.0.RELEASE.jar:/home/user/.m2/repository/org/xerial/sqlite-jdbc/3.25.2/sqlite-jdbc-3.25.2.jar:/home/user/.m2/repository/org/springframework/spring-jdbc/5.1.3.RELEASE/spring-jdbc-5.1.3.RELEASE.jar:/home/user/.m2/repository/org/springframework/spring-beans/5.1.3.RELEASE/spring-beans-5.1.3.RELEASE.jar:/home/user/.m2/repository/org/springframework/spring-core/5.1.3.RELEASE/spring-core-5.1.3.RELEASE.jar:/home/user/.m2/repository/org/springframework/spring-jcl/5.1.3.RELEASE/spring-jcl-5.1.3.RELEASE.jar:/home/user/.m2/repository/org/springframework/spring-tx/5.1.3.RELEASE/spring-tx-5.1.3.RELEASE.jar:/home/user/.m2/repository/org/apache/hadoop/hadoop-ozone-client/0.4.1-SNAPSHOT/hadoop-ozone-client-0.4.1-SNAPSHOT.jar:/home/user/.m2/repository/commons-lang/commons-lang/2.6/commons-lang-2.6.jar:/home/user/.m2/repository/org/apache/hadoop/hadoop-ozone-ozone-manager/0.4.1-SNAPSHOT/hadoop-ozone-ozone-manager-0.4.1-SNAPSHOT-tests.jar:/home/user/.m2/repository/junit/junit/4.11/junit-4.11.jar:/home/user/.m2/repository/org/hamcrest/hamcrest-core/1.3/hamcrest-core-1.3.jar:/home/user/.m2/repository/org/openjdk/jmh/jmh-core/1.19/jmh-core-1.19.jar:/home/user/.m2/repository/net/sf/jopt-simple/jopt-simple/4.6/jopt-simple-4.6.jar:/home/user/.m2/repository/org/apache/commons/commons-math3/3.1.1/commons-math3-3.1.1.jar:/home/user/.m2/repository/org/openjdk/jmh/jmh-generator-annprocess/1.19/jmh-generator-annprocess-1.19.jar:/home/user/.m2/repository/org/mockito/mockito-all/1.8.5/mockito-all-1.8.5.jar:/home/user/.m2/repository/org/apache/hadoop/hadoop-kms/3.2.0/hadoop-kms-3.2.0.jar:/home/user/.m2/repository/org/apache/hadoop/hadoop-auth/3.2.0/hadoop-auth-3.2.0.jar:/home/user/.m2/repository/com/nimbusds/nimbus-jose-jwt/4.41.1/nimbus-jose-jwt-4.41.1.jar:/home/user/.m2/repository/com/github/stephenc/jcip/jcip-annotations/1.0-1/jcip-annotations-1.0-1.jar:/home/user/.m2/repository/net/minidev/json-smart/2.3/json-smart-2.3.jar:/home/user/.m2/repository/net/minidev/accessors-smart/1.2/accessors-smart-1.2.jar:/home/user/.m2/repository/org/ow2/asm/asm/5.0.4/asm-5.0.4.jar:/home/user/.m2/repository/org/apache/curator/curator-framework/2.12.0/curator-framework-2.12.0.jar:/home/user/.m2/repository/com/sun/jersey/jersey-core/1.19/jersey-core-1.19.jar:/home/user/.m2/repository/javax/ws/rs/jsr311-api/1.1.1/jsr311-api-1.1.1.jar:/home/user/.m2/repository/com/sun/jersey/jersey-server/1.19/jersey-server-1.19.jar:/home/user/.m2/repository/javax/servlet/javax.servlet-api/3.1.0/javax.servlet-api-3.1.0.jar:/home/user/.m2/repository/org/eclipse/jetty/jetty-server/9.3.24.v20180605/jetty-server-9.3.24.v20180605.jar:/home/user/.m2/repository/org/eclipse/jetty/jetty-http/9.3.24.v20180605/jetty-http-9.3.24.v20180605.jar:/home/user/.m2/repository/org/eclipse/jetty/jetty-io/9.3.24.v20180605/jetty-io-9.3.24.v20180605.jar:/home/user/.m2/repository/org/eclipse/jetty/jetty-webapp/9.3.24.v20180605/jetty-webapp-9.3.24.v20180605.jar:/home/user/.m2/repository/org/eclipse/jetty/jetty-xml/9.3.24.v20180605/jetty-xml-9.3.24.v20180605.jar:/home/user/.m2/repository/log4j/log4j/1.2.17/log4j-1.2.17.jar:/home/user/.m2/repository/org/slf4j/slf4j-api/1.7.25/slf4j-api-1.7.25.jar:/home/user/.m2/repository/org/slf4j/jul-to-slf4j/1.7.25/jul-to-slf4j-1.7.25.jar:/home/user/.m2/repository/org/eclipse/jetty/jetty-util/9.3.24.v20180605/jetty-util-9.3.24.v20180605.jar:/home/user/.m2/repository/com/fasterxml/jackson/core/jackson-databind/2.9.5/jackson-databind-2.9.5.jar:/home/user/.m2/repository/org/apache/hadoop/hadoop-kms/3.2.0/hadoop-kms-3.2.0-tests.jar:/home/user/.m2/repository/org/apache/hadoop/hadoop-hdds-server-scm/0.4.1-SNAPSHOT/hadoop-hdds-server-scm-0.4.1-SNAPSHOT-tests.jar:/home/user/.m2/repository/org/apache/hadoop/hadoop-hdds-container-service/0.4.1-SNAPSHOT/hadoop-hdds-container-service-0.4.1-SNAPSHOT-tests.jar:/home/user/.m2/repository/org/yaml/snakeyaml/1.16/snakeyaml-1.16.jar:/home/user/.m2/repository/org/apache/hadoop/hadoop-common/3.2.0/hadoop-common-3.2.0-tests.jar:/home/user/.m2/repository/org/apache/hadoop/hadoop-annotations/3.2.0/hadoop-annotations-3.2.0.jar:/usr/lib/jvm/java-1.8-openjdk/jre/../lib/tools.jar:/home/user/.m2/repository/commons-cli/commons-cli/1.2/commons-cli-1.2.jar:/home/user/.m2/repository/org/apache/httpcomponents/httpclient/4.5.2/httpclient-4.5.2.jar:/home/user/.m2/repository/org/apache/httpcomponents/httpcore/4.4.4/httpcore-4.4.4.jar:/home/user/.m2/repository/commons-codec/commons-codec/1.11/commons-codec-1.11.jar:/home/user/.m2/repository/commons-net/commons-net/3.6/commons-net-3.6.jar:/home/user/.m2/repository/commons-collections/commons-collections/3.2.2/commons-collections-3.2.2.jar:/home/user/.m2/repository/org/eclipse/jetty/jetty-servlet/9.3.24.v20180605/jetty-servlet-9.3.24.v20180605.jar:/home/user/.m2/repository/org/eclipse/jetty/jetty-security/9.3.24.v20180605/jetty-security-9.3.24.v20180605.jar:/home/user/.m2/repository/javax/servlet/jsp/jsp-api/2.1/jsp-api-2.1.jar:/home/user/.m2/repository/com/sun/jersey/jersey-servlet/1.19/jersey-servlet-1.19.jar:/home/user/.m2/repository/com/sun/jersey/jersey-json/1.19/jersey-json-1.19.jar:/home/user/.m2/repository/org/codehaus/jettison/jettison/1.1/jettison-1.1.jar:/home/user/.m2/repository/org/codehaus/jackson/jackson-core-asl/1.9.13/jackson-core-asl-1.9.13.jar:/home/user/.m2/repository/org/codehaus/jackson/jackson-mapper-asl/1.9.13/jackson-mapper-asl-1.9.13.jar:/home/user/.m2/repository/org/codehaus/jackson/jackson-jaxrs/1.9.13/jackson-jaxrs-1.9.13.jar:/home/user/.m2/repository/org/codehaus/jackson/jackson-xc/1.9.13/jackson-xc-1.9.13.jar:/home/user/.m2/repository/commons-logging/commons-logging/1.1.3/commons-logging-1.1.3.jar:/home/user/.m2/repository/commons-beanutils/commons-beanutils/1.9.3/commons-beanutils-1.9.3.jar:/home/user/.m2/repository/org/apache/commons/commons-configuration2/2.1.1/commons-configuration2-2.1.1.jar:/home/user/.m2/repository/org/apache/commons/commons-lang3/3.7/commons-lang3-3.7.jar:/home/user/.m2/repository/org/apache/commons/commons-text/1.4/commons-text-1.4.jar:/home/user/.m2/repository/org/apache/avro/avro/1.7.7/avro-1.7.7.jar:/home/user/.m2/repository/com/thoughtworks/paranamer/paranamer/2.3/paranamer-2.3.jar:/home/user/.m2/repository/org/xerial/snappy/snappy-java/1.0.5/snappy-java-1.0.5.jar:/home/user/.m2/repository/com/google/re2j/re2j/1.1/re2j-1.1.jar:/home/user/.m2/repository/com/google/code/gson/gson/2.2.4/gson-2.2.4.jar:/home/user/.m2/repository/com/jcraft/jsch/0.1.54/jsch-0.1.54.jar:/home/user/.m2/repository/org/apache/curator/curator-client/2.12.0/curator-client-2.12.0.jar:/home/user/.m2/repository/org/apache/curator/curator-recipes/2.12.0/curator-recipes-2.12.0.jar:/home/user/.m2/repository/com/google/code/findbugs/jsr305/3.0.0/jsr305-3.0.0.jar:/home/user/.m2/repository/org/apache/htrace/htrace-core4/4.1.0-incubating/htrace-core4-4.1.0-incubating.jar:/home/user/.m2/repository/org/apache/zookeeper/zookeeper/3.4.13/zookeeper-3.4.13.jar:/home/user/.m2/repository/org/apache/yetus/audience-annotations/0.5.0/audience-annotations-0.5.0.jar:/home/user/.m2/repository/org/codehaus/woodstox/stax2-api/3.1.4/stax2-api-3.1.4.jar:/home/user/.m2/repository/com/fasterxml/woodstox/woodstox-core/5.0.3/woodstox-core-5.0.3.jar:/home/user/.m2/repository/dnsjava/dnsjava/2.1.7/dnsjava-2.1.7.jar:/home/user/.m2/repository/org/apache/hadoop/hadoop-hdfs/3.2.0/hadoop-hdfs-3.2.0-tests.jar:/home/user/.m2/repository/org/eclipse/jetty/jetty-util-ajax/9.3.24.v20180605/jetty-util-ajax-9.3.24.v20180605.jar:/home/user/.m2/repository/commons-daemon/commons-daemon/1.0.13/commons-daemon-1.0.13.jar:/home/user/.m2/repository/io/netty/netty/3.10.5.Final/netty-3.10.5.Final.jar:/home/user/.m2/repository/io/netty/netty-all/4.0.52.Final/netty-all-4.0.52.Final.jar:/home/user/.m2/repository/org/fusesource/leveldbjni/leveldbjni-all/1.8/leveldbjni-all-1.8.jar:"/>
    <property name="sun.cpu.endian" value="little"/>
    <property name="user.home" value="/home/user"/>
    <property name="user.language" value="en"/>
    <property name="java.specification.vendor" value="Oracle Corporation"/>
    <property name="java.home" value="/usr/lib/jvm/java-1.8-openjdk/jre"/>
    <property name="java.security.krb5.conf" value="/workdir/hadoop-ozone/integration-test/target/test-classes/krb5.conf"/>
    <property name="basedir" value="/workdir/hadoop-ozone/integration-test"/>
    <property name="file.separator" value="/"/>
    <property name="line.separator" value="&#10;"/>
    <property name="java.vm.specification.vendor" value="Oracle Corporation"/>
    <property name="java.specification.name" value="Java Platform API Specification"/>
    <property name="java.awt.graphicsenv" value="sun.awt.X11GraphicsEnvironment"/>
    <property name="surefire.real.class.path" value="/workdir/hadoop-ozone/integration-test/target/surefire/surefirebooter4611775297746477626.jar"/>
    <property name="hadoop.log.dir" value="/workdir/hadoop-ozone/integration-test/target/log"/>
    <property name="sun.boot.class.path" value="/usr/lib/jvm/java-1.8-openjdk/jre/lib/resources.jar:/usr/lib/jvm/java-1.8-openjdk/jre/lib/rt.jar:/usr/lib/jvm/java-1.8-openjdk/jre/lib/sunrsasign.jar:/usr/lib/jvm/java-1.8-openjdk/jre/lib/jsse.jar:/usr/lib/jvm/java-1.8-openjdk/jre/lib/jce.jar:/usr/lib/jvm/java-1.8-openjdk/jre/lib/charsets.jar:/usr/lib/jvm/java-1.8-openjdk/jre/lib/jfr.jar:/usr/lib/jvm/java-1.8-openjdk/jre/classes"/>
    <property name="sun.management.compiler" value="HotSpot 64-Bit Tiered Compilers"/>
    <property name="java.runtime.version" value="1.8.0_212-b04"/>
    <property name="java.net.preferIPv4Stack" value="true"/>
    <property name="user.name" value="jenkins1000"/>
    <property name="path.separator" value=":"/>
    <property name="java.security.egd" value="file:///dev/urandom"/>
    <property name="os.version" value="3.10.0-957.12.2.el7.x86_64"/>
    <property name="java.endorsed.dirs" value="/usr/lib/jvm/java-1.8-openjdk/jre/lib/endorsed"/>
    <property name="java.runtime.name" value="OpenJDK Runtime Environment"/>
    <property name="file.encoding" value="UTF-8"/>
    <property name="java.vm.name" value="OpenJDK 64-Bit Server VM"/>
    <property name="test.build.webapps" value=""/>
    <property name="localRepository" value="/home/user/.m2/repository"/>
    <property name="java.vendor.url.bug" value="https://icedtea.classpath.org/bugzilla"/>
    <property name="java.io.tmpdir" value="/tmp"/>
    <property name="require.test.libhadoop" value=""/>
    <property name="java.version" value="1.8.0_212"/>
    <property name="user.dir" value="/workdir/hadoop-ozone/integration-test"/>
    <property name="os.arch" value="amd64"/>
    <property name="java.vm.specification.name" value="Java Virtual Machine Specification"/>
    <property name="test.build.classes" value="/workdir/hadoop-ozone/integration-test/target/test-classes"/>
    <property name="java.awt.printerjob" value="sun.print.PSPrinterJob"/>
    <property name="sun.os.patch.level" value="unknown"/>
    <property name="hadoop.tmp.dir" value="/workdir/hadoop-ozone/integration-test/target/tmp"/>
    <property name="java.library.path" value="/usr/lib/jvm/java-1.8-openjdk/jre/lib/amd64/server:/usr/lib/jvm/java-1.8-openjdk/jre/lib/amd64:/usr/lib/jvm/java-1.8-openjdk/jre/../lib/amd64:/workdir/hadoop-ozone/integration-test/target/native/target/usr/local/lib:/workdir/hadoop-ozone/integration-test/../../hadoop-common-project/hadoop-common/target/native/target/usr/local/lib:/usr/java/packages/lib/amd64:/usr/lib64:/lib64:/lib:/usr/lib"/>
    <property name="java.vm.info" value="mixed mode"/>
    <property name="java.vendor" value="IcedTea"/>
    <property name="java.vm.version" value="25.212-b04"/>
    <property name="java.ext.dirs" value="/usr/lib/jvm/java-1.8-openjdk/jre/lib/ext:/usr/java/packages/lib/ext"/>
    <property name="sun.io.unicode.encoding" value="UnicodeLittle"/>
    <property name="java.class.version" value="52.0"/>
  </properties>
  <testcase name="test2DatanodesFailure" classname="org.apache.hadoop.ozone.client.rpc.TestBlockOutputStreamWithFailures" time="43.122">
    <failure type="java.lang.AssertionError">java.lang.AssertionError
	at org.junit.Assert.fail(Assert.java:86)
	at org.junit.Assert.assertTrue(Assert.java:41)
	at org.junit.Assert.assertTrue(Assert.java:52)
	at org.apache.hadoop.ozone.client.rpc.TestBlockOutputStreamWithFailures.test2DatanodesFailure(TestBlockOutputStreamWithFailures.java:507)
	at sun.reflect.NativeMethodAccessorImpl.invoke0(Native Method)
	at sun.reflect.NativeMethodAccessorImpl.invoke(NativeMethodAccessorImpl.java:62)
	at sun.reflect.DelegatingMethodAccessorImpl.invoke(DelegatingMethodAccessorImpl.java:43)
	at java.lang.reflect.Method.invoke(Method.java:498)
	at org.junit.runners.model.FrameworkMethod$1.runReflectiveCall(FrameworkMethod.java:47)
	at org.junit.internal.runners.model.ReflectiveCallable.run(ReflectiveCallable.java:12)
	at org.junit.runners.model.FrameworkMethod.invokeExplosively(FrameworkMethod.java:44)
	at org.junit.internal.runners.statements.InvokeMethod.evaluate(InvokeMethod.java:17)
	at org.junit.internal.runners.statements.RunBefores.evaluate(RunBefores.java:26)
	at org.junit.internal.runners.statements.RunAfters.evaluate(RunAfters.java:27)
	at org.junit.runners.ParentRunner.runLeaf(ParentRunner.java:271)
	at org.junit.runners.BlockJUnit4ClassRunner.runChild(BlockJUnit4ClassRunner.java:70)
	at org.junit.runners.BlockJUnit4ClassRunner.runChild(BlockJUnit4ClassRunner.java:50)
	at org.junit.runners.ParentRunner$3.run(ParentRunner.java:238)
	at org.junit.runners.ParentRunner$1.schedule(ParentRunner.java:63)
	at org.junit.runners.ParentRunner.runChildren(ParentRunner.java:236)
	at org.junit.runners.ParentRunner.access$000(ParentRunner.java:53)
	at org.junit.runners.ParentRunner$2.evaluate(ParentRunner.java:229)
	at org.junit.runners.ParentRunner.run(ParentRunner.java:309)
	at org.apache.maven.surefire.junit4.JUnit4Provider.execute(JUnit4Provider.java:365)
	at org.apache.maven.surefire.junit4.JUnit4Provider.executeWithRerun(JUnit4Provider.java:273)
	at org.apache.maven.surefire.junit4.JUnit4Provider.executeTestSet(JUnit4Provider.java:238)
	at org.apache.maven.surefire.junit4.JUnit4Provider.invoke(JUnit4Provider.java:159)
	at org.apache.maven.surefire.booter.ForkedBooter.invokeProviderInSameClassLoader(ForkedBooter.java:384)
	at org.apache.maven.surefire.booter.ForkedBooter.runSuitesInProcess(ForkedBooter.java:345)
	at org.apache.maven.surefire.booter.ForkedBooter.execute(ForkedBooter.java:126)
	at org.apache.maven.surefire.booter.ForkedBooter.main(ForkedBooter.java:418)
</failure>
    <system-out><![CDATA[2019-08-03 03:30:33,583 WARN  server.ServerUtils (ServerUtils.java:getScmDbDir(145)) - ozone.scm.db.dirs is not configured. We recommend adding this setting. Falling back to ozone.metadata.dirs instead.
2019-08-03 03:30:33,702 WARN  server.ServerUtils (ServerUtils.java:getScmDbDir(145)) - ozone.scm.db.dirs is not configured. We recommend adding this setting. Falling back to ozone.metadata.dirs instead.
2019-08-03 03:30:33,705 WARN  server.ServerUtils (ServerUtils.java:getScmDbDir(145)) - ozone.scm.db.dirs is not configured. We recommend adding this setting. Falling back to ozone.metadata.dirs instead.
2019-08-03 03:30:33,724 INFO  util.log (Log.java:initialized(192)) - Logging initialized @854ms
2019-08-03 03:30:33,813 INFO  db.DBStoreBuilder (DBStoreBuilder.java:addTable(110)) - using custom profile for table: deletedBlocks
2019-08-03 03:30:33,813 INFO  db.DBStoreBuilder (DBStoreBuilder.java:processTables(161)) - Using default column profile:DBProfile.DISK for Table:deletedBlocks
2019-08-03 03:30:33,814 INFO  db.DBStoreBuilder (DBStoreBuilder.java:addTable(110)) - using custom profile for table: validCerts
2019-08-03 03:30:33,814 INFO  db.DBStoreBuilder (DBStoreBuilder.java:processTables(161)) - Using default column profile:DBProfile.DISK for Table:validCerts
2019-08-03 03:30:33,814 INFO  db.DBStoreBuilder (DBStoreBuilder.java:addTable(110)) - using custom profile for table: revokedCerts
2019-08-03 03:30:33,814 INFO  db.DBStoreBuilder (DBStoreBuilder.java:processTables(161)) - Using default column profile:DBProfile.DISK for Table:revokedCerts
2019-08-03 03:30:33,824 INFO  db.DBStoreBuilder (DBStoreBuilder.java:addTable(110)) - using custom profile for table: default
2019-08-03 03:30:33,824 INFO  db.DBStoreBuilder (DBStoreBuilder.java:processTables(167)) - Using default column profile:DBProfile.DISK for Table:default
2019-08-03 03:30:33,825 INFO  db.DBStoreBuilder (DBStoreBuilder.java:getDbProfile(198)) - Using default options. DBProfile.DISK
2019-08-03 03:30:33,928 INFO  net.NodeSchemaLoader (NodeSchemaLoader.java:loadSchemaFromFile(125)) - Loading file from sun.misc.CompoundEnumeration@7714e963
2019-08-03 03:30:33,930 INFO  net.NodeSchemaLoader (NodeSchemaLoader.java:loadSchema(171)) - Loading network topology layer schema file
2019-08-03 03:30:34,023 INFO  node.SCMNodeManager (SCMNodeManager.java:<init>(121)) - Entering startup safe mode.
2019-08-03 03:30:34,110 WARN  server.ServerUtils (ServerUtils.java:getScmDbDir(145)) - ozone.scm.db.dirs is not configured. We recommend adding this setting. Falling back to ozone.metadata.dirs instead.
2019-08-03 03:30:34,171 INFO  pipeline.SCMPipelineManager (SCMPipelineManager.java:initializePipelineState(126)) - No pipeline exists in current db
2019-08-03 03:30:34,173 WARN  server.ServerUtils (ServerUtils.java:getScmDbDir(145)) - ozone.scm.db.dirs is not configured. We recommend adding this setting. Falling back to ozone.metadata.dirs instead.
2019-08-03 03:30:34,237 WARN  events.EventQueue (EventQueue.java:fireEvent(175)) - No event handler registered for event TypedEvent{payloadType=SafeModeStatus, name='SafeModeStatus'}
2019-08-03 03:30:34,559 INFO  ipc.CallQueueManager (CallQueueManager.java:<init>(84)) - Using callQueue: class java.util.concurrent.LinkedBlockingQueue, queueCapacity: 2000, scheduler: class org.apache.hadoop.ipc.DefaultRpcScheduler, ipcBackoff: false.
2019-08-03 03:30:34,586 INFO  ipc.Server (Server.java:run(1074)) - Starting Socket Reader #1 for port 40093
2019-08-03 03:30:34,608 INFO  ipc.CallQueueManager (CallQueueManager.java:<init>(84)) - Using callQueue: class java.util.concurrent.LinkedBlockingQueue, queueCapacity: 2000, scheduler: class org.apache.hadoop.ipc.DefaultRpcScheduler, ipcBackoff: false.
2019-08-03 03:30:34,609 INFO  ipc.Server (Server.java:run(1074)) - Starting Socket Reader #1 for port 46681
2019-08-03 03:30:34,615 INFO  ipc.CallQueueManager (CallQueueManager.java:<init>(84)) - Using callQueue: class java.util.concurrent.LinkedBlockingQueue, queueCapacity: 2000, scheduler: class org.apache.hadoop.ipc.DefaultRpcScheduler, ipcBackoff: false.
2019-08-03 03:30:34,617 INFO  ipc.Server (Server.java:run(1074)) - Starting Socket Reader #1 for port 34368
2019-08-03 03:30:34,750 INFO  hdfs.DFSUtil (DFSUtil.java:httpServerTemplateForNNAndJN(1641)) - Starting Web-server for scm at: http://0.0.0.0:0
2019-08-03 03:30:34,884 INFO  server.AuthenticationFilter (AuthenticationFilter.java:constructSecretProvider(240)) - Unable to initialize FileSignerSecretProvider, falling back to use random secrets.
2019-08-03 03:30:34,891 WARN  http.HttpRequestLog (HttpRequestLog.java:getRequestLog(97)) - Jetty request log can only be enabled using Log4j
2019-08-03 03:30:34,899 INFO  http.HttpServer2 (HttpServer2.java:addGlobalFilter(975)) - Added global filter 'safety' (class=org.apache.hadoop.http.HttpServer2$QuotingInputFilter)
2019-08-03 03:30:34,902 INFO  http.HttpServer2 (HttpServer2.java:addFilter(948)) - Added filter static_user_filter (class=org.apache.hadoop.http.lib.StaticUserWebFilter$StaticUserFilter) to context scm
2019-08-03 03:30:34,902 INFO  http.HttpServer2 (HttpServer2.java:addFilter(958)) - Added filter static_user_filter (class=org.apache.hadoop.http.lib.StaticUserWebFilter$StaticUserFilter) to context logs
2019-08-03 03:30:34,902 INFO  http.HttpServer2 (HttpServer2.java:addFilter(958)) - Added filter static_user_filter (class=org.apache.hadoop.http.lib.StaticUserWebFilter$StaticUserFilter) to context static
2019-08-03 03:30:34,930 INFO  server.StorageContainerManager (StorageContainerManager.java:start(758)) - StorageContainerLocationProtocol RPC server is listening at /0.0.0.0:34368
2019-08-03 03:30:34,987 WARN  impl.MetricsConfig (MetricsConfig.java:loadFirst(134)) - Cannot locate configuration: tried hadoop-metrics2-storagecontainermanager.properties,hadoop-metrics2.properties
2019-08-03 03:30:35,000 INFO  impl.MetricsSystemImpl (MetricsSystemImpl.java:startTimer(374)) - Scheduled Metric snapshot period at 10 second(s).
2019-08-03 03:30:35,000 INFO  impl.MetricsSystemImpl (MetricsSystemImpl.java:start(191)) - StorageContainerManager metrics system started
2019-08-03 03:30:35,211 INFO  server.SCMClientProtocolServer (SCMClientProtocolServer.java:start(151)) - RPC server for Client  is listening at /0.0.0.0:34368
2019-08-03 03:30:35,212 INFO  ipc.Server (Server.java:run(1314)) - IPC Server Responder: starting
2019-08-03 03:30:35,212 INFO  ipc.Server (Server.java:run(1153)) - IPC Server listener on 34368: starting
2019-08-03 03:30:35,217 INFO  server.StorageContainerManager (StorageContainerManager.java:start(768)) - ScmBlockLocationProtocol RPC server is listening at /0.0.0.0:46681
2019-08-03 03:30:35,217 INFO  server.SCMBlockProtocolServer (SCMBlockProtocolServer.java:start(140)) - RPC server for Block Protocol is listening at /0.0.0.0:46681
2019-08-03 03:30:35,217 INFO  ipc.Server (Server.java:run(1314)) - IPC Server Responder: starting
2019-08-03 03:30:35,218 INFO  ipc.Server (Server.java:run(1153)) - IPC Server listener on 46681: starting
2019-08-03 03:30:35,225 INFO  server.StorageContainerManager (StorageContainerManager.java:start(772)) - ScmDatanodeProtocl RPC server is listening at /0.0.0.0:40093
2019-08-03 03:30:35,225 INFO  server.SCMDatanodeProtocolServer (SCMDatanodeProtocolServer.java:start(191)) - RPC server for DataNodes is listening at /0.0.0.0:40093
2019-08-03 03:30:35,227 INFO  ipc.Server (Server.java:run(1314)) - IPC Server Responder: starting
2019-08-03 03:30:35,228 INFO  ipc.Server (Server.java:run(1153)) - IPC Server listener on 40093: starting
2019-08-03 03:30:35,237 INFO  http.HttpServer2 (HttpServer2.java:bindListener(1191)) - Jetty bound to port 38332
2019-08-03 03:30:35,240 INFO  server.Server (Server.java:doStart(351)) - jetty-9.3.24.v20180605, build timestamp: 2018-06-05T17:11:56Z, git hash: 84205aa28f11a4f31f2a3b86d1bba2cc8ab69827
2019-08-03 03:30:35,273 INFO  handler.ContextHandler (ContextHandler.java:doStart(781)) - Started o.e.j.s.ServletContextHandler@76012793{/logs,file:///workdir/hadoop-ozone/integration-test/target/log,AVAILABLE}
2019-08-03 03:30:35,273 INFO  handler.ContextHandler (ContextHandler.java:doStart(781)) - Started o.e.j.s.ServletContextHandler@79d94571{/static,file:///workdir/hadoop-ozone/integration-test/target/test-classes/webapps/static,AVAILABLE}
2019-08-03 03:30:35,302 INFO  handler.ContextHandler (ContextHandler.java:doStart(781)) - Started o.e.j.w.WebAppContext@15a902e7{/,file:///workdir/hadoop-ozone/integration-test/target/test-classes/webapps/scm/,AVAILABLE}{/scm}
2019-08-03 03:30:35,307 INFO  server.AbstractConnector (AbstractConnector.java:doStart(278)) - Started ServerConnector@2416a51{HTTP/1.1,[http/1.1]}{0.0.0.0:38332}
2019-08-03 03:30:35,307 INFO  server.Server (Server.java:doStart(419)) - Started @2437ms
2019-08-03 03:30:35,308 INFO  server.BaseHttpServer (BaseHttpServer.java:updateConnectorAddress(207)) - HTTP server of SCM is listening at http://0.0.0.0:38332
2019-08-03 03:30:35,313 INFO  util.JvmPauseMonitor (JvmPauseMonitor.java:run(188)) - Starting JVM pause monitor
2019-08-03 03:30:35,315 WARN  server.ServerUtils (ServerUtils.java:getDBPath(222)) - ozone.om.db.dirs is not configured. We recommend adding this setting. Falling back to ozone.metadata.dirs instead.
2019-08-03 03:30:35,392 WARN  server.ServerUtils (ServerUtils.java:getDBPath(222)) - ozone.om.db.dirs is not configured. We recommend adding this setting. Falling back to ozone.metadata.dirs instead.
2019-08-03 03:30:35,392 WARN  server.ServerUtils (ServerUtils.java:getDBPath(222)) - ozone.om.db.dirs is not configured. We recommend adding this setting. Falling back to ozone.metadata.dirs instead.
2019-08-03 03:30:35,393 INFO  om.OzoneManager (OzoneManager.java:setOMNodeDetails(644)) - OM Service ID is not set. Setting it to the default ID: omServiceIdDefault
2019-08-03 03:30:35,393 INFO  om.OzoneManager (OzoneManager.java:setOMNodeDetails(650)) - OM Node ID is not set. Setting it to the OmStorage's OmID: 2006c7ef-3b6a-40d7-af21-e69787ad2ef6
2019-08-03 03:30:35,394 INFO  om.OzoneManager (OzoneManager.java:loadOMHAConfigs(601)) - Found matching OM address with OMServiceId: null, OMNodeId: null, RPC Address: localhost:0 and Ratis port: 9872
2019-08-03 03:30:36,109 WARN  server.ServerUtils (ServerUtils.java:getDBPath(222)) - ozone.om.db.dirs is not configured. We recommend adding this setting. Falling back to ozone.metadata.dirs instead.
2019-08-03 03:30:36,117 INFO  db.DBStoreBuilder (DBStoreBuilder.java:addTable(110)) - using custom profile for table: userTable
2019-08-03 03:30:36,118 INFO  db.DBStoreBuilder (DBStoreBuilder.java:processTables(161)) - Using default column profile:DBProfile.DISK for Table:userTable
2019-08-03 03:30:36,118 INFO  db.DBStoreBuilder (DBStoreBuilder.java:addTable(110)) - using custom profile for table: volumeTable
2019-08-03 03:30:36,118 INFO  db.DBStoreBuilder (DBStoreBuilder.java:processTables(161)) - Using default column profile:DBProfile.DISK for Table:volumeTable
2019-08-03 03:30:36,118 INFO  db.DBStoreBuilder (DBStoreBuilder.java:addTable(110)) - using custom profile for table: bucketTable
2019-08-03 03:30:36,119 INFO  db.DBStoreBuilder (DBStoreBuilder.java:processTables(161)) - Using default column profile:DBProfile.DISK for Table:bucketTable
2019-08-03 03:30:36,119 INFO  db.DBStoreBuilder (DBStoreBuilder.java:addTable(110)) - using custom profile for table: keyTable
2019-08-03 03:30:36,119 INFO  db.DBStoreBuilder (DBStoreBuilder.java:processTables(161)) - Using default column profile:DBProfile.DISK for Table:keyTable
2019-08-03 03:30:36,119 INFO  db.DBStoreBuilder (DBStoreBuilder.java:addTable(110)) - using custom profile for table: deletedTable
2019-08-03 03:30:36,120 INFO  db.DBStoreBuilder (DBStoreBuilder.java:processTables(161)) - Using default column profile:DBProfile.DISK for Table:deletedTable
2019-08-03 03:30:36,120 INFO  db.DBStoreBuilder (DBStoreBuilder.java:addTable(110)) - using custom profile for table: openKeyTable
2019-08-03 03:30:36,120 INFO  db.DBStoreBuilder (DBStoreBuilder.java:processTables(161)) - Using default column profile:DBProfile.DISK for Table:openKeyTable
2019-08-03 03:30:36,120 INFO  db.DBStoreBuilder (DBStoreBuilder.java:addTable(110)) - using custom profile for table: s3Table
2019-08-03 03:30:36,121 INFO  db.DBStoreBuilder (DBStoreBuilder.java:processTables(161)) - Using default column profile:DBProfile.DISK for Table:s3Table
2019-08-03 03:30:36,121 INFO  db.DBStoreBuilder (DBStoreBuilder.java:addTable(110)) - using custom profile for table: multipartInfoTable
2019-08-03 03:30:36,121 INFO  db.DBStoreBuilder (DBStoreBuilder.java:processTables(161)) - Using default column profile:DBProfile.DISK for Table:multipartInfoTable
2019-08-03 03:30:36,122 INFO  db.DBStoreBuilder (DBStoreBuilder.java:addTable(110)) - using custom profile for table: dTokenTable
2019-08-03 03:30:36,122 INFO  db.DBStoreBuilder (DBStoreBuilder.java:processTables(161)) - Using default column profile:DBProfile.DISK for Table:dTokenTable
2019-08-03 03:30:36,122 INFO  db.DBStoreBuilder (DBStoreBuilder.java:addTable(110)) - using custom profile for table: s3SecretTable
2019-08-03 03:30:36,122 INFO  db.DBStoreBuilder (DBStoreBuilder.java:processTables(161)) - Using default column profile:DBProfile.DISK for Table:s3SecretTable
2019-08-03 03:30:36,123 INFO  db.DBStoreBuilder (DBStoreBuilder.java:addTable(110)) - using custom profile for table: prefixTable
2019-08-03 03:30:36,123 INFO  db.DBStoreBuilder (DBStoreBuilder.java:processTables(161)) - Using default column profile:DBProfile.DISK for Table:prefixTable
2019-08-03 03:30:36,123 INFO  db.DBStoreBuilder (DBStoreBuilder.java:addTable(110)) - using custom profile for table: default
2019-08-03 03:30:36,124 INFO  db.DBStoreBuilder (DBStoreBuilder.java:processTables(167)) - Using default column profile:DBProfile.DISK for Table:default
2019-08-03 03:30:36,124 INFO  db.DBStoreBuilder (DBStoreBuilder.java:getDbProfile(198)) - Using default options. DBProfile.DISK
2019-08-03 03:30:36,428 INFO  ipc.CallQueueManager (CallQueueManager.java:<init>(84)) - Using callQueue: class java.util.concurrent.LinkedBlockingQueue, queueCapacity: 2000, scheduler: class org.apache.hadoop.ipc.DefaultRpcScheduler, ipcBackoff: false.
2019-08-03 03:30:36,429 INFO  ipc.Server (Server.java:run(1074)) - Starting Socket Reader #1 for port 39255
2019-08-03 03:30:36,449 INFO  om.OzoneManager (OzoneManager.java:start(1255)) - OzoneManager RPC server is listening at localhost/127.0.0.1:39255
2019-08-03 03:30:36,449 INFO  impl.MetricsSystemImpl (MetricsSystemImpl.java:init(158)) - OzoneManager metrics system started (again)
2019-08-03 03:30:36,450 INFO  ipc.Server (Server.java:run(1314)) - IPC Server Responder: starting
2019-08-03 03:30:36,451 INFO  ipc.Server (Server.java:run(1153)) - IPC Server listener on 39255: starting
2019-08-03 03:30:36,461 INFO  hdfs.DFSUtil (DFSUtil.java:httpServerTemplateForNNAndJN(1641)) - Starting Web-server for ozoneManager at: http://0.0.0.0:0
2019-08-03 03:30:36,464 INFO  server.AuthenticationFilter (AuthenticationFilter.java:constructSecretProvider(240)) - Unable to initialize FileSignerSecretProvider, falling back to use random secrets.
2019-08-03 03:30:36,464 WARN  http.HttpRequestLog (HttpRequestLog.java:getRequestLog(97)) - Jetty request log can only be enabled using Log4j
2019-08-03 03:30:36,468 INFO  http.HttpServer2 (HttpServer2.java:addGlobalFilter(975)) - Added global filter 'safety' (class=org.apache.hadoop.http.HttpServer2$QuotingInputFilter)
2019-08-03 03:30:36,469 INFO  http.HttpServer2 (HttpServer2.java:addFilter(948)) - Added filter static_user_filter (class=org.apache.hadoop.http.lib.StaticUserWebFilter$StaticUserFilter) to context ozoneManager
2019-08-03 03:30:36,469 INFO  http.HttpServer2 (HttpServer2.java:addFilter(958)) - Added filter static_user_filter (class=org.apache.hadoop.http.lib.StaticUserWebFilter$StaticUserFilter) to context logs
2019-08-03 03:30:36,470 INFO  http.HttpServer2 (HttpServer2.java:addFilter(958)) - Added filter static_user_filter (class=org.apache.hadoop.http.lib.StaticUserWebFilter$StaticUserFilter) to context static
2019-08-03 03:30:36,473 INFO  http.HttpServer2 (HttpServer2.java:bindListener(1191)) - Jetty bound to port 35743
2019-08-03 03:30:36,473 INFO  server.Server (Server.java:doStart(351)) - jetty-9.3.24.v20180605, build timestamp: 2018-06-05T17:11:56Z, git hash: 84205aa28f11a4f31f2a3b86d1bba2cc8ab69827
2019-08-03 03:30:36,475 INFO  handler.ContextHandler (ContextHandler.java:doStart(781)) - Started o.e.j.s.ServletContextHandler@6e6fce47{/logs,file:///workdir/hadoop-ozone/integration-test/target/log,AVAILABLE}
2019-08-03 03:30:36,476 INFO  handler.ContextHandler (ContextHandler.java:doStart(781)) - Started o.e.j.s.ServletContextHandler@6ce90bc5{/static,file:///workdir/hadoop-ozone/integration-test/target/test-classes/webapps/static,AVAILABLE}
2019-08-03 03:30:36,483 INFO  handler.ContextHandler (ContextHandler.java:doStart(781)) - Started o.e.j.w.WebAppContext@61d01788{/,file:///workdir/hadoop-ozone/integration-test/target/test-classes/webapps/ozoneManager/,AVAILABLE}{/ozoneManager}
2019-08-03 03:30:36,484 INFO  server.AbstractConnector (AbstractConnector.java:doStart(278)) - Started ServerConnector@2b9b7f1f{HTTP/1.1,[http/1.1]}{0.0.0.0:35743}
2019-08-03 03:30:36,485 INFO  server.Server (Server.java:doStart(419)) - Started @3614ms
2019-08-03 03:30:36,485 INFO  server.BaseHttpServer (BaseHttpServer.java:updateConnectorAddress(207)) - HTTP server of OZONEMANAGER is listening at http://0.0.0.0:35743
2019-08-03 03:30:36,779 INFO  impl.MetricsSystemImpl (MetricsSystemImpl.java:init(158)) - HddsDatanode metrics system started (again)
2019-08-03 03:30:36,877 INFO  ozone.HddsDatanodeService (HddsDatanodeService.java:start(184)) - HddsDatanodeService host:byscane-nightly-b86qh-2100283676 ip:192.168.5.147
2019-08-03 03:30:36,918 INFO  volume.HddsVolume (HddsVolume.java:<init>(176)) - Creating Volume: /workdir/hadoop-ozone/integration-test/target/test-dir/MiniOzoneClusterImpl-6d9f27d0-f135-4509-a70e-1d3c49807de0/datanode-0/data/containers/hdds of  storage type : DISK and capacity : 52710309888
2019-08-03 03:30:36,920 INFO  volume.VolumeSet (VolumeSet.java:initializeVolumeSet(170)) - Added Volume : /workdir/hadoop-ozone/integration-test/target/test-dir/MiniOzoneClusterImpl-6d9f27d0-f135-4509-a70e-1d3c49807de0/datanode-0/data/containers/hdds to VolumeSet
2019-08-03 03:30:36,924 INFO  volume.ThrottledAsyncChecker (ThrottledAsyncChecker.java:schedule(140)) - Scheduling a check for org.apache.hadoop.ozone.container.common.volume.HddsVolume@6345e7b9
2019-08-03 03:30:36,945 INFO  volume.HddsVolumeChecker (HddsVolumeChecker.java:checkAllVolumes(203)) - Scheduled health check for volume org.apache.hadoop.ozone.container.common.volume.HddsVolume@6345e7b9
2019-08-03 03:30:37,056 INFO  impl.RaftServerProxy (ConfUtils.java:logGet(43)) - raft.rpc.type = GRPC (default)
2019-08-03 03:30:37,149 INFO  grpc.GrpcFactory (GrpcFactory.java:checkPooledByteBufAllocatorUseCacheForAllThreads(45)) - PERFORMANCE WARNING: useCacheForAllThreads is true that may cause Netty to create a lot garbage objects and, as a result, trigger GC.
	It is recommended to disable useCacheForAllThreads by setting -Dorg.apache.ratis.thirdparty.io.netty.allocator.useCacheForAllThreads=false in command line.
2019-08-03 03:30:37,155 INFO  grpc.GrpcConfigKeys$Server (ConfUtils.java:logGet(43)) - raft.grpc.server.port = 0 (default)
2019-08-03 03:30:37,156 INFO  server.GrpcService (ConfUtils.java:logGet(43)) - raft.grpc.message.size.max = 33570816 (custom)
2019-08-03 03:30:37,158 INFO  server.RaftServerConfigKeys (ConfUtils.java:logGet(43)) - raft.server.log.appender.buffer.byte-limit = 33554432 (custom)
2019-08-03 03:30:37,159 INFO  server.GrpcService (ConfUtils.java:logGet(43)) - raft.grpc.flow.control.window = 1MB (=1048576) (default)
2019-08-03 03:30:37,159 INFO  server.RaftServerConfigKeys (ConfUtils.java:logGet(43)) - raft.server.rpc.request.timeout = 3000ms (default)
2019-08-03 03:30:37,321 INFO  server.RaftServerConfigKeys (ConfUtils.java:logGet(43)) - raft.server.storage.dir = [/workdir/hadoop-ozone/integration-test/target/test-dir/MiniOzoneClusterImpl-6d9f27d0-f135-4509-a70e-1d3c49807de0/datanode-0/data/ratis] (custom)
2019-08-03 03:30:37,357 INFO  replication.SimpleContainerDownloader (SimpleContainerDownloader.java:<init>(72)) - Starting container downloader service to copy containers to replicate.
2019-08-03 03:30:37,370 INFO  hdfs.DFSUtil (DFSUtil.java:httpServerTemplateForNNAndJN(1641)) - Starting Web-server for hddsDatanode at: http://0.0.0.0:0
2019-08-03 03:30:37,372 INFO  server.AuthenticationFilter (AuthenticationFilter.java:constructSecretProvider(240)) - Unable to initialize FileSignerSecretProvider, falling back to use random secrets.
2019-08-03 03:30:37,373 WARN  http.HttpRequestLog (HttpRequestLog.java:getRequestLog(97)) - Jetty request log can only be enabled using Log4j
2019-08-03 03:30:37,377 INFO  http.HttpServer2 (HttpServer2.java:addGlobalFilter(975)) - Added global filter 'safety' (class=org.apache.hadoop.http.HttpServer2$QuotingInputFilter)
2019-08-03 03:30:37,378 INFO  http.HttpServer2 (HttpServer2.java:addFilter(948)) - Added filter static_user_filter (class=org.apache.hadoop.http.lib.StaticUserWebFilter$StaticUserFilter) to context hddsDatanode
2019-08-03 03:30:37,378 INFO  http.HttpServer2 (HttpServer2.java:addFilter(958)) - Added filter static_user_filter (class=org.apache.hadoop.http.lib.StaticUserWebFilter$StaticUserFilter) to context static
2019-08-03 03:30:37,379 INFO  http.HttpServer2 (HttpServer2.java:addFilter(958)) - Added filter static_user_filter (class=org.apache.hadoop.http.lib.StaticUserWebFilter$StaticUserFilter) to context logs
2019-08-03 03:30:37,380 INFO  http.HttpServer2 (HttpServer2.java:bindListener(1191)) - Jetty bound to port 40942
2019-08-03 03:30:37,380 INFO  server.Server (Server.java:doStart(351)) - jetty-9.3.24.v20180605, build timestamp: 2018-06-05T17:11:56Z, git hash: 84205aa28f11a4f31f2a3b86d1bba2cc8ab69827
2019-08-03 03:30:37,383 INFO  handler.ContextHandler (ContextHandler.java:doStart(781)) - Started o.e.j.s.ServletContextHandler@42ea287{/logs,file:///workdir/hadoop-ozone/integration-test/target/log,AVAILABLE}
2019-08-03 03:30:37,384 INFO  handler.ContextHandler (ContextHandler.java:doStart(781)) - Started o.e.j.s.ServletContextHandler@1f0b3cfe{/static,jar:file:/home/user/.m2/repository/org/apache/hadoop/hadoop-hdds-container-service/0.4.1-SNAPSHOT/hadoop-hdds-container-service-0.4.1-SNAPSHOT.jar!/webapps/static,AVAILABLE}
2019-08-03 03:30:37,430 INFO  handler.ContextHandler (ContextHandler.java:doStart(781)) - Started o.e.j.w.WebAppContext@dc79225{/,file:///tmp/jetty-0.0.0.0-40942-hddsDatanode-_-any-6128902455186755222.dir/webapp/,AVAILABLE}{/hddsDatanode}
2019-08-03 03:30:37,432 INFO  server.AbstractConnector (AbstractConnector.java:doStart(278)) - Started ServerConnector@30e9ca13{HTTP/1.1,[http/1.1]}{0.0.0.0:40942}
2019-08-03 03:30:37,433 INFO  server.Server (Server.java:doStart(419)) - Started @4562ms
2019-08-03 03:30:37,434 INFO  server.BaseHttpServer (BaseHttpServer.java:updateConnectorAddress(207)) - HTTP server of HDDSDATANODE is listening at http://0.0.0.0:40942
2019-08-03 03:30:38,555 INFO  ozone.HddsDatanodeService (HddsDatanodeService.java:startPlugins(395)) - Started plug-in org.apache.hadoop.ozone.web.OzoneHddsDatanodeService@364fd4ae
2019-08-03 03:30:38,561 INFO  impl.MetricsSystemImpl (MetricsSystemImpl.java:init(158)) - HddsDatanode metrics system started (again)
2019-08-03 03:30:38,569 INFO  ozone.HddsDatanodeService (HddsDatanodeService.java:start(184)) - HddsDatanodeService host:byscane-nightly-b86qh-2100283676 ip:192.168.5.147
2019-08-03 03:30:38,571 INFO  util.JvmPauseMonitor (JvmPauseMonitor.java:run(188)) - Starting JVM pause monitor
2019-08-03 03:30:38,583 INFO  volume.HddsVolume (HddsVolume.java:<init>(176)) - Creating Volume: /workdir/hadoop-ozone/integration-test/target/test-dir/MiniOzoneClusterImpl-6d9f27d0-f135-4509-a70e-1d3c49807de0/datanode-1/data/containers/hdds of  storage type : DISK and capacity : 52710309888
2019-08-03 03:30:38,584 INFO  volume.VolumeSet (VolumeSet.java:initializeVolumeSet(170)) - Added Volume : /workdir/hadoop-ozone/integration-test/target/test-dir/MiniOzoneClusterImpl-6d9f27d0-f135-4509-a70e-1d3c49807de0/datanode-1/data/containers/hdds to VolumeSet
2019-08-03 03:30:38,585 INFO  volume.ThrottledAsyncChecker (ThrottledAsyncChecker.java:schedule(140)) - Scheduling a check for org.apache.hadoop.ozone.container.common.volume.HddsVolume@5c059a68
2019-08-03 03:30:38,585 INFO  volume.HddsVolumeChecker (HddsVolumeChecker.java:checkAllVolumes(203)) - Scheduled health check for volume org.apache.hadoop.ozone.container.common.volume.HddsVolume@5c059a68
2019-08-03 03:30:38,609 INFO  impl.RaftServerProxy (ConfUtils.java:logGet(43)) - raft.rpc.type = GRPC (default)
2019-08-03 03:30:38,609 INFO  grpc.GrpcFactory (GrpcFactory.java:checkPooledByteBufAllocatorUseCacheForAllThreads(45)) - PERFORMANCE WARNING: useCacheForAllThreads is true that may cause Netty to create a lot garbage objects and, as a result, trigger GC.
	It is recommended to disable useCacheForAllThreads by setting -Dorg.apache.ratis.thirdparty.io.netty.allocator.useCacheForAllThreads=false in command line.
2019-08-03 03:30:38,609 INFO  grpc.GrpcConfigKeys$Server (ConfUtils.java:logGet(43)) - raft.grpc.server.port = 0 (default)
2019-08-03 03:30:38,610 INFO  server.GrpcService (ConfUtils.java:logGet(43)) - raft.grpc.message.size.max = 33570816 (custom)
2019-08-03 03:30:38,610 INFO  server.RaftServerConfigKeys (ConfUtils.java:logGet(43)) - raft.server.log.appender.buffer.byte-limit = 33554432 (custom)
2019-08-03 03:30:38,610 INFO  server.GrpcService (ConfUtils.java:logGet(43)) - raft.grpc.flow.control.window = 1MB (=1048576) (default)
2019-08-03 03:30:38,611 INFO  server.RaftServerConfigKeys (ConfUtils.java:logGet(43)) - raft.server.rpc.request.timeout = 3000ms (default)
2019-08-03 03:30:38,612 INFO  server.RaftServerConfigKeys (ConfUtils.java:logGet(43)) - raft.server.storage.dir = [/workdir/hadoop-ozone/integration-test/target/test-dir/MiniOzoneClusterImpl-6d9f27d0-f135-4509-a70e-1d3c49807de0/datanode-1/data/ratis] (custom)
2019-08-03 03:30:38,613 INFO  replication.SimpleContainerDownloader (SimpleContainerDownloader.java:<init>(72)) - Starting container downloader service to copy containers to replicate.
2019-08-03 03:30:38,615 INFO  hdfs.DFSUtil (DFSUtil.java:httpServerTemplateForNNAndJN(1641)) - Starting Web-server for hddsDatanode at: http://0.0.0.0:0
2019-08-03 03:30:38,618 INFO  server.AuthenticationFilter (AuthenticationFilter.java:constructSecretProvider(240)) - Unable to initialize FileSignerSecretProvider, falling back to use random secrets.
2019-08-03 03:30:38,620 WARN  http.HttpRequestLog (HttpRequestLog.java:getRequestLog(97)) - Jetty request log can only be enabled using Log4j
2019-08-03 03:30:38,623 INFO  http.HttpServer2 (HttpServer2.java:addGlobalFilter(975)) - Added global filter 'safety' (class=org.apache.hadoop.http.HttpServer2$QuotingInputFilter)
2019-08-03 03:30:38,624 INFO  http.HttpServer2 (HttpServer2.java:addFilter(948)) - Added filter static_user_filter (class=org.apache.hadoop.http.lib.StaticUserWebFilter$StaticUserFilter) to context hddsDatanode
2019-08-03 03:30:38,625 INFO  http.HttpServer2 (HttpServer2.java:addFilter(958)) - Added filter static_user_filter (class=org.apache.hadoop.http.lib.StaticUserWebFilter$StaticUserFilter) to context logs
2019-08-03 03:30:38,625 INFO  http.HttpServer2 (HttpServer2.java:addFilter(958)) - Added filter static_user_filter (class=org.apache.hadoop.http.lib.StaticUserWebFilter$StaticUserFilter) to context static
2019-08-03 03:30:38,626 INFO  http.HttpServer2 (HttpServer2.java:bindListener(1191)) - Jetty bound to port 38536
2019-08-03 03:30:38,627 INFO  server.Server (Server.java:doStart(351)) - jetty-9.3.24.v20180605, build timestamp: 2018-06-05T17:11:56Z, git hash: 84205aa28f11a4f31f2a3b86d1bba2cc8ab69827
2019-08-03 03:30:38,631 INFO  handler.ContextHandler (ContextHandler.java:doStart(781)) - Started o.e.j.s.ServletContextHandler@515b9d4a{/logs,file:///workdir/hadoop-ozone/integration-test/target/log,AVAILABLE}
2019-08-03 03:30:38,632 INFO  handler.ContextHandler (ContextHandler.java:doStart(781)) - Started o.e.j.s.ServletContextHandler@32a4ecbe{/static,jar:file:/home/user/.m2/repository/org/apache/hadoop/hadoop-hdds-container-service/0.4.1-SNAPSHOT/hadoop-hdds-container-service-0.4.1-SNAPSHOT.jar!/webapps/static,AVAILABLE}
2019-08-03 03:30:38,679 INFO  handler.ContextHandler (ContextHandler.java:doStart(781)) - Started o.e.j.w.WebAppContext@747835f5{/,file:///tmp/jetty-0.0.0.0-38536-hddsDatanode-_-any-6769464319165987416.dir/webapp/,AVAILABLE}{/hddsDatanode}
2019-08-03 03:30:38,680 INFO  server.AbstractConnector (AbstractConnector.java:doStart(278)) - Started ServerConnector@594131f2{HTTP/1.1,[http/1.1]}{0.0.0.0:38536}
2019-08-03 03:30:38,682 INFO  server.Server (Server.java:doStart(419)) - Started @5811ms
2019-08-03 03:30:38,683 INFO  server.BaseHttpServer (BaseHttpServer.java:updateConnectorAddress(207)) - HTTP server of HDDSDATANODE is listening at http://0.0.0.0:38536
2019-08-03 03:30:38,686 INFO  datanode.InitDatanodeState (InitDatanodeState.java:persistContainerDatanodeDetails(140)) - DatanodeDetails is persisted to /workdir/hadoop-ozone/integration-test/target/test-dir/MiniOzoneClusterImpl-6d9f27d0-f135-4509-a70e-1d3c49807de0/datanode-0/meta/datanode.id
2019-08-03 03:30:38,841 INFO  ozone.HddsDatanodeService (HddsDatanodeService.java:startPlugins(395)) - Started plug-in org.apache.hadoop.ozone.web.OzoneHddsDatanodeService@20d19f2c
2019-08-03 03:30:38,842 INFO  impl.MetricsSystemImpl (MetricsSystemImpl.java:init(158)) - HddsDatanode metrics system started (again)
2019-08-03 03:30:38,844 INFO  util.JvmPauseMonitor (JvmPauseMonitor.java:run(188)) - Starting JVM pause monitor
2019-08-03 03:30:38,844 INFO  ozone.HddsDatanodeService (HddsDatanodeService.java:start(184)) - HddsDatanodeService host:byscane-nightly-b86qh-2100283676 ip:192.168.5.147
2019-08-03 03:30:38,850 INFO  datanode.InitDatanodeState (InitDatanodeState.java:persistContainerDatanodeDetails(140)) - DatanodeDetails is persisted to /workdir/hadoop-ozone/integration-test/target/test-dir/MiniOzoneClusterImpl-6d9f27d0-f135-4509-a70e-1d3c49807de0/datanode-1/meta/datanode.id
2019-08-03 03:30:38,855 INFO  volume.HddsVolume (HddsVolume.java:<init>(176)) - Creating Volume: /workdir/hadoop-ozone/integration-test/target/test-dir/MiniOzoneClusterImpl-6d9f27d0-f135-4509-a70e-1d3c49807de0/datanode-2/data/containers/hdds of  storage type : DISK and capacity : 52710309888
2019-08-03 03:30:38,856 INFO  volume.VolumeSet (VolumeSet.java:initializeVolumeSet(170)) - Added Volume : /workdir/hadoop-ozone/integration-test/target/test-dir/MiniOzoneClusterImpl-6d9f27d0-f135-4509-a70e-1d3c49807de0/datanode-2/data/containers/hdds to VolumeSet
2019-08-03 03:30:38,856 INFO  volume.ThrottledAsyncChecker (ThrottledAsyncChecker.java:schedule(140)) - Scheduling a check for org.apache.hadoop.ozone.container.common.volume.HddsVolume@7cff3f1d
2019-08-03 03:30:38,857 INFO  volume.HddsVolumeChecker (HddsVolumeChecker.java:checkAllVolumes(203)) - Scheduled health check for volume org.apache.hadoop.ozone.container.common.volume.HddsVolume@7cff3f1d
2019-08-03 03:30:38,872 INFO  impl.RaftServerProxy (ConfUtils.java:logGet(43)) - raft.rpc.type = GRPC (default)
2019-08-03 03:30:38,872 INFO  grpc.GrpcFactory (GrpcFactory.java:checkPooledByteBufAllocatorUseCacheForAllThreads(45)) - PERFORMANCE WARNING: useCacheForAllThreads is true that may cause Netty to create a lot garbage objects and, as a result, trigger GC.
	It is recommended to disable useCacheForAllThreads by setting -Dorg.apache.ratis.thirdparty.io.netty.allocator.useCacheForAllThreads=false in command line.
2019-08-03 03:30:38,872 INFO  grpc.GrpcConfigKeys$Server (ConfUtils.java:logGet(43)) - raft.grpc.server.port = 0 (default)
2019-08-03 03:30:38,872 INFO  server.GrpcService (ConfUtils.java:logGet(43)) - raft.grpc.message.size.max = 33570816 (custom)
2019-08-03 03:30:38,873 INFO  server.RaftServerConfigKeys (ConfUtils.java:logGet(43)) - raft.server.log.appender.buffer.byte-limit = 33554432 (custom)
2019-08-03 03:30:38,873 INFO  server.GrpcService (ConfUtils.java:logGet(43)) - raft.grpc.flow.control.window = 1MB (=1048576) (default)
2019-08-03 03:30:38,873 INFO  server.RaftServerConfigKeys (ConfUtils.java:logGet(43)) - raft.server.rpc.request.timeout = 3000ms (default)
2019-08-03 03:30:38,874 INFO  server.RaftServerConfigKeys (ConfUtils.java:logGet(43)) - raft.server.storage.dir = [/workdir/hadoop-ozone/integration-test/target/test-dir/MiniOzoneClusterImpl-6d9f27d0-f135-4509-a70e-1d3c49807de0/datanode-2/data/ratis] (custom)
2019-08-03 03:30:38,875 INFO  replication.SimpleContainerDownloader (SimpleContainerDownloader.java:<init>(72)) - Starting container downloader service to copy containers to replicate.
2019-08-03 03:30:38,876 INFO  hdfs.DFSUtil (DFSUtil.java:httpServerTemplateForNNAndJN(1641)) - Starting Web-server for hddsDatanode at: http://0.0.0.0:0
2019-08-03 03:30:38,877 INFO  server.AuthenticationFilter (AuthenticationFilter.java:constructSecretProvider(240)) - Unable to initialize FileSignerSecretProvider, falling back to use random secrets.
2019-08-03 03:30:38,877 WARN  http.HttpRequestLog (HttpRequestLog.java:getRequestLog(97)) - Jetty request log can only be enabled using Log4j
2019-08-03 03:30:38,879 INFO  http.HttpServer2 (HttpServer2.java:addGlobalFilter(975)) - Added global filter 'safety' (class=org.apache.hadoop.http.HttpServer2$QuotingInputFilter)
2019-08-03 03:30:38,879 INFO  http.HttpServer2 (HttpServer2.java:addFilter(948)) - Added filter static_user_filter (class=org.apache.hadoop.http.lib.StaticUserWebFilter$StaticUserFilter) to context hddsDatanode
2019-08-03 03:30:38,879 INFO  http.HttpServer2 (HttpServer2.java:addFilter(958)) - Added filter static_user_filter (class=org.apache.hadoop.http.lib.StaticUserWebFilter$StaticUserFilter) to context logs
2019-08-03 03:30:38,880 INFO  http.HttpServer2 (HttpServer2.java:addFilter(958)) - Added filter static_user_filter (class=org.apache.hadoop.http.lib.StaticUserWebFilter$StaticUserFilter) to context static
2019-08-03 03:30:38,880 INFO  http.HttpServer2 (HttpServer2.java:bindListener(1191)) - Jetty bound to port 40585
2019-08-03 03:30:38,881 INFO  server.Server (Server.java:doStart(351)) - jetty-9.3.24.v20180605, build timestamp: 2018-06-05T17:11:56Z, git hash: 84205aa28f11a4f31f2a3b86d1bba2cc8ab69827
2019-08-03 03:30:38,884 INFO  handler.ContextHandler (ContextHandler.java:doStart(781)) - Started o.e.j.s.ServletContextHandler@7b351446{/logs,file:///workdir/hadoop-ozone/integration-test/target/log,AVAILABLE}
2019-08-03 03:30:38,884 INFO  handler.ContextHandler (ContextHandler.java:doStart(781)) - Started o.e.j.s.ServletContextHandler@a1691c0{/static,jar:file:/home/user/.m2/repository/org/apache/hadoop/hadoop-hdds-container-service/0.4.1-SNAPSHOT/hadoop-hdds-container-service-0.4.1-SNAPSHOT.jar!/webapps/static,AVAILABLE}
2019-08-03 03:30:38,912 INFO  handler.ContextHandler (ContextHandler.java:doStart(781)) - Started o.e.j.w.WebAppContext@37e0056e{/,file:///tmp/jetty-0.0.0.0-40585-hddsDatanode-_-any-652279723829102307.dir/webapp/,AVAILABLE}{/hddsDatanode}
2019-08-03 03:30:38,912 INFO  server.AbstractConnector (AbstractConnector.java:doStart(278)) - Started ServerConnector@415795f3{HTTP/1.1,[http/1.1]}{0.0.0.0:40585}
2019-08-03 03:30:38,913 INFO  server.Server (Server.java:doStart(419)) - Started @6043ms
2019-08-03 03:30:38,915 INFO  server.BaseHttpServer (BaseHttpServer.java:updateConnectorAddress(207)) - HTTP server of HDDSDATANODE is listening at http://0.0.0.0:40585
2019-08-03 03:30:39,056 INFO  ozone.HddsDatanodeService (HddsDatanodeService.java:startPlugins(395)) - Started plug-in org.apache.hadoop.ozone.web.OzoneHddsDatanodeService@4702e7a5
2019-08-03 03:30:39,057 INFO  impl.MetricsSystemImpl (MetricsSystemImpl.java:init(158)) - HddsDatanode metrics system started (again)
2019-08-03 03:30:39,059 INFO  ozone.HddsDatanodeService (HddsDatanodeService.java:start(184)) - HddsDatanodeService host:byscane-nightly-b86qh-2100283676 ip:192.168.5.147
2019-08-03 03:30:39,060 INFO  util.JvmPauseMonitor (JvmPauseMonitor.java:run(188)) - Starting JVM pause monitor
2019-08-03 03:30:39,063 INFO  datanode.InitDatanodeState (InitDatanodeState.java:persistContainerDatanodeDetails(140)) - DatanodeDetails is persisted to /workdir/hadoop-ozone/integration-test/target/test-dir/MiniOzoneClusterImpl-6d9f27d0-f135-4509-a70e-1d3c49807de0/datanode-2/meta/datanode.id
2019-08-03 03:30:39,068 INFO  volume.HddsVolume (HddsVolume.java:<init>(176)) - Creating Volume: /workdir/hadoop-ozone/integration-test/target/test-dir/MiniOzoneClusterImpl-6d9f27d0-f135-4509-a70e-1d3c49807de0/datanode-3/data/containers/hdds of  storage type : DISK and capacity : 52710309888
2019-08-03 03:30:39,069 INFO  volume.VolumeSet (VolumeSet.java:initializeVolumeSet(170)) - Added Volume : /workdir/hadoop-ozone/integration-test/target/test-dir/MiniOzoneClusterImpl-6d9f27d0-f135-4509-a70e-1d3c49807de0/datanode-3/data/containers/hdds to VolumeSet
2019-08-03 03:30:39,069 INFO  volume.ThrottledAsyncChecker (ThrottledAsyncChecker.java:schedule(140)) - Scheduling a check for org.apache.hadoop.ozone.container.common.volume.HddsVolume@49580ca8
2019-08-03 03:30:39,069 INFO  volume.HddsVolumeChecker (HddsVolumeChecker.java:checkAllVolumes(203)) - Scheduled health check for volume org.apache.hadoop.ozone.container.common.volume.HddsVolume@49580ca8
2019-08-03 03:30:39,084 INFO  impl.RaftServerProxy (ConfUtils.java:logGet(43)) - raft.rpc.type = GRPC (default)
2019-08-03 03:30:39,084 INFO  grpc.GrpcFactory (GrpcFactory.java:checkPooledByteBufAllocatorUseCacheForAllThreads(45)) - PERFORMANCE WARNING: useCacheForAllThreads is true that may cause Netty to create a lot garbage objects and, as a result, trigger GC.
	It is recommended to disable useCacheForAllThreads by setting -Dorg.apache.ratis.thirdparty.io.netty.allocator.useCacheForAllThreads=false in command line.
2019-08-03 03:30:39,085 INFO  grpc.GrpcConfigKeys$Server (ConfUtils.java:logGet(43)) - raft.grpc.server.port = 0 (default)
2019-08-03 03:30:39,085 INFO  server.GrpcService (ConfUtils.java:logGet(43)) - raft.grpc.message.size.max = 33570816 (custom)
2019-08-03 03:30:39,085 INFO  server.RaftServerConfigKeys (ConfUtils.java:logGet(43)) - raft.server.log.appender.buffer.byte-limit = 33554432 (custom)
2019-08-03 03:30:39,085 INFO  server.GrpcService (ConfUtils.java:logGet(43)) - raft.grpc.flow.control.window = 1MB (=1048576) (default)
2019-08-03 03:30:39,086 INFO  server.RaftServerConfigKeys (ConfUtils.java:logGet(43)) - raft.server.rpc.request.timeout = 3000ms (default)
2019-08-03 03:30:39,086 INFO  server.RaftServerConfigKeys (ConfUtils.java:logGet(43)) - raft.server.storage.dir = [/workdir/hadoop-ozone/integration-test/target/test-dir/MiniOzoneClusterImpl-6d9f27d0-f135-4509-a70e-1d3c49807de0/datanode-3/data/ratis] (custom)
2019-08-03 03:30:39,087 INFO  replication.SimpleContainerDownloader (SimpleContainerDownloader.java:<init>(72)) - Starting container downloader service to copy containers to replicate.
2019-08-03 03:30:39,088 INFO  hdfs.DFSUtil (DFSUtil.java:httpServerTemplateForNNAndJN(1641)) - Starting Web-server for hddsDatanode at: http://0.0.0.0:0
2019-08-03 03:30:39,089 INFO  server.AuthenticationFilter (AuthenticationFilter.java:constructSecretProvider(240)) - Unable to initialize FileSignerSecretProvider, falling back to use random secrets.
2019-08-03 03:30:39,089 WARN  http.HttpRequestLog (HttpRequestLog.java:getRequestLog(97)) - Jetty request log can only be enabled using Log4j
2019-08-03 03:30:39,091 INFO  http.HttpServer2 (HttpServer2.java:addGlobalFilter(975)) - Added global filter 'safety' (class=org.apache.hadoop.http.HttpServer2$QuotingInputFilter)
2019-08-03 03:30:39,091 INFO  http.HttpServer2 (HttpServer2.java:addFilter(948)) - Added filter static_user_filter (class=org.apache.hadoop.http.lib.StaticUserWebFilter$StaticUserFilter) to context hddsDatanode
2019-08-03 03:30:39,092 INFO  http.HttpServer2 (HttpServer2.java:addFilter(958)) - Added filter static_user_filter (class=org.apache.hadoop.http.lib.StaticUserWebFilter$StaticUserFilter) to context static
2019-08-03 03:30:39,092 INFO  http.HttpServer2 (HttpServer2.java:addFilter(958)) - Added filter static_user_filter (class=org.apache.hadoop.http.lib.StaticUserWebFilter$StaticUserFilter) to context logs
2019-08-03 03:30:39,092 INFO  http.HttpServer2 (HttpServer2.java:bindListener(1191)) - Jetty bound to port 41833
2019-08-03 03:30:39,093 INFO  server.Server (Server.java:doStart(351)) - jetty-9.3.24.v20180605, build timestamp: 2018-06-05T17:11:56Z, git hash: 84205aa28f11a4f31f2a3b86d1bba2cc8ab69827
2019-08-03 03:30:39,095 INFO  handler.ContextHandler (ContextHandler.java:doStart(781)) - Started o.e.j.s.ServletContextHandler@5b29ab61{/logs,file:///workdir/hadoop-ozone/integration-test/target/log,AVAILABLE}
2019-08-03 03:30:39,095 INFO  handler.ContextHandler (ContextHandler.java:doStart(781)) - Started o.e.j.s.ServletContextHandler@1e1e837d{/static,jar:file:/home/user/.m2/repository/org/apache/hadoop/hadoop-hdds-container-service/0.4.1-SNAPSHOT/hadoop-hdds-container-service-0.4.1-SNAPSHOT.jar!/webapps/static,AVAILABLE}
2019-08-03 03:30:39,123 INFO  handler.ContextHandler (ContextHandler.java:doStart(781)) - Started o.e.j.w.WebAppContext@33d7765a{/,file:///tmp/jetty-0.0.0.0-41833-hddsDatanode-_-any-3994577093065827737.dir/webapp/,AVAILABLE}{/hddsDatanode}
2019-08-03 03:30:39,123 INFO  server.AbstractConnector (AbstractConnector.java:doStart(278)) - Started ServerConnector@69ed5ea2{HTTP/1.1,[http/1.1]}{0.0.0.0:41833}
2019-08-03 03:30:39,124 INFO  server.Server (Server.java:doStart(419)) - Started @6254ms
2019-08-03 03:30:39,126 INFO  server.BaseHttpServer (BaseHttpServer.java:updateConnectorAddress(207)) - HTTP server of HDDSDATANODE is listening at http://0.0.0.0:41833
2019-08-03 03:30:39,293 INFO  ozone.HddsDatanodeService (HddsDatanodeService.java:startPlugins(395)) - Started plug-in org.apache.hadoop.ozone.web.OzoneHddsDatanodeService@285a4fe3
2019-08-03 03:30:39,293 INFO  impl.MetricsSystemImpl (MetricsSystemImpl.java:init(158)) - HddsDatanode metrics system started (again)
2019-08-03 03:30:39,296 INFO  ozone.HddsDatanodeService (HddsDatanodeService.java:start(184)) - HddsDatanodeService host:byscane-nightly-b86qh-2100283676 ip:192.168.5.147
2019-08-03 03:30:39,296 INFO  util.JvmPauseMonitor (JvmPauseMonitor.java:run(188)) - Starting JVM pause monitor
2019-08-03 03:30:39,299 INFO  datanode.InitDatanodeState (InitDatanodeState.java:persistContainerDatanodeDetails(140)) - DatanodeDetails is persisted to /workdir/hadoop-ozone/integration-test/target/test-dir/MiniOzoneClusterImpl-6d9f27d0-f135-4509-a70e-1d3c49807de0/datanode-3/meta/datanode.id
2019-08-03 03:30:39,307 INFO  volume.HddsVolume (HddsVolume.java:<init>(176)) - Creating Volume: /workdir/hadoop-ozone/integration-test/target/test-dir/MiniOzoneClusterImpl-6d9f27d0-f135-4509-a70e-1d3c49807de0/datanode-4/data/containers/hdds of  storage type : DISK and capacity : 52710309888
2019-08-03 03:30:39,308 INFO  volume.VolumeSet (VolumeSet.java:initializeVolumeSet(170)) - Added Volume : /workdir/hadoop-ozone/integration-test/target/test-dir/MiniOzoneClusterImpl-6d9f27d0-f135-4509-a70e-1d3c49807de0/datanode-4/data/containers/hdds to VolumeSet
2019-08-03 03:30:39,308 INFO  volume.ThrottledAsyncChecker (ThrottledAsyncChecker.java:schedule(140)) - Scheduling a check for org.apache.hadoop.ozone.container.common.volume.HddsVolume@45037e16
2019-08-03 03:30:39,309 INFO  volume.HddsVolumeChecker (HddsVolumeChecker.java:checkAllVolumes(203)) - Scheduled health check for volume org.apache.hadoop.ozone.container.common.volume.HddsVolume@45037e16
2019-08-03 03:30:39,335 INFO  impl.RaftServerProxy (ConfUtils.java:logGet(43)) - raft.rpc.type = GRPC (default)
2019-08-03 03:30:39,335 INFO  grpc.GrpcFactory (GrpcFactory.java:checkPooledByteBufAllocatorUseCacheForAllThreads(45)) - PERFORMANCE WARNING: useCacheForAllThreads is true that may cause Netty to create a lot garbage objects and, as a result, trigger GC.
	It is recommended to disable useCacheForAllThreads by setting -Dorg.apache.ratis.thirdparty.io.netty.allocator.useCacheForAllThreads=false in command line.
2019-08-03 03:30:39,336 INFO  grpc.GrpcConfigKeys$Server (ConfUtils.java:logGet(43)) - raft.grpc.server.port = 0 (default)
2019-08-03 03:30:39,336 INFO  server.GrpcService (ConfUtils.java:logGet(43)) - raft.grpc.message.size.max = 33570816 (custom)
2019-08-03 03:30:39,336 INFO  server.RaftServerConfigKeys (ConfUtils.java:logGet(43)) - raft.server.log.appender.buffer.byte-limit = 33554432 (custom)
2019-08-03 03:30:39,337 INFO  server.GrpcService (ConfUtils.java:logGet(43)) - raft.grpc.flow.control.window = 1MB (=1048576) (default)
2019-08-03 03:30:39,337 INFO  server.RaftServerConfigKeys (ConfUtils.java:logGet(43)) - raft.server.rpc.request.timeout = 3000ms (default)
2019-08-03 03:30:39,338 INFO  server.RaftServerConfigKeys (ConfUtils.java:logGet(43)) - raft.server.storage.dir = [/workdir/hadoop-ozone/integration-test/target/test-dir/MiniOzoneClusterImpl-6d9f27d0-f135-4509-a70e-1d3c49807de0/datanode-4/data/ratis] (custom)
2019-08-03 03:30:39,339 INFO  replication.SimpleContainerDownloader (SimpleContainerDownloader.java:<init>(72)) - Starting container downloader service to copy containers to replicate.
2019-08-03 03:30:39,340 INFO  hdfs.DFSUtil (DFSUtil.java:httpServerTemplateForNNAndJN(1641)) - Starting Web-server for hddsDatanode at: http://0.0.0.0:0
2019-08-03 03:30:39,342 INFO  server.AuthenticationFilter (AuthenticationFilter.java:constructSecretProvider(240)) - Unable to initialize FileSignerSecretProvider, falling back to use random secrets.
2019-08-03 03:30:39,343 WARN  http.HttpRequestLog (HttpRequestLog.java:getRequestLog(97)) - Jetty request log can only be enabled using Log4j
2019-08-03 03:30:39,345 INFO  http.HttpServer2 (HttpServer2.java:addGlobalFilter(975)) - Added global filter 'safety' (class=org.apache.hadoop.http.HttpServer2$QuotingInputFilter)
2019-08-03 03:30:39,346 INFO  http.HttpServer2 (HttpServer2.java:addFilter(948)) - Added filter static_user_filter (class=org.apache.hadoop.http.lib.StaticUserWebFilter$StaticUserFilter) to context hddsDatanode
2019-08-03 03:30:39,346 INFO  http.HttpServer2 (HttpServer2.java:addFilter(958)) - Added filter static_user_filter (class=org.apache.hadoop.http.lib.StaticUserWebFilter$StaticUserFilter) to context static
2019-08-03 03:30:39,346 INFO  http.HttpServer2 (HttpServer2.java:addFilter(958)) - Added filter static_user_filter (class=org.apache.hadoop.http.lib.StaticUserWebFilter$StaticUserFilter) to context logs
2019-08-03 03:30:39,347 INFO  http.HttpServer2 (HttpServer2.java:bindListener(1191)) - Jetty bound to port 46642
2019-08-03 03:30:39,348 INFO  server.Server (Server.java:doStart(351)) - jetty-9.3.24.v20180605, build timestamp: 2018-06-05T17:11:56Z, git hash: 84205aa28f11a4f31f2a3b86d1bba2cc8ab69827
2019-08-03 03:30:39,353 INFO  handler.ContextHandler (ContextHandler.java:doStart(781)) - Started o.e.j.s.ServletContextHandler@2dbfa972{/logs,file:///workdir/hadoop-ozone/integration-test/target/log,AVAILABLE}
2019-08-03 03:30:39,353 INFO  handler.ContextHandler (ContextHandler.java:doStart(781)) - Started o.e.j.s.ServletContextHandler@41aebbb4{/static,jar:file:/home/user/.m2/repository/org/apache/hadoop/hadoop-hdds-container-service/0.4.1-SNAPSHOT/hadoop-hdds-container-service-0.4.1-SNAPSHOT.jar!/webapps/static,AVAILABLE}
2019-08-03 03:30:39,393 INFO  handler.ContextHandler (ContextHandler.java:doStart(781)) - Started o.e.j.w.WebAppContext@6629643d{/,file:///tmp/jetty-0.0.0.0-46642-hddsDatanode-_-any-6514979659715448014.dir/webapp/,AVAILABLE}{/hddsDatanode}
2019-08-03 03:30:39,394 INFO  server.AbstractConnector (AbstractConnector.java:doStart(278)) - Started ServerConnector@2dd178f3{HTTP/1.1,[http/1.1]}{0.0.0.0:46642}
2019-08-03 03:30:39,395 INFO  server.Server (Server.java:doStart(419)) - Started @6524ms
2019-08-03 03:30:39,395 INFO  server.BaseHttpServer (BaseHttpServer.java:updateConnectorAddress(207)) - HTTP server of HDDSDATANODE is listening at http://0.0.0.0:46642
2019-08-03 03:30:39,536 INFO  ozone.HddsDatanodeService (HddsDatanodeService.java:startPlugins(395)) - Started plug-in org.apache.hadoop.ozone.web.OzoneHddsDatanodeService@7364f68
2019-08-03 03:30:39,536 INFO  impl.MetricsSystemImpl (MetricsSystemImpl.java:init(158)) - HddsDatanode metrics system started (again)
2019-08-03 03:30:39,539 INFO  util.JvmPauseMonitor (JvmPauseMonitor.java:run(188)) - Starting JVM pause monitor
2019-08-03 03:30:39,539 INFO  ozone.HddsDatanodeService (HddsDatanodeService.java:start(184)) - HddsDatanodeService host:byscane-nightly-b86qh-2100283676 ip:192.168.5.147
2019-08-03 03:30:39,542 INFO  datanode.InitDatanodeState (InitDatanodeState.java:persistContainerDatanodeDetails(140)) - DatanodeDetails is persisted to /workdir/hadoop-ozone/integration-test/target/test-dir/MiniOzoneClusterImpl-6d9f27d0-f135-4509-a70e-1d3c49807de0/datanode-4/meta/datanode.id
2019-08-03 03:30:39,547 INFO  volume.HddsVolume (HddsVolume.java:<init>(176)) - Creating Volume: /workdir/hadoop-ozone/integration-test/target/test-dir/MiniOzoneClusterImpl-6d9f27d0-f135-4509-a70e-1d3c49807de0/datanode-5/data/containers/hdds of  storage type : DISK and capacity : 52710309888
2019-08-03 03:30:39,548 INFO  volume.VolumeSet (VolumeSet.java:initializeVolumeSet(170)) - Added Volume : /workdir/hadoop-ozone/integration-test/target/test-dir/MiniOzoneClusterImpl-6d9f27d0-f135-4509-a70e-1d3c49807de0/datanode-5/data/containers/hdds to VolumeSet
2019-08-03 03:30:39,548 INFO  volume.ThrottledAsyncChecker (ThrottledAsyncChecker.java:schedule(140)) - Scheduling a check for org.apache.hadoop.ozone.container.common.volume.HddsVolume@3e43f049
2019-08-03 03:30:39,548 INFO  volume.HddsVolumeChecker (HddsVolumeChecker.java:checkAllVolumes(203)) - Scheduled health check for volume org.apache.hadoop.ozone.container.common.volume.HddsVolume@3e43f049
2019-08-03 03:30:39,564 INFO  impl.RaftServerProxy (ConfUtils.java:logGet(43)) - raft.rpc.type = GRPC (default)
2019-08-03 03:30:39,564 INFO  grpc.GrpcFactory (GrpcFactory.java:checkPooledByteBufAllocatorUseCacheForAllThreads(45)) - PERFORMANCE WARNING: useCacheForAllThreads is true that may cause Netty to create a lot garbage objects and, as a result, trigger GC.
	It is recommended to disable useCacheForAllThreads by setting -Dorg.apache.ratis.thirdparty.io.netty.allocator.useCacheForAllThreads=false in command line.
2019-08-03 03:30:39,564 INFO  grpc.GrpcConfigKeys$Server (ConfUtils.java:logGet(43)) - raft.grpc.server.port = 0 (default)
2019-08-03 03:30:39,565 INFO  server.GrpcService (ConfUtils.java:logGet(43)) - raft.grpc.message.size.max = 33570816 (custom)
2019-08-03 03:30:39,565 INFO  server.RaftServerConfigKeys (ConfUtils.java:logGet(43)) - raft.server.log.appender.buffer.byte-limit = 33554432 (custom)
2019-08-03 03:30:39,565 INFO  server.GrpcService (ConfUtils.java:logGet(43)) - raft.grpc.flow.control.window = 1MB (=1048576) (default)
2019-08-03 03:30:39,565 INFO  server.RaftServerConfigKeys (ConfUtils.java:logGet(43)) - raft.server.rpc.request.timeout = 3000ms (default)
2019-08-03 03:30:39,566 INFO  server.RaftServerConfigKeys (ConfUtils.java:logGet(43)) - raft.server.storage.dir = [/workdir/hadoop-ozone/integration-test/target/test-dir/MiniOzoneClusterImpl-6d9f27d0-f135-4509-a70e-1d3c49807de0/datanode-5/data/ratis] (custom)
2019-08-03 03:30:39,566 INFO  replication.SimpleContainerDownloader (SimpleContainerDownloader.java:<init>(72)) - Starting container downloader service to copy containers to replicate.
2019-08-03 03:30:39,567 INFO  hdfs.DFSUtil (DFSUtil.java:httpServerTemplateForNNAndJN(1641)) - Starting Web-server for hddsDatanode at: http://0.0.0.0:0
2019-08-03 03:30:39,569 INFO  server.AuthenticationFilter (AuthenticationFilter.java:constructSecretProvider(240)) - Unable to initialize FileSignerSecretProvider, falling back to use random secrets.
2019-08-03 03:30:39,569 WARN  http.HttpRequestLog (HttpRequestLog.java:getRequestLog(97)) - Jetty request log can only be enabled using Log4j
2019-08-03 03:30:39,571 INFO  http.HttpServer2 (HttpServer2.java:addGlobalFilter(975)) - Added global filter 'safety' (class=org.apache.hadoop.http.HttpServer2$QuotingInputFilter)
2019-08-03 03:30:39,572 INFO  http.HttpServer2 (HttpServer2.java:addFilter(948)) - Added filter static_user_filter (class=org.apache.hadoop.http.lib.StaticUserWebFilter$StaticUserFilter) to context hddsDatanode
2019-08-03 03:30:39,572 INFO  http.HttpServer2 (HttpServer2.java:addFilter(958)) - Added filter static_user_filter (class=org.apache.hadoop.http.lib.StaticUserWebFilter$StaticUserFilter) to context static
2019-08-03 03:30:39,572 INFO  http.HttpServer2 (HttpServer2.java:addFilter(958)) - Added filter static_user_filter (class=org.apache.hadoop.http.lib.StaticUserWebFilter$StaticUserFilter) to context logs
2019-08-03 03:30:39,573 INFO  http.HttpServer2 (HttpServer2.java:bindListener(1191)) - Jetty bound to port 33590
2019-08-03 03:30:39,573 INFO  server.Server (Server.java:doStart(351)) - jetty-9.3.24.v20180605, build timestamp: 2018-06-05T17:11:56Z, git hash: 84205aa28f11a4f31f2a3b86d1bba2cc8ab69827
2019-08-03 03:30:39,575 INFO  handler.ContextHandler (ContextHandler.java:doStart(781)) - Started o.e.j.s.ServletContextHandler@255d9277{/logs,file:///workdir/hadoop-ozone/integration-test/target/log,AVAILABLE}
2019-08-03 03:30:39,575 INFO  handler.ContextHandler (ContextHandler.java:doStart(781)) - Started o.e.j.s.ServletContextHandler@7e191fda{/static,jar:file:/home/user/.m2/repository/org/apache/hadoop/hadoop-hdds-container-service/0.4.1-SNAPSHOT/hadoop-hdds-container-service-0.4.1-SNAPSHOT.jar!/webapps/static,AVAILABLE}
2019-08-03 03:30:39,600 INFO  handler.ContextHandler (ContextHandler.java:doStart(781)) - Started o.e.j.w.WebAppContext@935493d{/,file:///tmp/jetty-0.0.0.0-33590-hddsDatanode-_-any-2508987669584851845.dir/webapp/,AVAILABLE}{/hddsDatanode}
2019-08-03 03:30:39,601 INFO  server.AbstractConnector (AbstractConnector.java:doStart(278)) - Started ServerConnector@9b367c8{HTTP/1.1,[http/1.1]}{0.0.0.0:33590}
2019-08-03 03:30:39,602 INFO  server.Server (Server.java:doStart(419)) - Started @6732ms
2019-08-03 03:30:39,603 INFO  server.BaseHttpServer (BaseHttpServer.java:updateConnectorAddress(207)) - HTTP server of HDDSDATANODE is listening at http://0.0.0.0:33590
2019-08-03 03:30:39,724 INFO  ozone.HddsDatanodeService (HddsDatanodeService.java:startPlugins(395)) - Started plug-in org.apache.hadoop.ozone.web.OzoneHddsDatanodeService@5b742bc8
2019-08-03 03:30:39,725 INFO  impl.MetricsSystemImpl (MetricsSystemImpl.java:init(158)) - HddsDatanode metrics system started (again)
2019-08-03 03:30:39,727 INFO  ozone.HddsDatanodeService (HddsDatanodeService.java:start(184)) - HddsDatanodeService host:byscane-nightly-b86qh-2100283676 ip:192.168.5.147
2019-08-03 03:30:39,728 INFO  util.JvmPauseMonitor (JvmPauseMonitor.java:run(188)) - Starting JVM pause monitor
2019-08-03 03:30:39,731 INFO  datanode.InitDatanodeState (InitDatanodeState.java:persistContainerDatanodeDetails(140)) - DatanodeDetails is persisted to /workdir/hadoop-ozone/integration-test/target/test-dir/MiniOzoneClusterImpl-6d9f27d0-f135-4509-a70e-1d3c49807de0/datanode-5/meta/datanode.id
2019-08-03 03:30:39,736 INFO  volume.HddsVolume (HddsVolume.java:<init>(176)) - Creating Volume: /workdir/hadoop-ozone/integration-test/target/test-dir/MiniOzoneClusterImpl-6d9f27d0-f135-4509-a70e-1d3c49807de0/datanode-6/data/containers/hdds of  storage type : DISK and capacity : 52710309888
2019-08-03 03:30:39,736 INFO  volume.VolumeSet (VolumeSet.java:initializeVolumeSet(170)) - Added Volume : /workdir/hadoop-ozone/integration-test/target/test-dir/MiniOzoneClusterImpl-6d9f27d0-f135-4509-a70e-1d3c49807de0/datanode-6/data/containers/hdds to VolumeSet
2019-08-03 03:30:39,737 INFO  volume.ThrottledAsyncChecker (ThrottledAsyncChecker.java:schedule(140)) - Scheduling a check for org.apache.hadoop.ozone.container.common.volume.HddsVolume@120df990
2019-08-03 03:30:39,737 INFO  volume.HddsVolumeChecker (HddsVolumeChecker.java:checkAllVolumes(203)) - Scheduled health check for volume org.apache.hadoop.ozone.container.common.volume.HddsVolume@120df990
2019-08-03 03:30:39,750 INFO  impl.RaftServerProxy (ConfUtils.java:logGet(43)) - raft.rpc.type = GRPC (default)
2019-08-03 03:30:39,751 INFO  grpc.GrpcFactory (GrpcFactory.java:checkPooledByteBufAllocatorUseCacheForAllThreads(45)) - PERFORMANCE WARNING: useCacheForAllThreads is true that may cause Netty to create a lot garbage objects and, as a result, trigger GC.
	It is recommended to disable useCacheForAllThreads by setting -Dorg.apache.ratis.thirdparty.io.netty.allocator.useCacheForAllThreads=false in command line.
2019-08-03 03:30:39,751 INFO  grpc.GrpcConfigKeys$Server (ConfUtils.java:logGet(43)) - raft.grpc.server.port = 0 (default)
2019-08-03 03:30:39,751 INFO  server.GrpcService (ConfUtils.java:logGet(43)) - raft.grpc.message.size.max = 33570816 (custom)
2019-08-03 03:30:39,751 INFO  server.RaftServerConfigKeys (ConfUtils.java:logGet(43)) - raft.server.log.appender.buffer.byte-limit = 33554432 (custom)
2019-08-03 03:30:39,751 INFO  server.GrpcService (ConfUtils.java:logGet(43)) - raft.grpc.flow.control.window = 1MB (=1048576) (default)
2019-08-03 03:30:39,752 INFO  server.RaftServerConfigKeys (ConfUtils.java:logGet(43)) - raft.server.rpc.request.timeout = 3000ms (default)
2019-08-03 03:30:39,752 INFO  server.RaftServerConfigKeys (ConfUtils.java:logGet(43)) - raft.server.storage.dir = [/workdir/hadoop-ozone/integration-test/target/test-dir/MiniOzoneClusterImpl-6d9f27d0-f135-4509-a70e-1d3c49807de0/datanode-6/data/ratis] (custom)
2019-08-03 03:30:39,753 INFO  replication.SimpleContainerDownloader (SimpleContainerDownloader.java:<init>(72)) - Starting container downloader service to copy containers to replicate.
2019-08-03 03:30:39,754 INFO  hdfs.DFSUtil (DFSUtil.java:httpServerTemplateForNNAndJN(1641)) - Starting Web-server for hddsDatanode at: http://0.0.0.0:0
2019-08-03 03:30:39,755 INFO  server.AuthenticationFilter (AuthenticationFilter.java:constructSecretProvider(240)) - Unable to initialize FileSignerSecretProvider, falling back to use random secrets.
2019-08-03 03:30:39,755 WARN  http.HttpRequestLog (HttpRequestLog.java:getRequestLog(97)) - Jetty request log can only be enabled using Log4j
2019-08-03 03:30:39,756 INFO  http.HttpServer2 (HttpServer2.java:addGlobalFilter(975)) - Added global filter 'safety' (class=org.apache.hadoop.http.HttpServer2$QuotingInputFilter)
2019-08-03 03:30:39,757 INFO  http.HttpServer2 (HttpServer2.java:addFilter(948)) - Added filter static_user_filter (class=org.apache.hadoop.http.lib.StaticUserWebFilter$StaticUserFilter) to context hddsDatanode
2019-08-03 03:30:39,757 INFO  http.HttpServer2 (HttpServer2.java:addFilter(958)) - Added filter static_user_filter (class=org.apache.hadoop.http.lib.StaticUserWebFilter$StaticUserFilter) to context logs
2019-08-03 03:30:39,757 INFO  http.HttpServer2 (HttpServer2.java:addFilter(958)) - Added filter static_user_filter (class=org.apache.hadoop.http.lib.StaticUserWebFilter$StaticUserFilter) to context static
2019-08-03 03:30:39,757 INFO  http.HttpServer2 (HttpServer2.java:bindListener(1191)) - Jetty bound to port 36160
2019-08-03 03:30:39,758 INFO  server.Server (Server.java:doStart(351)) - jetty-9.3.24.v20180605, build timestamp: 2018-06-05T17:11:56Z, git hash: 84205aa28f11a4f31f2a3b86d1bba2cc8ab69827
2019-08-03 03:30:39,760 INFO  handler.ContextHandler (ContextHandler.java:doStart(781)) - Started o.e.j.s.ServletContextHandler@4466cf5d{/logs,file:///workdir/hadoop-ozone/integration-test/target/log,AVAILABLE}
2019-08-03 03:30:39,760 INFO  handler.ContextHandler (ContextHandler.java:doStart(781)) - Started o.e.j.s.ServletContextHandler@2450256f{/static,jar:file:/home/user/.m2/repository/org/apache/hadoop/hadoop-hdds-container-service/0.4.1-SNAPSHOT/hadoop-hdds-container-service-0.4.1-SNAPSHOT.jar!/webapps/static,AVAILABLE}
2019-08-03 03:30:39,783 INFO  handler.ContextHandler (ContextHandler.java:doStart(781)) - Started o.e.j.w.WebAppContext@61a87366{/,file:///tmp/jetty-0.0.0.0-36160-hddsDatanode-_-any-8571922009118250705.dir/webapp/,AVAILABLE}{/hddsDatanode}
2019-08-03 03:30:39,783 INFO  server.AbstractConnector (AbstractConnector.java:doStart(278)) - Started ServerConnector@3c33fcf8{HTTP/1.1,[http/1.1]}{0.0.0.0:36160}
2019-08-03 03:30:39,785 INFO  server.Server (Server.java:doStart(419)) - Started @6914ms
2019-08-03 03:30:39,785 INFO  server.BaseHttpServer (BaseHttpServer.java:updateConnectorAddress(207)) - HTTP server of HDDSDATANODE is listening at http://0.0.0.0:36160
2019-08-03 03:30:40,020 INFO  ozone.HddsDatanodeService (HddsDatanodeService.java:startPlugins(395)) - Started plug-in org.apache.hadoop.ozone.web.OzoneHddsDatanodeService@33627576
2019-08-03 03:30:40,021 INFO  ozone.MiniOzoneClusterImpl (MiniOzoneClusterImpl.java:lambda$waitForClusterToBeReady$0(142)) - Waiting for cluster to be ready. Got 0 of 7 DN Heartbeats.
2019-08-03 03:30:40,022 INFO  util.JvmPauseMonitor (JvmPauseMonitor.java:run(188)) - Starting JVM pause monitor
2019-08-03 03:30:40,025 INFO  datanode.InitDatanodeState (InitDatanodeState.java:persistContainerDatanodeDetails(140)) - DatanodeDetails is persisted to /workdir/hadoop-ozone/integration-test/target/test-dir/MiniOzoneClusterImpl-6d9f27d0-f135-4509-a70e-1d3c49807de0/datanode-6/meta/datanode.id
2019-08-03 03:30:40,628 INFO  ozoneimpl.OzoneContainer (OzoneContainer.java:start(186)) - Attempting to start container services.
2019-08-03 03:30:40,628 INFO  ozoneimpl.OzoneContainer (OzoneContainer.java:startContainerScrub(160)) - Background container scrubber has been disabled by hdds.containerscrub.enabled
2019-08-03 03:30:40,628 INFO  ratis.XceiverServerRatis (XceiverServerRatis.java:start(404)) - Starting XceiverServerRatis 67342acf-f115-46bf-aa80-d319ab45a04b at port 0
2019-08-03 03:30:40,651 INFO  impl.RaftServerProxy (RaftServerProxy.java:lambda$start$3(299)) - 67342acf-f115-46bf-aa80-d319ab45a04b: start RPC server
2019-08-03 03:30:40,778 INFO  server.GrpcService (GrpcService.java:startImpl(149)) - 67342acf-f115-46bf-aa80-d319ab45a04b: GrpcService started, listening on 0.0.0.0/0.0.0.0:46407
2019-08-03 03:30:40,779 INFO  ratis.XceiverServerRatis (XceiverServerRatis.java:start(414)) - XceiverServerRatis 67342acf-f115-46bf-aa80-d319ab45a04b is started using port 46407
2019-08-03 03:30:40,782 INFO  server.XceiverServerGrpc (XceiverServerGrpc.java:start(161)) - XceiverServerGrpc 67342acf-f115-46bf-aa80-d319ab45a04b is started using port 34494
2019-08-03 03:30:40,861 INFO  ozoneimpl.OzoneContainer (OzoneContainer.java:start(186)) - Attempting to start container services.
2019-08-03 03:30:40,863 INFO  ozoneimpl.OzoneContainer (OzoneContainer.java:startContainerScrub(160)) - Background container scrubber has been disabled by hdds.containerscrub.enabled
2019-08-03 03:30:40,863 INFO  ratis.XceiverServerRatis (XceiverServerRatis.java:start(404)) - Starting XceiverServerRatis 0f377a22-0386-49aa-97e9-1a7f611d7a2e at port 0
2019-08-03 03:30:40,871 INFO  impl.RaftServerProxy (RaftServerProxy.java:lambda$start$3(299)) - 0f377a22-0386-49aa-97e9-1a7f611d7a2e: start RPC server
2019-08-03 03:30:40,875 INFO  server.GrpcService (GrpcService.java:startImpl(149)) - 0f377a22-0386-49aa-97e9-1a7f611d7a2e: GrpcService started, listening on 0.0.0.0/0.0.0.0:35733
2019-08-03 03:30:40,875 INFO  ratis.XceiverServerRatis (XceiverServerRatis.java:start(414)) - XceiverServerRatis 0f377a22-0386-49aa-97e9-1a7f611d7a2e is started using port 35733
2019-08-03 03:30:40,878 INFO  server.XceiverServerGrpc (XceiverServerGrpc.java:start(161)) - XceiverServerGrpc 0f377a22-0386-49aa-97e9-1a7f611d7a2e is started using port 38943
2019-08-03 03:30:41,021 INFO  ozone.MiniOzoneClusterImpl (MiniOzoneClusterImpl.java:lambda$waitForClusterToBeReady$0(142)) - Waiting for cluster to be ready. Got 0 of 7 DN Heartbeats.
2019-08-03 03:30:41,068 INFO  ozoneimpl.OzoneContainer (OzoneContainer.java:start(186)) - Attempting to start container services.
2019-08-03 03:30:41,071 INFO  ozoneimpl.OzoneContainer (OzoneContainer.java:startContainerScrub(160)) - Background container scrubber has been disabled by hdds.containerscrub.enabled
2019-08-03 03:30:41,071 INFO  ratis.XceiverServerRatis (XceiverServerRatis.java:start(404)) - Starting XceiverServerRatis 67d27a43-c8c9-4c8d-bb1c-6998b10edf76 at port 0
2019-08-03 03:30:41,080 INFO  impl.RaftServerProxy (RaftServerProxy.java:lambda$start$3(299)) - 67d27a43-c8c9-4c8d-bb1c-6998b10edf76: start RPC server
2019-08-03 03:30:41,083 INFO  server.GrpcService (GrpcService.java:startImpl(149)) - 67d27a43-c8c9-4c8d-bb1c-6998b10edf76: GrpcService started, listening on 0.0.0.0/0.0.0.0:41713
2019-08-03 03:30:41,083 INFO  ratis.XceiverServerRatis (XceiverServerRatis.java:start(414)) - XceiverServerRatis 67d27a43-c8c9-4c8d-bb1c-6998b10edf76 is started using port 41713
2019-08-03 03:30:41,087 INFO  server.XceiverServerGrpc (XceiverServerGrpc.java:start(161)) - XceiverServerGrpc 67d27a43-c8c9-4c8d-bb1c-6998b10edf76 is started using port 38730
2019-08-03 03:30:41,305 INFO  ozoneimpl.OzoneContainer (OzoneContainer.java:start(186)) - Attempting to start container services.
2019-08-03 03:30:41,307 INFO  ozoneimpl.OzoneContainer (OzoneContainer.java:startContainerScrub(160)) - Background container scrubber has been disabled by hdds.containerscrub.enabled
2019-08-03 03:30:41,307 INFO  ratis.XceiverServerRatis (XceiverServerRatis.java:start(404)) - Starting XceiverServerRatis ba84adb8-7d6b-4055-b653-0ef7bf04c5a7 at port 0
2019-08-03 03:30:41,315 INFO  impl.RaftServerProxy (RaftServerProxy.java:lambda$start$3(299)) - ba84adb8-7d6b-4055-b653-0ef7bf04c5a7: start RPC server
2019-08-03 03:30:41,318 INFO  server.GrpcService (GrpcService.java:startImpl(149)) - ba84adb8-7d6b-4055-b653-0ef7bf04c5a7: GrpcService started, listening on 0.0.0.0/0.0.0.0:43806
2019-08-03 03:30:41,318 INFO  ratis.XceiverServerRatis (XceiverServerRatis.java:start(414)) - XceiverServerRatis ba84adb8-7d6b-4055-b653-0ef7bf04c5a7 is started using port 43806
2019-08-03 03:30:41,322 INFO  server.XceiverServerGrpc (XceiverServerGrpc.java:start(161)) - XceiverServerGrpc ba84adb8-7d6b-4055-b653-0ef7bf04c5a7 is started using port 40096
2019-08-03 03:30:41,550 INFO  ozoneimpl.OzoneContainer (OzoneContainer.java:start(186)) - Attempting to start container services.
2019-08-03 03:30:41,553 INFO  ozoneimpl.OzoneContainer (OzoneContainer.java:startContainerScrub(160)) - Background container scrubber has been disabled by hdds.containerscrub.enabled
2019-08-03 03:30:41,553 INFO  ratis.XceiverServerRatis (XceiverServerRatis.java:start(404)) - Starting XceiverServerRatis 7e9f1cf6-23aa-4900-8565-d24fa19e1aec at port 0
2019-08-03 03:30:41,560 INFO  impl.RaftServerProxy (RaftServerProxy.java:lambda$start$3(299)) - 7e9f1cf6-23aa-4900-8565-d24fa19e1aec: start RPC server
2019-08-03 03:30:41,564 INFO  server.GrpcService (GrpcService.java:startImpl(149)) - 7e9f1cf6-23aa-4900-8565-d24fa19e1aec: GrpcService started, listening on 0.0.0.0/0.0.0.0:32864
2019-08-03 03:30:41,564 INFO  ratis.XceiverServerRatis (XceiverServerRatis.java:start(414)) - XceiverServerRatis 7e9f1cf6-23aa-4900-8565-d24fa19e1aec is started using port 32864
2019-08-03 03:30:41,568 INFO  server.XceiverServerGrpc (XceiverServerGrpc.java:start(161)) - XceiverServerGrpc 7e9f1cf6-23aa-4900-8565-d24fa19e1aec is started using port 39000
2019-08-03 03:30:41,744 INFO  ozoneimpl.OzoneContainer (OzoneContainer.java:start(186)) - Attempting to start container services.
2019-08-03 03:30:41,747 INFO  ozoneimpl.OzoneContainer (OzoneContainer.java:startContainerScrub(160)) - Background container scrubber has been disabled by hdds.containerscrub.enabled
2019-08-03 03:30:41,747 INFO  ratis.XceiverServerRatis (XceiverServerRatis.java:start(404)) - Starting XceiverServerRatis 9483abcf-c321-45c0-86fb-cf11d9df63f2 at port 0
2019-08-03 03:30:41,754 INFO  impl.RaftServerProxy (RaftServerProxy.java:lambda$start$3(299)) - 9483abcf-c321-45c0-86fb-cf11d9df63f2: start RPC server
2019-08-03 03:30:41,759 INFO  server.GrpcService (GrpcService.java:startImpl(149)) - 9483abcf-c321-45c0-86fb-cf11d9df63f2: GrpcService started, listening on 0.0.0.0/0.0.0.0:44404
2019-08-03 03:30:41,759 INFO  ratis.XceiverServerRatis (XceiverServerRatis.java:start(414)) - XceiverServerRatis 9483abcf-c321-45c0-86fb-cf11d9df63f2 is started using port 44404
2019-08-03 03:30:41,763 INFO  server.XceiverServerGrpc (XceiverServerGrpc.java:start(161)) - XceiverServerGrpc 9483abcf-c321-45c0-86fb-cf11d9df63f2 is started using port 40501
2019-08-03 03:30:42,022 INFO  ozone.MiniOzoneClusterImpl (MiniOzoneClusterImpl.java:lambda$waitForClusterToBeReady$0(142)) - Waiting for cluster to be ready. Got 0 of 7 DN Heartbeats.
2019-08-03 03:30:42,038 INFO  ozoneimpl.OzoneContainer (OzoneContainer.java:start(186)) - Attempting to start container services.
2019-08-03 03:30:42,042 INFO  ozoneimpl.OzoneContainer (OzoneContainer.java:startContainerScrub(160)) - Background container scrubber has been disabled by hdds.containerscrub.enabled
2019-08-03 03:30:42,042 INFO  ratis.XceiverServerRatis (XceiverServerRatis.java:start(404)) - Starting XceiverServerRatis 9537186b-bb40-4e32-a8f5-11d9eb4290f9 at port 0
2019-08-03 03:30:42,052 INFO  impl.RaftServerProxy (RaftServerProxy.java:lambda$start$3(299)) - 9537186b-bb40-4e32-a8f5-11d9eb4290f9: start RPC server
2019-08-03 03:30:42,058 INFO  server.GrpcService (GrpcService.java:startImpl(149)) - 9537186b-bb40-4e32-a8f5-11d9eb4290f9: GrpcService started, listening on 0.0.0.0/0.0.0.0:41774
2019-08-03 03:30:42,058 INFO  ratis.XceiverServerRatis (XceiverServerRatis.java:start(414)) - XceiverServerRatis 9537186b-bb40-4e32-a8f5-11d9eb4290f9 is started using port 41774
2019-08-03 03:30:42,063 INFO  server.XceiverServerGrpc (XceiverServerGrpc.java:start(161)) - XceiverServerGrpc 9537186b-bb40-4e32-a8f5-11d9eb4290f9 is started using port 38273
2019-08-03 03:30:42,619 INFO  net.NetworkTopology (NetworkTopologyImpl.java:add(110)) - Added a new node: /default-rack/67342acf-f115-46bf-aa80-d319ab45a04b
2019-08-03 03:30:42,619 INFO  node.SCMNodeManager (SCMNodeManager.java:register(273)) - Registered Data node : 67342acf-f115-46bf-aa80-d319ab45a04b{ip: 192.168.5.147, host: byscane-nightly-b86qh-2100283676, networkLocation: /default-rack, certSerialId: null}
2019-08-03 03:30:42,626 INFO  safemode.SCMSafeModeManager (DataNodeSafeModeRule.java:process(71)) - SCM in safe mode. 1 DataNodes registered, 1 required.
2019-08-03 03:30:42,626 INFO  safemode.SCMSafeModeManager (SCMSafeModeManager.java:validateSafeModeExitRules(177)) - ScmSafeModeManager, all rules are successfully validated
2019-08-03 03:30:42,626 INFO  safemode.SCMSafeModeManager (SCMSafeModeManager.java:exitSafeMode(193)) - SCM exiting safe mode.
2019-08-03 03:30:42,848 INFO  net.NetworkTopology (NetworkTopologyImpl.java:add(110)) - Added a new node: /default-rack/0f377a22-0386-49aa-97e9-1a7f611d7a2e
2019-08-03 03:30:42,848 INFO  node.SCMNodeManager (SCMNodeManager.java:register(273)) - Registered Data node : 0f377a22-0386-49aa-97e9-1a7f611d7a2e{ip: 192.168.5.147, host: byscane-nightly-b86qh-2100283676, networkLocation: /default-rack, certSerialId: null}
2019-08-03 03:30:43,036 INFO  ozone.MiniOzoneClusterImpl (MiniOzoneClusterImpl.java:lambda$waitForClusterToBeReady$0(142)) - Waiting for cluster to be ready. Got 2 of 7 DN Heartbeats.
2019-08-03 03:30:43,063 INFO  net.NetworkTopology (NetworkTopologyImpl.java:add(110)) - Added a new node: /default-rack/67d27a43-c8c9-4c8d-bb1c-6998b10edf76
2019-08-03 03:30:43,064 INFO  node.SCMNodeManager (SCMNodeManager.java:register(273)) - Registered Data node : 67d27a43-c8c9-4c8d-bb1c-6998b10edf76{ip: 192.168.5.147, host: byscane-nightly-b86qh-2100283676, networkLocation: /default-rack, certSerialId: null}
2019-08-03 03:30:43,562 INFO  net.NetworkTopology (NetworkTopologyImpl.java:add(110)) - Added a new node: /default-rack/ba84adb8-7d6b-4055-b653-0ef7bf04c5a7
2019-08-03 03:30:43,580 INFO  node.SCMNodeManager (SCMNodeManager.java:register(273)) - Registered Data node : ba84adb8-7d6b-4055-b653-0ef7bf04c5a7{ip: 192.168.5.147, host: byscane-nightly-b86qh-2100283676, networkLocation: /default-rack, certSerialId: null}
2019-08-03 03:30:43,580 INFO  net.NetworkTopology (NetworkTopologyImpl.java:add(110)) - Added a new node: /default-rack/7e9f1cf6-23aa-4900-8565-d24fa19e1aec
2019-08-03 03:30:43,580 INFO  node.SCMNodeManager (SCMNodeManager.java:register(273)) - Registered Data node : 7e9f1cf6-23aa-4900-8565-d24fa19e1aec{ip: 192.168.5.147, host: byscane-nightly-b86qh-2100283676, networkLocation: /default-rack, certSerialId: null}
2019-08-03 03:30:43,595 INFO  impl.RaftServerProxy (RaftServerProxy.java:addNew(89)) - 67342acf-f115-46bf-aa80-d319ab45a04b: addNew group-720ED9FDA47F:[67342acf-f115-46bf-aa80-d319ab45a04b:192.168.5.147:46407] returns group-720ED9FDA47F:java.util.concurrent.CompletableFuture@b3988df[Not completed]
2019-08-03 03:30:43,614 INFO  impl.RaftServerImpl (RaftServerImpl.java:<init>(93)) - 67342acf-f115-46bf-aa80-d319ab45a04b: new RaftServerImpl for group-720ED9FDA47F:[67342acf-f115-46bf-aa80-d319ab45a04b:192.168.5.147:46407] with ContainerStateMachine:uninitialized
2019-08-03 03:30:43,617 INFO  server.RaftServerConfigKeys (ConfUtils.java:logGet(43)) - raft.server.rpc.timeout.min = 5s (custom)
2019-08-03 03:30:43,619 INFO  server.RaftServerConfigKeys (ConfUtils.java:logGet(43)) - raft.server.rpc.timeout.max = 5200ms (custom)
2019-08-03 03:30:43,619 INFO  server.RaftServerConfigKeys (ConfUtils.java:logGet(43)) - raft.server.rpcslowness.timeout = 120s (custom)
2019-08-03 03:30:43,620 INFO  server.RaftServerConfigKeys (ConfUtils.java:logGet(43)) - raft.server.sleep.deviation.threshold = 300 (default)
2019-08-03 03:30:43,620 INFO  server.RaftServerConfigKeys (ConfUtils.java:logGet(43)) - raft.server.log.appender.install.snapshot.enabled = false (custom)
2019-08-03 03:30:43,629 INFO  impl.RaftServerImpl (ServerState.java:<init>(105)) - 67342acf-f115-46bf-aa80-d319ab45a04b:group-720ED9FDA47F ConfigurationManager, init=-1: [67342acf-f115-46bf-aa80-d319ab45a04b:192.168.5.147:46407], old=null, confs=<EMPTY_MAP>
2019-08-03 03:30:43,629 INFO  server.RaftServerConfigKeys (ConfUtils.java:logGet(43)) - raft.server.storage.dir = [/workdir/hadoop-ozone/integration-test/target/test-dir/MiniOzoneClusterImpl-6d9f27d0-f135-4509-a70e-1d3c49807de0/datanode-0/data/ratis] (custom)
2019-08-03 03:30:43,637 INFO  storage.RaftStorageDirectory (RaftStorageDirectory.java:analyzeStorage(246)) - The storage directory /workdir/hadoop-ozone/integration-test/target/test-dir/MiniOzoneClusterImpl-6d9f27d0-f135-4509-a70e-1d3c49807de0/datanode-0/data/ratis/49f61561-2c97-4579-8846-720ed9fda47f does not exist. Creating ...
2019-08-03 03:30:43,654 INFO  storage.RaftStorageDirectory (RaftStorageDirectory.java:tryLock(328)) - Lock on /workdir/hadoop-ozone/integration-test/target/test-dir/MiniOzoneClusterImpl-6d9f27d0-f135-4509-a70e-1d3c49807de0/datanode-0/data/ratis/49f61561-2c97-4579-8846-720ed9fda47f/in_use.lock acquired by nodename 478@byscane-nightly-b86qh-2100283676
2019-08-03 03:30:43,668 INFO  storage.RaftStorage (RaftStorage.java:format(72)) - Storage directory /workdir/hadoop-ozone/integration-test/target/test-dir/MiniOzoneClusterImpl-6d9f27d0-f135-4509-a70e-1d3c49807de0/datanode-0/data/ratis/49f61561-2c97-4579-8846-720ed9fda47f has been successfully formatted.
2019-08-03 03:30:43,670 INFO  ratis.ContainerStateMachine (ContainerStateMachine.java:loadSnapshot(213)) - group-720ED9FDA47F: The snapshot info is null. Setting the last applied indexto:(t:0, i:~)
2019-08-03 03:30:43,670 INFO  server.RaftServerConfigKeys (ConfUtils.java:logGet(43)) - raft.server.leader.election.timeout = 120s (custom)
2019-08-03 03:30:43,672 INFO  server.RaftServerConfigKeys (ConfUtils.java:logGet(43)) - raft.server.log.use.memory = false (default)
2019-08-03 03:30:43,676 INFO  server.RaftServerConfigKeys (ConfUtils.java:logGet(43)) - raft.server.log.purge.gap = 1000000000 (custom)
2019-08-03 03:30:43,676 INFO  server.RaftServerConfigKeys (ConfUtils.java:logGet(43)) - raft.server.log.appender.buffer.byte-limit = 33554432 (custom)
2019-08-03 03:30:43,678 INFO  server.RaftServerConfigKeys (ConfUtils.java:logGet(43)) - raft.server.log.segment.size.max = 1048576 (custom)
2019-08-03 03:30:43,682 INFO  server.RaftServerConfigKeys (ConfUtils.java:logGet(43)) - raft.server.log.segment.cache.num.max = 2 (custom)
2019-08-03 03:30:43,686 INFO  segmented.SegmentedRaftLogWorker (SegmentedRaftLogWorker.java:<init>(172)) - new 67342acf-f115-46bf-aa80-d319ab45a04b-SegmentedRaftLogWorker:Storage Directory /workdir/hadoop-ozone/integration-test/target/test-dir/MiniOzoneClusterImpl-6d9f27d0-f135-4509-a70e-1d3c49807de0/datanode-0/data/ratis/49f61561-2c97-4579-8846-720ed9fda47f for RaftStorage:Storage Directory /workdir/hadoop-ozone/integration-test/target/test-dir/MiniOzoneClusterImpl-6d9f27d0-f135-4509-a70e-1d3c49807de0/datanode-0/data/ratis/49f61561-2c97-4579-8846-720ed9fda47f
2019-08-03 03:30:43,696 INFO  server.RaftServerConfigKeys (ConfUtils.java:logGet(43)) - raft.server.log.queue.byte-limit = 2147483647 (custom)
2019-08-03 03:30:43,697 INFO  server.RaftServerConfigKeys (ConfUtils.java:logGet(43)) - raft.server.log.queue.element-limit = 1024 (custom)
2019-08-03 03:30:43,701 INFO  server.RaftServerConfigKeys (ConfUtils.java:logGet(43)) - raft.server.log.segment.size.max = 1048576 (custom)
2019-08-03 03:30:43,701 INFO  server.RaftServerConfigKeys (ConfUtils.java:logGet(43)) - raft.server.log.preallocated.size = 16384 (custom)
2019-08-03 03:30:43,702 INFO  server.RaftServerConfigKeys (ConfUtils.java:logGet(43)) - raft.server.log.write.buffer.size = 33554432 (custom)
2019-08-03 03:30:43,702 INFO  server.RaftServerConfigKeys (ConfUtils.java:logGet(43)) - raft.server.log.force.sync.num = 128 (default)
2019-08-03 03:30:43,703 INFO  server.RaftServerConfigKeys (ConfUtils.java:logGet(43)) - raft.server.log.statemachine.data.sync = true (default)
2019-08-03 03:30:43,703 INFO  server.RaftServerConfigKeys (ConfUtils.java:logGet(43)) - raft.server.log.statemachine.data.sync.timeout = 10s (default)
2019-08-03 03:30:43,704 INFO  server.RaftServerConfigKeys (ConfUtils.java:logGet(43)) - raft.server.log.statemachine.data.sync.timeout.retry = -1 (default)
2019-08-03 03:30:43,712 INFO  server.RaftServerConfigKeys (ConfUtils.java:logGet(43)) - raft.server.log.statemachine.data.caching.enabled = true (custom)
2019-08-03 03:30:43,718 INFO  segmented.SegmentedRaftLogWorker (SegmentedRaftLogWorker.java:lambda$new$0(132)) - 67342acf-f115-46bf-aa80-d319ab45a04b-SegmentedRaftLogWorker:Storage Directory /workdir/hadoop-ozone/integration-test/target/test-dir/MiniOzoneClusterImpl-6d9f27d0-f135-4509-a70e-1d3c49807de0/datanode-0/data/ratis/49f61561-2c97-4579-8846-720ed9fda47f: flushIndex: setUnconditionally 0 -> -1
2019-08-03 03:30:43,725 INFO  server.RaftServerConfigKeys (ConfUtils.java:logGet(43)) - raft.server.snapshot.auto.trigger.enabled = true (custom)
2019-08-03 03:30:43,726 INFO  server.RaftServerConfigKeys (ConfUtils.java:logGet(43)) - raft.server.snapshot.auto.trigger.threshold = 10000 (custom)
2019-08-03 03:30:43,727 INFO  server.RaftServerConfigKeys (ConfUtils.java:logGet(43)) - raft.server.retrycache.expirytime = 600000ms (custom)
2019-08-03 03:30:43,732 INFO  net.NetworkTopology (NetworkTopologyImpl.java:add(110)) - Added a new node: /default-rack/9483abcf-c321-45c0-86fb-cf11d9df63f2
2019-08-03 03:30:43,734 INFO  node.SCMNodeManager (SCMNodeManager.java:register(273)) - Registered Data node : 9483abcf-c321-45c0-86fb-cf11d9df63f2{ip: 192.168.5.147, host: byscane-nightly-b86qh-2100283676, networkLocation: /default-rack, certSerialId: null}
2019-08-03 03:30:43,761 INFO  impl.RaftServerImpl (RaftServerImpl.java:start(180)) - 67342acf-f115-46bf-aa80-d319ab45a04b: start group-720ED9FDA47F
2019-08-03 03:30:43,763 INFO  impl.RaftServerImpl (RaftServerImpl.java:setRole(171)) - 67342acf-f115-46bf-aa80-d319ab45a04b:group-720ED9FDA47F changes role from null to FOLLOWER at term 0 for startAsFollower
2019-08-03 03:30:43,765 INFO  impl.RoleInfo (RoleInfo.java:updateAndGet(143)) - 67342acf-f115-46bf-aa80-d319ab45a04b: start FollowerState
2019-08-03 03:30:43,768 INFO  util.JmxRegister (JmxRegister.java:tryRegister(44)) - Successfully registered JMX Bean with object name Ratis:service=RaftServer,group=group-720ED9FDA47F,id=67342acf-f115-46bf-aa80-d319ab45a04b
2019-08-03 03:30:43,835 INFO  pipeline.PipelineStateManager (PipelineStateManager.java:addPipeline(56)) - Created pipeline Pipeline[ Id: 49f61561-2c97-4579-8846-720ed9fda47f, Nodes: 67342acf-f115-46bf-aa80-d319ab45a04b{ip: 192.168.5.147, host: byscane-nightly-b86qh-2100283676, networkLocation: /default-rack, certSerialId: null}, Type:RATIS, Factor:ONE, State:OPEN]
2019-08-03 03:30:43,867 INFO  impl.RaftServerProxy (RaftServerProxy.java:addNew(89)) - ba84adb8-7d6b-4055-b653-0ef7bf04c5a7: addNew group-47018ED4174B:[ba84adb8-7d6b-4055-b653-0ef7bf04c5a7:192.168.5.147:43806] returns group-47018ED4174B:java.util.concurrent.CompletableFuture@49909d12[Not completed]
2019-08-03 03:30:43,921 INFO  impl.RaftServerImpl (RaftServerImpl.java:<init>(93)) - ba84adb8-7d6b-4055-b653-0ef7bf04c5a7: new RaftServerImpl for group-47018ED4174B:[ba84adb8-7d6b-4055-b653-0ef7bf04c5a7:192.168.5.147:43806] with ContainerStateMachine:uninitialized
2019-08-03 03:30:43,923 INFO  server.RaftServerConfigKeys (ConfUtils.java:logGet(43)) - raft.server.rpc.timeout.min = 5s (custom)
2019-08-03 03:30:43,924 INFO  server.RaftServerConfigKeys (ConfUtils.java:logGet(43)) - raft.server.rpc.timeout.max = 5200ms (custom)
2019-08-03 03:30:43,924 INFO  server.RaftServerConfigKeys (ConfUtils.java:logGet(43)) - raft.server.rpcslowness.timeout = 120s (custom)
2019-08-03 03:30:43,924 INFO  server.RaftServerConfigKeys (ConfUtils.java:logGet(43)) - raft.server.sleep.deviation.threshold = 300 (default)
2019-08-03 03:30:43,924 INFO  server.RaftServerConfigKeys (ConfUtils.java:logGet(43)) - raft.server.log.appender.install.snapshot.enabled = false (custom)
2019-08-03 03:30:43,924 INFO  impl.RaftServerImpl (ServerState.java:<init>(105)) - ba84adb8-7d6b-4055-b653-0ef7bf04c5a7:group-47018ED4174B ConfigurationManager, init=-1: [ba84adb8-7d6b-4055-b653-0ef7bf04c5a7:192.168.5.147:43806], old=null, confs=<EMPTY_MAP>
2019-08-03 03:30:43,924 INFO  server.RaftServerConfigKeys (ConfUtils.java:logGet(43)) - raft.server.storage.dir = [/workdir/hadoop-ozone/integration-test/target/test-dir/MiniOzoneClusterImpl-6d9f27d0-f135-4509-a70e-1d3c49807de0/datanode-3/data/ratis] (custom)
2019-08-03 03:30:43,925 INFO  storage.RaftStorageDirectory (RaftStorageDirectory.java:analyzeStorage(246)) - The storage directory /workdir/hadoop-ozone/integration-test/target/test-dir/MiniOzoneClusterImpl-6d9f27d0-f135-4509-a70e-1d3c49807de0/datanode-3/data/ratis/e4945e1a-a402-46ca-b6e6-47018ed4174b does not exist. Creating ...
2019-08-03 03:30:43,940 INFO  storage.RaftStorageDirectory (RaftStorageDirectory.java:tryLock(328)) - Lock on /workdir/hadoop-ozone/integration-test/target/test-dir/MiniOzoneClusterImpl-6d9f27d0-f135-4509-a70e-1d3c49807de0/datanode-3/data/ratis/e4945e1a-a402-46ca-b6e6-47018ed4174b/in_use.lock acquired by nodename 478@byscane-nightly-b86qh-2100283676
2019-08-03 03:30:43,952 INFO  storage.RaftStorage (RaftStorage.java:format(72)) - Storage directory /workdir/hadoop-ozone/integration-test/target/test-dir/MiniOzoneClusterImpl-6d9f27d0-f135-4509-a70e-1d3c49807de0/datanode-3/data/ratis/e4945e1a-a402-46ca-b6e6-47018ed4174b has been successfully formatted.
2019-08-03 03:30:43,953 INFO  ratis.ContainerStateMachine (ContainerStateMachine.java:loadSnapshot(213)) - group-47018ED4174B: The snapshot info is null. Setting the last applied indexto:(t:0, i:~)
2019-08-03 03:30:43,955 INFO  server.RaftServerConfigKeys (ConfUtils.java:logGet(43)) - raft.server.leader.election.timeout = 120s (custom)
2019-08-03 03:30:43,955 INFO  server.RaftServerConfigKeys (ConfUtils.java:logGet(43)) - raft.server.log.use.memory = false (default)
2019-08-03 03:30:43,955 INFO  server.RaftServerConfigKeys (ConfUtils.java:logGet(43)) - raft.server.log.purge.gap = 1000000000 (custom)
2019-08-03 03:30:43,955 INFO  server.RaftServerConfigKeys (ConfUtils.java:logGet(43)) - raft.server.log.appender.buffer.byte-limit = 33554432 (custom)
2019-08-03 03:30:43,955 INFO  server.RaftServerConfigKeys (ConfUtils.java:logGet(43)) - raft.server.log.segment.size.max = 1048576 (custom)
2019-08-03 03:30:43,955 INFO  server.RaftServerConfigKeys (ConfUtils.java:logGet(43)) - raft.server.log.segment.cache.num.max = 2 (custom)
2019-08-03 03:30:43,956 INFO  segmented.SegmentedRaftLogWorker (SegmentedRaftLogWorker.java:<init>(172)) - new ba84adb8-7d6b-4055-b653-0ef7bf04c5a7-SegmentedRaftLogWorker:Storage Directory /workdir/hadoop-ozone/integration-test/target/test-dir/MiniOzoneClusterImpl-6d9f27d0-f135-4509-a70e-1d3c49807de0/datanode-3/data/ratis/e4945e1a-a402-46ca-b6e6-47018ed4174b for RaftStorage:Storage Directory /workdir/hadoop-ozone/integration-test/target/test-dir/MiniOzoneClusterImpl-6d9f27d0-f135-4509-a70e-1d3c49807de0/datanode-3/data/ratis/e4945e1a-a402-46ca-b6e6-47018ed4174b
2019-08-03 03:30:43,957 INFO  server.RaftServerConfigKeys (ConfUtils.java:logGet(43)) - raft.server.log.queue.byte-limit = 2147483647 (custom)
2019-08-03 03:30:43,957 INFO  server.RaftServerConfigKeys (ConfUtils.java:logGet(43)) - raft.server.log.queue.element-limit = 1024 (custom)
2019-08-03 03:30:43,957 INFO  server.RaftServerConfigKeys (ConfUtils.java:logGet(43)) - raft.server.log.segment.size.max = 1048576 (custom)
2019-08-03 03:30:43,958 INFO  server.RaftServerConfigKeys (ConfUtils.java:logGet(43)) - raft.server.log.preallocated.size = 16384 (custom)
2019-08-03 03:30:43,958 INFO  server.RaftServerConfigKeys (ConfUtils.java:logGet(43)) - raft.server.log.write.buffer.size = 33554432 (custom)
2019-08-03 03:30:43,958 INFO  server.RaftServerConfigKeys (ConfUtils.java:logGet(43)) - raft.server.log.force.sync.num = 128 (default)
2019-08-03 03:30:43,958 INFO  server.RaftServerConfigKeys (ConfUtils.java:logGet(43)) - raft.server.log.statemachine.data.sync = true (default)
2019-08-03 03:30:43,958 INFO  server.RaftServerConfigKeys (ConfUtils.java:logGet(43)) - raft.server.log.statemachine.data.sync.timeout = 10s (default)
2019-08-03 03:30:43,958 INFO  server.RaftServerConfigKeys (ConfUtils.java:logGet(43)) - raft.server.log.statemachine.data.sync.timeout.retry = -1 (default)
2019-08-03 03:30:43,959 INFO  server.RaftServerConfigKeys (ConfUtils.java:logGet(43)) - raft.server.log.statemachine.data.caching.enabled = true (custom)
2019-08-03 03:30:43,959 INFO  segmented.SegmentedRaftLogWorker (SegmentedRaftLogWorker.java:lambda$new$0(132)) - ba84adb8-7d6b-4055-b653-0ef7bf04c5a7-SegmentedRaftLogWorker:Storage Directory /workdir/hadoop-ozone/integration-test/target/test-dir/MiniOzoneClusterImpl-6d9f27d0-f135-4509-a70e-1d3c49807de0/datanode-3/data/ratis/e4945e1a-a402-46ca-b6e6-47018ed4174b: flushIndex: setUnconditionally 0 -> -1
2019-08-03 03:30:43,960 INFO  server.RaftServerConfigKeys (ConfUtils.java:logGet(43)) - raft.server.snapshot.auto.trigger.enabled = true (custom)
2019-08-03 03:30:43,960 INFO  server.RaftServerConfigKeys (ConfUtils.java:logGet(43)) - raft.server.snapshot.auto.trigger.threshold = 10000 (custom)
2019-08-03 03:30:43,960 INFO  server.RaftServerConfigKeys (ConfUtils.java:logGet(43)) - raft.server.retrycache.expirytime = 600000ms (custom)
2019-08-03 03:30:43,960 INFO  impl.RaftServerImpl (RaftServerImpl.java:start(180)) - ba84adb8-7d6b-4055-b653-0ef7bf04c5a7: start group-47018ED4174B
2019-08-03 03:30:43,960 INFO  impl.RaftServerImpl (RaftServerImpl.java:setRole(171)) - ba84adb8-7d6b-4055-b653-0ef7bf04c5a7:group-47018ED4174B changes role from null to FOLLOWER at term 0 for startAsFollower
2019-08-03 03:30:43,960 INFO  impl.RoleInfo (RoleInfo.java:updateAndGet(143)) - ba84adb8-7d6b-4055-b653-0ef7bf04c5a7: start FollowerState
2019-08-03 03:30:43,962 INFO  util.JmxRegister (JmxRegister.java:tryRegister(44)) - Successfully registered JMX Bean with object name Ratis:service=RaftServer,group=group-47018ED4174B,id=ba84adb8-7d6b-4055-b653-0ef7bf04c5a7
2019-08-03 03:30:43,977 INFO  pipeline.PipelineStateManager (PipelineStateManager.java:addPipeline(56)) - Created pipeline Pipeline[ Id: e4945e1a-a402-46ca-b6e6-47018ed4174b, Nodes: ba84adb8-7d6b-4055-b653-0ef7bf04c5a7{ip: 192.168.5.147, host: byscane-nightly-b86qh-2100283676, networkLocation: /default-rack, certSerialId: null}, Type:RATIS, Factor:ONE, State:OPEN]
2019-08-03 03:30:44,001 INFO  impl.RaftServerProxy (RaftServerProxy.java:addNew(89)) - 67d27a43-c8c9-4c8d-bb1c-6998b10edf76: addNew group-F57AE9A9EFD3:[67d27a43-c8c9-4c8d-bb1c-6998b10edf76:192.168.5.147:41713] returns group-F57AE9A9EFD3:java.util.concurrent.CompletableFuture@535489fd[Not completed]
2019-08-03 03:30:44,010 INFO  impl.RaftServerImpl (RaftServerImpl.java:<init>(93)) - 67d27a43-c8c9-4c8d-bb1c-6998b10edf76: new RaftServerImpl for group-F57AE9A9EFD3:[67d27a43-c8c9-4c8d-bb1c-6998b10edf76:192.168.5.147:41713] with ContainerStateMachine:uninitialized
2019-08-03 03:30:44,011 INFO  server.RaftServerConfigKeys (ConfUtils.java:logGet(43)) - raft.server.rpc.timeout.min = 5s (custom)
2019-08-03 03:30:44,012 INFO  server.RaftServerConfigKeys (ConfUtils.java:logGet(43)) - raft.server.rpc.timeout.max = 5200ms (custom)
2019-08-03 03:30:44,012 INFO  server.RaftServerConfigKeys (ConfUtils.java:logGet(43)) - raft.server.rpcslowness.timeout = 120s (custom)
2019-08-03 03:30:44,012 INFO  server.RaftServerConfigKeys (ConfUtils.java:logGet(43)) - raft.server.sleep.deviation.threshold = 300 (default)
2019-08-03 03:30:44,012 INFO  server.RaftServerConfigKeys (ConfUtils.java:logGet(43)) - raft.server.log.appender.install.snapshot.enabled = false (custom)
2019-08-03 03:30:44,012 INFO  impl.RaftServerImpl (ServerState.java:<init>(105)) - 67d27a43-c8c9-4c8d-bb1c-6998b10edf76:group-F57AE9A9EFD3 ConfigurationManager, init=-1: [67d27a43-c8c9-4c8d-bb1c-6998b10edf76:192.168.5.147:41713], old=null, confs=<EMPTY_MAP>
2019-08-03 03:30:44,012 INFO  server.RaftServerConfigKeys (ConfUtils.java:logGet(43)) - raft.server.storage.dir = [/workdir/hadoop-ozone/integration-test/target/test-dir/MiniOzoneClusterImpl-6d9f27d0-f135-4509-a70e-1d3c49807de0/datanode-2/data/ratis] (custom)
2019-08-03 03:30:44,013 INFO  storage.RaftStorageDirectory (RaftStorageDirectory.java:analyzeStorage(246)) - The storage directory /workdir/hadoop-ozone/integration-test/target/test-dir/MiniOzoneClusterImpl-6d9f27d0-f135-4509-a70e-1d3c49807de0/datanode-2/data/ratis/bf85ffe2-6f33-4377-8a59-f57ae9a9efd3 does not exist. Creating ...
2019-08-03 03:30:44,017 INFO  storage.RaftStorageDirectory (RaftStorageDirectory.java:tryLock(328)) - Lock on /workdir/hadoop-ozone/integration-test/target/test-dir/MiniOzoneClusterImpl-6d9f27d0-f135-4509-a70e-1d3c49807de0/datanode-2/data/ratis/bf85ffe2-6f33-4377-8a59-f57ae9a9efd3/in_use.lock acquired by nodename 478@byscane-nightly-b86qh-2100283676
2019-08-03 03:30:44,020 INFO  storage.RaftStorage (RaftStorage.java:format(72)) - Storage directory /workdir/hadoop-ozone/integration-test/target/test-dir/MiniOzoneClusterImpl-6d9f27d0-f135-4509-a70e-1d3c49807de0/datanode-2/data/ratis/bf85ffe2-6f33-4377-8a59-f57ae9a9efd3 has been successfully formatted.
2019-08-03 03:30:44,020 INFO  ratis.ContainerStateMachine (ContainerStateMachine.java:loadSnapshot(213)) - group-F57AE9A9EFD3: The snapshot info is null. Setting the last applied indexto:(t:0, i:~)
2019-08-03 03:30:44,020 INFO  server.RaftServerConfigKeys (ConfUtils.java:logGet(43)) - raft.server.leader.election.timeout = 120s (custom)
2019-08-03 03:30:44,021 INFO  server.RaftServerConfigKeys (ConfUtils.java:logGet(43)) - raft.server.log.use.memory = false (default)
2019-08-03 03:30:44,021 INFO  server.RaftServerConfigKeys (ConfUtils.java:logGet(43)) - raft.server.log.purge.gap = 1000000000 (custom)
2019-08-03 03:30:44,021 INFO  server.RaftServerConfigKeys (ConfUtils.java:logGet(43)) - raft.server.log.appender.buffer.byte-limit = 33554432 (custom)
2019-08-03 03:30:44,021 INFO  server.RaftServerConfigKeys (ConfUtils.java:logGet(43)) - raft.server.log.segment.size.max = 1048576 (custom)
2019-08-03 03:30:44,021 INFO  server.RaftServerConfigKeys (ConfUtils.java:logGet(43)) - raft.server.log.segment.cache.num.max = 2 (custom)
2019-08-03 03:30:44,021 INFO  segmented.SegmentedRaftLogWorker (SegmentedRaftLogWorker.java:<init>(172)) - new 67d27a43-c8c9-4c8d-bb1c-6998b10edf76-SegmentedRaftLogWorker:Storage Directory /workdir/hadoop-ozone/integration-test/target/test-dir/MiniOzoneClusterImpl-6d9f27d0-f135-4509-a70e-1d3c49807de0/datanode-2/data/ratis/bf85ffe2-6f33-4377-8a59-f57ae9a9efd3 for RaftStorage:Storage Directory /workdir/hadoop-ozone/integration-test/target/test-dir/MiniOzoneClusterImpl-6d9f27d0-f135-4509-a70e-1d3c49807de0/datanode-2/data/ratis/bf85ffe2-6f33-4377-8a59-f57ae9a9efd3
2019-08-03 03:30:44,022 INFO  server.RaftServerConfigKeys (ConfUtils.java:logGet(43)) - raft.server.log.queue.byte-limit = 2147483647 (custom)
2019-08-03 03:30:44,022 INFO  server.RaftServerConfigKeys (ConfUtils.java:logGet(43)) - raft.server.log.queue.element-limit = 1024 (custom)
2019-08-03 03:30:44,022 INFO  server.RaftServerConfigKeys (ConfUtils.java:logGet(43)) - raft.server.log.segment.size.max = 1048576 (custom)
2019-08-03 03:30:44,022 INFO  server.RaftServerConfigKeys (ConfUtils.java:logGet(43)) - raft.server.log.preallocated.size = 16384 (custom)
2019-08-03 03:30:44,022 INFO  server.RaftServerConfigKeys (ConfUtils.java:logGet(43)) - raft.server.log.write.buffer.size = 33554432 (custom)
2019-08-03 03:30:44,023 INFO  server.RaftServerConfigKeys (ConfUtils.java:logGet(43)) - raft.server.log.force.sync.num = 128 (default)
2019-08-03 03:30:44,023 INFO  server.RaftServerConfigKeys (ConfUtils.java:logGet(43)) - raft.server.log.statemachine.data.sync = true (default)
2019-08-03 03:30:44,023 INFO  server.RaftServerConfigKeys (ConfUtils.java:logGet(43)) - raft.server.log.statemachine.data.sync.timeout = 10s (default)
2019-08-03 03:30:44,024 INFO  server.RaftServerConfigKeys (ConfUtils.java:logGet(43)) - raft.server.log.statemachine.data.sync.timeout.retry = -1 (default)
2019-08-03 03:30:44,025 INFO  server.RaftServerConfigKeys (ConfUtils.java:logGet(43)) - raft.server.log.statemachine.data.caching.enabled = true (custom)
2019-08-03 03:30:44,025 INFO  segmented.SegmentedRaftLogWorker (SegmentedRaftLogWorker.java:lambda$new$0(132)) - 67d27a43-c8c9-4c8d-bb1c-6998b10edf76-SegmentedRaftLogWorker:Storage Directory /workdir/hadoop-ozone/integration-test/target/test-dir/MiniOzoneClusterImpl-6d9f27d0-f135-4509-a70e-1d3c49807de0/datanode-2/data/ratis/bf85ffe2-6f33-4377-8a59-f57ae9a9efd3: flushIndex: setUnconditionally 0 -> -1
2019-08-03 03:30:44,025 INFO  net.NetworkTopology (NetworkTopologyImpl.java:add(110)) - Added a new node: /default-rack/9537186b-bb40-4e32-a8f5-11d9eb4290f9
2019-08-03 03:30:44,027 INFO  server.RaftServerConfigKeys (ConfUtils.java:logGet(43)) - raft.server.snapshot.auto.trigger.enabled = true (custom)
2019-08-03 03:30:44,027 INFO  node.SCMNodeManager (SCMNodeManager.java:register(273)) - Registered Data node : 9537186b-bb40-4e32-a8f5-11d9eb4290f9{ip: 192.168.5.147, host: byscane-nightly-b86qh-2100283676, networkLocation: /default-rack, certSerialId: null}
2019-08-03 03:30:44,027 INFO  server.RaftServerConfigKeys (ConfUtils.java:logGet(43)) - raft.server.snapshot.auto.trigger.threshold = 10000 (custom)
2019-08-03 03:30:44,027 INFO  server.RaftServerConfigKeys (ConfUtils.java:logGet(43)) - raft.server.retrycache.expirytime = 600000ms (custom)
2019-08-03 03:30:44,027 INFO  impl.RaftServerImpl (RaftServerImpl.java:start(180)) - 67d27a43-c8c9-4c8d-bb1c-6998b10edf76: start group-F57AE9A9EFD3
2019-08-03 03:30:44,028 INFO  impl.RaftServerImpl (RaftServerImpl.java:setRole(171)) - 67d27a43-c8c9-4c8d-bb1c-6998b10edf76:group-F57AE9A9EFD3 changes role from null to FOLLOWER at term 0 for startAsFollower
2019-08-03 03:30:44,028 INFO  impl.RoleInfo (RoleInfo.java:updateAndGet(143)) - 67d27a43-c8c9-4c8d-bb1c-6998b10edf76: start FollowerState
2019-08-03 03:30:44,028 INFO  util.JmxRegister (JmxRegister.java:tryRegister(44)) - Successfully registered JMX Bean with object name Ratis:service=RaftServer,group=group-F57AE9A9EFD3,id=67d27a43-c8c9-4c8d-bb1c-6998b10edf76
2019-08-03 03:30:44,038 INFO  ozone.MiniOzoneClusterImpl (MiniOzoneClusterImpl.java:lambda$waitForClusterToBeReady$0(142)) - Cluster is ready. Got 7 of 7 DN Heartbeats.
2019-08-03 03:30:44,038 INFO  pipeline.PipelineStateManager (PipelineStateManager.java:addPipeline(56)) - Created pipeline Pipeline[ Id: bf85ffe2-6f33-4377-8a59-f57ae9a9efd3, Nodes: 67d27a43-c8c9-4c8d-bb1c-6998b10edf76{ip: 192.168.5.147, host: byscane-nightly-b86qh-2100283676, networkLocation: /default-rack, certSerialId: null}, Type:RATIS, Factor:ONE, State:OPEN]
2019-08-03 03:30:44,068 INFO  impl.RaftServerProxy (RaftServerProxy.java:addNew(89)) - 9537186b-bb40-4e32-a8f5-11d9eb4290f9: addNew group-41224836F3C3:[9537186b-bb40-4e32-a8f5-11d9eb4290f9:192.168.5.147:41774] returns group-41224836F3C3:java.util.concurrent.CompletableFuture@6ec8ae39[Not completed]
2019-08-03 03:30:44,069 INFO  impl.RaftServerImpl (RaftServerImpl.java:<init>(93)) - 9537186b-bb40-4e32-a8f5-11d9eb4290f9: new RaftServerImpl for group-41224836F3C3:[9537186b-bb40-4e32-a8f5-11d9eb4290f9:192.168.5.147:41774] with ContainerStateMachine:uninitialized
2019-08-03 03:30:44,071 INFO  server.RaftServerConfigKeys (ConfUtils.java:logGet(43)) - raft.server.rpc.timeout.min = 5s (custom)
2019-08-03 03:30:44,071 INFO  server.RaftServerConfigKeys (ConfUtils.java:logGet(43)) - raft.server.rpc.timeout.max = 5200ms (custom)
2019-08-03 03:30:44,071 INFO  server.RaftServerConfigKeys (ConfUtils.java:logGet(43)) - raft.server.rpcslowness.timeout = 120s (custom)
2019-08-03 03:30:44,071 INFO  server.RaftServerConfigKeys (ConfUtils.java:logGet(43)) - raft.server.sleep.deviation.threshold = 300 (default)
2019-08-03 03:30:44,071 INFO  server.RaftServerConfigKeys (ConfUtils.java:logGet(43)) - raft.server.log.appender.install.snapshot.enabled = false (custom)
2019-08-03 03:30:44,072 INFO  impl.RaftServerImpl (ServerState.java:<init>(105)) - 9537186b-bb40-4e32-a8f5-11d9eb4290f9:group-41224836F3C3 ConfigurationManager, init=-1: [9537186b-bb40-4e32-a8f5-11d9eb4290f9:192.168.5.147:41774], old=null, confs=<EMPTY_MAP>
2019-08-03 03:30:44,072 INFO  server.RaftServerConfigKeys (ConfUtils.java:logGet(43)) - raft.server.storage.dir = [/workdir/hadoop-ozone/integration-test/target/test-dir/MiniOzoneClusterImpl-6d9f27d0-f135-4509-a70e-1d3c49807de0/datanode-6/data/ratis] (custom)
2019-08-03 03:30:44,072 INFO  storage.RaftStorageDirectory (RaftStorageDirectory.java:analyzeStorage(246)) - The storage directory /workdir/hadoop-ozone/integration-test/target/test-dir/MiniOzoneClusterImpl-6d9f27d0-f135-4509-a70e-1d3c49807de0/datanode-6/data/ratis/59afd002-714d-4bbb-855a-41224836f3c3 does not exist. Creating ...
2019-08-03 03:30:44,085 INFO  storage.RaftStorageDirectory (RaftStorageDirectory.java:tryLock(328)) - Lock on /workdir/hadoop-ozone/integration-test/target/test-dir/MiniOzoneClusterImpl-6d9f27d0-f135-4509-a70e-1d3c49807de0/datanode-6/data/ratis/59afd002-714d-4bbb-855a-41224836f3c3/in_use.lock acquired by nodename 478@byscane-nightly-b86qh-2100283676
2019-08-03 03:30:44,088 INFO  storage.RaftStorage (RaftStorage.java:format(72)) - Storage directory /workdir/hadoop-ozone/integration-test/target/test-dir/MiniOzoneClusterImpl-6d9f27d0-f135-4509-a70e-1d3c49807de0/datanode-6/data/ratis/59afd002-714d-4bbb-855a-41224836f3c3 has been successfully formatted.
2019-08-03 03:30:44,089 INFO  ratis.ContainerStateMachine (ContainerStateMachine.java:loadSnapshot(213)) - group-41224836F3C3: The snapshot info is null. Setting the last applied indexto:(t:0, i:~)
2019-08-03 03:30:44,089 INFO  server.RaftServerConfigKeys (ConfUtils.java:logGet(43)) - raft.server.leader.election.timeout = 120s (custom)
2019-08-03 03:30:44,089 INFO  server.RaftServerConfigKeys (ConfUtils.java:logGet(43)) - raft.server.log.use.memory = false (default)
2019-08-03 03:30:44,089 INFO  server.RaftServerConfigKeys (ConfUtils.java:logGet(43)) - raft.server.log.purge.gap = 1000000000 (custom)
2019-08-03 03:30:44,089 INFO  server.RaftServerConfigKeys (ConfUtils.java:logGet(43)) - raft.server.log.appender.buffer.byte-limit = 33554432 (custom)
2019-08-03 03:30:44,089 INFO  server.RaftServerConfigKeys (ConfUtils.java:logGet(43)) - raft.server.log.segment.size.max = 1048576 (custom)
2019-08-03 03:30:44,089 INFO  server.RaftServerConfigKeys (ConfUtils.java:logGet(43)) - raft.server.log.segment.cache.num.max = 2 (custom)
2019-08-03 03:30:44,089 INFO  segmented.SegmentedRaftLogWorker (SegmentedRaftLogWorker.java:<init>(172)) - new 9537186b-bb40-4e32-a8f5-11d9eb4290f9-SegmentedRaftLogWorker:Storage Directory /workdir/hadoop-ozone/integration-test/target/test-dir/MiniOzoneClusterImpl-6d9f27d0-f135-4509-a70e-1d3c49807de0/datanode-6/data/ratis/59afd002-714d-4bbb-855a-41224836f3c3 for RaftStorage:Storage Directory /workdir/hadoop-ozone/integration-test/target/test-dir/MiniOzoneClusterImpl-6d9f27d0-f135-4509-a70e-1d3c49807de0/datanode-6/data/ratis/59afd002-714d-4bbb-855a-41224836f3c3
2019-08-03 03:30:44,090 INFO  server.RaftServerConfigKeys (ConfUtils.java:logGet(43)) - raft.server.log.queue.byte-limit = 2147483647 (custom)
2019-08-03 03:30:44,090 INFO  server.RaftServerConfigKeys (ConfUtils.java:logGet(43)) - raft.server.log.queue.element-limit = 1024 (custom)
2019-08-03 03:30:44,090 INFO  server.RaftServerConfigKeys (ConfUtils.java:logGet(43)) - raft.server.log.segment.size.max = 1048576 (custom)
2019-08-03 03:30:44,090 INFO  server.RaftServerConfigKeys (ConfUtils.java:logGet(43)) - raft.server.log.preallocated.size = 16384 (custom)
2019-08-03 03:30:44,090 INFO  server.RaftServerConfigKeys (ConfUtils.java:logGet(43)) - raft.server.log.write.buffer.size = 33554432 (custom)
2019-08-03 03:30:44,090 INFO  server.RaftServerConfigKeys (ConfUtils.java:logGet(43)) - raft.server.log.force.sync.num = 128 (default)
2019-08-03 03:30:44,090 INFO  server.RaftServerConfigKeys (ConfUtils.java:logGet(43)) - raft.server.log.statemachine.data.sync = true (default)
2019-08-03 03:30:44,091 INFO  server.RaftServerConfigKeys (ConfUtils.java:logGet(43)) - raft.server.log.statemachine.data.sync.timeout = 10s (default)
2019-08-03 03:30:44,091 INFO  server.RaftServerConfigKeys (ConfUtils.java:logGet(43)) - raft.server.log.statemachine.data.sync.timeout.retry = -1 (default)
2019-08-03 03:30:44,091 INFO  server.RaftServerConfigKeys (ConfUtils.java:logGet(43)) - raft.server.log.statemachine.data.caching.enabled = true (custom)
2019-08-03 03:30:44,091 INFO  segmented.SegmentedRaftLogWorker (SegmentedRaftLogWorker.java:lambda$new$0(132)) - 9537186b-bb40-4e32-a8f5-11d9eb4290f9-SegmentedRaftLogWorker:Storage Directory /workdir/hadoop-ozone/integration-test/target/test-dir/MiniOzoneClusterImpl-6d9f27d0-f135-4509-a70e-1d3c49807de0/datanode-6/data/ratis/59afd002-714d-4bbb-855a-41224836f3c3: flushIndex: setUnconditionally 0 -> -1
2019-08-03 03:30:44,091 INFO  server.RaftServerConfigKeys (ConfUtils.java:logGet(43)) - raft.server.snapshot.auto.trigger.enabled = true (custom)
2019-08-03 03:30:44,091 INFO  server.RaftServerConfigKeys (ConfUtils.java:logGet(43)) - raft.server.snapshot.auto.trigger.threshold = 10000 (custom)
2019-08-03 03:30:44,092 INFO  server.RaftServerConfigKeys (ConfUtils.java:logGet(43)) - raft.server.retrycache.expirytime = 600000ms (custom)
2019-08-03 03:30:44,092 INFO  impl.RaftServerImpl (RaftServerImpl.java:start(180)) - 9537186b-bb40-4e32-a8f5-11d9eb4290f9: start group-41224836F3C3
2019-08-03 03:30:44,092 INFO  impl.RaftServerImpl (RaftServerImpl.java:setRole(171)) - 9537186b-bb40-4e32-a8f5-11d9eb4290f9:group-41224836F3C3 changes role from null to FOLLOWER at term 0 for startAsFollower
2019-08-03 03:30:44,092 INFO  impl.RoleInfo (RoleInfo.java:updateAndGet(143)) - 9537186b-bb40-4e32-a8f5-11d9eb4290f9: start FollowerState
2019-08-03 03:30:44,092 INFO  util.JmxRegister (JmxRegister.java:tryRegister(44)) - Successfully registered JMX Bean with object name Ratis:service=RaftServer,group=group-41224836F3C3,id=9537186b-bb40-4e32-a8f5-11d9eb4290f9
2019-08-03 03:30:44,108 INFO  pipeline.PipelineStateManager (PipelineStateManager.java:addPipeline(56)) - Created pipeline Pipeline[ Id: 59afd002-714d-4bbb-855a-41224836f3c3, Nodes: 9537186b-bb40-4e32-a8f5-11d9eb4290f9{ip: 192.168.5.147, host: byscane-nightly-b86qh-2100283676, networkLocation: /default-rack, certSerialId: null}, Type:RATIS, Factor:ONE, State:OPEN]
2019-08-03 03:30:44,136 INFO  impl.RaftServerProxy (RaftServerProxy.java:addNew(89)) - 9483abcf-c321-45c0-86fb-cf11d9df63f2: addNew group-6F8BD2E12BA3:[9483abcf-c321-45c0-86fb-cf11d9df63f2:192.168.5.147:44404] returns group-6F8BD2E12BA3:java.util.concurrent.CompletableFuture@cecea65[Not completed]
2019-08-03 03:30:44,138 INFO  impl.RaftServerImpl (RaftServerImpl.java:<init>(93)) - 9483abcf-c321-45c0-86fb-cf11d9df63f2: new RaftServerImpl for group-6F8BD2E12BA3:[9483abcf-c321-45c0-86fb-cf11d9df63f2:192.168.5.147:44404] with ContainerStateMachine:uninitialized
2019-08-03 03:30:44,144 INFO  server.RaftServerConfigKeys (ConfUtils.java:logGet(43)) - raft.server.rpc.timeout.min = 5s (custom)
2019-08-03 03:30:44,144 INFO  server.RaftServerConfigKeys (ConfUtils.java:logGet(43)) - raft.server.rpc.timeout.max = 5200ms (custom)
2019-08-03 03:30:44,144 INFO  server.RaftServerConfigKeys (ConfUtils.java:logGet(43)) - raft.server.rpcslowness.timeout = 120s (custom)
2019-08-03 03:30:44,144 INFO  server.RaftServerConfigKeys (ConfUtils.java:logGet(43)) - raft.server.sleep.deviation.threshold = 300 (default)
2019-08-03 03:30:44,144 INFO  server.RaftServerConfigKeys (ConfUtils.java:logGet(43)) - raft.server.log.appender.install.snapshot.enabled = false (custom)
2019-08-03 03:30:44,145 INFO  impl.RaftServerImpl (ServerState.java:<init>(105)) - 9483abcf-c321-45c0-86fb-cf11d9df63f2:group-6F8BD2E12BA3 ConfigurationManager, init=-1: [9483abcf-c321-45c0-86fb-cf11d9df63f2:192.168.5.147:44404], old=null, confs=<EMPTY_MAP>
2019-08-03 03:30:44,145 INFO  server.RaftServerConfigKeys (ConfUtils.java:logGet(43)) - raft.server.storage.dir = [/workdir/hadoop-ozone/integration-test/target/test-dir/MiniOzoneClusterImpl-6d9f27d0-f135-4509-a70e-1d3c49807de0/datanode-5/data/ratis] (custom)
2019-08-03 03:30:44,145 INFO  storage.RaftStorageDirectory (RaftStorageDirectory.java:analyzeStorage(246)) - The storage directory /workdir/hadoop-ozone/integration-test/target/test-dir/MiniOzoneClusterImpl-6d9f27d0-f135-4509-a70e-1d3c49807de0/datanode-5/data/ratis/17323093-6c1d-4091-9780-6f8bd2e12ba3 does not exist. Creating ...
2019-08-03 03:30:44,158 INFO  storage.RaftStorageDirectory (RaftStorageDirectory.java:tryLock(328)) - Lock on /workdir/hadoop-ozone/integration-test/target/test-dir/MiniOzoneClusterImpl-6d9f27d0-f135-4509-a70e-1d3c49807de0/datanode-5/data/ratis/17323093-6c1d-4091-9780-6f8bd2e12ba3/in_use.lock acquired by nodename 478@byscane-nightly-b86qh-2100283676
2019-08-03 03:30:44,162 INFO  storage.RaftStorage (RaftStorage.java:format(72)) - Storage directory /workdir/hadoop-ozone/integration-test/target/test-dir/MiniOzoneClusterImpl-6d9f27d0-f135-4509-a70e-1d3c49807de0/datanode-5/data/ratis/17323093-6c1d-4091-9780-6f8bd2e12ba3 has been successfully formatted.
2019-08-03 03:30:44,162 INFO  ratis.ContainerStateMachine (ContainerStateMachine.java:loadSnapshot(213)) - group-6F8BD2E12BA3: The snapshot info is null. Setting the last applied indexto:(t:0, i:~)
2019-08-03 03:30:44,162 INFO  server.RaftServerConfigKeys (ConfUtils.java:logGet(43)) - raft.server.leader.election.timeout = 120s (custom)
2019-08-03 03:30:44,163 INFO  server.RaftServerConfigKeys (ConfUtils.java:logGet(43)) - raft.server.log.use.memory = false (default)
2019-08-03 03:30:44,163 INFO  server.RaftServerConfigKeys (ConfUtils.java:logGet(43)) - raft.server.log.purge.gap = 1000000000 (custom)
2019-08-03 03:30:44,163 INFO  server.RaftServerConfigKeys (ConfUtils.java:logGet(43)) - raft.server.log.appender.buffer.byte-limit = 33554432 (custom)
2019-08-03 03:30:44,163 INFO  server.RaftServerConfigKeys (ConfUtils.java:logGet(43)) - raft.server.log.segment.size.max = 1048576 (custom)
2019-08-03 03:30:44,163 INFO  server.RaftServerConfigKeys (ConfUtils.java:logGet(43)) - raft.server.log.segment.cache.num.max = 2 (custom)
2019-08-03 03:30:44,163 INFO  segmented.SegmentedRaftLogWorker (SegmentedRaftLogWorker.java:<init>(172)) - new 9483abcf-c321-45c0-86fb-cf11d9df63f2-SegmentedRaftLogWorker:Storage Directory /workdir/hadoop-ozone/integration-test/target/test-dir/MiniOzoneClusterImpl-6d9f27d0-f135-4509-a70e-1d3c49807de0/datanode-5/data/ratis/17323093-6c1d-4091-9780-6f8bd2e12ba3 for RaftStorage:Storage Directory /workdir/hadoop-ozone/integration-test/target/test-dir/MiniOzoneClusterImpl-6d9f27d0-f135-4509-a70e-1d3c49807de0/datanode-5/data/ratis/17323093-6c1d-4091-9780-6f8bd2e12ba3
2019-08-03 03:30:44,164 INFO  server.RaftServerConfigKeys (ConfUtils.java:logGet(43)) - raft.server.log.queue.byte-limit = 2147483647 (custom)
2019-08-03 03:30:44,164 INFO  server.RaftServerConfigKeys (ConfUtils.java:logGet(43)) - raft.server.log.queue.element-limit = 1024 (custom)
2019-08-03 03:30:44,164 INFO  server.RaftServerConfigKeys (ConfUtils.java:logGet(43)) - raft.server.log.segment.size.max = 1048576 (custom)
2019-08-03 03:30:44,164 INFO  server.RaftServerConfigKeys (ConfUtils.java:logGet(43)) - raft.server.log.preallocated.size = 16384 (custom)
2019-08-03 03:30:44,164 INFO  server.RaftServerConfigKeys (ConfUtils.java:logGet(43)) - raft.server.log.write.buffer.size = 33554432 (custom)
2019-08-03 03:30:44,165 INFO  server.RaftServerConfigKeys (ConfUtils.java:logGet(43)) - raft.server.log.force.sync.num = 128 (default)
2019-08-03 03:30:44,165 INFO  server.RaftServerConfigKeys (ConfUtils.java:logGet(43)) - raft.server.log.statemachine.data.sync = true (default)
2019-08-03 03:30:44,165 INFO  server.RaftServerConfigKeys (ConfUtils.java:logGet(43)) - raft.server.log.statemachine.data.sync.timeout = 10s (default)
2019-08-03 03:30:44,165 INFO  server.RaftServerConfigKeys (ConfUtils.java:logGet(43)) - raft.server.log.statemachine.data.sync.timeout.retry = -1 (default)
2019-08-03 03:30:44,165 INFO  server.RaftServerConfigKeys (ConfUtils.java:logGet(43)) - raft.server.log.statemachine.data.caching.enabled = true (custom)
2019-08-03 03:30:44,166 INFO  segmented.SegmentedRaftLogWorker (SegmentedRaftLogWorker.java:lambda$new$0(132)) - 9483abcf-c321-45c0-86fb-cf11d9df63f2-SegmentedRaftLogWorker:Storage Directory /workdir/hadoop-ozone/integration-test/target/test-dir/MiniOzoneClusterImpl-6d9f27d0-f135-4509-a70e-1d3c49807de0/datanode-5/data/ratis/17323093-6c1d-4091-9780-6f8bd2e12ba3: flushIndex: setUnconditionally 0 -> -1
2019-08-03 03:30:44,166 INFO  server.RaftServerConfigKeys (ConfUtils.java:logGet(43)) - raft.server.snapshot.auto.trigger.enabled = true (custom)
2019-08-03 03:30:44,166 INFO  server.RaftServerConfigKeys (ConfUtils.java:logGet(43)) - raft.server.snapshot.auto.trigger.threshold = 10000 (custom)
2019-08-03 03:30:44,167 INFO  server.RaftServerConfigKeys (ConfUtils.java:logGet(43)) - raft.server.retrycache.expirytime = 600000ms (custom)
2019-08-03 03:30:44,167 INFO  impl.RaftServerImpl (RaftServerImpl.java:start(180)) - 9483abcf-c321-45c0-86fb-cf11d9df63f2: start group-6F8BD2E12BA3
2019-08-03 03:30:44,167 INFO  impl.RaftServerImpl (RaftServerImpl.java:setRole(171)) - 9483abcf-c321-45c0-86fb-cf11d9df63f2:group-6F8BD2E12BA3 changes role from null to FOLLOWER at term 0 for startAsFollower
2019-08-03 03:30:44,167 INFO  impl.RoleInfo (RoleInfo.java:updateAndGet(143)) - 9483abcf-c321-45c0-86fb-cf11d9df63f2: start FollowerState
2019-08-03 03:30:44,168 INFO  util.JmxRegister (JmxRegister.java:tryRegister(44)) - Successfully registered JMX Bean with object name Ratis:service=RaftServer,group=group-6F8BD2E12BA3,id=9483abcf-c321-45c0-86fb-cf11d9df63f2
2019-08-03 03:30:44,182 INFO  pipeline.PipelineStateManager (PipelineStateManager.java:addPipeline(56)) - Created pipeline Pipeline[ Id: 17323093-6c1d-4091-9780-6f8bd2e12ba3, Nodes: 9483abcf-c321-45c0-86fb-cf11d9df63f2{ip: 192.168.5.147, host: byscane-nightly-b86qh-2100283676, networkLocation: /default-rack, certSerialId: null}, Type:RATIS, Factor:ONE, State:OPEN]
2019-08-03 03:30:44,212 INFO  impl.RaftServerProxy (RaftServerProxy.java:addNew(89)) - 7e9f1cf6-23aa-4900-8565-d24fa19e1aec: addNew group-2ED47EB7A6DE:[7e9f1cf6-23aa-4900-8565-d24fa19e1aec:192.168.5.147:32864] returns group-2ED47EB7A6DE:java.util.concurrent.CompletableFuture@1508d7f7[Not completed]
2019-08-03 03:30:44,214 INFO  impl.RaftServerImpl (RaftServerImpl.java:<init>(93)) - 7e9f1cf6-23aa-4900-8565-d24fa19e1aec: new RaftServerImpl for group-2ED47EB7A6DE:[7e9f1cf6-23aa-4900-8565-d24fa19e1aec:192.168.5.147:32864] with ContainerStateMachine:uninitialized
2019-08-03 03:30:44,216 INFO  server.RaftServerConfigKeys (ConfUtils.java:logGet(43)) - raft.server.rpc.timeout.min = 5s (custom)
2019-08-03 03:30:44,216 INFO  server.RaftServerConfigKeys (ConfUtils.java:logGet(43)) - raft.server.rpc.timeout.max = 5200ms (custom)
2019-08-03 03:30:44,216 INFO  server.RaftServerConfigKeys (ConfUtils.java:logGet(43)) - raft.server.rpcslowness.timeout = 120s (custom)
2019-08-03 03:30:44,216 INFO  server.RaftServerConfigKeys (ConfUtils.java:logGet(43)) - raft.server.sleep.deviation.threshold = 300 (default)
2019-08-03 03:30:44,217 INFO  server.RaftServerConfigKeys (ConfUtils.java:logGet(43)) - raft.server.log.appender.install.snapshot.enabled = false (custom)
2019-08-03 03:30:44,217 INFO  impl.RaftServerImpl (ServerState.java:<init>(105)) - 7e9f1cf6-23aa-4900-8565-d24fa19e1aec:group-2ED47EB7A6DE ConfigurationManager, init=-1: [7e9f1cf6-23aa-4900-8565-d24fa19e1aec:192.168.5.147:32864], old=null, confs=<EMPTY_MAP>
2019-08-03 03:30:44,217 INFO  server.RaftServerConfigKeys (ConfUtils.java:logGet(43)) - raft.server.storage.dir = [/workdir/hadoop-ozone/integration-test/target/test-dir/MiniOzoneClusterImpl-6d9f27d0-f135-4509-a70e-1d3c49807de0/datanode-4/data/ratis] (custom)
2019-08-03 03:30:44,218 INFO  storage.RaftStorageDirectory (RaftStorageDirectory.java:analyzeStorage(246)) - The storage directory /workdir/hadoop-ozone/integration-test/target/test-dir/MiniOzoneClusterImpl-6d9f27d0-f135-4509-a70e-1d3c49807de0/datanode-4/data/ratis/11335c18-ba84-41a4-875d-2ed47eb7a6de does not exist. Creating ...
2019-08-03 03:30:44,230 INFO  storage.RaftStorageDirectory (RaftStorageDirectory.java:tryLock(328)) - Lock on /workdir/hadoop-ozone/integration-test/target/test-dir/MiniOzoneClusterImpl-6d9f27d0-f135-4509-a70e-1d3c49807de0/datanode-4/data/ratis/11335c18-ba84-41a4-875d-2ed47eb7a6de/in_use.lock acquired by nodename 478@byscane-nightly-b86qh-2100283676
2019-08-03 03:30:44,238 INFO  storage.RaftStorage (RaftStorage.java:format(72)) - Storage directory /workdir/hadoop-ozone/integration-test/target/test-dir/MiniOzoneClusterImpl-6d9f27d0-f135-4509-a70e-1d3c49807de0/datanode-4/data/ratis/11335c18-ba84-41a4-875d-2ed47eb7a6de has been successfully formatted.
2019-08-03 03:30:44,239 INFO  ratis.ContainerStateMachine (ContainerStateMachine.java:loadSnapshot(213)) - group-2ED47EB7A6DE: The snapshot info is null. Setting the last applied indexto:(t:0, i:~)
2019-08-03 03:30:44,239 INFO  server.RaftServerConfigKeys (ConfUtils.java:logGet(43)) - raft.server.leader.election.timeout = 120s (custom)
2019-08-03 03:30:44,239 INFO  server.RaftServerConfigKeys (ConfUtils.java:logGet(43)) - raft.server.log.use.memory = false (default)
2019-08-03 03:30:44,239 INFO  server.RaftServerConfigKeys (ConfUtils.java:logGet(43)) - raft.server.log.purge.gap = 1000000000 (custom)
2019-08-03 03:30:44,240 INFO  server.RaftServerConfigKeys (ConfUtils.java:logGet(43)) - raft.server.log.appender.buffer.byte-limit = 33554432 (custom)
2019-08-03 03:30:44,240 INFO  server.RaftServerConfigKeys (ConfUtils.java:logGet(43)) - raft.server.log.segment.size.max = 1048576 (custom)
2019-08-03 03:30:44,240 INFO  server.RaftServerConfigKeys (ConfUtils.java:logGet(43)) - raft.server.log.segment.cache.num.max = 2 (custom)
2019-08-03 03:30:44,240 INFO  segmented.SegmentedRaftLogWorker (SegmentedRaftLogWorker.java:<init>(172)) - new 7e9f1cf6-23aa-4900-8565-d24fa19e1aec-SegmentedRaftLogWorker:Storage Directory /workdir/hadoop-ozone/integration-test/target/test-dir/MiniOzoneClusterImpl-6d9f27d0-f135-4509-a70e-1d3c49807de0/datanode-4/data/ratis/11335c18-ba84-41a4-875d-2ed47eb7a6de for RaftStorage:Storage Directory /workdir/hadoop-ozone/integration-test/target/test-dir/MiniOzoneClusterImpl-6d9f27d0-f135-4509-a70e-1d3c49807de0/datanode-4/data/ratis/11335c18-ba84-41a4-875d-2ed47eb7a6de
2019-08-03 03:30:44,240 INFO  server.RaftServerConfigKeys (ConfUtils.java:logGet(43)) - raft.server.log.queue.byte-limit = 2147483647 (custom)
2019-08-03 03:30:44,241 INFO  server.RaftServerConfigKeys (ConfUtils.java:logGet(43)) - raft.server.log.queue.element-limit = 1024 (custom)
2019-08-03 03:30:44,241 INFO  server.RaftServerConfigKeys (ConfUtils.java:logGet(43)) - raft.server.log.segment.size.max = 1048576 (custom)
2019-08-03 03:30:44,241 INFO  server.RaftServerConfigKeys (ConfUtils.java:logGet(43)) - raft.server.log.preallocated.size = 16384 (custom)
2019-08-03 03:30:44,241 INFO  server.RaftServerConfigKeys (ConfUtils.java:logGet(43)) - raft.server.log.write.buffer.size = 33554432 (custom)
2019-08-03 03:30:44,242 INFO  server.RaftServerConfigKeys (ConfUtils.java:logGet(43)) - raft.server.log.force.sync.num = 128 (default)
2019-08-03 03:30:44,242 INFO  server.RaftServerConfigKeys (ConfUtils.java:logGet(43)) - raft.server.log.statemachine.data.sync = true (default)
2019-08-03 03:30:44,242 INFO  server.RaftServerConfigKeys (ConfUtils.java:logGet(43)) - raft.server.log.statemachine.data.sync.timeout = 10s (default)
2019-08-03 03:30:44,242 INFO  server.RaftServerConfigKeys (ConfUtils.java:logGet(43)) - raft.server.log.statemachine.data.sync.timeout.retry = -1 (default)
2019-08-03 03:30:44,243 INFO  server.RaftServerConfigKeys (ConfUtils.java:logGet(43)) - raft.server.log.statemachine.data.caching.enabled = true (custom)
2019-08-03 03:30:44,243 INFO  segmented.SegmentedRaftLogWorker (SegmentedRaftLogWorker.java:lambda$new$0(132)) - 7e9f1cf6-23aa-4900-8565-d24fa19e1aec-SegmentedRaftLogWorker:Storage Directory /workdir/hadoop-ozone/integration-test/target/test-dir/MiniOzoneClusterImpl-6d9f27d0-f135-4509-a70e-1d3c49807de0/datanode-4/data/ratis/11335c18-ba84-41a4-875d-2ed47eb7a6de: flushIndex: setUnconditionally 0 -> -1
2019-08-03 03:30:44,244 INFO  server.RaftServerConfigKeys (ConfUtils.java:logGet(43)) - raft.server.snapshot.auto.trigger.enabled = true (custom)
2019-08-03 03:30:44,244 INFO  server.RaftServerConfigKeys (ConfUtils.java:logGet(43)) - raft.server.snapshot.auto.trigger.threshold = 10000 (custom)
2019-08-03 03:30:44,244 INFO  server.RaftServerConfigKeys (ConfUtils.java:logGet(43)) - raft.server.retrycache.expirytime = 600000ms (custom)
2019-08-03 03:30:44,244 INFO  impl.RaftServerImpl (RaftServerImpl.java:start(180)) - 7e9f1cf6-23aa-4900-8565-d24fa19e1aec: start group-2ED47EB7A6DE
2019-08-03 03:30:44,244 INFO  impl.RaftServerImpl (RaftServerImpl.java:setRole(171)) - 7e9f1cf6-23aa-4900-8565-d24fa19e1aec:group-2ED47EB7A6DE changes role from null to FOLLOWER at term 0 for startAsFollower
2019-08-03 03:30:44,245 INFO  impl.RoleInfo (RoleInfo.java:updateAndGet(143)) - 7e9f1cf6-23aa-4900-8565-d24fa19e1aec: start FollowerState
2019-08-03 03:30:44,245 INFO  util.JmxRegister (JmxRegister.java:tryRegister(44)) - Successfully registered JMX Bean with object name Ratis:service=RaftServer,group=group-2ED47EB7A6DE,id=7e9f1cf6-23aa-4900-8565-d24fa19e1aec
2019-08-03 03:30:44,260 INFO  pipeline.PipelineStateManager (PipelineStateManager.java:addPipeline(56)) - Created pipeline Pipeline[ Id: 11335c18-ba84-41a4-875d-2ed47eb7a6de, Nodes: 7e9f1cf6-23aa-4900-8565-d24fa19e1aec{ip: 192.168.5.147, host: byscane-nightly-b86qh-2100283676, networkLocation: /default-rack, certSerialId: null}, Type:RATIS, Factor:ONE, State:OPEN]
2019-08-03 03:30:44,281 INFO  impl.RaftServerProxy (RaftServerProxy.java:addNew(89)) - 0f377a22-0386-49aa-97e9-1a7f611d7a2e: addNew group-8C81C2E7DB81:[0f377a22-0386-49aa-97e9-1a7f611d7a2e:192.168.5.147:35733] returns group-8C81C2E7DB81:java.util.concurrent.CompletableFuture@47206508[Not completed]
2019-08-03 03:30:44,284 INFO  impl.RaftServerImpl (RaftServerImpl.java:<init>(93)) - 0f377a22-0386-49aa-97e9-1a7f611d7a2e: new RaftServerImpl for group-8C81C2E7DB81:[0f377a22-0386-49aa-97e9-1a7f611d7a2e:192.168.5.147:35733] with ContainerStateMachine:uninitialized
2019-08-03 03:30:44,286 INFO  server.RaftServerConfigKeys (ConfUtils.java:logGet(43)) - raft.server.rpc.timeout.min = 5s (custom)
2019-08-03 03:30:44,286 INFO  server.RaftServerConfigKeys (ConfUtils.java:logGet(43)) - raft.server.rpc.timeout.max = 5200ms (custom)
2019-08-03 03:30:44,286 INFO  server.RaftServerConfigKeys (ConfUtils.java:logGet(43)) - raft.server.rpcslowness.timeout = 120s (custom)
2019-08-03 03:30:44,286 INFO  server.RaftServerConfigKeys (ConfUtils.java:logGet(43)) - raft.server.sleep.deviation.threshold = 300 (default)
2019-08-03 03:30:44,286 INFO  server.RaftServerConfigKeys (ConfUtils.java:logGet(43)) - raft.server.log.appender.install.snapshot.enabled = false (custom)
2019-08-03 03:30:44,287 INFO  impl.RaftServerImpl (ServerState.java:<init>(105)) - 0f377a22-0386-49aa-97e9-1a7f611d7a2e:group-8C81C2E7DB81 ConfigurationManager, init=-1: [0f377a22-0386-49aa-97e9-1a7f611d7a2e:192.168.5.147:35733], old=null, confs=<EMPTY_MAP>
2019-08-03 03:30:44,287 INFO  server.RaftServerConfigKeys (ConfUtils.java:logGet(43)) - raft.server.storage.dir = [/workdir/hadoop-ozone/integration-test/target/test-dir/MiniOzoneClusterImpl-6d9f27d0-f135-4509-a70e-1d3c49807de0/datanode-1/data/ratis] (custom)
2019-08-03 03:30:44,287 INFO  storage.RaftStorageDirectory (RaftStorageDirectory.java:analyzeStorage(246)) - The storage directory /workdir/hadoop-ozone/integration-test/target/test-dir/MiniOzoneClusterImpl-6d9f27d0-f135-4509-a70e-1d3c49807de0/datanode-1/data/ratis/5512e5db-4d8e-4d40-887b-8c81c2e7db81 does not exist. Creating ...
2019-08-03 03:30:44,292 INFO  storage.RaftStorageDirectory (RaftStorageDirectory.java:tryLock(328)) - Lock on /workdir/hadoop-ozone/integration-test/target/test-dir/MiniOzoneClusterImpl-6d9f27d0-f135-4509-a70e-1d3c49807de0/datanode-1/data/ratis/5512e5db-4d8e-4d40-887b-8c81c2e7db81/in_use.lock acquired by nodename 478@byscane-nightly-b86qh-2100283676
2019-08-03 03:30:44,295 INFO  storage.RaftStorage (RaftStorage.java:format(72)) - Storage directory /workdir/hadoop-ozone/integration-test/target/test-dir/MiniOzoneClusterImpl-6d9f27d0-f135-4509-a70e-1d3c49807de0/datanode-1/data/ratis/5512e5db-4d8e-4d40-887b-8c81c2e7db81 has been successfully formatted.
2019-08-03 03:30:44,296 INFO  ratis.ContainerStateMachine (ContainerStateMachine.java:loadSnapshot(213)) - group-8C81C2E7DB81: The snapshot info is null. Setting the last applied indexto:(t:0, i:~)
2019-08-03 03:30:44,296 INFO  server.RaftServerConfigKeys (ConfUtils.java:logGet(43)) - raft.server.leader.election.timeout = 120s (custom)
2019-08-03 03:30:44,296 INFO  server.RaftServerConfigKeys (ConfUtils.java:logGet(43)) - raft.server.log.use.memory = false (default)
2019-08-03 03:30:44,296 INFO  server.RaftServerConfigKeys (ConfUtils.java:logGet(43)) - raft.server.log.purge.gap = 1000000000 (custom)
2019-08-03 03:30:44,296 INFO  server.RaftServerConfigKeys (ConfUtils.java:logGet(43)) - raft.server.log.appender.buffer.byte-limit = 33554432 (custom)
2019-08-03 03:30:44,296 INFO  server.RaftServerConfigKeys (ConfUtils.java:logGet(43)) - raft.server.log.segment.size.max = 1048576 (custom)
2019-08-03 03:30:44,297 INFO  server.RaftServerConfigKeys (ConfUtils.java:logGet(43)) - raft.server.log.segment.cache.num.max = 2 (custom)
2019-08-03 03:30:44,297 INFO  segmented.SegmentedRaftLogWorker (SegmentedRaftLogWorker.java:<init>(172)) - new 0f377a22-0386-49aa-97e9-1a7f611d7a2e-SegmentedRaftLogWorker:Storage Directory /workdir/hadoop-ozone/integration-test/target/test-dir/MiniOzoneClusterImpl-6d9f27d0-f135-4509-a70e-1d3c49807de0/datanode-1/data/ratis/5512e5db-4d8e-4d40-887b-8c81c2e7db81 for RaftStorage:Storage Directory /workdir/hadoop-ozone/integration-test/target/test-dir/MiniOzoneClusterImpl-6d9f27d0-f135-4509-a70e-1d3c49807de0/datanode-1/data/ratis/5512e5db-4d8e-4d40-887b-8c81c2e7db81
2019-08-03 03:30:44,297 INFO  server.RaftServerConfigKeys (ConfUtils.java:logGet(43)) - raft.server.log.queue.byte-limit = 2147483647 (custom)
2019-08-03 03:30:44,297 INFO  server.RaftServerConfigKeys (ConfUtils.java:logGet(43)) - raft.server.log.queue.element-limit = 1024 (custom)
2019-08-03 03:30:44,298 INFO  server.RaftServerConfigKeys (ConfUtils.java:logGet(43)) - raft.server.log.segment.size.max = 1048576 (custom)
2019-08-03 03:30:44,298 INFO  server.RaftServerConfigKeys (ConfUtils.java:logGet(43)) - raft.server.log.preallocated.size = 16384 (custom)
2019-08-03 03:30:44,298 INFO  server.RaftServerConfigKeys (ConfUtils.java:logGet(43)) - raft.server.log.write.buffer.size = 33554432 (custom)
2019-08-03 03:30:44,298 INFO  server.RaftServerConfigKeys (ConfUtils.java:logGet(43)) - raft.server.log.force.sync.num = 128 (default)
2019-08-03 03:30:44,298 INFO  server.RaftServerConfigKeys (ConfUtils.java:logGet(43)) - raft.server.log.statemachine.data.sync = true (default)
2019-08-03 03:30:44,298 INFO  server.RaftServerConfigKeys (ConfUtils.java:logGet(43)) - raft.server.log.statemachine.data.sync.timeout = 10s (default)
2019-08-03 03:30:44,299 INFO  server.RaftServerConfigKeys (ConfUtils.java:logGet(43)) - raft.server.log.statemachine.data.sync.timeout.retry = -1 (default)
2019-08-03 03:30:44,299 INFO  server.RaftServerConfigKeys (ConfUtils.java:logGet(43)) - raft.server.log.statemachine.data.caching.enabled = true (custom)
2019-08-03 03:30:44,299 INFO  segmented.SegmentedRaftLogWorker (SegmentedRaftLogWorker.java:lambda$new$0(132)) - 0f377a22-0386-49aa-97e9-1a7f611d7a2e-SegmentedRaftLogWorker:Storage Directory /workdir/hadoop-ozone/integration-test/target/test-dir/MiniOzoneClusterImpl-6d9f27d0-f135-4509-a70e-1d3c49807de0/datanode-1/data/ratis/5512e5db-4d8e-4d40-887b-8c81c2e7db81: flushIndex: setUnconditionally 0 -> -1
2019-08-03 03:30:44,300 INFO  server.RaftServerConfigKeys (ConfUtils.java:logGet(43)) - raft.server.snapshot.auto.trigger.enabled = true (custom)
2019-08-03 03:30:44,300 INFO  server.RaftServerConfigKeys (ConfUtils.java:logGet(43)) - raft.server.snapshot.auto.trigger.threshold = 10000 (custom)
2019-08-03 03:30:44,300 INFO  server.RaftServerConfigKeys (ConfUtils.java:logGet(43)) - raft.server.retrycache.expirytime = 600000ms (custom)
2019-08-03 03:30:44,301 INFO  impl.RaftServerImpl (RaftServerImpl.java:start(180)) - 0f377a22-0386-49aa-97e9-1a7f611d7a2e: start group-8C81C2E7DB81
2019-08-03 03:30:44,301 INFO  impl.RaftServerImpl (RaftServerImpl.java:setRole(171)) - 0f377a22-0386-49aa-97e9-1a7f611d7a2e:group-8C81C2E7DB81 changes role from null to FOLLOWER at term 0 for startAsFollower
2019-08-03 03:30:44,301 INFO  impl.RoleInfo (RoleInfo.java:updateAndGet(143)) - 0f377a22-0386-49aa-97e9-1a7f611d7a2e: start FollowerState
2019-08-03 03:30:44,301 INFO  util.JmxRegister (JmxRegister.java:tryRegister(44)) - Successfully registered JMX Bean with object name Ratis:service=RaftServer,group=group-8C81C2E7DB81,id=0f377a22-0386-49aa-97e9-1a7f611d7a2e
2019-08-03 03:30:44,320 INFO  pipeline.PipelineStateManager (PipelineStateManager.java:addPipeline(56)) - Created pipeline Pipeline[ Id: 5512e5db-4d8e-4d40-887b-8c81c2e7db81, Nodes: 0f377a22-0386-49aa-97e9-1a7f611d7a2e{ip: 192.168.5.147, host: byscane-nightly-b86qh-2100283676, networkLocation: /default-rack, certSerialId: null}, Type:RATIS, Factor:ONE, State:OPEN]
2019-08-03 03:30:44,356 INFO  impl.RaftServerProxy (RaftServerProxy.java:addNew(89)) - 67342acf-f115-46bf-aa80-d319ab45a04b: addNew group-421F8A4D9F42:[ba84adb8-7d6b-4055-b653-0ef7bf04c5a7:192.168.5.147:43806, 67d27a43-c8c9-4c8d-bb1c-6998b10edf76:192.168.5.147:41713, 67342acf-f115-46bf-aa80-d319ab45a04b:192.168.5.147:46407] returns group-421F8A4D9F42:java.util.concurrent.CompletableFuture@5876cfc8[Not completed]
2019-08-03 03:30:44,359 INFO  impl.RaftServerProxy (RaftServerProxy.java:addNew(89)) - ba84adb8-7d6b-4055-b653-0ef7bf04c5a7: addNew group-421F8A4D9F42:[ba84adb8-7d6b-4055-b653-0ef7bf04c5a7:192.168.5.147:43806, 67d27a43-c8c9-4c8d-bb1c-6998b10edf76:192.168.5.147:41713, 67342acf-f115-46bf-aa80-d319ab45a04b:192.168.5.147:46407] returns group-421F8A4D9F42:java.util.concurrent.CompletableFuture@5c49401e[Not completed]
2019-08-03 03:30:44,361 INFO  impl.RaftServerImpl (RaftServerImpl.java:<init>(93)) - 67342acf-f115-46bf-aa80-d319ab45a04b: new RaftServerImpl for group-421F8A4D9F42:[ba84adb8-7d6b-4055-b653-0ef7bf04c5a7:192.168.5.147:43806, 67d27a43-c8c9-4c8d-bb1c-6998b10edf76:192.168.5.147:41713, 67342acf-f115-46bf-aa80-d319ab45a04b:192.168.5.147:46407] with ContainerStateMachine:uninitialized
2019-08-03 03:30:44,362 INFO  server.RaftServerConfigKeys (ConfUtils.java:logGet(43)) - raft.server.rpc.timeout.min = 5s (custom)
2019-08-03 03:30:44,362 INFO  impl.RaftServerProxy (RaftServerProxy.java:addNew(89)) - 67d27a43-c8c9-4c8d-bb1c-6998b10edf76: addNew group-421F8A4D9F42:[ba84adb8-7d6b-4055-b653-0ef7bf04c5a7:192.168.5.147:43806, 67d27a43-c8c9-4c8d-bb1c-6998b10edf76:192.168.5.147:41713, 67342acf-f115-46bf-aa80-d319ab45a04b:192.168.5.147:46407] returns group-421F8A4D9F42:java.util.concurrent.CompletableFuture@194bc5f3[Not completed]
2019-08-03 03:30:44,362 INFO  server.RaftServerConfigKeys (ConfUtils.java:logGet(43)) - raft.server.rpc.timeout.max = 5200ms (custom)
2019-08-03 03:30:44,362 INFO  server.RaftServerConfigKeys (ConfUtils.java:logGet(43)) - raft.server.rpcslowness.timeout = 120s (custom)
2019-08-03 03:30:44,362 INFO  impl.RaftServerImpl (RaftServerImpl.java:<init>(93)) - ba84adb8-7d6b-4055-b653-0ef7bf04c5a7: new RaftServerImpl for group-421F8A4D9F42:[ba84adb8-7d6b-4055-b653-0ef7bf04c5a7:192.168.5.147:43806, 67d27a43-c8c9-4c8d-bb1c-6998b10edf76:192.168.5.147:41713, 67342acf-f115-46bf-aa80-d319ab45a04b:192.168.5.147:46407] with ContainerStateMachine:uninitialized
2019-08-03 03:30:44,362 INFO  server.RaftServerConfigKeys (ConfUtils.java:logGet(43)) - raft.server.sleep.deviation.threshold = 300 (default)
2019-08-03 03:30:44,363 INFO  server.RaftServerConfigKeys (ConfUtils.java:logGet(43)) - raft.server.rpc.timeout.min = 5s (custom)
2019-08-03 03:30:44,363 INFO  server.RaftServerConfigKeys (ConfUtils.java:logGet(43)) - raft.server.log.appender.install.snapshot.enabled = false (custom)
2019-08-03 03:30:44,363 INFO  server.RaftServerConfigKeys (ConfUtils.java:logGet(43)) - raft.server.rpc.timeout.max = 5200ms (custom)
2019-08-03 03:30:44,363 INFO  impl.RaftServerImpl (ServerState.java:<init>(105)) - 67342acf-f115-46bf-aa80-d319ab45a04b:group-421F8A4D9F42 ConfigurationManager, init=-1: [ba84adb8-7d6b-4055-b653-0ef7bf04c5a7:192.168.5.147:43806, 67d27a43-c8c9-4c8d-bb1c-6998b10edf76:192.168.5.147:41713, 67342acf-f115-46bf-aa80-d319ab45a04b:192.168.5.147:46407], old=null, confs=<EMPTY_MAP>
2019-08-03 03:30:44,363 INFO  impl.RaftServerImpl (RaftServerImpl.java:<init>(93)) - 67d27a43-c8c9-4c8d-bb1c-6998b10edf76: new RaftServerImpl for group-421F8A4D9F42:[ba84adb8-7d6b-4055-b653-0ef7bf04c5a7:192.168.5.147:43806, 67d27a43-c8c9-4c8d-bb1c-6998b10edf76:192.168.5.147:41713, 67342acf-f115-46bf-aa80-d319ab45a04b:192.168.5.147:46407] with ContainerStateMachine:uninitialized
2019-08-03 03:30:44,363 INFO  server.RaftServerConfigKeys (ConfUtils.java:logGet(43)) - raft.server.rpcslowness.timeout = 120s (custom)
2019-08-03 03:30:44,363 INFO  server.RaftServerConfigKeys (ConfUtils.java:logGet(43)) - raft.server.rpc.timeout.min = 5s (custom)
2019-08-03 03:30:44,363 INFO  server.RaftServerConfigKeys (ConfUtils.java:logGet(43)) - raft.server.storage.dir = [/workdir/hadoop-ozone/integration-test/target/test-dir/MiniOzoneClusterImpl-6d9f27d0-f135-4509-a70e-1d3c49807de0/datanode-0/data/ratis] (custom)
2019-08-03 03:30:44,364 INFO  server.RaftServerConfigKeys (ConfUtils.java:logGet(43)) - raft.server.rpc.timeout.max = 5200ms (custom)
2019-08-03 03:30:44,364 INFO  server.RaftServerConfigKeys (ConfUtils.java:logGet(43)) - raft.server.sleep.deviation.threshold = 300 (default)
2019-08-03 03:30:44,364 INFO  storage.RaftStorageDirectory (RaftStorageDirectory.java:analyzeStorage(246)) - The storage directory /workdir/hadoop-ozone/integration-test/target/test-dir/MiniOzoneClusterImpl-6d9f27d0-f135-4509-a70e-1d3c49807de0/datanode-0/data/ratis/c7908237-46b5-4cd7-bce8-421f8a4d9f42 does not exist. Creating ...
2019-08-03 03:30:44,364 INFO  server.RaftServerConfigKeys (ConfUtils.java:logGet(43)) - raft.server.rpcslowness.timeout = 120s (custom)
2019-08-03 03:30:44,364 INFO  server.RaftServerConfigKeys (ConfUtils.java:logGet(43)) - raft.server.log.appender.install.snapshot.enabled = false (custom)
2019-08-03 03:30:44,364 INFO  server.RaftServerConfigKeys (ConfUtils.java:logGet(43)) - raft.server.sleep.deviation.threshold = 300 (default)
2019-08-03 03:30:44,365 INFO  impl.RaftServerImpl (ServerState.java:<init>(105)) - ba84adb8-7d6b-4055-b653-0ef7bf04c5a7:group-421F8A4D9F42 ConfigurationManager, init=-1: [ba84adb8-7d6b-4055-b653-0ef7bf04c5a7:192.168.5.147:43806, 67d27a43-c8c9-4c8d-bb1c-6998b10edf76:192.168.5.147:41713, 67342acf-f115-46bf-aa80-d319ab45a04b:192.168.5.147:46407], old=null, confs=<EMPTY_MAP>
2019-08-03 03:30:44,365 INFO  server.RaftServerConfigKeys (ConfUtils.java:logGet(43)) - raft.server.log.appender.install.snapshot.enabled = false (custom)
2019-08-03 03:30:44,365 INFO  server.RaftServerConfigKeys (ConfUtils.java:logGet(43)) - raft.server.storage.dir = [/workdir/hadoop-ozone/integration-test/target/test-dir/MiniOzoneClusterImpl-6d9f27d0-f135-4509-a70e-1d3c49807de0/datanode-3/data/ratis] (custom)
2019-08-03 03:30:44,365 INFO  impl.RaftServerImpl (ServerState.java:<init>(105)) - 67d27a43-c8c9-4c8d-bb1c-6998b10edf76:group-421F8A4D9F42 ConfigurationManager, init=-1: [ba84adb8-7d6b-4055-b653-0ef7bf04c5a7:192.168.5.147:43806, 67d27a43-c8c9-4c8d-bb1c-6998b10edf76:192.168.5.147:41713, 67342acf-f115-46bf-aa80-d319ab45a04b:192.168.5.147:46407], old=null, confs=<EMPTY_MAP>
2019-08-03 03:30:44,365 INFO  server.RaftServerConfigKeys (ConfUtils.java:logGet(43)) - raft.server.storage.dir = [/workdir/hadoop-ozone/integration-test/target/test-dir/MiniOzoneClusterImpl-6d9f27d0-f135-4509-a70e-1d3c49807de0/datanode-2/data/ratis] (custom)
2019-08-03 03:30:44,365 INFO  storage.RaftStorageDirectory (RaftStorageDirectory.java:analyzeStorage(246)) - The storage directory /workdir/hadoop-ozone/integration-test/target/test-dir/MiniOzoneClusterImpl-6d9f27d0-f135-4509-a70e-1d3c49807de0/datanode-3/data/ratis/c7908237-46b5-4cd7-bce8-421f8a4d9f42 does not exist. Creating ...
2019-08-03 03:30:44,366 INFO  storage.RaftStorageDirectory (RaftStorageDirectory.java:analyzeStorage(246)) - The storage directory /workdir/hadoop-ozone/integration-test/target/test-dir/MiniOzoneClusterImpl-6d9f27d0-f135-4509-a70e-1d3c49807de0/datanode-2/data/ratis/c7908237-46b5-4cd7-bce8-421f8a4d9f42 does not exist. Creating ...
2019-08-03 03:30:44,378 INFO  storage.RaftStorageDirectory (RaftStorageDirectory.java:tryLock(328)) - Lock on /workdir/hadoop-ozone/integration-test/target/test-dir/MiniOzoneClusterImpl-6d9f27d0-f135-4509-a70e-1d3c49807de0/datanode-2/data/ratis/c7908237-46b5-4cd7-bce8-421f8a4d9f42/in_use.lock acquired by nodename 478@byscane-nightly-b86qh-2100283676
2019-08-03 03:30:44,378 INFO  storage.RaftStorageDirectory (RaftStorageDirectory.java:tryLock(328)) - Lock on /workdir/hadoop-ozone/integration-test/target/test-dir/MiniOzoneClusterImpl-6d9f27d0-f135-4509-a70e-1d3c49807de0/datanode-0/data/ratis/c7908237-46b5-4cd7-bce8-421f8a4d9f42/in_use.lock acquired by nodename 478@byscane-nightly-b86qh-2100283676
2019-08-03 03:30:44,378 INFO  storage.RaftStorageDirectory (RaftStorageDirectory.java:tryLock(328)) - Lock on /workdir/hadoop-ozone/integration-test/target/test-dir/MiniOzoneClusterImpl-6d9f27d0-f135-4509-a70e-1d3c49807de0/datanode-3/data/ratis/c7908237-46b5-4cd7-bce8-421f8a4d9f42/in_use.lock acquired by nodename 478@byscane-nightly-b86qh-2100283676
2019-08-03 03:30:44,384 INFO  storage.RaftStorage (RaftStorage.java:format(72)) - Storage directory /workdir/hadoop-ozone/integration-test/target/test-dir/MiniOzoneClusterImpl-6d9f27d0-f135-4509-a70e-1d3c49807de0/datanode-2/data/ratis/c7908237-46b5-4cd7-bce8-421f8a4d9f42 has been successfully formatted.
2019-08-03 03:30:44,384 INFO  storage.RaftStorage (RaftStorage.java:format(72)) - Storage directory /workdir/hadoop-ozone/integration-test/target/test-dir/MiniOzoneClusterImpl-6d9f27d0-f135-4509-a70e-1d3c49807de0/datanode-3/data/ratis/c7908237-46b5-4cd7-bce8-421f8a4d9f42 has been successfully formatted.
2019-08-03 03:30:44,384 INFO  storage.RaftStorage (RaftStorage.java:format(72)) - Storage directory /workdir/hadoop-ozone/integration-test/target/test-dir/MiniOzoneClusterImpl-6d9f27d0-f135-4509-a70e-1d3c49807de0/datanode-0/data/ratis/c7908237-46b5-4cd7-bce8-421f8a4d9f42 has been successfully formatted.
2019-08-03 03:30:44,385 INFO  ratis.ContainerStateMachine (ContainerStateMachine.java:loadSnapshot(213)) - group-421F8A4D9F42: The snapshot info is null. Setting the last applied indexto:(t:0, i:~)
2019-08-03 03:30:44,385 INFO  ratis.ContainerStateMachine (ContainerStateMachine.java:loadSnapshot(213)) - group-421F8A4D9F42: The snapshot info is null. Setting the last applied indexto:(t:0, i:~)
2019-08-03 03:30:44,385 INFO  server.RaftServerConfigKeys (ConfUtils.java:logGet(43)) - raft.server.leader.election.timeout = 120s (custom)
2019-08-03 03:30:44,385 INFO  ratis.ContainerStateMachine (ContainerStateMachine.java:loadSnapshot(213)) - group-421F8A4D9F42: The snapshot info is null. Setting the last applied indexto:(t:0, i:~)
2019-08-03 03:30:44,385 INFO  server.RaftServerConfigKeys (ConfUtils.java:logGet(43)) - raft.server.log.use.memory = false (default)
2019-08-03 03:30:44,385 INFO  server.RaftServerConfigKeys (ConfUtils.java:logGet(43)) - raft.server.leader.election.timeout = 120s (custom)
2019-08-03 03:30:44,386 INFO  server.RaftServerConfigKeys (ConfUtils.java:logGet(43)) - raft.server.log.purge.gap = 1000000000 (custom)
2019-08-03 03:30:44,386 INFO  server.RaftServerConfigKeys (ConfUtils.java:logGet(43)) - raft.server.leader.election.timeout = 120s (custom)
2019-08-03 03:30:44,386 INFO  server.RaftServerConfigKeys (ConfUtils.java:logGet(43)) - raft.server.log.appender.buffer.byte-limit = 33554432 (custom)
2019-08-03 03:30:44,386 INFO  server.RaftServerConfigKeys (ConfUtils.java:logGet(43)) - raft.server.log.use.memory = false (default)
2019-08-03 03:30:44,386 INFO  server.RaftServerConfigKeys (ConfUtils.java:logGet(43)) - raft.server.log.segment.size.max = 1048576 (custom)
2019-08-03 03:30:44,386 INFO  server.RaftServerConfigKeys (ConfUtils.java:logGet(43)) - raft.server.log.use.memory = false (default)
2019-08-03 03:30:44,386 INFO  server.RaftServerConfigKeys (ConfUtils.java:logGet(43)) - raft.server.log.segment.cache.num.max = 2 (custom)
2019-08-03 03:30:44,386 INFO  server.RaftServerConfigKeys (ConfUtils.java:logGet(43)) - raft.server.log.purge.gap = 1000000000 (custom)
2019-08-03 03:30:44,387 INFO  segmented.SegmentedRaftLogWorker (SegmentedRaftLogWorker.java:<init>(172)) - new ba84adb8-7d6b-4055-b653-0ef7bf04c5a7-SegmentedRaftLogWorker:Storage Directory /workdir/hadoop-ozone/integration-test/target/test-dir/MiniOzoneClusterImpl-6d9f27d0-f135-4509-a70e-1d3c49807de0/datanode-3/data/ratis/c7908237-46b5-4cd7-bce8-421f8a4d9f42 for RaftStorage:Storage Directory /workdir/hadoop-ozone/integration-test/target/test-dir/MiniOzoneClusterImpl-6d9f27d0-f135-4509-a70e-1d3c49807de0/datanode-3/data/ratis/c7908237-46b5-4cd7-bce8-421f8a4d9f42
2019-08-03 03:30:44,387 INFO  server.RaftServerConfigKeys (ConfUtils.java:logGet(43)) - raft.server.log.purge.gap = 1000000000 (custom)
2019-08-03 03:30:44,387 INFO  server.RaftServerConfigKeys (ConfUtils.java:logGet(43)) - raft.server.log.queue.byte-limit = 2147483647 (custom)
2019-08-03 03:30:44,387 INFO  server.RaftServerConfigKeys (ConfUtils.java:logGet(43)) - raft.server.log.appender.buffer.byte-limit = 33554432 (custom)
2019-08-03 03:30:44,388 INFO  server.RaftServerConfigKeys (ConfUtils.java:logGet(43)) - raft.server.log.queue.element-limit = 1024 (custom)
2019-08-03 03:30:44,388 INFO  server.RaftServerConfigKeys (ConfUtils.java:logGet(43)) - raft.server.log.appender.buffer.byte-limit = 33554432 (custom)
2019-08-03 03:30:44,389 INFO  server.RaftServerConfigKeys (ConfUtils.java:logGet(43)) - raft.server.log.segment.size.max = 1048576 (custom)
2019-08-03 03:30:44,389 INFO  server.RaftServerConfigKeys (ConfUtils.java:logGet(43)) - raft.server.log.segment.size.max = 1048576 (custom)
2019-08-03 03:30:44,389 INFO  server.RaftServerConfigKeys (ConfUtils.java:logGet(43)) - raft.server.log.preallocated.size = 16384 (custom)
2019-08-03 03:30:44,389 INFO  server.RaftServerConfigKeys (ConfUtils.java:logGet(43)) - raft.server.log.segment.size.max = 1048576 (custom)
2019-08-03 03:30:44,389 INFO  server.RaftServerConfigKeys (ConfUtils.java:logGet(43)) - raft.server.log.write.buffer.size = 33554432 (custom)
2019-08-03 03:30:44,389 INFO  server.RaftServerConfigKeys (ConfUtils.java:logGet(43)) - raft.server.log.segment.cache.num.max = 2 (custom)
2019-08-03 03:30:44,390 INFO  server.RaftServerConfigKeys (ConfUtils.java:logGet(43)) - raft.server.log.force.sync.num = 128 (default)
2019-08-03 03:30:44,390 INFO  server.RaftServerConfigKeys (ConfUtils.java:logGet(43)) - raft.server.log.segment.cache.num.max = 2 (custom)
2019-08-03 03:30:44,390 INFO  server.RaftServerConfigKeys (ConfUtils.java:logGet(43)) - raft.server.log.statemachine.data.sync = true (default)
2019-08-03 03:30:44,390 INFO  segmented.SegmentedRaftLogWorker (SegmentedRaftLogWorker.java:<init>(172)) - new 67d27a43-c8c9-4c8d-bb1c-6998b10edf76-SegmentedRaftLogWorker:Storage Directory /workdir/hadoop-ozone/integration-test/target/test-dir/MiniOzoneClusterImpl-6d9f27d0-f135-4509-a70e-1d3c49807de0/datanode-2/data/ratis/c7908237-46b5-4cd7-bce8-421f8a4d9f42 for RaftStorage:Storage Directory /workdir/hadoop-ozone/integration-test/target/test-dir/MiniOzoneClusterImpl-6d9f27d0-f135-4509-a70e-1d3c49807de0/datanode-2/data/ratis/c7908237-46b5-4cd7-bce8-421f8a4d9f42
2019-08-03 03:30:44,390 INFO  server.RaftServerConfigKeys (ConfUtils.java:logGet(43)) - raft.server.log.statemachine.data.sync.timeout = 10s (default)
2019-08-03 03:30:44,390 INFO  segmented.SegmentedRaftLogWorker (SegmentedRaftLogWorker.java:<init>(172)) - new 67342acf-f115-46bf-aa80-d319ab45a04b-SegmentedRaftLogWorker:Storage Directory /workdir/hadoop-ozone/integration-test/target/test-dir/MiniOzoneClusterImpl-6d9f27d0-f135-4509-a70e-1d3c49807de0/datanode-0/data/ratis/c7908237-46b5-4cd7-bce8-421f8a4d9f42 for RaftStorage:Storage Directory /workdir/hadoop-ozone/integration-test/target/test-dir/MiniOzoneClusterImpl-6d9f27d0-f135-4509-a70e-1d3c49807de0/datanode-0/data/ratis/c7908237-46b5-4cd7-bce8-421f8a4d9f42
2019-08-03 03:30:44,390 INFO  server.RaftServerConfigKeys (ConfUtils.java:logGet(43)) - raft.server.log.statemachine.data.sync.timeout.retry = -1 (default)
2019-08-03 03:30:44,390 INFO  server.RaftServerConfigKeys (ConfUtils.java:logGet(43)) - raft.server.log.queue.byte-limit = 2147483647 (custom)
2019-08-03 03:30:44,407 INFO  server.RaftServerConfigKeys (ConfUtils.java:logGet(43)) - raft.server.log.statemachine.data.caching.enabled = true (custom)
2019-08-03 03:30:44,396 INFO  server.RaftServerConfigKeys (ConfUtils.java:logGet(43)) - raft.server.log.queue.byte-limit = 2147483647 (custom)
2019-08-03 03:30:44,407 INFO  server.RaftServerConfigKeys (ConfUtils.java:logGet(43)) - raft.server.log.queue.element-limit = 1024 (custom)
2019-08-03 03:30:44,408 INFO  server.RaftServerConfigKeys (ConfUtils.java:logGet(43)) - raft.server.log.queue.element-limit = 1024 (custom)
2019-08-03 03:30:44,408 INFO  segmented.SegmentedRaftLogWorker (SegmentedRaftLogWorker.java:lambda$new$0(132)) - ba84adb8-7d6b-4055-b653-0ef7bf04c5a7-SegmentedRaftLogWorker:Storage Directory /workdir/hadoop-ozone/integration-test/target/test-dir/MiniOzoneClusterImpl-6d9f27d0-f135-4509-a70e-1d3c49807de0/datanode-3/data/ratis/c7908237-46b5-4cd7-bce8-421f8a4d9f42: flushIndex: setUnconditionally 0 -> -1
2019-08-03 03:30:44,408 INFO  server.RaftServerConfigKeys (ConfUtils.java:logGet(43)) - raft.server.log.segment.size.max = 1048576 (custom)
2019-08-03 03:30:44,408 INFO  server.RaftServerConfigKeys (ConfUtils.java:logGet(43)) - raft.server.log.segment.size.max = 1048576 (custom)
2019-08-03 03:30:44,409 INFO  server.RaftServerConfigKeys (ConfUtils.java:logGet(43)) - raft.server.snapshot.auto.trigger.enabled = true (custom)
2019-08-03 03:30:44,409 INFO  server.RaftServerConfigKeys (ConfUtils.java:logGet(43)) - raft.server.log.preallocated.size = 16384 (custom)
2019-08-03 03:30:44,409 INFO  server.RaftServerConfigKeys (ConfUtils.java:logGet(43)) - raft.server.snapshot.auto.trigger.threshold = 10000 (custom)
2019-08-03 03:30:44,409 INFO  server.RaftServerConfigKeys (ConfUtils.java:logGet(43)) - raft.server.log.preallocated.size = 16384 (custom)
2019-08-03 03:30:44,409 INFO  server.RaftServerConfigKeys (ConfUtils.java:logGet(43)) - raft.server.retrycache.expirytime = 600000ms (custom)
2019-08-03 03:30:44,409 INFO  server.RaftServerConfigKeys (ConfUtils.java:logGet(43)) - raft.server.log.write.buffer.size = 33554432 (custom)
2019-08-03 03:30:44,409 INFO  impl.RaftServerImpl (RaftServerImpl.java:start(180)) - ba84adb8-7d6b-4055-b653-0ef7bf04c5a7: start group-421F8A4D9F42
2019-08-03 03:30:44,409 INFO  server.RaftServerConfigKeys (ConfUtils.java:logGet(43)) - raft.server.log.write.buffer.size = 33554432 (custom)
2019-08-03 03:30:44,410 INFO  impl.RaftServerImpl (RaftServerImpl.java:setRole(171)) - ba84adb8-7d6b-4055-b653-0ef7bf04c5a7:group-421F8A4D9F42 changes role from null to FOLLOWER at term 0 for startAsFollower
2019-08-03 03:30:44,410 INFO  server.RaftServerConfigKeys (ConfUtils.java:logGet(43)) - raft.server.log.force.sync.num = 128 (default)
2019-08-03 03:30:44,410 INFO  impl.RoleInfo (RoleInfo.java:updateAndGet(143)) - ba84adb8-7d6b-4055-b653-0ef7bf04c5a7: start FollowerState
2019-08-03 03:30:44,410 INFO  server.RaftServerConfigKeys (ConfUtils.java:logGet(43)) - raft.server.log.force.sync.num = 128 (default)
2019-08-03 03:30:44,410 INFO  server.RaftServerConfigKeys (ConfUtils.java:logGet(43)) - raft.server.log.statemachine.data.sync = true (default)
2019-08-03 03:30:44,410 INFO  server.RaftServerConfigKeys (ConfUtils.java:logGet(43)) - raft.server.log.statemachine.data.sync = true (default)
2019-08-03 03:30:44,410 INFO  server.RaftServerConfigKeys (ConfUtils.java:logGet(43)) - raft.server.log.statemachine.data.sync.timeout = 10s (default)
2019-08-03 03:30:44,410 INFO  util.JmxRegister (JmxRegister.java:tryRegister(44)) - Successfully registered JMX Bean with object name Ratis:service=RaftServer,group=group-421F8A4D9F42,id=ba84adb8-7d6b-4055-b653-0ef7bf04c5a7
2019-08-03 03:30:44,411 INFO  server.RaftServerConfigKeys (ConfUtils.java:logGet(43)) - raft.server.log.statemachine.data.sync.timeout.retry = -1 (default)
2019-08-03 03:30:44,411 INFO  server.RaftServerConfigKeys (ConfUtils.java:logGet(43)) - raft.server.log.statemachine.data.sync.timeout = 10s (default)
2019-08-03 03:30:44,411 INFO  server.RaftServerConfigKeys (ConfUtils.java:logGet(43)) - raft.server.log.statemachine.data.caching.enabled = true (custom)
2019-08-03 03:30:44,411 INFO  server.RaftServerConfigKeys (ConfUtils.java:logGet(43)) - raft.server.log.statemachine.data.sync.timeout.retry = -1 (default)
2019-08-03 03:30:44,412 INFO  segmented.SegmentedRaftLogWorker (SegmentedRaftLogWorker.java:lambda$new$0(132)) - 67342acf-f115-46bf-aa80-d319ab45a04b-SegmentedRaftLogWorker:Storage Directory /workdir/hadoop-ozone/integration-test/target/test-dir/MiniOzoneClusterImpl-6d9f27d0-f135-4509-a70e-1d3c49807de0/datanode-0/data/ratis/c7908237-46b5-4cd7-bce8-421f8a4d9f42: flushIndex: setUnconditionally 0 -> -1
2019-08-03 03:30:44,412 INFO  server.RaftServerConfigKeys (ConfUtils.java:logGet(43)) - raft.server.log.statemachine.data.caching.enabled = true (custom)
2019-08-03 03:30:44,412 INFO  server.RaftServerConfigKeys (ConfUtils.java:logGet(43)) - raft.server.snapshot.auto.trigger.enabled = true (custom)
2019-08-03 03:30:44,412 INFO  segmented.SegmentedRaftLogWorker (SegmentedRaftLogWorker.java:lambda$new$0(132)) - 67d27a43-c8c9-4c8d-bb1c-6998b10edf76-SegmentedRaftLogWorker:Storage Directory /workdir/hadoop-ozone/integration-test/target/test-dir/MiniOzoneClusterImpl-6d9f27d0-f135-4509-a70e-1d3c49807de0/datanode-2/data/ratis/c7908237-46b5-4cd7-bce8-421f8a4d9f42: flushIndex: setUnconditionally 0 -> -1
2019-08-03 03:30:44,412 INFO  server.RaftServerConfigKeys (ConfUtils.java:logGet(43)) - raft.server.snapshot.auto.trigger.threshold = 10000 (custom)
2019-08-03 03:30:44,412 INFO  server.RaftServerConfigKeys (ConfUtils.java:logGet(43)) - raft.server.snapshot.auto.trigger.enabled = true (custom)
2019-08-03 03:30:44,412 INFO  server.RaftServerConfigKeys (ConfUtils.java:logGet(43)) - raft.server.retrycache.expirytime = 600000ms (custom)
2019-08-03 03:30:44,413 INFO  server.RaftServerConfigKeys (ConfUtils.java:logGet(43)) - raft.server.snapshot.auto.trigger.threshold = 10000 (custom)
2019-08-03 03:30:44,413 INFO  impl.RaftServerImpl (RaftServerImpl.java:start(180)) - 67342acf-f115-46bf-aa80-d319ab45a04b: start group-421F8A4D9F42
2019-08-03 03:30:44,413 INFO  server.RaftServerConfigKeys (ConfUtils.java:logGet(43)) - raft.server.retrycache.expirytime = 600000ms (custom)
2019-08-03 03:30:44,414 INFO  impl.RaftServerImpl (RaftServerImpl.java:setRole(171)) - 67342acf-f115-46bf-aa80-d319ab45a04b:group-421F8A4D9F42 changes role from null to FOLLOWER at term 0 for startAsFollower
2019-08-03 03:30:44,414 INFO  impl.RaftServerImpl (RaftServerImpl.java:start(180)) - 67d27a43-c8c9-4c8d-bb1c-6998b10edf76: start group-421F8A4D9F42
2019-08-03 03:30:44,415 INFO  impl.RoleInfo (RoleInfo.java:updateAndGet(143)) - 67342acf-f115-46bf-aa80-d319ab45a04b: start FollowerState
2019-08-03 03:30:44,415 INFO  impl.RaftServerImpl (RaftServerImpl.java:setRole(171)) - 67d27a43-c8c9-4c8d-bb1c-6998b10edf76:group-421F8A4D9F42 changes role from null to FOLLOWER at term 0 for startAsFollower
2019-08-03 03:30:44,416 INFO  impl.RoleInfo (RoleInfo.java:updateAndGet(143)) - 67d27a43-c8c9-4c8d-bb1c-6998b10edf76: start FollowerState
2019-08-03 03:30:44,416 INFO  util.JmxRegister (JmxRegister.java:tryRegister(44)) - Successfully registered JMX Bean with object name Ratis:service=RaftServer,group=group-421F8A4D9F42,id=67342acf-f115-46bf-aa80-d319ab45a04b
2019-08-03 03:30:44,418 INFO  util.JmxRegister (JmxRegister.java:tryRegister(44)) - Successfully registered JMX Bean with object name Ratis:service=RaftServer,group=group-421F8A4D9F42,id=67d27a43-c8c9-4c8d-bb1c-6998b10edf76
2019-08-03 03:30:44,434 INFO  pipeline.PipelineStateManager (PipelineStateManager.java:addPipeline(56)) - Created pipeline Pipeline[ Id: c7908237-46b5-4cd7-bce8-421f8a4d9f42, Nodes: ba84adb8-7d6b-4055-b653-0ef7bf04c5a7{ip: 192.168.5.147, host: byscane-nightly-b86qh-2100283676, networkLocation: /default-rack, certSerialId: null}67342acf-f115-46bf-aa80-d319ab45a04b{ip: 192.168.5.147, host: byscane-nightly-b86qh-2100283676, networkLocation: /default-rack, certSerialId: null}67d27a43-c8c9-4c8d-bb1c-6998b10edf76{ip: 192.168.5.147, host: byscane-nightly-b86qh-2100283676, networkLocation: /default-rack, certSerialId: null}, Type:RATIS, Factor:THREE, State:OPEN]
2019-08-03 03:30:44,469 INFO  impl.RaftServerProxy (RaftServerProxy.java:addNew(89)) - 7e9f1cf6-23aa-4900-8565-d24fa19e1aec: addNew group-B0BB88AE0E62:[7e9f1cf6-23aa-4900-8565-d24fa19e1aec:192.168.5.147:32864, 9537186b-bb40-4e32-a8f5-11d9eb4290f9:192.168.5.147:41774, 9483abcf-c321-45c0-86fb-cf11d9df63f2:192.168.5.147:44404] returns group-B0BB88AE0E62:java.util.concurrent.CompletableFuture@4878af0e[Not completed]
2019-08-03 03:30:44,473 INFO  impl.RaftServerProxy (RaftServerProxy.java:addNew(89)) - 9483abcf-c321-45c0-86fb-cf11d9df63f2: addNew group-B0BB88AE0E62:[7e9f1cf6-23aa-4900-8565-d24fa19e1aec:192.168.5.147:32864, 9537186b-bb40-4e32-a8f5-11d9eb4290f9:192.168.5.147:41774, 9483abcf-c321-45c0-86fb-cf11d9df63f2:192.168.5.147:44404] returns group-B0BB88AE0E62:java.util.concurrent.CompletableFuture@945a535[Not completed]
2019-08-03 03:30:44,473 INFO  impl.RaftServerProxy (RaftServerProxy.java:addNew(89)) - 9537186b-bb40-4e32-a8f5-11d9eb4290f9: addNew group-B0BB88AE0E62:[7e9f1cf6-23aa-4900-8565-d24fa19e1aec:192.168.5.147:32864, 9537186b-bb40-4e32-a8f5-11d9eb4290f9:192.168.5.147:41774, 9483abcf-c321-45c0-86fb-cf11d9df63f2:192.168.5.147:44404] returns group-B0BB88AE0E62:java.util.concurrent.CompletableFuture@2818f877[Not completed]
2019-08-03 03:30:44,475 INFO  impl.RaftServerImpl (RaftServerImpl.java:<init>(93)) - 7e9f1cf6-23aa-4900-8565-d24fa19e1aec: new RaftServerImpl for group-B0BB88AE0E62:[7e9f1cf6-23aa-4900-8565-d24fa19e1aec:192.168.5.147:32864, 9537186b-bb40-4e32-a8f5-11d9eb4290f9:192.168.5.147:41774, 9483abcf-c321-45c0-86fb-cf11d9df63f2:192.168.5.147:44404] with ContainerStateMachine:uninitialized
2019-08-03 03:30:44,475 INFO  server.RaftServerConfigKeys (ConfUtils.java:logGet(43)) - raft.server.rpc.timeout.min = 5s (custom)
2019-08-03 03:30:44,475 INFO  server.RaftServerConfigKeys (ConfUtils.java:logGet(43)) - raft.server.rpc.timeout.max = 5200ms (custom)
2019-08-03 03:30:44,476 INFO  server.RaftServerConfigKeys (ConfUtils.java:logGet(43)) - raft.server.rpcslowness.timeout = 120s (custom)
2019-08-03 03:30:44,476 INFO  server.RaftServerConfigKeys (ConfUtils.java:logGet(43)) - raft.server.sleep.deviation.threshold = 300 (default)
2019-08-03 03:30:44,476 INFO  server.RaftServerConfigKeys (ConfUtils.java:logGet(43)) - raft.server.log.appender.install.snapshot.enabled = false (custom)
2019-08-03 03:30:44,476 INFO  impl.RaftServerImpl (RaftServerImpl.java:<init>(93)) - 9483abcf-c321-45c0-86fb-cf11d9df63f2: new RaftServerImpl for group-B0BB88AE0E62:[7e9f1cf6-23aa-4900-8565-d24fa19e1aec:192.168.5.147:32864, 9537186b-bb40-4e32-a8f5-11d9eb4290f9:192.168.5.147:41774, 9483abcf-c321-45c0-86fb-cf11d9df63f2:192.168.5.147:44404] with ContainerStateMachine:uninitialized
2019-08-03 03:30:44,476 INFO  impl.RaftServerImpl (ServerState.java:<init>(105)) - 7e9f1cf6-23aa-4900-8565-d24fa19e1aec:group-B0BB88AE0E62 ConfigurationManager, init=-1: [7e9f1cf6-23aa-4900-8565-d24fa19e1aec:192.168.5.147:32864, 9537186b-bb40-4e32-a8f5-11d9eb4290f9:192.168.5.147:41774, 9483abcf-c321-45c0-86fb-cf11d9df63f2:192.168.5.147:44404], old=null, confs=<EMPTY_MAP>
2019-08-03 03:30:44,476 INFO  server.RaftServerConfigKeys (ConfUtils.java:logGet(43)) - raft.server.rpc.timeout.min = 5s (custom)
2019-08-03 03:30:44,477 INFO  server.RaftServerConfigKeys (ConfUtils.java:logGet(43)) - raft.server.storage.dir = [/workdir/hadoop-ozone/integration-test/target/test-dir/MiniOzoneClusterImpl-6d9f27d0-f135-4509-a70e-1d3c49807de0/datanode-4/data/ratis] (custom)
2019-08-03 03:30:44,477 INFO  server.RaftServerConfigKeys (ConfUtils.java:logGet(43)) - raft.server.rpc.timeout.max = 5200ms (custom)
2019-08-03 03:30:44,477 INFO  server.RaftServerConfigKeys (ConfUtils.java:logGet(43)) - raft.server.rpcslowness.timeout = 120s (custom)
2019-08-03 03:30:44,477 INFO  impl.RaftServerImpl (RaftServerImpl.java:<init>(93)) - 9537186b-bb40-4e32-a8f5-11d9eb4290f9: new RaftServerImpl for group-B0BB88AE0E62:[7e9f1cf6-23aa-4900-8565-d24fa19e1aec:192.168.5.147:32864, 9537186b-bb40-4e32-a8f5-11d9eb4290f9:192.168.5.147:41774, 9483abcf-c321-45c0-86fb-cf11d9df63f2:192.168.5.147:44404] with ContainerStateMachine:uninitialized
2019-08-03 03:30:44,477 INFO  storage.RaftStorageDirectory (RaftStorageDirectory.java:analyzeStorage(246)) - The storage directory /workdir/hadoop-ozone/integration-test/target/test-dir/MiniOzoneClusterImpl-6d9f27d0-f135-4509-a70e-1d3c49807de0/datanode-4/data/ratis/d0e85ffb-1e05-4b61-930c-b0bb88ae0e62 does not exist. Creating ...
2019-08-03 03:30:44,477 INFO  server.RaftServerConfigKeys (ConfUtils.java:logGet(43)) - raft.server.rpc.timeout.min = 5s (custom)
2019-08-03 03:30:44,477 INFO  server.RaftServerConfigKeys (ConfUtils.java:logGet(43)) - raft.server.sleep.deviation.threshold = 300 (default)
2019-08-03 03:30:44,478 INFO  server.RaftServerConfigKeys (ConfUtils.java:logGet(43)) - raft.server.rpc.timeout.max = 5200ms (custom)
2019-08-03 03:30:44,478 INFO  server.RaftServerConfigKeys (ConfUtils.java:logGet(43)) - raft.server.log.appender.install.snapshot.enabled = false (custom)
2019-08-03 03:30:44,478 INFO  server.RaftServerConfigKeys (ConfUtils.java:logGet(43)) - raft.server.rpcslowness.timeout = 120s (custom)
2019-08-03 03:30:44,478 INFO  impl.RaftServerImpl (ServerState.java:<init>(105)) - 9483abcf-c321-45c0-86fb-cf11d9df63f2:group-B0BB88AE0E62 ConfigurationManager, init=-1: [7e9f1cf6-23aa-4900-8565-d24fa19e1aec:192.168.5.147:32864, 9537186b-bb40-4e32-a8f5-11d9eb4290f9:192.168.5.147:41774, 9483abcf-c321-45c0-86fb-cf11d9df63f2:192.168.5.147:44404], old=null, confs=<EMPTY_MAP>
2019-08-03 03:30:44,478 INFO  server.RaftServerConfigKeys (ConfUtils.java:logGet(43)) - raft.server.sleep.deviation.threshold = 300 (default)
2019-08-03 03:30:44,479 INFO  server.RaftServerConfigKeys (ConfUtils.java:logGet(43)) - raft.server.storage.dir = [/workdir/hadoop-ozone/integration-test/target/test-dir/MiniOzoneClusterImpl-6d9f27d0-f135-4509-a70e-1d3c49807de0/datanode-5/data/ratis] (custom)
2019-08-03 03:30:44,479 INFO  server.RaftServerConfigKeys (ConfUtils.java:logGet(43)) - raft.server.log.appender.install.snapshot.enabled = false (custom)
2019-08-03 03:30:44,479 INFO  impl.RaftServerImpl (ServerState.java:<init>(105)) - 9537186b-bb40-4e32-a8f5-11d9eb4290f9:group-B0BB88AE0E62 ConfigurationManager, init=-1: [7e9f1cf6-23aa-4900-8565-d24fa19e1aec:192.168.5.147:32864, 9537186b-bb40-4e32-a8f5-11d9eb4290f9:192.168.5.147:41774, 9483abcf-c321-45c0-86fb-cf11d9df63f2:192.168.5.147:44404], old=null, confs=<EMPTY_MAP>
2019-08-03 03:30:44,479 INFO  storage.RaftStorageDirectory (RaftStorageDirectory.java:analyzeStorage(246)) - The storage directory /workdir/hadoop-ozone/integration-test/target/test-dir/MiniOzoneClusterImpl-6d9f27d0-f135-4509-a70e-1d3c49807de0/datanode-5/data/ratis/d0e85ffb-1e05-4b61-930c-b0bb88ae0e62 does not exist. Creating ...
2019-08-03 03:30:44,479 INFO  server.RaftServerConfigKeys (ConfUtils.java:logGet(43)) - raft.server.storage.dir = [/workdir/hadoop-ozone/integration-test/target/test-dir/MiniOzoneClusterImpl-6d9f27d0-f135-4509-a70e-1d3c49807de0/datanode-6/data/ratis] (custom)
2019-08-03 03:30:44,480 INFO  storage.RaftStorageDirectory (RaftStorageDirectory.java:analyzeStorage(246)) - The storage directory /workdir/hadoop-ozone/integration-test/target/test-dir/MiniOzoneClusterImpl-6d9f27d0-f135-4509-a70e-1d3c49807de0/datanode-6/data/ratis/d0e85ffb-1e05-4b61-930c-b0bb88ae0e62 does not exist. Creating ...
2019-08-03 03:30:44,492 INFO  storage.RaftStorageDirectory (RaftStorageDirectory.java:tryLock(328)) - Lock on /workdir/hadoop-ozone/integration-test/target/test-dir/MiniOzoneClusterImpl-6d9f27d0-f135-4509-a70e-1d3c49807de0/datanode-6/data/ratis/d0e85ffb-1e05-4b61-930c-b0bb88ae0e62/in_use.lock acquired by nodename 478@byscane-nightly-b86qh-2100283676
2019-08-03 03:30:44,492 INFO  storage.RaftStorageDirectory (RaftStorageDirectory.java:tryLock(328)) - Lock on /workdir/hadoop-ozone/integration-test/target/test-dir/MiniOzoneClusterImpl-6d9f27d0-f135-4509-a70e-1d3c49807de0/datanode-4/data/ratis/d0e85ffb-1e05-4b61-930c-b0bb88ae0e62/in_use.lock acquired by nodename 478@byscane-nightly-b86qh-2100283676
2019-08-03 03:30:44,492 INFO  storage.RaftStorageDirectory (RaftStorageDirectory.java:tryLock(328)) - Lock on /workdir/hadoop-ozone/integration-test/target/test-dir/MiniOzoneClusterImpl-6d9f27d0-f135-4509-a70e-1d3c49807de0/datanode-5/data/ratis/d0e85ffb-1e05-4b61-930c-b0bb88ae0e62/in_use.lock acquired by nodename 478@byscane-nightly-b86qh-2100283676
2019-08-03 03:30:44,507 INFO  storage.RaftStorage (RaftStorage.java:format(72)) - Storage directory /workdir/hadoop-ozone/integration-test/target/test-dir/MiniOzoneClusterImpl-6d9f27d0-f135-4509-a70e-1d3c49807de0/datanode-5/data/ratis/d0e85ffb-1e05-4b61-930c-b0bb88ae0e62 has been successfully formatted.
2019-08-03 03:30:44,507 INFO  storage.RaftStorage (RaftStorage.java:format(72)) - Storage directory /workdir/hadoop-ozone/integration-test/target/test-dir/MiniOzoneClusterImpl-6d9f27d0-f135-4509-a70e-1d3c49807de0/datanode-6/data/ratis/d0e85ffb-1e05-4b61-930c-b0bb88ae0e62 has been successfully formatted.
2019-08-03 03:30:44,507 INFO  storage.RaftStorage (RaftStorage.java:format(72)) - Storage directory /workdir/hadoop-ozone/integration-test/target/test-dir/MiniOzoneClusterImpl-6d9f27d0-f135-4509-a70e-1d3c49807de0/datanode-4/data/ratis/d0e85ffb-1e05-4b61-930c-b0bb88ae0e62 has been successfully formatted.
2019-08-03 03:30:44,507 INFO  ratis.ContainerStateMachine (ContainerStateMachine.java:loadSnapshot(213)) - group-B0BB88AE0E62: The snapshot info is null. Setting the last applied indexto:(t:0, i:~)
2019-08-03 03:30:44,507 INFO  ratis.ContainerStateMachine (ContainerStateMachine.java:loadSnapshot(213)) - group-B0BB88AE0E62: The snapshot info is null. Setting the last applied indexto:(t:0, i:~)
2019-08-03 03:30:44,507 INFO  server.RaftServerConfigKeys (ConfUtils.java:logGet(43)) - raft.server.leader.election.timeout = 120s (custom)
2019-08-03 03:30:44,507 INFO  ratis.ContainerStateMachine (ContainerStateMachine.java:loadSnapshot(213)) - group-B0BB88AE0E62: The snapshot info is null. Setting the last applied indexto:(t:0, i:~)
2019-08-03 03:30:44,508 INFO  server.RaftServerConfigKeys (ConfUtils.java:logGet(43)) - raft.server.log.use.memory = false (default)
2019-08-03 03:30:44,508 INFO  server.RaftServerConfigKeys (ConfUtils.java:logGet(43)) - raft.server.leader.election.timeout = 120s (custom)
2019-08-03 03:30:44,508 INFO  server.RaftServerConfigKeys (ConfUtils.java:logGet(43)) - raft.server.log.purge.gap = 1000000000 (custom)
2019-08-03 03:30:44,508 INFO  server.RaftServerConfigKeys (ConfUtils.java:logGet(43)) - raft.server.leader.election.timeout = 120s (custom)
2019-08-03 03:30:44,508 INFO  server.RaftServerConfigKeys (ConfUtils.java:logGet(43)) - raft.server.log.appender.buffer.byte-limit = 33554432 (custom)
2019-08-03 03:30:44,508 INFO  server.RaftServerConfigKeys (ConfUtils.java:logGet(43)) - raft.server.log.use.memory = false (default)
2019-08-03 03:30:44,508 INFO  server.RaftServerConfigKeys (ConfUtils.java:logGet(43)) - raft.server.log.segment.size.max = 1048576 (custom)
2019-08-03 03:30:44,508 INFO  server.RaftServerConfigKeys (ConfUtils.java:logGet(43)) - raft.server.log.use.memory = false (default)
2019-08-03 03:30:44,509 INFO  server.RaftServerConfigKeys (ConfUtils.java:logGet(43)) - raft.server.log.segment.cache.num.max = 2 (custom)
2019-08-03 03:30:44,509 INFO  server.RaftServerConfigKeys (ConfUtils.java:logGet(43)) - raft.server.log.purge.gap = 1000000000 (custom)
2019-08-03 03:30:44,509 INFO  segmented.SegmentedRaftLogWorker (SegmentedRaftLogWorker.java:<init>(172)) - new 9483abcf-c321-45c0-86fb-cf11d9df63f2-SegmentedRaftLogWorker:Storage Directory /workdir/hadoop-ozone/integration-test/target/test-dir/MiniOzoneClusterImpl-6d9f27d0-f135-4509-a70e-1d3c49807de0/datanode-5/data/ratis/d0e85ffb-1e05-4b61-930c-b0bb88ae0e62 for RaftStorage:Storage Directory /workdir/hadoop-ozone/integration-test/target/test-dir/MiniOzoneClusterImpl-6d9f27d0-f135-4509-a70e-1d3c49807de0/datanode-5/data/ratis/d0e85ffb-1e05-4b61-930c-b0bb88ae0e62
2019-08-03 03:30:44,509 INFO  server.RaftServerConfigKeys (ConfUtils.java:logGet(43)) - raft.server.log.purge.gap = 1000000000 (custom)
2019-08-03 03:30:44,509 INFO  server.RaftServerConfigKeys (ConfUtils.java:logGet(43)) - raft.server.log.queue.byte-limit = 2147483647 (custom)
2019-08-03 03:30:44,511 INFO  server.RaftServerConfigKeys (ConfUtils.java:logGet(43)) - raft.server.log.queue.element-limit = 1024 (custom)
2019-08-03 03:30:44,509 INFO  server.RaftServerConfigKeys (ConfUtils.java:logGet(43)) - raft.server.log.appender.buffer.byte-limit = 33554432 (custom)
2019-08-03 03:30:44,511 INFO  server.RaftServerConfigKeys (ConfUtils.java:logGet(43)) - raft.server.log.segment.size.max = 1048576 (custom)
2019-08-03 03:30:44,511 INFO  server.RaftServerConfigKeys (ConfUtils.java:logGet(43)) - raft.server.log.appender.buffer.byte-limit = 33554432 (custom)
2019-08-03 03:30:44,511 INFO  server.RaftServerConfigKeys (ConfUtils.java:logGet(43)) - raft.server.log.preallocated.size = 16384 (custom)
2019-08-03 03:30:44,511 INFO  server.RaftServerConfigKeys (ConfUtils.java:logGet(43)) - raft.server.log.segment.size.max = 1048576 (custom)
2019-08-03 03:30:44,511 INFO  server.RaftServerConfigKeys (ConfUtils.java:logGet(43)) - raft.server.log.write.buffer.size = 33554432 (custom)
2019-08-03 03:30:44,511 INFO  server.RaftServerConfigKeys (ConfUtils.java:logGet(43)) - raft.server.log.segment.size.max = 1048576 (custom)
2019-08-03 03:30:44,512 INFO  server.RaftServerConfigKeys (ConfUtils.java:logGet(43)) - raft.server.log.force.sync.num = 128 (default)
2019-08-03 03:30:44,512 INFO  server.RaftServerConfigKeys (ConfUtils.java:logGet(43)) - raft.server.log.statemachine.data.sync = true (default)
2019-08-03 03:30:44,512 INFO  server.RaftServerConfigKeys (ConfUtils.java:logGet(43)) - raft.server.log.segment.cache.num.max = 2 (custom)
2019-08-03 03:30:44,512 INFO  server.RaftServerConfigKeys (ConfUtils.java:logGet(43)) - raft.server.log.statemachine.data.sync.timeout = 10s (default)
2019-08-03 03:30:44,512 INFO  server.RaftServerConfigKeys (ConfUtils.java:logGet(43)) - raft.server.log.statemachine.data.sync.timeout.retry = -1 (default)
2019-08-03 03:30:44,512 INFO  server.RaftServerConfigKeys (ConfUtils.java:logGet(43)) - raft.server.log.segment.cache.num.max = 2 (custom)
2019-08-03 03:30:44,513 INFO  server.RaftServerConfigKeys (ConfUtils.java:logGet(43)) - raft.server.log.statemachine.data.caching.enabled = true (custom)
2019-08-03 03:30:44,512 INFO  segmented.SegmentedRaftLogWorker (SegmentedRaftLogWorker.java:<init>(172)) - new 9537186b-bb40-4e32-a8f5-11d9eb4290f9-SegmentedRaftLogWorker:Storage Directory /workdir/hadoop-ozone/integration-test/target/test-dir/MiniOzoneClusterImpl-6d9f27d0-f135-4509-a70e-1d3c49807de0/datanode-6/data/ratis/d0e85ffb-1e05-4b61-930c-b0bb88ae0e62 for RaftStorage:Storage Directory /workdir/hadoop-ozone/integration-test/target/test-dir/MiniOzoneClusterImpl-6d9f27d0-f135-4509-a70e-1d3c49807de0/datanode-6/data/ratis/d0e85ffb-1e05-4b61-930c-b0bb88ae0e62
2019-08-03 03:30:44,513 INFO  segmented.SegmentedRaftLogWorker (SegmentedRaftLogWorker.java:lambda$new$0(132)) - 9483abcf-c321-45c0-86fb-cf11d9df63f2-SegmentedRaftLogWorker:Storage Directory /workdir/hadoop-ozone/integration-test/target/test-dir/MiniOzoneClusterImpl-6d9f27d0-f135-4509-a70e-1d3c49807de0/datanode-5/data/ratis/d0e85ffb-1e05-4b61-930c-b0bb88ae0e62: flushIndex: setUnconditionally 0 -> -1
2019-08-03 03:30:44,513 INFO  segmented.SegmentedRaftLogWorker (SegmentedRaftLogWorker.java:<init>(172)) - new 7e9f1cf6-23aa-4900-8565-d24fa19e1aec-SegmentedRaftLogWorker:Storage Directory /workdir/hadoop-ozone/integration-test/target/test-dir/MiniOzoneClusterImpl-6d9f27d0-f135-4509-a70e-1d3c49807de0/datanode-4/data/ratis/d0e85ffb-1e05-4b61-930c-b0bb88ae0e62 for RaftStorage:Storage Directory /workdir/hadoop-ozone/integration-test/target/test-dir/MiniOzoneClusterImpl-6d9f27d0-f135-4509-a70e-1d3c49807de0/datanode-4/data/ratis/d0e85ffb-1e05-4b61-930c-b0bb88ae0e62
2019-08-03 03:30:44,513 INFO  server.RaftServerConfigKeys (ConfUtils.java:logGet(43)) - raft.server.log.queue.byte-limit = 2147483647 (custom)
2019-08-03 03:30:44,515 INFO  server.RaftServerConfigKeys (ConfUtils.java:logGet(43)) - raft.server.log.queue.byte-limit = 2147483647 (custom)
2019-08-03 03:30:44,515 INFO  server.RaftServerConfigKeys (ConfUtils.java:logGet(43)) - raft.server.snapshot.auto.trigger.enabled = true (custom)
2019-08-03 03:30:44,516 INFO  server.RaftServerConfigKeys (ConfUtils.java:logGet(43)) - raft.server.log.queue.element-limit = 1024 (custom)
2019-08-03 03:30:44,516 INFO  server.RaftServerConfigKeys (ConfUtils.java:logGet(43)) - raft.server.log.queue.element-limit = 1024 (custom)
2019-08-03 03:30:44,517 INFO  server.RaftServerConfigKeys (ConfUtils.java:logGet(43)) - raft.server.log.segment.size.max = 1048576 (custom)
2019-08-03 03:30:44,516 INFO  server.RaftServerConfigKeys (ConfUtils.java:logGet(43)) - raft.server.snapshot.auto.trigger.threshold = 10000 (custom)
2019-08-03 03:30:44,517 INFO  server.RaftServerConfigKeys (ConfUtils.java:logGet(43)) - raft.server.log.preallocated.size = 16384 (custom)
2019-08-03 03:30:44,517 INFO  server.RaftServerConfigKeys (ConfUtils.java:logGet(43)) - raft.server.log.segment.size.max = 1048576 (custom)
2019-08-03 03:30:44,517 INFO  server.RaftServerConfigKeys (ConfUtils.java:logGet(43)) - raft.server.log.write.buffer.size = 33554432 (custom)
2019-08-03 03:30:44,517 INFO  server.RaftServerConfigKeys (ConfUtils.java:logGet(43)) - raft.server.retrycache.expirytime = 600000ms (custom)
2019-08-03 03:30:44,517 INFO  server.RaftServerConfigKeys (ConfUtils.java:logGet(43)) - raft.server.log.force.sync.num = 128 (default)
2019-08-03 03:30:44,518 INFO  impl.RaftServerImpl (RaftServerImpl.java:start(180)) - 9483abcf-c321-45c0-86fb-cf11d9df63f2: start group-B0BB88AE0E62
2019-08-03 03:30:44,518 INFO  impl.RaftServerImpl (RaftServerImpl.java:setRole(171)) - 9483abcf-c321-45c0-86fb-cf11d9df63f2:group-B0BB88AE0E62 changes role from null to FOLLOWER at term 0 for startAsFollower
2019-08-03 03:30:44,517 INFO  server.RaftServerConfigKeys (ConfUtils.java:logGet(43)) - raft.server.log.preallocated.size = 16384 (custom)
2019-08-03 03:30:44,518 INFO  impl.RoleInfo (RoleInfo.java:updateAndGet(143)) - 9483abcf-c321-45c0-86fb-cf11d9df63f2: start FollowerState
2019-08-03 03:30:44,518 INFO  server.RaftServerConfigKeys (ConfUtils.java:logGet(43)) - raft.server.log.statemachine.data.sync = true (default)
2019-08-03 03:30:44,518 INFO  server.RaftServerConfigKeys (ConfUtils.java:logGet(43)) - raft.server.log.write.buffer.size = 33554432 (custom)
2019-08-03 03:30:44,518 INFO  util.JmxRegister (JmxRegister.java:tryRegister(44)) - Successfully registered JMX Bean with object name Ratis:service=RaftServer,group=group-B0BB88AE0E62,id=9483abcf-c321-45c0-86fb-cf11d9df63f2
2019-08-03 03:30:44,518 INFO  server.RaftServerConfigKeys (ConfUtils.java:logGet(43)) - raft.server.log.statemachine.data.sync.timeout = 10s (default)
2019-08-03 03:30:44,519 INFO  server.RaftServerConfigKeys (ConfUtils.java:logGet(43)) - raft.server.log.force.sync.num = 128 (default)
2019-08-03 03:30:44,519 INFO  server.RaftServerConfigKeys (ConfUtils.java:logGet(43)) - raft.server.log.statemachine.data.sync.timeout.retry = -1 (default)
2019-08-03 03:30:44,519 INFO  server.RaftServerConfigKeys (ConfUtils.java:logGet(43)) - raft.server.log.statemachine.data.sync = true (default)
2019-08-03 03:30:44,519 INFO  server.RaftServerConfigKeys (ConfUtils.java:logGet(43)) - raft.server.log.statemachine.data.caching.enabled = true (custom)
2019-08-03 03:30:44,519 INFO  server.RaftServerConfigKeys (ConfUtils.java:logGet(43)) - raft.server.log.statemachine.data.sync.timeout = 10s (default)
2019-08-03 03:30:44,520 INFO  server.RaftServerConfigKeys (ConfUtils.java:logGet(43)) - raft.server.log.statemachine.data.sync.timeout.retry = -1 (default)
2019-08-03 03:30:44,520 INFO  segmented.SegmentedRaftLogWorker (SegmentedRaftLogWorker.java:lambda$new$0(132)) - 9537186b-bb40-4e32-a8f5-11d9eb4290f9-SegmentedRaftLogWorker:Storage Directory /workdir/hadoop-ozone/integration-test/target/test-dir/MiniOzoneClusterImpl-6d9f27d0-f135-4509-a70e-1d3c49807de0/datanode-6/data/ratis/d0e85ffb-1e05-4b61-930c-b0bb88ae0e62: flushIndex: setUnconditionally 0 -> -1
2019-08-03 03:30:44,520 INFO  server.RaftServerConfigKeys (ConfUtils.java:logGet(43)) - raft.server.log.statemachine.data.caching.enabled = true (custom)
2019-08-03 03:30:44,520 INFO  server.RaftServerConfigKeys (ConfUtils.java:logGet(43)) - raft.server.snapshot.auto.trigger.enabled = true (custom)
2019-08-03 03:30:44,520 INFO  segmented.SegmentedRaftLogWorker (SegmentedRaftLogWorker.java:lambda$new$0(132)) - 7e9f1cf6-23aa-4900-8565-d24fa19e1aec-SegmentedRaftLogWorker:Storage Directory /workdir/hadoop-ozone/integration-test/target/test-dir/MiniOzoneClusterImpl-6d9f27d0-f135-4509-a70e-1d3c49807de0/datanode-4/data/ratis/d0e85ffb-1e05-4b61-930c-b0bb88ae0e62: flushIndex: setUnconditionally 0 -> -1
2019-08-03 03:30:44,520 INFO  server.RaftServerConfigKeys (ConfUtils.java:logGet(43)) - raft.server.snapshot.auto.trigger.threshold = 10000 (custom)
2019-08-03 03:30:44,522 INFO  server.RaftServerConfigKeys (ConfUtils.java:logGet(43)) - raft.server.snapshot.auto.trigger.enabled = true (custom)
2019-08-03 03:30:44,522 INFO  server.RaftServerConfigKeys (ConfUtils.java:logGet(43)) - raft.server.retrycache.expirytime = 600000ms (custom)
2019-08-03 03:30:44,522 INFO  server.RaftServerConfigKeys (ConfUtils.java:logGet(43)) - raft.server.snapshot.auto.trigger.threshold = 10000 (custom)
2019-08-03 03:30:44,523 INFO  impl.RaftServerImpl (RaftServerImpl.java:start(180)) - 9537186b-bb40-4e32-a8f5-11d9eb4290f9: start group-B0BB88AE0E62
2019-08-03 03:30:44,523 INFO  server.RaftServerConfigKeys (ConfUtils.java:logGet(43)) - raft.server.retrycache.expirytime = 600000ms (custom)
2019-08-03 03:30:44,523 INFO  impl.RaftServerImpl (RaftServerImpl.java:setRole(171)) - 9537186b-bb40-4e32-a8f5-11d9eb4290f9:group-B0BB88AE0E62 changes role from null to FOLLOWER at term 0 for startAsFollower
2019-08-03 03:30:44,523 INFO  impl.RaftServerImpl (RaftServerImpl.java:start(180)) - 7e9f1cf6-23aa-4900-8565-d24fa19e1aec: start group-B0BB88AE0E62
2019-08-03 03:30:44,523 INFO  impl.RoleInfo (RoleInfo.java:updateAndGet(143)) - 9537186b-bb40-4e32-a8f5-11d9eb4290f9: start FollowerState
2019-08-03 03:30:44,523 INFO  impl.RaftServerImpl (RaftServerImpl.java:setRole(171)) - 7e9f1cf6-23aa-4900-8565-d24fa19e1aec:group-B0BB88AE0E62 changes role from null to FOLLOWER at term 0 for startAsFollower
2019-08-03 03:30:44,523 INFO  impl.RoleInfo (RoleInfo.java:updateAndGet(143)) - 7e9f1cf6-23aa-4900-8565-d24fa19e1aec: start FollowerState
2019-08-03 03:30:44,523 INFO  util.JmxRegister (JmxRegister.java:tryRegister(44)) - Successfully registered JMX Bean with object name Ratis:service=RaftServer,group=group-B0BB88AE0E62,id=9537186b-bb40-4e32-a8f5-11d9eb4290f9
2019-08-03 03:30:44,525 INFO  util.JmxRegister (JmxRegister.java:tryRegister(44)) - Successfully registered JMX Bean with object name Ratis:service=RaftServer,group=group-B0BB88AE0E62,id=7e9f1cf6-23aa-4900-8565-d24fa19e1aec
2019-08-03 03:30:44,543 INFO  pipeline.PipelineStateManager (PipelineStateManager.java:addPipeline(56)) - Created pipeline Pipeline[ Id: d0e85ffb-1e05-4b61-930c-b0bb88ae0e62, Nodes: 9537186b-bb40-4e32-a8f5-11d9eb4290f9{ip: 192.168.5.147, host: byscane-nightly-b86qh-2100283676, networkLocation: /default-rack, certSerialId: null}9483abcf-c321-45c0-86fb-cf11d9df63f2{ip: 192.168.5.147, host: byscane-nightly-b86qh-2100283676, networkLocation: /default-rack, certSerialId: null}7e9f1cf6-23aa-4900-8565-d24fa19e1aec{ip: 192.168.5.147, host: byscane-nightly-b86qh-2100283676, networkLocation: /default-rack, certSerialId: null}, Type:RATIS, Factor:THREE, State:OPEN]
2019-08-03 03:30:44,605 INFO  rpc.RpcClient (RpcClient.java:createVolume(288)) - Creating Volume: testblockoutputstream, with jenkins1000 as owner.
2019-08-03 03:30:44,649 INFO  rpc.RpcClient (RpcClient.java:createBucket(425)) - Creating Bucket: testblockoutputstream/testblockoutputstream, with Versioning false and Storage Type set to DISK and Encryption set to false 
2019-08-03 03:30:44,680 INFO  impl.MetricsSystemImpl (MetricsSystemImpl.java:init(158)) - XceiverClientMetrics metrics system started (again)
2019-08-03 03:30:44,923 INFO  client.GrpcClientProtocolClient (GrpcClientProtocolClient.java:onNext(255)) - client-F8417E6B6AD5->9537186b-bb40-4e32-a8f5-11d9eb4290f9: receive RaftClientReply:client-F8417E6B6AD5->9537186b-bb40-4e32-a8f5-11d9eb4290f9@group-B0BB88AE0E62, cid=13, FAILED org.apache.ratis.protocol.NotLeaderException: Server 9537186b-bb40-4e32-a8f5-11d9eb4290f9 is not the leader (null). Request must be sent to leader., logIndex=0, commits[9537186b-bb40-4e32-a8f5-11d9eb4290f9:c-1]
2019-08-03 03:30:45,629 INFO  container.ReplicationManager (ReplicationManager.java:start(155)) - Starting Replication Monitor Thread.
2019-08-03 03:30:45,634 INFO  container.ReplicationManager (ReplicationManager.java:run(207)) - Replication Monitor Thread took 4 milliseconds for processing 1 containers.
2019-08-03 03:30:45,975 INFO  client.GrpcClientProtocolClient (GrpcClientProtocolClient.java:onNext(255)) - client-F8417E6B6AD5->9483abcf-c321-45c0-86fb-cf11d9df63f2: receive RaftClientReply:client-F8417E6B6AD5->9483abcf-c321-45c0-86fb-cf11d9df63f2@group-B0BB88AE0E62, cid=13, FAILED org.apache.ratis.protocol.NotLeaderException: Server 9483abcf-c321-45c0-86fb-cf11d9df63f2 is not the leader (null). Request must be sent to leader., logIndex=0, commits[9483abcf-c321-45c0-86fb-cf11d9df63f2:c-1]
2019-08-03 03:30:47,002 INFO  client.GrpcClientProtocolClient (GrpcClientProtocolClient.java:onNext(255)) - client-F8417E6B6AD5->9537186b-bb40-4e32-a8f5-11d9eb4290f9: receive RaftClientReply:client-F8417E6B6AD5->9537186b-bb40-4e32-a8f5-11d9eb4290f9@group-B0BB88AE0E62, cid=13, FAILED org.apache.ratis.protocol.NotLeaderException: Server 9537186b-bb40-4e32-a8f5-11d9eb4290f9 is not the leader (null). Request must be sent to leader., logIndex=0, commits[9537186b-bb40-4e32-a8f5-11d9eb4290f9:c-1]
2019-08-03 03:30:48,034 INFO  client.GrpcClientProtocolClient (GrpcClientProtocolClient.java:onNext(255)) - client-F8417E6B6AD5->7e9f1cf6-23aa-4900-8565-d24fa19e1aec: receive RaftClientReply:client-F8417E6B6AD5->7e9f1cf6-23aa-4900-8565-d24fa19e1aec@group-B0BB88AE0E62, cid=13, FAILED org.apache.ratis.protocol.NotLeaderException: Server 7e9f1cf6-23aa-4900-8565-d24fa19e1aec is not the leader (null). Request must be sent to leader., logIndex=0, commits[7e9f1cf6-23aa-4900-8565-d24fa19e1aec:c-1]
2019-08-03 03:30:48,868 INFO  impl.FollowerState (FollowerState.java:run(106)) - 67342acf-f115-46bf-aa80-d319ab45a04b:group-720ED9FDA47F changes to CANDIDATE, lastRpcTime:5102, electionTimeout:5101ms
2019-08-03 03:30:48,868 INFO  impl.RoleInfo (RoleInfo.java:shutdownFollowerState(121)) - 67342acf-f115-46bf-aa80-d319ab45a04b: shutdown FollowerState
2019-08-03 03:30:48,868 INFO  impl.RaftServerImpl (RaftServerImpl.java:setRole(171)) - 67342acf-f115-46bf-aa80-d319ab45a04b:group-720ED9FDA47F changes role from FOLLOWER to CANDIDATE at term 0 for changeToCandidate
2019-08-03 03:30:48,872 INFO  impl.RoleInfo (RoleInfo.java:updateAndGet(143)) - 67342acf-f115-46bf-aa80-d319ab45a04b: start LeaderElection
2019-08-03 03:30:48,893 INFO  impl.LeaderElection (LeaderElection.java:askForVotes(181)) - 67342acf-f115-46bf-aa80-d319ab45a04b:group-720ED9FDA47F:LeaderElection1: begin an election at term 1 for -1: [67342acf-f115-46bf-aa80-d319ab45a04b:192.168.5.147:46407], old=null
2019-08-03 03:30:48,895 INFO  impl.RoleInfo (RoleInfo.java:shutdownLeaderElection(134)) - 67342acf-f115-46bf-aa80-d319ab45a04b: shutdown LeaderElection
2019-08-03 03:30:48,896 INFO  impl.RaftServerImpl (RaftServerImpl.java:setRole(171)) - 67342acf-f115-46bf-aa80-d319ab45a04b:group-720ED9FDA47F changes role from CANDIDATE to LEADER at term 1 for changeToLeader
2019-08-03 03:30:48,897 INFO  impl.RaftServerImpl (ServerState.java:setLeader(263)) - 67342acf-f115-46bf-aa80-d319ab45a04b:group-720ED9FDA47F change Leader from null to 67342acf-f115-46bf-aa80-d319ab45a04b at term 1 for becomeLeader, leader elected after 5226ms
2019-08-03 03:30:48,905 INFO  server.RaftServerConfigKeys (ConfUtils.java:logGet(43)) - raft.server.staging.catchup.gap = 1000 (default)
2019-08-03 03:30:48,905 INFO  server.RaftServerConfigKeys (ConfUtils.java:logGet(43)) - raft.server.rpc.sleep.time = 25ms (default)
2019-08-03 03:30:48,909 INFO  server.RaftServerConfigKeys (ConfUtils.java:logGet(43)) - raft.server.write.element-limit = 4096 (default)
2019-08-03 03:30:48,912 INFO  server.RaftServerConfigKeys (ConfUtils.java:logGet(43)) - raft.server.watch.timeout = 10s (default)
2019-08-03 03:30:48,912 INFO  server.RaftServerConfigKeys (ConfUtils.java:logGet(43)) - raft.server.watch.timeout.denomination = 1s (default)
2019-08-03 03:30:48,913 INFO  server.RaftServerConfigKeys (ConfUtils.java:logGet(43)) - raft.server.watch.element-limit = 65536 (default)
2019-08-03 03:30:48,924 INFO  impl.RoleInfo (RoleInfo.java:updateAndGet(143)) - 67342acf-f115-46bf-aa80-d319ab45a04b: start LeaderState
2019-08-03 03:30:48,947 INFO  segmented.SegmentedRaftLogWorker (SegmentedRaftLogWorker.java:startLogSegment(380)) - 67342acf-f115-46bf-aa80-d319ab45a04b-SegmentedRaftLogWorker:Storage Directory /workdir/hadoop-ozone/integration-test/target/test-dir/MiniOzoneClusterImpl-6d9f27d0-f135-4509-a70e-1d3c49807de0/datanode-0/data/ratis/49f61561-2c97-4579-8846-720ed9fda47f: Starting segment from index:0
2019-08-03 03:30:48,962 INFO  impl.RaftServerImpl (ServerState.java:setRaftConf(361)) - 67342acf-f115-46bf-aa80-d319ab45a04b:group-720ED9FDA47F set configuration 0: [67342acf-f115-46bf-aa80-d319ab45a04b:192.168.5.147:46407], old=null at 0
2019-08-03 03:30:49,057 INFO  impl.FollowerState (FollowerState.java:run(106)) - 67d27a43-c8c9-4c8d-bb1c-6998b10edf76:group-F57AE9A9EFD3 changes to CANDIDATE, lastRpcTime:5029, electionTimeout:5028ms
2019-08-03 03:30:49,059 INFO  impl.RoleInfo (RoleInfo.java:shutdownFollowerState(121)) - 67d27a43-c8c9-4c8d-bb1c-6998b10edf76: shutdown FollowerState
2019-08-03 03:30:49,059 INFO  impl.RaftServerImpl (RaftServerImpl.java:setRole(171)) - 67d27a43-c8c9-4c8d-bb1c-6998b10edf76:group-F57AE9A9EFD3 changes role from FOLLOWER to CANDIDATE at term 0 for changeToCandidate
2019-08-03 03:30:49,060 INFO  impl.RoleInfo (RoleInfo.java:updateAndGet(143)) - 67d27a43-c8c9-4c8d-bb1c-6998b10edf76: start LeaderElection
2019-08-03 03:30:49,069 INFO  client.GrpcClientProtocolClient (GrpcClientProtocolClient.java:onNext(255)) - client-F8417E6B6AD5->9483abcf-c321-45c0-86fb-cf11d9df63f2: receive RaftClientReply:client-F8417E6B6AD5->9483abcf-c321-45c0-86fb-cf11d9df63f2@group-B0BB88AE0E62, cid=13, FAILED org.apache.ratis.protocol.NotLeaderException: Server 9483abcf-c321-45c0-86fb-cf11d9df63f2 is not the leader (null). Request must be sent to leader., logIndex=0, commits[9483abcf-c321-45c0-86fb-cf11d9df63f2:c-1]
2019-08-03 03:30:49,079 INFO  impl.LeaderElection (LeaderElection.java:askForVotes(181)) - 67d27a43-c8c9-4c8d-bb1c-6998b10edf76:group-F57AE9A9EFD3:LeaderElection2: begin an election at term 1 for -1: [67d27a43-c8c9-4c8d-bb1c-6998b10edf76:192.168.5.147:41713], old=null
2019-08-03 03:30:49,081 INFO  impl.RoleInfo (RoleInfo.java:shutdownLeaderElection(134)) - 67d27a43-c8c9-4c8d-bb1c-6998b10edf76: shutdown LeaderElection
2019-08-03 03:30:49,081 INFO  impl.RaftServerImpl (RaftServerImpl.java:setRole(171)) - 67d27a43-c8c9-4c8d-bb1c-6998b10edf76:group-F57AE9A9EFD3 changes role from CANDIDATE to LEADER at term 1 for changeToLeader
2019-08-03 03:30:49,081 INFO  impl.RaftServerImpl (ServerState.java:setLeader(263)) - 67d27a43-c8c9-4c8d-bb1c-6998b10edf76:group-F57AE9A9EFD3 change Leader from null to 67d27a43-c8c9-4c8d-bb1c-6998b10edf76 at term 1 for becomeLeader, leader elected after 5060ms
2019-08-03 03:30:49,081 INFO  server.RaftServerConfigKeys (ConfUtils.java:logGet(43)) - raft.server.staging.catchup.gap = 1000 (default)
2019-08-03 03:30:49,081 INFO  server.RaftServerConfigKeys (ConfUtils.java:logGet(43)) - raft.server.rpc.sleep.time = 25ms (default)
2019-08-03 03:30:49,082 INFO  server.RaftServerConfigKeys (ConfUtils.java:logGet(43)) - raft.server.write.element-limit = 4096 (default)
2019-08-03 03:30:49,082 INFO  server.RaftServerConfigKeys (ConfUtils.java:logGet(43)) - raft.server.watch.timeout = 10s (default)
2019-08-03 03:30:49,082 INFO  server.RaftServerConfigKeys (ConfUtils.java:logGet(43)) - raft.server.watch.timeout.denomination = 1s (default)
2019-08-03 03:30:49,082 INFO  server.RaftServerConfigKeys (ConfUtils.java:logGet(43)) - raft.server.watch.element-limit = 65536 (default)
2019-08-03 03:30:49,082 INFO  impl.RoleInfo (RoleInfo.java:updateAndGet(143)) - 67d27a43-c8c9-4c8d-bb1c-6998b10edf76: start LeaderState
2019-08-03 03:30:49,083 INFO  segmented.SegmentedRaftLogWorker (SegmentedRaftLogWorker.java:startLogSegment(380)) - 67d27a43-c8c9-4c8d-bb1c-6998b10edf76-SegmentedRaftLogWorker:Storage Directory /workdir/hadoop-ozone/integration-test/target/test-dir/MiniOzoneClusterImpl-6d9f27d0-f135-4509-a70e-1d3c49807de0/datanode-2/data/ratis/bf85ffe2-6f33-4377-8a59-f57ae9a9efd3: Starting segment from index:0
2019-08-03 03:30:49,083 INFO  impl.RaftServerImpl (ServerState.java:setRaftConf(361)) - 67d27a43-c8c9-4c8d-bb1c-6998b10edf76:group-F57AE9A9EFD3 set configuration 0: [67d27a43-c8c9-4c8d-bb1c-6998b10edf76:192.168.5.147:41713], old=null at 0
2019-08-03 03:30:49,101 INFO  impl.FollowerState (FollowerState.java:run(106)) - ba84adb8-7d6b-4055-b653-0ef7bf04c5a7:group-47018ED4174B changes to CANDIDATE, lastRpcTime:5140, electionTimeout:5139ms
2019-08-03 03:30:49,101 INFO  impl.RoleInfo (RoleInfo.java:shutdownFollowerState(121)) - ba84adb8-7d6b-4055-b653-0ef7bf04c5a7: shutdown FollowerState
2019-08-03 03:30:49,101 INFO  impl.RaftServerImpl (RaftServerImpl.java:setRole(171)) - ba84adb8-7d6b-4055-b653-0ef7bf04c5a7:group-47018ED4174B changes role from FOLLOWER to CANDIDATE at term 0 for changeToCandidate
2019-08-03 03:30:49,102 INFO  impl.RoleInfo (RoleInfo.java:updateAndGet(143)) - ba84adb8-7d6b-4055-b653-0ef7bf04c5a7: start LeaderElection
2019-08-03 03:30:49,108 INFO  impl.LeaderElection (LeaderElection.java:askForVotes(181)) - ba84adb8-7d6b-4055-b653-0ef7bf04c5a7:group-47018ED4174B:LeaderElection3: begin an election at term 1 for -1: [ba84adb8-7d6b-4055-b653-0ef7bf04c5a7:192.168.5.147:43806], old=null
2019-08-03 03:30:49,109 INFO  impl.RoleInfo (RoleInfo.java:shutdownLeaderElection(134)) - ba84adb8-7d6b-4055-b653-0ef7bf04c5a7: shutdown LeaderElection
2019-08-03 03:30:49,109 INFO  impl.RaftServerImpl (RaftServerImpl.java:setRole(171)) - ba84adb8-7d6b-4055-b653-0ef7bf04c5a7:group-47018ED4174B changes role from CANDIDATE to LEADER at term 1 for changeToLeader
2019-08-03 03:30:49,109 INFO  impl.RaftServerImpl (ServerState.java:setLeader(263)) - ba84adb8-7d6b-4055-b653-0ef7bf04c5a7:group-47018ED4174B change Leader from null to ba84adb8-7d6b-4055-b653-0ef7bf04c5a7 at term 1 for becomeLeader, leader elected after 5154ms
2019-08-03 03:30:49,109 INFO  server.RaftServerConfigKeys (ConfUtils.java:logGet(43)) - raft.server.staging.catchup.gap = 1000 (default)
2019-08-03 03:30:49,109 INFO  server.RaftServerConfigKeys (ConfUtils.java:logGet(43)) - raft.server.rpc.sleep.time = 25ms (default)
2019-08-03 03:30:49,109 INFO  server.RaftServerConfigKeys (ConfUtils.java:logGet(43)) - raft.server.write.element-limit = 4096 (default)
2019-08-03 03:30:49,110 INFO  server.RaftServerConfigKeys (ConfUtils.java:logGet(43)) - raft.server.watch.timeout = 10s (default)
2019-08-03 03:30:49,110 INFO  server.RaftServerConfigKeys (ConfUtils.java:logGet(43)) - raft.server.watch.timeout.denomination = 1s (default)
2019-08-03 03:30:49,110 INFO  server.RaftServerConfigKeys (ConfUtils.java:logGet(43)) - raft.server.watch.element-limit = 65536 (default)
2019-08-03 03:30:49,110 INFO  impl.RoleInfo (RoleInfo.java:updateAndGet(143)) - ba84adb8-7d6b-4055-b653-0ef7bf04c5a7: start LeaderState
2019-08-03 03:30:49,111 INFO  segmented.SegmentedRaftLogWorker (SegmentedRaftLogWorker.java:startLogSegment(380)) - ba84adb8-7d6b-4055-b653-0ef7bf04c5a7-SegmentedRaftLogWorker:Storage Directory /workdir/hadoop-ozone/integration-test/target/test-dir/MiniOzoneClusterImpl-6d9f27d0-f135-4509-a70e-1d3c49807de0/datanode-3/data/ratis/e4945e1a-a402-46ca-b6e6-47018ed4174b: Starting segment from index:0
2019-08-03 03:30:49,111 INFO  impl.RaftServerImpl (ServerState.java:setRaftConf(361)) - ba84adb8-7d6b-4055-b653-0ef7bf04c5a7:group-47018ED4174B set configuration 0: [ba84adb8-7d6b-4055-b653-0ef7bf04c5a7:192.168.5.147:43806], old=null at 0
2019-08-03 03:30:49,196 INFO  segmented.SegmentedRaftLogWorker (SegmentedRaftLogWorker.java:execute(569)) - 67342acf-f115-46bf-aa80-d319ab45a04b-SegmentedRaftLogWorker:Storage Directory /workdir/hadoop-ozone/integration-test/target/test-dir/MiniOzoneClusterImpl-6d9f27d0-f135-4509-a70e-1d3c49807de0/datanode-0/data/ratis/49f61561-2c97-4579-8846-720ed9fda47f: created new log segment /workdir/hadoop-ozone/integration-test/target/test-dir/MiniOzoneClusterImpl-6d9f27d0-f135-4509-a70e-1d3c49807de0/datanode-0/data/ratis/49f61561-2c97-4579-8846-720ed9fda47f/current/log_inprogress_0
2019-08-03 03:30:49,204 INFO  segmented.SegmentedRaftLogWorker (SegmentedRaftLogWorker.java:execute(569)) - 67d27a43-c8c9-4c8d-bb1c-6998b10edf76-SegmentedRaftLogWorker:Storage Directory /workdir/hadoop-ozone/integration-test/target/test-dir/MiniOzoneClusterImpl-6d9f27d0-f135-4509-a70e-1d3c49807de0/datanode-2/data/ratis/bf85ffe2-6f33-4377-8a59-f57ae9a9efd3: created new log segment /workdir/hadoop-ozone/integration-test/target/test-dir/MiniOzoneClusterImpl-6d9f27d0-f135-4509-a70e-1d3c49807de0/datanode-2/data/ratis/bf85ffe2-6f33-4377-8a59-f57ae9a9efd3/current/log_inprogress_0
2019-08-03 03:30:49,206 INFO  segmented.SegmentedRaftLogWorker (SegmentedRaftLogWorker.java:execute(569)) - ba84adb8-7d6b-4055-b653-0ef7bf04c5a7-SegmentedRaftLogWorker:Storage Directory /workdir/hadoop-ozone/integration-test/target/test-dir/MiniOzoneClusterImpl-6d9f27d0-f135-4509-a70e-1d3c49807de0/datanode-3/data/ratis/e4945e1a-a402-46ca-b6e6-47018ed4174b: created new log segment /workdir/hadoop-ozone/integration-test/target/test-dir/MiniOzoneClusterImpl-6d9f27d0-f135-4509-a70e-1d3c49807de0/datanode-3/data/ratis/e4945e1a-a402-46ca-b6e6-47018ed4174b/current/log_inprogress_0
2019-08-03 03:30:49,277 INFO  impl.FollowerState (FollowerState.java:run(106)) - 9537186b-bb40-4e32-a8f5-11d9eb4290f9:group-41224836F3C3 changes to CANDIDATE, lastRpcTime:5184, electionTimeout:5184ms
2019-08-03 03:30:49,280 INFO  impl.RoleInfo (RoleInfo.java:shutdownFollowerState(121)) - 9537186b-bb40-4e32-a8f5-11d9eb4290f9: shutdown FollowerState
2019-08-03 03:30:49,280 INFO  impl.RaftServerImpl (RaftServerImpl.java:setRole(171)) - 9537186b-bb40-4e32-a8f5-11d9eb4290f9:group-41224836F3C3 changes role from FOLLOWER to CANDIDATE at term 0 for changeToCandidate
2019-08-03 03:30:49,280 INFO  impl.RoleInfo (RoleInfo.java:updateAndGet(143)) - 9537186b-bb40-4e32-a8f5-11d9eb4290f9: start LeaderElection
2019-08-03 03:30:49,298 INFO  impl.LeaderElection (LeaderElection.java:askForVotes(181)) - 9537186b-bb40-4e32-a8f5-11d9eb4290f9:group-41224836F3C3:LeaderElection4: begin an election at term 1 for -1: [9537186b-bb40-4e32-a8f5-11d9eb4290f9:192.168.5.147:41774], old=null
2019-08-03 03:30:49,300 INFO  impl.RoleInfo (RoleInfo.java:shutdownLeaderElection(134)) - 9537186b-bb40-4e32-a8f5-11d9eb4290f9: shutdown LeaderElection
2019-08-03 03:30:49,300 INFO  impl.RaftServerImpl (RaftServerImpl.java:setRole(171)) - 9537186b-bb40-4e32-a8f5-11d9eb4290f9:group-41224836F3C3 changes role from CANDIDATE to LEADER at term 1 for changeToLeader
2019-08-03 03:30:49,300 INFO  impl.RaftServerImpl (ServerState.java:setLeader(263)) - 9537186b-bb40-4e32-a8f5-11d9eb4290f9:group-41224836F3C3 change Leader from null to 9537186b-bb40-4e32-a8f5-11d9eb4290f9 at term 1 for becomeLeader, leader elected after 5211ms
2019-08-03 03:30:49,300 INFO  server.RaftServerConfigKeys (ConfUtils.java:logGet(43)) - raft.server.staging.catchup.gap = 1000 (default)
2019-08-03 03:30:49,300 INFO  server.RaftServerConfigKeys (ConfUtils.java:logGet(43)) - raft.server.rpc.sleep.time = 25ms (default)
2019-08-03 03:30:49,301 INFO  server.RaftServerConfigKeys (ConfUtils.java:logGet(43)) - raft.server.write.element-limit = 4096 (default)
2019-08-03 03:30:49,301 INFO  server.RaftServerConfigKeys (ConfUtils.java:logGet(43)) - raft.server.watch.timeout = 10s (default)
2019-08-03 03:30:49,301 INFO  server.RaftServerConfigKeys (ConfUtils.java:logGet(43)) - raft.server.watch.timeout.denomination = 1s (default)
2019-08-03 03:30:49,301 INFO  server.RaftServerConfigKeys (ConfUtils.java:logGet(43)) - raft.server.watch.element-limit = 65536 (default)
2019-08-03 03:30:49,301 INFO  impl.RoleInfo (RoleInfo.java:updateAndGet(143)) - 9537186b-bb40-4e32-a8f5-11d9eb4290f9: start LeaderState
2019-08-03 03:30:49,302 INFO  segmented.SegmentedRaftLogWorker (SegmentedRaftLogWorker.java:startLogSegment(380)) - 9537186b-bb40-4e32-a8f5-11d9eb4290f9-SegmentedRaftLogWorker:Storage Directory /workdir/hadoop-ozone/integration-test/target/test-dir/MiniOzoneClusterImpl-6d9f27d0-f135-4509-a70e-1d3c49807de0/datanode-6/data/ratis/59afd002-714d-4bbb-855a-41224836f3c3: Starting segment from index:0
2019-08-03 03:30:49,302 INFO  impl.RaftServerImpl (ServerState.java:setRaftConf(361)) - 9537186b-bb40-4e32-a8f5-11d9eb4290f9:group-41224836F3C3 set configuration 0: [9537186b-bb40-4e32-a8f5-11d9eb4290f9:192.168.5.147:41774], old=null at 0
2019-08-03 03:30:49,339 INFO  impl.FollowerState (FollowerState.java:run(106)) - 0f377a22-0386-49aa-97e9-1a7f611d7a2e:group-8C81C2E7DB81 changes to CANDIDATE, lastRpcTime:5038, electionTimeout:5034ms
2019-08-03 03:30:49,339 INFO  impl.FollowerState (FollowerState.java:run(106)) - 9483abcf-c321-45c0-86fb-cf11d9df63f2:group-6F8BD2E12BA3 changes to CANDIDATE, lastRpcTime:5172, electionTimeout:5140ms
2019-08-03 03:30:49,339 INFO  impl.RoleInfo (RoleInfo.java:shutdownFollowerState(121)) - 0f377a22-0386-49aa-97e9-1a7f611d7a2e: shutdown FollowerState
2019-08-03 03:30:49,340 INFO  impl.RoleInfo (RoleInfo.java:shutdownFollowerState(121)) - 9483abcf-c321-45c0-86fb-cf11d9df63f2: shutdown FollowerState
2019-08-03 03:30:49,340 INFO  impl.RaftServerImpl (RaftServerImpl.java:setRole(171)) - 0f377a22-0386-49aa-97e9-1a7f611d7a2e:group-8C81C2E7DB81 changes role from FOLLOWER to CANDIDATE at term 0 for changeToCandidate
2019-08-03 03:30:49,340 INFO  impl.RaftServerImpl (RaftServerImpl.java:setRole(171)) - 9483abcf-c321-45c0-86fb-cf11d9df63f2:group-6F8BD2E12BA3 changes role from FOLLOWER to CANDIDATE at term 0 for changeToCandidate
2019-08-03 03:30:49,340 INFO  impl.RoleInfo (RoleInfo.java:updateAndGet(143)) - 0f377a22-0386-49aa-97e9-1a7f611d7a2e: start LeaderElection
2019-08-03 03:30:49,340 INFO  impl.RoleInfo (RoleInfo.java:updateAndGet(143)) - 9483abcf-c321-45c0-86fb-cf11d9df63f2: start LeaderElection
2019-08-03 03:30:49,352 INFO  segmented.SegmentedRaftLogWorker (SegmentedRaftLogWorker.java:execute(569)) - 9537186b-bb40-4e32-a8f5-11d9eb4290f9-SegmentedRaftLogWorker:Storage Directory /workdir/hadoop-ozone/integration-test/target/test-dir/MiniOzoneClusterImpl-6d9f27d0-f135-4509-a70e-1d3c49807de0/datanode-6/data/ratis/59afd002-714d-4bbb-855a-41224836f3c3: created new log segment /workdir/hadoop-ozone/integration-test/target/test-dir/MiniOzoneClusterImpl-6d9f27d0-f135-4509-a70e-1d3c49807de0/datanode-6/data/ratis/59afd002-714d-4bbb-855a-41224836f3c3/current/log_inprogress_0
2019-08-03 03:30:49,355 INFO  impl.LeaderElection (LeaderElection.java:askForVotes(181)) - 9483abcf-c321-45c0-86fb-cf11d9df63f2:group-6F8BD2E12BA3:LeaderElection6: begin an election at term 1 for -1: [9483abcf-c321-45c0-86fb-cf11d9df63f2:192.168.5.147:44404], old=null
2019-08-03 03:30:49,355 INFO  impl.LeaderElection (LeaderElection.java:askForVotes(181)) - 0f377a22-0386-49aa-97e9-1a7f611d7a2e:group-8C81C2E7DB81:LeaderElection5: begin an election at term 1 for -1: [0f377a22-0386-49aa-97e9-1a7f611d7a2e:192.168.5.147:35733], old=null
2019-08-03 03:30:49,357 INFO  impl.RoleInfo (RoleInfo.java:shutdownLeaderElection(134)) - 9483abcf-c321-45c0-86fb-cf11d9df63f2: shutdown LeaderElection
2019-08-03 03:30:49,358 INFO  impl.RoleInfo (RoleInfo.java:shutdownLeaderElection(134)) - 0f377a22-0386-49aa-97e9-1a7f611d7a2e: shutdown LeaderElection
2019-08-03 03:30:49,358 INFO  impl.RaftServerImpl (RaftServerImpl.java:setRole(171)) - 9483abcf-c321-45c0-86fb-cf11d9df63f2:group-6F8BD2E12BA3 changes role from CANDIDATE to LEADER at term 1 for changeToLeader
2019-08-03 03:30:49,358 INFO  impl.RaftServerImpl (RaftServerImpl.java:setRole(171)) - 0f377a22-0386-49aa-97e9-1a7f611d7a2e:group-8C81C2E7DB81 changes role from CANDIDATE to LEADER at term 1 for changeToLeader
2019-08-03 03:30:49,358 INFO  impl.RaftServerImpl (ServerState.java:setLeader(263)) - 9483abcf-c321-45c0-86fb-cf11d9df63f2:group-6F8BD2E12BA3 change Leader from null to 9483abcf-c321-45c0-86fb-cf11d9df63f2 at term 1 for becomeLeader, leader elected after 5195ms
2019-08-03 03:30:49,358 INFO  impl.RaftServerImpl (ServerState.java:setLeader(263)) - 0f377a22-0386-49aa-97e9-1a7f611d7a2e:group-8C81C2E7DB81 change Leader from null to 0f377a22-0386-49aa-97e9-1a7f611d7a2e at term 1 for becomeLeader, leader elected after 5062ms
2019-08-03 03:30:49,358 INFO  server.RaftServerConfigKeys (ConfUtils.java:logGet(43)) - raft.server.staging.catchup.gap = 1000 (default)
2019-08-03 03:30:49,358 INFO  server.RaftServerConfigKeys (ConfUtils.java:logGet(43)) - raft.server.staging.catchup.gap = 1000 (default)
2019-08-03 03:30:49,358 INFO  server.RaftServerConfigKeys (ConfUtils.java:logGet(43)) - raft.server.rpc.sleep.time = 25ms (default)
2019-08-03 03:30:49,358 INFO  server.RaftServerConfigKeys (ConfUtils.java:logGet(43)) - raft.server.rpc.sleep.time = 25ms (default)
2019-08-03 03:30:49,359 INFO  server.RaftServerConfigKeys (ConfUtils.java:logGet(43)) - raft.server.write.element-limit = 4096 (default)
2019-08-03 03:30:49,359 INFO  server.RaftServerConfigKeys (ConfUtils.java:logGet(43)) - raft.server.write.element-limit = 4096 (default)
2019-08-03 03:30:49,359 INFO  server.RaftServerConfigKeys (ConfUtils.java:logGet(43)) - raft.server.watch.timeout = 10s (default)
2019-08-03 03:30:49,359 INFO  server.RaftServerConfigKeys (ConfUtils.java:logGet(43)) - raft.server.watch.timeout = 10s (default)
2019-08-03 03:30:49,359 INFO  server.RaftServerConfigKeys (ConfUtils.java:logGet(43)) - raft.server.watch.timeout.denomination = 1s (default)
2019-08-03 03:30:49,359 INFO  server.RaftServerConfigKeys (ConfUtils.java:logGet(43)) - raft.server.watch.timeout.denomination = 1s (default)
2019-08-03 03:30:49,359 INFO  server.RaftServerConfigKeys (ConfUtils.java:logGet(43)) - raft.server.watch.element-limit = 65536 (default)
2019-08-03 03:30:49,359 INFO  server.RaftServerConfigKeys (ConfUtils.java:logGet(43)) - raft.server.watch.element-limit = 65536 (default)
2019-08-03 03:30:49,360 INFO  impl.RoleInfo (RoleInfo.java:updateAndGet(143)) - 9483abcf-c321-45c0-86fb-cf11d9df63f2: start LeaderState
2019-08-03 03:30:49,360 INFO  impl.RoleInfo (RoleInfo.java:updateAndGet(143)) - 0f377a22-0386-49aa-97e9-1a7f611d7a2e: start LeaderState
2019-08-03 03:30:49,360 INFO  segmented.SegmentedRaftLogWorker (SegmentedRaftLogWorker.java:startLogSegment(380)) - 9483abcf-c321-45c0-86fb-cf11d9df63f2-SegmentedRaftLogWorker:Storage Directory /workdir/hadoop-ozone/integration-test/target/test-dir/MiniOzoneClusterImpl-6d9f27d0-f135-4509-a70e-1d3c49807de0/datanode-5/data/ratis/17323093-6c1d-4091-9780-6f8bd2e12ba3: Starting segment from index:0
2019-08-03 03:30:49,360 INFO  segmented.SegmentedRaftLogWorker (SegmentedRaftLogWorker.java:startLogSegment(380)) - 0f377a22-0386-49aa-97e9-1a7f611d7a2e-SegmentedRaftLogWorker:Storage Directory /workdir/hadoop-ozone/integration-test/target/test-dir/MiniOzoneClusterImpl-6d9f27d0-f135-4509-a70e-1d3c49807de0/datanode-1/data/ratis/5512e5db-4d8e-4d40-887b-8c81c2e7db81: Starting segment from index:0
2019-08-03 03:30:49,360 INFO  impl.RaftServerImpl (ServerState.java:setRaftConf(361)) - 9483abcf-c321-45c0-86fb-cf11d9df63f2:group-6F8BD2E12BA3 set configuration 0: [9483abcf-c321-45c0-86fb-cf11d9df63f2:192.168.5.147:44404], old=null at 0
2019-08-03 03:30:49,396 INFO  impl.FollowerState (FollowerState.java:run(106)) - 7e9f1cf6-23aa-4900-8565-d24fa19e1aec:group-2ED47EB7A6DE changes to CANDIDATE, lastRpcTime:5151, electionTimeout:5138ms
2019-08-03 03:30:49,397 INFO  impl.RaftServerImpl (ServerState.java:setRaftConf(361)) - 0f377a22-0386-49aa-97e9-1a7f611d7a2e:group-8C81C2E7DB81 set configuration 0: [0f377a22-0386-49aa-97e9-1a7f611d7a2e:192.168.5.147:35733], old=null at 0
2019-08-03 03:30:49,397 INFO  impl.RoleInfo (RoleInfo.java:shutdownFollowerState(121)) - 7e9f1cf6-23aa-4900-8565-d24fa19e1aec: shutdown FollowerState
2019-08-03 03:30:49,399 INFO  impl.RaftServerImpl (RaftServerImpl.java:setRole(171)) - 7e9f1cf6-23aa-4900-8565-d24fa19e1aec:group-2ED47EB7A6DE changes role from FOLLOWER to CANDIDATE at term 0 for changeToCandidate
2019-08-03 03:30:49,399 INFO  impl.RoleInfo (RoleInfo.java:updateAndGet(143)) - 7e9f1cf6-23aa-4900-8565-d24fa19e1aec: start LeaderElection
2019-08-03 03:30:49,408 INFO  segmented.SegmentedRaftLogWorker (SegmentedRaftLogWorker.java:execute(569)) - 0f377a22-0386-49aa-97e9-1a7f611d7a2e-SegmentedRaftLogWorker:Storage Directory /workdir/hadoop-ozone/integration-test/target/test-dir/MiniOzoneClusterImpl-6d9f27d0-f135-4509-a70e-1d3c49807de0/datanode-1/data/ratis/5512e5db-4d8e-4d40-887b-8c81c2e7db81: created new log segment /workdir/hadoop-ozone/integration-test/target/test-dir/MiniOzoneClusterImpl-6d9f27d0-f135-4509-a70e-1d3c49807de0/datanode-1/data/ratis/5512e5db-4d8e-4d40-887b-8c81c2e7db81/current/log_inprogress_0
2019-08-03 03:30:49,408 INFO  segmented.SegmentedRaftLogWorker (SegmentedRaftLogWorker.java:execute(569)) - 9483abcf-c321-45c0-86fb-cf11d9df63f2-SegmentedRaftLogWorker:Storage Directory /workdir/hadoop-ozone/integration-test/target/test-dir/MiniOzoneClusterImpl-6d9f27d0-f135-4509-a70e-1d3c49807de0/datanode-5/data/ratis/17323093-6c1d-4091-9780-6f8bd2e12ba3: created new log segment /workdir/hadoop-ozone/integration-test/target/test-dir/MiniOzoneClusterImpl-6d9f27d0-f135-4509-a70e-1d3c49807de0/datanode-5/data/ratis/17323093-6c1d-4091-9780-6f8bd2e12ba3/current/log_inprogress_0
2019-08-03 03:30:49,412 INFO  impl.LeaderElection (LeaderElection.java:askForVotes(181)) - 7e9f1cf6-23aa-4900-8565-d24fa19e1aec:group-2ED47EB7A6DE:LeaderElection7: begin an election at term 1 for -1: [7e9f1cf6-23aa-4900-8565-d24fa19e1aec:192.168.5.147:32864], old=null
2019-08-03 03:30:49,422 INFO  impl.RoleInfo (RoleInfo.java:shutdownLeaderElection(134)) - 7e9f1cf6-23aa-4900-8565-d24fa19e1aec: shutdown LeaderElection
2019-08-03 03:30:49,422 INFO  impl.RaftServerImpl (RaftServerImpl.java:setRole(171)) - 7e9f1cf6-23aa-4900-8565-d24fa19e1aec:group-2ED47EB7A6DE changes role from CANDIDATE to LEADER at term 1 for changeToLeader
2019-08-03 03:30:49,422 INFO  impl.RaftServerImpl (ServerState.java:setLeader(263)) - 7e9f1cf6-23aa-4900-8565-d24fa19e1aec:group-2ED47EB7A6DE change Leader from null to 7e9f1cf6-23aa-4900-8565-d24fa19e1aec at term 1 for becomeLeader, leader elected after 5182ms
2019-08-03 03:30:49,422 INFO  server.RaftServerConfigKeys (ConfUtils.java:logGet(43)) - raft.server.staging.catchup.gap = 1000 (default)
2019-08-03 03:30:49,422 INFO  server.RaftServerConfigKeys (ConfUtils.java:logGet(43)) - raft.server.rpc.sleep.time = 25ms (default)
2019-08-03 03:30:49,423 INFO  server.RaftServerConfigKeys (ConfUtils.java:logGet(43)) - raft.server.write.element-limit = 4096 (default)
2019-08-03 03:30:49,423 INFO  server.RaftServerConfigKeys (ConfUtils.java:logGet(43)) - raft.server.watch.timeout = 10s (default)
2019-08-03 03:30:49,423 INFO  server.RaftServerConfigKeys (ConfUtils.java:logGet(43)) - raft.server.watch.timeout.denomination = 1s (default)
2019-08-03 03:30:49,423 INFO  server.RaftServerConfigKeys (ConfUtils.java:logGet(43)) - raft.server.watch.element-limit = 65536 (default)
2019-08-03 03:30:49,423 INFO  impl.RoleInfo (RoleInfo.java:updateAndGet(143)) - 7e9f1cf6-23aa-4900-8565-d24fa19e1aec: start LeaderState
2019-08-03 03:30:49,424 INFO  segmented.SegmentedRaftLogWorker (SegmentedRaftLogWorker.java:startLogSegment(380)) - 7e9f1cf6-23aa-4900-8565-d24fa19e1aec-SegmentedRaftLogWorker:Storage Directory /workdir/hadoop-ozone/integration-test/target/test-dir/MiniOzoneClusterImpl-6d9f27d0-f135-4509-a70e-1d3c49807de0/datanode-4/data/ratis/11335c18-ba84-41a4-875d-2ed47eb7a6de: Starting segment from index:0
2019-08-03 03:30:49,424 INFO  impl.RaftServerImpl (ServerState.java:setRaftConf(361)) - 7e9f1cf6-23aa-4900-8565-d24fa19e1aec:group-2ED47EB7A6DE set configuration 0: [7e9f1cf6-23aa-4900-8565-d24fa19e1aec:192.168.5.147:32864], old=null at 0
2019-08-03 03:30:49,461 INFO  impl.FollowerState (FollowerState.java:run(106)) - ba84adb8-7d6b-4055-b653-0ef7bf04c5a7:group-421F8A4D9F42 changes to CANDIDATE, lastRpcTime:5051, electionTimeout:5037ms
2019-08-03 03:30:49,463 INFO  impl.FollowerState (FollowerState.java:run(106)) - 67d27a43-c8c9-4c8d-bb1c-6998b10edf76:group-421F8A4D9F42 changes to CANDIDATE, lastRpcTime:5044, electionTimeout:5020ms
2019-08-03 03:30:49,463 INFO  impl.RoleInfo (RoleInfo.java:shutdownFollowerState(121)) - ba84adb8-7d6b-4055-b653-0ef7bf04c5a7: shutdown FollowerState
2019-08-03 03:30:49,463 INFO  impl.RoleInfo (RoleInfo.java:shutdownFollowerState(121)) - 67d27a43-c8c9-4c8d-bb1c-6998b10edf76: shutdown FollowerState
2019-08-03 03:30:49,464 INFO  impl.RaftServerImpl (RaftServerImpl.java:setRole(171)) - ba84adb8-7d6b-4055-b653-0ef7bf04c5a7:group-421F8A4D9F42 changes role from FOLLOWER to CANDIDATE at term 0 for changeToCandidate
2019-08-03 03:30:49,464 INFO  impl.RaftServerImpl (RaftServerImpl.java:setRole(171)) - 67d27a43-c8c9-4c8d-bb1c-6998b10edf76:group-421F8A4D9F42 changes role from FOLLOWER to CANDIDATE at term 0 for changeToCandidate
2019-08-03 03:30:49,464 INFO  impl.RoleInfo (RoleInfo.java:updateAndGet(143)) - ba84adb8-7d6b-4055-b653-0ef7bf04c5a7: start LeaderElection
2019-08-03 03:30:49,464 INFO  impl.RoleInfo (RoleInfo.java:updateAndGet(143)) - 67d27a43-c8c9-4c8d-bb1c-6998b10edf76: start LeaderElection
2019-08-03 03:30:49,469 INFO  segmented.SegmentedRaftLogWorker (SegmentedRaftLogWorker.java:execute(569)) - 7e9f1cf6-23aa-4900-8565-d24fa19e1aec-SegmentedRaftLogWorker:Storage Directory /workdir/hadoop-ozone/integration-test/target/test-dir/MiniOzoneClusterImpl-6d9f27d0-f135-4509-a70e-1d3c49807de0/datanode-4/data/ratis/11335c18-ba84-41a4-875d-2ed47eb7a6de: created new log segment /workdir/hadoop-ozone/integration-test/target/test-dir/MiniOzoneClusterImpl-6d9f27d0-f135-4509-a70e-1d3c49807de0/datanode-4/data/ratis/11335c18-ba84-41a4-875d-2ed47eb7a6de/current/log_inprogress_0
2019-08-03 03:30:49,479 INFO  impl.LeaderElection (LeaderElection.java:askForVotes(181)) - 67d27a43-c8c9-4c8d-bb1c-6998b10edf76:group-421F8A4D9F42:LeaderElection9: begin an election at term 1 for -1: [ba84adb8-7d6b-4055-b653-0ef7bf04c5a7:192.168.5.147:43806, 67d27a43-c8c9-4c8d-bb1c-6998b10edf76:192.168.5.147:41713, 67342acf-f115-46bf-aa80-d319ab45a04b:192.168.5.147:46407], old=null
2019-08-03 03:30:49,479 INFO  impl.LeaderElection (LeaderElection.java:askForVotes(181)) - ba84adb8-7d6b-4055-b653-0ef7bf04c5a7:group-421F8A4D9F42:LeaderElection8: begin an election at term 1 for -1: [ba84adb8-7d6b-4055-b653-0ef7bf04c5a7:192.168.5.147:43806, 67d27a43-c8c9-4c8d-bb1c-6998b10edf76:192.168.5.147:41713, 67342acf-f115-46bf-aa80-d319ab45a04b:192.168.5.147:46407], old=null
2019-08-03 03:30:49,527 INFO  impl.RaftServerImpl (RaftServerImpl.java:setRole(171)) - 67342acf-f115-46bf-aa80-d319ab45a04b:group-421F8A4D9F42 changes role from FOLLOWER to FOLLOWER at term 1 for recognizeCandidate:67d27a43-c8c9-4c8d-bb1c-6998b10edf76
2019-08-03 03:30:49,530 INFO  impl.RoleInfo (RoleInfo.java:shutdownFollowerState(121)) - 67342acf-f115-46bf-aa80-d319ab45a04b: shutdown FollowerState
2019-08-03 03:30:49,530 INFO  impl.RoleInfo (RoleInfo.java:updateAndGet(143)) - 67342acf-f115-46bf-aa80-d319ab45a04b: start FollowerState
2019-08-03 03:30:49,530 INFO  impl.FollowerState (FollowerState.java:run(114)) - 67342acf-f115-46bf-aa80-d319ab45a04b: FollowerState was interrupted: java.lang.InterruptedException: sleep interrupted
2019-08-03 03:30:49,544 INFO  impl.FollowerState (FollowerState.java:run(106)) - 7e9f1cf6-23aa-4900-8565-d24fa19e1aec:group-B0BB88AE0E62 changes to CANDIDATE, lastRpcTime:5020, electionTimeout:5018ms
2019-08-03 03:30:49,544 INFO  impl.RoleInfo (RoleInfo.java:shutdownFollowerState(121)) - 7e9f1cf6-23aa-4900-8565-d24fa19e1aec: shutdown FollowerState
2019-08-03 03:30:49,544 INFO  impl.RaftServerImpl (RaftServerImpl.java:setRole(171)) - 7e9f1cf6-23aa-4900-8565-d24fa19e1aec:group-B0BB88AE0E62 changes role from FOLLOWER to CANDIDATE at term 0 for changeToCandidate
2019-08-03 03:30:49,544 INFO  impl.RoleInfo (RoleInfo.java:updateAndGet(143)) - 7e9f1cf6-23aa-4900-8565-d24fa19e1aec: start LeaderElection
2019-08-03 03:30:49,556 INFO  impl.LeaderElection (LeaderElection.java:askForVotes(181)) - 7e9f1cf6-23aa-4900-8565-d24fa19e1aec:group-B0BB88AE0E62:LeaderElection10: begin an election at term 1 for -1: [7e9f1cf6-23aa-4900-8565-d24fa19e1aec:192.168.5.147:32864, 9537186b-bb40-4e32-a8f5-11d9eb4290f9:192.168.5.147:41774, 9483abcf-c321-45c0-86fb-cf11d9df63f2:192.168.5.147:44404], old=null
2019-08-03 03:30:49,564 INFO  impl.LeaderElection (LeaderElection.java:logAndReturn(56)) - ba84adb8-7d6b-4055-b653-0ef7bf04c5a7:group-421F8A4D9F42:LeaderElection8: Election REJECTED; received 2 response(s) [ba84adb8-7d6b-4055-b653-0ef7bf04c5a7<-67d27a43-c8c9-4c8d-bb1c-6998b10edf76#0:FAIL-t1, ba84adb8-7d6b-4055-b653-0ef7bf04c5a7<-67342acf-f115-46bf-aa80-d319ab45a04b#0:FAIL-t1] and 0 exception(s); ba84adb8-7d6b-4055-b653-0ef7bf04c5a7:t1, leader=null, voted=ba84adb8-7d6b-4055-b653-0ef7bf04c5a7, raftlog=ba84adb8-7d6b-4055-b653-0ef7bf04c5a7-SegmentedRaftLog:OPENED:c-1,f-1,i0, conf=-1: [ba84adb8-7d6b-4055-b653-0ef7bf04c5a7:192.168.5.147:43806, 67d27a43-c8c9-4c8d-bb1c-6998b10edf76:192.168.5.147:41713, 67342acf-f115-46bf-aa80-d319ab45a04b:192.168.5.147:46407], old=null
2019-08-03 03:30:49,564 INFO  impl.RaftServerImpl (RaftServerImpl.java:setRole(171)) - ba84adb8-7d6b-4055-b653-0ef7bf04c5a7:group-421F8A4D9F42 changes role from CANDIDATE to FOLLOWER at term 1 for DISCOVERED_A_NEW_TERM
2019-08-03 03:30:49,564 INFO  impl.LeaderElection (LeaderElection.java:logAndReturn(56)) - 67d27a43-c8c9-4c8d-bb1c-6998b10edf76:group-421F8A4D9F42:LeaderElection9: Election PASSED; received 2 response(s) [67d27a43-c8c9-4c8d-bb1c-6998b10edf76<-ba84adb8-7d6b-4055-b653-0ef7bf04c5a7#0:FAIL-t1, 67d27a43-c8c9-4c8d-bb1c-6998b10edf76<-67342acf-f115-46bf-aa80-d319ab45a04b#0:OK-t1] and 0 exception(s); 67d27a43-c8c9-4c8d-bb1c-6998b10edf76:t1, leader=null, voted=67d27a43-c8c9-4c8d-bb1c-6998b10edf76, raftlog=67d27a43-c8c9-4c8d-bb1c-6998b10edf76-SegmentedRaftLog:OPENED:c-1,f-1,i0, conf=-1: [ba84adb8-7d6b-4055-b653-0ef7bf04c5a7:192.168.5.147:43806, 67d27a43-c8c9-4c8d-bb1c-6998b10edf76:192.168.5.147:41713, 67342acf-f115-46bf-aa80-d319ab45a04b:192.168.5.147:46407], old=null
2019-08-03 03:30:49,564 INFO  impl.RoleInfo (RoleInfo.java:shutdownLeaderElection(134)) - ba84adb8-7d6b-4055-b653-0ef7bf04c5a7: shutdown LeaderElection
2019-08-03 03:30:49,566 INFO  impl.RoleInfo (RoleInfo.java:shutdownLeaderElection(134)) - 67d27a43-c8c9-4c8d-bb1c-6998b10edf76: shutdown LeaderElection
2019-08-03 03:30:49,571 INFO  impl.RaftServerImpl (RaftServerImpl.java:setRole(171)) - 67d27a43-c8c9-4c8d-bb1c-6998b10edf76:group-421F8A4D9F42 changes role from CANDIDATE to LEADER at term 1 for changeToLeader
2019-08-03 03:30:49,573 INFO  impl.RoleInfo (RoleInfo.java:updateAndGet(143)) - ba84adb8-7d6b-4055-b653-0ef7bf04c5a7: start FollowerState
2019-08-03 03:30:49,573 INFO  impl.RaftServerImpl (ServerState.java:setLeader(263)) - 67d27a43-c8c9-4c8d-bb1c-6998b10edf76:group-421F8A4D9F42 change Leader from null to 67d27a43-c8c9-4c8d-bb1c-6998b10edf76 at term 1 for becomeLeader, leader elected after 5187ms
2019-08-03 03:30:49,575 INFO  server.RaftServerConfigKeys (ConfUtils.java:logGet(43)) - raft.server.staging.catchup.gap = 1000 (default)
2019-08-03 03:30:49,576 INFO  server.RaftServerConfigKeys (ConfUtils.java:logGet(43)) - raft.server.rpc.sleep.time = 25ms (default)
2019-08-03 03:30:49,576 INFO  server.RaftServerConfigKeys (ConfUtils.java:logGet(43)) - raft.server.write.element-limit = 4096 (default)
2019-08-03 03:30:49,576 INFO  server.RaftServerConfigKeys (ConfUtils.java:logGet(43)) - raft.server.watch.timeout = 10s (default)
2019-08-03 03:30:49,576 INFO  server.RaftServerConfigKeys (ConfUtils.java:logGet(43)) - raft.server.watch.timeout.denomination = 1s (default)
2019-08-03 03:30:49,577 INFO  server.RaftServerConfigKeys (ConfUtils.java:logGet(43)) - raft.server.watch.element-limit = 65536 (default)
2019-08-03 03:30:49,584 INFO  impl.RaftServerImpl (RaftServerImpl.java:setRole(171)) - 9537186b-bb40-4e32-a8f5-11d9eb4290f9:group-B0BB88AE0E62 changes role from FOLLOWER to FOLLOWER at term 1 for recognizeCandidate:7e9f1cf6-23aa-4900-8565-d24fa19e1aec
2019-08-03 03:30:49,584 INFO  impl.RoleInfo (RoleInfo.java:shutdownFollowerState(121)) - 9537186b-bb40-4e32-a8f5-11d9eb4290f9: shutdown FollowerState
2019-08-03 03:30:49,586 INFO  impl.FollowerState (FollowerState.java:run(114)) - 9537186b-bb40-4e32-a8f5-11d9eb4290f9: FollowerState was interrupted: java.lang.InterruptedException: sleep interrupted
2019-08-03 03:30:49,586 INFO  impl.RoleInfo (RoleInfo.java:updateAndGet(143)) - 9537186b-bb40-4e32-a8f5-11d9eb4290f9: start FollowerState
2019-08-03 03:30:49,589 INFO  impl.RaftServerImpl (RaftServerImpl.java:setRole(171)) - 9483abcf-c321-45c0-86fb-cf11d9df63f2:group-B0BB88AE0E62 changes role from FOLLOWER to FOLLOWER at term 1 for recognizeCandidate:7e9f1cf6-23aa-4900-8565-d24fa19e1aec
2019-08-03 03:30:49,589 INFO  impl.RoleInfo (RoleInfo.java:shutdownFollowerState(121)) - 9483abcf-c321-45c0-86fb-cf11d9df63f2: shutdown FollowerState
2019-08-03 03:30:49,589 INFO  server.RaftServerConfigKeys (ConfUtils.java:logGet(43)) - raft.server.log.appender.snapshot.chunk.size.max = 16MB (=16777216) (default)
2019-08-03 03:30:49,589 INFO  impl.RoleInfo (RoleInfo.java:updateAndGet(143)) - 9483abcf-c321-45c0-86fb-cf11d9df63f2: start FollowerState
2019-08-03 03:30:49,589 INFO  impl.FollowerState (FollowerState.java:run(114)) - 9483abcf-c321-45c0-86fb-cf11d9df63f2: FollowerState was interrupted: java.lang.InterruptedException: sleep interrupted
2019-08-03 03:30:49,589 INFO  server.RaftServerConfigKeys (ConfUtils.java:logGet(43)) - raft.server.log.appender.buffer.byte-limit = 33554432 (custom)
2019-08-03 03:30:49,592 INFO  server.RaftServerConfigKeys (ConfUtils.java:logGet(43)) - raft.server.log.appender.buffer.element-limit = 1 (custom)
2019-08-03 03:30:49,595 INFO  grpc.GrpcConfigKeys$Server (ConfUtils.java:logGet(43)) - raft.grpc.server.leader.outstanding.appends.max = 128 (default)
2019-08-03 03:30:49,597 INFO  server.RaftServerConfigKeys (ConfUtils.java:logGet(43)) - raft.server.rpc.request.timeout = 3000ms (default)
2019-08-03 03:30:49,597 INFO  server.RaftServerConfigKeys (ConfUtils.java:logGet(43)) - raft.server.log.appender.install.snapshot.enabled = false (custom)
2019-08-03 03:30:49,598 INFO  server.RaftServerConfigKeys (ConfUtils.java:logGet(43)) - raft.server.log.appender.snapshot.chunk.size.max = 16MB (=16777216) (default)
2019-08-03 03:30:49,598 INFO  server.RaftServerConfigKeys (ConfUtils.java:logGet(43)) - raft.server.log.appender.buffer.byte-limit = 33554432 (custom)
2019-08-03 03:30:49,598 INFO  server.RaftServerConfigKeys (ConfUtils.java:logGet(43)) - raft.server.log.appender.buffer.element-limit = 1 (custom)
2019-08-03 03:30:49,598 INFO  grpc.GrpcConfigKeys$Server (ConfUtils.java:logGet(43)) - raft.grpc.server.leader.outstanding.appends.max = 128 (default)
2019-08-03 03:30:49,599 INFO  server.RaftServerConfigKeys (ConfUtils.java:logGet(43)) - raft.server.rpc.request.timeout = 3000ms (default)
2019-08-03 03:30:49,599 INFO  server.RaftServerConfigKeys (ConfUtils.java:logGet(43)) - raft.server.log.appender.install.snapshot.enabled = false (custom)
2019-08-03 03:30:49,600 INFO  impl.RoleInfo (RoleInfo.java:updateAndGet(143)) - 67d27a43-c8c9-4c8d-bb1c-6998b10edf76: start LeaderState
2019-08-03 03:30:49,601 INFO  segmented.SegmentedRaftLogWorker (SegmentedRaftLogWorker.java:startLogSegment(380)) - 67d27a43-c8c9-4c8d-bb1c-6998b10edf76-SegmentedRaftLogWorker:Storage Directory /workdir/hadoop-ozone/integration-test/target/test-dir/MiniOzoneClusterImpl-6d9f27d0-f135-4509-a70e-1d3c49807de0/datanode-2/data/ratis/c7908237-46b5-4cd7-bce8-421f8a4d9f42: Starting segment from index:0
2019-08-03 03:30:49,602 INFO  impl.RaftServerImpl (ServerState.java:setRaftConf(361)) - 67d27a43-c8c9-4c8d-bb1c-6998b10edf76:group-421F8A4D9F42 set configuration 0: [ba84adb8-7d6b-4055-b653-0ef7bf04c5a7:192.168.5.147:43806, 67d27a43-c8c9-4c8d-bb1c-6998b10edf76:192.168.5.147:41713, 67342acf-f115-46bf-aa80-d319ab45a04b:192.168.5.147:46407], old=null at 0
2019-08-03 03:30:49,624 INFO  segmented.SegmentedRaftLogWorker (SegmentedRaftLogWorker.java:execute(569)) - 67d27a43-c8c9-4c8d-bb1c-6998b10edf76-SegmentedRaftLogWorker:Storage Directory /workdir/hadoop-ozone/integration-test/target/test-dir/MiniOzoneClusterImpl-6d9f27d0-f135-4509-a70e-1d3c49807de0/datanode-2/data/ratis/c7908237-46b5-4cd7-bce8-421f8a4d9f42: created new log segment /workdir/hadoop-ozone/integration-test/target/test-dir/MiniOzoneClusterImpl-6d9f27d0-f135-4509-a70e-1d3c49807de0/datanode-2/data/ratis/c7908237-46b5-4cd7-bce8-421f8a4d9f42/current/log_inprogress_0
2019-08-03 03:30:49,625 INFO  impl.LeaderElection (LeaderElection.java:logAndReturn(56)) - 7e9f1cf6-23aa-4900-8565-d24fa19e1aec:group-B0BB88AE0E62:LeaderElection10: Election PASSED; received 1 response(s) [7e9f1cf6-23aa-4900-8565-d24fa19e1aec<-9483abcf-c321-45c0-86fb-cf11d9df63f2#0:OK-t1] and 0 exception(s); 7e9f1cf6-23aa-4900-8565-d24fa19e1aec:t1, leader=null, voted=7e9f1cf6-23aa-4900-8565-d24fa19e1aec, raftlog=7e9f1cf6-23aa-4900-8565-d24fa19e1aec-SegmentedRaftLog:OPENED:c-1,f-1,i0, conf=-1: [7e9f1cf6-23aa-4900-8565-d24fa19e1aec:192.168.5.147:32864, 9537186b-bb40-4e32-a8f5-11d9eb4290f9:192.168.5.147:41774, 9483abcf-c321-45c0-86fb-cf11d9df63f2:192.168.5.147:44404], old=null
2019-08-03 03:30:49,625 INFO  impl.RoleInfo (RoleInfo.java:shutdownLeaderElection(134)) - 7e9f1cf6-23aa-4900-8565-d24fa19e1aec: shutdown LeaderElection
2019-08-03 03:30:49,625 INFO  impl.RaftServerImpl (RaftServerImpl.java:setRole(171)) - 7e9f1cf6-23aa-4900-8565-d24fa19e1aec:group-B0BB88AE0E62 changes role from CANDIDATE to LEADER at term 1 for changeToLeader
2019-08-03 03:30:49,632 INFO  impl.RaftServerImpl (ServerState.java:setLeader(263)) - 7e9f1cf6-23aa-4900-8565-d24fa19e1aec:group-B0BB88AE0E62 change Leader from null to 7e9f1cf6-23aa-4900-8565-d24fa19e1aec at term 1 for becomeLeader, leader elected after 5123ms
2019-08-03 03:30:49,632 INFO  server.RaftServerConfigKeys (ConfUtils.java:logGet(43)) - raft.server.staging.catchup.gap = 1000 (default)
2019-08-03 03:30:49,634 INFO  server.RaftServerConfigKeys (ConfUtils.java:logGet(43)) - raft.server.rpc.sleep.time = 25ms (default)
2019-08-03 03:30:49,634 INFO  server.RaftServerConfigKeys (ConfUtils.java:logGet(43)) - raft.server.write.element-limit = 4096 (default)
2019-08-03 03:30:49,634 INFO  server.RaftServerConfigKeys (ConfUtils.java:logGet(43)) - raft.server.watch.timeout = 10s (default)
2019-08-03 03:30:49,634 INFO  server.RaftServerConfigKeys (ConfUtils.java:logGet(43)) - raft.server.watch.timeout.denomination = 1s (default)
2019-08-03 03:30:49,634 INFO  server.RaftServerConfigKeys (ConfUtils.java:logGet(43)) - raft.server.watch.element-limit = 65536 (default)
2019-08-03 03:30:49,635 INFO  server.RaftServerConfigKeys (ConfUtils.java:logGet(43)) - raft.server.log.appender.snapshot.chunk.size.max = 16MB (=16777216) (default)
2019-08-03 03:30:49,635 INFO  server.RaftServerConfigKeys (ConfUtils.java:logGet(43)) - raft.server.log.appender.buffer.byte-limit = 33554432 (custom)
2019-08-03 03:30:49,635 INFO  server.RaftServerConfigKeys (ConfUtils.java:logGet(43)) - raft.server.log.appender.buffer.element-limit = 1 (custom)
2019-08-03 03:30:49,635 INFO  grpc.GrpcConfigKeys$Server (ConfUtils.java:logGet(43)) - raft.grpc.server.leader.outstanding.appends.max = 128 (default)
2019-08-03 03:30:49,636 INFO  server.RaftServerConfigKeys (ConfUtils.java:logGet(43)) - raft.server.rpc.request.timeout = 3000ms (default)
2019-08-03 03:30:49,636 INFO  server.RaftServerConfigKeys (ConfUtils.java:logGet(43)) - raft.server.log.appender.install.snapshot.enabled = false (custom)
2019-08-03 03:30:49,637 INFO  server.RaftServerConfigKeys (ConfUtils.java:logGet(43)) - raft.server.log.appender.snapshot.chunk.size.max = 16MB (=16777216) (default)
2019-08-03 03:30:49,638 INFO  server.RaftServerConfigKeys (ConfUtils.java:logGet(43)) - raft.server.log.appender.buffer.byte-limit = 33554432 (custom)
2019-08-03 03:30:49,638 INFO  server.RaftServerConfigKeys (ConfUtils.java:logGet(43)) - raft.server.log.appender.buffer.element-limit = 1 (custom)
2019-08-03 03:30:49,638 INFO  grpc.GrpcConfigKeys$Server (ConfUtils.java:logGet(43)) - raft.grpc.server.leader.outstanding.appends.max = 128 (default)
2019-08-03 03:30:49,638 INFO  server.RaftServerConfigKeys (ConfUtils.java:logGet(43)) - raft.server.rpc.request.timeout = 3000ms (default)
2019-08-03 03:30:49,639 INFO  server.RaftServerConfigKeys (ConfUtils.java:logGet(43)) - raft.server.log.appender.install.snapshot.enabled = false (custom)
2019-08-03 03:30:49,639 INFO  impl.RoleInfo (RoleInfo.java:updateAndGet(143)) - 7e9f1cf6-23aa-4900-8565-d24fa19e1aec: start LeaderState
2019-08-03 03:30:49,639 INFO  segmented.SegmentedRaftLogWorker (SegmentedRaftLogWorker.java:startLogSegment(380)) - 7e9f1cf6-23aa-4900-8565-d24fa19e1aec-SegmentedRaftLogWorker:Storage Directory /workdir/hadoop-ozone/integration-test/target/test-dir/MiniOzoneClusterImpl-6d9f27d0-f135-4509-a70e-1d3c49807de0/datanode-4/data/ratis/d0e85ffb-1e05-4b61-930c-b0bb88ae0e62: Starting segment from index:0
2019-08-03 03:30:49,640 INFO  impl.RaftServerImpl (ServerState.java:setRaftConf(361)) - 7e9f1cf6-23aa-4900-8565-d24fa19e1aec:group-B0BB88AE0E62 set configuration 0: [7e9f1cf6-23aa-4900-8565-d24fa19e1aec:192.168.5.147:32864, 9537186b-bb40-4e32-a8f5-11d9eb4290f9:192.168.5.147:41774, 9483abcf-c321-45c0-86fb-cf11d9df63f2:192.168.5.147:44404], old=null at 0
2019-08-03 03:30:49,686 INFO  impl.RaftServerImpl (ServerState.java:setLeader(263)) - 9483abcf-c321-45c0-86fb-cf11d9df63f2:group-B0BB88AE0E62 change Leader from null to 7e9f1cf6-23aa-4900-8565-d24fa19e1aec at term 1 for appendEntries, leader elected after 5178ms
2019-08-03 03:30:49,701 INFO  segmented.SegmentedRaftLogWorker (SegmentedRaftLogWorker.java:execute(569)) - 7e9f1cf6-23aa-4900-8565-d24fa19e1aec-SegmentedRaftLogWorker:Storage Directory /workdir/hadoop-ozone/integration-test/target/test-dir/MiniOzoneClusterImpl-6d9f27d0-f135-4509-a70e-1d3c49807de0/datanode-4/data/ratis/d0e85ffb-1e05-4b61-930c-b0bb88ae0e62: created new log segment /workdir/hadoop-ozone/integration-test/target/test-dir/MiniOzoneClusterImpl-6d9f27d0-f135-4509-a70e-1d3c49807de0/datanode-4/data/ratis/d0e85ffb-1e05-4b61-930c-b0bb88ae0e62/current/log_inprogress_0
2019-08-03 03:30:49,701 INFO  impl.RaftServerImpl (ServerState.java:setLeader(263)) - 9537186b-bb40-4e32-a8f5-11d9eb4290f9:group-B0BB88AE0E62 change Leader from null to 7e9f1cf6-23aa-4900-8565-d24fa19e1aec at term 1 for appendEntries, leader elected after 5193ms
2019-08-03 03:30:49,688 INFO  impl.RaftServerImpl (ServerState.java:setLeader(263)) - 67342acf-f115-46bf-aa80-d319ab45a04b:group-421F8A4D9F42 change Leader from null to 67d27a43-c8c9-4c8d-bb1c-6998b10edf76 at term 1 for appendEntries, leader elected after 5302ms
2019-08-03 03:30:49,688 INFO  impl.RaftServerImpl (ServerState.java:setLeader(263)) - ba84adb8-7d6b-4055-b653-0ef7bf04c5a7:group-421F8A4D9F42 change Leader from null to 67d27a43-c8c9-4c8d-bb1c-6998b10edf76 at term 1 for appendEntries, leader elected after 5302ms
2019-08-03 03:30:49,743 INFO  impl.RaftServerImpl (ServerState.java:setRaftConf(361)) - ba84adb8-7d6b-4055-b653-0ef7bf04c5a7:group-421F8A4D9F42 set configuration 0: [ba84adb8-7d6b-4055-b653-0ef7bf04c5a7:192.168.5.147:43806, 67d27a43-c8c9-4c8d-bb1c-6998b10edf76:192.168.5.147:41713, 67342acf-f115-46bf-aa80-d319ab45a04b:192.168.5.147:46407], old=null at 0
2019-08-03 03:30:49,744 INFO  impl.RaftServerImpl (ServerState.java:setRaftConf(361)) - 67342acf-f115-46bf-aa80-d319ab45a04b:group-421F8A4D9F42 set configuration 0: [ba84adb8-7d6b-4055-b653-0ef7bf04c5a7:192.168.5.147:43806, 67d27a43-c8c9-4c8d-bb1c-6998b10edf76:192.168.5.147:41713, 67342acf-f115-46bf-aa80-d319ab45a04b:192.168.5.147:46407], old=null at 0
2019-08-03 03:30:49,744 INFO  segmented.SegmentedRaftLogWorker (SegmentedRaftLogWorker.java:startLogSegment(380)) - ba84adb8-7d6b-4055-b653-0ef7bf04c5a7-SegmentedRaftLogWorker:Storage Directory /workdir/hadoop-ozone/integration-test/target/test-dir/MiniOzoneClusterImpl-6d9f27d0-f135-4509-a70e-1d3c49807de0/datanode-3/data/ratis/c7908237-46b5-4cd7-bce8-421f8a4d9f42: Starting segment from index:0
2019-08-03 03:30:49,743 INFO  impl.RaftServerImpl (ServerState.java:setRaftConf(361)) - 9537186b-bb40-4e32-a8f5-11d9eb4290f9:group-B0BB88AE0E62 set configuration 0: [7e9f1cf6-23aa-4900-8565-d24fa19e1aec:192.168.5.147:32864, 9537186b-bb40-4e32-a8f5-11d9eb4290f9:192.168.5.147:41774, 9483abcf-c321-45c0-86fb-cf11d9df63f2:192.168.5.147:44404], old=null at 0
2019-08-03 03:30:49,743 INFO  impl.RaftServerImpl (ServerState.java:setRaftConf(361)) - 9483abcf-c321-45c0-86fb-cf11d9df63f2:group-B0BB88AE0E62 set configuration 0: [7e9f1cf6-23aa-4900-8565-d24fa19e1aec:192.168.5.147:32864, 9537186b-bb40-4e32-a8f5-11d9eb4290f9:192.168.5.147:41774, 9483abcf-c321-45c0-86fb-cf11d9df63f2:192.168.5.147:44404], old=null at 0
2019-08-03 03:30:49,744 INFO  segmented.SegmentedRaftLogWorker (SegmentedRaftLogWorker.java:startLogSegment(380)) - 9537186b-bb40-4e32-a8f5-11d9eb4290f9-SegmentedRaftLogWorker:Storage Directory /workdir/hadoop-ozone/integration-test/target/test-dir/MiniOzoneClusterImpl-6d9f27d0-f135-4509-a70e-1d3c49807de0/datanode-6/data/ratis/d0e85ffb-1e05-4b61-930c-b0bb88ae0e62: Starting segment from index:0
2019-08-03 03:30:49,744 INFO  segmented.SegmentedRaftLogWorker (SegmentedRaftLogWorker.java:startLogSegment(380)) - 67342acf-f115-46bf-aa80-d319ab45a04b-SegmentedRaftLogWorker:Storage Directory /workdir/hadoop-ozone/integration-test/target/test-dir/MiniOzoneClusterImpl-6d9f27d0-f135-4509-a70e-1d3c49807de0/datanode-0/data/ratis/c7908237-46b5-4cd7-bce8-421f8a4d9f42: Starting segment from index:0
2019-08-03 03:30:49,745 INFO  segmented.SegmentedRaftLogWorker (SegmentedRaftLogWorker.java:startLogSegment(380)) - 9483abcf-c321-45c0-86fb-cf11d9df63f2-SegmentedRaftLogWorker:Storage Directory /workdir/hadoop-ozone/integration-test/target/test-dir/MiniOzoneClusterImpl-6d9f27d0-f135-4509-a70e-1d3c49807de0/datanode-5/data/ratis/d0e85ffb-1e05-4b61-930c-b0bb88ae0e62: Starting segment from index:0
2019-08-03 03:30:49,763 INFO  segmented.SegmentedRaftLogWorker (SegmentedRaftLogWorker.java:execute(569)) - ba84adb8-7d6b-4055-b653-0ef7bf04c5a7-SegmentedRaftLogWorker:Storage Directory /workdir/hadoop-ozone/integration-test/target/test-dir/MiniOzoneClusterImpl-6d9f27d0-f135-4509-a70e-1d3c49807de0/datanode-3/data/ratis/c7908237-46b5-4cd7-bce8-421f8a4d9f42: created new log segment /workdir/hadoop-ozone/integration-test/target/test-dir/MiniOzoneClusterImpl-6d9f27d0-f135-4509-a70e-1d3c49807de0/datanode-3/data/ratis/c7908237-46b5-4cd7-bce8-421f8a4d9f42/current/log_inprogress_0
2019-08-03 03:30:49,763 INFO  segmented.SegmentedRaftLogWorker (SegmentedRaftLogWorker.java:execute(569)) - 67342acf-f115-46bf-aa80-d319ab45a04b-SegmentedRaftLogWorker:Storage Directory /workdir/hadoop-ozone/integration-test/target/test-dir/MiniOzoneClusterImpl-6d9f27d0-f135-4509-a70e-1d3c49807de0/datanode-0/data/ratis/c7908237-46b5-4cd7-bce8-421f8a4d9f42: created new log segment /workdir/hadoop-ozone/integration-test/target/test-dir/MiniOzoneClusterImpl-6d9f27d0-f135-4509-a70e-1d3c49807de0/datanode-0/data/ratis/c7908237-46b5-4cd7-bce8-421f8a4d9f42/current/log_inprogress_0
2019-08-03 03:30:49,785 INFO  segmented.SegmentedRaftLogWorker (SegmentedRaftLogWorker.java:execute(569)) - 9483abcf-c321-45c0-86fb-cf11d9df63f2-SegmentedRaftLogWorker:Storage Directory /workdir/hadoop-ozone/integration-test/target/test-dir/MiniOzoneClusterImpl-6d9f27d0-f135-4509-a70e-1d3c49807de0/datanode-5/data/ratis/d0e85ffb-1e05-4b61-930c-b0bb88ae0e62: created new log segment /workdir/hadoop-ozone/integration-test/target/test-dir/MiniOzoneClusterImpl-6d9f27d0-f135-4509-a70e-1d3c49807de0/datanode-5/data/ratis/d0e85ffb-1e05-4b61-930c-b0bb88ae0e62/current/log_inprogress_0
2019-08-03 03:30:49,788 INFO  segmented.SegmentedRaftLogWorker (SegmentedRaftLogWorker.java:execute(569)) - 9537186b-bb40-4e32-a8f5-11d9eb4290f9-SegmentedRaftLogWorker:Storage Directory /workdir/hadoop-ozone/integration-test/target/test-dir/MiniOzoneClusterImpl-6d9f27d0-f135-4509-a70e-1d3c49807de0/datanode-6/data/ratis/d0e85ffb-1e05-4b61-930c-b0bb88ae0e62: created new log segment /workdir/hadoop-ozone/integration-test/target/test-dir/MiniOzoneClusterImpl-6d9f27d0-f135-4509-a70e-1d3c49807de0/datanode-6/data/ratis/d0e85ffb-1e05-4b61-930c-b0bb88ae0e62/current/log_inprogress_0
2019-08-03 03:30:50,095 INFO  client.GrpcClientProtocolClient (GrpcClientProtocolClient.java:onNext(255)) - client-F8417E6B6AD5->9537186b-bb40-4e32-a8f5-11d9eb4290f9: receive RaftClientReply:client-F8417E6B6AD5->9537186b-bb40-4e32-a8f5-11d9eb4290f9@group-B0BB88AE0E62, cid=13, FAILED org.apache.ratis.protocol.NotLeaderException: Server 9537186b-bb40-4e32-a8f5-11d9eb4290f9 is not the leader (7e9f1cf6-23aa-4900-8565-d24fa19e1aec:192.168.5.147:32864). Request must be sent to leader., logIndex=0, commits[9537186b-bb40-4e32-a8f5-11d9eb4290f9:c0, 7e9f1cf6-23aa-4900-8565-d24fa19e1aec:c0, 9483abcf-c321-45c0-86fb-cf11d9df63f2:c-1]
2019-08-03 03:30:50,365 INFO  client.GrpcClientProtocolClient (GrpcClientProtocolClient.java:onNext(255)) - client-F8417E6B6AD5->7e9f1cf6-23aa-4900-8565-d24fa19e1aec: receive RaftClientReply:client-F8417E6B6AD5->7e9f1cf6-23aa-4900-8565-d24fa19e1aec@group-B0BB88AE0E62, cid=13, SUCCESS, logIndex=1, commits[7e9f1cf6-23aa-4900-8565-d24fa19e1aec:c1, 9537186b-bb40-4e32-a8f5-11d9eb4290f9:c0, 9483abcf-c321-45c0-86fb-cf11d9df63f2:c0]
2019-08-03 03:30:50,401 INFO  client.GrpcClientProtocolClient (GrpcClientProtocolClient.java:onNext(255)) - client-F8417E6B6AD5->7e9f1cf6-23aa-4900-8565-d24fa19e1aec: receive RaftClientReply:client-F8417E6B6AD5->7e9f1cf6-23aa-4900-8565-d24fa19e1aec@group-B0BB88AE0E62, cid=14, SUCCESS, logIndex=3, commits[7e9f1cf6-23aa-4900-8565-d24fa19e1aec:c3, 9537186b-bb40-4e32-a8f5-11d9eb4290f9:c1, 9483abcf-c321-45c0-86fb-cf11d9df63f2:c2]
2019-08-03 03:30:50,463 INFO  client.GrpcClientProtocolClient (GrpcClientProtocolClient.java:onNext(255)) - client-F8417E6B6AD5->7e9f1cf6-23aa-4900-8565-d24fa19e1aec: receive RaftClientReply:client-F8417E6B6AD5->7e9f1cf6-23aa-4900-8565-d24fa19e1aec@group-B0BB88AE0E62, cid=15, SUCCESS, logIndex=4, commits[7e9f1cf6-23aa-4900-8565-d24fa19e1aec:c12, 9537186b-bb40-4e32-a8f5-11d9eb4290f9:c8, 9483abcf-c321-45c0-86fb-cf11d9df63f2:c8]
2019-08-03 03:30:50,466 INFO  client.GrpcClientProtocolClient (GrpcClientProtocolClient.java:onNext(255)) - client-F8417E6B6AD5->7e9f1cf6-23aa-4900-8565-d24fa19e1aec: receive RaftClientReply:client-F8417E6B6AD5->7e9f1cf6-23aa-4900-8565-d24fa19e1aec@group-B0BB88AE0E62, cid=16, SUCCESS, logIndex=5, commits[7e9f1cf6-23aa-4900-8565-d24fa19e1aec:c12, 9537186b-bb40-4e32-a8f5-11d9eb4290f9:c8, 9483abcf-c321-45c0-86fb-cf11d9df63f2:c8]
2019-08-03 03:30:50,467 INFO  client.GrpcClientProtocolClient (GrpcClientProtocolClient.java:onNext(255)) - client-F8417E6B6AD5->7e9f1cf6-23aa-4900-8565-d24fa19e1aec: receive RaftClientReply:client-F8417E6B6AD5->7e9f1cf6-23aa-4900-8565-d24fa19e1aec@group-B0BB88AE0E62, cid=17, SUCCESS, logIndex=7, commits[7e9f1cf6-23aa-4900-8565-d24fa19e1aec:c12, 9537186b-bb40-4e32-a8f5-11d9eb4290f9:c8, 9483abcf-c321-45c0-86fb-cf11d9df63f2:c8]
2019-08-03 03:30:50,484 INFO  client.GrpcClientProtocolClient (GrpcClientProtocolClient.java:onNext(255)) - client-F8417E6B6AD5->7e9f1cf6-23aa-4900-8565-d24fa19e1aec: receive RaftClientReply:client-F8417E6B6AD5->7e9f1cf6-23aa-4900-8565-d24fa19e1aec@group-B0BB88AE0E62, cid=18, SUCCESS, logIndex=8, commits[7e9f1cf6-23aa-4900-8565-d24fa19e1aec:c12, 9537186b-bb40-4e32-a8f5-11d9eb4290f9:c8, 9483abcf-c321-45c0-86fb-cf11d9df63f2:c8]
2019-08-03 03:30:50,505 INFO  client.GrpcClientProtocolClient (GrpcClientProtocolClient.java:onNext(255)) - client-F8417E6B6AD5->7e9f1cf6-23aa-4900-8565-d24fa19e1aec: receive RaftClientReply:client-F8417E6B6AD5->7e9f1cf6-23aa-4900-8565-d24fa19e1aec@group-B0BB88AE0E62, cid=19, SUCCESS, logIndex=13, commits[7e9f1cf6-23aa-4900-8565-d24fa19e1aec:c13, 9537186b-bb40-4e32-a8f5-11d9eb4290f9:c12, 9483abcf-c321-45c0-86fb-cf11d9df63f2:c8]
2019-08-03 03:30:50,506 INFO  client.GrpcClientProtocolClient (GrpcClientProtocolClient.java:onNext(255)) - client-F8417E6B6AD5->7e9f1cf6-23aa-4900-8565-d24fa19e1aec: receive RaftClientReply:client-F8417E6B6AD5->7e9f1cf6-23aa-4900-8565-d24fa19e1aec@group-B0BB88AE0E62, cid=20, SUCCESS, logIndex=14, commits[7e9f1cf6-23aa-4900-8565-d24fa19e1aec:c14, 9537186b-bb40-4e32-a8f5-11d9eb4290f9:c12, 9483abcf-c321-45c0-86fb-cf11d9df63f2:c12]
2019-08-03 03:30:50,530 INFO  client.GrpcClientProtocolClient (GrpcClientProtocolClient.java:onNext(255)) - client-F8417E6B6AD5->7e9f1cf6-23aa-4900-8565-d24fa19e1aec: receive RaftClientReply:client-F8417E6B6AD5->7e9f1cf6-23aa-4900-8565-d24fa19e1aec@group-B0BB88AE0E62, cid=21, SUCCESS, logIndex=0, commits[7e9f1cf6-23aa-4900-8565-d24fa19e1aec:c16, 9537186b-bb40-4e32-a8f5-11d9eb4290f9:c14, 9483abcf-c321-45c0-86fb-cf11d9df63f2:c14]
2019-08-03 03:30:50,531 INFO  datanode.ObjectStoreHandler (ObjectStoreHandler.java:close(155)) - Closing ObjectStoreHandler.
2019-08-03 03:30:50,532 INFO  ozone.HddsDatanodeService (HddsDatanodeService.java:stop(451)) - Stopped plug-in org.apache.hadoop.ozone.web.OzoneHddsDatanodeService@33627576
2019-08-03 03:30:51,333 INFO  statemachine.DatanodeStateMachine (DatanodeStateMachine.java:lambda$startDaemon$0(350)) - Ozone container server started.
2019-08-03 03:30:55,417 INFO  node.StaleNodeHandler (StaleNodeHandler.java:onMessage(58)) - Datanode 9537186b-bb40-4e32-a8f5-11d9eb4290f9{ip: 192.168.5.147, host: byscane-nightly-b86qh-2100283676, networkLocation: /default-rack, certSerialId: null} moved to stale state. Finalizing its pipelines [PipelineID=59afd002-714d-4bbb-855a-41224836f3c3, PipelineID=d0e85ffb-1e05-4b61-930c-b0bb88ae0e62]
2019-08-03 03:30:55,417 INFO  pipeline.SCMPipelineManager (SCMPipelineManager.java:finalizeAndDestroyPipeline(309)) - destroying pipeline:Pipeline[ Id: 59afd002-714d-4bbb-855a-41224836f3c3, Nodes: 9537186b-bb40-4e32-a8f5-11d9eb4290f9{ip: 192.168.5.147, host: byscane-nightly-b86qh-2100283676, networkLocation: /default-rack, certSerialId: null}, Type:RATIS, Factor:ONE, State:OPEN]
2019-08-03 03:30:55,419 INFO  pipeline.PipelineStateManager (PipelineStateManager.java:finalizePipeline(123)) - Pipeline Pipeline[ Id: 59afd002-714d-4bbb-855a-41224836f3c3, Nodes: 9537186b-bb40-4e32-a8f5-11d9eb4290f9{ip: 192.168.5.147, host: byscane-nightly-b86qh-2100283676, networkLocation: /default-rack, certSerialId: null}, Type:RATIS, Factor:ONE, State:CLOSED] moved to CLOSED state
2019-08-03 03:30:55,420 INFO  pipeline.SCMPipelineManager (SCMPipelineManager.java:finalizeAndDestroyPipeline(309)) - destroying pipeline:Pipeline[ Id: d0e85ffb-1e05-4b61-930c-b0bb88ae0e62, Nodes: 9537186b-bb40-4e32-a8f5-11d9eb4290f9{ip: 192.168.5.147, host: byscane-nightly-b86qh-2100283676, networkLocation: /default-rack, certSerialId: null}9483abcf-c321-45c0-86fb-cf11d9df63f2{ip: 192.168.5.147, host: byscane-nightly-b86qh-2100283676, networkLocation: /default-rack, certSerialId: null}7e9f1cf6-23aa-4900-8565-d24fa19e1aec{ip: 192.168.5.147, host: byscane-nightly-b86qh-2100283676, networkLocation: /default-rack, certSerialId: null}, Type:RATIS, Factor:THREE, State:OPEN]
2019-08-03 03:30:55,421 INFO  pipeline.PipelineStateManager (PipelineStateManager.java:finalizePipeline(123)) - Pipeline Pipeline[ Id: d0e85ffb-1e05-4b61-930c-b0bb88ae0e62, Nodes: 9537186b-bb40-4e32-a8f5-11d9eb4290f9{ip: 192.168.5.147, host: byscane-nightly-b86qh-2100283676, networkLocation: /default-rack, certSerialId: null}9483abcf-c321-45c0-86fb-cf11d9df63f2{ip: 192.168.5.147, host: byscane-nightly-b86qh-2100283676, networkLocation: /default-rack, certSerialId: null}7e9f1cf6-23aa-4900-8565-d24fa19e1aec{ip: 192.168.5.147, host: byscane-nightly-b86qh-2100283676, networkLocation: /default-rack, certSerialId: null}, Type:RATIS, Factor:THREE, State:CLOSED] moved to CLOSED state
2019-08-03 03:30:55,421 INFO  container.CloseContainerEventHandler (CloseContainerEventHandler.java:onMessage(61)) - Close container Event triggered for container : #1
2019-08-03 03:30:55,534 INFO  ozoneimpl.OzoneContainer (OzoneContainer.java:stop(199)) - Attempting to stop container services.
2019-08-03 03:30:55,538 INFO  impl.RaftServerProxy (RaftServerProxy.java:lambda$close$4(314)) - 9537186b-bb40-4e32-a8f5-11d9eb4290f9: close
2019-08-03 03:30:55,540 INFO  impl.RaftServerImpl (RaftServerImpl.java:lambda$shutdown$3(245)) - 9537186b-bb40-4e32-a8f5-11d9eb4290f9: shutdown group-41224836F3C3
2019-08-03 03:30:55,540 INFO  impl.RaftServerImpl (RaftServerImpl.java:lambda$shutdown$3(245)) - 9537186b-bb40-4e32-a8f5-11d9eb4290f9: shutdown group-B0BB88AE0E62
2019-08-03 03:30:55,540 INFO  util.JmxRegister (JmxRegister.java:unregister(73)) - Successfully un-registered JMX Bean with object name Ratis:service=RaftServer,group=group-41224836F3C3,id=9537186b-bb40-4e32-a8f5-11d9eb4290f9
2019-08-03 03:30:55,541 INFO  util.JmxRegister (JmxRegister.java:unregister(73)) - Successfully un-registered JMX Bean with object name Ratis:service=RaftServer,group=group-B0BB88AE0E62,id=9537186b-bb40-4e32-a8f5-11d9eb4290f9
2019-08-03 03:30:55,541 INFO  impl.RoleInfo (RoleInfo.java:shutdownLeaderState(104)) - 9537186b-bb40-4e32-a8f5-11d9eb4290f9: shutdown LeaderState
2019-08-03 03:30:55,541 INFO  impl.RoleInfo (RoleInfo.java:shutdownFollowerState(121)) - 9537186b-bb40-4e32-a8f5-11d9eb4290f9: shutdown FollowerState
2019-08-03 03:30:55,542 INFO  impl.StateMachineUpdater (StateMachineUpdater.java:stopAndJoin(115)) - StateMachineUpdater:9537186b-bb40-4e32-a8f5-11d9eb4290f9:group-B0BB88AE0E62: set stopIndex = 16
2019-08-03 03:30:55,542 INFO  impl.FollowerState (FollowerState.java:run(114)) - 9537186b-bb40-4e32-a8f5-11d9eb4290f9: FollowerState was interrupted: java.lang.InterruptedException: sleep interrupted
2019-08-03 03:30:55,544 INFO  ratis.ContainerStateMachine (ContainerStateMachine.java:takeSnapshot(262)) - group-B0BB88AE0E62: Taking a snapshot at:(t:1, i:14) file /workdir/hadoop-ozone/integration-test/target/test-dir/MiniOzoneClusterImpl-6d9f27d0-f135-4509-a70e-1d3c49807de0/datanode-6/data/ratis/d0e85ffb-1e05-4b61-930c-b0bb88ae0e62/sm/snapshot.1_14
2019-08-03 03:30:55,542 INFO  impl.PendingRequests (PendingRequests.java:sendNotLeaderResponses(202)) - 9537186b-bb40-4e32-a8f5-11d9eb4290f9-PendingRequests: sendNotLeaderResponses
2019-08-03 03:30:55,549 INFO  impl.StateMachineUpdater (StateMachineUpdater.java:stopAndJoin(115)) - StateMachineUpdater:9537186b-bb40-4e32-a8f5-11d9eb4290f9:group-41224836F3C3: set stopIndex = 0
2019-08-03 03:30:55,553 INFO  impl.RaftServerImpl (ServerState.java:close(394)) - 9537186b-bb40-4e32-a8f5-11d9eb4290f9:group-41224836F3C3 closes. The last applied log index is 0
2019-08-03 03:30:55,556 INFO  segmented.SegmentedRaftLogWorker (SegmentedRaftLogWorker.java:run(313)) - 9537186b-bb40-4e32-a8f5-11d9eb4290f9-SegmentedRaftLogWorker:Storage Directory /workdir/hadoop-ozone/integration-test/target/test-dir/MiniOzoneClusterImpl-6d9f27d0-f135-4509-a70e-1d3c49807de0/datanode-6/data/ratis/59afd002-714d-4bbb-855a-41224836f3c3 was interrupted, exiting. There are 0 tasks remaining in the queue.
2019-08-03 03:30:55,558 INFO  segmented.SegmentedRaftLogWorker (SegmentedRaftLogWorker.java:close(228)) - 9537186b-bb40-4e32-a8f5-11d9eb4290f9-SegmentedRaftLogWorker:Storage Directory /workdir/hadoop-ozone/integration-test/target/test-dir/MiniOzoneClusterImpl-6d9f27d0-f135-4509-a70e-1d3c49807de0/datanode-6/data/ratis/59afd002-714d-4bbb-855a-41224836f3c3 close()
2019-08-03 03:30:55,581 INFO  ratis.ContainerStateMachine (ContainerStateMachine.java:takeSnapshot(273)) - group-B0BB88AE0E62: Finished taking a snapshot at:(t:1, i:14) file:/workdir/hadoop-ozone/integration-test/target/test-dir/MiniOzoneClusterImpl-6d9f27d0-f135-4509-a70e-1d3c49807de0/datanode-6/data/ratis/d0e85ffb-1e05-4b61-930c-b0bb88ae0e62/sm/snapshot.1_14 time:39
2019-08-03 03:30:55,582 INFO  impl.StateMachineUpdater (StateMachineUpdater.java:takeSnapshot(242)) - StateMachineUpdater:9537186b-bb40-4e32-a8f5-11d9eb4290f9:group-B0BB88AE0E62: Took a snapshot at index 14
2019-08-03 03:30:55,582 INFO  impl.StateMachineUpdater (StateMachineUpdater.java:lambda$new$0(80)) - StateMachineUpdater:9537186b-bb40-4e32-a8f5-11d9eb4290f9:group-B0BB88AE0E62: snapshotIndex: updateIncreasingly -1 -> 14
2019-08-03 03:30:55,587 INFO  impl.RaftServerImpl (ServerState.java:close(394)) - 9537186b-bb40-4e32-a8f5-11d9eb4290f9:group-B0BB88AE0E62 closes. The last applied log index is 16
2019-08-03 03:30:55,587 INFO  segmented.SegmentedRaftLogWorker (SegmentedRaftLogWorker.java:run(313)) - 9537186b-bb40-4e32-a8f5-11d9eb4290f9-SegmentedRaftLogWorker:Storage Directory /workdir/hadoop-ozone/integration-test/target/test-dir/MiniOzoneClusterImpl-6d9f27d0-f135-4509-a70e-1d3c49807de0/datanode-6/data/ratis/d0e85ffb-1e05-4b61-930c-b0bb88ae0e62 was interrupted, exiting. There are 0 tasks remaining in the queue.
2019-08-03 03:30:55,590 INFO  segmented.SegmentedRaftLogWorker (SegmentedRaftLogWorker.java:close(228)) - 9537186b-bb40-4e32-a8f5-11d9eb4290f9-SegmentedRaftLogWorker:Storage Directory /workdir/hadoop-ozone/integration-test/target/test-dir/MiniOzoneClusterImpl-6d9f27d0-f135-4509-a70e-1d3c49807de0/datanode-6/data/ratis/d0e85ffb-1e05-4b61-930c-b0bb88ae0e62 close()
2019-08-03 03:30:55,594 INFO  server.GrpcService (GrpcService.java:closeImpl(155)) - 9537186b-bb40-4e32-a8f5-11d9eb4290f9: shutdown server with port 41774 now
2019-08-03 03:30:55,603 INFO  server.GrpcService (GrpcService.java:closeImpl(163)) - 9537186b-bb40-4e32-a8f5-11d9eb4290f9: shutdown server with port 41774 successfully
2019-08-03 03:30:55,603 WARN  server.GrpcServerProtocolService (LogUtils.java:warn(134)) - 9537186b-bb40-4e32-a8f5-11d9eb4290f9: appendEntries onError: org.apache.ratis.thirdparty.io.grpc.StatusRuntimeException: CANCELLED: cancelled before receiving half close
2019-08-03 03:30:55,604 WARN  server.GrpcLogAppender (LogUtils.java:warn(134)) - 7e9f1cf6-23aa-4900-8565-d24fa19e1aec->9537186b-bb40-4e32-a8f5-11d9eb4290f9: Failed appendEntries: org.apache.ratis.thirdparty.io.grpc.StatusRuntimeException: CANCELLED: HTTP/2 error code: CANCEL
Received Rst Stream
2019-08-03 03:30:55,607 INFO  utils.BackgroundService (BackgroundService.java:shutdown(148)) - Shutting down service BlockDeletingService
2019-08-03 03:30:55,608 INFO  impl.FollowerInfo (FollowerInfo.java:lambda$new$0(50)) - 7e9f1cf6-23aa-4900-8565-d24fa19e1aec->9537186b-bb40-4e32-a8f5-11d9eb4290f9: nextIndex: updateUnconditionally 17 -> 16
2019-08-03 03:30:55,609 WARN  fs.CachingGetSpaceUsed (CachingGetSpaceUsed.java:run(183)) - Thread Interrupted waiting to refresh disk information: sleep interrupted
2019-08-03 03:30:55,632 INFO  statemachine.DatanodeStateMachine (DatanodeStateMachine.java:stopDaemon(395)) - Ozone container server stopped.
2019-08-03 03:30:55,636 INFO  handler.ContextHandler (ContextHandler.java:doStop(910)) - Stopped o.e.j.w.WebAppContext@61a87366{/,null,UNAVAILABLE}{/hddsDatanode}
2019-08-03 03:30:55,644 INFO  server.AbstractConnector (AbstractConnector.java:doStop(318)) - Stopped ServerConnector@3c33fcf8{HTTP/1.1,[http/1.1]}{0.0.0.0:0}
2019-08-03 03:30:55,645 INFO  handler.ContextHandler (ContextHandler.java:doStop(910)) - Stopped o.e.j.s.ServletContextHandler@2450256f{/static,jar:file:/home/user/.m2/repository/org/apache/hadoop/hadoop-hdds-container-service/0.4.1-SNAPSHOT/hadoop-hdds-container-service-0.4.1-SNAPSHOT.jar!/webapps/static,UNAVAILABLE}
2019-08-03 03:30:55,645 INFO  handler.ContextHandler (ContextHandler.java:doStop(910)) - Stopped o.e.j.s.ServletContextHandler@4466cf5d{/logs,file:///workdir/hadoop-ozone/integration-test/target/log,UNAVAILABLE}
2019-08-03 03:30:55,647 INFO  datanode.ObjectStoreHandler (ObjectStoreHandler.java:close(155)) - Closing ObjectStoreHandler.
2019-08-03 03:30:55,648 INFO  ozone.HddsDatanodeService (HddsDatanodeService.java:stop(451)) - Stopped plug-in org.apache.hadoop.ozone.web.OzoneHddsDatanodeService@5b742bc8
2019-08-03 03:30:56,334 INFO  statemachine.DatanodeStateMachine (DatanodeStateMachine.java:lambda$startDaemon$0(350)) - Ozone container server started.
2019-08-03 03:30:58,041 WARN  server.GrpcLogAppender (LogUtils.java:warn(134)) - 7e9f1cf6-23aa-4900-8565-d24fa19e1aec->9537186b-bb40-4e32-a8f5-11d9eb4290f9: Failed appendEntries: org.apache.ratis.thirdparty.io.grpc.StatusRuntimeException: UNAVAILABLE: io exception
2019-08-03 03:30:58,046 INFO  impl.FollowerInfo (FollowerInfo.java:lambda$new$0(50)) - 7e9f1cf6-23aa-4900-8565-d24fa19e1aec->9537186b-bb40-4e32-a8f5-11d9eb4290f9: nextIndex: updateUnconditionally 16 -> 15
2019-08-03 03:30:58,268 WARN  server.GrpcLogAppender (LogUtils.java:warn(134)) - 7e9f1cf6-23aa-4900-8565-d24fa19e1aec->9537186b-bb40-4e32-a8f5-11d9eb4290f9: Failed appendEntries: org.apache.ratis.thirdparty.io.grpc.StatusRuntimeException: UNAVAILABLE: io exception
2019-08-03 03:30:58,270 INFO  impl.FollowerInfo (FollowerInfo.java:lambda$new$0(50)) - 7e9f1cf6-23aa-4900-8565-d24fa19e1aec->9537186b-bb40-4e32-a8f5-11d9eb4290f9: nextIndex: updateUnconditionally 16 -> 15
2019-08-03 03:30:58,280 WARN  server.GrpcLogAppender (LogUtils.java:warn(134)) - 7e9f1cf6-23aa-4900-8565-d24fa19e1aec->9537186b-bb40-4e32-a8f5-11d9eb4290f9: Failed appendEntries: org.apache.ratis.thirdparty.io.grpc.StatusRuntimeException: UNAVAILABLE: io exception
2019-08-03 03:30:58,282 INFO  impl.FollowerInfo (FollowerInfo.java:lambda$new$0(50)) - 7e9f1cf6-23aa-4900-8565-d24fa19e1aec->9537186b-bb40-4e32-a8f5-11d9eb4290f9: nextIndex: updateUnconditionally 16 -> 15
2019-08-03 03:30:58,294 WARN  server.GrpcLogAppender (LogUtils.java:warn(134)) - 7e9f1cf6-23aa-4900-8565-d24fa19e1aec->9537186b-bb40-4e32-a8f5-11d9eb4290f9: Failed appendEntries: org.apache.ratis.thirdparty.io.grpc.StatusRuntimeException: UNAVAILABLE: io exception
2019-08-03 03:30:58,296 INFO  impl.FollowerInfo (FollowerInfo.java:lambda$new$0(50)) - 7e9f1cf6-23aa-4900-8565-d24fa19e1aec->9537186b-bb40-4e32-a8f5-11d9eb4290f9: nextIndex: updateUnconditionally 16 -> 15
2019-08-03 03:30:58,315 INFO  interfaces.Container (KeyValueContainer.java:compactDB(356)) - Container 1 is closed with bcsId 14.
2019-08-03 03:30:58,321 INFO  container.IncrementalContainerReportHandler (AbstractContainerReportHandler.java:updateContainerState(176)) - Moving container #1 to CLOSED state, datanode 7e9f1cf6-23aa-4900-8565-d24fa19e1aec{ip: 192.168.5.147, host: byscane-nightly-b86qh-2100283676, networkLocation: /default-rack, certSerialId: null} reported CLOSED replica.
2019-08-03 03:30:58,322 INFO  interfaces.Container (KeyValueContainer.java:compactDB(356)) - Container 1 is closed with bcsId 14.
2019-08-03 03:31:00,426 INFO  node.StaleNodeHandler (StaleNodeHandler.java:onMessage(58)) - Datanode 9483abcf-c321-45c0-86fb-cf11d9df63f2{ip: 192.168.5.147, host: byscane-nightly-b86qh-2100283676, networkLocation: /default-rack, certSerialId: null} moved to stale state. Finalizing its pipelines [PipelineID=17323093-6c1d-4091-9780-6f8bd2e12ba3, PipelineID=d0e85ffb-1e05-4b61-930c-b0bb88ae0e62]
2019-08-03 03:31:00,426 INFO  pipeline.SCMPipelineManager (SCMPipelineManager.java:finalizeAndDestroyPipeline(309)) - destroying pipeline:Pipeline[ Id: 17323093-6c1d-4091-9780-6f8bd2e12ba3, Nodes: 9483abcf-c321-45c0-86fb-cf11d9df63f2{ip: 192.168.5.147, host: byscane-nightly-b86qh-2100283676, networkLocation: /default-rack, certSerialId: null}, Type:RATIS, Factor:ONE, State:OPEN]
2019-08-03 03:31:00,427 INFO  pipeline.PipelineStateManager (PipelineStateManager.java:finalizePipeline(123)) - Pipeline Pipeline[ Id: 17323093-6c1d-4091-9780-6f8bd2e12ba3, Nodes: 9483abcf-c321-45c0-86fb-cf11d9df63f2{ip: 192.168.5.147, host: byscane-nightly-b86qh-2100283676, networkLocation: /default-rack, certSerialId: null}, Type:RATIS, Factor:ONE, State:CLOSED] moved to CLOSED state
2019-08-03 03:31:00,427 INFO  pipeline.SCMPipelineManager (SCMPipelineManager.java:finalizeAndDestroyPipeline(309)) - destroying pipeline:Pipeline[ Id: d0e85ffb-1e05-4b61-930c-b0bb88ae0e62, Nodes: 9537186b-bb40-4e32-a8f5-11d9eb4290f9{ip: 192.168.5.147, host: byscane-nightly-b86qh-2100283676, networkLocation: /default-rack, certSerialId: null}9483abcf-c321-45c0-86fb-cf11d9df63f2{ip: 192.168.5.147, host: byscane-nightly-b86qh-2100283676, networkLocation: /default-rack, certSerialId: null}7e9f1cf6-23aa-4900-8565-d24fa19e1aec{ip: 192.168.5.147, host: byscane-nightly-b86qh-2100283676, networkLocation: /default-rack, certSerialId: null}, Type:RATIS, Factor:THREE, State:CLOSED]
2019-08-03 03:31:00,649 INFO  ozoneimpl.OzoneContainer (OzoneContainer.java:stop(199)) - Attempting to stop container services.
2019-08-03 03:31:00,649 INFO  impl.RaftServerProxy (RaftServerProxy.java:lambda$close$4(314)) - 9483abcf-c321-45c0-86fb-cf11d9df63f2: close
2019-08-03 03:31:00,650 INFO  impl.RaftServerImpl (RaftServerImpl.java:lambda$shutdown$3(245)) - 9483abcf-c321-45c0-86fb-cf11d9df63f2: shutdown group-6F8BD2E12BA3
2019-08-03 03:31:00,650 INFO  impl.RaftServerImpl (RaftServerImpl.java:lambda$shutdown$3(245)) - 9483abcf-c321-45c0-86fb-cf11d9df63f2: shutdown group-B0BB88AE0E62
2019-08-03 03:31:00,654 INFO  util.JmxRegister (JmxRegister.java:unregister(73)) - Successfully un-registered JMX Bean with object name Ratis:service=RaftServer,group=group-6F8BD2E12BA3,id=9483abcf-c321-45c0-86fb-cf11d9df63f2
2019-08-03 03:31:00,654 INFO  util.JmxRegister (JmxRegister.java:unregister(73)) - Successfully un-registered JMX Bean with object name Ratis:service=RaftServer,group=group-B0BB88AE0E62,id=9483abcf-c321-45c0-86fb-cf11d9df63f2
2019-08-03 03:31:00,655 INFO  impl.RoleInfo (RoleInfo.java:shutdownLeaderState(104)) - 9483abcf-c321-45c0-86fb-cf11d9df63f2: shutdown LeaderState
2019-08-03 03:31:00,655 INFO  impl.RoleInfo (RoleInfo.java:shutdownFollowerState(121)) - 9483abcf-c321-45c0-86fb-cf11d9df63f2: shutdown FollowerState
2019-08-03 03:31:00,655 INFO  impl.PendingRequests (PendingRequests.java:sendNotLeaderResponses(202)) - 9483abcf-c321-45c0-86fb-cf11d9df63f2-PendingRequests: sendNotLeaderResponses
2019-08-03 03:31:00,656 INFO  ratis.ContainerStateMachine (ContainerStateMachine.java:takeSnapshot(262)) - group-B0BB88AE0E62: Taking a snapshot at:(t:1, i:17) file /workdir/hadoop-ozone/integration-test/target/test-dir/MiniOzoneClusterImpl-6d9f27d0-f135-4509-a70e-1d3c49807de0/datanode-5/data/ratis/d0e85ffb-1e05-4b61-930c-b0bb88ae0e62/sm/snapshot.1_17
2019-08-03 03:31:00,656 INFO  impl.StateMachineUpdater (StateMachineUpdater.java:stopAndJoin(115)) - StateMachineUpdater:9483abcf-c321-45c0-86fb-cf11d9df63f2:group-6F8BD2E12BA3: set stopIndex = 0
2019-08-03 03:31:00,658 INFO  impl.RaftServerImpl (ServerState.java:close(394)) - 9483abcf-c321-45c0-86fb-cf11d9df63f2:group-6F8BD2E12BA3 closes. The last applied log index is 0
2019-08-03 03:31:00,656 INFO  impl.FollowerState (FollowerState.java:run(114)) - 9483abcf-c321-45c0-86fb-cf11d9df63f2: FollowerState was interrupted: java.lang.InterruptedException: sleep interrupted
2019-08-03 03:31:00,655 INFO  impl.StateMachineUpdater (StateMachineUpdater.java:stopAndJoin(115)) - StateMachineUpdater:9483abcf-c321-45c0-86fb-cf11d9df63f2:group-B0BB88AE0E62: set stopIndex = 17
2019-08-03 03:31:00,659 INFO  segmented.SegmentedRaftLogWorker (SegmentedRaftLogWorker.java:run(313)) - 9483abcf-c321-45c0-86fb-cf11d9df63f2-SegmentedRaftLogWorker:Storage Directory /workdir/hadoop-ozone/integration-test/target/test-dir/MiniOzoneClusterImpl-6d9f27d0-f135-4509-a70e-1d3c49807de0/datanode-5/data/ratis/17323093-6c1d-4091-9780-6f8bd2e12ba3 was interrupted, exiting. There are 0 tasks remaining in the queue.
2019-08-03 03:31:00,671 INFO  ratis.ContainerStateMachine (ContainerStateMachine.java:takeSnapshot(273)) - group-B0BB88AE0E62: Finished taking a snapshot at:(t:1, i:17) file:/workdir/hadoop-ozone/integration-test/target/test-dir/MiniOzoneClusterImpl-6d9f27d0-f135-4509-a70e-1d3c49807de0/datanode-5/data/ratis/d0e85ffb-1e05-4b61-930c-b0bb88ae0e62/sm/snapshot.1_17 time:16
2019-08-03 03:31:00,671 INFO  segmented.SegmentedRaftLogWorker (SegmentedRaftLogWorker.java:close(228)) - 9483abcf-c321-45c0-86fb-cf11d9df63f2-SegmentedRaftLogWorker:Storage Directory /workdir/hadoop-ozone/integration-test/target/test-dir/MiniOzoneClusterImpl-6d9f27d0-f135-4509-a70e-1d3c49807de0/datanode-5/data/ratis/17323093-6c1d-4091-9780-6f8bd2e12ba3 close()
2019-08-03 03:31:00,671 INFO  impl.StateMachineUpdater (StateMachineUpdater.java:takeSnapshot(242)) - StateMachineUpdater:9483abcf-c321-45c0-86fb-cf11d9df63f2:group-B0BB88AE0E62: Took a snapshot at index 17
2019-08-03 03:31:00,675 INFO  impl.StateMachineUpdater (StateMachineUpdater.java:lambda$new$0(80)) - StateMachineUpdater:9483abcf-c321-45c0-86fb-cf11d9df63f2:group-B0BB88AE0E62: snapshotIndex: updateIncreasingly -1 -> 17
2019-08-03 03:31:00,676 INFO  impl.RaftServerImpl (ServerState.java:close(394)) - 9483abcf-c321-45c0-86fb-cf11d9df63f2:group-B0BB88AE0E62 closes. The last applied log index is 17
2019-08-03 03:31:00,676 INFO  segmented.SegmentedRaftLogWorker (SegmentedRaftLogWorker.java:run(313)) - 9483abcf-c321-45c0-86fb-cf11d9df63f2-SegmentedRaftLogWorker:Storage Directory /workdir/hadoop-ozone/integration-test/target/test-dir/MiniOzoneClusterImpl-6d9f27d0-f135-4509-a70e-1d3c49807de0/datanode-5/data/ratis/d0e85ffb-1e05-4b61-930c-b0bb88ae0e62 was interrupted, exiting. There are 0 tasks remaining in the queue.
2019-08-03 03:31:00,678 INFO  segmented.SegmentedRaftLogWorker (SegmentedRaftLogWorker.java:close(228)) - 9483abcf-c321-45c0-86fb-cf11d9df63f2-SegmentedRaftLogWorker:Storage Directory /workdir/hadoop-ozone/integration-test/target/test-dir/MiniOzoneClusterImpl-6d9f27d0-f135-4509-a70e-1d3c49807de0/datanode-5/data/ratis/d0e85ffb-1e05-4b61-930c-b0bb88ae0e62 close()
2019-08-03 03:31:00,682 INFO  server.GrpcService (GrpcService.java:closeImpl(155)) - 9483abcf-c321-45c0-86fb-cf11d9df63f2: shutdown server with port 44404 now
2019-08-03 03:31:00,685 WARN  server.GrpcServerProtocolService (LogUtils.java:warn(134)) - 9483abcf-c321-45c0-86fb-cf11d9df63f2: appendEntries onError: org.apache.ratis.thirdparty.io.grpc.StatusRuntimeException: CANCELLED: cancelled before receiving half close
2019-08-03 03:31:00,685 INFO  server.GrpcService (GrpcService.java:closeImpl(163)) - 9483abcf-c321-45c0-86fb-cf11d9df63f2: shutdown server with port 44404 successfully
2019-08-03 03:31:00,685 WARN  server.GrpcLogAppender (LogUtils.java:warn(134)) - 7e9f1cf6-23aa-4900-8565-d24fa19e1aec->9483abcf-c321-45c0-86fb-cf11d9df63f2: Failed appendEntries: org.apache.ratis.thirdparty.io.grpc.StatusRuntimeException: CANCELLED: HTTP/2 error code: CANCEL
Received Rst Stream
2019-08-03 03:31:00,688 INFO  impl.FollowerInfo (FollowerInfo.java:lambda$new$0(50)) - 7e9f1cf6-23aa-4900-8565-d24fa19e1aec->9483abcf-c321-45c0-86fb-cf11d9df63f2: nextIndex: updateUnconditionally 19 -> 18
2019-08-03 03:31:00,697 INFO  utils.BackgroundService (BackgroundService.java:shutdown(148)) - Shutting down service BlockDeletingService
2019-08-03 03:31:00,702 WARN  fs.CachingGetSpaceUsed (CachingGetSpaceUsed.java:run(183)) - Thread Interrupted waiting to refresh disk information: sleep interrupted
2019-08-03 03:31:00,721 INFO  statemachine.DatanodeStateMachine (DatanodeStateMachine.java:stopDaemon(395)) - Ozone container server stopped.
2019-08-03 03:31:00,722 INFO  handler.ContextHandler (ContextHandler.java:doStop(910)) - Stopped o.e.j.w.WebAppContext@935493d{/,null,UNAVAILABLE}{/hddsDatanode}
2019-08-03 03:31:00,723 INFO  server.AbstractConnector (AbstractConnector.java:doStop(318)) - Stopped ServerConnector@9b367c8{HTTP/1.1,[http/1.1]}{0.0.0.0:0}
2019-08-03 03:31:00,723 INFO  handler.ContextHandler (ContextHandler.java:doStop(910)) - Stopped o.e.j.s.ServletContextHandler@7e191fda{/static,jar:file:/home/user/.m2/repository/org/apache/hadoop/hadoop-hdds-container-service/0.4.1-SNAPSHOT/hadoop-hdds-container-service-0.4.1-SNAPSHOT.jar!/webapps/static,UNAVAILABLE}
2019-08-03 03:31:00,724 INFO  handler.ContextHandler (ContextHandler.java:doStop(910)) - Stopped o.e.j.s.ServletContextHandler@255d9277{/logs,file:///workdir/hadoop-ozone/integration-test/target/log,UNAVAILABLE}
03:31:00.731 [grpc-default-executor-3] ERROR DNAudit - user=null | ip=null | op=WRITE_CHUNK {blockData=conID: 1 locID: 102550932340670465 bcsId: 14} | ret=FAILURE
org.apache.hadoop.hdds.scm.container.common.helpers.ContainerNotOpenException: Container 1 in CLOSED state
	at org.apache.hadoop.ozone.container.common.impl.HddsDispatcher.validateContainerCommand(HddsDispatcher.java:408) ~[hadoop-hdds-container-service-0.4.1-SNAPSHOT.jar:?]
	at org.apache.hadoop.ozone.container.common.transport.server.ratis.ContainerStateMachine.startTransaction(ContainerStateMachine.java:288) ~[hadoop-hdds-container-service-0.4.1-SNAPSHOT.jar:?]
	at org.apache.ratis.server.impl.RaftServerImpl.submitClientRequestAsync(RaftServerImpl.java:566) ~[ratis-server-0.4.0-2337318-SNAPSHOT.jar:0.4.0-2337318-SNAPSHOT]
	at org.apache.ratis.server.impl.RaftServerProxy.lambda$submitClientRequestAsync$7(RaftServerProxy.java:333) ~[ratis-server-0.4.0-2337318-SNAPSHOT.jar:0.4.0-2337318-SNAPSHOT]
	at org.apache.ratis.server.impl.RaftServerProxy.lambda$null$5(RaftServerProxy.java:328) ~[ratis-server-0.4.0-2337318-SNAPSHOT.jar:0.4.0-2337318-SNAPSHOT]
	at org.apache.ratis.util.JavaUtils.callAsUnchecked(JavaUtils.java:109) ~[ratis-common-0.4.0-2337318-SNAPSHOT.jar:0.4.0-2337318-SNAPSHOT]
	at org.apache.ratis.server.impl.RaftServerProxy.lambda$submitRequest$6(RaftServerProxy.java:328) ~[ratis-server-0.4.0-2337318-SNAPSHOT.jar:0.4.0-2337318-SNAPSHOT]
	at java.util.concurrent.CompletableFuture.uniComposeStage(CompletableFuture.java:981) ~[?:1.8.0_212]
	at java.util.concurrent.CompletableFuture.thenCompose(CompletableFuture.java:2124) ~[?:1.8.0_212]
	at org.apache.ratis.server.impl.RaftServerProxy.submitRequest(RaftServerProxy.java:327) ~[ratis-server-0.4.0-2337318-SNAPSHOT.jar:0.4.0-2337318-SNAPSHOT]
	at org.apache.ratis.server.impl.RaftServerProxy.submitClientRequestAsync(RaftServerProxy.java:333) ~[ratis-server-0.4.0-2337318-SNAPSHOT.jar:0.4.0-2337318-SNAPSHOT]
	at org.apache.ratis.grpc.client.GrpcClientProtocolService$RequestStreamObserver.processClientRequest(GrpcClientProtocolService.java:220) ~[ratis-grpc-0.4.0-2337318-SNAPSHOT.jar:0.4.0-2337318-SNAPSHOT]
	at org.apache.ratis.grpc.client.GrpcClientProtocolService$OrderedRequestStreamObserver.processClientRequest(GrpcClientProtocolService.java:326) ~[ratis-grpc-0.4.0-2337318-SNAPSHOT.jar:0.4.0-2337318-SNAPSHOT]
	at org.apache.ratis.util.SlidingWindow$Server.processRequestsFromHead(SlidingWindow.java:429) [ratis-common-0.4.0-2337318-SNAPSHOT.jar:0.4.0-2337318-SNAPSHOT]
	at org.apache.ratis.util.SlidingWindow$Server.receivedRequest(SlidingWindow.java:421) [ratis-common-0.4.0-2337318-SNAPSHOT.jar:0.4.0-2337318-SNAPSHOT]
	at org.apache.ratis.grpc.client.GrpcClientProtocolService$OrderedRequestStreamObserver.processClientRequest(GrpcClientProtocolService.java:345) [ratis-grpc-0.4.0-2337318-SNAPSHOT.jar:0.4.0-2337318-SNAPSHOT]
	at org.apache.ratis.grpc.client.GrpcClientProtocolService$RequestStreamObserver.onNext(GrpcClientProtocolService.java:240) [ratis-grpc-0.4.0-2337318-SNAPSHOT.jar:0.4.0-2337318-SNAPSHOT]
	at org.apache.ratis.grpc.client.GrpcClientProtocolService$RequestStreamObserver.onNext(GrpcClientProtocolService.java:168) [ratis-grpc-0.4.0-2337318-SNAPSHOT.jar:0.4.0-2337318-SNAPSHOT]
	at org.apache.ratis.thirdparty.io.grpc.stub.ServerCalls$StreamingServerCallHandler$StreamingServerCallListener.onMessage(ServerCalls.java:248) [ratis-thirdparty-misc-0.2.0.jar:0.2.0]
	at org.apache.ratis.thirdparty.io.grpc.internal.ServerCallImpl$ServerStreamListenerImpl.messagesAvailable(ServerCallImpl.java:263) [ratis-thirdparty-misc-0.2.0.jar:0.2.0]
	at org.apache.ratis.thirdparty.io.grpc.internal.ServerImpl$JumpToApplicationThreadServerStreamListener$1MessagesAvailable.runInContext(ServerImpl.java:686) [ratis-thirdparty-misc-0.2.0.jar:0.2.0]
	at org.apache.ratis.thirdparty.io.grpc.internal.ContextRunnable.run(ContextRunnable.java:37) [ratis-thirdparty-misc-0.2.0.jar:0.2.0]
	at org.apache.ratis.thirdparty.io.grpc.internal.SerializingExecutor.run(SerializingExecutor.java:123) [ratis-thirdparty-misc-0.2.0.jar:0.2.0]
	at java.util.concurrent.ThreadPoolExecutor.runWorker(ThreadPoolExecutor.java:1149) [?:1.8.0_212]
	at java.util.concurrent.ThreadPoolExecutor$Worker.run(ThreadPoolExecutor.java:624) [?:1.8.0_212]
	at java.lang.Thread.run(Thread.java:748) [?:1.8.0_212]
03:31:00.768 [grpc-default-executor-3] ERROR DNAudit - user=null | ip=null | op=WRITE_CHUNK {blockData=conID: 1 locID: 102550932340670465 bcsId: 14} | ret=FAILURE
org.apache.hadoop.hdds.scm.container.common.helpers.ContainerNotOpenException: Container 1 in CLOSED state
	at org.apache.hadoop.ozone.container.common.impl.HddsDispatcher.validateContainerCommand(HddsDispatcher.java:408) ~[hadoop-hdds-container-service-0.4.1-SNAPSHOT.jar:?]
	at org.apache.hadoop.ozone.container.common.transport.server.ratis.ContainerStateMachine.startTransaction(ContainerStateMachine.java:288) ~[hadoop-hdds-container-service-0.4.1-SNAPSHOT.jar:?]
	at org.apache.ratis.server.impl.RaftServerImpl.submitClientRequestAsync(RaftServerImpl.java:566) ~[ratis-server-0.4.0-2337318-SNAPSHOT.jar:0.4.0-2337318-SNAPSHOT]
	at org.apache.ratis.server.impl.RaftServerProxy.lambda$submitClientRequestAsync$7(RaftServerProxy.java:333) ~[ratis-server-0.4.0-2337318-SNAPSHOT.jar:0.4.0-2337318-SNAPSHOT]
	at org.apache.ratis.server.impl.RaftServerProxy.lambda$null$5(RaftServerProxy.java:328) ~[ratis-server-0.4.0-2337318-SNAPSHOT.jar:0.4.0-2337318-SNAPSHOT]
	at org.apache.ratis.util.JavaUtils.callAsUnchecked(JavaUtils.java:109) ~[ratis-common-0.4.0-2337318-SNAPSHOT.jar:0.4.0-2337318-SNAPSHOT]
	at org.apache.ratis.server.impl.RaftServerProxy.lambda$submitRequest$6(RaftServerProxy.java:328) ~[ratis-server-0.4.0-2337318-SNAPSHOT.jar:0.4.0-2337318-SNAPSHOT]
	at java.util.concurrent.CompletableFuture.uniComposeStage(CompletableFuture.java:981) ~[?:1.8.0_212]
	at java.util.concurrent.CompletableFuture.thenCompose(CompletableFuture.java:2124) ~[?:1.8.0_212]
	at org.apache.ratis.server.impl.RaftServerProxy.submitRequest(RaftServerProxy.java:327) ~[ratis-server-0.4.0-2337318-SNAPSHOT.jar:0.4.0-2337318-SNAPSHOT]
	at org.apache.ratis.server.impl.RaftServerProxy.submitClientRequestAsync(RaftServerProxy.java:333) ~[ratis-server-0.4.0-2337318-SNAPSHOT.jar:0.4.0-2337318-SNAPSHOT]
	at org.apache.ratis.grpc.client.GrpcClientProtocolService$RequestStreamObserver.processClientRequest(GrpcClientProtocolService.java:220) ~[ratis-grpc-0.4.0-2337318-SNAPSHOT.jar:0.4.0-2337318-SNAPSHOT]
	at org.apache.ratis.grpc.client.GrpcClientProtocolService$OrderedRequestStreamObserver.processClientRequest(GrpcClientProtocolService.java:326) ~[ratis-grpc-0.4.0-2337318-SNAPSHOT.jar:0.4.0-2337318-SNAPSHOT]
	at org.apache.ratis.util.SlidingWindow$Server.processRequestsFromHead(SlidingWindow.java:429) [ratis-common-0.4.0-2337318-SNAPSHOT.jar:0.4.0-2337318-SNAPSHOT]
	at org.apache.ratis.util.SlidingWindow$Server.receivedRequest(SlidingWindow.java:421) [ratis-common-0.4.0-2337318-SNAPSHOT.jar:0.4.0-2337318-SNAPSHOT]
	at org.apache.ratis.grpc.client.GrpcClientProtocolService$OrderedRequestStreamObserver.processClientRequest(GrpcClientProtocolService.java:345) [ratis-grpc-0.4.0-2337318-SNAPSHOT.jar:0.4.0-2337318-SNAPSHOT]
	at org.apache.ratis.grpc.client.GrpcClientProtocolService$RequestStreamObserver.onNext(GrpcClientProtocolService.java:240) [ratis-grpc-0.4.0-2337318-SNAPSHOT.jar:0.4.0-2337318-SNAPSHOT]
	at org.apache.ratis.grpc.client.GrpcClientProtocolService$RequestStreamObserver.onNext(GrpcClientProtocolService.java:168) [ratis-grpc-0.4.0-2337318-SNAPSHOT.jar:0.4.0-2337318-SNAPSHOT]
	at org.apache.ratis.thirdparty.io.grpc.stub.ServerCalls$StreamingServerCallHandler$StreamingServerCallListener.onMessage(ServerCalls.java:248) [ratis-thirdparty-misc-0.2.0.jar:0.2.0]
	at org.apache.ratis.thirdparty.io.grpc.internal.ServerCallImpl$ServerStreamListenerImpl.messagesAvailable(ServerCallImpl.java:263) [ratis-thirdparty-misc-0.2.0.jar:0.2.0]
	at org.apache.ratis.thirdparty.io.grpc.internal.ServerImpl$JumpToApplicationThreadServerStreamListener$1MessagesAvailable.runInContext(ServerImpl.java:686) [ratis-thirdparty-misc-0.2.0.jar:0.2.0]
	at org.apache.ratis.thirdparty.io.grpc.internal.ContextRunnable.run(ContextRunnable.java:37) [ratis-thirdparty-misc-0.2.0.jar:0.2.0]
	at org.apache.ratis.thirdparty.io.grpc.internal.SerializingExecutor.run(SerializingExecutor.java:123) [ratis-thirdparty-misc-0.2.0.jar:0.2.0]
	at java.util.concurrent.ThreadPoolExecutor.runWorker(ThreadPoolExecutor.java:1149) [?:1.8.0_212]
	at java.util.concurrent.ThreadPoolExecutor$Worker.run(ThreadPoolExecutor.java:624) [?:1.8.0_212]
	at java.lang.Thread.run(Thread.java:748) [?:1.8.0_212]
03:31:00.777 [grpc-default-executor-3] ERROR DNAudit - user=null | ip=null | op=PUT_BLOCK {blockData=[blockId=conID: 1 locID: 102550932340670465 bcsId: 0,size=650]} | ret=FAILURE
org.apache.hadoop.hdds.scm.container.common.helpers.ContainerNotOpenException: Container 1 in CLOSED state
	at org.apache.hadoop.ozone.container.common.impl.HddsDispatcher.validateContainerCommand(HddsDispatcher.java:408) ~[hadoop-hdds-container-service-0.4.1-SNAPSHOT.jar:?]
	at org.apache.hadoop.ozone.container.common.transport.server.ratis.ContainerStateMachine.startTransaction(ContainerStateMachine.java:288) ~[hadoop-hdds-container-service-0.4.1-SNAPSHOT.jar:?]
	at org.apache.ratis.server.impl.RaftServerImpl.submitClientRequestAsync(RaftServerImpl.java:566) ~[ratis-server-0.4.0-2337318-SNAPSHOT.jar:0.4.0-2337318-SNAPSHOT]
	at org.apache.ratis.server.impl.RaftServerProxy.lambda$submitClientRequestAsync$7(RaftServerProxy.java:333) ~[ratis-server-0.4.0-2337318-SNAPSHOT.jar:0.4.0-2337318-SNAPSHOT]
	at org.apache.ratis.server.impl.RaftServerProxy.lambda$null$5(RaftServerProxy.java:328) ~[ratis-server-0.4.0-2337318-SNAPSHOT.jar:0.4.0-2337318-SNAPSHOT]
	at org.apache.ratis.util.JavaUtils.callAsUnchecked(JavaUtils.java:109) ~[ratis-common-0.4.0-2337318-SNAPSHOT.jar:0.4.0-2337318-SNAPSHOT]
	at org.apache.ratis.server.impl.RaftServerProxy.lambda$submitRequest$6(RaftServerProxy.java:328) ~[ratis-server-0.4.0-2337318-SNAPSHOT.jar:0.4.0-2337318-SNAPSHOT]
	at java.util.concurrent.CompletableFuture.uniComposeStage(CompletableFuture.java:981) ~[?:1.8.0_212]
	at java.util.concurrent.CompletableFuture.thenCompose(CompletableFuture.java:2124) ~[?:1.8.0_212]
	at org.apache.ratis.server.impl.RaftServerProxy.submitRequest(RaftServerProxy.java:327) ~[ratis-server-0.4.0-2337318-SNAPSHOT.jar:0.4.0-2337318-SNAPSHOT]
	at org.apache.ratis.server.impl.RaftServerProxy.submitClientRequestAsync(RaftServerProxy.java:333) ~[ratis-server-0.4.0-2337318-SNAPSHOT.jar:0.4.0-2337318-SNAPSHOT]
	at org.apache.ratis.grpc.client.GrpcClientProtocolService$RequestStreamObserver.processClientRequest(GrpcClientProtocolService.java:220) ~[ratis-grpc-0.4.0-2337318-SNAPSHOT.jar:0.4.0-2337318-SNAPSHOT]
	at org.apache.ratis.grpc.client.GrpcClientProtocolService$OrderedRequestStreamObserver.processClientRequest(GrpcClientProtocolService.java:326) ~[ratis-grpc-0.4.0-2337318-SNAPSHOT.jar:0.4.0-2337318-SNAPSHOT]
	at org.apache.ratis.util.SlidingWindow$Server.processRequestsFromHead(SlidingWindow.java:429) [ratis-common-0.4.0-2337318-SNAPSHOT.jar:0.4.0-2337318-SNAPSHOT]
	at org.apache.ratis.util.SlidingWindow$Server.receivedRequest(SlidingWindow.java:421) [ratis-common-0.4.0-2337318-SNAPSHOT.jar:0.4.0-2337318-SNAPSHOT]
	at org.apache.ratis.grpc.client.GrpcClientProtocolService$OrderedRequestStreamObserver.processClientRequest(GrpcClientProtocolService.java:345) [ratis-grpc-0.4.0-2337318-SNAPSHOT.jar:0.4.0-2337318-SNAPSHOT]
	at org.apache.ratis.grpc.client.GrpcClientProtocolService$RequestStreamObserver.onNext(GrpcClientProtocolService.java:240) [ratis-grpc-0.4.0-2337318-SNAPSHOT.jar:0.4.0-2337318-SNAPSHOT]
	at org.apache.ratis.grpc.client.GrpcClientProtocolService$RequestStreamObserver.onNext(GrpcClientProtocolService.java:168) [ratis-grpc-0.4.0-2337318-SNAPSHOT.jar:0.4.0-2337318-SNAPSHOT]
	at org.apache.ratis.thirdparty.io.grpc.stub.ServerCalls$StreamingServerCallHandler$StreamingServerCallListener.onMessage(ServerCalls.java:248) [ratis-thirdparty-misc-0.2.0.jar:0.2.0]
	at org.apache.ratis.thirdparty.io.grpc.internal.ServerCallImpl$ServerStreamListenerImpl.messagesAvailable(ServerCallImpl.java:263) [ratis-thirdparty-misc-0.2.0.jar:0.2.0]
	at org.apache.ratis.thirdparty.io.grpc.internal.ServerImpl$JumpToApplicationThreadServerStreamListener$1MessagesAvailable.runInContext(ServerImpl.java:686) [ratis-thirdparty-misc-0.2.0.jar:0.2.0]
	at org.apache.ratis.thirdparty.io.grpc.internal.ContextRunnable.run(ContextRunnable.java:37) [ratis-thirdparty-misc-0.2.0.jar:0.2.0]
	at org.apache.ratis.thirdparty.io.grpc.internal.SerializingExecutor.run(SerializingExecutor.java:123) [ratis-thirdparty-misc-0.2.0.jar:0.2.0]
	at java.util.concurrent.ThreadPoolExecutor.runWorker(ThreadPoolExecutor.java:1149) [?:1.8.0_212]
	at java.util.concurrent.ThreadPoolExecutor$Worker.run(ThreadPoolExecutor.java:624) [?:1.8.0_212]
	at java.lang.Thread.run(Thread.java:748) [?:1.8.0_212]
2019-08-03 03:31:00,783 INFO  client.GrpcClientProtocolClient (GrpcClientProtocolClient.java:onNext(255)) - client-F8417E6B6AD5->7e9f1cf6-23aa-4900-8565-d24fa19e1aec: receive RaftClientReply:client-F8417E6B6AD5->7e9f1cf6-23aa-4900-8565-d24fa19e1aec@group-B0BB88AE0E62, cid=22, FAILED org.apache.ratis.protocol.StateMachineException: org.apache.hadoop.hdds.scm.container.common.helpers.ContainerNotOpenException from Server 7e9f1cf6-23aa-4900-8565-d24fa19e1aec: Container 1 in CLOSED state, logIndex=0, commits[7e9f1cf6-23aa-4900-8565-d24fa19e1aec:c18, 9537186b-bb40-4e32-a8f5-11d9eb4290f9:c16, 9483abcf-c321-45c0-86fb-cf11d9df63f2:c17]
03:31:00.784 [grpc-default-executor-3] ERROR DNAudit - user=null | ip=null | op=WRITE_CHUNK {blockData=conID: 1 locID: 102550932340670465 bcsId: 14} | ret=FAILURE
org.apache.hadoop.hdds.scm.container.common.helpers.ContainerNotOpenException: Container 1 in CLOSED state
	at org.apache.hadoop.ozone.container.common.impl.HddsDispatcher.validateContainerCommand(HddsDispatcher.java:408) ~[hadoop-hdds-container-service-0.4.1-SNAPSHOT.jar:?]
	at org.apache.hadoop.ozone.container.common.transport.server.ratis.ContainerStateMachine.startTransaction(ContainerStateMachine.java:288) ~[hadoop-hdds-container-service-0.4.1-SNAPSHOT.jar:?]
	at org.apache.ratis.server.impl.RaftServerImpl.submitClientRequestAsync(RaftServerImpl.java:566) ~[ratis-server-0.4.0-2337318-SNAPSHOT.jar:0.4.0-2337318-SNAPSHOT]
	at org.apache.ratis.server.impl.RaftServerProxy.lambda$submitClientRequestAsync$7(RaftServerProxy.java:333) ~[ratis-server-0.4.0-2337318-SNAPSHOT.jar:0.4.0-2337318-SNAPSHOT]
	at org.apache.ratis.server.impl.RaftServerProxy.lambda$null$5(RaftServerProxy.java:328) ~[ratis-server-0.4.0-2337318-SNAPSHOT.jar:0.4.0-2337318-SNAPSHOT]
	at org.apache.ratis.util.JavaUtils.callAsUnchecked(JavaUtils.java:109) ~[ratis-common-0.4.0-2337318-SNAPSHOT.jar:0.4.0-2337318-SNAPSHOT]
	at org.apache.ratis.server.impl.RaftServerProxy.lambda$submitRequest$6(RaftServerProxy.java:328) ~[ratis-server-0.4.0-2337318-SNAPSHOT.jar:0.4.0-2337318-SNAPSHOT]
	at java.util.concurrent.CompletableFuture.uniComposeStage(CompletableFuture.java:981) ~[?:1.8.0_212]
	at java.util.concurrent.CompletableFuture.thenCompose(CompletableFuture.java:2124) ~[?:1.8.0_212]
	at org.apache.ratis.server.impl.RaftServerProxy.submitRequest(RaftServerProxy.java:327) ~[ratis-server-0.4.0-2337318-SNAPSHOT.jar:0.4.0-2337318-SNAPSHOT]
	at org.apache.ratis.server.impl.RaftServerProxy.submitClientRequestAsync(RaftServerProxy.java:333) ~[ratis-server-0.4.0-2337318-SNAPSHOT.jar:0.4.0-2337318-SNAPSHOT]
	at org.apache.ratis.grpc.client.GrpcClientProtocolService$RequestStreamObserver.processClientRequest(GrpcClientProtocolService.java:220) ~[ratis-grpc-0.4.0-2337318-SNAPSHOT.jar:0.4.0-2337318-SNAPSHOT]
	at org.apache.ratis.grpc.client.GrpcClientProtocolService$OrderedRequestStreamObserver.processClientRequest(GrpcClientProtocolService.java:326) ~[ratis-grpc-0.4.0-2337318-SNAPSHOT.jar:0.4.0-2337318-SNAPSHOT]
	at org.apache.ratis.util.SlidingWindow$Server.processRequestsFromHead(SlidingWindow.java:429) [ratis-common-0.4.0-2337318-SNAPSHOT.jar:0.4.0-2337318-SNAPSHOT]
	at org.apache.ratis.util.SlidingWindow$Server.receivedRequest(SlidingWindow.java:421) [ratis-common-0.4.0-2337318-SNAPSHOT.jar:0.4.0-2337318-SNAPSHOT]
	at org.apache.ratis.grpc.client.GrpcClientProtocolService$OrderedRequestStreamObserver.processClientRequest(GrpcClientProtocolService.java:345) [ratis-grpc-0.4.0-2337318-SNAPSHOT.jar:0.4.0-2337318-SNAPSHOT]
	at org.apache.ratis.grpc.client.GrpcClientProtocolService$RequestStreamObserver.onNext(GrpcClientProtocolService.java:240) [ratis-grpc-0.4.0-2337318-SNAPSHOT.jar:0.4.0-2337318-SNAPSHOT]
	at org.apache.ratis.grpc.client.GrpcClientProtocolService$RequestStreamObserver.onNext(GrpcClientProtocolService.java:168) [ratis-grpc-0.4.0-2337318-SNAPSHOT.jar:0.4.0-2337318-SNAPSHOT]
	at org.apache.ratis.thirdparty.io.grpc.stub.ServerCalls$StreamingServerCallHandler$StreamingServerCallListener.onMessage(ServerCalls.java:248) [ratis-thirdparty-misc-0.2.0.jar:0.2.0]
	at org.apache.ratis.thirdparty.io.grpc.internal.ServerCallImpl$ServerStreamListenerImpl.messagesAvailable(ServerCallImpl.java:263) [ratis-thirdparty-misc-0.2.0.jar:0.2.0]
	at org.apache.ratis.thirdparty.io.grpc.internal.ServerImpl$JumpToApplicationThreadServerStreamListener$1MessagesAvailable.runInContext(ServerImpl.java:686) [ratis-thirdparty-misc-0.2.0.jar:0.2.0]
	at org.apache.ratis.thirdparty.io.grpc.internal.ContextRunnable.run(ContextRunnable.java:37) [ratis-thirdparty-misc-0.2.0.jar:0.2.0]
	at org.apache.ratis.thirdparty.io.grpc.internal.SerializingExecutor.run(SerializingExecutor.java:123) [ratis-thirdparty-misc-0.2.0.jar:0.2.0]
	at java.util.concurrent.ThreadPoolExecutor.runWorker(ThreadPoolExecutor.java:1149) [?:1.8.0_212]
	at java.util.concurrent.ThreadPoolExecutor$Worker.run(ThreadPoolExecutor.java:624) [?:1.8.0_212]
	at java.lang.Thread.run(Thread.java:748) [?:1.8.0_212]
2019-08-03 03:31:00,786 INFO  client.GrpcClientProtocolClient (GrpcClientProtocolClient.java:onNext(255)) - client-F8417E6B6AD5->7e9f1cf6-23aa-4900-8565-d24fa19e1aec: receive RaftClientReply:client-F8417E6B6AD5->7e9f1cf6-23aa-4900-8565-d24fa19e1aec@group-B0BB88AE0E62, cid=23, FAILED org.apache.ratis.protocol.StateMachineException: org.apache.hadoop.hdds.scm.container.common.helpers.ContainerNotOpenException from Server 7e9f1cf6-23aa-4900-8565-d24fa19e1aec: Container 1 in CLOSED state, logIndex=0, commits[7e9f1cf6-23aa-4900-8565-d24fa19e1aec:c18, 9537186b-bb40-4e32-a8f5-11d9eb4290f9:c16, 9483abcf-c321-45c0-86fb-cf11d9df63f2:c17]
2019-08-03 03:31:00,792 INFO  client.GrpcClientProtocolClient (GrpcClientProtocolClient.java:onNext(255)) - client-F8417E6B6AD5->7e9f1cf6-23aa-4900-8565-d24fa19e1aec: receive RaftClientReply:client-F8417E6B6AD5->7e9f1cf6-23aa-4900-8565-d24fa19e1aec@group-B0BB88AE0E62, cid=24, FAILED org.apache.ratis.protocol.StateMachineException: org.apache.hadoop.hdds.scm.container.common.helpers.ContainerNotOpenException from Server 7e9f1cf6-23aa-4900-8565-d24fa19e1aec: Container 1 in CLOSED state, logIndex=0, commits[7e9f1cf6-23aa-4900-8565-d24fa19e1aec:c18, 9537186b-bb40-4e32-a8f5-11d9eb4290f9:c16, 9483abcf-c321-45c0-86fb-cf11d9df63f2:c17]
03:31:00.792 [grpc-default-executor-3] ERROR DNAudit - user=null | ip=null | op=WRITE_CHUNK {blockData=conID: 1 locID: 102550932340670465 bcsId: 14} | ret=FAILURE
org.apache.hadoop.hdds.scm.container.common.helpers.ContainerNotOpenException: Container 1 in CLOSED state
	at org.apache.hadoop.ozone.container.common.impl.HddsDispatcher.validateContainerCommand(HddsDispatcher.java:408) ~[hadoop-hdds-container-service-0.4.1-SNAPSHOT.jar:?]
	at org.apache.hadoop.ozone.container.common.transport.server.ratis.ContainerStateMachine.startTransaction(ContainerStateMachine.java:288) ~[hadoop-hdds-container-service-0.4.1-SNAPSHOT.jar:?]
	at org.apache.ratis.server.impl.RaftServerImpl.submitClientRequestAsync(RaftServerImpl.java:566) ~[ratis-server-0.4.0-2337318-SNAPSHOT.jar:0.4.0-2337318-SNAPSHOT]
	at org.apache.ratis.server.impl.RaftServerProxy.lambda$submitClientRequestAsync$7(RaftServerProxy.java:333) ~[ratis-server-0.4.0-2337318-SNAPSHOT.jar:0.4.0-2337318-SNAPSHOT]
	at org.apache.ratis.server.impl.RaftServerProxy.lambda$null$5(RaftServerProxy.java:328) ~[ratis-server-0.4.0-2337318-SNAPSHOT.jar:0.4.0-2337318-SNAPSHOT]
	at org.apache.ratis.util.JavaUtils.callAsUnchecked(JavaUtils.java:109) ~[ratis-common-0.4.0-2337318-SNAPSHOT.jar:0.4.0-2337318-SNAPSHOT]
	at org.apache.ratis.server.impl.RaftServerProxy.lambda$submitRequest$6(RaftServerProxy.java:328) ~[ratis-server-0.4.0-2337318-SNAPSHOT.jar:0.4.0-2337318-SNAPSHOT]
	at java.util.concurrent.CompletableFuture.uniComposeStage(CompletableFuture.java:981) ~[?:1.8.0_212]
	at java.util.concurrent.CompletableFuture.thenCompose(CompletableFuture.java:2124) ~[?:1.8.0_212]
	at org.apache.ratis.server.impl.RaftServerProxy.submitRequest(RaftServerProxy.java:327) ~[ratis-server-0.4.0-2337318-SNAPSHOT.jar:0.4.0-2337318-SNAPSHOT]
	at org.apache.ratis.server.impl.RaftServerProxy.submitClientRequestAsync(RaftServerProxy.java:333) ~[ratis-server-0.4.0-2337318-SNAPSHOT.jar:0.4.0-2337318-SNAPSHOT]
	at org.apache.ratis.grpc.client.GrpcClientProtocolService$RequestStreamObserver.processClientRequest(GrpcClientProtocolService.java:220) ~[ratis-grpc-0.4.0-2337318-SNAPSHOT.jar:0.4.0-2337318-SNAPSHOT]
	at org.apache.ratis.grpc.client.GrpcClientProtocolService$OrderedRequestStreamObserver.processClientRequest(GrpcClientProtocolService.java:326) ~[ratis-grpc-0.4.0-2337318-SNAPSHOT.jar:0.4.0-2337318-SNAPSHOT]
	at org.apache.ratis.util.SlidingWindow$Server.processRequestsFromHead(SlidingWindow.java:429) [ratis-common-0.4.0-2337318-SNAPSHOT.jar:0.4.0-2337318-SNAPSHOT]
	at org.apache.ratis.util.SlidingWindow$Server.receivedRequest(SlidingWindow.java:421) [ratis-common-0.4.0-2337318-SNAPSHOT.jar:0.4.0-2337318-SNAPSHOT]
	at org.apache.ratis.grpc.client.GrpcClientProtocolService$OrderedRequestStreamObserver.processClientRequest(GrpcClientProtocolService.java:345) [ratis-grpc-0.4.0-2337318-SNAPSHOT.jar:0.4.0-2337318-SNAPSHOT]
	at org.apache.ratis.grpc.client.GrpcClientProtocolService$RequestStreamObserver.onNext(GrpcClientProtocolService.java:240) [ratis-grpc-0.4.0-2337318-SNAPSHOT.jar:0.4.0-2337318-SNAPSHOT]
	at org.apache.ratis.grpc.client.GrpcClientProtocolService$RequestStreamObserver.onNext(GrpcClientProtocolService.java:168) [ratis-grpc-0.4.0-2337318-SNAPSHOT.jar:0.4.0-2337318-SNAPSHOT]
	at org.apache.ratis.thirdparty.io.grpc.stub.ServerCalls$StreamingServerCallHandler$StreamingServerCallListener.onMessage(ServerCalls.java:248) [ratis-thirdparty-misc-0.2.0.jar:0.2.0]
	at org.apache.ratis.thirdparty.io.grpc.internal.ServerCallImpl$ServerStreamListenerImpl.messagesAvailable(ServerCallImpl.java:263) [ratis-thirdparty-misc-0.2.0.jar:0.2.0]
	at org.apache.ratis.thirdparty.io.grpc.internal.ServerImpl$JumpToApplicationThreadServerStreamListener$1MessagesAvailable.runInContext(ServerImpl.java:686) [ratis-thirdparty-misc-0.2.0.jar:0.2.0]
	at org.apache.ratis.thirdparty.io.grpc.internal.ContextRunnable.run(ContextRunnable.java:37) [ratis-thirdparty-misc-0.2.0.jar:0.2.0]
	at org.apache.ratis.thirdparty.io.grpc.internal.SerializingExecutor.run(SerializingExecutor.java:123) [ratis-thirdparty-misc-0.2.0.jar:0.2.0]
	at java.util.concurrent.ThreadPoolExecutor.runWorker(ThreadPoolExecutor.java:1149) [?:1.8.0_212]
	at java.util.concurrent.ThreadPoolExecutor$Worker.run(ThreadPoolExecutor.java:624) [?:1.8.0_212]
	at java.lang.Thread.run(Thread.java:748) [?:1.8.0_212]
2019-08-03 03:31:00,795 WARN  server.GrpcLogAppender (LogUtils.java:warn(134)) - 7e9f1cf6-23aa-4900-8565-d24fa19e1aec->9483abcf-c321-45c0-86fb-cf11d9df63f2: Failed appendEntries: org.apache.ratis.thirdparty.io.grpc.StatusRuntimeException: UNAVAILABLE: io exception
2019-08-03 03:31:00,800 WARN  server.GrpcLogAppender (LogUtils.java:warn(134)) - 7e9f1cf6-23aa-4900-8565-d24fa19e1aec->9537186b-bb40-4e32-a8f5-11d9eb4290f9: Failed appendEntries: org.apache.ratis.thirdparty.io.grpc.StatusRuntimeException: UNAVAILABLE: io exception
2019-08-03 03:31:00,801 INFO  impl.FollowerInfo (FollowerInfo.java:lambda$new$0(50)) - 7e9f1cf6-23aa-4900-8565-d24fa19e1aec->9483abcf-c321-45c0-86fb-cf11d9df63f2: nextIndex: updateUnconditionally 18 -> 17
2019-08-03 03:31:00,802 INFO  impl.FollowerInfo (FollowerInfo.java:lambda$new$0(50)) - 7e9f1cf6-23aa-4900-8565-d24fa19e1aec->9537186b-bb40-4e32-a8f5-11d9eb4290f9: nextIndex: updateUnconditionally 15 -> 14
2019-08-03 03:31:00,803 INFO  client.GrpcClientProtocolClient (GrpcClientProtocolClient.java:onNext(255)) - client-F8417E6B6AD5->7e9f1cf6-23aa-4900-8565-d24fa19e1aec: receive RaftClientReply:client-F8417E6B6AD5->7e9f1cf6-23aa-4900-8565-d24fa19e1aec@group-B0BB88AE0E62, cid=25, FAILED org.apache.ratis.protocol.StateMachineException: org.apache.hadoop.hdds.scm.container.common.helpers.ContainerNotOpenException from Server 7e9f1cf6-23aa-4900-8565-d24fa19e1aec: Container 1 in CLOSED state, logIndex=0, commits[7e9f1cf6-23aa-4900-8565-d24fa19e1aec:c18, 9537186b-bb40-4e32-a8f5-11d9eb4290f9:c16, 9483abcf-c321-45c0-86fb-cf11d9df63f2:c17]
03:31:00.806 [grpc-default-executor-3] ERROR DNAudit - user=null | ip=null | op=PUT_BLOCK {blockData=[blockId=conID: 1 locID: 102550932340670465 bcsId: 0,size=800]} | ret=FAILURE
org.apache.hadoop.hdds.scm.container.common.helpers.ContainerNotOpenException: Container 1 in CLOSED state
	at org.apache.hadoop.ozone.container.common.impl.HddsDispatcher.validateContainerCommand(HddsDispatcher.java:408) ~[hadoop-hdds-container-service-0.4.1-SNAPSHOT.jar:?]
	at org.apache.hadoop.ozone.container.common.transport.server.ratis.ContainerStateMachine.startTransaction(ContainerStateMachine.java:288) ~[hadoop-hdds-container-service-0.4.1-SNAPSHOT.jar:?]
	at org.apache.ratis.server.impl.RaftServerImpl.submitClientRequestAsync(RaftServerImpl.java:566) ~[ratis-server-0.4.0-2337318-SNAPSHOT.jar:0.4.0-2337318-SNAPSHOT]
	at org.apache.ratis.server.impl.RaftServerProxy.lambda$submitClientRequestAsync$7(RaftServerProxy.java:333) ~[ratis-server-0.4.0-2337318-SNAPSHOT.jar:0.4.0-2337318-SNAPSHOT]
	at org.apache.ratis.server.impl.RaftServerProxy.lambda$null$5(RaftServerProxy.java:328) ~[ratis-server-0.4.0-2337318-SNAPSHOT.jar:0.4.0-2337318-SNAPSHOT]
	at org.apache.ratis.util.JavaUtils.callAsUnchecked(JavaUtils.java:109) ~[ratis-common-0.4.0-2337318-SNAPSHOT.jar:0.4.0-2337318-SNAPSHOT]
	at org.apache.ratis.server.impl.RaftServerProxy.lambda$submitRequest$6(RaftServerProxy.java:328) ~[ratis-server-0.4.0-2337318-SNAPSHOT.jar:0.4.0-2337318-SNAPSHOT]
	at java.util.concurrent.CompletableFuture.uniComposeStage(CompletableFuture.java:981) ~[?:1.8.0_212]
	at java.util.concurrent.CompletableFuture.thenCompose(CompletableFuture.java:2124) ~[?:1.8.0_212]
	at org.apache.ratis.server.impl.RaftServerProxy.submitRequest(RaftServerProxy.java:327) ~[ratis-server-0.4.0-2337318-SNAPSHOT.jar:0.4.0-2337318-SNAPSHOT]
	at org.apache.ratis.server.impl.RaftServerProxy.submitClientRequestAsync(RaftServerProxy.java:333) ~[ratis-server-0.4.0-2337318-SNAPSHOT.jar:0.4.0-2337318-SNAPSHOT]
	at org.apache.ratis.grpc.client.GrpcClientProtocolService$RequestStreamObserver.processClientRequest(GrpcClientProtocolService.java:220) ~[ratis-grpc-0.4.0-2337318-SNAPSHOT.jar:0.4.0-2337318-SNAPSHOT]
	at org.apache.ratis.grpc.client.GrpcClientProtocolService$OrderedRequestStreamObserver.processClientRequest(GrpcClientProtocolService.java:326) ~[ratis-grpc-0.4.0-2337318-SNAPSHOT.jar:0.4.0-2337318-SNAPSHOT]
	at org.apache.ratis.util.SlidingWindow$Server.processRequestsFromHead(SlidingWindow.java:429) [ratis-common-0.4.0-2337318-SNAPSHOT.jar:0.4.0-2337318-SNAPSHOT]
	at org.apache.ratis.util.SlidingWindow$Server.receivedRequest(SlidingWindow.java:421) [ratis-common-0.4.0-2337318-SNAPSHOT.jar:0.4.0-2337318-SNAPSHOT]
	at org.apache.ratis.grpc.client.GrpcClientProtocolService$OrderedRequestStreamObserver.processClientRequest(GrpcClientProtocolService.java:345) [ratis-grpc-0.4.0-2337318-SNAPSHOT.jar:0.4.0-2337318-SNAPSHOT]
	at org.apache.ratis.grpc.client.GrpcClientProtocolService$RequestStreamObserver.onNext(GrpcClientProtocolService.java:240) [ratis-grpc-0.4.0-2337318-SNAPSHOT.jar:0.4.0-2337318-SNAPSHOT]
	at org.apache.ratis.grpc.client.GrpcClientProtocolService$RequestStreamObserver.onNext(GrpcClientProtocolService.java:168) [ratis-grpc-0.4.0-2337318-SNAPSHOT.jar:0.4.0-2337318-SNAPSHOT]
	at org.apache.ratis.thirdparty.io.grpc.stub.ServerCalls$StreamingServerCallHandler$StreamingServerCallListener.onMessage(ServerCalls.java:248) [ratis-thirdparty-misc-0.2.0.jar:0.2.0]
	at org.apache.ratis.thirdparty.io.grpc.internal.ServerCallImpl$ServerStreamListenerImpl.messagesAvailable(ServerCallImpl.java:263) [ratis-thirdparty-misc-0.2.0.jar:0.2.0]
	at org.apache.ratis.thirdparty.io.grpc.internal.ServerImpl$JumpToApplicationThreadServerStreamListener$1MessagesAvailable.runInContext(ServerImpl.java:686) [ratis-thirdparty-misc-0.2.0.jar:0.2.0]
	at org.apache.ratis.thirdparty.io.grpc.internal.ContextRunnable.run(ContextRunnable.java:37) [ratis-thirdparty-misc-0.2.0.jar:0.2.0]
	at org.apache.ratis.thirdparty.io.grpc.internal.SerializingExecutor.run(SerializingExecutor.java:123) [ratis-thirdparty-misc-0.2.0.jar:0.2.0]
	at java.util.concurrent.ThreadPoolExecutor.runWorker(ThreadPoolExecutor.java:1149) [?:1.8.0_212]
	at java.util.concurrent.ThreadPoolExecutor$Worker.run(ThreadPoolExecutor.java:624) [?:1.8.0_212]
	at java.lang.Thread.run(Thread.java:748) [?:1.8.0_212]
2019-08-03 03:31:00,810 INFO  client.GrpcClientProtocolClient (GrpcClientProtocolClient.java:onNext(255)) - client-F8417E6B6AD5->7e9f1cf6-23aa-4900-8565-d24fa19e1aec: receive RaftClientReply:client-F8417E6B6AD5->7e9f1cf6-23aa-4900-8565-d24fa19e1aec@group-B0BB88AE0E62, cid=26, FAILED org.apache.ratis.protocol.StateMachineException: org.apache.hadoop.hdds.scm.container.common.helpers.ContainerNotOpenException from Server 7e9f1cf6-23aa-4900-8565-d24fa19e1aec: Container 1 in CLOSED state, logIndex=0, commits[7e9f1cf6-23aa-4900-8565-d24fa19e1aec:c18, 9537186b-bb40-4e32-a8f5-11d9eb4290f9:c16, 9483abcf-c321-45c0-86fb-cf11d9df63f2:c17]
2019-08-03 03:31:00,813 INFO  client.GrpcClientProtocolClient (GrpcClientProtocolClient.java:onNext(255)) - client-F8417E6B6AD5->7e9f1cf6-23aa-4900-8565-d24fa19e1aec: receive RaftClientReply:client-F8417E6B6AD5->7e9f1cf6-23aa-4900-8565-d24fa19e1aec@group-B0BB88AE0E62, cid=27, FAILED org.apache.ratis.protocol.StateMachineException: org.apache.hadoop.hdds.scm.container.common.helpers.ContainerNotOpenException from Server 7e9f1cf6-23aa-4900-8565-d24fa19e1aec: Container 1 in CLOSED state, logIndex=0, commits[7e9f1cf6-23aa-4900-8565-d24fa19e1aec:c18, 9537186b-bb40-4e32-a8f5-11d9eb4290f9:c16, 9483abcf-c321-45c0-86fb-cf11d9df63f2:c17]
2019-08-03 03:31:00,861 INFO  client.GrpcClientProtocolClient (GrpcClientProtocolClient.java:onNext(255)) - client-8A9FB5530641->ba84adb8-7d6b-4055-b653-0ef7bf04c5a7: receive RaftClientReply:client-8A9FB5530641->ba84adb8-7d6b-4055-b653-0ef7bf04c5a7@group-421F8A4D9F42, cid=28, FAILED org.apache.ratis.protocol.NotLeaderException: Server ba84adb8-7d6b-4055-b653-0ef7bf04c5a7 is not the leader (67d27a43-c8c9-4c8d-bb1c-6998b10edf76:192.168.5.147:41713). Request must be sent to leader., logIndex=0, commits[ba84adb8-7d6b-4055-b653-0ef7bf04c5a7:c0, 67d27a43-c8c9-4c8d-bb1c-6998b10edf76:c0, 67342acf-f115-46bf-aa80-d319ab45a04b:c0]
2019-08-03 03:31:00,981 INFO  client.GrpcClientProtocolClient (GrpcClientProtocolClient.java:onNext(255)) - client-8A9FB5530641->67d27a43-c8c9-4c8d-bb1c-6998b10edf76: receive RaftClientReply:client-8A9FB5530641->67d27a43-c8c9-4c8d-bb1c-6998b10edf76@group-421F8A4D9F42, cid=28, SUCCESS, logIndex=1, commits[67d27a43-c8c9-4c8d-bb1c-6998b10edf76:c1, ba84adb8-7d6b-4055-b653-0ef7bf04c5a7:c0, 67342acf-f115-46bf-aa80-d319ab45a04b:c0]
2019-08-03 03:31:01,011 INFO  client.GrpcClientProtocolClient (GrpcClientProtocolClient.java:onNext(255)) - client-8A9FB5530641->67d27a43-c8c9-4c8d-bb1c-6998b10edf76: receive RaftClientReply:client-8A9FB5530641->67d27a43-c8c9-4c8d-bb1c-6998b10edf76@group-421F8A4D9F42, cid=29, SUCCESS, logIndex=3, commits[67d27a43-c8c9-4c8d-bb1c-6998b10edf76:c3, ba84adb8-7d6b-4055-b653-0ef7bf04c5a7:c2, 67342acf-f115-46bf-aa80-d319ab45a04b:c2]
2019-08-03 03:31:01,045 INFO  client.GrpcClientProtocolClient (GrpcClientProtocolClient.java:onNext(255)) - client-8A9FB5530641->67d27a43-c8c9-4c8d-bb1c-6998b10edf76: receive RaftClientReply:client-8A9FB5530641->67d27a43-c8c9-4c8d-bb1c-6998b10edf76@group-421F8A4D9F42, cid=30, SUCCESS, logIndex=4, commits[67d27a43-c8c9-4c8d-bb1c-6998b10edf76:c12, ba84adb8-7d6b-4055-b653-0ef7bf04c5a7:c7, 67342acf-f115-46bf-aa80-d319ab45a04b:c7]
2019-08-03 03:31:01,045 INFO  client.GrpcClientProtocolClient (GrpcClientProtocolClient.java:onNext(255)) - client-8A9FB5530641->67d27a43-c8c9-4c8d-bb1c-6998b10edf76: receive RaftClientReply:client-8A9FB5530641->67d27a43-c8c9-4c8d-bb1c-6998b10edf76@group-421F8A4D9F42, cid=31, SUCCESS, logIndex=5, commits[67d27a43-c8c9-4c8d-bb1c-6998b10edf76:c12, ba84adb8-7d6b-4055-b653-0ef7bf04c5a7:c7, 67342acf-f115-46bf-aa80-d319ab45a04b:c7]
2019-08-03 03:31:01,046 INFO  client.GrpcClientProtocolClient (GrpcClientProtocolClient.java:onNext(255)) - client-8A9FB5530641->67d27a43-c8c9-4c8d-bb1c-6998b10edf76: receive RaftClientReply:client-8A9FB5530641->67d27a43-c8c9-4c8d-bb1c-6998b10edf76@group-421F8A4D9F42, cid=32, SUCCESS, logIndex=6, commits[67d27a43-c8c9-4c8d-bb1c-6998b10edf76:c12, ba84adb8-7d6b-4055-b653-0ef7bf04c5a7:c7, 67342acf-f115-46bf-aa80-d319ab45a04b:c7]
2019-08-03 03:31:01,077 INFO  client.GrpcClientProtocolClient (GrpcClientProtocolClient.java:onNext(255)) - client-8A9FB5530641->67d27a43-c8c9-4c8d-bb1c-6998b10edf76: receive RaftClientReply:client-8A9FB5530641->67d27a43-c8c9-4c8d-bb1c-6998b10edf76@group-421F8A4D9F42, cid=33, SUCCESS, logIndex=7, commits[67d27a43-c8c9-4c8d-bb1c-6998b10edf76:c12, ba84adb8-7d6b-4055-b653-0ef7bf04c5a7:c7, 67342acf-f115-46bf-aa80-d319ab45a04b:c7]
2019-08-03 03:31:01,092 INFO  client.GrpcClientProtocolClient (GrpcClientProtocolClient.java:onNext(255)) - client-8A9FB5530641->67d27a43-c8c9-4c8d-bb1c-6998b10edf76: receive RaftClientReply:client-8A9FB5530641->67d27a43-c8c9-4c8d-bb1c-6998b10edf76@group-421F8A4D9F42, cid=34, SUCCESS, logIndex=13, commits[67d27a43-c8c9-4c8d-bb1c-6998b10edf76:c13, ba84adb8-7d6b-4055-b653-0ef7bf04c5a7:c12, 67342acf-f115-46bf-aa80-d319ab45a04b:c12]
2019-08-03 03:31:01,096 INFO  client.GrpcClientProtocolClient (GrpcClientProtocolClient.java:onNext(255)) - client-8A9FB5530641->67d27a43-c8c9-4c8d-bb1c-6998b10edf76: receive RaftClientReply:client-8A9FB5530641->67d27a43-c8c9-4c8d-bb1c-6998b10edf76@group-421F8A4D9F42, cid=35, SUCCESS, logIndex=14, commits[67d27a43-c8c9-4c8d-bb1c-6998b10edf76:c14, ba84adb8-7d6b-4055-b653-0ef7bf04c5a7:c12, 67342acf-f115-46bf-aa80-d319ab45a04b:c12]
2019-08-03 03:31:01,102 INFO  client.GrpcClientProtocolClient (GrpcClientProtocolClient.java:onNext(255)) - client-8A9FB5530641->67d27a43-c8c9-4c8d-bb1c-6998b10edf76: receive RaftClientReply:client-8A9FB5530641->67d27a43-c8c9-4c8d-bb1c-6998b10edf76@group-421F8A4D9F42, cid=36, SUCCESS, logIndex=0, commits[67d27a43-c8c9-4c8d-bb1c-6998b10edf76:c16, ba84adb8-7d6b-4055-b653-0ef7bf04c5a7:c14, 67342acf-f115-46bf-aa80-d319ab45a04b:c14]
2019-08-03 03:31:01,103 INFO  ozone.MiniOzoneClusterImpl (MiniOzoneClusterImpl.java:shutdown(321)) - Shutting down the Mini Ozone Cluster
2019-08-03 03:31:01,103 INFO  ozone.MiniOzoneClusterImpl (MiniOzoneClusterImpl.java:stop(336)) - Stopping the Mini Ozone Cluster
2019-08-03 03:31:01,104 INFO  ozone.MiniOzoneClusterImpl (MiniOzoneClusterImpl.java:stop(338)) - Stopping the OzoneManager
2019-08-03 03:31:01,104 INFO  ipc.Server (Server.java:stop(3082)) - Stopping server on 39255
2019-08-03 03:31:01,106 INFO  ipc.Server (Server.java:run(1185)) - Stopping IPC Server listener on 39255
2019-08-03 03:31:01,106 INFO  utils.BackgroundService (BackgroundService.java:shutdown(148)) - Shutting down service KeyDeletingService
2019-08-03 03:31:01,106 INFO  ipc.Server (Server.java:run(1319)) - Stopping IPC Server Responder
2019-08-03 03:31:01,107 INFO  handler.ContextHandler (ContextHandler.java:doStop(910)) - Stopped o.e.j.w.WebAppContext@61d01788{/,null,UNAVAILABLE}{/ozoneManager}
2019-08-03 03:31:01,108 INFO  server.AbstractConnector (AbstractConnector.java:doStop(318)) - Stopped ServerConnector@2b9b7f1f{HTTP/1.1,[http/1.1]}{0.0.0.0:0}
2019-08-03 03:31:01,108 INFO  handler.ContextHandler (ContextHandler.java:doStop(910)) - Stopped o.e.j.s.ServletContextHandler@6ce90bc5{/static,file:///workdir/hadoop-ozone/integration-test/target/test-classes/webapps/static,UNAVAILABLE}
2019-08-03 03:31:01,109 INFO  handler.ContextHandler (ContextHandler.java:doStop(910)) - Stopped o.e.j.s.ServletContextHandler@6e6fce47{/logs,file:///workdir/hadoop-ozone/integration-test/target/log,UNAVAILABLE}
2019-08-03 03:31:01,112 INFO  ozone.MiniOzoneClusterImpl (MiniOzoneClusterImpl.java:stop(344)) - Shutting the HddsDatanodes
2019-08-03 03:31:01,112 INFO  datanode.ObjectStoreHandler (ObjectStoreHandler.java:close(155)) - Closing ObjectStoreHandler.
2019-08-03 03:31:01,112 INFO  datanode.ObjectStoreHandler (ObjectStoreHandler.java:close(155)) - Closing ObjectStoreHandler.
2019-08-03 03:31:01,114 INFO  ozone.HddsDatanodeService (HddsDatanodeService.java:stop(451)) - Stopped plug-in org.apache.hadoop.ozone.web.OzoneHddsDatanodeService@7364f68
2019-08-03 03:31:01,114 INFO  ozone.HddsDatanodeService (HddsDatanodeService.java:stop(451)) - Stopped plug-in org.apache.hadoop.ozone.web.OzoneHddsDatanodeService@20d19f2c
2019-08-03 03:31:01,315 INFO  statemachine.DatanodeStateMachine (DatanodeStateMachine.java:lambda$startDaemon$0(350)) - Ozone container server started.
2019-08-03 03:31:01,848 INFO  statemachine.DatanodeStateMachine (DatanodeStateMachine.java:lambda$startDaemon$0(350)) - Ozone container server started.
2019-08-03 03:31:03,301 WARN  server.GrpcLogAppender (LogUtils.java:warn(134)) - 7e9f1cf6-23aa-4900-8565-d24fa19e1aec->9483abcf-c321-45c0-86fb-cf11d9df63f2: Failed appendEntries: org.apache.ratis.thirdparty.io.grpc.StatusRuntimeException: UNAVAILABLE: io exception
2019-08-03 03:31:03,301 WARN  server.GrpcLogAppender (LogUtils.java:warn(134)) - 7e9f1cf6-23aa-4900-8565-d24fa19e1aec->9537186b-bb40-4e32-a8f5-11d9eb4290f9: Failed appendEntries: org.apache.ratis.thirdparty.io.grpc.StatusRuntimeException: UNAVAILABLE: io exception
2019-08-03 03:31:03,303 INFO  impl.FollowerInfo (FollowerInfo.java:lambda$new$0(50)) - 7e9f1cf6-23aa-4900-8565-d24fa19e1aec->9483abcf-c321-45c0-86fb-cf11d9df63f2: nextIndex: updateUnconditionally 17 -> 16
2019-08-03 03:31:03,305 INFO  impl.FollowerInfo (FollowerInfo.java:lambda$new$0(50)) - 7e9f1cf6-23aa-4900-8565-d24fa19e1aec->9537186b-bb40-4e32-a8f5-11d9eb4290f9: nextIndex: updateUnconditionally 14 -> 13
2019-08-03 03:31:05,338 INFO  node.StaleNodeHandler (StaleNodeHandler.java:onMessage(58)) - Datanode 7e9f1cf6-23aa-4900-8565-d24fa19e1aec{ip: 192.168.5.147, host: byscane-nightly-b86qh-2100283676, networkLocation: /default-rack, certSerialId: null} moved to stale state. Finalizing its pipelines [PipelineID=11335c18-ba84-41a4-875d-2ed47eb7a6de, PipelineID=d0e85ffb-1e05-4b61-930c-b0bb88ae0e62]
2019-08-03 03:31:05,338 INFO  pipeline.SCMPipelineManager (SCMPipelineManager.java:finalizeAndDestroyPipeline(309)) - destroying pipeline:Pipeline[ Id: 11335c18-ba84-41a4-875d-2ed47eb7a6de, Nodes: 7e9f1cf6-23aa-4900-8565-d24fa19e1aec{ip: 192.168.5.147, host: byscane-nightly-b86qh-2100283676, networkLocation: /default-rack, certSerialId: null}, Type:RATIS, Factor:ONE, State:OPEN]
2019-08-03 03:31:05,338 INFO  pipeline.PipelineStateManager (PipelineStateManager.java:finalizePipeline(123)) - Pipeline Pipeline[ Id: 11335c18-ba84-41a4-875d-2ed47eb7a6de, Nodes: 7e9f1cf6-23aa-4900-8565-d24fa19e1aec{ip: 192.168.5.147, host: byscane-nightly-b86qh-2100283676, networkLocation: /default-rack, certSerialId: null}, Type:RATIS, Factor:ONE, State:CLOSED] moved to CLOSED state
2019-08-03 03:31:05,339 INFO  pipeline.SCMPipelineManager (SCMPipelineManager.java:finalizeAndDestroyPipeline(309)) - destroying pipeline:Pipeline[ Id: d0e85ffb-1e05-4b61-930c-b0bb88ae0e62, Nodes: 9537186b-bb40-4e32-a8f5-11d9eb4290f9{ip: 192.168.5.147, host: byscane-nightly-b86qh-2100283676, networkLocation: /default-rack, certSerialId: null}9483abcf-c321-45c0-86fb-cf11d9df63f2{ip: 192.168.5.147, host: byscane-nightly-b86qh-2100283676, networkLocation: /default-rack, certSerialId: null}7e9f1cf6-23aa-4900-8565-d24fa19e1aec{ip: 192.168.5.147, host: byscane-nightly-b86qh-2100283676, networkLocation: /default-rack, certSerialId: null}, Type:RATIS, Factor:THREE, State:CLOSED]
2019-08-03 03:31:05,804 WARN  server.GrpcLogAppender (LogUtils.java:warn(134)) - 7e9f1cf6-23aa-4900-8565-d24fa19e1aec->9483abcf-c321-45c0-86fb-cf11d9df63f2: Failed appendEntries: org.apache.ratis.thirdparty.io.grpc.StatusRuntimeException: UNAVAILABLE: io exception
2019-08-03 03:31:05,807 INFO  impl.FollowerInfo (FollowerInfo.java:lambda$new$0(50)) - 7e9f1cf6-23aa-4900-8565-d24fa19e1aec->9483abcf-c321-45c0-86fb-cf11d9df63f2: nextIndex: updateUnconditionally 16 -> 15
2019-08-03 03:31:05,807 WARN  server.GrpcLogAppender (LogUtils.java:warn(134)) - 7e9f1cf6-23aa-4900-8565-d24fa19e1aec->9537186b-bb40-4e32-a8f5-11d9eb4290f9: Failed appendEntries: org.apache.ratis.thirdparty.io.grpc.StatusRuntimeException: UNAVAILABLE: io exception
2019-08-03 03:31:05,810 INFO  impl.FollowerInfo (FollowerInfo.java:lambda$new$0(50)) - 7e9f1cf6-23aa-4900-8565-d24fa19e1aec->9537186b-bb40-4e32-a8f5-11d9eb4290f9: nextIndex: updateUnconditionally 13 -> 12
2019-08-03 03:31:05,939 INFO  node.StaleNodeHandler (StaleNodeHandler.java:onMessage(58)) - Datanode 0f377a22-0386-49aa-97e9-1a7f611d7a2e{ip: 192.168.5.147, host: byscane-nightly-b86qh-2100283676, networkLocation: /default-rack, certSerialId: null} moved to stale state. Finalizing its pipelines [PipelineID=5512e5db-4d8e-4d40-887b-8c81c2e7db81]
2019-08-03 03:31:05,939 INFO  pipeline.SCMPipelineManager (SCMPipelineManager.java:finalizeAndDestroyPipeline(309)) - destroying pipeline:Pipeline[ Id: 5512e5db-4d8e-4d40-887b-8c81c2e7db81, Nodes: 0f377a22-0386-49aa-97e9-1a7f611d7a2e{ip: 192.168.5.147, host: byscane-nightly-b86qh-2100283676, networkLocation: /default-rack, certSerialId: null}, Type:RATIS, Factor:ONE, State:OPEN]
2019-08-03 03:31:05,939 INFO  pipeline.PipelineStateManager (PipelineStateManager.java:finalizePipeline(123)) - Pipeline Pipeline[ Id: 5512e5db-4d8e-4d40-887b-8c81c2e7db81, Nodes: 0f377a22-0386-49aa-97e9-1a7f611d7a2e{ip: 192.168.5.147, host: byscane-nightly-b86qh-2100283676, networkLocation: /default-rack, certSerialId: null}, Type:RATIS, Factor:ONE, State:CLOSED] moved to CLOSED state
2019-08-03 03:31:06,115 INFO  ozoneimpl.OzoneContainer (OzoneContainer.java:stop(199)) - Attempting to stop container services.
2019-08-03 03:31:06,115 INFO  ozoneimpl.OzoneContainer (OzoneContainer.java:stop(199)) - Attempting to stop container services.
2019-08-03 03:31:06,115 INFO  impl.RaftServerProxy (RaftServerProxy.java:lambda$close$4(314)) - 7e9f1cf6-23aa-4900-8565-d24fa19e1aec: close
2019-08-03 03:31:06,116 INFO  impl.RaftServerProxy (RaftServerProxy.java:lambda$close$4(314)) - 0f377a22-0386-49aa-97e9-1a7f611d7a2e: close
2019-08-03 03:31:06,116 INFO  impl.RaftServerImpl (RaftServerImpl.java:lambda$shutdown$3(245)) - 7e9f1cf6-23aa-4900-8565-d24fa19e1aec: shutdown group-2ED47EB7A6DE
2019-08-03 03:31:06,116 INFO  impl.RaftServerImpl (RaftServerImpl.java:lambda$shutdown$3(245)) - 0f377a22-0386-49aa-97e9-1a7f611d7a2e: shutdown group-8C81C2E7DB81
2019-08-03 03:31:06,117 INFO  util.JmxRegister (JmxRegister.java:unregister(73)) - Successfully un-registered JMX Bean with object name Ratis:service=RaftServer,group=group-2ED47EB7A6DE,id=7e9f1cf6-23aa-4900-8565-d24fa19e1aec
2019-08-03 03:31:06,117 INFO  util.JmxRegister (JmxRegister.java:unregister(73)) - Successfully un-registered JMX Bean with object name Ratis:service=RaftServer,group=group-8C81C2E7DB81,id=0f377a22-0386-49aa-97e9-1a7f611d7a2e
2019-08-03 03:31:06,117 INFO  impl.RoleInfo (RoleInfo.java:shutdownLeaderState(104)) - 7e9f1cf6-23aa-4900-8565-d24fa19e1aec: shutdown LeaderState
2019-08-03 03:31:06,118 INFO  impl.RoleInfo (RoleInfo.java:shutdownLeaderState(104)) - 0f377a22-0386-49aa-97e9-1a7f611d7a2e: shutdown LeaderState
2019-08-03 03:31:06,118 INFO  impl.PendingRequests (PendingRequests.java:sendNotLeaderResponses(202)) - 7e9f1cf6-23aa-4900-8565-d24fa19e1aec-PendingRequests: sendNotLeaderResponses
2019-08-03 03:31:06,118 INFO  impl.PendingRequests (PendingRequests.java:sendNotLeaderResponses(202)) - 0f377a22-0386-49aa-97e9-1a7f611d7a2e-PendingRequests: sendNotLeaderResponses
2019-08-03 03:31:06,122 INFO  impl.StateMachineUpdater (StateMachineUpdater.java:stopAndJoin(115)) - StateMachineUpdater:7e9f1cf6-23aa-4900-8565-d24fa19e1aec:group-2ED47EB7A6DE: set stopIndex = 0
2019-08-03 03:31:06,123 INFO  impl.RaftServerImpl (ServerState.java:close(394)) - 7e9f1cf6-23aa-4900-8565-d24fa19e1aec:group-2ED47EB7A6DE closes. The last applied log index is 0
2019-08-03 03:31:06,122 INFO  impl.StateMachineUpdater (StateMachineUpdater.java:stopAndJoin(115)) - StateMachineUpdater:0f377a22-0386-49aa-97e9-1a7f611d7a2e:group-8C81C2E7DB81: set stopIndex = 0
2019-08-03 03:31:06,123 INFO  segmented.SegmentedRaftLogWorker (SegmentedRaftLogWorker.java:run(313)) - 7e9f1cf6-23aa-4900-8565-d24fa19e1aec-SegmentedRaftLogWorker:Storage Directory /workdir/hadoop-ozone/integration-test/target/test-dir/MiniOzoneClusterImpl-6d9f27d0-f135-4509-a70e-1d3c49807de0/datanode-4/data/ratis/11335c18-ba84-41a4-875d-2ed47eb7a6de was interrupted, exiting. There are 0 tasks remaining in the queue.
2019-08-03 03:31:06,123 INFO  impl.RaftServerImpl (ServerState.java:close(394)) - 0f377a22-0386-49aa-97e9-1a7f611d7a2e:group-8C81C2E7DB81 closes. The last applied log index is 0
2019-08-03 03:31:06,126 INFO  segmented.SegmentedRaftLogWorker (SegmentedRaftLogWorker.java:close(228)) - 7e9f1cf6-23aa-4900-8565-d24fa19e1aec-SegmentedRaftLogWorker:Storage Directory /workdir/hadoop-ozone/integration-test/target/test-dir/MiniOzoneClusterImpl-6d9f27d0-f135-4509-a70e-1d3c49807de0/datanode-4/data/ratis/11335c18-ba84-41a4-875d-2ed47eb7a6de close()
2019-08-03 03:31:06,126 INFO  segmented.SegmentedRaftLogWorker (SegmentedRaftLogWorker.java:run(313)) - 0f377a22-0386-49aa-97e9-1a7f611d7a2e-SegmentedRaftLogWorker:Storage Directory /workdir/hadoop-ozone/integration-test/target/test-dir/MiniOzoneClusterImpl-6d9f27d0-f135-4509-a70e-1d3c49807de0/datanode-1/data/ratis/5512e5db-4d8e-4d40-887b-8c81c2e7db81 was interrupted, exiting. There are 0 tasks remaining in the queue.
2019-08-03 03:31:06,130 INFO  impl.RaftServerImpl (RaftServerImpl.java:lambda$shutdown$3(245)) - 7e9f1cf6-23aa-4900-8565-d24fa19e1aec: shutdown group-B0BB88AE0E62
2019-08-03 03:31:06,131 INFO  segmented.SegmentedRaftLogWorker (SegmentedRaftLogWorker.java:close(228)) - 0f377a22-0386-49aa-97e9-1a7f611d7a2e-SegmentedRaftLogWorker:Storage Directory /workdir/hadoop-ozone/integration-test/target/test-dir/MiniOzoneClusterImpl-6d9f27d0-f135-4509-a70e-1d3c49807de0/datanode-1/data/ratis/5512e5db-4d8e-4d40-887b-8c81c2e7db81 close()
2019-08-03 03:31:06,132 INFO  util.JmxRegister (JmxRegister.java:unregister(73)) - Successfully un-registered JMX Bean with object name Ratis:service=RaftServer,group=group-B0BB88AE0E62,id=7e9f1cf6-23aa-4900-8565-d24fa19e1aec
2019-08-03 03:31:06,135 INFO  server.GrpcService (GrpcService.java:closeImpl(155)) - 0f377a22-0386-49aa-97e9-1a7f611d7a2e: shutdown server with port 35733 now
2019-08-03 03:31:06,135 INFO  impl.RoleInfo (RoleInfo.java:shutdownLeaderState(104)) - 7e9f1cf6-23aa-4900-8565-d24fa19e1aec: shutdown LeaderState
2019-08-03 03:31:06,138 INFO  server.GrpcService (GrpcService.java:closeImpl(163)) - 0f377a22-0386-49aa-97e9-1a7f611d7a2e: shutdown server with port 35733 successfully
2019-08-03 03:31:06,141 INFO  impl.PendingRequests (PendingRequests.java:sendNotLeaderResponses(202)) - 7e9f1cf6-23aa-4900-8565-d24fa19e1aec-PendingRequests: sendNotLeaderResponses
2019-08-03 03:31:06,141 WARN  server.GrpcLogAppender (GrpcLogAppender.java:mayWait(143)) - GrpcLogAppender(7e9f1cf6-23aa-4900-8565-d24fa19e1aec->9483abcf-c321-45c0-86fb-cf11d9df63f2): Wait interrupted by java.lang.InterruptedException
2019-08-03 03:31:06,141 WARN  server.GrpcLogAppender (GrpcLogAppender.java:mayWait(143)) - GrpcLogAppender(7e9f1cf6-23aa-4900-8565-d24fa19e1aec->9537186b-bb40-4e32-a8f5-11d9eb4290f9): Wait interrupted by java.lang.InterruptedException
2019-08-03 03:31:06,148 INFO  impl.StateMachineUpdater (StateMachineUpdater.java:stopAndJoin(115)) - StateMachineUpdater:7e9f1cf6-23aa-4900-8565-d24fa19e1aec:group-B0BB88AE0E62: set stopIndex = 18
2019-08-03 03:31:06,148 INFO  ratis.ContainerStateMachine (ContainerStateMachine.java:takeSnapshot(262)) - group-B0BB88AE0E62: Taking a snapshot at:(t:1, i:18) file /workdir/hadoop-ozone/integration-test/target/test-dir/MiniOzoneClusterImpl-6d9f27d0-f135-4509-a70e-1d3c49807de0/datanode-4/data/ratis/d0e85ffb-1e05-4b61-930c-b0bb88ae0e62/sm/snapshot.1_18
2019-08-03 03:31:06,153 INFO  utils.BackgroundService (BackgroundService.java:shutdown(148)) - Shutting down service BlockDeletingService
2019-08-03 03:31:06,155 INFO  ratis.ContainerStateMachine (ContainerStateMachine.java:takeSnapshot(273)) - group-B0BB88AE0E62: Finished taking a snapshot at:(t:1, i:18) file:/workdir/hadoop-ozone/integration-test/target/test-dir/MiniOzoneClusterImpl-6d9f27d0-f135-4509-a70e-1d3c49807de0/datanode-4/data/ratis/d0e85ffb-1e05-4b61-930c-b0bb88ae0e62/sm/snapshot.1_18 time:7
2019-08-03 03:31:06,156 INFO  impl.StateMachineUpdater (StateMachineUpdater.java:takeSnapshot(242)) - StateMachineUpdater:7e9f1cf6-23aa-4900-8565-d24fa19e1aec:group-B0BB88AE0E62: Took a snapshot at index 18
2019-08-03 03:31:06,156 INFO  impl.StateMachineUpdater (StateMachineUpdater.java:lambda$new$0(80)) - StateMachineUpdater:7e9f1cf6-23aa-4900-8565-d24fa19e1aec:group-B0BB88AE0E62: snapshotIndex: updateIncreasingly -1 -> 18
2019-08-03 03:31:06,157 INFO  impl.RaftServerImpl (ServerState.java:close(394)) - 7e9f1cf6-23aa-4900-8565-d24fa19e1aec:group-B0BB88AE0E62 closes. The last applied log index is 18
2019-08-03 03:31:06,157 WARN  fs.CachingGetSpaceUsed (CachingGetSpaceUsed.java:run(183)) - Thread Interrupted waiting to refresh disk information: sleep interrupted
2019-08-03 03:31:06,158 INFO  segmented.SegmentedRaftLogWorker (SegmentedRaftLogWorker.java:run(313)) - 7e9f1cf6-23aa-4900-8565-d24fa19e1aec-SegmentedRaftLogWorker:Storage Directory /workdir/hadoop-ozone/integration-test/target/test-dir/MiniOzoneClusterImpl-6d9f27d0-f135-4509-a70e-1d3c49807de0/datanode-4/data/ratis/d0e85ffb-1e05-4b61-930c-b0bb88ae0e62 was interrupted, exiting. There are 0 tasks remaining in the queue.
2019-08-03 03:31:06,159 INFO  segmented.SegmentedRaftLogWorker (SegmentedRaftLogWorker.java:close(228)) - 7e9f1cf6-23aa-4900-8565-d24fa19e1aec-SegmentedRaftLogWorker:Storage Directory /workdir/hadoop-ozone/integration-test/target/test-dir/MiniOzoneClusterImpl-6d9f27d0-f135-4509-a70e-1d3c49807de0/datanode-4/data/ratis/d0e85ffb-1e05-4b61-930c-b0bb88ae0e62 close()
2019-08-03 03:31:06,162 INFO  server.GrpcService (GrpcService.java:closeImpl(155)) - 7e9f1cf6-23aa-4900-8565-d24fa19e1aec: shutdown server with port 32864 now
2019-08-03 03:31:06,166 INFO  server.GrpcService (GrpcService.java:closeImpl(163)) - 7e9f1cf6-23aa-4900-8565-d24fa19e1aec: shutdown server with port 32864 successfully
2019-08-03 03:31:06,167 WARN  client.GrpcClientProtocolService (LogUtils.java:warn(134)) - 2-UnorderedRequestStreamObserver2: onError: org.apache.ratis.thirdparty.io.grpc.StatusRuntimeException: CANCELLED: cancelled before receiving half close
2019-08-03 03:31:06,171 INFO  utils.BackgroundService (BackgroundService.java:shutdown(148)) - Shutting down service BlockDeletingService
2019-08-03 03:31:06,174 WARN  fs.CachingGetSpaceUsed (CachingGetSpaceUsed.java:run(183)) - Thread Interrupted waiting to refresh disk information: sleep interrupted
2019-08-03 03:31:06,184 INFO  statemachine.DatanodeStateMachine (DatanodeStateMachine.java:stopDaemon(395)) - Ozone container server stopped.
2019-08-03 03:31:06,188 INFO  handler.ContextHandler (ContextHandler.java:doStop(910)) - Stopped o.e.j.w.WebAppContext@747835f5{/,null,UNAVAILABLE}{/hddsDatanode}
2019-08-03 03:31:06,188 INFO  server.AbstractConnector (AbstractConnector.java:doStop(318)) - Stopped ServerConnector@594131f2{HTTP/1.1,[http/1.1]}{0.0.0.0:0}
2019-08-03 03:31:06,190 INFO  handler.ContextHandler (ContextHandler.java:doStop(910)) - Stopped o.e.j.s.ServletContextHandler@32a4ecbe{/static,jar:file:/home/user/.m2/repository/org/apache/hadoop/hadoop-hdds-container-service/0.4.1-SNAPSHOT/hadoop-hdds-container-service-0.4.1-SNAPSHOT.jar!/webapps/static,UNAVAILABLE}
2019-08-03 03:31:06,191 INFO  handler.ContextHandler (ContextHandler.java:doStop(910)) - Stopped o.e.j.s.ServletContextHandler@515b9d4a{/logs,file:///workdir/hadoop-ozone/integration-test/target/log,UNAVAILABLE}
2019-08-03 03:31:06,192 INFO  datanode.ObjectStoreHandler (ObjectStoreHandler.java:close(155)) - Closing ObjectStoreHandler.
2019-08-03 03:31:06,192 INFO  ozone.HddsDatanodeService (HddsDatanodeService.java:stop(451)) - Stopped plug-in org.apache.hadoop.ozone.web.OzoneHddsDatanodeService@4702e7a5
2019-08-03 03:31:06,201 INFO  statemachine.DatanodeStateMachine (DatanodeStateMachine.java:stopDaemon(395)) - Ozone container server stopped.
2019-08-03 03:31:06,203 INFO  handler.ContextHandler (ContextHandler.java:doStop(910)) - Stopped o.e.j.w.WebAppContext@6629643d{/,null,UNAVAILABLE}{/hddsDatanode}
2019-08-03 03:31:06,204 INFO  server.AbstractConnector (AbstractConnector.java:doStop(318)) - Stopped ServerConnector@2dd178f3{HTTP/1.1,[http/1.1]}{0.0.0.0:0}
2019-08-03 03:31:06,204 INFO  handler.ContextHandler (ContextHandler.java:doStop(910)) - Stopped o.e.j.s.ServletContextHandler@41aebbb4{/static,jar:file:/home/user/.m2/repository/org/apache/hadoop/hadoop-hdds-container-service/0.4.1-SNAPSHOT/hadoop-hdds-container-service-0.4.1-SNAPSHOT.jar!/webapps/static,UNAVAILABLE}
2019-08-03 03:31:06,205 INFO  handler.ContextHandler (ContextHandler.java:doStop(910)) - Stopped o.e.j.s.ServletContextHandler@2dbfa972{/logs,file:///workdir/hadoop-ozone/integration-test/target/log,UNAVAILABLE}
2019-08-03 03:31:06,205 INFO  datanode.ObjectStoreHandler (ObjectStoreHandler.java:close(155)) - Closing ObjectStoreHandler.
2019-08-03 03:31:06,206 INFO  ozone.HddsDatanodeService (HddsDatanodeService.java:stop(451)) - Stopped plug-in org.apache.hadoop.ozone.web.OzoneHddsDatanodeService@285a4fe3
2019-08-03 03:31:06,964 INFO  statemachine.DatanodeStateMachine (DatanodeStateMachine.java:lambda$startDaemon$0(350)) - Ozone container server started.
2019-08-03 03:31:06,964 INFO  statemachine.DatanodeStateMachine (DatanodeStateMachine.java:lambda$startDaemon$0(350)) - Ozone container server started.
2019-08-03 03:31:11,048 INFO  node.StaleNodeHandler (StaleNodeHandler.java:onMessage(58)) - Datanode ba84adb8-7d6b-4055-b653-0ef7bf04c5a7{ip: 192.168.5.147, host: byscane-nightly-b86qh-2100283676, networkLocation: /default-rack, certSerialId: null} moved to stale state. Finalizing its pipelines [PipelineID=c7908237-46b5-4cd7-bce8-421f8a4d9f42, PipelineID=e4945e1a-a402-46ca-b6e6-47018ed4174b]
2019-08-03 03:31:11,049 INFO  pipeline.SCMPipelineManager (SCMPipelineManager.java:finalizeAndDestroyPipeline(309)) - destroying pipeline:Pipeline[ Id: c7908237-46b5-4cd7-bce8-421f8a4d9f42, Nodes: ba84adb8-7d6b-4055-b653-0ef7bf04c5a7{ip: 192.168.5.147, host: byscane-nightly-b86qh-2100283676, networkLocation: /default-rack, certSerialId: null}67342acf-f115-46bf-aa80-d319ab45a04b{ip: 192.168.5.147, host: byscane-nightly-b86qh-2100283676, networkLocation: /default-rack, certSerialId: null}67d27a43-c8c9-4c8d-bb1c-6998b10edf76{ip: 192.168.5.147, host: byscane-nightly-b86qh-2100283676, networkLocation: /default-rack, certSerialId: null}, Type:RATIS, Factor:THREE, State:OPEN]
2019-08-03 03:31:11,049 INFO  pipeline.PipelineStateManager (PipelineStateManager.java:finalizePipeline(123)) - Pipeline Pipeline[ Id: c7908237-46b5-4cd7-bce8-421f8a4d9f42, Nodes: ba84adb8-7d6b-4055-b653-0ef7bf04c5a7{ip: 192.168.5.147, host: byscane-nightly-b86qh-2100283676, networkLocation: /default-rack, certSerialId: null}67342acf-f115-46bf-aa80-d319ab45a04b{ip: 192.168.5.147, host: byscane-nightly-b86qh-2100283676, networkLocation: /default-rack, certSerialId: null}67d27a43-c8c9-4c8d-bb1c-6998b10edf76{ip: 192.168.5.147, host: byscane-nightly-b86qh-2100283676, networkLocation: /default-rack, certSerialId: null}, Type:RATIS, Factor:THREE, State:CLOSED] moved to CLOSED state
2019-08-03 03:31:11,049 INFO  container.CloseContainerEventHandler (CloseContainerEventHandler.java:onMessage(61)) - Close container Event triggered for container : #2
2019-08-03 03:31:11,052 INFO  pipeline.SCMPipelineManager (SCMPipelineManager.java:finalizeAndDestroyPipeline(309)) - destroying pipeline:Pipeline[ Id: e4945e1a-a402-46ca-b6e6-47018ed4174b, Nodes: ba84adb8-7d6b-4055-b653-0ef7bf04c5a7{ip: 192.168.5.147, host: byscane-nightly-b86qh-2100283676, networkLocation: /default-rack, certSerialId: null}, Type:RATIS, Factor:ONE, State:OPEN]
2019-08-03 03:31:11,053 INFO  pipeline.PipelineStateManager (PipelineStateManager.java:finalizePipeline(123)) - Pipeline Pipeline[ Id: e4945e1a-a402-46ca-b6e6-47018ed4174b, Nodes: ba84adb8-7d6b-4055-b653-0ef7bf04c5a7{ip: 192.168.5.147, host: byscane-nightly-b86qh-2100283676, networkLocation: /default-rack, certSerialId: null}, Type:RATIS, Factor:ONE, State:CLOSED] moved to CLOSED state
2019-08-03 03:31:11,054 INFO  node.StaleNodeHandler (StaleNodeHandler.java:onMessage(58)) - Datanode 67d27a43-c8c9-4c8d-bb1c-6998b10edf76{ip: 192.168.5.147, host: byscane-nightly-b86qh-2100283676, networkLocation: /default-rack, certSerialId: null} moved to stale state. Finalizing its pipelines [PipelineID=bf85ffe2-6f33-4377-8a59-f57ae9a9efd3, PipelineID=c7908237-46b5-4cd7-bce8-421f8a4d9f42]
2019-08-03 03:31:11,054 INFO  pipeline.SCMPipelineManager (SCMPipelineManager.java:finalizeAndDestroyPipeline(309)) - destroying pipeline:Pipeline[ Id: bf85ffe2-6f33-4377-8a59-f57ae9a9efd3, Nodes: 67d27a43-c8c9-4c8d-bb1c-6998b10edf76{ip: 192.168.5.147, host: byscane-nightly-b86qh-2100283676, networkLocation: /default-rack, certSerialId: null}, Type:RATIS, Factor:ONE, State:OPEN]
2019-08-03 03:31:11,054 INFO  pipeline.PipelineStateManager (PipelineStateManager.java:finalizePipeline(123)) - Pipeline Pipeline[ Id: bf85ffe2-6f33-4377-8a59-f57ae9a9efd3, Nodes: 67d27a43-c8c9-4c8d-bb1c-6998b10edf76{ip: 192.168.5.147, host: byscane-nightly-b86qh-2100283676, networkLocation: /default-rack, certSerialId: null}, Type:RATIS, Factor:ONE, State:CLOSED] moved to CLOSED state
2019-08-03 03:31:11,055 INFO  pipeline.SCMPipelineManager (SCMPipelineManager.java:finalizeAndDestroyPipeline(309)) - destroying pipeline:Pipeline[ Id: c7908237-46b5-4cd7-bce8-421f8a4d9f42, Nodes: ba84adb8-7d6b-4055-b653-0ef7bf04c5a7{ip: 192.168.5.147, host: byscane-nightly-b86qh-2100283676, networkLocation: /default-rack, certSerialId: null}67342acf-f115-46bf-aa80-d319ab45a04b{ip: 192.168.5.147, host: byscane-nightly-b86qh-2100283676, networkLocation: /default-rack, certSerialId: null}67d27a43-c8c9-4c8d-bb1c-6998b10edf76{ip: 192.168.5.147, host: byscane-nightly-b86qh-2100283676, networkLocation: /default-rack, certSerialId: null}, Type:RATIS, Factor:THREE, State:CLOSED]
2019-08-03 03:31:11,193 INFO  ozoneimpl.OzoneContainer (OzoneContainer.java:stop(199)) - Attempting to stop container services.
2019-08-03 03:31:11,195 INFO  impl.RaftServerProxy (RaftServerProxy.java:lambda$close$4(314)) - 67d27a43-c8c9-4c8d-bb1c-6998b10edf76: close
2019-08-03 03:31:11,195 INFO  impl.RaftServerImpl (RaftServerImpl.java:lambda$shutdown$3(245)) - 67d27a43-c8c9-4c8d-bb1c-6998b10edf76: shutdown group-F57AE9A9EFD3
2019-08-03 03:31:11,196 INFO  util.JmxRegister (JmxRegister.java:unregister(73)) - Successfully un-registered JMX Bean with object name Ratis:service=RaftServer,group=group-F57AE9A9EFD3,id=67d27a43-c8c9-4c8d-bb1c-6998b10edf76
2019-08-03 03:31:11,196 INFO  impl.RoleInfo (RoleInfo.java:shutdownLeaderState(104)) - 67d27a43-c8c9-4c8d-bb1c-6998b10edf76: shutdown LeaderState
2019-08-03 03:31:11,197 INFO  impl.PendingRequests (PendingRequests.java:sendNotLeaderResponses(202)) - 67d27a43-c8c9-4c8d-bb1c-6998b10edf76-PendingRequests: sendNotLeaderResponses
2019-08-03 03:31:11,197 INFO  impl.StateMachineUpdater (StateMachineUpdater.java:stopAndJoin(115)) - StateMachineUpdater:67d27a43-c8c9-4c8d-bb1c-6998b10edf76:group-F57AE9A9EFD3: set stopIndex = 0
2019-08-03 03:31:11,197 INFO  impl.RaftServerImpl (ServerState.java:close(394)) - 67d27a43-c8c9-4c8d-bb1c-6998b10edf76:group-F57AE9A9EFD3 closes. The last applied log index is 0
2019-08-03 03:31:11,198 INFO  segmented.SegmentedRaftLogWorker (SegmentedRaftLogWorker.java:run(313)) - 67d27a43-c8c9-4c8d-bb1c-6998b10edf76-SegmentedRaftLogWorker:Storage Directory /workdir/hadoop-ozone/integration-test/target/test-dir/MiniOzoneClusterImpl-6d9f27d0-f135-4509-a70e-1d3c49807de0/datanode-2/data/ratis/bf85ffe2-6f33-4377-8a59-f57ae9a9efd3 was interrupted, exiting. There are 0 tasks remaining in the queue.
2019-08-03 03:31:11,212 INFO  ozoneimpl.OzoneContainer (OzoneContainer.java:stop(199)) - Attempting to stop container services.
2019-08-03 03:31:11,214 INFO  segmented.SegmentedRaftLogWorker (SegmentedRaftLogWorker.java:close(228)) - 67d27a43-c8c9-4c8d-bb1c-6998b10edf76-SegmentedRaftLogWorker:Storage Directory /workdir/hadoop-ozone/integration-test/target/test-dir/MiniOzoneClusterImpl-6d9f27d0-f135-4509-a70e-1d3c49807de0/datanode-2/data/ratis/bf85ffe2-6f33-4377-8a59-f57ae9a9efd3 close()
2019-08-03 03:31:11,214 INFO  impl.RaftServerProxy (RaftServerProxy.java:lambda$close$4(314)) - ba84adb8-7d6b-4055-b653-0ef7bf04c5a7: close
2019-08-03 03:31:11,217 INFO  impl.RaftServerImpl (RaftServerImpl.java:lambda$shutdown$3(245)) - 67d27a43-c8c9-4c8d-bb1c-6998b10edf76: shutdown group-421F8A4D9F42
2019-08-03 03:31:11,217 INFO  impl.RaftServerImpl (RaftServerImpl.java:lambda$shutdown$3(245)) - ba84adb8-7d6b-4055-b653-0ef7bf04c5a7: shutdown group-421F8A4D9F42
2019-08-03 03:31:11,218 INFO  util.JmxRegister (JmxRegister.java:unregister(73)) - Successfully un-registered JMX Bean with object name Ratis:service=RaftServer,group=group-421F8A4D9F42,id=67d27a43-c8c9-4c8d-bb1c-6998b10edf76
2019-08-03 03:31:11,218 INFO  util.JmxRegister (JmxRegister.java:unregister(73)) - Successfully un-registered JMX Bean with object name Ratis:service=RaftServer,group=group-421F8A4D9F42,id=ba84adb8-7d6b-4055-b653-0ef7bf04c5a7
2019-08-03 03:31:11,218 INFO  impl.RoleInfo (RoleInfo.java:shutdownLeaderState(104)) - 67d27a43-c8c9-4c8d-bb1c-6998b10edf76: shutdown LeaderState
2019-08-03 03:31:11,219 INFO  impl.RoleInfo (RoleInfo.java:shutdownFollowerState(121)) - ba84adb8-7d6b-4055-b653-0ef7bf04c5a7: shutdown FollowerState
2019-08-03 03:31:11,222 WARN  server.GrpcLogAppender (GrpcLogAppender.java:mayWait(143)) - GrpcLogAppender(67d27a43-c8c9-4c8d-bb1c-6998b10edf76->67342acf-f115-46bf-aa80-d319ab45a04b): Wait interrupted by java.lang.InterruptedException
2019-08-03 03:31:11,222 INFO  ratis.ContainerStateMachine (ContainerStateMachine.java:takeSnapshot(262)) - group-421F8A4D9F42: Taking a snapshot at:(t:1, i:14) file /workdir/hadoop-ozone/integration-test/target/test-dir/MiniOzoneClusterImpl-6d9f27d0-f135-4509-a70e-1d3c49807de0/datanode-3/data/ratis/c7908237-46b5-4cd7-bce8-421f8a4d9f42/sm/snapshot.1_14
2019-08-03 03:31:11,222 INFO  impl.PendingRequests (PendingRequests.java:sendNotLeaderResponses(202)) - 67d27a43-c8c9-4c8d-bb1c-6998b10edf76-PendingRequests: sendNotLeaderResponses
2019-08-03 03:31:11,222 WARN  server.GrpcLogAppender (GrpcLogAppender.java:mayWait(143)) - GrpcLogAppender(67d27a43-c8c9-4c8d-bb1c-6998b10edf76->ba84adb8-7d6b-4055-b653-0ef7bf04c5a7): Wait interrupted by java.lang.InterruptedException
2019-08-03 03:31:11,222 INFO  impl.FollowerState (FollowerState.java:run(114)) - ba84adb8-7d6b-4055-b653-0ef7bf04c5a7: FollowerState was interrupted: java.lang.InterruptedException: sleep interrupted
2019-08-03 03:31:11,222 INFO  impl.StateMachineUpdater (StateMachineUpdater.java:stopAndJoin(115)) - StateMachineUpdater:ba84adb8-7d6b-4055-b653-0ef7bf04c5a7:group-421F8A4D9F42: set stopIndex = 16
2019-08-03 03:31:11,229 INFO  ratis.ContainerStateMachine (ContainerStateMachine.java:takeSnapshot(262)) - group-421F8A4D9F42: Taking a snapshot at:(t:1, i:14) file /workdir/hadoop-ozone/integration-test/target/test-dir/MiniOzoneClusterImpl-6d9f27d0-f135-4509-a70e-1d3c49807de0/datanode-2/data/ratis/c7908237-46b5-4cd7-bce8-421f8a4d9f42/sm/snapshot.1_14
2019-08-03 03:31:11,228 INFO  server.GrpcServerProtocolService (GrpcServerProtocolService.java:onCompleted(104)) - ba84adb8-7d6b-4055-b653-0ef7bf04c5a7: appendEntries completed
2019-08-03 03:31:11,226 INFO  impl.StateMachineUpdater (StateMachineUpdater.java:stopAndJoin(115)) - StateMachineUpdater:67d27a43-c8c9-4c8d-bb1c-6998b10edf76:group-421F8A4D9F42: set stopIndex = 16
2019-08-03 03:31:11,227 INFO  server.GrpcServerProtocolService (GrpcServerProtocolService.java:onCompleted(104)) - 67342acf-f115-46bf-aa80-d319ab45a04b: appendEntries completed
2019-08-03 03:31:11,233 INFO  server.GrpcLogAppender (GrpcLogAppender.java:onCompleted(292)) - 67d27a43-c8c9-4c8d-bb1c-6998b10edf76->ba84adb8-7d6b-4055-b653-0ef7bf04c5a7: follower responses appendEntries COMPLETED
2019-08-03 03:31:11,240 INFO  server.GrpcLogAppender (GrpcLogAppender.java:onCompleted(292)) - 67d27a43-c8c9-4c8d-bb1c-6998b10edf76->67342acf-f115-46bf-aa80-d319ab45a04b: follower responses appendEntries COMPLETED
2019-08-03 03:31:11,240 INFO  ratis.ContainerStateMachine (ContainerStateMachine.java:takeSnapshot(273)) - group-421F8A4D9F42: Finished taking a snapshot at:(t:1, i:14) file:/workdir/hadoop-ozone/integration-test/target/test-dir/MiniOzoneClusterImpl-6d9f27d0-f135-4509-a70e-1d3c49807de0/datanode-3/data/ratis/c7908237-46b5-4cd7-bce8-421f8a4d9f42/sm/snapshot.1_14 time:18
2019-08-03 03:31:11,241 INFO  impl.FollowerInfo (FollowerInfo.java:lambda$new$0(50)) - 67d27a43-c8c9-4c8d-bb1c-6998b10edf76->ba84adb8-7d6b-4055-b653-0ef7bf04c5a7: nextIndex: updateUnconditionally 17 -> 16
2019-08-03 03:31:11,240 INFO  ratis.ContainerStateMachine (ContainerStateMachine.java:takeSnapshot(273)) - group-421F8A4D9F42: Finished taking a snapshot at:(t:1, i:14) file:/workdir/hadoop-ozone/integration-test/target/test-dir/MiniOzoneClusterImpl-6d9f27d0-f135-4509-a70e-1d3c49807de0/datanode-2/data/ratis/c7908237-46b5-4cd7-bce8-421f8a4d9f42/sm/snapshot.1_14 time:11
2019-08-03 03:31:11,241 INFO  impl.FollowerInfo (FollowerInfo.java:lambda$new$0(50)) - 67d27a43-c8c9-4c8d-bb1c-6998b10edf76->67342acf-f115-46bf-aa80-d319ab45a04b: nextIndex: updateUnconditionally 17 -> 16
2019-08-03 03:31:11,241 INFO  impl.StateMachineUpdater (StateMachineUpdater.java:takeSnapshot(242)) - StateMachineUpdater:ba84adb8-7d6b-4055-b653-0ef7bf04c5a7:group-421F8A4D9F42: Took a snapshot at index 14
2019-08-03 03:31:11,241 INFO  impl.StateMachineUpdater (StateMachineUpdater.java:takeSnapshot(242)) - StateMachineUpdater:67d27a43-c8c9-4c8d-bb1c-6998b10edf76:group-421F8A4D9F42: Took a snapshot at index 14
2019-08-03 03:31:11,242 INFO  impl.StateMachineUpdater (StateMachineUpdater.java:lambda$new$0(80)) - StateMachineUpdater:ba84adb8-7d6b-4055-b653-0ef7bf04c5a7:group-421F8A4D9F42: snapshotIndex: updateIncreasingly -1 -> 14
2019-08-03 03:31:11,242 INFO  impl.StateMachineUpdater (StateMachineUpdater.java:lambda$new$0(80)) - StateMachineUpdater:67d27a43-c8c9-4c8d-bb1c-6998b10edf76:group-421F8A4D9F42: snapshotIndex: updateIncreasingly -1 -> 14
2019-08-03 03:31:11,242 INFO  impl.RaftServerImpl (ServerState.java:close(394)) - ba84adb8-7d6b-4055-b653-0ef7bf04c5a7:group-421F8A4D9F42 closes. The last applied log index is 16
2019-08-03 03:31:11,242 INFO  impl.RaftServerImpl (ServerState.java:close(394)) - 67d27a43-c8c9-4c8d-bb1c-6998b10edf76:group-421F8A4D9F42 closes. The last applied log index is 16
2019-08-03 03:31:11,243 INFO  segmented.SegmentedRaftLogWorker (SegmentedRaftLogWorker.java:run(313)) - ba84adb8-7d6b-4055-b653-0ef7bf04c5a7-SegmentedRaftLogWorker:Storage Directory /workdir/hadoop-ozone/integration-test/target/test-dir/MiniOzoneClusterImpl-6d9f27d0-f135-4509-a70e-1d3c49807de0/datanode-3/data/ratis/c7908237-46b5-4cd7-bce8-421f8a4d9f42 was interrupted, exiting. There are 0 tasks remaining in the queue.
2019-08-03 03:31:11,243 INFO  segmented.SegmentedRaftLogWorker (SegmentedRaftLogWorker.java:run(313)) - 67d27a43-c8c9-4c8d-bb1c-6998b10edf76-SegmentedRaftLogWorker:Storage Directory /workdir/hadoop-ozone/integration-test/target/test-dir/MiniOzoneClusterImpl-6d9f27d0-f135-4509-a70e-1d3c49807de0/datanode-2/data/ratis/c7908237-46b5-4cd7-bce8-421f8a4d9f42 was interrupted, exiting. There are 0 tasks remaining in the queue.
2019-08-03 03:31:11,245 INFO  segmented.SegmentedRaftLogWorker (SegmentedRaftLogWorker.java:close(228)) - ba84adb8-7d6b-4055-b653-0ef7bf04c5a7-SegmentedRaftLogWorker:Storage Directory /workdir/hadoop-ozone/integration-test/target/test-dir/MiniOzoneClusterImpl-6d9f27d0-f135-4509-a70e-1d3c49807de0/datanode-3/data/ratis/c7908237-46b5-4cd7-bce8-421f8a4d9f42 close()
2019-08-03 03:31:11,246 INFO  segmented.SegmentedRaftLogWorker (SegmentedRaftLogWorker.java:close(228)) - 67d27a43-c8c9-4c8d-bb1c-6998b10edf76-SegmentedRaftLogWorker:Storage Directory /workdir/hadoop-ozone/integration-test/target/test-dir/MiniOzoneClusterImpl-6d9f27d0-f135-4509-a70e-1d3c49807de0/datanode-2/data/ratis/c7908237-46b5-4cd7-bce8-421f8a4d9f42 close()
2019-08-03 03:31:11,249 INFO  impl.RaftServerImpl (RaftServerImpl.java:lambda$shutdown$3(245)) - ba84adb8-7d6b-4055-b653-0ef7bf04c5a7: shutdown group-47018ED4174B
2019-08-03 03:31:11,255 INFO  server.GrpcService (GrpcService.java:closeImpl(155)) - 67d27a43-c8c9-4c8d-bb1c-6998b10edf76: shutdown server with port 41713 now
2019-08-03 03:31:11,256 INFO  util.JmxRegister (JmxRegister.java:unregister(73)) - Successfully un-registered JMX Bean with object name Ratis:service=RaftServer,group=group-47018ED4174B,id=ba84adb8-7d6b-4055-b653-0ef7bf04c5a7
2019-08-03 03:31:11,256 INFO  impl.RoleInfo (RoleInfo.java:shutdownLeaderState(104)) - ba84adb8-7d6b-4055-b653-0ef7bf04c5a7: shutdown LeaderState
2019-08-03 03:31:11,258 INFO  impl.PendingRequests (PendingRequests.java:sendNotLeaderResponses(202)) - ba84adb8-7d6b-4055-b653-0ef7bf04c5a7-PendingRequests: sendNotLeaderResponses
2019-08-03 03:31:11,258 WARN  client.GrpcClientProtocolService (LogUtils.java:warn(134)) - 1-UnorderedRequestStreamObserver1: onError: org.apache.ratis.thirdparty.io.grpc.StatusRuntimeException: CANCELLED: cancelled before receiving half close
2019-08-03 03:31:11,260 INFO  impl.StateMachineUpdater (StateMachineUpdater.java:stopAndJoin(115)) - StateMachineUpdater:ba84adb8-7d6b-4055-b653-0ef7bf04c5a7:group-47018ED4174B: set stopIndex = 0
2019-08-03 03:31:11,260 INFO  server.GrpcService (GrpcService.java:closeImpl(163)) - 67d27a43-c8c9-4c8d-bb1c-6998b10edf76: shutdown server with port 41713 successfully
2019-08-03 03:31:11,261 INFO  impl.RaftServerImpl (ServerState.java:close(394)) - ba84adb8-7d6b-4055-b653-0ef7bf04c5a7:group-47018ED4174B closes. The last applied log index is 0
2019-08-03 03:31:11,262 INFO  segmented.SegmentedRaftLogWorker (SegmentedRaftLogWorker.java:run(313)) - ba84adb8-7d6b-4055-b653-0ef7bf04c5a7-SegmentedRaftLogWorker:Storage Directory /workdir/hadoop-ozone/integration-test/target/test-dir/MiniOzoneClusterImpl-6d9f27d0-f135-4509-a70e-1d3c49807de0/datanode-3/data/ratis/e4945e1a-a402-46ca-b6e6-47018ed4174b was interrupted, exiting. There are 0 tasks remaining in the queue.
2019-08-03 03:31:11,262 INFO  segmented.SegmentedRaftLogWorker (SegmentedRaftLogWorker.java:close(228)) - ba84adb8-7d6b-4055-b653-0ef7bf04c5a7-SegmentedRaftLogWorker:Storage Directory /workdir/hadoop-ozone/integration-test/target/test-dir/MiniOzoneClusterImpl-6d9f27d0-f135-4509-a70e-1d3c49807de0/datanode-3/data/ratis/e4945e1a-a402-46ca-b6e6-47018ed4174b close()
2019-08-03 03:31:11,264 INFO  utils.BackgroundService (BackgroundService.java:shutdown(148)) - Shutting down service BlockDeletingService
2019-08-03 03:31:11,264 INFO  server.GrpcService (GrpcService.java:closeImpl(155)) - ba84adb8-7d6b-4055-b653-0ef7bf04c5a7: shutdown server with port 43806 now
2019-08-03 03:31:11,266 INFO  server.GrpcService (GrpcService.java:closeImpl(163)) - ba84adb8-7d6b-4055-b653-0ef7bf04c5a7: shutdown server with port 43806 successfully
2019-08-03 03:31:11,267 WARN  fs.CachingGetSpaceUsed (CachingGetSpaceUsed.java:run(183)) - Thread Interrupted waiting to refresh disk information: sleep interrupted
2019-08-03 03:31:11,273 INFO  utils.BackgroundService (BackgroundService.java:shutdown(148)) - Shutting down service BlockDeletingService
2019-08-03 03:31:11,281 WARN  fs.CachingGetSpaceUsed (CachingGetSpaceUsed.java:run(183)) - Thread Interrupted waiting to refresh disk information: sleep interrupted
2019-08-03 03:31:11,298 INFO  statemachine.DatanodeStateMachine (DatanodeStateMachine.java:stopDaemon(395)) - Ozone container server stopped.
2019-08-03 03:31:11,301 INFO  statemachine.DatanodeStateMachine (DatanodeStateMachine.java:stopDaemon(395)) - Ozone container server stopped.
2019-08-03 03:31:11,303 INFO  handler.ContextHandler (ContextHandler.java:doStop(910)) - Stopped o.e.j.w.WebAppContext@33d7765a{/,null,UNAVAILABLE}{/hddsDatanode}
2019-08-03 03:31:11,304 INFO  handler.ContextHandler (ContextHandler.java:doStop(910)) - Stopped o.e.j.w.WebAppContext@37e0056e{/,null,UNAVAILABLE}{/hddsDatanode}
2019-08-03 03:31:11,304 INFO  server.AbstractConnector (AbstractConnector.java:doStop(318)) - Stopped ServerConnector@69ed5ea2{HTTP/1.1,[http/1.1]}{0.0.0.0:0}
2019-08-03 03:31:11,304 INFO  server.AbstractConnector (AbstractConnector.java:doStop(318)) - Stopped ServerConnector@415795f3{HTTP/1.1,[http/1.1]}{0.0.0.0:0}
2019-08-03 03:31:11,305 INFO  handler.ContextHandler (ContextHandler.java:doStop(910)) - Stopped o.e.j.s.ServletContextHandler@1e1e837d{/static,jar:file:/home/user/.m2/repository/org/apache/hadoop/hadoop-hdds-container-service/0.4.1-SNAPSHOT/hadoop-hdds-container-service-0.4.1-SNAPSHOT.jar!/webapps/static,UNAVAILABLE}
2019-08-03 03:31:11,305 INFO  handler.ContextHandler (ContextHandler.java:doStop(910)) - Stopped o.e.j.s.ServletContextHandler@a1691c0{/static,jar:file:/home/user/.m2/repository/org/apache/hadoop/hadoop-hdds-container-service/0.4.1-SNAPSHOT/hadoop-hdds-container-service-0.4.1-SNAPSHOT.jar!/webapps/static,UNAVAILABLE}
2019-08-03 03:31:11,306 INFO  handler.ContextHandler (ContextHandler.java:doStop(910)) - Stopped o.e.j.s.ServletContextHandler@5b29ab61{/logs,file:///workdir/hadoop-ozone/integration-test/target/log,UNAVAILABLE}
2019-08-03 03:31:11,307 INFO  handler.ContextHandler (ContextHandler.java:doStop(910)) - Stopped o.e.j.s.ServletContextHandler@7b351446{/logs,file:///workdir/hadoop-ozone/integration-test/target/log,UNAVAILABLE}
2019-08-03 03:31:11,308 INFO  datanode.ObjectStoreHandler (ObjectStoreHandler.java:close(155)) - Closing ObjectStoreHandler.
2019-08-03 03:31:11,309 INFO  ozone.HddsDatanodeService (HddsDatanodeService.java:stop(451)) - Stopped plug-in org.apache.hadoop.ozone.web.OzoneHddsDatanodeService@364fd4ae
2019-08-03 03:31:11,965 INFO  statemachine.DatanodeStateMachine (DatanodeStateMachine.java:lambda$startDaemon$0(350)) - Ozone container server started.
2019-08-03 03:31:16,058 INFO  node.StaleNodeHandler (StaleNodeHandler.java:onMessage(58)) - Datanode 67342acf-f115-46bf-aa80-d319ab45a04b{ip: 192.168.5.147, host: byscane-nightly-b86qh-2100283676, networkLocation: /default-rack, certSerialId: null} moved to stale state. Finalizing its pipelines [PipelineID=49f61561-2c97-4579-8846-720ed9fda47f, PipelineID=c7908237-46b5-4cd7-bce8-421f8a4d9f42]
2019-08-03 03:31:16,059 INFO  pipeline.SCMPipelineManager (SCMPipelineManager.java:finalizeAndDestroyPipeline(309)) - destroying pipeline:Pipeline[ Id: 49f61561-2c97-4579-8846-720ed9fda47f, Nodes: 67342acf-f115-46bf-aa80-d319ab45a04b{ip: 192.168.5.147, host: byscane-nightly-b86qh-2100283676, networkLocation: /default-rack, certSerialId: null}, Type:RATIS, Factor:ONE, State:OPEN]
2019-08-03 03:31:16,059 INFO  pipeline.PipelineStateManager (PipelineStateManager.java:finalizePipeline(123)) - Pipeline Pipeline[ Id: 49f61561-2c97-4579-8846-720ed9fda47f, Nodes: 67342acf-f115-46bf-aa80-d319ab45a04b{ip: 192.168.5.147, host: byscane-nightly-b86qh-2100283676, networkLocation: /default-rack, certSerialId: null}, Type:RATIS, Factor:ONE, State:CLOSED] moved to CLOSED state
2019-08-03 03:31:16,060 INFO  pipeline.SCMPipelineManager (SCMPipelineManager.java:finalizeAndDestroyPipeline(309)) - destroying pipeline:Pipeline[ Id: c7908237-46b5-4cd7-bce8-421f8a4d9f42, Nodes: ba84adb8-7d6b-4055-b653-0ef7bf04c5a7{ip: 192.168.5.147, host: byscane-nightly-b86qh-2100283676, networkLocation: /default-rack, certSerialId: null}67342acf-f115-46bf-aa80-d319ab45a04b{ip: 192.168.5.147, host: byscane-nightly-b86qh-2100283676, networkLocation: /default-rack, certSerialId: null}67d27a43-c8c9-4c8d-bb1c-6998b10edf76{ip: 192.168.5.147, host: byscane-nightly-b86qh-2100283676, networkLocation: /default-rack, certSerialId: null}, Type:RATIS, Factor:THREE, State:CLOSED]
2019-08-03 03:31:16,310 INFO  ozoneimpl.OzoneContainer (OzoneContainer.java:stop(199)) - Attempting to stop container services.
2019-08-03 03:31:16,310 INFO  impl.RaftServerProxy (RaftServerProxy.java:lambda$close$4(314)) - 67342acf-f115-46bf-aa80-d319ab45a04b: close
2019-08-03 03:31:16,311 INFO  impl.RaftServerImpl (RaftServerImpl.java:lambda$shutdown$3(245)) - 67342acf-f115-46bf-aa80-d319ab45a04b: shutdown group-720ED9FDA47F
2019-08-03 03:31:16,311 INFO  util.JmxRegister (JmxRegister.java:unregister(73)) - Successfully un-registered JMX Bean with object name Ratis:service=RaftServer,group=group-720ED9FDA47F,id=67342acf-f115-46bf-aa80-d319ab45a04b
2019-08-03 03:31:16,311 INFO  impl.RoleInfo (RoleInfo.java:shutdownLeaderState(104)) - 67342acf-f115-46bf-aa80-d319ab45a04b: shutdown LeaderState
2019-08-03 03:31:16,312 INFO  impl.PendingRequests (PendingRequests.java:sendNotLeaderResponses(202)) - 67342acf-f115-46bf-aa80-d319ab45a04b-PendingRequests: sendNotLeaderResponses
2019-08-03 03:31:16,312 INFO  impl.StateMachineUpdater (StateMachineUpdater.java:stopAndJoin(115)) - StateMachineUpdater:67342acf-f115-46bf-aa80-d319ab45a04b:group-720ED9FDA47F: set stopIndex = 0
2019-08-03 03:31:16,313 INFO  impl.RaftServerImpl (ServerState.java:close(394)) - 67342acf-f115-46bf-aa80-d319ab45a04b:group-720ED9FDA47F closes. The last applied log index is 0
2019-08-03 03:31:16,313 INFO  segmented.SegmentedRaftLogWorker (SegmentedRaftLogWorker.java:run(313)) - 67342acf-f115-46bf-aa80-d319ab45a04b-SegmentedRaftLogWorker:Storage Directory /workdir/hadoop-ozone/integration-test/target/test-dir/MiniOzoneClusterImpl-6d9f27d0-f135-4509-a70e-1d3c49807de0/datanode-0/data/ratis/49f61561-2c97-4579-8846-720ed9fda47f was interrupted, exiting. There are 0 tasks remaining in the queue.
2019-08-03 03:31:16,325 INFO  segmented.SegmentedRaftLogWorker (SegmentedRaftLogWorker.java:close(228)) - 67342acf-f115-46bf-aa80-d319ab45a04b-SegmentedRaftLogWorker:Storage Directory /workdir/hadoop-ozone/integration-test/target/test-dir/MiniOzoneClusterImpl-6d9f27d0-f135-4509-a70e-1d3c49807de0/datanode-0/data/ratis/49f61561-2c97-4579-8846-720ed9fda47f close()
2019-08-03 03:31:16,327 INFO  impl.RaftServerImpl (RaftServerImpl.java:lambda$shutdown$3(245)) - 67342acf-f115-46bf-aa80-d319ab45a04b: shutdown group-421F8A4D9F42
2019-08-03 03:31:16,327 INFO  util.JmxRegister (JmxRegister.java:unregister(73)) - Successfully un-registered JMX Bean with object name Ratis:service=RaftServer,group=group-421F8A4D9F42,id=67342acf-f115-46bf-aa80-d319ab45a04b
2019-08-03 03:31:16,328 INFO  impl.RoleInfo (RoleInfo.java:shutdownFollowerState(121)) - 67342acf-f115-46bf-aa80-d319ab45a04b: shutdown FollowerState
2019-08-03 03:31:16,328 INFO  impl.StateMachineUpdater (StateMachineUpdater.java:stopAndJoin(115)) - StateMachineUpdater:67342acf-f115-46bf-aa80-d319ab45a04b:group-421F8A4D9F42: set stopIndex = 16
2019-08-03 03:31:16,328 INFO  ratis.ContainerStateMachine (ContainerStateMachine.java:takeSnapshot(262)) - group-421F8A4D9F42: Taking a snapshot at:(t:1, i:14) file /workdir/hadoop-ozone/integration-test/target/test-dir/MiniOzoneClusterImpl-6d9f27d0-f135-4509-a70e-1d3c49807de0/datanode-0/data/ratis/c7908237-46b5-4cd7-bce8-421f8a4d9f42/sm/snapshot.1_14
2019-08-03 03:31:16,328 INFO  impl.FollowerState (FollowerState.java:run(114)) - 67342acf-f115-46bf-aa80-d319ab45a04b: FollowerState was interrupted: java.lang.InterruptedException: sleep interrupted
2019-08-03 03:31:16,342 INFO  ratis.ContainerStateMachine (ContainerStateMachine.java:takeSnapshot(273)) - group-421F8A4D9F42: Finished taking a snapshot at:(t:1, i:14) file:/workdir/hadoop-ozone/integration-test/target/test-dir/MiniOzoneClusterImpl-6d9f27d0-f135-4509-a70e-1d3c49807de0/datanode-0/data/ratis/c7908237-46b5-4cd7-bce8-421f8a4d9f42/sm/snapshot.1_14 time:14
2019-08-03 03:31:16,342 INFO  impl.StateMachineUpdater (StateMachineUpdater.java:takeSnapshot(242)) - StateMachineUpdater:67342acf-f115-46bf-aa80-d319ab45a04b:group-421F8A4D9F42: Took a snapshot at index 14
2019-08-03 03:31:16,342 INFO  impl.StateMachineUpdater (StateMachineUpdater.java:lambda$new$0(80)) - StateMachineUpdater:67342acf-f115-46bf-aa80-d319ab45a04b:group-421F8A4D9F42: snapshotIndex: updateIncreasingly -1 -> 14
2019-08-03 03:31:16,343 INFO  impl.RaftServerImpl (ServerState.java:close(394)) - 67342acf-f115-46bf-aa80-d319ab45a04b:group-421F8A4D9F42 closes. The last applied log index is 16
2019-08-03 03:31:16,343 INFO  segmented.SegmentedRaftLogWorker (SegmentedRaftLogWorker.java:run(313)) - 67342acf-f115-46bf-aa80-d319ab45a04b-SegmentedRaftLogWorker:Storage Directory /workdir/hadoop-ozone/integration-test/target/test-dir/MiniOzoneClusterImpl-6d9f27d0-f135-4509-a70e-1d3c49807de0/datanode-0/data/ratis/c7908237-46b5-4cd7-bce8-421f8a4d9f42 was interrupted, exiting. There are 0 tasks remaining in the queue.
2019-08-03 03:31:16,344 INFO  segmented.SegmentedRaftLogWorker (SegmentedRaftLogWorker.java:close(228)) - 67342acf-f115-46bf-aa80-d319ab45a04b-SegmentedRaftLogWorker:Storage Directory /workdir/hadoop-ozone/integration-test/target/test-dir/MiniOzoneClusterImpl-6d9f27d0-f135-4509-a70e-1d3c49807de0/datanode-0/data/ratis/c7908237-46b5-4cd7-bce8-421f8a4d9f42 close()
2019-08-03 03:31:16,345 INFO  server.GrpcService (GrpcService.java:closeImpl(155)) - 67342acf-f115-46bf-aa80-d319ab45a04b: shutdown server with port 46407 now
2019-08-03 03:31:16,346 INFO  server.GrpcService (GrpcService.java:closeImpl(163)) - 67342acf-f115-46bf-aa80-d319ab45a04b: shutdown server with port 46407 successfully
2019-08-03 03:31:16,347 INFO  utils.BackgroundService (BackgroundService.java:shutdown(148)) - Shutting down service BlockDeletingService
2019-08-03 03:31:16,349 WARN  fs.CachingGetSpaceUsed (CachingGetSpaceUsed.java:run(183)) - Thread Interrupted waiting to refresh disk information: sleep interrupted
2019-08-03 03:31:16,367 INFO  statemachine.DatanodeStateMachine (DatanodeStateMachine.java:stopDaemon(395)) - Ozone container server stopped.
2019-08-03 03:31:16,370 INFO  handler.ContextHandler (ContextHandler.java:doStop(910)) - Stopped o.e.j.w.WebAppContext@dc79225{/,null,UNAVAILABLE}{/hddsDatanode}
2019-08-03 03:31:16,371 INFO  server.AbstractConnector (AbstractConnector.java:doStop(318)) - Stopped ServerConnector@30e9ca13{HTTP/1.1,[http/1.1]}{0.0.0.0:0}
2019-08-03 03:31:16,372 INFO  handler.ContextHandler (ContextHandler.java:doStop(910)) - Stopped o.e.j.s.ServletContextHandler@1f0b3cfe{/static,jar:file:/home/user/.m2/repository/org/apache/hadoop/hadoop-hdds-container-service/0.4.1-SNAPSHOT/hadoop-hdds-container-service-0.4.1-SNAPSHOT.jar!/webapps/static,UNAVAILABLE}
2019-08-03 03:31:16,373 INFO  handler.ContextHandler (ContextHandler.java:doStop(910)) - Stopped o.e.j.s.ServletContextHandler@42ea287{/logs,file:///workdir/hadoop-ozone/integration-test/target/log,UNAVAILABLE}
2019-08-03 03:31:16,375 INFO  ozone.MiniOzoneClusterImpl (MiniOzoneClusterImpl.java:stop(353)) - Stopping the StorageContainerManager
2019-08-03 03:31:16,375 INFO  server.StorageContainerManager (StorageContainerManager.java:stop(796)) - Stopping Replication Manager Service.
2019-08-03 03:31:16,375 INFO  container.ReplicationManager (ReplicationManager.java:stop(187)) - Stopping Replication Monitor Thread.
2019-08-03 03:31:16,376 INFO  server.StorageContainerManager (StorageContainerManager.java:stop(803)) - Stopping Lease Manager of the command watchers
2019-08-03 03:31:16,376 INFO  server.StorageContainerManager (StorageContainerManager.java:stop(810)) - Stopping datanode service RPC server
2019-08-03 03:31:16,376 INFO  server.SCMDatanodeProtocolServer (SCMDatanodeProtocolServer.java:stop(367)) - Stopping the RPC server for DataNodes
2019-08-03 03:31:16,377 INFO  ipc.Server (Server.java:stop(3082)) - Stopping server on 40093
2019-08-03 03:31:16,378 INFO  ipc.Server (Server.java:run(1185)) - Stopping IPC Server listener on 40093
2019-08-03 03:31:16,379 INFO  ipc.Server (Server.java:run(1319)) - Stopping IPC Server Responder
2019-08-03 03:31:16,459 WARN  node.NodeStateManager (NodeStateManager.java:scheduleNextHealthCheck(631)) - Current Thread is interrupted, shutting down HB processing thread for Node Manager.
2019-08-03 03:31:16,459 INFO  server.StorageContainerManager (StorageContainerManager.java:stop(818)) - Stopping block service RPC server
2019-08-03 03:31:16,459 INFO  server.SCMBlockProtocolServer (SCMBlockProtocolServer.java:stop(148)) - Stopping the RPC server for Block Protocol
2019-08-03 03:31:16,460 INFO  ipc.Server (Server.java:stop(3082)) - Stopping server on 46681
2019-08-03 03:31:16,462 INFO  ipc.Server (Server.java:run(1185)) - Stopping IPC Server listener on 46681
2019-08-03 03:31:16,462 INFO  server.StorageContainerManager (StorageContainerManager.java:stop(825)) - Stopping the StorageContainerLocationProtocol RPC server
2019-08-03 03:31:16,462 INFO  ipc.Server (Server.java:run(1319)) - Stopping IPC Server Responder
2019-08-03 03:31:16,463 INFO  server.SCMClientProtocolServer (SCMClientProtocolServer.java:stop(159)) - Stopping the RPC server for Client Protocol
2019-08-03 03:31:16,463 INFO  ipc.Server (Server.java:stop(3082)) - Stopping server on 34368
2019-08-03 03:31:16,464 INFO  ipc.Server (Server.java:run(1185)) - Stopping IPC Server listener on 34368
2019-08-03 03:31:16,465 INFO  server.StorageContainerManager (StorageContainerManager.java:stop(832)) - Stopping Storage Container Manager HTTP server.
2019-08-03 03:31:16,465 INFO  ipc.Server (Server.java:run(1319)) - Stopping IPC Server Responder
2019-08-03 03:31:16,466 INFO  handler.ContextHandler (ContextHandler.java:doStop(910)) - Stopped o.e.j.w.WebAppContext@15a902e7{/,null,UNAVAILABLE}{/scm}
2019-08-03 03:31:16,467 INFO  server.AbstractConnector (AbstractConnector.java:doStop(318)) - Stopped ServerConnector@2416a51{HTTP/1.1,[http/1.1]}{0.0.0.0:0}
2019-08-03 03:31:16,467 INFO  handler.ContextHandler (ContextHandler.java:doStop(910)) - Stopped o.e.j.s.ServletContextHandler@79d94571{/static,file:///workdir/hadoop-ozone/integration-test/target/test-classes/webapps/static,UNAVAILABLE}
2019-08-03 03:31:16,468 INFO  handler.ContextHandler (ContextHandler.java:doStop(910)) - Stopped o.e.j.s.ServletContextHandler@76012793{/logs,file:///workdir/hadoop-ozone/integration-test/target/log,UNAVAILABLE}
2019-08-03 03:31:16,470 INFO  server.StorageContainerManager (StorageContainerManager.java:stop(843)) - Stopping Block Manager Service.
2019-08-03 03:31:16,470 INFO  utils.BackgroundService (BackgroundService.java:shutdown(148)) - Shutting down service SCMBlockDeletingService
2019-08-03 03:31:16,470 INFO  utils.BackgroundService (BackgroundService.java:shutdown(148)) - Shutting down service SCMBlockDeletingService
2019-08-03 03:31:16,471 INFO  server.StorageContainerManager (StorageContainerManager.java:stop(865)) - Stopping SCM Event Queue.
2019-08-03 03:31:16,480 INFO  impl.MetricsSystemImpl (MetricsSystemImpl.java:stop(210)) - Stopping XceiverClientMetrics metrics system...
2019-08-03 03:31:16,487 INFO  impl.MetricsSystemImpl (MetricsSystemImpl.java:stop(216)) - XceiverClientMetrics metrics system stopped.
]]></system-out>
    <system-err><![CDATA[ERROR StatusLogger No Log4j 2 configuration file found. Using default configuration (logging only errors to the console), or user programmatically provided configurations. Set system property 'log4j2.debug' to show Log4j 2 internal initialization logging. See https://logging.apache.org/log4j/2.x/manual/configuration.html for instructions on how to configure Log4j 2
Aug 03, 2019 3:30:37 AM com.sun.jersey.server.impl.application.WebApplicationImpl _initiate
INFO: Initiating Jersey application, version 'Jersey: 1.19 02/11/2015 03:25 AM'
Aug 03, 2019 3:30:38 AM com.sun.jersey.server.impl.application.WebApplicationImpl _initiate
INFO: Initiating Jersey application, version 'Jersey: 1.19 02/11/2015 03:25 AM'
Aug 03, 2019 3:30:38 AM com.sun.jersey.server.impl.application.WebApplicationImpl _initiate
INFO: Initiating Jersey application, version 'Jersey: 1.19 02/11/2015 03:25 AM'
Aug 03, 2019 3:30:39 AM com.sun.jersey.server.impl.application.WebApplicationImpl _initiate
INFO: Initiating Jersey application, version 'Jersey: 1.19 02/11/2015 03:25 AM'
Aug 03, 2019 3:30:39 AM com.sun.jersey.server.impl.application.WebApplicationImpl _initiate
INFO: Initiating Jersey application, version 'Jersey: 1.19 02/11/2015 03:25 AM'
Aug 03, 2019 3:30:39 AM com.sun.jersey.server.impl.application.WebApplicationImpl _initiate
INFO: Initiating Jersey application, version 'Jersey: 1.19 02/11/2015 03:25 AM'
Aug 03, 2019 3:30:39 AM com.sun.jersey.server.impl.application.WebApplicationImpl _initiate
INFO: Initiating Jersey application, version 'Jersey: 1.19 02/11/2015 03:25 AM'
]]></system-err>
  </testcase>
  <testcase name="testDatanodeFailureWithPreAllocation" classname="org.apache.hadoop.ozone.client.rpc.TestBlockOutputStreamWithFailures" time="225.063"/>
  <testcase name="testDatanodeFailureWithSingleNodeRatis" classname="org.apache.hadoop.ozone.client.rpc.TestBlockOutputStreamWithFailures" time="224.522"/>
  <testcase name="testWatchForCommitWithSingleNodeRatis" classname="org.apache.hadoop.ozone.client.rpc.TestBlockOutputStreamWithFailures" time="33.727"/>
  <testcase name="testWatchForCommitDatanodeFailure" classname="org.apache.hadoop.ozone.client.rpc.TestBlockOutputStreamWithFailures" time="41.385">
    <failure message="expected:&lt;2&gt; but was:&lt;3&gt;" type="java.lang.AssertionError"><![CDATA[java.lang.AssertionError: expected:<2> but was:<3>
	at org.junit.Assert.fail(Assert.java:88)
	at org.junit.Assert.failNotEquals(Assert.java:743)
	at org.junit.Assert.assertEquals(Assert.java:118)
	at org.junit.Assert.assertEquals(Assert.java:555)
	at org.junit.Assert.assertEquals(Assert.java:542)
	at org.apache.hadoop.ozone.client.rpc.TestBlockOutputStreamWithFailures.testWatchForCommitDatanodeFailure(TestBlockOutputStreamWithFailures.java:366)
	at sun.reflect.NativeMethodAccessorImpl.invoke0(Native Method)
	at sun.reflect.NativeMethodAccessorImpl.invoke(NativeMethodAccessorImpl.java:62)
	at sun.reflect.DelegatingMethodAccessorImpl.invoke(DelegatingMethodAccessorImpl.java:43)
	at java.lang.reflect.Method.invoke(Method.java:498)
	at org.junit.runners.model.FrameworkMethod$1.runReflectiveCall(FrameworkMethod.java:47)
	at org.junit.internal.runners.model.ReflectiveCallable.run(ReflectiveCallable.java:12)
	at org.junit.runners.model.FrameworkMethod.invokeExplosively(FrameworkMethod.java:44)
	at org.junit.internal.runners.statements.InvokeMethod.evaluate(InvokeMethod.java:17)
	at org.junit.internal.runners.statements.RunBefores.evaluate(RunBefores.java:26)
	at org.junit.internal.runners.statements.RunAfters.evaluate(RunAfters.java:27)
	at org.junit.runners.ParentRunner.runLeaf(ParentRunner.java:271)
	at org.junit.runners.BlockJUnit4ClassRunner.runChild(BlockJUnit4ClassRunner.java:70)
	at org.junit.runners.BlockJUnit4ClassRunner.runChild(BlockJUnit4ClassRunner.java:50)
	at org.junit.runners.ParentRunner$3.run(ParentRunner.java:238)
	at org.junit.runners.ParentRunner$1.schedule(ParentRunner.java:63)
	at org.junit.runners.ParentRunner.runChildren(ParentRunner.java:236)
	at org.junit.runners.ParentRunner.access$000(ParentRunner.java:53)
	at org.junit.runners.ParentRunner$2.evaluate(ParentRunner.java:229)
	at org.junit.runners.ParentRunner.run(ParentRunner.java:309)
	at org.apache.maven.surefire.junit4.JUnit4Provider.execute(JUnit4Provider.java:365)
	at org.apache.maven.surefire.junit4.JUnit4Provider.executeWithRerun(JUnit4Provider.java:273)
	at org.apache.maven.surefire.junit4.JUnit4Provider.executeTestSet(JUnit4Provider.java:238)
	at org.apache.maven.surefire.junit4.JUnit4Provider.invoke(JUnit4Provider.java:159)
	at org.apache.maven.surefire.booter.ForkedBooter.invokeProviderInSameClassLoader(ForkedBooter.java:384)
	at org.apache.maven.surefire.booter.ForkedBooter.runSuitesInProcess(ForkedBooter.java:345)
	at org.apache.maven.surefire.booter.ForkedBooter.execute(ForkedBooter.java:126)
	at org.apache.maven.surefire.booter.ForkedBooter.main(ForkedBooter.java:418)
]]></failure>
    <system-out><![CDATA[2019-08-03 03:39:19,881 WARN  server.ServerUtils (ServerUtils.java:getScmDbDir(145)) - ozone.scm.db.dirs is not configured. We recommend adding this setting. Falling back to ozone.metadata.dirs instead.
2019-08-03 03:39:19,905 WARN  server.ServerUtils (ServerUtils.java:getScmDbDir(145)) - ozone.scm.db.dirs is not configured. We recommend adding this setting. Falling back to ozone.metadata.dirs instead.
2019-08-03 03:39:19,906 WARN  server.ServerUtils (ServerUtils.java:getScmDbDir(145)) - ozone.scm.db.dirs is not configured. We recommend adding this setting. Falling back to ozone.metadata.dirs instead.
2019-08-03 03:39:19,906 INFO  db.DBStoreBuilder (DBStoreBuilder.java:addTable(110)) - using custom profile for table: deletedBlocks
2019-08-03 03:39:19,907 INFO  db.DBStoreBuilder (DBStoreBuilder.java:processTables(161)) - Using default column profile:DBProfile.DISK for Table:deletedBlocks
2019-08-03 03:39:19,907 INFO  db.DBStoreBuilder (DBStoreBuilder.java:addTable(110)) - using custom profile for table: validCerts
2019-08-03 03:39:19,907 INFO  db.DBStoreBuilder (DBStoreBuilder.java:processTables(161)) - Using default column profile:DBProfile.DISK for Table:validCerts
2019-08-03 03:39:19,907 INFO  db.DBStoreBuilder (DBStoreBuilder.java:addTable(110)) - using custom profile for table: revokedCerts
2019-08-03 03:39:19,908 INFO  db.DBStoreBuilder (DBStoreBuilder.java:processTables(161)) - Using default column profile:DBProfile.DISK for Table:revokedCerts
2019-08-03 03:39:19,908 INFO  db.DBStoreBuilder (DBStoreBuilder.java:addTable(110)) - using custom profile for table: default
2019-08-03 03:39:19,908 INFO  db.DBStoreBuilder (DBStoreBuilder.java:processTables(167)) - Using default column profile:DBProfile.DISK for Table:default
2019-08-03 03:39:19,908 INFO  db.DBStoreBuilder (DBStoreBuilder.java:getDbProfile(198)) - Using default options. DBProfile.DISK
2019-08-03 03:39:19,994 INFO  net.NodeSchemaLoader (NodeSchemaLoader.java:loadSchemaFromFile(125)) - Loading file from sun.misc.CompoundEnumeration@322399e6
2019-08-03 03:39:19,995 INFO  net.NodeSchemaLoader (NodeSchemaLoader.java:loadSchema(171)) - Loading network topology layer schema file
2019-08-03 03:39:20,000 INFO  node.SCMNodeManager (SCMNodeManager.java:<init>(121)) - Entering startup safe mode.
2019-08-03 03:39:20,001 WARN  server.ServerUtils (ServerUtils.java:getScmDbDir(145)) - ozone.scm.db.dirs is not configured. We recommend adding this setting. Falling back to ozone.metadata.dirs instead.
2019-08-03 03:39:20,027 INFO  pipeline.SCMPipelineManager (SCMPipelineManager.java:initializePipelineState(126)) - No pipeline exists in current db
2019-08-03 03:39:20,027 WARN  server.ServerUtils (ServerUtils.java:getScmDbDir(145)) - ozone.scm.db.dirs is not configured. We recommend adding this setting. Falling back to ozone.metadata.dirs instead.
2019-08-03 03:39:20,054 WARN  events.EventQueue (EventQueue.java:fireEvent(175)) - No event handler registered for event TypedEvent{payloadType=SafeModeStatus, name='SafeModeStatus'}
2019-08-03 03:39:20,055 INFO  ipc.CallQueueManager (CallQueueManager.java:<init>(84)) - Using callQueue: class java.util.concurrent.LinkedBlockingQueue, queueCapacity: 2000, scheduler: class org.apache.hadoop.ipc.DefaultRpcScheduler, ipcBackoff: false.
2019-08-03 03:39:20,056 INFO  ipc.Server (Server.java:run(1074)) - Starting Socket Reader #1 for port 46336
2019-08-03 03:39:20,058 INFO  ipc.CallQueueManager (CallQueueManager.java:<init>(84)) - Using callQueue: class java.util.concurrent.LinkedBlockingQueue, queueCapacity: 2000, scheduler: class org.apache.hadoop.ipc.DefaultRpcScheduler, ipcBackoff: false.
2019-08-03 03:39:20,059 INFO  ipc.Server (Server.java:run(1074)) - Starting Socket Reader #1 for port 43971
2019-08-03 03:39:20,062 INFO  ipc.CallQueueManager (CallQueueManager.java:<init>(84)) - Using callQueue: class java.util.concurrent.LinkedBlockingQueue, queueCapacity: 2000, scheduler: class org.apache.hadoop.ipc.DefaultRpcScheduler, ipcBackoff: false.
2019-08-03 03:39:20,063 INFO  ipc.Server (Server.java:run(1074)) - Starting Socket Reader #1 for port 37969
2019-08-03 03:39:20,066 INFO  hdfs.DFSUtil (DFSUtil.java:httpServerTemplateForNNAndJN(1641)) - Starting Web-server for scm at: http://0.0.0.0:0
2019-08-03 03:39:20,068 INFO  server.AuthenticationFilter (AuthenticationFilter.java:constructSecretProvider(240)) - Unable to initialize FileSignerSecretProvider, falling back to use random secrets.
2019-08-03 03:39:20,068 WARN  http.HttpRequestLog (HttpRequestLog.java:getRequestLog(97)) - Jetty request log can only be enabled using Log4j
2019-08-03 03:39:20,071 INFO  http.HttpServer2 (HttpServer2.java:addGlobalFilter(975)) - Added global filter 'safety' (class=org.apache.hadoop.http.HttpServer2$QuotingInputFilter)
2019-08-03 03:39:20,071 INFO  http.HttpServer2 (HttpServer2.java:addFilter(948)) - Added filter static_user_filter (class=org.apache.hadoop.http.lib.StaticUserWebFilter$StaticUserFilter) to context scm
2019-08-03 03:39:20,071 INFO  http.HttpServer2 (HttpServer2.java:addFilter(958)) - Added filter static_user_filter (class=org.apache.hadoop.http.lib.StaticUserWebFilter$StaticUserFilter) to context static
2019-08-03 03:39:20,072 INFO  http.HttpServer2 (HttpServer2.java:addFilter(958)) - Added filter static_user_filter (class=org.apache.hadoop.http.lib.StaticUserWebFilter$StaticUserFilter) to context logs
2019-08-03 03:39:20,074 INFO  server.StorageContainerManager (StorageContainerManager.java:start(758)) - StorageContainerLocationProtocol RPC server is listening at /0.0.0.0:37969
2019-08-03 03:39:20,076 WARN  impl.MetricsConfig (MetricsConfig.java:loadFirst(134)) - Cannot locate configuration: tried hadoop-metrics2-storagecontainermanager.properties,hadoop-metrics2.properties
2019-08-03 03:39:20,077 INFO  impl.MetricsSystemImpl (MetricsSystemImpl.java:startTimer(374)) - Scheduled Metric snapshot period at 10 second(s).
2019-08-03 03:39:20,077 INFO  impl.MetricsSystemImpl (MetricsSystemImpl.java:start(191)) - StorageContainerManager metrics system started
2019-08-03 03:39:20,137 INFO  server.SCMClientProtocolServer (SCMClientProtocolServer.java:start(151)) - RPC server for Client  is listening at /0.0.0.0:37969
2019-08-03 03:39:20,138 INFO  ipc.Server (Server.java:run(1314)) - IPC Server Responder: starting
2019-08-03 03:39:20,139 INFO  ipc.Server (Server.java:run(1153)) - IPC Server listener on 37969: starting
2019-08-03 03:39:20,142 INFO  server.StorageContainerManager (StorageContainerManager.java:start(768)) - ScmBlockLocationProtocol RPC server is listening at /0.0.0.0:43971
2019-08-03 03:39:20,142 INFO  server.SCMBlockProtocolServer (SCMBlockProtocolServer.java:start(140)) - RPC server for Block Protocol is listening at /0.0.0.0:43971
2019-08-03 03:39:20,142 INFO  ipc.Server (Server.java:run(1314)) - IPC Server Responder: starting
2019-08-03 03:39:20,143 INFO  ipc.Server (Server.java:run(1153)) - IPC Server listener on 43971: starting
2019-08-03 03:39:20,146 INFO  server.StorageContainerManager (StorageContainerManager.java:start(772)) - ScmDatanodeProtocl RPC server is listening at /0.0.0.0:46336
2019-08-03 03:39:20,146 INFO  server.SCMDatanodeProtocolServer (SCMDatanodeProtocolServer.java:start(191)) - RPC server for DataNodes is listening at /0.0.0.0:46336
2019-08-03 03:39:20,147 INFO  ipc.Server (Server.java:run(1314)) - IPC Server Responder: starting
2019-08-03 03:39:20,147 INFO  ipc.Server (Server.java:run(1153)) - IPC Server listener on 46336: starting
2019-08-03 03:39:20,151 INFO  http.HttpServer2 (HttpServer2.java:bindListener(1191)) - Jetty bound to port 43847
2019-08-03 03:39:20,151 INFO  server.Server (Server.java:doStart(351)) - jetty-9.3.24.v20180605, build timestamp: 2018-06-05T17:11:56Z, git hash: 84205aa28f11a4f31f2a3b86d1bba2cc8ab69827
2019-08-03 03:39:20,152 INFO  handler.ContextHandler (ContextHandler.java:doStart(781)) - Started o.e.j.s.ServletContextHandler@7fe40b9f{/logs,file:///workdir/hadoop-ozone/integration-test/target/log,AVAILABLE}
2019-08-03 03:39:20,153 INFO  handler.ContextHandler (ContextHandler.java:doStart(781)) - Started o.e.j.s.ServletContextHandler@648c80cb{/static,file:///workdir/hadoop-ozone/integration-test/target/test-classes/webapps/static,AVAILABLE}
2019-08-03 03:39:20,156 INFO  handler.ContextHandler (ContextHandler.java:doStart(781)) - Started o.e.j.w.WebAppContext@6ae55678{/,file:///workdir/hadoop-ozone/integration-test/target/test-classes/webapps/scm/,AVAILABLE}{/scm}
2019-08-03 03:39:20,156 INFO  server.AbstractConnector (AbstractConnector.java:doStart(278)) - Started ServerConnector@4bc75792{HTTP/1.1,[http/1.1]}{0.0.0.0:43847}
2019-08-03 03:39:20,157 INFO  server.Server (Server.java:doStart(419)) - Started @527287ms
2019-08-03 03:39:20,158 INFO  server.BaseHttpServer (BaseHttpServer.java:updateConnectorAddress(207)) - HTTP server of SCM is listening at http://0.0.0.0:43847
2019-08-03 03:39:20,158 WARN  server.ServerUtils (ServerUtils.java:getDBPath(222)) - ozone.om.db.dirs is not configured. We recommend adding this setting. Falling back to ozone.metadata.dirs instead.
2019-08-03 03:39:20,159 INFO  util.JvmPauseMonitor (JvmPauseMonitor.java:run(188)) - Starting JVM pause monitor
2019-08-03 03:39:20,172 WARN  server.ServerUtils (ServerUtils.java:getDBPath(222)) - ozone.om.db.dirs is not configured. We recommend adding this setting. Falling back to ozone.metadata.dirs instead.
2019-08-03 03:39:20,172 WARN  server.ServerUtils (ServerUtils.java:getDBPath(222)) - ozone.om.db.dirs is not configured. We recommend adding this setting. Falling back to ozone.metadata.dirs instead.
2019-08-03 03:39:20,172 INFO  om.OzoneManager (OzoneManager.java:setOMNodeDetails(644)) - OM Service ID is not set. Setting it to the default ID: omServiceIdDefault
2019-08-03 03:39:20,173 INFO  om.OzoneManager (OzoneManager.java:setOMNodeDetails(650)) - OM Node ID is not set. Setting it to the OmStorage's OmID: 2e53558d-5aab-4939-ade5-0421a8cc84dc
2019-08-03 03:39:20,173 INFO  om.OzoneManager (OzoneManager.java:loadOMHAConfigs(601)) - Found matching OM address with OMServiceId: null, OMNodeId: null, RPC Address: localhost:0 and Ratis port: 9872
2019-08-03 03:39:20,178 WARN  server.ServerUtils (ServerUtils.java:getDBPath(222)) - ozone.om.db.dirs is not configured. We recommend adding this setting. Falling back to ozone.metadata.dirs instead.
2019-08-03 03:39:20,179 INFO  db.DBStoreBuilder (DBStoreBuilder.java:addTable(110)) - using custom profile for table: userTable
2019-08-03 03:39:20,179 INFO  db.DBStoreBuilder (DBStoreBuilder.java:processTables(161)) - Using default column profile:DBProfile.DISK for Table:userTable
2019-08-03 03:39:20,179 INFO  db.DBStoreBuilder (DBStoreBuilder.java:addTable(110)) - using custom profile for table: volumeTable
2019-08-03 03:39:20,180 INFO  db.DBStoreBuilder (DBStoreBuilder.java:processTables(161)) - Using default column profile:DBProfile.DISK for Table:volumeTable
2019-08-03 03:39:20,180 INFO  db.DBStoreBuilder (DBStoreBuilder.java:addTable(110)) - using custom profile for table: bucketTable
2019-08-03 03:39:20,180 INFO  db.DBStoreBuilder (DBStoreBuilder.java:processTables(161)) - Using default column profile:DBProfile.DISK for Table:bucketTable
2019-08-03 03:39:20,180 INFO  db.DBStoreBuilder (DBStoreBuilder.java:addTable(110)) - using custom profile for table: keyTable
2019-08-03 03:39:20,181 INFO  db.DBStoreBuilder (DBStoreBuilder.java:processTables(161)) - Using default column profile:DBProfile.DISK for Table:keyTable
2019-08-03 03:39:20,181 INFO  db.DBStoreBuilder (DBStoreBuilder.java:addTable(110)) - using custom profile for table: deletedTable
2019-08-03 03:39:20,181 INFO  db.DBStoreBuilder (DBStoreBuilder.java:processTables(161)) - Using default column profile:DBProfile.DISK for Table:deletedTable
2019-08-03 03:39:20,181 INFO  db.DBStoreBuilder (DBStoreBuilder.java:addTable(110)) - using custom profile for table: openKeyTable
2019-08-03 03:39:20,182 INFO  db.DBStoreBuilder (DBStoreBuilder.java:processTables(161)) - Using default column profile:DBProfile.DISK for Table:openKeyTable
2019-08-03 03:39:20,182 INFO  db.DBStoreBuilder (DBStoreBuilder.java:addTable(110)) - using custom profile for table: s3Table
2019-08-03 03:39:20,182 INFO  db.DBStoreBuilder (DBStoreBuilder.java:processTables(161)) - Using default column profile:DBProfile.DISK for Table:s3Table
2019-08-03 03:39:20,182 INFO  db.DBStoreBuilder (DBStoreBuilder.java:addTable(110)) - using custom profile for table: multipartInfoTable
2019-08-03 03:39:20,183 INFO  db.DBStoreBuilder (DBStoreBuilder.java:processTables(161)) - Using default column profile:DBProfile.DISK for Table:multipartInfoTable
2019-08-03 03:39:20,183 INFO  db.DBStoreBuilder (DBStoreBuilder.java:addTable(110)) - using custom profile for table: dTokenTable
2019-08-03 03:39:20,183 INFO  db.DBStoreBuilder (DBStoreBuilder.java:processTables(161)) - Using default column profile:DBProfile.DISK for Table:dTokenTable
2019-08-03 03:39:20,183 INFO  db.DBStoreBuilder (DBStoreBuilder.java:addTable(110)) - using custom profile for table: s3SecretTable
2019-08-03 03:39:20,184 INFO  db.DBStoreBuilder (DBStoreBuilder.java:processTables(161)) - Using default column profile:DBProfile.DISK for Table:s3SecretTable
2019-08-03 03:39:20,184 INFO  db.DBStoreBuilder (DBStoreBuilder.java:addTable(110)) - using custom profile for table: prefixTable
2019-08-03 03:39:20,184 INFO  db.DBStoreBuilder (DBStoreBuilder.java:processTables(161)) - Using default column profile:DBProfile.DISK for Table:prefixTable
2019-08-03 03:39:20,184 INFO  db.DBStoreBuilder (DBStoreBuilder.java:addTable(110)) - using custom profile for table: default
2019-08-03 03:39:20,185 INFO  db.DBStoreBuilder (DBStoreBuilder.java:processTables(167)) - Using default column profile:DBProfile.DISK for Table:default
2019-08-03 03:39:20,185 INFO  db.DBStoreBuilder (DBStoreBuilder.java:getDbProfile(198)) - Using default options. DBProfile.DISK
2019-08-03 03:39:20,389 INFO  ipc.CallQueueManager (CallQueueManager.java:<init>(84)) - Using callQueue: class java.util.concurrent.LinkedBlockingQueue, queueCapacity: 2000, scheduler: class org.apache.hadoop.ipc.DefaultRpcScheduler, ipcBackoff: false.
2019-08-03 03:39:20,389 INFO  ipc.Server (Server.java:run(1074)) - Starting Socket Reader #1 for port 45253
2019-08-03 03:39:20,400 INFO  om.OzoneManager (OzoneManager.java:start(1255)) - OzoneManager RPC server is listening at localhost/127.0.0.1:45253
2019-08-03 03:39:20,400 INFO  impl.MetricsSystemImpl (MetricsSystemImpl.java:init(158)) - OzoneManager metrics system started (again)
2019-08-03 03:39:20,401 INFO  ipc.Server (Server.java:run(1314)) - IPC Server Responder: starting
2019-08-03 03:39:20,401 INFO  ipc.Server (Server.java:run(1153)) - IPC Server listener on 45253: starting
2019-08-03 03:39:20,406 INFO  hdfs.DFSUtil (DFSUtil.java:httpServerTemplateForNNAndJN(1641)) - Starting Web-server for ozoneManager at: http://0.0.0.0:0
2019-08-03 03:39:20,407 INFO  server.AuthenticationFilter (AuthenticationFilter.java:constructSecretProvider(240)) - Unable to initialize FileSignerSecretProvider, falling back to use random secrets.
2019-08-03 03:39:20,407 WARN  http.HttpRequestLog (HttpRequestLog.java:getRequestLog(97)) - Jetty request log can only be enabled using Log4j
2019-08-03 03:39:20,408 INFO  http.HttpServer2 (HttpServer2.java:addGlobalFilter(975)) - Added global filter 'safety' (class=org.apache.hadoop.http.HttpServer2$QuotingInputFilter)
2019-08-03 03:39:20,409 INFO  http.HttpServer2 (HttpServer2.java:addFilter(948)) - Added filter static_user_filter (class=org.apache.hadoop.http.lib.StaticUserWebFilter$StaticUserFilter) to context ozoneManager
2019-08-03 03:39:20,409 INFO  http.HttpServer2 (HttpServer2.java:addFilter(958)) - Added filter static_user_filter (class=org.apache.hadoop.http.lib.StaticUserWebFilter$StaticUserFilter) to context static
2019-08-03 03:39:20,409 INFO  http.HttpServer2 (HttpServer2.java:addFilter(958)) - Added filter static_user_filter (class=org.apache.hadoop.http.lib.StaticUserWebFilter$StaticUserFilter) to context logs
2019-08-03 03:39:20,410 INFO  http.HttpServer2 (HttpServer2.java:bindListener(1191)) - Jetty bound to port 42902
2019-08-03 03:39:20,410 INFO  server.Server (Server.java:doStart(351)) - jetty-9.3.24.v20180605, build timestamp: 2018-06-05T17:11:56Z, git hash: 84205aa28f11a4f31f2a3b86d1bba2cc8ab69827
2019-08-03 03:39:20,411 INFO  handler.ContextHandler (ContextHandler.java:doStart(781)) - Started o.e.j.s.ServletContextHandler@433d5536{/logs,file:///workdir/hadoop-ozone/integration-test/target/log,AVAILABLE}
2019-08-03 03:39:20,411 INFO  handler.ContextHandler (ContextHandler.java:doStart(781)) - Started o.e.j.s.ServletContextHandler@6a9b8f33{/static,file:///workdir/hadoop-ozone/integration-test/target/test-classes/webapps/static,AVAILABLE}
2019-08-03 03:39:20,415 INFO  handler.ContextHandler (ContextHandler.java:doStart(781)) - Started o.e.j.w.WebAppContext@6e8426aa{/,file:///workdir/hadoop-ozone/integration-test/target/test-classes/webapps/ozoneManager/,AVAILABLE}{/ozoneManager}
2019-08-03 03:39:20,415 INFO  server.AbstractConnector (AbstractConnector.java:doStart(278)) - Started ServerConnector@752573df{HTTP/1.1,[http/1.1]}{0.0.0.0:42902}
2019-08-03 03:39:20,416 INFO  server.Server (Server.java:doStart(419)) - Started @527546ms
2019-08-03 03:39:20,417 INFO  server.BaseHttpServer (BaseHttpServer.java:updateConnectorAddress(207)) - HTTP server of OZONEMANAGER is listening at http://0.0.0.0:42902
2019-08-03 03:39:20,427 INFO  impl.MetricsSystemImpl (MetricsSystemImpl.java:init(158)) - HddsDatanode metrics system started (again)
2019-08-03 03:39:20,429 INFO  ozone.HddsDatanodeService (HddsDatanodeService.java:start(184)) - HddsDatanodeService host:byscane-nightly-b86qh-2100283676 ip:192.168.5.147
2019-08-03 03:39:20,439 INFO  volume.HddsVolume (HddsVolume.java:<init>(176)) - Creating Volume: /workdir/hadoop-ozone/integration-test/target/test-dir/MiniOzoneClusterImpl-ba793efa-c700-45ae-b3d7-7588d56d7037/datanode-0/data/containers/hdds of  storage type : DISK and capacity : 52710309888
2019-08-03 03:39:20,439 INFO  volume.VolumeSet (VolumeSet.java:initializeVolumeSet(170)) - Added Volume : /workdir/hadoop-ozone/integration-test/target/test-dir/MiniOzoneClusterImpl-ba793efa-c700-45ae-b3d7-7588d56d7037/datanode-0/data/containers/hdds to VolumeSet
2019-08-03 03:39:20,439 INFO  volume.ThrottledAsyncChecker (ThrottledAsyncChecker.java:schedule(140)) - Scheduling a check for org.apache.hadoop.ozone.container.common.volume.HddsVolume@628e0403
2019-08-03 03:39:20,440 INFO  volume.HddsVolumeChecker (HddsVolumeChecker.java:checkAllVolumes(203)) - Scheduled health check for volume org.apache.hadoop.ozone.container.common.volume.HddsVolume@628e0403
2019-08-03 03:39:20,452 INFO  impl.RaftServerProxy (ConfUtils.java:logGet(43)) - raft.rpc.type = GRPC (default)
2019-08-03 03:39:20,452 INFO  grpc.GrpcFactory (GrpcFactory.java:checkPooledByteBufAllocatorUseCacheForAllThreads(45)) - PERFORMANCE WARNING: useCacheForAllThreads is true that may cause Netty to create a lot garbage objects and, as a result, trigger GC.
	It is recommended to disable useCacheForAllThreads by setting -Dorg.apache.ratis.thirdparty.io.netty.allocator.useCacheForAllThreads=false in command line.
2019-08-03 03:39:20,452 INFO  grpc.GrpcConfigKeys$Server (ConfUtils.java:logGet(43)) - raft.grpc.server.port = 0 (default)
2019-08-03 03:39:20,452 INFO  server.GrpcService (ConfUtils.java:logGet(43)) - raft.grpc.message.size.max = 33570816 (custom)
2019-08-03 03:39:20,453 INFO  server.RaftServerConfigKeys (ConfUtils.java:logGet(43)) - raft.server.log.appender.buffer.byte-limit = 33554432 (custom)
2019-08-03 03:39:20,453 INFO  server.GrpcService (ConfUtils.java:logGet(43)) - raft.grpc.flow.control.window = 1MB (=1048576) (default)
2019-08-03 03:39:20,453 INFO  server.RaftServerConfigKeys (ConfUtils.java:logGet(43)) - raft.server.rpc.request.timeout = 3000ms (default)
2019-08-03 03:39:20,453 INFO  server.RaftServerConfigKeys (ConfUtils.java:logGet(43)) - raft.server.storage.dir = [/workdir/hadoop-ozone/integration-test/target/test-dir/MiniOzoneClusterImpl-ba793efa-c700-45ae-b3d7-7588d56d7037/datanode-0/data/ratis] (custom)
2019-08-03 03:39:20,454 INFO  replication.SimpleContainerDownloader (SimpleContainerDownloader.java:<init>(72)) - Starting container downloader service to copy containers to replicate.
2019-08-03 03:39:20,455 INFO  hdfs.DFSUtil (DFSUtil.java:httpServerTemplateForNNAndJN(1641)) - Starting Web-server for hddsDatanode at: http://0.0.0.0:0
2019-08-03 03:39:20,455 INFO  server.AuthenticationFilter (AuthenticationFilter.java:constructSecretProvider(240)) - Unable to initialize FileSignerSecretProvider, falling back to use random secrets.
2019-08-03 03:39:20,456 WARN  http.HttpRequestLog (HttpRequestLog.java:getRequestLog(97)) - Jetty request log can only be enabled using Log4j
2019-08-03 03:39:20,457 INFO  http.HttpServer2 (HttpServer2.java:addGlobalFilter(975)) - Added global filter 'safety' (class=org.apache.hadoop.http.HttpServer2$QuotingInputFilter)
2019-08-03 03:39:20,457 INFO  http.HttpServer2 (HttpServer2.java:addFilter(948)) - Added filter static_user_filter (class=org.apache.hadoop.http.lib.StaticUserWebFilter$StaticUserFilter) to context hddsDatanode
2019-08-03 03:39:20,457 INFO  http.HttpServer2 (HttpServer2.java:addFilter(958)) - Added filter static_user_filter (class=org.apache.hadoop.http.lib.StaticUserWebFilter$StaticUserFilter) to context logs
2019-08-03 03:39:20,457 INFO  http.HttpServer2 (HttpServer2.java:addFilter(958)) - Added filter static_user_filter (class=org.apache.hadoop.http.lib.StaticUserWebFilter$StaticUserFilter) to context static
2019-08-03 03:39:20,458 INFO  http.HttpServer2 (HttpServer2.java:bindListener(1191)) - Jetty bound to port 33313
2019-08-03 03:39:20,458 INFO  server.Server (Server.java:doStart(351)) - jetty-9.3.24.v20180605, build timestamp: 2018-06-05T17:11:56Z, git hash: 84205aa28f11a4f31f2a3b86d1bba2cc8ab69827
2019-08-03 03:39:20,459 INFO  handler.ContextHandler (ContextHandler.java:doStart(781)) - Started o.e.j.s.ServletContextHandler@5562f297{/logs,file:///workdir/hadoop-ozone/integration-test/target/log,AVAILABLE}
2019-08-03 03:39:20,460 INFO  handler.ContextHandler (ContextHandler.java:doStart(781)) - Started o.e.j.s.ServletContextHandler@2f143ea{/static,jar:file:/home/user/.m2/repository/org/apache/hadoop/hadoop-hdds-container-service/0.4.1-SNAPSHOT/hadoop-hdds-container-service-0.4.1-SNAPSHOT.jar!/webapps/static,AVAILABLE}
2019-08-03 03:39:20,486 INFO  handler.ContextHandler (ContextHandler.java:doStart(781)) - Started o.e.j.w.WebAppContext@1aade3c{/,file:///tmp/jetty-0.0.0.0-33313-hddsDatanode-_-any-3669830952058606315.dir/webapp/,AVAILABLE}{/hddsDatanode}
2019-08-03 03:39:20,486 INFO  server.AbstractConnector (AbstractConnector.java:doStart(278)) - Started ServerConnector@7d8a5ec7{HTTP/1.1,[http/1.1]}{0.0.0.0:33313}
2019-08-03 03:39:20,486 INFO  server.Server (Server.java:doStart(419)) - Started @527616ms
2019-08-03 03:39:20,488 INFO  server.BaseHttpServer (BaseHttpServer.java:updateConnectorAddress(207)) - HTTP server of HDDSDATANODE is listening at http://0.0.0.0:33313
2019-08-03 03:39:20,596 INFO  ozone.HddsDatanodeService (HddsDatanodeService.java:startPlugins(395)) - Started plug-in org.apache.hadoop.ozone.web.OzoneHddsDatanodeService@4f378d7e
2019-08-03 03:39:20,596 INFO  impl.MetricsSystemImpl (MetricsSystemImpl.java:init(158)) - HddsDatanode metrics system started (again)
2019-08-03 03:39:20,599 INFO  util.JvmPauseMonitor (JvmPauseMonitor.java:run(188)) - Starting JVM pause monitor
2019-08-03 03:39:20,599 INFO  ozone.HddsDatanodeService (HddsDatanodeService.java:start(184)) - HddsDatanodeService host:byscane-nightly-b86qh-2100283676 ip:192.168.5.147
2019-08-03 03:39:20,600 INFO  datanode.InitDatanodeState (InitDatanodeState.java:persistContainerDatanodeDetails(140)) - DatanodeDetails is persisted to /workdir/hadoop-ozone/integration-test/target/test-dir/MiniOzoneClusterImpl-ba793efa-c700-45ae-b3d7-7588d56d7037/datanode-0/meta/datanode.id
2019-08-03 03:39:20,609 INFO  volume.HddsVolume (HddsVolume.java:<init>(176)) - Creating Volume: /workdir/hadoop-ozone/integration-test/target/test-dir/MiniOzoneClusterImpl-ba793efa-c700-45ae-b3d7-7588d56d7037/datanode-1/data/containers/hdds of  storage type : DISK and capacity : 52710309888
2019-08-03 03:39:20,610 INFO  volume.VolumeSet (VolumeSet.java:initializeVolumeSet(170)) - Added Volume : /workdir/hadoop-ozone/integration-test/target/test-dir/MiniOzoneClusterImpl-ba793efa-c700-45ae-b3d7-7588d56d7037/datanode-1/data/containers/hdds to VolumeSet
2019-08-03 03:39:20,610 INFO  volume.ThrottledAsyncChecker (ThrottledAsyncChecker.java:schedule(140)) - Scheduling a check for org.apache.hadoop.ozone.container.common.volume.HddsVolume@6f28a07e
2019-08-03 03:39:20,611 INFO  volume.HddsVolumeChecker (HddsVolumeChecker.java:checkAllVolumes(203)) - Scheduled health check for volume org.apache.hadoop.ozone.container.common.volume.HddsVolume@6f28a07e
2019-08-03 03:39:20,631 INFO  impl.RaftServerProxy (ConfUtils.java:logGet(43)) - raft.rpc.type = GRPC (default)
2019-08-03 03:39:20,631 INFO  grpc.GrpcFactory (GrpcFactory.java:checkPooledByteBufAllocatorUseCacheForAllThreads(45)) - PERFORMANCE WARNING: useCacheForAllThreads is true that may cause Netty to create a lot garbage objects and, as a result, trigger GC.
	It is recommended to disable useCacheForAllThreads by setting -Dorg.apache.ratis.thirdparty.io.netty.allocator.useCacheForAllThreads=false in command line.
2019-08-03 03:39:20,632 INFO  grpc.GrpcConfigKeys$Server (ConfUtils.java:logGet(43)) - raft.grpc.server.port = 0 (default)
2019-08-03 03:39:20,632 INFO  server.GrpcService (ConfUtils.java:logGet(43)) - raft.grpc.message.size.max = 33570816 (custom)
2019-08-03 03:39:20,632 INFO  server.RaftServerConfigKeys (ConfUtils.java:logGet(43)) - raft.server.log.appender.buffer.byte-limit = 33554432 (custom)
2019-08-03 03:39:20,632 INFO  server.GrpcService (ConfUtils.java:logGet(43)) - raft.grpc.flow.control.window = 1MB (=1048576) (default)
2019-08-03 03:39:20,633 INFO  server.RaftServerConfigKeys (ConfUtils.java:logGet(43)) - raft.server.rpc.request.timeout = 3000ms (default)
2019-08-03 03:39:20,633 INFO  server.RaftServerConfigKeys (ConfUtils.java:logGet(43)) - raft.server.storage.dir = [/workdir/hadoop-ozone/integration-test/target/test-dir/MiniOzoneClusterImpl-ba793efa-c700-45ae-b3d7-7588d56d7037/datanode-1/data/ratis] (custom)
2019-08-03 03:39:20,634 INFO  replication.SimpleContainerDownloader (SimpleContainerDownloader.java:<init>(72)) - Starting container downloader service to copy containers to replicate.
2019-08-03 03:39:20,635 INFO  hdfs.DFSUtil (DFSUtil.java:httpServerTemplateForNNAndJN(1641)) - Starting Web-server for hddsDatanode at: http://0.0.0.0:0
2019-08-03 03:39:20,636 INFO  server.AuthenticationFilter (AuthenticationFilter.java:constructSecretProvider(240)) - Unable to initialize FileSignerSecretProvider, falling back to use random secrets.
2019-08-03 03:39:20,637 WARN  http.HttpRequestLog (HttpRequestLog.java:getRequestLog(97)) - Jetty request log can only be enabled using Log4j
2019-08-03 03:39:20,638 INFO  http.HttpServer2 (HttpServer2.java:addGlobalFilter(975)) - Added global filter 'safety' (class=org.apache.hadoop.http.HttpServer2$QuotingInputFilter)
2019-08-03 03:39:20,638 INFO  http.HttpServer2 (HttpServer2.java:addFilter(948)) - Added filter static_user_filter (class=org.apache.hadoop.http.lib.StaticUserWebFilter$StaticUserFilter) to context hddsDatanode
2019-08-03 03:39:20,638 INFO  http.HttpServer2 (HttpServer2.java:addFilter(958)) - Added filter static_user_filter (class=org.apache.hadoop.http.lib.StaticUserWebFilter$StaticUserFilter) to context static
2019-08-03 03:39:20,638 INFO  http.HttpServer2 (HttpServer2.java:addFilter(958)) - Added filter static_user_filter (class=org.apache.hadoop.http.lib.StaticUserWebFilter$StaticUserFilter) to context logs
2019-08-03 03:39:20,639 INFO  http.HttpServer2 (HttpServer2.java:bindListener(1191)) - Jetty bound to port 36052
2019-08-03 03:39:20,639 INFO  server.Server (Server.java:doStart(351)) - jetty-9.3.24.v20180605, build timestamp: 2018-06-05T17:11:56Z, git hash: 84205aa28f11a4f31f2a3b86d1bba2cc8ab69827
2019-08-03 03:39:20,641 INFO  handler.ContextHandler (ContextHandler.java:doStart(781)) - Started o.e.j.s.ServletContextHandler@57cfb4d8{/logs,file:///workdir/hadoop-ozone/integration-test/target/log,AVAILABLE}
2019-08-03 03:39:20,641 INFO  handler.ContextHandler (ContextHandler.java:doStart(781)) - Started o.e.j.s.ServletContextHandler@e5bce8e{/static,jar:file:/home/user/.m2/repository/org/apache/hadoop/hadoop-hdds-container-service/0.4.1-SNAPSHOT/hadoop-hdds-container-service-0.4.1-SNAPSHOT.jar!/webapps/static,AVAILABLE}
2019-08-03 03:39:20,675 INFO  handler.ContextHandler (ContextHandler.java:doStart(781)) - Started o.e.j.w.WebAppContext@6f8281e6{/,file:///tmp/jetty-0.0.0.0-36052-hddsDatanode-_-any-6242871810969407620.dir/webapp/,AVAILABLE}{/hddsDatanode}
2019-08-03 03:39:20,675 INFO  server.AbstractConnector (AbstractConnector.java:doStart(278)) - Started ServerConnector@1d12eff1{HTTP/1.1,[http/1.1]}{0.0.0.0:36052}
2019-08-03 03:39:20,677 INFO  server.Server (Server.java:doStart(419)) - Started @527807ms
2019-08-03 03:39:20,678 INFO  server.BaseHttpServer (BaseHttpServer.java:updateConnectorAddress(207)) - HTTP server of HDDSDATANODE is listening at http://0.0.0.0:36052
2019-08-03 03:39:20,786 INFO  ozone.HddsDatanodeService (HddsDatanodeService.java:startPlugins(395)) - Started plug-in org.apache.hadoop.ozone.web.OzoneHddsDatanodeService@fee1e32
2019-08-03 03:39:20,786 INFO  impl.MetricsSystemImpl (MetricsSystemImpl.java:init(158)) - HddsDatanode metrics system started (again)
2019-08-03 03:39:20,789 INFO  ozone.HddsDatanodeService (HddsDatanodeService.java:start(184)) - HddsDatanodeService host:byscane-nightly-b86qh-2100283676 ip:192.168.5.147
2019-08-03 03:39:20,789 INFO  util.JvmPauseMonitor (JvmPauseMonitor.java:run(188)) - Starting JVM pause monitor
2019-08-03 03:39:20,790 INFO  datanode.InitDatanodeState (InitDatanodeState.java:persistContainerDatanodeDetails(140)) - DatanodeDetails is persisted to /workdir/hadoop-ozone/integration-test/target/test-dir/MiniOzoneClusterImpl-ba793efa-c700-45ae-b3d7-7588d56d7037/datanode-1/meta/datanode.id
2019-08-03 03:39:20,799 INFO  volume.HddsVolume (HddsVolume.java:<init>(176)) - Creating Volume: /workdir/hadoop-ozone/integration-test/target/test-dir/MiniOzoneClusterImpl-ba793efa-c700-45ae-b3d7-7588d56d7037/datanode-2/data/containers/hdds of  storage type : DISK and capacity : 52710309888
2019-08-03 03:39:20,799 INFO  volume.VolumeSet (VolumeSet.java:initializeVolumeSet(170)) - Added Volume : /workdir/hadoop-ozone/integration-test/target/test-dir/MiniOzoneClusterImpl-ba793efa-c700-45ae-b3d7-7588d56d7037/datanode-2/data/containers/hdds to VolumeSet
2019-08-03 03:39:20,799 INFO  volume.ThrottledAsyncChecker (ThrottledAsyncChecker.java:schedule(140)) - Scheduling a check for org.apache.hadoop.ozone.container.common.volume.HddsVolume@64d0b8e3
2019-08-03 03:39:20,800 INFO  volume.HddsVolumeChecker (HddsVolumeChecker.java:checkAllVolumes(203)) - Scheduled health check for volume org.apache.hadoop.ozone.container.common.volume.HddsVolume@64d0b8e3
2019-08-03 03:39:20,813 INFO  impl.RaftServerProxy (ConfUtils.java:logGet(43)) - raft.rpc.type = GRPC (default)
2019-08-03 03:39:20,814 INFO  grpc.GrpcFactory (GrpcFactory.java:checkPooledByteBufAllocatorUseCacheForAllThreads(45)) - PERFORMANCE WARNING: useCacheForAllThreads is true that may cause Netty to create a lot garbage objects and, as a result, trigger GC.
	It is recommended to disable useCacheForAllThreads by setting -Dorg.apache.ratis.thirdparty.io.netty.allocator.useCacheForAllThreads=false in command line.
2019-08-03 03:39:20,814 INFO  grpc.GrpcConfigKeys$Server (ConfUtils.java:logGet(43)) - raft.grpc.server.port = 0 (default)
2019-08-03 03:39:20,814 INFO  server.GrpcService (ConfUtils.java:logGet(43)) - raft.grpc.message.size.max = 33570816 (custom)
2019-08-03 03:39:20,814 INFO  server.RaftServerConfigKeys (ConfUtils.java:logGet(43)) - raft.server.log.appender.buffer.byte-limit = 33554432 (custom)
2019-08-03 03:39:20,814 INFO  server.GrpcService (ConfUtils.java:logGet(43)) - raft.grpc.flow.control.window = 1MB (=1048576) (default)
2019-08-03 03:39:20,815 INFO  server.RaftServerConfigKeys (ConfUtils.java:logGet(43)) - raft.server.rpc.request.timeout = 3000ms (default)
2019-08-03 03:39:20,815 INFO  server.RaftServerConfigKeys (ConfUtils.java:logGet(43)) - raft.server.storage.dir = [/workdir/hadoop-ozone/integration-test/target/test-dir/MiniOzoneClusterImpl-ba793efa-c700-45ae-b3d7-7588d56d7037/datanode-2/data/ratis] (custom)
2019-08-03 03:39:20,815 INFO  replication.SimpleContainerDownloader (SimpleContainerDownloader.java:<init>(72)) - Starting container downloader service to copy containers to replicate.
2019-08-03 03:39:20,816 INFO  hdfs.DFSUtil (DFSUtil.java:httpServerTemplateForNNAndJN(1641)) - Starting Web-server for hddsDatanode at: http://0.0.0.0:0
2019-08-03 03:39:20,818 INFO  server.AuthenticationFilter (AuthenticationFilter.java:constructSecretProvider(240)) - Unable to initialize FileSignerSecretProvider, falling back to use random secrets.
2019-08-03 03:39:20,818 WARN  http.HttpRequestLog (HttpRequestLog.java:getRequestLog(97)) - Jetty request log can only be enabled using Log4j
2019-08-03 03:39:20,819 INFO  http.HttpServer2 (HttpServer2.java:addGlobalFilter(975)) - Added global filter 'safety' (class=org.apache.hadoop.http.HttpServer2$QuotingInputFilter)
2019-08-03 03:39:20,819 INFO  http.HttpServer2 (HttpServer2.java:addFilter(948)) - Added filter static_user_filter (class=org.apache.hadoop.http.lib.StaticUserWebFilter$StaticUserFilter) to context hddsDatanode
2019-08-03 03:39:20,820 INFO  http.HttpServer2 (HttpServer2.java:addFilter(958)) - Added filter static_user_filter (class=org.apache.hadoop.http.lib.StaticUserWebFilter$StaticUserFilter) to context logs
2019-08-03 03:39:20,820 INFO  http.HttpServer2 (HttpServer2.java:addFilter(958)) - Added filter static_user_filter (class=org.apache.hadoop.http.lib.StaticUserWebFilter$StaticUserFilter) to context static
2019-08-03 03:39:20,820 INFO  http.HttpServer2 (HttpServer2.java:bindListener(1191)) - Jetty bound to port 41821
2019-08-03 03:39:20,820 INFO  server.Server (Server.java:doStart(351)) - jetty-9.3.24.v20180605, build timestamp: 2018-06-05T17:11:56Z, git hash: 84205aa28f11a4f31f2a3b86d1bba2cc8ab69827
2019-08-03 03:39:20,822 INFO  handler.ContextHandler (ContextHandler.java:doStart(781)) - Started o.e.j.s.ServletContextHandler@3071d086{/logs,file:///workdir/hadoop-ozone/integration-test/target/log,AVAILABLE}
2019-08-03 03:39:20,822 INFO  handler.ContextHandler (ContextHandler.java:doStart(781)) - Started o.e.j.s.ServletContextHandler@52d9a150{/static,jar:file:/home/user/.m2/repository/org/apache/hadoop/hadoop-hdds-container-service/0.4.1-SNAPSHOT/hadoop-hdds-container-service-0.4.1-SNAPSHOT.jar!/webapps/static,AVAILABLE}
2019-08-03 03:39:20,848 INFO  handler.ContextHandler (ContextHandler.java:doStart(781)) - Started o.e.j.w.WebAppContext@54151d07{/,file:///tmp/jetty-0.0.0.0-41821-hddsDatanode-_-any-6062575126483578742.dir/webapp/,AVAILABLE}{/hddsDatanode}
2019-08-03 03:39:20,848 INFO  server.AbstractConnector (AbstractConnector.java:doStart(278)) - Started ServerConnector@2e729fea{HTTP/1.1,[http/1.1]}{0.0.0.0:41821}
2019-08-03 03:39:20,849 INFO  server.Server (Server.java:doStart(419)) - Started @527978ms
2019-08-03 03:39:20,850 INFO  server.BaseHttpServer (BaseHttpServer.java:updateConnectorAddress(207)) - HTTP server of HDDSDATANODE is listening at http://0.0.0.0:41821
2019-08-03 03:39:20,954 INFO  ozone.HddsDatanodeService (HddsDatanodeService.java:startPlugins(395)) - Started plug-in org.apache.hadoop.ozone.web.OzoneHddsDatanodeService@921dbcf
2019-08-03 03:39:20,955 INFO  impl.MetricsSystemImpl (MetricsSystemImpl.java:init(158)) - HddsDatanode metrics system started (again)
2019-08-03 03:39:20,958 INFO  util.JvmPauseMonitor (JvmPauseMonitor.java:run(188)) - Starting JVM pause monitor
2019-08-03 03:39:20,958 INFO  ozone.HddsDatanodeService (HddsDatanodeService.java:start(184)) - HddsDatanodeService host:byscane-nightly-b86qh-2100283676 ip:192.168.5.147
2019-08-03 03:39:20,959 INFO  datanode.InitDatanodeState (InitDatanodeState.java:persistContainerDatanodeDetails(140)) - DatanodeDetails is persisted to /workdir/hadoop-ozone/integration-test/target/test-dir/MiniOzoneClusterImpl-ba793efa-c700-45ae-b3d7-7588d56d7037/datanode-2/meta/datanode.id
2019-08-03 03:39:20,968 INFO  volume.HddsVolume (HddsVolume.java:<init>(176)) - Creating Volume: /workdir/hadoop-ozone/integration-test/target/test-dir/MiniOzoneClusterImpl-ba793efa-c700-45ae-b3d7-7588d56d7037/datanode-3/data/containers/hdds of  storage type : DISK and capacity : 52710309888
2019-08-03 03:39:20,969 INFO  volume.VolumeSet (VolumeSet.java:initializeVolumeSet(170)) - Added Volume : /workdir/hadoop-ozone/integration-test/target/test-dir/MiniOzoneClusterImpl-ba793efa-c700-45ae-b3d7-7588d56d7037/datanode-3/data/containers/hdds to VolumeSet
2019-08-03 03:39:20,969 INFO  volume.ThrottledAsyncChecker (ThrottledAsyncChecker.java:schedule(140)) - Scheduling a check for org.apache.hadoop.ozone.container.common.volume.HddsVolume@3fb5809a
2019-08-03 03:39:20,970 INFO  volume.HddsVolumeChecker (HddsVolumeChecker.java:checkAllVolumes(203)) - Scheduled health check for volume org.apache.hadoop.ozone.container.common.volume.HddsVolume@3fb5809a
2019-08-03 03:39:20,990 INFO  impl.RaftServerProxy (ConfUtils.java:logGet(43)) - raft.rpc.type = GRPC (default)
2019-08-03 03:39:20,990 INFO  grpc.GrpcFactory (GrpcFactory.java:checkPooledByteBufAllocatorUseCacheForAllThreads(45)) - PERFORMANCE WARNING: useCacheForAllThreads is true that may cause Netty to create a lot garbage objects and, as a result, trigger GC.
	It is recommended to disable useCacheForAllThreads by setting -Dorg.apache.ratis.thirdparty.io.netty.allocator.useCacheForAllThreads=false in command line.
2019-08-03 03:39:20,990 INFO  grpc.GrpcConfigKeys$Server (ConfUtils.java:logGet(43)) - raft.grpc.server.port = 0 (default)
2019-08-03 03:39:20,991 INFO  server.GrpcService (ConfUtils.java:logGet(43)) - raft.grpc.message.size.max = 33570816 (custom)
2019-08-03 03:39:20,991 INFO  server.RaftServerConfigKeys (ConfUtils.java:logGet(43)) - raft.server.log.appender.buffer.byte-limit = 33554432 (custom)
2019-08-03 03:39:20,991 INFO  server.GrpcService (ConfUtils.java:logGet(43)) - raft.grpc.flow.control.window = 1MB (=1048576) (default)
2019-08-03 03:39:20,991 INFO  server.RaftServerConfigKeys (ConfUtils.java:logGet(43)) - raft.server.rpc.request.timeout = 3000ms (default)
2019-08-03 03:39:20,992 INFO  server.RaftServerConfigKeys (ConfUtils.java:logGet(43)) - raft.server.storage.dir = [/workdir/hadoop-ozone/integration-test/target/test-dir/MiniOzoneClusterImpl-ba793efa-c700-45ae-b3d7-7588d56d7037/datanode-3/data/ratis] (custom)
2019-08-03 03:39:20,992 INFO  replication.SimpleContainerDownloader (SimpleContainerDownloader.java:<init>(72)) - Starting container downloader service to copy containers to replicate.
2019-08-03 03:39:20,994 INFO  hdfs.DFSUtil (DFSUtil.java:httpServerTemplateForNNAndJN(1641)) - Starting Web-server for hddsDatanode at: http://0.0.0.0:0
2019-08-03 03:39:20,996 INFO  server.AuthenticationFilter (AuthenticationFilter.java:constructSecretProvider(240)) - Unable to initialize FileSignerSecretProvider, falling back to use random secrets.
2019-08-03 03:39:20,996 WARN  http.HttpRequestLog (HttpRequestLog.java:getRequestLog(97)) - Jetty request log can only be enabled using Log4j
2019-08-03 03:39:20,999 INFO  http.HttpServer2 (HttpServer2.java:addGlobalFilter(975)) - Added global filter 'safety' (class=org.apache.hadoop.http.HttpServer2$QuotingInputFilter)
2019-08-03 03:39:21,000 INFO  http.HttpServer2 (HttpServer2.java:addFilter(948)) - Added filter static_user_filter (class=org.apache.hadoop.http.lib.StaticUserWebFilter$StaticUserFilter) to context hddsDatanode
2019-08-03 03:39:21,000 INFO  http.HttpServer2 (HttpServer2.java:addFilter(958)) - Added filter static_user_filter (class=org.apache.hadoop.http.lib.StaticUserWebFilter$StaticUserFilter) to context static
2019-08-03 03:39:21,000 INFO  http.HttpServer2 (HttpServer2.java:addFilter(958)) - Added filter static_user_filter (class=org.apache.hadoop.http.lib.StaticUserWebFilter$StaticUserFilter) to context logs
2019-08-03 03:39:21,001 INFO  http.HttpServer2 (HttpServer2.java:bindListener(1191)) - Jetty bound to port 35392
2019-08-03 03:39:21,002 INFO  server.Server (Server.java:doStart(351)) - jetty-9.3.24.v20180605, build timestamp: 2018-06-05T17:11:56Z, git hash: 84205aa28f11a4f31f2a3b86d1bba2cc8ab69827
2019-08-03 03:39:21,003 INFO  handler.ContextHandler (ContextHandler.java:doStart(781)) - Started o.e.j.s.ServletContextHandler@996126b{/logs,file:///workdir/hadoop-ozone/integration-test/target/log,AVAILABLE}
2019-08-03 03:39:21,004 INFO  handler.ContextHandler (ContextHandler.java:doStart(781)) - Started o.e.j.s.ServletContextHandler@6d4b09c7{/static,jar:file:/home/user/.m2/repository/org/apache/hadoop/hadoop-hdds-container-service/0.4.1-SNAPSHOT/hadoop-hdds-container-service-0.4.1-SNAPSHOT.jar!/webapps/static,AVAILABLE}
2019-08-03 03:39:21,048 INFO  handler.ContextHandler (ContextHandler.java:doStart(781)) - Started o.e.j.w.WebAppContext@7f514dfe{/,file:///tmp/jetty-0.0.0.0-35392-hddsDatanode-_-any-5870605622022160889.dir/webapp/,AVAILABLE}{/hddsDatanode}
2019-08-03 03:39:21,049 INFO  server.AbstractConnector (AbstractConnector.java:doStart(278)) - Started ServerConnector@2150dc64{HTTP/1.1,[http/1.1]}{0.0.0.0:35392}
2019-08-03 03:39:21,050 INFO  server.Server (Server.java:doStart(419)) - Started @528180ms
2019-08-03 03:39:21,051 INFO  server.BaseHttpServer (BaseHttpServer.java:updateConnectorAddress(207)) - HTTP server of HDDSDATANODE is listening at http://0.0.0.0:35392
2019-08-03 03:39:21,333 INFO  ozone.HddsDatanodeService (HddsDatanodeService.java:startPlugins(395)) - Started plug-in org.apache.hadoop.ozone.web.OzoneHddsDatanodeService@4c131823
2019-08-03 03:39:21,352 INFO  impl.MetricsSystemImpl (MetricsSystemImpl.java:init(158)) - HddsDatanode metrics system started (again)
2019-08-03 03:39:21,376 INFO  util.JvmPauseMonitor (JvmPauseMonitor.java:run(188)) - Starting JVM pause monitor
2019-08-03 03:39:21,378 INFO  ozone.HddsDatanodeService (HddsDatanodeService.java:start(184)) - HddsDatanodeService host:byscane-nightly-b86qh-2100283676 ip:192.168.5.147
2019-08-03 03:39:21,382 INFO  datanode.InitDatanodeState (InitDatanodeState.java:persistContainerDatanodeDetails(140)) - DatanodeDetails is persisted to /workdir/hadoop-ozone/integration-test/target/test-dir/MiniOzoneClusterImpl-ba793efa-c700-45ae-b3d7-7588d56d7037/datanode-3/meta/datanode.id
2019-08-03 03:39:21,394 INFO  volume.HddsVolume (HddsVolume.java:<init>(176)) - Creating Volume: /workdir/hadoop-ozone/integration-test/target/test-dir/MiniOzoneClusterImpl-ba793efa-c700-45ae-b3d7-7588d56d7037/datanode-4/data/containers/hdds of  storage type : DISK and capacity : 52710309888
2019-08-03 03:39:21,395 INFO  volume.VolumeSet (VolumeSet.java:initializeVolumeSet(170)) - Added Volume : /workdir/hadoop-ozone/integration-test/target/test-dir/MiniOzoneClusterImpl-ba793efa-c700-45ae-b3d7-7588d56d7037/datanode-4/data/containers/hdds to VolumeSet
2019-08-03 03:39:21,395 INFO  volume.ThrottledAsyncChecker (ThrottledAsyncChecker.java:schedule(140)) - Scheduling a check for org.apache.hadoop.ozone.container.common.volume.HddsVolume@673a702a
2019-08-03 03:39:21,395 INFO  volume.HddsVolumeChecker (HddsVolumeChecker.java:checkAllVolumes(203)) - Scheduled health check for volume org.apache.hadoop.ozone.container.common.volume.HddsVolume@673a702a
2019-08-03 03:39:21,409 INFO  impl.RaftServerProxy (ConfUtils.java:logGet(43)) - raft.rpc.type = GRPC (default)
2019-08-03 03:39:21,410 INFO  grpc.GrpcFactory (GrpcFactory.java:checkPooledByteBufAllocatorUseCacheForAllThreads(45)) - PERFORMANCE WARNING: useCacheForAllThreads is true that may cause Netty to create a lot garbage objects and, as a result, trigger GC.
	It is recommended to disable useCacheForAllThreads by setting -Dorg.apache.ratis.thirdparty.io.netty.allocator.useCacheForAllThreads=false in command line.
2019-08-03 03:39:21,410 INFO  grpc.GrpcConfigKeys$Server (ConfUtils.java:logGet(43)) - raft.grpc.server.port = 0 (default)
2019-08-03 03:39:21,410 INFO  server.GrpcService (ConfUtils.java:logGet(43)) - raft.grpc.message.size.max = 33570816 (custom)
2019-08-03 03:39:21,410 INFO  server.RaftServerConfigKeys (ConfUtils.java:logGet(43)) - raft.server.log.appender.buffer.byte-limit = 33554432 (custom)
2019-08-03 03:39:21,411 INFO  server.GrpcService (ConfUtils.java:logGet(43)) - raft.grpc.flow.control.window = 1MB (=1048576) (default)
2019-08-03 03:39:21,411 INFO  server.RaftServerConfigKeys (ConfUtils.java:logGet(43)) - raft.server.rpc.request.timeout = 3000ms (default)
2019-08-03 03:39:21,411 INFO  server.RaftServerConfigKeys (ConfUtils.java:logGet(43)) - raft.server.storage.dir = [/workdir/hadoop-ozone/integration-test/target/test-dir/MiniOzoneClusterImpl-ba793efa-c700-45ae-b3d7-7588d56d7037/datanode-4/data/ratis] (custom)
2019-08-03 03:39:21,412 INFO  replication.SimpleContainerDownloader (SimpleContainerDownloader.java:<init>(72)) - Starting container downloader service to copy containers to replicate.
2019-08-03 03:39:21,413 INFO  hdfs.DFSUtil (DFSUtil.java:httpServerTemplateForNNAndJN(1641)) - Starting Web-server for hddsDatanode at: http://0.0.0.0:0
2019-08-03 03:39:21,414 INFO  server.AuthenticationFilter (AuthenticationFilter.java:constructSecretProvider(240)) - Unable to initialize FileSignerSecretProvider, falling back to use random secrets.
2019-08-03 03:39:21,414 WARN  http.HttpRequestLog (HttpRequestLog.java:getRequestLog(97)) - Jetty request log can only be enabled using Log4j
2019-08-03 03:39:21,416 INFO  http.HttpServer2 (HttpServer2.java:addGlobalFilter(975)) - Added global filter 'safety' (class=org.apache.hadoop.http.HttpServer2$QuotingInputFilter)
2019-08-03 03:39:21,416 INFO  http.HttpServer2 (HttpServer2.java:addFilter(948)) - Added filter static_user_filter (class=org.apache.hadoop.http.lib.StaticUserWebFilter$StaticUserFilter) to context hddsDatanode
2019-08-03 03:39:21,416 INFO  http.HttpServer2 (HttpServer2.java:addFilter(958)) - Added filter static_user_filter (class=org.apache.hadoop.http.lib.StaticUserWebFilter$StaticUserFilter) to context logs
2019-08-03 03:39:21,416 INFO  http.HttpServer2 (HttpServer2.java:addFilter(958)) - Added filter static_user_filter (class=org.apache.hadoop.http.lib.StaticUserWebFilter$StaticUserFilter) to context static
2019-08-03 03:39:21,417 INFO  http.HttpServer2 (HttpServer2.java:bindListener(1191)) - Jetty bound to port 37825
2019-08-03 03:39:21,417 INFO  server.Server (Server.java:doStart(351)) - jetty-9.3.24.v20180605, build timestamp: 2018-06-05T17:11:56Z, git hash: 84205aa28f11a4f31f2a3b86d1bba2cc8ab69827
2019-08-03 03:39:21,418 INFO  handler.ContextHandler (ContextHandler.java:doStart(781)) - Started o.e.j.s.ServletContextHandler@33acec5e{/logs,file:///workdir/hadoop-ozone/integration-test/target/log,AVAILABLE}
2019-08-03 03:39:21,419 INFO  handler.ContextHandler (ContextHandler.java:doStart(781)) - Started o.e.j.s.ServletContextHandler@226f472{/static,jar:file:/home/user/.m2/repository/org/apache/hadoop/hadoop-hdds-container-service/0.4.1-SNAPSHOT/hadoop-hdds-container-service-0.4.1-SNAPSHOT.jar!/webapps/static,AVAILABLE}
2019-08-03 03:39:21,445 INFO  handler.ContextHandler (ContextHandler.java:doStart(781)) - Started o.e.j.w.WebAppContext@1aa7d66e{/,file:///tmp/jetty-0.0.0.0-37825-hddsDatanode-_-any-1435735383493501169.dir/webapp/,AVAILABLE}{/hddsDatanode}
2019-08-03 03:39:21,445 INFO  server.AbstractConnector (AbstractConnector.java:doStart(278)) - Started ServerConnector@5cc85ffc{HTTP/1.1,[http/1.1]}{0.0.0.0:37825}
2019-08-03 03:39:21,447 INFO  server.Server (Server.java:doStart(419)) - Started @528577ms
2019-08-03 03:39:21,447 INFO  server.BaseHttpServer (BaseHttpServer.java:updateConnectorAddress(207)) - HTTP server of HDDSDATANODE is listening at http://0.0.0.0:37825
2019-08-03 03:39:21,563 INFO  ozone.HddsDatanodeService (HddsDatanodeService.java:startPlugins(395)) - Started plug-in org.apache.hadoop.ozone.web.OzoneHddsDatanodeService@36ce48bc
2019-08-03 03:39:21,563 INFO  impl.MetricsSystemImpl (MetricsSystemImpl.java:init(158)) - HddsDatanode metrics system started (again)
2019-08-03 03:39:21,567 INFO  util.JvmPauseMonitor (JvmPauseMonitor.java:run(188)) - Starting JVM pause monitor
2019-08-03 03:39:21,567 INFO  ozone.HddsDatanodeService (HddsDatanodeService.java:start(184)) - HddsDatanodeService host:byscane-nightly-b86qh-2100283676 ip:192.168.5.147
2019-08-03 03:39:21,568 INFO  datanode.InitDatanodeState (InitDatanodeState.java:persistContainerDatanodeDetails(140)) - DatanodeDetails is persisted to /workdir/hadoop-ozone/integration-test/target/test-dir/MiniOzoneClusterImpl-ba793efa-c700-45ae-b3d7-7588d56d7037/datanode-4/meta/datanode.id
2019-08-03 03:39:21,578 INFO  volume.HddsVolume (HddsVolume.java:<init>(176)) - Creating Volume: /workdir/hadoop-ozone/integration-test/target/test-dir/MiniOzoneClusterImpl-ba793efa-c700-45ae-b3d7-7588d56d7037/datanode-5/data/containers/hdds of  storage type : DISK and capacity : 52710309888
2019-08-03 03:39:21,578 INFO  volume.VolumeSet (VolumeSet.java:initializeVolumeSet(170)) - Added Volume : /workdir/hadoop-ozone/integration-test/target/test-dir/MiniOzoneClusterImpl-ba793efa-c700-45ae-b3d7-7588d56d7037/datanode-5/data/containers/hdds to VolumeSet
2019-08-03 03:39:21,579 INFO  volume.ThrottledAsyncChecker (ThrottledAsyncChecker.java:schedule(140)) - Scheduling a check for org.apache.hadoop.ozone.container.common.volume.HddsVolume@7f794b0f
2019-08-03 03:39:21,579 INFO  volume.HddsVolumeChecker (HddsVolumeChecker.java:checkAllVolumes(203)) - Scheduled health check for volume org.apache.hadoop.ozone.container.common.volume.HddsVolume@7f794b0f
2019-08-03 03:39:21,598 INFO  impl.RaftServerProxy (ConfUtils.java:logGet(43)) - raft.rpc.type = GRPC (default)
2019-08-03 03:39:21,598 INFO  grpc.GrpcFactory (GrpcFactory.java:checkPooledByteBufAllocatorUseCacheForAllThreads(45)) - PERFORMANCE WARNING: useCacheForAllThreads is true that may cause Netty to create a lot garbage objects and, as a result, trigger GC.
	It is recommended to disable useCacheForAllThreads by setting -Dorg.apache.ratis.thirdparty.io.netty.allocator.useCacheForAllThreads=false in command line.
2019-08-03 03:39:21,599 INFO  grpc.GrpcConfigKeys$Server (ConfUtils.java:logGet(43)) - raft.grpc.server.port = 0 (default)
2019-08-03 03:39:21,599 INFO  server.GrpcService (ConfUtils.java:logGet(43)) - raft.grpc.message.size.max = 33570816 (custom)
2019-08-03 03:39:21,599 INFO  server.RaftServerConfigKeys (ConfUtils.java:logGet(43)) - raft.server.log.appender.buffer.byte-limit = 33554432 (custom)
2019-08-03 03:39:21,599 INFO  server.GrpcService (ConfUtils.java:logGet(43)) - raft.grpc.flow.control.window = 1MB (=1048576) (default)
2019-08-03 03:39:21,600 INFO  server.RaftServerConfigKeys (ConfUtils.java:logGet(43)) - raft.server.rpc.request.timeout = 3000ms (default)
2019-08-03 03:39:21,600 INFO  server.RaftServerConfigKeys (ConfUtils.java:logGet(43)) - raft.server.storage.dir = [/workdir/hadoop-ozone/integration-test/target/test-dir/MiniOzoneClusterImpl-ba793efa-c700-45ae-b3d7-7588d56d7037/datanode-5/data/ratis] (custom)
2019-08-03 03:39:21,601 INFO  replication.SimpleContainerDownloader (SimpleContainerDownloader.java:<init>(72)) - Starting container downloader service to copy containers to replicate.
2019-08-03 03:39:21,602 INFO  hdfs.DFSUtil (DFSUtil.java:httpServerTemplateForNNAndJN(1641)) - Starting Web-server for hddsDatanode at: http://0.0.0.0:0
2019-08-03 03:39:21,603 INFO  server.AuthenticationFilter (AuthenticationFilter.java:constructSecretProvider(240)) - Unable to initialize FileSignerSecretProvider, falling back to use random secrets.
2019-08-03 03:39:21,604 WARN  http.HttpRequestLog (HttpRequestLog.java:getRequestLog(97)) - Jetty request log can only be enabled using Log4j
2019-08-03 03:39:21,605 INFO  http.HttpServer2 (HttpServer2.java:addGlobalFilter(975)) - Added global filter 'safety' (class=org.apache.hadoop.http.HttpServer2$QuotingInputFilter)
2019-08-03 03:39:21,606 INFO  http.HttpServer2 (HttpServer2.java:addFilter(948)) - Added filter static_user_filter (class=org.apache.hadoop.http.lib.StaticUserWebFilter$StaticUserFilter) to context hddsDatanode
2019-08-03 03:39:21,606 INFO  http.HttpServer2 (HttpServer2.java:addFilter(958)) - Added filter static_user_filter (class=org.apache.hadoop.http.lib.StaticUserWebFilter$StaticUserFilter) to context static
2019-08-03 03:39:21,606 INFO  http.HttpServer2 (HttpServer2.java:addFilter(958)) - Added filter static_user_filter (class=org.apache.hadoop.http.lib.StaticUserWebFilter$StaticUserFilter) to context logs
2019-08-03 03:39:21,607 INFO  http.HttpServer2 (HttpServer2.java:bindListener(1191)) - Jetty bound to port 38433
2019-08-03 03:39:21,607 INFO  server.Server (Server.java:doStart(351)) - jetty-9.3.24.v20180605, build timestamp: 2018-06-05T17:11:56Z, git hash: 84205aa28f11a4f31f2a3b86d1bba2cc8ab69827
2019-08-03 03:39:21,609 INFO  handler.ContextHandler (ContextHandler.java:doStart(781)) - Started o.e.j.s.ServletContextHandler@261d7ee2{/logs,file:///workdir/hadoop-ozone/integration-test/target/log,AVAILABLE}
2019-08-03 03:39:21,610 INFO  handler.ContextHandler (ContextHandler.java:doStart(781)) - Started o.e.j.s.ServletContextHandler@5ce34685{/static,jar:file:/home/user/.m2/repository/org/apache/hadoop/hadoop-hdds-container-service/0.4.1-SNAPSHOT/hadoop-hdds-container-service-0.4.1-SNAPSHOT.jar!/webapps/static,AVAILABLE}
2019-08-03 03:39:21,646 INFO  handler.ContextHandler (ContextHandler.java:doStart(781)) - Started o.e.j.w.WebAppContext@375f276e{/,file:///tmp/jetty-0.0.0.0-38433-hddsDatanode-_-any-1898329127368397573.dir/webapp/,AVAILABLE}{/hddsDatanode}
2019-08-03 03:39:21,646 INFO  server.AbstractConnector (AbstractConnector.java:doStart(278)) - Started ServerConnector@297bbd41{HTTP/1.1,[http/1.1]}{0.0.0.0:38433}
2019-08-03 03:39:21,646 INFO  server.Server (Server.java:doStart(419)) - Started @528776ms
2019-08-03 03:39:21,648 INFO  server.BaseHttpServer (BaseHttpServer.java:updateConnectorAddress(207)) - HTTP server of HDDSDATANODE is listening at http://0.0.0.0:38433
2019-08-03 03:39:21,754 INFO  ozone.HddsDatanodeService (HddsDatanodeService.java:startPlugins(395)) - Started plug-in org.apache.hadoop.ozone.web.OzoneHddsDatanodeService@6efd83ac
2019-08-03 03:39:21,754 INFO  impl.MetricsSystemImpl (MetricsSystemImpl.java:init(158)) - HddsDatanode metrics system started (again)
2019-08-03 03:39:21,758 INFO  util.JvmPauseMonitor (JvmPauseMonitor.java:run(188)) - Starting JVM pause monitor
2019-08-03 03:39:21,758 INFO  ozone.HddsDatanodeService (HddsDatanodeService.java:start(184)) - HddsDatanodeService host:byscane-nightly-b86qh-2100283676 ip:192.168.5.147
2019-08-03 03:39:21,759 INFO  datanode.InitDatanodeState (InitDatanodeState.java:persistContainerDatanodeDetails(140)) - DatanodeDetails is persisted to /workdir/hadoop-ozone/integration-test/target/test-dir/MiniOzoneClusterImpl-ba793efa-c700-45ae-b3d7-7588d56d7037/datanode-5/meta/datanode.id
2019-08-03 03:39:21,767 INFO  volume.HddsVolume (HddsVolume.java:<init>(176)) - Creating Volume: /workdir/hadoop-ozone/integration-test/target/test-dir/MiniOzoneClusterImpl-ba793efa-c700-45ae-b3d7-7588d56d7037/datanode-6/data/containers/hdds of  storage type : DISK and capacity : 52710309888
2019-08-03 03:39:21,768 INFO  volume.VolumeSet (VolumeSet.java:initializeVolumeSet(170)) - Added Volume : /workdir/hadoop-ozone/integration-test/target/test-dir/MiniOzoneClusterImpl-ba793efa-c700-45ae-b3d7-7588d56d7037/datanode-6/data/containers/hdds to VolumeSet
2019-08-03 03:39:21,768 INFO  volume.ThrottledAsyncChecker (ThrottledAsyncChecker.java:schedule(140)) - Scheduling a check for org.apache.hadoop.ozone.container.common.volume.HddsVolume@1c11a496
2019-08-03 03:39:21,768 INFO  volume.HddsVolumeChecker (HddsVolumeChecker.java:checkAllVolumes(203)) - Scheduled health check for volume org.apache.hadoop.ozone.container.common.volume.HddsVolume@1c11a496
2019-08-03 03:39:21,791 INFO  impl.RaftServerProxy (ConfUtils.java:logGet(43)) - raft.rpc.type = GRPC (default)
2019-08-03 03:39:21,791 INFO  grpc.GrpcFactory (GrpcFactory.java:checkPooledByteBufAllocatorUseCacheForAllThreads(45)) - PERFORMANCE WARNING: useCacheForAllThreads is true that may cause Netty to create a lot garbage objects and, as a result, trigger GC.
	It is recommended to disable useCacheForAllThreads by setting -Dorg.apache.ratis.thirdparty.io.netty.allocator.useCacheForAllThreads=false in command line.
2019-08-03 03:39:21,792 INFO  grpc.GrpcConfigKeys$Server (ConfUtils.java:logGet(43)) - raft.grpc.server.port = 0 (default)
2019-08-03 03:39:21,792 INFO  server.GrpcService (ConfUtils.java:logGet(43)) - raft.grpc.message.size.max = 33570816 (custom)
2019-08-03 03:39:21,792 INFO  server.RaftServerConfigKeys (ConfUtils.java:logGet(43)) - raft.server.log.appender.buffer.byte-limit = 33554432 (custom)
2019-08-03 03:39:21,792 INFO  server.GrpcService (ConfUtils.java:logGet(43)) - raft.grpc.flow.control.window = 1MB (=1048576) (default)
2019-08-03 03:39:21,793 INFO  server.RaftServerConfigKeys (ConfUtils.java:logGet(43)) - raft.server.rpc.request.timeout = 3000ms (default)
2019-08-03 03:39:21,793 INFO  server.RaftServerConfigKeys (ConfUtils.java:logGet(43)) - raft.server.storage.dir = [/workdir/hadoop-ozone/integration-test/target/test-dir/MiniOzoneClusterImpl-ba793efa-c700-45ae-b3d7-7588d56d7037/datanode-6/data/ratis] (custom)
2019-08-03 03:39:21,794 INFO  replication.SimpleContainerDownloader (SimpleContainerDownloader.java:<init>(72)) - Starting container downloader service to copy containers to replicate.
2019-08-03 03:39:21,795 INFO  hdfs.DFSUtil (DFSUtil.java:httpServerTemplateForNNAndJN(1641)) - Starting Web-server for hddsDatanode at: http://0.0.0.0:0
2019-08-03 03:39:21,797 INFO  server.AuthenticationFilter (AuthenticationFilter.java:constructSecretProvider(240)) - Unable to initialize FileSignerSecretProvider, falling back to use random secrets.
2019-08-03 03:39:21,797 WARN  http.HttpRequestLog (HttpRequestLog.java:getRequestLog(97)) - Jetty request log can only be enabled using Log4j
2019-08-03 03:39:21,799 INFO  http.HttpServer2 (HttpServer2.java:addGlobalFilter(975)) - Added global filter 'safety' (class=org.apache.hadoop.http.HttpServer2$QuotingInputFilter)
2019-08-03 03:39:21,800 INFO  http.HttpServer2 (HttpServer2.java:addFilter(948)) - Added filter static_user_filter (class=org.apache.hadoop.http.lib.StaticUserWebFilter$StaticUserFilter) to context hddsDatanode
2019-08-03 03:39:21,800 INFO  http.HttpServer2 (HttpServer2.java:addFilter(958)) - Added filter static_user_filter (class=org.apache.hadoop.http.lib.StaticUserWebFilter$StaticUserFilter) to context logs
2019-08-03 03:39:21,800 INFO  http.HttpServer2 (HttpServer2.java:addFilter(958)) - Added filter static_user_filter (class=org.apache.hadoop.http.lib.StaticUserWebFilter$StaticUserFilter) to context static
2019-08-03 03:39:21,801 INFO  http.HttpServer2 (HttpServer2.java:bindListener(1191)) - Jetty bound to port 40278
2019-08-03 03:39:21,801 INFO  server.Server (Server.java:doStart(351)) - jetty-9.3.24.v20180605, build timestamp: 2018-06-05T17:11:56Z, git hash: 84205aa28f11a4f31f2a3b86d1bba2cc8ab69827
2019-08-03 03:39:21,803 INFO  handler.ContextHandler (ContextHandler.java:doStart(781)) - Started o.e.j.s.ServletContextHandler@6affa355{/logs,file:///workdir/hadoop-ozone/integration-test/target/log,AVAILABLE}
2019-08-03 03:39:21,803 INFO  handler.ContextHandler (ContextHandler.java:doStart(781)) - Started o.e.j.s.ServletContextHandler@58de1da2{/static,jar:file:/home/user/.m2/repository/org/apache/hadoop/hadoop-hdds-container-service/0.4.1-SNAPSHOT/hadoop-hdds-container-service-0.4.1-SNAPSHOT.jar!/webapps/static,AVAILABLE}
2019-08-03 03:39:21,842 INFO  handler.ContextHandler (ContextHandler.java:doStart(781)) - Started o.e.j.w.WebAppContext@3edc999f{/,file:///tmp/jetty-0.0.0.0-40278-hddsDatanode-_-any-9132807762288024516.dir/webapp/,AVAILABLE}{/hddsDatanode}
2019-08-03 03:39:21,842 INFO  server.AbstractConnector (AbstractConnector.java:doStart(278)) - Started ServerConnector@cb03360{HTTP/1.1,[http/1.1]}{0.0.0.0:40278}
2019-08-03 03:39:21,846 INFO  server.Server (Server.java:doStart(419)) - Started @528976ms
2019-08-03 03:39:21,847 INFO  server.BaseHttpServer (BaseHttpServer.java:updateConnectorAddress(207)) - HTTP server of HDDSDATANODE is listening at http://0.0.0.0:40278
2019-08-03 03:39:21,957 INFO  ozone.HddsDatanodeService (HddsDatanodeService.java:startPlugins(395)) - Started plug-in org.apache.hadoop.ozone.web.OzoneHddsDatanodeService@6fa98e98
2019-08-03 03:39:21,958 INFO  ozone.MiniOzoneClusterImpl (MiniOzoneClusterImpl.java:lambda$waitForClusterToBeReady$0(142)) - Waiting for cluster to be ready. Got 0 of 7 DN Heartbeats.
2019-08-03 03:39:21,959 INFO  util.JvmPauseMonitor (JvmPauseMonitor.java:run(188)) - Starting JVM pause monitor
2019-08-03 03:39:21,960 INFO  datanode.InitDatanodeState (InitDatanodeState.java:persistContainerDatanodeDetails(140)) - DatanodeDetails is persisted to /workdir/hadoop-ozone/integration-test/target/test-dir/MiniOzoneClusterImpl-ba793efa-c700-45ae-b3d7-7588d56d7037/datanode-6/meta/datanode.id
2019-08-03 03:39:22,620 INFO  ozoneimpl.OzoneContainer (OzoneContainer.java:start(186)) - Attempting to start container services.
2019-08-03 03:39:22,620 INFO  ozoneimpl.OzoneContainer (OzoneContainer.java:startContainerScrub(160)) - Background container scrubber has been disabled by hdds.containerscrub.enabled
2019-08-03 03:39:22,620 INFO  ratis.XceiverServerRatis (XceiverServerRatis.java:start(404)) - Starting XceiverServerRatis b064c238-3f4a-43e0-8397-add0d57df4ba at port 0
2019-08-03 03:39:22,629 INFO  impl.RaftServerProxy (RaftServerProxy.java:lambda$start$3(299)) - b064c238-3f4a-43e0-8397-add0d57df4ba: start RPC server
2019-08-03 03:39:22,630 INFO  server.GrpcService (GrpcService.java:startImpl(149)) - b064c238-3f4a-43e0-8397-add0d57df4ba: GrpcService started, listening on 0.0.0.0/0.0.0.0:35929
2019-08-03 03:39:22,630 INFO  ratis.XceiverServerRatis (XceiverServerRatis.java:start(414)) - XceiverServerRatis b064c238-3f4a-43e0-8397-add0d57df4ba is started using port 35929
2019-08-03 03:39:22,632 INFO  server.XceiverServerGrpc (XceiverServerGrpc.java:start(161)) - XceiverServerGrpc b064c238-3f4a-43e0-8397-add0d57df4ba is started using port 38483
2019-08-03 03:39:22,807 INFO  ozoneimpl.OzoneContainer (OzoneContainer.java:start(186)) - Attempting to start container services.
2019-08-03 03:39:22,807 INFO  ozoneimpl.OzoneContainer (OzoneContainer.java:startContainerScrub(160)) - Background container scrubber has been disabled by hdds.containerscrub.enabled
2019-08-03 03:39:22,808 INFO  ratis.XceiverServerRatis (XceiverServerRatis.java:start(404)) - Starting XceiverServerRatis 8589eb56-2f0c-49d3-b0c5-4d9cb822b0bb at port 0
2019-08-03 03:39:22,815 INFO  impl.RaftServerProxy (RaftServerProxy.java:lambda$start$3(299)) - 8589eb56-2f0c-49d3-b0c5-4d9cb822b0bb: start RPC server
2019-08-03 03:39:22,816 INFO  server.GrpcService (GrpcService.java:startImpl(149)) - 8589eb56-2f0c-49d3-b0c5-4d9cb822b0bb: GrpcService started, listening on 0.0.0.0/0.0.0.0:45798
2019-08-03 03:39:22,816 INFO  ratis.XceiverServerRatis (XceiverServerRatis.java:start(414)) - XceiverServerRatis 8589eb56-2f0c-49d3-b0c5-4d9cb822b0bb is started using port 45798
2019-08-03 03:39:22,817 INFO  server.XceiverServerGrpc (XceiverServerGrpc.java:start(161)) - XceiverServerGrpc 8589eb56-2f0c-49d3-b0c5-4d9cb822b0bb is started using port 34188
2019-08-03 03:39:22,958 INFO  ozone.MiniOzoneClusterImpl (MiniOzoneClusterImpl.java:lambda$waitForClusterToBeReady$0(142)) - Waiting for cluster to be ready. Got 0 of 7 DN Heartbeats.
2019-08-03 03:39:22,963 INFO  ozoneimpl.OzoneContainer (OzoneContainer.java:start(186)) - Attempting to start container services.
2019-08-03 03:39:22,963 INFO  ozoneimpl.OzoneContainer (OzoneContainer.java:startContainerScrub(160)) - Background container scrubber has been disabled by hdds.containerscrub.enabled
2019-08-03 03:39:22,963 INFO  ratis.XceiverServerRatis (XceiverServerRatis.java:start(404)) - Starting XceiverServerRatis 298d3804-7836-43e5-b8ae-b10df3fb9e27 at port 0
2019-08-03 03:39:22,972 INFO  impl.RaftServerProxy (RaftServerProxy.java:lambda$start$3(299)) - 298d3804-7836-43e5-b8ae-b10df3fb9e27: start RPC server
2019-08-03 03:39:22,975 INFO  server.GrpcService (GrpcService.java:startImpl(149)) - 298d3804-7836-43e5-b8ae-b10df3fb9e27: GrpcService started, listening on 0.0.0.0/0.0.0.0:44300
2019-08-03 03:39:22,975 INFO  ratis.XceiverServerRatis (XceiverServerRatis.java:start(414)) - XceiverServerRatis 298d3804-7836-43e5-b8ae-b10df3fb9e27 is started using port 44300
2019-08-03 03:39:22,976 INFO  server.XceiverServerGrpc (XceiverServerGrpc.java:start(161)) - XceiverServerGrpc 298d3804-7836-43e5-b8ae-b10df3fb9e27 is started using port 37089
2019-08-03 03:39:23,388 INFO  ozoneimpl.OzoneContainer (OzoneContainer.java:start(186)) - Attempting to start container services.
2019-08-03 03:39:23,388 INFO  ozoneimpl.OzoneContainer (OzoneContainer.java:startContainerScrub(160)) - Background container scrubber has been disabled by hdds.containerscrub.enabled
2019-08-03 03:39:23,389 INFO  ratis.XceiverServerRatis (XceiverServerRatis.java:start(404)) - Starting XceiverServerRatis 144b7e8f-f123-4693-b674-64fe6260ef49 at port 0
2019-08-03 03:39:23,398 INFO  impl.RaftServerProxy (RaftServerProxy.java:lambda$start$3(299)) - 144b7e8f-f123-4693-b674-64fe6260ef49: start RPC server
2019-08-03 03:39:23,400 INFO  server.GrpcService (GrpcService.java:startImpl(149)) - 144b7e8f-f123-4693-b674-64fe6260ef49: GrpcService started, listening on 0.0.0.0/0.0.0.0:45087
2019-08-03 03:39:23,401 INFO  ratis.XceiverServerRatis (XceiverServerRatis.java:start(414)) - XceiverServerRatis 144b7e8f-f123-4693-b674-64fe6260ef49 is started using port 45087
2019-08-03 03:39:23,401 INFO  server.XceiverServerGrpc (XceiverServerGrpc.java:start(161)) - XceiverServerGrpc 144b7e8f-f123-4693-b674-64fe6260ef49 is started using port 36769
2019-08-03 03:39:23,581 INFO  ozoneimpl.OzoneContainer (OzoneContainer.java:start(186)) - Attempting to start container services.
2019-08-03 03:39:23,581 INFO  ozoneimpl.OzoneContainer (OzoneContainer.java:startContainerScrub(160)) - Background container scrubber has been disabled by hdds.containerscrub.enabled
2019-08-03 03:39:23,581 INFO  ratis.XceiverServerRatis (XceiverServerRatis.java:start(404)) - Starting XceiverServerRatis 2f1dc277-5799-4794-ae47-954d43e96421 at port 0
2019-08-03 03:39:23,590 INFO  impl.RaftServerProxy (RaftServerProxy.java:lambda$start$3(299)) - 2f1dc277-5799-4794-ae47-954d43e96421: start RPC server
2019-08-03 03:39:23,590 INFO  server.GrpcService (GrpcService.java:startImpl(149)) - 2f1dc277-5799-4794-ae47-954d43e96421: GrpcService started, listening on 0.0.0.0/0.0.0.0:46108
2019-08-03 03:39:23,590 INFO  ratis.XceiverServerRatis (XceiverServerRatis.java:start(414)) - XceiverServerRatis 2f1dc277-5799-4794-ae47-954d43e96421 is started using port 46108
2019-08-03 03:39:23,591 INFO  server.XceiverServerGrpc (XceiverServerGrpc.java:start(161)) - XceiverServerGrpc 2f1dc277-5799-4794-ae47-954d43e96421 is started using port 41836
2019-08-03 03:39:23,763 INFO  ozoneimpl.OzoneContainer (OzoneContainer.java:start(186)) - Attempting to start container services.
2019-08-03 03:39:23,763 INFO  ozoneimpl.OzoneContainer (OzoneContainer.java:startContainerScrub(160)) - Background container scrubber has been disabled by hdds.containerscrub.enabled
2019-08-03 03:39:23,763 INFO  ratis.XceiverServerRatis (XceiverServerRatis.java:start(404)) - Starting XceiverServerRatis 1c872a75-9c86-4745-88b3-464e5192de7a at port 0
2019-08-03 03:39:23,772 INFO  impl.RaftServerProxy (RaftServerProxy.java:lambda$start$3(299)) - 1c872a75-9c86-4745-88b3-464e5192de7a: start RPC server
2019-08-03 03:39:23,782 INFO  server.GrpcService (GrpcService.java:startImpl(149)) - 1c872a75-9c86-4745-88b3-464e5192de7a: GrpcService started, listening on 0.0.0.0/0.0.0.0:32969
2019-08-03 03:39:23,782 INFO  ratis.XceiverServerRatis (XceiverServerRatis.java:start(414)) - XceiverServerRatis 1c872a75-9c86-4745-88b3-464e5192de7a is started using port 32969
2019-08-03 03:39:23,783 INFO  server.XceiverServerGrpc (XceiverServerGrpc.java:start(161)) - XceiverServerGrpc 1c872a75-9c86-4745-88b3-464e5192de7a is started using port 34714
2019-08-03 03:39:23,958 INFO  ozone.MiniOzoneClusterImpl (MiniOzoneClusterImpl.java:lambda$waitForClusterToBeReady$0(142)) - Waiting for cluster to be ready. Got 0 of 7 DN Heartbeats.
2019-08-03 03:39:23,966 INFO  ozoneimpl.OzoneContainer (OzoneContainer.java:start(186)) - Attempting to start container services.
2019-08-03 03:39:23,966 INFO  ozoneimpl.OzoneContainer (OzoneContainer.java:startContainerScrub(160)) - Background container scrubber has been disabled by hdds.containerscrub.enabled
2019-08-03 03:39:23,966 INFO  ratis.XceiverServerRatis (XceiverServerRatis.java:start(404)) - Starting XceiverServerRatis 1f0488a2-65bc-428d-860c-6fd661d7f0ca at port 0
2019-08-03 03:39:23,974 INFO  impl.RaftServerProxy (RaftServerProxy.java:lambda$start$3(299)) - 1f0488a2-65bc-428d-860c-6fd661d7f0ca: start RPC server
2019-08-03 03:39:23,978 INFO  server.GrpcService (GrpcService.java:startImpl(149)) - 1f0488a2-65bc-428d-860c-6fd661d7f0ca: GrpcService started, listening on 0.0.0.0/0.0.0.0:46880
2019-08-03 03:39:23,978 INFO  ratis.XceiverServerRatis (XceiverServerRatis.java:start(414)) - XceiverServerRatis 1f0488a2-65bc-428d-860c-6fd661d7f0ca is started using port 46880
2019-08-03 03:39:23,981 INFO  server.XceiverServerGrpc (XceiverServerGrpc.java:start(161)) - XceiverServerGrpc 1f0488a2-65bc-428d-860c-6fd661d7f0ca is started using port 39942
2019-08-03 03:39:24,605 INFO  net.NetworkTopology (NetworkTopologyImpl.java:add(110)) - Added a new node: /default-rack/b064c238-3f4a-43e0-8397-add0d57df4ba
2019-08-03 03:39:24,608 INFO  node.SCMNodeManager (SCMNodeManager.java:register(273)) - Registered Data node : b064c238-3f4a-43e0-8397-add0d57df4ba{ip: 192.168.5.147, host: byscane-nightly-b86qh-2100283676, networkLocation: /default-rack, certSerialId: null}
2019-08-03 03:39:24,610 INFO  safemode.SCMSafeModeManager (DataNodeSafeModeRule.java:process(71)) - SCM in safe mode. 1 DataNodes registered, 1 required.
2019-08-03 03:39:24,612 INFO  safemode.SCMSafeModeManager (SCMSafeModeManager.java:validateSafeModeExitRules(177)) - ScmSafeModeManager, all rules are successfully validated
2019-08-03 03:39:24,613 INFO  safemode.SCMSafeModeManager (SCMSafeModeManager.java:exitSafeMode(193)) - SCM exiting safe mode.
2019-08-03 03:39:24,633 INFO  impl.RaftServerProxy (RaftServerProxy.java:addNew(89)) - b064c238-3f4a-43e0-8397-add0d57df4ba: addNew group-CB4309B715AF:[b064c238-3f4a-43e0-8397-add0d57df4ba:192.168.5.147:35929] returns group-CB4309B715AF:java.util.concurrent.CompletableFuture@46e7b18e[Not completed]
2019-08-03 03:39:24,634 INFO  impl.RaftServerImpl (RaftServerImpl.java:<init>(93)) - b064c238-3f4a-43e0-8397-add0d57df4ba: new RaftServerImpl for group-CB4309B715AF:[b064c238-3f4a-43e0-8397-add0d57df4ba:192.168.5.147:35929] with ContainerStateMachine:uninitialized
2019-08-03 03:39:24,634 INFO  server.RaftServerConfigKeys (ConfUtils.java:logGet(43)) - raft.server.rpc.timeout.min = 5s (custom)
2019-08-03 03:39:24,634 INFO  server.RaftServerConfigKeys (ConfUtils.java:logGet(43)) - raft.server.rpc.timeout.max = 5200ms (custom)
2019-08-03 03:39:24,634 INFO  server.RaftServerConfigKeys (ConfUtils.java:logGet(43)) - raft.server.rpcslowness.timeout = 120s (custom)
2019-08-03 03:39:24,634 INFO  server.RaftServerConfigKeys (ConfUtils.java:logGet(43)) - raft.server.sleep.deviation.threshold = 300 (default)
2019-08-03 03:39:24,635 INFO  server.RaftServerConfigKeys (ConfUtils.java:logGet(43)) - raft.server.log.appender.install.snapshot.enabled = false (custom)
2019-08-03 03:39:24,635 INFO  impl.RaftServerImpl (ServerState.java:<init>(105)) - b064c238-3f4a-43e0-8397-add0d57df4ba:group-CB4309B715AF ConfigurationManager, init=-1: [b064c238-3f4a-43e0-8397-add0d57df4ba:192.168.5.147:35929], old=null, confs=<EMPTY_MAP>
2019-08-03 03:39:24,635 INFO  server.RaftServerConfigKeys (ConfUtils.java:logGet(43)) - raft.server.storage.dir = [/workdir/hadoop-ozone/integration-test/target/test-dir/MiniOzoneClusterImpl-ba793efa-c700-45ae-b3d7-7588d56d7037/datanode-0/data/ratis] (custom)
2019-08-03 03:39:24,635 INFO  storage.RaftStorageDirectory (RaftStorageDirectory.java:analyzeStorage(246)) - The storage directory /workdir/hadoop-ozone/integration-test/target/test-dir/MiniOzoneClusterImpl-ba793efa-c700-45ae-b3d7-7588d56d7037/datanode-0/data/ratis/c1480b5c-f5ee-47af-99a4-cb4309b715af does not exist. Creating ...
2019-08-03 03:39:24,643 INFO  storage.RaftStorageDirectory (RaftStorageDirectory.java:tryLock(328)) - Lock on /workdir/hadoop-ozone/integration-test/target/test-dir/MiniOzoneClusterImpl-ba793efa-c700-45ae-b3d7-7588d56d7037/datanode-0/data/ratis/c1480b5c-f5ee-47af-99a4-cb4309b715af/in_use.lock acquired by nodename 478@byscane-nightly-b86qh-2100283676
2019-08-03 03:39:24,647 INFO  storage.RaftStorage (RaftStorage.java:format(72)) - Storage directory /workdir/hadoop-ozone/integration-test/target/test-dir/MiniOzoneClusterImpl-ba793efa-c700-45ae-b3d7-7588d56d7037/datanode-0/data/ratis/c1480b5c-f5ee-47af-99a4-cb4309b715af has been successfully formatted.
2019-08-03 03:39:24,647 INFO  ratis.ContainerStateMachine (ContainerStateMachine.java:loadSnapshot(213)) - group-CB4309B715AF: The snapshot info is null. Setting the last applied indexto:(t:0, i:~)
2019-08-03 03:39:24,648 INFO  server.RaftServerConfigKeys (ConfUtils.java:logGet(43)) - raft.server.leader.election.timeout = 120s (custom)
2019-08-03 03:39:24,648 INFO  server.RaftServerConfigKeys (ConfUtils.java:logGet(43)) - raft.server.log.use.memory = false (default)
2019-08-03 03:39:24,648 INFO  server.RaftServerConfigKeys (ConfUtils.java:logGet(43)) - raft.server.log.purge.gap = 1000000000 (custom)
2019-08-03 03:39:24,648 INFO  server.RaftServerConfigKeys (ConfUtils.java:logGet(43)) - raft.server.log.appender.buffer.byte-limit = 33554432 (custom)
2019-08-03 03:39:24,648 INFO  server.RaftServerConfigKeys (ConfUtils.java:logGet(43)) - raft.server.log.segment.size.max = 1048576 (custom)
2019-08-03 03:39:24,648 INFO  server.RaftServerConfigKeys (ConfUtils.java:logGet(43)) - raft.server.log.segment.cache.num.max = 2 (custom)
2019-08-03 03:39:24,649 INFO  segmented.SegmentedRaftLogWorker (SegmentedRaftLogWorker.java:<init>(172)) - new b064c238-3f4a-43e0-8397-add0d57df4ba-SegmentedRaftLogWorker:Storage Directory /workdir/hadoop-ozone/integration-test/target/test-dir/MiniOzoneClusterImpl-ba793efa-c700-45ae-b3d7-7588d56d7037/datanode-0/data/ratis/c1480b5c-f5ee-47af-99a4-cb4309b715af for RaftStorage:Storage Directory /workdir/hadoop-ozone/integration-test/target/test-dir/MiniOzoneClusterImpl-ba793efa-c700-45ae-b3d7-7588d56d7037/datanode-0/data/ratis/c1480b5c-f5ee-47af-99a4-cb4309b715af
2019-08-03 03:39:24,649 INFO  server.RaftServerConfigKeys (ConfUtils.java:logGet(43)) - raft.server.log.queue.byte-limit = 2147483647 (custom)
2019-08-03 03:39:24,649 INFO  server.RaftServerConfigKeys (ConfUtils.java:logGet(43)) - raft.server.log.queue.element-limit = 1024 (custom)
2019-08-03 03:39:24,649 INFO  server.RaftServerConfigKeys (ConfUtils.java:logGet(43)) - raft.server.log.segment.size.max = 1048576 (custom)
2019-08-03 03:39:24,649 INFO  server.RaftServerConfigKeys (ConfUtils.java:logGet(43)) - raft.server.log.preallocated.size = 16384 (custom)
2019-08-03 03:39:24,649 INFO  server.RaftServerConfigKeys (ConfUtils.java:logGet(43)) - raft.server.log.write.buffer.size = 33554432 (custom)
2019-08-03 03:39:24,650 INFO  server.RaftServerConfigKeys (ConfUtils.java:logGet(43)) - raft.server.log.force.sync.num = 128 (default)
2019-08-03 03:39:24,650 INFO  server.RaftServerConfigKeys (ConfUtils.java:logGet(43)) - raft.server.log.statemachine.data.sync = true (default)
2019-08-03 03:39:24,650 INFO  server.RaftServerConfigKeys (ConfUtils.java:logGet(43)) - raft.server.log.statemachine.data.sync.timeout = 10s (default)
2019-08-03 03:39:24,650 INFO  server.RaftServerConfigKeys (ConfUtils.java:logGet(43)) - raft.server.log.statemachine.data.sync.timeout.retry = -1 (default)
2019-08-03 03:39:24,650 INFO  server.RaftServerConfigKeys (ConfUtils.java:logGet(43)) - raft.server.log.statemachine.data.caching.enabled = true (custom)
2019-08-03 03:39:24,651 INFO  segmented.SegmentedRaftLogWorker (SegmentedRaftLogWorker.java:lambda$new$0(132)) - b064c238-3f4a-43e0-8397-add0d57df4ba-SegmentedRaftLogWorker:Storage Directory /workdir/hadoop-ozone/integration-test/target/test-dir/MiniOzoneClusterImpl-ba793efa-c700-45ae-b3d7-7588d56d7037/datanode-0/data/ratis/c1480b5c-f5ee-47af-99a4-cb4309b715af: flushIndex: setUnconditionally 0 -> -1
2019-08-03 03:39:24,651 INFO  server.RaftServerConfigKeys (ConfUtils.java:logGet(43)) - raft.server.snapshot.auto.trigger.enabled = true (custom)
2019-08-03 03:39:24,651 INFO  server.RaftServerConfigKeys (ConfUtils.java:logGet(43)) - raft.server.snapshot.auto.trigger.threshold = 10000 (custom)
2019-08-03 03:39:24,651 INFO  server.RaftServerConfigKeys (ConfUtils.java:logGet(43)) - raft.server.retrycache.expirytime = 600000ms (custom)
2019-08-03 03:39:24,652 INFO  impl.RaftServerImpl (RaftServerImpl.java:start(180)) - b064c238-3f4a-43e0-8397-add0d57df4ba: start group-CB4309B715AF
2019-08-03 03:39:24,652 INFO  impl.RaftServerImpl (RaftServerImpl.java:setRole(171)) - b064c238-3f4a-43e0-8397-add0d57df4ba:group-CB4309B715AF changes role from null to FOLLOWER at term 0 for startAsFollower
2019-08-03 03:39:24,652 INFO  impl.RoleInfo (RoleInfo.java:updateAndGet(143)) - b064c238-3f4a-43e0-8397-add0d57df4ba: start FollowerState
2019-08-03 03:39:24,653 INFO  util.JmxRegister (JmxRegister.java:tryRegister(44)) - Successfully registered JMX Bean with object name Ratis:service=RaftServer,group=group-CB4309B715AF,id=b064c238-3f4a-43e0-8397-add0d57df4ba
2019-08-03 03:39:24,656 INFO  pipeline.PipelineStateManager (PipelineStateManager.java:addPipeline(56)) - Created pipeline Pipeline[ Id: c1480b5c-f5ee-47af-99a4-cb4309b715af, Nodes: b064c238-3f4a-43e0-8397-add0d57df4ba{ip: 192.168.5.147, host: byscane-nightly-b86qh-2100283676, networkLocation: /default-rack, certSerialId: null}, Type:RATIS, Factor:ONE, State:OPEN]
2019-08-03 03:39:24,790 INFO  net.NetworkTopology (NetworkTopologyImpl.java:add(110)) - Added a new node: /default-rack/8589eb56-2f0c-49d3-b0c5-4d9cb822b0bb
2019-08-03 03:39:24,790 INFO  node.SCMNodeManager (SCMNodeManager.java:register(273)) - Registered Data node : 8589eb56-2f0c-49d3-b0c5-4d9cb822b0bb{ip: 192.168.5.147, host: byscane-nightly-b86qh-2100283676, networkLocation: /default-rack, certSerialId: null}
2019-08-03 03:39:24,801 INFO  impl.RaftServerProxy (RaftServerProxy.java:addNew(89)) - 8589eb56-2f0c-49d3-b0c5-4d9cb822b0bb: addNew group-A06F4D2E8CCA:[8589eb56-2f0c-49d3-b0c5-4d9cb822b0bb:192.168.5.147:45798] returns group-A06F4D2E8CCA:java.util.concurrent.CompletableFuture@4e140221[Not completed]
2019-08-03 03:39:24,802 INFO  impl.RaftServerImpl (RaftServerImpl.java:<init>(93)) - 8589eb56-2f0c-49d3-b0c5-4d9cb822b0bb: new RaftServerImpl for group-A06F4D2E8CCA:[8589eb56-2f0c-49d3-b0c5-4d9cb822b0bb:192.168.5.147:45798] with ContainerStateMachine:uninitialized
2019-08-03 03:39:24,802 INFO  server.RaftServerConfigKeys (ConfUtils.java:logGet(43)) - raft.server.rpc.timeout.min = 5s (custom)
2019-08-03 03:39:24,802 INFO  server.RaftServerConfigKeys (ConfUtils.java:logGet(43)) - raft.server.rpc.timeout.max = 5200ms (custom)
2019-08-03 03:39:24,802 INFO  server.RaftServerConfigKeys (ConfUtils.java:logGet(43)) - raft.server.rpcslowness.timeout = 120s (custom)
2019-08-03 03:39:24,802 INFO  server.RaftServerConfigKeys (ConfUtils.java:logGet(43)) - raft.server.sleep.deviation.threshold = 300 (default)
2019-08-03 03:39:24,803 INFO  server.RaftServerConfigKeys (ConfUtils.java:logGet(43)) - raft.server.log.appender.install.snapshot.enabled = false (custom)
2019-08-03 03:39:24,803 INFO  impl.RaftServerImpl (ServerState.java:<init>(105)) - 8589eb56-2f0c-49d3-b0c5-4d9cb822b0bb:group-A06F4D2E8CCA ConfigurationManager, init=-1: [8589eb56-2f0c-49d3-b0c5-4d9cb822b0bb:192.168.5.147:45798], old=null, confs=<EMPTY_MAP>
2019-08-03 03:39:24,803 INFO  server.RaftServerConfigKeys (ConfUtils.java:logGet(43)) - raft.server.storage.dir = [/workdir/hadoop-ozone/integration-test/target/test-dir/MiniOzoneClusterImpl-ba793efa-c700-45ae-b3d7-7588d56d7037/datanode-1/data/ratis] (custom)
2019-08-03 03:39:24,803 INFO  storage.RaftStorageDirectory (RaftStorageDirectory.java:analyzeStorage(246)) - The storage directory /workdir/hadoop-ozone/integration-test/target/test-dir/MiniOzoneClusterImpl-ba793efa-c700-45ae-b3d7-7588d56d7037/datanode-1/data/ratis/316d42dc-4a97-488f-b639-a06f4d2e8cca does not exist. Creating ...
2019-08-03 03:39:24,815 INFO  storage.RaftStorageDirectory (RaftStorageDirectory.java:tryLock(328)) - Lock on /workdir/hadoop-ozone/integration-test/target/test-dir/MiniOzoneClusterImpl-ba793efa-c700-45ae-b3d7-7588d56d7037/datanode-1/data/ratis/316d42dc-4a97-488f-b639-a06f4d2e8cca/in_use.lock acquired by nodename 478@byscane-nightly-b86qh-2100283676
2019-08-03 03:39:24,819 INFO  storage.RaftStorage (RaftStorage.java:format(72)) - Storage directory /workdir/hadoop-ozone/integration-test/target/test-dir/MiniOzoneClusterImpl-ba793efa-c700-45ae-b3d7-7588d56d7037/datanode-1/data/ratis/316d42dc-4a97-488f-b639-a06f4d2e8cca has been successfully formatted.
2019-08-03 03:39:24,819 INFO  ratis.ContainerStateMachine (ContainerStateMachine.java:loadSnapshot(213)) - group-A06F4D2E8CCA: The snapshot info is null. Setting the last applied indexto:(t:0, i:~)
2019-08-03 03:39:24,819 INFO  server.RaftServerConfigKeys (ConfUtils.java:logGet(43)) - raft.server.leader.election.timeout = 120s (custom)
2019-08-03 03:39:24,820 INFO  server.RaftServerConfigKeys (ConfUtils.java:logGet(43)) - raft.server.log.use.memory = false (default)
2019-08-03 03:39:24,820 INFO  server.RaftServerConfigKeys (ConfUtils.java:logGet(43)) - raft.server.log.purge.gap = 1000000000 (custom)
2019-08-03 03:39:24,820 INFO  server.RaftServerConfigKeys (ConfUtils.java:logGet(43)) - raft.server.log.appender.buffer.byte-limit = 33554432 (custom)
2019-08-03 03:39:24,820 INFO  server.RaftServerConfigKeys (ConfUtils.java:logGet(43)) - raft.server.log.segment.size.max = 1048576 (custom)
2019-08-03 03:39:24,820 INFO  server.RaftServerConfigKeys (ConfUtils.java:logGet(43)) - raft.server.log.segment.cache.num.max = 2 (custom)
2019-08-03 03:39:24,820 INFO  segmented.SegmentedRaftLogWorker (SegmentedRaftLogWorker.java:<init>(172)) - new 8589eb56-2f0c-49d3-b0c5-4d9cb822b0bb-SegmentedRaftLogWorker:Storage Directory /workdir/hadoop-ozone/integration-test/target/test-dir/MiniOzoneClusterImpl-ba793efa-c700-45ae-b3d7-7588d56d7037/datanode-1/data/ratis/316d42dc-4a97-488f-b639-a06f4d2e8cca for RaftStorage:Storage Directory /workdir/hadoop-ozone/integration-test/target/test-dir/MiniOzoneClusterImpl-ba793efa-c700-45ae-b3d7-7588d56d7037/datanode-1/data/ratis/316d42dc-4a97-488f-b639-a06f4d2e8cca
2019-08-03 03:39:24,821 INFO  server.RaftServerConfigKeys (ConfUtils.java:logGet(43)) - raft.server.log.queue.byte-limit = 2147483647 (custom)
2019-08-03 03:39:24,821 INFO  server.RaftServerConfigKeys (ConfUtils.java:logGet(43)) - raft.server.log.queue.element-limit = 1024 (custom)
2019-08-03 03:39:24,821 INFO  server.RaftServerConfigKeys (ConfUtils.java:logGet(43)) - raft.server.log.segment.size.max = 1048576 (custom)
2019-08-03 03:39:24,821 INFO  server.RaftServerConfigKeys (ConfUtils.java:logGet(43)) - raft.server.log.preallocated.size = 16384 (custom)
2019-08-03 03:39:24,821 INFO  server.RaftServerConfigKeys (ConfUtils.java:logGet(43)) - raft.server.log.write.buffer.size = 33554432 (custom)
2019-08-03 03:39:24,821 INFO  server.RaftServerConfigKeys (ConfUtils.java:logGet(43)) - raft.server.log.force.sync.num = 128 (default)
2019-08-03 03:39:24,822 INFO  server.RaftServerConfigKeys (ConfUtils.java:logGet(43)) - raft.server.log.statemachine.data.sync = true (default)
2019-08-03 03:39:24,822 INFO  server.RaftServerConfigKeys (ConfUtils.java:logGet(43)) - raft.server.log.statemachine.data.sync.timeout = 10s (default)
2019-08-03 03:39:24,822 INFO  server.RaftServerConfigKeys (ConfUtils.java:logGet(43)) - raft.server.log.statemachine.data.sync.timeout.retry = -1 (default)
2019-08-03 03:39:24,822 INFO  server.RaftServerConfigKeys (ConfUtils.java:logGet(43)) - raft.server.log.statemachine.data.caching.enabled = true (custom)
2019-08-03 03:39:24,823 INFO  segmented.SegmentedRaftLogWorker (SegmentedRaftLogWorker.java:lambda$new$0(132)) - 8589eb56-2f0c-49d3-b0c5-4d9cb822b0bb-SegmentedRaftLogWorker:Storage Directory /workdir/hadoop-ozone/integration-test/target/test-dir/MiniOzoneClusterImpl-ba793efa-c700-45ae-b3d7-7588d56d7037/datanode-1/data/ratis/316d42dc-4a97-488f-b639-a06f4d2e8cca: flushIndex: setUnconditionally 0 -> -1
2019-08-03 03:39:24,823 INFO  server.RaftServerConfigKeys (ConfUtils.java:logGet(43)) - raft.server.snapshot.auto.trigger.enabled = true (custom)
2019-08-03 03:39:24,823 INFO  server.RaftServerConfigKeys (ConfUtils.java:logGet(43)) - raft.server.snapshot.auto.trigger.threshold = 10000 (custom)
2019-08-03 03:39:24,823 INFO  server.RaftServerConfigKeys (ConfUtils.java:logGet(43)) - raft.server.retrycache.expirytime = 600000ms (custom)
2019-08-03 03:39:24,824 INFO  impl.RaftServerImpl (RaftServerImpl.java:start(180)) - 8589eb56-2f0c-49d3-b0c5-4d9cb822b0bb: start group-A06F4D2E8CCA
2019-08-03 03:39:24,824 INFO  impl.RaftServerImpl (RaftServerImpl.java:setRole(171)) - 8589eb56-2f0c-49d3-b0c5-4d9cb822b0bb:group-A06F4D2E8CCA changes role from null to FOLLOWER at term 0 for startAsFollower
2019-08-03 03:39:24,824 INFO  impl.RoleInfo (RoleInfo.java:updateAndGet(143)) - 8589eb56-2f0c-49d3-b0c5-4d9cb822b0bb: start FollowerState
2019-08-03 03:39:24,824 INFO  util.JmxRegister (JmxRegister.java:tryRegister(44)) - Successfully registered JMX Bean with object name Ratis:service=RaftServer,group=group-A06F4D2E8CCA,id=8589eb56-2f0c-49d3-b0c5-4d9cb822b0bb
2019-08-03 03:39:24,827 INFO  pipeline.PipelineStateManager (PipelineStateManager.java:addPipeline(56)) - Created pipeline Pipeline[ Id: 316d42dc-4a97-488f-b639-a06f4d2e8cca, Nodes: 8589eb56-2f0c-49d3-b0c5-4d9cb822b0bb{ip: 192.168.5.147, host: byscane-nightly-b86qh-2100283676, networkLocation: /default-rack, certSerialId: null}, Type:RATIS, Factor:ONE, State:OPEN]
2019-08-03 03:39:24,958 INFO  net.NetworkTopology (NetworkTopologyImpl.java:add(110)) - Added a new node: /default-rack/298d3804-7836-43e5-b8ae-b10df3fb9e27
2019-08-03 03:39:24,958 INFO  node.SCMNodeManager (SCMNodeManager.java:register(273)) - Registered Data node : 298d3804-7836-43e5-b8ae-b10df3fb9e27{ip: 192.168.5.147, host: byscane-nightly-b86qh-2100283676, networkLocation: /default-rack, certSerialId: null}
2019-08-03 03:39:24,959 INFO  ozone.MiniOzoneClusterImpl (MiniOzoneClusterImpl.java:lambda$waitForClusterToBeReady$0(142)) - Waiting for cluster to be ready. Got 3 of 7 DN Heartbeats.
2019-08-03 03:39:24,965 INFO  impl.RaftServerProxy (RaftServerProxy.java:addNew(89)) - 298d3804-7836-43e5-b8ae-b10df3fb9e27: addNew group-2CE4E5016FE4:[298d3804-7836-43e5-b8ae-b10df3fb9e27:192.168.5.147:44300] returns group-2CE4E5016FE4:java.util.concurrent.CompletableFuture@265830a9[Not completed]
2019-08-03 03:39:24,966 INFO  impl.RaftServerImpl (RaftServerImpl.java:<init>(93)) - 298d3804-7836-43e5-b8ae-b10df3fb9e27: new RaftServerImpl for group-2CE4E5016FE4:[298d3804-7836-43e5-b8ae-b10df3fb9e27:192.168.5.147:44300] with ContainerStateMachine:uninitialized
2019-08-03 03:39:24,966 INFO  server.RaftServerConfigKeys (ConfUtils.java:logGet(43)) - raft.server.rpc.timeout.min = 5s (custom)
2019-08-03 03:39:24,967 INFO  server.RaftServerConfigKeys (ConfUtils.java:logGet(43)) - raft.server.rpc.timeout.max = 5200ms (custom)
2019-08-03 03:39:24,967 INFO  server.RaftServerConfigKeys (ConfUtils.java:logGet(43)) - raft.server.rpcslowness.timeout = 120s (custom)
2019-08-03 03:39:24,967 INFO  server.RaftServerConfigKeys (ConfUtils.java:logGet(43)) - raft.server.sleep.deviation.threshold = 300 (default)
2019-08-03 03:39:24,967 INFO  server.RaftServerConfigKeys (ConfUtils.java:logGet(43)) - raft.server.log.appender.install.snapshot.enabled = false (custom)
2019-08-03 03:39:24,967 INFO  impl.RaftServerImpl (ServerState.java:<init>(105)) - 298d3804-7836-43e5-b8ae-b10df3fb9e27:group-2CE4E5016FE4 ConfigurationManager, init=-1: [298d3804-7836-43e5-b8ae-b10df3fb9e27:192.168.5.147:44300], old=null, confs=<EMPTY_MAP>
2019-08-03 03:39:24,967 INFO  server.RaftServerConfigKeys (ConfUtils.java:logGet(43)) - raft.server.storage.dir = [/workdir/hadoop-ozone/integration-test/target/test-dir/MiniOzoneClusterImpl-ba793efa-c700-45ae-b3d7-7588d56d7037/datanode-2/data/ratis] (custom)
2019-08-03 03:39:24,968 INFO  storage.RaftStorageDirectory (RaftStorageDirectory.java:analyzeStorage(246)) - The storage directory /workdir/hadoop-ozone/integration-test/target/test-dir/MiniOzoneClusterImpl-ba793efa-c700-45ae-b3d7-7588d56d7037/datanode-2/data/ratis/d4610906-e175-4ac1-9ea4-2ce4e5016fe4 does not exist. Creating ...
2019-08-03 03:39:24,972 INFO  storage.RaftStorageDirectory (RaftStorageDirectory.java:tryLock(328)) - Lock on /workdir/hadoop-ozone/integration-test/target/test-dir/MiniOzoneClusterImpl-ba793efa-c700-45ae-b3d7-7588d56d7037/datanode-2/data/ratis/d4610906-e175-4ac1-9ea4-2ce4e5016fe4/in_use.lock acquired by nodename 478@byscane-nightly-b86qh-2100283676
2019-08-03 03:39:24,976 INFO  storage.RaftStorage (RaftStorage.java:format(72)) - Storage directory /workdir/hadoop-ozone/integration-test/target/test-dir/MiniOzoneClusterImpl-ba793efa-c700-45ae-b3d7-7588d56d7037/datanode-2/data/ratis/d4610906-e175-4ac1-9ea4-2ce4e5016fe4 has been successfully formatted.
2019-08-03 03:39:24,976 INFO  ratis.ContainerStateMachine (ContainerStateMachine.java:loadSnapshot(213)) - group-2CE4E5016FE4: The snapshot info is null. Setting the last applied indexto:(t:0, i:~)
2019-08-03 03:39:24,976 INFO  server.RaftServerConfigKeys (ConfUtils.java:logGet(43)) - raft.server.leader.election.timeout = 120s (custom)
2019-08-03 03:39:24,976 INFO  server.RaftServerConfigKeys (ConfUtils.java:logGet(43)) - raft.server.log.use.memory = false (default)
2019-08-03 03:39:24,976 INFO  server.RaftServerConfigKeys (ConfUtils.java:logGet(43)) - raft.server.log.purge.gap = 1000000000 (custom)
2019-08-03 03:39:24,976 INFO  server.RaftServerConfigKeys (ConfUtils.java:logGet(43)) - raft.server.log.appender.buffer.byte-limit = 33554432 (custom)
2019-08-03 03:39:24,977 INFO  server.RaftServerConfigKeys (ConfUtils.java:logGet(43)) - raft.server.log.segment.size.max = 1048576 (custom)
2019-08-03 03:39:24,977 INFO  server.RaftServerConfigKeys (ConfUtils.java:logGet(43)) - raft.server.log.segment.cache.num.max = 2 (custom)
2019-08-03 03:39:24,977 INFO  segmented.SegmentedRaftLogWorker (SegmentedRaftLogWorker.java:<init>(172)) - new 298d3804-7836-43e5-b8ae-b10df3fb9e27-SegmentedRaftLogWorker:Storage Directory /workdir/hadoop-ozone/integration-test/target/test-dir/MiniOzoneClusterImpl-ba793efa-c700-45ae-b3d7-7588d56d7037/datanode-2/data/ratis/d4610906-e175-4ac1-9ea4-2ce4e5016fe4 for RaftStorage:Storage Directory /workdir/hadoop-ozone/integration-test/target/test-dir/MiniOzoneClusterImpl-ba793efa-c700-45ae-b3d7-7588d56d7037/datanode-2/data/ratis/d4610906-e175-4ac1-9ea4-2ce4e5016fe4
2019-08-03 03:39:24,977 INFO  server.RaftServerConfigKeys (ConfUtils.java:logGet(43)) - raft.server.log.queue.byte-limit = 2147483647 (custom)
2019-08-03 03:39:24,977 INFO  server.RaftServerConfigKeys (ConfUtils.java:logGet(43)) - raft.server.log.queue.element-limit = 1024 (custom)
2019-08-03 03:39:24,978 INFO  server.RaftServerConfigKeys (ConfUtils.java:logGet(43)) - raft.server.log.segment.size.max = 1048576 (custom)
2019-08-03 03:39:24,978 INFO  server.RaftServerConfigKeys (ConfUtils.java:logGet(43)) - raft.server.log.preallocated.size = 16384 (custom)
2019-08-03 03:39:24,978 INFO  server.RaftServerConfigKeys (ConfUtils.java:logGet(43)) - raft.server.log.write.buffer.size = 33554432 (custom)
2019-08-03 03:39:24,978 INFO  server.RaftServerConfigKeys (ConfUtils.java:logGet(43)) - raft.server.log.force.sync.num = 128 (default)
2019-08-03 03:39:24,978 INFO  server.RaftServerConfigKeys (ConfUtils.java:logGet(43)) - raft.server.log.statemachine.data.sync = true (default)
2019-08-03 03:39:24,978 INFO  server.RaftServerConfigKeys (ConfUtils.java:logGet(43)) - raft.server.log.statemachine.data.sync.timeout = 10s (default)
2019-08-03 03:39:24,978 INFO  server.RaftServerConfigKeys (ConfUtils.java:logGet(43)) - raft.server.log.statemachine.data.sync.timeout.retry = -1 (default)
2019-08-03 03:39:24,979 INFO  server.RaftServerConfigKeys (ConfUtils.java:logGet(43)) - raft.server.log.statemachine.data.caching.enabled = true (custom)
2019-08-03 03:39:24,979 INFO  segmented.SegmentedRaftLogWorker (SegmentedRaftLogWorker.java:lambda$new$0(132)) - 298d3804-7836-43e5-b8ae-b10df3fb9e27-SegmentedRaftLogWorker:Storage Directory /workdir/hadoop-ozone/integration-test/target/test-dir/MiniOzoneClusterImpl-ba793efa-c700-45ae-b3d7-7588d56d7037/datanode-2/data/ratis/d4610906-e175-4ac1-9ea4-2ce4e5016fe4: flushIndex: setUnconditionally 0 -> -1
2019-08-03 03:39:24,979 INFO  server.RaftServerConfigKeys (ConfUtils.java:logGet(43)) - raft.server.snapshot.auto.trigger.enabled = true (custom)
2019-08-03 03:39:24,980 INFO  server.RaftServerConfigKeys (ConfUtils.java:logGet(43)) - raft.server.snapshot.auto.trigger.threshold = 10000 (custom)
2019-08-03 03:39:24,980 INFO  server.RaftServerConfigKeys (ConfUtils.java:logGet(43)) - raft.server.retrycache.expirytime = 600000ms (custom)
2019-08-03 03:39:24,980 INFO  impl.RaftServerImpl (RaftServerImpl.java:start(180)) - 298d3804-7836-43e5-b8ae-b10df3fb9e27: start group-2CE4E5016FE4
2019-08-03 03:39:24,980 INFO  impl.RaftServerImpl (RaftServerImpl.java:setRole(171)) - 298d3804-7836-43e5-b8ae-b10df3fb9e27:group-2CE4E5016FE4 changes role from null to FOLLOWER at term 0 for startAsFollower
2019-08-03 03:39:24,980 INFO  impl.RoleInfo (RoleInfo.java:updateAndGet(143)) - 298d3804-7836-43e5-b8ae-b10df3fb9e27: start FollowerState
2019-08-03 03:39:24,981 INFO  util.JmxRegister (JmxRegister.java:tryRegister(44)) - Successfully registered JMX Bean with object name Ratis:service=RaftServer,group=group-2CE4E5016FE4,id=298d3804-7836-43e5-b8ae-b10df3fb9e27
2019-08-03 03:39:24,983 INFO  pipeline.PipelineStateManager (PipelineStateManager.java:addPipeline(56)) - Created pipeline Pipeline[ Id: d4610906-e175-4ac1-9ea4-2ce4e5016fe4, Nodes: 298d3804-7836-43e5-b8ae-b10df3fb9e27{ip: 192.168.5.147, host: byscane-nightly-b86qh-2100283676, networkLocation: /default-rack, certSerialId: null}, Type:RATIS, Factor:ONE, State:OPEN]
2019-08-03 03:39:24,993 INFO  impl.RaftServerProxy (RaftServerProxy.java:addNew(89)) - 298d3804-7836-43e5-b8ae-b10df3fb9e27: addNew group-57D01EF98D07:[b064c238-3f4a-43e0-8397-add0d57df4ba:192.168.5.147:35929, 8589eb56-2f0c-49d3-b0c5-4d9cb822b0bb:192.168.5.147:45798, 298d3804-7836-43e5-b8ae-b10df3fb9e27:192.168.5.147:44300] returns group-57D01EF98D07:java.util.concurrent.CompletableFuture@6dd8e95[Not completed]
2019-08-03 03:39:24,993 INFO  impl.RaftServerProxy (RaftServerProxy.java:addNew(89)) - 8589eb56-2f0c-49d3-b0c5-4d9cb822b0bb: addNew group-57D01EF98D07:[b064c238-3f4a-43e0-8397-add0d57df4ba:192.168.5.147:35929, 8589eb56-2f0c-49d3-b0c5-4d9cb822b0bb:192.168.5.147:45798, 298d3804-7836-43e5-b8ae-b10df3fb9e27:192.168.5.147:44300] returns group-57D01EF98D07:java.util.concurrent.CompletableFuture@77388987[Not completed]
2019-08-03 03:39:24,994 INFO  impl.RaftServerProxy (RaftServerProxy.java:addNew(89)) - b064c238-3f4a-43e0-8397-add0d57df4ba: addNew group-57D01EF98D07:[b064c238-3f4a-43e0-8397-add0d57df4ba:192.168.5.147:35929, 8589eb56-2f0c-49d3-b0c5-4d9cb822b0bb:192.168.5.147:45798, 298d3804-7836-43e5-b8ae-b10df3fb9e27:192.168.5.147:44300] returns group-57D01EF98D07:java.util.concurrent.CompletableFuture@66c3edce[Not completed]
2019-08-03 03:39:24,994 INFO  impl.RaftServerImpl (RaftServerImpl.java:<init>(93)) - 298d3804-7836-43e5-b8ae-b10df3fb9e27: new RaftServerImpl for group-57D01EF98D07:[b064c238-3f4a-43e0-8397-add0d57df4ba:192.168.5.147:35929, 8589eb56-2f0c-49d3-b0c5-4d9cb822b0bb:192.168.5.147:45798, 298d3804-7836-43e5-b8ae-b10df3fb9e27:192.168.5.147:44300] with ContainerStateMachine:uninitialized
2019-08-03 03:39:24,994 INFO  server.RaftServerConfigKeys (ConfUtils.java:logGet(43)) - raft.server.rpc.timeout.min = 5s (custom)
2019-08-03 03:39:24,994 INFO  server.RaftServerConfigKeys (ConfUtils.java:logGet(43)) - raft.server.rpc.timeout.max = 5200ms (custom)
2019-08-03 03:39:24,995 INFO  server.RaftServerConfigKeys (ConfUtils.java:logGet(43)) - raft.server.rpcslowness.timeout = 120s (custom)
2019-08-03 03:39:24,995 INFO  impl.RaftServerImpl (RaftServerImpl.java:<init>(93)) - 8589eb56-2f0c-49d3-b0c5-4d9cb822b0bb: new RaftServerImpl for group-57D01EF98D07:[b064c238-3f4a-43e0-8397-add0d57df4ba:192.168.5.147:35929, 8589eb56-2f0c-49d3-b0c5-4d9cb822b0bb:192.168.5.147:45798, 298d3804-7836-43e5-b8ae-b10df3fb9e27:192.168.5.147:44300] with ContainerStateMachine:uninitialized
2019-08-03 03:39:24,995 INFO  server.RaftServerConfigKeys (ConfUtils.java:logGet(43)) - raft.server.sleep.deviation.threshold = 300 (default)
2019-08-03 03:39:24,995 INFO  server.RaftServerConfigKeys (ConfUtils.java:logGet(43)) - raft.server.rpc.timeout.min = 5s (custom)
2019-08-03 03:39:24,995 INFO  impl.RaftServerImpl (RaftServerImpl.java:<init>(93)) - b064c238-3f4a-43e0-8397-add0d57df4ba: new RaftServerImpl for group-57D01EF98D07:[b064c238-3f4a-43e0-8397-add0d57df4ba:192.168.5.147:35929, 8589eb56-2f0c-49d3-b0c5-4d9cb822b0bb:192.168.5.147:45798, 298d3804-7836-43e5-b8ae-b10df3fb9e27:192.168.5.147:44300] with ContainerStateMachine:uninitialized
2019-08-03 03:39:24,995 INFO  server.RaftServerConfigKeys (ConfUtils.java:logGet(43)) - raft.server.log.appender.install.snapshot.enabled = false (custom)
2019-08-03 03:39:24,995 INFO  server.RaftServerConfigKeys (ConfUtils.java:logGet(43)) - raft.server.rpc.timeout.min = 5s (custom)
2019-08-03 03:39:24,996 INFO  server.RaftServerConfigKeys (ConfUtils.java:logGet(43)) - raft.server.rpc.timeout.max = 5200ms (custom)
2019-08-03 03:39:24,995 INFO  server.RaftServerConfigKeys (ConfUtils.java:logGet(43)) - raft.server.rpc.timeout.max = 5200ms (custom)
2019-08-03 03:39:24,996 INFO  server.RaftServerConfigKeys (ConfUtils.java:logGet(43)) - raft.server.rpcslowness.timeout = 120s (custom)
2019-08-03 03:39:24,996 INFO  server.RaftServerConfigKeys (ConfUtils.java:logGet(43)) - raft.server.sleep.deviation.threshold = 300 (default)
2019-08-03 03:39:24,995 INFO  impl.RaftServerImpl (ServerState.java:<init>(105)) - 298d3804-7836-43e5-b8ae-b10df3fb9e27:group-57D01EF98D07 ConfigurationManager, init=-1: [b064c238-3f4a-43e0-8397-add0d57df4ba:192.168.5.147:35929, 8589eb56-2f0c-49d3-b0c5-4d9cb822b0bb:192.168.5.147:45798, 298d3804-7836-43e5-b8ae-b10df3fb9e27:192.168.5.147:44300], old=null, confs=<EMPTY_MAP>
2019-08-03 03:39:24,996 INFO  server.RaftServerConfigKeys (ConfUtils.java:logGet(43)) - raft.server.log.appender.install.snapshot.enabled = false (custom)
2019-08-03 03:39:24,996 INFO  server.RaftServerConfigKeys (ConfUtils.java:logGet(43)) - raft.server.rpcslowness.timeout = 120s (custom)
2019-08-03 03:39:24,996 INFO  impl.RaftServerImpl (ServerState.java:<init>(105)) - b064c238-3f4a-43e0-8397-add0d57df4ba:group-57D01EF98D07 ConfigurationManager, init=-1: [b064c238-3f4a-43e0-8397-add0d57df4ba:192.168.5.147:35929, 8589eb56-2f0c-49d3-b0c5-4d9cb822b0bb:192.168.5.147:45798, 298d3804-7836-43e5-b8ae-b10df3fb9e27:192.168.5.147:44300], old=null, confs=<EMPTY_MAP>
2019-08-03 03:39:24,996 INFO  server.RaftServerConfigKeys (ConfUtils.java:logGet(43)) - raft.server.storage.dir = [/workdir/hadoop-ozone/integration-test/target/test-dir/MiniOzoneClusterImpl-ba793efa-c700-45ae-b3d7-7588d56d7037/datanode-2/data/ratis] (custom)
2019-08-03 03:39:24,997 INFO  server.RaftServerConfigKeys (ConfUtils.java:logGet(43)) - raft.server.storage.dir = [/workdir/hadoop-ozone/integration-test/target/test-dir/MiniOzoneClusterImpl-ba793efa-c700-45ae-b3d7-7588d56d7037/datanode-0/data/ratis] (custom)
2019-08-03 03:39:24,997 INFO  server.RaftServerConfigKeys (ConfUtils.java:logGet(43)) - raft.server.sleep.deviation.threshold = 300 (default)
2019-08-03 03:39:24,997 INFO  storage.RaftStorageDirectory (RaftStorageDirectory.java:analyzeStorage(246)) - The storage directory /workdir/hadoop-ozone/integration-test/target/test-dir/MiniOzoneClusterImpl-ba793efa-c700-45ae-b3d7-7588d56d7037/datanode-2/data/ratis/3b89c2ea-e09d-4b9d-9aa0-57d01ef98d07 does not exist. Creating ...
2019-08-03 03:39:24,997 INFO  server.RaftServerConfigKeys (ConfUtils.java:logGet(43)) - raft.server.log.appender.install.snapshot.enabled = false (custom)
2019-08-03 03:39:24,997 INFO  storage.RaftStorageDirectory (RaftStorageDirectory.java:analyzeStorage(246)) - The storage directory /workdir/hadoop-ozone/integration-test/target/test-dir/MiniOzoneClusterImpl-ba793efa-c700-45ae-b3d7-7588d56d7037/datanode-0/data/ratis/3b89c2ea-e09d-4b9d-9aa0-57d01ef98d07 does not exist. Creating ...
2019-08-03 03:39:24,998 INFO  impl.RaftServerImpl (ServerState.java:<init>(105)) - 8589eb56-2f0c-49d3-b0c5-4d9cb822b0bb:group-57D01EF98D07 ConfigurationManager, init=-1: [b064c238-3f4a-43e0-8397-add0d57df4ba:192.168.5.147:35929, 8589eb56-2f0c-49d3-b0c5-4d9cb822b0bb:192.168.5.147:45798, 298d3804-7836-43e5-b8ae-b10df3fb9e27:192.168.5.147:44300], old=null, confs=<EMPTY_MAP>
2019-08-03 03:39:24,998 INFO  server.RaftServerConfigKeys (ConfUtils.java:logGet(43)) - raft.server.storage.dir = [/workdir/hadoop-ozone/integration-test/target/test-dir/MiniOzoneClusterImpl-ba793efa-c700-45ae-b3d7-7588d56d7037/datanode-1/data/ratis] (custom)
2019-08-03 03:39:24,998 INFO  storage.RaftStorageDirectory (RaftStorageDirectory.java:analyzeStorage(246)) - The storage directory /workdir/hadoop-ozone/integration-test/target/test-dir/MiniOzoneClusterImpl-ba793efa-c700-45ae-b3d7-7588d56d7037/datanode-1/data/ratis/3b89c2ea-e09d-4b9d-9aa0-57d01ef98d07 does not exist. Creating ...
2019-08-03 03:39:25,001 INFO  storage.RaftStorageDirectory (RaftStorageDirectory.java:tryLock(328)) - Lock on /workdir/hadoop-ozone/integration-test/target/test-dir/MiniOzoneClusterImpl-ba793efa-c700-45ae-b3d7-7588d56d7037/datanode-1/data/ratis/3b89c2ea-e09d-4b9d-9aa0-57d01ef98d07/in_use.lock acquired by nodename 478@byscane-nightly-b86qh-2100283676
2019-08-03 03:39:25,001 INFO  storage.RaftStorageDirectory (RaftStorageDirectory.java:tryLock(328)) - Lock on /workdir/hadoop-ozone/integration-test/target/test-dir/MiniOzoneClusterImpl-ba793efa-c700-45ae-b3d7-7588d56d7037/datanode-0/data/ratis/3b89c2ea-e09d-4b9d-9aa0-57d01ef98d07/in_use.lock acquired by nodename 478@byscane-nightly-b86qh-2100283676
2019-08-03 03:39:25,001 INFO  storage.RaftStorageDirectory (RaftStorageDirectory.java:tryLock(328)) - Lock on /workdir/hadoop-ozone/integration-test/target/test-dir/MiniOzoneClusterImpl-ba793efa-c700-45ae-b3d7-7588d56d7037/datanode-2/data/ratis/3b89c2ea-e09d-4b9d-9aa0-57d01ef98d07/in_use.lock acquired by nodename 478@byscane-nightly-b86qh-2100283676
2019-08-03 03:39:25,008 INFO  storage.RaftStorage (RaftStorage.java:format(72)) - Storage directory /workdir/hadoop-ozone/integration-test/target/test-dir/MiniOzoneClusterImpl-ba793efa-c700-45ae-b3d7-7588d56d7037/datanode-2/data/ratis/3b89c2ea-e09d-4b9d-9aa0-57d01ef98d07 has been successfully formatted.
2019-08-03 03:39:25,008 INFO  storage.RaftStorage (RaftStorage.java:format(72)) - Storage directory /workdir/hadoop-ozone/integration-test/target/test-dir/MiniOzoneClusterImpl-ba793efa-c700-45ae-b3d7-7588d56d7037/datanode-1/data/ratis/3b89c2ea-e09d-4b9d-9aa0-57d01ef98d07 has been successfully formatted.
2019-08-03 03:39:25,008 INFO  storage.RaftStorage (RaftStorage.java:format(72)) - Storage directory /workdir/hadoop-ozone/integration-test/target/test-dir/MiniOzoneClusterImpl-ba793efa-c700-45ae-b3d7-7588d56d7037/datanode-0/data/ratis/3b89c2ea-e09d-4b9d-9aa0-57d01ef98d07 has been successfully formatted.
2019-08-03 03:39:25,009 INFO  ratis.ContainerStateMachine (ContainerStateMachine.java:loadSnapshot(213)) - group-57D01EF98D07: The snapshot info is null. Setting the last applied indexto:(t:0, i:~)
2019-08-03 03:39:25,009 INFO  server.RaftServerConfigKeys (ConfUtils.java:logGet(43)) - raft.server.leader.election.timeout = 120s (custom)
2019-08-03 03:39:25,009 INFO  server.RaftServerConfigKeys (ConfUtils.java:logGet(43)) - raft.server.log.use.memory = false (default)
2019-08-03 03:39:25,009 INFO  ratis.ContainerStateMachine (ContainerStateMachine.java:loadSnapshot(213)) - group-57D01EF98D07: The snapshot info is null. Setting the last applied indexto:(t:0, i:~)
2019-08-03 03:39:25,009 INFO  server.RaftServerConfigKeys (ConfUtils.java:logGet(43)) - raft.server.log.purge.gap = 1000000000 (custom)
2019-08-03 03:39:25,009 INFO  ratis.ContainerStateMachine (ContainerStateMachine.java:loadSnapshot(213)) - group-57D01EF98D07: The snapshot info is null. Setting the last applied indexto:(t:0, i:~)
2019-08-03 03:39:25,010 INFO  server.RaftServerConfigKeys (ConfUtils.java:logGet(43)) - raft.server.log.appender.buffer.byte-limit = 33554432 (custom)
2019-08-03 03:39:25,009 INFO  server.RaftServerConfigKeys (ConfUtils.java:logGet(43)) - raft.server.leader.election.timeout = 120s (custom)
2019-08-03 03:39:25,010 INFO  server.RaftServerConfigKeys (ConfUtils.java:logGet(43)) - raft.server.log.segment.size.max = 1048576 (custom)
2019-08-03 03:39:25,010 INFO  server.RaftServerConfigKeys (ConfUtils.java:logGet(43)) - raft.server.leader.election.timeout = 120s (custom)
2019-08-03 03:39:25,010 INFO  server.RaftServerConfigKeys (ConfUtils.java:logGet(43)) - raft.server.log.segment.cache.num.max = 2 (custom)
2019-08-03 03:39:25,010 INFO  server.RaftServerConfigKeys (ConfUtils.java:logGet(43)) - raft.server.log.use.memory = false (default)
2019-08-03 03:39:25,010 INFO  segmented.SegmentedRaftLogWorker (SegmentedRaftLogWorker.java:<init>(172)) - new 8589eb56-2f0c-49d3-b0c5-4d9cb822b0bb-SegmentedRaftLogWorker:Storage Directory /workdir/hadoop-ozone/integration-test/target/test-dir/MiniOzoneClusterImpl-ba793efa-c700-45ae-b3d7-7588d56d7037/datanode-1/data/ratis/3b89c2ea-e09d-4b9d-9aa0-57d01ef98d07 for RaftStorage:Storage Directory /workdir/hadoop-ozone/integration-test/target/test-dir/MiniOzoneClusterImpl-ba793efa-c700-45ae-b3d7-7588d56d7037/datanode-1/data/ratis/3b89c2ea-e09d-4b9d-9aa0-57d01ef98d07
2019-08-03 03:39:25,010 INFO  server.RaftServerConfigKeys (ConfUtils.java:logGet(43)) - raft.server.log.use.memory = false (default)
2019-08-03 03:39:25,011 INFO  server.RaftServerConfigKeys (ConfUtils.java:logGet(43)) - raft.server.log.queue.byte-limit = 2147483647 (custom)
2019-08-03 03:39:25,011 INFO  server.RaftServerConfigKeys (ConfUtils.java:logGet(43)) - raft.server.log.purge.gap = 1000000000 (custom)
2019-08-03 03:39:25,011 INFO  server.RaftServerConfigKeys (ConfUtils.java:logGet(43)) - raft.server.log.queue.element-limit = 1024 (custom)
2019-08-03 03:39:25,011 INFO  server.RaftServerConfigKeys (ConfUtils.java:logGet(43)) - raft.server.log.purge.gap = 1000000000 (custom)
2019-08-03 03:39:25,011 INFO  server.RaftServerConfigKeys (ConfUtils.java:logGet(43)) - raft.server.log.segment.size.max = 1048576 (custom)
2019-08-03 03:39:25,011 INFO  server.RaftServerConfigKeys (ConfUtils.java:logGet(43)) - raft.server.log.appender.buffer.byte-limit = 33554432 (custom)
2019-08-03 03:39:25,012 INFO  server.RaftServerConfigKeys (ConfUtils.java:logGet(43)) - raft.server.log.preallocated.size = 16384 (custom)
2019-08-03 03:39:25,012 INFO  server.RaftServerConfigKeys (ConfUtils.java:logGet(43)) - raft.server.log.appender.buffer.byte-limit = 33554432 (custom)
2019-08-03 03:39:25,012 INFO  server.RaftServerConfigKeys (ConfUtils.java:logGet(43)) - raft.server.log.write.buffer.size = 33554432 (custom)
2019-08-03 03:39:25,012 INFO  server.RaftServerConfigKeys (ConfUtils.java:logGet(43)) - raft.server.log.segment.size.max = 1048576 (custom)
2019-08-03 03:39:25,012 INFO  server.RaftServerConfigKeys (ConfUtils.java:logGet(43)) - raft.server.log.force.sync.num = 128 (default)
2019-08-03 03:39:25,013 INFO  server.RaftServerConfigKeys (ConfUtils.java:logGet(43)) - raft.server.log.statemachine.data.sync = true (default)
2019-08-03 03:39:25,012 INFO  server.RaftServerConfigKeys (ConfUtils.java:logGet(43)) - raft.server.log.segment.size.max = 1048576 (custom)
2019-08-03 03:39:25,013 INFO  server.RaftServerConfigKeys (ConfUtils.java:logGet(43)) - raft.server.log.statemachine.data.sync.timeout = 10s (default)
2019-08-03 03:39:25,013 INFO  server.RaftServerConfigKeys (ConfUtils.java:logGet(43)) - raft.server.log.statemachine.data.sync.timeout.retry = -1 (default)
2019-08-03 03:39:25,012 INFO  server.RaftServerConfigKeys (ConfUtils.java:logGet(43)) - raft.server.log.segment.cache.num.max = 2 (custom)
2019-08-03 03:39:25,013 INFO  server.RaftServerConfigKeys (ConfUtils.java:logGet(43)) - raft.server.log.statemachine.data.caching.enabled = true (custom)
2019-08-03 03:39:25,013 INFO  server.RaftServerConfigKeys (ConfUtils.java:logGet(43)) - raft.server.log.segment.cache.num.max = 2 (custom)
2019-08-03 03:39:25,014 INFO  segmented.SegmentedRaftLogWorker (SegmentedRaftLogWorker.java:lambda$new$0(132)) - 8589eb56-2f0c-49d3-b0c5-4d9cb822b0bb-SegmentedRaftLogWorker:Storage Directory /workdir/hadoop-ozone/integration-test/target/test-dir/MiniOzoneClusterImpl-ba793efa-c700-45ae-b3d7-7588d56d7037/datanode-1/data/ratis/3b89c2ea-e09d-4b9d-9aa0-57d01ef98d07: flushIndex: setUnconditionally 0 -> -1
2019-08-03 03:39:25,013 INFO  segmented.SegmentedRaftLogWorker (SegmentedRaftLogWorker.java:<init>(172)) - new 298d3804-7836-43e5-b8ae-b10df3fb9e27-SegmentedRaftLogWorker:Storage Directory /workdir/hadoop-ozone/integration-test/target/test-dir/MiniOzoneClusterImpl-ba793efa-c700-45ae-b3d7-7588d56d7037/datanode-2/data/ratis/3b89c2ea-e09d-4b9d-9aa0-57d01ef98d07 for RaftStorage:Storage Directory /workdir/hadoop-ozone/integration-test/target/test-dir/MiniOzoneClusterImpl-ba793efa-c700-45ae-b3d7-7588d56d7037/datanode-2/data/ratis/3b89c2ea-e09d-4b9d-9aa0-57d01ef98d07
2019-08-03 03:39:25,014 INFO  segmented.SegmentedRaftLogWorker (SegmentedRaftLogWorker.java:<init>(172)) - new b064c238-3f4a-43e0-8397-add0d57df4ba-SegmentedRaftLogWorker:Storage Directory /workdir/hadoop-ozone/integration-test/target/test-dir/MiniOzoneClusterImpl-ba793efa-c700-45ae-b3d7-7588d56d7037/datanode-0/data/ratis/3b89c2ea-e09d-4b9d-9aa0-57d01ef98d07 for RaftStorage:Storage Directory /workdir/hadoop-ozone/integration-test/target/test-dir/MiniOzoneClusterImpl-ba793efa-c700-45ae-b3d7-7588d56d7037/datanode-0/data/ratis/3b89c2ea-e09d-4b9d-9aa0-57d01ef98d07
2019-08-03 03:39:25,014 INFO  server.RaftServerConfigKeys (ConfUtils.java:logGet(43)) - raft.server.snapshot.auto.trigger.enabled = true (custom)
2019-08-03 03:39:25,014 INFO  server.RaftServerConfigKeys (ConfUtils.java:logGet(43)) - raft.server.log.queue.byte-limit = 2147483647 (custom)
2019-08-03 03:39:25,014 INFO  server.RaftServerConfigKeys (ConfUtils.java:logGet(43)) - raft.server.snapshot.auto.trigger.threshold = 10000 (custom)
2019-08-03 03:39:25,014 INFO  server.RaftServerConfigKeys (ConfUtils.java:logGet(43)) - raft.server.log.queue.byte-limit = 2147483647 (custom)
2019-08-03 03:39:25,015 INFO  server.RaftServerConfigKeys (ConfUtils.java:logGet(43)) - raft.server.retrycache.expirytime = 600000ms (custom)
2019-08-03 03:39:25,014 INFO  server.RaftServerConfigKeys (ConfUtils.java:logGet(43)) - raft.server.log.queue.element-limit = 1024 (custom)
2019-08-03 03:39:25,015 INFO  impl.RaftServerImpl (RaftServerImpl.java:start(180)) - 8589eb56-2f0c-49d3-b0c5-4d9cb822b0bb: start group-57D01EF98D07
2019-08-03 03:39:25,015 INFO  server.RaftServerConfigKeys (ConfUtils.java:logGet(43)) - raft.server.log.queue.element-limit = 1024 (custom)
2019-08-03 03:39:25,015 INFO  impl.RaftServerImpl (RaftServerImpl.java:setRole(171)) - 8589eb56-2f0c-49d3-b0c5-4d9cb822b0bb:group-57D01EF98D07 changes role from null to FOLLOWER at term 0 for startAsFollower
2019-08-03 03:39:25,015 INFO  impl.RoleInfo (RoleInfo.java:updateAndGet(143)) - 8589eb56-2f0c-49d3-b0c5-4d9cb822b0bb: start FollowerState
2019-08-03 03:39:25,015 INFO  server.RaftServerConfigKeys (ConfUtils.java:logGet(43)) - raft.server.log.segment.size.max = 1048576 (custom)
2019-08-03 03:39:25,015 INFO  server.RaftServerConfigKeys (ConfUtils.java:logGet(43)) - raft.server.log.segment.size.max = 1048576 (custom)
2019-08-03 03:39:25,030 INFO  util.JmxRegister (JmxRegister.java:tryRegister(44)) - Successfully registered JMX Bean with object name Ratis:service=RaftServer,group=group-57D01EF98D07,id=8589eb56-2f0c-49d3-b0c5-4d9cb822b0bb
2019-08-03 03:39:25,030 INFO  server.RaftServerConfigKeys (ConfUtils.java:logGet(43)) - raft.server.log.preallocated.size = 16384 (custom)
2019-08-03 03:39:25,031 INFO  server.RaftServerConfigKeys (ConfUtils.java:logGet(43)) - raft.server.log.write.buffer.size = 33554432 (custom)
2019-08-03 03:39:25,016 INFO  server.RaftServerConfigKeys (ConfUtils.java:logGet(43)) - raft.server.log.preallocated.size = 16384 (custom)
2019-08-03 03:39:25,039 INFO  server.RaftServerConfigKeys (ConfUtils.java:logGet(43)) - raft.server.log.write.buffer.size = 33554432 (custom)
2019-08-03 03:39:25,039 INFO  server.RaftServerConfigKeys (ConfUtils.java:logGet(43)) - raft.server.log.force.sync.num = 128 (default)
2019-08-03 03:39:25,039 INFO  server.RaftServerConfigKeys (ConfUtils.java:logGet(43)) - raft.server.log.statemachine.data.sync = true (default)
2019-08-03 03:39:25,031 INFO  server.RaftServerConfigKeys (ConfUtils.java:logGet(43)) - raft.server.log.force.sync.num = 128 (default)
2019-08-03 03:39:25,039 INFO  server.RaftServerConfigKeys (ConfUtils.java:logGet(43)) - raft.server.log.statemachine.data.sync.timeout = 10s (default)
2019-08-03 03:39:25,039 INFO  server.RaftServerConfigKeys (ConfUtils.java:logGet(43)) - raft.server.log.statemachine.data.sync = true (default)
2019-08-03 03:39:25,039 INFO  server.RaftServerConfigKeys (ConfUtils.java:logGet(43)) - raft.server.log.statemachine.data.sync.timeout.retry = -1 (default)
2019-08-03 03:39:25,040 INFO  server.RaftServerConfigKeys (ConfUtils.java:logGet(43)) - raft.server.log.statemachine.data.sync.timeout = 10s (default)
2019-08-03 03:39:25,040 INFO  server.RaftServerConfigKeys (ConfUtils.java:logGet(43)) - raft.server.log.statemachine.data.caching.enabled = true (custom)
2019-08-03 03:39:25,040 INFO  server.RaftServerConfigKeys (ConfUtils.java:logGet(43)) - raft.server.log.statemachine.data.sync.timeout.retry = -1 (default)
2019-08-03 03:39:25,040 INFO  segmented.SegmentedRaftLogWorker (SegmentedRaftLogWorker.java:lambda$new$0(132)) - 298d3804-7836-43e5-b8ae-b10df3fb9e27-SegmentedRaftLogWorker:Storage Directory /workdir/hadoop-ozone/integration-test/target/test-dir/MiniOzoneClusterImpl-ba793efa-c700-45ae-b3d7-7588d56d7037/datanode-2/data/ratis/3b89c2ea-e09d-4b9d-9aa0-57d01ef98d07: flushIndex: setUnconditionally 0 -> -1
2019-08-03 03:39:25,040 INFO  server.RaftServerConfigKeys (ConfUtils.java:logGet(43)) - raft.server.log.statemachine.data.caching.enabled = true (custom)
2019-08-03 03:39:25,041 INFO  server.RaftServerConfigKeys (ConfUtils.java:logGet(43)) - raft.server.snapshot.auto.trigger.enabled = true (custom)
2019-08-03 03:39:25,041 INFO  server.RaftServerConfigKeys (ConfUtils.java:logGet(43)) - raft.server.snapshot.auto.trigger.threshold = 10000 (custom)
2019-08-03 03:39:25,041 INFO  segmented.SegmentedRaftLogWorker (SegmentedRaftLogWorker.java:lambda$new$0(132)) - b064c238-3f4a-43e0-8397-add0d57df4ba-SegmentedRaftLogWorker:Storage Directory /workdir/hadoop-ozone/integration-test/target/test-dir/MiniOzoneClusterImpl-ba793efa-c700-45ae-b3d7-7588d56d7037/datanode-0/data/ratis/3b89c2ea-e09d-4b9d-9aa0-57d01ef98d07: flushIndex: setUnconditionally 0 -> -1
2019-08-03 03:39:25,041 INFO  server.RaftServerConfigKeys (ConfUtils.java:logGet(43)) - raft.server.retrycache.expirytime = 600000ms (custom)
2019-08-03 03:39:25,041 INFO  impl.RaftServerImpl (RaftServerImpl.java:start(180)) - 298d3804-7836-43e5-b8ae-b10df3fb9e27: start group-57D01EF98D07
2019-08-03 03:39:25,041 INFO  server.RaftServerConfigKeys (ConfUtils.java:logGet(43)) - raft.server.snapshot.auto.trigger.enabled = true (custom)
2019-08-03 03:39:25,042 INFO  impl.RaftServerImpl (RaftServerImpl.java:setRole(171)) - 298d3804-7836-43e5-b8ae-b10df3fb9e27:group-57D01EF98D07 changes role from null to FOLLOWER at term 0 for startAsFollower
2019-08-03 03:39:25,042 INFO  server.RaftServerConfigKeys (ConfUtils.java:logGet(43)) - raft.server.snapshot.auto.trigger.threshold = 10000 (custom)
2019-08-03 03:39:25,042 INFO  impl.RoleInfo (RoleInfo.java:updateAndGet(143)) - 298d3804-7836-43e5-b8ae-b10df3fb9e27: start FollowerState
2019-08-03 03:39:25,042 INFO  server.RaftServerConfigKeys (ConfUtils.java:logGet(43)) - raft.server.retrycache.expirytime = 600000ms (custom)
2019-08-03 03:39:25,042 INFO  impl.RaftServerImpl (RaftServerImpl.java:start(180)) - b064c238-3f4a-43e0-8397-add0d57df4ba: start group-57D01EF98D07
2019-08-03 03:39:25,042 INFO  util.JmxRegister (JmxRegister.java:tryRegister(44)) - Successfully registered JMX Bean with object name Ratis:service=RaftServer,group=group-57D01EF98D07,id=298d3804-7836-43e5-b8ae-b10df3fb9e27
2019-08-03 03:39:25,042 INFO  impl.RaftServerImpl (RaftServerImpl.java:setRole(171)) - b064c238-3f4a-43e0-8397-add0d57df4ba:group-57D01EF98D07 changes role from null to FOLLOWER at term 0 for startAsFollower
2019-08-03 03:39:25,043 INFO  impl.RoleInfo (RoleInfo.java:updateAndGet(143)) - b064c238-3f4a-43e0-8397-add0d57df4ba: start FollowerState
2019-08-03 03:39:25,043 INFO  util.JmxRegister (JmxRegister.java:tryRegister(44)) - Successfully registered JMX Bean with object name Ratis:service=RaftServer,group=group-57D01EF98D07,id=b064c238-3f4a-43e0-8397-add0d57df4ba
2019-08-03 03:39:25,045 INFO  pipeline.PipelineStateManager (PipelineStateManager.java:addPipeline(56)) - Created pipeline Pipeline[ Id: 3b89c2ea-e09d-4b9d-9aa0-57d01ef98d07, Nodes: 8589eb56-2f0c-49d3-b0c5-4d9cb822b0bb{ip: 192.168.5.147, host: byscane-nightly-b86qh-2100283676, networkLocation: /default-rack, certSerialId: null}298d3804-7836-43e5-b8ae-b10df3fb9e27{ip: 192.168.5.147, host: byscane-nightly-b86qh-2100283676, networkLocation: /default-rack, certSerialId: null}b064c238-3f4a-43e0-8397-add0d57df4ba{ip: 192.168.5.147, host: byscane-nightly-b86qh-2100283676, networkLocation: /default-rack, certSerialId: null}, Type:RATIS, Factor:THREE, State:OPEN]
2019-08-03 03:39:25,376 INFO  net.NetworkTopology (NetworkTopologyImpl.java:add(110)) - Added a new node: /default-rack/144b7e8f-f123-4693-b674-64fe6260ef49
2019-08-03 03:39:25,376 INFO  node.SCMNodeManager (SCMNodeManager.java:register(273)) - Registered Data node : 144b7e8f-f123-4693-b674-64fe6260ef49{ip: 192.168.5.147, host: byscane-nightly-b86qh-2100283676, networkLocation: /default-rack, certSerialId: null}
2019-08-03 03:39:25,383 INFO  impl.RaftServerProxy (RaftServerProxy.java:addNew(89)) - 144b7e8f-f123-4693-b674-64fe6260ef49: addNew group-8CA8069A395F:[144b7e8f-f123-4693-b674-64fe6260ef49:192.168.5.147:45087] returns group-8CA8069A395F:java.util.concurrent.CompletableFuture@6f47ec5a[Not completed]
2019-08-03 03:39:25,384 INFO  impl.RaftServerImpl (RaftServerImpl.java:<init>(93)) - 144b7e8f-f123-4693-b674-64fe6260ef49: new RaftServerImpl for group-8CA8069A395F:[144b7e8f-f123-4693-b674-64fe6260ef49:192.168.5.147:45087] with ContainerStateMachine:uninitialized
2019-08-03 03:39:25,385 INFO  server.RaftServerConfigKeys (ConfUtils.java:logGet(43)) - raft.server.rpc.timeout.min = 5s (custom)
2019-08-03 03:39:25,385 INFO  server.RaftServerConfigKeys (ConfUtils.java:logGet(43)) - raft.server.rpc.timeout.max = 5200ms (custom)
2019-08-03 03:39:25,385 INFO  server.RaftServerConfigKeys (ConfUtils.java:logGet(43)) - raft.server.rpcslowness.timeout = 120s (custom)
2019-08-03 03:39:25,385 INFO  server.RaftServerConfigKeys (ConfUtils.java:logGet(43)) - raft.server.sleep.deviation.threshold = 300 (default)
2019-08-03 03:39:25,385 INFO  server.RaftServerConfigKeys (ConfUtils.java:logGet(43)) - raft.server.log.appender.install.snapshot.enabled = false (custom)
2019-08-03 03:39:25,385 INFO  impl.RaftServerImpl (ServerState.java:<init>(105)) - 144b7e8f-f123-4693-b674-64fe6260ef49:group-8CA8069A395F ConfigurationManager, init=-1: [144b7e8f-f123-4693-b674-64fe6260ef49:192.168.5.147:45087], old=null, confs=<EMPTY_MAP>
2019-08-03 03:39:25,386 INFO  server.RaftServerConfigKeys (ConfUtils.java:logGet(43)) - raft.server.storage.dir = [/workdir/hadoop-ozone/integration-test/target/test-dir/MiniOzoneClusterImpl-ba793efa-c700-45ae-b3d7-7588d56d7037/datanode-3/data/ratis] (custom)
2019-08-03 03:39:25,386 INFO  storage.RaftStorageDirectory (RaftStorageDirectory.java:analyzeStorage(246)) - The storage directory /workdir/hadoop-ozone/integration-test/target/test-dir/MiniOzoneClusterImpl-ba793efa-c700-45ae-b3d7-7588d56d7037/datanode-3/data/ratis/557fa839-73b6-45a4-91c4-8ca8069a395f does not exist. Creating ...
2019-08-03 03:39:25,391 INFO  storage.RaftStorageDirectory (RaftStorageDirectory.java:tryLock(328)) - Lock on /workdir/hadoop-ozone/integration-test/target/test-dir/MiniOzoneClusterImpl-ba793efa-c700-45ae-b3d7-7588d56d7037/datanode-3/data/ratis/557fa839-73b6-45a4-91c4-8ca8069a395f/in_use.lock acquired by nodename 478@byscane-nightly-b86qh-2100283676
2019-08-03 03:39:25,395 INFO  storage.RaftStorage (RaftStorage.java:format(72)) - Storage directory /workdir/hadoop-ozone/integration-test/target/test-dir/MiniOzoneClusterImpl-ba793efa-c700-45ae-b3d7-7588d56d7037/datanode-3/data/ratis/557fa839-73b6-45a4-91c4-8ca8069a395f has been successfully formatted.
2019-08-03 03:39:25,396 INFO  ratis.ContainerStateMachine (ContainerStateMachine.java:loadSnapshot(213)) - group-8CA8069A395F: The snapshot info is null. Setting the last applied indexto:(t:0, i:~)
2019-08-03 03:39:25,396 INFO  server.RaftServerConfigKeys (ConfUtils.java:logGet(43)) - raft.server.leader.election.timeout = 120s (custom)
2019-08-03 03:39:25,396 INFO  server.RaftServerConfigKeys (ConfUtils.java:logGet(43)) - raft.server.log.use.memory = false (default)
2019-08-03 03:39:25,396 INFO  server.RaftServerConfigKeys (ConfUtils.java:logGet(43)) - raft.server.log.purge.gap = 1000000000 (custom)
2019-08-03 03:39:25,396 INFO  server.RaftServerConfigKeys (ConfUtils.java:logGet(43)) - raft.server.log.appender.buffer.byte-limit = 33554432 (custom)
2019-08-03 03:39:25,396 INFO  server.RaftServerConfigKeys (ConfUtils.java:logGet(43)) - raft.server.log.segment.size.max = 1048576 (custom)
2019-08-03 03:39:25,397 INFO  server.RaftServerConfigKeys (ConfUtils.java:logGet(43)) - raft.server.log.segment.cache.num.max = 2 (custom)
2019-08-03 03:39:25,397 INFO  segmented.SegmentedRaftLogWorker (SegmentedRaftLogWorker.java:<init>(172)) - new 144b7e8f-f123-4693-b674-64fe6260ef49-SegmentedRaftLogWorker:Storage Directory /workdir/hadoop-ozone/integration-test/target/test-dir/MiniOzoneClusterImpl-ba793efa-c700-45ae-b3d7-7588d56d7037/datanode-3/data/ratis/557fa839-73b6-45a4-91c4-8ca8069a395f for RaftStorage:Storage Directory /workdir/hadoop-ozone/integration-test/target/test-dir/MiniOzoneClusterImpl-ba793efa-c700-45ae-b3d7-7588d56d7037/datanode-3/data/ratis/557fa839-73b6-45a4-91c4-8ca8069a395f
2019-08-03 03:39:25,397 INFO  server.RaftServerConfigKeys (ConfUtils.java:logGet(43)) - raft.server.log.queue.byte-limit = 2147483647 (custom)
2019-08-03 03:39:25,397 INFO  server.RaftServerConfigKeys (ConfUtils.java:logGet(43)) - raft.server.log.queue.element-limit = 1024 (custom)
2019-08-03 03:39:25,397 INFO  server.RaftServerConfigKeys (ConfUtils.java:logGet(43)) - raft.server.log.segment.size.max = 1048576 (custom)
2019-08-03 03:39:25,398 INFO  server.RaftServerConfigKeys (ConfUtils.java:logGet(43)) - raft.server.log.preallocated.size = 16384 (custom)
2019-08-03 03:39:25,398 INFO  server.RaftServerConfigKeys (ConfUtils.java:logGet(43)) - raft.server.log.write.buffer.size = 33554432 (custom)
2019-08-03 03:39:25,398 INFO  server.RaftServerConfigKeys (ConfUtils.java:logGet(43)) - raft.server.log.force.sync.num = 128 (default)
2019-08-03 03:39:25,398 INFO  server.RaftServerConfigKeys (ConfUtils.java:logGet(43)) - raft.server.log.statemachine.data.sync = true (default)
2019-08-03 03:39:25,398 INFO  server.RaftServerConfigKeys (ConfUtils.java:logGet(43)) - raft.server.log.statemachine.data.sync.timeout = 10s (default)
2019-08-03 03:39:25,398 INFO  server.RaftServerConfigKeys (ConfUtils.java:logGet(43)) - raft.server.log.statemachine.data.sync.timeout.retry = -1 (default)
2019-08-03 03:39:25,399 INFO  server.RaftServerConfigKeys (ConfUtils.java:logGet(43)) - raft.server.log.statemachine.data.caching.enabled = true (custom)
2019-08-03 03:39:25,399 INFO  segmented.SegmentedRaftLogWorker (SegmentedRaftLogWorker.java:lambda$new$0(132)) - 144b7e8f-f123-4693-b674-64fe6260ef49-SegmentedRaftLogWorker:Storage Directory /workdir/hadoop-ozone/integration-test/target/test-dir/MiniOzoneClusterImpl-ba793efa-c700-45ae-b3d7-7588d56d7037/datanode-3/data/ratis/557fa839-73b6-45a4-91c4-8ca8069a395f: flushIndex: setUnconditionally 0 -> -1
2019-08-03 03:39:25,399 INFO  server.RaftServerConfigKeys (ConfUtils.java:logGet(43)) - raft.server.snapshot.auto.trigger.enabled = true (custom)
2019-08-03 03:39:25,399 INFO  server.RaftServerConfigKeys (ConfUtils.java:logGet(43)) - raft.server.snapshot.auto.trigger.threshold = 10000 (custom)
2019-08-03 03:39:25,400 INFO  server.RaftServerConfigKeys (ConfUtils.java:logGet(43)) - raft.server.retrycache.expirytime = 600000ms (custom)
2019-08-03 03:39:25,400 INFO  impl.RaftServerImpl (RaftServerImpl.java:start(180)) - 144b7e8f-f123-4693-b674-64fe6260ef49: start group-8CA8069A395F
2019-08-03 03:39:25,400 INFO  impl.RaftServerImpl (RaftServerImpl.java:setRole(171)) - 144b7e8f-f123-4693-b674-64fe6260ef49:group-8CA8069A395F changes role from null to FOLLOWER at term 0 for startAsFollower
2019-08-03 03:39:25,400 INFO  impl.RoleInfo (RoleInfo.java:updateAndGet(143)) - 144b7e8f-f123-4693-b674-64fe6260ef49: start FollowerState
2019-08-03 03:39:25,400 INFO  util.JmxRegister (JmxRegister.java:tryRegister(44)) - Successfully registered JMX Bean with object name Ratis:service=RaftServer,group=group-8CA8069A395F,id=144b7e8f-f123-4693-b674-64fe6260ef49
2019-08-03 03:39:25,402 INFO  pipeline.PipelineStateManager (PipelineStateManager.java:addPipeline(56)) - Created pipeline Pipeline[ Id: 557fa839-73b6-45a4-91c4-8ca8069a395f, Nodes: 144b7e8f-f123-4693-b674-64fe6260ef49{ip: 192.168.5.147, host: byscane-nightly-b86qh-2100283676, networkLocation: /default-rack, certSerialId: null}, Type:RATIS, Factor:ONE, State:OPEN]
2019-08-03 03:39:25,569 INFO  net.NetworkTopology (NetworkTopologyImpl.java:add(110)) - Added a new node: /default-rack/2f1dc277-5799-4794-ae47-954d43e96421
2019-08-03 03:39:25,569 INFO  node.SCMNodeManager (SCMNodeManager.java:register(273)) - Registered Data node : 2f1dc277-5799-4794-ae47-954d43e96421{ip: 192.168.5.147, host: byscane-nightly-b86qh-2100283676, networkLocation: /default-rack, certSerialId: null}
2019-08-03 03:39:25,580 INFO  impl.RaftServerProxy (RaftServerProxy.java:addNew(89)) - 2f1dc277-5799-4794-ae47-954d43e96421: addNew group-50F2FF970879:[2f1dc277-5799-4794-ae47-954d43e96421:192.168.5.147:46108] returns group-50F2FF970879:java.util.concurrent.CompletableFuture@47d118ba[Not completed]
2019-08-03 03:39:25,581 INFO  impl.RaftServerImpl (RaftServerImpl.java:<init>(93)) - 2f1dc277-5799-4794-ae47-954d43e96421: new RaftServerImpl for group-50F2FF970879:[2f1dc277-5799-4794-ae47-954d43e96421:192.168.5.147:46108] with ContainerStateMachine:uninitialized
2019-08-03 03:39:25,581 INFO  server.RaftServerConfigKeys (ConfUtils.java:logGet(43)) - raft.server.rpc.timeout.min = 5s (custom)
2019-08-03 03:39:25,581 INFO  server.RaftServerConfigKeys (ConfUtils.java:logGet(43)) - raft.server.rpc.timeout.max = 5200ms (custom)
2019-08-03 03:39:25,581 INFO  server.RaftServerConfigKeys (ConfUtils.java:logGet(43)) - raft.server.rpcslowness.timeout = 120s (custom)
2019-08-03 03:39:25,582 INFO  server.RaftServerConfigKeys (ConfUtils.java:logGet(43)) - raft.server.sleep.deviation.threshold = 300 (default)
2019-08-03 03:39:25,582 INFO  server.RaftServerConfigKeys (ConfUtils.java:logGet(43)) - raft.server.log.appender.install.snapshot.enabled = false (custom)
2019-08-03 03:39:25,582 INFO  impl.RaftServerImpl (ServerState.java:<init>(105)) - 2f1dc277-5799-4794-ae47-954d43e96421:group-50F2FF970879 ConfigurationManager, init=-1: [2f1dc277-5799-4794-ae47-954d43e96421:192.168.5.147:46108], old=null, confs=<EMPTY_MAP>
2019-08-03 03:39:25,582 INFO  server.RaftServerConfigKeys (ConfUtils.java:logGet(43)) - raft.server.storage.dir = [/workdir/hadoop-ozone/integration-test/target/test-dir/MiniOzoneClusterImpl-ba793efa-c700-45ae-b3d7-7588d56d7037/datanode-4/data/ratis] (custom)
2019-08-03 03:39:25,583 INFO  storage.RaftStorageDirectory (RaftStorageDirectory.java:analyzeStorage(246)) - The storage directory /workdir/hadoop-ozone/integration-test/target/test-dir/MiniOzoneClusterImpl-ba793efa-c700-45ae-b3d7-7588d56d7037/datanode-4/data/ratis/2b7cb506-8304-4a2f-8d26-50f2ff970879 does not exist. Creating ...
2019-08-03 03:39:25,588 INFO  storage.RaftStorageDirectory (RaftStorageDirectory.java:tryLock(328)) - Lock on /workdir/hadoop-ozone/integration-test/target/test-dir/MiniOzoneClusterImpl-ba793efa-c700-45ae-b3d7-7588d56d7037/datanode-4/data/ratis/2b7cb506-8304-4a2f-8d26-50f2ff970879/in_use.lock acquired by nodename 478@byscane-nightly-b86qh-2100283676
2019-08-03 03:39:25,591 INFO  storage.RaftStorage (RaftStorage.java:format(72)) - Storage directory /workdir/hadoop-ozone/integration-test/target/test-dir/MiniOzoneClusterImpl-ba793efa-c700-45ae-b3d7-7588d56d7037/datanode-4/data/ratis/2b7cb506-8304-4a2f-8d26-50f2ff970879 has been successfully formatted.
2019-08-03 03:39:25,591 INFO  ratis.ContainerStateMachine (ContainerStateMachine.java:loadSnapshot(213)) - group-50F2FF970879: The snapshot info is null. Setting the last applied indexto:(t:0, i:~)
2019-08-03 03:39:25,592 INFO  server.RaftServerConfigKeys (ConfUtils.java:logGet(43)) - raft.server.leader.election.timeout = 120s (custom)
2019-08-03 03:39:25,592 INFO  server.RaftServerConfigKeys (ConfUtils.java:logGet(43)) - raft.server.log.use.memory = false (default)
2019-08-03 03:39:25,592 INFO  server.RaftServerConfigKeys (ConfUtils.java:logGet(43)) - raft.server.log.purge.gap = 1000000000 (custom)
2019-08-03 03:39:25,592 INFO  server.RaftServerConfigKeys (ConfUtils.java:logGet(43)) - raft.server.log.appender.buffer.byte-limit = 33554432 (custom)
2019-08-03 03:39:25,592 INFO  server.RaftServerConfigKeys (ConfUtils.java:logGet(43)) - raft.server.log.segment.size.max = 1048576 (custom)
2019-08-03 03:39:25,592 INFO  server.RaftServerConfigKeys (ConfUtils.java:logGet(43)) - raft.server.log.segment.cache.num.max = 2 (custom)
2019-08-03 03:39:25,593 INFO  segmented.SegmentedRaftLogWorker (SegmentedRaftLogWorker.java:<init>(172)) - new 2f1dc277-5799-4794-ae47-954d43e96421-SegmentedRaftLogWorker:Storage Directory /workdir/hadoop-ozone/integration-test/target/test-dir/MiniOzoneClusterImpl-ba793efa-c700-45ae-b3d7-7588d56d7037/datanode-4/data/ratis/2b7cb506-8304-4a2f-8d26-50f2ff970879 for RaftStorage:Storage Directory /workdir/hadoop-ozone/integration-test/target/test-dir/MiniOzoneClusterImpl-ba793efa-c700-45ae-b3d7-7588d56d7037/datanode-4/data/ratis/2b7cb506-8304-4a2f-8d26-50f2ff970879
2019-08-03 03:39:25,593 INFO  server.RaftServerConfigKeys (ConfUtils.java:logGet(43)) - raft.server.log.queue.byte-limit = 2147483647 (custom)
2019-08-03 03:39:25,593 INFO  server.RaftServerConfigKeys (ConfUtils.java:logGet(43)) - raft.server.log.queue.element-limit = 1024 (custom)
2019-08-03 03:39:25,593 INFO  server.RaftServerConfigKeys (ConfUtils.java:logGet(43)) - raft.server.log.segment.size.max = 1048576 (custom)
2019-08-03 03:39:25,593 INFO  server.RaftServerConfigKeys (ConfUtils.java:logGet(43)) - raft.server.log.preallocated.size = 16384 (custom)
2019-08-03 03:39:25,594 INFO  server.RaftServerConfigKeys (ConfUtils.java:logGet(43)) - raft.server.log.write.buffer.size = 33554432 (custom)
2019-08-03 03:39:25,594 INFO  server.RaftServerConfigKeys (ConfUtils.java:logGet(43)) - raft.server.log.force.sync.num = 128 (default)
2019-08-03 03:39:25,594 INFO  server.RaftServerConfigKeys (ConfUtils.java:logGet(43)) - raft.server.log.statemachine.data.sync = true (default)
2019-08-03 03:39:25,594 INFO  server.RaftServerConfigKeys (ConfUtils.java:logGet(43)) - raft.server.log.statemachine.data.sync.timeout = 10s (default)
2019-08-03 03:39:25,594 INFO  server.RaftServerConfigKeys (ConfUtils.java:logGet(43)) - raft.server.log.statemachine.data.sync.timeout.retry = -1 (default)
2019-08-03 03:39:25,594 INFO  server.RaftServerConfigKeys (ConfUtils.java:logGet(43)) - raft.server.log.statemachine.data.caching.enabled = true (custom)
2019-08-03 03:39:25,595 INFO  segmented.SegmentedRaftLogWorker (SegmentedRaftLogWorker.java:lambda$new$0(132)) - 2f1dc277-5799-4794-ae47-954d43e96421-SegmentedRaftLogWorker:Storage Directory /workdir/hadoop-ozone/integration-test/target/test-dir/MiniOzoneClusterImpl-ba793efa-c700-45ae-b3d7-7588d56d7037/datanode-4/data/ratis/2b7cb506-8304-4a2f-8d26-50f2ff970879: flushIndex: setUnconditionally 0 -> -1
2019-08-03 03:39:25,595 INFO  server.RaftServerConfigKeys (ConfUtils.java:logGet(43)) - raft.server.snapshot.auto.trigger.enabled = true (custom)
2019-08-03 03:39:25,595 INFO  server.RaftServerConfigKeys (ConfUtils.java:logGet(43)) - raft.server.snapshot.auto.trigger.threshold = 10000 (custom)
2019-08-03 03:39:25,595 INFO  server.RaftServerConfigKeys (ConfUtils.java:logGet(43)) - raft.server.retrycache.expirytime = 600000ms (custom)
2019-08-03 03:39:25,596 INFO  impl.RaftServerImpl (RaftServerImpl.java:start(180)) - 2f1dc277-5799-4794-ae47-954d43e96421: start group-50F2FF970879
2019-08-03 03:39:25,596 INFO  impl.RaftServerImpl (RaftServerImpl.java:setRole(171)) - 2f1dc277-5799-4794-ae47-954d43e96421:group-50F2FF970879 changes role from null to FOLLOWER at term 0 for startAsFollower
2019-08-03 03:39:25,596 INFO  impl.RoleInfo (RoleInfo.java:updateAndGet(143)) - 2f1dc277-5799-4794-ae47-954d43e96421: start FollowerState
2019-08-03 03:39:25,596 INFO  util.JmxRegister (JmxRegister.java:tryRegister(44)) - Successfully registered JMX Bean with object name Ratis:service=RaftServer,group=group-50F2FF970879,id=2f1dc277-5799-4794-ae47-954d43e96421
2019-08-03 03:39:25,599 INFO  pipeline.PipelineStateManager (PipelineStateManager.java:addPipeline(56)) - Created pipeline Pipeline[ Id: 2b7cb506-8304-4a2f-8d26-50f2ff970879, Nodes: 2f1dc277-5799-4794-ae47-954d43e96421{ip: 192.168.5.147, host: byscane-nightly-b86qh-2100283676, networkLocation: /default-rack, certSerialId: null}, Type:RATIS, Factor:ONE, State:OPEN]
2019-08-03 03:39:25,758 INFO  net.NetworkTopology (NetworkTopologyImpl.java:add(110)) - Added a new node: /default-rack/1c872a75-9c86-4745-88b3-464e5192de7a
2019-08-03 03:39:25,759 INFO  node.SCMNodeManager (SCMNodeManager.java:register(273)) - Registered Data node : 1c872a75-9c86-4745-88b3-464e5192de7a{ip: 192.168.5.147, host: byscane-nightly-b86qh-2100283676, networkLocation: /default-rack, certSerialId: null}
2019-08-03 03:39:25,770 INFO  impl.RaftServerProxy (RaftServerProxy.java:addNew(89)) - 1c872a75-9c86-4745-88b3-464e5192de7a: addNew group-F02CED627A44:[1c872a75-9c86-4745-88b3-464e5192de7a:192.168.5.147:32969] returns group-F02CED627A44:java.util.concurrent.CompletableFuture@c44fe20[Not completed]
2019-08-03 03:39:25,771 INFO  impl.RaftServerImpl (RaftServerImpl.java:<init>(93)) - 1c872a75-9c86-4745-88b3-464e5192de7a: new RaftServerImpl for group-F02CED627A44:[1c872a75-9c86-4745-88b3-464e5192de7a:192.168.5.147:32969] with ContainerStateMachine:uninitialized
2019-08-03 03:39:25,771 INFO  server.RaftServerConfigKeys (ConfUtils.java:logGet(43)) - raft.server.rpc.timeout.min = 5s (custom)
2019-08-03 03:39:25,771 INFO  server.RaftServerConfigKeys (ConfUtils.java:logGet(43)) - raft.server.rpc.timeout.max = 5200ms (custom)
2019-08-03 03:39:25,771 INFO  server.RaftServerConfigKeys (ConfUtils.java:logGet(43)) - raft.server.rpcslowness.timeout = 120s (custom)
2019-08-03 03:39:25,772 INFO  server.RaftServerConfigKeys (ConfUtils.java:logGet(43)) - raft.server.sleep.deviation.threshold = 300 (default)
2019-08-03 03:39:25,772 INFO  server.RaftServerConfigKeys (ConfUtils.java:logGet(43)) - raft.server.log.appender.install.snapshot.enabled = false (custom)
2019-08-03 03:39:25,772 INFO  impl.RaftServerImpl (ServerState.java:<init>(105)) - 1c872a75-9c86-4745-88b3-464e5192de7a:group-F02CED627A44 ConfigurationManager, init=-1: [1c872a75-9c86-4745-88b3-464e5192de7a:192.168.5.147:32969], old=null, confs=<EMPTY_MAP>
2019-08-03 03:39:25,772 INFO  server.RaftServerConfigKeys (ConfUtils.java:logGet(43)) - raft.server.storage.dir = [/workdir/hadoop-ozone/integration-test/target/test-dir/MiniOzoneClusterImpl-ba793efa-c700-45ae-b3d7-7588d56d7037/datanode-5/data/ratis] (custom)
2019-08-03 03:39:25,772 INFO  storage.RaftStorageDirectory (RaftStorageDirectory.java:analyzeStorage(246)) - The storage directory /workdir/hadoop-ozone/integration-test/target/test-dir/MiniOzoneClusterImpl-ba793efa-c700-45ae-b3d7-7588d56d7037/datanode-5/data/ratis/54d09ebf-29d9-43a4-aa35-f02ced627a44 does not exist. Creating ...
2019-08-03 03:39:25,784 INFO  storage.RaftStorageDirectory (RaftStorageDirectory.java:tryLock(328)) - Lock on /workdir/hadoop-ozone/integration-test/target/test-dir/MiniOzoneClusterImpl-ba793efa-c700-45ae-b3d7-7588d56d7037/datanode-5/data/ratis/54d09ebf-29d9-43a4-aa35-f02ced627a44/in_use.lock acquired by nodename 478@byscane-nightly-b86qh-2100283676
2019-08-03 03:39:25,788 INFO  storage.RaftStorage (RaftStorage.java:format(72)) - Storage directory /workdir/hadoop-ozone/integration-test/target/test-dir/MiniOzoneClusterImpl-ba793efa-c700-45ae-b3d7-7588d56d7037/datanode-5/data/ratis/54d09ebf-29d9-43a4-aa35-f02ced627a44 has been successfully formatted.
2019-08-03 03:39:25,789 INFO  ratis.ContainerStateMachine (ContainerStateMachine.java:loadSnapshot(213)) - group-F02CED627A44: The snapshot info is null. Setting the last applied indexto:(t:0, i:~)
2019-08-03 03:39:25,789 INFO  server.RaftServerConfigKeys (ConfUtils.java:logGet(43)) - raft.server.leader.election.timeout = 120s (custom)
2019-08-03 03:39:25,789 INFO  server.RaftServerConfigKeys (ConfUtils.java:logGet(43)) - raft.server.log.use.memory = false (default)
2019-08-03 03:39:25,789 INFO  server.RaftServerConfigKeys (ConfUtils.java:logGet(43)) - raft.server.log.purge.gap = 1000000000 (custom)
2019-08-03 03:39:25,789 INFO  server.RaftServerConfigKeys (ConfUtils.java:logGet(43)) - raft.server.log.appender.buffer.byte-limit = 33554432 (custom)
2019-08-03 03:39:25,789 INFO  server.RaftServerConfigKeys (ConfUtils.java:logGet(43)) - raft.server.log.segment.size.max = 1048576 (custom)
2019-08-03 03:39:25,790 INFO  server.RaftServerConfigKeys (ConfUtils.java:logGet(43)) - raft.server.log.segment.cache.num.max = 2 (custom)
2019-08-03 03:39:25,790 INFO  segmented.SegmentedRaftLogWorker (SegmentedRaftLogWorker.java:<init>(172)) - new 1c872a75-9c86-4745-88b3-464e5192de7a-SegmentedRaftLogWorker:Storage Directory /workdir/hadoop-ozone/integration-test/target/test-dir/MiniOzoneClusterImpl-ba793efa-c700-45ae-b3d7-7588d56d7037/datanode-5/data/ratis/54d09ebf-29d9-43a4-aa35-f02ced627a44 for RaftStorage:Storage Directory /workdir/hadoop-ozone/integration-test/target/test-dir/MiniOzoneClusterImpl-ba793efa-c700-45ae-b3d7-7588d56d7037/datanode-5/data/ratis/54d09ebf-29d9-43a4-aa35-f02ced627a44
2019-08-03 03:39:25,790 INFO  server.RaftServerConfigKeys (ConfUtils.java:logGet(43)) - raft.server.log.queue.byte-limit = 2147483647 (custom)
2019-08-03 03:39:25,790 INFO  server.RaftServerConfigKeys (ConfUtils.java:logGet(43)) - raft.server.log.queue.element-limit = 1024 (custom)
2019-08-03 03:39:25,790 INFO  server.RaftServerConfigKeys (ConfUtils.java:logGet(43)) - raft.server.log.segment.size.max = 1048576 (custom)
2019-08-03 03:39:25,790 INFO  server.RaftServerConfigKeys (ConfUtils.java:logGet(43)) - raft.server.log.preallocated.size = 16384 (custom)
2019-08-03 03:39:25,790 INFO  server.RaftServerConfigKeys (ConfUtils.java:logGet(43)) - raft.server.log.write.buffer.size = 33554432 (custom)
2019-08-03 03:39:25,791 INFO  server.RaftServerConfigKeys (ConfUtils.java:logGet(43)) - raft.server.log.force.sync.num = 128 (default)
2019-08-03 03:39:25,791 INFO  server.RaftServerConfigKeys (ConfUtils.java:logGet(43)) - raft.server.log.statemachine.data.sync = true (default)
2019-08-03 03:39:25,791 INFO  server.RaftServerConfigKeys (ConfUtils.java:logGet(43)) - raft.server.log.statemachine.data.sync.timeout = 10s (default)
2019-08-03 03:39:25,791 INFO  server.RaftServerConfigKeys (ConfUtils.java:logGet(43)) - raft.server.log.statemachine.data.sync.timeout.retry = -1 (default)
2019-08-03 03:39:25,791 INFO  server.RaftServerConfigKeys (ConfUtils.java:logGet(43)) - raft.server.log.statemachine.data.caching.enabled = true (custom)
2019-08-03 03:39:25,792 INFO  segmented.SegmentedRaftLogWorker (SegmentedRaftLogWorker.java:lambda$new$0(132)) - 1c872a75-9c86-4745-88b3-464e5192de7a-SegmentedRaftLogWorker:Storage Directory /workdir/hadoop-ozone/integration-test/target/test-dir/MiniOzoneClusterImpl-ba793efa-c700-45ae-b3d7-7588d56d7037/datanode-5/data/ratis/54d09ebf-29d9-43a4-aa35-f02ced627a44: flushIndex: setUnconditionally 0 -> -1
2019-08-03 03:39:25,792 INFO  server.RaftServerConfigKeys (ConfUtils.java:logGet(43)) - raft.server.snapshot.auto.trigger.enabled = true (custom)
2019-08-03 03:39:25,792 INFO  server.RaftServerConfigKeys (ConfUtils.java:logGet(43)) - raft.server.snapshot.auto.trigger.threshold = 10000 (custom)
2019-08-03 03:39:25,792 INFO  server.RaftServerConfigKeys (ConfUtils.java:logGet(43)) - raft.server.retrycache.expirytime = 600000ms (custom)
2019-08-03 03:39:25,792 INFO  impl.RaftServerImpl (RaftServerImpl.java:start(180)) - 1c872a75-9c86-4745-88b3-464e5192de7a: start group-F02CED627A44
2019-08-03 03:39:25,793 INFO  impl.RaftServerImpl (RaftServerImpl.java:setRole(171)) - 1c872a75-9c86-4745-88b3-464e5192de7a:group-F02CED627A44 changes role from null to FOLLOWER at term 0 for startAsFollower
2019-08-03 03:39:25,793 INFO  impl.RoleInfo (RoleInfo.java:updateAndGet(143)) - 1c872a75-9c86-4745-88b3-464e5192de7a: start FollowerState
2019-08-03 03:39:25,793 INFO  util.JmxRegister (JmxRegister.java:tryRegister(44)) - Successfully registered JMX Bean with object name Ratis:service=RaftServer,group=group-F02CED627A44,id=1c872a75-9c86-4745-88b3-464e5192de7a
2019-08-03 03:39:25,795 INFO  pipeline.PipelineStateManager (PipelineStateManager.java:addPipeline(56)) - Created pipeline Pipeline[ Id: 54d09ebf-29d9-43a4-aa35-f02ced627a44, Nodes: 1c872a75-9c86-4745-88b3-464e5192de7a{ip: 192.168.5.147, host: byscane-nightly-b86qh-2100283676, networkLocation: /default-rack, certSerialId: null}, Type:RATIS, Factor:ONE, State:OPEN]
2019-08-03 03:39:25,815 INFO  impl.RaftServerProxy (RaftServerProxy.java:addNew(89)) - 1c872a75-9c86-4745-88b3-464e5192de7a: addNew group-145E3D1A1685:[144b7e8f-f123-4693-b674-64fe6260ef49:192.168.5.147:45087, 1c872a75-9c86-4745-88b3-464e5192de7a:192.168.5.147:32969, 2f1dc277-5799-4794-ae47-954d43e96421:192.168.5.147:46108] returns group-145E3D1A1685:java.util.concurrent.CompletableFuture@46853931[Not completed]
2019-08-03 03:39:25,815 INFO  impl.RaftServerProxy (RaftServerProxy.java:addNew(89)) - 144b7e8f-f123-4693-b674-64fe6260ef49: addNew group-145E3D1A1685:[144b7e8f-f123-4693-b674-64fe6260ef49:192.168.5.147:45087, 1c872a75-9c86-4745-88b3-464e5192de7a:192.168.5.147:32969, 2f1dc277-5799-4794-ae47-954d43e96421:192.168.5.147:46108] returns group-145E3D1A1685:java.util.concurrent.CompletableFuture@74456fb6[Not completed]
2019-08-03 03:39:25,815 INFO  impl.RaftServerProxy (RaftServerProxy.java:addNew(89)) - 2f1dc277-5799-4794-ae47-954d43e96421: addNew group-145E3D1A1685:[144b7e8f-f123-4693-b674-64fe6260ef49:192.168.5.147:45087, 1c872a75-9c86-4745-88b3-464e5192de7a:192.168.5.147:32969, 2f1dc277-5799-4794-ae47-954d43e96421:192.168.5.147:46108] returns group-145E3D1A1685:java.util.concurrent.CompletableFuture@305f2d99[Not completed]
2019-08-03 03:39:25,816 INFO  impl.RaftServerImpl (RaftServerImpl.java:<init>(93)) - 2f1dc277-5799-4794-ae47-954d43e96421: new RaftServerImpl for group-145E3D1A1685:[144b7e8f-f123-4693-b674-64fe6260ef49:192.168.5.147:45087, 1c872a75-9c86-4745-88b3-464e5192de7a:192.168.5.147:32969, 2f1dc277-5799-4794-ae47-954d43e96421:192.168.5.147:46108] with ContainerStateMachine:uninitialized
2019-08-03 03:39:25,816 INFO  server.RaftServerConfigKeys (ConfUtils.java:logGet(43)) - raft.server.rpc.timeout.min = 5s (custom)
2019-08-03 03:39:25,816 INFO  server.RaftServerConfigKeys (ConfUtils.java:logGet(43)) - raft.server.rpc.timeout.max = 5200ms (custom)
2019-08-03 03:39:25,816 INFO  server.RaftServerConfigKeys (ConfUtils.java:logGet(43)) - raft.server.rpcslowness.timeout = 120s (custom)
2019-08-03 03:39:25,816 INFO  impl.RaftServerImpl (RaftServerImpl.java:<init>(93)) - 1c872a75-9c86-4745-88b3-464e5192de7a: new RaftServerImpl for group-145E3D1A1685:[144b7e8f-f123-4693-b674-64fe6260ef49:192.168.5.147:45087, 1c872a75-9c86-4745-88b3-464e5192de7a:192.168.5.147:32969, 2f1dc277-5799-4794-ae47-954d43e96421:192.168.5.147:46108] with ContainerStateMachine:uninitialized
2019-08-03 03:39:25,816 INFO  server.RaftServerConfigKeys (ConfUtils.java:logGet(43)) - raft.server.sleep.deviation.threshold = 300 (default)
2019-08-03 03:39:25,816 INFO  server.RaftServerConfigKeys (ConfUtils.java:logGet(43)) - raft.server.rpc.timeout.min = 5s (custom)
2019-08-03 03:39:25,816 INFO  server.RaftServerConfigKeys (ConfUtils.java:logGet(43)) - raft.server.log.appender.install.snapshot.enabled = false (custom)
2019-08-03 03:39:25,816 INFO  impl.RaftServerImpl (RaftServerImpl.java:<init>(93)) - 144b7e8f-f123-4693-b674-64fe6260ef49: new RaftServerImpl for group-145E3D1A1685:[144b7e8f-f123-4693-b674-64fe6260ef49:192.168.5.147:45087, 1c872a75-9c86-4745-88b3-464e5192de7a:192.168.5.147:32969, 2f1dc277-5799-4794-ae47-954d43e96421:192.168.5.147:46108] with ContainerStateMachine:uninitialized
2019-08-03 03:39:25,817 INFO  impl.RaftServerImpl (ServerState.java:<init>(105)) - 2f1dc277-5799-4794-ae47-954d43e96421:group-145E3D1A1685 ConfigurationManager, init=-1: [144b7e8f-f123-4693-b674-64fe6260ef49:192.168.5.147:45087, 1c872a75-9c86-4745-88b3-464e5192de7a:192.168.5.147:32969, 2f1dc277-5799-4794-ae47-954d43e96421:192.168.5.147:46108], old=null, confs=<EMPTY_MAP>
2019-08-03 03:39:25,816 INFO  server.RaftServerConfigKeys (ConfUtils.java:logGet(43)) - raft.server.rpc.timeout.max = 5200ms (custom)
2019-08-03 03:39:25,817 INFO  server.RaftServerConfigKeys (ConfUtils.java:logGet(43)) - raft.server.storage.dir = [/workdir/hadoop-ozone/integration-test/target/test-dir/MiniOzoneClusterImpl-ba793efa-c700-45ae-b3d7-7588d56d7037/datanode-4/data/ratis] (custom)
2019-08-03 03:39:25,817 INFO  server.RaftServerConfigKeys (ConfUtils.java:logGet(43)) - raft.server.rpc.timeout.min = 5s (custom)
2019-08-03 03:39:25,817 INFO  server.RaftServerConfigKeys (ConfUtils.java:logGet(43)) - raft.server.rpcslowness.timeout = 120s (custom)
2019-08-03 03:39:25,817 INFO  server.RaftServerConfigKeys (ConfUtils.java:logGet(43)) - raft.server.rpc.timeout.max = 5200ms (custom)
2019-08-03 03:39:25,817 INFO  storage.RaftStorageDirectory (RaftStorageDirectory.java:analyzeStorage(246)) - The storage directory /workdir/hadoop-ozone/integration-test/target/test-dir/MiniOzoneClusterImpl-ba793efa-c700-45ae-b3d7-7588d56d7037/datanode-4/data/ratis/75a2fa92-5d3b-48f6-bd11-145e3d1a1685 does not exist. Creating ...
2019-08-03 03:39:25,818 INFO  server.RaftServerConfigKeys (ConfUtils.java:logGet(43)) - raft.server.rpcslowness.timeout = 120s (custom)
2019-08-03 03:39:25,818 INFO  server.RaftServerConfigKeys (ConfUtils.java:logGet(43)) - raft.server.sleep.deviation.threshold = 300 (default)
2019-08-03 03:39:25,817 INFO  server.RaftServerConfigKeys (ConfUtils.java:logGet(43)) - raft.server.sleep.deviation.threshold = 300 (default)
2019-08-03 03:39:25,818 INFO  server.RaftServerConfigKeys (ConfUtils.java:logGet(43)) - raft.server.log.appender.install.snapshot.enabled = false (custom)
2019-08-03 03:39:25,818 INFO  server.RaftServerConfigKeys (ConfUtils.java:logGet(43)) - raft.server.log.appender.install.snapshot.enabled = false (custom)
2019-08-03 03:39:25,818 INFO  impl.RaftServerImpl (ServerState.java:<init>(105)) - 144b7e8f-f123-4693-b674-64fe6260ef49:group-145E3D1A1685 ConfigurationManager, init=-1: [144b7e8f-f123-4693-b674-64fe6260ef49:192.168.5.147:45087, 1c872a75-9c86-4745-88b3-464e5192de7a:192.168.5.147:32969, 2f1dc277-5799-4794-ae47-954d43e96421:192.168.5.147:46108], old=null, confs=<EMPTY_MAP>
2019-08-03 03:39:25,818 INFO  impl.RaftServerImpl (ServerState.java:<init>(105)) - 1c872a75-9c86-4745-88b3-464e5192de7a:group-145E3D1A1685 ConfigurationManager, init=-1: [144b7e8f-f123-4693-b674-64fe6260ef49:192.168.5.147:45087, 1c872a75-9c86-4745-88b3-464e5192de7a:192.168.5.147:32969, 2f1dc277-5799-4794-ae47-954d43e96421:192.168.5.147:46108], old=null, confs=<EMPTY_MAP>
2019-08-03 03:39:25,818 INFO  server.RaftServerConfigKeys (ConfUtils.java:logGet(43)) - raft.server.storage.dir = [/workdir/hadoop-ozone/integration-test/target/test-dir/MiniOzoneClusterImpl-ba793efa-c700-45ae-b3d7-7588d56d7037/datanode-3/data/ratis] (custom)
2019-08-03 03:39:25,819 INFO  server.RaftServerConfigKeys (ConfUtils.java:logGet(43)) - raft.server.storage.dir = [/workdir/hadoop-ozone/integration-test/target/test-dir/MiniOzoneClusterImpl-ba793efa-c700-45ae-b3d7-7588d56d7037/datanode-5/data/ratis] (custom)
2019-08-03 03:39:25,819 INFO  storage.RaftStorageDirectory (RaftStorageDirectory.java:analyzeStorage(246)) - The storage directory /workdir/hadoop-ozone/integration-test/target/test-dir/MiniOzoneClusterImpl-ba793efa-c700-45ae-b3d7-7588d56d7037/datanode-3/data/ratis/75a2fa92-5d3b-48f6-bd11-145e3d1a1685 does not exist. Creating ...
2019-08-03 03:39:25,819 INFO  storage.RaftStorageDirectory (RaftStorageDirectory.java:analyzeStorage(246)) - The storage directory /workdir/hadoop-ozone/integration-test/target/test-dir/MiniOzoneClusterImpl-ba793efa-c700-45ae-b3d7-7588d56d7037/datanode-5/data/ratis/75a2fa92-5d3b-48f6-bd11-145e3d1a1685 does not exist. Creating ...
2019-08-03 03:39:25,822 INFO  storage.RaftStorageDirectory (RaftStorageDirectory.java:tryLock(328)) - Lock on /workdir/hadoop-ozone/integration-test/target/test-dir/MiniOzoneClusterImpl-ba793efa-c700-45ae-b3d7-7588d56d7037/datanode-5/data/ratis/75a2fa92-5d3b-48f6-bd11-145e3d1a1685/in_use.lock acquired by nodename 478@byscane-nightly-b86qh-2100283676
2019-08-03 03:39:25,822 INFO  storage.RaftStorageDirectory (RaftStorageDirectory.java:tryLock(328)) - Lock on /workdir/hadoop-ozone/integration-test/target/test-dir/MiniOzoneClusterImpl-ba793efa-c700-45ae-b3d7-7588d56d7037/datanode-3/data/ratis/75a2fa92-5d3b-48f6-bd11-145e3d1a1685/in_use.lock acquired by nodename 478@byscane-nightly-b86qh-2100283676
2019-08-03 03:39:25,822 INFO  storage.RaftStorageDirectory (RaftStorageDirectory.java:tryLock(328)) - Lock on /workdir/hadoop-ozone/integration-test/target/test-dir/MiniOzoneClusterImpl-ba793efa-c700-45ae-b3d7-7588d56d7037/datanode-4/data/ratis/75a2fa92-5d3b-48f6-bd11-145e3d1a1685/in_use.lock acquired by nodename 478@byscane-nightly-b86qh-2100283676
2019-08-03 03:39:25,826 INFO  storage.RaftStorage (RaftStorage.java:format(72)) - Storage directory /workdir/hadoop-ozone/integration-test/target/test-dir/MiniOzoneClusterImpl-ba793efa-c700-45ae-b3d7-7588d56d7037/datanode-5/data/ratis/75a2fa92-5d3b-48f6-bd11-145e3d1a1685 has been successfully formatted.
2019-08-03 03:39:25,826 INFO  storage.RaftStorage (RaftStorage.java:format(72)) - Storage directory /workdir/hadoop-ozone/integration-test/target/test-dir/MiniOzoneClusterImpl-ba793efa-c700-45ae-b3d7-7588d56d7037/datanode-3/data/ratis/75a2fa92-5d3b-48f6-bd11-145e3d1a1685 has been successfully formatted.
2019-08-03 03:39:25,826 INFO  storage.RaftStorage (RaftStorage.java:format(72)) - Storage directory /workdir/hadoop-ozone/integration-test/target/test-dir/MiniOzoneClusterImpl-ba793efa-c700-45ae-b3d7-7588d56d7037/datanode-4/data/ratis/75a2fa92-5d3b-48f6-bd11-145e3d1a1685 has been successfully formatted.
2019-08-03 03:39:25,827 INFO  ratis.ContainerStateMachine (ContainerStateMachine.java:loadSnapshot(213)) - group-145E3D1A1685: The snapshot info is null. Setting the last applied indexto:(t:0, i:~)
2019-08-03 03:39:25,826 INFO  ratis.ContainerStateMachine (ContainerStateMachine.java:loadSnapshot(213)) - group-145E3D1A1685: The snapshot info is null. Setting the last applied indexto:(t:0, i:~)
2019-08-03 03:39:25,827 INFO  server.RaftServerConfigKeys (ConfUtils.java:logGet(43)) - raft.server.leader.election.timeout = 120s (custom)
2019-08-03 03:39:25,827 INFO  ratis.ContainerStateMachine (ContainerStateMachine.java:loadSnapshot(213)) - group-145E3D1A1685: The snapshot info is null. Setting the last applied indexto:(t:0, i:~)
2019-08-03 03:39:25,827 INFO  server.RaftServerConfigKeys (ConfUtils.java:logGet(43)) - raft.server.log.use.memory = false (default)
2019-08-03 03:39:25,827 INFO  server.RaftServerConfigKeys (ConfUtils.java:logGet(43)) - raft.server.leader.election.timeout = 120s (custom)
2019-08-03 03:39:25,827 INFO  server.RaftServerConfigKeys (ConfUtils.java:logGet(43)) - raft.server.log.purge.gap = 1000000000 (custom)
2019-08-03 03:39:25,827 INFO  server.RaftServerConfigKeys (ConfUtils.java:logGet(43)) - raft.server.leader.election.timeout = 120s (custom)
2019-08-03 03:39:25,828 INFO  server.RaftServerConfigKeys (ConfUtils.java:logGet(43)) - raft.server.log.appender.buffer.byte-limit = 33554432 (custom)
2019-08-03 03:39:25,827 INFO  server.RaftServerConfigKeys (ConfUtils.java:logGet(43)) - raft.server.log.use.memory = false (default)
2019-08-03 03:39:25,828 INFO  server.RaftServerConfigKeys (ConfUtils.java:logGet(43)) - raft.server.log.segment.size.max = 1048576 (custom)
2019-08-03 03:39:25,828 INFO  server.RaftServerConfigKeys (ConfUtils.java:logGet(43)) - raft.server.log.use.memory = false (default)
2019-08-03 03:39:25,828 INFO  server.RaftServerConfigKeys (ConfUtils.java:logGet(43)) - raft.server.log.segment.cache.num.max = 2 (custom)
2019-08-03 03:39:25,828 INFO  server.RaftServerConfigKeys (ConfUtils.java:logGet(43)) - raft.server.log.purge.gap = 1000000000 (custom)
2019-08-03 03:39:25,829 INFO  segmented.SegmentedRaftLogWorker (SegmentedRaftLogWorker.java:<init>(172)) - new 144b7e8f-f123-4693-b674-64fe6260ef49-SegmentedRaftLogWorker:Storage Directory /workdir/hadoop-ozone/integration-test/target/test-dir/MiniOzoneClusterImpl-ba793efa-c700-45ae-b3d7-7588d56d7037/datanode-3/data/ratis/75a2fa92-5d3b-48f6-bd11-145e3d1a1685 for RaftStorage:Storage Directory /workdir/hadoop-ozone/integration-test/target/test-dir/MiniOzoneClusterImpl-ba793efa-c700-45ae-b3d7-7588d56d7037/datanode-3/data/ratis/75a2fa92-5d3b-48f6-bd11-145e3d1a1685
2019-08-03 03:39:25,828 INFO  server.RaftServerConfigKeys (ConfUtils.java:logGet(43)) - raft.server.log.purge.gap = 1000000000 (custom)
2019-08-03 03:39:25,829 INFO  server.RaftServerConfigKeys (ConfUtils.java:logGet(43)) - raft.server.log.queue.byte-limit = 2147483647 (custom)
2019-08-03 03:39:25,829 INFO  server.RaftServerConfigKeys (ConfUtils.java:logGet(43)) - raft.server.log.appender.buffer.byte-limit = 33554432 (custom)
2019-08-03 03:39:25,829 INFO  server.RaftServerConfigKeys (ConfUtils.java:logGet(43)) - raft.server.log.queue.element-limit = 1024 (custom)
2019-08-03 03:39:25,829 INFO  server.RaftServerConfigKeys (ConfUtils.java:logGet(43)) - raft.server.log.segment.size.max = 1048576 (custom)
2019-08-03 03:39:25,829 INFO  server.RaftServerConfigKeys (ConfUtils.java:logGet(43)) - raft.server.log.appender.buffer.byte-limit = 33554432 (custom)
2019-08-03 03:39:25,829 INFO  server.RaftServerConfigKeys (ConfUtils.java:logGet(43)) - raft.server.log.preallocated.size = 16384 (custom)
2019-08-03 03:39:25,829 INFO  server.RaftServerConfigKeys (ConfUtils.java:logGet(43)) - raft.server.log.segment.size.max = 1048576 (custom)
2019-08-03 03:39:25,830 INFO  server.RaftServerConfigKeys (ConfUtils.java:logGet(43)) - raft.server.log.write.buffer.size = 33554432 (custom)
2019-08-03 03:39:25,830 INFO  server.RaftServerConfigKeys (ConfUtils.java:logGet(43)) - raft.server.log.force.sync.num = 128 (default)
2019-08-03 03:39:25,830 INFO  server.RaftServerConfigKeys (ConfUtils.java:logGet(43)) - raft.server.log.segment.size.max = 1048576 (custom)
2019-08-03 03:39:25,830 INFO  server.RaftServerConfigKeys (ConfUtils.java:logGet(43)) - raft.server.log.statemachine.data.sync = true (default)
2019-08-03 03:39:25,830 INFO  server.RaftServerConfigKeys (ConfUtils.java:logGet(43)) - raft.server.log.segment.cache.num.max = 2 (custom)
2019-08-03 03:39:25,831 INFO  server.RaftServerConfigKeys (ConfUtils.java:logGet(43)) - raft.server.log.statemachine.data.sync.timeout = 10s (default)
2019-08-03 03:39:25,830 INFO  server.RaftServerConfigKeys (ConfUtils.java:logGet(43)) - raft.server.log.segment.cache.num.max = 2 (custom)
2019-08-03 03:39:25,831 INFO  server.RaftServerConfigKeys (ConfUtils.java:logGet(43)) - raft.server.log.statemachine.data.sync.timeout.retry = -1 (default)
2019-08-03 03:39:25,831 INFO  segmented.SegmentedRaftLogWorker (SegmentedRaftLogWorker.java:<init>(172)) - new 1c872a75-9c86-4745-88b3-464e5192de7a-SegmentedRaftLogWorker:Storage Directory /workdir/hadoop-ozone/integration-test/target/test-dir/MiniOzoneClusterImpl-ba793efa-c700-45ae-b3d7-7588d56d7037/datanode-5/data/ratis/75a2fa92-5d3b-48f6-bd11-145e3d1a1685 for RaftStorage:Storage Directory /workdir/hadoop-ozone/integration-test/target/test-dir/MiniOzoneClusterImpl-ba793efa-c700-45ae-b3d7-7588d56d7037/datanode-5/data/ratis/75a2fa92-5d3b-48f6-bd11-145e3d1a1685
2019-08-03 03:39:25,831 INFO  server.RaftServerConfigKeys (ConfUtils.java:logGet(43)) - raft.server.log.statemachine.data.caching.enabled = true (custom)
2019-08-03 03:39:25,831 INFO  segmented.SegmentedRaftLogWorker (SegmentedRaftLogWorker.java:<init>(172)) - new 2f1dc277-5799-4794-ae47-954d43e96421-SegmentedRaftLogWorker:Storage Directory /workdir/hadoop-ozone/integration-test/target/test-dir/MiniOzoneClusterImpl-ba793efa-c700-45ae-b3d7-7588d56d7037/datanode-4/data/ratis/75a2fa92-5d3b-48f6-bd11-145e3d1a1685 for RaftStorage:Storage Directory /workdir/hadoop-ozone/integration-test/target/test-dir/MiniOzoneClusterImpl-ba793efa-c700-45ae-b3d7-7588d56d7037/datanode-4/data/ratis/75a2fa92-5d3b-48f6-bd11-145e3d1a1685
2019-08-03 03:39:25,832 INFO  segmented.SegmentedRaftLogWorker (SegmentedRaftLogWorker.java:lambda$new$0(132)) - 144b7e8f-f123-4693-b674-64fe6260ef49-SegmentedRaftLogWorker:Storage Directory /workdir/hadoop-ozone/integration-test/target/test-dir/MiniOzoneClusterImpl-ba793efa-c700-45ae-b3d7-7588d56d7037/datanode-3/data/ratis/75a2fa92-5d3b-48f6-bd11-145e3d1a1685: flushIndex: setUnconditionally 0 -> -1
2019-08-03 03:39:25,831 INFO  server.RaftServerConfigKeys (ConfUtils.java:logGet(43)) - raft.server.log.queue.byte-limit = 2147483647 (custom)
2019-08-03 03:39:25,832 INFO  server.RaftServerConfigKeys (ConfUtils.java:logGet(43)) - raft.server.log.queue.byte-limit = 2147483647 (custom)
2019-08-03 03:39:25,832 INFO  server.RaftServerConfigKeys (ConfUtils.java:logGet(43)) - raft.server.snapshot.auto.trigger.enabled = true (custom)
2019-08-03 03:39:25,832 INFO  server.RaftServerConfigKeys (ConfUtils.java:logGet(43)) - raft.server.log.queue.element-limit = 1024 (custom)
2019-08-03 03:39:25,832 INFO  server.RaftServerConfigKeys (ConfUtils.java:logGet(43)) - raft.server.snapshot.auto.trigger.threshold = 10000 (custom)
2019-08-03 03:39:25,832 INFO  server.RaftServerConfigKeys (ConfUtils.java:logGet(43)) - raft.server.log.queue.element-limit = 1024 (custom)
2019-08-03 03:39:25,832 INFO  server.RaftServerConfigKeys (ConfUtils.java:logGet(43)) - raft.server.retrycache.expirytime = 600000ms (custom)
2019-08-03 03:39:25,832 INFO  server.RaftServerConfigKeys (ConfUtils.java:logGet(43)) - raft.server.log.segment.size.max = 1048576 (custom)
2019-08-03 03:39:25,833 INFO  impl.RaftServerImpl (RaftServerImpl.java:start(180)) - 144b7e8f-f123-4693-b674-64fe6260ef49: start group-145E3D1A1685
2019-08-03 03:39:25,833 INFO  server.RaftServerConfigKeys (ConfUtils.java:logGet(43)) - raft.server.log.segment.size.max = 1048576 (custom)
2019-08-03 03:39:25,833 INFO  impl.RaftServerImpl (RaftServerImpl.java:setRole(171)) - 144b7e8f-f123-4693-b674-64fe6260ef49:group-145E3D1A1685 changes role from null to FOLLOWER at term 0 for startAsFollower
2019-08-03 03:39:25,833 INFO  server.RaftServerConfigKeys (ConfUtils.java:logGet(43)) - raft.server.log.preallocated.size = 16384 (custom)
2019-08-03 03:39:25,833 INFO  impl.RoleInfo (RoleInfo.java:updateAndGet(143)) - 144b7e8f-f123-4693-b674-64fe6260ef49: start FollowerState
2019-08-03 03:39:25,833 INFO  server.RaftServerConfigKeys (ConfUtils.java:logGet(43)) - raft.server.log.preallocated.size = 16384 (custom)
2019-08-03 03:39:25,833 INFO  server.RaftServerConfigKeys (ConfUtils.java:logGet(43)) - raft.server.log.write.buffer.size = 33554432 (custom)
2019-08-03 03:39:25,834 INFO  util.JmxRegister (JmxRegister.java:tryRegister(44)) - Successfully registered JMX Bean with object name Ratis:service=RaftServer,group=group-145E3D1A1685,id=144b7e8f-f123-4693-b674-64fe6260ef49
2019-08-03 03:39:25,834 INFO  server.RaftServerConfigKeys (ConfUtils.java:logGet(43)) - raft.server.log.write.buffer.size = 33554432 (custom)
2019-08-03 03:39:25,834 INFO  server.RaftServerConfigKeys (ConfUtils.java:logGet(43)) - raft.server.log.force.sync.num = 128 (default)
2019-08-03 03:39:25,834 INFO  server.RaftServerConfigKeys (ConfUtils.java:logGet(43)) - raft.server.log.force.sync.num = 128 (default)
2019-08-03 03:39:25,834 INFO  server.RaftServerConfigKeys (ConfUtils.java:logGet(43)) - raft.server.log.statemachine.data.sync = true (default)
2019-08-03 03:39:25,834 INFO  server.RaftServerConfigKeys (ConfUtils.java:logGet(43)) - raft.server.log.statemachine.data.sync = true (default)
2019-08-03 03:39:25,834 INFO  server.RaftServerConfigKeys (ConfUtils.java:logGet(43)) - raft.server.log.statemachine.data.sync.timeout = 10s (default)
2019-08-03 03:39:25,835 INFO  server.RaftServerConfigKeys (ConfUtils.java:logGet(43)) - raft.server.log.statemachine.data.sync.timeout = 10s (default)
2019-08-03 03:39:25,835 INFO  server.RaftServerConfigKeys (ConfUtils.java:logGet(43)) - raft.server.log.statemachine.data.sync.timeout.retry = -1 (default)
2019-08-03 03:39:25,835 INFO  server.RaftServerConfigKeys (ConfUtils.java:logGet(43)) - raft.server.log.statemachine.data.sync.timeout.retry = -1 (default)
2019-08-03 03:39:25,835 INFO  server.RaftServerConfigKeys (ConfUtils.java:logGet(43)) - raft.server.log.statemachine.data.caching.enabled = true (custom)
2019-08-03 03:39:25,835 INFO  server.RaftServerConfigKeys (ConfUtils.java:logGet(43)) - raft.server.log.statemachine.data.caching.enabled = true (custom)
2019-08-03 03:39:25,835 INFO  segmented.SegmentedRaftLogWorker (SegmentedRaftLogWorker.java:lambda$new$0(132)) - 1c872a75-9c86-4745-88b3-464e5192de7a-SegmentedRaftLogWorker:Storage Directory /workdir/hadoop-ozone/integration-test/target/test-dir/MiniOzoneClusterImpl-ba793efa-c700-45ae-b3d7-7588d56d7037/datanode-5/data/ratis/75a2fa92-5d3b-48f6-bd11-145e3d1a1685: flushIndex: setUnconditionally 0 -> -1
2019-08-03 03:39:25,836 INFO  segmented.SegmentedRaftLogWorker (SegmentedRaftLogWorker.java:lambda$new$0(132)) - 2f1dc277-5799-4794-ae47-954d43e96421-SegmentedRaftLogWorker:Storage Directory /workdir/hadoop-ozone/integration-test/target/test-dir/MiniOzoneClusterImpl-ba793efa-c700-45ae-b3d7-7588d56d7037/datanode-4/data/ratis/75a2fa92-5d3b-48f6-bd11-145e3d1a1685: flushIndex: setUnconditionally 0 -> -1
2019-08-03 03:39:25,836 INFO  server.RaftServerConfigKeys (ConfUtils.java:logGet(43)) - raft.server.snapshot.auto.trigger.enabled = true (custom)
2019-08-03 03:39:25,836 INFO  server.RaftServerConfigKeys (ConfUtils.java:logGet(43)) - raft.server.snapshot.auto.trigger.threshold = 10000 (custom)
2019-08-03 03:39:25,836 INFO  server.RaftServerConfigKeys (ConfUtils.java:logGet(43)) - raft.server.snapshot.auto.trigger.enabled = true (custom)
2019-08-03 03:39:25,836 INFO  server.RaftServerConfigKeys (ConfUtils.java:logGet(43)) - raft.server.retrycache.expirytime = 600000ms (custom)
2019-08-03 03:39:25,836 INFO  server.RaftServerConfigKeys (ConfUtils.java:logGet(43)) - raft.server.snapshot.auto.trigger.threshold = 10000 (custom)
2019-08-03 03:39:25,836 INFO  impl.RaftServerImpl (RaftServerImpl.java:start(180)) - 1c872a75-9c86-4745-88b3-464e5192de7a: start group-145E3D1A1685
2019-08-03 03:39:25,836 INFO  server.RaftServerConfigKeys (ConfUtils.java:logGet(43)) - raft.server.retrycache.expirytime = 600000ms (custom)
2019-08-03 03:39:25,836 INFO  impl.RaftServerImpl (RaftServerImpl.java:setRole(171)) - 1c872a75-9c86-4745-88b3-464e5192de7a:group-145E3D1A1685 changes role from null to FOLLOWER at term 0 for startAsFollower
2019-08-03 03:39:25,837 INFO  impl.RaftServerImpl (RaftServerImpl.java:start(180)) - 2f1dc277-5799-4794-ae47-954d43e96421: start group-145E3D1A1685
2019-08-03 03:39:25,837 INFO  impl.RoleInfo (RoleInfo.java:updateAndGet(143)) - 1c872a75-9c86-4745-88b3-464e5192de7a: start FollowerState
2019-08-03 03:39:25,837 INFO  impl.RaftServerImpl (RaftServerImpl.java:setRole(171)) - 2f1dc277-5799-4794-ae47-954d43e96421:group-145E3D1A1685 changes role from null to FOLLOWER at term 0 for startAsFollower
2019-08-03 03:39:25,837 INFO  impl.RoleInfo (RoleInfo.java:updateAndGet(143)) - 2f1dc277-5799-4794-ae47-954d43e96421: start FollowerState
2019-08-03 03:39:25,837 INFO  util.JmxRegister (JmxRegister.java:tryRegister(44)) - Successfully registered JMX Bean with object name Ratis:service=RaftServer,group=group-145E3D1A1685,id=1c872a75-9c86-4745-88b3-464e5192de7a
2019-08-03 03:39:25,837 INFO  util.JmxRegister (JmxRegister.java:tryRegister(44)) - Successfully registered JMX Bean with object name Ratis:service=RaftServer,group=group-145E3D1A1685,id=2f1dc277-5799-4794-ae47-954d43e96421
2019-08-03 03:39:25,840 INFO  pipeline.PipelineStateManager (PipelineStateManager.java:addPipeline(56)) - Created pipeline Pipeline[ Id: 75a2fa92-5d3b-48f6-bd11-145e3d1a1685, Nodes: 1c872a75-9c86-4745-88b3-464e5192de7a{ip: 192.168.5.147, host: byscane-nightly-b86qh-2100283676, networkLocation: /default-rack, certSerialId: null}2f1dc277-5799-4794-ae47-954d43e96421{ip: 192.168.5.147, host: byscane-nightly-b86qh-2100283676, networkLocation: /default-rack, certSerialId: null}144b7e8f-f123-4693-b674-64fe6260ef49{ip: 192.168.5.147, host: byscane-nightly-b86qh-2100283676, networkLocation: /default-rack, certSerialId: null}, Type:RATIS, Factor:THREE, State:OPEN]
2019-08-03 03:39:25,959 INFO  ozone.MiniOzoneClusterImpl (MiniOzoneClusterImpl.java:lambda$waitForClusterToBeReady$0(142)) - Waiting for cluster to be ready. Got 6 of 7 DN Heartbeats.
2019-08-03 03:39:25,961 INFO  net.NetworkTopology (NetworkTopologyImpl.java:add(110)) - Added a new node: /default-rack/1f0488a2-65bc-428d-860c-6fd661d7f0ca
2019-08-03 03:39:25,962 INFO  node.SCMNodeManager (SCMNodeManager.java:register(273)) - Registered Data node : 1f0488a2-65bc-428d-860c-6fd661d7f0ca{ip: 192.168.5.147, host: byscane-nightly-b86qh-2100283676, networkLocation: /default-rack, certSerialId: null}
2019-08-03 03:39:25,968 INFO  impl.RaftServerProxy (RaftServerProxy.java:addNew(89)) - 1f0488a2-65bc-428d-860c-6fd661d7f0ca: addNew group-5FB281D0B7DF:[1f0488a2-65bc-428d-860c-6fd661d7f0ca:192.168.5.147:46880] returns group-5FB281D0B7DF:java.util.concurrent.CompletableFuture@98f40ed[Not completed]
2019-08-03 03:39:25,969 INFO  impl.RaftServerImpl (RaftServerImpl.java:<init>(93)) - 1f0488a2-65bc-428d-860c-6fd661d7f0ca: new RaftServerImpl for group-5FB281D0B7DF:[1f0488a2-65bc-428d-860c-6fd661d7f0ca:192.168.5.147:46880] with ContainerStateMachine:uninitialized
2019-08-03 03:39:25,969 INFO  server.RaftServerConfigKeys (ConfUtils.java:logGet(43)) - raft.server.rpc.timeout.min = 5s (custom)
2019-08-03 03:39:25,970 INFO  server.RaftServerConfigKeys (ConfUtils.java:logGet(43)) - raft.server.rpc.timeout.max = 5200ms (custom)
2019-08-03 03:39:25,970 INFO  server.RaftServerConfigKeys (ConfUtils.java:logGet(43)) - raft.server.rpcslowness.timeout = 120s (custom)
2019-08-03 03:39:25,970 INFO  server.RaftServerConfigKeys (ConfUtils.java:logGet(43)) - raft.server.sleep.deviation.threshold = 300 (default)
2019-08-03 03:39:25,970 INFO  server.RaftServerConfigKeys (ConfUtils.java:logGet(43)) - raft.server.log.appender.install.snapshot.enabled = false (custom)
2019-08-03 03:39:25,970 INFO  impl.RaftServerImpl (ServerState.java:<init>(105)) - 1f0488a2-65bc-428d-860c-6fd661d7f0ca:group-5FB281D0B7DF ConfigurationManager, init=-1: [1f0488a2-65bc-428d-860c-6fd661d7f0ca:192.168.5.147:46880], old=null, confs=<EMPTY_MAP>
2019-08-03 03:39:25,970 INFO  server.RaftServerConfigKeys (ConfUtils.java:logGet(43)) - raft.server.storage.dir = [/workdir/hadoop-ozone/integration-test/target/test-dir/MiniOzoneClusterImpl-ba793efa-c700-45ae-b3d7-7588d56d7037/datanode-6/data/ratis] (custom)
2019-08-03 03:39:25,971 INFO  storage.RaftStorageDirectory (RaftStorageDirectory.java:analyzeStorage(246)) - The storage directory /workdir/hadoop-ozone/integration-test/target/test-dir/MiniOzoneClusterImpl-ba793efa-c700-45ae-b3d7-7588d56d7037/datanode-6/data/ratis/ebcd0d2d-0d72-41f1-a725-5fb281d0b7df does not exist. Creating ...
2019-08-03 03:39:25,983 INFO  storage.RaftStorageDirectory (RaftStorageDirectory.java:tryLock(328)) - Lock on /workdir/hadoop-ozone/integration-test/target/test-dir/MiniOzoneClusterImpl-ba793efa-c700-45ae-b3d7-7588d56d7037/datanode-6/data/ratis/ebcd0d2d-0d72-41f1-a725-5fb281d0b7df/in_use.lock acquired by nodename 478@byscane-nightly-b86qh-2100283676
2019-08-03 03:39:25,986 INFO  storage.RaftStorage (RaftStorage.java:format(72)) - Storage directory /workdir/hadoop-ozone/integration-test/target/test-dir/MiniOzoneClusterImpl-ba793efa-c700-45ae-b3d7-7588d56d7037/datanode-6/data/ratis/ebcd0d2d-0d72-41f1-a725-5fb281d0b7df has been successfully formatted.
2019-08-03 03:39:25,987 INFO  ratis.ContainerStateMachine (ContainerStateMachine.java:loadSnapshot(213)) - group-5FB281D0B7DF: The snapshot info is null. Setting the last applied indexto:(t:0, i:~)
2019-08-03 03:39:25,987 INFO  server.RaftServerConfigKeys (ConfUtils.java:logGet(43)) - raft.server.leader.election.timeout = 120s (custom)
2019-08-03 03:39:25,987 INFO  server.RaftServerConfigKeys (ConfUtils.java:logGet(43)) - raft.server.log.use.memory = false (default)
2019-08-03 03:39:25,987 INFO  server.RaftServerConfigKeys (ConfUtils.java:logGet(43)) - raft.server.log.purge.gap = 1000000000 (custom)
2019-08-03 03:39:25,987 INFO  server.RaftServerConfigKeys (ConfUtils.java:logGet(43)) - raft.server.log.appender.buffer.byte-limit = 33554432 (custom)
2019-08-03 03:39:25,987 INFO  server.RaftServerConfigKeys (ConfUtils.java:logGet(43)) - raft.server.log.segment.size.max = 1048576 (custom)
2019-08-03 03:39:25,988 INFO  server.RaftServerConfigKeys (ConfUtils.java:logGet(43)) - raft.server.log.segment.cache.num.max = 2 (custom)
2019-08-03 03:39:25,988 INFO  segmented.SegmentedRaftLogWorker (SegmentedRaftLogWorker.java:<init>(172)) - new 1f0488a2-65bc-428d-860c-6fd661d7f0ca-SegmentedRaftLogWorker:Storage Directory /workdir/hadoop-ozone/integration-test/target/test-dir/MiniOzoneClusterImpl-ba793efa-c700-45ae-b3d7-7588d56d7037/datanode-6/data/ratis/ebcd0d2d-0d72-41f1-a725-5fb281d0b7df for RaftStorage:Storage Directory /workdir/hadoop-ozone/integration-test/target/test-dir/MiniOzoneClusterImpl-ba793efa-c700-45ae-b3d7-7588d56d7037/datanode-6/data/ratis/ebcd0d2d-0d72-41f1-a725-5fb281d0b7df
2019-08-03 03:39:25,988 INFO  server.RaftServerConfigKeys (ConfUtils.java:logGet(43)) - raft.server.log.queue.byte-limit = 2147483647 (custom)
2019-08-03 03:39:25,988 INFO  server.RaftServerConfigKeys (ConfUtils.java:logGet(43)) - raft.server.log.queue.element-limit = 1024 (custom)
2019-08-03 03:39:25,988 INFO  server.RaftServerConfigKeys (ConfUtils.java:logGet(43)) - raft.server.log.segment.size.max = 1048576 (custom)
2019-08-03 03:39:25,988 INFO  server.RaftServerConfigKeys (ConfUtils.java:logGet(43)) - raft.server.log.preallocated.size = 16384 (custom)
2019-08-03 03:39:25,989 INFO  server.RaftServerConfigKeys (ConfUtils.java:logGet(43)) - raft.server.log.write.buffer.size = 33554432 (custom)
2019-08-03 03:39:25,989 INFO  server.RaftServerConfigKeys (ConfUtils.java:logGet(43)) - raft.server.log.force.sync.num = 128 (default)
2019-08-03 03:39:25,989 INFO  server.RaftServerConfigKeys (ConfUtils.java:logGet(43)) - raft.server.log.statemachine.data.sync = true (default)
2019-08-03 03:39:25,989 INFO  server.RaftServerConfigKeys (ConfUtils.java:logGet(43)) - raft.server.log.statemachine.data.sync.timeout = 10s (default)
2019-08-03 03:39:25,989 INFO  server.RaftServerConfigKeys (ConfUtils.java:logGet(43)) - raft.server.log.statemachine.data.sync.timeout.retry = -1 (default)
2019-08-03 03:39:25,990 INFO  server.RaftServerConfigKeys (ConfUtils.java:logGet(43)) - raft.server.log.statemachine.data.caching.enabled = true (custom)
2019-08-03 03:39:25,990 INFO  segmented.SegmentedRaftLogWorker (SegmentedRaftLogWorker.java:lambda$new$0(132)) - 1f0488a2-65bc-428d-860c-6fd661d7f0ca-SegmentedRaftLogWorker:Storage Directory /workdir/hadoop-ozone/integration-test/target/test-dir/MiniOzoneClusterImpl-ba793efa-c700-45ae-b3d7-7588d56d7037/datanode-6/data/ratis/ebcd0d2d-0d72-41f1-a725-5fb281d0b7df: flushIndex: setUnconditionally 0 -> -1
2019-08-03 03:39:25,990 INFO  server.RaftServerConfigKeys (ConfUtils.java:logGet(43)) - raft.server.snapshot.auto.trigger.enabled = true (custom)
2019-08-03 03:39:25,990 INFO  server.RaftServerConfigKeys (ConfUtils.java:logGet(43)) - raft.server.snapshot.auto.trigger.threshold = 10000 (custom)
2019-08-03 03:39:25,991 INFO  server.RaftServerConfigKeys (ConfUtils.java:logGet(43)) - raft.server.retrycache.expirytime = 600000ms (custom)
2019-08-03 03:39:25,991 INFO  impl.RaftServerImpl (RaftServerImpl.java:start(180)) - 1f0488a2-65bc-428d-860c-6fd661d7f0ca: start group-5FB281D0B7DF
2019-08-03 03:39:25,991 INFO  impl.RaftServerImpl (RaftServerImpl.java:setRole(171)) - 1f0488a2-65bc-428d-860c-6fd661d7f0ca:group-5FB281D0B7DF changes role from null to FOLLOWER at term 0 for startAsFollower
2019-08-03 03:39:25,991 INFO  impl.RoleInfo (RoleInfo.java:updateAndGet(143)) - 1f0488a2-65bc-428d-860c-6fd661d7f0ca: start FollowerState
2019-08-03 03:39:25,992 INFO  util.JmxRegister (JmxRegister.java:tryRegister(44)) - Successfully registered JMX Bean with object name Ratis:service=RaftServer,group=group-5FB281D0B7DF,id=1f0488a2-65bc-428d-860c-6fd661d7f0ca
2019-08-03 03:39:25,994 INFO  pipeline.PipelineStateManager (PipelineStateManager.java:addPipeline(56)) - Created pipeline Pipeline[ Id: ebcd0d2d-0d72-41f1-a725-5fb281d0b7df, Nodes: 1f0488a2-65bc-428d-860c-6fd661d7f0ca{ip: 192.168.5.147, host: byscane-nightly-b86qh-2100283676, networkLocation: /default-rack, certSerialId: null}, Type:RATIS, Factor:ONE, State:OPEN]
2019-08-03 03:39:26,960 INFO  ozone.MiniOzoneClusterImpl (MiniOzoneClusterImpl.java:lambda$waitForClusterToBeReady$0(142)) - Cluster is ready. Got 7 of 7 DN Heartbeats.
2019-08-03 03:39:26,993 INFO  rpc.RpcClient (RpcClient.java:createVolume(288)) - Creating Volume: testblockoutputstream, with jenkins1000 as owner.
2019-08-03 03:39:27,007 INFO  rpc.RpcClient (RpcClient.java:createBucket(425)) - Creating Bucket: testblockoutputstream/testblockoutputstream, with Versioning false and Storage Type set to DISK and Encryption set to false 
2019-08-03 03:39:27,033 INFO  client.GrpcClientProtocolClient (GrpcClientProtocolClient.java:onNext(255)) - client-36C1EA903870->8589eb56-2f0c-49d3-b0c5-4d9cb822b0bb: receive RaftClientReply:client-36C1EA903870->8589eb56-2f0c-49d3-b0c5-4d9cb822b0bb@group-57D01EF98D07, cid=175, FAILED org.apache.ratis.protocol.NotLeaderException: Server 8589eb56-2f0c-49d3-b0c5-4d9cb822b0bb is not the leader (null). Request must be sent to leader., logIndex=0, commits[8589eb56-2f0c-49d3-b0c5-4d9cb822b0bb:c-1]
2019-08-03 03:39:27,614 INFO  container.ReplicationManager (ReplicationManager.java:start(155)) - Starting Replication Monitor Thread.
2019-08-03 03:39:27,618 INFO  container.ReplicationManager (ReplicationManager.java:run(207)) - Replication Monitor Thread took 0 milliseconds for processing 1 containers.
2019-08-03 03:39:28,047 INFO  client.GrpcClientProtocolClient (GrpcClientProtocolClient.java:onNext(255)) - client-36C1EA903870->298d3804-7836-43e5-b8ae-b10df3fb9e27: receive RaftClientReply:client-36C1EA903870->298d3804-7836-43e5-b8ae-b10df3fb9e27@group-57D01EF98D07, cid=175, FAILED org.apache.ratis.protocol.NotLeaderException: Server 298d3804-7836-43e5-b8ae-b10df3fb9e27 is not the leader (null). Request must be sent to leader., logIndex=0, commits[298d3804-7836-43e5-b8ae-b10df3fb9e27:c-1]
2019-08-03 03:39:29,064 INFO  client.GrpcClientProtocolClient (GrpcClientProtocolClient.java:onNext(255)) - client-36C1EA903870->b064c238-3f4a-43e0-8397-add0d57df4ba: receive RaftClientReply:client-36C1EA903870->b064c238-3f4a-43e0-8397-add0d57df4ba@group-57D01EF98D07, cid=175, FAILED org.apache.ratis.protocol.NotLeaderException: Server b064c238-3f4a-43e0-8397-add0d57df4ba is not the leader (null). Request must be sent to leader., logIndex=0, commits[b064c238-3f4a-43e0-8397-add0d57df4ba:c-1]
2019-08-03 03:39:29,783 INFO  impl.FollowerState (FollowerState.java:run(106)) - b064c238-3f4a-43e0-8397-add0d57df4ba:group-CB4309B715AF changes to CANDIDATE, lastRpcTime:5130, electionTimeout:5130ms
2019-08-03 03:39:29,783 INFO  impl.RoleInfo (RoleInfo.java:shutdownFollowerState(121)) - b064c238-3f4a-43e0-8397-add0d57df4ba: shutdown FollowerState
2019-08-03 03:39:29,783 INFO  impl.RaftServerImpl (RaftServerImpl.java:setRole(171)) - b064c238-3f4a-43e0-8397-add0d57df4ba:group-CB4309B715AF changes role from FOLLOWER to CANDIDATE at term 0 for changeToCandidate
2019-08-03 03:39:29,783 INFO  impl.RoleInfo (RoleInfo.java:updateAndGet(143)) - b064c238-3f4a-43e0-8397-add0d57df4ba: start LeaderElection
2019-08-03 03:39:29,815 INFO  impl.LeaderElection (LeaderElection.java:askForVotes(181)) - b064c238-3f4a-43e0-8397-add0d57df4ba:group-CB4309B715AF:LeaderElection55: begin an election at term 1 for -1: [b064c238-3f4a-43e0-8397-add0d57df4ba:192.168.5.147:35929], old=null
2019-08-03 03:39:29,816 INFO  impl.RoleInfo (RoleInfo.java:shutdownLeaderElection(134)) - b064c238-3f4a-43e0-8397-add0d57df4ba: shutdown LeaderElection
2019-08-03 03:39:29,816 INFO  impl.RaftServerImpl (RaftServerImpl.java:setRole(171)) - b064c238-3f4a-43e0-8397-add0d57df4ba:group-CB4309B715AF changes role from CANDIDATE to LEADER at term 1 for changeToLeader
2019-08-03 03:39:29,816 INFO  impl.RaftServerImpl (ServerState.java:setLeader(263)) - b064c238-3f4a-43e0-8397-add0d57df4ba:group-CB4309B715AF change Leader from null to b064c238-3f4a-43e0-8397-add0d57df4ba at term 1 for becomeLeader, leader elected after 5168ms
2019-08-03 03:39:29,816 INFO  server.RaftServerConfigKeys (ConfUtils.java:logGet(43)) - raft.server.staging.catchup.gap = 1000 (default)
2019-08-03 03:39:29,816 INFO  server.RaftServerConfigKeys (ConfUtils.java:logGet(43)) - raft.server.rpc.sleep.time = 25ms (default)
2019-08-03 03:39:29,816 INFO  server.RaftServerConfigKeys (ConfUtils.java:logGet(43)) - raft.server.write.element-limit = 4096 (default)
2019-08-03 03:39:29,816 INFO  server.RaftServerConfigKeys (ConfUtils.java:logGet(43)) - raft.server.watch.timeout = 10s (default)
2019-08-03 03:39:29,817 INFO  server.RaftServerConfigKeys (ConfUtils.java:logGet(43)) - raft.server.watch.timeout.denomination = 1s (default)
2019-08-03 03:39:29,817 INFO  server.RaftServerConfigKeys (ConfUtils.java:logGet(43)) - raft.server.watch.element-limit = 65536 (default)
2019-08-03 03:39:29,817 INFO  impl.RoleInfo (RoleInfo.java:updateAndGet(143)) - b064c238-3f4a-43e0-8397-add0d57df4ba: start LeaderState
2019-08-03 03:39:29,817 INFO  segmented.SegmentedRaftLogWorker (SegmentedRaftLogWorker.java:startLogSegment(380)) - b064c238-3f4a-43e0-8397-add0d57df4ba-SegmentedRaftLogWorker:Storage Directory /workdir/hadoop-ozone/integration-test/target/test-dir/MiniOzoneClusterImpl-ba793efa-c700-45ae-b3d7-7588d56d7037/datanode-0/data/ratis/c1480b5c-f5ee-47af-99a4-cb4309b715af: Starting segment from index:0
2019-08-03 03:39:29,818 INFO  impl.RaftServerImpl (ServerState.java:setRaftConf(361)) - b064c238-3f4a-43e0-8397-add0d57df4ba:group-CB4309B715AF set configuration 0: [b064c238-3f4a-43e0-8397-add0d57df4ba:192.168.5.147:35929], old=null at 0
2019-08-03 03:39:29,859 INFO  segmented.SegmentedRaftLogWorker (SegmentedRaftLogWorker.java:execute(569)) - b064c238-3f4a-43e0-8397-add0d57df4ba-SegmentedRaftLogWorker:Storage Directory /workdir/hadoop-ozone/integration-test/target/test-dir/MiniOzoneClusterImpl-ba793efa-c700-45ae-b3d7-7588d56d7037/datanode-0/data/ratis/c1480b5c-f5ee-47af-99a4-cb4309b715af: created new log segment /workdir/hadoop-ozone/integration-test/target/test-dir/MiniOzoneClusterImpl-ba793efa-c700-45ae-b3d7-7588d56d7037/datanode-0/data/ratis/c1480b5c-f5ee-47af-99a4-cb4309b715af/current/log_inprogress_0
2019-08-03 03:39:29,976 INFO  impl.FollowerState (FollowerState.java:run(106)) - 8589eb56-2f0c-49d3-b0c5-4d9cb822b0bb:group-A06F4D2E8CCA changes to CANDIDATE, lastRpcTime:5152, electionTimeout:5152ms
2019-08-03 03:39:29,977 INFO  impl.RoleInfo (RoleInfo.java:shutdownFollowerState(121)) - 8589eb56-2f0c-49d3-b0c5-4d9cb822b0bb: shutdown FollowerState
2019-08-03 03:39:29,977 INFO  impl.RaftServerImpl (RaftServerImpl.java:setRole(171)) - 8589eb56-2f0c-49d3-b0c5-4d9cb822b0bb:group-A06F4D2E8CCA changes role from FOLLOWER to CANDIDATE at term 0 for changeToCandidate
2019-08-03 03:39:29,977 INFO  impl.RoleInfo (RoleInfo.java:updateAndGet(143)) - 8589eb56-2f0c-49d3-b0c5-4d9cb822b0bb: start LeaderElection
2019-08-03 03:39:29,997 INFO  impl.LeaderElection (LeaderElection.java:askForVotes(181)) - 8589eb56-2f0c-49d3-b0c5-4d9cb822b0bb:group-A06F4D2E8CCA:LeaderElection56: begin an election at term 1 for -1: [8589eb56-2f0c-49d3-b0c5-4d9cb822b0bb:192.168.5.147:45798], old=null
2019-08-03 03:39:29,997 INFO  impl.RoleInfo (RoleInfo.java:shutdownLeaderElection(134)) - 8589eb56-2f0c-49d3-b0c5-4d9cb822b0bb: shutdown LeaderElection
2019-08-03 03:39:29,997 INFO  impl.RaftServerImpl (RaftServerImpl.java:setRole(171)) - 8589eb56-2f0c-49d3-b0c5-4d9cb822b0bb:group-A06F4D2E8CCA changes role from CANDIDATE to LEADER at term 1 for changeToLeader
2019-08-03 03:39:29,997 INFO  impl.RaftServerImpl (ServerState.java:setLeader(263)) - 8589eb56-2f0c-49d3-b0c5-4d9cb822b0bb:group-A06F4D2E8CCA change Leader from null to 8589eb56-2f0c-49d3-b0c5-4d9cb822b0bb at term 1 for becomeLeader, leader elected after 5177ms
2019-08-03 03:39:29,997 INFO  server.RaftServerConfigKeys (ConfUtils.java:logGet(43)) - raft.server.staging.catchup.gap = 1000 (default)
2019-08-03 03:39:29,998 INFO  server.RaftServerConfigKeys (ConfUtils.java:logGet(43)) - raft.server.rpc.sleep.time = 25ms (default)
2019-08-03 03:39:29,998 INFO  server.RaftServerConfigKeys (ConfUtils.java:logGet(43)) - raft.server.write.element-limit = 4096 (default)
2019-08-03 03:39:29,998 INFO  server.RaftServerConfigKeys (ConfUtils.java:logGet(43)) - raft.server.watch.timeout = 10s (default)
2019-08-03 03:39:29,998 INFO  server.RaftServerConfigKeys (ConfUtils.java:logGet(43)) - raft.server.watch.timeout.denomination = 1s (default)
2019-08-03 03:39:29,998 INFO  server.RaftServerConfigKeys (ConfUtils.java:logGet(43)) - raft.server.watch.element-limit = 65536 (default)
2019-08-03 03:39:29,999 INFO  impl.RoleInfo (RoleInfo.java:updateAndGet(143)) - 8589eb56-2f0c-49d3-b0c5-4d9cb822b0bb: start LeaderState
2019-08-03 03:39:29,999 INFO  segmented.SegmentedRaftLogWorker (SegmentedRaftLogWorker.java:startLogSegment(380)) - 8589eb56-2f0c-49d3-b0c5-4d9cb822b0bb-SegmentedRaftLogWorker:Storage Directory /workdir/hadoop-ozone/integration-test/target/test-dir/MiniOzoneClusterImpl-ba793efa-c700-45ae-b3d7-7588d56d7037/datanode-1/data/ratis/316d42dc-4a97-488f-b639-a06f4d2e8cca: Starting segment from index:0
2019-08-03 03:39:29,999 INFO  impl.RaftServerImpl (ServerState.java:setRaftConf(361)) - 8589eb56-2f0c-49d3-b0c5-4d9cb822b0bb:group-A06F4D2E8CCA set configuration 0: [8589eb56-2f0c-49d3-b0c5-4d9cb822b0bb:192.168.5.147:45798], old=null at 0
2019-08-03 03:39:30,023 INFO  segmented.SegmentedRaftLogWorker (SegmentedRaftLogWorker.java:execute(569)) - 8589eb56-2f0c-49d3-b0c5-4d9cb822b0bb-SegmentedRaftLogWorker:Storage Directory /workdir/hadoop-ozone/integration-test/target/test-dir/MiniOzoneClusterImpl-ba793efa-c700-45ae-b3d7-7588d56d7037/datanode-1/data/ratis/316d42dc-4a97-488f-b639-a06f4d2e8cca: created new log segment /workdir/hadoop-ozone/integration-test/target/test-dir/MiniOzoneClusterImpl-ba793efa-c700-45ae-b3d7-7588d56d7037/datanode-1/data/ratis/316d42dc-4a97-488f-b639-a06f4d2e8cca/current/log_inprogress_0
2019-08-03 03:39:30,048 INFO  impl.FollowerState (FollowerState.java:run(106)) - 8589eb56-2f0c-49d3-b0c5-4d9cb822b0bb:group-57D01EF98D07 changes to CANDIDATE, lastRpcTime:5032, electionTimeout:5018ms
2019-08-03 03:39:30,049 INFO  impl.RoleInfo (RoleInfo.java:shutdownFollowerState(121)) - 8589eb56-2f0c-49d3-b0c5-4d9cb822b0bb: shutdown FollowerState
2019-08-03 03:39:30,049 INFO  impl.RaftServerImpl (RaftServerImpl.java:setRole(171)) - 8589eb56-2f0c-49d3-b0c5-4d9cb822b0bb:group-57D01EF98D07 changes role from FOLLOWER to CANDIDATE at term 0 for changeToCandidate
2019-08-03 03:39:30,049 INFO  impl.RoleInfo (RoleInfo.java:updateAndGet(143)) - 8589eb56-2f0c-49d3-b0c5-4d9cb822b0bb: start LeaderElection
2019-08-03 03:39:30,058 INFO  impl.LeaderElection (LeaderElection.java:askForVotes(181)) - 8589eb56-2f0c-49d3-b0c5-4d9cb822b0bb:group-57D01EF98D07:LeaderElection57: begin an election at term 1 for -1: [b064c238-3f4a-43e0-8397-add0d57df4ba:192.168.5.147:35929, 8589eb56-2f0c-49d3-b0c5-4d9cb822b0bb:192.168.5.147:45798, 298d3804-7836-43e5-b8ae-b10df3fb9e27:192.168.5.147:44300], old=null
2019-08-03 03:39:30,063 INFO  impl.RaftServerImpl (RaftServerImpl.java:setRole(171)) - 298d3804-7836-43e5-b8ae-b10df3fb9e27:group-57D01EF98D07 changes role from FOLLOWER to FOLLOWER at term 1 for recognizeCandidate:8589eb56-2f0c-49d3-b0c5-4d9cb822b0bb
2019-08-03 03:39:30,063 INFO  impl.RaftServerImpl (RaftServerImpl.java:setRole(171)) - b064c238-3f4a-43e0-8397-add0d57df4ba:group-57D01EF98D07 changes role from FOLLOWER to FOLLOWER at term 1 for recognizeCandidate:8589eb56-2f0c-49d3-b0c5-4d9cb822b0bb
2019-08-03 03:39:30,063 INFO  impl.RoleInfo (RoleInfo.java:shutdownFollowerState(121)) - 298d3804-7836-43e5-b8ae-b10df3fb9e27: shutdown FollowerState
2019-08-03 03:39:30,063 INFO  impl.RoleInfo (RoleInfo.java:shutdownFollowerState(121)) - b064c238-3f4a-43e0-8397-add0d57df4ba: shutdown FollowerState
2019-08-03 03:39:30,064 INFO  impl.FollowerState (FollowerState.java:run(114)) - 298d3804-7836-43e5-b8ae-b10df3fb9e27: FollowerState was interrupted: java.lang.InterruptedException: sleep interrupted
2019-08-03 03:39:30,064 INFO  impl.RoleInfo (RoleInfo.java:updateAndGet(143)) - 298d3804-7836-43e5-b8ae-b10df3fb9e27: start FollowerState
2019-08-03 03:39:30,064 INFO  impl.FollowerState (FollowerState.java:run(114)) - b064c238-3f4a-43e0-8397-add0d57df4ba: FollowerState was interrupted: java.lang.InterruptedException: sleep interrupted
2019-08-03 03:39:30,064 INFO  impl.RoleInfo (RoleInfo.java:updateAndGet(143)) - b064c238-3f4a-43e0-8397-add0d57df4ba: start FollowerState
2019-08-03 03:39:30,074 INFO  impl.LeaderElection (LeaderElection.java:logAndReturn(56)) - 8589eb56-2f0c-49d3-b0c5-4d9cb822b0bb:group-57D01EF98D07:LeaderElection57: Election PASSED; received 1 response(s) [8589eb56-2f0c-49d3-b0c5-4d9cb822b0bb<-298d3804-7836-43e5-b8ae-b10df3fb9e27#0:OK-t1] and 0 exception(s); 8589eb56-2f0c-49d3-b0c5-4d9cb822b0bb:t1, leader=null, voted=8589eb56-2f0c-49d3-b0c5-4d9cb822b0bb, raftlog=8589eb56-2f0c-49d3-b0c5-4d9cb822b0bb-SegmentedRaftLog:OPENED:c-1,f-1,i0, conf=-1: [b064c238-3f4a-43e0-8397-add0d57df4ba:192.168.5.147:35929, 8589eb56-2f0c-49d3-b0c5-4d9cb822b0bb:192.168.5.147:45798, 298d3804-7836-43e5-b8ae-b10df3fb9e27:192.168.5.147:44300], old=null
2019-08-03 03:39:30,075 INFO  impl.RoleInfo (RoleInfo.java:shutdownLeaderElection(134)) - 8589eb56-2f0c-49d3-b0c5-4d9cb822b0bb: shutdown LeaderElection
2019-08-03 03:39:30,075 INFO  impl.RaftServerImpl (RaftServerImpl.java:setRole(171)) - 8589eb56-2f0c-49d3-b0c5-4d9cb822b0bb:group-57D01EF98D07 changes role from CANDIDATE to LEADER at term 1 for changeToLeader
2019-08-03 03:39:30,075 INFO  impl.RaftServerImpl (ServerState.java:setLeader(263)) - 8589eb56-2f0c-49d3-b0c5-4d9cb822b0bb:group-57D01EF98D07 change Leader from null to 8589eb56-2f0c-49d3-b0c5-4d9cb822b0bb at term 1 for becomeLeader, leader elected after 5066ms
2019-08-03 03:39:30,075 INFO  server.RaftServerConfigKeys (ConfUtils.java:logGet(43)) - raft.server.staging.catchup.gap = 1000 (default)
2019-08-03 03:39:30,075 INFO  server.RaftServerConfigKeys (ConfUtils.java:logGet(43)) - raft.server.rpc.sleep.time = 25ms (default)
2019-08-03 03:39:30,076 INFO  server.RaftServerConfigKeys (ConfUtils.java:logGet(43)) - raft.server.write.element-limit = 4096 (default)
2019-08-03 03:39:30,076 INFO  server.RaftServerConfigKeys (ConfUtils.java:logGet(43)) - raft.server.watch.timeout = 10s (default)
2019-08-03 03:39:30,076 INFO  server.RaftServerConfigKeys (ConfUtils.java:logGet(43)) - raft.server.watch.timeout.denomination = 1s (default)
2019-08-03 03:39:30,076 INFO  server.RaftServerConfigKeys (ConfUtils.java:logGet(43)) - raft.server.watch.element-limit = 65536 (default)
2019-08-03 03:39:30,076 INFO  server.RaftServerConfigKeys (ConfUtils.java:logGet(43)) - raft.server.log.appender.snapshot.chunk.size.max = 16MB (=16777216) (default)
2019-08-03 03:39:30,076 INFO  server.RaftServerConfigKeys (ConfUtils.java:logGet(43)) - raft.server.log.appender.buffer.byte-limit = 33554432 (custom)
2019-08-03 03:39:30,077 INFO  server.RaftServerConfigKeys (ConfUtils.java:logGet(43)) - raft.server.log.appender.buffer.element-limit = 1 (custom)
2019-08-03 03:39:30,080 INFO  grpc.GrpcConfigKeys$Server (ConfUtils.java:logGet(43)) - raft.grpc.server.leader.outstanding.appends.max = 128 (default)
2019-08-03 03:39:30,080 INFO  server.RaftServerConfigKeys (ConfUtils.java:logGet(43)) - raft.server.rpc.request.timeout = 3000ms (default)
2019-08-03 03:39:30,080 INFO  server.RaftServerConfigKeys (ConfUtils.java:logGet(43)) - raft.server.log.appender.install.snapshot.enabled = false (custom)
2019-08-03 03:39:30,080 INFO  server.RaftServerConfigKeys (ConfUtils.java:logGet(43)) - raft.server.log.appender.snapshot.chunk.size.max = 16MB (=16777216) (default)
2019-08-03 03:39:30,080 INFO  server.RaftServerConfigKeys (ConfUtils.java:logGet(43)) - raft.server.log.appender.buffer.byte-limit = 33554432 (custom)
2019-08-03 03:39:30,081 INFO  server.RaftServerConfigKeys (ConfUtils.java:logGet(43)) - raft.server.log.appender.buffer.element-limit = 1 (custom)
2019-08-03 03:39:30,081 INFO  grpc.GrpcConfigKeys$Server (ConfUtils.java:logGet(43)) - raft.grpc.server.leader.outstanding.appends.max = 128 (default)
2019-08-03 03:39:30,081 INFO  server.RaftServerConfigKeys (ConfUtils.java:logGet(43)) - raft.server.rpc.request.timeout = 3000ms (default)
2019-08-03 03:39:30,081 INFO  server.RaftServerConfigKeys (ConfUtils.java:logGet(43)) - raft.server.log.appender.install.snapshot.enabled = false (custom)
2019-08-03 03:39:30,081 INFO  impl.RoleInfo (RoleInfo.java:updateAndGet(143)) - 8589eb56-2f0c-49d3-b0c5-4d9cb822b0bb: start LeaderState
2019-08-03 03:39:30,082 INFO  segmented.SegmentedRaftLogWorker (SegmentedRaftLogWorker.java:startLogSegment(380)) - 8589eb56-2f0c-49d3-b0c5-4d9cb822b0bb-SegmentedRaftLogWorker:Storage Directory /workdir/hadoop-ozone/integration-test/target/test-dir/MiniOzoneClusterImpl-ba793efa-c700-45ae-b3d7-7588d56d7037/datanode-1/data/ratis/3b89c2ea-e09d-4b9d-9aa0-57d01ef98d07: Starting segment from index:0
2019-08-03 03:39:30,082 INFO  impl.RaftServerImpl (ServerState.java:setRaftConf(361)) - 8589eb56-2f0c-49d3-b0c5-4d9cb822b0bb:group-57D01EF98D07 set configuration 0: [b064c238-3f4a-43e0-8397-add0d57df4ba:192.168.5.147:35929, 8589eb56-2f0c-49d3-b0c5-4d9cb822b0bb:192.168.5.147:45798, 298d3804-7836-43e5-b8ae-b10df3fb9e27:192.168.5.147:44300], old=null at 0
2019-08-03 03:39:30,101 INFO  impl.RaftServerImpl (ServerState.java:setLeader(263)) - b064c238-3f4a-43e0-8397-add0d57df4ba:group-57D01EF98D07 change Leader from null to 8589eb56-2f0c-49d3-b0c5-4d9cb822b0bb at term 1 for appendEntries, leader elected after 5091ms
2019-08-03 03:39:30,102 INFO  impl.RaftServerImpl (ServerState.java:setLeader(263)) - 298d3804-7836-43e5-b8ae-b10df3fb9e27:group-57D01EF98D07 change Leader from null to 8589eb56-2f0c-49d3-b0c5-4d9cb822b0bb at term 1 for appendEntries, leader elected after 5092ms
2019-08-03 03:39:30,104 INFO  client.GrpcClientProtocolClient (GrpcClientProtocolClient.java:onNext(255)) - client-36C1EA903870->8589eb56-2f0c-49d3-b0c5-4d9cb822b0bb: receive RaftClientReply:client-36C1EA903870->8589eb56-2f0c-49d3-b0c5-4d9cb822b0bb@group-57D01EF98D07, cid=175, FAILED org.apache.ratis.protocol.LeaderNotReadyException: 8589eb56-2f0c-49d3-b0c5-4d9cb822b0bb is in LEADER state but not ready yet., logIndex=0, commits[8589eb56-2f0c-49d3-b0c5-4d9cb822b0bb:c-1]
2019-08-03 03:39:30,104 INFO  impl.RaftServerImpl (ServerState.java:setRaftConf(361)) - b064c238-3f4a-43e0-8397-add0d57df4ba:group-57D01EF98D07 set configuration 0: [b064c238-3f4a-43e0-8397-add0d57df4ba:192.168.5.147:35929, 8589eb56-2f0c-49d3-b0c5-4d9cb822b0bb:192.168.5.147:45798, 298d3804-7836-43e5-b8ae-b10df3fb9e27:192.168.5.147:44300], old=null at 0
2019-08-03 03:39:30,104 INFO  impl.RaftServerImpl (ServerState.java:setRaftConf(361)) - 298d3804-7836-43e5-b8ae-b10df3fb9e27:group-57D01EF98D07 set configuration 0: [b064c238-3f4a-43e0-8397-add0d57df4ba:192.168.5.147:35929, 8589eb56-2f0c-49d3-b0c5-4d9cb822b0bb:192.168.5.147:45798, 298d3804-7836-43e5-b8ae-b10df3fb9e27:192.168.5.147:44300], old=null at 0
2019-08-03 03:39:30,104 INFO  segmented.SegmentedRaftLogWorker (SegmentedRaftLogWorker.java:startLogSegment(380)) - b064c238-3f4a-43e0-8397-add0d57df4ba-SegmentedRaftLogWorker:Storage Directory /workdir/hadoop-ozone/integration-test/target/test-dir/MiniOzoneClusterImpl-ba793efa-c700-45ae-b3d7-7588d56d7037/datanode-0/data/ratis/3b89c2ea-e09d-4b9d-9aa0-57d01ef98d07: Starting segment from index:0
2019-08-03 03:39:30,105 INFO  segmented.SegmentedRaftLogWorker (SegmentedRaftLogWorker.java:startLogSegment(380)) - 298d3804-7836-43e5-b8ae-b10df3fb9e27-SegmentedRaftLogWorker:Storage Directory /workdir/hadoop-ozone/integration-test/target/test-dir/MiniOzoneClusterImpl-ba793efa-c700-45ae-b3d7-7588d56d7037/datanode-2/data/ratis/3b89c2ea-e09d-4b9d-9aa0-57d01ef98d07: Starting segment from index:0
2019-08-03 03:39:30,108 INFO  segmented.SegmentedRaftLogWorker (SegmentedRaftLogWorker.java:execute(569)) - 8589eb56-2f0c-49d3-b0c5-4d9cb822b0bb-SegmentedRaftLogWorker:Storage Directory /workdir/hadoop-ozone/integration-test/target/test-dir/MiniOzoneClusterImpl-ba793efa-c700-45ae-b3d7-7588d56d7037/datanode-1/data/ratis/3b89c2ea-e09d-4b9d-9aa0-57d01ef98d07: created new log segment /workdir/hadoop-ozone/integration-test/target/test-dir/MiniOzoneClusterImpl-ba793efa-c700-45ae-b3d7-7588d56d7037/datanode-1/data/ratis/3b89c2ea-e09d-4b9d-9aa0-57d01ef98d07/current/log_inprogress_0
2019-08-03 03:39:30,126 INFO  segmented.SegmentedRaftLogWorker (SegmentedRaftLogWorker.java:execute(569)) - b064c238-3f4a-43e0-8397-add0d57df4ba-SegmentedRaftLogWorker:Storage Directory /workdir/hadoop-ozone/integration-test/target/test-dir/MiniOzoneClusterImpl-ba793efa-c700-45ae-b3d7-7588d56d7037/datanode-0/data/ratis/3b89c2ea-e09d-4b9d-9aa0-57d01ef98d07: created new log segment /workdir/hadoop-ozone/integration-test/target/test-dir/MiniOzoneClusterImpl-ba793efa-c700-45ae-b3d7-7588d56d7037/datanode-0/data/ratis/3b89c2ea-e09d-4b9d-9aa0-57d01ef98d07/current/log_inprogress_0
2019-08-03 03:39:30,145 INFO  segmented.SegmentedRaftLogWorker (SegmentedRaftLogWorker.java:execute(569)) - 298d3804-7836-43e5-b8ae-b10df3fb9e27-SegmentedRaftLogWorker:Storage Directory /workdir/hadoop-ozone/integration-test/target/test-dir/MiniOzoneClusterImpl-ba793efa-c700-45ae-b3d7-7588d56d7037/datanode-2/data/ratis/3b89c2ea-e09d-4b9d-9aa0-57d01ef98d07: created new log segment /workdir/hadoop-ozone/integration-test/target/test-dir/MiniOzoneClusterImpl-ba793efa-c700-45ae-b3d7-7588d56d7037/datanode-2/data/ratis/3b89c2ea-e09d-4b9d-9aa0-57d01ef98d07/current/log_inprogress_0
2019-08-03 03:39:30,161 INFO  impl.FollowerState (FollowerState.java:run(106)) - 298d3804-7836-43e5-b8ae-b10df3fb9e27:group-2CE4E5016FE4 changes to CANDIDATE, lastRpcTime:5180, electionTimeout:5180ms
2019-08-03 03:39:30,161 INFO  impl.RoleInfo (RoleInfo.java:shutdownFollowerState(121)) - 298d3804-7836-43e5-b8ae-b10df3fb9e27: shutdown FollowerState
2019-08-03 03:39:30,161 INFO  impl.RaftServerImpl (RaftServerImpl.java:setRole(171)) - 298d3804-7836-43e5-b8ae-b10df3fb9e27:group-2CE4E5016FE4 changes role from FOLLOWER to CANDIDATE at term 0 for changeToCandidate
2019-08-03 03:39:30,162 INFO  impl.RoleInfo (RoleInfo.java:updateAndGet(143)) - 298d3804-7836-43e5-b8ae-b10df3fb9e27: start LeaderElection
2019-08-03 03:39:30,177 INFO  impl.LeaderElection (LeaderElection.java:askForVotes(181)) - 298d3804-7836-43e5-b8ae-b10df3fb9e27:group-2CE4E5016FE4:LeaderElection58: begin an election at term 1 for -1: [298d3804-7836-43e5-b8ae-b10df3fb9e27:192.168.5.147:44300], old=null
2019-08-03 03:39:30,177 INFO  impl.RoleInfo (RoleInfo.java:shutdownLeaderElection(134)) - 298d3804-7836-43e5-b8ae-b10df3fb9e27: shutdown LeaderElection
2019-08-03 03:39:30,178 INFO  impl.RaftServerImpl (RaftServerImpl.java:setRole(171)) - 298d3804-7836-43e5-b8ae-b10df3fb9e27:group-2CE4E5016FE4 changes role from CANDIDATE to LEADER at term 1 for changeToLeader
2019-08-03 03:39:30,178 INFO  impl.RaftServerImpl (ServerState.java:setLeader(263)) - 298d3804-7836-43e5-b8ae-b10df3fb9e27:group-2CE4E5016FE4 change Leader from null to 298d3804-7836-43e5-b8ae-b10df3fb9e27 at term 1 for becomeLeader, leader elected after 5201ms
2019-08-03 03:39:30,178 INFO  server.RaftServerConfigKeys (ConfUtils.java:logGet(43)) - raft.server.staging.catchup.gap = 1000 (default)
2019-08-03 03:39:30,178 INFO  server.RaftServerConfigKeys (ConfUtils.java:logGet(43)) - raft.server.rpc.sleep.time = 25ms (default)
2019-08-03 03:39:30,178 INFO  server.RaftServerConfigKeys (ConfUtils.java:logGet(43)) - raft.server.write.element-limit = 4096 (default)
2019-08-03 03:39:30,178 INFO  server.RaftServerConfigKeys (ConfUtils.java:logGet(43)) - raft.server.watch.timeout = 10s (default)
2019-08-03 03:39:30,178 INFO  server.RaftServerConfigKeys (ConfUtils.java:logGet(43)) - raft.server.watch.timeout.denomination = 1s (default)
2019-08-03 03:39:30,178 INFO  server.RaftServerConfigKeys (ConfUtils.java:logGet(43)) - raft.server.watch.element-limit = 65536 (default)
2019-08-03 03:39:30,179 INFO  impl.RoleInfo (RoleInfo.java:updateAndGet(143)) - 298d3804-7836-43e5-b8ae-b10df3fb9e27: start LeaderState
2019-08-03 03:39:30,179 INFO  segmented.SegmentedRaftLogWorker (SegmentedRaftLogWorker.java:startLogSegment(380)) - 298d3804-7836-43e5-b8ae-b10df3fb9e27-SegmentedRaftLogWorker:Storage Directory /workdir/hadoop-ozone/integration-test/target/test-dir/MiniOzoneClusterImpl-ba793efa-c700-45ae-b3d7-7588d56d7037/datanode-2/data/ratis/d4610906-e175-4ac1-9ea4-2ce4e5016fe4: Starting segment from index:0
2019-08-03 03:39:30,179 INFO  impl.RaftServerImpl (ServerState.java:setRaftConf(361)) - 298d3804-7836-43e5-b8ae-b10df3fb9e27:group-2CE4E5016FE4 set configuration 0: [298d3804-7836-43e5-b8ae-b10df3fb9e27:192.168.5.147:44300], old=null at 0
2019-08-03 03:39:30,201 INFO  segmented.SegmentedRaftLogWorker (SegmentedRaftLogWorker.java:execute(569)) - 298d3804-7836-43e5-b8ae-b10df3fb9e27-SegmentedRaftLogWorker:Storage Directory /workdir/hadoop-ozone/integration-test/target/test-dir/MiniOzoneClusterImpl-ba793efa-c700-45ae-b3d7-7588d56d7037/datanode-2/data/ratis/d4610906-e175-4ac1-9ea4-2ce4e5016fe4: created new log segment /workdir/hadoop-ozone/integration-test/target/test-dir/MiniOzoneClusterImpl-ba793efa-c700-45ae-b3d7-7588d56d7037/datanode-2/data/ratis/d4610906-e175-4ac1-9ea4-2ce4e5016fe4/current/log_inprogress_0
2019-08-03 03:39:30,462 INFO  impl.FollowerState (FollowerState.java:run(106)) - 144b7e8f-f123-4693-b674-64fe6260ef49:group-8CA8069A395F changes to CANDIDATE, lastRpcTime:5061, electionTimeout:5061ms
2019-08-03 03:39:30,462 INFO  impl.RoleInfo (RoleInfo.java:shutdownFollowerState(121)) - 144b7e8f-f123-4693-b674-64fe6260ef49: shutdown FollowerState
2019-08-03 03:39:30,462 INFO  impl.RaftServerImpl (RaftServerImpl.java:setRole(171)) - 144b7e8f-f123-4693-b674-64fe6260ef49:group-8CA8069A395F changes role from FOLLOWER to CANDIDATE at term 0 for changeToCandidate
2019-08-03 03:39:30,462 INFO  impl.RoleInfo (RoleInfo.java:updateAndGet(143)) - 144b7e8f-f123-4693-b674-64fe6260ef49: start LeaderElection
2019-08-03 03:39:30,473 INFO  impl.LeaderElection (LeaderElection.java:askForVotes(181)) - 144b7e8f-f123-4693-b674-64fe6260ef49:group-8CA8069A395F:LeaderElection59: begin an election at term 1 for -1: [144b7e8f-f123-4693-b674-64fe6260ef49:192.168.5.147:45087], old=null
2019-08-03 03:39:30,473 INFO  impl.RoleInfo (RoleInfo.java:shutdownLeaderElection(134)) - 144b7e8f-f123-4693-b674-64fe6260ef49: shutdown LeaderElection
2019-08-03 03:39:30,474 INFO  impl.RaftServerImpl (RaftServerImpl.java:setRole(171)) - 144b7e8f-f123-4693-b674-64fe6260ef49:group-8CA8069A395F changes role from CANDIDATE to LEADER at term 1 for changeToLeader
2019-08-03 03:39:30,474 INFO  impl.RaftServerImpl (ServerState.java:setLeader(263)) - 144b7e8f-f123-4693-b674-64fe6260ef49:group-8CA8069A395F change Leader from null to 144b7e8f-f123-4693-b674-64fe6260ef49 at term 1 for becomeLeader, leader elected after 5077ms
2019-08-03 03:39:30,474 INFO  server.RaftServerConfigKeys (ConfUtils.java:logGet(43)) - raft.server.staging.catchup.gap = 1000 (default)
2019-08-03 03:39:30,474 INFO  server.RaftServerConfigKeys (ConfUtils.java:logGet(43)) - raft.server.rpc.sleep.time = 25ms (default)
2019-08-03 03:39:30,474 INFO  server.RaftServerConfigKeys (ConfUtils.java:logGet(43)) - raft.server.write.element-limit = 4096 (default)
2019-08-03 03:39:30,474 INFO  server.RaftServerConfigKeys (ConfUtils.java:logGet(43)) - raft.server.watch.timeout = 10s (default)
2019-08-03 03:39:30,474 INFO  server.RaftServerConfigKeys (ConfUtils.java:logGet(43)) - raft.server.watch.timeout.denomination = 1s (default)
2019-08-03 03:39:30,475 INFO  server.RaftServerConfigKeys (ConfUtils.java:logGet(43)) - raft.server.watch.element-limit = 65536 (default)
2019-08-03 03:39:30,475 INFO  impl.RoleInfo (RoleInfo.java:updateAndGet(143)) - 144b7e8f-f123-4693-b674-64fe6260ef49: start LeaderState
2019-08-03 03:39:30,475 INFO  segmented.SegmentedRaftLogWorker (SegmentedRaftLogWorker.java:startLogSegment(380)) - 144b7e8f-f123-4693-b674-64fe6260ef49-SegmentedRaftLogWorker:Storage Directory /workdir/hadoop-ozone/integration-test/target/test-dir/MiniOzoneClusterImpl-ba793efa-c700-45ae-b3d7-7588d56d7037/datanode-3/data/ratis/557fa839-73b6-45a4-91c4-8ca8069a395f: Starting segment from index:0
2019-08-03 03:39:30,475 INFO  impl.RaftServerImpl (ServerState.java:setRaftConf(361)) - 144b7e8f-f123-4693-b674-64fe6260ef49:group-8CA8069A395F set configuration 0: [144b7e8f-f123-4693-b674-64fe6260ef49:192.168.5.147:45087], old=null at 0
2019-08-03 03:39:30,500 INFO  segmented.SegmentedRaftLogWorker (SegmentedRaftLogWorker.java:execute(569)) - 144b7e8f-f123-4693-b674-64fe6260ef49-SegmentedRaftLogWorker:Storage Directory /workdir/hadoop-ozone/integration-test/target/test-dir/MiniOzoneClusterImpl-ba793efa-c700-45ae-b3d7-7588d56d7037/datanode-3/data/ratis/557fa839-73b6-45a4-91c4-8ca8069a395f: created new log segment /workdir/hadoop-ozone/integration-test/target/test-dir/MiniOzoneClusterImpl-ba793efa-c700-45ae-b3d7-7588d56d7037/datanode-3/data/ratis/557fa839-73b6-45a4-91c4-8ca8069a395f/current/log_inprogress_0
2019-08-03 03:39:30,781 INFO  impl.FollowerState (FollowerState.java:run(106)) - 2f1dc277-5799-4794-ae47-954d43e96421:group-50F2FF970879 changes to CANDIDATE, lastRpcTime:5184, electionTimeout:5184ms
2019-08-03 03:39:30,781 INFO  impl.RoleInfo (RoleInfo.java:shutdownFollowerState(121)) - 2f1dc277-5799-4794-ae47-954d43e96421: shutdown FollowerState
2019-08-03 03:39:30,781 INFO  impl.RaftServerImpl (RaftServerImpl.java:setRole(171)) - 2f1dc277-5799-4794-ae47-954d43e96421:group-50F2FF970879 changes role from FOLLOWER to CANDIDATE at term 0 for changeToCandidate
2019-08-03 03:39:30,781 INFO  impl.RoleInfo (RoleInfo.java:updateAndGet(143)) - 2f1dc277-5799-4794-ae47-954d43e96421: start LeaderElection
2019-08-03 03:39:30,791 INFO  impl.LeaderElection (LeaderElection.java:askForVotes(181)) - 2f1dc277-5799-4794-ae47-954d43e96421:group-50F2FF970879:LeaderElection60: begin an election at term 1 for -1: [2f1dc277-5799-4794-ae47-954d43e96421:192.168.5.147:46108], old=null
2019-08-03 03:39:30,791 INFO  impl.RoleInfo (RoleInfo.java:shutdownLeaderElection(134)) - 2f1dc277-5799-4794-ae47-954d43e96421: shutdown LeaderElection
2019-08-03 03:39:30,791 INFO  impl.RaftServerImpl (RaftServerImpl.java:setRole(171)) - 2f1dc277-5799-4794-ae47-954d43e96421:group-50F2FF970879 changes role from CANDIDATE to LEADER at term 1 for changeToLeader
2019-08-03 03:39:30,791 INFO  impl.RaftServerImpl (ServerState.java:setLeader(263)) - 2f1dc277-5799-4794-ae47-954d43e96421:group-50F2FF970879 change Leader from null to 2f1dc277-5799-4794-ae47-954d43e96421 at term 1 for becomeLeader, leader elected after 5199ms
2019-08-03 03:39:30,791 INFO  server.RaftServerConfigKeys (ConfUtils.java:logGet(43)) - raft.server.staging.catchup.gap = 1000 (default)
2019-08-03 03:39:30,791 INFO  server.RaftServerConfigKeys (ConfUtils.java:logGet(43)) - raft.server.rpc.sleep.time = 25ms (default)
2019-08-03 03:39:30,792 INFO  server.RaftServerConfigKeys (ConfUtils.java:logGet(43)) - raft.server.write.element-limit = 4096 (default)
2019-08-03 03:39:30,792 INFO  server.RaftServerConfigKeys (ConfUtils.java:logGet(43)) - raft.server.watch.timeout = 10s (default)
2019-08-03 03:39:30,792 INFO  server.RaftServerConfigKeys (ConfUtils.java:logGet(43)) - raft.server.watch.timeout.denomination = 1s (default)
2019-08-03 03:39:30,792 INFO  server.RaftServerConfigKeys (ConfUtils.java:logGet(43)) - raft.server.watch.element-limit = 65536 (default)
2019-08-03 03:39:30,792 INFO  impl.RoleInfo (RoleInfo.java:updateAndGet(143)) - 2f1dc277-5799-4794-ae47-954d43e96421: start LeaderState
2019-08-03 03:39:30,792 INFO  segmented.SegmentedRaftLogWorker (SegmentedRaftLogWorker.java:startLogSegment(380)) - 2f1dc277-5799-4794-ae47-954d43e96421-SegmentedRaftLogWorker:Storage Directory /workdir/hadoop-ozone/integration-test/target/test-dir/MiniOzoneClusterImpl-ba793efa-c700-45ae-b3d7-7588d56d7037/datanode-4/data/ratis/2b7cb506-8304-4a2f-8d26-50f2ff970879: Starting segment from index:0
2019-08-03 03:39:30,793 INFO  impl.RaftServerImpl (ServerState.java:setRaftConf(361)) - 2f1dc277-5799-4794-ae47-954d43e96421:group-50F2FF970879 set configuration 0: [2f1dc277-5799-4794-ae47-954d43e96421:192.168.5.147:46108], old=null at 0
2019-08-03 03:39:30,840 INFO  segmented.SegmentedRaftLogWorker (SegmentedRaftLogWorker.java:execute(569)) - 2f1dc277-5799-4794-ae47-954d43e96421-SegmentedRaftLogWorker:Storage Directory /workdir/hadoop-ozone/integration-test/target/test-dir/MiniOzoneClusterImpl-ba793efa-c700-45ae-b3d7-7588d56d7037/datanode-4/data/ratis/2b7cb506-8304-4a2f-8d26-50f2ff970879: created new log segment /workdir/hadoop-ozone/integration-test/target/test-dir/MiniOzoneClusterImpl-ba793efa-c700-45ae-b3d7-7588d56d7037/datanode-4/data/ratis/2b7cb506-8304-4a2f-8d26-50f2ff970879/current/log_inprogress_0
2019-08-03 03:39:30,900 INFO  impl.FollowerState (FollowerState.java:run(106)) - 1c872a75-9c86-4745-88b3-464e5192de7a:group-145E3D1A1685 changes to CANDIDATE, lastRpcTime:5063, electionTimeout:5063ms
2019-08-03 03:39:30,900 INFO  impl.RoleInfo (RoleInfo.java:shutdownFollowerState(121)) - 1c872a75-9c86-4745-88b3-464e5192de7a: shutdown FollowerState
2019-08-03 03:39:30,901 INFO  impl.RaftServerImpl (RaftServerImpl.java:setRole(171)) - 1c872a75-9c86-4745-88b3-464e5192de7a:group-145E3D1A1685 changes role from FOLLOWER to CANDIDATE at term 0 for changeToCandidate
2019-08-03 03:39:30,901 INFO  impl.RoleInfo (RoleInfo.java:updateAndGet(143)) - 1c872a75-9c86-4745-88b3-464e5192de7a: start LeaderElection
2019-08-03 03:39:30,915 INFO  impl.FollowerState (FollowerState.java:run(106)) - 144b7e8f-f123-4693-b674-64fe6260ef49:group-145E3D1A1685 changes to CANDIDATE, lastRpcTime:5081, electionTimeout:5081ms
2019-08-03 03:39:30,915 INFO  impl.RoleInfo (RoleInfo.java:shutdownFollowerState(121)) - 144b7e8f-f123-4693-b674-64fe6260ef49: shutdown FollowerState
2019-08-03 03:39:30,915 INFO  impl.RaftServerImpl (RaftServerImpl.java:setRole(171)) - 144b7e8f-f123-4693-b674-64fe6260ef49:group-145E3D1A1685 changes role from FOLLOWER to CANDIDATE at term 0 for changeToCandidate
2019-08-03 03:39:30,915 INFO  impl.RoleInfo (RoleInfo.java:updateAndGet(143)) - 144b7e8f-f123-4693-b674-64fe6260ef49: start LeaderElection
2019-08-03 03:39:30,920 INFO  impl.LeaderElection (LeaderElection.java:askForVotes(181)) - 1c872a75-9c86-4745-88b3-464e5192de7a:group-145E3D1A1685:LeaderElection61: begin an election at term 1 for -1: [144b7e8f-f123-4693-b674-64fe6260ef49:192.168.5.147:45087, 1c872a75-9c86-4745-88b3-464e5192de7a:192.168.5.147:32969, 2f1dc277-5799-4794-ae47-954d43e96421:192.168.5.147:46108], old=null
2019-08-03 03:39:30,925 INFO  impl.LeaderElection (LeaderElection.java:askForVotes(181)) - 144b7e8f-f123-4693-b674-64fe6260ef49:group-145E3D1A1685:LeaderElection62: begin an election at term 1 for -1: [144b7e8f-f123-4693-b674-64fe6260ef49:192.168.5.147:45087, 1c872a75-9c86-4745-88b3-464e5192de7a:192.168.5.147:32969, 2f1dc277-5799-4794-ae47-954d43e96421:192.168.5.147:46108], old=null
2019-08-03 03:39:30,928 INFO  impl.RaftServerImpl (RaftServerImpl.java:setRole(171)) - 2f1dc277-5799-4794-ae47-954d43e96421:group-145E3D1A1685 changes role from FOLLOWER to FOLLOWER at term 1 for recognizeCandidate:1c872a75-9c86-4745-88b3-464e5192de7a
2019-08-03 03:39:30,928 INFO  impl.RoleInfo (RoleInfo.java:shutdownFollowerState(121)) - 2f1dc277-5799-4794-ae47-954d43e96421: shutdown FollowerState
2019-08-03 03:39:30,931 INFO  impl.RoleInfo (RoleInfo.java:updateAndGet(143)) - 2f1dc277-5799-4794-ae47-954d43e96421: start FollowerState
2019-08-03 03:39:30,931 INFO  impl.FollowerState (FollowerState.java:run(114)) - 2f1dc277-5799-4794-ae47-954d43e96421: FollowerState was interrupted: java.lang.InterruptedException: sleep interrupted
2019-08-03 03:39:30,944 INFO  impl.LeaderElection (LeaderElection.java:logAndReturn(56)) - 1c872a75-9c86-4745-88b3-464e5192de7a:group-145E3D1A1685:LeaderElection61: Election PASSED; received 2 response(s) [1c872a75-9c86-4745-88b3-464e5192de7a<-144b7e8f-f123-4693-b674-64fe6260ef49#0:FAIL-t1, 1c872a75-9c86-4745-88b3-464e5192de7a<-2f1dc277-5799-4794-ae47-954d43e96421#0:OK-t1] and 0 exception(s); 1c872a75-9c86-4745-88b3-464e5192de7a:t1, leader=null, voted=1c872a75-9c86-4745-88b3-464e5192de7a, raftlog=1c872a75-9c86-4745-88b3-464e5192de7a-SegmentedRaftLog:OPENED:c-1,f-1,i0, conf=-1: [144b7e8f-f123-4693-b674-64fe6260ef49:192.168.5.147:45087, 1c872a75-9c86-4745-88b3-464e5192de7a:192.168.5.147:32969, 2f1dc277-5799-4794-ae47-954d43e96421:192.168.5.147:46108], old=null
2019-08-03 03:39:30,945 INFO  impl.RoleInfo (RoleInfo.java:shutdownLeaderElection(134)) - 1c872a75-9c86-4745-88b3-464e5192de7a: shutdown LeaderElection
2019-08-03 03:39:30,945 INFO  impl.RaftServerImpl (RaftServerImpl.java:setRole(171)) - 1c872a75-9c86-4745-88b3-464e5192de7a:group-145E3D1A1685 changes role from CANDIDATE to LEADER at term 1 for changeToLeader
2019-08-03 03:39:30,945 INFO  impl.RaftServerImpl (ServerState.java:setLeader(263)) - 1c872a75-9c86-4745-88b3-464e5192de7a:group-145E3D1A1685 change Leader from null to 1c872a75-9c86-4745-88b3-464e5192de7a at term 1 for becomeLeader, leader elected after 5117ms
2019-08-03 03:39:30,945 INFO  impl.LeaderElection (LeaderElection.java:logAndReturn(56)) - 144b7e8f-f123-4693-b674-64fe6260ef49:group-145E3D1A1685:LeaderElection62: Election REJECTED; received 2 response(s) [144b7e8f-f123-4693-b674-64fe6260ef49<-1c872a75-9c86-4745-88b3-464e5192de7a#0:FAIL-t1, 144b7e8f-f123-4693-b674-64fe6260ef49<-2f1dc277-5799-4794-ae47-954d43e96421#0:FAIL-t1] and 0 exception(s); 144b7e8f-f123-4693-b674-64fe6260ef49:t1, leader=null, voted=144b7e8f-f123-4693-b674-64fe6260ef49, raftlog=144b7e8f-f123-4693-b674-64fe6260ef49-SegmentedRaftLog:OPENED:c-1,f-1,i0, conf=-1: [144b7e8f-f123-4693-b674-64fe6260ef49:192.168.5.147:45087, 1c872a75-9c86-4745-88b3-464e5192de7a:192.168.5.147:32969, 2f1dc277-5799-4794-ae47-954d43e96421:192.168.5.147:46108], old=null
2019-08-03 03:39:30,945 INFO  server.RaftServerConfigKeys (ConfUtils.java:logGet(43)) - raft.server.staging.catchup.gap = 1000 (default)
2019-08-03 03:39:30,945 INFO  impl.RaftServerImpl (RaftServerImpl.java:setRole(171)) - 144b7e8f-f123-4693-b674-64fe6260ef49:group-145E3D1A1685 changes role from CANDIDATE to FOLLOWER at term 1 for DISCOVERED_A_NEW_TERM
2019-08-03 03:39:30,945 INFO  server.RaftServerConfigKeys (ConfUtils.java:logGet(43)) - raft.server.rpc.sleep.time = 25ms (default)
2019-08-03 03:39:30,945 INFO  impl.RoleInfo (RoleInfo.java:shutdownLeaderElection(134)) - 144b7e8f-f123-4693-b674-64fe6260ef49: shutdown LeaderElection
2019-08-03 03:39:30,946 INFO  server.RaftServerConfigKeys (ConfUtils.java:logGet(43)) - raft.server.write.element-limit = 4096 (default)
2019-08-03 03:39:30,946 INFO  impl.RoleInfo (RoleInfo.java:updateAndGet(143)) - 144b7e8f-f123-4693-b674-64fe6260ef49: start FollowerState
2019-08-03 03:39:30,946 INFO  server.RaftServerConfigKeys (ConfUtils.java:logGet(43)) - raft.server.watch.timeout = 10s (default)
2019-08-03 03:39:30,946 INFO  server.RaftServerConfigKeys (ConfUtils.java:logGet(43)) - raft.server.watch.timeout.denomination = 1s (default)
2019-08-03 03:39:30,946 INFO  server.RaftServerConfigKeys (ConfUtils.java:logGet(43)) - raft.server.watch.element-limit = 65536 (default)
2019-08-03 03:39:30,946 INFO  server.RaftServerConfigKeys (ConfUtils.java:logGet(43)) - raft.server.log.appender.snapshot.chunk.size.max = 16MB (=16777216) (default)
2019-08-03 03:39:30,947 INFO  server.RaftServerConfigKeys (ConfUtils.java:logGet(43)) - raft.server.log.appender.buffer.byte-limit = 33554432 (custom)
2019-08-03 03:39:30,947 INFO  server.RaftServerConfigKeys (ConfUtils.java:logGet(43)) - raft.server.log.appender.buffer.element-limit = 1 (custom)
2019-08-03 03:39:30,947 INFO  grpc.GrpcConfigKeys$Server (ConfUtils.java:logGet(43)) - raft.grpc.server.leader.outstanding.appends.max = 128 (default)
2019-08-03 03:39:30,947 INFO  server.RaftServerConfigKeys (ConfUtils.java:logGet(43)) - raft.server.rpc.request.timeout = 3000ms (default)
2019-08-03 03:39:30,947 INFO  server.RaftServerConfigKeys (ConfUtils.java:logGet(43)) - raft.server.log.appender.install.snapshot.enabled = false (custom)
2019-08-03 03:39:30,948 INFO  server.RaftServerConfigKeys (ConfUtils.java:logGet(43)) - raft.server.log.appender.snapshot.chunk.size.max = 16MB (=16777216) (default)
2019-08-03 03:39:30,948 INFO  server.RaftServerConfigKeys (ConfUtils.java:logGet(43)) - raft.server.log.appender.buffer.byte-limit = 33554432 (custom)
2019-08-03 03:39:30,948 INFO  server.RaftServerConfigKeys (ConfUtils.java:logGet(43)) - raft.server.log.appender.buffer.element-limit = 1 (custom)
2019-08-03 03:39:30,948 INFO  grpc.GrpcConfigKeys$Server (ConfUtils.java:logGet(43)) - raft.grpc.server.leader.outstanding.appends.max = 128 (default)
2019-08-03 03:39:30,948 INFO  server.RaftServerConfigKeys (ConfUtils.java:logGet(43)) - raft.server.rpc.request.timeout = 3000ms (default)
2019-08-03 03:39:30,948 INFO  server.RaftServerConfigKeys (ConfUtils.java:logGet(43)) - raft.server.log.appender.install.snapshot.enabled = false (custom)
2019-08-03 03:39:30,949 INFO  impl.RoleInfo (RoleInfo.java:updateAndGet(143)) - 1c872a75-9c86-4745-88b3-464e5192de7a: start LeaderState
2019-08-03 03:39:30,949 INFO  segmented.SegmentedRaftLogWorker (SegmentedRaftLogWorker.java:startLogSegment(380)) - 1c872a75-9c86-4745-88b3-464e5192de7a-SegmentedRaftLogWorker:Storage Directory /workdir/hadoop-ozone/integration-test/target/test-dir/MiniOzoneClusterImpl-ba793efa-c700-45ae-b3d7-7588d56d7037/datanode-5/data/ratis/75a2fa92-5d3b-48f6-bd11-145e3d1a1685: Starting segment from index:0
2019-08-03 03:39:30,950 INFO  impl.RaftServerImpl (ServerState.java:setRaftConf(361)) - 1c872a75-9c86-4745-88b3-464e5192de7a:group-145E3D1A1685 set configuration 0: [144b7e8f-f123-4693-b674-64fe6260ef49:192.168.5.147:45087, 1c872a75-9c86-4745-88b3-464e5192de7a:192.168.5.147:32969, 2f1dc277-5799-4794-ae47-954d43e96421:192.168.5.147:46108], old=null at 0
2019-08-03 03:39:30,951 INFO  impl.RaftServerImpl (ServerState.java:setLeader(263)) - 2f1dc277-5799-4794-ae47-954d43e96421:group-145E3D1A1685 change Leader from null to 1c872a75-9c86-4745-88b3-464e5192de7a at term 1 for appendEntries, leader elected after 5123ms
2019-08-03 03:39:30,951 INFO  impl.RaftServerImpl (ServerState.java:setLeader(263)) - 144b7e8f-f123-4693-b674-64fe6260ef49:group-145E3D1A1685 change Leader from null to 1c872a75-9c86-4745-88b3-464e5192de7a at term 1 for appendEntries, leader elected after 5124ms
2019-08-03 03:39:30,953 INFO  impl.RaftServerImpl (ServerState.java:setRaftConf(361)) - 2f1dc277-5799-4794-ae47-954d43e96421:group-145E3D1A1685 set configuration 0: [144b7e8f-f123-4693-b674-64fe6260ef49:192.168.5.147:45087, 1c872a75-9c86-4745-88b3-464e5192de7a:192.168.5.147:32969, 2f1dc277-5799-4794-ae47-954d43e96421:192.168.5.147:46108], old=null at 0
2019-08-03 03:39:30,953 INFO  segmented.SegmentedRaftLogWorker (SegmentedRaftLogWorker.java:startLogSegment(380)) - 2f1dc277-5799-4794-ae47-954d43e96421-SegmentedRaftLogWorker:Storage Directory /workdir/hadoop-ozone/integration-test/target/test-dir/MiniOzoneClusterImpl-ba793efa-c700-45ae-b3d7-7588d56d7037/datanode-4/data/ratis/75a2fa92-5d3b-48f6-bd11-145e3d1a1685: Starting segment from index:0
2019-08-03 03:39:30,953 INFO  impl.RaftServerImpl (ServerState.java:setRaftConf(361)) - 144b7e8f-f123-4693-b674-64fe6260ef49:group-145E3D1A1685 set configuration 0: [144b7e8f-f123-4693-b674-64fe6260ef49:192.168.5.147:45087, 1c872a75-9c86-4745-88b3-464e5192de7a:192.168.5.147:32969, 2f1dc277-5799-4794-ae47-954d43e96421:192.168.5.147:46108], old=null at 0
2019-08-03 03:39:30,954 INFO  segmented.SegmentedRaftLogWorker (SegmentedRaftLogWorker.java:startLogSegment(380)) - 144b7e8f-f123-4693-b674-64fe6260ef49-SegmentedRaftLogWorker:Storage Directory /workdir/hadoop-ozone/integration-test/target/test-dir/MiniOzoneClusterImpl-ba793efa-c700-45ae-b3d7-7588d56d7037/datanode-3/data/ratis/75a2fa92-5d3b-48f6-bd11-145e3d1a1685: Starting segment from index:0
2019-08-03 03:39:30,976 INFO  segmented.SegmentedRaftLogWorker (SegmentedRaftLogWorker.java:execute(569)) - 144b7e8f-f123-4693-b674-64fe6260ef49-SegmentedRaftLogWorker:Storage Directory /workdir/hadoop-ozone/integration-test/target/test-dir/MiniOzoneClusterImpl-ba793efa-c700-45ae-b3d7-7588d56d7037/datanode-3/data/ratis/75a2fa92-5d3b-48f6-bd11-145e3d1a1685: created new log segment /workdir/hadoop-ozone/integration-test/target/test-dir/MiniOzoneClusterImpl-ba793efa-c700-45ae-b3d7-7588d56d7037/datanode-3/data/ratis/75a2fa92-5d3b-48f6-bd11-145e3d1a1685/current/log_inprogress_0
2019-08-03 03:39:30,976 INFO  segmented.SegmentedRaftLogWorker (SegmentedRaftLogWorker.java:execute(569)) - 2f1dc277-5799-4794-ae47-954d43e96421-SegmentedRaftLogWorker:Storage Directory /workdir/hadoop-ozone/integration-test/target/test-dir/MiniOzoneClusterImpl-ba793efa-c700-45ae-b3d7-7588d56d7037/datanode-4/data/ratis/75a2fa92-5d3b-48f6-bd11-145e3d1a1685: created new log segment /workdir/hadoop-ozone/integration-test/target/test-dir/MiniOzoneClusterImpl-ba793efa-c700-45ae-b3d7-7588d56d7037/datanode-4/data/ratis/75a2fa92-5d3b-48f6-bd11-145e3d1a1685/current/log_inprogress_0
2019-08-03 03:39:30,983 INFO  impl.FollowerState (FollowerState.java:run(106)) - 1c872a75-9c86-4745-88b3-464e5192de7a:group-F02CED627A44 changes to CANDIDATE, lastRpcTime:5190, electionTimeout:5190ms
2019-08-03 03:39:30,983 INFO  impl.RoleInfo (RoleInfo.java:shutdownFollowerState(121)) - 1c872a75-9c86-4745-88b3-464e5192de7a: shutdown FollowerState
2019-08-03 03:39:30,984 INFO  impl.RaftServerImpl (RaftServerImpl.java:setRole(171)) - 1c872a75-9c86-4745-88b3-464e5192de7a:group-F02CED627A44 changes role from FOLLOWER to CANDIDATE at term 0 for changeToCandidate
2019-08-03 03:39:30,984 INFO  impl.RoleInfo (RoleInfo.java:updateAndGet(143)) - 1c872a75-9c86-4745-88b3-464e5192de7a: start LeaderElection
2019-08-03 03:39:30,994 INFO  segmented.SegmentedRaftLogWorker (SegmentedRaftLogWorker.java:execute(569)) - 1c872a75-9c86-4745-88b3-464e5192de7a-SegmentedRaftLogWorker:Storage Directory /workdir/hadoop-ozone/integration-test/target/test-dir/MiniOzoneClusterImpl-ba793efa-c700-45ae-b3d7-7588d56d7037/datanode-5/data/ratis/75a2fa92-5d3b-48f6-bd11-145e3d1a1685: created new log segment /workdir/hadoop-ozone/integration-test/target/test-dir/MiniOzoneClusterImpl-ba793efa-c700-45ae-b3d7-7588d56d7037/datanode-5/data/ratis/75a2fa92-5d3b-48f6-bd11-145e3d1a1685/current/log_inprogress_0
2019-08-03 03:39:30,998 INFO  impl.LeaderElection (LeaderElection.java:askForVotes(181)) - 1c872a75-9c86-4745-88b3-464e5192de7a:group-F02CED627A44:LeaderElection63: begin an election at term 1 for -1: [1c872a75-9c86-4745-88b3-464e5192de7a:192.168.5.147:32969], old=null
2019-08-03 03:39:30,999 INFO  impl.RoleInfo (RoleInfo.java:shutdownLeaderElection(134)) - 1c872a75-9c86-4745-88b3-464e5192de7a: shutdown LeaderElection
2019-08-03 03:39:30,999 INFO  impl.RaftServerImpl (RaftServerImpl.java:setRole(171)) - 1c872a75-9c86-4745-88b3-464e5192de7a:group-F02CED627A44 changes role from CANDIDATE to LEADER at term 1 for changeToLeader
2019-08-03 03:39:30,999 INFO  impl.RaftServerImpl (ServerState.java:setLeader(263)) - 1c872a75-9c86-4745-88b3-464e5192de7a:group-F02CED627A44 change Leader from null to 1c872a75-9c86-4745-88b3-464e5192de7a at term 1 for becomeLeader, leader elected after 5209ms
2019-08-03 03:39:30,999 INFO  server.RaftServerConfigKeys (ConfUtils.java:logGet(43)) - raft.server.staging.catchup.gap = 1000 (default)
2019-08-03 03:39:30,999 INFO  server.RaftServerConfigKeys (ConfUtils.java:logGet(43)) - raft.server.rpc.sleep.time = 25ms (default)
2019-08-03 03:39:30,999 INFO  server.RaftServerConfigKeys (ConfUtils.java:logGet(43)) - raft.server.write.element-limit = 4096 (default)
2019-08-03 03:39:30,999 INFO  server.RaftServerConfigKeys (ConfUtils.java:logGet(43)) - raft.server.watch.timeout = 10s (default)
2019-08-03 03:39:30,999 INFO  server.RaftServerConfigKeys (ConfUtils.java:logGet(43)) - raft.server.watch.timeout.denomination = 1s (default)
2019-08-03 03:39:30,999 INFO  server.RaftServerConfigKeys (ConfUtils.java:logGet(43)) - raft.server.watch.element-limit = 65536 (default)
2019-08-03 03:39:31,000 INFO  impl.RoleInfo (RoleInfo.java:updateAndGet(143)) - 1c872a75-9c86-4745-88b3-464e5192de7a: start LeaderState
2019-08-03 03:39:31,000 INFO  segmented.SegmentedRaftLogWorker (SegmentedRaftLogWorker.java:startLogSegment(380)) - 1c872a75-9c86-4745-88b3-464e5192de7a-SegmentedRaftLogWorker:Storage Directory /workdir/hadoop-ozone/integration-test/target/test-dir/MiniOzoneClusterImpl-ba793efa-c700-45ae-b3d7-7588d56d7037/datanode-5/data/ratis/54d09ebf-29d9-43a4-aa35-f02ced627a44: Starting segment from index:0
2019-08-03 03:39:31,000 INFO  impl.RaftServerImpl (ServerState.java:setRaftConf(361)) - 1c872a75-9c86-4745-88b3-464e5192de7a:group-F02CED627A44 set configuration 0: [1c872a75-9c86-4745-88b3-464e5192de7a:192.168.5.147:32969], old=null at 0
2019-08-03 03:39:31,020 INFO  segmented.SegmentedRaftLogWorker (SegmentedRaftLogWorker.java:execute(569)) - 1c872a75-9c86-4745-88b3-464e5192de7a-SegmentedRaftLogWorker:Storage Directory /workdir/hadoop-ozone/integration-test/target/test-dir/MiniOzoneClusterImpl-ba793efa-c700-45ae-b3d7-7588d56d7037/datanode-5/data/ratis/54d09ebf-29d9-43a4-aa35-f02ced627a44: created new log segment /workdir/hadoop-ozone/integration-test/target/test-dir/MiniOzoneClusterImpl-ba793efa-c700-45ae-b3d7-7588d56d7037/datanode-5/data/ratis/54d09ebf-29d9-43a4-aa35-f02ced627a44/current/log_inprogress_0
2019-08-03 03:39:31,135 INFO  impl.FollowerState (FollowerState.java:run(106)) - 1f0488a2-65bc-428d-860c-6fd661d7f0ca:group-5FB281D0B7DF changes to CANDIDATE, lastRpcTime:5143, electionTimeout:5143ms
2019-08-03 03:39:31,135 INFO  impl.RoleInfo (RoleInfo.java:shutdownFollowerState(121)) - 1f0488a2-65bc-428d-860c-6fd661d7f0ca: shutdown FollowerState
2019-08-03 03:39:31,135 INFO  impl.RaftServerImpl (RaftServerImpl.java:setRole(171)) - 1f0488a2-65bc-428d-860c-6fd661d7f0ca:group-5FB281D0B7DF changes role from FOLLOWER to CANDIDATE at term 0 for changeToCandidate
2019-08-03 03:39:31,135 INFO  impl.RoleInfo (RoleInfo.java:updateAndGet(143)) - 1f0488a2-65bc-428d-860c-6fd661d7f0ca: start LeaderElection
2019-08-03 03:39:31,152 INFO  impl.LeaderElection (LeaderElection.java:askForVotes(181)) - 1f0488a2-65bc-428d-860c-6fd661d7f0ca:group-5FB281D0B7DF:LeaderElection64: begin an election at term 1 for -1: [1f0488a2-65bc-428d-860c-6fd661d7f0ca:192.168.5.147:46880], old=null
2019-08-03 03:39:31,152 INFO  impl.RoleInfo (RoleInfo.java:shutdownLeaderElection(134)) - 1f0488a2-65bc-428d-860c-6fd661d7f0ca: shutdown LeaderElection
2019-08-03 03:39:31,152 INFO  impl.RaftServerImpl (RaftServerImpl.java:setRole(171)) - 1f0488a2-65bc-428d-860c-6fd661d7f0ca:group-5FB281D0B7DF changes role from CANDIDATE to LEADER at term 1 for changeToLeader
2019-08-03 03:39:31,152 INFO  impl.RaftServerImpl (ServerState.java:setLeader(263)) - 1f0488a2-65bc-428d-860c-6fd661d7f0ca:group-5FB281D0B7DF change Leader from null to 1f0488a2-65bc-428d-860c-6fd661d7f0ca at term 1 for becomeLeader, leader elected after 5165ms
2019-08-03 03:39:31,153 INFO  server.RaftServerConfigKeys (ConfUtils.java:logGet(43)) - raft.server.staging.catchup.gap = 1000 (default)
2019-08-03 03:39:31,153 INFO  server.RaftServerConfigKeys (ConfUtils.java:logGet(43)) - raft.server.rpc.sleep.time = 25ms (default)
2019-08-03 03:39:31,153 INFO  server.RaftServerConfigKeys (ConfUtils.java:logGet(43)) - raft.server.write.element-limit = 4096 (default)
2019-08-03 03:39:31,153 INFO  server.RaftServerConfigKeys (ConfUtils.java:logGet(43)) - raft.server.watch.timeout = 10s (default)
2019-08-03 03:39:31,153 INFO  server.RaftServerConfigKeys (ConfUtils.java:logGet(43)) - raft.server.watch.timeout.denomination = 1s (default)
2019-08-03 03:39:31,154 INFO  server.RaftServerConfigKeys (ConfUtils.java:logGet(43)) - raft.server.watch.element-limit = 65536 (default)
2019-08-03 03:39:31,154 INFO  impl.RoleInfo (RoleInfo.java:updateAndGet(143)) - 1f0488a2-65bc-428d-860c-6fd661d7f0ca: start LeaderState
2019-08-03 03:39:31,154 INFO  segmented.SegmentedRaftLogWorker (SegmentedRaftLogWorker.java:startLogSegment(380)) - 1f0488a2-65bc-428d-860c-6fd661d7f0ca-SegmentedRaftLogWorker:Storage Directory /workdir/hadoop-ozone/integration-test/target/test-dir/MiniOzoneClusterImpl-ba793efa-c700-45ae-b3d7-7588d56d7037/datanode-6/data/ratis/ebcd0d2d-0d72-41f1-a725-5fb281d0b7df: Starting segment from index:0
2019-08-03 03:39:31,155 INFO  impl.RaftServerImpl (ServerState.java:setRaftConf(361)) - 1f0488a2-65bc-428d-860c-6fd661d7f0ca:group-5FB281D0B7DF set configuration 0: [1f0488a2-65bc-428d-860c-6fd661d7f0ca:192.168.5.147:46880], old=null at 0
2019-08-03 03:39:31,204 INFO  segmented.SegmentedRaftLogWorker (SegmentedRaftLogWorker.java:execute(569)) - 1f0488a2-65bc-428d-860c-6fd661d7f0ca-SegmentedRaftLogWorker:Storage Directory /workdir/hadoop-ozone/integration-test/target/test-dir/MiniOzoneClusterImpl-ba793efa-c700-45ae-b3d7-7588d56d7037/datanode-6/data/ratis/ebcd0d2d-0d72-41f1-a725-5fb281d0b7df: created new log segment /workdir/hadoop-ozone/integration-test/target/test-dir/MiniOzoneClusterImpl-ba793efa-c700-45ae-b3d7-7588d56d7037/datanode-6/data/ratis/ebcd0d2d-0d72-41f1-a725-5fb281d0b7df/current/log_inprogress_0
2019-08-03 03:39:32,199 INFO  client.GrpcClientProtocolClient (GrpcClientProtocolClient.java:onNext(255)) - client-36C1EA903870->8589eb56-2f0c-49d3-b0c5-4d9cb822b0bb: receive RaftClientReply:client-36C1EA903870->8589eb56-2f0c-49d3-b0c5-4d9cb822b0bb@group-57D01EF98D07, cid=175, SUCCESS, logIndex=1, commits[8589eb56-2f0c-49d3-b0c5-4d9cb822b0bb:c1, b064c238-3f4a-43e0-8397-add0d57df4ba:c0, 298d3804-7836-43e5-b8ae-b10df3fb9e27:c0]
2019-08-03 03:39:32,215 INFO  client.GrpcClientProtocolClient (GrpcClientProtocolClient.java:onNext(255)) - client-36C1EA903870->8589eb56-2f0c-49d3-b0c5-4d9cb822b0bb: receive RaftClientReply:client-36C1EA903870->8589eb56-2f0c-49d3-b0c5-4d9cb822b0bb@group-57D01EF98D07, cid=176, SUCCESS, logIndex=3, commits[8589eb56-2f0c-49d3-b0c5-4d9cb822b0bb:c3, b064c238-3f4a-43e0-8397-add0d57df4ba:c2, 298d3804-7836-43e5-b8ae-b10df3fb9e27:c2]
2019-08-03 03:39:32,243 INFO  client.GrpcClientProtocolClient (GrpcClientProtocolClient.java:onNext(255)) - client-36C1EA903870->8589eb56-2f0c-49d3-b0c5-4d9cb822b0bb: receive RaftClientReply:client-36C1EA903870->8589eb56-2f0c-49d3-b0c5-4d9cb822b0bb@group-57D01EF98D07, cid=177, SUCCESS, logIndex=4, commits[8589eb56-2f0c-49d3-b0c5-4d9cb822b0bb:c12, b064c238-3f4a-43e0-8397-add0d57df4ba:c7, 298d3804-7836-43e5-b8ae-b10df3fb9e27:c7]
2019-08-03 03:39:32,243 INFO  client.GrpcClientProtocolClient (GrpcClientProtocolClient.java:onNext(255)) - client-36C1EA903870->8589eb56-2f0c-49d3-b0c5-4d9cb822b0bb: receive RaftClientReply:client-36C1EA903870->8589eb56-2f0c-49d3-b0c5-4d9cb822b0bb@group-57D01EF98D07, cid=178, SUCCESS, logIndex=5, commits[8589eb56-2f0c-49d3-b0c5-4d9cb822b0bb:c12, b064c238-3f4a-43e0-8397-add0d57df4ba:c7, 298d3804-7836-43e5-b8ae-b10df3fb9e27:c7]
2019-08-03 03:39:32,244 INFO  client.GrpcClientProtocolClient (GrpcClientProtocolClient.java:onNext(255)) - client-36C1EA903870->8589eb56-2f0c-49d3-b0c5-4d9cb822b0bb: receive RaftClientReply:client-36C1EA903870->8589eb56-2f0c-49d3-b0c5-4d9cb822b0bb@group-57D01EF98D07, cid=179, SUCCESS, logIndex=6, commits[8589eb56-2f0c-49d3-b0c5-4d9cb822b0bb:c12, b064c238-3f4a-43e0-8397-add0d57df4ba:c7, 298d3804-7836-43e5-b8ae-b10df3fb9e27:c7]
2019-08-03 03:39:32,290 INFO  client.GrpcClientProtocolClient (GrpcClientProtocolClient.java:onNext(255)) - client-36C1EA903870->8589eb56-2f0c-49d3-b0c5-4d9cb822b0bb: receive RaftClientReply:client-36C1EA903870->8589eb56-2f0c-49d3-b0c5-4d9cb822b0bb@group-57D01EF98D07, cid=180, SUCCESS, logIndex=7, commits[8589eb56-2f0c-49d3-b0c5-4d9cb822b0bb:c12, b064c238-3f4a-43e0-8397-add0d57df4ba:c7, 298d3804-7836-43e5-b8ae-b10df3fb9e27:c7]
2019-08-03 03:39:32,301 INFO  client.GrpcClientProtocolClient (GrpcClientProtocolClient.java:onNext(255)) - client-36C1EA903870->8589eb56-2f0c-49d3-b0c5-4d9cb822b0bb: receive RaftClientReply:client-36C1EA903870->8589eb56-2f0c-49d3-b0c5-4d9cb822b0bb@group-57D01EF98D07, cid=181, SUCCESS, logIndex=13, commits[8589eb56-2f0c-49d3-b0c5-4d9cb822b0bb:c14, b064c238-3f4a-43e0-8397-add0d57df4ba:c12, 298d3804-7836-43e5-b8ae-b10df3fb9e27:c7]
2019-08-03 03:39:32,302 INFO  client.GrpcClientProtocolClient (GrpcClientProtocolClient.java:onNext(255)) - client-36C1EA903870->8589eb56-2f0c-49d3-b0c5-4d9cb822b0bb: receive RaftClientReply:client-36C1EA903870->8589eb56-2f0c-49d3-b0c5-4d9cb822b0bb@group-57D01EF98D07, cid=182, SUCCESS, logIndex=14, commits[8589eb56-2f0c-49d3-b0c5-4d9cb822b0bb:c14, b064c238-3f4a-43e0-8397-add0d57df4ba:c12, 298d3804-7836-43e5-b8ae-b10df3fb9e27:c12]
2019-08-03 03:39:32,310 INFO  client.GrpcClientProtocolClient (GrpcClientProtocolClient.java:onNext(255)) - client-36C1EA903870->8589eb56-2f0c-49d3-b0c5-4d9cb822b0bb: receive RaftClientReply:client-36C1EA903870->8589eb56-2f0c-49d3-b0c5-4d9cb822b0bb@group-57D01EF98D07, cid=183, SUCCESS, logIndex=0, commits[8589eb56-2f0c-49d3-b0c5-4d9cb822b0bb:c16, b064c238-3f4a-43e0-8397-add0d57df4ba:c14, 298d3804-7836-43e5-b8ae-b10df3fb9e27:c14]
2019-08-03 03:39:32,311 INFO  datanode.ObjectStoreHandler (ObjectStoreHandler.java:close(155)) - Closing ObjectStoreHandler.
2019-08-03 03:39:32,311 INFO  ozone.HddsDatanodeService (HddsDatanodeService.java:stop(451)) - Stopped plug-in org.apache.hadoop.ozone.web.OzoneHddsDatanodeService@fee1e32
2019-08-03 03:39:33,188 INFO  statemachine.DatanodeStateMachine (DatanodeStateMachine.java:lambda$startDaemon$0(350)) - Ozone container server started.
2019-08-03 03:39:37,250 INFO  node.StaleNodeHandler (StaleNodeHandler.java:onMessage(58)) - Datanode 8589eb56-2f0c-49d3-b0c5-4d9cb822b0bb{ip: 192.168.5.147, host: byscane-nightly-b86qh-2100283676, networkLocation: /default-rack, certSerialId: null} moved to stale state. Finalizing its pipelines [PipelineID=316d42dc-4a97-488f-b639-a06f4d2e8cca, PipelineID=3b89c2ea-e09d-4b9d-9aa0-57d01ef98d07]
2019-08-03 03:39:37,250 INFO  pipeline.SCMPipelineManager (SCMPipelineManager.java:finalizeAndDestroyPipeline(309)) - destroying pipeline:Pipeline[ Id: 316d42dc-4a97-488f-b639-a06f4d2e8cca, Nodes: 8589eb56-2f0c-49d3-b0c5-4d9cb822b0bb{ip: 192.168.5.147, host: byscane-nightly-b86qh-2100283676, networkLocation: /default-rack, certSerialId: null}, Type:RATIS, Factor:ONE, State:OPEN]
2019-08-03 03:39:37,250 INFO  pipeline.PipelineStateManager (PipelineStateManager.java:finalizePipeline(123)) - Pipeline Pipeline[ Id: 316d42dc-4a97-488f-b639-a06f4d2e8cca, Nodes: 8589eb56-2f0c-49d3-b0c5-4d9cb822b0bb{ip: 192.168.5.147, host: byscane-nightly-b86qh-2100283676, networkLocation: /default-rack, certSerialId: null}, Type:RATIS, Factor:ONE, State:CLOSED] moved to CLOSED state
2019-08-03 03:39:37,251 INFO  pipeline.SCMPipelineManager (SCMPipelineManager.java:finalizeAndDestroyPipeline(309)) - destroying pipeline:Pipeline[ Id: 3b89c2ea-e09d-4b9d-9aa0-57d01ef98d07, Nodes: 8589eb56-2f0c-49d3-b0c5-4d9cb822b0bb{ip: 192.168.5.147, host: byscane-nightly-b86qh-2100283676, networkLocation: /default-rack, certSerialId: null}298d3804-7836-43e5-b8ae-b10df3fb9e27{ip: 192.168.5.147, host: byscane-nightly-b86qh-2100283676, networkLocation: /default-rack, certSerialId: null}b064c238-3f4a-43e0-8397-add0d57df4ba{ip: 192.168.5.147, host: byscane-nightly-b86qh-2100283676, networkLocation: /default-rack, certSerialId: null}, Type:RATIS, Factor:THREE, State:OPEN]
2019-08-03 03:39:37,251 INFO  pipeline.PipelineStateManager (PipelineStateManager.java:finalizePipeline(123)) - Pipeline Pipeline[ Id: 3b89c2ea-e09d-4b9d-9aa0-57d01ef98d07, Nodes: 8589eb56-2f0c-49d3-b0c5-4d9cb822b0bb{ip: 192.168.5.147, host: byscane-nightly-b86qh-2100283676, networkLocation: /default-rack, certSerialId: null}298d3804-7836-43e5-b8ae-b10df3fb9e27{ip: 192.168.5.147, host: byscane-nightly-b86qh-2100283676, networkLocation: /default-rack, certSerialId: null}b064c238-3f4a-43e0-8397-add0d57df4ba{ip: 192.168.5.147, host: byscane-nightly-b86qh-2100283676, networkLocation: /default-rack, certSerialId: null}, Type:RATIS, Factor:THREE, State:CLOSED] moved to CLOSED state
2019-08-03 03:39:37,252 INFO  container.CloseContainerEventHandler (CloseContainerEventHandler.java:onMessage(61)) - Close container Event triggered for container : #1
2019-08-03 03:39:37,315 INFO  ozoneimpl.OzoneContainer (OzoneContainer.java:stop(199)) - Attempting to stop container services.
2019-08-03 03:39:37,316 INFO  impl.RaftServerProxy (RaftServerProxy.java:lambda$close$4(314)) - 8589eb56-2f0c-49d3-b0c5-4d9cb822b0bb: close
2019-08-03 03:39:37,316 INFO  impl.RaftServerImpl (RaftServerImpl.java:lambda$shutdown$3(245)) - 8589eb56-2f0c-49d3-b0c5-4d9cb822b0bb: shutdown group-A06F4D2E8CCA
2019-08-03 03:39:37,319 INFO  util.JmxRegister (JmxRegister.java:unregister(73)) - Successfully un-registered JMX Bean with object name Ratis:service=RaftServer,group=group-A06F4D2E8CCA,id=8589eb56-2f0c-49d3-b0c5-4d9cb822b0bb
2019-08-03 03:39:37,320 INFO  impl.RoleInfo (RoleInfo.java:shutdownLeaderState(104)) - 8589eb56-2f0c-49d3-b0c5-4d9cb822b0bb: shutdown LeaderState
2019-08-03 03:39:37,321 INFO  impl.PendingRequests (PendingRequests.java:sendNotLeaderResponses(202)) - 8589eb56-2f0c-49d3-b0c5-4d9cb822b0bb-PendingRequests: sendNotLeaderResponses
2019-08-03 03:39:37,322 INFO  impl.StateMachineUpdater (StateMachineUpdater.java:stopAndJoin(115)) - StateMachineUpdater:8589eb56-2f0c-49d3-b0c5-4d9cb822b0bb:group-A06F4D2E8CCA: set stopIndex = 0
2019-08-03 03:39:37,322 INFO  impl.RaftServerImpl (ServerState.java:close(394)) - 8589eb56-2f0c-49d3-b0c5-4d9cb822b0bb:group-A06F4D2E8CCA closes. The last applied log index is 0
2019-08-03 03:39:37,323 INFO  segmented.SegmentedRaftLogWorker (SegmentedRaftLogWorker.java:run(313)) - 8589eb56-2f0c-49d3-b0c5-4d9cb822b0bb-SegmentedRaftLogWorker:Storage Directory /workdir/hadoop-ozone/integration-test/target/test-dir/MiniOzoneClusterImpl-ba793efa-c700-45ae-b3d7-7588d56d7037/datanode-1/data/ratis/316d42dc-4a97-488f-b639-a06f4d2e8cca was interrupted, exiting. There are 0 tasks remaining in the queue.
2019-08-03 03:39:37,327 INFO  segmented.SegmentedRaftLogWorker (SegmentedRaftLogWorker.java:close(228)) - 8589eb56-2f0c-49d3-b0c5-4d9cb822b0bb-SegmentedRaftLogWorker:Storage Directory /workdir/hadoop-ozone/integration-test/target/test-dir/MiniOzoneClusterImpl-ba793efa-c700-45ae-b3d7-7588d56d7037/datanode-1/data/ratis/316d42dc-4a97-488f-b639-a06f4d2e8cca close()
2019-08-03 03:39:37,334 INFO  impl.RaftServerImpl (RaftServerImpl.java:lambda$shutdown$3(245)) - 8589eb56-2f0c-49d3-b0c5-4d9cb822b0bb: shutdown group-57D01EF98D07
2019-08-03 03:39:37,335 INFO  util.JmxRegister (JmxRegister.java:unregister(73)) - Successfully un-registered JMX Bean with object name Ratis:service=RaftServer,group=group-57D01EF98D07,id=8589eb56-2f0c-49d3-b0c5-4d9cb822b0bb
2019-08-03 03:39:37,335 INFO  impl.RoleInfo (RoleInfo.java:shutdownLeaderState(104)) - 8589eb56-2f0c-49d3-b0c5-4d9cb822b0bb: shutdown LeaderState
2019-08-03 03:39:37,342 INFO  impl.PendingRequests (PendingRequests.java:sendNotLeaderResponses(202)) - 8589eb56-2f0c-49d3-b0c5-4d9cb822b0bb-PendingRequests: sendNotLeaderResponses
2019-08-03 03:39:37,342 WARN  server.GrpcLogAppender (GrpcLogAppender.java:mayWait(143)) - GrpcLogAppender(8589eb56-2f0c-49d3-b0c5-4d9cb822b0bb->b064c238-3f4a-43e0-8397-add0d57df4ba): Wait interrupted by java.lang.InterruptedException
2019-08-03 03:39:37,342 WARN  server.GrpcLogAppender (GrpcLogAppender.java:mayWait(143)) - GrpcLogAppender(8589eb56-2f0c-49d3-b0c5-4d9cb822b0bb->298d3804-7836-43e5-b8ae-b10df3fb9e27): Wait interrupted by java.lang.InterruptedException
2019-08-03 03:39:37,349 INFO  impl.StateMachineUpdater (StateMachineUpdater.java:stopAndJoin(115)) - StateMachineUpdater:8589eb56-2f0c-49d3-b0c5-4d9cb822b0bb:group-57D01EF98D07: set stopIndex = 16
2019-08-03 03:39:37,350 INFO  ratis.ContainerStateMachine (ContainerStateMachine.java:takeSnapshot(262)) - group-57D01EF98D07: Taking a snapshot at:(t:1, i:14) file /workdir/hadoop-ozone/integration-test/target/test-dir/MiniOzoneClusterImpl-ba793efa-c700-45ae-b3d7-7588d56d7037/datanode-1/data/ratis/3b89c2ea-e09d-4b9d-9aa0-57d01ef98d07/sm/snapshot.1_14
2019-08-03 03:39:37,350 INFO  server.GrpcServerProtocolService (GrpcServerProtocolService.java:onCompleted(104)) - b064c238-3f4a-43e0-8397-add0d57df4ba: appendEntries completed
2019-08-03 03:39:37,350 INFO  server.GrpcServerProtocolService (GrpcServerProtocolService.java:onCompleted(104)) - 298d3804-7836-43e5-b8ae-b10df3fb9e27: appendEntries completed
2019-08-03 03:39:37,351 INFO  server.GrpcLogAppender (GrpcLogAppender.java:onCompleted(292)) - 8589eb56-2f0c-49d3-b0c5-4d9cb822b0bb->b064c238-3f4a-43e0-8397-add0d57df4ba: follower responses appendEntries COMPLETED
2019-08-03 03:39:37,351 INFO  server.GrpcLogAppender (GrpcLogAppender.java:onCompleted(292)) - 8589eb56-2f0c-49d3-b0c5-4d9cb822b0bb->298d3804-7836-43e5-b8ae-b10df3fb9e27: follower responses appendEntries COMPLETED
2019-08-03 03:39:37,352 INFO  impl.FollowerInfo (FollowerInfo.java:lambda$new$0(50)) - 8589eb56-2f0c-49d3-b0c5-4d9cb822b0bb->298d3804-7836-43e5-b8ae-b10df3fb9e27: nextIndex: updateUnconditionally 17 -> 16
2019-08-03 03:39:37,352 INFO  impl.FollowerInfo (FollowerInfo.java:lambda$new$0(50)) - 8589eb56-2f0c-49d3-b0c5-4d9cb822b0bb->b064c238-3f4a-43e0-8397-add0d57df4ba: nextIndex: updateUnconditionally 17 -> 16
2019-08-03 03:39:37,362 INFO  ratis.ContainerStateMachine (ContainerStateMachine.java:takeSnapshot(273)) - group-57D01EF98D07: Finished taking a snapshot at:(t:1, i:14) file:/workdir/hadoop-ozone/integration-test/target/test-dir/MiniOzoneClusterImpl-ba793efa-c700-45ae-b3d7-7588d56d7037/datanode-1/data/ratis/3b89c2ea-e09d-4b9d-9aa0-57d01ef98d07/sm/snapshot.1_14 time:13
2019-08-03 03:39:37,363 INFO  impl.StateMachineUpdater (StateMachineUpdater.java:takeSnapshot(242)) - StateMachineUpdater:8589eb56-2f0c-49d3-b0c5-4d9cb822b0bb:group-57D01EF98D07: Took a snapshot at index 14
2019-08-03 03:39:37,363 INFO  impl.StateMachineUpdater (StateMachineUpdater.java:lambda$new$0(80)) - StateMachineUpdater:8589eb56-2f0c-49d3-b0c5-4d9cb822b0bb:group-57D01EF98D07: snapshotIndex: updateIncreasingly -1 -> 14
2019-08-03 03:39:37,363 INFO  impl.RaftServerImpl (ServerState.java:close(394)) - 8589eb56-2f0c-49d3-b0c5-4d9cb822b0bb:group-57D01EF98D07 closes. The last applied log index is 16
2019-08-03 03:39:37,364 INFO  segmented.SegmentedRaftLogWorker (SegmentedRaftLogWorker.java:run(313)) - 8589eb56-2f0c-49d3-b0c5-4d9cb822b0bb-SegmentedRaftLogWorker:Storage Directory /workdir/hadoop-ozone/integration-test/target/test-dir/MiniOzoneClusterImpl-ba793efa-c700-45ae-b3d7-7588d56d7037/datanode-1/data/ratis/3b89c2ea-e09d-4b9d-9aa0-57d01ef98d07 was interrupted, exiting. There are 0 tasks remaining in the queue.
2019-08-03 03:39:37,367 INFO  segmented.SegmentedRaftLogWorker (SegmentedRaftLogWorker.java:close(228)) - 8589eb56-2f0c-49d3-b0c5-4d9cb822b0bb-SegmentedRaftLogWorker:Storage Directory /workdir/hadoop-ozone/integration-test/target/test-dir/MiniOzoneClusterImpl-ba793efa-c700-45ae-b3d7-7588d56d7037/datanode-1/data/ratis/3b89c2ea-e09d-4b9d-9aa0-57d01ef98d07 close()
2019-08-03 03:39:37,373 INFO  server.GrpcService (GrpcService.java:closeImpl(155)) - 8589eb56-2f0c-49d3-b0c5-4d9cb822b0bb: shutdown server with port 45798 now
2019-08-03 03:39:37,374 WARN  client.GrpcClientProtocolService (LogUtils.java:warn(134)) - 3-UnorderedRequestStreamObserver3: onError: org.apache.ratis.thirdparty.io.grpc.StatusRuntimeException: CANCELLED: cancelled before receiving half close
2019-08-03 03:39:37,374 INFO  server.GrpcService (GrpcService.java:closeImpl(163)) - 8589eb56-2f0c-49d3-b0c5-4d9cb822b0bb: shutdown server with port 45798 successfully
2019-08-03 03:39:37,376 INFO  utils.BackgroundService (BackgroundService.java:shutdown(148)) - Shutting down service BlockDeletingService
2019-08-03 03:39:37,380 WARN  fs.CachingGetSpaceUsed (CachingGetSpaceUsed.java:run(183)) - Thread Interrupted waiting to refresh disk information: sleep interrupted
2019-08-03 03:39:37,403 INFO  statemachine.DatanodeStateMachine (DatanodeStateMachine.java:stopDaemon(395)) - Ozone container server stopped.
2019-08-03 03:39:37,406 INFO  handler.ContextHandler (ContextHandler.java:doStop(910)) - Stopped o.e.j.w.WebAppContext@6f8281e6{/,null,UNAVAILABLE}{/hddsDatanode}
2019-08-03 03:39:37,407 INFO  server.AbstractConnector (AbstractConnector.java:doStop(318)) - Stopped ServerConnector@1d12eff1{HTTP/1.1,[http/1.1]}{0.0.0.0:0}
2019-08-03 03:39:37,408 INFO  handler.ContextHandler (ContextHandler.java:doStop(910)) - Stopped o.e.j.s.ServletContextHandler@e5bce8e{/static,jar:file:/home/user/.m2/repository/org/apache/hadoop/hadoop-hdds-container-service/0.4.1-SNAPSHOT/hadoop-hdds-container-service-0.4.1-SNAPSHOT.jar!/webapps/static,UNAVAILABLE}
2019-08-03 03:39:37,408 INFO  handler.ContextHandler (ContextHandler.java:doStop(910)) - Stopped o.e.j.s.ServletContextHandler@57cfb4d8{/logs,file:///workdir/hadoop-ozone/integration-test/target/log,UNAVAILABLE}
2019-08-03 03:39:39,426 INFO  client.GrpcClientProtocolClient (GrpcClientProtocolClient.java:onNext(255)) - client-36C1EA903870->298d3804-7836-43e5-b8ae-b10df3fb9e27: receive RaftClientReply:client-36C1EA903870->298d3804-7836-43e5-b8ae-b10df3fb9e27@group-57D01EF98D07, cid=184, FAILED org.apache.ratis.protocol.NotLeaderException: Server 298d3804-7836-43e5-b8ae-b10df3fb9e27 is not the leader (8589eb56-2f0c-49d3-b0c5-4d9cb822b0bb:192.168.5.147:45798). Request must be sent to leader., logIndex=0, commits[298d3804-7836-43e5-b8ae-b10df3fb9e27:c16, b064c238-3f4a-43e0-8397-add0d57df4ba:c16, 8589eb56-2f0c-49d3-b0c5-4d9cb822b0bb:c16]
2019-08-03 03:39:40,441 INFO  client.GrpcClientProtocolClient (GrpcClientProtocolClient.java:onNext(255)) - client-36C1EA903870->b064c238-3f4a-43e0-8397-add0d57df4ba: receive RaftClientReply:client-36C1EA903870->b064c238-3f4a-43e0-8397-add0d57df4ba@group-57D01EF98D07, cid=184, FAILED org.apache.ratis.protocol.NotLeaderException: Server b064c238-3f4a-43e0-8397-add0d57df4ba is not the leader (8589eb56-2f0c-49d3-b0c5-4d9cb822b0bb:192.168.5.147:45798). Request must be sent to leader., logIndex=0, commits[b064c238-3f4a-43e0-8397-add0d57df4ba:c16, 8589eb56-2f0c-49d3-b0c5-4d9cb822b0bb:c16, 298d3804-7836-43e5-b8ae-b10df3fb9e27:c16]
2019-08-03 03:39:41,455 INFO  client.GrpcClientProtocolClient (GrpcClientProtocolClient.java:onNext(255)) - client-36C1EA903870->298d3804-7836-43e5-b8ae-b10df3fb9e27: receive RaftClientReply:client-36C1EA903870->298d3804-7836-43e5-b8ae-b10df3fb9e27@group-57D01EF98D07, cid=184, FAILED org.apache.ratis.protocol.NotLeaderException: Server 298d3804-7836-43e5-b8ae-b10df3fb9e27 is not the leader (8589eb56-2f0c-49d3-b0c5-4d9cb822b0bb:192.168.5.147:45798). Request must be sent to leader., logIndex=0, commits[298d3804-7836-43e5-b8ae-b10df3fb9e27:c16, b064c238-3f4a-43e0-8397-add0d57df4ba:c16, 8589eb56-2f0c-49d3-b0c5-4d9cb822b0bb:c16]
2019-08-03 03:39:42,469 INFO  client.GrpcClientProtocolClient (GrpcClientProtocolClient.java:onNext(255)) - client-36C1EA903870->b064c238-3f4a-43e0-8397-add0d57df4ba: receive RaftClientReply:client-36C1EA903870->b064c238-3f4a-43e0-8397-add0d57df4ba@group-57D01EF98D07, cid=184, FAILED org.apache.ratis.protocol.NotLeaderException: Server b064c238-3f4a-43e0-8397-add0d57df4ba is not the leader (8589eb56-2f0c-49d3-b0c5-4d9cb822b0bb:192.168.5.147:45798). Request must be sent to leader., logIndex=0, commits[b064c238-3f4a-43e0-8397-add0d57df4ba:c16, 8589eb56-2f0c-49d3-b0c5-4d9cb822b0bb:c16, 298d3804-7836-43e5-b8ae-b10df3fb9e27:c16]
2019-08-03 03:39:43,483 INFO  client.GrpcClientProtocolClient (GrpcClientProtocolClient.java:onNext(255)) - client-36C1EA903870->298d3804-7836-43e5-b8ae-b10df3fb9e27: receive RaftClientReply:client-36C1EA903870->298d3804-7836-43e5-b8ae-b10df3fb9e27@group-57D01EF98D07, cid=184, FAILED org.apache.ratis.protocol.NotLeaderException: Server 298d3804-7836-43e5-b8ae-b10df3fb9e27 is not the leader (8589eb56-2f0c-49d3-b0c5-4d9cb822b0bb:192.168.5.147:45798). Request must be sent to leader., logIndex=0, commits[298d3804-7836-43e5-b8ae-b10df3fb9e27:c16, b064c238-3f4a-43e0-8397-add0d57df4ba:c16, 8589eb56-2f0c-49d3-b0c5-4d9cb822b0bb:c16]
2019-08-03 03:39:44,498 INFO  client.GrpcClientProtocolClient (GrpcClientProtocolClient.java:onNext(255)) - client-36C1EA903870->b064c238-3f4a-43e0-8397-add0d57df4ba: receive RaftClientReply:client-36C1EA903870->b064c238-3f4a-43e0-8397-add0d57df4ba@group-57D01EF98D07, cid=184, FAILED org.apache.ratis.protocol.NotLeaderException: Server b064c238-3f4a-43e0-8397-add0d57df4ba is not the leader (8589eb56-2f0c-49d3-b0c5-4d9cb822b0bb:192.168.5.147:45798). Request must be sent to leader., logIndex=0, commits[b064c238-3f4a-43e0-8397-add0d57df4ba:c16, 8589eb56-2f0c-49d3-b0c5-4d9cb822b0bb:c16, 298d3804-7836-43e5-b8ae-b10df3fb9e27:c16]
2019-08-03 03:39:45,180 INFO  impl.FollowerState (FollowerState.java:run(106)) - 298d3804-7836-43e5-b8ae-b10df3fb9e27:group-57D01EF98D07 changes to CANDIDATE, lastRpcTime:7870, electionTimeout:5013ms
2019-08-03 03:39:45,181 INFO  impl.RoleInfo (RoleInfo.java:shutdownFollowerState(121)) - 298d3804-7836-43e5-b8ae-b10df3fb9e27: shutdown FollowerState
2019-08-03 03:39:45,181 INFO  impl.RaftServerImpl (RaftServerImpl.java:setRole(171)) - 298d3804-7836-43e5-b8ae-b10df3fb9e27:group-57D01EF98D07 changes role from FOLLOWER to CANDIDATE at term 1 for changeToCandidate
2019-08-03 03:39:45,181 INFO  impl.RoleInfo (RoleInfo.java:updateAndGet(143)) - 298d3804-7836-43e5-b8ae-b10df3fb9e27: start LeaderElection
2019-08-03 03:39:45,185 INFO  impl.RaftServerImpl (ServerState.java:setLeader(263)) - 298d3804-7836-43e5-b8ae-b10df3fb9e27:group-57D01EF98D07 change Leader from 8589eb56-2f0c-49d3-b0c5-4d9cb822b0bb to null at term 1 for initElection
2019-08-03 03:39:45,199 INFO  impl.LeaderElection (LeaderElection.java:askForVotes(181)) - 298d3804-7836-43e5-b8ae-b10df3fb9e27:group-57D01EF98D07:LeaderElection65: begin an election at term 2 for 0: [b064c238-3f4a-43e0-8397-add0d57df4ba:192.168.5.147:35929, 8589eb56-2f0c-49d3-b0c5-4d9cb822b0bb:192.168.5.147:45798, 298d3804-7836-43e5-b8ae-b10df3fb9e27:192.168.5.147:44300], old=null
2019-08-03 03:39:45,202 INFO  impl.LeaderElection (LogUtils.java:infoOrTrace(149)) - 298d3804-7836-43e5-b8ae-b10df3fb9e27:group-57D01EF98D07:LeaderElection65 got exception when requesting votes: {}
java.util.concurrent.ExecutionException: org.apache.ratis.thirdparty.io.grpc.StatusRuntimeException: UNAVAILABLE: io exception
	at java.util.concurrent.FutureTask.report(FutureTask.java:122)
	at java.util.concurrent.FutureTask.get(FutureTask.java:192)
	at org.apache.ratis.server.impl.LeaderElection.waitForResults(LeaderElection.java:262)
	at org.apache.ratis.server.impl.LeaderElection.askForVotes(LeaderElection.java:200)
	at org.apache.ratis.server.impl.LeaderElection.run(LeaderElection.java:130)
	at java.lang.Thread.run(Thread.java:748)
Caused by: org.apache.ratis.thirdparty.io.grpc.StatusRuntimeException: UNAVAILABLE: io exception
	at org.apache.ratis.thirdparty.io.grpc.stub.ClientCalls.toStatusRuntimeException(ClientCalls.java:233)
	at org.apache.ratis.thirdparty.io.grpc.stub.ClientCalls.getUnchecked(ClientCalls.java:214)
	at org.apache.ratis.thirdparty.io.grpc.stub.ClientCalls.blockingUnaryCall(ClientCalls.java:139)
	at org.apache.ratis.proto.grpc.RaftServerProtocolServiceGrpc$RaftServerProtocolServiceBlockingStub.requestVote(RaftServerProtocolServiceGrpc.java:265)
	at org.apache.ratis.grpc.server.GrpcServerProtocolClient.requestVote(GrpcServerProtocolClient.java:83)
	at org.apache.ratis.grpc.server.GrpcService.requestVote(GrpcService.java:195)
	at org.apache.ratis.server.impl.LeaderElection.lambda$submitRequests$1(LeaderElection.java:237)
	at java.util.concurrent.FutureTask.run(FutureTask.java:266)
	at java.util.concurrent.Executors$RunnableAdapter.call(Executors.java:511)
	at java.util.concurrent.FutureTask.run(FutureTask.java:266)
	at java.util.concurrent.ThreadPoolExecutor.runWorker(ThreadPoolExecutor.java:1149)
	at java.util.concurrent.ThreadPoolExecutor$Worker.run(ThreadPoolExecutor.java:624)
	... 1 more
Caused by: org.apache.ratis.thirdparty.io.netty.channel.AbstractChannel$AnnotatedConnectException: Connection refused: /192.168.5.147:45798
	at sun.nio.ch.SocketChannelImpl.checkConnect(Native Method)
	at sun.nio.ch.SocketChannelImpl.finishConnect(SocketChannelImpl.java:717)
	at org.apache.ratis.thirdparty.io.netty.channel.socket.nio.NioSocketChannel.doFinishConnect(NioSocketChannel.java:327)
	at org.apache.ratis.thirdparty.io.netty.channel.nio.AbstractNioChannel$AbstractNioUnsafe.finishConnect(AbstractNioChannel.java:340)
	at org.apache.ratis.thirdparty.io.netty.channel.nio.NioEventLoop.processSelectedKey(NioEventLoop.java:632)
	at org.apache.ratis.thirdparty.io.netty.channel.nio.NioEventLoop.processSelectedKeysOptimized(NioEventLoop.java:579)
	at org.apache.ratis.thirdparty.io.netty.channel.nio.NioEventLoop.processSelectedKeys(NioEventLoop.java:496)
	at org.apache.ratis.thirdparty.io.netty.channel.nio.NioEventLoop.run(NioEventLoop.java:458)
	at org.apache.ratis.thirdparty.io.netty.util.concurrent.SingleThreadEventExecutor$5.run(SingleThreadEventExecutor.java:897)
	at org.apache.ratis.thirdparty.io.netty.util.concurrent.FastThreadLocalRunnable.run(FastThreadLocalRunnable.java:30)
	... 1 more
Caused by: java.net.ConnectException: Connection refused
	... 11 more
2019-08-03 03:39:45,206 INFO  impl.RaftServerImpl (ServerState.java:setLeader(263)) - b064c238-3f4a-43e0-8397-add0d57df4ba:group-57D01EF98D07 change Leader from 8589eb56-2f0c-49d3-b0c5-4d9cb822b0bb to null at term 2 for updateCurrentTerm
2019-08-03 03:39:45,207 INFO  impl.RaftServerImpl (RaftServerImpl.java:setRole(171)) - b064c238-3f4a-43e0-8397-add0d57df4ba:group-57D01EF98D07 changes role from FOLLOWER to FOLLOWER at term 2 for recognizeCandidate:298d3804-7836-43e5-b8ae-b10df3fb9e27
2019-08-03 03:39:45,207 INFO  impl.RoleInfo (RoleInfo.java:shutdownFollowerState(121)) - b064c238-3f4a-43e0-8397-add0d57df4ba: shutdown FollowerState
2019-08-03 03:39:45,207 INFO  impl.RoleInfo (RoleInfo.java:updateAndGet(143)) - b064c238-3f4a-43e0-8397-add0d57df4ba: start FollowerState
2019-08-03 03:39:45,207 INFO  impl.FollowerState (FollowerState.java:run(114)) - b064c238-3f4a-43e0-8397-add0d57df4ba: FollowerState was interrupted: java.lang.InterruptedException: sleep interrupted
2019-08-03 03:39:45,225 INFO  impl.LeaderElection (LeaderElection.java:logAndReturn(56)) - 298d3804-7836-43e5-b8ae-b10df3fb9e27:group-57D01EF98D07:LeaderElection65: Election PASSED; received 1 response(s) [298d3804-7836-43e5-b8ae-b10df3fb9e27<-b064c238-3f4a-43e0-8397-add0d57df4ba#0:OK-t2] and 1 exception(s); 298d3804-7836-43e5-b8ae-b10df3fb9e27:t2, leader=null, voted=298d3804-7836-43e5-b8ae-b10df3fb9e27, raftlog=298d3804-7836-43e5-b8ae-b10df3fb9e27-SegmentedRaftLog:OPENED:c16,f16,i16, conf=0: [b064c238-3f4a-43e0-8397-add0d57df4ba:192.168.5.147:35929, 8589eb56-2f0c-49d3-b0c5-4d9cb822b0bb:192.168.5.147:45798, 298d3804-7836-43e5-b8ae-b10df3fb9e27:192.168.5.147:44300], old=null
2019-08-03 03:39:45,225 INFO  impl.LeaderElection (LogUtils.java:infoOrTrace(149)) -   Exception 0: {}
java.util.concurrent.ExecutionException: org.apache.ratis.thirdparty.io.grpc.StatusRuntimeException: UNAVAILABLE: io exception
	at java.util.concurrent.FutureTask.report(FutureTask.java:122)
	at java.util.concurrent.FutureTask.get(FutureTask.java:192)
	at org.apache.ratis.server.impl.LeaderElection.waitForResults(LeaderElection.java:262)
	at org.apache.ratis.server.impl.LeaderElection.askForVotes(LeaderElection.java:200)
	at org.apache.ratis.server.impl.LeaderElection.run(LeaderElection.java:130)
	at java.lang.Thread.run(Thread.java:748)
Caused by: org.apache.ratis.thirdparty.io.grpc.StatusRuntimeException: UNAVAILABLE: io exception
	at org.apache.ratis.thirdparty.io.grpc.stub.ClientCalls.toStatusRuntimeException(ClientCalls.java:233)
	at org.apache.ratis.thirdparty.io.grpc.stub.ClientCalls.getUnchecked(ClientCalls.java:214)
	at org.apache.ratis.thirdparty.io.grpc.stub.ClientCalls.blockingUnaryCall(ClientCalls.java:139)
	at org.apache.ratis.proto.grpc.RaftServerProtocolServiceGrpc$RaftServerProtocolServiceBlockingStub.requestVote(RaftServerProtocolServiceGrpc.java:265)
	at org.apache.ratis.grpc.server.GrpcServerProtocolClient.requestVote(GrpcServerProtocolClient.java:83)
	at org.apache.ratis.grpc.server.GrpcService.requestVote(GrpcService.java:195)
	at org.apache.ratis.server.impl.LeaderElection.lambda$submitRequests$1(LeaderElection.java:237)
	at java.util.concurrent.FutureTask.run(FutureTask.java:266)
	at java.util.concurrent.Executors$RunnableAdapter.call(Executors.java:511)
	at java.util.concurrent.FutureTask.run(FutureTask.java:266)
	at java.util.concurrent.ThreadPoolExecutor.runWorker(ThreadPoolExecutor.java:1149)
	at java.util.concurrent.ThreadPoolExecutor$Worker.run(ThreadPoolExecutor.java:624)
	... 1 more
Caused by: org.apache.ratis.thirdparty.io.netty.channel.AbstractChannel$AnnotatedConnectException: Connection refused: /192.168.5.147:45798
	at sun.nio.ch.SocketChannelImpl.checkConnect(Native Method)
	at sun.nio.ch.SocketChannelImpl.finishConnect(SocketChannelImpl.java:717)
	at org.apache.ratis.thirdparty.io.netty.channel.socket.nio.NioSocketChannel.doFinishConnect(NioSocketChannel.java:327)
	at org.apache.ratis.thirdparty.io.netty.channel.nio.AbstractNioChannel$AbstractNioUnsafe.finishConnect(AbstractNioChannel.java:340)
	at org.apache.ratis.thirdparty.io.netty.channel.nio.NioEventLoop.processSelectedKey(NioEventLoop.java:632)
	at org.apache.ratis.thirdparty.io.netty.channel.nio.NioEventLoop.processSelectedKeysOptimized(NioEventLoop.java:579)
	at org.apache.ratis.thirdparty.io.netty.channel.nio.NioEventLoop.processSelectedKeys(NioEventLoop.java:496)
	at org.apache.ratis.thirdparty.io.netty.channel.nio.NioEventLoop.run(NioEventLoop.java:458)
	at org.apache.ratis.thirdparty.io.netty.util.concurrent.SingleThreadEventExecutor$5.run(SingleThreadEventExecutor.java:897)
	at org.apache.ratis.thirdparty.io.netty.util.concurrent.FastThreadLocalRunnable.run(FastThreadLocalRunnable.java:30)
	... 1 more
Caused by: java.net.ConnectException: Connection refused
	... 11 more
2019-08-03 03:39:45,225 INFO  impl.RoleInfo (RoleInfo.java:shutdownLeaderElection(134)) - 298d3804-7836-43e5-b8ae-b10df3fb9e27: shutdown LeaderElection
2019-08-03 03:39:45,225 INFO  impl.RaftServerImpl (RaftServerImpl.java:setRole(171)) - 298d3804-7836-43e5-b8ae-b10df3fb9e27:group-57D01EF98D07 changes role from CANDIDATE to LEADER at term 2 for changeToLeader
2019-08-03 03:39:45,226 INFO  impl.RaftServerImpl (ServerState.java:setLeader(263)) - 298d3804-7836-43e5-b8ae-b10df3fb9e27:group-57D01EF98D07 change Leader from null to 298d3804-7836-43e5-b8ae-b10df3fb9e27 at term 2 for becomeLeader, leader elected after 40ms
2019-08-03 03:39:45,226 INFO  server.RaftServerConfigKeys (ConfUtils.java:logGet(43)) - raft.server.staging.catchup.gap = 1000 (default)
2019-08-03 03:39:45,226 INFO  server.RaftServerConfigKeys (ConfUtils.java:logGet(43)) - raft.server.rpc.sleep.time = 25ms (default)
2019-08-03 03:39:45,226 INFO  server.RaftServerConfigKeys (ConfUtils.java:logGet(43)) - raft.server.write.element-limit = 4096 (default)
2019-08-03 03:39:45,226 INFO  server.RaftServerConfigKeys (ConfUtils.java:logGet(43)) - raft.server.watch.timeout = 10s (default)
2019-08-03 03:39:45,226 INFO  server.RaftServerConfigKeys (ConfUtils.java:logGet(43)) - raft.server.watch.timeout.denomination = 1s (default)
2019-08-03 03:39:45,227 INFO  server.RaftServerConfigKeys (ConfUtils.java:logGet(43)) - raft.server.watch.element-limit = 65536 (default)
2019-08-03 03:39:45,227 INFO  server.RaftServerConfigKeys (ConfUtils.java:logGet(43)) - raft.server.log.appender.snapshot.chunk.size.max = 16MB (=16777216) (default)
2019-08-03 03:39:45,227 INFO  server.RaftServerConfigKeys (ConfUtils.java:logGet(43)) - raft.server.log.appender.buffer.byte-limit = 33554432 (custom)
2019-08-03 03:39:45,227 INFO  server.RaftServerConfigKeys (ConfUtils.java:logGet(43)) - raft.server.log.appender.buffer.element-limit = 1 (custom)
2019-08-03 03:39:45,228 INFO  grpc.GrpcConfigKeys$Server (ConfUtils.java:logGet(43)) - raft.grpc.server.leader.outstanding.appends.max = 128 (default)
2019-08-03 03:39:45,228 INFO  server.RaftServerConfigKeys (ConfUtils.java:logGet(43)) - raft.server.rpc.request.timeout = 3000ms (default)
2019-08-03 03:39:45,228 INFO  server.RaftServerConfigKeys (ConfUtils.java:logGet(43)) - raft.server.log.appender.install.snapshot.enabled = false (custom)
2019-08-03 03:39:45,228 INFO  server.RaftServerConfigKeys (ConfUtils.java:logGet(43)) - raft.server.log.appender.snapshot.chunk.size.max = 16MB (=16777216) (default)
2019-08-03 03:39:45,228 INFO  server.RaftServerConfigKeys (ConfUtils.java:logGet(43)) - raft.server.log.appender.buffer.byte-limit = 33554432 (custom)
2019-08-03 03:39:45,228 INFO  server.RaftServerConfigKeys (ConfUtils.java:logGet(43)) - raft.server.log.appender.buffer.element-limit = 1 (custom)
2019-08-03 03:39:45,229 INFO  grpc.GrpcConfigKeys$Server (ConfUtils.java:logGet(43)) - raft.grpc.server.leader.outstanding.appends.max = 128 (default)
2019-08-03 03:39:45,229 INFO  server.RaftServerConfigKeys (ConfUtils.java:logGet(43)) - raft.server.rpc.request.timeout = 3000ms (default)
2019-08-03 03:39:45,229 INFO  server.RaftServerConfigKeys (ConfUtils.java:logGet(43)) - raft.server.log.appender.install.snapshot.enabled = false (custom)
2019-08-03 03:39:45,229 INFO  impl.RoleInfo (RoleInfo.java:updateAndGet(143)) - 298d3804-7836-43e5-b8ae-b10df3fb9e27: start LeaderState
2019-08-03 03:39:45,230 INFO  segmented.SegmentedRaftLogWorker (SegmentedRaftLogWorker.java:rollLogSegment(385)) - 298d3804-7836-43e5-b8ae-b10df3fb9e27-SegmentedRaftLogWorker:Storage Directory /workdir/hadoop-ozone/integration-test/target/test-dir/MiniOzoneClusterImpl-ba793efa-c700-45ae-b3d7-7588d56d7037/datanode-2/data/ratis/3b89c2ea-e09d-4b9d-9aa0-57d01ef98d07: Rolling segment log-0_16 to index:16
2019-08-03 03:39:45,230 INFO  segmented.SegmentedRaftLogWorker (SegmentedRaftLogWorker.java:execute(526)) - 298d3804-7836-43e5-b8ae-b10df3fb9e27-SegmentedRaftLogWorker:Storage Directory /workdir/hadoop-ozone/integration-test/target/test-dir/MiniOzoneClusterImpl-ba793efa-c700-45ae-b3d7-7588d56d7037/datanode-2/data/ratis/3b89c2ea-e09d-4b9d-9aa0-57d01ef98d07: Rolled log segment from /workdir/hadoop-ozone/integration-test/target/test-dir/MiniOzoneClusterImpl-ba793efa-c700-45ae-b3d7-7588d56d7037/datanode-2/data/ratis/3b89c2ea-e09d-4b9d-9aa0-57d01ef98d07/current/log_inprogress_0 to /workdir/hadoop-ozone/integration-test/target/test-dir/MiniOzoneClusterImpl-ba793efa-c700-45ae-b3d7-7588d56d7037/datanode-2/data/ratis/3b89c2ea-e09d-4b9d-9aa0-57d01ef98d07/current/log_0-16
2019-08-03 03:39:45,231 INFO  impl.RaftServerImpl (ServerState.java:setRaftConf(361)) - 298d3804-7836-43e5-b8ae-b10df3fb9e27:group-57D01EF98D07 set configuration 17: [b064c238-3f4a-43e0-8397-add0d57df4ba:192.168.5.147:35929, 8589eb56-2f0c-49d3-b0c5-4d9cb822b0bb:192.168.5.147:45798, 298d3804-7836-43e5-b8ae-b10df3fb9e27:192.168.5.147:44300], old=null at 17
2019-08-03 03:39:45,231 WARN  server.GrpcLogAppender (LogUtils.java:warn(134)) - 298d3804-7836-43e5-b8ae-b10df3fb9e27->8589eb56-2f0c-49d3-b0c5-4d9cb822b0bb: Failed appendEntries: org.apache.ratis.thirdparty.io.grpc.StatusRuntimeException: UNAVAILABLE: io exception
2019-08-03 03:39:45,231 INFO  impl.FollowerInfo (FollowerInfo.java:lambda$new$0(50)) - 298d3804-7836-43e5-b8ae-b10df3fb9e27->8589eb56-2f0c-49d3-b0c5-4d9cb822b0bb: nextIndex: updateUnconditionally 17 -> 1
2019-08-03 03:39:45,232 INFO  impl.RaftServerImpl (ServerState.java:setLeader(263)) - b064c238-3f4a-43e0-8397-add0d57df4ba:group-57D01EF98D07 change Leader from null to 298d3804-7836-43e5-b8ae-b10df3fb9e27 at term 2 for appendEntries, leader elected after 25ms
2019-08-03 03:39:45,234 INFO  impl.RaftServerImpl (ServerState.java:setRaftConf(361)) - b064c238-3f4a-43e0-8397-add0d57df4ba:group-57D01EF98D07 set configuration 17: [b064c238-3f4a-43e0-8397-add0d57df4ba:192.168.5.147:35929, 8589eb56-2f0c-49d3-b0c5-4d9cb822b0bb:192.168.5.147:45798, 298d3804-7836-43e5-b8ae-b10df3fb9e27:192.168.5.147:44300], old=null at 17
2019-08-03 03:39:45,235 INFO  segmented.SegmentedRaftLogWorker (SegmentedRaftLogWorker.java:rollLogSegment(385)) - b064c238-3f4a-43e0-8397-add0d57df4ba-SegmentedRaftLogWorker:Storage Directory /workdir/hadoop-ozone/integration-test/target/test-dir/MiniOzoneClusterImpl-ba793efa-c700-45ae-b3d7-7588d56d7037/datanode-0/data/ratis/3b89c2ea-e09d-4b9d-9aa0-57d01ef98d07: Rolling segment log-0_16 to index:16
2019-08-03 03:39:45,235 INFO  segmented.SegmentedRaftLogWorker (SegmentedRaftLogWorker.java:execute(526)) - b064c238-3f4a-43e0-8397-add0d57df4ba-SegmentedRaftLogWorker:Storage Directory /workdir/hadoop-ozone/integration-test/target/test-dir/MiniOzoneClusterImpl-ba793efa-c700-45ae-b3d7-7588d56d7037/datanode-0/data/ratis/3b89c2ea-e09d-4b9d-9aa0-57d01ef98d07: Rolled log segment from /workdir/hadoop-ozone/integration-test/target/test-dir/MiniOzoneClusterImpl-ba793efa-c700-45ae-b3d7-7588d56d7037/datanode-0/data/ratis/3b89c2ea-e09d-4b9d-9aa0-57d01ef98d07/current/log_inprogress_0 to /workdir/hadoop-ozone/integration-test/target/test-dir/MiniOzoneClusterImpl-ba793efa-c700-45ae-b3d7-7588d56d7037/datanode-0/data/ratis/3b89c2ea-e09d-4b9d-9aa0-57d01ef98d07/current/log_0-16
2019-08-03 03:39:45,283 INFO  segmented.SegmentedRaftLogWorker (SegmentedRaftLogWorker.java:execute(569)) - b064c238-3f4a-43e0-8397-add0d57df4ba-SegmentedRaftLogWorker:Storage Directory /workdir/hadoop-ozone/integration-test/target/test-dir/MiniOzoneClusterImpl-ba793efa-c700-45ae-b3d7-7588d56d7037/datanode-0/data/ratis/3b89c2ea-e09d-4b9d-9aa0-57d01ef98d07: created new log segment /workdir/hadoop-ozone/integration-test/target/test-dir/MiniOzoneClusterImpl-ba793efa-c700-45ae-b3d7-7588d56d7037/datanode-0/data/ratis/3b89c2ea-e09d-4b9d-9aa0-57d01ef98d07/current/log_inprogress_17
2019-08-03 03:39:45,283 INFO  segmented.SegmentedRaftLogWorker (SegmentedRaftLogWorker.java:execute(569)) - 298d3804-7836-43e5-b8ae-b10df3fb9e27-SegmentedRaftLogWorker:Storage Directory /workdir/hadoop-ozone/integration-test/target/test-dir/MiniOzoneClusterImpl-ba793efa-c700-45ae-b3d7-7588d56d7037/datanode-2/data/ratis/3b89c2ea-e09d-4b9d-9aa0-57d01ef98d07: created new log segment /workdir/hadoop-ozone/integration-test/target/test-dir/MiniOzoneClusterImpl-ba793efa-c700-45ae-b3d7-7588d56d7037/datanode-2/data/ratis/3b89c2ea-e09d-4b9d-9aa0-57d01ef98d07/current/log_inprogress_17
2019-08-03 03:39:45,311 WARN  server.GrpcLogAppender (LogUtils.java:warn(134)) - 298d3804-7836-43e5-b8ae-b10df3fb9e27->8589eb56-2f0c-49d3-b0c5-4d9cb822b0bb: Failed appendEntries: org.apache.ratis.thirdparty.io.grpc.StatusRuntimeException: UNAVAILABLE: io exception
2019-08-03 03:39:45,312 INFO  impl.FollowerInfo (FollowerInfo.java:lambda$new$0(50)) - 298d3804-7836-43e5-b8ae-b10df3fb9e27->8589eb56-2f0c-49d3-b0c5-4d9cb822b0bb: nextIndex: updateUnconditionally 2 -> 1
03:39:45.507 [grpc-default-executor-1] ERROR DNAudit - user=null | ip=null | op=WRITE_CHUNK {blockData=conID: 1 locID: 102550966568091662 bcsId: 14} | ret=FAILURE
org.apache.hadoop.hdds.scm.container.common.helpers.ContainerNotOpenException: Container 1 in CLOSING state
	at org.apache.hadoop.ozone.container.common.impl.HddsDispatcher.validateContainerCommand(HddsDispatcher.java:408) ~[hadoop-hdds-container-service-0.4.1-SNAPSHOT.jar:?]
	at org.apache.hadoop.ozone.container.common.transport.server.ratis.ContainerStateMachine.startTransaction(ContainerStateMachine.java:288) ~[hadoop-hdds-container-service-0.4.1-SNAPSHOT.jar:?]
	at org.apache.ratis.server.impl.RaftServerImpl.submitClientRequestAsync(RaftServerImpl.java:566) ~[ratis-server-0.4.0-2337318-SNAPSHOT.jar:0.4.0-2337318-SNAPSHOT]
	at org.apache.ratis.server.impl.RaftServerProxy.lambda$submitClientRequestAsync$7(RaftServerProxy.java:333) ~[ratis-server-0.4.0-2337318-SNAPSHOT.jar:0.4.0-2337318-SNAPSHOT]
	at org.apache.ratis.server.impl.RaftServerProxy.lambda$null$5(RaftServerProxy.java:328) ~[ratis-server-0.4.0-2337318-SNAPSHOT.jar:0.4.0-2337318-SNAPSHOT]
	at org.apache.ratis.util.JavaUtils.callAsUnchecked(JavaUtils.java:109) ~[ratis-common-0.4.0-2337318-SNAPSHOT.jar:0.4.0-2337318-SNAPSHOT]
	at org.apache.ratis.server.impl.RaftServerProxy.lambda$submitRequest$6(RaftServerProxy.java:328) ~[ratis-server-0.4.0-2337318-SNAPSHOT.jar:0.4.0-2337318-SNAPSHOT]
	at java.util.concurrent.CompletableFuture.uniComposeStage(CompletableFuture.java:981) ~[?:1.8.0_212]
	at java.util.concurrent.CompletableFuture.thenCompose(CompletableFuture.java:2124) ~[?:1.8.0_212]
	at org.apache.ratis.server.impl.RaftServerProxy.submitRequest(RaftServerProxy.java:327) ~[ratis-server-0.4.0-2337318-SNAPSHOT.jar:0.4.0-2337318-SNAPSHOT]
	at org.apache.ratis.server.impl.RaftServerProxy.submitClientRequestAsync(RaftServerProxy.java:333) ~[ratis-server-0.4.0-2337318-SNAPSHOT.jar:0.4.0-2337318-SNAPSHOT]
	at org.apache.ratis.grpc.client.GrpcClientProtocolService$RequestStreamObserver.processClientRequest(GrpcClientProtocolService.java:220) ~[ratis-grpc-0.4.0-2337318-SNAPSHOT.jar:0.4.0-2337318-SNAPSHOT]
	at org.apache.ratis.grpc.client.GrpcClientProtocolService$OrderedRequestStreamObserver.processClientRequest(GrpcClientProtocolService.java:326) ~[ratis-grpc-0.4.0-2337318-SNAPSHOT.jar:0.4.0-2337318-SNAPSHOT]
	at org.apache.ratis.util.SlidingWindow$Server.processRequestsFromHead(SlidingWindow.java:429) [ratis-common-0.4.0-2337318-SNAPSHOT.jar:0.4.0-2337318-SNAPSHOT]
	at org.apache.ratis.util.SlidingWindow$Server.receivedRequest(SlidingWindow.java:421) [ratis-common-0.4.0-2337318-SNAPSHOT.jar:0.4.0-2337318-SNAPSHOT]
	at org.apache.ratis.grpc.client.GrpcClientProtocolService$OrderedRequestStreamObserver.processClientRequest(GrpcClientProtocolService.java:345) [ratis-grpc-0.4.0-2337318-SNAPSHOT.jar:0.4.0-2337318-SNAPSHOT]
	at org.apache.ratis.grpc.client.GrpcClientProtocolService$RequestStreamObserver.onNext(GrpcClientProtocolService.java:240) [ratis-grpc-0.4.0-2337318-SNAPSHOT.jar:0.4.0-2337318-SNAPSHOT]
	at org.apache.ratis.grpc.client.GrpcClientProtocolService$RequestStreamObserver.onNext(GrpcClientProtocolService.java:168) [ratis-grpc-0.4.0-2337318-SNAPSHOT.jar:0.4.0-2337318-SNAPSHOT]
	at org.apache.ratis.thirdparty.io.grpc.stub.ServerCalls$StreamingServerCallHandler$StreamingServerCallListener.onMessage(ServerCalls.java:248) [ratis-thirdparty-misc-0.2.0.jar:0.2.0]
	at org.apache.ratis.thirdparty.io.grpc.internal.ServerCallImpl$ServerStreamListenerImpl.messagesAvailable(ServerCallImpl.java:263) [ratis-thirdparty-misc-0.2.0.jar:0.2.0]
	at org.apache.ratis.thirdparty.io.grpc.internal.ServerImpl$JumpToApplicationThreadServerStreamListener$1MessagesAvailable.runInContext(ServerImpl.java:686) [ratis-thirdparty-misc-0.2.0.jar:0.2.0]
	at org.apache.ratis.thirdparty.io.grpc.internal.ContextRunnable.run(ContextRunnable.java:37) [ratis-thirdparty-misc-0.2.0.jar:0.2.0]
	at org.apache.ratis.thirdparty.io.grpc.internal.SerializingExecutor.run(SerializingExecutor.java:123) [ratis-thirdparty-misc-0.2.0.jar:0.2.0]
	at java.util.concurrent.ThreadPoolExecutor.runWorker(ThreadPoolExecutor.java:1149) [?:1.8.0_212]
	at java.util.concurrent.ThreadPoolExecutor$Worker.run(ThreadPoolExecutor.java:624) [?:1.8.0_212]
	at java.lang.Thread.run(Thread.java:748) [?:1.8.0_212]
2019-08-03 03:39:45,520 INFO  client.GrpcClientProtocolClient (GrpcClientProtocolClient.java:onNext(255)) - client-36C1EA903870->298d3804-7836-43e5-b8ae-b10df3fb9e27: receive RaftClientReply:client-36C1EA903870->298d3804-7836-43e5-b8ae-b10df3fb9e27@group-57D01EF98D07, cid=184, FAILED org.apache.ratis.protocol.StateMachineException: org.apache.hadoop.hdds.scm.container.common.helpers.ContainerNotOpenException from Server 298d3804-7836-43e5-b8ae-b10df3fb9e27: Container 1 in CLOSING state, logIndex=0, commits[298d3804-7836-43e5-b8ae-b10df3fb9e27:c18, b064c238-3f4a-43e0-8397-add0d57df4ba:c17, 8589eb56-2f0c-49d3-b0c5-4d9cb822b0bb:c16]
03:39:45.521 [grpc-default-executor-10] ERROR DNAudit - user=null | ip=null | op=WRITE_CHUNK {blockData=conID: 1 locID: 102550966568091662 bcsId: 14} | ret=FAILURE
org.apache.hadoop.hdds.scm.container.common.helpers.ContainerNotOpenException: Container 1 in CLOSING state
	at org.apache.hadoop.ozone.container.common.impl.HddsDispatcher.validateContainerCommand(HddsDispatcher.java:408) ~[hadoop-hdds-container-service-0.4.1-SNAPSHOT.jar:?]
	at org.apache.hadoop.ozone.container.common.transport.server.ratis.ContainerStateMachine.startTransaction(ContainerStateMachine.java:288) ~[hadoop-hdds-container-service-0.4.1-SNAPSHOT.jar:?]
	at org.apache.ratis.server.impl.RaftServerImpl.submitClientRequestAsync(RaftServerImpl.java:566) ~[ratis-server-0.4.0-2337318-SNAPSHOT.jar:0.4.0-2337318-SNAPSHOT]
	at org.apache.ratis.server.impl.RaftServerProxy.lambda$submitClientRequestAsync$7(RaftServerProxy.java:333) ~[ratis-server-0.4.0-2337318-SNAPSHOT.jar:0.4.0-2337318-SNAPSHOT]
	at org.apache.ratis.server.impl.RaftServerProxy.lambda$null$5(RaftServerProxy.java:328) ~[ratis-server-0.4.0-2337318-SNAPSHOT.jar:0.4.0-2337318-SNAPSHOT]
	at org.apache.ratis.util.JavaUtils.callAsUnchecked(JavaUtils.java:109) ~[ratis-common-0.4.0-2337318-SNAPSHOT.jar:0.4.0-2337318-SNAPSHOT]
	at org.apache.ratis.server.impl.RaftServerProxy.lambda$submitRequest$6(RaftServerProxy.java:328) ~[ratis-server-0.4.0-2337318-SNAPSHOT.jar:0.4.0-2337318-SNAPSHOT]
	at java.util.concurrent.CompletableFuture.uniComposeStage(CompletableFuture.java:981) ~[?:1.8.0_212]
	at java.util.concurrent.CompletableFuture.thenCompose(CompletableFuture.java:2124) ~[?:1.8.0_212]
	at org.apache.ratis.server.impl.RaftServerProxy.submitRequest(RaftServerProxy.java:327) ~[ratis-server-0.4.0-2337318-SNAPSHOT.jar:0.4.0-2337318-SNAPSHOT]
	at org.apache.ratis.server.impl.RaftServerProxy.submitClientRequestAsync(RaftServerProxy.java:333) ~[ratis-server-0.4.0-2337318-SNAPSHOT.jar:0.4.0-2337318-SNAPSHOT]
	at org.apache.ratis.grpc.client.GrpcClientProtocolService$RequestStreamObserver.processClientRequest(GrpcClientProtocolService.java:220) ~[ratis-grpc-0.4.0-2337318-SNAPSHOT.jar:0.4.0-2337318-SNAPSHOT]
	at org.apache.ratis.grpc.client.GrpcClientProtocolService$OrderedRequestStreamObserver.processClientRequest(GrpcClientProtocolService.java:326) ~[ratis-grpc-0.4.0-2337318-SNAPSHOT.jar:0.4.0-2337318-SNAPSHOT]
	at org.apache.ratis.util.SlidingWindow$Server.processRequestsFromHead(SlidingWindow.java:429) [ratis-common-0.4.0-2337318-SNAPSHOT.jar:0.4.0-2337318-SNAPSHOT]
	at org.apache.ratis.util.SlidingWindow$Server.receivedRequest(SlidingWindow.java:421) [ratis-common-0.4.0-2337318-SNAPSHOT.jar:0.4.0-2337318-SNAPSHOT]
	at org.apache.ratis.grpc.client.GrpcClientProtocolService$OrderedRequestStreamObserver.processClientRequest(GrpcClientProtocolService.java:345) [ratis-grpc-0.4.0-2337318-SNAPSHOT.jar:0.4.0-2337318-SNAPSHOT]
	at org.apache.ratis.grpc.client.GrpcClientProtocolService$RequestStreamObserver.onNext(GrpcClientProtocolService.java:240) [ratis-grpc-0.4.0-2337318-SNAPSHOT.jar:0.4.0-2337318-SNAPSHOT]
	at org.apache.ratis.grpc.client.GrpcClientProtocolService$RequestStreamObserver.onNext(GrpcClientProtocolService.java:168) [ratis-grpc-0.4.0-2337318-SNAPSHOT.jar:0.4.0-2337318-SNAPSHOT]
	at org.apache.ratis.thirdparty.io.grpc.stub.ServerCalls$StreamingServerCallHandler$StreamingServerCallListener.onMessage(ServerCalls.java:248) [ratis-thirdparty-misc-0.2.0.jar:0.2.0]
	at org.apache.ratis.thirdparty.io.grpc.internal.ServerCallImpl$ServerStreamListenerImpl.messagesAvailable(ServerCallImpl.java:263) [ratis-thirdparty-misc-0.2.0.jar:0.2.0]
	at org.apache.ratis.thirdparty.io.grpc.internal.ServerImpl$JumpToApplicationThreadServerStreamListener$1MessagesAvailable.runInContext(ServerImpl.java:686) [ratis-thirdparty-misc-0.2.0.jar:0.2.0]
	at org.apache.ratis.thirdparty.io.grpc.internal.ContextRunnable.run(ContextRunnable.java:37) [ratis-thirdparty-misc-0.2.0.jar:0.2.0]
	at org.apache.ratis.thirdparty.io.grpc.internal.SerializingExecutor.run(SerializingExecutor.java:123) [ratis-thirdparty-misc-0.2.0.jar:0.2.0]
	at java.util.concurrent.ThreadPoolExecutor.runWorker(ThreadPoolExecutor.java:1149) [?:1.8.0_212]
	at java.util.concurrent.ThreadPoolExecutor$Worker.run(ThreadPoolExecutor.java:624) [?:1.8.0_212]
	at java.lang.Thread.run(Thread.java:748) [?:1.8.0_212]
2019-08-03 03:39:45,532 INFO  client.GrpcClientProtocolClient (GrpcClientProtocolClient.java:onNext(255)) - client-36C1EA903870->298d3804-7836-43e5-b8ae-b10df3fb9e27: receive RaftClientReply:client-36C1EA903870->298d3804-7836-43e5-b8ae-b10df3fb9e27@group-57D01EF98D07, cid=185, FAILED org.apache.ratis.protocol.StateMachineException: org.apache.hadoop.hdds.scm.container.common.helpers.ContainerNotOpenException from Server 298d3804-7836-43e5-b8ae-b10df3fb9e27: Container 1 in CLOSING state, logIndex=0, commits[298d3804-7836-43e5-b8ae-b10df3fb9e27:c18, b064c238-3f4a-43e0-8397-add0d57df4ba:c17, 8589eb56-2f0c-49d3-b0c5-4d9cb822b0bb:c16]
03:39:45.531 [grpc-default-executor-10] ERROR DNAudit - user=null | ip=null | op=PUT_BLOCK {blockData=[blockId=conID: 1 locID: 102550966568091662 bcsId: 0,size=650]} | ret=FAILURE
org.apache.hadoop.hdds.scm.container.common.helpers.ContainerNotOpenException: Container 1 in CLOSING state
	at org.apache.hadoop.ozone.container.common.impl.HddsDispatcher.validateContainerCommand(HddsDispatcher.java:408) ~[hadoop-hdds-container-service-0.4.1-SNAPSHOT.jar:?]
	at org.apache.hadoop.ozone.container.common.transport.server.ratis.ContainerStateMachine.startTransaction(ContainerStateMachine.java:288) ~[hadoop-hdds-container-service-0.4.1-SNAPSHOT.jar:?]
	at org.apache.ratis.server.impl.RaftServerImpl.submitClientRequestAsync(RaftServerImpl.java:566) ~[ratis-server-0.4.0-2337318-SNAPSHOT.jar:0.4.0-2337318-SNAPSHOT]
	at org.apache.ratis.server.impl.RaftServerProxy.lambda$submitClientRequestAsync$7(RaftServerProxy.java:333) ~[ratis-server-0.4.0-2337318-SNAPSHOT.jar:0.4.0-2337318-SNAPSHOT]
	at org.apache.ratis.server.impl.RaftServerProxy.lambda$null$5(RaftServerProxy.java:328) ~[ratis-server-0.4.0-2337318-SNAPSHOT.jar:0.4.0-2337318-SNAPSHOT]
	at org.apache.ratis.util.JavaUtils.callAsUnchecked(JavaUtils.java:109) ~[ratis-common-0.4.0-2337318-SNAPSHOT.jar:0.4.0-2337318-SNAPSHOT]
	at org.apache.ratis.server.impl.RaftServerProxy.lambda$submitRequest$6(RaftServerProxy.java:328) ~[ratis-server-0.4.0-2337318-SNAPSHOT.jar:0.4.0-2337318-SNAPSHOT]
	at java.util.concurrent.CompletableFuture.uniComposeStage(CompletableFuture.java:981) ~[?:1.8.0_212]
	at java.util.concurrent.CompletableFuture.thenCompose(CompletableFuture.java:2124) ~[?:1.8.0_212]
	at org.apache.ratis.server.impl.RaftServerProxy.submitRequest(RaftServerProxy.java:327) ~[ratis-server-0.4.0-2337318-SNAPSHOT.jar:0.4.0-2337318-SNAPSHOT]
	at org.apache.ratis.server.impl.RaftServerProxy.submitClientRequestAsync(RaftServerProxy.java:333) ~[ratis-server-0.4.0-2337318-SNAPSHOT.jar:0.4.0-2337318-SNAPSHOT]
	at org.apache.ratis.grpc.client.GrpcClientProtocolService$RequestStreamObserver.processClientRequest(GrpcClientProtocolService.java:220) ~[ratis-grpc-0.4.0-2337318-SNAPSHOT.jar:0.4.0-2337318-SNAPSHOT]
	at org.apache.ratis.grpc.client.GrpcClientProtocolService$OrderedRequestStreamObserver.processClientRequest(GrpcClientProtocolService.java:326) ~[ratis-grpc-0.4.0-2337318-SNAPSHOT.jar:0.4.0-2337318-SNAPSHOT]
	at org.apache.ratis.util.SlidingWindow$Server.processRequestsFromHead(SlidingWindow.java:429) [ratis-common-0.4.0-2337318-SNAPSHOT.jar:0.4.0-2337318-SNAPSHOT]
	at org.apache.ratis.util.SlidingWindow$Server.receivedRequest(SlidingWindow.java:421) [ratis-common-0.4.0-2337318-SNAPSHOT.jar:0.4.0-2337318-SNAPSHOT]
	at org.apache.ratis.grpc.client.GrpcClientProtocolService$OrderedRequestStreamObserver.processClientRequest(GrpcClientProtocolService.java:345) [ratis-grpc-0.4.0-2337318-SNAPSHOT.jar:0.4.0-2337318-SNAPSHOT]
	at org.apache.ratis.grpc.client.GrpcClientProtocolService$RequestStreamObserver.onNext(GrpcClientProtocolService.java:240) [ratis-grpc-0.4.0-2337318-SNAPSHOT.jar:0.4.0-2337318-SNAPSHOT]
	at org.apache.ratis.grpc.client.GrpcClientProtocolService$RequestStreamObserver.onNext(GrpcClientProtocolService.java:168) [ratis-grpc-0.4.0-2337318-SNAPSHOT.jar:0.4.0-2337318-SNAPSHOT]
	at org.apache.ratis.thirdparty.io.grpc.stub.ServerCalls$StreamingServerCallHandler$StreamingServerCallListener.onMessage(ServerCalls.java:248) [ratis-thirdparty-misc-0.2.0.jar:0.2.0]
	at org.apache.ratis.thirdparty.io.grpc.internal.ServerCallImpl$ServerStreamListenerImpl.messagesAvailable(ServerCallImpl.java:263) [ratis-thirdparty-misc-0.2.0.jar:0.2.0]
	at org.apache.ratis.thirdparty.io.grpc.internal.ServerImpl$JumpToApplicationThreadServerStreamListener$1MessagesAvailable.runInContext(ServerImpl.java:686) [ratis-thirdparty-misc-0.2.0.jar:0.2.0]
	at org.apache.ratis.thirdparty.io.grpc.internal.ContextRunnable.run(ContextRunnable.java:37) [ratis-thirdparty-misc-0.2.0.jar:0.2.0]
	at org.apache.ratis.thirdparty.io.grpc.internal.SerializingExecutor.run(SerializingExecutor.java:123) [ratis-thirdparty-misc-0.2.0.jar:0.2.0]
	at java.util.concurrent.ThreadPoolExecutor.runWorker(ThreadPoolExecutor.java:1149) [?:1.8.0_212]
	at java.util.concurrent.ThreadPoolExecutor$Worker.run(ThreadPoolExecutor.java:624) [?:1.8.0_212]
	at java.lang.Thread.run(Thread.java:748) [?:1.8.0_212]
03:39:45.538 [grpc-default-executor-10] ERROR DNAudit - user=null | ip=null | op=WRITE_CHUNK {blockData=conID: 1 locID: 102550966568091662 bcsId: 14} | ret=FAILURE
org.apache.hadoop.hdds.scm.container.common.helpers.ContainerNotOpenException: Container 1 in CLOSING state
	at org.apache.hadoop.ozone.container.common.impl.HddsDispatcher.validateContainerCommand(HddsDispatcher.java:408) ~[hadoop-hdds-container-service-0.4.1-SNAPSHOT.jar:?]
	at org.apache.hadoop.ozone.container.common.transport.server.ratis.ContainerStateMachine.startTransaction(ContainerStateMachine.java:288) ~[hadoop-hdds-container-service-0.4.1-SNAPSHOT.jar:?]
	at org.apache.ratis.server.impl.RaftServerImpl.submitClientRequestAsync(RaftServerImpl.java:566) ~[ratis-server-0.4.0-2337318-SNAPSHOT.jar:0.4.0-2337318-SNAPSHOT]
	at org.apache.ratis.server.impl.RaftServerProxy.lambda$submitClientRequestAsync$7(RaftServerProxy.java:333) ~[ratis-server-0.4.0-2337318-SNAPSHOT.jar:0.4.0-2337318-SNAPSHOT]
	at org.apache.ratis.server.impl.RaftServerProxy.lambda$null$5(RaftServerProxy.java:328) ~[ratis-server-0.4.0-2337318-SNAPSHOT.jar:0.4.0-2337318-SNAPSHOT]
	at org.apache.ratis.util.JavaUtils.callAsUnchecked(JavaUtils.java:109) ~[ratis-common-0.4.0-2337318-SNAPSHOT.jar:0.4.0-2337318-SNAPSHOT]
	at org.apache.ratis.server.impl.RaftServerProxy.lambda$submitRequest$6(RaftServerProxy.java:328) ~[ratis-server-0.4.0-2337318-SNAPSHOT.jar:0.4.0-2337318-SNAPSHOT]
	at java.util.concurrent.CompletableFuture.uniComposeStage(CompletableFuture.java:981) ~[?:1.8.0_212]
	at java.util.concurrent.CompletableFuture.thenCompose(CompletableFuture.java:2124) ~[?:1.8.0_212]
	at org.apache.ratis.server.impl.RaftServerProxy.submitRequest(RaftServerProxy.java:327) ~[ratis-server-0.4.0-2337318-SNAPSHOT.jar:0.4.0-2337318-SNAPSHOT]
	at org.apache.ratis.server.impl.RaftServerProxy.submitClientRequestAsync(RaftServerProxy.java:333) ~[ratis-server-0.4.0-2337318-SNAPSHOT.jar:0.4.0-2337318-SNAPSHOT]
	at org.apache.ratis.grpc.client.GrpcClientProtocolService$RequestStreamObserver.processClientRequest(GrpcClientProtocolService.java:220) ~[ratis-grpc-0.4.0-2337318-SNAPSHOT.jar:0.4.0-2337318-SNAPSHOT]
	at org.apache.ratis.grpc.client.GrpcClientProtocolService$OrderedRequestStreamObserver.processClientRequest(GrpcClientProtocolService.java:326) ~[ratis-grpc-0.4.0-2337318-SNAPSHOT.jar:0.4.0-2337318-SNAPSHOT]
	at org.apache.ratis.util.SlidingWindow$Server.processRequestsFromHead(SlidingWindow.java:429) [ratis-common-0.4.0-2337318-SNAPSHOT.jar:0.4.0-2337318-SNAPSHOT]
	at org.apache.ratis.util.SlidingWindow$Server.receivedRequest(SlidingWindow.java:421) [ratis-common-0.4.0-2337318-SNAPSHOT.jar:0.4.0-2337318-SNAPSHOT]
	at org.apache.ratis.grpc.client.GrpcClientProtocolService$OrderedRequestStreamObserver.processClientRequest(GrpcClientProtocolService.java:345) [ratis-grpc-0.4.0-2337318-SNAPSHOT.jar:0.4.0-2337318-SNAPSHOT]
	at org.apache.ratis.grpc.client.GrpcClientProtocolService$RequestStreamObserver.onNext(GrpcClientProtocolService.java:240) [ratis-grpc-0.4.0-2337318-SNAPSHOT.jar:0.4.0-2337318-SNAPSHOT]
	at org.apache.ratis.grpc.client.GrpcClientProtocolService$RequestStreamObserver.onNext(GrpcClientProtocolService.java:168) [ratis-grpc-0.4.0-2337318-SNAPSHOT.jar:0.4.0-2337318-SNAPSHOT]
	at org.apache.ratis.thirdparty.io.grpc.stub.ServerCalls$StreamingServerCallHandler$StreamingServerCallListener.onMessage(ServerCalls.java:248) [ratis-thirdparty-misc-0.2.0.jar:0.2.0]
	at org.apache.ratis.thirdparty.io.grpc.internal.ServerCallImpl$ServerStreamListenerImpl.messagesAvailable(ServerCallImpl.java:263) [ratis-thirdparty-misc-0.2.0.jar:0.2.0]
	at org.apache.ratis.thirdparty.io.grpc.internal.ServerImpl$JumpToApplicationThreadServerStreamListener$1MessagesAvailable.runInContext(ServerImpl.java:686) [ratis-thirdparty-misc-0.2.0.jar:0.2.0]
	at org.apache.ratis.thirdparty.io.grpc.internal.ContextRunnable.run(ContextRunnable.java:37) [ratis-thirdparty-misc-0.2.0.jar:0.2.0]
	at org.apache.ratis.thirdparty.io.grpc.internal.SerializingExecutor.run(SerializingExecutor.java:123) [ratis-thirdparty-misc-0.2.0.jar:0.2.0]
	at java.util.concurrent.ThreadPoolExecutor.runWorker(ThreadPoolExecutor.java:1149) [?:1.8.0_212]
	at java.util.concurrent.ThreadPoolExecutor$Worker.run(ThreadPoolExecutor.java:624) [?:1.8.0_212]
	at java.lang.Thread.run(Thread.java:748) [?:1.8.0_212]
2019-08-03 03:39:45,539 INFO  client.GrpcClientProtocolClient (GrpcClientProtocolClient.java:onNext(255)) - client-36C1EA903870->298d3804-7836-43e5-b8ae-b10df3fb9e27: receive RaftClientReply:client-36C1EA903870->298d3804-7836-43e5-b8ae-b10df3fb9e27@group-57D01EF98D07, cid=186, FAILED org.apache.ratis.protocol.StateMachineException: org.apache.hadoop.hdds.scm.container.common.helpers.ContainerNotOpenException from Server 298d3804-7836-43e5-b8ae-b10df3fb9e27: Container 1 in CLOSING state, logIndex=0, commits[298d3804-7836-43e5-b8ae-b10df3fb9e27:c18, b064c238-3f4a-43e0-8397-add0d57df4ba:c17, 8589eb56-2f0c-49d3-b0c5-4d9cb822b0bb:c16]
03:39:45.545 [grpc-default-executor-10] ERROR DNAudit - user=null | ip=null | op=WRITE_CHUNK {blockData=conID: 1 locID: 102550966568091662 bcsId: 14} | ret=FAILURE
org.apache.hadoop.hdds.scm.container.common.helpers.ContainerNotOpenException: Container 1 in CLOSING state
	at org.apache.hadoop.ozone.container.common.impl.HddsDispatcher.validateContainerCommand(HddsDispatcher.java:408) ~[hadoop-hdds-container-service-0.4.1-SNAPSHOT.jar:?]
	at org.apache.hadoop.ozone.container.common.transport.server.ratis.ContainerStateMachine.startTransaction(ContainerStateMachine.java:288) ~[hadoop-hdds-container-service-0.4.1-SNAPSHOT.jar:?]
	at org.apache.ratis.server.impl.RaftServerImpl.submitClientRequestAsync(RaftServerImpl.java:566) ~[ratis-server-0.4.0-2337318-SNAPSHOT.jar:0.4.0-2337318-SNAPSHOT]
	at org.apache.ratis.server.impl.RaftServerProxy.lambda$submitClientRequestAsync$7(RaftServerProxy.java:333) ~[ratis-server-0.4.0-2337318-SNAPSHOT.jar:0.4.0-2337318-SNAPSHOT]
	at org.apache.ratis.server.impl.RaftServerProxy.lambda$null$5(RaftServerProxy.java:328) ~[ratis-server-0.4.0-2337318-SNAPSHOT.jar:0.4.0-2337318-SNAPSHOT]
	at org.apache.ratis.util.JavaUtils.callAsUnchecked(JavaUtils.java:109) ~[ratis-common-0.4.0-2337318-SNAPSHOT.jar:0.4.0-2337318-SNAPSHOT]
	at org.apache.ratis.server.impl.RaftServerProxy.lambda$submitRequest$6(RaftServerProxy.java:328) ~[ratis-server-0.4.0-2337318-SNAPSHOT.jar:0.4.0-2337318-SNAPSHOT]
	at java.util.concurrent.CompletableFuture.uniComposeStage(CompletableFuture.java:981) ~[?:1.8.0_212]
	at java.util.concurrent.CompletableFuture.thenCompose(CompletableFuture.java:2124) ~[?:1.8.0_212]
	at org.apache.ratis.server.impl.RaftServerProxy.submitRequest(RaftServerProxy.java:327) ~[ratis-server-0.4.0-2337318-SNAPSHOT.jar:0.4.0-2337318-SNAPSHOT]
	at org.apache.ratis.server.impl.RaftServerProxy.submitClientRequestAsync(RaftServerProxy.java:333) ~[ratis-server-0.4.0-2337318-SNAPSHOT.jar:0.4.0-2337318-SNAPSHOT]
	at org.apache.ratis.grpc.client.GrpcClientProtocolService$RequestStreamObserver.processClientRequest(GrpcClientProtocolService.java:220) ~[ratis-grpc-0.4.0-2337318-SNAPSHOT.jar:0.4.0-2337318-SNAPSHOT]
	at org.apache.ratis.grpc.client.GrpcClientProtocolService$OrderedRequestStreamObserver.processClientRequest(GrpcClientProtocolService.java:326) ~[ratis-grpc-0.4.0-2337318-SNAPSHOT.jar:0.4.0-2337318-SNAPSHOT]
	at org.apache.ratis.util.SlidingWindow$Server.processRequestsFromHead(SlidingWindow.java:429) [ratis-common-0.4.0-2337318-SNAPSHOT.jar:0.4.0-2337318-SNAPSHOT]
	at org.apache.ratis.util.SlidingWindow$Server.receivedRequest(SlidingWindow.java:421) [ratis-common-0.4.0-2337318-SNAPSHOT.jar:0.4.0-2337318-SNAPSHOT]
	at org.apache.ratis.grpc.client.GrpcClientProtocolService$OrderedRequestStreamObserver.processClientRequest(GrpcClientProtocolService.java:345) [ratis-grpc-0.4.0-2337318-SNAPSHOT.jar:0.4.0-2337318-SNAPSHOT]
	at org.apache.ratis.grpc.client.GrpcClientProtocolService$RequestStreamObserver.onNext(GrpcClientProtocolService.java:240) [ratis-grpc-0.4.0-2337318-SNAPSHOT.jar:0.4.0-2337318-SNAPSHOT]
	at org.apache.ratis.grpc.client.GrpcClientProtocolService$RequestStreamObserver.onNext(GrpcClientProtocolService.java:168) [ratis-grpc-0.4.0-2337318-SNAPSHOT.jar:0.4.0-2337318-SNAPSHOT]
	at org.apache.ratis.thirdparty.io.grpc.stub.ServerCalls$StreamingServerCallHandler$StreamingServerCallListener.onMessage(ServerCalls.java:248) [ratis-thirdparty-misc-0.2.0.jar:0.2.0]
	at org.apache.ratis.thirdparty.io.grpc.internal.ServerCallImpl$ServerStreamListenerImpl.messagesAvailable(ServerCallImpl.java:263) [ratis-thirdparty-misc-0.2.0.jar:0.2.0]
	at org.apache.ratis.thirdparty.io.grpc.internal.ServerImpl$JumpToApplicationThreadServerStreamListener$1MessagesAvailable.runInContext(ServerImpl.java:686) [ratis-thirdparty-misc-0.2.0.jar:0.2.0]
	at org.apache.ratis.thirdparty.io.grpc.internal.ContextRunnable.run(ContextRunnable.java:37) [ratis-thirdparty-misc-0.2.0.jar:0.2.0]
	at org.apache.ratis.thirdparty.io.grpc.internal.SerializingExecutor.run(SerializingExecutor.java:123) [ratis-thirdparty-misc-0.2.0.jar:0.2.0]
	at java.util.concurrent.ThreadPoolExecutor.runWorker(ThreadPoolExecutor.java:1149) [?:1.8.0_212]
	at java.util.concurrent.ThreadPoolExecutor$Worker.run(ThreadPoolExecutor.java:624) [?:1.8.0_212]
	at java.lang.Thread.run(Thread.java:748) [?:1.8.0_212]
2019-08-03 03:39:45,551 INFO  client.GrpcClientProtocolClient (GrpcClientProtocolClient.java:onNext(255)) - client-36C1EA903870->298d3804-7836-43e5-b8ae-b10df3fb9e27: receive RaftClientReply:client-36C1EA903870->298d3804-7836-43e5-b8ae-b10df3fb9e27@group-57D01EF98D07, cid=187, FAILED org.apache.ratis.protocol.StateMachineException: org.apache.hadoop.hdds.scm.container.common.helpers.ContainerNotOpenException from Server 298d3804-7836-43e5-b8ae-b10df3fb9e27: Container 1 in CLOSING state, logIndex=0, commits[298d3804-7836-43e5-b8ae-b10df3fb9e27:c18, b064c238-3f4a-43e0-8397-add0d57df4ba:c17, 8589eb56-2f0c-49d3-b0c5-4d9cb822b0bb:c16]
2019-08-03 03:39:45,553 INFO  client.GrpcClientProtocolClient (GrpcClientProtocolClient.java:onNext(255)) - client-36C1EA903870->298d3804-7836-43e5-b8ae-b10df3fb9e27: receive RaftClientReply:client-36C1EA903870->298d3804-7836-43e5-b8ae-b10df3fb9e27@group-57D01EF98D07, cid=188, FAILED org.apache.ratis.protocol.StateMachineException: org.apache.hadoop.hdds.scm.container.common.helpers.ContainerNotOpenException from Server 298d3804-7836-43e5-b8ae-b10df3fb9e27: Container 1 in CLOSING state, logIndex=0, commits[298d3804-7836-43e5-b8ae-b10df3fb9e27:c18, b064c238-3f4a-43e0-8397-add0d57df4ba:c17, 8589eb56-2f0c-49d3-b0c5-4d9cb822b0bb:c16]
03:39:45.552 [grpc-default-executor-10] ERROR DNAudit - user=null | ip=null | op=PUT_BLOCK {blockData=[blockId=conID: 1 locID: 102550966568091662 bcsId: 0,size=800]} | ret=FAILURE
org.apache.hadoop.hdds.scm.container.common.helpers.ContainerNotOpenException: Container 1 in CLOSING state
	at org.apache.hadoop.ozone.container.common.impl.HddsDispatcher.validateContainerCommand(HddsDispatcher.java:408) ~[hadoop-hdds-container-service-0.4.1-SNAPSHOT.jar:?]
	at org.apache.hadoop.ozone.container.common.transport.server.ratis.ContainerStateMachine.startTransaction(ContainerStateMachine.java:288) ~[hadoop-hdds-container-service-0.4.1-SNAPSHOT.jar:?]
	at org.apache.ratis.server.impl.RaftServerImpl.submitClientRequestAsync(RaftServerImpl.java:566) ~[ratis-server-0.4.0-2337318-SNAPSHOT.jar:0.4.0-2337318-SNAPSHOT]
	at org.apache.ratis.server.impl.RaftServerProxy.lambda$submitClientRequestAsync$7(RaftServerProxy.java:333) ~[ratis-server-0.4.0-2337318-SNAPSHOT.jar:0.4.0-2337318-SNAPSHOT]
	at org.apache.ratis.server.impl.RaftServerProxy.lambda$null$5(RaftServerProxy.java:328) ~[ratis-server-0.4.0-2337318-SNAPSHOT.jar:0.4.0-2337318-SNAPSHOT]
	at org.apache.ratis.util.JavaUtils.callAsUnchecked(JavaUtils.java:109) ~[ratis-common-0.4.0-2337318-SNAPSHOT.jar:0.4.0-2337318-SNAPSHOT]
	at org.apache.ratis.server.impl.RaftServerProxy.lambda$submitRequest$6(RaftServerProxy.java:328) ~[ratis-server-0.4.0-2337318-SNAPSHOT.jar:0.4.0-2337318-SNAPSHOT]
	at java.util.concurrent.CompletableFuture.uniComposeStage(CompletableFuture.java:981) ~[?:1.8.0_212]
	at java.util.concurrent.CompletableFuture.thenCompose(CompletableFuture.java:2124) ~[?:1.8.0_212]
	at org.apache.ratis.server.impl.RaftServerProxy.submitRequest(RaftServerProxy.java:327) ~[ratis-server-0.4.0-2337318-SNAPSHOT.jar:0.4.0-2337318-SNAPSHOT]
	at org.apache.ratis.server.impl.RaftServerProxy.submitClientRequestAsync(RaftServerProxy.java:333) ~[ratis-server-0.4.0-2337318-SNAPSHOT.jar:0.4.0-2337318-SNAPSHOT]
	at org.apache.ratis.grpc.client.GrpcClientProtocolService$RequestStreamObserver.processClientRequest(GrpcClientProtocolService.java:220) ~[ratis-grpc-0.4.0-2337318-SNAPSHOT.jar:0.4.0-2337318-SNAPSHOT]
	at org.apache.ratis.grpc.client.GrpcClientProtocolService$OrderedRequestStreamObserver.processClientRequest(GrpcClientProtocolService.java:326) ~[ratis-grpc-0.4.0-2337318-SNAPSHOT.jar:0.4.0-2337318-SNAPSHOT]
	at org.apache.ratis.util.SlidingWindow$Server.processRequestsFromHead(SlidingWindow.java:429) [ratis-common-0.4.0-2337318-SNAPSHOT.jar:0.4.0-2337318-SNAPSHOT]
	at org.apache.ratis.util.SlidingWindow$Server.receivedRequest(SlidingWindow.java:421) [ratis-common-0.4.0-2337318-SNAPSHOT.jar:0.4.0-2337318-SNAPSHOT]
	at org.apache.ratis.grpc.client.GrpcClientProtocolService$OrderedRequestStreamObserver.processClientRequest(GrpcClientProtocolService.java:345) [ratis-grpc-0.4.0-2337318-SNAPSHOT.jar:0.4.0-2337318-SNAPSHOT]
	at org.apache.ratis.grpc.client.GrpcClientProtocolService$RequestStreamObserver.onNext(GrpcClientProtocolService.java:240) [ratis-grpc-0.4.0-2337318-SNAPSHOT.jar:0.4.0-2337318-SNAPSHOT]
	at org.apache.ratis.grpc.client.GrpcClientProtocolService$RequestStreamObserver.onNext(GrpcClientProtocolService.java:168) [ratis-grpc-0.4.0-2337318-SNAPSHOT.jar:0.4.0-2337318-SNAPSHOT]
	at org.apache.ratis.thirdparty.io.grpc.stub.ServerCalls$StreamingServerCallHandler$StreamingServerCallListener.onMessage(ServerCalls.java:248) [ratis-thirdparty-misc-0.2.0.jar:0.2.0]
	at org.apache.ratis.thirdparty.io.grpc.internal.ServerCallImpl$ServerStreamListenerImpl.messagesAvailable(ServerCallImpl.java:263) [ratis-thirdparty-misc-0.2.0.jar:0.2.0]
	at org.apache.ratis.thirdparty.io.grpc.internal.ServerImpl$JumpToApplicationThreadServerStreamListener$1MessagesAvailable.runInContext(ServerImpl.java:686) [ratis-thirdparty-misc-0.2.0.jar:0.2.0]
	at org.apache.ratis.thirdparty.io.grpc.internal.ContextRunnable.run(ContextRunnable.java:37) [ratis-thirdparty-misc-0.2.0.jar:0.2.0]
	at org.apache.ratis.thirdparty.io.grpc.internal.SerializingExecutor.run(SerializingExecutor.java:123) [ratis-thirdparty-misc-0.2.0.jar:0.2.0]
	at java.util.concurrent.ThreadPoolExecutor.runWorker(ThreadPoolExecutor.java:1149) [?:1.8.0_212]
	at java.util.concurrent.ThreadPoolExecutor$Worker.run(ThreadPoolExecutor.java:624) [?:1.8.0_212]
	at java.lang.Thread.run(Thread.java:748) [?:1.8.0_212]
2019-08-03 03:39:45,569 INFO  client.GrpcClientProtocolClient (GrpcClientProtocolClient.java:onNext(255)) - client-36C1EA903870->298d3804-7836-43e5-b8ae-b10df3fb9e27: receive RaftClientReply:client-36C1EA903870->298d3804-7836-43e5-b8ae-b10df3fb9e27@group-57D01EF98D07, cid=189, FAILED org.apache.ratis.protocol.StateMachineException: org.apache.hadoop.hdds.scm.container.common.helpers.ContainerNotOpenException from Server 298d3804-7836-43e5-b8ae-b10df3fb9e27: Container 1 in CLOSING state, logIndex=0, commits[298d3804-7836-43e5-b8ae-b10df3fb9e27:c18, b064c238-3f4a-43e0-8397-add0d57df4ba:c17, 8589eb56-2f0c-49d3-b0c5-4d9cb822b0bb:c16]
2019-08-03 03:39:45,703 INFO  client.GrpcClientProtocolClient (GrpcClientProtocolClient.java:onNext(255)) - client-1E5FAC664BAB->1c872a75-9c86-4745-88b3-464e5192de7a: receive RaftClientReply:client-1E5FAC664BAB->1c872a75-9c86-4745-88b3-464e5192de7a@group-145E3D1A1685, cid=190, SUCCESS, logIndex=1, commits[1c872a75-9c86-4745-88b3-464e5192de7a:c1, 144b7e8f-f123-4693-b674-64fe6260ef49:c0, 2f1dc277-5799-4794-ae47-954d43e96421:c0]
2019-08-03 03:39:45,731 INFO  client.GrpcClientProtocolClient (GrpcClientProtocolClient.java:onNext(255)) - client-1E5FAC664BAB->1c872a75-9c86-4745-88b3-464e5192de7a: receive RaftClientReply:client-1E5FAC664BAB->1c872a75-9c86-4745-88b3-464e5192de7a@group-145E3D1A1685, cid=191, SUCCESS, logIndex=3, commits[1c872a75-9c86-4745-88b3-464e5192de7a:c5, 144b7e8f-f123-4693-b674-64fe6260ef49:c2, 2f1dc277-5799-4794-ae47-954d43e96421:c2]
2019-08-03 03:39:45,755 INFO  client.GrpcClientProtocolClient (GrpcClientProtocolClient.java:onNext(255)) - client-1E5FAC664BAB->1c872a75-9c86-4745-88b3-464e5192de7a: receive RaftClientReply:client-1E5FAC664BAB->1c872a75-9c86-4745-88b3-464e5192de7a@group-145E3D1A1685, cid=192, SUCCESS, logIndex=4, commits[1c872a75-9c86-4745-88b3-464e5192de7a:c11, 144b7e8f-f123-4693-b674-64fe6260ef49:c7, 2f1dc277-5799-4794-ae47-954d43e96421:c7]
2019-08-03 03:39:45,755 INFO  client.GrpcClientProtocolClient (GrpcClientProtocolClient.java:onNext(255)) - client-1E5FAC664BAB->1c872a75-9c86-4745-88b3-464e5192de7a: receive RaftClientReply:client-1E5FAC664BAB->1c872a75-9c86-4745-88b3-464e5192de7a@group-145E3D1A1685, cid=193, SUCCESS, logIndex=5, commits[1c872a75-9c86-4745-88b3-464e5192de7a:c11, 144b7e8f-f123-4693-b674-64fe6260ef49:c7, 2f1dc277-5799-4794-ae47-954d43e96421:c7]
2019-08-03 03:39:45,756 INFO  client.GrpcClientProtocolClient (GrpcClientProtocolClient.java:onNext(255)) - client-1E5FAC664BAB->1c872a75-9c86-4745-88b3-464e5192de7a: receive RaftClientReply:client-1E5FAC664BAB->1c872a75-9c86-4745-88b3-464e5192de7a@group-145E3D1A1685, cid=194, SUCCESS, logIndex=6, commits[1c872a75-9c86-4745-88b3-464e5192de7a:c11, 144b7e8f-f123-4693-b674-64fe6260ef49:c7, 2f1dc277-5799-4794-ae47-954d43e96421:c7]
2019-08-03 03:39:45,807 INFO  client.GrpcClientProtocolClient (GrpcClientProtocolClient.java:onNext(255)) - client-1E5FAC664BAB->1c872a75-9c86-4745-88b3-464e5192de7a: receive RaftClientReply:client-1E5FAC664BAB->1c872a75-9c86-4745-88b3-464e5192de7a@group-145E3D1A1685, cid=195, SUCCESS, logIndex=7, commits[1c872a75-9c86-4745-88b3-464e5192de7a:c11, 144b7e8f-f123-4693-b674-64fe6260ef49:c7, 2f1dc277-5799-4794-ae47-954d43e96421:c7]
2019-08-03 03:39:45,816 INFO  client.GrpcClientProtocolClient (GrpcClientProtocolClient.java:onNext(255)) - client-1E5FAC664BAB->1c872a75-9c86-4745-88b3-464e5192de7a: receive RaftClientReply:client-1E5FAC664BAB->1c872a75-9c86-4745-88b3-464e5192de7a@group-145E3D1A1685, cid=196, SUCCESS, logIndex=12, commits[1c872a75-9c86-4745-88b3-464e5192de7a:c13, 144b7e8f-f123-4693-b674-64fe6260ef49:c11, 2f1dc277-5799-4794-ae47-954d43e96421:c11]
2019-08-03 03:39:45,816 INFO  client.GrpcClientProtocolClient (GrpcClientProtocolClient.java:onNext(255)) - client-1E5FAC664BAB->1c872a75-9c86-4745-88b3-464e5192de7a: receive RaftClientReply:client-1E5FAC664BAB->1c872a75-9c86-4745-88b3-464e5192de7a@group-145E3D1A1685, cid=197, SUCCESS, logIndex=13, commits[1c872a75-9c86-4745-88b3-464e5192de7a:c13, 144b7e8f-f123-4693-b674-64fe6260ef49:c11, 2f1dc277-5799-4794-ae47-954d43e96421:c11]
2019-08-03 03:39:45,824 INFO  client.GrpcClientProtocolClient (GrpcClientProtocolClient.java:onNext(255)) - client-1E5FAC664BAB->1c872a75-9c86-4745-88b3-464e5192de7a: receive RaftClientReply:client-1E5FAC664BAB->1c872a75-9c86-4745-88b3-464e5192de7a@group-145E3D1A1685, cid=198, SUCCESS, logIndex=0, commits[1c872a75-9c86-4745-88b3-464e5192de7a:c15, 144b7e8f-f123-4693-b674-64fe6260ef49:c13, 2f1dc277-5799-4794-ae47-954d43e96421:c13]
2019-08-03 03:39:45,825 INFO  ozone.MiniOzoneClusterImpl (MiniOzoneClusterImpl.java:shutdown(321)) - Shutting down the Mini Ozone Cluster
2019-08-03 03:39:45,826 INFO  ozone.MiniOzoneClusterImpl (MiniOzoneClusterImpl.java:stop(336)) - Stopping the Mini Ozone Cluster
2019-08-03 03:39:45,826 INFO  ozone.MiniOzoneClusterImpl (MiniOzoneClusterImpl.java:stop(338)) - Stopping the OzoneManager
2019-08-03 03:39:45,826 INFO  ipc.Server (Server.java:stop(3082)) - Stopping server on 45253
2019-08-03 03:39:45,844 INFO  ipc.Server (Server.java:run(1185)) - Stopping IPC Server listener on 45253
2019-08-03 03:39:45,844 INFO  utils.BackgroundService (BackgroundService.java:shutdown(148)) - Shutting down service KeyDeletingService
2019-08-03 03:39:45,858 INFO  ipc.Server (Server.java:run(1319)) - Stopping IPC Server Responder
2019-08-03 03:39:45,873 INFO  handler.ContextHandler (ContextHandler.java:doStop(910)) - Stopped o.e.j.w.WebAppContext@6e8426aa{/,null,UNAVAILABLE}{/ozoneManager}
2019-08-03 03:39:45,873 INFO  server.AbstractConnector (AbstractConnector.java:doStop(318)) - Stopped ServerConnector@752573df{HTTP/1.1,[http/1.1]}{0.0.0.0:0}
2019-08-03 03:39:45,874 INFO  handler.ContextHandler (ContextHandler.java:doStop(910)) - Stopped o.e.j.s.ServletContextHandler@6a9b8f33{/static,file:///workdir/hadoop-ozone/integration-test/target/test-classes/webapps/static,UNAVAILABLE}
2019-08-03 03:39:45,874 INFO  handler.ContextHandler (ContextHandler.java:doStop(910)) - Stopped o.e.j.s.ServletContextHandler@433d5536{/logs,file:///workdir/hadoop-ozone/integration-test/target/log,UNAVAILABLE}
2019-08-03 03:39:45,877 INFO  ozone.MiniOzoneClusterImpl (MiniOzoneClusterImpl.java:stop(344)) - Shutting the HddsDatanodes
2019-08-03 03:39:45,878 INFO  datanode.ObjectStoreHandler (ObjectStoreHandler.java:close(155)) - Closing ObjectStoreHandler.
2019-08-03 03:39:45,878 INFO  datanode.ObjectStoreHandler (ObjectStoreHandler.java:close(155)) - Closing ObjectStoreHandler.
2019-08-03 03:39:45,878 INFO  ozone.HddsDatanodeService (HddsDatanodeService.java:stop(451)) - Stopped plug-in org.apache.hadoop.ozone.web.OzoneHddsDatanodeService@36ce48bc
2019-08-03 03:39:45,878 INFO  ozone.HddsDatanodeService (HddsDatanodeService.java:stop(451)) - Stopped plug-in org.apache.hadoop.ozone.web.OzoneHddsDatanodeService@921dbcf
2019-08-03 03:39:46,212 INFO  statemachine.DatanodeStateMachine (DatanodeStateMachine.java:lambda$startDaemon$0(350)) - Ozone container server started.
2019-08-03 03:39:46,695 INFO  statemachine.DatanodeStateMachine (DatanodeStateMachine.java:lambda$startDaemon$0(350)) - Ozone container server started.
2019-08-03 03:39:47,812 WARN  server.GrpcLogAppender (LogUtils.java:warn(134)) - 298d3804-7836-43e5-b8ae-b10df3fb9e27->8589eb56-2f0c-49d3-b0c5-4d9cb822b0bb: Failed appendEntries: org.apache.ratis.thirdparty.io.grpc.StatusRuntimeException: UNAVAILABLE: io exception
2019-08-03 03:39:47,813 INFO  impl.FollowerInfo (FollowerInfo.java:lambda$new$0(50)) - 298d3804-7836-43e5-b8ae-b10df3fb9e27->8589eb56-2f0c-49d3-b0c5-4d9cb822b0bb: nextIndex: updateUnconditionally 1 -> 0
2019-08-03 03:39:50,279 INFO  node.StaleNodeHandler (StaleNodeHandler.java:onMessage(58)) - Datanode 298d3804-7836-43e5-b8ae-b10df3fb9e27{ip: 192.168.5.147, host: byscane-nightly-b86qh-2100283676, networkLocation: /default-rack, certSerialId: null} moved to stale state. Finalizing its pipelines [PipelineID=d4610906-e175-4ac1-9ea4-2ce4e5016fe4, PipelineID=3b89c2ea-e09d-4b9d-9aa0-57d01ef98d07]
2019-08-03 03:39:50,280 INFO  pipeline.SCMPipelineManager (SCMPipelineManager.java:finalizeAndDestroyPipeline(309)) - destroying pipeline:Pipeline[ Id: d4610906-e175-4ac1-9ea4-2ce4e5016fe4, Nodes: 298d3804-7836-43e5-b8ae-b10df3fb9e27{ip: 192.168.5.147, host: byscane-nightly-b86qh-2100283676, networkLocation: /default-rack, certSerialId: null}, Type:RATIS, Factor:ONE, State:OPEN]
2019-08-03 03:39:50,280 INFO  pipeline.PipelineStateManager (PipelineStateManager.java:finalizePipeline(123)) - Pipeline Pipeline[ Id: d4610906-e175-4ac1-9ea4-2ce4e5016fe4, Nodes: 298d3804-7836-43e5-b8ae-b10df3fb9e27{ip: 192.168.5.147, host: byscane-nightly-b86qh-2100283676, networkLocation: /default-rack, certSerialId: null}, Type:RATIS, Factor:ONE, State:CLOSED] moved to CLOSED state
2019-08-03 03:39:50,280 INFO  pipeline.SCMPipelineManager (SCMPipelineManager.java:finalizeAndDestroyPipeline(309)) - destroying pipeline:Pipeline[ Id: 3b89c2ea-e09d-4b9d-9aa0-57d01ef98d07, Nodes: 8589eb56-2f0c-49d3-b0c5-4d9cb822b0bb{ip: 192.168.5.147, host: byscane-nightly-b86qh-2100283676, networkLocation: /default-rack, certSerialId: null}298d3804-7836-43e5-b8ae-b10df3fb9e27{ip: 192.168.5.147, host: byscane-nightly-b86qh-2100283676, networkLocation: /default-rack, certSerialId: null}b064c238-3f4a-43e0-8397-add0d57df4ba{ip: 192.168.5.147, host: byscane-nightly-b86qh-2100283676, networkLocation: /default-rack, certSerialId: null}, Type:RATIS, Factor:THREE, State:CLOSED]
2019-08-03 03:39:50,313 WARN  server.GrpcLogAppender (LogUtils.java:warn(134)) - 298d3804-7836-43e5-b8ae-b10df3fb9e27->8589eb56-2f0c-49d3-b0c5-4d9cb822b0bb: Failed appendEntries: org.apache.ratis.thirdparty.io.grpc.StatusRuntimeException: UNAVAILABLE: io exception
2019-08-03 03:39:50,313 INFO  impl.FollowerInfo (FollowerInfo.java:lambda$new$0(50)) - 298d3804-7836-43e5-b8ae-b10df3fb9e27->8589eb56-2f0c-49d3-b0c5-4d9cb822b0bb: nextIndex: updateUnconditionally 0 -> 0
2019-08-03 03:39:50,780 INFO  node.StaleNodeHandler (StaleNodeHandler.java:onMessage(58)) - Datanode 2f1dc277-5799-4794-ae47-954d43e96421{ip: 192.168.5.147, host: byscane-nightly-b86qh-2100283676, networkLocation: /default-rack, certSerialId: null} moved to stale state. Finalizing its pipelines [PipelineID=2b7cb506-8304-4a2f-8d26-50f2ff970879, PipelineID=75a2fa92-5d3b-48f6-bd11-145e3d1a1685]
2019-08-03 03:39:50,780 INFO  pipeline.SCMPipelineManager (SCMPipelineManager.java:finalizeAndDestroyPipeline(309)) - destroying pipeline:Pipeline[ Id: 2b7cb506-8304-4a2f-8d26-50f2ff970879, Nodes: 2f1dc277-5799-4794-ae47-954d43e96421{ip: 192.168.5.147, host: byscane-nightly-b86qh-2100283676, networkLocation: /default-rack, certSerialId: null}, Type:RATIS, Factor:ONE, State:OPEN]
2019-08-03 03:39:50,781 INFO  pipeline.PipelineStateManager (PipelineStateManager.java:finalizePipeline(123)) - Pipeline Pipeline[ Id: 2b7cb506-8304-4a2f-8d26-50f2ff970879, Nodes: 2f1dc277-5799-4794-ae47-954d43e96421{ip: 192.168.5.147, host: byscane-nightly-b86qh-2100283676, networkLocation: /default-rack, certSerialId: null}, Type:RATIS, Factor:ONE, State:CLOSED] moved to CLOSED state
2019-08-03 03:39:50,781 INFO  pipeline.SCMPipelineManager (SCMPipelineManager.java:finalizeAndDestroyPipeline(309)) - destroying pipeline:Pipeline[ Id: 75a2fa92-5d3b-48f6-bd11-145e3d1a1685, Nodes: 1c872a75-9c86-4745-88b3-464e5192de7a{ip: 192.168.5.147, host: byscane-nightly-b86qh-2100283676, networkLocation: /default-rack, certSerialId: null}2f1dc277-5799-4794-ae47-954d43e96421{ip: 192.168.5.147, host: byscane-nightly-b86qh-2100283676, networkLocation: /default-rack, certSerialId: null}144b7e8f-f123-4693-b674-64fe6260ef49{ip: 192.168.5.147, host: byscane-nightly-b86qh-2100283676, networkLocation: /default-rack, certSerialId: null}, Type:RATIS, Factor:THREE, State:OPEN]
2019-08-03 03:39:50,781 INFO  pipeline.PipelineStateManager (PipelineStateManager.java:finalizePipeline(123)) - Pipeline Pipeline[ Id: 75a2fa92-5d3b-48f6-bd11-145e3d1a1685, Nodes: 1c872a75-9c86-4745-88b3-464e5192de7a{ip: 192.168.5.147, host: byscane-nightly-b86qh-2100283676, networkLocation: /default-rack, certSerialId: null}2f1dc277-5799-4794-ae47-954d43e96421{ip: 192.168.5.147, host: byscane-nightly-b86qh-2100283676, networkLocation: /default-rack, certSerialId: null}144b7e8f-f123-4693-b674-64fe6260ef49{ip: 192.168.5.147, host: byscane-nightly-b86qh-2100283676, networkLocation: /default-rack, certSerialId: null}, Type:RATIS, Factor:THREE, State:CLOSED] moved to CLOSED state
2019-08-03 03:39:50,782 INFO  container.CloseContainerEventHandler (CloseContainerEventHandler.java:onMessage(61)) - Close container Event triggered for container : #2
2019-08-03 03:39:50,879 INFO  ozoneimpl.OzoneContainer (OzoneContainer.java:stop(199)) - Attempting to stop container services.
2019-08-03 03:39:50,879 INFO  ozoneimpl.OzoneContainer (OzoneContainer.java:stop(199)) - Attempting to stop container services.
2019-08-03 03:39:50,880 INFO  impl.RaftServerProxy (RaftServerProxy.java:lambda$close$4(314)) - 2f1dc277-5799-4794-ae47-954d43e96421: close
2019-08-03 03:39:50,880 INFO  impl.RaftServerProxy (RaftServerProxy.java:lambda$close$4(314)) - 298d3804-7836-43e5-b8ae-b10df3fb9e27: close
2019-08-03 03:39:50,880 INFO  impl.RaftServerImpl (RaftServerImpl.java:lambda$shutdown$3(245)) - 2f1dc277-5799-4794-ae47-954d43e96421: shutdown group-50F2FF970879
2019-08-03 03:39:50,881 INFO  impl.RaftServerImpl (RaftServerImpl.java:lambda$shutdown$3(245)) - 298d3804-7836-43e5-b8ae-b10df3fb9e27: shutdown group-2CE4E5016FE4
2019-08-03 03:39:50,881 INFO  util.JmxRegister (JmxRegister.java:unregister(73)) - Successfully un-registered JMX Bean with object name Ratis:service=RaftServer,group=group-50F2FF970879,id=2f1dc277-5799-4794-ae47-954d43e96421
2019-08-03 03:39:50,882 INFO  impl.RoleInfo (RoleInfo.java:shutdownLeaderState(104)) - 2f1dc277-5799-4794-ae47-954d43e96421: shutdown LeaderState
2019-08-03 03:39:50,881 INFO  util.JmxRegister (JmxRegister.java:unregister(73)) - Successfully un-registered JMX Bean with object name Ratis:service=RaftServer,group=group-2CE4E5016FE4,id=298d3804-7836-43e5-b8ae-b10df3fb9e27
2019-08-03 03:39:50,882 INFO  impl.PendingRequests (PendingRequests.java:sendNotLeaderResponses(202)) - 2f1dc277-5799-4794-ae47-954d43e96421-PendingRequests: sendNotLeaderResponses
2019-08-03 03:39:50,882 INFO  impl.RoleInfo (RoleInfo.java:shutdownLeaderState(104)) - 298d3804-7836-43e5-b8ae-b10df3fb9e27: shutdown LeaderState
2019-08-03 03:39:50,883 INFO  impl.StateMachineUpdater (StateMachineUpdater.java:stopAndJoin(115)) - StateMachineUpdater:2f1dc277-5799-4794-ae47-954d43e96421:group-50F2FF970879: set stopIndex = 0
2019-08-03 03:39:50,884 INFO  impl.RaftServerImpl (ServerState.java:close(394)) - 2f1dc277-5799-4794-ae47-954d43e96421:group-50F2FF970879 closes. The last applied log index is 0
2019-08-03 03:39:50,883 INFO  impl.PendingRequests (PendingRequests.java:sendNotLeaderResponses(202)) - 298d3804-7836-43e5-b8ae-b10df3fb9e27-PendingRequests: sendNotLeaderResponses
2019-08-03 03:39:50,884 INFO  segmented.SegmentedRaftLogWorker (SegmentedRaftLogWorker.java:run(313)) - 2f1dc277-5799-4794-ae47-954d43e96421-SegmentedRaftLogWorker:Storage Directory /workdir/hadoop-ozone/integration-test/target/test-dir/MiniOzoneClusterImpl-ba793efa-c700-45ae-b3d7-7588d56d7037/datanode-4/data/ratis/2b7cb506-8304-4a2f-8d26-50f2ff970879 was interrupted, exiting. There are 0 tasks remaining in the queue.
2019-08-03 03:39:50,884 INFO  impl.StateMachineUpdater (StateMachineUpdater.java:stopAndJoin(115)) - StateMachineUpdater:298d3804-7836-43e5-b8ae-b10df3fb9e27:group-2CE4E5016FE4: set stopIndex = 0
2019-08-03 03:39:50,888 INFO  impl.RaftServerImpl (ServerState.java:close(394)) - 298d3804-7836-43e5-b8ae-b10df3fb9e27:group-2CE4E5016FE4 closes. The last applied log index is 0
2019-08-03 03:39:50,889 INFO  segmented.SegmentedRaftLogWorker (SegmentedRaftLogWorker.java:close(228)) - 2f1dc277-5799-4794-ae47-954d43e96421-SegmentedRaftLogWorker:Storage Directory /workdir/hadoop-ozone/integration-test/target/test-dir/MiniOzoneClusterImpl-ba793efa-c700-45ae-b3d7-7588d56d7037/datanode-4/data/ratis/2b7cb506-8304-4a2f-8d26-50f2ff970879 close()
2019-08-03 03:39:50,889 INFO  segmented.SegmentedRaftLogWorker (SegmentedRaftLogWorker.java:run(313)) - 298d3804-7836-43e5-b8ae-b10df3fb9e27-SegmentedRaftLogWorker:Storage Directory /workdir/hadoop-ozone/integration-test/target/test-dir/MiniOzoneClusterImpl-ba793efa-c700-45ae-b3d7-7588d56d7037/datanode-2/data/ratis/d4610906-e175-4ac1-9ea4-2ce4e5016fe4 was interrupted, exiting. There are 0 tasks remaining in the queue.
2019-08-03 03:39:50,894 INFO  impl.RaftServerImpl (RaftServerImpl.java:lambda$shutdown$3(245)) - 2f1dc277-5799-4794-ae47-954d43e96421: shutdown group-145E3D1A1685
2019-08-03 03:39:50,896 INFO  segmented.SegmentedRaftLogWorker (SegmentedRaftLogWorker.java:close(228)) - 298d3804-7836-43e5-b8ae-b10df3fb9e27-SegmentedRaftLogWorker:Storage Directory /workdir/hadoop-ozone/integration-test/target/test-dir/MiniOzoneClusterImpl-ba793efa-c700-45ae-b3d7-7588d56d7037/datanode-2/data/ratis/d4610906-e175-4ac1-9ea4-2ce4e5016fe4 close()
2019-08-03 03:39:50,896 INFO  util.JmxRegister (JmxRegister.java:unregister(73)) - Successfully un-registered JMX Bean with object name Ratis:service=RaftServer,group=group-145E3D1A1685,id=2f1dc277-5799-4794-ae47-954d43e96421
2019-08-03 03:39:50,901 INFO  impl.RaftServerImpl (RaftServerImpl.java:lambda$shutdown$3(245)) - 298d3804-7836-43e5-b8ae-b10df3fb9e27: shutdown group-57D01EF98D07
2019-08-03 03:39:50,901 INFO  impl.RoleInfo (RoleInfo.java:shutdownFollowerState(121)) - 2f1dc277-5799-4794-ae47-954d43e96421: shutdown FollowerState
2019-08-03 03:39:50,901 INFO  util.JmxRegister (JmxRegister.java:unregister(73)) - Successfully un-registered JMX Bean with object name Ratis:service=RaftServer,group=group-57D01EF98D07,id=298d3804-7836-43e5-b8ae-b10df3fb9e27
2019-08-03 03:39:50,902 INFO  ratis.ContainerStateMachine (ContainerStateMachine.java:takeSnapshot(262)) - group-145E3D1A1685: Taking a snapshot at:(t:1, i:13) file /workdir/hadoop-ozone/integration-test/target/test-dir/MiniOzoneClusterImpl-ba793efa-c700-45ae-b3d7-7588d56d7037/datanode-4/data/ratis/75a2fa92-5d3b-48f6-bd11-145e3d1a1685/sm/snapshot.1_13
2019-08-03 03:39:50,902 INFO  impl.FollowerState (FollowerState.java:run(114)) - 2f1dc277-5799-4794-ae47-954d43e96421: FollowerState was interrupted: java.lang.InterruptedException: sleep interrupted
2019-08-03 03:39:50,902 INFO  impl.StateMachineUpdater (StateMachineUpdater.java:stopAndJoin(115)) - StateMachineUpdater:2f1dc277-5799-4794-ae47-954d43e96421:group-145E3D1A1685: set stopIndex = 15
2019-08-03 03:39:50,902 INFO  impl.RoleInfo (RoleInfo.java:shutdownLeaderState(104)) - 298d3804-7836-43e5-b8ae-b10df3fb9e27: shutdown LeaderState
2019-08-03 03:39:50,909 INFO  ratis.ContainerStateMachine (ContainerStateMachine.java:takeSnapshot(273)) - group-145E3D1A1685: Finished taking a snapshot at:(t:1, i:13) file:/workdir/hadoop-ozone/integration-test/target/test-dir/MiniOzoneClusterImpl-ba793efa-c700-45ae-b3d7-7588d56d7037/datanode-4/data/ratis/75a2fa92-5d3b-48f6-bd11-145e3d1a1685/sm/snapshot.1_13 time:8
2019-08-03 03:39:50,909 WARN  server.GrpcLogAppender (GrpcLogAppender.java:mayWait(143)) - GrpcLogAppender(298d3804-7836-43e5-b8ae-b10df3fb9e27->8589eb56-2f0c-49d3-b0c5-4d9cb822b0bb): Wait interrupted by java.lang.InterruptedException
2019-08-03 03:39:50,909 INFO  impl.StateMachineUpdater (StateMachineUpdater.java:takeSnapshot(242)) - StateMachineUpdater:2f1dc277-5799-4794-ae47-954d43e96421:group-145E3D1A1685: Took a snapshot at index 13
2019-08-03 03:39:50,909 INFO  impl.StateMachineUpdater (StateMachineUpdater.java:lambda$new$0(80)) - StateMachineUpdater:2f1dc277-5799-4794-ae47-954d43e96421:group-145E3D1A1685: snapshotIndex: updateIncreasingly -1 -> 13
2019-08-03 03:39:50,909 WARN  server.GrpcLogAppender (GrpcLogAppender.java:mayWait(143)) - GrpcLogAppender(298d3804-7836-43e5-b8ae-b10df3fb9e27->b064c238-3f4a-43e0-8397-add0d57df4ba): Wait interrupted by java.lang.InterruptedException
2019-08-03 03:39:50,909 INFO  impl.PendingRequests (PendingRequests.java:sendNotLeaderResponses(202)) - 298d3804-7836-43e5-b8ae-b10df3fb9e27-PendingRequests: sendNotLeaderResponses
2019-08-03 03:39:50,910 INFO  server.GrpcServerProtocolService (GrpcServerProtocolService.java:onCompleted(104)) - b064c238-3f4a-43e0-8397-add0d57df4ba: appendEntries completed
2019-08-03 03:39:50,910 INFO  impl.RaftServerImpl (ServerState.java:close(394)) - 2f1dc277-5799-4794-ae47-954d43e96421:group-145E3D1A1685 closes. The last applied log index is 15
2019-08-03 03:39:50,914 INFO  ratis.ContainerStateMachine (ContainerStateMachine.java:takeSnapshot(262)) - group-57D01EF98D07: Taking a snapshot at:(t:1, i:14) file /workdir/hadoop-ozone/integration-test/target/test-dir/MiniOzoneClusterImpl-ba793efa-c700-45ae-b3d7-7588d56d7037/datanode-2/data/ratis/3b89c2ea-e09d-4b9d-9aa0-57d01ef98d07/sm/snapshot.1_14
2019-08-03 03:39:50,915 INFO  server.GrpcLogAppender (GrpcLogAppender.java:onCompleted(292)) - 298d3804-7836-43e5-b8ae-b10df3fb9e27->b064c238-3f4a-43e0-8397-add0d57df4ba: follower responses appendEntries COMPLETED
2019-08-03 03:39:50,914 INFO  impl.StateMachineUpdater (StateMachineUpdater.java:stopAndJoin(115)) - StateMachineUpdater:298d3804-7836-43e5-b8ae-b10df3fb9e27:group-57D01EF98D07: set stopIndex = 18
2019-08-03 03:39:50,915 INFO  impl.FollowerInfo (FollowerInfo.java:lambda$new$0(50)) - 298d3804-7836-43e5-b8ae-b10df3fb9e27->b064c238-3f4a-43e0-8397-add0d57df4ba: nextIndex: updateUnconditionally 19 -> 18
2019-08-03 03:39:50,915 INFO  segmented.SegmentedRaftLogWorker (SegmentedRaftLogWorker.java:run(313)) - 2f1dc277-5799-4794-ae47-954d43e96421-SegmentedRaftLogWorker:Storage Directory /workdir/hadoop-ozone/integration-test/target/test-dir/MiniOzoneClusterImpl-ba793efa-c700-45ae-b3d7-7588d56d7037/datanode-4/data/ratis/75a2fa92-5d3b-48f6-bd11-145e3d1a1685 was interrupted, exiting. There are 0 tasks remaining in the queue.
2019-08-03 03:39:50,918 INFO  ratis.ContainerStateMachine (ContainerStateMachine.java:takeSnapshot(273)) - group-57D01EF98D07: Finished taking a snapshot at:(t:1, i:14) file:/workdir/hadoop-ozone/integration-test/target/test-dir/MiniOzoneClusterImpl-ba793efa-c700-45ae-b3d7-7588d56d7037/datanode-2/data/ratis/3b89c2ea-e09d-4b9d-9aa0-57d01ef98d07/sm/snapshot.1_14 time:4
2019-08-03 03:39:50,918 INFO  segmented.SegmentedRaftLogWorker (SegmentedRaftLogWorker.java:close(228)) - 2f1dc277-5799-4794-ae47-954d43e96421-SegmentedRaftLogWorker:Storage Directory /workdir/hadoop-ozone/integration-test/target/test-dir/MiniOzoneClusterImpl-ba793efa-c700-45ae-b3d7-7588d56d7037/datanode-4/data/ratis/75a2fa92-5d3b-48f6-bd11-145e3d1a1685 close()
2019-08-03 03:39:50,918 INFO  impl.StateMachineUpdater (StateMachineUpdater.java:takeSnapshot(242)) - StateMachineUpdater:298d3804-7836-43e5-b8ae-b10df3fb9e27:group-57D01EF98D07: Took a snapshot at index 14
2019-08-03 03:39:50,923 INFO  server.GrpcService (GrpcService.java:closeImpl(155)) - 2f1dc277-5799-4794-ae47-954d43e96421: shutdown server with port 46108 now
2019-08-03 03:39:50,923 INFO  impl.StateMachineUpdater (StateMachineUpdater.java:lambda$new$0(80)) - StateMachineUpdater:298d3804-7836-43e5-b8ae-b10df3fb9e27:group-57D01EF98D07: snapshotIndex: updateIncreasingly -1 -> 14
2019-08-03 03:39:50,924 INFO  impl.RaftServerImpl (ServerState.java:close(394)) - 298d3804-7836-43e5-b8ae-b10df3fb9e27:group-57D01EF98D07 closes. The last applied log index is 18
2019-08-03 03:39:50,924 WARN  server.GrpcLogAppender (LogUtils.java:warn(134)) - 1c872a75-9c86-4745-88b3-464e5192de7a->2f1dc277-5799-4794-ae47-954d43e96421: Failed appendEntries: org.apache.ratis.thirdparty.io.grpc.StatusRuntimeException: CANCELLED: HTTP/2 error code: CANCEL
Received Rst Stream
2019-08-03 03:39:50,924 WARN  server.GrpcServerProtocolService (LogUtils.java:warn(134)) - 2f1dc277-5799-4794-ae47-954d43e96421: appendEntries onError: org.apache.ratis.thirdparty.io.grpc.StatusRuntimeException: CANCELLED: cancelled before receiving half close
2019-08-03 03:39:50,925 INFO  impl.FollowerInfo (FollowerInfo.java:lambda$new$0(50)) - 1c872a75-9c86-4745-88b3-464e5192de7a->2f1dc277-5799-4794-ae47-954d43e96421: nextIndex: updateUnconditionally 16 -> 15
2019-08-03 03:39:50,924 INFO  segmented.SegmentedRaftLogWorker (SegmentedRaftLogWorker.java:run(313)) - 298d3804-7836-43e5-b8ae-b10df3fb9e27-SegmentedRaftLogWorker:Storage Directory /workdir/hadoop-ozone/integration-test/target/test-dir/MiniOzoneClusterImpl-ba793efa-c700-45ae-b3d7-7588d56d7037/datanode-2/data/ratis/3b89c2ea-e09d-4b9d-9aa0-57d01ef98d07 was interrupted, exiting. There are 0 tasks remaining in the queue.
2019-08-03 03:39:50,924 INFO  server.GrpcService (GrpcService.java:closeImpl(163)) - 2f1dc277-5799-4794-ae47-954d43e96421: shutdown server with port 46108 successfully
2019-08-03 03:39:50,927 INFO  segmented.SegmentedRaftLogWorker (SegmentedRaftLogWorker.java:close(228)) - 298d3804-7836-43e5-b8ae-b10df3fb9e27-SegmentedRaftLogWorker:Storage Directory /workdir/hadoop-ozone/integration-test/target/test-dir/MiniOzoneClusterImpl-ba793efa-c700-45ae-b3d7-7588d56d7037/datanode-2/data/ratis/3b89c2ea-e09d-4b9d-9aa0-57d01ef98d07 close()
2019-08-03 03:39:50,932 INFO  server.GrpcService (GrpcService.java:closeImpl(155)) - 298d3804-7836-43e5-b8ae-b10df3fb9e27: shutdown server with port 44300 now
2019-08-03 03:39:50,932 INFO  server.GrpcService (GrpcService.java:closeImpl(163)) - 298d3804-7836-43e5-b8ae-b10df3fb9e27: shutdown server with port 44300 successfully
2019-08-03 03:39:50,933 INFO  utils.BackgroundService (BackgroundService.java:shutdown(148)) - Shutting down service BlockDeletingService
2019-08-03 03:39:50,935 INFO  utils.BackgroundService (BackgroundService.java:shutdown(148)) - Shutting down service BlockDeletingService
2019-08-03 03:39:50,935 WARN  fs.CachingGetSpaceUsed (CachingGetSpaceUsed.java:run(183)) - Thread Interrupted waiting to refresh disk information: sleep interrupted
2019-08-03 03:39:50,942 WARN  fs.CachingGetSpaceUsed (CachingGetSpaceUsed.java:run(183)) - Thread Interrupted waiting to refresh disk information: sleep interrupted
2019-08-03 03:39:50,955 INFO  statemachine.DatanodeStateMachine (DatanodeStateMachine.java:stopDaemon(395)) - Ozone container server stopped.
2019-08-03 03:39:50,957 INFO  handler.ContextHandler (ContextHandler.java:doStop(910)) - Stopped o.e.j.w.WebAppContext@1aa7d66e{/,null,UNAVAILABLE}{/hddsDatanode}
2019-08-03 03:39:50,957 INFO  server.AbstractConnector (AbstractConnector.java:doStop(318)) - Stopped ServerConnector@5cc85ffc{HTTP/1.1,[http/1.1]}{0.0.0.0:0}
2019-08-03 03:39:50,958 INFO  handler.ContextHandler (ContextHandler.java:doStop(910)) - Stopped o.e.j.s.ServletContextHandler@226f472{/static,jar:file:/home/user/.m2/repository/org/apache/hadoop/hadoop-hdds-container-service/0.4.1-SNAPSHOT/hadoop-hdds-container-service-0.4.1-SNAPSHOT.jar!/webapps/static,UNAVAILABLE}
2019-08-03 03:39:50,958 INFO  handler.ContextHandler (ContextHandler.java:doStop(910)) - Stopped o.e.j.s.ServletContextHandler@33acec5e{/logs,file:///workdir/hadoop-ozone/integration-test/target/log,UNAVAILABLE}
2019-08-03 03:39:50,964 INFO  statemachine.DatanodeStateMachine (DatanodeStateMachine.java:stopDaemon(395)) - Ozone container server stopped.
2019-08-03 03:39:50,968 INFO  datanode.ObjectStoreHandler (ObjectStoreHandler.java:close(155)) - Closing ObjectStoreHandler.
2019-08-03 03:39:50,968 INFO  ozone.HddsDatanodeService (HddsDatanodeService.java:stop(451)) - Stopped plug-in org.apache.hadoop.ozone.web.OzoneHddsDatanodeService@4c131823
2019-08-03 03:39:50,970 INFO  handler.ContextHandler (ContextHandler.java:doStop(910)) - Stopped o.e.j.w.WebAppContext@54151d07{/,null,UNAVAILABLE}{/hddsDatanode}
2019-08-03 03:39:50,971 INFO  server.AbstractConnector (AbstractConnector.java:doStop(318)) - Stopped ServerConnector@2e729fea{HTTP/1.1,[http/1.1]}{0.0.0.0:0}
2019-08-03 03:39:50,973 INFO  handler.ContextHandler (ContextHandler.java:doStop(910)) - Stopped o.e.j.s.ServletContextHandler@52d9a150{/static,jar:file:/home/user/.m2/repository/org/apache/hadoop/hadoop-hdds-container-service/0.4.1-SNAPSHOT/hadoop-hdds-container-service-0.4.1-SNAPSHOT.jar!/webapps/static,UNAVAILABLE}
2019-08-03 03:39:50,975 INFO  handler.ContextHandler (ContextHandler.java:doStop(910)) - Stopped o.e.j.s.ServletContextHandler@3071d086{/logs,file:///workdir/hadoop-ozone/integration-test/target/log,UNAVAILABLE}
2019-08-03 03:39:50,976 INFO  datanode.ObjectStoreHandler (ObjectStoreHandler.java:close(155)) - Closing ObjectStoreHandler.
2019-08-03 03:39:50,976 INFO  ozone.HddsDatanodeService (HddsDatanodeService.java:stop(451)) - Stopped plug-in org.apache.hadoop.ozone.web.OzoneHddsDatanodeService@4f378d7e
2019-08-03 03:39:51,211 INFO  statemachine.DatanodeStateMachine (DatanodeStateMachine.java:lambda$startDaemon$0(350)) - Ozone container server started.
2019-08-03 03:39:51,696 INFO  statemachine.DatanodeStateMachine (DatanodeStateMachine.java:lambda$startDaemon$0(350)) - Ozone container server started.
2019-08-03 03:39:53,327 WARN  server.GrpcLogAppender (LogUtils.java:warn(134)) - 1c872a75-9c86-4745-88b3-464e5192de7a->2f1dc277-5799-4794-ae47-954d43e96421: Failed appendEntries: org.apache.ratis.thirdparty.io.grpc.StatusRuntimeException: UNAVAILABLE: io exception
2019-08-03 03:39:53,327 INFO  impl.FollowerInfo (FollowerInfo.java:lambda$new$0(50)) - 1c872a75-9c86-4745-88b3-464e5192de7a->2f1dc277-5799-4794-ae47-954d43e96421: nextIndex: updateUnconditionally 15 -> 14
2019-08-03 03:39:53,751 WARN  server.GrpcLogAppender (LogUtils.java:warn(134)) - 1c872a75-9c86-4745-88b3-464e5192de7a->2f1dc277-5799-4794-ae47-954d43e96421: Failed appendEntries: org.apache.ratis.thirdparty.io.grpc.StatusRuntimeException: UNAVAILABLE: io exception
2019-08-03 03:39:53,752 INFO  impl.FollowerInfo (FollowerInfo.java:lambda$new$0(50)) - 1c872a75-9c86-4745-88b3-464e5192de7a->2f1dc277-5799-4794-ae47-954d43e96421: nextIndex: updateUnconditionally 15 -> 14
2019-08-03 03:39:53,753 WARN  server.GrpcLogAppender (LogUtils.java:warn(134)) - 1c872a75-9c86-4745-88b3-464e5192de7a->2f1dc277-5799-4794-ae47-954d43e96421: Failed appendEntries: org.apache.ratis.thirdparty.io.grpc.StatusRuntimeException: UNAVAILABLE: io exception
2019-08-03 03:39:53,754 INFO  impl.FollowerInfo (FollowerInfo.java:lambda$new$0(50)) - 1c872a75-9c86-4745-88b3-464e5192de7a->2f1dc277-5799-4794-ae47-954d43e96421: nextIndex: updateUnconditionally 15 -> 14
2019-08-03 03:39:53,757 WARN  server.GrpcLogAppender (LogUtils.java:warn(134)) - 1c872a75-9c86-4745-88b3-464e5192de7a->2f1dc277-5799-4794-ae47-954d43e96421: Failed appendEntries: org.apache.ratis.thirdparty.io.grpc.StatusRuntimeException: UNAVAILABLE: io exception
2019-08-03 03:39:53,757 INFO  impl.FollowerInfo (FollowerInfo.java:lambda$new$0(50)) - 1c872a75-9c86-4745-88b3-464e5192de7a->2f1dc277-5799-4794-ae47-954d43e96421: nextIndex: updateUnconditionally 15 -> 14
2019-08-03 03:39:53,772 INFO  interfaces.Container (KeyValueContainer.java:compactDB(356)) - Container 2 is closed with bcsId 13.
2019-08-03 03:39:53,774 INFO  container.IncrementalContainerReportHandler (AbstractContainerReportHandler.java:updateContainerState(176)) - Moving container #2 to CLOSED state, datanode 1c872a75-9c86-4745-88b3-464e5192de7a{ip: 192.168.5.147, host: byscane-nightly-b86qh-2100283676, networkLocation: /default-rack, certSerialId: null} reported CLOSED replica.
2019-08-03 03:39:53,779 INFO  interfaces.Container (KeyValueContainer.java:compactDB(356)) - Container 2 is closed with bcsId 13.
2019-08-03 03:39:55,286 INFO  node.StaleNodeHandler (StaleNodeHandler.java:onMessage(58)) - Datanode b064c238-3f4a-43e0-8397-add0d57df4ba{ip: 192.168.5.147, host: byscane-nightly-b86qh-2100283676, networkLocation: /default-rack, certSerialId: null} moved to stale state. Finalizing its pipelines [PipelineID=c1480b5c-f5ee-47af-99a4-cb4309b715af, PipelineID=3b89c2ea-e09d-4b9d-9aa0-57d01ef98d07]
2019-08-03 03:39:55,286 INFO  pipeline.SCMPipelineManager (SCMPipelineManager.java:finalizeAndDestroyPipeline(309)) - destroying pipeline:Pipeline[ Id: c1480b5c-f5ee-47af-99a4-cb4309b715af, Nodes: b064c238-3f4a-43e0-8397-add0d57df4ba{ip: 192.168.5.147, host: byscane-nightly-b86qh-2100283676, networkLocation: /default-rack, certSerialId: null}, Type:RATIS, Factor:ONE, State:OPEN]
2019-08-03 03:39:55,286 INFO  pipeline.PipelineStateManager (PipelineStateManager.java:finalizePipeline(123)) - Pipeline Pipeline[ Id: c1480b5c-f5ee-47af-99a4-cb4309b715af, Nodes: b064c238-3f4a-43e0-8397-add0d57df4ba{ip: 192.168.5.147, host: byscane-nightly-b86qh-2100283676, networkLocation: /default-rack, certSerialId: null}, Type:RATIS, Factor:ONE, State:CLOSED] moved to CLOSED state
2019-08-03 03:39:55,287 INFO  pipeline.SCMPipelineManager (SCMPipelineManager.java:finalizeAndDestroyPipeline(309)) - destroying pipeline:Pipeline[ Id: 3b89c2ea-e09d-4b9d-9aa0-57d01ef98d07, Nodes: 8589eb56-2f0c-49d3-b0c5-4d9cb822b0bb{ip: 192.168.5.147, host: byscane-nightly-b86qh-2100283676, networkLocation: /default-rack, certSerialId: null}298d3804-7836-43e5-b8ae-b10df3fb9e27{ip: 192.168.5.147, host: byscane-nightly-b86qh-2100283676, networkLocation: /default-rack, certSerialId: null}b064c238-3f4a-43e0-8397-add0d57df4ba{ip: 192.168.5.147, host: byscane-nightly-b86qh-2100283676, networkLocation: /default-rack, certSerialId: null}, Type:RATIS, Factor:THREE, State:CLOSED]
2019-08-03 03:39:55,786 INFO  node.StaleNodeHandler (StaleNodeHandler.java:onMessage(58)) - Datanode 144b7e8f-f123-4693-b674-64fe6260ef49{ip: 192.168.5.147, host: byscane-nightly-b86qh-2100283676, networkLocation: /default-rack, certSerialId: null} moved to stale state. Finalizing its pipelines [PipelineID=557fa839-73b6-45a4-91c4-8ca8069a395f, PipelineID=75a2fa92-5d3b-48f6-bd11-145e3d1a1685]
2019-08-03 03:39:55,787 INFO  pipeline.SCMPipelineManager (SCMPipelineManager.java:finalizeAndDestroyPipeline(309)) - destroying pipeline:Pipeline[ Id: 557fa839-73b6-45a4-91c4-8ca8069a395f, Nodes: 144b7e8f-f123-4693-b674-64fe6260ef49{ip: 192.168.5.147, host: byscane-nightly-b86qh-2100283676, networkLocation: /default-rack, certSerialId: null}, Type:RATIS, Factor:ONE, State:OPEN]
2019-08-03 03:39:55,787 INFO  pipeline.PipelineStateManager (PipelineStateManager.java:finalizePipeline(123)) - Pipeline Pipeline[ Id: 557fa839-73b6-45a4-91c4-8ca8069a395f, Nodes: 144b7e8f-f123-4693-b674-64fe6260ef49{ip: 192.168.5.147, host: byscane-nightly-b86qh-2100283676, networkLocation: /default-rack, certSerialId: null}, Type:RATIS, Factor:ONE, State:CLOSED] moved to CLOSED state
2019-08-03 03:39:55,787 INFO  pipeline.SCMPipelineManager (SCMPipelineManager.java:finalizeAndDestroyPipeline(309)) - destroying pipeline:Pipeline[ Id: 75a2fa92-5d3b-48f6-bd11-145e3d1a1685, Nodes: 1c872a75-9c86-4745-88b3-464e5192de7a{ip: 192.168.5.147, host: byscane-nightly-b86qh-2100283676, networkLocation: /default-rack, certSerialId: null}2f1dc277-5799-4794-ae47-954d43e96421{ip: 192.168.5.147, host: byscane-nightly-b86qh-2100283676, networkLocation: /default-rack, certSerialId: null}144b7e8f-f123-4693-b674-64fe6260ef49{ip: 192.168.5.147, host: byscane-nightly-b86qh-2100283676, networkLocation: /default-rack, certSerialId: null}, Type:RATIS, Factor:THREE, State:CLOSED]
2019-08-03 03:39:55,971 INFO  ozoneimpl.OzoneContainer (OzoneContainer.java:stop(199)) - Attempting to stop container services.
2019-08-03 03:39:55,971 INFO  impl.RaftServerProxy (RaftServerProxy.java:lambda$close$4(314)) - 144b7e8f-f123-4693-b674-64fe6260ef49: close
2019-08-03 03:39:55,972 INFO  impl.RaftServerImpl (RaftServerImpl.java:lambda$shutdown$3(245)) - 144b7e8f-f123-4693-b674-64fe6260ef49: shutdown group-8CA8069A395F
2019-08-03 03:39:55,972 INFO  util.JmxRegister (JmxRegister.java:unregister(73)) - Successfully un-registered JMX Bean with object name Ratis:service=RaftServer,group=group-8CA8069A395F,id=144b7e8f-f123-4693-b674-64fe6260ef49
2019-08-03 03:39:55,973 INFO  impl.RoleInfo (RoleInfo.java:shutdownLeaderState(104)) - 144b7e8f-f123-4693-b674-64fe6260ef49: shutdown LeaderState
2019-08-03 03:39:55,973 INFO  impl.PendingRequests (PendingRequests.java:sendNotLeaderResponses(202)) - 144b7e8f-f123-4693-b674-64fe6260ef49-PendingRequests: sendNotLeaderResponses
2019-08-03 03:39:55,974 INFO  impl.StateMachineUpdater (StateMachineUpdater.java:stopAndJoin(115)) - StateMachineUpdater:144b7e8f-f123-4693-b674-64fe6260ef49:group-8CA8069A395F: set stopIndex = 0
2019-08-03 03:39:55,974 INFO  impl.RaftServerImpl (ServerState.java:close(394)) - 144b7e8f-f123-4693-b674-64fe6260ef49:group-8CA8069A395F closes. The last applied log index is 0
2019-08-03 03:39:55,975 INFO  segmented.SegmentedRaftLogWorker (SegmentedRaftLogWorker.java:run(313)) - 144b7e8f-f123-4693-b674-64fe6260ef49-SegmentedRaftLogWorker:Storage Directory /workdir/hadoop-ozone/integration-test/target/test-dir/MiniOzoneClusterImpl-ba793efa-c700-45ae-b3d7-7588d56d7037/datanode-3/data/ratis/557fa839-73b6-45a4-91c4-8ca8069a395f was interrupted, exiting. There are 0 tasks remaining in the queue.
2019-08-03 03:39:55,977 INFO  segmented.SegmentedRaftLogWorker (SegmentedRaftLogWorker.java:close(228)) - 144b7e8f-f123-4693-b674-64fe6260ef49-SegmentedRaftLogWorker:Storage Directory /workdir/hadoop-ozone/integration-test/target/test-dir/MiniOzoneClusterImpl-ba793efa-c700-45ae-b3d7-7588d56d7037/datanode-3/data/ratis/557fa839-73b6-45a4-91c4-8ca8069a395f close()
2019-08-03 03:39:55,977 INFO  ozoneimpl.OzoneContainer (OzoneContainer.java:stop(199)) - Attempting to stop container services.
2019-08-03 03:39:55,981 INFO  impl.RaftServerImpl (RaftServerImpl.java:lambda$shutdown$3(245)) - 144b7e8f-f123-4693-b674-64fe6260ef49: shutdown group-145E3D1A1685
2019-08-03 03:39:55,981 INFO  impl.RaftServerProxy (RaftServerProxy.java:lambda$close$4(314)) - b064c238-3f4a-43e0-8397-add0d57df4ba: close
2019-08-03 03:39:55,982 INFO  util.JmxRegister (JmxRegister.java:unregister(73)) - Successfully un-registered JMX Bean with object name Ratis:service=RaftServer,group=group-145E3D1A1685,id=144b7e8f-f123-4693-b674-64fe6260ef49
2019-08-03 03:39:55,982 INFO  impl.RoleInfo (RoleInfo.java:shutdownFollowerState(121)) - 144b7e8f-f123-4693-b674-64fe6260ef49: shutdown FollowerState
2019-08-03 03:39:55,983 INFO  impl.StateMachineUpdater (StateMachineUpdater.java:stopAndJoin(115)) - StateMachineUpdater:144b7e8f-f123-4693-b674-64fe6260ef49:group-145E3D1A1685: set stopIndex = 16
2019-08-03 03:39:55,982 INFO  impl.RaftServerImpl (RaftServerImpl.java:lambda$shutdown$3(245)) - b064c238-3f4a-43e0-8397-add0d57df4ba: shutdown group-CB4309B715AF
2019-08-03 03:39:55,983 INFO  util.JmxRegister (JmxRegister.java:unregister(73)) - Successfully un-registered JMX Bean with object name Ratis:service=RaftServer,group=group-CB4309B715AF,id=b064c238-3f4a-43e0-8397-add0d57df4ba
2019-08-03 03:39:55,983 INFO  impl.FollowerState (FollowerState.java:run(114)) - 144b7e8f-f123-4693-b674-64fe6260ef49: FollowerState was interrupted: java.lang.InterruptedException: sleep interrupted
2019-08-03 03:39:55,983 INFO  ratis.ContainerStateMachine (ContainerStateMachine.java:takeSnapshot(262)) - group-145E3D1A1685: Taking a snapshot at:(t:1, i:16) file /workdir/hadoop-ozone/integration-test/target/test-dir/MiniOzoneClusterImpl-ba793efa-c700-45ae-b3d7-7588d56d7037/datanode-3/data/ratis/75a2fa92-5d3b-48f6-bd11-145e3d1a1685/sm/snapshot.1_16
2019-08-03 03:39:55,984 INFO  impl.RoleInfo (RoleInfo.java:shutdownLeaderState(104)) - b064c238-3f4a-43e0-8397-add0d57df4ba: shutdown LeaderState
2019-08-03 03:39:55,986 INFO  impl.PendingRequests (PendingRequests.java:sendNotLeaderResponses(202)) - b064c238-3f4a-43e0-8397-add0d57df4ba-PendingRequests: sendNotLeaderResponses
2019-08-03 03:39:55,986 INFO  impl.StateMachineUpdater (StateMachineUpdater.java:stopAndJoin(115)) - StateMachineUpdater:b064c238-3f4a-43e0-8397-add0d57df4ba:group-CB4309B715AF: set stopIndex = 0
2019-08-03 03:39:55,987 INFO  impl.RaftServerImpl (ServerState.java:close(394)) - b064c238-3f4a-43e0-8397-add0d57df4ba:group-CB4309B715AF closes. The last applied log index is 0
2019-08-03 03:39:55,987 INFO  segmented.SegmentedRaftLogWorker (SegmentedRaftLogWorker.java:run(313)) - b064c238-3f4a-43e0-8397-add0d57df4ba-SegmentedRaftLogWorker:Storage Directory /workdir/hadoop-ozone/integration-test/target/test-dir/MiniOzoneClusterImpl-ba793efa-c700-45ae-b3d7-7588d56d7037/datanode-0/data/ratis/c1480b5c-f5ee-47af-99a4-cb4309b715af was interrupted, exiting. There are 0 tasks remaining in the queue.
2019-08-03 03:39:55,990 INFO  segmented.SegmentedRaftLogWorker (SegmentedRaftLogWorker.java:close(228)) - b064c238-3f4a-43e0-8397-add0d57df4ba-SegmentedRaftLogWorker:Storage Directory /workdir/hadoop-ozone/integration-test/target/test-dir/MiniOzoneClusterImpl-ba793efa-c700-45ae-b3d7-7588d56d7037/datanode-0/data/ratis/c1480b5c-f5ee-47af-99a4-cb4309b715af close()
2019-08-03 03:39:55,994 INFO  ratis.ContainerStateMachine (ContainerStateMachine.java:takeSnapshot(273)) - group-145E3D1A1685: Finished taking a snapshot at:(t:1, i:16) file:/workdir/hadoop-ozone/integration-test/target/test-dir/MiniOzoneClusterImpl-ba793efa-c700-45ae-b3d7-7588d56d7037/datanode-3/data/ratis/75a2fa92-5d3b-48f6-bd11-145e3d1a1685/sm/snapshot.1_16 time:9
2019-08-03 03:39:55,994 INFO  impl.RaftServerImpl (RaftServerImpl.java:lambda$shutdown$3(245)) - b064c238-3f4a-43e0-8397-add0d57df4ba: shutdown group-57D01EF98D07
2019-08-03 03:39:55,994 INFO  impl.StateMachineUpdater (StateMachineUpdater.java:takeSnapshot(242)) - StateMachineUpdater:144b7e8f-f123-4693-b674-64fe6260ef49:group-145E3D1A1685: Took a snapshot at index 16
2019-08-03 03:39:55,994 INFO  util.JmxRegister (JmxRegister.java:unregister(73)) - Successfully un-registered JMX Bean with object name Ratis:service=RaftServer,group=group-57D01EF98D07,id=b064c238-3f4a-43e0-8397-add0d57df4ba
2019-08-03 03:39:55,994 INFO  impl.StateMachineUpdater (StateMachineUpdater.java:lambda$new$0(80)) - StateMachineUpdater:144b7e8f-f123-4693-b674-64fe6260ef49:group-145E3D1A1685: snapshotIndex: updateIncreasingly -1 -> 16
2019-08-03 03:39:55,994 INFO  impl.RoleInfo (RoleInfo.java:shutdownFollowerState(121)) - b064c238-3f4a-43e0-8397-add0d57df4ba: shutdown FollowerState
2019-08-03 03:39:55,995 INFO  impl.RaftServerImpl (ServerState.java:close(394)) - 144b7e8f-f123-4693-b674-64fe6260ef49:group-145E3D1A1685 closes. The last applied log index is 16
2019-08-03 03:39:55,995 INFO  impl.FollowerState (FollowerState.java:run(114)) - b064c238-3f4a-43e0-8397-add0d57df4ba: FollowerState was interrupted: java.lang.InterruptedException: sleep interrupted
2019-08-03 03:39:55,995 INFO  ratis.ContainerStateMachine (ContainerStateMachine.java:takeSnapshot(262)) - group-57D01EF98D07: Taking a snapshot at:(t:1, i:14) file /workdir/hadoop-ozone/integration-test/target/test-dir/MiniOzoneClusterImpl-ba793efa-c700-45ae-b3d7-7588d56d7037/datanode-0/data/ratis/3b89c2ea-e09d-4b9d-9aa0-57d01ef98d07/sm/snapshot.1_14
2019-08-03 03:39:55,995 INFO  impl.StateMachineUpdater (StateMachineUpdater.java:stopAndJoin(115)) - StateMachineUpdater:b064c238-3f4a-43e0-8397-add0d57df4ba:group-57D01EF98D07: set stopIndex = 18
2019-08-03 03:39:55,995 INFO  segmented.SegmentedRaftLogWorker (SegmentedRaftLogWorker.java:run(313)) - 144b7e8f-f123-4693-b674-64fe6260ef49-SegmentedRaftLogWorker:Storage Directory /workdir/hadoop-ozone/integration-test/target/test-dir/MiniOzoneClusterImpl-ba793efa-c700-45ae-b3d7-7588d56d7037/datanode-3/data/ratis/75a2fa92-5d3b-48f6-bd11-145e3d1a1685 was interrupted, exiting. There are 0 tasks remaining in the queue.
2019-08-03 03:39:56,000 INFO  segmented.SegmentedRaftLogWorker (SegmentedRaftLogWorker.java:close(228)) - 144b7e8f-f123-4693-b674-64fe6260ef49-SegmentedRaftLogWorker:Storage Directory /workdir/hadoop-ozone/integration-test/target/test-dir/MiniOzoneClusterImpl-ba793efa-c700-45ae-b3d7-7588d56d7037/datanode-3/data/ratis/75a2fa92-5d3b-48f6-bd11-145e3d1a1685 close()
2019-08-03 03:39:56,001 INFO  ratis.ContainerStateMachine (ContainerStateMachine.java:takeSnapshot(273)) - group-57D01EF98D07: Finished taking a snapshot at:(t:1, i:14) file:/workdir/hadoop-ozone/integration-test/target/test-dir/MiniOzoneClusterImpl-ba793efa-c700-45ae-b3d7-7588d56d7037/datanode-0/data/ratis/3b89c2ea-e09d-4b9d-9aa0-57d01ef98d07/sm/snapshot.1_14 time:5
2019-08-03 03:39:56,004 INFO  server.GrpcService (GrpcService.java:closeImpl(155)) - 144b7e8f-f123-4693-b674-64fe6260ef49: shutdown server with port 45087 now
2019-08-03 03:39:56,004 INFO  impl.StateMachineUpdater (StateMachineUpdater.java:takeSnapshot(242)) - StateMachineUpdater:b064c238-3f4a-43e0-8397-add0d57df4ba:group-57D01EF98D07: Took a snapshot at index 14
2019-08-03 03:39:56,004 INFO  impl.StateMachineUpdater (StateMachineUpdater.java:lambda$new$0(80)) - StateMachineUpdater:b064c238-3f4a-43e0-8397-add0d57df4ba:group-57D01EF98D07: snapshotIndex: updateIncreasingly -1 -> 14
2019-08-03 03:39:56,004 INFO  impl.RaftServerImpl (ServerState.java:close(394)) - b064c238-3f4a-43e0-8397-add0d57df4ba:group-57D01EF98D07 closes. The last applied log index is 18
2019-08-03 03:39:56,005 WARN  server.GrpcServerProtocolService (LogUtils.java:warn(134)) - 144b7e8f-f123-4693-b674-64fe6260ef49: appendEntries onError: org.apache.ratis.thirdparty.io.grpc.StatusRuntimeException: CANCELLED: cancelled before receiving half close
2019-08-03 03:39:56,005 INFO  segmented.SegmentedRaftLogWorker (SegmentedRaftLogWorker.java:run(313)) - b064c238-3f4a-43e0-8397-add0d57df4ba-SegmentedRaftLogWorker:Storage Directory /workdir/hadoop-ozone/integration-test/target/test-dir/MiniOzoneClusterImpl-ba793efa-c700-45ae-b3d7-7588d56d7037/datanode-0/data/ratis/3b89c2ea-e09d-4b9d-9aa0-57d01ef98d07 was interrupted, exiting. There are 0 tasks remaining in the queue.
2019-08-03 03:39:56,005 INFO  server.GrpcService (GrpcService.java:closeImpl(163)) - 144b7e8f-f123-4693-b674-64fe6260ef49: shutdown server with port 45087 successfully
2019-08-03 03:39:56,013 INFO  segmented.SegmentedRaftLogWorker (SegmentedRaftLogWorker.java:close(228)) - b064c238-3f4a-43e0-8397-add0d57df4ba-SegmentedRaftLogWorker:Storage Directory /workdir/hadoop-ozone/integration-test/target/test-dir/MiniOzoneClusterImpl-ba793efa-c700-45ae-b3d7-7588d56d7037/datanode-0/data/ratis/3b89c2ea-e09d-4b9d-9aa0-57d01ef98d07 close()
2019-08-03 03:39:56,005 WARN  server.GrpcLogAppender (LogUtils.java:warn(134)) - 1c872a75-9c86-4745-88b3-464e5192de7a->144b7e8f-f123-4693-b674-64fe6260ef49: Failed appendEntries: org.apache.ratis.thirdparty.io.grpc.StatusRuntimeException: CANCELLED: HTTP/2 error code: CANCEL
Received Rst Stream
2019-08-03 03:39:56,014 INFO  impl.FollowerInfo (FollowerInfo.java:lambda$new$0(50)) - 1c872a75-9c86-4745-88b3-464e5192de7a->144b7e8f-f123-4693-b674-64fe6260ef49: nextIndex: updateUnconditionally 18 -> 17
2019-08-03 03:39:56,017 INFO  utils.BackgroundService (BackgroundService.java:shutdown(148)) - Shutting down service BlockDeletingService
2019-08-03 03:39:56,016 INFO  server.GrpcService (GrpcService.java:closeImpl(155)) - b064c238-3f4a-43e0-8397-add0d57df4ba: shutdown server with port 35929 now
2019-08-03 03:39:56,017 INFO  server.GrpcService (GrpcService.java:closeImpl(163)) - b064c238-3f4a-43e0-8397-add0d57df4ba: shutdown server with port 35929 successfully
2019-08-03 03:39:56,018 WARN  fs.CachingGetSpaceUsed (CachingGetSpaceUsed.java:run(183)) - Thread Interrupted waiting to refresh disk information: sleep interrupted
2019-08-03 03:39:56,019 INFO  utils.BackgroundService (BackgroundService.java:shutdown(148)) - Shutting down service BlockDeletingService
2019-08-03 03:39:56,025 WARN  fs.CachingGetSpaceUsed (CachingGetSpaceUsed.java:run(183)) - Thread Interrupted waiting to refresh disk information: sleep interrupted
2019-08-03 03:39:56,037 INFO  statemachine.DatanodeStateMachine (DatanodeStateMachine.java:stopDaemon(395)) - Ozone container server stopped.
2019-08-03 03:39:56,040 INFO  handler.ContextHandler (ContextHandler.java:doStop(910)) - Stopped o.e.j.w.WebAppContext@7f514dfe{/,null,UNAVAILABLE}{/hddsDatanode}
2019-08-03 03:39:56,041 INFO  statemachine.DatanodeStateMachine (DatanodeStateMachine.java:stopDaemon(395)) - Ozone container server stopped.
2019-08-03 03:39:56,044 INFO  server.AbstractConnector (AbstractConnector.java:doStop(318)) - Stopped ServerConnector@2150dc64{HTTP/1.1,[http/1.1]}{0.0.0.0:0}
2019-08-03 03:39:56,046 INFO  handler.ContextHandler (ContextHandler.java:doStop(910)) - Stopped o.e.j.w.WebAppContext@1aade3c{/,null,UNAVAILABLE}{/hddsDatanode}
2019-08-03 03:39:56,046 INFO  handler.ContextHandler (ContextHandler.java:doStop(910)) - Stopped o.e.j.s.ServletContextHandler@6d4b09c7{/static,jar:file:/home/user/.m2/repository/org/apache/hadoop/hadoop-hdds-container-service/0.4.1-SNAPSHOT/hadoop-hdds-container-service-0.4.1-SNAPSHOT.jar!/webapps/static,UNAVAILABLE}
2019-08-03 03:39:56,046 INFO  server.AbstractConnector (AbstractConnector.java:doStop(318)) - Stopped ServerConnector@7d8a5ec7{HTTP/1.1,[http/1.1]}{0.0.0.0:0}
2019-08-03 03:39:56,046 INFO  handler.ContextHandler (ContextHandler.java:doStop(910)) - Stopped o.e.j.s.ServletContextHandler@996126b{/logs,file:///workdir/hadoop-ozone/integration-test/target/log,UNAVAILABLE}
2019-08-03 03:39:56,048 INFO  handler.ContextHandler (ContextHandler.java:doStop(910)) - Stopped o.e.j.s.ServletContextHandler@2f143ea{/static,jar:file:/home/user/.m2/repository/org/apache/hadoop/hadoop-hdds-container-service/0.4.1-SNAPSHOT/hadoop-hdds-container-service-0.4.1-SNAPSHOT.jar!/webapps/static,UNAVAILABLE}
2019-08-03 03:39:56,049 INFO  handler.ContextHandler (ContextHandler.java:doStop(910)) - Stopped o.e.j.s.ServletContextHandler@5562f297{/logs,file:///workdir/hadoop-ozone/integration-test/target/log,UNAVAILABLE}
2019-08-03 03:39:56,050 INFO  datanode.ObjectStoreHandler (ObjectStoreHandler.java:close(155)) - Closing ObjectStoreHandler.
2019-08-03 03:39:56,050 INFO  ozone.HddsDatanodeService (HddsDatanodeService.java:stop(451)) - Stopped plug-in org.apache.hadoop.ozone.web.OzoneHddsDatanodeService@6fa98e98
2019-08-03 03:39:56,050 INFO  datanode.ObjectStoreHandler (ObjectStoreHandler.java:close(155)) - Closing ObjectStoreHandler.
2019-08-03 03:39:56,051 INFO  ozone.HddsDatanodeService (HddsDatanodeService.java:stop(451)) - Stopped plug-in org.apache.hadoop.ozone.web.OzoneHddsDatanodeService@6efd83ac
2019-08-03 03:39:56,258 WARN  server.GrpcLogAppender (LogUtils.java:warn(134)) - 1c872a75-9c86-4745-88b3-464e5192de7a->144b7e8f-f123-4693-b674-64fe6260ef49: Failed appendEntries: org.apache.ratis.thirdparty.io.grpc.StatusRuntimeException: UNAVAILABLE: io exception
2019-08-03 03:39:56,258 WARN  server.GrpcLogAppender (LogUtils.java:warn(134)) - 1c872a75-9c86-4745-88b3-464e5192de7a->2f1dc277-5799-4794-ae47-954d43e96421: Failed appendEntries: org.apache.ratis.thirdparty.io.grpc.StatusRuntimeException: UNAVAILABLE: io exception
2019-08-03 03:39:56,259 INFO  impl.FollowerInfo (FollowerInfo.java:lambda$new$0(50)) - 1c872a75-9c86-4745-88b3-464e5192de7a->144b7e8f-f123-4693-b674-64fe6260ef49: nextIndex: updateUnconditionally 17 -> 16
2019-08-03 03:39:56,259 INFO  impl.FollowerInfo (FollowerInfo.java:lambda$new$0(50)) - 1c872a75-9c86-4745-88b3-464e5192de7a->2f1dc277-5799-4794-ae47-954d43e96421: nextIndex: updateUnconditionally 14 -> 13
2019-08-03 03:39:56,773 INFO  statemachine.DatanodeStateMachine (DatanodeStateMachine.java:lambda$startDaemon$0(350)) - Ozone container server started.
2019-08-03 03:39:56,976 INFO  statemachine.DatanodeStateMachine (DatanodeStateMachine.java:lambda$startDaemon$0(350)) - Ozone container server started.
2019-08-03 03:39:58,759 WARN  server.GrpcLogAppender (LogUtils.java:warn(134)) - 1c872a75-9c86-4745-88b3-464e5192de7a->144b7e8f-f123-4693-b674-64fe6260ef49: Failed appendEntries: org.apache.ratis.thirdparty.io.grpc.StatusRuntimeException: UNAVAILABLE: io exception
2019-08-03 03:39:58,759 WARN  server.GrpcLogAppender (LogUtils.java:warn(134)) - 1c872a75-9c86-4745-88b3-464e5192de7a->2f1dc277-5799-4794-ae47-954d43e96421: Failed appendEntries: org.apache.ratis.thirdparty.io.grpc.StatusRuntimeException: UNAVAILABLE: io exception
2019-08-03 03:39:58,759 INFO  impl.FollowerInfo (FollowerInfo.java:lambda$new$0(50)) - 1c872a75-9c86-4745-88b3-464e5192de7a->144b7e8f-f123-4693-b674-64fe6260ef49: nextIndex: updateUnconditionally 16 -> 15
2019-08-03 03:39:58,759 INFO  impl.FollowerInfo (FollowerInfo.java:lambda$new$0(50)) - 1c872a75-9c86-4745-88b3-464e5192de7a->2f1dc277-5799-4794-ae47-954d43e96421: nextIndex: updateUnconditionally 13 -> 12
2019-08-03 03:40:00,793 INFO  node.StaleNodeHandler (StaleNodeHandler.java:onMessage(58)) - Datanode 1c872a75-9c86-4745-88b3-464e5192de7a{ip: 192.168.5.147, host: byscane-nightly-b86qh-2100283676, networkLocation: /default-rack, certSerialId: null} moved to stale state. Finalizing its pipelines [PipelineID=54d09ebf-29d9-43a4-aa35-f02ced627a44, PipelineID=75a2fa92-5d3b-48f6-bd11-145e3d1a1685]
2019-08-03 03:40:00,793 INFO  pipeline.SCMPipelineManager (SCMPipelineManager.java:finalizeAndDestroyPipeline(309)) - destroying pipeline:Pipeline[ Id: 54d09ebf-29d9-43a4-aa35-f02ced627a44, Nodes: 1c872a75-9c86-4745-88b3-464e5192de7a{ip: 192.168.5.147, host: byscane-nightly-b86qh-2100283676, networkLocation: /default-rack, certSerialId: null}, Type:RATIS, Factor:ONE, State:OPEN]
2019-08-03 03:40:00,794 INFO  pipeline.PipelineStateManager (PipelineStateManager.java:finalizePipeline(123)) - Pipeline Pipeline[ Id: 54d09ebf-29d9-43a4-aa35-f02ced627a44, Nodes: 1c872a75-9c86-4745-88b3-464e5192de7a{ip: 192.168.5.147, host: byscane-nightly-b86qh-2100283676, networkLocation: /default-rack, certSerialId: null}, Type:RATIS, Factor:ONE, State:CLOSED] moved to CLOSED state
2019-08-03 03:40:00,794 INFO  pipeline.SCMPipelineManager (SCMPipelineManager.java:finalizeAndDestroyPipeline(309)) - destroying pipeline:Pipeline[ Id: 75a2fa92-5d3b-48f6-bd11-145e3d1a1685, Nodes: 1c872a75-9c86-4745-88b3-464e5192de7a{ip: 192.168.5.147, host: byscane-nightly-b86qh-2100283676, networkLocation: /default-rack, certSerialId: null}2f1dc277-5799-4794-ae47-954d43e96421{ip: 192.168.5.147, host: byscane-nightly-b86qh-2100283676, networkLocation: /default-rack, certSerialId: null}144b7e8f-f123-4693-b674-64fe6260ef49{ip: 192.168.5.147, host: byscane-nightly-b86qh-2100283676, networkLocation: /default-rack, certSerialId: null}, Type:RATIS, Factor:THREE, State:CLOSED]
2019-08-03 03:40:00,993 INFO  node.StaleNodeHandler (StaleNodeHandler.java:onMessage(58)) - Datanode 1f0488a2-65bc-428d-860c-6fd661d7f0ca{ip: 192.168.5.147, host: byscane-nightly-b86qh-2100283676, networkLocation: /default-rack, certSerialId: null} moved to stale state. Finalizing its pipelines [PipelineID=ebcd0d2d-0d72-41f1-a725-5fb281d0b7df]
2019-08-03 03:40:00,993 INFO  pipeline.SCMPipelineManager (SCMPipelineManager.java:finalizeAndDestroyPipeline(309)) - destroying pipeline:Pipeline[ Id: ebcd0d2d-0d72-41f1-a725-5fb281d0b7df, Nodes: 1f0488a2-65bc-428d-860c-6fd661d7f0ca{ip: 192.168.5.147, host: byscane-nightly-b86qh-2100283676, networkLocation: /default-rack, certSerialId: null}, Type:RATIS, Factor:ONE, State:OPEN]
2019-08-03 03:40:00,994 INFO  pipeline.PipelineStateManager (PipelineStateManager.java:finalizePipeline(123)) - Pipeline Pipeline[ Id: ebcd0d2d-0d72-41f1-a725-5fb281d0b7df, Nodes: 1f0488a2-65bc-428d-860c-6fd661d7f0ca{ip: 192.168.5.147, host: byscane-nightly-b86qh-2100283676, networkLocation: /default-rack, certSerialId: null}, Type:RATIS, Factor:ONE, State:CLOSED] moved to CLOSED state
2019-08-03 03:40:01,051 INFO  ozoneimpl.OzoneContainer (OzoneContainer.java:stop(199)) - Attempting to stop container services.
2019-08-03 03:40:01,051 INFO  ozoneimpl.OzoneContainer (OzoneContainer.java:stop(199)) - Attempting to stop container services.
2019-08-03 03:40:01,052 INFO  impl.RaftServerProxy (RaftServerProxy.java:lambda$close$4(314)) - 1f0488a2-65bc-428d-860c-6fd661d7f0ca: close
2019-08-03 03:40:01,052 INFO  impl.RaftServerProxy (RaftServerProxy.java:lambda$close$4(314)) - 1c872a75-9c86-4745-88b3-464e5192de7a: close
2019-08-03 03:40:01,052 INFO  impl.RaftServerImpl (RaftServerImpl.java:lambda$shutdown$3(245)) - 1f0488a2-65bc-428d-860c-6fd661d7f0ca: shutdown group-5FB281D0B7DF
2019-08-03 03:40:01,053 INFO  impl.RaftServerImpl (RaftServerImpl.java:lambda$shutdown$3(245)) - 1c872a75-9c86-4745-88b3-464e5192de7a: shutdown group-F02CED627A44
2019-08-03 03:40:01,053 INFO  util.JmxRegister (JmxRegister.java:unregister(73)) - Successfully un-registered JMX Bean with object name Ratis:service=RaftServer,group=group-5FB281D0B7DF,id=1f0488a2-65bc-428d-860c-6fd661d7f0ca
2019-08-03 03:40:01,054 INFO  impl.RoleInfo (RoleInfo.java:shutdownLeaderState(104)) - 1f0488a2-65bc-428d-860c-6fd661d7f0ca: shutdown LeaderState
2019-08-03 03:40:01,053 INFO  util.JmxRegister (JmxRegister.java:unregister(73)) - Successfully un-registered JMX Bean with object name Ratis:service=RaftServer,group=group-F02CED627A44,id=1c872a75-9c86-4745-88b3-464e5192de7a
2019-08-03 03:40:01,054 INFO  impl.PendingRequests (PendingRequests.java:sendNotLeaderResponses(202)) - 1f0488a2-65bc-428d-860c-6fd661d7f0ca-PendingRequests: sendNotLeaderResponses
2019-08-03 03:40:01,055 INFO  impl.RoleInfo (RoleInfo.java:shutdownLeaderState(104)) - 1c872a75-9c86-4745-88b3-464e5192de7a: shutdown LeaderState
2019-08-03 03:40:01,055 INFO  impl.StateMachineUpdater (StateMachineUpdater.java:stopAndJoin(115)) - StateMachineUpdater:1f0488a2-65bc-428d-860c-6fd661d7f0ca:group-5FB281D0B7DF: set stopIndex = 0
2019-08-03 03:40:01,056 INFO  impl.RaftServerImpl (ServerState.java:close(394)) - 1f0488a2-65bc-428d-860c-6fd661d7f0ca:group-5FB281D0B7DF closes. The last applied log index is 0
2019-08-03 03:40:01,055 INFO  impl.PendingRequests (PendingRequests.java:sendNotLeaderResponses(202)) - 1c872a75-9c86-4745-88b3-464e5192de7a-PendingRequests: sendNotLeaderResponses
2019-08-03 03:40:01,056 INFO  segmented.SegmentedRaftLogWorker (SegmentedRaftLogWorker.java:run(313)) - 1f0488a2-65bc-428d-860c-6fd661d7f0ca-SegmentedRaftLogWorker:Storage Directory /workdir/hadoop-ozone/integration-test/target/test-dir/MiniOzoneClusterImpl-ba793efa-c700-45ae-b3d7-7588d56d7037/datanode-6/data/ratis/ebcd0d2d-0d72-41f1-a725-5fb281d0b7df was interrupted, exiting. There are 0 tasks remaining in the queue.
2019-08-03 03:40:01,057 INFO  impl.StateMachineUpdater (StateMachineUpdater.java:stopAndJoin(115)) - StateMachineUpdater:1c872a75-9c86-4745-88b3-464e5192de7a:group-F02CED627A44: set stopIndex = 0
2019-08-03 03:40:01,057 INFO  segmented.SegmentedRaftLogWorker (SegmentedRaftLogWorker.java:close(228)) - 1f0488a2-65bc-428d-860c-6fd661d7f0ca-SegmentedRaftLogWorker:Storage Directory /workdir/hadoop-ozone/integration-test/target/test-dir/MiniOzoneClusterImpl-ba793efa-c700-45ae-b3d7-7588d56d7037/datanode-6/data/ratis/ebcd0d2d-0d72-41f1-a725-5fb281d0b7df close()
2019-08-03 03:40:01,057 INFO  impl.RaftServerImpl (ServerState.java:close(394)) - 1c872a75-9c86-4745-88b3-464e5192de7a:group-F02CED627A44 closes. The last applied log index is 0
2019-08-03 03:40:01,060 INFO  server.GrpcService (GrpcService.java:closeImpl(155)) - 1f0488a2-65bc-428d-860c-6fd661d7f0ca: shutdown server with port 46880 now
2019-08-03 03:40:01,060 INFO  segmented.SegmentedRaftLogWorker (SegmentedRaftLogWorker.java:run(313)) - 1c872a75-9c86-4745-88b3-464e5192de7a-SegmentedRaftLogWorker:Storage Directory /workdir/hadoop-ozone/integration-test/target/test-dir/MiniOzoneClusterImpl-ba793efa-c700-45ae-b3d7-7588d56d7037/datanode-5/data/ratis/54d09ebf-29d9-43a4-aa35-f02ced627a44 was interrupted, exiting. There are 0 tasks remaining in the queue.
2019-08-03 03:40:01,062 INFO  server.GrpcService (GrpcService.java:closeImpl(163)) - 1f0488a2-65bc-428d-860c-6fd661d7f0ca: shutdown server with port 46880 successfully
2019-08-03 03:40:01,064 INFO  utils.BackgroundService (BackgroundService.java:shutdown(148)) - Shutting down service BlockDeletingService
2019-08-03 03:40:01,069 INFO  segmented.SegmentedRaftLogWorker (SegmentedRaftLogWorker.java:close(228)) - 1c872a75-9c86-4745-88b3-464e5192de7a-SegmentedRaftLogWorker:Storage Directory /workdir/hadoop-ozone/integration-test/target/test-dir/MiniOzoneClusterImpl-ba793efa-c700-45ae-b3d7-7588d56d7037/datanode-5/data/ratis/54d09ebf-29d9-43a4-aa35-f02ced627a44 close()
2019-08-03 03:40:01,071 WARN  fs.CachingGetSpaceUsed (CachingGetSpaceUsed.java:run(183)) - Thread Interrupted waiting to refresh disk information: sleep interrupted
2019-08-03 03:40:01,071 INFO  impl.RaftServerImpl (RaftServerImpl.java:lambda$shutdown$3(245)) - 1c872a75-9c86-4745-88b3-464e5192de7a: shutdown group-145E3D1A1685
2019-08-03 03:40:01,073 INFO  util.JmxRegister (JmxRegister.java:unregister(73)) - Successfully un-registered JMX Bean with object name Ratis:service=RaftServer,group=group-145E3D1A1685,id=1c872a75-9c86-4745-88b3-464e5192de7a
2019-08-03 03:40:01,073 INFO  impl.RoleInfo (RoleInfo.java:shutdownLeaderState(104)) - 1c872a75-9c86-4745-88b3-464e5192de7a: shutdown LeaderState
2019-08-03 03:40:01,076 WARN  server.GrpcLogAppender (GrpcLogAppender.java:mayWait(143)) - GrpcLogAppender(1c872a75-9c86-4745-88b3-464e5192de7a->144b7e8f-f123-4693-b674-64fe6260ef49): Wait interrupted by java.lang.InterruptedException
2019-08-03 03:40:01,076 INFO  impl.PendingRequests (PendingRequests.java:sendNotLeaderResponses(202)) - 1c872a75-9c86-4745-88b3-464e5192de7a-PendingRequests: sendNotLeaderResponses
2019-08-03 03:40:01,076 WARN  server.GrpcLogAppender (GrpcLogAppender.java:mayWait(143)) - GrpcLogAppender(1c872a75-9c86-4745-88b3-464e5192de7a->2f1dc277-5799-4794-ae47-954d43e96421): Wait interrupted by java.lang.InterruptedException
2019-08-03 03:40:01,079 INFO  impl.StateMachineUpdater (StateMachineUpdater.java:stopAndJoin(115)) - StateMachineUpdater:1c872a75-9c86-4745-88b3-464e5192de7a:group-145E3D1A1685: set stopIndex = 17
2019-08-03 03:40:01,079 INFO  ratis.ContainerStateMachine (ContainerStateMachine.java:takeSnapshot(262)) - group-145E3D1A1685: Taking a snapshot at:(t:1, i:17) file /workdir/hadoop-ozone/integration-test/target/test-dir/MiniOzoneClusterImpl-ba793efa-c700-45ae-b3d7-7588d56d7037/datanode-5/data/ratis/75a2fa92-5d3b-48f6-bd11-145e3d1a1685/sm/snapshot.1_17
2019-08-03 03:40:01,083 INFO  ratis.ContainerStateMachine (ContainerStateMachine.java:takeSnapshot(273)) - group-145E3D1A1685: Finished taking a snapshot at:(t:1, i:17) file:/workdir/hadoop-ozone/integration-test/target/test-dir/MiniOzoneClusterImpl-ba793efa-c700-45ae-b3d7-7588d56d7037/datanode-5/data/ratis/75a2fa92-5d3b-48f6-bd11-145e3d1a1685/sm/snapshot.1_17 time:4
2019-08-03 03:40:01,083 INFO  impl.StateMachineUpdater (StateMachineUpdater.java:takeSnapshot(242)) - StateMachineUpdater:1c872a75-9c86-4745-88b3-464e5192de7a:group-145E3D1A1685: Took a snapshot at index 17
2019-08-03 03:40:01,083 INFO  impl.StateMachineUpdater (StateMachineUpdater.java:lambda$new$0(80)) - StateMachineUpdater:1c872a75-9c86-4745-88b3-464e5192de7a:group-145E3D1A1685: snapshotIndex: updateIncreasingly -1 -> 17
2019-08-03 03:40:01,084 INFO  impl.RaftServerImpl (ServerState.java:close(394)) - 1c872a75-9c86-4745-88b3-464e5192de7a:group-145E3D1A1685 closes. The last applied log index is 17
2019-08-03 03:40:01,084 INFO  segmented.SegmentedRaftLogWorker (SegmentedRaftLogWorker.java:run(313)) - 1c872a75-9c86-4745-88b3-464e5192de7a-SegmentedRaftLogWorker:Storage Directory /workdir/hadoop-ozone/integration-test/target/test-dir/MiniOzoneClusterImpl-ba793efa-c700-45ae-b3d7-7588d56d7037/datanode-5/data/ratis/75a2fa92-5d3b-48f6-bd11-145e3d1a1685 was interrupted, exiting. There are 0 tasks remaining in the queue.
2019-08-03 03:40:01,084 INFO  segmented.SegmentedRaftLogWorker (SegmentedRaftLogWorker.java:close(228)) - 1c872a75-9c86-4745-88b3-464e5192de7a-SegmentedRaftLogWorker:Storage Directory /workdir/hadoop-ozone/integration-test/target/test-dir/MiniOzoneClusterImpl-ba793efa-c700-45ae-b3d7-7588d56d7037/datanode-5/data/ratis/75a2fa92-5d3b-48f6-bd11-145e3d1a1685 close()
2019-08-03 03:40:01,086 INFO  server.GrpcService (GrpcService.java:closeImpl(155)) - 1c872a75-9c86-4745-88b3-464e5192de7a: shutdown server with port 32969 now
2019-08-03 03:40:01,088 WARN  client.GrpcClientProtocolService (LogUtils.java:warn(134)) - 1-UnorderedRequestStreamObserver1: onError: org.apache.ratis.thirdparty.io.grpc.StatusRuntimeException: CANCELLED: cancelled before receiving half close
2019-08-03 03:40:01,090 INFO  server.GrpcService (GrpcService.java:closeImpl(163)) - 1c872a75-9c86-4745-88b3-464e5192de7a: shutdown server with port 32969 successfully
2019-08-03 03:40:01,091 INFO  utils.BackgroundService (BackgroundService.java:shutdown(148)) - Shutting down service BlockDeletingService
2019-08-03 03:40:01,095 WARN  fs.CachingGetSpaceUsed (CachingGetSpaceUsed.java:run(183)) - Thread Interrupted waiting to refresh disk information: sleep interrupted
2019-08-03 03:40:01,101 INFO  statemachine.DatanodeStateMachine (DatanodeStateMachine.java:stopDaemon(395)) - Ozone container server stopped.
2019-08-03 03:40:01,115 INFO  statemachine.DatanodeStateMachine (DatanodeStateMachine.java:stopDaemon(395)) - Ozone container server stopped.
2019-08-03 03:40:01,115 INFO  handler.ContextHandler (ContextHandler.java:doStop(910)) - Stopped o.e.j.w.WebAppContext@3edc999f{/,null,UNAVAILABLE}{/hddsDatanode}
2019-08-03 03:40:01,119 INFO  handler.ContextHandler (ContextHandler.java:doStop(910)) - Stopped o.e.j.w.WebAppContext@375f276e{/,null,UNAVAILABLE}{/hddsDatanode}
2019-08-03 03:40:01,120 INFO  server.AbstractConnector (AbstractConnector.java:doStop(318)) - Stopped ServerConnector@cb03360{HTTP/1.1,[http/1.1]}{0.0.0.0:0}
2019-08-03 03:40:01,121 INFO  server.AbstractConnector (AbstractConnector.java:doStop(318)) - Stopped ServerConnector@297bbd41{HTTP/1.1,[http/1.1]}{0.0.0.0:0}
2019-08-03 03:40:01,121 INFO  handler.ContextHandler (ContextHandler.java:doStop(910)) - Stopped o.e.j.s.ServletContextHandler@58de1da2{/static,jar:file:/home/user/.m2/repository/org/apache/hadoop/hadoop-hdds-container-service/0.4.1-SNAPSHOT/hadoop-hdds-container-service-0.4.1-SNAPSHOT.jar!/webapps/static,UNAVAILABLE}
2019-08-03 03:40:01,122 INFO  handler.ContextHandler (ContextHandler.java:doStop(910)) - Stopped o.e.j.s.ServletContextHandler@5ce34685{/static,jar:file:/home/user/.m2/repository/org/apache/hadoop/hadoop-hdds-container-service/0.4.1-SNAPSHOT/hadoop-hdds-container-service-0.4.1-SNAPSHOT.jar!/webapps/static,UNAVAILABLE}
2019-08-03 03:40:01,122 INFO  handler.ContextHandler (ContextHandler.java:doStop(910)) - Stopped o.e.j.s.ServletContextHandler@6affa355{/logs,file:///workdir/hadoop-ozone/integration-test/target/log,UNAVAILABLE}
2019-08-03 03:40:01,123 INFO  handler.ContextHandler (ContextHandler.java:doStop(910)) - Stopped o.e.j.s.ServletContextHandler@261d7ee2{/logs,file:///workdir/hadoop-ozone/integration-test/target/log,UNAVAILABLE}
2019-08-03 03:40:01,125 INFO  ozone.MiniOzoneClusterImpl (MiniOzoneClusterImpl.java:stop(353)) - Stopping the StorageContainerManager
2019-08-03 03:40:01,125 INFO  server.StorageContainerManager (StorageContainerManager.java:stop(796)) - Stopping Replication Manager Service.
2019-08-03 03:40:01,125 INFO  container.ReplicationManager (ReplicationManager.java:stop(187)) - Stopping Replication Monitor Thread.
2019-08-03 03:40:01,126 INFO  server.StorageContainerManager (StorageContainerManager.java:stop(803)) - Stopping Lease Manager of the command watchers
2019-08-03 03:40:01,126 INFO  server.StorageContainerManager (StorageContainerManager.java:stop(810)) - Stopping datanode service RPC server
2019-08-03 03:40:01,126 INFO  server.SCMDatanodeProtocolServer (SCMDatanodeProtocolServer.java:stop(367)) - Stopping the RPC server for DataNodes
2019-08-03 03:40:01,126 INFO  ipc.Server (Server.java:stop(3082)) - Stopping server on 46336
2019-08-03 03:40:01,129 INFO  ipc.Server (Server.java:run(1185)) - Stopping IPC Server listener on 46336
2019-08-03 03:40:01,129 INFO  ipc.Server (Server.java:run(1319)) - Stopping IPC Server Responder
2019-08-03 03:40:01,193 WARN  node.NodeStateManager (NodeStateManager.java:scheduleNextHealthCheck(631)) - Current Thread is interrupted, shutting down HB processing thread for Node Manager.
2019-08-03 03:40:01,194 INFO  server.StorageContainerManager (StorageContainerManager.java:stop(818)) - Stopping block service RPC server
2019-08-03 03:40:01,194 INFO  server.SCMBlockProtocolServer (SCMBlockProtocolServer.java:stop(148)) - Stopping the RPC server for Block Protocol
2019-08-03 03:40:01,194 INFO  ipc.Server (Server.java:stop(3082)) - Stopping server on 43971
2019-08-03 03:40:01,196 INFO  ipc.Server (Server.java:run(1185)) - Stopping IPC Server listener on 43971
2019-08-03 03:40:01,196 INFO  server.StorageContainerManager (StorageContainerManager.java:stop(825)) - Stopping the StorageContainerLocationProtocol RPC server
2019-08-03 03:40:01,197 INFO  server.SCMClientProtocolServer (SCMClientProtocolServer.java:stop(159)) - Stopping the RPC server for Client Protocol
2019-08-03 03:40:01,197 INFO  ipc.Server (Server.java:run(1319)) - Stopping IPC Server Responder
2019-08-03 03:40:01,197 INFO  ipc.Server (Server.java:stop(3082)) - Stopping server on 37969
2019-08-03 03:40:01,199 INFO  ipc.Server (Server.java:run(1185)) - Stopping IPC Server listener on 37969
2019-08-03 03:40:01,199 INFO  server.StorageContainerManager (StorageContainerManager.java:stop(832)) - Stopping Storage Container Manager HTTP server.
2019-08-03 03:40:01,200 INFO  handler.ContextHandler (ContextHandler.java:doStop(910)) - Stopped o.e.j.w.WebAppContext@6ae55678{/,null,UNAVAILABLE}{/scm}
2019-08-03 03:40:01,200 INFO  ipc.Server (Server.java:run(1319)) - Stopping IPC Server Responder
2019-08-03 03:40:01,201 INFO  server.AbstractConnector (AbstractConnector.java:doStop(318)) - Stopped ServerConnector@4bc75792{HTTP/1.1,[http/1.1]}{0.0.0.0:0}
2019-08-03 03:40:01,201 INFO  handler.ContextHandler (ContextHandler.java:doStop(910)) - Stopped o.e.j.s.ServletContextHandler@648c80cb{/static,file:///workdir/hadoop-ozone/integration-test/target/test-classes/webapps/static,UNAVAILABLE}
2019-08-03 03:40:01,202 INFO  handler.ContextHandler (ContextHandler.java:doStop(910)) - Stopped o.e.j.s.ServletContextHandler@7fe40b9f{/logs,file:///workdir/hadoop-ozone/integration-test/target/log,UNAVAILABLE}
2019-08-03 03:40:01,203 INFO  server.StorageContainerManager (StorageContainerManager.java:stop(843)) - Stopping Block Manager Service.
2019-08-03 03:40:01,203 INFO  utils.BackgroundService (BackgroundService.java:shutdown(148)) - Shutting down service SCMBlockDeletingService
2019-08-03 03:40:01,203 INFO  utils.BackgroundService (BackgroundService.java:shutdown(148)) - Shutting down service SCMBlockDeletingService
2019-08-03 03:40:01,204 INFO  server.StorageContainerManager (StorageContainerManager.java:stop(865)) - Stopping SCM Event Queue.
2019-08-03 03:40:01,208 INFO  impl.MetricsSystemImpl (MetricsSystemImpl.java:stop(210)) - Stopping HddsDatanode metrics system...
2019-08-03 03:40:01,218 INFO  impl.MetricsSystemImpl (MetricsSystemImpl.java:stop(216)) - HddsDatanode metrics system stopped.
]]></system-out>
    <system-err><![CDATA[Aug 03, 2019 3:39:20 AM com.sun.jersey.server.impl.application.WebApplicationImpl _initiate
INFO: Initiating Jersey application, version 'Jersey: 1.19 02/11/2015 03:25 AM'
Aug 03, 2019 3:39:20 AM com.sun.jersey.server.impl.application.WebApplicationImpl _initiate
INFO: Initiating Jersey application, version 'Jersey: 1.19 02/11/2015 03:25 AM'
Aug 03, 2019 3:39:20 AM com.sun.jersey.server.impl.application.WebApplicationImpl _initiate
INFO: Initiating Jersey application, version 'Jersey: 1.19 02/11/2015 03:25 AM'
Aug 03, 2019 3:39:21 AM com.sun.jersey.server.impl.application.WebApplicationImpl _initiate
INFO: Initiating Jersey application, version 'Jersey: 1.19 02/11/2015 03:25 AM'
Aug 03, 2019 3:39:21 AM com.sun.jersey.server.impl.application.WebApplicationImpl _initiate
INFO: Initiating Jersey application, version 'Jersey: 1.19 02/11/2015 03:25 AM'
Aug 03, 2019 3:39:21 AM com.sun.jersey.server.impl.application.WebApplicationImpl _initiate
INFO: Initiating Jersey application, version 'Jersey: 1.19 02/11/2015 03:25 AM'
Aug 03, 2019 3:39:21 AM com.sun.jersey.server.impl.application.WebApplicationImpl _initiate
INFO: Initiating Jersey application, version 'Jersey: 1.19 02/11/2015 03:25 AM'
Aug 03, 2019 3:39:24 AM org.apache.ratis.thirdparty.io.grpc.internal.ManagedChannelOrphanWrapper$ManagedChannelReference cleanQueue
SEVERE: *~*~*~ Channel ManagedChannelImpl{logId=2567, target=192.168.5.147:32968} was not shutdown properly!!! ~*~*~*
    Make sure to call shutdown()/shutdownNow() and wait until awaitTermination() returns true.
java.lang.RuntimeException: ManagedChannel allocation site
	at org.apache.ratis.thirdparty.io.grpc.internal.ManagedChannelOrphanWrapper$ManagedChannelReference.<init>(ManagedChannelOrphanWrapper.java:103)
	at org.apache.ratis.thirdparty.io.grpc.internal.ManagedChannelOrphanWrapper.<init>(ManagedChannelOrphanWrapper.java:53)
	at org.apache.ratis.thirdparty.io.grpc.internal.ManagedChannelOrphanWrapper.<init>(ManagedChannelOrphanWrapper.java:44)
	at org.apache.ratis.thirdparty.io.grpc.internal.AbstractManagedChannelImplBuilder.build(AbstractManagedChannelImplBuilder.java:411)
	at org.apache.ratis.grpc.client.GrpcClientProtocolClient.<init>(GrpcClientProtocolClient.java:119)
	at org.apache.ratis.grpc.client.GrpcClientRpc.lambda$new$0(GrpcClientRpc.java:55)
	at org.apache.ratis.util.PeerProxyMap$PeerAndProxy.lambda$getProxy$0(PeerProxyMap.java:61)
	at org.apache.ratis.util.LifeCycle.startAndTransition(LifeCycle.java:202)
	at org.apache.ratis.util.PeerProxyMap$PeerAndProxy.getProxy(PeerProxyMap.java:60)
	at org.apache.ratis.util.PeerProxyMap.getProxy(PeerProxyMap.java:107)
	at org.apache.ratis.grpc.client.GrpcClientRpc.sendRequestAsync(GrpcClientRpc.java:66)
	at org.apache.ratis.client.impl.OrderedAsync.sendRequest(OrderedAsync.java:208)
	at org.apache.ratis.client.impl.OrderedAsync.sendRequestWithRetry(OrderedAsync.java:169)
	at org.apache.ratis.util.SlidingWindow$Client.sendOrDelayRequest(SlidingWindow.java:278)
	at org.apache.ratis.util.SlidingWindow$Client.retry(SlidingWindow.java:294)
	at org.apache.ratis.client.impl.OrderedAsync.lambda$scheduleWithTimeout$7(OrderedAsync.java:195)
	at org.apache.ratis.util.TimeoutScheduler.lambda$onTimeout$0(TimeoutScheduler.java:85)
	at org.apache.ratis.util.TimeoutScheduler.lambda$onTimeout$1(TimeoutScheduler.java:104)
	at org.apache.ratis.util.LogUtils.runAndLog(LogUtils.java:50)
	at org.apache.ratis.util.LogUtils$1.run(LogUtils.java:91)
	at java.util.concurrent.Executors$RunnableAdapter.call(Executors.java:511)
	at java.util.concurrent.FutureTask.run(FutureTask.java:266)
	at java.util.concurrent.ScheduledThreadPoolExecutor$ScheduledFutureTask.access$201(ScheduledThreadPoolExecutor.java:180)
	at java.util.concurrent.ScheduledThreadPoolExecutor$ScheduledFutureTask.run(ScheduledThreadPoolExecutor.java:293)
	at java.util.concurrent.ThreadPoolExecutor.runWorker(ThreadPoolExecutor.java:1149)
	at java.util.concurrent.ThreadPoolExecutor$Worker.run(ThreadPoolExecutor.java:624)
	at java.lang.Thread.run(Thread.java:748)

Aug 03, 2019 3:39:24 AM org.apache.ratis.thirdparty.io.grpc.internal.ManagedChannelOrphanWrapper$ManagedChannelReference cleanQueue
SEVERE: *~*~*~ Channel ManagedChannelImpl{logId=2577, target=192.168.5.147:37063} was not shutdown properly!!! ~*~*~*
    Make sure to call shutdown()/shutdownNow() and wait until awaitTermination() returns true.
java.lang.RuntimeException: ManagedChannel allocation site
	at org.apache.ratis.thirdparty.io.grpc.internal.ManagedChannelOrphanWrapper$ManagedChannelReference.<init>(ManagedChannelOrphanWrapper.java:103)
	at org.apache.ratis.thirdparty.io.grpc.internal.ManagedChannelOrphanWrapper.<init>(ManagedChannelOrphanWrapper.java:53)
	at org.apache.ratis.thirdparty.io.grpc.internal.ManagedChannelOrphanWrapper.<init>(ManagedChannelOrphanWrapper.java:44)
	at org.apache.ratis.thirdparty.io.grpc.internal.AbstractManagedChannelImplBuilder.build(AbstractManagedChannelImplBuilder.java:411)
	at org.apache.hadoop.hdds.scm.XceiverClientGrpc.connectToDatanode(XceiverClientGrpc.java:174)
	at org.apache.hadoop.hdds.scm.XceiverClientGrpc.reconnect(XceiverClientGrpc.java:422)
	at org.apache.hadoop.hdds.scm.XceiverClientGrpc.sendCommandAsync(XceiverClientGrpc.java:371)
	at org.apache.hadoop.hdds.scm.XceiverClientGrpc.sendCommandWithRetry(XceiverClientGrpc.java:284)
	at org.apache.hadoop.hdds.scm.XceiverClientGrpc.sendCommandWithTraceIDAndRetry(XceiverClientGrpc.java:250)
	at org.apache.hadoop.hdds.scm.XceiverClientGrpc.sendCommand(XceiverClientGrpc.java:233)
	at org.apache.hadoop.hdds.scm.storage.ContainerProtocolCalls.getBlock(ContainerProtocolCalls.java:118)
	at org.apache.hadoop.hdds.scm.storage.BlockInputStream.getChunkInfos(BlockInputStream.java:167)
	at org.apache.hadoop.hdds.scm.storage.BlockInputStream.initialize(BlockInputStream.java:118)
	at org.apache.hadoop.hdds.scm.storage.BlockInputStream.read(BlockInputStream.java:222)
	at org.apache.hadoop.ozone.client.io.KeyInputStream.read(KeyInputStream.java:171)
	at org.apache.hadoop.ozone.client.io.OzoneInputStream.read(OzoneInputStream.java:47)
	at java.io.InputStream.read(InputStream.java:101)
	at org.apache.hadoop.ozone.container.ContainerTestHelper.validateData(ContainerTestHelper.java:709)
	at org.apache.hadoop.ozone.client.rpc.TestBlockOutputStreamWithFailures.validateData(TestBlockOutputStreamWithFailures.java:1212)
	at org.apache.hadoop.ozone.client.rpc.TestBlockOutputStreamWithFailures.testWatchForCommitWithSingleNodeRatis(TestBlockOutputStreamWithFailures.java:914)
	at sun.reflect.NativeMethodAccessorImpl.invoke0(Native Method)
	at sun.reflect.NativeMethodAccessorImpl.invoke(NativeMethodAccessorImpl.java:62)
	at sun.reflect.DelegatingMethodAccessorImpl.invoke(DelegatingMethodAccessorImpl.java:43)
	at java.lang.reflect.Method.invoke(Method.java:498)
	at org.junit.runners.model.FrameworkMethod$1.runReflectiveCall(FrameworkMethod.java:47)
	at org.junit.internal.runners.model.ReflectiveCallable.run(ReflectiveCallable.java:12)
	at org.junit.runners.model.FrameworkMethod.invokeExplosively(FrameworkMethod.java:44)
	at org.junit.internal.runners.statements.InvokeMethod.evaluate(InvokeMethod.java:17)
	at org.junit.internal.runners.statements.RunBefores.evaluate(RunBefores.java:26)
	at org.junit.internal.runners.statements.RunAfters.evaluate(RunAfters.java:27)
	at org.junit.runners.ParentRunner.runLeaf(ParentRunner.java:271)
	at org.junit.runners.BlockJUnit4ClassRunner.runChild(BlockJUnit4ClassRunner.java:70)
	at org.junit.runners.BlockJUnit4ClassRunner.runChild(BlockJUnit4ClassRunner.java:50)
	at org.junit.runners.ParentRunner$3.run(ParentRunner.java:238)
	at org.junit.runners.ParentRunner$1.schedule(ParentRunner.java:63)
	at org.junit.runners.ParentRunner.runChildren(ParentRunner.java:236)
	at org.junit.runners.ParentRunner.access$000(ParentRunner.java:53)
	at org.junit.runners.ParentRunner$2.evaluate(ParentRunner.java:229)
	at org.junit.runners.ParentRunner.run(ParentRunner.java:309)
	at org.apache.maven.surefire.junit4.JUnit4Provider.execute(JUnit4Provider.java:365)
	at org.apache.maven.surefire.junit4.JUnit4Provider.executeWithRerun(JUnit4Provider.java:273)
	at org.apache.maven.surefire.junit4.JUnit4Provider.executeTestSet(JUnit4Provider.java:238)
	at org.apache.maven.surefire.junit4.JUnit4Provider.invoke(JUnit4Provider.java:159)
	at org.apache.maven.surefire.booter.ForkedBooter.invokeProviderInSameClassLoader(ForkedBooter.java:384)
	at org.apache.maven.surefire.booter.ForkedBooter.runSuitesInProcess(ForkedBooter.java:345)
	at org.apache.maven.surefire.booter.ForkedBooter.execute(ForkedBooter.java:126)
	at org.apache.maven.surefire.booter.ForkedBooter.main(ForkedBooter.java:418)

Aug 03, 2019 3:39:24 AM org.apache.ratis.thirdparty.io.grpc.internal.ManagedChannelOrphanWrapper$ManagedChannelReference cleanQueue
SEVERE: *~*~*~ Channel ManagedChannelImpl{logId=2582, target=192.168.5.147:34682} was not shutdown properly!!! ~*~*~*
    Make sure to call shutdown()/shutdownNow() and wait until awaitTermination() returns true.
java.lang.RuntimeException: ManagedChannel allocation site
	at org.apache.ratis.thirdparty.io.grpc.internal.ManagedChannelOrphanWrapper$ManagedChannelReference.<init>(ManagedChannelOrphanWrapper.java:103)
	at org.apache.ratis.thirdparty.io.grpc.internal.ManagedChannelOrphanWrapper.<init>(ManagedChannelOrphanWrapper.java:53)
	at org.apache.ratis.thirdparty.io.grpc.internal.ManagedChannelOrphanWrapper.<init>(ManagedChannelOrphanWrapper.java:44)
	at org.apache.ratis.thirdparty.io.grpc.internal.AbstractManagedChannelImplBuilder.build(AbstractManagedChannelImplBuilder.java:411)
	at org.apache.hadoop.hdds.scm.XceiverClientGrpc.connectToDatanode(XceiverClientGrpc.java:174)
	at org.apache.hadoop.hdds.scm.XceiverClientGrpc.reconnect(XceiverClientGrpc.java:422)
	at org.apache.hadoop.hdds.scm.XceiverClientGrpc.sendCommandAsync(XceiverClientGrpc.java:371)
	at org.apache.hadoop.hdds.scm.XceiverClientGrpc.sendCommandWithRetry(XceiverClientGrpc.java:284)
	at org.apache.hadoop.hdds.scm.XceiverClientGrpc.sendCommandWithTraceIDAndRetry(XceiverClientGrpc.java:250)
	at org.apache.hadoop.hdds.scm.XceiverClientGrpc.sendCommand(XceiverClientGrpc.java:233)
	at org.apache.hadoop.hdds.scm.storage.ContainerProtocolCalls.getBlock(ContainerProtocolCalls.java:118)
	at org.apache.hadoop.hdds.scm.storage.BlockInputStream.getChunkInfos(BlockInputStream.java:167)
	at org.apache.hadoop.hdds.scm.storage.BlockInputStream.initialize(BlockInputStream.java:118)
	at org.apache.hadoop.hdds.scm.storage.BlockInputStream.read(BlockInputStream.java:222)
	at org.apache.hadoop.ozone.client.io.KeyInputStream.read(KeyInputStream.java:171)
	at org.apache.hadoop.ozone.client.io.OzoneInputStream.read(OzoneInputStream.java:47)
	at java.io.InputStream.read(InputStream.java:101)
	at org.apache.hadoop.ozone.container.ContainerTestHelper.validateData(ContainerTestHelper.java:709)
	at org.apache.hadoop.ozone.client.rpc.TestBlockOutputStreamWithFailures.validateData(TestBlockOutputStreamWithFailures.java:1212)
	at org.apache.hadoop.ozone.client.rpc.TestBlockOutputStreamWithFailures.testWatchForCommitWithSingleNodeRatis(TestBlockOutputStreamWithFailures.java:914)
	at sun.reflect.NativeMethodAccessorImpl.invoke0(Native Method)
	at sun.reflect.NativeMethodAccessorImpl.invoke(NativeMethodAccessorImpl.java:62)
	at sun.reflect.DelegatingMethodAccessorImpl.invoke(DelegatingMethodAccessorImpl.java:43)
	at java.lang.reflect.Method.invoke(Method.java:498)
	at org.junit.runners.model.FrameworkMethod$1.runReflectiveCall(FrameworkMethod.java:47)
	at org.junit.internal.runners.model.ReflectiveCallable.run(ReflectiveCallable.java:12)
	at org.junit.runners.model.FrameworkMethod.invokeExplosively(FrameworkMethod.java:44)
	at org.junit.internal.runners.statements.InvokeMethod.evaluate(InvokeMethod.java:17)
	at org.junit.internal.runners.statements.RunBefores.evaluate(RunBefores.java:26)
	at org.junit.internal.runners.statements.RunAfters.evaluate(RunAfters.java:27)
	at org.junit.runners.ParentRunner.runLeaf(ParentRunner.java:271)
	at org.junit.runners.BlockJUnit4ClassRunner.runChild(BlockJUnit4ClassRunner.java:70)
	at org.junit.runners.BlockJUnit4ClassRunner.runChild(BlockJUnit4ClassRunner.java:50)
	at org.junit.runners.ParentRunner$3.run(ParentRunner.java:238)
	at org.junit.runners.ParentRunner$1.schedule(ParentRunner.java:63)
	at org.junit.runners.ParentRunner.runChildren(ParentRunner.java:236)
	at org.junit.runners.ParentRunner.access$000(ParentRunner.java:53)
	at org.junit.runners.ParentRunner$2.evaluate(ParentRunner.java:229)
	at org.junit.runners.ParentRunner.run(ParentRunner.java:309)
	at org.apache.maven.surefire.junit4.JUnit4Provider.execute(JUnit4Provider.java:365)
	at org.apache.maven.surefire.junit4.JUnit4Provider.executeWithRerun(JUnit4Provider.java:273)
	at org.apache.maven.surefire.junit4.JUnit4Provider.executeTestSet(JUnit4Provider.java:238)
	at org.apache.maven.surefire.junit4.JUnit4Provider.invoke(JUnit4Provider.java:159)
	at org.apache.maven.surefire.booter.ForkedBooter.invokeProviderInSameClassLoader(ForkedBooter.java:384)
	at org.apache.maven.surefire.booter.ForkedBooter.runSuitesInProcess(ForkedBooter.java:345)
	at org.apache.maven.surefire.booter.ForkedBooter.execute(ForkedBooter.java:126)
	at org.apache.maven.surefire.booter.ForkedBooter.main(ForkedBooter.java:418)

Aug 03, 2019 3:39:24 AM org.apache.ratis.thirdparty.io.grpc.internal.ManagedChannelOrphanWrapper$ManagedChannelReference cleanQueue
SEVERE: *~*~*~ Channel ManagedChannelImpl{logId=2572, target=192.168.5.147:45928} was not shutdown properly!!! ~*~*~*
    Make sure to call shutdown()/shutdownNow() and wait until awaitTermination() returns true.
java.lang.RuntimeException: ManagedChannel allocation site
	at org.apache.ratis.thirdparty.io.grpc.internal.ManagedChannelOrphanWrapper$ManagedChannelReference.<init>(ManagedChannelOrphanWrapper.java:103)
	at org.apache.ratis.thirdparty.io.grpc.internal.ManagedChannelOrphanWrapper.<init>(ManagedChannelOrphanWrapper.java:53)
	at org.apache.ratis.thirdparty.io.grpc.internal.ManagedChannelOrphanWrapper.<init>(ManagedChannelOrphanWrapper.java:44)
	at org.apache.ratis.thirdparty.io.grpc.internal.AbstractManagedChannelImplBuilder.build(AbstractManagedChannelImplBuilder.java:411)
	at org.apache.ratis.grpc.client.GrpcClientProtocolClient.<init>(GrpcClientProtocolClient.java:119)
	at org.apache.ratis.grpc.client.GrpcClientRpc.lambda$new$0(GrpcClientRpc.java:55)
	at org.apache.ratis.util.PeerProxyMap$PeerAndProxy.lambda$getProxy$0(PeerProxyMap.java:61)
	at org.apache.ratis.util.LifeCycle.startAndTransition(LifeCycle.java:202)
	at org.apache.ratis.util.PeerProxyMap$PeerAndProxy.getProxy(PeerProxyMap.java:60)
	at org.apache.ratis.util.PeerProxyMap.getProxy(PeerProxyMap.java:107)
	at org.apache.ratis.grpc.client.GrpcClientRpc.sendRequestAsync(GrpcClientRpc.java:66)
	at org.apache.ratis.client.impl.OrderedAsync.sendRequest(OrderedAsync.java:208)
	at org.apache.ratis.client.impl.OrderedAsync.sendRequestWithRetry(OrderedAsync.java:169)
	at org.apache.ratis.util.SlidingWindow$Client.sendOrDelayRequest(SlidingWindow.java:278)
	at org.apache.ratis.util.SlidingWindow$Client.submitNewRequest(SlidingWindow.java:257)
	at org.apache.ratis.client.impl.OrderedAsync.send(OrderedAsync.java:155)
	at org.apache.ratis.client.impl.RaftClientImpl.sendAsync(RaftClientImpl.java:145)
	at org.apache.ratis.client.impl.RaftClientImpl.sendAsync(RaftClientImpl.java:125)
	at org.apache.hadoop.hdds.scm.XceiverClientRatis.sendRequestAsync(XceiverClientRatis.java:224)
	at org.apache.hadoop.hdds.scm.XceiverClientRatis.sendCommandAsync(XceiverClientRatis.java:302)
	at org.apache.hadoop.hdds.scm.storage.ContainerProtocolCalls.writeChunkAsync(ContainerProtocolCalls.java:310)
	at org.apache.hadoop.hdds.scm.storage.BlockOutputStream.writeChunkToContainer(BlockOutputStream.java:601)
	at org.apache.hadoop.hdds.scm.storage.BlockOutputStream.writeChunk(BlockOutputStream.java:459)
	at org.apache.hadoop.hdds.scm.storage.BlockOutputStream.writeOnRetry(BlockOutputStream.java:285)
	at org.apache.hadoop.ozone.client.io.BlockOutputStreamEntry.writeOnRetry(BlockOutputStreamEntry.java:200)
	at org.apache.hadoop.ozone.client.io.KeyOutputStream.handleWrite(KeyOutputStream.java:209)
	at org.apache.hadoop.ozone.client.io.KeyOutputStream.handleRetry(KeyOutputStream.java:376)
	at org.apache.hadoop.ozone.client.io.KeyOutputStream.handleException(KeyOutputStream.java:325)
	at org.apache.hadoop.ozone.client.io.KeyOutputStream.handleFlushOrClose(KeyOutputStream.java:448)
	at org.apache.hadoop.ozone.client.io.KeyOutputStream.handleWrite(KeyOutputStream.java:235)
	at org.apache.hadoop.ozone.client.io.KeyOutputStream.write(KeyOutputStream.java:193)
	at org.apache.hadoop.ozone.client.io.OzoneOutputStream.write(OzoneOutputStream.java:49)
	at java.io.OutputStream.write(OutputStream.java:75)
	at org.apache.hadoop.ozone.client.rpc.TestBlockOutputStreamWithFailures.testWatchForCommitWithSingleNodeRatis(TestBlockOutputStreamWithFailures.java:881)
	at sun.reflect.NativeMethodAccessorImpl.invoke0(Native Method)
	at sun.reflect.NativeMethodAccessorImpl.invoke(NativeMethodAccessorImpl.java:62)
	at sun.reflect.DelegatingMethodAccessorImpl.invoke(DelegatingMethodAccessorImpl.java:43)
	at java.lang.reflect.Method.invoke(Method.java:498)
	at org.junit.runners.model.FrameworkMethod$1.runReflectiveCall(FrameworkMethod.java:47)
	at org.junit.internal.runners.model.ReflectiveCallable.run(ReflectiveCallable.java:12)
	at org.junit.runners.model.FrameworkMethod.invokeExplosively(FrameworkMethod.java:44)
	at org.junit.internal.runners.statements.InvokeMethod.evaluate(InvokeMethod.java:17)
	at org.junit.internal.runners.statements.RunBefores.evaluate(RunBefores.java:26)
	at org.junit.internal.runners.statements.RunAfters.evaluate(RunAfters.java:27)
	at org.junit.runners.ParentRunner.runLeaf(ParentRunner.java:271)
	at org.junit.runners.BlockJUnit4ClassRunner.runChild(BlockJUnit4ClassRunner.java:70)
	at org.junit.runners.BlockJUnit4ClassRunner.runChild(BlockJUnit4ClassRunner.java:50)
	at org.junit.runners.ParentRunner$3.run(ParentRunner.java:238)
	at org.junit.runners.ParentRunner$1.schedule(ParentRunner.java:63)
	at org.junit.runners.ParentRunner.runChildren(ParentRunner.java:236)
	at org.junit.runners.ParentRunner.access$000(ParentRunner.java:53)
	at org.junit.runners.ParentRunner$2.evaluate(ParentRunner.java:229)
	at org.junit.runners.ParentRunner.run(ParentRunner.java:309)
	at org.apache.maven.surefire.junit4.JUnit4Provider.execute(JUnit4Provider.java:365)
	at org.apache.maven.surefire.junit4.JUnit4Provider.executeWithRerun(JUnit4Provider.java:273)
	at org.apache.maven.surefire.junit4.JUnit4Provider.executeTestSet(JUnit4Provider.java:238)
	at org.apache.maven.surefire.junit4.JUnit4Provider.invoke(JUnit4Provider.java:159)
	at org.apache.maven.surefire.booter.ForkedBooter.invokeProviderInSameClassLoader(ForkedBooter.java:384)
	at org.apache.maven.surefire.booter.ForkedBooter.runSuitesInProcess(ForkedBooter.java:345)
	at org.apache.maven.surefire.booter.ForkedBooter.execute(ForkedBooter.java:126)
	at org.apache.maven.surefire.booter.ForkedBooter.main(ForkedBooter.java:418)

]]></system-err>
  </testcase>
  <testcase name="testFailureWithPrimeSizedData" classname="org.apache.hadoop.ozone.client.rpc.TestBlockOutputStreamWithFailures" time="33.688"/>
  <testcase name="testWatchForCommitWithCloseContainerException" classname="org.apache.hadoop.ozone.client.rpc.TestBlockOutputStreamWithFailures" time="37.388"/>
  <testcase name="testExceptionDuringClose" classname="org.apache.hadoop.ozone.client.rpc.TestBlockOutputStreamWithFailures" time="33.779"/>
</testsuite>