<?xml version="1.0" encoding="UTF-8"?>
<testsuite xmlns:xsi="http://www.w3.org/2001/XMLSchema-instance" xsi:noNamespaceSchemaLocation="https://maven.apache.org/surefire/maven-surefire-plugin/xsd/surefire-test-report.xsd" name="org.apache.hadoop.ozone.TestStorageContainerManager" time="131.564" tests="9" errors="3" skipped="0" failures="1">
  <properties>
    <property name="awt.toolkit" value="sun.awt.X11.XToolkit"/>
    <property name="file.encoding.pkg" value="sun.io"/>
    <property name="java.specification.version" value="1.8"/>
    <property name="sun.cpu.isalist" value=""/>
    <property name="sun.jnu.encoding" value="UTF-8"/>
    <property name="java.class.path" value="/workdir/hadoop-ozone/integration-test/target/test-classes:/workdir/hadoop-ozone/integration-test/target/classes:/home/user/.m2/repository/org/apache/hadoop/hadoop-ozone-common/0.4.1-SNAPSHOT/hadoop-ozone-common-0.4.1-SNAPSHOT.jar:/home/user/.m2/repository/org/apache/commons/commons-compress/1.4.1/commons-compress-1.4.1.jar:/home/user/.m2/repository/org/tukaani/xz/1.0/xz-1.0.jar:/home/user/.m2/repository/org/apache/hadoop/hadoop-common/3.2.0/hadoop-common-3.2.0.jar:/home/user/.m2/repository/org/apache/hadoop/hadoop-hdfs/3.2.0/hadoop-hdfs-3.2.0.jar:/home/user/.m2/repository/org/apache/hadoop/hadoop-hdfs-client/3.2.0/hadoop-hdfs-client-3.2.0.jar:/home/user/.m2/repository/com/fasterxml/jackson/core/jackson-annotations/2.9.5/jackson-annotations-2.9.5.jar:/home/user/.m2/repository/org/apache/hadoop/hadoop-hdds-common/0.4.1-SNAPSHOT/hadoop-hdds-common-0.4.1-SNAPSHOT.jar:/home/user/.m2/repository/javax/annotation/javax.annotation-api/1.2/javax.annotation-api-1.2.jar:/home/user/.m2/repository/org/apache/ratis/ratis-server/0.4.0-2337318-SNAPSHOT/ratis-server-0.4.0-2337318-SNAPSHOT.jar:/home/user/.m2/repository/org/apache/ratis/ratis-thirdparty-misc/0.2.0/ratis-thirdparty-misc-0.2.0.jar:/home/user/.m2/repository/org/apache/ratis/ratis-proto/0.4.0-2337318-SNAPSHOT/ratis-proto-0.4.0-2337318-SNAPSHOT.jar:/home/user/.m2/repository/org/apache/ratis/ratis-common/0.4.0-2337318-SNAPSHOT/ratis-common-0.4.0-2337318-SNAPSHOT.jar:/home/user/.m2/repository/org/apache/ratis/ratis-client/0.4.0-2337318-SNAPSHOT/ratis-client-0.4.0-2337318-SNAPSHOT.jar:/home/user/.m2/repository/org/apache/ratis/ratis-metrics/0.4.0-2337318-SNAPSHOT/ratis-metrics-0.4.0-2337318-SNAPSHOT.jar:/home/user/.m2/repository/org/apache/ratis/ratis-netty/0.4.0-2337318-SNAPSHOT/ratis-netty-0.4.0-2337318-SNAPSHOT.jar:/home/user/.m2/repository/org/apache/ratis/ratis-grpc/0.4.0-2337318-SNAPSHOT/ratis-grpc-0.4.0-2337318-SNAPSHOT.jar:/home/user/.m2/repository/org/rocksdb/rocksdbjni/6.0.1/rocksdbjni-6.0.1.jar:/home/user/.m2/repository/org/apache/logging/log4j/log4j-api/2.11.0/log4j-api-2.11.0.jar:/home/user/.m2/repository/org/apache/logging/log4j/log4j-core/2.11.0/log4j-core-2.11.0.jar:/home/user/.m2/repository/com/lmax/disruptor/3.4.2/disruptor-3.4.2.jar:/home/user/.m2/repository/org/apache/commons/commons-pool2/2.6.0/commons-pool2-2.6.0.jar:/home/user/.m2/repository/org/bouncycastle/bcpkix-jdk15on/1.60/bcpkix-jdk15on-1.60.jar:/home/user/.m2/repository/commons-validator/commons-validator/1.6/commons-validator-1.6.jar:/home/user/.m2/repository/commons-digester/commons-digester/1.8.1/commons-digester-1.8.1.jar:/home/user/.m2/repository/io/jaegertracing/jaeger-client/0.33.1/jaeger-client-0.33.1.jar:/home/user/.m2/repository/io/jaegertracing/jaeger-thrift/0.33.1/jaeger-thrift-0.33.1.jar:/home/user/.m2/repository/org/apache/thrift/libthrift/0.11.0/libthrift-0.11.0.jar:/home/user/.m2/repository/com/squareup/okhttp3/okhttp/3.9.0/okhttp-3.9.0.jar:/home/user/.m2/repository/com/squareup/okio/okio/1.13.0/okio-1.13.0.jar:/home/user/.m2/repository/io/jaegertracing/jaeger-core/0.33.1/jaeger-core-0.33.1.jar:/home/user/.m2/repository/io/jaegertracing/jaeger-tracerresolver/0.33.1/jaeger-tracerresolver-0.33.1.jar:/home/user/.m2/repository/io/opentracing/contrib/opentracing-tracerresolver/0.1.5/opentracing-tracerresolver-0.1.5.jar:/home/user/.m2/repository/io/opentracing/opentracing-util/0.31.0/opentracing-util-0.31.0.jar:/home/user/.m2/repository/io/opentracing/opentracing-api/0.31.0/opentracing-api-0.31.0.jar:/home/user/.m2/repository/io/opentracing/opentracing-noop/0.31.0/opentracing-noop-0.31.0.jar:/home/user/.m2/repository/org/apache/hadoop/hadoop-hdds-server-framework/0.4.1-SNAPSHOT/hadoop-hdds-server-framework-0.4.1-SNAPSHOT.jar:/home/user/.m2/repository/org/apache/hadoop/hadoop-hdds-container-service/0.4.1-SNAPSHOT/hadoop-hdds-container-service-0.4.1-SNAPSHOT.jar:/home/user/.m2/repository/org/apache/hadoop/hadoop-hdds-client/0.4.1-SNAPSHOT/hadoop-hdds-client-0.4.1-SNAPSHOT.jar:/home/user/.m2/repository/org/apache/hadoop/hadoop-hdds-tools/0.4.1-SNAPSHOT/hadoop-hdds-tools-0.4.1-SNAPSHOT.jar:/home/user/.m2/repository/org/apache/hadoop/hadoop-hdds-server-scm/0.4.1-SNAPSHOT/hadoop-hdds-server-scm-0.4.1-SNAPSHOT.jar:/home/user/.m2/repository/org/apache/hadoop/hadoop-hdds-docs/0.4.1-SNAPSHOT/hadoop-hdds-docs-0.4.1-SNAPSHOT.jar:/home/user/.m2/repository/io/dropwizard/metrics/metrics-core/3.2.4/metrics-core-3.2.4.jar:/home/user/.m2/repository/org/hamcrest/hamcrest-all/1.3/hamcrest-all-1.3.jar:/home/user/.m2/repository/org/bouncycastle/bcprov-jdk15on/1.60/bcprov-jdk15on-1.60.jar:/home/user/.m2/repository/info/picocli/picocli/3.9.6/picocli-3.9.6.jar:/home/user/.m2/repository/com/google/protobuf/protobuf-java/2.5.0/protobuf-java-2.5.0.jar:/home/user/.m2/repository/com/google/guava/guava/11.0.2/guava-11.0.2.jar:/home/user/.m2/repository/org/apache/hadoop/hadoop-ozone-ozone-manager/0.4.1-SNAPSHOT/hadoop-ozone-ozone-manager-0.4.1-SNAPSHOT.jar:/home/user/.m2/repository/org/apache/hadoop/hadoop-minikdc/3.2.0/hadoop-minikdc-3.2.0.jar:/home/user/.m2/repository/commons-io/commons-io/2.5/commons-io-2.5.jar:/home/user/.m2/repository/org/apache/kerby/kerb-simplekdc/1.0.1/kerb-simplekdc-1.0.1.jar:/home/user/.m2/repository/org/apache/kerby/kerb-client/1.0.1/kerb-client-1.0.1.jar:/home/user/.m2/repository/org/apache/kerby/kerby-config/1.0.1/kerby-config-1.0.1.jar:/home/user/.m2/repository/org/apache/kerby/kerb-core/1.0.1/kerb-core-1.0.1.jar:/home/user/.m2/repository/org/apache/kerby/kerby-pkix/1.0.1/kerby-pkix-1.0.1.jar:/home/user/.m2/repository/org/apache/kerby/kerby-asn1/1.0.1/kerby-asn1-1.0.1.jar:/home/user/.m2/repository/org/apache/kerby/kerby-util/1.0.1/kerby-util-1.0.1.jar:/home/user/.m2/repository/org/apache/kerby/kerb-common/1.0.1/kerb-common-1.0.1.jar:/home/user/.m2/repository/org/apache/kerby/kerb-crypto/1.0.1/kerb-crypto-1.0.1.jar:/home/user/.m2/repository/org/apache/kerby/kerb-util/1.0.1/kerb-util-1.0.1.jar:/home/user/.m2/repository/org/apache/kerby/token-provider/1.0.1/token-provider-1.0.1.jar:/home/user/.m2/repository/org/apache/kerby/kerb-admin/1.0.1/kerb-admin-1.0.1.jar:/home/user/.m2/repository/org/apache/kerby/kerb-server/1.0.1/kerb-server-1.0.1.jar:/home/user/.m2/repository/org/apache/kerby/kerb-identity/1.0.1/kerb-identity-1.0.1.jar:/home/user/.m2/repository/org/apache/kerby/kerby-xdr/1.0.1/kerby-xdr-1.0.1.jar:/home/user/.m2/repository/org/slf4j/slf4j-log4j12/1.7.25/slf4j-log4j12-1.7.25.jar:/home/user/.m2/repository/org/apache/hadoop/hadoop-ozone-objectstore-service/0.4.1-SNAPSHOT/hadoop-ozone-objectstore-service-0.4.1-SNAPSHOT.jar:/home/user/.m2/repository/org/apache/hadoop/hadoop-ozone-s3gateway/0.4.1-SNAPSHOT/hadoop-ozone-s3gateway-0.4.1-SNAPSHOT.jar:/home/user/.m2/repository/org/jboss/weld/servlet/weld-servlet/2.4.7.Final/weld-servlet-2.4.7.Final.jar:/home/user/.m2/repository/org/glassfish/jersey/containers/jersey-container-servlet-core/2.27/jersey-container-servlet-core-2.27.jar:/home/user/.m2/repository/org/glassfish/hk2/external/javax.inject/2.5.0-b42/javax.inject-2.5.0-b42.jar:/home/user/.m2/repository/org/glassfish/jersey/core/jersey-common/2.27/jersey-common-2.27.jar:/home/user/.m2/repository/org/glassfish/hk2/osgi-resource-locator/1.0.1/osgi-resource-locator-1.0.1.jar:/home/user/.m2/repository/javax/ws/rs/javax.ws.rs-api/2.1/javax.ws.rs-api-2.1.jar:/home/user/.m2/repository/org/glassfish/jersey/ext/cdi/jersey-cdi1x/2.27/jersey-cdi1x-2.27.jar:/home/user/.m2/repository/org/glassfish/jersey/inject/jersey-hk2/2.27/jersey-hk2-2.27.jar:/home/user/.m2/repository/org/glassfish/hk2/hk2-locator/2.5.0-b42/hk2-locator-2.5.0-b42.jar:/home/user/.m2/repository/org/javassist/javassist/3.22.0-CR2/javassist-3.22.0-CR2.jar:/home/user/.m2/repository/org/glassfish/hk2/hk2-api/2.5.0/hk2-api-2.5.0.jar:/home/user/.m2/repository/org/glassfish/hk2/external/jakarta.inject/2.5.0/jakarta.inject-2.5.0.jar:/home/user/.m2/repository/org/glassfish/hk2/hk2-utils/2.5.0/hk2-utils-2.5.0.jar:/home/user/.m2/repository/jakarta/annotation/jakarta.annotation-api/1.3.4/jakarta.annotation-api-1.3.4.jar:/home/user/.m2/repository/org/glassfish/hk2/external/aopalliance-repackaged/2.5.0/aopalliance-repackaged-2.5.0.jar:/home/user/.m2/repository/com/fasterxml/jackson/dataformat/jackson-dataformat-xml/2.9.0/jackson-dataformat-xml-2.9.0.jar:/home/user/.m2/repository/com/fasterxml/jackson/core/jackson-core/2.9.5/jackson-core-2.9.5.jar:/home/user/.m2/repository/com/fasterxml/jackson/module/jackson-module-jaxb-annotations/2.9.5/jackson-module-jaxb-annotations-2.9.5.jar:/home/user/.m2/repository/javax/enterprise/cdi-api/1.2/cdi-api-1.2.jar:/home/user/.m2/repository/javax/el/javax.el-api/3.0.0/javax.el-api-3.0.0.jar:/home/user/.m2/repository/javax/interceptor/javax.interceptor-api/1.2/javax.interceptor-api-1.2.jar:/home/user/.m2/repository/javax/inject/javax.inject/1/javax.inject-1.jar:/home/user/.m2/repository/com/sun/xml/bind/jaxb-impl/2.3.0.1/jaxb-impl-2.3.0.1.jar:/home/user/.m2/repository/com/sun/xml/bind/jaxb-core/2.3.0.1/jaxb-core-2.3.0.1.jar:/home/user/.m2/repository/javax/xml/bind/jaxb-api/2.3.0/jaxb-api-2.3.0.jar:/home/user/.m2/repository/javax/activation/activation/1.1.1/activation-1.1.1.jar:/home/user/.m2/repository/org/apache/hadoop/hadoop-ozone-csi/0.4.1-SNAPSHOT/hadoop-ozone-csi-0.4.1-SNAPSHOT.jar:/home/user/.m2/repository/com/google/protobuf/protobuf-java-util/3.5.1/protobuf-java-util-3.5.1.jar:/home/user/.m2/repository/org/apache/hadoop/hadoop-hdds-config/0.4.1-SNAPSHOT/hadoop-hdds-config-0.4.1-SNAPSHOT.jar:/home/user/.m2/repository/io/grpc/grpc-netty/1.17.1/grpc-netty-1.17.1.jar:/home/user/.m2/repository/io/grpc/grpc-core/1.17.1/grpc-core-1.17.1.jar:/home/user/.m2/repository/io/grpc/grpc-context/1.17.1/grpc-context-1.17.1.jar:/home/user/.m2/repository/com/google/errorprone/error_prone_annotations/2.2.0/error_prone_annotations-2.2.0.jar:/home/user/.m2/repository/org/codehaus/mojo/animal-sniffer-annotations/1.17/animal-sniffer-annotations-1.17.jar:/home/user/.m2/repository/io/opencensus/opencensus-api/0.17.0/opencensus-api-0.17.0.jar:/home/user/.m2/repository/io/opencensus/opencensus-contrib-grpc-metrics/0.17.0/opencensus-contrib-grpc-metrics-0.17.0.jar:/home/user/.m2/repository/io/netty/netty-codec-http2/4.1.30.Final/netty-codec-http2-4.1.30.Final.jar:/home/user/.m2/repository/io/netty/netty-codec-http/4.1.30.Final/netty-codec-http-4.1.30.Final.jar:/home/user/.m2/repository/io/netty/netty-codec/4.1.30.Final/netty-codec-4.1.30.Final.jar:/home/user/.m2/repository/io/netty/netty-handler/4.1.30.Final/netty-handler-4.1.30.Final.jar:/home/user/.m2/repository/io/netty/netty-handler-proxy/4.1.30.Final/netty-handler-proxy-4.1.30.Final.jar:/home/user/.m2/repository/io/netty/netty-codec-socks/4.1.30.Final/netty-codec-socks-4.1.30.Final.jar:/home/user/.m2/repository/io/netty/netty-transport-native-epoll/4.1.30.Final/netty-transport-native-epoll-4.1.30.Final.jar:/home/user/.m2/repository/io/netty/netty-common/4.1.30.Final/netty-common-4.1.30.Final.jar:/home/user/.m2/repository/io/netty/netty-buffer/4.1.30.Final/netty-buffer-4.1.30.Final.jar:/home/user/.m2/repository/io/netty/netty-transport/4.1.30.Final/netty-transport-4.1.30.Final.jar:/home/user/.m2/repository/io/netty/netty-resolver/4.1.30.Final/netty-resolver-4.1.30.Final.jar:/home/user/.m2/repository/io/netty/netty-transport-native-unix-common/4.1.30.Final/netty-transport-native-unix-common-4.1.30.Final.jar:/home/user/.m2/repository/io/grpc/grpc-protobuf/1.17.1/grpc-protobuf-1.17.1.jar:/home/user/.m2/repository/com/google/api/grpc/proto-google-common-protos/1.0.0/proto-google-common-protos-1.0.0.jar:/home/user/.m2/repository/io/grpc/grpc-protobuf-lite/1.17.1/grpc-protobuf-lite-1.17.1.jar:/home/user/.m2/repository/io/grpc/grpc-stub/1.17.1/grpc-stub-1.17.1.jar:/home/user/.m2/repository/org/apache/hadoop/hadoop-ozone-recon/0.4.1-SNAPSHOT/hadoop-ozone-recon-0.4.1-SNAPSHOT.jar:/home/user/.m2/repository/org/apache/hadoop/hadoop-ozone-reconcodegen/0.4.1-SNAPSHOT/hadoop-ozone-reconcodegen-0.4.1-SNAPSHOT.jar:/home/user/.m2/repository/com/google/inject/extensions/guice-multibindings/4.0/guice-multibindings-4.0.jar:/home/user/.m2/repository/com/google/inject/guice/4.0/guice-4.0.jar:/home/user/.m2/repository/aopalliance/aopalliance/1.0/aopalliance-1.0.jar:/home/user/.m2/repository/com/google/inject/extensions/guice-servlet/4.0/guice-servlet-4.0.jar:/home/user/.m2/repository/org/glassfish/jersey/containers/jersey-container-servlet/2.27/jersey-container-servlet-2.27.jar:/home/user/.m2/repository/org/glassfish/hk2/guice-bridge/2.5.0/guice-bridge-2.5.0.jar:/home/user/.m2/repository/org/glassfish/jersey/core/jersey-server/2.27/jersey-server-2.27.jar:/home/user/.m2/repository/org/glassfish/jersey/core/jersey-client/2.27/jersey-client-2.27.jar:/home/user/.m2/repository/org/glassfish/jersey/media/jersey-media-jaxb/2.27/jersey-media-jaxb-2.27.jar:/home/user/.m2/repository/javax/validation/validation-api/1.1.0.Final/validation-api-1.1.0.Final.jar:/home/user/.m2/repository/org/glassfish/jersey/media/jersey-media-json-jackson/2.27/jersey-media-json-jackson-2.27.jar:/home/user/.m2/repository/org/glassfish/jersey/ext/jersey-entity-filtering/2.27/jersey-entity-filtering-2.27.jar:/home/user/.m2/repository/com/google/inject/extensions/guice-assistedinject/4.0/guice-assistedinject-4.0.jar:/home/user/.m2/repository/org/jooq/jooq/3.11.10/jooq-3.11.10.jar:/home/user/.m2/repository/org/jooq/jooq-meta/3.11.10/jooq-meta-3.11.10.jar:/home/user/.m2/repository/org/jooq/jooq-codegen/3.11.10/jooq-codegen-3.11.10.jar:/home/user/.m2/repository/com/jolbox/bonecp/0.8.0.RELEASE/bonecp-0.8.0.RELEASE.jar:/home/user/.m2/repository/org/xerial/sqlite-jdbc/3.25.2/sqlite-jdbc-3.25.2.jar:/home/user/.m2/repository/org/springframework/spring-jdbc/5.1.3.RELEASE/spring-jdbc-5.1.3.RELEASE.jar:/home/user/.m2/repository/org/springframework/spring-beans/5.1.3.RELEASE/spring-beans-5.1.3.RELEASE.jar:/home/user/.m2/repository/org/springframework/spring-core/5.1.3.RELEASE/spring-core-5.1.3.RELEASE.jar:/home/user/.m2/repository/org/springframework/spring-jcl/5.1.3.RELEASE/spring-jcl-5.1.3.RELEASE.jar:/home/user/.m2/repository/org/springframework/spring-tx/5.1.3.RELEASE/spring-tx-5.1.3.RELEASE.jar:/home/user/.m2/repository/org/apache/hadoop/hadoop-ozone-client/0.4.1-SNAPSHOT/hadoop-ozone-client-0.4.1-SNAPSHOT.jar:/home/user/.m2/repository/commons-lang/commons-lang/2.6/commons-lang-2.6.jar:/home/user/.m2/repository/org/apache/hadoop/hadoop-ozone-ozone-manager/0.4.1-SNAPSHOT/hadoop-ozone-ozone-manager-0.4.1-SNAPSHOT-tests.jar:/home/user/.m2/repository/junit/junit/4.11/junit-4.11.jar:/home/user/.m2/repository/org/hamcrest/hamcrest-core/1.3/hamcrest-core-1.3.jar:/home/user/.m2/repository/org/openjdk/jmh/jmh-core/1.19/jmh-core-1.19.jar:/home/user/.m2/repository/net/sf/jopt-simple/jopt-simple/4.6/jopt-simple-4.6.jar:/home/user/.m2/repository/org/apache/commons/commons-math3/3.1.1/commons-math3-3.1.1.jar:/home/user/.m2/repository/org/openjdk/jmh/jmh-generator-annprocess/1.19/jmh-generator-annprocess-1.19.jar:/home/user/.m2/repository/org/mockito/mockito-all/1.8.5/mockito-all-1.8.5.jar:/home/user/.m2/repository/org/apache/hadoop/hadoop-kms/3.2.0/hadoop-kms-3.2.0.jar:/home/user/.m2/repository/org/apache/hadoop/hadoop-auth/3.2.0/hadoop-auth-3.2.0.jar:/home/user/.m2/repository/com/nimbusds/nimbus-jose-jwt/4.41.1/nimbus-jose-jwt-4.41.1.jar:/home/user/.m2/repository/com/github/stephenc/jcip/jcip-annotations/1.0-1/jcip-annotations-1.0-1.jar:/home/user/.m2/repository/net/minidev/json-smart/2.3/json-smart-2.3.jar:/home/user/.m2/repository/net/minidev/accessors-smart/1.2/accessors-smart-1.2.jar:/home/user/.m2/repository/org/ow2/asm/asm/5.0.4/asm-5.0.4.jar:/home/user/.m2/repository/org/apache/curator/curator-framework/2.12.0/curator-framework-2.12.0.jar:/home/user/.m2/repository/com/sun/jersey/jersey-core/1.19/jersey-core-1.19.jar:/home/user/.m2/repository/javax/ws/rs/jsr311-api/1.1.1/jsr311-api-1.1.1.jar:/home/user/.m2/repository/com/sun/jersey/jersey-server/1.19/jersey-server-1.19.jar:/home/user/.m2/repository/javax/servlet/javax.servlet-api/3.1.0/javax.servlet-api-3.1.0.jar:/home/user/.m2/repository/org/eclipse/jetty/jetty-server/9.3.24.v20180605/jetty-server-9.3.24.v20180605.jar:/home/user/.m2/repository/org/eclipse/jetty/jetty-http/9.3.24.v20180605/jetty-http-9.3.24.v20180605.jar:/home/user/.m2/repository/org/eclipse/jetty/jetty-io/9.3.24.v20180605/jetty-io-9.3.24.v20180605.jar:/home/user/.m2/repository/org/eclipse/jetty/jetty-webapp/9.3.24.v20180605/jetty-webapp-9.3.24.v20180605.jar:/home/user/.m2/repository/org/eclipse/jetty/jetty-xml/9.3.24.v20180605/jetty-xml-9.3.24.v20180605.jar:/home/user/.m2/repository/log4j/log4j/1.2.17/log4j-1.2.17.jar:/home/user/.m2/repository/org/slf4j/slf4j-api/1.7.25/slf4j-api-1.7.25.jar:/home/user/.m2/repository/org/slf4j/jul-to-slf4j/1.7.25/jul-to-slf4j-1.7.25.jar:/home/user/.m2/repository/org/eclipse/jetty/jetty-util/9.3.24.v20180605/jetty-util-9.3.24.v20180605.jar:/home/user/.m2/repository/com/fasterxml/jackson/core/jackson-databind/2.9.5/jackson-databind-2.9.5.jar:/home/user/.m2/repository/org/apache/hadoop/hadoop-kms/3.2.0/hadoop-kms-3.2.0-tests.jar:/home/user/.m2/repository/org/apache/hadoop/hadoop-hdds-server-scm/0.4.1-SNAPSHOT/hadoop-hdds-server-scm-0.4.1-SNAPSHOT-tests.jar:/home/user/.m2/repository/org/apache/hadoop/hadoop-hdds-container-service/0.4.1-SNAPSHOT/hadoop-hdds-container-service-0.4.1-SNAPSHOT-tests.jar:/home/user/.m2/repository/org/yaml/snakeyaml/1.16/snakeyaml-1.16.jar:/home/user/.m2/repository/org/apache/hadoop/hadoop-common/3.2.0/hadoop-common-3.2.0-tests.jar:/home/user/.m2/repository/org/apache/hadoop/hadoop-annotations/3.2.0/hadoop-annotations-3.2.0.jar:/usr/lib/jvm/java-1.8-openjdk/jre/../lib/tools.jar:/home/user/.m2/repository/commons-cli/commons-cli/1.2/commons-cli-1.2.jar:/home/user/.m2/repository/org/apache/httpcomponents/httpclient/4.5.2/httpclient-4.5.2.jar:/home/user/.m2/repository/org/apache/httpcomponents/httpcore/4.4.4/httpcore-4.4.4.jar:/home/user/.m2/repository/commons-codec/commons-codec/1.11/commons-codec-1.11.jar:/home/user/.m2/repository/commons-net/commons-net/3.6/commons-net-3.6.jar:/home/user/.m2/repository/commons-collections/commons-collections/3.2.2/commons-collections-3.2.2.jar:/home/user/.m2/repository/org/eclipse/jetty/jetty-servlet/9.3.24.v20180605/jetty-servlet-9.3.24.v20180605.jar:/home/user/.m2/repository/org/eclipse/jetty/jetty-security/9.3.24.v20180605/jetty-security-9.3.24.v20180605.jar:/home/user/.m2/repository/javax/servlet/jsp/jsp-api/2.1/jsp-api-2.1.jar:/home/user/.m2/repository/com/sun/jersey/jersey-servlet/1.19/jersey-servlet-1.19.jar:/home/user/.m2/repository/com/sun/jersey/jersey-json/1.19/jersey-json-1.19.jar:/home/user/.m2/repository/org/codehaus/jettison/jettison/1.1/jettison-1.1.jar:/home/user/.m2/repository/org/codehaus/jackson/jackson-core-asl/1.9.13/jackson-core-asl-1.9.13.jar:/home/user/.m2/repository/org/codehaus/jackson/jackson-mapper-asl/1.9.13/jackson-mapper-asl-1.9.13.jar:/home/user/.m2/repository/org/codehaus/jackson/jackson-jaxrs/1.9.13/jackson-jaxrs-1.9.13.jar:/home/user/.m2/repository/org/codehaus/jackson/jackson-xc/1.9.13/jackson-xc-1.9.13.jar:/home/user/.m2/repository/commons-logging/commons-logging/1.1.3/commons-logging-1.1.3.jar:/home/user/.m2/repository/commons-beanutils/commons-beanutils/1.9.3/commons-beanutils-1.9.3.jar:/home/user/.m2/repository/org/apache/commons/commons-configuration2/2.1.1/commons-configuration2-2.1.1.jar:/home/user/.m2/repository/org/apache/commons/commons-lang3/3.7/commons-lang3-3.7.jar:/home/user/.m2/repository/org/apache/commons/commons-text/1.4/commons-text-1.4.jar:/home/user/.m2/repository/org/apache/avro/avro/1.7.7/avro-1.7.7.jar:/home/user/.m2/repository/com/thoughtworks/paranamer/paranamer/2.3/paranamer-2.3.jar:/home/user/.m2/repository/org/xerial/snappy/snappy-java/1.0.5/snappy-java-1.0.5.jar:/home/user/.m2/repository/com/google/re2j/re2j/1.1/re2j-1.1.jar:/home/user/.m2/repository/com/google/code/gson/gson/2.2.4/gson-2.2.4.jar:/home/user/.m2/repository/com/jcraft/jsch/0.1.54/jsch-0.1.54.jar:/home/user/.m2/repository/org/apache/curator/curator-client/2.12.0/curator-client-2.12.0.jar:/home/user/.m2/repository/org/apache/curator/curator-recipes/2.12.0/curator-recipes-2.12.0.jar:/home/user/.m2/repository/com/google/code/findbugs/jsr305/3.0.0/jsr305-3.0.0.jar:/home/user/.m2/repository/org/apache/htrace/htrace-core4/4.1.0-incubating/htrace-core4-4.1.0-incubating.jar:/home/user/.m2/repository/org/apache/zookeeper/zookeeper/3.4.13/zookeeper-3.4.13.jar:/home/user/.m2/repository/org/apache/yetus/audience-annotations/0.5.0/audience-annotations-0.5.0.jar:/home/user/.m2/repository/org/codehaus/woodstox/stax2-api/3.1.4/stax2-api-3.1.4.jar:/home/user/.m2/repository/com/fasterxml/woodstox/woodstox-core/5.0.3/woodstox-core-5.0.3.jar:/home/user/.m2/repository/dnsjava/dnsjava/2.1.7/dnsjava-2.1.7.jar:/home/user/.m2/repository/org/apache/hadoop/hadoop-hdfs/3.2.0/hadoop-hdfs-3.2.0-tests.jar:/home/user/.m2/repository/org/eclipse/jetty/jetty-util-ajax/9.3.24.v20180605/jetty-util-ajax-9.3.24.v20180605.jar:/home/user/.m2/repository/commons-daemon/commons-daemon/1.0.13/commons-daemon-1.0.13.jar:/home/user/.m2/repository/io/netty/netty/3.10.5.Final/netty-3.10.5.Final.jar:/home/user/.m2/repository/io/netty/netty-all/4.0.52.Final/netty-all-4.0.52.Final.jar:/home/user/.m2/repository/org/fusesource/leveldbjni/leveldbjni-all/1.8/leveldbjni-all-1.8.jar:"/>
    <property name="java.vm.vendor" value="IcedTea"/>
    <property name="sun.arch.data.model" value="64"/>
    <property name="test.build.dir" value="/workdir/hadoop-ozone/integration-test/target/test-dir"/>
    <property name="test.cache.data" value=""/>
    <property name="java.vendor.url" value="https://icedtea.classpath.org"/>
    <property name="user.timezone" value=""/>
    <property name="java.vm.specification.version" value="1.8"/>
    <property name="os.name" value="Linux"/>
    <property name="test.build.data" value="/workdir/hadoop-ozone/integration-test/target/test-dir"/>
    <property name="user.country" value="US"/>
    <property name="sun.java.launcher" value="SUN_STANDARD"/>
    <property name="sun.boot.library.path" value="/usr/lib/jvm/java-1.8-openjdk/jre/lib/amd64"/>
    <property name="sun.java.command" value="/workdir/hadoop-ozone/integration-test/target/surefire/surefirebooter1662361757270386868.jar /workdir/hadoop-ozone/integration-test/target/surefire 2019-08-03T03-12-43_534-jvmRun1 surefire5532985878594764338tmp surefire_243698696577074033163tmp"/>
    <property name="surefire.test.class.path" value="/workdir/hadoop-ozone/integration-test/target/test-classes:/workdir/hadoop-ozone/integration-test/target/classes:/home/user/.m2/repository/org/apache/hadoop/hadoop-ozone-common/0.4.1-SNAPSHOT/hadoop-ozone-common-0.4.1-SNAPSHOT.jar:/home/user/.m2/repository/org/apache/commons/commons-compress/1.4.1/commons-compress-1.4.1.jar:/home/user/.m2/repository/org/tukaani/xz/1.0/xz-1.0.jar:/home/user/.m2/repository/org/apache/hadoop/hadoop-common/3.2.0/hadoop-common-3.2.0.jar:/home/user/.m2/repository/org/apache/hadoop/hadoop-hdfs/3.2.0/hadoop-hdfs-3.2.0.jar:/home/user/.m2/repository/org/apache/hadoop/hadoop-hdfs-client/3.2.0/hadoop-hdfs-client-3.2.0.jar:/home/user/.m2/repository/com/fasterxml/jackson/core/jackson-annotations/2.9.5/jackson-annotations-2.9.5.jar:/home/user/.m2/repository/org/apache/hadoop/hadoop-hdds-common/0.4.1-SNAPSHOT/hadoop-hdds-common-0.4.1-SNAPSHOT.jar:/home/user/.m2/repository/javax/annotation/javax.annotation-api/1.2/javax.annotation-api-1.2.jar:/home/user/.m2/repository/org/apache/ratis/ratis-server/0.4.0-2337318-SNAPSHOT/ratis-server-0.4.0-2337318-SNAPSHOT.jar:/home/user/.m2/repository/org/apache/ratis/ratis-thirdparty-misc/0.2.0/ratis-thirdparty-misc-0.2.0.jar:/home/user/.m2/repository/org/apache/ratis/ratis-proto/0.4.0-2337318-SNAPSHOT/ratis-proto-0.4.0-2337318-SNAPSHOT.jar:/home/user/.m2/repository/org/apache/ratis/ratis-common/0.4.0-2337318-SNAPSHOT/ratis-common-0.4.0-2337318-SNAPSHOT.jar:/home/user/.m2/repository/org/apache/ratis/ratis-client/0.4.0-2337318-SNAPSHOT/ratis-client-0.4.0-2337318-SNAPSHOT.jar:/home/user/.m2/repository/org/apache/ratis/ratis-metrics/0.4.0-2337318-SNAPSHOT/ratis-metrics-0.4.0-2337318-SNAPSHOT.jar:/home/user/.m2/repository/org/apache/ratis/ratis-netty/0.4.0-2337318-SNAPSHOT/ratis-netty-0.4.0-2337318-SNAPSHOT.jar:/home/user/.m2/repository/org/apache/ratis/ratis-grpc/0.4.0-2337318-SNAPSHOT/ratis-grpc-0.4.0-2337318-SNAPSHOT.jar:/home/user/.m2/repository/org/rocksdb/rocksdbjni/6.0.1/rocksdbjni-6.0.1.jar:/home/user/.m2/repository/org/apache/logging/log4j/log4j-api/2.11.0/log4j-api-2.11.0.jar:/home/user/.m2/repository/org/apache/logging/log4j/log4j-core/2.11.0/log4j-core-2.11.0.jar:/home/user/.m2/repository/com/lmax/disruptor/3.4.2/disruptor-3.4.2.jar:/home/user/.m2/repository/org/apache/commons/commons-pool2/2.6.0/commons-pool2-2.6.0.jar:/home/user/.m2/repository/org/bouncycastle/bcpkix-jdk15on/1.60/bcpkix-jdk15on-1.60.jar:/home/user/.m2/repository/commons-validator/commons-validator/1.6/commons-validator-1.6.jar:/home/user/.m2/repository/commons-digester/commons-digester/1.8.1/commons-digester-1.8.1.jar:/home/user/.m2/repository/io/jaegertracing/jaeger-client/0.33.1/jaeger-client-0.33.1.jar:/home/user/.m2/repository/io/jaegertracing/jaeger-thrift/0.33.1/jaeger-thrift-0.33.1.jar:/home/user/.m2/repository/org/apache/thrift/libthrift/0.11.0/libthrift-0.11.0.jar:/home/user/.m2/repository/com/squareup/okhttp3/okhttp/3.9.0/okhttp-3.9.0.jar:/home/user/.m2/repository/com/squareup/okio/okio/1.13.0/okio-1.13.0.jar:/home/user/.m2/repository/io/jaegertracing/jaeger-core/0.33.1/jaeger-core-0.33.1.jar:/home/user/.m2/repository/io/jaegertracing/jaeger-tracerresolver/0.33.1/jaeger-tracerresolver-0.33.1.jar:/home/user/.m2/repository/io/opentracing/contrib/opentracing-tracerresolver/0.1.5/opentracing-tracerresolver-0.1.5.jar:/home/user/.m2/repository/io/opentracing/opentracing-util/0.31.0/opentracing-util-0.31.0.jar:/home/user/.m2/repository/io/opentracing/opentracing-api/0.31.0/opentracing-api-0.31.0.jar:/home/user/.m2/repository/io/opentracing/opentracing-noop/0.31.0/opentracing-noop-0.31.0.jar:/home/user/.m2/repository/org/apache/hadoop/hadoop-hdds-server-framework/0.4.1-SNAPSHOT/hadoop-hdds-server-framework-0.4.1-SNAPSHOT.jar:/home/user/.m2/repository/org/apache/hadoop/hadoop-hdds-container-service/0.4.1-SNAPSHOT/hadoop-hdds-container-service-0.4.1-SNAPSHOT.jar:/home/user/.m2/repository/org/apache/hadoop/hadoop-hdds-client/0.4.1-SNAPSHOT/hadoop-hdds-client-0.4.1-SNAPSHOT.jar:/home/user/.m2/repository/org/apache/hadoop/hadoop-hdds-tools/0.4.1-SNAPSHOT/hadoop-hdds-tools-0.4.1-SNAPSHOT.jar:/home/user/.m2/repository/org/apache/hadoop/hadoop-hdds-server-scm/0.4.1-SNAPSHOT/hadoop-hdds-server-scm-0.4.1-SNAPSHOT.jar:/home/user/.m2/repository/org/apache/hadoop/hadoop-hdds-docs/0.4.1-SNAPSHOT/hadoop-hdds-docs-0.4.1-SNAPSHOT.jar:/home/user/.m2/repository/io/dropwizard/metrics/metrics-core/3.2.4/metrics-core-3.2.4.jar:/home/user/.m2/repository/org/hamcrest/hamcrest-all/1.3/hamcrest-all-1.3.jar:/home/user/.m2/repository/org/bouncycastle/bcprov-jdk15on/1.60/bcprov-jdk15on-1.60.jar:/home/user/.m2/repository/info/picocli/picocli/3.9.6/picocli-3.9.6.jar:/home/user/.m2/repository/com/google/protobuf/protobuf-java/2.5.0/protobuf-java-2.5.0.jar:/home/user/.m2/repository/com/google/guava/guava/11.0.2/guava-11.0.2.jar:/home/user/.m2/repository/org/apache/hadoop/hadoop-ozone-ozone-manager/0.4.1-SNAPSHOT/hadoop-ozone-ozone-manager-0.4.1-SNAPSHOT.jar:/home/user/.m2/repository/org/apache/hadoop/hadoop-minikdc/3.2.0/hadoop-minikdc-3.2.0.jar:/home/user/.m2/repository/commons-io/commons-io/2.5/commons-io-2.5.jar:/home/user/.m2/repository/org/apache/kerby/kerb-simplekdc/1.0.1/kerb-simplekdc-1.0.1.jar:/home/user/.m2/repository/org/apache/kerby/kerb-client/1.0.1/kerb-client-1.0.1.jar:/home/user/.m2/repository/org/apache/kerby/kerby-config/1.0.1/kerby-config-1.0.1.jar:/home/user/.m2/repository/org/apache/kerby/kerb-core/1.0.1/kerb-core-1.0.1.jar:/home/user/.m2/repository/org/apache/kerby/kerby-pkix/1.0.1/kerby-pkix-1.0.1.jar:/home/user/.m2/repository/org/apache/kerby/kerby-asn1/1.0.1/kerby-asn1-1.0.1.jar:/home/user/.m2/repository/org/apache/kerby/kerby-util/1.0.1/kerby-util-1.0.1.jar:/home/user/.m2/repository/org/apache/kerby/kerb-common/1.0.1/kerb-common-1.0.1.jar:/home/user/.m2/repository/org/apache/kerby/kerb-crypto/1.0.1/kerb-crypto-1.0.1.jar:/home/user/.m2/repository/org/apache/kerby/kerb-util/1.0.1/kerb-util-1.0.1.jar:/home/user/.m2/repository/org/apache/kerby/token-provider/1.0.1/token-provider-1.0.1.jar:/home/user/.m2/repository/org/apache/kerby/kerb-admin/1.0.1/kerb-admin-1.0.1.jar:/home/user/.m2/repository/org/apache/kerby/kerb-server/1.0.1/kerb-server-1.0.1.jar:/home/user/.m2/repository/org/apache/kerby/kerb-identity/1.0.1/kerb-identity-1.0.1.jar:/home/user/.m2/repository/org/apache/kerby/kerby-xdr/1.0.1/kerby-xdr-1.0.1.jar:/home/user/.m2/repository/org/slf4j/slf4j-log4j12/1.7.25/slf4j-log4j12-1.7.25.jar:/home/user/.m2/repository/org/apache/hadoop/hadoop-ozone-objectstore-service/0.4.1-SNAPSHOT/hadoop-ozone-objectstore-service-0.4.1-SNAPSHOT.jar:/home/user/.m2/repository/org/apache/hadoop/hadoop-ozone-s3gateway/0.4.1-SNAPSHOT/hadoop-ozone-s3gateway-0.4.1-SNAPSHOT.jar:/home/user/.m2/repository/org/jboss/weld/servlet/weld-servlet/2.4.7.Final/weld-servlet-2.4.7.Final.jar:/home/user/.m2/repository/org/glassfish/jersey/containers/jersey-container-servlet-core/2.27/jersey-container-servlet-core-2.27.jar:/home/user/.m2/repository/org/glassfish/hk2/external/javax.inject/2.5.0-b42/javax.inject-2.5.0-b42.jar:/home/user/.m2/repository/org/glassfish/jersey/core/jersey-common/2.27/jersey-common-2.27.jar:/home/user/.m2/repository/org/glassfish/hk2/osgi-resource-locator/1.0.1/osgi-resource-locator-1.0.1.jar:/home/user/.m2/repository/javax/ws/rs/javax.ws.rs-api/2.1/javax.ws.rs-api-2.1.jar:/home/user/.m2/repository/org/glassfish/jersey/ext/cdi/jersey-cdi1x/2.27/jersey-cdi1x-2.27.jar:/home/user/.m2/repository/org/glassfish/jersey/inject/jersey-hk2/2.27/jersey-hk2-2.27.jar:/home/user/.m2/repository/org/glassfish/hk2/hk2-locator/2.5.0-b42/hk2-locator-2.5.0-b42.jar:/home/user/.m2/repository/org/javassist/javassist/3.22.0-CR2/javassist-3.22.0-CR2.jar:/home/user/.m2/repository/org/glassfish/hk2/hk2-api/2.5.0/hk2-api-2.5.0.jar:/home/user/.m2/repository/org/glassfish/hk2/external/jakarta.inject/2.5.0/jakarta.inject-2.5.0.jar:/home/user/.m2/repository/org/glassfish/hk2/hk2-utils/2.5.0/hk2-utils-2.5.0.jar:/home/user/.m2/repository/jakarta/annotation/jakarta.annotation-api/1.3.4/jakarta.annotation-api-1.3.4.jar:/home/user/.m2/repository/org/glassfish/hk2/external/aopalliance-repackaged/2.5.0/aopalliance-repackaged-2.5.0.jar:/home/user/.m2/repository/com/fasterxml/jackson/dataformat/jackson-dataformat-xml/2.9.0/jackson-dataformat-xml-2.9.0.jar:/home/user/.m2/repository/com/fasterxml/jackson/core/jackson-core/2.9.5/jackson-core-2.9.5.jar:/home/user/.m2/repository/com/fasterxml/jackson/module/jackson-module-jaxb-annotations/2.9.5/jackson-module-jaxb-annotations-2.9.5.jar:/home/user/.m2/repository/javax/enterprise/cdi-api/1.2/cdi-api-1.2.jar:/home/user/.m2/repository/javax/el/javax.el-api/3.0.0/javax.el-api-3.0.0.jar:/home/user/.m2/repository/javax/interceptor/javax.interceptor-api/1.2/javax.interceptor-api-1.2.jar:/home/user/.m2/repository/javax/inject/javax.inject/1/javax.inject-1.jar:/home/user/.m2/repository/com/sun/xml/bind/jaxb-impl/2.3.0.1/jaxb-impl-2.3.0.1.jar:/home/user/.m2/repository/com/sun/xml/bind/jaxb-core/2.3.0.1/jaxb-core-2.3.0.1.jar:/home/user/.m2/repository/javax/xml/bind/jaxb-api/2.3.0/jaxb-api-2.3.0.jar:/home/user/.m2/repository/javax/activation/activation/1.1.1/activation-1.1.1.jar:/home/user/.m2/repository/org/apache/hadoop/hadoop-ozone-csi/0.4.1-SNAPSHOT/hadoop-ozone-csi-0.4.1-SNAPSHOT.jar:/home/user/.m2/repository/com/google/protobuf/protobuf-java-util/3.5.1/protobuf-java-util-3.5.1.jar:/home/user/.m2/repository/org/apache/hadoop/hadoop-hdds-config/0.4.1-SNAPSHOT/hadoop-hdds-config-0.4.1-SNAPSHOT.jar:/home/user/.m2/repository/io/grpc/grpc-netty/1.17.1/grpc-netty-1.17.1.jar:/home/user/.m2/repository/io/grpc/grpc-core/1.17.1/grpc-core-1.17.1.jar:/home/user/.m2/repository/io/grpc/grpc-context/1.17.1/grpc-context-1.17.1.jar:/home/user/.m2/repository/com/google/errorprone/error_prone_annotations/2.2.0/error_prone_annotations-2.2.0.jar:/home/user/.m2/repository/org/codehaus/mojo/animal-sniffer-annotations/1.17/animal-sniffer-annotations-1.17.jar:/home/user/.m2/repository/io/opencensus/opencensus-api/0.17.0/opencensus-api-0.17.0.jar:/home/user/.m2/repository/io/opencensus/opencensus-contrib-grpc-metrics/0.17.0/opencensus-contrib-grpc-metrics-0.17.0.jar:/home/user/.m2/repository/io/netty/netty-codec-http2/4.1.30.Final/netty-codec-http2-4.1.30.Final.jar:/home/user/.m2/repository/io/netty/netty-codec-http/4.1.30.Final/netty-codec-http-4.1.30.Final.jar:/home/user/.m2/repository/io/netty/netty-codec/4.1.30.Final/netty-codec-4.1.30.Final.jar:/home/user/.m2/repository/io/netty/netty-handler/4.1.30.Final/netty-handler-4.1.30.Final.jar:/home/user/.m2/repository/io/netty/netty-handler-proxy/4.1.30.Final/netty-handler-proxy-4.1.30.Final.jar:/home/user/.m2/repository/io/netty/netty-codec-socks/4.1.30.Final/netty-codec-socks-4.1.30.Final.jar:/home/user/.m2/repository/io/netty/netty-transport-native-epoll/4.1.30.Final/netty-transport-native-epoll-4.1.30.Final.jar:/home/user/.m2/repository/io/netty/netty-common/4.1.30.Final/netty-common-4.1.30.Final.jar:/home/user/.m2/repository/io/netty/netty-buffer/4.1.30.Final/netty-buffer-4.1.30.Final.jar:/home/user/.m2/repository/io/netty/netty-transport/4.1.30.Final/netty-transport-4.1.30.Final.jar:/home/user/.m2/repository/io/netty/netty-resolver/4.1.30.Final/netty-resolver-4.1.30.Final.jar:/home/user/.m2/repository/io/netty/netty-transport-native-unix-common/4.1.30.Final/netty-transport-native-unix-common-4.1.30.Final.jar:/home/user/.m2/repository/io/grpc/grpc-protobuf/1.17.1/grpc-protobuf-1.17.1.jar:/home/user/.m2/repository/com/google/api/grpc/proto-google-common-protos/1.0.0/proto-google-common-protos-1.0.0.jar:/home/user/.m2/repository/io/grpc/grpc-protobuf-lite/1.17.1/grpc-protobuf-lite-1.17.1.jar:/home/user/.m2/repository/io/grpc/grpc-stub/1.17.1/grpc-stub-1.17.1.jar:/home/user/.m2/repository/org/apache/hadoop/hadoop-ozone-recon/0.4.1-SNAPSHOT/hadoop-ozone-recon-0.4.1-SNAPSHOT.jar:/home/user/.m2/repository/org/apache/hadoop/hadoop-ozone-reconcodegen/0.4.1-SNAPSHOT/hadoop-ozone-reconcodegen-0.4.1-SNAPSHOT.jar:/home/user/.m2/repository/com/google/inject/extensions/guice-multibindings/4.0/guice-multibindings-4.0.jar:/home/user/.m2/repository/com/google/inject/guice/4.0/guice-4.0.jar:/home/user/.m2/repository/aopalliance/aopalliance/1.0/aopalliance-1.0.jar:/home/user/.m2/repository/com/google/inject/extensions/guice-servlet/4.0/guice-servlet-4.0.jar:/home/user/.m2/repository/org/glassfish/jersey/containers/jersey-container-servlet/2.27/jersey-container-servlet-2.27.jar:/home/user/.m2/repository/org/glassfish/hk2/guice-bridge/2.5.0/guice-bridge-2.5.0.jar:/home/user/.m2/repository/org/glassfish/jersey/core/jersey-server/2.27/jersey-server-2.27.jar:/home/user/.m2/repository/org/glassfish/jersey/core/jersey-client/2.27/jersey-client-2.27.jar:/home/user/.m2/repository/org/glassfish/jersey/media/jersey-media-jaxb/2.27/jersey-media-jaxb-2.27.jar:/home/user/.m2/repository/javax/validation/validation-api/1.1.0.Final/validation-api-1.1.0.Final.jar:/home/user/.m2/repository/org/glassfish/jersey/media/jersey-media-json-jackson/2.27/jersey-media-json-jackson-2.27.jar:/home/user/.m2/repository/org/glassfish/jersey/ext/jersey-entity-filtering/2.27/jersey-entity-filtering-2.27.jar:/home/user/.m2/repository/com/google/inject/extensions/guice-assistedinject/4.0/guice-assistedinject-4.0.jar:/home/user/.m2/repository/org/jooq/jooq/3.11.10/jooq-3.11.10.jar:/home/user/.m2/repository/org/jooq/jooq-meta/3.11.10/jooq-meta-3.11.10.jar:/home/user/.m2/repository/org/jooq/jooq-codegen/3.11.10/jooq-codegen-3.11.10.jar:/home/user/.m2/repository/com/jolbox/bonecp/0.8.0.RELEASE/bonecp-0.8.0.RELEASE.jar:/home/user/.m2/repository/org/xerial/sqlite-jdbc/3.25.2/sqlite-jdbc-3.25.2.jar:/home/user/.m2/repository/org/springframework/spring-jdbc/5.1.3.RELEASE/spring-jdbc-5.1.3.RELEASE.jar:/home/user/.m2/repository/org/springframework/spring-beans/5.1.3.RELEASE/spring-beans-5.1.3.RELEASE.jar:/home/user/.m2/repository/org/springframework/spring-core/5.1.3.RELEASE/spring-core-5.1.3.RELEASE.jar:/home/user/.m2/repository/org/springframework/spring-jcl/5.1.3.RELEASE/spring-jcl-5.1.3.RELEASE.jar:/home/user/.m2/repository/org/springframework/spring-tx/5.1.3.RELEASE/spring-tx-5.1.3.RELEASE.jar:/home/user/.m2/repository/org/apache/hadoop/hadoop-ozone-client/0.4.1-SNAPSHOT/hadoop-ozone-client-0.4.1-SNAPSHOT.jar:/home/user/.m2/repository/commons-lang/commons-lang/2.6/commons-lang-2.6.jar:/home/user/.m2/repository/org/apache/hadoop/hadoop-ozone-ozone-manager/0.4.1-SNAPSHOT/hadoop-ozone-ozone-manager-0.4.1-SNAPSHOT-tests.jar:/home/user/.m2/repository/junit/junit/4.11/junit-4.11.jar:/home/user/.m2/repository/org/hamcrest/hamcrest-core/1.3/hamcrest-core-1.3.jar:/home/user/.m2/repository/org/openjdk/jmh/jmh-core/1.19/jmh-core-1.19.jar:/home/user/.m2/repository/net/sf/jopt-simple/jopt-simple/4.6/jopt-simple-4.6.jar:/home/user/.m2/repository/org/apache/commons/commons-math3/3.1.1/commons-math3-3.1.1.jar:/home/user/.m2/repository/org/openjdk/jmh/jmh-generator-annprocess/1.19/jmh-generator-annprocess-1.19.jar:/home/user/.m2/repository/org/mockito/mockito-all/1.8.5/mockito-all-1.8.5.jar:/home/user/.m2/repository/org/apache/hadoop/hadoop-kms/3.2.0/hadoop-kms-3.2.0.jar:/home/user/.m2/repository/org/apache/hadoop/hadoop-auth/3.2.0/hadoop-auth-3.2.0.jar:/home/user/.m2/repository/com/nimbusds/nimbus-jose-jwt/4.41.1/nimbus-jose-jwt-4.41.1.jar:/home/user/.m2/repository/com/github/stephenc/jcip/jcip-annotations/1.0-1/jcip-annotations-1.0-1.jar:/home/user/.m2/repository/net/minidev/json-smart/2.3/json-smart-2.3.jar:/home/user/.m2/repository/net/minidev/accessors-smart/1.2/accessors-smart-1.2.jar:/home/user/.m2/repository/org/ow2/asm/asm/5.0.4/asm-5.0.4.jar:/home/user/.m2/repository/org/apache/curator/curator-framework/2.12.0/curator-framework-2.12.0.jar:/home/user/.m2/repository/com/sun/jersey/jersey-core/1.19/jersey-core-1.19.jar:/home/user/.m2/repository/javax/ws/rs/jsr311-api/1.1.1/jsr311-api-1.1.1.jar:/home/user/.m2/repository/com/sun/jersey/jersey-server/1.19/jersey-server-1.19.jar:/home/user/.m2/repository/javax/servlet/javax.servlet-api/3.1.0/javax.servlet-api-3.1.0.jar:/home/user/.m2/repository/org/eclipse/jetty/jetty-server/9.3.24.v20180605/jetty-server-9.3.24.v20180605.jar:/home/user/.m2/repository/org/eclipse/jetty/jetty-http/9.3.24.v20180605/jetty-http-9.3.24.v20180605.jar:/home/user/.m2/repository/org/eclipse/jetty/jetty-io/9.3.24.v20180605/jetty-io-9.3.24.v20180605.jar:/home/user/.m2/repository/org/eclipse/jetty/jetty-webapp/9.3.24.v20180605/jetty-webapp-9.3.24.v20180605.jar:/home/user/.m2/repository/org/eclipse/jetty/jetty-xml/9.3.24.v20180605/jetty-xml-9.3.24.v20180605.jar:/home/user/.m2/repository/log4j/log4j/1.2.17/log4j-1.2.17.jar:/home/user/.m2/repository/org/slf4j/slf4j-api/1.7.25/slf4j-api-1.7.25.jar:/home/user/.m2/repository/org/slf4j/jul-to-slf4j/1.7.25/jul-to-slf4j-1.7.25.jar:/home/user/.m2/repository/org/eclipse/jetty/jetty-util/9.3.24.v20180605/jetty-util-9.3.24.v20180605.jar:/home/user/.m2/repository/com/fasterxml/jackson/core/jackson-databind/2.9.5/jackson-databind-2.9.5.jar:/home/user/.m2/repository/org/apache/hadoop/hadoop-kms/3.2.0/hadoop-kms-3.2.0-tests.jar:/home/user/.m2/repository/org/apache/hadoop/hadoop-hdds-server-scm/0.4.1-SNAPSHOT/hadoop-hdds-server-scm-0.4.1-SNAPSHOT-tests.jar:/home/user/.m2/repository/org/apache/hadoop/hadoop-hdds-container-service/0.4.1-SNAPSHOT/hadoop-hdds-container-service-0.4.1-SNAPSHOT-tests.jar:/home/user/.m2/repository/org/yaml/snakeyaml/1.16/snakeyaml-1.16.jar:/home/user/.m2/repository/org/apache/hadoop/hadoop-common/3.2.0/hadoop-common-3.2.0-tests.jar:/home/user/.m2/repository/org/apache/hadoop/hadoop-annotations/3.2.0/hadoop-annotations-3.2.0.jar:/usr/lib/jvm/java-1.8-openjdk/jre/../lib/tools.jar:/home/user/.m2/repository/commons-cli/commons-cli/1.2/commons-cli-1.2.jar:/home/user/.m2/repository/org/apache/httpcomponents/httpclient/4.5.2/httpclient-4.5.2.jar:/home/user/.m2/repository/org/apache/httpcomponents/httpcore/4.4.4/httpcore-4.4.4.jar:/home/user/.m2/repository/commons-codec/commons-codec/1.11/commons-codec-1.11.jar:/home/user/.m2/repository/commons-net/commons-net/3.6/commons-net-3.6.jar:/home/user/.m2/repository/commons-collections/commons-collections/3.2.2/commons-collections-3.2.2.jar:/home/user/.m2/repository/org/eclipse/jetty/jetty-servlet/9.3.24.v20180605/jetty-servlet-9.3.24.v20180605.jar:/home/user/.m2/repository/org/eclipse/jetty/jetty-security/9.3.24.v20180605/jetty-security-9.3.24.v20180605.jar:/home/user/.m2/repository/javax/servlet/jsp/jsp-api/2.1/jsp-api-2.1.jar:/home/user/.m2/repository/com/sun/jersey/jersey-servlet/1.19/jersey-servlet-1.19.jar:/home/user/.m2/repository/com/sun/jersey/jersey-json/1.19/jersey-json-1.19.jar:/home/user/.m2/repository/org/codehaus/jettison/jettison/1.1/jettison-1.1.jar:/home/user/.m2/repository/org/codehaus/jackson/jackson-core-asl/1.9.13/jackson-core-asl-1.9.13.jar:/home/user/.m2/repository/org/codehaus/jackson/jackson-mapper-asl/1.9.13/jackson-mapper-asl-1.9.13.jar:/home/user/.m2/repository/org/codehaus/jackson/jackson-jaxrs/1.9.13/jackson-jaxrs-1.9.13.jar:/home/user/.m2/repository/org/codehaus/jackson/jackson-xc/1.9.13/jackson-xc-1.9.13.jar:/home/user/.m2/repository/commons-logging/commons-logging/1.1.3/commons-logging-1.1.3.jar:/home/user/.m2/repository/commons-beanutils/commons-beanutils/1.9.3/commons-beanutils-1.9.3.jar:/home/user/.m2/repository/org/apache/commons/commons-configuration2/2.1.1/commons-configuration2-2.1.1.jar:/home/user/.m2/repository/org/apache/commons/commons-lang3/3.7/commons-lang3-3.7.jar:/home/user/.m2/repository/org/apache/commons/commons-text/1.4/commons-text-1.4.jar:/home/user/.m2/repository/org/apache/avro/avro/1.7.7/avro-1.7.7.jar:/home/user/.m2/repository/com/thoughtworks/paranamer/paranamer/2.3/paranamer-2.3.jar:/home/user/.m2/repository/org/xerial/snappy/snappy-java/1.0.5/snappy-java-1.0.5.jar:/home/user/.m2/repository/com/google/re2j/re2j/1.1/re2j-1.1.jar:/home/user/.m2/repository/com/google/code/gson/gson/2.2.4/gson-2.2.4.jar:/home/user/.m2/repository/com/jcraft/jsch/0.1.54/jsch-0.1.54.jar:/home/user/.m2/repository/org/apache/curator/curator-client/2.12.0/curator-client-2.12.0.jar:/home/user/.m2/repository/org/apache/curator/curator-recipes/2.12.0/curator-recipes-2.12.0.jar:/home/user/.m2/repository/com/google/code/findbugs/jsr305/3.0.0/jsr305-3.0.0.jar:/home/user/.m2/repository/org/apache/htrace/htrace-core4/4.1.0-incubating/htrace-core4-4.1.0-incubating.jar:/home/user/.m2/repository/org/apache/zookeeper/zookeeper/3.4.13/zookeeper-3.4.13.jar:/home/user/.m2/repository/org/apache/yetus/audience-annotations/0.5.0/audience-annotations-0.5.0.jar:/home/user/.m2/repository/org/codehaus/woodstox/stax2-api/3.1.4/stax2-api-3.1.4.jar:/home/user/.m2/repository/com/fasterxml/woodstox/woodstox-core/5.0.3/woodstox-core-5.0.3.jar:/home/user/.m2/repository/dnsjava/dnsjava/2.1.7/dnsjava-2.1.7.jar:/home/user/.m2/repository/org/apache/hadoop/hadoop-hdfs/3.2.0/hadoop-hdfs-3.2.0-tests.jar:/home/user/.m2/repository/org/eclipse/jetty/jetty-util-ajax/9.3.24.v20180605/jetty-util-ajax-9.3.24.v20180605.jar:/home/user/.m2/repository/commons-daemon/commons-daemon/1.0.13/commons-daemon-1.0.13.jar:/home/user/.m2/repository/io/netty/netty/3.10.5.Final/netty-3.10.5.Final.jar:/home/user/.m2/repository/io/netty/netty-all/4.0.52.Final/netty-all-4.0.52.Final.jar:/home/user/.m2/repository/org/fusesource/leveldbjni/leveldbjni-all/1.8/leveldbjni-all-1.8.jar:"/>
    <property name="sun.cpu.endian" value="little"/>
    <property name="user.home" value="/home/user"/>
    <property name="user.language" value="en"/>
    <property name="java.specification.vendor" value="Oracle Corporation"/>
    <property name="java.home" value="/usr/lib/jvm/java-1.8-openjdk/jre"/>
    <property name="java.security.krb5.conf" value="/workdir/hadoop-ozone/integration-test/target/test-classes/krb5.conf"/>
    <property name="basedir" value="/workdir/hadoop-ozone/integration-test"/>
    <property name="file.separator" value="/"/>
    <property name="line.separator" value="&#10;"/>
    <property name="java.vm.specification.vendor" value="Oracle Corporation"/>
    <property name="java.specification.name" value="Java Platform API Specification"/>
    <property name="java.awt.graphicsenv" value="sun.awt.X11GraphicsEnvironment"/>
    <property name="surefire.real.class.path" value="/workdir/hadoop-ozone/integration-test/target/surefire/surefirebooter1662361757270386868.jar"/>
    <property name="hadoop.log.dir" value="/workdir/hadoop-ozone/integration-test/target/log"/>
    <property name="sun.boot.class.path" value="/usr/lib/jvm/java-1.8-openjdk/jre/lib/resources.jar:/usr/lib/jvm/java-1.8-openjdk/jre/lib/rt.jar:/usr/lib/jvm/java-1.8-openjdk/jre/lib/sunrsasign.jar:/usr/lib/jvm/java-1.8-openjdk/jre/lib/jsse.jar:/usr/lib/jvm/java-1.8-openjdk/jre/lib/jce.jar:/usr/lib/jvm/java-1.8-openjdk/jre/lib/charsets.jar:/usr/lib/jvm/java-1.8-openjdk/jre/lib/jfr.jar:/usr/lib/jvm/java-1.8-openjdk/jre/classes"/>
    <property name="sun.management.compiler" value="HotSpot 64-Bit Tiered Compilers"/>
    <property name="java.runtime.version" value="1.8.0_212-b04"/>
    <property name="java.net.preferIPv4Stack" value="true"/>
    <property name="user.name" value="jenkins1000"/>
    <property name="path.separator" value=":"/>
    <property name="java.security.egd" value="file:///dev/urandom"/>
    <property name="os.version" value="3.10.0-957.12.2.el7.x86_64"/>
    <property name="java.endorsed.dirs" value="/usr/lib/jvm/java-1.8-openjdk/jre/lib/endorsed"/>
    <property name="java.runtime.name" value="OpenJDK Runtime Environment"/>
    <property name="file.encoding" value="UTF-8"/>
    <property name="java.vm.name" value="OpenJDK 64-Bit Server VM"/>
    <property name="test.build.webapps" value=""/>
    <property name="localRepository" value="/home/user/.m2/repository"/>
    <property name="java.vendor.url.bug" value="https://icedtea.classpath.org/bugzilla"/>
    <property name="java.io.tmpdir" value="/tmp"/>
    <property name="require.test.libhadoop" value=""/>
    <property name="java.version" value="1.8.0_212"/>
    <property name="user.dir" value="/workdir/hadoop-ozone/integration-test"/>
    <property name="os.arch" value="amd64"/>
    <property name="java.vm.specification.name" value="Java Virtual Machine Specification"/>
    <property name="test.build.classes" value="/workdir/hadoop-ozone/integration-test/target/test-classes"/>
    <property name="java.awt.printerjob" value="sun.print.PSPrinterJob"/>
    <property name="sun.os.patch.level" value="unknown"/>
    <property name="hadoop.tmp.dir" value="/workdir/hadoop-ozone/integration-test/target/tmp"/>
    <property name="java.library.path" value="/usr/lib/jvm/java-1.8-openjdk/jre/lib/amd64/server:/usr/lib/jvm/java-1.8-openjdk/jre/lib/amd64:/usr/lib/jvm/java-1.8-openjdk/jre/../lib/amd64:/workdir/hadoop-ozone/integration-test/target/native/target/usr/local/lib:/workdir/hadoop-ozone/integration-test/../../hadoop-common-project/hadoop-common/target/native/target/usr/local/lib:/usr/java/packages/lib/amd64:/usr/lib64:/lib64:/lib:/usr/lib"/>
    <property name="java.vm.info" value="mixed mode"/>
    <property name="java.vendor" value="IcedTea"/>
    <property name="java.vm.version" value="25.212-b04"/>
    <property name="java.ext.dirs" value="/usr/lib/jvm/java-1.8-openjdk/jre/lib/ext:/usr/java/packages/lib/ext"/>
    <property name="sun.io.unicode.encoding" value="UnicodeLittle"/>
    <property name="java.class.version" value="52.0"/>
  </properties>
  <testcase name="testBlockDeletionTransactions" classname="org.apache.hadoop.ozone.TestStorageContainerManager" time="42.891">
    <error message="Unexpected Storage Container Exception: org.apache.hadoop.hdds.scm.container.common.helpers.StorageContainerException: ContainerID 4 creation failed" type="java.io.IOException">java.io.IOException: Unexpected Storage Container Exception: org.apache.hadoop.hdds.scm.container.common.helpers.StorageContainerException: ContainerID 4 creation failed
	at org.apache.hadoop.hdds.scm.storage.BlockOutputStream.setIoException(BlockOutputStream.java:541)
	at org.apache.hadoop.hdds.scm.storage.BlockOutputStream.validateResponse(BlockOutputStream.java:532)
	at org.apache.hadoop.hdds.scm.storage.BlockOutputStream.lambda$writeChunkToContainer$2(BlockOutputStream.java:606)
	at java.util.concurrent.CompletableFuture.uniApply(CompletableFuture.java:602)
	at java.util.concurrent.CompletableFuture$UniApply.tryFire(CompletableFuture.java:577)
	at java.util.concurrent.CompletableFuture$Completion.run(CompletableFuture.java:442)
	at java.util.concurrent.ThreadPoolExecutor.runWorker(ThreadPoolExecutor.java:1149)
	at java.util.concurrent.ThreadPoolExecutor$Worker.run(ThreadPoolExecutor.java:624)
	at java.lang.Thread.run(Thread.java:748)
Caused by: org.apache.hadoop.hdds.scm.container.common.helpers.StorageContainerException: ContainerID 4 creation failed
	at org.apache.hadoop.hdds.scm.storage.ContainerProtocolCalls.validateContainerResponse(ContainerProtocolCalls.java:536)
	at org.apache.hadoop.hdds.scm.storage.BlockOutputStream.validateResponse(BlockOutputStream.java:529)
	... 7 more
</error>
    <system-out><![CDATA[2019-08-03 03:25:49,213 WARN  server.ServerUtils (ServerUtils.java:getScmDbDir(145)) - ozone.scm.db.dirs is not configured. We recommend adding this setting. Falling back to ozone.metadata.dirs instead.
2019-08-03 03:25:50,921 WARN  server.ServerUtils (ServerUtils.java:getScmDbDir(145)) - ozone.scm.db.dirs is not configured. We recommend adding this setting. Falling back to ozone.metadata.dirs instead.
2019-08-03 03:25:50,925 WARN  server.ServerUtils (ServerUtils.java:getScmDbDir(145)) - ozone.scm.db.dirs is not configured. We recommend adding this setting. Falling back to ozone.metadata.dirs instead.
2019-08-03 03:25:50,950 INFO  util.log (Log.java:initialized(192)) - Logging initialized @2526ms
2019-08-03 03:25:51,062 INFO  db.DBStoreBuilder (DBStoreBuilder.java:addTable(110)) - using custom profile for table: deletedBlocks
2019-08-03 03:25:51,062 INFO  db.DBStoreBuilder (DBStoreBuilder.java:processTables(161)) - Using default column profile:DBProfile.DISK for Table:deletedBlocks
2019-08-03 03:25:51,063 INFO  db.DBStoreBuilder (DBStoreBuilder.java:addTable(110)) - using custom profile for table: validCerts
2019-08-03 03:25:51,063 INFO  db.DBStoreBuilder (DBStoreBuilder.java:processTables(161)) - Using default column profile:DBProfile.DISK for Table:validCerts
2019-08-03 03:25:51,063 INFO  db.DBStoreBuilder (DBStoreBuilder.java:addTable(110)) - using custom profile for table: revokedCerts
2019-08-03 03:25:51,063 INFO  db.DBStoreBuilder (DBStoreBuilder.java:processTables(161)) - Using default column profile:DBProfile.DISK for Table:revokedCerts
2019-08-03 03:25:51,076 INFO  db.DBStoreBuilder (DBStoreBuilder.java:addTable(110)) - using custom profile for table: default
2019-08-03 03:25:51,076 INFO  db.DBStoreBuilder (DBStoreBuilder.java:processTables(167)) - Using default column profile:DBProfile.DISK for Table:default
2019-08-03 03:25:51,077 INFO  db.DBStoreBuilder (DBStoreBuilder.java:getDbProfile(198)) - Using default options. DBProfile.DISK
2019-08-03 03:26:15,562 INFO  net.NodeSchemaLoader (NodeSchemaLoader.java:loadSchemaFromFile(125)) - Loading file from sun.misc.CompoundEnumeration@3bd0f986
2019-08-03 03:26:15,565 INFO  net.NodeSchemaLoader (NodeSchemaLoader.java:loadSchema(171)) - Loading network topology layer schema file
2019-08-03 03:26:15,647 WARN  server.ServerUtils (ServerUtils.java:sanitizeUserArgs(70)) - ozone.scm.stale.node.interval value = 300000 is larger than max = 100000 based on the key value of ozone.scm.heartbeat.thread.interval, reset to the max value 100000.
2019-08-03 03:26:15,649 WARN  server.ServerUtils (ServerUtils.java:sanitizeUserArgs(70)) - ozone.scm.stale.node.interval value = 300000 is larger than max = 100000 based on the key value of ozone.scm.heartbeat.thread.interval, reset to the max value 100000.
2019-08-03 03:26:15,651 INFO  node.SCMNodeManager (SCMNodeManager.java:<init>(121)) - Entering startup safe mode.
2019-08-03 03:26:15,743 WARN  server.ServerUtils (ServerUtils.java:getScmDbDir(145)) - ozone.scm.db.dirs is not configured. We recommend adding this setting. Falling back to ozone.metadata.dirs instead.
2019-08-03 03:26:15,845 INFO  pipeline.SCMPipelineManager (SCMPipelineManager.java:initializePipelineState(126)) - No pipeline exists in current db
2019-08-03 03:26:15,849 WARN  server.ServerUtils (ServerUtils.java:getScmDbDir(145)) - ozone.scm.db.dirs is not configured. We recommend adding this setting. Falling back to ozone.metadata.dirs instead.
2019-08-03 03:26:15,953 WARN  events.EventQueue (EventQueue.java:fireEvent(175)) - No event handler registered for event TypedEvent{payloadType=SafeModeStatus, name='SafeModeStatus'}
2019-08-03 03:26:16,328 INFO  ipc.CallQueueManager (CallQueueManager.java:<init>(84)) - Using callQueue: class java.util.concurrent.LinkedBlockingQueue, queueCapacity: 2000, scheduler: class org.apache.hadoop.ipc.DefaultRpcScheduler, ipcBackoff: false.
2019-08-03 03:26:16,359 INFO  ipc.Server (Server.java:run(1074)) - Starting Socket Reader #1 for port 39024
2019-08-03 03:26:16,385 INFO  ipc.CallQueueManager (CallQueueManager.java:<init>(84)) - Using callQueue: class java.util.concurrent.LinkedBlockingQueue, queueCapacity: 2000, scheduler: class org.apache.hadoop.ipc.DefaultRpcScheduler, ipcBackoff: false.
2019-08-03 03:26:16,386 INFO  ipc.Server (Server.java:run(1074)) - Starting Socket Reader #1 for port 45054
2019-08-03 03:26:16,393 INFO  ipc.CallQueueManager (CallQueueManager.java:<init>(84)) - Using callQueue: class java.util.concurrent.LinkedBlockingQueue, queueCapacity: 2000, scheduler: class org.apache.hadoop.ipc.DefaultRpcScheduler, ipcBackoff: false.
2019-08-03 03:26:16,394 INFO  ipc.Server (Server.java:run(1074)) - Starting Socket Reader #1 for port 40608
2019-08-03 03:26:16,530 INFO  hdfs.DFSUtil (DFSUtil.java:httpServerTemplateForNNAndJN(1641)) - Starting Web-server for scm at: http://0.0.0.0:0
2019-08-03 03:26:16,683 INFO  server.AuthenticationFilter (AuthenticationFilter.java:constructSecretProvider(240)) - Unable to initialize FileSignerSecretProvider, falling back to use random secrets.
2019-08-03 03:26:16,691 WARN  http.HttpRequestLog (HttpRequestLog.java:getRequestLog(97)) - Jetty request log can only be enabled using Log4j
2019-08-03 03:26:16,699 INFO  http.HttpServer2 (HttpServer2.java:addGlobalFilter(975)) - Added global filter 'safety' (class=org.apache.hadoop.http.HttpServer2$QuotingInputFilter)
2019-08-03 03:26:16,702 INFO  http.HttpServer2 (HttpServer2.java:addFilter(948)) - Added filter static_user_filter (class=org.apache.hadoop.http.lib.StaticUserWebFilter$StaticUserFilter) to context scm
2019-08-03 03:26:16,702 INFO  http.HttpServer2 (HttpServer2.java:addFilter(958)) - Added filter static_user_filter (class=org.apache.hadoop.http.lib.StaticUserWebFilter$StaticUserFilter) to context logs
2019-08-03 03:26:16,702 INFO  http.HttpServer2 (HttpServer2.java:addFilter(958)) - Added filter static_user_filter (class=org.apache.hadoop.http.lib.StaticUserWebFilter$StaticUserFilter) to context static
2019-08-03 03:26:16,731 INFO  server.StorageContainerManager (StorageContainerManager.java:start(758)) - StorageContainerLocationProtocol RPC server is listening at /0.0.0.0:40608
2019-08-03 03:26:16,809 WARN  impl.MetricsConfig (MetricsConfig.java:loadFirst(134)) - Cannot locate configuration: tried hadoop-metrics2-storagecontainermanager.properties,hadoop-metrics2.properties
2019-08-03 03:26:16,823 INFO  impl.MetricsSystemImpl (MetricsSystemImpl.java:startTimer(374)) - Scheduled Metric snapshot period at 10 second(s).
2019-08-03 03:26:16,824 INFO  impl.MetricsSystemImpl (MetricsSystemImpl.java:start(191)) - StorageContainerManager metrics system started
2019-08-03 03:26:17,073 INFO  server.SCMClientProtocolServer (SCMClientProtocolServer.java:start(151)) - RPC server for Client  is listening at /0.0.0.0:40608
2019-08-03 03:26:17,073 INFO  ipc.Server (Server.java:run(1314)) - IPC Server Responder: starting
2019-08-03 03:26:17,074 INFO  ipc.Server (Server.java:run(1153)) - IPC Server listener on 40608: starting
2019-08-03 03:26:17,080 INFO  server.StorageContainerManager (StorageContainerManager.java:start(768)) - ScmBlockLocationProtocol RPC server is listening at /0.0.0.0:45054
2019-08-03 03:26:17,081 INFO  server.SCMBlockProtocolServer (SCMBlockProtocolServer.java:start(140)) - RPC server for Block Protocol is listening at /0.0.0.0:45054
2019-08-03 03:26:17,081 INFO  ipc.Server (Server.java:run(1314)) - IPC Server Responder: starting
2019-08-03 03:26:17,081 INFO  ipc.Server (Server.java:run(1153)) - IPC Server listener on 45054: starting
2019-08-03 03:26:17,085 INFO  server.StorageContainerManager (StorageContainerManager.java:start(772)) - ScmDatanodeProtocl RPC server is listening at /0.0.0.0:39024
2019-08-03 03:26:17,085 INFO  server.SCMDatanodeProtocolServer (SCMDatanodeProtocolServer.java:start(191)) - RPC server for DataNodes is listening at /0.0.0.0:39024
2019-08-03 03:26:17,086 INFO  ipc.Server (Server.java:run(1314)) - IPC Server Responder: starting
2019-08-03 03:26:17,086 INFO  ipc.Server (Server.java:run(1153)) - IPC Server listener on 39024: starting
2019-08-03 03:26:17,091 INFO  http.HttpServer2 (HttpServer2.java:bindListener(1191)) - Jetty bound to port 41818
2019-08-03 03:26:17,094 INFO  server.Server (Server.java:doStart(351)) - jetty-9.3.24.v20180605, build timestamp: 2018-06-05T17:11:56Z, git hash: 84205aa28f11a4f31f2a3b86d1bba2cc8ab69827
2019-08-03 03:26:17,145 INFO  handler.ContextHandler (ContextHandler.java:doStart(781)) - Started o.e.j.s.ServletContextHandler@15a5aec1{/logs,file:///workdir/hadoop-ozone/integration-test/target/log,AVAILABLE}
2019-08-03 03:26:17,146 INFO  handler.ContextHandler (ContextHandler.java:doStart(781)) - Started o.e.j.s.ServletContextHandler@2d316fef{/static,file:///workdir/hadoop-ozone/integration-test/target/test-classes/webapps/static,AVAILABLE}
2019-08-03 03:26:17,184 INFO  handler.ContextHandler (ContextHandler.java:doStart(781)) - Started o.e.j.w.WebAppContext@109643a7{/,file:///workdir/hadoop-ozone/integration-test/target/test-classes/webapps/scm/,AVAILABLE}{/scm}
2019-08-03 03:26:17,190 INFO  server.AbstractConnector (AbstractConnector.java:doStart(278)) - Started ServerConnector@19129845{HTTP/1.1,[http/1.1]}{0.0.0.0:41818}
2019-08-03 03:26:17,190 INFO  server.Server (Server.java:doStart(419)) - Started @28766ms
2019-08-03 03:26:17,192 INFO  server.BaseHttpServer (BaseHttpServer.java:updateConnectorAddress(207)) - HTTP server of SCM is listening at http://0.0.0.0:41818
2019-08-03 03:26:17,198 INFO  util.JvmPauseMonitor (JvmPauseMonitor.java:run(188)) - Starting JVM pause monitor
2019-08-03 03:26:17,201 WARN  server.ServerUtils (ServerUtils.java:getDBPath(222)) - ozone.om.db.dirs is not configured. We recommend adding this setting. Falling back to ozone.metadata.dirs instead.
2019-08-03 03:26:17,302 WARN  server.ServerUtils (ServerUtils.java:getDBPath(222)) - ozone.om.db.dirs is not configured. We recommend adding this setting. Falling back to ozone.metadata.dirs instead.
2019-08-03 03:26:17,303 WARN  server.ServerUtils (ServerUtils.java:getDBPath(222)) - ozone.om.db.dirs is not configured. We recommend adding this setting. Falling back to ozone.metadata.dirs instead.
2019-08-03 03:26:17,304 INFO  om.OzoneManager (OzoneManager.java:setOMNodeDetails(644)) - OM Service ID is not set. Setting it to the default ID: omServiceIdDefault
2019-08-03 03:26:17,304 INFO  om.OzoneManager (OzoneManager.java:setOMNodeDetails(650)) - OM Node ID is not set. Setting it to the OmStorage's OmID: c78c77c9-b779-4805-8883-26e582a5fef9
2019-08-03 03:26:17,305 INFO  om.OzoneManager (OzoneManager.java:loadOMHAConfigs(601)) - Found matching OM address with OMServiceId: null, OMNodeId: null, RPC Address: localhost:0 and Ratis port: 9872
2019-08-03 03:26:18,029 WARN  server.ServerUtils (ServerUtils.java:getDBPath(222)) - ozone.om.db.dirs is not configured. We recommend adding this setting. Falling back to ozone.metadata.dirs instead.
2019-08-03 03:26:18,037 INFO  db.DBStoreBuilder (DBStoreBuilder.java:addTable(110)) - using custom profile for table: userTable
2019-08-03 03:26:18,037 INFO  db.DBStoreBuilder (DBStoreBuilder.java:processTables(161)) - Using default column profile:DBProfile.DISK for Table:userTable
2019-08-03 03:26:18,037 INFO  db.DBStoreBuilder (DBStoreBuilder.java:addTable(110)) - using custom profile for table: volumeTable
2019-08-03 03:26:18,037 INFO  db.DBStoreBuilder (DBStoreBuilder.java:processTables(161)) - Using default column profile:DBProfile.DISK for Table:volumeTable
2019-08-03 03:26:18,038 INFO  db.DBStoreBuilder (DBStoreBuilder.java:addTable(110)) - using custom profile for table: bucketTable
2019-08-03 03:26:18,038 INFO  db.DBStoreBuilder (DBStoreBuilder.java:processTables(161)) - Using default column profile:DBProfile.DISK for Table:bucketTable
2019-08-03 03:26:18,038 INFO  db.DBStoreBuilder (DBStoreBuilder.java:addTable(110)) - using custom profile for table: keyTable
2019-08-03 03:26:18,038 INFO  db.DBStoreBuilder (DBStoreBuilder.java:processTables(161)) - Using default column profile:DBProfile.DISK for Table:keyTable
2019-08-03 03:26:18,038 INFO  db.DBStoreBuilder (DBStoreBuilder.java:addTable(110)) - using custom profile for table: deletedTable
2019-08-03 03:26:18,039 INFO  db.DBStoreBuilder (DBStoreBuilder.java:processTables(161)) - Using default column profile:DBProfile.DISK for Table:deletedTable
2019-08-03 03:26:18,039 INFO  db.DBStoreBuilder (DBStoreBuilder.java:addTable(110)) - using custom profile for table: openKeyTable
2019-08-03 03:26:18,039 INFO  db.DBStoreBuilder (DBStoreBuilder.java:processTables(161)) - Using default column profile:DBProfile.DISK for Table:openKeyTable
2019-08-03 03:26:18,039 INFO  db.DBStoreBuilder (DBStoreBuilder.java:addTable(110)) - using custom profile for table: s3Table
2019-08-03 03:26:18,039 INFO  db.DBStoreBuilder (DBStoreBuilder.java:processTables(161)) - Using default column profile:DBProfile.DISK for Table:s3Table
2019-08-03 03:26:18,040 INFO  db.DBStoreBuilder (DBStoreBuilder.java:addTable(110)) - using custom profile for table: multipartInfoTable
2019-08-03 03:26:18,040 INFO  db.DBStoreBuilder (DBStoreBuilder.java:processTables(161)) - Using default column profile:DBProfile.DISK for Table:multipartInfoTable
2019-08-03 03:26:18,040 INFO  db.DBStoreBuilder (DBStoreBuilder.java:addTable(110)) - using custom profile for table: dTokenTable
2019-08-03 03:26:18,040 INFO  db.DBStoreBuilder (DBStoreBuilder.java:processTables(161)) - Using default column profile:DBProfile.DISK for Table:dTokenTable
2019-08-03 03:26:18,041 INFO  db.DBStoreBuilder (DBStoreBuilder.java:addTable(110)) - using custom profile for table: s3SecretTable
2019-08-03 03:26:18,041 INFO  db.DBStoreBuilder (DBStoreBuilder.java:processTables(161)) - Using default column profile:DBProfile.DISK for Table:s3SecretTable
2019-08-03 03:26:18,041 INFO  db.DBStoreBuilder (DBStoreBuilder.java:addTable(110)) - using custom profile for table: prefixTable
2019-08-03 03:26:18,041 INFO  db.DBStoreBuilder (DBStoreBuilder.java:processTables(161)) - Using default column profile:DBProfile.DISK for Table:prefixTable
2019-08-03 03:26:18,042 INFO  db.DBStoreBuilder (DBStoreBuilder.java:addTable(110)) - using custom profile for table: default
2019-08-03 03:26:18,042 INFO  db.DBStoreBuilder (DBStoreBuilder.java:processTables(167)) - Using default column profile:DBProfile.DISK for Table:default
2019-08-03 03:26:18,042 INFO  db.DBStoreBuilder (DBStoreBuilder.java:getDbProfile(198)) - Using default options. DBProfile.DISK
2019-08-03 03:26:18,367 INFO  ipc.CallQueueManager (CallQueueManager.java:<init>(84)) - Using callQueue: class java.util.concurrent.LinkedBlockingQueue, queueCapacity: 2000, scheduler: class org.apache.hadoop.ipc.DefaultRpcScheduler, ipcBackoff: false.
2019-08-03 03:26:18,369 INFO  ipc.Server (Server.java:run(1074)) - Starting Socket Reader #1 for port 37248
2019-08-03 03:26:18,397 INFO  om.OzoneManager (OzoneManager.java:start(1255)) - OzoneManager RPC server is listening at localhost/127.0.0.1:37248
2019-08-03 03:26:18,397 INFO  impl.MetricsSystemImpl (MetricsSystemImpl.java:init(158)) - OzoneManager metrics system started (again)
2019-08-03 03:26:18,399 INFO  ipc.Server (Server.java:run(1314)) - IPC Server Responder: starting
2019-08-03 03:26:18,400 INFO  ipc.Server (Server.java:run(1153)) - IPC Server listener on 37248: starting
2019-08-03 03:26:18,412 INFO  hdfs.DFSUtil (DFSUtil.java:httpServerTemplateForNNAndJN(1641)) - Starting Web-server for ozoneManager at: http://0.0.0.0:0
2019-08-03 03:26:18,414 INFO  server.AuthenticationFilter (AuthenticationFilter.java:constructSecretProvider(240)) - Unable to initialize FileSignerSecretProvider, falling back to use random secrets.
2019-08-03 03:26:18,415 WARN  http.HttpRequestLog (HttpRequestLog.java:getRequestLog(97)) - Jetty request log can only be enabled using Log4j
2019-08-03 03:26:18,417 INFO  http.HttpServer2 (HttpServer2.java:addGlobalFilter(975)) - Added global filter 'safety' (class=org.apache.hadoop.http.HttpServer2$QuotingInputFilter)
2019-08-03 03:26:18,419 INFO  http.HttpServer2 (HttpServer2.java:addFilter(948)) - Added filter static_user_filter (class=org.apache.hadoop.http.lib.StaticUserWebFilter$StaticUserFilter) to context ozoneManager
2019-08-03 03:26:18,420 INFO  http.HttpServer2 (HttpServer2.java:addFilter(958)) - Added filter static_user_filter (class=org.apache.hadoop.http.lib.StaticUserWebFilter$StaticUserFilter) to context static
2019-08-03 03:26:18,420 INFO  http.HttpServer2 (HttpServer2.java:addFilter(958)) - Added filter static_user_filter (class=org.apache.hadoop.http.lib.StaticUserWebFilter$StaticUserFilter) to context logs
2019-08-03 03:26:18,422 INFO  http.HttpServer2 (HttpServer2.java:bindListener(1191)) - Jetty bound to port 35665
2019-08-03 03:26:18,423 INFO  server.Server (Server.java:doStart(351)) - jetty-9.3.24.v20180605, build timestamp: 2018-06-05T17:11:56Z, git hash: 84205aa28f11a4f31f2a3b86d1bba2cc8ab69827
2019-08-03 03:26:18,426 INFO  handler.ContextHandler (ContextHandler.java:doStart(781)) - Started o.e.j.s.ServletContextHandler@10e2ed88{/logs,file:///workdir/hadoop-ozone/integration-test/target/log,AVAILABLE}
2019-08-03 03:26:18,427 INFO  handler.ContextHandler (ContextHandler.java:doStart(781)) - Started o.e.j.s.ServletContextHandler@227a598b{/static,file:///workdir/hadoop-ozone/integration-test/target/test-classes/webapps/static,AVAILABLE}
2019-08-03 03:26:18,432 INFO  handler.ContextHandler (ContextHandler.java:doStart(781)) - Started o.e.j.w.WebAppContext@5bb63bd0{/,file:///workdir/hadoop-ozone/integration-test/target/test-classes/webapps/ozoneManager/,AVAILABLE}{/ozoneManager}
2019-08-03 03:26:18,433 INFO  server.AbstractConnector (AbstractConnector.java:doStart(278)) - Started ServerConnector@29ebfbea{HTTP/1.1,[http/1.1]}{0.0.0.0:35665}
2019-08-03 03:26:18,434 INFO  server.Server (Server.java:doStart(419)) - Started @30009ms
2019-08-03 03:26:18,435 INFO  server.BaseHttpServer (BaseHttpServer.java:updateConnectorAddress(207)) - HTTP server of OZONEMANAGER is listening at http://0.0.0.0:35665
2019-08-03 03:26:18,737 INFO  impl.MetricsSystemImpl (MetricsSystemImpl.java:init(158)) - HddsDatanode metrics system started (again)
2019-08-03 03:26:18,833 INFO  ozone.HddsDatanodeService (HddsDatanodeService.java:start(184)) - HddsDatanodeService host:byscane-nightly-b86qh-2100283676 ip:192.168.5.147
2019-08-03 03:26:18,870 INFO  volume.HddsVolume (HddsVolume.java:<init>(176)) - Creating Volume: /workdir/hadoop-ozone/integration-test/target/test-dir/MiniOzoneClusterImpl-06c0cc4d-96e4-4a6b-80c7-149f2c39dd82/datanode-0/data/containers/hdds of  storage type : DISK and capacity : 52710309888
2019-08-03 03:26:18,872 INFO  volume.VolumeSet (VolumeSet.java:initializeVolumeSet(170)) - Added Volume : /workdir/hadoop-ozone/integration-test/target/test-dir/MiniOzoneClusterImpl-06c0cc4d-96e4-4a6b-80c7-149f2c39dd82/datanode-0/data/containers/hdds to VolumeSet
2019-08-03 03:26:18,875 INFO  volume.ThrottledAsyncChecker (ThrottledAsyncChecker.java:schedule(140)) - Scheduling a check for org.apache.hadoop.ozone.container.common.volume.HddsVolume@461a781d
2019-08-03 03:26:18,896 INFO  volume.HddsVolumeChecker (HddsVolumeChecker.java:checkAllVolumes(203)) - Scheduled health check for volume org.apache.hadoop.ozone.container.common.volume.HddsVolume@461a781d
2019-08-03 03:26:19,008 INFO  impl.RaftServerProxy (ConfUtils.java:logGet(43)) - raft.rpc.type = GRPC (default)
2019-08-03 03:26:19,078 INFO  grpc.GrpcFactory (GrpcFactory.java:checkPooledByteBufAllocatorUseCacheForAllThreads(45)) - PERFORMANCE WARNING: useCacheForAllThreads is true that may cause Netty to create a lot garbage objects and, as a result, trigger GC.
	It is recommended to disable useCacheForAllThreads by setting -Dorg.apache.ratis.thirdparty.io.netty.allocator.useCacheForAllThreads=false in command line.
2019-08-03 03:26:19,086 INFO  grpc.GrpcConfigKeys$Server (ConfUtils.java:logGet(43)) - raft.grpc.server.port = 0 (default)
2019-08-03 03:26:19,088 INFO  server.GrpcService (ConfUtils.java:logGet(43)) - raft.grpc.message.size.max = 33570816 (custom)
2019-08-03 03:26:19,090 INFO  server.RaftServerConfigKeys (ConfUtils.java:logGet(43)) - raft.server.log.appender.buffer.byte-limit = 33554432 (custom)
2019-08-03 03:26:19,091 INFO  server.GrpcService (ConfUtils.java:logGet(43)) - raft.grpc.flow.control.window = 1MB (=1048576) (default)
2019-08-03 03:26:19,093 INFO  server.RaftServerConfigKeys (ConfUtils.java:logGet(43)) - raft.server.rpc.request.timeout = 3000ms (default)
2019-08-03 03:26:19,304 INFO  server.RaftServerConfigKeys (ConfUtils.java:logGet(43)) - raft.server.storage.dir = [/workdir/hadoop-ozone/integration-test/target/test-dir/MiniOzoneClusterImpl-06c0cc4d-96e4-4a6b-80c7-149f2c39dd82/datanode-0/data/ratis] (custom)
2019-08-03 03:26:19,349 INFO  replication.SimpleContainerDownloader (SimpleContainerDownloader.java:<init>(72)) - Starting container downloader service to copy containers to replicate.
2019-08-03 03:26:19,367 INFO  hdfs.DFSUtil (DFSUtil.java:httpServerTemplateForNNAndJN(1641)) - Starting Web-server for hddsDatanode at: http://0.0.0.0:0
2019-08-03 03:26:19,370 INFO  server.AuthenticationFilter (AuthenticationFilter.java:constructSecretProvider(240)) - Unable to initialize FileSignerSecretProvider, falling back to use random secrets.
2019-08-03 03:26:19,371 WARN  http.HttpRequestLog (HttpRequestLog.java:getRequestLog(97)) - Jetty request log can only be enabled using Log4j
2019-08-03 03:26:19,373 INFO  http.HttpServer2 (HttpServer2.java:addGlobalFilter(975)) - Added global filter 'safety' (class=org.apache.hadoop.http.HttpServer2$QuotingInputFilter)
2019-08-03 03:26:19,374 INFO  http.HttpServer2 (HttpServer2.java:addFilter(948)) - Added filter static_user_filter (class=org.apache.hadoop.http.lib.StaticUserWebFilter$StaticUserFilter) to context hddsDatanode
2019-08-03 03:26:19,375 INFO  http.HttpServer2 (HttpServer2.java:addFilter(958)) - Added filter static_user_filter (class=org.apache.hadoop.http.lib.StaticUserWebFilter$StaticUserFilter) to context static
2019-08-03 03:26:19,375 INFO  http.HttpServer2 (HttpServer2.java:addFilter(958)) - Added filter static_user_filter (class=org.apache.hadoop.http.lib.StaticUserWebFilter$StaticUserFilter) to context logs
2019-08-03 03:26:19,376 INFO  http.HttpServer2 (HttpServer2.java:bindListener(1191)) - Jetty bound to port 32921
2019-08-03 03:26:19,376 INFO  server.Server (Server.java:doStart(351)) - jetty-9.3.24.v20180605, build timestamp: 2018-06-05T17:11:56Z, git hash: 84205aa28f11a4f31f2a3b86d1bba2cc8ab69827
2019-08-03 03:26:19,381 INFO  handler.ContextHandler (ContextHandler.java:doStart(781)) - Started o.e.j.s.ServletContextHandler@1c0e98b0{/logs,file:///workdir/hadoop-ozone/integration-test/target/log,AVAILABLE}
2019-08-03 03:26:19,382 INFO  handler.ContextHandler (ContextHandler.java:doStart(781)) - Started o.e.j.s.ServletContextHandler@60f81d50{/static,jar:file:/home/user/.m2/repository/org/apache/hadoop/hadoop-hdds-container-service/0.4.1-SNAPSHOT/hadoop-hdds-container-service-0.4.1-SNAPSHOT.jar!/webapps/static,AVAILABLE}
2019-08-03 03:26:19,421 INFO  handler.ContextHandler (ContextHandler.java:doStart(781)) - Started o.e.j.w.WebAppContext@1e5d0f5a{/,file:///tmp/jetty-0.0.0.0-32921-hddsDatanode-_-any-7597576543224417561.dir/webapp/,AVAILABLE}{/hddsDatanode}
2019-08-03 03:26:19,422 INFO  server.AbstractConnector (AbstractConnector.java:doStart(278)) - Started ServerConnector@4a61aa49{HTTP/1.1,[http/1.1]}{0.0.0.0:32921}
2019-08-03 03:26:19,422 INFO  server.Server (Server.java:doStart(419)) - Started @30998ms
2019-08-03 03:26:19,424 INFO  server.BaseHttpServer (BaseHttpServer.java:updateConnectorAddress(207)) - HTTP server of HDDSDATANODE is listening at http://0.0.0.0:32921
2019-08-03 03:26:20,692 INFO  ozone.HddsDatanodeService (HddsDatanodeService.java:startPlugins(395)) - Started plug-in org.apache.hadoop.ozone.web.OzoneHddsDatanodeService@4a9a68eb
2019-08-03 03:26:20,696 INFO  ozone.MiniOzoneClusterImpl (MiniOzoneClusterImpl.java:lambda$waitForClusterToBeReady$0(142)) - Waiting for cluster to be ready. Got 0 of 1 DN Heartbeats.
2019-08-03 03:26:20,701 INFO  util.JvmPauseMonitor (JvmPauseMonitor.java:run(188)) - Starting JVM pause monitor
2019-08-03 03:26:20,823 INFO  datanode.InitDatanodeState (InitDatanodeState.java:persistContainerDatanodeDetails(140)) - DatanodeDetails is persisted to /workdir/hadoop-ozone/integration-test/target/test-dir/MiniOzoneClusterImpl-06c0cc4d-96e4-4a6b-80c7-149f2c39dd82/datanode-0/meta/datanode.id
2019-08-03 03:26:21,696 INFO  ozone.MiniOzoneClusterImpl (MiniOzoneClusterImpl.java:lambda$waitForClusterToBeReady$0(142)) - Waiting for cluster to be ready. Got 0 of 1 DN Heartbeats.
2019-08-03 03:26:22,697 INFO  ozone.MiniOzoneClusterImpl (MiniOzoneClusterImpl.java:lambda$waitForClusterToBeReady$0(142)) - Waiting for cluster to be ready. Got 0 of 1 DN Heartbeats.
2019-08-03 03:26:22,802 INFO  ozoneimpl.OzoneContainer (OzoneContainer.java:start(186)) - Attempting to start container services.
2019-08-03 03:26:22,804 INFO  ozoneimpl.OzoneContainer (OzoneContainer.java:startContainerScrub(160)) - Background container scrubber has been disabled by hdds.containerscrub.enabled
2019-08-03 03:26:22,805 INFO  ratis.XceiverServerRatis (XceiverServerRatis.java:start(404)) - Starting XceiverServerRatis fc002b27-8bc2-4c27-9ef4-3d850f2a776b at port 0
2019-08-03 03:26:22,832 INFO  impl.RaftServerProxy (RaftServerProxy.java:lambda$start$3(299)) - fc002b27-8bc2-4c27-9ef4-3d850f2a776b: start RPC server
2019-08-03 03:26:22,958 INFO  server.GrpcService (GrpcService.java:startImpl(149)) - fc002b27-8bc2-4c27-9ef4-3d850f2a776b: GrpcService started, listening on 0.0.0.0/0.0.0.0:37071
2019-08-03 03:26:22,959 INFO  ratis.XceiverServerRatis (XceiverServerRatis.java:start(414)) - XceiverServerRatis fc002b27-8bc2-4c27-9ef4-3d850f2a776b is started using port 37071
2019-08-03 03:26:22,961 INFO  server.XceiverServerGrpc (XceiverServerGrpc.java:start(161)) - XceiverServerGrpc fc002b27-8bc2-4c27-9ef4-3d850f2a776b is started using port 35506
2019-08-03 03:26:23,698 INFO  ozone.MiniOzoneClusterImpl (MiniOzoneClusterImpl.java:lambda$waitForClusterToBeReady$0(142)) - Waiting for cluster to be ready. Got 0 of 1 DN Heartbeats.
2019-08-03 03:26:24,699 INFO  ozone.MiniOzoneClusterImpl (MiniOzoneClusterImpl.java:lambda$waitForClusterToBeReady$0(142)) - Waiting for cluster to be ready. Got 0 of 1 DN Heartbeats.
2019-08-03 03:26:24,736 INFO  net.NetworkTopology (NetworkTopologyImpl.java:add(110)) - Added a new node: /default-rack/fc002b27-8bc2-4c27-9ef4-3d850f2a776b
2019-08-03 03:26:24,736 INFO  node.SCMNodeManager (SCMNodeManager.java:register(273)) - Registered Data node : fc002b27-8bc2-4c27-9ef4-3d850f2a776b{ip: 192.168.5.147, host: byscane-nightly-b86qh-2100283676, networkLocation: /default-rack, certSerialId: null}
2019-08-03 03:26:24,741 INFO  safemode.SCMSafeModeManager (DataNodeSafeModeRule.java:process(71)) - SCM in safe mode. 1 DataNodes registered, 1 required.
2019-08-03 03:26:24,743 INFO  safemode.SCMSafeModeManager (SCMSafeModeManager.java:validateSafeModeExitRules(177)) - ScmSafeModeManager, all rules are successfully validated
2019-08-03 03:26:24,743 INFO  safemode.SCMSafeModeManager (SCMSafeModeManager.java:exitSafeMode(193)) - SCM exiting safe mode.
2019-08-03 03:26:25,199 INFO  impl.RaftServerProxy (RaftServerProxy.java:addNew(89)) - fc002b27-8bc2-4c27-9ef4-3d850f2a776b: addNew group-8553945B7CE2:[fc002b27-8bc2-4c27-9ef4-3d850f2a776b:192.168.5.147:37071] returns group-8553945B7CE2:java.util.concurrent.CompletableFuture@4876593b[Not completed]
2019-08-03 03:26:25,210 INFO  impl.RaftServerImpl (RaftServerImpl.java:<init>(93)) - fc002b27-8bc2-4c27-9ef4-3d850f2a776b: new RaftServerImpl for group-8553945B7CE2:[fc002b27-8bc2-4c27-9ef4-3d850f2a776b:192.168.5.147:37071] with ContainerStateMachine:uninitialized
2019-08-03 03:26:25,212 INFO  server.RaftServerConfigKeys (ConfUtils.java:logGet(43)) - raft.server.rpc.timeout.min = 5s (custom)
2019-08-03 03:26:25,212 INFO  server.RaftServerConfigKeys (ConfUtils.java:logGet(43)) - raft.server.rpc.timeout.max = 5200ms (custom)
2019-08-03 03:26:25,212 INFO  server.RaftServerConfigKeys (ConfUtils.java:logGet(43)) - raft.server.rpcslowness.timeout = 120s (custom)
2019-08-03 03:26:25,213 INFO  server.RaftServerConfigKeys (ConfUtils.java:logGet(43)) - raft.server.sleep.deviation.threshold = 300 (default)
2019-08-03 03:26:25,214 INFO  server.RaftServerConfigKeys (ConfUtils.java:logGet(43)) - raft.server.log.appender.install.snapshot.enabled = false (custom)
2019-08-03 03:26:25,220 INFO  impl.RaftServerImpl (ServerState.java:<init>(105)) - fc002b27-8bc2-4c27-9ef4-3d850f2a776b:group-8553945B7CE2 ConfigurationManager, init=-1: [fc002b27-8bc2-4c27-9ef4-3d850f2a776b:192.168.5.147:37071], old=null, confs=<EMPTY_MAP>
2019-08-03 03:26:25,220 INFO  server.RaftServerConfigKeys (ConfUtils.java:logGet(43)) - raft.server.storage.dir = [/workdir/hadoop-ozone/integration-test/target/test-dir/MiniOzoneClusterImpl-06c0cc4d-96e4-4a6b-80c7-149f2c39dd82/datanode-0/data/ratis] (custom)
2019-08-03 03:26:25,228 INFO  storage.RaftStorageDirectory (RaftStorageDirectory.java:analyzeStorage(246)) - The storage directory /workdir/hadoop-ozone/integration-test/target/test-dir/MiniOzoneClusterImpl-06c0cc4d-96e4-4a6b-80c7-149f2c39dd82/datanode-0/data/ratis/27c135f2-11c7-4155-9e5c-8553945b7ce2 does not exist. Creating ...
2019-08-03 03:26:25,238 INFO  storage.RaftStorageDirectory (RaftStorageDirectory.java:tryLock(328)) - Lock on /workdir/hadoop-ozone/integration-test/target/test-dir/MiniOzoneClusterImpl-06c0cc4d-96e4-4a6b-80c7-149f2c39dd82/datanode-0/data/ratis/27c135f2-11c7-4155-9e5c-8553945b7ce2/in_use.lock acquired by nodename 24336@byscane-nightly-b86qh-2100283676
2019-08-03 03:26:25,244 INFO  storage.RaftStorage (RaftStorage.java:format(72)) - Storage directory /workdir/hadoop-ozone/integration-test/target/test-dir/MiniOzoneClusterImpl-06c0cc4d-96e4-4a6b-80c7-149f2c39dd82/datanode-0/data/ratis/27c135f2-11c7-4155-9e5c-8553945b7ce2 has been successfully formatted.
2019-08-03 03:26:25,246 INFO  ratis.ContainerStateMachine (ContainerStateMachine.java:loadSnapshot(213)) - group-8553945B7CE2: The snapshot info is null. Setting the last applied indexto:(t:0, i:~)
2019-08-03 03:26:25,246 INFO  server.RaftServerConfigKeys (ConfUtils.java:logGet(43)) - raft.server.leader.election.timeout = 120s (custom)
2019-08-03 03:26:25,551 INFO  server.RaftServerConfigKeys (ConfUtils.java:logGet(43)) - raft.server.log.use.memory = false (default)
2019-08-03 03:26:25,557 INFO  server.RaftServerConfigKeys (ConfUtils.java:logGet(43)) - raft.server.log.purge.gap = 1000000000 (custom)
2019-08-03 03:26:25,558 INFO  server.RaftServerConfigKeys (ConfUtils.java:logGet(43)) - raft.server.log.appender.buffer.byte-limit = 33554432 (custom)
2019-08-03 03:26:25,559 INFO  server.RaftServerConfigKeys (ConfUtils.java:logGet(43)) - raft.server.log.segment.size.max = 1048576 (custom)
2019-08-03 03:26:25,565 INFO  server.RaftServerConfigKeys (ConfUtils.java:logGet(43)) - raft.server.log.segment.cache.num.max = 2 (custom)
2019-08-03 03:26:25,571 INFO  segmented.SegmentedRaftLogWorker (SegmentedRaftLogWorker.java:<init>(172)) - new fc002b27-8bc2-4c27-9ef4-3d850f2a776b-SegmentedRaftLogWorker:Storage Directory /workdir/hadoop-ozone/integration-test/target/test-dir/MiniOzoneClusterImpl-06c0cc4d-96e4-4a6b-80c7-149f2c39dd82/datanode-0/data/ratis/27c135f2-11c7-4155-9e5c-8553945b7ce2 for RaftStorage:Storage Directory /workdir/hadoop-ozone/integration-test/target/test-dir/MiniOzoneClusterImpl-06c0cc4d-96e4-4a6b-80c7-149f2c39dd82/datanode-0/data/ratis/27c135f2-11c7-4155-9e5c-8553945b7ce2
2019-08-03 03:26:25,582 INFO  server.RaftServerConfigKeys (ConfUtils.java:logGet(43)) - raft.server.log.queue.byte-limit = 2147483647 (custom)
2019-08-03 03:26:25,582 INFO  server.RaftServerConfigKeys (ConfUtils.java:logGet(43)) - raft.server.log.queue.element-limit = 1024 (custom)
2019-08-03 03:26:25,588 INFO  server.RaftServerConfigKeys (ConfUtils.java:logGet(43)) - raft.server.log.segment.size.max = 1048576 (custom)
2019-08-03 03:26:25,589 INFO  server.RaftServerConfigKeys (ConfUtils.java:logGet(43)) - raft.server.log.preallocated.size = 16384 (custom)
2019-08-03 03:26:25,589 INFO  server.RaftServerConfigKeys (ConfUtils.java:logGet(43)) - raft.server.log.write.buffer.size = 33554432 (custom)
2019-08-03 03:26:25,590 INFO  server.RaftServerConfigKeys (ConfUtils.java:logGet(43)) - raft.server.log.force.sync.num = 128 (default)
2019-08-03 03:26:25,591 INFO  server.RaftServerConfigKeys (ConfUtils.java:logGet(43)) - raft.server.log.statemachine.data.sync = true (default)
2019-08-03 03:26:25,591 INFO  server.RaftServerConfigKeys (ConfUtils.java:logGet(43)) - raft.server.log.statemachine.data.sync.timeout = 10s (default)
2019-08-03 03:26:25,591 INFO  server.RaftServerConfigKeys (ConfUtils.java:logGet(43)) - raft.server.log.statemachine.data.sync.timeout.retry = -1 (default)
2019-08-03 03:26:25,600 INFO  server.RaftServerConfigKeys (ConfUtils.java:logGet(43)) - raft.server.log.statemachine.data.caching.enabled = true (custom)
2019-08-03 03:26:25,604 INFO  segmented.SegmentedRaftLogWorker (SegmentedRaftLogWorker.java:lambda$new$0(132)) - fc002b27-8bc2-4c27-9ef4-3d850f2a776b-SegmentedRaftLogWorker:Storage Directory /workdir/hadoop-ozone/integration-test/target/test-dir/MiniOzoneClusterImpl-06c0cc4d-96e4-4a6b-80c7-149f2c39dd82/datanode-0/data/ratis/27c135f2-11c7-4155-9e5c-8553945b7ce2: flushIndex: setUnconditionally 0 -> -1
2019-08-03 03:26:25,608 INFO  server.RaftServerConfigKeys (ConfUtils.java:logGet(43)) - raft.server.snapshot.auto.trigger.enabled = true (custom)
2019-08-03 03:26:25,609 INFO  server.RaftServerConfigKeys (ConfUtils.java:logGet(43)) - raft.server.snapshot.auto.trigger.threshold = 10000 (custom)
2019-08-03 03:26:25,610 INFO  server.RaftServerConfigKeys (ConfUtils.java:logGet(43)) - raft.server.retrycache.expirytime = 600000ms (custom)
2019-08-03 03:26:25,629 INFO  impl.RaftServerImpl (RaftServerImpl.java:start(180)) - fc002b27-8bc2-4c27-9ef4-3d850f2a776b: start group-8553945B7CE2
2019-08-03 03:26:25,631 INFO  impl.RaftServerImpl (RaftServerImpl.java:setRole(171)) - fc002b27-8bc2-4c27-9ef4-3d850f2a776b:group-8553945B7CE2 changes role from null to FOLLOWER at term 0 for startAsFollower
2019-08-03 03:26:25,632 INFO  impl.RoleInfo (RoleInfo.java:updateAndGet(143)) - fc002b27-8bc2-4c27-9ef4-3d850f2a776b: start FollowerState
2019-08-03 03:26:25,639 INFO  util.JmxRegister (JmxRegister.java:tryRegister(44)) - Successfully registered JMX Bean with object name Ratis:service=RaftServer,group=group-8553945B7CE2,id=fc002b27-8bc2-4c27-9ef4-3d850f2a776b
2019-08-03 03:26:25,698 INFO  pipeline.PipelineStateManager (PipelineStateManager.java:addPipeline(56)) - Created pipeline Pipeline[ Id: 27c135f2-11c7-4155-9e5c-8553945b7ce2, Nodes: fc002b27-8bc2-4c27-9ef4-3d850f2a776b{ip: 192.168.5.147, host: byscane-nightly-b86qh-2100283676, networkLocation: /default-rack, certSerialId: null}, Type:RATIS, Factor:ONE, State:OPEN]
2019-08-03 03:26:25,699 INFO  ozone.MiniOzoneClusterImpl (MiniOzoneClusterImpl.java:lambda$waitForClusterToBeReady$0(142)) - Cluster is ready. Got 1 of 1 DN Heartbeats.
2019-08-03 03:26:26,139 INFO  pipeline.PipelineStateManager (PipelineStateManager.java:addPipeline(56)) - Created pipeline Pipeline[ Id: 80e69540-d794-49ce-a4e9-ef8b66a997a6, Nodes: fc002b27-8bc2-4c27-9ef4-3d850f2a776b{ip: 192.168.5.147, host: byscane-nightly-b86qh-2100283676, networkLocation: /default-rack, certSerialId: null}, Type:STAND_ALONE, Factor:ONE, State:OPEN]
2019-08-03 03:26:26,222 INFO  impl.MetricsSystemImpl (MetricsSystemImpl.java:init(158)) - XceiverClientMetrics metrics system started (again)
2019-08-03 03:26:26,807 INFO  keyvalue.KeyValueHandler (ContainerUtils.java:logAndReturnError(146)) - Operation: CreateContainer : Trace ID: 631d221f8b5ff0ce:631d221f8b5ff0ce:0:0 : Message: Container creation failed, due to disk out of space : Result: DISK_OUT_OF_SPACE
03:26:26.808 [grpc-default-executor-0] ERROR DNAudit - user=null | ip=null | op=WRITE_CHUNK {blockData=conID: 4 locID: 102550915431202823 bcsId: 0} | ret=FAILURE
org.apache.hadoop.hdds.scm.container.common.helpers.StorageContainerException: ContainerID 4 creation failed
	at org.apache.hadoop.ozone.container.common.impl.HddsDispatcher.dispatchRequest(HddsDispatcher.java:227) [hadoop-hdds-container-service-0.4.1-SNAPSHOT.jar:?]
	at org.apache.hadoop.ozone.container.common.impl.HddsDispatcher.dispatch(HddsDispatcher.java:148) [hadoop-hdds-container-service-0.4.1-SNAPSHOT.jar:?]
	at org.apache.hadoop.ozone.container.common.transport.server.GrpcXceiverService$1.onNext(GrpcXceiverService.java:73) [hadoop-hdds-container-service-0.4.1-SNAPSHOT.jar:?]
	at org.apache.hadoop.ozone.container.common.transport.server.GrpcXceiverService$1.onNext(GrpcXceiverService.java:61) [hadoop-hdds-container-service-0.4.1-SNAPSHOT.jar:?]
	at org.apache.ratis.thirdparty.io.grpc.stub.ServerCalls$StreamingServerCallHandler$StreamingServerCallListener.onMessage(ServerCalls.java:248) [ratis-thirdparty-misc-0.2.0.jar:0.2.0]
	at org.apache.ratis.thirdparty.io.grpc.ForwardingServerCallListener.onMessage(ForwardingServerCallListener.java:33) [ratis-thirdparty-misc-0.2.0.jar:0.2.0]
	at org.apache.ratis.thirdparty.io.grpc.Contexts$ContextualizedServerCallListener.onMessage(Contexts.java:76) [ratis-thirdparty-misc-0.2.0.jar:0.2.0]
	at org.apache.ratis.thirdparty.io.grpc.ForwardingServerCallListener.onMessage(ForwardingServerCallListener.java:33) [ratis-thirdparty-misc-0.2.0.jar:0.2.0]
	at org.apache.hadoop.hdds.tracing.GrpcServerInterceptor$1.onMessage(GrpcServerInterceptor.java:46) [hadoop-hdds-common-0.4.1-SNAPSHOT.jar:?]
	at org.apache.ratis.thirdparty.io.grpc.internal.ServerCallImpl$ServerStreamListenerImpl.messagesAvailable(ServerCallImpl.java:263) [ratis-thirdparty-misc-0.2.0.jar:0.2.0]
	at org.apache.ratis.thirdparty.io.grpc.internal.ServerImpl$JumpToApplicationThreadServerStreamListener$1MessagesAvailable.runInContext(ServerImpl.java:686) [ratis-thirdparty-misc-0.2.0.jar:0.2.0]
	at org.apache.ratis.thirdparty.io.grpc.internal.ContextRunnable.run(ContextRunnable.java:37) [ratis-thirdparty-misc-0.2.0.jar:0.2.0]
	at org.apache.ratis.thirdparty.io.grpc.internal.SerializingExecutor.run(SerializingExecutor.java:123) [ratis-thirdparty-misc-0.2.0.jar:0.2.0]
	at java.util.concurrent.ThreadPoolExecutor.runWorker(ThreadPoolExecutor.java:1149) [?:1.8.0_212]
	at java.util.concurrent.ThreadPoolExecutor$Worker.run(ThreadPoolExecutor.java:624) [?:1.8.0_212]
	at java.lang.Thread.run(Thread.java:748) [?:1.8.0_212]
2019-08-03 03:26:26,817 INFO  impl.HddsDispatcher (ContainerUtils.java:logAndReturnError(146)) - Operation: WriteChunk : Trace ID: 631d221f8b5ff0ce:631d221f8b5ff0ce:0:0 : Message: ContainerID 4 creation failed : Result: DISK_OUT_OF_SPACE
2019-08-03 03:26:26,822 ERROR storage.BlockOutputStream (BlockOutputStream.java:validateResponse(531)) - Unexpected Storage Container Exception: 
org.apache.hadoop.hdds.scm.container.common.helpers.StorageContainerException: ContainerID 4 creation failed
	at org.apache.hadoop.hdds.scm.storage.ContainerProtocolCalls.validateContainerResponse(ContainerProtocolCalls.java:536)
	at org.apache.hadoop.hdds.scm.storage.BlockOutputStream.validateResponse(BlockOutputStream.java:529)
	at org.apache.hadoop.hdds.scm.storage.BlockOutputStream.lambda$writeChunkToContainer$2(BlockOutputStream.java:606)
	at java.util.concurrent.CompletableFuture.uniApply(CompletableFuture.java:602)
	at java.util.concurrent.CompletableFuture$UniApply.tryFire(CompletableFuture.java:577)
	at java.util.concurrent.CompletableFuture$Completion.run(CompletableFuture.java:442)
	at java.util.concurrent.ThreadPoolExecutor.runWorker(ThreadPoolExecutor.java:1149)
	at java.util.concurrent.ThreadPoolExecutor$Worker.run(ThreadPoolExecutor.java:624)
	at java.lang.Thread.run(Thread.java:748)
03:26:26.826 [grpc-default-executor-0] ERROR DNAudit - user=null | ip=null | op=PUT_BLOCK {blockData=[blockId=conID: 4 locID: 102550915431202823 bcsId: 0,size=5]} | ret=FAILURE
org.apache.hadoop.hdds.scm.container.common.helpers.StorageContainerException: ContainerID 4 does not exist
	at org.apache.hadoop.ozone.container.common.impl.HddsDispatcher.dispatchRequest(HddsDispatcher.java:242) [hadoop-hdds-container-service-0.4.1-SNAPSHOT.jar:?]
	at org.apache.hadoop.ozone.container.common.impl.HddsDispatcher.dispatch(HddsDispatcher.java:148) [hadoop-hdds-container-service-0.4.1-SNAPSHOT.jar:?]
	at org.apache.hadoop.ozone.container.common.transport.server.GrpcXceiverService$1.onNext(GrpcXceiverService.java:73) [hadoop-hdds-container-service-0.4.1-SNAPSHOT.jar:?]
	at org.apache.hadoop.ozone.container.common.transport.server.GrpcXceiverService$1.onNext(GrpcXceiverService.java:61) [hadoop-hdds-container-service-0.4.1-SNAPSHOT.jar:?]
	at org.apache.ratis.thirdparty.io.grpc.stub.ServerCalls$StreamingServerCallHandler$StreamingServerCallListener.onMessage(ServerCalls.java:248) [ratis-thirdparty-misc-0.2.0.jar:0.2.0]
	at org.apache.ratis.thirdparty.io.grpc.ForwardingServerCallListener.onMessage(ForwardingServerCallListener.java:33) [ratis-thirdparty-misc-0.2.0.jar:0.2.0]
	at org.apache.ratis.thirdparty.io.grpc.Contexts$ContextualizedServerCallListener.onMessage(Contexts.java:76) [ratis-thirdparty-misc-0.2.0.jar:0.2.0]
	at org.apache.ratis.thirdparty.io.grpc.ForwardingServerCallListener.onMessage(ForwardingServerCallListener.java:33) [ratis-thirdparty-misc-0.2.0.jar:0.2.0]
	at org.apache.hadoop.hdds.tracing.GrpcServerInterceptor$1.onMessage(GrpcServerInterceptor.java:46) [hadoop-hdds-common-0.4.1-SNAPSHOT.jar:?]
	at org.apache.ratis.thirdparty.io.grpc.internal.ServerCallImpl$ServerStreamListenerImpl.messagesAvailable(ServerCallImpl.java:263) [ratis-thirdparty-misc-0.2.0.jar:0.2.0]
	at org.apache.ratis.thirdparty.io.grpc.internal.ServerImpl$JumpToApplicationThreadServerStreamListener$1MessagesAvailable.runInContext(ServerImpl.java:686) [ratis-thirdparty-misc-0.2.0.jar:0.2.0]
	at org.apache.ratis.thirdparty.io.grpc.internal.ContextRunnable.run(ContextRunnable.java:37) [ratis-thirdparty-misc-0.2.0.jar:0.2.0]
	at org.apache.ratis.thirdparty.io.grpc.internal.SerializingExecutor.run(SerializingExecutor.java:123) [ratis-thirdparty-misc-0.2.0.jar:0.2.0]
	at java.util.concurrent.ThreadPoolExecutor.runWorker(ThreadPoolExecutor.java:1149) [?:1.8.0_212]
	at java.util.concurrent.ThreadPoolExecutor$Worker.run(ThreadPoolExecutor.java:624) [?:1.8.0_212]
	at java.lang.Thread.run(Thread.java:748) [?:1.8.0_212]
2019-08-03 03:26:26,827 INFO  impl.HddsDispatcher (ContainerUtils.java:logAndReturnError(146)) - Operation: PutBlock : Trace ID: f413d42b418b1005:f413d42b418b1005:0:0 : Message: ContainerID 4 does not exist : Result: CONTAINER_NOT_FOUND
2019-08-03 03:26:26,831 INFO  ozone.MiniOzoneClusterImpl (MiniOzoneClusterImpl.java:shutdown(321)) - Shutting down the Mini Ozone Cluster
2019-08-03 03:26:26,832 INFO  ozone.MiniOzoneClusterImpl (MiniOzoneClusterImpl.java:stop(336)) - Stopping the Mini Ozone Cluster
2019-08-03 03:26:26,833 INFO  ozone.MiniOzoneClusterImpl (MiniOzoneClusterImpl.java:stop(338)) - Stopping the OzoneManager
2019-08-03 03:26:26,833 INFO  ipc.Server (Server.java:stop(3082)) - Stopping server on 37248
2019-08-03 03:26:26,841 INFO  ipc.Server (Server.java:run(1185)) - Stopping IPC Server listener on 37248
2019-08-03 03:26:26,842 INFO  utils.BackgroundService (BackgroundService.java:shutdown(148)) - Shutting down service KeyDeletingService
2019-08-03 03:26:26,843 INFO  ipc.Server (Server.java:run(1319)) - Stopping IPC Server Responder
2019-08-03 03:26:26,852 INFO  handler.ContextHandler (ContextHandler.java:doStop(910)) - Stopped o.e.j.w.WebAppContext@5bb63bd0{/,null,UNAVAILABLE}{/ozoneManager}
2019-08-03 03:26:26,859 INFO  server.AbstractConnector (AbstractConnector.java:doStop(318)) - Stopped ServerConnector@29ebfbea{HTTP/1.1,[http/1.1]}{0.0.0.0:0}
2019-08-03 03:26:26,859 INFO  handler.ContextHandler (ContextHandler.java:doStop(910)) - Stopped o.e.j.s.ServletContextHandler@227a598b{/static,file:///workdir/hadoop-ozone/integration-test/target/test-classes/webapps/static,UNAVAILABLE}
2019-08-03 03:26:26,860 INFO  handler.ContextHandler (ContextHandler.java:doStop(910)) - Stopped o.e.j.s.ServletContextHandler@10e2ed88{/logs,file:///workdir/hadoop-ozone/integration-test/target/log,UNAVAILABLE}
2019-08-03 03:26:26,865 INFO  ozone.MiniOzoneClusterImpl (MiniOzoneClusterImpl.java:stop(344)) - Shutting the HddsDatanodes
2019-08-03 03:26:26,866 INFO  datanode.ObjectStoreHandler (ObjectStoreHandler.java:close(155)) - Closing ObjectStoreHandler.
2019-08-03 03:26:26,867 INFO  ozone.HddsDatanodeService (HddsDatanodeService.java:stop(451)) - Stopped plug-in org.apache.hadoop.ozone.web.OzoneHddsDatanodeService@4a9a68eb
2019-08-03 03:26:26,890 INFO  statemachine.DatanodeStateMachine (DatanodeStateMachine.java:lambda$startDaemon$0(350)) - Ozone container server started.
2019-08-03 03:26:27,746 INFO  container.ReplicationManager (ReplicationManager.java:start(155)) - Starting Replication Monitor Thread.
2019-08-03 03:26:27,749 INFO  container.ReplicationManager (ReplicationManager.java:run(207)) - Replication Monitor Thread took 2 milliseconds for processing 4 containers.
2019-08-03 03:26:30,772 INFO  impl.FollowerState (FollowerState.java:run(106)) - fc002b27-8bc2-4c27-9ef4-3d850f2a776b:group-8553945B7CE2 changes to CANDIDATE, lastRpcTime:5140, electionTimeout:5139ms
2019-08-03 03:26:30,772 INFO  impl.RoleInfo (RoleInfo.java:shutdownFollowerState(121)) - fc002b27-8bc2-4c27-9ef4-3d850f2a776b: shutdown FollowerState
2019-08-03 03:26:30,773 INFO  impl.RaftServerImpl (RaftServerImpl.java:setRole(171)) - fc002b27-8bc2-4c27-9ef4-3d850f2a776b:group-8553945B7CE2 changes role from FOLLOWER to CANDIDATE at term 0 for changeToCandidate
2019-08-03 03:26:30,778 INFO  impl.RoleInfo (RoleInfo.java:updateAndGet(143)) - fc002b27-8bc2-4c27-9ef4-3d850f2a776b: start LeaderElection
2019-08-03 03:26:30,882 INFO  impl.LeaderElection (LeaderElection.java:askForVotes(181)) - fc002b27-8bc2-4c27-9ef4-3d850f2a776b:group-8553945B7CE2:LeaderElection1: begin an election at term 1 for -1: [fc002b27-8bc2-4c27-9ef4-3d850f2a776b:192.168.5.147:37071], old=null
2019-08-03 03:26:30,884 INFO  impl.RoleInfo (RoleInfo.java:shutdownLeaderElection(134)) - fc002b27-8bc2-4c27-9ef4-3d850f2a776b: shutdown LeaderElection
2019-08-03 03:26:30,885 INFO  impl.RaftServerImpl (RaftServerImpl.java:setRole(171)) - fc002b27-8bc2-4c27-9ef4-3d850f2a776b:group-8553945B7CE2 changes role from CANDIDATE to LEADER at term 1 for changeToLeader
2019-08-03 03:26:30,885 INFO  impl.RaftServerImpl (ServerState.java:setLeader(263)) - fc002b27-8bc2-4c27-9ef4-3d850f2a776b:group-8553945B7CE2 change Leader from null to fc002b27-8bc2-4c27-9ef4-3d850f2a776b at term 1 for becomeLeader, leader elected after 5639ms
2019-08-03 03:26:30,893 INFO  server.RaftServerConfigKeys (ConfUtils.java:logGet(43)) - raft.server.staging.catchup.gap = 1000 (default)
2019-08-03 03:26:30,894 INFO  server.RaftServerConfigKeys (ConfUtils.java:logGet(43)) - raft.server.rpc.sleep.time = 25ms (default)
2019-08-03 03:26:30,898 INFO  server.RaftServerConfigKeys (ConfUtils.java:logGet(43)) - raft.server.write.element-limit = 4096 (default)
2019-08-03 03:26:30,901 INFO  server.RaftServerConfigKeys (ConfUtils.java:logGet(43)) - raft.server.watch.timeout = 10s (default)
2019-08-03 03:26:30,901 INFO  server.RaftServerConfigKeys (ConfUtils.java:logGet(43)) - raft.server.watch.timeout.denomination = 1s (default)
2019-08-03 03:26:30,903 INFO  server.RaftServerConfigKeys (ConfUtils.java:logGet(43)) - raft.server.watch.element-limit = 65536 (default)
2019-08-03 03:26:30,914 INFO  impl.RoleInfo (RoleInfo.java:updateAndGet(143)) - fc002b27-8bc2-4c27-9ef4-3d850f2a776b: start LeaderState
2019-08-03 03:26:30,938 INFO  segmented.SegmentedRaftLogWorker (SegmentedRaftLogWorker.java:startLogSegment(380)) - fc002b27-8bc2-4c27-9ef4-3d850f2a776b-SegmentedRaftLogWorker:Storage Directory /workdir/hadoop-ozone/integration-test/target/test-dir/MiniOzoneClusterImpl-06c0cc4d-96e4-4a6b-80c7-149f2c39dd82/datanode-0/data/ratis/27c135f2-11c7-4155-9e5c-8553945b7ce2: Starting segment from index:0
2019-08-03 03:26:30,948 INFO  impl.RaftServerImpl (ServerState.java:setRaftConf(361)) - fc002b27-8bc2-4c27-9ef4-3d850f2a776b:group-8553945B7CE2 set configuration 0: [fc002b27-8bc2-4c27-9ef4-3d850f2a776b:192.168.5.147:37071], old=null at 0
2019-08-03 03:26:31,117 INFO  segmented.SegmentedRaftLogWorker (SegmentedRaftLogWorker.java:execute(569)) - fc002b27-8bc2-4c27-9ef4-3d850f2a776b-SegmentedRaftLogWorker:Storage Directory /workdir/hadoop-ozone/integration-test/target/test-dir/MiniOzoneClusterImpl-06c0cc4d-96e4-4a6b-80c7-149f2c39dd82/datanode-0/data/ratis/27c135f2-11c7-4155-9e5c-8553945b7ce2: created new log segment /workdir/hadoop-ozone/integration-test/target/test-dir/MiniOzoneClusterImpl-06c0cc4d-96e4-4a6b-80c7-149f2c39dd82/datanode-0/data/ratis/27c135f2-11c7-4155-9e5c-8553945b7ce2/current/log_inprogress_0
2019-08-03 03:26:31,869 INFO  ozoneimpl.OzoneContainer (OzoneContainer.java:stop(199)) - Attempting to stop container services.
2019-08-03 03:26:31,872 INFO  impl.RaftServerProxy (RaftServerProxy.java:lambda$close$4(314)) - fc002b27-8bc2-4c27-9ef4-3d850f2a776b: close
2019-08-03 03:26:31,874 INFO  impl.RaftServerImpl (RaftServerImpl.java:lambda$shutdown$3(245)) - fc002b27-8bc2-4c27-9ef4-3d850f2a776b: shutdown group-8553945B7CE2
2019-08-03 03:26:31,874 INFO  util.JmxRegister (JmxRegister.java:unregister(73)) - Successfully un-registered JMX Bean with object name Ratis:service=RaftServer,group=group-8553945B7CE2,id=fc002b27-8bc2-4c27-9ef4-3d850f2a776b
2019-08-03 03:26:31,875 INFO  impl.RoleInfo (RoleInfo.java:shutdownLeaderState(104)) - fc002b27-8bc2-4c27-9ef4-3d850f2a776b: shutdown LeaderState
2019-08-03 03:26:31,877 INFO  impl.PendingRequests (PendingRequests.java:sendNotLeaderResponses(202)) - fc002b27-8bc2-4c27-9ef4-3d850f2a776b-PendingRequests: sendNotLeaderResponses
2019-08-03 03:26:31,879 INFO  impl.StateMachineUpdater (StateMachineUpdater.java:stopAndJoin(115)) - StateMachineUpdater:fc002b27-8bc2-4c27-9ef4-3d850f2a776b:group-8553945B7CE2: set stopIndex = 0
2019-08-03 03:26:31,880 INFO  impl.RaftServerImpl (ServerState.java:close(394)) - fc002b27-8bc2-4c27-9ef4-3d850f2a776b:group-8553945B7CE2 closes. The last applied log index is 0
2019-08-03 03:26:31,883 INFO  segmented.SegmentedRaftLogWorker (SegmentedRaftLogWorker.java:run(313)) - fc002b27-8bc2-4c27-9ef4-3d850f2a776b-SegmentedRaftLogWorker:Storage Directory /workdir/hadoop-ozone/integration-test/target/test-dir/MiniOzoneClusterImpl-06c0cc4d-96e4-4a6b-80c7-149f2c39dd82/datanode-0/data/ratis/27c135f2-11c7-4155-9e5c-8553945b7ce2 was interrupted, exiting. There are 0 tasks remaining in the queue.
2019-08-03 03:26:31,885 INFO  segmented.SegmentedRaftLogWorker (SegmentedRaftLogWorker.java:close(228)) - fc002b27-8bc2-4c27-9ef4-3d850f2a776b-SegmentedRaftLogWorker:Storage Directory /workdir/hadoop-ozone/integration-test/target/test-dir/MiniOzoneClusterImpl-06c0cc4d-96e4-4a6b-80c7-149f2c39dd82/datanode-0/data/ratis/27c135f2-11c7-4155-9e5c-8553945b7ce2 close()
2019-08-03 03:26:31,887 INFO  server.GrpcService (GrpcService.java:closeImpl(155)) - fc002b27-8bc2-4c27-9ef4-3d850f2a776b: shutdown server with port 37071 now
2019-08-03 03:26:31,890 INFO  server.GrpcService (GrpcService.java:closeImpl(163)) - fc002b27-8bc2-4c27-9ef4-3d850f2a776b: shutdown server with port 37071 successfully
2019-08-03 03:26:31,897 INFO  utils.BackgroundService (BackgroundService.java:shutdown(148)) - Shutting down service BlockDeletingService
2019-08-03 03:26:31,901 WARN  fs.CachingGetSpaceUsed (CachingGetSpaceUsed.java:run(183)) - Thread Interrupted waiting to refresh disk information: sleep interrupted
2019-08-03 03:26:31,914 INFO  statemachine.DatanodeStateMachine (DatanodeStateMachine.java:stopDaemon(395)) - Ozone container server stopped.
2019-08-03 03:26:31,915 INFO  handler.ContextHandler (ContextHandler.java:doStop(910)) - Stopped o.e.j.w.WebAppContext@1e5d0f5a{/,null,UNAVAILABLE}{/hddsDatanode}
2019-08-03 03:26:31,916 INFO  server.AbstractConnector (AbstractConnector.java:doStop(318)) - Stopped ServerConnector@4a61aa49{HTTP/1.1,[http/1.1]}{0.0.0.0:0}
2019-08-03 03:26:31,916 INFO  handler.ContextHandler (ContextHandler.java:doStop(910)) - Stopped o.e.j.s.ServletContextHandler@60f81d50{/static,jar:file:/home/user/.m2/repository/org/apache/hadoop/hadoop-hdds-container-service/0.4.1-SNAPSHOT/hadoop-hdds-container-service-0.4.1-SNAPSHOT.jar!/webapps/static,UNAVAILABLE}
2019-08-03 03:26:31,916 INFO  handler.ContextHandler (ContextHandler.java:doStop(910)) - Stopped o.e.j.s.ServletContextHandler@1c0e98b0{/logs,file:///workdir/hadoop-ozone/integration-test/target/log,UNAVAILABLE}
2019-08-03 03:26:31,918 INFO  ozone.MiniOzoneClusterImpl (MiniOzoneClusterImpl.java:stop(353)) - Stopping the StorageContainerManager
2019-08-03 03:26:31,919 INFO  server.StorageContainerManager (StorageContainerManager.java:stop(796)) - Stopping Replication Manager Service.
2019-08-03 03:26:31,919 INFO  container.ReplicationManager (ReplicationManager.java:stop(187)) - Stopping Replication Monitor Thread.
2019-08-03 03:26:31,919 INFO  server.StorageContainerManager (StorageContainerManager.java:stop(803)) - Stopping Lease Manager of the command watchers
2019-08-03 03:26:31,919 INFO  server.StorageContainerManager (StorageContainerManager.java:stop(810)) - Stopping datanode service RPC server
2019-08-03 03:26:31,919 INFO  server.SCMDatanodeProtocolServer (SCMDatanodeProtocolServer.java:stop(367)) - Stopping the RPC server for DataNodes
2019-08-03 03:26:31,919 INFO  ipc.Server (Server.java:stop(3082)) - Stopping server on 39024
2019-08-03 03:26:31,920 INFO  ipc.Server (Server.java:run(1185)) - Stopping IPC Server listener on 39024
2019-08-03 03:26:31,922 INFO  ipc.Server (Server.java:run(1319)) - Stopping IPC Server Responder
2019-08-03 03:26:31,962 WARN  node.NodeStateManager (NodeStateManager.java:scheduleNextHealthCheck(631)) - Current Thread is interrupted, shutting down HB processing thread for Node Manager.
2019-08-03 03:26:31,963 INFO  server.StorageContainerManager (StorageContainerManager.java:stop(818)) - Stopping block service RPC server
2019-08-03 03:26:31,963 INFO  server.SCMBlockProtocolServer (SCMBlockProtocolServer.java:stop(148)) - Stopping the RPC server for Block Protocol
2019-08-03 03:26:31,964 INFO  ipc.Server (Server.java:stop(3082)) - Stopping server on 45054
2019-08-03 03:26:31,965 INFO  server.StorageContainerManager (StorageContainerManager.java:stop(825)) - Stopping the StorageContainerLocationProtocol RPC server
2019-08-03 03:26:31,965 INFO  server.SCMClientProtocolServer (SCMClientProtocolServer.java:stop(159)) - Stopping the RPC server for Client Protocol
2019-08-03 03:26:31,965 INFO  ipc.Server (Server.java:stop(3082)) - Stopping server on 40608
2019-08-03 03:26:31,967 INFO  ipc.Server (Server.java:run(1185)) - Stopping IPC Server listener on 45054
2019-08-03 03:26:31,969 INFO  ipc.Server (Server.java:run(1319)) - Stopping IPC Server Responder
2019-08-03 03:26:31,969 INFO  ipc.Server (Server.java:run(1185)) - Stopping IPC Server listener on 40608
2019-08-03 03:26:31,969 INFO  server.StorageContainerManager (StorageContainerManager.java:stop(832)) - Stopping Storage Container Manager HTTP server.
2019-08-03 03:26:31,970 INFO  ipc.Server (Server.java:run(1319)) - Stopping IPC Server Responder
2019-08-03 03:26:31,970 INFO  handler.ContextHandler (ContextHandler.java:doStop(910)) - Stopped o.e.j.w.WebAppContext@109643a7{/,null,UNAVAILABLE}{/scm}
2019-08-03 03:26:31,971 INFO  server.AbstractConnector (AbstractConnector.java:doStop(318)) - Stopped ServerConnector@19129845{HTTP/1.1,[http/1.1]}{0.0.0.0:0}
2019-08-03 03:26:31,971 INFO  handler.ContextHandler (ContextHandler.java:doStop(910)) - Stopped o.e.j.s.ServletContextHandler@2d316fef{/static,file:///workdir/hadoop-ozone/integration-test/target/test-classes/webapps/static,UNAVAILABLE}
2019-08-03 03:26:31,971 INFO  handler.ContextHandler (ContextHandler.java:doStop(910)) - Stopped o.e.j.s.ServletContextHandler@15a5aec1{/logs,file:///workdir/hadoop-ozone/integration-test/target/log,UNAVAILABLE}
2019-08-03 03:26:31,973 INFO  server.StorageContainerManager (StorageContainerManager.java:stop(843)) - Stopping Block Manager Service.
2019-08-03 03:26:31,974 INFO  utils.BackgroundService (BackgroundService.java:shutdown(148)) - Shutting down service SCMBlockDeletingService
2019-08-03 03:26:31,974 INFO  utils.BackgroundService (BackgroundService.java:shutdown(148)) - Shutting down service SCMBlockDeletingService
2019-08-03 03:26:31,974 INFO  server.StorageContainerManager (StorageContainerManager.java:stop(865)) - Stopping SCM Event Queue.
2019-08-03 03:26:31,980 INFO  impl.MetricsSystemImpl (MetricsSystemImpl.java:stop(210)) - Stopping XceiverClientMetrics metrics system...
2019-08-03 03:26:31,982 INFO  impl.MetricsSystemImpl (MetricsSystemImpl.java:stop(216)) - XceiverClientMetrics metrics system stopped.
]]></system-out>
    <system-err><![CDATA[ERROR StatusLogger No Log4j 2 configuration file found. Using default configuration (logging only errors to the console), or user programmatically provided configurations. Set system property 'log4j2.debug' to show Log4j 2 internal initialization logging. See https://logging.apache.org/log4j/2.x/manual/configuration.html for instructions on how to configure Log4j 2
Aug 03, 2019 3:26:19 AM com.sun.jersey.server.impl.application.WebApplicationImpl _initiate
INFO: Initiating Jersey application, version 'Jersey: 1.19 02/11/2015 03:25 AM'
Aug 03, 2019 3:26:25 AM com.sun.jersey.server.impl.application.WebApplicationImpl _initiate
INFO: Initiating Jersey application, version 'Jersey: 1.19 02/11/2015 03:25 AM'
]]></system-err>
  </testcase>
  <testcase name="testBlockDeletingThrottling" classname="org.apache.hadoop.ozone.TestStorageContainerManager" time="6.25">
    <error message="Unexpected Storage Container Exception: org.apache.hadoop.hdds.scm.container.common.helpers.StorageContainerException: ContainerID 4 creation failed" type="java.io.IOException">java.io.IOException: Unexpected Storage Container Exception: org.apache.hadoop.hdds.scm.container.common.helpers.StorageContainerException: ContainerID 4 creation failed
	at org.apache.hadoop.hdds.scm.storage.BlockOutputStream.setIoException(BlockOutputStream.java:541)
	at org.apache.hadoop.hdds.scm.storage.BlockOutputStream.validateResponse(BlockOutputStream.java:532)
	at org.apache.hadoop.hdds.scm.storage.BlockOutputStream.lambda$writeChunkToContainer$2(BlockOutputStream.java:606)
	at java.util.concurrent.CompletableFuture.uniApply(CompletableFuture.java:602)
	at java.util.concurrent.CompletableFuture$UniApply.tryFire(CompletableFuture.java:577)
	at java.util.concurrent.CompletableFuture$Completion.run(CompletableFuture.java:442)
	at java.util.concurrent.ThreadPoolExecutor.runWorker(ThreadPoolExecutor.java:1149)
	at java.util.concurrent.ThreadPoolExecutor$Worker.run(ThreadPoolExecutor.java:624)
	at java.lang.Thread.run(Thread.java:748)
Caused by: org.apache.hadoop.hdds.scm.container.common.helpers.StorageContainerException: ContainerID 4 creation failed
	at org.apache.hadoop.hdds.scm.storage.ContainerProtocolCalls.validateContainerResponse(ContainerProtocolCalls.java:536)
	at org.apache.hadoop.hdds.scm.storage.BlockOutputStream.validateResponse(BlockOutputStream.java:529)
	... 7 more
</error>
    <system-out><![CDATA[2019-08-03 03:26:32,028 WARN  server.ServerUtils (ServerUtils.java:getScmDbDir(145)) - ozone.scm.db.dirs is not configured. We recommend adding this setting. Falling back to ozone.metadata.dirs instead.
2019-08-03 03:26:32,043 WARN  server.ServerUtils (ServerUtils.java:getScmDbDir(145)) - ozone.scm.db.dirs is not configured. We recommend adding this setting. Falling back to ozone.metadata.dirs instead.
2019-08-03 03:26:32,044 WARN  server.ServerUtils (ServerUtils.java:getScmDbDir(145)) - ozone.scm.db.dirs is not configured. We recommend adding this setting. Falling back to ozone.metadata.dirs instead.
2019-08-03 03:26:32,044 INFO  db.DBStoreBuilder (DBStoreBuilder.java:addTable(110)) - using custom profile for table: deletedBlocks
2019-08-03 03:26:32,045 INFO  db.DBStoreBuilder (DBStoreBuilder.java:processTables(161)) - Using default column profile:DBProfile.DISK for Table:deletedBlocks
2019-08-03 03:26:32,045 INFO  db.DBStoreBuilder (DBStoreBuilder.java:addTable(110)) - using custom profile for table: validCerts
2019-08-03 03:26:32,045 INFO  db.DBStoreBuilder (DBStoreBuilder.java:processTables(161)) - Using default column profile:DBProfile.DISK for Table:validCerts
2019-08-03 03:26:32,045 INFO  db.DBStoreBuilder (DBStoreBuilder.java:addTable(110)) - using custom profile for table: revokedCerts
2019-08-03 03:26:32,046 INFO  db.DBStoreBuilder (DBStoreBuilder.java:processTables(161)) - Using default column profile:DBProfile.DISK for Table:revokedCerts
2019-08-03 03:26:32,046 INFO  db.DBStoreBuilder (DBStoreBuilder.java:addTable(110)) - using custom profile for table: default
2019-08-03 03:26:32,046 INFO  db.DBStoreBuilder (DBStoreBuilder.java:processTables(167)) - Using default column profile:DBProfile.DISK for Table:default
2019-08-03 03:26:32,046 INFO  db.DBStoreBuilder (DBStoreBuilder.java:getDbProfile(198)) - Using default options. DBProfile.DISK
2019-08-03 03:26:32,120 INFO  net.NodeSchemaLoader (NodeSchemaLoader.java:loadSchemaFromFile(125)) - Loading file from sun.misc.CompoundEnumeration@7e9ec7b7
2019-08-03 03:26:32,120 INFO  net.NodeSchemaLoader (NodeSchemaLoader.java:loadSchema(171)) - Loading network topology layer schema file
2019-08-03 03:26:32,125 INFO  node.SCMNodeManager (SCMNodeManager.java:<init>(121)) - Entering startup safe mode.
2019-08-03 03:26:32,128 WARN  server.ServerUtils (ServerUtils.java:getScmDbDir(145)) - ozone.scm.db.dirs is not configured. We recommend adding this setting. Falling back to ozone.metadata.dirs instead.
2019-08-03 03:26:32,151 INFO  pipeline.SCMPipelineManager (SCMPipelineManager.java:initializePipelineState(126)) - No pipeline exists in current db
2019-08-03 03:26:32,152 WARN  server.ServerUtils (ServerUtils.java:getScmDbDir(145)) - ozone.scm.db.dirs is not configured. We recommend adding this setting. Falling back to ozone.metadata.dirs instead.
2019-08-03 03:26:32,174 WARN  events.EventQueue (EventQueue.java:fireEvent(175)) - No event handler registered for event TypedEvent{payloadType=SafeModeStatus, name='SafeModeStatus'}
2019-08-03 03:26:32,175 INFO  ipc.CallQueueManager (CallQueueManager.java:<init>(84)) - Using callQueue: class java.util.concurrent.LinkedBlockingQueue, queueCapacity: 2000, scheduler: class org.apache.hadoop.ipc.DefaultRpcScheduler, ipcBackoff: false.
2019-08-03 03:26:32,176 INFO  ipc.Server (Server.java:run(1074)) - Starting Socket Reader #1 for port 40233
2019-08-03 03:26:32,177 INFO  ipc.CallQueueManager (CallQueueManager.java:<init>(84)) - Using callQueue: class java.util.concurrent.LinkedBlockingQueue, queueCapacity: 2000, scheduler: class org.apache.hadoop.ipc.DefaultRpcScheduler, ipcBackoff: false.
2019-08-03 03:26:32,178 INFO  ipc.Server (Server.java:run(1074)) - Starting Socket Reader #1 for port 34671
2019-08-03 03:26:32,179 INFO  ipc.CallQueueManager (CallQueueManager.java:<init>(84)) - Using callQueue: class java.util.concurrent.LinkedBlockingQueue, queueCapacity: 2000, scheduler: class org.apache.hadoop.ipc.DefaultRpcScheduler, ipcBackoff: false.
2019-08-03 03:26:32,180 INFO  ipc.Server (Server.java:run(1074)) - Starting Socket Reader #1 for port 40883
2019-08-03 03:26:32,182 INFO  hdfs.DFSUtil (DFSUtil.java:httpServerTemplateForNNAndJN(1641)) - Starting Web-server for scm at: http://0.0.0.0:0
2019-08-03 03:26:32,183 INFO  server.AuthenticationFilter (AuthenticationFilter.java:constructSecretProvider(240)) - Unable to initialize FileSignerSecretProvider, falling back to use random secrets.
2019-08-03 03:26:32,184 WARN  http.HttpRequestLog (HttpRequestLog.java:getRequestLog(97)) - Jetty request log can only be enabled using Log4j
2019-08-03 03:26:32,187 INFO  http.HttpServer2 (HttpServer2.java:addGlobalFilter(975)) - Added global filter 'safety' (class=org.apache.hadoop.http.HttpServer2$QuotingInputFilter)
2019-08-03 03:26:32,188 INFO  http.HttpServer2 (HttpServer2.java:addFilter(948)) - Added filter static_user_filter (class=org.apache.hadoop.http.lib.StaticUserWebFilter$StaticUserFilter) to context scm
2019-08-03 03:26:32,188 INFO  http.HttpServer2 (HttpServer2.java:addFilter(958)) - Added filter static_user_filter (class=org.apache.hadoop.http.lib.StaticUserWebFilter$StaticUserFilter) to context logs
2019-08-03 03:26:32,188 INFO  http.HttpServer2 (HttpServer2.java:addFilter(958)) - Added filter static_user_filter (class=org.apache.hadoop.http.lib.StaticUserWebFilter$StaticUserFilter) to context static
2019-08-03 03:26:32,190 INFO  server.StorageContainerManager (StorageContainerManager.java:start(758)) - StorageContainerLocationProtocol RPC server is listening at /0.0.0.0:40883
2019-08-03 03:26:32,192 WARN  impl.MetricsConfig (MetricsConfig.java:loadFirst(134)) - Cannot locate configuration: tried hadoop-metrics2-storagecontainermanager.properties,hadoop-metrics2.properties
2019-08-03 03:26:32,193 INFO  impl.MetricsSystemImpl (MetricsSystemImpl.java:startTimer(374)) - Scheduled Metric snapshot period at 10 second(s).
2019-08-03 03:26:32,193 INFO  impl.MetricsSystemImpl (MetricsSystemImpl.java:start(191)) - StorageContainerManager metrics system started
2019-08-03 03:26:32,219 INFO  server.SCMClientProtocolServer (SCMClientProtocolServer.java:start(151)) - RPC server for Client  is listening at /0.0.0.0:40883
2019-08-03 03:26:32,219 INFO  ipc.Server (Server.java:run(1314)) - IPC Server Responder: starting
2019-08-03 03:26:32,219 INFO  ipc.Server (Server.java:run(1153)) - IPC Server listener on 40883: starting
2019-08-03 03:26:32,223 INFO  server.StorageContainerManager (StorageContainerManager.java:start(768)) - ScmBlockLocationProtocol RPC server is listening at /0.0.0.0:34671
2019-08-03 03:26:32,223 INFO  server.SCMBlockProtocolServer (SCMBlockProtocolServer.java:start(140)) - RPC server for Block Protocol is listening at /0.0.0.0:34671
2019-08-03 03:26:32,223 INFO  ipc.Server (Server.java:run(1314)) - IPC Server Responder: starting
2019-08-03 03:26:32,223 INFO  ipc.Server (Server.java:run(1153)) - IPC Server listener on 34671: starting
2019-08-03 03:26:32,226 INFO  server.StorageContainerManager (StorageContainerManager.java:start(772)) - ScmDatanodeProtocl RPC server is listening at /0.0.0.0:40233
2019-08-03 03:26:32,226 INFO  server.SCMDatanodeProtocolServer (SCMDatanodeProtocolServer.java:start(191)) - RPC server for DataNodes is listening at /0.0.0.0:40233
2019-08-03 03:26:32,226 INFO  ipc.Server (Server.java:run(1314)) - IPC Server Responder: starting
2019-08-03 03:26:32,227 INFO  ipc.Server (Server.java:run(1153)) - IPC Server listener on 40233: starting
2019-08-03 03:26:32,229 INFO  http.HttpServer2 (HttpServer2.java:bindListener(1191)) - Jetty bound to port 35519
2019-08-03 03:26:32,230 INFO  server.Server (Server.java:doStart(351)) - jetty-9.3.24.v20180605, build timestamp: 2018-06-05T17:11:56Z, git hash: 84205aa28f11a4f31f2a3b86d1bba2cc8ab69827
2019-08-03 03:26:32,232 INFO  handler.ContextHandler (ContextHandler.java:doStart(781)) - Started o.e.j.s.ServletContextHandler@c866a73{/logs,file:///workdir/hadoop-ozone/integration-test/target/log,AVAILABLE}
2019-08-03 03:26:32,233 INFO  handler.ContextHandler (ContextHandler.java:doStart(781)) - Started o.e.j.s.ServletContextHandler@5a35503c{/static,file:///workdir/hadoop-ozone/integration-test/target/test-classes/webapps/static,AVAILABLE}
2019-08-03 03:26:32,237 INFO  handler.ContextHandler (ContextHandler.java:doStart(781)) - Started o.e.j.w.WebAppContext@1e1bc3ff{/,file:///workdir/hadoop-ozone/integration-test/target/test-classes/webapps/scm/,AVAILABLE}{/scm}
2019-08-03 03:26:32,238 INFO  server.AbstractConnector (AbstractConnector.java:doStart(278)) - Started ServerConnector@4f44c429{HTTP/1.1,[http/1.1]}{0.0.0.0:35519}
2019-08-03 03:26:32,238 INFO  server.Server (Server.java:doStart(419)) - Started @43814ms
2019-08-03 03:26:32,239 INFO  server.BaseHttpServer (BaseHttpServer.java:updateConnectorAddress(207)) - HTTP server of SCM is listening at http://0.0.0.0:35519
2019-08-03 03:26:32,239 WARN  server.ServerUtils (ServerUtils.java:getDBPath(222)) - ozone.om.db.dirs is not configured. We recommend adding this setting. Falling back to ozone.metadata.dirs instead.
2019-08-03 03:26:32,240 INFO  util.JvmPauseMonitor (JvmPauseMonitor.java:run(188)) - Starting JVM pause monitor
2019-08-03 03:26:32,253 WARN  server.ServerUtils (ServerUtils.java:getDBPath(222)) - ozone.om.db.dirs is not configured. We recommend adding this setting. Falling back to ozone.metadata.dirs instead.
2019-08-03 03:26:32,253 WARN  server.ServerUtils (ServerUtils.java:getDBPath(222)) - ozone.om.db.dirs is not configured. We recommend adding this setting. Falling back to ozone.metadata.dirs instead.
2019-08-03 03:26:32,254 INFO  om.OzoneManager (OzoneManager.java:setOMNodeDetails(644)) - OM Service ID is not set. Setting it to the default ID: omServiceIdDefault
2019-08-03 03:26:32,254 INFO  om.OzoneManager (OzoneManager.java:setOMNodeDetails(650)) - OM Node ID is not set. Setting it to the OmStorage's OmID: ed52d760-4c0b-40c8-9a31-29edfc157c51
2019-08-03 03:26:32,254 INFO  om.OzoneManager (OzoneManager.java:loadOMHAConfigs(601)) - Found matching OM address with OMServiceId: null, OMNodeId: null, RPC Address: localhost:0 and Ratis port: 9872
2019-08-03 03:26:32,262 WARN  server.ServerUtils (ServerUtils.java:getDBPath(222)) - ozone.om.db.dirs is not configured. We recommend adding this setting. Falling back to ozone.metadata.dirs instead.
2019-08-03 03:26:32,262 INFO  db.DBStoreBuilder (DBStoreBuilder.java:addTable(110)) - using custom profile for table: userTable
2019-08-03 03:26:32,262 INFO  db.DBStoreBuilder (DBStoreBuilder.java:processTables(161)) - Using default column profile:DBProfile.DISK for Table:userTable
2019-08-03 03:26:32,263 INFO  db.DBStoreBuilder (DBStoreBuilder.java:addTable(110)) - using custom profile for table: volumeTable
2019-08-03 03:26:32,263 INFO  db.DBStoreBuilder (DBStoreBuilder.java:processTables(161)) - Using default column profile:DBProfile.DISK for Table:volumeTable
2019-08-03 03:26:32,263 INFO  db.DBStoreBuilder (DBStoreBuilder.java:addTable(110)) - using custom profile for table: bucketTable
2019-08-03 03:26:32,263 INFO  db.DBStoreBuilder (DBStoreBuilder.java:processTables(161)) - Using default column profile:DBProfile.DISK for Table:bucketTable
2019-08-03 03:26:32,263 INFO  db.DBStoreBuilder (DBStoreBuilder.java:addTable(110)) - using custom profile for table: keyTable
2019-08-03 03:26:32,263 INFO  db.DBStoreBuilder (DBStoreBuilder.java:processTables(161)) - Using default column profile:DBProfile.DISK for Table:keyTable
2019-08-03 03:26:32,264 INFO  db.DBStoreBuilder (DBStoreBuilder.java:addTable(110)) - using custom profile for table: deletedTable
2019-08-03 03:26:32,264 INFO  db.DBStoreBuilder (DBStoreBuilder.java:processTables(161)) - Using default column profile:DBProfile.DISK for Table:deletedTable
2019-08-03 03:26:32,264 INFO  db.DBStoreBuilder (DBStoreBuilder.java:addTable(110)) - using custom profile for table: openKeyTable
2019-08-03 03:26:32,264 INFO  db.DBStoreBuilder (DBStoreBuilder.java:processTables(161)) - Using default column profile:DBProfile.DISK for Table:openKeyTable
2019-08-03 03:26:32,264 INFO  db.DBStoreBuilder (DBStoreBuilder.java:addTable(110)) - using custom profile for table: s3Table
2019-08-03 03:26:32,264 INFO  db.DBStoreBuilder (DBStoreBuilder.java:processTables(161)) - Using default column profile:DBProfile.DISK for Table:s3Table
2019-08-03 03:26:32,265 INFO  db.DBStoreBuilder (DBStoreBuilder.java:addTable(110)) - using custom profile for table: multipartInfoTable
2019-08-03 03:26:32,265 INFO  db.DBStoreBuilder (DBStoreBuilder.java:processTables(161)) - Using default column profile:DBProfile.DISK for Table:multipartInfoTable
2019-08-03 03:26:32,265 INFO  db.DBStoreBuilder (DBStoreBuilder.java:addTable(110)) - using custom profile for table: dTokenTable
2019-08-03 03:26:32,265 INFO  db.DBStoreBuilder (DBStoreBuilder.java:processTables(161)) - Using default column profile:DBProfile.DISK for Table:dTokenTable
2019-08-03 03:26:32,265 INFO  db.DBStoreBuilder (DBStoreBuilder.java:addTable(110)) - using custom profile for table: s3SecretTable
2019-08-03 03:26:32,265 INFO  db.DBStoreBuilder (DBStoreBuilder.java:processTables(161)) - Using default column profile:DBProfile.DISK for Table:s3SecretTable
2019-08-03 03:26:32,266 INFO  db.DBStoreBuilder (DBStoreBuilder.java:addTable(110)) - using custom profile for table: prefixTable
2019-08-03 03:26:32,266 INFO  db.DBStoreBuilder (DBStoreBuilder.java:processTables(161)) - Using default column profile:DBProfile.DISK for Table:prefixTable
2019-08-03 03:26:32,266 INFO  db.DBStoreBuilder (DBStoreBuilder.java:addTable(110)) - using custom profile for table: default
2019-08-03 03:26:32,266 INFO  db.DBStoreBuilder (DBStoreBuilder.java:processTables(167)) - Using default column profile:DBProfile.DISK for Table:default
2019-08-03 03:26:32,266 INFO  db.DBStoreBuilder (DBStoreBuilder.java:getDbProfile(198)) - Using default options. DBProfile.DISK
2019-08-03 03:26:32,504 INFO  ipc.CallQueueManager (CallQueueManager.java:<init>(84)) - Using callQueue: class java.util.concurrent.LinkedBlockingQueue, queueCapacity: 2000, scheduler: class org.apache.hadoop.ipc.DefaultRpcScheduler, ipcBackoff: false.
2019-08-03 03:26:32,505 INFO  ipc.Server (Server.java:run(1074)) - Starting Socket Reader #1 for port 34842
2019-08-03 03:26:32,519 INFO  om.OzoneManager (OzoneManager.java:start(1255)) - OzoneManager RPC server is listening at localhost/127.0.0.1:34842
2019-08-03 03:26:32,519 INFO  impl.MetricsSystemImpl (MetricsSystemImpl.java:init(158)) - OzoneManager metrics system started (again)
2019-08-03 03:26:32,520 INFO  ipc.Server (Server.java:run(1314)) - IPC Server Responder: starting
2019-08-03 03:26:32,520 INFO  ipc.Server (Server.java:run(1153)) - IPC Server listener on 34842: starting
2019-08-03 03:26:32,524 INFO  hdfs.DFSUtil (DFSUtil.java:httpServerTemplateForNNAndJN(1641)) - Starting Web-server for ozoneManager at: http://0.0.0.0:0
2019-08-03 03:26:32,525 INFO  server.AuthenticationFilter (AuthenticationFilter.java:constructSecretProvider(240)) - Unable to initialize FileSignerSecretProvider, falling back to use random secrets.
2019-08-03 03:26:32,526 WARN  http.HttpRequestLog (HttpRequestLog.java:getRequestLog(97)) - Jetty request log can only be enabled using Log4j
2019-08-03 03:26:32,528 INFO  http.HttpServer2 (HttpServer2.java:addGlobalFilter(975)) - Added global filter 'safety' (class=org.apache.hadoop.http.HttpServer2$QuotingInputFilter)
2019-08-03 03:26:32,528 INFO  http.HttpServer2 (HttpServer2.java:addFilter(948)) - Added filter static_user_filter (class=org.apache.hadoop.http.lib.StaticUserWebFilter$StaticUserFilter) to context ozoneManager
2019-08-03 03:26:32,528 INFO  http.HttpServer2 (HttpServer2.java:addFilter(958)) - Added filter static_user_filter (class=org.apache.hadoop.http.lib.StaticUserWebFilter$StaticUserFilter) to context logs
2019-08-03 03:26:32,529 INFO  http.HttpServer2 (HttpServer2.java:addFilter(958)) - Added filter static_user_filter (class=org.apache.hadoop.http.lib.StaticUserWebFilter$StaticUserFilter) to context static
2019-08-03 03:26:32,529 INFO  http.HttpServer2 (HttpServer2.java:bindListener(1191)) - Jetty bound to port 43738
2019-08-03 03:26:32,529 INFO  server.Server (Server.java:doStart(351)) - jetty-9.3.24.v20180605, build timestamp: 2018-06-05T17:11:56Z, git hash: 84205aa28f11a4f31f2a3b86d1bba2cc8ab69827
2019-08-03 03:26:32,531 INFO  handler.ContextHandler (ContextHandler.java:doStart(781)) - Started o.e.j.s.ServletContextHandler@23598f40{/logs,file:///workdir/hadoop-ozone/integration-test/target/log,AVAILABLE}
2019-08-03 03:26:32,531 INFO  handler.ContextHandler (ContextHandler.java:doStart(781)) - Started o.e.j.s.ServletContextHandler@5ab046de{/static,file:///workdir/hadoop-ozone/integration-test/target/test-classes/webapps/static,AVAILABLE}
2019-08-03 03:26:32,536 INFO  handler.ContextHandler (ContextHandler.java:doStart(781)) - Started o.e.j.w.WebAppContext@768499ff{/,file:///workdir/hadoop-ozone/integration-test/target/test-classes/webapps/ozoneManager/,AVAILABLE}{/ozoneManager}
2019-08-03 03:26:32,537 INFO  server.AbstractConnector (AbstractConnector.java:doStart(278)) - Started ServerConnector@a80ab15{HTTP/1.1,[http/1.1]}{0.0.0.0:43738}
2019-08-03 03:26:32,537 INFO  server.Server (Server.java:doStart(419)) - Started @44112ms
2019-08-03 03:26:32,538 INFO  server.BaseHttpServer (BaseHttpServer.java:updateConnectorAddress(207)) - HTTP server of OZONEMANAGER is listening at http://0.0.0.0:43738
2019-08-03 03:26:32,541 INFO  impl.MetricsSystemImpl (MetricsSystemImpl.java:init(158)) - HddsDatanode metrics system started (again)
2019-08-03 03:26:32,543 INFO  ozone.HddsDatanodeService (HddsDatanodeService.java:start(184)) - HddsDatanodeService host:byscane-nightly-b86qh-2100283676 ip:192.168.5.147
2019-08-03 03:26:32,549 INFO  volume.HddsVolume (HddsVolume.java:<init>(176)) - Creating Volume: /workdir/hadoop-ozone/integration-test/target/test-dir/MiniOzoneClusterImpl-c65f7282-2579-43b6-816e-eb7732f9b15d/datanode-0/data/containers/hdds of  storage type : DISK and capacity : 52710309888
2019-08-03 03:26:32,549 INFO  volume.VolumeSet (VolumeSet.java:initializeVolumeSet(170)) - Added Volume : /workdir/hadoop-ozone/integration-test/target/test-dir/MiniOzoneClusterImpl-c65f7282-2579-43b6-816e-eb7732f9b15d/datanode-0/data/containers/hdds to VolumeSet
2019-08-03 03:26:32,549 INFO  volume.ThrottledAsyncChecker (ThrottledAsyncChecker.java:schedule(140)) - Scheduling a check for org.apache.hadoop.ozone.container.common.volume.HddsVolume@4f953f27
2019-08-03 03:26:32,550 INFO  volume.HddsVolumeChecker (HddsVolumeChecker.java:checkAllVolumes(203)) - Scheduled health check for volume org.apache.hadoop.ozone.container.common.volume.HddsVolume@4f953f27
2019-08-03 03:26:32,564 INFO  impl.RaftServerProxy (ConfUtils.java:logGet(43)) - raft.rpc.type = GRPC (default)
2019-08-03 03:26:32,564 INFO  grpc.GrpcFactory (GrpcFactory.java:checkPooledByteBufAllocatorUseCacheForAllThreads(45)) - PERFORMANCE WARNING: useCacheForAllThreads is true that may cause Netty to create a lot garbage objects and, as a result, trigger GC.
	It is recommended to disable useCacheForAllThreads by setting -Dorg.apache.ratis.thirdparty.io.netty.allocator.useCacheForAllThreads=false in command line.
2019-08-03 03:26:32,564 INFO  grpc.GrpcConfigKeys$Server (ConfUtils.java:logGet(43)) - raft.grpc.server.port = 0 (default)
2019-08-03 03:26:32,564 INFO  server.GrpcService (ConfUtils.java:logGet(43)) - raft.grpc.message.size.max = 33570816 (custom)
2019-08-03 03:26:32,564 INFO  server.RaftServerConfigKeys (ConfUtils.java:logGet(43)) - raft.server.log.appender.buffer.byte-limit = 33554432 (custom)
2019-08-03 03:26:32,565 INFO  server.GrpcService (ConfUtils.java:logGet(43)) - raft.grpc.flow.control.window = 1MB (=1048576) (default)
2019-08-03 03:26:32,565 INFO  server.RaftServerConfigKeys (ConfUtils.java:logGet(43)) - raft.server.rpc.request.timeout = 3000ms (default)
2019-08-03 03:26:32,565 INFO  server.RaftServerConfigKeys (ConfUtils.java:logGet(43)) - raft.server.storage.dir = [/workdir/hadoop-ozone/integration-test/target/test-dir/MiniOzoneClusterImpl-c65f7282-2579-43b6-816e-eb7732f9b15d/datanode-0/data/ratis] (custom)
2019-08-03 03:26:32,566 INFO  replication.SimpleContainerDownloader (SimpleContainerDownloader.java:<init>(72)) - Starting container downloader service to copy containers to replicate.
2019-08-03 03:26:32,567 INFO  hdfs.DFSUtil (DFSUtil.java:httpServerTemplateForNNAndJN(1641)) - Starting Web-server for hddsDatanode at: http://0.0.0.0:0
2019-08-03 03:26:32,568 INFO  server.AuthenticationFilter (AuthenticationFilter.java:constructSecretProvider(240)) - Unable to initialize FileSignerSecretProvider, falling back to use random secrets.
2019-08-03 03:26:32,569 WARN  http.HttpRequestLog (HttpRequestLog.java:getRequestLog(97)) - Jetty request log can only be enabled using Log4j
2019-08-03 03:26:32,570 INFO  http.HttpServer2 (HttpServer2.java:addGlobalFilter(975)) - Added global filter 'safety' (class=org.apache.hadoop.http.HttpServer2$QuotingInputFilter)
2019-08-03 03:26:32,571 INFO  http.HttpServer2 (HttpServer2.java:addFilter(948)) - Added filter static_user_filter (class=org.apache.hadoop.http.lib.StaticUserWebFilter$StaticUserFilter) to context hddsDatanode
2019-08-03 03:26:32,571 INFO  http.HttpServer2 (HttpServer2.java:addFilter(958)) - Added filter static_user_filter (class=org.apache.hadoop.http.lib.StaticUserWebFilter$StaticUserFilter) to context logs
2019-08-03 03:26:32,571 INFO  http.HttpServer2 (HttpServer2.java:addFilter(958)) - Added filter static_user_filter (class=org.apache.hadoop.http.lib.StaticUserWebFilter$StaticUserFilter) to context static
2019-08-03 03:26:32,571 INFO  http.HttpServer2 (HttpServer2.java:bindListener(1191)) - Jetty bound to port 36908
2019-08-03 03:26:32,572 INFO  server.Server (Server.java:doStart(351)) - jetty-9.3.24.v20180605, build timestamp: 2018-06-05T17:11:56Z, git hash: 84205aa28f11a4f31f2a3b86d1bba2cc8ab69827
2019-08-03 03:26:32,573 INFO  handler.ContextHandler (ContextHandler.java:doStart(781)) - Started o.e.j.s.ServletContextHandler@65c89308{/logs,file:///workdir/hadoop-ozone/integration-test/target/log,AVAILABLE}
2019-08-03 03:26:32,574 INFO  handler.ContextHandler (ContextHandler.java:doStart(781)) - Started o.e.j.s.ServletContextHandler@2873dff1{/static,jar:file:/home/user/.m2/repository/org/apache/hadoop/hadoop-hdds-container-service/0.4.1-SNAPSHOT/hadoop-hdds-container-service-0.4.1-SNAPSHOT.jar!/webapps/static,AVAILABLE}
2019-08-03 03:26:32,602 INFO  handler.ContextHandler (ContextHandler.java:doStart(781)) - Started o.e.j.w.WebAppContext@437d9277{/,file:///tmp/jetty-0.0.0.0-36908-hddsDatanode-_-any-323383835406631108.dir/webapp/,AVAILABLE}{/hddsDatanode}
2019-08-03 03:26:32,603 INFO  server.AbstractConnector (AbstractConnector.java:doStart(278)) - Started ServerConnector@26df4fb7{HTTP/1.1,[http/1.1]}{0.0.0.0:36908}
2019-08-03 03:26:32,604 INFO  server.Server (Server.java:doStart(419)) - Started @44179ms
2019-08-03 03:26:32,604 INFO  server.BaseHttpServer (BaseHttpServer.java:updateConnectorAddress(207)) - HTTP server of HDDSDATANODE is listening at http://0.0.0.0:36908
2019-08-03 03:26:32,751 INFO  ozone.HddsDatanodeService (HddsDatanodeService.java:startPlugins(395)) - Started plug-in org.apache.hadoop.ozone.web.OzoneHddsDatanodeService@4b34c7ba
2019-08-03 03:26:32,752 INFO  ozone.MiniOzoneClusterImpl (MiniOzoneClusterImpl.java:lambda$waitForClusterToBeReady$0(142)) - Waiting for cluster to be ready. Got 0 of 1 DN Heartbeats.
2019-08-03 03:26:32,754 INFO  util.JvmPauseMonitor (JvmPauseMonitor.java:run(188)) - Starting JVM pause monitor
2019-08-03 03:26:32,761 INFO  datanode.InitDatanodeState (InitDatanodeState.java:persistContainerDatanodeDetails(140)) - DatanodeDetails is persisted to /workdir/hadoop-ozone/integration-test/target/test-dir/MiniOzoneClusterImpl-c65f7282-2579-43b6-816e-eb7732f9b15d/datanode-0/meta/datanode.id
2019-08-03 03:26:33,752 INFO  ozone.MiniOzoneClusterImpl (MiniOzoneClusterImpl.java:lambda$waitForClusterToBeReady$0(142)) - Waiting for cluster to be ready. Got 0 of 1 DN Heartbeats.
2019-08-03 03:26:34,753 INFO  ozone.MiniOzoneClusterImpl (MiniOzoneClusterImpl.java:lambda$waitForClusterToBeReady$0(142)) - Waiting for cluster to be ready. Got 0 of 1 DN Heartbeats.
2019-08-03 03:26:34,775 INFO  ozoneimpl.OzoneContainer (OzoneContainer.java:start(186)) - Attempting to start container services.
2019-08-03 03:26:34,776 INFO  ozoneimpl.OzoneContainer (OzoneContainer.java:startContainerScrub(160)) - Background container scrubber has been disabled by hdds.containerscrub.enabled
2019-08-03 03:26:34,777 INFO  ratis.XceiverServerRatis (XceiverServerRatis.java:start(404)) - Starting XceiverServerRatis 207c9d1f-b76b-4b28-ab9b-7ef06c7128dc at port 0
2019-08-03 03:26:34,785 INFO  impl.RaftServerProxy (RaftServerProxy.java:lambda$start$3(299)) - 207c9d1f-b76b-4b28-ab9b-7ef06c7128dc: start RPC server
2019-08-03 03:26:34,790 INFO  server.GrpcService (GrpcService.java:startImpl(149)) - 207c9d1f-b76b-4b28-ab9b-7ef06c7128dc: GrpcService started, listening on 0.0.0.0/0.0.0.0:33106
2019-08-03 03:26:34,790 INFO  ratis.XceiverServerRatis (XceiverServerRatis.java:start(414)) - XceiverServerRatis 207c9d1f-b76b-4b28-ab9b-7ef06c7128dc is started using port 33106
2019-08-03 03:26:34,792 INFO  server.XceiverServerGrpc (XceiverServerGrpc.java:start(161)) - XceiverServerGrpc 207c9d1f-b76b-4b28-ab9b-7ef06c7128dc is started using port 36288
2019-08-03 03:26:35,753 INFO  ozone.MiniOzoneClusterImpl (MiniOzoneClusterImpl.java:lambda$waitForClusterToBeReady$0(142)) - Waiting for cluster to be ready. Got 0 of 1 DN Heartbeats.
2019-08-03 03:26:36,754 INFO  ozone.MiniOzoneClusterImpl (MiniOzoneClusterImpl.java:lambda$waitForClusterToBeReady$0(142)) - Waiting for cluster to be ready. Got 0 of 1 DN Heartbeats.
2019-08-03 03:26:36,761 INFO  net.NetworkTopology (NetworkTopologyImpl.java:add(110)) - Added a new node: /default-rack/207c9d1f-b76b-4b28-ab9b-7ef06c7128dc
2019-08-03 03:26:36,761 INFO  node.SCMNodeManager (SCMNodeManager.java:register(273)) - Registered Data node : 207c9d1f-b76b-4b28-ab9b-7ef06c7128dc{ip: 192.168.5.147, host: byscane-nightly-b86qh-2100283676, networkLocation: /default-rack, certSerialId: null}
2019-08-03 03:26:36,764 INFO  safemode.SCMSafeModeManager (DataNodeSafeModeRule.java:process(71)) - SCM in safe mode. 1 DataNodes registered, 1 required.
2019-08-03 03:26:36,765 INFO  safemode.SCMSafeModeManager (SCMSafeModeManager.java:validateSafeModeExitRules(177)) - ScmSafeModeManager, all rules are successfully validated
2019-08-03 03:26:36,766 INFO  safemode.SCMSafeModeManager (SCMSafeModeManager.java:exitSafeMode(193)) - SCM exiting safe mode.
2019-08-03 03:26:36,783 INFO  impl.RaftServerProxy (RaftServerProxy.java:addNew(89)) - 207c9d1f-b76b-4b28-ab9b-7ef06c7128dc: addNew group-A953C8F9F159:[207c9d1f-b76b-4b28-ab9b-7ef06c7128dc:192.168.5.147:33106] returns group-A953C8F9F159:java.util.concurrent.CompletableFuture@2afebc64[Not completed]
2019-08-03 03:26:36,785 INFO  impl.RaftServerImpl (RaftServerImpl.java:<init>(93)) - 207c9d1f-b76b-4b28-ab9b-7ef06c7128dc: new RaftServerImpl for group-A953C8F9F159:[207c9d1f-b76b-4b28-ab9b-7ef06c7128dc:192.168.5.147:33106] with ContainerStateMachine:uninitialized
2019-08-03 03:26:36,786 INFO  server.RaftServerConfigKeys (ConfUtils.java:logGet(43)) - raft.server.rpc.timeout.min = 5s (custom)
2019-08-03 03:26:36,786 INFO  server.RaftServerConfigKeys (ConfUtils.java:logGet(43)) - raft.server.rpc.timeout.max = 5200ms (custom)
2019-08-03 03:26:36,787 INFO  server.RaftServerConfigKeys (ConfUtils.java:logGet(43)) - raft.server.rpcslowness.timeout = 120s (custom)
2019-08-03 03:26:36,787 INFO  server.RaftServerConfigKeys (ConfUtils.java:logGet(43)) - raft.server.sleep.deviation.threshold = 300 (default)
2019-08-03 03:26:36,787 INFO  server.RaftServerConfigKeys (ConfUtils.java:logGet(43)) - raft.server.log.appender.install.snapshot.enabled = false (custom)
2019-08-03 03:26:36,787 INFO  impl.RaftServerImpl (ServerState.java:<init>(105)) - 207c9d1f-b76b-4b28-ab9b-7ef06c7128dc:group-A953C8F9F159 ConfigurationManager, init=-1: [207c9d1f-b76b-4b28-ab9b-7ef06c7128dc:192.168.5.147:33106], old=null, confs=<EMPTY_MAP>
2019-08-03 03:26:36,788 INFO  server.RaftServerConfigKeys (ConfUtils.java:logGet(43)) - raft.server.storage.dir = [/workdir/hadoop-ozone/integration-test/target/test-dir/MiniOzoneClusterImpl-c65f7282-2579-43b6-816e-eb7732f9b15d/datanode-0/data/ratis] (custom)
2019-08-03 03:26:36,788 INFO  storage.RaftStorageDirectory (RaftStorageDirectory.java:analyzeStorage(246)) - The storage directory /workdir/hadoop-ozone/integration-test/target/test-dir/MiniOzoneClusterImpl-c65f7282-2579-43b6-816e-eb7732f9b15d/datanode-0/data/ratis/e53e8403-ee3f-47f7-a209-a953c8f9f159 does not exist. Creating ...
2019-08-03 03:26:36,794 INFO  storage.RaftStorageDirectory (RaftStorageDirectory.java:tryLock(328)) - Lock on /workdir/hadoop-ozone/integration-test/target/test-dir/MiniOzoneClusterImpl-c65f7282-2579-43b6-816e-eb7732f9b15d/datanode-0/data/ratis/e53e8403-ee3f-47f7-a209-a953c8f9f159/in_use.lock acquired by nodename 24336@byscane-nightly-b86qh-2100283676
2019-08-03 03:26:36,807 INFO  storage.RaftStorage (RaftStorage.java:format(72)) - Storage directory /workdir/hadoop-ozone/integration-test/target/test-dir/MiniOzoneClusterImpl-c65f7282-2579-43b6-816e-eb7732f9b15d/datanode-0/data/ratis/e53e8403-ee3f-47f7-a209-a953c8f9f159 has been successfully formatted.
2019-08-03 03:26:36,808 INFO  ratis.ContainerStateMachine (ContainerStateMachine.java:loadSnapshot(213)) - group-A953C8F9F159: The snapshot info is null. Setting the last applied indexto:(t:0, i:~)
2019-08-03 03:26:36,808 INFO  server.RaftServerConfigKeys (ConfUtils.java:logGet(43)) - raft.server.leader.election.timeout = 120s (custom)
2019-08-03 03:26:36,808 INFO  server.RaftServerConfigKeys (ConfUtils.java:logGet(43)) - raft.server.log.use.memory = false (default)
2019-08-03 03:26:36,809 INFO  server.RaftServerConfigKeys (ConfUtils.java:logGet(43)) - raft.server.log.purge.gap = 1000000000 (custom)
2019-08-03 03:26:36,809 INFO  server.RaftServerConfigKeys (ConfUtils.java:logGet(43)) - raft.server.log.appender.buffer.byte-limit = 33554432 (custom)
2019-08-03 03:26:36,809 INFO  server.RaftServerConfigKeys (ConfUtils.java:logGet(43)) - raft.server.log.segment.size.max = 1048576 (custom)
2019-08-03 03:26:36,809 INFO  server.RaftServerConfigKeys (ConfUtils.java:logGet(43)) - raft.server.log.segment.cache.num.max = 2 (custom)
2019-08-03 03:26:36,809 INFO  segmented.SegmentedRaftLogWorker (SegmentedRaftLogWorker.java:<init>(172)) - new 207c9d1f-b76b-4b28-ab9b-7ef06c7128dc-SegmentedRaftLogWorker:Storage Directory /workdir/hadoop-ozone/integration-test/target/test-dir/MiniOzoneClusterImpl-c65f7282-2579-43b6-816e-eb7732f9b15d/datanode-0/data/ratis/e53e8403-ee3f-47f7-a209-a953c8f9f159 for RaftStorage:Storage Directory /workdir/hadoop-ozone/integration-test/target/test-dir/MiniOzoneClusterImpl-c65f7282-2579-43b6-816e-eb7732f9b15d/datanode-0/data/ratis/e53e8403-ee3f-47f7-a209-a953c8f9f159
2019-08-03 03:26:36,810 INFO  server.RaftServerConfigKeys (ConfUtils.java:logGet(43)) - raft.server.log.queue.byte-limit = 2147483647 (custom)
2019-08-03 03:26:36,810 INFO  server.RaftServerConfigKeys (ConfUtils.java:logGet(43)) - raft.server.log.queue.element-limit = 1024 (custom)
2019-08-03 03:26:36,810 INFO  server.RaftServerConfigKeys (ConfUtils.java:logGet(43)) - raft.server.log.segment.size.max = 1048576 (custom)
2019-08-03 03:26:36,810 INFO  server.RaftServerConfigKeys (ConfUtils.java:logGet(43)) - raft.server.log.preallocated.size = 16384 (custom)
2019-08-03 03:26:36,811 INFO  server.RaftServerConfigKeys (ConfUtils.java:logGet(43)) - raft.server.log.write.buffer.size = 33554432 (custom)
2019-08-03 03:26:36,811 INFO  server.RaftServerConfigKeys (ConfUtils.java:logGet(43)) - raft.server.log.force.sync.num = 128 (default)
2019-08-03 03:26:36,811 INFO  server.RaftServerConfigKeys (ConfUtils.java:logGet(43)) - raft.server.log.statemachine.data.sync = true (default)
2019-08-03 03:26:36,811 INFO  server.RaftServerConfigKeys (ConfUtils.java:logGet(43)) - raft.server.log.statemachine.data.sync.timeout = 10s (default)
2019-08-03 03:26:36,811 INFO  server.RaftServerConfigKeys (ConfUtils.java:logGet(43)) - raft.server.log.statemachine.data.sync.timeout.retry = -1 (default)
2019-08-03 03:26:36,812 INFO  server.RaftServerConfigKeys (ConfUtils.java:logGet(43)) - raft.server.log.statemachine.data.caching.enabled = true (custom)
2019-08-03 03:26:36,812 INFO  segmented.SegmentedRaftLogWorker (SegmentedRaftLogWorker.java:lambda$new$0(132)) - 207c9d1f-b76b-4b28-ab9b-7ef06c7128dc-SegmentedRaftLogWorker:Storage Directory /workdir/hadoop-ozone/integration-test/target/test-dir/MiniOzoneClusterImpl-c65f7282-2579-43b6-816e-eb7732f9b15d/datanode-0/data/ratis/e53e8403-ee3f-47f7-a209-a953c8f9f159: flushIndex: setUnconditionally 0 -> -1
2019-08-03 03:26:36,813 INFO  server.RaftServerConfigKeys (ConfUtils.java:logGet(43)) - raft.server.snapshot.auto.trigger.enabled = true (custom)
2019-08-03 03:26:36,813 INFO  server.RaftServerConfigKeys (ConfUtils.java:logGet(43)) - raft.server.snapshot.auto.trigger.threshold = 10000 (custom)
2019-08-03 03:26:36,813 INFO  server.RaftServerConfigKeys (ConfUtils.java:logGet(43)) - raft.server.retrycache.expirytime = 600000ms (custom)
2019-08-03 03:26:36,814 INFO  impl.RaftServerImpl (RaftServerImpl.java:start(180)) - 207c9d1f-b76b-4b28-ab9b-7ef06c7128dc: start group-A953C8F9F159
2019-08-03 03:26:36,814 INFO  impl.RaftServerImpl (RaftServerImpl.java:setRole(171)) - 207c9d1f-b76b-4b28-ab9b-7ef06c7128dc:group-A953C8F9F159 changes role from null to FOLLOWER at term 0 for startAsFollower
2019-08-03 03:26:36,814 INFO  impl.RoleInfo (RoleInfo.java:updateAndGet(143)) - 207c9d1f-b76b-4b28-ab9b-7ef06c7128dc: start FollowerState
2019-08-03 03:26:36,815 INFO  util.JmxRegister (JmxRegister.java:tryRegister(44)) - Successfully registered JMX Bean with object name Ratis:service=RaftServer,group=group-A953C8F9F159,id=207c9d1f-b76b-4b28-ab9b-7ef06c7128dc
2019-08-03 03:26:36,824 INFO  pipeline.PipelineStateManager (PipelineStateManager.java:addPipeline(56)) - Created pipeline Pipeline[ Id: e53e8403-ee3f-47f7-a209-a953c8f9f159, Nodes: 207c9d1f-b76b-4b28-ab9b-7ef06c7128dc{ip: 192.168.5.147, host: byscane-nightly-b86qh-2100283676, networkLocation: /default-rack, certSerialId: null}, Type:RATIS, Factor:ONE, State:OPEN]
2019-08-03 03:26:37,755 INFO  ozone.MiniOzoneClusterImpl (MiniOzoneClusterImpl.java:lambda$waitForClusterToBeReady$0(142)) - Cluster is ready. Got 1 of 1 DN Heartbeats.
2019-08-03 03:26:37,960 INFO  pipeline.PipelineStateManager (PipelineStateManager.java:addPipeline(56)) - Created pipeline Pipeline[ Id: 5533bc9a-11ff-475d-b8a3-6bc84c11763a, Nodes: 207c9d1f-b76b-4b28-ab9b-7ef06c7128dc{ip: 192.168.5.147, host: byscane-nightly-b86qh-2100283676, networkLocation: /default-rack, certSerialId: null}, Type:STAND_ALONE, Factor:ONE, State:OPEN]
2019-08-03 03:26:38,254 INFO  keyvalue.KeyValueHandler (ContainerUtils.java:logAndReturnError(146)) - Operation: CreateContainer : Trace ID: 2962d3792c154cff:2962d3792c154cff:0:0 : Message: Container creation failed, due to disk out of space : Result: DISK_OUT_OF_SPACE
03:26:38.254 [grpc-default-executor-0] ERROR DNAudit - user=null | ip=null | op=WRITE_CHUNK {blockData=conID: 4 locID: 102550916185980943 bcsId: 0} | ret=FAILURE
org.apache.hadoop.hdds.scm.container.common.helpers.StorageContainerException: ContainerID 4 creation failed
	at org.apache.hadoop.ozone.container.common.impl.HddsDispatcher.dispatchRequest(HddsDispatcher.java:227) [hadoop-hdds-container-service-0.4.1-SNAPSHOT.jar:?]
	at org.apache.hadoop.ozone.container.common.impl.HddsDispatcher.dispatch(HddsDispatcher.java:148) [hadoop-hdds-container-service-0.4.1-SNAPSHOT.jar:?]
	at org.apache.hadoop.ozone.container.common.transport.server.GrpcXceiverService$1.onNext(GrpcXceiverService.java:73) [hadoop-hdds-container-service-0.4.1-SNAPSHOT.jar:?]
	at org.apache.hadoop.ozone.container.common.transport.server.GrpcXceiverService$1.onNext(GrpcXceiverService.java:61) [hadoop-hdds-container-service-0.4.1-SNAPSHOT.jar:?]
	at org.apache.ratis.thirdparty.io.grpc.stub.ServerCalls$StreamingServerCallHandler$StreamingServerCallListener.onMessage(ServerCalls.java:248) [ratis-thirdparty-misc-0.2.0.jar:0.2.0]
	at org.apache.ratis.thirdparty.io.grpc.ForwardingServerCallListener.onMessage(ForwardingServerCallListener.java:33) [ratis-thirdparty-misc-0.2.0.jar:0.2.0]
	at org.apache.ratis.thirdparty.io.grpc.Contexts$ContextualizedServerCallListener.onMessage(Contexts.java:76) [ratis-thirdparty-misc-0.2.0.jar:0.2.0]
	at org.apache.ratis.thirdparty.io.grpc.ForwardingServerCallListener.onMessage(ForwardingServerCallListener.java:33) [ratis-thirdparty-misc-0.2.0.jar:0.2.0]
	at org.apache.hadoop.hdds.tracing.GrpcServerInterceptor$1.onMessage(GrpcServerInterceptor.java:46) [hadoop-hdds-common-0.4.1-SNAPSHOT.jar:?]
	at org.apache.ratis.thirdparty.io.grpc.internal.ServerCallImpl$ServerStreamListenerImpl.messagesAvailable(ServerCallImpl.java:263) [ratis-thirdparty-misc-0.2.0.jar:0.2.0]
	at org.apache.ratis.thirdparty.io.grpc.internal.ServerImpl$JumpToApplicationThreadServerStreamListener$1MessagesAvailable.runInContext(ServerImpl.java:686) [ratis-thirdparty-misc-0.2.0.jar:0.2.0]
	at org.apache.ratis.thirdparty.io.grpc.internal.ContextRunnable.run(ContextRunnable.java:37) [ratis-thirdparty-misc-0.2.0.jar:0.2.0]
	at org.apache.ratis.thirdparty.io.grpc.internal.SerializingExecutor.run(SerializingExecutor.java:123) [ratis-thirdparty-misc-0.2.0.jar:0.2.0]
	at java.util.concurrent.ThreadPoolExecutor.runWorker(ThreadPoolExecutor.java:1149) [?:1.8.0_212]
	at java.util.concurrent.ThreadPoolExecutor$Worker.run(ThreadPoolExecutor.java:624) [?:1.8.0_212]
	at java.lang.Thread.run(Thread.java:748) [?:1.8.0_212]
2019-08-03 03:26:38,255 INFO  impl.HddsDispatcher (ContainerUtils.java:logAndReturnError(146)) - Operation: WriteChunk : Trace ID: 2962d3792c154cff:2962d3792c154cff:0:0 : Message: ContainerID 4 creation failed : Result: DISK_OUT_OF_SPACE
2019-08-03 03:26:38,257 ERROR storage.BlockOutputStream (BlockOutputStream.java:validateResponse(531)) - Unexpected Storage Container Exception: 
org.apache.hadoop.hdds.scm.container.common.helpers.StorageContainerException: ContainerID 4 creation failed
	at org.apache.hadoop.hdds.scm.storage.ContainerProtocolCalls.validateContainerResponse(ContainerProtocolCalls.java:536)
	at org.apache.hadoop.hdds.scm.storage.BlockOutputStream.validateResponse(BlockOutputStream.java:529)
	at org.apache.hadoop.hdds.scm.storage.BlockOutputStream.lambda$writeChunkToContainer$2(BlockOutputStream.java:606)
	at java.util.concurrent.CompletableFuture.uniApply(CompletableFuture.java:602)
	at java.util.concurrent.CompletableFuture$UniApply.tryFire(CompletableFuture.java:577)
	at java.util.concurrent.CompletableFuture$Completion.run(CompletableFuture.java:442)
	at java.util.concurrent.ThreadPoolExecutor.runWorker(ThreadPoolExecutor.java:1149)
	at java.util.concurrent.ThreadPoolExecutor$Worker.run(ThreadPoolExecutor.java:624)
	at java.lang.Thread.run(Thread.java:748)
03:26:38.259 [grpc-default-executor-0] ERROR DNAudit - user=null | ip=null | op=PUT_BLOCK {blockData=[blockId=conID: 4 locID: 102550916185980943 bcsId: 0,size=5]} | ret=FAILURE
org.apache.hadoop.hdds.scm.container.common.helpers.StorageContainerException: ContainerID 4 does not exist
	at org.apache.hadoop.ozone.container.common.impl.HddsDispatcher.dispatchRequest(HddsDispatcher.java:242) [hadoop-hdds-container-service-0.4.1-SNAPSHOT.jar:?]
	at org.apache.hadoop.ozone.container.common.impl.HddsDispatcher.dispatch(HddsDispatcher.java:148) [hadoop-hdds-container-service-0.4.1-SNAPSHOT.jar:?]
	at org.apache.hadoop.ozone.container.common.transport.server.GrpcXceiverService$1.onNext(GrpcXceiverService.java:73) [hadoop-hdds-container-service-0.4.1-SNAPSHOT.jar:?]
	at org.apache.hadoop.ozone.container.common.transport.server.GrpcXceiverService$1.onNext(GrpcXceiverService.java:61) [hadoop-hdds-container-service-0.4.1-SNAPSHOT.jar:?]
	at org.apache.ratis.thirdparty.io.grpc.stub.ServerCalls$StreamingServerCallHandler$StreamingServerCallListener.onMessage(ServerCalls.java:248) [ratis-thirdparty-misc-0.2.0.jar:0.2.0]
	at org.apache.ratis.thirdparty.io.grpc.ForwardingServerCallListener.onMessage(ForwardingServerCallListener.java:33) [ratis-thirdparty-misc-0.2.0.jar:0.2.0]
	at org.apache.ratis.thirdparty.io.grpc.Contexts$ContextualizedServerCallListener.onMessage(Contexts.java:76) [ratis-thirdparty-misc-0.2.0.jar:0.2.0]
	at org.apache.ratis.thirdparty.io.grpc.ForwardingServerCallListener.onMessage(ForwardingServerCallListener.java:33) [ratis-thirdparty-misc-0.2.0.jar:0.2.0]
	at org.apache.hadoop.hdds.tracing.GrpcServerInterceptor$1.onMessage(GrpcServerInterceptor.java:46) [hadoop-hdds-common-0.4.1-SNAPSHOT.jar:?]
	at org.apache.ratis.thirdparty.io.grpc.internal.ServerCallImpl$ServerStreamListenerImpl.messagesAvailable(ServerCallImpl.java:263) [ratis-thirdparty-misc-0.2.0.jar:0.2.0]
	at org.apache.ratis.thirdparty.io.grpc.internal.ServerImpl$JumpToApplicationThreadServerStreamListener$1MessagesAvailable.runInContext(ServerImpl.java:686) [ratis-thirdparty-misc-0.2.0.jar:0.2.0]
	at org.apache.ratis.thirdparty.io.grpc.internal.ContextRunnable.run(ContextRunnable.java:37) [ratis-thirdparty-misc-0.2.0.jar:0.2.0]
	at org.apache.ratis.thirdparty.io.grpc.internal.SerializingExecutor.run(SerializingExecutor.java:123) [ratis-thirdparty-misc-0.2.0.jar:0.2.0]
	at java.util.concurrent.ThreadPoolExecutor.runWorker(ThreadPoolExecutor.java:1149) [?:1.8.0_212]
	at java.util.concurrent.ThreadPoolExecutor$Worker.run(ThreadPoolExecutor.java:624) [?:1.8.0_212]
	at java.lang.Thread.run(Thread.java:748) [?:1.8.0_212]
2019-08-03 03:26:38,260 INFO  impl.HddsDispatcher (ContainerUtils.java:logAndReturnError(146)) - Operation: PutBlock : Trace ID: f84ef78fc89997ab:f84ef78fc89997ab:0:0 : Message: ContainerID 4 does not exist : Result: CONTAINER_NOT_FOUND
]]></system-out>
    <system-err><![CDATA[Aug 03, 2019 3:26:32 AM com.sun.jersey.server.impl.application.WebApplicationImpl _initiate
INFO: Initiating Jersey application, version 'Jersey: 1.19 02/11/2015 03:25 AM'
Aug 03, 2019 3:26:37 AM com.sun.jersey.server.impl.application.WebApplicationImpl _initiate
INFO: Initiating Jersey application, version 'Jersey: 1.19 02/11/2015 03:25 AM'
]]></system-err>
  </testcase>
  <testcase name="testSCMReinitialization" classname="org.apache.hadoop.ozone.TestStorageContainerManager" time="10.993"/>
  <testcase name="testCloseContainerCommandOnRestart" classname="org.apache.hadoop.ozone.TestStorageContainerManager" time="8.828">
    <error message="Unexpected Storage Container Exception: org.apache.hadoop.hdds.scm.container.common.helpers.StorageContainerException: ContainerID 4 creation failed" type="java.io.IOException">java.io.IOException: Unexpected Storage Container Exception: org.apache.hadoop.hdds.scm.container.common.helpers.StorageContainerException: ContainerID 4 creation failed
	at org.apache.hadoop.hdds.scm.storage.BlockOutputStream.setIoException(BlockOutputStream.java:541)
	at org.apache.hadoop.hdds.scm.storage.BlockOutputStream.validateResponse(BlockOutputStream.java:532)
	at org.apache.hadoop.hdds.scm.storage.BlockOutputStream.lambda$writeChunkToContainer$2(BlockOutputStream.java:606)
	at java.util.concurrent.CompletableFuture.uniApply(CompletableFuture.java:602)
	at java.util.concurrent.CompletableFuture$UniApply.tryFire(CompletableFuture.java:577)
	at java.util.concurrent.CompletableFuture$Completion.run(CompletableFuture.java:442)
	at java.util.concurrent.ThreadPoolExecutor.runWorker(ThreadPoolExecutor.java:1149)
	at java.util.concurrent.ThreadPoolExecutor$Worker.run(ThreadPoolExecutor.java:624)
	at java.lang.Thread.run(Thread.java:748)
Caused by: org.apache.hadoop.hdds.scm.container.common.helpers.StorageContainerException: ContainerID 4 creation failed
	at org.apache.hadoop.hdds.scm.storage.ContainerProtocolCalls.validateContainerResponse(ContainerProtocolCalls.java:536)
	at org.apache.hadoop.hdds.scm.storage.BlockOutputStream.validateResponse(BlockOutputStream.java:529)
	... 7 more
</error>
    <system-out><![CDATA[2019-08-03 03:26:49,281 WARN  server.ServerUtils (ServerUtils.java:getScmDbDir(145)) - ozone.scm.db.dirs is not configured. We recommend adding this setting. Falling back to ozone.metadata.dirs instead.
2019-08-03 03:26:49,300 WARN  server.ServerUtils (ServerUtils.java:getScmDbDir(145)) - ozone.scm.db.dirs is not configured. We recommend adding this setting. Falling back to ozone.metadata.dirs instead.
2019-08-03 03:26:49,301 WARN  server.ServerUtils (ServerUtils.java:getScmDbDir(145)) - ozone.scm.db.dirs is not configured. We recommend adding this setting. Falling back to ozone.metadata.dirs instead.
2019-08-03 03:26:49,301 INFO  db.DBStoreBuilder (DBStoreBuilder.java:addTable(110)) - using custom profile for table: deletedBlocks
2019-08-03 03:26:49,301 INFO  db.DBStoreBuilder (DBStoreBuilder.java:processTables(161)) - Using default column profile:DBProfile.DISK for Table:deletedBlocks
2019-08-03 03:26:49,302 INFO  db.DBStoreBuilder (DBStoreBuilder.java:addTable(110)) - using custom profile for table: validCerts
2019-08-03 03:26:49,302 INFO  db.DBStoreBuilder (DBStoreBuilder.java:processTables(161)) - Using default column profile:DBProfile.DISK for Table:validCerts
2019-08-03 03:26:49,302 INFO  db.DBStoreBuilder (DBStoreBuilder.java:addTable(110)) - using custom profile for table: revokedCerts
2019-08-03 03:26:49,302 INFO  db.DBStoreBuilder (DBStoreBuilder.java:processTables(161)) - Using default column profile:DBProfile.DISK for Table:revokedCerts
2019-08-03 03:26:49,302 INFO  db.DBStoreBuilder (DBStoreBuilder.java:addTable(110)) - using custom profile for table: default
2019-08-03 03:26:49,303 INFO  db.DBStoreBuilder (DBStoreBuilder.java:processTables(167)) - Using default column profile:DBProfile.DISK for Table:default
2019-08-03 03:26:49,303 INFO  db.DBStoreBuilder (DBStoreBuilder.java:getDbProfile(198)) - Using default options. DBProfile.DISK
2019-08-03 03:26:49,367 INFO  net.NodeSchemaLoader (NodeSchemaLoader.java:loadSchemaFromFile(125)) - Loading file from sun.misc.CompoundEnumeration@48dfa100
2019-08-03 03:26:49,367 INFO  net.NodeSchemaLoader (NodeSchemaLoader.java:loadSchema(171)) - Loading network topology layer schema file
2019-08-03 03:26:49,372 INFO  node.SCMNodeManager (SCMNodeManager.java:<init>(121)) - Entering startup safe mode.
2019-08-03 03:26:49,373 WARN  server.ServerUtils (ServerUtils.java:getScmDbDir(145)) - ozone.scm.db.dirs is not configured. We recommend adding this setting. Falling back to ozone.metadata.dirs instead.
2019-08-03 03:26:49,396 INFO  pipeline.SCMPipelineManager (SCMPipelineManager.java:initializePipelineState(126)) - No pipeline exists in current db
2019-08-03 03:26:49,396 WARN  server.ServerUtils (ServerUtils.java:getScmDbDir(145)) - ozone.scm.db.dirs is not configured. We recommend adding this setting. Falling back to ozone.metadata.dirs instead.
2019-08-03 03:26:49,423 WARN  events.EventQueue (EventQueue.java:fireEvent(175)) - No event handler registered for event TypedEvent{payloadType=SafeModeStatus, name='SafeModeStatus'}
2019-08-03 03:26:49,424 INFO  ipc.CallQueueManager (CallQueueManager.java:<init>(84)) - Using callQueue: class java.util.concurrent.LinkedBlockingQueue, queueCapacity: 2000, scheduler: class org.apache.hadoop.ipc.DefaultRpcScheduler, ipcBackoff: false.
2019-08-03 03:26:49,425 INFO  ipc.Server (Server.java:run(1074)) - Starting Socket Reader #1 for port 35645
2019-08-03 03:26:49,430 INFO  ipc.CallQueueManager (CallQueueManager.java:<init>(84)) - Using callQueue: class java.util.concurrent.LinkedBlockingQueue, queueCapacity: 2000, scheduler: class org.apache.hadoop.ipc.DefaultRpcScheduler, ipcBackoff: false.
2019-08-03 03:26:49,431 INFO  ipc.Server (Server.java:run(1074)) - Starting Socket Reader #1 for port 34477
2019-08-03 03:26:49,432 INFO  ipc.CallQueueManager (CallQueueManager.java:<init>(84)) - Using callQueue: class java.util.concurrent.LinkedBlockingQueue, queueCapacity: 2000, scheduler: class org.apache.hadoop.ipc.DefaultRpcScheduler, ipcBackoff: false.
2019-08-03 03:26:49,433 INFO  ipc.Server (Server.java:run(1074)) - Starting Socket Reader #1 for port 45656
2019-08-03 03:26:49,438 INFO  hdfs.DFSUtil (DFSUtil.java:httpServerTemplateForNNAndJN(1641)) - Starting Web-server for scm at: http://0.0.0.0:0
2019-08-03 03:26:49,441 INFO  server.AuthenticationFilter (AuthenticationFilter.java:constructSecretProvider(240)) - Unable to initialize FileSignerSecretProvider, falling back to use random secrets.
2019-08-03 03:26:49,442 WARN  http.HttpRequestLog (HttpRequestLog.java:getRequestLog(97)) - Jetty request log can only be enabled using Log4j
2019-08-03 03:26:49,445 INFO  http.HttpServer2 (HttpServer2.java:addGlobalFilter(975)) - Added global filter 'safety' (class=org.apache.hadoop.http.HttpServer2$QuotingInputFilter)
2019-08-03 03:26:49,446 INFO  http.HttpServer2 (HttpServer2.java:addFilter(948)) - Added filter static_user_filter (class=org.apache.hadoop.http.lib.StaticUserWebFilter$StaticUserFilter) to context scm
2019-08-03 03:26:49,446 INFO  http.HttpServer2 (HttpServer2.java:addFilter(958)) - Added filter static_user_filter (class=org.apache.hadoop.http.lib.StaticUserWebFilter$StaticUserFilter) to context static
2019-08-03 03:26:49,446 INFO  http.HttpServer2 (HttpServer2.java:addFilter(958)) - Added filter static_user_filter (class=org.apache.hadoop.http.lib.StaticUserWebFilter$StaticUserFilter) to context logs
2019-08-03 03:26:49,450 INFO  server.StorageContainerManager (StorageContainerManager.java:start(758)) - StorageContainerLocationProtocol RPC server is listening at /0.0.0.0:45656
2019-08-03 03:26:49,452 WARN  impl.MetricsConfig (MetricsConfig.java:loadFirst(134)) - Cannot locate configuration: tried hadoop-metrics2-storagecontainermanager.properties,hadoop-metrics2.properties
2019-08-03 03:26:49,454 INFO  impl.MetricsSystemImpl (MetricsSystemImpl.java:startTimer(374)) - Scheduled Metric snapshot period at 10 second(s).
2019-08-03 03:26:49,454 INFO  impl.MetricsSystemImpl (MetricsSystemImpl.java:start(191)) - StorageContainerManager metrics system started
2019-08-03 03:26:49,559 INFO  server.SCMClientProtocolServer (SCMClientProtocolServer.java:start(151)) - RPC server for Client  is listening at /0.0.0.0:45656
2019-08-03 03:26:49,560 INFO  ipc.Server (Server.java:run(1314)) - IPC Server Responder: starting
2019-08-03 03:26:49,560 INFO  ipc.Server (Server.java:run(1153)) - IPC Server listener on 45656: starting
2019-08-03 03:26:49,567 INFO  server.StorageContainerManager (StorageContainerManager.java:start(768)) - ScmBlockLocationProtocol RPC server is listening at /0.0.0.0:34477
2019-08-03 03:26:49,567 INFO  server.SCMBlockProtocolServer (SCMBlockProtocolServer.java:start(140)) - RPC server for Block Protocol is listening at /0.0.0.0:34477
2019-08-03 03:26:49,567 INFO  ipc.Server (Server.java:run(1314)) - IPC Server Responder: starting
2019-08-03 03:26:49,567 INFO  ipc.Server (Server.java:run(1153)) - IPC Server listener on 34477: starting
2019-08-03 03:26:49,574 INFO  server.StorageContainerManager (StorageContainerManager.java:start(772)) - ScmDatanodeProtocl RPC server is listening at /0.0.0.0:35645
2019-08-03 03:26:49,574 INFO  server.SCMDatanodeProtocolServer (SCMDatanodeProtocolServer.java:start(191)) - RPC server for DataNodes is listening at /0.0.0.0:35645
2019-08-03 03:26:49,575 INFO  ipc.Server (Server.java:run(1314)) - IPC Server Responder: starting
2019-08-03 03:26:49,575 INFO  ipc.Server (Server.java:run(1153)) - IPC Server listener on 35645: starting
2019-08-03 03:26:49,581 INFO  http.HttpServer2 (HttpServer2.java:bindListener(1191)) - Jetty bound to port 34973
2019-08-03 03:26:49,581 INFO  server.Server (Server.java:doStart(351)) - jetty-9.3.24.v20180605, build timestamp: 2018-06-05T17:11:56Z, git hash: 84205aa28f11a4f31f2a3b86d1bba2cc8ab69827
2019-08-03 03:26:49,585 INFO  handler.ContextHandler (ContextHandler.java:doStart(781)) - Started o.e.j.s.ServletContextHandler@2e15f408{/logs,file:///workdir/hadoop-ozone/integration-test/target/log,AVAILABLE}
2019-08-03 03:26:49,585 INFO  handler.ContextHandler (ContextHandler.java:doStart(781)) - Started o.e.j.s.ServletContextHandler@70556372{/static,file:///workdir/hadoop-ozone/integration-test/target/test-classes/webapps/static,AVAILABLE}
2019-08-03 03:26:49,594 INFO  handler.ContextHandler (ContextHandler.java:doStart(781)) - Started o.e.j.w.WebAppContext@2869614e{/,file:///workdir/hadoop-ozone/integration-test/target/test-classes/webapps/scm/,AVAILABLE}{/scm}
2019-08-03 03:26:49,596 INFO  server.AbstractConnector (AbstractConnector.java:doStart(278)) - Started ServerConnector@69b385c1{HTTP/1.1,[http/1.1]}{0.0.0.0:34973}
2019-08-03 03:26:49,596 INFO  server.Server (Server.java:doStart(419)) - Started @61171ms
2019-08-03 03:26:49,597 INFO  server.BaseHttpServer (BaseHttpServer.java:updateConnectorAddress(207)) - HTTP server of SCM is listening at http://0.0.0.0:34973
2019-08-03 03:26:49,598 WARN  server.ServerUtils (ServerUtils.java:getDBPath(222)) - ozone.om.db.dirs is not configured. We recommend adding this setting. Falling back to ozone.metadata.dirs instead.
2019-08-03 03:26:49,599 INFO  util.JvmPauseMonitor (JvmPauseMonitor.java:run(188)) - Starting JVM pause monitor
2019-08-03 03:26:49,604 WARN  server.ServerUtils (ServerUtils.java:getDBPath(222)) - ozone.om.db.dirs is not configured. We recommend adding this setting. Falling back to ozone.metadata.dirs instead.
2019-08-03 03:26:49,604 WARN  server.ServerUtils (ServerUtils.java:getDBPath(222)) - ozone.om.db.dirs is not configured. We recommend adding this setting. Falling back to ozone.metadata.dirs instead.
2019-08-03 03:26:49,605 INFO  om.OzoneManager (OzoneManager.java:setOMNodeDetails(644)) - OM Service ID is not set. Setting it to the default ID: omServiceIdDefault
2019-08-03 03:26:49,605 INFO  om.OzoneManager (OzoneManager.java:setOMNodeDetails(650)) - OM Node ID is not set. Setting it to the OmStorage's OmID: 7bef6e6d-d96d-47dc-b8c0-8bde618ecf34
2019-08-03 03:26:49,605 INFO  om.OzoneManager (OzoneManager.java:loadOMHAConfigs(601)) - Found matching OM address with OMServiceId: null, OMNodeId: null, RPC Address: localhost:0 and Ratis port: 9872
2019-08-03 03:26:49,614 WARN  server.ServerUtils (ServerUtils.java:getDBPath(222)) - ozone.om.db.dirs is not configured. We recommend adding this setting. Falling back to ozone.metadata.dirs instead.
2019-08-03 03:26:49,614 INFO  db.DBStoreBuilder (DBStoreBuilder.java:addTable(110)) - using custom profile for table: userTable
2019-08-03 03:26:49,615 INFO  db.DBStoreBuilder (DBStoreBuilder.java:processTables(161)) - Using default column profile:DBProfile.DISK for Table:userTable
2019-08-03 03:26:49,615 INFO  db.DBStoreBuilder (DBStoreBuilder.java:addTable(110)) - using custom profile for table: volumeTable
2019-08-03 03:26:49,615 INFO  db.DBStoreBuilder (DBStoreBuilder.java:processTables(161)) - Using default column profile:DBProfile.DISK for Table:volumeTable
2019-08-03 03:26:49,616 INFO  db.DBStoreBuilder (DBStoreBuilder.java:addTable(110)) - using custom profile for table: bucketTable
2019-08-03 03:26:49,616 INFO  db.DBStoreBuilder (DBStoreBuilder.java:processTables(161)) - Using default column profile:DBProfile.DISK for Table:bucketTable
2019-08-03 03:26:49,616 INFO  db.DBStoreBuilder (DBStoreBuilder.java:addTable(110)) - using custom profile for table: keyTable
2019-08-03 03:26:49,616 INFO  db.DBStoreBuilder (DBStoreBuilder.java:processTables(161)) - Using default column profile:DBProfile.DISK for Table:keyTable
2019-08-03 03:26:49,616 INFO  db.DBStoreBuilder (DBStoreBuilder.java:addTable(110)) - using custom profile for table: deletedTable
2019-08-03 03:26:49,617 INFO  db.DBStoreBuilder (DBStoreBuilder.java:processTables(161)) - Using default column profile:DBProfile.DISK for Table:deletedTable
2019-08-03 03:26:49,617 INFO  db.DBStoreBuilder (DBStoreBuilder.java:addTable(110)) - using custom profile for table: openKeyTable
2019-08-03 03:26:49,617 INFO  db.DBStoreBuilder (DBStoreBuilder.java:processTables(161)) - Using default column profile:DBProfile.DISK for Table:openKeyTable
2019-08-03 03:26:49,617 INFO  db.DBStoreBuilder (DBStoreBuilder.java:addTable(110)) - using custom profile for table: s3Table
2019-08-03 03:26:49,617 INFO  db.DBStoreBuilder (DBStoreBuilder.java:processTables(161)) - Using default column profile:DBProfile.DISK for Table:s3Table
2019-08-03 03:26:49,618 INFO  db.DBStoreBuilder (DBStoreBuilder.java:addTable(110)) - using custom profile for table: multipartInfoTable
2019-08-03 03:26:49,618 INFO  db.DBStoreBuilder (DBStoreBuilder.java:processTables(161)) - Using default column profile:DBProfile.DISK for Table:multipartInfoTable
2019-08-03 03:26:49,618 INFO  db.DBStoreBuilder (DBStoreBuilder.java:addTable(110)) - using custom profile for table: dTokenTable
2019-08-03 03:26:49,618 INFO  db.DBStoreBuilder (DBStoreBuilder.java:processTables(161)) - Using default column profile:DBProfile.DISK for Table:dTokenTable
2019-08-03 03:26:49,618 INFO  db.DBStoreBuilder (DBStoreBuilder.java:addTable(110)) - using custom profile for table: s3SecretTable
2019-08-03 03:26:49,618 INFO  db.DBStoreBuilder (DBStoreBuilder.java:processTables(161)) - Using default column profile:DBProfile.DISK for Table:s3SecretTable
2019-08-03 03:26:49,619 INFO  db.DBStoreBuilder (DBStoreBuilder.java:addTable(110)) - using custom profile for table: prefixTable
2019-08-03 03:26:49,619 INFO  db.DBStoreBuilder (DBStoreBuilder.java:processTables(161)) - Using default column profile:DBProfile.DISK for Table:prefixTable
2019-08-03 03:26:49,619 INFO  db.DBStoreBuilder (DBStoreBuilder.java:addTable(110)) - using custom profile for table: default
2019-08-03 03:26:49,619 INFO  db.DBStoreBuilder (DBStoreBuilder.java:processTables(167)) - Using default column profile:DBProfile.DISK for Table:default
2019-08-03 03:26:49,619 INFO  db.DBStoreBuilder (DBStoreBuilder.java:getDbProfile(198)) - Using default options. DBProfile.DISK
2019-08-03 03:26:50,007 INFO  ipc.CallQueueManager (CallQueueManager.java:<init>(84)) - Using callQueue: class java.util.concurrent.LinkedBlockingQueue, queueCapacity: 2000, scheduler: class org.apache.hadoop.ipc.DefaultRpcScheduler, ipcBackoff: false.
2019-08-03 03:26:50,008 INFO  ipc.Server (Server.java:run(1074)) - Starting Socket Reader #1 for port 43322
2019-08-03 03:26:50,029 INFO  om.OzoneManager (OzoneManager.java:start(1255)) - OzoneManager RPC server is listening at localhost/127.0.0.1:43322
2019-08-03 03:26:50,029 INFO  impl.MetricsSystemImpl (MetricsSystemImpl.java:init(158)) - OzoneManager metrics system started (again)
2019-08-03 03:26:50,030 INFO  ipc.Server (Server.java:run(1314)) - IPC Server Responder: starting
2019-08-03 03:26:50,030 INFO  ipc.Server (Server.java:run(1153)) - IPC Server listener on 43322: starting
2019-08-03 03:26:50,037 INFO  hdfs.DFSUtil (DFSUtil.java:httpServerTemplateForNNAndJN(1641)) - Starting Web-server for ozoneManager at: http://0.0.0.0:0
2019-08-03 03:26:50,039 INFO  server.AuthenticationFilter (AuthenticationFilter.java:constructSecretProvider(240)) - Unable to initialize FileSignerSecretProvider, falling back to use random secrets.
2019-08-03 03:26:50,040 WARN  http.HttpRequestLog (HttpRequestLog.java:getRequestLog(97)) - Jetty request log can only be enabled using Log4j
2019-08-03 03:26:50,043 INFO  http.HttpServer2 (HttpServer2.java:addGlobalFilter(975)) - Added global filter 'safety' (class=org.apache.hadoop.http.HttpServer2$QuotingInputFilter)
2019-08-03 03:26:50,044 INFO  http.HttpServer2 (HttpServer2.java:addFilter(948)) - Added filter static_user_filter (class=org.apache.hadoop.http.lib.StaticUserWebFilter$StaticUserFilter) to context ozoneManager
2019-08-03 03:26:50,044 INFO  http.HttpServer2 (HttpServer2.java:addFilter(958)) - Added filter static_user_filter (class=org.apache.hadoop.http.lib.StaticUserWebFilter$StaticUserFilter) to context logs
2019-08-03 03:26:50,044 INFO  http.HttpServer2 (HttpServer2.java:addFilter(958)) - Added filter static_user_filter (class=org.apache.hadoop.http.lib.StaticUserWebFilter$StaticUserFilter) to context static
2019-08-03 03:26:50,045 INFO  http.HttpServer2 (HttpServer2.java:bindListener(1191)) - Jetty bound to port 39273
2019-08-03 03:26:50,045 INFO  server.Server (Server.java:doStart(351)) - jetty-9.3.24.v20180605, build timestamp: 2018-06-05T17:11:56Z, git hash: 84205aa28f11a4f31f2a3b86d1bba2cc8ab69827
2019-08-03 03:26:50,048 INFO  handler.ContextHandler (ContextHandler.java:doStart(781)) - Started o.e.j.s.ServletContextHandler@9776494{/logs,file:///workdir/hadoop-ozone/integration-test/target/log,AVAILABLE}
2019-08-03 03:26:50,049 INFO  handler.ContextHandler (ContextHandler.java:doStart(781)) - Started o.e.j.s.ServletContextHandler@624ec3d{/static,file:///workdir/hadoop-ozone/integration-test/target/test-classes/webapps/static,AVAILABLE}
2019-08-03 03:26:50,056 INFO  handler.ContextHandler (ContextHandler.java:doStart(781)) - Started o.e.j.w.WebAppContext@73590fb7{/,file:///workdir/hadoop-ozone/integration-test/target/test-classes/webapps/ozoneManager/,AVAILABLE}{/ozoneManager}
2019-08-03 03:26:50,058 INFO  server.AbstractConnector (AbstractConnector.java:doStart(278)) - Started ServerConnector@3550cd82{HTTP/1.1,[http/1.1]}{0.0.0.0:39273}
2019-08-03 03:26:50,058 INFO  server.Server (Server.java:doStart(419)) - Started @61633ms
2019-08-03 03:26:50,059 INFO  server.BaseHttpServer (BaseHttpServer.java:updateConnectorAddress(207)) - HTTP server of OZONEMANAGER is listening at http://0.0.0.0:39273
2019-08-03 03:26:50,065 INFO  impl.MetricsSystemImpl (MetricsSystemImpl.java:init(158)) - HddsDatanode metrics system started (again)
2019-08-03 03:26:50,072 INFO  ozone.HddsDatanodeService (HddsDatanodeService.java:start(184)) - HddsDatanodeService host:byscane-nightly-b86qh-2100283676 ip:192.168.5.147
2019-08-03 03:26:50,082 INFO  volume.HddsVolume (HddsVolume.java:<init>(176)) - Creating Volume: /workdir/hadoop-ozone/integration-test/target/test-dir/MiniOzoneClusterImpl-0a0b204f-8f36-4a95-ac85-31b47fe26354/datanode-0/data/containers/hdds of  storage type : DISK and capacity : 52710309888
2019-08-03 03:26:50,083 INFO  volume.VolumeSet (VolumeSet.java:initializeVolumeSet(170)) - Added Volume : /workdir/hadoop-ozone/integration-test/target/test-dir/MiniOzoneClusterImpl-0a0b204f-8f36-4a95-ac85-31b47fe26354/datanode-0/data/containers/hdds to VolumeSet
2019-08-03 03:26:50,083 INFO  volume.ThrottledAsyncChecker (ThrottledAsyncChecker.java:schedule(140)) - Scheduling a check for org.apache.hadoop.ozone.container.common.volume.HddsVolume@61c41f36
2019-08-03 03:26:50,084 INFO  volume.HddsVolumeChecker (HddsVolumeChecker.java:checkAllVolumes(203)) - Scheduled health check for volume org.apache.hadoop.ozone.container.common.volume.HddsVolume@61c41f36
2019-08-03 03:26:50,104 INFO  impl.RaftServerProxy (ConfUtils.java:logGet(43)) - raft.rpc.type = GRPC (default)
2019-08-03 03:26:50,104 INFO  grpc.GrpcFactory (GrpcFactory.java:checkPooledByteBufAllocatorUseCacheForAllThreads(45)) - PERFORMANCE WARNING: useCacheForAllThreads is true that may cause Netty to create a lot garbage objects and, as a result, trigger GC.
	It is recommended to disable useCacheForAllThreads by setting -Dorg.apache.ratis.thirdparty.io.netty.allocator.useCacheForAllThreads=false in command line.
2019-08-03 03:26:50,104 INFO  grpc.GrpcConfigKeys$Server (ConfUtils.java:logGet(43)) - raft.grpc.server.port = 0 (default)
2019-08-03 03:26:50,105 INFO  server.GrpcService (ConfUtils.java:logGet(43)) - raft.grpc.message.size.max = 33570816 (custom)
2019-08-03 03:26:50,105 INFO  server.RaftServerConfigKeys (ConfUtils.java:logGet(43)) - raft.server.log.appender.buffer.byte-limit = 33554432 (custom)
2019-08-03 03:26:50,105 INFO  server.GrpcService (ConfUtils.java:logGet(43)) - raft.grpc.flow.control.window = 1MB (=1048576) (default)
2019-08-03 03:26:50,105 INFO  server.RaftServerConfigKeys (ConfUtils.java:logGet(43)) - raft.server.rpc.request.timeout = 3000ms (default)
2019-08-03 03:26:50,106 INFO  server.RaftServerConfigKeys (ConfUtils.java:logGet(43)) - raft.server.storage.dir = [/workdir/hadoop-ozone/integration-test/target/test-dir/MiniOzoneClusterImpl-0a0b204f-8f36-4a95-ac85-31b47fe26354/datanode-0/data/ratis] (custom)
2019-08-03 03:26:50,106 INFO  replication.SimpleContainerDownloader (SimpleContainerDownloader.java:<init>(72)) - Starting container downloader service to copy containers to replicate.
2019-08-03 03:26:50,108 INFO  hdfs.DFSUtil (DFSUtil.java:httpServerTemplateForNNAndJN(1641)) - Starting Web-server for hddsDatanode at: http://0.0.0.0:0
2019-08-03 03:26:50,109 INFO  server.AuthenticationFilter (AuthenticationFilter.java:constructSecretProvider(240)) - Unable to initialize FileSignerSecretProvider, falling back to use random secrets.
2019-08-03 03:26:50,110 WARN  http.HttpRequestLog (HttpRequestLog.java:getRequestLog(97)) - Jetty request log can only be enabled using Log4j
2019-08-03 03:26:50,111 INFO  http.HttpServer2 (HttpServer2.java:addGlobalFilter(975)) - Added global filter 'safety' (class=org.apache.hadoop.http.HttpServer2$QuotingInputFilter)
2019-08-03 03:26:50,112 INFO  http.HttpServer2 (HttpServer2.java:addFilter(948)) - Added filter static_user_filter (class=org.apache.hadoop.http.lib.StaticUserWebFilter$StaticUserFilter) to context hddsDatanode
2019-08-03 03:26:50,112 INFO  http.HttpServer2 (HttpServer2.java:addFilter(958)) - Added filter static_user_filter (class=org.apache.hadoop.http.lib.StaticUserWebFilter$StaticUserFilter) to context static
2019-08-03 03:26:50,112 INFO  http.HttpServer2 (HttpServer2.java:addFilter(958)) - Added filter static_user_filter (class=org.apache.hadoop.http.lib.StaticUserWebFilter$StaticUserFilter) to context logs
2019-08-03 03:26:50,113 INFO  http.HttpServer2 (HttpServer2.java:bindListener(1191)) - Jetty bound to port 39515
2019-08-03 03:26:50,113 INFO  server.Server (Server.java:doStart(351)) - jetty-9.3.24.v20180605, build timestamp: 2018-06-05T17:11:56Z, git hash: 84205aa28f11a4f31f2a3b86d1bba2cc8ab69827
2019-08-03 03:26:50,115 INFO  handler.ContextHandler (ContextHandler.java:doStart(781)) - Started o.e.j.s.ServletContextHandler@203d5033{/logs,file:///workdir/hadoop-ozone/integration-test/target/log,AVAILABLE}
2019-08-03 03:26:50,116 INFO  handler.ContextHandler (ContextHandler.java:doStart(781)) - Started o.e.j.s.ServletContextHandler@5ec26004{/static,jar:file:/home/user/.m2/repository/org/apache/hadoop/hadoop-hdds-container-service/0.4.1-SNAPSHOT/hadoop-hdds-container-service-0.4.1-SNAPSHOT.jar!/webapps/static,AVAILABLE}
2019-08-03 03:26:50,149 INFO  handler.ContextHandler (ContextHandler.java:doStart(781)) - Started o.e.j.w.WebAppContext@c1cb462{/,file:///tmp/jetty-0.0.0.0-39515-hddsDatanode-_-any-746486389402436233.dir/webapp/,AVAILABLE}{/hddsDatanode}
2019-08-03 03:26:50,150 INFO  server.AbstractConnector (AbstractConnector.java:doStart(278)) - Started ServerConnector@60ce0b0{HTTP/1.1,[http/1.1]}{0.0.0.0:39515}
2019-08-03 03:26:50,152 INFO  server.Server (Server.java:doStart(419)) - Started @61727ms
2019-08-03 03:26:50,153 INFO  server.BaseHttpServer (BaseHttpServer.java:updateConnectorAddress(207)) - HTTP server of HDDSDATANODE is listening at http://0.0.0.0:39515
2019-08-03 03:26:50,343 INFO  ozone.HddsDatanodeService (HddsDatanodeService.java:startPlugins(395)) - Started plug-in org.apache.hadoop.ozone.web.OzoneHddsDatanodeService@11d9770a
2019-08-03 03:26:50,344 INFO  ozone.MiniOzoneClusterImpl (MiniOzoneClusterImpl.java:lambda$waitForClusterToBeReady$0(142)) - Waiting for cluster to be ready. Got 0 of 1 DN Heartbeats.
2019-08-03 03:26:50,347 INFO  util.JvmPauseMonitor (JvmPauseMonitor.java:run(188)) - Starting JVM pause monitor
2019-08-03 03:26:50,351 INFO  datanode.InitDatanodeState (InitDatanodeState.java:persistContainerDatanodeDetails(140)) - DatanodeDetails is persisted to /workdir/hadoop-ozone/integration-test/target/test-dir/MiniOzoneClusterImpl-0a0b204f-8f36-4a95-ac85-31b47fe26354/datanode-0/meta/datanode.id
2019-08-03 03:26:51,344 INFO  ozone.MiniOzoneClusterImpl (MiniOzoneClusterImpl.java:lambda$waitForClusterToBeReady$0(142)) - Waiting for cluster to be ready. Got 0 of 1 DN Heartbeats.
2019-08-03 03:26:52,345 INFO  ozone.MiniOzoneClusterImpl (MiniOzoneClusterImpl.java:lambda$waitForClusterToBeReady$0(142)) - Waiting for cluster to be ready. Got 0 of 1 DN Heartbeats.
2019-08-03 03:26:53,315 INFO  ozoneimpl.OzoneContainer (OzoneContainer.java:start(186)) - Attempting to start container services.
2019-08-03 03:26:53,318 INFO  ozoneimpl.OzoneContainer (OzoneContainer.java:startContainerScrub(160)) - Background container scrubber has been disabled by hdds.containerscrub.enabled
2019-08-03 03:26:53,319 INFO  ratis.XceiverServerRatis (XceiverServerRatis.java:start(404)) - Starting XceiverServerRatis 56144737-90c1-4eac-bb40-769bf50099db at port 0
2019-08-03 03:26:53,332 INFO  impl.RaftServerProxy (RaftServerProxy.java:lambda$start$3(299)) - 56144737-90c1-4eac-bb40-769bf50099db: start RPC server
2019-08-03 03:26:53,342 INFO  server.GrpcService (GrpcService.java:startImpl(149)) - 56144737-90c1-4eac-bb40-769bf50099db: GrpcService started, listening on 0.0.0.0/0.0.0.0:42152
2019-08-03 03:26:53,343 INFO  ratis.XceiverServerRatis (XceiverServerRatis.java:start(414)) - XceiverServerRatis 56144737-90c1-4eac-bb40-769bf50099db is started using port 42152
2019-08-03 03:26:53,345 INFO  ozone.MiniOzoneClusterImpl (MiniOzoneClusterImpl.java:lambda$waitForClusterToBeReady$0(142)) - Waiting for cluster to be ready. Got 0 of 1 DN Heartbeats.
2019-08-03 03:26:53,347 INFO  server.XceiverServerGrpc (XceiverServerGrpc.java:start(161)) - XceiverServerGrpc 56144737-90c1-4eac-bb40-769bf50099db is started using port 33519
2019-08-03 03:26:54,347 INFO  ozone.MiniOzoneClusterImpl (MiniOzoneClusterImpl.java:lambda$waitForClusterToBeReady$0(142)) - Waiting for cluster to be ready. Got 0 of 1 DN Heartbeats.
2019-08-03 03:26:54,353 INFO  net.NetworkTopology (NetworkTopologyImpl.java:add(110)) - Added a new node: /default-rack/56144737-90c1-4eac-bb40-769bf50099db
2019-08-03 03:26:54,355 INFO  node.SCMNodeManager (SCMNodeManager.java:register(273)) - Registered Data node : 56144737-90c1-4eac-bb40-769bf50099db{ip: 192.168.5.147, host: byscane-nightly-b86qh-2100283676, networkLocation: /default-rack, certSerialId: null}
2019-08-03 03:26:54,358 INFO  safemode.SCMSafeModeManager (DataNodeSafeModeRule.java:process(71)) - SCM in safe mode. 1 DataNodes registered, 1 required.
2019-08-03 03:26:54,360 INFO  safemode.SCMSafeModeManager (SCMSafeModeManager.java:validateSafeModeExitRules(177)) - ScmSafeModeManager, all rules are successfully validated
2019-08-03 03:26:54,360 INFO  safemode.SCMSafeModeManager (SCMSafeModeManager.java:exitSafeMode(193)) - SCM exiting safe mode.
2019-08-03 03:26:54,399 INFO  impl.RaftServerProxy (RaftServerProxy.java:addNew(89)) - 56144737-90c1-4eac-bb40-769bf50099db: addNew group-C19DE1DBFF49:[56144737-90c1-4eac-bb40-769bf50099db:192.168.5.147:42152] returns group-C19DE1DBFF49:java.util.concurrent.CompletableFuture@1cf03888[Not completed]
2019-08-03 03:26:54,404 INFO  impl.RaftServerImpl (RaftServerImpl.java:<init>(93)) - 56144737-90c1-4eac-bb40-769bf50099db: new RaftServerImpl for group-C19DE1DBFF49:[56144737-90c1-4eac-bb40-769bf50099db:192.168.5.147:42152] with ContainerStateMachine:uninitialized
2019-08-03 03:26:54,405 INFO  server.RaftServerConfigKeys (ConfUtils.java:logGet(43)) - raft.server.rpc.timeout.min = 5s (custom)
2019-08-03 03:26:54,405 INFO  server.RaftServerConfigKeys (ConfUtils.java:logGet(43)) - raft.server.rpc.timeout.max = 5200ms (custom)
2019-08-03 03:26:54,406 INFO  server.RaftServerConfigKeys (ConfUtils.java:logGet(43)) - raft.server.rpcslowness.timeout = 120s (custom)
2019-08-03 03:26:54,406 INFO  server.RaftServerConfigKeys (ConfUtils.java:logGet(43)) - raft.server.sleep.deviation.threshold = 300 (default)
2019-08-03 03:26:54,406 INFO  server.RaftServerConfigKeys (ConfUtils.java:logGet(43)) - raft.server.log.appender.install.snapshot.enabled = false (custom)
2019-08-03 03:26:54,406 INFO  impl.RaftServerImpl (ServerState.java:<init>(105)) - 56144737-90c1-4eac-bb40-769bf50099db:group-C19DE1DBFF49 ConfigurationManager, init=-1: [56144737-90c1-4eac-bb40-769bf50099db:192.168.5.147:42152], old=null, confs=<EMPTY_MAP>
2019-08-03 03:26:54,407 INFO  server.RaftServerConfigKeys (ConfUtils.java:logGet(43)) - raft.server.storage.dir = [/workdir/hadoop-ozone/integration-test/target/test-dir/MiniOzoneClusterImpl-0a0b204f-8f36-4a95-ac85-31b47fe26354/datanode-0/data/ratis] (custom)
2019-08-03 03:26:54,408 INFO  storage.RaftStorageDirectory (RaftStorageDirectory.java:analyzeStorage(246)) - The storage directory /workdir/hadoop-ozone/integration-test/target/test-dir/MiniOzoneClusterImpl-0a0b204f-8f36-4a95-ac85-31b47fe26354/datanode-0/data/ratis/0d2c8e49-0071-486e-b6c5-c19de1dbff49 does not exist. Creating ...
2019-08-03 03:26:55,348 INFO  ozone.MiniOzoneClusterImpl (MiniOzoneClusterImpl.java:lambda$waitForClusterToBeReady$0(142)) - Cluster is ready. Got 1 of 1 DN Heartbeats.
2019-08-03 03:26:57,361 INFO  container.ReplicationManager (ReplicationManager.java:start(155)) - Starting Replication Monitor Thread.
2019-08-03 03:26:57,364 INFO  container.ReplicationManager (ReplicationManager.java:run(207)) - Replication Monitor Thread took 0 milliseconds for processing 0 containers.
2019-08-03 03:26:57,480 ERROR pipeline.RatisPipelineProvider (RatisPipelineProvider.java:lambda$null$5(235)) - Failed invoke Ratis rpc org.apache.hadoop.hdds.scm.pipeline.RatisPipelineProvider$$Lambda$171/594268447@7807f67f for 56144737-90c1-4eac-bb40-769bf50099db
org.apache.ratis.protocol.TimeoutIOException: deadline exceeded after 2998029784ns
	at org.apache.ratis.grpc.GrpcUtil.tryUnwrapException(GrpcUtil.java:82)
	at org.apache.ratis.grpc.GrpcUtil.unwrapException(GrpcUtil.java:75)
	at org.apache.ratis.grpc.client.GrpcClientProtocolClient.blockingCall(GrpcClientProtocolClient.java:169)
	at org.apache.ratis.grpc.client.GrpcClientProtocolClient.groupAdd(GrpcClientProtocolClient.java:138)
	at org.apache.ratis.grpc.client.GrpcClientRpc.sendRequest(GrpcClientRpc.java:94)
	at org.apache.ratis.client.impl.RaftClientImpl.sendRequest(RaftClientImpl.java:279)
	at org.apache.ratis.client.impl.RaftClientImpl.groupAdd(RaftClientImpl.java:206)
	at org.apache.hadoop.hdds.scm.pipeline.RatisPipelineProvider.lambda$initializePipeline$4(RatisPipelineProvider.java:194)
	at org.apache.hadoop.hdds.scm.pipeline.RatisPipelineProvider.lambda$null$5(RatisPipelineProvider.java:231)
	at java.util.stream.ForEachOps$ForEachOp$OfRef.accept(ForEachOps.java:184)
	at java.util.ArrayList$ArrayListSpliterator.forEachRemaining(ArrayList.java:1382)
	at java.util.stream.AbstractPipeline.copyInto(AbstractPipeline.java:482)
	at java.util.stream.ForEachOps$ForEachTask.compute(ForEachOps.java:291)
	at java.util.concurrent.CountedCompleter.exec(CountedCompleter.java:731)
	at java.util.concurrent.ForkJoinTask.doExec(ForkJoinTask.java:289)
	at java.util.concurrent.ForkJoinTask.doInvoke(ForkJoinTask.java:401)
	at java.util.concurrent.ForkJoinTask.invoke(ForkJoinTask.java:734)
	at java.util.stream.ForEachOps$ForEachOp.evaluateParallel(ForEachOps.java:160)
	at java.util.stream.ForEachOps$ForEachOp$OfRef.evaluateParallel(ForEachOps.java:174)
	at java.util.stream.AbstractPipeline.evaluate(AbstractPipeline.java:233)
	at java.util.stream.ReferencePipeline.forEach(ReferencePipeline.java:418)
	at java.util.stream.ReferencePipeline$Head.forEach(ReferencePipeline.java:583)
	at org.apache.hadoop.hdds.scm.pipeline.RatisPipelineProvider.lambda$callRatisRpc$6(RatisPipelineProvider.java:225)
	at java.util.concurrent.ForkJoinTask$AdaptedRunnableAction.exec(ForkJoinTask.java:1386)
	at java.util.concurrent.ForkJoinTask.doExec(ForkJoinTask.java:289)
	at java.util.concurrent.ForkJoinPool$WorkQueue.runTask(ForkJoinPool.java:1056)
	at java.util.concurrent.ForkJoinPool.runWorker(ForkJoinPool.java:1692)
	at java.util.concurrent.ForkJoinWorkerThread.run(ForkJoinWorkerThread.java:157)
Caused by: org.apache.ratis.thirdparty.io.grpc.StatusRuntimeException: DEADLINE_EXCEEDED: deadline exceeded after 2998029784ns
	at org.apache.ratis.thirdparty.io.grpc.stub.ClientCalls.toStatusRuntimeException(ClientCalls.java:233)
	at org.apache.ratis.thirdparty.io.grpc.stub.ClientCalls.getUnchecked(ClientCalls.java:214)
	at org.apache.ratis.thirdparty.io.grpc.stub.ClientCalls.blockingUnaryCall(ClientCalls.java:139)
	at org.apache.ratis.proto.grpc.AdminProtocolServiceGrpc$AdminProtocolServiceBlockingStub.groupManagement(AdminProtocolServiceGrpc.java:274)
	at org.apache.ratis.grpc.client.GrpcClientProtocolClient.lambda$groupAdd$3(GrpcClientProtocolClient.java:140)
	at org.apache.ratis.grpc.client.GrpcClientProtocolClient.blockingCall(GrpcClientProtocolClient.java:167)
	... 25 more
2019-08-03 03:26:57,508 INFO  impl.RaftServerProxy (RaftServerProxy.java:addNew(89)) - 56144737-90c1-4eac-bb40-769bf50099db: addNew group-40D3CAE9233D:[56144737-90c1-4eac-bb40-769bf50099db:192.168.5.147:42152] returns group-40D3CAE9233D:java.util.concurrent.CompletableFuture@543bf661[Not completed]
2019-08-03 03:26:57,584 INFO  storage.RaftStorageDirectory (RaftStorageDirectory.java:tryLock(328)) - Lock on /workdir/hadoop-ozone/integration-test/target/test-dir/MiniOzoneClusterImpl-0a0b204f-8f36-4a95-ac85-31b47fe26354/datanode-0/data/ratis/0d2c8e49-0071-486e-b6c5-c19de1dbff49/in_use.lock acquired by nodename 24336@byscane-nightly-b86qh-2100283676
2019-08-03 03:26:57,627 INFO  storage.RaftStorage (RaftStorage.java:format(72)) - Storage directory /workdir/hadoop-ozone/integration-test/target/test-dir/MiniOzoneClusterImpl-0a0b204f-8f36-4a95-ac85-31b47fe26354/datanode-0/data/ratis/0d2c8e49-0071-486e-b6c5-c19de1dbff49 has been successfully formatted.
2019-08-03 03:26:57,628 INFO  ratis.ContainerStateMachine (ContainerStateMachine.java:loadSnapshot(213)) - group-C19DE1DBFF49: The snapshot info is null. Setting the last applied indexto:(t:0, i:~)
2019-08-03 03:26:57,628 INFO  server.RaftServerConfigKeys (ConfUtils.java:logGet(43)) - raft.server.leader.election.timeout = 120s (custom)
2019-08-03 03:26:57,628 INFO  server.RaftServerConfigKeys (ConfUtils.java:logGet(43)) - raft.server.log.use.memory = false (default)
2019-08-03 03:26:57,629 INFO  server.RaftServerConfigKeys (ConfUtils.java:logGet(43)) - raft.server.log.purge.gap = 1000000000 (custom)
2019-08-03 03:26:57,629 INFO  server.RaftServerConfigKeys (ConfUtils.java:logGet(43)) - raft.server.log.appender.buffer.byte-limit = 33554432 (custom)
2019-08-03 03:26:57,629 INFO  server.RaftServerConfigKeys (ConfUtils.java:logGet(43)) - raft.server.log.segment.size.max = 1048576 (custom)
2019-08-03 03:26:57,630 INFO  server.RaftServerConfigKeys (ConfUtils.java:logGet(43)) - raft.server.log.segment.cache.num.max = 2 (custom)
2019-08-03 03:26:57,630 INFO  segmented.SegmentedRaftLogWorker (SegmentedRaftLogWorker.java:<init>(172)) - new 56144737-90c1-4eac-bb40-769bf50099db-SegmentedRaftLogWorker:Storage Directory /workdir/hadoop-ozone/integration-test/target/test-dir/MiniOzoneClusterImpl-0a0b204f-8f36-4a95-ac85-31b47fe26354/datanode-0/data/ratis/0d2c8e49-0071-486e-b6c5-c19de1dbff49 for RaftStorage:Storage Directory /workdir/hadoop-ozone/integration-test/target/test-dir/MiniOzoneClusterImpl-0a0b204f-8f36-4a95-ac85-31b47fe26354/datanode-0/data/ratis/0d2c8e49-0071-486e-b6c5-c19de1dbff49
2019-08-03 03:26:57,630 INFO  server.RaftServerConfigKeys (ConfUtils.java:logGet(43)) - raft.server.log.queue.byte-limit = 2147483647 (custom)
2019-08-03 03:26:57,631 INFO  server.RaftServerConfigKeys (ConfUtils.java:logGet(43)) - raft.server.log.queue.element-limit = 1024 (custom)
2019-08-03 03:26:57,631 INFO  server.RaftServerConfigKeys (ConfUtils.java:logGet(43)) - raft.server.log.segment.size.max = 1048576 (custom)
2019-08-03 03:26:57,631 INFO  server.RaftServerConfigKeys (ConfUtils.java:logGet(43)) - raft.server.log.preallocated.size = 16384 (custom)
2019-08-03 03:26:57,632 INFO  server.RaftServerConfigKeys (ConfUtils.java:logGet(43)) - raft.server.log.write.buffer.size = 33554432 (custom)
2019-08-03 03:26:57,632 INFO  server.RaftServerConfigKeys (ConfUtils.java:logGet(43)) - raft.server.log.force.sync.num = 128 (default)
2019-08-03 03:26:57,632 INFO  server.RaftServerConfigKeys (ConfUtils.java:logGet(43)) - raft.server.log.statemachine.data.sync = true (default)
2019-08-03 03:26:57,632 INFO  server.RaftServerConfigKeys (ConfUtils.java:logGet(43)) - raft.server.log.statemachine.data.sync.timeout = 10s (default)
2019-08-03 03:26:57,632 INFO  server.RaftServerConfigKeys (ConfUtils.java:logGet(43)) - raft.server.log.statemachine.data.sync.timeout.retry = -1 (default)
2019-08-03 03:26:57,633 INFO  server.RaftServerConfigKeys (ConfUtils.java:logGet(43)) - raft.server.log.statemachine.data.caching.enabled = true (custom)
2019-08-03 03:26:57,634 INFO  segmented.SegmentedRaftLogWorker (SegmentedRaftLogWorker.java:lambda$new$0(132)) - 56144737-90c1-4eac-bb40-769bf50099db-SegmentedRaftLogWorker:Storage Directory /workdir/hadoop-ozone/integration-test/target/test-dir/MiniOzoneClusterImpl-0a0b204f-8f36-4a95-ac85-31b47fe26354/datanode-0/data/ratis/0d2c8e49-0071-486e-b6c5-c19de1dbff49: flushIndex: setUnconditionally 0 -> -1
2019-08-03 03:26:57,634 INFO  server.RaftServerConfigKeys (ConfUtils.java:logGet(43)) - raft.server.snapshot.auto.trigger.enabled = true (custom)
2019-08-03 03:26:57,635 INFO  server.RaftServerConfigKeys (ConfUtils.java:logGet(43)) - raft.server.snapshot.auto.trigger.threshold = 10000 (custom)
2019-08-03 03:26:57,635 INFO  server.RaftServerConfigKeys (ConfUtils.java:logGet(43)) - raft.server.retrycache.expirytime = 600000ms (custom)
2019-08-03 03:26:57,637 INFO  impl.RaftServerImpl (RaftServerImpl.java:<init>(93)) - 56144737-90c1-4eac-bb40-769bf50099db: new RaftServerImpl for group-40D3CAE9233D:[56144737-90c1-4eac-bb40-769bf50099db:192.168.5.147:42152] with ContainerStateMachine:uninitialized
2019-08-03 03:26:57,637 INFO  server.RaftServerConfigKeys (ConfUtils.java:logGet(43)) - raft.server.rpc.timeout.min = 5s (custom)
2019-08-03 03:26:57,637 INFO  server.RaftServerConfigKeys (ConfUtils.java:logGet(43)) - raft.server.rpc.timeout.max = 5200ms (custom)
2019-08-03 03:26:57,637 INFO  server.RaftServerConfigKeys (ConfUtils.java:logGet(43)) - raft.server.rpcslowness.timeout = 120s (custom)
2019-08-03 03:26:57,638 INFO  server.RaftServerConfigKeys (ConfUtils.java:logGet(43)) - raft.server.sleep.deviation.threshold = 300 (default)
2019-08-03 03:26:57,638 INFO  server.RaftServerConfigKeys (ConfUtils.java:logGet(43)) - raft.server.log.appender.install.snapshot.enabled = false (custom)
2019-08-03 03:26:57,638 INFO  impl.RaftServerImpl (ServerState.java:<init>(105)) - 56144737-90c1-4eac-bb40-769bf50099db:group-40D3CAE9233D ConfigurationManager, init=-1: [56144737-90c1-4eac-bb40-769bf50099db:192.168.5.147:42152], old=null, confs=<EMPTY_MAP>
2019-08-03 03:26:57,638 INFO  server.RaftServerConfigKeys (ConfUtils.java:logGet(43)) - raft.server.storage.dir = [/workdir/hadoop-ozone/integration-test/target/test-dir/MiniOzoneClusterImpl-0a0b204f-8f36-4a95-ac85-31b47fe26354/datanode-0/data/ratis] (custom)
2019-08-03 03:26:57,639 INFO  storage.RaftStorageDirectory (RaftStorageDirectory.java:analyzeStorage(246)) - The storage directory /workdir/hadoop-ozone/integration-test/target/test-dir/MiniOzoneClusterImpl-0a0b204f-8f36-4a95-ac85-31b47fe26354/datanode-0/data/ratis/e8e4e0e5-4afc-4dac-83bc-40d3cae9233d does not exist. Creating ...
2019-08-03 03:26:57,656 INFO  storage.RaftStorageDirectory (RaftStorageDirectory.java:tryLock(328)) - Lock on /workdir/hadoop-ozone/integration-test/target/test-dir/MiniOzoneClusterImpl-0a0b204f-8f36-4a95-ac85-31b47fe26354/datanode-0/data/ratis/e8e4e0e5-4afc-4dac-83bc-40d3cae9233d/in_use.lock acquired by nodename 24336@byscane-nightly-b86qh-2100283676
2019-08-03 03:26:57,667 INFO  storage.RaftStorage (RaftStorage.java:format(72)) - Storage directory /workdir/hadoop-ozone/integration-test/target/test-dir/MiniOzoneClusterImpl-0a0b204f-8f36-4a95-ac85-31b47fe26354/datanode-0/data/ratis/e8e4e0e5-4afc-4dac-83bc-40d3cae9233d has been successfully formatted.
2019-08-03 03:26:57,668 INFO  ratis.ContainerStateMachine (ContainerStateMachine.java:loadSnapshot(213)) - group-40D3CAE9233D: The snapshot info is null. Setting the last applied indexto:(t:0, i:~)
2019-08-03 03:26:57,668 INFO  server.RaftServerConfigKeys (ConfUtils.java:logGet(43)) - raft.server.leader.election.timeout = 120s (custom)
2019-08-03 03:26:57,668 INFO  server.RaftServerConfigKeys (ConfUtils.java:logGet(43)) - raft.server.log.use.memory = false (default)
2019-08-03 03:26:57,668 INFO  server.RaftServerConfigKeys (ConfUtils.java:logGet(43)) - raft.server.log.purge.gap = 1000000000 (custom)
2019-08-03 03:26:57,668 INFO  server.RaftServerConfigKeys (ConfUtils.java:logGet(43)) - raft.server.log.appender.buffer.byte-limit = 33554432 (custom)
2019-08-03 03:26:57,669 INFO  server.RaftServerConfigKeys (ConfUtils.java:logGet(43)) - raft.server.log.segment.size.max = 1048576 (custom)
2019-08-03 03:26:57,669 INFO  server.RaftServerConfigKeys (ConfUtils.java:logGet(43)) - raft.server.log.segment.cache.num.max = 2 (custom)
2019-08-03 03:26:57,669 INFO  segmented.SegmentedRaftLogWorker (SegmentedRaftLogWorker.java:<init>(172)) - new 56144737-90c1-4eac-bb40-769bf50099db-SegmentedRaftLogWorker:Storage Directory /workdir/hadoop-ozone/integration-test/target/test-dir/MiniOzoneClusterImpl-0a0b204f-8f36-4a95-ac85-31b47fe26354/datanode-0/data/ratis/e8e4e0e5-4afc-4dac-83bc-40d3cae9233d for RaftStorage:Storage Directory /workdir/hadoop-ozone/integration-test/target/test-dir/MiniOzoneClusterImpl-0a0b204f-8f36-4a95-ac85-31b47fe26354/datanode-0/data/ratis/e8e4e0e5-4afc-4dac-83bc-40d3cae9233d
2019-08-03 03:26:57,669 INFO  server.RaftServerConfigKeys (ConfUtils.java:logGet(43)) - raft.server.log.queue.byte-limit = 2147483647 (custom)
2019-08-03 03:26:57,669 INFO  server.RaftServerConfigKeys (ConfUtils.java:logGet(43)) - raft.server.log.queue.element-limit = 1024 (custom)
2019-08-03 03:26:57,669 INFO  server.RaftServerConfigKeys (ConfUtils.java:logGet(43)) - raft.server.log.segment.size.max = 1048576 (custom)
2019-08-03 03:26:57,670 INFO  server.RaftServerConfigKeys (ConfUtils.java:logGet(43)) - raft.server.log.preallocated.size = 16384 (custom)
2019-08-03 03:26:57,670 INFO  server.RaftServerConfigKeys (ConfUtils.java:logGet(43)) - raft.server.log.write.buffer.size = 33554432 (custom)
2019-08-03 03:26:57,670 INFO  server.RaftServerConfigKeys (ConfUtils.java:logGet(43)) - raft.server.log.force.sync.num = 128 (default)
2019-08-03 03:26:57,670 INFO  server.RaftServerConfigKeys (ConfUtils.java:logGet(43)) - raft.server.log.statemachine.data.sync = true (default)
2019-08-03 03:26:57,670 INFO  server.RaftServerConfigKeys (ConfUtils.java:logGet(43)) - raft.server.log.statemachine.data.sync.timeout = 10s (default)
2019-08-03 03:26:57,671 INFO  server.RaftServerConfigKeys (ConfUtils.java:logGet(43)) - raft.server.log.statemachine.data.sync.timeout.retry = -1 (default)
2019-08-03 03:26:57,671 INFO  server.RaftServerConfigKeys (ConfUtils.java:logGet(43)) - raft.server.log.statemachine.data.caching.enabled = true (custom)
2019-08-03 03:26:57,671 INFO  segmented.SegmentedRaftLogWorker (SegmentedRaftLogWorker.java:lambda$new$0(132)) - 56144737-90c1-4eac-bb40-769bf50099db-SegmentedRaftLogWorker:Storage Directory /workdir/hadoop-ozone/integration-test/target/test-dir/MiniOzoneClusterImpl-0a0b204f-8f36-4a95-ac85-31b47fe26354/datanode-0/data/ratis/e8e4e0e5-4afc-4dac-83bc-40d3cae9233d: flushIndex: setUnconditionally 0 -> -1
2019-08-03 03:26:57,672 INFO  server.RaftServerConfigKeys (ConfUtils.java:logGet(43)) - raft.server.snapshot.auto.trigger.enabled = true (custom)
2019-08-03 03:26:57,672 INFO  server.RaftServerConfigKeys (ConfUtils.java:logGet(43)) - raft.server.snapshot.auto.trigger.threshold = 10000 (custom)
2019-08-03 03:26:57,672 INFO  server.RaftServerConfigKeys (ConfUtils.java:logGet(43)) - raft.server.retrycache.expirytime = 600000ms (custom)
2019-08-03 03:26:57,672 INFO  impl.RaftServerImpl (RaftServerImpl.java:start(180)) - 56144737-90c1-4eac-bb40-769bf50099db: start group-C19DE1DBFF49
2019-08-03 03:26:57,672 INFO  impl.RaftServerImpl (RaftServerImpl.java:setRole(171)) - 56144737-90c1-4eac-bb40-769bf50099db:group-C19DE1DBFF49 changes role from null to FOLLOWER at term 0 for startAsFollower
2019-08-03 03:26:57,673 INFO  impl.RoleInfo (RoleInfo.java:updateAndGet(143)) - 56144737-90c1-4eac-bb40-769bf50099db: start FollowerState
2019-08-03 03:26:57,673 INFO  util.JmxRegister (JmxRegister.java:tryRegister(44)) - Successfully registered JMX Bean with object name Ratis:service=RaftServer,group=group-C19DE1DBFF49,id=56144737-90c1-4eac-bb40-769bf50099db
2019-08-03 03:26:57,674 INFO  impl.RaftServerImpl (RaftServerImpl.java:start(180)) - 56144737-90c1-4eac-bb40-769bf50099db: start group-40D3CAE9233D
2019-08-03 03:26:57,675 INFO  impl.RaftServerImpl (RaftServerImpl.java:setRole(171)) - 56144737-90c1-4eac-bb40-769bf50099db:group-40D3CAE9233D changes role from null to FOLLOWER at term 0 for startAsFollower
2019-08-03 03:26:57,675 INFO  impl.RoleInfo (RoleInfo.java:updateAndGet(143)) - 56144737-90c1-4eac-bb40-769bf50099db: start FollowerState
2019-08-03 03:26:57,675 INFO  util.JmxRegister (JmxRegister.java:tryRegister(44)) - Successfully registered JMX Bean with object name Ratis:service=RaftServer,group=group-40D3CAE9233D,id=56144737-90c1-4eac-bb40-769bf50099db
2019-08-03 03:26:57,685 INFO  pipeline.PipelineStateManager (PipelineStateManager.java:addPipeline(56)) - Created pipeline Pipeline[ Id: e8e4e0e5-4afc-4dac-83bc-40d3cae9233d, Nodes: 56144737-90c1-4eac-bb40-769bf50099db{ip: 192.168.5.147, host: byscane-nightly-b86qh-2100283676, networkLocation: /default-rack, certSerialId: null}, Type:RATIS, Factor:ONE, State:OPEN]
2019-08-03 03:26:57,688 INFO  pipeline.PipelineStateManager (PipelineStateManager.java:addPipeline(56)) - Created pipeline Pipeline[ Id: c350d718-0859-4ad9-ad1c-319dce053c90, Nodes: 56144737-90c1-4eac-bb40-769bf50099db{ip: 192.168.5.147, host: byscane-nightly-b86qh-2100283676, networkLocation: /default-rack, certSerialId: null}, Type:STAND_ALONE, Factor:ONE, State:OPEN]
2019-08-03 03:26:58,067 INFO  keyvalue.KeyValueHandler (ContainerUtils.java:logAndReturnError(146)) - Operation: CreateContainer : Trace ID: 5e838bbfae00e775:5e838bbfae00e775:0:0 : Message: Container creation failed, due to disk out of space : Result: DISK_OUT_OF_SPACE
03:26:58.068 [grpc-default-executor-1] ERROR DNAudit - user=null | ip=null | op=WRITE_CHUNK {blockData=conID: 4 locID: 102550917484314647 bcsId: 0} | ret=FAILURE
org.apache.hadoop.hdds.scm.container.common.helpers.StorageContainerException: ContainerID 4 creation failed
	at org.apache.hadoop.ozone.container.common.impl.HddsDispatcher.dispatchRequest(HddsDispatcher.java:227) [hadoop-hdds-container-service-0.4.1-SNAPSHOT.jar:?]
	at org.apache.hadoop.ozone.container.common.impl.HddsDispatcher.dispatch(HddsDispatcher.java:148) [hadoop-hdds-container-service-0.4.1-SNAPSHOT.jar:?]
	at org.apache.hadoop.ozone.container.common.transport.server.GrpcXceiverService$1.onNext(GrpcXceiverService.java:73) [hadoop-hdds-container-service-0.4.1-SNAPSHOT.jar:?]
	at org.apache.hadoop.ozone.container.common.transport.server.GrpcXceiverService$1.onNext(GrpcXceiverService.java:61) [hadoop-hdds-container-service-0.4.1-SNAPSHOT.jar:?]
	at org.apache.ratis.thirdparty.io.grpc.stub.ServerCalls$StreamingServerCallHandler$StreamingServerCallListener.onMessage(ServerCalls.java:248) [ratis-thirdparty-misc-0.2.0.jar:0.2.0]
	at org.apache.ratis.thirdparty.io.grpc.ForwardingServerCallListener.onMessage(ForwardingServerCallListener.java:33) [ratis-thirdparty-misc-0.2.0.jar:0.2.0]
	at org.apache.ratis.thirdparty.io.grpc.Contexts$ContextualizedServerCallListener.onMessage(Contexts.java:76) [ratis-thirdparty-misc-0.2.0.jar:0.2.0]
	at org.apache.ratis.thirdparty.io.grpc.ForwardingServerCallListener.onMessage(ForwardingServerCallListener.java:33) [ratis-thirdparty-misc-0.2.0.jar:0.2.0]
	at org.apache.hadoop.hdds.tracing.GrpcServerInterceptor$1.onMessage(GrpcServerInterceptor.java:46) [hadoop-hdds-common-0.4.1-SNAPSHOT.jar:?]
	at org.apache.ratis.thirdparty.io.grpc.internal.ServerCallImpl$ServerStreamListenerImpl.messagesAvailable(ServerCallImpl.java:263) [ratis-thirdparty-misc-0.2.0.jar:0.2.0]
	at org.apache.ratis.thirdparty.io.grpc.internal.ServerImpl$JumpToApplicationThreadServerStreamListener$1MessagesAvailable.runInContext(ServerImpl.java:686) [ratis-thirdparty-misc-0.2.0.jar:0.2.0]
	at org.apache.ratis.thirdparty.io.grpc.internal.ContextRunnable.run(ContextRunnable.java:37) [ratis-thirdparty-misc-0.2.0.jar:0.2.0]
	at org.apache.ratis.thirdparty.io.grpc.internal.SerializingExecutor.run(SerializingExecutor.java:123) [ratis-thirdparty-misc-0.2.0.jar:0.2.0]
	at java.util.concurrent.ThreadPoolExecutor.runWorker(ThreadPoolExecutor.java:1149) [?:1.8.0_212]
	at java.util.concurrent.ThreadPoolExecutor$Worker.run(ThreadPoolExecutor.java:624) [?:1.8.0_212]
	at java.lang.Thread.run(Thread.java:748) [?:1.8.0_212]
2019-08-03 03:26:58,072 INFO  impl.HddsDispatcher (ContainerUtils.java:logAndReturnError(146)) - Operation: WriteChunk : Trace ID: 5e838bbfae00e775:5e838bbfae00e775:0:0 : Message: ContainerID 4 creation failed : Result: DISK_OUT_OF_SPACE
2019-08-03 03:26:58,075 ERROR storage.BlockOutputStream (BlockOutputStream.java:validateResponse(531)) - Unexpected Storage Container Exception: 
org.apache.hadoop.hdds.scm.container.common.helpers.StorageContainerException: ContainerID 4 creation failed
	at org.apache.hadoop.hdds.scm.storage.ContainerProtocolCalls.validateContainerResponse(ContainerProtocolCalls.java:536)
	at org.apache.hadoop.hdds.scm.storage.BlockOutputStream.validateResponse(BlockOutputStream.java:529)
	at org.apache.hadoop.hdds.scm.storage.BlockOutputStream.lambda$writeChunkToContainer$2(BlockOutputStream.java:606)
	at java.util.concurrent.CompletableFuture.uniApply(CompletableFuture.java:602)
	at java.util.concurrent.CompletableFuture$UniApply.tryFire(CompletableFuture.java:577)
	at java.util.concurrent.CompletableFuture$Completion.run(CompletableFuture.java:442)
	at java.util.concurrent.ThreadPoolExecutor.runWorker(ThreadPoolExecutor.java:1149)
	at java.util.concurrent.ThreadPoolExecutor$Worker.run(ThreadPoolExecutor.java:624)
	at java.lang.Thread.run(Thread.java:748)
03:26:58.078 [grpc-default-executor-1] ERROR DNAudit - user=null | ip=null | op=PUT_BLOCK {blockData=[blockId=conID: 4 locID: 102550917484314647 bcsId: 0,size=5]} | ret=FAILURE
org.apache.hadoop.hdds.scm.container.common.helpers.StorageContainerException: ContainerID 4 does not exist
	at org.apache.hadoop.ozone.container.common.impl.HddsDispatcher.dispatchRequest(HddsDispatcher.java:242) [hadoop-hdds-container-service-0.4.1-SNAPSHOT.jar:?]
	at org.apache.hadoop.ozone.container.common.impl.HddsDispatcher.dispatch(HddsDispatcher.java:148) [hadoop-hdds-container-service-0.4.1-SNAPSHOT.jar:?]
	at org.apache.hadoop.ozone.container.common.transport.server.GrpcXceiverService$1.onNext(GrpcXceiverService.java:73) [hadoop-hdds-container-service-0.4.1-SNAPSHOT.jar:?]
	at org.apache.hadoop.ozone.container.common.transport.server.GrpcXceiverService$1.onNext(GrpcXceiverService.java:61) [hadoop-hdds-container-service-0.4.1-SNAPSHOT.jar:?]
	at org.apache.ratis.thirdparty.io.grpc.stub.ServerCalls$StreamingServerCallHandler$StreamingServerCallListener.onMessage(ServerCalls.java:248) [ratis-thirdparty-misc-0.2.0.jar:0.2.0]
	at org.apache.ratis.thirdparty.io.grpc.ForwardingServerCallListener.onMessage(ForwardingServerCallListener.java:33) [ratis-thirdparty-misc-0.2.0.jar:0.2.0]
	at org.apache.ratis.thirdparty.io.grpc.Contexts$ContextualizedServerCallListener.onMessage(Contexts.java:76) [ratis-thirdparty-misc-0.2.0.jar:0.2.0]
	at org.apache.ratis.thirdparty.io.grpc.ForwardingServerCallListener.onMessage(ForwardingServerCallListener.java:33) [ratis-thirdparty-misc-0.2.0.jar:0.2.0]
	at org.apache.hadoop.hdds.tracing.GrpcServerInterceptor$1.onMessage(GrpcServerInterceptor.java:46) [hadoop-hdds-common-0.4.1-SNAPSHOT.jar:?]
	at org.apache.ratis.thirdparty.io.grpc.internal.ServerCallImpl$ServerStreamListenerImpl.messagesAvailable(ServerCallImpl.java:263) [ratis-thirdparty-misc-0.2.0.jar:0.2.0]
	at org.apache.ratis.thirdparty.io.grpc.internal.ServerImpl$JumpToApplicationThreadServerStreamListener$1MessagesAvailable.runInContext(ServerImpl.java:686) [ratis-thirdparty-misc-0.2.0.jar:0.2.0]
	at org.apache.ratis.thirdparty.io.grpc.internal.ContextRunnable.run(ContextRunnable.java:37) [ratis-thirdparty-misc-0.2.0.jar:0.2.0]
	at org.apache.ratis.thirdparty.io.grpc.internal.SerializingExecutor.run(SerializingExecutor.java:123) [ratis-thirdparty-misc-0.2.0.jar:0.2.0]
	at java.util.concurrent.ThreadPoolExecutor.runWorker(ThreadPoolExecutor.java:1149) [?:1.8.0_212]
	at java.util.concurrent.ThreadPoolExecutor$Worker.run(ThreadPoolExecutor.java:624) [?:1.8.0_212]
	at java.lang.Thread.run(Thread.java:748) [?:1.8.0_212]
2019-08-03 03:26:58,079 INFO  impl.HddsDispatcher (ContainerUtils.java:logAndReturnError(146)) - Operation: PutBlock : Trace ID: 7e7283454374546e:7e7283454374546e:0:0 : Message: ContainerID 4 does not exist : Result: CONTAINER_NOT_FOUND
]]></system-out>
    <system-err><![CDATA[Aug 03, 2019 3:26:50 AM com.sun.jersey.server.impl.application.WebApplicationImpl _initiate
INFO: Initiating Jersey application, version 'Jersey: 1.19 02/11/2015 03:25 AM'
Aug 03, 2019 3:26:55 AM com.sun.jersey.server.impl.application.WebApplicationImpl _initiate
INFO: Initiating Jersey application, version 'Jersey: 1.19 02/11/2015 03:25 AM'
Aug 03, 2019 3:26:57 AM org.apache.ratis.thirdparty.io.grpc.internal.ManagedChannelOrphanWrapper$ManagedChannelReference cleanQueue
SEVERE: *~*~*~ Channel ManagedChannelImpl{logId=12, target=192.168.5.147:35506} was not shutdown properly!!! ~*~*~*
    Make sure to call shutdown()/shutdownNow() and wait until awaitTermination() returns true.
java.lang.RuntimeException: ManagedChannel allocation site
	at org.apache.ratis.thirdparty.io.grpc.internal.ManagedChannelOrphanWrapper$ManagedChannelReference.<init>(ManagedChannelOrphanWrapper.java:103)
	at org.apache.ratis.thirdparty.io.grpc.internal.ManagedChannelOrphanWrapper.<init>(ManagedChannelOrphanWrapper.java:53)
	at org.apache.ratis.thirdparty.io.grpc.internal.ManagedChannelOrphanWrapper.<init>(ManagedChannelOrphanWrapper.java:44)
	at org.apache.ratis.thirdparty.io.grpc.internal.AbstractManagedChannelImplBuilder.build(AbstractManagedChannelImplBuilder.java:411)
	at org.apache.hadoop.hdds.scm.XceiverClientGrpc.connectToDatanode(XceiverClientGrpc.java:174)
	at org.apache.hadoop.hdds.scm.XceiverClientGrpc.reconnect(XceiverClientGrpc.java:422)
	at org.apache.hadoop.hdds.scm.XceiverClientGrpc.sendCommandAsync(XceiverClientGrpc.java:371)
	at org.apache.hadoop.hdds.scm.XceiverClientGrpc.sendCommandAsync(XceiverClientGrpc.java:346)
	at org.apache.hadoop.hdds.scm.storage.ContainerProtocolCalls.writeChunkAsync(ContainerProtocolCalls.java:310)
	at org.apache.hadoop.hdds.scm.storage.BlockOutputStream.writeChunkToContainer(BlockOutputStream.java:601)
	at org.apache.hadoop.hdds.scm.storage.BlockOutputStream.writeChunk(BlockOutputStream.java:459)
	at org.apache.hadoop.hdds.scm.storage.BlockOutputStream.handleFlush(BlockOutputStream.java:470)
	at org.apache.hadoop.hdds.scm.storage.BlockOutputStream.close(BlockOutputStream.java:493)
	at org.apache.hadoop.ozone.client.io.BlockOutputStreamEntry.close(BlockOutputStreamEntry.java:143)
	at org.apache.hadoop.ozone.client.io.KeyOutputStream.handleFlushOrClose(KeyOutputStream.java:434)
	at org.apache.hadoop.ozone.client.io.KeyOutputStream.close(KeyOutputStream.java:472)
	at org.apache.hadoop.ozone.client.io.OzoneOutputStream.close(OzoneOutputStream.java:60)
	at org.apache.hadoop.ozone.TestStorageContainerManagerHelper.createKeys(TestStorageContainerManagerHelper.java:102)
	at org.apache.hadoop.ozone.TestStorageContainerManager.testBlockDeletionTransactions(TestStorageContainerManager.java:249)
	at sun.reflect.NativeMethodAccessorImpl.invoke0(Native Method)
	at sun.reflect.NativeMethodAccessorImpl.invoke(NativeMethodAccessorImpl.java:62)
	at sun.reflect.DelegatingMethodAccessorImpl.invoke(DelegatingMethodAccessorImpl.java:43)
	at java.lang.reflect.Method.invoke(Method.java:498)
	at org.junit.runners.model.FrameworkMethod$1.runReflectiveCall(FrameworkMethod.java:47)
	at org.junit.internal.runners.model.ReflectiveCallable.run(ReflectiveCallable.java:12)
	at org.junit.runners.model.FrameworkMethod.invokeExplosively(FrameworkMethod.java:44)
	at org.junit.internal.runners.statements.InvokeMethod.evaluate(InvokeMethod.java:17)
	at org.junit.internal.runners.statements.FailOnTimeout$StatementThread.run(FailOnTimeout.java:74)

Aug 03, 2019 3:26:57 AM org.apache.ratis.thirdparty.io.grpc.internal.ManagedChannelOrphanWrapper$ManagedChannelReference cleanQueue
SEVERE: *~*~*~ Channel ManagedChannelImpl{logId=28, target=192.168.5.147:36288} was not shutdown properly!!! ~*~*~*
    Make sure to call shutdown()/shutdownNow() and wait until awaitTermination() returns true.
java.lang.RuntimeException: ManagedChannel allocation site
	at org.apache.ratis.thirdparty.io.grpc.internal.ManagedChannelOrphanWrapper$ManagedChannelReference.<init>(ManagedChannelOrphanWrapper.java:103)
	at org.apache.ratis.thirdparty.io.grpc.internal.ManagedChannelOrphanWrapper.<init>(ManagedChannelOrphanWrapper.java:53)
	at org.apache.ratis.thirdparty.io.grpc.internal.ManagedChannelOrphanWrapper.<init>(ManagedChannelOrphanWrapper.java:44)
	at org.apache.ratis.thirdparty.io.grpc.internal.AbstractManagedChannelImplBuilder.build(AbstractManagedChannelImplBuilder.java:411)
	at org.apache.hadoop.hdds.scm.XceiverClientGrpc.connectToDatanode(XceiverClientGrpc.java:174)
	at org.apache.hadoop.hdds.scm.XceiverClientGrpc.reconnect(XceiverClientGrpc.java:422)
	at org.apache.hadoop.hdds.scm.XceiverClientGrpc.sendCommandAsync(XceiverClientGrpc.java:371)
	at org.apache.hadoop.hdds.scm.XceiverClientGrpc.sendCommandAsync(XceiverClientGrpc.java:346)
	at org.apache.hadoop.hdds.scm.storage.ContainerProtocolCalls.writeChunkAsync(ContainerProtocolCalls.java:310)
	at org.apache.hadoop.hdds.scm.storage.BlockOutputStream.writeChunkToContainer(BlockOutputStream.java:601)
	at org.apache.hadoop.hdds.scm.storage.BlockOutputStream.writeChunk(BlockOutputStream.java:459)
	at org.apache.hadoop.hdds.scm.storage.BlockOutputStream.handleFlush(BlockOutputStream.java:470)
	at org.apache.hadoop.hdds.scm.storage.BlockOutputStream.close(BlockOutputStream.java:493)
	at org.apache.hadoop.ozone.client.io.BlockOutputStreamEntry.close(BlockOutputStreamEntry.java:143)
	at org.apache.hadoop.ozone.client.io.KeyOutputStream.handleFlushOrClose(KeyOutputStream.java:434)
	at org.apache.hadoop.ozone.client.io.KeyOutputStream.close(KeyOutputStream.java:472)
	at org.apache.hadoop.ozone.client.io.OzoneOutputStream.close(OzoneOutputStream.java:60)
	at org.apache.hadoop.ozone.TestStorageContainerManagerHelper.createKeys(TestStorageContainerManagerHelper.java:102)
	at org.apache.hadoop.ozone.TestStorageContainerManager.testBlockDeletingThrottling(TestStorageContainerManager.java:338)
	at sun.reflect.NativeMethodAccessorImpl.invoke0(Native Method)
	at sun.reflect.NativeMethodAccessorImpl.invoke(NativeMethodAccessorImpl.java:62)
	at sun.reflect.DelegatingMethodAccessorImpl.invoke(DelegatingMethodAccessorImpl.java:43)
	at java.lang.reflect.Method.invoke(Method.java:498)
	at org.junit.runners.model.FrameworkMethod$1.runReflectiveCall(FrameworkMethod.java:47)
	at org.junit.internal.runners.model.ReflectiveCallable.run(ReflectiveCallable.java:12)
	at org.junit.runners.model.FrameworkMethod.invokeExplosively(FrameworkMethod.java:44)
	at org.junit.internal.runners.statements.InvokeMethod.evaluate(InvokeMethod.java:17)
	at org.junit.internal.runners.statements.FailOnTimeout$StatementThread.run(FailOnTimeout.java:74)

]]></system-err>
  </testcase>
  <testcase name="testRpcPermission" classname="org.apache.hadoop.ozone.TestStorageContainerManager" time="33.234"/>
  <testcase name="testSCMInitializationFailure" classname="org.apache.hadoop.ozone.TestStorageContainerManager" time="0.037"/>
  <testcase name="testSCMInitialization" classname="org.apache.hadoop.ozone.TestStorageContainerManager" time="0.025"/>
  <testcase name="testScmProcessDatanodeHeartbeat" classname="org.apache.hadoop.ozone.TestStorageContainerManager" time="28.71">
    <failure type="java.lang.AssertionError">java.lang.AssertionError
	at org.junit.Assert.fail(Assert.java:86)
	at org.junit.Assert.assertTrue(Assert.java:41)
	at org.junit.Assert.assertTrue(Assert.java:52)
	at org.apache.hadoop.ozone.TestStorageContainerManager.testScmProcessDatanodeHeartbeat(TestStorageContainerManager.java:531)
	at sun.reflect.NativeMethodAccessorImpl.invoke0(Native Method)
	at sun.reflect.NativeMethodAccessorImpl.invoke(NativeMethodAccessorImpl.java:62)
	at sun.reflect.DelegatingMethodAccessorImpl.invoke(DelegatingMethodAccessorImpl.java:43)
	at java.lang.reflect.Method.invoke(Method.java:498)
	at org.junit.runners.model.FrameworkMethod$1.runReflectiveCall(FrameworkMethod.java:47)
	at org.junit.internal.runners.model.ReflectiveCallable.run(ReflectiveCallable.java:12)
	at org.junit.runners.model.FrameworkMethod.invokeExplosively(FrameworkMethod.java:44)
	at org.junit.internal.runners.statements.InvokeMethod.evaluate(InvokeMethod.java:17)
	at org.junit.internal.runners.statements.FailOnTimeout$StatementThread.run(FailOnTimeout.java:74)
</failure>
    <system-out><![CDATA[2019-08-03 03:27:31,402 WARN  server.ServerUtils (ServerUtils.java:getScmDbDir(145)) - ozone.scm.db.dirs is not configured. We recommend adding this setting. Falling back to ozone.metadata.dirs instead.
2019-08-03 03:27:31,407 WARN  server.ServerUtils (ServerUtils.java:getScmDbDir(145)) - ozone.scm.db.dirs is not configured. We recommend adding this setting. Falling back to ozone.metadata.dirs instead.
2019-08-03 03:27:31,408 WARN  server.ServerUtils (ServerUtils.java:getScmDbDir(145)) - ozone.scm.db.dirs is not configured. We recommend adding this setting. Falling back to ozone.metadata.dirs instead.
2019-08-03 03:27:31,408 INFO  db.DBStoreBuilder (DBStoreBuilder.java:addTable(110)) - using custom profile for table: deletedBlocks
2019-08-03 03:27:31,409 INFO  db.DBStoreBuilder (DBStoreBuilder.java:processTables(161)) - Using default column profile:DBProfile.DISK for Table:deletedBlocks
2019-08-03 03:27:31,409 INFO  db.DBStoreBuilder (DBStoreBuilder.java:addTable(110)) - using custom profile for table: validCerts
2019-08-03 03:27:31,409 INFO  db.DBStoreBuilder (DBStoreBuilder.java:processTables(161)) - Using default column profile:DBProfile.DISK for Table:validCerts
2019-08-03 03:27:31,409 INFO  db.DBStoreBuilder (DBStoreBuilder.java:addTable(110)) - using custom profile for table: revokedCerts
2019-08-03 03:27:31,409 INFO  db.DBStoreBuilder (DBStoreBuilder.java:processTables(161)) - Using default column profile:DBProfile.DISK for Table:revokedCerts
2019-08-03 03:27:31,410 INFO  db.DBStoreBuilder (DBStoreBuilder.java:addTable(110)) - using custom profile for table: default
2019-08-03 03:27:31,410 INFO  db.DBStoreBuilder (DBStoreBuilder.java:processTables(167)) - Using default column profile:DBProfile.DISK for Table:default
2019-08-03 03:27:31,410 INFO  db.DBStoreBuilder (DBStoreBuilder.java:getDbProfile(198)) - Using default options. DBProfile.DISK
2019-08-03 03:27:31,484 INFO  net.NodeSchemaLoader (NodeSchemaLoader.java:loadSchemaFromFile(125)) - Loading file from sun.misc.CompoundEnumeration@12d2b35
2019-08-03 03:27:31,484 INFO  net.NodeSchemaLoader (NodeSchemaLoader.java:loadSchema(171)) - Loading network topology layer schema file
2019-08-03 03:27:31,489 WARN  server.ServerUtils (ServerUtils.java:sanitizeUserArgs(70)) - ozone.scm.stale.node.interval value = 300000 is larger than max = 100000 based on the key value of ozone.scm.heartbeat.thread.interval, reset to the max value 100000.
2019-08-03 03:27:31,489 WARN  server.ServerUtils (ServerUtils.java:sanitizeUserArgs(70)) - ozone.scm.stale.node.interval value = 300000 is larger than max = 100000 based on the key value of ozone.scm.heartbeat.thread.interval, reset to the max value 100000.
2019-08-03 03:27:31,489 INFO  node.SCMNodeManager (SCMNodeManager.java:<init>(121)) - Entering startup safe mode.
2019-08-03 03:27:31,490 INFO  Configuration.deprecation (Configuration.java:logDeprecation(1394)) - hadoop.configured.node.mapping is deprecated. Instead, use net.topology.configured.node.mapping
2019-08-03 03:27:31,491 WARN  server.ServerUtils (ServerUtils.java:getScmDbDir(145)) - ozone.scm.db.dirs is not configured. We recommend adding this setting. Falling back to ozone.metadata.dirs instead.
2019-08-03 03:27:31,512 INFO  pipeline.SCMPipelineManager (SCMPipelineManager.java:initializePipelineState(126)) - No pipeline exists in current db
2019-08-03 03:27:31,512 WARN  server.ServerUtils (ServerUtils.java:getScmDbDir(145)) - ozone.scm.db.dirs is not configured. We recommend adding this setting. Falling back to ozone.metadata.dirs instead.
2019-08-03 03:27:31,536 WARN  events.EventQueue (EventQueue.java:fireEvent(175)) - No event handler registered for event TypedEvent{payloadType=SafeModeStatus, name='SafeModeStatus'}
2019-08-03 03:27:31,537 INFO  ipc.CallQueueManager (CallQueueManager.java:<init>(84)) - Using callQueue: class java.util.concurrent.LinkedBlockingQueue, queueCapacity: 2000, scheduler: class org.apache.hadoop.ipc.DefaultRpcScheduler, ipcBackoff: false.
2019-08-03 03:27:31,538 INFO  ipc.Server (Server.java:run(1074)) - Starting Socket Reader #1 for port 43679
2019-08-03 03:27:31,542 INFO  ipc.CallQueueManager (CallQueueManager.java:<init>(84)) - Using callQueue: class java.util.concurrent.LinkedBlockingQueue, queueCapacity: 2000, scheduler: class org.apache.hadoop.ipc.DefaultRpcScheduler, ipcBackoff: false.
2019-08-03 03:27:31,542 INFO  ipc.Server (Server.java:run(1074)) - Starting Socket Reader #1 for port 46788
2019-08-03 03:27:31,544 INFO  ipc.CallQueueManager (CallQueueManager.java:<init>(84)) - Using callQueue: class java.util.concurrent.LinkedBlockingQueue, queueCapacity: 2000, scheduler: class org.apache.hadoop.ipc.DefaultRpcScheduler, ipcBackoff: false.
2019-08-03 03:27:31,545 INFO  ipc.Server (Server.java:run(1074)) - Starting Socket Reader #1 for port 45108
2019-08-03 03:27:31,548 INFO  hdfs.DFSUtil (DFSUtil.java:httpServerTemplateForNNAndJN(1641)) - Starting Web-server for scm at: http://0.0.0.0:0
2019-08-03 03:27:31,550 INFO  server.AuthenticationFilter (AuthenticationFilter.java:constructSecretProvider(240)) - Unable to initialize FileSignerSecretProvider, falling back to use random secrets.
2019-08-03 03:27:31,550 WARN  http.HttpRequestLog (HttpRequestLog.java:getRequestLog(97)) - Jetty request log can only be enabled using Log4j
2019-08-03 03:27:31,553 INFO  http.HttpServer2 (HttpServer2.java:addGlobalFilter(975)) - Added global filter 'safety' (class=org.apache.hadoop.http.HttpServer2$QuotingInputFilter)
2019-08-03 03:27:31,554 INFO  http.HttpServer2 (HttpServer2.java:addFilter(948)) - Added filter static_user_filter (class=org.apache.hadoop.http.lib.StaticUserWebFilter$StaticUserFilter) to context scm
2019-08-03 03:27:31,554 INFO  http.HttpServer2 (HttpServer2.java:addFilter(958)) - Added filter static_user_filter (class=org.apache.hadoop.http.lib.StaticUserWebFilter$StaticUserFilter) to context logs
2019-08-03 03:27:31,554 INFO  http.HttpServer2 (HttpServer2.java:addFilter(958)) - Added filter static_user_filter (class=org.apache.hadoop.http.lib.StaticUserWebFilter$StaticUserFilter) to context static
2019-08-03 03:27:31,557 INFO  server.StorageContainerManager (StorageContainerManager.java:start(758)) - StorageContainerLocationProtocol RPC server is listening at /0.0.0.0:45108
2019-08-03 03:27:31,560 WARN  impl.MetricsConfig (MetricsConfig.java:loadFirst(134)) - Cannot locate configuration: tried hadoop-metrics2-storagecontainermanager.properties,hadoop-metrics2.properties
2019-08-03 03:27:31,561 INFO  impl.MetricsSystemImpl (MetricsSystemImpl.java:startTimer(374)) - Scheduled Metric snapshot period at 10 second(s).
2019-08-03 03:27:31,561 INFO  impl.MetricsSystemImpl (MetricsSystemImpl.java:start(191)) - StorageContainerManager metrics system started
2019-08-03 03:27:31,695 INFO  server.SCMClientProtocolServer (SCMClientProtocolServer.java:start(151)) - RPC server for Client  is listening at /0.0.0.0:45108
2019-08-03 03:27:31,695 INFO  ipc.Server (Server.java:run(1314)) - IPC Server Responder: starting
2019-08-03 03:27:31,696 INFO  ipc.Server (Server.java:run(1153)) - IPC Server listener on 45108: starting
2019-08-03 03:27:31,700 INFO  server.StorageContainerManager (StorageContainerManager.java:start(768)) - ScmBlockLocationProtocol RPC server is listening at /0.0.0.0:46788
2019-08-03 03:27:31,700 INFO  server.SCMBlockProtocolServer (SCMBlockProtocolServer.java:start(140)) - RPC server for Block Protocol is listening at /0.0.0.0:46788
2019-08-03 03:27:31,701 INFO  ipc.Server (Server.java:run(1314)) - IPC Server Responder: starting
2019-08-03 03:27:31,701 INFO  ipc.Server (Server.java:run(1153)) - IPC Server listener on 46788: starting
2019-08-03 03:27:31,706 INFO  server.StorageContainerManager (StorageContainerManager.java:start(772)) - ScmDatanodeProtocl RPC server is listening at /0.0.0.0:43679
2019-08-03 03:27:31,706 INFO  server.SCMDatanodeProtocolServer (SCMDatanodeProtocolServer.java:start(191)) - RPC server for DataNodes is listening at /0.0.0.0:43679
2019-08-03 03:27:31,706 INFO  ipc.Server (Server.java:run(1314)) - IPC Server Responder: starting
2019-08-03 03:27:31,706 INFO  ipc.Server (Server.java:run(1153)) - IPC Server listener on 43679: starting
2019-08-03 03:27:31,711 INFO  http.HttpServer2 (HttpServer2.java:bindListener(1191)) - Jetty bound to port 37133
2019-08-03 03:27:31,712 INFO  server.Server (Server.java:doStart(351)) - jetty-9.3.24.v20180605, build timestamp: 2018-06-05T17:11:56Z, git hash: 84205aa28f11a4f31f2a3b86d1bba2cc8ab69827
2019-08-03 03:27:31,714 INFO  handler.ContextHandler (ContextHandler.java:doStart(781)) - Started o.e.j.s.ServletContextHandler@16f0dde0{/logs,file:///workdir/hadoop-ozone/integration-test/target/log,AVAILABLE}
2019-08-03 03:27:31,714 INFO  handler.ContextHandler (ContextHandler.java:doStart(781)) - Started o.e.j.s.ServletContextHandler@3d0c0ad4{/static,file:///workdir/hadoop-ozone/integration-test/target/test-classes/webapps/static,AVAILABLE}
2019-08-03 03:27:31,720 INFO  handler.ContextHandler (ContextHandler.java:doStart(781)) - Started o.e.j.w.WebAppContext@262c5942{/,file:///workdir/hadoop-ozone/integration-test/target/test-classes/webapps/scm/,AVAILABLE}{/scm}
2019-08-03 03:27:31,722 INFO  server.AbstractConnector (AbstractConnector.java:doStart(278)) - Started ServerConnector@1b60539e{HTTP/1.1,[http/1.1]}{0.0.0.0:37133}
2019-08-03 03:27:31,722 INFO  server.Server (Server.java:doStart(419)) - Started @103297ms
2019-08-03 03:27:31,723 INFO  server.BaseHttpServer (BaseHttpServer.java:updateConnectorAddress(207)) - HTTP server of SCM is listening at http://0.0.0.0:37133
2019-08-03 03:27:31,725 WARN  server.ServerUtils (ServerUtils.java:getDBPath(222)) - ozone.om.db.dirs is not configured. We recommend adding this setting. Falling back to ozone.metadata.dirs instead.
2019-08-03 03:27:31,725 INFO  util.JvmPauseMonitor (JvmPauseMonitor.java:run(188)) - Starting JVM pause monitor
2019-08-03 03:27:31,737 WARN  server.ServerUtils (ServerUtils.java:getDBPath(222)) - ozone.om.db.dirs is not configured. We recommend adding this setting. Falling back to ozone.metadata.dirs instead.
2019-08-03 03:27:31,737 WARN  server.ServerUtils (ServerUtils.java:getDBPath(222)) - ozone.om.db.dirs is not configured. We recommend adding this setting. Falling back to ozone.metadata.dirs instead.
2019-08-03 03:27:31,737 INFO  om.OzoneManager (OzoneManager.java:setOMNodeDetails(644)) - OM Service ID is not set. Setting it to the default ID: omServiceIdDefault
2019-08-03 03:27:31,737 INFO  om.OzoneManager (OzoneManager.java:setOMNodeDetails(650)) - OM Node ID is not set. Setting it to the OmStorage's OmID: 4eb4e5b4-1adf-43f8-893d-486f4ee2fb36
2019-08-03 03:27:31,738 INFO  om.OzoneManager (OzoneManager.java:loadOMHAConfigs(601)) - Found matching OM address with OMServiceId: null, OMNodeId: null, RPC Address: localhost:0 and Ratis port: 9872
2019-08-03 03:27:31,745 WARN  server.ServerUtils (ServerUtils.java:getDBPath(222)) - ozone.om.db.dirs is not configured. We recommend adding this setting. Falling back to ozone.metadata.dirs instead.
2019-08-03 03:27:31,746 INFO  db.DBStoreBuilder (DBStoreBuilder.java:addTable(110)) - using custom profile for table: userTable
2019-08-03 03:27:31,746 INFO  db.DBStoreBuilder (DBStoreBuilder.java:processTables(161)) - Using default column profile:DBProfile.DISK for Table:userTable
2019-08-03 03:27:31,746 INFO  db.DBStoreBuilder (DBStoreBuilder.java:addTable(110)) - using custom profile for table: volumeTable
2019-08-03 03:27:31,746 INFO  db.DBStoreBuilder (DBStoreBuilder.java:processTables(161)) - Using default column profile:DBProfile.DISK for Table:volumeTable
2019-08-03 03:27:31,746 INFO  db.DBStoreBuilder (DBStoreBuilder.java:addTable(110)) - using custom profile for table: bucketTable
2019-08-03 03:27:31,746 INFO  db.DBStoreBuilder (DBStoreBuilder.java:processTables(161)) - Using default column profile:DBProfile.DISK for Table:bucketTable
2019-08-03 03:27:31,746 INFO  db.DBStoreBuilder (DBStoreBuilder.java:addTable(110)) - using custom profile for table: keyTable
2019-08-03 03:27:31,746 INFO  db.DBStoreBuilder (DBStoreBuilder.java:processTables(161)) - Using default column profile:DBProfile.DISK for Table:keyTable
2019-08-03 03:27:31,747 INFO  db.DBStoreBuilder (DBStoreBuilder.java:addTable(110)) - using custom profile for table: deletedTable
2019-08-03 03:27:31,747 INFO  db.DBStoreBuilder (DBStoreBuilder.java:processTables(161)) - Using default column profile:DBProfile.DISK for Table:deletedTable
2019-08-03 03:27:31,747 INFO  db.DBStoreBuilder (DBStoreBuilder.java:addTable(110)) - using custom profile for table: openKeyTable
2019-08-03 03:27:31,747 INFO  db.DBStoreBuilder (DBStoreBuilder.java:processTables(161)) - Using default column profile:DBProfile.DISK for Table:openKeyTable
2019-08-03 03:27:31,747 INFO  db.DBStoreBuilder (DBStoreBuilder.java:addTable(110)) - using custom profile for table: s3Table
2019-08-03 03:27:31,747 INFO  db.DBStoreBuilder (DBStoreBuilder.java:processTables(161)) - Using default column profile:DBProfile.DISK for Table:s3Table
2019-08-03 03:27:31,748 INFO  db.DBStoreBuilder (DBStoreBuilder.java:addTable(110)) - using custom profile for table: multipartInfoTable
2019-08-03 03:27:31,748 INFO  db.DBStoreBuilder (DBStoreBuilder.java:processTables(161)) - Using default column profile:DBProfile.DISK for Table:multipartInfoTable
2019-08-03 03:27:31,748 INFO  db.DBStoreBuilder (DBStoreBuilder.java:addTable(110)) - using custom profile for table: dTokenTable
2019-08-03 03:27:31,748 INFO  db.DBStoreBuilder (DBStoreBuilder.java:processTables(161)) - Using default column profile:DBProfile.DISK for Table:dTokenTable
2019-08-03 03:27:31,748 INFO  db.DBStoreBuilder (DBStoreBuilder.java:addTable(110)) - using custom profile for table: s3SecretTable
2019-08-03 03:27:31,748 INFO  db.DBStoreBuilder (DBStoreBuilder.java:processTables(161)) - Using default column profile:DBProfile.DISK for Table:s3SecretTable
2019-08-03 03:27:31,748 INFO  db.DBStoreBuilder (DBStoreBuilder.java:addTable(110)) - using custom profile for table: prefixTable
2019-08-03 03:27:31,748 INFO  db.DBStoreBuilder (DBStoreBuilder.java:processTables(161)) - Using default column profile:DBProfile.DISK for Table:prefixTable
2019-08-03 03:27:31,749 INFO  db.DBStoreBuilder (DBStoreBuilder.java:addTable(110)) - using custom profile for table: default
2019-08-03 03:27:31,749 INFO  db.DBStoreBuilder (DBStoreBuilder.java:processTables(167)) - Using default column profile:DBProfile.DISK for Table:default
2019-08-03 03:27:31,749 INFO  db.DBStoreBuilder (DBStoreBuilder.java:getDbProfile(198)) - Using default options. DBProfile.DISK
2019-08-03 03:27:32,073 INFO  ipc.CallQueueManager (CallQueueManager.java:<init>(84)) - Using callQueue: class java.util.concurrent.LinkedBlockingQueue, queueCapacity: 2000, scheduler: class org.apache.hadoop.ipc.DefaultRpcScheduler, ipcBackoff: false.
2019-08-03 03:27:32,074 INFO  ipc.Server (Server.java:run(1074)) - Starting Socket Reader #1 for port 38840
2019-08-03 03:27:32,087 INFO  om.OzoneManager (OzoneManager.java:start(1255)) - OzoneManager RPC server is listening at localhost/127.0.0.1:38840
2019-08-03 03:27:32,087 INFO  impl.MetricsSystemImpl (MetricsSystemImpl.java:init(158)) - OzoneManager metrics system started (again)
2019-08-03 03:27:32,088 INFO  ipc.Server (Server.java:run(1314)) - IPC Server Responder: starting
2019-08-03 03:27:32,090 INFO  ipc.Server (Server.java:run(1153)) - IPC Server listener on 38840: starting
2019-08-03 03:27:32,096 INFO  hdfs.DFSUtil (DFSUtil.java:httpServerTemplateForNNAndJN(1641)) - Starting Web-server for ozoneManager at: http://0.0.0.0:0
2019-08-03 03:27:32,098 INFO  server.AuthenticationFilter (AuthenticationFilter.java:constructSecretProvider(240)) - Unable to initialize FileSignerSecretProvider, falling back to use random secrets.
2019-08-03 03:27:32,098 WARN  http.HttpRequestLog (HttpRequestLog.java:getRequestLog(97)) - Jetty request log can only be enabled using Log4j
2019-08-03 03:27:32,101 INFO  http.HttpServer2 (HttpServer2.java:addGlobalFilter(975)) - Added global filter 'safety' (class=org.apache.hadoop.http.HttpServer2$QuotingInputFilter)
2019-08-03 03:27:32,101 INFO  http.HttpServer2 (HttpServer2.java:addFilter(948)) - Added filter static_user_filter (class=org.apache.hadoop.http.lib.StaticUserWebFilter$StaticUserFilter) to context ozoneManager
2019-08-03 03:27:32,101 INFO  http.HttpServer2 (HttpServer2.java:addFilter(958)) - Added filter static_user_filter (class=org.apache.hadoop.http.lib.StaticUserWebFilter$StaticUserFilter) to context logs
2019-08-03 03:27:32,102 INFO  http.HttpServer2 (HttpServer2.java:addFilter(958)) - Added filter static_user_filter (class=org.apache.hadoop.http.lib.StaticUserWebFilter$StaticUserFilter) to context static
2019-08-03 03:27:32,103 INFO  http.HttpServer2 (HttpServer2.java:bindListener(1191)) - Jetty bound to port 40067
2019-08-03 03:27:32,103 INFO  server.Server (Server.java:doStart(351)) - jetty-9.3.24.v20180605, build timestamp: 2018-06-05T17:11:56Z, git hash: 84205aa28f11a4f31f2a3b86d1bba2cc8ab69827
2019-08-03 03:27:32,105 INFO  handler.ContextHandler (ContextHandler.java:doStart(781)) - Started o.e.j.s.ServletContextHandler@6245851d{/logs,file:///workdir/hadoop-ozone/integration-test/target/log,AVAILABLE}
2019-08-03 03:27:32,106 INFO  handler.ContextHandler (ContextHandler.java:doStart(781)) - Started o.e.j.s.ServletContextHandler@4827362f{/static,file:///workdir/hadoop-ozone/integration-test/target/test-classes/webapps/static,AVAILABLE}
2019-08-03 03:27:32,112 INFO  handler.ContextHandler (ContextHandler.java:doStart(781)) - Started o.e.j.w.WebAppContext@9f034{/,file:///workdir/hadoop-ozone/integration-test/target/test-classes/webapps/ozoneManager/,AVAILABLE}{/ozoneManager}
2019-08-03 03:27:32,113 INFO  server.AbstractConnector (AbstractConnector.java:doStart(278)) - Started ServerConnector@6042a05b{HTTP/1.1,[http/1.1]}{0.0.0.0:40067}
2019-08-03 03:27:32,114 INFO  server.Server (Server.java:doStart(419)) - Started @103690ms
2019-08-03 03:27:32,115 INFO  server.BaseHttpServer (BaseHttpServer.java:updateConnectorAddress(207)) - HTTP server of OZONEMANAGER is listening at http://0.0.0.0:40067
2019-08-03 03:27:32,125 INFO  impl.MetricsSystemImpl (MetricsSystemImpl.java:init(158)) - HddsDatanode metrics system started (again)
2019-08-03 03:27:32,137 INFO  ozone.HddsDatanodeService (HddsDatanodeService.java:start(184)) - HddsDatanodeService host:byscane-nightly-b86qh-2100283676 ip:192.168.5.147
2019-08-03 03:27:32,147 INFO  volume.HddsVolume (HddsVolume.java:<init>(176)) - Creating Volume: /workdir/hadoop-ozone/integration-test/target/test-dir/MiniOzoneClusterImpl-635672ab-fed7-493b-82ca-5109a8fc1751/datanode-0/data/containers/hdds of  storage type : DISK and capacity : 52710309888
2019-08-03 03:27:32,148 INFO  volume.VolumeSet (VolumeSet.java:initializeVolumeSet(170)) - Added Volume : /workdir/hadoop-ozone/integration-test/target/test-dir/MiniOzoneClusterImpl-635672ab-fed7-493b-82ca-5109a8fc1751/datanode-0/data/containers/hdds to VolumeSet
2019-08-03 03:27:32,148 INFO  volume.ThrottledAsyncChecker (ThrottledAsyncChecker.java:schedule(140)) - Scheduling a check for org.apache.hadoop.ozone.container.common.volume.HddsVolume@4d90f458
2019-08-03 03:27:32,149 INFO  volume.HddsVolumeChecker (HddsVolumeChecker.java:checkAllVolumes(203)) - Scheduled health check for volume org.apache.hadoop.ozone.container.common.volume.HddsVolume@4d90f458
2019-08-03 03:27:32,173 INFO  impl.RaftServerProxy (ConfUtils.java:logGet(43)) - raft.rpc.type = GRPC (default)
2019-08-03 03:27:32,174 INFO  grpc.GrpcFactory (GrpcFactory.java:checkPooledByteBufAllocatorUseCacheForAllThreads(45)) - PERFORMANCE WARNING: useCacheForAllThreads is true that may cause Netty to create a lot garbage objects and, as a result, trigger GC.
	It is recommended to disable useCacheForAllThreads by setting -Dorg.apache.ratis.thirdparty.io.netty.allocator.useCacheForAllThreads=false in command line.
2019-08-03 03:27:32,174 INFO  grpc.GrpcConfigKeys$Server (ConfUtils.java:logGet(43)) - raft.grpc.server.port = 0 (default)
2019-08-03 03:27:32,174 INFO  server.GrpcService (ConfUtils.java:logGet(43)) - raft.grpc.message.size.max = 33570816 (custom)
2019-08-03 03:27:32,174 INFO  server.RaftServerConfigKeys (ConfUtils.java:logGet(43)) - raft.server.log.appender.buffer.byte-limit = 33554432 (custom)
2019-08-03 03:27:32,175 INFO  server.GrpcService (ConfUtils.java:logGet(43)) - raft.grpc.flow.control.window = 1MB (=1048576) (default)
2019-08-03 03:27:32,175 INFO  server.RaftServerConfigKeys (ConfUtils.java:logGet(43)) - raft.server.rpc.request.timeout = 3000ms (default)
2019-08-03 03:27:32,175 INFO  server.RaftServerConfigKeys (ConfUtils.java:logGet(43)) - raft.server.storage.dir = [/workdir/hadoop-ozone/integration-test/target/test-dir/MiniOzoneClusterImpl-635672ab-fed7-493b-82ca-5109a8fc1751/datanode-0/data/ratis] (custom)
2019-08-03 03:27:32,176 INFO  replication.SimpleContainerDownloader (SimpleContainerDownloader.java:<init>(72)) - Starting container downloader service to copy containers to replicate.
2019-08-03 03:27:32,177 INFO  hdfs.DFSUtil (DFSUtil.java:httpServerTemplateForNNAndJN(1641)) - Starting Web-server for hddsDatanode at: http://0.0.0.0:0
2019-08-03 03:27:32,179 INFO  server.AuthenticationFilter (AuthenticationFilter.java:constructSecretProvider(240)) - Unable to initialize FileSignerSecretProvider, falling back to use random secrets.
2019-08-03 03:27:32,179 WARN  http.HttpRequestLog (HttpRequestLog.java:getRequestLog(97)) - Jetty request log can only be enabled using Log4j
2019-08-03 03:27:32,181 INFO  http.HttpServer2 (HttpServer2.java:addGlobalFilter(975)) - Added global filter 'safety' (class=org.apache.hadoop.http.HttpServer2$QuotingInputFilter)
2019-08-03 03:27:32,182 INFO  http.HttpServer2 (HttpServer2.java:addFilter(948)) - Added filter static_user_filter (class=org.apache.hadoop.http.lib.StaticUserWebFilter$StaticUserFilter) to context hddsDatanode
2019-08-03 03:27:32,182 INFO  http.HttpServer2 (HttpServer2.java:addFilter(958)) - Added filter static_user_filter (class=org.apache.hadoop.http.lib.StaticUserWebFilter$StaticUserFilter) to context logs
2019-08-03 03:27:32,182 INFO  http.HttpServer2 (HttpServer2.java:addFilter(958)) - Added filter static_user_filter (class=org.apache.hadoop.http.lib.StaticUserWebFilter$StaticUserFilter) to context static
2019-08-03 03:27:32,183 INFO  http.HttpServer2 (HttpServer2.java:bindListener(1191)) - Jetty bound to port 36843
2019-08-03 03:27:32,183 INFO  server.Server (Server.java:doStart(351)) - jetty-9.3.24.v20180605, build timestamp: 2018-06-05T17:11:56Z, git hash: 84205aa28f11a4f31f2a3b86d1bba2cc8ab69827
2019-08-03 03:27:32,186 INFO  handler.ContextHandler (ContextHandler.java:doStart(781)) - Started o.e.j.s.ServletContextHandler@24fb9f88{/logs,file:///workdir/hadoop-ozone/integration-test/target/log,AVAILABLE}
2019-08-03 03:27:32,186 INFO  handler.ContextHandler (ContextHandler.java:doStart(781)) - Started o.e.j.s.ServletContextHandler@5b25c69{/static,jar:file:/home/user/.m2/repository/org/apache/hadoop/hadoop-hdds-container-service/0.4.1-SNAPSHOT/hadoop-hdds-container-service-0.4.1-SNAPSHOT.jar!/webapps/static,AVAILABLE}
2019-08-03 03:27:32,220 INFO  handler.ContextHandler (ContextHandler.java:doStart(781)) - Started o.e.j.w.WebAppContext@6f5e913f{/,file:///tmp/jetty-0.0.0.0-36843-hddsDatanode-_-any-5943594086640982009.dir/webapp/,AVAILABLE}{/hddsDatanode}
2019-08-03 03:27:32,220 INFO  server.AbstractConnector (AbstractConnector.java:doStart(278)) - Started ServerConnector@4bdd6c38{HTTP/1.1,[http/1.1]}{0.0.0.0:36843}
2019-08-03 03:27:32,222 INFO  server.Server (Server.java:doStart(419)) - Started @103798ms
2019-08-03 03:27:32,223 INFO  server.BaseHttpServer (BaseHttpServer.java:updateConnectorAddress(207)) - HTTP server of HDDSDATANODE is listening at http://0.0.0.0:36843
2019-08-03 03:27:32,376 INFO  ozone.HddsDatanodeService (HddsDatanodeService.java:startPlugins(395)) - Started plug-in org.apache.hadoop.ozone.web.OzoneHddsDatanodeService@1eedca01
2019-08-03 03:27:32,376 INFO  impl.MetricsSystemImpl (MetricsSystemImpl.java:init(158)) - HddsDatanode metrics system started (again)
2019-08-03 03:27:32,385 INFO  util.JvmPauseMonitor (JvmPauseMonitor.java:run(188)) - Starting JVM pause monitor
2019-08-03 03:27:32,385 INFO  ozone.HddsDatanodeService (HddsDatanodeService.java:start(184)) - HddsDatanodeService host:byscane-nightly-b86qh-2100283676 ip:192.168.5.147
2019-08-03 03:27:32,387 INFO  datanode.InitDatanodeState (InitDatanodeState.java:persistContainerDatanodeDetails(140)) - DatanodeDetails is persisted to /workdir/hadoop-ozone/integration-test/target/test-dir/MiniOzoneClusterImpl-635672ab-fed7-493b-82ca-5109a8fc1751/datanode-0/meta/datanode.id
2019-08-03 03:27:32,394 INFO  volume.HddsVolume (HddsVolume.java:<init>(176)) - Creating Volume: /workdir/hadoop-ozone/integration-test/target/test-dir/MiniOzoneClusterImpl-635672ab-fed7-493b-82ca-5109a8fc1751/datanode-1/data/containers/hdds of  storage type : DISK and capacity : 52710309888
2019-08-03 03:27:32,394 INFO  volume.VolumeSet (VolumeSet.java:initializeVolumeSet(170)) - Added Volume : /workdir/hadoop-ozone/integration-test/target/test-dir/MiniOzoneClusterImpl-635672ab-fed7-493b-82ca-5109a8fc1751/datanode-1/data/containers/hdds to VolumeSet
2019-08-03 03:27:32,394 INFO  volume.ThrottledAsyncChecker (ThrottledAsyncChecker.java:schedule(140)) - Scheduling a check for org.apache.hadoop.ozone.container.common.volume.HddsVolume@7372ebb5
2019-08-03 03:27:32,395 INFO  volume.HddsVolumeChecker (HddsVolumeChecker.java:checkAllVolumes(203)) - Scheduled health check for volume org.apache.hadoop.ozone.container.common.volume.HddsVolume@7372ebb5
2019-08-03 03:27:32,410 INFO  impl.RaftServerProxy (ConfUtils.java:logGet(43)) - raft.rpc.type = GRPC (default)
2019-08-03 03:27:32,411 INFO  grpc.GrpcFactory (GrpcFactory.java:checkPooledByteBufAllocatorUseCacheForAllThreads(45)) - PERFORMANCE WARNING: useCacheForAllThreads is true that may cause Netty to create a lot garbage objects and, as a result, trigger GC.
	It is recommended to disable useCacheForAllThreads by setting -Dorg.apache.ratis.thirdparty.io.netty.allocator.useCacheForAllThreads=false in command line.
2019-08-03 03:27:32,411 INFO  grpc.GrpcConfigKeys$Server (ConfUtils.java:logGet(43)) - raft.grpc.server.port = 0 (default)
2019-08-03 03:27:32,411 INFO  server.GrpcService (ConfUtils.java:logGet(43)) - raft.grpc.message.size.max = 33570816 (custom)
2019-08-03 03:27:32,411 INFO  server.RaftServerConfigKeys (ConfUtils.java:logGet(43)) - raft.server.log.appender.buffer.byte-limit = 33554432 (custom)
2019-08-03 03:27:32,411 INFO  server.GrpcService (ConfUtils.java:logGet(43)) - raft.grpc.flow.control.window = 1MB (=1048576) (default)
2019-08-03 03:27:32,411 INFO  server.RaftServerConfigKeys (ConfUtils.java:logGet(43)) - raft.server.rpc.request.timeout = 3000ms (default)
2019-08-03 03:27:32,412 INFO  server.RaftServerConfigKeys (ConfUtils.java:logGet(43)) - raft.server.storage.dir = [/workdir/hadoop-ozone/integration-test/target/test-dir/MiniOzoneClusterImpl-635672ab-fed7-493b-82ca-5109a8fc1751/datanode-1/data/ratis] (custom)
2019-08-03 03:27:32,412 INFO  replication.SimpleContainerDownloader (SimpleContainerDownloader.java:<init>(72)) - Starting container downloader service to copy containers to replicate.
2019-08-03 03:27:32,413 INFO  hdfs.DFSUtil (DFSUtil.java:httpServerTemplateForNNAndJN(1641)) - Starting Web-server for hddsDatanode at: http://0.0.0.0:0
2019-08-03 03:27:32,415 INFO  server.AuthenticationFilter (AuthenticationFilter.java:constructSecretProvider(240)) - Unable to initialize FileSignerSecretProvider, falling back to use random secrets.
2019-08-03 03:27:32,416 WARN  http.HttpRequestLog (HttpRequestLog.java:getRequestLog(97)) - Jetty request log can only be enabled using Log4j
2019-08-03 03:27:32,418 INFO  http.HttpServer2 (HttpServer2.java:addGlobalFilter(975)) - Added global filter 'safety' (class=org.apache.hadoop.http.HttpServer2$QuotingInputFilter)
2019-08-03 03:27:32,419 INFO  http.HttpServer2 (HttpServer2.java:addFilter(948)) - Added filter static_user_filter (class=org.apache.hadoop.http.lib.StaticUserWebFilter$StaticUserFilter) to context hddsDatanode
2019-08-03 03:27:32,419 INFO  http.HttpServer2 (HttpServer2.java:addFilter(958)) - Added filter static_user_filter (class=org.apache.hadoop.http.lib.StaticUserWebFilter$StaticUserFilter) to context logs
2019-08-03 03:27:32,419 INFO  http.HttpServer2 (HttpServer2.java:addFilter(958)) - Added filter static_user_filter (class=org.apache.hadoop.http.lib.StaticUserWebFilter$StaticUserFilter) to context static
2019-08-03 03:27:32,420 INFO  http.HttpServer2 (HttpServer2.java:bindListener(1191)) - Jetty bound to port 36146
2019-08-03 03:27:32,420 INFO  server.Server (Server.java:doStart(351)) - jetty-9.3.24.v20180605, build timestamp: 2018-06-05T17:11:56Z, git hash: 84205aa28f11a4f31f2a3b86d1bba2cc8ab69827
2019-08-03 03:27:32,423 INFO  handler.ContextHandler (ContextHandler.java:doStart(781)) - Started o.e.j.s.ServletContextHandler@5afdbcac{/logs,file:///workdir/hadoop-ozone/integration-test/target/log,AVAILABLE}
2019-08-03 03:27:32,423 INFO  handler.ContextHandler (ContextHandler.java:doStart(781)) - Started o.e.j.s.ServletContextHandler@5c333127{/static,jar:file:/home/user/.m2/repository/org/apache/hadoop/hadoop-hdds-container-service/0.4.1-SNAPSHOT/hadoop-hdds-container-service-0.4.1-SNAPSHOT.jar!/webapps/static,AVAILABLE}
2019-08-03 03:27:32,464 INFO  handler.ContextHandler (ContextHandler.java:doStart(781)) - Started o.e.j.w.WebAppContext@1783d4c6{/,file:///tmp/jetty-0.0.0.0-36146-hddsDatanode-_-any-2562065667887953753.dir/webapp/,AVAILABLE}{/hddsDatanode}
2019-08-03 03:27:32,465 INFO  server.AbstractConnector (AbstractConnector.java:doStart(278)) - Started ServerConnector@59c85477{HTTP/1.1,[http/1.1]}{0.0.0.0:36146}
2019-08-03 03:27:32,467 INFO  server.Server (Server.java:doStart(419)) - Started @104042ms
2019-08-03 03:27:32,468 INFO  server.BaseHttpServer (BaseHttpServer.java:updateConnectorAddress(207)) - HTTP server of HDDSDATANODE is listening at http://0.0.0.0:36146
2019-08-03 03:27:32,588 INFO  ozone.HddsDatanodeService (HddsDatanodeService.java:startPlugins(395)) - Started plug-in org.apache.hadoop.ozone.web.OzoneHddsDatanodeService@e3e5e4b
2019-08-03 03:27:32,589 INFO  impl.MetricsSystemImpl (MetricsSystemImpl.java:init(158)) - HddsDatanode metrics system started (again)
2019-08-03 03:27:32,597 INFO  util.JvmPauseMonitor (JvmPauseMonitor.java:run(188)) - Starting JVM pause monitor
2019-08-03 03:27:32,598 INFO  ozone.HddsDatanodeService (HddsDatanodeService.java:start(184)) - HddsDatanodeService host:byscane-nightly-b86qh-2100283676 ip:192.168.5.147
2019-08-03 03:27:32,598 INFO  datanode.InitDatanodeState (InitDatanodeState.java:persistContainerDatanodeDetails(140)) - DatanodeDetails is persisted to /workdir/hadoop-ozone/integration-test/target/test-dir/MiniOzoneClusterImpl-635672ab-fed7-493b-82ca-5109a8fc1751/datanode-1/meta/datanode.id
2019-08-03 03:27:32,607 INFO  volume.HddsVolume (HddsVolume.java:<init>(176)) - Creating Volume: /workdir/hadoop-ozone/integration-test/target/test-dir/MiniOzoneClusterImpl-635672ab-fed7-493b-82ca-5109a8fc1751/datanode-2/data/containers/hdds of  storage type : DISK and capacity : 52710309888
2019-08-03 03:27:32,608 INFO  volume.VolumeSet (VolumeSet.java:initializeVolumeSet(170)) - Added Volume : /workdir/hadoop-ozone/integration-test/target/test-dir/MiniOzoneClusterImpl-635672ab-fed7-493b-82ca-5109a8fc1751/datanode-2/data/containers/hdds to VolumeSet
2019-08-03 03:27:32,608 INFO  volume.ThrottledAsyncChecker (ThrottledAsyncChecker.java:schedule(140)) - Scheduling a check for org.apache.hadoop.ozone.container.common.volume.HddsVolume@34158e3f
2019-08-03 03:27:32,608 INFO  volume.HddsVolumeChecker (HddsVolumeChecker.java:checkAllVolumes(203)) - Scheduled health check for volume org.apache.hadoop.ozone.container.common.volume.HddsVolume@34158e3f
2019-08-03 03:27:32,625 INFO  impl.RaftServerProxy (ConfUtils.java:logGet(43)) - raft.rpc.type = GRPC (default)
2019-08-03 03:27:32,625 INFO  grpc.GrpcFactory (GrpcFactory.java:checkPooledByteBufAllocatorUseCacheForAllThreads(45)) - PERFORMANCE WARNING: useCacheForAllThreads is true that may cause Netty to create a lot garbage objects and, as a result, trigger GC.
	It is recommended to disable useCacheForAllThreads by setting -Dorg.apache.ratis.thirdparty.io.netty.allocator.useCacheForAllThreads=false in command line.
2019-08-03 03:27:32,625 INFO  grpc.GrpcConfigKeys$Server (ConfUtils.java:logGet(43)) - raft.grpc.server.port = 0 (default)
2019-08-03 03:27:32,625 INFO  server.GrpcService (ConfUtils.java:logGet(43)) - raft.grpc.message.size.max = 33570816 (custom)
2019-08-03 03:27:32,626 INFO  server.RaftServerConfigKeys (ConfUtils.java:logGet(43)) - raft.server.log.appender.buffer.byte-limit = 33554432 (custom)
2019-08-03 03:27:32,626 INFO  server.GrpcService (ConfUtils.java:logGet(43)) - raft.grpc.flow.control.window = 1MB (=1048576) (default)
2019-08-03 03:27:32,626 INFO  server.RaftServerConfigKeys (ConfUtils.java:logGet(43)) - raft.server.rpc.request.timeout = 3000ms (default)
2019-08-03 03:27:32,626 INFO  server.RaftServerConfigKeys (ConfUtils.java:logGet(43)) - raft.server.storage.dir = [/workdir/hadoop-ozone/integration-test/target/test-dir/MiniOzoneClusterImpl-635672ab-fed7-493b-82ca-5109a8fc1751/datanode-2/data/ratis] (custom)
2019-08-03 03:27:32,627 INFO  replication.SimpleContainerDownloader (SimpleContainerDownloader.java:<init>(72)) - Starting container downloader service to copy containers to replicate.
2019-08-03 03:27:32,628 INFO  hdfs.DFSUtil (DFSUtil.java:httpServerTemplateForNNAndJN(1641)) - Starting Web-server for hddsDatanode at: http://0.0.0.0:0
2019-08-03 03:27:32,629 INFO  server.AuthenticationFilter (AuthenticationFilter.java:constructSecretProvider(240)) - Unable to initialize FileSignerSecretProvider, falling back to use random secrets.
2019-08-03 03:27:32,629 WARN  http.HttpRequestLog (HttpRequestLog.java:getRequestLog(97)) - Jetty request log can only be enabled using Log4j
2019-08-03 03:27:32,630 INFO  http.HttpServer2 (HttpServer2.java:addGlobalFilter(975)) - Added global filter 'safety' (class=org.apache.hadoop.http.HttpServer2$QuotingInputFilter)
2019-08-03 03:27:32,631 INFO  http.HttpServer2 (HttpServer2.java:addFilter(948)) - Added filter static_user_filter (class=org.apache.hadoop.http.lib.StaticUserWebFilter$StaticUserFilter) to context hddsDatanode
2019-08-03 03:27:32,631 INFO  http.HttpServer2 (HttpServer2.java:addFilter(958)) - Added filter static_user_filter (class=org.apache.hadoop.http.lib.StaticUserWebFilter$StaticUserFilter) to context logs
2019-08-03 03:27:32,631 INFO  http.HttpServer2 (HttpServer2.java:addFilter(958)) - Added filter static_user_filter (class=org.apache.hadoop.http.lib.StaticUserWebFilter$StaticUserFilter) to context static
2019-08-03 03:27:32,631 INFO  http.HttpServer2 (HttpServer2.java:bindListener(1191)) - Jetty bound to port 37769
2019-08-03 03:27:32,631 INFO  server.Server (Server.java:doStart(351)) - jetty-9.3.24.v20180605, build timestamp: 2018-06-05T17:11:56Z, git hash: 84205aa28f11a4f31f2a3b86d1bba2cc8ab69827
2019-08-03 03:27:32,633 INFO  handler.ContextHandler (ContextHandler.java:doStart(781)) - Started o.e.j.s.ServletContextHandler@160946fb{/logs,file:///workdir/hadoop-ozone/integration-test/target/log,AVAILABLE}
2019-08-03 03:27:32,633 INFO  handler.ContextHandler (ContextHandler.java:doStart(781)) - Started o.e.j.s.ServletContextHandler@73b84dbc{/static,jar:file:/home/user/.m2/repository/org/apache/hadoop/hadoop-hdds-container-service/0.4.1-SNAPSHOT/hadoop-hdds-container-service-0.4.1-SNAPSHOT.jar!/webapps/static,AVAILABLE}
2019-08-03 03:27:32,660 INFO  handler.ContextHandler (ContextHandler.java:doStart(781)) - Started o.e.j.w.WebAppContext@648c281{/,file:///tmp/jetty-0.0.0.0-37769-hddsDatanode-_-any-7133221001699162782.dir/webapp/,AVAILABLE}{/hddsDatanode}
2019-08-03 03:27:32,660 INFO  server.AbstractConnector (AbstractConnector.java:doStart(278)) - Started ServerConnector@5e669d5c{HTTP/1.1,[http/1.1]}{0.0.0.0:37769}
2019-08-03 03:27:32,662 INFO  server.Server (Server.java:doStart(419)) - Started @104238ms
2019-08-03 03:27:32,663 INFO  server.BaseHttpServer (BaseHttpServer.java:updateConnectorAddress(207)) - HTTP server of HDDSDATANODE is listening at http://0.0.0.0:37769
2019-08-03 03:27:32,804 INFO  ozone.HddsDatanodeService (HddsDatanodeService.java:startPlugins(395)) - Started plug-in org.apache.hadoop.ozone.web.OzoneHddsDatanodeService@3f3123c8
2019-08-03 03:27:32,805 INFO  ozone.MiniOzoneClusterImpl (MiniOzoneClusterImpl.java:lambda$waitForClusterToBeReady$0(142)) - Waiting for cluster to be ready. Got 0 of 3 DN Heartbeats.
2019-08-03 03:27:32,806 INFO  util.JvmPauseMonitor (JvmPauseMonitor.java:run(188)) - Starting JVM pause monitor
2019-08-03 03:27:32,809 INFO  datanode.InitDatanodeState (InitDatanodeState.java:persistContainerDatanodeDetails(140)) - DatanodeDetails is persisted to /workdir/hadoop-ozone/integration-test/target/test-dir/MiniOzoneClusterImpl-635672ab-fed7-493b-82ca-5109a8fc1751/datanode-2/meta/datanode.id
2019-08-03 03:27:33,805 INFO  ozone.MiniOzoneClusterImpl (MiniOzoneClusterImpl.java:lambda$waitForClusterToBeReady$0(142)) - Waiting for cluster to be ready. Got 0 of 3 DN Heartbeats.
2019-08-03 03:27:34,399 INFO  ozoneimpl.OzoneContainer (OzoneContainer.java:start(186)) - Attempting to start container services.
2019-08-03 03:27:34,400 INFO  ozoneimpl.OzoneContainer (OzoneContainer.java:startContainerScrub(160)) - Background container scrubber has been disabled by hdds.containerscrub.enabled
2019-08-03 03:27:34,400 INFO  ratis.XceiverServerRatis (XceiverServerRatis.java:start(404)) - Starting XceiverServerRatis 30bdc769-a1ef-4947-b157-d18de53f6cc8 at port 0
2019-08-03 03:27:34,407 INFO  impl.RaftServerProxy (RaftServerProxy.java:lambda$start$3(299)) - 30bdc769-a1ef-4947-b157-d18de53f6cc8: start RPC server
2019-08-03 03:27:34,410 INFO  server.GrpcService (GrpcService.java:startImpl(149)) - 30bdc769-a1ef-4947-b157-d18de53f6cc8: GrpcService started, listening on 0.0.0.0/0.0.0.0:39606
2019-08-03 03:27:34,411 INFO  ratis.XceiverServerRatis (XceiverServerRatis.java:start(414)) - XceiverServerRatis 30bdc769-a1ef-4947-b157-d18de53f6cc8 is started using port 39606
2019-08-03 03:27:34,424 INFO  server.XceiverServerGrpc (XceiverServerGrpc.java:start(161)) - XceiverServerGrpc 30bdc769-a1ef-4947-b157-d18de53f6cc8 is started using port 41558
2019-08-03 03:27:34,613 INFO  ozoneimpl.OzoneContainer (OzoneContainer.java:start(186)) - Attempting to start container services.
2019-08-03 03:27:34,614 INFO  ozoneimpl.OzoneContainer (OzoneContainer.java:startContainerScrub(160)) - Background container scrubber has been disabled by hdds.containerscrub.enabled
2019-08-03 03:27:34,614 INFO  ratis.XceiverServerRatis (XceiverServerRatis.java:start(404)) - Starting XceiverServerRatis 7192d506-fdd0-4cc4-a984-7423be257784 at port 0
2019-08-03 03:27:34,621 INFO  impl.RaftServerProxy (RaftServerProxy.java:lambda$start$3(299)) - 7192d506-fdd0-4cc4-a984-7423be257784: start RPC server
2019-08-03 03:27:34,624 INFO  server.GrpcService (GrpcService.java:startImpl(149)) - 7192d506-fdd0-4cc4-a984-7423be257784: GrpcService started, listening on 0.0.0.0/0.0.0.0:36027
2019-08-03 03:27:34,624 INFO  ratis.XceiverServerRatis (XceiverServerRatis.java:start(414)) - XceiverServerRatis 7192d506-fdd0-4cc4-a984-7423be257784 is started using port 36027
2019-08-03 03:27:34,626 INFO  server.XceiverServerGrpc (XceiverServerGrpc.java:start(161)) - XceiverServerGrpc 7192d506-fdd0-4cc4-a984-7423be257784 is started using port 44183
2019-08-03 03:27:34,806 INFO  ozone.MiniOzoneClusterImpl (MiniOzoneClusterImpl.java:lambda$waitForClusterToBeReady$0(142)) - Waiting for cluster to be ready. Got 0 of 3 DN Heartbeats.
2019-08-03 03:27:34,812 INFO  ozoneimpl.OzoneContainer (OzoneContainer.java:start(186)) - Attempting to start container services.
2019-08-03 03:27:34,813 INFO  ozoneimpl.OzoneContainer (OzoneContainer.java:startContainerScrub(160)) - Background container scrubber has been disabled by hdds.containerscrub.enabled
2019-08-03 03:27:34,813 INFO  ratis.XceiverServerRatis (XceiverServerRatis.java:start(404)) - Starting XceiverServerRatis 59e9aa64-2b95-45b1-a51e-d93ad0c94faf at port 0
2019-08-03 03:27:34,822 INFO  impl.RaftServerProxy (RaftServerProxy.java:lambda$start$3(299)) - 59e9aa64-2b95-45b1-a51e-d93ad0c94faf: start RPC server
2019-08-03 03:27:34,827 INFO  server.GrpcService (GrpcService.java:startImpl(149)) - 59e9aa64-2b95-45b1-a51e-d93ad0c94faf: GrpcService started, listening on 0.0.0.0/0.0.0.0:45749
2019-08-03 03:27:34,827 INFO  ratis.XceiverServerRatis (XceiverServerRatis.java:start(414)) - XceiverServerRatis 59e9aa64-2b95-45b1-a51e-d93ad0c94faf is started using port 45749
2019-08-03 03:27:34,841 INFO  server.XceiverServerGrpc (XceiverServerGrpc.java:start(161)) - XceiverServerGrpc 59e9aa64-2b95-45b1-a51e-d93ad0c94faf is started using port 42153
2019-08-03 03:27:35,806 INFO  ozone.MiniOzoneClusterImpl (MiniOzoneClusterImpl.java:lambda$waitForClusterToBeReady$0(142)) - Waiting for cluster to be ready. Got 0 of 3 DN Heartbeats.
2019-08-03 03:27:36,393 INFO  net.NetworkTopology (NetworkTopologyImpl.java:add(110)) - Added a new node: /default-rack/30bdc769-a1ef-4947-b157-d18de53f6cc8
2019-08-03 03:27:36,395 INFO  node.SCMNodeManager (SCMNodeManager.java:register(273)) - Registered Data node : 30bdc769-a1ef-4947-b157-d18de53f6cc8{ip: 192.168.5.147, host: byscane-nightly-b86qh-2100283676, networkLocation: /default-rack, certSerialId: null}
2019-08-03 03:27:36,397 INFO  safemode.SCMSafeModeManager (DataNodeSafeModeRule.java:process(71)) - SCM in safe mode. 1 DataNodes registered, 1 required.
2019-08-03 03:27:36,399 INFO  safemode.SCMSafeModeManager (SCMSafeModeManager.java:validateSafeModeExitRules(177)) - ScmSafeModeManager, all rules are successfully validated
2019-08-03 03:27:36,399 INFO  safemode.SCMSafeModeManager (SCMSafeModeManager.java:exitSafeMode(193)) - SCM exiting safe mode.
2019-08-03 03:27:36,422 INFO  impl.RaftServerProxy (RaftServerProxy.java:addNew(89)) - 30bdc769-a1ef-4947-b157-d18de53f6cc8: addNew group-7D5FC5222127:[30bdc769-a1ef-4947-b157-d18de53f6cc8:192.168.5.147:39606] returns group-7D5FC5222127:java.util.concurrent.CompletableFuture@2754bc1f[Not completed]
2019-08-03 03:27:36,423 INFO  impl.RaftServerImpl (RaftServerImpl.java:<init>(93)) - 30bdc769-a1ef-4947-b157-d18de53f6cc8: new RaftServerImpl for group-7D5FC5222127:[30bdc769-a1ef-4947-b157-d18de53f6cc8:192.168.5.147:39606] with ContainerStateMachine:uninitialized
2019-08-03 03:27:36,423 INFO  server.RaftServerConfigKeys (ConfUtils.java:logGet(43)) - raft.server.rpc.timeout.min = 5s (custom)
2019-08-03 03:27:36,424 INFO  server.RaftServerConfigKeys (ConfUtils.java:logGet(43)) - raft.server.rpc.timeout.max = 5200ms (custom)
2019-08-03 03:27:36,424 INFO  server.RaftServerConfigKeys (ConfUtils.java:logGet(43)) - raft.server.rpcslowness.timeout = 120s (custom)
2019-08-03 03:27:36,424 INFO  server.RaftServerConfigKeys (ConfUtils.java:logGet(43)) - raft.server.sleep.deviation.threshold = 300 (default)
2019-08-03 03:27:36,424 INFO  server.RaftServerConfigKeys (ConfUtils.java:logGet(43)) - raft.server.log.appender.install.snapshot.enabled = false (custom)
2019-08-03 03:27:36,424 INFO  impl.RaftServerImpl (ServerState.java:<init>(105)) - 30bdc769-a1ef-4947-b157-d18de53f6cc8:group-7D5FC5222127 ConfigurationManager, init=-1: [30bdc769-a1ef-4947-b157-d18de53f6cc8:192.168.5.147:39606], old=null, confs=<EMPTY_MAP>
2019-08-03 03:27:36,424 INFO  server.RaftServerConfigKeys (ConfUtils.java:logGet(43)) - raft.server.storage.dir = [/workdir/hadoop-ozone/integration-test/target/test-dir/MiniOzoneClusterImpl-635672ab-fed7-493b-82ca-5109a8fc1751/datanode-0/data/ratis] (custom)
2019-08-03 03:27:36,425 INFO  storage.RaftStorageDirectory (RaftStorageDirectory.java:analyzeStorage(246)) - The storage directory /workdir/hadoop-ozone/integration-test/target/test-dir/MiniOzoneClusterImpl-635672ab-fed7-493b-82ca-5109a8fc1751/datanode-0/data/ratis/ff6ff597-103c-48a4-ac69-7d5fc5222127 does not exist. Creating ...
2019-08-03 03:27:36,430 INFO  storage.RaftStorageDirectory (RaftStorageDirectory.java:tryLock(328)) - Lock on /workdir/hadoop-ozone/integration-test/target/test-dir/MiniOzoneClusterImpl-635672ab-fed7-493b-82ca-5109a8fc1751/datanode-0/data/ratis/ff6ff597-103c-48a4-ac69-7d5fc5222127/in_use.lock acquired by nodename 24336@byscane-nightly-b86qh-2100283676
2019-08-03 03:27:36,434 INFO  storage.RaftStorage (RaftStorage.java:format(72)) - Storage directory /workdir/hadoop-ozone/integration-test/target/test-dir/MiniOzoneClusterImpl-635672ab-fed7-493b-82ca-5109a8fc1751/datanode-0/data/ratis/ff6ff597-103c-48a4-ac69-7d5fc5222127 has been successfully formatted.
2019-08-03 03:27:36,434 INFO  ratis.ContainerStateMachine (ContainerStateMachine.java:loadSnapshot(213)) - group-7D5FC5222127: The snapshot info is null. Setting the last applied indexto:(t:0, i:~)
2019-08-03 03:27:36,434 INFO  server.RaftServerConfigKeys (ConfUtils.java:logGet(43)) - raft.server.leader.election.timeout = 120s (custom)
2019-08-03 03:27:36,434 INFO  server.RaftServerConfigKeys (ConfUtils.java:logGet(43)) - raft.server.log.use.memory = false (default)
2019-08-03 03:27:36,435 INFO  server.RaftServerConfigKeys (ConfUtils.java:logGet(43)) - raft.server.log.purge.gap = 1000000000 (custom)
2019-08-03 03:27:36,435 INFO  server.RaftServerConfigKeys (ConfUtils.java:logGet(43)) - raft.server.log.appender.buffer.byte-limit = 33554432 (custom)
2019-08-03 03:27:36,435 INFO  server.RaftServerConfigKeys (ConfUtils.java:logGet(43)) - raft.server.log.segment.size.max = 1048576 (custom)
2019-08-03 03:27:36,435 INFO  server.RaftServerConfigKeys (ConfUtils.java:logGet(43)) - raft.server.log.segment.cache.num.max = 2 (custom)
2019-08-03 03:27:36,435 INFO  segmented.SegmentedRaftLogWorker (SegmentedRaftLogWorker.java:<init>(172)) - new 30bdc769-a1ef-4947-b157-d18de53f6cc8-SegmentedRaftLogWorker:Storage Directory /workdir/hadoop-ozone/integration-test/target/test-dir/MiniOzoneClusterImpl-635672ab-fed7-493b-82ca-5109a8fc1751/datanode-0/data/ratis/ff6ff597-103c-48a4-ac69-7d5fc5222127 for RaftStorage:Storage Directory /workdir/hadoop-ozone/integration-test/target/test-dir/MiniOzoneClusterImpl-635672ab-fed7-493b-82ca-5109a8fc1751/datanode-0/data/ratis/ff6ff597-103c-48a4-ac69-7d5fc5222127
2019-08-03 03:27:36,436 INFO  server.RaftServerConfigKeys (ConfUtils.java:logGet(43)) - raft.server.log.queue.byte-limit = 2147483647 (custom)
2019-08-03 03:27:36,436 INFO  server.RaftServerConfigKeys (ConfUtils.java:logGet(43)) - raft.server.log.queue.element-limit = 1024 (custom)
2019-08-03 03:27:36,436 INFO  server.RaftServerConfigKeys (ConfUtils.java:logGet(43)) - raft.server.log.segment.size.max = 1048576 (custom)
2019-08-03 03:27:36,436 INFO  server.RaftServerConfigKeys (ConfUtils.java:logGet(43)) - raft.server.log.preallocated.size = 16384 (custom)
2019-08-03 03:27:36,437 INFO  server.RaftServerConfigKeys (ConfUtils.java:logGet(43)) - raft.server.log.write.buffer.size = 33554432 (custom)
2019-08-03 03:27:36,437 INFO  server.RaftServerConfigKeys (ConfUtils.java:logGet(43)) - raft.server.log.force.sync.num = 128 (default)
2019-08-03 03:27:36,437 INFO  server.RaftServerConfigKeys (ConfUtils.java:logGet(43)) - raft.server.log.statemachine.data.sync = true (default)
2019-08-03 03:27:36,437 INFO  server.RaftServerConfigKeys (ConfUtils.java:logGet(43)) - raft.server.log.statemachine.data.sync.timeout = 10s (default)
2019-08-03 03:27:36,437 INFO  server.RaftServerConfigKeys (ConfUtils.java:logGet(43)) - raft.server.log.statemachine.data.sync.timeout.retry = -1 (default)
2019-08-03 03:27:36,438 INFO  server.RaftServerConfigKeys (ConfUtils.java:logGet(43)) - raft.server.log.statemachine.data.caching.enabled = true (custom)
2019-08-03 03:27:36,438 INFO  segmented.SegmentedRaftLogWorker (SegmentedRaftLogWorker.java:lambda$new$0(132)) - 30bdc769-a1ef-4947-b157-d18de53f6cc8-SegmentedRaftLogWorker:Storage Directory /workdir/hadoop-ozone/integration-test/target/test-dir/MiniOzoneClusterImpl-635672ab-fed7-493b-82ca-5109a8fc1751/datanode-0/data/ratis/ff6ff597-103c-48a4-ac69-7d5fc5222127: flushIndex: setUnconditionally 0 -> -1
2019-08-03 03:27:36,439 INFO  server.RaftServerConfigKeys (ConfUtils.java:logGet(43)) - raft.server.snapshot.auto.trigger.enabled = true (custom)
2019-08-03 03:27:36,439 INFO  server.RaftServerConfigKeys (ConfUtils.java:logGet(43)) - raft.server.snapshot.auto.trigger.threshold = 10000 (custom)
2019-08-03 03:27:36,439 INFO  server.RaftServerConfigKeys (ConfUtils.java:logGet(43)) - raft.server.retrycache.expirytime = 600000ms (custom)
2019-08-03 03:27:36,439 INFO  impl.RaftServerImpl (RaftServerImpl.java:start(180)) - 30bdc769-a1ef-4947-b157-d18de53f6cc8: start group-7D5FC5222127
2019-08-03 03:27:36,439 INFO  impl.RaftServerImpl (RaftServerImpl.java:setRole(171)) - 30bdc769-a1ef-4947-b157-d18de53f6cc8:group-7D5FC5222127 changes role from null to FOLLOWER at term 0 for startAsFollower
2019-08-03 03:27:36,440 INFO  impl.RoleInfo (RoleInfo.java:updateAndGet(143)) - 30bdc769-a1ef-4947-b157-d18de53f6cc8: start FollowerState
2019-08-03 03:27:36,440 INFO  util.JmxRegister (JmxRegister.java:tryRegister(44)) - Successfully registered JMX Bean with object name Ratis:service=RaftServer,group=group-7D5FC5222127,id=30bdc769-a1ef-4947-b157-d18de53f6cc8
2019-08-03 03:27:36,453 INFO  pipeline.PipelineStateManager (PipelineStateManager.java:addPipeline(56)) - Created pipeline Pipeline[ Id: ff6ff597-103c-48a4-ac69-7d5fc5222127, Nodes: 30bdc769-a1ef-4947-b157-d18de53f6cc8{ip: 192.168.5.147, host: byscane-nightly-b86qh-2100283676, networkLocation: /default-rack, certSerialId: null}, Type:RATIS, Factor:ONE, State:OPEN]
2019-08-03 03:27:36,600 INFO  net.NetworkTopology (NetworkTopologyImpl.java:add(110)) - Added a new node: /default-rack/7192d506-fdd0-4cc4-a984-7423be257784
2019-08-03 03:27:36,600 INFO  node.SCMNodeManager (SCMNodeManager.java:register(273)) - Registered Data node : 7192d506-fdd0-4cc4-a984-7423be257784{ip: 192.168.5.147, host: byscane-nightly-b86qh-2100283676, networkLocation: /default-rack, certSerialId: null}
2019-08-03 03:27:36,622 INFO  impl.RaftServerProxy (RaftServerProxy.java:addNew(89)) - 7192d506-fdd0-4cc4-a984-7423be257784: addNew group-74CFB348761E:[7192d506-fdd0-4cc4-a984-7423be257784:192.168.5.147:36027] returns group-74CFB348761E:java.util.concurrent.CompletableFuture@695242d8[Not completed]
2019-08-03 03:27:36,623 INFO  impl.RaftServerImpl (RaftServerImpl.java:<init>(93)) - 7192d506-fdd0-4cc4-a984-7423be257784: new RaftServerImpl for group-74CFB348761E:[7192d506-fdd0-4cc4-a984-7423be257784:192.168.5.147:36027] with ContainerStateMachine:uninitialized
2019-08-03 03:27:36,623 INFO  server.RaftServerConfigKeys (ConfUtils.java:logGet(43)) - raft.server.rpc.timeout.min = 5s (custom)
2019-08-03 03:27:36,624 INFO  server.RaftServerConfigKeys (ConfUtils.java:logGet(43)) - raft.server.rpc.timeout.max = 5200ms (custom)
2019-08-03 03:27:36,624 INFO  server.RaftServerConfigKeys (ConfUtils.java:logGet(43)) - raft.server.rpcslowness.timeout = 120s (custom)
2019-08-03 03:27:36,624 INFO  server.RaftServerConfigKeys (ConfUtils.java:logGet(43)) - raft.server.sleep.deviation.threshold = 300 (default)
2019-08-03 03:27:36,624 INFO  server.RaftServerConfigKeys (ConfUtils.java:logGet(43)) - raft.server.log.appender.install.snapshot.enabled = false (custom)
2019-08-03 03:27:36,624 INFO  impl.RaftServerImpl (ServerState.java:<init>(105)) - 7192d506-fdd0-4cc4-a984-7423be257784:group-74CFB348761E ConfigurationManager, init=-1: [7192d506-fdd0-4cc4-a984-7423be257784:192.168.5.147:36027], old=null, confs=<EMPTY_MAP>
2019-08-03 03:27:36,625 INFO  server.RaftServerConfigKeys (ConfUtils.java:logGet(43)) - raft.server.storage.dir = [/workdir/hadoop-ozone/integration-test/target/test-dir/MiniOzoneClusterImpl-635672ab-fed7-493b-82ca-5109a8fc1751/datanode-1/data/ratis] (custom)
2019-08-03 03:27:36,625 INFO  storage.RaftStorageDirectory (RaftStorageDirectory.java:analyzeStorage(246)) - The storage directory /workdir/hadoop-ozone/integration-test/target/test-dir/MiniOzoneClusterImpl-635672ab-fed7-493b-82ca-5109a8fc1751/datanode-1/data/ratis/0c780f07-542d-4b0f-aae0-74cfb348761e does not exist. Creating ...
2019-08-03 03:27:36,639 INFO  storage.RaftStorageDirectory (RaftStorageDirectory.java:tryLock(328)) - Lock on /workdir/hadoop-ozone/integration-test/target/test-dir/MiniOzoneClusterImpl-635672ab-fed7-493b-82ca-5109a8fc1751/datanode-1/data/ratis/0c780f07-542d-4b0f-aae0-74cfb348761e/in_use.lock acquired by nodename 24336@byscane-nightly-b86qh-2100283676
2019-08-03 03:27:36,650 INFO  storage.RaftStorage (RaftStorage.java:format(72)) - Storage directory /workdir/hadoop-ozone/integration-test/target/test-dir/MiniOzoneClusterImpl-635672ab-fed7-493b-82ca-5109a8fc1751/datanode-1/data/ratis/0c780f07-542d-4b0f-aae0-74cfb348761e has been successfully formatted.
2019-08-03 03:27:36,650 INFO  ratis.ContainerStateMachine (ContainerStateMachine.java:loadSnapshot(213)) - group-74CFB348761E: The snapshot info is null. Setting the last applied indexto:(t:0, i:~)
2019-08-03 03:27:36,650 INFO  server.RaftServerConfigKeys (ConfUtils.java:logGet(43)) - raft.server.leader.election.timeout = 120s (custom)
2019-08-03 03:27:36,651 INFO  server.RaftServerConfigKeys (ConfUtils.java:logGet(43)) - raft.server.log.use.memory = false (default)
2019-08-03 03:27:36,651 INFO  server.RaftServerConfigKeys (ConfUtils.java:logGet(43)) - raft.server.log.purge.gap = 1000000000 (custom)
2019-08-03 03:27:36,651 INFO  server.RaftServerConfigKeys (ConfUtils.java:logGet(43)) - raft.server.log.appender.buffer.byte-limit = 33554432 (custom)
2019-08-03 03:27:36,651 INFO  server.RaftServerConfigKeys (ConfUtils.java:logGet(43)) - raft.server.log.segment.size.max = 1048576 (custom)
2019-08-03 03:27:36,651 INFO  server.RaftServerConfigKeys (ConfUtils.java:logGet(43)) - raft.server.log.segment.cache.num.max = 2 (custom)
2019-08-03 03:27:36,652 INFO  segmented.SegmentedRaftLogWorker (SegmentedRaftLogWorker.java:<init>(172)) - new 7192d506-fdd0-4cc4-a984-7423be257784-SegmentedRaftLogWorker:Storage Directory /workdir/hadoop-ozone/integration-test/target/test-dir/MiniOzoneClusterImpl-635672ab-fed7-493b-82ca-5109a8fc1751/datanode-1/data/ratis/0c780f07-542d-4b0f-aae0-74cfb348761e for RaftStorage:Storage Directory /workdir/hadoop-ozone/integration-test/target/test-dir/MiniOzoneClusterImpl-635672ab-fed7-493b-82ca-5109a8fc1751/datanode-1/data/ratis/0c780f07-542d-4b0f-aae0-74cfb348761e
2019-08-03 03:27:36,652 INFO  server.RaftServerConfigKeys (ConfUtils.java:logGet(43)) - raft.server.log.queue.byte-limit = 2147483647 (custom)
2019-08-03 03:27:36,652 INFO  server.RaftServerConfigKeys (ConfUtils.java:logGet(43)) - raft.server.log.queue.element-limit = 1024 (custom)
2019-08-03 03:27:36,652 INFO  server.RaftServerConfigKeys (ConfUtils.java:logGet(43)) - raft.server.log.segment.size.max = 1048576 (custom)
2019-08-03 03:27:36,653 INFO  server.RaftServerConfigKeys (ConfUtils.java:logGet(43)) - raft.server.log.preallocated.size = 16384 (custom)
2019-08-03 03:27:36,653 INFO  server.RaftServerConfigKeys (ConfUtils.java:logGet(43)) - raft.server.log.write.buffer.size = 33554432 (custom)
2019-08-03 03:27:36,653 INFO  server.RaftServerConfigKeys (ConfUtils.java:logGet(43)) - raft.server.log.force.sync.num = 128 (default)
2019-08-03 03:27:36,653 INFO  server.RaftServerConfigKeys (ConfUtils.java:logGet(43)) - raft.server.log.statemachine.data.sync = true (default)
2019-08-03 03:27:36,653 INFO  server.RaftServerConfigKeys (ConfUtils.java:logGet(43)) - raft.server.log.statemachine.data.sync.timeout = 10s (default)
2019-08-03 03:27:36,654 INFO  server.RaftServerConfigKeys (ConfUtils.java:logGet(43)) - raft.server.log.statemachine.data.sync.timeout.retry = -1 (default)
2019-08-03 03:27:36,654 INFO  server.RaftServerConfigKeys (ConfUtils.java:logGet(43)) - raft.server.log.statemachine.data.caching.enabled = true (custom)
2019-08-03 03:27:36,654 INFO  segmented.SegmentedRaftLogWorker (SegmentedRaftLogWorker.java:lambda$new$0(132)) - 7192d506-fdd0-4cc4-a984-7423be257784-SegmentedRaftLogWorker:Storage Directory /workdir/hadoop-ozone/integration-test/target/test-dir/MiniOzoneClusterImpl-635672ab-fed7-493b-82ca-5109a8fc1751/datanode-1/data/ratis/0c780f07-542d-4b0f-aae0-74cfb348761e: flushIndex: setUnconditionally 0 -> -1
2019-08-03 03:27:36,655 INFO  server.RaftServerConfigKeys (ConfUtils.java:logGet(43)) - raft.server.snapshot.auto.trigger.enabled = true (custom)
2019-08-03 03:27:36,655 INFO  server.RaftServerConfigKeys (ConfUtils.java:logGet(43)) - raft.server.snapshot.auto.trigger.threshold = 10000 (custom)
2019-08-03 03:27:36,655 INFO  server.RaftServerConfigKeys (ConfUtils.java:logGet(43)) - raft.server.retrycache.expirytime = 600000ms (custom)
2019-08-03 03:27:36,656 INFO  impl.RaftServerImpl (RaftServerImpl.java:start(180)) - 7192d506-fdd0-4cc4-a984-7423be257784: start group-74CFB348761E
2019-08-03 03:27:36,656 INFO  impl.RaftServerImpl (RaftServerImpl.java:setRole(171)) - 7192d506-fdd0-4cc4-a984-7423be257784:group-74CFB348761E changes role from null to FOLLOWER at term 0 for startAsFollower
2019-08-03 03:27:36,656 INFO  impl.RoleInfo (RoleInfo.java:updateAndGet(143)) - 7192d506-fdd0-4cc4-a984-7423be257784: start FollowerState
2019-08-03 03:27:36,657 INFO  util.JmxRegister (JmxRegister.java:tryRegister(44)) - Successfully registered JMX Bean with object name Ratis:service=RaftServer,group=group-74CFB348761E,id=7192d506-fdd0-4cc4-a984-7423be257784
2019-08-03 03:27:36,670 INFO  pipeline.PipelineStateManager (PipelineStateManager.java:addPipeline(56)) - Created pipeline Pipeline[ Id: 0c780f07-542d-4b0f-aae0-74cfb348761e, Nodes: 7192d506-fdd0-4cc4-a984-7423be257784{ip: 192.168.5.147, host: byscane-nightly-b86qh-2100283676, networkLocation: /default-rack, certSerialId: null}, Type:RATIS, Factor:ONE, State:OPEN]
2019-08-03 03:27:36,807 INFO  ozone.MiniOzoneClusterImpl (MiniOzoneClusterImpl.java:lambda$waitForClusterToBeReady$0(142)) - Waiting for cluster to be ready. Got 2 of 3 DN Heartbeats.
2019-08-03 03:27:36,808 INFO  net.NetworkTopology (NetworkTopologyImpl.java:add(110)) - Added a new node: /default-rack/59e9aa64-2b95-45b1-a51e-d93ad0c94faf
2019-08-03 03:27:36,809 INFO  node.SCMNodeManager (SCMNodeManager.java:register(273)) - Registered Data node : 59e9aa64-2b95-45b1-a51e-d93ad0c94faf{ip: 192.168.5.147, host: byscane-nightly-b86qh-2100283676, networkLocation: /default-rack, certSerialId: null}
2019-08-03 03:27:36,828 INFO  impl.RaftServerProxy (RaftServerProxy.java:addNew(89)) - 59e9aa64-2b95-45b1-a51e-d93ad0c94faf: addNew group-9B093729BA9C:[59e9aa64-2b95-45b1-a51e-d93ad0c94faf:192.168.5.147:45749] returns group-9B093729BA9C:java.util.concurrent.CompletableFuture@2926fb99[Not completed]
2019-08-03 03:27:36,829 INFO  impl.RaftServerImpl (RaftServerImpl.java:<init>(93)) - 59e9aa64-2b95-45b1-a51e-d93ad0c94faf: new RaftServerImpl for group-9B093729BA9C:[59e9aa64-2b95-45b1-a51e-d93ad0c94faf:192.168.5.147:45749] with ContainerStateMachine:uninitialized
2019-08-03 03:27:36,829 INFO  server.RaftServerConfigKeys (ConfUtils.java:logGet(43)) - raft.server.rpc.timeout.min = 5s (custom)
2019-08-03 03:27:36,830 INFO  server.RaftServerConfigKeys (ConfUtils.java:logGet(43)) - raft.server.rpc.timeout.max = 5200ms (custom)
2019-08-03 03:27:36,830 INFO  server.RaftServerConfigKeys (ConfUtils.java:logGet(43)) - raft.server.rpcslowness.timeout = 120s (custom)
2019-08-03 03:27:36,830 INFO  server.RaftServerConfigKeys (ConfUtils.java:logGet(43)) - raft.server.sleep.deviation.threshold = 300 (default)
2019-08-03 03:27:36,830 INFO  server.RaftServerConfigKeys (ConfUtils.java:logGet(43)) - raft.server.log.appender.install.snapshot.enabled = false (custom)
2019-08-03 03:27:36,830 INFO  impl.RaftServerImpl (ServerState.java:<init>(105)) - 59e9aa64-2b95-45b1-a51e-d93ad0c94faf:group-9B093729BA9C ConfigurationManager, init=-1: [59e9aa64-2b95-45b1-a51e-d93ad0c94faf:192.168.5.147:45749], old=null, confs=<EMPTY_MAP>
2019-08-03 03:27:36,830 INFO  server.RaftServerConfigKeys (ConfUtils.java:logGet(43)) - raft.server.storage.dir = [/workdir/hadoop-ozone/integration-test/target/test-dir/MiniOzoneClusterImpl-635672ab-fed7-493b-82ca-5109a8fc1751/datanode-2/data/ratis] (custom)
2019-08-03 03:27:36,831 INFO  storage.RaftStorageDirectory (RaftStorageDirectory.java:analyzeStorage(246)) - The storage directory /workdir/hadoop-ozone/integration-test/target/test-dir/MiniOzoneClusterImpl-635672ab-fed7-493b-82ca-5109a8fc1751/datanode-2/data/ratis/bf723357-06dd-4214-abe1-9b093729ba9c does not exist. Creating ...
2019-08-03 03:27:36,843 INFO  storage.RaftStorageDirectory (RaftStorageDirectory.java:tryLock(328)) - Lock on /workdir/hadoop-ozone/integration-test/target/test-dir/MiniOzoneClusterImpl-635672ab-fed7-493b-82ca-5109a8fc1751/datanode-2/data/ratis/bf723357-06dd-4214-abe1-9b093729ba9c/in_use.lock acquired by nodename 24336@byscane-nightly-b86qh-2100283676
2019-08-03 03:27:36,847 INFO  storage.RaftStorage (RaftStorage.java:format(72)) - Storage directory /workdir/hadoop-ozone/integration-test/target/test-dir/MiniOzoneClusterImpl-635672ab-fed7-493b-82ca-5109a8fc1751/datanode-2/data/ratis/bf723357-06dd-4214-abe1-9b093729ba9c has been successfully formatted.
2019-08-03 03:27:36,847 INFO  ratis.ContainerStateMachine (ContainerStateMachine.java:loadSnapshot(213)) - group-9B093729BA9C: The snapshot info is null. Setting the last applied indexto:(t:0, i:~)
2019-08-03 03:27:36,847 INFO  server.RaftServerConfigKeys (ConfUtils.java:logGet(43)) - raft.server.leader.election.timeout = 120s (custom)
2019-08-03 03:27:36,848 INFO  server.RaftServerConfigKeys (ConfUtils.java:logGet(43)) - raft.server.log.use.memory = false (default)
2019-08-03 03:27:36,848 INFO  server.RaftServerConfigKeys (ConfUtils.java:logGet(43)) - raft.server.log.purge.gap = 1000000000 (custom)
2019-08-03 03:27:36,848 INFO  server.RaftServerConfigKeys (ConfUtils.java:logGet(43)) - raft.server.log.appender.buffer.byte-limit = 33554432 (custom)
2019-08-03 03:27:36,848 INFO  server.RaftServerConfigKeys (ConfUtils.java:logGet(43)) - raft.server.log.segment.size.max = 1048576 (custom)
2019-08-03 03:27:36,848 INFO  server.RaftServerConfigKeys (ConfUtils.java:logGet(43)) - raft.server.log.segment.cache.num.max = 2 (custom)
2019-08-03 03:27:36,848 INFO  segmented.SegmentedRaftLogWorker (SegmentedRaftLogWorker.java:<init>(172)) - new 59e9aa64-2b95-45b1-a51e-d93ad0c94faf-SegmentedRaftLogWorker:Storage Directory /workdir/hadoop-ozone/integration-test/target/test-dir/MiniOzoneClusterImpl-635672ab-fed7-493b-82ca-5109a8fc1751/datanode-2/data/ratis/bf723357-06dd-4214-abe1-9b093729ba9c for RaftStorage:Storage Directory /workdir/hadoop-ozone/integration-test/target/test-dir/MiniOzoneClusterImpl-635672ab-fed7-493b-82ca-5109a8fc1751/datanode-2/data/ratis/bf723357-06dd-4214-abe1-9b093729ba9c
2019-08-03 03:27:36,849 INFO  server.RaftServerConfigKeys (ConfUtils.java:logGet(43)) - raft.server.log.queue.byte-limit = 2147483647 (custom)
2019-08-03 03:27:36,849 INFO  server.RaftServerConfigKeys (ConfUtils.java:logGet(43)) - raft.server.log.queue.element-limit = 1024 (custom)
2019-08-03 03:27:36,849 INFO  server.RaftServerConfigKeys (ConfUtils.java:logGet(43)) - raft.server.log.segment.size.max = 1048576 (custom)
2019-08-03 03:27:36,849 INFO  server.RaftServerConfigKeys (ConfUtils.java:logGet(43)) - raft.server.log.preallocated.size = 16384 (custom)
2019-08-03 03:27:36,850 INFO  server.RaftServerConfigKeys (ConfUtils.java:logGet(43)) - raft.server.log.write.buffer.size = 33554432 (custom)
2019-08-03 03:27:36,850 INFO  server.RaftServerConfigKeys (ConfUtils.java:logGet(43)) - raft.server.log.force.sync.num = 128 (default)
2019-08-03 03:27:36,850 INFO  server.RaftServerConfigKeys (ConfUtils.java:logGet(43)) - raft.server.log.statemachine.data.sync = true (default)
2019-08-03 03:27:36,850 INFO  server.RaftServerConfigKeys (ConfUtils.java:logGet(43)) - raft.server.log.statemachine.data.sync.timeout = 10s (default)
2019-08-03 03:27:36,850 INFO  server.RaftServerConfigKeys (ConfUtils.java:logGet(43)) - raft.server.log.statemachine.data.sync.timeout.retry = -1 (default)
2019-08-03 03:27:36,851 INFO  server.RaftServerConfigKeys (ConfUtils.java:logGet(43)) - raft.server.log.statemachine.data.caching.enabled = true (custom)
2019-08-03 03:27:36,851 INFO  segmented.SegmentedRaftLogWorker (SegmentedRaftLogWorker.java:lambda$new$0(132)) - 59e9aa64-2b95-45b1-a51e-d93ad0c94faf-SegmentedRaftLogWorker:Storage Directory /workdir/hadoop-ozone/integration-test/target/test-dir/MiniOzoneClusterImpl-635672ab-fed7-493b-82ca-5109a8fc1751/datanode-2/data/ratis/bf723357-06dd-4214-abe1-9b093729ba9c: flushIndex: setUnconditionally 0 -> -1
2019-08-03 03:27:36,851 INFO  server.RaftServerConfigKeys (ConfUtils.java:logGet(43)) - raft.server.snapshot.auto.trigger.enabled = true (custom)
2019-08-03 03:27:36,851 INFO  server.RaftServerConfigKeys (ConfUtils.java:logGet(43)) - raft.server.snapshot.auto.trigger.threshold = 10000 (custom)
2019-08-03 03:27:36,852 INFO  server.RaftServerConfigKeys (ConfUtils.java:logGet(43)) - raft.server.retrycache.expirytime = 600000ms (custom)
2019-08-03 03:27:36,852 INFO  impl.RaftServerImpl (RaftServerImpl.java:start(180)) - 59e9aa64-2b95-45b1-a51e-d93ad0c94faf: start group-9B093729BA9C
2019-08-03 03:27:36,852 INFO  impl.RaftServerImpl (RaftServerImpl.java:setRole(171)) - 59e9aa64-2b95-45b1-a51e-d93ad0c94faf:group-9B093729BA9C changes role from null to FOLLOWER at term 0 for startAsFollower
2019-08-03 03:27:36,852 INFO  impl.RoleInfo (RoleInfo.java:updateAndGet(143)) - 59e9aa64-2b95-45b1-a51e-d93ad0c94faf: start FollowerState
2019-08-03 03:27:36,853 INFO  util.JmxRegister (JmxRegister.java:tryRegister(44)) - Successfully registered JMX Bean with object name Ratis:service=RaftServer,group=group-9B093729BA9C,id=59e9aa64-2b95-45b1-a51e-d93ad0c94faf
2019-08-03 03:27:36,866 INFO  pipeline.PipelineStateManager (PipelineStateManager.java:addPipeline(56)) - Created pipeline Pipeline[ Id: bf723357-06dd-4214-abe1-9b093729ba9c, Nodes: 59e9aa64-2b95-45b1-a51e-d93ad0c94faf{ip: 192.168.5.147, host: byscane-nightly-b86qh-2100283676, networkLocation: /default-rack, certSerialId: null}, Type:RATIS, Factor:ONE, State:OPEN]
2019-08-03 03:27:36,916 INFO  impl.RaftServerProxy (RaftServerProxy.java:addNew(89)) - 7192d506-fdd0-4cc4-a984-7423be257784: addNew group-7260441502D4:[59e9aa64-2b95-45b1-a51e-d93ad0c94faf:192.168.5.147:45749, 7192d506-fdd0-4cc4-a984-7423be257784:192.168.5.147:36027, 30bdc769-a1ef-4947-b157-d18de53f6cc8:192.168.5.147:39606] returns group-7260441502D4:java.util.concurrent.CompletableFuture@3f6a08da[Not completed]
2019-08-03 03:27:36,916 INFO  impl.RaftServerProxy (RaftServerProxy.java:addNew(89)) - 30bdc769-a1ef-4947-b157-d18de53f6cc8: addNew group-7260441502D4:[59e9aa64-2b95-45b1-a51e-d93ad0c94faf:192.168.5.147:45749, 7192d506-fdd0-4cc4-a984-7423be257784:192.168.5.147:36027, 30bdc769-a1ef-4947-b157-d18de53f6cc8:192.168.5.147:39606] returns group-7260441502D4:java.util.concurrent.CompletableFuture@7be6d975[Not completed]
2019-08-03 03:27:36,916 INFO  impl.RaftServerProxy (RaftServerProxy.java:addNew(89)) - 59e9aa64-2b95-45b1-a51e-d93ad0c94faf: addNew group-7260441502D4:[59e9aa64-2b95-45b1-a51e-d93ad0c94faf:192.168.5.147:45749, 7192d506-fdd0-4cc4-a984-7423be257784:192.168.5.147:36027, 30bdc769-a1ef-4947-b157-d18de53f6cc8:192.168.5.147:39606] returns group-7260441502D4:java.util.concurrent.CompletableFuture@1f917174[Not completed]
2019-08-03 03:27:36,918 INFO  impl.RaftServerImpl (RaftServerImpl.java:<init>(93)) - 59e9aa64-2b95-45b1-a51e-d93ad0c94faf: new RaftServerImpl for group-7260441502D4:[59e9aa64-2b95-45b1-a51e-d93ad0c94faf:192.168.5.147:45749, 7192d506-fdd0-4cc4-a984-7423be257784:192.168.5.147:36027, 30bdc769-a1ef-4947-b157-d18de53f6cc8:192.168.5.147:39606] with ContainerStateMachine:uninitialized
2019-08-03 03:27:36,918 INFO  server.RaftServerConfigKeys (ConfUtils.java:logGet(43)) - raft.server.rpc.timeout.min = 5s (custom)
2019-08-03 03:27:36,918 INFO  impl.RaftServerImpl (RaftServerImpl.java:<init>(93)) - 30bdc769-a1ef-4947-b157-d18de53f6cc8: new RaftServerImpl for group-7260441502D4:[59e9aa64-2b95-45b1-a51e-d93ad0c94faf:192.168.5.147:45749, 7192d506-fdd0-4cc4-a984-7423be257784:192.168.5.147:36027, 30bdc769-a1ef-4947-b157-d18de53f6cc8:192.168.5.147:39606] with ContainerStateMachine:uninitialized
2019-08-03 03:27:36,919 INFO  server.RaftServerConfigKeys (ConfUtils.java:logGet(43)) - raft.server.rpc.timeout.max = 5200ms (custom)
2019-08-03 03:27:36,919 INFO  impl.RaftServerImpl (RaftServerImpl.java:<init>(93)) - 7192d506-fdd0-4cc4-a984-7423be257784: new RaftServerImpl for group-7260441502D4:[59e9aa64-2b95-45b1-a51e-d93ad0c94faf:192.168.5.147:45749, 7192d506-fdd0-4cc4-a984-7423be257784:192.168.5.147:36027, 30bdc769-a1ef-4947-b157-d18de53f6cc8:192.168.5.147:39606] with ContainerStateMachine:uninitialized
2019-08-03 03:27:36,919 INFO  server.RaftServerConfigKeys (ConfUtils.java:logGet(43)) - raft.server.rpc.timeout.min = 5s (custom)
2019-08-03 03:27:36,919 INFO  server.RaftServerConfigKeys (ConfUtils.java:logGet(43)) - raft.server.rpc.timeout.min = 5s (custom)
2019-08-03 03:27:36,919 INFO  server.RaftServerConfigKeys (ConfUtils.java:logGet(43)) - raft.server.rpcslowness.timeout = 120s (custom)
2019-08-03 03:27:36,919 INFO  server.RaftServerConfigKeys (ConfUtils.java:logGet(43)) - raft.server.rpc.timeout.max = 5200ms (custom)
2019-08-03 03:27:36,919 INFO  server.RaftServerConfigKeys (ConfUtils.java:logGet(43)) - raft.server.rpc.timeout.max = 5200ms (custom)
2019-08-03 03:27:36,919 INFO  server.RaftServerConfigKeys (ConfUtils.java:logGet(43)) - raft.server.rpcslowness.timeout = 120s (custom)
2019-08-03 03:27:36,919 INFO  server.RaftServerConfigKeys (ConfUtils.java:logGet(43)) - raft.server.sleep.deviation.threshold = 300 (default)
2019-08-03 03:27:36,920 INFO  server.RaftServerConfigKeys (ConfUtils.java:logGet(43)) - raft.server.sleep.deviation.threshold = 300 (default)
2019-08-03 03:27:36,920 INFO  server.RaftServerConfigKeys (ConfUtils.java:logGet(43)) - raft.server.rpcslowness.timeout = 120s (custom)
2019-08-03 03:27:36,920 INFO  server.RaftServerConfigKeys (ConfUtils.java:logGet(43)) - raft.server.log.appender.install.snapshot.enabled = false (custom)
2019-08-03 03:27:36,920 INFO  server.RaftServerConfigKeys (ConfUtils.java:logGet(43)) - raft.server.log.appender.install.snapshot.enabled = false (custom)
2019-08-03 03:27:36,920 INFO  impl.RaftServerImpl (ServerState.java:<init>(105)) - 7192d506-fdd0-4cc4-a984-7423be257784:group-7260441502D4 ConfigurationManager, init=-1: [59e9aa64-2b95-45b1-a51e-d93ad0c94faf:192.168.5.147:45749, 7192d506-fdd0-4cc4-a984-7423be257784:192.168.5.147:36027, 30bdc769-a1ef-4947-b157-d18de53f6cc8:192.168.5.147:39606], old=null, confs=<EMPTY_MAP>
2019-08-03 03:27:36,920 INFO  server.RaftServerConfigKeys (ConfUtils.java:logGet(43)) - raft.server.sleep.deviation.threshold = 300 (default)
2019-08-03 03:27:36,921 INFO  server.RaftServerConfigKeys (ConfUtils.java:logGet(43)) - raft.server.storage.dir = [/workdir/hadoop-ozone/integration-test/target/test-dir/MiniOzoneClusterImpl-635672ab-fed7-493b-82ca-5109a8fc1751/datanode-1/data/ratis] (custom)
2019-08-03 03:27:36,920 INFO  impl.RaftServerImpl (ServerState.java:<init>(105)) - 59e9aa64-2b95-45b1-a51e-d93ad0c94faf:group-7260441502D4 ConfigurationManager, init=-1: [59e9aa64-2b95-45b1-a51e-d93ad0c94faf:192.168.5.147:45749, 7192d506-fdd0-4cc4-a984-7423be257784:192.168.5.147:36027, 30bdc769-a1ef-4947-b157-d18de53f6cc8:192.168.5.147:39606], old=null, confs=<EMPTY_MAP>
2019-08-03 03:27:36,921 INFO  server.RaftServerConfigKeys (ConfUtils.java:logGet(43)) - raft.server.log.appender.install.snapshot.enabled = false (custom)
2019-08-03 03:27:36,921 INFO  server.RaftServerConfigKeys (ConfUtils.java:logGet(43)) - raft.server.storage.dir = [/workdir/hadoop-ozone/integration-test/target/test-dir/MiniOzoneClusterImpl-635672ab-fed7-493b-82ca-5109a8fc1751/datanode-2/data/ratis] (custom)
2019-08-03 03:27:36,921 INFO  storage.RaftStorageDirectory (RaftStorageDirectory.java:analyzeStorage(246)) - The storage directory /workdir/hadoop-ozone/integration-test/target/test-dir/MiniOzoneClusterImpl-635672ab-fed7-493b-82ca-5109a8fc1751/datanode-1/data/ratis/0d859df5-5764-41c5-90f8-7260441502d4 does not exist. Creating ...
2019-08-03 03:27:36,921 INFO  impl.RaftServerImpl (ServerState.java:<init>(105)) - 30bdc769-a1ef-4947-b157-d18de53f6cc8:group-7260441502D4 ConfigurationManager, init=-1: [59e9aa64-2b95-45b1-a51e-d93ad0c94faf:192.168.5.147:45749, 7192d506-fdd0-4cc4-a984-7423be257784:192.168.5.147:36027, 30bdc769-a1ef-4947-b157-d18de53f6cc8:192.168.5.147:39606], old=null, confs=<EMPTY_MAP>
2019-08-03 03:27:36,921 INFO  storage.RaftStorageDirectory (RaftStorageDirectory.java:analyzeStorage(246)) - The storage directory /workdir/hadoop-ozone/integration-test/target/test-dir/MiniOzoneClusterImpl-635672ab-fed7-493b-82ca-5109a8fc1751/datanode-2/data/ratis/0d859df5-5764-41c5-90f8-7260441502d4 does not exist. Creating ...
2019-08-03 03:27:36,922 INFO  server.RaftServerConfigKeys (ConfUtils.java:logGet(43)) - raft.server.storage.dir = [/workdir/hadoop-ozone/integration-test/target/test-dir/MiniOzoneClusterImpl-635672ab-fed7-493b-82ca-5109a8fc1751/datanode-0/data/ratis] (custom)
2019-08-03 03:27:36,922 INFO  storage.RaftStorageDirectory (RaftStorageDirectory.java:analyzeStorage(246)) - The storage directory /workdir/hadoop-ozone/integration-test/target/test-dir/MiniOzoneClusterImpl-635672ab-fed7-493b-82ca-5109a8fc1751/datanode-0/data/ratis/0d859df5-5764-41c5-90f8-7260441502d4 does not exist. Creating ...
2019-08-03 03:27:36,925 INFO  storage.RaftStorageDirectory (RaftStorageDirectory.java:tryLock(328)) - Lock on /workdir/hadoop-ozone/integration-test/target/test-dir/MiniOzoneClusterImpl-635672ab-fed7-493b-82ca-5109a8fc1751/datanode-0/data/ratis/0d859df5-5764-41c5-90f8-7260441502d4/in_use.lock acquired by nodename 24336@byscane-nightly-b86qh-2100283676
2019-08-03 03:27:36,925 INFO  storage.RaftStorageDirectory (RaftStorageDirectory.java:tryLock(328)) - Lock on /workdir/hadoop-ozone/integration-test/target/test-dir/MiniOzoneClusterImpl-635672ab-fed7-493b-82ca-5109a8fc1751/datanode-2/data/ratis/0d859df5-5764-41c5-90f8-7260441502d4/in_use.lock acquired by nodename 24336@byscane-nightly-b86qh-2100283676
2019-08-03 03:27:36,925 INFO  storage.RaftStorageDirectory (RaftStorageDirectory.java:tryLock(328)) - Lock on /workdir/hadoop-ozone/integration-test/target/test-dir/MiniOzoneClusterImpl-635672ab-fed7-493b-82ca-5109a8fc1751/datanode-1/data/ratis/0d859df5-5764-41c5-90f8-7260441502d4/in_use.lock acquired by nodename 24336@byscane-nightly-b86qh-2100283676
2019-08-03 03:27:36,932 INFO  storage.RaftStorage (RaftStorage.java:format(72)) - Storage directory /workdir/hadoop-ozone/integration-test/target/test-dir/MiniOzoneClusterImpl-635672ab-fed7-493b-82ca-5109a8fc1751/datanode-1/data/ratis/0d859df5-5764-41c5-90f8-7260441502d4 has been successfully formatted.
2019-08-03 03:27:36,932 INFO  storage.RaftStorage (RaftStorage.java:format(72)) - Storage directory /workdir/hadoop-ozone/integration-test/target/test-dir/MiniOzoneClusterImpl-635672ab-fed7-493b-82ca-5109a8fc1751/datanode-0/data/ratis/0d859df5-5764-41c5-90f8-7260441502d4 has been successfully formatted.
2019-08-03 03:27:36,932 INFO  storage.RaftStorage (RaftStorage.java:format(72)) - Storage directory /workdir/hadoop-ozone/integration-test/target/test-dir/MiniOzoneClusterImpl-635672ab-fed7-493b-82ca-5109a8fc1751/datanode-2/data/ratis/0d859df5-5764-41c5-90f8-7260441502d4 has been successfully formatted.
2019-08-03 03:27:36,932 INFO  ratis.ContainerStateMachine (ContainerStateMachine.java:loadSnapshot(213)) - group-7260441502D4: The snapshot info is null. Setting the last applied indexto:(t:0, i:~)
2019-08-03 03:27:36,932 INFO  ratis.ContainerStateMachine (ContainerStateMachine.java:loadSnapshot(213)) - group-7260441502D4: The snapshot info is null. Setting the last applied indexto:(t:0, i:~)
2019-08-03 03:27:36,932 INFO  server.RaftServerConfigKeys (ConfUtils.java:logGet(43)) - raft.server.leader.election.timeout = 120s (custom)
2019-08-03 03:27:36,932 INFO  ratis.ContainerStateMachine (ContainerStateMachine.java:loadSnapshot(213)) - group-7260441502D4: The snapshot info is null. Setting the last applied indexto:(t:0, i:~)
2019-08-03 03:27:36,933 INFO  server.RaftServerConfigKeys (ConfUtils.java:logGet(43)) - raft.server.log.use.memory = false (default)
2019-08-03 03:27:36,932 INFO  server.RaftServerConfigKeys (ConfUtils.java:logGet(43)) - raft.server.leader.election.timeout = 120s (custom)
2019-08-03 03:27:36,933 INFO  server.RaftServerConfigKeys (ConfUtils.java:logGet(43)) - raft.server.log.purge.gap = 1000000000 (custom)
2019-08-03 03:27:36,933 INFO  server.RaftServerConfigKeys (ConfUtils.java:logGet(43)) - raft.server.leader.election.timeout = 120s (custom)
2019-08-03 03:27:36,933 INFO  server.RaftServerConfigKeys (ConfUtils.java:logGet(43)) - raft.server.log.appender.buffer.byte-limit = 33554432 (custom)
2019-08-03 03:27:36,933 INFO  server.RaftServerConfigKeys (ConfUtils.java:logGet(43)) - raft.server.log.use.memory = false (default)
2019-08-03 03:27:36,933 INFO  server.RaftServerConfigKeys (ConfUtils.java:logGet(43)) - raft.server.log.segment.size.max = 1048576 (custom)
2019-08-03 03:27:36,933 INFO  server.RaftServerConfigKeys (ConfUtils.java:logGet(43)) - raft.server.log.use.memory = false (default)
2019-08-03 03:27:36,934 INFO  server.RaftServerConfigKeys (ConfUtils.java:logGet(43)) - raft.server.log.segment.cache.num.max = 2 (custom)
2019-08-03 03:27:36,934 INFO  server.RaftServerConfigKeys (ConfUtils.java:logGet(43)) - raft.server.log.purge.gap = 1000000000 (custom)
2019-08-03 03:27:36,934 INFO  segmented.SegmentedRaftLogWorker (SegmentedRaftLogWorker.java:<init>(172)) - new 30bdc769-a1ef-4947-b157-d18de53f6cc8-SegmentedRaftLogWorker:Storage Directory /workdir/hadoop-ozone/integration-test/target/test-dir/MiniOzoneClusterImpl-635672ab-fed7-493b-82ca-5109a8fc1751/datanode-0/data/ratis/0d859df5-5764-41c5-90f8-7260441502d4 for RaftStorage:Storage Directory /workdir/hadoop-ozone/integration-test/target/test-dir/MiniOzoneClusterImpl-635672ab-fed7-493b-82ca-5109a8fc1751/datanode-0/data/ratis/0d859df5-5764-41c5-90f8-7260441502d4
2019-08-03 03:27:36,934 INFO  server.RaftServerConfigKeys (ConfUtils.java:logGet(43)) - raft.server.log.purge.gap = 1000000000 (custom)
2019-08-03 03:27:36,934 INFO  server.RaftServerConfigKeys (ConfUtils.java:logGet(43)) - raft.server.log.queue.byte-limit = 2147483647 (custom)
2019-08-03 03:27:36,934 INFO  server.RaftServerConfigKeys (ConfUtils.java:logGet(43)) - raft.server.log.appender.buffer.byte-limit = 33554432 (custom)
2019-08-03 03:27:36,937 INFO  server.RaftServerConfigKeys (ConfUtils.java:logGet(43)) - raft.server.log.queue.element-limit = 1024 (custom)
2019-08-03 03:27:36,937 INFO  server.RaftServerConfigKeys (ConfUtils.java:logGet(43)) - raft.server.log.appender.buffer.byte-limit = 33554432 (custom)
2019-08-03 03:27:36,937 INFO  server.RaftServerConfigKeys (ConfUtils.java:logGet(43)) - raft.server.log.segment.size.max = 1048576 (custom)
2019-08-03 03:27:36,937 INFO  server.RaftServerConfigKeys (ConfUtils.java:logGet(43)) - raft.server.log.segment.size.max = 1048576 (custom)
2019-08-03 03:27:36,937 INFO  server.RaftServerConfigKeys (ConfUtils.java:logGet(43)) - raft.server.log.preallocated.size = 16384 (custom)
2019-08-03 03:27:36,937 INFO  server.RaftServerConfigKeys (ConfUtils.java:logGet(43)) - raft.server.log.segment.size.max = 1048576 (custom)
2019-08-03 03:27:36,938 INFO  server.RaftServerConfigKeys (ConfUtils.java:logGet(43)) - raft.server.log.write.buffer.size = 33554432 (custom)
2019-08-03 03:27:36,938 INFO  server.RaftServerConfigKeys (ConfUtils.java:logGet(43)) - raft.server.log.segment.cache.num.max = 2 (custom)
2019-08-03 03:27:36,938 INFO  server.RaftServerConfigKeys (ConfUtils.java:logGet(43)) - raft.server.log.force.sync.num = 128 (default)
2019-08-03 03:27:36,938 INFO  server.RaftServerConfigKeys (ConfUtils.java:logGet(43)) - raft.server.log.segment.cache.num.max = 2 (custom)
2019-08-03 03:27:36,938 INFO  server.RaftServerConfigKeys (ConfUtils.java:logGet(43)) - raft.server.log.statemachine.data.sync = true (default)
2019-08-03 03:27:36,938 INFO  segmented.SegmentedRaftLogWorker (SegmentedRaftLogWorker.java:<init>(172)) - new 7192d506-fdd0-4cc4-a984-7423be257784-SegmentedRaftLogWorker:Storage Directory /workdir/hadoop-ozone/integration-test/target/test-dir/MiniOzoneClusterImpl-635672ab-fed7-493b-82ca-5109a8fc1751/datanode-1/data/ratis/0d859df5-5764-41c5-90f8-7260441502d4 for RaftStorage:Storage Directory /workdir/hadoop-ozone/integration-test/target/test-dir/MiniOzoneClusterImpl-635672ab-fed7-493b-82ca-5109a8fc1751/datanode-1/data/ratis/0d859df5-5764-41c5-90f8-7260441502d4
2019-08-03 03:27:36,939 INFO  server.RaftServerConfigKeys (ConfUtils.java:logGet(43)) - raft.server.log.statemachine.data.sync.timeout = 10s (default)
2019-08-03 03:27:36,939 INFO  segmented.SegmentedRaftLogWorker (SegmentedRaftLogWorker.java:<init>(172)) - new 59e9aa64-2b95-45b1-a51e-d93ad0c94faf-SegmentedRaftLogWorker:Storage Directory /workdir/hadoop-ozone/integration-test/target/test-dir/MiniOzoneClusterImpl-635672ab-fed7-493b-82ca-5109a8fc1751/datanode-2/data/ratis/0d859df5-5764-41c5-90f8-7260441502d4 for RaftStorage:Storage Directory /workdir/hadoop-ozone/integration-test/target/test-dir/MiniOzoneClusterImpl-635672ab-fed7-493b-82ca-5109a8fc1751/datanode-2/data/ratis/0d859df5-5764-41c5-90f8-7260441502d4
2019-08-03 03:27:36,939 INFO  server.RaftServerConfigKeys (ConfUtils.java:logGet(43)) - raft.server.log.statemachine.data.sync.timeout.retry = -1 (default)
2019-08-03 03:27:36,939 INFO  server.RaftServerConfigKeys (ConfUtils.java:logGet(43)) - raft.server.log.queue.byte-limit = 2147483647 (custom)
2019-08-03 03:27:36,950 INFO  server.RaftServerConfigKeys (ConfUtils.java:logGet(43)) - raft.server.log.statemachine.data.caching.enabled = true (custom)
2019-08-03 03:27:36,946 INFO  server.RaftServerConfigKeys (ConfUtils.java:logGet(43)) - raft.server.log.queue.byte-limit = 2147483647 (custom)
2019-08-03 03:27:36,950 INFO  server.RaftServerConfigKeys (ConfUtils.java:logGet(43)) - raft.server.log.queue.element-limit = 1024 (custom)
2019-08-03 03:27:36,950 INFO  segmented.SegmentedRaftLogWorker (SegmentedRaftLogWorker.java:lambda$new$0(132)) - 30bdc769-a1ef-4947-b157-d18de53f6cc8-SegmentedRaftLogWorker:Storage Directory /workdir/hadoop-ozone/integration-test/target/test-dir/MiniOzoneClusterImpl-635672ab-fed7-493b-82ca-5109a8fc1751/datanode-0/data/ratis/0d859df5-5764-41c5-90f8-7260441502d4: flushIndex: setUnconditionally 0 -> -1
2019-08-03 03:27:36,950 INFO  server.RaftServerConfigKeys (ConfUtils.java:logGet(43)) - raft.server.log.queue.element-limit = 1024 (custom)
2019-08-03 03:27:36,950 INFO  server.RaftServerConfigKeys (ConfUtils.java:logGet(43)) - raft.server.log.segment.size.max = 1048576 (custom)
2019-08-03 03:27:36,951 INFO  server.RaftServerConfigKeys (ConfUtils.java:logGet(43)) - raft.server.snapshot.auto.trigger.enabled = true (custom)
2019-08-03 03:27:36,951 INFO  server.RaftServerConfigKeys (ConfUtils.java:logGet(43)) - raft.server.log.segment.size.max = 1048576 (custom)
2019-08-03 03:27:36,951 INFO  server.RaftServerConfigKeys (ConfUtils.java:logGet(43)) - raft.server.snapshot.auto.trigger.threshold = 10000 (custom)
2019-08-03 03:27:36,951 INFO  server.RaftServerConfigKeys (ConfUtils.java:logGet(43)) - raft.server.log.preallocated.size = 16384 (custom)
2019-08-03 03:27:36,951 INFO  server.RaftServerConfigKeys (ConfUtils.java:logGet(43)) - raft.server.retrycache.expirytime = 600000ms (custom)
2019-08-03 03:27:36,951 INFO  server.RaftServerConfigKeys (ConfUtils.java:logGet(43)) - raft.server.log.preallocated.size = 16384 (custom)
2019-08-03 03:27:36,952 INFO  impl.RaftServerImpl (RaftServerImpl.java:start(180)) - 30bdc769-a1ef-4947-b157-d18de53f6cc8: start group-7260441502D4
2019-08-03 03:27:36,951 INFO  server.RaftServerConfigKeys (ConfUtils.java:logGet(43)) - raft.server.log.write.buffer.size = 33554432 (custom)
2019-08-03 03:27:36,952 INFO  impl.RaftServerImpl (RaftServerImpl.java:setRole(171)) - 30bdc769-a1ef-4947-b157-d18de53f6cc8:group-7260441502D4 changes role from null to FOLLOWER at term 0 for startAsFollower
2019-08-03 03:27:36,952 INFO  server.RaftServerConfigKeys (ConfUtils.java:logGet(43)) - raft.server.log.write.buffer.size = 33554432 (custom)
2019-08-03 03:27:36,952 INFO  impl.RoleInfo (RoleInfo.java:updateAndGet(143)) - 30bdc769-a1ef-4947-b157-d18de53f6cc8: start FollowerState
2019-08-03 03:27:36,952 INFO  server.RaftServerConfigKeys (ConfUtils.java:logGet(43)) - raft.server.log.force.sync.num = 128 (default)
2019-08-03 03:27:36,952 INFO  server.RaftServerConfigKeys (ConfUtils.java:logGet(43)) - raft.server.log.force.sync.num = 128 (default)
2019-08-03 03:27:36,953 INFO  util.JmxRegister (JmxRegister.java:tryRegister(44)) - Successfully registered JMX Bean with object name Ratis:service=RaftServer,group=group-7260441502D4,id=30bdc769-a1ef-4947-b157-d18de53f6cc8
2019-08-03 03:27:36,953 INFO  server.RaftServerConfigKeys (ConfUtils.java:logGet(43)) - raft.server.log.statemachine.data.sync = true (default)
2019-08-03 03:27:36,953 INFO  server.RaftServerConfigKeys (ConfUtils.java:logGet(43)) - raft.server.log.statemachine.data.sync = true (default)
2019-08-03 03:27:36,953 INFO  server.RaftServerConfigKeys (ConfUtils.java:logGet(43)) - raft.server.log.statemachine.data.sync.timeout = 10s (default)
2019-08-03 03:27:36,953 INFO  server.RaftServerConfigKeys (ConfUtils.java:logGet(43)) - raft.server.log.statemachine.data.sync.timeout = 10s (default)
2019-08-03 03:27:36,954 INFO  server.RaftServerConfigKeys (ConfUtils.java:logGet(43)) - raft.server.log.statemachine.data.sync.timeout.retry = -1 (default)
2019-08-03 03:27:36,954 INFO  server.RaftServerConfigKeys (ConfUtils.java:logGet(43)) - raft.server.log.statemachine.data.sync.timeout.retry = -1 (default)
2019-08-03 03:27:36,954 INFO  server.RaftServerConfigKeys (ConfUtils.java:logGet(43)) - raft.server.log.statemachine.data.caching.enabled = true (custom)
2019-08-03 03:27:36,954 INFO  server.RaftServerConfigKeys (ConfUtils.java:logGet(43)) - raft.server.log.statemachine.data.caching.enabled = true (custom)
2019-08-03 03:27:36,954 INFO  segmented.SegmentedRaftLogWorker (SegmentedRaftLogWorker.java:lambda$new$0(132)) - 7192d506-fdd0-4cc4-a984-7423be257784-SegmentedRaftLogWorker:Storage Directory /workdir/hadoop-ozone/integration-test/target/test-dir/MiniOzoneClusterImpl-635672ab-fed7-493b-82ca-5109a8fc1751/datanode-1/data/ratis/0d859df5-5764-41c5-90f8-7260441502d4: flushIndex: setUnconditionally 0 -> -1
2019-08-03 03:27:36,954 INFO  segmented.SegmentedRaftLogWorker (SegmentedRaftLogWorker.java:lambda$new$0(132)) - 59e9aa64-2b95-45b1-a51e-d93ad0c94faf-SegmentedRaftLogWorker:Storage Directory /workdir/hadoop-ozone/integration-test/target/test-dir/MiniOzoneClusterImpl-635672ab-fed7-493b-82ca-5109a8fc1751/datanode-2/data/ratis/0d859df5-5764-41c5-90f8-7260441502d4: flushIndex: setUnconditionally 0 -> -1
2019-08-03 03:27:36,955 INFO  server.RaftServerConfigKeys (ConfUtils.java:logGet(43)) - raft.server.snapshot.auto.trigger.enabled = true (custom)
2019-08-03 03:27:36,955 INFO  server.RaftServerConfigKeys (ConfUtils.java:logGet(43)) - raft.server.snapshot.auto.trigger.threshold = 10000 (custom)
2019-08-03 03:27:36,955 INFO  server.RaftServerConfigKeys (ConfUtils.java:logGet(43)) - raft.server.snapshot.auto.trigger.enabled = true (custom)
2019-08-03 03:27:36,955 INFO  server.RaftServerConfigKeys (ConfUtils.java:logGet(43)) - raft.server.retrycache.expirytime = 600000ms (custom)
2019-08-03 03:27:36,955 INFO  server.RaftServerConfigKeys (ConfUtils.java:logGet(43)) - raft.server.snapshot.auto.trigger.threshold = 10000 (custom)
2019-08-03 03:27:36,955 INFO  impl.RaftServerImpl (RaftServerImpl.java:start(180)) - 7192d506-fdd0-4cc4-a984-7423be257784: start group-7260441502D4
2019-08-03 03:27:36,956 INFO  server.RaftServerConfigKeys (ConfUtils.java:logGet(43)) - raft.server.retrycache.expirytime = 600000ms (custom)
2019-08-03 03:27:36,956 INFO  impl.RaftServerImpl (RaftServerImpl.java:setRole(171)) - 7192d506-fdd0-4cc4-a984-7423be257784:group-7260441502D4 changes role from null to FOLLOWER at term 0 for startAsFollower
2019-08-03 03:27:36,956 INFO  impl.RaftServerImpl (RaftServerImpl.java:start(180)) - 59e9aa64-2b95-45b1-a51e-d93ad0c94faf: start group-7260441502D4
2019-08-03 03:27:36,958 INFO  impl.RoleInfo (RoleInfo.java:updateAndGet(143)) - 7192d506-fdd0-4cc4-a984-7423be257784: start FollowerState
2019-08-03 03:27:36,958 INFO  impl.RaftServerImpl (RaftServerImpl.java:setRole(171)) - 59e9aa64-2b95-45b1-a51e-d93ad0c94faf:group-7260441502D4 changes role from null to FOLLOWER at term 0 for startAsFollower
2019-08-03 03:27:36,958 INFO  impl.RoleInfo (RoleInfo.java:updateAndGet(143)) - 59e9aa64-2b95-45b1-a51e-d93ad0c94faf: start FollowerState
2019-08-03 03:27:36,959 INFO  util.JmxRegister (JmxRegister.java:tryRegister(44)) - Successfully registered JMX Bean with object name Ratis:service=RaftServer,group=group-7260441502D4,id=7192d506-fdd0-4cc4-a984-7423be257784
2019-08-03 03:27:36,963 INFO  util.JmxRegister (JmxRegister.java:tryRegister(44)) - Successfully registered JMX Bean with object name Ratis:service=RaftServer,group=group-7260441502D4,id=59e9aa64-2b95-45b1-a51e-d93ad0c94faf
2019-08-03 03:27:36,989 INFO  pipeline.PipelineStateManager (PipelineStateManager.java:addPipeline(56)) - Created pipeline Pipeline[ Id: 0d859df5-5764-41c5-90f8-7260441502d4, Nodes: 30bdc769-a1ef-4947-b157-d18de53f6cc8{ip: 192.168.5.147, host: byscane-nightly-b86qh-2100283676, networkLocation: /default-rack, certSerialId: null}7192d506-fdd0-4cc4-a984-7423be257784{ip: 192.168.5.147, host: byscane-nightly-b86qh-2100283676, networkLocation: /default-rack, certSerialId: null}59e9aa64-2b95-45b1-a51e-d93ad0c94faf{ip: 192.168.5.147, host: byscane-nightly-b86qh-2100283676, networkLocation: /default-rack, certSerialId: null}, Type:RATIS, Factor:THREE, State:OPEN]
2019-08-03 03:27:37,807 INFO  ozone.MiniOzoneClusterImpl (MiniOzoneClusterImpl.java:lambda$waitForClusterToBeReady$0(142)) - Cluster is ready. Got 3 of 3 DN Heartbeats.
2019-08-03 03:27:39,401 INFO  container.ReplicationManager (ReplicationManager.java:start(155)) - Starting Replication Monitor Thread.
2019-08-03 03:27:39,406 INFO  container.ReplicationManager (ReplicationManager.java:run(207)) - Replication Monitor Thread took 0 milliseconds for processing 0 containers.
2019-08-03 03:27:41,598 INFO  impl.FollowerState (FollowerState.java:run(106)) - 30bdc769-a1ef-4947-b157-d18de53f6cc8:group-7D5FC5222127 changes to CANDIDATE, lastRpcTime:5158, electionTimeout:5158ms
2019-08-03 03:27:41,598 INFO  impl.RoleInfo (RoleInfo.java:shutdownFollowerState(121)) - 30bdc769-a1ef-4947-b157-d18de53f6cc8: shutdown FollowerState
2019-08-03 03:27:41,599 INFO  impl.RaftServerImpl (RaftServerImpl.java:setRole(171)) - 30bdc769-a1ef-4947-b157-d18de53f6cc8:group-7D5FC5222127 changes role from FOLLOWER to CANDIDATE at term 0 for changeToCandidate
2019-08-03 03:27:41,599 INFO  impl.RoleInfo (RoleInfo.java:updateAndGet(143)) - 30bdc769-a1ef-4947-b157-d18de53f6cc8: start LeaderElection
2019-08-03 03:27:41,609 INFO  impl.LeaderElection (LeaderElection.java:askForVotes(181)) - 30bdc769-a1ef-4947-b157-d18de53f6cc8:group-7D5FC5222127:LeaderElection9: begin an election at term 1 for -1: [30bdc769-a1ef-4947-b157-d18de53f6cc8:192.168.5.147:39606], old=null
2019-08-03 03:27:41,609 INFO  impl.RoleInfo (RoleInfo.java:shutdownLeaderElection(134)) - 30bdc769-a1ef-4947-b157-d18de53f6cc8: shutdown LeaderElection
2019-08-03 03:27:41,610 INFO  impl.RaftServerImpl (RaftServerImpl.java:setRole(171)) - 30bdc769-a1ef-4947-b157-d18de53f6cc8:group-7D5FC5222127 changes role from CANDIDATE to LEADER at term 1 for changeToLeader
2019-08-03 03:27:41,610 INFO  impl.RaftServerImpl (ServerState.java:setLeader(263)) - 30bdc769-a1ef-4947-b157-d18de53f6cc8:group-7D5FC5222127 change Leader from null to 30bdc769-a1ef-4947-b157-d18de53f6cc8 at term 1 for becomeLeader, leader elected after 5175ms
2019-08-03 03:27:41,610 INFO  server.RaftServerConfigKeys (ConfUtils.java:logGet(43)) - raft.server.staging.catchup.gap = 1000 (default)
2019-08-03 03:27:41,610 INFO  server.RaftServerConfigKeys (ConfUtils.java:logGet(43)) - raft.server.rpc.sleep.time = 25ms (default)
2019-08-03 03:27:41,610 INFO  server.RaftServerConfigKeys (ConfUtils.java:logGet(43)) - raft.server.write.element-limit = 4096 (default)
2019-08-03 03:27:41,610 INFO  server.RaftServerConfigKeys (ConfUtils.java:logGet(43)) - raft.server.watch.timeout = 10s (default)
2019-08-03 03:27:41,610 INFO  server.RaftServerConfigKeys (ConfUtils.java:logGet(43)) - raft.server.watch.timeout.denomination = 1s (default)
2019-08-03 03:27:41,610 INFO  server.RaftServerConfigKeys (ConfUtils.java:logGet(43)) - raft.server.watch.element-limit = 65536 (default)
2019-08-03 03:27:41,611 INFO  impl.RoleInfo (RoleInfo.java:updateAndGet(143)) - 30bdc769-a1ef-4947-b157-d18de53f6cc8: start LeaderState
2019-08-03 03:27:41,611 INFO  segmented.SegmentedRaftLogWorker (SegmentedRaftLogWorker.java:startLogSegment(380)) - 30bdc769-a1ef-4947-b157-d18de53f6cc8-SegmentedRaftLogWorker:Storage Directory /workdir/hadoop-ozone/integration-test/target/test-dir/MiniOzoneClusterImpl-635672ab-fed7-493b-82ca-5109a8fc1751/datanode-0/data/ratis/ff6ff597-103c-48a4-ac69-7d5fc5222127: Starting segment from index:0
2019-08-03 03:27:41,611 INFO  impl.RaftServerImpl (ServerState.java:setRaftConf(361)) - 30bdc769-a1ef-4947-b157-d18de53f6cc8:group-7D5FC5222127 set configuration 0: [30bdc769-a1ef-4947-b157-d18de53f6cc8:192.168.5.147:39606], old=null at 0
2019-08-03 03:27:41,639 INFO  segmented.SegmentedRaftLogWorker (SegmentedRaftLogWorker.java:execute(569)) - 30bdc769-a1ef-4947-b157-d18de53f6cc8-SegmentedRaftLogWorker:Storage Directory /workdir/hadoop-ozone/integration-test/target/test-dir/MiniOzoneClusterImpl-635672ab-fed7-493b-82ca-5109a8fc1751/datanode-0/data/ratis/ff6ff597-103c-48a4-ac69-7d5fc5222127: created new log segment /workdir/hadoop-ozone/integration-test/target/test-dir/MiniOzoneClusterImpl-635672ab-fed7-493b-82ca-5109a8fc1751/datanode-0/data/ratis/ff6ff597-103c-48a4-ac69-7d5fc5222127/current/log_inprogress_0
2019-08-03 03:27:41,838 INFO  impl.FollowerState (FollowerState.java:run(106)) - 7192d506-fdd0-4cc4-a984-7423be257784:group-74CFB348761E changes to CANDIDATE, lastRpcTime:5181, electionTimeout:5181ms
2019-08-03 03:27:41,838 INFO  impl.RoleInfo (RoleInfo.java:shutdownFollowerState(121)) - 7192d506-fdd0-4cc4-a984-7423be257784: shutdown FollowerState
2019-08-03 03:27:41,838 INFO  impl.RaftServerImpl (RaftServerImpl.java:setRole(171)) - 7192d506-fdd0-4cc4-a984-7423be257784:group-74CFB348761E changes role from FOLLOWER to CANDIDATE at term 0 for changeToCandidate
2019-08-03 03:27:41,838 INFO  impl.RoleInfo (RoleInfo.java:updateAndGet(143)) - 7192d506-fdd0-4cc4-a984-7423be257784: start LeaderElection
2019-08-03 03:27:41,849 INFO  impl.LeaderElection (LeaderElection.java:askForVotes(181)) - 7192d506-fdd0-4cc4-a984-7423be257784:group-74CFB348761E:LeaderElection10: begin an election at term 1 for -1: [7192d506-fdd0-4cc4-a984-7423be257784:192.168.5.147:36027], old=null
2019-08-03 03:27:41,850 INFO  impl.RoleInfo (RoleInfo.java:shutdownLeaderElection(134)) - 7192d506-fdd0-4cc4-a984-7423be257784: shutdown LeaderElection
2019-08-03 03:27:41,851 INFO  impl.RaftServerImpl (RaftServerImpl.java:setRole(171)) - 7192d506-fdd0-4cc4-a984-7423be257784:group-74CFB348761E changes role from CANDIDATE to LEADER at term 1 for changeToLeader
2019-08-03 03:27:41,851 INFO  impl.RaftServerImpl (ServerState.java:setLeader(263)) - 7192d506-fdd0-4cc4-a984-7423be257784:group-74CFB348761E change Leader from null to 7192d506-fdd0-4cc4-a984-7423be257784 at term 1 for becomeLeader, leader elected after 5200ms
2019-08-03 03:27:41,851 INFO  server.RaftServerConfigKeys (ConfUtils.java:logGet(43)) - raft.server.staging.catchup.gap = 1000 (default)
2019-08-03 03:27:41,851 INFO  server.RaftServerConfigKeys (ConfUtils.java:logGet(43)) - raft.server.rpc.sleep.time = 25ms (default)
2019-08-03 03:27:41,851 INFO  server.RaftServerConfigKeys (ConfUtils.java:logGet(43)) - raft.server.write.element-limit = 4096 (default)
2019-08-03 03:27:41,851 INFO  server.RaftServerConfigKeys (ConfUtils.java:logGet(43)) - raft.server.watch.timeout = 10s (default)
2019-08-03 03:27:41,852 INFO  server.RaftServerConfigKeys (ConfUtils.java:logGet(43)) - raft.server.watch.timeout.denomination = 1s (default)
2019-08-03 03:27:41,852 INFO  server.RaftServerConfigKeys (ConfUtils.java:logGet(43)) - raft.server.watch.element-limit = 65536 (default)
2019-08-03 03:27:41,852 INFO  impl.RoleInfo (RoleInfo.java:updateAndGet(143)) - 7192d506-fdd0-4cc4-a984-7423be257784: start LeaderState
2019-08-03 03:27:41,852 INFO  segmented.SegmentedRaftLogWorker (SegmentedRaftLogWorker.java:startLogSegment(380)) - 7192d506-fdd0-4cc4-a984-7423be257784-SegmentedRaftLogWorker:Storage Directory /workdir/hadoop-ozone/integration-test/target/test-dir/MiniOzoneClusterImpl-635672ab-fed7-493b-82ca-5109a8fc1751/datanode-1/data/ratis/0c780f07-542d-4b0f-aae0-74cfb348761e: Starting segment from index:0
2019-08-03 03:27:41,853 INFO  impl.RaftServerImpl (ServerState.java:setRaftConf(361)) - 7192d506-fdd0-4cc4-a984-7423be257784:group-74CFB348761E set configuration 0: [7192d506-fdd0-4cc4-a984-7423be257784:192.168.5.147:36027], old=null at 0
2019-08-03 03:27:41,872 INFO  segmented.SegmentedRaftLogWorker (SegmentedRaftLogWorker.java:execute(569)) - 7192d506-fdd0-4cc4-a984-7423be257784-SegmentedRaftLogWorker:Storage Directory /workdir/hadoop-ozone/integration-test/target/test-dir/MiniOzoneClusterImpl-635672ab-fed7-493b-82ca-5109a8fc1751/datanode-1/data/ratis/0c780f07-542d-4b0f-aae0-74cfb348761e: created new log segment /workdir/hadoop-ozone/integration-test/target/test-dir/MiniOzoneClusterImpl-635672ab-fed7-493b-82ca-5109a8fc1751/datanode-1/data/ratis/0c780f07-542d-4b0f-aae0-74cfb348761e/current/log_inprogress_0
2019-08-03 03:27:41,967 INFO  impl.FollowerState (FollowerState.java:run(106)) - 59e9aa64-2b95-45b1-a51e-d93ad0c94faf:group-9B093729BA9C changes to CANDIDATE, lastRpcTime:5114, electionTimeout:5114ms
2019-08-03 03:27:41,967 INFO  impl.RoleInfo (RoleInfo.java:shutdownFollowerState(121)) - 59e9aa64-2b95-45b1-a51e-d93ad0c94faf: shutdown FollowerState
2019-08-03 03:27:41,967 INFO  impl.RaftServerImpl (RaftServerImpl.java:setRole(171)) - 59e9aa64-2b95-45b1-a51e-d93ad0c94faf:group-9B093729BA9C changes role from FOLLOWER to CANDIDATE at term 0 for changeToCandidate
2019-08-03 03:27:41,967 INFO  impl.RoleInfo (RoleInfo.java:updateAndGet(143)) - 59e9aa64-2b95-45b1-a51e-d93ad0c94faf: start LeaderElection
2019-08-03 03:27:41,991 INFO  impl.LeaderElection (LeaderElection.java:askForVotes(181)) - 59e9aa64-2b95-45b1-a51e-d93ad0c94faf:group-9B093729BA9C:LeaderElection11: begin an election at term 1 for -1: [59e9aa64-2b95-45b1-a51e-d93ad0c94faf:192.168.5.147:45749], old=null
2019-08-03 03:27:41,993 INFO  impl.RoleInfo (RoleInfo.java:shutdownLeaderElection(134)) - 59e9aa64-2b95-45b1-a51e-d93ad0c94faf: shutdown LeaderElection
2019-08-03 03:27:41,994 INFO  impl.RaftServerImpl (RaftServerImpl.java:setRole(171)) - 59e9aa64-2b95-45b1-a51e-d93ad0c94faf:group-9B093729BA9C changes role from CANDIDATE to LEADER at term 1 for changeToLeader
2019-08-03 03:27:41,994 INFO  impl.RaftServerImpl (ServerState.java:setLeader(263)) - 59e9aa64-2b95-45b1-a51e-d93ad0c94faf:group-9B093729BA9C change Leader from null to 59e9aa64-2b95-45b1-a51e-d93ad0c94faf at term 1 for becomeLeader, leader elected after 5146ms
2019-08-03 03:27:41,994 INFO  server.RaftServerConfigKeys (ConfUtils.java:logGet(43)) - raft.server.staging.catchup.gap = 1000 (default)
2019-08-03 03:27:41,994 INFO  server.RaftServerConfigKeys (ConfUtils.java:logGet(43)) - raft.server.rpc.sleep.time = 25ms (default)
2019-08-03 03:27:41,995 INFO  server.RaftServerConfigKeys (ConfUtils.java:logGet(43)) - raft.server.write.element-limit = 4096 (default)
2019-08-03 03:27:41,995 INFO  server.RaftServerConfigKeys (ConfUtils.java:logGet(43)) - raft.server.watch.timeout = 10s (default)
2019-08-03 03:27:41,995 INFO  server.RaftServerConfigKeys (ConfUtils.java:logGet(43)) - raft.server.watch.timeout.denomination = 1s (default)
2019-08-03 03:27:41,995 INFO  server.RaftServerConfigKeys (ConfUtils.java:logGet(43)) - raft.server.watch.element-limit = 65536 (default)
2019-08-03 03:27:41,996 INFO  impl.RoleInfo (RoleInfo.java:updateAndGet(143)) - 59e9aa64-2b95-45b1-a51e-d93ad0c94faf: start LeaderState
2019-08-03 03:27:41,996 INFO  segmented.SegmentedRaftLogWorker (SegmentedRaftLogWorker.java:startLogSegment(380)) - 59e9aa64-2b95-45b1-a51e-d93ad0c94faf-SegmentedRaftLogWorker:Storage Directory /workdir/hadoop-ozone/integration-test/target/test-dir/MiniOzoneClusterImpl-635672ab-fed7-493b-82ca-5109a8fc1751/datanode-2/data/ratis/bf723357-06dd-4214-abe1-9b093729ba9c: Starting segment from index:0
2019-08-03 03:27:41,997 INFO  impl.RaftServerImpl (ServerState.java:setRaftConf(361)) - 59e9aa64-2b95-45b1-a51e-d93ad0c94faf:group-9B093729BA9C set configuration 0: [59e9aa64-2b95-45b1-a51e-d93ad0c94faf:192.168.5.147:45749], old=null at 0
2019-08-03 03:27:42,014 INFO  impl.FollowerState (FollowerState.java:run(106)) - 30bdc769-a1ef-4947-b157-d18de53f6cc8:group-7260441502D4 changes to CANDIDATE, lastRpcTime:5061, electionTimeout:5059ms
2019-08-03 03:27:42,014 INFO  impl.RoleInfo (RoleInfo.java:shutdownFollowerState(121)) - 30bdc769-a1ef-4947-b157-d18de53f6cc8: shutdown FollowerState
2019-08-03 03:27:42,014 INFO  impl.RaftServerImpl (RaftServerImpl.java:setRole(171)) - 30bdc769-a1ef-4947-b157-d18de53f6cc8:group-7260441502D4 changes role from FOLLOWER to CANDIDATE at term 0 for changeToCandidate
2019-08-03 03:27:42,015 INFO  impl.RoleInfo (RoleInfo.java:updateAndGet(143)) - 30bdc769-a1ef-4947-b157-d18de53f6cc8: start LeaderElection
2019-08-03 03:27:42,022 INFO  segmented.SegmentedRaftLogWorker (SegmentedRaftLogWorker.java:execute(569)) - 59e9aa64-2b95-45b1-a51e-d93ad0c94faf-SegmentedRaftLogWorker:Storage Directory /workdir/hadoop-ozone/integration-test/target/test-dir/MiniOzoneClusterImpl-635672ab-fed7-493b-82ca-5109a8fc1751/datanode-2/data/ratis/bf723357-06dd-4214-abe1-9b093729ba9c: created new log segment /workdir/hadoop-ozone/integration-test/target/test-dir/MiniOzoneClusterImpl-635672ab-fed7-493b-82ca-5109a8fc1751/datanode-2/data/ratis/bf723357-06dd-4214-abe1-9b093729ba9c/current/log_inprogress_0
2019-08-03 03:27:42,025 INFO  impl.LeaderElection (LeaderElection.java:askForVotes(181)) - 30bdc769-a1ef-4947-b157-d18de53f6cc8:group-7260441502D4:LeaderElection12: begin an election at term 1 for -1: [59e9aa64-2b95-45b1-a51e-d93ad0c94faf:192.168.5.147:45749, 7192d506-fdd0-4cc4-a984-7423be257784:192.168.5.147:36027, 30bdc769-a1ef-4947-b157-d18de53f6cc8:192.168.5.147:39606], old=null
2019-08-03 03:27:42,047 INFO  impl.FollowerState (FollowerState.java:run(106)) - 59e9aa64-2b95-45b1-a51e-d93ad0c94faf:group-7260441502D4 changes to CANDIDATE, lastRpcTime:5088, electionTimeout:5085ms
2019-08-03 03:27:42,049 INFO  impl.RoleInfo (RoleInfo.java:shutdownFollowerState(121)) - 59e9aa64-2b95-45b1-a51e-d93ad0c94faf: shutdown FollowerState
2019-08-03 03:27:42,049 INFO  impl.RaftServerImpl (RaftServerImpl.java:setRole(171)) - 59e9aa64-2b95-45b1-a51e-d93ad0c94faf:group-7260441502D4 changes role from FOLLOWER to CANDIDATE at term 0 for changeToCandidate
2019-08-03 03:27:42,050 INFO  impl.RoleInfo (RoleInfo.java:updateAndGet(143)) - 59e9aa64-2b95-45b1-a51e-d93ad0c94faf: start LeaderElection
2019-08-03 03:27:42,073 INFO  impl.LeaderElection (LeaderElection.java:askForVotes(181)) - 59e9aa64-2b95-45b1-a51e-d93ad0c94faf:group-7260441502D4:LeaderElection13: begin an election at term 1 for -1: [59e9aa64-2b95-45b1-a51e-d93ad0c94faf:192.168.5.147:45749, 7192d506-fdd0-4cc4-a984-7423be257784:192.168.5.147:36027, 30bdc769-a1ef-4947-b157-d18de53f6cc8:192.168.5.147:39606], old=null
2019-08-03 03:27:42,074 INFO  impl.RaftServerImpl (RaftServerImpl.java:setRole(171)) - 7192d506-fdd0-4cc4-a984-7423be257784:group-7260441502D4 changes role from FOLLOWER to FOLLOWER at term 1 for recognizeCandidate:30bdc769-a1ef-4947-b157-d18de53f6cc8
2019-08-03 03:27:42,074 INFO  impl.RoleInfo (RoleInfo.java:shutdownFollowerState(121)) - 7192d506-fdd0-4cc4-a984-7423be257784: shutdown FollowerState
2019-08-03 03:27:42,074 INFO  impl.RoleInfo (RoleInfo.java:updateAndGet(143)) - 7192d506-fdd0-4cc4-a984-7423be257784: start FollowerState
2019-08-03 03:27:42,074 INFO  impl.FollowerState (FollowerState.java:run(114)) - 7192d506-fdd0-4cc4-a984-7423be257784: FollowerState was interrupted: java.lang.InterruptedException: sleep interrupted
2019-08-03 03:27:42,108 INFO  impl.LeaderElection (LeaderElection.java:logAndReturn(56)) - 30bdc769-a1ef-4947-b157-d18de53f6cc8:group-7260441502D4:LeaderElection12: Election PASSED; received 2 response(s) [30bdc769-a1ef-4947-b157-d18de53f6cc8<-59e9aa64-2b95-45b1-a51e-d93ad0c94faf#0:FAIL-t1, 30bdc769-a1ef-4947-b157-d18de53f6cc8<-7192d506-fdd0-4cc4-a984-7423be257784#0:OK-t1] and 0 exception(s); 30bdc769-a1ef-4947-b157-d18de53f6cc8:t1, leader=null, voted=30bdc769-a1ef-4947-b157-d18de53f6cc8, raftlog=30bdc769-a1ef-4947-b157-d18de53f6cc8-SegmentedRaftLog:OPENED:c-1,f-1,i0, conf=-1: [59e9aa64-2b95-45b1-a51e-d93ad0c94faf:192.168.5.147:45749, 7192d506-fdd0-4cc4-a984-7423be257784:192.168.5.147:36027, 30bdc769-a1ef-4947-b157-d18de53f6cc8:192.168.5.147:39606], old=null
2019-08-03 03:27:42,109 INFO  impl.RoleInfo (RoleInfo.java:shutdownLeaderElection(134)) - 30bdc769-a1ef-4947-b157-d18de53f6cc8: shutdown LeaderElection
2019-08-03 03:27:42,112 INFO  impl.RaftServerImpl (RaftServerImpl.java:setRole(171)) - 30bdc769-a1ef-4947-b157-d18de53f6cc8:group-7260441502D4 changes role from CANDIDATE to LEADER at term 1 for changeToLeader
2019-08-03 03:27:42,112 INFO  impl.RaftServerImpl (ServerState.java:setLeader(263)) - 30bdc769-a1ef-4947-b157-d18de53f6cc8:group-7260441502D4 change Leader from null to 30bdc769-a1ef-4947-b157-d18de53f6cc8 at term 1 for becomeLeader, leader elected after 5179ms
2019-08-03 03:27:42,112 INFO  server.RaftServerConfigKeys (ConfUtils.java:logGet(43)) - raft.server.staging.catchup.gap = 1000 (default)
2019-08-03 03:27:42,114 INFO  server.RaftServerConfigKeys (ConfUtils.java:logGet(43)) - raft.server.rpc.sleep.time = 25ms (default)
2019-08-03 03:27:42,114 INFO  server.RaftServerConfigKeys (ConfUtils.java:logGet(43)) - raft.server.write.element-limit = 4096 (default)
2019-08-03 03:27:42,114 INFO  server.RaftServerConfigKeys (ConfUtils.java:logGet(43)) - raft.server.watch.timeout = 10s (default)
2019-08-03 03:27:42,114 INFO  server.RaftServerConfigKeys (ConfUtils.java:logGet(43)) - raft.server.watch.timeout.denomination = 1s (default)
2019-08-03 03:27:42,115 INFO  server.RaftServerConfigKeys (ConfUtils.java:logGet(43)) - raft.server.watch.element-limit = 65536 (default)
2019-08-03 03:27:42,124 INFO  server.RaftServerConfigKeys (ConfUtils.java:logGet(43)) - raft.server.log.appender.snapshot.chunk.size.max = 16MB (=16777216) (default)
2019-08-03 03:27:42,124 INFO  server.RaftServerConfigKeys (ConfUtils.java:logGet(43)) - raft.server.log.appender.buffer.byte-limit = 33554432 (custom)
2019-08-03 03:27:42,125 INFO  server.RaftServerConfigKeys (ConfUtils.java:logGet(43)) - raft.server.log.appender.buffer.element-limit = 1 (custom)
2019-08-03 03:27:42,128 INFO  grpc.GrpcConfigKeys$Server (ConfUtils.java:logGet(43)) - raft.grpc.server.leader.outstanding.appends.max = 128 (default)
2019-08-03 03:27:42,129 INFO  server.RaftServerConfigKeys (ConfUtils.java:logGet(43)) - raft.server.rpc.request.timeout = 3000ms (default)
2019-08-03 03:27:42,129 INFO  server.RaftServerConfigKeys (ConfUtils.java:logGet(43)) - raft.server.log.appender.install.snapshot.enabled = false (custom)
2019-08-03 03:27:42,129 INFO  server.RaftServerConfigKeys (ConfUtils.java:logGet(43)) - raft.server.log.appender.snapshot.chunk.size.max = 16MB (=16777216) (default)
2019-08-03 03:27:42,129 INFO  server.RaftServerConfigKeys (ConfUtils.java:logGet(43)) - raft.server.log.appender.buffer.byte-limit = 33554432 (custom)
2019-08-03 03:27:42,129 INFO  server.RaftServerConfigKeys (ConfUtils.java:logGet(43)) - raft.server.log.appender.buffer.element-limit = 1 (custom)
2019-08-03 03:27:42,130 INFO  grpc.GrpcConfigKeys$Server (ConfUtils.java:logGet(43)) - raft.grpc.server.leader.outstanding.appends.max = 128 (default)
2019-08-03 03:27:42,130 INFO  server.RaftServerConfigKeys (ConfUtils.java:logGet(43)) - raft.server.rpc.request.timeout = 3000ms (default)
2019-08-03 03:27:42,130 INFO  server.RaftServerConfigKeys (ConfUtils.java:logGet(43)) - raft.server.log.appender.install.snapshot.enabled = false (custom)
2019-08-03 03:27:42,131 INFO  impl.RoleInfo (RoleInfo.java:updateAndGet(143)) - 30bdc769-a1ef-4947-b157-d18de53f6cc8: start LeaderState
2019-08-03 03:27:42,132 INFO  segmented.SegmentedRaftLogWorker (SegmentedRaftLogWorker.java:startLogSegment(380)) - 30bdc769-a1ef-4947-b157-d18de53f6cc8-SegmentedRaftLogWorker:Storage Directory /workdir/hadoop-ozone/integration-test/target/test-dir/MiniOzoneClusterImpl-635672ab-fed7-493b-82ca-5109a8fc1751/datanode-0/data/ratis/0d859df5-5764-41c5-90f8-7260441502d4: Starting segment from index:0
2019-08-03 03:27:42,133 INFO  impl.RaftServerImpl (ServerState.java:setRaftConf(361)) - 30bdc769-a1ef-4947-b157-d18de53f6cc8:group-7260441502D4 set configuration 0: [59e9aa64-2b95-45b1-a51e-d93ad0c94faf:192.168.5.147:45749, 7192d506-fdd0-4cc4-a984-7423be257784:192.168.5.147:36027, 30bdc769-a1ef-4947-b157-d18de53f6cc8:192.168.5.147:39606], old=null at 0
2019-08-03 03:27:42,164 INFO  impl.RaftServerImpl (RaftServerImpl.java:requestVote(754)) - 30bdc769-a1ef-4947-b157-d18de53f6cc8-LEADER: Withhold vote from candidate 59e9aa64-2b95-45b1-a51e-d93ad0c94faf with term 1. State: leader=30bdc769-a1ef-4947-b157-d18de53f6cc8, term=1, lastRpcElapsed=null
2019-08-03 03:27:42,171 INFO  segmented.SegmentedRaftLogWorker (SegmentedRaftLogWorker.java:execute(569)) - 30bdc769-a1ef-4947-b157-d18de53f6cc8-SegmentedRaftLogWorker:Storage Directory /workdir/hadoop-ozone/integration-test/target/test-dir/MiniOzoneClusterImpl-635672ab-fed7-493b-82ca-5109a8fc1751/datanode-0/data/ratis/0d859df5-5764-41c5-90f8-7260441502d4: created new log segment /workdir/hadoop-ozone/integration-test/target/test-dir/MiniOzoneClusterImpl-635672ab-fed7-493b-82ca-5109a8fc1751/datanode-0/data/ratis/0d859df5-5764-41c5-90f8-7260441502d4/current/log_inprogress_0
2019-08-03 03:27:42,172 INFO  impl.LeaderElection (LeaderElection.java:logAndReturn(56)) - 59e9aa64-2b95-45b1-a51e-d93ad0c94faf:group-7260441502D4:LeaderElection13: Election REJECTED; received 2 response(s) [59e9aa64-2b95-45b1-a51e-d93ad0c94faf<-7192d506-fdd0-4cc4-a984-7423be257784#0:FAIL-t1, 59e9aa64-2b95-45b1-a51e-d93ad0c94faf<-30bdc769-a1ef-4947-b157-d18de53f6cc8#0:FAIL-t1] and 0 exception(s); 59e9aa64-2b95-45b1-a51e-d93ad0c94faf:t1, leader=null, voted=59e9aa64-2b95-45b1-a51e-d93ad0c94faf, raftlog=59e9aa64-2b95-45b1-a51e-d93ad0c94faf-SegmentedRaftLog:OPENED:c-1,f-1,i0, conf=-1: [59e9aa64-2b95-45b1-a51e-d93ad0c94faf:192.168.5.147:45749, 7192d506-fdd0-4cc4-a984-7423be257784:192.168.5.147:36027, 30bdc769-a1ef-4947-b157-d18de53f6cc8:192.168.5.147:39606], old=null
2019-08-03 03:27:42,177 INFO  impl.RaftServerImpl (RaftServerImpl.java:setRole(171)) - 59e9aa64-2b95-45b1-a51e-d93ad0c94faf:group-7260441502D4 changes role from CANDIDATE to FOLLOWER at term 1 for DISCOVERED_A_NEW_TERM
2019-08-03 03:27:42,178 INFO  impl.RoleInfo (RoleInfo.java:shutdownLeaderElection(134)) - 59e9aa64-2b95-45b1-a51e-d93ad0c94faf: shutdown LeaderElection
2019-08-03 03:27:42,180 INFO  impl.RoleInfo (RoleInfo.java:updateAndGet(143)) - 59e9aa64-2b95-45b1-a51e-d93ad0c94faf: start FollowerState
2019-08-03 03:27:42,198 INFO  impl.RaftServerImpl (ServerState.java:setLeader(263)) - 7192d506-fdd0-4cc4-a984-7423be257784:group-7260441502D4 change Leader from null to 30bdc769-a1ef-4947-b157-d18de53f6cc8 at term 1 for appendEntries, leader elected after 5266ms
2019-08-03 03:27:42,198 INFO  impl.RaftServerImpl (ServerState.java:setLeader(263)) - 59e9aa64-2b95-45b1-a51e-d93ad0c94faf:group-7260441502D4 change Leader from null to 30bdc769-a1ef-4947-b157-d18de53f6cc8 at term 1 for appendEntries, leader elected after 5265ms
2019-08-03 03:27:42,231 INFO  impl.RaftServerImpl (ServerState.java:setRaftConf(361)) - 7192d506-fdd0-4cc4-a984-7423be257784:group-7260441502D4 set configuration 0: [59e9aa64-2b95-45b1-a51e-d93ad0c94faf:192.168.5.147:45749, 7192d506-fdd0-4cc4-a984-7423be257784:192.168.5.147:36027, 30bdc769-a1ef-4947-b157-d18de53f6cc8:192.168.5.147:39606], old=null at 0
2019-08-03 03:27:42,231 INFO  impl.RaftServerImpl (ServerState.java:setRaftConf(361)) - 59e9aa64-2b95-45b1-a51e-d93ad0c94faf:group-7260441502D4 set configuration 0: [59e9aa64-2b95-45b1-a51e-d93ad0c94faf:192.168.5.147:45749, 7192d506-fdd0-4cc4-a984-7423be257784:192.168.5.147:36027, 30bdc769-a1ef-4947-b157-d18de53f6cc8:192.168.5.147:39606], old=null at 0
2019-08-03 03:27:42,232 INFO  segmented.SegmentedRaftLogWorker (SegmentedRaftLogWorker.java:startLogSegment(380)) - 7192d506-fdd0-4cc4-a984-7423be257784-SegmentedRaftLogWorker:Storage Directory /workdir/hadoop-ozone/integration-test/target/test-dir/MiniOzoneClusterImpl-635672ab-fed7-493b-82ca-5109a8fc1751/datanode-1/data/ratis/0d859df5-5764-41c5-90f8-7260441502d4: Starting segment from index:0
2019-08-03 03:27:42,232 INFO  segmented.SegmentedRaftLogWorker (SegmentedRaftLogWorker.java:startLogSegment(380)) - 59e9aa64-2b95-45b1-a51e-d93ad0c94faf-SegmentedRaftLogWorker:Storage Directory /workdir/hadoop-ozone/integration-test/target/test-dir/MiniOzoneClusterImpl-635672ab-fed7-493b-82ca-5109a8fc1751/datanode-2/data/ratis/0d859df5-5764-41c5-90f8-7260441502d4: Starting segment from index:0
2019-08-03 03:27:42,292 INFO  segmented.SegmentedRaftLogWorker (SegmentedRaftLogWorker.java:execute(569)) - 7192d506-fdd0-4cc4-a984-7423be257784-SegmentedRaftLogWorker:Storage Directory /workdir/hadoop-ozone/integration-test/target/test-dir/MiniOzoneClusterImpl-635672ab-fed7-493b-82ca-5109a8fc1751/datanode-1/data/ratis/0d859df5-5764-41c5-90f8-7260441502d4: created new log segment /workdir/hadoop-ozone/integration-test/target/test-dir/MiniOzoneClusterImpl-635672ab-fed7-493b-82ca-5109a8fc1751/datanode-1/data/ratis/0d859df5-5764-41c5-90f8-7260441502d4/current/log_inprogress_0
2019-08-03 03:27:42,292 INFO  segmented.SegmentedRaftLogWorker (SegmentedRaftLogWorker.java:execute(569)) - 59e9aa64-2b95-45b1-a51e-d93ad0c94faf-SegmentedRaftLogWorker:Storage Directory /workdir/hadoop-ozone/integration-test/target/test-dir/MiniOzoneClusterImpl-635672ab-fed7-493b-82ca-5109a8fc1751/datanode-2/data/ratis/0d859df5-5764-41c5-90f8-7260441502d4: created new log segment /workdir/hadoop-ozone/integration-test/target/test-dir/MiniOzoneClusterImpl-635672ab-fed7-493b-82ca-5109a8fc1751/datanode-2/data/ratis/0d859df5-5764-41c5-90f8-7260441502d4/current/log_inprogress_0
2019-08-03 03:27:49,810 INFO  ozone.MiniOzoneClusterImpl (MiniOzoneClusterImpl.java:shutdown(321)) - Shutting down the Mini Ozone Cluster
2019-08-03 03:27:49,814 INFO  ozone.MiniOzoneClusterImpl (MiniOzoneClusterImpl.java:stop(336)) - Stopping the Mini Ozone Cluster
2019-08-03 03:27:49,814 INFO  ozone.MiniOzoneClusterImpl (MiniOzoneClusterImpl.java:stop(338)) - Stopping the OzoneManager
2019-08-03 03:27:49,814 INFO  ipc.Server (Server.java:stop(3082)) - Stopping server on 38840
2019-08-03 03:27:49,820 INFO  ipc.Server (Server.java:run(1185)) - Stopping IPC Server listener on 38840
2019-08-03 03:27:49,825 INFO  utils.BackgroundService (BackgroundService.java:shutdown(148)) - Shutting down service KeyDeletingService
2019-08-03 03:27:49,825 INFO  ipc.Server (Server.java:run(1319)) - Stopping IPC Server Responder
2019-08-03 03:27:49,827 INFO  handler.ContextHandler (ContextHandler.java:doStop(910)) - Stopped o.e.j.w.WebAppContext@9f034{/,null,UNAVAILABLE}{/ozoneManager}
2019-08-03 03:27:49,828 INFO  server.AbstractConnector (AbstractConnector.java:doStop(318)) - Stopped ServerConnector@6042a05b{HTTP/1.1,[http/1.1]}{0.0.0.0:0}
2019-08-03 03:27:49,828 INFO  handler.ContextHandler (ContextHandler.java:doStop(910)) - Stopped o.e.j.s.ServletContextHandler@4827362f{/static,file:///workdir/hadoop-ozone/integration-test/target/test-classes/webapps/static,UNAVAILABLE}
2019-08-03 03:27:49,829 INFO  handler.ContextHandler (ContextHandler.java:doStop(910)) - Stopped o.e.j.s.ServletContextHandler@6245851d{/logs,file:///workdir/hadoop-ozone/integration-test/target/log,UNAVAILABLE}
2019-08-03 03:27:49,831 INFO  ozone.MiniOzoneClusterImpl (MiniOzoneClusterImpl.java:stop(344)) - Shutting the HddsDatanodes
2019-08-03 03:27:49,831 INFO  datanode.ObjectStoreHandler (ObjectStoreHandler.java:close(155)) - Closing ObjectStoreHandler.
2019-08-03 03:27:49,831 INFO  datanode.ObjectStoreHandler (ObjectStoreHandler.java:close(155)) - Closing ObjectStoreHandler.
2019-08-03 03:27:49,832 INFO  ozone.HddsDatanodeService (HddsDatanodeService.java:stop(451)) - Stopped plug-in org.apache.hadoop.ozone.web.OzoneHddsDatanodeService@e3e5e4b
2019-08-03 03:27:49,832 INFO  ozone.HddsDatanodeService (HddsDatanodeService.java:stop(451)) - Stopped plug-in org.apache.hadoop.ozone.web.OzoneHddsDatanodeService@1eedca01
2019-08-03 03:27:50,385 INFO  statemachine.DatanodeStateMachine (DatanodeStateMachine.java:lambda$startDaemon$0(350)) - Ozone container server started.
2019-08-03 03:27:50,600 INFO  statemachine.DatanodeStateMachine (DatanodeStateMachine.java:lambda$startDaemon$0(350)) - Ozone container server started.
2019-08-03 03:27:54,833 INFO  ozoneimpl.OzoneContainer (OzoneContainer.java:stop(199)) - Attempting to stop container services.
2019-08-03 03:27:54,833 INFO  ozoneimpl.OzoneContainer (OzoneContainer.java:stop(199)) - Attempting to stop container services.
2019-08-03 03:27:54,834 INFO  impl.RaftServerProxy (RaftServerProxy.java:lambda$close$4(314)) - 30bdc769-a1ef-4947-b157-d18de53f6cc8: close
2019-08-03 03:27:54,834 INFO  impl.RaftServerProxy (RaftServerProxy.java:lambda$close$4(314)) - 7192d506-fdd0-4cc4-a984-7423be257784: close
2019-08-03 03:27:54,834 INFO  impl.RaftServerImpl (RaftServerImpl.java:lambda$shutdown$3(245)) - 30bdc769-a1ef-4947-b157-d18de53f6cc8: shutdown group-7D5FC5222127
2019-08-03 03:27:54,835 INFO  impl.RaftServerImpl (RaftServerImpl.java:lambda$shutdown$3(245)) - 7192d506-fdd0-4cc4-a984-7423be257784: shutdown group-74CFB348761E
2019-08-03 03:27:54,835 INFO  util.JmxRegister (JmxRegister.java:unregister(73)) - Successfully un-registered JMX Bean with object name Ratis:service=RaftServer,group=group-7D5FC5222127,id=30bdc769-a1ef-4947-b157-d18de53f6cc8
2019-08-03 03:27:54,835 INFO  util.JmxRegister (JmxRegister.java:unregister(73)) - Successfully un-registered JMX Bean with object name Ratis:service=RaftServer,group=group-74CFB348761E,id=7192d506-fdd0-4cc4-a984-7423be257784
2019-08-03 03:27:54,840 INFO  impl.RoleInfo (RoleInfo.java:shutdownLeaderState(104)) - 7192d506-fdd0-4cc4-a984-7423be257784: shutdown LeaderState
2019-08-03 03:27:54,836 INFO  impl.RoleInfo (RoleInfo.java:shutdownLeaderState(104)) - 30bdc769-a1ef-4947-b157-d18de53f6cc8: shutdown LeaderState
2019-08-03 03:27:54,840 INFO  impl.PendingRequests (PendingRequests.java:sendNotLeaderResponses(202)) - 7192d506-fdd0-4cc4-a984-7423be257784-PendingRequests: sendNotLeaderResponses
2019-08-03 03:27:54,841 INFO  impl.PendingRequests (PendingRequests.java:sendNotLeaderResponses(202)) - 30bdc769-a1ef-4947-b157-d18de53f6cc8-PendingRequests: sendNotLeaderResponses
2019-08-03 03:27:54,841 INFO  impl.StateMachineUpdater (StateMachineUpdater.java:stopAndJoin(115)) - StateMachineUpdater:7192d506-fdd0-4cc4-a984-7423be257784:group-74CFB348761E: set stopIndex = 0
2019-08-03 03:27:54,842 INFO  impl.StateMachineUpdater (StateMachineUpdater.java:stopAndJoin(115)) - StateMachineUpdater:30bdc769-a1ef-4947-b157-d18de53f6cc8:group-7D5FC5222127: set stopIndex = 0
2019-08-03 03:27:54,842 INFO  impl.RaftServerImpl (ServerState.java:close(394)) - 7192d506-fdd0-4cc4-a984-7423be257784:group-74CFB348761E closes. The last applied log index is 0
2019-08-03 03:27:54,842 INFO  impl.RaftServerImpl (ServerState.java:close(394)) - 30bdc769-a1ef-4947-b157-d18de53f6cc8:group-7D5FC5222127 closes. The last applied log index is 0
2019-08-03 03:27:54,843 INFO  segmented.SegmentedRaftLogWorker (SegmentedRaftLogWorker.java:run(313)) - 7192d506-fdd0-4cc4-a984-7423be257784-SegmentedRaftLogWorker:Storage Directory /workdir/hadoop-ozone/integration-test/target/test-dir/MiniOzoneClusterImpl-635672ab-fed7-493b-82ca-5109a8fc1751/datanode-1/data/ratis/0c780f07-542d-4b0f-aae0-74cfb348761e was interrupted, exiting. There are 0 tasks remaining in the queue.
2019-08-03 03:27:54,843 INFO  segmented.SegmentedRaftLogWorker (SegmentedRaftLogWorker.java:run(313)) - 30bdc769-a1ef-4947-b157-d18de53f6cc8-SegmentedRaftLogWorker:Storage Directory /workdir/hadoop-ozone/integration-test/target/test-dir/MiniOzoneClusterImpl-635672ab-fed7-493b-82ca-5109a8fc1751/datanode-0/data/ratis/ff6ff597-103c-48a4-ac69-7d5fc5222127 was interrupted, exiting. There are 0 tasks remaining in the queue.
2019-08-03 03:27:54,848 INFO  segmented.SegmentedRaftLogWorker (SegmentedRaftLogWorker.java:close(228)) - 7192d506-fdd0-4cc4-a984-7423be257784-SegmentedRaftLogWorker:Storage Directory /workdir/hadoop-ozone/integration-test/target/test-dir/MiniOzoneClusterImpl-635672ab-fed7-493b-82ca-5109a8fc1751/datanode-1/data/ratis/0c780f07-542d-4b0f-aae0-74cfb348761e close()
2019-08-03 03:27:54,849 INFO  segmented.SegmentedRaftLogWorker (SegmentedRaftLogWorker.java:close(228)) - 30bdc769-a1ef-4947-b157-d18de53f6cc8-SegmentedRaftLogWorker:Storage Directory /workdir/hadoop-ozone/integration-test/target/test-dir/MiniOzoneClusterImpl-635672ab-fed7-493b-82ca-5109a8fc1751/datanode-0/data/ratis/ff6ff597-103c-48a4-ac69-7d5fc5222127 close()
2019-08-03 03:27:54,853 INFO  impl.RaftServerImpl (RaftServerImpl.java:lambda$shutdown$3(245)) - 7192d506-fdd0-4cc4-a984-7423be257784: shutdown group-7260441502D4
2019-08-03 03:27:54,858 INFO  impl.RaftServerImpl (RaftServerImpl.java:lambda$shutdown$3(245)) - 30bdc769-a1ef-4947-b157-d18de53f6cc8: shutdown group-7260441502D4
2019-08-03 03:27:54,858 INFO  util.JmxRegister (JmxRegister.java:unregister(73)) - Successfully un-registered JMX Bean with object name Ratis:service=RaftServer,group=group-7260441502D4,id=7192d506-fdd0-4cc4-a984-7423be257784
2019-08-03 03:27:54,858 INFO  util.JmxRegister (JmxRegister.java:unregister(73)) - Successfully un-registered JMX Bean with object name Ratis:service=RaftServer,group=group-7260441502D4,id=30bdc769-a1ef-4947-b157-d18de53f6cc8
2019-08-03 03:27:54,859 INFO  impl.RoleInfo (RoleInfo.java:shutdownFollowerState(121)) - 7192d506-fdd0-4cc4-a984-7423be257784: shutdown FollowerState
2019-08-03 03:27:54,859 INFO  impl.RoleInfo (RoleInfo.java:shutdownLeaderState(104)) - 30bdc769-a1ef-4947-b157-d18de53f6cc8: shutdown LeaderState
2019-08-03 03:27:54,859 INFO  impl.FollowerState (FollowerState.java:run(114)) - 7192d506-fdd0-4cc4-a984-7423be257784: FollowerState was interrupted: java.lang.InterruptedException: sleep interrupted
2019-08-03 03:27:54,859 INFO  impl.StateMachineUpdater (StateMachineUpdater.java:stopAndJoin(115)) - StateMachineUpdater:7192d506-fdd0-4cc4-a984-7423be257784:group-7260441502D4: set stopIndex = 0
2019-08-03 03:27:54,866 INFO  impl.RaftServerImpl (ServerState.java:close(394)) - 7192d506-fdd0-4cc4-a984-7423be257784:group-7260441502D4 closes. The last applied log index is 0
2019-08-03 03:27:54,866 WARN  server.GrpcLogAppender (GrpcLogAppender.java:mayWait(143)) - GrpcLogAppender(30bdc769-a1ef-4947-b157-d18de53f6cc8->59e9aa64-2b95-45b1-a51e-d93ad0c94faf): Wait interrupted by java.lang.InterruptedException
2019-08-03 03:27:54,867 INFO  segmented.SegmentedRaftLogWorker (SegmentedRaftLogWorker.java:run(313)) - 7192d506-fdd0-4cc4-a984-7423be257784-SegmentedRaftLogWorker:Storage Directory /workdir/hadoop-ozone/integration-test/target/test-dir/MiniOzoneClusterImpl-635672ab-fed7-493b-82ca-5109a8fc1751/datanode-1/data/ratis/0d859df5-5764-41c5-90f8-7260441502d4 was interrupted, exiting. There are 0 tasks remaining in the queue.
2019-08-03 03:27:54,864 WARN  server.GrpcLogAppender (GrpcLogAppender.java:mayWait(143)) - GrpcLogAppender(30bdc769-a1ef-4947-b157-d18de53f6cc8->7192d506-fdd0-4cc4-a984-7423be257784): Wait interrupted by java.lang.InterruptedException
2019-08-03 03:27:54,863 INFO  impl.PendingRequests (PendingRequests.java:sendNotLeaderResponses(202)) - 30bdc769-a1ef-4947-b157-d18de53f6cc8-PendingRequests: sendNotLeaderResponses
2019-08-03 03:27:54,869 INFO  segmented.SegmentedRaftLogWorker (SegmentedRaftLogWorker.java:close(228)) - 7192d506-fdd0-4cc4-a984-7423be257784-SegmentedRaftLogWorker:Storage Directory /workdir/hadoop-ozone/integration-test/target/test-dir/MiniOzoneClusterImpl-635672ab-fed7-493b-82ca-5109a8fc1751/datanode-1/data/ratis/0d859df5-5764-41c5-90f8-7260441502d4 close()
2019-08-03 03:27:54,870 INFO  impl.StateMachineUpdater (StateMachineUpdater.java:stopAndJoin(115)) - StateMachineUpdater:30bdc769-a1ef-4947-b157-d18de53f6cc8:group-7260441502D4: set stopIndex = 0
2019-08-03 03:27:54,875 INFO  server.GrpcServerProtocolService (GrpcServerProtocolService.java:onCompleted(104)) - 7192d506-fdd0-4cc4-a984-7423be257784: appendEntries completed
2019-08-03 03:27:54,874 INFO  server.GrpcService (GrpcService.java:closeImpl(155)) - 7192d506-fdd0-4cc4-a984-7423be257784: shutdown server with port 36027 now
2019-08-03 03:27:54,875 INFO  impl.RaftServerImpl (ServerState.java:close(394)) - 30bdc769-a1ef-4947-b157-d18de53f6cc8:group-7260441502D4 closes. The last applied log index is 0
2019-08-03 03:27:54,875 INFO  server.GrpcServerProtocolService (GrpcServerProtocolService.java:onCompleted(104)) - 59e9aa64-2b95-45b1-a51e-d93ad0c94faf: appendEntries completed
2019-08-03 03:27:54,879 INFO  server.GrpcLogAppender (GrpcLogAppender.java:onCompleted(292)) - 30bdc769-a1ef-4947-b157-d18de53f6cc8->7192d506-fdd0-4cc4-a984-7423be257784: follower responses appendEntries COMPLETED
2019-08-03 03:27:54,879 INFO  segmented.SegmentedRaftLogWorker (SegmentedRaftLogWorker.java:run(313)) - 30bdc769-a1ef-4947-b157-d18de53f6cc8-SegmentedRaftLogWorker:Storage Directory /workdir/hadoop-ozone/integration-test/target/test-dir/MiniOzoneClusterImpl-635672ab-fed7-493b-82ca-5109a8fc1751/datanode-0/data/ratis/0d859df5-5764-41c5-90f8-7260441502d4 was interrupted, exiting. There are 0 tasks remaining in the queue.
2019-08-03 03:27:54,898 INFO  segmented.SegmentedRaftLogWorker (SegmentedRaftLogWorker.java:close(228)) - 30bdc769-a1ef-4947-b157-d18de53f6cc8-SegmentedRaftLogWorker:Storage Directory /workdir/hadoop-ozone/integration-test/target/test-dir/MiniOzoneClusterImpl-635672ab-fed7-493b-82ca-5109a8fc1751/datanode-0/data/ratis/0d859df5-5764-41c5-90f8-7260441502d4 close()
2019-08-03 03:27:54,898 INFO  server.GrpcLogAppender (GrpcLogAppender.java:onCompleted(292)) - 30bdc769-a1ef-4947-b157-d18de53f6cc8->59e9aa64-2b95-45b1-a51e-d93ad0c94faf: follower responses appendEntries COMPLETED
2019-08-03 03:27:54,902 INFO  server.GrpcService (GrpcService.java:closeImpl(155)) - 30bdc769-a1ef-4947-b157-d18de53f6cc8: shutdown server with port 39606 now
2019-08-03 03:27:54,905 INFO  impl.FollowerInfo (FollowerInfo.java:lambda$new$0(50)) - 30bdc769-a1ef-4947-b157-d18de53f6cc8->7192d506-fdd0-4cc4-a984-7423be257784: nextIndex: updateUnconditionally 1 -> 0
2019-08-03 03:27:54,905 INFO  server.GrpcService (GrpcService.java:closeImpl(163)) - 30bdc769-a1ef-4947-b157-d18de53f6cc8: shutdown server with port 39606 successfully
2019-08-03 03:27:54,905 INFO  impl.FollowerInfo (FollowerInfo.java:lambda$new$0(50)) - 30bdc769-a1ef-4947-b157-d18de53f6cc8->59e9aa64-2b95-45b1-a51e-d93ad0c94faf: nextIndex: updateUnconditionally 1 -> 0
2019-08-03 03:27:54,911 INFO  server.GrpcService (GrpcService.java:closeImpl(163)) - 7192d506-fdd0-4cc4-a984-7423be257784: shutdown server with port 36027 successfully
2019-08-03 03:27:54,912 INFO  utils.BackgroundService (BackgroundService.java:shutdown(148)) - Shutting down service BlockDeletingService
2019-08-03 03:27:54,914 INFO  utils.BackgroundService (BackgroundService.java:shutdown(148)) - Shutting down service BlockDeletingService
2019-08-03 03:27:54,919 WARN  fs.CachingGetSpaceUsed (CachingGetSpaceUsed.java:run(183)) - Thread Interrupted waiting to refresh disk information: sleep interrupted
2019-08-03 03:27:54,919 WARN  fs.CachingGetSpaceUsed (CachingGetSpaceUsed.java:run(183)) - Thread Interrupted waiting to refresh disk information: sleep interrupted
2019-08-03 03:27:54,939 INFO  statemachine.DatanodeStateMachine (DatanodeStateMachine.java:stopDaemon(395)) - Ozone container server stopped.
2019-08-03 03:27:54,945 INFO  statemachine.DatanodeStateMachine (DatanodeStateMachine.java:stopDaemon(395)) - Ozone container server stopped.
2019-08-03 03:27:54,950 INFO  handler.ContextHandler (ContextHandler.java:doStop(910)) - Stopped o.e.j.w.WebAppContext@1783d4c6{/,null,UNAVAILABLE}{/hddsDatanode}
2019-08-03 03:27:54,950 INFO  handler.ContextHandler (ContextHandler.java:doStop(910)) - Stopped o.e.j.w.WebAppContext@6f5e913f{/,null,UNAVAILABLE}{/hddsDatanode}
2019-08-03 03:27:54,950 INFO  server.AbstractConnector (AbstractConnector.java:doStop(318)) - Stopped ServerConnector@59c85477{HTTP/1.1,[http/1.1]}{0.0.0.0:0}
2019-08-03 03:27:54,951 INFO  handler.ContextHandler (ContextHandler.java:doStop(910)) - Stopped o.e.j.s.ServletContextHandler@5c333127{/static,jar:file:/home/user/.m2/repository/org/apache/hadoop/hadoop-hdds-container-service/0.4.1-SNAPSHOT/hadoop-hdds-container-service-0.4.1-SNAPSHOT.jar!/webapps/static,UNAVAILABLE}
2019-08-03 03:27:54,951 INFO  handler.ContextHandler (ContextHandler.java:doStop(910)) - Stopped o.e.j.s.ServletContextHandler@5afdbcac{/logs,file:///workdir/hadoop-ozone/integration-test/target/log,UNAVAILABLE}
2019-08-03 03:27:54,951 INFO  server.AbstractConnector (AbstractConnector.java:doStop(318)) - Stopped ServerConnector@4bdd6c38{HTTP/1.1,[http/1.1]}{0.0.0.0:0}
2019-08-03 03:27:54,953 INFO  handler.ContextHandler (ContextHandler.java:doStop(910)) - Stopped o.e.j.s.ServletContextHandler@5b25c69{/static,jar:file:/home/user/.m2/repository/org/apache/hadoop/hadoop-hdds-container-service/0.4.1-SNAPSHOT/hadoop-hdds-container-service-0.4.1-SNAPSHOT.jar!/webapps/static,UNAVAILABLE}
2019-08-03 03:27:54,955 INFO  datanode.ObjectStoreHandler (ObjectStoreHandler.java:close(155)) - Closing ObjectStoreHandler.
2019-08-03 03:27:54,955 INFO  handler.ContextHandler (ContextHandler.java:doStop(910)) - Stopped o.e.j.s.ServletContextHandler@24fb9f88{/logs,file:///workdir/hadoop-ozone/integration-test/target/log,UNAVAILABLE}
2019-08-03 03:27:54,956 INFO  ozone.HddsDatanodeService (HddsDatanodeService.java:stop(451)) - Stopped plug-in org.apache.hadoop.ozone.web.OzoneHddsDatanodeService@3f3123c8
2019-08-03 03:27:55,811 INFO  statemachine.DatanodeStateMachine (DatanodeStateMachine.java:lambda$startDaemon$0(350)) - Ozone container server started.
2019-08-03 03:27:59,957 INFO  ozoneimpl.OzoneContainer (OzoneContainer.java:stop(199)) - Attempting to stop container services.
2019-08-03 03:27:59,958 INFO  impl.RaftServerProxy (RaftServerProxy.java:lambda$close$4(314)) - 59e9aa64-2b95-45b1-a51e-d93ad0c94faf: close
2019-08-03 03:27:59,959 INFO  impl.RaftServerImpl (RaftServerImpl.java:lambda$shutdown$3(245)) - 59e9aa64-2b95-45b1-a51e-d93ad0c94faf: shutdown group-9B093729BA9C
2019-08-03 03:27:59,959 INFO  impl.RaftServerImpl (RaftServerImpl.java:lambda$shutdown$3(245)) - 59e9aa64-2b95-45b1-a51e-d93ad0c94faf: shutdown group-7260441502D4
2019-08-03 03:27:59,959 INFO  util.JmxRegister (JmxRegister.java:unregister(73)) - Successfully un-registered JMX Bean with object name Ratis:service=RaftServer,group=group-9B093729BA9C,id=59e9aa64-2b95-45b1-a51e-d93ad0c94faf
2019-08-03 03:27:59,959 INFO  util.JmxRegister (JmxRegister.java:unregister(73)) - Successfully un-registered JMX Bean with object name Ratis:service=RaftServer,group=group-7260441502D4,id=59e9aa64-2b95-45b1-a51e-d93ad0c94faf
2019-08-03 03:27:59,960 INFO  impl.RoleInfo (RoleInfo.java:shutdownLeaderState(104)) - 59e9aa64-2b95-45b1-a51e-d93ad0c94faf: shutdown LeaderState
2019-08-03 03:27:59,960 INFO  impl.RoleInfo (RoleInfo.java:shutdownFollowerState(121)) - 59e9aa64-2b95-45b1-a51e-d93ad0c94faf: shutdown FollowerState
2019-08-03 03:27:59,960 INFO  impl.PendingRequests (PendingRequests.java:sendNotLeaderResponses(202)) - 59e9aa64-2b95-45b1-a51e-d93ad0c94faf-PendingRequests: sendNotLeaderResponses
2019-08-03 03:27:59,961 INFO  impl.FollowerState (FollowerState.java:run(114)) - 59e9aa64-2b95-45b1-a51e-d93ad0c94faf: FollowerState was interrupted: java.lang.InterruptedException: sleep interrupted
2019-08-03 03:27:59,961 INFO  impl.StateMachineUpdater (StateMachineUpdater.java:stopAndJoin(115)) - StateMachineUpdater:59e9aa64-2b95-45b1-a51e-d93ad0c94faf:group-7260441502D4: set stopIndex = 0
2019-08-03 03:27:59,965 INFO  impl.RaftServerImpl (ServerState.java:close(394)) - 59e9aa64-2b95-45b1-a51e-d93ad0c94faf:group-7260441502D4 closes. The last applied log index is 0
2019-08-03 03:27:59,961 INFO  impl.StateMachineUpdater (StateMachineUpdater.java:stopAndJoin(115)) - StateMachineUpdater:59e9aa64-2b95-45b1-a51e-d93ad0c94faf:group-9B093729BA9C: set stopIndex = 0
2019-08-03 03:27:59,965 INFO  segmented.SegmentedRaftLogWorker (SegmentedRaftLogWorker.java:run(313)) - 59e9aa64-2b95-45b1-a51e-d93ad0c94faf-SegmentedRaftLogWorker:Storage Directory /workdir/hadoop-ozone/integration-test/target/test-dir/MiniOzoneClusterImpl-635672ab-fed7-493b-82ca-5109a8fc1751/datanode-2/data/ratis/0d859df5-5764-41c5-90f8-7260441502d4 was interrupted, exiting. There are 0 tasks remaining in the queue.
2019-08-03 03:27:59,966 INFO  impl.RaftServerImpl (ServerState.java:close(394)) - 59e9aa64-2b95-45b1-a51e-d93ad0c94faf:group-9B093729BA9C closes. The last applied log index is 0
2019-08-03 03:27:59,968 INFO  segmented.SegmentedRaftLogWorker (SegmentedRaftLogWorker.java:close(228)) - 59e9aa64-2b95-45b1-a51e-d93ad0c94faf-SegmentedRaftLogWorker:Storage Directory /workdir/hadoop-ozone/integration-test/target/test-dir/MiniOzoneClusterImpl-635672ab-fed7-493b-82ca-5109a8fc1751/datanode-2/data/ratis/0d859df5-5764-41c5-90f8-7260441502d4 close()
2019-08-03 03:27:59,968 INFO  segmented.SegmentedRaftLogWorker (SegmentedRaftLogWorker.java:run(313)) - 59e9aa64-2b95-45b1-a51e-d93ad0c94faf-SegmentedRaftLogWorker:Storage Directory /workdir/hadoop-ozone/integration-test/target/test-dir/MiniOzoneClusterImpl-635672ab-fed7-493b-82ca-5109a8fc1751/datanode-2/data/ratis/bf723357-06dd-4214-abe1-9b093729ba9c was interrupted, exiting. There are 0 tasks remaining in the queue.
2019-08-03 03:27:59,981 INFO  segmented.SegmentedRaftLogWorker (SegmentedRaftLogWorker.java:close(228)) - 59e9aa64-2b95-45b1-a51e-d93ad0c94faf-SegmentedRaftLogWorker:Storage Directory /workdir/hadoop-ozone/integration-test/target/test-dir/MiniOzoneClusterImpl-635672ab-fed7-493b-82ca-5109a8fc1751/datanode-2/data/ratis/bf723357-06dd-4214-abe1-9b093729ba9c close()
2019-08-03 03:27:59,984 INFO  server.GrpcService (GrpcService.java:closeImpl(155)) - 59e9aa64-2b95-45b1-a51e-d93ad0c94faf: shutdown server with port 45749 now
2019-08-03 03:27:59,988 INFO  server.GrpcService (GrpcService.java:closeImpl(163)) - 59e9aa64-2b95-45b1-a51e-d93ad0c94faf: shutdown server with port 45749 successfully
2019-08-03 03:27:59,990 INFO  utils.BackgroundService (BackgroundService.java:shutdown(148)) - Shutting down service BlockDeletingService
2019-08-03 03:27:59,991 WARN  fs.CachingGetSpaceUsed (CachingGetSpaceUsed.java:run(183)) - Thread Interrupted waiting to refresh disk information: sleep interrupted
2019-08-03 03:28:00,017 INFO  statemachine.DatanodeStateMachine (DatanodeStateMachine.java:stopDaemon(395)) - Ozone container server stopped.
2019-08-03 03:28:00,018 INFO  handler.ContextHandler (ContextHandler.java:doStop(910)) - Stopped o.e.j.w.WebAppContext@648c281{/,null,UNAVAILABLE}{/hddsDatanode}
2019-08-03 03:28:00,019 INFO  server.AbstractConnector (AbstractConnector.java:doStop(318)) - Stopped ServerConnector@5e669d5c{HTTP/1.1,[http/1.1]}{0.0.0.0:0}
2019-08-03 03:28:00,020 INFO  handler.ContextHandler (ContextHandler.java:doStop(910)) - Stopped o.e.j.s.ServletContextHandler@73b84dbc{/static,jar:file:/home/user/.m2/repository/org/apache/hadoop/hadoop-hdds-container-service/0.4.1-SNAPSHOT/hadoop-hdds-container-service-0.4.1-SNAPSHOT.jar!/webapps/static,UNAVAILABLE}
2019-08-03 03:28:00,020 INFO  handler.ContextHandler (ContextHandler.java:doStop(910)) - Stopped o.e.j.s.ServletContextHandler@160946fb{/logs,file:///workdir/hadoop-ozone/integration-test/target/log,UNAVAILABLE}
2019-08-03 03:28:00,021 INFO  ozone.MiniOzoneClusterImpl (MiniOzoneClusterImpl.java:stop(353)) - Stopping the StorageContainerManager
2019-08-03 03:28:00,021 INFO  server.StorageContainerManager (StorageContainerManager.java:stop(796)) - Stopping Replication Manager Service.
2019-08-03 03:28:00,021 INFO  container.ReplicationManager (ReplicationManager.java:stop(187)) - Stopping Replication Monitor Thread.
2019-08-03 03:28:00,021 INFO  server.StorageContainerManager (StorageContainerManager.java:stop(803)) - Stopping Lease Manager of the command watchers
2019-08-03 03:28:00,022 INFO  server.StorageContainerManager (StorageContainerManager.java:stop(810)) - Stopping datanode service RPC server
2019-08-03 03:28:00,022 INFO  server.SCMDatanodeProtocolServer (SCMDatanodeProtocolServer.java:stop(367)) - Stopping the RPC server for DataNodes
2019-08-03 03:28:00,022 INFO  ipc.Server (Server.java:stop(3082)) - Stopping server on 43679
2019-08-03 03:28:00,025 INFO  ipc.Server (Server.java:run(1319)) - Stopping IPC Server Responder
2019-08-03 03:28:00,025 INFO  ipc.Server (Server.java:run(1185)) - Stopping IPC Server listener on 43679
2019-08-03 03:28:00,052 WARN  node.NodeStateManager (NodeStateManager.java:scheduleNextHealthCheck(631)) - Current Thread is interrupted, shutting down HB processing thread for Node Manager.
2019-08-03 03:28:00,052 INFO  server.StorageContainerManager (StorageContainerManager.java:stop(818)) - Stopping block service RPC server
2019-08-03 03:28:00,052 INFO  server.SCMBlockProtocolServer (SCMBlockProtocolServer.java:stop(148)) - Stopping the RPC server for Block Protocol
2019-08-03 03:28:00,053 INFO  ipc.Server (Server.java:stop(3082)) - Stopping server on 46788
2019-08-03 03:28:00,056 INFO  ipc.Server (Server.java:run(1185)) - Stopping IPC Server listener on 46788
2019-08-03 03:28:00,056 INFO  server.StorageContainerManager (StorageContainerManager.java:stop(825)) - Stopping the StorageContainerLocationProtocol RPC server
2019-08-03 03:28:00,056 INFO  ipc.Server (Server.java:run(1319)) - Stopping IPC Server Responder
2019-08-03 03:28:00,058 INFO  server.SCMClientProtocolServer (SCMClientProtocolServer.java:stop(159)) - Stopping the RPC server for Client Protocol
2019-08-03 03:28:00,058 INFO  ipc.Server (Server.java:stop(3082)) - Stopping server on 45108
2019-08-03 03:28:00,060 INFO  ipc.Server (Server.java:run(1319)) - Stopping IPC Server Responder
2019-08-03 03:28:00,060 INFO  ipc.Server (Server.java:run(1185)) - Stopping IPC Server listener on 45108
2019-08-03 03:28:00,060 INFO  server.StorageContainerManager (StorageContainerManager.java:stop(832)) - Stopping Storage Container Manager HTTP server.
2019-08-03 03:28:00,063 INFO  handler.ContextHandler (ContextHandler.java:doStop(910)) - Stopped o.e.j.w.WebAppContext@262c5942{/,null,UNAVAILABLE}{/scm}
2019-08-03 03:28:00,064 INFO  server.AbstractConnector (AbstractConnector.java:doStop(318)) - Stopped ServerConnector@1b60539e{HTTP/1.1,[http/1.1]}{0.0.0.0:0}
2019-08-03 03:28:00,065 INFO  handler.ContextHandler (ContextHandler.java:doStop(910)) - Stopped o.e.j.s.ServletContextHandler@3d0c0ad4{/static,file:///workdir/hadoop-ozone/integration-test/target/test-classes/webapps/static,UNAVAILABLE}
2019-08-03 03:28:00,065 INFO  handler.ContextHandler (ContextHandler.java:doStop(910)) - Stopped o.e.j.s.ServletContextHandler@16f0dde0{/logs,file:///workdir/hadoop-ozone/integration-test/target/log,UNAVAILABLE}
2019-08-03 03:28:00,067 INFO  server.StorageContainerManager (StorageContainerManager.java:stop(843)) - Stopping Block Manager Service.
2019-08-03 03:28:00,067 INFO  utils.BackgroundService (BackgroundService.java:shutdown(148)) - Shutting down service SCMBlockDeletingService
2019-08-03 03:28:00,068 INFO  utils.BackgroundService (BackgroundService.java:shutdown(148)) - Shutting down service SCMBlockDeletingService
2019-08-03 03:28:00,068 INFO  server.StorageContainerManager (StorageContainerManager.java:stop(865)) - Stopping SCM Event Queue.
2019-08-03 03:28:00,072 INFO  impl.MetricsSystemImpl (MetricsSystemImpl.java:stop(210)) - Stopping HddsDatanode metrics system...
2019-08-03 03:28:00,077 INFO  impl.MetricsSystemImpl (MetricsSystemImpl.java:stop(216)) - HddsDatanode metrics system stopped.
]]></system-out>
    <system-err><![CDATA[Aug 03, 2019 3:27:32 AM com.sun.jersey.server.impl.application.WebApplicationImpl _initiate
INFO: Initiating Jersey application, version 'Jersey: 1.19 02/11/2015 03:25 AM'
Aug 03, 2019 3:27:32 AM com.sun.jersey.server.impl.application.WebApplicationImpl _initiate
INFO: Initiating Jersey application, version 'Jersey: 1.19 02/11/2015 03:25 AM'
Aug 03, 2019 3:27:32 AM com.sun.jersey.server.impl.application.WebApplicationImpl _initiate
INFO: Initiating Jersey application, version 'Jersey: 1.19 02/11/2015 03:25 AM'
]]></system-err>
  </testcase>
  <testcase name="testScmInfo" classname="org.apache.hadoop.ozone.TestStorageContainerManager" time="0.216"/>
</testsuite>