<?xml version="1.0" encoding="UTF-8"?>
<testsuite xmlns:xsi="http://www.w3.org/2001/XMLSchema-instance" xsi:noNamespaceSchemaLocation="https://maven.apache.org/surefire/maven-surefire-plugin/xsd/surefire-test-report.xsd" name="org.apache.hadoop.ozone.client.rpc.TestOzoneClientRetriesOnException" time="83.304" tests="2" errors="1" skipped="0" failures="0">
  <properties>
    <property name="awt.toolkit" value="sun.awt.X11.XToolkit"/>
    <property name="file.encoding.pkg" value="sun.io"/>
    <property name="java.specification.version" value="1.8"/>
    <property name="sun.cpu.isalist" value=""/>
    <property name="sun.jnu.encoding" value="UTF-8"/>
    <property name="java.class.path" value="/workdir/hadoop-ozone/integration-test/target/test-classes:/workdir/hadoop-ozone/integration-test/target/classes:/home/user/.m2/repository/org/apache/hadoop/hadoop-ozone-common/0.4.1-SNAPSHOT/hadoop-ozone-common-0.4.1-SNAPSHOT.jar:/home/user/.m2/repository/org/apache/commons/commons-compress/1.4.1/commons-compress-1.4.1.jar:/home/user/.m2/repository/org/tukaani/xz/1.0/xz-1.0.jar:/home/user/.m2/repository/org/apache/hadoop/hadoop-common/3.2.0/hadoop-common-3.2.0.jar:/home/user/.m2/repository/org/apache/hadoop/hadoop-hdfs/3.2.0/hadoop-hdfs-3.2.0.jar:/home/user/.m2/repository/org/apache/hadoop/hadoop-hdfs-client/3.2.0/hadoop-hdfs-client-3.2.0.jar:/home/user/.m2/repository/com/fasterxml/jackson/core/jackson-annotations/2.9.5/jackson-annotations-2.9.5.jar:/home/user/.m2/repository/org/apache/hadoop/hadoop-hdds-common/0.4.1-SNAPSHOT/hadoop-hdds-common-0.4.1-SNAPSHOT.jar:/home/user/.m2/repository/javax/annotation/javax.annotation-api/1.2/javax.annotation-api-1.2.jar:/home/user/.m2/repository/org/apache/ratis/ratis-server/0.4.0-2337318-SNAPSHOT/ratis-server-0.4.0-2337318-SNAPSHOT.jar:/home/user/.m2/repository/org/apache/ratis/ratis-thirdparty-misc/0.2.0/ratis-thirdparty-misc-0.2.0.jar:/home/user/.m2/repository/org/apache/ratis/ratis-proto/0.4.0-2337318-SNAPSHOT/ratis-proto-0.4.0-2337318-SNAPSHOT.jar:/home/user/.m2/repository/org/apache/ratis/ratis-common/0.4.0-2337318-SNAPSHOT/ratis-common-0.4.0-2337318-SNAPSHOT.jar:/home/user/.m2/repository/org/apache/ratis/ratis-client/0.4.0-2337318-SNAPSHOT/ratis-client-0.4.0-2337318-SNAPSHOT.jar:/home/user/.m2/repository/org/apache/ratis/ratis-metrics/0.4.0-2337318-SNAPSHOT/ratis-metrics-0.4.0-2337318-SNAPSHOT.jar:/home/user/.m2/repository/org/apache/ratis/ratis-netty/0.4.0-2337318-SNAPSHOT/ratis-netty-0.4.0-2337318-SNAPSHOT.jar:/home/user/.m2/repository/org/apache/ratis/ratis-grpc/0.4.0-2337318-SNAPSHOT/ratis-grpc-0.4.0-2337318-SNAPSHOT.jar:/home/user/.m2/repository/org/rocksdb/rocksdbjni/6.0.1/rocksdbjni-6.0.1.jar:/home/user/.m2/repository/org/apache/logging/log4j/log4j-api/2.11.0/log4j-api-2.11.0.jar:/home/user/.m2/repository/org/apache/logging/log4j/log4j-core/2.11.0/log4j-core-2.11.0.jar:/home/user/.m2/repository/com/lmax/disruptor/3.4.2/disruptor-3.4.2.jar:/home/user/.m2/repository/org/apache/commons/commons-pool2/2.6.0/commons-pool2-2.6.0.jar:/home/user/.m2/repository/org/bouncycastle/bcpkix-jdk15on/1.60/bcpkix-jdk15on-1.60.jar:/home/user/.m2/repository/commons-validator/commons-validator/1.6/commons-validator-1.6.jar:/home/user/.m2/repository/commons-digester/commons-digester/1.8.1/commons-digester-1.8.1.jar:/home/user/.m2/repository/io/jaegertracing/jaeger-client/0.33.1/jaeger-client-0.33.1.jar:/home/user/.m2/repository/io/jaegertracing/jaeger-thrift/0.33.1/jaeger-thrift-0.33.1.jar:/home/user/.m2/repository/org/apache/thrift/libthrift/0.11.0/libthrift-0.11.0.jar:/home/user/.m2/repository/com/squareup/okhttp3/okhttp/3.9.0/okhttp-3.9.0.jar:/home/user/.m2/repository/com/squareup/okio/okio/1.13.0/okio-1.13.0.jar:/home/user/.m2/repository/io/jaegertracing/jaeger-core/0.33.1/jaeger-core-0.33.1.jar:/home/user/.m2/repository/io/jaegertracing/jaeger-tracerresolver/0.33.1/jaeger-tracerresolver-0.33.1.jar:/home/user/.m2/repository/io/opentracing/contrib/opentracing-tracerresolver/0.1.5/opentracing-tracerresolver-0.1.5.jar:/home/user/.m2/repository/io/opentracing/opentracing-util/0.31.0/opentracing-util-0.31.0.jar:/home/user/.m2/repository/io/opentracing/opentracing-api/0.31.0/opentracing-api-0.31.0.jar:/home/user/.m2/repository/io/opentracing/opentracing-noop/0.31.0/opentracing-noop-0.31.0.jar:/home/user/.m2/repository/org/apache/hadoop/hadoop-hdds-server-framework/0.4.1-SNAPSHOT/hadoop-hdds-server-framework-0.4.1-SNAPSHOT.jar:/home/user/.m2/repository/org/apache/hadoop/hadoop-hdds-container-service/0.4.1-SNAPSHOT/hadoop-hdds-container-service-0.4.1-SNAPSHOT.jar:/home/user/.m2/repository/org/apache/hadoop/hadoop-hdds-client/0.4.1-SNAPSHOT/hadoop-hdds-client-0.4.1-SNAPSHOT.jar:/home/user/.m2/repository/org/apache/hadoop/hadoop-hdds-tools/0.4.1-SNAPSHOT/hadoop-hdds-tools-0.4.1-SNAPSHOT.jar:/home/user/.m2/repository/org/apache/hadoop/hadoop-hdds-server-scm/0.4.1-SNAPSHOT/hadoop-hdds-server-scm-0.4.1-SNAPSHOT.jar:/home/user/.m2/repository/org/apache/hadoop/hadoop-hdds-docs/0.4.1-SNAPSHOT/hadoop-hdds-docs-0.4.1-SNAPSHOT.jar:/home/user/.m2/repository/io/dropwizard/metrics/metrics-core/3.2.4/metrics-core-3.2.4.jar:/home/user/.m2/repository/org/hamcrest/hamcrest-all/1.3/hamcrest-all-1.3.jar:/home/user/.m2/repository/org/bouncycastle/bcprov-jdk15on/1.60/bcprov-jdk15on-1.60.jar:/home/user/.m2/repository/info/picocli/picocli/3.9.6/picocli-3.9.6.jar:/home/user/.m2/repository/com/google/protobuf/protobuf-java/2.5.0/protobuf-java-2.5.0.jar:/home/user/.m2/repository/com/google/guava/guava/11.0.2/guava-11.0.2.jar:/home/user/.m2/repository/org/apache/hadoop/hadoop-ozone-ozone-manager/0.4.1-SNAPSHOT/hadoop-ozone-ozone-manager-0.4.1-SNAPSHOT.jar:/home/user/.m2/repository/org/apache/hadoop/hadoop-minikdc/3.2.0/hadoop-minikdc-3.2.0.jar:/home/user/.m2/repository/commons-io/commons-io/2.5/commons-io-2.5.jar:/home/user/.m2/repository/org/apache/kerby/kerb-simplekdc/1.0.1/kerb-simplekdc-1.0.1.jar:/home/user/.m2/repository/org/apache/kerby/kerb-client/1.0.1/kerb-client-1.0.1.jar:/home/user/.m2/repository/org/apache/kerby/kerby-config/1.0.1/kerby-config-1.0.1.jar:/home/user/.m2/repository/org/apache/kerby/kerb-core/1.0.1/kerb-core-1.0.1.jar:/home/user/.m2/repository/org/apache/kerby/kerby-pkix/1.0.1/kerby-pkix-1.0.1.jar:/home/user/.m2/repository/org/apache/kerby/kerby-asn1/1.0.1/kerby-asn1-1.0.1.jar:/home/user/.m2/repository/org/apache/kerby/kerby-util/1.0.1/kerby-util-1.0.1.jar:/home/user/.m2/repository/org/apache/kerby/kerb-common/1.0.1/kerb-common-1.0.1.jar:/home/user/.m2/repository/org/apache/kerby/kerb-crypto/1.0.1/kerb-crypto-1.0.1.jar:/home/user/.m2/repository/org/apache/kerby/kerb-util/1.0.1/kerb-util-1.0.1.jar:/home/user/.m2/repository/org/apache/kerby/token-provider/1.0.1/token-provider-1.0.1.jar:/home/user/.m2/repository/org/apache/kerby/kerb-admin/1.0.1/kerb-admin-1.0.1.jar:/home/user/.m2/repository/org/apache/kerby/kerb-server/1.0.1/kerb-server-1.0.1.jar:/home/user/.m2/repository/org/apache/kerby/kerb-identity/1.0.1/kerb-identity-1.0.1.jar:/home/user/.m2/repository/org/apache/kerby/kerby-xdr/1.0.1/kerby-xdr-1.0.1.jar:/home/user/.m2/repository/org/slf4j/slf4j-log4j12/1.7.25/slf4j-log4j12-1.7.25.jar:/home/user/.m2/repository/org/apache/hadoop/hadoop-ozone-objectstore-service/0.4.1-SNAPSHOT/hadoop-ozone-objectstore-service-0.4.1-SNAPSHOT.jar:/home/user/.m2/repository/org/apache/hadoop/hadoop-ozone-s3gateway/0.4.1-SNAPSHOT/hadoop-ozone-s3gateway-0.4.1-SNAPSHOT.jar:/home/user/.m2/repository/org/jboss/weld/servlet/weld-servlet/2.4.7.Final/weld-servlet-2.4.7.Final.jar:/home/user/.m2/repository/org/glassfish/jersey/containers/jersey-container-servlet-core/2.27/jersey-container-servlet-core-2.27.jar:/home/user/.m2/repository/org/glassfish/hk2/external/javax.inject/2.5.0-b42/javax.inject-2.5.0-b42.jar:/home/user/.m2/repository/org/glassfish/jersey/core/jersey-common/2.27/jersey-common-2.27.jar:/home/user/.m2/repository/org/glassfish/hk2/osgi-resource-locator/1.0.1/osgi-resource-locator-1.0.1.jar:/home/user/.m2/repository/javax/ws/rs/javax.ws.rs-api/2.1/javax.ws.rs-api-2.1.jar:/home/user/.m2/repository/org/glassfish/jersey/ext/cdi/jersey-cdi1x/2.27/jersey-cdi1x-2.27.jar:/home/user/.m2/repository/org/glassfish/jersey/inject/jersey-hk2/2.27/jersey-hk2-2.27.jar:/home/user/.m2/repository/org/glassfish/hk2/hk2-locator/2.5.0-b42/hk2-locator-2.5.0-b42.jar:/home/user/.m2/repository/org/javassist/javassist/3.22.0-CR2/javassist-3.22.0-CR2.jar:/home/user/.m2/repository/org/glassfish/hk2/hk2-api/2.5.0/hk2-api-2.5.0.jar:/home/user/.m2/repository/org/glassfish/hk2/external/jakarta.inject/2.5.0/jakarta.inject-2.5.0.jar:/home/user/.m2/repository/org/glassfish/hk2/hk2-utils/2.5.0/hk2-utils-2.5.0.jar:/home/user/.m2/repository/jakarta/annotation/jakarta.annotation-api/1.3.4/jakarta.annotation-api-1.3.4.jar:/home/user/.m2/repository/org/glassfish/hk2/external/aopalliance-repackaged/2.5.0/aopalliance-repackaged-2.5.0.jar:/home/user/.m2/repository/com/fasterxml/jackson/dataformat/jackson-dataformat-xml/2.9.0/jackson-dataformat-xml-2.9.0.jar:/home/user/.m2/repository/com/fasterxml/jackson/core/jackson-core/2.9.5/jackson-core-2.9.5.jar:/home/user/.m2/repository/com/fasterxml/jackson/module/jackson-module-jaxb-annotations/2.9.5/jackson-module-jaxb-annotations-2.9.5.jar:/home/user/.m2/repository/javax/enterprise/cdi-api/1.2/cdi-api-1.2.jar:/home/user/.m2/repository/javax/el/javax.el-api/3.0.0/javax.el-api-3.0.0.jar:/home/user/.m2/repository/javax/interceptor/javax.interceptor-api/1.2/javax.interceptor-api-1.2.jar:/home/user/.m2/repository/javax/inject/javax.inject/1/javax.inject-1.jar:/home/user/.m2/repository/com/sun/xml/bind/jaxb-impl/2.3.0.1/jaxb-impl-2.3.0.1.jar:/home/user/.m2/repository/com/sun/xml/bind/jaxb-core/2.3.0.1/jaxb-core-2.3.0.1.jar:/home/user/.m2/repository/javax/xml/bind/jaxb-api/2.3.0/jaxb-api-2.3.0.jar:/home/user/.m2/repository/javax/activation/activation/1.1.1/activation-1.1.1.jar:/home/user/.m2/repository/org/apache/hadoop/hadoop-ozone-csi/0.4.1-SNAPSHOT/hadoop-ozone-csi-0.4.1-SNAPSHOT.jar:/home/user/.m2/repository/com/google/protobuf/protobuf-java-util/3.5.1/protobuf-java-util-3.5.1.jar:/home/user/.m2/repository/org/apache/hadoop/hadoop-hdds-config/0.4.1-SNAPSHOT/hadoop-hdds-config-0.4.1-SNAPSHOT.jar:/home/user/.m2/repository/io/grpc/grpc-netty/1.17.1/grpc-netty-1.17.1.jar:/home/user/.m2/repository/io/grpc/grpc-core/1.17.1/grpc-core-1.17.1.jar:/home/user/.m2/repository/io/grpc/grpc-context/1.17.1/grpc-context-1.17.1.jar:/home/user/.m2/repository/com/google/errorprone/error_prone_annotations/2.2.0/error_prone_annotations-2.2.0.jar:/home/user/.m2/repository/org/codehaus/mojo/animal-sniffer-annotations/1.17/animal-sniffer-annotations-1.17.jar:/home/user/.m2/repository/io/opencensus/opencensus-api/0.17.0/opencensus-api-0.17.0.jar:/home/user/.m2/repository/io/opencensus/opencensus-contrib-grpc-metrics/0.17.0/opencensus-contrib-grpc-metrics-0.17.0.jar:/home/user/.m2/repository/io/netty/netty-codec-http2/4.1.30.Final/netty-codec-http2-4.1.30.Final.jar:/home/user/.m2/repository/io/netty/netty-codec-http/4.1.30.Final/netty-codec-http-4.1.30.Final.jar:/home/user/.m2/repository/io/netty/netty-codec/4.1.30.Final/netty-codec-4.1.30.Final.jar:/home/user/.m2/repository/io/netty/netty-handler/4.1.30.Final/netty-handler-4.1.30.Final.jar:/home/user/.m2/repository/io/netty/netty-handler-proxy/4.1.30.Final/netty-handler-proxy-4.1.30.Final.jar:/home/user/.m2/repository/io/netty/netty-codec-socks/4.1.30.Final/netty-codec-socks-4.1.30.Final.jar:/home/user/.m2/repository/io/netty/netty-transport-native-epoll/4.1.30.Final/netty-transport-native-epoll-4.1.30.Final.jar:/home/user/.m2/repository/io/netty/netty-common/4.1.30.Final/netty-common-4.1.30.Final.jar:/home/user/.m2/repository/io/netty/netty-buffer/4.1.30.Final/netty-buffer-4.1.30.Final.jar:/home/user/.m2/repository/io/netty/netty-transport/4.1.30.Final/netty-transport-4.1.30.Final.jar:/home/user/.m2/repository/io/netty/netty-resolver/4.1.30.Final/netty-resolver-4.1.30.Final.jar:/home/user/.m2/repository/io/netty/netty-transport-native-unix-common/4.1.30.Final/netty-transport-native-unix-common-4.1.30.Final.jar:/home/user/.m2/repository/io/grpc/grpc-protobuf/1.17.1/grpc-protobuf-1.17.1.jar:/home/user/.m2/repository/com/google/api/grpc/proto-google-common-protos/1.0.0/proto-google-common-protos-1.0.0.jar:/home/user/.m2/repository/io/grpc/grpc-protobuf-lite/1.17.1/grpc-protobuf-lite-1.17.1.jar:/home/user/.m2/repository/io/grpc/grpc-stub/1.17.1/grpc-stub-1.17.1.jar:/home/user/.m2/repository/org/apache/hadoop/hadoop-ozone-recon/0.4.1-SNAPSHOT/hadoop-ozone-recon-0.4.1-SNAPSHOT.jar:/home/user/.m2/repository/org/apache/hadoop/hadoop-ozone-reconcodegen/0.4.1-SNAPSHOT/hadoop-ozone-reconcodegen-0.4.1-SNAPSHOT.jar:/home/user/.m2/repository/com/google/inject/extensions/guice-multibindings/4.0/guice-multibindings-4.0.jar:/home/user/.m2/repository/com/google/inject/guice/4.0/guice-4.0.jar:/home/user/.m2/repository/aopalliance/aopalliance/1.0/aopalliance-1.0.jar:/home/user/.m2/repository/com/google/inject/extensions/guice-servlet/4.0/guice-servlet-4.0.jar:/home/user/.m2/repository/org/glassfish/jersey/containers/jersey-container-servlet/2.27/jersey-container-servlet-2.27.jar:/home/user/.m2/repository/org/glassfish/hk2/guice-bridge/2.5.0/guice-bridge-2.5.0.jar:/home/user/.m2/repository/org/glassfish/jersey/core/jersey-server/2.27/jersey-server-2.27.jar:/home/user/.m2/repository/org/glassfish/jersey/core/jersey-client/2.27/jersey-client-2.27.jar:/home/user/.m2/repository/org/glassfish/jersey/media/jersey-media-jaxb/2.27/jersey-media-jaxb-2.27.jar:/home/user/.m2/repository/javax/validation/validation-api/1.1.0.Final/validation-api-1.1.0.Final.jar:/home/user/.m2/repository/org/glassfish/jersey/media/jersey-media-json-jackson/2.27/jersey-media-json-jackson-2.27.jar:/home/user/.m2/repository/org/glassfish/jersey/ext/jersey-entity-filtering/2.27/jersey-entity-filtering-2.27.jar:/home/user/.m2/repository/com/google/inject/extensions/guice-assistedinject/4.0/guice-assistedinject-4.0.jar:/home/user/.m2/repository/org/jooq/jooq/3.11.10/jooq-3.11.10.jar:/home/user/.m2/repository/org/jooq/jooq-meta/3.11.10/jooq-meta-3.11.10.jar:/home/user/.m2/repository/org/jooq/jooq-codegen/3.11.10/jooq-codegen-3.11.10.jar:/home/user/.m2/repository/com/jolbox/bonecp/0.8.0.RELEASE/bonecp-0.8.0.RELEASE.jar:/home/user/.m2/repository/org/xerial/sqlite-jdbc/3.25.2/sqlite-jdbc-3.25.2.jar:/home/user/.m2/repository/org/springframework/spring-jdbc/5.1.3.RELEASE/spring-jdbc-5.1.3.RELEASE.jar:/home/user/.m2/repository/org/springframework/spring-beans/5.1.3.RELEASE/spring-beans-5.1.3.RELEASE.jar:/home/user/.m2/repository/org/springframework/spring-core/5.1.3.RELEASE/spring-core-5.1.3.RELEASE.jar:/home/user/.m2/repository/org/springframework/spring-jcl/5.1.3.RELEASE/spring-jcl-5.1.3.RELEASE.jar:/home/user/.m2/repository/org/springframework/spring-tx/5.1.3.RELEASE/spring-tx-5.1.3.RELEASE.jar:/home/user/.m2/repository/org/apache/hadoop/hadoop-ozone-client/0.4.1-SNAPSHOT/hadoop-ozone-client-0.4.1-SNAPSHOT.jar:/home/user/.m2/repository/commons-lang/commons-lang/2.6/commons-lang-2.6.jar:/home/user/.m2/repository/org/apache/hadoop/hadoop-ozone-ozone-manager/0.4.1-SNAPSHOT/hadoop-ozone-ozone-manager-0.4.1-SNAPSHOT-tests.jar:/home/user/.m2/repository/junit/junit/4.11/junit-4.11.jar:/home/user/.m2/repository/org/hamcrest/hamcrest-core/1.3/hamcrest-core-1.3.jar:/home/user/.m2/repository/org/openjdk/jmh/jmh-core/1.19/jmh-core-1.19.jar:/home/user/.m2/repository/net/sf/jopt-simple/jopt-simple/4.6/jopt-simple-4.6.jar:/home/user/.m2/repository/org/apache/commons/commons-math3/3.1.1/commons-math3-3.1.1.jar:/home/user/.m2/repository/org/openjdk/jmh/jmh-generator-annprocess/1.19/jmh-generator-annprocess-1.19.jar:/home/user/.m2/repository/org/mockito/mockito-all/1.8.5/mockito-all-1.8.5.jar:/home/user/.m2/repository/org/apache/hadoop/hadoop-kms/3.2.0/hadoop-kms-3.2.0.jar:/home/user/.m2/repository/org/apache/hadoop/hadoop-auth/3.2.0/hadoop-auth-3.2.0.jar:/home/user/.m2/repository/com/nimbusds/nimbus-jose-jwt/4.41.1/nimbus-jose-jwt-4.41.1.jar:/home/user/.m2/repository/com/github/stephenc/jcip/jcip-annotations/1.0-1/jcip-annotations-1.0-1.jar:/home/user/.m2/repository/net/minidev/json-smart/2.3/json-smart-2.3.jar:/home/user/.m2/repository/net/minidev/accessors-smart/1.2/accessors-smart-1.2.jar:/home/user/.m2/repository/org/ow2/asm/asm/5.0.4/asm-5.0.4.jar:/home/user/.m2/repository/org/apache/curator/curator-framework/2.12.0/curator-framework-2.12.0.jar:/home/user/.m2/repository/com/sun/jersey/jersey-core/1.19/jersey-core-1.19.jar:/home/user/.m2/repository/javax/ws/rs/jsr311-api/1.1.1/jsr311-api-1.1.1.jar:/home/user/.m2/repository/com/sun/jersey/jersey-server/1.19/jersey-server-1.19.jar:/home/user/.m2/repository/javax/servlet/javax.servlet-api/3.1.0/javax.servlet-api-3.1.0.jar:/home/user/.m2/repository/org/eclipse/jetty/jetty-server/9.3.24.v20180605/jetty-server-9.3.24.v20180605.jar:/home/user/.m2/repository/org/eclipse/jetty/jetty-http/9.3.24.v20180605/jetty-http-9.3.24.v20180605.jar:/home/user/.m2/repository/org/eclipse/jetty/jetty-io/9.3.24.v20180605/jetty-io-9.3.24.v20180605.jar:/home/user/.m2/repository/org/eclipse/jetty/jetty-webapp/9.3.24.v20180605/jetty-webapp-9.3.24.v20180605.jar:/home/user/.m2/repository/org/eclipse/jetty/jetty-xml/9.3.24.v20180605/jetty-xml-9.3.24.v20180605.jar:/home/user/.m2/repository/log4j/log4j/1.2.17/log4j-1.2.17.jar:/home/user/.m2/repository/org/slf4j/slf4j-api/1.7.25/slf4j-api-1.7.25.jar:/home/user/.m2/repository/org/slf4j/jul-to-slf4j/1.7.25/jul-to-slf4j-1.7.25.jar:/home/user/.m2/repository/org/eclipse/jetty/jetty-util/9.3.24.v20180605/jetty-util-9.3.24.v20180605.jar:/home/user/.m2/repository/com/fasterxml/jackson/core/jackson-databind/2.9.5/jackson-databind-2.9.5.jar:/home/user/.m2/repository/org/apache/hadoop/hadoop-kms/3.2.0/hadoop-kms-3.2.0-tests.jar:/home/user/.m2/repository/org/apache/hadoop/hadoop-hdds-server-scm/0.4.1-SNAPSHOT/hadoop-hdds-server-scm-0.4.1-SNAPSHOT-tests.jar:/home/user/.m2/repository/org/apache/hadoop/hadoop-hdds-container-service/0.4.1-SNAPSHOT/hadoop-hdds-container-service-0.4.1-SNAPSHOT-tests.jar:/home/user/.m2/repository/org/yaml/snakeyaml/1.16/snakeyaml-1.16.jar:/home/user/.m2/repository/org/apache/hadoop/hadoop-common/3.2.0/hadoop-common-3.2.0-tests.jar:/home/user/.m2/repository/org/apache/hadoop/hadoop-annotations/3.2.0/hadoop-annotations-3.2.0.jar:/usr/lib/jvm/java-1.8-openjdk/jre/../lib/tools.jar:/home/user/.m2/repository/commons-cli/commons-cli/1.2/commons-cli-1.2.jar:/home/user/.m2/repository/org/apache/httpcomponents/httpclient/4.5.2/httpclient-4.5.2.jar:/home/user/.m2/repository/org/apache/httpcomponents/httpcore/4.4.4/httpcore-4.4.4.jar:/home/user/.m2/repository/commons-codec/commons-codec/1.11/commons-codec-1.11.jar:/home/user/.m2/repository/commons-net/commons-net/3.6/commons-net-3.6.jar:/home/user/.m2/repository/commons-collections/commons-collections/3.2.2/commons-collections-3.2.2.jar:/home/user/.m2/repository/org/eclipse/jetty/jetty-servlet/9.3.24.v20180605/jetty-servlet-9.3.24.v20180605.jar:/home/user/.m2/repository/org/eclipse/jetty/jetty-security/9.3.24.v20180605/jetty-security-9.3.24.v20180605.jar:/home/user/.m2/repository/javax/servlet/jsp/jsp-api/2.1/jsp-api-2.1.jar:/home/user/.m2/repository/com/sun/jersey/jersey-servlet/1.19/jersey-servlet-1.19.jar:/home/user/.m2/repository/com/sun/jersey/jersey-json/1.19/jersey-json-1.19.jar:/home/user/.m2/repository/org/codehaus/jettison/jettison/1.1/jettison-1.1.jar:/home/user/.m2/repository/org/codehaus/jackson/jackson-core-asl/1.9.13/jackson-core-asl-1.9.13.jar:/home/user/.m2/repository/org/codehaus/jackson/jackson-mapper-asl/1.9.13/jackson-mapper-asl-1.9.13.jar:/home/user/.m2/repository/org/codehaus/jackson/jackson-jaxrs/1.9.13/jackson-jaxrs-1.9.13.jar:/home/user/.m2/repository/org/codehaus/jackson/jackson-xc/1.9.13/jackson-xc-1.9.13.jar:/home/user/.m2/repository/commons-logging/commons-logging/1.1.3/commons-logging-1.1.3.jar:/home/user/.m2/repository/commons-beanutils/commons-beanutils/1.9.3/commons-beanutils-1.9.3.jar:/home/user/.m2/repository/org/apache/commons/commons-configuration2/2.1.1/commons-configuration2-2.1.1.jar:/home/user/.m2/repository/org/apache/commons/commons-lang3/3.7/commons-lang3-3.7.jar:/home/user/.m2/repository/org/apache/commons/commons-text/1.4/commons-text-1.4.jar:/home/user/.m2/repository/org/apache/avro/avro/1.7.7/avro-1.7.7.jar:/home/user/.m2/repository/com/thoughtworks/paranamer/paranamer/2.3/paranamer-2.3.jar:/home/user/.m2/repository/org/xerial/snappy/snappy-java/1.0.5/snappy-java-1.0.5.jar:/home/user/.m2/repository/com/google/re2j/re2j/1.1/re2j-1.1.jar:/home/user/.m2/repository/com/google/code/gson/gson/2.2.4/gson-2.2.4.jar:/home/user/.m2/repository/com/jcraft/jsch/0.1.54/jsch-0.1.54.jar:/home/user/.m2/repository/org/apache/curator/curator-client/2.12.0/curator-client-2.12.0.jar:/home/user/.m2/repository/org/apache/curator/curator-recipes/2.12.0/curator-recipes-2.12.0.jar:/home/user/.m2/repository/com/google/code/findbugs/jsr305/3.0.0/jsr305-3.0.0.jar:/home/user/.m2/repository/org/apache/htrace/htrace-core4/4.1.0-incubating/htrace-core4-4.1.0-incubating.jar:/home/user/.m2/repository/org/apache/zookeeper/zookeeper/3.4.13/zookeeper-3.4.13.jar:/home/user/.m2/repository/org/apache/yetus/audience-annotations/0.5.0/audience-annotations-0.5.0.jar:/home/user/.m2/repository/org/codehaus/woodstox/stax2-api/3.1.4/stax2-api-3.1.4.jar:/home/user/.m2/repository/com/fasterxml/woodstox/woodstox-core/5.0.3/woodstox-core-5.0.3.jar:/home/user/.m2/repository/dnsjava/dnsjava/2.1.7/dnsjava-2.1.7.jar:/home/user/.m2/repository/org/apache/hadoop/hadoop-hdfs/3.2.0/hadoop-hdfs-3.2.0-tests.jar:/home/user/.m2/repository/org/eclipse/jetty/jetty-util-ajax/9.3.24.v20180605/jetty-util-ajax-9.3.24.v20180605.jar:/home/user/.m2/repository/commons-daemon/commons-daemon/1.0.13/commons-daemon-1.0.13.jar:/home/user/.m2/repository/io/netty/netty/3.10.5.Final/netty-3.10.5.Final.jar:/home/user/.m2/repository/io/netty/netty-all/4.0.52.Final/netty-all-4.0.52.Final.jar:/home/user/.m2/repository/org/fusesource/leveldbjni/leveldbjni-all/1.8/leveldbjni-all-1.8.jar:"/>
    <property name="java.vm.vendor" value="IcedTea"/>
    <property name="sun.arch.data.model" value="64"/>
    <property name="test.build.dir" value="/workdir/hadoop-ozone/integration-test/target/test-dir"/>
    <property name="test.cache.data" value=""/>
    <property name="java.vendor.url" value="https://icedtea.classpath.org"/>
    <property name="user.timezone" value=""/>
    <property name="java.vm.specification.version" value="1.8"/>
    <property name="os.name" value="Linux"/>
    <property name="test.build.data" value="/workdir/hadoop-ozone/integration-test/target/test-dir"/>
    <property name="user.country" value="US"/>
    <property name="sun.java.launcher" value="SUN_STANDARD"/>
    <property name="sun.boot.library.path" value="/usr/lib/jvm/java-1.8-openjdk/jre/lib/amd64"/>
    <property name="sun.java.command" value="/workdir/hadoop-ozone/integration-test/target/surefire/surefirebooter1959724297180875556.jar /workdir/hadoop-ozone/integration-test/target/surefire 2019-08-03T03-12-43_534-jvmRun1 surefire4745047790964072573tmp surefire_414908865852489062764tmp"/>
    <property name="surefire.test.class.path" value="/workdir/hadoop-ozone/integration-test/target/test-classes:/workdir/hadoop-ozone/integration-test/target/classes:/home/user/.m2/repository/org/apache/hadoop/hadoop-ozone-common/0.4.1-SNAPSHOT/hadoop-ozone-common-0.4.1-SNAPSHOT.jar:/home/user/.m2/repository/org/apache/commons/commons-compress/1.4.1/commons-compress-1.4.1.jar:/home/user/.m2/repository/org/tukaani/xz/1.0/xz-1.0.jar:/home/user/.m2/repository/org/apache/hadoop/hadoop-common/3.2.0/hadoop-common-3.2.0.jar:/home/user/.m2/repository/org/apache/hadoop/hadoop-hdfs/3.2.0/hadoop-hdfs-3.2.0.jar:/home/user/.m2/repository/org/apache/hadoop/hadoop-hdfs-client/3.2.0/hadoop-hdfs-client-3.2.0.jar:/home/user/.m2/repository/com/fasterxml/jackson/core/jackson-annotations/2.9.5/jackson-annotations-2.9.5.jar:/home/user/.m2/repository/org/apache/hadoop/hadoop-hdds-common/0.4.1-SNAPSHOT/hadoop-hdds-common-0.4.1-SNAPSHOT.jar:/home/user/.m2/repository/javax/annotation/javax.annotation-api/1.2/javax.annotation-api-1.2.jar:/home/user/.m2/repository/org/apache/ratis/ratis-server/0.4.0-2337318-SNAPSHOT/ratis-server-0.4.0-2337318-SNAPSHOT.jar:/home/user/.m2/repository/org/apache/ratis/ratis-thirdparty-misc/0.2.0/ratis-thirdparty-misc-0.2.0.jar:/home/user/.m2/repository/org/apache/ratis/ratis-proto/0.4.0-2337318-SNAPSHOT/ratis-proto-0.4.0-2337318-SNAPSHOT.jar:/home/user/.m2/repository/org/apache/ratis/ratis-common/0.4.0-2337318-SNAPSHOT/ratis-common-0.4.0-2337318-SNAPSHOT.jar:/home/user/.m2/repository/org/apache/ratis/ratis-client/0.4.0-2337318-SNAPSHOT/ratis-client-0.4.0-2337318-SNAPSHOT.jar:/home/user/.m2/repository/org/apache/ratis/ratis-metrics/0.4.0-2337318-SNAPSHOT/ratis-metrics-0.4.0-2337318-SNAPSHOT.jar:/home/user/.m2/repository/org/apache/ratis/ratis-netty/0.4.0-2337318-SNAPSHOT/ratis-netty-0.4.0-2337318-SNAPSHOT.jar:/home/user/.m2/repository/org/apache/ratis/ratis-grpc/0.4.0-2337318-SNAPSHOT/ratis-grpc-0.4.0-2337318-SNAPSHOT.jar:/home/user/.m2/repository/org/rocksdb/rocksdbjni/6.0.1/rocksdbjni-6.0.1.jar:/home/user/.m2/repository/org/apache/logging/log4j/log4j-api/2.11.0/log4j-api-2.11.0.jar:/home/user/.m2/repository/org/apache/logging/log4j/log4j-core/2.11.0/log4j-core-2.11.0.jar:/home/user/.m2/repository/com/lmax/disruptor/3.4.2/disruptor-3.4.2.jar:/home/user/.m2/repository/org/apache/commons/commons-pool2/2.6.0/commons-pool2-2.6.0.jar:/home/user/.m2/repository/org/bouncycastle/bcpkix-jdk15on/1.60/bcpkix-jdk15on-1.60.jar:/home/user/.m2/repository/commons-validator/commons-validator/1.6/commons-validator-1.6.jar:/home/user/.m2/repository/commons-digester/commons-digester/1.8.1/commons-digester-1.8.1.jar:/home/user/.m2/repository/io/jaegertracing/jaeger-client/0.33.1/jaeger-client-0.33.1.jar:/home/user/.m2/repository/io/jaegertracing/jaeger-thrift/0.33.1/jaeger-thrift-0.33.1.jar:/home/user/.m2/repository/org/apache/thrift/libthrift/0.11.0/libthrift-0.11.0.jar:/home/user/.m2/repository/com/squareup/okhttp3/okhttp/3.9.0/okhttp-3.9.0.jar:/home/user/.m2/repository/com/squareup/okio/okio/1.13.0/okio-1.13.0.jar:/home/user/.m2/repository/io/jaegertracing/jaeger-core/0.33.1/jaeger-core-0.33.1.jar:/home/user/.m2/repository/io/jaegertracing/jaeger-tracerresolver/0.33.1/jaeger-tracerresolver-0.33.1.jar:/home/user/.m2/repository/io/opentracing/contrib/opentracing-tracerresolver/0.1.5/opentracing-tracerresolver-0.1.5.jar:/home/user/.m2/repository/io/opentracing/opentracing-util/0.31.0/opentracing-util-0.31.0.jar:/home/user/.m2/repository/io/opentracing/opentracing-api/0.31.0/opentracing-api-0.31.0.jar:/home/user/.m2/repository/io/opentracing/opentracing-noop/0.31.0/opentracing-noop-0.31.0.jar:/home/user/.m2/repository/org/apache/hadoop/hadoop-hdds-server-framework/0.4.1-SNAPSHOT/hadoop-hdds-server-framework-0.4.1-SNAPSHOT.jar:/home/user/.m2/repository/org/apache/hadoop/hadoop-hdds-container-service/0.4.1-SNAPSHOT/hadoop-hdds-container-service-0.4.1-SNAPSHOT.jar:/home/user/.m2/repository/org/apache/hadoop/hadoop-hdds-client/0.4.1-SNAPSHOT/hadoop-hdds-client-0.4.1-SNAPSHOT.jar:/home/user/.m2/repository/org/apache/hadoop/hadoop-hdds-tools/0.4.1-SNAPSHOT/hadoop-hdds-tools-0.4.1-SNAPSHOT.jar:/home/user/.m2/repository/org/apache/hadoop/hadoop-hdds-server-scm/0.4.1-SNAPSHOT/hadoop-hdds-server-scm-0.4.1-SNAPSHOT.jar:/home/user/.m2/repository/org/apache/hadoop/hadoop-hdds-docs/0.4.1-SNAPSHOT/hadoop-hdds-docs-0.4.1-SNAPSHOT.jar:/home/user/.m2/repository/io/dropwizard/metrics/metrics-core/3.2.4/metrics-core-3.2.4.jar:/home/user/.m2/repository/org/hamcrest/hamcrest-all/1.3/hamcrest-all-1.3.jar:/home/user/.m2/repository/org/bouncycastle/bcprov-jdk15on/1.60/bcprov-jdk15on-1.60.jar:/home/user/.m2/repository/info/picocli/picocli/3.9.6/picocli-3.9.6.jar:/home/user/.m2/repository/com/google/protobuf/protobuf-java/2.5.0/protobuf-java-2.5.0.jar:/home/user/.m2/repository/com/google/guava/guava/11.0.2/guava-11.0.2.jar:/home/user/.m2/repository/org/apache/hadoop/hadoop-ozone-ozone-manager/0.4.1-SNAPSHOT/hadoop-ozone-ozone-manager-0.4.1-SNAPSHOT.jar:/home/user/.m2/repository/org/apache/hadoop/hadoop-minikdc/3.2.0/hadoop-minikdc-3.2.0.jar:/home/user/.m2/repository/commons-io/commons-io/2.5/commons-io-2.5.jar:/home/user/.m2/repository/org/apache/kerby/kerb-simplekdc/1.0.1/kerb-simplekdc-1.0.1.jar:/home/user/.m2/repository/org/apache/kerby/kerb-client/1.0.1/kerb-client-1.0.1.jar:/home/user/.m2/repository/org/apache/kerby/kerby-config/1.0.1/kerby-config-1.0.1.jar:/home/user/.m2/repository/org/apache/kerby/kerb-core/1.0.1/kerb-core-1.0.1.jar:/home/user/.m2/repository/org/apache/kerby/kerby-pkix/1.0.1/kerby-pkix-1.0.1.jar:/home/user/.m2/repository/org/apache/kerby/kerby-asn1/1.0.1/kerby-asn1-1.0.1.jar:/home/user/.m2/repository/org/apache/kerby/kerby-util/1.0.1/kerby-util-1.0.1.jar:/home/user/.m2/repository/org/apache/kerby/kerb-common/1.0.1/kerb-common-1.0.1.jar:/home/user/.m2/repository/org/apache/kerby/kerb-crypto/1.0.1/kerb-crypto-1.0.1.jar:/home/user/.m2/repository/org/apache/kerby/kerb-util/1.0.1/kerb-util-1.0.1.jar:/home/user/.m2/repository/org/apache/kerby/token-provider/1.0.1/token-provider-1.0.1.jar:/home/user/.m2/repository/org/apache/kerby/kerb-admin/1.0.1/kerb-admin-1.0.1.jar:/home/user/.m2/repository/org/apache/kerby/kerb-server/1.0.1/kerb-server-1.0.1.jar:/home/user/.m2/repository/org/apache/kerby/kerb-identity/1.0.1/kerb-identity-1.0.1.jar:/home/user/.m2/repository/org/apache/kerby/kerby-xdr/1.0.1/kerby-xdr-1.0.1.jar:/home/user/.m2/repository/org/slf4j/slf4j-log4j12/1.7.25/slf4j-log4j12-1.7.25.jar:/home/user/.m2/repository/org/apache/hadoop/hadoop-ozone-objectstore-service/0.4.1-SNAPSHOT/hadoop-ozone-objectstore-service-0.4.1-SNAPSHOT.jar:/home/user/.m2/repository/org/apache/hadoop/hadoop-ozone-s3gateway/0.4.1-SNAPSHOT/hadoop-ozone-s3gateway-0.4.1-SNAPSHOT.jar:/home/user/.m2/repository/org/jboss/weld/servlet/weld-servlet/2.4.7.Final/weld-servlet-2.4.7.Final.jar:/home/user/.m2/repository/org/glassfish/jersey/containers/jersey-container-servlet-core/2.27/jersey-container-servlet-core-2.27.jar:/home/user/.m2/repository/org/glassfish/hk2/external/javax.inject/2.5.0-b42/javax.inject-2.5.0-b42.jar:/home/user/.m2/repository/org/glassfish/jersey/core/jersey-common/2.27/jersey-common-2.27.jar:/home/user/.m2/repository/org/glassfish/hk2/osgi-resource-locator/1.0.1/osgi-resource-locator-1.0.1.jar:/home/user/.m2/repository/javax/ws/rs/javax.ws.rs-api/2.1/javax.ws.rs-api-2.1.jar:/home/user/.m2/repository/org/glassfish/jersey/ext/cdi/jersey-cdi1x/2.27/jersey-cdi1x-2.27.jar:/home/user/.m2/repository/org/glassfish/jersey/inject/jersey-hk2/2.27/jersey-hk2-2.27.jar:/home/user/.m2/repository/org/glassfish/hk2/hk2-locator/2.5.0-b42/hk2-locator-2.5.0-b42.jar:/home/user/.m2/repository/org/javassist/javassist/3.22.0-CR2/javassist-3.22.0-CR2.jar:/home/user/.m2/repository/org/glassfish/hk2/hk2-api/2.5.0/hk2-api-2.5.0.jar:/home/user/.m2/repository/org/glassfish/hk2/external/jakarta.inject/2.5.0/jakarta.inject-2.5.0.jar:/home/user/.m2/repository/org/glassfish/hk2/hk2-utils/2.5.0/hk2-utils-2.5.0.jar:/home/user/.m2/repository/jakarta/annotation/jakarta.annotation-api/1.3.4/jakarta.annotation-api-1.3.4.jar:/home/user/.m2/repository/org/glassfish/hk2/external/aopalliance-repackaged/2.5.0/aopalliance-repackaged-2.5.0.jar:/home/user/.m2/repository/com/fasterxml/jackson/dataformat/jackson-dataformat-xml/2.9.0/jackson-dataformat-xml-2.9.0.jar:/home/user/.m2/repository/com/fasterxml/jackson/core/jackson-core/2.9.5/jackson-core-2.9.5.jar:/home/user/.m2/repository/com/fasterxml/jackson/module/jackson-module-jaxb-annotations/2.9.5/jackson-module-jaxb-annotations-2.9.5.jar:/home/user/.m2/repository/javax/enterprise/cdi-api/1.2/cdi-api-1.2.jar:/home/user/.m2/repository/javax/el/javax.el-api/3.0.0/javax.el-api-3.0.0.jar:/home/user/.m2/repository/javax/interceptor/javax.interceptor-api/1.2/javax.interceptor-api-1.2.jar:/home/user/.m2/repository/javax/inject/javax.inject/1/javax.inject-1.jar:/home/user/.m2/repository/com/sun/xml/bind/jaxb-impl/2.3.0.1/jaxb-impl-2.3.0.1.jar:/home/user/.m2/repository/com/sun/xml/bind/jaxb-core/2.3.0.1/jaxb-core-2.3.0.1.jar:/home/user/.m2/repository/javax/xml/bind/jaxb-api/2.3.0/jaxb-api-2.3.0.jar:/home/user/.m2/repository/javax/activation/activation/1.1.1/activation-1.1.1.jar:/home/user/.m2/repository/org/apache/hadoop/hadoop-ozone-csi/0.4.1-SNAPSHOT/hadoop-ozone-csi-0.4.1-SNAPSHOT.jar:/home/user/.m2/repository/com/google/protobuf/protobuf-java-util/3.5.1/protobuf-java-util-3.5.1.jar:/home/user/.m2/repository/org/apache/hadoop/hadoop-hdds-config/0.4.1-SNAPSHOT/hadoop-hdds-config-0.4.1-SNAPSHOT.jar:/home/user/.m2/repository/io/grpc/grpc-netty/1.17.1/grpc-netty-1.17.1.jar:/home/user/.m2/repository/io/grpc/grpc-core/1.17.1/grpc-core-1.17.1.jar:/home/user/.m2/repository/io/grpc/grpc-context/1.17.1/grpc-context-1.17.1.jar:/home/user/.m2/repository/com/google/errorprone/error_prone_annotations/2.2.0/error_prone_annotations-2.2.0.jar:/home/user/.m2/repository/org/codehaus/mojo/animal-sniffer-annotations/1.17/animal-sniffer-annotations-1.17.jar:/home/user/.m2/repository/io/opencensus/opencensus-api/0.17.0/opencensus-api-0.17.0.jar:/home/user/.m2/repository/io/opencensus/opencensus-contrib-grpc-metrics/0.17.0/opencensus-contrib-grpc-metrics-0.17.0.jar:/home/user/.m2/repository/io/netty/netty-codec-http2/4.1.30.Final/netty-codec-http2-4.1.30.Final.jar:/home/user/.m2/repository/io/netty/netty-codec-http/4.1.30.Final/netty-codec-http-4.1.30.Final.jar:/home/user/.m2/repository/io/netty/netty-codec/4.1.30.Final/netty-codec-4.1.30.Final.jar:/home/user/.m2/repository/io/netty/netty-handler/4.1.30.Final/netty-handler-4.1.30.Final.jar:/home/user/.m2/repository/io/netty/netty-handler-proxy/4.1.30.Final/netty-handler-proxy-4.1.30.Final.jar:/home/user/.m2/repository/io/netty/netty-codec-socks/4.1.30.Final/netty-codec-socks-4.1.30.Final.jar:/home/user/.m2/repository/io/netty/netty-transport-native-epoll/4.1.30.Final/netty-transport-native-epoll-4.1.30.Final.jar:/home/user/.m2/repository/io/netty/netty-common/4.1.30.Final/netty-common-4.1.30.Final.jar:/home/user/.m2/repository/io/netty/netty-buffer/4.1.30.Final/netty-buffer-4.1.30.Final.jar:/home/user/.m2/repository/io/netty/netty-transport/4.1.30.Final/netty-transport-4.1.30.Final.jar:/home/user/.m2/repository/io/netty/netty-resolver/4.1.30.Final/netty-resolver-4.1.30.Final.jar:/home/user/.m2/repository/io/netty/netty-transport-native-unix-common/4.1.30.Final/netty-transport-native-unix-common-4.1.30.Final.jar:/home/user/.m2/repository/io/grpc/grpc-protobuf/1.17.1/grpc-protobuf-1.17.1.jar:/home/user/.m2/repository/com/google/api/grpc/proto-google-common-protos/1.0.0/proto-google-common-protos-1.0.0.jar:/home/user/.m2/repository/io/grpc/grpc-protobuf-lite/1.17.1/grpc-protobuf-lite-1.17.1.jar:/home/user/.m2/repository/io/grpc/grpc-stub/1.17.1/grpc-stub-1.17.1.jar:/home/user/.m2/repository/org/apache/hadoop/hadoop-ozone-recon/0.4.1-SNAPSHOT/hadoop-ozone-recon-0.4.1-SNAPSHOT.jar:/home/user/.m2/repository/org/apache/hadoop/hadoop-ozone-reconcodegen/0.4.1-SNAPSHOT/hadoop-ozone-reconcodegen-0.4.1-SNAPSHOT.jar:/home/user/.m2/repository/com/google/inject/extensions/guice-multibindings/4.0/guice-multibindings-4.0.jar:/home/user/.m2/repository/com/google/inject/guice/4.0/guice-4.0.jar:/home/user/.m2/repository/aopalliance/aopalliance/1.0/aopalliance-1.0.jar:/home/user/.m2/repository/com/google/inject/extensions/guice-servlet/4.0/guice-servlet-4.0.jar:/home/user/.m2/repository/org/glassfish/jersey/containers/jersey-container-servlet/2.27/jersey-container-servlet-2.27.jar:/home/user/.m2/repository/org/glassfish/hk2/guice-bridge/2.5.0/guice-bridge-2.5.0.jar:/home/user/.m2/repository/org/glassfish/jersey/core/jersey-server/2.27/jersey-server-2.27.jar:/home/user/.m2/repository/org/glassfish/jersey/core/jersey-client/2.27/jersey-client-2.27.jar:/home/user/.m2/repository/org/glassfish/jersey/media/jersey-media-jaxb/2.27/jersey-media-jaxb-2.27.jar:/home/user/.m2/repository/javax/validation/validation-api/1.1.0.Final/validation-api-1.1.0.Final.jar:/home/user/.m2/repository/org/glassfish/jersey/media/jersey-media-json-jackson/2.27/jersey-media-json-jackson-2.27.jar:/home/user/.m2/repository/org/glassfish/jersey/ext/jersey-entity-filtering/2.27/jersey-entity-filtering-2.27.jar:/home/user/.m2/repository/com/google/inject/extensions/guice-assistedinject/4.0/guice-assistedinject-4.0.jar:/home/user/.m2/repository/org/jooq/jooq/3.11.10/jooq-3.11.10.jar:/home/user/.m2/repository/org/jooq/jooq-meta/3.11.10/jooq-meta-3.11.10.jar:/home/user/.m2/repository/org/jooq/jooq-codegen/3.11.10/jooq-codegen-3.11.10.jar:/home/user/.m2/repository/com/jolbox/bonecp/0.8.0.RELEASE/bonecp-0.8.0.RELEASE.jar:/home/user/.m2/repository/org/xerial/sqlite-jdbc/3.25.2/sqlite-jdbc-3.25.2.jar:/home/user/.m2/repository/org/springframework/spring-jdbc/5.1.3.RELEASE/spring-jdbc-5.1.3.RELEASE.jar:/home/user/.m2/repository/org/springframework/spring-beans/5.1.3.RELEASE/spring-beans-5.1.3.RELEASE.jar:/home/user/.m2/repository/org/springframework/spring-core/5.1.3.RELEASE/spring-core-5.1.3.RELEASE.jar:/home/user/.m2/repository/org/springframework/spring-jcl/5.1.3.RELEASE/spring-jcl-5.1.3.RELEASE.jar:/home/user/.m2/repository/org/springframework/spring-tx/5.1.3.RELEASE/spring-tx-5.1.3.RELEASE.jar:/home/user/.m2/repository/org/apache/hadoop/hadoop-ozone-client/0.4.1-SNAPSHOT/hadoop-ozone-client-0.4.1-SNAPSHOT.jar:/home/user/.m2/repository/commons-lang/commons-lang/2.6/commons-lang-2.6.jar:/home/user/.m2/repository/org/apache/hadoop/hadoop-ozone-ozone-manager/0.4.1-SNAPSHOT/hadoop-ozone-ozone-manager-0.4.1-SNAPSHOT-tests.jar:/home/user/.m2/repository/junit/junit/4.11/junit-4.11.jar:/home/user/.m2/repository/org/hamcrest/hamcrest-core/1.3/hamcrest-core-1.3.jar:/home/user/.m2/repository/org/openjdk/jmh/jmh-core/1.19/jmh-core-1.19.jar:/home/user/.m2/repository/net/sf/jopt-simple/jopt-simple/4.6/jopt-simple-4.6.jar:/home/user/.m2/repository/org/apache/commons/commons-math3/3.1.1/commons-math3-3.1.1.jar:/home/user/.m2/repository/org/openjdk/jmh/jmh-generator-annprocess/1.19/jmh-generator-annprocess-1.19.jar:/home/user/.m2/repository/org/mockito/mockito-all/1.8.5/mockito-all-1.8.5.jar:/home/user/.m2/repository/org/apache/hadoop/hadoop-kms/3.2.0/hadoop-kms-3.2.0.jar:/home/user/.m2/repository/org/apache/hadoop/hadoop-auth/3.2.0/hadoop-auth-3.2.0.jar:/home/user/.m2/repository/com/nimbusds/nimbus-jose-jwt/4.41.1/nimbus-jose-jwt-4.41.1.jar:/home/user/.m2/repository/com/github/stephenc/jcip/jcip-annotations/1.0-1/jcip-annotations-1.0-1.jar:/home/user/.m2/repository/net/minidev/json-smart/2.3/json-smart-2.3.jar:/home/user/.m2/repository/net/minidev/accessors-smart/1.2/accessors-smart-1.2.jar:/home/user/.m2/repository/org/ow2/asm/asm/5.0.4/asm-5.0.4.jar:/home/user/.m2/repository/org/apache/curator/curator-framework/2.12.0/curator-framework-2.12.0.jar:/home/user/.m2/repository/com/sun/jersey/jersey-core/1.19/jersey-core-1.19.jar:/home/user/.m2/repository/javax/ws/rs/jsr311-api/1.1.1/jsr311-api-1.1.1.jar:/home/user/.m2/repository/com/sun/jersey/jersey-server/1.19/jersey-server-1.19.jar:/home/user/.m2/repository/javax/servlet/javax.servlet-api/3.1.0/javax.servlet-api-3.1.0.jar:/home/user/.m2/repository/org/eclipse/jetty/jetty-server/9.3.24.v20180605/jetty-server-9.3.24.v20180605.jar:/home/user/.m2/repository/org/eclipse/jetty/jetty-http/9.3.24.v20180605/jetty-http-9.3.24.v20180605.jar:/home/user/.m2/repository/org/eclipse/jetty/jetty-io/9.3.24.v20180605/jetty-io-9.3.24.v20180605.jar:/home/user/.m2/repository/org/eclipse/jetty/jetty-webapp/9.3.24.v20180605/jetty-webapp-9.3.24.v20180605.jar:/home/user/.m2/repository/org/eclipse/jetty/jetty-xml/9.3.24.v20180605/jetty-xml-9.3.24.v20180605.jar:/home/user/.m2/repository/log4j/log4j/1.2.17/log4j-1.2.17.jar:/home/user/.m2/repository/org/slf4j/slf4j-api/1.7.25/slf4j-api-1.7.25.jar:/home/user/.m2/repository/org/slf4j/jul-to-slf4j/1.7.25/jul-to-slf4j-1.7.25.jar:/home/user/.m2/repository/org/eclipse/jetty/jetty-util/9.3.24.v20180605/jetty-util-9.3.24.v20180605.jar:/home/user/.m2/repository/com/fasterxml/jackson/core/jackson-databind/2.9.5/jackson-databind-2.9.5.jar:/home/user/.m2/repository/org/apache/hadoop/hadoop-kms/3.2.0/hadoop-kms-3.2.0-tests.jar:/home/user/.m2/repository/org/apache/hadoop/hadoop-hdds-server-scm/0.4.1-SNAPSHOT/hadoop-hdds-server-scm-0.4.1-SNAPSHOT-tests.jar:/home/user/.m2/repository/org/apache/hadoop/hadoop-hdds-container-service/0.4.1-SNAPSHOT/hadoop-hdds-container-service-0.4.1-SNAPSHOT-tests.jar:/home/user/.m2/repository/org/yaml/snakeyaml/1.16/snakeyaml-1.16.jar:/home/user/.m2/repository/org/apache/hadoop/hadoop-common/3.2.0/hadoop-common-3.2.0-tests.jar:/home/user/.m2/repository/org/apache/hadoop/hadoop-annotations/3.2.0/hadoop-annotations-3.2.0.jar:/usr/lib/jvm/java-1.8-openjdk/jre/../lib/tools.jar:/home/user/.m2/repository/commons-cli/commons-cli/1.2/commons-cli-1.2.jar:/home/user/.m2/repository/org/apache/httpcomponents/httpclient/4.5.2/httpclient-4.5.2.jar:/home/user/.m2/repository/org/apache/httpcomponents/httpcore/4.4.4/httpcore-4.4.4.jar:/home/user/.m2/repository/commons-codec/commons-codec/1.11/commons-codec-1.11.jar:/home/user/.m2/repository/commons-net/commons-net/3.6/commons-net-3.6.jar:/home/user/.m2/repository/commons-collections/commons-collections/3.2.2/commons-collections-3.2.2.jar:/home/user/.m2/repository/org/eclipse/jetty/jetty-servlet/9.3.24.v20180605/jetty-servlet-9.3.24.v20180605.jar:/home/user/.m2/repository/org/eclipse/jetty/jetty-security/9.3.24.v20180605/jetty-security-9.3.24.v20180605.jar:/home/user/.m2/repository/javax/servlet/jsp/jsp-api/2.1/jsp-api-2.1.jar:/home/user/.m2/repository/com/sun/jersey/jersey-servlet/1.19/jersey-servlet-1.19.jar:/home/user/.m2/repository/com/sun/jersey/jersey-json/1.19/jersey-json-1.19.jar:/home/user/.m2/repository/org/codehaus/jettison/jettison/1.1/jettison-1.1.jar:/home/user/.m2/repository/org/codehaus/jackson/jackson-core-asl/1.9.13/jackson-core-asl-1.9.13.jar:/home/user/.m2/repository/org/codehaus/jackson/jackson-mapper-asl/1.9.13/jackson-mapper-asl-1.9.13.jar:/home/user/.m2/repository/org/codehaus/jackson/jackson-jaxrs/1.9.13/jackson-jaxrs-1.9.13.jar:/home/user/.m2/repository/org/codehaus/jackson/jackson-xc/1.9.13/jackson-xc-1.9.13.jar:/home/user/.m2/repository/commons-logging/commons-logging/1.1.3/commons-logging-1.1.3.jar:/home/user/.m2/repository/commons-beanutils/commons-beanutils/1.9.3/commons-beanutils-1.9.3.jar:/home/user/.m2/repository/org/apache/commons/commons-configuration2/2.1.1/commons-configuration2-2.1.1.jar:/home/user/.m2/repository/org/apache/commons/commons-lang3/3.7/commons-lang3-3.7.jar:/home/user/.m2/repository/org/apache/commons/commons-text/1.4/commons-text-1.4.jar:/home/user/.m2/repository/org/apache/avro/avro/1.7.7/avro-1.7.7.jar:/home/user/.m2/repository/com/thoughtworks/paranamer/paranamer/2.3/paranamer-2.3.jar:/home/user/.m2/repository/org/xerial/snappy/snappy-java/1.0.5/snappy-java-1.0.5.jar:/home/user/.m2/repository/com/google/re2j/re2j/1.1/re2j-1.1.jar:/home/user/.m2/repository/com/google/code/gson/gson/2.2.4/gson-2.2.4.jar:/home/user/.m2/repository/com/jcraft/jsch/0.1.54/jsch-0.1.54.jar:/home/user/.m2/repository/org/apache/curator/curator-client/2.12.0/curator-client-2.12.0.jar:/home/user/.m2/repository/org/apache/curator/curator-recipes/2.12.0/curator-recipes-2.12.0.jar:/home/user/.m2/repository/com/google/code/findbugs/jsr305/3.0.0/jsr305-3.0.0.jar:/home/user/.m2/repository/org/apache/htrace/htrace-core4/4.1.0-incubating/htrace-core4-4.1.0-incubating.jar:/home/user/.m2/repository/org/apache/zookeeper/zookeeper/3.4.13/zookeeper-3.4.13.jar:/home/user/.m2/repository/org/apache/yetus/audience-annotations/0.5.0/audience-annotations-0.5.0.jar:/home/user/.m2/repository/org/codehaus/woodstox/stax2-api/3.1.4/stax2-api-3.1.4.jar:/home/user/.m2/repository/com/fasterxml/woodstox/woodstox-core/5.0.3/woodstox-core-5.0.3.jar:/home/user/.m2/repository/dnsjava/dnsjava/2.1.7/dnsjava-2.1.7.jar:/home/user/.m2/repository/org/apache/hadoop/hadoop-hdfs/3.2.0/hadoop-hdfs-3.2.0-tests.jar:/home/user/.m2/repository/org/eclipse/jetty/jetty-util-ajax/9.3.24.v20180605/jetty-util-ajax-9.3.24.v20180605.jar:/home/user/.m2/repository/commons-daemon/commons-daemon/1.0.13/commons-daemon-1.0.13.jar:/home/user/.m2/repository/io/netty/netty/3.10.5.Final/netty-3.10.5.Final.jar:/home/user/.m2/repository/io/netty/netty-all/4.0.52.Final/netty-all-4.0.52.Final.jar:/home/user/.m2/repository/org/fusesource/leveldbjni/leveldbjni-all/1.8/leveldbjni-all-1.8.jar:"/>
    <property name="sun.cpu.endian" value="little"/>
    <property name="user.home" value="/home/user"/>
    <property name="user.language" value="en"/>
    <property name="java.specification.vendor" value="Oracle Corporation"/>
    <property name="java.home" value="/usr/lib/jvm/java-1.8-openjdk/jre"/>
    <property name="java.security.krb5.conf" value="/workdir/hadoop-ozone/integration-test/target/test-classes/krb5.conf"/>
    <property name="basedir" value="/workdir/hadoop-ozone/integration-test"/>
    <property name="file.separator" value="/"/>
    <property name="line.separator" value="&#10;"/>
    <property name="java.vm.specification.vendor" value="Oracle Corporation"/>
    <property name="java.specification.name" value="Java Platform API Specification"/>
    <property name="java.awt.graphicsenv" value="sun.awt.X11GraphicsEnvironment"/>
    <property name="surefire.real.class.path" value="/workdir/hadoop-ozone/integration-test/target/surefire/surefirebooter1959724297180875556.jar"/>
    <property name="hadoop.log.dir" value="/workdir/hadoop-ozone/integration-test/target/log"/>
    <property name="sun.boot.class.path" value="/usr/lib/jvm/java-1.8-openjdk/jre/lib/resources.jar:/usr/lib/jvm/java-1.8-openjdk/jre/lib/rt.jar:/usr/lib/jvm/java-1.8-openjdk/jre/lib/sunrsasign.jar:/usr/lib/jvm/java-1.8-openjdk/jre/lib/jsse.jar:/usr/lib/jvm/java-1.8-openjdk/jre/lib/jce.jar:/usr/lib/jvm/java-1.8-openjdk/jre/lib/charsets.jar:/usr/lib/jvm/java-1.8-openjdk/jre/lib/jfr.jar:/usr/lib/jvm/java-1.8-openjdk/jre/classes"/>
    <property name="sun.management.compiler" value="HotSpot 64-Bit Tiered Compilers"/>
    <property name="java.runtime.version" value="1.8.0_212-b04"/>
    <property name="java.net.preferIPv4Stack" value="true"/>
    <property name="user.name" value="jenkins1000"/>
    <property name="path.separator" value=":"/>
    <property name="java.security.egd" value="file:///dev/urandom"/>
    <property name="os.version" value="3.10.0-957.12.2.el7.x86_64"/>
    <property name="java.endorsed.dirs" value="/usr/lib/jvm/java-1.8-openjdk/jre/lib/endorsed"/>
    <property name="java.runtime.name" value="OpenJDK Runtime Environment"/>
    <property name="file.encoding" value="UTF-8"/>
    <property name="java.vm.name" value="OpenJDK 64-Bit Server VM"/>
    <property name="test.build.webapps" value=""/>
    <property name="localRepository" value="/home/user/.m2/repository"/>
    <property name="java.vendor.url.bug" value="https://icedtea.classpath.org/bugzilla"/>
    <property name="java.io.tmpdir" value="/tmp"/>
    <property name="require.test.libhadoop" value=""/>
    <property name="java.version" value="1.8.0_212"/>
    <property name="user.dir" value="/workdir/hadoop-ozone/integration-test"/>
    <property name="os.arch" value="amd64"/>
    <property name="java.vm.specification.name" value="Java Virtual Machine Specification"/>
    <property name="test.build.classes" value="/workdir/hadoop-ozone/integration-test/target/test-classes"/>
    <property name="java.awt.printerjob" value="sun.print.PSPrinterJob"/>
    <property name="sun.os.patch.level" value="unknown"/>
    <property name="hadoop.tmp.dir" value="/workdir/hadoop-ozone/integration-test/target/tmp"/>
    <property name="java.library.path" value="/usr/lib/jvm/java-1.8-openjdk/jre/lib/amd64/server:/usr/lib/jvm/java-1.8-openjdk/jre/lib/amd64:/usr/lib/jvm/java-1.8-openjdk/jre/../lib/amd64:/workdir/hadoop-ozone/integration-test/target/native/target/usr/local/lib:/workdir/hadoop-ozone/integration-test/../../hadoop-common-project/hadoop-common/target/native/target/usr/local/lib:/usr/java/packages/lib/amd64:/usr/lib64:/lib64:/lib:/usr/lib"/>
    <property name="java.vm.info" value="mixed mode"/>
    <property name="java.vendor" value="IcedTea"/>
    <property name="java.vm.version" value="25.212-b04"/>
    <property name="java.ext.dirs" value="/usr/lib/jvm/java-1.8-openjdk/jre/lib/ext:/usr/java/packages/lib/ext"/>
    <property name="sun.io.unicode.encoding" value="UnicodeLittle"/>
    <property name="java.class.version" value="52.0"/>
  </properties>
  <testcase name="testGroupMismatchExceptionHandling" classname="org.apache.hadoop.ozone.client.rpc.TestOzoneClientRetriesOnException" time="50.679"/>
  <testcase name="testMaxRetriesByOzoneClient" classname="org.apache.hadoop.ozone.client.rpc.TestOzoneClientRetriesOnException" time="32.401">
    <error message="Failed to command cmdType: CreateContainer&#10;containerID: 1&#10;datanodeUuid: &quot;c84dfb69-4bc6-4eb4-8f14-bfffd2ccdf82&quot;&#10;createContainer {&#10;}&#10;" type="java.io.IOException">java.io.IOException: 
Failed to command cmdType: CreateContainer
containerID: 1
datanodeUuid: "c84dfb69-4bc6-4eb4-8f14-bfffd2ccdf82"
createContainer {
}

	at org.apache.hadoop.hdds.scm.XceiverClientSpi.sendCommand(XceiverClientSpi.java:113)
	at org.apache.hadoop.ozone.client.rpc.TestOzoneClientRetriesOnException.testMaxRetriesByOzoneClient(TestOzoneClientRetriesOnException.java:190)
	at sun.reflect.NativeMethodAccessorImpl.invoke0(Native Method)
	at sun.reflect.NativeMethodAccessorImpl.invoke(NativeMethodAccessorImpl.java:62)
	at sun.reflect.DelegatingMethodAccessorImpl.invoke(DelegatingMethodAccessorImpl.java:43)
	at java.lang.reflect.Method.invoke(Method.java:498)
	at org.junit.runners.model.FrameworkMethod$1.runReflectiveCall(FrameworkMethod.java:47)
	at org.junit.internal.runners.model.ReflectiveCallable.run(ReflectiveCallable.java:12)
	at org.junit.runners.model.FrameworkMethod.invokeExplosively(FrameworkMethod.java:44)
	at org.junit.internal.runners.statements.InvokeMethod.evaluate(InvokeMethod.java:17)
	at org.junit.internal.runners.statements.RunBefores.evaluate(RunBefores.java:26)
	at org.junit.internal.runners.statements.RunAfters.evaluate(RunAfters.java:27)
	at org.junit.runners.ParentRunner.runLeaf(ParentRunner.java:271)
	at org.junit.runners.BlockJUnit4ClassRunner.runChild(BlockJUnit4ClassRunner.java:70)
	at org.junit.runners.BlockJUnit4ClassRunner.runChild(BlockJUnit4ClassRunner.java:50)
	at org.junit.runners.ParentRunner$3.run(ParentRunner.java:238)
	at org.junit.runners.ParentRunner$1.schedule(ParentRunner.java:63)
	at org.junit.runners.ParentRunner.runChildren(ParentRunner.java:236)
	at org.junit.runners.ParentRunner.access$000(ParentRunner.java:53)
	at org.junit.runners.ParentRunner$2.evaluate(ParentRunner.java:229)
	at org.junit.runners.ParentRunner.run(ParentRunner.java:309)
	at org.apache.maven.surefire.junit4.JUnit4Provider.execute(JUnit4Provider.java:365)
	at org.apache.maven.surefire.junit4.JUnit4Provider.executeWithRerun(JUnit4Provider.java:273)
	at org.apache.maven.surefire.junit4.JUnit4Provider.executeTestSet(JUnit4Provider.java:238)
	at org.apache.maven.surefire.junit4.JUnit4Provider.invoke(JUnit4Provider.java:159)
	at org.apache.maven.surefire.booter.ForkedBooter.invokeProviderInSameClassLoader(ForkedBooter.java:384)
	at org.apache.maven.surefire.booter.ForkedBooter.runSuitesInProcess(ForkedBooter.java:345)
	at org.apache.maven.surefire.booter.ForkedBooter.execute(ForkedBooter.java:126)
	at org.apache.maven.surefire.booter.ForkedBooter.main(ForkedBooter.java:418)
Caused by: java.util.concurrent.ExecutionException: org.apache.ratis.protocol.StateMachineException: java.util.concurrent.CompletionException: java.lang.IllegalArgumentException
	at java.util.concurrent.CompletableFuture.reportGet(CompletableFuture.java:357)
	at java.util.concurrent.CompletableFuture.get(CompletableFuture.java:1895)
	at org.apache.hadoop.hdds.scm.XceiverClientSpi.sendCommand(XceiverClientSpi.java:110)
	... 28 more
Caused by: org.apache.ratis.protocol.StateMachineException: java.util.concurrent.CompletionException: java.lang.IllegalArgumentException
	at java.util.concurrent.CompletableFuture.encodeThrowable(CompletableFuture.java:273)
	at java.util.concurrent.CompletableFuture.completeThrowable(CompletableFuture.java:280)
	at java.util.concurrent.CompletableFuture$AsyncSupply.run(CompletableFuture.java:1592)
	at java.util.concurrent.ThreadPoolExecutor.runWorker(ThreadPoolExecutor.java:1149)
	at java.util.concurrent.ThreadPoolExecutor$Worker.run(ThreadPoolExecutor.java:624)
	at java.lang.Thread.run(Thread.java:748)
</error>
    <system-out><![CDATA[2019-08-03 03:58:08,656 WARN  server.ServerUtils (ServerUtils.java:getScmDbDir(145)) - ozone.scm.db.dirs is not configured. We recommend adding this setting. Falling back to ozone.metadata.dirs instead.
2019-08-03 03:58:08,677 WARN  server.ServerUtils (ServerUtils.java:getScmDbDir(145)) - ozone.scm.db.dirs is not configured. We recommend adding this setting. Falling back to ozone.metadata.dirs instead.
2019-08-03 03:58:08,678 WARN  server.ServerUtils (ServerUtils.java:getScmDbDir(145)) - ozone.scm.db.dirs is not configured. We recommend adding this setting. Falling back to ozone.metadata.dirs instead.
2019-08-03 03:58:08,678 INFO  db.DBStoreBuilder (DBStoreBuilder.java:addTable(110)) - using custom profile for table: deletedBlocks
2019-08-03 03:58:08,679 INFO  db.DBStoreBuilder (DBStoreBuilder.java:processTables(161)) - Using default column profile:DBProfile.DISK for Table:deletedBlocks
2019-08-03 03:58:08,679 INFO  db.DBStoreBuilder (DBStoreBuilder.java:addTable(110)) - using custom profile for table: validCerts
2019-08-03 03:58:08,679 INFO  db.DBStoreBuilder (DBStoreBuilder.java:processTables(161)) - Using default column profile:DBProfile.DISK for Table:validCerts
2019-08-03 03:58:08,680 INFO  db.DBStoreBuilder (DBStoreBuilder.java:addTable(110)) - using custom profile for table: revokedCerts
2019-08-03 03:58:08,680 INFO  db.DBStoreBuilder (DBStoreBuilder.java:processTables(161)) - Using default column profile:DBProfile.DISK for Table:revokedCerts
2019-08-03 03:58:08,680 INFO  db.DBStoreBuilder (DBStoreBuilder.java:addTable(110)) - using custom profile for table: default
2019-08-03 03:58:08,681 INFO  db.DBStoreBuilder (DBStoreBuilder.java:processTables(167)) - Using default column profile:DBProfile.DISK for Table:default
2019-08-03 03:58:08,681 INFO  db.DBStoreBuilder (DBStoreBuilder.java:getDbProfile(198)) - Using default options. DBProfile.DISK
2019-08-03 03:58:08,758 INFO  net.NodeSchemaLoader (NodeSchemaLoader.java:loadSchemaFromFile(125)) - Loading file from sun.misc.CompoundEnumeration@141aba65
2019-08-03 03:58:08,758 INFO  net.NodeSchemaLoader (NodeSchemaLoader.java:loadSchema(171)) - Loading network topology layer schema file
2019-08-03 03:58:08,764 WARN  server.ServerUtils (ServerUtils.java:sanitizeUserArgs(70)) - ozone.scm.stale.node.interval value = 300000 is larger than max = 100000 based on the key value of ozone.scm.heartbeat.thread.interval, reset to the max value 100000.
2019-08-03 03:58:08,764 WARN  server.ServerUtils (ServerUtils.java:sanitizeUserArgs(70)) - ozone.scm.stale.node.interval value = 300000 is larger than max = 100000 based on the key value of ozone.scm.heartbeat.thread.interval, reset to the max value 100000.
2019-08-03 03:58:08,765 INFO  node.SCMNodeManager (SCMNodeManager.java:<init>(121)) - Entering startup safe mode.
2019-08-03 03:58:08,766 WARN  server.ServerUtils (ServerUtils.java:getScmDbDir(145)) - ozone.scm.db.dirs is not configured. We recommend adding this setting. Falling back to ozone.metadata.dirs instead.
2019-08-03 03:58:08,789 INFO  pipeline.SCMPipelineManager (SCMPipelineManager.java:initializePipelineState(126)) - No pipeline exists in current db
2019-08-03 03:58:08,790 WARN  server.ServerUtils (ServerUtils.java:getScmDbDir(145)) - ozone.scm.db.dirs is not configured. We recommend adding this setting. Falling back to ozone.metadata.dirs instead.
2019-08-03 03:58:08,819 WARN  events.EventQueue (EventQueue.java:fireEvent(175)) - No event handler registered for event TypedEvent{payloadType=SafeModeStatus, name='SafeModeStatus'}
2019-08-03 03:58:08,820 INFO  ipc.CallQueueManager (CallQueueManager.java:<init>(84)) - Using callQueue: class java.util.concurrent.LinkedBlockingQueue, queueCapacity: 2000, scheduler: class org.apache.hadoop.ipc.DefaultRpcScheduler, ipcBackoff: false.
2019-08-03 03:58:08,821 INFO  ipc.Server (Server.java:run(1074)) - Starting Socket Reader #1 for port 45074
2019-08-03 03:58:08,823 INFO  ipc.CallQueueManager (CallQueueManager.java:<init>(84)) - Using callQueue: class java.util.concurrent.LinkedBlockingQueue, queueCapacity: 2000, scheduler: class org.apache.hadoop.ipc.DefaultRpcScheduler, ipcBackoff: false.
2019-08-03 03:58:08,824 INFO  ipc.Server (Server.java:run(1074)) - Starting Socket Reader #1 for port 35634
2019-08-03 03:58:08,826 INFO  ipc.CallQueueManager (CallQueueManager.java:<init>(84)) - Using callQueue: class java.util.concurrent.LinkedBlockingQueue, queueCapacity: 2000, scheduler: class org.apache.hadoop.ipc.DefaultRpcScheduler, ipcBackoff: false.
2019-08-03 03:58:08,827 INFO  ipc.Server (Server.java:run(1074)) - Starting Socket Reader #1 for port 45679
2019-08-03 03:58:08,830 INFO  hdfs.DFSUtil (DFSUtil.java:httpServerTemplateForNNAndJN(1641)) - Starting Web-server for scm at: http://0.0.0.0:0
2019-08-03 03:58:08,833 INFO  server.AuthenticationFilter (AuthenticationFilter.java:constructSecretProvider(240)) - Unable to initialize FileSignerSecretProvider, falling back to use random secrets.
2019-08-03 03:58:08,834 WARN  http.HttpRequestLog (HttpRequestLog.java:getRequestLog(97)) - Jetty request log can only be enabled using Log4j
2019-08-03 03:58:08,836 INFO  http.HttpServer2 (HttpServer2.java:addGlobalFilter(975)) - Added global filter 'safety' (class=org.apache.hadoop.http.HttpServer2$QuotingInputFilter)
2019-08-03 03:58:08,838 INFO  http.HttpServer2 (HttpServer2.java:addFilter(948)) - Added filter static_user_filter (class=org.apache.hadoop.http.lib.StaticUserWebFilter$StaticUserFilter) to context scm
2019-08-03 03:58:08,838 INFO  http.HttpServer2 (HttpServer2.java:addFilter(958)) - Added filter static_user_filter (class=org.apache.hadoop.http.lib.StaticUserWebFilter$StaticUserFilter) to context static
2019-08-03 03:58:08,838 INFO  http.HttpServer2 (HttpServer2.java:addFilter(958)) - Added filter static_user_filter (class=org.apache.hadoop.http.lib.StaticUserWebFilter$StaticUserFilter) to context logs
2019-08-03 03:58:08,841 INFO  server.StorageContainerManager (StorageContainerManager.java:start(758)) - StorageContainerLocationProtocol RPC server is listening at /0.0.0.0:45679
2019-08-03 03:58:08,844 WARN  impl.MetricsConfig (MetricsConfig.java:loadFirst(134)) - Cannot locate configuration: tried hadoop-metrics2-storagecontainermanager.properties,hadoop-metrics2.properties
2019-08-03 03:58:08,845 INFO  impl.MetricsSystemImpl (MetricsSystemImpl.java:startTimer(374)) - Scheduled Metric snapshot period at 10 second(s).
2019-08-03 03:58:08,845 INFO  impl.MetricsSystemImpl (MetricsSystemImpl.java:start(191)) - StorageContainerManager metrics system started
2019-08-03 03:58:08,904 INFO  server.SCMClientProtocolServer (SCMClientProtocolServer.java:start(151)) - RPC server for Client  is listening at /0.0.0.0:45679
2019-08-03 03:58:08,904 INFO  ipc.Server (Server.java:run(1314)) - IPC Server Responder: starting
2019-08-03 03:58:08,904 INFO  ipc.Server (Server.java:run(1153)) - IPC Server listener on 45679: starting
2019-08-03 03:58:08,909 INFO  server.StorageContainerManager (StorageContainerManager.java:start(768)) - ScmBlockLocationProtocol RPC server is listening at /0.0.0.0:35634
2019-08-03 03:58:08,909 INFO  server.SCMBlockProtocolServer (SCMBlockProtocolServer.java:start(140)) - RPC server for Block Protocol is listening at /0.0.0.0:35634
2019-08-03 03:58:08,909 INFO  ipc.Server (Server.java:run(1314)) - IPC Server Responder: starting
2019-08-03 03:58:08,909 INFO  ipc.Server (Server.java:run(1153)) - IPC Server listener on 35634: starting
2019-08-03 03:58:08,915 INFO  server.StorageContainerManager (StorageContainerManager.java:start(772)) - ScmDatanodeProtocl RPC server is listening at /0.0.0.0:45074
2019-08-03 03:58:08,915 INFO  server.SCMDatanodeProtocolServer (SCMDatanodeProtocolServer.java:start(191)) - RPC server for DataNodes is listening at /0.0.0.0:45074
2019-08-03 03:58:08,916 INFO  ipc.Server (Server.java:run(1314)) - IPC Server Responder: starting
2019-08-03 03:58:08,916 INFO  ipc.Server (Server.java:run(1153)) - IPC Server listener on 45074: starting
2019-08-03 03:58:08,921 INFO  http.HttpServer2 (HttpServer2.java:bindListener(1191)) - Jetty bound to port 40541
2019-08-03 03:58:08,921 INFO  server.Server (Server.java:doStart(351)) - jetty-9.3.24.v20180605, build timestamp: 2018-06-05T17:11:56Z, git hash: 84205aa28f11a4f31f2a3b86d1bba2cc8ab69827
2019-08-03 03:58:08,923 INFO  handler.ContextHandler (ContextHandler.java:doStart(781)) - Started o.e.j.s.ServletContextHandler@376af784{/logs,file:///workdir/hadoop-ozone/integration-test/target/log,AVAILABLE}
2019-08-03 03:58:08,924 INFO  handler.ContextHandler (ContextHandler.java:doStart(781)) - Started o.e.j.s.ServletContextHandler@6d0114c0{/static,file:///workdir/hadoop-ozone/integration-test/target/test-classes/webapps/static,AVAILABLE}
2019-08-03 03:58:08,929 INFO  handler.ContextHandler (ContextHandler.java:doStart(781)) - Started o.e.j.w.WebAppContext@4276ad40{/,file:///workdir/hadoop-ozone/integration-test/target/test-classes/webapps/scm/,AVAILABLE}{/scm}
2019-08-03 03:58:08,930 INFO  server.AbstractConnector (AbstractConnector.java:doStart(278)) - Started ServerConnector@6e5f5478{HTTP/1.1,[http/1.1]}{0.0.0.0:40541}
2019-08-03 03:58:08,931 INFO  server.Server (Server.java:doStart(419)) - Started @51537ms
2019-08-03 03:58:08,931 INFO  server.BaseHttpServer (BaseHttpServer.java:updateConnectorAddress(207)) - HTTP server of SCM is listening at http://0.0.0.0:40541
2019-08-03 03:58:08,932 WARN  server.ServerUtils (ServerUtils.java:getDBPath(222)) - ozone.om.db.dirs is not configured. We recommend adding this setting. Falling back to ozone.metadata.dirs instead.
2019-08-03 03:58:08,933 INFO  util.JvmPauseMonitor (JvmPauseMonitor.java:run(188)) - Starting JVM pause monitor
2019-08-03 03:58:08,945 WARN  server.ServerUtils (ServerUtils.java:getDBPath(222)) - ozone.om.db.dirs is not configured. We recommend adding this setting. Falling back to ozone.metadata.dirs instead.
2019-08-03 03:58:08,945 WARN  server.ServerUtils (ServerUtils.java:getDBPath(222)) - ozone.om.db.dirs is not configured. We recommend adding this setting. Falling back to ozone.metadata.dirs instead.
2019-08-03 03:58:08,945 INFO  om.OzoneManager (OzoneManager.java:setOMNodeDetails(644)) - OM Service ID is not set. Setting it to the default ID: omServiceIdDefault
2019-08-03 03:58:08,946 INFO  om.OzoneManager (OzoneManager.java:setOMNodeDetails(650)) - OM Node ID is not set. Setting it to the OmStorage's OmID: bf7a6dcd-9fb1-4ed4-bdd4-c95fd11da7d5
2019-08-03 03:58:08,946 INFO  om.OzoneManager (OzoneManager.java:loadOMHAConfigs(601)) - Found matching OM address with OMServiceId: null, OMNodeId: null, RPC Address: localhost:0 and Ratis port: 9872
2019-08-03 03:58:08,955 WARN  server.ServerUtils (ServerUtils.java:getDBPath(222)) - ozone.om.db.dirs is not configured. We recommend adding this setting. Falling back to ozone.metadata.dirs instead.
2019-08-03 03:58:08,956 INFO  db.DBStoreBuilder (DBStoreBuilder.java:addTable(110)) - using custom profile for table: userTable
2019-08-03 03:58:08,956 INFO  db.DBStoreBuilder (DBStoreBuilder.java:processTables(161)) - Using default column profile:DBProfile.DISK for Table:userTable
2019-08-03 03:58:08,956 INFO  db.DBStoreBuilder (DBStoreBuilder.java:addTable(110)) - using custom profile for table: volumeTable
2019-08-03 03:58:08,956 INFO  db.DBStoreBuilder (DBStoreBuilder.java:processTables(161)) - Using default column profile:DBProfile.DISK for Table:volumeTable
2019-08-03 03:58:08,957 INFO  db.DBStoreBuilder (DBStoreBuilder.java:addTable(110)) - using custom profile for table: bucketTable
2019-08-03 03:58:08,957 INFO  db.DBStoreBuilder (DBStoreBuilder.java:processTables(161)) - Using default column profile:DBProfile.DISK for Table:bucketTable
2019-08-03 03:58:08,957 INFO  db.DBStoreBuilder (DBStoreBuilder.java:addTable(110)) - using custom profile for table: keyTable
2019-08-03 03:58:08,957 INFO  db.DBStoreBuilder (DBStoreBuilder.java:processTables(161)) - Using default column profile:DBProfile.DISK for Table:keyTable
2019-08-03 03:58:08,958 INFO  db.DBStoreBuilder (DBStoreBuilder.java:addTable(110)) - using custom profile for table: deletedTable
2019-08-03 03:58:08,958 INFO  db.DBStoreBuilder (DBStoreBuilder.java:processTables(161)) - Using default column profile:DBProfile.DISK for Table:deletedTable
2019-08-03 03:58:08,958 INFO  db.DBStoreBuilder (DBStoreBuilder.java:addTable(110)) - using custom profile for table: openKeyTable
2019-08-03 03:58:08,958 INFO  db.DBStoreBuilder (DBStoreBuilder.java:processTables(161)) - Using default column profile:DBProfile.DISK for Table:openKeyTable
2019-08-03 03:58:08,959 INFO  db.DBStoreBuilder (DBStoreBuilder.java:addTable(110)) - using custom profile for table: s3Table
2019-08-03 03:58:08,959 INFO  db.DBStoreBuilder (DBStoreBuilder.java:processTables(161)) - Using default column profile:DBProfile.DISK for Table:s3Table
2019-08-03 03:58:08,959 INFO  db.DBStoreBuilder (DBStoreBuilder.java:addTable(110)) - using custom profile for table: multipartInfoTable
2019-08-03 03:58:08,959 INFO  db.DBStoreBuilder (DBStoreBuilder.java:processTables(161)) - Using default column profile:DBProfile.DISK for Table:multipartInfoTable
2019-08-03 03:58:08,960 INFO  db.DBStoreBuilder (DBStoreBuilder.java:addTable(110)) - using custom profile for table: dTokenTable
2019-08-03 03:58:08,960 INFO  db.DBStoreBuilder (DBStoreBuilder.java:processTables(161)) - Using default column profile:DBProfile.DISK for Table:dTokenTable
2019-08-03 03:58:08,960 INFO  db.DBStoreBuilder (DBStoreBuilder.java:addTable(110)) - using custom profile for table: s3SecretTable
2019-08-03 03:58:08,960 INFO  db.DBStoreBuilder (DBStoreBuilder.java:processTables(161)) - Using default column profile:DBProfile.DISK for Table:s3SecretTable
2019-08-03 03:58:08,961 INFO  db.DBStoreBuilder (DBStoreBuilder.java:addTable(110)) - using custom profile for table: prefixTable
2019-08-03 03:58:08,961 INFO  db.DBStoreBuilder (DBStoreBuilder.java:processTables(161)) - Using default column profile:DBProfile.DISK for Table:prefixTable
2019-08-03 03:58:08,961 INFO  db.DBStoreBuilder (DBStoreBuilder.java:addTable(110)) - using custom profile for table: default
2019-08-03 03:58:08,961 INFO  db.DBStoreBuilder (DBStoreBuilder.java:processTables(167)) - Using default column profile:DBProfile.DISK for Table:default
2019-08-03 03:58:08,961 INFO  db.DBStoreBuilder (DBStoreBuilder.java:getDbProfile(198)) - Using default options. DBProfile.DISK
2019-08-03 03:58:09,275 INFO  ipc.CallQueueManager (CallQueueManager.java:<init>(84)) - Using callQueue: class java.util.concurrent.LinkedBlockingQueue, queueCapacity: 2000, scheduler: class org.apache.hadoop.ipc.DefaultRpcScheduler, ipcBackoff: false.
2019-08-03 03:58:09,276 INFO  ipc.Server (Server.java:run(1074)) - Starting Socket Reader #1 for port 37842
2019-08-03 03:58:09,293 INFO  om.OzoneManager (OzoneManager.java:start(1255)) - OzoneManager RPC server is listening at localhost/127.0.0.1:37842
2019-08-03 03:58:09,293 INFO  impl.MetricsSystemImpl (MetricsSystemImpl.java:init(158)) - OzoneManager metrics system started (again)
2019-08-03 03:58:09,294 INFO  ipc.Server (Server.java:run(1314)) - IPC Server Responder: starting
2019-08-03 03:58:09,294 INFO  ipc.Server (Server.java:run(1153)) - IPC Server listener on 37842: starting
2019-08-03 03:58:09,301 INFO  hdfs.DFSUtil (DFSUtil.java:httpServerTemplateForNNAndJN(1641)) - Starting Web-server for ozoneManager at: http://0.0.0.0:0
2019-08-03 03:58:09,303 INFO  server.AuthenticationFilter (AuthenticationFilter.java:constructSecretProvider(240)) - Unable to initialize FileSignerSecretProvider, falling back to use random secrets.
2019-08-03 03:58:09,304 WARN  http.HttpRequestLog (HttpRequestLog.java:getRequestLog(97)) - Jetty request log can only be enabled using Log4j
2019-08-03 03:58:09,307 INFO  http.HttpServer2 (HttpServer2.java:addGlobalFilter(975)) - Added global filter 'safety' (class=org.apache.hadoop.http.HttpServer2$QuotingInputFilter)
2019-08-03 03:58:09,308 INFO  http.HttpServer2 (HttpServer2.java:addFilter(948)) - Added filter static_user_filter (class=org.apache.hadoop.http.lib.StaticUserWebFilter$StaticUserFilter) to context ozoneManager
2019-08-03 03:58:09,308 INFO  http.HttpServer2 (HttpServer2.java:addFilter(958)) - Added filter static_user_filter (class=org.apache.hadoop.http.lib.StaticUserWebFilter$StaticUserFilter) to context logs
2019-08-03 03:58:09,309 INFO  http.HttpServer2 (HttpServer2.java:addFilter(958)) - Added filter static_user_filter (class=org.apache.hadoop.http.lib.StaticUserWebFilter$StaticUserFilter) to context static
2019-08-03 03:58:09,310 INFO  http.HttpServer2 (HttpServer2.java:bindListener(1191)) - Jetty bound to port 35514
2019-08-03 03:58:09,310 INFO  server.Server (Server.java:doStart(351)) - jetty-9.3.24.v20180605, build timestamp: 2018-06-05T17:11:56Z, git hash: 84205aa28f11a4f31f2a3b86d1bba2cc8ab69827
2019-08-03 03:58:09,313 INFO  handler.ContextHandler (ContextHandler.java:doStart(781)) - Started o.e.j.s.ServletContextHandler@52a67293{/logs,file:///workdir/hadoop-ozone/integration-test/target/log,AVAILABLE}
2019-08-03 03:58:09,313 INFO  handler.ContextHandler (ContextHandler.java:doStart(781)) - Started o.e.j.s.ServletContextHandler@38f502fc{/static,file:///workdir/hadoop-ozone/integration-test/target/test-classes/webapps/static,AVAILABLE}
2019-08-03 03:58:09,320 INFO  handler.ContextHandler (ContextHandler.java:doStart(781)) - Started o.e.j.w.WebAppContext@6fc1a8f6{/,file:///workdir/hadoop-ozone/integration-test/target/test-classes/webapps/ozoneManager/,AVAILABLE}{/ozoneManager}
2019-08-03 03:58:09,322 INFO  server.AbstractConnector (AbstractConnector.java:doStart(278)) - Started ServerConnector@3095d401{HTTP/1.1,[http/1.1]}{0.0.0.0:35514}
2019-08-03 03:58:09,322 INFO  server.Server (Server.java:doStart(419)) - Started @51929ms
2019-08-03 03:58:09,323 INFO  server.BaseHttpServer (BaseHttpServer.java:updateConnectorAddress(207)) - HTTP server of OZONEMANAGER is listening at http://0.0.0.0:35514
2019-08-03 03:58:09,343 INFO  impl.MetricsSystemImpl (MetricsSystemImpl.java:init(158)) - HddsDatanode metrics system started (again)
2019-08-03 03:58:09,346 INFO  ozone.HddsDatanodeService (HddsDatanodeService.java:start(184)) - HddsDatanodeService host:byscane-nightly-b86qh-2100283676 ip:192.168.5.147
2019-08-03 03:58:09,354 INFO  volume.HddsVolume (HddsVolume.java:<init>(176)) - Creating Volume: /workdir/hadoop-ozone/integration-test/target/test-dir/MiniOzoneClusterImpl-b706123f-942e-41da-8ebc-47ffff3e32b4/datanode-0/data/containers/hdds of  storage type : DISK and capacity : 52710309888
2019-08-03 03:58:09,354 INFO  volume.VolumeSet (VolumeSet.java:initializeVolumeSet(170)) - Added Volume : /workdir/hadoop-ozone/integration-test/target/test-dir/MiniOzoneClusterImpl-b706123f-942e-41da-8ebc-47ffff3e32b4/datanode-0/data/containers/hdds to VolumeSet
2019-08-03 03:58:09,354 INFO  volume.ThrottledAsyncChecker (ThrottledAsyncChecker.java:schedule(140)) - Scheduling a check for org.apache.hadoop.ozone.container.common.volume.HddsVolume@1d226f27
2019-08-03 03:58:09,355 INFO  volume.HddsVolumeChecker (HddsVolumeChecker.java:checkAllVolumes(203)) - Scheduled health check for volume org.apache.hadoop.ozone.container.common.volume.HddsVolume@1d226f27
2019-08-03 03:58:09,372 INFO  impl.RaftServerProxy (ConfUtils.java:logGet(43)) - raft.rpc.type = GRPC (default)
2019-08-03 03:58:09,373 INFO  grpc.GrpcFactory (GrpcFactory.java:checkPooledByteBufAllocatorUseCacheForAllThreads(45)) - PERFORMANCE WARNING: useCacheForAllThreads is true that may cause Netty to create a lot garbage objects and, as a result, trigger GC.
	It is recommended to disable useCacheForAllThreads by setting -Dorg.apache.ratis.thirdparty.io.netty.allocator.useCacheForAllThreads=false in command line.
2019-08-03 03:58:09,373 INFO  grpc.GrpcConfigKeys$Server (ConfUtils.java:logGet(43)) - raft.grpc.server.port = 0 (default)
2019-08-03 03:58:09,373 INFO  server.GrpcService (ConfUtils.java:logGet(43)) - raft.grpc.message.size.max = 33570816 (custom)
2019-08-03 03:58:09,373 INFO  server.RaftServerConfigKeys (ConfUtils.java:logGet(43)) - raft.server.log.appender.buffer.byte-limit = 33554432 (custom)
2019-08-03 03:58:09,374 INFO  server.GrpcService (ConfUtils.java:logGet(43)) - raft.grpc.flow.control.window = 1MB (=1048576) (default)
2019-08-03 03:58:09,374 INFO  server.RaftServerConfigKeys (ConfUtils.java:logGet(43)) - raft.server.rpc.request.timeout = 3000ms (default)
2019-08-03 03:58:09,375 INFO  server.RaftServerConfigKeys (ConfUtils.java:logGet(43)) - raft.server.storage.dir = [/workdir/hadoop-ozone/integration-test/target/test-dir/MiniOzoneClusterImpl-b706123f-942e-41da-8ebc-47ffff3e32b4/datanode-0/data/ratis] (custom)
2019-08-03 03:58:09,376 INFO  replication.SimpleContainerDownloader (SimpleContainerDownloader.java:<init>(72)) - Starting container downloader service to copy containers to replicate.
2019-08-03 03:58:09,378 INFO  hdfs.DFSUtil (DFSUtil.java:httpServerTemplateForNNAndJN(1641)) - Starting Web-server for hddsDatanode at: http://0.0.0.0:0
2019-08-03 03:58:09,381 INFO  server.AuthenticationFilter (AuthenticationFilter.java:constructSecretProvider(240)) - Unable to initialize FileSignerSecretProvider, falling back to use random secrets.
2019-08-03 03:58:09,381 WARN  http.HttpRequestLog (HttpRequestLog.java:getRequestLog(97)) - Jetty request log can only be enabled using Log4j
2019-08-03 03:58:09,384 INFO  http.HttpServer2 (HttpServer2.java:addGlobalFilter(975)) - Added global filter 'safety' (class=org.apache.hadoop.http.HttpServer2$QuotingInputFilter)
2019-08-03 03:58:09,385 INFO  http.HttpServer2 (HttpServer2.java:addFilter(948)) - Added filter static_user_filter (class=org.apache.hadoop.http.lib.StaticUserWebFilter$StaticUserFilter) to context hddsDatanode
2019-08-03 03:58:09,385 INFO  http.HttpServer2 (HttpServer2.java:addFilter(958)) - Added filter static_user_filter (class=org.apache.hadoop.http.lib.StaticUserWebFilter$StaticUserFilter) to context static
2019-08-03 03:58:09,385 INFO  http.HttpServer2 (HttpServer2.java:addFilter(958)) - Added filter static_user_filter (class=org.apache.hadoop.http.lib.StaticUserWebFilter$StaticUserFilter) to context logs
2019-08-03 03:58:09,386 INFO  http.HttpServer2 (HttpServer2.java:bindListener(1191)) - Jetty bound to port 40867
2019-08-03 03:58:09,387 INFO  server.Server (Server.java:doStart(351)) - jetty-9.3.24.v20180605, build timestamp: 2018-06-05T17:11:56Z, git hash: 84205aa28f11a4f31f2a3b86d1bba2cc8ab69827
2019-08-03 03:58:09,389 INFO  handler.ContextHandler (ContextHandler.java:doStart(781)) - Started o.e.j.s.ServletContextHandler@699e0bf0{/logs,file:///workdir/hadoop-ozone/integration-test/target/log,AVAILABLE}
2019-08-03 03:58:09,390 INFO  handler.ContextHandler (ContextHandler.java:doStart(781)) - Started o.e.j.s.ServletContextHandler@36d697ab{/static,jar:file:/home/user/.m2/repository/org/apache/hadoop/hadoop-hdds-container-service/0.4.1-SNAPSHOT/hadoop-hdds-container-service-0.4.1-SNAPSHOT.jar!/webapps/static,AVAILABLE}
2019-08-03 03:58:09,438 INFO  handler.ContextHandler (ContextHandler.java:doStart(781)) - Started o.e.j.w.WebAppContext@1d77746b{/,file:///tmp/jetty-0.0.0.0-40867-hddsDatanode-_-any-4266944396914625492.dir/webapp/,AVAILABLE}{/hddsDatanode}
2019-08-03 03:58:09,438 INFO  server.AbstractConnector (AbstractConnector.java:doStart(278)) - Started ServerConnector@4ced17f3{HTTP/1.1,[http/1.1]}{0.0.0.0:40867}
2019-08-03 03:58:09,439 INFO  server.Server (Server.java:doStart(419)) - Started @52046ms
2019-08-03 03:58:09,440 INFO  server.BaseHttpServer (BaseHttpServer.java:updateConnectorAddress(207)) - HTTP server of HDDSDATANODE is listening at http://0.0.0.0:40867
2019-08-03 03:58:09,587 INFO  ozone.HddsDatanodeService (HddsDatanodeService.java:startPlugins(395)) - Started plug-in org.apache.hadoop.ozone.web.OzoneHddsDatanodeService@63cf578f
2019-08-03 03:58:09,587 INFO  impl.MetricsSystemImpl (MetricsSystemImpl.java:init(158)) - HddsDatanode metrics system started (again)
2019-08-03 03:58:09,591 INFO  ozone.HddsDatanodeService (HddsDatanodeService.java:start(184)) - HddsDatanodeService host:byscane-nightly-b86qh-2100283676 ip:192.168.5.147
2019-08-03 03:58:09,591 INFO  util.JvmPauseMonitor (JvmPauseMonitor.java:run(188)) - Starting JVM pause monitor
2019-08-03 03:58:09,594 INFO  datanode.InitDatanodeState (InitDatanodeState.java:persistContainerDatanodeDetails(140)) - DatanodeDetails is persisted to /workdir/hadoop-ozone/integration-test/target/test-dir/MiniOzoneClusterImpl-b706123f-942e-41da-8ebc-47ffff3e32b4/datanode-0/meta/datanode.id
2019-08-03 03:58:09,599 INFO  volume.HddsVolume (HddsVolume.java:<init>(176)) - Creating Volume: /workdir/hadoop-ozone/integration-test/target/test-dir/MiniOzoneClusterImpl-b706123f-942e-41da-8ebc-47ffff3e32b4/datanode-1/data/containers/hdds of  storage type : DISK and capacity : 52710309888
2019-08-03 03:58:09,599 INFO  volume.VolumeSet (VolumeSet.java:initializeVolumeSet(170)) - Added Volume : /workdir/hadoop-ozone/integration-test/target/test-dir/MiniOzoneClusterImpl-b706123f-942e-41da-8ebc-47ffff3e32b4/datanode-1/data/containers/hdds to VolumeSet
2019-08-03 03:58:09,599 INFO  volume.ThrottledAsyncChecker (ThrottledAsyncChecker.java:schedule(140)) - Scheduling a check for org.apache.hadoop.ozone.container.common.volume.HddsVolume@5ed65e4b
2019-08-03 03:58:09,600 INFO  volume.HddsVolumeChecker (HddsVolumeChecker.java:checkAllVolumes(203)) - Scheduled health check for volume org.apache.hadoop.ozone.container.common.volume.HddsVolume@5ed65e4b
2019-08-03 03:58:09,614 INFO  impl.RaftServerProxy (ConfUtils.java:logGet(43)) - raft.rpc.type = GRPC (default)
2019-08-03 03:58:09,614 INFO  grpc.GrpcFactory (GrpcFactory.java:checkPooledByteBufAllocatorUseCacheForAllThreads(45)) - PERFORMANCE WARNING: useCacheForAllThreads is true that may cause Netty to create a lot garbage objects and, as a result, trigger GC.
	It is recommended to disable useCacheForAllThreads by setting -Dorg.apache.ratis.thirdparty.io.netty.allocator.useCacheForAllThreads=false in command line.
2019-08-03 03:58:09,614 INFO  grpc.GrpcConfigKeys$Server (ConfUtils.java:logGet(43)) - raft.grpc.server.port = 0 (default)
2019-08-03 03:58:09,614 INFO  server.GrpcService (ConfUtils.java:logGet(43)) - raft.grpc.message.size.max = 33570816 (custom)
2019-08-03 03:58:09,615 INFO  server.RaftServerConfigKeys (ConfUtils.java:logGet(43)) - raft.server.log.appender.buffer.byte-limit = 33554432 (custom)
2019-08-03 03:58:09,615 INFO  server.GrpcService (ConfUtils.java:logGet(43)) - raft.grpc.flow.control.window = 1MB (=1048576) (default)
2019-08-03 03:58:09,615 INFO  server.RaftServerConfigKeys (ConfUtils.java:logGet(43)) - raft.server.rpc.request.timeout = 3000ms (default)
2019-08-03 03:58:09,615 INFO  server.RaftServerConfigKeys (ConfUtils.java:logGet(43)) - raft.server.storage.dir = [/workdir/hadoop-ozone/integration-test/target/test-dir/MiniOzoneClusterImpl-b706123f-942e-41da-8ebc-47ffff3e32b4/datanode-1/data/ratis] (custom)
2019-08-03 03:58:09,616 INFO  replication.SimpleContainerDownloader (SimpleContainerDownloader.java:<init>(72)) - Starting container downloader service to copy containers to replicate.
2019-08-03 03:58:09,617 INFO  hdfs.DFSUtil (DFSUtil.java:httpServerTemplateForNNAndJN(1641)) - Starting Web-server for hddsDatanode at: http://0.0.0.0:0
2019-08-03 03:58:09,618 INFO  server.AuthenticationFilter (AuthenticationFilter.java:constructSecretProvider(240)) - Unable to initialize FileSignerSecretProvider, falling back to use random secrets.
2019-08-03 03:58:09,619 WARN  http.HttpRequestLog (HttpRequestLog.java:getRequestLog(97)) - Jetty request log can only be enabled using Log4j
2019-08-03 03:58:09,620 INFO  http.HttpServer2 (HttpServer2.java:addGlobalFilter(975)) - Added global filter 'safety' (class=org.apache.hadoop.http.HttpServer2$QuotingInputFilter)
2019-08-03 03:58:09,620 INFO  http.HttpServer2 (HttpServer2.java:addFilter(948)) - Added filter static_user_filter (class=org.apache.hadoop.http.lib.StaticUserWebFilter$StaticUserFilter) to context hddsDatanode
2019-08-03 03:58:09,620 INFO  http.HttpServer2 (HttpServer2.java:addFilter(958)) - Added filter static_user_filter (class=org.apache.hadoop.http.lib.StaticUserWebFilter$StaticUserFilter) to context static
2019-08-03 03:58:09,621 INFO  http.HttpServer2 (HttpServer2.java:addFilter(958)) - Added filter static_user_filter (class=org.apache.hadoop.http.lib.StaticUserWebFilter$StaticUserFilter) to context logs
2019-08-03 03:58:09,621 INFO  http.HttpServer2 (HttpServer2.java:bindListener(1191)) - Jetty bound to port 44601
2019-08-03 03:58:09,621 INFO  server.Server (Server.java:doStart(351)) - jetty-9.3.24.v20180605, build timestamp: 2018-06-05T17:11:56Z, git hash: 84205aa28f11a4f31f2a3b86d1bba2cc8ab69827
2019-08-03 03:58:09,623 INFO  handler.ContextHandler (ContextHandler.java:doStart(781)) - Started o.e.j.s.ServletContextHandler@7757a37f{/logs,file:///workdir/hadoop-ozone/integration-test/target/log,AVAILABLE}
2019-08-03 03:58:09,624 INFO  handler.ContextHandler (ContextHandler.java:doStart(781)) - Started o.e.j.s.ServletContextHandler@e521067{/static,jar:file:/home/user/.m2/repository/org/apache/hadoop/hadoop-hdds-container-service/0.4.1-SNAPSHOT/hadoop-hdds-container-service-0.4.1-SNAPSHOT.jar!/webapps/static,AVAILABLE}
2019-08-03 03:58:09,651 INFO  handler.ContextHandler (ContextHandler.java:doStart(781)) - Started o.e.j.w.WebAppContext@5f5c187d{/,file:///tmp/jetty-0.0.0.0-44601-hddsDatanode-_-any-5964024773152635051.dir/webapp/,AVAILABLE}{/hddsDatanode}
2019-08-03 03:58:09,652 INFO  server.AbstractConnector (AbstractConnector.java:doStart(278)) - Started ServerConnector@464400b3{HTTP/1.1,[http/1.1]}{0.0.0.0:44601}
2019-08-03 03:58:09,653 INFO  server.Server (Server.java:doStart(419)) - Started @52260ms
2019-08-03 03:58:09,653 INFO  server.BaseHttpServer (BaseHttpServer.java:updateConnectorAddress(207)) - HTTP server of HDDSDATANODE is listening at http://0.0.0.0:44601
2019-08-03 03:58:09,774 INFO  ozone.HddsDatanodeService (HddsDatanodeService.java:startPlugins(395)) - Started plug-in org.apache.hadoop.ozone.web.OzoneHddsDatanodeService@a03529c
2019-08-03 03:58:09,774 INFO  impl.MetricsSystemImpl (MetricsSystemImpl.java:init(158)) - HddsDatanode metrics system started (again)
2019-08-03 03:58:09,779 INFO  ozone.HddsDatanodeService (HddsDatanodeService.java:start(184)) - HddsDatanodeService host:byscane-nightly-b86qh-2100283676 ip:192.168.5.147
2019-08-03 03:58:09,779 INFO  util.JvmPauseMonitor (JvmPauseMonitor.java:run(188)) - Starting JVM pause monitor
2019-08-03 03:58:09,781 INFO  datanode.InitDatanodeState (InitDatanodeState.java:persistContainerDatanodeDetails(140)) - DatanodeDetails is persisted to /workdir/hadoop-ozone/integration-test/target/test-dir/MiniOzoneClusterImpl-b706123f-942e-41da-8ebc-47ffff3e32b4/datanode-1/meta/datanode.id
2019-08-03 03:58:09,786 INFO  volume.HddsVolume (HddsVolume.java:<init>(176)) - Creating Volume: /workdir/hadoop-ozone/integration-test/target/test-dir/MiniOzoneClusterImpl-b706123f-942e-41da-8ebc-47ffff3e32b4/datanode-2/data/containers/hdds of  storage type : DISK and capacity : 52710309888
2019-08-03 03:58:09,787 INFO  volume.VolumeSet (VolumeSet.java:initializeVolumeSet(170)) - Added Volume : /workdir/hadoop-ozone/integration-test/target/test-dir/MiniOzoneClusterImpl-b706123f-942e-41da-8ebc-47ffff3e32b4/datanode-2/data/containers/hdds to VolumeSet
2019-08-03 03:58:09,787 INFO  volume.ThrottledAsyncChecker (ThrottledAsyncChecker.java:schedule(140)) - Scheduling a check for org.apache.hadoop.ozone.container.common.volume.HddsVolume@1bec1589
2019-08-03 03:58:09,787 INFO  volume.HddsVolumeChecker (HddsVolumeChecker.java:checkAllVolumes(203)) - Scheduled health check for volume org.apache.hadoop.ozone.container.common.volume.HddsVolume@1bec1589
2019-08-03 03:58:09,803 INFO  impl.RaftServerProxy (ConfUtils.java:logGet(43)) - raft.rpc.type = GRPC (default)
2019-08-03 03:58:09,803 INFO  grpc.GrpcFactory (GrpcFactory.java:checkPooledByteBufAllocatorUseCacheForAllThreads(45)) - PERFORMANCE WARNING: useCacheForAllThreads is true that may cause Netty to create a lot garbage objects and, as a result, trigger GC.
	It is recommended to disable useCacheForAllThreads by setting -Dorg.apache.ratis.thirdparty.io.netty.allocator.useCacheForAllThreads=false in command line.
2019-08-03 03:58:09,803 INFO  grpc.GrpcConfigKeys$Server (ConfUtils.java:logGet(43)) - raft.grpc.server.port = 0 (default)
2019-08-03 03:58:09,803 INFO  server.GrpcService (ConfUtils.java:logGet(43)) - raft.grpc.message.size.max = 33570816 (custom)
2019-08-03 03:58:09,804 INFO  server.RaftServerConfigKeys (ConfUtils.java:logGet(43)) - raft.server.log.appender.buffer.byte-limit = 33554432 (custom)
2019-08-03 03:58:09,804 INFO  server.GrpcService (ConfUtils.java:logGet(43)) - raft.grpc.flow.control.window = 1MB (=1048576) (default)
2019-08-03 03:58:09,804 INFO  server.RaftServerConfigKeys (ConfUtils.java:logGet(43)) - raft.server.rpc.request.timeout = 3000ms (default)
2019-08-03 03:58:09,804 INFO  server.RaftServerConfigKeys (ConfUtils.java:logGet(43)) - raft.server.storage.dir = [/workdir/hadoop-ozone/integration-test/target/test-dir/MiniOzoneClusterImpl-b706123f-942e-41da-8ebc-47ffff3e32b4/datanode-2/data/ratis] (custom)
2019-08-03 03:58:09,805 INFO  replication.SimpleContainerDownloader (SimpleContainerDownloader.java:<init>(72)) - Starting container downloader service to copy containers to replicate.
2019-08-03 03:58:09,806 INFO  hdfs.DFSUtil (DFSUtil.java:httpServerTemplateForNNAndJN(1641)) - Starting Web-server for hddsDatanode at: http://0.0.0.0:0
2019-08-03 03:58:09,807 INFO  server.AuthenticationFilter (AuthenticationFilter.java:constructSecretProvider(240)) - Unable to initialize FileSignerSecretProvider, falling back to use random secrets.
2019-08-03 03:58:09,807 WARN  http.HttpRequestLog (HttpRequestLog.java:getRequestLog(97)) - Jetty request log can only be enabled using Log4j
2019-08-03 03:58:09,809 INFO  http.HttpServer2 (HttpServer2.java:addGlobalFilter(975)) - Added global filter 'safety' (class=org.apache.hadoop.http.HttpServer2$QuotingInputFilter)
2019-08-03 03:58:09,809 INFO  http.HttpServer2 (HttpServer2.java:addFilter(948)) - Added filter static_user_filter (class=org.apache.hadoop.http.lib.StaticUserWebFilter$StaticUserFilter) to context hddsDatanode
2019-08-03 03:58:09,809 INFO  http.HttpServer2 (HttpServer2.java:addFilter(958)) - Added filter static_user_filter (class=org.apache.hadoop.http.lib.StaticUserWebFilter$StaticUserFilter) to context logs
2019-08-03 03:58:09,810 INFO  http.HttpServer2 (HttpServer2.java:addFilter(958)) - Added filter static_user_filter (class=org.apache.hadoop.http.lib.StaticUserWebFilter$StaticUserFilter) to context static
2019-08-03 03:58:09,810 INFO  http.HttpServer2 (HttpServer2.java:bindListener(1191)) - Jetty bound to port 34011
2019-08-03 03:58:09,810 INFO  server.Server (Server.java:doStart(351)) - jetty-9.3.24.v20180605, build timestamp: 2018-06-05T17:11:56Z, git hash: 84205aa28f11a4f31f2a3b86d1bba2cc8ab69827
2019-08-03 03:58:09,812 INFO  handler.ContextHandler (ContextHandler.java:doStart(781)) - Started o.e.j.s.ServletContextHandler@536da29c{/logs,file:///workdir/hadoop-ozone/integration-test/target/log,AVAILABLE}
2019-08-03 03:58:09,813 INFO  handler.ContextHandler (ContextHandler.java:doStart(781)) - Started o.e.j.s.ServletContextHandler@70cf7d1e{/static,jar:file:/home/user/.m2/repository/org/apache/hadoop/hadoop-hdds-container-service/0.4.1-SNAPSHOT/hadoop-hdds-container-service-0.4.1-SNAPSHOT.jar!/webapps/static,AVAILABLE}
2019-08-03 03:58:09,840 INFO  handler.ContextHandler (ContextHandler.java:doStart(781)) - Started o.e.j.w.WebAppContext@19d27c27{/,file:///tmp/jetty-0.0.0.0-34011-hddsDatanode-_-any-6663038990574515673.dir/webapp/,AVAILABLE}{/hddsDatanode}
2019-08-03 03:58:09,840 INFO  server.AbstractConnector (AbstractConnector.java:doStart(278)) - Started ServerConnector@6181bc4a{HTTP/1.1,[http/1.1]}{0.0.0.0:34011}
2019-08-03 03:58:09,842 INFO  server.Server (Server.java:doStart(419)) - Started @52448ms
2019-08-03 03:58:09,842 INFO  server.BaseHttpServer (BaseHttpServer.java:updateConnectorAddress(207)) - HTTP server of HDDSDATANODE is listening at http://0.0.0.0:34011
2019-08-03 03:58:09,960 INFO  ozone.HddsDatanodeService (HddsDatanodeService.java:startPlugins(395)) - Started plug-in org.apache.hadoop.ozone.web.OzoneHddsDatanodeService@5dd747c1
2019-08-03 03:58:09,960 INFO  impl.MetricsSystemImpl (MetricsSystemImpl.java:init(158)) - HddsDatanode metrics system started (again)
2019-08-03 03:58:09,965 INFO  ozone.HddsDatanodeService (HddsDatanodeService.java:start(184)) - HddsDatanodeService host:byscane-nightly-b86qh-2100283676 ip:192.168.5.147
2019-08-03 03:58:09,965 INFO  util.JvmPauseMonitor (JvmPauseMonitor.java:run(188)) - Starting JVM pause monitor
2019-08-03 03:58:09,967 INFO  datanode.InitDatanodeState (InitDatanodeState.java:persistContainerDatanodeDetails(140)) - DatanodeDetails is persisted to /workdir/hadoop-ozone/integration-test/target/test-dir/MiniOzoneClusterImpl-b706123f-942e-41da-8ebc-47ffff3e32b4/datanode-2/meta/datanode.id
2019-08-03 03:58:09,973 INFO  volume.HddsVolume (HddsVolume.java:<init>(176)) - Creating Volume: /workdir/hadoop-ozone/integration-test/target/test-dir/MiniOzoneClusterImpl-b706123f-942e-41da-8ebc-47ffff3e32b4/datanode-3/data/containers/hdds of  storage type : DISK and capacity : 52710309888
2019-08-03 03:58:09,973 INFO  volume.VolumeSet (VolumeSet.java:initializeVolumeSet(170)) - Added Volume : /workdir/hadoop-ozone/integration-test/target/test-dir/MiniOzoneClusterImpl-b706123f-942e-41da-8ebc-47ffff3e32b4/datanode-3/data/containers/hdds to VolumeSet
2019-08-03 03:58:09,973 INFO  volume.ThrottledAsyncChecker (ThrottledAsyncChecker.java:schedule(140)) - Scheduling a check for org.apache.hadoop.ozone.container.common.volume.HddsVolume@5af38a4a
2019-08-03 03:58:09,974 INFO  volume.HddsVolumeChecker (HddsVolumeChecker.java:checkAllVolumes(203)) - Scheduled health check for volume org.apache.hadoop.ozone.container.common.volume.HddsVolume@5af38a4a
2019-08-03 03:58:09,993 INFO  impl.RaftServerProxy (ConfUtils.java:logGet(43)) - raft.rpc.type = GRPC (default)
2019-08-03 03:58:09,993 INFO  grpc.GrpcFactory (GrpcFactory.java:checkPooledByteBufAllocatorUseCacheForAllThreads(45)) - PERFORMANCE WARNING: useCacheForAllThreads is true that may cause Netty to create a lot garbage objects and, as a result, trigger GC.
	It is recommended to disable useCacheForAllThreads by setting -Dorg.apache.ratis.thirdparty.io.netty.allocator.useCacheForAllThreads=false in command line.
2019-08-03 03:58:09,994 INFO  grpc.GrpcConfigKeys$Server (ConfUtils.java:logGet(43)) - raft.grpc.server.port = 0 (default)
2019-08-03 03:58:09,994 INFO  server.GrpcService (ConfUtils.java:logGet(43)) - raft.grpc.message.size.max = 33570816 (custom)
2019-08-03 03:58:09,994 INFO  server.RaftServerConfigKeys (ConfUtils.java:logGet(43)) - raft.server.log.appender.buffer.byte-limit = 33554432 (custom)
2019-08-03 03:58:09,995 INFO  server.GrpcService (ConfUtils.java:logGet(43)) - raft.grpc.flow.control.window = 1MB (=1048576) (default)
2019-08-03 03:58:09,995 INFO  server.RaftServerConfigKeys (ConfUtils.java:logGet(43)) - raft.server.rpc.request.timeout = 3000ms (default)
2019-08-03 03:58:09,996 INFO  server.RaftServerConfigKeys (ConfUtils.java:logGet(43)) - raft.server.storage.dir = [/workdir/hadoop-ozone/integration-test/target/test-dir/MiniOzoneClusterImpl-b706123f-942e-41da-8ebc-47ffff3e32b4/datanode-3/data/ratis] (custom)
2019-08-03 03:58:09,996 INFO  replication.SimpleContainerDownloader (SimpleContainerDownloader.java:<init>(72)) - Starting container downloader service to copy containers to replicate.
2019-08-03 03:58:09,998 INFO  hdfs.DFSUtil (DFSUtil.java:httpServerTemplateForNNAndJN(1641)) - Starting Web-server for hddsDatanode at: http://0.0.0.0:0
2019-08-03 03:58:09,999 INFO  server.AuthenticationFilter (AuthenticationFilter.java:constructSecretProvider(240)) - Unable to initialize FileSignerSecretProvider, falling back to use random secrets.
2019-08-03 03:58:09,999 WARN  http.HttpRequestLog (HttpRequestLog.java:getRequestLog(97)) - Jetty request log can only be enabled using Log4j
2019-08-03 03:58:10,000 INFO  http.HttpServer2 (HttpServer2.java:addGlobalFilter(975)) - Added global filter 'safety' (class=org.apache.hadoop.http.HttpServer2$QuotingInputFilter)
2019-08-03 03:58:10,002 INFO  http.HttpServer2 (HttpServer2.java:addFilter(948)) - Added filter static_user_filter (class=org.apache.hadoop.http.lib.StaticUserWebFilter$StaticUserFilter) to context hddsDatanode
2019-08-03 03:58:10,002 INFO  http.HttpServer2 (HttpServer2.java:addFilter(958)) - Added filter static_user_filter (class=org.apache.hadoop.http.lib.StaticUserWebFilter$StaticUserFilter) to context logs
2019-08-03 03:58:10,002 INFO  http.HttpServer2 (HttpServer2.java:addFilter(958)) - Added filter static_user_filter (class=org.apache.hadoop.http.lib.StaticUserWebFilter$StaticUserFilter) to context static
2019-08-03 03:58:10,003 INFO  http.HttpServer2 (HttpServer2.java:bindListener(1191)) - Jetty bound to port 33444
2019-08-03 03:58:10,003 INFO  server.Server (Server.java:doStart(351)) - jetty-9.3.24.v20180605, build timestamp: 2018-06-05T17:11:56Z, git hash: 84205aa28f11a4f31f2a3b86d1bba2cc8ab69827
2019-08-03 03:58:10,005 INFO  handler.ContextHandler (ContextHandler.java:doStart(781)) - Started o.e.j.s.ServletContextHandler@302da330{/logs,file:///workdir/hadoop-ozone/integration-test/target/log,AVAILABLE}
2019-08-03 03:58:10,005 INFO  handler.ContextHandler (ContextHandler.java:doStart(781)) - Started o.e.j.s.ServletContextHandler@9f2376f{/static,jar:file:/home/user/.m2/repository/org/apache/hadoop/hadoop-hdds-container-service/0.4.1-SNAPSHOT/hadoop-hdds-container-service-0.4.1-SNAPSHOT.jar!/webapps/static,AVAILABLE}
2019-08-03 03:58:10,032 INFO  handler.ContextHandler (ContextHandler.java:doStart(781)) - Started o.e.j.w.WebAppContext@76134b9b{/,file:///tmp/jetty-0.0.0.0-33444-hddsDatanode-_-any-3399501108293955111.dir/webapp/,AVAILABLE}{/hddsDatanode}
2019-08-03 03:58:10,033 INFO  server.AbstractConnector (AbstractConnector.java:doStart(278)) - Started ServerConnector@38667005{HTTP/1.1,[http/1.1]}{0.0.0.0:33444}
2019-08-03 03:58:10,035 INFO  server.Server (Server.java:doStart(419)) - Started @52641ms
2019-08-03 03:58:10,035 INFO  server.BaseHttpServer (BaseHttpServer.java:updateConnectorAddress(207)) - HTTP server of HDDSDATANODE is listening at http://0.0.0.0:33444
2019-08-03 03:58:10,166 INFO  ozone.HddsDatanodeService (HddsDatanodeService.java:startPlugins(395)) - Started plug-in org.apache.hadoop.ozone.web.OzoneHddsDatanodeService@2faf6e4a
2019-08-03 03:58:10,166 INFO  impl.MetricsSystemImpl (MetricsSystemImpl.java:init(158)) - HddsDatanode metrics system started (again)
2019-08-03 03:58:10,172 INFO  util.JvmPauseMonitor (JvmPauseMonitor.java:run(188)) - Starting JVM pause monitor
2019-08-03 03:58:10,172 INFO  ozone.HddsDatanodeService (HddsDatanodeService.java:start(184)) - HddsDatanodeService host:byscane-nightly-b86qh-2100283676 ip:192.168.5.147
2019-08-03 03:58:10,173 INFO  datanode.InitDatanodeState (InitDatanodeState.java:persistContainerDatanodeDetails(140)) - DatanodeDetails is persisted to /workdir/hadoop-ozone/integration-test/target/test-dir/MiniOzoneClusterImpl-b706123f-942e-41da-8ebc-47ffff3e32b4/datanode-3/meta/datanode.id
2019-08-03 03:58:10,179 INFO  volume.HddsVolume (HddsVolume.java:<init>(176)) - Creating Volume: /workdir/hadoop-ozone/integration-test/target/test-dir/MiniOzoneClusterImpl-b706123f-942e-41da-8ebc-47ffff3e32b4/datanode-4/data/containers/hdds of  storage type : DISK and capacity : 52710309888
2019-08-03 03:58:10,180 INFO  volume.VolumeSet (VolumeSet.java:initializeVolumeSet(170)) - Added Volume : /workdir/hadoop-ozone/integration-test/target/test-dir/MiniOzoneClusterImpl-b706123f-942e-41da-8ebc-47ffff3e32b4/datanode-4/data/containers/hdds to VolumeSet
2019-08-03 03:58:10,180 INFO  volume.ThrottledAsyncChecker (ThrottledAsyncChecker.java:schedule(140)) - Scheduling a check for org.apache.hadoop.ozone.container.common.volume.HddsVolume@5891b7c5
2019-08-03 03:58:10,180 INFO  volume.HddsVolumeChecker (HddsVolumeChecker.java:checkAllVolumes(203)) - Scheduled health check for volume org.apache.hadoop.ozone.container.common.volume.HddsVolume@5891b7c5
2019-08-03 03:58:10,198 INFO  impl.RaftServerProxy (ConfUtils.java:logGet(43)) - raft.rpc.type = GRPC (default)
2019-08-03 03:58:10,199 INFO  grpc.GrpcFactory (GrpcFactory.java:checkPooledByteBufAllocatorUseCacheForAllThreads(45)) - PERFORMANCE WARNING: useCacheForAllThreads is true that may cause Netty to create a lot garbage objects and, as a result, trigger GC.
	It is recommended to disable useCacheForAllThreads by setting -Dorg.apache.ratis.thirdparty.io.netty.allocator.useCacheForAllThreads=false in command line.
2019-08-03 03:58:10,199 INFO  grpc.GrpcConfigKeys$Server (ConfUtils.java:logGet(43)) - raft.grpc.server.port = 0 (default)
2019-08-03 03:58:10,199 INFO  server.GrpcService (ConfUtils.java:logGet(43)) - raft.grpc.message.size.max = 33570816 (custom)
2019-08-03 03:58:10,199 INFO  server.RaftServerConfigKeys (ConfUtils.java:logGet(43)) - raft.server.log.appender.buffer.byte-limit = 33554432 (custom)
2019-08-03 03:58:10,199 INFO  server.GrpcService (ConfUtils.java:logGet(43)) - raft.grpc.flow.control.window = 1MB (=1048576) (default)
2019-08-03 03:58:10,200 INFO  server.RaftServerConfigKeys (ConfUtils.java:logGet(43)) - raft.server.rpc.request.timeout = 3000ms (default)
2019-08-03 03:58:10,200 INFO  server.RaftServerConfigKeys (ConfUtils.java:logGet(43)) - raft.server.storage.dir = [/workdir/hadoop-ozone/integration-test/target/test-dir/MiniOzoneClusterImpl-b706123f-942e-41da-8ebc-47ffff3e32b4/datanode-4/data/ratis] (custom)
2019-08-03 03:58:10,201 INFO  replication.SimpleContainerDownloader (SimpleContainerDownloader.java:<init>(72)) - Starting container downloader service to copy containers to replicate.
2019-08-03 03:58:10,202 INFO  hdfs.DFSUtil (DFSUtil.java:httpServerTemplateForNNAndJN(1641)) - Starting Web-server for hddsDatanode at: http://0.0.0.0:0
2019-08-03 03:58:10,203 INFO  server.AuthenticationFilter (AuthenticationFilter.java:constructSecretProvider(240)) - Unable to initialize FileSignerSecretProvider, falling back to use random secrets.
2019-08-03 03:58:10,204 WARN  http.HttpRequestLog (HttpRequestLog.java:getRequestLog(97)) - Jetty request log can only be enabled using Log4j
2019-08-03 03:58:10,205 INFO  http.HttpServer2 (HttpServer2.java:addGlobalFilter(975)) - Added global filter 'safety' (class=org.apache.hadoop.http.HttpServer2$QuotingInputFilter)
2019-08-03 03:58:10,206 INFO  http.HttpServer2 (HttpServer2.java:addFilter(948)) - Added filter static_user_filter (class=org.apache.hadoop.http.lib.StaticUserWebFilter$StaticUserFilter) to context hddsDatanode
2019-08-03 03:58:10,206 INFO  http.HttpServer2 (HttpServer2.java:addFilter(958)) - Added filter static_user_filter (class=org.apache.hadoop.http.lib.StaticUserWebFilter$StaticUserFilter) to context logs
2019-08-03 03:58:10,206 INFO  http.HttpServer2 (HttpServer2.java:addFilter(958)) - Added filter static_user_filter (class=org.apache.hadoop.http.lib.StaticUserWebFilter$StaticUserFilter) to context static
2019-08-03 03:58:10,207 INFO  http.HttpServer2 (HttpServer2.java:bindListener(1191)) - Jetty bound to port 44907
2019-08-03 03:58:10,207 INFO  server.Server (Server.java:doStart(351)) - jetty-9.3.24.v20180605, build timestamp: 2018-06-05T17:11:56Z, git hash: 84205aa28f11a4f31f2a3b86d1bba2cc8ab69827
2019-08-03 03:58:10,209 INFO  handler.ContextHandler (ContextHandler.java:doStart(781)) - Started o.e.j.s.ServletContextHandler@4b9f7edc{/logs,file:///workdir/hadoop-ozone/integration-test/target/log,AVAILABLE}
2019-08-03 03:58:10,210 INFO  handler.ContextHandler (ContextHandler.java:doStart(781)) - Started o.e.j.s.ServletContextHandler@2e0652ab{/static,jar:file:/home/user/.m2/repository/org/apache/hadoop/hadoop-hdds-container-service/0.4.1-SNAPSHOT/hadoop-hdds-container-service-0.4.1-SNAPSHOT.jar!/webapps/static,AVAILABLE}
2019-08-03 03:58:10,238 INFO  handler.ContextHandler (ContextHandler.java:doStart(781)) - Started o.e.j.w.WebAppContext@338a4c61{/,file:///tmp/jetty-0.0.0.0-44907-hddsDatanode-_-any-4799086756455159614.dir/webapp/,AVAILABLE}{/hddsDatanode}
2019-08-03 03:58:10,238 INFO  server.AbstractConnector (AbstractConnector.java:doStart(278)) - Started ServerConnector@839755f{HTTP/1.1,[http/1.1]}{0.0.0.0:44907}
2019-08-03 03:58:10,240 INFO  server.Server (Server.java:doStart(419)) - Started @52847ms
2019-08-03 03:58:10,240 INFO  server.BaseHttpServer (BaseHttpServer.java:updateConnectorAddress(207)) - HTTP server of HDDSDATANODE is listening at http://0.0.0.0:44907
2019-08-03 03:58:10,516 INFO  ozone.HddsDatanodeService (HddsDatanodeService.java:startPlugins(395)) - Started plug-in org.apache.hadoop.ozone.web.OzoneHddsDatanodeService@f793f15
2019-08-03 03:58:10,517 INFO  impl.MetricsSystemImpl (MetricsSystemImpl.java:init(158)) - HddsDatanode metrics system started (again)
2019-08-03 03:58:10,523 INFO  util.JvmPauseMonitor (JvmPauseMonitor.java:run(188)) - Starting JVM pause monitor
2019-08-03 03:58:10,524 INFO  ozone.HddsDatanodeService (HddsDatanodeService.java:start(184)) - HddsDatanodeService host:byscane-nightly-b86qh-2100283676 ip:192.168.5.147
2019-08-03 03:58:10,526 INFO  datanode.InitDatanodeState (InitDatanodeState.java:persistContainerDatanodeDetails(140)) - DatanodeDetails is persisted to /workdir/hadoop-ozone/integration-test/target/test-dir/MiniOzoneClusterImpl-b706123f-942e-41da-8ebc-47ffff3e32b4/datanode-4/meta/datanode.id
2019-08-03 03:58:10,534 INFO  volume.HddsVolume (HddsVolume.java:<init>(176)) - Creating Volume: /workdir/hadoop-ozone/integration-test/target/test-dir/MiniOzoneClusterImpl-b706123f-942e-41da-8ebc-47ffff3e32b4/datanode-5/data/containers/hdds of  storage type : DISK and capacity : 52710309888
2019-08-03 03:58:10,534 INFO  volume.VolumeSet (VolumeSet.java:initializeVolumeSet(170)) - Added Volume : /workdir/hadoop-ozone/integration-test/target/test-dir/MiniOzoneClusterImpl-b706123f-942e-41da-8ebc-47ffff3e32b4/datanode-5/data/containers/hdds to VolumeSet
2019-08-03 03:58:10,534 INFO  volume.ThrottledAsyncChecker (ThrottledAsyncChecker.java:schedule(140)) - Scheduling a check for org.apache.hadoop.ozone.container.common.volume.HddsVolume@5b5b9521
2019-08-03 03:58:10,535 INFO  volume.HddsVolumeChecker (HddsVolumeChecker.java:checkAllVolumes(203)) - Scheduled health check for volume org.apache.hadoop.ozone.container.common.volume.HddsVolume@5b5b9521
2019-08-03 03:58:10,555 INFO  impl.RaftServerProxy (ConfUtils.java:logGet(43)) - raft.rpc.type = GRPC (default)
2019-08-03 03:58:10,556 INFO  grpc.GrpcFactory (GrpcFactory.java:checkPooledByteBufAllocatorUseCacheForAllThreads(45)) - PERFORMANCE WARNING: useCacheForAllThreads is true that may cause Netty to create a lot garbage objects and, as a result, trigger GC.
	It is recommended to disable useCacheForAllThreads by setting -Dorg.apache.ratis.thirdparty.io.netty.allocator.useCacheForAllThreads=false in command line.
2019-08-03 03:58:10,556 INFO  grpc.GrpcConfigKeys$Server (ConfUtils.java:logGet(43)) - raft.grpc.server.port = 0 (default)
2019-08-03 03:58:10,556 INFO  server.GrpcService (ConfUtils.java:logGet(43)) - raft.grpc.message.size.max = 33570816 (custom)
2019-08-03 03:58:10,556 INFO  server.RaftServerConfigKeys (ConfUtils.java:logGet(43)) - raft.server.log.appender.buffer.byte-limit = 33554432 (custom)
2019-08-03 03:58:10,557 INFO  server.GrpcService (ConfUtils.java:logGet(43)) - raft.grpc.flow.control.window = 1MB (=1048576) (default)
2019-08-03 03:58:10,557 INFO  server.RaftServerConfigKeys (ConfUtils.java:logGet(43)) - raft.server.rpc.request.timeout = 3000ms (default)
2019-08-03 03:58:10,558 INFO  server.RaftServerConfigKeys (ConfUtils.java:logGet(43)) - raft.server.storage.dir = [/workdir/hadoop-ozone/integration-test/target/test-dir/MiniOzoneClusterImpl-b706123f-942e-41da-8ebc-47ffff3e32b4/datanode-5/data/ratis] (custom)
2019-08-03 03:58:10,558 INFO  replication.SimpleContainerDownloader (SimpleContainerDownloader.java:<init>(72)) - Starting container downloader service to copy containers to replicate.
2019-08-03 03:58:10,560 INFO  hdfs.DFSUtil (DFSUtil.java:httpServerTemplateForNNAndJN(1641)) - Starting Web-server for hddsDatanode at: http://0.0.0.0:0
2019-08-03 03:58:10,561 INFO  server.AuthenticationFilter (AuthenticationFilter.java:constructSecretProvider(240)) - Unable to initialize FileSignerSecretProvider, falling back to use random secrets.
2019-08-03 03:58:10,562 WARN  http.HttpRequestLog (HttpRequestLog.java:getRequestLog(97)) - Jetty request log can only be enabled using Log4j
2019-08-03 03:58:10,564 INFO  http.HttpServer2 (HttpServer2.java:addGlobalFilter(975)) - Added global filter 'safety' (class=org.apache.hadoop.http.HttpServer2$QuotingInputFilter)
2019-08-03 03:58:10,564 INFO  http.HttpServer2 (HttpServer2.java:addFilter(948)) - Added filter static_user_filter (class=org.apache.hadoop.http.lib.StaticUserWebFilter$StaticUserFilter) to context hddsDatanode
2019-08-03 03:58:10,565 INFO  http.HttpServer2 (HttpServer2.java:addFilter(958)) - Added filter static_user_filter (class=org.apache.hadoop.http.lib.StaticUserWebFilter$StaticUserFilter) to context static
2019-08-03 03:58:10,565 INFO  http.HttpServer2 (HttpServer2.java:addFilter(958)) - Added filter static_user_filter (class=org.apache.hadoop.http.lib.StaticUserWebFilter$StaticUserFilter) to context logs
2019-08-03 03:58:10,566 INFO  http.HttpServer2 (HttpServer2.java:bindListener(1191)) - Jetty bound to port 37983
2019-08-03 03:58:10,566 INFO  server.Server (Server.java:doStart(351)) - jetty-9.3.24.v20180605, build timestamp: 2018-06-05T17:11:56Z, git hash: 84205aa28f11a4f31f2a3b86d1bba2cc8ab69827
2019-08-03 03:58:10,568 INFO  handler.ContextHandler (ContextHandler.java:doStart(781)) - Started o.e.j.s.ServletContextHandler@949d347{/logs,file:///workdir/hadoop-ozone/integration-test/target/log,AVAILABLE}
2019-08-03 03:58:10,569 INFO  handler.ContextHandler (ContextHandler.java:doStart(781)) - Started o.e.j.s.ServletContextHandler@1fc5c0b2{/static,jar:file:/home/user/.m2/repository/org/apache/hadoop/hadoop-hdds-container-service/0.4.1-SNAPSHOT/hadoop-hdds-container-service-0.4.1-SNAPSHOT.jar!/webapps/static,AVAILABLE}
2019-08-03 03:58:10,602 INFO  handler.ContextHandler (ContextHandler.java:doStart(781)) - Started o.e.j.w.WebAppContext@6c1f15df{/,file:///tmp/jetty-0.0.0.0-37983-hddsDatanode-_-any-5474538783972953471.dir/webapp/,AVAILABLE}{/hddsDatanode}
2019-08-03 03:58:10,602 INFO  server.AbstractConnector (AbstractConnector.java:doStart(278)) - Started ServerConnector@5e95b0ab{HTTP/1.1,[http/1.1]}{0.0.0.0:37983}
2019-08-03 03:58:10,604 INFO  server.Server (Server.java:doStart(419)) - Started @53210ms
2019-08-03 03:58:10,604 INFO  server.BaseHttpServer (BaseHttpServer.java:updateConnectorAddress(207)) - HTTP server of HDDSDATANODE is listening at http://0.0.0.0:37983
2019-08-03 03:58:10,732 INFO  ozone.HddsDatanodeService (HddsDatanodeService.java:startPlugins(395)) - Started plug-in org.apache.hadoop.ozone.web.OzoneHddsDatanodeService@4e647f39
2019-08-03 03:58:10,732 INFO  impl.MetricsSystemImpl (MetricsSystemImpl.java:init(158)) - HddsDatanode metrics system started (again)
2019-08-03 03:58:10,739 INFO  util.JvmPauseMonitor (JvmPauseMonitor.java:run(188)) - Starting JVM pause monitor
2019-08-03 03:58:10,739 INFO  ozone.HddsDatanodeService (HddsDatanodeService.java:start(184)) - HddsDatanodeService host:byscane-nightly-b86qh-2100283676 ip:192.168.5.147
2019-08-03 03:58:10,740 INFO  datanode.InitDatanodeState (InitDatanodeState.java:persistContainerDatanodeDetails(140)) - DatanodeDetails is persisted to /workdir/hadoop-ozone/integration-test/target/test-dir/MiniOzoneClusterImpl-b706123f-942e-41da-8ebc-47ffff3e32b4/datanode-5/meta/datanode.id
2019-08-03 03:58:10,747 INFO  volume.HddsVolume (HddsVolume.java:<init>(176)) - Creating Volume: /workdir/hadoop-ozone/integration-test/target/test-dir/MiniOzoneClusterImpl-b706123f-942e-41da-8ebc-47ffff3e32b4/datanode-6/data/containers/hdds of  storage type : DISK and capacity : 52710309888
2019-08-03 03:58:10,748 INFO  volume.VolumeSet (VolumeSet.java:initializeVolumeSet(170)) - Added Volume : /workdir/hadoop-ozone/integration-test/target/test-dir/MiniOzoneClusterImpl-b706123f-942e-41da-8ebc-47ffff3e32b4/datanode-6/data/containers/hdds to VolumeSet
2019-08-03 03:58:10,748 INFO  volume.ThrottledAsyncChecker (ThrottledAsyncChecker.java:schedule(140)) - Scheduling a check for org.apache.hadoop.ozone.container.common.volume.HddsVolume@fa11fda
2019-08-03 03:58:10,748 INFO  volume.HddsVolumeChecker (HddsVolumeChecker.java:checkAllVolumes(203)) - Scheduled health check for volume org.apache.hadoop.ozone.container.common.volume.HddsVolume@fa11fda
2019-08-03 03:58:10,763 INFO  impl.RaftServerProxy (ConfUtils.java:logGet(43)) - raft.rpc.type = GRPC (default)
2019-08-03 03:58:10,763 INFO  grpc.GrpcFactory (GrpcFactory.java:checkPooledByteBufAllocatorUseCacheForAllThreads(45)) - PERFORMANCE WARNING: useCacheForAllThreads is true that may cause Netty to create a lot garbage objects and, as a result, trigger GC.
	It is recommended to disable useCacheForAllThreads by setting -Dorg.apache.ratis.thirdparty.io.netty.allocator.useCacheForAllThreads=false in command line.
2019-08-03 03:58:10,763 INFO  grpc.GrpcConfigKeys$Server (ConfUtils.java:logGet(43)) - raft.grpc.server.port = 0 (default)
2019-08-03 03:58:10,764 INFO  server.GrpcService (ConfUtils.java:logGet(43)) - raft.grpc.message.size.max = 33570816 (custom)
2019-08-03 03:58:10,764 INFO  server.RaftServerConfigKeys (ConfUtils.java:logGet(43)) - raft.server.log.appender.buffer.byte-limit = 33554432 (custom)
2019-08-03 03:58:10,764 INFO  server.GrpcService (ConfUtils.java:logGet(43)) - raft.grpc.flow.control.window = 1MB (=1048576) (default)
2019-08-03 03:58:10,764 INFO  server.RaftServerConfigKeys (ConfUtils.java:logGet(43)) - raft.server.rpc.request.timeout = 3000ms (default)
2019-08-03 03:58:10,765 INFO  server.RaftServerConfigKeys (ConfUtils.java:logGet(43)) - raft.server.storage.dir = [/workdir/hadoop-ozone/integration-test/target/test-dir/MiniOzoneClusterImpl-b706123f-942e-41da-8ebc-47ffff3e32b4/datanode-6/data/ratis] (custom)
2019-08-03 03:58:10,765 INFO  replication.SimpleContainerDownloader (SimpleContainerDownloader.java:<init>(72)) - Starting container downloader service to copy containers to replicate.
2019-08-03 03:58:10,766 INFO  hdfs.DFSUtil (DFSUtil.java:httpServerTemplateForNNAndJN(1641)) - Starting Web-server for hddsDatanode at: http://0.0.0.0:0
2019-08-03 03:58:10,769 INFO  server.AuthenticationFilter (AuthenticationFilter.java:constructSecretProvider(240)) - Unable to initialize FileSignerSecretProvider, falling back to use random secrets.
2019-08-03 03:58:10,769 WARN  http.HttpRequestLog (HttpRequestLog.java:getRequestLog(97)) - Jetty request log can only be enabled using Log4j
2019-08-03 03:58:10,772 INFO  http.HttpServer2 (HttpServer2.java:addGlobalFilter(975)) - Added global filter 'safety' (class=org.apache.hadoop.http.HttpServer2$QuotingInputFilter)
2019-08-03 03:58:10,772 INFO  http.HttpServer2 (HttpServer2.java:addFilter(948)) - Added filter static_user_filter (class=org.apache.hadoop.http.lib.StaticUserWebFilter$StaticUserFilter) to context hddsDatanode
2019-08-03 03:58:10,773 INFO  http.HttpServer2 (HttpServer2.java:addFilter(958)) - Added filter static_user_filter (class=org.apache.hadoop.http.lib.StaticUserWebFilter$StaticUserFilter) to context logs
2019-08-03 03:58:10,773 INFO  http.HttpServer2 (HttpServer2.java:addFilter(958)) - Added filter static_user_filter (class=org.apache.hadoop.http.lib.StaticUserWebFilter$StaticUserFilter) to context static
2019-08-03 03:58:10,774 INFO  http.HttpServer2 (HttpServer2.java:bindListener(1191)) - Jetty bound to port 44023
2019-08-03 03:58:10,774 INFO  server.Server (Server.java:doStart(351)) - jetty-9.3.24.v20180605, build timestamp: 2018-06-05T17:11:56Z, git hash: 84205aa28f11a4f31f2a3b86d1bba2cc8ab69827
2019-08-03 03:58:10,777 INFO  handler.ContextHandler (ContextHandler.java:doStart(781)) - Started o.e.j.s.ServletContextHandler@450d10cb{/logs,file:///workdir/hadoop-ozone/integration-test/target/log,AVAILABLE}
2019-08-03 03:58:10,778 INFO  handler.ContextHandler (ContextHandler.java:doStart(781)) - Started o.e.j.s.ServletContextHandler@6a9df5{/static,jar:file:/home/user/.m2/repository/org/apache/hadoop/hadoop-hdds-container-service/0.4.1-SNAPSHOT/hadoop-hdds-container-service-0.4.1-SNAPSHOT.jar!/webapps/static,AVAILABLE}
2019-08-03 03:58:10,821 INFO  handler.ContextHandler (ContextHandler.java:doStart(781)) - Started o.e.j.w.WebAppContext@549d14fe{/,file:///tmp/jetty-0.0.0.0-44023-hddsDatanode-_-any-2278525125877964938.dir/webapp/,AVAILABLE}{/hddsDatanode}
2019-08-03 03:58:10,822 INFO  server.AbstractConnector (AbstractConnector.java:doStart(278)) - Started ServerConnector@77d54a41{HTTP/1.1,[http/1.1]}{0.0.0.0:44023}
2019-08-03 03:58:10,823 INFO  server.Server (Server.java:doStart(419)) - Started @53430ms
2019-08-03 03:58:10,824 INFO  server.BaseHttpServer (BaseHttpServer.java:updateConnectorAddress(207)) - HTTP server of HDDSDATANODE is listening at http://0.0.0.0:44023
2019-08-03 03:58:10,941 INFO  ozone.HddsDatanodeService (HddsDatanodeService.java:startPlugins(395)) - Started plug-in org.apache.hadoop.ozone.web.OzoneHddsDatanodeService@60a99f3d
2019-08-03 03:58:10,942 INFO  ozone.MiniOzoneClusterImpl (MiniOzoneClusterImpl.java:lambda$waitForClusterToBeReady$0(142)) - Waiting for cluster to be ready. Got 0 of 7 DN Heartbeats.
2019-08-03 03:58:10,945 INFO  util.JvmPauseMonitor (JvmPauseMonitor.java:run(188)) - Starting JVM pause monitor
2019-08-03 03:58:10,946 INFO  datanode.InitDatanodeState (InitDatanodeState.java:persistContainerDatanodeDetails(140)) - DatanodeDetails is persisted to /workdir/hadoop-ozone/integration-test/target/test-dir/MiniOzoneClusterImpl-b706123f-942e-41da-8ebc-47ffff3e32b4/datanode-6/meta/datanode.id
2019-08-03 03:58:11,617 INFO  ozoneimpl.OzoneContainer (OzoneContainer.java:start(186)) - Attempting to start container services.
2019-08-03 03:58:11,619 INFO  ozoneimpl.OzoneContainer (OzoneContainer.java:startContainerScrub(160)) - Background container scrubber has been disabled by hdds.containerscrub.enabled
2019-08-03 03:58:11,619 INFO  ratis.XceiverServerRatis (XceiverServerRatis.java:start(404)) - Starting XceiverServerRatis f621b505-b5c7-479f-8586-0b112ca88440 at port 0
2019-08-03 03:58:11,627 INFO  impl.RaftServerProxy (RaftServerProxy.java:lambda$start$3(299)) - f621b505-b5c7-479f-8586-0b112ca88440: start RPC server
2019-08-03 03:58:11,629 INFO  server.GrpcService (GrpcService.java:startImpl(149)) - f621b505-b5c7-479f-8586-0b112ca88440: GrpcService started, listening on 0.0.0.0/0.0.0.0:37877
2019-08-03 03:58:11,629 INFO  ratis.XceiverServerRatis (XceiverServerRatis.java:start(414)) - XceiverServerRatis f621b505-b5c7-479f-8586-0b112ca88440 is started using port 37877
2019-08-03 03:58:11,631 INFO  server.XceiverServerGrpc (XceiverServerGrpc.java:start(161)) - XceiverServerGrpc f621b505-b5c7-479f-8586-0b112ca88440 is started using port 40604
2019-08-03 03:58:11,787 INFO  ozoneimpl.OzoneContainer (OzoneContainer.java:start(186)) - Attempting to start container services.
2019-08-03 03:58:11,794 INFO  ozoneimpl.OzoneContainer (OzoneContainer.java:startContainerScrub(160)) - Background container scrubber has been disabled by hdds.containerscrub.enabled
2019-08-03 03:58:11,794 INFO  ratis.XceiverServerRatis (XceiverServerRatis.java:start(404)) - Starting XceiverServerRatis 8b7da219-0df9-4e02-922d-b4c8bf36f5dc at port 0
2019-08-03 03:58:11,801 INFO  impl.RaftServerProxy (RaftServerProxy.java:lambda$start$3(299)) - 8b7da219-0df9-4e02-922d-b4c8bf36f5dc: start RPC server
2019-08-03 03:58:11,804 INFO  server.GrpcService (GrpcService.java:startImpl(149)) - 8b7da219-0df9-4e02-922d-b4c8bf36f5dc: GrpcService started, listening on 0.0.0.0/0.0.0.0:37429
2019-08-03 03:58:11,804 INFO  ratis.XceiverServerRatis (XceiverServerRatis.java:start(414)) - XceiverServerRatis 8b7da219-0df9-4e02-922d-b4c8bf36f5dc is started using port 37429
2019-08-03 03:58:11,805 INFO  server.XceiverServerGrpc (XceiverServerGrpc.java:start(161)) - XceiverServerGrpc 8b7da219-0df9-4e02-922d-b4c8bf36f5dc is started using port 35937
2019-08-03 03:58:11,942 INFO  ozone.MiniOzoneClusterImpl (MiniOzoneClusterImpl.java:lambda$waitForClusterToBeReady$0(142)) - Waiting for cluster to be ready. Got 0 of 7 DN Heartbeats.
2019-08-03 03:58:11,973 INFO  ozoneimpl.OzoneContainer (OzoneContainer.java:start(186)) - Attempting to start container services.
2019-08-03 03:58:11,973 INFO  ozoneimpl.OzoneContainer (OzoneContainer.java:startContainerScrub(160)) - Background container scrubber has been disabled by hdds.containerscrub.enabled
2019-08-03 03:58:11,973 INFO  ratis.XceiverServerRatis (XceiverServerRatis.java:start(404)) - Starting XceiverServerRatis a19a9959-3e57-49ad-8b3b-abbda9d8deb6 at port 0
2019-08-03 03:58:11,980 INFO  impl.RaftServerProxy (RaftServerProxy.java:lambda$start$3(299)) - a19a9959-3e57-49ad-8b3b-abbda9d8deb6: start RPC server
2019-08-03 03:58:11,992 INFO  server.GrpcService (GrpcService.java:startImpl(149)) - a19a9959-3e57-49ad-8b3b-abbda9d8deb6: GrpcService started, listening on 0.0.0.0/0.0.0.0:35973
2019-08-03 03:58:11,992 INFO  ratis.XceiverServerRatis (XceiverServerRatis.java:start(414)) - XceiverServerRatis a19a9959-3e57-49ad-8b3b-abbda9d8deb6 is started using port 35973
2019-08-03 03:58:11,999 INFO  server.XceiverServerGrpc (XceiverServerGrpc.java:start(161)) - XceiverServerGrpc a19a9959-3e57-49ad-8b3b-abbda9d8deb6 is started using port 40275
2019-08-03 03:58:12,188 INFO  ozoneimpl.OzoneContainer (OzoneContainer.java:start(186)) - Attempting to start container services.
2019-08-03 03:58:12,188 INFO  ozoneimpl.OzoneContainer (OzoneContainer.java:startContainerScrub(160)) - Background container scrubber has been disabled by hdds.containerscrub.enabled
2019-08-03 03:58:12,188 INFO  ratis.XceiverServerRatis (XceiverServerRatis.java:start(404)) - Starting XceiverServerRatis c84dfb69-4bc6-4eb4-8f14-bfffd2ccdf82 at port 0
2019-08-03 03:58:12,195 INFO  impl.RaftServerProxy (RaftServerProxy.java:lambda$start$3(299)) - c84dfb69-4bc6-4eb4-8f14-bfffd2ccdf82: start RPC server
2019-08-03 03:58:12,196 INFO  server.GrpcService (GrpcService.java:startImpl(149)) - c84dfb69-4bc6-4eb4-8f14-bfffd2ccdf82: GrpcService started, listening on 0.0.0.0/0.0.0.0:34545
2019-08-03 03:58:12,197 INFO  ratis.XceiverServerRatis (XceiverServerRatis.java:start(414)) - XceiverServerRatis c84dfb69-4bc6-4eb4-8f14-bfffd2ccdf82 is started using port 34545
2019-08-03 03:58:12,197 INFO  server.XceiverServerGrpc (XceiverServerGrpc.java:start(161)) - XceiverServerGrpc c84dfb69-4bc6-4eb4-8f14-bfffd2ccdf82 is started using port 35615
2019-08-03 03:58:12,538 INFO  ozoneimpl.OzoneContainer (OzoneContainer.java:start(186)) - Attempting to start container services.
2019-08-03 03:58:12,539 INFO  ozoneimpl.OzoneContainer (OzoneContainer.java:startContainerScrub(160)) - Background container scrubber has been disabled by hdds.containerscrub.enabled
2019-08-03 03:58:12,539 INFO  ratis.XceiverServerRatis (XceiverServerRatis.java:start(404)) - Starting XceiverServerRatis 69331003-cddb-42ee-ad4e-77b03e66d0a1 at port 0
2019-08-03 03:58:12,547 INFO  impl.RaftServerProxy (RaftServerProxy.java:lambda$start$3(299)) - 69331003-cddb-42ee-ad4e-77b03e66d0a1: start RPC server
2019-08-03 03:58:12,551 INFO  server.GrpcService (GrpcService.java:startImpl(149)) - 69331003-cddb-42ee-ad4e-77b03e66d0a1: GrpcService started, listening on 0.0.0.0/0.0.0.0:45161
2019-08-03 03:58:12,551 INFO  ratis.XceiverServerRatis (XceiverServerRatis.java:start(414)) - XceiverServerRatis 69331003-cddb-42ee-ad4e-77b03e66d0a1 is started using port 45161
2019-08-03 03:58:12,552 INFO  server.XceiverServerGrpc (XceiverServerGrpc.java:start(161)) - XceiverServerGrpc 69331003-cddb-42ee-ad4e-77b03e66d0a1 is started using port 36361
2019-08-03 03:58:12,746 INFO  ozoneimpl.OzoneContainer (OzoneContainer.java:start(186)) - Attempting to start container services.
2019-08-03 03:58:12,746 INFO  ozoneimpl.OzoneContainer (OzoneContainer.java:startContainerScrub(160)) - Background container scrubber has been disabled by hdds.containerscrub.enabled
2019-08-03 03:58:12,746 INFO  ratis.XceiverServerRatis (XceiverServerRatis.java:start(404)) - Starting XceiverServerRatis 956d6195-2268-40b6-a07e-4f11e91c0f03 at port 0
2019-08-03 03:58:12,754 INFO  impl.RaftServerProxy (RaftServerProxy.java:lambda$start$3(299)) - 956d6195-2268-40b6-a07e-4f11e91c0f03: start RPC server
2019-08-03 03:58:12,755 INFO  server.GrpcService (GrpcService.java:startImpl(149)) - 956d6195-2268-40b6-a07e-4f11e91c0f03: GrpcService started, listening on 0.0.0.0/0.0.0.0:34094
2019-08-03 03:58:12,755 INFO  ratis.XceiverServerRatis (XceiverServerRatis.java:start(414)) - XceiverServerRatis 956d6195-2268-40b6-a07e-4f11e91c0f03 is started using port 34094
2019-08-03 03:58:12,756 INFO  server.XceiverServerGrpc (XceiverServerGrpc.java:start(161)) - XceiverServerGrpc 956d6195-2268-40b6-a07e-4f11e91c0f03 is started using port 41615
2019-08-03 03:58:12,942 INFO  ozone.MiniOzoneClusterImpl (MiniOzoneClusterImpl.java:lambda$waitForClusterToBeReady$0(142)) - Waiting for cluster to be ready. Got 0 of 7 DN Heartbeats.
2019-08-03 03:58:12,952 INFO  ozoneimpl.OzoneContainer (OzoneContainer.java:start(186)) - Attempting to start container services.
2019-08-03 03:58:12,952 INFO  ozoneimpl.OzoneContainer (OzoneContainer.java:startContainerScrub(160)) - Background container scrubber has been disabled by hdds.containerscrub.enabled
2019-08-03 03:58:12,952 INFO  ratis.XceiverServerRatis (XceiverServerRatis.java:start(404)) - Starting XceiverServerRatis bff501fd-9d46-4f24-9f03-c4dde58a1051 at port 0
2019-08-03 03:58:12,960 INFO  impl.RaftServerProxy (RaftServerProxy.java:lambda$start$3(299)) - bff501fd-9d46-4f24-9f03-c4dde58a1051: start RPC server
2019-08-03 03:58:12,961 INFO  server.GrpcService (GrpcService.java:startImpl(149)) - bff501fd-9d46-4f24-9f03-c4dde58a1051: GrpcService started, listening on 0.0.0.0/0.0.0.0:45887
2019-08-03 03:58:12,962 INFO  ratis.XceiverServerRatis (XceiverServerRatis.java:start(414)) - XceiverServerRatis bff501fd-9d46-4f24-9f03-c4dde58a1051 is started using port 45887
2019-08-03 03:58:12,965 INFO  server.XceiverServerGrpc (XceiverServerGrpc.java:start(161)) - XceiverServerGrpc bff501fd-9d46-4f24-9f03-c4dde58a1051 is started using port 37896
2019-08-03 03:58:13,598 INFO  net.NetworkTopology (NetworkTopologyImpl.java:add(110)) - Added a new node: /default-rack/f621b505-b5c7-479f-8586-0b112ca88440
2019-08-03 03:58:13,601 INFO  node.SCMNodeManager (SCMNodeManager.java:register(273)) - Registered Data node : f621b505-b5c7-479f-8586-0b112ca88440{ip: 192.168.5.147, host: byscane-nightly-b86qh-2100283676, networkLocation: /default-rack, certSerialId: null}
2019-08-03 03:58:13,602 INFO  safemode.SCMSafeModeManager (DataNodeSafeModeRule.java:process(71)) - SCM in safe mode. 1 DataNodes registered, 1 required.
2019-08-03 03:58:13,604 INFO  safemode.SCMSafeModeManager (SCMSafeModeManager.java:validateSafeModeExitRules(177)) - ScmSafeModeManager, all rules are successfully validated
2019-08-03 03:58:13,605 INFO  safemode.SCMSafeModeManager (SCMSafeModeManager.java:exitSafeMode(193)) - SCM exiting safe mode.
2019-08-03 03:58:13,620 INFO  impl.RaftServerProxy (RaftServerProxy.java:addNew(89)) - f621b505-b5c7-479f-8586-0b112ca88440: addNew group-82DD4EBBBF4D:[f621b505-b5c7-479f-8586-0b112ca88440:192.168.5.147:37877] returns group-82DD4EBBBF4D:java.util.concurrent.CompletableFuture@2e4309d6[Not completed]
2019-08-03 03:58:13,623 INFO  impl.RaftServerImpl (RaftServerImpl.java:<init>(93)) - f621b505-b5c7-479f-8586-0b112ca88440: new RaftServerImpl for group-82DD4EBBBF4D:[f621b505-b5c7-479f-8586-0b112ca88440:192.168.5.147:37877] with ContainerStateMachine:uninitialized
2019-08-03 03:58:13,624 INFO  server.RaftServerConfigKeys (ConfUtils.java:logGet(43)) - raft.server.rpc.timeout.min = 5s (custom)
2019-08-03 03:58:13,624 INFO  server.RaftServerConfigKeys (ConfUtils.java:logGet(43)) - raft.server.rpc.timeout.max = 5200ms (custom)
2019-08-03 03:58:13,624 INFO  server.RaftServerConfigKeys (ConfUtils.java:logGet(43)) - raft.server.rpcslowness.timeout = 120s (custom)
2019-08-03 03:58:13,624 INFO  server.RaftServerConfigKeys (ConfUtils.java:logGet(43)) - raft.server.sleep.deviation.threshold = 300 (default)
2019-08-03 03:58:13,624 INFO  server.RaftServerConfigKeys (ConfUtils.java:logGet(43)) - raft.server.log.appender.install.snapshot.enabled = false (custom)
2019-08-03 03:58:13,625 INFO  impl.RaftServerImpl (ServerState.java:<init>(105)) - f621b505-b5c7-479f-8586-0b112ca88440:group-82DD4EBBBF4D ConfigurationManager, init=-1: [f621b505-b5c7-479f-8586-0b112ca88440:192.168.5.147:37877], old=null, confs=<EMPTY_MAP>
2019-08-03 03:58:13,625 INFO  server.RaftServerConfigKeys (ConfUtils.java:logGet(43)) - raft.server.storage.dir = [/workdir/hadoop-ozone/integration-test/target/test-dir/MiniOzoneClusterImpl-b706123f-942e-41da-8ebc-47ffff3e32b4/datanode-0/data/ratis] (custom)
2019-08-03 03:58:13,625 INFO  storage.RaftStorageDirectory (RaftStorageDirectory.java:analyzeStorage(246)) - The storage directory /workdir/hadoop-ozone/integration-test/target/test-dir/MiniOzoneClusterImpl-b706123f-942e-41da-8ebc-47ffff3e32b4/datanode-0/data/ratis/2fd0b130-23cc-4226-bb22-82dd4ebbbf4d does not exist. Creating ...
2019-08-03 03:58:13,638 INFO  storage.RaftStorageDirectory (RaftStorageDirectory.java:tryLock(328)) - Lock on /workdir/hadoop-ozone/integration-test/target/test-dir/MiniOzoneClusterImpl-b706123f-942e-41da-8ebc-47ffff3e32b4/datanode-0/data/ratis/2fd0b130-23cc-4226-bb22-82dd4ebbbf4d/in_use.lock acquired by nodename 11786@byscane-nightly-b86qh-2100283676
2019-08-03 03:58:13,643 INFO  storage.RaftStorage (RaftStorage.java:format(72)) - Storage directory /workdir/hadoop-ozone/integration-test/target/test-dir/MiniOzoneClusterImpl-b706123f-942e-41da-8ebc-47ffff3e32b4/datanode-0/data/ratis/2fd0b130-23cc-4226-bb22-82dd4ebbbf4d has been successfully formatted.
2019-08-03 03:58:13,643 INFO  ratis.ContainerStateMachine (ContainerStateMachine.java:loadSnapshot(213)) - group-82DD4EBBBF4D: The snapshot info is null. Setting the last applied indexto:(t:0, i:~)
2019-08-03 03:58:13,643 INFO  server.RaftServerConfigKeys (ConfUtils.java:logGet(43)) - raft.server.leader.election.timeout = 120s (custom)
2019-08-03 03:58:13,643 INFO  server.RaftServerConfigKeys (ConfUtils.java:logGet(43)) - raft.server.log.use.memory = false (default)
2019-08-03 03:58:13,644 INFO  server.RaftServerConfigKeys (ConfUtils.java:logGet(43)) - raft.server.log.purge.gap = 1000000000 (custom)
2019-08-03 03:58:13,644 INFO  server.RaftServerConfigKeys (ConfUtils.java:logGet(43)) - raft.server.log.appender.buffer.byte-limit = 33554432 (custom)
2019-08-03 03:58:13,644 INFO  server.RaftServerConfigKeys (ConfUtils.java:logGet(43)) - raft.server.log.segment.size.max = 1048576 (custom)
2019-08-03 03:58:13,644 INFO  server.RaftServerConfigKeys (ConfUtils.java:logGet(43)) - raft.server.log.segment.cache.num.max = 2 (custom)
2019-08-03 03:58:13,644 INFO  segmented.SegmentedRaftLogWorker (SegmentedRaftLogWorker.java:<init>(172)) - new f621b505-b5c7-479f-8586-0b112ca88440-SegmentedRaftLogWorker:Storage Directory /workdir/hadoop-ozone/integration-test/target/test-dir/MiniOzoneClusterImpl-b706123f-942e-41da-8ebc-47ffff3e32b4/datanode-0/data/ratis/2fd0b130-23cc-4226-bb22-82dd4ebbbf4d for RaftStorage:Storage Directory /workdir/hadoop-ozone/integration-test/target/test-dir/MiniOzoneClusterImpl-b706123f-942e-41da-8ebc-47ffff3e32b4/datanode-0/data/ratis/2fd0b130-23cc-4226-bb22-82dd4ebbbf4d
2019-08-03 03:58:13,645 INFO  server.RaftServerConfigKeys (ConfUtils.java:logGet(43)) - raft.server.log.queue.byte-limit = 2147483647 (custom)
2019-08-03 03:58:13,645 INFO  server.RaftServerConfigKeys (ConfUtils.java:logGet(43)) - raft.server.log.queue.element-limit = 1024 (custom)
2019-08-03 03:58:13,645 INFO  server.RaftServerConfigKeys (ConfUtils.java:logGet(43)) - raft.server.log.segment.size.max = 1048576 (custom)
2019-08-03 03:58:13,645 INFO  server.RaftServerConfigKeys (ConfUtils.java:logGet(43)) - raft.server.log.preallocated.size = 16384 (custom)
2019-08-03 03:58:13,646 INFO  server.RaftServerConfigKeys (ConfUtils.java:logGet(43)) - raft.server.log.write.buffer.size = 33554432 (custom)
2019-08-03 03:58:13,646 INFO  server.RaftServerConfigKeys (ConfUtils.java:logGet(43)) - raft.server.log.force.sync.num = 128 (default)
2019-08-03 03:58:13,646 INFO  server.RaftServerConfigKeys (ConfUtils.java:logGet(43)) - raft.server.log.statemachine.data.sync = true (default)
2019-08-03 03:58:13,646 INFO  server.RaftServerConfigKeys (ConfUtils.java:logGet(43)) - raft.server.log.statemachine.data.sync.timeout = 10s (default)
2019-08-03 03:58:13,646 INFO  server.RaftServerConfigKeys (ConfUtils.java:logGet(43)) - raft.server.log.statemachine.data.sync.timeout.retry = -1 (default)
2019-08-03 03:58:13,647 INFO  server.RaftServerConfigKeys (ConfUtils.java:logGet(43)) - raft.server.log.statemachine.data.caching.enabled = true (custom)
2019-08-03 03:58:13,647 INFO  segmented.SegmentedRaftLogWorker (SegmentedRaftLogWorker.java:lambda$new$0(132)) - f621b505-b5c7-479f-8586-0b112ca88440-SegmentedRaftLogWorker:Storage Directory /workdir/hadoop-ozone/integration-test/target/test-dir/MiniOzoneClusterImpl-b706123f-942e-41da-8ebc-47ffff3e32b4/datanode-0/data/ratis/2fd0b130-23cc-4226-bb22-82dd4ebbbf4d: flushIndex: setUnconditionally 0 -> -1
2019-08-03 03:58:13,648 INFO  server.RaftServerConfigKeys (ConfUtils.java:logGet(43)) - raft.server.snapshot.auto.trigger.enabled = true (custom)
2019-08-03 03:58:13,648 INFO  server.RaftServerConfigKeys (ConfUtils.java:logGet(43)) - raft.server.snapshot.auto.trigger.threshold = 10000 (custom)
2019-08-03 03:58:13,648 INFO  server.RaftServerConfigKeys (ConfUtils.java:logGet(43)) - raft.server.retrycache.expirytime = 600000ms (custom)
2019-08-03 03:58:13,648 INFO  impl.RaftServerImpl (RaftServerImpl.java:start(180)) - f621b505-b5c7-479f-8586-0b112ca88440: start group-82DD4EBBBF4D
2019-08-03 03:58:13,649 INFO  impl.RaftServerImpl (RaftServerImpl.java:setRole(171)) - f621b505-b5c7-479f-8586-0b112ca88440:group-82DD4EBBBF4D changes role from null to FOLLOWER at term 0 for startAsFollower
2019-08-03 03:58:13,649 INFO  impl.RoleInfo (RoleInfo.java:updateAndGet(143)) - f621b505-b5c7-479f-8586-0b112ca88440: start FollowerState
2019-08-03 03:58:13,650 INFO  util.JmxRegister (JmxRegister.java:tryRegister(44)) - Successfully registered JMX Bean with object name Ratis:service=RaftServer,group=group-82DD4EBBBF4D,id=f621b505-b5c7-479f-8586-0b112ca88440
2019-08-03 03:58:13,654 INFO  pipeline.PipelineStateManager (PipelineStateManager.java:addPipeline(56)) - Created pipeline Pipeline[ Id: 2fd0b130-23cc-4226-bb22-82dd4ebbbf4d, Nodes: f621b505-b5c7-479f-8586-0b112ca88440{ip: 192.168.5.147, host: byscane-nightly-b86qh-2100283676, networkLocation: /default-rack, certSerialId: null}, Type:RATIS, Factor:ONE, State:OPEN]
2019-08-03 03:58:13,780 INFO  net.NetworkTopology (NetworkTopologyImpl.java:add(110)) - Added a new node: /default-rack/8b7da219-0df9-4e02-922d-b4c8bf36f5dc
2019-08-03 03:58:13,780 INFO  node.SCMNodeManager (SCMNodeManager.java:register(273)) - Registered Data node : 8b7da219-0df9-4e02-922d-b4c8bf36f5dc{ip: 192.168.5.147, host: byscane-nightly-b86qh-2100283676, networkLocation: /default-rack, certSerialId: null}
2019-08-03 03:58:13,791 INFO  impl.RaftServerProxy (RaftServerProxy.java:addNew(89)) - 8b7da219-0df9-4e02-922d-b4c8bf36f5dc: addNew group-F6E30CB2EFCF:[8b7da219-0df9-4e02-922d-b4c8bf36f5dc:192.168.5.147:37429] returns group-F6E30CB2EFCF:java.util.concurrent.CompletableFuture@2e86c7ca[Not completed]
2019-08-03 03:58:13,795 INFO  impl.RaftServerImpl (RaftServerImpl.java:<init>(93)) - 8b7da219-0df9-4e02-922d-b4c8bf36f5dc: new RaftServerImpl for group-F6E30CB2EFCF:[8b7da219-0df9-4e02-922d-b4c8bf36f5dc:192.168.5.147:37429] with ContainerStateMachine:uninitialized
2019-08-03 03:58:13,795 INFO  server.RaftServerConfigKeys (ConfUtils.java:logGet(43)) - raft.server.rpc.timeout.min = 5s (custom)
2019-08-03 03:58:13,795 INFO  server.RaftServerConfigKeys (ConfUtils.java:logGet(43)) - raft.server.rpc.timeout.max = 5200ms (custom)
2019-08-03 03:58:13,795 INFO  server.RaftServerConfigKeys (ConfUtils.java:logGet(43)) - raft.server.rpcslowness.timeout = 120s (custom)
2019-08-03 03:58:13,796 INFO  server.RaftServerConfigKeys (ConfUtils.java:logGet(43)) - raft.server.sleep.deviation.threshold = 300 (default)
2019-08-03 03:58:13,796 INFO  server.RaftServerConfigKeys (ConfUtils.java:logGet(43)) - raft.server.log.appender.install.snapshot.enabled = false (custom)
2019-08-03 03:58:13,796 INFO  impl.RaftServerImpl (ServerState.java:<init>(105)) - 8b7da219-0df9-4e02-922d-b4c8bf36f5dc:group-F6E30CB2EFCF ConfigurationManager, init=-1: [8b7da219-0df9-4e02-922d-b4c8bf36f5dc:192.168.5.147:37429], old=null, confs=<EMPTY_MAP>
2019-08-03 03:58:13,796 INFO  server.RaftServerConfigKeys (ConfUtils.java:logGet(43)) - raft.server.storage.dir = [/workdir/hadoop-ozone/integration-test/target/test-dir/MiniOzoneClusterImpl-b706123f-942e-41da-8ebc-47ffff3e32b4/datanode-1/data/ratis] (custom)
2019-08-03 03:58:13,797 INFO  storage.RaftStorageDirectory (RaftStorageDirectory.java:analyzeStorage(246)) - The storage directory /workdir/hadoop-ozone/integration-test/target/test-dir/MiniOzoneClusterImpl-b706123f-942e-41da-8ebc-47ffff3e32b4/datanode-1/data/ratis/46e2c8fd-da50-4675-880d-f6e30cb2efcf does not exist. Creating ...
2019-08-03 03:58:13,804 INFO  storage.RaftStorageDirectory (RaftStorageDirectory.java:tryLock(328)) - Lock on /workdir/hadoop-ozone/integration-test/target/test-dir/MiniOzoneClusterImpl-b706123f-942e-41da-8ebc-47ffff3e32b4/datanode-1/data/ratis/46e2c8fd-da50-4675-880d-f6e30cb2efcf/in_use.lock acquired by nodename 11786@byscane-nightly-b86qh-2100283676
2019-08-03 03:58:13,807 INFO  storage.RaftStorage (RaftStorage.java:format(72)) - Storage directory /workdir/hadoop-ozone/integration-test/target/test-dir/MiniOzoneClusterImpl-b706123f-942e-41da-8ebc-47ffff3e32b4/datanode-1/data/ratis/46e2c8fd-da50-4675-880d-f6e30cb2efcf has been successfully formatted.
2019-08-03 03:58:13,808 INFO  ratis.ContainerStateMachine (ContainerStateMachine.java:loadSnapshot(213)) - group-F6E30CB2EFCF: The snapshot info is null. Setting the last applied indexto:(t:0, i:~)
2019-08-03 03:58:13,808 INFO  server.RaftServerConfigKeys (ConfUtils.java:logGet(43)) - raft.server.leader.election.timeout = 120s (custom)
2019-08-03 03:58:13,808 INFO  server.RaftServerConfigKeys (ConfUtils.java:logGet(43)) - raft.server.log.use.memory = false (default)
2019-08-03 03:58:13,808 INFO  server.RaftServerConfigKeys (ConfUtils.java:logGet(43)) - raft.server.log.purge.gap = 1000000000 (custom)
2019-08-03 03:58:13,809 INFO  server.RaftServerConfigKeys (ConfUtils.java:logGet(43)) - raft.server.log.appender.buffer.byte-limit = 33554432 (custom)
2019-08-03 03:58:13,809 INFO  server.RaftServerConfigKeys (ConfUtils.java:logGet(43)) - raft.server.log.segment.size.max = 1048576 (custom)
2019-08-03 03:58:13,809 INFO  server.RaftServerConfigKeys (ConfUtils.java:logGet(43)) - raft.server.log.segment.cache.num.max = 2 (custom)
2019-08-03 03:58:13,809 INFO  segmented.SegmentedRaftLogWorker (SegmentedRaftLogWorker.java:<init>(172)) - new 8b7da219-0df9-4e02-922d-b4c8bf36f5dc-SegmentedRaftLogWorker:Storage Directory /workdir/hadoop-ozone/integration-test/target/test-dir/MiniOzoneClusterImpl-b706123f-942e-41da-8ebc-47ffff3e32b4/datanode-1/data/ratis/46e2c8fd-da50-4675-880d-f6e30cb2efcf for RaftStorage:Storage Directory /workdir/hadoop-ozone/integration-test/target/test-dir/MiniOzoneClusterImpl-b706123f-942e-41da-8ebc-47ffff3e32b4/datanode-1/data/ratis/46e2c8fd-da50-4675-880d-f6e30cb2efcf
2019-08-03 03:58:13,809 INFO  server.RaftServerConfigKeys (ConfUtils.java:logGet(43)) - raft.server.log.queue.byte-limit = 2147483647 (custom)
2019-08-03 03:58:13,810 INFO  server.RaftServerConfigKeys (ConfUtils.java:logGet(43)) - raft.server.log.queue.element-limit = 1024 (custom)
2019-08-03 03:58:13,810 INFO  server.RaftServerConfigKeys (ConfUtils.java:logGet(43)) - raft.server.log.segment.size.max = 1048576 (custom)
2019-08-03 03:58:13,810 INFO  server.RaftServerConfigKeys (ConfUtils.java:logGet(43)) - raft.server.log.preallocated.size = 16384 (custom)
2019-08-03 03:58:13,810 INFO  server.RaftServerConfigKeys (ConfUtils.java:logGet(43)) - raft.server.log.write.buffer.size = 33554432 (custom)
2019-08-03 03:58:13,811 INFO  server.RaftServerConfigKeys (ConfUtils.java:logGet(43)) - raft.server.log.force.sync.num = 128 (default)
2019-08-03 03:58:13,811 INFO  server.RaftServerConfigKeys (ConfUtils.java:logGet(43)) - raft.server.log.statemachine.data.sync = true (default)
2019-08-03 03:58:13,811 INFO  server.RaftServerConfigKeys (ConfUtils.java:logGet(43)) - raft.server.log.statemachine.data.sync.timeout = 10s (default)
2019-08-03 03:58:13,811 INFO  server.RaftServerConfigKeys (ConfUtils.java:logGet(43)) - raft.server.log.statemachine.data.sync.timeout.retry = -1 (default)
2019-08-03 03:58:13,811 INFO  server.RaftServerConfigKeys (ConfUtils.java:logGet(43)) - raft.server.log.statemachine.data.caching.enabled = true (custom)
2019-08-03 03:58:13,812 INFO  segmented.SegmentedRaftLogWorker (SegmentedRaftLogWorker.java:lambda$new$0(132)) - 8b7da219-0df9-4e02-922d-b4c8bf36f5dc-SegmentedRaftLogWorker:Storage Directory /workdir/hadoop-ozone/integration-test/target/test-dir/MiniOzoneClusterImpl-b706123f-942e-41da-8ebc-47ffff3e32b4/datanode-1/data/ratis/46e2c8fd-da50-4675-880d-f6e30cb2efcf: flushIndex: setUnconditionally 0 -> -1
2019-08-03 03:58:13,812 INFO  server.RaftServerConfigKeys (ConfUtils.java:logGet(43)) - raft.server.snapshot.auto.trigger.enabled = true (custom)
2019-08-03 03:58:13,813 INFO  server.RaftServerConfigKeys (ConfUtils.java:logGet(43)) - raft.server.snapshot.auto.trigger.threshold = 10000 (custom)
2019-08-03 03:58:13,813 INFO  server.RaftServerConfigKeys (ConfUtils.java:logGet(43)) - raft.server.retrycache.expirytime = 600000ms (custom)
2019-08-03 03:58:13,813 INFO  impl.RaftServerImpl (RaftServerImpl.java:start(180)) - 8b7da219-0df9-4e02-922d-b4c8bf36f5dc: start group-F6E30CB2EFCF
2019-08-03 03:58:13,813 INFO  impl.RaftServerImpl (RaftServerImpl.java:setRole(171)) - 8b7da219-0df9-4e02-922d-b4c8bf36f5dc:group-F6E30CB2EFCF changes role from null to FOLLOWER at term 0 for startAsFollower
2019-08-03 03:58:13,813 INFO  impl.RoleInfo (RoleInfo.java:updateAndGet(143)) - 8b7da219-0df9-4e02-922d-b4c8bf36f5dc: start FollowerState
2019-08-03 03:58:13,814 INFO  util.JmxRegister (JmxRegister.java:tryRegister(44)) - Successfully registered JMX Bean with object name Ratis:service=RaftServer,group=group-F6E30CB2EFCF,id=8b7da219-0df9-4e02-922d-b4c8bf36f5dc
2019-08-03 03:58:13,817 INFO  pipeline.PipelineStateManager (PipelineStateManager.java:addPipeline(56)) - Created pipeline Pipeline[ Id: 46e2c8fd-da50-4675-880d-f6e30cb2efcf, Nodes: 8b7da219-0df9-4e02-922d-b4c8bf36f5dc{ip: 192.168.5.147, host: byscane-nightly-b86qh-2100283676, networkLocation: /default-rack, certSerialId: null}, Type:RATIS, Factor:ONE, State:OPEN]
2019-08-03 03:58:13,943 INFO  ozone.MiniOzoneClusterImpl (MiniOzoneClusterImpl.java:lambda$waitForClusterToBeReady$0(142)) - Waiting for cluster to be ready. Got 2 of 7 DN Heartbeats.
2019-08-03 03:58:13,967 INFO  net.NetworkTopology (NetworkTopologyImpl.java:add(110)) - Added a new node: /default-rack/a19a9959-3e57-49ad-8b3b-abbda9d8deb6
2019-08-03 03:58:13,968 INFO  node.SCMNodeManager (SCMNodeManager.java:register(273)) - Registered Data node : a19a9959-3e57-49ad-8b3b-abbda9d8deb6{ip: 192.168.5.147, host: byscane-nightly-b86qh-2100283676, networkLocation: /default-rack, certSerialId: null}
2019-08-03 03:58:13,979 INFO  impl.RaftServerProxy (RaftServerProxy.java:addNew(89)) - a19a9959-3e57-49ad-8b3b-abbda9d8deb6: addNew group-F52C941E60B7:[a19a9959-3e57-49ad-8b3b-abbda9d8deb6:192.168.5.147:35973] returns group-F52C941E60B7:java.util.concurrent.CompletableFuture@2e771810[Not completed]
2019-08-03 03:58:13,985 INFO  impl.RaftServerImpl (RaftServerImpl.java:<init>(93)) - a19a9959-3e57-49ad-8b3b-abbda9d8deb6: new RaftServerImpl for group-F52C941E60B7:[a19a9959-3e57-49ad-8b3b-abbda9d8deb6:192.168.5.147:35973] with ContainerStateMachine:uninitialized
2019-08-03 03:58:13,986 INFO  server.RaftServerConfigKeys (ConfUtils.java:logGet(43)) - raft.server.rpc.timeout.min = 5s (custom)
2019-08-03 03:58:13,986 INFO  server.RaftServerConfigKeys (ConfUtils.java:logGet(43)) - raft.server.rpc.timeout.max = 5200ms (custom)
2019-08-03 03:58:13,986 INFO  server.RaftServerConfigKeys (ConfUtils.java:logGet(43)) - raft.server.rpcslowness.timeout = 120s (custom)
2019-08-03 03:58:13,986 INFO  server.RaftServerConfigKeys (ConfUtils.java:logGet(43)) - raft.server.sleep.deviation.threshold = 300 (default)
2019-08-03 03:58:13,986 INFO  server.RaftServerConfigKeys (ConfUtils.java:logGet(43)) - raft.server.log.appender.install.snapshot.enabled = false (custom)
2019-08-03 03:58:13,987 INFO  impl.RaftServerImpl (ServerState.java:<init>(105)) - a19a9959-3e57-49ad-8b3b-abbda9d8deb6:group-F52C941E60B7 ConfigurationManager, init=-1: [a19a9959-3e57-49ad-8b3b-abbda9d8deb6:192.168.5.147:35973], old=null, confs=<EMPTY_MAP>
2019-08-03 03:58:13,987 INFO  server.RaftServerConfigKeys (ConfUtils.java:logGet(43)) - raft.server.storage.dir = [/workdir/hadoop-ozone/integration-test/target/test-dir/MiniOzoneClusterImpl-b706123f-942e-41da-8ebc-47ffff3e32b4/datanode-2/data/ratis] (custom)
2019-08-03 03:58:13,987 INFO  storage.RaftStorageDirectory (RaftStorageDirectory.java:analyzeStorage(246)) - The storage directory /workdir/hadoop-ozone/integration-test/target/test-dir/MiniOzoneClusterImpl-b706123f-942e-41da-8ebc-47ffff3e32b4/datanode-2/data/ratis/f5141392-04f7-4ad2-875b-f52c941e60b7 does not exist. Creating ...
2019-08-03 03:58:14,000 INFO  storage.RaftStorageDirectory (RaftStorageDirectory.java:tryLock(328)) - Lock on /workdir/hadoop-ozone/integration-test/target/test-dir/MiniOzoneClusterImpl-b706123f-942e-41da-8ebc-47ffff3e32b4/datanode-2/data/ratis/f5141392-04f7-4ad2-875b-f52c941e60b7/in_use.lock acquired by nodename 11786@byscane-nightly-b86qh-2100283676
2019-08-03 03:58:14,008 INFO  storage.RaftStorage (RaftStorage.java:format(72)) - Storage directory /workdir/hadoop-ozone/integration-test/target/test-dir/MiniOzoneClusterImpl-b706123f-942e-41da-8ebc-47ffff3e32b4/datanode-2/data/ratis/f5141392-04f7-4ad2-875b-f52c941e60b7 has been successfully formatted.
2019-08-03 03:58:14,008 INFO  ratis.ContainerStateMachine (ContainerStateMachine.java:loadSnapshot(213)) - group-F52C941E60B7: The snapshot info is null. Setting the last applied indexto:(t:0, i:~)
2019-08-03 03:58:14,008 INFO  server.RaftServerConfigKeys (ConfUtils.java:logGet(43)) - raft.server.leader.election.timeout = 120s (custom)
2019-08-03 03:58:14,008 INFO  server.RaftServerConfigKeys (ConfUtils.java:logGet(43)) - raft.server.log.use.memory = false (default)
2019-08-03 03:58:14,008 INFO  server.RaftServerConfigKeys (ConfUtils.java:logGet(43)) - raft.server.log.purge.gap = 1000000000 (custom)
2019-08-03 03:58:14,009 INFO  server.RaftServerConfigKeys (ConfUtils.java:logGet(43)) - raft.server.log.appender.buffer.byte-limit = 33554432 (custom)
2019-08-03 03:58:14,009 INFO  server.RaftServerConfigKeys (ConfUtils.java:logGet(43)) - raft.server.log.segment.size.max = 1048576 (custom)
2019-08-03 03:58:14,009 INFO  server.RaftServerConfigKeys (ConfUtils.java:logGet(43)) - raft.server.log.segment.cache.num.max = 2 (custom)
2019-08-03 03:58:14,009 INFO  segmented.SegmentedRaftLogWorker (SegmentedRaftLogWorker.java:<init>(172)) - new a19a9959-3e57-49ad-8b3b-abbda9d8deb6-SegmentedRaftLogWorker:Storage Directory /workdir/hadoop-ozone/integration-test/target/test-dir/MiniOzoneClusterImpl-b706123f-942e-41da-8ebc-47ffff3e32b4/datanode-2/data/ratis/f5141392-04f7-4ad2-875b-f52c941e60b7 for RaftStorage:Storage Directory /workdir/hadoop-ozone/integration-test/target/test-dir/MiniOzoneClusterImpl-b706123f-942e-41da-8ebc-47ffff3e32b4/datanode-2/data/ratis/f5141392-04f7-4ad2-875b-f52c941e60b7
2019-08-03 03:58:14,009 INFO  server.RaftServerConfigKeys (ConfUtils.java:logGet(43)) - raft.server.log.queue.byte-limit = 2147483647 (custom)
2019-08-03 03:58:14,010 INFO  server.RaftServerConfigKeys (ConfUtils.java:logGet(43)) - raft.server.log.queue.element-limit = 1024 (custom)
2019-08-03 03:58:14,010 INFO  server.RaftServerConfigKeys (ConfUtils.java:logGet(43)) - raft.server.log.segment.size.max = 1048576 (custom)
2019-08-03 03:58:14,010 INFO  server.RaftServerConfigKeys (ConfUtils.java:logGet(43)) - raft.server.log.preallocated.size = 16384 (custom)
2019-08-03 03:58:14,010 INFO  server.RaftServerConfigKeys (ConfUtils.java:logGet(43)) - raft.server.log.write.buffer.size = 33554432 (custom)
2019-08-03 03:58:14,010 INFO  server.RaftServerConfigKeys (ConfUtils.java:logGet(43)) - raft.server.log.force.sync.num = 128 (default)
2019-08-03 03:58:14,011 INFO  server.RaftServerConfigKeys (ConfUtils.java:logGet(43)) - raft.server.log.statemachine.data.sync = true (default)
2019-08-03 03:58:14,011 INFO  server.RaftServerConfigKeys (ConfUtils.java:logGet(43)) - raft.server.log.statemachine.data.sync.timeout = 10s (default)
2019-08-03 03:58:14,011 INFO  server.RaftServerConfigKeys (ConfUtils.java:logGet(43)) - raft.server.log.statemachine.data.sync.timeout.retry = -1 (default)
2019-08-03 03:58:14,011 INFO  server.RaftServerConfigKeys (ConfUtils.java:logGet(43)) - raft.server.log.statemachine.data.caching.enabled = true (custom)
2019-08-03 03:58:14,012 INFO  segmented.SegmentedRaftLogWorker (SegmentedRaftLogWorker.java:lambda$new$0(132)) - a19a9959-3e57-49ad-8b3b-abbda9d8deb6-SegmentedRaftLogWorker:Storage Directory /workdir/hadoop-ozone/integration-test/target/test-dir/MiniOzoneClusterImpl-b706123f-942e-41da-8ebc-47ffff3e32b4/datanode-2/data/ratis/f5141392-04f7-4ad2-875b-f52c941e60b7: flushIndex: setUnconditionally 0 -> -1
2019-08-03 03:58:14,012 INFO  server.RaftServerConfigKeys (ConfUtils.java:logGet(43)) - raft.server.snapshot.auto.trigger.enabled = true (custom)
2019-08-03 03:58:14,012 INFO  server.RaftServerConfigKeys (ConfUtils.java:logGet(43)) - raft.server.snapshot.auto.trigger.threshold = 10000 (custom)
2019-08-03 03:58:14,012 INFO  server.RaftServerConfigKeys (ConfUtils.java:logGet(43)) - raft.server.retrycache.expirytime = 600000ms (custom)
2019-08-03 03:58:14,013 INFO  impl.RaftServerImpl (RaftServerImpl.java:start(180)) - a19a9959-3e57-49ad-8b3b-abbda9d8deb6: start group-F52C941E60B7
2019-08-03 03:58:14,013 INFO  impl.RaftServerImpl (RaftServerImpl.java:setRole(171)) - a19a9959-3e57-49ad-8b3b-abbda9d8deb6:group-F52C941E60B7 changes role from null to FOLLOWER at term 0 for startAsFollower
2019-08-03 03:58:14,013 INFO  impl.RoleInfo (RoleInfo.java:updateAndGet(143)) - a19a9959-3e57-49ad-8b3b-abbda9d8deb6: start FollowerState
2019-08-03 03:58:14,013 INFO  util.JmxRegister (JmxRegister.java:tryRegister(44)) - Successfully registered JMX Bean with object name Ratis:service=RaftServer,group=group-F52C941E60B7,id=a19a9959-3e57-49ad-8b3b-abbda9d8deb6
2019-08-03 03:58:14,016 INFO  pipeline.PipelineStateManager (PipelineStateManager.java:addPipeline(56)) - Created pipeline Pipeline[ Id: f5141392-04f7-4ad2-875b-f52c941e60b7, Nodes: a19a9959-3e57-49ad-8b3b-abbda9d8deb6{ip: 192.168.5.147, host: byscane-nightly-b86qh-2100283676, networkLocation: /default-rack, certSerialId: null}, Type:RATIS, Factor:ONE, State:OPEN]
2019-08-03 03:58:14,034 INFO  impl.RaftServerProxy (RaftServerProxy.java:addNew(89)) - a19a9959-3e57-49ad-8b3b-abbda9d8deb6: addNew group-A46853D1419E:[a19a9959-3e57-49ad-8b3b-abbda9d8deb6:192.168.5.147:35973, f621b505-b5c7-479f-8586-0b112ca88440:192.168.5.147:37877, 8b7da219-0df9-4e02-922d-b4c8bf36f5dc:192.168.5.147:37429] returns group-A46853D1419E:java.util.concurrent.CompletableFuture@452ae4f2[Not completed]
2019-08-03 03:58:14,034 INFO  impl.RaftServerProxy (RaftServerProxy.java:addNew(89)) - 8b7da219-0df9-4e02-922d-b4c8bf36f5dc: addNew group-A46853D1419E:[a19a9959-3e57-49ad-8b3b-abbda9d8deb6:192.168.5.147:35973, f621b505-b5c7-479f-8586-0b112ca88440:192.168.5.147:37877, 8b7da219-0df9-4e02-922d-b4c8bf36f5dc:192.168.5.147:37429] returns group-A46853D1419E:java.util.concurrent.CompletableFuture@204368a8[Not completed]
2019-08-03 03:58:14,035 INFO  impl.RaftServerProxy (RaftServerProxy.java:addNew(89)) - f621b505-b5c7-479f-8586-0b112ca88440: addNew group-A46853D1419E:[a19a9959-3e57-49ad-8b3b-abbda9d8deb6:192.168.5.147:35973, f621b505-b5c7-479f-8586-0b112ca88440:192.168.5.147:37877, 8b7da219-0df9-4e02-922d-b4c8bf36f5dc:192.168.5.147:37429] returns group-A46853D1419E:java.util.concurrent.CompletableFuture@72b2687[Not completed]
2019-08-03 03:58:14,037 INFO  impl.RaftServerImpl (RaftServerImpl.java:<init>(93)) - a19a9959-3e57-49ad-8b3b-abbda9d8deb6: new RaftServerImpl for group-A46853D1419E:[a19a9959-3e57-49ad-8b3b-abbda9d8deb6:192.168.5.147:35973, f621b505-b5c7-479f-8586-0b112ca88440:192.168.5.147:37877, 8b7da219-0df9-4e02-922d-b4c8bf36f5dc:192.168.5.147:37429] with ContainerStateMachine:uninitialized
2019-08-03 03:58:14,037 INFO  server.RaftServerConfigKeys (ConfUtils.java:logGet(43)) - raft.server.rpc.timeout.min = 5s (custom)
2019-08-03 03:58:14,038 INFO  server.RaftServerConfigKeys (ConfUtils.java:logGet(43)) - raft.server.rpc.timeout.max = 5200ms (custom)
2019-08-03 03:58:14,038 INFO  server.RaftServerConfigKeys (ConfUtils.java:logGet(43)) - raft.server.rpcslowness.timeout = 120s (custom)
2019-08-03 03:58:14,038 INFO  server.RaftServerConfigKeys (ConfUtils.java:logGet(43)) - raft.server.sleep.deviation.threshold = 300 (default)
2019-08-03 03:58:14,038 INFO  impl.RaftServerImpl (RaftServerImpl.java:<init>(93)) - f621b505-b5c7-479f-8586-0b112ca88440: new RaftServerImpl for group-A46853D1419E:[a19a9959-3e57-49ad-8b3b-abbda9d8deb6:192.168.5.147:35973, f621b505-b5c7-479f-8586-0b112ca88440:192.168.5.147:37877, 8b7da219-0df9-4e02-922d-b4c8bf36f5dc:192.168.5.147:37429] with ContainerStateMachine:uninitialized
2019-08-03 03:58:14,038 INFO  server.RaftServerConfigKeys (ConfUtils.java:logGet(43)) - raft.server.log.appender.install.snapshot.enabled = false (custom)
2019-08-03 03:58:14,038 INFO  server.RaftServerConfigKeys (ConfUtils.java:logGet(43)) - raft.server.rpc.timeout.min = 5s (custom)
2019-08-03 03:58:14,038 INFO  impl.RaftServerImpl (ServerState.java:<init>(105)) - a19a9959-3e57-49ad-8b3b-abbda9d8deb6:group-A46853D1419E ConfigurationManager, init=-1: [a19a9959-3e57-49ad-8b3b-abbda9d8deb6:192.168.5.147:35973, f621b505-b5c7-479f-8586-0b112ca88440:192.168.5.147:37877, 8b7da219-0df9-4e02-922d-b4c8bf36f5dc:192.168.5.147:37429], old=null, confs=<EMPTY_MAP>
2019-08-03 03:58:14,039 INFO  server.RaftServerConfigKeys (ConfUtils.java:logGet(43)) - raft.server.rpc.timeout.max = 5200ms (custom)
2019-08-03 03:58:14,039 INFO  server.RaftServerConfigKeys (ConfUtils.java:logGet(43)) - raft.server.storage.dir = [/workdir/hadoop-ozone/integration-test/target/test-dir/MiniOzoneClusterImpl-b706123f-942e-41da-8ebc-47ffff3e32b4/datanode-2/data/ratis] (custom)
2019-08-03 03:58:14,039 INFO  server.RaftServerConfigKeys (ConfUtils.java:logGet(43)) - raft.server.rpcslowness.timeout = 120s (custom)
2019-08-03 03:58:14,039 INFO  server.RaftServerConfigKeys (ConfUtils.java:logGet(43)) - raft.server.sleep.deviation.threshold = 300 (default)
2019-08-03 03:58:14,039 INFO  impl.RaftServerImpl (RaftServerImpl.java:<init>(93)) - 8b7da219-0df9-4e02-922d-b4c8bf36f5dc: new RaftServerImpl for group-A46853D1419E:[a19a9959-3e57-49ad-8b3b-abbda9d8deb6:192.168.5.147:35973, f621b505-b5c7-479f-8586-0b112ca88440:192.168.5.147:37877, 8b7da219-0df9-4e02-922d-b4c8bf36f5dc:192.168.5.147:37429] with ContainerStateMachine:uninitialized
2019-08-03 03:58:14,039 INFO  storage.RaftStorageDirectory (RaftStorageDirectory.java:analyzeStorage(246)) - The storage directory /workdir/hadoop-ozone/integration-test/target/test-dir/MiniOzoneClusterImpl-b706123f-942e-41da-8ebc-47ffff3e32b4/datanode-2/data/ratis/0dff99d3-7ba0-4206-b7d2-a46853d1419e does not exist. Creating ...
2019-08-03 03:58:14,039 INFO  server.RaftServerConfigKeys (ConfUtils.java:logGet(43)) - raft.server.log.appender.install.snapshot.enabled = false (custom)
2019-08-03 03:58:14,040 INFO  server.RaftServerConfigKeys (ConfUtils.java:logGet(43)) - raft.server.rpc.timeout.min = 5s (custom)
2019-08-03 03:58:14,040 INFO  impl.RaftServerImpl (ServerState.java:<init>(105)) - f621b505-b5c7-479f-8586-0b112ca88440:group-A46853D1419E ConfigurationManager, init=-1: [a19a9959-3e57-49ad-8b3b-abbda9d8deb6:192.168.5.147:35973, f621b505-b5c7-479f-8586-0b112ca88440:192.168.5.147:37877, 8b7da219-0df9-4e02-922d-b4c8bf36f5dc:192.168.5.147:37429], old=null, confs=<EMPTY_MAP>
2019-08-03 03:58:14,040 INFO  server.RaftServerConfigKeys (ConfUtils.java:logGet(43)) - raft.server.rpc.timeout.max = 5200ms (custom)
2019-08-03 03:58:14,040 INFO  server.RaftServerConfigKeys (ConfUtils.java:logGet(43)) - raft.server.storage.dir = [/workdir/hadoop-ozone/integration-test/target/test-dir/MiniOzoneClusterImpl-b706123f-942e-41da-8ebc-47ffff3e32b4/datanode-0/data/ratis] (custom)
2019-08-03 03:58:14,041 INFO  server.RaftServerConfigKeys (ConfUtils.java:logGet(43)) - raft.server.rpcslowness.timeout = 120s (custom)
2019-08-03 03:58:14,041 INFO  server.RaftServerConfigKeys (ConfUtils.java:logGet(43)) - raft.server.sleep.deviation.threshold = 300 (default)
2019-08-03 03:58:14,041 INFO  storage.RaftStorageDirectory (RaftStorageDirectory.java:analyzeStorage(246)) - The storage directory /workdir/hadoop-ozone/integration-test/target/test-dir/MiniOzoneClusterImpl-b706123f-942e-41da-8ebc-47ffff3e32b4/datanode-0/data/ratis/0dff99d3-7ba0-4206-b7d2-a46853d1419e does not exist. Creating ...
2019-08-03 03:58:14,041 INFO  server.RaftServerConfigKeys (ConfUtils.java:logGet(43)) - raft.server.log.appender.install.snapshot.enabled = false (custom)
2019-08-03 03:58:14,041 INFO  impl.RaftServerImpl (ServerState.java:<init>(105)) - 8b7da219-0df9-4e02-922d-b4c8bf36f5dc:group-A46853D1419E ConfigurationManager, init=-1: [a19a9959-3e57-49ad-8b3b-abbda9d8deb6:192.168.5.147:35973, f621b505-b5c7-479f-8586-0b112ca88440:192.168.5.147:37877, 8b7da219-0df9-4e02-922d-b4c8bf36f5dc:192.168.5.147:37429], old=null, confs=<EMPTY_MAP>
2019-08-03 03:58:14,042 INFO  server.RaftServerConfigKeys (ConfUtils.java:logGet(43)) - raft.server.storage.dir = [/workdir/hadoop-ozone/integration-test/target/test-dir/MiniOzoneClusterImpl-b706123f-942e-41da-8ebc-47ffff3e32b4/datanode-1/data/ratis] (custom)
2019-08-03 03:58:14,043 INFO  storage.RaftStorageDirectory (RaftStorageDirectory.java:analyzeStorage(246)) - The storage directory /workdir/hadoop-ozone/integration-test/target/test-dir/MiniOzoneClusterImpl-b706123f-942e-41da-8ebc-47ffff3e32b4/datanode-1/data/ratis/0dff99d3-7ba0-4206-b7d2-a46853d1419e does not exist. Creating ...
2019-08-03 03:58:14,046 INFO  storage.RaftStorageDirectory (RaftStorageDirectory.java:tryLock(328)) - Lock on /workdir/hadoop-ozone/integration-test/target/test-dir/MiniOzoneClusterImpl-b706123f-942e-41da-8ebc-47ffff3e32b4/datanode-2/data/ratis/0dff99d3-7ba0-4206-b7d2-a46853d1419e/in_use.lock acquired by nodename 11786@byscane-nightly-b86qh-2100283676
2019-08-03 03:58:14,046 INFO  storage.RaftStorageDirectory (RaftStorageDirectory.java:tryLock(328)) - Lock on /workdir/hadoop-ozone/integration-test/target/test-dir/MiniOzoneClusterImpl-b706123f-942e-41da-8ebc-47ffff3e32b4/datanode-0/data/ratis/0dff99d3-7ba0-4206-b7d2-a46853d1419e/in_use.lock acquired by nodename 11786@byscane-nightly-b86qh-2100283676
2019-08-03 03:58:14,048 INFO  storage.RaftStorageDirectory (RaftStorageDirectory.java:tryLock(328)) - Lock on /workdir/hadoop-ozone/integration-test/target/test-dir/MiniOzoneClusterImpl-b706123f-942e-41da-8ebc-47ffff3e32b4/datanode-1/data/ratis/0dff99d3-7ba0-4206-b7d2-a46853d1419e/in_use.lock acquired by nodename 11786@byscane-nightly-b86qh-2100283676
2019-08-03 03:58:14,050 INFO  storage.RaftStorage (RaftStorage.java:format(72)) - Storage directory /workdir/hadoop-ozone/integration-test/target/test-dir/MiniOzoneClusterImpl-b706123f-942e-41da-8ebc-47ffff3e32b4/datanode-2/data/ratis/0dff99d3-7ba0-4206-b7d2-a46853d1419e has been successfully formatted.
2019-08-03 03:58:14,051 INFO  storage.RaftStorage (RaftStorage.java:format(72)) - Storage directory /workdir/hadoop-ozone/integration-test/target/test-dir/MiniOzoneClusterImpl-b706123f-942e-41da-8ebc-47ffff3e32b4/datanode-0/data/ratis/0dff99d3-7ba0-4206-b7d2-a46853d1419e has been successfully formatted.
2019-08-03 03:58:14,051 INFO  ratis.ContainerStateMachine (ContainerStateMachine.java:loadSnapshot(213)) - group-A46853D1419E: The snapshot info is null. Setting the last applied indexto:(t:0, i:~)
2019-08-03 03:58:14,051 INFO  ratis.ContainerStateMachine (ContainerStateMachine.java:loadSnapshot(213)) - group-A46853D1419E: The snapshot info is null. Setting the last applied indexto:(t:0, i:~)
2019-08-03 03:58:14,051 INFO  server.RaftServerConfigKeys (ConfUtils.java:logGet(43)) - raft.server.leader.election.timeout = 120s (custom)
2019-08-03 03:58:14,051 INFO  server.RaftServerConfigKeys (ConfUtils.java:logGet(43)) - raft.server.leader.election.timeout = 120s (custom)
2019-08-03 03:58:14,051 INFO  server.RaftServerConfigKeys (ConfUtils.java:logGet(43)) - raft.server.log.use.memory = false (default)
2019-08-03 03:58:14,052 INFO  server.RaftServerConfigKeys (ConfUtils.java:logGet(43)) - raft.server.log.use.memory = false (default)
2019-08-03 03:58:14,052 INFO  server.RaftServerConfigKeys (ConfUtils.java:logGet(43)) - raft.server.log.purge.gap = 1000000000 (custom)
2019-08-03 03:58:14,052 INFO  server.RaftServerConfigKeys (ConfUtils.java:logGet(43)) - raft.server.log.purge.gap = 1000000000 (custom)
2019-08-03 03:58:14,052 INFO  server.RaftServerConfigKeys (ConfUtils.java:logGet(43)) - raft.server.log.appender.buffer.byte-limit = 33554432 (custom)
2019-08-03 03:58:14,052 INFO  server.RaftServerConfigKeys (ConfUtils.java:logGet(43)) - raft.server.log.appender.buffer.byte-limit = 33554432 (custom)
2019-08-03 03:58:14,052 INFO  server.RaftServerConfigKeys (ConfUtils.java:logGet(43)) - raft.server.log.segment.size.max = 1048576 (custom)
2019-08-03 03:58:14,053 INFO  server.RaftServerConfigKeys (ConfUtils.java:logGet(43)) - raft.server.log.segment.size.max = 1048576 (custom)
2019-08-03 03:58:14,053 INFO  server.RaftServerConfigKeys (ConfUtils.java:logGet(43)) - raft.server.log.segment.cache.num.max = 2 (custom)
2019-08-03 03:58:14,053 INFO  server.RaftServerConfigKeys (ConfUtils.java:logGet(43)) - raft.server.log.segment.cache.num.max = 2 (custom)
2019-08-03 03:58:14,053 INFO  storage.RaftStorage (RaftStorage.java:format(72)) - Storage directory /workdir/hadoop-ozone/integration-test/target/test-dir/MiniOzoneClusterImpl-b706123f-942e-41da-8ebc-47ffff3e32b4/datanode-1/data/ratis/0dff99d3-7ba0-4206-b7d2-a46853d1419e has been successfully formatted.
2019-08-03 03:58:14,053 INFO  segmented.SegmentedRaftLogWorker (SegmentedRaftLogWorker.java:<init>(172)) - new a19a9959-3e57-49ad-8b3b-abbda9d8deb6-SegmentedRaftLogWorker:Storage Directory /workdir/hadoop-ozone/integration-test/target/test-dir/MiniOzoneClusterImpl-b706123f-942e-41da-8ebc-47ffff3e32b4/datanode-2/data/ratis/0dff99d3-7ba0-4206-b7d2-a46853d1419e for RaftStorage:Storage Directory /workdir/hadoop-ozone/integration-test/target/test-dir/MiniOzoneClusterImpl-b706123f-942e-41da-8ebc-47ffff3e32b4/datanode-2/data/ratis/0dff99d3-7ba0-4206-b7d2-a46853d1419e
2019-08-03 03:58:14,053 INFO  ratis.ContainerStateMachine (ContainerStateMachine.java:loadSnapshot(213)) - group-A46853D1419E: The snapshot info is null. Setting the last applied indexto:(t:0, i:~)
2019-08-03 03:58:14,053 INFO  segmented.SegmentedRaftLogWorker (SegmentedRaftLogWorker.java:<init>(172)) - new f621b505-b5c7-479f-8586-0b112ca88440-SegmentedRaftLogWorker:Storage Directory /workdir/hadoop-ozone/integration-test/target/test-dir/MiniOzoneClusterImpl-b706123f-942e-41da-8ebc-47ffff3e32b4/datanode-0/data/ratis/0dff99d3-7ba0-4206-b7d2-a46853d1419e for RaftStorage:Storage Directory /workdir/hadoop-ozone/integration-test/target/test-dir/MiniOzoneClusterImpl-b706123f-942e-41da-8ebc-47ffff3e32b4/datanode-0/data/ratis/0dff99d3-7ba0-4206-b7d2-a46853d1419e
2019-08-03 03:58:14,054 INFO  server.RaftServerConfigKeys (ConfUtils.java:logGet(43)) - raft.server.leader.election.timeout = 120s (custom)
2019-08-03 03:58:14,053 INFO  server.RaftServerConfigKeys (ConfUtils.java:logGet(43)) - raft.server.log.queue.byte-limit = 2147483647 (custom)
2019-08-03 03:58:14,054 INFO  server.RaftServerConfigKeys (ConfUtils.java:logGet(43)) - raft.server.log.use.memory = false (default)
2019-08-03 03:58:14,054 INFO  server.RaftServerConfigKeys (ConfUtils.java:logGet(43)) - raft.server.log.queue.byte-limit = 2147483647 (custom)
2019-08-03 03:58:14,054 INFO  server.RaftServerConfigKeys (ConfUtils.java:logGet(43)) - raft.server.log.purge.gap = 1000000000 (custom)
2019-08-03 03:58:14,054 INFO  server.RaftServerConfigKeys (ConfUtils.java:logGet(43)) - raft.server.log.queue.element-limit = 1024 (custom)
2019-08-03 03:58:14,054 INFO  server.RaftServerConfigKeys (ConfUtils.java:logGet(43)) - raft.server.log.appender.buffer.byte-limit = 33554432 (custom)
2019-08-03 03:58:14,054 INFO  server.RaftServerConfigKeys (ConfUtils.java:logGet(43)) - raft.server.log.queue.element-limit = 1024 (custom)
2019-08-03 03:58:14,055 INFO  server.RaftServerConfigKeys (ConfUtils.java:logGet(43)) - raft.server.log.segment.size.max = 1048576 (custom)
2019-08-03 03:58:14,055 INFO  server.RaftServerConfigKeys (ConfUtils.java:logGet(43)) - raft.server.log.segment.size.max = 1048576 (custom)
2019-08-03 03:58:14,055 INFO  server.RaftServerConfigKeys (ConfUtils.java:logGet(43)) - raft.server.log.segment.cache.num.max = 2 (custom)
2019-08-03 03:58:14,055 INFO  server.RaftServerConfigKeys (ConfUtils.java:logGet(43)) - raft.server.log.segment.size.max = 1048576 (custom)
2019-08-03 03:58:14,055 INFO  segmented.SegmentedRaftLogWorker (SegmentedRaftLogWorker.java:<init>(172)) - new 8b7da219-0df9-4e02-922d-b4c8bf36f5dc-SegmentedRaftLogWorker:Storage Directory /workdir/hadoop-ozone/integration-test/target/test-dir/MiniOzoneClusterImpl-b706123f-942e-41da-8ebc-47ffff3e32b4/datanode-1/data/ratis/0dff99d3-7ba0-4206-b7d2-a46853d1419e for RaftStorage:Storage Directory /workdir/hadoop-ozone/integration-test/target/test-dir/MiniOzoneClusterImpl-b706123f-942e-41da-8ebc-47ffff3e32b4/datanode-1/data/ratis/0dff99d3-7ba0-4206-b7d2-a46853d1419e
2019-08-03 03:58:14,055 INFO  server.RaftServerConfigKeys (ConfUtils.java:logGet(43)) - raft.server.log.preallocated.size = 16384 (custom)
2019-08-03 03:58:14,056 INFO  server.RaftServerConfigKeys (ConfUtils.java:logGet(43)) - raft.server.log.queue.byte-limit = 2147483647 (custom)
2019-08-03 03:58:14,056 INFO  server.RaftServerConfigKeys (ConfUtils.java:logGet(43)) - raft.server.log.preallocated.size = 16384 (custom)
2019-08-03 03:58:14,056 INFO  server.RaftServerConfigKeys (ConfUtils.java:logGet(43)) - raft.server.log.queue.element-limit = 1024 (custom)
2019-08-03 03:58:14,056 INFO  server.RaftServerConfigKeys (ConfUtils.java:logGet(43)) - raft.server.log.write.buffer.size = 33554432 (custom)
2019-08-03 03:58:14,056 INFO  server.RaftServerConfigKeys (ConfUtils.java:logGet(43)) - raft.server.log.segment.size.max = 1048576 (custom)
2019-08-03 03:58:14,056 INFO  server.RaftServerConfigKeys (ConfUtils.java:logGet(43)) - raft.server.log.write.buffer.size = 33554432 (custom)
2019-08-03 03:58:14,057 INFO  server.RaftServerConfigKeys (ConfUtils.java:logGet(43)) - raft.server.log.preallocated.size = 16384 (custom)
2019-08-03 03:58:14,057 INFO  server.RaftServerConfigKeys (ConfUtils.java:logGet(43)) - raft.server.log.force.sync.num = 128 (default)
2019-08-03 03:58:14,057 INFO  server.RaftServerConfigKeys (ConfUtils.java:logGet(43)) - raft.server.log.write.buffer.size = 33554432 (custom)
2019-08-03 03:58:14,057 INFO  server.RaftServerConfigKeys (ConfUtils.java:logGet(43)) - raft.server.log.force.sync.num = 128 (default)
2019-08-03 03:58:14,058 INFO  server.RaftServerConfigKeys (ConfUtils.java:logGet(43)) - raft.server.log.force.sync.num = 128 (default)
2019-08-03 03:58:14,057 INFO  server.RaftServerConfigKeys (ConfUtils.java:logGet(43)) - raft.server.log.statemachine.data.sync = true (default)
2019-08-03 03:58:14,058 INFO  server.RaftServerConfigKeys (ConfUtils.java:logGet(43)) - raft.server.log.statemachine.data.sync = true (default)
2019-08-03 03:58:14,058 INFO  server.RaftServerConfigKeys (ConfUtils.java:logGet(43)) - raft.server.log.statemachine.data.sync = true (default)
2019-08-03 03:58:14,058 INFO  server.RaftServerConfigKeys (ConfUtils.java:logGet(43)) - raft.server.log.statemachine.data.sync.timeout = 10s (default)
2019-08-03 03:58:14,058 INFO  server.RaftServerConfigKeys (ConfUtils.java:logGet(43)) - raft.server.log.statemachine.data.sync.timeout = 10s (default)
2019-08-03 03:58:14,059 INFO  server.RaftServerConfigKeys (ConfUtils.java:logGet(43)) - raft.server.log.statemachine.data.sync.timeout.retry = -1 (default)
2019-08-03 03:58:14,058 INFO  server.RaftServerConfigKeys (ConfUtils.java:logGet(43)) - raft.server.log.statemachine.data.sync.timeout = 10s (default)
2019-08-03 03:58:14,059 INFO  server.RaftServerConfigKeys (ConfUtils.java:logGet(43)) - raft.server.log.statemachine.data.caching.enabled = true (custom)
2019-08-03 03:58:14,059 INFO  server.RaftServerConfigKeys (ConfUtils.java:logGet(43)) - raft.server.log.statemachine.data.sync.timeout.retry = -1 (default)
2019-08-03 03:58:14,059 INFO  server.RaftServerConfigKeys (ConfUtils.java:logGet(43)) - raft.server.log.statemachine.data.sync.timeout.retry = -1 (default)
2019-08-03 03:58:14,059 INFO  segmented.SegmentedRaftLogWorker (SegmentedRaftLogWorker.java:lambda$new$0(132)) - 8b7da219-0df9-4e02-922d-b4c8bf36f5dc-SegmentedRaftLogWorker:Storage Directory /workdir/hadoop-ozone/integration-test/target/test-dir/MiniOzoneClusterImpl-b706123f-942e-41da-8ebc-47ffff3e32b4/datanode-1/data/ratis/0dff99d3-7ba0-4206-b7d2-a46853d1419e: flushIndex: setUnconditionally 0 -> -1
2019-08-03 03:58:14,059 INFO  server.RaftServerConfigKeys (ConfUtils.java:logGet(43)) - raft.server.log.statemachine.data.caching.enabled = true (custom)
2019-08-03 03:58:14,059 INFO  server.RaftServerConfigKeys (ConfUtils.java:logGet(43)) - raft.server.log.statemachine.data.caching.enabled = true (custom)
2019-08-03 03:58:14,060 INFO  server.RaftServerConfigKeys (ConfUtils.java:logGet(43)) - raft.server.snapshot.auto.trigger.enabled = true (custom)
2019-08-03 03:58:14,060 INFO  segmented.SegmentedRaftLogWorker (SegmentedRaftLogWorker.java:lambda$new$0(132)) - f621b505-b5c7-479f-8586-0b112ca88440-SegmentedRaftLogWorker:Storage Directory /workdir/hadoop-ozone/integration-test/target/test-dir/MiniOzoneClusterImpl-b706123f-942e-41da-8ebc-47ffff3e32b4/datanode-0/data/ratis/0dff99d3-7ba0-4206-b7d2-a46853d1419e: flushIndex: setUnconditionally 0 -> -1
2019-08-03 03:58:14,060 INFO  segmented.SegmentedRaftLogWorker (SegmentedRaftLogWorker.java:lambda$new$0(132)) - a19a9959-3e57-49ad-8b3b-abbda9d8deb6-SegmentedRaftLogWorker:Storage Directory /workdir/hadoop-ozone/integration-test/target/test-dir/MiniOzoneClusterImpl-b706123f-942e-41da-8ebc-47ffff3e32b4/datanode-2/data/ratis/0dff99d3-7ba0-4206-b7d2-a46853d1419e: flushIndex: setUnconditionally 0 -> -1
2019-08-03 03:58:14,060 INFO  server.RaftServerConfigKeys (ConfUtils.java:logGet(43)) - raft.server.snapshot.auto.trigger.threshold = 10000 (custom)
2019-08-03 03:58:14,060 INFO  server.RaftServerConfigKeys (ConfUtils.java:logGet(43)) - raft.server.snapshot.auto.trigger.enabled = true (custom)
2019-08-03 03:58:14,061 INFO  server.RaftServerConfigKeys (ConfUtils.java:logGet(43)) - raft.server.snapshot.auto.trigger.threshold = 10000 (custom)
2019-08-03 03:58:14,061 INFO  server.RaftServerConfigKeys (ConfUtils.java:logGet(43)) - raft.server.retrycache.expirytime = 600000ms (custom)
2019-08-03 03:58:14,061 INFO  server.RaftServerConfigKeys (ConfUtils.java:logGet(43)) - raft.server.snapshot.auto.trigger.enabled = true (custom)
2019-08-03 03:58:14,061 INFO  server.RaftServerConfigKeys (ConfUtils.java:logGet(43)) - raft.server.retrycache.expirytime = 600000ms (custom)
2019-08-03 03:58:14,061 INFO  impl.RaftServerImpl (RaftServerImpl.java:start(180)) - 8b7da219-0df9-4e02-922d-b4c8bf36f5dc: start group-A46853D1419E
2019-08-03 03:58:14,061 INFO  server.RaftServerConfigKeys (ConfUtils.java:logGet(43)) - raft.server.snapshot.auto.trigger.threshold = 10000 (custom)
2019-08-03 03:58:14,062 INFO  impl.RaftServerImpl (RaftServerImpl.java:setRole(171)) - 8b7da219-0df9-4e02-922d-b4c8bf36f5dc:group-A46853D1419E changes role from null to FOLLOWER at term 0 for startAsFollower
2019-08-03 03:58:14,061 INFO  impl.RaftServerImpl (RaftServerImpl.java:start(180)) - f621b505-b5c7-479f-8586-0b112ca88440: start group-A46853D1419E
2019-08-03 03:58:14,062 INFO  impl.RoleInfo (RoleInfo.java:updateAndGet(143)) - 8b7da219-0df9-4e02-922d-b4c8bf36f5dc: start FollowerState
2019-08-03 03:58:14,062 INFO  server.RaftServerConfigKeys (ConfUtils.java:logGet(43)) - raft.server.retrycache.expirytime = 600000ms (custom)
2019-08-03 03:58:14,062 INFO  impl.RaftServerImpl (RaftServerImpl.java:setRole(171)) - f621b505-b5c7-479f-8586-0b112ca88440:group-A46853D1419E changes role from null to FOLLOWER at term 0 for startAsFollower
2019-08-03 03:58:14,062 INFO  impl.RaftServerImpl (RaftServerImpl.java:start(180)) - a19a9959-3e57-49ad-8b3b-abbda9d8deb6: start group-A46853D1419E
2019-08-03 03:58:14,079 INFO  util.JmxRegister (JmxRegister.java:tryRegister(44)) - Successfully registered JMX Bean with object name Ratis:service=RaftServer,group=group-A46853D1419E,id=8b7da219-0df9-4e02-922d-b4c8bf36f5dc
2019-08-03 03:58:14,079 INFO  impl.RoleInfo (RoleInfo.java:updateAndGet(143)) - f621b505-b5c7-479f-8586-0b112ca88440: start FollowerState
2019-08-03 03:58:14,079 INFO  impl.RaftServerImpl (RaftServerImpl.java:setRole(171)) - a19a9959-3e57-49ad-8b3b-abbda9d8deb6:group-A46853D1419E changes role from null to FOLLOWER at term 0 for startAsFollower
2019-08-03 03:58:14,079 INFO  impl.RoleInfo (RoleInfo.java:updateAndGet(143)) - a19a9959-3e57-49ad-8b3b-abbda9d8deb6: start FollowerState
2019-08-03 03:58:14,088 INFO  util.JmxRegister (JmxRegister.java:tryRegister(44)) - Successfully registered JMX Bean with object name Ratis:service=RaftServer,group=group-A46853D1419E,id=f621b505-b5c7-479f-8586-0b112ca88440
2019-08-03 03:58:14,089 INFO  util.JmxRegister (JmxRegister.java:tryRegister(44)) - Successfully registered JMX Bean with object name Ratis:service=RaftServer,group=group-A46853D1419E,id=a19a9959-3e57-49ad-8b3b-abbda9d8deb6
2019-08-03 03:58:14,093 INFO  pipeline.PipelineStateManager (PipelineStateManager.java:addPipeline(56)) - Created pipeline Pipeline[ Id: 0dff99d3-7ba0-4206-b7d2-a46853d1419e, Nodes: 8b7da219-0df9-4e02-922d-b4c8bf36f5dc{ip: 192.168.5.147, host: byscane-nightly-b86qh-2100283676, networkLocation: /default-rack, certSerialId: null}a19a9959-3e57-49ad-8b3b-abbda9d8deb6{ip: 192.168.5.147, host: byscane-nightly-b86qh-2100283676, networkLocation: /default-rack, certSerialId: null}f621b505-b5c7-479f-8586-0b112ca88440{ip: 192.168.5.147, host: byscane-nightly-b86qh-2100283676, networkLocation: /default-rack, certSerialId: null}, Type:RATIS, Factor:THREE, State:OPEN]
2019-08-03 03:58:14,174 INFO  net.NetworkTopology (NetworkTopologyImpl.java:add(110)) - Added a new node: /default-rack/c84dfb69-4bc6-4eb4-8f14-bfffd2ccdf82
2019-08-03 03:58:14,174 INFO  node.SCMNodeManager (SCMNodeManager.java:register(273)) - Registered Data node : c84dfb69-4bc6-4eb4-8f14-bfffd2ccdf82{ip: 192.168.5.147, host: byscane-nightly-b86qh-2100283676, networkLocation: /default-rack, certSerialId: null}
2019-08-03 03:58:14,199 INFO  impl.RaftServerProxy (RaftServerProxy.java:addNew(89)) - c84dfb69-4bc6-4eb4-8f14-bfffd2ccdf82: addNew group-E42353D52738:[c84dfb69-4bc6-4eb4-8f14-bfffd2ccdf82:192.168.5.147:34545] returns group-E42353D52738:java.util.concurrent.CompletableFuture@55f3b54d[Not completed]
2019-08-03 03:58:14,206 INFO  impl.RaftServerImpl (RaftServerImpl.java:<init>(93)) - c84dfb69-4bc6-4eb4-8f14-bfffd2ccdf82: new RaftServerImpl for group-E42353D52738:[c84dfb69-4bc6-4eb4-8f14-bfffd2ccdf82:192.168.5.147:34545] with ContainerStateMachine:uninitialized
2019-08-03 03:58:14,206 INFO  server.RaftServerConfigKeys (ConfUtils.java:logGet(43)) - raft.server.rpc.timeout.min = 5s (custom)
2019-08-03 03:58:14,206 INFO  server.RaftServerConfigKeys (ConfUtils.java:logGet(43)) - raft.server.rpc.timeout.max = 5200ms (custom)
2019-08-03 03:58:14,206 INFO  server.RaftServerConfigKeys (ConfUtils.java:logGet(43)) - raft.server.rpcslowness.timeout = 120s (custom)
2019-08-03 03:58:14,206 INFO  server.RaftServerConfigKeys (ConfUtils.java:logGet(43)) - raft.server.sleep.deviation.threshold = 300 (default)
2019-08-03 03:58:14,207 INFO  server.RaftServerConfigKeys (ConfUtils.java:logGet(43)) - raft.server.log.appender.install.snapshot.enabled = false (custom)
2019-08-03 03:58:14,207 INFO  impl.RaftServerImpl (ServerState.java:<init>(105)) - c84dfb69-4bc6-4eb4-8f14-bfffd2ccdf82:group-E42353D52738 ConfigurationManager, init=-1: [c84dfb69-4bc6-4eb4-8f14-bfffd2ccdf82:192.168.5.147:34545], old=null, confs=<EMPTY_MAP>
2019-08-03 03:58:14,207 INFO  server.RaftServerConfigKeys (ConfUtils.java:logGet(43)) - raft.server.storage.dir = [/workdir/hadoop-ozone/integration-test/target/test-dir/MiniOzoneClusterImpl-b706123f-942e-41da-8ebc-47ffff3e32b4/datanode-3/data/ratis] (custom)
2019-08-03 03:58:14,208 INFO  storage.RaftStorageDirectory (RaftStorageDirectory.java:analyzeStorage(246)) - The storage directory /workdir/hadoop-ozone/integration-test/target/test-dir/MiniOzoneClusterImpl-b706123f-942e-41da-8ebc-47ffff3e32b4/datanode-3/data/ratis/1e4be761-dcec-4592-8f48-e42353d52738 does not exist. Creating ...
2019-08-03 03:58:14,221 INFO  storage.RaftStorageDirectory (RaftStorageDirectory.java:tryLock(328)) - Lock on /workdir/hadoop-ozone/integration-test/target/test-dir/MiniOzoneClusterImpl-b706123f-942e-41da-8ebc-47ffff3e32b4/datanode-3/data/ratis/1e4be761-dcec-4592-8f48-e42353d52738/in_use.lock acquired by nodename 11786@byscane-nightly-b86qh-2100283676
2019-08-03 03:58:14,225 INFO  storage.RaftStorage (RaftStorage.java:format(72)) - Storage directory /workdir/hadoop-ozone/integration-test/target/test-dir/MiniOzoneClusterImpl-b706123f-942e-41da-8ebc-47ffff3e32b4/datanode-3/data/ratis/1e4be761-dcec-4592-8f48-e42353d52738 has been successfully formatted.
2019-08-03 03:58:14,225 INFO  ratis.ContainerStateMachine (ContainerStateMachine.java:loadSnapshot(213)) - group-E42353D52738: The snapshot info is null. Setting the last applied indexto:(t:0, i:~)
2019-08-03 03:58:14,225 INFO  server.RaftServerConfigKeys (ConfUtils.java:logGet(43)) - raft.server.leader.election.timeout = 120s (custom)
2019-08-03 03:58:14,225 INFO  server.RaftServerConfigKeys (ConfUtils.java:logGet(43)) - raft.server.log.use.memory = false (default)
2019-08-03 03:58:14,226 INFO  server.RaftServerConfigKeys (ConfUtils.java:logGet(43)) - raft.server.log.purge.gap = 1000000000 (custom)
2019-08-03 03:58:14,226 INFO  server.RaftServerConfigKeys (ConfUtils.java:logGet(43)) - raft.server.log.appender.buffer.byte-limit = 33554432 (custom)
2019-08-03 03:58:14,226 INFO  server.RaftServerConfigKeys (ConfUtils.java:logGet(43)) - raft.server.log.segment.size.max = 1048576 (custom)
2019-08-03 03:58:14,226 INFO  server.RaftServerConfigKeys (ConfUtils.java:logGet(43)) - raft.server.log.segment.cache.num.max = 2 (custom)
2019-08-03 03:58:14,226 INFO  segmented.SegmentedRaftLogWorker (SegmentedRaftLogWorker.java:<init>(172)) - new c84dfb69-4bc6-4eb4-8f14-bfffd2ccdf82-SegmentedRaftLogWorker:Storage Directory /workdir/hadoop-ozone/integration-test/target/test-dir/MiniOzoneClusterImpl-b706123f-942e-41da-8ebc-47ffff3e32b4/datanode-3/data/ratis/1e4be761-dcec-4592-8f48-e42353d52738 for RaftStorage:Storage Directory /workdir/hadoop-ozone/integration-test/target/test-dir/MiniOzoneClusterImpl-b706123f-942e-41da-8ebc-47ffff3e32b4/datanode-3/data/ratis/1e4be761-dcec-4592-8f48-e42353d52738
2019-08-03 03:58:14,227 INFO  server.RaftServerConfigKeys (ConfUtils.java:logGet(43)) - raft.server.log.queue.byte-limit = 2147483647 (custom)
2019-08-03 03:58:14,227 INFO  server.RaftServerConfigKeys (ConfUtils.java:logGet(43)) - raft.server.log.queue.element-limit = 1024 (custom)
2019-08-03 03:58:14,227 INFO  server.RaftServerConfigKeys (ConfUtils.java:logGet(43)) - raft.server.log.segment.size.max = 1048576 (custom)
2019-08-03 03:58:14,227 INFO  server.RaftServerConfigKeys (ConfUtils.java:logGet(43)) - raft.server.log.preallocated.size = 16384 (custom)
2019-08-03 03:58:14,228 INFO  server.RaftServerConfigKeys (ConfUtils.java:logGet(43)) - raft.server.log.write.buffer.size = 33554432 (custom)
2019-08-03 03:58:14,228 INFO  server.RaftServerConfigKeys (ConfUtils.java:logGet(43)) - raft.server.log.force.sync.num = 128 (default)
2019-08-03 03:58:14,228 INFO  server.RaftServerConfigKeys (ConfUtils.java:logGet(43)) - raft.server.log.statemachine.data.sync = true (default)
2019-08-03 03:58:14,228 INFO  server.RaftServerConfigKeys (ConfUtils.java:logGet(43)) - raft.server.log.statemachine.data.sync.timeout = 10s (default)
2019-08-03 03:58:14,228 INFO  server.RaftServerConfigKeys (ConfUtils.java:logGet(43)) - raft.server.log.statemachine.data.sync.timeout.retry = -1 (default)
2019-08-03 03:58:14,229 INFO  server.RaftServerConfigKeys (ConfUtils.java:logGet(43)) - raft.server.log.statemachine.data.caching.enabled = true (custom)
2019-08-03 03:58:14,229 INFO  segmented.SegmentedRaftLogWorker (SegmentedRaftLogWorker.java:lambda$new$0(132)) - c84dfb69-4bc6-4eb4-8f14-bfffd2ccdf82-SegmentedRaftLogWorker:Storage Directory /workdir/hadoop-ozone/integration-test/target/test-dir/MiniOzoneClusterImpl-b706123f-942e-41da-8ebc-47ffff3e32b4/datanode-3/data/ratis/1e4be761-dcec-4592-8f48-e42353d52738: flushIndex: setUnconditionally 0 -> -1
2019-08-03 03:58:14,230 INFO  server.RaftServerConfigKeys (ConfUtils.java:logGet(43)) - raft.server.snapshot.auto.trigger.enabled = true (custom)
2019-08-03 03:58:14,230 INFO  server.RaftServerConfigKeys (ConfUtils.java:logGet(43)) - raft.server.snapshot.auto.trigger.threshold = 10000 (custom)
2019-08-03 03:58:14,230 INFO  server.RaftServerConfigKeys (ConfUtils.java:logGet(43)) - raft.server.retrycache.expirytime = 600000ms (custom)
2019-08-03 03:58:14,230 INFO  impl.RaftServerImpl (RaftServerImpl.java:start(180)) - c84dfb69-4bc6-4eb4-8f14-bfffd2ccdf82: start group-E42353D52738
2019-08-03 03:58:14,231 INFO  impl.RaftServerImpl (RaftServerImpl.java:setRole(171)) - c84dfb69-4bc6-4eb4-8f14-bfffd2ccdf82:group-E42353D52738 changes role from null to FOLLOWER at term 0 for startAsFollower
2019-08-03 03:58:14,231 INFO  impl.RoleInfo (RoleInfo.java:updateAndGet(143)) - c84dfb69-4bc6-4eb4-8f14-bfffd2ccdf82: start FollowerState
2019-08-03 03:58:14,231 INFO  util.JmxRegister (JmxRegister.java:tryRegister(44)) - Successfully registered JMX Bean with object name Ratis:service=RaftServer,group=group-E42353D52738,id=c84dfb69-4bc6-4eb4-8f14-bfffd2ccdf82
2019-08-03 03:58:14,234 INFO  pipeline.PipelineStateManager (PipelineStateManager.java:addPipeline(56)) - Created pipeline Pipeline[ Id: 1e4be761-dcec-4592-8f48-e42353d52738, Nodes: c84dfb69-4bc6-4eb4-8f14-bfffd2ccdf82{ip: 192.168.5.147, host: byscane-nightly-b86qh-2100283676, networkLocation: /default-rack, certSerialId: null}, Type:RATIS, Factor:ONE, State:OPEN]
2019-08-03 03:58:14,525 INFO  net.NetworkTopology (NetworkTopologyImpl.java:add(110)) - Added a new node: /default-rack/69331003-cddb-42ee-ad4e-77b03e66d0a1
2019-08-03 03:58:14,525 INFO  node.SCMNodeManager (SCMNodeManager.java:register(273)) - Registered Data node : 69331003-cddb-42ee-ad4e-77b03e66d0a1{ip: 192.168.5.147, host: byscane-nightly-b86qh-2100283676, networkLocation: /default-rack, certSerialId: null}
2019-08-03 03:58:14,537 INFO  impl.RaftServerProxy (RaftServerProxy.java:addNew(89)) - 69331003-cddb-42ee-ad4e-77b03e66d0a1: addNew group-ED1BE92BB897:[69331003-cddb-42ee-ad4e-77b03e66d0a1:192.168.5.147:45161] returns group-ED1BE92BB897:java.util.concurrent.CompletableFuture@2da45ced[Not completed]
2019-08-03 03:58:14,545 INFO  impl.RaftServerImpl (RaftServerImpl.java:<init>(93)) - 69331003-cddb-42ee-ad4e-77b03e66d0a1: new RaftServerImpl for group-ED1BE92BB897:[69331003-cddb-42ee-ad4e-77b03e66d0a1:192.168.5.147:45161] with ContainerStateMachine:uninitialized
2019-08-03 03:58:14,545 INFO  server.RaftServerConfigKeys (ConfUtils.java:logGet(43)) - raft.server.rpc.timeout.min = 5s (custom)
2019-08-03 03:58:14,545 INFO  server.RaftServerConfigKeys (ConfUtils.java:logGet(43)) - raft.server.rpc.timeout.max = 5200ms (custom)
2019-08-03 03:58:14,546 INFO  server.RaftServerConfigKeys (ConfUtils.java:logGet(43)) - raft.server.rpcslowness.timeout = 120s (custom)
2019-08-03 03:58:14,546 INFO  server.RaftServerConfigKeys (ConfUtils.java:logGet(43)) - raft.server.sleep.deviation.threshold = 300 (default)
2019-08-03 03:58:14,546 INFO  server.RaftServerConfigKeys (ConfUtils.java:logGet(43)) - raft.server.log.appender.install.snapshot.enabled = false (custom)
2019-08-03 03:58:14,546 INFO  impl.RaftServerImpl (ServerState.java:<init>(105)) - 69331003-cddb-42ee-ad4e-77b03e66d0a1:group-ED1BE92BB897 ConfigurationManager, init=-1: [69331003-cddb-42ee-ad4e-77b03e66d0a1:192.168.5.147:45161], old=null, confs=<EMPTY_MAP>
2019-08-03 03:58:14,546 INFO  server.RaftServerConfigKeys (ConfUtils.java:logGet(43)) - raft.server.storage.dir = [/workdir/hadoop-ozone/integration-test/target/test-dir/MiniOzoneClusterImpl-b706123f-942e-41da-8ebc-47ffff3e32b4/datanode-4/data/ratis] (custom)
2019-08-03 03:58:14,547 INFO  storage.RaftStorageDirectory (RaftStorageDirectory.java:analyzeStorage(246)) - The storage directory /workdir/hadoop-ozone/integration-test/target/test-dir/MiniOzoneClusterImpl-b706123f-942e-41da-8ebc-47ffff3e32b4/datanode-4/data/ratis/1e4a4482-4549-45ea-876a-ed1be92bb897 does not exist. Creating ...
2019-08-03 03:58:14,559 INFO  storage.RaftStorageDirectory (RaftStorageDirectory.java:tryLock(328)) - Lock on /workdir/hadoop-ozone/integration-test/target/test-dir/MiniOzoneClusterImpl-b706123f-942e-41da-8ebc-47ffff3e32b4/datanode-4/data/ratis/1e4a4482-4549-45ea-876a-ed1be92bb897/in_use.lock acquired by nodename 11786@byscane-nightly-b86qh-2100283676
2019-08-03 03:58:14,572 INFO  storage.RaftStorage (RaftStorage.java:format(72)) - Storage directory /workdir/hadoop-ozone/integration-test/target/test-dir/MiniOzoneClusterImpl-b706123f-942e-41da-8ebc-47ffff3e32b4/datanode-4/data/ratis/1e4a4482-4549-45ea-876a-ed1be92bb897 has been successfully formatted.
2019-08-03 03:58:14,573 INFO  ratis.ContainerStateMachine (ContainerStateMachine.java:loadSnapshot(213)) - group-ED1BE92BB897: The snapshot info is null. Setting the last applied indexto:(t:0, i:~)
2019-08-03 03:58:14,573 INFO  server.RaftServerConfigKeys (ConfUtils.java:logGet(43)) - raft.server.leader.election.timeout = 120s (custom)
2019-08-03 03:58:14,573 INFO  server.RaftServerConfigKeys (ConfUtils.java:logGet(43)) - raft.server.log.use.memory = false (default)
2019-08-03 03:58:14,573 INFO  server.RaftServerConfigKeys (ConfUtils.java:logGet(43)) - raft.server.log.purge.gap = 1000000000 (custom)
2019-08-03 03:58:14,573 INFO  server.RaftServerConfigKeys (ConfUtils.java:logGet(43)) - raft.server.log.appender.buffer.byte-limit = 33554432 (custom)
2019-08-03 03:58:14,574 INFO  server.RaftServerConfigKeys (ConfUtils.java:logGet(43)) - raft.server.log.segment.size.max = 1048576 (custom)
2019-08-03 03:58:14,574 INFO  server.RaftServerConfigKeys (ConfUtils.java:logGet(43)) - raft.server.log.segment.cache.num.max = 2 (custom)
2019-08-03 03:58:14,574 INFO  segmented.SegmentedRaftLogWorker (SegmentedRaftLogWorker.java:<init>(172)) - new 69331003-cddb-42ee-ad4e-77b03e66d0a1-SegmentedRaftLogWorker:Storage Directory /workdir/hadoop-ozone/integration-test/target/test-dir/MiniOzoneClusterImpl-b706123f-942e-41da-8ebc-47ffff3e32b4/datanode-4/data/ratis/1e4a4482-4549-45ea-876a-ed1be92bb897 for RaftStorage:Storage Directory /workdir/hadoop-ozone/integration-test/target/test-dir/MiniOzoneClusterImpl-b706123f-942e-41da-8ebc-47ffff3e32b4/datanode-4/data/ratis/1e4a4482-4549-45ea-876a-ed1be92bb897
2019-08-03 03:58:14,574 INFO  server.RaftServerConfigKeys (ConfUtils.java:logGet(43)) - raft.server.log.queue.byte-limit = 2147483647 (custom)
2019-08-03 03:58:14,574 INFO  server.RaftServerConfigKeys (ConfUtils.java:logGet(43)) - raft.server.log.queue.element-limit = 1024 (custom)
2019-08-03 03:58:14,575 INFO  server.RaftServerConfigKeys (ConfUtils.java:logGet(43)) - raft.server.log.segment.size.max = 1048576 (custom)
2019-08-03 03:58:14,575 INFO  server.RaftServerConfigKeys (ConfUtils.java:logGet(43)) - raft.server.log.preallocated.size = 16384 (custom)
2019-08-03 03:58:14,575 INFO  server.RaftServerConfigKeys (ConfUtils.java:logGet(43)) - raft.server.log.write.buffer.size = 33554432 (custom)
2019-08-03 03:58:14,575 INFO  server.RaftServerConfigKeys (ConfUtils.java:logGet(43)) - raft.server.log.force.sync.num = 128 (default)
2019-08-03 03:58:14,576 INFO  server.RaftServerConfigKeys (ConfUtils.java:logGet(43)) - raft.server.log.statemachine.data.sync = true (default)
2019-08-03 03:58:14,576 INFO  server.RaftServerConfigKeys (ConfUtils.java:logGet(43)) - raft.server.log.statemachine.data.sync.timeout = 10s (default)
2019-08-03 03:58:14,576 INFO  server.RaftServerConfigKeys (ConfUtils.java:logGet(43)) - raft.server.log.statemachine.data.sync.timeout.retry = -1 (default)
2019-08-03 03:58:14,576 INFO  server.RaftServerConfigKeys (ConfUtils.java:logGet(43)) - raft.server.log.statemachine.data.caching.enabled = true (custom)
2019-08-03 03:58:14,577 INFO  segmented.SegmentedRaftLogWorker (SegmentedRaftLogWorker.java:lambda$new$0(132)) - 69331003-cddb-42ee-ad4e-77b03e66d0a1-SegmentedRaftLogWorker:Storage Directory /workdir/hadoop-ozone/integration-test/target/test-dir/MiniOzoneClusterImpl-b706123f-942e-41da-8ebc-47ffff3e32b4/datanode-4/data/ratis/1e4a4482-4549-45ea-876a-ed1be92bb897: flushIndex: setUnconditionally 0 -> -1
2019-08-03 03:58:14,577 INFO  server.RaftServerConfigKeys (ConfUtils.java:logGet(43)) - raft.server.snapshot.auto.trigger.enabled = true (custom)
2019-08-03 03:58:14,577 INFO  server.RaftServerConfigKeys (ConfUtils.java:logGet(43)) - raft.server.snapshot.auto.trigger.threshold = 10000 (custom)
2019-08-03 03:58:14,578 INFO  server.RaftServerConfigKeys (ConfUtils.java:logGet(43)) - raft.server.retrycache.expirytime = 600000ms (custom)
2019-08-03 03:58:14,578 INFO  impl.RaftServerImpl (RaftServerImpl.java:start(180)) - 69331003-cddb-42ee-ad4e-77b03e66d0a1: start group-ED1BE92BB897
2019-08-03 03:58:14,578 INFO  impl.RaftServerImpl (RaftServerImpl.java:setRole(171)) - 69331003-cddb-42ee-ad4e-77b03e66d0a1:group-ED1BE92BB897 changes role from null to FOLLOWER at term 0 for startAsFollower
2019-08-03 03:58:14,578 INFO  impl.RoleInfo (RoleInfo.java:updateAndGet(143)) - 69331003-cddb-42ee-ad4e-77b03e66d0a1: start FollowerState
2019-08-03 03:58:14,579 INFO  util.JmxRegister (JmxRegister.java:tryRegister(44)) - Successfully registered JMX Bean with object name Ratis:service=RaftServer,group=group-ED1BE92BB897,id=69331003-cddb-42ee-ad4e-77b03e66d0a1
2019-08-03 03:58:14,582 INFO  pipeline.PipelineStateManager (PipelineStateManager.java:addPipeline(56)) - Created pipeline Pipeline[ Id: 1e4a4482-4549-45ea-876a-ed1be92bb897, Nodes: 69331003-cddb-42ee-ad4e-77b03e66d0a1{ip: 192.168.5.147, host: byscane-nightly-b86qh-2100283676, networkLocation: /default-rack, certSerialId: null}, Type:RATIS, Factor:ONE, State:OPEN]
2019-08-03 03:58:14,740 INFO  net.NetworkTopology (NetworkTopologyImpl.java:add(110)) - Added a new node: /default-rack/956d6195-2268-40b6-a07e-4f11e91c0f03
2019-08-03 03:58:14,741 INFO  node.SCMNodeManager (SCMNodeManager.java:register(273)) - Registered Data node : 956d6195-2268-40b6-a07e-4f11e91c0f03{ip: 192.168.5.147, host: byscane-nightly-b86qh-2100283676, networkLocation: /default-rack, certSerialId: null}
2019-08-03 03:58:14,753 INFO  impl.RaftServerProxy (RaftServerProxy.java:addNew(89)) - 956d6195-2268-40b6-a07e-4f11e91c0f03: addNew group-136E604F4B23:[956d6195-2268-40b6-a07e-4f11e91c0f03:192.168.5.147:34094] returns group-136E604F4B23:java.util.concurrent.CompletableFuture@4c889e9b[Not completed]
2019-08-03 03:58:14,759 INFO  impl.RaftServerImpl (RaftServerImpl.java:<init>(93)) - 956d6195-2268-40b6-a07e-4f11e91c0f03: new RaftServerImpl for group-136E604F4B23:[956d6195-2268-40b6-a07e-4f11e91c0f03:192.168.5.147:34094] with ContainerStateMachine:uninitialized
2019-08-03 03:58:14,759 INFO  server.RaftServerConfigKeys (ConfUtils.java:logGet(43)) - raft.server.rpc.timeout.min = 5s (custom)
2019-08-03 03:58:14,759 INFO  server.RaftServerConfigKeys (ConfUtils.java:logGet(43)) - raft.server.rpc.timeout.max = 5200ms (custom)
2019-08-03 03:58:14,759 INFO  server.RaftServerConfigKeys (ConfUtils.java:logGet(43)) - raft.server.rpcslowness.timeout = 120s (custom)
2019-08-03 03:58:14,759 INFO  server.RaftServerConfigKeys (ConfUtils.java:logGet(43)) - raft.server.sleep.deviation.threshold = 300 (default)
2019-08-03 03:58:14,760 INFO  server.RaftServerConfigKeys (ConfUtils.java:logGet(43)) - raft.server.log.appender.install.snapshot.enabled = false (custom)
2019-08-03 03:58:14,760 INFO  impl.RaftServerImpl (ServerState.java:<init>(105)) - 956d6195-2268-40b6-a07e-4f11e91c0f03:group-136E604F4B23 ConfigurationManager, init=-1: [956d6195-2268-40b6-a07e-4f11e91c0f03:192.168.5.147:34094], old=null, confs=<EMPTY_MAP>
2019-08-03 03:58:14,760 INFO  server.RaftServerConfigKeys (ConfUtils.java:logGet(43)) - raft.server.storage.dir = [/workdir/hadoop-ozone/integration-test/target/test-dir/MiniOzoneClusterImpl-b706123f-942e-41da-8ebc-47ffff3e32b4/datanode-5/data/ratis] (custom)
2019-08-03 03:58:14,760 INFO  storage.RaftStorageDirectory (RaftStorageDirectory.java:analyzeStorage(246)) - The storage directory /workdir/hadoop-ozone/integration-test/target/test-dir/MiniOzoneClusterImpl-b706123f-942e-41da-8ebc-47ffff3e32b4/datanode-5/data/ratis/9e8792f1-ecc0-4fde-ad9b-136e604f4b23 does not exist. Creating ...
2019-08-03 03:58:14,765 INFO  storage.RaftStorageDirectory (RaftStorageDirectory.java:tryLock(328)) - Lock on /workdir/hadoop-ozone/integration-test/target/test-dir/MiniOzoneClusterImpl-b706123f-942e-41da-8ebc-47ffff3e32b4/datanode-5/data/ratis/9e8792f1-ecc0-4fde-ad9b-136e604f4b23/in_use.lock acquired by nodename 11786@byscane-nightly-b86qh-2100283676
2019-08-03 03:58:14,769 INFO  storage.RaftStorage (RaftStorage.java:format(72)) - Storage directory /workdir/hadoop-ozone/integration-test/target/test-dir/MiniOzoneClusterImpl-b706123f-942e-41da-8ebc-47ffff3e32b4/datanode-5/data/ratis/9e8792f1-ecc0-4fde-ad9b-136e604f4b23 has been successfully formatted.
2019-08-03 03:58:14,769 INFO  ratis.ContainerStateMachine (ContainerStateMachine.java:loadSnapshot(213)) - group-136E604F4B23: The snapshot info is null. Setting the last applied indexto:(t:0, i:~)
2019-08-03 03:58:14,769 INFO  server.RaftServerConfigKeys (ConfUtils.java:logGet(43)) - raft.server.leader.election.timeout = 120s (custom)
2019-08-03 03:58:14,769 INFO  server.RaftServerConfigKeys (ConfUtils.java:logGet(43)) - raft.server.log.use.memory = false (default)
2019-08-03 03:58:14,769 INFO  server.RaftServerConfigKeys (ConfUtils.java:logGet(43)) - raft.server.log.purge.gap = 1000000000 (custom)
2019-08-03 03:58:14,770 INFO  server.RaftServerConfigKeys (ConfUtils.java:logGet(43)) - raft.server.log.appender.buffer.byte-limit = 33554432 (custom)
2019-08-03 03:58:14,770 INFO  server.RaftServerConfigKeys (ConfUtils.java:logGet(43)) - raft.server.log.segment.size.max = 1048576 (custom)
2019-08-03 03:58:14,770 INFO  server.RaftServerConfigKeys (ConfUtils.java:logGet(43)) - raft.server.log.segment.cache.num.max = 2 (custom)
2019-08-03 03:58:14,770 INFO  segmented.SegmentedRaftLogWorker (SegmentedRaftLogWorker.java:<init>(172)) - new 956d6195-2268-40b6-a07e-4f11e91c0f03-SegmentedRaftLogWorker:Storage Directory /workdir/hadoop-ozone/integration-test/target/test-dir/MiniOzoneClusterImpl-b706123f-942e-41da-8ebc-47ffff3e32b4/datanode-5/data/ratis/9e8792f1-ecc0-4fde-ad9b-136e604f4b23 for RaftStorage:Storage Directory /workdir/hadoop-ozone/integration-test/target/test-dir/MiniOzoneClusterImpl-b706123f-942e-41da-8ebc-47ffff3e32b4/datanode-5/data/ratis/9e8792f1-ecc0-4fde-ad9b-136e604f4b23
2019-08-03 03:58:14,770 INFO  server.RaftServerConfigKeys (ConfUtils.java:logGet(43)) - raft.server.log.queue.byte-limit = 2147483647 (custom)
2019-08-03 03:58:14,771 INFO  server.RaftServerConfigKeys (ConfUtils.java:logGet(43)) - raft.server.log.queue.element-limit = 1024 (custom)
2019-08-03 03:58:14,771 INFO  server.RaftServerConfigKeys (ConfUtils.java:logGet(43)) - raft.server.log.segment.size.max = 1048576 (custom)
2019-08-03 03:58:14,771 INFO  server.RaftServerConfigKeys (ConfUtils.java:logGet(43)) - raft.server.log.preallocated.size = 16384 (custom)
2019-08-03 03:58:14,771 INFO  server.RaftServerConfigKeys (ConfUtils.java:logGet(43)) - raft.server.log.write.buffer.size = 33554432 (custom)
2019-08-03 03:58:14,771 INFO  server.RaftServerConfigKeys (ConfUtils.java:logGet(43)) - raft.server.log.force.sync.num = 128 (default)
2019-08-03 03:58:14,771 INFO  server.RaftServerConfigKeys (ConfUtils.java:logGet(43)) - raft.server.log.statemachine.data.sync = true (default)
2019-08-03 03:58:14,772 INFO  server.RaftServerConfigKeys (ConfUtils.java:logGet(43)) - raft.server.log.statemachine.data.sync.timeout = 10s (default)
2019-08-03 03:58:14,772 INFO  server.RaftServerConfigKeys (ConfUtils.java:logGet(43)) - raft.server.log.statemachine.data.sync.timeout.retry = -1 (default)
2019-08-03 03:58:14,772 INFO  server.RaftServerConfigKeys (ConfUtils.java:logGet(43)) - raft.server.log.statemachine.data.caching.enabled = true (custom)
2019-08-03 03:58:14,773 INFO  segmented.SegmentedRaftLogWorker (SegmentedRaftLogWorker.java:lambda$new$0(132)) - 956d6195-2268-40b6-a07e-4f11e91c0f03-SegmentedRaftLogWorker:Storage Directory /workdir/hadoop-ozone/integration-test/target/test-dir/MiniOzoneClusterImpl-b706123f-942e-41da-8ebc-47ffff3e32b4/datanode-5/data/ratis/9e8792f1-ecc0-4fde-ad9b-136e604f4b23: flushIndex: setUnconditionally 0 -> -1
2019-08-03 03:58:14,773 INFO  server.RaftServerConfigKeys (ConfUtils.java:logGet(43)) - raft.server.snapshot.auto.trigger.enabled = true (custom)
2019-08-03 03:58:14,773 INFO  server.RaftServerConfigKeys (ConfUtils.java:logGet(43)) - raft.server.snapshot.auto.trigger.threshold = 10000 (custom)
2019-08-03 03:58:14,773 INFO  server.RaftServerConfigKeys (ConfUtils.java:logGet(43)) - raft.server.retrycache.expirytime = 600000ms (custom)
2019-08-03 03:58:14,773 INFO  impl.RaftServerImpl (RaftServerImpl.java:start(180)) - 956d6195-2268-40b6-a07e-4f11e91c0f03: start group-136E604F4B23
2019-08-03 03:58:14,774 INFO  impl.RaftServerImpl (RaftServerImpl.java:setRole(171)) - 956d6195-2268-40b6-a07e-4f11e91c0f03:group-136E604F4B23 changes role from null to FOLLOWER at term 0 for startAsFollower
2019-08-03 03:58:14,774 INFO  impl.RoleInfo (RoleInfo.java:updateAndGet(143)) - 956d6195-2268-40b6-a07e-4f11e91c0f03: start FollowerState
2019-08-03 03:58:14,774 INFO  util.JmxRegister (JmxRegister.java:tryRegister(44)) - Successfully registered JMX Bean with object name Ratis:service=RaftServer,group=group-136E604F4B23,id=956d6195-2268-40b6-a07e-4f11e91c0f03
2019-08-03 03:58:14,777 INFO  pipeline.PipelineStateManager (PipelineStateManager.java:addPipeline(56)) - Created pipeline Pipeline[ Id: 9e8792f1-ecc0-4fde-ad9b-136e604f4b23, Nodes: 956d6195-2268-40b6-a07e-4f11e91c0f03{ip: 192.168.5.147, host: byscane-nightly-b86qh-2100283676, networkLocation: /default-rack, certSerialId: null}, Type:RATIS, Factor:ONE, State:OPEN]
2019-08-03 03:58:14,791 INFO  impl.RaftServerProxy (RaftServerProxy.java:addNew(89)) - 956d6195-2268-40b6-a07e-4f11e91c0f03: addNew group-08FB9342286A:[69331003-cddb-42ee-ad4e-77b03e66d0a1:192.168.5.147:45161, c84dfb69-4bc6-4eb4-8f14-bfffd2ccdf82:192.168.5.147:34545, 956d6195-2268-40b6-a07e-4f11e91c0f03:192.168.5.147:34094] returns group-08FB9342286A:java.util.concurrent.CompletableFuture@be8cc91[Not completed]
2019-08-03 03:58:14,791 INFO  impl.RaftServerProxy (RaftServerProxy.java:addNew(89)) - 69331003-cddb-42ee-ad4e-77b03e66d0a1: addNew group-08FB9342286A:[69331003-cddb-42ee-ad4e-77b03e66d0a1:192.168.5.147:45161, c84dfb69-4bc6-4eb4-8f14-bfffd2ccdf82:192.168.5.147:34545, 956d6195-2268-40b6-a07e-4f11e91c0f03:192.168.5.147:34094] returns group-08FB9342286A:java.util.concurrent.CompletableFuture@85426f7[Not completed]
2019-08-03 03:58:14,791 INFO  impl.RaftServerProxy (RaftServerProxy.java:addNew(89)) - c84dfb69-4bc6-4eb4-8f14-bfffd2ccdf82: addNew group-08FB9342286A:[69331003-cddb-42ee-ad4e-77b03e66d0a1:192.168.5.147:45161, c84dfb69-4bc6-4eb4-8f14-bfffd2ccdf82:192.168.5.147:34545, 956d6195-2268-40b6-a07e-4f11e91c0f03:192.168.5.147:34094] returns group-08FB9342286A:java.util.concurrent.CompletableFuture@55f261be[Not completed]
2019-08-03 03:58:14,793 INFO  impl.RaftServerImpl (RaftServerImpl.java:<init>(93)) - 69331003-cddb-42ee-ad4e-77b03e66d0a1: new RaftServerImpl for group-08FB9342286A:[69331003-cddb-42ee-ad4e-77b03e66d0a1:192.168.5.147:45161, c84dfb69-4bc6-4eb4-8f14-bfffd2ccdf82:192.168.5.147:34545, 956d6195-2268-40b6-a07e-4f11e91c0f03:192.168.5.147:34094] with ContainerStateMachine:uninitialized
2019-08-03 03:58:14,794 INFO  server.RaftServerConfigKeys (ConfUtils.java:logGet(43)) - raft.server.rpc.timeout.min = 5s (custom)
2019-08-03 03:58:14,794 INFO  server.RaftServerConfigKeys (ConfUtils.java:logGet(43)) - raft.server.rpc.timeout.max = 5200ms (custom)
2019-08-03 03:58:14,794 INFO  server.RaftServerConfigKeys (ConfUtils.java:logGet(43)) - raft.server.rpcslowness.timeout = 120s (custom)
2019-08-03 03:58:14,794 INFO  impl.RaftServerImpl (RaftServerImpl.java:<init>(93)) - c84dfb69-4bc6-4eb4-8f14-bfffd2ccdf82: new RaftServerImpl for group-08FB9342286A:[69331003-cddb-42ee-ad4e-77b03e66d0a1:192.168.5.147:45161, c84dfb69-4bc6-4eb4-8f14-bfffd2ccdf82:192.168.5.147:34545, 956d6195-2268-40b6-a07e-4f11e91c0f03:192.168.5.147:34094] with ContainerStateMachine:uninitialized
2019-08-03 03:58:14,794 INFO  server.RaftServerConfigKeys (ConfUtils.java:logGet(43)) - raft.server.sleep.deviation.threshold = 300 (default)
2019-08-03 03:58:14,794 INFO  server.RaftServerConfigKeys (ConfUtils.java:logGet(43)) - raft.server.rpc.timeout.min = 5s (custom)
2019-08-03 03:58:14,795 INFO  server.RaftServerConfigKeys (ConfUtils.java:logGet(43)) - raft.server.log.appender.install.snapshot.enabled = false (custom)
2019-08-03 03:58:14,795 INFO  server.RaftServerConfigKeys (ConfUtils.java:logGet(43)) - raft.server.rpc.timeout.max = 5200ms (custom)
2019-08-03 03:58:14,795 INFO  impl.RaftServerImpl (RaftServerImpl.java:<init>(93)) - 956d6195-2268-40b6-a07e-4f11e91c0f03: new RaftServerImpl for group-08FB9342286A:[69331003-cddb-42ee-ad4e-77b03e66d0a1:192.168.5.147:45161, c84dfb69-4bc6-4eb4-8f14-bfffd2ccdf82:192.168.5.147:34545, 956d6195-2268-40b6-a07e-4f11e91c0f03:192.168.5.147:34094] with ContainerStateMachine:uninitialized
2019-08-03 03:58:14,795 INFO  server.RaftServerConfigKeys (ConfUtils.java:logGet(43)) - raft.server.rpcslowness.timeout = 120s (custom)
2019-08-03 03:58:14,795 INFO  server.RaftServerConfigKeys (ConfUtils.java:logGet(43)) - raft.server.sleep.deviation.threshold = 300 (default)
2019-08-03 03:58:14,795 INFO  impl.RaftServerImpl (ServerState.java:<init>(105)) - 69331003-cddb-42ee-ad4e-77b03e66d0a1:group-08FB9342286A ConfigurationManager, init=-1: [69331003-cddb-42ee-ad4e-77b03e66d0a1:192.168.5.147:45161, c84dfb69-4bc6-4eb4-8f14-bfffd2ccdf82:192.168.5.147:34545, 956d6195-2268-40b6-a07e-4f11e91c0f03:192.168.5.147:34094], old=null, confs=<EMPTY_MAP>
2019-08-03 03:58:14,795 INFO  server.RaftServerConfigKeys (ConfUtils.java:logGet(43)) - raft.server.log.appender.install.snapshot.enabled = false (custom)
2019-08-03 03:58:14,796 INFO  server.RaftServerConfigKeys (ConfUtils.java:logGet(43)) - raft.server.storage.dir = [/workdir/hadoop-ozone/integration-test/target/test-dir/MiniOzoneClusterImpl-b706123f-942e-41da-8ebc-47ffff3e32b4/datanode-4/data/ratis] (custom)
2019-08-03 03:58:14,795 INFO  server.RaftServerConfigKeys (ConfUtils.java:logGet(43)) - raft.server.rpc.timeout.min = 5s (custom)
2019-08-03 03:58:14,796 INFO  impl.RaftServerImpl (ServerState.java:<init>(105)) - c84dfb69-4bc6-4eb4-8f14-bfffd2ccdf82:group-08FB9342286A ConfigurationManager, init=-1: [69331003-cddb-42ee-ad4e-77b03e66d0a1:192.168.5.147:45161, c84dfb69-4bc6-4eb4-8f14-bfffd2ccdf82:192.168.5.147:34545, 956d6195-2268-40b6-a07e-4f11e91c0f03:192.168.5.147:34094], old=null, confs=<EMPTY_MAP>
2019-08-03 03:58:14,796 INFO  storage.RaftStorageDirectory (RaftStorageDirectory.java:analyzeStorage(246)) - The storage directory /workdir/hadoop-ozone/integration-test/target/test-dir/MiniOzoneClusterImpl-b706123f-942e-41da-8ebc-47ffff3e32b4/datanode-4/data/ratis/2081d7ba-64da-4fcc-af41-08fb9342286a does not exist. Creating ...
2019-08-03 03:58:14,796 INFO  server.RaftServerConfigKeys (ConfUtils.java:logGet(43)) - raft.server.rpc.timeout.max = 5200ms (custom)
2019-08-03 03:58:14,796 INFO  server.RaftServerConfigKeys (ConfUtils.java:logGet(43)) - raft.server.storage.dir = [/workdir/hadoop-ozone/integration-test/target/test-dir/MiniOzoneClusterImpl-b706123f-942e-41da-8ebc-47ffff3e32b4/datanode-3/data/ratis] (custom)
2019-08-03 03:58:14,797 INFO  server.RaftServerConfigKeys (ConfUtils.java:logGet(43)) - raft.server.rpcslowness.timeout = 120s (custom)
2019-08-03 03:58:14,797 INFO  server.RaftServerConfigKeys (ConfUtils.java:logGet(43)) - raft.server.sleep.deviation.threshold = 300 (default)
2019-08-03 03:58:14,797 INFO  storage.RaftStorageDirectory (RaftStorageDirectory.java:analyzeStorage(246)) - The storage directory /workdir/hadoop-ozone/integration-test/target/test-dir/MiniOzoneClusterImpl-b706123f-942e-41da-8ebc-47ffff3e32b4/datanode-3/data/ratis/2081d7ba-64da-4fcc-af41-08fb9342286a does not exist. Creating ...
2019-08-03 03:58:14,797 INFO  server.RaftServerConfigKeys (ConfUtils.java:logGet(43)) - raft.server.log.appender.install.snapshot.enabled = false (custom)
2019-08-03 03:58:14,797 INFO  impl.RaftServerImpl (ServerState.java:<init>(105)) - 956d6195-2268-40b6-a07e-4f11e91c0f03:group-08FB9342286A ConfigurationManager, init=-1: [69331003-cddb-42ee-ad4e-77b03e66d0a1:192.168.5.147:45161, c84dfb69-4bc6-4eb4-8f14-bfffd2ccdf82:192.168.5.147:34545, 956d6195-2268-40b6-a07e-4f11e91c0f03:192.168.5.147:34094], old=null, confs=<EMPTY_MAP>
2019-08-03 03:58:14,797 INFO  server.RaftServerConfigKeys (ConfUtils.java:logGet(43)) - raft.server.storage.dir = [/workdir/hadoop-ozone/integration-test/target/test-dir/MiniOzoneClusterImpl-b706123f-942e-41da-8ebc-47ffff3e32b4/datanode-5/data/ratis] (custom)
2019-08-03 03:58:14,798 INFO  storage.RaftStorageDirectory (RaftStorageDirectory.java:analyzeStorage(246)) - The storage directory /workdir/hadoop-ozone/integration-test/target/test-dir/MiniOzoneClusterImpl-b706123f-942e-41da-8ebc-47ffff3e32b4/datanode-5/data/ratis/2081d7ba-64da-4fcc-af41-08fb9342286a does not exist. Creating ...
2019-08-03 03:58:14,803 INFO  storage.RaftStorageDirectory (RaftStorageDirectory.java:tryLock(328)) - Lock on /workdir/hadoop-ozone/integration-test/target/test-dir/MiniOzoneClusterImpl-b706123f-942e-41da-8ebc-47ffff3e32b4/datanode-3/data/ratis/2081d7ba-64da-4fcc-af41-08fb9342286a/in_use.lock acquired by nodename 11786@byscane-nightly-b86qh-2100283676
2019-08-03 03:58:14,803 INFO  storage.RaftStorageDirectory (RaftStorageDirectory.java:tryLock(328)) - Lock on /workdir/hadoop-ozone/integration-test/target/test-dir/MiniOzoneClusterImpl-b706123f-942e-41da-8ebc-47ffff3e32b4/datanode-4/data/ratis/2081d7ba-64da-4fcc-af41-08fb9342286a/in_use.lock acquired by nodename 11786@byscane-nightly-b86qh-2100283676
2019-08-03 03:58:14,803 INFO  storage.RaftStorageDirectory (RaftStorageDirectory.java:tryLock(328)) - Lock on /workdir/hadoop-ozone/integration-test/target/test-dir/MiniOzoneClusterImpl-b706123f-942e-41da-8ebc-47ffff3e32b4/datanode-5/data/ratis/2081d7ba-64da-4fcc-af41-08fb9342286a/in_use.lock acquired by nodename 11786@byscane-nightly-b86qh-2100283676
2019-08-03 03:58:14,809 INFO  storage.RaftStorage (RaftStorage.java:format(72)) - Storage directory /workdir/hadoop-ozone/integration-test/target/test-dir/MiniOzoneClusterImpl-b706123f-942e-41da-8ebc-47ffff3e32b4/datanode-5/data/ratis/2081d7ba-64da-4fcc-af41-08fb9342286a has been successfully formatted.
2019-08-03 03:58:14,809 INFO  storage.RaftStorage (RaftStorage.java:format(72)) - Storage directory /workdir/hadoop-ozone/integration-test/target/test-dir/MiniOzoneClusterImpl-b706123f-942e-41da-8ebc-47ffff3e32b4/datanode-4/data/ratis/2081d7ba-64da-4fcc-af41-08fb9342286a has been successfully formatted.
2019-08-03 03:58:14,810 INFO  ratis.ContainerStateMachine (ContainerStateMachine.java:loadSnapshot(213)) - group-08FB9342286A: The snapshot info is null. Setting the last applied indexto:(t:0, i:~)
2019-08-03 03:58:14,809 INFO  storage.RaftStorage (RaftStorage.java:format(72)) - Storage directory /workdir/hadoop-ozone/integration-test/target/test-dir/MiniOzoneClusterImpl-b706123f-942e-41da-8ebc-47ffff3e32b4/datanode-3/data/ratis/2081d7ba-64da-4fcc-af41-08fb9342286a has been successfully formatted.
2019-08-03 03:58:14,810 INFO  server.RaftServerConfigKeys (ConfUtils.java:logGet(43)) - raft.server.leader.election.timeout = 120s (custom)
2019-08-03 03:58:14,810 INFO  ratis.ContainerStateMachine (ContainerStateMachine.java:loadSnapshot(213)) - group-08FB9342286A: The snapshot info is null. Setting the last applied indexto:(t:0, i:~)
2019-08-03 03:58:14,810 INFO  server.RaftServerConfigKeys (ConfUtils.java:logGet(43)) - raft.server.log.use.memory = false (default)
2019-08-03 03:58:14,810 INFO  ratis.ContainerStateMachine (ContainerStateMachine.java:loadSnapshot(213)) - group-08FB9342286A: The snapshot info is null. Setting the last applied indexto:(t:0, i:~)
2019-08-03 03:58:14,811 INFO  server.RaftServerConfigKeys (ConfUtils.java:logGet(43)) - raft.server.log.purge.gap = 1000000000 (custom)
2019-08-03 03:58:14,810 INFO  server.RaftServerConfigKeys (ConfUtils.java:logGet(43)) - raft.server.leader.election.timeout = 120s (custom)
2019-08-03 03:58:14,811 INFO  server.RaftServerConfigKeys (ConfUtils.java:logGet(43)) - raft.server.log.appender.buffer.byte-limit = 33554432 (custom)
2019-08-03 03:58:14,811 INFO  server.RaftServerConfigKeys (ConfUtils.java:logGet(43)) - raft.server.leader.election.timeout = 120s (custom)
2019-08-03 03:58:14,811 INFO  server.RaftServerConfigKeys (ConfUtils.java:logGet(43)) - raft.server.log.segment.size.max = 1048576 (custom)
2019-08-03 03:58:14,811 INFO  server.RaftServerConfigKeys (ConfUtils.java:logGet(43)) - raft.server.log.use.memory = false (default)
2019-08-03 03:58:14,811 INFO  server.RaftServerConfigKeys (ConfUtils.java:logGet(43)) - raft.server.log.segment.cache.num.max = 2 (custom)
2019-08-03 03:58:14,811 INFO  server.RaftServerConfigKeys (ConfUtils.java:logGet(43)) - raft.server.log.use.memory = false (default)
2019-08-03 03:58:14,812 INFO  segmented.SegmentedRaftLogWorker (SegmentedRaftLogWorker.java:<init>(172)) - new 956d6195-2268-40b6-a07e-4f11e91c0f03-SegmentedRaftLogWorker:Storage Directory /workdir/hadoop-ozone/integration-test/target/test-dir/MiniOzoneClusterImpl-b706123f-942e-41da-8ebc-47ffff3e32b4/datanode-5/data/ratis/2081d7ba-64da-4fcc-af41-08fb9342286a for RaftStorage:Storage Directory /workdir/hadoop-ozone/integration-test/target/test-dir/MiniOzoneClusterImpl-b706123f-942e-41da-8ebc-47ffff3e32b4/datanode-5/data/ratis/2081d7ba-64da-4fcc-af41-08fb9342286a
2019-08-03 03:58:14,812 INFO  server.RaftServerConfigKeys (ConfUtils.java:logGet(43)) - raft.server.log.purge.gap = 1000000000 (custom)
2019-08-03 03:58:14,812 INFO  server.RaftServerConfigKeys (ConfUtils.java:logGet(43)) - raft.server.log.queue.byte-limit = 2147483647 (custom)
2019-08-03 03:58:14,812 INFO  server.RaftServerConfigKeys (ConfUtils.java:logGet(43)) - raft.server.log.queue.element-limit = 1024 (custom)
2019-08-03 03:58:14,812 INFO  server.RaftServerConfigKeys (ConfUtils.java:logGet(43)) - raft.server.log.purge.gap = 1000000000 (custom)
2019-08-03 03:58:14,813 INFO  server.RaftServerConfigKeys (ConfUtils.java:logGet(43)) - raft.server.log.segment.size.max = 1048576 (custom)
2019-08-03 03:58:14,812 INFO  server.RaftServerConfigKeys (ConfUtils.java:logGet(43)) - raft.server.log.appender.buffer.byte-limit = 33554432 (custom)
2019-08-03 03:58:14,813 INFO  server.RaftServerConfigKeys (ConfUtils.java:logGet(43)) - raft.server.log.preallocated.size = 16384 (custom)
2019-08-03 03:58:14,813 INFO  server.RaftServerConfigKeys (ConfUtils.java:logGet(43)) - raft.server.log.appender.buffer.byte-limit = 33554432 (custom)
2019-08-03 03:58:14,813 INFO  server.RaftServerConfigKeys (ConfUtils.java:logGet(43)) - raft.server.log.write.buffer.size = 33554432 (custom)
2019-08-03 03:58:14,813 INFO  server.RaftServerConfigKeys (ConfUtils.java:logGet(43)) - raft.server.log.segment.size.max = 1048576 (custom)
2019-08-03 03:58:14,814 INFO  server.RaftServerConfigKeys (ConfUtils.java:logGet(43)) - raft.server.log.force.sync.num = 128 (default)
2019-08-03 03:58:14,813 INFO  server.RaftServerConfigKeys (ConfUtils.java:logGet(43)) - raft.server.log.segment.size.max = 1048576 (custom)
2019-08-03 03:58:14,814 INFO  server.RaftServerConfigKeys (ConfUtils.java:logGet(43)) - raft.server.log.statemachine.data.sync = true (default)
2019-08-03 03:58:14,814 INFO  server.RaftServerConfigKeys (ConfUtils.java:logGet(43)) - raft.server.log.segment.cache.num.max = 2 (custom)
2019-08-03 03:58:14,814 INFO  server.RaftServerConfigKeys (ConfUtils.java:logGet(43)) - raft.server.log.statemachine.data.sync.timeout = 10s (default)
2019-08-03 03:58:14,814 INFO  server.RaftServerConfigKeys (ConfUtils.java:logGet(43)) - raft.server.log.segment.cache.num.max = 2 (custom)
2019-08-03 03:58:14,815 INFO  server.RaftServerConfigKeys (ConfUtils.java:logGet(43)) - raft.server.log.statemachine.data.sync.timeout.retry = -1 (default)
2019-08-03 03:58:14,814 INFO  segmented.SegmentedRaftLogWorker (SegmentedRaftLogWorker.java:<init>(172)) - new 69331003-cddb-42ee-ad4e-77b03e66d0a1-SegmentedRaftLogWorker:Storage Directory /workdir/hadoop-ozone/integration-test/target/test-dir/MiniOzoneClusterImpl-b706123f-942e-41da-8ebc-47ffff3e32b4/datanode-4/data/ratis/2081d7ba-64da-4fcc-af41-08fb9342286a for RaftStorage:Storage Directory /workdir/hadoop-ozone/integration-test/target/test-dir/MiniOzoneClusterImpl-b706123f-942e-41da-8ebc-47ffff3e32b4/datanode-4/data/ratis/2081d7ba-64da-4fcc-af41-08fb9342286a
2019-08-03 03:58:14,815 INFO  server.RaftServerConfigKeys (ConfUtils.java:logGet(43)) - raft.server.log.statemachine.data.caching.enabled = true (custom)
2019-08-03 03:58:14,815 INFO  segmented.SegmentedRaftLogWorker (SegmentedRaftLogWorker.java:<init>(172)) - new c84dfb69-4bc6-4eb4-8f14-bfffd2ccdf82-SegmentedRaftLogWorker:Storage Directory /workdir/hadoop-ozone/integration-test/target/test-dir/MiniOzoneClusterImpl-b706123f-942e-41da-8ebc-47ffff3e32b4/datanode-3/data/ratis/2081d7ba-64da-4fcc-af41-08fb9342286a for RaftStorage:Storage Directory /workdir/hadoop-ozone/integration-test/target/test-dir/MiniOzoneClusterImpl-b706123f-942e-41da-8ebc-47ffff3e32b4/datanode-3/data/ratis/2081d7ba-64da-4fcc-af41-08fb9342286a
2019-08-03 03:58:14,815 INFO  server.RaftServerConfigKeys (ConfUtils.java:logGet(43)) - raft.server.log.queue.byte-limit = 2147483647 (custom)
2019-08-03 03:58:14,815 INFO  segmented.SegmentedRaftLogWorker (SegmentedRaftLogWorker.java:lambda$new$0(132)) - 956d6195-2268-40b6-a07e-4f11e91c0f03-SegmentedRaftLogWorker:Storage Directory /workdir/hadoop-ozone/integration-test/target/test-dir/MiniOzoneClusterImpl-b706123f-942e-41da-8ebc-47ffff3e32b4/datanode-5/data/ratis/2081d7ba-64da-4fcc-af41-08fb9342286a: flushIndex: setUnconditionally 0 -> -1
2019-08-03 03:58:14,815 INFO  server.RaftServerConfigKeys (ConfUtils.java:logGet(43)) - raft.server.log.queue.byte-limit = 2147483647 (custom)
2019-08-03 03:58:14,815 INFO  server.RaftServerConfigKeys (ConfUtils.java:logGet(43)) - raft.server.log.queue.element-limit = 1024 (custom)
2019-08-03 03:58:14,816 INFO  server.RaftServerConfigKeys (ConfUtils.java:logGet(43)) - raft.server.snapshot.auto.trigger.enabled = true (custom)
2019-08-03 03:58:14,816 INFO  server.RaftServerConfigKeys (ConfUtils.java:logGet(43)) - raft.server.log.queue.element-limit = 1024 (custom)
2019-08-03 03:58:14,816 INFO  server.RaftServerConfigKeys (ConfUtils.java:logGet(43)) - raft.server.snapshot.auto.trigger.threshold = 10000 (custom)
2019-08-03 03:58:14,816 INFO  server.RaftServerConfigKeys (ConfUtils.java:logGet(43)) - raft.server.log.segment.size.max = 1048576 (custom)
2019-08-03 03:58:14,816 INFO  server.RaftServerConfigKeys (ConfUtils.java:logGet(43)) - raft.server.retrycache.expirytime = 600000ms (custom)
2019-08-03 03:58:14,816 INFO  server.RaftServerConfigKeys (ConfUtils.java:logGet(43)) - raft.server.log.segment.size.max = 1048576 (custom)
2019-08-03 03:58:14,817 INFO  server.RaftServerConfigKeys (ConfUtils.java:logGet(43)) - raft.server.log.preallocated.size = 16384 (custom)
2019-08-03 03:58:14,817 INFO  server.RaftServerConfigKeys (ConfUtils.java:logGet(43)) - raft.server.log.preallocated.size = 16384 (custom)
2019-08-03 03:58:14,817 INFO  impl.RaftServerImpl (RaftServerImpl.java:start(180)) - 956d6195-2268-40b6-a07e-4f11e91c0f03: start group-08FB9342286A
2019-08-03 03:58:14,817 INFO  server.RaftServerConfigKeys (ConfUtils.java:logGet(43)) - raft.server.log.write.buffer.size = 33554432 (custom)
2019-08-03 03:58:14,817 INFO  server.RaftServerConfigKeys (ConfUtils.java:logGet(43)) - raft.server.log.write.buffer.size = 33554432 (custom)
2019-08-03 03:58:14,817 INFO  server.RaftServerConfigKeys (ConfUtils.java:logGet(43)) - raft.server.log.force.sync.num = 128 (default)
2019-08-03 03:58:14,817 INFO  impl.RaftServerImpl (RaftServerImpl.java:setRole(171)) - 956d6195-2268-40b6-a07e-4f11e91c0f03:group-08FB9342286A changes role from null to FOLLOWER at term 0 for startAsFollower
2019-08-03 03:58:14,818 INFO  server.RaftServerConfigKeys (ConfUtils.java:logGet(43)) - raft.server.log.statemachine.data.sync = true (default)
2019-08-03 03:58:14,818 INFO  server.RaftServerConfigKeys (ConfUtils.java:logGet(43)) - raft.server.log.statemachine.data.sync.timeout = 10s (default)
2019-08-03 03:58:14,818 INFO  server.RaftServerConfigKeys (ConfUtils.java:logGet(43)) - raft.server.log.force.sync.num = 128 (default)
2019-08-03 03:58:14,818 INFO  server.RaftServerConfigKeys (ConfUtils.java:logGet(43)) - raft.server.log.statemachine.data.sync.timeout.retry = -1 (default)
2019-08-03 03:58:14,818 INFO  impl.RoleInfo (RoleInfo.java:updateAndGet(143)) - 956d6195-2268-40b6-a07e-4f11e91c0f03: start FollowerState
2019-08-03 03:58:14,819 INFO  server.RaftServerConfigKeys (ConfUtils.java:logGet(43)) - raft.server.log.statemachine.data.caching.enabled = true (custom)
2019-08-03 03:58:14,818 INFO  server.RaftServerConfigKeys (ConfUtils.java:logGet(43)) - raft.server.log.statemachine.data.sync = true (default)
2019-08-03 03:58:14,819 INFO  segmented.SegmentedRaftLogWorker (SegmentedRaftLogWorker.java:lambda$new$0(132)) - c84dfb69-4bc6-4eb4-8f14-bfffd2ccdf82-SegmentedRaftLogWorker:Storage Directory /workdir/hadoop-ozone/integration-test/target/test-dir/MiniOzoneClusterImpl-b706123f-942e-41da-8ebc-47ffff3e32b4/datanode-3/data/ratis/2081d7ba-64da-4fcc-af41-08fb9342286a: flushIndex: setUnconditionally 0 -> -1
2019-08-03 03:58:14,819 INFO  util.JmxRegister (JmxRegister.java:tryRegister(44)) - Successfully registered JMX Bean with object name Ratis:service=RaftServer,group=group-08FB9342286A,id=956d6195-2268-40b6-a07e-4f11e91c0f03
2019-08-03 03:58:14,819 INFO  server.RaftServerConfigKeys (ConfUtils.java:logGet(43)) - raft.server.log.statemachine.data.sync.timeout = 10s (default)
2019-08-03 03:58:14,819 INFO  server.RaftServerConfigKeys (ConfUtils.java:logGet(43)) - raft.server.snapshot.auto.trigger.enabled = true (custom)
2019-08-03 03:58:14,820 INFO  server.RaftServerConfigKeys (ConfUtils.java:logGet(43)) - raft.server.log.statemachine.data.sync.timeout.retry = -1 (default)
2019-08-03 03:58:14,820 INFO  server.RaftServerConfigKeys (ConfUtils.java:logGet(43)) - raft.server.snapshot.auto.trigger.threshold = 10000 (custom)
2019-08-03 03:58:14,820 INFO  server.RaftServerConfigKeys (ConfUtils.java:logGet(43)) - raft.server.log.statemachine.data.caching.enabled = true (custom)
2019-08-03 03:58:14,820 INFO  server.RaftServerConfigKeys (ConfUtils.java:logGet(43)) - raft.server.retrycache.expirytime = 600000ms (custom)
2019-08-03 03:58:14,820 INFO  segmented.SegmentedRaftLogWorker (SegmentedRaftLogWorker.java:lambda$new$0(132)) - 69331003-cddb-42ee-ad4e-77b03e66d0a1-SegmentedRaftLogWorker:Storage Directory /workdir/hadoop-ozone/integration-test/target/test-dir/MiniOzoneClusterImpl-b706123f-942e-41da-8ebc-47ffff3e32b4/datanode-4/data/ratis/2081d7ba-64da-4fcc-af41-08fb9342286a: flushIndex: setUnconditionally 0 -> -1
2019-08-03 03:58:14,820 INFO  impl.RaftServerImpl (RaftServerImpl.java:start(180)) - c84dfb69-4bc6-4eb4-8f14-bfffd2ccdf82: start group-08FB9342286A
2019-08-03 03:58:14,821 INFO  impl.RaftServerImpl (RaftServerImpl.java:setRole(171)) - c84dfb69-4bc6-4eb4-8f14-bfffd2ccdf82:group-08FB9342286A changes role from null to FOLLOWER at term 0 for startAsFollower
2019-08-03 03:58:14,821 INFO  server.RaftServerConfigKeys (ConfUtils.java:logGet(43)) - raft.server.snapshot.auto.trigger.enabled = true (custom)
2019-08-03 03:58:14,821 INFO  impl.RoleInfo (RoleInfo.java:updateAndGet(143)) - c84dfb69-4bc6-4eb4-8f14-bfffd2ccdf82: start FollowerState
2019-08-03 03:58:14,821 INFO  server.RaftServerConfigKeys (ConfUtils.java:logGet(43)) - raft.server.snapshot.auto.trigger.threshold = 10000 (custom)
2019-08-03 03:58:14,821 INFO  server.RaftServerConfigKeys (ConfUtils.java:logGet(43)) - raft.server.retrycache.expirytime = 600000ms (custom)
2019-08-03 03:58:14,821 INFO  util.JmxRegister (JmxRegister.java:tryRegister(44)) - Successfully registered JMX Bean with object name Ratis:service=RaftServer,group=group-08FB9342286A,id=c84dfb69-4bc6-4eb4-8f14-bfffd2ccdf82
2019-08-03 03:58:14,822 INFO  impl.RaftServerImpl (RaftServerImpl.java:start(180)) - 69331003-cddb-42ee-ad4e-77b03e66d0a1: start group-08FB9342286A
2019-08-03 03:58:14,822 INFO  impl.RaftServerImpl (RaftServerImpl.java:setRole(171)) - 69331003-cddb-42ee-ad4e-77b03e66d0a1:group-08FB9342286A changes role from null to FOLLOWER at term 0 for startAsFollower
2019-08-03 03:58:14,822 INFO  impl.RoleInfo (RoleInfo.java:updateAndGet(143)) - 69331003-cddb-42ee-ad4e-77b03e66d0a1: start FollowerState
2019-08-03 03:58:14,823 INFO  util.JmxRegister (JmxRegister.java:tryRegister(44)) - Successfully registered JMX Bean with object name Ratis:service=RaftServer,group=group-08FB9342286A,id=69331003-cddb-42ee-ad4e-77b03e66d0a1
2019-08-03 03:58:14,826 INFO  pipeline.PipelineStateManager (PipelineStateManager.java:addPipeline(56)) - Created pipeline Pipeline[ Id: 2081d7ba-64da-4fcc-af41-08fb9342286a, Nodes: c84dfb69-4bc6-4eb4-8f14-bfffd2ccdf82{ip: 192.168.5.147, host: byscane-nightly-b86qh-2100283676, networkLocation: /default-rack, certSerialId: null}956d6195-2268-40b6-a07e-4f11e91c0f03{ip: 192.168.5.147, host: byscane-nightly-b86qh-2100283676, networkLocation: /default-rack, certSerialId: null}69331003-cddb-42ee-ad4e-77b03e66d0a1{ip: 192.168.5.147, host: byscane-nightly-b86qh-2100283676, networkLocation: /default-rack, certSerialId: null}, Type:RATIS, Factor:THREE, State:OPEN]
2019-08-03 03:58:14,944 INFO  ozone.MiniOzoneClusterImpl (MiniOzoneClusterImpl.java:lambda$waitForClusterToBeReady$0(142)) - Waiting for cluster to be ready. Got 6 of 7 DN Heartbeats.
2019-08-03 03:58:14,946 INFO  net.NetworkTopology (NetworkTopologyImpl.java:add(110)) - Added a new node: /default-rack/bff501fd-9d46-4f24-9f03-c4dde58a1051
2019-08-03 03:58:14,947 INFO  node.SCMNodeManager (SCMNodeManager.java:register(273)) - Registered Data node : bff501fd-9d46-4f24-9f03-c4dde58a1051{ip: 192.168.5.147, host: byscane-nightly-b86qh-2100283676, networkLocation: /default-rack, certSerialId: null}
2019-08-03 03:58:14,961 INFO  impl.RaftServerProxy (RaftServerProxy.java:addNew(89)) - bff501fd-9d46-4f24-9f03-c4dde58a1051: addNew group-53560E8DFDC0:[bff501fd-9d46-4f24-9f03-c4dde58a1051:192.168.5.147:45887] returns group-53560E8DFDC0:java.util.concurrent.CompletableFuture@1199ae96[Not completed]
2019-08-03 03:58:14,968 INFO  impl.RaftServerImpl (RaftServerImpl.java:<init>(93)) - bff501fd-9d46-4f24-9f03-c4dde58a1051: new RaftServerImpl for group-53560E8DFDC0:[bff501fd-9d46-4f24-9f03-c4dde58a1051:192.168.5.147:45887] with ContainerStateMachine:uninitialized
2019-08-03 03:58:14,968 INFO  server.RaftServerConfigKeys (ConfUtils.java:logGet(43)) - raft.server.rpc.timeout.min = 5s (custom)
2019-08-03 03:58:14,968 INFO  server.RaftServerConfigKeys (ConfUtils.java:logGet(43)) - raft.server.rpc.timeout.max = 5200ms (custom)
2019-08-03 03:58:14,968 INFO  server.RaftServerConfigKeys (ConfUtils.java:logGet(43)) - raft.server.rpcslowness.timeout = 120s (custom)
2019-08-03 03:58:14,969 INFO  server.RaftServerConfigKeys (ConfUtils.java:logGet(43)) - raft.server.sleep.deviation.threshold = 300 (default)
2019-08-03 03:58:14,969 INFO  server.RaftServerConfigKeys (ConfUtils.java:logGet(43)) - raft.server.log.appender.install.snapshot.enabled = false (custom)
2019-08-03 03:58:14,969 INFO  impl.RaftServerImpl (ServerState.java:<init>(105)) - bff501fd-9d46-4f24-9f03-c4dde58a1051:group-53560E8DFDC0 ConfigurationManager, init=-1: [bff501fd-9d46-4f24-9f03-c4dde58a1051:192.168.5.147:45887], old=null, confs=<EMPTY_MAP>
2019-08-03 03:58:14,969 INFO  server.RaftServerConfigKeys (ConfUtils.java:logGet(43)) - raft.server.storage.dir = [/workdir/hadoop-ozone/integration-test/target/test-dir/MiniOzoneClusterImpl-b706123f-942e-41da-8ebc-47ffff3e32b4/datanode-6/data/ratis] (custom)
2019-08-03 03:58:14,970 INFO  storage.RaftStorageDirectory (RaftStorageDirectory.java:analyzeStorage(246)) - The storage directory /workdir/hadoop-ozone/integration-test/target/test-dir/MiniOzoneClusterImpl-b706123f-942e-41da-8ebc-47ffff3e32b4/datanode-6/data/ratis/90323269-49cf-42a0-8d65-53560e8dfdc0 does not exist. Creating ...
2019-08-03 03:58:14,982 INFO  storage.RaftStorageDirectory (RaftStorageDirectory.java:tryLock(328)) - Lock on /workdir/hadoop-ozone/integration-test/target/test-dir/MiniOzoneClusterImpl-b706123f-942e-41da-8ebc-47ffff3e32b4/datanode-6/data/ratis/90323269-49cf-42a0-8d65-53560e8dfdc0/in_use.lock acquired by nodename 11786@byscane-nightly-b86qh-2100283676
2019-08-03 03:58:14,986 INFO  storage.RaftStorage (RaftStorage.java:format(72)) - Storage directory /workdir/hadoop-ozone/integration-test/target/test-dir/MiniOzoneClusterImpl-b706123f-942e-41da-8ebc-47ffff3e32b4/datanode-6/data/ratis/90323269-49cf-42a0-8d65-53560e8dfdc0 has been successfully formatted.
2019-08-03 03:58:14,986 INFO  ratis.ContainerStateMachine (ContainerStateMachine.java:loadSnapshot(213)) - group-53560E8DFDC0: The snapshot info is null. Setting the last applied indexto:(t:0, i:~)
2019-08-03 03:58:14,986 INFO  server.RaftServerConfigKeys (ConfUtils.java:logGet(43)) - raft.server.leader.election.timeout = 120s (custom)
2019-08-03 03:58:14,987 INFO  server.RaftServerConfigKeys (ConfUtils.java:logGet(43)) - raft.server.log.use.memory = false (default)
2019-08-03 03:58:14,987 INFO  server.RaftServerConfigKeys (ConfUtils.java:logGet(43)) - raft.server.log.purge.gap = 1000000000 (custom)
2019-08-03 03:58:14,987 INFO  server.RaftServerConfigKeys (ConfUtils.java:logGet(43)) - raft.server.log.appender.buffer.byte-limit = 33554432 (custom)
2019-08-03 03:58:14,987 INFO  server.RaftServerConfigKeys (ConfUtils.java:logGet(43)) - raft.server.log.segment.size.max = 1048576 (custom)
2019-08-03 03:58:14,987 INFO  server.RaftServerConfigKeys (ConfUtils.java:logGet(43)) - raft.server.log.segment.cache.num.max = 2 (custom)
2019-08-03 03:58:14,988 INFO  segmented.SegmentedRaftLogWorker (SegmentedRaftLogWorker.java:<init>(172)) - new bff501fd-9d46-4f24-9f03-c4dde58a1051-SegmentedRaftLogWorker:Storage Directory /workdir/hadoop-ozone/integration-test/target/test-dir/MiniOzoneClusterImpl-b706123f-942e-41da-8ebc-47ffff3e32b4/datanode-6/data/ratis/90323269-49cf-42a0-8d65-53560e8dfdc0 for RaftStorage:Storage Directory /workdir/hadoop-ozone/integration-test/target/test-dir/MiniOzoneClusterImpl-b706123f-942e-41da-8ebc-47ffff3e32b4/datanode-6/data/ratis/90323269-49cf-42a0-8d65-53560e8dfdc0
2019-08-03 03:58:14,988 INFO  server.RaftServerConfigKeys (ConfUtils.java:logGet(43)) - raft.server.log.queue.byte-limit = 2147483647 (custom)
2019-08-03 03:58:14,988 INFO  server.RaftServerConfigKeys (ConfUtils.java:logGet(43)) - raft.server.log.queue.element-limit = 1024 (custom)
2019-08-03 03:58:14,988 INFO  server.RaftServerConfigKeys (ConfUtils.java:logGet(43)) - raft.server.log.segment.size.max = 1048576 (custom)
2019-08-03 03:58:14,988 INFO  server.RaftServerConfigKeys (ConfUtils.java:logGet(43)) - raft.server.log.preallocated.size = 16384 (custom)
2019-08-03 03:58:14,989 INFO  server.RaftServerConfigKeys (ConfUtils.java:logGet(43)) - raft.server.log.write.buffer.size = 33554432 (custom)
2019-08-03 03:58:14,989 INFO  server.RaftServerConfigKeys (ConfUtils.java:logGet(43)) - raft.server.log.force.sync.num = 128 (default)
2019-08-03 03:58:14,989 INFO  server.RaftServerConfigKeys (ConfUtils.java:logGet(43)) - raft.server.log.statemachine.data.sync = true (default)
2019-08-03 03:58:14,989 INFO  server.RaftServerConfigKeys (ConfUtils.java:logGet(43)) - raft.server.log.statemachine.data.sync.timeout = 10s (default)
2019-08-03 03:58:14,989 INFO  server.RaftServerConfigKeys (ConfUtils.java:logGet(43)) - raft.server.log.statemachine.data.sync.timeout.retry = -1 (default)
2019-08-03 03:58:14,990 INFO  server.RaftServerConfigKeys (ConfUtils.java:logGet(43)) - raft.server.log.statemachine.data.caching.enabled = true (custom)
2019-08-03 03:58:14,990 INFO  segmented.SegmentedRaftLogWorker (SegmentedRaftLogWorker.java:lambda$new$0(132)) - bff501fd-9d46-4f24-9f03-c4dde58a1051-SegmentedRaftLogWorker:Storage Directory /workdir/hadoop-ozone/integration-test/target/test-dir/MiniOzoneClusterImpl-b706123f-942e-41da-8ebc-47ffff3e32b4/datanode-6/data/ratis/90323269-49cf-42a0-8d65-53560e8dfdc0: flushIndex: setUnconditionally 0 -> -1
2019-08-03 03:58:14,991 INFO  server.RaftServerConfigKeys (ConfUtils.java:logGet(43)) - raft.server.snapshot.auto.trigger.enabled = true (custom)
2019-08-03 03:58:14,991 INFO  server.RaftServerConfigKeys (ConfUtils.java:logGet(43)) - raft.server.snapshot.auto.trigger.threshold = 10000 (custom)
2019-08-03 03:58:14,991 INFO  server.RaftServerConfigKeys (ConfUtils.java:logGet(43)) - raft.server.retrycache.expirytime = 600000ms (custom)
2019-08-03 03:58:14,991 INFO  impl.RaftServerImpl (RaftServerImpl.java:start(180)) - bff501fd-9d46-4f24-9f03-c4dde58a1051: start group-53560E8DFDC0
2019-08-03 03:58:14,991 INFO  impl.RaftServerImpl (RaftServerImpl.java:setRole(171)) - bff501fd-9d46-4f24-9f03-c4dde58a1051:group-53560E8DFDC0 changes role from null to FOLLOWER at term 0 for startAsFollower
2019-08-03 03:58:14,992 INFO  impl.RoleInfo (RoleInfo.java:updateAndGet(143)) - bff501fd-9d46-4f24-9f03-c4dde58a1051: start FollowerState
2019-08-03 03:58:14,992 INFO  util.JmxRegister (JmxRegister.java:tryRegister(44)) - Successfully registered JMX Bean with object name Ratis:service=RaftServer,group=group-53560E8DFDC0,id=bff501fd-9d46-4f24-9f03-c4dde58a1051
2019-08-03 03:58:14,996 INFO  pipeline.PipelineStateManager (PipelineStateManager.java:addPipeline(56)) - Created pipeline Pipeline[ Id: 90323269-49cf-42a0-8d65-53560e8dfdc0, Nodes: bff501fd-9d46-4f24-9f03-c4dde58a1051{ip: 192.168.5.147, host: byscane-nightly-b86qh-2100283676, networkLocation: /default-rack, certSerialId: null}, Type:RATIS, Factor:ONE, State:OPEN]
2019-08-03 03:58:15,944 INFO  ozone.MiniOzoneClusterImpl (MiniOzoneClusterImpl.java:lambda$waitForClusterToBeReady$0(142)) - Cluster is ready. Got 7 of 7 DN Heartbeats.
2019-08-03 03:58:15,996 INFO  rpc.RpcClient (RpcClient.java:createVolume(288)) - Creating Volume: testblockoutputstreamwithretries, with jenkins1000 as owner.
2019-08-03 03:58:16,013 INFO  rpc.RpcClient (RpcClient.java:createBucket(425)) - Creating Bucket: testblockoutputstreamwithretries/testblockoutputstreamwithretries, with Versioning false and Storage Type set to DISK and Encryption set to false 
2019-08-03 03:58:16,059 INFO  client.GrpcClientProtocolClient (GrpcClientProtocolClient.java:onNext(255)) - client-3BFC9768BA2A->c84dfb69-4bc6-4eb4-8f14-bfffd2ccdf82: receive RaftClientReply:client-3BFC9768BA2A->c84dfb69-4bc6-4eb4-8f14-bfffd2ccdf82@group-08FB9342286A, cid=42, FAILED org.apache.ratis.protocol.NotLeaderException: Server c84dfb69-4bc6-4eb4-8f14-bfffd2ccdf82 is not the leader (null). Request must be sent to leader., logIndex=0, commits[c84dfb69-4bc6-4eb4-8f14-bfffd2ccdf82:c-1]
2019-08-03 03:58:16,609 INFO  container.ReplicationManager (ReplicationManager.java:start(155)) - Starting Replication Monitor Thread.
2019-08-03 03:58:16,613 INFO  container.ReplicationManager (ReplicationManager.java:run(207)) - Replication Monitor Thread took 0 milliseconds for processing 3 containers.
2019-08-03 03:58:17,088 INFO  client.GrpcClientProtocolClient (GrpcClientProtocolClient.java:onNext(255)) - client-3BFC9768BA2A->956d6195-2268-40b6-a07e-4f11e91c0f03: receive RaftClientReply:client-3BFC9768BA2A->956d6195-2268-40b6-a07e-4f11e91c0f03@group-08FB9342286A, cid=42, FAILED org.apache.ratis.protocol.NotLeaderException: Server 956d6195-2268-40b6-a07e-4f11e91c0f03 is not the leader (null). Request must be sent to leader., logIndex=0, commits[956d6195-2268-40b6-a07e-4f11e91c0f03:c-1]
2019-08-03 03:58:18,113 INFO  client.GrpcClientProtocolClient (GrpcClientProtocolClient.java:onNext(255)) - client-3BFC9768BA2A->69331003-cddb-42ee-ad4e-77b03e66d0a1: receive RaftClientReply:client-3BFC9768BA2A->69331003-cddb-42ee-ad4e-77b03e66d0a1@group-08FB9342286A, cid=42, FAILED org.apache.ratis.protocol.NotLeaderException: Server 69331003-cddb-42ee-ad4e-77b03e66d0a1 is not the leader (null). Request must be sent to leader., logIndex=0, commits[69331003-cddb-42ee-ad4e-77b03e66d0a1:c-1]
2019-08-03 03:58:18,705 INFO  impl.FollowerState (FollowerState.java:run(106)) - f621b505-b5c7-479f-8586-0b112ca88440:group-82DD4EBBBF4D changes to CANDIDATE, lastRpcTime:5056, electionTimeout:5056ms
2019-08-03 03:58:18,706 INFO  impl.RoleInfo (RoleInfo.java:shutdownFollowerState(121)) - f621b505-b5c7-479f-8586-0b112ca88440: shutdown FollowerState
2019-08-03 03:58:18,706 INFO  impl.RaftServerImpl (RaftServerImpl.java:setRole(171)) - f621b505-b5c7-479f-8586-0b112ca88440:group-82DD4EBBBF4D changes role from FOLLOWER to CANDIDATE at term 0 for changeToCandidate
2019-08-03 03:58:18,706 INFO  impl.RoleInfo (RoleInfo.java:updateAndGet(143)) - f621b505-b5c7-479f-8586-0b112ca88440: start LeaderElection
2019-08-03 03:58:18,735 INFO  impl.LeaderElection (LeaderElection.java:askForVotes(181)) - f621b505-b5c7-479f-8586-0b112ca88440:group-82DD4EBBBF4D:LeaderElection18: begin an election at term 1 for -1: [f621b505-b5c7-479f-8586-0b112ca88440:192.168.5.147:37877], old=null
2019-08-03 03:58:18,735 INFO  impl.RoleInfo (RoleInfo.java:shutdownLeaderElection(134)) - f621b505-b5c7-479f-8586-0b112ca88440: shutdown LeaderElection
2019-08-03 03:58:18,735 INFO  impl.RaftServerImpl (RaftServerImpl.java:setRole(171)) - f621b505-b5c7-479f-8586-0b112ca88440:group-82DD4EBBBF4D changes role from CANDIDATE to LEADER at term 1 for changeToLeader
2019-08-03 03:58:18,735 INFO  impl.RaftServerImpl (ServerState.java:setLeader(263)) - f621b505-b5c7-479f-8586-0b112ca88440:group-82DD4EBBBF4D change Leader from null to f621b505-b5c7-479f-8586-0b112ca88440 at term 1 for becomeLeader, leader elected after 5092ms
2019-08-03 03:58:18,738 INFO  server.RaftServerConfigKeys (ConfUtils.java:logGet(43)) - raft.server.staging.catchup.gap = 1000 (default)
2019-08-03 03:58:18,738 INFO  server.RaftServerConfigKeys (ConfUtils.java:logGet(43)) - raft.server.rpc.sleep.time = 25ms (default)
2019-08-03 03:58:18,739 INFO  server.RaftServerConfigKeys (ConfUtils.java:logGet(43)) - raft.server.write.element-limit = 4096 (default)
2019-08-03 03:58:18,739 INFO  server.RaftServerConfigKeys (ConfUtils.java:logGet(43)) - raft.server.watch.timeout = 10s (default)
2019-08-03 03:58:18,739 INFO  server.RaftServerConfigKeys (ConfUtils.java:logGet(43)) - raft.server.watch.timeout.denomination = 1s (default)
2019-08-03 03:58:18,739 INFO  server.RaftServerConfigKeys (ConfUtils.java:logGet(43)) - raft.server.watch.element-limit = 65536 (default)
2019-08-03 03:58:18,740 INFO  impl.RoleInfo (RoleInfo.java:updateAndGet(143)) - f621b505-b5c7-479f-8586-0b112ca88440: start LeaderState
2019-08-03 03:58:18,741 INFO  segmented.SegmentedRaftLogWorker (SegmentedRaftLogWorker.java:startLogSegment(380)) - f621b505-b5c7-479f-8586-0b112ca88440-SegmentedRaftLogWorker:Storage Directory /workdir/hadoop-ozone/integration-test/target/test-dir/MiniOzoneClusterImpl-b706123f-942e-41da-8ebc-47ffff3e32b4/datanode-0/data/ratis/2fd0b130-23cc-4226-bb22-82dd4ebbbf4d: Starting segment from index:0
2019-08-03 03:58:18,742 INFO  impl.RaftServerImpl (ServerState.java:setRaftConf(361)) - f621b505-b5c7-479f-8586-0b112ca88440:group-82DD4EBBBF4D set configuration 0: [f621b505-b5c7-479f-8586-0b112ca88440:192.168.5.147:37877], old=null at 0
2019-08-03 03:58:18,787 INFO  segmented.SegmentedRaftLogWorker (SegmentedRaftLogWorker.java:execute(569)) - f621b505-b5c7-479f-8586-0b112ca88440-SegmentedRaftLogWorker:Storage Directory /workdir/hadoop-ozone/integration-test/target/test-dir/MiniOzoneClusterImpl-b706123f-942e-41da-8ebc-47ffff3e32b4/datanode-0/data/ratis/2fd0b130-23cc-4226-bb22-82dd4ebbbf4d: created new log segment /workdir/hadoop-ozone/integration-test/target/test-dir/MiniOzoneClusterImpl-b706123f-942e-41da-8ebc-47ffff3e32b4/datanode-0/data/ratis/2fd0b130-23cc-4226-bb22-82dd4ebbbf4d/current/log_inprogress_0
2019-08-03 03:58:18,936 INFO  impl.FollowerState (FollowerState.java:run(106)) - 8b7da219-0df9-4e02-922d-b4c8bf36f5dc:group-F6E30CB2EFCF changes to CANDIDATE, lastRpcTime:5122, electionTimeout:5122ms
2019-08-03 03:58:18,936 INFO  impl.RoleInfo (RoleInfo.java:shutdownFollowerState(121)) - 8b7da219-0df9-4e02-922d-b4c8bf36f5dc: shutdown FollowerState
2019-08-03 03:58:18,936 INFO  impl.RaftServerImpl (RaftServerImpl.java:setRole(171)) - 8b7da219-0df9-4e02-922d-b4c8bf36f5dc:group-F6E30CB2EFCF changes role from FOLLOWER to CANDIDATE at term 0 for changeToCandidate
2019-08-03 03:58:18,936 INFO  impl.RoleInfo (RoleInfo.java:updateAndGet(143)) - 8b7da219-0df9-4e02-922d-b4c8bf36f5dc: start LeaderElection
2019-08-03 03:58:18,955 INFO  impl.LeaderElection (LeaderElection.java:askForVotes(181)) - 8b7da219-0df9-4e02-922d-b4c8bf36f5dc:group-F6E30CB2EFCF:LeaderElection19: begin an election at term 1 for -1: [8b7da219-0df9-4e02-922d-b4c8bf36f5dc:192.168.5.147:37429], old=null
2019-08-03 03:58:18,955 INFO  impl.RoleInfo (RoleInfo.java:shutdownLeaderElection(134)) - 8b7da219-0df9-4e02-922d-b4c8bf36f5dc: shutdown LeaderElection
2019-08-03 03:58:18,955 INFO  impl.RaftServerImpl (RaftServerImpl.java:setRole(171)) - 8b7da219-0df9-4e02-922d-b4c8bf36f5dc:group-F6E30CB2EFCF changes role from CANDIDATE to LEADER at term 1 for changeToLeader
2019-08-03 03:58:18,955 INFO  impl.RaftServerImpl (ServerState.java:setLeader(263)) - 8b7da219-0df9-4e02-922d-b4c8bf36f5dc:group-F6E30CB2EFCF change Leader from null to 8b7da219-0df9-4e02-922d-b4c8bf36f5dc at term 1 for becomeLeader, leader elected after 5147ms
2019-08-03 03:58:18,958 INFO  server.RaftServerConfigKeys (ConfUtils.java:logGet(43)) - raft.server.staging.catchup.gap = 1000 (default)
2019-08-03 03:58:18,958 INFO  server.RaftServerConfigKeys (ConfUtils.java:logGet(43)) - raft.server.rpc.sleep.time = 25ms (default)
2019-08-03 03:58:18,958 INFO  server.RaftServerConfigKeys (ConfUtils.java:logGet(43)) - raft.server.write.element-limit = 4096 (default)
2019-08-03 03:58:18,959 INFO  server.RaftServerConfigKeys (ConfUtils.java:logGet(43)) - raft.server.watch.timeout = 10s (default)
2019-08-03 03:58:18,959 INFO  server.RaftServerConfigKeys (ConfUtils.java:logGet(43)) - raft.server.watch.timeout.denomination = 1s (default)
2019-08-03 03:58:18,959 INFO  server.RaftServerConfigKeys (ConfUtils.java:logGet(43)) - raft.server.watch.element-limit = 65536 (default)
2019-08-03 03:58:18,959 INFO  impl.RoleInfo (RoleInfo.java:updateAndGet(143)) - 8b7da219-0df9-4e02-922d-b4c8bf36f5dc: start LeaderState
2019-08-03 03:58:18,960 INFO  segmented.SegmentedRaftLogWorker (SegmentedRaftLogWorker.java:startLogSegment(380)) - 8b7da219-0df9-4e02-922d-b4c8bf36f5dc-SegmentedRaftLogWorker:Storage Directory /workdir/hadoop-ozone/integration-test/target/test-dir/MiniOzoneClusterImpl-b706123f-942e-41da-8ebc-47ffff3e32b4/datanode-1/data/ratis/46e2c8fd-da50-4675-880d-f6e30cb2efcf: Starting segment from index:0
2019-08-03 03:58:18,960 INFO  impl.RaftServerImpl (ServerState.java:setRaftConf(361)) - 8b7da219-0df9-4e02-922d-b4c8bf36f5dc:group-F6E30CB2EFCF set configuration 0: [8b7da219-0df9-4e02-922d-b4c8bf36f5dc:192.168.5.147:37429], old=null at 0
2019-08-03 03:58:18,985 INFO  segmented.SegmentedRaftLogWorker (SegmentedRaftLogWorker.java:execute(569)) - 8b7da219-0df9-4e02-922d-b4c8bf36f5dc-SegmentedRaftLogWorker:Storage Directory /workdir/hadoop-ozone/integration-test/target/test-dir/MiniOzoneClusterImpl-b706123f-942e-41da-8ebc-47ffff3e32b4/datanode-1/data/ratis/46e2c8fd-da50-4675-880d-f6e30cb2efcf: created new log segment /workdir/hadoop-ozone/integration-test/target/test-dir/MiniOzoneClusterImpl-b706123f-942e-41da-8ebc-47ffff3e32b4/datanode-1/data/ratis/46e2c8fd-da50-4675-880d-f6e30cb2efcf/current/log_inprogress_0
2019-08-03 03:58:19,041 INFO  impl.FollowerState (FollowerState.java:run(106)) - a19a9959-3e57-49ad-8b3b-abbda9d8deb6:group-F52C941E60B7 changes to CANDIDATE, lastRpcTime:5027, electionTimeout:5027ms
2019-08-03 03:58:19,041 INFO  impl.RoleInfo (RoleInfo.java:shutdownFollowerState(121)) - a19a9959-3e57-49ad-8b3b-abbda9d8deb6: shutdown FollowerState
2019-08-03 03:58:19,041 INFO  impl.RaftServerImpl (RaftServerImpl.java:setRole(171)) - a19a9959-3e57-49ad-8b3b-abbda9d8deb6:group-F52C941E60B7 changes role from FOLLOWER to CANDIDATE at term 0 for changeToCandidate
2019-08-03 03:58:19,041 INFO  impl.RoleInfo (RoleInfo.java:updateAndGet(143)) - a19a9959-3e57-49ad-8b3b-abbda9d8deb6: start LeaderElection
2019-08-03 03:58:19,054 INFO  impl.LeaderElection (LeaderElection.java:askForVotes(181)) - a19a9959-3e57-49ad-8b3b-abbda9d8deb6:group-F52C941E60B7:LeaderElection20: begin an election at term 1 for -1: [a19a9959-3e57-49ad-8b3b-abbda9d8deb6:192.168.5.147:35973], old=null
2019-08-03 03:58:19,054 INFO  impl.RoleInfo (RoleInfo.java:shutdownLeaderElection(134)) - a19a9959-3e57-49ad-8b3b-abbda9d8deb6: shutdown LeaderElection
2019-08-03 03:58:19,054 INFO  impl.RaftServerImpl (RaftServerImpl.java:setRole(171)) - a19a9959-3e57-49ad-8b3b-abbda9d8deb6:group-F52C941E60B7 changes role from CANDIDATE to LEADER at term 1 for changeToLeader
2019-08-03 03:58:19,054 INFO  impl.RaftServerImpl (ServerState.java:setLeader(263)) - a19a9959-3e57-49ad-8b3b-abbda9d8deb6:group-F52C941E60B7 change Leader from null to a19a9959-3e57-49ad-8b3b-abbda9d8deb6 at term 1 for becomeLeader, leader elected after 5046ms
2019-08-03 03:58:19,057 INFO  server.RaftServerConfigKeys (ConfUtils.java:logGet(43)) - raft.server.staging.catchup.gap = 1000 (default)
2019-08-03 03:58:19,057 INFO  server.RaftServerConfigKeys (ConfUtils.java:logGet(43)) - raft.server.rpc.sleep.time = 25ms (default)
2019-08-03 03:58:19,057 INFO  server.RaftServerConfigKeys (ConfUtils.java:logGet(43)) - raft.server.write.element-limit = 4096 (default)
2019-08-03 03:58:19,058 INFO  server.RaftServerConfigKeys (ConfUtils.java:logGet(43)) - raft.server.watch.timeout = 10s (default)
2019-08-03 03:58:19,058 INFO  server.RaftServerConfigKeys (ConfUtils.java:logGet(43)) - raft.server.watch.timeout.denomination = 1s (default)
2019-08-03 03:58:19,058 INFO  server.RaftServerConfigKeys (ConfUtils.java:logGet(43)) - raft.server.watch.element-limit = 65536 (default)
2019-08-03 03:58:19,058 INFO  impl.RoleInfo (RoleInfo.java:updateAndGet(143)) - a19a9959-3e57-49ad-8b3b-abbda9d8deb6: start LeaderState
2019-08-03 03:58:19,058 INFO  segmented.SegmentedRaftLogWorker (SegmentedRaftLogWorker.java:startLogSegment(380)) - a19a9959-3e57-49ad-8b3b-abbda9d8deb6-SegmentedRaftLogWorker:Storage Directory /workdir/hadoop-ozone/integration-test/target/test-dir/MiniOzoneClusterImpl-b706123f-942e-41da-8ebc-47ffff3e32b4/datanode-2/data/ratis/f5141392-04f7-4ad2-875b-f52c941e60b7: Starting segment from index:0
2019-08-03 03:58:19,059 INFO  impl.RaftServerImpl (ServerState.java:setRaftConf(361)) - a19a9959-3e57-49ad-8b3b-abbda9d8deb6:group-F52C941E60B7 set configuration 0: [a19a9959-3e57-49ad-8b3b-abbda9d8deb6:192.168.5.147:35973], old=null at 0
2019-08-03 03:58:19,113 INFO  segmented.SegmentedRaftLogWorker (SegmentedRaftLogWorker.java:execute(569)) - a19a9959-3e57-49ad-8b3b-abbda9d8deb6-SegmentedRaftLogWorker:Storage Directory /workdir/hadoop-ozone/integration-test/target/test-dir/MiniOzoneClusterImpl-b706123f-942e-41da-8ebc-47ffff3e32b4/datanode-2/data/ratis/f5141392-04f7-4ad2-875b-f52c941e60b7: created new log segment /workdir/hadoop-ozone/integration-test/target/test-dir/MiniOzoneClusterImpl-b706123f-942e-41da-8ebc-47ffff3e32b4/datanode-2/data/ratis/f5141392-04f7-4ad2-875b-f52c941e60b7/current/log_inprogress_0
2019-08-03 03:58:19,147 INFO  client.GrpcClientProtocolClient (GrpcClientProtocolClient.java:onNext(255)) - client-3BFC9768BA2A->c84dfb69-4bc6-4eb4-8f14-bfffd2ccdf82: receive RaftClientReply:client-3BFC9768BA2A->c84dfb69-4bc6-4eb4-8f14-bfffd2ccdf82@group-08FB9342286A, cid=42, FAILED org.apache.ratis.protocol.NotLeaderException: Server c84dfb69-4bc6-4eb4-8f14-bfffd2ccdf82 is not the leader (null). Request must be sent to leader., logIndex=0, commits[c84dfb69-4bc6-4eb4-8f14-bfffd2ccdf82:c-1]
2019-08-03 03:58:19,174 INFO  impl.FollowerState (FollowerState.java:run(106)) - 8b7da219-0df9-4e02-922d-b4c8bf36f5dc:group-A46853D1419E changes to CANDIDATE, lastRpcTime:5111, electionTimeout:5109ms
2019-08-03 03:58:19,174 INFO  impl.RoleInfo (RoleInfo.java:shutdownFollowerState(121)) - 8b7da219-0df9-4e02-922d-b4c8bf36f5dc: shutdown FollowerState
2019-08-03 03:58:19,174 INFO  impl.FollowerState (FollowerState.java:run(106)) - a19a9959-3e57-49ad-8b3b-abbda9d8deb6:group-A46853D1419E changes to CANDIDATE, lastRpcTime:5094, electionTimeout:5085ms
2019-08-03 03:58:19,174 INFO  impl.RaftServerImpl (RaftServerImpl.java:setRole(171)) - 8b7da219-0df9-4e02-922d-b4c8bf36f5dc:group-A46853D1419E changes role from FOLLOWER to CANDIDATE at term 0 for changeToCandidate
2019-08-03 03:58:19,174 INFO  impl.RoleInfo (RoleInfo.java:shutdownFollowerState(121)) - a19a9959-3e57-49ad-8b3b-abbda9d8deb6: shutdown FollowerState
2019-08-03 03:58:19,174 INFO  impl.RoleInfo (RoleInfo.java:updateAndGet(143)) - 8b7da219-0df9-4e02-922d-b4c8bf36f5dc: start LeaderElection
2019-08-03 03:58:19,174 INFO  impl.RaftServerImpl (RaftServerImpl.java:setRole(171)) - a19a9959-3e57-49ad-8b3b-abbda9d8deb6:group-A46853D1419E changes role from FOLLOWER to CANDIDATE at term 0 for changeToCandidate
2019-08-03 03:58:19,175 INFO  impl.RoleInfo (RoleInfo.java:updateAndGet(143)) - a19a9959-3e57-49ad-8b3b-abbda9d8deb6: start LeaderElection
2019-08-03 03:58:19,199 INFO  impl.LeaderElection (LeaderElection.java:askForVotes(181)) - 8b7da219-0df9-4e02-922d-b4c8bf36f5dc:group-A46853D1419E:LeaderElection21: begin an election at term 1 for -1: [a19a9959-3e57-49ad-8b3b-abbda9d8deb6:192.168.5.147:35973, f621b505-b5c7-479f-8586-0b112ca88440:192.168.5.147:37877, 8b7da219-0df9-4e02-922d-b4c8bf36f5dc:192.168.5.147:37429], old=null
2019-08-03 03:58:19,199 INFO  impl.LeaderElection (LeaderElection.java:askForVotes(181)) - a19a9959-3e57-49ad-8b3b-abbda9d8deb6:group-A46853D1419E:LeaderElection22: begin an election at term 1 for -1: [a19a9959-3e57-49ad-8b3b-abbda9d8deb6:192.168.5.147:35973, f621b505-b5c7-479f-8586-0b112ca88440:192.168.5.147:37877, 8b7da219-0df9-4e02-922d-b4c8bf36f5dc:192.168.5.147:37429], old=null
2019-08-03 03:58:19,212 INFO  impl.RaftServerImpl (RaftServerImpl.java:setRole(171)) - f621b505-b5c7-479f-8586-0b112ca88440:group-A46853D1419E changes role from FOLLOWER to FOLLOWER at term 1 for recognizeCandidate:8b7da219-0df9-4e02-922d-b4c8bf36f5dc
2019-08-03 03:58:19,213 INFO  impl.RoleInfo (RoleInfo.java:shutdownFollowerState(121)) - f621b505-b5c7-479f-8586-0b112ca88440: shutdown FollowerState
2019-08-03 03:58:19,218 INFO  impl.RoleInfo (RoleInfo.java:updateAndGet(143)) - f621b505-b5c7-479f-8586-0b112ca88440: start FollowerState
2019-08-03 03:58:19,218 INFO  impl.FollowerState (FollowerState.java:run(114)) - f621b505-b5c7-479f-8586-0b112ca88440: FollowerState was interrupted: java.lang.InterruptedException: sleep interrupted
2019-08-03 03:58:19,232 INFO  impl.LeaderElection (LeaderElection.java:logAndReturn(56)) - a19a9959-3e57-49ad-8b3b-abbda9d8deb6:group-A46853D1419E:LeaderElection22: Election REJECTED; received 2 response(s) [a19a9959-3e57-49ad-8b3b-abbda9d8deb6<-f621b505-b5c7-479f-8586-0b112ca88440#0:FAIL-t1, a19a9959-3e57-49ad-8b3b-abbda9d8deb6<-8b7da219-0df9-4e02-922d-b4c8bf36f5dc#0:FAIL-t1] and 0 exception(s); a19a9959-3e57-49ad-8b3b-abbda9d8deb6:t1, leader=null, voted=a19a9959-3e57-49ad-8b3b-abbda9d8deb6, raftlog=a19a9959-3e57-49ad-8b3b-abbda9d8deb6-SegmentedRaftLog:OPENED:c-1,f-1,i0, conf=-1: [a19a9959-3e57-49ad-8b3b-abbda9d8deb6:192.168.5.147:35973, f621b505-b5c7-479f-8586-0b112ca88440:192.168.5.147:37877, 8b7da219-0df9-4e02-922d-b4c8bf36f5dc:192.168.5.147:37429], old=null
2019-08-03 03:58:19,232 INFO  impl.LeaderElection (LeaderElection.java:logAndReturn(56)) - 8b7da219-0df9-4e02-922d-b4c8bf36f5dc:group-A46853D1419E:LeaderElection21: Election PASSED; received 2 response(s) [8b7da219-0df9-4e02-922d-b4c8bf36f5dc<-a19a9959-3e57-49ad-8b3b-abbda9d8deb6#0:FAIL-t1, 8b7da219-0df9-4e02-922d-b4c8bf36f5dc<-f621b505-b5c7-479f-8586-0b112ca88440#0:OK-t1] and 0 exception(s); 8b7da219-0df9-4e02-922d-b4c8bf36f5dc:t1, leader=null, voted=8b7da219-0df9-4e02-922d-b4c8bf36f5dc, raftlog=8b7da219-0df9-4e02-922d-b4c8bf36f5dc-SegmentedRaftLog:OPENED:c-1,f-1,i0, conf=-1: [a19a9959-3e57-49ad-8b3b-abbda9d8deb6:192.168.5.147:35973, f621b505-b5c7-479f-8586-0b112ca88440:192.168.5.147:37877, 8b7da219-0df9-4e02-922d-b4c8bf36f5dc:192.168.5.147:37429], old=null
2019-08-03 03:58:19,232 INFO  impl.RaftServerImpl (RaftServerImpl.java:setRole(171)) - a19a9959-3e57-49ad-8b3b-abbda9d8deb6:group-A46853D1419E changes role from CANDIDATE to FOLLOWER at term 1 for DISCOVERED_A_NEW_TERM
2019-08-03 03:58:19,232 INFO  impl.RoleInfo (RoleInfo.java:shutdownLeaderElection(134)) - 8b7da219-0df9-4e02-922d-b4c8bf36f5dc: shutdown LeaderElection
2019-08-03 03:58:19,232 INFO  impl.RoleInfo (RoleInfo.java:shutdownLeaderElection(134)) - a19a9959-3e57-49ad-8b3b-abbda9d8deb6: shutdown LeaderElection
2019-08-03 03:58:19,232 INFO  impl.RaftServerImpl (RaftServerImpl.java:setRole(171)) - 8b7da219-0df9-4e02-922d-b4c8bf36f5dc:group-A46853D1419E changes role from CANDIDATE to LEADER at term 1 for changeToLeader
2019-08-03 03:58:19,233 INFO  impl.RoleInfo (RoleInfo.java:updateAndGet(143)) - a19a9959-3e57-49ad-8b3b-abbda9d8deb6: start FollowerState
2019-08-03 03:58:19,233 INFO  impl.RaftServerImpl (ServerState.java:setLeader(263)) - 8b7da219-0df9-4e02-922d-b4c8bf36f5dc:group-A46853D1419E change Leader from null to 8b7da219-0df9-4e02-922d-b4c8bf36f5dc at term 1 for becomeLeader, leader elected after 5179ms
2019-08-03 03:58:19,233 INFO  server.RaftServerConfigKeys (ConfUtils.java:logGet(43)) - raft.server.staging.catchup.gap = 1000 (default)
2019-08-03 03:58:19,233 INFO  server.RaftServerConfigKeys (ConfUtils.java:logGet(43)) - raft.server.rpc.sleep.time = 25ms (default)
2019-08-03 03:58:19,233 INFO  server.RaftServerConfigKeys (ConfUtils.java:logGet(43)) - raft.server.write.element-limit = 4096 (default)
2019-08-03 03:58:19,233 INFO  server.RaftServerConfigKeys (ConfUtils.java:logGet(43)) - raft.server.watch.timeout = 10s (default)
2019-08-03 03:58:19,233 INFO  server.RaftServerConfigKeys (ConfUtils.java:logGet(43)) - raft.server.watch.timeout.denomination = 1s (default)
2019-08-03 03:58:19,234 INFO  server.RaftServerConfigKeys (ConfUtils.java:logGet(43)) - raft.server.watch.element-limit = 65536 (default)
2019-08-03 03:58:19,234 INFO  server.RaftServerConfigKeys (ConfUtils.java:logGet(43)) - raft.server.log.appender.snapshot.chunk.size.max = 16MB (=16777216) (default)
2019-08-03 03:58:19,234 INFO  server.RaftServerConfigKeys (ConfUtils.java:logGet(43)) - raft.server.log.appender.buffer.byte-limit = 33554432 (custom)
2019-08-03 03:58:19,234 INFO  server.RaftServerConfigKeys (ConfUtils.java:logGet(43)) - raft.server.log.appender.buffer.element-limit = 1 (custom)
2019-08-03 03:58:19,234 INFO  grpc.GrpcConfigKeys$Server (ConfUtils.java:logGet(43)) - raft.grpc.server.leader.outstanding.appends.max = 128 (default)
2019-08-03 03:58:19,234 INFO  server.RaftServerConfigKeys (ConfUtils.java:logGet(43)) - raft.server.rpc.request.timeout = 3000ms (default)
2019-08-03 03:58:19,235 INFO  server.RaftServerConfigKeys (ConfUtils.java:logGet(43)) - raft.server.log.appender.install.snapshot.enabled = false (custom)
2019-08-03 03:58:19,235 INFO  server.RaftServerConfigKeys (ConfUtils.java:logGet(43)) - raft.server.log.appender.snapshot.chunk.size.max = 16MB (=16777216) (default)
2019-08-03 03:58:19,235 INFO  server.RaftServerConfigKeys (ConfUtils.java:logGet(43)) - raft.server.log.appender.buffer.byte-limit = 33554432 (custom)
2019-08-03 03:58:19,235 INFO  server.RaftServerConfigKeys (ConfUtils.java:logGet(43)) - raft.server.log.appender.buffer.element-limit = 1 (custom)
2019-08-03 03:58:19,235 INFO  grpc.GrpcConfigKeys$Server (ConfUtils.java:logGet(43)) - raft.grpc.server.leader.outstanding.appends.max = 128 (default)
2019-08-03 03:58:19,235 INFO  server.RaftServerConfigKeys (ConfUtils.java:logGet(43)) - raft.server.rpc.request.timeout = 3000ms (default)
2019-08-03 03:58:19,235 INFO  server.RaftServerConfigKeys (ConfUtils.java:logGet(43)) - raft.server.log.appender.install.snapshot.enabled = false (custom)
2019-08-03 03:58:19,236 INFO  impl.RoleInfo (RoleInfo.java:updateAndGet(143)) - 8b7da219-0df9-4e02-922d-b4c8bf36f5dc: start LeaderState
2019-08-03 03:58:19,236 INFO  segmented.SegmentedRaftLogWorker (SegmentedRaftLogWorker.java:startLogSegment(380)) - 8b7da219-0df9-4e02-922d-b4c8bf36f5dc-SegmentedRaftLogWorker:Storage Directory /workdir/hadoop-ozone/integration-test/target/test-dir/MiniOzoneClusterImpl-b706123f-942e-41da-8ebc-47ffff3e32b4/datanode-1/data/ratis/0dff99d3-7ba0-4206-b7d2-a46853d1419e: Starting segment from index:0
2019-08-03 03:58:19,236 INFO  impl.RaftServerImpl (ServerState.java:setRaftConf(361)) - 8b7da219-0df9-4e02-922d-b4c8bf36f5dc:group-A46853D1419E set configuration 0: [a19a9959-3e57-49ad-8b3b-abbda9d8deb6:192.168.5.147:35973, f621b505-b5c7-479f-8586-0b112ca88440:192.168.5.147:37877, 8b7da219-0df9-4e02-922d-b4c8bf36f5dc:192.168.5.147:37429], old=null at 0
2019-08-03 03:58:19,238 INFO  impl.RaftServerImpl (ServerState.java:setLeader(263)) - f621b505-b5c7-479f-8586-0b112ca88440:group-A46853D1419E change Leader from null to 8b7da219-0df9-4e02-922d-b4c8bf36f5dc at term 1 for appendEntries, leader elected after 5187ms
2019-08-03 03:58:19,238 INFO  impl.RaftServerImpl (ServerState.java:setLeader(263)) - a19a9959-3e57-49ad-8b3b-abbda9d8deb6:group-A46853D1419E change Leader from null to 8b7da219-0df9-4e02-922d-b4c8bf36f5dc at term 1 for appendEntries, leader elected after 5187ms
2019-08-03 03:58:19,242 INFO  impl.RaftServerImpl (ServerState.java:setRaftConf(361)) - a19a9959-3e57-49ad-8b3b-abbda9d8deb6:group-A46853D1419E set configuration 0: [a19a9959-3e57-49ad-8b3b-abbda9d8deb6:192.168.5.147:35973, f621b505-b5c7-479f-8586-0b112ca88440:192.168.5.147:37877, 8b7da219-0df9-4e02-922d-b4c8bf36f5dc:192.168.5.147:37429], old=null at 0
2019-08-03 03:58:19,242 INFO  impl.RaftServerImpl (ServerState.java:setRaftConf(361)) - f621b505-b5c7-479f-8586-0b112ca88440:group-A46853D1419E set configuration 0: [a19a9959-3e57-49ad-8b3b-abbda9d8deb6:192.168.5.147:35973, f621b505-b5c7-479f-8586-0b112ca88440:192.168.5.147:37877, 8b7da219-0df9-4e02-922d-b4c8bf36f5dc:192.168.5.147:37429], old=null at 0
2019-08-03 03:58:19,243 INFO  segmented.SegmentedRaftLogWorker (SegmentedRaftLogWorker.java:startLogSegment(380)) - a19a9959-3e57-49ad-8b3b-abbda9d8deb6-SegmentedRaftLogWorker:Storage Directory /workdir/hadoop-ozone/integration-test/target/test-dir/MiniOzoneClusterImpl-b706123f-942e-41da-8ebc-47ffff3e32b4/datanode-2/data/ratis/0dff99d3-7ba0-4206-b7d2-a46853d1419e: Starting segment from index:0
2019-08-03 03:58:19,243 INFO  segmented.SegmentedRaftLogWorker (SegmentedRaftLogWorker.java:startLogSegment(380)) - f621b505-b5c7-479f-8586-0b112ca88440-SegmentedRaftLogWorker:Storage Directory /workdir/hadoop-ozone/integration-test/target/test-dir/MiniOzoneClusterImpl-b706123f-942e-41da-8ebc-47ffff3e32b4/datanode-0/data/ratis/0dff99d3-7ba0-4206-b7d2-a46853d1419e: Starting segment from index:0
2019-08-03 03:58:19,268 INFO  segmented.SegmentedRaftLogWorker (SegmentedRaftLogWorker.java:execute(569)) - 8b7da219-0df9-4e02-922d-b4c8bf36f5dc-SegmentedRaftLogWorker:Storage Directory /workdir/hadoop-ozone/integration-test/target/test-dir/MiniOzoneClusterImpl-b706123f-942e-41da-8ebc-47ffff3e32b4/datanode-1/data/ratis/0dff99d3-7ba0-4206-b7d2-a46853d1419e: created new log segment /workdir/hadoop-ozone/integration-test/target/test-dir/MiniOzoneClusterImpl-b706123f-942e-41da-8ebc-47ffff3e32b4/datanode-1/data/ratis/0dff99d3-7ba0-4206-b7d2-a46853d1419e/current/log_inprogress_0
2019-08-03 03:58:19,268 INFO  segmented.SegmentedRaftLogWorker (SegmentedRaftLogWorker.java:execute(569)) - f621b505-b5c7-479f-8586-0b112ca88440-SegmentedRaftLogWorker:Storage Directory /workdir/hadoop-ozone/integration-test/target/test-dir/MiniOzoneClusterImpl-b706123f-942e-41da-8ebc-47ffff3e32b4/datanode-0/data/ratis/0dff99d3-7ba0-4206-b7d2-a46853d1419e: created new log segment /workdir/hadoop-ozone/integration-test/target/test-dir/MiniOzoneClusterImpl-b706123f-942e-41da-8ebc-47ffff3e32b4/datanode-0/data/ratis/0dff99d3-7ba0-4206-b7d2-a46853d1419e/current/log_inprogress_0
2019-08-03 03:58:19,279 INFO  segmented.SegmentedRaftLogWorker (SegmentedRaftLogWorker.java:execute(569)) - a19a9959-3e57-49ad-8b3b-abbda9d8deb6-SegmentedRaftLogWorker:Storage Directory /workdir/hadoop-ozone/integration-test/target/test-dir/MiniOzoneClusterImpl-b706123f-942e-41da-8ebc-47ffff3e32b4/datanode-2/data/ratis/0dff99d3-7ba0-4206-b7d2-a46853d1419e: created new log segment /workdir/hadoop-ozone/integration-test/target/test-dir/MiniOzoneClusterImpl-b706123f-942e-41da-8ebc-47ffff3e32b4/datanode-2/data/ratis/0dff99d3-7ba0-4206-b7d2-a46853d1419e/current/log_inprogress_0
2019-08-03 03:58:19,281 INFO  impl.FollowerState (FollowerState.java:run(106)) - c84dfb69-4bc6-4eb4-8f14-bfffd2ccdf82:group-E42353D52738 changes to CANDIDATE, lastRpcTime:5050, electionTimeout:5050ms
2019-08-03 03:58:19,282 INFO  impl.RoleInfo (RoleInfo.java:shutdownFollowerState(121)) - c84dfb69-4bc6-4eb4-8f14-bfffd2ccdf82: shutdown FollowerState
2019-08-03 03:58:19,282 INFO  impl.RaftServerImpl (RaftServerImpl.java:setRole(171)) - c84dfb69-4bc6-4eb4-8f14-bfffd2ccdf82:group-E42353D52738 changes role from FOLLOWER to CANDIDATE at term 0 for changeToCandidate
2019-08-03 03:58:19,282 INFO  impl.RoleInfo (RoleInfo.java:updateAndGet(143)) - c84dfb69-4bc6-4eb4-8f14-bfffd2ccdf82: start LeaderElection
2019-08-03 03:58:19,292 INFO  impl.LeaderElection (LeaderElection.java:askForVotes(181)) - c84dfb69-4bc6-4eb4-8f14-bfffd2ccdf82:group-E42353D52738:LeaderElection23: begin an election at term 1 for -1: [c84dfb69-4bc6-4eb4-8f14-bfffd2ccdf82:192.168.5.147:34545], old=null
2019-08-03 03:58:19,292 INFO  impl.RoleInfo (RoleInfo.java:shutdownLeaderElection(134)) - c84dfb69-4bc6-4eb4-8f14-bfffd2ccdf82: shutdown LeaderElection
2019-08-03 03:58:19,293 INFO  impl.RaftServerImpl (RaftServerImpl.java:setRole(171)) - c84dfb69-4bc6-4eb4-8f14-bfffd2ccdf82:group-E42353D52738 changes role from CANDIDATE to LEADER at term 1 for changeToLeader
2019-08-03 03:58:19,293 INFO  impl.RaftServerImpl (ServerState.java:setLeader(263)) - c84dfb69-4bc6-4eb4-8f14-bfffd2ccdf82:group-E42353D52738 change Leader from null to c84dfb69-4bc6-4eb4-8f14-bfffd2ccdf82 at term 1 for becomeLeader, leader elected after 5067ms
2019-08-03 03:58:19,296 INFO  server.RaftServerConfigKeys (ConfUtils.java:logGet(43)) - raft.server.staging.catchup.gap = 1000 (default)
2019-08-03 03:58:19,296 INFO  server.RaftServerConfigKeys (ConfUtils.java:logGet(43)) - raft.server.rpc.sleep.time = 25ms (default)
2019-08-03 03:58:19,296 INFO  server.RaftServerConfigKeys (ConfUtils.java:logGet(43)) - raft.server.write.element-limit = 4096 (default)
2019-08-03 03:58:19,296 INFO  server.RaftServerConfigKeys (ConfUtils.java:logGet(43)) - raft.server.watch.timeout = 10s (default)
2019-08-03 03:58:19,296 INFO  server.RaftServerConfigKeys (ConfUtils.java:logGet(43)) - raft.server.watch.timeout.denomination = 1s (default)
2019-08-03 03:58:19,296 INFO  server.RaftServerConfigKeys (ConfUtils.java:logGet(43)) - raft.server.watch.element-limit = 65536 (default)
2019-08-03 03:58:19,297 INFO  impl.RoleInfo (RoleInfo.java:updateAndGet(143)) - c84dfb69-4bc6-4eb4-8f14-bfffd2ccdf82: start LeaderState
2019-08-03 03:58:19,297 INFO  segmented.SegmentedRaftLogWorker (SegmentedRaftLogWorker.java:startLogSegment(380)) - c84dfb69-4bc6-4eb4-8f14-bfffd2ccdf82-SegmentedRaftLogWorker:Storage Directory /workdir/hadoop-ozone/integration-test/target/test-dir/MiniOzoneClusterImpl-b706123f-942e-41da-8ebc-47ffff3e32b4/datanode-3/data/ratis/1e4be761-dcec-4592-8f48-e42353d52738: Starting segment from index:0
2019-08-03 03:58:19,297 INFO  impl.RaftServerImpl (ServerState.java:setRaftConf(361)) - c84dfb69-4bc6-4eb4-8f14-bfffd2ccdf82:group-E42353D52738 set configuration 0: [c84dfb69-4bc6-4eb4-8f14-bfffd2ccdf82:192.168.5.147:34545], old=null at 0
2019-08-03 03:58:19,320 INFO  segmented.SegmentedRaftLogWorker (SegmentedRaftLogWorker.java:execute(569)) - c84dfb69-4bc6-4eb4-8f14-bfffd2ccdf82-SegmentedRaftLogWorker:Storage Directory /workdir/hadoop-ozone/integration-test/target/test-dir/MiniOzoneClusterImpl-b706123f-942e-41da-8ebc-47ffff3e32b4/datanode-3/data/ratis/1e4be761-dcec-4592-8f48-e42353d52738: created new log segment /workdir/hadoop-ozone/integration-test/target/test-dir/MiniOzoneClusterImpl-b706123f-942e-41da-8ebc-47ffff3e32b4/datanode-3/data/ratis/1e4be761-dcec-4592-8f48-e42353d52738/current/log_inprogress_0
2019-08-03 03:58:19,775 INFO  impl.FollowerState (FollowerState.java:run(106)) - 69331003-cddb-42ee-ad4e-77b03e66d0a1:group-ED1BE92BB897 changes to CANDIDATE, lastRpcTime:5196, electionTimeout:5196ms
2019-08-03 03:58:19,775 INFO  impl.RoleInfo (RoleInfo.java:shutdownFollowerState(121)) - 69331003-cddb-42ee-ad4e-77b03e66d0a1: shutdown FollowerState
2019-08-03 03:58:19,775 INFO  impl.RaftServerImpl (RaftServerImpl.java:setRole(171)) - 69331003-cddb-42ee-ad4e-77b03e66d0a1:group-ED1BE92BB897 changes role from FOLLOWER to CANDIDATE at term 0 for changeToCandidate
2019-08-03 03:58:19,775 INFO  impl.RoleInfo (RoleInfo.java:updateAndGet(143)) - 69331003-cddb-42ee-ad4e-77b03e66d0a1: start LeaderElection
2019-08-03 03:58:19,794 INFO  impl.LeaderElection (LeaderElection.java:askForVotes(181)) - 69331003-cddb-42ee-ad4e-77b03e66d0a1:group-ED1BE92BB897:LeaderElection24: begin an election at term 1 for -1: [69331003-cddb-42ee-ad4e-77b03e66d0a1:192.168.5.147:45161], old=null
2019-08-03 03:58:19,794 INFO  impl.RoleInfo (RoleInfo.java:shutdownLeaderElection(134)) - 69331003-cddb-42ee-ad4e-77b03e66d0a1: shutdown LeaderElection
2019-08-03 03:58:19,794 INFO  impl.RaftServerImpl (RaftServerImpl.java:setRole(171)) - 69331003-cddb-42ee-ad4e-77b03e66d0a1:group-ED1BE92BB897 changes role from CANDIDATE to LEADER at term 1 for changeToLeader
2019-08-03 03:58:19,794 INFO  impl.RaftServerImpl (ServerState.java:setLeader(263)) - 69331003-cddb-42ee-ad4e-77b03e66d0a1:group-ED1BE92BB897 change Leader from null to 69331003-cddb-42ee-ad4e-77b03e66d0a1 at term 1 for becomeLeader, leader elected after 5221ms
2019-08-03 03:58:19,797 INFO  server.RaftServerConfigKeys (ConfUtils.java:logGet(43)) - raft.server.staging.catchup.gap = 1000 (default)
2019-08-03 03:58:19,797 INFO  server.RaftServerConfigKeys (ConfUtils.java:logGet(43)) - raft.server.rpc.sleep.time = 25ms (default)
2019-08-03 03:58:19,797 INFO  server.RaftServerConfigKeys (ConfUtils.java:logGet(43)) - raft.server.write.element-limit = 4096 (default)
2019-08-03 03:58:19,797 INFO  server.RaftServerConfigKeys (ConfUtils.java:logGet(43)) - raft.server.watch.timeout = 10s (default)
2019-08-03 03:58:19,797 INFO  server.RaftServerConfigKeys (ConfUtils.java:logGet(43)) - raft.server.watch.timeout.denomination = 1s (default)
2019-08-03 03:58:19,798 INFO  server.RaftServerConfigKeys (ConfUtils.java:logGet(43)) - raft.server.watch.element-limit = 65536 (default)
2019-08-03 03:58:19,798 INFO  impl.RoleInfo (RoleInfo.java:updateAndGet(143)) - 69331003-cddb-42ee-ad4e-77b03e66d0a1: start LeaderState
2019-08-03 03:58:19,798 INFO  segmented.SegmentedRaftLogWorker (SegmentedRaftLogWorker.java:startLogSegment(380)) - 69331003-cddb-42ee-ad4e-77b03e66d0a1-SegmentedRaftLogWorker:Storage Directory /workdir/hadoop-ozone/integration-test/target/test-dir/MiniOzoneClusterImpl-b706123f-942e-41da-8ebc-47ffff3e32b4/datanode-4/data/ratis/1e4a4482-4549-45ea-876a-ed1be92bb897: Starting segment from index:0
2019-08-03 03:58:19,799 INFO  impl.RaftServerImpl (ServerState.java:setRaftConf(361)) - 69331003-cddb-42ee-ad4e-77b03e66d0a1:group-ED1BE92BB897 set configuration 0: [69331003-cddb-42ee-ad4e-77b03e66d0a1:192.168.5.147:45161], old=null at 0
2019-08-03 03:58:19,840 INFO  impl.FollowerState (FollowerState.java:run(106)) - c84dfb69-4bc6-4eb4-8f14-bfffd2ccdf82:group-08FB9342286A changes to CANDIDATE, lastRpcTime:5018, electionTimeout:5013ms
2019-08-03 03:58:19,840 INFO  impl.RoleInfo (RoleInfo.java:shutdownFollowerState(121)) - c84dfb69-4bc6-4eb4-8f14-bfffd2ccdf82: shutdown FollowerState
2019-08-03 03:58:19,840 INFO  impl.RaftServerImpl (RaftServerImpl.java:setRole(171)) - c84dfb69-4bc6-4eb4-8f14-bfffd2ccdf82:group-08FB9342286A changes role from FOLLOWER to CANDIDATE at term 0 for changeToCandidate
2019-08-03 03:58:19,840 INFO  impl.RoleInfo (RoleInfo.java:updateAndGet(143)) - c84dfb69-4bc6-4eb4-8f14-bfffd2ccdf82: start LeaderElection
2019-08-03 03:58:19,851 INFO  segmented.SegmentedRaftLogWorker (SegmentedRaftLogWorker.java:execute(569)) - 69331003-cddb-42ee-ad4e-77b03e66d0a1-SegmentedRaftLogWorker:Storage Directory /workdir/hadoop-ozone/integration-test/target/test-dir/MiniOzoneClusterImpl-b706123f-942e-41da-8ebc-47ffff3e32b4/datanode-4/data/ratis/1e4a4482-4549-45ea-876a-ed1be92bb897: created new log segment /workdir/hadoop-ozone/integration-test/target/test-dir/MiniOzoneClusterImpl-b706123f-942e-41da-8ebc-47ffff3e32b4/datanode-4/data/ratis/1e4a4482-4549-45ea-876a-ed1be92bb897/current/log_inprogress_0
2019-08-03 03:58:19,852 INFO  impl.LeaderElection (LeaderElection.java:askForVotes(181)) - c84dfb69-4bc6-4eb4-8f14-bfffd2ccdf82:group-08FB9342286A:LeaderElection25: begin an election at term 1 for -1: [69331003-cddb-42ee-ad4e-77b03e66d0a1:192.168.5.147:45161, c84dfb69-4bc6-4eb4-8f14-bfffd2ccdf82:192.168.5.147:34545, 956d6195-2268-40b6-a07e-4f11e91c0f03:192.168.5.147:34094], old=null
2019-08-03 03:58:19,856 INFO  impl.FollowerState (FollowerState.java:run(106)) - 69331003-cddb-42ee-ad4e-77b03e66d0a1:group-08FB9342286A changes to CANDIDATE, lastRpcTime:5033, electionTimeout:5033ms
2019-08-03 03:58:19,856 INFO  impl.RoleInfo (RoleInfo.java:shutdownFollowerState(121)) - 69331003-cddb-42ee-ad4e-77b03e66d0a1: shutdown FollowerState
2019-08-03 03:58:19,856 INFO  impl.RaftServerImpl (RaftServerImpl.java:setRole(171)) - 69331003-cddb-42ee-ad4e-77b03e66d0a1:group-08FB9342286A changes role from FOLLOWER to CANDIDATE at term 0 for changeToCandidate
2019-08-03 03:58:19,856 INFO  impl.RoleInfo (RoleInfo.java:updateAndGet(143)) - 69331003-cddb-42ee-ad4e-77b03e66d0a1: start LeaderElection
2019-08-03 03:58:19,864 INFO  impl.RaftServerImpl (RaftServerImpl.java:setRole(171)) - 956d6195-2268-40b6-a07e-4f11e91c0f03:group-08FB9342286A changes role from FOLLOWER to FOLLOWER at term 1 for recognizeCandidate:c84dfb69-4bc6-4eb4-8f14-bfffd2ccdf82
2019-08-03 03:58:19,864 INFO  impl.RoleInfo (RoleInfo.java:shutdownFollowerState(121)) - 956d6195-2268-40b6-a07e-4f11e91c0f03: shutdown FollowerState
2019-08-03 03:58:19,864 INFO  impl.RoleInfo (RoleInfo.java:updateAndGet(143)) - 956d6195-2268-40b6-a07e-4f11e91c0f03: start FollowerState
2019-08-03 03:58:19,864 INFO  impl.FollowerState (FollowerState.java:run(114)) - 956d6195-2268-40b6-a07e-4f11e91c0f03: FollowerState was interrupted: java.lang.InterruptedException: sleep interrupted
2019-08-03 03:58:19,867 INFO  impl.LeaderElection (LeaderElection.java:askForVotes(181)) - 69331003-cddb-42ee-ad4e-77b03e66d0a1:group-08FB9342286A:LeaderElection26: begin an election at term 1 for -1: [69331003-cddb-42ee-ad4e-77b03e66d0a1:192.168.5.147:45161, c84dfb69-4bc6-4eb4-8f14-bfffd2ccdf82:192.168.5.147:34545, 956d6195-2268-40b6-a07e-4f11e91c0f03:192.168.5.147:34094], old=null
2019-08-03 03:58:19,876 INFO  impl.LeaderElection (LeaderElection.java:logAndReturn(56)) - c84dfb69-4bc6-4eb4-8f14-bfffd2ccdf82:group-08FB9342286A:LeaderElection25: Election PASSED; received 2 response(s) [c84dfb69-4bc6-4eb4-8f14-bfffd2ccdf82<-69331003-cddb-42ee-ad4e-77b03e66d0a1#0:FAIL-t1, c84dfb69-4bc6-4eb4-8f14-bfffd2ccdf82<-956d6195-2268-40b6-a07e-4f11e91c0f03#0:OK-t1] and 0 exception(s); c84dfb69-4bc6-4eb4-8f14-bfffd2ccdf82:t1, leader=null, voted=c84dfb69-4bc6-4eb4-8f14-bfffd2ccdf82, raftlog=c84dfb69-4bc6-4eb4-8f14-bfffd2ccdf82-SegmentedRaftLog:OPENED:c-1,f-1,i0, conf=-1: [69331003-cddb-42ee-ad4e-77b03e66d0a1:192.168.5.147:45161, c84dfb69-4bc6-4eb4-8f14-bfffd2ccdf82:192.168.5.147:34545, 956d6195-2268-40b6-a07e-4f11e91c0f03:192.168.5.147:34094], old=null
2019-08-03 03:58:19,877 INFO  impl.RoleInfo (RoleInfo.java:shutdownLeaderElection(134)) - c84dfb69-4bc6-4eb4-8f14-bfffd2ccdf82: shutdown LeaderElection
2019-08-03 03:58:19,877 INFO  impl.RaftServerImpl (RaftServerImpl.java:setRole(171)) - c84dfb69-4bc6-4eb4-8f14-bfffd2ccdf82:group-08FB9342286A changes role from CANDIDATE to LEADER at term 1 for changeToLeader
2019-08-03 03:58:19,877 INFO  impl.LeaderElection (LeaderElection.java:logAndReturn(56)) - 69331003-cddb-42ee-ad4e-77b03e66d0a1:group-08FB9342286A:LeaderElection26: Election REJECTED; received 2 response(s) [69331003-cddb-42ee-ad4e-77b03e66d0a1<-c84dfb69-4bc6-4eb4-8f14-bfffd2ccdf82#0:FAIL-t1, 69331003-cddb-42ee-ad4e-77b03e66d0a1<-956d6195-2268-40b6-a07e-4f11e91c0f03#0:FAIL-t1] and 0 exception(s); 69331003-cddb-42ee-ad4e-77b03e66d0a1:t1, leader=null, voted=69331003-cddb-42ee-ad4e-77b03e66d0a1, raftlog=69331003-cddb-42ee-ad4e-77b03e66d0a1-SegmentedRaftLog:OPENED:c-1,f-1,i0, conf=-1: [69331003-cddb-42ee-ad4e-77b03e66d0a1:192.168.5.147:45161, c84dfb69-4bc6-4eb4-8f14-bfffd2ccdf82:192.168.5.147:34545, 956d6195-2268-40b6-a07e-4f11e91c0f03:192.168.5.147:34094], old=null
2019-08-03 03:58:19,877 INFO  impl.RaftServerImpl (ServerState.java:setLeader(263)) - c84dfb69-4bc6-4eb4-8f14-bfffd2ccdf82:group-08FB9342286A change Leader from null to c84dfb69-4bc6-4eb4-8f14-bfffd2ccdf82 at term 1 for becomeLeader, leader elected after 5066ms
2019-08-03 03:58:19,877 INFO  impl.RaftServerImpl (RaftServerImpl.java:setRole(171)) - 69331003-cddb-42ee-ad4e-77b03e66d0a1:group-08FB9342286A changes role from CANDIDATE to FOLLOWER at term 1 for DISCOVERED_A_NEW_TERM
2019-08-03 03:58:19,877 INFO  server.RaftServerConfigKeys (ConfUtils.java:logGet(43)) - raft.server.staging.catchup.gap = 1000 (default)
2019-08-03 03:58:19,878 INFO  impl.RoleInfo (RoleInfo.java:shutdownLeaderElection(134)) - 69331003-cddb-42ee-ad4e-77b03e66d0a1: shutdown LeaderElection
2019-08-03 03:58:19,878 INFO  server.RaftServerConfigKeys (ConfUtils.java:logGet(43)) - raft.server.rpc.sleep.time = 25ms (default)
2019-08-03 03:58:19,878 INFO  impl.RoleInfo (RoleInfo.java:updateAndGet(143)) - 69331003-cddb-42ee-ad4e-77b03e66d0a1: start FollowerState
2019-08-03 03:58:19,878 INFO  server.RaftServerConfigKeys (ConfUtils.java:logGet(43)) - raft.server.write.element-limit = 4096 (default)
2019-08-03 03:58:19,879 INFO  server.RaftServerConfigKeys (ConfUtils.java:logGet(43)) - raft.server.watch.timeout = 10s (default)
2019-08-03 03:58:19,879 INFO  server.RaftServerConfigKeys (ConfUtils.java:logGet(43)) - raft.server.watch.timeout.denomination = 1s (default)
2019-08-03 03:58:19,879 INFO  server.RaftServerConfigKeys (ConfUtils.java:logGet(43)) - raft.server.watch.element-limit = 65536 (default)
2019-08-03 03:58:19,879 INFO  server.RaftServerConfigKeys (ConfUtils.java:logGet(43)) - raft.server.log.appender.snapshot.chunk.size.max = 16MB (=16777216) (default)
2019-08-03 03:58:19,879 INFO  server.RaftServerConfigKeys (ConfUtils.java:logGet(43)) - raft.server.log.appender.buffer.byte-limit = 33554432 (custom)
2019-08-03 03:58:19,880 INFO  server.RaftServerConfigKeys (ConfUtils.java:logGet(43)) - raft.server.log.appender.buffer.element-limit = 1 (custom)
2019-08-03 03:58:19,880 INFO  grpc.GrpcConfigKeys$Server (ConfUtils.java:logGet(43)) - raft.grpc.server.leader.outstanding.appends.max = 128 (default)
2019-08-03 03:58:19,880 INFO  server.RaftServerConfigKeys (ConfUtils.java:logGet(43)) - raft.server.rpc.request.timeout = 3000ms (default)
2019-08-03 03:58:19,880 INFO  server.RaftServerConfigKeys (ConfUtils.java:logGet(43)) - raft.server.log.appender.install.snapshot.enabled = false (custom)
2019-08-03 03:58:19,881 INFO  server.RaftServerConfigKeys (ConfUtils.java:logGet(43)) - raft.server.log.appender.snapshot.chunk.size.max = 16MB (=16777216) (default)
2019-08-03 03:58:19,881 INFO  server.RaftServerConfigKeys (ConfUtils.java:logGet(43)) - raft.server.log.appender.buffer.byte-limit = 33554432 (custom)
2019-08-03 03:58:19,881 INFO  server.RaftServerConfigKeys (ConfUtils.java:logGet(43)) - raft.server.log.appender.buffer.element-limit = 1 (custom)
2019-08-03 03:58:19,881 INFO  grpc.GrpcConfigKeys$Server (ConfUtils.java:logGet(43)) - raft.grpc.server.leader.outstanding.appends.max = 128 (default)
2019-08-03 03:58:19,881 INFO  server.RaftServerConfigKeys (ConfUtils.java:logGet(43)) - raft.server.rpc.request.timeout = 3000ms (default)
2019-08-03 03:58:19,882 INFO  server.RaftServerConfigKeys (ConfUtils.java:logGet(43)) - raft.server.log.appender.install.snapshot.enabled = false (custom)
2019-08-03 03:58:19,882 INFO  impl.RoleInfo (RoleInfo.java:updateAndGet(143)) - c84dfb69-4bc6-4eb4-8f14-bfffd2ccdf82: start LeaderState
2019-08-03 03:58:19,882 INFO  segmented.SegmentedRaftLogWorker (SegmentedRaftLogWorker.java:startLogSegment(380)) - c84dfb69-4bc6-4eb4-8f14-bfffd2ccdf82-SegmentedRaftLogWorker:Storage Directory /workdir/hadoop-ozone/integration-test/target/test-dir/MiniOzoneClusterImpl-b706123f-942e-41da-8ebc-47ffff3e32b4/datanode-3/data/ratis/2081d7ba-64da-4fcc-af41-08fb9342286a: Starting segment from index:0
2019-08-03 03:58:19,883 INFO  impl.RaftServerImpl (ServerState.java:setRaftConf(361)) - c84dfb69-4bc6-4eb4-8f14-bfffd2ccdf82:group-08FB9342286A set configuration 0: [69331003-cddb-42ee-ad4e-77b03e66d0a1:192.168.5.147:45161, c84dfb69-4bc6-4eb4-8f14-bfffd2ccdf82:192.168.5.147:34545, 956d6195-2268-40b6-a07e-4f11e91c0f03:192.168.5.147:34094], old=null at 0
2019-08-03 03:58:19,885 INFO  impl.RaftServerImpl (ServerState.java:setLeader(263)) - 69331003-cddb-42ee-ad4e-77b03e66d0a1:group-08FB9342286A change Leader from null to c84dfb69-4bc6-4eb4-8f14-bfffd2ccdf82 at term 1 for appendEntries, leader elected after 5074ms
2019-08-03 03:58:19,886 INFO  impl.RaftServerImpl (ServerState.java:setLeader(263)) - 956d6195-2268-40b6-a07e-4f11e91c0f03:group-08FB9342286A change Leader from null to c84dfb69-4bc6-4eb4-8f14-bfffd2ccdf82 at term 1 for appendEntries, leader elected after 5075ms
2019-08-03 03:58:19,890 INFO  impl.RaftServerImpl (ServerState.java:setRaftConf(361)) - 956d6195-2268-40b6-a07e-4f11e91c0f03:group-08FB9342286A set configuration 0: [69331003-cddb-42ee-ad4e-77b03e66d0a1:192.168.5.147:45161, c84dfb69-4bc6-4eb4-8f14-bfffd2ccdf82:192.168.5.147:34545, 956d6195-2268-40b6-a07e-4f11e91c0f03:192.168.5.147:34094], old=null at 0
2019-08-03 03:58:19,890 INFO  segmented.SegmentedRaftLogWorker (SegmentedRaftLogWorker.java:startLogSegment(380)) - 956d6195-2268-40b6-a07e-4f11e91c0f03-SegmentedRaftLogWorker:Storage Directory /workdir/hadoop-ozone/integration-test/target/test-dir/MiniOzoneClusterImpl-b706123f-942e-41da-8ebc-47ffff3e32b4/datanode-5/data/ratis/2081d7ba-64da-4fcc-af41-08fb9342286a: Starting segment from index:0
2019-08-03 03:58:19,890 INFO  impl.RaftServerImpl (ServerState.java:setRaftConf(361)) - 69331003-cddb-42ee-ad4e-77b03e66d0a1:group-08FB9342286A set configuration 0: [69331003-cddb-42ee-ad4e-77b03e66d0a1:192.168.5.147:45161, c84dfb69-4bc6-4eb4-8f14-bfffd2ccdf82:192.168.5.147:34545, 956d6195-2268-40b6-a07e-4f11e91c0f03:192.168.5.147:34094], old=null at 0
2019-08-03 03:58:19,891 INFO  segmented.SegmentedRaftLogWorker (SegmentedRaftLogWorker.java:startLogSegment(380)) - 69331003-cddb-42ee-ad4e-77b03e66d0a1-SegmentedRaftLogWorker:Storage Directory /workdir/hadoop-ozone/integration-test/target/test-dir/MiniOzoneClusterImpl-b706123f-942e-41da-8ebc-47ffff3e32b4/datanode-4/data/ratis/2081d7ba-64da-4fcc-af41-08fb9342286a: Starting segment from index:0
2019-08-03 03:58:19,904 INFO  segmented.SegmentedRaftLogWorker (SegmentedRaftLogWorker.java:execute(569)) - c84dfb69-4bc6-4eb4-8f14-bfffd2ccdf82-SegmentedRaftLogWorker:Storage Directory /workdir/hadoop-ozone/integration-test/target/test-dir/MiniOzoneClusterImpl-b706123f-942e-41da-8ebc-47ffff3e32b4/datanode-3/data/ratis/2081d7ba-64da-4fcc-af41-08fb9342286a: created new log segment /workdir/hadoop-ozone/integration-test/target/test-dir/MiniOzoneClusterImpl-b706123f-942e-41da-8ebc-47ffff3e32b4/datanode-3/data/ratis/2081d7ba-64da-4fcc-af41-08fb9342286a/current/log_inprogress_0
2019-08-03 03:58:19,911 INFO  segmented.SegmentedRaftLogWorker (SegmentedRaftLogWorker.java:execute(569)) - 956d6195-2268-40b6-a07e-4f11e91c0f03-SegmentedRaftLogWorker:Storage Directory /workdir/hadoop-ozone/integration-test/target/test-dir/MiniOzoneClusterImpl-b706123f-942e-41da-8ebc-47ffff3e32b4/datanode-5/data/ratis/2081d7ba-64da-4fcc-af41-08fb9342286a: created new log segment /workdir/hadoop-ozone/integration-test/target/test-dir/MiniOzoneClusterImpl-b706123f-942e-41da-8ebc-47ffff3e32b4/datanode-5/data/ratis/2081d7ba-64da-4fcc-af41-08fb9342286a/current/log_inprogress_0
2019-08-03 03:58:19,917 INFO  impl.FollowerState (FollowerState.java:run(106)) - 956d6195-2268-40b6-a07e-4f11e91c0f03:group-136E604F4B23 changes to CANDIDATE, lastRpcTime:5143, electionTimeout:5143ms
2019-08-03 03:58:19,918 INFO  impl.RoleInfo (RoleInfo.java:shutdownFollowerState(121)) - 956d6195-2268-40b6-a07e-4f11e91c0f03: shutdown FollowerState
2019-08-03 03:58:19,918 INFO  impl.RaftServerImpl (RaftServerImpl.java:setRole(171)) - 956d6195-2268-40b6-a07e-4f11e91c0f03:group-136E604F4B23 changes role from FOLLOWER to CANDIDATE at term 0 for changeToCandidate
2019-08-03 03:58:19,918 INFO  impl.RoleInfo (RoleInfo.java:updateAndGet(143)) - 956d6195-2268-40b6-a07e-4f11e91c0f03: start LeaderElection
2019-08-03 03:58:19,939 INFO  segmented.SegmentedRaftLogWorker (SegmentedRaftLogWorker.java:execute(569)) - 69331003-cddb-42ee-ad4e-77b03e66d0a1-SegmentedRaftLogWorker:Storage Directory /workdir/hadoop-ozone/integration-test/target/test-dir/MiniOzoneClusterImpl-b706123f-942e-41da-8ebc-47ffff3e32b4/datanode-4/data/ratis/2081d7ba-64da-4fcc-af41-08fb9342286a: created new log segment /workdir/hadoop-ozone/integration-test/target/test-dir/MiniOzoneClusterImpl-b706123f-942e-41da-8ebc-47ffff3e32b4/datanode-4/data/ratis/2081d7ba-64da-4fcc-af41-08fb9342286a/current/log_inprogress_0
2019-08-03 03:58:19,942 INFO  impl.LeaderElection (LeaderElection.java:askForVotes(181)) - 956d6195-2268-40b6-a07e-4f11e91c0f03:group-136E604F4B23:LeaderElection27: begin an election at term 1 for -1: [956d6195-2268-40b6-a07e-4f11e91c0f03:192.168.5.147:34094], old=null
2019-08-03 03:58:19,942 INFO  impl.RoleInfo (RoleInfo.java:shutdownLeaderElection(134)) - 956d6195-2268-40b6-a07e-4f11e91c0f03: shutdown LeaderElection
2019-08-03 03:58:19,942 INFO  impl.RaftServerImpl (RaftServerImpl.java:setRole(171)) - 956d6195-2268-40b6-a07e-4f11e91c0f03:group-136E604F4B23 changes role from CANDIDATE to LEADER at term 1 for changeToLeader
2019-08-03 03:58:19,942 INFO  impl.RaftServerImpl (ServerState.java:setLeader(263)) - 956d6195-2268-40b6-a07e-4f11e91c0f03:group-136E604F4B23 change Leader from null to 956d6195-2268-40b6-a07e-4f11e91c0f03 at term 1 for becomeLeader, leader elected after 5173ms
2019-08-03 03:58:19,945 INFO  server.RaftServerConfigKeys (ConfUtils.java:logGet(43)) - raft.server.staging.catchup.gap = 1000 (default)
2019-08-03 03:58:19,945 INFO  server.RaftServerConfigKeys (ConfUtils.java:logGet(43)) - raft.server.rpc.sleep.time = 25ms (default)
2019-08-03 03:58:19,945 INFO  server.RaftServerConfigKeys (ConfUtils.java:logGet(43)) - raft.server.write.element-limit = 4096 (default)
2019-08-03 03:58:19,945 INFO  server.RaftServerConfigKeys (ConfUtils.java:logGet(43)) - raft.server.watch.timeout = 10s (default)
2019-08-03 03:58:19,946 INFO  server.RaftServerConfigKeys (ConfUtils.java:logGet(43)) - raft.server.watch.timeout.denomination = 1s (default)
2019-08-03 03:58:19,946 INFO  server.RaftServerConfigKeys (ConfUtils.java:logGet(43)) - raft.server.watch.element-limit = 65536 (default)
2019-08-03 03:58:19,946 INFO  impl.RoleInfo (RoleInfo.java:updateAndGet(143)) - 956d6195-2268-40b6-a07e-4f11e91c0f03: start LeaderState
2019-08-03 03:58:19,946 INFO  segmented.SegmentedRaftLogWorker (SegmentedRaftLogWorker.java:startLogSegment(380)) - 956d6195-2268-40b6-a07e-4f11e91c0f03-SegmentedRaftLogWorker:Storage Directory /workdir/hadoop-ozone/integration-test/target/test-dir/MiniOzoneClusterImpl-b706123f-942e-41da-8ebc-47ffff3e32b4/datanode-5/data/ratis/9e8792f1-ecc0-4fde-ad9b-136e604f4b23: Starting segment from index:0
2019-08-03 03:58:19,947 INFO  impl.RaftServerImpl (ServerState.java:setRaftConf(361)) - 956d6195-2268-40b6-a07e-4f11e91c0f03:group-136E604F4B23 set configuration 0: [956d6195-2268-40b6-a07e-4f11e91c0f03:192.168.5.147:34094], old=null at 0
2019-08-03 03:58:19,972 INFO  segmented.SegmentedRaftLogWorker (SegmentedRaftLogWorker.java:execute(569)) - 956d6195-2268-40b6-a07e-4f11e91c0f03-SegmentedRaftLogWorker:Storage Directory /workdir/hadoop-ozone/integration-test/target/test-dir/MiniOzoneClusterImpl-b706123f-942e-41da-8ebc-47ffff3e32b4/datanode-5/data/ratis/9e8792f1-ecc0-4fde-ad9b-136e604f4b23: created new log segment /workdir/hadoop-ozone/integration-test/target/test-dir/MiniOzoneClusterImpl-b706123f-942e-41da-8ebc-47ffff3e32b4/datanode-5/data/ratis/9e8792f1-ecc0-4fde-ad9b-136e604f4b23/current/log_inprogress_0
2019-08-03 03:58:20,078 INFO  impl.FollowerState (FollowerState.java:run(106)) - bff501fd-9d46-4f24-9f03-c4dde58a1051:group-53560E8DFDC0 changes to CANDIDATE, lastRpcTime:5085, electionTimeout:5084ms
2019-08-03 03:58:20,078 INFO  impl.RoleInfo (RoleInfo.java:shutdownFollowerState(121)) - bff501fd-9d46-4f24-9f03-c4dde58a1051: shutdown FollowerState
2019-08-03 03:58:20,078 INFO  impl.RaftServerImpl (RaftServerImpl.java:setRole(171)) - bff501fd-9d46-4f24-9f03-c4dde58a1051:group-53560E8DFDC0 changes role from FOLLOWER to CANDIDATE at term 0 for changeToCandidate
2019-08-03 03:58:20,078 INFO  impl.RoleInfo (RoleInfo.java:updateAndGet(143)) - bff501fd-9d46-4f24-9f03-c4dde58a1051: start LeaderElection
2019-08-03 03:58:20,098 INFO  impl.LeaderElection (LeaderElection.java:askForVotes(181)) - bff501fd-9d46-4f24-9f03-c4dde58a1051:group-53560E8DFDC0:LeaderElection28: begin an election at term 1 for -1: [bff501fd-9d46-4f24-9f03-c4dde58a1051:192.168.5.147:45887], old=null
2019-08-03 03:58:20,098 INFO  impl.RoleInfo (RoleInfo.java:shutdownLeaderElection(134)) - bff501fd-9d46-4f24-9f03-c4dde58a1051: shutdown LeaderElection
2019-08-03 03:58:20,098 INFO  impl.RaftServerImpl (RaftServerImpl.java:setRole(171)) - bff501fd-9d46-4f24-9f03-c4dde58a1051:group-53560E8DFDC0 changes role from CANDIDATE to LEADER at term 1 for changeToLeader
2019-08-03 03:58:20,098 INFO  impl.RaftServerImpl (ServerState.java:setLeader(263)) - bff501fd-9d46-4f24-9f03-c4dde58a1051:group-53560E8DFDC0 change Leader from null to bff501fd-9d46-4f24-9f03-c4dde58a1051 at term 1 for becomeLeader, leader elected after 5111ms
2019-08-03 03:58:20,110 INFO  server.RaftServerConfigKeys (ConfUtils.java:logGet(43)) - raft.server.staging.catchup.gap = 1000 (default)
2019-08-03 03:58:20,110 INFO  server.RaftServerConfigKeys (ConfUtils.java:logGet(43)) - raft.server.rpc.sleep.time = 25ms (default)
2019-08-03 03:58:20,111 INFO  server.RaftServerConfigKeys (ConfUtils.java:logGet(43)) - raft.server.write.element-limit = 4096 (default)
2019-08-03 03:58:20,111 INFO  server.RaftServerConfigKeys (ConfUtils.java:logGet(43)) - raft.server.watch.timeout = 10s (default)
2019-08-03 03:58:20,111 INFO  server.RaftServerConfigKeys (ConfUtils.java:logGet(43)) - raft.server.watch.timeout.denomination = 1s (default)
2019-08-03 03:58:20,111 INFO  server.RaftServerConfigKeys (ConfUtils.java:logGet(43)) - raft.server.watch.element-limit = 65536 (default)
2019-08-03 03:58:20,111 INFO  impl.RoleInfo (RoleInfo.java:updateAndGet(143)) - bff501fd-9d46-4f24-9f03-c4dde58a1051: start LeaderState
2019-08-03 03:58:20,112 INFO  segmented.SegmentedRaftLogWorker (SegmentedRaftLogWorker.java:startLogSegment(380)) - bff501fd-9d46-4f24-9f03-c4dde58a1051-SegmentedRaftLogWorker:Storage Directory /workdir/hadoop-ozone/integration-test/target/test-dir/MiniOzoneClusterImpl-b706123f-942e-41da-8ebc-47ffff3e32b4/datanode-6/data/ratis/90323269-49cf-42a0-8d65-53560e8dfdc0: Starting segment from index:0
2019-08-03 03:58:20,112 INFO  impl.RaftServerImpl (ServerState.java:setRaftConf(361)) - bff501fd-9d46-4f24-9f03-c4dde58a1051:group-53560E8DFDC0 set configuration 0: [bff501fd-9d46-4f24-9f03-c4dde58a1051:192.168.5.147:45887], old=null at 0
2019-08-03 03:58:20,142 INFO  segmented.SegmentedRaftLogWorker (SegmentedRaftLogWorker.java:execute(569)) - bff501fd-9d46-4f24-9f03-c4dde58a1051-SegmentedRaftLogWorker:Storage Directory /workdir/hadoop-ozone/integration-test/target/test-dir/MiniOzoneClusterImpl-b706123f-942e-41da-8ebc-47ffff3e32b4/datanode-6/data/ratis/90323269-49cf-42a0-8d65-53560e8dfdc0: created new log segment /workdir/hadoop-ozone/integration-test/target/test-dir/MiniOzoneClusterImpl-b706123f-942e-41da-8ebc-47ffff3e32b4/datanode-6/data/ratis/90323269-49cf-42a0-8d65-53560e8dfdc0/current/log_inprogress_0
2019-08-03 03:58:20,177 INFO  client.GrpcClientProtocolClient (GrpcClientProtocolClient.java:onNext(255)) - client-3BFC9768BA2A->956d6195-2268-40b6-a07e-4f11e91c0f03: receive RaftClientReply:client-3BFC9768BA2A->956d6195-2268-40b6-a07e-4f11e91c0f03@group-08FB9342286A, cid=42, FAILED org.apache.ratis.protocol.NotLeaderException: Server 956d6195-2268-40b6-a07e-4f11e91c0f03 is not the leader (c84dfb69-4bc6-4eb4-8f14-bfffd2ccdf82:192.168.5.147:34545). Request must be sent to leader., logIndex=0, commits[956d6195-2268-40b6-a07e-4f11e91c0f03:c-1, 69331003-cddb-42ee-ad4e-77b03e66d0a1:c-1, c84dfb69-4bc6-4eb4-8f14-bfffd2ccdf82:c-1]
2019-08-03 03:58:20,270 INFO  client.GrpcClientProtocolClient (GrpcClientProtocolClient.java:onNext(255)) - client-3BFC9768BA2A->c84dfb69-4bc6-4eb4-8f14-bfffd2ccdf82: receive RaftClientReply:client-3BFC9768BA2A->c84dfb69-4bc6-4eb4-8f14-bfffd2ccdf82@group-08FB9342286A, cid=42, SUCCESS, logIndex=1, commits[c84dfb69-4bc6-4eb4-8f14-bfffd2ccdf82:c2, 69331003-cddb-42ee-ad4e-77b03e66d0a1:c1, 956d6195-2268-40b6-a07e-4f11e91c0f03:c1]
2019-08-03 03:58:20,342 INFO  client.GrpcClientProtocolClient (GrpcClientProtocolClient.java:onNext(255)) - client-3BFC9768BA2A->c84dfb69-4bc6-4eb4-8f14-bfffd2ccdf82: receive RaftClientReply:client-3BFC9768BA2A->c84dfb69-4bc6-4eb4-8f14-bfffd2ccdf82@group-08FB9342286A, cid=43, SUCCESS, logIndex=3, commits[c84dfb69-4bc6-4eb4-8f14-bfffd2ccdf82:c4, 69331003-cddb-42ee-ad4e-77b03e66d0a1:c3, 956d6195-2268-40b6-a07e-4f11e91c0f03:c3]
2019-08-03 03:58:20,405 INFO  client.GrpcClientProtocolClient (GrpcClientProtocolClient.java:onNext(255)) - client-3BFC9768BA2A->c84dfb69-4bc6-4eb4-8f14-bfffd2ccdf82: receive RaftClientReply:client-3BFC9768BA2A->c84dfb69-4bc6-4eb4-8f14-bfffd2ccdf82@group-08FB9342286A, cid=44, SUCCESS, logIndex=5, commits[c84dfb69-4bc6-4eb4-8f14-bfffd2ccdf82:c6, 69331003-cddb-42ee-ad4e-77b03e66d0a1:c5, 956d6195-2268-40b6-a07e-4f11e91c0f03:c5]
2019-08-03 03:58:20,483 INFO  client.GrpcClientProtocolClient (GrpcClientProtocolClient.java:onNext(255)) - client-3BFC9768BA2A->c84dfb69-4bc6-4eb4-8f14-bfffd2ccdf82: receive RaftClientReply:client-3BFC9768BA2A->c84dfb69-4bc6-4eb4-8f14-bfffd2ccdf82@group-08FB9342286A, cid=45, FAILED org.apache.ratis.protocol.StateMachineException: java.util.concurrent.CompletionException: java.lang.IllegalArgumentException, logIndex=7, commits[c84dfb69-4bc6-4eb4-8f14-bfffd2ccdf82:c7, 69331003-cddb-42ee-ad4e-77b03e66d0a1:c6, 956d6195-2268-40b6-a07e-4f11e91c0f03:c6]
2019-08-03 03:58:20,488 INFO  ozone.MiniOzoneClusterImpl (MiniOzoneClusterImpl.java:shutdown(321)) - Shutting down the Mini Ozone Cluster
2019-08-03 03:58:20,488 INFO  ozone.MiniOzoneClusterImpl (MiniOzoneClusterImpl.java:stop(336)) - Stopping the Mini Ozone Cluster
2019-08-03 03:58:20,488 INFO  ozone.MiniOzoneClusterImpl (MiniOzoneClusterImpl.java:stop(338)) - Stopping the OzoneManager
2019-08-03 03:58:20,488 INFO  ipc.Server (Server.java:stop(3082)) - Stopping server on 37842
2019-08-03 03:58:20,506 INFO  ipc.Server (Server.java:run(1185)) - Stopping IPC Server listener on 37842
2019-08-03 03:58:20,509 INFO  utils.BackgroundService (BackgroundService.java:shutdown(148)) - Shutting down service KeyDeletingService
2019-08-03 03:58:20,511 INFO  ipc.Server (Server.java:run(1319)) - Stopping IPC Server Responder
2019-08-03 03:58:20,529 INFO  handler.ContextHandler (ContextHandler.java:doStop(910)) - Stopped o.e.j.w.WebAppContext@6fc1a8f6{/,null,UNAVAILABLE}{/ozoneManager}
2019-08-03 03:58:20,530 INFO  server.AbstractConnector (AbstractConnector.java:doStop(318)) - Stopped ServerConnector@3095d401{HTTP/1.1,[http/1.1]}{0.0.0.0:0}
2019-08-03 03:58:20,531 INFO  handler.ContextHandler (ContextHandler.java:doStop(910)) - Stopped o.e.j.s.ServletContextHandler@38f502fc{/static,file:///workdir/hadoop-ozone/integration-test/target/test-classes/webapps/static,UNAVAILABLE}
2019-08-03 03:58:20,531 INFO  handler.ContextHandler (ContextHandler.java:doStop(910)) - Stopped o.e.j.s.ServletContextHandler@52a67293{/logs,file:///workdir/hadoop-ozone/integration-test/target/log,UNAVAILABLE}
2019-08-03 03:58:20,544 INFO  ozone.MiniOzoneClusterImpl (MiniOzoneClusterImpl.java:stop(344)) - Shutting the HddsDatanodes
2019-08-03 03:58:20,544 INFO  datanode.ObjectStoreHandler (ObjectStoreHandler.java:close(155)) - Closing ObjectStoreHandler.
2019-08-03 03:58:20,544 INFO  datanode.ObjectStoreHandler (ObjectStoreHandler.java:close(155)) - Closing ObjectStoreHandler.
2019-08-03 03:58:20,546 INFO  ozone.HddsDatanodeService (HddsDatanodeService.java:stop(451)) - Stopped plug-in org.apache.hadoop.ozone.web.OzoneHddsDatanodeService@f793f15
2019-08-03 03:58:20,546 INFO  ozone.HddsDatanodeService (HddsDatanodeService.java:stop(451)) - Stopped plug-in org.apache.hadoop.ozone.web.OzoneHddsDatanodeService@a03529c
2019-08-03 03:58:20,778 INFO  statemachine.DatanodeStateMachine (DatanodeStateMachine.java:lambda$startDaemon$0(350)) - Ozone container server started.
2019-08-03 03:58:21,467 INFO  statemachine.DatanodeStateMachine (DatanodeStateMachine.java:lambda$startDaemon$0(350)) - Ozone container server started.
2019-08-03 03:58:25,547 INFO  ozoneimpl.OzoneContainer (OzoneContainer.java:stop(199)) - Attempting to stop container services.
2019-08-03 03:58:25,547 INFO  ozoneimpl.OzoneContainer (OzoneContainer.java:stop(199)) - Attempting to stop container services.
2019-08-03 03:58:25,547 INFO  impl.RaftServerProxy (RaftServerProxy.java:lambda$close$4(314)) - 69331003-cddb-42ee-ad4e-77b03e66d0a1: close
2019-08-03 03:58:25,548 INFO  impl.RaftServerProxy (RaftServerProxy.java:lambda$close$4(314)) - 8b7da219-0df9-4e02-922d-b4c8bf36f5dc: close
2019-08-03 03:58:25,548 INFO  impl.RaftServerImpl (RaftServerImpl.java:lambda$shutdown$3(245)) - 69331003-cddb-42ee-ad4e-77b03e66d0a1: shutdown group-ED1BE92BB897
2019-08-03 03:58:25,548 INFO  impl.RaftServerImpl (RaftServerImpl.java:lambda$shutdown$3(245)) - 8b7da219-0df9-4e02-922d-b4c8bf36f5dc: shutdown group-F6E30CB2EFCF
2019-08-03 03:58:25,549 INFO  util.JmxRegister (JmxRegister.java:unregister(73)) - Successfully un-registered JMX Bean with object name Ratis:service=RaftServer,group=group-ED1BE92BB897,id=69331003-cddb-42ee-ad4e-77b03e66d0a1
2019-08-03 03:58:25,549 INFO  util.JmxRegister (JmxRegister.java:unregister(73)) - Successfully un-registered JMX Bean with object name Ratis:service=RaftServer,group=group-F6E30CB2EFCF,id=8b7da219-0df9-4e02-922d-b4c8bf36f5dc
2019-08-03 03:58:25,549 INFO  impl.RoleInfo (RoleInfo.java:shutdownLeaderState(104)) - 69331003-cddb-42ee-ad4e-77b03e66d0a1: shutdown LeaderState
2019-08-03 03:58:25,550 INFO  impl.RoleInfo (RoleInfo.java:shutdownLeaderState(104)) - 8b7da219-0df9-4e02-922d-b4c8bf36f5dc: shutdown LeaderState
2019-08-03 03:58:25,550 INFO  impl.PendingRequests (PendingRequests.java:sendNotLeaderResponses(202)) - 69331003-cddb-42ee-ad4e-77b03e66d0a1-PendingRequests: sendNotLeaderResponses
2019-08-03 03:58:25,550 INFO  impl.PendingRequests (PendingRequests.java:sendNotLeaderResponses(202)) - 8b7da219-0df9-4e02-922d-b4c8bf36f5dc-PendingRequests: sendNotLeaderResponses
2019-08-03 03:58:25,551 INFO  impl.StateMachineUpdater (StateMachineUpdater.java:stopAndJoin(115)) - StateMachineUpdater:69331003-cddb-42ee-ad4e-77b03e66d0a1:group-ED1BE92BB897: set stopIndex = 0
2019-08-03 03:58:25,551 INFO  impl.StateMachineUpdater (StateMachineUpdater.java:stopAndJoin(115)) - StateMachineUpdater:8b7da219-0df9-4e02-922d-b4c8bf36f5dc:group-F6E30CB2EFCF: set stopIndex = 0
2019-08-03 03:58:25,552 INFO  impl.RaftServerImpl (ServerState.java:close(394)) - 69331003-cddb-42ee-ad4e-77b03e66d0a1:group-ED1BE92BB897 closes. The last applied log index is 0
2019-08-03 03:58:25,552 INFO  impl.RaftServerImpl (ServerState.java:close(394)) - 8b7da219-0df9-4e02-922d-b4c8bf36f5dc:group-F6E30CB2EFCF closes. The last applied log index is 0
2019-08-03 03:58:25,553 INFO  segmented.SegmentedRaftLogWorker (SegmentedRaftLogWorker.java:run(313)) - 69331003-cddb-42ee-ad4e-77b03e66d0a1-SegmentedRaftLogWorker:Storage Directory /workdir/hadoop-ozone/integration-test/target/test-dir/MiniOzoneClusterImpl-b706123f-942e-41da-8ebc-47ffff3e32b4/datanode-4/data/ratis/1e4a4482-4549-45ea-876a-ed1be92bb897 was interrupted, exiting. There are 0 tasks remaining in the queue.
2019-08-03 03:58:25,553 INFO  segmented.SegmentedRaftLogWorker (SegmentedRaftLogWorker.java:run(313)) - 8b7da219-0df9-4e02-922d-b4c8bf36f5dc-SegmentedRaftLogWorker:Storage Directory /workdir/hadoop-ozone/integration-test/target/test-dir/MiniOzoneClusterImpl-b706123f-942e-41da-8ebc-47ffff3e32b4/datanode-1/data/ratis/46e2c8fd-da50-4675-880d-f6e30cb2efcf was interrupted, exiting. There are 0 tasks remaining in the queue.
2019-08-03 03:58:25,556 INFO  segmented.SegmentedRaftLogWorker (SegmentedRaftLogWorker.java:close(228)) - 69331003-cddb-42ee-ad4e-77b03e66d0a1-SegmentedRaftLogWorker:Storage Directory /workdir/hadoop-ozone/integration-test/target/test-dir/MiniOzoneClusterImpl-b706123f-942e-41da-8ebc-47ffff3e32b4/datanode-4/data/ratis/1e4a4482-4549-45ea-876a-ed1be92bb897 close()
2019-08-03 03:58:25,559 INFO  segmented.SegmentedRaftLogWorker (SegmentedRaftLogWorker.java:close(228)) - 8b7da219-0df9-4e02-922d-b4c8bf36f5dc-SegmentedRaftLogWorker:Storage Directory /workdir/hadoop-ozone/integration-test/target/test-dir/MiniOzoneClusterImpl-b706123f-942e-41da-8ebc-47ffff3e32b4/datanode-1/data/ratis/46e2c8fd-da50-4675-880d-f6e30cb2efcf close()
2019-08-03 03:58:25,564 INFO  impl.RaftServerImpl (RaftServerImpl.java:lambda$shutdown$3(245)) - 69331003-cddb-42ee-ad4e-77b03e66d0a1: shutdown group-08FB9342286A
2019-08-03 03:58:25,569 INFO  impl.RaftServerImpl (RaftServerImpl.java:lambda$shutdown$3(245)) - 8b7da219-0df9-4e02-922d-b4c8bf36f5dc: shutdown group-A46853D1419E
2019-08-03 03:58:25,570 INFO  util.JmxRegister (JmxRegister.java:unregister(73)) - Successfully un-registered JMX Bean with object name Ratis:service=RaftServer,group=group-08FB9342286A,id=69331003-cddb-42ee-ad4e-77b03e66d0a1
2019-08-03 03:58:25,570 INFO  impl.RoleInfo (RoleInfo.java:shutdownFollowerState(121)) - 69331003-cddb-42ee-ad4e-77b03e66d0a1: shutdown FollowerState
2019-08-03 03:58:25,570 INFO  util.JmxRegister (JmxRegister.java:unregister(73)) - Successfully un-registered JMX Bean with object name Ratis:service=RaftServer,group=group-A46853D1419E,id=8b7da219-0df9-4e02-922d-b4c8bf36f5dc
2019-08-03 03:58:25,571 INFO  ratis.ContainerStateMachine (ContainerStateMachine.java:takeSnapshot(262)) - group-08FB9342286A: Taking a snapshot at:(t:1, i:6) file /workdir/hadoop-ozone/integration-test/target/test-dir/MiniOzoneClusterImpl-b706123f-942e-41da-8ebc-47ffff3e32b4/datanode-4/data/ratis/2081d7ba-64da-4fcc-af41-08fb9342286a/sm/snapshot.1_6
2019-08-03 03:58:25,571 INFO  impl.FollowerState (FollowerState.java:run(114)) - 69331003-cddb-42ee-ad4e-77b03e66d0a1: FollowerState was interrupted: java.lang.InterruptedException: sleep interrupted
2019-08-03 03:58:25,571 INFO  impl.StateMachineUpdater (StateMachineUpdater.java:stopAndJoin(115)) - StateMachineUpdater:69331003-cddb-42ee-ad4e-77b03e66d0a1:group-08FB9342286A: set stopIndex = 8
2019-08-03 03:58:25,571 INFO  impl.RoleInfo (RoleInfo.java:shutdownLeaderState(104)) - 8b7da219-0df9-4e02-922d-b4c8bf36f5dc: shutdown LeaderState
2019-08-03 03:58:25,579 WARN  server.GrpcLogAppender (GrpcLogAppender.java:mayWait(143)) - GrpcLogAppender(8b7da219-0df9-4e02-922d-b4c8bf36f5dc->a19a9959-3e57-49ad-8b3b-abbda9d8deb6): Wait interrupted by java.lang.InterruptedException
2019-08-03 03:58:25,580 WARN  server.GrpcLogAppender (GrpcLogAppender.java:mayWait(143)) - GrpcLogAppender(8b7da219-0df9-4e02-922d-b4c8bf36f5dc->f621b505-b5c7-479f-8586-0b112ca88440): Wait interrupted by java.lang.InterruptedException
2019-08-03 03:58:25,579 INFO  impl.PendingRequests (PendingRequests.java:sendNotLeaderResponses(202)) - 8b7da219-0df9-4e02-922d-b4c8bf36f5dc-PendingRequests: sendNotLeaderResponses
2019-08-03 03:58:25,580 INFO  impl.StateMachineUpdater (StateMachineUpdater.java:stopAndJoin(115)) - StateMachineUpdater:8b7da219-0df9-4e02-922d-b4c8bf36f5dc:group-A46853D1419E: set stopIndex = 0
2019-08-03 03:58:25,580 INFO  server.GrpcServerProtocolService (GrpcServerProtocolService.java:onCompleted(104)) - f621b505-b5c7-479f-8586-0b112ca88440: appendEntries completed
2019-08-03 03:58:25,580 INFO  server.GrpcServerProtocolService (GrpcServerProtocolService.java:onCompleted(104)) - a19a9959-3e57-49ad-8b3b-abbda9d8deb6: appendEntries completed
2019-08-03 03:58:25,581 INFO  impl.RaftServerImpl (ServerState.java:close(394)) - 8b7da219-0df9-4e02-922d-b4c8bf36f5dc:group-A46853D1419E closes. The last applied log index is 0
2019-08-03 03:58:25,581 INFO  segmented.SegmentedRaftLogWorker (SegmentedRaftLogWorker.java:run(313)) - 8b7da219-0df9-4e02-922d-b4c8bf36f5dc-SegmentedRaftLogWorker:Storage Directory /workdir/hadoop-ozone/integration-test/target/test-dir/MiniOzoneClusterImpl-b706123f-942e-41da-8ebc-47ffff3e32b4/datanode-1/data/ratis/0dff99d3-7ba0-4206-b7d2-a46853d1419e was interrupted, exiting. There are 0 tasks remaining in the queue.
2019-08-03 03:58:25,582 INFO  server.GrpcLogAppender (GrpcLogAppender.java:onCompleted(292)) - 8b7da219-0df9-4e02-922d-b4c8bf36f5dc->a19a9959-3e57-49ad-8b3b-abbda9d8deb6: follower responses appendEntries COMPLETED
2019-08-03 03:58:25,584 INFO  server.GrpcLogAppender (GrpcLogAppender.java:onCompleted(292)) - 8b7da219-0df9-4e02-922d-b4c8bf36f5dc->f621b505-b5c7-479f-8586-0b112ca88440: follower responses appendEntries COMPLETED
2019-08-03 03:58:25,587 INFO  impl.FollowerInfo (FollowerInfo.java:lambda$new$0(50)) - 8b7da219-0df9-4e02-922d-b4c8bf36f5dc->a19a9959-3e57-49ad-8b3b-abbda9d8deb6: nextIndex: updateUnconditionally 1 -> 0
2019-08-03 03:58:25,587 INFO  ratis.ContainerStateMachine (ContainerStateMachine.java:takeSnapshot(273)) - group-08FB9342286A: Finished taking a snapshot at:(t:1, i:6) file:/workdir/hadoop-ozone/integration-test/target/test-dir/MiniOzoneClusterImpl-b706123f-942e-41da-8ebc-47ffff3e32b4/datanode-4/data/ratis/2081d7ba-64da-4fcc-af41-08fb9342286a/sm/snapshot.1_6 time:16
2019-08-03 03:58:25,590 INFO  impl.StateMachineUpdater (StateMachineUpdater.java:takeSnapshot(242)) - StateMachineUpdater:69331003-cddb-42ee-ad4e-77b03e66d0a1:group-08FB9342286A: Took a snapshot at index 6
2019-08-03 03:58:25,587 INFO  segmented.SegmentedRaftLogWorker (SegmentedRaftLogWorker.java:close(228)) - 8b7da219-0df9-4e02-922d-b4c8bf36f5dc-SegmentedRaftLogWorker:Storage Directory /workdir/hadoop-ozone/integration-test/target/test-dir/MiniOzoneClusterImpl-b706123f-942e-41da-8ebc-47ffff3e32b4/datanode-1/data/ratis/0dff99d3-7ba0-4206-b7d2-a46853d1419e close()
2019-08-03 03:58:25,590 INFO  impl.StateMachineUpdater (StateMachineUpdater.java:lambda$new$0(80)) - StateMachineUpdater:69331003-cddb-42ee-ad4e-77b03e66d0a1:group-08FB9342286A: snapshotIndex: updateIncreasingly -1 -> 6
2019-08-03 03:58:25,590 INFO  impl.FollowerInfo (FollowerInfo.java:lambda$new$0(50)) - 8b7da219-0df9-4e02-922d-b4c8bf36f5dc->f621b505-b5c7-479f-8586-0b112ca88440: nextIndex: updateUnconditionally 1 -> 0
2019-08-03 03:58:25,595 INFO  server.GrpcService (GrpcService.java:closeImpl(155)) - 8b7da219-0df9-4e02-922d-b4c8bf36f5dc: shutdown server with port 37429 now
2019-08-03 03:58:25,596 INFO  impl.RaftServerImpl (ServerState.java:close(394)) - 69331003-cddb-42ee-ad4e-77b03e66d0a1:group-08FB9342286A closes. The last applied log index is 8
2019-08-03 03:58:25,597 INFO  segmented.SegmentedRaftLogWorker (SegmentedRaftLogWorker.java:run(313)) - 69331003-cddb-42ee-ad4e-77b03e66d0a1-SegmentedRaftLogWorker:Storage Directory /workdir/hadoop-ozone/integration-test/target/test-dir/MiniOzoneClusterImpl-b706123f-942e-41da-8ebc-47ffff3e32b4/datanode-4/data/ratis/2081d7ba-64da-4fcc-af41-08fb9342286a was interrupted, exiting. There are 0 tasks remaining in the queue.
2019-08-03 03:58:25,599 INFO  segmented.SegmentedRaftLogWorker (SegmentedRaftLogWorker.java:close(228)) - 69331003-cddb-42ee-ad4e-77b03e66d0a1-SegmentedRaftLogWorker:Storage Directory /workdir/hadoop-ozone/integration-test/target/test-dir/MiniOzoneClusterImpl-b706123f-942e-41da-8ebc-47ffff3e32b4/datanode-4/data/ratis/2081d7ba-64da-4fcc-af41-08fb9342286a close()
2019-08-03 03:58:25,599 INFO  server.GrpcService (GrpcService.java:closeImpl(163)) - 8b7da219-0df9-4e02-922d-b4c8bf36f5dc: shutdown server with port 37429 successfully
2019-08-03 03:58:25,618 INFO  server.GrpcService (GrpcService.java:closeImpl(155)) - 69331003-cddb-42ee-ad4e-77b03e66d0a1: shutdown server with port 45161 now
2019-08-03 03:58:25,625 INFO  utils.BackgroundService (BackgroundService.java:shutdown(148)) - Shutting down service BlockDeletingService
2019-08-03 03:58:25,625 WARN  server.GrpcServerProtocolService (LogUtils.java:warn(134)) - 69331003-cddb-42ee-ad4e-77b03e66d0a1: appendEntries onError: org.apache.ratis.thirdparty.io.grpc.StatusRuntimeException: CANCELLED: cancelled before receiving half close
2019-08-03 03:58:25,625 INFO  server.GrpcService (GrpcService.java:closeImpl(163)) - 69331003-cddb-42ee-ad4e-77b03e66d0a1: shutdown server with port 45161 successfully
2019-08-03 03:58:25,625 WARN  server.GrpcLogAppender (LogUtils.java:warn(134)) - c84dfb69-4bc6-4eb4-8f14-bfffd2ccdf82->69331003-cddb-42ee-ad4e-77b03e66d0a1: Failed appendEntries: org.apache.ratis.thirdparty.io.grpc.StatusRuntimeException: CANCELLED: HTTP/2 error code: CANCEL
Received Rst Stream
2019-08-03 03:58:25,626 WARN  fs.CachingGetSpaceUsed (CachingGetSpaceUsed.java:run(183)) - Thread Interrupted waiting to refresh disk information: sleep interrupted
2019-08-03 03:58:25,630 INFO  impl.FollowerInfo (FollowerInfo.java:lambda$new$0(50)) - c84dfb69-4bc6-4eb4-8f14-bfffd2ccdf82->69331003-cddb-42ee-ad4e-77b03e66d0a1: nextIndex: updateUnconditionally 9 -> 8
2019-08-03 03:58:25,633 INFO  utils.BackgroundService (BackgroundService.java:shutdown(148)) - Shutting down service BlockDeletingService
2019-08-03 03:58:25,639 WARN  fs.CachingGetSpaceUsed (CachingGetSpaceUsed.java:run(183)) - Thread Interrupted waiting to refresh disk information: sleep interrupted
2019-08-03 03:58:25,660 INFO  statemachine.DatanodeStateMachine (DatanodeStateMachine.java:stopDaemon(395)) - Ozone container server stopped.
2019-08-03 03:58:25,671 INFO  statemachine.DatanodeStateMachine (DatanodeStateMachine.java:stopDaemon(395)) - Ozone container server stopped.
2019-08-03 03:58:25,671 INFO  handler.ContextHandler (ContextHandler.java:doStop(910)) - Stopped o.e.j.w.WebAppContext@5f5c187d{/,null,UNAVAILABLE}{/hddsDatanode}
2019-08-03 03:58:25,672 INFO  server.AbstractConnector (AbstractConnector.java:doStop(318)) - Stopped ServerConnector@464400b3{HTTP/1.1,[http/1.1]}{0.0.0.0:0}
2019-08-03 03:58:25,672 INFO  handler.ContextHandler (ContextHandler.java:doStop(910)) - Stopped o.e.j.w.WebAppContext@338a4c61{/,null,UNAVAILABLE}{/hddsDatanode}
2019-08-03 03:58:25,675 INFO  handler.ContextHandler (ContextHandler.java:doStop(910)) - Stopped o.e.j.s.ServletContextHandler@e521067{/static,jar:file:/home/user/.m2/repository/org/apache/hadoop/hadoop-hdds-container-service/0.4.1-SNAPSHOT/hadoop-hdds-container-service-0.4.1-SNAPSHOT.jar!/webapps/static,UNAVAILABLE}
2019-08-03 03:58:25,677 INFO  handler.ContextHandler (ContextHandler.java:doStop(910)) - Stopped o.e.j.s.ServletContextHandler@7757a37f{/logs,file:///workdir/hadoop-ozone/integration-test/target/log,UNAVAILABLE}
2019-08-03 03:58:25,677 INFO  server.AbstractConnector (AbstractConnector.java:doStop(318)) - Stopped ServerConnector@839755f{HTTP/1.1,[http/1.1]}{0.0.0.0:0}
2019-08-03 03:58:25,678 INFO  handler.ContextHandler (ContextHandler.java:doStop(910)) - Stopped o.e.j.s.ServletContextHandler@2e0652ab{/static,jar:file:/home/user/.m2/repository/org/apache/hadoop/hadoop-hdds-container-service/0.4.1-SNAPSHOT/hadoop-hdds-container-service-0.4.1-SNAPSHOT.jar!/webapps/static,UNAVAILABLE}
2019-08-03 03:58:25,679 INFO  handler.ContextHandler (ContextHandler.java:doStop(910)) - Stopped o.e.j.s.ServletContextHandler@4b9f7edc{/logs,file:///workdir/hadoop-ozone/integration-test/target/log,UNAVAILABLE}
2019-08-03 03:58:25,679 INFO  datanode.ObjectStoreHandler (ObjectStoreHandler.java:close(155)) - Closing ObjectStoreHandler.
2019-08-03 03:58:25,679 INFO  ozone.HddsDatanodeService (HddsDatanodeService.java:stop(451)) - Stopped plug-in org.apache.hadoop.ozone.web.OzoneHddsDatanodeService@5dd747c1
2019-08-03 03:58:25,680 INFO  datanode.ObjectStoreHandler (ObjectStoreHandler.java:close(155)) - Closing ObjectStoreHandler.
2019-08-03 03:58:25,680 INFO  ozone.HddsDatanodeService (HddsDatanodeService.java:stop(451)) - Stopped plug-in org.apache.hadoop.ozone.web.OzoneHddsDatanodeService@2faf6e4a
2019-08-03 03:58:25,981 INFO  statemachine.DatanodeStateMachine (DatanodeStateMachine.java:lambda$startDaemon$0(350)) - Ozone container server started.
2019-08-03 03:58:26,403 INFO  statemachine.DatanodeStateMachine (DatanodeStateMachine.java:lambda$startDaemon$0(350)) - Ozone container server started.
2019-08-03 03:58:27,982 WARN  server.GrpcLogAppender (LogUtils.java:warn(134)) - c84dfb69-4bc6-4eb4-8f14-bfffd2ccdf82->69331003-cddb-42ee-ad4e-77b03e66d0a1: Failed appendEntries: org.apache.ratis.thirdparty.io.grpc.StatusRuntimeException: UNAVAILABLE: io exception
2019-08-03 03:58:27,986 INFO  impl.FollowerInfo (FollowerInfo.java:lambda$new$0(50)) - c84dfb69-4bc6-4eb4-8f14-bfffd2ccdf82->69331003-cddb-42ee-ad4e-77b03e66d0a1: nextIndex: updateUnconditionally 8 -> 7
2019-08-03 03:58:29,308 INFO  impl.FollowerState (FollowerState.java:run(106)) - a19a9959-3e57-49ad-8b3b-abbda9d8deb6:group-A46853D1419E changes to CANDIDATE, lastRpcTime:5022, electionTimeout:5011ms
2019-08-03 03:58:29,308 INFO  impl.RoleInfo (RoleInfo.java:shutdownFollowerState(121)) - a19a9959-3e57-49ad-8b3b-abbda9d8deb6: shutdown FollowerState
2019-08-03 03:58:29,308 INFO  impl.RaftServerImpl (RaftServerImpl.java:setRole(171)) - a19a9959-3e57-49ad-8b3b-abbda9d8deb6:group-A46853D1419E changes role from FOLLOWER to CANDIDATE at term 1 for changeToCandidate
2019-08-03 03:58:29,308 INFO  impl.RoleInfo (RoleInfo.java:updateAndGet(143)) - a19a9959-3e57-49ad-8b3b-abbda9d8deb6: start LeaderElection
2019-08-03 03:58:29,312 INFO  impl.RaftServerImpl (ServerState.java:setLeader(263)) - a19a9959-3e57-49ad-8b3b-abbda9d8deb6:group-A46853D1419E change Leader from 8b7da219-0df9-4e02-922d-b4c8bf36f5dc to null at term 1 for initElection
2019-08-03 03:58:29,330 INFO  impl.LeaderElection (LeaderElection.java:askForVotes(181)) - a19a9959-3e57-49ad-8b3b-abbda9d8deb6:group-A46853D1419E:LeaderElection29: begin an election at term 2 for 0: [a19a9959-3e57-49ad-8b3b-abbda9d8deb6:192.168.5.147:35973, f621b505-b5c7-479f-8586-0b112ca88440:192.168.5.147:37877, 8b7da219-0df9-4e02-922d-b4c8bf36f5dc:192.168.5.147:37429], old=null
2019-08-03 03:58:29,334 INFO  impl.LeaderElection (LogUtils.java:infoOrTrace(149)) - a19a9959-3e57-49ad-8b3b-abbda9d8deb6:group-A46853D1419E:LeaderElection29 got exception when requesting votes: {}
java.util.concurrent.ExecutionException: org.apache.ratis.thirdparty.io.grpc.StatusRuntimeException: UNAVAILABLE: io exception
	at java.util.concurrent.FutureTask.report(FutureTask.java:122)
	at java.util.concurrent.FutureTask.get(FutureTask.java:192)
	at org.apache.ratis.server.impl.LeaderElection.waitForResults(LeaderElection.java:262)
	at org.apache.ratis.server.impl.LeaderElection.askForVotes(LeaderElection.java:200)
	at org.apache.ratis.server.impl.LeaderElection.run(LeaderElection.java:130)
	at java.lang.Thread.run(Thread.java:748)
Caused by: org.apache.ratis.thirdparty.io.grpc.StatusRuntimeException: UNAVAILABLE: io exception
	at org.apache.ratis.thirdparty.io.grpc.stub.ClientCalls.toStatusRuntimeException(ClientCalls.java:233)
	at org.apache.ratis.thirdparty.io.grpc.stub.ClientCalls.getUnchecked(ClientCalls.java:214)
	at org.apache.ratis.thirdparty.io.grpc.stub.ClientCalls.blockingUnaryCall(ClientCalls.java:139)
	at org.apache.ratis.proto.grpc.RaftServerProtocolServiceGrpc$RaftServerProtocolServiceBlockingStub.requestVote(RaftServerProtocolServiceGrpc.java:265)
	at org.apache.ratis.grpc.server.GrpcServerProtocolClient.requestVote(GrpcServerProtocolClient.java:83)
	at org.apache.ratis.grpc.server.GrpcService.requestVote(GrpcService.java:195)
	at org.apache.ratis.server.impl.LeaderElection.lambda$submitRequests$1(LeaderElection.java:237)
	at java.util.concurrent.FutureTask.run(FutureTask.java:266)
	at java.util.concurrent.Executors$RunnableAdapter.call(Executors.java:511)
	at java.util.concurrent.FutureTask.run(FutureTask.java:266)
	at java.util.concurrent.ThreadPoolExecutor.runWorker(ThreadPoolExecutor.java:1149)
	at java.util.concurrent.ThreadPoolExecutor$Worker.run(ThreadPoolExecutor.java:624)
	... 1 more
Caused by: org.apache.ratis.thirdparty.io.netty.channel.AbstractChannel$AnnotatedConnectException: Connection refused: /192.168.5.147:37429
	at sun.nio.ch.SocketChannelImpl.checkConnect(Native Method)
	at sun.nio.ch.SocketChannelImpl.finishConnect(SocketChannelImpl.java:717)
	at org.apache.ratis.thirdparty.io.netty.channel.socket.nio.NioSocketChannel.doFinishConnect(NioSocketChannel.java:327)
	at org.apache.ratis.thirdparty.io.netty.channel.nio.AbstractNioChannel$AbstractNioUnsafe.finishConnect(AbstractNioChannel.java:340)
	at org.apache.ratis.thirdparty.io.netty.channel.nio.NioEventLoop.processSelectedKey(NioEventLoop.java:632)
	at org.apache.ratis.thirdparty.io.netty.channel.nio.NioEventLoop.processSelectedKeysOptimized(NioEventLoop.java:579)
	at org.apache.ratis.thirdparty.io.netty.channel.nio.NioEventLoop.processSelectedKeys(NioEventLoop.java:496)
	at org.apache.ratis.thirdparty.io.netty.channel.nio.NioEventLoop.run(NioEventLoop.java:458)
	at org.apache.ratis.thirdparty.io.netty.util.concurrent.SingleThreadEventExecutor$5.run(SingleThreadEventExecutor.java:897)
	at org.apache.ratis.thirdparty.io.netty.util.concurrent.FastThreadLocalRunnable.run(FastThreadLocalRunnable.java:30)
	... 1 more
Caused by: java.net.ConnectException: Connection refused
	... 11 more
2019-08-03 03:58:29,334 INFO  impl.RaftServerImpl (ServerState.java:setLeader(263)) - f621b505-b5c7-479f-8586-0b112ca88440:group-A46853D1419E change Leader from 8b7da219-0df9-4e02-922d-b4c8bf36f5dc to null at term 2 for updateCurrentTerm
2019-08-03 03:58:29,337 INFO  impl.RaftServerImpl (RaftServerImpl.java:setRole(171)) - f621b505-b5c7-479f-8586-0b112ca88440:group-A46853D1419E changes role from FOLLOWER to FOLLOWER at term 2 for recognizeCandidate:a19a9959-3e57-49ad-8b3b-abbda9d8deb6
2019-08-03 03:58:29,338 INFO  impl.RoleInfo (RoleInfo.java:shutdownFollowerState(121)) - f621b505-b5c7-479f-8586-0b112ca88440: shutdown FollowerState
2019-08-03 03:58:29,338 INFO  impl.FollowerState (FollowerState.java:run(114)) - f621b505-b5c7-479f-8586-0b112ca88440: FollowerState was interrupted: java.lang.InterruptedException: sleep interrupted
2019-08-03 03:58:29,338 INFO  impl.RoleInfo (RoleInfo.java:updateAndGet(143)) - f621b505-b5c7-479f-8586-0b112ca88440: start FollowerState
2019-08-03 03:58:29,348 INFO  impl.LeaderElection (LeaderElection.java:logAndReturn(56)) - a19a9959-3e57-49ad-8b3b-abbda9d8deb6:group-A46853D1419E:LeaderElection29: Election PASSED; received 1 response(s) [a19a9959-3e57-49ad-8b3b-abbda9d8deb6<-f621b505-b5c7-479f-8586-0b112ca88440#0:OK-t2] and 1 exception(s); a19a9959-3e57-49ad-8b3b-abbda9d8deb6:t2, leader=null, voted=a19a9959-3e57-49ad-8b3b-abbda9d8deb6, raftlog=a19a9959-3e57-49ad-8b3b-abbda9d8deb6-SegmentedRaftLog:OPENED:c0,f0,i0, conf=0: [a19a9959-3e57-49ad-8b3b-abbda9d8deb6:192.168.5.147:35973, f621b505-b5c7-479f-8586-0b112ca88440:192.168.5.147:37877, 8b7da219-0df9-4e02-922d-b4c8bf36f5dc:192.168.5.147:37429], old=null
2019-08-03 03:58:29,348 INFO  impl.LeaderElection (LogUtils.java:infoOrTrace(149)) -   Exception 0: {}
java.util.concurrent.ExecutionException: org.apache.ratis.thirdparty.io.grpc.StatusRuntimeException: UNAVAILABLE: io exception
	at java.util.concurrent.FutureTask.report(FutureTask.java:122)
	at java.util.concurrent.FutureTask.get(FutureTask.java:192)
	at org.apache.ratis.server.impl.LeaderElection.waitForResults(LeaderElection.java:262)
	at org.apache.ratis.server.impl.LeaderElection.askForVotes(LeaderElection.java:200)
	at org.apache.ratis.server.impl.LeaderElection.run(LeaderElection.java:130)
	at java.lang.Thread.run(Thread.java:748)
Caused by: org.apache.ratis.thirdparty.io.grpc.StatusRuntimeException: UNAVAILABLE: io exception
	at org.apache.ratis.thirdparty.io.grpc.stub.ClientCalls.toStatusRuntimeException(ClientCalls.java:233)
	at org.apache.ratis.thirdparty.io.grpc.stub.ClientCalls.getUnchecked(ClientCalls.java:214)
	at org.apache.ratis.thirdparty.io.grpc.stub.ClientCalls.blockingUnaryCall(ClientCalls.java:139)
	at org.apache.ratis.proto.grpc.RaftServerProtocolServiceGrpc$RaftServerProtocolServiceBlockingStub.requestVote(RaftServerProtocolServiceGrpc.java:265)
	at org.apache.ratis.grpc.server.GrpcServerProtocolClient.requestVote(GrpcServerProtocolClient.java:83)
	at org.apache.ratis.grpc.server.GrpcService.requestVote(GrpcService.java:195)
	at org.apache.ratis.server.impl.LeaderElection.lambda$submitRequests$1(LeaderElection.java:237)
	at java.util.concurrent.FutureTask.run(FutureTask.java:266)
	at java.util.concurrent.Executors$RunnableAdapter.call(Executors.java:511)
	at java.util.concurrent.FutureTask.run(FutureTask.java:266)
	at java.util.concurrent.ThreadPoolExecutor.runWorker(ThreadPoolExecutor.java:1149)
	at java.util.concurrent.ThreadPoolExecutor$Worker.run(ThreadPoolExecutor.java:624)
	... 1 more
Caused by: org.apache.ratis.thirdparty.io.netty.channel.AbstractChannel$AnnotatedConnectException: Connection refused: /192.168.5.147:37429
	at sun.nio.ch.SocketChannelImpl.checkConnect(Native Method)
	at sun.nio.ch.SocketChannelImpl.finishConnect(SocketChannelImpl.java:717)
	at org.apache.ratis.thirdparty.io.netty.channel.socket.nio.NioSocketChannel.doFinishConnect(NioSocketChannel.java:327)
	at org.apache.ratis.thirdparty.io.netty.channel.nio.AbstractNioChannel$AbstractNioUnsafe.finishConnect(AbstractNioChannel.java:340)
	at org.apache.ratis.thirdparty.io.netty.channel.nio.NioEventLoop.processSelectedKey(NioEventLoop.java:632)
	at org.apache.ratis.thirdparty.io.netty.channel.nio.NioEventLoop.processSelectedKeysOptimized(NioEventLoop.java:579)
	at org.apache.ratis.thirdparty.io.netty.channel.nio.NioEventLoop.processSelectedKeys(NioEventLoop.java:496)
	at org.apache.ratis.thirdparty.io.netty.channel.nio.NioEventLoop.run(NioEventLoop.java:458)
	at org.apache.ratis.thirdparty.io.netty.util.concurrent.SingleThreadEventExecutor$5.run(SingleThreadEventExecutor.java:897)
	at org.apache.ratis.thirdparty.io.netty.util.concurrent.FastThreadLocalRunnable.run(FastThreadLocalRunnable.java:30)
	... 1 more
Caused by: java.net.ConnectException: Connection refused
	... 11 more
2019-08-03 03:58:29,349 INFO  impl.RoleInfo (RoleInfo.java:shutdownLeaderElection(134)) - a19a9959-3e57-49ad-8b3b-abbda9d8deb6: shutdown LeaderElection
2019-08-03 03:58:29,349 INFO  impl.RaftServerImpl (RaftServerImpl.java:setRole(171)) - a19a9959-3e57-49ad-8b3b-abbda9d8deb6:group-A46853D1419E changes role from CANDIDATE to LEADER at term 2 for changeToLeader
2019-08-03 03:58:29,349 INFO  impl.RaftServerImpl (ServerState.java:setLeader(263)) - a19a9959-3e57-49ad-8b3b-abbda9d8deb6:group-A46853D1419E change Leader from null to a19a9959-3e57-49ad-8b3b-abbda9d8deb6 at term 2 for becomeLeader, leader elected after 36ms
2019-08-03 03:58:29,349 INFO  server.RaftServerConfigKeys (ConfUtils.java:logGet(43)) - raft.server.staging.catchup.gap = 1000 (default)
2019-08-03 03:58:29,349 INFO  server.RaftServerConfigKeys (ConfUtils.java:logGet(43)) - raft.server.rpc.sleep.time = 25ms (default)
2019-08-03 03:58:29,349 INFO  server.RaftServerConfigKeys (ConfUtils.java:logGet(43)) - raft.server.write.element-limit = 4096 (default)
2019-08-03 03:58:29,350 INFO  server.RaftServerConfigKeys (ConfUtils.java:logGet(43)) - raft.server.watch.timeout = 10s (default)
2019-08-03 03:58:29,350 INFO  server.RaftServerConfigKeys (ConfUtils.java:logGet(43)) - raft.server.watch.timeout.denomination = 1s (default)
2019-08-03 03:58:29,350 INFO  server.RaftServerConfigKeys (ConfUtils.java:logGet(43)) - raft.server.watch.element-limit = 65536 (default)
2019-08-03 03:58:29,350 INFO  server.RaftServerConfigKeys (ConfUtils.java:logGet(43)) - raft.server.log.appender.snapshot.chunk.size.max = 16MB (=16777216) (default)
2019-08-03 03:58:29,351 INFO  server.RaftServerConfigKeys (ConfUtils.java:logGet(43)) - raft.server.log.appender.buffer.byte-limit = 33554432 (custom)
2019-08-03 03:58:29,351 INFO  server.RaftServerConfigKeys (ConfUtils.java:logGet(43)) - raft.server.log.appender.buffer.element-limit = 1 (custom)
2019-08-03 03:58:29,351 INFO  grpc.GrpcConfigKeys$Server (ConfUtils.java:logGet(43)) - raft.grpc.server.leader.outstanding.appends.max = 128 (default)
2019-08-03 03:58:29,351 INFO  server.RaftServerConfigKeys (ConfUtils.java:logGet(43)) - raft.server.rpc.request.timeout = 3000ms (default)
2019-08-03 03:58:29,352 INFO  server.RaftServerConfigKeys (ConfUtils.java:logGet(43)) - raft.server.log.appender.install.snapshot.enabled = false (custom)
2019-08-03 03:58:29,352 INFO  server.RaftServerConfigKeys (ConfUtils.java:logGet(43)) - raft.server.log.appender.snapshot.chunk.size.max = 16MB (=16777216) (default)
2019-08-03 03:58:29,352 INFO  server.RaftServerConfigKeys (ConfUtils.java:logGet(43)) - raft.server.log.appender.buffer.byte-limit = 33554432 (custom)
2019-08-03 03:58:29,352 INFO  server.RaftServerConfigKeys (ConfUtils.java:logGet(43)) - raft.server.log.appender.buffer.element-limit = 1 (custom)
2019-08-03 03:58:29,352 INFO  grpc.GrpcConfigKeys$Server (ConfUtils.java:logGet(43)) - raft.grpc.server.leader.outstanding.appends.max = 128 (default)
2019-08-03 03:58:29,353 INFO  server.RaftServerConfigKeys (ConfUtils.java:logGet(43)) - raft.server.rpc.request.timeout = 3000ms (default)
2019-08-03 03:58:29,353 INFO  server.RaftServerConfigKeys (ConfUtils.java:logGet(43)) - raft.server.log.appender.install.snapshot.enabled = false (custom)
2019-08-03 03:58:29,353 INFO  impl.RoleInfo (RoleInfo.java:updateAndGet(143)) - a19a9959-3e57-49ad-8b3b-abbda9d8deb6: start LeaderState
2019-08-03 03:58:29,354 INFO  segmented.SegmentedRaftLogWorker (SegmentedRaftLogWorker.java:rollLogSegment(385)) - a19a9959-3e57-49ad-8b3b-abbda9d8deb6-SegmentedRaftLogWorker:Storage Directory /workdir/hadoop-ozone/integration-test/target/test-dir/MiniOzoneClusterImpl-b706123f-942e-41da-8ebc-47ffff3e32b4/datanode-2/data/ratis/0dff99d3-7ba0-4206-b7d2-a46853d1419e: Rolling segment log-0_0 to index:0
2019-08-03 03:58:29,357 INFO  impl.RaftServerImpl (ServerState.java:setRaftConf(361)) - a19a9959-3e57-49ad-8b3b-abbda9d8deb6:group-A46853D1419E set configuration 1: [a19a9959-3e57-49ad-8b3b-abbda9d8deb6:192.168.5.147:35973, f621b505-b5c7-479f-8586-0b112ca88440:192.168.5.147:37877, 8b7da219-0df9-4e02-922d-b4c8bf36f5dc:192.168.5.147:37429], old=null at 1
2019-08-03 03:58:29,357 INFO  segmented.SegmentedRaftLogWorker (SegmentedRaftLogWorker.java:execute(526)) - a19a9959-3e57-49ad-8b3b-abbda9d8deb6-SegmentedRaftLogWorker:Storage Directory /workdir/hadoop-ozone/integration-test/target/test-dir/MiniOzoneClusterImpl-b706123f-942e-41da-8ebc-47ffff3e32b4/datanode-2/data/ratis/0dff99d3-7ba0-4206-b7d2-a46853d1419e: Rolled log segment from /workdir/hadoop-ozone/integration-test/target/test-dir/MiniOzoneClusterImpl-b706123f-942e-41da-8ebc-47ffff3e32b4/datanode-2/data/ratis/0dff99d3-7ba0-4206-b7d2-a46853d1419e/current/log_inprogress_0 to /workdir/hadoop-ozone/integration-test/target/test-dir/MiniOzoneClusterImpl-b706123f-942e-41da-8ebc-47ffff3e32b4/datanode-2/data/ratis/0dff99d3-7ba0-4206-b7d2-a46853d1419e/current/log_0-0
2019-08-03 03:58:29,357 WARN  server.GrpcLogAppender (LogUtils.java:warn(134)) - a19a9959-3e57-49ad-8b3b-abbda9d8deb6->8b7da219-0df9-4e02-922d-b4c8bf36f5dc: Failed appendEntries: org.apache.ratis.thirdparty.io.grpc.StatusRuntimeException: UNAVAILABLE: io exception
2019-08-03 03:58:29,360 INFO  impl.FollowerInfo (FollowerInfo.java:lambda$new$0(50)) - a19a9959-3e57-49ad-8b3b-abbda9d8deb6->8b7da219-0df9-4e02-922d-b4c8bf36f5dc: nextIndex: updateUnconditionally 1 -> 0
2019-08-03 03:58:29,361 INFO  impl.RaftServerImpl (ServerState.java:setLeader(263)) - f621b505-b5c7-479f-8586-0b112ca88440:group-A46853D1419E change Leader from null to a19a9959-3e57-49ad-8b3b-abbda9d8deb6 at term 2 for appendEntries, leader elected after 26ms
2019-08-03 03:58:29,366 INFO  impl.RaftServerImpl (ServerState.java:setRaftConf(361)) - f621b505-b5c7-479f-8586-0b112ca88440:group-A46853D1419E set configuration 1: [a19a9959-3e57-49ad-8b3b-abbda9d8deb6:192.168.5.147:35973, f621b505-b5c7-479f-8586-0b112ca88440:192.168.5.147:37877, 8b7da219-0df9-4e02-922d-b4c8bf36f5dc:192.168.5.147:37429], old=null at 1
2019-08-03 03:58:29,366 INFO  segmented.SegmentedRaftLogWorker (SegmentedRaftLogWorker.java:rollLogSegment(385)) - f621b505-b5c7-479f-8586-0b112ca88440-SegmentedRaftLogWorker:Storage Directory /workdir/hadoop-ozone/integration-test/target/test-dir/MiniOzoneClusterImpl-b706123f-942e-41da-8ebc-47ffff3e32b4/datanode-0/data/ratis/0dff99d3-7ba0-4206-b7d2-a46853d1419e: Rolling segment log-0_0 to index:0
2019-08-03 03:58:29,367 INFO  segmented.SegmentedRaftLogWorker (SegmentedRaftLogWorker.java:execute(526)) - f621b505-b5c7-479f-8586-0b112ca88440-SegmentedRaftLogWorker:Storage Directory /workdir/hadoop-ozone/integration-test/target/test-dir/MiniOzoneClusterImpl-b706123f-942e-41da-8ebc-47ffff3e32b4/datanode-0/data/ratis/0dff99d3-7ba0-4206-b7d2-a46853d1419e: Rolled log segment from /workdir/hadoop-ozone/integration-test/target/test-dir/MiniOzoneClusterImpl-b706123f-942e-41da-8ebc-47ffff3e32b4/datanode-0/data/ratis/0dff99d3-7ba0-4206-b7d2-a46853d1419e/current/log_inprogress_0 to /workdir/hadoop-ozone/integration-test/target/test-dir/MiniOzoneClusterImpl-b706123f-942e-41da-8ebc-47ffff3e32b4/datanode-0/data/ratis/0dff99d3-7ba0-4206-b7d2-a46853d1419e/current/log_0-0
2019-08-03 03:58:29,384 INFO  segmented.SegmentedRaftLogWorker (SegmentedRaftLogWorker.java:execute(569)) - a19a9959-3e57-49ad-8b3b-abbda9d8deb6-SegmentedRaftLogWorker:Storage Directory /workdir/hadoop-ozone/integration-test/target/test-dir/MiniOzoneClusterImpl-b706123f-942e-41da-8ebc-47ffff3e32b4/datanode-2/data/ratis/0dff99d3-7ba0-4206-b7d2-a46853d1419e: created new log segment /workdir/hadoop-ozone/integration-test/target/test-dir/MiniOzoneClusterImpl-b706123f-942e-41da-8ebc-47ffff3e32b4/datanode-2/data/ratis/0dff99d3-7ba0-4206-b7d2-a46853d1419e/current/log_inprogress_1
2019-08-03 03:58:29,389 INFO  segmented.SegmentedRaftLogWorker (SegmentedRaftLogWorker.java:execute(569)) - f621b505-b5c7-479f-8586-0b112ca88440-SegmentedRaftLogWorker:Storage Directory /workdir/hadoop-ozone/integration-test/target/test-dir/MiniOzoneClusterImpl-b706123f-942e-41da-8ebc-47ffff3e32b4/datanode-0/data/ratis/0dff99d3-7ba0-4206-b7d2-a46853d1419e: created new log segment /workdir/hadoop-ozone/integration-test/target/test-dir/MiniOzoneClusterImpl-b706123f-942e-41da-8ebc-47ffff3e32b4/datanode-0/data/ratis/0dff99d3-7ba0-4206-b7d2-a46853d1419e/current/log_inprogress_1
2019-08-03 03:58:29,399 WARN  server.GrpcLogAppender (LogUtils.java:warn(134)) - a19a9959-3e57-49ad-8b3b-abbda9d8deb6->8b7da219-0df9-4e02-922d-b4c8bf36f5dc: Failed appendEntries: org.apache.ratis.thirdparty.io.grpc.StatusRuntimeException: UNAVAILABLE: io exception
2019-08-03 03:58:29,401 INFO  impl.FollowerInfo (FollowerInfo.java:lambda$new$0(50)) - a19a9959-3e57-49ad-8b3b-abbda9d8deb6->8b7da219-0df9-4e02-922d-b4c8bf36f5dc: nextIndex: updateUnconditionally 1 -> 0
2019-08-03 03:58:29,405 WARN  server.GrpcLogAppender (LogUtils.java:warn(134)) - a19a9959-3e57-49ad-8b3b-abbda9d8deb6->8b7da219-0df9-4e02-922d-b4c8bf36f5dc: Failed appendEntries: org.apache.ratis.thirdparty.io.grpc.StatusRuntimeException: UNAVAILABLE: io exception
2019-08-03 03:58:29,407 INFO  impl.FollowerInfo (FollowerInfo.java:lambda$new$0(50)) - a19a9959-3e57-49ad-8b3b-abbda9d8deb6->8b7da219-0df9-4e02-922d-b4c8bf36f5dc: nextIndex: updateUnconditionally 1 -> 0
2019-08-03 03:58:30,483 WARN  server.GrpcLogAppender (LogUtils.java:warn(134)) - c84dfb69-4bc6-4eb4-8f14-bfffd2ccdf82->69331003-cddb-42ee-ad4e-77b03e66d0a1: Failed appendEntries: org.apache.ratis.thirdparty.io.grpc.StatusRuntimeException: UNAVAILABLE: io exception
2019-08-03 03:58:30,487 INFO  impl.FollowerInfo (FollowerInfo.java:lambda$new$0(50)) - c84dfb69-4bc6-4eb4-8f14-bfffd2ccdf82->69331003-cddb-42ee-ad4e-77b03e66d0a1: nextIndex: updateUnconditionally 7 -> 6
2019-08-03 03:58:30,681 INFO  ozoneimpl.OzoneContainer (OzoneContainer.java:stop(199)) - Attempting to stop container services.
2019-08-03 03:58:30,681 INFO  ozoneimpl.OzoneContainer (OzoneContainer.java:stop(199)) - Attempting to stop container services.
2019-08-03 03:58:30,681 INFO  impl.RaftServerProxy (RaftServerProxy.java:lambda$close$4(314)) - a19a9959-3e57-49ad-8b3b-abbda9d8deb6: close
2019-08-03 03:58:30,682 INFO  impl.RaftServerProxy (RaftServerProxy.java:lambda$close$4(314)) - c84dfb69-4bc6-4eb4-8f14-bfffd2ccdf82: close
2019-08-03 03:58:30,682 INFO  impl.RaftServerImpl (RaftServerImpl.java:lambda$shutdown$3(245)) - a19a9959-3e57-49ad-8b3b-abbda9d8deb6: shutdown group-F52C941E60B7
2019-08-03 03:58:30,682 INFO  impl.RaftServerImpl (RaftServerImpl.java:lambda$shutdown$3(245)) - c84dfb69-4bc6-4eb4-8f14-bfffd2ccdf82: shutdown group-E42353D52738
2019-08-03 03:58:30,683 INFO  util.JmxRegister (JmxRegister.java:unregister(73)) - Successfully un-registered JMX Bean with object name Ratis:service=RaftServer,group=group-F52C941E60B7,id=a19a9959-3e57-49ad-8b3b-abbda9d8deb6
2019-08-03 03:58:30,683 INFO  util.JmxRegister (JmxRegister.java:unregister(73)) - Successfully un-registered JMX Bean with object name Ratis:service=RaftServer,group=group-E42353D52738,id=c84dfb69-4bc6-4eb4-8f14-bfffd2ccdf82
2019-08-03 03:58:30,683 INFO  impl.RoleInfo (RoleInfo.java:shutdownLeaderState(104)) - a19a9959-3e57-49ad-8b3b-abbda9d8deb6: shutdown LeaderState
2019-08-03 03:58:30,684 INFO  impl.RoleInfo (RoleInfo.java:shutdownLeaderState(104)) - c84dfb69-4bc6-4eb4-8f14-bfffd2ccdf82: shutdown LeaderState
2019-08-03 03:58:30,684 INFO  impl.PendingRequests (PendingRequests.java:sendNotLeaderResponses(202)) - a19a9959-3e57-49ad-8b3b-abbda9d8deb6-PendingRequests: sendNotLeaderResponses
2019-08-03 03:58:30,685 INFO  impl.PendingRequests (PendingRequests.java:sendNotLeaderResponses(202)) - c84dfb69-4bc6-4eb4-8f14-bfffd2ccdf82-PendingRequests: sendNotLeaderResponses
2019-08-03 03:58:30,685 INFO  impl.StateMachineUpdater (StateMachineUpdater.java:stopAndJoin(115)) - StateMachineUpdater:a19a9959-3e57-49ad-8b3b-abbda9d8deb6:group-F52C941E60B7: set stopIndex = 0
2019-08-03 03:58:30,685 INFO  impl.StateMachineUpdater (StateMachineUpdater.java:stopAndJoin(115)) - StateMachineUpdater:c84dfb69-4bc6-4eb4-8f14-bfffd2ccdf82:group-E42353D52738: set stopIndex = 0
2019-08-03 03:58:30,686 INFO  impl.RaftServerImpl (ServerState.java:close(394)) - c84dfb69-4bc6-4eb4-8f14-bfffd2ccdf82:group-E42353D52738 closes. The last applied log index is 0
2019-08-03 03:58:30,686 INFO  impl.RaftServerImpl (ServerState.java:close(394)) - a19a9959-3e57-49ad-8b3b-abbda9d8deb6:group-F52C941E60B7 closes. The last applied log index is 0
2019-08-03 03:58:30,687 INFO  segmented.SegmentedRaftLogWorker (SegmentedRaftLogWorker.java:run(313)) - c84dfb69-4bc6-4eb4-8f14-bfffd2ccdf82-SegmentedRaftLogWorker:Storage Directory /workdir/hadoop-ozone/integration-test/target/test-dir/MiniOzoneClusterImpl-b706123f-942e-41da-8ebc-47ffff3e32b4/datanode-3/data/ratis/1e4be761-dcec-4592-8f48-e42353d52738 was interrupted, exiting. There are 0 tasks remaining in the queue.
2019-08-03 03:58:30,687 INFO  segmented.SegmentedRaftLogWorker (SegmentedRaftLogWorker.java:run(313)) - a19a9959-3e57-49ad-8b3b-abbda9d8deb6-SegmentedRaftLogWorker:Storage Directory /workdir/hadoop-ozone/integration-test/target/test-dir/MiniOzoneClusterImpl-b706123f-942e-41da-8ebc-47ffff3e32b4/datanode-2/data/ratis/f5141392-04f7-4ad2-875b-f52c941e60b7 was interrupted, exiting. There are 0 tasks remaining in the queue.
2019-08-03 03:58:30,692 INFO  segmented.SegmentedRaftLogWorker (SegmentedRaftLogWorker.java:close(228)) - c84dfb69-4bc6-4eb4-8f14-bfffd2ccdf82-SegmentedRaftLogWorker:Storage Directory /workdir/hadoop-ozone/integration-test/target/test-dir/MiniOzoneClusterImpl-b706123f-942e-41da-8ebc-47ffff3e32b4/datanode-3/data/ratis/1e4be761-dcec-4592-8f48-e42353d52738 close()
2019-08-03 03:58:30,692 INFO  segmented.SegmentedRaftLogWorker (SegmentedRaftLogWorker.java:close(228)) - a19a9959-3e57-49ad-8b3b-abbda9d8deb6-SegmentedRaftLogWorker:Storage Directory /workdir/hadoop-ozone/integration-test/target/test-dir/MiniOzoneClusterImpl-b706123f-942e-41da-8ebc-47ffff3e32b4/datanode-2/data/ratis/f5141392-04f7-4ad2-875b-f52c941e60b7 close()
2019-08-03 03:58:30,694 INFO  impl.RaftServerImpl (RaftServerImpl.java:lambda$shutdown$3(245)) - c84dfb69-4bc6-4eb4-8f14-bfffd2ccdf82: shutdown group-08FB9342286A
2019-08-03 03:58:30,697 INFO  impl.RaftServerImpl (RaftServerImpl.java:lambda$shutdown$3(245)) - a19a9959-3e57-49ad-8b3b-abbda9d8deb6: shutdown group-A46853D1419E
2019-08-03 03:58:30,697 INFO  util.JmxRegister (JmxRegister.java:unregister(73)) - Successfully un-registered JMX Bean with object name Ratis:service=RaftServer,group=group-08FB9342286A,id=c84dfb69-4bc6-4eb4-8f14-bfffd2ccdf82
2019-08-03 03:58:30,698 INFO  impl.RoleInfo (RoleInfo.java:shutdownLeaderState(104)) - c84dfb69-4bc6-4eb4-8f14-bfffd2ccdf82: shutdown LeaderState
2019-08-03 03:58:30,698 INFO  util.JmxRegister (JmxRegister.java:unregister(73)) - Successfully un-registered JMX Bean with object name Ratis:service=RaftServer,group=group-A46853D1419E,id=a19a9959-3e57-49ad-8b3b-abbda9d8deb6
2019-08-03 03:58:30,703 WARN  server.GrpcLogAppender (GrpcLogAppender.java:mayWait(143)) - GrpcLogAppender(c84dfb69-4bc6-4eb4-8f14-bfffd2ccdf82->69331003-cddb-42ee-ad4e-77b03e66d0a1): Wait interrupted by java.lang.InterruptedException
2019-08-03 03:58:30,703 WARN  server.GrpcLogAppender (GrpcLogAppender.java:mayWait(143)) - GrpcLogAppender(c84dfb69-4bc6-4eb4-8f14-bfffd2ccdf82->956d6195-2268-40b6-a07e-4f11e91c0f03): Wait interrupted by java.lang.InterruptedException
2019-08-03 03:58:30,702 INFO  impl.PendingRequests (PendingRequests.java:sendNotLeaderResponses(202)) - c84dfb69-4bc6-4eb4-8f14-bfffd2ccdf82-PendingRequests: sendNotLeaderResponses
2019-08-03 03:58:30,704 INFO  server.GrpcServerProtocolService (GrpcServerProtocolService.java:onCompleted(104)) - 956d6195-2268-40b6-a07e-4f11e91c0f03: appendEntries completed
2019-08-03 03:58:30,703 INFO  impl.RoleInfo (RoleInfo.java:shutdownLeaderState(104)) - a19a9959-3e57-49ad-8b3b-abbda9d8deb6: shutdown LeaderState
2019-08-03 03:58:30,708 INFO  impl.StateMachineUpdater (StateMachineUpdater.java:stopAndJoin(115)) - StateMachineUpdater:c84dfb69-4bc6-4eb4-8f14-bfffd2ccdf82:group-08FB9342286A: set stopIndex = 8
2019-08-03 03:58:30,713 INFO  server.GrpcLogAppender (GrpcLogAppender.java:onCompleted(292)) - c84dfb69-4bc6-4eb4-8f14-bfffd2ccdf82->956d6195-2268-40b6-a07e-4f11e91c0f03: follower responses appendEntries COMPLETED
2019-08-03 03:58:30,713 WARN  server.GrpcLogAppender (GrpcLogAppender.java:mayWait(143)) - GrpcLogAppender(a19a9959-3e57-49ad-8b3b-abbda9d8deb6->f621b505-b5c7-479f-8586-0b112ca88440): Wait interrupted by java.lang.InterruptedException
2019-08-03 03:58:30,716 INFO  impl.FollowerInfo (FollowerInfo.java:lambda$new$0(50)) - c84dfb69-4bc6-4eb4-8f14-bfffd2ccdf82->956d6195-2268-40b6-a07e-4f11e91c0f03: nextIndex: updateUnconditionally 9 -> 8
2019-08-03 03:58:30,713 WARN  server.GrpcLogAppender (GrpcLogAppender.java:mayWait(143)) - GrpcLogAppender(a19a9959-3e57-49ad-8b3b-abbda9d8deb6->8b7da219-0df9-4e02-922d-b4c8bf36f5dc): Wait interrupted by java.lang.InterruptedException
2019-08-03 03:58:30,713 INFO  impl.PendingRequests (PendingRequests.java:sendNotLeaderResponses(202)) - a19a9959-3e57-49ad-8b3b-abbda9d8deb6-PendingRequests: sendNotLeaderResponses
2019-08-03 03:58:30,708 INFO  ratis.ContainerStateMachine (ContainerStateMachine.java:takeSnapshot(262)) - group-08FB9342286A: Taking a snapshot at:(t:1, i:6) file /workdir/hadoop-ozone/integration-test/target/test-dir/MiniOzoneClusterImpl-b706123f-942e-41da-8ebc-47ffff3e32b4/datanode-3/data/ratis/2081d7ba-64da-4fcc-af41-08fb9342286a/sm/snapshot.1_6
2019-08-03 03:58:30,721 INFO  impl.StateMachineUpdater (StateMachineUpdater.java:stopAndJoin(115)) - StateMachineUpdater:a19a9959-3e57-49ad-8b3b-abbda9d8deb6:group-A46853D1419E: set stopIndex = 2
2019-08-03 03:58:30,721 INFO  impl.RaftServerImpl (ServerState.java:close(394)) - a19a9959-3e57-49ad-8b3b-abbda9d8deb6:group-A46853D1419E closes. The last applied log index is 2
2019-08-03 03:58:30,717 INFO  server.GrpcServerProtocolService (GrpcServerProtocolService.java:onCompleted(104)) - f621b505-b5c7-479f-8586-0b112ca88440: appendEntries completed
2019-08-03 03:58:30,722 INFO  segmented.SegmentedRaftLogWorker (SegmentedRaftLogWorker.java:run(313)) - a19a9959-3e57-49ad-8b3b-abbda9d8deb6-SegmentedRaftLogWorker:Storage Directory /workdir/hadoop-ozone/integration-test/target/test-dir/MiniOzoneClusterImpl-b706123f-942e-41da-8ebc-47ffff3e32b4/datanode-2/data/ratis/0dff99d3-7ba0-4206-b7d2-a46853d1419e was interrupted, exiting. There are 0 tasks remaining in the queue.
2019-08-03 03:58:30,725 INFO  server.GrpcLogAppender (GrpcLogAppender.java:onCompleted(292)) - a19a9959-3e57-49ad-8b3b-abbda9d8deb6->f621b505-b5c7-479f-8586-0b112ca88440: follower responses appendEntries COMPLETED
2019-08-03 03:58:30,727 INFO  impl.FollowerInfo (FollowerInfo.java:lambda$new$0(50)) - a19a9959-3e57-49ad-8b3b-abbda9d8deb6->f621b505-b5c7-479f-8586-0b112ca88440: nextIndex: updateUnconditionally 3 -> 2
2019-08-03 03:58:30,733 INFO  segmented.SegmentedRaftLogWorker (SegmentedRaftLogWorker.java:close(228)) - a19a9959-3e57-49ad-8b3b-abbda9d8deb6-SegmentedRaftLogWorker:Storage Directory /workdir/hadoop-ozone/integration-test/target/test-dir/MiniOzoneClusterImpl-b706123f-942e-41da-8ebc-47ffff3e32b4/datanode-2/data/ratis/0dff99d3-7ba0-4206-b7d2-a46853d1419e close()
2019-08-03 03:58:30,735 INFO  ratis.ContainerStateMachine (ContainerStateMachine.java:takeSnapshot(273)) - group-08FB9342286A: Finished taking a snapshot at:(t:1, i:6) file:/workdir/hadoop-ozone/integration-test/target/test-dir/MiniOzoneClusterImpl-b706123f-942e-41da-8ebc-47ffff3e32b4/datanode-3/data/ratis/2081d7ba-64da-4fcc-af41-08fb9342286a/sm/snapshot.1_6 time:27
2019-08-03 03:58:30,735 INFO  server.GrpcService (GrpcService.java:closeImpl(155)) - a19a9959-3e57-49ad-8b3b-abbda9d8deb6: shutdown server with port 35973 now
2019-08-03 03:58:30,736 INFO  impl.StateMachineUpdater (StateMachineUpdater.java:takeSnapshot(242)) - StateMachineUpdater:c84dfb69-4bc6-4eb4-8f14-bfffd2ccdf82:group-08FB9342286A: Took a snapshot at index 6
2019-08-03 03:58:30,736 INFO  impl.StateMachineUpdater (StateMachineUpdater.java:lambda$new$0(80)) - StateMachineUpdater:c84dfb69-4bc6-4eb4-8f14-bfffd2ccdf82:group-08FB9342286A: snapshotIndex: updateIncreasingly -1 -> 6
2019-08-03 03:58:30,736 INFO  server.GrpcService (GrpcService.java:closeImpl(163)) - a19a9959-3e57-49ad-8b3b-abbda9d8deb6: shutdown server with port 35973 successfully
2019-08-03 03:58:30,736 INFO  impl.RaftServerImpl (ServerState.java:close(394)) - c84dfb69-4bc6-4eb4-8f14-bfffd2ccdf82:group-08FB9342286A closes. The last applied log index is 8
2019-08-03 03:58:30,737 INFO  segmented.SegmentedRaftLogWorker (SegmentedRaftLogWorker.java:run(313)) - c84dfb69-4bc6-4eb4-8f14-bfffd2ccdf82-SegmentedRaftLogWorker:Storage Directory /workdir/hadoop-ozone/integration-test/target/test-dir/MiniOzoneClusterImpl-b706123f-942e-41da-8ebc-47ffff3e32b4/datanode-3/data/ratis/2081d7ba-64da-4fcc-af41-08fb9342286a was interrupted, exiting. There are 0 tasks remaining in the queue.
2019-08-03 03:58:30,738 INFO  utils.BackgroundService (BackgroundService.java:shutdown(148)) - Shutting down service BlockDeletingService
2019-08-03 03:58:30,740 INFO  segmented.SegmentedRaftLogWorker (SegmentedRaftLogWorker.java:close(228)) - c84dfb69-4bc6-4eb4-8f14-bfffd2ccdf82-SegmentedRaftLogWorker:Storage Directory /workdir/hadoop-ozone/integration-test/target/test-dir/MiniOzoneClusterImpl-b706123f-942e-41da-8ebc-47ffff3e32b4/datanode-3/data/ratis/2081d7ba-64da-4fcc-af41-08fb9342286a close()
2019-08-03 03:58:30,743 WARN  fs.CachingGetSpaceUsed (CachingGetSpaceUsed.java:run(183)) - Thread Interrupted waiting to refresh disk information: sleep interrupted
2019-08-03 03:58:30,743 INFO  server.GrpcService (GrpcService.java:closeImpl(155)) - c84dfb69-4bc6-4eb4-8f14-bfffd2ccdf82: shutdown server with port 34545 now
2019-08-03 03:58:30,744 INFO  server.GrpcService (GrpcService.java:closeImpl(163)) - c84dfb69-4bc6-4eb4-8f14-bfffd2ccdf82: shutdown server with port 34545 successfully
2019-08-03 03:58:30,746 INFO  utils.BackgroundService (BackgroundService.java:shutdown(148)) - Shutting down service BlockDeletingService
2019-08-03 03:58:30,752 WARN  fs.CachingGetSpaceUsed (CachingGetSpaceUsed.java:run(183)) - Thread Interrupted waiting to refresh disk information: sleep interrupted
2019-08-03 03:58:30,765 INFO  statemachine.DatanodeStateMachine (DatanodeStateMachine.java:stopDaemon(395)) - Ozone container server stopped.
2019-08-03 03:58:30,771 INFO  handler.ContextHandler (ContextHandler.java:doStop(910)) - Stopped o.e.j.w.WebAppContext@19d27c27{/,null,UNAVAILABLE}{/hddsDatanode}
2019-08-03 03:58:30,772 INFO  server.AbstractConnector (AbstractConnector.java:doStop(318)) - Stopped ServerConnector@6181bc4a{HTTP/1.1,[http/1.1]}{0.0.0.0:0}
2019-08-03 03:58:30,774 INFO  handler.ContextHandler (ContextHandler.java:doStop(910)) - Stopped o.e.j.s.ServletContextHandler@70cf7d1e{/static,jar:file:/home/user/.m2/repository/org/apache/hadoop/hadoop-hdds-container-service/0.4.1-SNAPSHOT/hadoop-hdds-container-service-0.4.1-SNAPSHOT.jar!/webapps/static,UNAVAILABLE}
2019-08-03 03:58:30,776 INFO  handler.ContextHandler (ContextHandler.java:doStop(910)) - Stopped o.e.j.s.ServletContextHandler@536da29c{/logs,file:///workdir/hadoop-ozone/integration-test/target/log,UNAVAILABLE}
2019-08-03 03:58:30,780 INFO  datanode.ObjectStoreHandler (ObjectStoreHandler.java:close(155)) - Closing ObjectStoreHandler.
2019-08-03 03:58:30,782 INFO  statemachine.DatanodeStateMachine (DatanodeStateMachine.java:stopDaemon(395)) - Ozone container server stopped.
2019-08-03 03:58:30,782 INFO  ozone.HddsDatanodeService (HddsDatanodeService.java:stop(451)) - Stopped plug-in org.apache.hadoop.ozone.web.OzoneHddsDatanodeService@63cf578f
2019-08-03 03:58:30,783 INFO  handler.ContextHandler (ContextHandler.java:doStop(910)) - Stopped o.e.j.w.WebAppContext@76134b9b{/,null,UNAVAILABLE}{/hddsDatanode}
2019-08-03 03:58:30,784 INFO  server.AbstractConnector (AbstractConnector.java:doStop(318)) - Stopped ServerConnector@38667005{HTTP/1.1,[http/1.1]}{0.0.0.0:0}
2019-08-03 03:58:30,784 INFO  handler.ContextHandler (ContextHandler.java:doStop(910)) - Stopped o.e.j.s.ServletContextHandler@9f2376f{/static,jar:file:/home/user/.m2/repository/org/apache/hadoop/hadoop-hdds-container-service/0.4.1-SNAPSHOT/hadoop-hdds-container-service-0.4.1-SNAPSHOT.jar!/webapps/static,UNAVAILABLE}
2019-08-03 03:58:30,785 INFO  handler.ContextHandler (ContextHandler.java:doStop(910)) - Stopped o.e.j.s.ServletContextHandler@302da330{/logs,file:///workdir/hadoop-ozone/integration-test/target/log,UNAVAILABLE}
2019-08-03 03:58:30,786 INFO  datanode.ObjectStoreHandler (ObjectStoreHandler.java:close(155)) - Closing ObjectStoreHandler.
2019-08-03 03:58:30,787 INFO  ozone.HddsDatanodeService (HddsDatanodeService.java:stop(451)) - Stopped plug-in org.apache.hadoop.ozone.web.OzoneHddsDatanodeService@60a99f3d
2019-08-03 03:58:30,944 INFO  statemachine.DatanodeStateMachine (DatanodeStateMachine.java:lambda$startDaemon$0(350)) - Ozone container server started.
2019-08-03 03:58:31,595 INFO  statemachine.DatanodeStateMachine (DatanodeStateMachine.java:lambda$startDaemon$0(350)) - Ozone container server started.
2019-08-03 03:58:35,783 INFO  ozoneimpl.OzoneContainer (OzoneContainer.java:stop(199)) - Attempting to stop container services.
2019-08-03 03:58:35,783 INFO  impl.RaftServerProxy (RaftServerProxy.java:lambda$close$4(314)) - f621b505-b5c7-479f-8586-0b112ca88440: close
2019-08-03 03:58:35,784 INFO  impl.RaftServerImpl (RaftServerImpl.java:lambda$shutdown$3(245)) - f621b505-b5c7-479f-8586-0b112ca88440: shutdown group-82DD4EBBBF4D
2019-08-03 03:58:35,784 INFO  util.JmxRegister (JmxRegister.java:unregister(73)) - Successfully un-registered JMX Bean with object name Ratis:service=RaftServer,group=group-82DD4EBBBF4D,id=f621b505-b5c7-479f-8586-0b112ca88440
2019-08-03 03:58:35,784 INFO  impl.RoleInfo (RoleInfo.java:shutdownLeaderState(104)) - f621b505-b5c7-479f-8586-0b112ca88440: shutdown LeaderState
2019-08-03 03:58:35,785 INFO  impl.PendingRequests (PendingRequests.java:sendNotLeaderResponses(202)) - f621b505-b5c7-479f-8586-0b112ca88440-PendingRequests: sendNotLeaderResponses
2019-08-03 03:58:35,785 INFO  impl.StateMachineUpdater (StateMachineUpdater.java:stopAndJoin(115)) - StateMachineUpdater:f621b505-b5c7-479f-8586-0b112ca88440:group-82DD4EBBBF4D: set stopIndex = 0
2019-08-03 03:58:35,785 INFO  impl.RaftServerImpl (ServerState.java:close(394)) - f621b505-b5c7-479f-8586-0b112ca88440:group-82DD4EBBBF4D closes. The last applied log index is 0
2019-08-03 03:58:35,786 INFO  segmented.SegmentedRaftLogWorker (SegmentedRaftLogWorker.java:run(313)) - f621b505-b5c7-479f-8586-0b112ca88440-SegmentedRaftLogWorker:Storage Directory /workdir/hadoop-ozone/integration-test/target/test-dir/MiniOzoneClusterImpl-b706123f-942e-41da-8ebc-47ffff3e32b4/datanode-0/data/ratis/2fd0b130-23cc-4226-bb22-82dd4ebbbf4d was interrupted, exiting. There are 0 tasks remaining in the queue.
2019-08-03 03:58:35,789 INFO  segmented.SegmentedRaftLogWorker (SegmentedRaftLogWorker.java:close(228)) - f621b505-b5c7-479f-8586-0b112ca88440-SegmentedRaftLogWorker:Storage Directory /workdir/hadoop-ozone/integration-test/target/test-dir/MiniOzoneClusterImpl-b706123f-942e-41da-8ebc-47ffff3e32b4/datanode-0/data/ratis/2fd0b130-23cc-4226-bb22-82dd4ebbbf4d close()
2019-08-03 03:58:35,789 INFO  ozoneimpl.OzoneContainer (OzoneContainer.java:stop(199)) - Attempting to stop container services.
2019-08-03 03:58:35,791 INFO  impl.RaftServerImpl (RaftServerImpl.java:lambda$shutdown$3(245)) - f621b505-b5c7-479f-8586-0b112ca88440: shutdown group-A46853D1419E
2019-08-03 03:58:35,791 INFO  impl.RaftServerProxy (RaftServerProxy.java:lambda$close$4(314)) - bff501fd-9d46-4f24-9f03-c4dde58a1051: close
2019-08-03 03:58:35,791 INFO  util.JmxRegister (JmxRegister.java:unregister(73)) - Successfully un-registered JMX Bean with object name Ratis:service=RaftServer,group=group-A46853D1419E,id=f621b505-b5c7-479f-8586-0b112ca88440
2019-08-03 03:58:35,792 INFO  impl.RaftServerImpl (RaftServerImpl.java:lambda$shutdown$3(245)) - bff501fd-9d46-4f24-9f03-c4dde58a1051: shutdown group-53560E8DFDC0
2019-08-03 03:58:35,792 INFO  impl.RoleInfo (RoleInfo.java:shutdownFollowerState(121)) - f621b505-b5c7-479f-8586-0b112ca88440: shutdown FollowerState
2019-08-03 03:58:35,793 INFO  util.JmxRegister (JmxRegister.java:unregister(73)) - Successfully un-registered JMX Bean with object name Ratis:service=RaftServer,group=group-53560E8DFDC0,id=bff501fd-9d46-4f24-9f03-c4dde58a1051
2019-08-03 03:58:35,793 INFO  impl.RoleInfo (RoleInfo.java:shutdownLeaderState(104)) - bff501fd-9d46-4f24-9f03-c4dde58a1051: shutdown LeaderState
2019-08-03 03:58:35,793 INFO  impl.FollowerState (FollowerState.java:run(114)) - f621b505-b5c7-479f-8586-0b112ca88440: FollowerState was interrupted: java.lang.InterruptedException: sleep interrupted
2019-08-03 03:58:35,793 INFO  impl.StateMachineUpdater (StateMachineUpdater.java:stopAndJoin(115)) - StateMachineUpdater:f621b505-b5c7-479f-8586-0b112ca88440:group-A46853D1419E: set stopIndex = 1
2019-08-03 03:58:35,796 INFO  impl.RaftServerImpl (ServerState.java:close(394)) - f621b505-b5c7-479f-8586-0b112ca88440:group-A46853D1419E closes. The last applied log index is 1
2019-08-03 03:58:35,794 INFO  impl.PendingRequests (PendingRequests.java:sendNotLeaderResponses(202)) - bff501fd-9d46-4f24-9f03-c4dde58a1051-PendingRequests: sendNotLeaderResponses
2019-08-03 03:58:35,796 INFO  segmented.SegmentedRaftLogWorker (SegmentedRaftLogWorker.java:run(313)) - f621b505-b5c7-479f-8586-0b112ca88440-SegmentedRaftLogWorker:Storage Directory /workdir/hadoop-ozone/integration-test/target/test-dir/MiniOzoneClusterImpl-b706123f-942e-41da-8ebc-47ffff3e32b4/datanode-0/data/ratis/0dff99d3-7ba0-4206-b7d2-a46853d1419e was interrupted, exiting. There are 0 tasks remaining in the queue.
2019-08-03 03:58:35,797 INFO  impl.StateMachineUpdater (StateMachineUpdater.java:stopAndJoin(115)) - StateMachineUpdater:bff501fd-9d46-4f24-9f03-c4dde58a1051:group-53560E8DFDC0: set stopIndex = 0
2019-08-03 03:58:35,799 INFO  impl.RaftServerImpl (ServerState.java:close(394)) - bff501fd-9d46-4f24-9f03-c4dde58a1051:group-53560E8DFDC0 closes. The last applied log index is 0
2019-08-03 03:58:35,800 INFO  segmented.SegmentedRaftLogWorker (SegmentedRaftLogWorker.java:run(313)) - bff501fd-9d46-4f24-9f03-c4dde58a1051-SegmentedRaftLogWorker:Storage Directory /workdir/hadoop-ozone/integration-test/target/test-dir/MiniOzoneClusterImpl-b706123f-942e-41da-8ebc-47ffff3e32b4/datanode-6/data/ratis/90323269-49cf-42a0-8d65-53560e8dfdc0 was interrupted, exiting. There are 0 tasks remaining in the queue.
2019-08-03 03:58:35,807 INFO  segmented.SegmentedRaftLogWorker (SegmentedRaftLogWorker.java:close(228)) - f621b505-b5c7-479f-8586-0b112ca88440-SegmentedRaftLogWorker:Storage Directory /workdir/hadoop-ozone/integration-test/target/test-dir/MiniOzoneClusterImpl-b706123f-942e-41da-8ebc-47ffff3e32b4/datanode-0/data/ratis/0dff99d3-7ba0-4206-b7d2-a46853d1419e close()
2019-08-03 03:58:35,807 INFO  segmented.SegmentedRaftLogWorker (SegmentedRaftLogWorker.java:close(228)) - bff501fd-9d46-4f24-9f03-c4dde58a1051-SegmentedRaftLogWorker:Storage Directory /workdir/hadoop-ozone/integration-test/target/test-dir/MiniOzoneClusterImpl-b706123f-942e-41da-8ebc-47ffff3e32b4/datanode-6/data/ratis/90323269-49cf-42a0-8d65-53560e8dfdc0 close()
2019-08-03 03:58:35,807 INFO  server.GrpcService (GrpcService.java:closeImpl(155)) - f621b505-b5c7-479f-8586-0b112ca88440: shutdown server with port 37877 now
2019-08-03 03:58:35,808 INFO  server.GrpcService (GrpcService.java:closeImpl(155)) - bff501fd-9d46-4f24-9f03-c4dde58a1051: shutdown server with port 45887 now
2019-08-03 03:58:35,809 INFO  server.GrpcService (GrpcService.java:closeImpl(163)) - f621b505-b5c7-479f-8586-0b112ca88440: shutdown server with port 37877 successfully
2019-08-03 03:58:35,810 INFO  server.GrpcService (GrpcService.java:closeImpl(163)) - bff501fd-9d46-4f24-9f03-c4dde58a1051: shutdown server with port 45887 successfully
2019-08-03 03:58:35,811 INFO  utils.BackgroundService (BackgroundService.java:shutdown(148)) - Shutting down service BlockDeletingService
2019-08-03 03:58:35,813 WARN  fs.CachingGetSpaceUsed (CachingGetSpaceUsed.java:run(183)) - Thread Interrupted waiting to refresh disk information: sleep interrupted
2019-08-03 03:58:35,819 INFO  utils.BackgroundService (BackgroundService.java:shutdown(148)) - Shutting down service BlockDeletingService
2019-08-03 03:58:35,820 WARN  fs.CachingGetSpaceUsed (CachingGetSpaceUsed.java:run(183)) - Thread Interrupted waiting to refresh disk information: sleep interrupted
2019-08-03 03:58:35,834 INFO  statemachine.DatanodeStateMachine (DatanodeStateMachine.java:stopDaemon(395)) - Ozone container server stopped.
2019-08-03 03:58:35,839 INFO  handler.ContextHandler (ContextHandler.java:doStop(910)) - Stopped o.e.j.w.WebAppContext@1d77746b{/,null,UNAVAILABLE}{/hddsDatanode}
2019-08-03 03:58:35,840 INFO  server.AbstractConnector (AbstractConnector.java:doStop(318)) - Stopped ServerConnector@4ced17f3{HTTP/1.1,[http/1.1]}{0.0.0.0:0}
2019-08-03 03:58:35,844 INFO  handler.ContextHandler (ContextHandler.java:doStop(910)) - Stopped o.e.j.s.ServletContextHandler@36d697ab{/static,jar:file:/home/user/.m2/repository/org/apache/hadoop/hadoop-hdds-container-service/0.4.1-SNAPSHOT/hadoop-hdds-container-service-0.4.1-SNAPSHOT.jar!/webapps/static,UNAVAILABLE}
2019-08-03 03:58:35,845 INFO  statemachine.DatanodeStateMachine (DatanodeStateMachine.java:stopDaemon(395)) - Ozone container server stopped.
2019-08-03 03:58:35,847 INFO  handler.ContextHandler (ContextHandler.java:doStop(910)) - Stopped o.e.j.s.ServletContextHandler@699e0bf0{/logs,file:///workdir/hadoop-ozone/integration-test/target/log,UNAVAILABLE}
2019-08-03 03:58:35,848 INFO  handler.ContextHandler (ContextHandler.java:doStop(910)) - Stopped o.e.j.w.WebAppContext@549d14fe{/,null,UNAVAILABLE}{/hddsDatanode}
2019-08-03 03:58:35,848 INFO  datanode.ObjectStoreHandler (ObjectStoreHandler.java:close(155)) - Closing ObjectStoreHandler.
2019-08-03 03:58:35,848 INFO  server.AbstractConnector (AbstractConnector.java:doStop(318)) - Stopped ServerConnector@77d54a41{HTTP/1.1,[http/1.1]}{0.0.0.0:0}
2019-08-03 03:58:35,849 INFO  handler.ContextHandler (ContextHandler.java:doStop(910)) - Stopped o.e.j.s.ServletContextHandler@6a9df5{/static,jar:file:/home/user/.m2/repository/org/apache/hadoop/hadoop-hdds-container-service/0.4.1-SNAPSHOT/hadoop-hdds-container-service-0.4.1-SNAPSHOT.jar!/webapps/static,UNAVAILABLE}
2019-08-03 03:58:35,849 INFO  ozone.HddsDatanodeService (HddsDatanodeService.java:stop(451)) - Stopped plug-in org.apache.hadoop.ozone.web.OzoneHddsDatanodeService@4e647f39
2019-08-03 03:58:35,849 INFO  handler.ContextHandler (ContextHandler.java:doStop(910)) - Stopped o.e.j.s.ServletContextHandler@450d10cb{/logs,file:///workdir/hadoop-ozone/integration-test/target/log,UNAVAILABLE}
2019-08-03 03:58:36,471 INFO  statemachine.DatanodeStateMachine (DatanodeStateMachine.java:lambda$startDaemon$0(350)) - Ozone container server started.
2019-08-03 03:58:40,107 INFO  impl.FollowerState (FollowerState.java:run(106)) - 956d6195-2268-40b6-a07e-4f11e91c0f03:group-08FB9342286A changes to CANDIDATE, lastRpcTime:9617, electionTimeout:5128ms
2019-08-03 03:58:40,107 INFO  impl.RoleInfo (RoleInfo.java:shutdownFollowerState(121)) - 956d6195-2268-40b6-a07e-4f11e91c0f03: shutdown FollowerState
2019-08-03 03:58:40,107 INFO  impl.RaftServerImpl (RaftServerImpl.java:setRole(171)) - 956d6195-2268-40b6-a07e-4f11e91c0f03:group-08FB9342286A changes role from FOLLOWER to CANDIDATE at term 1 for changeToCandidate
2019-08-03 03:58:40,107 INFO  impl.RoleInfo (RoleInfo.java:updateAndGet(143)) - 956d6195-2268-40b6-a07e-4f11e91c0f03: start LeaderElection
2019-08-03 03:58:40,109 INFO  impl.RaftServerImpl (ServerState.java:setLeader(263)) - 956d6195-2268-40b6-a07e-4f11e91c0f03:group-08FB9342286A change Leader from c84dfb69-4bc6-4eb4-8f14-bfffd2ccdf82 to null at term 1 for initElection
2019-08-03 03:58:40,117 INFO  impl.LeaderElection (LeaderElection.java:askForVotes(181)) - 956d6195-2268-40b6-a07e-4f11e91c0f03:group-08FB9342286A:LeaderElection30: begin an election at term 2 for 0: [69331003-cddb-42ee-ad4e-77b03e66d0a1:192.168.5.147:45161, c84dfb69-4bc6-4eb4-8f14-bfffd2ccdf82:192.168.5.147:34545, 956d6195-2268-40b6-a07e-4f11e91c0f03:192.168.5.147:34094], old=null
2019-08-03 03:58:40,121 INFO  impl.LeaderElection (LogUtils.java:infoOrTrace(149)) - 956d6195-2268-40b6-a07e-4f11e91c0f03:group-08FB9342286A:LeaderElection30 got exception when requesting votes: {}
java.util.concurrent.ExecutionException: org.apache.ratis.thirdparty.io.grpc.StatusRuntimeException: UNAVAILABLE: io exception
	at java.util.concurrent.FutureTask.report(FutureTask.java:122)
	at java.util.concurrent.FutureTask.get(FutureTask.java:192)
	at org.apache.ratis.server.impl.LeaderElection.waitForResults(LeaderElection.java:262)
	at org.apache.ratis.server.impl.LeaderElection.askForVotes(LeaderElection.java:200)
	at org.apache.ratis.server.impl.LeaderElection.run(LeaderElection.java:130)
	at java.lang.Thread.run(Thread.java:748)
Caused by: org.apache.ratis.thirdparty.io.grpc.StatusRuntimeException: UNAVAILABLE: io exception
	at org.apache.ratis.thirdparty.io.grpc.stub.ClientCalls.toStatusRuntimeException(ClientCalls.java:233)
	at org.apache.ratis.thirdparty.io.grpc.stub.ClientCalls.getUnchecked(ClientCalls.java:214)
	at org.apache.ratis.thirdparty.io.grpc.stub.ClientCalls.blockingUnaryCall(ClientCalls.java:139)
	at org.apache.ratis.proto.grpc.RaftServerProtocolServiceGrpc$RaftServerProtocolServiceBlockingStub.requestVote(RaftServerProtocolServiceGrpc.java:265)
	at org.apache.ratis.grpc.server.GrpcServerProtocolClient.requestVote(GrpcServerProtocolClient.java:83)
	at org.apache.ratis.grpc.server.GrpcService.requestVote(GrpcService.java:195)
	at org.apache.ratis.server.impl.LeaderElection.lambda$submitRequests$1(LeaderElection.java:237)
	at java.util.concurrent.FutureTask.run(FutureTask.java:266)
	at java.util.concurrent.Executors$RunnableAdapter.call(Executors.java:511)
	at java.util.concurrent.FutureTask.run(FutureTask.java:266)
	at java.util.concurrent.ThreadPoolExecutor.runWorker(ThreadPoolExecutor.java:1149)
	at java.util.concurrent.ThreadPoolExecutor$Worker.run(ThreadPoolExecutor.java:624)
	... 1 more
Caused by: org.apache.ratis.thirdparty.io.netty.channel.AbstractChannel$AnnotatedConnectException: Connection refused: /192.168.5.147:45161
	at sun.nio.ch.SocketChannelImpl.checkConnect(Native Method)
	at sun.nio.ch.SocketChannelImpl.finishConnect(SocketChannelImpl.java:717)
	at org.apache.ratis.thirdparty.io.netty.channel.socket.nio.NioSocketChannel.doFinishConnect(NioSocketChannel.java:327)
	at org.apache.ratis.thirdparty.io.netty.channel.nio.AbstractNioChannel$AbstractNioUnsafe.finishConnect(AbstractNioChannel.java:340)
	at org.apache.ratis.thirdparty.io.netty.channel.nio.NioEventLoop.processSelectedKey(NioEventLoop.java:632)
	at org.apache.ratis.thirdparty.io.netty.channel.nio.NioEventLoop.processSelectedKeysOptimized(NioEventLoop.java:579)
	at org.apache.ratis.thirdparty.io.netty.channel.nio.NioEventLoop.processSelectedKeys(NioEventLoop.java:496)
	at org.apache.ratis.thirdparty.io.netty.channel.nio.NioEventLoop.run(NioEventLoop.java:458)
	at org.apache.ratis.thirdparty.io.netty.util.concurrent.SingleThreadEventExecutor$5.run(SingleThreadEventExecutor.java:897)
	at org.apache.ratis.thirdparty.io.netty.util.concurrent.FastThreadLocalRunnable.run(FastThreadLocalRunnable.java:30)
	... 1 more
Caused by: java.net.ConnectException: Connection refused
	... 11 more
2019-08-03 03:58:40,123 INFO  impl.LeaderElection (LogUtils.java:infoOrTrace(149)) - 956d6195-2268-40b6-a07e-4f11e91c0f03:group-08FB9342286A:LeaderElection30 got exception when requesting votes: {}
java.util.concurrent.ExecutionException: org.apache.ratis.thirdparty.io.grpc.StatusRuntimeException: UNAVAILABLE: io exception
	at java.util.concurrent.FutureTask.report(FutureTask.java:122)
	at java.util.concurrent.FutureTask.get(FutureTask.java:192)
	at org.apache.ratis.server.impl.LeaderElection.waitForResults(LeaderElection.java:262)
	at org.apache.ratis.server.impl.LeaderElection.askForVotes(LeaderElection.java:200)
	at org.apache.ratis.server.impl.LeaderElection.run(LeaderElection.java:130)
	at java.lang.Thread.run(Thread.java:748)
Caused by: org.apache.ratis.thirdparty.io.grpc.StatusRuntimeException: UNAVAILABLE: io exception
	at org.apache.ratis.thirdparty.io.grpc.stub.ClientCalls.toStatusRuntimeException(ClientCalls.java:233)
	at org.apache.ratis.thirdparty.io.grpc.stub.ClientCalls.getUnchecked(ClientCalls.java:214)
	at org.apache.ratis.thirdparty.io.grpc.stub.ClientCalls.blockingUnaryCall(ClientCalls.java:139)
	at org.apache.ratis.proto.grpc.RaftServerProtocolServiceGrpc$RaftServerProtocolServiceBlockingStub.requestVote(RaftServerProtocolServiceGrpc.java:265)
	at org.apache.ratis.grpc.server.GrpcServerProtocolClient.requestVote(GrpcServerProtocolClient.java:83)
	at org.apache.ratis.grpc.server.GrpcService.requestVote(GrpcService.java:195)
	at org.apache.ratis.server.impl.LeaderElection.lambda$submitRequests$1(LeaderElection.java:237)
	at java.util.concurrent.FutureTask.run(FutureTask.java:266)
	at java.util.concurrent.Executors$RunnableAdapter.call(Executors.java:511)
	at java.util.concurrent.FutureTask.run(FutureTask.java:266)
	at java.util.concurrent.ThreadPoolExecutor.runWorker(ThreadPoolExecutor.java:1149)
	at java.util.concurrent.ThreadPoolExecutor$Worker.run(ThreadPoolExecutor.java:624)
	... 1 more
Caused by: org.apache.ratis.thirdparty.io.netty.channel.AbstractChannel$AnnotatedConnectException: Connection refused: /192.168.5.147:34545
	at sun.nio.ch.SocketChannelImpl.checkConnect(Native Method)
	at sun.nio.ch.SocketChannelImpl.finishConnect(SocketChannelImpl.java:717)
	at org.apache.ratis.thirdparty.io.netty.channel.socket.nio.NioSocketChannel.doFinishConnect(NioSocketChannel.java:327)
	at org.apache.ratis.thirdparty.io.netty.channel.nio.AbstractNioChannel$AbstractNioUnsafe.finishConnect(AbstractNioChannel.java:340)
	at org.apache.ratis.thirdparty.io.netty.channel.nio.NioEventLoop.processSelectedKey(NioEventLoop.java:632)
	at org.apache.ratis.thirdparty.io.netty.channel.nio.NioEventLoop.processSelectedKeysOptimized(NioEventLoop.java:579)
	at org.apache.ratis.thirdparty.io.netty.channel.nio.NioEventLoop.processSelectedKeys(NioEventLoop.java:496)
	at org.apache.ratis.thirdparty.io.netty.channel.nio.NioEventLoop.run(NioEventLoop.java:458)
	at org.apache.ratis.thirdparty.io.netty.util.concurrent.SingleThreadEventExecutor$5.run(SingleThreadEventExecutor.java:897)
	at org.apache.ratis.thirdparty.io.netty.util.concurrent.FastThreadLocalRunnable.run(FastThreadLocalRunnable.java:30)
	... 1 more
Caused by: java.net.ConnectException: Connection refused
	... 11 more
2019-08-03 03:58:40,124 INFO  impl.LeaderElection (LeaderElection.java:logAndReturn(56)) - 956d6195-2268-40b6-a07e-4f11e91c0f03:group-08FB9342286A:LeaderElection30: Election REJECTED; received 0 response(s) [] and 2 exception(s); 956d6195-2268-40b6-a07e-4f11e91c0f03:t2, leader=null, voted=956d6195-2268-40b6-a07e-4f11e91c0f03, raftlog=956d6195-2268-40b6-a07e-4f11e91c0f03-SegmentedRaftLog:OPENED:c8,f8,i8, conf=0: [69331003-cddb-42ee-ad4e-77b03e66d0a1:192.168.5.147:45161, c84dfb69-4bc6-4eb4-8f14-bfffd2ccdf82:192.168.5.147:34545, 956d6195-2268-40b6-a07e-4f11e91c0f03:192.168.5.147:34094], old=null
2019-08-03 03:58:40,125 INFO  impl.LeaderElection (LogUtils.java:infoOrTrace(149)) -   Exception 0: {}
java.util.concurrent.ExecutionException: org.apache.ratis.thirdparty.io.grpc.StatusRuntimeException: UNAVAILABLE: io exception
	at java.util.concurrent.FutureTask.report(FutureTask.java:122)
	at java.util.concurrent.FutureTask.get(FutureTask.java:192)
	at org.apache.ratis.server.impl.LeaderElection.waitForResults(LeaderElection.java:262)
	at org.apache.ratis.server.impl.LeaderElection.askForVotes(LeaderElection.java:200)
	at org.apache.ratis.server.impl.LeaderElection.run(LeaderElection.java:130)
	at java.lang.Thread.run(Thread.java:748)
Caused by: org.apache.ratis.thirdparty.io.grpc.StatusRuntimeException: UNAVAILABLE: io exception
	at org.apache.ratis.thirdparty.io.grpc.stub.ClientCalls.toStatusRuntimeException(ClientCalls.java:233)
	at org.apache.ratis.thirdparty.io.grpc.stub.ClientCalls.getUnchecked(ClientCalls.java:214)
	at org.apache.ratis.thirdparty.io.grpc.stub.ClientCalls.blockingUnaryCall(ClientCalls.java:139)
	at org.apache.ratis.proto.grpc.RaftServerProtocolServiceGrpc$RaftServerProtocolServiceBlockingStub.requestVote(RaftServerProtocolServiceGrpc.java:265)
	at org.apache.ratis.grpc.server.GrpcServerProtocolClient.requestVote(GrpcServerProtocolClient.java:83)
	at org.apache.ratis.grpc.server.GrpcService.requestVote(GrpcService.java:195)
	at org.apache.ratis.server.impl.LeaderElection.lambda$submitRequests$1(LeaderElection.java:237)
	at java.util.concurrent.FutureTask.run(FutureTask.java:266)
	at java.util.concurrent.Executors$RunnableAdapter.call(Executors.java:511)
	at java.util.concurrent.FutureTask.run(FutureTask.java:266)
	at java.util.concurrent.ThreadPoolExecutor.runWorker(ThreadPoolExecutor.java:1149)
	at java.util.concurrent.ThreadPoolExecutor$Worker.run(ThreadPoolExecutor.java:624)
	... 1 more
Caused by: org.apache.ratis.thirdparty.io.netty.channel.AbstractChannel$AnnotatedConnectException: Connection refused: /192.168.5.147:45161
	at sun.nio.ch.SocketChannelImpl.checkConnect(Native Method)
	at sun.nio.ch.SocketChannelImpl.finishConnect(SocketChannelImpl.java:717)
	at org.apache.ratis.thirdparty.io.netty.channel.socket.nio.NioSocketChannel.doFinishConnect(NioSocketChannel.java:327)
	at org.apache.ratis.thirdparty.io.netty.channel.nio.AbstractNioChannel$AbstractNioUnsafe.finishConnect(AbstractNioChannel.java:340)
	at org.apache.ratis.thirdparty.io.netty.channel.nio.NioEventLoop.processSelectedKey(NioEventLoop.java:632)
	at org.apache.ratis.thirdparty.io.netty.channel.nio.NioEventLoop.processSelectedKeysOptimized(NioEventLoop.java:579)
	at org.apache.ratis.thirdparty.io.netty.channel.nio.NioEventLoop.processSelectedKeys(NioEventLoop.java:496)
	at org.apache.ratis.thirdparty.io.netty.channel.nio.NioEventLoop.run(NioEventLoop.java:458)
	at org.apache.ratis.thirdparty.io.netty.util.concurrent.SingleThreadEventExecutor$5.run(SingleThreadEventExecutor.java:897)
	at org.apache.ratis.thirdparty.io.netty.util.concurrent.FastThreadLocalRunnable.run(FastThreadLocalRunnable.java:30)
	... 1 more
Caused by: java.net.ConnectException: Connection refused
	... 11 more
2019-08-03 03:58:40,125 INFO  impl.LeaderElection (LogUtils.java:infoOrTrace(149)) -   Exception 1: {}
java.util.concurrent.ExecutionException: org.apache.ratis.thirdparty.io.grpc.StatusRuntimeException: UNAVAILABLE: io exception
	at java.util.concurrent.FutureTask.report(FutureTask.java:122)
	at java.util.concurrent.FutureTask.get(FutureTask.java:192)
	at org.apache.ratis.server.impl.LeaderElection.waitForResults(LeaderElection.java:262)
	at org.apache.ratis.server.impl.LeaderElection.askForVotes(LeaderElection.java:200)
	at org.apache.ratis.server.impl.LeaderElection.run(LeaderElection.java:130)
	at java.lang.Thread.run(Thread.java:748)
Caused by: org.apache.ratis.thirdparty.io.grpc.StatusRuntimeException: UNAVAILABLE: io exception
	at org.apache.ratis.thirdparty.io.grpc.stub.ClientCalls.toStatusRuntimeException(ClientCalls.java:233)
	at org.apache.ratis.thirdparty.io.grpc.stub.ClientCalls.getUnchecked(ClientCalls.java:214)
	at org.apache.ratis.thirdparty.io.grpc.stub.ClientCalls.blockingUnaryCall(ClientCalls.java:139)
	at org.apache.ratis.proto.grpc.RaftServerProtocolServiceGrpc$RaftServerProtocolServiceBlockingStub.requestVote(RaftServerProtocolServiceGrpc.java:265)
	at org.apache.ratis.grpc.server.GrpcServerProtocolClient.requestVote(GrpcServerProtocolClient.java:83)
	at org.apache.ratis.grpc.server.GrpcService.requestVote(GrpcService.java:195)
	at org.apache.ratis.server.impl.LeaderElection.lambda$submitRequests$1(LeaderElection.java:237)
	at java.util.concurrent.FutureTask.run(FutureTask.java:266)
	at java.util.concurrent.Executors$RunnableAdapter.call(Executors.java:511)
	at java.util.concurrent.FutureTask.run(FutureTask.java:266)
	at java.util.concurrent.ThreadPoolExecutor.runWorker(ThreadPoolExecutor.java:1149)
	at java.util.concurrent.ThreadPoolExecutor$Worker.run(ThreadPoolExecutor.java:624)
	... 1 more
Caused by: org.apache.ratis.thirdparty.io.netty.channel.AbstractChannel$AnnotatedConnectException: Connection refused: /192.168.5.147:34545
	at sun.nio.ch.SocketChannelImpl.checkConnect(Native Method)
	at sun.nio.ch.SocketChannelImpl.finishConnect(SocketChannelImpl.java:717)
	at org.apache.ratis.thirdparty.io.netty.channel.socket.nio.NioSocketChannel.doFinishConnect(NioSocketChannel.java:327)
	at org.apache.ratis.thirdparty.io.netty.channel.nio.AbstractNioChannel$AbstractNioUnsafe.finishConnect(AbstractNioChannel.java:340)
	at org.apache.ratis.thirdparty.io.netty.channel.nio.NioEventLoop.processSelectedKey(NioEventLoop.java:632)
	at org.apache.ratis.thirdparty.io.netty.channel.nio.NioEventLoop.processSelectedKeysOptimized(NioEventLoop.java:579)
	at org.apache.ratis.thirdparty.io.netty.channel.nio.NioEventLoop.processSelectedKeys(NioEventLoop.java:496)
	at org.apache.ratis.thirdparty.io.netty.channel.nio.NioEventLoop.run(NioEventLoop.java:458)
	at org.apache.ratis.thirdparty.io.netty.util.concurrent.SingleThreadEventExecutor$5.run(SingleThreadEventExecutor.java:897)
	at org.apache.ratis.thirdparty.io.netty.util.concurrent.FastThreadLocalRunnable.run(FastThreadLocalRunnable.java:30)
	... 1 more
Caused by: java.net.ConnectException: Connection refused
	... 11 more
2019-08-03 03:58:40,125 INFO  impl.RaftServerImpl (RaftServerImpl.java:setRole(171)) - 956d6195-2268-40b6-a07e-4f11e91c0f03:group-08FB9342286A changes role from CANDIDATE to FOLLOWER at term 2 for DISCOVERED_A_NEW_TERM
2019-08-03 03:58:40,125 INFO  impl.RoleInfo (RoleInfo.java:shutdownLeaderElection(134)) - 956d6195-2268-40b6-a07e-4f11e91c0f03: shutdown LeaderElection
2019-08-03 03:58:40,126 INFO  impl.RoleInfo (RoleInfo.java:updateAndGet(143)) - 956d6195-2268-40b6-a07e-4f11e91c0f03: start FollowerState
2019-08-03 03:58:40,850 INFO  ozoneimpl.OzoneContainer (OzoneContainer.java:stop(199)) - Attempting to stop container services.
2019-08-03 03:58:40,850 INFO  impl.RaftServerProxy (RaftServerProxy.java:lambda$close$4(314)) - 956d6195-2268-40b6-a07e-4f11e91c0f03: close
2019-08-03 03:58:40,851 INFO  impl.RaftServerImpl (RaftServerImpl.java:lambda$shutdown$3(245)) - 956d6195-2268-40b6-a07e-4f11e91c0f03: shutdown group-136E604F4B23
2019-08-03 03:58:40,851 INFO  util.JmxRegister (JmxRegister.java:unregister(73)) - Successfully un-registered JMX Bean with object name Ratis:service=RaftServer,group=group-136E604F4B23,id=956d6195-2268-40b6-a07e-4f11e91c0f03
2019-08-03 03:58:40,851 INFO  impl.RoleInfo (RoleInfo.java:shutdownLeaderState(104)) - 956d6195-2268-40b6-a07e-4f11e91c0f03: shutdown LeaderState
2019-08-03 03:58:40,851 INFO  impl.PendingRequests (PendingRequests.java:sendNotLeaderResponses(202)) - 956d6195-2268-40b6-a07e-4f11e91c0f03-PendingRequests: sendNotLeaderResponses
2019-08-03 03:58:40,852 INFO  impl.StateMachineUpdater (StateMachineUpdater.java:stopAndJoin(115)) - StateMachineUpdater:956d6195-2268-40b6-a07e-4f11e91c0f03:group-136E604F4B23: set stopIndex = 0
2019-08-03 03:58:40,852 INFO  impl.RaftServerImpl (ServerState.java:close(394)) - 956d6195-2268-40b6-a07e-4f11e91c0f03:group-136E604F4B23 closes. The last applied log index is 0
2019-08-03 03:58:40,852 INFO  segmented.SegmentedRaftLogWorker (SegmentedRaftLogWorker.java:run(313)) - 956d6195-2268-40b6-a07e-4f11e91c0f03-SegmentedRaftLogWorker:Storage Directory /workdir/hadoop-ozone/integration-test/target/test-dir/MiniOzoneClusterImpl-b706123f-942e-41da-8ebc-47ffff3e32b4/datanode-5/data/ratis/9e8792f1-ecc0-4fde-ad9b-136e604f4b23 was interrupted, exiting. There are 0 tasks remaining in the queue.
2019-08-03 03:58:40,852 INFO  segmented.SegmentedRaftLogWorker (SegmentedRaftLogWorker.java:close(228)) - 956d6195-2268-40b6-a07e-4f11e91c0f03-SegmentedRaftLogWorker:Storage Directory /workdir/hadoop-ozone/integration-test/target/test-dir/MiniOzoneClusterImpl-b706123f-942e-41da-8ebc-47ffff3e32b4/datanode-5/data/ratis/9e8792f1-ecc0-4fde-ad9b-136e604f4b23 close()
2019-08-03 03:58:40,853 INFO  impl.RaftServerImpl (RaftServerImpl.java:lambda$shutdown$3(245)) - 956d6195-2268-40b6-a07e-4f11e91c0f03: shutdown group-08FB9342286A
2019-08-03 03:58:40,853 INFO  util.JmxRegister (JmxRegister.java:unregister(73)) - Successfully un-registered JMX Bean with object name Ratis:service=RaftServer,group=group-08FB9342286A,id=956d6195-2268-40b6-a07e-4f11e91c0f03
2019-08-03 03:58:40,853 INFO  impl.RoleInfo (RoleInfo.java:shutdownFollowerState(121)) - 956d6195-2268-40b6-a07e-4f11e91c0f03: shutdown FollowerState
2019-08-03 03:58:40,853 INFO  impl.StateMachineUpdater (StateMachineUpdater.java:stopAndJoin(115)) - StateMachineUpdater:956d6195-2268-40b6-a07e-4f11e91c0f03:group-08FB9342286A: set stopIndex = 8
2019-08-03 03:58:40,853 INFO  ratis.ContainerStateMachine (ContainerStateMachine.java:takeSnapshot(262)) - group-08FB9342286A: Taking a snapshot at:(t:1, i:6) file /workdir/hadoop-ozone/integration-test/target/test-dir/MiniOzoneClusterImpl-b706123f-942e-41da-8ebc-47ffff3e32b4/datanode-5/data/ratis/2081d7ba-64da-4fcc-af41-08fb9342286a/sm/snapshot.1_6
2019-08-03 03:58:40,853 INFO  impl.FollowerState (FollowerState.java:run(114)) - 956d6195-2268-40b6-a07e-4f11e91c0f03: FollowerState was interrupted: java.lang.InterruptedException: sleep interrupted
2019-08-03 03:58:40,860 INFO  ratis.ContainerStateMachine (ContainerStateMachine.java:takeSnapshot(273)) - group-08FB9342286A: Finished taking a snapshot at:(t:1, i:6) file:/workdir/hadoop-ozone/integration-test/target/test-dir/MiniOzoneClusterImpl-b706123f-942e-41da-8ebc-47ffff3e32b4/datanode-5/data/ratis/2081d7ba-64da-4fcc-af41-08fb9342286a/sm/snapshot.1_6 time:6
2019-08-03 03:58:40,860 INFO  impl.StateMachineUpdater (StateMachineUpdater.java:takeSnapshot(242)) - StateMachineUpdater:956d6195-2268-40b6-a07e-4f11e91c0f03:group-08FB9342286A: Took a snapshot at index 6
2019-08-03 03:58:40,860 INFO  impl.StateMachineUpdater (StateMachineUpdater.java:lambda$new$0(80)) - StateMachineUpdater:956d6195-2268-40b6-a07e-4f11e91c0f03:group-08FB9342286A: snapshotIndex: updateIncreasingly -1 -> 6
2019-08-03 03:58:40,860 INFO  impl.RaftServerImpl (ServerState.java:close(394)) - 956d6195-2268-40b6-a07e-4f11e91c0f03:group-08FB9342286A closes. The last applied log index is 8
2019-08-03 03:58:40,861 INFO  segmented.SegmentedRaftLogWorker (SegmentedRaftLogWorker.java:run(313)) - 956d6195-2268-40b6-a07e-4f11e91c0f03-SegmentedRaftLogWorker:Storage Directory /workdir/hadoop-ozone/integration-test/target/test-dir/MiniOzoneClusterImpl-b706123f-942e-41da-8ebc-47ffff3e32b4/datanode-5/data/ratis/2081d7ba-64da-4fcc-af41-08fb9342286a was interrupted, exiting. There are 0 tasks remaining in the queue.
2019-08-03 03:58:40,861 INFO  segmented.SegmentedRaftLogWorker (SegmentedRaftLogWorker.java:close(228)) - 956d6195-2268-40b6-a07e-4f11e91c0f03-SegmentedRaftLogWorker:Storage Directory /workdir/hadoop-ozone/integration-test/target/test-dir/MiniOzoneClusterImpl-b706123f-942e-41da-8ebc-47ffff3e32b4/datanode-5/data/ratis/2081d7ba-64da-4fcc-af41-08fb9342286a close()
2019-08-03 03:58:40,861 INFO  server.GrpcService (GrpcService.java:closeImpl(155)) - 956d6195-2268-40b6-a07e-4f11e91c0f03: shutdown server with port 34094 now
2019-08-03 03:58:40,864 INFO  server.GrpcService (GrpcService.java:closeImpl(163)) - 956d6195-2268-40b6-a07e-4f11e91c0f03: shutdown server with port 34094 successfully
2019-08-03 03:58:40,870 INFO  utils.BackgroundService (BackgroundService.java:shutdown(148)) - Shutting down service BlockDeletingService
2019-08-03 03:58:40,871 WARN  fs.CachingGetSpaceUsed (CachingGetSpaceUsed.java:run(183)) - Thread Interrupted waiting to refresh disk information: sleep interrupted
2019-08-03 03:58:40,889 INFO  statemachine.DatanodeStateMachine (DatanodeStateMachine.java:stopDaemon(395)) - Ozone container server stopped.
2019-08-03 03:58:40,892 INFO  handler.ContextHandler (ContextHandler.java:doStop(910)) - Stopped o.e.j.w.WebAppContext@6c1f15df{/,null,UNAVAILABLE}{/hddsDatanode}
2019-08-03 03:58:40,893 INFO  server.AbstractConnector (AbstractConnector.java:doStop(318)) - Stopped ServerConnector@5e95b0ab{HTTP/1.1,[http/1.1]}{0.0.0.0:0}
2019-08-03 03:58:40,896 INFO  handler.ContextHandler (ContextHandler.java:doStop(910)) - Stopped o.e.j.s.ServletContextHandler@1fc5c0b2{/static,jar:file:/home/user/.m2/repository/org/apache/hadoop/hadoop-hdds-container-service/0.4.1-SNAPSHOT/hadoop-hdds-container-service-0.4.1-SNAPSHOT.jar!/webapps/static,UNAVAILABLE}
2019-08-03 03:58:40,897 INFO  handler.ContextHandler (ContextHandler.java:doStop(910)) - Stopped o.e.j.s.ServletContextHandler@949d347{/logs,file:///workdir/hadoop-ozone/integration-test/target/log,UNAVAILABLE}
2019-08-03 03:58:40,898 INFO  ozone.MiniOzoneClusterImpl (MiniOzoneClusterImpl.java:stop(353)) - Stopping the StorageContainerManager
2019-08-03 03:58:40,899 INFO  server.StorageContainerManager (StorageContainerManager.java:stop(796)) - Stopping Replication Manager Service.
2019-08-03 03:58:40,899 INFO  container.ReplicationManager (ReplicationManager.java:stop(187)) - Stopping Replication Monitor Thread.
2019-08-03 03:58:40,899 INFO  server.StorageContainerManager (StorageContainerManager.java:stop(803)) - Stopping Lease Manager of the command watchers
2019-08-03 03:58:40,899 INFO  server.StorageContainerManager (StorageContainerManager.java:stop(810)) - Stopping datanode service RPC server
2019-08-03 03:58:40,899 INFO  server.SCMDatanodeProtocolServer (SCMDatanodeProtocolServer.java:stop(367)) - Stopping the RPC server for DataNodes
2019-08-03 03:58:40,899 INFO  ipc.Server (Server.java:stop(3082)) - Stopping server on 45074
2019-08-03 03:58:40,902 INFO  ipc.Server (Server.java:run(1185)) - Stopping IPC Server listener on 45074
2019-08-03 03:58:40,902 INFO  ipc.Server (Server.java:run(1319)) - Stopping IPC Server Responder
2019-08-03 03:58:40,973 WARN  node.NodeStateManager (NodeStateManager.java:scheduleNextHealthCheck(631)) - Current Thread is interrupted, shutting down HB processing thread for Node Manager.
2019-08-03 03:58:40,974 INFO  server.StorageContainerManager (StorageContainerManager.java:stop(818)) - Stopping block service RPC server
2019-08-03 03:58:40,974 INFO  server.SCMBlockProtocolServer (SCMBlockProtocolServer.java:stop(148)) - Stopping the RPC server for Block Protocol
2019-08-03 03:58:40,974 INFO  ipc.Server (Server.java:stop(3082)) - Stopping server on 35634
2019-08-03 03:58:40,976 INFO  server.StorageContainerManager (StorageContainerManager.java:stop(825)) - Stopping the StorageContainerLocationProtocol RPC server
2019-08-03 03:58:40,976 INFO  server.SCMClientProtocolServer (SCMClientProtocolServer.java:stop(159)) - Stopping the RPC server for Client Protocol
2019-08-03 03:58:40,977 INFO  ipc.Server (Server.java:stop(3082)) - Stopping server on 45679
2019-08-03 03:58:40,977 INFO  ipc.Server (Server.java:run(1319)) - Stopping IPC Server Responder
2019-08-03 03:58:40,978 INFO  ipc.Server (Server.java:run(1185)) - Stopping IPC Server listener on 35634
2019-08-03 03:58:40,980 INFO  ipc.Server (Server.java:run(1185)) - Stopping IPC Server listener on 45679
2019-08-03 03:58:40,980 INFO  server.StorageContainerManager (StorageContainerManager.java:stop(832)) - Stopping Storage Container Manager HTTP server.
2019-08-03 03:58:40,980 INFO  ipc.Server (Server.java:run(1319)) - Stopping IPC Server Responder
2019-08-03 03:58:40,982 INFO  handler.ContextHandler (ContextHandler.java:doStop(910)) - Stopped o.e.j.w.WebAppContext@4276ad40{/,null,UNAVAILABLE}{/scm}
2019-08-03 03:58:40,983 INFO  server.AbstractConnector (AbstractConnector.java:doStop(318)) - Stopped ServerConnector@6e5f5478{HTTP/1.1,[http/1.1]}{0.0.0.0:0}
2019-08-03 03:58:40,983 INFO  handler.ContextHandler (ContextHandler.java:doStop(910)) - Stopped o.e.j.s.ServletContextHandler@6d0114c0{/static,file:///workdir/hadoop-ozone/integration-test/target/test-classes/webapps/static,UNAVAILABLE}
2019-08-03 03:58:40,984 INFO  handler.ContextHandler (ContextHandler.java:doStop(910)) - Stopped o.e.j.s.ServletContextHandler@376af784{/logs,file:///workdir/hadoop-ozone/integration-test/target/log,UNAVAILABLE}
2019-08-03 03:58:40,985 INFO  server.StorageContainerManager (StorageContainerManager.java:stop(843)) - Stopping Block Manager Service.
2019-08-03 03:58:40,985 INFO  utils.BackgroundService (BackgroundService.java:shutdown(148)) - Shutting down service SCMBlockDeletingService
2019-08-03 03:58:40,986 INFO  utils.BackgroundService (BackgroundService.java:shutdown(148)) - Shutting down service SCMBlockDeletingService
2019-08-03 03:58:40,986 INFO  server.StorageContainerManager (StorageContainerManager.java:stop(865)) - Stopping SCM Event Queue.
2019-08-03 03:58:40,990 INFO  impl.MetricsSystemImpl (MetricsSystemImpl.java:stop(210)) - Stopping HddsDatanode metrics system...
2019-08-03 03:58:40,996 INFO  impl.MetricsSystemImpl (MetricsSystemImpl.java:stop(216)) - HddsDatanode metrics system stopped.
]]></system-out>
    <system-err><![CDATA[Aug 03, 2019 3:58:09 AM com.sun.jersey.server.impl.application.WebApplicationImpl _initiate
INFO: Initiating Jersey application, version 'Jersey: 1.19 02/11/2015 03:25 AM'
Aug 03, 2019 3:58:09 AM com.sun.jersey.server.impl.application.WebApplicationImpl _initiate
INFO: Initiating Jersey application, version 'Jersey: 1.19 02/11/2015 03:25 AM'
Aug 03, 2019 3:58:09 AM com.sun.jersey.server.impl.application.WebApplicationImpl _initiate
INFO: Initiating Jersey application, version 'Jersey: 1.19 02/11/2015 03:25 AM'
Aug 03, 2019 3:58:10 AM com.sun.jersey.server.impl.application.WebApplicationImpl _initiate
INFO: Initiating Jersey application, version 'Jersey: 1.19 02/11/2015 03:25 AM'
Aug 03, 2019 3:58:10 AM com.sun.jersey.server.impl.application.WebApplicationImpl _initiate
INFO: Initiating Jersey application, version 'Jersey: 1.19 02/11/2015 03:25 AM'
Aug 03, 2019 3:58:10 AM com.sun.jersey.server.impl.application.WebApplicationImpl _initiate
INFO: Initiating Jersey application, version 'Jersey: 1.19 02/11/2015 03:25 AM'
Aug 03, 2019 3:58:10 AM com.sun.jersey.server.impl.application.WebApplicationImpl _initiate
INFO: Initiating Jersey application, version 'Jersey: 1.19 02/11/2015 03:25 AM'
]]></system-err>
  </testcase>
</testsuite>