<?xml version="1.0" encoding="UTF-8"?>
<testsuite xmlns:xsi="http://www.w3.org/2001/XMLSchema-instance" xsi:noNamespaceSchemaLocation="https://maven.apache.org/surefire/maven-surefire-plugin/xsd/surefire-test-report.xsd" name="org.apache.hadoop.ozone.client.rpc.TestBlockOutputStreamWithFailures" time="689.198" tests="8" errors="0" skipped="0" failures="1">
  <properties>
    <property name="awt.toolkit" value="sun.awt.X11.XToolkit"/>
    <property name="file.encoding.pkg" value="sun.io"/>
    <property name="java.specification.version" value="1.8"/>
    <property name="sun.cpu.isalist" value=""/>
    <property name="sun.jnu.encoding" value="UTF-8"/>
    <property name="java.class.path" value="/workdir/hadoop-ozone/integration-test/target/test-classes:/workdir/hadoop-ozone/integration-test/target/classes:/home/user/.m2/repository/org/apache/hadoop/hadoop-ozone-common/0.5.0-SNAPSHOT/hadoop-ozone-common-0.5.0-SNAPSHOT.jar:/home/user/.m2/repository/org/apache/commons/commons-compress/1.4.1/commons-compress-1.4.1.jar:/home/user/.m2/repository/org/tukaani/xz/1.0/xz-1.0.jar:/home/user/.m2/repository/org/apache/hadoop/hadoop-common/3.2.0/hadoop-common-3.2.0.jar:/home/user/.m2/repository/org/apache/hadoop/hadoop-hdfs/3.2.0/hadoop-hdfs-3.2.0.jar:/home/user/.m2/repository/org/apache/hadoop/hadoop-hdfs-client/3.2.0/hadoop-hdfs-client-3.2.0.jar:/home/user/.m2/repository/com/fasterxml/jackson/core/jackson-annotations/2.9.5/jackson-annotations-2.9.5.jar:/home/user/.m2/repository/org/apache/hadoop/hadoop-hdds-common/0.5.0-SNAPSHOT/hadoop-hdds-common-0.5.0-SNAPSHOT.jar:/home/user/.m2/repository/javax/annotation/javax.annotation-api/1.2/javax.annotation-api-1.2.jar:/home/user/.m2/repository/org/apache/ratis/ratis-server/0.4.0-2337318-SNAPSHOT/ratis-server-0.4.0-2337318-SNAPSHOT.jar:/home/user/.m2/repository/org/apache/ratis/ratis-thirdparty-misc/0.2.0/ratis-thirdparty-misc-0.2.0.jar:/home/user/.m2/repository/org/apache/ratis/ratis-proto/0.4.0-2337318-SNAPSHOT/ratis-proto-0.4.0-2337318-SNAPSHOT.jar:/home/user/.m2/repository/org/apache/ratis/ratis-common/0.4.0-2337318-SNAPSHOT/ratis-common-0.4.0-2337318-SNAPSHOT.jar:/home/user/.m2/repository/org/apache/ratis/ratis-client/0.4.0-2337318-SNAPSHOT/ratis-client-0.4.0-2337318-SNAPSHOT.jar:/home/user/.m2/repository/org/apache/ratis/ratis-metrics/0.4.0-2337318-SNAPSHOT/ratis-metrics-0.4.0-2337318-SNAPSHOT.jar:/home/user/.m2/repository/org/apache/ratis/ratis-netty/0.4.0-2337318-SNAPSHOT/ratis-netty-0.4.0-2337318-SNAPSHOT.jar:/home/user/.m2/repository/org/apache/ratis/ratis-grpc/0.4.0-2337318-SNAPSHOT/ratis-grpc-0.4.0-2337318-SNAPSHOT.jar:/home/user/.m2/repository/org/rocksdb/rocksdbjni/6.0.1/rocksdbjni-6.0.1.jar:/home/user/.m2/repository/org/apache/logging/log4j/log4j-api/2.11.0/log4j-api-2.11.0.jar:/home/user/.m2/repository/org/apache/logging/log4j/log4j-core/2.11.0/log4j-core-2.11.0.jar:/home/user/.m2/repository/com/lmax/disruptor/3.4.2/disruptor-3.4.2.jar:/home/user/.m2/repository/org/apache/commons/commons-pool2/2.6.0/commons-pool2-2.6.0.jar:/home/user/.m2/repository/org/bouncycastle/bcpkix-jdk15on/1.60/bcpkix-jdk15on-1.60.jar:/home/user/.m2/repository/commons-validator/commons-validator/1.6/commons-validator-1.6.jar:/home/user/.m2/repository/commons-digester/commons-digester/1.8.1/commons-digester-1.8.1.jar:/home/user/.m2/repository/io/jaegertracing/jaeger-client/0.33.1/jaeger-client-0.33.1.jar:/home/user/.m2/repository/io/jaegertracing/jaeger-thrift/0.33.1/jaeger-thrift-0.33.1.jar:/home/user/.m2/repository/org/apache/thrift/libthrift/0.11.0/libthrift-0.11.0.jar:/home/user/.m2/repository/com/squareup/okhttp3/okhttp/3.9.0/okhttp-3.9.0.jar:/home/user/.m2/repository/com/squareup/okio/okio/1.13.0/okio-1.13.0.jar:/home/user/.m2/repository/io/jaegertracing/jaeger-core/0.33.1/jaeger-core-0.33.1.jar:/home/user/.m2/repository/io/jaegertracing/jaeger-tracerresolver/0.33.1/jaeger-tracerresolver-0.33.1.jar:/home/user/.m2/repository/io/opentracing/contrib/opentracing-tracerresolver/0.1.5/opentracing-tracerresolver-0.1.5.jar:/home/user/.m2/repository/io/opentracing/opentracing-util/0.31.0/opentracing-util-0.31.0.jar:/home/user/.m2/repository/io/opentracing/opentracing-api/0.31.0/opentracing-api-0.31.0.jar:/home/user/.m2/repository/io/opentracing/opentracing-noop/0.31.0/opentracing-noop-0.31.0.jar:/home/user/.m2/repository/org/apache/hadoop/hadoop-hdds-server-framework/0.5.0-SNAPSHOT/hadoop-hdds-server-framework-0.5.0-SNAPSHOT.jar:/home/user/.m2/repository/org/apache/hadoop/hadoop-hdds-container-service/0.5.0-SNAPSHOT/hadoop-hdds-container-service-0.5.0-SNAPSHOT.jar:/home/user/.m2/repository/org/apache/hadoop/hadoop-hdds-client/0.5.0-SNAPSHOT/hadoop-hdds-client-0.5.0-SNAPSHOT.jar:/home/user/.m2/repository/org/apache/hadoop/hadoop-hdds-tools/0.5.0-SNAPSHOT/hadoop-hdds-tools-0.5.0-SNAPSHOT.jar:/home/user/.m2/repository/org/apache/hadoop/hadoop-hdds-server-scm/0.5.0-SNAPSHOT/hadoop-hdds-server-scm-0.5.0-SNAPSHOT.jar:/home/user/.m2/repository/org/apache/hadoop/hadoop-hdds-docs/0.5.0-SNAPSHOT/hadoop-hdds-docs-0.5.0-SNAPSHOT.jar:/home/user/.m2/repository/io/dropwizard/metrics/metrics-core/3.2.4/metrics-core-3.2.4.jar:/home/user/.m2/repository/org/hamcrest/hamcrest-all/1.3/hamcrest-all-1.3.jar:/home/user/.m2/repository/org/bouncycastle/bcprov-jdk15on/1.60/bcprov-jdk15on-1.60.jar:/home/user/.m2/repository/info/picocli/picocli/3.9.6/picocli-3.9.6.jar:/home/user/.m2/repository/com/google/protobuf/protobuf-java/2.5.0/protobuf-java-2.5.0.jar:/home/user/.m2/repository/com/google/guava/guava/11.0.2/guava-11.0.2.jar:/home/user/.m2/repository/org/apache/hadoop/hadoop-ozone-ozone-manager/0.5.0-SNAPSHOT/hadoop-ozone-ozone-manager-0.5.0-SNAPSHOT.jar:/home/user/.m2/repository/org/apache/hadoop/hadoop-minikdc/3.2.0/hadoop-minikdc-3.2.0.jar:/home/user/.m2/repository/commons-io/commons-io/2.5/commons-io-2.5.jar:/home/user/.m2/repository/org/apache/kerby/kerb-simplekdc/1.0.1/kerb-simplekdc-1.0.1.jar:/home/user/.m2/repository/org/apache/kerby/kerb-client/1.0.1/kerb-client-1.0.1.jar:/home/user/.m2/repository/org/apache/kerby/kerby-config/1.0.1/kerby-config-1.0.1.jar:/home/user/.m2/repository/org/apache/kerby/kerb-core/1.0.1/kerb-core-1.0.1.jar:/home/user/.m2/repository/org/apache/kerby/kerby-pkix/1.0.1/kerby-pkix-1.0.1.jar:/home/user/.m2/repository/org/apache/kerby/kerby-asn1/1.0.1/kerby-asn1-1.0.1.jar:/home/user/.m2/repository/org/apache/kerby/kerby-util/1.0.1/kerby-util-1.0.1.jar:/home/user/.m2/repository/org/apache/kerby/kerb-common/1.0.1/kerb-common-1.0.1.jar:/home/user/.m2/repository/org/apache/kerby/kerb-crypto/1.0.1/kerb-crypto-1.0.1.jar:/home/user/.m2/repository/org/apache/kerby/kerb-util/1.0.1/kerb-util-1.0.1.jar:/home/user/.m2/repository/org/apache/kerby/token-provider/1.0.1/token-provider-1.0.1.jar:/home/user/.m2/repository/org/apache/kerby/kerb-admin/1.0.1/kerb-admin-1.0.1.jar:/home/user/.m2/repository/org/apache/kerby/kerb-server/1.0.1/kerb-server-1.0.1.jar:/home/user/.m2/repository/org/apache/kerby/kerb-identity/1.0.1/kerb-identity-1.0.1.jar:/home/user/.m2/repository/org/apache/kerby/kerby-xdr/1.0.1/kerby-xdr-1.0.1.jar:/home/user/.m2/repository/org/slf4j/slf4j-log4j12/1.7.25/slf4j-log4j12-1.7.25.jar:/home/user/.m2/repository/org/apache/hadoop/hadoop-ozone-s3gateway/0.5.0-SNAPSHOT/hadoop-ozone-s3gateway-0.5.0-SNAPSHOT.jar:/home/user/.m2/repository/org/jboss/weld/servlet/weld-servlet/2.4.7.Final/weld-servlet-2.4.7.Final.jar:/home/user/.m2/repository/org/glassfish/jersey/containers/jersey-container-servlet-core/2.27/jersey-container-servlet-core-2.27.jar:/home/user/.m2/repository/org/glassfish/hk2/external/javax.inject/2.5.0-b42/javax.inject-2.5.0-b42.jar:/home/user/.m2/repository/org/glassfish/jersey/core/jersey-common/2.27/jersey-common-2.27.jar:/home/user/.m2/repository/org/glassfish/hk2/osgi-resource-locator/1.0.1/osgi-resource-locator-1.0.1.jar:/home/user/.m2/repository/javax/ws/rs/javax.ws.rs-api/2.1/javax.ws.rs-api-2.1.jar:/home/user/.m2/repository/org/glassfish/jersey/ext/cdi/jersey-cdi1x/2.27/jersey-cdi1x-2.27.jar:/home/user/.m2/repository/org/glassfish/jersey/inject/jersey-hk2/2.27/jersey-hk2-2.27.jar:/home/user/.m2/repository/org/glassfish/hk2/hk2-locator/2.5.0-b42/hk2-locator-2.5.0-b42.jar:/home/user/.m2/repository/org/javassist/javassist/3.22.0-CR2/javassist-3.22.0-CR2.jar:/home/user/.m2/repository/org/glassfish/hk2/hk2-api/2.5.0/hk2-api-2.5.0.jar:/home/user/.m2/repository/org/glassfish/hk2/external/jakarta.inject/2.5.0/jakarta.inject-2.5.0.jar:/home/user/.m2/repository/org/glassfish/hk2/hk2-utils/2.5.0/hk2-utils-2.5.0.jar:/home/user/.m2/repository/jakarta/annotation/jakarta.annotation-api/1.3.4/jakarta.annotation-api-1.3.4.jar:/home/user/.m2/repository/org/glassfish/hk2/external/aopalliance-repackaged/2.5.0/aopalliance-repackaged-2.5.0.jar:/home/user/.m2/repository/com/fasterxml/jackson/dataformat/jackson-dataformat-xml/2.9.0/jackson-dataformat-xml-2.9.0.jar:/home/user/.m2/repository/com/fasterxml/jackson/core/jackson-core/2.9.5/jackson-core-2.9.5.jar:/home/user/.m2/repository/com/fasterxml/jackson/module/jackson-module-jaxb-annotations/2.9.5/jackson-module-jaxb-annotations-2.9.5.jar:/home/user/.m2/repository/javax/enterprise/cdi-api/1.2/cdi-api-1.2.jar:/home/user/.m2/repository/javax/el/javax.el-api/3.0.0/javax.el-api-3.0.0.jar:/home/user/.m2/repository/javax/interceptor/javax.interceptor-api/1.2/javax.interceptor-api-1.2.jar:/home/user/.m2/repository/javax/inject/javax.inject/1/javax.inject-1.jar:/home/user/.m2/repository/com/sun/xml/bind/jaxb-impl/2.3.0.1/jaxb-impl-2.3.0.1.jar:/home/user/.m2/repository/com/sun/xml/bind/jaxb-core/2.3.0.1/jaxb-core-2.3.0.1.jar:/home/user/.m2/repository/javax/xml/bind/jaxb-api/2.3.0/jaxb-api-2.3.0.jar:/home/user/.m2/repository/javax/activation/activation/1.1.1/activation-1.1.1.jar:/home/user/.m2/repository/org/apache/hadoop/hadoop-ozone-csi/0.5.0-SNAPSHOT/hadoop-ozone-csi-0.5.0-SNAPSHOT.jar:/home/user/.m2/repository/com/google/protobuf/protobuf-java-util/3.5.1/protobuf-java-util-3.5.1.jar:/home/user/.m2/repository/org/apache/hadoop/hadoop-hdds-config/0.5.0-SNAPSHOT/hadoop-hdds-config-0.5.0-SNAPSHOT.jar:/home/user/.m2/repository/io/grpc/grpc-netty/1.17.1/grpc-netty-1.17.1.jar:/home/user/.m2/repository/io/grpc/grpc-core/1.17.1/grpc-core-1.17.1.jar:/home/user/.m2/repository/io/grpc/grpc-context/1.17.1/grpc-context-1.17.1.jar:/home/user/.m2/repository/com/google/errorprone/error_prone_annotations/2.2.0/error_prone_annotations-2.2.0.jar:/home/user/.m2/repository/org/codehaus/mojo/animal-sniffer-annotations/1.17/animal-sniffer-annotations-1.17.jar:/home/user/.m2/repository/io/opencensus/opencensus-api/0.17.0/opencensus-api-0.17.0.jar:/home/user/.m2/repository/io/opencensus/opencensus-contrib-grpc-metrics/0.17.0/opencensus-contrib-grpc-metrics-0.17.0.jar:/home/user/.m2/repository/io/netty/netty-codec-http2/4.1.30.Final/netty-codec-http2-4.1.30.Final.jar:/home/user/.m2/repository/io/netty/netty-codec-http/4.1.30.Final/netty-codec-http-4.1.30.Final.jar:/home/user/.m2/repository/io/netty/netty-codec/4.1.30.Final/netty-codec-4.1.30.Final.jar:/home/user/.m2/repository/io/netty/netty-handler/4.1.30.Final/netty-handler-4.1.30.Final.jar:/home/user/.m2/repository/io/netty/netty-handler-proxy/4.1.30.Final/netty-handler-proxy-4.1.30.Final.jar:/home/user/.m2/repository/io/netty/netty-codec-socks/4.1.30.Final/netty-codec-socks-4.1.30.Final.jar:/home/user/.m2/repository/io/netty/netty-transport-native-epoll/4.1.30.Final/netty-transport-native-epoll-4.1.30.Final.jar:/home/user/.m2/repository/io/netty/netty-common/4.1.30.Final/netty-common-4.1.30.Final.jar:/home/user/.m2/repository/io/netty/netty-buffer/4.1.30.Final/netty-buffer-4.1.30.Final.jar:/home/user/.m2/repository/io/netty/netty-transport/4.1.30.Final/netty-transport-4.1.30.Final.jar:/home/user/.m2/repository/io/netty/netty-resolver/4.1.30.Final/netty-resolver-4.1.30.Final.jar:/home/user/.m2/repository/io/netty/netty-transport-native-unix-common/4.1.30.Final/netty-transport-native-unix-common-4.1.30.Final.jar:/home/user/.m2/repository/io/grpc/grpc-protobuf/1.17.1/grpc-protobuf-1.17.1.jar:/home/user/.m2/repository/com/google/api/grpc/proto-google-common-protos/1.0.0/proto-google-common-protos-1.0.0.jar:/home/user/.m2/repository/io/grpc/grpc-protobuf-lite/1.17.1/grpc-protobuf-lite-1.17.1.jar:/home/user/.m2/repository/io/grpc/grpc-stub/1.17.1/grpc-stub-1.17.1.jar:/home/user/.m2/repository/org/apache/hadoop/hadoop-ozone-recon/0.5.0-SNAPSHOT/hadoop-ozone-recon-0.5.0-SNAPSHOT.jar:/home/user/.m2/repository/org/apache/hadoop/hadoop-ozone-reconcodegen/0.5.0-SNAPSHOT/hadoop-ozone-reconcodegen-0.5.0-SNAPSHOT.jar:/home/user/.m2/repository/com/google/inject/extensions/guice-multibindings/4.0/guice-multibindings-4.0.jar:/home/user/.m2/repository/com/google/inject/guice/4.0/guice-4.0.jar:/home/user/.m2/repository/aopalliance/aopalliance/1.0/aopalliance-1.0.jar:/home/user/.m2/repository/com/google/inject/extensions/guice-servlet/4.0/guice-servlet-4.0.jar:/home/user/.m2/repository/org/glassfish/jersey/containers/jersey-container-servlet/2.27/jersey-container-servlet-2.27.jar:/home/user/.m2/repository/org/glassfish/hk2/guice-bridge/2.5.0/guice-bridge-2.5.0.jar:/home/user/.m2/repository/org/glassfish/jersey/core/jersey-server/2.27/jersey-server-2.27.jar:/home/user/.m2/repository/org/glassfish/jersey/core/jersey-client/2.27/jersey-client-2.27.jar:/home/user/.m2/repository/org/glassfish/jersey/media/jersey-media-jaxb/2.27/jersey-media-jaxb-2.27.jar:/home/user/.m2/repository/javax/validation/validation-api/1.1.0.Final/validation-api-1.1.0.Final.jar:/home/user/.m2/repository/org/glassfish/jersey/media/jersey-media-json-jackson/2.27/jersey-media-json-jackson-2.27.jar:/home/user/.m2/repository/org/glassfish/jersey/ext/jersey-entity-filtering/2.27/jersey-entity-filtering-2.27.jar:/home/user/.m2/repository/com/google/inject/extensions/guice-assistedinject/4.0/guice-assistedinject-4.0.jar:/home/user/.m2/repository/org/jooq/jooq/3.11.10/jooq-3.11.10.jar:/home/user/.m2/repository/org/jooq/jooq-meta/3.11.10/jooq-meta-3.11.10.jar:/home/user/.m2/repository/org/jooq/jooq-codegen/3.11.10/jooq-codegen-3.11.10.jar:/home/user/.m2/repository/com/jolbox/bonecp/0.8.0.RELEASE/bonecp-0.8.0.RELEASE.jar:/home/user/.m2/repository/org/xerial/sqlite-jdbc/3.25.2/sqlite-jdbc-3.25.2.jar:/home/user/.m2/repository/org/springframework/spring-jdbc/5.1.3.RELEASE/spring-jdbc-5.1.3.RELEASE.jar:/home/user/.m2/repository/org/springframework/spring-beans/5.1.3.RELEASE/spring-beans-5.1.3.RELEASE.jar:/home/user/.m2/repository/org/springframework/spring-core/5.1.3.RELEASE/spring-core-5.1.3.RELEASE.jar:/home/user/.m2/repository/org/springframework/spring-jcl/5.1.3.RELEASE/spring-jcl-5.1.3.RELEASE.jar:/home/user/.m2/repository/org/springframework/spring-tx/5.1.3.RELEASE/spring-tx-5.1.3.RELEASE.jar:/home/user/.m2/repository/org/apache/hadoop/hadoop-ozone-client/0.5.0-SNAPSHOT/hadoop-ozone-client-0.5.0-SNAPSHOT.jar:/home/user/.m2/repository/commons-lang/commons-lang/2.6/commons-lang-2.6.jar:/home/user/.m2/repository/org/apache/hadoop/hadoop-ozone-ozone-manager/0.5.0-SNAPSHOT/hadoop-ozone-ozone-manager-0.5.0-SNAPSHOT-tests.jar:/home/user/.m2/repository/junit/junit/4.11/junit-4.11.jar:/home/user/.m2/repository/org/hamcrest/hamcrest-core/1.3/hamcrest-core-1.3.jar:/home/user/.m2/repository/org/openjdk/jmh/jmh-core/1.19/jmh-core-1.19.jar:/home/user/.m2/repository/net/sf/jopt-simple/jopt-simple/4.6/jopt-simple-4.6.jar:/home/user/.m2/repository/org/apache/commons/commons-math3/3.1.1/commons-math3-3.1.1.jar:/home/user/.m2/repository/org/openjdk/jmh/jmh-generator-annprocess/1.19/jmh-generator-annprocess-1.19.jar:/home/user/.m2/repository/org/mockito/mockito-all/1.8.5/mockito-all-1.8.5.jar:/home/user/.m2/repository/org/apache/hadoop/hadoop-kms/3.2.0/hadoop-kms-3.2.0.jar:/home/user/.m2/repository/org/apache/hadoop/hadoop-auth/3.2.0/hadoop-auth-3.2.0.jar:/home/user/.m2/repository/com/nimbusds/nimbus-jose-jwt/4.41.1/nimbus-jose-jwt-4.41.1.jar:/home/user/.m2/repository/com/github/stephenc/jcip/jcip-annotations/1.0-1/jcip-annotations-1.0-1.jar:/home/user/.m2/repository/net/minidev/json-smart/2.3/json-smart-2.3.jar:/home/user/.m2/repository/net/minidev/accessors-smart/1.2/accessors-smart-1.2.jar:/home/user/.m2/repository/org/ow2/asm/asm/5.0.4/asm-5.0.4.jar:/home/user/.m2/repository/org/apache/curator/curator-framework/2.12.0/curator-framework-2.12.0.jar:/home/user/.m2/repository/com/sun/jersey/jersey-core/1.19/jersey-core-1.19.jar:/home/user/.m2/repository/javax/ws/rs/jsr311-api/1.1.1/jsr311-api-1.1.1.jar:/home/user/.m2/repository/com/sun/jersey/jersey-server/1.19/jersey-server-1.19.jar:/home/user/.m2/repository/javax/servlet/javax.servlet-api/3.1.0/javax.servlet-api-3.1.0.jar:/home/user/.m2/repository/org/eclipse/jetty/jetty-server/9.3.24.v20180605/jetty-server-9.3.24.v20180605.jar:/home/user/.m2/repository/org/eclipse/jetty/jetty-http/9.3.24.v20180605/jetty-http-9.3.24.v20180605.jar:/home/user/.m2/repository/org/eclipse/jetty/jetty-io/9.3.24.v20180605/jetty-io-9.3.24.v20180605.jar:/home/user/.m2/repository/org/eclipse/jetty/jetty-webapp/9.3.24.v20180605/jetty-webapp-9.3.24.v20180605.jar:/home/user/.m2/repository/org/eclipse/jetty/jetty-xml/9.3.24.v20180605/jetty-xml-9.3.24.v20180605.jar:/home/user/.m2/repository/log4j/log4j/1.2.17/log4j-1.2.17.jar:/home/user/.m2/repository/org/slf4j/slf4j-api/1.7.25/slf4j-api-1.7.25.jar:/home/user/.m2/repository/org/slf4j/jul-to-slf4j/1.7.25/jul-to-slf4j-1.7.25.jar:/home/user/.m2/repository/org/eclipse/jetty/jetty-util/9.3.24.v20180605/jetty-util-9.3.24.v20180605.jar:/home/user/.m2/repository/com/fasterxml/jackson/core/jackson-databind/2.9.5/jackson-databind-2.9.5.jar:/home/user/.m2/repository/org/apache/hadoop/hadoop-kms/3.2.0/hadoop-kms-3.2.0-tests.jar:/home/user/.m2/repository/org/apache/hadoop/hadoop-hdds-server-scm/0.5.0-SNAPSHOT/hadoop-hdds-server-scm-0.5.0-SNAPSHOT-tests.jar:/home/user/.m2/repository/org/apache/hadoop/hadoop-hdds-container-service/0.5.0-SNAPSHOT/hadoop-hdds-container-service-0.5.0-SNAPSHOT-tests.jar:/home/user/.m2/repository/org/yaml/snakeyaml/1.16/snakeyaml-1.16.jar:/home/user/.m2/repository/org/apache/hadoop/hadoop-common/3.2.0/hadoop-common-3.2.0-tests.jar:/home/user/.m2/repository/org/apache/hadoop/hadoop-annotations/3.2.0/hadoop-annotations-3.2.0.jar:/usr/lib/jvm/java-1.8-openjdk/jre/../lib/tools.jar:/home/user/.m2/repository/commons-cli/commons-cli/1.2/commons-cli-1.2.jar:/home/user/.m2/repository/org/apache/httpcomponents/httpclient/4.5.2/httpclient-4.5.2.jar:/home/user/.m2/repository/org/apache/httpcomponents/httpcore/4.4.4/httpcore-4.4.4.jar:/home/user/.m2/repository/commons-codec/commons-codec/1.11/commons-codec-1.11.jar:/home/user/.m2/repository/commons-net/commons-net/3.6/commons-net-3.6.jar:/home/user/.m2/repository/commons-collections/commons-collections/3.2.2/commons-collections-3.2.2.jar:/home/user/.m2/repository/org/eclipse/jetty/jetty-servlet/9.3.24.v20180605/jetty-servlet-9.3.24.v20180605.jar:/home/user/.m2/repository/org/eclipse/jetty/jetty-security/9.3.24.v20180605/jetty-security-9.3.24.v20180605.jar:/home/user/.m2/repository/javax/servlet/jsp/jsp-api/2.1/jsp-api-2.1.jar:/home/user/.m2/repository/com/sun/jersey/jersey-servlet/1.19/jersey-servlet-1.19.jar:/home/user/.m2/repository/com/sun/jersey/jersey-json/1.19/jersey-json-1.19.jar:/home/user/.m2/repository/org/codehaus/jettison/jettison/1.1/jettison-1.1.jar:/home/user/.m2/repository/org/codehaus/jackson/jackson-core-asl/1.9.13/jackson-core-asl-1.9.13.jar:/home/user/.m2/repository/org/codehaus/jackson/jackson-mapper-asl/1.9.13/jackson-mapper-asl-1.9.13.jar:/home/user/.m2/repository/org/codehaus/jackson/jackson-jaxrs/1.9.13/jackson-jaxrs-1.9.13.jar:/home/user/.m2/repository/org/codehaus/jackson/jackson-xc/1.9.13/jackson-xc-1.9.13.jar:/home/user/.m2/repository/commons-logging/commons-logging/1.1.3/commons-logging-1.1.3.jar:/home/user/.m2/repository/commons-beanutils/commons-beanutils/1.9.3/commons-beanutils-1.9.3.jar:/home/user/.m2/repository/org/apache/commons/commons-configuration2/2.1.1/commons-configuration2-2.1.1.jar:/home/user/.m2/repository/org/apache/commons/commons-lang3/3.7/commons-lang3-3.7.jar:/home/user/.m2/repository/org/apache/commons/commons-text/1.4/commons-text-1.4.jar:/home/user/.m2/repository/org/apache/avro/avro/1.7.7/avro-1.7.7.jar:/home/user/.m2/repository/com/thoughtworks/paranamer/paranamer/2.3/paranamer-2.3.jar:/home/user/.m2/repository/org/xerial/snappy/snappy-java/1.0.5/snappy-java-1.0.5.jar:/home/user/.m2/repository/com/google/re2j/re2j/1.1/re2j-1.1.jar:/home/user/.m2/repository/com/google/code/gson/gson/2.2.4/gson-2.2.4.jar:/home/user/.m2/repository/com/jcraft/jsch/0.1.54/jsch-0.1.54.jar:/home/user/.m2/repository/org/apache/curator/curator-client/2.12.0/curator-client-2.12.0.jar:/home/user/.m2/repository/org/apache/curator/curator-recipes/2.12.0/curator-recipes-2.12.0.jar:/home/user/.m2/repository/com/google/code/findbugs/jsr305/3.0.0/jsr305-3.0.0.jar:/home/user/.m2/repository/org/apache/htrace/htrace-core4/4.1.0-incubating/htrace-core4-4.1.0-incubating.jar:/home/user/.m2/repository/org/apache/zookeeper/zookeeper/3.4.13/zookeeper-3.4.13.jar:/home/user/.m2/repository/org/apache/yetus/audience-annotations/0.5.0/audience-annotations-0.5.0.jar:/home/user/.m2/repository/org/codehaus/woodstox/stax2-api/3.1.4/stax2-api-3.1.4.jar:/home/user/.m2/repository/com/fasterxml/woodstox/woodstox-core/5.0.3/woodstox-core-5.0.3.jar:/home/user/.m2/repository/dnsjava/dnsjava/2.1.7/dnsjava-2.1.7.jar:/home/user/.m2/repository/org/apache/hadoop/hadoop-hdfs/3.2.0/hadoop-hdfs-3.2.0-tests.jar:/home/user/.m2/repository/org/eclipse/jetty/jetty-util-ajax/9.3.24.v20180605/jetty-util-ajax-9.3.24.v20180605.jar:/home/user/.m2/repository/commons-daemon/commons-daemon/1.0.13/commons-daemon-1.0.13.jar:/home/user/.m2/repository/io/netty/netty/3.10.5.Final/netty-3.10.5.Final.jar:/home/user/.m2/repository/io/netty/netty-all/4.0.52.Final/netty-all-4.0.52.Final.jar:/home/user/.m2/repository/org/fusesource/leveldbjni/leveldbjni-all/1.8/leveldbjni-all-1.8.jar:"/>
    <property name="java.vm.vendor" value="IcedTea"/>
    <property name="sun.arch.data.model" value="64"/>
    <property name="test.build.dir" value="/workdir/hadoop-ozone/integration-test/target/test-dir"/>
    <property name="test.cache.data" value=""/>
    <property name="java.vendor.url" value="https://icedtea.classpath.org"/>
    <property name="user.timezone" value=""/>
    <property name="java.vm.specification.version" value="1.8"/>
    <property name="os.name" value="Linux"/>
    <property name="test.build.data" value="/workdir/hadoop-ozone/integration-test/target/test-dir"/>
    <property name="user.country" value="US"/>
    <property name="sun.java.launcher" value="SUN_STANDARD"/>
    <property name="sun.boot.library.path" value="/usr/lib/jvm/java-1.8-openjdk/jre/lib/amd64"/>
    <property name="sun.java.command" value="/workdir/hadoop-ozone/integration-test/target/surefire/surefirebooter4270076057305158584.jar /workdir/hadoop-ozone/integration-test/target/surefire 2019-09-03T19-17-32_659-jvmRun1 surefire2688265589100266256tmp surefire_371391007002375783175tmp"/>
    <property name="test" value="!TestMiniChaosOzoneCluster"/>
    <property name="surefire.test.class.path" value="/workdir/hadoop-ozone/integration-test/target/test-classes:/workdir/hadoop-ozone/integration-test/target/classes:/home/user/.m2/repository/org/apache/hadoop/hadoop-ozone-common/0.5.0-SNAPSHOT/hadoop-ozone-common-0.5.0-SNAPSHOT.jar:/home/user/.m2/repository/org/apache/commons/commons-compress/1.4.1/commons-compress-1.4.1.jar:/home/user/.m2/repository/org/tukaani/xz/1.0/xz-1.0.jar:/home/user/.m2/repository/org/apache/hadoop/hadoop-common/3.2.0/hadoop-common-3.2.0.jar:/home/user/.m2/repository/org/apache/hadoop/hadoop-hdfs/3.2.0/hadoop-hdfs-3.2.0.jar:/home/user/.m2/repository/org/apache/hadoop/hadoop-hdfs-client/3.2.0/hadoop-hdfs-client-3.2.0.jar:/home/user/.m2/repository/com/fasterxml/jackson/core/jackson-annotations/2.9.5/jackson-annotations-2.9.5.jar:/home/user/.m2/repository/org/apache/hadoop/hadoop-hdds-common/0.5.0-SNAPSHOT/hadoop-hdds-common-0.5.0-SNAPSHOT.jar:/home/user/.m2/repository/javax/annotation/javax.annotation-api/1.2/javax.annotation-api-1.2.jar:/home/user/.m2/repository/org/apache/ratis/ratis-server/0.4.0-2337318-SNAPSHOT/ratis-server-0.4.0-2337318-SNAPSHOT.jar:/home/user/.m2/repository/org/apache/ratis/ratis-thirdparty-misc/0.2.0/ratis-thirdparty-misc-0.2.0.jar:/home/user/.m2/repository/org/apache/ratis/ratis-proto/0.4.0-2337318-SNAPSHOT/ratis-proto-0.4.0-2337318-SNAPSHOT.jar:/home/user/.m2/repository/org/apache/ratis/ratis-common/0.4.0-2337318-SNAPSHOT/ratis-common-0.4.0-2337318-SNAPSHOT.jar:/home/user/.m2/repository/org/apache/ratis/ratis-client/0.4.0-2337318-SNAPSHOT/ratis-client-0.4.0-2337318-SNAPSHOT.jar:/home/user/.m2/repository/org/apache/ratis/ratis-metrics/0.4.0-2337318-SNAPSHOT/ratis-metrics-0.4.0-2337318-SNAPSHOT.jar:/home/user/.m2/repository/org/apache/ratis/ratis-netty/0.4.0-2337318-SNAPSHOT/ratis-netty-0.4.0-2337318-SNAPSHOT.jar:/home/user/.m2/repository/org/apache/ratis/ratis-grpc/0.4.0-2337318-SNAPSHOT/ratis-grpc-0.4.0-2337318-SNAPSHOT.jar:/home/user/.m2/repository/org/rocksdb/rocksdbjni/6.0.1/rocksdbjni-6.0.1.jar:/home/user/.m2/repository/org/apache/logging/log4j/log4j-api/2.11.0/log4j-api-2.11.0.jar:/home/user/.m2/repository/org/apache/logging/log4j/log4j-core/2.11.0/log4j-core-2.11.0.jar:/home/user/.m2/repository/com/lmax/disruptor/3.4.2/disruptor-3.4.2.jar:/home/user/.m2/repository/org/apache/commons/commons-pool2/2.6.0/commons-pool2-2.6.0.jar:/home/user/.m2/repository/org/bouncycastle/bcpkix-jdk15on/1.60/bcpkix-jdk15on-1.60.jar:/home/user/.m2/repository/commons-validator/commons-validator/1.6/commons-validator-1.6.jar:/home/user/.m2/repository/commons-digester/commons-digester/1.8.1/commons-digester-1.8.1.jar:/home/user/.m2/repository/io/jaegertracing/jaeger-client/0.33.1/jaeger-client-0.33.1.jar:/home/user/.m2/repository/io/jaegertracing/jaeger-thrift/0.33.1/jaeger-thrift-0.33.1.jar:/home/user/.m2/repository/org/apache/thrift/libthrift/0.11.0/libthrift-0.11.0.jar:/home/user/.m2/repository/com/squareup/okhttp3/okhttp/3.9.0/okhttp-3.9.0.jar:/home/user/.m2/repository/com/squareup/okio/okio/1.13.0/okio-1.13.0.jar:/home/user/.m2/repository/io/jaegertracing/jaeger-core/0.33.1/jaeger-core-0.33.1.jar:/home/user/.m2/repository/io/jaegertracing/jaeger-tracerresolver/0.33.1/jaeger-tracerresolver-0.33.1.jar:/home/user/.m2/repository/io/opentracing/contrib/opentracing-tracerresolver/0.1.5/opentracing-tracerresolver-0.1.5.jar:/home/user/.m2/repository/io/opentracing/opentracing-util/0.31.0/opentracing-util-0.31.0.jar:/home/user/.m2/repository/io/opentracing/opentracing-api/0.31.0/opentracing-api-0.31.0.jar:/home/user/.m2/repository/io/opentracing/opentracing-noop/0.31.0/opentracing-noop-0.31.0.jar:/home/user/.m2/repository/org/apache/hadoop/hadoop-hdds-server-framework/0.5.0-SNAPSHOT/hadoop-hdds-server-framework-0.5.0-SNAPSHOT.jar:/home/user/.m2/repository/org/apache/hadoop/hadoop-hdds-container-service/0.5.0-SNAPSHOT/hadoop-hdds-container-service-0.5.0-SNAPSHOT.jar:/home/user/.m2/repository/org/apache/hadoop/hadoop-hdds-client/0.5.0-SNAPSHOT/hadoop-hdds-client-0.5.0-SNAPSHOT.jar:/home/user/.m2/repository/org/apache/hadoop/hadoop-hdds-tools/0.5.0-SNAPSHOT/hadoop-hdds-tools-0.5.0-SNAPSHOT.jar:/home/user/.m2/repository/org/apache/hadoop/hadoop-hdds-server-scm/0.5.0-SNAPSHOT/hadoop-hdds-server-scm-0.5.0-SNAPSHOT.jar:/home/user/.m2/repository/org/apache/hadoop/hadoop-hdds-docs/0.5.0-SNAPSHOT/hadoop-hdds-docs-0.5.0-SNAPSHOT.jar:/home/user/.m2/repository/io/dropwizard/metrics/metrics-core/3.2.4/metrics-core-3.2.4.jar:/home/user/.m2/repository/org/hamcrest/hamcrest-all/1.3/hamcrest-all-1.3.jar:/home/user/.m2/repository/org/bouncycastle/bcprov-jdk15on/1.60/bcprov-jdk15on-1.60.jar:/home/user/.m2/repository/info/picocli/picocli/3.9.6/picocli-3.9.6.jar:/home/user/.m2/repository/com/google/protobuf/protobuf-java/2.5.0/protobuf-java-2.5.0.jar:/home/user/.m2/repository/com/google/guava/guava/11.0.2/guava-11.0.2.jar:/home/user/.m2/repository/org/apache/hadoop/hadoop-ozone-ozone-manager/0.5.0-SNAPSHOT/hadoop-ozone-ozone-manager-0.5.0-SNAPSHOT.jar:/home/user/.m2/repository/org/apache/hadoop/hadoop-minikdc/3.2.0/hadoop-minikdc-3.2.0.jar:/home/user/.m2/repository/commons-io/commons-io/2.5/commons-io-2.5.jar:/home/user/.m2/repository/org/apache/kerby/kerb-simplekdc/1.0.1/kerb-simplekdc-1.0.1.jar:/home/user/.m2/repository/org/apache/kerby/kerb-client/1.0.1/kerb-client-1.0.1.jar:/home/user/.m2/repository/org/apache/kerby/kerby-config/1.0.1/kerby-config-1.0.1.jar:/home/user/.m2/repository/org/apache/kerby/kerb-core/1.0.1/kerb-core-1.0.1.jar:/home/user/.m2/repository/org/apache/kerby/kerby-pkix/1.0.1/kerby-pkix-1.0.1.jar:/home/user/.m2/repository/org/apache/kerby/kerby-asn1/1.0.1/kerby-asn1-1.0.1.jar:/home/user/.m2/repository/org/apache/kerby/kerby-util/1.0.1/kerby-util-1.0.1.jar:/home/user/.m2/repository/org/apache/kerby/kerb-common/1.0.1/kerb-common-1.0.1.jar:/home/user/.m2/repository/org/apache/kerby/kerb-crypto/1.0.1/kerb-crypto-1.0.1.jar:/home/user/.m2/repository/org/apache/kerby/kerb-util/1.0.1/kerb-util-1.0.1.jar:/home/user/.m2/repository/org/apache/kerby/token-provider/1.0.1/token-provider-1.0.1.jar:/home/user/.m2/repository/org/apache/kerby/kerb-admin/1.0.1/kerb-admin-1.0.1.jar:/home/user/.m2/repository/org/apache/kerby/kerb-server/1.0.1/kerb-server-1.0.1.jar:/home/user/.m2/repository/org/apache/kerby/kerb-identity/1.0.1/kerb-identity-1.0.1.jar:/home/user/.m2/repository/org/apache/kerby/kerby-xdr/1.0.1/kerby-xdr-1.0.1.jar:/home/user/.m2/repository/org/slf4j/slf4j-log4j12/1.7.25/slf4j-log4j12-1.7.25.jar:/home/user/.m2/repository/org/apache/hadoop/hadoop-ozone-s3gateway/0.5.0-SNAPSHOT/hadoop-ozone-s3gateway-0.5.0-SNAPSHOT.jar:/home/user/.m2/repository/org/jboss/weld/servlet/weld-servlet/2.4.7.Final/weld-servlet-2.4.7.Final.jar:/home/user/.m2/repository/org/glassfish/jersey/containers/jersey-container-servlet-core/2.27/jersey-container-servlet-core-2.27.jar:/home/user/.m2/repository/org/glassfish/hk2/external/javax.inject/2.5.0-b42/javax.inject-2.5.0-b42.jar:/home/user/.m2/repository/org/glassfish/jersey/core/jersey-common/2.27/jersey-common-2.27.jar:/home/user/.m2/repository/org/glassfish/hk2/osgi-resource-locator/1.0.1/osgi-resource-locator-1.0.1.jar:/home/user/.m2/repository/javax/ws/rs/javax.ws.rs-api/2.1/javax.ws.rs-api-2.1.jar:/home/user/.m2/repository/org/glassfish/jersey/ext/cdi/jersey-cdi1x/2.27/jersey-cdi1x-2.27.jar:/home/user/.m2/repository/org/glassfish/jersey/inject/jersey-hk2/2.27/jersey-hk2-2.27.jar:/home/user/.m2/repository/org/glassfish/hk2/hk2-locator/2.5.0-b42/hk2-locator-2.5.0-b42.jar:/home/user/.m2/repository/org/javassist/javassist/3.22.0-CR2/javassist-3.22.0-CR2.jar:/home/user/.m2/repository/org/glassfish/hk2/hk2-api/2.5.0/hk2-api-2.5.0.jar:/home/user/.m2/repository/org/glassfish/hk2/external/jakarta.inject/2.5.0/jakarta.inject-2.5.0.jar:/home/user/.m2/repository/org/glassfish/hk2/hk2-utils/2.5.0/hk2-utils-2.5.0.jar:/home/user/.m2/repository/jakarta/annotation/jakarta.annotation-api/1.3.4/jakarta.annotation-api-1.3.4.jar:/home/user/.m2/repository/org/glassfish/hk2/external/aopalliance-repackaged/2.5.0/aopalliance-repackaged-2.5.0.jar:/home/user/.m2/repository/com/fasterxml/jackson/dataformat/jackson-dataformat-xml/2.9.0/jackson-dataformat-xml-2.9.0.jar:/home/user/.m2/repository/com/fasterxml/jackson/core/jackson-core/2.9.5/jackson-core-2.9.5.jar:/home/user/.m2/repository/com/fasterxml/jackson/module/jackson-module-jaxb-annotations/2.9.5/jackson-module-jaxb-annotations-2.9.5.jar:/home/user/.m2/repository/javax/enterprise/cdi-api/1.2/cdi-api-1.2.jar:/home/user/.m2/repository/javax/el/javax.el-api/3.0.0/javax.el-api-3.0.0.jar:/home/user/.m2/repository/javax/interceptor/javax.interceptor-api/1.2/javax.interceptor-api-1.2.jar:/home/user/.m2/repository/javax/inject/javax.inject/1/javax.inject-1.jar:/home/user/.m2/repository/com/sun/xml/bind/jaxb-impl/2.3.0.1/jaxb-impl-2.3.0.1.jar:/home/user/.m2/repository/com/sun/xml/bind/jaxb-core/2.3.0.1/jaxb-core-2.3.0.1.jar:/home/user/.m2/repository/javax/xml/bind/jaxb-api/2.3.0/jaxb-api-2.3.0.jar:/home/user/.m2/repository/javax/activation/activation/1.1.1/activation-1.1.1.jar:/home/user/.m2/repository/org/apache/hadoop/hadoop-ozone-csi/0.5.0-SNAPSHOT/hadoop-ozone-csi-0.5.0-SNAPSHOT.jar:/home/user/.m2/repository/com/google/protobuf/protobuf-java-util/3.5.1/protobuf-java-util-3.5.1.jar:/home/user/.m2/repository/org/apache/hadoop/hadoop-hdds-config/0.5.0-SNAPSHOT/hadoop-hdds-config-0.5.0-SNAPSHOT.jar:/home/user/.m2/repository/io/grpc/grpc-netty/1.17.1/grpc-netty-1.17.1.jar:/home/user/.m2/repository/io/grpc/grpc-core/1.17.1/grpc-core-1.17.1.jar:/home/user/.m2/repository/io/grpc/grpc-context/1.17.1/grpc-context-1.17.1.jar:/home/user/.m2/repository/com/google/errorprone/error_prone_annotations/2.2.0/error_prone_annotations-2.2.0.jar:/home/user/.m2/repository/org/codehaus/mojo/animal-sniffer-annotations/1.17/animal-sniffer-annotations-1.17.jar:/home/user/.m2/repository/io/opencensus/opencensus-api/0.17.0/opencensus-api-0.17.0.jar:/home/user/.m2/repository/io/opencensus/opencensus-contrib-grpc-metrics/0.17.0/opencensus-contrib-grpc-metrics-0.17.0.jar:/home/user/.m2/repository/io/netty/netty-codec-http2/4.1.30.Final/netty-codec-http2-4.1.30.Final.jar:/home/user/.m2/repository/io/netty/netty-codec-http/4.1.30.Final/netty-codec-http-4.1.30.Final.jar:/home/user/.m2/repository/io/netty/netty-codec/4.1.30.Final/netty-codec-4.1.30.Final.jar:/home/user/.m2/repository/io/netty/netty-handler/4.1.30.Final/netty-handler-4.1.30.Final.jar:/home/user/.m2/repository/io/netty/netty-handler-proxy/4.1.30.Final/netty-handler-proxy-4.1.30.Final.jar:/home/user/.m2/repository/io/netty/netty-codec-socks/4.1.30.Final/netty-codec-socks-4.1.30.Final.jar:/home/user/.m2/repository/io/netty/netty-transport-native-epoll/4.1.30.Final/netty-transport-native-epoll-4.1.30.Final.jar:/home/user/.m2/repository/io/netty/netty-common/4.1.30.Final/netty-common-4.1.30.Final.jar:/home/user/.m2/repository/io/netty/netty-buffer/4.1.30.Final/netty-buffer-4.1.30.Final.jar:/home/user/.m2/repository/io/netty/netty-transport/4.1.30.Final/netty-transport-4.1.30.Final.jar:/home/user/.m2/repository/io/netty/netty-resolver/4.1.30.Final/netty-resolver-4.1.30.Final.jar:/home/user/.m2/repository/io/netty/netty-transport-native-unix-common/4.1.30.Final/netty-transport-native-unix-common-4.1.30.Final.jar:/home/user/.m2/repository/io/grpc/grpc-protobuf/1.17.1/grpc-protobuf-1.17.1.jar:/home/user/.m2/repository/com/google/api/grpc/proto-google-common-protos/1.0.0/proto-google-common-protos-1.0.0.jar:/home/user/.m2/repository/io/grpc/grpc-protobuf-lite/1.17.1/grpc-protobuf-lite-1.17.1.jar:/home/user/.m2/repository/io/grpc/grpc-stub/1.17.1/grpc-stub-1.17.1.jar:/home/user/.m2/repository/org/apache/hadoop/hadoop-ozone-recon/0.5.0-SNAPSHOT/hadoop-ozone-recon-0.5.0-SNAPSHOT.jar:/home/user/.m2/repository/org/apache/hadoop/hadoop-ozone-reconcodegen/0.5.0-SNAPSHOT/hadoop-ozone-reconcodegen-0.5.0-SNAPSHOT.jar:/home/user/.m2/repository/com/google/inject/extensions/guice-multibindings/4.0/guice-multibindings-4.0.jar:/home/user/.m2/repository/com/google/inject/guice/4.0/guice-4.0.jar:/home/user/.m2/repository/aopalliance/aopalliance/1.0/aopalliance-1.0.jar:/home/user/.m2/repository/com/google/inject/extensions/guice-servlet/4.0/guice-servlet-4.0.jar:/home/user/.m2/repository/org/glassfish/jersey/containers/jersey-container-servlet/2.27/jersey-container-servlet-2.27.jar:/home/user/.m2/repository/org/glassfish/hk2/guice-bridge/2.5.0/guice-bridge-2.5.0.jar:/home/user/.m2/repository/org/glassfish/jersey/core/jersey-server/2.27/jersey-server-2.27.jar:/home/user/.m2/repository/org/glassfish/jersey/core/jersey-client/2.27/jersey-client-2.27.jar:/home/user/.m2/repository/org/glassfish/jersey/media/jersey-media-jaxb/2.27/jersey-media-jaxb-2.27.jar:/home/user/.m2/repository/javax/validation/validation-api/1.1.0.Final/validation-api-1.1.0.Final.jar:/home/user/.m2/repository/org/glassfish/jersey/media/jersey-media-json-jackson/2.27/jersey-media-json-jackson-2.27.jar:/home/user/.m2/repository/org/glassfish/jersey/ext/jersey-entity-filtering/2.27/jersey-entity-filtering-2.27.jar:/home/user/.m2/repository/com/google/inject/extensions/guice-assistedinject/4.0/guice-assistedinject-4.0.jar:/home/user/.m2/repository/org/jooq/jooq/3.11.10/jooq-3.11.10.jar:/home/user/.m2/repository/org/jooq/jooq-meta/3.11.10/jooq-meta-3.11.10.jar:/home/user/.m2/repository/org/jooq/jooq-codegen/3.11.10/jooq-codegen-3.11.10.jar:/home/user/.m2/repository/com/jolbox/bonecp/0.8.0.RELEASE/bonecp-0.8.0.RELEASE.jar:/home/user/.m2/repository/org/xerial/sqlite-jdbc/3.25.2/sqlite-jdbc-3.25.2.jar:/home/user/.m2/repository/org/springframework/spring-jdbc/5.1.3.RELEASE/spring-jdbc-5.1.3.RELEASE.jar:/home/user/.m2/repository/org/springframework/spring-beans/5.1.3.RELEASE/spring-beans-5.1.3.RELEASE.jar:/home/user/.m2/repository/org/springframework/spring-core/5.1.3.RELEASE/spring-core-5.1.3.RELEASE.jar:/home/user/.m2/repository/org/springframework/spring-jcl/5.1.3.RELEASE/spring-jcl-5.1.3.RELEASE.jar:/home/user/.m2/repository/org/springframework/spring-tx/5.1.3.RELEASE/spring-tx-5.1.3.RELEASE.jar:/home/user/.m2/repository/org/apache/hadoop/hadoop-ozone-client/0.5.0-SNAPSHOT/hadoop-ozone-client-0.5.0-SNAPSHOT.jar:/home/user/.m2/repository/commons-lang/commons-lang/2.6/commons-lang-2.6.jar:/home/user/.m2/repository/org/apache/hadoop/hadoop-ozone-ozone-manager/0.5.0-SNAPSHOT/hadoop-ozone-ozone-manager-0.5.0-SNAPSHOT-tests.jar:/home/user/.m2/repository/junit/junit/4.11/junit-4.11.jar:/home/user/.m2/repository/org/hamcrest/hamcrest-core/1.3/hamcrest-core-1.3.jar:/home/user/.m2/repository/org/openjdk/jmh/jmh-core/1.19/jmh-core-1.19.jar:/home/user/.m2/repository/net/sf/jopt-simple/jopt-simple/4.6/jopt-simple-4.6.jar:/home/user/.m2/repository/org/apache/commons/commons-math3/3.1.1/commons-math3-3.1.1.jar:/home/user/.m2/repository/org/openjdk/jmh/jmh-generator-annprocess/1.19/jmh-generator-annprocess-1.19.jar:/home/user/.m2/repository/org/mockito/mockito-all/1.8.5/mockito-all-1.8.5.jar:/home/user/.m2/repository/org/apache/hadoop/hadoop-kms/3.2.0/hadoop-kms-3.2.0.jar:/home/user/.m2/repository/org/apache/hadoop/hadoop-auth/3.2.0/hadoop-auth-3.2.0.jar:/home/user/.m2/repository/com/nimbusds/nimbus-jose-jwt/4.41.1/nimbus-jose-jwt-4.41.1.jar:/home/user/.m2/repository/com/github/stephenc/jcip/jcip-annotations/1.0-1/jcip-annotations-1.0-1.jar:/home/user/.m2/repository/net/minidev/json-smart/2.3/json-smart-2.3.jar:/home/user/.m2/repository/net/minidev/accessors-smart/1.2/accessors-smart-1.2.jar:/home/user/.m2/repository/org/ow2/asm/asm/5.0.4/asm-5.0.4.jar:/home/user/.m2/repository/org/apache/curator/curator-framework/2.12.0/curator-framework-2.12.0.jar:/home/user/.m2/repository/com/sun/jersey/jersey-core/1.19/jersey-core-1.19.jar:/home/user/.m2/repository/javax/ws/rs/jsr311-api/1.1.1/jsr311-api-1.1.1.jar:/home/user/.m2/repository/com/sun/jersey/jersey-server/1.19/jersey-server-1.19.jar:/home/user/.m2/repository/javax/servlet/javax.servlet-api/3.1.0/javax.servlet-api-3.1.0.jar:/home/user/.m2/repository/org/eclipse/jetty/jetty-server/9.3.24.v20180605/jetty-server-9.3.24.v20180605.jar:/home/user/.m2/repository/org/eclipse/jetty/jetty-http/9.3.24.v20180605/jetty-http-9.3.24.v20180605.jar:/home/user/.m2/repository/org/eclipse/jetty/jetty-io/9.3.24.v20180605/jetty-io-9.3.24.v20180605.jar:/home/user/.m2/repository/org/eclipse/jetty/jetty-webapp/9.3.24.v20180605/jetty-webapp-9.3.24.v20180605.jar:/home/user/.m2/repository/org/eclipse/jetty/jetty-xml/9.3.24.v20180605/jetty-xml-9.3.24.v20180605.jar:/home/user/.m2/repository/log4j/log4j/1.2.17/log4j-1.2.17.jar:/home/user/.m2/repository/org/slf4j/slf4j-api/1.7.25/slf4j-api-1.7.25.jar:/home/user/.m2/repository/org/slf4j/jul-to-slf4j/1.7.25/jul-to-slf4j-1.7.25.jar:/home/user/.m2/repository/org/eclipse/jetty/jetty-util/9.3.24.v20180605/jetty-util-9.3.24.v20180605.jar:/home/user/.m2/repository/com/fasterxml/jackson/core/jackson-databind/2.9.5/jackson-databind-2.9.5.jar:/home/user/.m2/repository/org/apache/hadoop/hadoop-kms/3.2.0/hadoop-kms-3.2.0-tests.jar:/home/user/.m2/repository/org/apache/hadoop/hadoop-hdds-server-scm/0.5.0-SNAPSHOT/hadoop-hdds-server-scm-0.5.0-SNAPSHOT-tests.jar:/home/user/.m2/repository/org/apache/hadoop/hadoop-hdds-container-service/0.5.0-SNAPSHOT/hadoop-hdds-container-service-0.5.0-SNAPSHOT-tests.jar:/home/user/.m2/repository/org/yaml/snakeyaml/1.16/snakeyaml-1.16.jar:/home/user/.m2/repository/org/apache/hadoop/hadoop-common/3.2.0/hadoop-common-3.2.0-tests.jar:/home/user/.m2/repository/org/apache/hadoop/hadoop-annotations/3.2.0/hadoop-annotations-3.2.0.jar:/usr/lib/jvm/java-1.8-openjdk/jre/../lib/tools.jar:/home/user/.m2/repository/commons-cli/commons-cli/1.2/commons-cli-1.2.jar:/home/user/.m2/repository/org/apache/httpcomponents/httpclient/4.5.2/httpclient-4.5.2.jar:/home/user/.m2/repository/org/apache/httpcomponents/httpcore/4.4.4/httpcore-4.4.4.jar:/home/user/.m2/repository/commons-codec/commons-codec/1.11/commons-codec-1.11.jar:/home/user/.m2/repository/commons-net/commons-net/3.6/commons-net-3.6.jar:/home/user/.m2/repository/commons-collections/commons-collections/3.2.2/commons-collections-3.2.2.jar:/home/user/.m2/repository/org/eclipse/jetty/jetty-servlet/9.3.24.v20180605/jetty-servlet-9.3.24.v20180605.jar:/home/user/.m2/repository/org/eclipse/jetty/jetty-security/9.3.24.v20180605/jetty-security-9.3.24.v20180605.jar:/home/user/.m2/repository/javax/servlet/jsp/jsp-api/2.1/jsp-api-2.1.jar:/home/user/.m2/repository/com/sun/jersey/jersey-servlet/1.19/jersey-servlet-1.19.jar:/home/user/.m2/repository/com/sun/jersey/jersey-json/1.19/jersey-json-1.19.jar:/home/user/.m2/repository/org/codehaus/jettison/jettison/1.1/jettison-1.1.jar:/home/user/.m2/repository/org/codehaus/jackson/jackson-core-asl/1.9.13/jackson-core-asl-1.9.13.jar:/home/user/.m2/repository/org/codehaus/jackson/jackson-mapper-asl/1.9.13/jackson-mapper-asl-1.9.13.jar:/home/user/.m2/repository/org/codehaus/jackson/jackson-jaxrs/1.9.13/jackson-jaxrs-1.9.13.jar:/home/user/.m2/repository/org/codehaus/jackson/jackson-xc/1.9.13/jackson-xc-1.9.13.jar:/home/user/.m2/repository/commons-logging/commons-logging/1.1.3/commons-logging-1.1.3.jar:/home/user/.m2/repository/commons-beanutils/commons-beanutils/1.9.3/commons-beanutils-1.9.3.jar:/home/user/.m2/repository/org/apache/commons/commons-configuration2/2.1.1/commons-configuration2-2.1.1.jar:/home/user/.m2/repository/org/apache/commons/commons-lang3/3.7/commons-lang3-3.7.jar:/home/user/.m2/repository/org/apache/commons/commons-text/1.4/commons-text-1.4.jar:/home/user/.m2/repository/org/apache/avro/avro/1.7.7/avro-1.7.7.jar:/home/user/.m2/repository/com/thoughtworks/paranamer/paranamer/2.3/paranamer-2.3.jar:/home/user/.m2/repository/org/xerial/snappy/snappy-java/1.0.5/snappy-java-1.0.5.jar:/home/user/.m2/repository/com/google/re2j/re2j/1.1/re2j-1.1.jar:/home/user/.m2/repository/com/google/code/gson/gson/2.2.4/gson-2.2.4.jar:/home/user/.m2/repository/com/jcraft/jsch/0.1.54/jsch-0.1.54.jar:/home/user/.m2/repository/org/apache/curator/curator-client/2.12.0/curator-client-2.12.0.jar:/home/user/.m2/repository/org/apache/curator/curator-recipes/2.12.0/curator-recipes-2.12.0.jar:/home/user/.m2/repository/com/google/code/findbugs/jsr305/3.0.0/jsr305-3.0.0.jar:/home/user/.m2/repository/org/apache/htrace/htrace-core4/4.1.0-incubating/htrace-core4-4.1.0-incubating.jar:/home/user/.m2/repository/org/apache/zookeeper/zookeeper/3.4.13/zookeeper-3.4.13.jar:/home/user/.m2/repository/org/apache/yetus/audience-annotations/0.5.0/audience-annotations-0.5.0.jar:/home/user/.m2/repository/org/codehaus/woodstox/stax2-api/3.1.4/stax2-api-3.1.4.jar:/home/user/.m2/repository/com/fasterxml/woodstox/woodstox-core/5.0.3/woodstox-core-5.0.3.jar:/home/user/.m2/repository/dnsjava/dnsjava/2.1.7/dnsjava-2.1.7.jar:/home/user/.m2/repository/org/apache/hadoop/hadoop-hdfs/3.2.0/hadoop-hdfs-3.2.0-tests.jar:/home/user/.m2/repository/org/eclipse/jetty/jetty-util-ajax/9.3.24.v20180605/jetty-util-ajax-9.3.24.v20180605.jar:/home/user/.m2/repository/commons-daemon/commons-daemon/1.0.13/commons-daemon-1.0.13.jar:/home/user/.m2/repository/io/netty/netty/3.10.5.Final/netty-3.10.5.Final.jar:/home/user/.m2/repository/io/netty/netty-all/4.0.52.Final/netty-all-4.0.52.Final.jar:/home/user/.m2/repository/org/fusesource/leveldbjni/leveldbjni-all/1.8/leveldbjni-all-1.8.jar:"/>
    <property name="sun.cpu.endian" value="little"/>
    <property name="user.home" value="/home/user"/>
    <property name="user.language" value="en"/>
    <property name="java.specification.vendor" value="Oracle Corporation"/>
    <property name="java.home" value="/usr/lib/jvm/java-1.8-openjdk/jre"/>
    <property name="java.security.krb5.conf" value="/workdir/hadoop-ozone/integration-test/target/test-classes/krb5.conf"/>
    <property name="basedir" value="/workdir/hadoop-ozone/integration-test"/>
    <property name="file.separator" value="/"/>
    <property name="line.separator" value="&#10;"/>
    <property name="java.vm.specification.vendor" value="Oracle Corporation"/>
    <property name="java.specification.name" value="Java Platform API Specification"/>
    <property name="java.awt.graphicsenv" value="sun.awt.X11GraphicsEnvironment"/>
    <property name="surefire.real.class.path" value="/workdir/hadoop-ozone/integration-test/target/surefire/surefirebooter4270076057305158584.jar"/>
    <property name="hadoop.log.dir" value="/workdir/hadoop-ozone/integration-test/target/log"/>
    <property name="sun.boot.class.path" value="/usr/lib/jvm/java-1.8-openjdk/jre/lib/resources.jar:/usr/lib/jvm/java-1.8-openjdk/jre/lib/rt.jar:/usr/lib/jvm/java-1.8-openjdk/jre/lib/sunrsasign.jar:/usr/lib/jvm/java-1.8-openjdk/jre/lib/jsse.jar:/usr/lib/jvm/java-1.8-openjdk/jre/lib/jce.jar:/usr/lib/jvm/java-1.8-openjdk/jre/lib/charsets.jar:/usr/lib/jvm/java-1.8-openjdk/jre/lib/jfr.jar:/usr/lib/jvm/java-1.8-openjdk/jre/classes"/>
    <property name="sun.management.compiler" value="HotSpot 64-Bit Tiered Compilers"/>
    <property name="java.runtime.version" value="1.8.0_212-b04"/>
    <property name="java.net.preferIPv4Stack" value="true"/>
    <property name="user.name" value="jenkins1000"/>
    <property name="path.separator" value=":"/>
    <property name="java.security.egd" value="file:///dev/urandom"/>
    <property name="os.version" value="3.10.0-957.12.2.el7.x86_64"/>
    <property name="java.endorsed.dirs" value="/usr/lib/jvm/java-1.8-openjdk/jre/lib/endorsed"/>
    <property name="java.runtime.name" value="OpenJDK Runtime Environment"/>
    <property name="file.encoding" value="UTF-8"/>
    <property name="java.vm.name" value="OpenJDK 64-Bit Server VM"/>
    <property name="test.build.webapps" value=""/>
    <property name="localRepository" value="/home/user/.m2/repository"/>
    <property name="java.vendor.url.bug" value="https://icedtea.classpath.org/bugzilla"/>
    <property name="java.io.tmpdir" value="/tmp"/>
    <property name="require.test.libhadoop" value=""/>
    <property name="java.version" value="1.8.0_212"/>
    <property name="user.dir" value="/workdir/hadoop-ozone/integration-test"/>
    <property name="os.arch" value="amd64"/>
    <property name="java.vm.specification.name" value="Java Virtual Machine Specification"/>
    <property name="test.build.classes" value="/workdir/hadoop-ozone/integration-test/target/test-classes"/>
    <property name="java.awt.printerjob" value="sun.print.PSPrinterJob"/>
    <property name="sun.os.patch.level" value="unknown"/>
    <property name="hadoop.tmp.dir" value="/workdir/hadoop-ozone/integration-test/target/tmp"/>
    <property name="java.library.path" value="/usr/lib/jvm/java-1.8-openjdk/jre/lib/amd64/server:/usr/lib/jvm/java-1.8-openjdk/jre/lib/amd64:/usr/lib/jvm/java-1.8-openjdk/jre/../lib/amd64:/workdir/hadoop-ozone/integration-test/target/native/target/usr/local/lib:/workdir/hadoop-ozone/integration-test/../../hadoop-common-project/hadoop-common/target/native/target/usr/local/lib:/usr/java/packages/lib/amd64:/usr/lib64:/lib64:/lib:/usr/lib"/>
    <property name="java.vm.info" value="mixed mode"/>
    <property name="java.vendor" value="IcedTea"/>
    <property name="java.vm.version" value="25.212-b04"/>
    <property name="java.ext.dirs" value="/usr/lib/jvm/java-1.8-openjdk/jre/lib/ext:/usr/java/packages/lib/ext"/>
    <property name="sun.io.unicode.encoding" value="UnicodeLittle"/>
    <property name="java.class.version" value="52.0"/>
  </properties>
  <testcase name="test2DatanodesFailure" classname="org.apache.hadoop.ozone.client.rpc.TestBlockOutputStreamWithFailures" time="43.238"/>
  <testcase name="testDatanodeFailureWithPreAllocation" classname="org.apache.hadoop.ozone.client.rpc.TestBlockOutputStreamWithFailures" time="224.719"/>
  <testcase name="testDatanodeFailureWithSingleNodeRatis" classname="org.apache.hadoop.ozone.client.rpc.TestBlockOutputStreamWithFailures" time="225.211"/>
  <testcase name="testWatchForCommitWithSingleNodeRatis" classname="org.apache.hadoop.ozone.client.rpc.TestBlockOutputStreamWithFailures" time="35.514"/>
  <testcase name="testWatchForCommitDatanodeFailure" classname="org.apache.hadoop.ozone.client.rpc.TestBlockOutputStreamWithFailures" time="42.686">
    <failure message="expected:&lt;2&gt; but was:&lt;3&gt;" type="java.lang.AssertionError"><![CDATA[java.lang.AssertionError: expected:<2> but was:<3>
	at org.junit.Assert.fail(Assert.java:88)
	at org.junit.Assert.failNotEquals(Assert.java:743)
	at org.junit.Assert.assertEquals(Assert.java:118)
	at org.junit.Assert.assertEquals(Assert.java:555)
	at org.junit.Assert.assertEquals(Assert.java:542)
	at org.apache.hadoop.ozone.client.rpc.TestBlockOutputStreamWithFailures.testWatchForCommitDatanodeFailure(TestBlockOutputStreamWithFailures.java:366)
	at sun.reflect.NativeMethodAccessorImpl.invoke0(Native Method)
	at sun.reflect.NativeMethodAccessorImpl.invoke(NativeMethodAccessorImpl.java:62)
	at sun.reflect.DelegatingMethodAccessorImpl.invoke(DelegatingMethodAccessorImpl.java:43)
	at java.lang.reflect.Method.invoke(Method.java:498)
	at org.junit.runners.model.FrameworkMethod$1.runReflectiveCall(FrameworkMethod.java:47)
	at org.junit.internal.runners.model.ReflectiveCallable.run(ReflectiveCallable.java:12)
	at org.junit.runners.model.FrameworkMethod.invokeExplosively(FrameworkMethod.java:44)
	at org.junit.internal.runners.statements.InvokeMethod.evaluate(InvokeMethod.java:17)
	at org.junit.internal.runners.statements.RunBefores.evaluate(RunBefores.java:26)
	at org.junit.internal.runners.statements.RunAfters.evaluate(RunAfters.java:27)
	at org.junit.runners.ParentRunner.runLeaf(ParentRunner.java:271)
	at org.junit.runners.BlockJUnit4ClassRunner.runChild(BlockJUnit4ClassRunner.java:70)
	at org.junit.runners.BlockJUnit4ClassRunner.runChild(BlockJUnit4ClassRunner.java:50)
	at org.junit.runners.ParentRunner$3.run(ParentRunner.java:238)
	at org.junit.runners.ParentRunner$1.schedule(ParentRunner.java:63)
	at org.junit.runners.ParentRunner.runChildren(ParentRunner.java:236)
	at org.junit.runners.ParentRunner.access$000(ParentRunner.java:53)
	at org.junit.runners.ParentRunner$2.evaluate(ParentRunner.java:229)
	at org.junit.runners.ParentRunner.run(ParentRunner.java:309)
	at org.apache.maven.surefire.junit4.JUnit4Provider.execute(JUnit4Provider.java:365)
	at org.apache.maven.surefire.junit4.JUnit4Provider.executeWithRerun(JUnit4Provider.java:273)
	at org.apache.maven.surefire.junit4.JUnit4Provider.executeTestSet(JUnit4Provider.java:238)
	at org.apache.maven.surefire.junit4.JUnit4Provider.invoke(JUnit4Provider.java:159)
	at org.apache.maven.surefire.booter.ForkedBooter.invokeProviderInSameClassLoader(ForkedBooter.java:384)
	at org.apache.maven.surefire.booter.ForkedBooter.runSuitesInProcess(ForkedBooter.java:345)
	at org.apache.maven.surefire.booter.ForkedBooter.execute(ForkedBooter.java:126)
	at org.apache.maven.surefire.booter.ForkedBooter.main(ForkedBooter.java:418)
]]></failure>
    <system-out><![CDATA[2019-09-03 19:44:12,068 [main] WARN  server.ServerUtils (ServerUtils.java:getScmDbDir(145)) - ozone.scm.db.dirs is not configured. We recommend adding this setting. Falling back to ozone.metadata.dirs instead.
2019-09-03 19:44:12,083 [main] WARN  server.ServerUtils (ServerUtils.java:getScmDbDir(145)) - ozone.scm.db.dirs is not configured. We recommend adding this setting. Falling back to ozone.metadata.dirs instead.
2019-09-03 19:44:12,083 [main] WARN  server.ServerUtils (ServerUtils.java:getScmDbDir(145)) - ozone.scm.db.dirs is not configured. We recommend adding this setting. Falling back to ozone.metadata.dirs instead.
2019-09-03 19:44:12,083 [main] INFO  db.DBStoreBuilder (DBStoreBuilder.java:addTable(110)) - using custom profile for table: deletedBlocks
2019-09-03 19:44:12,084 [main] INFO  db.DBStoreBuilder (DBStoreBuilder.java:processTables(161)) - Using default column profile:DBProfile.DISK for Table:deletedBlocks
2019-09-03 19:44:12,084 [main] INFO  db.DBStoreBuilder (DBStoreBuilder.java:addTable(110)) - using custom profile for table: validCerts
2019-09-03 19:44:12,084 [main] INFO  db.DBStoreBuilder (DBStoreBuilder.java:processTables(161)) - Using default column profile:DBProfile.DISK for Table:validCerts
2019-09-03 19:44:12,084 [main] INFO  db.DBStoreBuilder (DBStoreBuilder.java:addTable(110)) - using custom profile for table: revokedCerts
2019-09-03 19:44:12,084 [main] INFO  db.DBStoreBuilder (DBStoreBuilder.java:processTables(161)) - Using default column profile:DBProfile.DISK for Table:revokedCerts
2019-09-03 19:44:12,084 [main] INFO  db.DBStoreBuilder (DBStoreBuilder.java:addTable(110)) - using custom profile for table: default
2019-09-03 19:44:12,085 [main] INFO  db.DBStoreBuilder (DBStoreBuilder.java:processTables(167)) - Using default column profile:DBProfile.DISK for Table:default
2019-09-03 19:44:12,085 [main] INFO  db.DBStoreBuilder (DBStoreBuilder.java:getDbProfile(198)) - Using default options. DBProfile.DISK
2019-09-03 19:44:12,335 [main] INFO  net.NodeSchemaLoader (NodeSchemaLoader.java:loadSchemaFromFile(125)) - Loading file from sun.misc.CompoundEnumeration@a2b54e3
2019-09-03 19:44:12,336 [main] INFO  net.NodeSchemaLoader (NodeSchemaLoader.java:loadSchema(171)) - Loading network topology layer schema file
2019-09-03 19:44:12,343 [main] INFO  node.SCMNodeManager (SCMNodeManager.java:<init>(114)) - Entering startup safe mode.
2019-09-03 19:44:12,344 [main] INFO  algorithms.ContainerPlacementPolicyFactory (ContainerPlacementPolicyFactory.java:getPolicy(55)) - Create container placement policy of type org.apache.hadoop.hdds.scm.container.placement.algorithms.SCMContainerPlacementRandom
2019-09-03 19:44:12,344 [main] WARN  server.ServerUtils (ServerUtils.java:getScmDbDir(145)) - ozone.scm.db.dirs is not configured. We recommend adding this setting. Falling back to ozone.metadata.dirs instead.
2019-09-03 19:44:12,433 [main] INFO  pipeline.SCMPipelineManager (SCMPipelineManager.java:initializePipelineState(128)) - No pipeline exists in current db
2019-09-03 19:44:12,434 [main] WARN  server.ServerUtils (ServerUtils.java:getScmDbDir(145)) - ozone.scm.db.dirs is not configured. We recommend adding this setting. Falling back to ozone.metadata.dirs instead.
2019-09-03 19:44:12,539 [main] WARN  events.EventQueue (EventQueue.java:fireEvent(183)) - No event handler registered for event TypedEvent{payloadType=SafeModeStatus, name='SafeModeStatus'}
2019-09-03 19:44:12,541 [main] INFO  ipc.CallQueueManager (CallQueueManager.java:<init>(84)) - Using callQueue: class java.util.concurrent.LinkedBlockingQueue, queueCapacity: 2000, scheduler: class org.apache.hadoop.ipc.DefaultRpcScheduler, ipcBackoff: false.
2019-09-03 19:44:12,542 [Socket Reader #1 for port 36916] INFO  ipc.Server (Server.java:run(1074)) - Starting Socket Reader #1 for port 36916
2019-09-03 19:44:12,544 [main] INFO  ipc.CallQueueManager (CallQueueManager.java:<init>(84)) - Using callQueue: class java.util.concurrent.LinkedBlockingQueue, queueCapacity: 2000, scheduler: class org.apache.hadoop.ipc.DefaultRpcScheduler, ipcBackoff: false.
2019-09-03 19:44:12,545 [Socket Reader #1 for port 43341] INFO  ipc.Server (Server.java:run(1074)) - Starting Socket Reader #1 for port 43341
2019-09-03 19:44:12,546 [main] INFO  ipc.CallQueueManager (CallQueueManager.java:<init>(84)) - Using callQueue: class java.util.concurrent.LinkedBlockingQueue, queueCapacity: 2000, scheduler: class org.apache.hadoop.ipc.DefaultRpcScheduler, ipcBackoff: false.
2019-09-03 19:44:12,547 [Socket Reader #1 for port 36298] INFO  ipc.Server (Server.java:run(1074)) - Starting Socket Reader #1 for port 36298
2019-09-03 19:44:12,551 [main] INFO  hdfs.DFSUtil (DFSUtil.java:httpServerTemplateForNNAndJN(1641)) - Starting Web-server for scm at: http://0.0.0.0:0
2019-09-03 19:44:12,553 [main] INFO  server.AuthenticationFilter (AuthenticationFilter.java:constructSecretProvider(240)) - Unable to initialize FileSignerSecretProvider, falling back to use random secrets.
2019-09-03 19:44:12,554 [main] WARN  http.HttpRequestLog (HttpRequestLog.java:getRequestLog(97)) - Jetty request log can only be enabled using Log4j
2019-09-03 19:44:12,557 [main] INFO  http.HttpServer2 (HttpServer2.java:addGlobalFilter(975)) - Added global filter 'safety' (class=org.apache.hadoop.http.HttpServer2$QuotingInputFilter)
2019-09-03 19:44:12,558 [main] INFO  http.HttpServer2 (HttpServer2.java:addFilter(948)) - Added filter static_user_filter (class=org.apache.hadoop.http.lib.StaticUserWebFilter$StaticUserFilter) to context scm
2019-09-03 19:44:12,558 [main] INFO  http.HttpServer2 (HttpServer2.java:addFilter(958)) - Added filter static_user_filter (class=org.apache.hadoop.http.lib.StaticUserWebFilter$StaticUserFilter) to context logs
2019-09-03 19:44:12,558 [main] INFO  http.HttpServer2 (HttpServer2.java:addFilter(958)) - Added filter static_user_filter (class=org.apache.hadoop.http.lib.StaticUserWebFilter$StaticUserFilter) to context static
2019-09-03 19:44:12,561 [main] INFO  server.StorageContainerManager (StorageContainerManager.java:start(759)) - StorageContainerLocationProtocol RPC server is listening at /0.0.0.0:36298
2019-09-03 19:44:12,564 [main] WARN  impl.MetricsConfig (MetricsConfig.java:loadFirst(134)) - Cannot locate configuration: tried hadoop-metrics2-storagecontainermanager.properties,hadoop-metrics2.properties
2019-09-03 19:44:12,565 [main] INFO  impl.MetricsSystemImpl (MetricsSystemImpl.java:startTimer(374)) - Scheduled Metric snapshot period at 10 second(s).
2019-09-03 19:44:12,566 [main] INFO  impl.MetricsSystemImpl (MetricsSystemImpl.java:start(191)) - StorageContainerManager metrics system started
2019-09-03 19:44:12,597 [main] WARN  impl.MetricsSystemImpl (MetricsSystemImpl.java:register(276)) - Sink prometheus already exists!
2019-09-03 19:44:12,642 [main] INFO  server.SCMClientProtocolServer (SCMClientProtocolServer.java:start(151)) - RPC server for Client  is listening at /0.0.0.0:36298
2019-09-03 19:44:12,642 [IPC Server Responder] INFO  ipc.Server (Server.java:run(1314)) - IPC Server Responder: starting
2019-09-03 19:44:12,642 [IPC Server listener on 36298] INFO  ipc.Server (Server.java:run(1153)) - IPC Server listener on 36298: starting
2019-09-03 19:44:12,646 [main] INFO  server.StorageContainerManager (StorageContainerManager.java:start(769)) - ScmBlockLocationProtocol RPC server is listening at /0.0.0.0:43341
2019-09-03 19:44:12,646 [main] INFO  server.SCMBlockProtocolServer (SCMBlockProtocolServer.java:start(146)) - RPC server for Block Protocol is listening at /0.0.0.0:43341
2019-09-03 19:44:12,646 [IPC Server Responder] INFO  ipc.Server (Server.java:run(1314)) - IPC Server Responder: starting
2019-09-03 19:44:12,647 [IPC Server listener on 43341] INFO  ipc.Server (Server.java:run(1153)) - IPC Server listener on 43341: starting
2019-09-03 19:44:12,650 [main] INFO  server.StorageContainerManager (StorageContainerManager.java:start(773)) - ScmDatanodeProtocl RPC server is listening at /0.0.0.0:36916
2019-09-03 19:44:12,650 [main] INFO  server.SCMDatanodeProtocolServer (SCMDatanodeProtocolServer.java:start(191)) - RPC server for DataNodes is listening at /0.0.0.0:36916
2019-09-03 19:44:12,651 [IPC Server Responder] INFO  ipc.Server (Server.java:run(1314)) - IPC Server Responder: starting
2019-09-03 19:44:12,651 [IPC Server listener on 36916] INFO  ipc.Server (Server.java:run(1153)) - IPC Server listener on 36916: starting
2019-09-03 19:44:12,654 [main] INFO  http.HttpServer2 (HttpServer2.java:bindListener(1191)) - Jetty bound to port 38430
2019-09-03 19:44:12,655 [main] INFO  server.Server (Server.java:doStart(351)) - jetty-9.3.24.v20180605, build timestamp: 2018-06-05T17:11:56Z, git hash: 84205aa28f11a4f31f2a3b86d1bba2cc8ab69827
2019-09-03 19:44:12,656 [main] INFO  handler.ContextHandler (ContextHandler.java:doStart(781)) - Started o.e.j.s.ServletContextHandler@320be73{/logs,file:///workdir/hadoop-ozone/integration-test/target/log,AVAILABLE}
2019-09-03 19:44:12,657 [main] INFO  handler.ContextHandler (ContextHandler.java:doStart(781)) - Started o.e.j.s.ServletContextHandler@6af310c7{/static,file:///workdir/hadoop-ozone/integration-test/target/test-classes/webapps/static,AVAILABLE}
2019-09-03 19:44:12,661 [main] INFO  handler.ContextHandler (ContextHandler.java:doStart(781)) - Started o.e.j.w.WebAppContext@73a6cc79{/,file:///workdir/hadoop-ozone/integration-test/target/test-classes/webapps/scm/,AVAILABLE}{/scm}
2019-09-03 19:44:12,661 [main] INFO  server.AbstractConnector (AbstractConnector.java:doStart(278)) - Started ServerConnector@5a4d4f9c{HTTP/1.1,[http/1.1]}{0.0.0.0:38430}
2019-09-03 19:44:12,662 [main] INFO  server.Server (Server.java:doStart(419)) - Started @529964ms
2019-09-03 19:44:12,662 [main] WARN  impl.MetricsSystemImpl (MetricsSystemImpl.java:register(276)) - Sink prometheus already exists!
2019-09-03 19:44:12,663 [main] INFO  server.BaseHttpServer (BaseHttpServer.java:updateConnectorAddress(215)) - HTTP server of SCM is listening at http://0.0.0.0:38430
2019-09-03 19:44:12,664 [main] WARN  server.ServerUtils (ServerUtils.java:getDBPath(222)) - ozone.om.db.dirs is not configured. We recommend adding this setting. Falling back to ozone.metadata.dirs instead.
2019-09-03 19:44:12,664 [org.apache.hadoop.util.JvmPauseMonitor$Monitor@6c9b44bf] INFO  util.JvmPauseMonitor (JvmPauseMonitor.java:run(188)) - Starting JVM pause monitor
2019-09-03 19:44:12,677 [main] WARN  server.ServerUtils (ServerUtils.java:getDBPath(222)) - ozone.om.db.dirs is not configured. We recommend adding this setting. Falling back to ozone.metadata.dirs instead.
2019-09-03 19:44:12,678 [main] WARN  server.ServerUtils (ServerUtils.java:getDBPath(222)) - ozone.om.db.dirs is not configured. We recommend adding this setting. Falling back to ozone.metadata.dirs instead.
2019-09-03 19:44:12,678 [main] INFO  om.OzoneManager (OzoneManager.java:setOMNodeDetails(649)) - OM Service ID is not set. Setting it to the default ID: omServiceIdDefault
2019-09-03 19:44:12,678 [main] INFO  om.OzoneManager (OzoneManager.java:setOMNodeDetails(655)) - OM Node ID is not set. Setting it to the OmStorage's OmID: 1ff4b3d8-c3d2-423d-b340-265e1342dae5
2019-09-03 19:44:12,678 [main] INFO  om.OzoneManager (OzoneManager.java:loadOMHAConfigs(606)) - Found matching OM address with OMServiceId: null, OMNodeId: null, RPC Address: localhost:0 and Ratis port: 9872
2019-09-03 19:44:12,684 [main] WARN  server.ServerUtils (ServerUtils.java:getDBPath(222)) - ozone.om.db.dirs is not configured. We recommend adding this setting. Falling back to ozone.metadata.dirs instead.
2019-09-03 19:44:12,684 [main] INFO  db.DBStoreBuilder (DBStoreBuilder.java:addTable(110)) - using custom profile for table: userTable
2019-09-03 19:44:12,685 [main] INFO  db.DBStoreBuilder (DBStoreBuilder.java:processTables(161)) - Using default column profile:DBProfile.DISK for Table:userTable
2019-09-03 19:44:12,685 [main] INFO  db.DBStoreBuilder (DBStoreBuilder.java:addTable(110)) - using custom profile for table: volumeTable
2019-09-03 19:44:12,685 [main] INFO  db.DBStoreBuilder (DBStoreBuilder.java:processTables(161)) - Using default column profile:DBProfile.DISK for Table:volumeTable
2019-09-03 19:44:12,685 [main] INFO  db.DBStoreBuilder (DBStoreBuilder.java:addTable(110)) - using custom profile for table: bucketTable
2019-09-03 19:44:12,685 [main] INFO  db.DBStoreBuilder (DBStoreBuilder.java:processTables(161)) - Using default column profile:DBProfile.DISK for Table:bucketTable
2019-09-03 19:44:12,686 [main] INFO  db.DBStoreBuilder (DBStoreBuilder.java:addTable(110)) - using custom profile for table: keyTable
2019-09-03 19:44:12,686 [main] INFO  db.DBStoreBuilder (DBStoreBuilder.java:processTables(161)) - Using default column profile:DBProfile.DISK for Table:keyTable
2019-09-03 19:44:12,686 [main] INFO  db.DBStoreBuilder (DBStoreBuilder.java:addTable(110)) - using custom profile for table: deletedTable
2019-09-03 19:44:12,686 [main] INFO  db.DBStoreBuilder (DBStoreBuilder.java:processTables(161)) - Using default column profile:DBProfile.DISK for Table:deletedTable
2019-09-03 19:44:12,686 [main] INFO  db.DBStoreBuilder (DBStoreBuilder.java:addTable(110)) - using custom profile for table: openKeyTable
2019-09-03 19:44:12,686 [main] INFO  db.DBStoreBuilder (DBStoreBuilder.java:processTables(161)) - Using default column profile:DBProfile.DISK for Table:openKeyTable
2019-09-03 19:44:12,687 [main] INFO  db.DBStoreBuilder (DBStoreBuilder.java:addTable(110)) - using custom profile for table: s3Table
2019-09-03 19:44:12,687 [main] INFO  db.DBStoreBuilder (DBStoreBuilder.java:processTables(161)) - Using default column profile:DBProfile.DISK for Table:s3Table
2019-09-03 19:44:12,687 [main] INFO  db.DBStoreBuilder (DBStoreBuilder.java:addTable(110)) - using custom profile for table: multipartInfoTable
2019-09-03 19:44:12,687 [main] INFO  db.DBStoreBuilder (DBStoreBuilder.java:processTables(161)) - Using default column profile:DBProfile.DISK for Table:multipartInfoTable
2019-09-03 19:44:12,687 [main] INFO  db.DBStoreBuilder (DBStoreBuilder.java:addTable(110)) - using custom profile for table: dTokenTable
2019-09-03 19:44:12,687 [main] INFO  db.DBStoreBuilder (DBStoreBuilder.java:processTables(161)) - Using default column profile:DBProfile.DISK for Table:dTokenTable
2019-09-03 19:44:12,688 [main] INFO  db.DBStoreBuilder (DBStoreBuilder.java:addTable(110)) - using custom profile for table: s3SecretTable
2019-09-03 19:44:12,688 [main] INFO  db.DBStoreBuilder (DBStoreBuilder.java:processTables(161)) - Using default column profile:DBProfile.DISK for Table:s3SecretTable
2019-09-03 19:44:12,688 [main] INFO  db.DBStoreBuilder (DBStoreBuilder.java:addTable(110)) - using custom profile for table: prefixTable
2019-09-03 19:44:12,688 [main] INFO  db.DBStoreBuilder (DBStoreBuilder.java:processTables(161)) - Using default column profile:DBProfile.DISK for Table:prefixTable
2019-09-03 19:44:12,688 [main] INFO  db.DBStoreBuilder (DBStoreBuilder.java:addTable(110)) - using custom profile for table: default
2019-09-03 19:44:12,688 [main] INFO  db.DBStoreBuilder (DBStoreBuilder.java:processTables(167)) - Using default column profile:DBProfile.DISK for Table:default
2019-09-03 19:44:12,689 [main] INFO  db.DBStoreBuilder (DBStoreBuilder.java:getDbProfile(198)) - Using default options. DBProfile.DISK
2019-09-03 19:44:13,256 [main] INFO  ipc.CallQueueManager (CallQueueManager.java:<init>(84)) - Using callQueue: class java.util.concurrent.LinkedBlockingQueue, queueCapacity: 2000, scheduler: class org.apache.hadoop.ipc.DefaultRpcScheduler, ipcBackoff: false.
2019-09-03 19:44:13,257 [Socket Reader #1 for port 34682] INFO  ipc.Server (Server.java:run(1074)) - Starting Socket Reader #1 for port 34682
2019-09-03 19:44:13,269 [main] INFO  om.OzoneManager (OzoneManager.java:start(1240)) - OzoneManager RPC server is listening at localhost/127.0.0.1:34682
2019-09-03 19:44:13,270 [main] INFO  impl.MetricsSystemImpl (MetricsSystemImpl.java:init(158)) - OzoneManager metrics system started (again)
2019-09-03 19:44:13,270 [IPC Server Responder] INFO  ipc.Server (Server.java:run(1314)) - IPC Server Responder: starting
2019-09-03 19:44:13,271 [IPC Server listener on 34682] INFO  ipc.Server (Server.java:run(1153)) - IPC Server listener on 34682: starting
2019-09-03 19:44:13,275 [main] INFO  hdfs.DFSUtil (DFSUtil.java:httpServerTemplateForNNAndJN(1641)) - Starting Web-server for ozoneManager at: http://0.0.0.0:0
2019-09-03 19:44:13,277 [main] INFO  server.AuthenticationFilter (AuthenticationFilter.java:constructSecretProvider(240)) - Unable to initialize FileSignerSecretProvider, falling back to use random secrets.
2019-09-03 19:44:13,277 [main] WARN  http.HttpRequestLog (HttpRequestLog.java:getRequestLog(97)) - Jetty request log can only be enabled using Log4j
2019-09-03 19:44:13,280 [main] INFO  http.HttpServer2 (HttpServer2.java:addGlobalFilter(975)) - Added global filter 'safety' (class=org.apache.hadoop.http.HttpServer2$QuotingInputFilter)
2019-09-03 19:44:13,280 [main] INFO  http.HttpServer2 (HttpServer2.java:addFilter(948)) - Added filter static_user_filter (class=org.apache.hadoop.http.lib.StaticUserWebFilter$StaticUserFilter) to context ozoneManager
2019-09-03 19:44:13,280 [main] INFO  http.HttpServer2 (HttpServer2.java:addFilter(958)) - Added filter static_user_filter (class=org.apache.hadoop.http.lib.StaticUserWebFilter$StaticUserFilter) to context static
2019-09-03 19:44:13,280 [main] INFO  http.HttpServer2 (HttpServer2.java:addFilter(958)) - Added filter static_user_filter (class=org.apache.hadoop.http.lib.StaticUserWebFilter$StaticUserFilter) to context logs
2019-09-03 19:44:13,281 [main] INFO  http.HttpServer2 (HttpServer2.java:bindListener(1191)) - Jetty bound to port 34988
2019-09-03 19:44:13,281 [main] INFO  server.Server (Server.java:doStart(351)) - jetty-9.3.24.v20180605, build timestamp: 2018-06-05T17:11:56Z, git hash: 84205aa28f11a4f31f2a3b86d1bba2cc8ab69827
2019-09-03 19:44:13,283 [main] INFO  handler.ContextHandler (ContextHandler.java:doStart(781)) - Started o.e.j.s.ServletContextHandler@6f38f084{/logs,file:///workdir/hadoop-ozone/integration-test/target/log,AVAILABLE}
2019-09-03 19:44:13,283 [main] INFO  handler.ContextHandler (ContextHandler.java:doStart(781)) - Started o.e.j.s.ServletContextHandler@372f0a99{/static,file:///workdir/hadoop-ozone/integration-test/target/test-classes/webapps/static,AVAILABLE}
2019-09-03 19:44:13,287 [main] INFO  handler.ContextHandler (ContextHandler.java:doStart(781)) - Started o.e.j.w.WebAppContext@76396509{/,file:///workdir/hadoop-ozone/integration-test/target/test-classes/webapps/ozoneManager/,AVAILABLE}{/ozoneManager}
2019-09-03 19:44:13,288 [main] INFO  server.AbstractConnector (AbstractConnector.java:doStart(278)) - Started ServerConnector@637c840d{HTTP/1.1,[http/1.1]}{0.0.0.0:34988}
2019-09-03 19:44:13,289 [main] INFO  server.Server (Server.java:doStart(419)) - Started @530590ms
2019-09-03 19:44:13,289 [main] WARN  impl.MetricsSystemImpl (MetricsSystemImpl.java:register(276)) - Sink prometheus already exists!
2019-09-03 19:44:13,289 [main] INFO  server.BaseHttpServer (BaseHttpServer.java:updateConnectorAddress(215)) - HTTP server of OZONEMANAGER is listening at http://0.0.0.0:34988
2019-09-03 19:44:13,304 [main] INFO  impl.MetricsSystemImpl (MetricsSystemImpl.java:init(158)) - HddsDatanode metrics system started (again)
2019-09-03 19:44:13,306 [main] INFO  ozone.HddsDatanodeService (HddsDatanodeService.java:start(184)) - HddsDatanodeService host:pr-hdds-2018-8nzjn-2890084760 ip:192.168.34.20
2019-09-03 19:44:13,311 [main] INFO  volume.HddsVolume (HddsVolume.java:<init>(176)) - Creating Volume: /workdir/hadoop-ozone/integration-test/target/test-dir/MiniOzoneClusterImpl-93e4c667-a4e3-48cf-a9ad-b2b6e5195dda/datanode-0/data/containers/hdds of  storage type : DISK and capacity : 1482555576320
2019-09-03 19:44:13,311 [main] INFO  volume.VolumeSet (VolumeSet.java:initializeVolumeSet(170)) - Added Volume : /workdir/hadoop-ozone/integration-test/target/test-dir/MiniOzoneClusterImpl-93e4c667-a4e3-48cf-a9ad-b2b6e5195dda/datanode-0/data/containers/hdds to VolumeSet
2019-09-03 19:44:13,311 [main] INFO  volume.ThrottledAsyncChecker (ThrottledAsyncChecker.java:schedule(140)) - Scheduling a check for org.apache.hadoop.ozone.container.common.volume.HddsVolume@67b61834
2019-09-03 19:44:13,313 [main] INFO  volume.HddsVolumeChecker (HddsVolumeChecker.java:checkAllVolumes(203)) - Scheduled health check for volume org.apache.hadoop.ozone.container.common.volume.HddsVolume@67b61834
2019-09-03 19:44:13,324 [main] INFO  impl.RaftServerProxy (ConfUtils.java:logGet(43)) - raft.rpc.type = GRPC (default)
2019-09-03 19:44:13,325 [main] INFO  grpc.GrpcFactory (GrpcFactory.java:checkPooledByteBufAllocatorUseCacheForAllThreads(45)) - PERFORMANCE WARNING: useCacheForAllThreads is true that may cause Netty to create a lot garbage objects and, as a result, trigger GC.
	It is recommended to disable useCacheForAllThreads by setting -Dorg.apache.ratis.thirdparty.io.netty.allocator.useCacheForAllThreads=false in command line.
2019-09-03 19:44:13,325 [main] INFO  grpc.GrpcConfigKeys$Server (ConfUtils.java:logGet(43)) - raft.grpc.server.port = 0 (default)
2019-09-03 19:44:13,325 [main] INFO  server.GrpcService (ConfUtils.java:logGet(43)) - raft.grpc.message.size.max = 33570816 (custom)
2019-09-03 19:44:13,325 [main] INFO  server.RaftServerConfigKeys (ConfUtils.java:logGet(43)) - raft.server.log.appender.buffer.byte-limit = 33554432 (custom)
2019-09-03 19:44:13,326 [main] INFO  server.GrpcService (ConfUtils.java:logGet(43)) - raft.grpc.flow.control.window = 1MB (=1048576) (default)
2019-09-03 19:44:13,326 [main] INFO  server.RaftServerConfigKeys (ConfUtils.java:logGet(43)) - raft.server.rpc.request.timeout = 3000ms (default)
2019-09-03 19:44:13,326 [main] INFO  server.RaftServerConfigKeys (ConfUtils.java:logGet(43)) - raft.server.storage.dir = [/workdir/hadoop-ozone/integration-test/target/test-dir/MiniOzoneClusterImpl-93e4c667-a4e3-48cf-a9ad-b2b6e5195dda/datanode-0/data/ratis] (custom)
2019-09-03 19:44:13,329 [main] INFO  hdfs.DFSUtil (DFSUtil.java:httpServerTemplateForNNAndJN(1641)) - Starting Web-server for hddsDatanode at: http://0.0.0.0:0
2019-09-03 19:44:13,330 [main] INFO  server.AuthenticationFilter (AuthenticationFilter.java:constructSecretProvider(240)) - Unable to initialize FileSignerSecretProvider, falling back to use random secrets.
2019-09-03 19:44:13,330 [main] WARN  http.HttpRequestLog (HttpRequestLog.java:getRequestLog(97)) - Jetty request log can only be enabled using Log4j
2019-09-03 19:44:13,332 [main] INFO  http.HttpServer2 (HttpServer2.java:addGlobalFilter(975)) - Added global filter 'safety' (class=org.apache.hadoop.http.HttpServer2$QuotingInputFilter)
2019-09-03 19:44:13,332 [main] INFO  http.HttpServer2 (HttpServer2.java:addFilter(948)) - Added filter static_user_filter (class=org.apache.hadoop.http.lib.StaticUserWebFilter$StaticUserFilter) to context hddsDatanode
2019-09-03 19:44:13,332 [main] INFO  http.HttpServer2 (HttpServer2.java:addFilter(958)) - Added filter static_user_filter (class=org.apache.hadoop.http.lib.StaticUserWebFilter$StaticUserFilter) to context static
2019-09-03 19:44:13,332 [main] INFO  http.HttpServer2 (HttpServer2.java:addFilter(958)) - Added filter static_user_filter (class=org.apache.hadoop.http.lib.StaticUserWebFilter$StaticUserFilter) to context logs
2019-09-03 19:44:13,333 [main] INFO  http.HttpServer2 (HttpServer2.java:bindListener(1191)) - Jetty bound to port 38066
2019-09-03 19:44:13,333 [main] INFO  server.Server (Server.java:doStart(351)) - jetty-9.3.24.v20180605, build timestamp: 2018-06-05T17:11:56Z, git hash: 84205aa28f11a4f31f2a3b86d1bba2cc8ab69827
2019-09-03 19:44:13,334 [main] INFO  handler.ContextHandler (ContextHandler.java:doStart(781)) - Started o.e.j.s.ServletContextHandler@34c7232c{/logs,file:///workdir/hadoop-ozone/integration-test/target/log,AVAILABLE}
2019-09-03 19:44:13,335 [main] INFO  handler.ContextHandler (ContextHandler.java:doStart(781)) - Started o.e.j.s.ServletContextHandler@8b13d91{/static,jar:file:/home/user/.m2/repository/org/apache/hadoop/hadoop-hdds-container-service/0.5.0-SNAPSHOT/hadoop-hdds-container-service-0.5.0-SNAPSHOT.jar!/webapps/static,AVAILABLE}
2019-09-03 19:44:13,362 [main] INFO  handler.ContextHandler (ContextHandler.java:doStart(781)) - Started o.e.j.w.WebAppContext@1595d2b2{/,file:///tmp/jetty-0.0.0.0-38066-hddsDatanode-_-any-5693317234576410745.dir/webapp/,AVAILABLE}{/hddsDatanode}
2019-09-03 19:44:13,362 [main] INFO  server.AbstractConnector (AbstractConnector.java:doStart(278)) - Started ServerConnector@20349058{HTTP/1.1,[http/1.1]}{0.0.0.0:38066}
2019-09-03 19:44:13,362 [main] INFO  server.Server (Server.java:doStart(419)) - Started @530664ms
2019-09-03 19:44:13,363 [main] WARN  impl.MetricsSystemImpl (MetricsSystemImpl.java:register(276)) - Sink prometheus already exists!
2019-09-03 19:44:13,364 [main] INFO  server.BaseHttpServer (BaseHttpServer.java:updateConnectorAddress(215)) - HTTP server of HDDSDATANODE is listening at http://0.0.0.0:38066
2019-09-03 19:44:13,364 [main] INFO  impl.MetricsSystemImpl (MetricsSystemImpl.java:init(158)) - HddsDatanode metrics system started (again)
2019-09-03 19:44:13,366 [org.apache.hadoop.util.JvmPauseMonitor$Monitor@25519274] INFO  util.JvmPauseMonitor (JvmPauseMonitor.java:run(188)) - Starting JVM pause monitor
2019-09-03 19:44:13,366 [main] INFO  ozone.HddsDatanodeService (HddsDatanodeService.java:start(184)) - HddsDatanodeService host:pr-hdds-2018-8nzjn-2890084760 ip:192.168.34.20
2019-09-03 19:44:13,368 [Datanode State Machine Thread - 0] INFO  datanode.InitDatanodeState (InitDatanodeState.java:persistContainerDatanodeDetails(140)) - DatanodeDetails is persisted to /workdir/hadoop-ozone/integration-test/target/test-dir/MiniOzoneClusterImpl-93e4c667-a4e3-48cf-a9ad-b2b6e5195dda/datanode-0/meta/datanode.id
2019-09-03 19:44:13,372 [main] INFO  volume.HddsVolume (HddsVolume.java:<init>(176)) - Creating Volume: /workdir/hadoop-ozone/integration-test/target/test-dir/MiniOzoneClusterImpl-93e4c667-a4e3-48cf-a9ad-b2b6e5195dda/datanode-1/data/containers/hdds of  storage type : DISK and capacity : 1482555576320
2019-09-03 19:44:13,373 [main] INFO  volume.VolumeSet (VolumeSet.java:initializeVolumeSet(170)) - Added Volume : /workdir/hadoop-ozone/integration-test/target/test-dir/MiniOzoneClusterImpl-93e4c667-a4e3-48cf-a9ad-b2b6e5195dda/datanode-1/data/containers/hdds to VolumeSet
2019-09-03 19:44:13,373 [main] INFO  volume.ThrottledAsyncChecker (ThrottledAsyncChecker.java:schedule(140)) - Scheduling a check for org.apache.hadoop.ozone.container.common.volume.HddsVolume@11e9ac24
2019-09-03 19:44:13,373 [main] INFO  volume.HddsVolumeChecker (HddsVolumeChecker.java:checkAllVolumes(203)) - Scheduled health check for volume org.apache.hadoop.ozone.container.common.volume.HddsVolume@11e9ac24
2019-09-03 19:44:13,385 [main] INFO  impl.RaftServerProxy (ConfUtils.java:logGet(43)) - raft.rpc.type = GRPC (default)
2019-09-03 19:44:13,386 [main] INFO  grpc.GrpcFactory (GrpcFactory.java:checkPooledByteBufAllocatorUseCacheForAllThreads(45)) - PERFORMANCE WARNING: useCacheForAllThreads is true that may cause Netty to create a lot garbage objects and, as a result, trigger GC.
	It is recommended to disable useCacheForAllThreads by setting -Dorg.apache.ratis.thirdparty.io.netty.allocator.useCacheForAllThreads=false in command line.
2019-09-03 19:44:13,386 [main] INFO  grpc.GrpcConfigKeys$Server (ConfUtils.java:logGet(43)) - raft.grpc.server.port = 0 (default)
2019-09-03 19:44:13,386 [main] INFO  server.GrpcService (ConfUtils.java:logGet(43)) - raft.grpc.message.size.max = 33570816 (custom)
2019-09-03 19:44:13,386 [main] INFO  server.RaftServerConfigKeys (ConfUtils.java:logGet(43)) - raft.server.log.appender.buffer.byte-limit = 33554432 (custom)
2019-09-03 19:44:13,386 [main] INFO  server.GrpcService (ConfUtils.java:logGet(43)) - raft.grpc.flow.control.window = 1MB (=1048576) (default)
2019-09-03 19:44:13,387 [main] INFO  server.RaftServerConfigKeys (ConfUtils.java:logGet(43)) - raft.server.rpc.request.timeout = 3000ms (default)
2019-09-03 19:44:13,387 [main] INFO  server.RaftServerConfigKeys (ConfUtils.java:logGet(43)) - raft.server.storage.dir = [/workdir/hadoop-ozone/integration-test/target/test-dir/MiniOzoneClusterImpl-93e4c667-a4e3-48cf-a9ad-b2b6e5195dda/datanode-1/data/ratis] (custom)
2019-09-03 19:44:13,388 [main] INFO  hdfs.DFSUtil (DFSUtil.java:httpServerTemplateForNNAndJN(1641)) - Starting Web-server for hddsDatanode at: http://0.0.0.0:0
2019-09-03 19:44:13,389 [main] INFO  server.AuthenticationFilter (AuthenticationFilter.java:constructSecretProvider(240)) - Unable to initialize FileSignerSecretProvider, falling back to use random secrets.
2019-09-03 19:44:13,390 [main] WARN  http.HttpRequestLog (HttpRequestLog.java:getRequestLog(97)) - Jetty request log can only be enabled using Log4j
2019-09-03 19:44:13,391 [main] INFO  http.HttpServer2 (HttpServer2.java:addGlobalFilter(975)) - Added global filter 'safety' (class=org.apache.hadoop.http.HttpServer2$QuotingInputFilter)
2019-09-03 19:44:13,391 [main] INFO  http.HttpServer2 (HttpServer2.java:addFilter(948)) - Added filter static_user_filter (class=org.apache.hadoop.http.lib.StaticUserWebFilter$StaticUserFilter) to context hddsDatanode
2019-09-03 19:44:13,392 [main] INFO  http.HttpServer2 (HttpServer2.java:addFilter(958)) - Added filter static_user_filter (class=org.apache.hadoop.http.lib.StaticUserWebFilter$StaticUserFilter) to context logs
2019-09-03 19:44:13,392 [main] INFO  http.HttpServer2 (HttpServer2.java:addFilter(958)) - Added filter static_user_filter (class=org.apache.hadoop.http.lib.StaticUserWebFilter$StaticUserFilter) to context static
2019-09-03 19:44:13,392 [main] INFO  http.HttpServer2 (HttpServer2.java:bindListener(1191)) - Jetty bound to port 34788
2019-09-03 19:44:13,393 [main] INFO  server.Server (Server.java:doStart(351)) - jetty-9.3.24.v20180605, build timestamp: 2018-06-05T17:11:56Z, git hash: 84205aa28f11a4f31f2a3b86d1bba2cc8ab69827
2019-09-03 19:44:13,394 [main] INFO  handler.ContextHandler (ContextHandler.java:doStart(781)) - Started o.e.j.s.ServletContextHandler@681061d6{/logs,file:///workdir/hadoop-ozone/integration-test/target/log,AVAILABLE}
2019-09-03 19:44:13,394 [main] INFO  handler.ContextHandler (ContextHandler.java:doStart(781)) - Started o.e.j.s.ServletContextHandler@3caee3a8{/static,jar:file:/home/user/.m2/repository/org/apache/hadoop/hadoop-hdds-container-service/0.5.0-SNAPSHOT/hadoop-hdds-container-service-0.5.0-SNAPSHOT.jar!/webapps/static,AVAILABLE}
2019-09-03 19:44:13,421 [main] INFO  handler.ContextHandler (ContextHandler.java:doStart(781)) - Started o.e.j.w.WebAppContext@5e905f2c{/,file:///tmp/jetty-0.0.0.0-34788-hddsDatanode-_-any-911753935892870757.dir/webapp/,AVAILABLE}{/hddsDatanode}
2019-09-03 19:44:13,421 [main] INFO  server.AbstractConnector (AbstractConnector.java:doStart(278)) - Started ServerConnector@fddd7ae{HTTP/1.1,[http/1.1]}{0.0.0.0:34788}
2019-09-03 19:44:13,422 [main] INFO  server.Server (Server.java:doStart(419)) - Started @530724ms
2019-09-03 19:44:13,422 [main] WARN  impl.MetricsSystemImpl (MetricsSystemImpl.java:register(276)) - Sink prometheus already exists!
2019-09-03 19:44:13,423 [main] INFO  server.BaseHttpServer (BaseHttpServer.java:updateConnectorAddress(215)) - HTTP server of HDDSDATANODE is listening at http://0.0.0.0:34788
2019-09-03 19:44:13,423 [main] INFO  impl.MetricsSystemImpl (MetricsSystemImpl.java:init(158)) - HddsDatanode metrics system started (again)
2019-09-03 19:44:13,426 [org.apache.hadoop.util.JvmPauseMonitor$Monitor@53686259] INFO  util.JvmPauseMonitor (JvmPauseMonitor.java:run(188)) - Starting JVM pause monitor
2019-09-03 19:44:13,426 [main] INFO  ozone.HddsDatanodeService (HddsDatanodeService.java:start(184)) - HddsDatanodeService host:pr-hdds-2018-8nzjn-2890084760 ip:192.168.34.20
2019-09-03 19:44:13,427 [Datanode State Machine Thread - 0] INFO  datanode.InitDatanodeState (InitDatanodeState.java:persistContainerDatanodeDetails(140)) - DatanodeDetails is persisted to /workdir/hadoop-ozone/integration-test/target/test-dir/MiniOzoneClusterImpl-93e4c667-a4e3-48cf-a9ad-b2b6e5195dda/datanode-1/meta/datanode.id
2019-09-03 19:44:13,431 [main] INFO  volume.HddsVolume (HddsVolume.java:<init>(176)) - Creating Volume: /workdir/hadoop-ozone/integration-test/target/test-dir/MiniOzoneClusterImpl-93e4c667-a4e3-48cf-a9ad-b2b6e5195dda/datanode-2/data/containers/hdds of  storage type : DISK and capacity : 1482555576320
2019-09-03 19:44:13,431 [main] INFO  volume.VolumeSet (VolumeSet.java:initializeVolumeSet(170)) - Added Volume : /workdir/hadoop-ozone/integration-test/target/test-dir/MiniOzoneClusterImpl-93e4c667-a4e3-48cf-a9ad-b2b6e5195dda/datanode-2/data/containers/hdds to VolumeSet
2019-09-03 19:44:13,431 [main] INFO  volume.ThrottledAsyncChecker (ThrottledAsyncChecker.java:schedule(140)) - Scheduling a check for org.apache.hadoop.ozone.container.common.volume.HddsVolume@52354202
2019-09-03 19:44:13,432 [main] INFO  volume.HddsVolumeChecker (HddsVolumeChecker.java:checkAllVolumes(203)) - Scheduled health check for volume org.apache.hadoop.ozone.container.common.volume.HddsVolume@52354202
2019-09-03 19:44:13,444 [main] INFO  impl.RaftServerProxy (ConfUtils.java:logGet(43)) - raft.rpc.type = GRPC (default)
2019-09-03 19:44:13,444 [main] INFO  grpc.GrpcFactory (GrpcFactory.java:checkPooledByteBufAllocatorUseCacheForAllThreads(45)) - PERFORMANCE WARNING: useCacheForAllThreads is true that may cause Netty to create a lot garbage objects and, as a result, trigger GC.
	It is recommended to disable useCacheForAllThreads by setting -Dorg.apache.ratis.thirdparty.io.netty.allocator.useCacheForAllThreads=false in command line.
2019-09-03 19:44:13,444 [main] INFO  grpc.GrpcConfigKeys$Server (ConfUtils.java:logGet(43)) - raft.grpc.server.port = 0 (default)
2019-09-03 19:44:13,444 [main] INFO  server.GrpcService (ConfUtils.java:logGet(43)) - raft.grpc.message.size.max = 33570816 (custom)
2019-09-03 19:44:13,445 [main] INFO  server.RaftServerConfigKeys (ConfUtils.java:logGet(43)) - raft.server.log.appender.buffer.byte-limit = 33554432 (custom)
2019-09-03 19:44:13,445 [main] INFO  server.GrpcService (ConfUtils.java:logGet(43)) - raft.grpc.flow.control.window = 1MB (=1048576) (default)
2019-09-03 19:44:13,445 [main] INFO  server.RaftServerConfigKeys (ConfUtils.java:logGet(43)) - raft.server.rpc.request.timeout = 3000ms (default)
2019-09-03 19:44:13,445 [main] INFO  server.RaftServerConfigKeys (ConfUtils.java:logGet(43)) - raft.server.storage.dir = [/workdir/hadoop-ozone/integration-test/target/test-dir/MiniOzoneClusterImpl-93e4c667-a4e3-48cf-a9ad-b2b6e5195dda/datanode-2/data/ratis] (custom)
2019-09-03 19:44:13,447 [main] INFO  hdfs.DFSUtil (DFSUtil.java:httpServerTemplateForNNAndJN(1641)) - Starting Web-server for hddsDatanode at: http://0.0.0.0:0
2019-09-03 19:44:13,448 [main] INFO  server.AuthenticationFilter (AuthenticationFilter.java:constructSecretProvider(240)) - Unable to initialize FileSignerSecretProvider, falling back to use random secrets.
2019-09-03 19:44:13,448 [main] WARN  http.HttpRequestLog (HttpRequestLog.java:getRequestLog(97)) - Jetty request log can only be enabled using Log4j
2019-09-03 19:44:13,449 [main] INFO  http.HttpServer2 (HttpServer2.java:addGlobalFilter(975)) - Added global filter 'safety' (class=org.apache.hadoop.http.HttpServer2$QuotingInputFilter)
2019-09-03 19:44:13,450 [main] INFO  http.HttpServer2 (HttpServer2.java:addFilter(948)) - Added filter static_user_filter (class=org.apache.hadoop.http.lib.StaticUserWebFilter$StaticUserFilter) to context hddsDatanode
2019-09-03 19:44:13,450 [main] INFO  http.HttpServer2 (HttpServer2.java:addFilter(958)) - Added filter static_user_filter (class=org.apache.hadoop.http.lib.StaticUserWebFilter$StaticUserFilter) to context static
2019-09-03 19:44:13,450 [main] INFO  http.HttpServer2 (HttpServer2.java:addFilter(958)) - Added filter static_user_filter (class=org.apache.hadoop.http.lib.StaticUserWebFilter$StaticUserFilter) to context logs
2019-09-03 19:44:13,451 [main] INFO  http.HttpServer2 (HttpServer2.java:bindListener(1191)) - Jetty bound to port 39181
2019-09-03 19:44:13,451 [main] INFO  server.Server (Server.java:doStart(351)) - jetty-9.3.24.v20180605, build timestamp: 2018-06-05T17:11:56Z, git hash: 84205aa28f11a4f31f2a3b86d1bba2cc8ab69827
2019-09-03 19:44:13,452 [main] INFO  handler.ContextHandler (ContextHandler.java:doStart(781)) - Started o.e.j.s.ServletContextHandler@2eb0cefe{/logs,file:///workdir/hadoop-ozone/integration-test/target/log,AVAILABLE}
2019-09-03 19:44:13,453 [main] INFO  handler.ContextHandler (ContextHandler.java:doStart(781)) - Started o.e.j.s.ServletContextHandler@2bec068b{/static,jar:file:/home/user/.m2/repository/org/apache/hadoop/hadoop-hdds-container-service/0.5.0-SNAPSHOT/hadoop-hdds-container-service-0.5.0-SNAPSHOT.jar!/webapps/static,AVAILABLE}
2019-09-03 19:44:13,479 [main] INFO  handler.ContextHandler (ContextHandler.java:doStart(781)) - Started o.e.j.w.WebAppContext@3820cfe{/,file:///tmp/jetty-0.0.0.0-39181-hddsDatanode-_-any-8257943517774971575.dir/webapp/,AVAILABLE}{/hddsDatanode}
2019-09-03 19:44:13,479 [main] INFO  server.AbstractConnector (AbstractConnector.java:doStart(278)) - Started ServerConnector@2407a36c{HTTP/1.1,[http/1.1]}{0.0.0.0:39181}
2019-09-03 19:44:13,480 [main] INFO  server.Server (Server.java:doStart(419)) - Started @530781ms
2019-09-03 19:44:13,481 [main] WARN  impl.MetricsSystemImpl (MetricsSystemImpl.java:register(276)) - Sink prometheus already exists!
2019-09-03 19:44:13,481 [main] INFO  server.BaseHttpServer (BaseHttpServer.java:updateConnectorAddress(215)) - HTTP server of HDDSDATANODE is listening at http://0.0.0.0:39181
2019-09-03 19:44:13,482 [main] INFO  impl.MetricsSystemImpl (MetricsSystemImpl.java:init(158)) - HddsDatanode metrics system started (again)
2019-09-03 19:44:13,484 [org.apache.hadoop.util.JvmPauseMonitor$Monitor@4c0b0723] INFO  util.JvmPauseMonitor (JvmPauseMonitor.java:run(188)) - Starting JVM pause monitor
2019-09-03 19:44:13,484 [main] INFO  ozone.HddsDatanodeService (HddsDatanodeService.java:start(184)) - HddsDatanodeService host:pr-hdds-2018-8nzjn-2890084760 ip:192.168.34.20
2019-09-03 19:44:13,485 [Datanode State Machine Thread - 0] INFO  datanode.InitDatanodeState (InitDatanodeState.java:persistContainerDatanodeDetails(140)) - DatanodeDetails is persisted to /workdir/hadoop-ozone/integration-test/target/test-dir/MiniOzoneClusterImpl-93e4c667-a4e3-48cf-a9ad-b2b6e5195dda/datanode-2/meta/datanode.id
2019-09-03 19:44:13,490 [main] INFO  volume.HddsVolume (HddsVolume.java:<init>(176)) - Creating Volume: /workdir/hadoop-ozone/integration-test/target/test-dir/MiniOzoneClusterImpl-93e4c667-a4e3-48cf-a9ad-b2b6e5195dda/datanode-3/data/containers/hdds of  storage type : DISK and capacity : 1482555576320
2019-09-03 19:44:13,490 [main] INFO  volume.VolumeSet (VolumeSet.java:initializeVolumeSet(170)) - Added Volume : /workdir/hadoop-ozone/integration-test/target/test-dir/MiniOzoneClusterImpl-93e4c667-a4e3-48cf-a9ad-b2b6e5195dda/datanode-3/data/containers/hdds to VolumeSet
2019-09-03 19:44:13,490 [main] INFO  volume.ThrottledAsyncChecker (ThrottledAsyncChecker.java:schedule(140)) - Scheduling a check for org.apache.hadoop.ozone.container.common.volume.HddsVolume@5d850a25
2019-09-03 19:44:13,491 [main] INFO  volume.HddsVolumeChecker (HddsVolumeChecker.java:checkAllVolumes(203)) - Scheduled health check for volume org.apache.hadoop.ozone.container.common.volume.HddsVolume@5d850a25
2019-09-03 19:44:13,503 [main] INFO  impl.RaftServerProxy (ConfUtils.java:logGet(43)) - raft.rpc.type = GRPC (default)
2019-09-03 19:44:13,503 [main] INFO  grpc.GrpcFactory (GrpcFactory.java:checkPooledByteBufAllocatorUseCacheForAllThreads(45)) - PERFORMANCE WARNING: useCacheForAllThreads is true that may cause Netty to create a lot garbage objects and, as a result, trigger GC.
	It is recommended to disable useCacheForAllThreads by setting -Dorg.apache.ratis.thirdparty.io.netty.allocator.useCacheForAllThreads=false in command line.
2019-09-03 19:44:13,503 [main] INFO  grpc.GrpcConfigKeys$Server (ConfUtils.java:logGet(43)) - raft.grpc.server.port = 0 (default)
2019-09-03 19:44:13,503 [main] INFO  server.GrpcService (ConfUtils.java:logGet(43)) - raft.grpc.message.size.max = 33570816 (custom)
2019-09-03 19:44:13,503 [main] INFO  server.RaftServerConfigKeys (ConfUtils.java:logGet(43)) - raft.server.log.appender.buffer.byte-limit = 33554432 (custom)
2019-09-03 19:44:13,504 [main] INFO  server.GrpcService (ConfUtils.java:logGet(43)) - raft.grpc.flow.control.window = 1MB (=1048576) (default)
2019-09-03 19:44:13,504 [main] INFO  server.RaftServerConfigKeys (ConfUtils.java:logGet(43)) - raft.server.rpc.request.timeout = 3000ms (default)
2019-09-03 19:44:13,504 [main] INFO  server.RaftServerConfigKeys (ConfUtils.java:logGet(43)) - raft.server.storage.dir = [/workdir/hadoop-ozone/integration-test/target/test-dir/MiniOzoneClusterImpl-93e4c667-a4e3-48cf-a9ad-b2b6e5195dda/datanode-3/data/ratis] (custom)
2019-09-03 19:44:13,505 [main] INFO  hdfs.DFSUtil (DFSUtil.java:httpServerTemplateForNNAndJN(1641)) - Starting Web-server for hddsDatanode at: http://0.0.0.0:0
2019-09-03 19:44:13,506 [main] INFO  server.AuthenticationFilter (AuthenticationFilter.java:constructSecretProvider(240)) - Unable to initialize FileSignerSecretProvider, falling back to use random secrets.
2019-09-03 19:44:13,507 [main] WARN  http.HttpRequestLog (HttpRequestLog.java:getRequestLog(97)) - Jetty request log can only be enabled using Log4j
2019-09-03 19:44:13,508 [main] INFO  http.HttpServer2 (HttpServer2.java:addGlobalFilter(975)) - Added global filter 'safety' (class=org.apache.hadoop.http.HttpServer2$QuotingInputFilter)
2019-09-03 19:44:13,508 [main] INFO  http.HttpServer2 (HttpServer2.java:addFilter(948)) - Added filter static_user_filter (class=org.apache.hadoop.http.lib.StaticUserWebFilter$StaticUserFilter) to context hddsDatanode
2019-09-03 19:44:13,508 [main] INFO  http.HttpServer2 (HttpServer2.java:addFilter(958)) - Added filter static_user_filter (class=org.apache.hadoop.http.lib.StaticUserWebFilter$StaticUserFilter) to context logs
2019-09-03 19:44:13,509 [main] INFO  http.HttpServer2 (HttpServer2.java:addFilter(958)) - Added filter static_user_filter (class=org.apache.hadoop.http.lib.StaticUserWebFilter$StaticUserFilter) to context static
2019-09-03 19:44:13,509 [main] INFO  http.HttpServer2 (HttpServer2.java:bindListener(1191)) - Jetty bound to port 32829
2019-09-03 19:44:13,509 [main] INFO  server.Server (Server.java:doStart(351)) - jetty-9.3.24.v20180605, build timestamp: 2018-06-05T17:11:56Z, git hash: 84205aa28f11a4f31f2a3b86d1bba2cc8ab69827
2019-09-03 19:44:13,510 [main] INFO  handler.ContextHandler (ContextHandler.java:doStart(781)) - Started o.e.j.s.ServletContextHandler@4fea840f{/logs,file:///workdir/hadoop-ozone/integration-test/target/log,AVAILABLE}
2019-09-03 19:44:13,511 [main] INFO  handler.ContextHandler (ContextHandler.java:doStart(781)) - Started o.e.j.s.ServletContextHandler@75e80a97{/static,jar:file:/home/user/.m2/repository/org/apache/hadoop/hadoop-hdds-container-service/0.5.0-SNAPSHOT/hadoop-hdds-container-service-0.5.0-SNAPSHOT.jar!/webapps/static,AVAILABLE}
2019-09-03 19:44:13,537 [main] INFO  handler.ContextHandler (ContextHandler.java:doStart(781)) - Started o.e.j.w.WebAppContext@656842bc{/,file:///tmp/jetty-0.0.0.0-32829-hddsDatanode-_-any-4728934871534701751.dir/webapp/,AVAILABLE}{/hddsDatanode}
2019-09-03 19:44:13,537 [main] INFO  server.AbstractConnector (AbstractConnector.java:doStart(278)) - Started ServerConnector@6b867ee7{HTTP/1.1,[http/1.1]}{0.0.0.0:32829}
2019-09-03 19:44:13,538 [main] INFO  server.Server (Server.java:doStart(419)) - Started @530840ms
2019-09-03 19:44:13,539 [main] WARN  impl.MetricsSystemImpl (MetricsSystemImpl.java:register(276)) - Sink prometheus already exists!
2019-09-03 19:44:13,539 [main] INFO  server.BaseHttpServer (BaseHttpServer.java:updateConnectorAddress(215)) - HTTP server of HDDSDATANODE is listening at http://0.0.0.0:32829
2019-09-03 19:44:13,539 [main] INFO  impl.MetricsSystemImpl (MetricsSystemImpl.java:init(158)) - HddsDatanode metrics system started (again)
2019-09-03 19:44:13,542 [org.apache.hadoop.util.JvmPauseMonitor$Monitor@494b8aa3] INFO  util.JvmPauseMonitor (JvmPauseMonitor.java:run(188)) - Starting JVM pause monitor
2019-09-03 19:44:13,542 [main] INFO  ozone.HddsDatanodeService (HddsDatanodeService.java:start(184)) - HddsDatanodeService host:pr-hdds-2018-8nzjn-2890084760 ip:192.168.34.20
2019-09-03 19:44:13,543 [Datanode State Machine Thread - 0] INFO  datanode.InitDatanodeState (InitDatanodeState.java:persistContainerDatanodeDetails(140)) - DatanodeDetails is persisted to /workdir/hadoop-ozone/integration-test/target/test-dir/MiniOzoneClusterImpl-93e4c667-a4e3-48cf-a9ad-b2b6e5195dda/datanode-3/meta/datanode.id
2019-09-03 19:44:13,547 [main] INFO  volume.HddsVolume (HddsVolume.java:<init>(176)) - Creating Volume: /workdir/hadoop-ozone/integration-test/target/test-dir/MiniOzoneClusterImpl-93e4c667-a4e3-48cf-a9ad-b2b6e5195dda/datanode-4/data/containers/hdds of  storage type : DISK and capacity : 1482555576320
2019-09-03 19:44:13,548 [main] INFO  volume.VolumeSet (VolumeSet.java:initializeVolumeSet(170)) - Added Volume : /workdir/hadoop-ozone/integration-test/target/test-dir/MiniOzoneClusterImpl-93e4c667-a4e3-48cf-a9ad-b2b6e5195dda/datanode-4/data/containers/hdds to VolumeSet
2019-09-03 19:44:13,548 [main] INFO  volume.ThrottledAsyncChecker (ThrottledAsyncChecker.java:schedule(140)) - Scheduling a check for org.apache.hadoop.ozone.container.common.volume.HddsVolume@52f8a6f4
2019-09-03 19:44:13,548 [main] INFO  volume.HddsVolumeChecker (HddsVolumeChecker.java:checkAllVolumes(203)) - Scheduled health check for volume org.apache.hadoop.ozone.container.common.volume.HddsVolume@52f8a6f4
2019-09-03 19:44:13,560 [main] INFO  impl.RaftServerProxy (ConfUtils.java:logGet(43)) - raft.rpc.type = GRPC (default)
2019-09-03 19:44:13,561 [main] INFO  grpc.GrpcFactory (GrpcFactory.java:checkPooledByteBufAllocatorUseCacheForAllThreads(45)) - PERFORMANCE WARNING: useCacheForAllThreads is true that may cause Netty to create a lot garbage objects and, as a result, trigger GC.
	It is recommended to disable useCacheForAllThreads by setting -Dorg.apache.ratis.thirdparty.io.netty.allocator.useCacheForAllThreads=false in command line.
2019-09-03 19:44:13,561 [main] INFO  grpc.GrpcConfigKeys$Server (ConfUtils.java:logGet(43)) - raft.grpc.server.port = 0 (default)
2019-09-03 19:44:13,561 [main] INFO  server.GrpcService (ConfUtils.java:logGet(43)) - raft.grpc.message.size.max = 33570816 (custom)
2019-09-03 19:44:13,561 [main] INFO  server.RaftServerConfigKeys (ConfUtils.java:logGet(43)) - raft.server.log.appender.buffer.byte-limit = 33554432 (custom)
2019-09-03 19:44:13,561 [main] INFO  server.GrpcService (ConfUtils.java:logGet(43)) - raft.grpc.flow.control.window = 1MB (=1048576) (default)
2019-09-03 19:44:13,562 [main] INFO  server.RaftServerConfigKeys (ConfUtils.java:logGet(43)) - raft.server.rpc.request.timeout = 3000ms (default)
2019-09-03 19:44:13,562 [main] INFO  server.RaftServerConfigKeys (ConfUtils.java:logGet(43)) - raft.server.storage.dir = [/workdir/hadoop-ozone/integration-test/target/test-dir/MiniOzoneClusterImpl-93e4c667-a4e3-48cf-a9ad-b2b6e5195dda/datanode-4/data/ratis] (custom)
2019-09-03 19:44:13,563 [main] INFO  hdfs.DFSUtil (DFSUtil.java:httpServerTemplateForNNAndJN(1641)) - Starting Web-server for hddsDatanode at: http://0.0.0.0:0
2019-09-03 19:44:13,564 [main] INFO  server.AuthenticationFilter (AuthenticationFilter.java:constructSecretProvider(240)) - Unable to initialize FileSignerSecretProvider, falling back to use random secrets.
2019-09-03 19:44:13,564 [main] WARN  http.HttpRequestLog (HttpRequestLog.java:getRequestLog(97)) - Jetty request log can only be enabled using Log4j
2019-09-03 19:44:13,565 [main] INFO  http.HttpServer2 (HttpServer2.java:addGlobalFilter(975)) - Added global filter 'safety' (class=org.apache.hadoop.http.HttpServer2$QuotingInputFilter)
2019-09-03 19:44:13,566 [main] INFO  http.HttpServer2 (HttpServer2.java:addFilter(948)) - Added filter static_user_filter (class=org.apache.hadoop.http.lib.StaticUserWebFilter$StaticUserFilter) to context hddsDatanode
2019-09-03 19:44:13,566 [main] INFO  http.HttpServer2 (HttpServer2.java:addFilter(958)) - Added filter static_user_filter (class=org.apache.hadoop.http.lib.StaticUserWebFilter$StaticUserFilter) to context static
2019-09-03 19:44:13,566 [main] INFO  http.HttpServer2 (HttpServer2.java:addFilter(958)) - Added filter static_user_filter (class=org.apache.hadoop.http.lib.StaticUserWebFilter$StaticUserFilter) to context logs
2019-09-03 19:44:13,567 [main] INFO  http.HttpServer2 (HttpServer2.java:bindListener(1191)) - Jetty bound to port 35789
2019-09-03 19:44:13,567 [main] INFO  server.Server (Server.java:doStart(351)) - jetty-9.3.24.v20180605, build timestamp: 2018-06-05T17:11:56Z, git hash: 84205aa28f11a4f31f2a3b86d1bba2cc8ab69827
2019-09-03 19:44:13,568 [main] INFO  handler.ContextHandler (ContextHandler.java:doStart(781)) - Started o.e.j.s.ServletContextHandler@44dfdd58{/logs,file:///workdir/hadoop-ozone/integration-test/target/log,AVAILABLE}
2019-09-03 19:44:13,569 [main] INFO  handler.ContextHandler (ContextHandler.java:doStart(781)) - Started o.e.j.s.ServletContextHandler@72a8361b{/static,jar:file:/home/user/.m2/repository/org/apache/hadoop/hadoop-hdds-container-service/0.5.0-SNAPSHOT/hadoop-hdds-container-service-0.5.0-SNAPSHOT.jar!/webapps/static,AVAILABLE}
2019-09-03 19:44:13,595 [main] INFO  handler.ContextHandler (ContextHandler.java:doStart(781)) - Started o.e.j.w.WebAppContext@3f5dfe69{/,file:///tmp/jetty-0.0.0.0-35789-hddsDatanode-_-any-8188379981816805350.dir/webapp/,AVAILABLE}{/hddsDatanode}
2019-09-03 19:44:13,596 [main] INFO  server.AbstractConnector (AbstractConnector.java:doStart(278)) - Started ServerConnector@571a663c{HTTP/1.1,[http/1.1]}{0.0.0.0:35789}
2019-09-03 19:44:13,597 [main] INFO  server.Server (Server.java:doStart(419)) - Started @530898ms
2019-09-03 19:44:13,597 [main] WARN  impl.MetricsSystemImpl (MetricsSystemImpl.java:register(276)) - Sink prometheus already exists!
2019-09-03 19:44:13,598 [main] INFO  server.BaseHttpServer (BaseHttpServer.java:updateConnectorAddress(215)) - HTTP server of HDDSDATANODE is listening at http://0.0.0.0:35789
2019-09-03 19:44:13,598 [main] INFO  impl.MetricsSystemImpl (MetricsSystemImpl.java:init(158)) - HddsDatanode metrics system started (again)
2019-09-03 19:44:13,601 [org.apache.hadoop.util.JvmPauseMonitor$Monitor@5d5454d6] INFO  util.JvmPauseMonitor (JvmPauseMonitor.java:run(188)) - Starting JVM pause monitor
2019-09-03 19:44:13,601 [main] INFO  ozone.HddsDatanodeService (HddsDatanodeService.java:start(184)) - HddsDatanodeService host:pr-hdds-2018-8nzjn-2890084760 ip:192.168.34.20
2019-09-03 19:44:13,602 [Datanode State Machine Thread - 0] INFO  datanode.InitDatanodeState (InitDatanodeState.java:persistContainerDatanodeDetails(140)) - DatanodeDetails is persisted to /workdir/hadoop-ozone/integration-test/target/test-dir/MiniOzoneClusterImpl-93e4c667-a4e3-48cf-a9ad-b2b6e5195dda/datanode-4/meta/datanode.id
2019-09-03 19:44:13,606 [main] INFO  volume.HddsVolume (HddsVolume.java:<init>(176)) - Creating Volume: /workdir/hadoop-ozone/integration-test/target/test-dir/MiniOzoneClusterImpl-93e4c667-a4e3-48cf-a9ad-b2b6e5195dda/datanode-5/data/containers/hdds of  storage type : DISK and capacity : 1482555576320
2019-09-03 19:44:13,606 [main] INFO  volume.VolumeSet (VolumeSet.java:initializeVolumeSet(170)) - Added Volume : /workdir/hadoop-ozone/integration-test/target/test-dir/MiniOzoneClusterImpl-93e4c667-a4e3-48cf-a9ad-b2b6e5195dda/datanode-5/data/containers/hdds to VolumeSet
2019-09-03 19:44:13,607 [main] INFO  volume.ThrottledAsyncChecker (ThrottledAsyncChecker.java:schedule(140)) - Scheduling a check for org.apache.hadoop.ozone.container.common.volume.HddsVolume@2d130ac4
2019-09-03 19:44:13,607 [main] INFO  volume.HddsVolumeChecker (HddsVolumeChecker.java:checkAllVolumes(203)) - Scheduled health check for volume org.apache.hadoop.ozone.container.common.volume.HddsVolume@2d130ac4
2019-09-03 19:44:13,620 [main] INFO  impl.RaftServerProxy (ConfUtils.java:logGet(43)) - raft.rpc.type = GRPC (default)
2019-09-03 19:44:13,620 [main] INFO  grpc.GrpcFactory (GrpcFactory.java:checkPooledByteBufAllocatorUseCacheForAllThreads(45)) - PERFORMANCE WARNING: useCacheForAllThreads is true that may cause Netty to create a lot garbage objects and, as a result, trigger GC.
	It is recommended to disable useCacheForAllThreads by setting -Dorg.apache.ratis.thirdparty.io.netty.allocator.useCacheForAllThreads=false in command line.
2019-09-03 19:44:13,620 [main] INFO  grpc.GrpcConfigKeys$Server (ConfUtils.java:logGet(43)) - raft.grpc.server.port = 0 (default)
2019-09-03 19:44:13,621 [main] INFO  server.GrpcService (ConfUtils.java:logGet(43)) - raft.grpc.message.size.max = 33570816 (custom)
2019-09-03 19:44:13,621 [main] INFO  server.RaftServerConfigKeys (ConfUtils.java:logGet(43)) - raft.server.log.appender.buffer.byte-limit = 33554432 (custom)
2019-09-03 19:44:13,621 [main] INFO  server.GrpcService (ConfUtils.java:logGet(43)) - raft.grpc.flow.control.window = 1MB (=1048576) (default)
2019-09-03 19:44:13,621 [main] INFO  server.RaftServerConfigKeys (ConfUtils.java:logGet(43)) - raft.server.rpc.request.timeout = 3000ms (default)
2019-09-03 19:44:13,622 [main] INFO  server.RaftServerConfigKeys (ConfUtils.java:logGet(43)) - raft.server.storage.dir = [/workdir/hadoop-ozone/integration-test/target/test-dir/MiniOzoneClusterImpl-93e4c667-a4e3-48cf-a9ad-b2b6e5195dda/datanode-5/data/ratis] (custom)
2019-09-03 19:44:13,623 [main] INFO  hdfs.DFSUtil (DFSUtil.java:httpServerTemplateForNNAndJN(1641)) - Starting Web-server for hddsDatanode at: http://0.0.0.0:0
2019-09-03 19:44:13,624 [main] INFO  server.AuthenticationFilter (AuthenticationFilter.java:constructSecretProvider(240)) - Unable to initialize FileSignerSecretProvider, falling back to use random secrets.
2019-09-03 19:44:13,624 [main] WARN  http.HttpRequestLog (HttpRequestLog.java:getRequestLog(97)) - Jetty request log can only be enabled using Log4j
2019-09-03 19:44:13,625 [main] INFO  http.HttpServer2 (HttpServer2.java:addGlobalFilter(975)) - Added global filter 'safety' (class=org.apache.hadoop.http.HttpServer2$QuotingInputFilter)
2019-09-03 19:44:13,626 [main] INFO  http.HttpServer2 (HttpServer2.java:addFilter(948)) - Added filter static_user_filter (class=org.apache.hadoop.http.lib.StaticUserWebFilter$StaticUserFilter) to context hddsDatanode
2019-09-03 19:44:13,626 [main] INFO  http.HttpServer2 (HttpServer2.java:addFilter(958)) - Added filter static_user_filter (class=org.apache.hadoop.http.lib.StaticUserWebFilter$StaticUserFilter) to context logs
2019-09-03 19:44:13,626 [main] INFO  http.HttpServer2 (HttpServer2.java:addFilter(958)) - Added filter static_user_filter (class=org.apache.hadoop.http.lib.StaticUserWebFilter$StaticUserFilter) to context static
2019-09-03 19:44:13,627 [main] INFO  http.HttpServer2 (HttpServer2.java:bindListener(1191)) - Jetty bound to port 45431
2019-09-03 19:44:13,627 [main] INFO  server.Server (Server.java:doStart(351)) - jetty-9.3.24.v20180605, build timestamp: 2018-06-05T17:11:56Z, git hash: 84205aa28f11a4f31f2a3b86d1bba2cc8ab69827
2019-09-03 19:44:13,628 [main] INFO  handler.ContextHandler (ContextHandler.java:doStart(781)) - Started o.e.j.s.ServletContextHandler@4f5f474c{/logs,file:///workdir/hadoop-ozone/integration-test/target/log,AVAILABLE}
2019-09-03 19:44:13,629 [main] INFO  handler.ContextHandler (ContextHandler.java:doStart(781)) - Started o.e.j.s.ServletContextHandler@14d8e132{/static,jar:file:/home/user/.m2/repository/org/apache/hadoop/hadoop-hdds-container-service/0.5.0-SNAPSHOT/hadoop-hdds-container-service-0.5.0-SNAPSHOT.jar!/webapps/static,AVAILABLE}
2019-09-03 19:44:13,656 [main] INFO  handler.ContextHandler (ContextHandler.java:doStart(781)) - Started o.e.j.w.WebAppContext@584ca390{/,file:///tmp/jetty-0.0.0.0-45431-hddsDatanode-_-any-4216392358416118135.dir/webapp/,AVAILABLE}{/hddsDatanode}
2019-09-03 19:44:13,656 [main] INFO  server.AbstractConnector (AbstractConnector.java:doStart(278)) - Started ServerConnector@33324c05{HTTP/1.1,[http/1.1]}{0.0.0.0:45431}
2019-09-03 19:44:13,658 [main] INFO  server.Server (Server.java:doStart(419)) - Started @530959ms
2019-09-03 19:44:13,658 [main] WARN  impl.MetricsSystemImpl (MetricsSystemImpl.java:register(276)) - Sink prometheus already exists!
2019-09-03 19:44:13,658 [main] INFO  server.BaseHttpServer (BaseHttpServer.java:updateConnectorAddress(215)) - HTTP server of HDDSDATANODE is listening at http://0.0.0.0:45431
2019-09-03 19:44:13,659 [main] INFO  impl.MetricsSystemImpl (MetricsSystemImpl.java:init(158)) - HddsDatanode metrics system started (again)
2019-09-03 19:44:13,662 [org.apache.hadoop.util.JvmPauseMonitor$Monitor@435d36fe] INFO  util.JvmPauseMonitor (JvmPauseMonitor.java:run(188)) - Starting JVM pause monitor
2019-09-03 19:44:13,663 [main] INFO  ozone.HddsDatanodeService (HddsDatanodeService.java:start(184)) - HddsDatanodeService host:pr-hdds-2018-8nzjn-2890084760 ip:192.168.34.20
2019-09-03 19:44:13,663 [Datanode State Machine Thread - 0] INFO  datanode.InitDatanodeState (InitDatanodeState.java:persistContainerDatanodeDetails(140)) - DatanodeDetails is persisted to /workdir/hadoop-ozone/integration-test/target/test-dir/MiniOzoneClusterImpl-93e4c667-a4e3-48cf-a9ad-b2b6e5195dda/datanode-5/meta/datanode.id
2019-09-03 19:44:13,668 [main] INFO  volume.HddsVolume (HddsVolume.java:<init>(176)) - Creating Volume: /workdir/hadoop-ozone/integration-test/target/test-dir/MiniOzoneClusterImpl-93e4c667-a4e3-48cf-a9ad-b2b6e5195dda/datanode-6/data/containers/hdds of  storage type : DISK and capacity : 1482555576320
2019-09-03 19:44:13,668 [main] INFO  volume.VolumeSet (VolumeSet.java:initializeVolumeSet(170)) - Added Volume : /workdir/hadoop-ozone/integration-test/target/test-dir/MiniOzoneClusterImpl-93e4c667-a4e3-48cf-a9ad-b2b6e5195dda/datanode-6/data/containers/hdds to VolumeSet
2019-09-03 19:44:13,668 [main] INFO  volume.ThrottledAsyncChecker (ThrottledAsyncChecker.java:schedule(140)) - Scheduling a check for org.apache.hadoop.ozone.container.common.volume.HddsVolume@1ee40b5c
2019-09-03 19:44:13,669 [main] INFO  volume.HddsVolumeChecker (HddsVolumeChecker.java:checkAllVolumes(203)) - Scheduled health check for volume org.apache.hadoop.ozone.container.common.volume.HddsVolume@1ee40b5c
2019-09-03 19:44:13,681 [main] INFO  impl.RaftServerProxy (ConfUtils.java:logGet(43)) - raft.rpc.type = GRPC (default)
2019-09-03 19:44:13,681 [main] INFO  grpc.GrpcFactory (GrpcFactory.java:checkPooledByteBufAllocatorUseCacheForAllThreads(45)) - PERFORMANCE WARNING: useCacheForAllThreads is true that may cause Netty to create a lot garbage objects and, as a result, trigger GC.
	It is recommended to disable useCacheForAllThreads by setting -Dorg.apache.ratis.thirdparty.io.netty.allocator.useCacheForAllThreads=false in command line.
2019-09-03 19:44:13,681 [main] INFO  grpc.GrpcConfigKeys$Server (ConfUtils.java:logGet(43)) - raft.grpc.server.port = 0 (default)
2019-09-03 19:44:13,681 [main] INFO  server.GrpcService (ConfUtils.java:logGet(43)) - raft.grpc.message.size.max = 33570816 (custom)
2019-09-03 19:44:13,681 [main] INFO  server.RaftServerConfigKeys (ConfUtils.java:logGet(43)) - raft.server.log.appender.buffer.byte-limit = 33554432 (custom)
2019-09-03 19:44:13,682 [main] INFO  server.GrpcService (ConfUtils.java:logGet(43)) - raft.grpc.flow.control.window = 1MB (=1048576) (default)
2019-09-03 19:44:13,682 [main] INFO  server.RaftServerConfigKeys (ConfUtils.java:logGet(43)) - raft.server.rpc.request.timeout = 3000ms (default)
2019-09-03 19:44:13,682 [main] INFO  server.RaftServerConfigKeys (ConfUtils.java:logGet(43)) - raft.server.storage.dir = [/workdir/hadoop-ozone/integration-test/target/test-dir/MiniOzoneClusterImpl-93e4c667-a4e3-48cf-a9ad-b2b6e5195dda/datanode-6/data/ratis] (custom)
2019-09-03 19:44:13,683 [main] INFO  hdfs.DFSUtil (DFSUtil.java:httpServerTemplateForNNAndJN(1641)) - Starting Web-server for hddsDatanode at: http://0.0.0.0:0
2019-09-03 19:44:13,684 [main] INFO  server.AuthenticationFilter (AuthenticationFilter.java:constructSecretProvider(240)) - Unable to initialize FileSignerSecretProvider, falling back to use random secrets.
2019-09-03 19:44:13,684 [main] WARN  http.HttpRequestLog (HttpRequestLog.java:getRequestLog(97)) - Jetty request log can only be enabled using Log4j
2019-09-03 19:44:13,685 [main] INFO  http.HttpServer2 (HttpServer2.java:addGlobalFilter(975)) - Added global filter 'safety' (class=org.apache.hadoop.http.HttpServer2$QuotingInputFilter)
2019-09-03 19:44:13,686 [main] INFO  http.HttpServer2 (HttpServer2.java:addFilter(948)) - Added filter static_user_filter (class=org.apache.hadoop.http.lib.StaticUserWebFilter$StaticUserFilter) to context hddsDatanode
2019-09-03 19:44:13,686 [main] INFO  http.HttpServer2 (HttpServer2.java:addFilter(958)) - Added filter static_user_filter (class=org.apache.hadoop.http.lib.StaticUserWebFilter$StaticUserFilter) to context logs
2019-09-03 19:44:13,686 [main] INFO  http.HttpServer2 (HttpServer2.java:addFilter(958)) - Added filter static_user_filter (class=org.apache.hadoop.http.lib.StaticUserWebFilter$StaticUserFilter) to context static
2019-09-03 19:44:13,687 [main] INFO  http.HttpServer2 (HttpServer2.java:bindListener(1191)) - Jetty bound to port 37392
2019-09-03 19:44:13,687 [main] INFO  server.Server (Server.java:doStart(351)) - jetty-9.3.24.v20180605, build timestamp: 2018-06-05T17:11:56Z, git hash: 84205aa28f11a4f31f2a3b86d1bba2cc8ab69827
2019-09-03 19:44:13,688 [main] INFO  handler.ContextHandler (ContextHandler.java:doStart(781)) - Started o.e.j.s.ServletContextHandler@3079c26a{/logs,file:///workdir/hadoop-ozone/integration-test/target/log,AVAILABLE}
2019-09-03 19:44:13,688 [main] INFO  handler.ContextHandler (ContextHandler.java:doStart(781)) - Started o.e.j.s.ServletContextHandler@17ec335a{/static,jar:file:/home/user/.m2/repository/org/apache/hadoop/hadoop-hdds-container-service/0.5.0-SNAPSHOT/hadoop-hdds-container-service-0.5.0-SNAPSHOT.jar!/webapps/static,AVAILABLE}
2019-09-03 19:44:13,715 [main] INFO  handler.ContextHandler (ContextHandler.java:doStart(781)) - Started o.e.j.w.WebAppContext@71531dd7{/,file:///tmp/jetty-0.0.0.0-37392-hddsDatanode-_-any-1857636087901071097.dir/webapp/,AVAILABLE}{/hddsDatanode}
2019-09-03 19:44:13,715 [main] INFO  server.AbstractConnector (AbstractConnector.java:doStart(278)) - Started ServerConnector@20256a0b{HTTP/1.1,[http/1.1]}{0.0.0.0:37392}
2019-09-03 19:44:13,718 [main] INFO  server.Server (Server.java:doStart(419)) - Started @531020ms
2019-09-03 19:44:13,719 [main] WARN  impl.MetricsSystemImpl (MetricsSystemImpl.java:register(276)) - Sink prometheus already exists!
2019-09-03 19:44:13,719 [main] INFO  server.BaseHttpServer (BaseHttpServer.java:updateConnectorAddress(215)) - HTTP server of HDDSDATANODE is listening at http://0.0.0.0:37392
2019-09-03 19:44:13,720 [main] INFO  ozone.MiniOzoneClusterImpl (MiniOzoneClusterImpl.java:lambda$waitForClusterToBeReady$0(140)) - Waiting for cluster to be ready. Got 0 of 7 DN Heartbeats.
2019-09-03 19:44:13,721 [org.apache.hadoop.util.JvmPauseMonitor$Monitor@32f0e7c6] INFO  util.JvmPauseMonitor (JvmPauseMonitor.java:run(188)) - Starting JVM pause monitor
2019-09-03 19:44:13,722 [Datanode State Machine Thread - 0] INFO  datanode.InitDatanodeState (InitDatanodeState.java:persistContainerDatanodeDetails(140)) - DatanodeDetails is persisted to /workdir/hadoop-ozone/integration-test/target/test-dir/MiniOzoneClusterImpl-93e4c667-a4e3-48cf-a9ad-b2b6e5195dda/datanode-6/meta/datanode.id
2019-09-03 19:44:14,720 [main] INFO  ozone.MiniOzoneClusterImpl (MiniOzoneClusterImpl.java:lambda$waitForClusterToBeReady$0(140)) - Waiting for cluster to be ready. Got 0 of 7 DN Heartbeats.
2019-09-03 19:44:15,404 [Datanode State Machine Thread - 0] INFO  ozoneimpl.OzoneContainer (OzoneContainer.java:start(201)) - Attempting to start container services.
2019-09-03 19:44:15,404 [Datanode State Machine Thread - 0] INFO  ozoneimpl.OzoneContainer (OzoneContainer.java:startContainerScrub(175)) - Background container scrubber has been disabled by hdds.containerscrub.enabled
2019-09-03 19:44:15,404 [Datanode State Machine Thread - 0] INFO  ratis.XceiverServerRatis (XceiverServerRatis.java:start(393)) - Starting XceiverServerRatis 7579200a-e651-42c1-a300-5865ac4d1a81 at port 0
2019-09-03 19:44:15,411 [Datanode State Machine Thread - 0] INFO  impl.RaftServerProxy (RaftServerProxy.java:lambda$start$3(299)) - 7579200a-e651-42c1-a300-5865ac4d1a81: start RPC server
2019-09-03 19:44:15,412 [Datanode State Machine Thread - 0] INFO  server.GrpcService (GrpcService.java:startImpl(149)) - 7579200a-e651-42c1-a300-5865ac4d1a81: GrpcService started, listening on 0.0.0.0/0.0.0.0:37601
2019-09-03 19:44:15,412 [Datanode State Machine Thread - 0] INFO  ratis.XceiverServerRatis (XceiverServerRatis.java:start(403)) - XceiverServerRatis 7579200a-e651-42c1-a300-5865ac4d1a81 is started using port 37601
2019-09-03 19:44:15,413 [Datanode State Machine Thread - 0] INFO  server.XceiverServerGrpc (XceiverServerGrpc.java:start(163)) - XceiverServerGrpc 7579200a-e651-42c1-a300-5865ac4d1a81 is started using port 41362
2019-09-03 19:44:15,441 [Datanode State Machine Thread - 0] INFO  ozoneimpl.OzoneContainer (OzoneContainer.java:start(201)) - Attempting to start container services.
2019-09-03 19:44:15,441 [Datanode State Machine Thread - 0] INFO  ozoneimpl.OzoneContainer (OzoneContainer.java:startContainerScrub(175)) - Background container scrubber has been disabled by hdds.containerscrub.enabled
2019-09-03 19:44:15,442 [Datanode State Machine Thread - 0] INFO  ratis.XceiverServerRatis (XceiverServerRatis.java:start(393)) - Starting XceiverServerRatis 4cb224ee-0f9f-46ee-af6c-a1bf099b7db7 at port 0
2019-09-03 19:44:15,448 [Datanode State Machine Thread - 0] INFO  impl.RaftServerProxy (RaftServerProxy.java:lambda$start$3(299)) - 4cb224ee-0f9f-46ee-af6c-a1bf099b7db7: start RPC server
2019-09-03 19:44:15,448 [Datanode State Machine Thread - 0] INFO  server.GrpcService (GrpcService.java:startImpl(149)) - 4cb224ee-0f9f-46ee-af6c-a1bf099b7db7: GrpcService started, listening on 0.0.0.0/0.0.0.0:37719
2019-09-03 19:44:15,449 [Datanode State Machine Thread - 0] INFO  ratis.XceiverServerRatis (XceiverServerRatis.java:start(403)) - XceiverServerRatis 4cb224ee-0f9f-46ee-af6c-a1bf099b7db7 is started using port 37719
2019-09-03 19:44:15,450 [Datanode State Machine Thread - 0] INFO  server.XceiverServerGrpc (XceiverServerGrpc.java:start(163)) - XceiverServerGrpc 4cb224ee-0f9f-46ee-af6c-a1bf099b7db7 is started using port 33600
2019-09-03 19:44:15,498 [Datanode State Machine Thread - 0] INFO  ozoneimpl.OzoneContainer (OzoneContainer.java:start(201)) - Attempting to start container services.
2019-09-03 19:44:15,498 [Datanode State Machine Thread - 0] INFO  ozoneimpl.OzoneContainer (OzoneContainer.java:startContainerScrub(175)) - Background container scrubber has been disabled by hdds.containerscrub.enabled
2019-09-03 19:44:15,498 [Datanode State Machine Thread - 0] INFO  ratis.XceiverServerRatis (XceiverServerRatis.java:start(393)) - Starting XceiverServerRatis ecbfe45e-9fdf-4f4a-9146-cd504af0c997 at port 0
2019-09-03 19:44:15,504 [Datanode State Machine Thread - 0] INFO  impl.RaftServerProxy (RaftServerProxy.java:lambda$start$3(299)) - ecbfe45e-9fdf-4f4a-9146-cd504af0c997: start RPC server
2019-09-03 19:44:15,505 [Datanode State Machine Thread - 0] INFO  server.GrpcService (GrpcService.java:startImpl(149)) - ecbfe45e-9fdf-4f4a-9146-cd504af0c997: GrpcService started, listening on 0.0.0.0/0.0.0.0:41810
2019-09-03 19:44:15,505 [Datanode State Machine Thread - 0] INFO  ratis.XceiverServerRatis (XceiverServerRatis.java:start(403)) - XceiverServerRatis ecbfe45e-9fdf-4f4a-9146-cd504af0c997 is started using port 41810
2019-09-03 19:44:15,505 [Datanode State Machine Thread - 0] INFO  server.XceiverServerGrpc (XceiverServerGrpc.java:start(163)) - XceiverServerGrpc ecbfe45e-9fdf-4f4a-9146-cd504af0c997 is started using port 35367
2019-09-03 19:44:15,568 [Datanode State Machine Thread - 0] INFO  ozoneimpl.OzoneContainer (OzoneContainer.java:start(201)) - Attempting to start container services.
2019-09-03 19:44:15,569 [Datanode State Machine Thread - 0] INFO  ozoneimpl.OzoneContainer (OzoneContainer.java:startContainerScrub(175)) - Background container scrubber has been disabled by hdds.containerscrub.enabled
2019-09-03 19:44:15,569 [Datanode State Machine Thread - 0] INFO  ratis.XceiverServerRatis (XceiverServerRatis.java:start(393)) - Starting XceiverServerRatis cb9005e8-e9c5-41d9-b914-b0d57ae20449 at port 0
2019-09-03 19:44:15,575 [Datanode State Machine Thread - 0] INFO  impl.RaftServerProxy (RaftServerProxy.java:lambda$start$3(299)) - cb9005e8-e9c5-41d9-b914-b0d57ae20449: start RPC server
2019-09-03 19:44:15,576 [Datanode State Machine Thread - 0] INFO  server.GrpcService (GrpcService.java:startImpl(149)) - cb9005e8-e9c5-41d9-b914-b0d57ae20449: GrpcService started, listening on 0.0.0.0/0.0.0.0:44829
2019-09-03 19:44:15,576 [Datanode State Machine Thread - 0] INFO  ratis.XceiverServerRatis (XceiverServerRatis.java:start(403)) - XceiverServerRatis cb9005e8-e9c5-41d9-b914-b0d57ae20449 is started using port 44829
2019-09-03 19:44:15,576 [Datanode State Machine Thread - 0] INFO  server.XceiverServerGrpc (XceiverServerGrpc.java:start(163)) - XceiverServerGrpc cb9005e8-e9c5-41d9-b914-b0d57ae20449 is started using port 39530
2019-09-03 19:44:15,614 [Datanode State Machine Thread - 0] INFO  ozoneimpl.OzoneContainer (OzoneContainer.java:start(201)) - Attempting to start container services.
2019-09-03 19:44:15,614 [Datanode State Machine Thread - 0] INFO  ozoneimpl.OzoneContainer (OzoneContainer.java:startContainerScrub(175)) - Background container scrubber has been disabled by hdds.containerscrub.enabled
2019-09-03 19:44:15,615 [Datanode State Machine Thread - 0] INFO  ratis.XceiverServerRatis (XceiverServerRatis.java:start(393)) - Starting XceiverServerRatis 540a2827-7fc9-4198-8052-28e0673e188a at port 0
2019-09-03 19:44:15,622 [Datanode State Machine Thread - 0] INFO  impl.RaftServerProxy (RaftServerProxy.java:lambda$start$3(299)) - 540a2827-7fc9-4198-8052-28e0673e188a: start RPC server
2019-09-03 19:44:15,622 [Datanode State Machine Thread - 0] INFO  server.GrpcService (GrpcService.java:startImpl(149)) - 540a2827-7fc9-4198-8052-28e0673e188a: GrpcService started, listening on 0.0.0.0/0.0.0.0:43460
2019-09-03 19:44:15,623 [Datanode State Machine Thread - 0] INFO  ratis.XceiverServerRatis (XceiverServerRatis.java:start(403)) - XceiverServerRatis 540a2827-7fc9-4198-8052-28e0673e188a is started using port 43460
2019-09-03 19:44:15,623 [Datanode State Machine Thread - 0] INFO  server.XceiverServerGrpc (XceiverServerGrpc.java:start(163)) - XceiverServerGrpc 540a2827-7fc9-4198-8052-28e0673e188a is started using port 43162
2019-09-03 19:44:15,676 [Datanode State Machine Thread - 0] INFO  ozoneimpl.OzoneContainer (OzoneContainer.java:start(201)) - Attempting to start container services.
2019-09-03 19:44:15,677 [Datanode State Machine Thread - 0] INFO  ozoneimpl.OzoneContainer (OzoneContainer.java:startContainerScrub(175)) - Background container scrubber has been disabled by hdds.containerscrub.enabled
2019-09-03 19:44:15,677 [Datanode State Machine Thread - 0] INFO  ratis.XceiverServerRatis (XceiverServerRatis.java:start(393)) - Starting XceiverServerRatis 81f8abc1-4fac-4722-94b1-c50c0e4cf17c at port 0
2019-09-03 19:44:15,684 [Datanode State Machine Thread - 0] INFO  impl.RaftServerProxy (RaftServerProxy.java:lambda$start$3(299)) - 81f8abc1-4fac-4722-94b1-c50c0e4cf17c: start RPC server
2019-09-03 19:44:15,687 [Datanode State Machine Thread - 0] INFO  server.GrpcService (GrpcService.java:startImpl(149)) - 81f8abc1-4fac-4722-94b1-c50c0e4cf17c: GrpcService started, listening on 0.0.0.0/0.0.0.0:33967
2019-09-03 19:44:15,687 [Datanode State Machine Thread - 0] INFO  ratis.XceiverServerRatis (XceiverServerRatis.java:start(403)) - XceiverServerRatis 81f8abc1-4fac-4722-94b1-c50c0e4cf17c is started using port 33967
2019-09-03 19:44:15,699 [Datanode State Machine Thread - 0] INFO  server.XceiverServerGrpc (XceiverServerGrpc.java:start(163)) - XceiverServerGrpc 81f8abc1-4fac-4722-94b1-c50c0e4cf17c is started using port 33535
2019-09-03 19:44:15,721 [main] INFO  ozone.MiniOzoneClusterImpl (MiniOzoneClusterImpl.java:lambda$waitForClusterToBeReady$0(140)) - Waiting for cluster to be ready. Got 0 of 7 DN Heartbeats.
2019-09-03 19:44:15,746 [Datanode State Machine Thread - 0] INFO  ozoneimpl.OzoneContainer (OzoneContainer.java:start(201)) - Attempting to start container services.
2019-09-03 19:44:15,746 [Datanode State Machine Thread - 0] INFO  ozoneimpl.OzoneContainer (OzoneContainer.java:startContainerScrub(175)) - Background container scrubber has been disabled by hdds.containerscrub.enabled
2019-09-03 19:44:15,746 [Datanode State Machine Thread - 0] INFO  ratis.XceiverServerRatis (XceiverServerRatis.java:start(393)) - Starting XceiverServerRatis 18cb8b51-24c0-4f4d-8227-db849c3449ea at port 0
2019-09-03 19:44:15,752 [Datanode State Machine Thread - 0] INFO  impl.RaftServerProxy (RaftServerProxy.java:lambda$start$3(299)) - 18cb8b51-24c0-4f4d-8227-db849c3449ea: start RPC server
2019-09-03 19:44:15,755 [Datanode State Machine Thread - 0] INFO  server.GrpcService (GrpcService.java:startImpl(149)) - 18cb8b51-24c0-4f4d-8227-db849c3449ea: GrpcService started, listening on 0.0.0.0/0.0.0.0:37848
2019-09-03 19:44:15,755 [Datanode State Machine Thread - 0] INFO  ratis.XceiverServerRatis (XceiverServerRatis.java:start(403)) - XceiverServerRatis 18cb8b51-24c0-4f4d-8227-db849c3449ea is started using port 37848
2019-09-03 19:44:15,756 [Datanode State Machine Thread - 0] INFO  server.XceiverServerGrpc (XceiverServerGrpc.java:start(163)) - XceiverServerGrpc 18cb8b51-24c0-4f4d-8227-db849c3449ea is started using port 34660
2019-09-03 19:44:16,721 [main] INFO  ozone.MiniOzoneClusterImpl (MiniOzoneClusterImpl.java:lambda$waitForClusterToBeReady$0(140)) - Waiting for cluster to be ready. Got 0 of 7 DN Heartbeats.
2019-09-03 19:44:17,371 [IPC Server handler 2 on 36916] INFO  net.NetworkTopology (NetworkTopologyImpl.java:add(110)) - Added a new node: /default-rack/7579200a-e651-42c1-a300-5865ac4d1a81
2019-09-03 19:44:17,374 [IPC Server handler 2 on 36916] INFO  node.SCMNodeManager (SCMNodeManager.java:register(266)) - Registered Data node : 7579200a-e651-42c1-a300-5865ac4d1a81{ip: 192.168.34.20, host: pr-hdds-2018-8nzjn-2890084760, networkLocation: /default-rack, certSerialId: null}
2019-09-03 19:44:17,374 [EventQueue-NodeRegistrationContainerReportForDataNodeSafeModeRule] INFO  safemode.SCMSafeModeManager (DataNodeSafeModeRule.java:process(71)) - SCM in safe mode. 1 DataNodes registered, 1 required.
2019-09-03 19:44:17,377 [EventQueue-NodeRegistrationContainerReportForDataNodeSafeModeRule] INFO  safemode.SCMSafeModeManager (SCMSafeModeManager.java:validateSafeModeExitRules(177)) - ScmSafeModeManager, all rules are successfully validated
2019-09-03 19:44:17,377 [EventQueue-NodeRegistrationContainerReportForDataNodeSafeModeRule] INFO  safemode.SCMSafeModeManager (SCMSafeModeManager.java:exitSafeMode(193)) - SCM exiting safe mode.
2019-09-03 19:44:17,386 [grpc-default-executor-7] INFO  impl.RaftServerProxy (RaftServerProxy.java:addNew(89)) - 7579200a-e651-42c1-a300-5865ac4d1a81: addNew group-A781493BDC99:[7579200a-e651-42c1-a300-5865ac4d1a81:192.168.34.20:37601] returns group-A781493BDC99:java.util.concurrent.CompletableFuture@1d5e3434[Not completed]
2019-09-03 19:44:17,388 [pool-409-thread-1] INFO  impl.RaftServerImpl (RaftServerImpl.java:<init>(93)) - 7579200a-e651-42c1-a300-5865ac4d1a81: new RaftServerImpl for group-A781493BDC99:[7579200a-e651-42c1-a300-5865ac4d1a81:192.168.34.20:37601] with ContainerStateMachine:uninitialized
2019-09-03 19:44:17,388 [pool-409-thread-1] INFO  server.RaftServerConfigKeys (ConfUtils.java:logGet(43)) - raft.server.rpc.timeout.min = 5s (custom)
2019-09-03 19:44:17,388 [pool-409-thread-1] INFO  server.RaftServerConfigKeys (ConfUtils.java:logGet(43)) - raft.server.rpc.timeout.max = 5200ms (custom)
2019-09-03 19:44:17,388 [pool-409-thread-1] INFO  server.RaftServerConfigKeys (ConfUtils.java:logGet(43)) - raft.server.rpcslowness.timeout = 120s (custom)
2019-09-03 19:44:17,388 [pool-409-thread-1] INFO  server.RaftServerConfigKeys (ConfUtils.java:logGet(43)) - raft.server.sleep.deviation.threshold = 300 (default)
2019-09-03 19:44:17,388 [pool-409-thread-1] INFO  server.RaftServerConfigKeys (ConfUtils.java:logGet(43)) - raft.server.log.appender.install.snapshot.enabled = false (custom)
2019-09-03 19:44:17,389 [pool-409-thread-1] INFO  impl.RaftServerImpl (ServerState.java:<init>(105)) - 7579200a-e651-42c1-a300-5865ac4d1a81:group-A781493BDC99 ConfigurationManager, init=-1: [7579200a-e651-42c1-a300-5865ac4d1a81:192.168.34.20:37601], old=null, confs=<EMPTY_MAP>
2019-09-03 19:44:17,389 [pool-409-thread-1] INFO  server.RaftServerConfigKeys (ConfUtils.java:logGet(43)) - raft.server.storage.dir = [/workdir/hadoop-ozone/integration-test/target/test-dir/MiniOzoneClusterImpl-93e4c667-a4e3-48cf-a9ad-b2b6e5195dda/datanode-0/data/ratis] (custom)
2019-09-03 19:44:17,389 [pool-409-thread-1] INFO  storage.RaftStorageDirectory (RaftStorageDirectory.java:analyzeStorage(246)) - The storage directory /workdir/hadoop-ozone/integration-test/target/test-dir/MiniOzoneClusterImpl-93e4c667-a4e3-48cf-a9ad-b2b6e5195dda/datanode-0/data/ratis/84e443a4-4e52-4aef-b2dc-a781493bdc99 does not exist. Creating ...
2019-09-03 19:44:17,411 [pool-409-thread-1] INFO  storage.RaftStorageDirectory (RaftStorageDirectory.java:tryLock(328)) - Lock on /workdir/hadoop-ozone/integration-test/target/test-dir/MiniOzoneClusterImpl-93e4c667-a4e3-48cf-a9ad-b2b6e5195dda/datanode-0/data/ratis/84e443a4-4e52-4aef-b2dc-a781493bdc99/in_use.lock acquired by nodename 2670@pr-hdds-2018-8nzjn-2890084760
2019-09-03 19:44:17,424 [pool-409-thread-1] INFO  storage.RaftStorage (RaftStorage.java:format(72)) - Storage directory /workdir/hadoop-ozone/integration-test/target/test-dir/MiniOzoneClusterImpl-93e4c667-a4e3-48cf-a9ad-b2b6e5195dda/datanode-0/data/ratis/84e443a4-4e52-4aef-b2dc-a781493bdc99 has been successfully formatted.
2019-09-03 19:44:17,424 [pool-409-thread-1] INFO  ratis.ContainerStateMachine (ContainerStateMachine.java:loadSnapshot(227)) - group-A781493BDC99: The snapshot info is null. Setting the last applied indexto:(t:0, i:~)
2019-09-03 19:44:17,424 [pool-409-thread-1] INFO  server.RaftServerConfigKeys (ConfUtils.java:logGet(43)) - raft.server.leader.election.timeout = 120s (custom)
2019-09-03 19:44:17,424 [pool-409-thread-1] INFO  server.RaftServerConfigKeys (ConfUtils.java:logGet(43)) - raft.server.log.use.memory = false (default)
2019-09-03 19:44:17,425 [pool-409-thread-1] INFO  server.RaftServerConfigKeys (ConfUtils.java:logGet(43)) - raft.server.log.purge.gap = 1000000 (custom)
2019-09-03 19:44:17,425 [pool-409-thread-1] INFO  server.RaftServerConfigKeys (ConfUtils.java:logGet(43)) - raft.server.log.appender.buffer.byte-limit = 33554432 (custom)
2019-09-03 19:44:17,425 [pool-409-thread-1] INFO  server.RaftServerConfigKeys (ConfUtils.java:logGet(43)) - raft.server.log.segment.size.max = 1048576 (custom)
2019-09-03 19:44:17,425 [pool-409-thread-1] INFO  server.RaftServerConfigKeys (ConfUtils.java:logGet(43)) - raft.server.log.segment.cache.num.max = 2 (custom)
2019-09-03 19:44:17,425 [pool-409-thread-1] INFO  segmented.SegmentedRaftLogWorker (SegmentedRaftLogWorker.java:<init>(172)) - new 7579200a-e651-42c1-a300-5865ac4d1a81-SegmentedRaftLogWorker:Storage Directory /workdir/hadoop-ozone/integration-test/target/test-dir/MiniOzoneClusterImpl-93e4c667-a4e3-48cf-a9ad-b2b6e5195dda/datanode-0/data/ratis/84e443a4-4e52-4aef-b2dc-a781493bdc99 for RaftStorage:Storage Directory /workdir/hadoop-ozone/integration-test/target/test-dir/MiniOzoneClusterImpl-93e4c667-a4e3-48cf-a9ad-b2b6e5195dda/datanode-0/data/ratis/84e443a4-4e52-4aef-b2dc-a781493bdc99
2019-09-03 19:44:17,425 [pool-409-thread-1] INFO  server.RaftServerConfigKeys (ConfUtils.java:logGet(43)) - raft.server.log.queue.byte-limit = 2147483647 (custom)
2019-09-03 19:44:17,426 [pool-409-thread-1] INFO  server.RaftServerConfigKeys (ConfUtils.java:logGet(43)) - raft.server.log.queue.element-limit = 1024 (custom)
2019-09-03 19:44:17,426 [pool-409-thread-1] INFO  server.RaftServerConfigKeys (ConfUtils.java:logGet(43)) - raft.server.log.segment.size.max = 1048576 (custom)
2019-09-03 19:44:17,426 [pool-409-thread-1] INFO  server.RaftServerConfigKeys (ConfUtils.java:logGet(43)) - raft.server.log.preallocated.size = 16384 (custom)
2019-09-03 19:44:17,426 [pool-409-thread-1] INFO  server.RaftServerConfigKeys (ConfUtils.java:logGet(43)) - raft.server.log.write.buffer.size = 33554432 (custom)
2019-09-03 19:44:17,426 [pool-409-thread-1] INFO  server.RaftServerConfigKeys (ConfUtils.java:logGet(43)) - raft.server.log.force.sync.num = 128 (default)
2019-09-03 19:44:17,427 [pool-409-thread-1] INFO  server.RaftServerConfigKeys (ConfUtils.java:logGet(43)) - raft.server.log.statemachine.data.sync = true (default)
2019-09-03 19:44:17,427 [pool-409-thread-1] INFO  server.RaftServerConfigKeys (ConfUtils.java:logGet(43)) - raft.server.log.statemachine.data.sync.timeout = 10s (default)
2019-09-03 19:44:17,427 [pool-409-thread-1] INFO  server.RaftServerConfigKeys (ConfUtils.java:logGet(43)) - raft.server.log.statemachine.data.sync.timeout.retry = -1 (default)
2019-09-03 19:44:17,427 [IPC Server handler 3 on 36916] INFO  net.NetworkTopology (NetworkTopologyImpl.java:add(110)) - Added a new node: /default-rack/4cb224ee-0f9f-46ee-af6c-a1bf099b7db7
2019-09-03 19:44:17,427 [IPC Server handler 3 on 36916] INFO  node.SCMNodeManager (SCMNodeManager.java:register(266)) - Registered Data node : 4cb224ee-0f9f-46ee-af6c-a1bf099b7db7{ip: 192.168.34.20, host: pr-hdds-2018-8nzjn-2890084760, networkLocation: /default-rack, certSerialId: null}
2019-09-03 19:44:17,427 [pool-409-thread-1] INFO  server.RaftServerConfigKeys (ConfUtils.java:logGet(43)) - raft.server.log.statemachine.data.caching.enabled = true (custom)
2019-09-03 19:44:17,428 [pool-409-thread-1] INFO  segmented.SegmentedRaftLogWorker (SegmentedRaftLogWorker.java:lambda$new$0(132)) - 7579200a-e651-42c1-a300-5865ac4d1a81-SegmentedRaftLogWorker:Storage Directory /workdir/hadoop-ozone/integration-test/target/test-dir/MiniOzoneClusterImpl-93e4c667-a4e3-48cf-a9ad-b2b6e5195dda/datanode-0/data/ratis/84e443a4-4e52-4aef-b2dc-a781493bdc99: flushIndex: setUnconditionally 0 -> -1
2019-09-03 19:44:17,428 [pool-409-thread-1] INFO  server.RaftServerConfigKeys (ConfUtils.java:logGet(43)) - raft.server.snapshot.auto.trigger.enabled = true (custom)
2019-09-03 19:44:17,428 [pool-409-thread-1] INFO  server.RaftServerConfigKeys (ConfUtils.java:logGet(43)) - raft.server.snapshot.auto.trigger.threshold = 10000 (custom)
2019-09-03 19:44:17,428 [pool-409-thread-1] INFO  server.RaftServerConfigKeys (ConfUtils.java:logGet(43)) - raft.server.retrycache.expirytime = 600000ms (custom)
2019-09-03 19:44:17,429 [pool-409-thread-1] INFO  impl.RaftServerImpl (RaftServerImpl.java:start(180)) - 7579200a-e651-42c1-a300-5865ac4d1a81: start group-A781493BDC99
2019-09-03 19:44:17,429 [pool-409-thread-1] INFO  impl.RaftServerImpl (RaftServerImpl.java:setRole(171)) - 7579200a-e651-42c1-a300-5865ac4d1a81:group-A781493BDC99 changes role from null to FOLLOWER at term 0 for startAsFollower
2019-09-03 19:44:17,429 [pool-409-thread-1] INFO  impl.RoleInfo (RoleInfo.java:updateAndGet(143)) - 7579200a-e651-42c1-a300-5865ac4d1a81: start FollowerState
2019-09-03 19:44:17,430 [pool-409-thread-1] INFO  util.JmxRegister (JmxRegister.java:tryRegister(44)) - Successfully registered JMX Bean with object name Ratis:service=RaftServer,group=group-A781493BDC99,id=7579200a-e651-42c1-a300-5865ac4d1a81
2019-09-03 19:44:17,434 [RatisPipelineUtilsThread] INFO  pipeline.PipelineStateManager (PipelineStateManager.java:addPipeline(56)) - Created pipeline Pipeline[ Id: 84e443a4-4e52-4aef-b2dc-a781493bdc99, Nodes: 7579200a-e651-42c1-a300-5865ac4d1a81{ip: 192.168.34.20, host: pr-hdds-2018-8nzjn-2890084760, networkLocation: /default-rack, certSerialId: null}, Type:RATIS, Factor:ONE, State:OPEN]
2019-09-03 19:44:17,443 [grpc-default-executor-7] INFO  impl.RaftServerProxy (RaftServerProxy.java:addNew(89)) - 4cb224ee-0f9f-46ee-af6c-a1bf099b7db7: addNew group-0A0DFD16AD9E:[4cb224ee-0f9f-46ee-af6c-a1bf099b7db7:192.168.34.20:37719] returns group-0A0DFD16AD9E:java.util.concurrent.CompletableFuture@529fb7d3[Not completed]
2019-09-03 19:44:17,444 [pool-419-thread-1] INFO  impl.RaftServerImpl (RaftServerImpl.java:<init>(93)) - 4cb224ee-0f9f-46ee-af6c-a1bf099b7db7: new RaftServerImpl for group-0A0DFD16AD9E:[4cb224ee-0f9f-46ee-af6c-a1bf099b7db7:192.168.34.20:37719] with ContainerStateMachine:uninitialized
2019-09-03 19:44:17,444 [pool-419-thread-1] INFO  server.RaftServerConfigKeys (ConfUtils.java:logGet(43)) - raft.server.rpc.timeout.min = 5s (custom)
2019-09-03 19:44:17,444 [pool-419-thread-1] INFO  server.RaftServerConfigKeys (ConfUtils.java:logGet(43)) - raft.server.rpc.timeout.max = 5200ms (custom)
2019-09-03 19:44:17,444 [pool-419-thread-1] INFO  server.RaftServerConfigKeys (ConfUtils.java:logGet(43)) - raft.server.rpcslowness.timeout = 120s (custom)
2019-09-03 19:44:17,445 [pool-419-thread-1] INFO  server.RaftServerConfigKeys (ConfUtils.java:logGet(43)) - raft.server.sleep.deviation.threshold = 300 (default)
2019-09-03 19:44:17,445 [pool-419-thread-1] INFO  server.RaftServerConfigKeys (ConfUtils.java:logGet(43)) - raft.server.log.appender.install.snapshot.enabled = false (custom)
2019-09-03 19:44:17,445 [pool-419-thread-1] INFO  impl.RaftServerImpl (ServerState.java:<init>(105)) - 4cb224ee-0f9f-46ee-af6c-a1bf099b7db7:group-0A0DFD16AD9E ConfigurationManager, init=-1: [4cb224ee-0f9f-46ee-af6c-a1bf099b7db7:192.168.34.20:37719], old=null, confs=<EMPTY_MAP>
2019-09-03 19:44:17,445 [pool-419-thread-1] INFO  server.RaftServerConfigKeys (ConfUtils.java:logGet(43)) - raft.server.storage.dir = [/workdir/hadoop-ozone/integration-test/target/test-dir/MiniOzoneClusterImpl-93e4c667-a4e3-48cf-a9ad-b2b6e5195dda/datanode-1/data/ratis] (custom)
2019-09-03 19:44:17,446 [pool-419-thread-1] INFO  storage.RaftStorageDirectory (RaftStorageDirectory.java:analyzeStorage(246)) - The storage directory /workdir/hadoop-ozone/integration-test/target/test-dir/MiniOzoneClusterImpl-93e4c667-a4e3-48cf-a9ad-b2b6e5195dda/datanode-1/data/ratis/30bf579c-fda4-460c-8b0a-0a0dfd16ad9e does not exist. Creating ...
2019-09-03 19:44:17,459 [pool-419-thread-1] INFO  storage.RaftStorageDirectory (RaftStorageDirectory.java:tryLock(328)) - Lock on /workdir/hadoop-ozone/integration-test/target/test-dir/MiniOzoneClusterImpl-93e4c667-a4e3-48cf-a9ad-b2b6e5195dda/datanode-1/data/ratis/30bf579c-fda4-460c-8b0a-0a0dfd16ad9e/in_use.lock acquired by nodename 2670@pr-hdds-2018-8nzjn-2890084760
2019-09-03 19:44:17,472 [pool-419-thread-1] INFO  storage.RaftStorage (RaftStorage.java:format(72)) - Storage directory /workdir/hadoop-ozone/integration-test/target/test-dir/MiniOzoneClusterImpl-93e4c667-a4e3-48cf-a9ad-b2b6e5195dda/datanode-1/data/ratis/30bf579c-fda4-460c-8b0a-0a0dfd16ad9e has been successfully formatted.
2019-09-03 19:44:17,472 [pool-419-thread-1] INFO  ratis.ContainerStateMachine (ContainerStateMachine.java:loadSnapshot(227)) - group-0A0DFD16AD9E: The snapshot info is null. Setting the last applied indexto:(t:0, i:~)
2019-09-03 19:44:17,472 [pool-419-thread-1] INFO  server.RaftServerConfigKeys (ConfUtils.java:logGet(43)) - raft.server.leader.election.timeout = 120s (custom)
2019-09-03 19:44:17,472 [pool-419-thread-1] INFO  server.RaftServerConfigKeys (ConfUtils.java:logGet(43)) - raft.server.log.use.memory = false (default)
2019-09-03 19:44:17,473 [pool-419-thread-1] INFO  server.RaftServerConfigKeys (ConfUtils.java:logGet(43)) - raft.server.log.purge.gap = 1000000 (custom)
2019-09-03 19:44:17,473 [pool-419-thread-1] INFO  server.RaftServerConfigKeys (ConfUtils.java:logGet(43)) - raft.server.log.appender.buffer.byte-limit = 33554432 (custom)
2019-09-03 19:44:17,473 [pool-419-thread-1] INFO  server.RaftServerConfigKeys (ConfUtils.java:logGet(43)) - raft.server.log.segment.size.max = 1048576 (custom)
2019-09-03 19:44:17,473 [pool-419-thread-1] INFO  server.RaftServerConfigKeys (ConfUtils.java:logGet(43)) - raft.server.log.segment.cache.num.max = 2 (custom)
2019-09-03 19:44:17,473 [pool-419-thread-1] INFO  segmented.SegmentedRaftLogWorker (SegmentedRaftLogWorker.java:<init>(172)) - new 4cb224ee-0f9f-46ee-af6c-a1bf099b7db7-SegmentedRaftLogWorker:Storage Directory /workdir/hadoop-ozone/integration-test/target/test-dir/MiniOzoneClusterImpl-93e4c667-a4e3-48cf-a9ad-b2b6e5195dda/datanode-1/data/ratis/30bf579c-fda4-460c-8b0a-0a0dfd16ad9e for RaftStorage:Storage Directory /workdir/hadoop-ozone/integration-test/target/test-dir/MiniOzoneClusterImpl-93e4c667-a4e3-48cf-a9ad-b2b6e5195dda/datanode-1/data/ratis/30bf579c-fda4-460c-8b0a-0a0dfd16ad9e
2019-09-03 19:44:17,473 [pool-419-thread-1] INFO  server.RaftServerConfigKeys (ConfUtils.java:logGet(43)) - raft.server.log.queue.byte-limit = 2147483647 (custom)
2019-09-03 19:44:17,474 [pool-419-thread-1] INFO  server.RaftServerConfigKeys (ConfUtils.java:logGet(43)) - raft.server.log.queue.element-limit = 1024 (custom)
2019-09-03 19:44:17,474 [pool-419-thread-1] INFO  server.RaftServerConfigKeys (ConfUtils.java:logGet(43)) - raft.server.log.segment.size.max = 1048576 (custom)
2019-09-03 19:44:17,474 [pool-419-thread-1] INFO  server.RaftServerConfigKeys (ConfUtils.java:logGet(43)) - raft.server.log.preallocated.size = 16384 (custom)
2019-09-03 19:44:17,474 [pool-419-thread-1] INFO  server.RaftServerConfigKeys (ConfUtils.java:logGet(43)) - raft.server.log.write.buffer.size = 33554432 (custom)
2019-09-03 19:44:17,474 [pool-419-thread-1] INFO  server.RaftServerConfigKeys (ConfUtils.java:logGet(43)) - raft.server.log.force.sync.num = 128 (default)
2019-09-03 19:44:17,474 [pool-419-thread-1] INFO  server.RaftServerConfigKeys (ConfUtils.java:logGet(43)) - raft.server.log.statemachine.data.sync = true (default)
2019-09-03 19:44:17,474 [pool-419-thread-1] INFO  server.RaftServerConfigKeys (ConfUtils.java:logGet(43)) - raft.server.log.statemachine.data.sync.timeout = 10s (default)
2019-09-03 19:44:17,475 [pool-419-thread-1] INFO  server.RaftServerConfigKeys (ConfUtils.java:logGet(43)) - raft.server.log.statemachine.data.sync.timeout.retry = -1 (default)
2019-09-03 19:44:17,475 [pool-419-thread-1] INFO  server.RaftServerConfigKeys (ConfUtils.java:logGet(43)) - raft.server.log.statemachine.data.caching.enabled = true (custom)
2019-09-03 19:44:17,475 [pool-419-thread-1] INFO  segmented.SegmentedRaftLogWorker (SegmentedRaftLogWorker.java:lambda$new$0(132)) - 4cb224ee-0f9f-46ee-af6c-a1bf099b7db7-SegmentedRaftLogWorker:Storage Directory /workdir/hadoop-ozone/integration-test/target/test-dir/MiniOzoneClusterImpl-93e4c667-a4e3-48cf-a9ad-b2b6e5195dda/datanode-1/data/ratis/30bf579c-fda4-460c-8b0a-0a0dfd16ad9e: flushIndex: setUnconditionally 0 -> -1
2019-09-03 19:44:17,476 [pool-419-thread-1] INFO  server.RaftServerConfigKeys (ConfUtils.java:logGet(43)) - raft.server.snapshot.auto.trigger.enabled = true (custom)
2019-09-03 19:44:17,476 [pool-419-thread-1] INFO  server.RaftServerConfigKeys (ConfUtils.java:logGet(43)) - raft.server.snapshot.auto.trigger.threshold = 10000 (custom)
2019-09-03 19:44:17,476 [pool-419-thread-1] INFO  server.RaftServerConfigKeys (ConfUtils.java:logGet(43)) - raft.server.retrycache.expirytime = 600000ms (custom)
2019-09-03 19:44:17,476 [pool-419-thread-1] INFO  impl.RaftServerImpl (RaftServerImpl.java:start(180)) - 4cb224ee-0f9f-46ee-af6c-a1bf099b7db7: start group-0A0DFD16AD9E
2019-09-03 19:44:17,476 [pool-419-thread-1] INFO  impl.RaftServerImpl (RaftServerImpl.java:setRole(171)) - 4cb224ee-0f9f-46ee-af6c-a1bf099b7db7:group-0A0DFD16AD9E changes role from null to FOLLOWER at term 0 for startAsFollower
2019-09-03 19:44:17,476 [pool-419-thread-1] INFO  impl.RoleInfo (RoleInfo.java:updateAndGet(143)) - 4cb224ee-0f9f-46ee-af6c-a1bf099b7db7: start FollowerState
2019-09-03 19:44:17,477 [pool-419-thread-1] INFO  util.JmxRegister (JmxRegister.java:tryRegister(44)) - Successfully registered JMX Bean with object name Ratis:service=RaftServer,group=group-0A0DFD16AD9E,id=4cb224ee-0f9f-46ee-af6c-a1bf099b7db7
2019-09-03 19:44:17,481 [RatisPipelineUtilsThread] INFO  pipeline.PipelineStateManager (PipelineStateManager.java:addPipeline(56)) - Created pipeline Pipeline[ Id: 30bf579c-fda4-460c-8b0a-0a0dfd16ad9e, Nodes: 4cb224ee-0f9f-46ee-af6c-a1bf099b7db7{ip: 192.168.34.20, host: pr-hdds-2018-8nzjn-2890084760, networkLocation: /default-rack, certSerialId: null}, Type:RATIS, Factor:ONE, State:OPEN]
2019-09-03 19:44:17,485 [IPC Server handler 4 on 36916] INFO  net.NetworkTopology (NetworkTopologyImpl.java:add(110)) - Added a new node: /default-rack/ecbfe45e-9fdf-4f4a-9146-cd504af0c997
2019-09-03 19:44:17,485 [IPC Server handler 4 on 36916] INFO  node.SCMNodeManager (SCMNodeManager.java:register(266)) - Registered Data node : ecbfe45e-9fdf-4f4a-9146-cd504af0c997{ip: 192.168.34.20, host: pr-hdds-2018-8nzjn-2890084760, networkLocation: /default-rack, certSerialId: null}
2019-09-03 19:44:17,492 [grpc-default-executor-7] INFO  impl.RaftServerProxy (RaftServerProxy.java:addNew(89)) - ecbfe45e-9fdf-4f4a-9146-cd504af0c997: addNew group-E0E8ADC73C35:[ecbfe45e-9fdf-4f4a-9146-cd504af0c997:192.168.34.20:41810] returns group-E0E8ADC73C35:java.util.concurrent.CompletableFuture@6fb8eaf1[Not completed]
2019-09-03 19:44:17,493 [pool-429-thread-1] INFO  impl.RaftServerImpl (RaftServerImpl.java:<init>(93)) - ecbfe45e-9fdf-4f4a-9146-cd504af0c997: new RaftServerImpl for group-E0E8ADC73C35:[ecbfe45e-9fdf-4f4a-9146-cd504af0c997:192.168.34.20:41810] with ContainerStateMachine:uninitialized
2019-09-03 19:44:17,494 [pool-429-thread-1] INFO  server.RaftServerConfigKeys (ConfUtils.java:logGet(43)) - raft.server.rpc.timeout.min = 5s (custom)
2019-09-03 19:44:17,494 [pool-429-thread-1] INFO  server.RaftServerConfigKeys (ConfUtils.java:logGet(43)) - raft.server.rpc.timeout.max = 5200ms (custom)
2019-09-03 19:44:17,494 [pool-429-thread-1] INFO  server.RaftServerConfigKeys (ConfUtils.java:logGet(43)) - raft.server.rpcslowness.timeout = 120s (custom)
2019-09-03 19:44:17,494 [pool-429-thread-1] INFO  server.RaftServerConfigKeys (ConfUtils.java:logGet(43)) - raft.server.sleep.deviation.threshold = 300 (default)
2019-09-03 19:44:17,494 [pool-429-thread-1] INFO  server.RaftServerConfigKeys (ConfUtils.java:logGet(43)) - raft.server.log.appender.install.snapshot.enabled = false (custom)
2019-09-03 19:44:17,494 [pool-429-thread-1] INFO  impl.RaftServerImpl (ServerState.java:<init>(105)) - ecbfe45e-9fdf-4f4a-9146-cd504af0c997:group-E0E8ADC73C35 ConfigurationManager, init=-1: [ecbfe45e-9fdf-4f4a-9146-cd504af0c997:192.168.34.20:41810], old=null, confs=<EMPTY_MAP>
2019-09-03 19:44:17,494 [pool-429-thread-1] INFO  server.RaftServerConfigKeys (ConfUtils.java:logGet(43)) - raft.server.storage.dir = [/workdir/hadoop-ozone/integration-test/target/test-dir/MiniOzoneClusterImpl-93e4c667-a4e3-48cf-a9ad-b2b6e5195dda/datanode-2/data/ratis] (custom)
2019-09-03 19:44:17,495 [pool-429-thread-1] INFO  storage.RaftStorageDirectory (RaftStorageDirectory.java:analyzeStorage(246)) - The storage directory /workdir/hadoop-ozone/integration-test/target/test-dir/MiniOzoneClusterImpl-93e4c667-a4e3-48cf-a9ad-b2b6e5195dda/datanode-2/data/ratis/86eda660-3a05-4932-93d1-e0e8adc73c35 does not exist. Creating ...
2019-09-03 19:44:17,509 [pool-429-thread-1] INFO  storage.RaftStorageDirectory (RaftStorageDirectory.java:tryLock(328)) - Lock on /workdir/hadoop-ozone/integration-test/target/test-dir/MiniOzoneClusterImpl-93e4c667-a4e3-48cf-a9ad-b2b6e5195dda/datanode-2/data/ratis/86eda660-3a05-4932-93d1-e0e8adc73c35/in_use.lock acquired by nodename 2670@pr-hdds-2018-8nzjn-2890084760
2019-09-03 19:44:17,522 [pool-429-thread-1] INFO  storage.RaftStorage (RaftStorage.java:format(72)) - Storage directory /workdir/hadoop-ozone/integration-test/target/test-dir/MiniOzoneClusterImpl-93e4c667-a4e3-48cf-a9ad-b2b6e5195dda/datanode-2/data/ratis/86eda660-3a05-4932-93d1-e0e8adc73c35 has been successfully formatted.
2019-09-03 19:44:17,522 [pool-429-thread-1] INFO  ratis.ContainerStateMachine (ContainerStateMachine.java:loadSnapshot(227)) - group-E0E8ADC73C35: The snapshot info is null. Setting the last applied indexto:(t:0, i:~)
2019-09-03 19:44:17,522 [pool-429-thread-1] INFO  server.RaftServerConfigKeys (ConfUtils.java:logGet(43)) - raft.server.leader.election.timeout = 120s (custom)
2019-09-03 19:44:17,522 [pool-429-thread-1] INFO  server.RaftServerConfigKeys (ConfUtils.java:logGet(43)) - raft.server.log.use.memory = false (default)
2019-09-03 19:44:17,523 [pool-429-thread-1] INFO  server.RaftServerConfigKeys (ConfUtils.java:logGet(43)) - raft.server.log.purge.gap = 1000000 (custom)
2019-09-03 19:44:17,523 [pool-429-thread-1] INFO  server.RaftServerConfigKeys (ConfUtils.java:logGet(43)) - raft.server.log.appender.buffer.byte-limit = 33554432 (custom)
2019-09-03 19:44:17,523 [pool-429-thread-1] INFO  server.RaftServerConfigKeys (ConfUtils.java:logGet(43)) - raft.server.log.segment.size.max = 1048576 (custom)
2019-09-03 19:44:17,523 [pool-429-thread-1] INFO  server.RaftServerConfigKeys (ConfUtils.java:logGet(43)) - raft.server.log.segment.cache.num.max = 2 (custom)
2019-09-03 19:44:17,523 [pool-429-thread-1] INFO  segmented.SegmentedRaftLogWorker (SegmentedRaftLogWorker.java:<init>(172)) - new ecbfe45e-9fdf-4f4a-9146-cd504af0c997-SegmentedRaftLogWorker:Storage Directory /workdir/hadoop-ozone/integration-test/target/test-dir/MiniOzoneClusterImpl-93e4c667-a4e3-48cf-a9ad-b2b6e5195dda/datanode-2/data/ratis/86eda660-3a05-4932-93d1-e0e8adc73c35 for RaftStorage:Storage Directory /workdir/hadoop-ozone/integration-test/target/test-dir/MiniOzoneClusterImpl-93e4c667-a4e3-48cf-a9ad-b2b6e5195dda/datanode-2/data/ratis/86eda660-3a05-4932-93d1-e0e8adc73c35
2019-09-03 19:44:17,523 [pool-429-thread-1] INFO  server.RaftServerConfigKeys (ConfUtils.java:logGet(43)) - raft.server.log.queue.byte-limit = 2147483647 (custom)
2019-09-03 19:44:17,524 [pool-429-thread-1] INFO  server.RaftServerConfigKeys (ConfUtils.java:logGet(43)) - raft.server.log.queue.element-limit = 1024 (custom)
2019-09-03 19:44:17,524 [pool-429-thread-1] INFO  server.RaftServerConfigKeys (ConfUtils.java:logGet(43)) - raft.server.log.segment.size.max = 1048576 (custom)
2019-09-03 19:44:17,524 [pool-429-thread-1] INFO  server.RaftServerConfigKeys (ConfUtils.java:logGet(43)) - raft.server.log.preallocated.size = 16384 (custom)
2019-09-03 19:44:17,524 [pool-429-thread-1] INFO  server.RaftServerConfigKeys (ConfUtils.java:logGet(43)) - raft.server.log.write.buffer.size = 33554432 (custom)
2019-09-03 19:44:17,524 [pool-429-thread-1] INFO  server.RaftServerConfigKeys (ConfUtils.java:logGet(43)) - raft.server.log.force.sync.num = 128 (default)
2019-09-03 19:44:17,524 [pool-429-thread-1] INFO  server.RaftServerConfigKeys (ConfUtils.java:logGet(43)) - raft.server.log.statemachine.data.sync = true (default)
2019-09-03 19:44:17,524 [pool-429-thread-1] INFO  server.RaftServerConfigKeys (ConfUtils.java:logGet(43)) - raft.server.log.statemachine.data.sync.timeout = 10s (default)
2019-09-03 19:44:17,525 [pool-429-thread-1] INFO  server.RaftServerConfigKeys (ConfUtils.java:logGet(43)) - raft.server.log.statemachine.data.sync.timeout.retry = -1 (default)
2019-09-03 19:44:17,525 [pool-429-thread-1] INFO  server.RaftServerConfigKeys (ConfUtils.java:logGet(43)) - raft.server.log.statemachine.data.caching.enabled = true (custom)
2019-09-03 19:44:17,525 [pool-429-thread-1] INFO  segmented.SegmentedRaftLogWorker (SegmentedRaftLogWorker.java:lambda$new$0(132)) - ecbfe45e-9fdf-4f4a-9146-cd504af0c997-SegmentedRaftLogWorker:Storage Directory /workdir/hadoop-ozone/integration-test/target/test-dir/MiniOzoneClusterImpl-93e4c667-a4e3-48cf-a9ad-b2b6e5195dda/datanode-2/data/ratis/86eda660-3a05-4932-93d1-e0e8adc73c35: flushIndex: setUnconditionally 0 -> -1
2019-09-03 19:44:17,526 [pool-429-thread-1] INFO  server.RaftServerConfigKeys (ConfUtils.java:logGet(43)) - raft.server.snapshot.auto.trigger.enabled = true (custom)
2019-09-03 19:44:17,526 [pool-429-thread-1] INFO  server.RaftServerConfigKeys (ConfUtils.java:logGet(43)) - raft.server.snapshot.auto.trigger.threshold = 10000 (custom)
2019-09-03 19:44:17,526 [pool-429-thread-1] INFO  server.RaftServerConfigKeys (ConfUtils.java:logGet(43)) - raft.server.retrycache.expirytime = 600000ms (custom)
2019-09-03 19:44:17,526 [pool-429-thread-1] INFO  impl.RaftServerImpl (RaftServerImpl.java:start(180)) - ecbfe45e-9fdf-4f4a-9146-cd504af0c997: start group-E0E8ADC73C35
2019-09-03 19:44:17,526 [pool-429-thread-1] INFO  impl.RaftServerImpl (RaftServerImpl.java:setRole(171)) - ecbfe45e-9fdf-4f4a-9146-cd504af0c997:group-E0E8ADC73C35 changes role from null to FOLLOWER at term 0 for startAsFollower
2019-09-03 19:44:17,526 [pool-429-thread-1] INFO  impl.RoleInfo (RoleInfo.java:updateAndGet(143)) - ecbfe45e-9fdf-4f4a-9146-cd504af0c997: start FollowerState
2019-09-03 19:44:17,527 [pool-429-thread-1] INFO  util.JmxRegister (JmxRegister.java:tryRegister(44)) - Successfully registered JMX Bean with object name Ratis:service=RaftServer,group=group-E0E8ADC73C35,id=ecbfe45e-9fdf-4f4a-9146-cd504af0c997
2019-09-03 19:44:17,532 [RatisPipelineUtilsThread] INFO  pipeline.PipelineStateManager (PipelineStateManager.java:addPipeline(56)) - Created pipeline Pipeline[ Id: 86eda660-3a05-4932-93d1-e0e8adc73c35, Nodes: ecbfe45e-9fdf-4f4a-9146-cd504af0c997{ip: 192.168.34.20, host: pr-hdds-2018-8nzjn-2890084760, networkLocation: /default-rack, certSerialId: null}, Type:RATIS, Factor:ONE, State:OPEN]
2019-09-03 19:44:17,549 [grpc-default-executor-1] INFO  impl.RaftServerProxy (RaftServerProxy.java:addNew(89)) - 7579200a-e651-42c1-a300-5865ac4d1a81: addNew group-BB9B692CD120:[ecbfe45e-9fdf-4f4a-9146-cd504af0c997:192.168.34.20:41810, 4cb224ee-0f9f-46ee-af6c-a1bf099b7db7:192.168.34.20:37719, 7579200a-e651-42c1-a300-5865ac4d1a81:192.168.34.20:37601] returns group-BB9B692CD120:java.util.concurrent.CompletableFuture@2cd4a2af[Not completed]
2019-09-03 19:44:17,549 [grpc-default-executor-9] INFO  impl.RaftServerProxy (RaftServerProxy.java:addNew(89)) - ecbfe45e-9fdf-4f4a-9146-cd504af0c997: addNew group-BB9B692CD120:[ecbfe45e-9fdf-4f4a-9146-cd504af0c997:192.168.34.20:41810, 4cb224ee-0f9f-46ee-af6c-a1bf099b7db7:192.168.34.20:37719, 7579200a-e651-42c1-a300-5865ac4d1a81:192.168.34.20:37601] returns group-BB9B692CD120:java.util.concurrent.CompletableFuture@2e2dcbd4[Not completed]
2019-09-03 19:44:17,549 [grpc-default-executor-7] INFO  impl.RaftServerProxy (RaftServerProxy.java:addNew(89)) - 4cb224ee-0f9f-46ee-af6c-a1bf099b7db7: addNew group-BB9B692CD120:[ecbfe45e-9fdf-4f4a-9146-cd504af0c997:192.168.34.20:41810, 4cb224ee-0f9f-46ee-af6c-a1bf099b7db7:192.168.34.20:37719, 7579200a-e651-42c1-a300-5865ac4d1a81:192.168.34.20:37601] returns group-BB9B692CD120:java.util.concurrent.CompletableFuture@18d31a0a[Not completed]
2019-09-03 19:44:17,551 [IPC Server handler 5 on 36916] INFO  net.NetworkTopology (NetworkTopologyImpl.java:add(110)) - Added a new node: /default-rack/cb9005e8-e9c5-41d9-b914-b0d57ae20449
2019-09-03 19:44:17,551 [IPC Server handler 5 on 36916] INFO  node.SCMNodeManager (SCMNodeManager.java:register(266)) - Registered Data node : cb9005e8-e9c5-41d9-b914-b0d57ae20449{ip: 192.168.34.20, host: pr-hdds-2018-8nzjn-2890084760, networkLocation: /default-rack, certSerialId: null}
2019-09-03 19:44:17,551 [pool-429-thread-1] INFO  impl.RaftServerImpl (RaftServerImpl.java:<init>(93)) - ecbfe45e-9fdf-4f4a-9146-cd504af0c997: new RaftServerImpl for group-BB9B692CD120:[ecbfe45e-9fdf-4f4a-9146-cd504af0c997:192.168.34.20:41810, 4cb224ee-0f9f-46ee-af6c-a1bf099b7db7:192.168.34.20:37719, 7579200a-e651-42c1-a300-5865ac4d1a81:192.168.34.20:37601] with ContainerStateMachine:uninitialized
2019-09-03 19:44:17,551 [pool-429-thread-1] INFO  server.RaftServerConfigKeys (ConfUtils.java:logGet(43)) - raft.server.rpc.timeout.min = 5s (custom)
2019-09-03 19:44:17,551 [pool-429-thread-1] INFO  server.RaftServerConfigKeys (ConfUtils.java:logGet(43)) - raft.server.rpc.timeout.max = 5200ms (custom)
2019-09-03 19:44:17,551 [pool-429-thread-1] INFO  server.RaftServerConfigKeys (ConfUtils.java:logGet(43)) - raft.server.rpcslowness.timeout = 120s (custom)
2019-09-03 19:44:17,551 [pool-409-thread-1] INFO  impl.RaftServerImpl (RaftServerImpl.java:<init>(93)) - 7579200a-e651-42c1-a300-5865ac4d1a81: new RaftServerImpl for group-BB9B692CD120:[ecbfe45e-9fdf-4f4a-9146-cd504af0c997:192.168.34.20:41810, 4cb224ee-0f9f-46ee-af6c-a1bf099b7db7:192.168.34.20:37719, 7579200a-e651-42c1-a300-5865ac4d1a81:192.168.34.20:37601] with ContainerStateMachine:uninitialized
2019-09-03 19:44:17,551 [pool-429-thread-1] INFO  server.RaftServerConfigKeys (ConfUtils.java:logGet(43)) - raft.server.sleep.deviation.threshold = 300 (default)
2019-09-03 19:44:17,552 [pool-409-thread-1] INFO  server.RaftServerConfigKeys (ConfUtils.java:logGet(43)) - raft.server.rpc.timeout.min = 5s (custom)
2019-09-03 19:44:17,552 [pool-429-thread-1] INFO  server.RaftServerConfigKeys (ConfUtils.java:logGet(43)) - raft.server.log.appender.install.snapshot.enabled = false (custom)
2019-09-03 19:44:17,552 [pool-419-thread-1] INFO  impl.RaftServerImpl (RaftServerImpl.java:<init>(93)) - 4cb224ee-0f9f-46ee-af6c-a1bf099b7db7: new RaftServerImpl for group-BB9B692CD120:[ecbfe45e-9fdf-4f4a-9146-cd504af0c997:192.168.34.20:41810, 4cb224ee-0f9f-46ee-af6c-a1bf099b7db7:192.168.34.20:37719, 7579200a-e651-42c1-a300-5865ac4d1a81:192.168.34.20:37601] with ContainerStateMachine:uninitialized
2019-09-03 19:44:17,552 [pool-409-thread-1] INFO  server.RaftServerConfigKeys (ConfUtils.java:logGet(43)) - raft.server.rpc.timeout.max = 5200ms (custom)
2019-09-03 19:44:17,552 [pool-419-thread-1] INFO  server.RaftServerConfigKeys (ConfUtils.java:logGet(43)) - raft.server.rpc.timeout.min = 5s (custom)
2019-09-03 19:44:17,552 [pool-429-thread-1] INFO  impl.RaftServerImpl (ServerState.java:<init>(105)) - ecbfe45e-9fdf-4f4a-9146-cd504af0c997:group-BB9B692CD120 ConfigurationManager, init=-1: [ecbfe45e-9fdf-4f4a-9146-cd504af0c997:192.168.34.20:41810, 4cb224ee-0f9f-46ee-af6c-a1bf099b7db7:192.168.34.20:37719, 7579200a-e651-42c1-a300-5865ac4d1a81:192.168.34.20:37601], old=null, confs=<EMPTY_MAP>
2019-09-03 19:44:17,553 [pool-419-thread-1] INFO  server.RaftServerConfigKeys (ConfUtils.java:logGet(43)) - raft.server.rpc.timeout.max = 5200ms (custom)
2019-09-03 19:44:17,553 [pool-419-thread-1] INFO  server.RaftServerConfigKeys (ConfUtils.java:logGet(43)) - raft.server.rpcslowness.timeout = 120s (custom)
2019-09-03 19:44:17,552 [pool-409-thread-1] INFO  server.RaftServerConfigKeys (ConfUtils.java:logGet(43)) - raft.server.rpcslowness.timeout = 120s (custom)
2019-09-03 19:44:17,553 [pool-419-thread-1] INFO  server.RaftServerConfigKeys (ConfUtils.java:logGet(43)) - raft.server.sleep.deviation.threshold = 300 (default)
2019-09-03 19:44:17,553 [pool-429-thread-1] INFO  server.RaftServerConfigKeys (ConfUtils.java:logGet(43)) - raft.server.storage.dir = [/workdir/hadoop-ozone/integration-test/target/test-dir/MiniOzoneClusterImpl-93e4c667-a4e3-48cf-a9ad-b2b6e5195dda/datanode-2/data/ratis] (custom)
2019-09-03 19:44:17,553 [pool-419-thread-1] INFO  server.RaftServerConfigKeys (ConfUtils.java:logGet(43)) - raft.server.log.appender.install.snapshot.enabled = false (custom)
2019-09-03 19:44:17,553 [pool-409-thread-1] INFO  server.RaftServerConfigKeys (ConfUtils.java:logGet(43)) - raft.server.sleep.deviation.threshold = 300 (default)
2019-09-03 19:44:17,554 [pool-419-thread-1] INFO  impl.RaftServerImpl (ServerState.java:<init>(105)) - 4cb224ee-0f9f-46ee-af6c-a1bf099b7db7:group-BB9B692CD120 ConfigurationManager, init=-1: [ecbfe45e-9fdf-4f4a-9146-cd504af0c997:192.168.34.20:41810, 4cb224ee-0f9f-46ee-af6c-a1bf099b7db7:192.168.34.20:37719, 7579200a-e651-42c1-a300-5865ac4d1a81:192.168.34.20:37601], old=null, confs=<EMPTY_MAP>
2019-09-03 19:44:17,554 [pool-429-thread-1] INFO  storage.RaftStorageDirectory (RaftStorageDirectory.java:analyzeStorage(246)) - The storage directory /workdir/hadoop-ozone/integration-test/target/test-dir/MiniOzoneClusterImpl-93e4c667-a4e3-48cf-a9ad-b2b6e5195dda/datanode-2/data/ratis/b6613bfd-db40-4bc1-8367-bb9b692cd120 does not exist. Creating ...
2019-09-03 19:44:17,554 [pool-409-thread-1] INFO  server.RaftServerConfigKeys (ConfUtils.java:logGet(43)) - raft.server.log.appender.install.snapshot.enabled = false (custom)
2019-09-03 19:44:17,554 [pool-419-thread-1] INFO  server.RaftServerConfigKeys (ConfUtils.java:logGet(43)) - raft.server.storage.dir = [/workdir/hadoop-ozone/integration-test/target/test-dir/MiniOzoneClusterImpl-93e4c667-a4e3-48cf-a9ad-b2b6e5195dda/datanode-1/data/ratis] (custom)
2019-09-03 19:44:17,554 [pool-409-thread-1] INFO  impl.RaftServerImpl (ServerState.java:<init>(105)) - 7579200a-e651-42c1-a300-5865ac4d1a81:group-BB9B692CD120 ConfigurationManager, init=-1: [ecbfe45e-9fdf-4f4a-9146-cd504af0c997:192.168.34.20:41810, 4cb224ee-0f9f-46ee-af6c-a1bf099b7db7:192.168.34.20:37719, 7579200a-e651-42c1-a300-5865ac4d1a81:192.168.34.20:37601], old=null, confs=<EMPTY_MAP>
2019-09-03 19:44:17,554 [pool-409-thread-1] INFO  server.RaftServerConfigKeys (ConfUtils.java:logGet(43)) - raft.server.storage.dir = [/workdir/hadoop-ozone/integration-test/target/test-dir/MiniOzoneClusterImpl-93e4c667-a4e3-48cf-a9ad-b2b6e5195dda/datanode-0/data/ratis] (custom)
2019-09-03 19:44:17,555 [pool-419-thread-1] INFO  storage.RaftStorageDirectory (RaftStorageDirectory.java:analyzeStorage(246)) - The storage directory /workdir/hadoop-ozone/integration-test/target/test-dir/MiniOzoneClusterImpl-93e4c667-a4e3-48cf-a9ad-b2b6e5195dda/datanode-1/data/ratis/b6613bfd-db40-4bc1-8367-bb9b692cd120 does not exist. Creating ...
2019-09-03 19:44:17,555 [pool-409-thread-1] INFO  storage.RaftStorageDirectory (RaftStorageDirectory.java:analyzeStorage(246)) - The storage directory /workdir/hadoop-ozone/integration-test/target/test-dir/MiniOzoneClusterImpl-93e4c667-a4e3-48cf-a9ad-b2b6e5195dda/datanode-0/data/ratis/b6613bfd-db40-4bc1-8367-bb9b692cd120 does not exist. Creating ...
2019-09-03 19:44:17,578 [pool-409-thread-1] INFO  storage.RaftStorageDirectory (RaftStorageDirectory.java:tryLock(328)) - Lock on /workdir/hadoop-ozone/integration-test/target/test-dir/MiniOzoneClusterImpl-93e4c667-a4e3-48cf-a9ad-b2b6e5195dda/datanode-0/data/ratis/b6613bfd-db40-4bc1-8367-bb9b692cd120/in_use.lock acquired by nodename 2670@pr-hdds-2018-8nzjn-2890084760
2019-09-03 19:44:17,578 [pool-429-thread-1] INFO  storage.RaftStorageDirectory (RaftStorageDirectory.java:tryLock(328)) - Lock on /workdir/hadoop-ozone/integration-test/target/test-dir/MiniOzoneClusterImpl-93e4c667-a4e3-48cf-a9ad-b2b6e5195dda/datanode-2/data/ratis/b6613bfd-db40-4bc1-8367-bb9b692cd120/in_use.lock acquired by nodename 2670@pr-hdds-2018-8nzjn-2890084760
2019-09-03 19:44:17,578 [pool-419-thread-1] INFO  storage.RaftStorageDirectory (RaftStorageDirectory.java:tryLock(328)) - Lock on /workdir/hadoop-ozone/integration-test/target/test-dir/MiniOzoneClusterImpl-93e4c667-a4e3-48cf-a9ad-b2b6e5195dda/datanode-1/data/ratis/b6613bfd-db40-4bc1-8367-bb9b692cd120/in_use.lock acquired by nodename 2670@pr-hdds-2018-8nzjn-2890084760
2019-09-03 19:44:17,602 [IPC Server handler 6 on 36916] INFO  net.NetworkTopology (NetworkTopologyImpl.java:add(110)) - Added a new node: /default-rack/540a2827-7fc9-4198-8052-28e0673e188a
2019-09-03 19:44:17,602 [IPC Server handler 6 on 36916] INFO  node.SCMNodeManager (SCMNodeManager.java:register(266)) - Registered Data node : 540a2827-7fc9-4198-8052-28e0673e188a{ip: 192.168.34.20, host: pr-hdds-2018-8nzjn-2890084760, networkLocation: /default-rack, certSerialId: null}
2019-09-03 19:44:17,604 [pool-429-thread-1] INFO  storage.RaftStorage (RaftStorage.java:format(72)) - Storage directory /workdir/hadoop-ozone/integration-test/target/test-dir/MiniOzoneClusterImpl-93e4c667-a4e3-48cf-a9ad-b2b6e5195dda/datanode-2/data/ratis/b6613bfd-db40-4bc1-8367-bb9b692cd120 has been successfully formatted.
2019-09-03 19:44:17,604 [pool-409-thread-1] INFO  storage.RaftStorage (RaftStorage.java:format(72)) - Storage directory /workdir/hadoop-ozone/integration-test/target/test-dir/MiniOzoneClusterImpl-93e4c667-a4e3-48cf-a9ad-b2b6e5195dda/datanode-0/data/ratis/b6613bfd-db40-4bc1-8367-bb9b692cd120 has been successfully formatted.
2019-09-03 19:44:17,604 [pool-419-thread-1] INFO  storage.RaftStorage (RaftStorage.java:format(72)) - Storage directory /workdir/hadoop-ozone/integration-test/target/test-dir/MiniOzoneClusterImpl-93e4c667-a4e3-48cf-a9ad-b2b6e5195dda/datanode-1/data/ratis/b6613bfd-db40-4bc1-8367-bb9b692cd120 has been successfully formatted.
2019-09-03 19:44:17,604 [pool-409-thread-1] INFO  ratis.ContainerStateMachine (ContainerStateMachine.java:loadSnapshot(227)) - group-BB9B692CD120: The snapshot info is null. Setting the last applied indexto:(t:0, i:~)
2019-09-03 19:44:17,604 [pool-419-thread-1] INFO  ratis.ContainerStateMachine (ContainerStateMachine.java:loadSnapshot(227)) - group-BB9B692CD120: The snapshot info is null. Setting the last applied indexto:(t:0, i:~)
2019-09-03 19:44:17,605 [pool-429-thread-1] INFO  ratis.ContainerStateMachine (ContainerStateMachine.java:loadSnapshot(227)) - group-BB9B692CD120: The snapshot info is null. Setting the last applied indexto:(t:0, i:~)
2019-09-03 19:44:17,604 [pool-409-thread-1] INFO  server.RaftServerConfigKeys (ConfUtils.java:logGet(43)) - raft.server.leader.election.timeout = 120s (custom)
2019-09-03 19:44:17,605 [pool-429-thread-1] INFO  server.RaftServerConfigKeys (ConfUtils.java:logGet(43)) - raft.server.leader.election.timeout = 120s (custom)
2019-09-03 19:44:17,605 [pool-419-thread-1] INFO  server.RaftServerConfigKeys (ConfUtils.java:logGet(43)) - raft.server.leader.election.timeout = 120s (custom)
2019-09-03 19:44:17,605 [pool-429-thread-1] INFO  server.RaftServerConfigKeys (ConfUtils.java:logGet(43)) - raft.server.log.use.memory = false (default)
2019-09-03 19:44:17,605 [pool-409-thread-1] INFO  server.RaftServerConfigKeys (ConfUtils.java:logGet(43)) - raft.server.log.use.memory = false (default)
2019-09-03 19:44:17,605 [pool-429-thread-1] INFO  server.RaftServerConfigKeys (ConfUtils.java:logGet(43)) - raft.server.log.purge.gap = 1000000 (custom)
2019-09-03 19:44:17,605 [pool-419-thread-1] INFO  server.RaftServerConfigKeys (ConfUtils.java:logGet(43)) - raft.server.log.use.memory = false (default)
2019-09-03 19:44:17,606 [pool-429-thread-1] INFO  server.RaftServerConfigKeys (ConfUtils.java:logGet(43)) - raft.server.log.appender.buffer.byte-limit = 33554432 (custom)
2019-09-03 19:44:17,605 [pool-409-thread-1] INFO  server.RaftServerConfigKeys (ConfUtils.java:logGet(43)) - raft.server.log.purge.gap = 1000000 (custom)
2019-09-03 19:44:17,606 [pool-429-thread-1] INFO  server.RaftServerConfigKeys (ConfUtils.java:logGet(43)) - raft.server.log.segment.size.max = 1048576 (custom)
2019-09-03 19:44:17,606 [pool-419-thread-1] INFO  server.RaftServerConfigKeys (ConfUtils.java:logGet(43)) - raft.server.log.purge.gap = 1000000 (custom)
2019-09-03 19:44:17,606 [pool-429-thread-1] INFO  server.RaftServerConfigKeys (ConfUtils.java:logGet(43)) - raft.server.log.segment.cache.num.max = 2 (custom)
2019-09-03 19:44:17,606 [pool-409-thread-1] INFO  server.RaftServerConfigKeys (ConfUtils.java:logGet(43)) - raft.server.log.appender.buffer.byte-limit = 33554432 (custom)
2019-09-03 19:44:17,607 [pool-429-thread-1] INFO  segmented.SegmentedRaftLogWorker (SegmentedRaftLogWorker.java:<init>(172)) - new ecbfe45e-9fdf-4f4a-9146-cd504af0c997-SegmentedRaftLogWorker:Storage Directory /workdir/hadoop-ozone/integration-test/target/test-dir/MiniOzoneClusterImpl-93e4c667-a4e3-48cf-a9ad-b2b6e5195dda/datanode-2/data/ratis/b6613bfd-db40-4bc1-8367-bb9b692cd120 for RaftStorage:Storage Directory /workdir/hadoop-ozone/integration-test/target/test-dir/MiniOzoneClusterImpl-93e4c667-a4e3-48cf-a9ad-b2b6e5195dda/datanode-2/data/ratis/b6613bfd-db40-4bc1-8367-bb9b692cd120
2019-09-03 19:44:17,606 [pool-419-thread-1] INFO  server.RaftServerConfigKeys (ConfUtils.java:logGet(43)) - raft.server.log.appender.buffer.byte-limit = 33554432 (custom)
2019-09-03 19:44:17,607 [pool-429-thread-1] INFO  server.RaftServerConfigKeys (ConfUtils.java:logGet(43)) - raft.server.log.queue.byte-limit = 2147483647 (custom)
2019-09-03 19:44:17,607 [pool-409-thread-1] INFO  server.RaftServerConfigKeys (ConfUtils.java:logGet(43)) - raft.server.log.segment.size.max = 1048576 (custom)
2019-09-03 19:44:17,607 [pool-429-thread-1] INFO  server.RaftServerConfigKeys (ConfUtils.java:logGet(43)) - raft.server.log.queue.element-limit = 1024 (custom)
2019-09-03 19:44:17,607 [pool-419-thread-1] INFO  server.RaftServerConfigKeys (ConfUtils.java:logGet(43)) - raft.server.log.segment.size.max = 1048576 (custom)
2019-09-03 19:44:17,607 [pool-429-thread-1] INFO  server.RaftServerConfigKeys (ConfUtils.java:logGet(43)) - raft.server.log.segment.size.max = 1048576 (custom)
2019-09-03 19:44:17,608 [pool-429-thread-1] INFO  server.RaftServerConfigKeys (ConfUtils.java:logGet(43)) - raft.server.log.preallocated.size = 16384 (custom)
2019-09-03 19:44:17,607 [pool-409-thread-1] INFO  server.RaftServerConfigKeys (ConfUtils.java:logGet(43)) - raft.server.log.segment.cache.num.max = 2 (custom)
2019-09-03 19:44:17,608 [pool-429-thread-1] INFO  server.RaftServerConfigKeys (ConfUtils.java:logGet(43)) - raft.server.log.write.buffer.size = 33554432 (custom)
2019-09-03 19:44:17,608 [pool-419-thread-1] INFO  server.RaftServerConfigKeys (ConfUtils.java:logGet(43)) - raft.server.log.segment.cache.num.max = 2 (custom)
2019-09-03 19:44:17,608 [pool-429-thread-1] INFO  server.RaftServerConfigKeys (ConfUtils.java:logGet(43)) - raft.server.log.force.sync.num = 128 (default)
2019-09-03 19:44:17,608 [pool-409-thread-1] INFO  segmented.SegmentedRaftLogWorker (SegmentedRaftLogWorker.java:<init>(172)) - new 7579200a-e651-42c1-a300-5865ac4d1a81-SegmentedRaftLogWorker:Storage Directory /workdir/hadoop-ozone/integration-test/target/test-dir/MiniOzoneClusterImpl-93e4c667-a4e3-48cf-a9ad-b2b6e5195dda/datanode-0/data/ratis/b6613bfd-db40-4bc1-8367-bb9b692cd120 for RaftStorage:Storage Directory /workdir/hadoop-ozone/integration-test/target/test-dir/MiniOzoneClusterImpl-93e4c667-a4e3-48cf-a9ad-b2b6e5195dda/datanode-0/data/ratis/b6613bfd-db40-4bc1-8367-bb9b692cd120
2019-09-03 19:44:17,609 [pool-429-thread-1] INFO  server.RaftServerConfigKeys (ConfUtils.java:logGet(43)) - raft.server.log.statemachine.data.sync = true (default)
2019-09-03 19:44:17,608 [pool-419-thread-1] INFO  segmented.SegmentedRaftLogWorker (SegmentedRaftLogWorker.java:<init>(172)) - new 4cb224ee-0f9f-46ee-af6c-a1bf099b7db7-SegmentedRaftLogWorker:Storage Directory /workdir/hadoop-ozone/integration-test/target/test-dir/MiniOzoneClusterImpl-93e4c667-a4e3-48cf-a9ad-b2b6e5195dda/datanode-1/data/ratis/b6613bfd-db40-4bc1-8367-bb9b692cd120 for RaftStorage:Storage Directory /workdir/hadoop-ozone/integration-test/target/test-dir/MiniOzoneClusterImpl-93e4c667-a4e3-48cf-a9ad-b2b6e5195dda/datanode-1/data/ratis/b6613bfd-db40-4bc1-8367-bb9b692cd120
2019-09-03 19:44:17,609 [pool-429-thread-1] INFO  server.RaftServerConfigKeys (ConfUtils.java:logGet(43)) - raft.server.log.statemachine.data.sync.timeout = 10s (default)
2019-09-03 19:44:17,609 [pool-409-thread-1] INFO  server.RaftServerConfigKeys (ConfUtils.java:logGet(43)) - raft.server.log.queue.byte-limit = 2147483647 (custom)
2019-09-03 19:44:17,609 [pool-429-thread-1] INFO  server.RaftServerConfigKeys (ConfUtils.java:logGet(43)) - raft.server.log.statemachine.data.sync.timeout.retry = -1 (default)
2019-09-03 19:44:17,609 [pool-419-thread-1] INFO  server.RaftServerConfigKeys (ConfUtils.java:logGet(43)) - raft.server.log.queue.byte-limit = 2147483647 (custom)
2019-09-03 19:44:17,610 [pool-429-thread-1] INFO  server.RaftServerConfigKeys (ConfUtils.java:logGet(43)) - raft.server.log.statemachine.data.caching.enabled = true (custom)
2019-09-03 19:44:17,609 [pool-409-thread-1] INFO  server.RaftServerConfigKeys (ConfUtils.java:logGet(43)) - raft.server.log.queue.element-limit = 1024 (custom)
2019-09-03 19:44:17,610 [pool-419-thread-1] INFO  server.RaftServerConfigKeys (ConfUtils.java:logGet(43)) - raft.server.log.queue.element-limit = 1024 (custom)
2019-09-03 19:44:17,610 [pool-409-thread-1] INFO  server.RaftServerConfigKeys (ConfUtils.java:logGet(43)) - raft.server.log.segment.size.max = 1048576 (custom)
2019-09-03 19:44:17,610 [pool-409-thread-1] INFO  server.RaftServerConfigKeys (ConfUtils.java:logGet(43)) - raft.server.log.preallocated.size = 16384 (custom)
2019-09-03 19:44:17,610 [pool-429-thread-1] INFO  segmented.SegmentedRaftLogWorker (SegmentedRaftLogWorker.java:lambda$new$0(132)) - ecbfe45e-9fdf-4f4a-9146-cd504af0c997-SegmentedRaftLogWorker:Storage Directory /workdir/hadoop-ozone/integration-test/target/test-dir/MiniOzoneClusterImpl-93e4c667-a4e3-48cf-a9ad-b2b6e5195dda/datanode-2/data/ratis/b6613bfd-db40-4bc1-8367-bb9b692cd120: flushIndex: setUnconditionally 0 -> -1
2019-09-03 19:44:17,611 [pool-409-thread-1] INFO  server.RaftServerConfigKeys (ConfUtils.java:logGet(43)) - raft.server.log.write.buffer.size = 33554432 (custom)
2019-09-03 19:44:17,610 [pool-419-thread-1] INFO  server.RaftServerConfigKeys (ConfUtils.java:logGet(43)) - raft.server.log.segment.size.max = 1048576 (custom)
2019-09-03 19:44:17,611 [pool-429-thread-1] INFO  server.RaftServerConfigKeys (ConfUtils.java:logGet(43)) - raft.server.snapshot.auto.trigger.enabled = true (custom)
2019-09-03 19:44:17,611 [pool-409-thread-1] INFO  server.RaftServerConfigKeys (ConfUtils.java:logGet(43)) - raft.server.log.force.sync.num = 128 (default)
2019-09-03 19:44:17,611 [pool-429-thread-1] INFO  server.RaftServerConfigKeys (ConfUtils.java:logGet(43)) - raft.server.snapshot.auto.trigger.threshold = 10000 (custom)
2019-09-03 19:44:17,611 [pool-419-thread-1] INFO  server.RaftServerConfigKeys (ConfUtils.java:logGet(43)) - raft.server.log.preallocated.size = 16384 (custom)
2019-09-03 19:44:17,612 [pool-429-thread-1] INFO  server.RaftServerConfigKeys (ConfUtils.java:logGet(43)) - raft.server.retrycache.expirytime = 600000ms (custom)
2019-09-03 19:44:17,611 [pool-409-thread-1] INFO  server.RaftServerConfigKeys (ConfUtils.java:logGet(43)) - raft.server.log.statemachine.data.sync = true (default)
2019-09-03 19:44:17,612 [pool-429-thread-1] INFO  impl.RaftServerImpl (RaftServerImpl.java:start(180)) - ecbfe45e-9fdf-4f4a-9146-cd504af0c997: start group-BB9B692CD120
2019-09-03 19:44:17,612 [pool-419-thread-1] INFO  server.RaftServerConfigKeys (ConfUtils.java:logGet(43)) - raft.server.log.write.buffer.size = 33554432 (custom)
2019-09-03 19:44:17,612 [pool-429-thread-1] INFO  impl.RaftServerImpl (RaftServerImpl.java:setRole(171)) - ecbfe45e-9fdf-4f4a-9146-cd504af0c997:group-BB9B692CD120 changes role from null to FOLLOWER at term 0 for startAsFollower
2019-09-03 19:44:17,612 [pool-409-thread-1] INFO  server.RaftServerConfigKeys (ConfUtils.java:logGet(43)) - raft.server.log.statemachine.data.sync.timeout = 10s (default)
2019-09-03 19:44:17,612 [pool-429-thread-1] INFO  impl.RoleInfo (RoleInfo.java:updateAndGet(143)) - ecbfe45e-9fdf-4f4a-9146-cd504af0c997: start FollowerState
2019-09-03 19:44:17,612 [pool-419-thread-1] INFO  server.RaftServerConfigKeys (ConfUtils.java:logGet(43)) - raft.server.log.force.sync.num = 128 (default)
2019-09-03 19:44:17,613 [pool-409-thread-1] INFO  server.RaftServerConfigKeys (ConfUtils.java:logGet(43)) - raft.server.log.statemachine.data.sync.timeout.retry = -1 (default)
2019-09-03 19:44:17,623 [pool-429-thread-1] INFO  util.JmxRegister (JmxRegister.java:tryRegister(44)) - Successfully registered JMX Bean with object name Ratis:service=RaftServer,group=group-BB9B692CD120,id=ecbfe45e-9fdf-4f4a-9146-cd504af0c997
2019-09-03 19:44:17,613 [pool-419-thread-1] INFO  server.RaftServerConfigKeys (ConfUtils.java:logGet(43)) - raft.server.log.statemachine.data.sync = true (default)
2019-09-03 19:44:17,623 [pool-409-thread-1] INFO  server.RaftServerConfigKeys (ConfUtils.java:logGet(43)) - raft.server.log.statemachine.data.caching.enabled = true (custom)
2019-09-03 19:44:17,624 [pool-419-thread-1] INFO  server.RaftServerConfigKeys (ConfUtils.java:logGet(43)) - raft.server.log.statemachine.data.sync.timeout = 10s (default)
2019-09-03 19:44:17,631 [pool-419-thread-1] INFO  server.RaftServerConfigKeys (ConfUtils.java:logGet(43)) - raft.server.log.statemachine.data.sync.timeout.retry = -1 (default)
2019-09-03 19:44:17,631 [pool-409-thread-1] INFO  segmented.SegmentedRaftLogWorker (SegmentedRaftLogWorker.java:lambda$new$0(132)) - 7579200a-e651-42c1-a300-5865ac4d1a81-SegmentedRaftLogWorker:Storage Directory /workdir/hadoop-ozone/integration-test/target/test-dir/MiniOzoneClusterImpl-93e4c667-a4e3-48cf-a9ad-b2b6e5195dda/datanode-0/data/ratis/b6613bfd-db40-4bc1-8367-bb9b692cd120: flushIndex: setUnconditionally 0 -> -1
2019-09-03 19:44:17,631 [pool-419-thread-1] INFO  server.RaftServerConfigKeys (ConfUtils.java:logGet(43)) - raft.server.log.statemachine.data.caching.enabled = true (custom)
2019-09-03 19:44:17,634 [pool-409-thread-1] INFO  server.RaftServerConfigKeys (ConfUtils.java:logGet(43)) - raft.server.snapshot.auto.trigger.enabled = true (custom)
2019-09-03 19:44:17,634 [pool-419-thread-1] INFO  segmented.SegmentedRaftLogWorker (SegmentedRaftLogWorker.java:lambda$new$0(132)) - 4cb224ee-0f9f-46ee-af6c-a1bf099b7db7-SegmentedRaftLogWorker:Storage Directory /workdir/hadoop-ozone/integration-test/target/test-dir/MiniOzoneClusterImpl-93e4c667-a4e3-48cf-a9ad-b2b6e5195dda/datanode-1/data/ratis/b6613bfd-db40-4bc1-8367-bb9b692cd120: flushIndex: setUnconditionally 0 -> -1
2019-09-03 19:44:17,634 [pool-409-thread-1] INFO  server.RaftServerConfigKeys (ConfUtils.java:logGet(43)) - raft.server.snapshot.auto.trigger.threshold = 10000 (custom)
2019-09-03 19:44:17,635 [pool-409-thread-1] INFO  server.RaftServerConfigKeys (ConfUtils.java:logGet(43)) - raft.server.retrycache.expirytime = 600000ms (custom)
2019-09-03 19:44:17,635 [pool-419-thread-1] INFO  server.RaftServerConfigKeys (ConfUtils.java:logGet(43)) - raft.server.snapshot.auto.trigger.enabled = true (custom)
2019-09-03 19:44:17,635 [pool-409-thread-1] INFO  impl.RaftServerImpl (RaftServerImpl.java:start(180)) - 7579200a-e651-42c1-a300-5865ac4d1a81: start group-BB9B692CD120
2019-09-03 19:44:17,635 [pool-419-thread-1] INFO  server.RaftServerConfigKeys (ConfUtils.java:logGet(43)) - raft.server.snapshot.auto.trigger.threshold = 10000 (custom)
2019-09-03 19:44:17,635 [pool-409-thread-1] INFO  impl.RaftServerImpl (RaftServerImpl.java:setRole(171)) - 7579200a-e651-42c1-a300-5865ac4d1a81:group-BB9B692CD120 changes role from null to FOLLOWER at term 0 for startAsFollower
2019-09-03 19:44:17,635 [pool-419-thread-1] INFO  server.RaftServerConfigKeys (ConfUtils.java:logGet(43)) - raft.server.retrycache.expirytime = 600000ms (custom)
2019-09-03 19:44:17,635 [pool-409-thread-1] INFO  impl.RoleInfo (RoleInfo.java:updateAndGet(143)) - 7579200a-e651-42c1-a300-5865ac4d1a81: start FollowerState
2019-09-03 19:44:17,636 [pool-419-thread-1] INFO  impl.RaftServerImpl (RaftServerImpl.java:start(180)) - 4cb224ee-0f9f-46ee-af6c-a1bf099b7db7: start group-BB9B692CD120
2019-09-03 19:44:17,636 [pool-419-thread-1] INFO  impl.RaftServerImpl (RaftServerImpl.java:setRole(171)) - 4cb224ee-0f9f-46ee-af6c-a1bf099b7db7:group-BB9B692CD120 changes role from null to FOLLOWER at term 0 for startAsFollower
2019-09-03 19:44:17,636 [pool-419-thread-1] INFO  impl.RoleInfo (RoleInfo.java:updateAndGet(143)) - 4cb224ee-0f9f-46ee-af6c-a1bf099b7db7: start FollowerState
2019-09-03 19:44:17,636 [pool-409-thread-1] INFO  util.JmxRegister (JmxRegister.java:tryRegister(44)) - Successfully registered JMX Bean with object name Ratis:service=RaftServer,group=group-BB9B692CD120,id=7579200a-e651-42c1-a300-5865ac4d1a81
2019-09-03 19:44:17,636 [pool-419-thread-1] INFO  util.JmxRegister (JmxRegister.java:tryRegister(44)) - Successfully registered JMX Bean with object name Ratis:service=RaftServer,group=group-BB9B692CD120,id=4cb224ee-0f9f-46ee-af6c-a1bf099b7db7
2019-09-03 19:44:17,641 [RatisPipelineUtilsThread] INFO  pipeline.PipelineStateManager (PipelineStateManager.java:addPipeline(56)) - Created pipeline Pipeline[ Id: b6613bfd-db40-4bc1-8367-bb9b692cd120, Nodes: 4cb224ee-0f9f-46ee-af6c-a1bf099b7db7{ip: 192.168.34.20, host: pr-hdds-2018-8nzjn-2890084760, networkLocation: /default-rack, certSerialId: null}ecbfe45e-9fdf-4f4a-9146-cd504af0c997{ip: 192.168.34.20, host: pr-hdds-2018-8nzjn-2890084760, networkLocation: /default-rack, certSerialId: null}7579200a-e651-42c1-a300-5865ac4d1a81{ip: 192.168.34.20, host: pr-hdds-2018-8nzjn-2890084760, networkLocation: /default-rack, certSerialId: null}, Type:RATIS, Factor:THREE, State:OPEN]
2019-09-03 19:44:17,663 [IPC Server handler 0 on 36916] INFO  net.NetworkTopology (NetworkTopologyImpl.java:add(110)) - Added a new node: /default-rack/81f8abc1-4fac-4722-94b1-c50c0e4cf17c
2019-09-03 19:44:17,664 [IPC Server handler 0 on 36916] INFO  node.SCMNodeManager (SCMNodeManager.java:register(266)) - Registered Data node : 81f8abc1-4fac-4722-94b1-c50c0e4cf17c{ip: 192.168.34.20, host: pr-hdds-2018-8nzjn-2890084760, networkLocation: /default-rack, certSerialId: null}
2019-09-03 19:44:17,680 [grpc-default-executor-7] INFO  impl.RaftServerProxy (RaftServerProxy.java:addNew(89)) - 540a2827-7fc9-4198-8052-28e0673e188a: addNew group-483B831051C9:[540a2827-7fc9-4198-8052-28e0673e188a:192.168.34.20:43460] returns group-483B831051C9:java.util.concurrent.CompletableFuture@41c91142[Not completed]
2019-09-03 19:44:17,681 [pool-449-thread-1] INFO  impl.RaftServerImpl (RaftServerImpl.java:<init>(93)) - 540a2827-7fc9-4198-8052-28e0673e188a: new RaftServerImpl for group-483B831051C9:[540a2827-7fc9-4198-8052-28e0673e188a:192.168.34.20:43460] with ContainerStateMachine:uninitialized
2019-09-03 19:44:17,682 [pool-449-thread-1] INFO  server.RaftServerConfigKeys (ConfUtils.java:logGet(43)) - raft.server.rpc.timeout.min = 5s (custom)
2019-09-03 19:44:17,682 [pool-449-thread-1] INFO  server.RaftServerConfigKeys (ConfUtils.java:logGet(43)) - raft.server.rpc.timeout.max = 5200ms (custom)
2019-09-03 19:44:17,682 [pool-449-thread-1] INFO  server.RaftServerConfigKeys (ConfUtils.java:logGet(43)) - raft.server.rpcslowness.timeout = 120s (custom)
2019-09-03 19:44:17,682 [pool-449-thread-1] INFO  server.RaftServerConfigKeys (ConfUtils.java:logGet(43)) - raft.server.sleep.deviation.threshold = 300 (default)
2019-09-03 19:44:17,682 [pool-449-thread-1] INFO  server.RaftServerConfigKeys (ConfUtils.java:logGet(43)) - raft.server.log.appender.install.snapshot.enabled = false (custom)
2019-09-03 19:44:17,682 [pool-449-thread-1] INFO  impl.RaftServerImpl (ServerState.java:<init>(105)) - 540a2827-7fc9-4198-8052-28e0673e188a:group-483B831051C9 ConfigurationManager, init=-1: [540a2827-7fc9-4198-8052-28e0673e188a:192.168.34.20:43460], old=null, confs=<EMPTY_MAP>
2019-09-03 19:44:17,683 [pool-449-thread-1] INFO  server.RaftServerConfigKeys (ConfUtils.java:logGet(43)) - raft.server.storage.dir = [/workdir/hadoop-ozone/integration-test/target/test-dir/MiniOzoneClusterImpl-93e4c667-a4e3-48cf-a9ad-b2b6e5195dda/datanode-4/data/ratis] (custom)
2019-09-03 19:44:17,683 [pool-449-thread-1] INFO  storage.RaftStorageDirectory (RaftStorageDirectory.java:analyzeStorage(246)) - The storage directory /workdir/hadoop-ozone/integration-test/target/test-dir/MiniOzoneClusterImpl-93e4c667-a4e3-48cf-a9ad-b2b6e5195dda/datanode-4/data/ratis/f74d7534-9ba4-4f5f-ae97-483b831051c9 does not exist. Creating ...
2019-09-03 19:44:17,696 [pool-449-thread-1] INFO  storage.RaftStorageDirectory (RaftStorageDirectory.java:tryLock(328)) - Lock on /workdir/hadoop-ozone/integration-test/target/test-dir/MiniOzoneClusterImpl-93e4c667-a4e3-48cf-a9ad-b2b6e5195dda/datanode-4/data/ratis/f74d7534-9ba4-4f5f-ae97-483b831051c9/in_use.lock acquired by nodename 2670@pr-hdds-2018-8nzjn-2890084760
2019-09-03 19:44:17,699 [pool-449-thread-1] INFO  storage.RaftStorage (RaftStorage.java:format(72)) - Storage directory /workdir/hadoop-ozone/integration-test/target/test-dir/MiniOzoneClusterImpl-93e4c667-a4e3-48cf-a9ad-b2b6e5195dda/datanode-4/data/ratis/f74d7534-9ba4-4f5f-ae97-483b831051c9 has been successfully formatted.
2019-09-03 19:44:17,699 [pool-449-thread-1] INFO  ratis.ContainerStateMachine (ContainerStateMachine.java:loadSnapshot(227)) - group-483B831051C9: The snapshot info is null. Setting the last applied indexto:(t:0, i:~)
2019-09-03 19:44:17,699 [pool-449-thread-1] INFO  server.RaftServerConfigKeys (ConfUtils.java:logGet(43)) - raft.server.leader.election.timeout = 120s (custom)
2019-09-03 19:44:17,699 [pool-449-thread-1] INFO  server.RaftServerConfigKeys (ConfUtils.java:logGet(43)) - raft.server.log.use.memory = false (default)
2019-09-03 19:44:17,699 [pool-449-thread-1] INFO  server.RaftServerConfigKeys (ConfUtils.java:logGet(43)) - raft.server.log.purge.gap = 1000000 (custom)
2019-09-03 19:44:17,700 [pool-449-thread-1] INFO  server.RaftServerConfigKeys (ConfUtils.java:logGet(43)) - raft.server.log.appender.buffer.byte-limit = 33554432 (custom)
2019-09-03 19:44:17,700 [pool-449-thread-1] INFO  server.RaftServerConfigKeys (ConfUtils.java:logGet(43)) - raft.server.log.segment.size.max = 1048576 (custom)
2019-09-03 19:44:17,700 [pool-449-thread-1] INFO  server.RaftServerConfigKeys (ConfUtils.java:logGet(43)) - raft.server.log.segment.cache.num.max = 2 (custom)
2019-09-03 19:44:17,700 [pool-449-thread-1] INFO  segmented.SegmentedRaftLogWorker (SegmentedRaftLogWorker.java:<init>(172)) - new 540a2827-7fc9-4198-8052-28e0673e188a-SegmentedRaftLogWorker:Storage Directory /workdir/hadoop-ozone/integration-test/target/test-dir/MiniOzoneClusterImpl-93e4c667-a4e3-48cf-a9ad-b2b6e5195dda/datanode-4/data/ratis/f74d7534-9ba4-4f5f-ae97-483b831051c9 for RaftStorage:Storage Directory /workdir/hadoop-ozone/integration-test/target/test-dir/MiniOzoneClusterImpl-93e4c667-a4e3-48cf-a9ad-b2b6e5195dda/datanode-4/data/ratis/f74d7534-9ba4-4f5f-ae97-483b831051c9
2019-09-03 19:44:17,700 [pool-449-thread-1] INFO  server.RaftServerConfigKeys (ConfUtils.java:logGet(43)) - raft.server.log.queue.byte-limit = 2147483647 (custom)
2019-09-03 19:44:17,700 [pool-449-thread-1] INFO  server.RaftServerConfigKeys (ConfUtils.java:logGet(43)) - raft.server.log.queue.element-limit = 1024 (custom)
2019-09-03 19:44:17,701 [pool-449-thread-1] INFO  server.RaftServerConfigKeys (ConfUtils.java:logGet(43)) - raft.server.log.segment.size.max = 1048576 (custom)
2019-09-03 19:44:17,701 [pool-449-thread-1] INFO  server.RaftServerConfigKeys (ConfUtils.java:logGet(43)) - raft.server.log.preallocated.size = 16384 (custom)
2019-09-03 19:44:17,701 [pool-449-thread-1] INFO  server.RaftServerConfigKeys (ConfUtils.java:logGet(43)) - raft.server.log.write.buffer.size = 33554432 (custom)
2019-09-03 19:44:17,701 [pool-449-thread-1] INFO  server.RaftServerConfigKeys (ConfUtils.java:logGet(43)) - raft.server.log.force.sync.num = 128 (default)
2019-09-03 19:44:17,701 [pool-449-thread-1] INFO  server.RaftServerConfigKeys (ConfUtils.java:logGet(43)) - raft.server.log.statemachine.data.sync = true (default)
2019-09-03 19:44:17,701 [pool-449-thread-1] INFO  server.RaftServerConfigKeys (ConfUtils.java:logGet(43)) - raft.server.log.statemachine.data.sync.timeout = 10s (default)
2019-09-03 19:44:17,701 [pool-449-thread-1] INFO  server.RaftServerConfigKeys (ConfUtils.java:logGet(43)) - raft.server.log.statemachine.data.sync.timeout.retry = -1 (default)
2019-09-03 19:44:17,702 [pool-449-thread-1] INFO  server.RaftServerConfigKeys (ConfUtils.java:logGet(43)) - raft.server.log.statemachine.data.caching.enabled = true (custom)
2019-09-03 19:44:17,702 [pool-449-thread-1] INFO  segmented.SegmentedRaftLogWorker (SegmentedRaftLogWorker.java:lambda$new$0(132)) - 540a2827-7fc9-4198-8052-28e0673e188a-SegmentedRaftLogWorker:Storage Directory /workdir/hadoop-ozone/integration-test/target/test-dir/MiniOzoneClusterImpl-93e4c667-a4e3-48cf-a9ad-b2b6e5195dda/datanode-4/data/ratis/f74d7534-9ba4-4f5f-ae97-483b831051c9: flushIndex: setUnconditionally 0 -> -1
2019-09-03 19:44:17,702 [pool-449-thread-1] INFO  server.RaftServerConfigKeys (ConfUtils.java:logGet(43)) - raft.server.snapshot.auto.trigger.enabled = true (custom)
2019-09-03 19:44:17,702 [pool-449-thread-1] INFO  server.RaftServerConfigKeys (ConfUtils.java:logGet(43)) - raft.server.snapshot.auto.trigger.threshold = 10000 (custom)
2019-09-03 19:44:17,703 [pool-449-thread-1] INFO  server.RaftServerConfigKeys (ConfUtils.java:logGet(43)) - raft.server.retrycache.expirytime = 600000ms (custom)
2019-09-03 19:44:17,703 [pool-449-thread-1] INFO  impl.RaftServerImpl (RaftServerImpl.java:start(180)) - 540a2827-7fc9-4198-8052-28e0673e188a: start group-483B831051C9
2019-09-03 19:44:17,703 [pool-449-thread-1] INFO  impl.RaftServerImpl (RaftServerImpl.java:setRole(171)) - 540a2827-7fc9-4198-8052-28e0673e188a:group-483B831051C9 changes role from null to FOLLOWER at term 0 for startAsFollower
2019-09-03 19:44:17,703 [pool-449-thread-1] INFO  impl.RoleInfo (RoleInfo.java:updateAndGet(143)) - 540a2827-7fc9-4198-8052-28e0673e188a: start FollowerState
2019-09-03 19:44:17,703 [pool-449-thread-1] INFO  util.JmxRegister (JmxRegister.java:tryRegister(44)) - Successfully registered JMX Bean with object name Ratis:service=RaftServer,group=group-483B831051C9,id=540a2827-7fc9-4198-8052-28e0673e188a
2019-09-03 19:44:17,707 [RatisPipelineUtilsThread] INFO  pipeline.PipelineStateManager (PipelineStateManager.java:addPipeline(56)) - Created pipeline Pipeline[ Id: f74d7534-9ba4-4f5f-ae97-483b831051c9, Nodes: 540a2827-7fc9-4198-8052-28e0673e188a{ip: 192.168.34.20, host: pr-hdds-2018-8nzjn-2890084760, networkLocation: /default-rack, certSerialId: null}, Type:RATIS, Factor:ONE, State:OPEN]
2019-09-03 19:44:17,715 [grpc-default-executor-7] INFO  impl.RaftServerProxy (RaftServerProxy.java:addNew(89)) - 81f8abc1-4fac-4722-94b1-c50c0e4cf17c: addNew group-7743295F522D:[81f8abc1-4fac-4722-94b1-c50c0e4cf17c:192.168.34.20:33967] returns group-7743295F522D:java.util.concurrent.CompletableFuture@556b70f4[Not completed]
2019-09-03 19:44:17,716 [pool-459-thread-1] INFO  impl.RaftServerImpl (RaftServerImpl.java:<init>(93)) - 81f8abc1-4fac-4722-94b1-c50c0e4cf17c: new RaftServerImpl for group-7743295F522D:[81f8abc1-4fac-4722-94b1-c50c0e4cf17c:192.168.34.20:33967] with ContainerStateMachine:uninitialized
2019-09-03 19:44:17,716 [pool-459-thread-1] INFO  server.RaftServerConfigKeys (ConfUtils.java:logGet(43)) - raft.server.rpc.timeout.min = 5s (custom)
2019-09-03 19:44:17,716 [pool-459-thread-1] INFO  server.RaftServerConfigKeys (ConfUtils.java:logGet(43)) - raft.server.rpc.timeout.max = 5200ms (custom)
2019-09-03 19:44:17,717 [pool-459-thread-1] INFO  server.RaftServerConfigKeys (ConfUtils.java:logGet(43)) - raft.server.rpcslowness.timeout = 120s (custom)
2019-09-03 19:44:17,717 [pool-459-thread-1] INFO  server.RaftServerConfigKeys (ConfUtils.java:logGet(43)) - raft.server.sleep.deviation.threshold = 300 (default)
2019-09-03 19:44:17,717 [pool-459-thread-1] INFO  server.RaftServerConfigKeys (ConfUtils.java:logGet(43)) - raft.server.log.appender.install.snapshot.enabled = false (custom)
2019-09-03 19:44:17,717 [pool-459-thread-1] INFO  impl.RaftServerImpl (ServerState.java:<init>(105)) - 81f8abc1-4fac-4722-94b1-c50c0e4cf17c:group-7743295F522D ConfigurationManager, init=-1: [81f8abc1-4fac-4722-94b1-c50c0e4cf17c:192.168.34.20:33967], old=null, confs=<EMPTY_MAP>
2019-09-03 19:44:17,717 [pool-459-thread-1] INFO  server.RaftServerConfigKeys (ConfUtils.java:logGet(43)) - raft.server.storage.dir = [/workdir/hadoop-ozone/integration-test/target/test-dir/MiniOzoneClusterImpl-93e4c667-a4e3-48cf-a9ad-b2b6e5195dda/datanode-5/data/ratis] (custom)
2019-09-03 19:44:17,717 [pool-459-thread-1] INFO  storage.RaftStorageDirectory (RaftStorageDirectory.java:analyzeStorage(246)) - The storage directory /workdir/hadoop-ozone/integration-test/target/test-dir/MiniOzoneClusterImpl-93e4c667-a4e3-48cf-a9ad-b2b6e5195dda/datanode-5/data/ratis/3646ca36-34d0-4ffa-9745-7743295f522d does not exist. Creating ...
2019-09-03 19:44:17,721 [IPC Server handler 1 on 36916] INFO  net.NetworkTopology (NetworkTopologyImpl.java:add(110)) - Added a new node: /default-rack/18cb8b51-24c0-4f4d-8227-db849c3449ea
2019-09-03 19:44:17,721 [IPC Server handler 1 on 36916] INFO  node.SCMNodeManager (SCMNodeManager.java:register(266)) - Registered Data node : 18cb8b51-24c0-4f4d-8227-db849c3449ea{ip: 192.168.34.20, host: pr-hdds-2018-8nzjn-2890084760, networkLocation: /default-rack, certSerialId: null}
2019-09-03 19:44:17,722 [main] INFO  ozone.MiniOzoneClusterImpl (MiniOzoneClusterImpl.java:lambda$waitForClusterToBeReady$0(140)) - Cluster is ready. Got 7 of 7 DN Heartbeats.
2019-09-03 19:44:17,733 [pool-459-thread-1] INFO  storage.RaftStorageDirectory (RaftStorageDirectory.java:tryLock(328)) - Lock on /workdir/hadoop-ozone/integration-test/target/test-dir/MiniOzoneClusterImpl-93e4c667-a4e3-48cf-a9ad-b2b6e5195dda/datanode-5/data/ratis/3646ca36-34d0-4ffa-9745-7743295f522d/in_use.lock acquired by nodename 2670@pr-hdds-2018-8nzjn-2890084760
2019-09-03 19:44:17,745 [pool-459-thread-1] INFO  storage.RaftStorage (RaftStorage.java:format(72)) - Storage directory /workdir/hadoop-ozone/integration-test/target/test-dir/MiniOzoneClusterImpl-93e4c667-a4e3-48cf-a9ad-b2b6e5195dda/datanode-5/data/ratis/3646ca36-34d0-4ffa-9745-7743295f522d has been successfully formatted.
2019-09-03 19:44:17,746 [pool-459-thread-1] INFO  ratis.ContainerStateMachine (ContainerStateMachine.java:loadSnapshot(227)) - group-7743295F522D: The snapshot info is null. Setting the last applied indexto:(t:0, i:~)
2019-09-03 19:44:17,746 [pool-459-thread-1] INFO  server.RaftServerConfigKeys (ConfUtils.java:logGet(43)) - raft.server.leader.election.timeout = 120s (custom)
2019-09-03 19:44:17,746 [pool-459-thread-1] INFO  server.RaftServerConfigKeys (ConfUtils.java:logGet(43)) - raft.server.log.use.memory = false (default)
2019-09-03 19:44:17,746 [pool-459-thread-1] INFO  server.RaftServerConfigKeys (ConfUtils.java:logGet(43)) - raft.server.log.purge.gap = 1000000 (custom)
2019-09-03 19:44:17,746 [pool-459-thread-1] INFO  server.RaftServerConfigKeys (ConfUtils.java:logGet(43)) - raft.server.log.appender.buffer.byte-limit = 33554432 (custom)
2019-09-03 19:44:17,746 [pool-459-thread-1] INFO  server.RaftServerConfigKeys (ConfUtils.java:logGet(43)) - raft.server.log.segment.size.max = 1048576 (custom)
2019-09-03 19:44:17,746 [pool-459-thread-1] INFO  server.RaftServerConfigKeys (ConfUtils.java:logGet(43)) - raft.server.log.segment.cache.num.max = 2 (custom)
2019-09-03 19:44:17,746 [pool-459-thread-1] INFO  segmented.SegmentedRaftLogWorker (SegmentedRaftLogWorker.java:<init>(172)) - new 81f8abc1-4fac-4722-94b1-c50c0e4cf17c-SegmentedRaftLogWorker:Storage Directory /workdir/hadoop-ozone/integration-test/target/test-dir/MiniOzoneClusterImpl-93e4c667-a4e3-48cf-a9ad-b2b6e5195dda/datanode-5/data/ratis/3646ca36-34d0-4ffa-9745-7743295f522d for RaftStorage:Storage Directory /workdir/hadoop-ozone/integration-test/target/test-dir/MiniOzoneClusterImpl-93e4c667-a4e3-48cf-a9ad-b2b6e5195dda/datanode-5/data/ratis/3646ca36-34d0-4ffa-9745-7743295f522d
2019-09-03 19:44:17,746 [pool-459-thread-1] INFO  server.RaftServerConfigKeys (ConfUtils.java:logGet(43)) - raft.server.log.queue.byte-limit = 2147483647 (custom)
2019-09-03 19:44:17,747 [pool-459-thread-1] INFO  server.RaftServerConfigKeys (ConfUtils.java:logGet(43)) - raft.server.log.queue.element-limit = 1024 (custom)
2019-09-03 19:44:17,747 [pool-459-thread-1] INFO  server.RaftServerConfigKeys (ConfUtils.java:logGet(43)) - raft.server.log.segment.size.max = 1048576 (custom)
2019-09-03 19:44:17,747 [pool-459-thread-1] INFO  server.RaftServerConfigKeys (ConfUtils.java:logGet(43)) - raft.server.log.preallocated.size = 16384 (custom)
2019-09-03 19:44:17,747 [pool-459-thread-1] INFO  server.RaftServerConfigKeys (ConfUtils.java:logGet(43)) - raft.server.log.write.buffer.size = 33554432 (custom)
2019-09-03 19:44:17,747 [pool-459-thread-1] INFO  server.RaftServerConfigKeys (ConfUtils.java:logGet(43)) - raft.server.log.force.sync.num = 128 (default)
2019-09-03 19:44:17,747 [pool-459-thread-1] INFO  server.RaftServerConfigKeys (ConfUtils.java:logGet(43)) - raft.server.log.statemachine.data.sync = true (default)
2019-09-03 19:44:17,747 [pool-459-thread-1] INFO  server.RaftServerConfigKeys (ConfUtils.java:logGet(43)) - raft.server.log.statemachine.data.sync.timeout = 10s (default)
2019-09-03 19:44:17,748 [pool-459-thread-1] INFO  server.RaftServerConfigKeys (ConfUtils.java:logGet(43)) - raft.server.log.statemachine.data.sync.timeout.retry = -1 (default)
2019-09-03 19:44:17,748 [pool-459-thread-1] INFO  server.RaftServerConfigKeys (ConfUtils.java:logGet(43)) - raft.server.log.statemachine.data.caching.enabled = true (custom)
2019-09-03 19:44:17,748 [pool-459-thread-1] INFO  segmented.SegmentedRaftLogWorker (SegmentedRaftLogWorker.java:lambda$new$0(132)) - 81f8abc1-4fac-4722-94b1-c50c0e4cf17c-SegmentedRaftLogWorker:Storage Directory /workdir/hadoop-ozone/integration-test/target/test-dir/MiniOzoneClusterImpl-93e4c667-a4e3-48cf-a9ad-b2b6e5195dda/datanode-5/data/ratis/3646ca36-34d0-4ffa-9745-7743295f522d: flushIndex: setUnconditionally 0 -> -1
2019-09-03 19:44:17,748 [pool-459-thread-1] INFO  server.RaftServerConfigKeys (ConfUtils.java:logGet(43)) - raft.server.snapshot.auto.trigger.enabled = true (custom)
2019-09-03 19:44:17,748 [pool-459-thread-1] INFO  server.RaftServerConfigKeys (ConfUtils.java:logGet(43)) - raft.server.snapshot.auto.trigger.threshold = 10000 (custom)
2019-09-03 19:44:17,748 [pool-459-thread-1] INFO  server.RaftServerConfigKeys (ConfUtils.java:logGet(43)) - raft.server.retrycache.expirytime = 600000ms (custom)
2019-09-03 19:44:17,749 [pool-459-thread-1] INFO  impl.RaftServerImpl (RaftServerImpl.java:start(180)) - 81f8abc1-4fac-4722-94b1-c50c0e4cf17c: start group-7743295F522D
2019-09-03 19:44:17,749 [pool-459-thread-1] INFO  impl.RaftServerImpl (RaftServerImpl.java:setRole(171)) - 81f8abc1-4fac-4722-94b1-c50c0e4cf17c:group-7743295F522D changes role from null to FOLLOWER at term 0 for startAsFollower
2019-09-03 19:44:17,749 [main] INFO  rpc.RpcClient (RpcClient.java:createVolume(293)) - Creating Volume: testblockoutputstream, with jenkins1000 as owner.
2019-09-03 19:44:17,749 [pool-459-thread-1] INFO  impl.RoleInfo (RoleInfo.java:updateAndGet(143)) - 81f8abc1-4fac-4722-94b1-c50c0e4cf17c: start FollowerState
2019-09-03 19:44:17,749 [pool-459-thread-1] INFO  util.JmxRegister (JmxRegister.java:tryRegister(44)) - Successfully registered JMX Bean with object name Ratis:service=RaftServer,group=group-7743295F522D,id=81f8abc1-4fac-4722-94b1-c50c0e4cf17c
2019-09-03 19:44:17,753 [RatisPipelineUtilsThread] INFO  pipeline.PipelineStateManager (PipelineStateManager.java:addPipeline(56)) - Created pipeline Pipeline[ Id: 3646ca36-34d0-4ffa-9745-7743295f522d, Nodes: 81f8abc1-4fac-4722-94b1-c50c0e4cf17c{ip: 192.168.34.20, host: pr-hdds-2018-8nzjn-2890084760, networkLocation: /default-rack, certSerialId: null}, Type:RATIS, Factor:ONE, State:OPEN]
2019-09-03 19:44:17,763 [main] INFO  rpc.RpcClient (RpcClient.java:createBucket(432)) - Creating Bucket: testblockoutputstream/testblockoutputstream, with Versioning false and Storage Type set to DISK and Encryption set to false 
2019-09-03 19:44:17,770 [grpc-default-executor-7] INFO  impl.RaftServerProxy (RaftServerProxy.java:addNew(89)) - 18cb8b51-24c0-4f4d-8227-db849c3449ea: addNew group-0E42EB229826:[18cb8b51-24c0-4f4d-8227-db849c3449ea:192.168.34.20:37848] returns group-0E42EB229826:java.util.concurrent.CompletableFuture@4226aac2[Not completed]
2019-09-03 19:44:17,771 [pool-469-thread-1] INFO  impl.RaftServerImpl (RaftServerImpl.java:<init>(93)) - 18cb8b51-24c0-4f4d-8227-db849c3449ea: new RaftServerImpl for group-0E42EB229826:[18cb8b51-24c0-4f4d-8227-db849c3449ea:192.168.34.20:37848] with ContainerStateMachine:uninitialized
2019-09-03 19:44:17,772 [pool-469-thread-1] INFO  server.RaftServerConfigKeys (ConfUtils.java:logGet(43)) - raft.server.rpc.timeout.min = 5s (custom)
2019-09-03 19:44:17,772 [pool-469-thread-1] INFO  server.RaftServerConfigKeys (ConfUtils.java:logGet(43)) - raft.server.rpc.timeout.max = 5200ms (custom)
2019-09-03 19:44:17,772 [pool-469-thread-1] INFO  server.RaftServerConfigKeys (ConfUtils.java:logGet(43)) - raft.server.rpcslowness.timeout = 120s (custom)
2019-09-03 19:44:17,772 [pool-469-thread-1] INFO  server.RaftServerConfigKeys (ConfUtils.java:logGet(43)) - raft.server.sleep.deviation.threshold = 300 (default)
2019-09-03 19:44:17,772 [pool-469-thread-1] INFO  server.RaftServerConfigKeys (ConfUtils.java:logGet(43)) - raft.server.log.appender.install.snapshot.enabled = false (custom)
2019-09-03 19:44:17,772 [pool-469-thread-1] INFO  impl.RaftServerImpl (ServerState.java:<init>(105)) - 18cb8b51-24c0-4f4d-8227-db849c3449ea:group-0E42EB229826 ConfigurationManager, init=-1: [18cb8b51-24c0-4f4d-8227-db849c3449ea:192.168.34.20:37848], old=null, confs=<EMPTY_MAP>
2019-09-03 19:44:17,773 [pool-469-thread-1] INFO  server.RaftServerConfigKeys (ConfUtils.java:logGet(43)) - raft.server.storage.dir = [/workdir/hadoop-ozone/integration-test/target/test-dir/MiniOzoneClusterImpl-93e4c667-a4e3-48cf-a9ad-b2b6e5195dda/datanode-6/data/ratis] (custom)
2019-09-03 19:44:17,773 [pool-469-thread-1] INFO  storage.RaftStorageDirectory (RaftStorageDirectory.java:analyzeStorage(246)) - The storage directory /workdir/hadoop-ozone/integration-test/target/test-dir/MiniOzoneClusterImpl-93e4c667-a4e3-48cf-a9ad-b2b6e5195dda/datanode-6/data/ratis/9c98219b-e5ad-448a-a050-0e42eb229826 does not exist. Creating ...
2019-09-03 19:44:17,798 [pool-469-thread-1] INFO  storage.RaftStorageDirectory (RaftStorageDirectory.java:tryLock(328)) - Lock on /workdir/hadoop-ozone/integration-test/target/test-dir/MiniOzoneClusterImpl-93e4c667-a4e3-48cf-a9ad-b2b6e5195dda/datanode-6/data/ratis/9c98219b-e5ad-448a-a050-0e42eb229826/in_use.lock acquired by nodename 2670@pr-hdds-2018-8nzjn-2890084760
2019-09-03 19:44:17,811 [pool-469-thread-1] INFO  storage.RaftStorage (RaftStorage.java:format(72)) - Storage directory /workdir/hadoop-ozone/integration-test/target/test-dir/MiniOzoneClusterImpl-93e4c667-a4e3-48cf-a9ad-b2b6e5195dda/datanode-6/data/ratis/9c98219b-e5ad-448a-a050-0e42eb229826 has been successfully formatted.
2019-09-03 19:44:17,812 [pool-469-thread-1] INFO  ratis.ContainerStateMachine (ContainerStateMachine.java:loadSnapshot(227)) - group-0E42EB229826: The snapshot info is null. Setting the last applied indexto:(t:0, i:~)
2019-09-03 19:44:17,812 [pool-469-thread-1] INFO  server.RaftServerConfigKeys (ConfUtils.java:logGet(43)) - raft.server.leader.election.timeout = 120s (custom)
2019-09-03 19:44:17,812 [pool-469-thread-1] INFO  server.RaftServerConfigKeys (ConfUtils.java:logGet(43)) - raft.server.log.use.memory = false (default)
2019-09-03 19:44:17,812 [pool-469-thread-1] INFO  server.RaftServerConfigKeys (ConfUtils.java:logGet(43)) - raft.server.log.purge.gap = 1000000 (custom)
2019-09-03 19:44:17,812 [pool-469-thread-1] INFO  server.RaftServerConfigKeys (ConfUtils.java:logGet(43)) - raft.server.log.appender.buffer.byte-limit = 33554432 (custom)
2019-09-03 19:44:17,813 [pool-469-thread-1] INFO  server.RaftServerConfigKeys (ConfUtils.java:logGet(43)) - raft.server.log.segment.size.max = 1048576 (custom)
2019-09-03 19:44:17,813 [pool-469-thread-1] INFO  server.RaftServerConfigKeys (ConfUtils.java:logGet(43)) - raft.server.log.segment.cache.num.max = 2 (custom)
2019-09-03 19:44:17,813 [pool-469-thread-1] INFO  segmented.SegmentedRaftLogWorker (SegmentedRaftLogWorker.java:<init>(172)) - new 18cb8b51-24c0-4f4d-8227-db849c3449ea-SegmentedRaftLogWorker:Storage Directory /workdir/hadoop-ozone/integration-test/target/test-dir/MiniOzoneClusterImpl-93e4c667-a4e3-48cf-a9ad-b2b6e5195dda/datanode-6/data/ratis/9c98219b-e5ad-448a-a050-0e42eb229826 for RaftStorage:Storage Directory /workdir/hadoop-ozone/integration-test/target/test-dir/MiniOzoneClusterImpl-93e4c667-a4e3-48cf-a9ad-b2b6e5195dda/datanode-6/data/ratis/9c98219b-e5ad-448a-a050-0e42eb229826
2019-09-03 19:44:17,813 [pool-469-thread-1] INFO  server.RaftServerConfigKeys (ConfUtils.java:logGet(43)) - raft.server.log.queue.byte-limit = 2147483647 (custom)
2019-09-03 19:44:17,813 [pool-469-thread-1] INFO  server.RaftServerConfigKeys (ConfUtils.java:logGet(43)) - raft.server.log.queue.element-limit = 1024 (custom)
2019-09-03 19:44:17,814 [pool-469-thread-1] INFO  server.RaftServerConfigKeys (ConfUtils.java:logGet(43)) - raft.server.log.segment.size.max = 1048576 (custom)
2019-09-03 19:44:17,814 [pool-469-thread-1] INFO  server.RaftServerConfigKeys (ConfUtils.java:logGet(43)) - raft.server.log.preallocated.size = 16384 (custom)
2019-09-03 19:44:17,814 [pool-469-thread-1] INFO  server.RaftServerConfigKeys (ConfUtils.java:logGet(43)) - raft.server.log.write.buffer.size = 33554432 (custom)
2019-09-03 19:44:17,814 [pool-469-thread-1] INFO  server.RaftServerConfigKeys (ConfUtils.java:logGet(43)) - raft.server.log.force.sync.num = 128 (default)
2019-09-03 19:44:17,814 [pool-469-thread-1] INFO  server.RaftServerConfigKeys (ConfUtils.java:logGet(43)) - raft.server.log.statemachine.data.sync = true (default)
2019-09-03 19:44:17,814 [pool-469-thread-1] INFO  server.RaftServerConfigKeys (ConfUtils.java:logGet(43)) - raft.server.log.statemachine.data.sync.timeout = 10s (default)
2019-09-03 19:44:17,814 [pool-469-thread-1] INFO  server.RaftServerConfigKeys (ConfUtils.java:logGet(43)) - raft.server.log.statemachine.data.sync.timeout.retry = -1 (default)
2019-09-03 19:44:17,815 [pool-469-thread-1] INFO  server.RaftServerConfigKeys (ConfUtils.java:logGet(43)) - raft.server.log.statemachine.data.caching.enabled = true (custom)
2019-09-03 19:44:17,815 [pool-469-thread-1] INFO  segmented.SegmentedRaftLogWorker (SegmentedRaftLogWorker.java:lambda$new$0(132)) - 18cb8b51-24c0-4f4d-8227-db849c3449ea-SegmentedRaftLogWorker:Storage Directory /workdir/hadoop-ozone/integration-test/target/test-dir/MiniOzoneClusterImpl-93e4c667-a4e3-48cf-a9ad-b2b6e5195dda/datanode-6/data/ratis/9c98219b-e5ad-448a-a050-0e42eb229826: flushIndex: setUnconditionally 0 -> -1
2019-09-03 19:44:17,816 [pool-469-thread-1] INFO  server.RaftServerConfigKeys (ConfUtils.java:logGet(43)) - raft.server.snapshot.auto.trigger.enabled = true (custom)
2019-09-03 19:44:17,816 [pool-469-thread-1] INFO  server.RaftServerConfigKeys (ConfUtils.java:logGet(43)) - raft.server.snapshot.auto.trigger.threshold = 10000 (custom)
2019-09-03 19:44:17,816 [pool-469-thread-1] INFO  server.RaftServerConfigKeys (ConfUtils.java:logGet(43)) - raft.server.retrycache.expirytime = 600000ms (custom)
2019-09-03 19:44:17,816 [pool-469-thread-1] INFO  impl.RaftServerImpl (RaftServerImpl.java:start(180)) - 18cb8b51-24c0-4f4d-8227-db849c3449ea: start group-0E42EB229826
2019-09-03 19:44:17,816 [pool-469-thread-1] INFO  impl.RaftServerImpl (RaftServerImpl.java:setRole(171)) - 18cb8b51-24c0-4f4d-8227-db849c3449ea:group-0E42EB229826 changes role from null to FOLLOWER at term 0 for startAsFollower
2019-09-03 19:44:17,816 [pool-469-thread-1] INFO  impl.RoleInfo (RoleInfo.java:updateAndGet(143)) - 18cb8b51-24c0-4f4d-8227-db849c3449ea: start FollowerState
2019-09-03 19:44:17,817 [pool-469-thread-1] INFO  util.JmxRegister (JmxRegister.java:tryRegister(44)) - Successfully registered JMX Bean with object name Ratis:service=RaftServer,group=group-0E42EB229826,id=18cb8b51-24c0-4f4d-8227-db849c3449ea
2019-09-03 19:44:17,821 [RatisPipelineUtilsThread] INFO  pipeline.PipelineStateManager (PipelineStateManager.java:addPipeline(56)) - Created pipeline Pipeline[ Id: 9c98219b-e5ad-448a-a050-0e42eb229826, Nodes: 18cb8b51-24c0-4f4d-8227-db849c3449ea{ip: 192.168.34.20, host: pr-hdds-2018-8nzjn-2890084760, networkLocation: /default-rack, certSerialId: null}, Type:RATIS, Factor:ONE, State:OPEN]
2019-09-03 19:44:17,831 [grpc-default-executor-7] INFO  impl.RaftServerProxy (RaftServerProxy.java:addNew(89)) - cb9005e8-e9c5-41d9-b914-b0d57ae20449: addNew group-06BD20C43968:[cb9005e8-e9c5-41d9-b914-b0d57ae20449:192.168.34.20:44829] returns group-06BD20C43968:java.util.concurrent.CompletableFuture@1d8c7dd3[Not completed]
2019-09-03 19:44:17,833 [pool-439-thread-1] INFO  impl.RaftServerImpl (RaftServerImpl.java:<init>(93)) - cb9005e8-e9c5-41d9-b914-b0d57ae20449: new RaftServerImpl for group-06BD20C43968:[cb9005e8-e9c5-41d9-b914-b0d57ae20449:192.168.34.20:44829] with ContainerStateMachine:uninitialized
2019-09-03 19:44:17,833 [pool-439-thread-1] INFO  server.RaftServerConfigKeys (ConfUtils.java:logGet(43)) - raft.server.rpc.timeout.min = 5s (custom)
2019-09-03 19:44:17,833 [pool-439-thread-1] INFO  server.RaftServerConfigKeys (ConfUtils.java:logGet(43)) - raft.server.rpc.timeout.max = 5200ms (custom)
2019-09-03 19:44:17,833 [pool-439-thread-1] INFO  server.RaftServerConfigKeys (ConfUtils.java:logGet(43)) - raft.server.rpcslowness.timeout = 120s (custom)
2019-09-03 19:44:17,833 [pool-439-thread-1] INFO  server.RaftServerConfigKeys (ConfUtils.java:logGet(43)) - raft.server.sleep.deviation.threshold = 300 (default)
2019-09-03 19:44:17,834 [pool-439-thread-1] INFO  server.RaftServerConfigKeys (ConfUtils.java:logGet(43)) - raft.server.log.appender.install.snapshot.enabled = false (custom)
2019-09-03 19:44:17,834 [pool-439-thread-1] INFO  impl.RaftServerImpl (ServerState.java:<init>(105)) - cb9005e8-e9c5-41d9-b914-b0d57ae20449:group-06BD20C43968 ConfigurationManager, init=-1: [cb9005e8-e9c5-41d9-b914-b0d57ae20449:192.168.34.20:44829], old=null, confs=<EMPTY_MAP>
2019-09-03 19:44:17,834 [pool-439-thread-1] INFO  server.RaftServerConfigKeys (ConfUtils.java:logGet(43)) - raft.server.storage.dir = [/workdir/hadoop-ozone/integration-test/target/test-dir/MiniOzoneClusterImpl-93e4c667-a4e3-48cf-a9ad-b2b6e5195dda/datanode-3/data/ratis] (custom)
2019-09-03 19:44:17,834 [pool-439-thread-1] INFO  storage.RaftStorageDirectory (RaftStorageDirectory.java:analyzeStorage(246)) - The storage directory /workdir/hadoop-ozone/integration-test/target/test-dir/MiniOzoneClusterImpl-93e4c667-a4e3-48cf-a9ad-b2b6e5195dda/datanode-3/data/ratis/7ec82319-d839-4abb-bcba-06bd20c43968 does not exist. Creating ...
2019-09-03 19:44:17,847 [pool-439-thread-1] INFO  storage.RaftStorageDirectory (RaftStorageDirectory.java:tryLock(328)) - Lock on /workdir/hadoop-ozone/integration-test/target/test-dir/MiniOzoneClusterImpl-93e4c667-a4e3-48cf-a9ad-b2b6e5195dda/datanode-3/data/ratis/7ec82319-d839-4abb-bcba-06bd20c43968/in_use.lock acquired by nodename 2670@pr-hdds-2018-8nzjn-2890084760
2019-09-03 19:44:17,860 [pool-439-thread-1] INFO  storage.RaftStorage (RaftStorage.java:format(72)) - Storage directory /workdir/hadoop-ozone/integration-test/target/test-dir/MiniOzoneClusterImpl-93e4c667-a4e3-48cf-a9ad-b2b6e5195dda/datanode-3/data/ratis/7ec82319-d839-4abb-bcba-06bd20c43968 has been successfully formatted.
2019-09-03 19:44:17,860 [pool-439-thread-1] INFO  ratis.ContainerStateMachine (ContainerStateMachine.java:loadSnapshot(227)) - group-06BD20C43968: The snapshot info is null. Setting the last applied indexto:(t:0, i:~)
2019-09-03 19:44:17,860 [pool-439-thread-1] INFO  server.RaftServerConfigKeys (ConfUtils.java:logGet(43)) - raft.server.leader.election.timeout = 120s (custom)
2019-09-03 19:44:17,861 [pool-439-thread-1] INFO  server.RaftServerConfigKeys (ConfUtils.java:logGet(43)) - raft.server.log.use.memory = false (default)
2019-09-03 19:44:17,861 [pool-439-thread-1] INFO  server.RaftServerConfigKeys (ConfUtils.java:logGet(43)) - raft.server.log.purge.gap = 1000000 (custom)
2019-09-03 19:44:17,861 [pool-439-thread-1] INFO  server.RaftServerConfigKeys (ConfUtils.java:logGet(43)) - raft.server.log.appender.buffer.byte-limit = 33554432 (custom)
2019-09-03 19:44:17,861 [pool-439-thread-1] INFO  server.RaftServerConfigKeys (ConfUtils.java:logGet(43)) - raft.server.log.segment.size.max = 1048576 (custom)
2019-09-03 19:44:17,861 [pool-439-thread-1] INFO  server.RaftServerConfigKeys (ConfUtils.java:logGet(43)) - raft.server.log.segment.cache.num.max = 2 (custom)
2019-09-03 19:44:17,861 [pool-439-thread-1] INFO  segmented.SegmentedRaftLogWorker (SegmentedRaftLogWorker.java:<init>(172)) - new cb9005e8-e9c5-41d9-b914-b0d57ae20449-SegmentedRaftLogWorker:Storage Directory /workdir/hadoop-ozone/integration-test/target/test-dir/MiniOzoneClusterImpl-93e4c667-a4e3-48cf-a9ad-b2b6e5195dda/datanode-3/data/ratis/7ec82319-d839-4abb-bcba-06bd20c43968 for RaftStorage:Storage Directory /workdir/hadoop-ozone/integration-test/target/test-dir/MiniOzoneClusterImpl-93e4c667-a4e3-48cf-a9ad-b2b6e5195dda/datanode-3/data/ratis/7ec82319-d839-4abb-bcba-06bd20c43968
2019-09-03 19:44:17,862 [pool-439-thread-1] INFO  server.RaftServerConfigKeys (ConfUtils.java:logGet(43)) - raft.server.log.queue.byte-limit = 2147483647 (custom)
2019-09-03 19:44:17,862 [pool-439-thread-1] INFO  server.RaftServerConfigKeys (ConfUtils.java:logGet(43)) - raft.server.log.queue.element-limit = 1024 (custom)
2019-09-03 19:44:17,862 [pool-439-thread-1] INFO  server.RaftServerConfigKeys (ConfUtils.java:logGet(43)) - raft.server.log.segment.size.max = 1048576 (custom)
2019-09-03 19:44:17,862 [pool-439-thread-1] INFO  server.RaftServerConfigKeys (ConfUtils.java:logGet(43)) - raft.server.log.preallocated.size = 16384 (custom)
2019-09-03 19:44:17,862 [pool-439-thread-1] INFO  server.RaftServerConfigKeys (ConfUtils.java:logGet(43)) - raft.server.log.write.buffer.size = 33554432 (custom)
2019-09-03 19:44:17,862 [pool-439-thread-1] INFO  server.RaftServerConfigKeys (ConfUtils.java:logGet(43)) - raft.server.log.force.sync.num = 128 (default)
2019-09-03 19:44:17,863 [pool-439-thread-1] INFO  server.RaftServerConfigKeys (ConfUtils.java:logGet(43)) - raft.server.log.statemachine.data.sync = true (default)
2019-09-03 19:44:17,863 [pool-439-thread-1] INFO  server.RaftServerConfigKeys (ConfUtils.java:logGet(43)) - raft.server.log.statemachine.data.sync.timeout = 10s (default)
2019-09-03 19:44:17,863 [pool-439-thread-1] INFO  server.RaftServerConfigKeys (ConfUtils.java:logGet(43)) - raft.server.log.statemachine.data.sync.timeout.retry = -1 (default)
2019-09-03 19:44:17,863 [pool-439-thread-1] INFO  server.RaftServerConfigKeys (ConfUtils.java:logGet(43)) - raft.server.log.statemachine.data.caching.enabled = true (custom)
2019-09-03 19:44:17,864 [pool-439-thread-1] INFO  segmented.SegmentedRaftLogWorker (SegmentedRaftLogWorker.java:lambda$new$0(132)) - cb9005e8-e9c5-41d9-b914-b0d57ae20449-SegmentedRaftLogWorker:Storage Directory /workdir/hadoop-ozone/integration-test/target/test-dir/MiniOzoneClusterImpl-93e4c667-a4e3-48cf-a9ad-b2b6e5195dda/datanode-3/data/ratis/7ec82319-d839-4abb-bcba-06bd20c43968: flushIndex: setUnconditionally 0 -> -1
2019-09-03 19:44:17,864 [pool-439-thread-1] INFO  server.RaftServerConfigKeys (ConfUtils.java:logGet(43)) - raft.server.snapshot.auto.trigger.enabled = true (custom)
2019-09-03 19:44:17,864 [pool-439-thread-1] INFO  server.RaftServerConfigKeys (ConfUtils.java:logGet(43)) - raft.server.snapshot.auto.trigger.threshold = 10000 (custom)
2019-09-03 19:44:17,864 [pool-439-thread-1] INFO  server.RaftServerConfigKeys (ConfUtils.java:logGet(43)) - raft.server.retrycache.expirytime = 600000ms (custom)
2019-09-03 19:44:17,864 [pool-439-thread-1] INFO  impl.RaftServerImpl (RaftServerImpl.java:start(180)) - cb9005e8-e9c5-41d9-b914-b0d57ae20449: start group-06BD20C43968
2019-09-03 19:44:17,865 [pool-439-thread-1] INFO  impl.RaftServerImpl (RaftServerImpl.java:setRole(171)) - cb9005e8-e9c5-41d9-b914-b0d57ae20449:group-06BD20C43968 changes role from null to FOLLOWER at term 0 for startAsFollower
2019-09-03 19:44:17,865 [pool-439-thread-1] INFO  impl.RoleInfo (RoleInfo.java:updateAndGet(143)) - cb9005e8-e9c5-41d9-b914-b0d57ae20449: start FollowerState
2019-09-03 19:44:17,865 [pool-439-thread-1] INFO  util.JmxRegister (JmxRegister.java:tryRegister(44)) - Successfully registered JMX Bean with object name Ratis:service=RaftServer,group=group-06BD20C43968,id=cb9005e8-e9c5-41d9-b914-b0d57ae20449
2019-09-03 19:44:17,870 [RatisPipelineUtilsThread] INFO  pipeline.PipelineStateManager (PipelineStateManager.java:addPipeline(56)) - Created pipeline Pipeline[ Id: 7ec82319-d839-4abb-bcba-06bd20c43968, Nodes: cb9005e8-e9c5-41d9-b914-b0d57ae20449{ip: 192.168.34.20, host: pr-hdds-2018-8nzjn-2890084760, networkLocation: /default-rack, certSerialId: null}, Type:RATIS, Factor:ONE, State:OPEN]
2019-09-03 19:44:17,888 [grpc-default-executor-1] INFO  impl.RaftServerProxy (RaftServerProxy.java:addNew(89)) - 81f8abc1-4fac-4722-94b1-c50c0e4cf17c: addNew group-7571BF224A00:[540a2827-7fc9-4198-8052-28e0673e188a:192.168.34.20:43460, 81f8abc1-4fac-4722-94b1-c50c0e4cf17c:192.168.34.20:33967, 18cb8b51-24c0-4f4d-8227-db849c3449ea:192.168.34.20:37848] returns group-7571BF224A00:java.util.concurrent.CompletableFuture@b3010f[Not completed]
2019-09-03 19:44:17,888 [grpc-default-executor-7] INFO  impl.RaftServerProxy (RaftServerProxy.java:addNew(89)) - 540a2827-7fc9-4198-8052-28e0673e188a: addNew group-7571BF224A00:[540a2827-7fc9-4198-8052-28e0673e188a:192.168.34.20:43460, 81f8abc1-4fac-4722-94b1-c50c0e4cf17c:192.168.34.20:33967, 18cb8b51-24c0-4f4d-8227-db849c3449ea:192.168.34.20:37848] returns group-7571BF224A00:java.util.concurrent.CompletableFuture@2d20667[Not completed]
2019-09-03 19:44:17,888 [grpc-default-executor-9] INFO  impl.RaftServerProxy (RaftServerProxy.java:addNew(89)) - 18cb8b51-24c0-4f4d-8227-db849c3449ea: addNew group-7571BF224A00:[540a2827-7fc9-4198-8052-28e0673e188a:192.168.34.20:43460, 81f8abc1-4fac-4722-94b1-c50c0e4cf17c:192.168.34.20:33967, 18cb8b51-24c0-4f4d-8227-db849c3449ea:192.168.34.20:37848] returns group-7571BF224A00:java.util.concurrent.CompletableFuture@46e4bd65[Not completed]
2019-09-03 19:44:17,890 [pool-459-thread-1] INFO  impl.RaftServerImpl (RaftServerImpl.java:<init>(93)) - 81f8abc1-4fac-4722-94b1-c50c0e4cf17c: new RaftServerImpl for group-7571BF224A00:[540a2827-7fc9-4198-8052-28e0673e188a:192.168.34.20:43460, 81f8abc1-4fac-4722-94b1-c50c0e4cf17c:192.168.34.20:33967, 18cb8b51-24c0-4f4d-8227-db849c3449ea:192.168.34.20:37848] with ContainerStateMachine:uninitialized
2019-09-03 19:44:17,890 [pool-459-thread-1] INFO  server.RaftServerConfigKeys (ConfUtils.java:logGet(43)) - raft.server.rpc.timeout.min = 5s (custom)
2019-09-03 19:44:17,891 [pool-459-thread-1] INFO  server.RaftServerConfigKeys (ConfUtils.java:logGet(43)) - raft.server.rpc.timeout.max = 5200ms (custom)
2019-09-03 19:44:17,891 [pool-459-thread-1] INFO  server.RaftServerConfigKeys (ConfUtils.java:logGet(43)) - raft.server.rpcslowness.timeout = 120s (custom)
2019-09-03 19:44:17,891 [pool-459-thread-1] INFO  server.RaftServerConfigKeys (ConfUtils.java:logGet(43)) - raft.server.sleep.deviation.threshold = 300 (default)
2019-09-03 19:44:17,891 [pool-459-thread-1] INFO  server.RaftServerConfigKeys (ConfUtils.java:logGet(43)) - raft.server.log.appender.install.snapshot.enabled = false (custom)
2019-09-03 19:44:17,891 [pool-449-thread-1] INFO  impl.RaftServerImpl (RaftServerImpl.java:<init>(93)) - 540a2827-7fc9-4198-8052-28e0673e188a: new RaftServerImpl for group-7571BF224A00:[540a2827-7fc9-4198-8052-28e0673e188a:192.168.34.20:43460, 81f8abc1-4fac-4722-94b1-c50c0e4cf17c:192.168.34.20:33967, 18cb8b51-24c0-4f4d-8227-db849c3449ea:192.168.34.20:37848] with ContainerStateMachine:uninitialized
2019-09-03 19:44:17,891 [pool-459-thread-1] INFO  impl.RaftServerImpl (ServerState.java:<init>(105)) - 81f8abc1-4fac-4722-94b1-c50c0e4cf17c:group-7571BF224A00 ConfigurationManager, init=-1: [540a2827-7fc9-4198-8052-28e0673e188a:192.168.34.20:43460, 81f8abc1-4fac-4722-94b1-c50c0e4cf17c:192.168.34.20:33967, 18cb8b51-24c0-4f4d-8227-db849c3449ea:192.168.34.20:37848], old=null, confs=<EMPTY_MAP>
2019-09-03 19:44:17,891 [pool-449-thread-1] INFO  server.RaftServerConfigKeys (ConfUtils.java:logGet(43)) - raft.server.rpc.timeout.min = 5s (custom)
2019-09-03 19:44:17,892 [pool-459-thread-1] INFO  server.RaftServerConfigKeys (ConfUtils.java:logGet(43)) - raft.server.storage.dir = [/workdir/hadoop-ozone/integration-test/target/test-dir/MiniOzoneClusterImpl-93e4c667-a4e3-48cf-a9ad-b2b6e5195dda/datanode-5/data/ratis] (custom)
2019-09-03 19:44:17,892 [pool-449-thread-1] INFO  server.RaftServerConfigKeys (ConfUtils.java:logGet(43)) - raft.server.rpc.timeout.max = 5200ms (custom)
2019-09-03 19:44:17,892 [pool-449-thread-1] INFO  server.RaftServerConfigKeys (ConfUtils.java:logGet(43)) - raft.server.rpcslowness.timeout = 120s (custom)
2019-09-03 19:44:17,892 [pool-459-thread-1] INFO  storage.RaftStorageDirectory (RaftStorageDirectory.java:analyzeStorage(246)) - The storage directory /workdir/hadoop-ozone/integration-test/target/test-dir/MiniOzoneClusterImpl-93e4c667-a4e3-48cf-a9ad-b2b6e5195dda/datanode-5/data/ratis/6776fe23-c688-4676-bb0b-7571bf224a00 does not exist. Creating ...
2019-09-03 19:44:17,892 [pool-469-thread-1] INFO  impl.RaftServerImpl (RaftServerImpl.java:<init>(93)) - 18cb8b51-24c0-4f4d-8227-db849c3449ea: new RaftServerImpl for group-7571BF224A00:[540a2827-7fc9-4198-8052-28e0673e188a:192.168.34.20:43460, 81f8abc1-4fac-4722-94b1-c50c0e4cf17c:192.168.34.20:33967, 18cb8b51-24c0-4f4d-8227-db849c3449ea:192.168.34.20:37848] with ContainerStateMachine:uninitialized
2019-09-03 19:44:17,892 [pool-449-thread-1] INFO  server.RaftServerConfigKeys (ConfUtils.java:logGet(43)) - raft.server.sleep.deviation.threshold = 300 (default)
2019-09-03 19:44:17,893 [pool-469-thread-1] INFO  server.RaftServerConfigKeys (ConfUtils.java:logGet(43)) - raft.server.rpc.timeout.min = 5s (custom)
2019-09-03 19:44:17,893 [pool-449-thread-1] INFO  server.RaftServerConfigKeys (ConfUtils.java:logGet(43)) - raft.server.log.appender.install.snapshot.enabled = false (custom)
2019-09-03 19:44:17,893 [pool-469-thread-1] INFO  server.RaftServerConfigKeys (ConfUtils.java:logGet(43)) - raft.server.rpc.timeout.max = 5200ms (custom)
2019-09-03 19:44:17,893 [pool-449-thread-1] INFO  impl.RaftServerImpl (ServerState.java:<init>(105)) - 540a2827-7fc9-4198-8052-28e0673e188a:group-7571BF224A00 ConfigurationManager, init=-1: [540a2827-7fc9-4198-8052-28e0673e188a:192.168.34.20:43460, 81f8abc1-4fac-4722-94b1-c50c0e4cf17c:192.168.34.20:33967, 18cb8b51-24c0-4f4d-8227-db849c3449ea:192.168.34.20:37848], old=null, confs=<EMPTY_MAP>
2019-09-03 19:44:17,893 [pool-469-thread-1] INFO  server.RaftServerConfigKeys (ConfUtils.java:logGet(43)) - raft.server.rpcslowness.timeout = 120s (custom)
2019-09-03 19:44:17,893 [pool-449-thread-1] INFO  server.RaftServerConfigKeys (ConfUtils.java:logGet(43)) - raft.server.storage.dir = [/workdir/hadoop-ozone/integration-test/target/test-dir/MiniOzoneClusterImpl-93e4c667-a4e3-48cf-a9ad-b2b6e5195dda/datanode-4/data/ratis] (custom)
2019-09-03 19:44:17,894 [pool-469-thread-1] INFO  server.RaftServerConfigKeys (ConfUtils.java:logGet(43)) - raft.server.sleep.deviation.threshold = 300 (default)
2019-09-03 19:44:17,894 [pool-469-thread-1] INFO  server.RaftServerConfigKeys (ConfUtils.java:logGet(43)) - raft.server.log.appender.install.snapshot.enabled = false (custom)
2019-09-03 19:44:17,894 [pool-449-thread-1] INFO  storage.RaftStorageDirectory (RaftStorageDirectory.java:analyzeStorage(246)) - The storage directory /workdir/hadoop-ozone/integration-test/target/test-dir/MiniOzoneClusterImpl-93e4c667-a4e3-48cf-a9ad-b2b6e5195dda/datanode-4/data/ratis/6776fe23-c688-4676-bb0b-7571bf224a00 does not exist. Creating ...
2019-09-03 19:44:17,894 [pool-469-thread-1] INFO  impl.RaftServerImpl (ServerState.java:<init>(105)) - 18cb8b51-24c0-4f4d-8227-db849c3449ea:group-7571BF224A00 ConfigurationManager, init=-1: [540a2827-7fc9-4198-8052-28e0673e188a:192.168.34.20:43460, 81f8abc1-4fac-4722-94b1-c50c0e4cf17c:192.168.34.20:33967, 18cb8b51-24c0-4f4d-8227-db849c3449ea:192.168.34.20:37848], old=null, confs=<EMPTY_MAP>
2019-09-03 19:44:17,894 [pool-469-thread-1] INFO  server.RaftServerConfigKeys (ConfUtils.java:logGet(43)) - raft.server.storage.dir = [/workdir/hadoop-ozone/integration-test/target/test-dir/MiniOzoneClusterImpl-93e4c667-a4e3-48cf-a9ad-b2b6e5195dda/datanode-6/data/ratis] (custom)
2019-09-03 19:44:17,895 [pool-469-thread-1] INFO  storage.RaftStorageDirectory (RaftStorageDirectory.java:analyzeStorage(246)) - The storage directory /workdir/hadoop-ozone/integration-test/target/test-dir/MiniOzoneClusterImpl-93e4c667-a4e3-48cf-a9ad-b2b6e5195dda/datanode-6/data/ratis/6776fe23-c688-4676-bb0b-7571bf224a00 does not exist. Creating ...
2019-09-03 19:44:17,917 [pool-449-thread-1] INFO  storage.RaftStorageDirectory (RaftStorageDirectory.java:tryLock(328)) - Lock on /workdir/hadoop-ozone/integration-test/target/test-dir/MiniOzoneClusterImpl-93e4c667-a4e3-48cf-a9ad-b2b6e5195dda/datanode-4/data/ratis/6776fe23-c688-4676-bb0b-7571bf224a00/in_use.lock acquired by nodename 2670@pr-hdds-2018-8nzjn-2890084760
2019-09-03 19:44:17,917 [pool-459-thread-1] INFO  storage.RaftStorageDirectory (RaftStorageDirectory.java:tryLock(328)) - Lock on /workdir/hadoop-ozone/integration-test/target/test-dir/MiniOzoneClusterImpl-93e4c667-a4e3-48cf-a9ad-b2b6e5195dda/datanode-5/data/ratis/6776fe23-c688-4676-bb0b-7571bf224a00/in_use.lock acquired by nodename 2670@pr-hdds-2018-8nzjn-2890084760
2019-09-03 19:44:17,917 [pool-469-thread-1] INFO  storage.RaftStorageDirectory (RaftStorageDirectory.java:tryLock(328)) - Lock on /workdir/hadoop-ozone/integration-test/target/test-dir/MiniOzoneClusterImpl-93e4c667-a4e3-48cf-a9ad-b2b6e5195dda/datanode-6/data/ratis/6776fe23-c688-4676-bb0b-7571bf224a00/in_use.lock acquired by nodename 2670@pr-hdds-2018-8nzjn-2890084760
2019-09-03 19:44:17,942 [pool-469-thread-1] INFO  storage.RaftStorage (RaftStorage.java:format(72)) - Storage directory /workdir/hadoop-ozone/integration-test/target/test-dir/MiniOzoneClusterImpl-93e4c667-a4e3-48cf-a9ad-b2b6e5195dda/datanode-6/data/ratis/6776fe23-c688-4676-bb0b-7571bf224a00 has been successfully formatted.
2019-09-03 19:44:17,942 [pool-449-thread-1] INFO  storage.RaftStorage (RaftStorage.java:format(72)) - Storage directory /workdir/hadoop-ozone/integration-test/target/test-dir/MiniOzoneClusterImpl-93e4c667-a4e3-48cf-a9ad-b2b6e5195dda/datanode-4/data/ratis/6776fe23-c688-4676-bb0b-7571bf224a00 has been successfully formatted.
2019-09-03 19:44:17,942 [pool-459-thread-1] INFO  storage.RaftStorage (RaftStorage.java:format(72)) - Storage directory /workdir/hadoop-ozone/integration-test/target/test-dir/MiniOzoneClusterImpl-93e4c667-a4e3-48cf-a9ad-b2b6e5195dda/datanode-5/data/ratis/6776fe23-c688-4676-bb0b-7571bf224a00 has been successfully formatted.
2019-09-03 19:44:17,943 [pool-469-thread-1] INFO  ratis.ContainerStateMachine (ContainerStateMachine.java:loadSnapshot(227)) - group-7571BF224A00: The snapshot info is null. Setting the last applied indexto:(t:0, i:~)
2019-09-03 19:44:17,943 [pool-459-thread-1] INFO  ratis.ContainerStateMachine (ContainerStateMachine.java:loadSnapshot(227)) - group-7571BF224A00: The snapshot info is null. Setting the last applied indexto:(t:0, i:~)
2019-09-03 19:44:17,943 [pool-449-thread-1] INFO  ratis.ContainerStateMachine (ContainerStateMachine.java:loadSnapshot(227)) - group-7571BF224A00: The snapshot info is null. Setting the last applied indexto:(t:0, i:~)
2019-09-03 19:44:17,943 [pool-459-thread-1] INFO  server.RaftServerConfigKeys (ConfUtils.java:logGet(43)) - raft.server.leader.election.timeout = 120s (custom)
2019-09-03 19:44:17,943 [pool-469-thread-1] INFO  server.RaftServerConfigKeys (ConfUtils.java:logGet(43)) - raft.server.leader.election.timeout = 120s (custom)
2019-09-03 19:44:17,943 [pool-459-thread-1] INFO  server.RaftServerConfigKeys (ConfUtils.java:logGet(43)) - raft.server.log.use.memory = false (default)
2019-09-03 19:44:17,943 [pool-449-thread-1] INFO  server.RaftServerConfigKeys (ConfUtils.java:logGet(43)) - raft.server.leader.election.timeout = 120s (custom)
2019-09-03 19:44:17,944 [pool-459-thread-1] INFO  server.RaftServerConfigKeys (ConfUtils.java:logGet(43)) - raft.server.log.purge.gap = 1000000 (custom)
2019-09-03 19:44:17,943 [pool-469-thread-1] INFO  server.RaftServerConfigKeys (ConfUtils.java:logGet(43)) - raft.server.log.use.memory = false (default)
2019-09-03 19:44:17,944 [pool-459-thread-1] INFO  server.RaftServerConfigKeys (ConfUtils.java:logGet(43)) - raft.server.log.appender.buffer.byte-limit = 33554432 (custom)
2019-09-03 19:44:17,944 [pool-449-thread-1] INFO  server.RaftServerConfigKeys (ConfUtils.java:logGet(43)) - raft.server.log.use.memory = false (default)
2019-09-03 19:44:17,944 [pool-459-thread-1] INFO  server.RaftServerConfigKeys (ConfUtils.java:logGet(43)) - raft.server.log.segment.size.max = 1048576 (custom)
2019-09-03 19:44:17,944 [pool-469-thread-1] INFO  server.RaftServerConfigKeys (ConfUtils.java:logGet(43)) - raft.server.log.purge.gap = 1000000 (custom)
2019-09-03 19:44:17,945 [pool-459-thread-1] INFO  server.RaftServerConfigKeys (ConfUtils.java:logGet(43)) - raft.server.log.segment.cache.num.max = 2 (custom)
2019-09-03 19:44:17,944 [pool-449-thread-1] INFO  server.RaftServerConfigKeys (ConfUtils.java:logGet(43)) - raft.server.log.purge.gap = 1000000 (custom)
2019-09-03 19:44:17,945 [pool-459-thread-1] INFO  segmented.SegmentedRaftLogWorker (SegmentedRaftLogWorker.java:<init>(172)) - new 81f8abc1-4fac-4722-94b1-c50c0e4cf17c-SegmentedRaftLogWorker:Storage Directory /workdir/hadoop-ozone/integration-test/target/test-dir/MiniOzoneClusterImpl-93e4c667-a4e3-48cf-a9ad-b2b6e5195dda/datanode-5/data/ratis/6776fe23-c688-4676-bb0b-7571bf224a00 for RaftStorage:Storage Directory /workdir/hadoop-ozone/integration-test/target/test-dir/MiniOzoneClusterImpl-93e4c667-a4e3-48cf-a9ad-b2b6e5195dda/datanode-5/data/ratis/6776fe23-c688-4676-bb0b-7571bf224a00
2019-09-03 19:44:17,945 [pool-469-thread-1] INFO  server.RaftServerConfigKeys (ConfUtils.java:logGet(43)) - raft.server.log.appender.buffer.byte-limit = 33554432 (custom)
2019-09-03 19:44:17,945 [pool-459-thread-1] INFO  server.RaftServerConfigKeys (ConfUtils.java:logGet(43)) - raft.server.log.queue.byte-limit = 2147483647 (custom)
2019-09-03 19:44:17,946 [pool-459-thread-1] INFO  server.RaftServerConfigKeys (ConfUtils.java:logGet(43)) - raft.server.log.queue.element-limit = 1024 (custom)
2019-09-03 19:44:17,945 [pool-449-thread-1] INFO  server.RaftServerConfigKeys (ConfUtils.java:logGet(43)) - raft.server.log.appender.buffer.byte-limit = 33554432 (custom)
2019-09-03 19:44:17,946 [pool-459-thread-1] INFO  server.RaftServerConfigKeys (ConfUtils.java:logGet(43)) - raft.server.log.segment.size.max = 1048576 (custom)
2019-09-03 19:44:17,946 [pool-459-thread-1] INFO  server.RaftServerConfigKeys (ConfUtils.java:logGet(43)) - raft.server.log.preallocated.size = 16384 (custom)
2019-09-03 19:44:17,945 [pool-469-thread-1] INFO  server.RaftServerConfigKeys (ConfUtils.java:logGet(43)) - raft.server.log.segment.size.max = 1048576 (custom)
2019-09-03 19:44:17,946 [pool-459-thread-1] INFO  server.RaftServerConfigKeys (ConfUtils.java:logGet(43)) - raft.server.log.write.buffer.size = 33554432 (custom)
2019-09-03 19:44:17,947 [pool-459-thread-1] INFO  server.RaftServerConfigKeys (ConfUtils.java:logGet(43)) - raft.server.log.force.sync.num = 128 (default)
2019-09-03 19:44:17,946 [pool-449-thread-1] INFO  server.RaftServerConfigKeys (ConfUtils.java:logGet(43)) - raft.server.log.segment.size.max = 1048576 (custom)
2019-09-03 19:44:17,947 [pool-459-thread-1] INFO  server.RaftServerConfigKeys (ConfUtils.java:logGet(43)) - raft.server.log.statemachine.data.sync = true (default)
2019-09-03 19:44:17,946 [pool-469-thread-1] INFO  server.RaftServerConfigKeys (ConfUtils.java:logGet(43)) - raft.server.log.segment.cache.num.max = 2 (custom)
2019-09-03 19:44:17,947 [pool-459-thread-1] INFO  server.RaftServerConfigKeys (ConfUtils.java:logGet(43)) - raft.server.log.statemachine.data.sync.timeout = 10s (default)
2019-09-03 19:44:17,947 [pool-449-thread-1] INFO  server.RaftServerConfigKeys (ConfUtils.java:logGet(43)) - raft.server.log.segment.cache.num.max = 2 (custom)
2019-09-03 19:44:17,947 [pool-459-thread-1] INFO  server.RaftServerConfigKeys (ConfUtils.java:logGet(43)) - raft.server.log.statemachine.data.sync.timeout.retry = -1 (default)
2019-09-03 19:44:17,947 [pool-469-thread-1] INFO  segmented.SegmentedRaftLogWorker (SegmentedRaftLogWorker.java:<init>(172)) - new 18cb8b51-24c0-4f4d-8227-db849c3449ea-SegmentedRaftLogWorker:Storage Directory /workdir/hadoop-ozone/integration-test/target/test-dir/MiniOzoneClusterImpl-93e4c667-a4e3-48cf-a9ad-b2b6e5195dda/datanode-6/data/ratis/6776fe23-c688-4676-bb0b-7571bf224a00 for RaftStorage:Storage Directory /workdir/hadoop-ozone/integration-test/target/test-dir/MiniOzoneClusterImpl-93e4c667-a4e3-48cf-a9ad-b2b6e5195dda/datanode-6/data/ratis/6776fe23-c688-4676-bb0b-7571bf224a00
2019-09-03 19:44:17,948 [pool-459-thread-1] INFO  server.RaftServerConfigKeys (ConfUtils.java:logGet(43)) - raft.server.log.statemachine.data.caching.enabled = true (custom)
2019-09-03 19:44:17,948 [pool-449-thread-1] INFO  segmented.SegmentedRaftLogWorker (SegmentedRaftLogWorker.java:<init>(172)) - new 540a2827-7fc9-4198-8052-28e0673e188a-SegmentedRaftLogWorker:Storage Directory /workdir/hadoop-ozone/integration-test/target/test-dir/MiniOzoneClusterImpl-93e4c667-a4e3-48cf-a9ad-b2b6e5195dda/datanode-4/data/ratis/6776fe23-c688-4676-bb0b-7571bf224a00 for RaftStorage:Storage Directory /workdir/hadoop-ozone/integration-test/target/test-dir/MiniOzoneClusterImpl-93e4c667-a4e3-48cf-a9ad-b2b6e5195dda/datanode-4/data/ratis/6776fe23-c688-4676-bb0b-7571bf224a00
2019-09-03 19:44:17,948 [pool-459-thread-1] INFO  segmented.SegmentedRaftLogWorker (SegmentedRaftLogWorker.java:lambda$new$0(132)) - 81f8abc1-4fac-4722-94b1-c50c0e4cf17c-SegmentedRaftLogWorker:Storage Directory /workdir/hadoop-ozone/integration-test/target/test-dir/MiniOzoneClusterImpl-93e4c667-a4e3-48cf-a9ad-b2b6e5195dda/datanode-5/data/ratis/6776fe23-c688-4676-bb0b-7571bf224a00: flushIndex: setUnconditionally 0 -> -1
2019-09-03 19:44:17,948 [pool-469-thread-1] INFO  server.RaftServerConfigKeys (ConfUtils.java:logGet(43)) - raft.server.log.queue.byte-limit = 2147483647 (custom)
2019-09-03 19:44:17,948 [pool-449-thread-1] INFO  server.RaftServerConfigKeys (ConfUtils.java:logGet(43)) - raft.server.log.queue.byte-limit = 2147483647 (custom)
2019-09-03 19:44:17,949 [pool-469-thread-1] INFO  server.RaftServerConfigKeys (ConfUtils.java:logGet(43)) - raft.server.log.queue.element-limit = 1024 (custom)
2019-09-03 19:44:17,949 [pool-459-thread-1] INFO  server.RaftServerConfigKeys (ConfUtils.java:logGet(43)) - raft.server.snapshot.auto.trigger.enabled = true (custom)
2019-09-03 19:44:17,949 [pool-469-thread-1] INFO  server.RaftServerConfigKeys (ConfUtils.java:logGet(43)) - raft.server.log.segment.size.max = 1048576 (custom)
2019-09-03 19:44:17,949 [pool-459-thread-1] INFO  server.RaftServerConfigKeys (ConfUtils.java:logGet(43)) - raft.server.snapshot.auto.trigger.threshold = 10000 (custom)
2019-09-03 19:44:17,949 [pool-449-thread-1] INFO  server.RaftServerConfigKeys (ConfUtils.java:logGet(43)) - raft.server.log.queue.element-limit = 1024 (custom)
2019-09-03 19:44:17,949 [pool-459-thread-1] INFO  server.RaftServerConfigKeys (ConfUtils.java:logGet(43)) - raft.server.retrycache.expirytime = 600000ms (custom)
2019-09-03 19:44:17,949 [pool-469-thread-1] INFO  server.RaftServerConfigKeys (ConfUtils.java:logGet(43)) - raft.server.log.preallocated.size = 16384 (custom)
2019-09-03 19:44:17,950 [pool-459-thread-1] INFO  impl.RaftServerImpl (RaftServerImpl.java:start(180)) - 81f8abc1-4fac-4722-94b1-c50c0e4cf17c: start group-7571BF224A00
2019-09-03 19:44:17,950 [pool-459-thread-1] INFO  impl.RaftServerImpl (RaftServerImpl.java:setRole(171)) - 81f8abc1-4fac-4722-94b1-c50c0e4cf17c:group-7571BF224A00 changes role from null to FOLLOWER at term 0 for startAsFollower
2019-09-03 19:44:17,950 [pool-449-thread-1] INFO  server.RaftServerConfigKeys (ConfUtils.java:logGet(43)) - raft.server.log.segment.size.max = 1048576 (custom)
2019-09-03 19:44:17,950 [pool-459-thread-1] INFO  impl.RoleInfo (RoleInfo.java:updateAndGet(143)) - 81f8abc1-4fac-4722-94b1-c50c0e4cf17c: start FollowerState
2019-09-03 19:44:17,950 [pool-469-thread-1] INFO  server.RaftServerConfigKeys (ConfUtils.java:logGet(43)) - raft.server.log.write.buffer.size = 33554432 (custom)
2019-09-03 19:44:17,951 [pool-469-thread-1] INFO  server.RaftServerConfigKeys (ConfUtils.java:logGet(43)) - raft.server.log.force.sync.num = 128 (default)
2019-09-03 19:44:17,950 [pool-449-thread-1] INFO  server.RaftServerConfigKeys (ConfUtils.java:logGet(43)) - raft.server.log.preallocated.size = 16384 (custom)
2019-09-03 19:44:17,951 [pool-459-thread-1] INFO  util.JmxRegister (JmxRegister.java:tryRegister(44)) - Successfully registered JMX Bean with object name Ratis:service=RaftServer,group=group-7571BF224A00,id=81f8abc1-4fac-4722-94b1-c50c0e4cf17c
2019-09-03 19:44:17,951 [pool-469-thread-1] INFO  server.RaftServerConfigKeys (ConfUtils.java:logGet(43)) - raft.server.log.statemachine.data.sync = true (default)
2019-09-03 19:44:17,951 [pool-469-thread-1] INFO  server.RaftServerConfigKeys (ConfUtils.java:logGet(43)) - raft.server.log.statemachine.data.sync.timeout = 10s (default)
2019-09-03 19:44:17,951 [pool-449-thread-1] INFO  server.RaftServerConfigKeys (ConfUtils.java:logGet(43)) - raft.server.log.write.buffer.size = 33554432 (custom)
2019-09-03 19:44:17,952 [pool-469-thread-1] INFO  server.RaftServerConfigKeys (ConfUtils.java:logGet(43)) - raft.server.log.statemachine.data.sync.timeout.retry = -1 (default)
2019-09-03 19:44:17,952 [pool-449-thread-1] INFO  server.RaftServerConfigKeys (ConfUtils.java:logGet(43)) - raft.server.log.force.sync.num = 128 (default)
2019-09-03 19:44:17,952 [pool-469-thread-1] INFO  server.RaftServerConfigKeys (ConfUtils.java:logGet(43)) - raft.server.log.statemachine.data.caching.enabled = true (custom)
2019-09-03 19:44:17,952 [pool-449-thread-1] INFO  server.RaftServerConfigKeys (ConfUtils.java:logGet(43)) - raft.server.log.statemachine.data.sync = true (default)
2019-09-03 19:44:17,953 [pool-449-thread-1] INFO  server.RaftServerConfigKeys (ConfUtils.java:logGet(43)) - raft.server.log.statemachine.data.sync.timeout = 10s (default)
2019-09-03 19:44:17,953 [pool-469-thread-1] INFO  segmented.SegmentedRaftLogWorker (SegmentedRaftLogWorker.java:lambda$new$0(132)) - 18cb8b51-24c0-4f4d-8227-db849c3449ea-SegmentedRaftLogWorker:Storage Directory /workdir/hadoop-ozone/integration-test/target/test-dir/MiniOzoneClusterImpl-93e4c667-a4e3-48cf-a9ad-b2b6e5195dda/datanode-6/data/ratis/6776fe23-c688-4676-bb0b-7571bf224a00: flushIndex: setUnconditionally 0 -> -1
2019-09-03 19:44:17,953 [pool-449-thread-1] INFO  server.RaftServerConfigKeys (ConfUtils.java:logGet(43)) - raft.server.log.statemachine.data.sync.timeout.retry = -1 (default)
2019-09-03 19:44:17,957 [pool-469-thread-1] INFO  server.RaftServerConfigKeys (ConfUtils.java:logGet(43)) - raft.server.snapshot.auto.trigger.enabled = true (custom)
2019-09-03 19:44:17,957 [pool-449-thread-1] INFO  server.RaftServerConfigKeys (ConfUtils.java:logGet(43)) - raft.server.log.statemachine.data.caching.enabled = true (custom)
2019-09-03 19:44:17,957 [pool-469-thread-1] INFO  server.RaftServerConfigKeys (ConfUtils.java:logGet(43)) - raft.server.snapshot.auto.trigger.threshold = 10000 (custom)
2019-09-03 19:44:17,957 [pool-449-thread-1] INFO  segmented.SegmentedRaftLogWorker (SegmentedRaftLogWorker.java:lambda$new$0(132)) - 540a2827-7fc9-4198-8052-28e0673e188a-SegmentedRaftLogWorker:Storage Directory /workdir/hadoop-ozone/integration-test/target/test-dir/MiniOzoneClusterImpl-93e4c667-a4e3-48cf-a9ad-b2b6e5195dda/datanode-4/data/ratis/6776fe23-c688-4676-bb0b-7571bf224a00: flushIndex: setUnconditionally 0 -> -1
2019-09-03 19:44:17,957 [pool-469-thread-1] INFO  server.RaftServerConfigKeys (ConfUtils.java:logGet(43)) - raft.server.retrycache.expirytime = 600000ms (custom)
2019-09-03 19:44:17,958 [pool-449-thread-1] INFO  server.RaftServerConfigKeys (ConfUtils.java:logGet(43)) - raft.server.snapshot.auto.trigger.enabled = true (custom)
2019-09-03 19:44:17,958 [pool-469-thread-1] INFO  impl.RaftServerImpl (RaftServerImpl.java:start(180)) - 18cb8b51-24c0-4f4d-8227-db849c3449ea: start group-7571BF224A00
2019-09-03 19:44:17,958 [pool-449-thread-1] INFO  server.RaftServerConfigKeys (ConfUtils.java:logGet(43)) - raft.server.snapshot.auto.trigger.threshold = 10000 (custom)
2019-09-03 19:44:17,958 [pool-469-thread-1] INFO  impl.RaftServerImpl (RaftServerImpl.java:setRole(171)) - 18cb8b51-24c0-4f4d-8227-db849c3449ea:group-7571BF224A00 changes role from null to FOLLOWER at term 0 for startAsFollower
2019-09-03 19:44:17,958 [pool-449-thread-1] INFO  server.RaftServerConfigKeys (ConfUtils.java:logGet(43)) - raft.server.retrycache.expirytime = 600000ms (custom)
2019-09-03 19:44:17,958 [pool-469-thread-1] INFO  impl.RoleInfo (RoleInfo.java:updateAndGet(143)) - 18cb8b51-24c0-4f4d-8227-db849c3449ea: start FollowerState
2019-09-03 19:44:17,958 [pool-449-thread-1] INFO  impl.RaftServerImpl (RaftServerImpl.java:start(180)) - 540a2827-7fc9-4198-8052-28e0673e188a: start group-7571BF224A00
2019-09-03 19:44:17,959 [pool-449-thread-1] INFO  impl.RaftServerImpl (RaftServerImpl.java:setRole(171)) - 540a2827-7fc9-4198-8052-28e0673e188a:group-7571BF224A00 changes role from null to FOLLOWER at term 0 for startAsFollower
2019-09-03 19:44:17,959 [pool-449-thread-1] INFO  impl.RoleInfo (RoleInfo.java:updateAndGet(143)) - 540a2827-7fc9-4198-8052-28e0673e188a: start FollowerState
2019-09-03 19:44:17,959 [pool-469-thread-1] INFO  util.JmxRegister (JmxRegister.java:tryRegister(44)) - Successfully registered JMX Bean with object name Ratis:service=RaftServer,group=group-7571BF224A00,id=18cb8b51-24c0-4f4d-8227-db849c3449ea
2019-09-03 19:44:17,959 [pool-449-thread-1] INFO  util.JmxRegister (JmxRegister.java:tryRegister(44)) - Successfully registered JMX Bean with object name Ratis:service=RaftServer,group=group-7571BF224A00,id=540a2827-7fc9-4198-8052-28e0673e188a
2019-09-03 19:44:17,966 [RatisPipelineUtilsThread] INFO  pipeline.PipelineStateManager (PipelineStateManager.java:addPipeline(56)) - Created pipeline Pipeline[ Id: 6776fe23-c688-4676-bb0b-7571bf224a00, Nodes: 540a2827-7fc9-4198-8052-28e0673e188a{ip: 192.168.34.20, host: pr-hdds-2018-8nzjn-2890084760, networkLocation: /default-rack, certSerialId: null}81f8abc1-4fac-4722-94b1-c50c0e4cf17c{ip: 192.168.34.20, host: pr-hdds-2018-8nzjn-2890084760, networkLocation: /default-rack, certSerialId: null}18cb8b51-24c0-4f4d-8227-db849c3449ea{ip: 192.168.34.20, host: pr-hdds-2018-8nzjn-2890084760, networkLocation: /default-rack, certSerialId: null}, Type:RATIS, Factor:THREE, State:OPEN]
2019-09-03 19:44:18,000 [grpc-default-executor-9] INFO  client.GrpcClientProtocolClient (GrpcClientProtocolClient.java:onNext(255)) - client-461F846070FB->540a2827-7fc9-4198-8052-28e0673e188a: receive RaftClientReply:client-461F846070FB->540a2827-7fc9-4198-8052-28e0673e188a@group-7571BF224A00, cid=175, FAILED org.apache.ratis.protocol.NotLeaderException: Server 540a2827-7fc9-4198-8052-28e0673e188a is not the leader (null). Request must be sent to leader., logIndex=0, commits[540a2827-7fc9-4198-8052-28e0673e188a:c-1]
2019-09-03 19:44:19,018 [grpc-default-executor-9] INFO  client.GrpcClientProtocolClient (GrpcClientProtocolClient.java:onNext(255)) - client-461F846070FB->18cb8b51-24c0-4f4d-8227-db849c3449ea: receive RaftClientReply:client-461F846070FB->18cb8b51-24c0-4f4d-8227-db849c3449ea@group-7571BF224A00, cid=175, FAILED org.apache.ratis.protocol.NotLeaderException: Server 18cb8b51-24c0-4f4d-8227-db849c3449ea is not the leader (null). Request must be sent to leader., logIndex=0, commits[18cb8b51-24c0-4f4d-8227-db849c3449ea:c-1]
2019-09-03 19:44:20,032 [grpc-default-executor-7] INFO  client.GrpcClientProtocolClient (GrpcClientProtocolClient.java:onNext(255)) - client-461F846070FB->81f8abc1-4fac-4722-94b1-c50c0e4cf17c: receive RaftClientReply:client-461F846070FB->81f8abc1-4fac-4722-94b1-c50c0e4cf17c@group-7571BF224A00, cid=175, FAILED org.apache.ratis.protocol.NotLeaderException: Server 81f8abc1-4fac-4722-94b1-c50c0e4cf17c is not the leader (null). Request must be sent to leader., logIndex=0, commits[81f8abc1-4fac-4722-94b1-c50c0e4cf17c:c-1]
2019-09-03 19:44:20,378 [Thread-3283] INFO  container.ReplicationManager (ReplicationManager.java:start(162)) - Starting Replication Monitor Thread.
2019-09-03 19:44:20,382 [ReplicationMonitor] INFO  container.ReplicationManager (ReplicationManager.java:run(225)) - Replication Monitor Thread took 0 milliseconds for processing 1 containers.
2019-09-03 19:44:21,046 [grpc-default-executor-9] INFO  client.GrpcClientProtocolClient (GrpcClientProtocolClient.java:onNext(255)) - client-461F846070FB->540a2827-7fc9-4198-8052-28e0673e188a: receive RaftClientReply:client-461F846070FB->540a2827-7fc9-4198-8052-28e0673e188a@group-7571BF224A00, cid=175, FAILED org.apache.ratis.protocol.NotLeaderException: Server 540a2827-7fc9-4198-8052-28e0673e188a is not the leader (null). Request must be sent to leader., logIndex=0, commits[540a2827-7fc9-4198-8052-28e0673e188a:c-1]
2019-09-03 19:44:22,062 [grpc-default-executor-7] INFO  client.GrpcClientProtocolClient (GrpcClientProtocolClient.java:onNext(255)) - client-461F846070FB->18cb8b51-24c0-4f4d-8227-db849c3449ea: receive RaftClientReply:client-461F846070FB->18cb8b51-24c0-4f4d-8227-db849c3449ea@group-7571BF224A00, cid=175, FAILED org.apache.ratis.protocol.NotLeaderException: Server 18cb8b51-24c0-4f4d-8227-db849c3449ea is not the leader (null). Request must be sent to leader., logIndex=0, commits[18cb8b51-24c0-4f4d-8227-db849c3449ea:c-1]
2019-09-03 19:44:22,540 [Thread-3291] INFO  impl.FollowerState (FollowerState.java:run(106)) - ecbfe45e-9fdf-4f4a-9146-cd504af0c997:group-E0E8ADC73C35 changes to CANDIDATE, lastRpcTime:5013, electionTimeout:5013ms
2019-09-03 19:44:22,540 [Thread-3291] INFO  impl.RoleInfo (RoleInfo.java:shutdownFollowerState(121)) - ecbfe45e-9fdf-4f4a-9146-cd504af0c997: shutdown FollowerState
2019-09-03 19:44:22,540 [Thread-3291] INFO  impl.RaftServerImpl (RaftServerImpl.java:setRole(171)) - ecbfe45e-9fdf-4f4a-9146-cd504af0c997:group-E0E8ADC73C35 changes role from FOLLOWER to CANDIDATE at term 0 for changeToCandidate
2019-09-03 19:44:22,541 [Thread-3291] INFO  impl.RoleInfo (RoleInfo.java:updateAndGet(143)) - ecbfe45e-9fdf-4f4a-9146-cd504af0c997: start LeaderElection
2019-09-03 19:44:22,561 [Thread-3288] INFO  impl.FollowerState (FollowerState.java:run(106)) - 4cb224ee-0f9f-46ee-af6c-a1bf099b7db7:group-0A0DFD16AD9E changes to CANDIDATE, lastRpcTime:5084, electionTimeout:5065ms
2019-09-03 19:44:22,561 [Thread-3288] INFO  impl.RoleInfo (RoleInfo.java:shutdownFollowerState(121)) - 4cb224ee-0f9f-46ee-af6c-a1bf099b7db7: shutdown FollowerState
2019-09-03 19:44:22,561 [Thread-3288] INFO  impl.RaftServerImpl (RaftServerImpl.java:setRole(171)) - 4cb224ee-0f9f-46ee-af6c-a1bf099b7db7:group-0A0DFD16AD9E changes role from FOLLOWER to CANDIDATE at term 0 for changeToCandidate
2019-09-03 19:44:22,561 [Thread-3288] INFO  impl.RoleInfo (RoleInfo.java:updateAndGet(143)) - 4cb224ee-0f9f-46ee-af6c-a1bf099b7db7: start LeaderElection
2019-09-03 19:44:22,592 [4cb224ee-0f9f-46ee-af6c-a1bf099b7db7:group-0A0DFD16AD9E:LeaderElection55] INFO  impl.LeaderElection (LeaderElection.java:askForVotes(181)) - 4cb224ee-0f9f-46ee-af6c-a1bf099b7db7:group-0A0DFD16AD9E:LeaderElection55: begin an election at term 1 for -1: [4cb224ee-0f9f-46ee-af6c-a1bf099b7db7:192.168.34.20:37719], old=null
2019-09-03 19:44:22,592 [ecbfe45e-9fdf-4f4a-9146-cd504af0c997:group-E0E8ADC73C35:LeaderElection54] INFO  impl.LeaderElection (LeaderElection.java:askForVotes(181)) - ecbfe45e-9fdf-4f4a-9146-cd504af0c997:group-E0E8ADC73C35:LeaderElection54: begin an election at term 1 for -1: [ecbfe45e-9fdf-4f4a-9146-cd504af0c997:192.168.34.20:41810], old=null
2019-09-03 19:44:22,592 [4cb224ee-0f9f-46ee-af6c-a1bf099b7db7:group-0A0DFD16AD9E:LeaderElection55] INFO  impl.RoleInfo (RoleInfo.java:shutdownLeaderElection(134)) - 4cb224ee-0f9f-46ee-af6c-a1bf099b7db7: shutdown LeaderElection
2019-09-03 19:44:22,592 [ecbfe45e-9fdf-4f4a-9146-cd504af0c997:group-E0E8ADC73C35:LeaderElection54] INFO  impl.RoleInfo (RoleInfo.java:shutdownLeaderElection(134)) - ecbfe45e-9fdf-4f4a-9146-cd504af0c997: shutdown LeaderElection
2019-09-03 19:44:22,593 [4cb224ee-0f9f-46ee-af6c-a1bf099b7db7:group-0A0DFD16AD9E:LeaderElection55] INFO  impl.RaftServerImpl (RaftServerImpl.java:setRole(171)) - 4cb224ee-0f9f-46ee-af6c-a1bf099b7db7:group-0A0DFD16AD9E changes role from CANDIDATE to LEADER at term 1 for changeToLeader
2019-09-03 19:44:22,593 [ecbfe45e-9fdf-4f4a-9146-cd504af0c997:group-E0E8ADC73C35:LeaderElection54] INFO  impl.RaftServerImpl (RaftServerImpl.java:setRole(171)) - ecbfe45e-9fdf-4f4a-9146-cd504af0c997:group-E0E8ADC73C35 changes role from CANDIDATE to LEADER at term 1 for changeToLeader
2019-09-03 19:44:22,593 [4cb224ee-0f9f-46ee-af6c-a1bf099b7db7:group-0A0DFD16AD9E:LeaderElection55] INFO  impl.RaftServerImpl (ServerState.java:setLeader(263)) - 4cb224ee-0f9f-46ee-af6c-a1bf099b7db7:group-0A0DFD16AD9E change Leader from null to 4cb224ee-0f9f-46ee-af6c-a1bf099b7db7 at term 1 for becomeLeader, leader elected after 5120ms
2019-09-03 19:44:22,593 [ecbfe45e-9fdf-4f4a-9146-cd504af0c997:group-E0E8ADC73C35:LeaderElection54] INFO  impl.RaftServerImpl (ServerState.java:setLeader(263)) - ecbfe45e-9fdf-4f4a-9146-cd504af0c997:group-E0E8ADC73C35 change Leader from null to ecbfe45e-9fdf-4f4a-9146-cd504af0c997 at term 1 for becomeLeader, leader elected after 5070ms
2019-09-03 19:44:22,593 [4cb224ee-0f9f-46ee-af6c-a1bf099b7db7:group-0A0DFD16AD9E:LeaderElection55] INFO  server.RaftServerConfigKeys (ConfUtils.java:logGet(43)) - raft.server.staging.catchup.gap = 1000 (default)
2019-09-03 19:44:22,593 [ecbfe45e-9fdf-4f4a-9146-cd504af0c997:group-E0E8ADC73C35:LeaderElection54] INFO  server.RaftServerConfigKeys (ConfUtils.java:logGet(43)) - raft.server.staging.catchup.gap = 1000 (default)
2019-09-03 19:44:22,593 [4cb224ee-0f9f-46ee-af6c-a1bf099b7db7:group-0A0DFD16AD9E:LeaderElection55] INFO  server.RaftServerConfigKeys (ConfUtils.java:logGet(43)) - raft.server.rpc.sleep.time = 25ms (default)
2019-09-03 19:44:22,594 [ecbfe45e-9fdf-4f4a-9146-cd504af0c997:group-E0E8ADC73C35:LeaderElection54] INFO  server.RaftServerConfigKeys (ConfUtils.java:logGet(43)) - raft.server.rpc.sleep.time = 25ms (default)
2019-09-03 19:44:22,594 [4cb224ee-0f9f-46ee-af6c-a1bf099b7db7:group-0A0DFD16AD9E:LeaderElection55] INFO  server.RaftServerConfigKeys (ConfUtils.java:logGet(43)) - raft.server.write.element-limit = 4096 (default)
2019-09-03 19:44:22,594 [ecbfe45e-9fdf-4f4a-9146-cd504af0c997:group-E0E8ADC73C35:LeaderElection54] INFO  server.RaftServerConfigKeys (ConfUtils.java:logGet(43)) - raft.server.write.element-limit = 4096 (default)
2019-09-03 19:44:22,594 [4cb224ee-0f9f-46ee-af6c-a1bf099b7db7:group-0A0DFD16AD9E:LeaderElection55] INFO  server.RaftServerConfigKeys (ConfUtils.java:logGet(43)) - raft.server.watch.timeout = 10s (default)
2019-09-03 19:44:22,594 [ecbfe45e-9fdf-4f4a-9146-cd504af0c997:group-E0E8ADC73C35:LeaderElection54] INFO  server.RaftServerConfigKeys (ConfUtils.java:logGet(43)) - raft.server.watch.timeout = 10s (default)
2019-09-03 19:44:22,594 [4cb224ee-0f9f-46ee-af6c-a1bf099b7db7:group-0A0DFD16AD9E:LeaderElection55] INFO  server.RaftServerConfigKeys (ConfUtils.java:logGet(43)) - raft.server.watch.timeout.denomination = 1s (default)
2019-09-03 19:44:22,594 [ecbfe45e-9fdf-4f4a-9146-cd504af0c997:group-E0E8ADC73C35:LeaderElection54] INFO  server.RaftServerConfigKeys (ConfUtils.java:logGet(43)) - raft.server.watch.timeout.denomination = 1s (default)
2019-09-03 19:44:22,595 [4cb224ee-0f9f-46ee-af6c-a1bf099b7db7:group-0A0DFD16AD9E:LeaderElection55] INFO  server.RaftServerConfigKeys (ConfUtils.java:logGet(43)) - raft.server.watch.element-limit = 65536 (default)
2019-09-03 19:44:22,595 [ecbfe45e-9fdf-4f4a-9146-cd504af0c997:group-E0E8ADC73C35:LeaderElection54] INFO  server.RaftServerConfigKeys (ConfUtils.java:logGet(43)) - raft.server.watch.element-limit = 65536 (default)
2019-09-03 19:44:22,595 [4cb224ee-0f9f-46ee-af6c-a1bf099b7db7:group-0A0DFD16AD9E:LeaderElection55] INFO  impl.RoleInfo (RoleInfo.java:updateAndGet(143)) - 4cb224ee-0f9f-46ee-af6c-a1bf099b7db7: start LeaderState
2019-09-03 19:44:22,595 [ecbfe45e-9fdf-4f4a-9146-cd504af0c997:group-E0E8ADC73C35:LeaderElection54] INFO  impl.RoleInfo (RoleInfo.java:updateAndGet(143)) - ecbfe45e-9fdf-4f4a-9146-cd504af0c997: start LeaderState
2019-09-03 19:44:22,595 [4cb224ee-0f9f-46ee-af6c-a1bf099b7db7:group-0A0DFD16AD9E:LeaderElection55] INFO  segmented.SegmentedRaftLogWorker (SegmentedRaftLogWorker.java:startLogSegment(380)) - 4cb224ee-0f9f-46ee-af6c-a1bf099b7db7-SegmentedRaftLogWorker:Storage Directory /workdir/hadoop-ozone/integration-test/target/test-dir/MiniOzoneClusterImpl-93e4c667-a4e3-48cf-a9ad-b2b6e5195dda/datanode-1/data/ratis/30bf579c-fda4-460c-8b0a-0a0dfd16ad9e: Starting segment from index:0
2019-09-03 19:44:22,595 [ecbfe45e-9fdf-4f4a-9146-cd504af0c997:group-E0E8ADC73C35:LeaderElection54] INFO  segmented.SegmentedRaftLogWorker (SegmentedRaftLogWorker.java:startLogSegment(380)) - ecbfe45e-9fdf-4f4a-9146-cd504af0c997-SegmentedRaftLogWorker:Storage Directory /workdir/hadoop-ozone/integration-test/target/test-dir/MiniOzoneClusterImpl-93e4c667-a4e3-48cf-a9ad-b2b6e5195dda/datanode-2/data/ratis/86eda660-3a05-4932-93d1-e0e8adc73c35: Starting segment from index:0
2019-09-03 19:44:22,596 [4cb224ee-0f9f-46ee-af6c-a1bf099b7db7:group-0A0DFD16AD9E:LeaderElection55] INFO  impl.RaftServerImpl (ServerState.java:setRaftConf(361)) - 4cb224ee-0f9f-46ee-af6c-a1bf099b7db7:group-0A0DFD16AD9E set configuration 0: [4cb224ee-0f9f-46ee-af6c-a1bf099b7db7:192.168.34.20:37719], old=null at 0
2019-09-03 19:44:22,637 [Thread-3285] INFO  impl.FollowerState (FollowerState.java:run(106)) - 7579200a-e651-42c1-a300-5865ac4d1a81:group-A781493BDC99 changes to CANDIDATE, lastRpcTime:5207, electionTimeout:5188ms
2019-09-03 19:44:22,637 [Thread-3285] INFO  impl.RoleInfo (RoleInfo.java:shutdownFollowerState(121)) - 7579200a-e651-42c1-a300-5865ac4d1a81: shutdown FollowerState
2019-09-03 19:44:22,637 [Thread-3285] INFO  impl.RaftServerImpl (RaftServerImpl.java:setRole(171)) - 7579200a-e651-42c1-a300-5865ac4d1a81:group-A781493BDC99 changes role from FOLLOWER to CANDIDATE at term 0 for changeToCandidate
2019-09-03 19:44:22,637 [ecbfe45e-9fdf-4f4a-9146-cd504af0c997:group-E0E8ADC73C35:LeaderElection54] INFO  impl.RaftServerImpl (ServerState.java:setRaftConf(361)) - ecbfe45e-9fdf-4f4a-9146-cd504af0c997:group-E0E8ADC73C35 set configuration 0: [ecbfe45e-9fdf-4f4a-9146-cd504af0c997:192.168.34.20:41810], old=null at 0
2019-09-03 19:44:22,637 [Thread-3285] INFO  impl.RoleInfo (RoleInfo.java:updateAndGet(143)) - 7579200a-e651-42c1-a300-5865ac4d1a81: start LeaderElection
2019-09-03 19:44:22,682 [4cb224ee-0f9f-46ee-af6c-a1bf099b7db7-SegmentedRaftLogWorker:Storage Directory /workdir/hadoop-ozone/integration-test/target/test-dir/MiniOzoneClusterImpl-93e4c667-a4e3-48cf-a9ad-b2b6e5195dda/datanode-1/data/ratis/30bf579c-fda4-460c-8b0a-0a0dfd16ad9e] INFO  segmented.SegmentedRaftLogWorker (SegmentedRaftLogWorker.java:execute(569)) - 4cb224ee-0f9f-46ee-af6c-a1bf099b7db7-SegmentedRaftLogWorker:Storage Directory /workdir/hadoop-ozone/integration-test/target/test-dir/MiniOzoneClusterImpl-93e4c667-a4e3-48cf-a9ad-b2b6e5195dda/datanode-1/data/ratis/30bf579c-fda4-460c-8b0a-0a0dfd16ad9e: created new log segment /workdir/hadoop-ozone/integration-test/target/test-dir/MiniOzoneClusterImpl-93e4c667-a4e3-48cf-a9ad-b2b6e5195dda/datanode-1/data/ratis/30bf579c-fda4-460c-8b0a-0a0dfd16ad9e/current/log_inprogress_0
2019-09-03 19:44:22,681 [Thread-3298] INFO  impl.FollowerState (FollowerState.java:run(106)) - 7579200a-e651-42c1-a300-5865ac4d1a81:group-BB9B692CD120 changes to CANDIDATE, lastRpcTime:5045, electionTimeout:5029ms
2019-09-03 19:44:22,686 [Thread-3298] INFO  impl.RoleInfo (RoleInfo.java:shutdownFollowerState(121)) - 7579200a-e651-42c1-a300-5865ac4d1a81: shutdown FollowerState
2019-09-03 19:44:22,686 [Thread-3298] INFO  impl.RaftServerImpl (RaftServerImpl.java:setRole(171)) - 7579200a-e651-42c1-a300-5865ac4d1a81:group-BB9B692CD120 changes role from FOLLOWER to CANDIDATE at term 0 for changeToCandidate
2019-09-03 19:44:22,688 [Thread-3298] INFO  impl.RoleInfo (RoleInfo.java:updateAndGet(143)) - 7579200a-e651-42c1-a300-5865ac4d1a81: start LeaderElection
2019-09-03 19:44:22,704 [ecbfe45e-9fdf-4f4a-9146-cd504af0c997-SegmentedRaftLogWorker:Storage Directory /workdir/hadoop-ozone/integration-test/target/test-dir/MiniOzoneClusterImpl-93e4c667-a4e3-48cf-a9ad-b2b6e5195dda/datanode-2/data/ratis/86eda660-3a05-4932-93d1-e0e8adc73c35] INFO  segmented.SegmentedRaftLogWorker (SegmentedRaftLogWorker.java:execute(569)) - ecbfe45e-9fdf-4f4a-9146-cd504af0c997-SegmentedRaftLogWorker:Storage Directory /workdir/hadoop-ozone/integration-test/target/test-dir/MiniOzoneClusterImpl-93e4c667-a4e3-48cf-a9ad-b2b6e5195dda/datanode-2/data/ratis/86eda660-3a05-4932-93d1-e0e8adc73c35: created new log segment /workdir/hadoop-ozone/integration-test/target/test-dir/MiniOzoneClusterImpl-93e4c667-a4e3-48cf-a9ad-b2b6e5195dda/datanode-2/data/ratis/86eda660-3a05-4932-93d1-e0e8adc73c35/current/log_inprogress_0
2019-09-03 19:44:22,719 [7579200a-e651-42c1-a300-5865ac4d1a81:group-BB9B692CD120:LeaderElection57] INFO  impl.LeaderElection (LeaderElection.java:askForVotes(181)) - 7579200a-e651-42c1-a300-5865ac4d1a81:group-BB9B692CD120:LeaderElection57: begin an election at term 1 for -1: [ecbfe45e-9fdf-4f4a-9146-cd504af0c997:192.168.34.20:41810, 4cb224ee-0f9f-46ee-af6c-a1bf099b7db7:192.168.34.20:37719, 7579200a-e651-42c1-a300-5865ac4d1a81:192.168.34.20:37601], old=null
2019-09-03 19:44:22,719 [7579200a-e651-42c1-a300-5865ac4d1a81:group-A781493BDC99:LeaderElection56] INFO  impl.LeaderElection (LeaderElection.java:askForVotes(181)) - 7579200a-e651-42c1-a300-5865ac4d1a81:group-A781493BDC99:LeaderElection56: begin an election at term 1 for -1: [7579200a-e651-42c1-a300-5865ac4d1a81:192.168.34.20:37601], old=null
2019-09-03 19:44:22,719 [7579200a-e651-42c1-a300-5865ac4d1a81:group-A781493BDC99:LeaderElection56] INFO  impl.RoleInfo (RoleInfo.java:shutdownLeaderElection(134)) - 7579200a-e651-42c1-a300-5865ac4d1a81: shutdown LeaderElection
2019-09-03 19:44:22,719 [7579200a-e651-42c1-a300-5865ac4d1a81:group-A781493BDC99:LeaderElection56] INFO  impl.RaftServerImpl (RaftServerImpl.java:setRole(171)) - 7579200a-e651-42c1-a300-5865ac4d1a81:group-A781493BDC99 changes role from CANDIDATE to LEADER at term 1 for changeToLeader
2019-09-03 19:44:22,719 [7579200a-e651-42c1-a300-5865ac4d1a81:group-A781493BDC99:LeaderElection56] INFO  impl.RaftServerImpl (ServerState.java:setLeader(263)) - 7579200a-e651-42c1-a300-5865ac4d1a81:group-A781493BDC99 change Leader from null to 7579200a-e651-42c1-a300-5865ac4d1a81 at term 1 for becomeLeader, leader elected after 5295ms
2019-09-03 19:44:22,720 [7579200a-e651-42c1-a300-5865ac4d1a81:group-A781493BDC99:LeaderElection56] INFO  server.RaftServerConfigKeys (ConfUtils.java:logGet(43)) - raft.server.staging.catchup.gap = 1000 (default)
2019-09-03 19:44:22,720 [7579200a-e651-42c1-a300-5865ac4d1a81:group-A781493BDC99:LeaderElection56] INFO  server.RaftServerConfigKeys (ConfUtils.java:logGet(43)) - raft.server.rpc.sleep.time = 25ms (default)
2019-09-03 19:44:22,720 [7579200a-e651-42c1-a300-5865ac4d1a81:group-A781493BDC99:LeaderElection56] INFO  server.RaftServerConfigKeys (ConfUtils.java:logGet(43)) - raft.server.write.element-limit = 4096 (default)
2019-09-03 19:44:22,720 [7579200a-e651-42c1-a300-5865ac4d1a81:group-A781493BDC99:LeaderElection56] INFO  server.RaftServerConfigKeys (ConfUtils.java:logGet(43)) - raft.server.watch.timeout = 10s (default)
2019-09-03 19:44:22,720 [7579200a-e651-42c1-a300-5865ac4d1a81:group-A781493BDC99:LeaderElection56] INFO  server.RaftServerConfigKeys (ConfUtils.java:logGet(43)) - raft.server.watch.timeout.denomination = 1s (default)
2019-09-03 19:44:22,721 [7579200a-e651-42c1-a300-5865ac4d1a81:group-A781493BDC99:LeaderElection56] INFO  server.RaftServerConfigKeys (ConfUtils.java:logGet(43)) - raft.server.watch.element-limit = 65536 (default)
2019-09-03 19:44:22,721 [7579200a-e651-42c1-a300-5865ac4d1a81:group-A781493BDC99:LeaderElection56] INFO  impl.RoleInfo (RoleInfo.java:updateAndGet(143)) - 7579200a-e651-42c1-a300-5865ac4d1a81: start LeaderState
2019-09-03 19:44:22,721 [7579200a-e651-42c1-a300-5865ac4d1a81:group-A781493BDC99:LeaderElection56] INFO  segmented.SegmentedRaftLogWorker (SegmentedRaftLogWorker.java:startLogSegment(380)) - 7579200a-e651-42c1-a300-5865ac4d1a81-SegmentedRaftLogWorker:Storage Directory /workdir/hadoop-ozone/integration-test/target/test-dir/MiniOzoneClusterImpl-93e4c667-a4e3-48cf-a9ad-b2b6e5195dda/datanode-0/data/ratis/84e443a4-4e52-4aef-b2dc-a781493bdc99: Starting segment from index:0
2019-09-03 19:44:22,725 [7579200a-e651-42c1-a300-5865ac4d1a81:group-A781493BDC99:LeaderElection56] INFO  impl.RaftServerImpl (ServerState.java:setRaftConf(361)) - 7579200a-e651-42c1-a300-5865ac4d1a81:group-A781493BDC99 set configuration 0: [7579200a-e651-42c1-a300-5865ac4d1a81:192.168.34.20:37601], old=null at 0
2019-09-03 19:44:22,771 [Thread-3294] INFO  impl.FollowerState (FollowerState.java:run(106)) - ecbfe45e-9fdf-4f4a-9146-cd504af0c997:group-BB9B692CD120 changes to CANDIDATE, lastRpcTime:5158, electionTimeout:5121ms
2019-09-03 19:44:22,771 [Thread-3294] INFO  impl.RoleInfo (RoleInfo.java:shutdownFollowerState(121)) - ecbfe45e-9fdf-4f4a-9146-cd504af0c997: shutdown FollowerState
2019-09-03 19:44:22,771 [Thread-3294] INFO  impl.RaftServerImpl (RaftServerImpl.java:setRole(171)) - ecbfe45e-9fdf-4f4a-9146-cd504af0c997:group-BB9B692CD120 changes role from FOLLOWER to CANDIDATE at term 0 for changeToCandidate
2019-09-03 19:44:22,772 [Thread-3294] INFO  impl.RoleInfo (RoleInfo.java:updateAndGet(143)) - ecbfe45e-9fdf-4f4a-9146-cd504af0c997: start LeaderElection
2019-09-03 19:44:22,779 [grpc-default-executor-7] INFO  impl.RaftServerImpl (RaftServerImpl.java:setRole(171)) - 4cb224ee-0f9f-46ee-af6c-a1bf099b7db7:group-BB9B692CD120 changes role from FOLLOWER to FOLLOWER at term 1 for recognizeCandidate:7579200a-e651-42c1-a300-5865ac4d1a81
2019-09-03 19:44:22,779 [grpc-default-executor-7] INFO  impl.RoleInfo (RoleInfo.java:shutdownFollowerState(121)) - 4cb224ee-0f9f-46ee-af6c-a1bf099b7db7: shutdown FollowerState
2019-09-03 19:44:22,782 [grpc-default-executor-7] INFO  impl.RoleInfo (RoleInfo.java:updateAndGet(143)) - 4cb224ee-0f9f-46ee-af6c-a1bf099b7db7: start FollowerState
2019-09-03 19:44:22,782 [Thread-3299] INFO  impl.FollowerState (FollowerState.java:run(114)) - 4cb224ee-0f9f-46ee-af6c-a1bf099b7db7: FollowerState was interrupted: java.lang.InterruptedException: sleep interrupted
2019-09-03 19:44:22,795 [Thread-3303] INFO  impl.FollowerState (FollowerState.java:run(106)) - 540a2827-7fc9-4198-8052-28e0673e188a:group-483B831051C9 changes to CANDIDATE, lastRpcTime:5092, electionTimeout:5092ms
2019-09-03 19:44:22,796 [Thread-3303] INFO  impl.RoleInfo (RoleInfo.java:shutdownFollowerState(121)) - 540a2827-7fc9-4198-8052-28e0673e188a: shutdown FollowerState
2019-09-03 19:44:22,796 [7579200a-e651-42c1-a300-5865ac4d1a81-SegmentedRaftLogWorker:Storage Directory /workdir/hadoop-ozone/integration-test/target/test-dir/MiniOzoneClusterImpl-93e4c667-a4e3-48cf-a9ad-b2b6e5195dda/datanode-0/data/ratis/84e443a4-4e52-4aef-b2dc-a781493bdc99] INFO  segmented.SegmentedRaftLogWorker (SegmentedRaftLogWorker.java:execute(569)) - 7579200a-e651-42c1-a300-5865ac4d1a81-SegmentedRaftLogWorker:Storage Directory /workdir/hadoop-ozone/integration-test/target/test-dir/MiniOzoneClusterImpl-93e4c667-a4e3-48cf-a9ad-b2b6e5195dda/datanode-0/data/ratis/84e443a4-4e52-4aef-b2dc-a781493bdc99: created new log segment /workdir/hadoop-ozone/integration-test/target/test-dir/MiniOzoneClusterImpl-93e4c667-a4e3-48cf-a9ad-b2b6e5195dda/datanode-0/data/ratis/84e443a4-4e52-4aef-b2dc-a781493bdc99/current/log_inprogress_0
2019-09-03 19:44:22,796 [ecbfe45e-9fdf-4f4a-9146-cd504af0c997:group-BB9B692CD120:LeaderElection58] INFO  impl.LeaderElection (LeaderElection.java:askForVotes(181)) - ecbfe45e-9fdf-4f4a-9146-cd504af0c997:group-BB9B692CD120:LeaderElection58: begin an election at term 1 for -1: [ecbfe45e-9fdf-4f4a-9146-cd504af0c997:192.168.34.20:41810, 4cb224ee-0f9f-46ee-af6c-a1bf099b7db7:192.168.34.20:37719, 7579200a-e651-42c1-a300-5865ac4d1a81:192.168.34.20:37601], old=null
2019-09-03 19:44:22,796 [Thread-3303] INFO  impl.RaftServerImpl (RaftServerImpl.java:setRole(171)) - 540a2827-7fc9-4198-8052-28e0673e188a:group-483B831051C9 changes role from FOLLOWER to CANDIDATE at term 0 for changeToCandidate
2019-09-03 19:44:22,798 [Thread-3303] INFO  impl.RoleInfo (RoleInfo.java:updateAndGet(143)) - 540a2827-7fc9-4198-8052-28e0673e188a: start LeaderElection
2019-09-03 19:44:22,816 [7579200a-e651-42c1-a300-5865ac4d1a81:group-BB9B692CD120:LeaderElection57] INFO  impl.LeaderElection (LeaderElection.java:logAndReturn(56)) - 7579200a-e651-42c1-a300-5865ac4d1a81:group-BB9B692CD120:LeaderElection57: Election PASSED; received 2 response(s) [7579200a-e651-42c1-a300-5865ac4d1a81<-ecbfe45e-9fdf-4f4a-9146-cd504af0c997#0:FAIL-t1, 7579200a-e651-42c1-a300-5865ac4d1a81<-4cb224ee-0f9f-46ee-af6c-a1bf099b7db7#0:OK-t1] and 0 exception(s); 7579200a-e651-42c1-a300-5865ac4d1a81:t1, leader=null, voted=7579200a-e651-42c1-a300-5865ac4d1a81, raftlog=7579200a-e651-42c1-a300-5865ac4d1a81-SegmentedRaftLog:OPENED:c-1,f-1,i0, conf=-1: [ecbfe45e-9fdf-4f4a-9146-cd504af0c997:192.168.34.20:41810, 4cb224ee-0f9f-46ee-af6c-a1bf099b7db7:192.168.34.20:37719, 7579200a-e651-42c1-a300-5865ac4d1a81:192.168.34.20:37601], old=null
2019-09-03 19:44:22,817 [7579200a-e651-42c1-a300-5865ac4d1a81:group-BB9B692CD120:LeaderElection57] INFO  impl.RoleInfo (RoleInfo.java:shutdownLeaderElection(134)) - 7579200a-e651-42c1-a300-5865ac4d1a81: shutdown LeaderElection
2019-09-03 19:44:22,817 [7579200a-e651-42c1-a300-5865ac4d1a81:group-BB9B692CD120:LeaderElection57] INFO  impl.RaftServerImpl (RaftServerImpl.java:setRole(171)) - 7579200a-e651-42c1-a300-5865ac4d1a81:group-BB9B692CD120 changes role from CANDIDATE to LEADER at term 1 for changeToLeader
2019-09-03 19:44:22,817 [Thread-3311] INFO  impl.FollowerState (FollowerState.java:run(106)) - 18cb8b51-24c0-4f4d-8227-db849c3449ea:group-0E42EB229826 changes to CANDIDATE, lastRpcTime:5000, electionTimeout:5000ms
2019-09-03 19:44:22,817 [7579200a-e651-42c1-a300-5865ac4d1a81:group-BB9B692CD120:LeaderElection57] INFO  impl.RaftServerImpl (ServerState.java:setLeader(263)) - 7579200a-e651-42c1-a300-5865ac4d1a81:group-BB9B692CD120 change Leader from null to 7579200a-e651-42c1-a300-5865ac4d1a81 at term 1 for becomeLeader, leader elected after 5212ms
2019-09-03 19:44:22,817 [Thread-3311] INFO  impl.RoleInfo (RoleInfo.java:shutdownFollowerState(121)) - 18cb8b51-24c0-4f4d-8227-db849c3449ea: shutdown FollowerState
2019-09-03 19:44:22,819 [7579200a-e651-42c1-a300-5865ac4d1a81:group-BB9B692CD120:LeaderElection57] INFO  server.RaftServerConfigKeys (ConfUtils.java:logGet(43)) - raft.server.staging.catchup.gap = 1000 (default)
2019-09-03 19:44:22,819 [540a2827-7fc9-4198-8052-28e0673e188a:group-483B831051C9:LeaderElection59] INFO  impl.LeaderElection (LeaderElection.java:askForVotes(181)) - 540a2827-7fc9-4198-8052-28e0673e188a:group-483B831051C9:LeaderElection59: begin an election at term 1 for -1: [540a2827-7fc9-4198-8052-28e0673e188a:192.168.34.20:43460], old=null
2019-09-03 19:44:22,819 [Thread-3311] INFO  impl.RaftServerImpl (RaftServerImpl.java:setRole(171)) - 18cb8b51-24c0-4f4d-8227-db849c3449ea:group-0E42EB229826 changes role from FOLLOWER to CANDIDATE at term 0 for changeToCandidate
2019-09-03 19:44:22,820 [540a2827-7fc9-4198-8052-28e0673e188a:group-483B831051C9:LeaderElection59] INFO  impl.RoleInfo (RoleInfo.java:shutdownLeaderElection(134)) - 540a2827-7fc9-4198-8052-28e0673e188a: shutdown LeaderElection
2019-09-03 19:44:22,819 [7579200a-e651-42c1-a300-5865ac4d1a81:group-BB9B692CD120:LeaderElection57] INFO  server.RaftServerConfigKeys (ConfUtils.java:logGet(43)) - raft.server.rpc.sleep.time = 25ms (default)
2019-09-03 19:44:22,820 [540a2827-7fc9-4198-8052-28e0673e188a:group-483B831051C9:LeaderElection59] INFO  impl.RaftServerImpl (RaftServerImpl.java:setRole(171)) - 540a2827-7fc9-4198-8052-28e0673e188a:group-483B831051C9 changes role from CANDIDATE to LEADER at term 1 for changeToLeader
2019-09-03 19:44:22,820 [7579200a-e651-42c1-a300-5865ac4d1a81:group-BB9B692CD120:LeaderElection57] INFO  server.RaftServerConfigKeys (ConfUtils.java:logGet(43)) - raft.server.write.element-limit = 4096 (default)
2019-09-03 19:44:22,820 [Thread-3311] INFO  impl.RoleInfo (RoleInfo.java:updateAndGet(143)) - 18cb8b51-24c0-4f4d-8227-db849c3449ea: start LeaderElection
2019-09-03 19:44:22,820 [7579200a-e651-42c1-a300-5865ac4d1a81:group-BB9B692CD120:LeaderElection57] INFO  server.RaftServerConfigKeys (ConfUtils.java:logGet(43)) - raft.server.watch.timeout = 10s (default)
2019-09-03 19:44:22,820 [7579200a-e651-42c1-a300-5865ac4d1a81:group-BB9B692CD120:LeaderElection57] INFO  server.RaftServerConfigKeys (ConfUtils.java:logGet(43)) - raft.server.watch.timeout.denomination = 1s (default)
2019-09-03 19:44:22,820 [540a2827-7fc9-4198-8052-28e0673e188a:group-483B831051C9:LeaderElection59] INFO  impl.RaftServerImpl (ServerState.java:setLeader(263)) - 540a2827-7fc9-4198-8052-28e0673e188a:group-483B831051C9 change Leader from null to 540a2827-7fc9-4198-8052-28e0673e188a at term 1 for becomeLeader, leader elected after 5120ms
2019-09-03 19:44:22,825 [7579200a-e651-42c1-a300-5865ac4d1a81:group-BB9B692CD120:LeaderElection57] INFO  server.RaftServerConfigKeys (ConfUtils.java:logGet(43)) - raft.server.watch.element-limit = 65536 (default)
2019-09-03 19:44:22,825 [540a2827-7fc9-4198-8052-28e0673e188a:group-483B831051C9:LeaderElection59] INFO  server.RaftServerConfigKeys (ConfUtils.java:logGet(43)) - raft.server.staging.catchup.gap = 1000 (default)
2019-09-03 19:44:22,825 [540a2827-7fc9-4198-8052-28e0673e188a:group-483B831051C9:LeaderElection59] INFO  server.RaftServerConfigKeys (ConfUtils.java:logGet(43)) - raft.server.rpc.sleep.time = 25ms (default)
2019-09-03 19:44:22,827 [7579200a-e651-42c1-a300-5865ac4d1a81:group-BB9B692CD120:LeaderElection57] INFO  server.RaftServerConfigKeys (ConfUtils.java:logGet(43)) - raft.server.log.appender.snapshot.chunk.size.max = 16MB (=16777216) (default)
2019-09-03 19:44:22,830 [18cb8b51-24c0-4f4d-8227-db849c3449ea:group-0E42EB229826:LeaderElection60] INFO  impl.LeaderElection (LeaderElection.java:askForVotes(181)) - 18cb8b51-24c0-4f4d-8227-db849c3449ea:group-0E42EB229826:LeaderElection60: begin an election at term 1 for -1: [18cb8b51-24c0-4f4d-8227-db849c3449ea:192.168.34.20:37848], old=null
2019-09-03 19:44:22,828 [540a2827-7fc9-4198-8052-28e0673e188a:group-483B831051C9:LeaderElection59] INFO  server.RaftServerConfigKeys (ConfUtils.java:logGet(43)) - raft.server.write.element-limit = 4096 (default)
2019-09-03 19:44:22,830 [18cb8b51-24c0-4f4d-8227-db849c3449ea:group-0E42EB229826:LeaderElection60] INFO  impl.RoleInfo (RoleInfo.java:shutdownLeaderElection(134)) - 18cb8b51-24c0-4f4d-8227-db849c3449ea: shutdown LeaderElection
2019-09-03 19:44:22,830 [7579200a-e651-42c1-a300-5865ac4d1a81:group-BB9B692CD120:LeaderElection57] INFO  server.RaftServerConfigKeys (ConfUtils.java:logGet(43)) - raft.server.log.appender.buffer.byte-limit = 33554432 (custom)
2019-09-03 19:44:22,833 [18cb8b51-24c0-4f4d-8227-db849c3449ea:group-0E42EB229826:LeaderElection60] INFO  impl.RaftServerImpl (RaftServerImpl.java:setRole(171)) - 18cb8b51-24c0-4f4d-8227-db849c3449ea:group-0E42EB229826 changes role from CANDIDATE to LEADER at term 1 for changeToLeader
2019-09-03 19:44:22,833 [18cb8b51-24c0-4f4d-8227-db849c3449ea:group-0E42EB229826:LeaderElection60] INFO  impl.RaftServerImpl (ServerState.java:setLeader(263)) - 18cb8b51-24c0-4f4d-8227-db849c3449ea:group-0E42EB229826 change Leader from null to 18cb8b51-24c0-4f4d-8227-db849c3449ea at term 1 for becomeLeader, leader elected after 5021ms
2019-09-03 19:44:22,833 [540a2827-7fc9-4198-8052-28e0673e188a:group-483B831051C9:LeaderElection59] INFO  server.RaftServerConfigKeys (ConfUtils.java:logGet(43)) - raft.server.watch.timeout = 10s (default)
2019-09-03 19:44:22,833 [18cb8b51-24c0-4f4d-8227-db849c3449ea:group-0E42EB229826:LeaderElection60] INFO  server.RaftServerConfigKeys (ConfUtils.java:logGet(43)) - raft.server.staging.catchup.gap = 1000 (default)
2019-09-03 19:44:22,833 [18cb8b51-24c0-4f4d-8227-db849c3449ea:group-0E42EB229826:LeaderElection60] INFO  server.RaftServerConfigKeys (ConfUtils.java:logGet(43)) - raft.server.rpc.sleep.time = 25ms (default)
2019-09-03 19:44:22,833 [7579200a-e651-42c1-a300-5865ac4d1a81:group-BB9B692CD120:LeaderElection57] INFO  server.RaftServerConfigKeys (ConfUtils.java:logGet(43)) - raft.server.log.appender.buffer.element-limit = 1 (custom)
2019-09-03 19:44:22,834 [18cb8b51-24c0-4f4d-8227-db849c3449ea:group-0E42EB229826:LeaderElection60] INFO  server.RaftServerConfigKeys (ConfUtils.java:logGet(43)) - raft.server.write.element-limit = 4096 (default)
2019-09-03 19:44:22,833 [540a2827-7fc9-4198-8052-28e0673e188a:group-483B831051C9:LeaderElection59] INFO  server.RaftServerConfigKeys (ConfUtils.java:logGet(43)) - raft.server.watch.timeout.denomination = 1s (default)
2019-09-03 19:44:22,834 [7579200a-e651-42c1-a300-5865ac4d1a81:group-BB9B692CD120:LeaderElection57] INFO  grpc.GrpcConfigKeys$Server (ConfUtils.java:logGet(43)) - raft.grpc.server.leader.outstanding.appends.max = 128 (default)
2019-09-03 19:44:22,834 [18cb8b51-24c0-4f4d-8227-db849c3449ea:group-0E42EB229826:LeaderElection60] INFO  server.RaftServerConfigKeys (ConfUtils.java:logGet(43)) - raft.server.watch.timeout = 10s (default)
2019-09-03 19:44:22,834 [7579200a-e651-42c1-a300-5865ac4d1a81:group-BB9B692CD120:LeaderElection57] INFO  server.RaftServerConfigKeys (ConfUtils.java:logGet(43)) - raft.server.rpc.request.timeout = 3000ms (default)
2019-09-03 19:44:22,834 [540a2827-7fc9-4198-8052-28e0673e188a:group-483B831051C9:LeaderElection59] INFO  server.RaftServerConfigKeys (ConfUtils.java:logGet(43)) - raft.server.watch.element-limit = 65536 (default)
2019-09-03 19:44:22,835 [7579200a-e651-42c1-a300-5865ac4d1a81:group-BB9B692CD120:LeaderElection57] INFO  server.RaftServerConfigKeys (ConfUtils.java:logGet(43)) - raft.server.log.appender.install.snapshot.enabled = false (custom)
2019-09-03 19:44:22,834 [18cb8b51-24c0-4f4d-8227-db849c3449ea:group-0E42EB229826:LeaderElection60] INFO  server.RaftServerConfigKeys (ConfUtils.java:logGet(43)) - raft.server.watch.timeout.denomination = 1s (default)
2019-09-03 19:44:22,835 [7579200a-e651-42c1-a300-5865ac4d1a81:group-BB9B692CD120:LeaderElection57] INFO  server.RaftServerConfigKeys (ConfUtils.java:logGet(43)) - raft.server.log.appender.snapshot.chunk.size.max = 16MB (=16777216) (default)
2019-09-03 19:44:22,835 [540a2827-7fc9-4198-8052-28e0673e188a:group-483B831051C9:LeaderElection59] INFO  impl.RoleInfo (RoleInfo.java:updateAndGet(143)) - 540a2827-7fc9-4198-8052-28e0673e188a: start LeaderState
2019-09-03 19:44:22,835 [7579200a-e651-42c1-a300-5865ac4d1a81:group-BB9B692CD120:LeaderElection57] INFO  server.RaftServerConfigKeys (ConfUtils.java:logGet(43)) - raft.server.log.appender.buffer.byte-limit = 33554432 (custom)
2019-09-03 19:44:22,835 [18cb8b51-24c0-4f4d-8227-db849c3449ea:group-0E42EB229826:LeaderElection60] INFO  server.RaftServerConfigKeys (ConfUtils.java:logGet(43)) - raft.server.watch.element-limit = 65536 (default)
2019-09-03 19:44:22,836 [7579200a-e651-42c1-a300-5865ac4d1a81:group-BB9B692CD120:LeaderElection57] INFO  server.RaftServerConfigKeys (ConfUtils.java:logGet(43)) - raft.server.log.appender.buffer.element-limit = 1 (custom)
2019-09-03 19:44:22,835 [540a2827-7fc9-4198-8052-28e0673e188a:group-483B831051C9:LeaderElection59] INFO  segmented.SegmentedRaftLogWorker (SegmentedRaftLogWorker.java:startLogSegment(380)) - 540a2827-7fc9-4198-8052-28e0673e188a-SegmentedRaftLogWorker:Storage Directory /workdir/hadoop-ozone/integration-test/target/test-dir/MiniOzoneClusterImpl-93e4c667-a4e3-48cf-a9ad-b2b6e5195dda/datanode-4/data/ratis/f74d7534-9ba4-4f5f-ae97-483b831051c9: Starting segment from index:0
2019-09-03 19:44:22,836 [7579200a-e651-42c1-a300-5865ac4d1a81:group-BB9B692CD120:LeaderElection57] INFO  grpc.GrpcConfigKeys$Server (ConfUtils.java:logGet(43)) - raft.grpc.server.leader.outstanding.appends.max = 128 (default)
2019-09-03 19:44:22,836 [18cb8b51-24c0-4f4d-8227-db849c3449ea:group-0E42EB229826:LeaderElection60] INFO  impl.RoleInfo (RoleInfo.java:updateAndGet(143)) - 18cb8b51-24c0-4f4d-8227-db849c3449ea: start LeaderState
2019-09-03 19:44:22,836 [7579200a-e651-42c1-a300-5865ac4d1a81:group-BB9B692CD120:LeaderElection57] INFO  server.RaftServerConfigKeys (ConfUtils.java:logGet(43)) - raft.server.rpc.request.timeout = 3000ms (default)
2019-09-03 19:44:22,837 [18cb8b51-24c0-4f4d-8227-db849c3449ea:group-0E42EB229826:LeaderElection60] INFO  segmented.SegmentedRaftLogWorker (SegmentedRaftLogWorker.java:startLogSegment(380)) - 18cb8b51-24c0-4f4d-8227-db849c3449ea-SegmentedRaftLogWorker:Storage Directory /workdir/hadoop-ozone/integration-test/target/test-dir/MiniOzoneClusterImpl-93e4c667-a4e3-48cf-a9ad-b2b6e5195dda/datanode-6/data/ratis/9c98219b-e5ad-448a-a050-0e42eb229826: Starting segment from index:0
2019-09-03 19:44:22,836 [540a2827-7fc9-4198-8052-28e0673e188a:group-483B831051C9:LeaderElection59] INFO  impl.RaftServerImpl (ServerState.java:setRaftConf(361)) - 540a2827-7fc9-4198-8052-28e0673e188a:group-483B831051C9 set configuration 0: [540a2827-7fc9-4198-8052-28e0673e188a:192.168.34.20:43460], old=null at 0
2019-09-03 19:44:22,863 [7579200a-e651-42c1-a300-5865ac4d1a81:group-BB9B692CD120:LeaderElection57] INFO  server.RaftServerConfigKeys (ConfUtils.java:logGet(43)) - raft.server.log.appender.install.snapshot.enabled = false (custom)
2019-09-03 19:44:22,904 [18cb8b51-24c0-4f4d-8227-db849c3449ea:group-0E42EB229826:LeaderElection60] INFO  impl.RaftServerImpl (ServerState.java:setRaftConf(361)) - 18cb8b51-24c0-4f4d-8227-db849c3449ea:group-0E42EB229826 set configuration 0: [18cb8b51-24c0-4f4d-8227-db849c3449ea:192.168.34.20:37848], old=null at 0
2019-09-03 19:44:22,904 [540a2827-7fc9-4198-8052-28e0673e188a-SegmentedRaftLogWorker:Storage Directory /workdir/hadoop-ozone/integration-test/target/test-dir/MiniOzoneClusterImpl-93e4c667-a4e3-48cf-a9ad-b2b6e5195dda/datanode-4/data/ratis/f74d7534-9ba4-4f5f-ae97-483b831051c9] INFO  segmented.SegmentedRaftLogWorker (SegmentedRaftLogWorker.java:execute(569)) - 540a2827-7fc9-4198-8052-28e0673e188a-SegmentedRaftLogWorker:Storage Directory /workdir/hadoop-ozone/integration-test/target/test-dir/MiniOzoneClusterImpl-93e4c667-a4e3-48cf-a9ad-b2b6e5195dda/datanode-4/data/ratis/f74d7534-9ba4-4f5f-ae97-483b831051c9: created new log segment /workdir/hadoop-ozone/integration-test/target/test-dir/MiniOzoneClusterImpl-93e4c667-a4e3-48cf-a9ad-b2b6e5195dda/datanode-4/data/ratis/f74d7534-9ba4-4f5f-ae97-483b831051c9/current/log_inprogress_0
2019-09-03 19:44:22,904 [7579200a-e651-42c1-a300-5865ac4d1a81:group-BB9B692CD120:LeaderElection57] INFO  impl.RoleInfo (RoleInfo.java:updateAndGet(143)) - 7579200a-e651-42c1-a300-5865ac4d1a81: start LeaderState
2019-09-03 19:44:22,907 [7579200a-e651-42c1-a300-5865ac4d1a81:group-BB9B692CD120:LeaderElection57] INFO  segmented.SegmentedRaftLogWorker (SegmentedRaftLogWorker.java:startLogSegment(380)) - 7579200a-e651-42c1-a300-5865ac4d1a81-SegmentedRaftLogWorker:Storage Directory /workdir/hadoop-ozone/integration-test/target/test-dir/MiniOzoneClusterImpl-93e4c667-a4e3-48cf-a9ad-b2b6e5195dda/datanode-0/data/ratis/b6613bfd-db40-4bc1-8367-bb9b692cd120: Starting segment from index:0
2019-09-03 19:44:22,907 [7579200a-e651-42c1-a300-5865ac4d1a81:group-BB9B692CD120:LeaderElection57] INFO  impl.RaftServerImpl (ServerState.java:setRaftConf(361)) - 7579200a-e651-42c1-a300-5865ac4d1a81:group-BB9B692CD120 set configuration 0: [ecbfe45e-9fdf-4f4a-9146-cd504af0c997:192.168.34.20:41810, 4cb224ee-0f9f-46ee-af6c-a1bf099b7db7:192.168.34.20:37719, 7579200a-e651-42c1-a300-5865ac4d1a81:192.168.34.20:37601], old=null at 0
2019-09-03 19:44:22,947 [18cb8b51-24c0-4f4d-8227-db849c3449ea-SegmentedRaftLogWorker:Storage Directory /workdir/hadoop-ozone/integration-test/target/test-dir/MiniOzoneClusterImpl-93e4c667-a4e3-48cf-a9ad-b2b6e5195dda/datanode-6/data/ratis/9c98219b-e5ad-448a-a050-0e42eb229826] INFO  segmented.SegmentedRaftLogWorker (SegmentedRaftLogWorker.java:execute(569)) - 18cb8b51-24c0-4f4d-8227-db849c3449ea-SegmentedRaftLogWorker:Storage Directory /workdir/hadoop-ozone/integration-test/target/test-dir/MiniOzoneClusterImpl-93e4c667-a4e3-48cf-a9ad-b2b6e5195dda/datanode-6/data/ratis/9c98219b-e5ad-448a-a050-0e42eb229826: created new log segment /workdir/hadoop-ozone/integration-test/target/test-dir/MiniOzoneClusterImpl-93e4c667-a4e3-48cf-a9ad-b2b6e5195dda/datanode-6/data/ratis/9c98219b-e5ad-448a-a050-0e42eb229826/current/log_inprogress_0
2019-09-03 19:44:22,947 [grpc-default-executor-7] INFO  impl.RaftServerImpl (RaftServerImpl.java:requestVote(754)) - 7579200a-e651-42c1-a300-5865ac4d1a81-LEADER: Withhold vote from candidate ecbfe45e-9fdf-4f4a-9146-cd504af0c997 with term 1. State: leader=7579200a-e651-42c1-a300-5865ac4d1a81, term=1, lastRpcElapsed=null
2019-09-03 19:44:22,947 [Thread-3308] INFO  impl.FollowerState (FollowerState.java:run(106)) - 81f8abc1-4fac-4722-94b1-c50c0e4cf17c:group-7743295F522D changes to CANDIDATE, lastRpcTime:5198, electionTimeout:5174ms
2019-09-03 19:44:22,948 [Thread-3308] INFO  impl.RoleInfo (RoleInfo.java:shutdownFollowerState(121)) - 81f8abc1-4fac-4722-94b1-c50c0e4cf17c: shutdown FollowerState
2019-09-03 19:44:22,948 [Thread-3308] INFO  impl.RaftServerImpl (RaftServerImpl.java:setRole(171)) - 81f8abc1-4fac-4722-94b1-c50c0e4cf17c:group-7743295F522D changes role from FOLLOWER to CANDIDATE at term 0 for changeToCandidate
2019-09-03 19:44:22,948 [Thread-3308] INFO  impl.RoleInfo (RoleInfo.java:updateAndGet(143)) - 81f8abc1-4fac-4722-94b1-c50c0e4cf17c: start LeaderElection
2019-09-03 19:44:22,955 [Thread-3314] INFO  impl.FollowerState (FollowerState.java:run(106)) - cb9005e8-e9c5-41d9-b914-b0d57ae20449:group-06BD20C43968 changes to CANDIDATE, lastRpcTime:5090, electionTimeout:5086ms
2019-09-03 19:44:22,955 [Thread-3314] INFO  impl.RoleInfo (RoleInfo.java:shutdownFollowerState(121)) - cb9005e8-e9c5-41d9-b914-b0d57ae20449: shutdown FollowerState
2019-09-03 19:44:22,956 [Thread-3314] INFO  impl.RaftServerImpl (RaftServerImpl.java:setRole(171)) - cb9005e8-e9c5-41d9-b914-b0d57ae20449:group-06BD20C43968 changes role from FOLLOWER to CANDIDATE at term 0 for changeToCandidate
2019-09-03 19:44:22,958 [grpc-default-executor-7] INFO  impl.RaftServerImpl (ServerState.java:setLeader(263)) - 4cb224ee-0f9f-46ee-af6c-a1bf099b7db7:group-BB9B692CD120 change Leader from null to 7579200a-e651-42c1-a300-5865ac4d1a81 at term 1 for appendEntries, leader elected after 5353ms
2019-09-03 19:44:22,958 [Thread-3314] INFO  impl.RoleInfo (RoleInfo.java:updateAndGet(143)) - cb9005e8-e9c5-41d9-b914-b0d57ae20449: start LeaderElection
2019-09-03 19:44:22,958 [ecbfe45e-9fdf-4f4a-9146-cd504af0c997:group-BB9B692CD120:LeaderElection58] INFO  impl.LeaderElection (LeaderElection.java:logAndReturn(56)) - ecbfe45e-9fdf-4f4a-9146-cd504af0c997:group-BB9B692CD120:LeaderElection58: Election REJECTED; received 2 response(s) [ecbfe45e-9fdf-4f4a-9146-cd504af0c997<-4cb224ee-0f9f-46ee-af6c-a1bf099b7db7#0:FAIL-t1, ecbfe45e-9fdf-4f4a-9146-cd504af0c997<-7579200a-e651-42c1-a300-5865ac4d1a81#0:FAIL-t1] and 0 exception(s); ecbfe45e-9fdf-4f4a-9146-cd504af0c997:t1, leader=null, voted=ecbfe45e-9fdf-4f4a-9146-cd504af0c997, raftlog=ecbfe45e-9fdf-4f4a-9146-cd504af0c997-SegmentedRaftLog:OPENED:c-1,f-1,i0, conf=-1: [ecbfe45e-9fdf-4f4a-9146-cd504af0c997:192.168.34.20:41810, 4cb224ee-0f9f-46ee-af6c-a1bf099b7db7:192.168.34.20:37719, 7579200a-e651-42c1-a300-5865ac4d1a81:192.168.34.20:37601], old=null
2019-09-03 19:44:22,958 [grpc-default-executor-9] INFO  impl.RaftServerImpl (RaftServerImpl.java:setRole(171)) - ecbfe45e-9fdf-4f4a-9146-cd504af0c997:group-BB9B692CD120 changes role from CANDIDATE to FOLLOWER at term 1 for appendEntries
2019-09-03 19:44:22,961 [grpc-default-executor-9] INFO  impl.RoleInfo (RoleInfo.java:shutdownLeaderElection(134)) - ecbfe45e-9fdf-4f4a-9146-cd504af0c997: shutdown LeaderElection
2019-09-03 19:44:22,961 [grpc-default-executor-9] INFO  impl.RoleInfo (RoleInfo.java:updateAndGet(143)) - ecbfe45e-9fdf-4f4a-9146-cd504af0c997: start FollowerState
2019-09-03 19:44:22,961 [grpc-default-executor-9] INFO  impl.RaftServerImpl (ServerState.java:setLeader(263)) - ecbfe45e-9fdf-4f4a-9146-cd504af0c997:group-BB9B692CD120 change Leader from null to 7579200a-e651-42c1-a300-5865ac4d1a81 at term 1 for appendEntries, leader elected after 5356ms
2019-09-03 19:44:22,963 [grpc-default-executor-9] INFO  impl.RaftServerImpl (ServerState.java:setRaftConf(361)) - 4cb224ee-0f9f-46ee-af6c-a1bf099b7db7:group-BB9B692CD120 set configuration 0: [ecbfe45e-9fdf-4f4a-9146-cd504af0c997:192.168.34.20:41810, 4cb224ee-0f9f-46ee-af6c-a1bf099b7db7:192.168.34.20:37719, 7579200a-e651-42c1-a300-5865ac4d1a81:192.168.34.20:37601], old=null at 0
2019-09-03 19:44:22,963 [grpc-default-executor-9] INFO  segmented.SegmentedRaftLogWorker (SegmentedRaftLogWorker.java:startLogSegment(380)) - 4cb224ee-0f9f-46ee-af6c-a1bf099b7db7-SegmentedRaftLogWorker:Storage Directory /workdir/hadoop-ozone/integration-test/target/test-dir/MiniOzoneClusterImpl-93e4c667-a4e3-48cf-a9ad-b2b6e5195dda/datanode-1/data/ratis/b6613bfd-db40-4bc1-8367-bb9b692cd120: Starting segment from index:0
2019-09-03 19:44:22,963 [grpc-default-executor-9] INFO  impl.RaftServerImpl (ServerState.java:setRaftConf(361)) - ecbfe45e-9fdf-4f4a-9146-cd504af0c997:group-BB9B692CD120 set configuration 0: [ecbfe45e-9fdf-4f4a-9146-cd504af0c997:192.168.34.20:41810, 4cb224ee-0f9f-46ee-af6c-a1bf099b7db7:192.168.34.20:37719, 7579200a-e651-42c1-a300-5865ac4d1a81:192.168.34.20:37601], old=null at 0
2019-09-03 19:44:22,964 [grpc-default-executor-9] INFO  segmented.SegmentedRaftLogWorker (SegmentedRaftLogWorker.java:startLogSegment(380)) - ecbfe45e-9fdf-4f4a-9146-cd504af0c997-SegmentedRaftLogWorker:Storage Directory /workdir/hadoop-ozone/integration-test/target/test-dir/MiniOzoneClusterImpl-93e4c667-a4e3-48cf-a9ad-b2b6e5195dda/datanode-2/data/ratis/b6613bfd-db40-4bc1-8367-bb9b692cd120: Starting segment from index:0
2019-09-03 19:44:22,972 [7579200a-e651-42c1-a300-5865ac4d1a81-SegmentedRaftLogWorker:Storage Directory /workdir/hadoop-ozone/integration-test/target/test-dir/MiniOzoneClusterImpl-93e4c667-a4e3-48cf-a9ad-b2b6e5195dda/datanode-0/data/ratis/b6613bfd-db40-4bc1-8367-bb9b692cd120] INFO  segmented.SegmentedRaftLogWorker (SegmentedRaftLogWorker.java:execute(569)) - 7579200a-e651-42c1-a300-5865ac4d1a81-SegmentedRaftLogWorker:Storage Directory /workdir/hadoop-ozone/integration-test/target/test-dir/MiniOzoneClusterImpl-93e4c667-a4e3-48cf-a9ad-b2b6e5195dda/datanode-0/data/ratis/b6613bfd-db40-4bc1-8367-bb9b692cd120: created new log segment /workdir/hadoop-ozone/integration-test/target/test-dir/MiniOzoneClusterImpl-93e4c667-a4e3-48cf-a9ad-b2b6e5195dda/datanode-0/data/ratis/b6613bfd-db40-4bc1-8367-bb9b692cd120/current/log_inprogress_0
2019-09-03 19:44:22,972 [81f8abc1-4fac-4722-94b1-c50c0e4cf17c:group-7743295F522D:LeaderElection61] INFO  impl.LeaderElection (LeaderElection.java:askForVotes(181)) - 81f8abc1-4fac-4722-94b1-c50c0e4cf17c:group-7743295F522D:LeaderElection61: begin an election at term 1 for -1: [81f8abc1-4fac-4722-94b1-c50c0e4cf17c:192.168.34.20:33967], old=null
2019-09-03 19:44:22,972 [81f8abc1-4fac-4722-94b1-c50c0e4cf17c:group-7743295F522D:LeaderElection61] INFO  impl.RoleInfo (RoleInfo.java:shutdownLeaderElection(134)) - 81f8abc1-4fac-4722-94b1-c50c0e4cf17c: shutdown LeaderElection
2019-09-03 19:44:22,973 [81f8abc1-4fac-4722-94b1-c50c0e4cf17c:group-7743295F522D:LeaderElection61] INFO  impl.RaftServerImpl (RaftServerImpl.java:setRole(171)) - 81f8abc1-4fac-4722-94b1-c50c0e4cf17c:group-7743295F522D changes role from CANDIDATE to LEADER at term 1 for changeToLeader
2019-09-03 19:44:22,973 [81f8abc1-4fac-4722-94b1-c50c0e4cf17c:group-7743295F522D:LeaderElection61] INFO  impl.RaftServerImpl (ServerState.java:setLeader(263)) - 81f8abc1-4fac-4722-94b1-c50c0e4cf17c:group-7743295F522D change Leader from null to 81f8abc1-4fac-4722-94b1-c50c0e4cf17c at term 1 for becomeLeader, leader elected after 5226ms
2019-09-03 19:44:22,973 [81f8abc1-4fac-4722-94b1-c50c0e4cf17c:group-7743295F522D:LeaderElection61] INFO  server.RaftServerConfigKeys (ConfUtils.java:logGet(43)) - raft.server.staging.catchup.gap = 1000 (default)
2019-09-03 19:44:22,973 [81f8abc1-4fac-4722-94b1-c50c0e4cf17c:group-7743295F522D:LeaderElection61] INFO  server.RaftServerConfigKeys (ConfUtils.java:logGet(43)) - raft.server.rpc.sleep.time = 25ms (default)
2019-09-03 19:44:22,973 [81f8abc1-4fac-4722-94b1-c50c0e4cf17c:group-7743295F522D:LeaderElection61] INFO  server.RaftServerConfigKeys (ConfUtils.java:logGet(43)) - raft.server.write.element-limit = 4096 (default)
2019-09-03 19:44:22,973 [81f8abc1-4fac-4722-94b1-c50c0e4cf17c:group-7743295F522D:LeaderElection61] INFO  server.RaftServerConfigKeys (ConfUtils.java:logGet(43)) - raft.server.watch.timeout = 10s (default)
2019-09-03 19:44:22,973 [81f8abc1-4fac-4722-94b1-c50c0e4cf17c:group-7743295F522D:LeaderElection61] INFO  server.RaftServerConfigKeys (ConfUtils.java:logGet(43)) - raft.server.watch.timeout.denomination = 1s (default)
2019-09-03 19:44:22,974 [81f8abc1-4fac-4722-94b1-c50c0e4cf17c:group-7743295F522D:LeaderElection61] INFO  server.RaftServerConfigKeys (ConfUtils.java:logGet(43)) - raft.server.watch.element-limit = 65536 (default)
2019-09-03 19:44:22,974 [81f8abc1-4fac-4722-94b1-c50c0e4cf17c:group-7743295F522D:LeaderElection61] INFO  impl.RoleInfo (RoleInfo.java:updateAndGet(143)) - 81f8abc1-4fac-4722-94b1-c50c0e4cf17c: start LeaderState
2019-09-03 19:44:22,974 [81f8abc1-4fac-4722-94b1-c50c0e4cf17c:group-7743295F522D:LeaderElection61] INFO  segmented.SegmentedRaftLogWorker (SegmentedRaftLogWorker.java:startLogSegment(380)) - 81f8abc1-4fac-4722-94b1-c50c0e4cf17c-SegmentedRaftLogWorker:Storage Directory /workdir/hadoop-ozone/integration-test/target/test-dir/MiniOzoneClusterImpl-93e4c667-a4e3-48cf-a9ad-b2b6e5195dda/datanode-5/data/ratis/3646ca36-34d0-4ffa-9745-7743295f522d: Starting segment from index:0
2019-09-03 19:44:22,974 [cb9005e8-e9c5-41d9-b914-b0d57ae20449:group-06BD20C43968:LeaderElection62] INFO  impl.LeaderElection (LeaderElection.java:askForVotes(181)) - cb9005e8-e9c5-41d9-b914-b0d57ae20449:group-06BD20C43968:LeaderElection62: begin an election at term 1 for -1: [cb9005e8-e9c5-41d9-b914-b0d57ae20449:192.168.34.20:44829], old=null
2019-09-03 19:44:22,974 [cb9005e8-e9c5-41d9-b914-b0d57ae20449:group-06BD20C43968:LeaderElection62] INFO  impl.RoleInfo (RoleInfo.java:shutdownLeaderElection(134)) - cb9005e8-e9c5-41d9-b914-b0d57ae20449: shutdown LeaderElection
2019-09-03 19:44:22,975 [cb9005e8-e9c5-41d9-b914-b0d57ae20449:group-06BD20C43968:LeaderElection62] INFO  impl.RaftServerImpl (RaftServerImpl.java:setRole(171)) - cb9005e8-e9c5-41d9-b914-b0d57ae20449:group-06BD20C43968 changes role from CANDIDATE to LEADER at term 1 for changeToLeader
2019-09-03 19:44:22,975 [81f8abc1-4fac-4722-94b1-c50c0e4cf17c:group-7743295F522D:LeaderElection61] INFO  impl.RaftServerImpl (ServerState.java:setRaftConf(361)) - 81f8abc1-4fac-4722-94b1-c50c0e4cf17c:group-7743295F522D set configuration 0: [81f8abc1-4fac-4722-94b1-c50c0e4cf17c:192.168.34.20:33967], old=null at 0
2019-09-03 19:44:22,975 [cb9005e8-e9c5-41d9-b914-b0d57ae20449:group-06BD20C43968:LeaderElection62] INFO  impl.RaftServerImpl (ServerState.java:setLeader(263)) - cb9005e8-e9c5-41d9-b914-b0d57ae20449:group-06BD20C43968 change Leader from null to cb9005e8-e9c5-41d9-b914-b0d57ae20449 at term 1 for becomeLeader, leader elected after 5114ms
2019-09-03 19:44:23,009 [Thread-3322] INFO  impl.FollowerState (FollowerState.java:run(106)) - 540a2827-7fc9-4198-8052-28e0673e188a:group-7571BF224A00 changes to CANDIDATE, lastRpcTime:5050, electionTimeout:5036ms
2019-09-03 19:44:23,009 [cb9005e8-e9c5-41d9-b914-b0d57ae20449:group-06BD20C43968:LeaderElection62] INFO  server.RaftServerConfigKeys (ConfUtils.java:logGet(43)) - raft.server.staging.catchup.gap = 1000 (default)
2019-09-03 19:44:23,010 [Thread-3322] INFO  impl.RoleInfo (RoleInfo.java:shutdownFollowerState(121)) - 540a2827-7fc9-4198-8052-28e0673e188a: shutdown FollowerState
2019-09-03 19:44:23,010 [cb9005e8-e9c5-41d9-b914-b0d57ae20449:group-06BD20C43968:LeaderElection62] INFO  server.RaftServerConfigKeys (ConfUtils.java:logGet(43)) - raft.server.rpc.sleep.time = 25ms (default)
2019-09-03 19:44:23,010 [Thread-3322] INFO  impl.RaftServerImpl (RaftServerImpl.java:setRole(171)) - 540a2827-7fc9-4198-8052-28e0673e188a:group-7571BF224A00 changes role from FOLLOWER to CANDIDATE at term 0 for changeToCandidate
2019-09-03 19:44:23,010 [cb9005e8-e9c5-41d9-b914-b0d57ae20449:group-06BD20C43968:LeaderElection62] INFO  server.RaftServerConfigKeys (ConfUtils.java:logGet(43)) - raft.server.write.element-limit = 4096 (default)
2019-09-03 19:44:23,010 [Thread-3322] INFO  impl.RoleInfo (RoleInfo.java:updateAndGet(143)) - 540a2827-7fc9-4198-8052-28e0673e188a: start LeaderElection
2019-09-03 19:44:23,010 [cb9005e8-e9c5-41d9-b914-b0d57ae20449:group-06BD20C43968:LeaderElection62] INFO  server.RaftServerConfigKeys (ConfUtils.java:logGet(43)) - raft.server.watch.timeout = 10s (default)
2019-09-03 19:44:23,010 [cb9005e8-e9c5-41d9-b914-b0d57ae20449:group-06BD20C43968:LeaderElection62] INFO  server.RaftServerConfigKeys (ConfUtils.java:logGet(43)) - raft.server.watch.timeout.denomination = 1s (default)
2019-09-03 19:44:23,013 [cb9005e8-e9c5-41d9-b914-b0d57ae20449:group-06BD20C43968:LeaderElection62] INFO  server.RaftServerConfigKeys (ConfUtils.java:logGet(43)) - raft.server.watch.element-limit = 65536 (default)
2019-09-03 19:44:23,015 [cb9005e8-e9c5-41d9-b914-b0d57ae20449:group-06BD20C43968:LeaderElection62] INFO  impl.RoleInfo (RoleInfo.java:updateAndGet(143)) - cb9005e8-e9c5-41d9-b914-b0d57ae20449: start LeaderState
2019-09-03 19:44:23,015 [cb9005e8-e9c5-41d9-b914-b0d57ae20449:group-06BD20C43968:LeaderElection62] INFO  segmented.SegmentedRaftLogWorker (SegmentedRaftLogWorker.java:startLogSegment(380)) - cb9005e8-e9c5-41d9-b914-b0d57ae20449-SegmentedRaftLogWorker:Storage Directory /workdir/hadoop-ozone/integration-test/target/test-dir/MiniOzoneClusterImpl-93e4c667-a4e3-48cf-a9ad-b2b6e5195dda/datanode-3/data/ratis/7ec82319-d839-4abb-bcba-06bd20c43968: Starting segment from index:0
2019-09-03 19:44:23,016 [cb9005e8-e9c5-41d9-b914-b0d57ae20449:group-06BD20C43968:LeaderElection62] INFO  impl.RaftServerImpl (ServerState.java:setRaftConf(361)) - cb9005e8-e9c5-41d9-b914-b0d57ae20449:group-06BD20C43968 set configuration 0: [cb9005e8-e9c5-41d9-b914-b0d57ae20449:192.168.34.20:44829], old=null at 0
2019-09-03 19:44:23,030 [Thread-3317] INFO  impl.FollowerState (FollowerState.java:run(106)) - 81f8abc1-4fac-4722-94b1-c50c0e4cf17c:group-7571BF224A00 changes to CANDIDATE, lastRpcTime:5079, electionTimeout:5079ms
2019-09-03 19:44:23,030 [Thread-3317] INFO  impl.RoleInfo (RoleInfo.java:shutdownFollowerState(121)) - 81f8abc1-4fac-4722-94b1-c50c0e4cf17c: shutdown FollowerState
2019-09-03 19:44:23,030 [Thread-3317] INFO  impl.RaftServerImpl (RaftServerImpl.java:setRole(171)) - 81f8abc1-4fac-4722-94b1-c50c0e4cf17c:group-7571BF224A00 changes role from FOLLOWER to CANDIDATE at term 0 for changeToCandidate
2019-09-03 19:44:23,030 [Thread-3317] INFO  impl.RoleInfo (RoleInfo.java:updateAndGet(143)) - 81f8abc1-4fac-4722-94b1-c50c0e4cf17c: start LeaderElection
2019-09-03 19:44:23,052 [ecbfe45e-9fdf-4f4a-9146-cd504af0c997-SegmentedRaftLogWorker:Storage Directory /workdir/hadoop-ozone/integration-test/target/test-dir/MiniOzoneClusterImpl-93e4c667-a4e3-48cf-a9ad-b2b6e5195dda/datanode-2/data/ratis/b6613bfd-db40-4bc1-8367-bb9b692cd120] INFO  segmented.SegmentedRaftLogWorker (SegmentedRaftLogWorker.java:execute(569)) - ecbfe45e-9fdf-4f4a-9146-cd504af0c997-SegmentedRaftLogWorker:Storage Directory /workdir/hadoop-ozone/integration-test/target/test-dir/MiniOzoneClusterImpl-93e4c667-a4e3-48cf-a9ad-b2b6e5195dda/datanode-2/data/ratis/b6613bfd-db40-4bc1-8367-bb9b692cd120: created new log segment /workdir/hadoop-ozone/integration-test/target/test-dir/MiniOzoneClusterImpl-93e4c667-a4e3-48cf-a9ad-b2b6e5195dda/datanode-2/data/ratis/b6613bfd-db40-4bc1-8367-bb9b692cd120/current/log_inprogress_0
2019-09-03 19:44:23,054 [540a2827-7fc9-4198-8052-28e0673e188a:group-7571BF224A00:LeaderElection63] INFO  impl.LeaderElection (LeaderElection.java:askForVotes(181)) - 540a2827-7fc9-4198-8052-28e0673e188a:group-7571BF224A00:LeaderElection63: begin an election at term 1 for -1: [540a2827-7fc9-4198-8052-28e0673e188a:192.168.34.20:43460, 81f8abc1-4fac-4722-94b1-c50c0e4cf17c:192.168.34.20:33967, 18cb8b51-24c0-4f4d-8227-db849c3449ea:192.168.34.20:37848], old=null
2019-09-03 19:44:23,052 [4cb224ee-0f9f-46ee-af6c-a1bf099b7db7-SegmentedRaftLogWorker:Storage Directory /workdir/hadoop-ozone/integration-test/target/test-dir/MiniOzoneClusterImpl-93e4c667-a4e3-48cf-a9ad-b2b6e5195dda/datanode-1/data/ratis/b6613bfd-db40-4bc1-8367-bb9b692cd120] INFO  segmented.SegmentedRaftLogWorker (SegmentedRaftLogWorker.java:execute(569)) - 4cb224ee-0f9f-46ee-af6c-a1bf099b7db7-SegmentedRaftLogWorker:Storage Directory /workdir/hadoop-ozone/integration-test/target/test-dir/MiniOzoneClusterImpl-93e4c667-a4e3-48cf-a9ad-b2b6e5195dda/datanode-1/data/ratis/b6613bfd-db40-4bc1-8367-bb9b692cd120: created new log segment /workdir/hadoop-ozone/integration-test/target/test-dir/MiniOzoneClusterImpl-93e4c667-a4e3-48cf-a9ad-b2b6e5195dda/datanode-1/data/ratis/b6613bfd-db40-4bc1-8367-bb9b692cd120/current/log_inprogress_0
2019-09-03 19:44:23,052 [81f8abc1-4fac-4722-94b1-c50c0e4cf17c-SegmentedRaftLogWorker:Storage Directory /workdir/hadoop-ozone/integration-test/target/test-dir/MiniOzoneClusterImpl-93e4c667-a4e3-48cf-a9ad-b2b6e5195dda/datanode-5/data/ratis/3646ca36-34d0-4ffa-9745-7743295f522d] INFO  segmented.SegmentedRaftLogWorker (SegmentedRaftLogWorker.java:execute(569)) - 81f8abc1-4fac-4722-94b1-c50c0e4cf17c-SegmentedRaftLogWorker:Storage Directory /workdir/hadoop-ozone/integration-test/target/test-dir/MiniOzoneClusterImpl-93e4c667-a4e3-48cf-a9ad-b2b6e5195dda/datanode-5/data/ratis/3646ca36-34d0-4ffa-9745-7743295f522d: created new log segment /workdir/hadoop-ozone/integration-test/target/test-dir/MiniOzoneClusterImpl-93e4c667-a4e3-48cf-a9ad-b2b6e5195dda/datanode-5/data/ratis/3646ca36-34d0-4ffa-9745-7743295f522d/current/log_inprogress_0
2019-09-03 19:44:23,060 [grpc-default-executor-7] INFO  impl.RaftServerImpl (RaftServerImpl.java:setRole(171)) - 18cb8b51-24c0-4f4d-8227-db849c3449ea:group-7571BF224A00 changes role from FOLLOWER to FOLLOWER at term 1 for recognizeCandidate:540a2827-7fc9-4198-8052-28e0673e188a
2019-09-03 19:44:23,061 [grpc-default-executor-7] INFO  impl.RoleInfo (RoleInfo.java:shutdownFollowerState(121)) - 18cb8b51-24c0-4f4d-8227-db849c3449ea: shutdown FollowerState
2019-09-03 19:44:23,061 [grpc-default-executor-7] INFO  impl.RoleInfo (RoleInfo.java:updateAndGet(143)) - 18cb8b51-24c0-4f4d-8227-db849c3449ea: start FollowerState
2019-09-03 19:44:23,061 [Thread-3321] INFO  impl.FollowerState (FollowerState.java:run(114)) - 18cb8b51-24c0-4f4d-8227-db849c3449ea: FollowerState was interrupted: java.lang.InterruptedException: sleep interrupted
2019-09-03 19:44:23,067 [cb9005e8-e9c5-41d9-b914-b0d57ae20449-SegmentedRaftLogWorker:Storage Directory /workdir/hadoop-ozone/integration-test/target/test-dir/MiniOzoneClusterImpl-93e4c667-a4e3-48cf-a9ad-b2b6e5195dda/datanode-3/data/ratis/7ec82319-d839-4abb-bcba-06bd20c43968] INFO  segmented.SegmentedRaftLogWorker (SegmentedRaftLogWorker.java:execute(569)) - cb9005e8-e9c5-41d9-b914-b0d57ae20449-SegmentedRaftLogWorker:Storage Directory /workdir/hadoop-ozone/integration-test/target/test-dir/MiniOzoneClusterImpl-93e4c667-a4e3-48cf-a9ad-b2b6e5195dda/datanode-3/data/ratis/7ec82319-d839-4abb-bcba-06bd20c43968: created new log segment /workdir/hadoop-ozone/integration-test/target/test-dir/MiniOzoneClusterImpl-93e4c667-a4e3-48cf-a9ad-b2b6e5195dda/datanode-3/data/ratis/7ec82319-d839-4abb-bcba-06bd20c43968/current/log_inprogress_0
2019-09-03 19:44:23,067 [81f8abc1-4fac-4722-94b1-c50c0e4cf17c:group-7571BF224A00:LeaderElection64] INFO  impl.LeaderElection (LeaderElection.java:askForVotes(181)) - 81f8abc1-4fac-4722-94b1-c50c0e4cf17c:group-7571BF224A00:LeaderElection64: begin an election at term 1 for -1: [540a2827-7fc9-4198-8052-28e0673e188a:192.168.34.20:43460, 81f8abc1-4fac-4722-94b1-c50c0e4cf17c:192.168.34.20:33967, 18cb8b51-24c0-4f4d-8227-db849c3449ea:192.168.34.20:37848], old=null
2019-09-03 19:44:23,071 [540a2827-7fc9-4198-8052-28e0673e188a:group-7571BF224A00:LeaderElection63] INFO  impl.LeaderElection (LeaderElection.java:logAndReturn(56)) - 540a2827-7fc9-4198-8052-28e0673e188a:group-7571BF224A00:LeaderElection63: Election PASSED; received 2 response(s) [540a2827-7fc9-4198-8052-28e0673e188a<-81f8abc1-4fac-4722-94b1-c50c0e4cf17c#0:FAIL-t1, 540a2827-7fc9-4198-8052-28e0673e188a<-18cb8b51-24c0-4f4d-8227-db849c3449ea#0:OK-t1] and 0 exception(s); 540a2827-7fc9-4198-8052-28e0673e188a:t1, leader=null, voted=540a2827-7fc9-4198-8052-28e0673e188a, raftlog=540a2827-7fc9-4198-8052-28e0673e188a-SegmentedRaftLog:OPENED:c-1,f-1,i0, conf=-1: [540a2827-7fc9-4198-8052-28e0673e188a:192.168.34.20:43460, 81f8abc1-4fac-4722-94b1-c50c0e4cf17c:192.168.34.20:33967, 18cb8b51-24c0-4f4d-8227-db849c3449ea:192.168.34.20:37848], old=null
2019-09-03 19:44:23,071 [540a2827-7fc9-4198-8052-28e0673e188a:group-7571BF224A00:LeaderElection63] INFO  impl.RoleInfo (RoleInfo.java:shutdownLeaderElection(134)) - 540a2827-7fc9-4198-8052-28e0673e188a: shutdown LeaderElection
2019-09-03 19:44:23,071 [540a2827-7fc9-4198-8052-28e0673e188a:group-7571BF224A00:LeaderElection63] INFO  impl.RaftServerImpl (RaftServerImpl.java:setRole(171)) - 540a2827-7fc9-4198-8052-28e0673e188a:group-7571BF224A00 changes role from CANDIDATE to LEADER at term 1 for changeToLeader
2019-09-03 19:44:23,071 [grpc-default-executor-9] INFO  client.GrpcClientProtocolClient (GrpcClientProtocolClient.java:onNext(255)) - client-461F846070FB->81f8abc1-4fac-4722-94b1-c50c0e4cf17c: receive RaftClientReply:client-461F846070FB->81f8abc1-4fac-4722-94b1-c50c0e4cf17c@group-7571BF224A00, cid=175, FAILED org.apache.ratis.protocol.NotLeaderException: Server 81f8abc1-4fac-4722-94b1-c50c0e4cf17c is not the leader (null). Request must be sent to leader., logIndex=0, commits[81f8abc1-4fac-4722-94b1-c50c0e4cf17c:c-1]
2019-09-03 19:44:23,071 [540a2827-7fc9-4198-8052-28e0673e188a:group-7571BF224A00:LeaderElection63] INFO  impl.RaftServerImpl (ServerState.java:setLeader(263)) - 540a2827-7fc9-4198-8052-28e0673e188a:group-7571BF224A00 change Leader from null to 540a2827-7fc9-4198-8052-28e0673e188a at term 1 for becomeLeader, leader elected after 5127ms
2019-09-03 19:44:23,071 [540a2827-7fc9-4198-8052-28e0673e188a:group-7571BF224A00:LeaderElection63] INFO  server.RaftServerConfigKeys (ConfUtils.java:logGet(43)) - raft.server.staging.catchup.gap = 1000 (default)
2019-09-03 19:44:23,072 [540a2827-7fc9-4198-8052-28e0673e188a:group-7571BF224A00:LeaderElection63] INFO  server.RaftServerConfigKeys (ConfUtils.java:logGet(43)) - raft.server.rpc.sleep.time = 25ms (default)
2019-09-03 19:44:23,072 [540a2827-7fc9-4198-8052-28e0673e188a:group-7571BF224A00:LeaderElection63] INFO  server.RaftServerConfigKeys (ConfUtils.java:logGet(43)) - raft.server.write.element-limit = 4096 (default)
2019-09-03 19:44:23,072 [540a2827-7fc9-4198-8052-28e0673e188a:group-7571BF224A00:LeaderElection63] INFO  server.RaftServerConfigKeys (ConfUtils.java:logGet(43)) - raft.server.watch.timeout = 10s (default)
2019-09-03 19:44:23,075 [540a2827-7fc9-4198-8052-28e0673e188a:group-7571BF224A00:LeaderElection63] INFO  server.RaftServerConfigKeys (ConfUtils.java:logGet(43)) - raft.server.watch.timeout.denomination = 1s (default)
2019-09-03 19:44:23,075 [540a2827-7fc9-4198-8052-28e0673e188a:group-7571BF224A00:LeaderElection63] INFO  server.RaftServerConfigKeys (ConfUtils.java:logGet(43)) - raft.server.watch.element-limit = 65536 (default)
2019-09-03 19:44:23,075 [540a2827-7fc9-4198-8052-28e0673e188a:group-7571BF224A00:LeaderElection63] INFO  server.RaftServerConfigKeys (ConfUtils.java:logGet(43)) - raft.server.log.appender.snapshot.chunk.size.max = 16MB (=16777216) (default)
2019-09-03 19:44:23,075 [540a2827-7fc9-4198-8052-28e0673e188a:group-7571BF224A00:LeaderElection63] INFO  server.RaftServerConfigKeys (ConfUtils.java:logGet(43)) - raft.server.log.appender.buffer.byte-limit = 33554432 (custom)
2019-09-03 19:44:23,075 [540a2827-7fc9-4198-8052-28e0673e188a:group-7571BF224A00:LeaderElection63] INFO  server.RaftServerConfigKeys (ConfUtils.java:logGet(43)) - raft.server.log.appender.buffer.element-limit = 1 (custom)
2019-09-03 19:44:23,081 [540a2827-7fc9-4198-8052-28e0673e188a:group-7571BF224A00:LeaderElection63] INFO  grpc.GrpcConfigKeys$Server (ConfUtils.java:logGet(43)) - raft.grpc.server.leader.outstanding.appends.max = 128 (default)
2019-09-03 19:44:23,081 [540a2827-7fc9-4198-8052-28e0673e188a:group-7571BF224A00:LeaderElection63] INFO  server.RaftServerConfigKeys (ConfUtils.java:logGet(43)) - raft.server.rpc.request.timeout = 3000ms (default)
2019-09-03 19:44:23,083 [540a2827-7fc9-4198-8052-28e0673e188a:group-7571BF224A00:LeaderElection63] INFO  server.RaftServerConfigKeys (ConfUtils.java:logGet(43)) - raft.server.log.appender.install.snapshot.enabled = false (custom)
2019-09-03 19:44:23,083 [540a2827-7fc9-4198-8052-28e0673e188a:group-7571BF224A00:LeaderElection63] INFO  server.RaftServerConfigKeys (ConfUtils.java:logGet(43)) - raft.server.log.appender.snapshot.chunk.size.max = 16MB (=16777216) (default)
2019-09-03 19:44:23,083 [540a2827-7fc9-4198-8052-28e0673e188a:group-7571BF224A00:LeaderElection63] INFO  server.RaftServerConfigKeys (ConfUtils.java:logGet(43)) - raft.server.log.appender.buffer.byte-limit = 33554432 (custom)
2019-09-03 19:44:23,083 [540a2827-7fc9-4198-8052-28e0673e188a:group-7571BF224A00:LeaderElection63] INFO  server.RaftServerConfigKeys (ConfUtils.java:logGet(43)) - raft.server.log.appender.buffer.element-limit = 1 (custom)
2019-09-03 19:44:23,084 [540a2827-7fc9-4198-8052-28e0673e188a:group-7571BF224A00:LeaderElection63] INFO  grpc.GrpcConfigKeys$Server (ConfUtils.java:logGet(43)) - raft.grpc.server.leader.outstanding.appends.max = 128 (default)
2019-09-03 19:44:23,084 [540a2827-7fc9-4198-8052-28e0673e188a:group-7571BF224A00:LeaderElection63] INFO  server.RaftServerConfigKeys (ConfUtils.java:logGet(43)) - raft.server.rpc.request.timeout = 3000ms (default)
2019-09-03 19:44:23,084 [540a2827-7fc9-4198-8052-28e0673e188a:group-7571BF224A00:LeaderElection63] INFO  server.RaftServerConfigKeys (ConfUtils.java:logGet(43)) - raft.server.log.appender.install.snapshot.enabled = false (custom)
2019-09-03 19:44:23,084 [540a2827-7fc9-4198-8052-28e0673e188a:group-7571BF224A00:LeaderElection63] INFO  impl.RoleInfo (RoleInfo.java:updateAndGet(143)) - 540a2827-7fc9-4198-8052-28e0673e188a: start LeaderState
2019-09-03 19:44:23,084 [540a2827-7fc9-4198-8052-28e0673e188a:group-7571BF224A00:LeaderElection63] INFO  segmented.SegmentedRaftLogWorker (SegmentedRaftLogWorker.java:startLogSegment(380)) - 540a2827-7fc9-4198-8052-28e0673e188a-SegmentedRaftLogWorker:Storage Directory /workdir/hadoop-ozone/integration-test/target/test-dir/MiniOzoneClusterImpl-93e4c667-a4e3-48cf-a9ad-b2b6e5195dda/datanode-4/data/ratis/6776fe23-c688-4676-bb0b-7571bf224a00: Starting segment from index:0
2019-09-03 19:44:23,085 [540a2827-7fc9-4198-8052-28e0673e188a:group-7571BF224A00:LeaderElection63] INFO  impl.RaftServerImpl (ServerState.java:setRaftConf(361)) - 540a2827-7fc9-4198-8052-28e0673e188a:group-7571BF224A00 set configuration 0: [540a2827-7fc9-4198-8052-28e0673e188a:192.168.34.20:43460, 81f8abc1-4fac-4722-94b1-c50c0e4cf17c:192.168.34.20:33967, 18cb8b51-24c0-4f4d-8227-db849c3449ea:192.168.34.20:37848], old=null at 0
2019-09-03 19:44:23,085 [grpc-default-executor-9] INFO  impl.RaftServerImpl (RaftServerImpl.java:requestVote(754)) - 540a2827-7fc9-4198-8052-28e0673e188a-LEADER: Withhold vote from candidate 81f8abc1-4fac-4722-94b1-c50c0e4cf17c with term 1. State: leader=540a2827-7fc9-4198-8052-28e0673e188a, term=1, lastRpcElapsed=null
2019-09-03 19:44:23,086 [grpc-default-executor-7] INFO  impl.RaftServerImpl (ServerState.java:setLeader(263)) - 18cb8b51-24c0-4f4d-8227-db849c3449ea:group-7571BF224A00 change Leader from null to 540a2827-7fc9-4198-8052-28e0673e188a at term 1 for appendEntries, leader elected after 5143ms
2019-09-03 19:44:23,123 [grpc-default-executor-1] INFO  impl.RaftServerImpl (RaftServerImpl.java:setRole(171)) - 81f8abc1-4fac-4722-94b1-c50c0e4cf17c:group-7571BF224A00 changes role from CANDIDATE to FOLLOWER at term 1 for appendEntries
2019-09-03 19:44:23,123 [81f8abc1-4fac-4722-94b1-c50c0e4cf17c:group-7571BF224A00:LeaderElection64] INFO  impl.LeaderElection (LeaderElection.java:logAndReturn(56)) - 81f8abc1-4fac-4722-94b1-c50c0e4cf17c:group-7571BF224A00:LeaderElection64: Election REJECTED; received 2 response(s) [81f8abc1-4fac-4722-94b1-c50c0e4cf17c<-540a2827-7fc9-4198-8052-28e0673e188a#0:FAIL-t1, 81f8abc1-4fac-4722-94b1-c50c0e4cf17c<-18cb8b51-24c0-4f4d-8227-db849c3449ea#0:FAIL-t1] and 0 exception(s); 81f8abc1-4fac-4722-94b1-c50c0e4cf17c:t1, leader=null, voted=81f8abc1-4fac-4722-94b1-c50c0e4cf17c, raftlog=81f8abc1-4fac-4722-94b1-c50c0e4cf17c-SegmentedRaftLog:OPENED:c-1,f-1,i0, conf=-1: [540a2827-7fc9-4198-8052-28e0673e188a:192.168.34.20:43460, 81f8abc1-4fac-4722-94b1-c50c0e4cf17c:192.168.34.20:33967, 18cb8b51-24c0-4f4d-8227-db849c3449ea:192.168.34.20:37848], old=null
2019-09-03 19:44:23,124 [grpc-default-executor-1] INFO  impl.RoleInfo (RoleInfo.java:shutdownLeaderElection(134)) - 81f8abc1-4fac-4722-94b1-c50c0e4cf17c: shutdown LeaderElection
2019-09-03 19:44:23,124 [grpc-default-executor-1] INFO  impl.RoleInfo (RoleInfo.java:updateAndGet(143)) - 81f8abc1-4fac-4722-94b1-c50c0e4cf17c: start FollowerState
2019-09-03 19:44:23,125 [grpc-default-executor-1] INFO  impl.RaftServerImpl (ServerState.java:setLeader(263)) - 81f8abc1-4fac-4722-94b1-c50c0e4cf17c:group-7571BF224A00 change Leader from null to 540a2827-7fc9-4198-8052-28e0673e188a at term 1 for appendEntries, leader elected after 5181ms
2019-09-03 19:44:23,125 [grpc-default-executor-7] INFO  impl.RaftServerImpl (ServerState.java:setRaftConf(361)) - 18cb8b51-24c0-4f4d-8227-db849c3449ea:group-7571BF224A00 set configuration 0: [540a2827-7fc9-4198-8052-28e0673e188a:192.168.34.20:43460, 81f8abc1-4fac-4722-94b1-c50c0e4cf17c:192.168.34.20:33967, 18cb8b51-24c0-4f4d-8227-db849c3449ea:192.168.34.20:37848], old=null at 0
2019-09-03 19:44:23,125 [grpc-default-executor-7] INFO  segmented.SegmentedRaftLogWorker (SegmentedRaftLogWorker.java:startLogSegment(380)) - 18cb8b51-24c0-4f4d-8227-db849c3449ea-SegmentedRaftLogWorker:Storage Directory /workdir/hadoop-ozone/integration-test/target/test-dir/MiniOzoneClusterImpl-93e4c667-a4e3-48cf-a9ad-b2b6e5195dda/datanode-6/data/ratis/6776fe23-c688-4676-bb0b-7571bf224a00: Starting segment from index:0
2019-09-03 19:44:23,126 [grpc-default-executor-7] INFO  impl.RaftServerImpl (ServerState.java:setRaftConf(361)) - 81f8abc1-4fac-4722-94b1-c50c0e4cf17c:group-7571BF224A00 set configuration 0: [540a2827-7fc9-4198-8052-28e0673e188a:192.168.34.20:43460, 81f8abc1-4fac-4722-94b1-c50c0e4cf17c:192.168.34.20:33967, 18cb8b51-24c0-4f4d-8227-db849c3449ea:192.168.34.20:37848], old=null at 0
2019-09-03 19:44:23,127 [grpc-default-executor-7] INFO  segmented.SegmentedRaftLogWorker (SegmentedRaftLogWorker.java:startLogSegment(380)) - 81f8abc1-4fac-4722-94b1-c50c0e4cf17c-SegmentedRaftLogWorker:Storage Directory /workdir/hadoop-ozone/integration-test/target/test-dir/MiniOzoneClusterImpl-93e4c667-a4e3-48cf-a9ad-b2b6e5195dda/datanode-5/data/ratis/6776fe23-c688-4676-bb0b-7571bf224a00: Starting segment from index:0
2019-09-03 19:44:23,147 [540a2827-7fc9-4198-8052-28e0673e188a-SegmentedRaftLogWorker:Storage Directory /workdir/hadoop-ozone/integration-test/target/test-dir/MiniOzoneClusterImpl-93e4c667-a4e3-48cf-a9ad-b2b6e5195dda/datanode-4/data/ratis/6776fe23-c688-4676-bb0b-7571bf224a00] INFO  segmented.SegmentedRaftLogWorker (SegmentedRaftLogWorker.java:execute(569)) - 540a2827-7fc9-4198-8052-28e0673e188a-SegmentedRaftLogWorker:Storage Directory /workdir/hadoop-ozone/integration-test/target/test-dir/MiniOzoneClusterImpl-93e4c667-a4e3-48cf-a9ad-b2b6e5195dda/datanode-4/data/ratis/6776fe23-c688-4676-bb0b-7571bf224a00: created new log segment /workdir/hadoop-ozone/integration-test/target/test-dir/MiniOzoneClusterImpl-93e4c667-a4e3-48cf-a9ad-b2b6e5195dda/datanode-4/data/ratis/6776fe23-c688-4676-bb0b-7571bf224a00/current/log_inprogress_0
2019-09-03 19:44:23,173 [18cb8b51-24c0-4f4d-8227-db849c3449ea-SegmentedRaftLogWorker:Storage Directory /workdir/hadoop-ozone/integration-test/target/test-dir/MiniOzoneClusterImpl-93e4c667-a4e3-48cf-a9ad-b2b6e5195dda/datanode-6/data/ratis/6776fe23-c688-4676-bb0b-7571bf224a00] INFO  segmented.SegmentedRaftLogWorker (SegmentedRaftLogWorker.java:execute(569)) - 18cb8b51-24c0-4f4d-8227-db849c3449ea-SegmentedRaftLogWorker:Storage Directory /workdir/hadoop-ozone/integration-test/target/test-dir/MiniOzoneClusterImpl-93e4c667-a4e3-48cf-a9ad-b2b6e5195dda/datanode-6/data/ratis/6776fe23-c688-4676-bb0b-7571bf224a00: created new log segment /workdir/hadoop-ozone/integration-test/target/test-dir/MiniOzoneClusterImpl-93e4c667-a4e3-48cf-a9ad-b2b6e5195dda/datanode-6/data/ratis/6776fe23-c688-4676-bb0b-7571bf224a00/current/log_inprogress_0
2019-09-03 19:44:23,173 [81f8abc1-4fac-4722-94b1-c50c0e4cf17c-SegmentedRaftLogWorker:Storage Directory /workdir/hadoop-ozone/integration-test/target/test-dir/MiniOzoneClusterImpl-93e4c667-a4e3-48cf-a9ad-b2b6e5195dda/datanode-5/data/ratis/6776fe23-c688-4676-bb0b-7571bf224a00] INFO  segmented.SegmentedRaftLogWorker (SegmentedRaftLogWorker.java:execute(569)) - 81f8abc1-4fac-4722-94b1-c50c0e4cf17c-SegmentedRaftLogWorker:Storage Directory /workdir/hadoop-ozone/integration-test/target/test-dir/MiniOzoneClusterImpl-93e4c667-a4e3-48cf-a9ad-b2b6e5195dda/datanode-5/data/ratis/6776fe23-c688-4676-bb0b-7571bf224a00: created new log segment /workdir/hadoop-ozone/integration-test/target/test-dir/MiniOzoneClusterImpl-93e4c667-a4e3-48cf-a9ad-b2b6e5195dda/datanode-5/data/ratis/6776fe23-c688-4676-bb0b-7571bf224a00/current/log_inprogress_0
2019-09-03 19:44:24,266 [grpc-default-executor-7] INFO  client.GrpcClientProtocolClient (GrpcClientProtocolClient.java:onNext(255)) - client-461F846070FB->540a2827-7fc9-4198-8052-28e0673e188a: receive RaftClientReply:client-461F846070FB->540a2827-7fc9-4198-8052-28e0673e188a@group-7571BF224A00, cid=175, SUCCESS, logIndex=1, commits[540a2827-7fc9-4198-8052-28e0673e188a:c1, 81f8abc1-4fac-4722-94b1-c50c0e4cf17c:c-1, 18cb8b51-24c0-4f4d-8227-db849c3449ea:c0]
2019-09-03 19:44:24,306 [grpc-default-executor-7] INFO  client.GrpcClientProtocolClient (GrpcClientProtocolClient.java:onNext(255)) - client-461F846070FB->540a2827-7fc9-4198-8052-28e0673e188a: receive RaftClientReply:client-461F846070FB->540a2827-7fc9-4198-8052-28e0673e188a@group-7571BF224A00, cid=176, SUCCESS, logIndex=3, commits[540a2827-7fc9-4198-8052-28e0673e188a:c6, 81f8abc1-4fac-4722-94b1-c50c0e4cf17c:c1, 18cb8b51-24c0-4f4d-8227-db849c3449ea:c1]
2019-09-03 19:44:24,397 [grpc-default-executor-7] INFO  client.GrpcClientProtocolClient (GrpcClientProtocolClient.java:onNext(255)) - client-461F846070FB->540a2827-7fc9-4198-8052-28e0673e188a: receive RaftClientReply:client-461F846070FB->540a2827-7fc9-4198-8052-28e0673e188a@group-7571BF224A00, cid=177, SUCCESS, logIndex=4, commits[540a2827-7fc9-4198-8052-28e0673e188a:c11, 81f8abc1-4fac-4722-94b1-c50c0e4cf17c:c7, 18cb8b51-24c0-4f4d-8227-db849c3449ea:c7]
2019-09-03 19:44:24,397 [grpc-default-executor-7] INFO  client.GrpcClientProtocolClient (GrpcClientProtocolClient.java:onNext(255)) - client-461F846070FB->540a2827-7fc9-4198-8052-28e0673e188a: receive RaftClientReply:client-461F846070FB->540a2827-7fc9-4198-8052-28e0673e188a@group-7571BF224A00, cid=178, SUCCESS, logIndex=5, commits[540a2827-7fc9-4198-8052-28e0673e188a:c11, 81f8abc1-4fac-4722-94b1-c50c0e4cf17c:c7, 18cb8b51-24c0-4f4d-8227-db849c3449ea:c7]
2019-09-03 19:44:24,398 [grpc-default-executor-7] INFO  client.GrpcClientProtocolClient (GrpcClientProtocolClient.java:onNext(255)) - client-461F846070FB->540a2827-7fc9-4198-8052-28e0673e188a: receive RaftClientReply:client-461F846070FB->540a2827-7fc9-4198-8052-28e0673e188a@group-7571BF224A00, cid=179, SUCCESS, logIndex=6, commits[540a2827-7fc9-4198-8052-28e0673e188a:c11, 81f8abc1-4fac-4722-94b1-c50c0e4cf17c:c7, 18cb8b51-24c0-4f4d-8227-db849c3449ea:c7]
2019-09-03 19:44:24,509 [grpc-default-executor-7] INFO  client.GrpcClientProtocolClient (GrpcClientProtocolClient.java:onNext(255)) - client-461F846070FB->540a2827-7fc9-4198-8052-28e0673e188a: receive RaftClientReply:client-461F846070FB->540a2827-7fc9-4198-8052-28e0673e188a@group-7571BF224A00, cid=180, SUCCESS, logIndex=7, commits[540a2827-7fc9-4198-8052-28e0673e188a:c11, 81f8abc1-4fac-4722-94b1-c50c0e4cf17c:c7, 18cb8b51-24c0-4f4d-8227-db849c3449ea:c7]
2019-09-03 19:44:24,533 [grpc-default-executor-7] INFO  client.GrpcClientProtocolClient (GrpcClientProtocolClient.java:onNext(255)) - client-461F846070FB->540a2827-7fc9-4198-8052-28e0673e188a: receive RaftClientReply:client-461F846070FB->540a2827-7fc9-4198-8052-28e0673e188a@group-7571BF224A00, cid=181, SUCCESS, logIndex=12, commits[540a2827-7fc9-4198-8052-28e0673e188a:c13, 81f8abc1-4fac-4722-94b1-c50c0e4cf17c:c11, 18cb8b51-24c0-4f4d-8227-db849c3449ea:c11]
2019-09-03 19:44:24,534 [grpc-default-executor-7] INFO  client.GrpcClientProtocolClient (GrpcClientProtocolClient.java:onNext(255)) - client-461F846070FB->540a2827-7fc9-4198-8052-28e0673e188a: receive RaftClientReply:client-461F846070FB->540a2827-7fc9-4198-8052-28e0673e188a@group-7571BF224A00, cid=182, SUCCESS, logIndex=13, commits[540a2827-7fc9-4198-8052-28e0673e188a:c13, 81f8abc1-4fac-4722-94b1-c50c0e4cf17c:c11, 18cb8b51-24c0-4f4d-8227-db849c3449ea:c11]
2019-09-03 19:44:24,549 [grpc-default-executor-7] INFO  client.GrpcClientProtocolClient (GrpcClientProtocolClient.java:onNext(255)) - client-461F846070FB->540a2827-7fc9-4198-8052-28e0673e188a: receive RaftClientReply:client-461F846070FB->540a2827-7fc9-4198-8052-28e0673e188a@group-7571BF224A00, cid=183, SUCCESS, logIndex=0, commits[540a2827-7fc9-4198-8052-28e0673e188a:c14, 81f8abc1-4fac-4722-94b1-c50c0e4cf17c:c13, 18cb8b51-24c0-4f4d-8227-db849c3449ea:c13]
2019-09-03 19:44:25,243 [Datanode State Machine Thread - 0] INFO  statemachine.DatanodeStateMachine (DatanodeStateMachine.java:lambda$startDaemon$0(350)) - Ozone container server started.
2019-09-03 19:44:29,332 [EventQueue-StaleNodeForStaleNodeHandler] INFO  node.StaleNodeHandler (StaleNodeHandler.java:onMessage(58)) - Datanode 540a2827-7fc9-4198-8052-28e0673e188a{ip: 192.168.34.20, host: pr-hdds-2018-8nzjn-2890084760, networkLocation: /default-rack, certSerialId: null} moved to stale state. Finalizing its pipelines [PipelineID=6776fe23-c688-4676-bb0b-7571bf224a00, PipelineID=f74d7534-9ba4-4f5f-ae97-483b831051c9]
2019-09-03 19:44:29,332 [EventQueue-StaleNodeForStaleNodeHandler] INFO  pipeline.SCMPipelineManager (SCMPipelineManager.java:finalizeAndDestroyPipeline(311)) - destroying pipeline:Pipeline[ Id: 6776fe23-c688-4676-bb0b-7571bf224a00, Nodes: 540a2827-7fc9-4198-8052-28e0673e188a{ip: 192.168.34.20, host: pr-hdds-2018-8nzjn-2890084760, networkLocation: /default-rack, certSerialId: null}81f8abc1-4fac-4722-94b1-c50c0e4cf17c{ip: 192.168.34.20, host: pr-hdds-2018-8nzjn-2890084760, networkLocation: /default-rack, certSerialId: null}18cb8b51-24c0-4f4d-8227-db849c3449ea{ip: 192.168.34.20, host: pr-hdds-2018-8nzjn-2890084760, networkLocation: /default-rack, certSerialId: null}, Type:RATIS, Factor:THREE, State:OPEN]
2019-09-03 19:44:29,333 [EventQueue-StaleNodeForStaleNodeHandler] INFO  pipeline.PipelineStateManager (PipelineStateManager.java:finalizePipeline(123)) - Pipeline Pipeline[ Id: 6776fe23-c688-4676-bb0b-7571bf224a00, Nodes: 540a2827-7fc9-4198-8052-28e0673e188a{ip: 192.168.34.20, host: pr-hdds-2018-8nzjn-2890084760, networkLocation: /default-rack, certSerialId: null}81f8abc1-4fac-4722-94b1-c50c0e4cf17c{ip: 192.168.34.20, host: pr-hdds-2018-8nzjn-2890084760, networkLocation: /default-rack, certSerialId: null}18cb8b51-24c0-4f4d-8227-db849c3449ea{ip: 192.168.34.20, host: pr-hdds-2018-8nzjn-2890084760, networkLocation: /default-rack, certSerialId: null}, Type:RATIS, Factor:THREE, State:CLOSED] moved to CLOSED state
2019-09-03 19:44:29,333 [EventQueue-CloseContainerForCloseContainerEventHandler] INFO  container.CloseContainerEventHandler (CloseContainerEventHandler.java:onMessage(61)) - Close container Event triggered for container : #1
2019-09-03 19:44:29,333 [EventQueue-StaleNodeForStaleNodeHandler] INFO  pipeline.SCMPipelineManager (SCMPipelineManager.java:finalizeAndDestroyPipeline(311)) - destroying pipeline:Pipeline[ Id: f74d7534-9ba4-4f5f-ae97-483b831051c9, Nodes: 540a2827-7fc9-4198-8052-28e0673e188a{ip: 192.168.34.20, host: pr-hdds-2018-8nzjn-2890084760, networkLocation: /default-rack, certSerialId: null}, Type:RATIS, Factor:ONE, State:OPEN]
2019-09-03 19:44:29,334 [EventQueue-StaleNodeForStaleNodeHandler] INFO  pipeline.PipelineStateManager (PipelineStateManager.java:finalizePipeline(123)) - Pipeline Pipeline[ Id: f74d7534-9ba4-4f5f-ae97-483b831051c9, Nodes: 540a2827-7fc9-4198-8052-28e0673e188a{ip: 192.168.34.20, host: pr-hdds-2018-8nzjn-2890084760, networkLocation: /default-rack, certSerialId: null}, Type:RATIS, Factor:ONE, State:CLOSED] moved to CLOSED state
2019-09-03 19:44:29,551 [main] INFO  ozoneimpl.OzoneContainer (OzoneContainer.java:stop(215)) - Attempting to stop container services.
2019-09-03 19:44:29,552 [main] INFO  impl.RaftServerProxy (RaftServerProxy.java:lambda$close$4(314)) - 540a2827-7fc9-4198-8052-28e0673e188a: close
2019-09-03 19:44:29,553 [main] INFO  impl.RaftServerImpl (RaftServerImpl.java:lambda$shutdown$3(245)) - 540a2827-7fc9-4198-8052-28e0673e188a: shutdown group-7571BF224A00
2019-09-03 19:44:29,557 [main] INFO  util.JmxRegister (JmxRegister.java:unregister(73)) - Successfully un-registered JMX Bean with object name Ratis:service=RaftServer,group=group-7571BF224A00,id=540a2827-7fc9-4198-8052-28e0673e188a
2019-09-03 19:44:29,557 [main] INFO  impl.RoleInfo (RoleInfo.java:shutdownLeaderState(104)) - 540a2827-7fc9-4198-8052-28e0673e188a: shutdown LeaderState
2019-09-03 19:44:29,563 [main] INFO  impl.PendingRequests (PendingRequests.java:sendNotLeaderResponses(202)) - 540a2827-7fc9-4198-8052-28e0673e188a-PendingRequests: sendNotLeaderResponses
2019-09-03 19:44:29,563 [org.apache.ratis.server.impl.LogAppender$AppenderDaemon$$Lambda$501/1320134402@3a529fdb] WARN  server.GrpcLogAppender (GrpcLogAppender.java:mayWait(143)) - GrpcLogAppender(540a2827-7fc9-4198-8052-28e0673e188a->81f8abc1-4fac-4722-94b1-c50c0e4cf17c): Wait interrupted by java.lang.InterruptedException
2019-09-03 19:44:29,563 [org.apache.ratis.server.impl.LogAppender$AppenderDaemon$$Lambda$501/1320134402@7f5016f5] WARN  server.GrpcLogAppender (GrpcLogAppender.java:mayWait(143)) - GrpcLogAppender(540a2827-7fc9-4198-8052-28e0673e188a->18cb8b51-24c0-4f4d-8227-db849c3449ea): Wait interrupted by java.lang.InterruptedException
2019-09-03 19:44:29,569 [main] INFO  impl.StateMachineUpdater (StateMachineUpdater.java:stopAndJoin(115)) - StateMachineUpdater:540a2827-7fc9-4198-8052-28e0673e188a:group-7571BF224A00: set stopIndex = 15
2019-09-03 19:44:29,569 [grpc-default-executor-7] INFO  server.GrpcServerProtocolService (GrpcServerProtocolService.java:onCompleted(104)) - 81f8abc1-4fac-4722-94b1-c50c0e4cf17c: appendEntries completed
2019-09-03 19:44:29,569 [StateMachineUpdater:540a2827-7fc9-4198-8052-28e0673e188a:group-7571BF224A00] INFO  ratis.ContainerStateMachine (ContainerStateMachine.java:takeSnapshot(284)) - group-7571BF224A00: Taking a snapshot at:(t:1, i:13) file /workdir/hadoop-ozone/integration-test/target/test-dir/MiniOzoneClusterImpl-93e4c667-a4e3-48cf-a9ad-b2b6e5195dda/datanode-4/data/ratis/6776fe23-c688-4676-bb0b-7571bf224a00/sm/snapshot.1_13
2019-09-03 19:44:29,571 [grpc-default-executor-9] INFO  server.GrpcServerProtocolService (GrpcServerProtocolService.java:onCompleted(104)) - 18cb8b51-24c0-4f4d-8227-db849c3449ea: appendEntries completed
2019-09-03 19:44:29,571 [grpc-default-executor-1] INFO  server.GrpcLogAppender (GrpcLogAppender.java:onCompleted(292)) - 540a2827-7fc9-4198-8052-28e0673e188a->81f8abc1-4fac-4722-94b1-c50c0e4cf17c: follower responses appendEntries COMPLETED
2019-09-03 19:44:29,574 [grpc-default-executor-7] INFO  server.GrpcLogAppender (GrpcLogAppender.java:onCompleted(292)) - 540a2827-7fc9-4198-8052-28e0673e188a->18cb8b51-24c0-4f4d-8227-db849c3449ea: follower responses appendEntries COMPLETED
2019-09-03 19:44:29,575 [grpc-default-executor-1] INFO  impl.FollowerInfo (FollowerInfo.java:lambda$new$0(50)) - 540a2827-7fc9-4198-8052-28e0673e188a->81f8abc1-4fac-4722-94b1-c50c0e4cf17c: nextIndex: updateUnconditionally 16 -> 15
2019-09-03 19:44:29,575 [grpc-default-executor-7] INFO  impl.FollowerInfo (FollowerInfo.java:lambda$new$0(50)) - 540a2827-7fc9-4198-8052-28e0673e188a->18cb8b51-24c0-4f4d-8227-db849c3449ea: nextIndex: updateUnconditionally 16 -> 15
2019-09-03 19:44:29,579 [StateMachineUpdater:540a2827-7fc9-4198-8052-28e0673e188a:group-7571BF224A00] INFO  ratis.ContainerStateMachine (ContainerStateMachine.java:takeSnapshot(295)) - group-7571BF224A00: Finished taking a snapshot at:(t:1, i:13) file:/workdir/hadoop-ozone/integration-test/target/test-dir/MiniOzoneClusterImpl-93e4c667-a4e3-48cf-a9ad-b2b6e5195dda/datanode-4/data/ratis/6776fe23-c688-4676-bb0b-7571bf224a00/sm/snapshot.1_13 time:10
2019-09-03 19:44:29,579 [StateMachineUpdater:540a2827-7fc9-4198-8052-28e0673e188a:group-7571BF224A00] INFO  impl.StateMachineUpdater (StateMachineUpdater.java:takeSnapshot(242)) - StateMachineUpdater:540a2827-7fc9-4198-8052-28e0673e188a:group-7571BF224A00: Took a snapshot at index 13
2019-09-03 19:44:29,579 [StateMachineUpdater:540a2827-7fc9-4198-8052-28e0673e188a:group-7571BF224A00] INFO  impl.StateMachineUpdater (StateMachineUpdater.java:lambda$new$0(80)) - StateMachineUpdater:540a2827-7fc9-4198-8052-28e0673e188a:group-7571BF224A00: snapshotIndex: updateIncreasingly -1 -> 13
2019-09-03 19:44:29,579 [main] INFO  impl.RaftServerImpl (ServerState.java:close(394)) - 540a2827-7fc9-4198-8052-28e0673e188a:group-7571BF224A00 closes. The last applied log index is 15
2019-09-03 19:44:29,580 [540a2827-7fc9-4198-8052-28e0673e188a-SegmentedRaftLogWorker:Storage Directory /workdir/hadoop-ozone/integration-test/target/test-dir/MiniOzoneClusterImpl-93e4c667-a4e3-48cf-a9ad-b2b6e5195dda/datanode-4/data/ratis/6776fe23-c688-4676-bb0b-7571bf224a00] INFO  segmented.SegmentedRaftLogWorker (SegmentedRaftLogWorker.java:run(313)) - 540a2827-7fc9-4198-8052-28e0673e188a-SegmentedRaftLogWorker:Storage Directory /workdir/hadoop-ozone/integration-test/target/test-dir/MiniOzoneClusterImpl-93e4c667-a4e3-48cf-a9ad-b2b6e5195dda/datanode-4/data/ratis/6776fe23-c688-4676-bb0b-7571bf224a00 was interrupted, exiting. There are 0 tasks remaining in the queue.
2019-09-03 19:44:29,582 [main] INFO  segmented.SegmentedRaftLogWorker (SegmentedRaftLogWorker.java:close(228)) - 540a2827-7fc9-4198-8052-28e0673e188a-SegmentedRaftLogWorker:Storage Directory /workdir/hadoop-ozone/integration-test/target/test-dir/MiniOzoneClusterImpl-93e4c667-a4e3-48cf-a9ad-b2b6e5195dda/datanode-4/data/ratis/6776fe23-c688-4676-bb0b-7571bf224a00 close()
2019-09-03 19:44:29,587 [main] INFO  impl.RaftServerImpl (RaftServerImpl.java:lambda$shutdown$3(245)) - 540a2827-7fc9-4198-8052-28e0673e188a: shutdown group-483B831051C9
2019-09-03 19:44:29,587 [main] INFO  util.JmxRegister (JmxRegister.java:unregister(73)) - Successfully un-registered JMX Bean with object name Ratis:service=RaftServer,group=group-483B831051C9,id=540a2827-7fc9-4198-8052-28e0673e188a
2019-09-03 19:44:29,588 [main] INFO  impl.RoleInfo (RoleInfo.java:shutdownLeaderState(104)) - 540a2827-7fc9-4198-8052-28e0673e188a: shutdown LeaderState
2019-09-03 19:44:29,588 [main] INFO  impl.PendingRequests (PendingRequests.java:sendNotLeaderResponses(202)) - 540a2827-7fc9-4198-8052-28e0673e188a-PendingRequests: sendNotLeaderResponses
2019-09-03 19:44:29,589 [main] INFO  impl.StateMachineUpdater (StateMachineUpdater.java:stopAndJoin(115)) - StateMachineUpdater:540a2827-7fc9-4198-8052-28e0673e188a:group-483B831051C9: set stopIndex = 0
2019-09-03 19:44:29,589 [main] INFO  impl.RaftServerImpl (ServerState.java:close(394)) - 540a2827-7fc9-4198-8052-28e0673e188a:group-483B831051C9 closes. The last applied log index is 0
2019-09-03 19:44:29,589 [540a2827-7fc9-4198-8052-28e0673e188a-SegmentedRaftLogWorker:Storage Directory /workdir/hadoop-ozone/integration-test/target/test-dir/MiniOzoneClusterImpl-93e4c667-a4e3-48cf-a9ad-b2b6e5195dda/datanode-4/data/ratis/f74d7534-9ba4-4f5f-ae97-483b831051c9] INFO  segmented.SegmentedRaftLogWorker (SegmentedRaftLogWorker.java:run(313)) - 540a2827-7fc9-4198-8052-28e0673e188a-SegmentedRaftLogWorker:Storage Directory /workdir/hadoop-ozone/integration-test/target/test-dir/MiniOzoneClusterImpl-93e4c667-a4e3-48cf-a9ad-b2b6e5195dda/datanode-4/data/ratis/f74d7534-9ba4-4f5f-ae97-483b831051c9 was interrupted, exiting. There are 0 tasks remaining in the queue.
2019-09-03 19:44:29,592 [main] INFO  segmented.SegmentedRaftLogWorker (SegmentedRaftLogWorker.java:close(228)) - 540a2827-7fc9-4198-8052-28e0673e188a-SegmentedRaftLogWorker:Storage Directory /workdir/hadoop-ozone/integration-test/target/test-dir/MiniOzoneClusterImpl-93e4c667-a4e3-48cf-a9ad-b2b6e5195dda/datanode-4/data/ratis/f74d7534-9ba4-4f5f-ae97-483b831051c9 close()
2019-09-03 19:44:29,597 [main] INFO  server.GrpcService (GrpcService.java:closeImpl(155)) - 540a2827-7fc9-4198-8052-28e0673e188a: shutdown server with port 43460 now
2019-09-03 19:44:29,598 [grpc-default-executor-1] WARN  client.GrpcClientProtocolService (LogUtils.java:warn(134)) - 3-UnorderedRequestStreamObserver3: onError: org.apache.ratis.thirdparty.io.grpc.StatusRuntimeException: CANCELLED: cancelled before receiving half close
2019-09-03 19:44:29,600 [main] INFO  server.GrpcService (GrpcService.java:closeImpl(163)) - 540a2827-7fc9-4198-8052-28e0673e188a: shutdown server with port 43460 successfully
2019-09-03 19:44:29,603 [refreshUsed-/workdir/hadoop-ozone/integration-test/target/test-dir/MiniOzoneClusterImpl-93e4c667-a4e3-48cf-a9ad-b2b6e5195dda/datanode-4/data/containers] WARN  fs.CachingGetSpaceUsed (CachingGetSpaceUsed.java:run(183)) - Thread Interrupted waiting to refresh disk information: sleep interrupted
2019-09-03 19:44:29,623 [main] INFO  utils.BackgroundService (BackgroundService.java:shutdown(148)) - Shutting down service BlockDeletingService
2019-09-03 19:44:29,629 [main] INFO  statemachine.DatanodeStateMachine (DatanodeStateMachine.java:stopDaemon(395)) - Ozone container server stopped.
2019-09-03 19:44:29,631 [main] INFO  handler.ContextHandler (ContextHandler.java:doStop(910)) - Stopped o.e.j.w.WebAppContext@3f5dfe69{/,null,UNAVAILABLE}{/hddsDatanode}
2019-09-03 19:44:29,631 [main] INFO  server.AbstractConnector (AbstractConnector.java:doStop(318)) - Stopped ServerConnector@571a663c{HTTP/1.1,[http/1.1]}{0.0.0.0:0}
2019-09-03 19:44:29,632 [main] INFO  handler.ContextHandler (ContextHandler.java:doStop(910)) - Stopped o.e.j.s.ServletContextHandler@72a8361b{/static,jar:file:/home/user/.m2/repository/org/apache/hadoop/hadoop-hdds-container-service/0.5.0-SNAPSHOT/hadoop-hdds-container-service-0.5.0-SNAPSHOT.jar!/webapps/static,UNAVAILABLE}
2019-09-03 19:44:29,632 [main] INFO  handler.ContextHandler (ContextHandler.java:doStop(910)) - Stopped o.e.j.s.ServletContextHandler@44dfdd58{/logs,file:///workdir/hadoop-ozone/integration-test/target/log,UNAVAILABLE}
2019-09-03 19:44:31,646 [grpc-default-executor-1] INFO  client.GrpcClientProtocolClient (GrpcClientProtocolClient.java:onNext(255)) - client-461F846070FB->18cb8b51-24c0-4f4d-8227-db849c3449ea: receive RaftClientReply:client-461F846070FB->18cb8b51-24c0-4f4d-8227-db849c3449ea@group-7571BF224A00, cid=184, FAILED org.apache.ratis.protocol.NotLeaderException: Server 18cb8b51-24c0-4f4d-8227-db849c3449ea is not the leader (540a2827-7fc9-4198-8052-28e0673e188a:192.168.34.20:43460). Request must be sent to leader., logIndex=0, commits[18cb8b51-24c0-4f4d-8227-db849c3449ea:c15, 540a2827-7fc9-4198-8052-28e0673e188a:c15, 81f8abc1-4fac-4722-94b1-c50c0e4cf17c:c15]
2019-09-03 19:44:32,673 [grpc-default-executor-1] INFO  client.GrpcClientProtocolClient (GrpcClientProtocolClient.java:onNext(255)) - client-461F846070FB->81f8abc1-4fac-4722-94b1-c50c0e4cf17c: receive RaftClientReply:client-461F846070FB->81f8abc1-4fac-4722-94b1-c50c0e4cf17c@group-7571BF224A00, cid=184, FAILED org.apache.ratis.protocol.NotLeaderException: Server 81f8abc1-4fac-4722-94b1-c50c0e4cf17c is not the leader (540a2827-7fc9-4198-8052-28e0673e188a:192.168.34.20:43460). Request must be sent to leader., logIndex=0, commits[81f8abc1-4fac-4722-94b1-c50c0e4cf17c:c15, 540a2827-7fc9-4198-8052-28e0673e188a:c15, 18cb8b51-24c0-4f4d-8227-db849c3449ea:c15]
2019-09-03 19:44:33,691 [grpc-default-executor-7] INFO  client.GrpcClientProtocolClient (GrpcClientProtocolClient.java:onNext(255)) - client-461F846070FB->81f8abc1-4fac-4722-94b1-c50c0e4cf17c: receive RaftClientReply:client-461F846070FB->81f8abc1-4fac-4722-94b1-c50c0e4cf17c@group-7571BF224A00, cid=184, FAILED org.apache.ratis.protocol.NotLeaderException: Server 81f8abc1-4fac-4722-94b1-c50c0e4cf17c is not the leader (540a2827-7fc9-4198-8052-28e0673e188a:192.168.34.20:43460). Request must be sent to leader., logIndex=0, commits[81f8abc1-4fac-4722-94b1-c50c0e4cf17c:c15, 540a2827-7fc9-4198-8052-28e0673e188a:c15, 18cb8b51-24c0-4f4d-8227-db849c3449ea:c15]
2019-09-03 19:44:34,710 [grpc-default-executor-9] INFO  client.GrpcClientProtocolClient (GrpcClientProtocolClient.java:onNext(255)) - client-461F846070FB->18cb8b51-24c0-4f4d-8227-db849c3449ea: receive RaftClientReply:client-461F846070FB->18cb8b51-24c0-4f4d-8227-db849c3449ea@group-7571BF224A00, cid=184, FAILED org.apache.ratis.protocol.NotLeaderException: Server 18cb8b51-24c0-4f4d-8227-db849c3449ea is not the leader (540a2827-7fc9-4198-8052-28e0673e188a:192.168.34.20:43460). Request must be sent to leader., logIndex=0, commits[18cb8b51-24c0-4f4d-8227-db849c3449ea:c15, 540a2827-7fc9-4198-8052-28e0673e188a:c15, 81f8abc1-4fac-4722-94b1-c50c0e4cf17c:c15]
2019-09-03 19:44:35,731 [grpc-default-executor-9] INFO  client.GrpcClientProtocolClient (GrpcClientProtocolClient.java:onNext(255)) - client-461F846070FB->81f8abc1-4fac-4722-94b1-c50c0e4cf17c: receive RaftClientReply:client-461F846070FB->81f8abc1-4fac-4722-94b1-c50c0e4cf17c@group-7571BF224A00, cid=184, FAILED org.apache.ratis.protocol.NotLeaderException: Server 81f8abc1-4fac-4722-94b1-c50c0e4cf17c is not the leader (540a2827-7fc9-4198-8052-28e0673e188a:192.168.34.20:43460). Request must be sent to leader., logIndex=0, commits[81f8abc1-4fac-4722-94b1-c50c0e4cf17c:c15, 540a2827-7fc9-4198-8052-28e0673e188a:c15, 18cb8b51-24c0-4f4d-8227-db849c3449ea:c15]
2019-09-03 19:44:36,748 [grpc-default-executor-9] INFO  client.GrpcClientProtocolClient (GrpcClientProtocolClient.java:onNext(255)) - client-461F846070FB->18cb8b51-24c0-4f4d-8227-db849c3449ea: receive RaftClientReply:client-461F846070FB->18cb8b51-24c0-4f4d-8227-db849c3449ea@group-7571BF224A00, cid=184, FAILED org.apache.ratis.protocol.NotLeaderException: Server 18cb8b51-24c0-4f4d-8227-db849c3449ea is not the leader (540a2827-7fc9-4198-8052-28e0673e188a:192.168.34.20:43460). Request must be sent to leader., logIndex=0, commits[18cb8b51-24c0-4f4d-8227-db849c3449ea:c15, 540a2827-7fc9-4198-8052-28e0673e188a:c15, 81f8abc1-4fac-4722-94b1-c50c0e4cf17c:c15]
2019-09-03 19:44:37,765 [grpc-default-executor-7] INFO  client.GrpcClientProtocolClient (GrpcClientProtocolClient.java:onNext(255)) - client-461F846070FB->81f8abc1-4fac-4722-94b1-c50c0e4cf17c: receive RaftClientReply:client-461F846070FB->81f8abc1-4fac-4722-94b1-c50c0e4cf17c@group-7571BF224A00, cid=184, FAILED org.apache.ratis.protocol.NotLeaderException: Server 81f8abc1-4fac-4722-94b1-c50c0e4cf17c is not the leader (540a2827-7fc9-4198-8052-28e0673e188a:192.168.34.20:43460). Request must be sent to leader., logIndex=0, commits[81f8abc1-4fac-4722-94b1-c50c0e4cf17c:c15, 540a2827-7fc9-4198-8052-28e0673e188a:c15, 18cb8b51-24c0-4f4d-8227-db849c3449ea:c15]
2019-09-03 19:44:38,230 [Thread-3375] INFO  impl.FollowerState (FollowerState.java:run(106)) - 18cb8b51-24c0-4f4d-8227-db849c3449ea:group-7571BF224A00 changes to CANDIDATE, lastRpcTime:8672, electionTimeout:5026ms
2019-09-03 19:44:38,230 [Thread-3375] INFO  impl.RoleInfo (RoleInfo.java:shutdownFollowerState(121)) - 18cb8b51-24c0-4f4d-8227-db849c3449ea: shutdown FollowerState
2019-09-03 19:44:38,230 [Thread-3375] INFO  impl.RaftServerImpl (RaftServerImpl.java:setRole(171)) - 18cb8b51-24c0-4f4d-8227-db849c3449ea:group-7571BF224A00 changes role from FOLLOWER to CANDIDATE at term 1 for changeToCandidate
2019-09-03 19:44:38,231 [Thread-3375] INFO  impl.RoleInfo (RoleInfo.java:updateAndGet(143)) - 18cb8b51-24c0-4f4d-8227-db849c3449ea: start LeaderElection
2019-09-03 19:44:38,233 [18cb8b51-24c0-4f4d-8227-db849c3449ea:group-7571BF224A00:LeaderElection65] INFO  impl.RaftServerImpl (ServerState.java:setLeader(263)) - 18cb8b51-24c0-4f4d-8227-db849c3449ea:group-7571BF224A00 change Leader from 540a2827-7fc9-4198-8052-28e0673e188a to null at term 1 for initElection
2019-09-03 19:44:38,254 [18cb8b51-24c0-4f4d-8227-db849c3449ea:group-7571BF224A00:LeaderElection65] INFO  impl.LeaderElection (LeaderElection.java:askForVotes(181)) - 18cb8b51-24c0-4f4d-8227-db849c3449ea:group-7571BF224A00:LeaderElection65: begin an election at term 2 for 0: [540a2827-7fc9-4198-8052-28e0673e188a:192.168.34.20:43460, 81f8abc1-4fac-4722-94b1-c50c0e4cf17c:192.168.34.20:33967, 18cb8b51-24c0-4f4d-8227-db849c3449ea:192.168.34.20:37848], old=null
2019-09-03 19:44:38,260 [18cb8b51-24c0-4f4d-8227-db849c3449ea:group-7571BF224A00:LeaderElection65] INFO  impl.LeaderElection (LogUtils.java:infoOrTrace(149)) - 18cb8b51-24c0-4f4d-8227-db849c3449ea:group-7571BF224A00:LeaderElection65 got exception when requesting votes: {}
java.util.concurrent.ExecutionException: org.apache.ratis.thirdparty.io.grpc.StatusRuntimeException: UNAVAILABLE: io exception
	at java.util.concurrent.FutureTask.report(FutureTask.java:122)
	at java.util.concurrent.FutureTask.get(FutureTask.java:192)
	at org.apache.ratis.server.impl.LeaderElection.waitForResults(LeaderElection.java:262)
	at org.apache.ratis.server.impl.LeaderElection.askForVotes(LeaderElection.java:200)
	at org.apache.ratis.server.impl.LeaderElection.run(LeaderElection.java:130)
	at java.lang.Thread.run(Thread.java:748)
Caused by: org.apache.ratis.thirdparty.io.grpc.StatusRuntimeException: UNAVAILABLE: io exception
	at org.apache.ratis.thirdparty.io.grpc.stub.ClientCalls.toStatusRuntimeException(ClientCalls.java:233)
	at org.apache.ratis.thirdparty.io.grpc.stub.ClientCalls.getUnchecked(ClientCalls.java:214)
	at org.apache.ratis.thirdparty.io.grpc.stub.ClientCalls.blockingUnaryCall(ClientCalls.java:139)
	at org.apache.ratis.proto.grpc.RaftServerProtocolServiceGrpc$RaftServerProtocolServiceBlockingStub.requestVote(RaftServerProtocolServiceGrpc.java:265)
	at org.apache.ratis.grpc.server.GrpcServerProtocolClient.requestVote(GrpcServerProtocolClient.java:83)
	at org.apache.ratis.grpc.server.GrpcService.requestVote(GrpcService.java:195)
	at org.apache.ratis.server.impl.LeaderElection.lambda$submitRequests$1(LeaderElection.java:237)
	at java.util.concurrent.FutureTask.run(FutureTask.java:266)
	at java.util.concurrent.Executors$RunnableAdapter.call(Executors.java:511)
	at java.util.concurrent.FutureTask.run(FutureTask.java:266)
	at java.util.concurrent.ThreadPoolExecutor.runWorker(ThreadPoolExecutor.java:1149)
	at java.util.concurrent.ThreadPoolExecutor$Worker.run(ThreadPoolExecutor.java:624)
	... 1 more
Caused by: org.apache.ratis.thirdparty.io.netty.channel.AbstractChannel$AnnotatedConnectException: Connection refused: /192.168.34.20:43460
	at sun.nio.ch.SocketChannelImpl.checkConnect(Native Method)
	at sun.nio.ch.SocketChannelImpl.finishConnect(SocketChannelImpl.java:717)
	at org.apache.ratis.thirdparty.io.netty.channel.socket.nio.NioSocketChannel.doFinishConnect(NioSocketChannel.java:327)
	at org.apache.ratis.thirdparty.io.netty.channel.nio.AbstractNioChannel$AbstractNioUnsafe.finishConnect(AbstractNioChannel.java:340)
	at org.apache.ratis.thirdparty.io.netty.channel.nio.NioEventLoop.processSelectedKey(NioEventLoop.java:632)
	at org.apache.ratis.thirdparty.io.netty.channel.nio.NioEventLoop.processSelectedKeysOptimized(NioEventLoop.java:579)
	at org.apache.ratis.thirdparty.io.netty.channel.nio.NioEventLoop.processSelectedKeys(NioEventLoop.java:496)
	at org.apache.ratis.thirdparty.io.netty.channel.nio.NioEventLoop.run(NioEventLoop.java:458)
	at org.apache.ratis.thirdparty.io.netty.util.concurrent.SingleThreadEventExecutor$5.run(SingleThreadEventExecutor.java:897)
	at org.apache.ratis.thirdparty.io.netty.util.concurrent.FastThreadLocalRunnable.run(FastThreadLocalRunnable.java:30)
	... 1 more
Caused by: java.net.ConnectException: Connection refused
	... 11 more
2019-09-03 19:44:38,266 [grpc-default-executor-1] INFO  impl.RaftServerImpl (ServerState.java:setLeader(263)) - 81f8abc1-4fac-4722-94b1-c50c0e4cf17c:group-7571BF224A00 change Leader from 540a2827-7fc9-4198-8052-28e0673e188a to null at term 2 for updateCurrentTerm
2019-09-03 19:44:38,267 [grpc-default-executor-1] INFO  impl.RaftServerImpl (RaftServerImpl.java:setRole(171)) - 81f8abc1-4fac-4722-94b1-c50c0e4cf17c:group-7571BF224A00 changes role from FOLLOWER to FOLLOWER at term 2 for recognizeCandidate:18cb8b51-24c0-4f4d-8227-db849c3449ea
2019-09-03 19:44:38,267 [grpc-default-executor-1] INFO  impl.RoleInfo (RoleInfo.java:shutdownFollowerState(121)) - 81f8abc1-4fac-4722-94b1-c50c0e4cf17c: shutdown FollowerState
2019-09-03 19:44:38,267 [grpc-default-executor-1] INFO  impl.RoleInfo (RoleInfo.java:updateAndGet(143)) - 81f8abc1-4fac-4722-94b1-c50c0e4cf17c: start FollowerState
2019-09-03 19:44:38,267 [Thread-3388] INFO  impl.FollowerState (FollowerState.java:run(114)) - 81f8abc1-4fac-4722-94b1-c50c0e4cf17c: FollowerState was interrupted: java.lang.InterruptedException: sleep interrupted
2019-09-03 19:44:38,299 [18cb8b51-24c0-4f4d-8227-db849c3449ea:group-7571BF224A00:LeaderElection65] INFO  impl.LeaderElection (LeaderElection.java:logAndReturn(56)) - 18cb8b51-24c0-4f4d-8227-db849c3449ea:group-7571BF224A00:LeaderElection65: Election PASSED; received 1 response(s) [18cb8b51-24c0-4f4d-8227-db849c3449ea<-81f8abc1-4fac-4722-94b1-c50c0e4cf17c#0:OK-t2] and 1 exception(s); 18cb8b51-24c0-4f4d-8227-db849c3449ea:t2, leader=null, voted=18cb8b51-24c0-4f4d-8227-db849c3449ea, raftlog=18cb8b51-24c0-4f4d-8227-db849c3449ea-SegmentedRaftLog:OPENED:c15,f15,i15, conf=0: [540a2827-7fc9-4198-8052-28e0673e188a:192.168.34.20:43460, 81f8abc1-4fac-4722-94b1-c50c0e4cf17c:192.168.34.20:33967, 18cb8b51-24c0-4f4d-8227-db849c3449ea:192.168.34.20:37848], old=null
2019-09-03 19:44:38,299 [18cb8b51-24c0-4f4d-8227-db849c3449ea:group-7571BF224A00:LeaderElection65] INFO  impl.LeaderElection (LogUtils.java:infoOrTrace(149)) -   Exception 0: {}
java.util.concurrent.ExecutionException: org.apache.ratis.thirdparty.io.grpc.StatusRuntimeException: UNAVAILABLE: io exception
	at java.util.concurrent.FutureTask.report(FutureTask.java:122)
	at java.util.concurrent.FutureTask.get(FutureTask.java:192)
	at org.apache.ratis.server.impl.LeaderElection.waitForResults(LeaderElection.java:262)
	at org.apache.ratis.server.impl.LeaderElection.askForVotes(LeaderElection.java:200)
	at org.apache.ratis.server.impl.LeaderElection.run(LeaderElection.java:130)
	at java.lang.Thread.run(Thread.java:748)
Caused by: org.apache.ratis.thirdparty.io.grpc.StatusRuntimeException: UNAVAILABLE: io exception
	at org.apache.ratis.thirdparty.io.grpc.stub.ClientCalls.toStatusRuntimeException(ClientCalls.java:233)
	at org.apache.ratis.thirdparty.io.grpc.stub.ClientCalls.getUnchecked(ClientCalls.java:214)
	at org.apache.ratis.thirdparty.io.grpc.stub.ClientCalls.blockingUnaryCall(ClientCalls.java:139)
	at org.apache.ratis.proto.grpc.RaftServerProtocolServiceGrpc$RaftServerProtocolServiceBlockingStub.requestVote(RaftServerProtocolServiceGrpc.java:265)
	at org.apache.ratis.grpc.server.GrpcServerProtocolClient.requestVote(GrpcServerProtocolClient.java:83)
	at org.apache.ratis.grpc.server.GrpcService.requestVote(GrpcService.java:195)
	at org.apache.ratis.server.impl.LeaderElection.lambda$submitRequests$1(LeaderElection.java:237)
	at java.util.concurrent.FutureTask.run(FutureTask.java:266)
	at java.util.concurrent.Executors$RunnableAdapter.call(Executors.java:511)
	at java.util.concurrent.FutureTask.run(FutureTask.java:266)
	at java.util.concurrent.ThreadPoolExecutor.runWorker(ThreadPoolExecutor.java:1149)
	at java.util.concurrent.ThreadPoolExecutor$Worker.run(ThreadPoolExecutor.java:624)
	... 1 more
Caused by: org.apache.ratis.thirdparty.io.netty.channel.AbstractChannel$AnnotatedConnectException: Connection refused: /192.168.34.20:43460
	at sun.nio.ch.SocketChannelImpl.checkConnect(Native Method)
	at sun.nio.ch.SocketChannelImpl.finishConnect(SocketChannelImpl.java:717)
	at org.apache.ratis.thirdparty.io.netty.channel.socket.nio.NioSocketChannel.doFinishConnect(NioSocketChannel.java:327)
	at org.apache.ratis.thirdparty.io.netty.channel.nio.AbstractNioChannel$AbstractNioUnsafe.finishConnect(AbstractNioChannel.java:340)
	at org.apache.ratis.thirdparty.io.netty.channel.nio.NioEventLoop.processSelectedKey(NioEventLoop.java:632)
	at org.apache.ratis.thirdparty.io.netty.channel.nio.NioEventLoop.processSelectedKeysOptimized(NioEventLoop.java:579)
	at org.apache.ratis.thirdparty.io.netty.channel.nio.NioEventLoop.processSelectedKeys(NioEventLoop.java:496)
	at org.apache.ratis.thirdparty.io.netty.channel.nio.NioEventLoop.run(NioEventLoop.java:458)
	at org.apache.ratis.thirdparty.io.netty.util.concurrent.SingleThreadEventExecutor$5.run(SingleThreadEventExecutor.java:897)
	at org.apache.ratis.thirdparty.io.netty.util.concurrent.FastThreadLocalRunnable.run(FastThreadLocalRunnable.java:30)
	... 1 more
Caused by: java.net.ConnectException: Connection refused
	... 11 more
2019-09-03 19:44:38,299 [18cb8b51-24c0-4f4d-8227-db849c3449ea:group-7571BF224A00:LeaderElection65] INFO  impl.RoleInfo (RoleInfo.java:shutdownLeaderElection(134)) - 18cb8b51-24c0-4f4d-8227-db849c3449ea: shutdown LeaderElection
2019-09-03 19:44:38,299 [18cb8b51-24c0-4f4d-8227-db849c3449ea:group-7571BF224A00:LeaderElection65] INFO  impl.RaftServerImpl (RaftServerImpl.java:setRole(171)) - 18cb8b51-24c0-4f4d-8227-db849c3449ea:group-7571BF224A00 changes role from CANDIDATE to LEADER at term 2 for changeToLeader
2019-09-03 19:44:38,299 [18cb8b51-24c0-4f4d-8227-db849c3449ea:group-7571BF224A00:LeaderElection65] INFO  impl.RaftServerImpl (ServerState.java:setLeader(263)) - 18cb8b51-24c0-4f4d-8227-db849c3449ea:group-7571BF224A00 change Leader from null to 18cb8b51-24c0-4f4d-8227-db849c3449ea at term 2 for becomeLeader, leader elected after 66ms
2019-09-03 19:44:38,300 [18cb8b51-24c0-4f4d-8227-db849c3449ea:group-7571BF224A00:LeaderElection65] INFO  server.RaftServerConfigKeys (ConfUtils.java:logGet(43)) - raft.server.staging.catchup.gap = 1000 (default)
2019-09-03 19:44:38,300 [18cb8b51-24c0-4f4d-8227-db849c3449ea:group-7571BF224A00:LeaderElection65] INFO  server.RaftServerConfigKeys (ConfUtils.java:logGet(43)) - raft.server.rpc.sleep.time = 25ms (default)
2019-09-03 19:44:38,300 [18cb8b51-24c0-4f4d-8227-db849c3449ea:group-7571BF224A00:LeaderElection65] INFO  server.RaftServerConfigKeys (ConfUtils.java:logGet(43)) - raft.server.write.element-limit = 4096 (default)
2019-09-03 19:44:38,300 [18cb8b51-24c0-4f4d-8227-db849c3449ea:group-7571BF224A00:LeaderElection65] INFO  server.RaftServerConfigKeys (ConfUtils.java:logGet(43)) - raft.server.watch.timeout = 10s (default)
2019-09-03 19:44:38,301 [18cb8b51-24c0-4f4d-8227-db849c3449ea:group-7571BF224A00:LeaderElection65] INFO  server.RaftServerConfigKeys (ConfUtils.java:logGet(43)) - raft.server.watch.timeout.denomination = 1s (default)
2019-09-03 19:44:38,301 [18cb8b51-24c0-4f4d-8227-db849c3449ea:group-7571BF224A00:LeaderElection65] INFO  server.RaftServerConfigKeys (ConfUtils.java:logGet(43)) - raft.server.watch.element-limit = 65536 (default)
2019-09-03 19:44:38,301 [18cb8b51-24c0-4f4d-8227-db849c3449ea:group-7571BF224A00:LeaderElection65] INFO  server.RaftServerConfigKeys (ConfUtils.java:logGet(43)) - raft.server.log.appender.snapshot.chunk.size.max = 16MB (=16777216) (default)
2019-09-03 19:44:38,301 [18cb8b51-24c0-4f4d-8227-db849c3449ea:group-7571BF224A00:LeaderElection65] INFO  server.RaftServerConfigKeys (ConfUtils.java:logGet(43)) - raft.server.log.appender.buffer.byte-limit = 33554432 (custom)
2019-09-03 19:44:38,302 [18cb8b51-24c0-4f4d-8227-db849c3449ea:group-7571BF224A00:LeaderElection65] INFO  server.RaftServerConfigKeys (ConfUtils.java:logGet(43)) - raft.server.log.appender.buffer.element-limit = 1 (custom)
2019-09-03 19:44:38,302 [18cb8b51-24c0-4f4d-8227-db849c3449ea:group-7571BF224A00:LeaderElection65] INFO  grpc.GrpcConfigKeys$Server (ConfUtils.java:logGet(43)) - raft.grpc.server.leader.outstanding.appends.max = 128 (default)
2019-09-03 19:44:38,302 [18cb8b51-24c0-4f4d-8227-db849c3449ea:group-7571BF224A00:LeaderElection65] INFO  server.RaftServerConfigKeys (ConfUtils.java:logGet(43)) - raft.server.rpc.request.timeout = 3000ms (default)
2019-09-03 19:44:38,302 [18cb8b51-24c0-4f4d-8227-db849c3449ea:group-7571BF224A00:LeaderElection65] INFO  server.RaftServerConfigKeys (ConfUtils.java:logGet(43)) - raft.server.log.appender.install.snapshot.enabled = false (custom)
2019-09-03 19:44:38,302 [18cb8b51-24c0-4f4d-8227-db849c3449ea:group-7571BF224A00:LeaderElection65] INFO  server.RaftServerConfigKeys (ConfUtils.java:logGet(43)) - raft.server.log.appender.snapshot.chunk.size.max = 16MB (=16777216) (default)
2019-09-03 19:44:38,303 [18cb8b51-24c0-4f4d-8227-db849c3449ea:group-7571BF224A00:LeaderElection65] INFO  server.RaftServerConfigKeys (ConfUtils.java:logGet(43)) - raft.server.log.appender.buffer.byte-limit = 33554432 (custom)
2019-09-03 19:44:38,303 [18cb8b51-24c0-4f4d-8227-db849c3449ea:group-7571BF224A00:LeaderElection65] INFO  server.RaftServerConfigKeys (ConfUtils.java:logGet(43)) - raft.server.log.appender.buffer.element-limit = 1 (custom)
2019-09-03 19:44:38,303 [18cb8b51-24c0-4f4d-8227-db849c3449ea:group-7571BF224A00:LeaderElection65] INFO  grpc.GrpcConfigKeys$Server (ConfUtils.java:logGet(43)) - raft.grpc.server.leader.outstanding.appends.max = 128 (default)
2019-09-03 19:44:38,303 [18cb8b51-24c0-4f4d-8227-db849c3449ea:group-7571BF224A00:LeaderElection65] INFO  server.RaftServerConfigKeys (ConfUtils.java:logGet(43)) - raft.server.rpc.request.timeout = 3000ms (default)
2019-09-03 19:44:38,303 [18cb8b51-24c0-4f4d-8227-db849c3449ea:group-7571BF224A00:LeaderElection65] INFO  server.RaftServerConfigKeys (ConfUtils.java:logGet(43)) - raft.server.log.appender.install.snapshot.enabled = false (custom)
2019-09-03 19:44:38,304 [18cb8b51-24c0-4f4d-8227-db849c3449ea:group-7571BF224A00:LeaderElection65] INFO  impl.RoleInfo (RoleInfo.java:updateAndGet(143)) - 18cb8b51-24c0-4f4d-8227-db849c3449ea: start LeaderState
2019-09-03 19:44:38,304 [18cb8b51-24c0-4f4d-8227-db849c3449ea:group-7571BF224A00:LeaderElection65] INFO  segmented.SegmentedRaftLogWorker (SegmentedRaftLogWorker.java:rollLogSegment(385)) - 18cb8b51-24c0-4f4d-8227-db849c3449ea-SegmentedRaftLogWorker:Storage Directory /workdir/hadoop-ozone/integration-test/target/test-dir/MiniOzoneClusterImpl-93e4c667-a4e3-48cf-a9ad-b2b6e5195dda/datanode-6/data/ratis/6776fe23-c688-4676-bb0b-7571bf224a00: Rolling segment log-0_15 to index:15
2019-09-03 19:44:38,305 [18cb8b51-24c0-4f4d-8227-db849c3449ea-SegmentedRaftLogWorker:Storage Directory /workdir/hadoop-ozone/integration-test/target/test-dir/MiniOzoneClusterImpl-93e4c667-a4e3-48cf-a9ad-b2b6e5195dda/datanode-6/data/ratis/6776fe23-c688-4676-bb0b-7571bf224a00] INFO  segmented.SegmentedRaftLogWorker (SegmentedRaftLogWorker.java:execute(526)) - 18cb8b51-24c0-4f4d-8227-db849c3449ea-SegmentedRaftLogWorker:Storage Directory /workdir/hadoop-ozone/integration-test/target/test-dir/MiniOzoneClusterImpl-93e4c667-a4e3-48cf-a9ad-b2b6e5195dda/datanode-6/data/ratis/6776fe23-c688-4676-bb0b-7571bf224a00: Rolled log segment from /workdir/hadoop-ozone/integration-test/target/test-dir/MiniOzoneClusterImpl-93e4c667-a4e3-48cf-a9ad-b2b6e5195dda/datanode-6/data/ratis/6776fe23-c688-4676-bb0b-7571bf224a00/current/log_inprogress_0 to /workdir/hadoop-ozone/integration-test/target/test-dir/MiniOzoneClusterImpl-93e4c667-a4e3-48cf-a9ad-b2b6e5195dda/datanode-6/data/ratis/6776fe23-c688-4676-bb0b-7571bf224a00/current/log_0-15
2019-09-03 19:44:38,305 [18cb8b51-24c0-4f4d-8227-db849c3449ea:group-7571BF224A00:LeaderElection65] INFO  impl.RaftServerImpl (ServerState.java:setRaftConf(361)) - 18cb8b51-24c0-4f4d-8227-db849c3449ea:group-7571BF224A00 set configuration 16: [540a2827-7fc9-4198-8052-28e0673e188a:192.168.34.20:43460, 81f8abc1-4fac-4722-94b1-c50c0e4cf17c:192.168.34.20:33967, 18cb8b51-24c0-4f4d-8227-db849c3449ea:192.168.34.20:37848], old=null at 16
2019-09-03 19:44:38,306 [grpc-default-executor-1] WARN  server.GrpcLogAppender (LogUtils.java:warn(134)) - 18cb8b51-24c0-4f4d-8227-db849c3449ea->540a2827-7fc9-4198-8052-28e0673e188a: Failed appendEntries: org.apache.ratis.thirdparty.io.grpc.StatusRuntimeException: UNAVAILABLE: io exception
2019-09-03 19:44:38,306 [grpc-default-executor-1] INFO  impl.FollowerInfo (FollowerInfo.java:lambda$new$0(50)) - 18cb8b51-24c0-4f4d-8227-db849c3449ea->540a2827-7fc9-4198-8052-28e0673e188a: nextIndex: updateUnconditionally 16 -> 1
2019-09-03 19:44:38,307 [grpc-default-executor-1] INFO  impl.RaftServerImpl (ServerState.java:setLeader(263)) - 81f8abc1-4fac-4722-94b1-c50c0e4cf17c:group-7571BF224A00 change Leader from null to 18cb8b51-24c0-4f4d-8227-db849c3449ea at term 2 for appendEntries, leader elected after 40ms
2019-09-03 19:44:38,310 [grpc-default-executor-1] INFO  impl.RaftServerImpl (ServerState.java:setRaftConf(361)) - 81f8abc1-4fac-4722-94b1-c50c0e4cf17c:group-7571BF224A00 set configuration 16: [540a2827-7fc9-4198-8052-28e0673e188a:192.168.34.20:43460, 81f8abc1-4fac-4722-94b1-c50c0e4cf17c:192.168.34.20:33967, 18cb8b51-24c0-4f4d-8227-db849c3449ea:192.168.34.20:37848], old=null at 16
2019-09-03 19:44:38,310 [grpc-default-executor-1] INFO  segmented.SegmentedRaftLogWorker (SegmentedRaftLogWorker.java:rollLogSegment(385)) - 81f8abc1-4fac-4722-94b1-c50c0e4cf17c-SegmentedRaftLogWorker:Storage Directory /workdir/hadoop-ozone/integration-test/target/test-dir/MiniOzoneClusterImpl-93e4c667-a4e3-48cf-a9ad-b2b6e5195dda/datanode-5/data/ratis/6776fe23-c688-4676-bb0b-7571bf224a00: Rolling segment log-0_15 to index:15
2019-09-03 19:44:38,311 [81f8abc1-4fac-4722-94b1-c50c0e4cf17c-SegmentedRaftLogWorker:Storage Directory /workdir/hadoop-ozone/integration-test/target/test-dir/MiniOzoneClusterImpl-93e4c667-a4e3-48cf-a9ad-b2b6e5195dda/datanode-5/data/ratis/6776fe23-c688-4676-bb0b-7571bf224a00] INFO  segmented.SegmentedRaftLogWorker (SegmentedRaftLogWorker.java:execute(526)) - 81f8abc1-4fac-4722-94b1-c50c0e4cf17c-SegmentedRaftLogWorker:Storage Directory /workdir/hadoop-ozone/integration-test/target/test-dir/MiniOzoneClusterImpl-93e4c667-a4e3-48cf-a9ad-b2b6e5195dda/datanode-5/data/ratis/6776fe23-c688-4676-bb0b-7571bf224a00: Rolled log segment from /workdir/hadoop-ozone/integration-test/target/test-dir/MiniOzoneClusterImpl-93e4c667-a4e3-48cf-a9ad-b2b6e5195dda/datanode-5/data/ratis/6776fe23-c688-4676-bb0b-7571bf224a00/current/log_inprogress_0 to /workdir/hadoop-ozone/integration-test/target/test-dir/MiniOzoneClusterImpl-93e4c667-a4e3-48cf-a9ad-b2b6e5195dda/datanode-5/data/ratis/6776fe23-c688-4676-bb0b-7571bf224a00/current/log_0-15
2019-09-03 19:44:38,360 [18cb8b51-24c0-4f4d-8227-db849c3449ea-SegmentedRaftLogWorker:Storage Directory /workdir/hadoop-ozone/integration-test/target/test-dir/MiniOzoneClusterImpl-93e4c667-a4e3-48cf-a9ad-b2b6e5195dda/datanode-6/data/ratis/6776fe23-c688-4676-bb0b-7571bf224a00] INFO  segmented.SegmentedRaftLogWorker (SegmentedRaftLogWorker.java:execute(569)) - 18cb8b51-24c0-4f4d-8227-db849c3449ea-SegmentedRaftLogWorker:Storage Directory /workdir/hadoop-ozone/integration-test/target/test-dir/MiniOzoneClusterImpl-93e4c667-a4e3-48cf-a9ad-b2b6e5195dda/datanode-6/data/ratis/6776fe23-c688-4676-bb0b-7571bf224a00: created new log segment /workdir/hadoop-ozone/integration-test/target/test-dir/MiniOzoneClusterImpl-93e4c667-a4e3-48cf-a9ad-b2b6e5195dda/datanode-6/data/ratis/6776fe23-c688-4676-bb0b-7571bf224a00/current/log_inprogress_16
2019-09-03 19:44:38,360 [81f8abc1-4fac-4722-94b1-c50c0e4cf17c-SegmentedRaftLogWorker:Storage Directory /workdir/hadoop-ozone/integration-test/target/test-dir/MiniOzoneClusterImpl-93e4c667-a4e3-48cf-a9ad-b2b6e5195dda/datanode-5/data/ratis/6776fe23-c688-4676-bb0b-7571bf224a00] INFO  segmented.SegmentedRaftLogWorker (SegmentedRaftLogWorker.java:execute(569)) - 81f8abc1-4fac-4722-94b1-c50c0e4cf17c-SegmentedRaftLogWorker:Storage Directory /workdir/hadoop-ozone/integration-test/target/test-dir/MiniOzoneClusterImpl-93e4c667-a4e3-48cf-a9ad-b2b6e5195dda/datanode-5/data/ratis/6776fe23-c688-4676-bb0b-7571bf224a00: created new log segment /workdir/hadoop-ozone/integration-test/target/test-dir/MiniOzoneClusterImpl-93e4c667-a4e3-48cf-a9ad-b2b6e5195dda/datanode-5/data/ratis/6776fe23-c688-4676-bb0b-7571bf224a00/current/log_inprogress_16
2019-09-03 19:44:38,381 [grpc-default-executor-1] WARN  server.GrpcLogAppender (LogUtils.java:warn(134)) - 18cb8b51-24c0-4f4d-8227-db849c3449ea->540a2827-7fc9-4198-8052-28e0673e188a: Failed appendEntries: org.apache.ratis.thirdparty.io.grpc.StatusRuntimeException: UNAVAILABLE: io exception
2019-09-03 19:44:38,381 [grpc-default-executor-1] INFO  impl.FollowerInfo (FollowerInfo.java:lambda$new$0(50)) - 18cb8b51-24c0-4f4d-8227-db849c3449ea->540a2827-7fc9-4198-8052-28e0673e188a: nextIndex: updateUnconditionally 2 -> 1
2019-09-03 19:44:38,391 [grpc-default-executor-7] WARN  server.GrpcLogAppender (LogUtils.java:warn(134)) - 18cb8b51-24c0-4f4d-8227-db849c3449ea->540a2827-7fc9-4198-8052-28e0673e188a: Failed appendEntries: org.apache.ratis.thirdparty.io.grpc.StatusRuntimeException: UNAVAILABLE: io exception
2019-09-03 19:44:38,391 [grpc-default-executor-7] INFO  impl.FollowerInfo (FollowerInfo.java:lambda$new$0(50)) - 18cb8b51-24c0-4f4d-8227-db849c3449ea->540a2827-7fc9-4198-8052-28e0673e188a: nextIndex: updateUnconditionally 2 -> 1
19:44:38.776 [grpc-default-executor-7] ERROR DNAudit - user=null | ip=null | op=WRITE_CHUNK {blockData=conID: 1 locID: 102730292131790862 bcsId: 13} | ret=FAILURE
org.apache.hadoop.hdds.scm.container.common.helpers.ContainerNotOpenException: Container 1 in CLOSING state
	at org.apache.hadoop.ozone.container.common.impl.HddsDispatcher.validateContainerCommand(HddsDispatcher.java:408) ~[hadoop-hdds-container-service-0.5.0-SNAPSHOT.jar:?]
	at org.apache.hadoop.ozone.container.common.transport.server.ratis.ContainerStateMachine.startTransaction(ContainerStateMachine.java:310) ~[hadoop-hdds-container-service-0.5.0-SNAPSHOT.jar:?]
	at org.apache.ratis.server.impl.RaftServerImpl.submitClientRequestAsync(RaftServerImpl.java:566) ~[ratis-server-0.4.0-2337318-SNAPSHOT.jar:0.4.0-2337318-SNAPSHOT]
	at org.apache.ratis.server.impl.RaftServerProxy.lambda$submitClientRequestAsync$7(RaftServerProxy.java:333) ~[ratis-server-0.4.0-2337318-SNAPSHOT.jar:0.4.0-2337318-SNAPSHOT]
	at org.apache.ratis.server.impl.RaftServerProxy.lambda$null$5(RaftServerProxy.java:328) ~[ratis-server-0.4.0-2337318-SNAPSHOT.jar:0.4.0-2337318-SNAPSHOT]
	at org.apache.ratis.util.JavaUtils.callAsUnchecked(JavaUtils.java:109) ~[ratis-common-0.4.0-2337318-SNAPSHOT.jar:0.4.0-2337318-SNAPSHOT]
	at org.apache.ratis.server.impl.RaftServerProxy.lambda$submitRequest$6(RaftServerProxy.java:328) ~[ratis-server-0.4.0-2337318-SNAPSHOT.jar:0.4.0-2337318-SNAPSHOT]
	at java.util.concurrent.CompletableFuture.uniComposeStage(CompletableFuture.java:981) ~[?:1.8.0_212]
	at java.util.concurrent.CompletableFuture.thenCompose(CompletableFuture.java:2124) ~[?:1.8.0_212]
	at org.apache.ratis.server.impl.RaftServerProxy.submitRequest(RaftServerProxy.java:327) ~[ratis-server-0.4.0-2337318-SNAPSHOT.jar:0.4.0-2337318-SNAPSHOT]
	at org.apache.ratis.server.impl.RaftServerProxy.submitClientRequestAsync(RaftServerProxy.java:333) ~[ratis-server-0.4.0-2337318-SNAPSHOT.jar:0.4.0-2337318-SNAPSHOT]
	at org.apache.ratis.grpc.client.GrpcClientProtocolService$RequestStreamObserver.processClientRequest(GrpcClientProtocolService.java:220) ~[ratis-grpc-0.4.0-2337318-SNAPSHOT.jar:0.4.0-2337318-SNAPSHOT]
	at org.apache.ratis.grpc.client.GrpcClientProtocolService$OrderedRequestStreamObserver.processClientRequest(GrpcClientProtocolService.java:326) ~[ratis-grpc-0.4.0-2337318-SNAPSHOT.jar:0.4.0-2337318-SNAPSHOT]
	at org.apache.ratis.util.SlidingWindow$Server.processRequestsFromHead(SlidingWindow.java:429) [ratis-common-0.4.0-2337318-SNAPSHOT.jar:0.4.0-2337318-SNAPSHOT]
	at org.apache.ratis.util.SlidingWindow$Server.receivedRequest(SlidingWindow.java:421) [ratis-common-0.4.0-2337318-SNAPSHOT.jar:0.4.0-2337318-SNAPSHOT]
	at org.apache.ratis.grpc.client.GrpcClientProtocolService$OrderedRequestStreamObserver.processClientRequest(GrpcClientProtocolService.java:345) [ratis-grpc-0.4.0-2337318-SNAPSHOT.jar:0.4.0-2337318-SNAPSHOT]
	at org.apache.ratis.grpc.client.GrpcClientProtocolService$RequestStreamObserver.onNext(GrpcClientProtocolService.java:240) [ratis-grpc-0.4.0-2337318-SNAPSHOT.jar:0.4.0-2337318-SNAPSHOT]
	at org.apache.ratis.grpc.client.GrpcClientProtocolService$RequestStreamObserver.onNext(GrpcClientProtocolService.java:168) [ratis-grpc-0.4.0-2337318-SNAPSHOT.jar:0.4.0-2337318-SNAPSHOT]
	at org.apache.ratis.thirdparty.io.grpc.stub.ServerCalls$StreamingServerCallHandler$StreamingServerCallListener.onMessage(ServerCalls.java:248) [ratis-thirdparty-misc-0.2.0.jar:0.2.0]
	at org.apache.ratis.thirdparty.io.grpc.internal.ServerCallImpl$ServerStreamListenerImpl.messagesAvailable(ServerCallImpl.java:263) [ratis-thirdparty-misc-0.2.0.jar:0.2.0]
	at org.apache.ratis.thirdparty.io.grpc.internal.ServerImpl$JumpToApplicationThreadServerStreamListener$1MessagesAvailable.runInContext(ServerImpl.java:686) [ratis-thirdparty-misc-0.2.0.jar:0.2.0]
	at org.apache.ratis.thirdparty.io.grpc.internal.ContextRunnable.run(ContextRunnable.java:37) [ratis-thirdparty-misc-0.2.0.jar:0.2.0]
	at org.apache.ratis.thirdparty.io.grpc.internal.SerializingExecutor.run(SerializingExecutor.java:123) [ratis-thirdparty-misc-0.2.0.jar:0.2.0]
	at java.util.concurrent.ThreadPoolExecutor.runWorker(ThreadPoolExecutor.java:1149) [?:1.8.0_212]
	at java.util.concurrent.ThreadPoolExecutor$Worker.run(ThreadPoolExecutor.java:624) [?:1.8.0_212]
	at java.lang.Thread.run(Thread.java:748) [?:1.8.0_212]
2019-09-03 19:44:38,792 [grpc-default-executor-7] INFO  client.GrpcClientProtocolClient (GrpcClientProtocolClient.java:onNext(255)) - client-461F846070FB->18cb8b51-24c0-4f4d-8227-db849c3449ea: receive RaftClientReply:client-461F846070FB->18cb8b51-24c0-4f4d-8227-db849c3449ea@group-7571BF224A00, cid=184, FAILED org.apache.ratis.protocol.StateMachineException: org.apache.hadoop.hdds.scm.container.common.helpers.ContainerNotOpenException from Server 18cb8b51-24c0-4f4d-8227-db849c3449ea: Container 1 in CLOSING state, logIndex=0, commits[18cb8b51-24c0-4f4d-8227-db849c3449ea:c17, 540a2827-7fc9-4198-8052-28e0673e188a:c15, 81f8abc1-4fac-4722-94b1-c50c0e4cf17c:c16]
19:44:38.793 [grpc-default-executor-9] ERROR DNAudit - user=null | ip=null | op=WRITE_CHUNK {blockData=conID: 1 locID: 102730292131790862 bcsId: 13} | ret=FAILURE
org.apache.hadoop.hdds.scm.container.common.helpers.ContainerNotOpenException: Container 1 in CLOSING state
	at org.apache.hadoop.ozone.container.common.impl.HddsDispatcher.validateContainerCommand(HddsDispatcher.java:408) ~[hadoop-hdds-container-service-0.5.0-SNAPSHOT.jar:?]
	at org.apache.hadoop.ozone.container.common.transport.server.ratis.ContainerStateMachine.startTransaction(ContainerStateMachine.java:310) ~[hadoop-hdds-container-service-0.5.0-SNAPSHOT.jar:?]
	at org.apache.ratis.server.impl.RaftServerImpl.submitClientRequestAsync(RaftServerImpl.java:566) ~[ratis-server-0.4.0-2337318-SNAPSHOT.jar:0.4.0-2337318-SNAPSHOT]
	at org.apache.ratis.server.impl.RaftServerProxy.lambda$submitClientRequestAsync$7(RaftServerProxy.java:333) ~[ratis-server-0.4.0-2337318-SNAPSHOT.jar:0.4.0-2337318-SNAPSHOT]
	at org.apache.ratis.server.impl.RaftServerProxy.lambda$null$5(RaftServerProxy.java:328) ~[ratis-server-0.4.0-2337318-SNAPSHOT.jar:0.4.0-2337318-SNAPSHOT]
	at org.apache.ratis.util.JavaUtils.callAsUnchecked(JavaUtils.java:109) ~[ratis-common-0.4.0-2337318-SNAPSHOT.jar:0.4.0-2337318-SNAPSHOT]
	at org.apache.ratis.server.impl.RaftServerProxy.lambda$submitRequest$6(RaftServerProxy.java:328) ~[ratis-server-0.4.0-2337318-SNAPSHOT.jar:0.4.0-2337318-SNAPSHOT]
	at java.util.concurrent.CompletableFuture.uniComposeStage(CompletableFuture.java:981) ~[?:1.8.0_212]
	at java.util.concurrent.CompletableFuture.thenCompose(CompletableFuture.java:2124) ~[?:1.8.0_212]
	at org.apache.ratis.server.impl.RaftServerProxy.submitRequest(RaftServerProxy.java:327) ~[ratis-server-0.4.0-2337318-SNAPSHOT.jar:0.4.0-2337318-SNAPSHOT]
	at org.apache.ratis.server.impl.RaftServerProxy.submitClientRequestAsync(RaftServerProxy.java:333) ~[ratis-server-0.4.0-2337318-SNAPSHOT.jar:0.4.0-2337318-SNAPSHOT]
	at org.apache.ratis.grpc.client.GrpcClientProtocolService$RequestStreamObserver.processClientRequest(GrpcClientProtocolService.java:220) ~[ratis-grpc-0.4.0-2337318-SNAPSHOT.jar:0.4.0-2337318-SNAPSHOT]
	at org.apache.ratis.grpc.client.GrpcClientProtocolService$OrderedRequestStreamObserver.processClientRequest(GrpcClientProtocolService.java:326) ~[ratis-grpc-0.4.0-2337318-SNAPSHOT.jar:0.4.0-2337318-SNAPSHOT]
	at org.apache.ratis.util.SlidingWindow$Server.processRequestsFromHead(SlidingWindow.java:429) [ratis-common-0.4.0-2337318-SNAPSHOT.jar:0.4.0-2337318-SNAPSHOT]
	at org.apache.ratis.util.SlidingWindow$Server.receivedRequest(SlidingWindow.java:421) [ratis-common-0.4.0-2337318-SNAPSHOT.jar:0.4.0-2337318-SNAPSHOT]
	at org.apache.ratis.grpc.client.GrpcClientProtocolService$OrderedRequestStreamObserver.processClientRequest(GrpcClientProtocolService.java:345) [ratis-grpc-0.4.0-2337318-SNAPSHOT.jar:0.4.0-2337318-SNAPSHOT]
	at org.apache.ratis.grpc.client.GrpcClientProtocolService$RequestStreamObserver.onNext(GrpcClientProtocolService.java:240) [ratis-grpc-0.4.0-2337318-SNAPSHOT.jar:0.4.0-2337318-SNAPSHOT]
	at org.apache.ratis.grpc.client.GrpcClientProtocolService$RequestStreamObserver.onNext(GrpcClientProtocolService.java:168) [ratis-grpc-0.4.0-2337318-SNAPSHOT.jar:0.4.0-2337318-SNAPSHOT]
	at org.apache.ratis.thirdparty.io.grpc.stub.ServerCalls$StreamingServerCallHandler$StreamingServerCallListener.onMessage(ServerCalls.java:248) [ratis-thirdparty-misc-0.2.0.jar:0.2.0]
	at org.apache.ratis.thirdparty.io.grpc.internal.ServerCallImpl$ServerStreamListenerImpl.messagesAvailable(ServerCallImpl.java:263) [ratis-thirdparty-misc-0.2.0.jar:0.2.0]
	at org.apache.ratis.thirdparty.io.grpc.internal.ServerImpl$JumpToApplicationThreadServerStreamListener$1MessagesAvailable.runInContext(ServerImpl.java:686) [ratis-thirdparty-misc-0.2.0.jar:0.2.0]
	at org.apache.ratis.thirdparty.io.grpc.internal.ContextRunnable.run(ContextRunnable.java:37) [ratis-thirdparty-misc-0.2.0.jar:0.2.0]
	at org.apache.ratis.thirdparty.io.grpc.internal.SerializingExecutor.run(SerializingExecutor.java:123) [ratis-thirdparty-misc-0.2.0.jar:0.2.0]
	at java.util.concurrent.ThreadPoolExecutor.runWorker(ThreadPoolExecutor.java:1149) [?:1.8.0_212]
	at java.util.concurrent.ThreadPoolExecutor$Worker.run(ThreadPoolExecutor.java:624) [?:1.8.0_212]
	at java.lang.Thread.run(Thread.java:748) [?:1.8.0_212]
2019-09-03 19:44:38,805 [grpc-default-executor-7] INFO  client.GrpcClientProtocolClient (GrpcClientProtocolClient.java:onNext(255)) - client-461F846070FB->18cb8b51-24c0-4f4d-8227-db849c3449ea: receive RaftClientReply:client-461F846070FB->18cb8b51-24c0-4f4d-8227-db849c3449ea@group-7571BF224A00, cid=185, FAILED org.apache.ratis.protocol.StateMachineException: org.apache.hadoop.hdds.scm.container.common.helpers.ContainerNotOpenException from Server 18cb8b51-24c0-4f4d-8227-db849c3449ea: Container 1 in CLOSING state, logIndex=0, commits[18cb8b51-24c0-4f4d-8227-db849c3449ea:c17, 540a2827-7fc9-4198-8052-28e0673e188a:c15, 81f8abc1-4fac-4722-94b1-c50c0e4cf17c:c16]
19:44:38.804 [grpc-default-executor-9] ERROR DNAudit - user=null | ip=null | op=PUT_BLOCK {blockData=[blockId=conID: 1 locID: 102730292131790862 bcsId: 0,size=650]} | ret=FAILURE
org.apache.hadoop.hdds.scm.container.common.helpers.ContainerNotOpenException: Container 1 in CLOSING state
	at org.apache.hadoop.ozone.container.common.impl.HddsDispatcher.validateContainerCommand(HddsDispatcher.java:408) ~[hadoop-hdds-container-service-0.5.0-SNAPSHOT.jar:?]
	at org.apache.hadoop.ozone.container.common.transport.server.ratis.ContainerStateMachine.startTransaction(ContainerStateMachine.java:310) ~[hadoop-hdds-container-service-0.5.0-SNAPSHOT.jar:?]
	at org.apache.ratis.server.impl.RaftServerImpl.submitClientRequestAsync(RaftServerImpl.java:566) ~[ratis-server-0.4.0-2337318-SNAPSHOT.jar:0.4.0-2337318-SNAPSHOT]
	at org.apache.ratis.server.impl.RaftServerProxy.lambda$submitClientRequestAsync$7(RaftServerProxy.java:333) ~[ratis-server-0.4.0-2337318-SNAPSHOT.jar:0.4.0-2337318-SNAPSHOT]
	at org.apache.ratis.server.impl.RaftServerProxy.lambda$null$5(RaftServerProxy.java:328) ~[ratis-server-0.4.0-2337318-SNAPSHOT.jar:0.4.0-2337318-SNAPSHOT]
	at org.apache.ratis.util.JavaUtils.callAsUnchecked(JavaUtils.java:109) ~[ratis-common-0.4.0-2337318-SNAPSHOT.jar:0.4.0-2337318-SNAPSHOT]
	at org.apache.ratis.server.impl.RaftServerProxy.lambda$submitRequest$6(RaftServerProxy.java:328) ~[ratis-server-0.4.0-2337318-SNAPSHOT.jar:0.4.0-2337318-SNAPSHOT]
	at java.util.concurrent.CompletableFuture.uniComposeStage(CompletableFuture.java:981) ~[?:1.8.0_212]
	at java.util.concurrent.CompletableFuture.thenCompose(CompletableFuture.java:2124) ~[?:1.8.0_212]
	at org.apache.ratis.server.impl.RaftServerProxy.submitRequest(RaftServerProxy.java:327) ~[ratis-server-0.4.0-2337318-SNAPSHOT.jar:0.4.0-2337318-SNAPSHOT]
	at org.apache.ratis.server.impl.RaftServerProxy.submitClientRequestAsync(RaftServerProxy.java:333) ~[ratis-server-0.4.0-2337318-SNAPSHOT.jar:0.4.0-2337318-SNAPSHOT]
	at org.apache.ratis.grpc.client.GrpcClientProtocolService$RequestStreamObserver.processClientRequest(GrpcClientProtocolService.java:220) ~[ratis-grpc-0.4.0-2337318-SNAPSHOT.jar:0.4.0-2337318-SNAPSHOT]
	at org.apache.ratis.grpc.client.GrpcClientProtocolService$OrderedRequestStreamObserver.processClientRequest(GrpcClientProtocolService.java:326) ~[ratis-grpc-0.4.0-2337318-SNAPSHOT.jar:0.4.0-2337318-SNAPSHOT]
	at org.apache.ratis.util.SlidingWindow$Server.processRequestsFromHead(SlidingWindow.java:429) [ratis-common-0.4.0-2337318-SNAPSHOT.jar:0.4.0-2337318-SNAPSHOT]
	at org.apache.ratis.util.SlidingWindow$Server.receivedRequest(SlidingWindow.java:421) [ratis-common-0.4.0-2337318-SNAPSHOT.jar:0.4.0-2337318-SNAPSHOT]
	at org.apache.ratis.grpc.client.GrpcClientProtocolService$OrderedRequestStreamObserver.processClientRequest(GrpcClientProtocolService.java:345) [ratis-grpc-0.4.0-2337318-SNAPSHOT.jar:0.4.0-2337318-SNAPSHOT]
	at org.apache.ratis.grpc.client.GrpcClientProtocolService$RequestStreamObserver.onNext(GrpcClientProtocolService.java:240) [ratis-grpc-0.4.0-2337318-SNAPSHOT.jar:0.4.0-2337318-SNAPSHOT]
	at org.apache.ratis.grpc.client.GrpcClientProtocolService$RequestStreamObserver.onNext(GrpcClientProtocolService.java:168) [ratis-grpc-0.4.0-2337318-SNAPSHOT.jar:0.4.0-2337318-SNAPSHOT]
	at org.apache.ratis.thirdparty.io.grpc.stub.ServerCalls$StreamingServerCallHandler$StreamingServerCallListener.onMessage(ServerCalls.java:248) [ratis-thirdparty-misc-0.2.0.jar:0.2.0]
	at org.apache.ratis.thirdparty.io.grpc.internal.ServerCallImpl$ServerStreamListenerImpl.messagesAvailable(ServerCallImpl.java:263) [ratis-thirdparty-misc-0.2.0.jar:0.2.0]
	at org.apache.ratis.thirdparty.io.grpc.internal.ServerImpl$JumpToApplicationThreadServerStreamListener$1MessagesAvailable.runInContext(ServerImpl.java:686) [ratis-thirdparty-misc-0.2.0.jar:0.2.0]
	at org.apache.ratis.thirdparty.io.grpc.internal.ContextRunnable.run(ContextRunnable.java:37) [ratis-thirdparty-misc-0.2.0.jar:0.2.0]
	at org.apache.ratis.thirdparty.io.grpc.internal.SerializingExecutor.run(SerializingExecutor.java:123) [ratis-thirdparty-misc-0.2.0.jar:0.2.0]
	at java.util.concurrent.ThreadPoolExecutor.runWorker(ThreadPoolExecutor.java:1149) [?:1.8.0_212]
	at java.util.concurrent.ThreadPoolExecutor$Worker.run(ThreadPoolExecutor.java:624) [?:1.8.0_212]
	at java.lang.Thread.run(Thread.java:748) [?:1.8.0_212]
19:44:38.806 [grpc-default-executor-9] ERROR DNAudit - user=null | ip=null | op=WRITE_CHUNK {blockData=conID: 1 locID: 102730292131790862 bcsId: 13} | ret=FAILURE
org.apache.hadoop.hdds.scm.container.common.helpers.ContainerNotOpenException: Container 1 in CLOSING state
	at org.apache.hadoop.ozone.container.common.impl.HddsDispatcher.validateContainerCommand(HddsDispatcher.java:408) ~[hadoop-hdds-container-service-0.5.0-SNAPSHOT.jar:?]
	at org.apache.hadoop.ozone.container.common.transport.server.ratis.ContainerStateMachine.startTransaction(ContainerStateMachine.java:310) ~[hadoop-hdds-container-service-0.5.0-SNAPSHOT.jar:?]
	at org.apache.ratis.server.impl.RaftServerImpl.submitClientRequestAsync(RaftServerImpl.java:566) ~[ratis-server-0.4.0-2337318-SNAPSHOT.jar:0.4.0-2337318-SNAPSHOT]
	at org.apache.ratis.server.impl.RaftServerProxy.lambda$submitClientRequestAsync$7(RaftServerProxy.java:333) ~[ratis-server-0.4.0-2337318-SNAPSHOT.jar:0.4.0-2337318-SNAPSHOT]
	at org.apache.ratis.server.impl.RaftServerProxy.lambda$null$5(RaftServerProxy.java:328) ~[ratis-server-0.4.0-2337318-SNAPSHOT.jar:0.4.0-2337318-SNAPSHOT]
	at org.apache.ratis.util.JavaUtils.callAsUnchecked(JavaUtils.java:109) ~[ratis-common-0.4.0-2337318-SNAPSHOT.jar:0.4.0-2337318-SNAPSHOT]
	at org.apache.ratis.server.impl.RaftServerProxy.lambda$submitRequest$6(RaftServerProxy.java:328) ~[ratis-server-0.4.0-2337318-SNAPSHOT.jar:0.4.0-2337318-SNAPSHOT]
	at java.util.concurrent.CompletableFuture.uniComposeStage(CompletableFuture.java:981) ~[?:1.8.0_212]
	at java.util.concurrent.CompletableFuture.thenCompose(CompletableFuture.java:2124) ~[?:1.8.0_212]
	at org.apache.ratis.server.impl.RaftServerProxy.submitRequest(RaftServerProxy.java:327) ~[ratis-server-0.4.0-2337318-SNAPSHOT.jar:0.4.0-2337318-SNAPSHOT]
	at org.apache.ratis.server.impl.RaftServerProxy.submitClientRequestAsync(RaftServerProxy.java:333) ~[ratis-server-0.4.0-2337318-SNAPSHOT.jar:0.4.0-2337318-SNAPSHOT]
	at org.apache.ratis.grpc.client.GrpcClientProtocolService$RequestStreamObserver.processClientRequest(GrpcClientProtocolService.java:220) ~[ratis-grpc-0.4.0-2337318-SNAPSHOT.jar:0.4.0-2337318-SNAPSHOT]
	at org.apache.ratis.grpc.client.GrpcClientProtocolService$OrderedRequestStreamObserver.processClientRequest(GrpcClientProtocolService.java:326) ~[ratis-grpc-0.4.0-2337318-SNAPSHOT.jar:0.4.0-2337318-SNAPSHOT]
	at org.apache.ratis.util.SlidingWindow$Server.processRequestsFromHead(SlidingWindow.java:429) [ratis-common-0.4.0-2337318-SNAPSHOT.jar:0.4.0-2337318-SNAPSHOT]
	at org.apache.ratis.util.SlidingWindow$Server.receivedRequest(SlidingWindow.java:421) [ratis-common-0.4.0-2337318-SNAPSHOT.jar:0.4.0-2337318-SNAPSHOT]
	at org.apache.ratis.grpc.client.GrpcClientProtocolService$OrderedRequestStreamObserver.processClientRequest(GrpcClientProtocolService.java:345) [ratis-grpc-0.4.0-2337318-SNAPSHOT.jar:0.4.0-2337318-SNAPSHOT]
	at org.apache.ratis.grpc.client.GrpcClientProtocolService$RequestStreamObserver.onNext(GrpcClientProtocolService.java:240) [ratis-grpc-0.4.0-2337318-SNAPSHOT.jar:0.4.0-2337318-SNAPSHOT]
	at org.apache.ratis.grpc.client.GrpcClientProtocolService$RequestStreamObserver.onNext(GrpcClientProtocolService.java:168) [ratis-grpc-0.4.0-2337318-SNAPSHOT.jar:0.4.0-2337318-SNAPSHOT]
	at org.apache.ratis.thirdparty.io.grpc.stub.ServerCalls$StreamingServerCallHandler$StreamingServerCallListener.onMessage(ServerCalls.java:248) [ratis-thirdparty-misc-0.2.0.jar:0.2.0]
	at org.apache.ratis.thirdparty.io.grpc.internal.ServerCallImpl$ServerStreamListenerImpl.messagesAvailable(ServerCallImpl.java:263) [ratis-thirdparty-misc-0.2.0.jar:0.2.0]
	at org.apache.ratis.thirdparty.io.grpc.internal.ServerImpl$JumpToApplicationThreadServerStreamListener$1MessagesAvailable.runInContext(ServerImpl.java:686) [ratis-thirdparty-misc-0.2.0.jar:0.2.0]
	at org.apache.ratis.thirdparty.io.grpc.internal.ContextRunnable.run(ContextRunnable.java:37) [ratis-thirdparty-misc-0.2.0.jar:0.2.0]
	at org.apache.ratis.thirdparty.io.grpc.internal.SerializingExecutor.run(SerializingExecutor.java:123) [ratis-thirdparty-misc-0.2.0.jar:0.2.0]
	at java.util.concurrent.ThreadPoolExecutor.runWorker(ThreadPoolExecutor.java:1149) [?:1.8.0_212]
	at java.util.concurrent.ThreadPoolExecutor$Worker.run(ThreadPoolExecutor.java:624) [?:1.8.0_212]
	at java.lang.Thread.run(Thread.java:748) [?:1.8.0_212]
19:44:38.813 [grpc-default-executor-9] ERROR DNAudit - user=null | ip=null | op=WRITE_CHUNK {blockData=conID: 1 locID: 102730292131790862 bcsId: 13} | ret=FAILURE
org.apache.hadoop.hdds.scm.container.common.helpers.ContainerNotOpenException: Container 1 in CLOSING state
	at org.apache.hadoop.ozone.container.common.impl.HddsDispatcher.validateContainerCommand(HddsDispatcher.java:408) ~[hadoop-hdds-container-service-0.5.0-SNAPSHOT.jar:?]
	at org.apache.hadoop.ozone.container.common.transport.server.ratis.ContainerStateMachine.startTransaction(ContainerStateMachine.java:310) ~[hadoop-hdds-container-service-0.5.0-SNAPSHOT.jar:?]
	at org.apache.ratis.server.impl.RaftServerImpl.submitClientRequestAsync(RaftServerImpl.java:566) ~[ratis-server-0.4.0-2337318-SNAPSHOT.jar:0.4.0-2337318-SNAPSHOT]
	at org.apache.ratis.server.impl.RaftServerProxy.lambda$submitClientRequestAsync$7(RaftServerProxy.java:333) ~[ratis-server-0.4.0-2337318-SNAPSHOT.jar:0.4.0-2337318-SNAPSHOT]
	at org.apache.ratis.server.impl.RaftServerProxy.lambda$null$5(RaftServerProxy.java:328) ~[ratis-server-0.4.0-2337318-SNAPSHOT.jar:0.4.0-2337318-SNAPSHOT]
	at org.apache.ratis.util.JavaUtils.callAsUnchecked(JavaUtils.java:109) ~[ratis-common-0.4.0-2337318-SNAPSHOT.jar:0.4.0-2337318-SNAPSHOT]
	at org.apache.ratis.server.impl.RaftServerProxy.lambda$submitRequest$6(RaftServerProxy.java:328) ~[ratis-server-0.4.0-2337318-SNAPSHOT.jar:0.4.0-2337318-SNAPSHOT]
	at java.util.concurrent.CompletableFuture.uniComposeStage(CompletableFuture.java:981) ~[?:1.8.0_212]
	at java.util.concurrent.CompletableFuture.thenCompose(CompletableFuture.java:2124) ~[?:1.8.0_212]
	at org.apache.ratis.server.impl.RaftServerProxy.submitRequest(RaftServerProxy.java:327) ~[ratis-server-0.4.0-2337318-SNAPSHOT.jar:0.4.0-2337318-SNAPSHOT]
	at org.apache.ratis.server.impl.RaftServerProxy.submitClientRequestAsync(RaftServerProxy.java:333) ~[ratis-server-0.4.0-2337318-SNAPSHOT.jar:0.4.0-2337318-SNAPSHOT]
	at org.apache.ratis.grpc.client.GrpcClientProtocolService$RequestStreamObserver.processClientRequest(GrpcClientProtocolService.java:220) ~[ratis-grpc-0.4.0-2337318-SNAPSHOT.jar:0.4.0-2337318-SNAPSHOT]
	at org.apache.ratis.grpc.client.GrpcClientProtocolService$OrderedRequestStreamObserver.processClientRequest(GrpcClientProtocolService.java:326) ~[ratis-grpc-0.4.0-2337318-SNAPSHOT.jar:0.4.0-2337318-SNAPSHOT]
	at org.apache.ratis.util.SlidingWindow$Server.processRequestsFromHead(SlidingWindow.java:429) [ratis-common-0.4.0-2337318-SNAPSHOT.jar:0.4.0-2337318-SNAPSHOT]
	at org.apache.ratis.util.SlidingWindow$Server.receivedRequest(SlidingWindow.java:421) [ratis-common-0.4.0-2337318-SNAPSHOT.jar:0.4.0-2337318-SNAPSHOT]
	at org.apache.ratis.grpc.client.GrpcClientProtocolService$OrderedRequestStreamObserver.processClientRequest(GrpcClientProtocolService.java:345) [ratis-grpc-0.4.0-2337318-SNAPSHOT.jar:0.4.0-2337318-SNAPSHOT]
	at org.apache.ratis.grpc.client.GrpcClientProtocolService$RequestStreamObserver.onNext(GrpcClientProtocolService.java:240) [ratis-grpc-0.4.0-2337318-SNAPSHOT.jar:0.4.0-2337318-SNAPSHOT]
	at org.apache.ratis.grpc.client.GrpcClientProtocolService$RequestStreamObserver.onNext(GrpcClientProtocolService.java:168) [ratis-grpc-0.4.0-2337318-SNAPSHOT.jar:0.4.0-2337318-SNAPSHOT]
	at org.apache.ratis.thirdparty.io.grpc.stub.ServerCalls$StreamingServerCallHandler$StreamingServerCallListener.onMessage(ServerCalls.java:248) [ratis-thirdparty-misc-0.2.0.jar:0.2.0]
	at org.apache.ratis.thirdparty.io.grpc.internal.ServerCallImpl$ServerStreamListenerImpl.messagesAvailable(ServerCallImpl.java:263) [ratis-thirdparty-misc-0.2.0.jar:0.2.0]
	at org.apache.ratis.thirdparty.io.grpc.internal.ServerImpl$JumpToApplicationThreadServerStreamListener$1MessagesAvailable.runInContext(ServerImpl.java:686) [ratis-thirdparty-misc-0.2.0.jar:0.2.0]
	at org.apache.ratis.thirdparty.io.grpc.internal.ContextRunnable.run(ContextRunnable.java:37) [ratis-thirdparty-misc-0.2.0.jar:0.2.0]
	at org.apache.ratis.thirdparty.io.grpc.internal.SerializingExecutor.run(SerializingExecutor.java:123) [ratis-thirdparty-misc-0.2.0.jar:0.2.0]
	at java.util.concurrent.ThreadPoolExecutor.runWorker(ThreadPoolExecutor.java:1149) [?:1.8.0_212]
	at java.util.concurrent.ThreadPoolExecutor$Worker.run(ThreadPoolExecutor.java:624) [?:1.8.0_212]
	at java.lang.Thread.run(Thread.java:748) [?:1.8.0_212]
2019-09-03 19:44:38,814 [grpc-default-executor-7] INFO  client.GrpcClientProtocolClient (GrpcClientProtocolClient.java:onNext(255)) - client-461F846070FB->18cb8b51-24c0-4f4d-8227-db849c3449ea: receive RaftClientReply:client-461F846070FB->18cb8b51-24c0-4f4d-8227-db849c3449ea@group-7571BF224A00, cid=186, FAILED org.apache.ratis.protocol.StateMachineException: org.apache.hadoop.hdds.scm.container.common.helpers.ContainerNotOpenException from Server 18cb8b51-24c0-4f4d-8227-db849c3449ea: Container 1 in CLOSING state, logIndex=0, commits[18cb8b51-24c0-4f4d-8227-db849c3449ea:c17, 540a2827-7fc9-4198-8052-28e0673e188a:c15, 81f8abc1-4fac-4722-94b1-c50c0e4cf17c:c16]
19:44:38.820 [grpc-default-executor-9] ERROR DNAudit - user=null | ip=null | op=PUT_BLOCK {blockData=[blockId=conID: 1 locID: 102730292131790862 bcsId: 0,size=800]} | ret=FAILURE
org.apache.hadoop.hdds.scm.container.common.helpers.ContainerNotOpenException: Container 1 in CLOSING state
	at org.apache.hadoop.ozone.container.common.impl.HddsDispatcher.validateContainerCommand(HddsDispatcher.java:408) ~[hadoop-hdds-container-service-0.5.0-SNAPSHOT.jar:?]
	at org.apache.hadoop.ozone.container.common.transport.server.ratis.ContainerStateMachine.startTransaction(ContainerStateMachine.java:310) ~[hadoop-hdds-container-service-0.5.0-SNAPSHOT.jar:?]
	at org.apache.ratis.server.impl.RaftServerImpl.submitClientRequestAsync(RaftServerImpl.java:566) ~[ratis-server-0.4.0-2337318-SNAPSHOT.jar:0.4.0-2337318-SNAPSHOT]
	at org.apache.ratis.server.impl.RaftServerProxy.lambda$submitClientRequestAsync$7(RaftServerProxy.java:333) ~[ratis-server-0.4.0-2337318-SNAPSHOT.jar:0.4.0-2337318-SNAPSHOT]
	at org.apache.ratis.server.impl.RaftServerProxy.lambda$null$5(RaftServerProxy.java:328) ~[ratis-server-0.4.0-2337318-SNAPSHOT.jar:0.4.0-2337318-SNAPSHOT]
	at org.apache.ratis.util.JavaUtils.callAsUnchecked(JavaUtils.java:109) ~[ratis-common-0.4.0-2337318-SNAPSHOT.jar:0.4.0-2337318-SNAPSHOT]
	at org.apache.ratis.server.impl.RaftServerProxy.lambda$submitRequest$6(RaftServerProxy.java:328) ~[ratis-server-0.4.0-2337318-SNAPSHOT.jar:0.4.0-2337318-SNAPSHOT]
	at java.util.concurrent.CompletableFuture.uniComposeStage(CompletableFuture.java:981) ~[?:1.8.0_212]
	at java.util.concurrent.CompletableFuture.thenCompose(CompletableFuture.java:2124) ~[?:1.8.0_212]
	at org.apache.ratis.server.impl.RaftServerProxy.submitRequest(RaftServerProxy.java:327) ~[ratis-server-0.4.0-2337318-SNAPSHOT.jar:0.4.0-2337318-SNAPSHOT]
	at org.apache.ratis.server.impl.RaftServerProxy.submitClientRequestAsync(RaftServerProxy.java:333) ~[ratis-server-0.4.0-2337318-SNAPSHOT.jar:0.4.0-2337318-SNAPSHOT]
	at org.apache.ratis.grpc.client.GrpcClientProtocolService$RequestStreamObserver.processClientRequest(GrpcClientProtocolService.java:220) ~[ratis-grpc-0.4.0-2337318-SNAPSHOT.jar:0.4.0-2337318-SNAPSHOT]
	at org.apache.ratis.grpc.client.GrpcClientProtocolService$OrderedRequestStreamObserver.processClientRequest(GrpcClientProtocolService.java:326) ~[ratis-grpc-0.4.0-2337318-SNAPSHOT.jar:0.4.0-2337318-SNAPSHOT]
	at org.apache.ratis.util.SlidingWindow$Server.processRequestsFromHead(SlidingWindow.java:429) [ratis-common-0.4.0-2337318-SNAPSHOT.jar:0.4.0-2337318-SNAPSHOT]
	at org.apache.ratis.util.SlidingWindow$Server.receivedRequest(SlidingWindow.java:421) [ratis-common-0.4.0-2337318-SNAPSHOT.jar:0.4.0-2337318-SNAPSHOT]
	at org.apache.ratis.grpc.client.GrpcClientProtocolService$OrderedRequestStreamObserver.processClientRequest(GrpcClientProtocolService.java:345) [ratis-grpc-0.4.0-2337318-SNAPSHOT.jar:0.4.0-2337318-SNAPSHOT]
	at org.apache.ratis.grpc.client.GrpcClientProtocolService$RequestStreamObserver.onNext(GrpcClientProtocolService.java:240) [ratis-grpc-0.4.0-2337318-SNAPSHOT.jar:0.4.0-2337318-SNAPSHOT]
	at org.apache.ratis.grpc.client.GrpcClientProtocolService$RequestStreamObserver.onNext(GrpcClientProtocolService.java:168) [ratis-grpc-0.4.0-2337318-SNAPSHOT.jar:0.4.0-2337318-SNAPSHOT]
	at org.apache.ratis.thirdparty.io.grpc.stub.ServerCalls$StreamingServerCallHandler$StreamingServerCallListener.onMessage(ServerCalls.java:248) [ratis-thirdparty-misc-0.2.0.jar:0.2.0]
	at org.apache.ratis.thirdparty.io.grpc.internal.ServerCallImpl$ServerStreamListenerImpl.messagesAvailable(ServerCallImpl.java:263) [ratis-thirdparty-misc-0.2.0.jar:0.2.0]
	at org.apache.ratis.thirdparty.io.grpc.internal.ServerImpl$JumpToApplicationThreadServerStreamListener$1MessagesAvailable.runInContext(ServerImpl.java:686) [ratis-thirdparty-misc-0.2.0.jar:0.2.0]
	at org.apache.ratis.thirdparty.io.grpc.internal.ContextRunnable.run(ContextRunnable.java:37) [ratis-thirdparty-misc-0.2.0.jar:0.2.0]
	at org.apache.ratis.thirdparty.io.grpc.internal.SerializingExecutor.run(SerializingExecutor.java:123) [ratis-thirdparty-misc-0.2.0.jar:0.2.0]
	at java.util.concurrent.ThreadPoolExecutor.runWorker(ThreadPoolExecutor.java:1149) [?:1.8.0_212]
	at java.util.concurrent.ThreadPoolExecutor$Worker.run(ThreadPoolExecutor.java:624) [?:1.8.0_212]
	at java.lang.Thread.run(Thread.java:748) [?:1.8.0_212]
2019-09-03 19:44:38,826 [grpc-default-executor-7] INFO  client.GrpcClientProtocolClient (GrpcClientProtocolClient.java:onNext(255)) - client-461F846070FB->18cb8b51-24c0-4f4d-8227-db849c3449ea: receive RaftClientReply:client-461F846070FB->18cb8b51-24c0-4f4d-8227-db849c3449ea@group-7571BF224A00, cid=187, FAILED org.apache.ratis.protocol.StateMachineException: org.apache.hadoop.hdds.scm.container.common.helpers.ContainerNotOpenException from Server 18cb8b51-24c0-4f4d-8227-db849c3449ea: Container 1 in CLOSING state, logIndex=0, commits[18cb8b51-24c0-4f4d-8227-db849c3449ea:c17, 540a2827-7fc9-4198-8052-28e0673e188a:c15, 81f8abc1-4fac-4722-94b1-c50c0e4cf17c:c16]
2019-09-03 19:44:38,838 [grpc-default-executor-7] INFO  client.GrpcClientProtocolClient (GrpcClientProtocolClient.java:onNext(255)) - client-461F846070FB->18cb8b51-24c0-4f4d-8227-db849c3449ea: receive RaftClientReply:client-461F846070FB->18cb8b51-24c0-4f4d-8227-db849c3449ea@group-7571BF224A00, cid=188, FAILED org.apache.ratis.protocol.StateMachineException: org.apache.hadoop.hdds.scm.container.common.helpers.ContainerNotOpenException from Server 18cb8b51-24c0-4f4d-8227-db849c3449ea: Container 1 in CLOSING state, logIndex=0, commits[18cb8b51-24c0-4f4d-8227-db849c3449ea:c17, 540a2827-7fc9-4198-8052-28e0673e188a:c15, 81f8abc1-4fac-4722-94b1-c50c0e4cf17c:c16]
2019-09-03 19:44:38,840 [grpc-default-executor-7] INFO  client.GrpcClientProtocolClient (GrpcClientProtocolClient.java:onNext(255)) - client-461F846070FB->18cb8b51-24c0-4f4d-8227-db849c3449ea: receive RaftClientReply:client-461F846070FB->18cb8b51-24c0-4f4d-8227-db849c3449ea@group-7571BF224A00, cid=189, FAILED org.apache.ratis.protocol.StateMachineException: org.apache.hadoop.hdds.scm.container.common.helpers.ContainerNotOpenException from Server 18cb8b51-24c0-4f4d-8227-db849c3449ea: Container 1 in CLOSING state, logIndex=0, commits[18cb8b51-24c0-4f4d-8227-db849c3449ea:c17, 540a2827-7fc9-4198-8052-28e0673e188a:c15, 81f8abc1-4fac-4722-94b1-c50c0e4cf17c:c16]
2019-09-03 19:44:38,882 [grpc-default-executor-7] INFO  client.GrpcClientProtocolClient (GrpcClientProtocolClient.java:onNext(255)) - client-5438BE28997C->4cb224ee-0f9f-46ee-af6c-a1bf099b7db7: receive RaftClientReply:client-5438BE28997C->4cb224ee-0f9f-46ee-af6c-a1bf099b7db7@group-BB9B692CD120, cid=190, FAILED org.apache.ratis.protocol.NotLeaderException: Server 4cb224ee-0f9f-46ee-af6c-a1bf099b7db7 is not the leader (7579200a-e651-42c1-a300-5865ac4d1a81:192.168.34.20:37601). Request must be sent to leader., logIndex=0, commits[4cb224ee-0f9f-46ee-af6c-a1bf099b7db7:c0, ecbfe45e-9fdf-4f4a-9146-cd504af0c997:c0, 7579200a-e651-42c1-a300-5865ac4d1a81:c0]
2019-09-03 19:44:39,083 [grpc-default-executor-7] INFO  client.GrpcClientProtocolClient (GrpcClientProtocolClient.java:onNext(255)) - client-5438BE28997C->7579200a-e651-42c1-a300-5865ac4d1a81: receive RaftClientReply:client-5438BE28997C->7579200a-e651-42c1-a300-5865ac4d1a81@group-BB9B692CD120, cid=190, SUCCESS, logIndex=1, commits[7579200a-e651-42c1-a300-5865ac4d1a81:c1, ecbfe45e-9fdf-4f4a-9146-cd504af0c997:c0, 4cb224ee-0f9f-46ee-af6c-a1bf099b7db7:c0]
2019-09-03 19:44:39,112 [grpc-default-executor-7] INFO  client.GrpcClientProtocolClient (GrpcClientProtocolClient.java:onNext(255)) - client-5438BE28997C->7579200a-e651-42c1-a300-5865ac4d1a81: receive RaftClientReply:client-5438BE28997C->7579200a-e651-42c1-a300-5865ac4d1a81@group-BB9B692CD120, cid=191, SUCCESS, logIndex=3, commits[7579200a-e651-42c1-a300-5865ac4d1a81:c4, ecbfe45e-9fdf-4f4a-9146-cd504af0c997:c2, 4cb224ee-0f9f-46ee-af6c-a1bf099b7db7:c1]
2019-09-03 19:44:39,192 [grpc-default-executor-7] INFO  client.GrpcClientProtocolClient (GrpcClientProtocolClient.java:onNext(255)) - client-5438BE28997C->7579200a-e651-42c1-a300-5865ac4d1a81: receive RaftClientReply:client-5438BE28997C->7579200a-e651-42c1-a300-5865ac4d1a81@group-BB9B692CD120, cid=192, SUCCESS, logIndex=4, commits[7579200a-e651-42c1-a300-5865ac4d1a81:c12, ecbfe45e-9fdf-4f4a-9146-cd504af0c997:c7, 4cb224ee-0f9f-46ee-af6c-a1bf099b7db7:c7]
2019-09-03 19:44:39,193 [grpc-default-executor-7] INFO  client.GrpcClientProtocolClient (GrpcClientProtocolClient.java:onNext(255)) - client-5438BE28997C->7579200a-e651-42c1-a300-5865ac4d1a81: receive RaftClientReply:client-5438BE28997C->7579200a-e651-42c1-a300-5865ac4d1a81@group-BB9B692CD120, cid=193, SUCCESS, logIndex=5, commits[7579200a-e651-42c1-a300-5865ac4d1a81:c12, ecbfe45e-9fdf-4f4a-9146-cd504af0c997:c7, 4cb224ee-0f9f-46ee-af6c-a1bf099b7db7:c7]
2019-09-03 19:44:39,194 [grpc-default-executor-7] INFO  client.GrpcClientProtocolClient (GrpcClientProtocolClient.java:onNext(255)) - client-5438BE28997C->7579200a-e651-42c1-a300-5865ac4d1a81: receive RaftClientReply:client-5438BE28997C->7579200a-e651-42c1-a300-5865ac4d1a81@group-BB9B692CD120, cid=194, SUCCESS, logIndex=6, commits[7579200a-e651-42c1-a300-5865ac4d1a81:c12, ecbfe45e-9fdf-4f4a-9146-cd504af0c997:c7, 4cb224ee-0f9f-46ee-af6c-a1bf099b7db7:c7]
2019-09-03 19:44:39,304 [grpc-default-executor-7] INFO  client.GrpcClientProtocolClient (GrpcClientProtocolClient.java:onNext(255)) - client-5438BE28997C->7579200a-e651-42c1-a300-5865ac4d1a81: receive RaftClientReply:client-5438BE28997C->7579200a-e651-42c1-a300-5865ac4d1a81@group-BB9B692CD120, cid=195, SUCCESS, logIndex=7, commits[7579200a-e651-42c1-a300-5865ac4d1a81:c12, ecbfe45e-9fdf-4f4a-9146-cd504af0c997:c7, 4cb224ee-0f9f-46ee-af6c-a1bf099b7db7:c7]
2019-09-03 19:44:39,324 [grpc-default-executor-9] INFO  client.GrpcClientProtocolClient (GrpcClientProtocolClient.java:onNext(255)) - client-5438BE28997C->7579200a-e651-42c1-a300-5865ac4d1a81: receive RaftClientReply:client-5438BE28997C->7579200a-e651-42c1-a300-5865ac4d1a81@group-BB9B692CD120, cid=196, SUCCESS, logIndex=13, commits[7579200a-e651-42c1-a300-5865ac4d1a81:c14, ecbfe45e-9fdf-4f4a-9146-cd504af0c997:c12, 4cb224ee-0f9f-46ee-af6c-a1bf099b7db7:c12]
2019-09-03 19:44:39,325 [grpc-default-executor-9] INFO  client.GrpcClientProtocolClient (GrpcClientProtocolClient.java:onNext(255)) - client-5438BE28997C->7579200a-e651-42c1-a300-5865ac4d1a81: receive RaftClientReply:client-5438BE28997C->7579200a-e651-42c1-a300-5865ac4d1a81@group-BB9B692CD120, cid=197, SUCCESS, logIndex=14, commits[7579200a-e651-42c1-a300-5865ac4d1a81:c14, ecbfe45e-9fdf-4f4a-9146-cd504af0c997:c12, 4cb224ee-0f9f-46ee-af6c-a1bf099b7db7:c12]
2019-09-03 19:44:39,351 [grpc-default-executor-7] INFO  client.GrpcClientProtocolClient (GrpcClientProtocolClient.java:onNext(255)) - client-5438BE28997C->7579200a-e651-42c1-a300-5865ac4d1a81: receive RaftClientReply:client-5438BE28997C->7579200a-e651-42c1-a300-5865ac4d1a81@group-BB9B692CD120, cid=198, SUCCESS, logIndex=0, commits[7579200a-e651-42c1-a300-5865ac4d1a81:c15, ecbfe45e-9fdf-4f4a-9146-cd504af0c997:c14, 4cb224ee-0f9f-46ee-af6c-a1bf099b7db7:c14]
2019-09-03 19:44:39,352 [main] INFO  ozone.MiniOzoneClusterImpl (MiniOzoneClusterImpl.java:shutdown(307)) - Shutting down the Mini Ozone Cluster
2019-09-03 19:44:39,352 [main] INFO  ozone.MiniOzoneClusterImpl (MiniOzoneClusterImpl.java:stop(322)) - Stopping the Mini Ozone Cluster
2019-09-03 19:44:39,352 [main] INFO  ozone.MiniOzoneClusterImpl (MiniOzoneClusterImpl.java:stop(324)) - Stopping the OzoneManager
2019-09-03 19:44:39,353 [main] INFO  ipc.Server (Server.java:stop(3082)) - Stopping server on 34682
2019-09-03 19:44:39,365 [IPC Server listener on 34682] INFO  ipc.Server (Server.java:run(1185)) - Stopping IPC Server listener on 34682
2019-09-03 19:44:39,366 [IPC Server Responder] INFO  ipc.Server (Server.java:run(1319)) - Stopping IPC Server Responder
2019-09-03 19:44:39,366 [main] INFO  ratis.OzoneManagerDoubleBuffer (OzoneManagerDoubleBuffer.java:stop(248)) - Stopping OMDoubleBuffer flush thread
2019-09-03 19:44:39,374 [OMDoubleBufferFlushThread] INFO  ratis.OzoneManagerDoubleBuffer (OzoneManagerDoubleBuffer.java:flushTransactions(191)) - OMDoubleBuffer flush thread OMDoubleBufferFlushThread is interrupted and will exit. OMDoubleBufferFlushThread
2019-09-03 19:44:39,375 [main] INFO  utils.BackgroundService (BackgroundService.java:shutdown(148)) - Shutting down service KeyDeletingService
2019-09-03 19:44:39,376 [main] INFO  handler.ContextHandler (ContextHandler.java:doStop(910)) - Stopped o.e.j.w.WebAppContext@76396509{/,null,UNAVAILABLE}{/ozoneManager}
2019-09-03 19:44:39,377 [main] INFO  server.AbstractConnector (AbstractConnector.java:doStop(318)) - Stopped ServerConnector@637c840d{HTTP/1.1,[http/1.1]}{0.0.0.0:0}
2019-09-03 19:44:39,378 [main] INFO  handler.ContextHandler (ContextHandler.java:doStop(910)) - Stopped o.e.j.s.ServletContextHandler@372f0a99{/static,file:///workdir/hadoop-ozone/integration-test/target/test-classes/webapps/static,UNAVAILABLE}
2019-09-03 19:44:39,378 [main] INFO  handler.ContextHandler (ContextHandler.java:doStop(910)) - Stopped o.e.j.s.ServletContextHandler@6f38f084{/logs,file:///workdir/hadoop-ozone/integration-test/target/log,UNAVAILABLE}
2019-09-03 19:44:39,381 [main] INFO  ozone.MiniOzoneClusterImpl (MiniOzoneClusterImpl.java:stop(330)) - Shutting the HddsDatanodes
2019-09-03 19:44:39,551 [Datanode State Machine Thread - 0] INFO  statemachine.DatanodeStateMachine (DatanodeStateMachine.java:lambda$startDaemon$0(350)) - Ozone container server started.
2019-09-03 19:44:40,058 [Datanode State Machine Thread - 0] INFO  statemachine.DatanodeStateMachine (DatanodeStateMachine.java:lambda$startDaemon$0(350)) - Ozone container server started.
2019-09-03 19:44:40,893 [grpc-default-executor-1] WARN  server.GrpcLogAppender (LogUtils.java:warn(134)) - 18cb8b51-24c0-4f4d-8227-db849c3449ea->540a2827-7fc9-4198-8052-28e0673e188a: Failed appendEntries: org.apache.ratis.thirdparty.io.grpc.StatusRuntimeException: UNAVAILABLE: io exception
2019-09-03 19:44:40,893 [grpc-default-executor-1] INFO  impl.FollowerInfo (FollowerInfo.java:lambda$new$0(50)) - 18cb8b51-24c0-4f4d-8227-db849c3449ea->540a2827-7fc9-4198-8052-28e0673e188a: nextIndex: updateUnconditionally 1 -> 0
2019-09-03 19:44:43,393 [grpc-default-executor-7] WARN  server.GrpcLogAppender (LogUtils.java:warn(134)) - 18cb8b51-24c0-4f4d-8227-db849c3449ea->540a2827-7fc9-4198-8052-28e0673e188a: Failed appendEntries: org.apache.ratis.thirdparty.io.grpc.StatusRuntimeException: UNAVAILABLE: io exception
2019-09-03 19:44:43,394 [grpc-default-executor-7] INFO  impl.FollowerInfo (FollowerInfo.java:lambda$new$0(50)) - 18cb8b51-24c0-4f4d-8227-db849c3449ea->540a2827-7fc9-4198-8052-28e0673e188a: nextIndex: updateUnconditionally 0 -> 0
2019-09-03 19:44:43,553 [EventQueue-StaleNodeForStaleNodeHandler] INFO  node.StaleNodeHandler (StaleNodeHandler.java:onMessage(58)) - Datanode cb9005e8-e9c5-41d9-b914-b0d57ae20449{ip: 192.168.34.20, host: pr-hdds-2018-8nzjn-2890084760, networkLocation: /default-rack, certSerialId: null} moved to stale state. Finalizing its pipelines [PipelineID=7ec82319-d839-4abb-bcba-06bd20c43968]
2019-09-03 19:44:43,554 [EventQueue-StaleNodeForStaleNodeHandler] INFO  pipeline.SCMPipelineManager (SCMPipelineManager.java:finalizeAndDestroyPipeline(311)) - destroying pipeline:Pipeline[ Id: 7ec82319-d839-4abb-bcba-06bd20c43968, Nodes: cb9005e8-e9c5-41d9-b914-b0d57ae20449{ip: 192.168.34.20, host: pr-hdds-2018-8nzjn-2890084760, networkLocation: /default-rack, certSerialId: null}, Type:RATIS, Factor:ONE, State:OPEN]
2019-09-03 19:44:43,554 [EventQueue-StaleNodeForStaleNodeHandler] INFO  pipeline.PipelineStateManager (PipelineStateManager.java:finalizePipeline(123)) - Pipeline Pipeline[ Id: 7ec82319-d839-4abb-bcba-06bd20c43968, Nodes: cb9005e8-e9c5-41d9-b914-b0d57ae20449{ip: 192.168.34.20, host: pr-hdds-2018-8nzjn-2890084760, networkLocation: /default-rack, certSerialId: null}, Type:RATIS, Factor:ONE, State:CLOSED] moved to CLOSED state
2019-09-03 19:44:44,154 [EventQueue-StaleNodeForStaleNodeHandler] INFO  node.StaleNodeHandler (StaleNodeHandler.java:onMessage(58)) - Datanode 4cb224ee-0f9f-46ee-af6c-a1bf099b7db7{ip: 192.168.34.20, host: pr-hdds-2018-8nzjn-2890084760, networkLocation: /default-rack, certSerialId: null} moved to stale state. Finalizing its pipelines [PipelineID=30bf579c-fda4-460c-8b0a-0a0dfd16ad9e, PipelineID=b6613bfd-db40-4bc1-8367-bb9b692cd120]
2019-09-03 19:44:44,155 [EventQueue-StaleNodeForStaleNodeHandler] INFO  pipeline.SCMPipelineManager (SCMPipelineManager.java:finalizeAndDestroyPipeline(311)) - destroying pipeline:Pipeline[ Id: 30bf579c-fda4-460c-8b0a-0a0dfd16ad9e, Nodes: 4cb224ee-0f9f-46ee-af6c-a1bf099b7db7{ip: 192.168.34.20, host: pr-hdds-2018-8nzjn-2890084760, networkLocation: /default-rack, certSerialId: null}, Type:RATIS, Factor:ONE, State:OPEN]
2019-09-03 19:44:44,155 [EventQueue-StaleNodeForStaleNodeHandler] INFO  pipeline.PipelineStateManager (PipelineStateManager.java:finalizePipeline(123)) - Pipeline Pipeline[ Id: 30bf579c-fda4-460c-8b0a-0a0dfd16ad9e, Nodes: 4cb224ee-0f9f-46ee-af6c-a1bf099b7db7{ip: 192.168.34.20, host: pr-hdds-2018-8nzjn-2890084760, networkLocation: /default-rack, certSerialId: null}, Type:RATIS, Factor:ONE, State:CLOSED] moved to CLOSED state
2019-09-03 19:44:44,155 [EventQueue-StaleNodeForStaleNodeHandler] INFO  pipeline.SCMPipelineManager (SCMPipelineManager.java:finalizeAndDestroyPipeline(311)) - destroying pipeline:Pipeline[ Id: b6613bfd-db40-4bc1-8367-bb9b692cd120, Nodes: 4cb224ee-0f9f-46ee-af6c-a1bf099b7db7{ip: 192.168.34.20, host: pr-hdds-2018-8nzjn-2890084760, networkLocation: /default-rack, certSerialId: null}ecbfe45e-9fdf-4f4a-9146-cd504af0c997{ip: 192.168.34.20, host: pr-hdds-2018-8nzjn-2890084760, networkLocation: /default-rack, certSerialId: null}7579200a-e651-42c1-a300-5865ac4d1a81{ip: 192.168.34.20, host: pr-hdds-2018-8nzjn-2890084760, networkLocation: /default-rack, certSerialId: null}, Type:RATIS, Factor:THREE, State:OPEN]
2019-09-03 19:44:44,156 [EventQueue-StaleNodeForStaleNodeHandler] INFO  pipeline.PipelineStateManager (PipelineStateManager.java:finalizePipeline(123)) - Pipeline Pipeline[ Id: b6613bfd-db40-4bc1-8367-bb9b692cd120, Nodes: 4cb224ee-0f9f-46ee-af6c-a1bf099b7db7{ip: 192.168.34.20, host: pr-hdds-2018-8nzjn-2890084760, networkLocation: /default-rack, certSerialId: null}ecbfe45e-9fdf-4f4a-9146-cd504af0c997{ip: 192.168.34.20, host: pr-hdds-2018-8nzjn-2890084760, networkLocation: /default-rack, certSerialId: null}7579200a-e651-42c1-a300-5865ac4d1a81{ip: 192.168.34.20, host: pr-hdds-2018-8nzjn-2890084760, networkLocation: /default-rack, certSerialId: null}, Type:RATIS, Factor:THREE, State:CLOSED] moved to CLOSED state
2019-09-03 19:44:44,156 [EventQueue-CloseContainerForCloseContainerEventHandler] INFO  container.CloseContainerEventHandler (CloseContainerEventHandler.java:onMessage(61)) - Close container Event triggered for container : #2
2019-09-03 19:44:44,382 [ForkJoinPool.commonPool-worker-1] INFO  ozoneimpl.OzoneContainer (OzoneContainer.java:stop(215)) - Attempting to stop container services.
2019-09-03 19:44:44,382 [main] INFO  ozoneimpl.OzoneContainer (OzoneContainer.java:stop(215)) - Attempting to stop container services.
2019-09-03 19:44:44,383 [ForkJoinPool.commonPool-worker-1] INFO  impl.RaftServerProxy (RaftServerProxy.java:lambda$close$4(314)) - 4cb224ee-0f9f-46ee-af6c-a1bf099b7db7: close
2019-09-03 19:44:44,383 [main] INFO  impl.RaftServerProxy (RaftServerProxy.java:lambda$close$4(314)) - cb9005e8-e9c5-41d9-b914-b0d57ae20449: close
2019-09-03 19:44:44,384 [ForkJoinPool.commonPool-worker-1] INFO  impl.RaftServerImpl (RaftServerImpl.java:lambda$shutdown$3(245)) - 4cb224ee-0f9f-46ee-af6c-a1bf099b7db7: shutdown group-0A0DFD16AD9E
2019-09-03 19:44:44,384 [main] INFO  impl.RaftServerImpl (RaftServerImpl.java:lambda$shutdown$3(245)) - cb9005e8-e9c5-41d9-b914-b0d57ae20449: shutdown group-06BD20C43968
2019-09-03 19:44:44,384 [ForkJoinPool.commonPool-worker-1] INFO  util.JmxRegister (JmxRegister.java:unregister(73)) - Successfully un-registered JMX Bean with object name Ratis:service=RaftServer,group=group-0A0DFD16AD9E,id=4cb224ee-0f9f-46ee-af6c-a1bf099b7db7
2019-09-03 19:44:44,385 [main] INFO  util.JmxRegister (JmxRegister.java:unregister(73)) - Successfully un-registered JMX Bean with object name Ratis:service=RaftServer,group=group-06BD20C43968,id=cb9005e8-e9c5-41d9-b914-b0d57ae20449
2019-09-03 19:44:44,385 [main] INFO  impl.RoleInfo (RoleInfo.java:shutdownLeaderState(104)) - cb9005e8-e9c5-41d9-b914-b0d57ae20449: shutdown LeaderState
2019-09-03 19:44:44,385 [ForkJoinPool.commonPool-worker-1] INFO  impl.RoleInfo (RoleInfo.java:shutdownLeaderState(104)) - 4cb224ee-0f9f-46ee-af6c-a1bf099b7db7: shutdown LeaderState
2019-09-03 19:44:44,386 [main] INFO  impl.PendingRequests (PendingRequests.java:sendNotLeaderResponses(202)) - cb9005e8-e9c5-41d9-b914-b0d57ae20449-PendingRequests: sendNotLeaderResponses
2019-09-03 19:44:44,386 [ForkJoinPool.commonPool-worker-1] INFO  impl.PendingRequests (PendingRequests.java:sendNotLeaderResponses(202)) - 4cb224ee-0f9f-46ee-af6c-a1bf099b7db7-PendingRequests: sendNotLeaderResponses
2019-09-03 19:44:44,390 [main] INFO  impl.StateMachineUpdater (StateMachineUpdater.java:stopAndJoin(115)) - StateMachineUpdater:cb9005e8-e9c5-41d9-b914-b0d57ae20449:group-06BD20C43968: set stopIndex = 0
2019-09-03 19:44:44,390 [ForkJoinPool.commonPool-worker-1] INFO  impl.StateMachineUpdater (StateMachineUpdater.java:stopAndJoin(115)) - StateMachineUpdater:4cb224ee-0f9f-46ee-af6c-a1bf099b7db7:group-0A0DFD16AD9E: set stopIndex = 0
2019-09-03 19:44:44,391 [main] INFO  impl.RaftServerImpl (ServerState.java:close(394)) - cb9005e8-e9c5-41d9-b914-b0d57ae20449:group-06BD20C43968 closes. The last applied log index is 0
2019-09-03 19:44:44,391 [ForkJoinPool.commonPool-worker-1] INFO  impl.RaftServerImpl (ServerState.java:close(394)) - 4cb224ee-0f9f-46ee-af6c-a1bf099b7db7:group-0A0DFD16AD9E closes. The last applied log index is 0
2019-09-03 19:44:44,392 [cb9005e8-e9c5-41d9-b914-b0d57ae20449-SegmentedRaftLogWorker:Storage Directory /workdir/hadoop-ozone/integration-test/target/test-dir/MiniOzoneClusterImpl-93e4c667-a4e3-48cf-a9ad-b2b6e5195dda/datanode-3/data/ratis/7ec82319-d839-4abb-bcba-06bd20c43968] INFO  segmented.SegmentedRaftLogWorker (SegmentedRaftLogWorker.java:run(313)) - cb9005e8-e9c5-41d9-b914-b0d57ae20449-SegmentedRaftLogWorker:Storage Directory /workdir/hadoop-ozone/integration-test/target/test-dir/MiniOzoneClusterImpl-93e4c667-a4e3-48cf-a9ad-b2b6e5195dda/datanode-3/data/ratis/7ec82319-d839-4abb-bcba-06bd20c43968 was interrupted, exiting. There are 0 tasks remaining in the queue.
2019-09-03 19:44:44,393 [4cb224ee-0f9f-46ee-af6c-a1bf099b7db7-SegmentedRaftLogWorker:Storage Directory /workdir/hadoop-ozone/integration-test/target/test-dir/MiniOzoneClusterImpl-93e4c667-a4e3-48cf-a9ad-b2b6e5195dda/datanode-1/data/ratis/30bf579c-fda4-460c-8b0a-0a0dfd16ad9e] INFO  segmented.SegmentedRaftLogWorker (SegmentedRaftLogWorker.java:run(313)) - 4cb224ee-0f9f-46ee-af6c-a1bf099b7db7-SegmentedRaftLogWorker:Storage Directory /workdir/hadoop-ozone/integration-test/target/test-dir/MiniOzoneClusterImpl-93e4c667-a4e3-48cf-a9ad-b2b6e5195dda/datanode-1/data/ratis/30bf579c-fda4-460c-8b0a-0a0dfd16ad9e was interrupted, exiting. There are 0 tasks remaining in the queue.
2019-09-03 19:44:44,397 [main] INFO  segmented.SegmentedRaftLogWorker (SegmentedRaftLogWorker.java:close(228)) - cb9005e8-e9c5-41d9-b914-b0d57ae20449-SegmentedRaftLogWorker:Storage Directory /workdir/hadoop-ozone/integration-test/target/test-dir/MiniOzoneClusterImpl-93e4c667-a4e3-48cf-a9ad-b2b6e5195dda/datanode-3/data/ratis/7ec82319-d839-4abb-bcba-06bd20c43968 close()
2019-09-03 19:44:44,397 [ForkJoinPool.commonPool-worker-1] INFO  segmented.SegmentedRaftLogWorker (SegmentedRaftLogWorker.java:close(228)) - 4cb224ee-0f9f-46ee-af6c-a1bf099b7db7-SegmentedRaftLogWorker:Storage Directory /workdir/hadoop-ozone/integration-test/target/test-dir/MiniOzoneClusterImpl-93e4c667-a4e3-48cf-a9ad-b2b6e5195dda/datanode-1/data/ratis/30bf579c-fda4-460c-8b0a-0a0dfd16ad9e close()
2019-09-03 19:44:44,401 [main] INFO  server.GrpcService (GrpcService.java:closeImpl(155)) - cb9005e8-e9c5-41d9-b914-b0d57ae20449: shutdown server with port 44829 now
2019-09-03 19:44:44,405 [ForkJoinPool.commonPool-worker-1] INFO  impl.RaftServerImpl (RaftServerImpl.java:lambda$shutdown$3(245)) - 4cb224ee-0f9f-46ee-af6c-a1bf099b7db7: shutdown group-BB9B692CD120
2019-09-03 19:44:44,406 [main] INFO  server.GrpcService (GrpcService.java:closeImpl(163)) - cb9005e8-e9c5-41d9-b914-b0d57ae20449: shutdown server with port 44829 successfully
2019-09-03 19:44:44,406 [ForkJoinPool.commonPool-worker-1] INFO  util.JmxRegister (JmxRegister.java:unregister(73)) - Successfully un-registered JMX Bean with object name Ratis:service=RaftServer,group=group-BB9B692CD120,id=4cb224ee-0f9f-46ee-af6c-a1bf099b7db7
2019-09-03 19:44:44,407 [ForkJoinPool.commonPool-worker-1] INFO  impl.RoleInfo (RoleInfo.java:shutdownFollowerState(121)) - 4cb224ee-0f9f-46ee-af6c-a1bf099b7db7: shutdown FollowerState
2019-09-03 19:44:44,407 [ForkJoinPool.commonPool-worker-1] INFO  impl.StateMachineUpdater (StateMachineUpdater.java:stopAndJoin(115)) - StateMachineUpdater:4cb224ee-0f9f-46ee-af6c-a1bf099b7db7:group-BB9B692CD120: set stopIndex = 16
2019-09-03 19:44:44,408 [Thread-3351] INFO  impl.FollowerState (FollowerState.java:run(114)) - 4cb224ee-0f9f-46ee-af6c-a1bf099b7db7: FollowerState was interrupted: java.lang.InterruptedException: sleep interrupted
2019-09-03 19:44:44,407 [StateMachineUpdater:4cb224ee-0f9f-46ee-af6c-a1bf099b7db7:group-BB9B692CD120] INFO  ratis.ContainerStateMachine (ContainerStateMachine.java:takeSnapshot(284)) - group-BB9B692CD120: Taking a snapshot at:(t:1, i:14) file /workdir/hadoop-ozone/integration-test/target/test-dir/MiniOzoneClusterImpl-93e4c667-a4e3-48cf-a9ad-b2b6e5195dda/datanode-1/data/ratis/b6613bfd-db40-4bc1-8367-bb9b692cd120/sm/snapshot.1_14
2019-09-03 19:44:44,414 [refreshUsed-/workdir/hadoop-ozone/integration-test/target/test-dir/MiniOzoneClusterImpl-93e4c667-a4e3-48cf-a9ad-b2b6e5195dda/datanode-3/data/containers] WARN  fs.CachingGetSpaceUsed (CachingGetSpaceUsed.java:run(183)) - Thread Interrupted waiting to refresh disk information: sleep interrupted
2019-09-03 19:44:44,423 [StateMachineUpdater:4cb224ee-0f9f-46ee-af6c-a1bf099b7db7:group-BB9B692CD120] INFO  ratis.ContainerStateMachine (ContainerStateMachine.java:takeSnapshot(295)) - group-BB9B692CD120: Finished taking a snapshot at:(t:1, i:14) file:/workdir/hadoop-ozone/integration-test/target/test-dir/MiniOzoneClusterImpl-93e4c667-a4e3-48cf-a9ad-b2b6e5195dda/datanode-1/data/ratis/b6613bfd-db40-4bc1-8367-bb9b692cd120/sm/snapshot.1_14 time:15
2019-09-03 19:44:44,423 [StateMachineUpdater:4cb224ee-0f9f-46ee-af6c-a1bf099b7db7:group-BB9B692CD120] INFO  impl.StateMachineUpdater (StateMachineUpdater.java:takeSnapshot(242)) - StateMachineUpdater:4cb224ee-0f9f-46ee-af6c-a1bf099b7db7:group-BB9B692CD120: Took a snapshot at index 14
2019-09-03 19:44:44,423 [StateMachineUpdater:4cb224ee-0f9f-46ee-af6c-a1bf099b7db7:group-BB9B692CD120] INFO  impl.StateMachineUpdater (StateMachineUpdater.java:lambda$new$0(80)) - StateMachineUpdater:4cb224ee-0f9f-46ee-af6c-a1bf099b7db7:group-BB9B692CD120: snapshotIndex: updateIncreasingly -1 -> 14
2019-09-03 19:44:44,424 [ForkJoinPool.commonPool-worker-1] INFO  impl.RaftServerImpl (ServerState.java:close(394)) - 4cb224ee-0f9f-46ee-af6c-a1bf099b7db7:group-BB9B692CD120 closes. The last applied log index is 16
2019-09-03 19:44:44,424 [4cb224ee-0f9f-46ee-af6c-a1bf099b7db7-SegmentedRaftLogWorker:Storage Directory /workdir/hadoop-ozone/integration-test/target/test-dir/MiniOzoneClusterImpl-93e4c667-a4e3-48cf-a9ad-b2b6e5195dda/datanode-1/data/ratis/b6613bfd-db40-4bc1-8367-bb9b692cd120] INFO  segmented.SegmentedRaftLogWorker (SegmentedRaftLogWorker.java:run(313)) - 4cb224ee-0f9f-46ee-af6c-a1bf099b7db7-SegmentedRaftLogWorker:Storage Directory /workdir/hadoop-ozone/integration-test/target/test-dir/MiniOzoneClusterImpl-93e4c667-a4e3-48cf-a9ad-b2b6e5195dda/datanode-1/data/ratis/b6613bfd-db40-4bc1-8367-bb9b692cd120 was interrupted, exiting. There are 0 tasks remaining in the queue.
2019-09-03 19:44:44,426 [ForkJoinPool.commonPool-worker-1] INFO  segmented.SegmentedRaftLogWorker (SegmentedRaftLogWorker.java:close(228)) - 4cb224ee-0f9f-46ee-af6c-a1bf099b7db7-SegmentedRaftLogWorker:Storage Directory /workdir/hadoop-ozone/integration-test/target/test-dir/MiniOzoneClusterImpl-93e4c667-a4e3-48cf-a9ad-b2b6e5195dda/datanode-1/data/ratis/b6613bfd-db40-4bc1-8367-bb9b692cd120 close()
2019-09-03 19:44:44,430 [ForkJoinPool.commonPool-worker-1] INFO  server.GrpcService (GrpcService.java:closeImpl(155)) - 4cb224ee-0f9f-46ee-af6c-a1bf099b7db7: shutdown server with port 37719 now
2019-09-03 19:44:44,432 [grpc-default-executor-1] WARN  server.GrpcServerProtocolService (LogUtils.java:warn(134)) - 4cb224ee-0f9f-46ee-af6c-a1bf099b7db7: appendEntries onError: org.apache.ratis.thirdparty.io.grpc.StatusRuntimeException: CANCELLED: cancelled before receiving half close
2019-09-03 19:44:44,433 [ForkJoinPool.commonPool-worker-1] INFO  server.GrpcService (GrpcService.java:closeImpl(163)) - 4cb224ee-0f9f-46ee-af6c-a1bf099b7db7: shutdown server with port 37719 successfully
2019-09-03 19:44:44,433 [grpc-default-executor-9] WARN  server.GrpcLogAppender (LogUtils.java:warn(134)) - 7579200a-e651-42c1-a300-5865ac4d1a81->4cb224ee-0f9f-46ee-af6c-a1bf099b7db7: Failed appendEntries: org.apache.ratis.thirdparty.io.grpc.StatusRuntimeException: CANCELLED: HTTP/2 error code: CANCEL
Received Rst Stream
2019-09-03 19:44:44,434 [grpc-default-executor-9] INFO  impl.FollowerInfo (FollowerInfo.java:lambda$new$0(50)) - 7579200a-e651-42c1-a300-5865ac4d1a81->4cb224ee-0f9f-46ee-af6c-a1bf099b7db7: nextIndex: updateUnconditionally 17 -> 16
2019-09-03 19:44:44,439 [refreshUsed-/workdir/hadoop-ozone/integration-test/target/test-dir/MiniOzoneClusterImpl-93e4c667-a4e3-48cf-a9ad-b2b6e5195dda/datanode-1/data/containers] WARN  fs.CachingGetSpaceUsed (CachingGetSpaceUsed.java:run(183)) - Thread Interrupted waiting to refresh disk information: sleep interrupted
2019-09-03 19:44:44,443 [main] INFO  utils.BackgroundService (BackgroundService.java:shutdown(148)) - Shutting down service BlockDeletingService
2019-09-03 19:44:44,449 [main] INFO  statemachine.DatanodeStateMachine (DatanodeStateMachine.java:stopDaemon(395)) - Ozone container server stopped.
2019-09-03 19:44:44,450 [main] INFO  handler.ContextHandler (ContextHandler.java:doStop(910)) - Stopped o.e.j.w.WebAppContext@656842bc{/,null,UNAVAILABLE}{/hddsDatanode}
2019-09-03 19:44:44,451 [main] INFO  server.AbstractConnector (AbstractConnector.java:doStop(318)) - Stopped ServerConnector@6b867ee7{HTTP/1.1,[http/1.1]}{0.0.0.0:0}
2019-09-03 19:44:44,452 [main] INFO  handler.ContextHandler (ContextHandler.java:doStop(910)) - Stopped o.e.j.s.ServletContextHandler@75e80a97{/static,jar:file:/home/user/.m2/repository/org/apache/hadoop/hadoop-hdds-container-service/0.5.0-SNAPSHOT/hadoop-hdds-container-service-0.5.0-SNAPSHOT.jar!/webapps/static,UNAVAILABLE}
2019-09-03 19:44:44,452 [main] INFO  handler.ContextHandler (ContextHandler.java:doStop(910)) - Stopped o.e.j.s.ServletContextHandler@4fea840f{/logs,file:///workdir/hadoop-ozone/integration-test/target/log,UNAVAILABLE}
2019-09-03 19:44:44,462 [ForkJoinPool.commonPool-worker-1] INFO  utils.BackgroundService (BackgroundService.java:shutdown(148)) - Shutting down service BlockDeletingService
2019-09-03 19:44:44,468 [ForkJoinPool.commonPool-worker-1] INFO  statemachine.DatanodeStateMachine (DatanodeStateMachine.java:stopDaemon(395)) - Ozone container server stopped.
2019-09-03 19:44:44,474 [ForkJoinPool.commonPool-worker-1] INFO  handler.ContextHandler (ContextHandler.java:doStop(910)) - Stopped o.e.j.w.WebAppContext@5e905f2c{/,null,UNAVAILABLE}{/hddsDatanode}
2019-09-03 19:44:44,475 [ForkJoinPool.commonPool-worker-1] INFO  server.AbstractConnector (AbstractConnector.java:doStop(318)) - Stopped ServerConnector@fddd7ae{HTTP/1.1,[http/1.1]}{0.0.0.0:0}
2019-09-03 19:44:44,477 [ForkJoinPool.commonPool-worker-1] INFO  handler.ContextHandler (ContextHandler.java:doStop(910)) - Stopped o.e.j.s.ServletContextHandler@3caee3a8{/static,jar:file:/home/user/.m2/repository/org/apache/hadoop/hadoop-hdds-container-service/0.5.0-SNAPSHOT/hadoop-hdds-container-service-0.5.0-SNAPSHOT.jar!/webapps/static,UNAVAILABLE}
2019-09-03 19:44:44,479 [ForkJoinPool.commonPool-worker-1] INFO  handler.ContextHandler (ContextHandler.java:doStop(910)) - Stopped o.e.j.s.ServletContextHandler@681061d6{/logs,file:///workdir/hadoop-ozone/integration-test/target/log,UNAVAILABLE}
2019-09-03 19:44:45,059 [Datanode State Machine Thread - 0] INFO  statemachine.DatanodeStateMachine (DatanodeStateMachine.java:lambda$startDaemon$0(350)) - Ozone container server started.
2019-09-03 19:44:45,271 [Datanode State Machine Thread - 0] INFO  statemachine.DatanodeStateMachine (DatanodeStateMachine.java:lambda$startDaemon$0(350)) - Ozone container server started.
2019-09-03 19:44:45,894 [grpc-default-executor-9] WARN  server.GrpcLogAppender (LogUtils.java:warn(134)) - 18cb8b51-24c0-4f4d-8227-db849c3449ea->540a2827-7fc9-4198-8052-28e0673e188a: Failed appendEntries: org.apache.ratis.thirdparty.io.grpc.StatusRuntimeException: UNAVAILABLE: io exception
2019-09-03 19:44:45,894 [grpc-default-executor-9] INFO  impl.FollowerInfo (FollowerInfo.java:lambda$new$0(50)) - 18cb8b51-24c0-4f4d-8227-db849c3449ea->540a2827-7fc9-4198-8052-28e0673e188a: nextIndex: updateUnconditionally 0 -> 0
2019-09-03 19:44:46,855 [grpc-default-executor-1] WARN  server.GrpcLogAppender (LogUtils.java:warn(134)) - 7579200a-e651-42c1-a300-5865ac4d1a81->4cb224ee-0f9f-46ee-af6c-a1bf099b7db7: Failed appendEntries: org.apache.ratis.thirdparty.io.grpc.StatusRuntimeException: UNAVAILABLE: io exception
2019-09-03 19:44:46,856 [grpc-default-executor-1] INFO  impl.FollowerInfo (FollowerInfo.java:lambda$new$0(50)) - 7579200a-e651-42c1-a300-5865ac4d1a81->4cb224ee-0f9f-46ee-af6c-a1bf099b7db7: nextIndex: updateUnconditionally 16 -> 15
2019-09-03 19:44:47,078 [grpc-default-executor-7] WARN  server.GrpcLogAppender (LogUtils.java:warn(134)) - 7579200a-e651-42c1-a300-5865ac4d1a81->4cb224ee-0f9f-46ee-af6c-a1bf099b7db7: Failed appendEntries: org.apache.ratis.thirdparty.io.grpc.StatusRuntimeException: UNAVAILABLE: io exception
2019-09-03 19:44:47,078 [grpc-default-executor-7] INFO  impl.FollowerInfo (FollowerInfo.java:lambda$new$0(50)) - 7579200a-e651-42c1-a300-5865ac4d1a81->4cb224ee-0f9f-46ee-af6c-a1bf099b7db7: nextIndex: updateUnconditionally 16 -> 15
2019-09-03 19:44:47,090 [grpc-default-executor-1] WARN  server.GrpcLogAppender (LogUtils.java:warn(134)) - 7579200a-e651-42c1-a300-5865ac4d1a81->4cb224ee-0f9f-46ee-af6c-a1bf099b7db7: Failed appendEntries: org.apache.ratis.thirdparty.io.grpc.StatusRuntimeException: UNAVAILABLE: io exception
2019-09-03 19:44:47,090 [grpc-default-executor-1] INFO  impl.FollowerInfo (FollowerInfo.java:lambda$new$0(50)) - 7579200a-e651-42c1-a300-5865ac4d1a81->4cb224ee-0f9f-46ee-af6c-a1bf099b7db7: nextIndex: updateUnconditionally 16 -> 15
2019-09-03 19:44:47,102 [grpc-default-executor-7] WARN  server.GrpcLogAppender (LogUtils.java:warn(134)) - 7579200a-e651-42c1-a300-5865ac4d1a81->4cb224ee-0f9f-46ee-af6c-a1bf099b7db7: Failed appendEntries: org.apache.ratis.thirdparty.io.grpc.StatusRuntimeException: UNAVAILABLE: io exception
2019-09-03 19:44:47,103 [grpc-default-executor-7] INFO  impl.FollowerInfo (FollowerInfo.java:lambda$new$0(50)) - 7579200a-e651-42c1-a300-5865ac4d1a81->4cb224ee-0f9f-46ee-af6c-a1bf099b7db7: nextIndex: updateUnconditionally 16 -> 15
2019-09-03 19:44:47,115 [RatisApplyTransactionExecutor 2] INFO  interfaces.Container (KeyValueContainer.java:flushAndSyncDB(382)) - Container 2 is synced with bcsId 14.
2019-09-03 19:44:47,116 [RatisApplyTransactionExecutor 2] INFO  interfaces.Container (KeyValueContainer.java:flushAndSyncDB(382)) - Container 2 is synced with bcsId 14.
2019-09-03 19:44:47,129 [RatisApplyTransactionExecutor 2] INFO  interfaces.Container (KeyValueContainer.java:flushAndSyncDB(382)) - Container 2 is synced with bcsId 14.
2019-09-03 19:44:47,130 [RatisApplyTransactionExecutor 2] INFO  interfaces.Container (KeyValueContainer.java:flushAndSyncDB(382)) - Container 2 is synced with bcsId 14.
2019-09-03 19:44:47,131 [EventQueue-IncrementalContainerReportForIncrementalContainerReportHandler] INFO  container.IncrementalContainerReportHandler (AbstractContainerReportHandler.java:updateContainerState(176)) - Moving container #2 to CLOSED state, datanode 7579200a-e651-42c1-a300-5865ac4d1a81{ip: 192.168.34.20, host: pr-hdds-2018-8nzjn-2890084760, networkLocation: /default-rack, certSerialId: null} reported CLOSED replica.
2019-09-03 19:44:48,396 [grpc-default-executor-7] WARN  server.GrpcLogAppender (LogUtils.java:warn(134)) - 18cb8b51-24c0-4f4d-8227-db849c3449ea->540a2827-7fc9-4198-8052-28e0673e188a: Failed appendEntries: org.apache.ratis.thirdparty.io.grpc.StatusRuntimeException: UNAVAILABLE: io exception
2019-09-03 19:44:48,397 [grpc-default-executor-7] INFO  impl.FollowerInfo (FollowerInfo.java:lambda$new$0(50)) - 18cb8b51-24c0-4f4d-8227-db849c3449ea->540a2827-7fc9-4198-8052-28e0673e188a: nextIndex: updateUnconditionally 0 -> 0
2019-09-03 19:44:49,061 [EventQueue-StaleNodeForStaleNodeHandler] INFO  node.StaleNodeHandler (StaleNodeHandler.java:onMessage(58)) - Datanode ecbfe45e-9fdf-4f4a-9146-cd504af0c997{ip: 192.168.34.20, host: pr-hdds-2018-8nzjn-2890084760, networkLocation: /default-rack, certSerialId: null} moved to stale state. Finalizing its pipelines [PipelineID=86eda660-3a05-4932-93d1-e0e8adc73c35, PipelineID=b6613bfd-db40-4bc1-8367-bb9b692cd120]
2019-09-03 19:44:49,061 [EventQueue-StaleNodeForStaleNodeHandler] INFO  pipeline.SCMPipelineManager (SCMPipelineManager.java:finalizeAndDestroyPipeline(311)) - destroying pipeline:Pipeline[ Id: 86eda660-3a05-4932-93d1-e0e8adc73c35, Nodes: ecbfe45e-9fdf-4f4a-9146-cd504af0c997{ip: 192.168.34.20, host: pr-hdds-2018-8nzjn-2890084760, networkLocation: /default-rack, certSerialId: null}, Type:RATIS, Factor:ONE, State:OPEN]
2019-09-03 19:44:49,062 [EventQueue-StaleNodeForStaleNodeHandler] INFO  pipeline.PipelineStateManager (PipelineStateManager.java:finalizePipeline(123)) - Pipeline Pipeline[ Id: 86eda660-3a05-4932-93d1-e0e8adc73c35, Nodes: ecbfe45e-9fdf-4f4a-9146-cd504af0c997{ip: 192.168.34.20, host: pr-hdds-2018-8nzjn-2890084760, networkLocation: /default-rack, certSerialId: null}, Type:RATIS, Factor:ONE, State:CLOSED] moved to CLOSED state
2019-09-03 19:44:49,062 [EventQueue-StaleNodeForStaleNodeHandler] INFO  pipeline.SCMPipelineManager (SCMPipelineManager.java:finalizeAndDestroyPipeline(311)) - destroying pipeline:Pipeline[ Id: b6613bfd-db40-4bc1-8367-bb9b692cd120, Nodes: 4cb224ee-0f9f-46ee-af6c-a1bf099b7db7{ip: 192.168.34.20, host: pr-hdds-2018-8nzjn-2890084760, networkLocation: /default-rack, certSerialId: null}ecbfe45e-9fdf-4f4a-9146-cd504af0c997{ip: 192.168.34.20, host: pr-hdds-2018-8nzjn-2890084760, networkLocation: /default-rack, certSerialId: null}7579200a-e651-42c1-a300-5865ac4d1a81{ip: 192.168.34.20, host: pr-hdds-2018-8nzjn-2890084760, networkLocation: /default-rack, certSerialId: null}, Type:RATIS, Factor:THREE, State:CLOSED]
2019-09-03 19:44:49,361 [EventQueue-StaleNodeForStaleNodeHandler] INFO  node.StaleNodeHandler (StaleNodeHandler.java:onMessage(58)) - Datanode 18cb8b51-24c0-4f4d-8227-db849c3449ea{ip: 192.168.34.20, host: pr-hdds-2018-8nzjn-2890084760, networkLocation: /default-rack, certSerialId: null} moved to stale state. Finalizing its pipelines [PipelineID=9c98219b-e5ad-448a-a050-0e42eb229826, PipelineID=6776fe23-c688-4676-bb0b-7571bf224a00]
2019-09-03 19:44:49,362 [EventQueue-StaleNodeForStaleNodeHandler] INFO  pipeline.SCMPipelineManager (SCMPipelineManager.java:finalizeAndDestroyPipeline(311)) - destroying pipeline:Pipeline[ Id: 9c98219b-e5ad-448a-a050-0e42eb229826, Nodes: 18cb8b51-24c0-4f4d-8227-db849c3449ea{ip: 192.168.34.20, host: pr-hdds-2018-8nzjn-2890084760, networkLocation: /default-rack, certSerialId: null}, Type:RATIS, Factor:ONE, State:OPEN]
2019-09-03 19:44:49,362 [EventQueue-StaleNodeForStaleNodeHandler] INFO  pipeline.PipelineStateManager (PipelineStateManager.java:finalizePipeline(123)) - Pipeline Pipeline[ Id: 9c98219b-e5ad-448a-a050-0e42eb229826, Nodes: 18cb8b51-24c0-4f4d-8227-db849c3449ea{ip: 192.168.34.20, host: pr-hdds-2018-8nzjn-2890084760, networkLocation: /default-rack, certSerialId: null}, Type:RATIS, Factor:ONE, State:CLOSED] moved to CLOSED state
2019-09-03 19:44:49,362 [EventQueue-StaleNodeForStaleNodeHandler] INFO  pipeline.SCMPipelineManager (SCMPipelineManager.java:finalizeAndDestroyPipeline(311)) - destroying pipeline:Pipeline[ Id: 6776fe23-c688-4676-bb0b-7571bf224a00, Nodes: 540a2827-7fc9-4198-8052-28e0673e188a{ip: 192.168.34.20, host: pr-hdds-2018-8nzjn-2890084760, networkLocation: /default-rack, certSerialId: null}81f8abc1-4fac-4722-94b1-c50c0e4cf17c{ip: 192.168.34.20, host: pr-hdds-2018-8nzjn-2890084760, networkLocation: /default-rack, certSerialId: null}18cb8b51-24c0-4f4d-8227-db849c3449ea{ip: 192.168.34.20, host: pr-hdds-2018-8nzjn-2890084760, networkLocation: /default-rack, certSerialId: null}, Type:RATIS, Factor:THREE, State:CLOSED]
2019-09-03 19:44:49,454 [main] INFO  ozoneimpl.OzoneContainer (OzoneContainer.java:stop(215)) - Attempting to stop container services.
2019-09-03 19:44:49,454 [main] INFO  impl.RaftServerProxy (RaftServerProxy.java:lambda$close$4(314)) - 18cb8b51-24c0-4f4d-8227-db849c3449ea: close
2019-09-03 19:44:49,455 [main] INFO  impl.RaftServerImpl (RaftServerImpl.java:lambda$shutdown$3(245)) - 18cb8b51-24c0-4f4d-8227-db849c3449ea: shutdown group-0E42EB229826
2019-09-03 19:44:49,455 [main] INFO  util.JmxRegister (JmxRegister.java:unregister(73)) - Successfully un-registered JMX Bean with object name Ratis:service=RaftServer,group=group-0E42EB229826,id=18cb8b51-24c0-4f4d-8227-db849c3449ea
2019-09-03 19:44:49,456 [main] INFO  impl.RoleInfo (RoleInfo.java:shutdownLeaderState(104)) - 18cb8b51-24c0-4f4d-8227-db849c3449ea: shutdown LeaderState
2019-09-03 19:44:49,456 [main] INFO  impl.PendingRequests (PendingRequests.java:sendNotLeaderResponses(202)) - 18cb8b51-24c0-4f4d-8227-db849c3449ea-PendingRequests: sendNotLeaderResponses
2019-09-03 19:44:49,457 [main] INFO  impl.StateMachineUpdater (StateMachineUpdater.java:stopAndJoin(115)) - StateMachineUpdater:18cb8b51-24c0-4f4d-8227-db849c3449ea:group-0E42EB229826: set stopIndex = 0
2019-09-03 19:44:49,457 [main] INFO  impl.RaftServerImpl (ServerState.java:close(394)) - 18cb8b51-24c0-4f4d-8227-db849c3449ea:group-0E42EB229826 closes. The last applied log index is 0
2019-09-03 19:44:49,458 [18cb8b51-24c0-4f4d-8227-db849c3449ea-SegmentedRaftLogWorker:Storage Directory /workdir/hadoop-ozone/integration-test/target/test-dir/MiniOzoneClusterImpl-93e4c667-a4e3-48cf-a9ad-b2b6e5195dda/datanode-6/data/ratis/9c98219b-e5ad-448a-a050-0e42eb229826] INFO  segmented.SegmentedRaftLogWorker (SegmentedRaftLogWorker.java:run(313)) - 18cb8b51-24c0-4f4d-8227-db849c3449ea-SegmentedRaftLogWorker:Storage Directory /workdir/hadoop-ozone/integration-test/target/test-dir/MiniOzoneClusterImpl-93e4c667-a4e3-48cf-a9ad-b2b6e5195dda/datanode-6/data/ratis/9c98219b-e5ad-448a-a050-0e42eb229826 was interrupted, exiting. There are 0 tasks remaining in the queue.
2019-09-03 19:44:49,460 [main] INFO  segmented.SegmentedRaftLogWorker (SegmentedRaftLogWorker.java:close(228)) - 18cb8b51-24c0-4f4d-8227-db849c3449ea-SegmentedRaftLogWorker:Storage Directory /workdir/hadoop-ozone/integration-test/target/test-dir/MiniOzoneClusterImpl-93e4c667-a4e3-48cf-a9ad-b2b6e5195dda/datanode-6/data/ratis/9c98219b-e5ad-448a-a050-0e42eb229826 close()
2019-09-03 19:44:49,464 [main] INFO  impl.RaftServerImpl (RaftServerImpl.java:lambda$shutdown$3(245)) - 18cb8b51-24c0-4f4d-8227-db849c3449ea: shutdown group-7571BF224A00
2019-09-03 19:44:49,464 [main] INFO  util.JmxRegister (JmxRegister.java:unregister(73)) - Successfully un-registered JMX Bean with object name Ratis:service=RaftServer,group=group-7571BF224A00,id=18cb8b51-24c0-4f4d-8227-db849c3449ea
2019-09-03 19:44:49,464 [main] INFO  impl.RoleInfo (RoleInfo.java:shutdownLeaderState(104)) - 18cb8b51-24c0-4f4d-8227-db849c3449ea: shutdown LeaderState
2019-09-03 19:44:49,468 [org.apache.ratis.server.impl.LogAppender$AppenderDaemon$$Lambda$501/1320134402@1274f28c] WARN  server.GrpcLogAppender (GrpcLogAppender.java:mayWait(143)) - GrpcLogAppender(18cb8b51-24c0-4f4d-8227-db849c3449ea->540a2827-7fc9-4198-8052-28e0673e188a): Wait interrupted by java.lang.InterruptedException
2019-09-03 19:44:49,468 [main] INFO  impl.PendingRequests (PendingRequests.java:sendNotLeaderResponses(202)) - 18cb8b51-24c0-4f4d-8227-db849c3449ea-PendingRequests: sendNotLeaderResponses
2019-09-03 19:44:49,468 [org.apache.ratis.server.impl.LogAppender$AppenderDaemon$$Lambda$501/1320134402@69b3c0c5] WARN  server.GrpcLogAppender (GrpcLogAppender.java:mayWait(143)) - GrpcLogAppender(18cb8b51-24c0-4f4d-8227-db849c3449ea->81f8abc1-4fac-4722-94b1-c50c0e4cf17c): Wait interrupted by java.lang.InterruptedException
2019-09-03 19:44:49,470 [main] INFO  impl.StateMachineUpdater (StateMachineUpdater.java:stopAndJoin(115)) - StateMachineUpdater:18cb8b51-24c0-4f4d-8227-db849c3449ea:group-7571BF224A00: set stopIndex = 17
2019-09-03 19:44:49,470 [StateMachineUpdater:18cb8b51-24c0-4f4d-8227-db849c3449ea:group-7571BF224A00] INFO  ratis.ContainerStateMachine (ContainerStateMachine.java:takeSnapshot(284)) - group-7571BF224A00: Taking a snapshot at:(t:1, i:13) file /workdir/hadoop-ozone/integration-test/target/test-dir/MiniOzoneClusterImpl-93e4c667-a4e3-48cf-a9ad-b2b6e5195dda/datanode-6/data/ratis/6776fe23-c688-4676-bb0b-7571bf224a00/sm/snapshot.1_13
2019-09-03 19:44:49,472 [grpc-default-executor-1] INFO  server.GrpcServerProtocolService (GrpcServerProtocolService.java:onCompleted(104)) - 81f8abc1-4fac-4722-94b1-c50c0e4cf17c: appendEntries completed
2019-09-03 19:44:49,473 [grpc-default-executor-7] INFO  server.GrpcLogAppender (GrpcLogAppender.java:onCompleted(292)) - 18cb8b51-24c0-4f4d-8227-db849c3449ea->81f8abc1-4fac-4722-94b1-c50c0e4cf17c: follower responses appendEntries COMPLETED
2019-09-03 19:44:49,475 [grpc-default-executor-7] INFO  impl.FollowerInfo (FollowerInfo.java:lambda$new$0(50)) - 18cb8b51-24c0-4f4d-8227-db849c3449ea->81f8abc1-4fac-4722-94b1-c50c0e4cf17c: nextIndex: updateUnconditionally 18 -> 17
2019-09-03 19:44:49,480 [ForkJoinPool.commonPool-worker-1] INFO  ozoneimpl.OzoneContainer (OzoneContainer.java:stop(215)) - Attempting to stop container services.
2019-09-03 19:44:49,481 [ForkJoinPool.commonPool-worker-1] INFO  impl.RaftServerProxy (RaftServerProxy.java:lambda$close$4(314)) - ecbfe45e-9fdf-4f4a-9146-cd504af0c997: close
2019-09-03 19:44:49,481 [ForkJoinPool.commonPool-worker-1] INFO  impl.RaftServerImpl (RaftServerImpl.java:lambda$shutdown$3(245)) - ecbfe45e-9fdf-4f4a-9146-cd504af0c997: shutdown group-E0E8ADC73C35
2019-09-03 19:44:49,481 [ForkJoinPool.commonPool-worker-1] INFO  util.JmxRegister (JmxRegister.java:unregister(73)) - Successfully un-registered JMX Bean with object name Ratis:service=RaftServer,group=group-E0E8ADC73C35,id=ecbfe45e-9fdf-4f4a-9146-cd504af0c997
2019-09-03 19:44:49,481 [ForkJoinPool.commonPool-worker-1] INFO  impl.RoleInfo (RoleInfo.java:shutdownLeaderState(104)) - ecbfe45e-9fdf-4f4a-9146-cd504af0c997: shutdown LeaderState
2019-09-03 19:44:49,482 [ForkJoinPool.commonPool-worker-1] INFO  impl.PendingRequests (PendingRequests.java:sendNotLeaderResponses(202)) - ecbfe45e-9fdf-4f4a-9146-cd504af0c997-PendingRequests: sendNotLeaderResponses
2019-09-03 19:44:49,482 [ForkJoinPool.commonPool-worker-1] INFO  impl.StateMachineUpdater (StateMachineUpdater.java:stopAndJoin(115)) - StateMachineUpdater:ecbfe45e-9fdf-4f4a-9146-cd504af0c997:group-E0E8ADC73C35: set stopIndex = 0
2019-09-03 19:44:49,482 [ForkJoinPool.commonPool-worker-1] INFO  impl.RaftServerImpl (ServerState.java:close(394)) - ecbfe45e-9fdf-4f4a-9146-cd504af0c997:group-E0E8ADC73C35 closes. The last applied log index is 0
2019-09-03 19:44:49,483 [ecbfe45e-9fdf-4f4a-9146-cd504af0c997-SegmentedRaftLogWorker:Storage Directory /workdir/hadoop-ozone/integration-test/target/test-dir/MiniOzoneClusterImpl-93e4c667-a4e3-48cf-a9ad-b2b6e5195dda/datanode-2/data/ratis/86eda660-3a05-4932-93d1-e0e8adc73c35] INFO  segmented.SegmentedRaftLogWorker (SegmentedRaftLogWorker.java:run(313)) - ecbfe45e-9fdf-4f4a-9146-cd504af0c997-SegmentedRaftLogWorker:Storage Directory /workdir/hadoop-ozone/integration-test/target/test-dir/MiniOzoneClusterImpl-93e4c667-a4e3-48cf-a9ad-b2b6e5195dda/datanode-2/data/ratis/86eda660-3a05-4932-93d1-e0e8adc73c35 was interrupted, exiting. There are 0 tasks remaining in the queue.
2019-09-03 19:44:49,485 [ForkJoinPool.commonPool-worker-1] INFO  segmented.SegmentedRaftLogWorker (SegmentedRaftLogWorker.java:close(228)) - ecbfe45e-9fdf-4f4a-9146-cd504af0c997-SegmentedRaftLogWorker:Storage Directory /workdir/hadoop-ozone/integration-test/target/test-dir/MiniOzoneClusterImpl-93e4c667-a4e3-48cf-a9ad-b2b6e5195dda/datanode-2/data/ratis/86eda660-3a05-4932-93d1-e0e8adc73c35 close()
2019-09-03 19:44:49,487 [StateMachineUpdater:18cb8b51-24c0-4f4d-8227-db849c3449ea:group-7571BF224A00] INFO  ratis.ContainerStateMachine (ContainerStateMachine.java:takeSnapshot(295)) - group-7571BF224A00: Finished taking a snapshot at:(t:1, i:13) file:/workdir/hadoop-ozone/integration-test/target/test-dir/MiniOzoneClusterImpl-93e4c667-a4e3-48cf-a9ad-b2b6e5195dda/datanode-6/data/ratis/6776fe23-c688-4676-bb0b-7571bf224a00/sm/snapshot.1_13 time:16
2019-09-03 19:44:49,488 [StateMachineUpdater:18cb8b51-24c0-4f4d-8227-db849c3449ea:group-7571BF224A00] INFO  impl.StateMachineUpdater (StateMachineUpdater.java:takeSnapshot(242)) - StateMachineUpdater:18cb8b51-24c0-4f4d-8227-db849c3449ea:group-7571BF224A00: Took a snapshot at index 13
2019-09-03 19:44:49,488 [ForkJoinPool.commonPool-worker-1] INFO  impl.RaftServerImpl (RaftServerImpl.java:lambda$shutdown$3(245)) - ecbfe45e-9fdf-4f4a-9146-cd504af0c997: shutdown group-BB9B692CD120
2019-09-03 19:44:49,488 [StateMachineUpdater:18cb8b51-24c0-4f4d-8227-db849c3449ea:group-7571BF224A00] INFO  impl.StateMachineUpdater (StateMachineUpdater.java:lambda$new$0(80)) - StateMachineUpdater:18cb8b51-24c0-4f4d-8227-db849c3449ea:group-7571BF224A00: snapshotIndex: updateIncreasingly -1 -> 13
2019-09-03 19:44:49,488 [ForkJoinPool.commonPool-worker-1] INFO  util.JmxRegister (JmxRegister.java:unregister(73)) - Successfully un-registered JMX Bean with object name Ratis:service=RaftServer,group=group-BB9B692CD120,id=ecbfe45e-9fdf-4f4a-9146-cd504af0c997
2019-09-03 19:44:49,489 [main] INFO  impl.RaftServerImpl (ServerState.java:close(394)) - 18cb8b51-24c0-4f4d-8227-db849c3449ea:group-7571BF224A00 closes. The last applied log index is 17
2019-09-03 19:44:49,489 [ForkJoinPool.commonPool-worker-1] INFO  impl.RoleInfo (RoleInfo.java:shutdownFollowerState(121)) - ecbfe45e-9fdf-4f4a-9146-cd504af0c997: shutdown FollowerState
2019-09-03 19:44:49,489 [18cb8b51-24c0-4f4d-8227-db849c3449ea-SegmentedRaftLogWorker:Storage Directory /workdir/hadoop-ozone/integration-test/target/test-dir/MiniOzoneClusterImpl-93e4c667-a4e3-48cf-a9ad-b2b6e5195dda/datanode-6/data/ratis/6776fe23-c688-4676-bb0b-7571bf224a00] INFO  segmented.SegmentedRaftLogWorker (SegmentedRaftLogWorker.java:run(313)) - 18cb8b51-24c0-4f4d-8227-db849c3449ea-SegmentedRaftLogWorker:Storage Directory /workdir/hadoop-ozone/integration-test/target/test-dir/MiniOzoneClusterImpl-93e4c667-a4e3-48cf-a9ad-b2b6e5195dda/datanode-6/data/ratis/6776fe23-c688-4676-bb0b-7571bf224a00 was interrupted, exiting. There are 0 tasks remaining in the queue.
2019-09-03 19:44:49,490 [StateMachineUpdater:ecbfe45e-9fdf-4f4a-9146-cd504af0c997:group-BB9B692CD120] INFO  ratis.ContainerStateMachine (ContainerStateMachine.java:takeSnapshot(284)) - group-BB9B692CD120: Taking a snapshot at:(t:1, i:17) file /workdir/hadoop-ozone/integration-test/target/test-dir/MiniOzoneClusterImpl-93e4c667-a4e3-48cf-a9ad-b2b6e5195dda/datanode-2/data/ratis/b6613bfd-db40-4bc1-8367-bb9b692cd120/sm/snapshot.1_17
2019-09-03 19:44:49,490 [ForkJoinPool.commonPool-worker-1] INFO  impl.StateMachineUpdater (StateMachineUpdater.java:stopAndJoin(115)) - StateMachineUpdater:ecbfe45e-9fdf-4f4a-9146-cd504af0c997:group-BB9B692CD120: set stopIndex = 17
2019-09-03 19:44:49,491 [main] INFO  segmented.SegmentedRaftLogWorker (SegmentedRaftLogWorker.java:close(228)) - 18cb8b51-24c0-4f4d-8227-db849c3449ea-SegmentedRaftLogWorker:Storage Directory /workdir/hadoop-ozone/integration-test/target/test-dir/MiniOzoneClusterImpl-93e4c667-a4e3-48cf-a9ad-b2b6e5195dda/datanode-6/data/ratis/6776fe23-c688-4676-bb0b-7571bf224a00 close()
2019-09-03 19:44:49,490 [Thread-3366] INFO  impl.FollowerState (FollowerState.java:run(114)) - ecbfe45e-9fdf-4f4a-9146-cd504af0c997: FollowerState was interrupted: java.lang.InterruptedException: sleep interrupted
2019-09-03 19:44:49,495 [main] INFO  server.GrpcService (GrpcService.java:closeImpl(155)) - 18cb8b51-24c0-4f4d-8227-db849c3449ea: shutdown server with port 37848 now
2019-09-03 19:44:49,497 [main] INFO  server.GrpcService (GrpcService.java:closeImpl(163)) - 18cb8b51-24c0-4f4d-8227-db849c3449ea: shutdown server with port 37848 successfully
2019-09-03 19:44:49,499 [refreshUsed-/workdir/hadoop-ozone/integration-test/target/test-dir/MiniOzoneClusterImpl-93e4c667-a4e3-48cf-a9ad-b2b6e5195dda/datanode-6/data/containers] WARN  fs.CachingGetSpaceUsed (CachingGetSpaceUsed.java:run(183)) - Thread Interrupted waiting to refresh disk information: sleep interrupted
2019-09-03 19:44:49,517 [main] INFO  utils.BackgroundService (BackgroundService.java:shutdown(148)) - Shutting down service BlockDeletingService
2019-09-03 19:44:49,517 [StateMachineUpdater:ecbfe45e-9fdf-4f4a-9146-cd504af0c997:group-BB9B692CD120] INFO  ratis.ContainerStateMachine (ContainerStateMachine.java:takeSnapshot(295)) - group-BB9B692CD120: Finished taking a snapshot at:(t:1, i:17) file:/workdir/hadoop-ozone/integration-test/target/test-dir/MiniOzoneClusterImpl-93e4c667-a4e3-48cf-a9ad-b2b6e5195dda/datanode-2/data/ratis/b6613bfd-db40-4bc1-8367-bb9b692cd120/sm/snapshot.1_17 time:27
2019-09-03 19:44:49,517 [StateMachineUpdater:ecbfe45e-9fdf-4f4a-9146-cd504af0c997:group-BB9B692CD120] INFO  impl.StateMachineUpdater (StateMachineUpdater.java:takeSnapshot(242)) - StateMachineUpdater:ecbfe45e-9fdf-4f4a-9146-cd504af0c997:group-BB9B692CD120: Took a snapshot at index 17
2019-09-03 19:44:49,517 [StateMachineUpdater:ecbfe45e-9fdf-4f4a-9146-cd504af0c997:group-BB9B692CD120] INFO  impl.StateMachineUpdater (StateMachineUpdater.java:lambda$new$0(80)) - StateMachineUpdater:ecbfe45e-9fdf-4f4a-9146-cd504af0c997:group-BB9B692CD120: snapshotIndex: updateIncreasingly -1 -> 17
2019-09-03 19:44:49,522 [main] INFO  statemachine.DatanodeStateMachine (DatanodeStateMachine.java:stopDaemon(395)) - Ozone container server stopped.
2019-09-03 19:44:49,523 [ForkJoinPool.commonPool-worker-1] INFO  impl.RaftServerImpl (ServerState.java:close(394)) - ecbfe45e-9fdf-4f4a-9146-cd504af0c997:group-BB9B692CD120 closes. The last applied log index is 17
2019-09-03 19:44:49,523 [ecbfe45e-9fdf-4f4a-9146-cd504af0c997-SegmentedRaftLogWorker:Storage Directory /workdir/hadoop-ozone/integration-test/target/test-dir/MiniOzoneClusterImpl-93e4c667-a4e3-48cf-a9ad-b2b6e5195dda/datanode-2/data/ratis/b6613bfd-db40-4bc1-8367-bb9b692cd120] INFO  segmented.SegmentedRaftLogWorker (SegmentedRaftLogWorker.java:run(313)) - ecbfe45e-9fdf-4f4a-9146-cd504af0c997-SegmentedRaftLogWorker:Storage Directory /workdir/hadoop-ozone/integration-test/target/test-dir/MiniOzoneClusterImpl-93e4c667-a4e3-48cf-a9ad-b2b6e5195dda/datanode-2/data/ratis/b6613bfd-db40-4bc1-8367-bb9b692cd120 was interrupted, exiting. There are 0 tasks remaining in the queue.
2019-09-03 19:44:49,526 [ForkJoinPool.commonPool-worker-1] INFO  segmented.SegmentedRaftLogWorker (SegmentedRaftLogWorker.java:close(228)) - ecbfe45e-9fdf-4f4a-9146-cd504af0c997-SegmentedRaftLogWorker:Storage Directory /workdir/hadoop-ozone/integration-test/target/test-dir/MiniOzoneClusterImpl-93e4c667-a4e3-48cf-a9ad-b2b6e5195dda/datanode-2/data/ratis/b6613bfd-db40-4bc1-8367-bb9b692cd120 close()
2019-09-03 19:44:49,527 [main] INFO  handler.ContextHandler (ContextHandler.java:doStop(910)) - Stopped o.e.j.w.WebAppContext@71531dd7{/,null,UNAVAILABLE}{/hddsDatanode}
2019-09-03 19:44:49,529 [ForkJoinPool.commonPool-worker-1] INFO  server.GrpcService (GrpcService.java:closeImpl(155)) - ecbfe45e-9fdf-4f4a-9146-cd504af0c997: shutdown server with port 41810 now
2019-09-03 19:44:49,532 [main] INFO  server.AbstractConnector (AbstractConnector.java:doStop(318)) - Stopped ServerConnector@20256a0b{HTTP/1.1,[http/1.1]}{0.0.0.0:0}
2019-09-03 19:44:49,539 [grpc-default-executor-7] WARN  server.GrpcServerProtocolService (LogUtils.java:warn(134)) - ecbfe45e-9fdf-4f4a-9146-cd504af0c997: appendEntries onError: org.apache.ratis.thirdparty.io.grpc.StatusRuntimeException: CANCELLED: cancelled before receiving half close
2019-09-03 19:44:49,539 [ForkJoinPool.commonPool-worker-1] INFO  server.GrpcService (GrpcService.java:closeImpl(163)) - ecbfe45e-9fdf-4f4a-9146-cd504af0c997: shutdown server with port 41810 successfully
2019-09-03 19:44:49,540 [main] INFO  handler.ContextHandler (ContextHandler.java:doStop(910)) - Stopped o.e.j.s.ServletContextHandler@17ec335a{/static,jar:file:/home/user/.m2/repository/org/apache/hadoop/hadoop-hdds-container-service/0.5.0-SNAPSHOT/hadoop-hdds-container-service-0.5.0-SNAPSHOT.jar!/webapps/static,UNAVAILABLE}
2019-09-03 19:44:49,540 [grpc-default-executor-1] WARN  server.GrpcLogAppender (LogUtils.java:warn(134)) - 7579200a-e651-42c1-a300-5865ac4d1a81->ecbfe45e-9fdf-4f4a-9146-cd504af0c997: Failed appendEntries: org.apache.ratis.thirdparty.io.grpc.StatusRuntimeException: CANCELLED: HTTP/2 error code: CANCEL
Received Rst Stream
2019-09-03 19:44:49,541 [grpc-default-executor-1] INFO  impl.FollowerInfo (FollowerInfo.java:lambda$new$0(50)) - 7579200a-e651-42c1-a300-5865ac4d1a81->ecbfe45e-9fdf-4f4a-9146-cd504af0c997: nextIndex: updateUnconditionally 19 -> 18
2019-09-03 19:44:49,541 [main] INFO  handler.ContextHandler (ContextHandler.java:doStop(910)) - Stopped o.e.j.s.ServletContextHandler@3079c26a{/logs,file:///workdir/hadoop-ozone/integration-test/target/log,UNAVAILABLE}
2019-09-03 19:44:49,542 [refreshUsed-/workdir/hadoop-ozone/integration-test/target/test-dir/MiniOzoneClusterImpl-93e4c667-a4e3-48cf-a9ad-b2b6e5195dda/datanode-2/data/containers] WARN  fs.CachingGetSpaceUsed (CachingGetSpaceUsed.java:run(183)) - Thread Interrupted waiting to refresh disk information: sleep interrupted
2019-09-03 19:44:49,558 [ForkJoinPool.commonPool-worker-1] INFO  utils.BackgroundService (BackgroundService.java:shutdown(148)) - Shutting down service BlockDeletingService
2019-09-03 19:44:49,561 [ForkJoinPool.commonPool-worker-1] INFO  statemachine.DatanodeStateMachine (DatanodeStateMachine.java:stopDaemon(395)) - Ozone container server stopped.
2019-09-03 19:44:49,564 [ForkJoinPool.commonPool-worker-1] INFO  handler.ContextHandler (ContextHandler.java:doStop(910)) - Stopped o.e.j.w.WebAppContext@3820cfe{/,null,UNAVAILABLE}{/hddsDatanode}
2019-09-03 19:44:49,564 [ForkJoinPool.commonPool-worker-1] INFO  server.AbstractConnector (AbstractConnector.java:doStop(318)) - Stopped ServerConnector@2407a36c{HTTP/1.1,[http/1.1]}{0.0.0.0:0}
2019-09-03 19:44:49,565 [ForkJoinPool.commonPool-worker-1] INFO  handler.ContextHandler (ContextHandler.java:doStop(910)) - Stopped o.e.j.s.ServletContextHandler@2bec068b{/static,jar:file:/home/user/.m2/repository/org/apache/hadoop/hadoop-hdds-container-service/0.5.0-SNAPSHOT/hadoop-hdds-container-service-0.5.0-SNAPSHOT.jar!/webapps/static,UNAVAILABLE}
2019-09-03 19:44:49,566 [ForkJoinPool.commonPool-worker-1] INFO  handler.ContextHandler (ContextHandler.java:doStop(910)) - Stopped o.e.j.s.ServletContextHandler@2eb0cefe{/logs,file:///workdir/hadoop-ozone/integration-test/target/log,UNAVAILABLE}
2019-09-03 19:44:49,603 [grpc-default-executor-7] WARN  server.GrpcLogAppender (LogUtils.java:warn(134)) - 7579200a-e651-42c1-a300-5865ac4d1a81->ecbfe45e-9fdf-4f4a-9146-cd504af0c997: Failed appendEntries: org.apache.ratis.thirdparty.io.grpc.StatusRuntimeException: UNAVAILABLE: io exception
2019-09-03 19:44:49,603 [grpc-default-executor-9] WARN  server.GrpcLogAppender (LogUtils.java:warn(134)) - 7579200a-e651-42c1-a300-5865ac4d1a81->4cb224ee-0f9f-46ee-af6c-a1bf099b7db7: Failed appendEntries: org.apache.ratis.thirdparty.io.grpc.StatusRuntimeException: UNAVAILABLE: io exception
2019-09-03 19:44:49,603 [grpc-default-executor-7] INFO  impl.FollowerInfo (FollowerInfo.java:lambda$new$0(50)) - 7579200a-e651-42c1-a300-5865ac4d1a81->ecbfe45e-9fdf-4f4a-9146-cd504af0c997: nextIndex: updateUnconditionally 18 -> 17
2019-09-03 19:44:49,603 [grpc-default-executor-9] INFO  impl.FollowerInfo (FollowerInfo.java:lambda$new$0(50)) - 7579200a-e651-42c1-a300-5865ac4d1a81->4cb224ee-0f9f-46ee-af6c-a1bf099b7db7: nextIndex: updateUnconditionally 15 -> 14
2019-09-03 19:44:50,131 [Datanode State Machine Thread - 0] INFO  statemachine.DatanodeStateMachine (DatanodeStateMachine.java:lambda$startDaemon$0(350)) - Ozone container server started.
2019-09-03 19:44:50,271 [Datanode State Machine Thread - 0] INFO  statemachine.DatanodeStateMachine (DatanodeStateMachine.java:lambda$startDaemon$0(350)) - Ozone container server started.
2019-09-03 19:44:52,104 [grpc-default-executor-9] WARN  server.GrpcLogAppender (LogUtils.java:warn(134)) - 7579200a-e651-42c1-a300-5865ac4d1a81->4cb224ee-0f9f-46ee-af6c-a1bf099b7db7: Failed appendEntries: org.apache.ratis.thirdparty.io.grpc.StatusRuntimeException: UNAVAILABLE: io exception
2019-09-03 19:44:52,104 [grpc-default-executor-10] WARN  server.GrpcLogAppender (LogUtils.java:warn(134)) - 7579200a-e651-42c1-a300-5865ac4d1a81->ecbfe45e-9fdf-4f4a-9146-cd504af0c997: Failed appendEntries: org.apache.ratis.thirdparty.io.grpc.StatusRuntimeException: UNAVAILABLE: io exception
2019-09-03 19:44:52,104 [grpc-default-executor-9] INFO  impl.FollowerInfo (FollowerInfo.java:lambda$new$0(50)) - 7579200a-e651-42c1-a300-5865ac4d1a81->4cb224ee-0f9f-46ee-af6c-a1bf099b7db7: nextIndex: updateUnconditionally 14 -> 13
2019-09-03 19:44:52,105 [grpc-default-executor-10] INFO  impl.FollowerInfo (FollowerInfo.java:lambda$new$0(50)) - 7579200a-e651-42c1-a300-5865ac4d1a81->ecbfe45e-9fdf-4f4a-9146-cd504af0c997: nextIndex: updateUnconditionally 17 -> 16
2019-09-03 19:44:53,724 [Thread-3497] INFO  impl.FollowerState (FollowerState.java:run(106)) - 81f8abc1-4fac-4722-94b1-c50c0e4cf17c:group-7571BF224A00 changes to CANDIDATE, lastRpcTime:5325, electionTimeout:5148ms
2019-09-03 19:44:53,724 [Thread-3497] INFO  impl.RoleInfo (RoleInfo.java:shutdownFollowerState(121)) - 81f8abc1-4fac-4722-94b1-c50c0e4cf17c: shutdown FollowerState
2019-09-03 19:44:53,724 [Thread-3497] INFO  impl.RaftServerImpl (RaftServerImpl.java:setRole(171)) - 81f8abc1-4fac-4722-94b1-c50c0e4cf17c:group-7571BF224A00 changes role from FOLLOWER to CANDIDATE at term 2 for changeToCandidate
2019-09-03 19:44:53,724 [Thread-3497] INFO  impl.RoleInfo (RoleInfo.java:updateAndGet(143)) - 81f8abc1-4fac-4722-94b1-c50c0e4cf17c: start LeaderElection
2019-09-03 19:44:53,727 [81f8abc1-4fac-4722-94b1-c50c0e4cf17c:group-7571BF224A00:LeaderElection66] INFO  impl.RaftServerImpl (ServerState.java:setLeader(263)) - 81f8abc1-4fac-4722-94b1-c50c0e4cf17c:group-7571BF224A00 change Leader from 18cb8b51-24c0-4f4d-8227-db849c3449ea to null at term 2 for initElection
2019-09-03 19:44:53,741 [81f8abc1-4fac-4722-94b1-c50c0e4cf17c:group-7571BF224A00:LeaderElection66] INFO  impl.LeaderElection (LeaderElection.java:askForVotes(181)) - 81f8abc1-4fac-4722-94b1-c50c0e4cf17c:group-7571BF224A00:LeaderElection66: begin an election at term 3 for 16: [540a2827-7fc9-4198-8052-28e0673e188a:192.168.34.20:43460, 81f8abc1-4fac-4722-94b1-c50c0e4cf17c:192.168.34.20:33967, 18cb8b51-24c0-4f4d-8227-db849c3449ea:192.168.34.20:37848], old=null
2019-09-03 19:44:53,744 [81f8abc1-4fac-4722-94b1-c50c0e4cf17c:group-7571BF224A00:LeaderElection66] INFO  impl.LeaderElection (LogUtils.java:infoOrTrace(149)) - 81f8abc1-4fac-4722-94b1-c50c0e4cf17c:group-7571BF224A00:LeaderElection66 got exception when requesting votes: {}
java.util.concurrent.ExecutionException: org.apache.ratis.thirdparty.io.grpc.StatusRuntimeException: UNAVAILABLE: io exception
	at java.util.concurrent.FutureTask.report(FutureTask.java:122)
	at java.util.concurrent.FutureTask.get(FutureTask.java:192)
	at org.apache.ratis.server.impl.LeaderElection.waitForResults(LeaderElection.java:262)
	at org.apache.ratis.server.impl.LeaderElection.askForVotes(LeaderElection.java:200)
	at org.apache.ratis.server.impl.LeaderElection.run(LeaderElection.java:130)
	at java.lang.Thread.run(Thread.java:748)
Caused by: org.apache.ratis.thirdparty.io.grpc.StatusRuntimeException: UNAVAILABLE: io exception
	at org.apache.ratis.thirdparty.io.grpc.stub.ClientCalls.toStatusRuntimeException(ClientCalls.java:233)
	at org.apache.ratis.thirdparty.io.grpc.stub.ClientCalls.getUnchecked(ClientCalls.java:214)
	at org.apache.ratis.thirdparty.io.grpc.stub.ClientCalls.blockingUnaryCall(ClientCalls.java:139)
	at org.apache.ratis.proto.grpc.RaftServerProtocolServiceGrpc$RaftServerProtocolServiceBlockingStub.requestVote(RaftServerProtocolServiceGrpc.java:265)
	at org.apache.ratis.grpc.server.GrpcServerProtocolClient.requestVote(GrpcServerProtocolClient.java:83)
	at org.apache.ratis.grpc.server.GrpcService.requestVote(GrpcService.java:195)
	at org.apache.ratis.server.impl.LeaderElection.lambda$submitRequests$1(LeaderElection.java:237)
	at java.util.concurrent.FutureTask.run(FutureTask.java:266)
	at java.util.concurrent.Executors$RunnableAdapter.call(Executors.java:511)
	at java.util.concurrent.FutureTask.run(FutureTask.java:266)
	at java.util.concurrent.ThreadPoolExecutor.runWorker(ThreadPoolExecutor.java:1149)
	at java.util.concurrent.ThreadPoolExecutor$Worker.run(ThreadPoolExecutor.java:624)
	... 1 more
Caused by: org.apache.ratis.thirdparty.io.netty.channel.AbstractChannel$AnnotatedConnectException: Connection refused: /192.168.34.20:37848
	at sun.nio.ch.SocketChannelImpl.checkConnect(Native Method)
	at sun.nio.ch.SocketChannelImpl.finishConnect(SocketChannelImpl.java:717)
	at org.apache.ratis.thirdparty.io.netty.channel.socket.nio.NioSocketChannel.doFinishConnect(NioSocketChannel.java:327)
	at org.apache.ratis.thirdparty.io.netty.channel.nio.AbstractNioChannel$AbstractNioUnsafe.finishConnect(AbstractNioChannel.java:340)
	at org.apache.ratis.thirdparty.io.netty.channel.nio.NioEventLoop.processSelectedKey(NioEventLoop.java:632)
	at org.apache.ratis.thirdparty.io.netty.channel.nio.NioEventLoop.processSelectedKeysOptimized(NioEventLoop.java:579)
	at org.apache.ratis.thirdparty.io.netty.channel.nio.NioEventLoop.processSelectedKeys(NioEventLoop.java:496)
	at org.apache.ratis.thirdparty.io.netty.channel.nio.NioEventLoop.run(NioEventLoop.java:458)
	at org.apache.ratis.thirdparty.io.netty.util.concurrent.SingleThreadEventExecutor$5.run(SingleThreadEventExecutor.java:897)
	at org.apache.ratis.thirdparty.io.netty.util.concurrent.FastThreadLocalRunnable.run(FastThreadLocalRunnable.java:30)
	... 1 more
Caused by: java.net.ConnectException: Connection refused
	... 11 more
2019-09-03 19:44:53,748 [81f8abc1-4fac-4722-94b1-c50c0e4cf17c:group-7571BF224A00:LeaderElection66] INFO  impl.LeaderElection (LogUtils.java:infoOrTrace(149)) - 81f8abc1-4fac-4722-94b1-c50c0e4cf17c:group-7571BF224A00:LeaderElection66 got exception when requesting votes: {}
java.util.concurrent.ExecutionException: org.apache.ratis.thirdparty.io.grpc.StatusRuntimeException: UNAVAILABLE: io exception
	at java.util.concurrent.FutureTask.report(FutureTask.java:122)
	at java.util.concurrent.FutureTask.get(FutureTask.java:192)
	at org.apache.ratis.server.impl.LeaderElection.waitForResults(LeaderElection.java:262)
	at org.apache.ratis.server.impl.LeaderElection.askForVotes(LeaderElection.java:200)
	at org.apache.ratis.server.impl.LeaderElection.run(LeaderElection.java:130)
	at java.lang.Thread.run(Thread.java:748)
Caused by: org.apache.ratis.thirdparty.io.grpc.StatusRuntimeException: UNAVAILABLE: io exception
	at org.apache.ratis.thirdparty.io.grpc.stub.ClientCalls.toStatusRuntimeException(ClientCalls.java:233)
	at org.apache.ratis.thirdparty.io.grpc.stub.ClientCalls.getUnchecked(ClientCalls.java:214)
	at org.apache.ratis.thirdparty.io.grpc.stub.ClientCalls.blockingUnaryCall(ClientCalls.java:139)
	at org.apache.ratis.proto.grpc.RaftServerProtocolServiceGrpc$RaftServerProtocolServiceBlockingStub.requestVote(RaftServerProtocolServiceGrpc.java:265)
	at org.apache.ratis.grpc.server.GrpcServerProtocolClient.requestVote(GrpcServerProtocolClient.java:83)
	at org.apache.ratis.grpc.server.GrpcService.requestVote(GrpcService.java:195)
	at org.apache.ratis.server.impl.LeaderElection.lambda$submitRequests$1(LeaderElection.java:237)
	at java.util.concurrent.FutureTask.run(FutureTask.java:266)
	at java.util.concurrent.Executors$RunnableAdapter.call(Executors.java:511)
	at java.util.concurrent.FutureTask.run(FutureTask.java:266)
	at java.util.concurrent.ThreadPoolExecutor.runWorker(ThreadPoolExecutor.java:1149)
	at java.util.concurrent.ThreadPoolExecutor$Worker.run(ThreadPoolExecutor.java:624)
	... 1 more
Caused by: org.apache.ratis.thirdparty.io.netty.channel.AbstractChannel$AnnotatedConnectException: Connection refused: /192.168.34.20:43460
	at sun.nio.ch.SocketChannelImpl.checkConnect(Native Method)
	at sun.nio.ch.SocketChannelImpl.finishConnect(SocketChannelImpl.java:717)
	at org.apache.ratis.thirdparty.io.netty.channel.socket.nio.NioSocketChannel.doFinishConnect(NioSocketChannel.java:327)
	at org.apache.ratis.thirdparty.io.netty.channel.nio.AbstractNioChannel$AbstractNioUnsafe.finishConnect(AbstractNioChannel.java:340)
	at org.apache.ratis.thirdparty.io.netty.channel.nio.NioEventLoop.processSelectedKey(NioEventLoop.java:632)
	at org.apache.ratis.thirdparty.io.netty.channel.nio.NioEventLoop.processSelectedKeysOptimized(NioEventLoop.java:579)
	at org.apache.ratis.thirdparty.io.netty.channel.nio.NioEventLoop.processSelectedKeys(NioEventLoop.java:496)
	at org.apache.ratis.thirdparty.io.netty.channel.nio.NioEventLoop.run(NioEventLoop.java:458)
	at org.apache.ratis.thirdparty.io.netty.util.concurrent.SingleThreadEventExecutor$5.run(SingleThreadEventExecutor.java:897)
	at org.apache.ratis.thirdparty.io.netty.util.concurrent.FastThreadLocalRunnable.run(FastThreadLocalRunnable.java:30)
	... 1 more
Caused by: java.net.ConnectException: Connection refused
	... 11 more
2019-09-03 19:44:53,749 [81f8abc1-4fac-4722-94b1-c50c0e4cf17c:group-7571BF224A00:LeaderElection66] INFO  impl.LeaderElection (LeaderElection.java:logAndReturn(56)) - 81f8abc1-4fac-4722-94b1-c50c0e4cf17c:group-7571BF224A00:LeaderElection66: Election REJECTED; received 0 response(s) [] and 2 exception(s); 81f8abc1-4fac-4722-94b1-c50c0e4cf17c:t3, leader=null, voted=81f8abc1-4fac-4722-94b1-c50c0e4cf17c, raftlog=81f8abc1-4fac-4722-94b1-c50c0e4cf17c-SegmentedRaftLog:OPENED:c17,f17,i17, conf=16: [540a2827-7fc9-4198-8052-28e0673e188a:192.168.34.20:43460, 81f8abc1-4fac-4722-94b1-c50c0e4cf17c:192.168.34.20:33967, 18cb8b51-24c0-4f4d-8227-db849c3449ea:192.168.34.20:37848], old=null
2019-09-03 19:44:53,750 [81f8abc1-4fac-4722-94b1-c50c0e4cf17c:group-7571BF224A00:LeaderElection66] INFO  impl.LeaderElection (LogUtils.java:infoOrTrace(149)) -   Exception 0: {}
java.util.concurrent.ExecutionException: org.apache.ratis.thirdparty.io.grpc.StatusRuntimeException: UNAVAILABLE: io exception
	at java.util.concurrent.FutureTask.report(FutureTask.java:122)
	at java.util.concurrent.FutureTask.get(FutureTask.java:192)
	at org.apache.ratis.server.impl.LeaderElection.waitForResults(LeaderElection.java:262)
	at org.apache.ratis.server.impl.LeaderElection.askForVotes(LeaderElection.java:200)
	at org.apache.ratis.server.impl.LeaderElection.run(LeaderElection.java:130)
	at java.lang.Thread.run(Thread.java:748)
Caused by: org.apache.ratis.thirdparty.io.grpc.StatusRuntimeException: UNAVAILABLE: io exception
	at org.apache.ratis.thirdparty.io.grpc.stub.ClientCalls.toStatusRuntimeException(ClientCalls.java:233)
	at org.apache.ratis.thirdparty.io.grpc.stub.ClientCalls.getUnchecked(ClientCalls.java:214)
	at org.apache.ratis.thirdparty.io.grpc.stub.ClientCalls.blockingUnaryCall(ClientCalls.java:139)
	at org.apache.ratis.proto.grpc.RaftServerProtocolServiceGrpc$RaftServerProtocolServiceBlockingStub.requestVote(RaftServerProtocolServiceGrpc.java:265)
	at org.apache.ratis.grpc.server.GrpcServerProtocolClient.requestVote(GrpcServerProtocolClient.java:83)
	at org.apache.ratis.grpc.server.GrpcService.requestVote(GrpcService.java:195)
	at org.apache.ratis.server.impl.LeaderElection.lambda$submitRequests$1(LeaderElection.java:237)
	at java.util.concurrent.FutureTask.run(FutureTask.java:266)
	at java.util.concurrent.Executors$RunnableAdapter.call(Executors.java:511)
	at java.util.concurrent.FutureTask.run(FutureTask.java:266)
	at java.util.concurrent.ThreadPoolExecutor.runWorker(ThreadPoolExecutor.java:1149)
	at java.util.concurrent.ThreadPoolExecutor$Worker.run(ThreadPoolExecutor.java:624)
	... 1 more
Caused by: org.apache.ratis.thirdparty.io.netty.channel.AbstractChannel$AnnotatedConnectException: Connection refused: /192.168.34.20:37848
	at sun.nio.ch.SocketChannelImpl.checkConnect(Native Method)
	at sun.nio.ch.SocketChannelImpl.finishConnect(SocketChannelImpl.java:717)
	at org.apache.ratis.thirdparty.io.netty.channel.socket.nio.NioSocketChannel.doFinishConnect(NioSocketChannel.java:327)
	at org.apache.ratis.thirdparty.io.netty.channel.nio.AbstractNioChannel$AbstractNioUnsafe.finishConnect(AbstractNioChannel.java:340)
	at org.apache.ratis.thirdparty.io.netty.channel.nio.NioEventLoop.processSelectedKey(NioEventLoop.java:632)
	at org.apache.ratis.thirdparty.io.netty.channel.nio.NioEventLoop.processSelectedKeysOptimized(NioEventLoop.java:579)
	at org.apache.ratis.thirdparty.io.netty.channel.nio.NioEventLoop.processSelectedKeys(NioEventLoop.java:496)
	at org.apache.ratis.thirdparty.io.netty.channel.nio.NioEventLoop.run(NioEventLoop.java:458)
	at org.apache.ratis.thirdparty.io.netty.util.concurrent.SingleThreadEventExecutor$5.run(SingleThreadEventExecutor.java:897)
	at org.apache.ratis.thirdparty.io.netty.util.concurrent.FastThreadLocalRunnable.run(FastThreadLocalRunnable.java:30)
	... 1 more
Caused by: java.net.ConnectException: Connection refused
	... 11 more
2019-09-03 19:44:53,750 [81f8abc1-4fac-4722-94b1-c50c0e4cf17c:group-7571BF224A00:LeaderElection66] INFO  impl.LeaderElection (LogUtils.java:infoOrTrace(149)) -   Exception 1: {}
java.util.concurrent.ExecutionException: org.apache.ratis.thirdparty.io.grpc.StatusRuntimeException: UNAVAILABLE: io exception
	at java.util.concurrent.FutureTask.report(FutureTask.java:122)
	at java.util.concurrent.FutureTask.get(FutureTask.java:192)
	at org.apache.ratis.server.impl.LeaderElection.waitForResults(LeaderElection.java:262)
	at org.apache.ratis.server.impl.LeaderElection.askForVotes(LeaderElection.java:200)
	at org.apache.ratis.server.impl.LeaderElection.run(LeaderElection.java:130)
	at java.lang.Thread.run(Thread.java:748)
Caused by: org.apache.ratis.thirdparty.io.grpc.StatusRuntimeException: UNAVAILABLE: io exception
	at org.apache.ratis.thirdparty.io.grpc.stub.ClientCalls.toStatusRuntimeException(ClientCalls.java:233)
	at org.apache.ratis.thirdparty.io.grpc.stub.ClientCalls.getUnchecked(ClientCalls.java:214)
	at org.apache.ratis.thirdparty.io.grpc.stub.ClientCalls.blockingUnaryCall(ClientCalls.java:139)
	at org.apache.ratis.proto.grpc.RaftServerProtocolServiceGrpc$RaftServerProtocolServiceBlockingStub.requestVote(RaftServerProtocolServiceGrpc.java:265)
	at org.apache.ratis.grpc.server.GrpcServerProtocolClient.requestVote(GrpcServerProtocolClient.java:83)
	at org.apache.ratis.grpc.server.GrpcService.requestVote(GrpcService.java:195)
	at org.apache.ratis.server.impl.LeaderElection.lambda$submitRequests$1(LeaderElection.java:237)
	at java.util.concurrent.FutureTask.run(FutureTask.java:266)
	at java.util.concurrent.Executors$RunnableAdapter.call(Executors.java:511)
	at java.util.concurrent.FutureTask.run(FutureTask.java:266)
	at java.util.concurrent.ThreadPoolExecutor.runWorker(ThreadPoolExecutor.java:1149)
	at java.util.concurrent.ThreadPoolExecutor$Worker.run(ThreadPoolExecutor.java:624)
	... 1 more
Caused by: org.apache.ratis.thirdparty.io.netty.channel.AbstractChannel$AnnotatedConnectException: Connection refused: /192.168.34.20:43460
	at sun.nio.ch.SocketChannelImpl.checkConnect(Native Method)
	at sun.nio.ch.SocketChannelImpl.finishConnect(SocketChannelImpl.java:717)
	at org.apache.ratis.thirdparty.io.netty.channel.socket.nio.NioSocketChannel.doFinishConnect(NioSocketChannel.java:327)
	at org.apache.ratis.thirdparty.io.netty.channel.nio.AbstractNioChannel$AbstractNioUnsafe.finishConnect(AbstractNioChannel.java:340)
	at org.apache.ratis.thirdparty.io.netty.channel.nio.NioEventLoop.processSelectedKey(NioEventLoop.java:632)
	at org.apache.ratis.thirdparty.io.netty.channel.nio.NioEventLoop.processSelectedKeysOptimized(NioEventLoop.java:579)
	at org.apache.ratis.thirdparty.io.netty.channel.nio.NioEventLoop.processSelectedKeys(NioEventLoop.java:496)
	at org.apache.ratis.thirdparty.io.netty.channel.nio.NioEventLoop.run(NioEventLoop.java:458)
	at org.apache.ratis.thirdparty.io.netty.util.concurrent.SingleThreadEventExecutor$5.run(SingleThreadEventExecutor.java:897)
	at org.apache.ratis.thirdparty.io.netty.util.concurrent.FastThreadLocalRunnable.run(FastThreadLocalRunnable.java:30)
	... 1 more
Caused by: java.net.ConnectException: Connection refused
	... 11 more
2019-09-03 19:44:53,750 [81f8abc1-4fac-4722-94b1-c50c0e4cf17c:group-7571BF224A00:LeaderElection66] INFO  impl.RaftServerImpl (RaftServerImpl.java:setRole(171)) - 81f8abc1-4fac-4722-94b1-c50c0e4cf17c:group-7571BF224A00 changes role from CANDIDATE to FOLLOWER at term 3 for DISCOVERED_A_NEW_TERM
2019-09-03 19:44:53,750 [81f8abc1-4fac-4722-94b1-c50c0e4cf17c:group-7571BF224A00:LeaderElection66] INFO  impl.RoleInfo (RoleInfo.java:shutdownLeaderElection(134)) - 81f8abc1-4fac-4722-94b1-c50c0e4cf17c: shutdown LeaderElection
2019-09-03 19:44:53,751 [81f8abc1-4fac-4722-94b1-c50c0e4cf17c:group-7571BF224A00:LeaderElection66] INFO  impl.RoleInfo (RoleInfo.java:updateAndGet(143)) - 81f8abc1-4fac-4722-94b1-c50c0e4cf17c: start FollowerState
2019-09-03 19:44:54,170 [EventQueue-StaleNodeForStaleNodeHandler] INFO  node.StaleNodeHandler (StaleNodeHandler.java:onMessage(58)) - Datanode 7579200a-e651-42c1-a300-5865ac4d1a81{ip: 192.168.34.20, host: pr-hdds-2018-8nzjn-2890084760, networkLocation: /default-rack, certSerialId: null} moved to stale state. Finalizing its pipelines [PipelineID=84e443a4-4e52-4aef-b2dc-a781493bdc99, PipelineID=b6613bfd-db40-4bc1-8367-bb9b692cd120]
2019-09-03 19:44:54,171 [EventQueue-StaleNodeForStaleNodeHandler] INFO  pipeline.SCMPipelineManager (SCMPipelineManager.java:finalizeAndDestroyPipeline(311)) - destroying pipeline:Pipeline[ Id: 84e443a4-4e52-4aef-b2dc-a781493bdc99, Nodes: 7579200a-e651-42c1-a300-5865ac4d1a81{ip: 192.168.34.20, host: pr-hdds-2018-8nzjn-2890084760, networkLocation: /default-rack, certSerialId: null}, Type:RATIS, Factor:ONE, State:OPEN]
2019-09-03 19:44:54,171 [EventQueue-StaleNodeForStaleNodeHandler] INFO  pipeline.PipelineStateManager (PipelineStateManager.java:finalizePipeline(123)) - Pipeline Pipeline[ Id: 84e443a4-4e52-4aef-b2dc-a781493bdc99, Nodes: 7579200a-e651-42c1-a300-5865ac4d1a81{ip: 192.168.34.20, host: pr-hdds-2018-8nzjn-2890084760, networkLocation: /default-rack, certSerialId: null}, Type:RATIS, Factor:ONE, State:CLOSED] moved to CLOSED state
2019-09-03 19:44:54,172 [EventQueue-StaleNodeForStaleNodeHandler] INFO  pipeline.SCMPipelineManager (SCMPipelineManager.java:finalizeAndDestroyPipeline(311)) - destroying pipeline:Pipeline[ Id: b6613bfd-db40-4bc1-8367-bb9b692cd120, Nodes: 4cb224ee-0f9f-46ee-af6c-a1bf099b7db7{ip: 192.168.34.20, host: pr-hdds-2018-8nzjn-2890084760, networkLocation: /default-rack, certSerialId: null}ecbfe45e-9fdf-4f4a-9146-cd504af0c997{ip: 192.168.34.20, host: pr-hdds-2018-8nzjn-2890084760, networkLocation: /default-rack, certSerialId: null}7579200a-e651-42c1-a300-5865ac4d1a81{ip: 192.168.34.20, host: pr-hdds-2018-8nzjn-2890084760, networkLocation: /default-rack, certSerialId: null}, Type:RATIS, Factor:THREE, State:CLOSED]
2019-09-03 19:44:54,370 [EventQueue-StaleNodeForStaleNodeHandler] INFO  node.StaleNodeHandler (StaleNodeHandler.java:onMessage(58)) - Datanode 81f8abc1-4fac-4722-94b1-c50c0e4cf17c{ip: 192.168.34.20, host: pr-hdds-2018-8nzjn-2890084760, networkLocation: /default-rack, certSerialId: null} moved to stale state. Finalizing its pipelines [PipelineID=6776fe23-c688-4676-bb0b-7571bf224a00, PipelineID=3646ca36-34d0-4ffa-9745-7743295f522d]
2019-09-03 19:44:54,370 [EventQueue-StaleNodeForStaleNodeHandler] INFO  pipeline.SCMPipelineManager (SCMPipelineManager.java:finalizeAndDestroyPipeline(311)) - destroying pipeline:Pipeline[ Id: 6776fe23-c688-4676-bb0b-7571bf224a00, Nodes: 540a2827-7fc9-4198-8052-28e0673e188a{ip: 192.168.34.20, host: pr-hdds-2018-8nzjn-2890084760, networkLocation: /default-rack, certSerialId: null}81f8abc1-4fac-4722-94b1-c50c0e4cf17c{ip: 192.168.34.20, host: pr-hdds-2018-8nzjn-2890084760, networkLocation: /default-rack, certSerialId: null}18cb8b51-24c0-4f4d-8227-db849c3449ea{ip: 192.168.34.20, host: pr-hdds-2018-8nzjn-2890084760, networkLocation: /default-rack, certSerialId: null}, Type:RATIS, Factor:THREE, State:CLOSED]
2019-09-03 19:44:54,370 [EventQueue-StaleNodeForStaleNodeHandler] INFO  pipeline.SCMPipelineManager (SCMPipelineManager.java:finalizeAndDestroyPipeline(311)) - destroying pipeline:Pipeline[ Id: 3646ca36-34d0-4ffa-9745-7743295f522d, Nodes: 81f8abc1-4fac-4722-94b1-c50c0e4cf17c{ip: 192.168.34.20, host: pr-hdds-2018-8nzjn-2890084760, networkLocation: /default-rack, certSerialId: null}, Type:RATIS, Factor:ONE, State:OPEN]
2019-09-03 19:44:54,371 [EventQueue-StaleNodeForStaleNodeHandler] INFO  pipeline.PipelineStateManager (PipelineStateManager.java:finalizePipeline(123)) - Pipeline Pipeline[ Id: 3646ca36-34d0-4ffa-9745-7743295f522d, Nodes: 81f8abc1-4fac-4722-94b1-c50c0e4cf17c{ip: 192.168.34.20, host: pr-hdds-2018-8nzjn-2890084760, networkLocation: /default-rack, certSerialId: null}, Type:RATIS, Factor:ONE, State:CLOSED] moved to CLOSED state
2019-09-03 19:44:54,545 [main] INFO  ozoneimpl.OzoneContainer (OzoneContainer.java:stop(215)) - Attempting to stop container services.
2019-09-03 19:44:54,546 [main] INFO  impl.RaftServerProxy (RaftServerProxy.java:lambda$close$4(314)) - 81f8abc1-4fac-4722-94b1-c50c0e4cf17c: close
2019-09-03 19:44:54,547 [main] INFO  impl.RaftServerImpl (RaftServerImpl.java:lambda$shutdown$3(245)) - 81f8abc1-4fac-4722-94b1-c50c0e4cf17c: shutdown group-7571BF224A00
2019-09-03 19:44:54,547 [main] INFO  util.JmxRegister (JmxRegister.java:unregister(73)) - Successfully un-registered JMX Bean with object name Ratis:service=RaftServer,group=group-7571BF224A00,id=81f8abc1-4fac-4722-94b1-c50c0e4cf17c
2019-09-03 19:44:54,548 [main] INFO  impl.RoleInfo (RoleInfo.java:shutdownFollowerState(121)) - 81f8abc1-4fac-4722-94b1-c50c0e4cf17c: shutdown FollowerState
2019-09-03 19:44:54,548 [main] INFO  impl.StateMachineUpdater (StateMachineUpdater.java:stopAndJoin(115)) - StateMachineUpdater:81f8abc1-4fac-4722-94b1-c50c0e4cf17c:group-7571BF224A00: set stopIndex = 17
2019-09-03 19:44:54,549 [StateMachineUpdater:81f8abc1-4fac-4722-94b1-c50c0e4cf17c:group-7571BF224A00] INFO  ratis.ContainerStateMachine (ContainerStateMachine.java:takeSnapshot(284)) - group-7571BF224A00: Taking a snapshot at:(t:1, i:13) file /workdir/hadoop-ozone/integration-test/target/test-dir/MiniOzoneClusterImpl-93e4c667-a4e3-48cf-a9ad-b2b6e5195dda/datanode-5/data/ratis/6776fe23-c688-4676-bb0b-7571bf224a00/sm/snapshot.1_13
2019-09-03 19:44:54,548 [Thread-3592] INFO  impl.FollowerState (FollowerState.java:run(114)) - 81f8abc1-4fac-4722-94b1-c50c0e4cf17c: FollowerState was interrupted: java.lang.InterruptedException: sleep interrupted
2019-09-03 19:44:54,568 [ForkJoinPool.commonPool-worker-1] INFO  ozoneimpl.OzoneContainer (OzoneContainer.java:stop(215)) - Attempting to stop container services.
2019-09-03 19:44:54,568 [ForkJoinPool.commonPool-worker-1] INFO  impl.RaftServerProxy (RaftServerProxy.java:lambda$close$4(314)) - 7579200a-e651-42c1-a300-5865ac4d1a81: close
2019-09-03 19:44:54,568 [ForkJoinPool.commonPool-worker-1] INFO  impl.RaftServerImpl (RaftServerImpl.java:lambda$shutdown$3(245)) - 7579200a-e651-42c1-a300-5865ac4d1a81: shutdown group-A781493BDC99
2019-09-03 19:44:54,569 [ForkJoinPool.commonPool-worker-1] INFO  util.JmxRegister (JmxRegister.java:unregister(73)) - Successfully un-registered JMX Bean with object name Ratis:service=RaftServer,group=group-A781493BDC99,id=7579200a-e651-42c1-a300-5865ac4d1a81
2019-09-03 19:44:54,569 [ForkJoinPool.commonPool-worker-1] INFO  impl.RoleInfo (RoleInfo.java:shutdownLeaderState(104)) - 7579200a-e651-42c1-a300-5865ac4d1a81: shutdown LeaderState
2019-09-03 19:44:54,569 [ForkJoinPool.commonPool-worker-1] INFO  impl.PendingRequests (PendingRequests.java:sendNotLeaderResponses(202)) - 7579200a-e651-42c1-a300-5865ac4d1a81-PendingRequests: sendNotLeaderResponses
2019-09-03 19:44:54,570 [ForkJoinPool.commonPool-worker-1] INFO  impl.StateMachineUpdater (StateMachineUpdater.java:stopAndJoin(115)) - StateMachineUpdater:7579200a-e651-42c1-a300-5865ac4d1a81:group-A781493BDC99: set stopIndex = 0
2019-09-03 19:44:54,571 [ForkJoinPool.commonPool-worker-1] INFO  impl.RaftServerImpl (ServerState.java:close(394)) - 7579200a-e651-42c1-a300-5865ac4d1a81:group-A781493BDC99 closes. The last applied log index is 0
2019-09-03 19:44:54,571 [7579200a-e651-42c1-a300-5865ac4d1a81-SegmentedRaftLogWorker:Storage Directory /workdir/hadoop-ozone/integration-test/target/test-dir/MiniOzoneClusterImpl-93e4c667-a4e3-48cf-a9ad-b2b6e5195dda/datanode-0/data/ratis/84e443a4-4e52-4aef-b2dc-a781493bdc99] INFO  segmented.SegmentedRaftLogWorker (SegmentedRaftLogWorker.java:run(313)) - 7579200a-e651-42c1-a300-5865ac4d1a81-SegmentedRaftLogWorker:Storage Directory /workdir/hadoop-ozone/integration-test/target/test-dir/MiniOzoneClusterImpl-93e4c667-a4e3-48cf-a9ad-b2b6e5195dda/datanode-0/data/ratis/84e443a4-4e52-4aef-b2dc-a781493bdc99 was interrupted, exiting. There are 0 tasks remaining in the queue.
2019-09-03 19:44:54,573 [ForkJoinPool.commonPool-worker-1] INFO  segmented.SegmentedRaftLogWorker (SegmentedRaftLogWorker.java:close(228)) - 7579200a-e651-42c1-a300-5865ac4d1a81-SegmentedRaftLogWorker:Storage Directory /workdir/hadoop-ozone/integration-test/target/test-dir/MiniOzoneClusterImpl-93e4c667-a4e3-48cf-a9ad-b2b6e5195dda/datanode-0/data/ratis/84e443a4-4e52-4aef-b2dc-a781493bdc99 close()
2019-09-03 19:44:54,576 [ForkJoinPool.commonPool-worker-1] INFO  impl.RaftServerImpl (RaftServerImpl.java:lambda$shutdown$3(245)) - 7579200a-e651-42c1-a300-5865ac4d1a81: shutdown group-BB9B692CD120
2019-09-03 19:44:54,576 [ForkJoinPool.commonPool-worker-1] INFO  util.JmxRegister (JmxRegister.java:unregister(73)) - Successfully un-registered JMX Bean with object name Ratis:service=RaftServer,group=group-BB9B692CD120,id=7579200a-e651-42c1-a300-5865ac4d1a81
2019-09-03 19:44:54,577 [ForkJoinPool.commonPool-worker-1] INFO  impl.RoleInfo (RoleInfo.java:shutdownLeaderState(104)) - 7579200a-e651-42c1-a300-5865ac4d1a81: shutdown LeaderState
2019-09-03 19:44:54,579 [ForkJoinPool.commonPool-worker-1] INFO  impl.PendingRequests (PendingRequests.java:sendNotLeaderResponses(202)) - 7579200a-e651-42c1-a300-5865ac4d1a81-PendingRequests: sendNotLeaderResponses
2019-09-03 19:44:54,579 [org.apache.ratis.server.impl.LogAppender$AppenderDaemon$$Lambda$501/1320134402@1aac0787] WARN  server.GrpcLogAppender (GrpcLogAppender.java:mayWait(143)) - GrpcLogAppender(7579200a-e651-42c1-a300-5865ac4d1a81->4cb224ee-0f9f-46ee-af6c-a1bf099b7db7): Wait interrupted by java.lang.InterruptedException
2019-09-03 19:44:54,579 [org.apache.ratis.server.impl.LogAppender$AppenderDaemon$$Lambda$501/1320134402@5fae9216] WARN  server.GrpcLogAppender (GrpcLogAppender.java:mayWait(143)) - GrpcLogAppender(7579200a-e651-42c1-a300-5865ac4d1a81->ecbfe45e-9fdf-4f4a-9146-cd504af0c997): Wait interrupted by java.lang.InterruptedException
2019-09-03 19:44:54,583 [ForkJoinPool.commonPool-worker-1] INFO  impl.StateMachineUpdater (StateMachineUpdater.java:stopAndJoin(115)) - StateMachineUpdater:7579200a-e651-42c1-a300-5865ac4d1a81:group-BB9B692CD120: set stopIndex = 18
2019-09-03 19:44:54,583 [StateMachineUpdater:7579200a-e651-42c1-a300-5865ac4d1a81:group-BB9B692CD120] INFO  ratis.ContainerStateMachine (ContainerStateMachine.java:takeSnapshot(284)) - group-BB9B692CD120: Taking a snapshot at:(t:1, i:18) file /workdir/hadoop-ozone/integration-test/target/test-dir/MiniOzoneClusterImpl-93e4c667-a4e3-48cf-a9ad-b2b6e5195dda/datanode-0/data/ratis/b6613bfd-db40-4bc1-8367-bb9b692cd120/sm/snapshot.1_18
2019-09-03 19:44:54,585 [StateMachineUpdater:81f8abc1-4fac-4722-94b1-c50c0e4cf17c:group-7571BF224A00] INFO  ratis.ContainerStateMachine (ContainerStateMachine.java:takeSnapshot(295)) - group-7571BF224A00: Finished taking a snapshot at:(t:1, i:13) file:/workdir/hadoop-ozone/integration-test/target/test-dir/MiniOzoneClusterImpl-93e4c667-a4e3-48cf-a9ad-b2b6e5195dda/datanode-5/data/ratis/6776fe23-c688-4676-bb0b-7571bf224a00/sm/snapshot.1_13 time:36
2019-09-03 19:44:54,585 [StateMachineUpdater:81f8abc1-4fac-4722-94b1-c50c0e4cf17c:group-7571BF224A00] INFO  impl.StateMachineUpdater (StateMachineUpdater.java:takeSnapshot(242)) - StateMachineUpdater:81f8abc1-4fac-4722-94b1-c50c0e4cf17c:group-7571BF224A00: Took a snapshot at index 13
2019-09-03 19:44:54,585 [StateMachineUpdater:81f8abc1-4fac-4722-94b1-c50c0e4cf17c:group-7571BF224A00] INFO  impl.StateMachineUpdater (StateMachineUpdater.java:lambda$new$0(80)) - StateMachineUpdater:81f8abc1-4fac-4722-94b1-c50c0e4cf17c:group-7571BF224A00: snapshotIndex: updateIncreasingly -1 -> 13
2019-09-03 19:44:54,585 [main] INFO  impl.RaftServerImpl (ServerState.java:close(394)) - 81f8abc1-4fac-4722-94b1-c50c0e4cf17c:group-7571BF224A00 closes. The last applied log index is 17
2019-09-03 19:44:54,586 [81f8abc1-4fac-4722-94b1-c50c0e4cf17c-SegmentedRaftLogWorker:Storage Directory /workdir/hadoop-ozone/integration-test/target/test-dir/MiniOzoneClusterImpl-93e4c667-a4e3-48cf-a9ad-b2b6e5195dda/datanode-5/data/ratis/6776fe23-c688-4676-bb0b-7571bf224a00] INFO  segmented.SegmentedRaftLogWorker (SegmentedRaftLogWorker.java:run(313)) - 81f8abc1-4fac-4722-94b1-c50c0e4cf17c-SegmentedRaftLogWorker:Storage Directory /workdir/hadoop-ozone/integration-test/target/test-dir/MiniOzoneClusterImpl-93e4c667-a4e3-48cf-a9ad-b2b6e5195dda/datanode-5/data/ratis/6776fe23-c688-4676-bb0b-7571bf224a00 was interrupted, exiting. There are 0 tasks remaining in the queue.
2019-09-03 19:44:54,588 [StateMachineUpdater:7579200a-e651-42c1-a300-5865ac4d1a81:group-BB9B692CD120] INFO  ratis.ContainerStateMachine (ContainerStateMachine.java:takeSnapshot(295)) - group-BB9B692CD120: Finished taking a snapshot at:(t:1, i:18) file:/workdir/hadoop-ozone/integration-test/target/test-dir/MiniOzoneClusterImpl-93e4c667-a4e3-48cf-a9ad-b2b6e5195dda/datanode-0/data/ratis/b6613bfd-db40-4bc1-8367-bb9b692cd120/sm/snapshot.1_18 time:5
2019-09-03 19:44:54,588 [main] INFO  segmented.SegmentedRaftLogWorker (SegmentedRaftLogWorker.java:close(228)) - 81f8abc1-4fac-4722-94b1-c50c0e4cf17c-SegmentedRaftLogWorker:Storage Directory /workdir/hadoop-ozone/integration-test/target/test-dir/MiniOzoneClusterImpl-93e4c667-a4e3-48cf-a9ad-b2b6e5195dda/datanode-5/data/ratis/6776fe23-c688-4676-bb0b-7571bf224a00 close()
2019-09-03 19:44:54,588 [StateMachineUpdater:7579200a-e651-42c1-a300-5865ac4d1a81:group-BB9B692CD120] INFO  impl.StateMachineUpdater (StateMachineUpdater.java:takeSnapshot(242)) - StateMachineUpdater:7579200a-e651-42c1-a300-5865ac4d1a81:group-BB9B692CD120: Took a snapshot at index 18
2019-09-03 19:44:54,591 [main] INFO  impl.RaftServerImpl (RaftServerImpl.java:lambda$shutdown$3(245)) - 81f8abc1-4fac-4722-94b1-c50c0e4cf17c: shutdown group-7743295F522D
2019-09-03 19:44:54,591 [StateMachineUpdater:7579200a-e651-42c1-a300-5865ac4d1a81:group-BB9B692CD120] INFO  impl.StateMachineUpdater (StateMachineUpdater.java:lambda$new$0(80)) - StateMachineUpdater:7579200a-e651-42c1-a300-5865ac4d1a81:group-BB9B692CD120: snapshotIndex: updateIncreasingly -1 -> 18
2019-09-03 19:44:54,591 [main] INFO  util.JmxRegister (JmxRegister.java:unregister(73)) - Successfully un-registered JMX Bean with object name Ratis:service=RaftServer,group=group-7743295F522D,id=81f8abc1-4fac-4722-94b1-c50c0e4cf17c
2019-09-03 19:44:54,592 [ForkJoinPool.commonPool-worker-1] INFO  impl.RaftServerImpl (ServerState.java:close(394)) - 7579200a-e651-42c1-a300-5865ac4d1a81:group-BB9B692CD120 closes. The last applied log index is 18
2019-09-03 19:44:54,592 [main] INFO  impl.RoleInfo (RoleInfo.java:shutdownLeaderState(104)) - 81f8abc1-4fac-4722-94b1-c50c0e4cf17c: shutdown LeaderState
2019-09-03 19:44:54,592 [7579200a-e651-42c1-a300-5865ac4d1a81-SegmentedRaftLogWorker:Storage Directory /workdir/hadoop-ozone/integration-test/target/test-dir/MiniOzoneClusterImpl-93e4c667-a4e3-48cf-a9ad-b2b6e5195dda/datanode-0/data/ratis/b6613bfd-db40-4bc1-8367-bb9b692cd120] INFO  segmented.SegmentedRaftLogWorker (SegmentedRaftLogWorker.java:run(313)) - 7579200a-e651-42c1-a300-5865ac4d1a81-SegmentedRaftLogWorker:Storage Directory /workdir/hadoop-ozone/integration-test/target/test-dir/MiniOzoneClusterImpl-93e4c667-a4e3-48cf-a9ad-b2b6e5195dda/datanode-0/data/ratis/b6613bfd-db40-4bc1-8367-bb9b692cd120 was interrupted, exiting. There are 0 tasks remaining in the queue.
2019-09-03 19:44:54,593 [main] INFO  impl.PendingRequests (PendingRequests.java:sendNotLeaderResponses(202)) - 81f8abc1-4fac-4722-94b1-c50c0e4cf17c-PendingRequests: sendNotLeaderResponses
2019-09-03 19:44:54,594 [ForkJoinPool.commonPool-worker-1] INFO  segmented.SegmentedRaftLogWorker (SegmentedRaftLogWorker.java:close(228)) - 7579200a-e651-42c1-a300-5865ac4d1a81-SegmentedRaftLogWorker:Storage Directory /workdir/hadoop-ozone/integration-test/target/test-dir/MiniOzoneClusterImpl-93e4c667-a4e3-48cf-a9ad-b2b6e5195dda/datanode-0/data/ratis/b6613bfd-db40-4bc1-8367-bb9b692cd120 close()
2019-09-03 19:44:54,595 [main] INFO  impl.StateMachineUpdater (StateMachineUpdater.java:stopAndJoin(115)) - StateMachineUpdater:81f8abc1-4fac-4722-94b1-c50c0e4cf17c:group-7743295F522D: set stopIndex = 0
2019-09-03 19:44:54,601 [ForkJoinPool.commonPool-worker-1] INFO  server.GrpcService (GrpcService.java:closeImpl(155)) - 7579200a-e651-42c1-a300-5865ac4d1a81: shutdown server with port 37601 now
2019-09-03 19:44:54,602 [main] INFO  impl.RaftServerImpl (ServerState.java:close(394)) - 81f8abc1-4fac-4722-94b1-c50c0e4cf17c:group-7743295F522D closes. The last applied log index is 0
2019-09-03 19:44:54,603 [81f8abc1-4fac-4722-94b1-c50c0e4cf17c-SegmentedRaftLogWorker:Storage Directory /workdir/hadoop-ozone/integration-test/target/test-dir/MiniOzoneClusterImpl-93e4c667-a4e3-48cf-a9ad-b2b6e5195dda/datanode-5/data/ratis/3646ca36-34d0-4ffa-9745-7743295f522d] INFO  segmented.SegmentedRaftLogWorker (SegmentedRaftLogWorker.java:run(313)) - 81f8abc1-4fac-4722-94b1-c50c0e4cf17c-SegmentedRaftLogWorker:Storage Directory /workdir/hadoop-ozone/integration-test/target/test-dir/MiniOzoneClusterImpl-93e4c667-a4e3-48cf-a9ad-b2b6e5195dda/datanode-5/data/ratis/3646ca36-34d0-4ffa-9745-7743295f522d was interrupted, exiting. There are 0 tasks remaining in the queue.
2019-09-03 19:44:54,603 [main] INFO  segmented.SegmentedRaftLogWorker (SegmentedRaftLogWorker.java:close(228)) - 81f8abc1-4fac-4722-94b1-c50c0e4cf17c-SegmentedRaftLogWorker:Storage Directory /workdir/hadoop-ozone/integration-test/target/test-dir/MiniOzoneClusterImpl-93e4c667-a4e3-48cf-a9ad-b2b6e5195dda/datanode-5/data/ratis/3646ca36-34d0-4ffa-9745-7743295f522d close()
2019-09-03 19:44:54,603 [ForkJoinPool.commonPool-worker-1] INFO  server.GrpcService (GrpcService.java:closeImpl(163)) - 7579200a-e651-42c1-a300-5865ac4d1a81: shutdown server with port 37601 successfully
2019-09-03 19:44:54,603 [grpc-default-executor-9] WARN  client.GrpcClientProtocolService (LogUtils.java:warn(134)) - 1-UnorderedRequestStreamObserver1: onError: org.apache.ratis.thirdparty.io.grpc.StatusRuntimeException: CANCELLED: cancelled before receiving half close
2019-09-03 19:44:54,605 [main] INFO  server.GrpcService (GrpcService.java:closeImpl(155)) - 81f8abc1-4fac-4722-94b1-c50c0e4cf17c: shutdown server with port 33967 now
2019-09-03 19:44:54,608 [main] INFO  server.GrpcService (GrpcService.java:closeImpl(163)) - 81f8abc1-4fac-4722-94b1-c50c0e4cf17c: shutdown server with port 33967 successfully
2019-09-03 19:44:54,610 [refreshUsed-/workdir/hadoop-ozone/integration-test/target/test-dir/MiniOzoneClusterImpl-93e4c667-a4e3-48cf-a9ad-b2b6e5195dda/datanode-0/data/containers] WARN  fs.CachingGetSpaceUsed (CachingGetSpaceUsed.java:run(183)) - Thread Interrupted waiting to refresh disk information: sleep interrupted
2019-09-03 19:44:54,612 [refreshUsed-/workdir/hadoop-ozone/integration-test/target/test-dir/MiniOzoneClusterImpl-93e4c667-a4e3-48cf-a9ad-b2b6e5195dda/datanode-5/data/containers] WARN  fs.CachingGetSpaceUsed (CachingGetSpaceUsed.java:run(183)) - Thread Interrupted waiting to refresh disk information: sleep interrupted
2019-09-03 19:44:54,635 [main] INFO  utils.BackgroundService (BackgroundService.java:shutdown(148)) - Shutting down service BlockDeletingService
2019-09-03 19:44:54,637 [ForkJoinPool.commonPool-worker-1] INFO  utils.BackgroundService (BackgroundService.java:shutdown(148)) - Shutting down service BlockDeletingService
2019-09-03 19:44:54,638 [main] INFO  statemachine.DatanodeStateMachine (DatanodeStateMachine.java:stopDaemon(395)) - Ozone container server stopped.
2019-09-03 19:44:54,641 [ForkJoinPool.commonPool-worker-1] INFO  statemachine.DatanodeStateMachine (DatanodeStateMachine.java:stopDaemon(395)) - Ozone container server stopped.
2019-09-03 19:44:54,645 [main] INFO  handler.ContextHandler (ContextHandler.java:doStop(910)) - Stopped o.e.j.w.WebAppContext@584ca390{/,null,UNAVAILABLE}{/hddsDatanode}
2019-09-03 19:44:54,645 [ForkJoinPool.commonPool-worker-1] INFO  handler.ContextHandler (ContextHandler.java:doStop(910)) - Stopped o.e.j.w.WebAppContext@1595d2b2{/,null,UNAVAILABLE}{/hddsDatanode}
2019-09-03 19:44:54,646 [main] INFO  server.AbstractConnector (AbstractConnector.java:doStop(318)) - Stopped ServerConnector@33324c05{HTTP/1.1,[http/1.1]}{0.0.0.0:0}
2019-09-03 19:44:54,646 [ForkJoinPool.commonPool-worker-1] INFO  server.AbstractConnector (AbstractConnector.java:doStop(318)) - Stopped ServerConnector@20349058{HTTP/1.1,[http/1.1]}{0.0.0.0:0}
2019-09-03 19:44:54,647 [main] INFO  handler.ContextHandler (ContextHandler.java:doStop(910)) - Stopped o.e.j.s.ServletContextHandler@14d8e132{/static,jar:file:/home/user/.m2/repository/org/apache/hadoop/hadoop-hdds-container-service/0.5.0-SNAPSHOT/hadoop-hdds-container-service-0.5.0-SNAPSHOT.jar!/webapps/static,UNAVAILABLE}
2019-09-03 19:44:54,649 [ForkJoinPool.commonPool-worker-1] INFO  handler.ContextHandler (ContextHandler.java:doStop(910)) - Stopped o.e.j.s.ServletContextHandler@8b13d91{/static,jar:file:/home/user/.m2/repository/org/apache/hadoop/hadoop-hdds-container-service/0.5.0-SNAPSHOT/hadoop-hdds-container-service-0.5.0-SNAPSHOT.jar!/webapps/static,UNAVAILABLE}
2019-09-03 19:44:54,650 [main] INFO  handler.ContextHandler (ContextHandler.java:doStop(910)) - Stopped o.e.j.s.ServletContextHandler@4f5f474c{/logs,file:///workdir/hadoop-ozone/integration-test/target/log,UNAVAILABLE}
2019-09-03 19:44:54,650 [ForkJoinPool.commonPool-worker-1] INFO  handler.ContextHandler (ContextHandler.java:doStop(910)) - Stopped o.e.j.s.ServletContextHandler@34c7232c{/logs,file:///workdir/hadoop-ozone/integration-test/target/log,UNAVAILABLE}
2019-09-03 19:44:54,652 [main] INFO  ozone.MiniOzoneClusterImpl (MiniOzoneClusterImpl.java:stop(339)) - Stopping the StorageContainerManager
2019-09-03 19:44:54,653 [main] INFO  server.StorageContainerManager (StorageContainerManager.java:stop(797)) - Stopping Replication Manager Service.
2019-09-03 19:44:54,653 [main] INFO  container.ReplicationManager (ReplicationManager.java:stop(203)) - Stopping Replication Monitor Thread.
2019-09-03 19:44:54,653 [main] INFO  server.StorageContainerManager (StorageContainerManager.java:stop(804)) - Stopping Lease Manager of the command watchers
2019-09-03 19:44:54,653 [main] INFO  server.StorageContainerManager (StorageContainerManager.java:stop(811)) - Stopping datanode service RPC server
2019-09-03 19:44:54,654 [main] INFO  server.SCMDatanodeProtocolServer (SCMDatanodeProtocolServer.java:stop(367)) - Stopping the RPC server for DataNodes
2019-09-03 19:44:54,654 [main] INFO  ipc.Server (Server.java:stop(3082)) - Stopping server on 36916
2019-09-03 19:44:54,656 [IPC Server listener on 36916] INFO  ipc.Server (Server.java:run(1185)) - Stopping IPC Server listener on 36916
2019-09-03 19:44:54,657 [IPC Server Responder] INFO  ipc.Server (Server.java:run(1319)) - Stopping IPC Server Responder
2019-09-03 19:44:54,670 [SCM Heartbeat Processing Thread - 0] WARN  node.NodeStateManager (NodeStateManager.java:scheduleNextHealthCheck(646)) - Current Thread is interrupted, shutting down HB processing thread for Node Manager.
2019-09-03 19:44:54,671 [main] INFO  server.StorageContainerManager (StorageContainerManager.java:stop(819)) - Stopping block service RPC server
2019-09-03 19:44:54,671 [main] INFO  server.SCMBlockProtocolServer (SCMBlockProtocolServer.java:stop(155)) - Stopping the RPC server for Block Protocol
2019-09-03 19:44:54,671 [main] INFO  ipc.Server (Server.java:stop(3082)) - Stopping server on 43341
2019-09-03 19:44:54,673 [IPC Server listener on 43341] INFO  ipc.Server (Server.java:run(1185)) - Stopping IPC Server listener on 43341
2019-09-03 19:44:54,673 [main] INFO  server.StorageContainerManager (StorageContainerManager.java:stop(826)) - Stopping the StorageContainerLocationProtocol RPC server
2019-09-03 19:44:54,674 [IPC Server Responder] INFO  ipc.Server (Server.java:run(1319)) - Stopping IPC Server Responder
2019-09-03 19:44:54,674 [main] INFO  server.SCMClientProtocolServer (SCMClientProtocolServer.java:stop(159)) - Stopping the RPC server for Client Protocol
2019-09-03 19:44:54,675 [main] INFO  ipc.Server (Server.java:stop(3082)) - Stopping server on 36298
2019-09-03 19:44:54,677 [IPC Server listener on 36298] INFO  ipc.Server (Server.java:run(1185)) - Stopping IPC Server listener on 36298
2019-09-03 19:44:54,677 [main] INFO  server.StorageContainerManager (StorageContainerManager.java:stop(833)) - Stopping Storage Container Manager HTTP server.
2019-09-03 19:44:54,677 [IPC Server Responder] INFO  ipc.Server (Server.java:run(1319)) - Stopping IPC Server Responder
2019-09-03 19:44:54,680 [main] INFO  handler.ContextHandler (ContextHandler.java:doStop(910)) - Stopped o.e.j.w.WebAppContext@73a6cc79{/,null,UNAVAILABLE}{/scm}
2019-09-03 19:44:54,681 [main] INFO  server.AbstractConnector (AbstractConnector.java:doStop(318)) - Stopped ServerConnector@5a4d4f9c{HTTP/1.1,[http/1.1]}{0.0.0.0:0}
2019-09-03 19:44:54,681 [main] INFO  handler.ContextHandler (ContextHandler.java:doStop(910)) - Stopped o.e.j.s.ServletContextHandler@6af310c7{/static,file:///workdir/hadoop-ozone/integration-test/target/test-classes/webapps/static,UNAVAILABLE}
2019-09-03 19:44:54,682 [main] INFO  handler.ContextHandler (ContextHandler.java:doStop(910)) - Stopped o.e.j.s.ServletContextHandler@320be73{/logs,file:///workdir/hadoop-ozone/integration-test/target/log,UNAVAILABLE}
2019-09-03 19:44:54,683 [main] INFO  server.StorageContainerManager (StorageContainerManager.java:stop(844)) - Stopping Block Manager Service.
2019-09-03 19:44:54,683 [main] INFO  utils.BackgroundService (BackgroundService.java:shutdown(148)) - Shutting down service SCMBlockDeletingService
2019-09-03 19:44:54,684 [main] INFO  utils.BackgroundService (BackgroundService.java:shutdown(148)) - Shutting down service SCMBlockDeletingService
2019-09-03 19:44:54,684 [main] INFO  server.StorageContainerManager (StorageContainerManager.java:stop(866)) - Stopping SCM Event Queue.
2019-09-03 19:44:54,689 [main] INFO  impl.MetricsSystemImpl (MetricsSystemImpl.java:stop(210)) - Stopping HddsDatanode metrics system...
2019-09-03 19:44:54,698 [main] INFO  impl.MetricsSystemImpl (MetricsSystemImpl.java:stop(216)) - HddsDatanode metrics system stopped.
]]></system-out>
  </testcase>
  <testcase name="testFailureWithPrimeSizedData" classname="org.apache.hadoop.ozone.client.rpc.TestBlockOutputStreamWithFailures" time="39.767"/>
  <testcase name="testWatchForCommitWithCloseContainerException" classname="org.apache.hadoop.ozone.client.rpc.TestBlockOutputStreamWithFailures" time="33.931"/>
  <testcase name="testExceptionDuringClose" classname="org.apache.hadoop.ozone.client.rpc.TestBlockOutputStreamWithFailures" time="43.868"/>
</testsuite>