<?xml version="1.0" encoding="UTF-8"?>
<testsuite xmlns:xsi="http://www.w3.org/2001/XMLSchema-instance" xsi:noNamespaceSchemaLocation="https://maven.apache.org/surefire/maven-surefire-plugin/xsd/surefire-test-report.xsd" name="org.apache.hadoop.ozone.client.rpc.TestBlockOutputStreamWithFailures" time="683.081" tests="8" errors="0" skipped="0" failures="3">
  <properties>
    <property name="awt.toolkit" value="sun.awt.X11.XToolkit"/>
    <property name="file.encoding.pkg" value="sun.io"/>
    <property name="java.specification.version" value="1.8"/>
    <property name="sun.cpu.isalist" value=""/>
    <property name="sun.jnu.encoding" value="UTF-8"/>
    <property name="java.class.path" value="/workdir/hadoop-ozone/integration-test/target/test-classes:/workdir/hadoop-ozone/integration-test/target/classes:/home/user/.m2/repository/org/apache/hadoop/hadoop-ozone-common/0.5.0-SNAPSHOT/hadoop-ozone-common-0.5.0-SNAPSHOT.jar:/home/user/.m2/repository/org/apache/commons/commons-compress/1.4.1/commons-compress-1.4.1.jar:/home/user/.m2/repository/org/tukaani/xz/1.0/xz-1.0.jar:/home/user/.m2/repository/org/apache/hadoop/hadoop-common/3.2.0/hadoop-common-3.2.0.jar:/home/user/.m2/repository/org/apache/hadoop/hadoop-hdfs/3.2.0/hadoop-hdfs-3.2.0.jar:/home/user/.m2/repository/org/apache/hadoop/hadoop-hdfs-client/3.2.0/hadoop-hdfs-client-3.2.0.jar:/home/user/.m2/repository/com/fasterxml/jackson/core/jackson-annotations/2.9.5/jackson-annotations-2.9.5.jar:/home/user/.m2/repository/org/apache/hadoop/hadoop-hdds-common/0.5.0-SNAPSHOT/hadoop-hdds-common-0.5.0-SNAPSHOT.jar:/home/user/.m2/repository/javax/annotation/javax.annotation-api/1.2/javax.annotation-api-1.2.jar:/home/user/.m2/repository/org/apache/ratis/ratis-server/0.4.0-2337318-SNAPSHOT/ratis-server-0.4.0-2337318-SNAPSHOT.jar:/home/user/.m2/repository/org/apache/ratis/ratis-thirdparty-misc/0.2.0/ratis-thirdparty-misc-0.2.0.jar:/home/user/.m2/repository/org/apache/ratis/ratis-proto/0.4.0-2337318-SNAPSHOT/ratis-proto-0.4.0-2337318-SNAPSHOT.jar:/home/user/.m2/repository/org/apache/ratis/ratis-common/0.4.0-2337318-SNAPSHOT/ratis-common-0.4.0-2337318-SNAPSHOT.jar:/home/user/.m2/repository/org/apache/ratis/ratis-client/0.4.0-2337318-SNAPSHOT/ratis-client-0.4.0-2337318-SNAPSHOT.jar:/home/user/.m2/repository/org/apache/ratis/ratis-metrics/0.4.0-2337318-SNAPSHOT/ratis-metrics-0.4.0-2337318-SNAPSHOT.jar:/home/user/.m2/repository/org/apache/ratis/ratis-netty/0.4.0-2337318-SNAPSHOT/ratis-netty-0.4.0-2337318-SNAPSHOT.jar:/home/user/.m2/repository/org/apache/ratis/ratis-grpc/0.4.0-2337318-SNAPSHOT/ratis-grpc-0.4.0-2337318-SNAPSHOT.jar:/home/user/.m2/repository/org/rocksdb/rocksdbjni/6.0.1/rocksdbjni-6.0.1.jar:/home/user/.m2/repository/org/apache/logging/log4j/log4j-api/2.11.0/log4j-api-2.11.0.jar:/home/user/.m2/repository/org/apache/logging/log4j/log4j-core/2.11.0/log4j-core-2.11.0.jar:/home/user/.m2/repository/com/lmax/disruptor/3.4.2/disruptor-3.4.2.jar:/home/user/.m2/repository/org/apache/commons/commons-pool2/2.6.0/commons-pool2-2.6.0.jar:/home/user/.m2/repository/org/bouncycastle/bcpkix-jdk15on/1.60/bcpkix-jdk15on-1.60.jar:/home/user/.m2/repository/commons-validator/commons-validator/1.6/commons-validator-1.6.jar:/home/user/.m2/repository/commons-digester/commons-digester/1.8.1/commons-digester-1.8.1.jar:/home/user/.m2/repository/io/jaegertracing/jaeger-client/0.33.1/jaeger-client-0.33.1.jar:/home/user/.m2/repository/io/jaegertracing/jaeger-thrift/0.33.1/jaeger-thrift-0.33.1.jar:/home/user/.m2/repository/org/apache/thrift/libthrift/0.11.0/libthrift-0.11.0.jar:/home/user/.m2/repository/com/squareup/okhttp3/okhttp/3.9.0/okhttp-3.9.0.jar:/home/user/.m2/repository/com/squareup/okio/okio/1.13.0/okio-1.13.0.jar:/home/user/.m2/repository/io/jaegertracing/jaeger-core/0.33.1/jaeger-core-0.33.1.jar:/home/user/.m2/repository/io/jaegertracing/jaeger-tracerresolver/0.33.1/jaeger-tracerresolver-0.33.1.jar:/home/user/.m2/repository/io/opentracing/contrib/opentracing-tracerresolver/0.1.5/opentracing-tracerresolver-0.1.5.jar:/home/user/.m2/repository/io/opentracing/opentracing-util/0.31.0/opentracing-util-0.31.0.jar:/home/user/.m2/repository/io/opentracing/opentracing-api/0.31.0/opentracing-api-0.31.0.jar:/home/user/.m2/repository/io/opentracing/opentracing-noop/0.31.0/opentracing-noop-0.31.0.jar:/home/user/.m2/repository/org/apache/hadoop/hadoop-hdds-server-framework/0.5.0-SNAPSHOT/hadoop-hdds-server-framework-0.5.0-SNAPSHOT.jar:/home/user/.m2/repository/org/apache/hadoop/hadoop-hdds-container-service/0.5.0-SNAPSHOT/hadoop-hdds-container-service-0.5.0-SNAPSHOT.jar:/home/user/.m2/repository/org/apache/hadoop/hadoop-hdds-client/0.5.0-SNAPSHOT/hadoop-hdds-client-0.5.0-SNAPSHOT.jar:/home/user/.m2/repository/org/apache/hadoop/hadoop-hdds-tools/0.5.0-SNAPSHOT/hadoop-hdds-tools-0.5.0-SNAPSHOT.jar:/home/user/.m2/repository/org/apache/hadoop/hadoop-hdds-server-scm/0.5.0-SNAPSHOT/hadoop-hdds-server-scm-0.5.0-SNAPSHOT.jar:/home/user/.m2/repository/org/apache/hadoop/hadoop-hdds-docs/0.5.0-SNAPSHOT/hadoop-hdds-docs-0.5.0-SNAPSHOT.jar:/home/user/.m2/repository/io/dropwizard/metrics/metrics-core/3.2.4/metrics-core-3.2.4.jar:/home/user/.m2/repository/org/hamcrest/hamcrest-all/1.3/hamcrest-all-1.3.jar:/home/user/.m2/repository/org/bouncycastle/bcprov-jdk15on/1.60/bcprov-jdk15on-1.60.jar:/home/user/.m2/repository/info/picocli/picocli/3.9.6/picocli-3.9.6.jar:/home/user/.m2/repository/com/google/protobuf/protobuf-java/2.5.0/protobuf-java-2.5.0.jar:/home/user/.m2/repository/com/google/guava/guava/11.0.2/guava-11.0.2.jar:/home/user/.m2/repository/org/apache/hadoop/hadoop-ozone-ozone-manager/0.5.0-SNAPSHOT/hadoop-ozone-ozone-manager-0.5.0-SNAPSHOT.jar:/home/user/.m2/repository/org/apache/hadoop/hadoop-minikdc/3.2.0/hadoop-minikdc-3.2.0.jar:/home/user/.m2/repository/commons-io/commons-io/2.5/commons-io-2.5.jar:/home/user/.m2/repository/org/apache/kerby/kerb-simplekdc/1.0.1/kerb-simplekdc-1.0.1.jar:/home/user/.m2/repository/org/apache/kerby/kerb-client/1.0.1/kerb-client-1.0.1.jar:/home/user/.m2/repository/org/apache/kerby/kerby-config/1.0.1/kerby-config-1.0.1.jar:/home/user/.m2/repository/org/apache/kerby/kerb-core/1.0.1/kerb-core-1.0.1.jar:/home/user/.m2/repository/org/apache/kerby/kerby-pkix/1.0.1/kerby-pkix-1.0.1.jar:/home/user/.m2/repository/org/apache/kerby/kerby-asn1/1.0.1/kerby-asn1-1.0.1.jar:/home/user/.m2/repository/org/apache/kerby/kerby-util/1.0.1/kerby-util-1.0.1.jar:/home/user/.m2/repository/org/apache/kerby/kerb-common/1.0.1/kerb-common-1.0.1.jar:/home/user/.m2/repository/org/apache/kerby/kerb-crypto/1.0.1/kerb-crypto-1.0.1.jar:/home/user/.m2/repository/org/apache/kerby/kerb-util/1.0.1/kerb-util-1.0.1.jar:/home/user/.m2/repository/org/apache/kerby/token-provider/1.0.1/token-provider-1.0.1.jar:/home/user/.m2/repository/org/apache/kerby/kerb-admin/1.0.1/kerb-admin-1.0.1.jar:/home/user/.m2/repository/org/apache/kerby/kerb-server/1.0.1/kerb-server-1.0.1.jar:/home/user/.m2/repository/org/apache/kerby/kerb-identity/1.0.1/kerb-identity-1.0.1.jar:/home/user/.m2/repository/org/apache/kerby/kerby-xdr/1.0.1/kerby-xdr-1.0.1.jar:/home/user/.m2/repository/org/slf4j/slf4j-log4j12/1.7.25/slf4j-log4j12-1.7.25.jar:/home/user/.m2/repository/org/apache/hadoop/hadoop-ozone-objectstore-service/0.5.0-SNAPSHOT/hadoop-ozone-objectstore-service-0.5.0-SNAPSHOT.jar:/home/user/.m2/repository/org/apache/hadoop/hadoop-ozone-s3gateway/0.5.0-SNAPSHOT/hadoop-ozone-s3gateway-0.5.0-SNAPSHOT.jar:/home/user/.m2/repository/org/jboss/weld/servlet/weld-servlet/2.4.7.Final/weld-servlet-2.4.7.Final.jar:/home/user/.m2/repository/org/glassfish/jersey/containers/jersey-container-servlet-core/2.27/jersey-container-servlet-core-2.27.jar:/home/user/.m2/repository/org/glassfish/hk2/external/javax.inject/2.5.0-b42/javax.inject-2.5.0-b42.jar:/home/user/.m2/repository/org/glassfish/jersey/core/jersey-common/2.27/jersey-common-2.27.jar:/home/user/.m2/repository/org/glassfish/hk2/osgi-resource-locator/1.0.1/osgi-resource-locator-1.0.1.jar:/home/user/.m2/repository/javax/ws/rs/javax.ws.rs-api/2.1/javax.ws.rs-api-2.1.jar:/home/user/.m2/repository/org/glassfish/jersey/ext/cdi/jersey-cdi1x/2.27/jersey-cdi1x-2.27.jar:/home/user/.m2/repository/org/glassfish/jersey/inject/jersey-hk2/2.27/jersey-hk2-2.27.jar:/home/user/.m2/repository/org/glassfish/hk2/hk2-locator/2.5.0-b42/hk2-locator-2.5.0-b42.jar:/home/user/.m2/repository/org/javassist/javassist/3.22.0-CR2/javassist-3.22.0-CR2.jar:/home/user/.m2/repository/org/glassfish/hk2/hk2-api/2.5.0/hk2-api-2.5.0.jar:/home/user/.m2/repository/org/glassfish/hk2/external/jakarta.inject/2.5.0/jakarta.inject-2.5.0.jar:/home/user/.m2/repository/org/glassfish/hk2/hk2-utils/2.5.0/hk2-utils-2.5.0.jar:/home/user/.m2/repository/jakarta/annotation/jakarta.annotation-api/1.3.4/jakarta.annotation-api-1.3.4.jar:/home/user/.m2/repository/org/glassfish/hk2/external/aopalliance-repackaged/2.5.0/aopalliance-repackaged-2.5.0.jar:/home/user/.m2/repository/com/fasterxml/jackson/dataformat/jackson-dataformat-xml/2.9.0/jackson-dataformat-xml-2.9.0.jar:/home/user/.m2/repository/com/fasterxml/jackson/core/jackson-core/2.9.5/jackson-core-2.9.5.jar:/home/user/.m2/repository/com/fasterxml/jackson/module/jackson-module-jaxb-annotations/2.9.5/jackson-module-jaxb-annotations-2.9.5.jar:/home/user/.m2/repository/javax/enterprise/cdi-api/1.2/cdi-api-1.2.jar:/home/user/.m2/repository/javax/el/javax.el-api/3.0.0/javax.el-api-3.0.0.jar:/home/user/.m2/repository/javax/interceptor/javax.interceptor-api/1.2/javax.interceptor-api-1.2.jar:/home/user/.m2/repository/javax/inject/javax.inject/1/javax.inject-1.jar:/home/user/.m2/repository/com/sun/xml/bind/jaxb-impl/2.3.0.1/jaxb-impl-2.3.0.1.jar:/home/user/.m2/repository/com/sun/xml/bind/jaxb-core/2.3.0.1/jaxb-core-2.3.0.1.jar:/home/user/.m2/repository/javax/xml/bind/jaxb-api/2.3.0/jaxb-api-2.3.0.jar:/home/user/.m2/repository/javax/activation/activation/1.1.1/activation-1.1.1.jar:/home/user/.m2/repository/org/apache/hadoop/hadoop-ozone-csi/0.5.0-SNAPSHOT/hadoop-ozone-csi-0.5.0-SNAPSHOT.jar:/home/user/.m2/repository/com/google/protobuf/protobuf-java-util/3.5.1/protobuf-java-util-3.5.1.jar:/home/user/.m2/repository/org/apache/hadoop/hadoop-hdds-config/0.5.0-SNAPSHOT/hadoop-hdds-config-0.5.0-SNAPSHOT.jar:/home/user/.m2/repository/io/grpc/grpc-netty/1.17.1/grpc-netty-1.17.1.jar:/home/user/.m2/repository/io/grpc/grpc-core/1.17.1/grpc-core-1.17.1.jar:/home/user/.m2/repository/io/grpc/grpc-context/1.17.1/grpc-context-1.17.1.jar:/home/user/.m2/repository/com/google/errorprone/error_prone_annotations/2.2.0/error_prone_annotations-2.2.0.jar:/home/user/.m2/repository/org/codehaus/mojo/animal-sniffer-annotations/1.17/animal-sniffer-annotations-1.17.jar:/home/user/.m2/repository/io/opencensus/opencensus-api/0.17.0/opencensus-api-0.17.0.jar:/home/user/.m2/repository/io/opencensus/opencensus-contrib-grpc-metrics/0.17.0/opencensus-contrib-grpc-metrics-0.17.0.jar:/home/user/.m2/repository/io/netty/netty-codec-http2/4.1.30.Final/netty-codec-http2-4.1.30.Final.jar:/home/user/.m2/repository/io/netty/netty-codec-http/4.1.30.Final/netty-codec-http-4.1.30.Final.jar:/home/user/.m2/repository/io/netty/netty-codec/4.1.30.Final/netty-codec-4.1.30.Final.jar:/home/user/.m2/repository/io/netty/netty-handler/4.1.30.Final/netty-handler-4.1.30.Final.jar:/home/user/.m2/repository/io/netty/netty-handler-proxy/4.1.30.Final/netty-handler-proxy-4.1.30.Final.jar:/home/user/.m2/repository/io/netty/netty-codec-socks/4.1.30.Final/netty-codec-socks-4.1.30.Final.jar:/home/user/.m2/repository/io/netty/netty-transport-native-epoll/4.1.30.Final/netty-transport-native-epoll-4.1.30.Final.jar:/home/user/.m2/repository/io/netty/netty-common/4.1.30.Final/netty-common-4.1.30.Final.jar:/home/user/.m2/repository/io/netty/netty-buffer/4.1.30.Final/netty-buffer-4.1.30.Final.jar:/home/user/.m2/repository/io/netty/netty-transport/4.1.30.Final/netty-transport-4.1.30.Final.jar:/home/user/.m2/repository/io/netty/netty-resolver/4.1.30.Final/netty-resolver-4.1.30.Final.jar:/home/user/.m2/repository/io/netty/netty-transport-native-unix-common/4.1.30.Final/netty-transport-native-unix-common-4.1.30.Final.jar:/home/user/.m2/repository/io/grpc/grpc-protobuf/1.17.1/grpc-protobuf-1.17.1.jar:/home/user/.m2/repository/com/google/api/grpc/proto-google-common-protos/1.0.0/proto-google-common-protos-1.0.0.jar:/home/user/.m2/repository/io/grpc/grpc-protobuf-lite/1.17.1/grpc-protobuf-lite-1.17.1.jar:/home/user/.m2/repository/io/grpc/grpc-stub/1.17.1/grpc-stub-1.17.1.jar:/home/user/.m2/repository/org/apache/hadoop/hadoop-ozone-recon/0.5.0-SNAPSHOT/hadoop-ozone-recon-0.5.0-SNAPSHOT.jar:/home/user/.m2/repository/org/apache/hadoop/hadoop-ozone-reconcodegen/0.5.0-SNAPSHOT/hadoop-ozone-reconcodegen-0.5.0-SNAPSHOT.jar:/home/user/.m2/repository/com/google/inject/extensions/guice-multibindings/4.0/guice-multibindings-4.0.jar:/home/user/.m2/repository/com/google/inject/guice/4.0/guice-4.0.jar:/home/user/.m2/repository/aopalliance/aopalliance/1.0/aopalliance-1.0.jar:/home/user/.m2/repository/com/google/inject/extensions/guice-servlet/4.0/guice-servlet-4.0.jar:/home/user/.m2/repository/org/glassfish/jersey/containers/jersey-container-servlet/2.27/jersey-container-servlet-2.27.jar:/home/user/.m2/repository/org/glassfish/hk2/guice-bridge/2.5.0/guice-bridge-2.5.0.jar:/home/user/.m2/repository/org/glassfish/jersey/core/jersey-server/2.27/jersey-server-2.27.jar:/home/user/.m2/repository/org/glassfish/jersey/core/jersey-client/2.27/jersey-client-2.27.jar:/home/user/.m2/repository/org/glassfish/jersey/media/jersey-media-jaxb/2.27/jersey-media-jaxb-2.27.jar:/home/user/.m2/repository/javax/validation/validation-api/1.1.0.Final/validation-api-1.1.0.Final.jar:/home/user/.m2/repository/org/glassfish/jersey/media/jersey-media-json-jackson/2.27/jersey-media-json-jackson-2.27.jar:/home/user/.m2/repository/org/glassfish/jersey/ext/jersey-entity-filtering/2.27/jersey-entity-filtering-2.27.jar:/home/user/.m2/repository/com/google/inject/extensions/guice-assistedinject/4.0/guice-assistedinject-4.0.jar:/home/user/.m2/repository/org/jooq/jooq/3.11.10/jooq-3.11.10.jar:/home/user/.m2/repository/org/jooq/jooq-meta/3.11.10/jooq-meta-3.11.10.jar:/home/user/.m2/repository/org/jooq/jooq-codegen/3.11.10/jooq-codegen-3.11.10.jar:/home/user/.m2/repository/com/jolbox/bonecp/0.8.0.RELEASE/bonecp-0.8.0.RELEASE.jar:/home/user/.m2/repository/org/xerial/sqlite-jdbc/3.25.2/sqlite-jdbc-3.25.2.jar:/home/user/.m2/repository/org/springframework/spring-jdbc/5.1.3.RELEASE/spring-jdbc-5.1.3.RELEASE.jar:/home/user/.m2/repository/org/springframework/spring-beans/5.1.3.RELEASE/spring-beans-5.1.3.RELEASE.jar:/home/user/.m2/repository/org/springframework/spring-core/5.1.3.RELEASE/spring-core-5.1.3.RELEASE.jar:/home/user/.m2/repository/org/springframework/spring-jcl/5.1.3.RELEASE/spring-jcl-5.1.3.RELEASE.jar:/home/user/.m2/repository/org/springframework/spring-tx/5.1.3.RELEASE/spring-tx-5.1.3.RELEASE.jar:/home/user/.m2/repository/org/apache/hadoop/hadoop-ozone-client/0.5.0-SNAPSHOT/hadoop-ozone-client-0.5.0-SNAPSHOT.jar:/home/user/.m2/repository/commons-lang/commons-lang/2.6/commons-lang-2.6.jar:/home/user/.m2/repository/org/apache/hadoop/hadoop-ozone-ozone-manager/0.5.0-SNAPSHOT/hadoop-ozone-ozone-manager-0.5.0-SNAPSHOT-tests.jar:/home/user/.m2/repository/junit/junit/4.11/junit-4.11.jar:/home/user/.m2/repository/org/hamcrest/hamcrest-core/1.3/hamcrest-core-1.3.jar:/home/user/.m2/repository/org/openjdk/jmh/jmh-core/1.19/jmh-core-1.19.jar:/home/user/.m2/repository/net/sf/jopt-simple/jopt-simple/4.6/jopt-simple-4.6.jar:/home/user/.m2/repository/org/apache/commons/commons-math3/3.1.1/commons-math3-3.1.1.jar:/home/user/.m2/repository/org/openjdk/jmh/jmh-generator-annprocess/1.19/jmh-generator-annprocess-1.19.jar:/home/user/.m2/repository/org/mockito/mockito-all/1.8.5/mockito-all-1.8.5.jar:/home/user/.m2/repository/org/apache/hadoop/hadoop-kms/3.2.0/hadoop-kms-3.2.0.jar:/home/user/.m2/repository/org/apache/hadoop/hadoop-auth/3.2.0/hadoop-auth-3.2.0.jar:/home/user/.m2/repository/com/nimbusds/nimbus-jose-jwt/4.41.1/nimbus-jose-jwt-4.41.1.jar:/home/user/.m2/repository/com/github/stephenc/jcip/jcip-annotations/1.0-1/jcip-annotations-1.0-1.jar:/home/user/.m2/repository/net/minidev/json-smart/2.3/json-smart-2.3.jar:/home/user/.m2/repository/net/minidev/accessors-smart/1.2/accessors-smart-1.2.jar:/home/user/.m2/repository/org/ow2/asm/asm/5.0.4/asm-5.0.4.jar:/home/user/.m2/repository/org/apache/curator/curator-framework/2.12.0/curator-framework-2.12.0.jar:/home/user/.m2/repository/com/sun/jersey/jersey-core/1.19/jersey-core-1.19.jar:/home/user/.m2/repository/javax/ws/rs/jsr311-api/1.1.1/jsr311-api-1.1.1.jar:/home/user/.m2/repository/com/sun/jersey/jersey-server/1.19/jersey-server-1.19.jar:/home/user/.m2/repository/javax/servlet/javax.servlet-api/3.1.0/javax.servlet-api-3.1.0.jar:/home/user/.m2/repository/org/eclipse/jetty/jetty-server/9.3.24.v20180605/jetty-server-9.3.24.v20180605.jar:/home/user/.m2/repository/org/eclipse/jetty/jetty-http/9.3.24.v20180605/jetty-http-9.3.24.v20180605.jar:/home/user/.m2/repository/org/eclipse/jetty/jetty-io/9.3.24.v20180605/jetty-io-9.3.24.v20180605.jar:/home/user/.m2/repository/org/eclipse/jetty/jetty-webapp/9.3.24.v20180605/jetty-webapp-9.3.24.v20180605.jar:/home/user/.m2/repository/org/eclipse/jetty/jetty-xml/9.3.24.v20180605/jetty-xml-9.3.24.v20180605.jar:/home/user/.m2/repository/log4j/log4j/1.2.17/log4j-1.2.17.jar:/home/user/.m2/repository/org/slf4j/slf4j-api/1.7.25/slf4j-api-1.7.25.jar:/home/user/.m2/repository/org/slf4j/jul-to-slf4j/1.7.25/jul-to-slf4j-1.7.25.jar:/home/user/.m2/repository/org/eclipse/jetty/jetty-util/9.3.24.v20180605/jetty-util-9.3.24.v20180605.jar:/home/user/.m2/repository/com/fasterxml/jackson/core/jackson-databind/2.9.5/jackson-databind-2.9.5.jar:/home/user/.m2/repository/org/apache/hadoop/hadoop-kms/3.2.0/hadoop-kms-3.2.0-tests.jar:/home/user/.m2/repository/org/apache/hadoop/hadoop-hdds-server-scm/0.5.0-SNAPSHOT/hadoop-hdds-server-scm-0.5.0-SNAPSHOT-tests.jar:/home/user/.m2/repository/org/apache/hadoop/hadoop-hdds-container-service/0.5.0-SNAPSHOT/hadoop-hdds-container-service-0.5.0-SNAPSHOT-tests.jar:/home/user/.m2/repository/org/yaml/snakeyaml/1.16/snakeyaml-1.16.jar:/home/user/.m2/repository/org/apache/hadoop/hadoop-common/3.2.0/hadoop-common-3.2.0-tests.jar:/home/user/.m2/repository/org/apache/hadoop/hadoop-annotations/3.2.0/hadoop-annotations-3.2.0.jar:/usr/lib/jvm/java-1.8-openjdk/jre/../lib/tools.jar:/home/user/.m2/repository/commons-cli/commons-cli/1.2/commons-cli-1.2.jar:/home/user/.m2/repository/org/apache/httpcomponents/httpclient/4.5.2/httpclient-4.5.2.jar:/home/user/.m2/repository/org/apache/httpcomponents/httpcore/4.4.4/httpcore-4.4.4.jar:/home/user/.m2/repository/commons-codec/commons-codec/1.11/commons-codec-1.11.jar:/home/user/.m2/repository/commons-net/commons-net/3.6/commons-net-3.6.jar:/home/user/.m2/repository/commons-collections/commons-collections/3.2.2/commons-collections-3.2.2.jar:/home/user/.m2/repository/org/eclipse/jetty/jetty-servlet/9.3.24.v20180605/jetty-servlet-9.3.24.v20180605.jar:/home/user/.m2/repository/org/eclipse/jetty/jetty-security/9.3.24.v20180605/jetty-security-9.3.24.v20180605.jar:/home/user/.m2/repository/javax/servlet/jsp/jsp-api/2.1/jsp-api-2.1.jar:/home/user/.m2/repository/com/sun/jersey/jersey-servlet/1.19/jersey-servlet-1.19.jar:/home/user/.m2/repository/com/sun/jersey/jersey-json/1.19/jersey-json-1.19.jar:/home/user/.m2/repository/org/codehaus/jettison/jettison/1.1/jettison-1.1.jar:/home/user/.m2/repository/org/codehaus/jackson/jackson-core-asl/1.9.13/jackson-core-asl-1.9.13.jar:/home/user/.m2/repository/org/codehaus/jackson/jackson-mapper-asl/1.9.13/jackson-mapper-asl-1.9.13.jar:/home/user/.m2/repository/org/codehaus/jackson/jackson-jaxrs/1.9.13/jackson-jaxrs-1.9.13.jar:/home/user/.m2/repository/org/codehaus/jackson/jackson-xc/1.9.13/jackson-xc-1.9.13.jar:/home/user/.m2/repository/commons-logging/commons-logging/1.1.3/commons-logging-1.1.3.jar:/home/user/.m2/repository/commons-beanutils/commons-beanutils/1.9.3/commons-beanutils-1.9.3.jar:/home/user/.m2/repository/org/apache/commons/commons-configuration2/2.1.1/commons-configuration2-2.1.1.jar:/home/user/.m2/repository/org/apache/commons/commons-lang3/3.7/commons-lang3-3.7.jar:/home/user/.m2/repository/org/apache/commons/commons-text/1.4/commons-text-1.4.jar:/home/user/.m2/repository/org/apache/avro/avro/1.7.7/avro-1.7.7.jar:/home/user/.m2/repository/com/thoughtworks/paranamer/paranamer/2.3/paranamer-2.3.jar:/home/user/.m2/repository/org/xerial/snappy/snappy-java/1.0.5/snappy-java-1.0.5.jar:/home/user/.m2/repository/com/google/re2j/re2j/1.1/re2j-1.1.jar:/home/user/.m2/repository/com/google/code/gson/gson/2.2.4/gson-2.2.4.jar:/home/user/.m2/repository/com/jcraft/jsch/0.1.54/jsch-0.1.54.jar:/home/user/.m2/repository/org/apache/curator/curator-client/2.12.0/curator-client-2.12.0.jar:/home/user/.m2/repository/org/apache/curator/curator-recipes/2.12.0/curator-recipes-2.12.0.jar:/home/user/.m2/repository/com/google/code/findbugs/jsr305/3.0.0/jsr305-3.0.0.jar:/home/user/.m2/repository/org/apache/htrace/htrace-core4/4.1.0-incubating/htrace-core4-4.1.0-incubating.jar:/home/user/.m2/repository/org/apache/zookeeper/zookeeper/3.4.13/zookeeper-3.4.13.jar:/home/user/.m2/repository/org/apache/yetus/audience-annotations/0.5.0/audience-annotations-0.5.0.jar:/home/user/.m2/repository/org/codehaus/woodstox/stax2-api/3.1.4/stax2-api-3.1.4.jar:/home/user/.m2/repository/com/fasterxml/woodstox/woodstox-core/5.0.3/woodstox-core-5.0.3.jar:/home/user/.m2/repository/dnsjava/dnsjava/2.1.7/dnsjava-2.1.7.jar:/home/user/.m2/repository/org/apache/hadoop/hadoop-hdfs/3.2.0/hadoop-hdfs-3.2.0-tests.jar:/home/user/.m2/repository/org/eclipse/jetty/jetty-util-ajax/9.3.24.v20180605/jetty-util-ajax-9.3.24.v20180605.jar:/home/user/.m2/repository/commons-daemon/commons-daemon/1.0.13/commons-daemon-1.0.13.jar:/home/user/.m2/repository/io/netty/netty/3.10.5.Final/netty-3.10.5.Final.jar:/home/user/.m2/repository/io/netty/netty-all/4.0.52.Final/netty-all-4.0.52.Final.jar:/home/user/.m2/repository/org/fusesource/leveldbjni/leveldbjni-all/1.8/leveldbjni-all-1.8.jar:"/>
    <property name="java.vm.vendor" value="IcedTea"/>
    <property name="sun.arch.data.model" value="64"/>
    <property name="test.build.dir" value="/workdir/hadoop-ozone/integration-test/target/test-dir"/>
    <property name="test.cache.data" value=""/>
    <property name="java.vendor.url" value="https://icedtea.classpath.org"/>
    <property name="user.timezone" value=""/>
    <property name="java.vm.specification.version" value="1.8"/>
    <property name="os.name" value="Linux"/>
    <property name="test.build.data" value="/workdir/hadoop-ozone/integration-test/target/test-dir"/>
    <property name="user.country" value="US"/>
    <property name="sun.java.launcher" value="SUN_STANDARD"/>
    <property name="sun.boot.library.path" value="/usr/lib/jvm/java-1.8-openjdk/jre/lib/amd64"/>
    <property name="sun.java.command" value="/workdir/hadoop-ozone/integration-test/target/surefire/surefirebooter6622561926474779951.jar /workdir/hadoop-ozone/integration-test/target/surefire 2019-08-23T09-39-57_368-jvmRun1 surefire1246209895578269613tmp surefire_206906031699958905075tmp"/>
    <property name="test" value="!TestMiniChaosOzoneCluster"/>
    <property name="surefire.test.class.path" value="/workdir/hadoop-ozone/integration-test/target/test-classes:/workdir/hadoop-ozone/integration-test/target/classes:/home/user/.m2/repository/org/apache/hadoop/hadoop-ozone-common/0.5.0-SNAPSHOT/hadoop-ozone-common-0.5.0-SNAPSHOT.jar:/home/user/.m2/repository/org/apache/commons/commons-compress/1.4.1/commons-compress-1.4.1.jar:/home/user/.m2/repository/org/tukaani/xz/1.0/xz-1.0.jar:/home/user/.m2/repository/org/apache/hadoop/hadoop-common/3.2.0/hadoop-common-3.2.0.jar:/home/user/.m2/repository/org/apache/hadoop/hadoop-hdfs/3.2.0/hadoop-hdfs-3.2.0.jar:/home/user/.m2/repository/org/apache/hadoop/hadoop-hdfs-client/3.2.0/hadoop-hdfs-client-3.2.0.jar:/home/user/.m2/repository/com/fasterxml/jackson/core/jackson-annotations/2.9.5/jackson-annotations-2.9.5.jar:/home/user/.m2/repository/org/apache/hadoop/hadoop-hdds-common/0.5.0-SNAPSHOT/hadoop-hdds-common-0.5.0-SNAPSHOT.jar:/home/user/.m2/repository/javax/annotation/javax.annotation-api/1.2/javax.annotation-api-1.2.jar:/home/user/.m2/repository/org/apache/ratis/ratis-server/0.4.0-2337318-SNAPSHOT/ratis-server-0.4.0-2337318-SNAPSHOT.jar:/home/user/.m2/repository/org/apache/ratis/ratis-thirdparty-misc/0.2.0/ratis-thirdparty-misc-0.2.0.jar:/home/user/.m2/repository/org/apache/ratis/ratis-proto/0.4.0-2337318-SNAPSHOT/ratis-proto-0.4.0-2337318-SNAPSHOT.jar:/home/user/.m2/repository/org/apache/ratis/ratis-common/0.4.0-2337318-SNAPSHOT/ratis-common-0.4.0-2337318-SNAPSHOT.jar:/home/user/.m2/repository/org/apache/ratis/ratis-client/0.4.0-2337318-SNAPSHOT/ratis-client-0.4.0-2337318-SNAPSHOT.jar:/home/user/.m2/repository/org/apache/ratis/ratis-metrics/0.4.0-2337318-SNAPSHOT/ratis-metrics-0.4.0-2337318-SNAPSHOT.jar:/home/user/.m2/repository/org/apache/ratis/ratis-netty/0.4.0-2337318-SNAPSHOT/ratis-netty-0.4.0-2337318-SNAPSHOT.jar:/home/user/.m2/repository/org/apache/ratis/ratis-grpc/0.4.0-2337318-SNAPSHOT/ratis-grpc-0.4.0-2337318-SNAPSHOT.jar:/home/user/.m2/repository/org/rocksdb/rocksdbjni/6.0.1/rocksdbjni-6.0.1.jar:/home/user/.m2/repository/org/apache/logging/log4j/log4j-api/2.11.0/log4j-api-2.11.0.jar:/home/user/.m2/repository/org/apache/logging/log4j/log4j-core/2.11.0/log4j-core-2.11.0.jar:/home/user/.m2/repository/com/lmax/disruptor/3.4.2/disruptor-3.4.2.jar:/home/user/.m2/repository/org/apache/commons/commons-pool2/2.6.0/commons-pool2-2.6.0.jar:/home/user/.m2/repository/org/bouncycastle/bcpkix-jdk15on/1.60/bcpkix-jdk15on-1.60.jar:/home/user/.m2/repository/commons-validator/commons-validator/1.6/commons-validator-1.6.jar:/home/user/.m2/repository/commons-digester/commons-digester/1.8.1/commons-digester-1.8.1.jar:/home/user/.m2/repository/io/jaegertracing/jaeger-client/0.33.1/jaeger-client-0.33.1.jar:/home/user/.m2/repository/io/jaegertracing/jaeger-thrift/0.33.1/jaeger-thrift-0.33.1.jar:/home/user/.m2/repository/org/apache/thrift/libthrift/0.11.0/libthrift-0.11.0.jar:/home/user/.m2/repository/com/squareup/okhttp3/okhttp/3.9.0/okhttp-3.9.0.jar:/home/user/.m2/repository/com/squareup/okio/okio/1.13.0/okio-1.13.0.jar:/home/user/.m2/repository/io/jaegertracing/jaeger-core/0.33.1/jaeger-core-0.33.1.jar:/home/user/.m2/repository/io/jaegertracing/jaeger-tracerresolver/0.33.1/jaeger-tracerresolver-0.33.1.jar:/home/user/.m2/repository/io/opentracing/contrib/opentracing-tracerresolver/0.1.5/opentracing-tracerresolver-0.1.5.jar:/home/user/.m2/repository/io/opentracing/opentracing-util/0.31.0/opentracing-util-0.31.0.jar:/home/user/.m2/repository/io/opentracing/opentracing-api/0.31.0/opentracing-api-0.31.0.jar:/home/user/.m2/repository/io/opentracing/opentracing-noop/0.31.0/opentracing-noop-0.31.0.jar:/home/user/.m2/repository/org/apache/hadoop/hadoop-hdds-server-framework/0.5.0-SNAPSHOT/hadoop-hdds-server-framework-0.5.0-SNAPSHOT.jar:/home/user/.m2/repository/org/apache/hadoop/hadoop-hdds-container-service/0.5.0-SNAPSHOT/hadoop-hdds-container-service-0.5.0-SNAPSHOT.jar:/home/user/.m2/repository/org/apache/hadoop/hadoop-hdds-client/0.5.0-SNAPSHOT/hadoop-hdds-client-0.5.0-SNAPSHOT.jar:/home/user/.m2/repository/org/apache/hadoop/hadoop-hdds-tools/0.5.0-SNAPSHOT/hadoop-hdds-tools-0.5.0-SNAPSHOT.jar:/home/user/.m2/repository/org/apache/hadoop/hadoop-hdds-server-scm/0.5.0-SNAPSHOT/hadoop-hdds-server-scm-0.5.0-SNAPSHOT.jar:/home/user/.m2/repository/org/apache/hadoop/hadoop-hdds-docs/0.5.0-SNAPSHOT/hadoop-hdds-docs-0.5.0-SNAPSHOT.jar:/home/user/.m2/repository/io/dropwizard/metrics/metrics-core/3.2.4/metrics-core-3.2.4.jar:/home/user/.m2/repository/org/hamcrest/hamcrest-all/1.3/hamcrest-all-1.3.jar:/home/user/.m2/repository/org/bouncycastle/bcprov-jdk15on/1.60/bcprov-jdk15on-1.60.jar:/home/user/.m2/repository/info/picocli/picocli/3.9.6/picocli-3.9.6.jar:/home/user/.m2/repository/com/google/protobuf/protobuf-java/2.5.0/protobuf-java-2.5.0.jar:/home/user/.m2/repository/com/google/guava/guava/11.0.2/guava-11.0.2.jar:/home/user/.m2/repository/org/apache/hadoop/hadoop-ozone-ozone-manager/0.5.0-SNAPSHOT/hadoop-ozone-ozone-manager-0.5.0-SNAPSHOT.jar:/home/user/.m2/repository/org/apache/hadoop/hadoop-minikdc/3.2.0/hadoop-minikdc-3.2.0.jar:/home/user/.m2/repository/commons-io/commons-io/2.5/commons-io-2.5.jar:/home/user/.m2/repository/org/apache/kerby/kerb-simplekdc/1.0.1/kerb-simplekdc-1.0.1.jar:/home/user/.m2/repository/org/apache/kerby/kerb-client/1.0.1/kerb-client-1.0.1.jar:/home/user/.m2/repository/org/apache/kerby/kerby-config/1.0.1/kerby-config-1.0.1.jar:/home/user/.m2/repository/org/apache/kerby/kerb-core/1.0.1/kerb-core-1.0.1.jar:/home/user/.m2/repository/org/apache/kerby/kerby-pkix/1.0.1/kerby-pkix-1.0.1.jar:/home/user/.m2/repository/org/apache/kerby/kerby-asn1/1.0.1/kerby-asn1-1.0.1.jar:/home/user/.m2/repository/org/apache/kerby/kerby-util/1.0.1/kerby-util-1.0.1.jar:/home/user/.m2/repository/org/apache/kerby/kerb-common/1.0.1/kerb-common-1.0.1.jar:/home/user/.m2/repository/org/apache/kerby/kerb-crypto/1.0.1/kerb-crypto-1.0.1.jar:/home/user/.m2/repository/org/apache/kerby/kerb-util/1.0.1/kerb-util-1.0.1.jar:/home/user/.m2/repository/org/apache/kerby/token-provider/1.0.1/token-provider-1.0.1.jar:/home/user/.m2/repository/org/apache/kerby/kerb-admin/1.0.1/kerb-admin-1.0.1.jar:/home/user/.m2/repository/org/apache/kerby/kerb-server/1.0.1/kerb-server-1.0.1.jar:/home/user/.m2/repository/org/apache/kerby/kerb-identity/1.0.1/kerb-identity-1.0.1.jar:/home/user/.m2/repository/org/apache/kerby/kerby-xdr/1.0.1/kerby-xdr-1.0.1.jar:/home/user/.m2/repository/org/slf4j/slf4j-log4j12/1.7.25/slf4j-log4j12-1.7.25.jar:/home/user/.m2/repository/org/apache/hadoop/hadoop-ozone-objectstore-service/0.5.0-SNAPSHOT/hadoop-ozone-objectstore-service-0.5.0-SNAPSHOT.jar:/home/user/.m2/repository/org/apache/hadoop/hadoop-ozone-s3gateway/0.5.0-SNAPSHOT/hadoop-ozone-s3gateway-0.5.0-SNAPSHOT.jar:/home/user/.m2/repository/org/jboss/weld/servlet/weld-servlet/2.4.7.Final/weld-servlet-2.4.7.Final.jar:/home/user/.m2/repository/org/glassfish/jersey/containers/jersey-container-servlet-core/2.27/jersey-container-servlet-core-2.27.jar:/home/user/.m2/repository/org/glassfish/hk2/external/javax.inject/2.5.0-b42/javax.inject-2.5.0-b42.jar:/home/user/.m2/repository/org/glassfish/jersey/core/jersey-common/2.27/jersey-common-2.27.jar:/home/user/.m2/repository/org/glassfish/hk2/osgi-resource-locator/1.0.1/osgi-resource-locator-1.0.1.jar:/home/user/.m2/repository/javax/ws/rs/javax.ws.rs-api/2.1/javax.ws.rs-api-2.1.jar:/home/user/.m2/repository/org/glassfish/jersey/ext/cdi/jersey-cdi1x/2.27/jersey-cdi1x-2.27.jar:/home/user/.m2/repository/org/glassfish/jersey/inject/jersey-hk2/2.27/jersey-hk2-2.27.jar:/home/user/.m2/repository/org/glassfish/hk2/hk2-locator/2.5.0-b42/hk2-locator-2.5.0-b42.jar:/home/user/.m2/repository/org/javassist/javassist/3.22.0-CR2/javassist-3.22.0-CR2.jar:/home/user/.m2/repository/org/glassfish/hk2/hk2-api/2.5.0/hk2-api-2.5.0.jar:/home/user/.m2/repository/org/glassfish/hk2/external/jakarta.inject/2.5.0/jakarta.inject-2.5.0.jar:/home/user/.m2/repository/org/glassfish/hk2/hk2-utils/2.5.0/hk2-utils-2.5.0.jar:/home/user/.m2/repository/jakarta/annotation/jakarta.annotation-api/1.3.4/jakarta.annotation-api-1.3.4.jar:/home/user/.m2/repository/org/glassfish/hk2/external/aopalliance-repackaged/2.5.0/aopalliance-repackaged-2.5.0.jar:/home/user/.m2/repository/com/fasterxml/jackson/dataformat/jackson-dataformat-xml/2.9.0/jackson-dataformat-xml-2.9.0.jar:/home/user/.m2/repository/com/fasterxml/jackson/core/jackson-core/2.9.5/jackson-core-2.9.5.jar:/home/user/.m2/repository/com/fasterxml/jackson/module/jackson-module-jaxb-annotations/2.9.5/jackson-module-jaxb-annotations-2.9.5.jar:/home/user/.m2/repository/javax/enterprise/cdi-api/1.2/cdi-api-1.2.jar:/home/user/.m2/repository/javax/el/javax.el-api/3.0.0/javax.el-api-3.0.0.jar:/home/user/.m2/repository/javax/interceptor/javax.interceptor-api/1.2/javax.interceptor-api-1.2.jar:/home/user/.m2/repository/javax/inject/javax.inject/1/javax.inject-1.jar:/home/user/.m2/repository/com/sun/xml/bind/jaxb-impl/2.3.0.1/jaxb-impl-2.3.0.1.jar:/home/user/.m2/repository/com/sun/xml/bind/jaxb-core/2.3.0.1/jaxb-core-2.3.0.1.jar:/home/user/.m2/repository/javax/xml/bind/jaxb-api/2.3.0/jaxb-api-2.3.0.jar:/home/user/.m2/repository/javax/activation/activation/1.1.1/activation-1.1.1.jar:/home/user/.m2/repository/org/apache/hadoop/hadoop-ozone-csi/0.5.0-SNAPSHOT/hadoop-ozone-csi-0.5.0-SNAPSHOT.jar:/home/user/.m2/repository/com/google/protobuf/protobuf-java-util/3.5.1/protobuf-java-util-3.5.1.jar:/home/user/.m2/repository/org/apache/hadoop/hadoop-hdds-config/0.5.0-SNAPSHOT/hadoop-hdds-config-0.5.0-SNAPSHOT.jar:/home/user/.m2/repository/io/grpc/grpc-netty/1.17.1/grpc-netty-1.17.1.jar:/home/user/.m2/repository/io/grpc/grpc-core/1.17.1/grpc-core-1.17.1.jar:/home/user/.m2/repository/io/grpc/grpc-context/1.17.1/grpc-context-1.17.1.jar:/home/user/.m2/repository/com/google/errorprone/error_prone_annotations/2.2.0/error_prone_annotations-2.2.0.jar:/home/user/.m2/repository/org/codehaus/mojo/animal-sniffer-annotations/1.17/animal-sniffer-annotations-1.17.jar:/home/user/.m2/repository/io/opencensus/opencensus-api/0.17.0/opencensus-api-0.17.0.jar:/home/user/.m2/repository/io/opencensus/opencensus-contrib-grpc-metrics/0.17.0/opencensus-contrib-grpc-metrics-0.17.0.jar:/home/user/.m2/repository/io/netty/netty-codec-http2/4.1.30.Final/netty-codec-http2-4.1.30.Final.jar:/home/user/.m2/repository/io/netty/netty-codec-http/4.1.30.Final/netty-codec-http-4.1.30.Final.jar:/home/user/.m2/repository/io/netty/netty-codec/4.1.30.Final/netty-codec-4.1.30.Final.jar:/home/user/.m2/repository/io/netty/netty-handler/4.1.30.Final/netty-handler-4.1.30.Final.jar:/home/user/.m2/repository/io/netty/netty-handler-proxy/4.1.30.Final/netty-handler-proxy-4.1.30.Final.jar:/home/user/.m2/repository/io/netty/netty-codec-socks/4.1.30.Final/netty-codec-socks-4.1.30.Final.jar:/home/user/.m2/repository/io/netty/netty-transport-native-epoll/4.1.30.Final/netty-transport-native-epoll-4.1.30.Final.jar:/home/user/.m2/repository/io/netty/netty-common/4.1.30.Final/netty-common-4.1.30.Final.jar:/home/user/.m2/repository/io/netty/netty-buffer/4.1.30.Final/netty-buffer-4.1.30.Final.jar:/home/user/.m2/repository/io/netty/netty-transport/4.1.30.Final/netty-transport-4.1.30.Final.jar:/home/user/.m2/repository/io/netty/netty-resolver/4.1.30.Final/netty-resolver-4.1.30.Final.jar:/home/user/.m2/repository/io/netty/netty-transport-native-unix-common/4.1.30.Final/netty-transport-native-unix-common-4.1.30.Final.jar:/home/user/.m2/repository/io/grpc/grpc-protobuf/1.17.1/grpc-protobuf-1.17.1.jar:/home/user/.m2/repository/com/google/api/grpc/proto-google-common-protos/1.0.0/proto-google-common-protos-1.0.0.jar:/home/user/.m2/repository/io/grpc/grpc-protobuf-lite/1.17.1/grpc-protobuf-lite-1.17.1.jar:/home/user/.m2/repository/io/grpc/grpc-stub/1.17.1/grpc-stub-1.17.1.jar:/home/user/.m2/repository/org/apache/hadoop/hadoop-ozone-recon/0.5.0-SNAPSHOT/hadoop-ozone-recon-0.5.0-SNAPSHOT.jar:/home/user/.m2/repository/org/apache/hadoop/hadoop-ozone-reconcodegen/0.5.0-SNAPSHOT/hadoop-ozone-reconcodegen-0.5.0-SNAPSHOT.jar:/home/user/.m2/repository/com/google/inject/extensions/guice-multibindings/4.0/guice-multibindings-4.0.jar:/home/user/.m2/repository/com/google/inject/guice/4.0/guice-4.0.jar:/home/user/.m2/repository/aopalliance/aopalliance/1.0/aopalliance-1.0.jar:/home/user/.m2/repository/com/google/inject/extensions/guice-servlet/4.0/guice-servlet-4.0.jar:/home/user/.m2/repository/org/glassfish/jersey/containers/jersey-container-servlet/2.27/jersey-container-servlet-2.27.jar:/home/user/.m2/repository/org/glassfish/hk2/guice-bridge/2.5.0/guice-bridge-2.5.0.jar:/home/user/.m2/repository/org/glassfish/jersey/core/jersey-server/2.27/jersey-server-2.27.jar:/home/user/.m2/repository/org/glassfish/jersey/core/jersey-client/2.27/jersey-client-2.27.jar:/home/user/.m2/repository/org/glassfish/jersey/media/jersey-media-jaxb/2.27/jersey-media-jaxb-2.27.jar:/home/user/.m2/repository/javax/validation/validation-api/1.1.0.Final/validation-api-1.1.0.Final.jar:/home/user/.m2/repository/org/glassfish/jersey/media/jersey-media-json-jackson/2.27/jersey-media-json-jackson-2.27.jar:/home/user/.m2/repository/org/glassfish/jersey/ext/jersey-entity-filtering/2.27/jersey-entity-filtering-2.27.jar:/home/user/.m2/repository/com/google/inject/extensions/guice-assistedinject/4.0/guice-assistedinject-4.0.jar:/home/user/.m2/repository/org/jooq/jooq/3.11.10/jooq-3.11.10.jar:/home/user/.m2/repository/org/jooq/jooq-meta/3.11.10/jooq-meta-3.11.10.jar:/home/user/.m2/repository/org/jooq/jooq-codegen/3.11.10/jooq-codegen-3.11.10.jar:/home/user/.m2/repository/com/jolbox/bonecp/0.8.0.RELEASE/bonecp-0.8.0.RELEASE.jar:/home/user/.m2/repository/org/xerial/sqlite-jdbc/3.25.2/sqlite-jdbc-3.25.2.jar:/home/user/.m2/repository/org/springframework/spring-jdbc/5.1.3.RELEASE/spring-jdbc-5.1.3.RELEASE.jar:/home/user/.m2/repository/org/springframework/spring-beans/5.1.3.RELEASE/spring-beans-5.1.3.RELEASE.jar:/home/user/.m2/repository/org/springframework/spring-core/5.1.3.RELEASE/spring-core-5.1.3.RELEASE.jar:/home/user/.m2/repository/org/springframework/spring-jcl/5.1.3.RELEASE/spring-jcl-5.1.3.RELEASE.jar:/home/user/.m2/repository/org/springframework/spring-tx/5.1.3.RELEASE/spring-tx-5.1.3.RELEASE.jar:/home/user/.m2/repository/org/apache/hadoop/hadoop-ozone-client/0.5.0-SNAPSHOT/hadoop-ozone-client-0.5.0-SNAPSHOT.jar:/home/user/.m2/repository/commons-lang/commons-lang/2.6/commons-lang-2.6.jar:/home/user/.m2/repository/org/apache/hadoop/hadoop-ozone-ozone-manager/0.5.0-SNAPSHOT/hadoop-ozone-ozone-manager-0.5.0-SNAPSHOT-tests.jar:/home/user/.m2/repository/junit/junit/4.11/junit-4.11.jar:/home/user/.m2/repository/org/hamcrest/hamcrest-core/1.3/hamcrest-core-1.3.jar:/home/user/.m2/repository/org/openjdk/jmh/jmh-core/1.19/jmh-core-1.19.jar:/home/user/.m2/repository/net/sf/jopt-simple/jopt-simple/4.6/jopt-simple-4.6.jar:/home/user/.m2/repository/org/apache/commons/commons-math3/3.1.1/commons-math3-3.1.1.jar:/home/user/.m2/repository/org/openjdk/jmh/jmh-generator-annprocess/1.19/jmh-generator-annprocess-1.19.jar:/home/user/.m2/repository/org/mockito/mockito-all/1.8.5/mockito-all-1.8.5.jar:/home/user/.m2/repository/org/apache/hadoop/hadoop-kms/3.2.0/hadoop-kms-3.2.0.jar:/home/user/.m2/repository/org/apache/hadoop/hadoop-auth/3.2.0/hadoop-auth-3.2.0.jar:/home/user/.m2/repository/com/nimbusds/nimbus-jose-jwt/4.41.1/nimbus-jose-jwt-4.41.1.jar:/home/user/.m2/repository/com/github/stephenc/jcip/jcip-annotations/1.0-1/jcip-annotations-1.0-1.jar:/home/user/.m2/repository/net/minidev/json-smart/2.3/json-smart-2.3.jar:/home/user/.m2/repository/net/minidev/accessors-smart/1.2/accessors-smart-1.2.jar:/home/user/.m2/repository/org/ow2/asm/asm/5.0.4/asm-5.0.4.jar:/home/user/.m2/repository/org/apache/curator/curator-framework/2.12.0/curator-framework-2.12.0.jar:/home/user/.m2/repository/com/sun/jersey/jersey-core/1.19/jersey-core-1.19.jar:/home/user/.m2/repository/javax/ws/rs/jsr311-api/1.1.1/jsr311-api-1.1.1.jar:/home/user/.m2/repository/com/sun/jersey/jersey-server/1.19/jersey-server-1.19.jar:/home/user/.m2/repository/javax/servlet/javax.servlet-api/3.1.0/javax.servlet-api-3.1.0.jar:/home/user/.m2/repository/org/eclipse/jetty/jetty-server/9.3.24.v20180605/jetty-server-9.3.24.v20180605.jar:/home/user/.m2/repository/org/eclipse/jetty/jetty-http/9.3.24.v20180605/jetty-http-9.3.24.v20180605.jar:/home/user/.m2/repository/org/eclipse/jetty/jetty-io/9.3.24.v20180605/jetty-io-9.3.24.v20180605.jar:/home/user/.m2/repository/org/eclipse/jetty/jetty-webapp/9.3.24.v20180605/jetty-webapp-9.3.24.v20180605.jar:/home/user/.m2/repository/org/eclipse/jetty/jetty-xml/9.3.24.v20180605/jetty-xml-9.3.24.v20180605.jar:/home/user/.m2/repository/log4j/log4j/1.2.17/log4j-1.2.17.jar:/home/user/.m2/repository/org/slf4j/slf4j-api/1.7.25/slf4j-api-1.7.25.jar:/home/user/.m2/repository/org/slf4j/jul-to-slf4j/1.7.25/jul-to-slf4j-1.7.25.jar:/home/user/.m2/repository/org/eclipse/jetty/jetty-util/9.3.24.v20180605/jetty-util-9.3.24.v20180605.jar:/home/user/.m2/repository/com/fasterxml/jackson/core/jackson-databind/2.9.5/jackson-databind-2.9.5.jar:/home/user/.m2/repository/org/apache/hadoop/hadoop-kms/3.2.0/hadoop-kms-3.2.0-tests.jar:/home/user/.m2/repository/org/apache/hadoop/hadoop-hdds-server-scm/0.5.0-SNAPSHOT/hadoop-hdds-server-scm-0.5.0-SNAPSHOT-tests.jar:/home/user/.m2/repository/org/apache/hadoop/hadoop-hdds-container-service/0.5.0-SNAPSHOT/hadoop-hdds-container-service-0.5.0-SNAPSHOT-tests.jar:/home/user/.m2/repository/org/yaml/snakeyaml/1.16/snakeyaml-1.16.jar:/home/user/.m2/repository/org/apache/hadoop/hadoop-common/3.2.0/hadoop-common-3.2.0-tests.jar:/home/user/.m2/repository/org/apache/hadoop/hadoop-annotations/3.2.0/hadoop-annotations-3.2.0.jar:/usr/lib/jvm/java-1.8-openjdk/jre/../lib/tools.jar:/home/user/.m2/repository/commons-cli/commons-cli/1.2/commons-cli-1.2.jar:/home/user/.m2/repository/org/apache/httpcomponents/httpclient/4.5.2/httpclient-4.5.2.jar:/home/user/.m2/repository/org/apache/httpcomponents/httpcore/4.4.4/httpcore-4.4.4.jar:/home/user/.m2/repository/commons-codec/commons-codec/1.11/commons-codec-1.11.jar:/home/user/.m2/repository/commons-net/commons-net/3.6/commons-net-3.6.jar:/home/user/.m2/repository/commons-collections/commons-collections/3.2.2/commons-collections-3.2.2.jar:/home/user/.m2/repository/org/eclipse/jetty/jetty-servlet/9.3.24.v20180605/jetty-servlet-9.3.24.v20180605.jar:/home/user/.m2/repository/org/eclipse/jetty/jetty-security/9.3.24.v20180605/jetty-security-9.3.24.v20180605.jar:/home/user/.m2/repository/javax/servlet/jsp/jsp-api/2.1/jsp-api-2.1.jar:/home/user/.m2/repository/com/sun/jersey/jersey-servlet/1.19/jersey-servlet-1.19.jar:/home/user/.m2/repository/com/sun/jersey/jersey-json/1.19/jersey-json-1.19.jar:/home/user/.m2/repository/org/codehaus/jettison/jettison/1.1/jettison-1.1.jar:/home/user/.m2/repository/org/codehaus/jackson/jackson-core-asl/1.9.13/jackson-core-asl-1.9.13.jar:/home/user/.m2/repository/org/codehaus/jackson/jackson-mapper-asl/1.9.13/jackson-mapper-asl-1.9.13.jar:/home/user/.m2/repository/org/codehaus/jackson/jackson-jaxrs/1.9.13/jackson-jaxrs-1.9.13.jar:/home/user/.m2/repository/org/codehaus/jackson/jackson-xc/1.9.13/jackson-xc-1.9.13.jar:/home/user/.m2/repository/commons-logging/commons-logging/1.1.3/commons-logging-1.1.3.jar:/home/user/.m2/repository/commons-beanutils/commons-beanutils/1.9.3/commons-beanutils-1.9.3.jar:/home/user/.m2/repository/org/apache/commons/commons-configuration2/2.1.1/commons-configuration2-2.1.1.jar:/home/user/.m2/repository/org/apache/commons/commons-lang3/3.7/commons-lang3-3.7.jar:/home/user/.m2/repository/org/apache/commons/commons-text/1.4/commons-text-1.4.jar:/home/user/.m2/repository/org/apache/avro/avro/1.7.7/avro-1.7.7.jar:/home/user/.m2/repository/com/thoughtworks/paranamer/paranamer/2.3/paranamer-2.3.jar:/home/user/.m2/repository/org/xerial/snappy/snappy-java/1.0.5/snappy-java-1.0.5.jar:/home/user/.m2/repository/com/google/re2j/re2j/1.1/re2j-1.1.jar:/home/user/.m2/repository/com/google/code/gson/gson/2.2.4/gson-2.2.4.jar:/home/user/.m2/repository/com/jcraft/jsch/0.1.54/jsch-0.1.54.jar:/home/user/.m2/repository/org/apache/curator/curator-client/2.12.0/curator-client-2.12.0.jar:/home/user/.m2/repository/org/apache/curator/curator-recipes/2.12.0/curator-recipes-2.12.0.jar:/home/user/.m2/repository/com/google/code/findbugs/jsr305/3.0.0/jsr305-3.0.0.jar:/home/user/.m2/repository/org/apache/htrace/htrace-core4/4.1.0-incubating/htrace-core4-4.1.0-incubating.jar:/home/user/.m2/repository/org/apache/zookeeper/zookeeper/3.4.13/zookeeper-3.4.13.jar:/home/user/.m2/repository/org/apache/yetus/audience-annotations/0.5.0/audience-annotations-0.5.0.jar:/home/user/.m2/repository/org/codehaus/woodstox/stax2-api/3.1.4/stax2-api-3.1.4.jar:/home/user/.m2/repository/com/fasterxml/woodstox/woodstox-core/5.0.3/woodstox-core-5.0.3.jar:/home/user/.m2/repository/dnsjava/dnsjava/2.1.7/dnsjava-2.1.7.jar:/home/user/.m2/repository/org/apache/hadoop/hadoop-hdfs/3.2.0/hadoop-hdfs-3.2.0-tests.jar:/home/user/.m2/repository/org/eclipse/jetty/jetty-util-ajax/9.3.24.v20180605/jetty-util-ajax-9.3.24.v20180605.jar:/home/user/.m2/repository/commons-daemon/commons-daemon/1.0.13/commons-daemon-1.0.13.jar:/home/user/.m2/repository/io/netty/netty/3.10.5.Final/netty-3.10.5.Final.jar:/home/user/.m2/repository/io/netty/netty-all/4.0.52.Final/netty-all-4.0.52.Final.jar:/home/user/.m2/repository/org/fusesource/leveldbjni/leveldbjni-all/1.8/leveldbjni-all-1.8.jar:"/>
    <property name="sun.cpu.endian" value="little"/>
    <property name="user.home" value="/home/user"/>
    <property name="user.language" value="en"/>
    <property name="java.specification.vendor" value="Oracle Corporation"/>
    <property name="java.home" value="/usr/lib/jvm/java-1.8-openjdk/jre"/>
    <property name="java.security.krb5.conf" value="/workdir/hadoop-ozone/integration-test/target/test-classes/krb5.conf"/>
    <property name="basedir" value="/workdir/hadoop-ozone/integration-test"/>
    <property name="file.separator" value="/"/>
    <property name="line.separator" value="&#10;"/>
    <property name="java.vm.specification.vendor" value="Oracle Corporation"/>
    <property name="java.specification.name" value="Java Platform API Specification"/>
    <property name="java.awt.graphicsenv" value="sun.awt.X11GraphicsEnvironment"/>
    <property name="surefire.real.class.path" value="/workdir/hadoop-ozone/integration-test/target/surefire/surefirebooter6622561926474779951.jar"/>
    <property name="hadoop.log.dir" value="/workdir/hadoop-ozone/integration-test/target/log"/>
    <property name="sun.boot.class.path" value="/usr/lib/jvm/java-1.8-openjdk/jre/lib/resources.jar:/usr/lib/jvm/java-1.8-openjdk/jre/lib/rt.jar:/usr/lib/jvm/java-1.8-openjdk/jre/lib/sunrsasign.jar:/usr/lib/jvm/java-1.8-openjdk/jre/lib/jsse.jar:/usr/lib/jvm/java-1.8-openjdk/jre/lib/jce.jar:/usr/lib/jvm/java-1.8-openjdk/jre/lib/charsets.jar:/usr/lib/jvm/java-1.8-openjdk/jre/lib/jfr.jar:/usr/lib/jvm/java-1.8-openjdk/jre/classes"/>
    <property name="sun.management.compiler" value="HotSpot 64-Bit Tiered Compilers"/>
    <property name="java.runtime.version" value="1.8.0_212-b04"/>
    <property name="java.net.preferIPv4Stack" value="true"/>
    <property name="user.name" value="jenkins1000"/>
    <property name="path.separator" value=":"/>
    <property name="java.security.egd" value="file:///dev/urandom"/>
    <property name="os.version" value="3.10.0-957.12.2.el7.x86_64"/>
    <property name="java.endorsed.dirs" value="/usr/lib/jvm/java-1.8-openjdk/jre/lib/endorsed"/>
    <property name="java.runtime.name" value="OpenJDK Runtime Environment"/>
    <property name="file.encoding" value="UTF-8"/>
    <property name="java.vm.name" value="OpenJDK 64-Bit Server VM"/>
    <property name="test.build.webapps" value=""/>
    <property name="localRepository" value="/home/user/.m2/repository"/>
    <property name="java.vendor.url.bug" value="https://icedtea.classpath.org/bugzilla"/>
    <property name="java.io.tmpdir" value="/tmp"/>
    <property name="require.test.libhadoop" value=""/>
    <property name="java.version" value="1.8.0_212"/>
    <property name="user.dir" value="/workdir/hadoop-ozone/integration-test"/>
    <property name="os.arch" value="amd64"/>
    <property name="java.vm.specification.name" value="Java Virtual Machine Specification"/>
    <property name="test.build.classes" value="/workdir/hadoop-ozone/integration-test/target/test-classes"/>
    <property name="java.awt.printerjob" value="sun.print.PSPrinterJob"/>
    <property name="sun.os.patch.level" value="unknown"/>
    <property name="hadoop.tmp.dir" value="/workdir/hadoop-ozone/integration-test/target/tmp"/>
    <property name="java.library.path" value="/usr/lib/jvm/java-1.8-openjdk/jre/lib/amd64/server:/usr/lib/jvm/java-1.8-openjdk/jre/lib/amd64:/usr/lib/jvm/java-1.8-openjdk/jre/../lib/amd64:/workdir/hadoop-ozone/integration-test/target/native/target/usr/local/lib:/workdir/hadoop-ozone/integration-test/../../hadoop-common-project/hadoop-common/target/native/target/usr/local/lib:/usr/java/packages/lib/amd64:/usr/lib64:/lib64:/lib:/usr/lib"/>
    <property name="java.vm.info" value="mixed mode"/>
    <property name="java.vendor" value="IcedTea"/>
    <property name="java.vm.version" value="25.212-b04"/>
    <property name="java.ext.dirs" value="/usr/lib/jvm/java-1.8-openjdk/jre/lib/ext:/usr/java/packages/lib/ext"/>
    <property name="sun.io.unicode.encoding" value="UnicodeLittle"/>
    <property name="java.class.version" value="52.0"/>
  </properties>
  <testcase name="test2DatanodesFailure" classname="org.apache.hadoop.ozone.client.rpc.TestBlockOutputStreamWithFailures" time="41.642">
    <failure message="expected:&lt;5&gt; but was:&lt;6&gt;" type="java.lang.AssertionError"><![CDATA[java.lang.AssertionError: expected:<5> but was:<6>
	at org.junit.Assert.fail(Assert.java:88)
	at org.junit.Assert.failNotEquals(Assert.java:743)
	at org.junit.Assert.assertEquals(Assert.java:118)
	at org.junit.Assert.assertEquals(Assert.java:555)
	at org.junit.Assert.assertEquals(Assert.java:542)
	at org.apache.hadoop.ozone.client.rpc.TestBlockOutputStreamWithFailures.test2DatanodesFailure(TestBlockOutputStreamWithFailures.java:467)
	at sun.reflect.NativeMethodAccessorImpl.invoke0(Native Method)
	at sun.reflect.NativeMethodAccessorImpl.invoke(NativeMethodAccessorImpl.java:62)
	at sun.reflect.DelegatingMethodAccessorImpl.invoke(DelegatingMethodAccessorImpl.java:43)
	at java.lang.reflect.Method.invoke(Method.java:498)
	at org.junit.runners.model.FrameworkMethod$1.runReflectiveCall(FrameworkMethod.java:47)
	at org.junit.internal.runners.model.ReflectiveCallable.run(ReflectiveCallable.java:12)
	at org.junit.runners.model.FrameworkMethod.invokeExplosively(FrameworkMethod.java:44)
	at org.junit.internal.runners.statements.InvokeMethod.evaluate(InvokeMethod.java:17)
	at org.junit.internal.runners.statements.RunBefores.evaluate(RunBefores.java:26)
	at org.junit.internal.runners.statements.RunAfters.evaluate(RunAfters.java:27)
	at org.junit.runners.ParentRunner.runLeaf(ParentRunner.java:271)
	at org.junit.runners.BlockJUnit4ClassRunner.runChild(BlockJUnit4ClassRunner.java:70)
	at org.junit.runners.BlockJUnit4ClassRunner.runChild(BlockJUnit4ClassRunner.java:50)
	at org.junit.runners.ParentRunner$3.run(ParentRunner.java:238)
	at org.junit.runners.ParentRunner$1.schedule(ParentRunner.java:63)
	at org.junit.runners.ParentRunner.runChildren(ParentRunner.java:236)
	at org.junit.runners.ParentRunner.access$000(ParentRunner.java:53)
	at org.junit.runners.ParentRunner$2.evaluate(ParentRunner.java:229)
	at org.junit.runners.ParentRunner.run(ParentRunner.java:309)
	at org.apache.maven.surefire.junit4.JUnit4Provider.execute(JUnit4Provider.java:365)
	at org.apache.maven.surefire.junit4.JUnit4Provider.executeWithRerun(JUnit4Provider.java:273)
	at org.apache.maven.surefire.junit4.JUnit4Provider.executeTestSet(JUnit4Provider.java:238)
	at org.apache.maven.surefire.junit4.JUnit4Provider.invoke(JUnit4Provider.java:159)
	at org.apache.maven.surefire.booter.ForkedBooter.invokeProviderInSameClassLoader(ForkedBooter.java:384)
	at org.apache.maven.surefire.booter.ForkedBooter.runSuitesInProcess(ForkedBooter.java:345)
	at org.apache.maven.surefire.booter.ForkedBooter.execute(ForkedBooter.java:126)
	at org.apache.maven.surefire.booter.ForkedBooter.main(ForkedBooter.java:418)
]]></failure>
    <system-out><![CDATA[2019-08-23 09:58:07,878 [main] WARN  server.ServerUtils (ServerUtils.java:getScmDbDir(145)) - ozone.scm.db.dirs is not configured. We recommend adding this setting. Falling back to ozone.metadata.dirs instead.
2019-08-23 09:58:08,035 [main] WARN  server.ServerUtils (ServerUtils.java:getScmDbDir(145)) - ozone.scm.db.dirs is not configured. We recommend adding this setting. Falling back to ozone.metadata.dirs instead.
2019-08-23 09:58:08,038 [main] WARN  server.ServerUtils (ServerUtils.java:getScmDbDir(145)) - ozone.scm.db.dirs is not configured. We recommend adding this setting. Falling back to ozone.metadata.dirs instead.
2019-08-23 09:58:08,059 [main] INFO  util.log (Log.java:initialized(192)) - Logging initialized @1016ms
2019-08-23 09:58:08,179 [main] INFO  db.DBStoreBuilder (DBStoreBuilder.java:addTable(110)) - using custom profile for table: deletedBlocks
2019-08-23 09:58:08,180 [main] INFO  db.DBStoreBuilder (DBStoreBuilder.java:processTables(161)) - Using default column profile:DBProfile.DISK for Table:deletedBlocks
2019-08-23 09:58:08,180 [main] INFO  db.DBStoreBuilder (DBStoreBuilder.java:addTable(110)) - using custom profile for table: validCerts
2019-08-23 09:58:08,181 [main] INFO  db.DBStoreBuilder (DBStoreBuilder.java:processTables(161)) - Using default column profile:DBProfile.DISK for Table:validCerts
2019-08-23 09:58:08,181 [main] INFO  db.DBStoreBuilder (DBStoreBuilder.java:addTable(110)) - using custom profile for table: revokedCerts
2019-08-23 09:58:08,181 [main] INFO  db.DBStoreBuilder (DBStoreBuilder.java:processTables(161)) - Using default column profile:DBProfile.DISK for Table:revokedCerts
2019-08-23 09:58:08,196 [main] INFO  db.DBStoreBuilder (DBStoreBuilder.java:addTable(110)) - using custom profile for table: default
2019-08-23 09:58:08,196 [main] INFO  db.DBStoreBuilder (DBStoreBuilder.java:processTables(167)) - Using default column profile:DBProfile.DISK for Table:default
2019-08-23 09:58:08,197 [main] INFO  db.DBStoreBuilder (DBStoreBuilder.java:getDbProfile(198)) - Using default options. DBProfile.DISK
2019-08-23 09:58:08,425 [main] INFO  net.NodeSchemaLoader (NodeSchemaLoader.java:loadSchemaFromFile(125)) - Loading file from sun.misc.CompoundEnumeration@5f058f00
2019-08-23 09:58:08,427 [main] INFO  net.NodeSchemaLoader (NodeSchemaLoader.java:loadSchema(171)) - Loading network topology layer schema file
2019-08-23 09:58:08,508 [main] INFO  node.SCMNodeManager (SCMNodeManager.java:<init>(121)) - Entering startup safe mode.
2019-08-23 09:58:08,580 [main] INFO  algorithms.ContainerPlacementPolicyFactory (ContainerPlacementPolicyFactory.java:getPolicy(55)) - Create container placement policy of type org.apache.hadoop.hdds.scm.container.placement.algorithms.SCMContainerPlacementRandom
2019-08-23 09:58:08,594 [main] WARN  server.ServerUtils (ServerUtils.java:getScmDbDir(145)) - ozone.scm.db.dirs is not configured. We recommend adding this setting. Falling back to ozone.metadata.dirs instead.
2019-08-23 09:58:08,675 [main] INFO  pipeline.SCMPipelineManager (SCMPipelineManager.java:initializePipelineState(126)) - No pipeline exists in current db
2019-08-23 09:58:08,678 [main] WARN  server.ServerUtils (ServerUtils.java:getScmDbDir(145)) - ozone.scm.db.dirs is not configured. We recommend adding this setting. Falling back to ozone.metadata.dirs instead.
2019-08-23 09:58:08,808 [main] WARN  events.EventQueue (EventQueue.java:fireEvent(175)) - No event handler registered for event TypedEvent{payloadType=SafeModeStatus, name='SafeModeStatus'}
2019-08-23 09:58:09,335 [main] INFO  ipc.CallQueueManager (CallQueueManager.java:<init>(84)) - Using callQueue: class java.util.concurrent.LinkedBlockingQueue, queueCapacity: 2000, scheduler: class org.apache.hadoop.ipc.DefaultRpcScheduler, ipcBackoff: false.
2019-08-23 09:58:09,653 [Socket Reader #1 for port 43523] INFO  ipc.Server (Server.java:run(1074)) - Starting Socket Reader #1 for port 43523
2019-08-23 09:58:09,685 [main] INFO  ipc.CallQueueManager (CallQueueManager.java:<init>(84)) - Using callQueue: class java.util.concurrent.LinkedBlockingQueue, queueCapacity: 2000, scheduler: class org.apache.hadoop.ipc.DefaultRpcScheduler, ipcBackoff: false.
2019-08-23 09:58:09,686 [Socket Reader #1 for port 43665] INFO  ipc.Server (Server.java:run(1074)) - Starting Socket Reader #1 for port 43665
2019-08-23 09:58:09,695 [main] INFO  ipc.CallQueueManager (CallQueueManager.java:<init>(84)) - Using callQueue: class java.util.concurrent.LinkedBlockingQueue, queueCapacity: 2000, scheduler: class org.apache.hadoop.ipc.DefaultRpcScheduler, ipcBackoff: false.
2019-08-23 09:58:09,696 [Socket Reader #1 for port 33814] INFO  ipc.Server (Server.java:run(1074)) - Starting Socket Reader #1 for port 33814
2019-08-23 09:58:09,719 [main] INFO  hdfs.DFSUtil (DFSUtil.java:httpServerTemplateForNNAndJN(1641)) - Starting Web-server for scm at: http://0.0.0.0:0
2019-08-23 09:58:09,886 [main] INFO  server.AuthenticationFilter (AuthenticationFilter.java:constructSecretProvider(240)) - Unable to initialize FileSignerSecretProvider, falling back to use random secrets.
2019-08-23 09:58:09,895 [main] WARN  http.HttpRequestLog (HttpRequestLog.java:getRequestLog(97)) - Jetty request log can only be enabled using Log4j
2019-08-23 09:58:09,904 [main] INFO  http.HttpServer2 (HttpServer2.java:addGlobalFilter(975)) - Added global filter 'safety' (class=org.apache.hadoop.http.HttpServer2$QuotingInputFilter)
2019-08-23 09:58:09,907 [main] INFO  http.HttpServer2 (HttpServer2.java:addFilter(948)) - Added filter static_user_filter (class=org.apache.hadoop.http.lib.StaticUserWebFilter$StaticUserFilter) to context scm
2019-08-23 09:58:09,907 [main] INFO  http.HttpServer2 (HttpServer2.java:addFilter(958)) - Added filter static_user_filter (class=org.apache.hadoop.http.lib.StaticUserWebFilter$StaticUserFilter) to context logs
2019-08-23 09:58:09,907 [main] INFO  http.HttpServer2 (HttpServer2.java:addFilter(958)) - Added filter static_user_filter (class=org.apache.hadoop.http.lib.StaticUserWebFilter$StaticUserFilter) to context static
2019-08-23 09:58:09,939 [main] INFO  server.StorageContainerManager (StorageContainerManager.java:start(759)) - StorageContainerLocationProtocol RPC server is listening at /0.0.0.0:33814
2019-08-23 09:58:10,013 [main] WARN  impl.MetricsConfig (MetricsConfig.java:loadFirst(134)) - Cannot locate configuration: tried hadoop-metrics2-storagecontainermanager.properties,hadoop-metrics2.properties
2019-08-23 09:58:10,026 [main] INFO  impl.MetricsSystemImpl (MetricsSystemImpl.java:startTimer(374)) - Scheduled Metric snapshot period at 10 second(s).
2019-08-23 09:58:10,026 [main] INFO  impl.MetricsSystemImpl (MetricsSystemImpl.java:start(191)) - StorageContainerManager metrics system started
2019-08-23 09:58:10,280 [main] INFO  server.SCMClientProtocolServer (SCMClientProtocolServer.java:start(151)) - RPC server for Client  is listening at /0.0.0.0:33814
2019-08-23 09:58:10,281 [IPC Server Responder] INFO  ipc.Server (Server.java:run(1314)) - IPC Server Responder: starting
2019-08-23 09:58:10,281 [IPC Server listener on 33814] INFO  ipc.Server (Server.java:run(1153)) - IPC Server listener on 33814: starting
2019-08-23 09:58:10,283 [main] INFO  server.StorageContainerManager (StorageContainerManager.java:start(769)) - ScmBlockLocationProtocol RPC server is listening at /0.0.0.0:43665
2019-08-23 09:58:10,284 [main] INFO  server.SCMBlockProtocolServer (SCMBlockProtocolServer.java:start(140)) - RPC server for Block Protocol is listening at /0.0.0.0:43665
2019-08-23 09:58:10,284 [IPC Server Responder] INFO  ipc.Server (Server.java:run(1314)) - IPC Server Responder: starting
2019-08-23 09:58:10,284 [IPC Server listener on 43665] INFO  ipc.Server (Server.java:run(1153)) - IPC Server listener on 43665: starting
2019-08-23 09:58:10,286 [main] INFO  server.StorageContainerManager (StorageContainerManager.java:start(773)) - ScmDatanodeProtocl RPC server is listening at /0.0.0.0:43523
2019-08-23 09:58:10,287 [main] INFO  server.SCMDatanodeProtocolServer (SCMDatanodeProtocolServer.java:start(191)) - RPC server for DataNodes is listening at /0.0.0.0:43523
2019-08-23 09:58:10,287 [IPC Server Responder] INFO  ipc.Server (Server.java:run(1314)) - IPC Server Responder: starting
2019-08-23 09:58:10,287 [IPC Server listener on 43523] INFO  ipc.Server (Server.java:run(1153)) - IPC Server listener on 43523: starting
2019-08-23 09:58:10,290 [main] INFO  http.HttpServer2 (HttpServer2.java:bindListener(1191)) - Jetty bound to port 37895
2019-08-23 09:58:10,292 [main] INFO  server.Server (Server.java:doStart(351)) - jetty-9.3.24.v20180605, build timestamp: 2018-06-05T17:11:56Z, git hash: 84205aa28f11a4f31f2a3b86d1bba2cc8ab69827
2019-08-23 09:58:10,330 [main] INFO  handler.ContextHandler (ContextHandler.java:doStart(781)) - Started o.e.j.s.ServletContextHandler@5286c33a{/logs,file:///workdir/hadoop-ozone/integration-test/target/log,AVAILABLE}
2019-08-23 09:58:10,331 [main] INFO  handler.ContextHandler (ContextHandler.java:doStart(781)) - Started o.e.j.s.ServletContextHandler@5c530d1e{/static,file:///workdir/hadoop-ozone/integration-test/target/test-classes/webapps/static,AVAILABLE}
2019-08-23 09:58:10,364 [main] INFO  handler.ContextHandler (ContextHandler.java:doStart(781)) - Started o.e.j.w.WebAppContext@48f5bde6{/,file:///workdir/hadoop-ozone/integration-test/target/test-classes/webapps/scm/,AVAILABLE}{/scm}
2019-08-23 09:58:10,370 [main] INFO  server.AbstractConnector (AbstractConnector.java:doStart(278)) - Started ServerConnector@6d511b5f{HTTP/1.1,[http/1.1]}{0.0.0.0:37895}
2019-08-23 09:58:10,370 [main] INFO  server.Server (Server.java:doStart(419)) - Started @3328ms
2019-08-23 09:58:10,371 [main] INFO  server.BaseHttpServer (BaseHttpServer.java:updateConnectorAddress(213)) - HTTP server of SCM is listening at http://0.0.0.0:37895
2019-08-23 09:58:10,380 [org.apache.hadoop.util.JvmPauseMonitor$Monitor@3b1bb3ab] INFO  util.JvmPauseMonitor (JvmPauseMonitor.java:run(188)) - Starting JVM pause monitor
2019-08-23 09:58:10,386 [main] WARN  server.ServerUtils (ServerUtils.java:getDBPath(222)) - ozone.om.db.dirs is not configured. We recommend adding this setting. Falling back to ozone.metadata.dirs instead.
2019-08-23 09:58:10,536 [main] WARN  server.ServerUtils (ServerUtils.java:getDBPath(222)) - ozone.om.db.dirs is not configured. We recommend adding this setting. Falling back to ozone.metadata.dirs instead.
2019-08-23 09:58:10,537 [main] WARN  server.ServerUtils (ServerUtils.java:getDBPath(222)) - ozone.om.db.dirs is not configured. We recommend adding this setting. Falling back to ozone.metadata.dirs instead.
2019-08-23 09:58:10,538 [main] INFO  om.OzoneManager (OzoneManager.java:setOMNodeDetails(648)) - OM Service ID is not set. Setting it to the default ID: omServiceIdDefault
2019-08-23 09:58:10,539 [main] INFO  om.OzoneManager (OzoneManager.java:setOMNodeDetails(654)) - OM Node ID is not set. Setting it to the OmStorage's OmID: 94d45491-68e8-49af-a0fd-54097dca2d9e
2019-08-23 09:58:10,540 [main] INFO  om.OzoneManager (OzoneManager.java:loadOMHAConfigs(605)) - Found matching OM address with OMServiceId: null, OMNodeId: null, RPC Address: localhost:0 and Ratis port: 9872
2019-08-23 09:58:10,800 | INFO  | SCMAudit | user=jenkins1000 | ip=192.168.5.185 | op=GET_SCM_INFO null | ret=SUCCESS |  
2019-08-23 09:58:11,274 [main] WARN  server.ServerUtils (ServerUtils.java:getDBPath(222)) - ozone.om.db.dirs is not configured. We recommend adding this setting. Falling back to ozone.metadata.dirs instead.
2019-08-23 09:58:11,282 [main] INFO  db.DBStoreBuilder (DBStoreBuilder.java:addTable(110)) - using custom profile for table: userTable
2019-08-23 09:58:11,283 [main] INFO  db.DBStoreBuilder (DBStoreBuilder.java:processTables(161)) - Using default column profile:DBProfile.DISK for Table:userTable
2019-08-23 09:58:11,283 [main] INFO  db.DBStoreBuilder (DBStoreBuilder.java:addTable(110)) - using custom profile for table: volumeTable
2019-08-23 09:58:11,283 [main] INFO  db.DBStoreBuilder (DBStoreBuilder.java:processTables(161)) - Using default column profile:DBProfile.DISK for Table:volumeTable
2019-08-23 09:58:11,284 [main] INFO  db.DBStoreBuilder (DBStoreBuilder.java:addTable(110)) - using custom profile for table: bucketTable
2019-08-23 09:58:11,284 [main] INFO  db.DBStoreBuilder (DBStoreBuilder.java:processTables(161)) - Using default column profile:DBProfile.DISK for Table:bucketTable
2019-08-23 09:58:11,284 [main] INFO  db.DBStoreBuilder (DBStoreBuilder.java:addTable(110)) - using custom profile for table: keyTable
2019-08-23 09:58:11,284 [main] INFO  db.DBStoreBuilder (DBStoreBuilder.java:processTables(161)) - Using default column profile:DBProfile.DISK for Table:keyTable
2019-08-23 09:58:11,285 [main] INFO  db.DBStoreBuilder (DBStoreBuilder.java:addTable(110)) - using custom profile for table: deletedTable
2019-08-23 09:58:11,285 [main] INFO  db.DBStoreBuilder (DBStoreBuilder.java:processTables(161)) - Using default column profile:DBProfile.DISK for Table:deletedTable
2019-08-23 09:58:11,285 [main] INFO  db.DBStoreBuilder (DBStoreBuilder.java:addTable(110)) - using custom profile for table: openKeyTable
2019-08-23 09:58:11,285 [main] INFO  db.DBStoreBuilder (DBStoreBuilder.java:processTables(161)) - Using default column profile:DBProfile.DISK for Table:openKeyTable
2019-08-23 09:58:11,286 [main] INFO  db.DBStoreBuilder (DBStoreBuilder.java:addTable(110)) - using custom profile for table: s3Table
2019-08-23 09:58:11,286 [main] INFO  db.DBStoreBuilder (DBStoreBuilder.java:processTables(161)) - Using default column profile:DBProfile.DISK for Table:s3Table
2019-08-23 09:58:11,286 [main] INFO  db.DBStoreBuilder (DBStoreBuilder.java:addTable(110)) - using custom profile for table: multipartInfoTable
2019-08-23 09:58:11,287 [main] INFO  db.DBStoreBuilder (DBStoreBuilder.java:processTables(161)) - Using default column profile:DBProfile.DISK for Table:multipartInfoTable
2019-08-23 09:58:11,287 [main] INFO  db.DBStoreBuilder (DBStoreBuilder.java:addTable(110)) - using custom profile for table: dTokenTable
2019-08-23 09:58:11,287 [main] INFO  db.DBStoreBuilder (DBStoreBuilder.java:processTables(161)) - Using default column profile:DBProfile.DISK for Table:dTokenTable
2019-08-23 09:58:11,288 [main] INFO  db.DBStoreBuilder (DBStoreBuilder.java:addTable(110)) - using custom profile for table: s3SecretTable
2019-08-23 09:58:11,288 [main] INFO  db.DBStoreBuilder (DBStoreBuilder.java:processTables(161)) - Using default column profile:DBProfile.DISK for Table:s3SecretTable
2019-08-23 09:58:11,288 [main] INFO  db.DBStoreBuilder (DBStoreBuilder.java:addTable(110)) - using custom profile for table: prefixTable
2019-08-23 09:58:11,288 [main] INFO  db.DBStoreBuilder (DBStoreBuilder.java:processTables(161)) - Using default column profile:DBProfile.DISK for Table:prefixTable
2019-08-23 09:58:11,289 [main] INFO  db.DBStoreBuilder (DBStoreBuilder.java:addTable(110)) - using custom profile for table: default
2019-08-23 09:58:11,289 [main] INFO  db.DBStoreBuilder (DBStoreBuilder.java:processTables(167)) - Using default column profile:DBProfile.DISK for Table:default
2019-08-23 09:58:11,289 [main] INFO  db.DBStoreBuilder (DBStoreBuilder.java:getDbProfile(198)) - Using default options. DBProfile.DISK
2019-08-23 09:58:11,821 [main] INFO  ipc.CallQueueManager (CallQueueManager.java:<init>(84)) - Using callQueue: class java.util.concurrent.LinkedBlockingQueue, queueCapacity: 2000, scheduler: class org.apache.hadoop.ipc.DefaultRpcScheduler, ipcBackoff: false.
2019-08-23 09:58:11,822 [Socket Reader #1 for port 40715] INFO  ipc.Server (Server.java:run(1074)) - Starting Socket Reader #1 for port 40715
2019-08-23 09:58:11,843 [main] INFO  om.OzoneManager (OzoneManager.java:start(1259)) - OzoneManager RPC server is listening at localhost/127.0.0.1:40715
2019-08-23 09:58:11,843 [main] INFO  impl.MetricsSystemImpl (MetricsSystemImpl.java:init(158)) - OzoneManager metrics system started (again)
2019-08-23 09:58:11,845 [IPC Server Responder] INFO  ipc.Server (Server.java:run(1314)) - IPC Server Responder: starting
2019-08-23 09:58:11,845 [IPC Server listener on 40715] INFO  ipc.Server (Server.java:run(1153)) - IPC Server listener on 40715: starting
2019-08-23 09:58:11,850 [main] INFO  hdfs.DFSUtil (DFSUtil.java:httpServerTemplateForNNAndJN(1641)) - Starting Web-server for ozoneManager at: http://0.0.0.0:0
2019-08-23 09:58:11,852 [main] INFO  server.AuthenticationFilter (AuthenticationFilter.java:constructSecretProvider(240)) - Unable to initialize FileSignerSecretProvider, falling back to use random secrets.
2019-08-23 09:58:11,852 [main] WARN  http.HttpRequestLog (HttpRequestLog.java:getRequestLog(97)) - Jetty request log can only be enabled using Log4j
2019-08-23 09:58:11,854 [main] INFO  http.HttpServer2 (HttpServer2.java:addGlobalFilter(975)) - Added global filter 'safety' (class=org.apache.hadoop.http.HttpServer2$QuotingInputFilter)
2019-08-23 09:58:11,855 [main] INFO  http.HttpServer2 (HttpServer2.java:addFilter(948)) - Added filter static_user_filter (class=org.apache.hadoop.http.lib.StaticUserWebFilter$StaticUserFilter) to context ozoneManager
2019-08-23 09:58:11,855 [main] INFO  http.HttpServer2 (HttpServer2.java:addFilter(958)) - Added filter static_user_filter (class=org.apache.hadoop.http.lib.StaticUserWebFilter$StaticUserFilter) to context logs
2019-08-23 09:58:11,856 [main] INFO  http.HttpServer2 (HttpServer2.java:addFilter(958)) - Added filter static_user_filter (class=org.apache.hadoop.http.lib.StaticUserWebFilter$StaticUserFilter) to context static
2019-08-23 09:58:11,858 [main] INFO  http.HttpServer2 (HttpServer2.java:bindListener(1191)) - Jetty bound to port 42600
2019-08-23 09:58:11,859 [main] INFO  server.Server (Server.java:doStart(351)) - jetty-9.3.24.v20180605, build timestamp: 2018-06-05T17:11:56Z, git hash: 84205aa28f11a4f31f2a3b86d1bba2cc8ab69827
2019-08-23 09:58:11,861 [main] INFO  handler.ContextHandler (ContextHandler.java:doStart(781)) - Started o.e.j.s.ServletContextHandler@15fa55a6{/logs,file:///workdir/hadoop-ozone/integration-test/target/log,AVAILABLE}
2019-08-23 09:58:12,013 [main] INFO  handler.ContextHandler (ContextHandler.java:doStart(781)) - Started o.e.j.s.ServletContextHandler@7fab4be7{/static,file:///workdir/hadoop-ozone/integration-test/target/test-classes/webapps/static,AVAILABLE}
2019-08-23 09:58:12,021 [main] INFO  handler.ContextHandler (ContextHandler.java:doStart(781)) - Started o.e.j.w.WebAppContext@432034a{/,file:///workdir/hadoop-ozone/integration-test/target/test-classes/webapps/ozoneManager/,AVAILABLE}{/ozoneManager}
2019-08-23 09:58:12,022 [main] INFO  server.AbstractConnector (AbstractConnector.java:doStart(278)) - Started ServerConnector@78de58ea{HTTP/1.1,[http/1.1]}{0.0.0.0:42600}
2019-08-23 09:58:12,023 [main] INFO  server.Server (Server.java:doStart(419)) - Started @4980ms
2019-08-23 09:58:12,024 [main] INFO  server.BaseHttpServer (BaseHttpServer.java:updateConnectorAddress(213)) - HTTP server of OZONEMANAGER is listening at http://0.0.0.0:42600
2019-08-23 09:58:12,183 [main] INFO  impl.MetricsSystemImpl (MetricsSystemImpl.java:init(158)) - HddsDatanode metrics system started (again)
2019-08-23 09:58:12,294 [main] INFO  ozone.HddsDatanodeService (HddsDatanodeService.java:start(184)) - HddsDatanodeService host:pr-hdds-1094-w8cgz-2737508714 ip:192.168.5.185
2019-08-23 09:58:12,325 [main] INFO  volume.HddsVolume (HddsVolume.java:<init>(176)) - Creating Volume: /workdir/hadoop-ozone/integration-test/target/test-dir/MiniOzoneClusterImpl-4dc0e789-7321-4c00-9da5-33206f8d16b6/datanode-0/data/containers/hdds of  storage type : DISK and capacity : 1482555576320
2019-08-23 09:58:12,327 [main] INFO  volume.VolumeSet (VolumeSet.java:initializeVolumeSet(170)) - Added Volume : /workdir/hadoop-ozone/integration-test/target/test-dir/MiniOzoneClusterImpl-4dc0e789-7321-4c00-9da5-33206f8d16b6/datanode-0/data/containers/hdds to VolumeSet
2019-08-23 09:58:12,330 [main] INFO  volume.ThrottledAsyncChecker (ThrottledAsyncChecker.java:schedule(140)) - Scheduling a check for org.apache.hadoop.ozone.container.common.volume.HddsVolume@3f49e266
2019-08-23 09:58:12,348 [main] INFO  volume.HddsVolumeChecker (HddsVolumeChecker.java:checkAllVolumes(203)) - Scheduled health check for volume org.apache.hadoop.ozone.container.common.volume.HddsVolume@3f49e266
2019-08-23 09:58:12,454 [main] INFO  impl.RaftServerProxy (ConfUtils.java:logGet(43)) - raft.rpc.type = GRPC (default)
2019-08-23 09:58:12,520 [main] INFO  grpc.GrpcFactory (GrpcFactory.java:checkPooledByteBufAllocatorUseCacheForAllThreads(45)) - PERFORMANCE WARNING: useCacheForAllThreads is true that may cause Netty to create a lot garbage objects and, as a result, trigger GC.
	It is recommended to disable useCacheForAllThreads by setting -Dorg.apache.ratis.thirdparty.io.netty.allocator.useCacheForAllThreads=false in command line.
2019-08-23 09:58:12,526 [main] INFO  grpc.GrpcConfigKeys$Server (ConfUtils.java:logGet(43)) - raft.grpc.server.port = 0 (default)
2019-08-23 09:58:12,527 [main] INFO  server.GrpcService (ConfUtils.java:logGet(43)) - raft.grpc.message.size.max = 33570816 (custom)
2019-08-23 09:58:12,528 [main] INFO  server.RaftServerConfigKeys (ConfUtils.java:logGet(43)) - raft.server.log.appender.buffer.byte-limit = 33554432 (custom)
2019-08-23 09:58:12,529 [main] INFO  server.GrpcService (ConfUtils.java:logGet(43)) - raft.grpc.flow.control.window = 1MB (=1048576) (default)
2019-08-23 09:58:12,530 [main] INFO  server.RaftServerConfigKeys (ConfUtils.java:logGet(43)) - raft.server.rpc.request.timeout = 3000ms (default)
2019-08-23 09:58:12,737 [main] INFO  server.RaftServerConfigKeys (ConfUtils.java:logGet(43)) - raft.server.storage.dir = [/workdir/hadoop-ozone/integration-test/target/test-dir/MiniOzoneClusterImpl-4dc0e789-7321-4c00-9da5-33206f8d16b6/datanode-0/data/ratis] (custom)
2019-08-23 09:58:12,782 [main] INFO  replication.SimpleContainerDownloader (SimpleContainerDownloader.java:<init>(72)) - Starting container downloader service to copy containers to replicate.
2019-08-23 09:58:12,800 [main] INFO  hdfs.DFSUtil (DFSUtil.java:httpServerTemplateForNNAndJN(1641)) - Starting Web-server for hddsDatanode at: http://0.0.0.0:0
2019-08-23 09:58:12,802 [main] INFO  server.AuthenticationFilter (AuthenticationFilter.java:constructSecretProvider(240)) - Unable to initialize FileSignerSecretProvider, falling back to use random secrets.
2019-08-23 09:58:12,803 [main] WARN  http.HttpRequestLog (HttpRequestLog.java:getRequestLog(97)) - Jetty request log can only be enabled using Log4j
2019-08-23 09:58:12,806 [main] INFO  http.HttpServer2 (HttpServer2.java:addGlobalFilter(975)) - Added global filter 'safety' (class=org.apache.hadoop.http.HttpServer2$QuotingInputFilter)
2019-08-23 09:58:12,808 [main] INFO  http.HttpServer2 (HttpServer2.java:addFilter(948)) - Added filter static_user_filter (class=org.apache.hadoop.http.lib.StaticUserWebFilter$StaticUserFilter) to context hddsDatanode
2019-08-23 09:58:12,808 [main] INFO  http.HttpServer2 (HttpServer2.java:addFilter(958)) - Added filter static_user_filter (class=org.apache.hadoop.http.lib.StaticUserWebFilter$StaticUserFilter) to context logs
2019-08-23 09:58:12,808 [main] INFO  http.HttpServer2 (HttpServer2.java:addFilter(958)) - Added filter static_user_filter (class=org.apache.hadoop.http.lib.StaticUserWebFilter$StaticUserFilter) to context static
2019-08-23 09:58:12,810 [main] INFO  http.HttpServer2 (HttpServer2.java:bindListener(1191)) - Jetty bound to port 40890
2019-08-23 09:58:12,810 [main] INFO  server.Server (Server.java:doStart(351)) - jetty-9.3.24.v20180605, build timestamp: 2018-06-05T17:11:56Z, git hash: 84205aa28f11a4f31f2a3b86d1bba2cc8ab69827
2019-08-23 09:58:12,813 [main] INFO  handler.ContextHandler (ContextHandler.java:doStart(781)) - Started o.e.j.s.ServletContextHandler@50fb33a{/logs,file:///workdir/hadoop-ozone/integration-test/target/log,AVAILABLE}
2019-08-23 09:58:12,814 [main] INFO  handler.ContextHandler (ContextHandler.java:doStart(781)) - Started o.e.j.s.ServletContextHandler@1457fde{/static,jar:file:/home/user/.m2/repository/org/apache/hadoop/hadoop-hdds-container-service/0.5.0-SNAPSHOT/hadoop-hdds-container-service-0.5.0-SNAPSHOT.jar!/webapps/static,AVAILABLE}
2019-08-23 09:58:12,860 [main] INFO  handler.ContextHandler (ContextHandler.java:doStart(781)) - Started o.e.j.w.WebAppContext@10b1a751{/,file:///tmp/jetty-0.0.0.0-40890-hddsDatanode-_-any-1342628016652704144.dir/webapp/,AVAILABLE}{/hddsDatanode}
2019-08-23 09:58:12,861 [main] INFO  server.AbstractConnector (AbstractConnector.java:doStart(278)) - Started ServerConnector@53cf9c99{HTTP/1.1,[http/1.1]}{0.0.0.0:40890}
2019-08-23 09:58:12,862 [main] INFO  server.Server (Server.java:doStart(419)) - Started @5819ms
2019-08-23 09:58:12,864 [main] INFO  server.BaseHttpServer (BaseHttpServer.java:updateConnectorAddress(213)) - HTTP server of HDDSDATANODE is listening at http://0.0.0.0:40890
2019-08-23 09:58:14,071 | INFO  | ObjectStoreRestHttpServer | Listening HDDS REST traffic on /0.0.0.0:46655 |  
2019-08-23 09:58:14,072 [main] INFO  ozone.HddsDatanodeService (HddsDatanodeService.java:startPlugins(395)) - Started plug-in org.apache.hadoop.ozone.web.OzoneHddsDatanodeService@1a21f43f
2019-08-23 09:58:14,073 [main] INFO  impl.MetricsSystemImpl (MetricsSystemImpl.java:init(158)) - HddsDatanode metrics system started (again)
2019-08-23 09:58:14,076 [main] INFO  ozone.HddsDatanodeService (HddsDatanodeService.java:start(184)) - HddsDatanodeService host:pr-hdds-1094-w8cgz-2737508714 ip:192.168.5.185
2019-08-23 09:58:14,079 [org.apache.hadoop.util.JvmPauseMonitor$Monitor@54dce1e3] INFO  util.JvmPauseMonitor (JvmPauseMonitor.java:run(188)) - Starting JVM pause monitor
2019-08-23 09:58:14,084 [main] INFO  volume.HddsVolume (HddsVolume.java:<init>(176)) - Creating Volume: /workdir/hadoop-ozone/integration-test/target/test-dir/MiniOzoneClusterImpl-4dc0e789-7321-4c00-9da5-33206f8d16b6/datanode-1/data/containers/hdds of  storage type : DISK and capacity : 1482555576320
2019-08-23 09:58:14,084 [main] INFO  volume.VolumeSet (VolumeSet.java:initializeVolumeSet(170)) - Added Volume : /workdir/hadoop-ozone/integration-test/target/test-dir/MiniOzoneClusterImpl-4dc0e789-7321-4c00-9da5-33206f8d16b6/datanode-1/data/containers/hdds to VolumeSet
2019-08-23 09:58:14,085 [main] INFO  volume.ThrottledAsyncChecker (ThrottledAsyncChecker.java:schedule(140)) - Scheduling a check for org.apache.hadoop.ozone.container.common.volume.HddsVolume@35787726
2019-08-23 09:58:14,085 [main] INFO  volume.HddsVolumeChecker (HddsVolumeChecker.java:checkAllVolumes(203)) - Scheduled health check for volume org.apache.hadoop.ozone.container.common.volume.HddsVolume@35787726
2019-08-23 09:58:14,105 [main] INFO  impl.RaftServerProxy (ConfUtils.java:logGet(43)) - raft.rpc.type = GRPC (default)
2019-08-23 09:58:14,106 [main] INFO  grpc.GrpcFactory (GrpcFactory.java:checkPooledByteBufAllocatorUseCacheForAllThreads(45)) - PERFORMANCE WARNING: useCacheForAllThreads is true that may cause Netty to create a lot garbage objects and, as a result, trigger GC.
	It is recommended to disable useCacheForAllThreads by setting -Dorg.apache.ratis.thirdparty.io.netty.allocator.useCacheForAllThreads=false in command line.
2019-08-23 09:58:14,106 [main] INFO  grpc.GrpcConfigKeys$Server (ConfUtils.java:logGet(43)) - raft.grpc.server.port = 0 (default)
2019-08-23 09:58:14,106 [main] INFO  server.GrpcService (ConfUtils.java:logGet(43)) - raft.grpc.message.size.max = 33570816 (custom)
2019-08-23 09:58:14,106 [main] INFO  server.RaftServerConfigKeys (ConfUtils.java:logGet(43)) - raft.server.log.appender.buffer.byte-limit = 33554432 (custom)
2019-08-23 09:58:14,107 [main] INFO  server.GrpcService (ConfUtils.java:logGet(43)) - raft.grpc.flow.control.window = 1MB (=1048576) (default)
2019-08-23 09:58:14,107 [main] INFO  server.RaftServerConfigKeys (ConfUtils.java:logGet(43)) - raft.server.rpc.request.timeout = 3000ms (default)
2019-08-23 09:58:14,107 [main] INFO  server.RaftServerConfigKeys (ConfUtils.java:logGet(43)) - raft.server.storage.dir = [/workdir/hadoop-ozone/integration-test/target/test-dir/MiniOzoneClusterImpl-4dc0e789-7321-4c00-9da5-33206f8d16b6/datanode-1/data/ratis] (custom)
2019-08-23 09:58:14,108 [main] INFO  replication.SimpleContainerDownloader (SimpleContainerDownloader.java:<init>(72)) - Starting container downloader service to copy containers to replicate.
2019-08-23 09:58:14,110 [main] INFO  hdfs.DFSUtil (DFSUtil.java:httpServerTemplateForNNAndJN(1641)) - Starting Web-server for hddsDatanode at: http://0.0.0.0:0
2019-08-23 09:58:14,113 [main] INFO  server.AuthenticationFilter (AuthenticationFilter.java:constructSecretProvider(240)) - Unable to initialize FileSignerSecretProvider, falling back to use random secrets.
2019-08-23 09:58:14,114 [main] WARN  http.HttpRequestLog (HttpRequestLog.java:getRequestLog(97)) - Jetty request log can only be enabled using Log4j
2019-08-23 09:58:14,118 [main] INFO  http.HttpServer2 (HttpServer2.java:addGlobalFilter(975)) - Added global filter 'safety' (class=org.apache.hadoop.http.HttpServer2$QuotingInputFilter)
2019-08-23 09:58:14,120 [main] INFO  http.HttpServer2 (HttpServer2.java:addFilter(948)) - Added filter static_user_filter (class=org.apache.hadoop.http.lib.StaticUserWebFilter$StaticUserFilter) to context hddsDatanode
2019-08-23 09:58:14,124 [main] INFO  http.HttpServer2 (HttpServer2.java:addFilter(958)) - Added filter static_user_filter (class=org.apache.hadoop.http.lib.StaticUserWebFilter$StaticUserFilter) to context logs
2019-08-23 09:58:14,125 [main] INFO  http.HttpServer2 (HttpServer2.java:addFilter(958)) - Added filter static_user_filter (class=org.apache.hadoop.http.lib.StaticUserWebFilter$StaticUserFilter) to context static
2019-08-23 09:58:14,127 [main] INFO  http.HttpServer2 (HttpServer2.java:bindListener(1191)) - Jetty bound to port 44618
2019-08-23 09:58:14,127 [main] INFO  server.Server (Server.java:doStart(351)) - jetty-9.3.24.v20180605, build timestamp: 2018-06-05T17:11:56Z, git hash: 84205aa28f11a4f31f2a3b86d1bba2cc8ab69827
2019-08-23 09:58:14,140 [main] INFO  handler.ContextHandler (ContextHandler.java:doStart(781)) - Started o.e.j.s.ServletContextHandler@587c5c1{/logs,file:///workdir/hadoop-ozone/integration-test/target/log,AVAILABLE}
2019-08-23 09:58:14,142 [main] INFO  handler.ContextHandler (ContextHandler.java:doStart(781)) - Started o.e.j.s.ServletContextHandler@1f78d415{/static,jar:file:/home/user/.m2/repository/org/apache/hadoop/hadoop-hdds-container-service/0.5.0-SNAPSHOT/hadoop-hdds-container-service-0.5.0-SNAPSHOT.jar!/webapps/static,AVAILABLE}
2019-08-23 09:58:14,188 [main] INFO  handler.ContextHandler (ContextHandler.java:doStart(781)) - Started o.e.j.w.WebAppContext@9cfc77{/,file:///tmp/jetty-0.0.0.0-44618-hddsDatanode-_-any-1720558033263731420.dir/webapp/,AVAILABLE}{/hddsDatanode}
2019-08-23 09:58:14,190 [main] INFO  server.AbstractConnector (AbstractConnector.java:doStart(278)) - Started ServerConnector@7418d76e{HTTP/1.1,[http/1.1]}{0.0.0.0:44618}
2019-08-23 09:58:14,191 [main] INFO  server.Server (Server.java:doStart(419)) - Started @7148ms
2019-08-23 09:58:14,192 [main] INFO  server.BaseHttpServer (BaseHttpServer.java:updateConnectorAddress(213)) - HTTP server of HDDSDATANODE is listening at http://0.0.0.0:44618
2019-08-23 09:58:14,236 [Datanode State Machine Thread - 0] INFO  datanode.InitDatanodeState (InitDatanodeState.java:persistContainerDatanodeDetails(140)) - DatanodeDetails is persisted to /workdir/hadoop-ozone/integration-test/target/test-dir/MiniOzoneClusterImpl-4dc0e789-7321-4c00-9da5-33206f8d16b6/datanode-0/meta/datanode.id
2019-08-23 09:58:14,354 | INFO  | ObjectStoreRestHttpServer | Listening HDDS REST traffic on /0.0.0.0:45019 |  
2019-08-23 09:58:14,354 [main] INFO  ozone.HddsDatanodeService (HddsDatanodeService.java:startPlugins(395)) - Started plug-in org.apache.hadoop.ozone.web.OzoneHddsDatanodeService@58a765ce
2019-08-23 09:58:14,355 [main] INFO  impl.MetricsSystemImpl (MetricsSystemImpl.java:init(158)) - HddsDatanode metrics system started (again)
2019-08-23 09:58:14,358 [org.apache.hadoop.util.JvmPauseMonitor$Monitor@5bdfa642] INFO  util.JvmPauseMonitor (JvmPauseMonitor.java:run(188)) - Starting JVM pause monitor
2019-08-23 09:58:14,358 [main] INFO  ozone.HddsDatanodeService (HddsDatanodeService.java:start(184)) - HddsDatanodeService host:pr-hdds-1094-w8cgz-2737508714 ip:192.168.5.185
2019-08-23 09:58:14,363 [Datanode State Machine Thread - 0] INFO  datanode.InitDatanodeState (InitDatanodeState.java:persistContainerDatanodeDetails(140)) - DatanodeDetails is persisted to /workdir/hadoop-ozone/integration-test/target/test-dir/MiniOzoneClusterImpl-4dc0e789-7321-4c00-9da5-33206f8d16b6/datanode-1/meta/datanode.id
2019-08-23 09:58:14,368 [main] INFO  volume.HddsVolume (HddsVolume.java:<init>(176)) - Creating Volume: /workdir/hadoop-ozone/integration-test/target/test-dir/MiniOzoneClusterImpl-4dc0e789-7321-4c00-9da5-33206f8d16b6/datanode-2/data/containers/hdds of  storage type : DISK and capacity : 1482555576320
2019-08-23 09:58:14,369 [main] INFO  volume.VolumeSet (VolumeSet.java:initializeVolumeSet(170)) - Added Volume : /workdir/hadoop-ozone/integration-test/target/test-dir/MiniOzoneClusterImpl-4dc0e789-7321-4c00-9da5-33206f8d16b6/datanode-2/data/containers/hdds to VolumeSet
2019-08-23 09:58:14,369 [main] INFO  volume.ThrottledAsyncChecker (ThrottledAsyncChecker.java:schedule(140)) - Scheduling a check for org.apache.hadoop.ozone.container.common.volume.HddsVolume@3c28e5b6
2019-08-23 09:58:14,370 [main] INFO  volume.HddsVolumeChecker (HddsVolumeChecker.java:checkAllVolumes(203)) - Scheduled health check for volume org.apache.hadoop.ozone.container.common.volume.HddsVolume@3c28e5b6
2019-08-23 09:58:14,388 [main] INFO  impl.RaftServerProxy (ConfUtils.java:logGet(43)) - raft.rpc.type = GRPC (default)
2019-08-23 09:58:14,388 [main] INFO  grpc.GrpcFactory (GrpcFactory.java:checkPooledByteBufAllocatorUseCacheForAllThreads(45)) - PERFORMANCE WARNING: useCacheForAllThreads is true that may cause Netty to create a lot garbage objects and, as a result, trigger GC.
	It is recommended to disable useCacheForAllThreads by setting -Dorg.apache.ratis.thirdparty.io.netty.allocator.useCacheForAllThreads=false in command line.
2019-08-23 09:58:14,389 [main] INFO  grpc.GrpcConfigKeys$Server (ConfUtils.java:logGet(43)) - raft.grpc.server.port = 0 (default)
2019-08-23 09:58:14,389 [main] INFO  server.GrpcService (ConfUtils.java:logGet(43)) - raft.grpc.message.size.max = 33570816 (custom)
2019-08-23 09:58:14,389 [main] INFO  server.RaftServerConfigKeys (ConfUtils.java:logGet(43)) - raft.server.log.appender.buffer.byte-limit = 33554432 (custom)
2019-08-23 09:58:14,389 [main] INFO  server.GrpcService (ConfUtils.java:logGet(43)) - raft.grpc.flow.control.window = 1MB (=1048576) (default)
2019-08-23 09:58:14,390 [main] INFO  server.RaftServerConfigKeys (ConfUtils.java:logGet(43)) - raft.server.rpc.request.timeout = 3000ms (default)
2019-08-23 09:58:14,391 [main] INFO  server.RaftServerConfigKeys (ConfUtils.java:logGet(43)) - raft.server.storage.dir = [/workdir/hadoop-ozone/integration-test/target/test-dir/MiniOzoneClusterImpl-4dc0e789-7321-4c00-9da5-33206f8d16b6/datanode-2/data/ratis] (custom)
2019-08-23 09:58:14,392 [main] INFO  replication.SimpleContainerDownloader (SimpleContainerDownloader.java:<init>(72)) - Starting container downloader service to copy containers to replicate.
2019-08-23 09:58:14,393 [main] INFO  hdfs.DFSUtil (DFSUtil.java:httpServerTemplateForNNAndJN(1641)) - Starting Web-server for hddsDatanode at: http://0.0.0.0:0
2019-08-23 09:58:14,397 [main] INFO  server.AuthenticationFilter (AuthenticationFilter.java:constructSecretProvider(240)) - Unable to initialize FileSignerSecretProvider, falling back to use random secrets.
2019-08-23 09:58:14,397 [main] WARN  http.HttpRequestLog (HttpRequestLog.java:getRequestLog(97)) - Jetty request log can only be enabled using Log4j
2019-08-23 09:58:14,400 [main] INFO  http.HttpServer2 (HttpServer2.java:addGlobalFilter(975)) - Added global filter 'safety' (class=org.apache.hadoop.http.HttpServer2$QuotingInputFilter)
2019-08-23 09:58:14,400 [main] INFO  http.HttpServer2 (HttpServer2.java:addFilter(948)) - Added filter static_user_filter (class=org.apache.hadoop.http.lib.StaticUserWebFilter$StaticUserFilter) to context hddsDatanode
2019-08-23 09:58:14,401 [main] INFO  http.HttpServer2 (HttpServer2.java:addFilter(958)) - Added filter static_user_filter (class=org.apache.hadoop.http.lib.StaticUserWebFilter$StaticUserFilter) to context static
2019-08-23 09:58:14,401 [main] INFO  http.HttpServer2 (HttpServer2.java:addFilter(958)) - Added filter static_user_filter (class=org.apache.hadoop.http.lib.StaticUserWebFilter$StaticUserFilter) to context logs
2019-08-23 09:58:14,402 [main] INFO  http.HttpServer2 (HttpServer2.java:bindListener(1191)) - Jetty bound to port 35143
2019-08-23 09:58:14,402 [main] INFO  server.Server (Server.java:doStart(351)) - jetty-9.3.24.v20180605, build timestamp: 2018-06-05T17:11:56Z, git hash: 84205aa28f11a4f31f2a3b86d1bba2cc8ab69827
2019-08-23 09:58:14,404 [main] INFO  handler.ContextHandler (ContextHandler.java:doStart(781)) - Started o.e.j.s.ServletContextHandler@3c7279a5{/logs,file:///workdir/hadoop-ozone/integration-test/target/log,AVAILABLE}
2019-08-23 09:58:14,404 [main] INFO  handler.ContextHandler (ContextHandler.java:doStart(781)) - Started o.e.j.s.ServletContextHandler@b379bc6{/static,jar:file:/home/user/.m2/repository/org/apache/hadoop/hadoop-hdds-container-service/0.5.0-SNAPSHOT/hadoop-hdds-container-service-0.5.0-SNAPSHOT.jar!/webapps/static,AVAILABLE}
2019-08-23 09:58:14,434 [main] INFO  handler.ContextHandler (ContextHandler.java:doStart(781)) - Started o.e.j.w.WebAppContext@1b52699c{/,file:///tmp/jetty-0.0.0.0-35143-hddsDatanode-_-any-2217163828437593554.dir/webapp/,AVAILABLE}{/hddsDatanode}
2019-08-23 09:58:14,435 [main] INFO  server.AbstractConnector (AbstractConnector.java:doStart(278)) - Started ServerConnector@dbed7fd{HTTP/1.1,[http/1.1]}{0.0.0.0:35143}
2019-08-23 09:58:14,438 [main] INFO  server.Server (Server.java:doStart(419)) - Started @7395ms
2019-08-23 09:58:14,438 [main] INFO  server.BaseHttpServer (BaseHttpServer.java:updateConnectorAddress(213)) - HTTP server of HDDSDATANODE is listening at http://0.0.0.0:35143
2019-08-23 09:58:14,578 | INFO  | ObjectStoreRestHttpServer | Listening HDDS REST traffic on /0.0.0.0:36167 |  
2019-08-23 09:58:14,578 [main] INFO  ozone.HddsDatanodeService (HddsDatanodeService.java:startPlugins(395)) - Started plug-in org.apache.hadoop.ozone.web.OzoneHddsDatanodeService@251c90f
2019-08-23 09:58:14,578 [main] INFO  impl.MetricsSystemImpl (MetricsSystemImpl.java:init(158)) - HddsDatanode metrics system started (again)
2019-08-23 09:58:14,582 [main] INFO  ozone.HddsDatanodeService (HddsDatanodeService.java:start(184)) - HddsDatanodeService host:pr-hdds-1094-w8cgz-2737508714 ip:192.168.5.185
2019-08-23 09:58:14,582 [org.apache.hadoop.util.JvmPauseMonitor$Monitor@19e85d27] INFO  util.JvmPauseMonitor (JvmPauseMonitor.java:run(188)) - Starting JVM pause monitor
2019-08-23 09:58:14,585 [Datanode State Machine Thread - 0] INFO  datanode.InitDatanodeState (InitDatanodeState.java:persistContainerDatanodeDetails(140)) - DatanodeDetails is persisted to /workdir/hadoop-ozone/integration-test/target/test-dir/MiniOzoneClusterImpl-4dc0e789-7321-4c00-9da5-33206f8d16b6/datanode-2/meta/datanode.id
2019-08-23 09:58:14,590 [main] INFO  volume.HddsVolume (HddsVolume.java:<init>(176)) - Creating Volume: /workdir/hadoop-ozone/integration-test/target/test-dir/MiniOzoneClusterImpl-4dc0e789-7321-4c00-9da5-33206f8d16b6/datanode-3/data/containers/hdds of  storage type : DISK and capacity : 1482555576320
2019-08-23 09:58:14,590 [main] INFO  volume.VolumeSet (VolumeSet.java:initializeVolumeSet(170)) - Added Volume : /workdir/hadoop-ozone/integration-test/target/test-dir/MiniOzoneClusterImpl-4dc0e789-7321-4c00-9da5-33206f8d16b6/datanode-3/data/containers/hdds to VolumeSet
2019-08-23 09:58:14,591 [main] INFO  volume.ThrottledAsyncChecker (ThrottledAsyncChecker.java:schedule(140)) - Scheduling a check for org.apache.hadoop.ozone.container.common.volume.HddsVolume@599f1b7
2019-08-23 09:58:14,591 [main] INFO  volume.HddsVolumeChecker (HddsVolumeChecker.java:checkAllVolumes(203)) - Scheduled health check for volume org.apache.hadoop.ozone.container.common.volume.HddsVolume@599f1b7
2019-08-23 09:58:14,607 [main] INFO  impl.RaftServerProxy (ConfUtils.java:logGet(43)) - raft.rpc.type = GRPC (default)
2019-08-23 09:58:14,607 [main] INFO  grpc.GrpcFactory (GrpcFactory.java:checkPooledByteBufAllocatorUseCacheForAllThreads(45)) - PERFORMANCE WARNING: useCacheForAllThreads is true that may cause Netty to create a lot garbage objects and, as a result, trigger GC.
	It is recommended to disable useCacheForAllThreads by setting -Dorg.apache.ratis.thirdparty.io.netty.allocator.useCacheForAllThreads=false in command line.
2019-08-23 09:58:14,607 [main] INFO  grpc.GrpcConfigKeys$Server (ConfUtils.java:logGet(43)) - raft.grpc.server.port = 0 (default)
2019-08-23 09:58:14,608 [main] INFO  server.GrpcService (ConfUtils.java:logGet(43)) - raft.grpc.message.size.max = 33570816 (custom)
2019-08-23 09:58:14,608 [main] INFO  server.RaftServerConfigKeys (ConfUtils.java:logGet(43)) - raft.server.log.appender.buffer.byte-limit = 33554432 (custom)
2019-08-23 09:58:14,608 [main] INFO  server.GrpcService (ConfUtils.java:logGet(43)) - raft.grpc.flow.control.window = 1MB (=1048576) (default)
2019-08-23 09:58:14,608 [main] INFO  server.RaftServerConfigKeys (ConfUtils.java:logGet(43)) - raft.server.rpc.request.timeout = 3000ms (default)
2019-08-23 09:58:14,609 [main] INFO  server.RaftServerConfigKeys (ConfUtils.java:logGet(43)) - raft.server.storage.dir = [/workdir/hadoop-ozone/integration-test/target/test-dir/MiniOzoneClusterImpl-4dc0e789-7321-4c00-9da5-33206f8d16b6/datanode-3/data/ratis] (custom)
2019-08-23 09:58:14,609 [main] INFO  replication.SimpleContainerDownloader (SimpleContainerDownloader.java:<init>(72)) - Starting container downloader service to copy containers to replicate.
2019-08-23 09:58:14,610 [main] INFO  hdfs.DFSUtil (DFSUtil.java:httpServerTemplateForNNAndJN(1641)) - Starting Web-server for hddsDatanode at: http://0.0.0.0:0
2019-08-23 09:58:14,612 [main] INFO  server.AuthenticationFilter (AuthenticationFilter.java:constructSecretProvider(240)) - Unable to initialize FileSignerSecretProvider, falling back to use random secrets.
2019-08-23 09:58:14,612 [main] WARN  http.HttpRequestLog (HttpRequestLog.java:getRequestLog(97)) - Jetty request log can only be enabled using Log4j
2019-08-23 09:58:14,614 [main] INFO  http.HttpServer2 (HttpServer2.java:addGlobalFilter(975)) - Added global filter 'safety' (class=org.apache.hadoop.http.HttpServer2$QuotingInputFilter)
2019-08-23 09:58:14,614 [main] INFO  http.HttpServer2 (HttpServer2.java:addFilter(948)) - Added filter static_user_filter (class=org.apache.hadoop.http.lib.StaticUserWebFilter$StaticUserFilter) to context hddsDatanode
2019-08-23 09:58:14,614 [main] INFO  http.HttpServer2 (HttpServer2.java:addFilter(958)) - Added filter static_user_filter (class=org.apache.hadoop.http.lib.StaticUserWebFilter$StaticUserFilter) to context logs
2019-08-23 09:58:14,615 [main] INFO  http.HttpServer2 (HttpServer2.java:addFilter(958)) - Added filter static_user_filter (class=org.apache.hadoop.http.lib.StaticUserWebFilter$StaticUserFilter) to context static
2019-08-23 09:58:14,615 [main] INFO  http.HttpServer2 (HttpServer2.java:bindListener(1191)) - Jetty bound to port 39435
2019-08-23 09:58:14,616 [main] INFO  server.Server (Server.java:doStart(351)) - jetty-9.3.24.v20180605, build timestamp: 2018-06-05T17:11:56Z, git hash: 84205aa28f11a4f31f2a3b86d1bba2cc8ab69827
2019-08-23 09:58:14,619 [main] INFO  handler.ContextHandler (ContextHandler.java:doStart(781)) - Started o.e.j.s.ServletContextHandler@2506b881{/logs,file:///workdir/hadoop-ozone/integration-test/target/log,AVAILABLE}
2019-08-23 09:58:14,620 [main] INFO  handler.ContextHandler (ContextHandler.java:doStart(781)) - Started o.e.j.s.ServletContextHandler@486bd064{/static,jar:file:/home/user/.m2/repository/org/apache/hadoop/hadoop-hdds-container-service/0.5.0-SNAPSHOT/hadoop-hdds-container-service-0.5.0-SNAPSHOT.jar!/webapps/static,AVAILABLE}
2019-08-23 09:58:14,649 [main] INFO  handler.ContextHandler (ContextHandler.java:doStart(781)) - Started o.e.j.w.WebAppContext@2bec068b{/,file:///tmp/jetty-0.0.0.0-39435-hddsDatanode-_-any-6936717447590402903.dir/webapp/,AVAILABLE}{/hddsDatanode}
2019-08-23 09:58:14,651 [main] INFO  server.AbstractConnector (AbstractConnector.java:doStart(278)) - Started ServerConnector@7d59e968{HTTP/1.1,[http/1.1]}{0.0.0.0:39435}
2019-08-23 09:58:14,651 [main] INFO  server.Server (Server.java:doStart(419)) - Started @7609ms
2019-08-23 09:58:14,652 [main] INFO  server.BaseHttpServer (BaseHttpServer.java:updateConnectorAddress(213)) - HTTP server of HDDSDATANODE is listening at http://0.0.0.0:39435
2019-08-23 09:58:14,791 | INFO  | ObjectStoreRestHttpServer | Listening HDDS REST traffic on /0.0.0.0:39882 |  
2019-08-23 09:58:14,792 [main] INFO  ozone.HddsDatanodeService (HddsDatanodeService.java:startPlugins(395)) - Started plug-in org.apache.hadoop.ozone.web.OzoneHddsDatanodeService@54495935
2019-08-23 09:58:14,792 [main] INFO  impl.MetricsSystemImpl (MetricsSystemImpl.java:init(158)) - HddsDatanode metrics system started (again)
2019-08-23 09:58:14,796 [org.apache.hadoop.util.JvmPauseMonitor$Monitor@7862c7d4] INFO  util.JvmPauseMonitor (JvmPauseMonitor.java:run(188)) - Starting JVM pause monitor
2019-08-23 09:58:14,796 [main] INFO  ozone.HddsDatanodeService (HddsDatanodeService.java:start(184)) - HddsDatanodeService host:pr-hdds-1094-w8cgz-2737508714 ip:192.168.5.185
2019-08-23 09:58:14,799 [Datanode State Machine Thread - 0] INFO  datanode.InitDatanodeState (InitDatanodeState.java:persistContainerDatanodeDetails(140)) - DatanodeDetails is persisted to /workdir/hadoop-ozone/integration-test/target/test-dir/MiniOzoneClusterImpl-4dc0e789-7321-4c00-9da5-33206f8d16b6/datanode-3/meta/datanode.id
2019-08-23 09:58:14,804 [main] INFO  volume.HddsVolume (HddsVolume.java:<init>(176)) - Creating Volume: /workdir/hadoop-ozone/integration-test/target/test-dir/MiniOzoneClusterImpl-4dc0e789-7321-4c00-9da5-33206f8d16b6/datanode-4/data/containers/hdds of  storage type : DISK and capacity : 1482555576320
2019-08-23 09:58:14,805 [main] INFO  volume.VolumeSet (VolumeSet.java:initializeVolumeSet(170)) - Added Volume : /workdir/hadoop-ozone/integration-test/target/test-dir/MiniOzoneClusterImpl-4dc0e789-7321-4c00-9da5-33206f8d16b6/datanode-4/data/containers/hdds to VolumeSet
2019-08-23 09:58:14,805 [main] INFO  volume.ThrottledAsyncChecker (ThrottledAsyncChecker.java:schedule(140)) - Scheduling a check for org.apache.hadoop.ozone.container.common.volume.HddsVolume@7be94cd6
2019-08-23 09:58:14,805 [main] INFO  volume.HddsVolumeChecker (HddsVolumeChecker.java:checkAllVolumes(203)) - Scheduled health check for volume org.apache.hadoop.ozone.container.common.volume.HddsVolume@7be94cd6
2019-08-23 09:58:14,829 [main] INFO  impl.RaftServerProxy (ConfUtils.java:logGet(43)) - raft.rpc.type = GRPC (default)
2019-08-23 09:58:14,830 [main] INFO  grpc.GrpcFactory (GrpcFactory.java:checkPooledByteBufAllocatorUseCacheForAllThreads(45)) - PERFORMANCE WARNING: useCacheForAllThreads is true that may cause Netty to create a lot garbage objects and, as a result, trigger GC.
	It is recommended to disable useCacheForAllThreads by setting -Dorg.apache.ratis.thirdparty.io.netty.allocator.useCacheForAllThreads=false in command line.
2019-08-23 09:58:14,830 [main] INFO  grpc.GrpcConfigKeys$Server (ConfUtils.java:logGet(43)) - raft.grpc.server.port = 0 (default)
2019-08-23 09:58:14,831 [main] INFO  server.GrpcService (ConfUtils.java:logGet(43)) - raft.grpc.message.size.max = 33570816 (custom)
2019-08-23 09:58:14,831 [main] INFO  server.RaftServerConfigKeys (ConfUtils.java:logGet(43)) - raft.server.log.appender.buffer.byte-limit = 33554432 (custom)
2019-08-23 09:58:14,832 [main] INFO  server.GrpcService (ConfUtils.java:logGet(43)) - raft.grpc.flow.control.window = 1MB (=1048576) (default)
2019-08-23 09:58:14,833 [main] INFO  server.RaftServerConfigKeys (ConfUtils.java:logGet(43)) - raft.server.rpc.request.timeout = 3000ms (default)
2019-08-23 09:58:14,834 [main] INFO  server.RaftServerConfigKeys (ConfUtils.java:logGet(43)) - raft.server.storage.dir = [/workdir/hadoop-ozone/integration-test/target/test-dir/MiniOzoneClusterImpl-4dc0e789-7321-4c00-9da5-33206f8d16b6/datanode-4/data/ratis] (custom)
2019-08-23 09:58:14,835 [main] INFO  replication.SimpleContainerDownloader (SimpleContainerDownloader.java:<init>(72)) - Starting container downloader service to copy containers to replicate.
2019-08-23 09:58:14,837 [main] INFO  hdfs.DFSUtil (DFSUtil.java:httpServerTemplateForNNAndJN(1641)) - Starting Web-server for hddsDatanode at: http://0.0.0.0:0
2019-08-23 09:58:14,839 [main] INFO  server.AuthenticationFilter (AuthenticationFilter.java:constructSecretProvider(240)) - Unable to initialize FileSignerSecretProvider, falling back to use random secrets.
2019-08-23 09:58:14,840 [main] WARN  http.HttpRequestLog (HttpRequestLog.java:getRequestLog(97)) - Jetty request log can only be enabled using Log4j
2019-08-23 09:58:14,841 [main] INFO  http.HttpServer2 (HttpServer2.java:addGlobalFilter(975)) - Added global filter 'safety' (class=org.apache.hadoop.http.HttpServer2$QuotingInputFilter)
2019-08-23 09:58:14,842 [main] INFO  http.HttpServer2 (HttpServer2.java:addFilter(948)) - Added filter static_user_filter (class=org.apache.hadoop.http.lib.StaticUserWebFilter$StaticUserFilter) to context hddsDatanode
2019-08-23 09:58:14,842 [main] INFO  http.HttpServer2 (HttpServer2.java:addFilter(958)) - Added filter static_user_filter (class=org.apache.hadoop.http.lib.StaticUserWebFilter$StaticUserFilter) to context logs
2019-08-23 09:58:14,842 [main] INFO  http.HttpServer2 (HttpServer2.java:addFilter(958)) - Added filter static_user_filter (class=org.apache.hadoop.http.lib.StaticUserWebFilter$StaticUserFilter) to context static
2019-08-23 09:58:14,843 [main] INFO  http.HttpServer2 (HttpServer2.java:bindListener(1191)) - Jetty bound to port 37540
2019-08-23 09:58:14,843 [main] INFO  server.Server (Server.java:doStart(351)) - jetty-9.3.24.v20180605, build timestamp: 2018-06-05T17:11:56Z, git hash: 84205aa28f11a4f31f2a3b86d1bba2cc8ab69827
2019-08-23 09:58:14,846 [main] INFO  handler.ContextHandler (ContextHandler.java:doStart(781)) - Started o.e.j.s.ServletContextHandler@13f40d71{/logs,file:///workdir/hadoop-ozone/integration-test/target/log,AVAILABLE}
2019-08-23 09:58:14,846 [main] INFO  handler.ContextHandler (ContextHandler.java:doStart(781)) - Started o.e.j.s.ServletContextHandler@18a98913{/static,jar:file:/home/user/.m2/repository/org/apache/hadoop/hadoop-hdds-container-service/0.5.0-SNAPSHOT/hadoop-hdds-container-service-0.5.0-SNAPSHOT.jar!/webapps/static,AVAILABLE}
2019-08-23 09:58:14,875 [main] INFO  handler.ContextHandler (ContextHandler.java:doStart(781)) - Started o.e.j.w.WebAppContext@1b7554d4{/,file:///tmp/jetty-0.0.0.0-37540-hddsDatanode-_-any-7982705006299213190.dir/webapp/,AVAILABLE}{/hddsDatanode}
2019-08-23 09:58:14,876 [main] INFO  server.AbstractConnector (AbstractConnector.java:doStart(278)) - Started ServerConnector@57ce2898{HTTP/1.1,[http/1.1]}{0.0.0.0:37540}
2019-08-23 09:58:14,877 [main] INFO  server.Server (Server.java:doStart(419)) - Started @7835ms
2019-08-23 09:58:14,878 [main] INFO  server.BaseHttpServer (BaseHttpServer.java:updateConnectorAddress(213)) - HTTP server of HDDSDATANODE is listening at http://0.0.0.0:37540
2019-08-23 09:58:15,006 | INFO  | ObjectStoreRestHttpServer | Listening HDDS REST traffic on /0.0.0.0:33103 |  
2019-08-23 09:58:15,006 [main] INFO  ozone.HddsDatanodeService (HddsDatanodeService.java:startPlugins(395)) - Started plug-in org.apache.hadoop.ozone.web.OzoneHddsDatanodeService@6c8efde4
2019-08-23 09:58:15,006 [main] INFO  impl.MetricsSystemImpl (MetricsSystemImpl.java:init(158)) - HddsDatanode metrics system started (again)
2019-08-23 09:58:15,011 [main] INFO  ozone.HddsDatanodeService (HddsDatanodeService.java:start(184)) - HddsDatanodeService host:pr-hdds-1094-w8cgz-2737508714 ip:192.168.5.185
2019-08-23 09:58:15,011 [org.apache.hadoop.util.JvmPauseMonitor$Monitor@6ea6f285] INFO  util.JvmPauseMonitor (JvmPauseMonitor.java:run(188)) - Starting JVM pause monitor
2019-08-23 09:58:15,014 [Datanode State Machine Thread - 0] INFO  datanode.InitDatanodeState (InitDatanodeState.java:persistContainerDatanodeDetails(140)) - DatanodeDetails is persisted to /workdir/hadoop-ozone/integration-test/target/test-dir/MiniOzoneClusterImpl-4dc0e789-7321-4c00-9da5-33206f8d16b6/datanode-4/meta/datanode.id
2019-08-23 09:58:15,019 [main] INFO  volume.HddsVolume (HddsVolume.java:<init>(176)) - Creating Volume: /workdir/hadoop-ozone/integration-test/target/test-dir/MiniOzoneClusterImpl-4dc0e789-7321-4c00-9da5-33206f8d16b6/datanode-5/data/containers/hdds of  storage type : DISK and capacity : 1482555576320
2019-08-23 09:58:15,019 [main] INFO  volume.VolumeSet (VolumeSet.java:initializeVolumeSet(170)) - Added Volume : /workdir/hadoop-ozone/integration-test/target/test-dir/MiniOzoneClusterImpl-4dc0e789-7321-4c00-9da5-33206f8d16b6/datanode-5/data/containers/hdds to VolumeSet
2019-08-23 09:58:15,019 [main] INFO  volume.ThrottledAsyncChecker (ThrottledAsyncChecker.java:schedule(140)) - Scheduling a check for org.apache.hadoop.ozone.container.common.volume.HddsVolume@46612bfc
2019-08-23 09:58:15,020 [main] INFO  volume.HddsVolumeChecker (HddsVolumeChecker.java:checkAllVolumes(203)) - Scheduled health check for volume org.apache.hadoop.ozone.container.common.volume.HddsVolume@46612bfc
2019-08-23 09:58:15,034 [main] INFO  impl.RaftServerProxy (ConfUtils.java:logGet(43)) - raft.rpc.type = GRPC (default)
2019-08-23 09:58:15,034 [main] INFO  grpc.GrpcFactory (GrpcFactory.java:checkPooledByteBufAllocatorUseCacheForAllThreads(45)) - PERFORMANCE WARNING: useCacheForAllThreads is true that may cause Netty to create a lot garbage objects and, as a result, trigger GC.
	It is recommended to disable useCacheForAllThreads by setting -Dorg.apache.ratis.thirdparty.io.netty.allocator.useCacheForAllThreads=false in command line.
2019-08-23 09:58:15,035 [main] INFO  grpc.GrpcConfigKeys$Server (ConfUtils.java:logGet(43)) - raft.grpc.server.port = 0 (default)
2019-08-23 09:58:15,035 [main] INFO  server.GrpcService (ConfUtils.java:logGet(43)) - raft.grpc.message.size.max = 33570816 (custom)
2019-08-23 09:58:15,035 [main] INFO  server.RaftServerConfigKeys (ConfUtils.java:logGet(43)) - raft.server.log.appender.buffer.byte-limit = 33554432 (custom)
2019-08-23 09:58:15,035 [main] INFO  server.GrpcService (ConfUtils.java:logGet(43)) - raft.grpc.flow.control.window = 1MB (=1048576) (default)
2019-08-23 09:58:15,036 [main] INFO  server.RaftServerConfigKeys (ConfUtils.java:logGet(43)) - raft.server.rpc.request.timeout = 3000ms (default)
2019-08-23 09:58:15,036 [main] INFO  server.RaftServerConfigKeys (ConfUtils.java:logGet(43)) - raft.server.storage.dir = [/workdir/hadoop-ozone/integration-test/target/test-dir/MiniOzoneClusterImpl-4dc0e789-7321-4c00-9da5-33206f8d16b6/datanode-5/data/ratis] (custom)
2019-08-23 09:58:15,037 [main] INFO  replication.SimpleContainerDownloader (SimpleContainerDownloader.java:<init>(72)) - Starting container downloader service to copy containers to replicate.
2019-08-23 09:58:15,038 [main] INFO  hdfs.DFSUtil (DFSUtil.java:httpServerTemplateForNNAndJN(1641)) - Starting Web-server for hddsDatanode at: http://0.0.0.0:0
2019-08-23 09:58:15,039 [main] INFO  server.AuthenticationFilter (AuthenticationFilter.java:constructSecretProvider(240)) - Unable to initialize FileSignerSecretProvider, falling back to use random secrets.
2019-08-23 09:58:15,040 [main] WARN  http.HttpRequestLog (HttpRequestLog.java:getRequestLog(97)) - Jetty request log can only be enabled using Log4j
2019-08-23 09:58:15,041 [main] INFO  http.HttpServer2 (HttpServer2.java:addGlobalFilter(975)) - Added global filter 'safety' (class=org.apache.hadoop.http.HttpServer2$QuotingInputFilter)
2019-08-23 09:58:15,042 [main] INFO  http.HttpServer2 (HttpServer2.java:addFilter(948)) - Added filter static_user_filter (class=org.apache.hadoop.http.lib.StaticUserWebFilter$StaticUserFilter) to context hddsDatanode
2019-08-23 09:58:15,042 [main] INFO  http.HttpServer2 (HttpServer2.java:addFilter(958)) - Added filter static_user_filter (class=org.apache.hadoop.http.lib.StaticUserWebFilter$StaticUserFilter) to context logs
2019-08-23 09:58:15,042 [main] INFO  http.HttpServer2 (HttpServer2.java:addFilter(958)) - Added filter static_user_filter (class=org.apache.hadoop.http.lib.StaticUserWebFilter$StaticUserFilter) to context static
2019-08-23 09:58:15,043 [main] INFO  http.HttpServer2 (HttpServer2.java:bindListener(1191)) - Jetty bound to port 43453
2019-08-23 09:58:15,043 [main] INFO  server.Server (Server.java:doStart(351)) - jetty-9.3.24.v20180605, build timestamp: 2018-06-05T17:11:56Z, git hash: 84205aa28f11a4f31f2a3b86d1bba2cc8ab69827
2019-08-23 09:58:15,045 [main] INFO  handler.ContextHandler (ContextHandler.java:doStart(781)) - Started o.e.j.s.ServletContextHandler@27ffd9f8{/logs,file:///workdir/hadoop-ozone/integration-test/target/log,AVAILABLE}
2019-08-23 09:58:15,045 [main] INFO  handler.ContextHandler (ContextHandler.java:doStart(781)) - Started o.e.j.s.ServletContextHandler@3ace6346{/static,jar:file:/home/user/.m2/repository/org/apache/hadoop/hadoop-hdds-container-service/0.5.0-SNAPSHOT/hadoop-hdds-container-service-0.5.0-SNAPSHOT.jar!/webapps/static,AVAILABLE}
2019-08-23 09:58:15,071 [main] INFO  handler.ContextHandler (ContextHandler.java:doStart(781)) - Started o.e.j.w.WebAppContext@5c234920{/,file:///tmp/jetty-0.0.0.0-43453-hddsDatanode-_-any-1824153812379400590.dir/webapp/,AVAILABLE}{/hddsDatanode}
2019-08-23 09:58:15,072 [main] INFO  server.AbstractConnector (AbstractConnector.java:doStart(278)) - Started ServerConnector@7ddeb27f{HTTP/1.1,[http/1.1]}{0.0.0.0:43453}
2019-08-23 09:58:15,073 [main] INFO  server.Server (Server.java:doStart(419)) - Started @8030ms
2019-08-23 09:58:15,074 [main] INFO  server.BaseHttpServer (BaseHttpServer.java:updateConnectorAddress(213)) - HTTP server of HDDSDATANODE is listening at http://0.0.0.0:43453
2019-08-23 09:58:15,323 | INFO  | ObjectStoreRestHttpServer | Listening HDDS REST traffic on /0.0.0.0:39418 |  
2019-08-23 09:58:15,323 [main] INFO  ozone.HddsDatanodeService (HddsDatanodeService.java:startPlugins(395)) - Started plug-in org.apache.hadoop.ozone.web.OzoneHddsDatanodeService@49653791
2019-08-23 09:58:15,324 [main] INFO  impl.MetricsSystemImpl (MetricsSystemImpl.java:init(158)) - HddsDatanode metrics system started (again)
2019-08-23 09:58:15,328 [org.apache.hadoop.util.JvmPauseMonitor$Monitor@11dba388] INFO  util.JvmPauseMonitor (JvmPauseMonitor.java:run(188)) - Starting JVM pause monitor
2019-08-23 09:58:15,329 [main] INFO  ozone.HddsDatanodeService (HddsDatanodeService.java:start(184)) - HddsDatanodeService host:pr-hdds-1094-w8cgz-2737508714 ip:192.168.5.185
2019-08-23 09:58:15,331 [Datanode State Machine Thread - 0] INFO  datanode.InitDatanodeState (InitDatanodeState.java:persistContainerDatanodeDetails(140)) - DatanodeDetails is persisted to /workdir/hadoop-ozone/integration-test/target/test-dir/MiniOzoneClusterImpl-4dc0e789-7321-4c00-9da5-33206f8d16b6/datanode-5/meta/datanode.id
2019-08-23 09:58:15,340 [main] INFO  volume.HddsVolume (HddsVolume.java:<init>(176)) - Creating Volume: /workdir/hadoop-ozone/integration-test/target/test-dir/MiniOzoneClusterImpl-4dc0e789-7321-4c00-9da5-33206f8d16b6/datanode-6/data/containers/hdds of  storage type : DISK and capacity : 1482555576320
2019-08-23 09:58:15,341 [main] INFO  volume.VolumeSet (VolumeSet.java:initializeVolumeSet(170)) - Added Volume : /workdir/hadoop-ozone/integration-test/target/test-dir/MiniOzoneClusterImpl-4dc0e789-7321-4c00-9da5-33206f8d16b6/datanode-6/data/containers/hdds to VolumeSet
2019-08-23 09:58:15,341 [main] INFO  volume.ThrottledAsyncChecker (ThrottledAsyncChecker.java:schedule(140)) - Scheduling a check for org.apache.hadoop.ozone.container.common.volume.HddsVolume@4601047
2019-08-23 09:58:15,342 [main] INFO  volume.HddsVolumeChecker (HddsVolumeChecker.java:checkAllVolumes(203)) - Scheduled health check for volume org.apache.hadoop.ozone.container.common.volume.HddsVolume@4601047
2019-08-23 09:58:15,364 [main] INFO  impl.RaftServerProxy (ConfUtils.java:logGet(43)) - raft.rpc.type = GRPC (default)
2019-08-23 09:58:15,365 [main] INFO  grpc.GrpcFactory (GrpcFactory.java:checkPooledByteBufAllocatorUseCacheForAllThreads(45)) - PERFORMANCE WARNING: useCacheForAllThreads is true that may cause Netty to create a lot garbage objects and, as a result, trigger GC.
	It is recommended to disable useCacheForAllThreads by setting -Dorg.apache.ratis.thirdparty.io.netty.allocator.useCacheForAllThreads=false in command line.
2019-08-23 09:58:15,365 [main] INFO  grpc.GrpcConfigKeys$Server (ConfUtils.java:logGet(43)) - raft.grpc.server.port = 0 (default)
2019-08-23 09:58:15,365 [main] INFO  server.GrpcService (ConfUtils.java:logGet(43)) - raft.grpc.message.size.max = 33570816 (custom)
2019-08-23 09:58:15,366 [main] INFO  server.RaftServerConfigKeys (ConfUtils.java:logGet(43)) - raft.server.log.appender.buffer.byte-limit = 33554432 (custom)
2019-08-23 09:58:15,366 [main] INFO  server.GrpcService (ConfUtils.java:logGet(43)) - raft.grpc.flow.control.window = 1MB (=1048576) (default)
2019-08-23 09:58:15,366 [main] INFO  server.RaftServerConfigKeys (ConfUtils.java:logGet(43)) - raft.server.rpc.request.timeout = 3000ms (default)
2019-08-23 09:58:15,367 [main] INFO  server.RaftServerConfigKeys (ConfUtils.java:logGet(43)) - raft.server.storage.dir = [/workdir/hadoop-ozone/integration-test/target/test-dir/MiniOzoneClusterImpl-4dc0e789-7321-4c00-9da5-33206f8d16b6/datanode-6/data/ratis] (custom)
2019-08-23 09:58:15,368 [main] INFO  replication.SimpleContainerDownloader (SimpleContainerDownloader.java:<init>(72)) - Starting container downloader service to copy containers to replicate.
2019-08-23 09:58:15,369 [main] INFO  hdfs.DFSUtil (DFSUtil.java:httpServerTemplateForNNAndJN(1641)) - Starting Web-server for hddsDatanode at: http://0.0.0.0:0
2019-08-23 09:58:15,371 [main] INFO  server.AuthenticationFilter (AuthenticationFilter.java:constructSecretProvider(240)) - Unable to initialize FileSignerSecretProvider, falling back to use random secrets.
2019-08-23 09:58:15,372 [main] WARN  http.HttpRequestLog (HttpRequestLog.java:getRequestLog(97)) - Jetty request log can only be enabled using Log4j
2019-08-23 09:58:15,375 [main] INFO  http.HttpServer2 (HttpServer2.java:addGlobalFilter(975)) - Added global filter 'safety' (class=org.apache.hadoop.http.HttpServer2$QuotingInputFilter)
2019-08-23 09:58:15,376 [main] INFO  http.HttpServer2 (HttpServer2.java:addFilter(948)) - Added filter static_user_filter (class=org.apache.hadoop.http.lib.StaticUserWebFilter$StaticUserFilter) to context hddsDatanode
2019-08-23 09:58:15,376 [main] INFO  http.HttpServer2 (HttpServer2.java:addFilter(958)) - Added filter static_user_filter (class=org.apache.hadoop.http.lib.StaticUserWebFilter$StaticUserFilter) to context static
2019-08-23 09:58:15,376 [main] INFO  http.HttpServer2 (HttpServer2.java:addFilter(958)) - Added filter static_user_filter (class=org.apache.hadoop.http.lib.StaticUserWebFilter$StaticUserFilter) to context logs
2019-08-23 09:58:15,377 [main] INFO  http.HttpServer2 (HttpServer2.java:bindListener(1191)) - Jetty bound to port 37792
2019-08-23 09:58:15,378 [main] INFO  server.Server (Server.java:doStart(351)) - jetty-9.3.24.v20180605, build timestamp: 2018-06-05T17:11:56Z, git hash: 84205aa28f11a4f31f2a3b86d1bba2cc8ab69827
2019-08-23 09:58:15,380 [main] INFO  handler.ContextHandler (ContextHandler.java:doStart(781)) - Started o.e.j.s.ServletContextHandler@635ff2a5{/logs,file:///workdir/hadoop-ozone/integration-test/target/log,AVAILABLE}
2019-08-23 09:58:15,381 [main] INFO  handler.ContextHandler (ContextHandler.java:doStart(781)) - Started o.e.j.s.ServletContextHandler@1515f782{/static,jar:file:/home/user/.m2/repository/org/apache/hadoop/hadoop-hdds-container-service/0.5.0-SNAPSHOT/hadoop-hdds-container-service-0.5.0-SNAPSHOT.jar!/webapps/static,AVAILABLE}
2019-08-23 09:58:15,424 [main] INFO  handler.ContextHandler (ContextHandler.java:doStart(781)) - Started o.e.j.w.WebAppContext@22da200e{/,file:///tmp/jetty-0.0.0.0-37792-hddsDatanode-_-any-4022369494128373680.dir/webapp/,AVAILABLE}{/hddsDatanode}
2019-08-23 09:58:15,424 [main] INFO  server.AbstractConnector (AbstractConnector.java:doStart(278)) - Started ServerConnector@4f26425b{HTTP/1.1,[http/1.1]}{0.0.0.0:37792}
2019-08-23 09:58:15,426 [main] INFO  server.Server (Server.java:doStart(419)) - Started @8383ms
2019-08-23 09:58:15,427 [main] INFO  server.BaseHttpServer (BaseHttpServer.java:updateConnectorAddress(213)) - HTTP server of HDDSDATANODE is listening at http://0.0.0.0:37792
2019-08-23 09:58:15,556 | INFO  | ObjectStoreRestHttpServer | Listening HDDS REST traffic on /0.0.0.0:35447 |  
2019-08-23 09:58:15,556 [main] INFO  ozone.HddsDatanodeService (HddsDatanodeService.java:startPlugins(395)) - Started plug-in org.apache.hadoop.ozone.web.OzoneHddsDatanodeService@561d88ee
2019-08-23 09:58:15,559 [main] INFO  ozone.MiniOzoneClusterImpl (MiniOzoneClusterImpl.java:lambda$waitForClusterToBeReady$0(142)) - Waiting for cluster to be ready. Got 0 of 7 DN Heartbeats.
2019-08-23 09:58:15,560 [org.apache.hadoop.util.JvmPauseMonitor$Monitor@4ea898f0] INFO  util.JvmPauseMonitor (JvmPauseMonitor.java:run(188)) - Starting JVM pause monitor
2019-08-23 09:58:15,563 [Datanode State Machine Thread - 0] INFO  datanode.InitDatanodeState (InitDatanodeState.java:persistContainerDatanodeDetails(140)) - DatanodeDetails is persisted to /workdir/hadoop-ozone/integration-test/target/test-dir/MiniOzoneClusterImpl-4dc0e789-7321-4c00-9da5-33206f8d16b6/datanode-6/meta/datanode.id
2019-08-23 09:58:16,116 | INFO  | SCMAudit | user=jenkins1000 | ip=192.168.5.185 | op=GET_VERSION null | ret=SUCCESS |  
2019-08-23 09:58:16,178 [Datanode State Machine Thread - 0] INFO  ozoneimpl.OzoneContainer (OzoneContainer.java:start(186)) - Attempting to start container services.
2019-08-23 09:58:16,181 [Datanode State Machine Thread - 0] INFO  ozoneimpl.OzoneContainer (OzoneContainer.java:startContainerScrub(160)) - Background container scrubber has been disabled by hdds.containerscrub.enabled
2019-08-23 09:58:16,181 [Datanode State Machine Thread - 0] INFO  ratis.XceiverServerRatis (XceiverServerRatis.java:start(404)) - Starting XceiverServerRatis f6ea449c-e8f9-4f88-8115-d15823026628 at port 0
2019-08-23 09:58:16,207 [Datanode State Machine Thread - 0] INFO  impl.RaftServerProxy (RaftServerProxy.java:lambda$start$3(299)) - f6ea449c-e8f9-4f88-8115-d15823026628: start RPC server
2019-08-23 09:58:16,361 | INFO  | SCMAudit | user=jenkins1000 | ip=192.168.5.185 | op=GET_VERSION null | ret=SUCCESS |  
2019-08-23 09:58:16,374 [Datanode State Machine Thread - 0] INFO  server.GrpcService (GrpcService.java:startImpl(149)) - f6ea449c-e8f9-4f88-8115-d15823026628: GrpcService started, listening on 0.0.0.0/0.0.0.0:39792
2019-08-23 09:58:16,376 [Datanode State Machine Thread - 0] INFO  ratis.XceiverServerRatis (XceiverServerRatis.java:start(414)) - XceiverServerRatis f6ea449c-e8f9-4f88-8115-d15823026628 is started using port 39792
2019-08-23 09:58:16,378 [Datanode State Machine Thread - 0] INFO  ozoneimpl.OzoneContainer (OzoneContainer.java:start(186)) - Attempting to start container services.
2019-08-23 09:58:16,379 [Datanode State Machine Thread - 0] INFO  server.XceiverServerGrpc (XceiverServerGrpc.java:start(161)) - XceiverServerGrpc f6ea449c-e8f9-4f88-8115-d15823026628 is started using port 32932
2019-08-23 09:58:16,380 [Datanode State Machine Thread - 0] INFO  ozoneimpl.OzoneContainer (OzoneContainer.java:startContainerScrub(160)) - Background container scrubber has been disabled by hdds.containerscrub.enabled
2019-08-23 09:58:16,381 [Datanode State Machine Thread - 0] INFO  ratis.XceiverServerRatis (XceiverServerRatis.java:start(404)) - Starting XceiverServerRatis b0a33e40-d898-4e82-91f3-4e0ce9e6b5e2 at port 0
2019-08-23 09:58:16,389 [Datanode State Machine Thread - 0] INFO  impl.RaftServerProxy (RaftServerProxy.java:lambda$start$3(299)) - b0a33e40-d898-4e82-91f3-4e0ce9e6b5e2: start RPC server
2019-08-23 09:58:16,392 [Datanode State Machine Thread - 0] INFO  server.GrpcService (GrpcService.java:startImpl(149)) - b0a33e40-d898-4e82-91f3-4e0ce9e6b5e2: GrpcService started, listening on 0.0.0.0/0.0.0.0:46843
2019-08-23 09:58:16,392 [Datanode State Machine Thread - 0] INFO  ratis.XceiverServerRatis (XceiverServerRatis.java:start(414)) - XceiverServerRatis b0a33e40-d898-4e82-91f3-4e0ce9e6b5e2 is started using port 46843
2019-08-23 09:58:16,394 [Datanode State Machine Thread - 0] INFO  server.XceiverServerGrpc (XceiverServerGrpc.java:start(161)) - XceiverServerGrpc b0a33e40-d898-4e82-91f3-4e0ce9e6b5e2 is started using port 40659
2019-08-23 09:58:16,559 [main] INFO  ozone.MiniOzoneClusterImpl (MiniOzoneClusterImpl.java:lambda$waitForClusterToBeReady$0(142)) - Waiting for cluster to be ready. Got 0 of 7 DN Heartbeats.
2019-08-23 09:58:16,585 | INFO  | SCMAudit | user=jenkins1000 | ip=192.168.5.185 | op=GET_VERSION null | ret=SUCCESS |  
2019-08-23 09:58:16,600 [Datanode State Machine Thread - 0] INFO  ozoneimpl.OzoneContainer (OzoneContainer.java:start(186)) - Attempting to start container services.
2019-08-23 09:58:16,605 [Datanode State Machine Thread - 0] INFO  ozoneimpl.OzoneContainer (OzoneContainer.java:startContainerScrub(160)) - Background container scrubber has been disabled by hdds.containerscrub.enabled
2019-08-23 09:58:16,605 [Datanode State Machine Thread - 0] INFO  ratis.XceiverServerRatis (XceiverServerRatis.java:start(404)) - Starting XceiverServerRatis 34ad912f-7383-45cc-9fa6-3ffcc2095e4d at port 0
2019-08-23 09:58:16,614 [Datanode State Machine Thread - 0] INFO  impl.RaftServerProxy (RaftServerProxy.java:lambda$start$3(299)) - 34ad912f-7383-45cc-9fa6-3ffcc2095e4d: start RPC server
2019-08-23 09:58:16,617 [Datanode State Machine Thread - 0] INFO  server.GrpcService (GrpcService.java:startImpl(149)) - 34ad912f-7383-45cc-9fa6-3ffcc2095e4d: GrpcService started, listening on 0.0.0.0/0.0.0.0:33327
2019-08-23 09:58:16,617 [Datanode State Machine Thread - 0] INFO  ratis.XceiverServerRatis (XceiverServerRatis.java:start(414)) - XceiverServerRatis 34ad912f-7383-45cc-9fa6-3ffcc2095e4d is started using port 33327
2019-08-23 09:58:16,619 [Datanode State Machine Thread - 0] INFO  server.XceiverServerGrpc (XceiverServerGrpc.java:start(161)) - XceiverServerGrpc 34ad912f-7383-45cc-9fa6-3ffcc2095e4d is started using port 35512
2019-08-23 09:58:16,800 | INFO  | SCMAudit | user=jenkins1000 | ip=192.168.5.185 | op=GET_VERSION null | ret=SUCCESS |  
2019-08-23 09:58:16,814 [Datanode State Machine Thread - 0] INFO  ozoneimpl.OzoneContainer (OzoneContainer.java:start(186)) - Attempting to start container services.
2019-08-23 09:58:16,815 [Datanode State Machine Thread - 0] INFO  ozoneimpl.OzoneContainer (OzoneContainer.java:startContainerScrub(160)) - Background container scrubber has been disabled by hdds.containerscrub.enabled
2019-08-23 09:58:16,815 [Datanode State Machine Thread - 0] INFO  ratis.XceiverServerRatis (XceiverServerRatis.java:start(404)) - Starting XceiverServerRatis b10ad05f-5e91-449e-8dbf-0e715902412d at port 0
2019-08-23 09:58:16,824 [Datanode State Machine Thread - 0] INFO  impl.RaftServerProxy (RaftServerProxy.java:lambda$start$3(299)) - b10ad05f-5e91-449e-8dbf-0e715902412d: start RPC server
2019-08-23 09:58:16,828 [Datanode State Machine Thread - 0] INFO  server.GrpcService (GrpcService.java:startImpl(149)) - b10ad05f-5e91-449e-8dbf-0e715902412d: GrpcService started, listening on 0.0.0.0/0.0.0.0:36540
2019-08-23 09:58:16,829 [Datanode State Machine Thread - 0] INFO  ratis.XceiverServerRatis (XceiverServerRatis.java:start(414)) - XceiverServerRatis b10ad05f-5e91-449e-8dbf-0e715902412d is started using port 36540
2019-08-23 09:58:16,832 [Datanode State Machine Thread - 0] INFO  server.XceiverServerGrpc (XceiverServerGrpc.java:start(161)) - XceiverServerGrpc b10ad05f-5e91-449e-8dbf-0e715902412d is started using port 43977
2019-08-23 09:58:17,015 | INFO  | SCMAudit | user=jenkins1000 | ip=192.168.5.185 | op=GET_VERSION null | ret=SUCCESS |  
2019-08-23 09:58:17,028 [Datanode State Machine Thread - 0] INFO  ozoneimpl.OzoneContainer (OzoneContainer.java:start(186)) - Attempting to start container services.
2019-08-23 09:58:17,028 [Datanode State Machine Thread - 0] INFO  ozoneimpl.OzoneContainer (OzoneContainer.java:startContainerScrub(160)) - Background container scrubber has been disabled by hdds.containerscrub.enabled
2019-08-23 09:58:17,029 [Datanode State Machine Thread - 0] INFO  ratis.XceiverServerRatis (XceiverServerRatis.java:start(404)) - Starting XceiverServerRatis 3b8e34bd-3e3f-4a27-8e2c-5775a50f870a at port 0
2019-08-23 09:58:17,035 [Datanode State Machine Thread - 0] INFO  impl.RaftServerProxy (RaftServerProxy.java:lambda$start$3(299)) - 3b8e34bd-3e3f-4a27-8e2c-5775a50f870a: start RPC server
2019-08-23 09:58:17,039 [Datanode State Machine Thread - 0] INFO  server.GrpcService (GrpcService.java:startImpl(149)) - 3b8e34bd-3e3f-4a27-8e2c-5775a50f870a: GrpcService started, listening on 0.0.0.0/0.0.0.0:43177
2019-08-23 09:58:17,039 [Datanode State Machine Thread - 0] INFO  ratis.XceiverServerRatis (XceiverServerRatis.java:start(414)) - XceiverServerRatis 3b8e34bd-3e3f-4a27-8e2c-5775a50f870a is started using port 43177
2019-08-23 09:58:17,042 [Datanode State Machine Thread - 0] INFO  server.XceiverServerGrpc (XceiverServerGrpc.java:start(161)) - XceiverServerGrpc 3b8e34bd-3e3f-4a27-8e2c-5775a50f870a is started using port 32918
2019-08-23 09:58:17,333 | INFO  | SCMAudit | user=jenkins1000 | ip=192.168.5.185 | op=GET_VERSION null | ret=SUCCESS |  
2019-08-23 09:58:17,347 [Datanode State Machine Thread - 0] INFO  ozoneimpl.OzoneContainer (OzoneContainer.java:start(186)) - Attempting to start container services.
2019-08-23 09:58:17,347 [Datanode State Machine Thread - 0] INFO  ozoneimpl.OzoneContainer (OzoneContainer.java:startContainerScrub(160)) - Background container scrubber has been disabled by hdds.containerscrub.enabled
2019-08-23 09:58:17,347 [Datanode State Machine Thread - 0] INFO  ratis.XceiverServerRatis (XceiverServerRatis.java:start(404)) - Starting XceiverServerRatis 8ee8c18d-65cc-49bc-8d53-6d0b6e2387ef at port 0
2019-08-23 09:58:17,355 [Datanode State Machine Thread - 0] INFO  impl.RaftServerProxy (RaftServerProxy.java:lambda$start$3(299)) - 8ee8c18d-65cc-49bc-8d53-6d0b6e2387ef: start RPC server
2019-08-23 09:58:17,360 [Datanode State Machine Thread - 0] INFO  server.GrpcService (GrpcService.java:startImpl(149)) - 8ee8c18d-65cc-49bc-8d53-6d0b6e2387ef: GrpcService started, listening on 0.0.0.0/0.0.0.0:38132
2019-08-23 09:58:17,360 [Datanode State Machine Thread - 0] INFO  ratis.XceiverServerRatis (XceiverServerRatis.java:start(414)) - XceiverServerRatis 8ee8c18d-65cc-49bc-8d53-6d0b6e2387ef is started using port 38132
2019-08-23 09:58:17,366 [Datanode State Machine Thread - 0] INFO  server.XceiverServerGrpc (XceiverServerGrpc.java:start(161)) - XceiverServerGrpc 8ee8c18d-65cc-49bc-8d53-6d0b6e2387ef is started using port 35969
2019-08-23 09:58:17,560 [main] INFO  ozone.MiniOzoneClusterImpl (MiniOzoneClusterImpl.java:lambda$waitForClusterToBeReady$0(142)) - Waiting for cluster to be ready. Got 0 of 7 DN Heartbeats.
2019-08-23 09:58:17,564 | INFO  | SCMAudit | user=jenkins1000 | ip=192.168.5.185 | op=GET_VERSION null | ret=SUCCESS |  
2019-08-23 09:58:17,578 [Datanode State Machine Thread - 0] INFO  ozoneimpl.OzoneContainer (OzoneContainer.java:start(186)) - Attempting to start container services.
2019-08-23 09:58:17,579 [Datanode State Machine Thread - 0] INFO  ozoneimpl.OzoneContainer (OzoneContainer.java:startContainerScrub(160)) - Background container scrubber has been disabled by hdds.containerscrub.enabled
2019-08-23 09:58:17,579 [Datanode State Machine Thread - 0] INFO  ratis.XceiverServerRatis (XceiverServerRatis.java:start(404)) - Starting XceiverServerRatis 2671c7a5-e82e-47d4-ac19-8fdd6a59c091 at port 0
2019-08-23 09:58:17,587 [Datanode State Machine Thread - 0] INFO  impl.RaftServerProxy (RaftServerProxy.java:lambda$start$3(299)) - 2671c7a5-e82e-47d4-ac19-8fdd6a59c091: start RPC server
2019-08-23 09:58:17,592 [Datanode State Machine Thread - 0] INFO  server.GrpcService (GrpcService.java:startImpl(149)) - 2671c7a5-e82e-47d4-ac19-8fdd6a59c091: GrpcService started, listening on 0.0.0.0/0.0.0.0:32897
2019-08-23 09:58:17,592 [Datanode State Machine Thread - 0] INFO  ratis.XceiverServerRatis (XceiverServerRatis.java:start(414)) - XceiverServerRatis 2671c7a5-e82e-47d4-ac19-8fdd6a59c091 is started using port 32897
2019-08-23 09:58:17,596 [Datanode State Machine Thread - 0] INFO  server.XceiverServerGrpc (XceiverServerGrpc.java:start(161)) - XceiverServerGrpc 2671c7a5-e82e-47d4-ac19-8fdd6a59c091 is started using port 41315
2019-08-23 09:58:18,108 [IPC Server handler 4 on 43523] INFO  net.NetworkTopology (NetworkTopologyImpl.java:add(110)) - Added a new node: /default-rack/f6ea449c-e8f9-4f88-8115-d15823026628
2019-08-23 09:58:18,109 [IPC Server handler 4 on 43523] INFO  node.SCMNodeManager (SCMNodeManager.java:register(273)) - Registered Data node : f6ea449c-e8f9-4f88-8115-d15823026628{ip: 192.168.5.185, host: pr-hdds-1094-w8cgz-2737508714, networkLocation: /default-rack, certSerialId: null}
2019-08-23 09:58:18,112 [EventQueue-NodeRegistrationContainerReportForDataNodeSafeModeRule] INFO  safemode.SCMSafeModeManager (DataNodeSafeModeRule.java:process(71)) - SCM in safe mode. 1 DataNodes registered, 1 required.
2019-08-23 09:58:18,112 [EventQueue-NodeRegistrationContainerReportForDataNodeSafeModeRule] INFO  safemode.SCMSafeModeManager (SCMSafeModeManager.java:validateSafeModeExitRules(177)) - ScmSafeModeManager, all rules are successfully validated
2019-08-23 09:58:18,112 [EventQueue-NodeRegistrationContainerReportForDataNodeSafeModeRule] INFO  safemode.SCMSafeModeManager (SCMSafeModeManager.java:exitSafeMode(193)) - SCM exiting safe mode.
2019-08-23 09:58:18,117 | INFO  | SCMAudit | user=jenkins1000 | ip=192.168.5.185 | op=REGISTER {datanodeDetails=f6ea449c-e8f9-4f88-8115-d15823026628{ip: 192.168.5.185, host: pr-hdds-1094-w8cgz-2737508714, networkLocation: /default-rack, certSerialId: null}} | ret=SUCCESS |  
2019-08-23 09:58:18,361 [IPC Server handler 0 on 43523] INFO  net.NetworkTopology (NetworkTopologyImpl.java:add(110)) - Added a new node: /default-rack/b0a33e40-d898-4e82-91f3-4e0ce9e6b5e2
2019-08-23 09:58:18,362 [IPC Server handler 0 on 43523] INFO  node.SCMNodeManager (SCMNodeManager.java:register(273)) - Registered Data node : b0a33e40-d898-4e82-91f3-4e0ce9e6b5e2{ip: 192.168.5.185, host: pr-hdds-1094-w8cgz-2737508714, networkLocation: /default-rack, certSerialId: null}
2019-08-23 09:58:18,362 | INFO  | SCMAudit | user=jenkins1000 | ip=192.168.5.185 | op=REGISTER {datanodeDetails=b0a33e40-d898-4e82-91f3-4e0ce9e6b5e2{ip: 192.168.5.185, host: pr-hdds-1094-w8cgz-2737508714, networkLocation: /default-rack, certSerialId: null}} | ret=SUCCESS |  
2019-08-23 09:58:18,850 [main] INFO  ozone.MiniOzoneClusterImpl (MiniOzoneClusterImpl.java:lambda$waitForClusterToBeReady$0(142)) - Waiting for cluster to be ready. Got 2 of 7 DN Heartbeats.
2019-08-23 09:58:18,855 [IPC Server handler 4 on 43523] INFO  net.NetworkTopology (NetworkTopologyImpl.java:add(110)) - Added a new node: /default-rack/b10ad05f-5e91-449e-8dbf-0e715902412d
2019-08-23 09:58:18,855 [IPC Server handler 3 on 43523] INFO  net.NetworkTopology (NetworkTopologyImpl.java:add(110)) - Added a new node: /default-rack/34ad912f-7383-45cc-9fa6-3ffcc2095e4d
2019-08-23 09:58:18,861 [IPC Server handler 4 on 43523] INFO  node.SCMNodeManager (SCMNodeManager.java:register(273)) - Registered Data node : b10ad05f-5e91-449e-8dbf-0e715902412d{ip: 192.168.5.185, host: pr-hdds-1094-w8cgz-2737508714, networkLocation: /default-rack, certSerialId: null}
2019-08-23 09:58:18,871 [IPC Server handler 3 on 43523] INFO  node.SCMNodeManager (SCMNodeManager.java:register(273)) - Registered Data node : 34ad912f-7383-45cc-9fa6-3ffcc2095e4d{ip: 192.168.5.185, host: pr-hdds-1094-w8cgz-2737508714, networkLocation: /default-rack, certSerialId: null}
2019-08-23 09:58:18,889 | INFO  | SCMAudit | user=jenkins1000 | ip=192.168.5.185 | op=REGISTER {datanodeDetails=b10ad05f-5e91-449e-8dbf-0e715902412d{ip: 192.168.5.185, host: pr-hdds-1094-w8cgz-2737508714, networkLocation: /default-rack, certSerialId: null}} | ret=SUCCESS |  
2019-08-23 09:58:18,889 | INFO  | SCMAudit | user=jenkins1000 | ip=192.168.5.185 | op=REGISTER {datanodeDetails=34ad912f-7383-45cc-9fa6-3ffcc2095e4d{ip: 192.168.5.185, host: pr-hdds-1094-w8cgz-2737508714, networkLocation: /default-rack, certSerialId: null}} | ret=SUCCESS |  
2019-08-23 09:58:19,015 [IPC Server handler 5 on 43523] INFO  net.NetworkTopology (NetworkTopologyImpl.java:add(110)) - Added a new node: /default-rack/3b8e34bd-3e3f-4a27-8e2c-5775a50f870a
2019-08-23 09:58:19,016 [IPC Server handler 5 on 43523] INFO  node.SCMNodeManager (SCMNodeManager.java:register(273)) - Registered Data node : 3b8e34bd-3e3f-4a27-8e2c-5775a50f870a{ip: 192.168.5.185, host: pr-hdds-1094-w8cgz-2737508714, networkLocation: /default-rack, certSerialId: null}
2019-08-23 09:58:19,016 | INFO  | SCMAudit | user=jenkins1000 | ip=192.168.5.185 | op=REGISTER {datanodeDetails=3b8e34bd-3e3f-4a27-8e2c-5775a50f870a{ip: 192.168.5.185, host: pr-hdds-1094-w8cgz-2737508714, networkLocation: /default-rack, certSerialId: null}} | ret=SUCCESS |  
2019-08-23 09:58:19,075 [grpc-default-executor-0] INFO  impl.RaftServerProxy (RaftServerProxy.java:addNew(89)) - f6ea449c-e8f9-4f88-8115-d15823026628: addNew group-E77555F1E387:[f6ea449c-e8f9-4f88-8115-d15823026628:192.168.5.185:39792] returns group-E77555F1E387:java.util.concurrent.CompletableFuture@5297f674[Not completed]
2019-08-23 09:58:19,098 [pool-27-thread-1] INFO  impl.RaftServerImpl (RaftServerImpl.java:<init>(93)) - f6ea449c-e8f9-4f88-8115-d15823026628: new RaftServerImpl for group-E77555F1E387:[f6ea449c-e8f9-4f88-8115-d15823026628:192.168.5.185:39792] with ContainerStateMachine:uninitialized
2019-08-23 09:58:19,100 [pool-27-thread-1] INFO  server.RaftServerConfigKeys (ConfUtils.java:logGet(43)) - raft.server.rpc.timeout.min = 5s (custom)
2019-08-23 09:58:19,102 [pool-27-thread-1] INFO  server.RaftServerConfigKeys (ConfUtils.java:logGet(43)) - raft.server.rpc.timeout.max = 5200ms (custom)
2019-08-23 09:58:19,102 [pool-27-thread-1] INFO  server.RaftServerConfigKeys (ConfUtils.java:logGet(43)) - raft.server.rpcslowness.timeout = 120s (custom)
2019-08-23 09:58:19,103 [pool-27-thread-1] INFO  server.RaftServerConfigKeys (ConfUtils.java:logGet(43)) - raft.server.sleep.deviation.threshold = 300 (default)
2019-08-23 09:58:19,103 [pool-27-thread-1] INFO  server.RaftServerConfigKeys (ConfUtils.java:logGet(43)) - raft.server.log.appender.install.snapshot.enabled = false (custom)
2019-08-23 09:58:19,110 [pool-27-thread-1] INFO  impl.RaftServerImpl (ServerState.java:<init>(105)) - f6ea449c-e8f9-4f88-8115-d15823026628:group-E77555F1E387 ConfigurationManager, init=-1: [f6ea449c-e8f9-4f88-8115-d15823026628:192.168.5.185:39792], old=null, confs=<EMPTY_MAP>
2019-08-23 09:58:19,111 [pool-27-thread-1] INFO  server.RaftServerConfigKeys (ConfUtils.java:logGet(43)) - raft.server.storage.dir = [/workdir/hadoop-ozone/integration-test/target/test-dir/MiniOzoneClusterImpl-4dc0e789-7321-4c00-9da5-33206f8d16b6/datanode-0/data/ratis] (custom)
2019-08-23 09:58:19,117 [pool-27-thread-1] INFO  storage.RaftStorageDirectory (RaftStorageDirectory.java:analyzeStorage(246)) - The storage directory /workdir/hadoop-ozone/integration-test/target/test-dir/MiniOzoneClusterImpl-4dc0e789-7321-4c00-9da5-33206f8d16b6/datanode-0/data/ratis/1f554e08-f8a3-4829-8888-e77555f1e387 does not exist. Creating ...
2019-08-23 09:58:19,133 [pool-27-thread-1] INFO  storage.RaftStorageDirectory (RaftStorageDirectory.java:tryLock(328)) - Lock on /workdir/hadoop-ozone/integration-test/target/test-dir/MiniOzoneClusterImpl-4dc0e789-7321-4c00-9da5-33206f8d16b6/datanode-0/data/ratis/1f554e08-f8a3-4829-8888-e77555f1e387/in_use.lock acquired by nodename 29324@pr-hdds-1094-w8cgz-2737508714
2019-08-23 09:58:19,148 [pool-27-thread-1] INFO  storage.RaftStorage (RaftStorage.java:format(72)) - Storage directory /workdir/hadoop-ozone/integration-test/target/test-dir/MiniOzoneClusterImpl-4dc0e789-7321-4c00-9da5-33206f8d16b6/datanode-0/data/ratis/1f554e08-f8a3-4829-8888-e77555f1e387 has been successfully formatted.
2019-08-23 09:58:19,150 [pool-27-thread-1] INFO  ratis.ContainerStateMachine (ContainerStateMachine.java:loadSnapshot(226)) - group-E77555F1E387: The snapshot info is null. Setting the last applied indexto:(t:0, i:~)
2019-08-23 09:58:19,150 [pool-27-thread-1] INFO  server.RaftServerConfigKeys (ConfUtils.java:logGet(43)) - raft.server.leader.election.timeout = 120s (custom)
2019-08-23 09:58:19,152 [pool-27-thread-1] INFO  server.RaftServerConfigKeys (ConfUtils.java:logGet(43)) - raft.server.log.use.memory = false (default)
2019-08-23 09:58:19,157 [pool-27-thread-1] INFO  server.RaftServerConfigKeys (ConfUtils.java:logGet(43)) - raft.server.log.purge.gap = 1000000 (custom)
2019-08-23 09:58:19,157 [pool-27-thread-1] INFO  server.RaftServerConfigKeys (ConfUtils.java:logGet(43)) - raft.server.log.appender.buffer.byte-limit = 33554432 (custom)
2019-08-23 09:58:19,158 [pool-27-thread-1] INFO  server.RaftServerConfigKeys (ConfUtils.java:logGet(43)) - raft.server.log.segment.size.max = 1048576 (custom)
2019-08-23 09:58:19,162 [pool-27-thread-1] INFO  server.RaftServerConfigKeys (ConfUtils.java:logGet(43)) - raft.server.log.segment.cache.num.max = 2 (custom)
2019-08-23 09:58:19,167 [pool-27-thread-1] INFO  segmented.SegmentedRaftLogWorker (SegmentedRaftLogWorker.java:<init>(172)) - new f6ea449c-e8f9-4f88-8115-d15823026628-SegmentedRaftLogWorker:Storage Directory /workdir/hadoop-ozone/integration-test/target/test-dir/MiniOzoneClusterImpl-4dc0e789-7321-4c00-9da5-33206f8d16b6/datanode-0/data/ratis/1f554e08-f8a3-4829-8888-e77555f1e387 for RaftStorage:Storage Directory /workdir/hadoop-ozone/integration-test/target/test-dir/MiniOzoneClusterImpl-4dc0e789-7321-4c00-9da5-33206f8d16b6/datanode-0/data/ratis/1f554e08-f8a3-4829-8888-e77555f1e387
2019-08-23 09:58:19,178 [pool-27-thread-1] INFO  server.RaftServerConfigKeys (ConfUtils.java:logGet(43)) - raft.server.log.queue.byte-limit = 2147483647 (custom)
2019-08-23 09:58:19,178 [pool-27-thread-1] INFO  server.RaftServerConfigKeys (ConfUtils.java:logGet(43)) - raft.server.log.queue.element-limit = 1024 (custom)
2019-08-23 09:58:19,183 [pool-27-thread-1] INFO  server.RaftServerConfigKeys (ConfUtils.java:logGet(43)) - raft.server.log.segment.size.max = 1048576 (custom)
2019-08-23 09:58:19,183 [pool-27-thread-1] INFO  server.RaftServerConfigKeys (ConfUtils.java:logGet(43)) - raft.server.log.preallocated.size = 16384 (custom)
2019-08-23 09:58:19,184 [pool-27-thread-1] INFO  server.RaftServerConfigKeys (ConfUtils.java:logGet(43)) - raft.server.log.write.buffer.size = 33554432 (custom)
2019-08-23 09:58:19,184 [pool-27-thread-1] INFO  server.RaftServerConfigKeys (ConfUtils.java:logGet(43)) - raft.server.log.force.sync.num = 128 (default)
2019-08-23 09:58:19,185 [pool-27-thread-1] INFO  server.RaftServerConfigKeys (ConfUtils.java:logGet(43)) - raft.server.log.statemachine.data.sync = true (default)
2019-08-23 09:58:19,185 [pool-27-thread-1] INFO  server.RaftServerConfigKeys (ConfUtils.java:logGet(43)) - raft.server.log.statemachine.data.sync.timeout = 10s (default)
2019-08-23 09:58:19,186 [pool-27-thread-1] INFO  server.RaftServerConfigKeys (ConfUtils.java:logGet(43)) - raft.server.log.statemachine.data.sync.timeout.retry = -1 (default)
2019-08-23 09:58:19,194 [pool-27-thread-1] INFO  server.RaftServerConfigKeys (ConfUtils.java:logGet(43)) - raft.server.log.statemachine.data.caching.enabled = true (custom)
2019-08-23 09:58:19,198 [pool-27-thread-1] INFO  segmented.SegmentedRaftLogWorker (SegmentedRaftLogWorker.java:lambda$new$0(132)) - f6ea449c-e8f9-4f88-8115-d15823026628-SegmentedRaftLogWorker:Storage Directory /workdir/hadoop-ozone/integration-test/target/test-dir/MiniOzoneClusterImpl-4dc0e789-7321-4c00-9da5-33206f8d16b6/datanode-0/data/ratis/1f554e08-f8a3-4829-8888-e77555f1e387: flushIndex: setUnconditionally 0 -> -1
2019-08-23 09:58:19,202 [pool-27-thread-1] INFO  server.RaftServerConfigKeys (ConfUtils.java:logGet(43)) - raft.server.snapshot.auto.trigger.enabled = true (custom)
2019-08-23 09:58:19,203 [pool-27-thread-1] INFO  server.RaftServerConfigKeys (ConfUtils.java:logGet(43)) - raft.server.snapshot.auto.trigger.threshold = 10000 (custom)
2019-08-23 09:58:19,204 [pool-27-thread-1] INFO  server.RaftServerConfigKeys (ConfUtils.java:logGet(43)) - raft.server.retrycache.expirytime = 600000ms (custom)
2019-08-23 09:58:19,223 [pool-27-thread-1] INFO  impl.RaftServerImpl (RaftServerImpl.java:start(180)) - f6ea449c-e8f9-4f88-8115-d15823026628: start group-E77555F1E387
2019-08-23 09:58:19,224 [pool-27-thread-1] INFO  impl.RaftServerImpl (RaftServerImpl.java:setRole(171)) - f6ea449c-e8f9-4f88-8115-d15823026628:group-E77555F1E387 changes role from null to FOLLOWER at term 0 for startAsFollower
2019-08-23 09:58:19,225 [pool-27-thread-1] INFO  impl.RoleInfo (RoleInfo.java:updateAndGet(143)) - f6ea449c-e8f9-4f88-8115-d15823026628: start FollowerState
2019-08-23 09:58:19,227 [pool-27-thread-1] INFO  util.JmxRegister (JmxRegister.java:tryRegister(44)) - Successfully registered JMX Bean with object name Ratis:service=RaftServer,group=group-E77555F1E387,id=f6ea449c-e8f9-4f88-8115-d15823026628
2019-08-23 09:58:19,296 [RatisPipelineUtilsThread] INFO  pipeline.PipelineStateManager (PipelineStateManager.java:addPipeline(56)) - Created pipeline Pipeline[ Id: 1f554e08-f8a3-4829-8888-e77555f1e387, Nodes: f6ea449c-e8f9-4f88-8115-d15823026628{ip: 192.168.5.185, host: pr-hdds-1094-w8cgz-2737508714, networkLocation: /default-rack, certSerialId: null}, Type:RATIS, Factor:ONE, State:OPEN]
2019-08-23 09:58:19,326 [grpc-default-executor-0] INFO  impl.RaftServerProxy (RaftServerProxy.java:addNew(89)) - b0a33e40-d898-4e82-91f3-4e0ce9e6b5e2: addNew group-FAF9C11D7B99:[b0a33e40-d898-4e82-91f3-4e0ce9e6b5e2:192.168.5.185:46843] returns group-FAF9C11D7B99:java.util.concurrent.CompletableFuture@2a97c131[Not completed]
2019-08-23 09:58:19,379 [pool-38-thread-1] INFO  impl.RaftServerImpl (RaftServerImpl.java:<init>(93)) - b0a33e40-d898-4e82-91f3-4e0ce9e6b5e2: new RaftServerImpl for group-FAF9C11D7B99:[b0a33e40-d898-4e82-91f3-4e0ce9e6b5e2:192.168.5.185:46843] with ContainerStateMachine:uninitialized
2019-08-23 09:58:19,380 [pool-38-thread-1] INFO  server.RaftServerConfigKeys (ConfUtils.java:logGet(43)) - raft.server.rpc.timeout.min = 5s (custom)
2019-08-23 09:58:19,380 [pool-38-thread-1] INFO  server.RaftServerConfigKeys (ConfUtils.java:logGet(43)) - raft.server.rpc.timeout.max = 5200ms (custom)
2019-08-23 09:58:19,380 [pool-38-thread-1] INFO  server.RaftServerConfigKeys (ConfUtils.java:logGet(43)) - raft.server.rpcslowness.timeout = 120s (custom)
2019-08-23 09:58:19,380 [IPC Server handler 2 on 43523] INFO  net.NetworkTopology (NetworkTopologyImpl.java:add(110)) - Added a new node: /default-rack/8ee8c18d-65cc-49bc-8d53-6d0b6e2387ef
2019-08-23 09:58:19,381 [pool-38-thread-1] INFO  server.RaftServerConfigKeys (ConfUtils.java:logGet(43)) - raft.server.sleep.deviation.threshold = 300 (default)
2019-08-23 09:58:19,381 [IPC Server handler 2 on 43523] INFO  node.SCMNodeManager (SCMNodeManager.java:register(273)) - Registered Data node : 8ee8c18d-65cc-49bc-8d53-6d0b6e2387ef{ip: 192.168.5.185, host: pr-hdds-1094-w8cgz-2737508714, networkLocation: /default-rack, certSerialId: null}
2019-08-23 09:58:19,381 [pool-38-thread-1] INFO  server.RaftServerConfigKeys (ConfUtils.java:logGet(43)) - raft.server.log.appender.install.snapshot.enabled = false (custom)
2019-08-23 09:58:19,381 [pool-38-thread-1] INFO  impl.RaftServerImpl (ServerState.java:<init>(105)) - b0a33e40-d898-4e82-91f3-4e0ce9e6b5e2:group-FAF9C11D7B99 ConfigurationManager, init=-1: [b0a33e40-d898-4e82-91f3-4e0ce9e6b5e2:192.168.5.185:46843], old=null, confs=<EMPTY_MAP>
2019-08-23 09:58:19,381 | INFO  | SCMAudit | user=jenkins1000 | ip=192.168.5.185 | op=REGISTER {datanodeDetails=8ee8c18d-65cc-49bc-8d53-6d0b6e2387ef{ip: 192.168.5.185, host: pr-hdds-1094-w8cgz-2737508714, networkLocation: /default-rack, certSerialId: null}} | ret=SUCCESS |  
2019-08-23 09:58:19,381 [pool-38-thread-1] INFO  server.RaftServerConfigKeys (ConfUtils.java:logGet(43)) - raft.server.storage.dir = [/workdir/hadoop-ozone/integration-test/target/test-dir/MiniOzoneClusterImpl-4dc0e789-7321-4c00-9da5-33206f8d16b6/datanode-1/data/ratis] (custom)
2019-08-23 09:58:19,382 [pool-38-thread-1] INFO  storage.RaftStorageDirectory (RaftStorageDirectory.java:analyzeStorage(246)) - The storage directory /workdir/hadoop-ozone/integration-test/target/test-dir/MiniOzoneClusterImpl-4dc0e789-7321-4c00-9da5-33206f8d16b6/datanode-1/data/ratis/502e8ba5-4002-4808-82a4-faf9c11d7b99 does not exist. Creating ...
2019-08-23 09:58:19,396 [pool-38-thread-1] INFO  storage.RaftStorageDirectory (RaftStorageDirectory.java:tryLock(328)) - Lock on /workdir/hadoop-ozone/integration-test/target/test-dir/MiniOzoneClusterImpl-4dc0e789-7321-4c00-9da5-33206f8d16b6/datanode-1/data/ratis/502e8ba5-4002-4808-82a4-faf9c11d7b99/in_use.lock acquired by nodename 29324@pr-hdds-1094-w8cgz-2737508714
2019-08-23 09:58:19,423 [pool-38-thread-1] INFO  storage.RaftStorage (RaftStorage.java:format(72)) - Storage directory /workdir/hadoop-ozone/integration-test/target/test-dir/MiniOzoneClusterImpl-4dc0e789-7321-4c00-9da5-33206f8d16b6/datanode-1/data/ratis/502e8ba5-4002-4808-82a4-faf9c11d7b99 has been successfully formatted.
2019-08-23 09:58:19,425 [pool-38-thread-1] INFO  ratis.ContainerStateMachine (ContainerStateMachine.java:loadSnapshot(226)) - group-FAF9C11D7B99: The snapshot info is null. Setting the last applied indexto:(t:0, i:~)
2019-08-23 09:58:19,427 [pool-38-thread-1] INFO  server.RaftServerConfigKeys (ConfUtils.java:logGet(43)) - raft.server.leader.election.timeout = 120s (custom)
2019-08-23 09:58:19,427 [pool-38-thread-1] INFO  server.RaftServerConfigKeys (ConfUtils.java:logGet(43)) - raft.server.log.use.memory = false (default)
2019-08-23 09:58:19,427 [pool-38-thread-1] INFO  server.RaftServerConfigKeys (ConfUtils.java:logGet(43)) - raft.server.log.purge.gap = 1000000 (custom)
2019-08-23 09:58:19,427 [pool-38-thread-1] INFO  server.RaftServerConfigKeys (ConfUtils.java:logGet(43)) - raft.server.log.appender.buffer.byte-limit = 33554432 (custom)
2019-08-23 09:58:19,427 [pool-38-thread-1] INFO  server.RaftServerConfigKeys (ConfUtils.java:logGet(43)) - raft.server.log.segment.size.max = 1048576 (custom)
2019-08-23 09:58:19,427 [pool-38-thread-1] INFO  server.RaftServerConfigKeys (ConfUtils.java:logGet(43)) - raft.server.log.segment.cache.num.max = 2 (custom)
2019-08-23 09:58:19,428 [pool-38-thread-1] INFO  segmented.SegmentedRaftLogWorker (SegmentedRaftLogWorker.java:<init>(172)) - new b0a33e40-d898-4e82-91f3-4e0ce9e6b5e2-SegmentedRaftLogWorker:Storage Directory /workdir/hadoop-ozone/integration-test/target/test-dir/MiniOzoneClusterImpl-4dc0e789-7321-4c00-9da5-33206f8d16b6/datanode-1/data/ratis/502e8ba5-4002-4808-82a4-faf9c11d7b99 for RaftStorage:Storage Directory /workdir/hadoop-ozone/integration-test/target/test-dir/MiniOzoneClusterImpl-4dc0e789-7321-4c00-9da5-33206f8d16b6/datanode-1/data/ratis/502e8ba5-4002-4808-82a4-faf9c11d7b99
2019-08-23 09:58:19,429 [pool-38-thread-1] INFO  server.RaftServerConfigKeys (ConfUtils.java:logGet(43)) - raft.server.log.queue.byte-limit = 2147483647 (custom)
2019-08-23 09:58:19,429 [pool-38-thread-1] INFO  server.RaftServerConfigKeys (ConfUtils.java:logGet(43)) - raft.server.log.queue.element-limit = 1024 (custom)
2019-08-23 09:58:19,430 [pool-38-thread-1] INFO  server.RaftServerConfigKeys (ConfUtils.java:logGet(43)) - raft.server.log.segment.size.max = 1048576 (custom)
2019-08-23 09:58:19,430 [pool-38-thread-1] INFO  server.RaftServerConfigKeys (ConfUtils.java:logGet(43)) - raft.server.log.preallocated.size = 16384 (custom)
2019-08-23 09:58:19,430 [pool-38-thread-1] INFO  server.RaftServerConfigKeys (ConfUtils.java:logGet(43)) - raft.server.log.write.buffer.size = 33554432 (custom)
2019-08-23 09:58:19,430 [pool-38-thread-1] INFO  server.RaftServerConfigKeys (ConfUtils.java:logGet(43)) - raft.server.log.force.sync.num = 128 (default)
2019-08-23 09:58:19,430 [pool-38-thread-1] INFO  server.RaftServerConfigKeys (ConfUtils.java:logGet(43)) - raft.server.log.statemachine.data.sync = true (default)
2019-08-23 09:58:19,430 [pool-38-thread-1] INFO  server.RaftServerConfigKeys (ConfUtils.java:logGet(43)) - raft.server.log.statemachine.data.sync.timeout = 10s (default)
2019-08-23 09:58:19,431 [pool-38-thread-1] INFO  server.RaftServerConfigKeys (ConfUtils.java:logGet(43)) - raft.server.log.statemachine.data.sync.timeout.retry = -1 (default)
2019-08-23 09:58:19,431 [pool-38-thread-1] INFO  server.RaftServerConfigKeys (ConfUtils.java:logGet(43)) - raft.server.log.statemachine.data.caching.enabled = true (custom)
2019-08-23 09:58:19,431 [pool-38-thread-1] INFO  segmented.SegmentedRaftLogWorker (SegmentedRaftLogWorker.java:lambda$new$0(132)) - b0a33e40-d898-4e82-91f3-4e0ce9e6b5e2-SegmentedRaftLogWorker:Storage Directory /workdir/hadoop-ozone/integration-test/target/test-dir/MiniOzoneClusterImpl-4dc0e789-7321-4c00-9da5-33206f8d16b6/datanode-1/data/ratis/502e8ba5-4002-4808-82a4-faf9c11d7b99: flushIndex: setUnconditionally 0 -> -1
2019-08-23 09:58:19,432 [pool-38-thread-1] INFO  server.RaftServerConfigKeys (ConfUtils.java:logGet(43)) - raft.server.snapshot.auto.trigger.enabled = true (custom)
2019-08-23 09:58:19,432 [pool-38-thread-1] INFO  server.RaftServerConfigKeys (ConfUtils.java:logGet(43)) - raft.server.snapshot.auto.trigger.threshold = 10000 (custom)
2019-08-23 09:58:19,432 [pool-38-thread-1] INFO  server.RaftServerConfigKeys (ConfUtils.java:logGet(43)) - raft.server.retrycache.expirytime = 600000ms (custom)
2019-08-23 09:58:19,432 [pool-38-thread-1] INFO  impl.RaftServerImpl (RaftServerImpl.java:start(180)) - b0a33e40-d898-4e82-91f3-4e0ce9e6b5e2: start group-FAF9C11D7B99
2019-08-23 09:58:19,432 [pool-38-thread-1] INFO  impl.RaftServerImpl (RaftServerImpl.java:setRole(171)) - b0a33e40-d898-4e82-91f3-4e0ce9e6b5e2:group-FAF9C11D7B99 changes role from null to FOLLOWER at term 0 for startAsFollower
2019-08-23 09:58:19,433 [pool-38-thread-1] INFO  impl.RoleInfo (RoleInfo.java:updateAndGet(143)) - b0a33e40-d898-4e82-91f3-4e0ce9e6b5e2: start FollowerState
2019-08-23 09:58:19,434 [pool-38-thread-1] INFO  util.JmxRegister (JmxRegister.java:tryRegister(44)) - Successfully registered JMX Bean with object name Ratis:service=RaftServer,group=group-FAF9C11D7B99,id=b0a33e40-d898-4e82-91f3-4e0ce9e6b5e2
2019-08-23 09:58:19,452 [RatisPipelineUtilsThread] INFO  pipeline.PipelineStateManager (PipelineStateManager.java:addPipeline(56)) - Created pipeline Pipeline[ Id: 502e8ba5-4002-4808-82a4-faf9c11d7b99, Nodes: b0a33e40-d898-4e82-91f3-4e0ce9e6b5e2{ip: 192.168.5.185, host: pr-hdds-1094-w8cgz-2737508714, networkLocation: /default-rack, certSerialId: null}, Type:RATIS, Factor:ONE, State:OPEN]
2019-08-23 09:58:19,479 [grpc-default-executor-0] INFO  impl.RaftServerProxy (RaftServerProxy.java:addNew(89)) - 8ee8c18d-65cc-49bc-8d53-6d0b6e2387ef: addNew group-8B9EE4AE3D82:[8ee8c18d-65cc-49bc-8d53-6d0b6e2387ef:192.168.5.185:38132] returns group-8B9EE4AE3D82:java.util.concurrent.CompletableFuture@5577f10b[Not completed]
2019-08-23 09:58:19,494 [pool-82-thread-1] INFO  impl.RaftServerImpl (RaftServerImpl.java:<init>(93)) - 8ee8c18d-65cc-49bc-8d53-6d0b6e2387ef: new RaftServerImpl for group-8B9EE4AE3D82:[8ee8c18d-65cc-49bc-8d53-6d0b6e2387ef:192.168.5.185:38132] with ContainerStateMachine:uninitialized
2019-08-23 09:58:19,494 [pool-82-thread-1] INFO  server.RaftServerConfigKeys (ConfUtils.java:logGet(43)) - raft.server.rpc.timeout.min = 5s (custom)
2019-08-23 09:58:19,495 [pool-82-thread-1] INFO  server.RaftServerConfigKeys (ConfUtils.java:logGet(43)) - raft.server.rpc.timeout.max = 5200ms (custom)
2019-08-23 09:58:19,495 [pool-82-thread-1] INFO  server.RaftServerConfigKeys (ConfUtils.java:logGet(43)) - raft.server.rpcslowness.timeout = 120s (custom)
2019-08-23 09:58:19,495 [pool-82-thread-1] INFO  server.RaftServerConfigKeys (ConfUtils.java:logGet(43)) - raft.server.sleep.deviation.threshold = 300 (default)
2019-08-23 09:58:19,495 [pool-82-thread-1] INFO  server.RaftServerConfigKeys (ConfUtils.java:logGet(43)) - raft.server.log.appender.install.snapshot.enabled = false (custom)
2019-08-23 09:58:19,495 [pool-82-thread-1] INFO  impl.RaftServerImpl (ServerState.java:<init>(105)) - 8ee8c18d-65cc-49bc-8d53-6d0b6e2387ef:group-8B9EE4AE3D82 ConfigurationManager, init=-1: [8ee8c18d-65cc-49bc-8d53-6d0b6e2387ef:192.168.5.185:38132], old=null, confs=<EMPTY_MAP>
2019-08-23 09:58:19,496 [pool-82-thread-1] INFO  server.RaftServerConfigKeys (ConfUtils.java:logGet(43)) - raft.server.storage.dir = [/workdir/hadoop-ozone/integration-test/target/test-dir/MiniOzoneClusterImpl-4dc0e789-7321-4c00-9da5-33206f8d16b6/datanode-5/data/ratis] (custom)
2019-08-23 09:58:19,496 [pool-82-thread-1] INFO  storage.RaftStorageDirectory (RaftStorageDirectory.java:analyzeStorage(246)) - The storage directory /workdir/hadoop-ozone/integration-test/target/test-dir/MiniOzoneClusterImpl-4dc0e789-7321-4c00-9da5-33206f8d16b6/datanode-5/data/ratis/d67d9482-9eec-496a-81aa-8b9ee4ae3d82 does not exist. Creating ...
2019-08-23 09:58:19,518 [pool-82-thread-1] INFO  storage.RaftStorageDirectory (RaftStorageDirectory.java:tryLock(328)) - Lock on /workdir/hadoop-ozone/integration-test/target/test-dir/MiniOzoneClusterImpl-4dc0e789-7321-4c00-9da5-33206f8d16b6/datanode-5/data/ratis/d67d9482-9eec-496a-81aa-8b9ee4ae3d82/in_use.lock acquired by nodename 29324@pr-hdds-1094-w8cgz-2737508714
2019-08-23 09:58:19,531 [pool-82-thread-1] INFO  storage.RaftStorage (RaftStorage.java:format(72)) - Storage directory /workdir/hadoop-ozone/integration-test/target/test-dir/MiniOzoneClusterImpl-4dc0e789-7321-4c00-9da5-33206f8d16b6/datanode-5/data/ratis/d67d9482-9eec-496a-81aa-8b9ee4ae3d82 has been successfully formatted.
2019-08-23 09:58:19,531 [pool-82-thread-1] INFO  ratis.ContainerStateMachine (ContainerStateMachine.java:loadSnapshot(226)) - group-8B9EE4AE3D82: The snapshot info is null. Setting the last applied indexto:(t:0, i:~)
2019-08-23 09:58:19,531 [pool-82-thread-1] INFO  server.RaftServerConfigKeys (ConfUtils.java:logGet(43)) - raft.server.leader.election.timeout = 120s (custom)
2019-08-23 09:58:19,532 [pool-82-thread-1] INFO  server.RaftServerConfigKeys (ConfUtils.java:logGet(43)) - raft.server.log.use.memory = false (default)
2019-08-23 09:58:19,532 [pool-82-thread-1] INFO  server.RaftServerConfigKeys (ConfUtils.java:logGet(43)) - raft.server.log.purge.gap = 1000000 (custom)
2019-08-23 09:58:19,532 [pool-82-thread-1] INFO  server.RaftServerConfigKeys (ConfUtils.java:logGet(43)) - raft.server.log.appender.buffer.byte-limit = 33554432 (custom)
2019-08-23 09:58:19,532 [pool-82-thread-1] INFO  server.RaftServerConfigKeys (ConfUtils.java:logGet(43)) - raft.server.log.segment.size.max = 1048576 (custom)
2019-08-23 09:58:19,533 [pool-82-thread-1] INFO  server.RaftServerConfigKeys (ConfUtils.java:logGet(43)) - raft.server.log.segment.cache.num.max = 2 (custom)
2019-08-23 09:58:19,533 [pool-82-thread-1] INFO  segmented.SegmentedRaftLogWorker (SegmentedRaftLogWorker.java:<init>(172)) - new 8ee8c18d-65cc-49bc-8d53-6d0b6e2387ef-SegmentedRaftLogWorker:Storage Directory /workdir/hadoop-ozone/integration-test/target/test-dir/MiniOzoneClusterImpl-4dc0e789-7321-4c00-9da5-33206f8d16b6/datanode-5/data/ratis/d67d9482-9eec-496a-81aa-8b9ee4ae3d82 for RaftStorage:Storage Directory /workdir/hadoop-ozone/integration-test/target/test-dir/MiniOzoneClusterImpl-4dc0e789-7321-4c00-9da5-33206f8d16b6/datanode-5/data/ratis/d67d9482-9eec-496a-81aa-8b9ee4ae3d82
2019-08-23 09:58:19,533 [pool-82-thread-1] INFO  server.RaftServerConfigKeys (ConfUtils.java:logGet(43)) - raft.server.log.queue.byte-limit = 2147483647 (custom)
2019-08-23 09:58:19,533 [pool-82-thread-1] INFO  server.RaftServerConfigKeys (ConfUtils.java:logGet(43)) - raft.server.log.queue.element-limit = 1024 (custom)
2019-08-23 09:58:19,534 [pool-82-thread-1] INFO  server.RaftServerConfigKeys (ConfUtils.java:logGet(43)) - raft.server.log.segment.size.max = 1048576 (custom)
2019-08-23 09:58:19,534 [pool-82-thread-1] INFO  server.RaftServerConfigKeys (ConfUtils.java:logGet(43)) - raft.server.log.preallocated.size = 16384 (custom)
2019-08-23 09:58:19,535 [pool-82-thread-1] INFO  server.RaftServerConfigKeys (ConfUtils.java:logGet(43)) - raft.server.log.write.buffer.size = 33554432 (custom)
2019-08-23 09:58:19,535 [pool-82-thread-1] INFO  server.RaftServerConfigKeys (ConfUtils.java:logGet(43)) - raft.server.log.force.sync.num = 128 (default)
2019-08-23 09:58:19,535 [pool-82-thread-1] INFO  server.RaftServerConfigKeys (ConfUtils.java:logGet(43)) - raft.server.log.statemachine.data.sync = true (default)
2019-08-23 09:58:19,536 [pool-82-thread-1] INFO  server.RaftServerConfigKeys (ConfUtils.java:logGet(43)) - raft.server.log.statemachine.data.sync.timeout = 10s (default)
2019-08-23 09:58:19,536 [pool-82-thread-1] INFO  server.RaftServerConfigKeys (ConfUtils.java:logGet(43)) - raft.server.log.statemachine.data.sync.timeout.retry = -1 (default)
2019-08-23 09:58:19,536 [pool-82-thread-1] INFO  server.RaftServerConfigKeys (ConfUtils.java:logGet(43)) - raft.server.log.statemachine.data.caching.enabled = true (custom)
2019-08-23 09:58:19,537 [pool-82-thread-1] INFO  segmented.SegmentedRaftLogWorker (SegmentedRaftLogWorker.java:lambda$new$0(132)) - 8ee8c18d-65cc-49bc-8d53-6d0b6e2387ef-SegmentedRaftLogWorker:Storage Directory /workdir/hadoop-ozone/integration-test/target/test-dir/MiniOzoneClusterImpl-4dc0e789-7321-4c00-9da5-33206f8d16b6/datanode-5/data/ratis/d67d9482-9eec-496a-81aa-8b9ee4ae3d82: flushIndex: setUnconditionally 0 -> -1
2019-08-23 09:58:19,537 [pool-82-thread-1] INFO  server.RaftServerConfigKeys (ConfUtils.java:logGet(43)) - raft.server.snapshot.auto.trigger.enabled = true (custom)
2019-08-23 09:58:19,538 [pool-82-thread-1] INFO  server.RaftServerConfigKeys (ConfUtils.java:logGet(43)) - raft.server.snapshot.auto.trigger.threshold = 10000 (custom)
2019-08-23 09:58:19,538 [pool-82-thread-1] INFO  server.RaftServerConfigKeys (ConfUtils.java:logGet(43)) - raft.server.retrycache.expirytime = 600000ms (custom)
2019-08-23 09:58:19,538 [pool-82-thread-1] INFO  impl.RaftServerImpl (RaftServerImpl.java:start(180)) - 8ee8c18d-65cc-49bc-8d53-6d0b6e2387ef: start group-8B9EE4AE3D82
2019-08-23 09:58:19,538 [pool-82-thread-1] INFO  impl.RaftServerImpl (RaftServerImpl.java:setRole(171)) - 8ee8c18d-65cc-49bc-8d53-6d0b6e2387ef:group-8B9EE4AE3D82 changes role from null to FOLLOWER at term 0 for startAsFollower
2019-08-23 09:58:19,539 [pool-82-thread-1] INFO  impl.RoleInfo (RoleInfo.java:updateAndGet(143)) - 8ee8c18d-65cc-49bc-8d53-6d0b6e2387ef: start FollowerState
2019-08-23 09:58:19,539 [pool-82-thread-1] INFO  util.JmxRegister (JmxRegister.java:tryRegister(44)) - Successfully registered JMX Bean with object name Ratis:service=RaftServer,group=group-8B9EE4AE3D82,id=8ee8c18d-65cc-49bc-8d53-6d0b6e2387ef
2019-08-23 09:58:19,553 [RatisPipelineUtilsThread] INFO  pipeline.PipelineStateManager (PipelineStateManager.java:addPipeline(56)) - Created pipeline Pipeline[ Id: d67d9482-9eec-496a-81aa-8b9ee4ae3d82, Nodes: 8ee8c18d-65cc-49bc-8d53-6d0b6e2387ef{ip: 192.168.5.185, host: pr-hdds-1094-w8cgz-2737508714, networkLocation: /default-rack, certSerialId: null}, Type:RATIS, Factor:ONE, State:OPEN]
2019-08-23 09:58:19,569 [IPC Server handler 4 on 43523] INFO  net.NetworkTopology (NetworkTopologyImpl.java:add(110)) - Added a new node: /default-rack/2671c7a5-e82e-47d4-ac19-8fdd6a59c091
2019-08-23 09:58:19,569 [IPC Server handler 4 on 43523] INFO  node.SCMNodeManager (SCMNodeManager.java:register(273)) - Registered Data node : 2671c7a5-e82e-47d4-ac19-8fdd6a59c091{ip: 192.168.5.185, host: pr-hdds-1094-w8cgz-2737508714, networkLocation: /default-rack, certSerialId: null}
2019-08-23 09:58:19,570 | INFO  | SCMAudit | user=jenkins1000 | ip=192.168.5.185 | op=REGISTER {datanodeDetails=2671c7a5-e82e-47d4-ac19-8fdd6a59c091{ip: 192.168.5.185, host: pr-hdds-1094-w8cgz-2737508714, networkLocation: /default-rack, certSerialId: null}} | ret=SUCCESS |  
2019-08-23 09:58:19,581 [grpc-default-executor-0] INFO  impl.RaftServerProxy (RaftServerProxy.java:addNew(89)) - 34ad912f-7383-45cc-9fa6-3ffcc2095e4d: addNew group-713E0CF3D0AF:[34ad912f-7383-45cc-9fa6-3ffcc2095e4d:192.168.5.185:33327] returns group-713E0CF3D0AF:java.util.concurrent.CompletableFuture@2f042ea5[Not completed]
2019-08-23 09:58:19,584 [pool-49-thread-1] INFO  impl.RaftServerImpl (RaftServerImpl.java:<init>(93)) - 34ad912f-7383-45cc-9fa6-3ffcc2095e4d: new RaftServerImpl for group-713E0CF3D0AF:[34ad912f-7383-45cc-9fa6-3ffcc2095e4d:192.168.5.185:33327] with ContainerStateMachine:uninitialized
2019-08-23 09:58:19,585 [pool-49-thread-1] INFO  server.RaftServerConfigKeys (ConfUtils.java:logGet(43)) - raft.server.rpc.timeout.min = 5s (custom)
2019-08-23 09:58:19,585 [pool-49-thread-1] INFO  server.RaftServerConfigKeys (ConfUtils.java:logGet(43)) - raft.server.rpc.timeout.max = 5200ms (custom)
2019-08-23 09:58:19,585 [pool-49-thread-1] INFO  server.RaftServerConfigKeys (ConfUtils.java:logGet(43)) - raft.server.rpcslowness.timeout = 120s (custom)
2019-08-23 09:58:19,585 [pool-49-thread-1] INFO  server.RaftServerConfigKeys (ConfUtils.java:logGet(43)) - raft.server.sleep.deviation.threshold = 300 (default)
2019-08-23 09:58:19,585 [pool-49-thread-1] INFO  server.RaftServerConfigKeys (ConfUtils.java:logGet(43)) - raft.server.log.appender.install.snapshot.enabled = false (custom)
2019-08-23 09:58:19,585 [pool-49-thread-1] INFO  impl.RaftServerImpl (ServerState.java:<init>(105)) - 34ad912f-7383-45cc-9fa6-3ffcc2095e4d:group-713E0CF3D0AF ConfigurationManager, init=-1: [34ad912f-7383-45cc-9fa6-3ffcc2095e4d:192.168.5.185:33327], old=null, confs=<EMPTY_MAP>
2019-08-23 09:58:19,586 [pool-49-thread-1] INFO  server.RaftServerConfigKeys (ConfUtils.java:logGet(43)) - raft.server.storage.dir = [/workdir/hadoop-ozone/integration-test/target/test-dir/MiniOzoneClusterImpl-4dc0e789-7321-4c00-9da5-33206f8d16b6/datanode-2/data/ratis] (custom)
2019-08-23 09:58:19,586 [pool-49-thread-1] INFO  storage.RaftStorageDirectory (RaftStorageDirectory.java:analyzeStorage(246)) - The storage directory /workdir/hadoop-ozone/integration-test/target/test-dir/MiniOzoneClusterImpl-4dc0e789-7321-4c00-9da5-33206f8d16b6/datanode-2/data/ratis/5df26e9b-d0a3-4039-b4d7-713e0cf3d0af does not exist. Creating ...
2019-08-23 09:58:19,598 [pool-49-thread-1] INFO  storage.RaftStorageDirectory (RaftStorageDirectory.java:tryLock(328)) - Lock on /workdir/hadoop-ozone/integration-test/target/test-dir/MiniOzoneClusterImpl-4dc0e789-7321-4c00-9da5-33206f8d16b6/datanode-2/data/ratis/5df26e9b-d0a3-4039-b4d7-713e0cf3d0af/in_use.lock acquired by nodename 29324@pr-hdds-1094-w8cgz-2737508714
2019-08-23 09:58:19,611 [pool-49-thread-1] INFO  storage.RaftStorage (RaftStorage.java:format(72)) - Storage directory /workdir/hadoop-ozone/integration-test/target/test-dir/MiniOzoneClusterImpl-4dc0e789-7321-4c00-9da5-33206f8d16b6/datanode-2/data/ratis/5df26e9b-d0a3-4039-b4d7-713e0cf3d0af has been successfully formatted.
2019-08-23 09:58:19,611 [pool-49-thread-1] INFO  ratis.ContainerStateMachine (ContainerStateMachine.java:loadSnapshot(226)) - group-713E0CF3D0AF: The snapshot info is null. Setting the last applied indexto:(t:0, i:~)
2019-08-23 09:58:19,611 [pool-49-thread-1] INFO  server.RaftServerConfigKeys (ConfUtils.java:logGet(43)) - raft.server.leader.election.timeout = 120s (custom)
2019-08-23 09:58:19,611 [pool-49-thread-1] INFO  server.RaftServerConfigKeys (ConfUtils.java:logGet(43)) - raft.server.log.use.memory = false (default)
2019-08-23 09:58:19,612 [pool-49-thread-1] INFO  server.RaftServerConfigKeys (ConfUtils.java:logGet(43)) - raft.server.log.purge.gap = 1000000 (custom)
2019-08-23 09:58:19,612 [pool-49-thread-1] INFO  server.RaftServerConfigKeys (ConfUtils.java:logGet(43)) - raft.server.log.appender.buffer.byte-limit = 33554432 (custom)
2019-08-23 09:58:19,612 [pool-49-thread-1] INFO  server.RaftServerConfigKeys (ConfUtils.java:logGet(43)) - raft.server.log.segment.size.max = 1048576 (custom)
2019-08-23 09:58:19,612 [pool-49-thread-1] INFO  server.RaftServerConfigKeys (ConfUtils.java:logGet(43)) - raft.server.log.segment.cache.num.max = 2 (custom)
2019-08-23 09:58:19,612 [pool-49-thread-1] INFO  segmented.SegmentedRaftLogWorker (SegmentedRaftLogWorker.java:<init>(172)) - new 34ad912f-7383-45cc-9fa6-3ffcc2095e4d-SegmentedRaftLogWorker:Storage Directory /workdir/hadoop-ozone/integration-test/target/test-dir/MiniOzoneClusterImpl-4dc0e789-7321-4c00-9da5-33206f8d16b6/datanode-2/data/ratis/5df26e9b-d0a3-4039-b4d7-713e0cf3d0af for RaftStorage:Storage Directory /workdir/hadoop-ozone/integration-test/target/test-dir/MiniOzoneClusterImpl-4dc0e789-7321-4c00-9da5-33206f8d16b6/datanode-2/data/ratis/5df26e9b-d0a3-4039-b4d7-713e0cf3d0af
2019-08-23 09:58:19,612 [pool-49-thread-1] INFO  server.RaftServerConfigKeys (ConfUtils.java:logGet(43)) - raft.server.log.queue.byte-limit = 2147483647 (custom)
2019-08-23 09:58:19,613 [pool-49-thread-1] INFO  server.RaftServerConfigKeys (ConfUtils.java:logGet(43)) - raft.server.log.queue.element-limit = 1024 (custom)
2019-08-23 09:58:19,613 [pool-49-thread-1] INFO  server.RaftServerConfigKeys (ConfUtils.java:logGet(43)) - raft.server.log.segment.size.max = 1048576 (custom)
2019-08-23 09:58:19,613 [pool-49-thread-1] INFO  server.RaftServerConfigKeys (ConfUtils.java:logGet(43)) - raft.server.log.preallocated.size = 16384 (custom)
2019-08-23 09:58:19,613 [pool-49-thread-1] INFO  server.RaftServerConfigKeys (ConfUtils.java:logGet(43)) - raft.server.log.write.buffer.size = 33554432 (custom)
2019-08-23 09:58:19,613 [pool-49-thread-1] INFO  server.RaftServerConfigKeys (ConfUtils.java:logGet(43)) - raft.server.log.force.sync.num = 128 (default)
2019-08-23 09:58:19,613 [pool-49-thread-1] INFO  server.RaftServerConfigKeys (ConfUtils.java:logGet(43)) - raft.server.log.statemachine.data.sync = true (default)
2019-08-23 09:58:19,613 [pool-49-thread-1] INFO  server.RaftServerConfigKeys (ConfUtils.java:logGet(43)) - raft.server.log.statemachine.data.sync.timeout = 10s (default)
2019-08-23 09:58:19,614 [pool-49-thread-1] INFO  server.RaftServerConfigKeys (ConfUtils.java:logGet(43)) - raft.server.log.statemachine.data.sync.timeout.retry = -1 (default)
2019-08-23 09:58:19,614 [pool-49-thread-1] INFO  server.RaftServerConfigKeys (ConfUtils.java:logGet(43)) - raft.server.log.statemachine.data.caching.enabled = true (custom)
2019-08-23 09:58:19,614 [pool-49-thread-1] INFO  segmented.SegmentedRaftLogWorker (SegmentedRaftLogWorker.java:lambda$new$0(132)) - 34ad912f-7383-45cc-9fa6-3ffcc2095e4d-SegmentedRaftLogWorker:Storage Directory /workdir/hadoop-ozone/integration-test/target/test-dir/MiniOzoneClusterImpl-4dc0e789-7321-4c00-9da5-33206f8d16b6/datanode-2/data/ratis/5df26e9b-d0a3-4039-b4d7-713e0cf3d0af: flushIndex: setUnconditionally 0 -> -1
2019-08-23 09:58:19,615 [pool-49-thread-1] INFO  server.RaftServerConfigKeys (ConfUtils.java:logGet(43)) - raft.server.snapshot.auto.trigger.enabled = true (custom)
2019-08-23 09:58:19,615 [pool-49-thread-1] INFO  server.RaftServerConfigKeys (ConfUtils.java:logGet(43)) - raft.server.snapshot.auto.trigger.threshold = 10000 (custom)
2019-08-23 09:58:19,615 [pool-49-thread-1] INFO  server.RaftServerConfigKeys (ConfUtils.java:logGet(43)) - raft.server.retrycache.expirytime = 600000ms (custom)
2019-08-23 09:58:19,615 [pool-49-thread-1] INFO  impl.RaftServerImpl (RaftServerImpl.java:start(180)) - 34ad912f-7383-45cc-9fa6-3ffcc2095e4d: start group-713E0CF3D0AF
2019-08-23 09:58:19,615 [pool-49-thread-1] INFO  impl.RaftServerImpl (RaftServerImpl.java:setRole(171)) - 34ad912f-7383-45cc-9fa6-3ffcc2095e4d:group-713E0CF3D0AF changes role from null to FOLLOWER at term 0 for startAsFollower
2019-08-23 09:58:19,615 [pool-49-thread-1] INFO  impl.RoleInfo (RoleInfo.java:updateAndGet(143)) - 34ad912f-7383-45cc-9fa6-3ffcc2095e4d: start FollowerState
2019-08-23 09:58:19,616 [pool-49-thread-1] INFO  util.JmxRegister (JmxRegister.java:tryRegister(44)) - Successfully registered JMX Bean with object name Ratis:service=RaftServer,group=group-713E0CF3D0AF,id=34ad912f-7383-45cc-9fa6-3ffcc2095e4d
2019-08-23 09:58:19,629 [RatisPipelineUtilsThread] INFO  pipeline.PipelineStateManager (PipelineStateManager.java:addPipeline(56)) - Created pipeline Pipeline[ Id: 5df26e9b-d0a3-4039-b4d7-713e0cf3d0af, Nodes: 34ad912f-7383-45cc-9fa6-3ffcc2095e4d{ip: 192.168.5.185, host: pr-hdds-1094-w8cgz-2737508714, networkLocation: /default-rack, certSerialId: null}, Type:RATIS, Factor:ONE, State:OPEN]
2019-08-23 09:58:19,653 [grpc-default-executor-0] INFO  impl.RaftServerProxy (RaftServerProxy.java:addNew(89)) - 2671c7a5-e82e-47d4-ac19-8fdd6a59c091: addNew group-6813A73968A0:[2671c7a5-e82e-47d4-ac19-8fdd6a59c091:192.168.5.185:32897] returns group-6813A73968A0:java.util.concurrent.CompletableFuture@2a40f250[Not completed]
2019-08-23 09:58:19,658 [pool-93-thread-1] INFO  impl.RaftServerImpl (RaftServerImpl.java:<init>(93)) - 2671c7a5-e82e-47d4-ac19-8fdd6a59c091: new RaftServerImpl for group-6813A73968A0:[2671c7a5-e82e-47d4-ac19-8fdd6a59c091:192.168.5.185:32897] with ContainerStateMachine:uninitialized
2019-08-23 09:58:19,658 [pool-93-thread-1] INFO  server.RaftServerConfigKeys (ConfUtils.java:logGet(43)) - raft.server.rpc.timeout.min = 5s (custom)
2019-08-23 09:58:19,659 [pool-93-thread-1] INFO  server.RaftServerConfigKeys (ConfUtils.java:logGet(43)) - raft.server.rpc.timeout.max = 5200ms (custom)
2019-08-23 09:58:19,659 [pool-93-thread-1] INFO  server.RaftServerConfigKeys (ConfUtils.java:logGet(43)) - raft.server.rpcslowness.timeout = 120s (custom)
2019-08-23 09:58:19,659 [pool-93-thread-1] INFO  server.RaftServerConfigKeys (ConfUtils.java:logGet(43)) - raft.server.sleep.deviation.threshold = 300 (default)
2019-08-23 09:58:19,659 [pool-93-thread-1] INFO  server.RaftServerConfigKeys (ConfUtils.java:logGet(43)) - raft.server.log.appender.install.snapshot.enabled = false (custom)
2019-08-23 09:58:19,659 [pool-93-thread-1] INFO  impl.RaftServerImpl (ServerState.java:<init>(105)) - 2671c7a5-e82e-47d4-ac19-8fdd6a59c091:group-6813A73968A0 ConfigurationManager, init=-1: [2671c7a5-e82e-47d4-ac19-8fdd6a59c091:192.168.5.185:32897], old=null, confs=<EMPTY_MAP>
2019-08-23 09:58:19,659 [pool-93-thread-1] INFO  server.RaftServerConfigKeys (ConfUtils.java:logGet(43)) - raft.server.storage.dir = [/workdir/hadoop-ozone/integration-test/target/test-dir/MiniOzoneClusterImpl-4dc0e789-7321-4c00-9da5-33206f8d16b6/datanode-6/data/ratis] (custom)
2019-08-23 09:58:19,660 [pool-93-thread-1] INFO  storage.RaftStorageDirectory (RaftStorageDirectory.java:analyzeStorage(246)) - The storage directory /workdir/hadoop-ozone/integration-test/target/test-dir/MiniOzoneClusterImpl-4dc0e789-7321-4c00-9da5-33206f8d16b6/datanode-6/data/ratis/8903ab2c-3ab4-413a-b5f0-6813a73968a0 does not exist. Creating ...
2019-08-23 09:58:19,672 [pool-93-thread-1] INFO  storage.RaftStorageDirectory (RaftStorageDirectory.java:tryLock(328)) - Lock on /workdir/hadoop-ozone/integration-test/target/test-dir/MiniOzoneClusterImpl-4dc0e789-7321-4c00-9da5-33206f8d16b6/datanode-6/data/ratis/8903ab2c-3ab4-413a-b5f0-6813a73968a0/in_use.lock acquired by nodename 29324@pr-hdds-1094-w8cgz-2737508714
2019-08-23 09:58:19,686 [pool-93-thread-1] INFO  storage.RaftStorage (RaftStorage.java:format(72)) - Storage directory /workdir/hadoop-ozone/integration-test/target/test-dir/MiniOzoneClusterImpl-4dc0e789-7321-4c00-9da5-33206f8d16b6/datanode-6/data/ratis/8903ab2c-3ab4-413a-b5f0-6813a73968a0 has been successfully formatted.
2019-08-23 09:58:19,687 [pool-93-thread-1] INFO  ratis.ContainerStateMachine (ContainerStateMachine.java:loadSnapshot(226)) - group-6813A73968A0: The snapshot info is null. Setting the last applied indexto:(t:0, i:~)
2019-08-23 09:58:19,687 [pool-93-thread-1] INFO  server.RaftServerConfigKeys (ConfUtils.java:logGet(43)) - raft.server.leader.election.timeout = 120s (custom)
2019-08-23 09:58:19,687 [pool-93-thread-1] INFO  server.RaftServerConfigKeys (ConfUtils.java:logGet(43)) - raft.server.log.use.memory = false (default)
2019-08-23 09:58:19,687 [pool-93-thread-1] INFO  server.RaftServerConfigKeys (ConfUtils.java:logGet(43)) - raft.server.log.purge.gap = 1000000 (custom)
2019-08-23 09:58:19,687 [pool-93-thread-1] INFO  server.RaftServerConfigKeys (ConfUtils.java:logGet(43)) - raft.server.log.appender.buffer.byte-limit = 33554432 (custom)
2019-08-23 09:58:19,687 [pool-93-thread-1] INFO  server.RaftServerConfigKeys (ConfUtils.java:logGet(43)) - raft.server.log.segment.size.max = 1048576 (custom)
2019-08-23 09:58:19,687 [pool-93-thread-1] INFO  server.RaftServerConfigKeys (ConfUtils.java:logGet(43)) - raft.server.log.segment.cache.num.max = 2 (custom)
2019-08-23 09:58:19,687 [pool-93-thread-1] INFO  segmented.SegmentedRaftLogWorker (SegmentedRaftLogWorker.java:<init>(172)) - new 2671c7a5-e82e-47d4-ac19-8fdd6a59c091-SegmentedRaftLogWorker:Storage Directory /workdir/hadoop-ozone/integration-test/target/test-dir/MiniOzoneClusterImpl-4dc0e789-7321-4c00-9da5-33206f8d16b6/datanode-6/data/ratis/8903ab2c-3ab4-413a-b5f0-6813a73968a0 for RaftStorage:Storage Directory /workdir/hadoop-ozone/integration-test/target/test-dir/MiniOzoneClusterImpl-4dc0e789-7321-4c00-9da5-33206f8d16b6/datanode-6/data/ratis/8903ab2c-3ab4-413a-b5f0-6813a73968a0
2019-08-23 09:58:19,688 [pool-93-thread-1] INFO  server.RaftServerConfigKeys (ConfUtils.java:logGet(43)) - raft.server.log.queue.byte-limit = 2147483647 (custom)
2019-08-23 09:58:19,688 [pool-93-thread-1] INFO  server.RaftServerConfigKeys (ConfUtils.java:logGet(43)) - raft.server.log.queue.element-limit = 1024 (custom)
2019-08-23 09:58:19,688 [pool-93-thread-1] INFO  server.RaftServerConfigKeys (ConfUtils.java:logGet(43)) - raft.server.log.segment.size.max = 1048576 (custom)
2019-08-23 09:58:19,688 [pool-93-thread-1] INFO  server.RaftServerConfigKeys (ConfUtils.java:logGet(43)) - raft.server.log.preallocated.size = 16384 (custom)
2019-08-23 09:58:19,688 [pool-93-thread-1] INFO  server.RaftServerConfigKeys (ConfUtils.java:logGet(43)) - raft.server.log.write.buffer.size = 33554432 (custom)
2019-08-23 09:58:19,688 [pool-93-thread-1] INFO  server.RaftServerConfigKeys (ConfUtils.java:logGet(43)) - raft.server.log.force.sync.num = 128 (default)
2019-08-23 09:58:19,688 [pool-93-thread-1] INFO  server.RaftServerConfigKeys (ConfUtils.java:logGet(43)) - raft.server.log.statemachine.data.sync = true (default)
2019-08-23 09:58:19,689 [pool-93-thread-1] INFO  server.RaftServerConfigKeys (ConfUtils.java:logGet(43)) - raft.server.log.statemachine.data.sync.timeout = 10s (default)
2019-08-23 09:58:19,689 [pool-93-thread-1] INFO  server.RaftServerConfigKeys (ConfUtils.java:logGet(43)) - raft.server.log.statemachine.data.sync.timeout.retry = -1 (default)
2019-08-23 09:58:19,689 [pool-93-thread-1] INFO  server.RaftServerConfigKeys (ConfUtils.java:logGet(43)) - raft.server.log.statemachine.data.caching.enabled = true (custom)
2019-08-23 09:58:19,689 [pool-93-thread-1] INFO  segmented.SegmentedRaftLogWorker (SegmentedRaftLogWorker.java:lambda$new$0(132)) - 2671c7a5-e82e-47d4-ac19-8fdd6a59c091-SegmentedRaftLogWorker:Storage Directory /workdir/hadoop-ozone/integration-test/target/test-dir/MiniOzoneClusterImpl-4dc0e789-7321-4c00-9da5-33206f8d16b6/datanode-6/data/ratis/8903ab2c-3ab4-413a-b5f0-6813a73968a0: flushIndex: setUnconditionally 0 -> -1
2019-08-23 09:58:19,690 [pool-93-thread-1] INFO  server.RaftServerConfigKeys (ConfUtils.java:logGet(43)) - raft.server.snapshot.auto.trigger.enabled = true (custom)
2019-08-23 09:58:19,690 [pool-93-thread-1] INFO  server.RaftServerConfigKeys (ConfUtils.java:logGet(43)) - raft.server.snapshot.auto.trigger.threshold = 10000 (custom)
2019-08-23 09:58:19,690 [pool-93-thread-1] INFO  server.RaftServerConfigKeys (ConfUtils.java:logGet(43)) - raft.server.retrycache.expirytime = 600000ms (custom)
2019-08-23 09:58:19,690 [pool-93-thread-1] INFO  impl.RaftServerImpl (RaftServerImpl.java:start(180)) - 2671c7a5-e82e-47d4-ac19-8fdd6a59c091: start group-6813A73968A0
2019-08-23 09:58:19,690 [pool-93-thread-1] INFO  impl.RaftServerImpl (RaftServerImpl.java:setRole(171)) - 2671c7a5-e82e-47d4-ac19-8fdd6a59c091:group-6813A73968A0 changes role from null to FOLLOWER at term 0 for startAsFollower
2019-08-23 09:58:19,690 [pool-93-thread-1] INFO  impl.RoleInfo (RoleInfo.java:updateAndGet(143)) - 2671c7a5-e82e-47d4-ac19-8fdd6a59c091: start FollowerState
2019-08-23 09:58:19,691 [pool-93-thread-1] INFO  util.JmxRegister (JmxRegister.java:tryRegister(44)) - Successfully registered JMX Bean with object name Ratis:service=RaftServer,group=group-6813A73968A0,id=2671c7a5-e82e-47d4-ac19-8fdd6a59c091
2019-08-23 09:58:19,704 [RatisPipelineUtilsThread] INFO  pipeline.PipelineStateManager (PipelineStateManager.java:addPipeline(56)) - Created pipeline Pipeline[ Id: 8903ab2c-3ab4-413a-b5f0-6813a73968a0, Nodes: 2671c7a5-e82e-47d4-ac19-8fdd6a59c091{ip: 192.168.5.185, host: pr-hdds-1094-w8cgz-2737508714, networkLocation: /default-rack, certSerialId: null}, Type:RATIS, Factor:ONE, State:OPEN]
2019-08-23 09:58:19,732 [grpc-default-executor-0] INFO  impl.RaftServerProxy (RaftServerProxy.java:addNew(89)) - 3b8e34bd-3e3f-4a27-8e2c-5775a50f870a: addNew group-FFA81BAC855C:[3b8e34bd-3e3f-4a27-8e2c-5775a50f870a:192.168.5.185:43177] returns group-FFA81BAC855C:java.util.concurrent.CompletableFuture@16038859[Not completed]
2019-08-23 09:58:19,737 [pool-71-thread-1] INFO  impl.RaftServerImpl (RaftServerImpl.java:<init>(93)) - 3b8e34bd-3e3f-4a27-8e2c-5775a50f870a: new RaftServerImpl for group-FFA81BAC855C:[3b8e34bd-3e3f-4a27-8e2c-5775a50f870a:192.168.5.185:43177] with ContainerStateMachine:uninitialized
2019-08-23 09:58:19,737 [pool-71-thread-1] INFO  server.RaftServerConfigKeys (ConfUtils.java:logGet(43)) - raft.server.rpc.timeout.min = 5s (custom)
2019-08-23 09:58:19,737 [pool-71-thread-1] INFO  server.RaftServerConfigKeys (ConfUtils.java:logGet(43)) - raft.server.rpc.timeout.max = 5200ms (custom)
2019-08-23 09:58:19,738 [pool-71-thread-1] INFO  server.RaftServerConfigKeys (ConfUtils.java:logGet(43)) - raft.server.rpcslowness.timeout = 120s (custom)
2019-08-23 09:58:19,738 [pool-71-thread-1] INFO  server.RaftServerConfigKeys (ConfUtils.java:logGet(43)) - raft.server.sleep.deviation.threshold = 300 (default)
2019-08-23 09:58:19,738 [pool-71-thread-1] INFO  server.RaftServerConfigKeys (ConfUtils.java:logGet(43)) - raft.server.log.appender.install.snapshot.enabled = false (custom)
2019-08-23 09:58:19,738 [pool-71-thread-1] INFO  impl.RaftServerImpl (ServerState.java:<init>(105)) - 3b8e34bd-3e3f-4a27-8e2c-5775a50f870a:group-FFA81BAC855C ConfigurationManager, init=-1: [3b8e34bd-3e3f-4a27-8e2c-5775a50f870a:192.168.5.185:43177], old=null, confs=<EMPTY_MAP>
2019-08-23 09:58:19,739 [pool-71-thread-1] INFO  server.RaftServerConfigKeys (ConfUtils.java:logGet(43)) - raft.server.storage.dir = [/workdir/hadoop-ozone/integration-test/target/test-dir/MiniOzoneClusterImpl-4dc0e789-7321-4c00-9da5-33206f8d16b6/datanode-4/data/ratis] (custom)
2019-08-23 09:58:19,739 [pool-71-thread-1] INFO  storage.RaftStorageDirectory (RaftStorageDirectory.java:analyzeStorage(246)) - The storage directory /workdir/hadoop-ozone/integration-test/target/test-dir/MiniOzoneClusterImpl-4dc0e789-7321-4c00-9da5-33206f8d16b6/datanode-4/data/ratis/bb9c510e-a30c-4581-a8ec-ffa81bac855c does not exist. Creating ...
2019-08-23 09:58:19,751 [pool-71-thread-1] INFO  storage.RaftStorageDirectory (RaftStorageDirectory.java:tryLock(328)) - Lock on /workdir/hadoop-ozone/integration-test/target/test-dir/MiniOzoneClusterImpl-4dc0e789-7321-4c00-9da5-33206f8d16b6/datanode-4/data/ratis/bb9c510e-a30c-4581-a8ec-ffa81bac855c/in_use.lock acquired by nodename 29324@pr-hdds-1094-w8cgz-2737508714
2019-08-23 09:58:19,764 [pool-71-thread-1] INFO  storage.RaftStorage (RaftStorage.java:format(72)) - Storage directory /workdir/hadoop-ozone/integration-test/target/test-dir/MiniOzoneClusterImpl-4dc0e789-7321-4c00-9da5-33206f8d16b6/datanode-4/data/ratis/bb9c510e-a30c-4581-a8ec-ffa81bac855c has been successfully formatted.
2019-08-23 09:58:19,765 [pool-71-thread-1] INFO  ratis.ContainerStateMachine (ContainerStateMachine.java:loadSnapshot(226)) - group-FFA81BAC855C: The snapshot info is null. Setting the last applied indexto:(t:0, i:~)
2019-08-23 09:58:19,765 [pool-71-thread-1] INFO  server.RaftServerConfigKeys (ConfUtils.java:logGet(43)) - raft.server.leader.election.timeout = 120s (custom)
2019-08-23 09:58:19,765 [pool-71-thread-1] INFO  server.RaftServerConfigKeys (ConfUtils.java:logGet(43)) - raft.server.log.use.memory = false (default)
2019-08-23 09:58:19,765 [pool-71-thread-1] INFO  server.RaftServerConfigKeys (ConfUtils.java:logGet(43)) - raft.server.log.purge.gap = 1000000 (custom)
2019-08-23 09:58:19,765 [pool-71-thread-1] INFO  server.RaftServerConfigKeys (ConfUtils.java:logGet(43)) - raft.server.log.appender.buffer.byte-limit = 33554432 (custom)
2019-08-23 09:58:19,766 [pool-71-thread-1] INFO  server.RaftServerConfigKeys (ConfUtils.java:logGet(43)) - raft.server.log.segment.size.max = 1048576 (custom)
2019-08-23 09:58:19,766 [pool-71-thread-1] INFO  server.RaftServerConfigKeys (ConfUtils.java:logGet(43)) - raft.server.log.segment.cache.num.max = 2 (custom)
2019-08-23 09:58:19,766 [pool-71-thread-1] INFO  segmented.SegmentedRaftLogWorker (SegmentedRaftLogWorker.java:<init>(172)) - new 3b8e34bd-3e3f-4a27-8e2c-5775a50f870a-SegmentedRaftLogWorker:Storage Directory /workdir/hadoop-ozone/integration-test/target/test-dir/MiniOzoneClusterImpl-4dc0e789-7321-4c00-9da5-33206f8d16b6/datanode-4/data/ratis/bb9c510e-a30c-4581-a8ec-ffa81bac855c for RaftStorage:Storage Directory /workdir/hadoop-ozone/integration-test/target/test-dir/MiniOzoneClusterImpl-4dc0e789-7321-4c00-9da5-33206f8d16b6/datanode-4/data/ratis/bb9c510e-a30c-4581-a8ec-ffa81bac855c
2019-08-23 09:58:19,766 [pool-71-thread-1] INFO  server.RaftServerConfigKeys (ConfUtils.java:logGet(43)) - raft.server.log.queue.byte-limit = 2147483647 (custom)
2019-08-23 09:58:19,766 [pool-71-thread-1] INFO  server.RaftServerConfigKeys (ConfUtils.java:logGet(43)) - raft.server.log.queue.element-limit = 1024 (custom)
2019-08-23 09:58:19,766 [pool-71-thread-1] INFO  server.RaftServerConfigKeys (ConfUtils.java:logGet(43)) - raft.server.log.segment.size.max = 1048576 (custom)
2019-08-23 09:58:19,767 [pool-71-thread-1] INFO  server.RaftServerConfigKeys (ConfUtils.java:logGet(43)) - raft.server.log.preallocated.size = 16384 (custom)
2019-08-23 09:58:19,767 [pool-71-thread-1] INFO  server.RaftServerConfigKeys (ConfUtils.java:logGet(43)) - raft.server.log.write.buffer.size = 33554432 (custom)
2019-08-23 09:58:19,767 [pool-71-thread-1] INFO  server.RaftServerConfigKeys (ConfUtils.java:logGet(43)) - raft.server.log.force.sync.num = 128 (default)
2019-08-23 09:58:19,767 [pool-71-thread-1] INFO  server.RaftServerConfigKeys (ConfUtils.java:logGet(43)) - raft.server.log.statemachine.data.sync = true (default)
2019-08-23 09:58:19,767 [pool-71-thread-1] INFO  server.RaftServerConfigKeys (ConfUtils.java:logGet(43)) - raft.server.log.statemachine.data.sync.timeout = 10s (default)
2019-08-23 09:58:19,767 [pool-71-thread-1] INFO  server.RaftServerConfigKeys (ConfUtils.java:logGet(43)) - raft.server.log.statemachine.data.sync.timeout.retry = -1 (default)
2019-08-23 09:58:19,768 [pool-71-thread-1] INFO  server.RaftServerConfigKeys (ConfUtils.java:logGet(43)) - raft.server.log.statemachine.data.caching.enabled = true (custom)
2019-08-23 09:58:19,768 [pool-71-thread-1] INFO  segmented.SegmentedRaftLogWorker (SegmentedRaftLogWorker.java:lambda$new$0(132)) - 3b8e34bd-3e3f-4a27-8e2c-5775a50f870a-SegmentedRaftLogWorker:Storage Directory /workdir/hadoop-ozone/integration-test/target/test-dir/MiniOzoneClusterImpl-4dc0e789-7321-4c00-9da5-33206f8d16b6/datanode-4/data/ratis/bb9c510e-a30c-4581-a8ec-ffa81bac855c: flushIndex: setUnconditionally 0 -> -1
2019-08-23 09:58:19,768 [pool-71-thread-1] INFO  server.RaftServerConfigKeys (ConfUtils.java:logGet(43)) - raft.server.snapshot.auto.trigger.enabled = true (custom)
2019-08-23 09:58:19,769 [pool-71-thread-1] INFO  server.RaftServerConfigKeys (ConfUtils.java:logGet(43)) - raft.server.snapshot.auto.trigger.threshold = 10000 (custom)
2019-08-23 09:58:19,769 [pool-71-thread-1] INFO  server.RaftServerConfigKeys (ConfUtils.java:logGet(43)) - raft.server.retrycache.expirytime = 600000ms (custom)
2019-08-23 09:58:19,769 [pool-71-thread-1] INFO  impl.RaftServerImpl (RaftServerImpl.java:start(180)) - 3b8e34bd-3e3f-4a27-8e2c-5775a50f870a: start group-FFA81BAC855C
2019-08-23 09:58:19,769 [pool-71-thread-1] INFO  impl.RaftServerImpl (RaftServerImpl.java:setRole(171)) - 3b8e34bd-3e3f-4a27-8e2c-5775a50f870a:group-FFA81BAC855C changes role from null to FOLLOWER at term 0 for startAsFollower
2019-08-23 09:58:19,769 [pool-71-thread-1] INFO  impl.RoleInfo (RoleInfo.java:updateAndGet(143)) - 3b8e34bd-3e3f-4a27-8e2c-5775a50f870a: start FollowerState
2019-08-23 09:58:19,770 [pool-71-thread-1] INFO  util.JmxRegister (JmxRegister.java:tryRegister(44)) - Successfully registered JMX Bean with object name Ratis:service=RaftServer,group=group-FFA81BAC855C,id=3b8e34bd-3e3f-4a27-8e2c-5775a50f870a
2019-08-23 09:58:19,783 [RatisPipelineUtilsThread] INFO  pipeline.PipelineStateManager (PipelineStateManager.java:addPipeline(56)) - Created pipeline Pipeline[ Id: bb9c510e-a30c-4581-a8ec-ffa81bac855c, Nodes: 3b8e34bd-3e3f-4a27-8e2c-5775a50f870a{ip: 192.168.5.185, host: pr-hdds-1094-w8cgz-2737508714, networkLocation: /default-rack, certSerialId: null}, Type:RATIS, Factor:ONE, State:OPEN]
2019-08-23 09:58:19,804 [grpc-default-executor-1] INFO  impl.RaftServerProxy (RaftServerProxy.java:addNew(89)) - b10ad05f-5e91-449e-8dbf-0e715902412d: addNew group-716CCC0DB4A7:[b10ad05f-5e91-449e-8dbf-0e715902412d:192.168.5.185:36540] returns group-716CCC0DB4A7:java.util.concurrent.CompletableFuture@60d97230[Not completed]
2019-08-23 09:58:19,810 [pool-60-thread-1] INFO  impl.RaftServerImpl (RaftServerImpl.java:<init>(93)) - b10ad05f-5e91-449e-8dbf-0e715902412d: new RaftServerImpl for group-716CCC0DB4A7:[b10ad05f-5e91-449e-8dbf-0e715902412d:192.168.5.185:36540] with ContainerStateMachine:uninitialized
2019-08-23 09:58:19,810 [pool-60-thread-1] INFO  server.RaftServerConfigKeys (ConfUtils.java:logGet(43)) - raft.server.rpc.timeout.min = 5s (custom)
2019-08-23 09:58:19,811 [pool-60-thread-1] INFO  server.RaftServerConfigKeys (ConfUtils.java:logGet(43)) - raft.server.rpc.timeout.max = 5200ms (custom)
2019-08-23 09:58:19,811 [pool-60-thread-1] INFO  server.RaftServerConfigKeys (ConfUtils.java:logGet(43)) - raft.server.rpcslowness.timeout = 120s (custom)
2019-08-23 09:58:19,811 [pool-60-thread-1] INFO  server.RaftServerConfigKeys (ConfUtils.java:logGet(43)) - raft.server.sleep.deviation.threshold = 300 (default)
2019-08-23 09:58:19,811 [pool-60-thread-1] INFO  server.RaftServerConfigKeys (ConfUtils.java:logGet(43)) - raft.server.log.appender.install.snapshot.enabled = false (custom)
2019-08-23 09:58:19,811 [pool-60-thread-1] INFO  impl.RaftServerImpl (ServerState.java:<init>(105)) - b10ad05f-5e91-449e-8dbf-0e715902412d:group-716CCC0DB4A7 ConfigurationManager, init=-1: [b10ad05f-5e91-449e-8dbf-0e715902412d:192.168.5.185:36540], old=null, confs=<EMPTY_MAP>
2019-08-23 09:58:19,812 [pool-60-thread-1] INFO  server.RaftServerConfigKeys (ConfUtils.java:logGet(43)) - raft.server.storage.dir = [/workdir/hadoop-ozone/integration-test/target/test-dir/MiniOzoneClusterImpl-4dc0e789-7321-4c00-9da5-33206f8d16b6/datanode-3/data/ratis] (custom)
2019-08-23 09:58:19,812 [pool-60-thread-1] INFO  storage.RaftStorageDirectory (RaftStorageDirectory.java:analyzeStorage(246)) - The storage directory /workdir/hadoop-ozone/integration-test/target/test-dir/MiniOzoneClusterImpl-4dc0e789-7321-4c00-9da5-33206f8d16b6/datanode-3/data/ratis/14ae3e42-2c32-496e-9ad3-716ccc0db4a7 does not exist. Creating ...
2019-08-23 09:58:19,826 [pool-60-thread-1] INFO  storage.RaftStorageDirectory (RaftStorageDirectory.java:tryLock(328)) - Lock on /workdir/hadoop-ozone/integration-test/target/test-dir/MiniOzoneClusterImpl-4dc0e789-7321-4c00-9da5-33206f8d16b6/datanode-3/data/ratis/14ae3e42-2c32-496e-9ad3-716ccc0db4a7/in_use.lock acquired by nodename 29324@pr-hdds-1094-w8cgz-2737508714
2019-08-23 09:58:19,839 [pool-60-thread-1] INFO  storage.RaftStorage (RaftStorage.java:format(72)) - Storage directory /workdir/hadoop-ozone/integration-test/target/test-dir/MiniOzoneClusterImpl-4dc0e789-7321-4c00-9da5-33206f8d16b6/datanode-3/data/ratis/14ae3e42-2c32-496e-9ad3-716ccc0db4a7 has been successfully formatted.
2019-08-23 09:58:19,840 [pool-60-thread-1] INFO  ratis.ContainerStateMachine (ContainerStateMachine.java:loadSnapshot(226)) - group-716CCC0DB4A7: The snapshot info is null. Setting the last applied indexto:(t:0, i:~)
2019-08-23 09:58:19,840 [pool-60-thread-1] INFO  server.RaftServerConfigKeys (ConfUtils.java:logGet(43)) - raft.server.leader.election.timeout = 120s (custom)
2019-08-23 09:58:19,840 [pool-60-thread-1] INFO  server.RaftServerConfigKeys (ConfUtils.java:logGet(43)) - raft.server.log.use.memory = false (default)
2019-08-23 09:58:19,840 [pool-60-thread-1] INFO  server.RaftServerConfigKeys (ConfUtils.java:logGet(43)) - raft.server.log.purge.gap = 1000000 (custom)
2019-08-23 09:58:19,840 [pool-60-thread-1] INFO  server.RaftServerConfigKeys (ConfUtils.java:logGet(43)) - raft.server.log.appender.buffer.byte-limit = 33554432 (custom)
2019-08-23 09:58:19,841 [pool-60-thread-1] INFO  server.RaftServerConfigKeys (ConfUtils.java:logGet(43)) - raft.server.log.segment.size.max = 1048576 (custom)
2019-08-23 09:58:19,841 [pool-60-thread-1] INFO  server.RaftServerConfigKeys (ConfUtils.java:logGet(43)) - raft.server.log.segment.cache.num.max = 2 (custom)
2019-08-23 09:58:19,841 [pool-60-thread-1] INFO  segmented.SegmentedRaftLogWorker (SegmentedRaftLogWorker.java:<init>(172)) - new b10ad05f-5e91-449e-8dbf-0e715902412d-SegmentedRaftLogWorker:Storage Directory /workdir/hadoop-ozone/integration-test/target/test-dir/MiniOzoneClusterImpl-4dc0e789-7321-4c00-9da5-33206f8d16b6/datanode-3/data/ratis/14ae3e42-2c32-496e-9ad3-716ccc0db4a7 for RaftStorage:Storage Directory /workdir/hadoop-ozone/integration-test/target/test-dir/MiniOzoneClusterImpl-4dc0e789-7321-4c00-9da5-33206f8d16b6/datanode-3/data/ratis/14ae3e42-2c32-496e-9ad3-716ccc0db4a7
2019-08-23 09:58:19,841 [pool-60-thread-1] INFO  server.RaftServerConfigKeys (ConfUtils.java:logGet(43)) - raft.server.log.queue.byte-limit = 2147483647 (custom)
2019-08-23 09:58:19,841 [pool-60-thread-1] INFO  server.RaftServerConfigKeys (ConfUtils.java:logGet(43)) - raft.server.log.queue.element-limit = 1024 (custom)
2019-08-23 09:58:19,841 [pool-60-thread-1] INFO  server.RaftServerConfigKeys (ConfUtils.java:logGet(43)) - raft.server.log.segment.size.max = 1048576 (custom)
2019-08-23 09:58:19,842 [pool-60-thread-1] INFO  server.RaftServerConfigKeys (ConfUtils.java:logGet(43)) - raft.server.log.preallocated.size = 16384 (custom)
2019-08-23 09:58:19,842 [pool-60-thread-1] INFO  server.RaftServerConfigKeys (ConfUtils.java:logGet(43)) - raft.server.log.write.buffer.size = 33554432 (custom)
2019-08-23 09:58:19,842 [pool-60-thread-1] INFO  server.RaftServerConfigKeys (ConfUtils.java:logGet(43)) - raft.server.log.force.sync.num = 128 (default)
2019-08-23 09:58:19,842 [pool-60-thread-1] INFO  server.RaftServerConfigKeys (ConfUtils.java:logGet(43)) - raft.server.log.statemachine.data.sync = true (default)
2019-08-23 09:58:19,842 [pool-60-thread-1] INFO  server.RaftServerConfigKeys (ConfUtils.java:logGet(43)) - raft.server.log.statemachine.data.sync.timeout = 10s (default)
2019-08-23 09:58:19,842 [pool-60-thread-1] INFO  server.RaftServerConfigKeys (ConfUtils.java:logGet(43)) - raft.server.log.statemachine.data.sync.timeout.retry = -1 (default)
2019-08-23 09:58:19,843 [pool-60-thread-1] INFO  server.RaftServerConfigKeys (ConfUtils.java:logGet(43)) - raft.server.log.statemachine.data.caching.enabled = true (custom)
2019-08-23 09:58:19,843 [pool-60-thread-1] INFO  segmented.SegmentedRaftLogWorker (SegmentedRaftLogWorker.java:lambda$new$0(132)) - b10ad05f-5e91-449e-8dbf-0e715902412d-SegmentedRaftLogWorker:Storage Directory /workdir/hadoop-ozone/integration-test/target/test-dir/MiniOzoneClusterImpl-4dc0e789-7321-4c00-9da5-33206f8d16b6/datanode-3/data/ratis/14ae3e42-2c32-496e-9ad3-716ccc0db4a7: flushIndex: setUnconditionally 0 -> -1
2019-08-23 09:58:19,843 [pool-60-thread-1] INFO  server.RaftServerConfigKeys (ConfUtils.java:logGet(43)) - raft.server.snapshot.auto.trigger.enabled = true (custom)
2019-08-23 09:58:19,844 [pool-60-thread-1] INFO  server.RaftServerConfigKeys (ConfUtils.java:logGet(43)) - raft.server.snapshot.auto.trigger.threshold = 10000 (custom)
2019-08-23 09:58:19,844 [pool-60-thread-1] INFO  server.RaftServerConfigKeys (ConfUtils.java:logGet(43)) - raft.server.retrycache.expirytime = 600000ms (custom)
2019-08-23 09:58:19,844 [pool-60-thread-1] INFO  impl.RaftServerImpl (RaftServerImpl.java:start(180)) - b10ad05f-5e91-449e-8dbf-0e715902412d: start group-716CCC0DB4A7
2019-08-23 09:58:19,844 [pool-60-thread-1] INFO  impl.RaftServerImpl (RaftServerImpl.java:setRole(171)) - b10ad05f-5e91-449e-8dbf-0e715902412d:group-716CCC0DB4A7 changes role from null to FOLLOWER at term 0 for startAsFollower
2019-08-23 09:58:19,844 [pool-60-thread-1] INFO  impl.RoleInfo (RoleInfo.java:updateAndGet(143)) - b10ad05f-5e91-449e-8dbf-0e715902412d: start FollowerState
2019-08-23 09:58:19,845 [pool-60-thread-1] INFO  util.JmxRegister (JmxRegister.java:tryRegister(44)) - Successfully registered JMX Bean with object name Ratis:service=RaftServer,group=group-716CCC0DB4A7,id=b10ad05f-5e91-449e-8dbf-0e715902412d
2019-08-23 09:58:19,852 [main] INFO  ozone.MiniOzoneClusterImpl (MiniOzoneClusterImpl.java:lambda$waitForClusterToBeReady$0(142)) - Cluster is ready. Got 7 of 7 DN Heartbeats.
2019-08-23 09:58:19,864 [RatisPipelineUtilsThread] INFO  pipeline.PipelineStateManager (PipelineStateManager.java:addPipeline(56)) - Created pipeline Pipeline[ Id: 14ae3e42-2c32-496e-9ad3-716ccc0db4a7, Nodes: b10ad05f-5e91-449e-8dbf-0e715902412d{ip: 192.168.5.185, host: pr-hdds-1094-w8cgz-2737508714, networkLocation: /default-rack, certSerialId: null}, Type:RATIS, Factor:ONE, State:OPEN]
2019-08-23 09:58:19,907 [grpc-default-executor-0] INFO  impl.RaftServerProxy (RaftServerProxy.java:addNew(89)) - 8ee8c18d-65cc-49bc-8d53-6d0b6e2387ef: addNew group-87326ECB8067:[b0a33e40-d898-4e82-91f3-4e0ce9e6b5e2:192.168.5.185:46843, f6ea449c-e8f9-4f88-8115-d15823026628:192.168.5.185:39792, 8ee8c18d-65cc-49bc-8d53-6d0b6e2387ef:192.168.5.185:38132] returns group-87326ECB8067:java.util.concurrent.CompletableFuture@7ab5e003[Not completed]
2019-08-23 09:58:19,908 [grpc-default-executor-0] INFO  impl.RaftServerProxy (RaftServerProxy.java:addNew(89)) - b0a33e40-d898-4e82-91f3-4e0ce9e6b5e2: addNew group-87326ECB8067:[b0a33e40-d898-4e82-91f3-4e0ce9e6b5e2:192.168.5.185:46843, f6ea449c-e8f9-4f88-8115-d15823026628:192.168.5.185:39792, 8ee8c18d-65cc-49bc-8d53-6d0b6e2387ef:192.168.5.185:38132] returns group-87326ECB8067:java.util.concurrent.CompletableFuture@20c6340c[Not completed]
2019-08-23 09:58:19,911 [grpc-default-executor-2] INFO  impl.RaftServerProxy (RaftServerProxy.java:addNew(89)) - f6ea449c-e8f9-4f88-8115-d15823026628: addNew group-87326ECB8067:[b0a33e40-d898-4e82-91f3-4e0ce9e6b5e2:192.168.5.185:46843, f6ea449c-e8f9-4f88-8115-d15823026628:192.168.5.185:39792, 8ee8c18d-65cc-49bc-8d53-6d0b6e2387ef:192.168.5.185:38132] returns group-87326ECB8067:java.util.concurrent.CompletableFuture@6c0a2455[Not completed]
2019-08-23 09:58:19,911 [pool-82-thread-1] INFO  impl.RaftServerImpl (RaftServerImpl.java:<init>(93)) - 8ee8c18d-65cc-49bc-8d53-6d0b6e2387ef: new RaftServerImpl for group-87326ECB8067:[b0a33e40-d898-4e82-91f3-4e0ce9e6b5e2:192.168.5.185:46843, f6ea449c-e8f9-4f88-8115-d15823026628:192.168.5.185:39792, 8ee8c18d-65cc-49bc-8d53-6d0b6e2387ef:192.168.5.185:38132] with ContainerStateMachine:uninitialized
2019-08-23 09:58:19,911 [pool-82-thread-1] INFO  server.RaftServerConfigKeys (ConfUtils.java:logGet(43)) - raft.server.rpc.timeout.min = 5s (custom)
2019-08-23 09:58:19,912 [pool-82-thread-1] INFO  server.RaftServerConfigKeys (ConfUtils.java:logGet(43)) - raft.server.rpc.timeout.max = 5200ms (custom)
2019-08-23 09:58:19,912 [pool-82-thread-1] INFO  server.RaftServerConfigKeys (ConfUtils.java:logGet(43)) - raft.server.rpcslowness.timeout = 120s (custom)
2019-08-23 09:58:19,912 [pool-82-thread-1] INFO  server.RaftServerConfigKeys (ConfUtils.java:logGet(43)) - raft.server.sleep.deviation.threshold = 300 (default)
2019-08-23 09:58:19,912 [pool-38-thread-1] INFO  impl.RaftServerImpl (RaftServerImpl.java:<init>(93)) - b0a33e40-d898-4e82-91f3-4e0ce9e6b5e2: new RaftServerImpl for group-87326ECB8067:[b0a33e40-d898-4e82-91f3-4e0ce9e6b5e2:192.168.5.185:46843, f6ea449c-e8f9-4f88-8115-d15823026628:192.168.5.185:39792, 8ee8c18d-65cc-49bc-8d53-6d0b6e2387ef:192.168.5.185:38132] with ContainerStateMachine:uninitialized
2019-08-23 09:58:19,912 [pool-82-thread-1] INFO  server.RaftServerConfigKeys (ConfUtils.java:logGet(43)) - raft.server.log.appender.install.snapshot.enabled = false (custom)
2019-08-23 09:58:19,912 [pool-38-thread-1] INFO  server.RaftServerConfigKeys (ConfUtils.java:logGet(43)) - raft.server.rpc.timeout.min = 5s (custom)
2019-08-23 09:58:19,912 [pool-82-thread-1] INFO  impl.RaftServerImpl (ServerState.java:<init>(105)) - 8ee8c18d-65cc-49bc-8d53-6d0b6e2387ef:group-87326ECB8067 ConfigurationManager, init=-1: [b0a33e40-d898-4e82-91f3-4e0ce9e6b5e2:192.168.5.185:46843, f6ea449c-e8f9-4f88-8115-d15823026628:192.168.5.185:39792, 8ee8c18d-65cc-49bc-8d53-6d0b6e2387ef:192.168.5.185:38132], old=null, confs=<EMPTY_MAP>
2019-08-23 09:58:19,913 [pool-38-thread-1] INFO  server.RaftServerConfigKeys (ConfUtils.java:logGet(43)) - raft.server.rpc.timeout.max = 5200ms (custom)
2019-08-23 09:58:19,913 [pool-27-thread-1] INFO  impl.RaftServerImpl (RaftServerImpl.java:<init>(93)) - f6ea449c-e8f9-4f88-8115-d15823026628: new RaftServerImpl for group-87326ECB8067:[b0a33e40-d898-4e82-91f3-4e0ce9e6b5e2:192.168.5.185:46843, f6ea449c-e8f9-4f88-8115-d15823026628:192.168.5.185:39792, 8ee8c18d-65cc-49bc-8d53-6d0b6e2387ef:192.168.5.185:38132] with ContainerStateMachine:uninitialized
2019-08-23 09:58:19,913 [pool-38-thread-1] INFO  server.RaftServerConfigKeys (ConfUtils.java:logGet(43)) - raft.server.rpcslowness.timeout = 120s (custom)
2019-08-23 09:58:19,913 [pool-82-thread-1] INFO  server.RaftServerConfigKeys (ConfUtils.java:logGet(43)) - raft.server.storage.dir = [/workdir/hadoop-ozone/integration-test/target/test-dir/MiniOzoneClusterImpl-4dc0e789-7321-4c00-9da5-33206f8d16b6/datanode-5/data/ratis] (custom)
2019-08-23 09:58:19,913 [pool-38-thread-1] INFO  server.RaftServerConfigKeys (ConfUtils.java:logGet(43)) - raft.server.sleep.deviation.threshold = 300 (default)
2019-08-23 09:58:19,913 [pool-27-thread-1] INFO  server.RaftServerConfigKeys (ConfUtils.java:logGet(43)) - raft.server.rpc.timeout.min = 5s (custom)
2019-08-23 09:58:19,913 [pool-38-thread-1] INFO  server.RaftServerConfigKeys (ConfUtils.java:logGet(43)) - raft.server.log.appender.install.snapshot.enabled = false (custom)
2019-08-23 09:58:19,914 [pool-82-thread-1] INFO  storage.RaftStorageDirectory (RaftStorageDirectory.java:analyzeStorage(246)) - The storage directory /workdir/hadoop-ozone/integration-test/target/test-dir/MiniOzoneClusterImpl-4dc0e789-7321-4c00-9da5-33206f8d16b6/datanode-5/data/ratis/6917e62a-be5b-477c-9382-87326ecb8067 does not exist. Creating ...
2019-08-23 09:58:19,914 [pool-27-thread-1] INFO  server.RaftServerConfigKeys (ConfUtils.java:logGet(43)) - raft.server.rpc.timeout.max = 5200ms (custom)
2019-08-23 09:58:19,914 [pool-38-thread-1] INFO  impl.RaftServerImpl (ServerState.java:<init>(105)) - b0a33e40-d898-4e82-91f3-4e0ce9e6b5e2:group-87326ECB8067 ConfigurationManager, init=-1: [b0a33e40-d898-4e82-91f3-4e0ce9e6b5e2:192.168.5.185:46843, f6ea449c-e8f9-4f88-8115-d15823026628:192.168.5.185:39792, 8ee8c18d-65cc-49bc-8d53-6d0b6e2387ef:192.168.5.185:38132], old=null, confs=<EMPTY_MAP>
2019-08-23 09:58:19,914 [pool-27-thread-1] INFO  server.RaftServerConfigKeys (ConfUtils.java:logGet(43)) - raft.server.rpcslowness.timeout = 120s (custom)
2019-08-23 09:58:19,914 [pool-38-thread-1] INFO  server.RaftServerConfigKeys (ConfUtils.java:logGet(43)) - raft.server.storage.dir = [/workdir/hadoop-ozone/integration-test/target/test-dir/MiniOzoneClusterImpl-4dc0e789-7321-4c00-9da5-33206f8d16b6/datanode-1/data/ratis] (custom)
2019-08-23 09:58:19,914 [pool-27-thread-1] INFO  server.RaftServerConfigKeys (ConfUtils.java:logGet(43)) - raft.server.sleep.deviation.threshold = 300 (default)
2019-08-23 09:58:19,915 [pool-27-thread-1] INFO  server.RaftServerConfigKeys (ConfUtils.java:logGet(43)) - raft.server.log.appender.install.snapshot.enabled = false (custom)
2019-08-23 09:58:19,915 [pool-38-thread-1] INFO  storage.RaftStorageDirectory (RaftStorageDirectory.java:analyzeStorage(246)) - The storage directory /workdir/hadoop-ozone/integration-test/target/test-dir/MiniOzoneClusterImpl-4dc0e789-7321-4c00-9da5-33206f8d16b6/datanode-1/data/ratis/6917e62a-be5b-477c-9382-87326ecb8067 does not exist. Creating ...
2019-08-23 09:58:19,915 [pool-27-thread-1] INFO  impl.RaftServerImpl (ServerState.java:<init>(105)) - f6ea449c-e8f9-4f88-8115-d15823026628:group-87326ECB8067 ConfigurationManager, init=-1: [b0a33e40-d898-4e82-91f3-4e0ce9e6b5e2:192.168.5.185:46843, f6ea449c-e8f9-4f88-8115-d15823026628:192.168.5.185:39792, 8ee8c18d-65cc-49bc-8d53-6d0b6e2387ef:192.168.5.185:38132], old=null, confs=<EMPTY_MAP>
2019-08-23 09:58:19,915 [pool-27-thread-1] INFO  server.RaftServerConfigKeys (ConfUtils.java:logGet(43)) - raft.server.storage.dir = [/workdir/hadoop-ozone/integration-test/target/test-dir/MiniOzoneClusterImpl-4dc0e789-7321-4c00-9da5-33206f8d16b6/datanode-0/data/ratis] (custom)
2019-08-23 09:58:19,916 [pool-27-thread-1] INFO  storage.RaftStorageDirectory (RaftStorageDirectory.java:analyzeStorage(246)) - The storage directory /workdir/hadoop-ozone/integration-test/target/test-dir/MiniOzoneClusterImpl-4dc0e789-7321-4c00-9da5-33206f8d16b6/datanode-0/data/ratis/6917e62a-be5b-477c-9382-87326ecb8067 does not exist. Creating ...
2019-08-23 09:58:19,936 [pool-38-thread-1] INFO  storage.RaftStorageDirectory (RaftStorageDirectory.java:tryLock(328)) - Lock on /workdir/hadoop-ozone/integration-test/target/test-dir/MiniOzoneClusterImpl-4dc0e789-7321-4c00-9da5-33206f8d16b6/datanode-1/data/ratis/6917e62a-be5b-477c-9382-87326ecb8067/in_use.lock acquired by nodename 29324@pr-hdds-1094-w8cgz-2737508714
2019-08-23 09:58:19,936 [pool-82-thread-1] INFO  storage.RaftStorageDirectory (RaftStorageDirectory.java:tryLock(328)) - Lock on /workdir/hadoop-ozone/integration-test/target/test-dir/MiniOzoneClusterImpl-4dc0e789-7321-4c00-9da5-33206f8d16b6/datanode-5/data/ratis/6917e62a-be5b-477c-9382-87326ecb8067/in_use.lock acquired by nodename 29324@pr-hdds-1094-w8cgz-2737508714
2019-08-23 09:58:19,936 [pool-27-thread-1] INFO  storage.RaftStorageDirectory (RaftStorageDirectory.java:tryLock(328)) - Lock on /workdir/hadoop-ozone/integration-test/target/test-dir/MiniOzoneClusterImpl-4dc0e789-7321-4c00-9da5-33206f8d16b6/datanode-0/data/ratis/6917e62a-be5b-477c-9382-87326ecb8067/in_use.lock acquired by nodename 29324@pr-hdds-1094-w8cgz-2737508714
2019-08-23 09:58:19,950 [pool-38-thread-1] INFO  storage.RaftStorage (RaftStorage.java:format(72)) - Storage directory /workdir/hadoop-ozone/integration-test/target/test-dir/MiniOzoneClusterImpl-4dc0e789-7321-4c00-9da5-33206f8d16b6/datanode-1/data/ratis/6917e62a-be5b-477c-9382-87326ecb8067 has been successfully formatted.
2019-08-23 09:58:19,950 [pool-82-thread-1] INFO  storage.RaftStorage (RaftStorage.java:format(72)) - Storage directory /workdir/hadoop-ozone/integration-test/target/test-dir/MiniOzoneClusterImpl-4dc0e789-7321-4c00-9da5-33206f8d16b6/datanode-5/data/ratis/6917e62a-be5b-477c-9382-87326ecb8067 has been successfully formatted.
2019-08-23 09:58:19,950 [pool-27-thread-1] INFO  storage.RaftStorage (RaftStorage.java:format(72)) - Storage directory /workdir/hadoop-ozone/integration-test/target/test-dir/MiniOzoneClusterImpl-4dc0e789-7321-4c00-9da5-33206f8d16b6/datanode-0/data/ratis/6917e62a-be5b-477c-9382-87326ecb8067 has been successfully formatted.
2019-08-23 09:58:19,950 [pool-38-thread-1] INFO  ratis.ContainerStateMachine (ContainerStateMachine.java:loadSnapshot(226)) - group-87326ECB8067: The snapshot info is null. Setting the last applied indexto:(t:0, i:~)
2019-08-23 09:58:19,950 [pool-82-thread-1] INFO  ratis.ContainerStateMachine (ContainerStateMachine.java:loadSnapshot(226)) - group-87326ECB8067: The snapshot info is null. Setting the last applied indexto:(t:0, i:~)
2019-08-23 09:58:19,950 [pool-38-thread-1] INFO  server.RaftServerConfigKeys (ConfUtils.java:logGet(43)) - raft.server.leader.election.timeout = 120s (custom)
2019-08-23 09:58:19,950 [pool-27-thread-1] INFO  ratis.ContainerStateMachine (ContainerStateMachine.java:loadSnapshot(226)) - group-87326ECB8067: The snapshot info is null. Setting the last applied indexto:(t:0, i:~)
2019-08-23 09:58:19,951 [pool-38-thread-1] INFO  server.RaftServerConfigKeys (ConfUtils.java:logGet(43)) - raft.server.log.use.memory = false (default)
2019-08-23 09:58:19,951 [pool-82-thread-1] INFO  server.RaftServerConfigKeys (ConfUtils.java:logGet(43)) - raft.server.leader.election.timeout = 120s (custom)
2019-08-23 09:58:19,951 [pool-38-thread-1] INFO  server.RaftServerConfigKeys (ConfUtils.java:logGet(43)) - raft.server.log.purge.gap = 1000000 (custom)
2019-08-23 09:58:19,951 [pool-27-thread-1] INFO  server.RaftServerConfigKeys (ConfUtils.java:logGet(43)) - raft.server.leader.election.timeout = 120s (custom)
2019-08-23 09:58:19,951 [pool-38-thread-1] INFO  server.RaftServerConfigKeys (ConfUtils.java:logGet(43)) - raft.server.log.appender.buffer.byte-limit = 33554432 (custom)
2019-08-23 09:58:19,951 [pool-82-thread-1] INFO  server.RaftServerConfigKeys (ConfUtils.java:logGet(43)) - raft.server.log.use.memory = false (default)
2019-08-23 09:58:19,952 [pool-38-thread-1] INFO  server.RaftServerConfigKeys (ConfUtils.java:logGet(43)) - raft.server.log.segment.size.max = 1048576 (custom)
2019-08-23 09:58:19,951 [pool-27-thread-1] INFO  server.RaftServerConfigKeys (ConfUtils.java:logGet(43)) - raft.server.log.use.memory = false (default)
2019-08-23 09:58:19,952 [pool-38-thread-1] INFO  server.RaftServerConfigKeys (ConfUtils.java:logGet(43)) - raft.server.log.segment.cache.num.max = 2 (custom)
2019-08-23 09:58:19,952 [pool-38-thread-1] INFO  segmented.SegmentedRaftLogWorker (SegmentedRaftLogWorker.java:<init>(172)) - new b0a33e40-d898-4e82-91f3-4e0ce9e6b5e2-SegmentedRaftLogWorker:Storage Directory /workdir/hadoop-ozone/integration-test/target/test-dir/MiniOzoneClusterImpl-4dc0e789-7321-4c00-9da5-33206f8d16b6/datanode-1/data/ratis/6917e62a-be5b-477c-9382-87326ecb8067 for RaftStorage:Storage Directory /workdir/hadoop-ozone/integration-test/target/test-dir/MiniOzoneClusterImpl-4dc0e789-7321-4c00-9da5-33206f8d16b6/datanode-1/data/ratis/6917e62a-be5b-477c-9382-87326ecb8067
2019-08-23 09:58:19,952 [pool-82-thread-1] INFO  server.RaftServerConfigKeys (ConfUtils.java:logGet(43)) - raft.server.log.purge.gap = 1000000 (custom)
2019-08-23 09:58:19,953 [pool-38-thread-1] INFO  server.RaftServerConfigKeys (ConfUtils.java:logGet(43)) - raft.server.log.queue.byte-limit = 2147483647 (custom)
2019-08-23 09:58:19,952 [pool-27-thread-1] INFO  server.RaftServerConfigKeys (ConfUtils.java:logGet(43)) - raft.server.log.purge.gap = 1000000 (custom)
2019-08-23 09:58:19,955 [pool-38-thread-1] INFO  server.RaftServerConfigKeys (ConfUtils.java:logGet(43)) - raft.server.log.queue.element-limit = 1024 (custom)
2019-08-23 09:58:19,955 [pool-82-thread-1] INFO  server.RaftServerConfigKeys (ConfUtils.java:logGet(43)) - raft.server.log.appender.buffer.byte-limit = 33554432 (custom)
2019-08-23 09:58:19,955 [pool-38-thread-1] INFO  server.RaftServerConfigKeys (ConfUtils.java:logGet(43)) - raft.server.log.segment.size.max = 1048576 (custom)
2019-08-23 09:58:19,955 [pool-27-thread-1] INFO  server.RaftServerConfigKeys (ConfUtils.java:logGet(43)) - raft.server.log.appender.buffer.byte-limit = 33554432 (custom)
2019-08-23 09:58:19,956 [pool-38-thread-1] INFO  server.RaftServerConfigKeys (ConfUtils.java:logGet(43)) - raft.server.log.preallocated.size = 16384 (custom)
2019-08-23 09:58:19,955 [pool-82-thread-1] INFO  server.RaftServerConfigKeys (ConfUtils.java:logGet(43)) - raft.server.log.segment.size.max = 1048576 (custom)
2019-08-23 09:58:19,956 [pool-38-thread-1] INFO  server.RaftServerConfigKeys (ConfUtils.java:logGet(43)) - raft.server.log.write.buffer.size = 33554432 (custom)
2019-08-23 09:58:19,956 [pool-27-thread-1] INFO  server.RaftServerConfigKeys (ConfUtils.java:logGet(43)) - raft.server.log.segment.size.max = 1048576 (custom)
2019-08-23 09:58:19,956 [pool-38-thread-1] INFO  server.RaftServerConfigKeys (ConfUtils.java:logGet(43)) - raft.server.log.force.sync.num = 128 (default)
2019-08-23 09:58:19,956 [pool-38-thread-1] INFO  server.RaftServerConfigKeys (ConfUtils.java:logGet(43)) - raft.server.log.statemachine.data.sync = true (default)
2019-08-23 09:58:19,956 [pool-82-thread-1] INFO  server.RaftServerConfigKeys (ConfUtils.java:logGet(43)) - raft.server.log.segment.cache.num.max = 2 (custom)
2019-08-23 09:58:19,957 [pool-38-thread-1] INFO  server.RaftServerConfigKeys (ConfUtils.java:logGet(43)) - raft.server.log.statemachine.data.sync.timeout = 10s (default)
2019-08-23 09:58:19,957 [pool-38-thread-1] INFO  server.RaftServerConfigKeys (ConfUtils.java:logGet(43)) - raft.server.log.statemachine.data.sync.timeout.retry = -1 (default)
2019-08-23 09:58:19,956 [pool-27-thread-1] INFO  server.RaftServerConfigKeys (ConfUtils.java:logGet(43)) - raft.server.log.segment.cache.num.max = 2 (custom)
2019-08-23 09:58:19,957 [pool-38-thread-1] INFO  server.RaftServerConfigKeys (ConfUtils.java:logGet(43)) - raft.server.log.statemachine.data.caching.enabled = true (custom)
2019-08-23 09:58:19,957 [pool-82-thread-1] INFO  segmented.SegmentedRaftLogWorker (SegmentedRaftLogWorker.java:<init>(172)) - new 8ee8c18d-65cc-49bc-8d53-6d0b6e2387ef-SegmentedRaftLogWorker:Storage Directory /workdir/hadoop-ozone/integration-test/target/test-dir/MiniOzoneClusterImpl-4dc0e789-7321-4c00-9da5-33206f8d16b6/datanode-5/data/ratis/6917e62a-be5b-477c-9382-87326ecb8067 for RaftStorage:Storage Directory /workdir/hadoop-ozone/integration-test/target/test-dir/MiniOzoneClusterImpl-4dc0e789-7321-4c00-9da5-33206f8d16b6/datanode-5/data/ratis/6917e62a-be5b-477c-9382-87326ecb8067
2019-08-23 09:58:19,957 [pool-27-thread-1] INFO  segmented.SegmentedRaftLogWorker (SegmentedRaftLogWorker.java:<init>(172)) - new f6ea449c-e8f9-4f88-8115-d15823026628-SegmentedRaftLogWorker:Storage Directory /workdir/hadoop-ozone/integration-test/target/test-dir/MiniOzoneClusterImpl-4dc0e789-7321-4c00-9da5-33206f8d16b6/datanode-0/data/ratis/6917e62a-be5b-477c-9382-87326ecb8067 for RaftStorage:Storage Directory /workdir/hadoop-ozone/integration-test/target/test-dir/MiniOzoneClusterImpl-4dc0e789-7321-4c00-9da5-33206f8d16b6/datanode-0/data/ratis/6917e62a-be5b-477c-9382-87326ecb8067
2019-08-23 09:58:19,958 [pool-82-thread-1] INFO  server.RaftServerConfigKeys (ConfUtils.java:logGet(43)) - raft.server.log.queue.byte-limit = 2147483647 (custom)
2019-08-23 09:58:19,958 [pool-38-thread-1] INFO  segmented.SegmentedRaftLogWorker (SegmentedRaftLogWorker.java:lambda$new$0(132)) - b0a33e40-d898-4e82-91f3-4e0ce9e6b5e2-SegmentedRaftLogWorker:Storage Directory /workdir/hadoop-ozone/integration-test/target/test-dir/MiniOzoneClusterImpl-4dc0e789-7321-4c00-9da5-33206f8d16b6/datanode-1/data/ratis/6917e62a-be5b-477c-9382-87326ecb8067: flushIndex: setUnconditionally 0 -> -1
2019-08-23 09:58:19,960 [pool-82-thread-1] INFO  server.RaftServerConfigKeys (ConfUtils.java:logGet(43)) - raft.server.log.queue.element-limit = 1024 (custom)
2019-08-23 09:58:19,962 [pool-38-thread-1] INFO  server.RaftServerConfigKeys (ConfUtils.java:logGet(43)) - raft.server.snapshot.auto.trigger.enabled = true (custom)
2019-08-23 09:58:19,958 [pool-27-thread-1] INFO  server.RaftServerConfigKeys (ConfUtils.java:logGet(43)) - raft.server.log.queue.byte-limit = 2147483647 (custom)
2019-08-23 09:58:19,962 [pool-38-thread-1] INFO  server.RaftServerConfigKeys (ConfUtils.java:logGet(43)) - raft.server.snapshot.auto.trigger.threshold = 10000 (custom)
2019-08-23 09:58:19,962 [pool-82-thread-1] INFO  server.RaftServerConfigKeys (ConfUtils.java:logGet(43)) - raft.server.log.segment.size.max = 1048576 (custom)
2019-08-23 09:58:19,962 [pool-38-thread-1] INFO  server.RaftServerConfigKeys (ConfUtils.java:logGet(43)) - raft.server.retrycache.expirytime = 600000ms (custom)
2019-08-23 09:58:19,962 [pool-27-thread-1] INFO  server.RaftServerConfigKeys (ConfUtils.java:logGet(43)) - raft.server.log.queue.element-limit = 1024 (custom)
2019-08-23 09:58:19,963 [pool-38-thread-1] INFO  impl.RaftServerImpl (RaftServerImpl.java:start(180)) - b0a33e40-d898-4e82-91f3-4e0ce9e6b5e2: start group-87326ECB8067
2019-08-23 09:58:19,962 [pool-82-thread-1] INFO  server.RaftServerConfigKeys (ConfUtils.java:logGet(43)) - raft.server.log.preallocated.size = 16384 (custom)
2019-08-23 09:58:19,963 [pool-38-thread-1] INFO  impl.RaftServerImpl (RaftServerImpl.java:setRole(171)) - b0a33e40-d898-4e82-91f3-4e0ce9e6b5e2:group-87326ECB8067 changes role from null to FOLLOWER at term 0 for startAsFollower
2019-08-23 09:58:19,963 [pool-27-thread-1] INFO  server.RaftServerConfigKeys (ConfUtils.java:logGet(43)) - raft.server.log.segment.size.max = 1048576 (custom)
2019-08-23 09:58:19,963 [pool-38-thread-1] INFO  impl.RoleInfo (RoleInfo.java:updateAndGet(143)) - b0a33e40-d898-4e82-91f3-4e0ce9e6b5e2: start FollowerState
2019-08-23 09:58:19,963 [pool-82-thread-1] INFO  server.RaftServerConfigKeys (ConfUtils.java:logGet(43)) - raft.server.log.write.buffer.size = 33554432 (custom)
2019-08-23 09:58:19,963 [pool-27-thread-1] INFO  server.RaftServerConfigKeys (ConfUtils.java:logGet(43)) - raft.server.log.preallocated.size = 16384 (custom)
2019-08-23 09:58:19,964 [pool-38-thread-1] INFO  util.JmxRegister (JmxRegister.java:tryRegister(44)) - Successfully registered JMX Bean with object name Ratis:service=RaftServer,group=group-87326ECB8067,id=b0a33e40-d898-4e82-91f3-4e0ce9e6b5e2
2019-08-23 09:58:19,964 [pool-82-thread-1] INFO  server.RaftServerConfigKeys (ConfUtils.java:logGet(43)) - raft.server.log.force.sync.num = 128 (default)
2019-08-23 09:58:19,964 [pool-27-thread-1] INFO  server.RaftServerConfigKeys (ConfUtils.java:logGet(43)) - raft.server.log.write.buffer.size = 33554432 (custom)
2019-08-23 09:58:19,964 [pool-82-thread-1] INFO  server.RaftServerConfigKeys (ConfUtils.java:logGet(43)) - raft.server.log.statemachine.data.sync = true (default)
2019-08-23 09:58:19,964 [pool-27-thread-1] INFO  server.RaftServerConfigKeys (ConfUtils.java:logGet(43)) - raft.server.log.force.sync.num = 128 (default)
2019-08-23 09:58:19,965 [pool-82-thread-1] INFO  server.RaftServerConfigKeys (ConfUtils.java:logGet(43)) - raft.server.log.statemachine.data.sync.timeout = 10s (default)
2019-08-23 09:58:19,965 [pool-27-thread-1] INFO  server.RaftServerConfigKeys (ConfUtils.java:logGet(43)) - raft.server.log.statemachine.data.sync = true (default)
2019-08-23 09:58:19,965 [pool-82-thread-1] INFO  server.RaftServerConfigKeys (ConfUtils.java:logGet(43)) - raft.server.log.statemachine.data.sync.timeout.retry = -1 (default)
2019-08-23 09:58:19,965 [pool-27-thread-1] INFO  server.RaftServerConfigKeys (ConfUtils.java:logGet(43)) - raft.server.log.statemachine.data.sync.timeout = 10s (default)
2019-08-23 09:58:19,965 [pool-82-thread-1] INFO  server.RaftServerConfigKeys (ConfUtils.java:logGet(43)) - raft.server.log.statemachine.data.caching.enabled = true (custom)
2019-08-23 09:58:19,965 [pool-27-thread-1] INFO  server.RaftServerConfigKeys (ConfUtils.java:logGet(43)) - raft.server.log.statemachine.data.sync.timeout.retry = -1 (default)
2019-08-23 09:58:19,966 [pool-27-thread-1] INFO  server.RaftServerConfigKeys (ConfUtils.java:logGet(43)) - raft.server.log.statemachine.data.caching.enabled = true (custom)
2019-08-23 09:58:19,966 [pool-82-thread-1] INFO  segmented.SegmentedRaftLogWorker (SegmentedRaftLogWorker.java:lambda$new$0(132)) - 8ee8c18d-65cc-49bc-8d53-6d0b6e2387ef-SegmentedRaftLogWorker:Storage Directory /workdir/hadoop-ozone/integration-test/target/test-dir/MiniOzoneClusterImpl-4dc0e789-7321-4c00-9da5-33206f8d16b6/datanode-5/data/ratis/6917e62a-be5b-477c-9382-87326ecb8067: flushIndex: setUnconditionally 0 -> -1
2019-08-23 09:58:19,966 [pool-27-thread-1] INFO  segmented.SegmentedRaftLogWorker (SegmentedRaftLogWorker.java:lambda$new$0(132)) - f6ea449c-e8f9-4f88-8115-d15823026628-SegmentedRaftLogWorker:Storage Directory /workdir/hadoop-ozone/integration-test/target/test-dir/MiniOzoneClusterImpl-4dc0e789-7321-4c00-9da5-33206f8d16b6/datanode-0/data/ratis/6917e62a-be5b-477c-9382-87326ecb8067: flushIndex: setUnconditionally 0 -> -1
2019-08-23 09:58:19,966 [pool-82-thread-1] INFO  server.RaftServerConfigKeys (ConfUtils.java:logGet(43)) - raft.server.snapshot.auto.trigger.enabled = true (custom)
2019-08-23 09:58:19,967 [pool-82-thread-1] INFO  server.RaftServerConfigKeys (ConfUtils.java:logGet(43)) - raft.server.snapshot.auto.trigger.threshold = 10000 (custom)
2019-08-23 09:58:19,967 [pool-27-thread-1] INFO  server.RaftServerConfigKeys (ConfUtils.java:logGet(43)) - raft.server.snapshot.auto.trigger.enabled = true (custom)
2019-08-23 09:58:19,969 [pool-82-thread-1] INFO  server.RaftServerConfigKeys (ConfUtils.java:logGet(43)) - raft.server.retrycache.expirytime = 600000ms (custom)
2019-08-23 09:58:19,969 [pool-27-thread-1] INFO  server.RaftServerConfigKeys (ConfUtils.java:logGet(43)) - raft.server.snapshot.auto.trigger.threshold = 10000 (custom)
2019-08-23 09:58:19,970 [pool-82-thread-1] INFO  impl.RaftServerImpl (RaftServerImpl.java:start(180)) - 8ee8c18d-65cc-49bc-8d53-6d0b6e2387ef: start group-87326ECB8067
2019-08-23 09:58:19,971 [pool-27-thread-1] INFO  server.RaftServerConfigKeys (ConfUtils.java:logGet(43)) - raft.server.retrycache.expirytime = 600000ms (custom)
2019-08-23 09:58:19,971 [pool-82-thread-1] INFO  impl.RaftServerImpl (RaftServerImpl.java:setRole(171)) - 8ee8c18d-65cc-49bc-8d53-6d0b6e2387ef:group-87326ECB8067 changes role from null to FOLLOWER at term 0 for startAsFollower
2019-08-23 09:58:19,971 [pool-27-thread-1] INFO  impl.RaftServerImpl (RaftServerImpl.java:start(180)) - f6ea449c-e8f9-4f88-8115-d15823026628: start group-87326ECB8067
2019-08-23 09:58:19,973 [pool-82-thread-1] INFO  impl.RoleInfo (RoleInfo.java:updateAndGet(143)) - 8ee8c18d-65cc-49bc-8d53-6d0b6e2387ef: start FollowerState
2019-08-23 09:58:19,973 [pool-27-thread-1] INFO  impl.RaftServerImpl (RaftServerImpl.java:setRole(171)) - f6ea449c-e8f9-4f88-8115-d15823026628:group-87326ECB8067 changes role from null to FOLLOWER at term 0 for startAsFollower
2019-08-23 09:58:19,975 [pool-27-thread-1] INFO  impl.RoleInfo (RoleInfo.java:updateAndGet(143)) - f6ea449c-e8f9-4f88-8115-d15823026628: start FollowerState
2019-08-23 09:58:19,975 [pool-82-thread-1] INFO  util.JmxRegister (JmxRegister.java:tryRegister(44)) - Successfully registered JMX Bean with object name Ratis:service=RaftServer,group=group-87326ECB8067,id=8ee8c18d-65cc-49bc-8d53-6d0b6e2387ef
2019-08-23 09:58:19,975 [pool-27-thread-1] INFO  util.JmxRegister (JmxRegister.java:tryRegister(44)) - Successfully registered JMX Bean with object name Ratis:service=RaftServer,group=group-87326ECB8067,id=f6ea449c-e8f9-4f88-8115-d15823026628
2019-08-23 09:58:19,990 [RatisPipelineUtilsThread] INFO  pipeline.PipelineStateManager (PipelineStateManager.java:addPipeline(56)) - Created pipeline Pipeline[ Id: 6917e62a-be5b-477c-9382-87326ecb8067, Nodes: f6ea449c-e8f9-4f88-8115-d15823026628{ip: 192.168.5.185, host: pr-hdds-1094-w8cgz-2737508714, networkLocation: /default-rack, certSerialId: null}8ee8c18d-65cc-49bc-8d53-6d0b6e2387ef{ip: 192.168.5.185, host: pr-hdds-1094-w8cgz-2737508714, networkLocation: /default-rack, certSerialId: null}b0a33e40-d898-4e82-91f3-4e0ce9e6b5e2{ip: 192.168.5.185, host: pr-hdds-1094-w8cgz-2737508714, networkLocation: /default-rack, certSerialId: null}, Type:RATIS, Factor:THREE, State:OPEN]
2019-08-23 09:58:20,020 [grpc-default-executor-2] INFO  impl.RaftServerProxy (RaftServerProxy.java:addNew(89)) - 3b8e34bd-3e3f-4a27-8e2c-5775a50f870a: addNew group-8DA920169F18:[2671c7a5-e82e-47d4-ac19-8fdd6a59c091:192.168.5.185:32897, 3b8e34bd-3e3f-4a27-8e2c-5775a50f870a:192.168.5.185:43177, 34ad912f-7383-45cc-9fa6-3ffcc2095e4d:192.168.5.185:33327] returns group-8DA920169F18:java.util.concurrent.CompletableFuture@2d372e6e[Not completed]
2019-08-23 09:58:20,021 [grpc-default-executor-0] INFO  impl.RaftServerProxy (RaftServerProxy.java:addNew(89)) - 2671c7a5-e82e-47d4-ac19-8fdd6a59c091: addNew group-8DA920169F18:[2671c7a5-e82e-47d4-ac19-8fdd6a59c091:192.168.5.185:32897, 3b8e34bd-3e3f-4a27-8e2c-5775a50f870a:192.168.5.185:43177, 34ad912f-7383-45cc-9fa6-3ffcc2095e4d:192.168.5.185:33327] returns group-8DA920169F18:java.util.concurrent.CompletableFuture@3235e720[Not completed]
2019-08-23 09:58:20,023 [grpc-default-executor-1] INFO  impl.RaftServerProxy (RaftServerProxy.java:addNew(89)) - 34ad912f-7383-45cc-9fa6-3ffcc2095e4d: addNew group-8DA920169F18:[2671c7a5-e82e-47d4-ac19-8fdd6a59c091:192.168.5.185:32897, 3b8e34bd-3e3f-4a27-8e2c-5775a50f870a:192.168.5.185:43177, 34ad912f-7383-45cc-9fa6-3ffcc2095e4d:192.168.5.185:33327] returns group-8DA920169F18:java.util.concurrent.CompletableFuture@3b6ce72d[Not completed]
2019-08-23 09:58:20,023 [pool-71-thread-1] INFO  impl.RaftServerImpl (RaftServerImpl.java:<init>(93)) - 3b8e34bd-3e3f-4a27-8e2c-5775a50f870a: new RaftServerImpl for group-8DA920169F18:[2671c7a5-e82e-47d4-ac19-8fdd6a59c091:192.168.5.185:32897, 3b8e34bd-3e3f-4a27-8e2c-5775a50f870a:192.168.5.185:43177, 34ad912f-7383-45cc-9fa6-3ffcc2095e4d:192.168.5.185:33327] with ContainerStateMachine:uninitialized
2019-08-23 09:58:20,024 [pool-71-thread-1] INFO  server.RaftServerConfigKeys (ConfUtils.java:logGet(43)) - raft.server.rpc.timeout.min = 5s (custom)
2019-08-23 09:58:20,024 [pool-71-thread-1] INFO  server.RaftServerConfigKeys (ConfUtils.java:logGet(43)) - raft.server.rpc.timeout.max = 5200ms (custom)
2019-08-23 09:58:20,024 [pool-71-thread-1] INFO  server.RaftServerConfigKeys (ConfUtils.java:logGet(43)) - raft.server.rpcslowness.timeout = 120s (custom)
2019-08-23 09:58:20,024 [pool-71-thread-1] INFO  server.RaftServerConfigKeys (ConfUtils.java:logGet(43)) - raft.server.sleep.deviation.threshold = 300 (default)
2019-08-23 09:58:20,024 [pool-71-thread-1] INFO  server.RaftServerConfigKeys (ConfUtils.java:logGet(43)) - raft.server.log.appender.install.snapshot.enabled = false (custom)
2019-08-23 09:58:20,024 [pool-71-thread-1] INFO  impl.RaftServerImpl (ServerState.java:<init>(105)) - 3b8e34bd-3e3f-4a27-8e2c-5775a50f870a:group-8DA920169F18 ConfigurationManager, init=-1: [2671c7a5-e82e-47d4-ac19-8fdd6a59c091:192.168.5.185:32897, 3b8e34bd-3e3f-4a27-8e2c-5775a50f870a:192.168.5.185:43177, 34ad912f-7383-45cc-9fa6-3ffcc2095e4d:192.168.5.185:33327], old=null, confs=<EMPTY_MAP>
2019-08-23 09:58:20,024 [pool-71-thread-1] INFO  server.RaftServerConfigKeys (ConfUtils.java:logGet(43)) - raft.server.storage.dir = [/workdir/hadoop-ozone/integration-test/target/test-dir/MiniOzoneClusterImpl-4dc0e789-7321-4c00-9da5-33206f8d16b6/datanode-4/data/ratis] (custom)
2019-08-23 09:58:20,024 [pool-93-thread-1] INFO  impl.RaftServerImpl (RaftServerImpl.java:<init>(93)) - 2671c7a5-e82e-47d4-ac19-8fdd6a59c091: new RaftServerImpl for group-8DA920169F18:[2671c7a5-e82e-47d4-ac19-8fdd6a59c091:192.168.5.185:32897, 3b8e34bd-3e3f-4a27-8e2c-5775a50f870a:192.168.5.185:43177, 34ad912f-7383-45cc-9fa6-3ffcc2095e4d:192.168.5.185:33327] with ContainerStateMachine:uninitialized
2019-08-23 09:58:20,025 [pool-71-thread-1] INFO  storage.RaftStorageDirectory (RaftStorageDirectory.java:analyzeStorage(246)) - The storage directory /workdir/hadoop-ozone/integration-test/target/test-dir/MiniOzoneClusterImpl-4dc0e789-7321-4c00-9da5-33206f8d16b6/datanode-4/data/ratis/f19e1e2a-8702-4cca-9b36-8da920169f18 does not exist. Creating ...
2019-08-23 09:58:20,025 [pool-93-thread-1] INFO  server.RaftServerConfigKeys (ConfUtils.java:logGet(43)) - raft.server.rpc.timeout.min = 5s (custom)
2019-08-23 09:58:20,025 [pool-93-thread-1] INFO  server.RaftServerConfigKeys (ConfUtils.java:logGet(43)) - raft.server.rpc.timeout.max = 5200ms (custom)
2019-08-23 09:58:20,025 [pool-49-thread-1] INFO  impl.RaftServerImpl (RaftServerImpl.java:<init>(93)) - 34ad912f-7383-45cc-9fa6-3ffcc2095e4d: new RaftServerImpl for group-8DA920169F18:[2671c7a5-e82e-47d4-ac19-8fdd6a59c091:192.168.5.185:32897, 3b8e34bd-3e3f-4a27-8e2c-5775a50f870a:192.168.5.185:43177, 34ad912f-7383-45cc-9fa6-3ffcc2095e4d:192.168.5.185:33327] with ContainerStateMachine:uninitialized
2019-08-23 09:58:20,025 [pool-93-thread-1] INFO  server.RaftServerConfigKeys (ConfUtils.java:logGet(43)) - raft.server.rpcslowness.timeout = 120s (custom)
2019-08-23 09:58:20,025 [pool-49-thread-1] INFO  server.RaftServerConfigKeys (ConfUtils.java:logGet(43)) - raft.server.rpc.timeout.min = 5s (custom)
2019-08-23 09:58:20,026 [pool-93-thread-1] INFO  server.RaftServerConfigKeys (ConfUtils.java:logGet(43)) - raft.server.sleep.deviation.threshold = 300 (default)
2019-08-23 09:58:20,027 [pool-49-thread-1] INFO  server.RaftServerConfigKeys (ConfUtils.java:logGet(43)) - raft.server.rpc.timeout.max = 5200ms (custom)
2019-08-23 09:58:20,027 [pool-93-thread-1] INFO  server.RaftServerConfigKeys (ConfUtils.java:logGet(43)) - raft.server.log.appender.install.snapshot.enabled = false (custom)
2019-08-23 09:58:20,027 [pool-49-thread-1] INFO  server.RaftServerConfigKeys (ConfUtils.java:logGet(43)) - raft.server.rpcslowness.timeout = 120s (custom)
2019-08-23 09:58:20,027 [pool-93-thread-1] INFO  impl.RaftServerImpl (ServerState.java:<init>(105)) - 2671c7a5-e82e-47d4-ac19-8fdd6a59c091:group-8DA920169F18 ConfigurationManager, init=-1: [2671c7a5-e82e-47d4-ac19-8fdd6a59c091:192.168.5.185:32897, 3b8e34bd-3e3f-4a27-8e2c-5775a50f870a:192.168.5.185:43177, 34ad912f-7383-45cc-9fa6-3ffcc2095e4d:192.168.5.185:33327], old=null, confs=<EMPTY_MAP>
2019-08-23 09:58:20,027 [pool-49-thread-1] INFO  server.RaftServerConfigKeys (ConfUtils.java:logGet(43)) - raft.server.sleep.deviation.threshold = 300 (default)
2019-08-23 09:58:20,027 [pool-93-thread-1] INFO  server.RaftServerConfigKeys (ConfUtils.java:logGet(43)) - raft.server.storage.dir = [/workdir/hadoop-ozone/integration-test/target/test-dir/MiniOzoneClusterImpl-4dc0e789-7321-4c00-9da5-33206f8d16b6/datanode-6/data/ratis] (custom)
2019-08-23 09:58:20,027 [pool-49-thread-1] INFO  server.RaftServerConfigKeys (ConfUtils.java:logGet(43)) - raft.server.log.appender.install.snapshot.enabled = false (custom)
2019-08-23 09:58:20,027 [pool-49-thread-1] INFO  impl.RaftServerImpl (ServerState.java:<init>(105)) - 34ad912f-7383-45cc-9fa6-3ffcc2095e4d:group-8DA920169F18 ConfigurationManager, init=-1: [2671c7a5-e82e-47d4-ac19-8fdd6a59c091:192.168.5.185:32897, 3b8e34bd-3e3f-4a27-8e2c-5775a50f870a:192.168.5.185:43177, 34ad912f-7383-45cc-9fa6-3ffcc2095e4d:192.168.5.185:33327], old=null, confs=<EMPTY_MAP>
2019-08-23 09:58:20,028 [pool-93-thread-1] INFO  storage.RaftStorageDirectory (RaftStorageDirectory.java:analyzeStorage(246)) - The storage directory /workdir/hadoop-ozone/integration-test/target/test-dir/MiniOzoneClusterImpl-4dc0e789-7321-4c00-9da5-33206f8d16b6/datanode-6/data/ratis/f19e1e2a-8702-4cca-9b36-8da920169f18 does not exist. Creating ...
2019-08-23 09:58:20,028 [pool-49-thread-1] INFO  server.RaftServerConfigKeys (ConfUtils.java:logGet(43)) - raft.server.storage.dir = [/workdir/hadoop-ozone/integration-test/target/test-dir/MiniOzoneClusterImpl-4dc0e789-7321-4c00-9da5-33206f8d16b6/datanode-2/data/ratis] (custom)
2019-08-23 09:58:20,028 [pool-49-thread-1] INFO  storage.RaftStorageDirectory (RaftStorageDirectory.java:analyzeStorage(246)) - The storage directory /workdir/hadoop-ozone/integration-test/target/test-dir/MiniOzoneClusterImpl-4dc0e789-7321-4c00-9da5-33206f8d16b6/datanode-2/data/ratis/f19e1e2a-8702-4cca-9b36-8da920169f18 does not exist. Creating ...
2019-08-23 09:58:20,050 [pool-71-thread-1] INFO  storage.RaftStorageDirectory (RaftStorageDirectory.java:tryLock(328)) - Lock on /workdir/hadoop-ozone/integration-test/target/test-dir/MiniOzoneClusterImpl-4dc0e789-7321-4c00-9da5-33206f8d16b6/datanode-4/data/ratis/f19e1e2a-8702-4cca-9b36-8da920169f18/in_use.lock acquired by nodename 29324@pr-hdds-1094-w8cgz-2737508714
2019-08-23 09:58:20,050 [pool-93-thread-1] INFO  storage.RaftStorageDirectory (RaftStorageDirectory.java:tryLock(328)) - Lock on /workdir/hadoop-ozone/integration-test/target/test-dir/MiniOzoneClusterImpl-4dc0e789-7321-4c00-9da5-33206f8d16b6/datanode-6/data/ratis/f19e1e2a-8702-4cca-9b36-8da920169f18/in_use.lock acquired by nodename 29324@pr-hdds-1094-w8cgz-2737508714
2019-08-23 09:58:20,050 [pool-49-thread-1] INFO  storage.RaftStorageDirectory (RaftStorageDirectory.java:tryLock(328)) - Lock on /workdir/hadoop-ozone/integration-test/target/test-dir/MiniOzoneClusterImpl-4dc0e789-7321-4c00-9da5-33206f8d16b6/datanode-2/data/ratis/f19e1e2a-8702-4cca-9b36-8da920169f18/in_use.lock acquired by nodename 29324@pr-hdds-1094-w8cgz-2737508714
2019-08-23 09:58:20,075 [pool-71-thread-1] INFO  storage.RaftStorage (RaftStorage.java:format(72)) - Storage directory /workdir/hadoop-ozone/integration-test/target/test-dir/MiniOzoneClusterImpl-4dc0e789-7321-4c00-9da5-33206f8d16b6/datanode-4/data/ratis/f19e1e2a-8702-4cca-9b36-8da920169f18 has been successfully formatted.
2019-08-23 09:58:20,075 [pool-49-thread-1] INFO  storage.RaftStorage (RaftStorage.java:format(72)) - Storage directory /workdir/hadoop-ozone/integration-test/target/test-dir/MiniOzoneClusterImpl-4dc0e789-7321-4c00-9da5-33206f8d16b6/datanode-2/data/ratis/f19e1e2a-8702-4cca-9b36-8da920169f18 has been successfully formatted.
2019-08-23 09:58:20,075 [pool-93-thread-1] INFO  storage.RaftStorage (RaftStorage.java:format(72)) - Storage directory /workdir/hadoop-ozone/integration-test/target/test-dir/MiniOzoneClusterImpl-4dc0e789-7321-4c00-9da5-33206f8d16b6/datanode-6/data/ratis/f19e1e2a-8702-4cca-9b36-8da920169f18 has been successfully formatted.
2019-08-23 09:58:20,075 [pool-49-thread-1] INFO  ratis.ContainerStateMachine (ContainerStateMachine.java:loadSnapshot(226)) - group-8DA920169F18: The snapshot info is null. Setting the last applied indexto:(t:0, i:~)
2019-08-23 09:58:20,075 [pool-71-thread-1] INFO  ratis.ContainerStateMachine (ContainerStateMachine.java:loadSnapshot(226)) - group-8DA920169F18: The snapshot info is null. Setting the last applied indexto:(t:0, i:~)
2019-08-23 09:58:20,076 [pool-49-thread-1] INFO  server.RaftServerConfigKeys (ConfUtils.java:logGet(43)) - raft.server.leader.election.timeout = 120s (custom)
2019-08-23 09:58:20,075 [pool-93-thread-1] INFO  ratis.ContainerStateMachine (ContainerStateMachine.java:loadSnapshot(226)) - group-8DA920169F18: The snapshot info is null. Setting the last applied indexto:(t:0, i:~)
2019-08-23 09:58:20,076 [pool-49-thread-1] INFO  server.RaftServerConfigKeys (ConfUtils.java:logGet(43)) - raft.server.log.use.memory = false (default)
2019-08-23 09:58:20,076 [pool-71-thread-1] INFO  server.RaftServerConfigKeys (ConfUtils.java:logGet(43)) - raft.server.leader.election.timeout = 120s (custom)
2019-08-23 09:58:20,076 [pool-49-thread-1] INFO  server.RaftServerConfigKeys (ConfUtils.java:logGet(43)) - raft.server.log.purge.gap = 1000000 (custom)
2019-08-23 09:58:20,076 [pool-93-thread-1] INFO  server.RaftServerConfigKeys (ConfUtils.java:logGet(43)) - raft.server.leader.election.timeout = 120s (custom)
2019-08-23 09:58:20,076 [pool-49-thread-1] INFO  server.RaftServerConfigKeys (ConfUtils.java:logGet(43)) - raft.server.log.appender.buffer.byte-limit = 33554432 (custom)
2019-08-23 09:58:20,076 [pool-71-thread-1] INFO  server.RaftServerConfigKeys (ConfUtils.java:logGet(43)) - raft.server.log.use.memory = false (default)
2019-08-23 09:58:20,077 [pool-49-thread-1] INFO  server.RaftServerConfigKeys (ConfUtils.java:logGet(43)) - raft.server.log.segment.size.max = 1048576 (custom)
2019-08-23 09:58:20,077 [pool-93-thread-1] INFO  server.RaftServerConfigKeys (ConfUtils.java:logGet(43)) - raft.server.log.use.memory = false (default)
2019-08-23 09:58:20,077 [pool-49-thread-1] INFO  server.RaftServerConfigKeys (ConfUtils.java:logGet(43)) - raft.server.log.segment.cache.num.max = 2 (custom)
2019-08-23 09:58:20,077 [pool-71-thread-1] INFO  server.RaftServerConfigKeys (ConfUtils.java:logGet(43)) - raft.server.log.purge.gap = 1000000 (custom)
2019-08-23 09:58:20,077 [pool-49-thread-1] INFO  segmented.SegmentedRaftLogWorker (SegmentedRaftLogWorker.java:<init>(172)) - new 34ad912f-7383-45cc-9fa6-3ffcc2095e4d-SegmentedRaftLogWorker:Storage Directory /workdir/hadoop-ozone/integration-test/target/test-dir/MiniOzoneClusterImpl-4dc0e789-7321-4c00-9da5-33206f8d16b6/datanode-2/data/ratis/f19e1e2a-8702-4cca-9b36-8da920169f18 for RaftStorage:Storage Directory /workdir/hadoop-ozone/integration-test/target/test-dir/MiniOzoneClusterImpl-4dc0e789-7321-4c00-9da5-33206f8d16b6/datanode-2/data/ratis/f19e1e2a-8702-4cca-9b36-8da920169f18
2019-08-23 09:58:20,077 [pool-93-thread-1] INFO  server.RaftServerConfigKeys (ConfUtils.java:logGet(43)) - raft.server.log.purge.gap = 1000000 (custom)
2019-08-23 09:58:20,078 [pool-49-thread-1] INFO  server.RaftServerConfigKeys (ConfUtils.java:logGet(43)) - raft.server.log.queue.byte-limit = 2147483647 (custom)
2019-08-23 09:58:20,078 [pool-71-thread-1] INFO  server.RaftServerConfigKeys (ConfUtils.java:logGet(43)) - raft.server.log.appender.buffer.byte-limit = 33554432 (custom)
2019-08-23 09:58:20,081 [pool-49-thread-1] INFO  server.RaftServerConfigKeys (ConfUtils.java:logGet(43)) - raft.server.log.queue.element-limit = 1024 (custom)
2019-08-23 09:58:20,078 [pool-93-thread-1] INFO  server.RaftServerConfigKeys (ConfUtils.java:logGet(43)) - raft.server.log.appender.buffer.byte-limit = 33554432 (custom)
2019-08-23 09:58:20,081 [pool-49-thread-1] INFO  server.RaftServerConfigKeys (ConfUtils.java:logGet(43)) - raft.server.log.segment.size.max = 1048576 (custom)
2019-08-23 09:58:20,081 [pool-71-thread-1] INFO  server.RaftServerConfigKeys (ConfUtils.java:logGet(43)) - raft.server.log.segment.size.max = 1048576 (custom)
2019-08-23 09:58:20,082 [pool-49-thread-1] INFO  server.RaftServerConfigKeys (ConfUtils.java:logGet(43)) - raft.server.log.preallocated.size = 16384 (custom)
2019-08-23 09:58:20,081 [pool-93-thread-1] INFO  server.RaftServerConfigKeys (ConfUtils.java:logGet(43)) - raft.server.log.segment.size.max = 1048576 (custom)
2019-08-23 09:58:20,082 [pool-49-thread-1] INFO  server.RaftServerConfigKeys (ConfUtils.java:logGet(43)) - raft.server.log.write.buffer.size = 33554432 (custom)
2019-08-23 09:58:20,082 [pool-71-thread-1] INFO  server.RaftServerConfigKeys (ConfUtils.java:logGet(43)) - raft.server.log.segment.cache.num.max = 2 (custom)
2019-08-23 09:58:20,082 [pool-49-thread-1] INFO  server.RaftServerConfigKeys (ConfUtils.java:logGet(43)) - raft.server.log.force.sync.num = 128 (default)
2019-08-23 09:58:20,082 [pool-93-thread-1] INFO  server.RaftServerConfigKeys (ConfUtils.java:logGet(43)) - raft.server.log.segment.cache.num.max = 2 (custom)
2019-08-23 09:58:20,083 [pool-49-thread-1] INFO  server.RaftServerConfigKeys (ConfUtils.java:logGet(43)) - raft.server.log.statemachine.data.sync = true (default)
2019-08-23 09:58:20,083 [pool-71-thread-1] INFO  segmented.SegmentedRaftLogWorker (SegmentedRaftLogWorker.java:<init>(172)) - new 3b8e34bd-3e3f-4a27-8e2c-5775a50f870a-SegmentedRaftLogWorker:Storage Directory /workdir/hadoop-ozone/integration-test/target/test-dir/MiniOzoneClusterImpl-4dc0e789-7321-4c00-9da5-33206f8d16b6/datanode-4/data/ratis/f19e1e2a-8702-4cca-9b36-8da920169f18 for RaftStorage:Storage Directory /workdir/hadoop-ozone/integration-test/target/test-dir/MiniOzoneClusterImpl-4dc0e789-7321-4c00-9da5-33206f8d16b6/datanode-4/data/ratis/f19e1e2a-8702-4cca-9b36-8da920169f18
2019-08-23 09:58:20,083 [pool-49-thread-1] INFO  server.RaftServerConfigKeys (ConfUtils.java:logGet(43)) - raft.server.log.statemachine.data.sync.timeout = 10s (default)
2019-08-23 09:58:20,083 [pool-93-thread-1] INFO  segmented.SegmentedRaftLogWorker (SegmentedRaftLogWorker.java:<init>(172)) - new 2671c7a5-e82e-47d4-ac19-8fdd6a59c091-SegmentedRaftLogWorker:Storage Directory /workdir/hadoop-ozone/integration-test/target/test-dir/MiniOzoneClusterImpl-4dc0e789-7321-4c00-9da5-33206f8d16b6/datanode-6/data/ratis/f19e1e2a-8702-4cca-9b36-8da920169f18 for RaftStorage:Storage Directory /workdir/hadoop-ozone/integration-test/target/test-dir/MiniOzoneClusterImpl-4dc0e789-7321-4c00-9da5-33206f8d16b6/datanode-6/data/ratis/f19e1e2a-8702-4cca-9b36-8da920169f18
2019-08-23 09:58:20,086 [pool-49-thread-1] INFO  server.RaftServerConfigKeys (ConfUtils.java:logGet(43)) - raft.server.log.statemachine.data.sync.timeout.retry = -1 (default)
2019-08-23 09:58:20,083 [pool-71-thread-1] INFO  server.RaftServerConfigKeys (ConfUtils.java:logGet(43)) - raft.server.log.queue.byte-limit = 2147483647 (custom)
2019-08-23 09:58:20,086 [pool-93-thread-1] INFO  server.RaftServerConfigKeys (ConfUtils.java:logGet(43)) - raft.server.log.queue.byte-limit = 2147483647 (custom)
2019-08-23 09:58:20,089 [pool-49-thread-1] INFO  server.RaftServerConfigKeys (ConfUtils.java:logGet(43)) - raft.server.log.statemachine.data.caching.enabled = true (custom)
2019-08-23 09:58:20,088 [pool-71-thread-1] INFO  server.RaftServerConfigKeys (ConfUtils.java:logGet(43)) - raft.server.log.queue.element-limit = 1024 (custom)
2019-08-23 09:58:20,089 [pool-93-thread-1] INFO  server.RaftServerConfigKeys (ConfUtils.java:logGet(43)) - raft.server.log.queue.element-limit = 1024 (custom)
2019-08-23 09:58:20,089 [pool-71-thread-1] INFO  server.RaftServerConfigKeys (ConfUtils.java:logGet(43)) - raft.server.log.segment.size.max = 1048576 (custom)
2019-08-23 09:58:20,089 [pool-93-thread-1] INFO  server.RaftServerConfigKeys (ConfUtils.java:logGet(43)) - raft.server.log.segment.size.max = 1048576 (custom)
2019-08-23 09:58:20,089 [pool-49-thread-1] INFO  segmented.SegmentedRaftLogWorker (SegmentedRaftLogWorker.java:lambda$new$0(132)) - 34ad912f-7383-45cc-9fa6-3ffcc2095e4d-SegmentedRaftLogWorker:Storage Directory /workdir/hadoop-ozone/integration-test/target/test-dir/MiniOzoneClusterImpl-4dc0e789-7321-4c00-9da5-33206f8d16b6/datanode-2/data/ratis/f19e1e2a-8702-4cca-9b36-8da920169f18: flushIndex: setUnconditionally 0 -> -1
2019-08-23 09:58:20,090 [pool-93-thread-1] INFO  server.RaftServerConfigKeys (ConfUtils.java:logGet(43)) - raft.server.log.preallocated.size = 16384 (custom)
2019-08-23 09:58:20,089 [pool-71-thread-1] INFO  server.RaftServerConfigKeys (ConfUtils.java:logGet(43)) - raft.server.log.preallocated.size = 16384 (custom)
2019-08-23 09:58:20,090 [pool-49-thread-1] INFO  server.RaftServerConfigKeys (ConfUtils.java:logGet(43)) - raft.server.snapshot.auto.trigger.enabled = true (custom)
2019-08-23 09:58:20,090 [pool-93-thread-1] INFO  server.RaftServerConfigKeys (ConfUtils.java:logGet(43)) - raft.server.log.write.buffer.size = 33554432 (custom)
2019-08-23 09:58:20,090 [pool-49-thread-1] INFO  server.RaftServerConfigKeys (ConfUtils.java:logGet(43)) - raft.server.snapshot.auto.trigger.threshold = 10000 (custom)
2019-08-23 09:58:20,090 [pool-71-thread-1] INFO  server.RaftServerConfigKeys (ConfUtils.java:logGet(43)) - raft.server.log.write.buffer.size = 33554432 (custom)
2019-08-23 09:58:20,091 [pool-93-thread-1] INFO  server.RaftServerConfigKeys (ConfUtils.java:logGet(43)) - raft.server.log.force.sync.num = 128 (default)
2019-08-23 09:58:20,091 [pool-49-thread-1] INFO  server.RaftServerConfigKeys (ConfUtils.java:logGet(43)) - raft.server.retrycache.expirytime = 600000ms (custom)
2019-08-23 09:58:20,091 [pool-71-thread-1] INFO  server.RaftServerConfigKeys (ConfUtils.java:logGet(43)) - raft.server.log.force.sync.num = 128 (default)
2019-08-23 09:58:20,091 [pool-93-thread-1] INFO  server.RaftServerConfigKeys (ConfUtils.java:logGet(43)) - raft.server.log.statemachine.data.sync = true (default)
2019-08-23 09:58:20,092 [pool-49-thread-1] INFO  impl.RaftServerImpl (RaftServerImpl.java:start(180)) - 34ad912f-7383-45cc-9fa6-3ffcc2095e4d: start group-8DA920169F18
2019-08-23 09:58:20,092 [pool-71-thread-1] INFO  server.RaftServerConfigKeys (ConfUtils.java:logGet(43)) - raft.server.log.statemachine.data.sync = true (default)
2019-08-23 09:58:20,092 [pool-49-thread-1] INFO  impl.RaftServerImpl (RaftServerImpl.java:setRole(171)) - 34ad912f-7383-45cc-9fa6-3ffcc2095e4d:group-8DA920169F18 changes role from null to FOLLOWER at term 0 for startAsFollower
2019-08-23 09:58:20,092 [pool-93-thread-1] INFO  server.RaftServerConfigKeys (ConfUtils.java:logGet(43)) - raft.server.log.statemachine.data.sync.timeout = 10s (default)
2019-08-23 09:58:20,092 [pool-49-thread-1] INFO  impl.RoleInfo (RoleInfo.java:updateAndGet(143)) - 34ad912f-7383-45cc-9fa6-3ffcc2095e4d: start FollowerState
2019-08-23 09:58:20,092 [pool-71-thread-1] INFO  server.RaftServerConfigKeys (ConfUtils.java:logGet(43)) - raft.server.log.statemachine.data.sync.timeout = 10s (default)
2019-08-23 09:58:20,092 [pool-93-thread-1] INFO  server.RaftServerConfigKeys (ConfUtils.java:logGet(43)) - raft.server.log.statemachine.data.sync.timeout.retry = -1 (default)
2019-08-23 09:58:20,093 [pool-71-thread-1] INFO  server.RaftServerConfigKeys (ConfUtils.java:logGet(43)) - raft.server.log.statemachine.data.sync.timeout.retry = -1 (default)
2019-08-23 09:58:20,093 [pool-93-thread-1] INFO  server.RaftServerConfigKeys (ConfUtils.java:logGet(43)) - raft.server.log.statemachine.data.caching.enabled = true (custom)
2019-08-23 09:58:20,093 [pool-49-thread-1] INFO  util.JmxRegister (JmxRegister.java:tryRegister(44)) - Successfully registered JMX Bean with object name Ratis:service=RaftServer,group=group-8DA920169F18,id=34ad912f-7383-45cc-9fa6-3ffcc2095e4d
2019-08-23 09:58:20,093 [pool-71-thread-1] INFO  server.RaftServerConfigKeys (ConfUtils.java:logGet(43)) - raft.server.log.statemachine.data.caching.enabled = true (custom)
2019-08-23 09:58:20,094 [pool-93-thread-1] INFO  segmented.SegmentedRaftLogWorker (SegmentedRaftLogWorker.java:lambda$new$0(132)) - 2671c7a5-e82e-47d4-ac19-8fdd6a59c091-SegmentedRaftLogWorker:Storage Directory /workdir/hadoop-ozone/integration-test/target/test-dir/MiniOzoneClusterImpl-4dc0e789-7321-4c00-9da5-33206f8d16b6/datanode-6/data/ratis/f19e1e2a-8702-4cca-9b36-8da920169f18: flushIndex: setUnconditionally 0 -> -1
2019-08-23 09:58:20,094 [pool-71-thread-1] INFO  segmented.SegmentedRaftLogWorker (SegmentedRaftLogWorker.java:lambda$new$0(132)) - 3b8e34bd-3e3f-4a27-8e2c-5775a50f870a-SegmentedRaftLogWorker:Storage Directory /workdir/hadoop-ozone/integration-test/target/test-dir/MiniOzoneClusterImpl-4dc0e789-7321-4c00-9da5-33206f8d16b6/datanode-4/data/ratis/f19e1e2a-8702-4cca-9b36-8da920169f18: flushIndex: setUnconditionally 0 -> -1
2019-08-23 09:58:20,094 [pool-93-thread-1] INFO  server.RaftServerConfigKeys (ConfUtils.java:logGet(43)) - raft.server.snapshot.auto.trigger.enabled = true (custom)
2019-08-23 09:58:20,094 [pool-93-thread-1] INFO  server.RaftServerConfigKeys (ConfUtils.java:logGet(43)) - raft.server.snapshot.auto.trigger.threshold = 10000 (custom)
2019-08-23 09:58:20,094 [pool-71-thread-1] INFO  server.RaftServerConfigKeys (ConfUtils.java:logGet(43)) - raft.server.snapshot.auto.trigger.enabled = true (custom)
2019-08-23 09:58:20,095 [pool-93-thread-1] INFO  server.RaftServerConfigKeys (ConfUtils.java:logGet(43)) - raft.server.retrycache.expirytime = 600000ms (custom)
2019-08-23 09:58:20,095 [pool-71-thread-1] INFO  server.RaftServerConfigKeys (ConfUtils.java:logGet(43)) - raft.server.snapshot.auto.trigger.threshold = 10000 (custom)
2019-08-23 09:58:20,095 [pool-93-thread-1] INFO  impl.RaftServerImpl (RaftServerImpl.java:start(180)) - 2671c7a5-e82e-47d4-ac19-8fdd6a59c091: start group-8DA920169F18
2019-08-23 09:58:20,095 [pool-71-thread-1] INFO  server.RaftServerConfigKeys (ConfUtils.java:logGet(43)) - raft.server.retrycache.expirytime = 600000ms (custom)
2019-08-23 09:58:20,095 [pool-93-thread-1] INFO  impl.RaftServerImpl (RaftServerImpl.java:setRole(171)) - 2671c7a5-e82e-47d4-ac19-8fdd6a59c091:group-8DA920169F18 changes role from null to FOLLOWER at term 0 for startAsFollower
2019-08-23 09:58:20,095 [pool-71-thread-1] INFO  impl.RaftServerImpl (RaftServerImpl.java:start(180)) - 3b8e34bd-3e3f-4a27-8e2c-5775a50f870a: start group-8DA920169F18
2019-08-23 09:58:20,095 [pool-93-thread-1] INFO  impl.RoleInfo (RoleInfo.java:updateAndGet(143)) - 2671c7a5-e82e-47d4-ac19-8fdd6a59c091: start FollowerState
2019-08-23 09:58:20,095 [pool-71-thread-1] INFO  impl.RaftServerImpl (RaftServerImpl.java:setRole(171)) - 3b8e34bd-3e3f-4a27-8e2c-5775a50f870a:group-8DA920169F18 changes role from null to FOLLOWER at term 0 for startAsFollower
2019-08-23 09:58:20,096 [pool-71-thread-1] INFO  impl.RoleInfo (RoleInfo.java:updateAndGet(143)) - 3b8e34bd-3e3f-4a27-8e2c-5775a50f870a: start FollowerState
2019-08-23 09:58:20,096 [pool-93-thread-1] INFO  util.JmxRegister (JmxRegister.java:tryRegister(44)) - Successfully registered JMX Bean with object name Ratis:service=RaftServer,group=group-8DA920169F18,id=2671c7a5-e82e-47d4-ac19-8fdd6a59c091
2019-08-23 09:58:20,096 [pool-71-thread-1] INFO  util.JmxRegister (JmxRegister.java:tryRegister(44)) - Successfully registered JMX Bean with object name Ratis:service=RaftServer,group=group-8DA920169F18,id=3b8e34bd-3e3f-4a27-8e2c-5775a50f870a
2019-08-23 09:58:20,124 [RatisPipelineUtilsThread] INFO  pipeline.PipelineStateManager (PipelineStateManager.java:addPipeline(56)) - Created pipeline Pipeline[ Id: f19e1e2a-8702-4cca-9b36-8da920169f18, Nodes: 2671c7a5-e82e-47d4-ac19-8fdd6a59c091{ip: 192.168.5.185, host: pr-hdds-1094-w8cgz-2737508714, networkLocation: /default-rack, certSerialId: null}34ad912f-7383-45cc-9fa6-3ffcc2095e4d{ip: 192.168.5.185, host: pr-hdds-1094-w8cgz-2737508714, networkLocation: /default-rack, certSerialId: null}3b8e34bd-3e3f-4a27-8e2c-5775a50f870a{ip: 192.168.5.185, host: pr-hdds-1094-w8cgz-2737508714, networkLocation: /default-rack, certSerialId: null}, Type:RATIS, Factor:THREE, State:OPEN]
2019-08-23 09:58:20,125 | INFO  | SCMAudit | user=jenkins1000 | ip=192.168.5.185 | op=SEND_HEARTBEAT {datanodeUUID=f6ea449c-e8f9-4f88-8115-d15823026628, command=[]} | ret=SUCCESS |  
2019-08-23 09:58:20,296 [main] INFO  rpc.RpcClient (RpcClient.java:createVolume(292)) - Creating Volume: testblockoutputstream, with jenkins1000 as owner.
2019-08-23 09:58:20,322 | INFO  | OMAudit | user=jenkins1000 | ip=127.0.0.1 | op=CREATE_VOLUME {admin=jenkins1000, owner=jenkins1000, volume=testblockoutputstream, creationTime=1566554300316, quotaInBytes=1152921504606846976} | ret=SUCCESS |  
2019-08-23 09:58:20,337 | INFO  | OMAudit | user=jenkins1000 | ip=127.0.0.1 | op=READ_VOLUME {volume=testblockoutputstream} | ret=SUCCESS |  
2019-08-23 09:58:20,342 [main] INFO  rpc.RpcClient (RpcClient.java:createBucket(431)) - Creating Bucket: testblockoutputstream/testblockoutputstream, with Versioning false and Storage Type set to DISK and Encryption set to false 
2019-08-23 09:58:20,360 | INFO  | SCMAudit | user=jenkins1000 | ip=192.168.5.185 | op=SEND_HEARTBEAT {datanodeUUID=b0a33e40-d898-4e82-91f3-4e0ce9e6b5e2, command=[]} | ret=SUCCESS |  
2019-08-23 09:58:20,370 | INFO  | OMAudit | user=jenkins1000 | ip=127.0.0.1 | op=CREATE_BUCKET {volume=testblockoutputstream, bucket=testblockoutputstream, acls=[user:jenkins1000:a[ACCESS], group:default:a[ACCESS]], isVersionEnabled=false, storageType=DISK, creationTime=0} | ret=SUCCESS |  
2019-08-23 09:58:20,372 [main] INFO  impl.MetricsSystemImpl (MetricsSystemImpl.java:init(158)) - XceiverClientMetrics metrics system started (again)
2019-08-23 09:58:20,381 | INFO  | OMAudit | user=jenkins1000 | ip=127.0.0.1 | op=READ_VOLUME {volume=testblockoutputstream} | ret=SUCCESS |  
2019-08-23 09:58:20,389 | INFO  | OMAudit | user=jenkins1000 | ip=127.0.0.1 | op=READ_BUCKET {volume=testblockoutputstream, bucket=testblockoutputstream} | ret=SUCCESS |  
2019-08-23 09:58:20,442 | INFO  | SCMAudit | user=jenkins1000 | ip=192.168.5.185 | op=ALLOCATE_BLOCK {owner=94d45491-68e8-49af-a0fd-54097dca2d9e, size=800, type=RATIS, factor=THREE} | ret=SUCCESS |  
2019-08-23 09:58:20,467 | INFO  | OMAudit | user=jenkins1000 | ip=127.0.0.1 | op=ALLOCATE_KEY {volume=testblockoutputstream, bucket=testblockoutputstream, key=b2543276-3524-409c-b0ee-f781fec1a510, dataSize=0, replicationType=RATIS, replicationFactor=THREE, keyLocationInfo=null} | ret=SUCCESS |  
2019-08-23 09:58:20,610 [grpc-default-executor-1] INFO  client.GrpcClientProtocolClient (GrpcClientProtocolClient.java:onNext(255)) - client-105A00A1A057->2671c7a5-e82e-47d4-ac19-8fdd6a59c091: receive RaftClientReply:client-105A00A1A057->2671c7a5-e82e-47d4-ac19-8fdd6a59c091@group-8DA920169F18, cid=13, FAILED org.apache.ratis.protocol.NotLeaderException: Server 2671c7a5-e82e-47d4-ac19-8fdd6a59c091 is not the leader (null). Request must be sent to leader., logIndex=0, commits[2671c7a5-e82e-47d4-ac19-8fdd6a59c091:c-1]
2019-08-23 09:58:20,856 | INFO  | SCMAudit | user=jenkins1000 | ip=192.168.5.185 | op=SEND_HEARTBEAT {datanodeUUID=b10ad05f-5e91-449e-8dbf-0e715902412d, command=[]} | ret=SUCCESS |  
2019-08-23 09:58:20,856 | INFO  | SCMAudit | user=jenkins1000 | ip=192.168.5.185 | op=SEND_HEARTBEAT {datanodeUUID=34ad912f-7383-45cc-9fa6-3ffcc2095e4d, command=[]} | ret=SUCCESS |  
2019-08-23 09:58:21,016 | INFO  | SCMAudit | user=jenkins1000 | ip=192.168.5.185 | op=SEND_HEARTBEAT {datanodeUUID=3b8e34bd-3e3f-4a27-8e2c-5775a50f870a, command=[]} | ret=SUCCESS |  
2019-08-23 09:58:21,085 | INFO  | SCMAudit | user=jenkins1000 | ip=192.168.5.185 | op=SEND_HEARTBEAT {datanodeUUID=f6ea449c-e8f9-4f88-8115-d15823026628, command=[]} | ret=SUCCESS |  
2019-08-23 09:58:21,114 [Thread-237] INFO  container.ReplicationManager (ReplicationManager.java:start(152)) - Starting Replication Monitor Thread.
2019-08-23 09:58:21,120 [ReplicationMonitor] INFO  container.ReplicationManager (ReplicationManager.java:run(215)) - Replication Monitor Thread took 5 milliseconds for processing 1 containers.
2019-08-23 09:58:21,336 | INFO  | SCMAudit | user=jenkins1000 | ip=192.168.5.185 | op=SEND_HEARTBEAT {datanodeUUID=8ee8c18d-65cc-49bc-8d53-6d0b6e2387ef, command=[]} | ret=SUCCESS |  
2019-08-23 09:58:21,361 | INFO  | SCMAudit | user=jenkins1000 | ip=192.168.5.185 | op=SEND_HEARTBEAT {datanodeUUID=b0a33e40-d898-4e82-91f3-4e0ce9e6b5e2, command=[]} | ret=SUCCESS |  
2019-08-23 09:58:21,565 | INFO  | SCMAudit | user=jenkins1000 | ip=192.168.5.185 | op=SEND_HEARTBEAT {datanodeUUID=2671c7a5-e82e-47d4-ac19-8fdd6a59c091, command=[]} | ret=SUCCESS |  
2019-08-23 09:58:21,657 [grpc-default-executor-2] INFO  client.GrpcClientProtocolClient (GrpcClientProtocolClient.java:onNext(255)) - client-105A00A1A057->3b8e34bd-3e3f-4a27-8e2c-5775a50f870a: receive RaftClientReply:client-105A00A1A057->3b8e34bd-3e3f-4a27-8e2c-5775a50f870a@group-8DA920169F18, cid=13, FAILED org.apache.ratis.protocol.NotLeaderException: Server 3b8e34bd-3e3f-4a27-8e2c-5775a50f870a is not the leader (null). Request must be sent to leader., logIndex=0, commits[3b8e34bd-3e3f-4a27-8e2c-5775a50f870a:c-1]
2019-08-23 09:58:21,857 | INFO  | SCMAudit | user=jenkins1000 | ip=192.168.5.185 | op=SEND_HEARTBEAT {datanodeUUID=34ad912f-7383-45cc-9fa6-3ffcc2095e4d, command=[]} | ret=SUCCESS |  
2019-08-23 09:58:21,857 | INFO  | SCMAudit | user=jenkins1000 | ip=192.168.5.185 | op=SEND_HEARTBEAT {datanodeUUID=b10ad05f-5e91-449e-8dbf-0e715902412d, command=[]} | ret=SUCCESS |  
2019-08-23 09:58:22,014 | INFO  | SCMAudit | user=jenkins1000 | ip=192.168.5.185 | op=SEND_HEARTBEAT {datanodeUUID=3b8e34bd-3e3f-4a27-8e2c-5775a50f870a, command=[]} | ret=SUCCESS |  
2019-08-23 09:58:22,084 | INFO  | SCMAudit | user=jenkins1000 | ip=192.168.5.185 | op=SEND_HEARTBEAT {datanodeUUID=f6ea449c-e8f9-4f88-8115-d15823026628, command=[]} | ret=SUCCESS |  
2019-08-23 09:58:22,334 | INFO  | SCMAudit | user=jenkins1000 | ip=192.168.5.185 | op=SEND_HEARTBEAT {datanodeUUID=8ee8c18d-65cc-49bc-8d53-6d0b6e2387ef, command=[]} | ret=SUCCESS |  
2019-08-23 09:58:22,361 | INFO  | SCMAudit | user=jenkins1000 | ip=192.168.5.185 | op=SEND_HEARTBEAT {datanodeUUID=b0a33e40-d898-4e82-91f3-4e0ce9e6b5e2, command=[]} | ret=SUCCESS |  
2019-08-23 09:58:22,566 | INFO  | SCMAudit | user=jenkins1000 | ip=192.168.5.185 | op=SEND_HEARTBEAT {datanodeUUID=2671c7a5-e82e-47d4-ac19-8fdd6a59c091, command=[]} | ret=SUCCESS |  
2019-08-23 09:58:22,687 [grpc-default-executor-2] INFO  client.GrpcClientProtocolClient (GrpcClientProtocolClient.java:onNext(255)) - client-105A00A1A057->34ad912f-7383-45cc-9fa6-3ffcc2095e4d: receive RaftClientReply:client-105A00A1A057->34ad912f-7383-45cc-9fa6-3ffcc2095e4d@group-8DA920169F18, cid=13, FAILED org.apache.ratis.protocol.NotLeaderException: Server 34ad912f-7383-45cc-9fa6-3ffcc2095e4d is not the leader (null). Request must be sent to leader., logIndex=0, commits[34ad912f-7383-45cc-9fa6-3ffcc2095e4d:c-1]
2019-08-23 09:58:22,868 | INFO  | SCMAudit | user=jenkins1000 | ip=192.168.5.185 | op=SEND_HEARTBEAT {datanodeUUID=34ad912f-7383-45cc-9fa6-3ffcc2095e4d, command=[]} | ret=SUCCESS |  
2019-08-23 09:58:22,868 | INFO  | SCMAudit | user=jenkins1000 | ip=192.168.5.185 | op=SEND_HEARTBEAT {datanodeUUID=b10ad05f-5e91-449e-8dbf-0e715902412d, command=[]} | ret=SUCCESS |  
2019-08-23 09:58:23,013 | INFO  | SCMAudit | user=jenkins1000 | ip=192.168.5.185 | op=SEND_HEARTBEAT {datanodeUUID=3b8e34bd-3e3f-4a27-8e2c-5775a50f870a, command=[]} | ret=SUCCESS |  
2019-08-23 09:58:23,081 | INFO  | SCMAudit | user=jenkins1000 | ip=192.168.5.185 | op=SEND_HEARTBEAT {datanodeUUID=f6ea449c-e8f9-4f88-8115-d15823026628, command=[]} | ret=SUCCESS |  
2019-08-23 09:58:23,332 | INFO  | SCMAudit | user=jenkins1000 | ip=192.168.5.185 | op=SEND_HEARTBEAT {datanodeUUID=8ee8c18d-65cc-49bc-8d53-6d0b6e2387ef, command=[]} | ret=SUCCESS |  
2019-08-23 09:58:23,358 | INFO  | SCMAudit | user=jenkins1000 | ip=192.168.5.185 | op=SEND_HEARTBEAT {datanodeUUID=b0a33e40-d898-4e82-91f3-4e0ce9e6b5e2, command=[]} | ret=SUCCESS |  
2019-08-23 09:58:23,562 | INFO  | SCMAudit | user=jenkins1000 | ip=192.168.5.185 | op=SEND_HEARTBEAT {datanodeUUID=2671c7a5-e82e-47d4-ac19-8fdd6a59c091, command=[]} | ret=SUCCESS |  
2019-08-23 09:58:23,714 [grpc-default-executor-1] INFO  client.GrpcClientProtocolClient (GrpcClientProtocolClient.java:onNext(255)) - client-105A00A1A057->3b8e34bd-3e3f-4a27-8e2c-5775a50f870a: receive RaftClientReply:client-105A00A1A057->3b8e34bd-3e3f-4a27-8e2c-5775a50f870a@group-8DA920169F18, cid=13, FAILED org.apache.ratis.protocol.NotLeaderException: Server 3b8e34bd-3e3f-4a27-8e2c-5775a50f870a is not the leader (null). Request must be sent to leader., logIndex=0, commits[3b8e34bd-3e3f-4a27-8e2c-5775a50f870a:c-1]
2019-08-23 09:58:23,851 | INFO  | SCMAudit | user=jenkins1000 | ip=192.168.5.185 | op=SEND_HEARTBEAT {datanodeUUID=34ad912f-7383-45cc-9fa6-3ffcc2095e4d, command=[]} | ret=SUCCESS |  
2019-08-23 09:58:23,852 | INFO  | SCMAudit | user=jenkins1000 | ip=192.168.5.185 | op=SEND_HEARTBEAT {datanodeUUID=b10ad05f-5e91-449e-8dbf-0e715902412d, command=[]} | ret=SUCCESS |  
2019-08-23 09:58:24,013 | INFO  | SCMAudit | user=jenkins1000 | ip=192.168.5.185 | op=SEND_HEARTBEAT {datanodeUUID=3b8e34bd-3e3f-4a27-8e2c-5775a50f870a, command=[]} | ret=SUCCESS |  
2019-08-23 09:58:24,081 | INFO  | SCMAudit | user=jenkins1000 | ip=192.168.5.185 | op=SEND_HEARTBEAT {datanodeUUID=f6ea449c-e8f9-4f88-8115-d15823026628, command=[]} | ret=SUCCESS |  
2019-08-23 09:58:24,329 [Thread-239] INFO  impl.FollowerState (FollowerState.java:run(106)) - f6ea449c-e8f9-4f88-8115-d15823026628:group-E77555F1E387 changes to CANDIDATE, lastRpcTime:5104, electionTimeout:5103ms
2019-08-23 09:58:24,332 [Thread-239] INFO  impl.RoleInfo (RoleInfo.java:shutdownFollowerState(121)) - f6ea449c-e8f9-4f88-8115-d15823026628: shutdown FollowerState
2019-08-23 09:58:24,333 [Thread-239] INFO  impl.RaftServerImpl (RaftServerImpl.java:setRole(171)) - f6ea449c-e8f9-4f88-8115-d15823026628:group-E77555F1E387 changes role from FOLLOWER to CANDIDATE at term 0 for changeToCandidate
2019-08-23 09:58:24,334 | INFO  | SCMAudit | user=jenkins1000 | ip=192.168.5.185 | op=SEND_HEARTBEAT {datanodeUUID=8ee8c18d-65cc-49bc-8d53-6d0b6e2387ef, command=[]} | ret=SUCCESS |  
2019-08-23 09:58:24,339 [Thread-239] INFO  impl.RoleInfo (RoleInfo.java:updateAndGet(143)) - f6ea449c-e8f9-4f88-8115-d15823026628: start LeaderElection
2019-08-23 09:58:24,358 | INFO  | SCMAudit | user=jenkins1000 | ip=192.168.5.185 | op=SEND_HEARTBEAT {datanodeUUID=b0a33e40-d898-4e82-91f3-4e0ce9e6b5e2, command=[]} | ret=SUCCESS |  
2019-08-23 09:58:24,361 [f6ea449c-e8f9-4f88-8115-d15823026628:group-E77555F1E387:LeaderElection1] INFO  impl.LeaderElection (LeaderElection.java:askForVotes(181)) - f6ea449c-e8f9-4f88-8115-d15823026628:group-E77555F1E387:LeaderElection1: begin an election at term 1 for -1: [f6ea449c-e8f9-4f88-8115-d15823026628:192.168.5.185:39792], old=null
2019-08-23 09:58:24,366 [f6ea449c-e8f9-4f88-8115-d15823026628:group-E77555F1E387:LeaderElection1] INFO  impl.RoleInfo (RoleInfo.java:shutdownLeaderElection(134)) - f6ea449c-e8f9-4f88-8115-d15823026628: shutdown LeaderElection
2019-08-23 09:58:24,366 [f6ea449c-e8f9-4f88-8115-d15823026628:group-E77555F1E387:LeaderElection1] INFO  impl.RaftServerImpl (RaftServerImpl.java:setRole(171)) - f6ea449c-e8f9-4f88-8115-d15823026628:group-E77555F1E387 changes role from CANDIDATE to LEADER at term 1 for changeToLeader
2019-08-23 09:58:24,367 [f6ea449c-e8f9-4f88-8115-d15823026628:group-E77555F1E387:LeaderElection1] INFO  impl.RaftServerImpl (ServerState.java:setLeader(263)) - f6ea449c-e8f9-4f88-8115-d15823026628:group-E77555F1E387 change Leader from null to f6ea449c-e8f9-4f88-8115-d15823026628 at term 1 for becomeLeader, leader elected after 5216ms
2019-08-23 09:58:24,376 [f6ea449c-e8f9-4f88-8115-d15823026628:group-E77555F1E387:LeaderElection1] INFO  server.RaftServerConfigKeys (ConfUtils.java:logGet(43)) - raft.server.staging.catchup.gap = 1000 (default)
2019-08-23 09:58:24,376 [f6ea449c-e8f9-4f88-8115-d15823026628:group-E77555F1E387:LeaderElection1] INFO  server.RaftServerConfigKeys (ConfUtils.java:logGet(43)) - raft.server.rpc.sleep.time = 25ms (default)
2019-08-23 09:58:24,380 [f6ea449c-e8f9-4f88-8115-d15823026628:group-E77555F1E387:LeaderElection1] INFO  server.RaftServerConfigKeys (ConfUtils.java:logGet(43)) - raft.server.write.element-limit = 4096 (default)
2019-08-23 09:58:24,383 [f6ea449c-e8f9-4f88-8115-d15823026628:group-E77555F1E387:LeaderElection1] INFO  server.RaftServerConfigKeys (ConfUtils.java:logGet(43)) - raft.server.watch.timeout = 10s (default)
2019-08-23 09:58:24,383 [f6ea449c-e8f9-4f88-8115-d15823026628:group-E77555F1E387:LeaderElection1] INFO  server.RaftServerConfigKeys (ConfUtils.java:logGet(43)) - raft.server.watch.timeout.denomination = 1s (default)
2019-08-23 09:58:24,384 [f6ea449c-e8f9-4f88-8115-d15823026628:group-E77555F1E387:LeaderElection1] INFO  server.RaftServerConfigKeys (ConfUtils.java:logGet(43)) - raft.server.watch.element-limit = 65536 (default)
2019-08-23 09:58:24,394 [f6ea449c-e8f9-4f88-8115-d15823026628:group-E77555F1E387:LeaderElection1] INFO  impl.RoleInfo (RoleInfo.java:updateAndGet(143)) - f6ea449c-e8f9-4f88-8115-d15823026628: start LeaderState
2019-08-23 09:58:24,419 [f6ea449c-e8f9-4f88-8115-d15823026628:group-E77555F1E387:LeaderElection1] INFO  segmented.SegmentedRaftLogWorker (SegmentedRaftLogWorker.java:startLogSegment(380)) - f6ea449c-e8f9-4f88-8115-d15823026628-SegmentedRaftLogWorker:Storage Directory /workdir/hadoop-ozone/integration-test/target/test-dir/MiniOzoneClusterImpl-4dc0e789-7321-4c00-9da5-33206f8d16b6/datanode-0/data/ratis/1f554e08-f8a3-4829-8888-e77555f1e387: Starting segment from index:0
2019-08-23 09:58:24,428 [f6ea449c-e8f9-4f88-8115-d15823026628:group-E77555F1E387:LeaderElection1] INFO  impl.RaftServerImpl (ServerState.java:setRaftConf(361)) - f6ea449c-e8f9-4f88-8115-d15823026628:group-E77555F1E387 set configuration 0: [f6ea449c-e8f9-4f88-8115-d15823026628:192.168.5.185:39792], old=null at 0
2019-08-23 09:58:24,546 [Thread-242] INFO  impl.FollowerState (FollowerState.java:run(106)) - b0a33e40-d898-4e82-91f3-4e0ce9e6b5e2:group-FAF9C11D7B99 changes to CANDIDATE, lastRpcTime:5112, electionTimeout:5111ms
2019-08-23 09:58:24,549 [Thread-242] INFO  impl.RoleInfo (RoleInfo.java:shutdownFollowerState(121)) - b0a33e40-d898-4e82-91f3-4e0ce9e6b5e2: shutdown FollowerState
2019-08-23 09:58:24,549 [Thread-242] INFO  impl.RaftServerImpl (RaftServerImpl.java:setRole(171)) - b0a33e40-d898-4e82-91f3-4e0ce9e6b5e2:group-FAF9C11D7B99 changes role from FOLLOWER to CANDIDATE at term 0 for changeToCandidate
2019-08-23 09:58:24,549 [Thread-242] INFO  impl.RoleInfo (RoleInfo.java:updateAndGet(143)) - b0a33e40-d898-4e82-91f3-4e0ce9e6b5e2: start LeaderElection
2019-08-23 09:58:24,563 | INFO  | SCMAudit | user=jenkins1000 | ip=192.168.5.185 | op=SEND_HEARTBEAT {datanodeUUID=2671c7a5-e82e-47d4-ac19-8fdd6a59c091, command=[]} | ret=SUCCESS |  
2019-08-23 09:58:24,567 [b0a33e40-d898-4e82-91f3-4e0ce9e6b5e2:group-FAF9C11D7B99:LeaderElection2] INFO  impl.LeaderElection (LeaderElection.java:askForVotes(181)) - b0a33e40-d898-4e82-91f3-4e0ce9e6b5e2:group-FAF9C11D7B99:LeaderElection2: begin an election at term 1 for -1: [b0a33e40-d898-4e82-91f3-4e0ce9e6b5e2:192.168.5.185:46843], old=null
2019-08-23 09:58:24,569 [b0a33e40-d898-4e82-91f3-4e0ce9e6b5e2:group-FAF9C11D7B99:LeaderElection2] INFO  impl.RoleInfo (RoleInfo.java:shutdownLeaderElection(134)) - b0a33e40-d898-4e82-91f3-4e0ce9e6b5e2: shutdown LeaderElection
2019-08-23 09:58:24,569 [b0a33e40-d898-4e82-91f3-4e0ce9e6b5e2:group-FAF9C11D7B99:LeaderElection2] INFO  impl.RaftServerImpl (RaftServerImpl.java:setRole(171)) - b0a33e40-d898-4e82-91f3-4e0ce9e6b5e2:group-FAF9C11D7B99 changes role from CANDIDATE to LEADER at term 1 for changeToLeader
2019-08-23 09:58:24,569 [b0a33e40-d898-4e82-91f3-4e0ce9e6b5e2:group-FAF9C11D7B99:LeaderElection2] INFO  impl.RaftServerImpl (ServerState.java:setLeader(263)) - b0a33e40-d898-4e82-91f3-4e0ce9e6b5e2:group-FAF9C11D7B99 change Leader from null to b0a33e40-d898-4e82-91f3-4e0ce9e6b5e2 at term 1 for becomeLeader, leader elected after 5142ms
2019-08-23 09:58:24,572 [b0a33e40-d898-4e82-91f3-4e0ce9e6b5e2:group-FAF9C11D7B99:LeaderElection2] INFO  server.RaftServerConfigKeys (ConfUtils.java:logGet(43)) - raft.server.staging.catchup.gap = 1000 (default)
2019-08-23 09:58:24,572 [b0a33e40-d898-4e82-91f3-4e0ce9e6b5e2:group-FAF9C11D7B99:LeaderElection2] INFO  server.RaftServerConfigKeys (ConfUtils.java:logGet(43)) - raft.server.rpc.sleep.time = 25ms (default)
2019-08-23 09:58:24,572 [b0a33e40-d898-4e82-91f3-4e0ce9e6b5e2:group-FAF9C11D7B99:LeaderElection2] INFO  server.RaftServerConfigKeys (ConfUtils.java:logGet(43)) - raft.server.write.element-limit = 4096 (default)
2019-08-23 09:58:24,573 [b0a33e40-d898-4e82-91f3-4e0ce9e6b5e2:group-FAF9C11D7B99:LeaderElection2] INFO  server.RaftServerConfigKeys (ConfUtils.java:logGet(43)) - raft.server.watch.timeout = 10s (default)
2019-08-23 09:58:24,573 [b0a33e40-d898-4e82-91f3-4e0ce9e6b5e2:group-FAF9C11D7B99:LeaderElection2] INFO  server.RaftServerConfigKeys (ConfUtils.java:logGet(43)) - raft.server.watch.timeout.denomination = 1s (default)
2019-08-23 09:58:24,573 [b0a33e40-d898-4e82-91f3-4e0ce9e6b5e2:group-FAF9C11D7B99:LeaderElection2] INFO  server.RaftServerConfigKeys (ConfUtils.java:logGet(43)) - raft.server.watch.element-limit = 65536 (default)
2019-08-23 09:58:24,573 [b0a33e40-d898-4e82-91f3-4e0ce9e6b5e2:group-FAF9C11D7B99:LeaderElection2] INFO  impl.RoleInfo (RoleInfo.java:updateAndGet(143)) - b0a33e40-d898-4e82-91f3-4e0ce9e6b5e2: start LeaderState
2019-08-23 09:58:24,574 [b0a33e40-d898-4e82-91f3-4e0ce9e6b5e2:group-FAF9C11D7B99:LeaderElection2] INFO  segmented.SegmentedRaftLogWorker (SegmentedRaftLogWorker.java:startLogSegment(380)) - b0a33e40-d898-4e82-91f3-4e0ce9e6b5e2-SegmentedRaftLogWorker:Storage Directory /workdir/hadoop-ozone/integration-test/target/test-dir/MiniOzoneClusterImpl-4dc0e789-7321-4c00-9da5-33206f8d16b6/datanode-1/data/ratis/502e8ba5-4002-4808-82a4-faf9c11d7b99: Starting segment from index:0
2019-08-23 09:58:24,574 [b0a33e40-d898-4e82-91f3-4e0ce9e6b5e2:group-FAF9C11D7B99:LeaderElection2] INFO  impl.RaftServerImpl (ServerState.java:setRaftConf(361)) - b0a33e40-d898-4e82-91f3-4e0ce9e6b5e2:group-FAF9C11D7B99 set configuration 0: [b0a33e40-d898-4e82-91f3-4e0ce9e6b5e2:192.168.5.185:46843], old=null at 0
2019-08-23 09:58:24,626 [b0a33e40-d898-4e82-91f3-4e0ce9e6b5e2-SegmentedRaftLogWorker:Storage Directory /workdir/hadoop-ozone/integration-test/target/test-dir/MiniOzoneClusterImpl-4dc0e789-7321-4c00-9da5-33206f8d16b6/datanode-1/data/ratis/502e8ba5-4002-4808-82a4-faf9c11d7b99] INFO  segmented.SegmentedRaftLogWorker (SegmentedRaftLogWorker.java:execute(569)) - b0a33e40-d898-4e82-91f3-4e0ce9e6b5e2-SegmentedRaftLogWorker:Storage Directory /workdir/hadoop-ozone/integration-test/target/test-dir/MiniOzoneClusterImpl-4dc0e789-7321-4c00-9da5-33206f8d16b6/datanode-1/data/ratis/502e8ba5-4002-4808-82a4-faf9c11d7b99: created new log segment /workdir/hadoop-ozone/integration-test/target/test-dir/MiniOzoneClusterImpl-4dc0e789-7321-4c00-9da5-33206f8d16b6/datanode-1/data/ratis/502e8ba5-4002-4808-82a4-faf9c11d7b99/current/log_inprogress_0
2019-08-23 09:58:24,626 [f6ea449c-e8f9-4f88-8115-d15823026628-SegmentedRaftLogWorker:Storage Directory /workdir/hadoop-ozone/integration-test/target/test-dir/MiniOzoneClusterImpl-4dc0e789-7321-4c00-9da5-33206f8d16b6/datanode-0/data/ratis/1f554e08-f8a3-4829-8888-e77555f1e387] INFO  segmented.SegmentedRaftLogWorker (SegmentedRaftLogWorker.java:execute(569)) - f6ea449c-e8f9-4f88-8115-d15823026628-SegmentedRaftLogWorker:Storage Directory /workdir/hadoop-ozone/integration-test/target/test-dir/MiniOzoneClusterImpl-4dc0e789-7321-4c00-9da5-33206f8d16b6/datanode-0/data/ratis/1f554e08-f8a3-4829-8888-e77555f1e387: created new log segment /workdir/hadoop-ozone/integration-test/target/test-dir/MiniOzoneClusterImpl-4dc0e789-7321-4c00-9da5-33206f8d16b6/datanode-0/data/ratis/1f554e08-f8a3-4829-8888-e77555f1e387/current/log_inprogress_0
2019-08-23 09:58:24,718 [Thread-245] INFO  impl.FollowerState (FollowerState.java:run(106)) - 8ee8c18d-65cc-49bc-8d53-6d0b6e2387ef:group-8B9EE4AE3D82 changes to CANDIDATE, lastRpcTime:5179, electionTimeout:5179ms
2019-08-23 09:58:24,728 [Thread-245] INFO  impl.RoleInfo (RoleInfo.java:shutdownFollowerState(121)) - 8ee8c18d-65cc-49bc-8d53-6d0b6e2387ef: shutdown FollowerState
2019-08-23 09:58:24,728 [Thread-245] INFO  impl.RaftServerImpl (RaftServerImpl.java:setRole(171)) - 8ee8c18d-65cc-49bc-8d53-6d0b6e2387ef:group-8B9EE4AE3D82 changes role from FOLLOWER to CANDIDATE at term 0 for changeToCandidate
2019-08-23 09:58:24,729 [Thread-245] INFO  impl.RoleInfo (RoleInfo.java:updateAndGet(143)) - 8ee8c18d-65cc-49bc-8d53-6d0b6e2387ef: start LeaderElection
2019-08-23 09:58:24,748 [Thread-248] INFO  impl.FollowerState (FollowerState.java:run(106)) - 34ad912f-7383-45cc-9fa6-3ffcc2095e4d:group-713E0CF3D0AF changes to CANDIDATE, lastRpcTime:5132, electionTimeout:5132ms
2019-08-23 09:58:24,750 [8ee8c18d-65cc-49bc-8d53-6d0b6e2387ef:group-8B9EE4AE3D82:LeaderElection3] INFO  impl.LeaderElection (LeaderElection.java:askForVotes(181)) - 8ee8c18d-65cc-49bc-8d53-6d0b6e2387ef:group-8B9EE4AE3D82:LeaderElection3: begin an election at term 1 for -1: [8ee8c18d-65cc-49bc-8d53-6d0b6e2387ef:192.168.5.185:38132], old=null
2019-08-23 09:58:24,750 [Thread-248] INFO  impl.RoleInfo (RoleInfo.java:shutdownFollowerState(121)) - 34ad912f-7383-45cc-9fa6-3ffcc2095e4d: shutdown FollowerState
2019-08-23 09:58:24,750 [8ee8c18d-65cc-49bc-8d53-6d0b6e2387ef:group-8B9EE4AE3D82:LeaderElection3] INFO  impl.RoleInfo (RoleInfo.java:shutdownLeaderElection(134)) - 8ee8c18d-65cc-49bc-8d53-6d0b6e2387ef: shutdown LeaderElection
2019-08-23 09:58:24,750 [Thread-248] INFO  impl.RaftServerImpl (RaftServerImpl.java:setRole(171)) - 34ad912f-7383-45cc-9fa6-3ffcc2095e4d:group-713E0CF3D0AF changes role from FOLLOWER to CANDIDATE at term 0 for changeToCandidate
2019-08-23 09:58:24,750 [8ee8c18d-65cc-49bc-8d53-6d0b6e2387ef:group-8B9EE4AE3D82:LeaderElection3] INFO  impl.RaftServerImpl (RaftServerImpl.java:setRole(171)) - 8ee8c18d-65cc-49bc-8d53-6d0b6e2387ef:group-8B9EE4AE3D82 changes role from CANDIDATE to LEADER at term 1 for changeToLeader
2019-08-23 09:58:24,751 [Thread-248] INFO  impl.RoleInfo (RoleInfo.java:updateAndGet(143)) - 34ad912f-7383-45cc-9fa6-3ffcc2095e4d: start LeaderElection
2019-08-23 09:58:24,751 [8ee8c18d-65cc-49bc-8d53-6d0b6e2387ef:group-8B9EE4AE3D82:LeaderElection3] INFO  impl.RaftServerImpl (ServerState.java:setLeader(263)) - 8ee8c18d-65cc-49bc-8d53-6d0b6e2387ef:group-8B9EE4AE3D82 change Leader from null to 8ee8c18d-65cc-49bc-8d53-6d0b6e2387ef at term 1 for becomeLeader, leader elected after 5219ms
2019-08-23 09:58:24,753 [grpc-default-executor-1] INFO  client.GrpcClientProtocolClient (GrpcClientProtocolClient.java:onNext(255)) - client-105A00A1A057->34ad912f-7383-45cc-9fa6-3ffcc2095e4d: receive RaftClientReply:client-105A00A1A057->34ad912f-7383-45cc-9fa6-3ffcc2095e4d@group-8DA920169F18, cid=13, FAILED org.apache.ratis.protocol.NotLeaderException: Server 34ad912f-7383-45cc-9fa6-3ffcc2095e4d is not the leader (null). Request must be sent to leader., logIndex=0, commits[34ad912f-7383-45cc-9fa6-3ffcc2095e4d:c-1]
2019-08-23 09:58:24,754 [8ee8c18d-65cc-49bc-8d53-6d0b6e2387ef:group-8B9EE4AE3D82:LeaderElection3] INFO  server.RaftServerConfigKeys (ConfUtils.java:logGet(43)) - raft.server.staging.catchup.gap = 1000 (default)
2019-08-23 09:58:24,761 [8ee8c18d-65cc-49bc-8d53-6d0b6e2387ef:group-8B9EE4AE3D82:LeaderElection3] INFO  server.RaftServerConfigKeys (ConfUtils.java:logGet(43)) - raft.server.rpc.sleep.time = 25ms (default)
2019-08-23 09:58:24,763 [8ee8c18d-65cc-49bc-8d53-6d0b6e2387ef:group-8B9EE4AE3D82:LeaderElection3] INFO  server.RaftServerConfigKeys (ConfUtils.java:logGet(43)) - raft.server.write.element-limit = 4096 (default)
2019-08-23 09:58:24,763 [8ee8c18d-65cc-49bc-8d53-6d0b6e2387ef:group-8B9EE4AE3D82:LeaderElection3] INFO  server.RaftServerConfigKeys (ConfUtils.java:logGet(43)) - raft.server.watch.timeout = 10s (default)
2019-08-23 09:58:24,763 [8ee8c18d-65cc-49bc-8d53-6d0b6e2387ef:group-8B9EE4AE3D82:LeaderElection3] INFO  server.RaftServerConfigKeys (ConfUtils.java:logGet(43)) - raft.server.watch.timeout.denomination = 1s (default)
2019-08-23 09:58:24,765 [8ee8c18d-65cc-49bc-8d53-6d0b6e2387ef:group-8B9EE4AE3D82:LeaderElection3] INFO  server.RaftServerConfigKeys (ConfUtils.java:logGet(43)) - raft.server.watch.element-limit = 65536 (default)
2019-08-23 09:58:24,766 [8ee8c18d-65cc-49bc-8d53-6d0b6e2387ef:group-8B9EE4AE3D82:LeaderElection3] INFO  impl.RoleInfo (RoleInfo.java:updateAndGet(143)) - 8ee8c18d-65cc-49bc-8d53-6d0b6e2387ef: start LeaderState
2019-08-23 09:58:24,766 [8ee8c18d-65cc-49bc-8d53-6d0b6e2387ef:group-8B9EE4AE3D82:LeaderElection3] INFO  segmented.SegmentedRaftLogWorker (SegmentedRaftLogWorker.java:startLogSegment(380)) - 8ee8c18d-65cc-49bc-8d53-6d0b6e2387ef-SegmentedRaftLogWorker:Storage Directory /workdir/hadoop-ozone/integration-test/target/test-dir/MiniOzoneClusterImpl-4dc0e789-7321-4c00-9da5-33206f8d16b6/datanode-5/data/ratis/d67d9482-9eec-496a-81aa-8b9ee4ae3d82: Starting segment from index:0
2019-08-23 09:58:24,767 [8ee8c18d-65cc-49bc-8d53-6d0b6e2387ef:group-8B9EE4AE3D82:LeaderElection3] INFO  impl.RaftServerImpl (ServerState.java:setRaftConf(361)) - 8ee8c18d-65cc-49bc-8d53-6d0b6e2387ef:group-8B9EE4AE3D82 set configuration 0: [8ee8c18d-65cc-49bc-8d53-6d0b6e2387ef:192.168.5.185:38132], old=null at 0
2019-08-23 09:58:24,804 [34ad912f-7383-45cc-9fa6-3ffcc2095e4d:group-713E0CF3D0AF:LeaderElection4] INFO  impl.LeaderElection (LeaderElection.java:askForVotes(181)) - 34ad912f-7383-45cc-9fa6-3ffcc2095e4d:group-713E0CF3D0AF:LeaderElection4: begin an election at term 1 for -1: [34ad912f-7383-45cc-9fa6-3ffcc2095e4d:192.168.5.185:33327], old=null
2019-08-23 09:58:24,806 [34ad912f-7383-45cc-9fa6-3ffcc2095e4d:group-713E0CF3D0AF:LeaderElection4] INFO  impl.RoleInfo (RoleInfo.java:shutdownLeaderElection(134)) - 34ad912f-7383-45cc-9fa6-3ffcc2095e4d: shutdown LeaderElection
2019-08-23 09:58:24,806 [34ad912f-7383-45cc-9fa6-3ffcc2095e4d:group-713E0CF3D0AF:LeaderElection4] INFO  impl.RaftServerImpl (RaftServerImpl.java:setRole(171)) - 34ad912f-7383-45cc-9fa6-3ffcc2095e4d:group-713E0CF3D0AF changes role from CANDIDATE to LEADER at term 1 for changeToLeader
2019-08-23 09:58:24,806 [34ad912f-7383-45cc-9fa6-3ffcc2095e4d:group-713E0CF3D0AF:LeaderElection4] INFO  impl.RaftServerImpl (ServerState.java:setLeader(263)) - 34ad912f-7383-45cc-9fa6-3ffcc2095e4d:group-713E0CF3D0AF change Leader from null to 34ad912f-7383-45cc-9fa6-3ffcc2095e4d at term 1 for becomeLeader, leader elected after 5194ms
2019-08-23 09:58:24,808 [34ad912f-7383-45cc-9fa6-3ffcc2095e4d:group-713E0CF3D0AF:LeaderElection4] INFO  server.RaftServerConfigKeys (ConfUtils.java:logGet(43)) - raft.server.staging.catchup.gap = 1000 (default)
2019-08-23 09:58:24,808 [34ad912f-7383-45cc-9fa6-3ffcc2095e4d:group-713E0CF3D0AF:LeaderElection4] INFO  server.RaftServerConfigKeys (ConfUtils.java:logGet(43)) - raft.server.rpc.sleep.time = 25ms (default)
2019-08-23 09:58:24,808 [34ad912f-7383-45cc-9fa6-3ffcc2095e4d:group-713E0CF3D0AF:LeaderElection4] INFO  server.RaftServerConfigKeys (ConfUtils.java:logGet(43)) - raft.server.write.element-limit = 4096 (default)
2019-08-23 09:58:24,809 [34ad912f-7383-45cc-9fa6-3ffcc2095e4d:group-713E0CF3D0AF:LeaderElection4] INFO  server.RaftServerConfigKeys (ConfUtils.java:logGet(43)) - raft.server.watch.timeout = 10s (default)
2019-08-23 09:58:24,809 [34ad912f-7383-45cc-9fa6-3ffcc2095e4d:group-713E0CF3D0AF:LeaderElection4] INFO  server.RaftServerConfigKeys (ConfUtils.java:logGet(43)) - raft.server.watch.timeout.denomination = 1s (default)
2019-08-23 09:58:24,809 [34ad912f-7383-45cc-9fa6-3ffcc2095e4d:group-713E0CF3D0AF:LeaderElection4] INFO  server.RaftServerConfigKeys (ConfUtils.java:logGet(43)) - raft.server.watch.element-limit = 65536 (default)
2019-08-23 09:58:24,809 [34ad912f-7383-45cc-9fa6-3ffcc2095e4d:group-713E0CF3D0AF:LeaderElection4] INFO  impl.RoleInfo (RoleInfo.java:updateAndGet(143)) - 34ad912f-7383-45cc-9fa6-3ffcc2095e4d: start LeaderState
2019-08-23 09:58:24,809 [34ad912f-7383-45cc-9fa6-3ffcc2095e4d:group-713E0CF3D0AF:LeaderElection4] INFO  segmented.SegmentedRaftLogWorker (SegmentedRaftLogWorker.java:startLogSegment(380)) - 34ad912f-7383-45cc-9fa6-3ffcc2095e4d-SegmentedRaftLogWorker:Storage Directory /workdir/hadoop-ozone/integration-test/target/test-dir/MiniOzoneClusterImpl-4dc0e789-7321-4c00-9da5-33206f8d16b6/datanode-2/data/ratis/5df26e9b-d0a3-4039-b4d7-713e0cf3d0af: Starting segment from index:0
2019-08-23 09:58:24,810 [34ad912f-7383-45cc-9fa6-3ffcc2095e4d:group-713E0CF3D0AF:LeaderElection4] INFO  impl.RaftServerImpl (ServerState.java:setRaftConf(361)) - 34ad912f-7383-45cc-9fa6-3ffcc2095e4d:group-713E0CF3D0AF set configuration 0: [34ad912f-7383-45cc-9fa6-3ffcc2095e4d:192.168.5.185:33327], old=null at 0
2019-08-23 09:58:24,840 [8ee8c18d-65cc-49bc-8d53-6d0b6e2387ef-SegmentedRaftLogWorker:Storage Directory /workdir/hadoop-ozone/integration-test/target/test-dir/MiniOzoneClusterImpl-4dc0e789-7321-4c00-9da5-33206f8d16b6/datanode-5/data/ratis/d67d9482-9eec-496a-81aa-8b9ee4ae3d82] INFO  segmented.SegmentedRaftLogWorker (SegmentedRaftLogWorker.java:execute(569)) - 8ee8c18d-65cc-49bc-8d53-6d0b6e2387ef-SegmentedRaftLogWorker:Storage Directory /workdir/hadoop-ozone/integration-test/target/test-dir/MiniOzoneClusterImpl-4dc0e789-7321-4c00-9da5-33206f8d16b6/datanode-5/data/ratis/d67d9482-9eec-496a-81aa-8b9ee4ae3d82: created new log segment /workdir/hadoop-ozone/integration-test/target/test-dir/MiniOzoneClusterImpl-4dc0e789-7321-4c00-9da5-33206f8d16b6/datanode-5/data/ratis/d67d9482-9eec-496a-81aa-8b9ee4ae3d82/current/log_inprogress_0
2019-08-23 09:58:24,840 [Thread-254] INFO  impl.FollowerState (FollowerState.java:run(106)) - 3b8e34bd-3e3f-4a27-8e2c-5775a50f870a:group-FFA81BAC855C changes to CANDIDATE, lastRpcTime:5070, electionTimeout:5045ms
2019-08-23 09:58:24,840 [Thread-251] INFO  impl.FollowerState (FollowerState.java:run(106)) - 2671c7a5-e82e-47d4-ac19-8fdd6a59c091:group-6813A73968A0 changes to CANDIDATE, lastRpcTime:5149, electionTimeout:5143ms
2019-08-23 09:58:24,840 [Thread-254] INFO  impl.RoleInfo (RoleInfo.java:shutdownFollowerState(121)) - 3b8e34bd-3e3f-4a27-8e2c-5775a50f870a: shutdown FollowerState
2019-08-23 09:58:24,842 [Thread-251] INFO  impl.RoleInfo (RoleInfo.java:shutdownFollowerState(121)) - 2671c7a5-e82e-47d4-ac19-8fdd6a59c091: shutdown FollowerState
2019-08-23 09:58:24,842 [Thread-254] INFO  impl.RaftServerImpl (RaftServerImpl.java:setRole(171)) - 3b8e34bd-3e3f-4a27-8e2c-5775a50f870a:group-FFA81BAC855C changes role from FOLLOWER to CANDIDATE at term 0 for changeToCandidate
2019-08-23 09:58:24,842 [Thread-251] INFO  impl.RaftServerImpl (RaftServerImpl.java:setRole(171)) - 2671c7a5-e82e-47d4-ac19-8fdd6a59c091:group-6813A73968A0 changes role from FOLLOWER to CANDIDATE at term 0 for changeToCandidate
2019-08-23 09:58:24,842 [Thread-254] INFO  impl.RoleInfo (RoleInfo.java:updateAndGet(143)) - 3b8e34bd-3e3f-4a27-8e2c-5775a50f870a: start LeaderElection
2019-08-23 09:58:24,842 [Thread-251] INFO  impl.RoleInfo (RoleInfo.java:updateAndGet(143)) - 2671c7a5-e82e-47d4-ac19-8fdd6a59c091: start LeaderElection
2019-08-23 09:58:24,851 | INFO  | SCMAudit | user=jenkins1000 | ip=192.168.5.185 | op=SEND_HEARTBEAT {datanodeUUID=34ad912f-7383-45cc-9fa6-3ffcc2095e4d, command=[]} | ret=SUCCESS |  
2019-08-23 09:58:24,851 | INFO  | SCMAudit | user=jenkins1000 | ip=192.168.5.185 | op=SEND_HEARTBEAT {datanodeUUID=b10ad05f-5e91-449e-8dbf-0e715902412d, command=[]} | ret=SUCCESS |  
2019-08-23 09:58:24,852 [34ad912f-7383-45cc-9fa6-3ffcc2095e4d-SegmentedRaftLogWorker:Storage Directory /workdir/hadoop-ozone/integration-test/target/test-dir/MiniOzoneClusterImpl-4dc0e789-7321-4c00-9da5-33206f8d16b6/datanode-2/data/ratis/5df26e9b-d0a3-4039-b4d7-713e0cf3d0af] INFO  segmented.SegmentedRaftLogWorker (SegmentedRaftLogWorker.java:execute(569)) - 34ad912f-7383-45cc-9fa6-3ffcc2095e4d-SegmentedRaftLogWorker:Storage Directory /workdir/hadoop-ozone/integration-test/target/test-dir/MiniOzoneClusterImpl-4dc0e789-7321-4c00-9da5-33206f8d16b6/datanode-2/data/ratis/5df26e9b-d0a3-4039-b4d7-713e0cf3d0af: created new log segment /workdir/hadoop-ozone/integration-test/target/test-dir/MiniOzoneClusterImpl-4dc0e789-7321-4c00-9da5-33206f8d16b6/datanode-2/data/ratis/5df26e9b-d0a3-4039-b4d7-713e0cf3d0af/current/log_inprogress_0
2019-08-23 09:58:24,853 [3b8e34bd-3e3f-4a27-8e2c-5775a50f870a:group-FFA81BAC855C:LeaderElection5] INFO  impl.LeaderElection (LeaderElection.java:askForVotes(181)) - 3b8e34bd-3e3f-4a27-8e2c-5775a50f870a:group-FFA81BAC855C:LeaderElection5: begin an election at term 1 for -1: [3b8e34bd-3e3f-4a27-8e2c-5775a50f870a:192.168.5.185:43177], old=null
2019-08-23 09:58:24,853 [2671c7a5-e82e-47d4-ac19-8fdd6a59c091:group-6813A73968A0:LeaderElection6] INFO  impl.LeaderElection (LeaderElection.java:askForVotes(181)) - 2671c7a5-e82e-47d4-ac19-8fdd6a59c091:group-6813A73968A0:LeaderElection6: begin an election at term 1 for -1: [2671c7a5-e82e-47d4-ac19-8fdd6a59c091:192.168.5.185:32897], old=null
2019-08-23 09:58:24,854 [3b8e34bd-3e3f-4a27-8e2c-5775a50f870a:group-FFA81BAC855C:LeaderElection5] INFO  impl.RoleInfo (RoleInfo.java:shutdownLeaderElection(134)) - 3b8e34bd-3e3f-4a27-8e2c-5775a50f870a: shutdown LeaderElection
2019-08-23 09:58:24,854 [2671c7a5-e82e-47d4-ac19-8fdd6a59c091:group-6813A73968A0:LeaderElection6] INFO  impl.RoleInfo (RoleInfo.java:shutdownLeaderElection(134)) - 2671c7a5-e82e-47d4-ac19-8fdd6a59c091: shutdown LeaderElection
2019-08-23 09:58:24,855 [3b8e34bd-3e3f-4a27-8e2c-5775a50f870a:group-FFA81BAC855C:LeaderElection5] INFO  impl.RaftServerImpl (RaftServerImpl.java:setRole(171)) - 3b8e34bd-3e3f-4a27-8e2c-5775a50f870a:group-FFA81BAC855C changes role from CANDIDATE to LEADER at term 1 for changeToLeader
2019-08-23 09:58:24,855 [2671c7a5-e82e-47d4-ac19-8fdd6a59c091:group-6813A73968A0:LeaderElection6] INFO  impl.RaftServerImpl (RaftServerImpl.java:setRole(171)) - 2671c7a5-e82e-47d4-ac19-8fdd6a59c091:group-6813A73968A0 changes role from CANDIDATE to LEADER at term 1 for changeToLeader
2019-08-23 09:58:24,855 [3b8e34bd-3e3f-4a27-8e2c-5775a50f870a:group-FFA81BAC855C:LeaderElection5] INFO  impl.RaftServerImpl (ServerState.java:setLeader(263)) - 3b8e34bd-3e3f-4a27-8e2c-5775a50f870a:group-FFA81BAC855C change Leader from null to 3b8e34bd-3e3f-4a27-8e2c-5775a50f870a at term 1 for becomeLeader, leader elected after 5089ms
2019-08-23 09:58:24,855 [2671c7a5-e82e-47d4-ac19-8fdd6a59c091:group-6813A73968A0:LeaderElection6] INFO  impl.RaftServerImpl (ServerState.java:setLeader(263)) - 2671c7a5-e82e-47d4-ac19-8fdd6a59c091:group-6813A73968A0 change Leader from null to 2671c7a5-e82e-47d4-ac19-8fdd6a59c091 at term 1 for becomeLeader, leader elected after 5168ms
2019-08-23 09:58:24,856 [3b8e34bd-3e3f-4a27-8e2c-5775a50f870a:group-FFA81BAC855C:LeaderElection5] INFO  server.RaftServerConfigKeys (ConfUtils.java:logGet(43)) - raft.server.staging.catchup.gap = 1000 (default)
2019-08-23 09:58:24,858 [2671c7a5-e82e-47d4-ac19-8fdd6a59c091:group-6813A73968A0:LeaderElection6] INFO  server.RaftServerConfigKeys (ConfUtils.java:logGet(43)) - raft.server.staging.catchup.gap = 1000 (default)
2019-08-23 09:58:24,858 [3b8e34bd-3e3f-4a27-8e2c-5775a50f870a:group-FFA81BAC855C:LeaderElection5] INFO  server.RaftServerConfigKeys (ConfUtils.java:logGet(43)) - raft.server.rpc.sleep.time = 25ms (default)
2019-08-23 09:58:24,858 [2671c7a5-e82e-47d4-ac19-8fdd6a59c091:group-6813A73968A0:LeaderElection6] INFO  server.RaftServerConfigKeys (ConfUtils.java:logGet(43)) - raft.server.rpc.sleep.time = 25ms (default)
2019-08-23 09:58:24,858 [3b8e34bd-3e3f-4a27-8e2c-5775a50f870a:group-FFA81BAC855C:LeaderElection5] INFO  server.RaftServerConfigKeys (ConfUtils.java:logGet(43)) - raft.server.write.element-limit = 4096 (default)
2019-08-23 09:58:24,858 [2671c7a5-e82e-47d4-ac19-8fdd6a59c091:group-6813A73968A0:LeaderElection6] INFO  server.RaftServerConfigKeys (ConfUtils.java:logGet(43)) - raft.server.write.element-limit = 4096 (default)
2019-08-23 09:58:24,859 [3b8e34bd-3e3f-4a27-8e2c-5775a50f870a:group-FFA81BAC855C:LeaderElection5] INFO  server.RaftServerConfigKeys (ConfUtils.java:logGet(43)) - raft.server.watch.timeout = 10s (default)
2019-08-23 09:58:24,859 [2671c7a5-e82e-47d4-ac19-8fdd6a59c091:group-6813A73968A0:LeaderElection6] INFO  server.RaftServerConfigKeys (ConfUtils.java:logGet(43)) - raft.server.watch.timeout = 10s (default)
2019-08-23 09:58:24,859 [3b8e34bd-3e3f-4a27-8e2c-5775a50f870a:group-FFA81BAC855C:LeaderElection5] INFO  server.RaftServerConfigKeys (ConfUtils.java:logGet(43)) - raft.server.watch.timeout.denomination = 1s (default)
2019-08-23 09:58:24,859 [2671c7a5-e82e-47d4-ac19-8fdd6a59c091:group-6813A73968A0:LeaderElection6] INFO  server.RaftServerConfigKeys (ConfUtils.java:logGet(43)) - raft.server.watch.timeout.denomination = 1s (default)
2019-08-23 09:58:24,859 [3b8e34bd-3e3f-4a27-8e2c-5775a50f870a:group-FFA81BAC855C:LeaderElection5] INFO  server.RaftServerConfigKeys (ConfUtils.java:logGet(43)) - raft.server.watch.element-limit = 65536 (default)
2019-08-23 09:58:24,859 [2671c7a5-e82e-47d4-ac19-8fdd6a59c091:group-6813A73968A0:LeaderElection6] INFO  server.RaftServerConfigKeys (ConfUtils.java:logGet(43)) - raft.server.watch.element-limit = 65536 (default)
2019-08-23 09:58:24,859 [3b8e34bd-3e3f-4a27-8e2c-5775a50f870a:group-FFA81BAC855C:LeaderElection5] INFO  impl.RoleInfo (RoleInfo.java:updateAndGet(143)) - 3b8e34bd-3e3f-4a27-8e2c-5775a50f870a: start LeaderState
2019-08-23 09:58:24,859 [2671c7a5-e82e-47d4-ac19-8fdd6a59c091:group-6813A73968A0:LeaderElection6] INFO  impl.RoleInfo (RoleInfo.java:updateAndGet(143)) - 2671c7a5-e82e-47d4-ac19-8fdd6a59c091: start LeaderState
2019-08-23 09:58:24,860 [3b8e34bd-3e3f-4a27-8e2c-5775a50f870a:group-FFA81BAC855C:LeaderElection5] INFO  segmented.SegmentedRaftLogWorker (SegmentedRaftLogWorker.java:startLogSegment(380)) - 3b8e34bd-3e3f-4a27-8e2c-5775a50f870a-SegmentedRaftLogWorker:Storage Directory /workdir/hadoop-ozone/integration-test/target/test-dir/MiniOzoneClusterImpl-4dc0e789-7321-4c00-9da5-33206f8d16b6/datanode-4/data/ratis/bb9c510e-a30c-4581-a8ec-ffa81bac855c: Starting segment from index:0
2019-08-23 09:58:24,860 [2671c7a5-e82e-47d4-ac19-8fdd6a59c091:group-6813A73968A0:LeaderElection6] INFO  segmented.SegmentedRaftLogWorker (SegmentedRaftLogWorker.java:startLogSegment(380)) - 2671c7a5-e82e-47d4-ac19-8fdd6a59c091-SegmentedRaftLogWorker:Storage Directory /workdir/hadoop-ozone/integration-test/target/test-dir/MiniOzoneClusterImpl-4dc0e789-7321-4c00-9da5-33206f8d16b6/datanode-6/data/ratis/8903ab2c-3ab4-413a-b5f0-6813a73968a0: Starting segment from index:0
2019-08-23 09:58:24,860 [3b8e34bd-3e3f-4a27-8e2c-5775a50f870a:group-FFA81BAC855C:LeaderElection5] INFO  impl.RaftServerImpl (ServerState.java:setRaftConf(361)) - 3b8e34bd-3e3f-4a27-8e2c-5775a50f870a:group-FFA81BAC855C set configuration 0: [3b8e34bd-3e3f-4a27-8e2c-5775a50f870a:192.168.5.185:43177], old=null at 0
2019-08-23 09:58:24,887 [2671c7a5-e82e-47d4-ac19-8fdd6a59c091:group-6813A73968A0:LeaderElection6] INFO  impl.RaftServerImpl (ServerState.java:setRaftConf(361)) - 2671c7a5-e82e-47d4-ac19-8fdd6a59c091:group-6813A73968A0 set configuration 0: [2671c7a5-e82e-47d4-ac19-8fdd6a59c091:192.168.5.185:32897], old=null at 0
2019-08-23 09:58:24,914 [3b8e34bd-3e3f-4a27-8e2c-5775a50f870a-SegmentedRaftLogWorker:Storage Directory /workdir/hadoop-ozone/integration-test/target/test-dir/MiniOzoneClusterImpl-4dc0e789-7321-4c00-9da5-33206f8d16b6/datanode-4/data/ratis/bb9c510e-a30c-4581-a8ec-ffa81bac855c] INFO  segmented.SegmentedRaftLogWorker (SegmentedRaftLogWorker.java:execute(569)) - 3b8e34bd-3e3f-4a27-8e2c-5775a50f870a-SegmentedRaftLogWorker:Storage Directory /workdir/hadoop-ozone/integration-test/target/test-dir/MiniOzoneClusterImpl-4dc0e789-7321-4c00-9da5-33206f8d16b6/datanode-4/data/ratis/bb9c510e-a30c-4581-a8ec-ffa81bac855c: created new log segment /workdir/hadoop-ozone/integration-test/target/test-dir/MiniOzoneClusterImpl-4dc0e789-7321-4c00-9da5-33206f8d16b6/datanode-4/data/ratis/bb9c510e-a30c-4581-a8ec-ffa81bac855c/current/log_inprogress_0
2019-08-23 09:58:24,931 [2671c7a5-e82e-47d4-ac19-8fdd6a59c091-SegmentedRaftLogWorker:Storage Directory /workdir/hadoop-ozone/integration-test/target/test-dir/MiniOzoneClusterImpl-4dc0e789-7321-4c00-9da5-33206f8d16b6/datanode-6/data/ratis/8903ab2c-3ab4-413a-b5f0-6813a73968a0] INFO  segmented.SegmentedRaftLogWorker (SegmentedRaftLogWorker.java:execute(569)) - 2671c7a5-e82e-47d4-ac19-8fdd6a59c091-SegmentedRaftLogWorker:Storage Directory /workdir/hadoop-ozone/integration-test/target/test-dir/MiniOzoneClusterImpl-4dc0e789-7321-4c00-9da5-33206f8d16b6/datanode-6/data/ratis/8903ab2c-3ab4-413a-b5f0-6813a73968a0: created new log segment /workdir/hadoop-ozone/integration-test/target/test-dir/MiniOzoneClusterImpl-4dc0e789-7321-4c00-9da5-33206f8d16b6/datanode-6/data/ratis/8903ab2c-3ab4-413a-b5f0-6813a73968a0/current/log_inprogress_0
2019-08-23 09:58:24,996 [Thread-265] INFO  impl.FollowerState (FollowerState.java:run(106)) - 8ee8c18d-65cc-49bc-8d53-6d0b6e2387ef:group-87326ECB8067 changes to CANDIDATE, lastRpcTime:5025, electionTimeout:5021ms
2019-08-23 09:58:24,999 [Thread-265] INFO  impl.RoleInfo (RoleInfo.java:shutdownFollowerState(121)) - 8ee8c18d-65cc-49bc-8d53-6d0b6e2387ef: shutdown FollowerState
2019-08-23 09:58:24,999 [Thread-265] INFO  impl.RaftServerImpl (RaftServerImpl.java:setRole(171)) - 8ee8c18d-65cc-49bc-8d53-6d0b6e2387ef:group-87326ECB8067 changes role from FOLLOWER to CANDIDATE at term 0 for changeToCandidate
2019-08-23 09:58:25,000 [Thread-265] INFO  impl.RoleInfo (RoleInfo.java:updateAndGet(143)) - 8ee8c18d-65cc-49bc-8d53-6d0b6e2387ef: start LeaderElection
2019-08-23 09:58:25,013 | INFO  | SCMAudit | user=jenkins1000 | ip=192.168.5.185 | op=SEND_HEARTBEAT {datanodeUUID=3b8e34bd-3e3f-4a27-8e2c-5775a50f870a, command=[]} | ret=SUCCESS |  
2019-08-23 09:58:25,018 [8ee8c18d-65cc-49bc-8d53-6d0b6e2387ef:group-87326ECB8067:LeaderElection7] INFO  impl.LeaderElection (LeaderElection.java:askForVotes(181)) - 8ee8c18d-65cc-49bc-8d53-6d0b6e2387ef:group-87326ECB8067:LeaderElection7: begin an election at term 1 for -1: [b0a33e40-d898-4e82-91f3-4e0ce9e6b5e2:192.168.5.185:46843, f6ea449c-e8f9-4f88-8115-d15823026628:192.168.5.185:39792, 8ee8c18d-65cc-49bc-8d53-6d0b6e2387ef:192.168.5.185:38132], old=null
2019-08-23 09:58:25,037 [Thread-257] INFO  impl.FollowerState (FollowerState.java:run(106)) - b10ad05f-5e91-449e-8dbf-0e715902412d:group-716CCC0DB4A7 changes to CANDIDATE, lastRpcTime:5192, electionTimeout:5192ms
2019-08-23 09:58:25,037 [Thread-257] INFO  impl.RoleInfo (RoleInfo.java:shutdownFollowerState(121)) - b10ad05f-5e91-449e-8dbf-0e715902412d: shutdown FollowerState
2019-08-23 09:58:25,037 [Thread-257] INFO  impl.RaftServerImpl (RaftServerImpl.java:setRole(171)) - b10ad05f-5e91-449e-8dbf-0e715902412d:group-716CCC0DB4A7 changes role from FOLLOWER to CANDIDATE at term 0 for changeToCandidate
2019-08-23 09:58:25,037 [Thread-257] INFO  impl.RoleInfo (RoleInfo.java:updateAndGet(143)) - b10ad05f-5e91-449e-8dbf-0e715902412d: start LeaderElection
2019-08-23 09:58:25,054 [grpc-default-executor-2] INFO  impl.RaftServerImpl (RaftServerImpl.java:setRole(171)) - b0a33e40-d898-4e82-91f3-4e0ce9e6b5e2:group-87326ECB8067 changes role from FOLLOWER to FOLLOWER at term 1 for recognizeCandidate:8ee8c18d-65cc-49bc-8d53-6d0b6e2387ef
2019-08-23 09:58:25,054 [grpc-default-executor-1] INFO  impl.RaftServerImpl (RaftServerImpl.java:setRole(171)) - f6ea449c-e8f9-4f88-8115-d15823026628:group-87326ECB8067 changes role from FOLLOWER to FOLLOWER at term 1 for recognizeCandidate:8ee8c18d-65cc-49bc-8d53-6d0b6e2387ef
2019-08-23 09:58:25,054 [grpc-default-executor-2] INFO  impl.RoleInfo (RoleInfo.java:shutdownFollowerState(121)) - b0a33e40-d898-4e82-91f3-4e0ce9e6b5e2: shutdown FollowerState
2019-08-23 09:58:25,055 [grpc-default-executor-1] INFO  impl.RoleInfo (RoleInfo.java:shutdownFollowerState(121)) - f6ea449c-e8f9-4f88-8115-d15823026628: shutdown FollowerState
2019-08-23 09:58:25,055 [grpc-default-executor-2] INFO  impl.RoleInfo (RoleInfo.java:updateAndGet(143)) - b0a33e40-d898-4e82-91f3-4e0ce9e6b5e2: start FollowerState
2019-08-23 09:58:25,055 [Thread-261] INFO  impl.FollowerState (FollowerState.java:run(114)) - b0a33e40-d898-4e82-91f3-4e0ce9e6b5e2: FollowerState was interrupted: java.lang.InterruptedException: sleep interrupted
2019-08-23 09:58:25,055 [grpc-default-executor-1] INFO  impl.RoleInfo (RoleInfo.java:updateAndGet(143)) - f6ea449c-e8f9-4f88-8115-d15823026628: start FollowerState
2019-08-23 09:58:25,055 [Thread-266] INFO  impl.FollowerState (FollowerState.java:run(114)) - f6ea449c-e8f9-4f88-8115-d15823026628: FollowerState was interrupted: java.lang.InterruptedException: sleep interrupted
2019-08-23 09:58:25,068 [b10ad05f-5e91-449e-8dbf-0e715902412d:group-716CCC0DB4A7:LeaderElection8] INFO  impl.LeaderElection (LeaderElection.java:askForVotes(181)) - b10ad05f-5e91-449e-8dbf-0e715902412d:group-716CCC0DB4A7:LeaderElection8: begin an election at term 1 for -1: [b10ad05f-5e91-449e-8dbf-0e715902412d:192.168.5.185:36540], old=null
2019-08-23 09:58:25,068 [b10ad05f-5e91-449e-8dbf-0e715902412d:group-716CCC0DB4A7:LeaderElection8] INFO  impl.RoleInfo (RoleInfo.java:shutdownLeaderElection(134)) - b10ad05f-5e91-449e-8dbf-0e715902412d: shutdown LeaderElection
2019-08-23 09:58:25,068 [b10ad05f-5e91-449e-8dbf-0e715902412d:group-716CCC0DB4A7:LeaderElection8] INFO  impl.RaftServerImpl (RaftServerImpl.java:setRole(171)) - b10ad05f-5e91-449e-8dbf-0e715902412d:group-716CCC0DB4A7 changes role from CANDIDATE to LEADER at term 1 for changeToLeader
2019-08-23 09:58:25,068 [b10ad05f-5e91-449e-8dbf-0e715902412d:group-716CCC0DB4A7:LeaderElection8] INFO  impl.RaftServerImpl (ServerState.java:setLeader(263)) - b10ad05f-5e91-449e-8dbf-0e715902412d:group-716CCC0DB4A7 change Leader from null to b10ad05f-5e91-449e-8dbf-0e715902412d at term 1 for becomeLeader, leader elected after 5228ms
2019-08-23 09:58:25,070 [b10ad05f-5e91-449e-8dbf-0e715902412d:group-716CCC0DB4A7:LeaderElection8] INFO  server.RaftServerConfigKeys (ConfUtils.java:logGet(43)) - raft.server.staging.catchup.gap = 1000 (default)
2019-08-23 09:58:25,070 [b10ad05f-5e91-449e-8dbf-0e715902412d:group-716CCC0DB4A7:LeaderElection8] INFO  server.RaftServerConfigKeys (ConfUtils.java:logGet(43)) - raft.server.rpc.sleep.time = 25ms (default)
2019-08-23 09:58:25,070 [b10ad05f-5e91-449e-8dbf-0e715902412d:group-716CCC0DB4A7:LeaderElection8] INFO  server.RaftServerConfigKeys (ConfUtils.java:logGet(43)) - raft.server.write.element-limit = 4096 (default)
2019-08-23 09:58:25,070 [b10ad05f-5e91-449e-8dbf-0e715902412d:group-716CCC0DB4A7:LeaderElection8] INFO  server.RaftServerConfigKeys (ConfUtils.java:logGet(43)) - raft.server.watch.timeout = 10s (default)
2019-08-23 09:58:25,071 [b10ad05f-5e91-449e-8dbf-0e715902412d:group-716CCC0DB4A7:LeaderElection8] INFO  server.RaftServerConfigKeys (ConfUtils.java:logGet(43)) - raft.server.watch.timeout.denomination = 1s (default)
2019-08-23 09:58:25,071 [b10ad05f-5e91-449e-8dbf-0e715902412d:group-716CCC0DB4A7:LeaderElection8] INFO  server.RaftServerConfigKeys (ConfUtils.java:logGet(43)) - raft.server.watch.element-limit = 65536 (default)
2019-08-23 09:58:25,071 [b10ad05f-5e91-449e-8dbf-0e715902412d:group-716CCC0DB4A7:LeaderElection8] INFO  impl.RoleInfo (RoleInfo.java:updateAndGet(143)) - b10ad05f-5e91-449e-8dbf-0e715902412d: start LeaderState
2019-08-23 09:58:25,071 [b10ad05f-5e91-449e-8dbf-0e715902412d:group-716CCC0DB4A7:LeaderElection8] INFO  segmented.SegmentedRaftLogWorker (SegmentedRaftLogWorker.java:startLogSegment(380)) - b10ad05f-5e91-449e-8dbf-0e715902412d-SegmentedRaftLogWorker:Storage Directory /workdir/hadoop-ozone/integration-test/target/test-dir/MiniOzoneClusterImpl-4dc0e789-7321-4c00-9da5-33206f8d16b6/datanode-3/data/ratis/14ae3e42-2c32-496e-9ad3-716ccc0db4a7: Starting segment from index:0
2019-08-23 09:58:25,072 [b10ad05f-5e91-449e-8dbf-0e715902412d:group-716CCC0DB4A7:LeaderElection8] INFO  impl.RaftServerImpl (ServerState.java:setRaftConf(361)) - b10ad05f-5e91-449e-8dbf-0e715902412d:group-716CCC0DB4A7 set configuration 0: [b10ad05f-5e91-449e-8dbf-0e715902412d:192.168.5.185:36540], old=null at 0
2019-08-23 09:58:25,114 | INFO  | SCMAudit | user=jenkins1000 | ip=192.168.5.185 | op=SEND_HEARTBEAT {datanodeUUID=f6ea449c-e8f9-4f88-8115-d15823026628, command=[]} | ret=SUCCESS |  
2019-08-23 09:58:25,123 [8ee8c18d-65cc-49bc-8d53-6d0b6e2387ef:group-87326ECB8067:LeaderElection7] INFO  impl.LeaderElection (LeaderElection.java:logAndReturn(56)) - 8ee8c18d-65cc-49bc-8d53-6d0b6e2387ef:group-87326ECB8067:LeaderElection7: Election PASSED; received 1 response(s) [8ee8c18d-65cc-49bc-8d53-6d0b6e2387ef<-b0a33e40-d898-4e82-91f3-4e0ce9e6b5e2#0:OK-t1] and 0 exception(s); 8ee8c18d-65cc-49bc-8d53-6d0b6e2387ef:t1, leader=null, voted=8ee8c18d-65cc-49bc-8d53-6d0b6e2387ef, raftlog=8ee8c18d-65cc-49bc-8d53-6d0b6e2387ef-SegmentedRaftLog:OPENED:c-1,f-1,i0, conf=-1: [b0a33e40-d898-4e82-91f3-4e0ce9e6b5e2:192.168.5.185:46843, f6ea449c-e8f9-4f88-8115-d15823026628:192.168.5.185:39792, 8ee8c18d-65cc-49bc-8d53-6d0b6e2387ef:192.168.5.185:38132], old=null
2019-08-23 09:58:25,124 [8ee8c18d-65cc-49bc-8d53-6d0b6e2387ef:group-87326ECB8067:LeaderElection7] INFO  impl.RoleInfo (RoleInfo.java:shutdownLeaderElection(134)) - 8ee8c18d-65cc-49bc-8d53-6d0b6e2387ef: shutdown LeaderElection
2019-08-23 09:58:25,124 [8ee8c18d-65cc-49bc-8d53-6d0b6e2387ef:group-87326ECB8067:LeaderElection7] INFO  impl.RaftServerImpl (RaftServerImpl.java:setRole(171)) - 8ee8c18d-65cc-49bc-8d53-6d0b6e2387ef:group-87326ECB8067 changes role from CANDIDATE to LEADER at term 1 for changeToLeader
2019-08-23 09:58:25,126 [8ee8c18d-65cc-49bc-8d53-6d0b6e2387ef:group-87326ECB8067:LeaderElection7] INFO  impl.RaftServerImpl (ServerState.java:setLeader(263)) - 8ee8c18d-65cc-49bc-8d53-6d0b6e2387ef:group-87326ECB8067 change Leader from null to 8ee8c18d-65cc-49bc-8d53-6d0b6e2387ef at term 1 for becomeLeader, leader elected after 5175ms
2019-08-23 09:58:25,126 [8ee8c18d-65cc-49bc-8d53-6d0b6e2387ef:group-87326ECB8067:LeaderElection7] INFO  server.RaftServerConfigKeys (ConfUtils.java:logGet(43)) - raft.server.staging.catchup.gap = 1000 (default)
2019-08-23 09:58:25,127 [8ee8c18d-65cc-49bc-8d53-6d0b6e2387ef:group-87326ECB8067:LeaderElection7] INFO  server.RaftServerConfigKeys (ConfUtils.java:logGet(43)) - raft.server.rpc.sleep.time = 25ms (default)
2019-08-23 09:58:25,127 [8ee8c18d-65cc-49bc-8d53-6d0b6e2387ef:group-87326ECB8067:LeaderElection7] INFO  server.RaftServerConfigKeys (ConfUtils.java:logGet(43)) - raft.server.write.element-limit = 4096 (default)
2019-08-23 09:58:25,127 [8ee8c18d-65cc-49bc-8d53-6d0b6e2387ef:group-87326ECB8067:LeaderElection7] INFO  server.RaftServerConfigKeys (ConfUtils.java:logGet(43)) - raft.server.watch.timeout = 10s (default)
2019-08-23 09:58:25,127 [8ee8c18d-65cc-49bc-8d53-6d0b6e2387ef:group-87326ECB8067:LeaderElection7] INFO  server.RaftServerConfigKeys (ConfUtils.java:logGet(43)) - raft.server.watch.timeout.denomination = 1s (default)
2019-08-23 09:58:25,127 [8ee8c18d-65cc-49bc-8d53-6d0b6e2387ef:group-87326ECB8067:LeaderElection7] INFO  server.RaftServerConfigKeys (ConfUtils.java:logGet(43)) - raft.server.watch.element-limit = 65536 (default)
2019-08-23 09:58:25,130 [8ee8c18d-65cc-49bc-8d53-6d0b6e2387ef:group-87326ECB8067:LeaderElection7] INFO  server.RaftServerConfigKeys (ConfUtils.java:logGet(43)) - raft.server.log.appender.snapshot.chunk.size.max = 16MB (=16777216) (default)
2019-08-23 09:58:25,130 [8ee8c18d-65cc-49bc-8d53-6d0b6e2387ef:group-87326ECB8067:LeaderElection7] INFO  server.RaftServerConfigKeys (ConfUtils.java:logGet(43)) - raft.server.log.appender.buffer.byte-limit = 33554432 (custom)
2019-08-23 09:58:25,131 [8ee8c18d-65cc-49bc-8d53-6d0b6e2387ef:group-87326ECB8067:LeaderElection7] INFO  server.RaftServerConfigKeys (ConfUtils.java:logGet(43)) - raft.server.log.appender.buffer.element-limit = 1 (custom)
2019-08-23 09:58:25,134 [8ee8c18d-65cc-49bc-8d53-6d0b6e2387ef:group-87326ECB8067:LeaderElection7] INFO  grpc.GrpcConfigKeys$Server (ConfUtils.java:logGet(43)) - raft.grpc.server.leader.outstanding.appends.max = 128 (default)
2019-08-23 09:58:25,136 [8ee8c18d-65cc-49bc-8d53-6d0b6e2387ef:group-87326ECB8067:LeaderElection7] INFO  server.RaftServerConfigKeys (ConfUtils.java:logGet(43)) - raft.server.rpc.request.timeout = 3000ms (default)
2019-08-23 09:58:25,136 [b10ad05f-5e91-449e-8dbf-0e715902412d-SegmentedRaftLogWorker:Storage Directory /workdir/hadoop-ozone/integration-test/target/test-dir/MiniOzoneClusterImpl-4dc0e789-7321-4c00-9da5-33206f8d16b6/datanode-3/data/ratis/14ae3e42-2c32-496e-9ad3-716ccc0db4a7] INFO  segmented.SegmentedRaftLogWorker (SegmentedRaftLogWorker.java:execute(569)) - b10ad05f-5e91-449e-8dbf-0e715902412d-SegmentedRaftLogWorker:Storage Directory /workdir/hadoop-ozone/integration-test/target/test-dir/MiniOzoneClusterImpl-4dc0e789-7321-4c00-9da5-33206f8d16b6/datanode-3/data/ratis/14ae3e42-2c32-496e-9ad3-716ccc0db4a7: created new log segment /workdir/hadoop-ozone/integration-test/target/test-dir/MiniOzoneClusterImpl-4dc0e789-7321-4c00-9da5-33206f8d16b6/datanode-3/data/ratis/14ae3e42-2c32-496e-9ad3-716ccc0db4a7/current/log_inprogress_0
2019-08-23 09:58:25,136 [8ee8c18d-65cc-49bc-8d53-6d0b6e2387ef:group-87326ECB8067:LeaderElection7] INFO  server.RaftServerConfigKeys (ConfUtils.java:logGet(43)) - raft.server.log.appender.install.snapshot.enabled = false (custom)
2019-08-23 09:58:25,137 [8ee8c18d-65cc-49bc-8d53-6d0b6e2387ef:group-87326ECB8067:LeaderElection7] INFO  server.RaftServerConfigKeys (ConfUtils.java:logGet(43)) - raft.server.log.appender.snapshot.chunk.size.max = 16MB (=16777216) (default)
2019-08-23 09:58:25,138 [8ee8c18d-65cc-49bc-8d53-6d0b6e2387ef:group-87326ECB8067:LeaderElection7] INFO  server.RaftServerConfigKeys (ConfUtils.java:logGet(43)) - raft.server.log.appender.buffer.byte-limit = 33554432 (custom)
2019-08-23 09:58:25,138 [8ee8c18d-65cc-49bc-8d53-6d0b6e2387ef:group-87326ECB8067:LeaderElection7] INFO  server.RaftServerConfigKeys (ConfUtils.java:logGet(43)) - raft.server.log.appender.buffer.element-limit = 1 (custom)
2019-08-23 09:58:25,138 [8ee8c18d-65cc-49bc-8d53-6d0b6e2387ef:group-87326ECB8067:LeaderElection7] INFO  grpc.GrpcConfigKeys$Server (ConfUtils.java:logGet(43)) - raft.grpc.server.leader.outstanding.appends.max = 128 (default)
2019-08-23 09:58:25,138 [8ee8c18d-65cc-49bc-8d53-6d0b6e2387ef:group-87326ECB8067:LeaderElection7] INFO  server.RaftServerConfigKeys (ConfUtils.java:logGet(43)) - raft.server.rpc.request.timeout = 3000ms (default)
2019-08-23 09:58:25,139 [8ee8c18d-65cc-49bc-8d53-6d0b6e2387ef:group-87326ECB8067:LeaderElection7] INFO  server.RaftServerConfigKeys (ConfUtils.java:logGet(43)) - raft.server.log.appender.install.snapshot.enabled = false (custom)
2019-08-23 09:58:25,140 [8ee8c18d-65cc-49bc-8d53-6d0b6e2387ef:group-87326ECB8067:LeaderElection7] INFO  impl.RoleInfo (RoleInfo.java:updateAndGet(143)) - 8ee8c18d-65cc-49bc-8d53-6d0b6e2387ef: start LeaderState
2019-08-23 09:58:25,140 [8ee8c18d-65cc-49bc-8d53-6d0b6e2387ef:group-87326ECB8067:LeaderElection7] INFO  segmented.SegmentedRaftLogWorker (SegmentedRaftLogWorker.java:startLogSegment(380)) - 8ee8c18d-65cc-49bc-8d53-6d0b6e2387ef-SegmentedRaftLogWorker:Storage Directory /workdir/hadoop-ozone/integration-test/target/test-dir/MiniOzoneClusterImpl-4dc0e789-7321-4c00-9da5-33206f8d16b6/datanode-5/data/ratis/6917e62a-be5b-477c-9382-87326ecb8067: Starting segment from index:0
2019-08-23 09:58:25,141 [8ee8c18d-65cc-49bc-8d53-6d0b6e2387ef:group-87326ECB8067:LeaderElection7] INFO  impl.RaftServerImpl (ServerState.java:setRaftConf(361)) - 8ee8c18d-65cc-49bc-8d53-6d0b6e2387ef:group-87326ECB8067 set configuration 0: [b0a33e40-d898-4e82-91f3-4e0ce9e6b5e2:192.168.5.185:46843, f6ea449c-e8f9-4f88-8115-d15823026628:192.168.5.185:39792, 8ee8c18d-65cc-49bc-8d53-6d0b6e2387ef:192.168.5.185:38132], old=null at 0
2019-08-23 09:58:25,172 [8ee8c18d-65cc-49bc-8d53-6d0b6e2387ef-SegmentedRaftLogWorker:Storage Directory /workdir/hadoop-ozone/integration-test/target/test-dir/MiniOzoneClusterImpl-4dc0e789-7321-4c00-9da5-33206f8d16b6/datanode-5/data/ratis/6917e62a-be5b-477c-9382-87326ecb8067] INFO  segmented.SegmentedRaftLogWorker (SegmentedRaftLogWorker.java:execute(569)) - 8ee8c18d-65cc-49bc-8d53-6d0b6e2387ef-SegmentedRaftLogWorker:Storage Directory /workdir/hadoop-ozone/integration-test/target/test-dir/MiniOzoneClusterImpl-4dc0e789-7321-4c00-9da5-33206f8d16b6/datanode-5/data/ratis/6917e62a-be5b-477c-9382-87326ecb8067: created new log segment /workdir/hadoop-ozone/integration-test/target/test-dir/MiniOzoneClusterImpl-4dc0e789-7321-4c00-9da5-33206f8d16b6/datanode-5/data/ratis/6917e62a-be5b-477c-9382-87326ecb8067/current/log_inprogress_0
2019-08-23 09:58:25,174 [Thread-270] INFO  impl.FollowerState (FollowerState.java:run(106)) - 34ad912f-7383-45cc-9fa6-3ffcc2095e4d:group-8DA920169F18 changes to CANDIDATE, lastRpcTime:5081, electionTimeout:5080ms
2019-08-23 09:58:25,174 [Thread-270] INFO  impl.RoleInfo (RoleInfo.java:shutdownFollowerState(121)) - 34ad912f-7383-45cc-9fa6-3ffcc2095e4d: shutdown FollowerState
2019-08-23 09:58:25,174 [Thread-270] INFO  impl.RaftServerImpl (RaftServerImpl.java:setRole(171)) - 34ad912f-7383-45cc-9fa6-3ffcc2095e4d:group-8DA920169F18 changes role from FOLLOWER to CANDIDATE at term 0 for changeToCandidate
2019-08-23 09:58:25,174 [Thread-270] INFO  impl.RoleInfo (RoleInfo.java:updateAndGet(143)) - 34ad912f-7383-45cc-9fa6-3ffcc2095e4d: start LeaderElection
2019-08-23 09:58:25,190 [grpc-default-executor-2] INFO  impl.RaftServerImpl (ServerState.java:setLeader(263)) - f6ea449c-e8f9-4f88-8115-d15823026628:group-87326ECB8067 change Leader from null to 8ee8c18d-65cc-49bc-8d53-6d0b6e2387ef at term 1 for appendEntries, leader elected after 5238ms
2019-08-23 09:58:25,191 [34ad912f-7383-45cc-9fa6-3ffcc2095e4d:group-8DA920169F18:LeaderElection9] INFO  impl.LeaderElection (LeaderElection.java:askForVotes(181)) - 34ad912f-7383-45cc-9fa6-3ffcc2095e4d:group-8DA920169F18:LeaderElection9: begin an election at term 1 for -1: [2671c7a5-e82e-47d4-ac19-8fdd6a59c091:192.168.5.185:32897, 3b8e34bd-3e3f-4a27-8e2c-5775a50f870a:192.168.5.185:43177, 34ad912f-7383-45cc-9fa6-3ffcc2095e4d:192.168.5.185:33327], old=null
2019-08-23 09:58:25,191 [grpc-default-executor-1] INFO  impl.RaftServerImpl (ServerState.java:setLeader(263)) - b0a33e40-d898-4e82-91f3-4e0ce9e6b5e2:group-87326ECB8067 change Leader from null to 8ee8c18d-65cc-49bc-8d53-6d0b6e2387ef at term 1 for appendEntries, leader elected after 5238ms
2019-08-23 09:58:25,203 [Thread-275] INFO  impl.FollowerState (FollowerState.java:run(106)) - 3b8e34bd-3e3f-4a27-8e2c-5775a50f870a:group-8DA920169F18 changes to CANDIDATE, lastRpcTime:5107, electionTimeout:5106ms
2019-08-23 09:58:25,204 [Thread-275] INFO  impl.RoleInfo (RoleInfo.java:shutdownFollowerState(121)) - 3b8e34bd-3e3f-4a27-8e2c-5775a50f870a: shutdown FollowerState
2019-08-23 09:58:25,204 [Thread-275] INFO  impl.RaftServerImpl (RaftServerImpl.java:setRole(171)) - 3b8e34bd-3e3f-4a27-8e2c-5775a50f870a:group-8DA920169F18 changes role from FOLLOWER to CANDIDATE at term 0 for changeToCandidate
2019-08-23 09:58:25,204 [Thread-275] INFO  impl.RoleInfo (RoleInfo.java:updateAndGet(143)) - 3b8e34bd-3e3f-4a27-8e2c-5775a50f870a: start LeaderElection
2019-08-23 09:58:25,213 [grpc-default-executor-0] INFO  impl.RaftServerImpl (RaftServerImpl.java:setRole(171)) - 2671c7a5-e82e-47d4-ac19-8fdd6a59c091:group-8DA920169F18 changes role from FOLLOWER to FOLLOWER at term 1 for recognizeCandidate:34ad912f-7383-45cc-9fa6-3ffcc2095e4d
2019-08-23 09:58:25,213 [grpc-default-executor-0] INFO  impl.RoleInfo (RoleInfo.java:shutdownFollowerState(121)) - 2671c7a5-e82e-47d4-ac19-8fdd6a59c091: shutdown FollowerState
2019-08-23 09:58:25,213 [grpc-default-executor-0] INFO  impl.RoleInfo (RoleInfo.java:updateAndGet(143)) - 2671c7a5-e82e-47d4-ac19-8fdd6a59c091: start FollowerState
2019-08-23 09:58:25,213 [Thread-274] INFO  impl.FollowerState (FollowerState.java:run(114)) - 2671c7a5-e82e-47d4-ac19-8fdd6a59c091: FollowerState was interrupted: java.lang.InterruptedException: sleep interrupted
2019-08-23 09:58:25,232 [3b8e34bd-3e3f-4a27-8e2c-5775a50f870a:group-8DA920169F18:LeaderElection10] INFO  impl.LeaderElection (LeaderElection.java:askForVotes(181)) - 3b8e34bd-3e3f-4a27-8e2c-5775a50f870a:group-8DA920169F18:LeaderElection10: begin an election at term 1 for -1: [2671c7a5-e82e-47d4-ac19-8fdd6a59c091:192.168.5.185:32897, 3b8e34bd-3e3f-4a27-8e2c-5775a50f870a:192.168.5.185:43177, 34ad912f-7383-45cc-9fa6-3ffcc2095e4d:192.168.5.185:33327], old=null
2019-08-23 09:58:25,233 [grpc-default-executor-1] INFO  impl.RaftServerImpl (ServerState.java:setRaftConf(361)) - b0a33e40-d898-4e82-91f3-4e0ce9e6b5e2:group-87326ECB8067 set configuration 0: [b0a33e40-d898-4e82-91f3-4e0ce9e6b5e2:192.168.5.185:46843, f6ea449c-e8f9-4f88-8115-d15823026628:192.168.5.185:39792, 8ee8c18d-65cc-49bc-8d53-6d0b6e2387ef:192.168.5.185:38132], old=null at 0
2019-08-23 09:58:25,233 [grpc-default-executor-2] INFO  impl.RaftServerImpl (ServerState.java:setRaftConf(361)) - f6ea449c-e8f9-4f88-8115-d15823026628:group-87326ECB8067 set configuration 0: [b0a33e40-d898-4e82-91f3-4e0ce9e6b5e2:192.168.5.185:46843, f6ea449c-e8f9-4f88-8115-d15823026628:192.168.5.185:39792, 8ee8c18d-65cc-49bc-8d53-6d0b6e2387ef:192.168.5.185:38132], old=null at 0
2019-08-23 09:58:25,233 [grpc-default-executor-1] INFO  segmented.SegmentedRaftLogWorker (SegmentedRaftLogWorker.java:startLogSegment(380)) - b0a33e40-d898-4e82-91f3-4e0ce9e6b5e2-SegmentedRaftLogWorker:Storage Directory /workdir/hadoop-ozone/integration-test/target/test-dir/MiniOzoneClusterImpl-4dc0e789-7321-4c00-9da5-33206f8d16b6/datanode-1/data/ratis/6917e62a-be5b-477c-9382-87326ecb8067: Starting segment from index:0
2019-08-23 09:58:25,235 [grpc-default-executor-2] INFO  segmented.SegmentedRaftLogWorker (SegmentedRaftLogWorker.java:startLogSegment(380)) - f6ea449c-e8f9-4f88-8115-d15823026628-SegmentedRaftLogWorker:Storage Directory /workdir/hadoop-ozone/integration-test/target/test-dir/MiniOzoneClusterImpl-4dc0e789-7321-4c00-9da5-33206f8d16b6/datanode-0/data/ratis/6917e62a-be5b-477c-9382-87326ecb8067: Starting segment from index:0
2019-08-23 09:58:25,269 [34ad912f-7383-45cc-9fa6-3ffcc2095e4d:group-8DA920169F18:LeaderElection9] INFO  impl.LeaderElection (LeaderElection.java:logAndReturn(56)) - 34ad912f-7383-45cc-9fa6-3ffcc2095e4d:group-8DA920169F18:LeaderElection9: Election PASSED; received 2 response(s) [34ad912f-7383-45cc-9fa6-3ffcc2095e4d<-2671c7a5-e82e-47d4-ac19-8fdd6a59c091#0:OK-t1, 34ad912f-7383-45cc-9fa6-3ffcc2095e4d<-3b8e34bd-3e3f-4a27-8e2c-5775a50f870a#0:FAIL-t1] and 0 exception(s); 34ad912f-7383-45cc-9fa6-3ffcc2095e4d:t1, leader=null, voted=34ad912f-7383-45cc-9fa6-3ffcc2095e4d, raftlog=34ad912f-7383-45cc-9fa6-3ffcc2095e4d-SegmentedRaftLog:OPENED:c-1,f-1,i0, conf=-1: [2671c7a5-e82e-47d4-ac19-8fdd6a59c091:192.168.5.185:32897, 3b8e34bd-3e3f-4a27-8e2c-5775a50f870a:192.168.5.185:43177, 34ad912f-7383-45cc-9fa6-3ffcc2095e4d:192.168.5.185:33327], old=null
2019-08-23 09:58:25,269 [34ad912f-7383-45cc-9fa6-3ffcc2095e4d:group-8DA920169F18:LeaderElection9] INFO  impl.RoleInfo (RoleInfo.java:shutdownLeaderElection(134)) - 34ad912f-7383-45cc-9fa6-3ffcc2095e4d: shutdown LeaderElection
2019-08-23 09:58:25,272 [34ad912f-7383-45cc-9fa6-3ffcc2095e4d:group-8DA920169F18:LeaderElection9] INFO  impl.RaftServerImpl (RaftServerImpl.java:setRole(171)) - 34ad912f-7383-45cc-9fa6-3ffcc2095e4d:group-8DA920169F18 changes role from CANDIDATE to LEADER at term 1 for changeToLeader
2019-08-23 09:58:25,274 [34ad912f-7383-45cc-9fa6-3ffcc2095e4d:group-8DA920169F18:LeaderElection9] INFO  impl.RaftServerImpl (ServerState.java:setLeader(263)) - 34ad912f-7383-45cc-9fa6-3ffcc2095e4d:group-8DA920169F18 change Leader from null to 34ad912f-7383-45cc-9fa6-3ffcc2095e4d at term 1 for becomeLeader, leader elected after 5198ms
2019-08-23 09:58:25,274 [34ad912f-7383-45cc-9fa6-3ffcc2095e4d:group-8DA920169F18:LeaderElection9] INFO  server.RaftServerConfigKeys (ConfUtils.java:logGet(43)) - raft.server.staging.catchup.gap = 1000 (default)
2019-08-23 09:58:25,274 [34ad912f-7383-45cc-9fa6-3ffcc2095e4d:group-8DA920169F18:LeaderElection9] INFO  server.RaftServerConfigKeys (ConfUtils.java:logGet(43)) - raft.server.rpc.sleep.time = 25ms (default)
2019-08-23 09:58:25,275 [34ad912f-7383-45cc-9fa6-3ffcc2095e4d:group-8DA920169F18:LeaderElection9] INFO  server.RaftServerConfigKeys (ConfUtils.java:logGet(43)) - raft.server.write.element-limit = 4096 (default)
2019-08-23 09:58:25,275 [34ad912f-7383-45cc-9fa6-3ffcc2095e4d:group-8DA920169F18:LeaderElection9] INFO  server.RaftServerConfigKeys (ConfUtils.java:logGet(43)) - raft.server.watch.timeout = 10s (default)
2019-08-23 09:58:25,275 [34ad912f-7383-45cc-9fa6-3ffcc2095e4d:group-8DA920169F18:LeaderElection9] INFO  server.RaftServerConfigKeys (ConfUtils.java:logGet(43)) - raft.server.watch.timeout.denomination = 1s (default)
2019-08-23 09:58:25,275 [34ad912f-7383-45cc-9fa6-3ffcc2095e4d:group-8DA920169F18:LeaderElection9] INFO  server.RaftServerConfigKeys (ConfUtils.java:logGet(43)) - raft.server.watch.element-limit = 65536 (default)
2019-08-23 09:58:25,276 [34ad912f-7383-45cc-9fa6-3ffcc2095e4d:group-8DA920169F18:LeaderElection9] INFO  server.RaftServerConfigKeys (ConfUtils.java:logGet(43)) - raft.server.log.appender.snapshot.chunk.size.max = 16MB (=16777216) (default)
2019-08-23 09:58:25,276 [34ad912f-7383-45cc-9fa6-3ffcc2095e4d:group-8DA920169F18:LeaderElection9] INFO  server.RaftServerConfigKeys (ConfUtils.java:logGet(43)) - raft.server.log.appender.buffer.byte-limit = 33554432 (custom)
2019-08-23 09:58:25,276 [34ad912f-7383-45cc-9fa6-3ffcc2095e4d:group-8DA920169F18:LeaderElection9] INFO  server.RaftServerConfigKeys (ConfUtils.java:logGet(43)) - raft.server.log.appender.buffer.element-limit = 1 (custom)
2019-08-23 09:58:25,276 [34ad912f-7383-45cc-9fa6-3ffcc2095e4d:group-8DA920169F18:LeaderElection9] INFO  grpc.GrpcConfigKeys$Server (ConfUtils.java:logGet(43)) - raft.grpc.server.leader.outstanding.appends.max = 128 (default)
2019-08-23 09:58:25,277 [34ad912f-7383-45cc-9fa6-3ffcc2095e4d:group-8DA920169F18:LeaderElection9] INFO  server.RaftServerConfigKeys (ConfUtils.java:logGet(43)) - raft.server.rpc.request.timeout = 3000ms (default)
2019-08-23 09:58:25,286 [f6ea449c-e8f9-4f88-8115-d15823026628-SegmentedRaftLogWorker:Storage Directory /workdir/hadoop-ozone/integration-test/target/test-dir/MiniOzoneClusterImpl-4dc0e789-7321-4c00-9da5-33206f8d16b6/datanode-0/data/ratis/6917e62a-be5b-477c-9382-87326ecb8067] INFO  segmented.SegmentedRaftLogWorker (SegmentedRaftLogWorker.java:execute(569)) - f6ea449c-e8f9-4f88-8115-d15823026628-SegmentedRaftLogWorker:Storage Directory /workdir/hadoop-ozone/integration-test/target/test-dir/MiniOzoneClusterImpl-4dc0e789-7321-4c00-9da5-33206f8d16b6/datanode-0/data/ratis/6917e62a-be5b-477c-9382-87326ecb8067: created new log segment /workdir/hadoop-ozone/integration-test/target/test-dir/MiniOzoneClusterImpl-4dc0e789-7321-4c00-9da5-33206f8d16b6/datanode-0/data/ratis/6917e62a-be5b-477c-9382-87326ecb8067/current/log_inprogress_0
2019-08-23 09:58:25,286 [b0a33e40-d898-4e82-91f3-4e0ce9e6b5e2-SegmentedRaftLogWorker:Storage Directory /workdir/hadoop-ozone/integration-test/target/test-dir/MiniOzoneClusterImpl-4dc0e789-7321-4c00-9da5-33206f8d16b6/datanode-1/data/ratis/6917e62a-be5b-477c-9382-87326ecb8067] INFO  segmented.SegmentedRaftLogWorker (SegmentedRaftLogWorker.java:execute(569)) - b0a33e40-d898-4e82-91f3-4e0ce9e6b5e2-SegmentedRaftLogWorker:Storage Directory /workdir/hadoop-ozone/integration-test/target/test-dir/MiniOzoneClusterImpl-4dc0e789-7321-4c00-9da5-33206f8d16b6/datanode-1/data/ratis/6917e62a-be5b-477c-9382-87326ecb8067: created new log segment /workdir/hadoop-ozone/integration-test/target/test-dir/MiniOzoneClusterImpl-4dc0e789-7321-4c00-9da5-33206f8d16b6/datanode-1/data/ratis/6917e62a-be5b-477c-9382-87326ecb8067/current/log_inprogress_0
2019-08-23 09:58:25,286 [34ad912f-7383-45cc-9fa6-3ffcc2095e4d:group-8DA920169F18:LeaderElection9] INFO  server.RaftServerConfigKeys (ConfUtils.java:logGet(43)) - raft.server.log.appender.install.snapshot.enabled = false (custom)
2019-08-23 09:58:25,292 [34ad912f-7383-45cc-9fa6-3ffcc2095e4d:group-8DA920169F18:LeaderElection9] INFO  server.RaftServerConfigKeys (ConfUtils.java:logGet(43)) - raft.server.log.appender.snapshot.chunk.size.max = 16MB (=16777216) (default)
2019-08-23 09:58:25,292 [34ad912f-7383-45cc-9fa6-3ffcc2095e4d:group-8DA920169F18:LeaderElection9] INFO  server.RaftServerConfigKeys (ConfUtils.java:logGet(43)) - raft.server.log.appender.buffer.byte-limit = 33554432 (custom)
2019-08-23 09:58:25,292 [34ad912f-7383-45cc-9fa6-3ffcc2095e4d:group-8DA920169F18:LeaderElection9] INFO  server.RaftServerConfigKeys (ConfUtils.java:logGet(43)) - raft.server.log.appender.buffer.element-limit = 1 (custom)
2019-08-23 09:58:25,292 [34ad912f-7383-45cc-9fa6-3ffcc2095e4d:group-8DA920169F18:LeaderElection9] INFO  grpc.GrpcConfigKeys$Server (ConfUtils.java:logGet(43)) - raft.grpc.server.leader.outstanding.appends.max = 128 (default)
2019-08-23 09:58:25,293 [34ad912f-7383-45cc-9fa6-3ffcc2095e4d:group-8DA920169F18:LeaderElection9] INFO  server.RaftServerConfigKeys (ConfUtils.java:logGet(43)) - raft.server.rpc.request.timeout = 3000ms (default)
2019-08-23 09:58:25,293 [34ad912f-7383-45cc-9fa6-3ffcc2095e4d:group-8DA920169F18:LeaderElection9] INFO  server.RaftServerConfigKeys (ConfUtils.java:logGet(43)) - raft.server.log.appender.install.snapshot.enabled = false (custom)
2019-08-23 09:58:25,296 [34ad912f-7383-45cc-9fa6-3ffcc2095e4d:group-8DA920169F18:LeaderElection9] INFO  impl.RoleInfo (RoleInfo.java:updateAndGet(143)) - 34ad912f-7383-45cc-9fa6-3ffcc2095e4d: start LeaderState
2019-08-23 09:58:25,296 [34ad912f-7383-45cc-9fa6-3ffcc2095e4d:group-8DA920169F18:LeaderElection9] INFO  segmented.SegmentedRaftLogWorker (SegmentedRaftLogWorker.java:startLogSegment(380)) - 34ad912f-7383-45cc-9fa6-3ffcc2095e4d-SegmentedRaftLogWorker:Storage Directory /workdir/hadoop-ozone/integration-test/target/test-dir/MiniOzoneClusterImpl-4dc0e789-7321-4c00-9da5-33206f8d16b6/datanode-2/data/ratis/f19e1e2a-8702-4cca-9b36-8da920169f18: Starting segment from index:0
2019-08-23 09:58:25,297 [34ad912f-7383-45cc-9fa6-3ffcc2095e4d:group-8DA920169F18:LeaderElection9] INFO  impl.RaftServerImpl (ServerState.java:setRaftConf(361)) - 34ad912f-7383-45cc-9fa6-3ffcc2095e4d:group-8DA920169F18 set configuration 0: [2671c7a5-e82e-47d4-ac19-8fdd6a59c091:192.168.5.185:32897, 3b8e34bd-3e3f-4a27-8e2c-5775a50f870a:192.168.5.185:43177, 34ad912f-7383-45cc-9fa6-3ffcc2095e4d:192.168.5.185:33327], old=null at 0
2019-08-23 09:58:25,297 [grpc-default-executor-3] INFO  impl.RaftServerImpl (RaftServerImpl.java:requestVote(754)) - 34ad912f-7383-45cc-9fa6-3ffcc2095e4d-LEADER: Withhold vote from candidate 3b8e34bd-3e3f-4a27-8e2c-5775a50f870a with term 1. State: leader=34ad912f-7383-45cc-9fa6-3ffcc2095e4d, term=1, lastRpcElapsed=null
2019-08-23 09:58:25,330 [grpc-default-executor-3] INFO  impl.RaftServerImpl (ServerState.java:setLeader(263)) - 2671c7a5-e82e-47d4-ac19-8fdd6a59c091:group-8DA920169F18 change Leader from null to 34ad912f-7383-45cc-9fa6-3ffcc2095e4d at term 1 for appendEntries, leader elected after 5253ms
2019-08-23 09:58:25,330 [3b8e34bd-3e3f-4a27-8e2c-5775a50f870a:group-8DA920169F18:LeaderElection10] INFO  impl.LeaderElection (LeaderElection.java:logAndReturn(56)) - 3b8e34bd-3e3f-4a27-8e2c-5775a50f870a:group-8DA920169F18:LeaderElection10: Election REJECTED; received 2 response(s) [3b8e34bd-3e3f-4a27-8e2c-5775a50f870a<-2671c7a5-e82e-47d4-ac19-8fdd6a59c091#0:FAIL-t1, 3b8e34bd-3e3f-4a27-8e2c-5775a50f870a<-34ad912f-7383-45cc-9fa6-3ffcc2095e4d#0:FAIL-t1] and 0 exception(s); 3b8e34bd-3e3f-4a27-8e2c-5775a50f870a:t1, leader=null, voted=3b8e34bd-3e3f-4a27-8e2c-5775a50f870a, raftlog=3b8e34bd-3e3f-4a27-8e2c-5775a50f870a-SegmentedRaftLog:OPENED:c-1,f-1,i0, conf=-1: [2671c7a5-e82e-47d4-ac19-8fdd6a59c091:192.168.5.185:32897, 3b8e34bd-3e3f-4a27-8e2c-5775a50f870a:192.168.5.185:43177, 34ad912f-7383-45cc-9fa6-3ffcc2095e4d:192.168.5.185:33327], old=null
2019-08-23 09:58:25,330 [3b8e34bd-3e3f-4a27-8e2c-5775a50f870a:group-8DA920169F18:LeaderElection10] INFO  impl.RaftServerImpl (RaftServerImpl.java:setRole(171)) - 3b8e34bd-3e3f-4a27-8e2c-5775a50f870a:group-8DA920169F18 changes role from CANDIDATE to FOLLOWER at term 1 for DISCOVERED_A_NEW_TERM
2019-08-23 09:58:25,330 [3b8e34bd-3e3f-4a27-8e2c-5775a50f870a:group-8DA920169F18:LeaderElection10] INFO  impl.RoleInfo (RoleInfo.java:shutdownLeaderElection(134)) - 3b8e34bd-3e3f-4a27-8e2c-5775a50f870a: shutdown LeaderElection
2019-08-23 09:58:25,332 [3b8e34bd-3e3f-4a27-8e2c-5775a50f870a:group-8DA920169F18:LeaderElection10] INFO  impl.RoleInfo (RoleInfo.java:updateAndGet(143)) - 3b8e34bd-3e3f-4a27-8e2c-5775a50f870a: start FollowerState
2019-08-23 09:58:25,335 [grpc-default-executor-2] INFO  impl.RaftServerImpl (ServerState.java:setLeader(263)) - 3b8e34bd-3e3f-4a27-8e2c-5775a50f870a:group-8DA920169F18 change Leader from null to 34ad912f-7383-45cc-9fa6-3ffcc2095e4d at term 1 for appendEntries, leader elected after 5259ms
2019-08-23 09:58:25,337 [34ad912f-7383-45cc-9fa6-3ffcc2095e4d-SegmentedRaftLogWorker:Storage Directory /workdir/hadoop-ozone/integration-test/target/test-dir/MiniOzoneClusterImpl-4dc0e789-7321-4c00-9da5-33206f8d16b6/datanode-2/data/ratis/f19e1e2a-8702-4cca-9b36-8da920169f18] INFO  segmented.SegmentedRaftLogWorker (SegmentedRaftLogWorker.java:execute(569)) - 34ad912f-7383-45cc-9fa6-3ffcc2095e4d-SegmentedRaftLogWorker:Storage Directory /workdir/hadoop-ozone/integration-test/target/test-dir/MiniOzoneClusterImpl-4dc0e789-7321-4c00-9da5-33206f8d16b6/datanode-2/data/ratis/f19e1e2a-8702-4cca-9b36-8da920169f18: created new log segment /workdir/hadoop-ozone/integration-test/target/test-dir/MiniOzoneClusterImpl-4dc0e789-7321-4c00-9da5-33206f8d16b6/datanode-2/data/ratis/f19e1e2a-8702-4cca-9b36-8da920169f18/current/log_inprogress_0
2019-08-23 09:58:25,338 | INFO  | SCMAudit | user=jenkins1000 | ip=192.168.5.185 | op=SEND_HEARTBEAT {datanodeUUID=8ee8c18d-65cc-49bc-8d53-6d0b6e2387ef, command=[]} | ret=SUCCESS |  
2019-08-23 09:58:25,341 [grpc-default-executor-2] INFO  impl.RaftServerImpl (ServerState.java:setRaftConf(361)) - 2671c7a5-e82e-47d4-ac19-8fdd6a59c091:group-8DA920169F18 set configuration 0: [2671c7a5-e82e-47d4-ac19-8fdd6a59c091:192.168.5.185:32897, 3b8e34bd-3e3f-4a27-8e2c-5775a50f870a:192.168.5.185:43177, 34ad912f-7383-45cc-9fa6-3ffcc2095e4d:192.168.5.185:33327], old=null at 0
2019-08-23 09:58:25,341 [grpc-default-executor-2] INFO  segmented.SegmentedRaftLogWorker (SegmentedRaftLogWorker.java:startLogSegment(380)) - 2671c7a5-e82e-47d4-ac19-8fdd6a59c091-SegmentedRaftLogWorker:Storage Directory /workdir/hadoop-ozone/integration-test/target/test-dir/MiniOzoneClusterImpl-4dc0e789-7321-4c00-9da5-33206f8d16b6/datanode-6/data/ratis/f19e1e2a-8702-4cca-9b36-8da920169f18: Starting segment from index:0
2019-08-23 09:58:25,341 [grpc-default-executor-3] INFO  impl.RaftServerImpl (ServerState.java:setRaftConf(361)) - 3b8e34bd-3e3f-4a27-8e2c-5775a50f870a:group-8DA920169F18 set configuration 0: [2671c7a5-e82e-47d4-ac19-8fdd6a59c091:192.168.5.185:32897, 3b8e34bd-3e3f-4a27-8e2c-5775a50f870a:192.168.5.185:43177, 34ad912f-7383-45cc-9fa6-3ffcc2095e4d:192.168.5.185:33327], old=null at 0
2019-08-23 09:58:25,344 [grpc-default-executor-3] INFO  segmented.SegmentedRaftLogWorker (SegmentedRaftLogWorker.java:startLogSegment(380)) - 3b8e34bd-3e3f-4a27-8e2c-5775a50f870a-SegmentedRaftLogWorker:Storage Directory /workdir/hadoop-ozone/integration-test/target/test-dir/MiniOzoneClusterImpl-4dc0e789-7321-4c00-9da5-33206f8d16b6/datanode-4/data/ratis/f19e1e2a-8702-4cca-9b36-8da920169f18: Starting segment from index:0
2019-08-23 09:58:25,358 | INFO  | SCMAudit | user=jenkins1000 | ip=192.168.5.185 | op=SEND_HEARTBEAT {datanodeUUID=b0a33e40-d898-4e82-91f3-4e0ce9e6b5e2, command=[]} | ret=SUCCESS |  
2019-08-23 09:58:25,383 [2671c7a5-e82e-47d4-ac19-8fdd6a59c091-SegmentedRaftLogWorker:Storage Directory /workdir/hadoop-ozone/integration-test/target/test-dir/MiniOzoneClusterImpl-4dc0e789-7321-4c00-9da5-33206f8d16b6/datanode-6/data/ratis/f19e1e2a-8702-4cca-9b36-8da920169f18] INFO  segmented.SegmentedRaftLogWorker (SegmentedRaftLogWorker.java:execute(569)) - 2671c7a5-e82e-47d4-ac19-8fdd6a59c091-SegmentedRaftLogWorker:Storage Directory /workdir/hadoop-ozone/integration-test/target/test-dir/MiniOzoneClusterImpl-4dc0e789-7321-4c00-9da5-33206f8d16b6/datanode-6/data/ratis/f19e1e2a-8702-4cca-9b36-8da920169f18: created new log segment /workdir/hadoop-ozone/integration-test/target/test-dir/MiniOzoneClusterImpl-4dc0e789-7321-4c00-9da5-33206f8d16b6/datanode-6/data/ratis/f19e1e2a-8702-4cca-9b36-8da920169f18/current/log_inprogress_0
2019-08-23 09:58:25,383 [3b8e34bd-3e3f-4a27-8e2c-5775a50f870a-SegmentedRaftLogWorker:Storage Directory /workdir/hadoop-ozone/integration-test/target/test-dir/MiniOzoneClusterImpl-4dc0e789-7321-4c00-9da5-33206f8d16b6/datanode-4/data/ratis/f19e1e2a-8702-4cca-9b36-8da920169f18] INFO  segmented.SegmentedRaftLogWorker (SegmentedRaftLogWorker.java:execute(569)) - 3b8e34bd-3e3f-4a27-8e2c-5775a50f870a-SegmentedRaftLogWorker:Storage Directory /workdir/hadoop-ozone/integration-test/target/test-dir/MiniOzoneClusterImpl-4dc0e789-7321-4c00-9da5-33206f8d16b6/datanode-4/data/ratis/f19e1e2a-8702-4cca-9b36-8da920169f18: created new log segment /workdir/hadoop-ozone/integration-test/target/test-dir/MiniOzoneClusterImpl-4dc0e789-7321-4c00-9da5-33206f8d16b6/datanode-4/data/ratis/f19e1e2a-8702-4cca-9b36-8da920169f18/current/log_inprogress_0
2019-08-23 09:58:25,563 | INFO  | SCMAudit | user=jenkins1000 | ip=192.168.5.185 | op=SEND_HEARTBEAT {datanodeUUID=2671c7a5-e82e-47d4-ac19-8fdd6a59c091, command=[]} | ret=SUCCESS |  
2019-08-23 09:58:25,781 [grpc-default-executor-2] INFO  client.GrpcClientProtocolClient (GrpcClientProtocolClient.java:onNext(255)) - client-105A00A1A057->2671c7a5-e82e-47d4-ac19-8fdd6a59c091: receive RaftClientReply:client-105A00A1A057->2671c7a5-e82e-47d4-ac19-8fdd6a59c091@group-8DA920169F18, cid=13, FAILED org.apache.ratis.protocol.NotLeaderException: Server 2671c7a5-e82e-47d4-ac19-8fdd6a59c091 is not the leader (34ad912f-7383-45cc-9fa6-3ffcc2095e4d:192.168.5.185:33327). Request must be sent to leader., logIndex=0, commits[2671c7a5-e82e-47d4-ac19-8fdd6a59c091:c-1, 3b8e34bd-3e3f-4a27-8e2c-5775a50f870a:c-1, 34ad912f-7383-45cc-9fa6-3ffcc2095e4d:c-1]
2019-08-23 09:58:25,850 | INFO  | SCMAudit | user=jenkins1000 | ip=192.168.5.185 | op=SEND_HEARTBEAT {datanodeUUID=34ad912f-7383-45cc-9fa6-3ffcc2095e4d, command=[]} | ret=SUCCESS |  
2019-08-23 09:58:25,850 | INFO  | SCMAudit | user=jenkins1000 | ip=192.168.5.185 | op=SEND_HEARTBEAT {datanodeUUID=b10ad05f-5e91-449e-8dbf-0e715902412d, command=[]} | ret=SUCCESS |  
2019-08-23 09:58:25,994 | INFO  | SCMAudit | user=jenkins1000 | ip=192.168.5.185 | op=SEND_HEARTBEAT {datanodeUUID=34ad912f-7383-45cc-9fa6-3ffcc2095e4d, command=[]} | ret=SUCCESS |  
2019-08-23 09:58:26,009 | INFO  | DNAudit | user=null | ip=null | op=WRITE_CHUNK {blockData=conID: 1 locID: 102665702633635841 bcsId: 0} | ret=SUCCESS |  
2019-08-23 09:58:26,013 | INFO  | SCMAudit | user=jenkins1000 | ip=192.168.5.185 | op=SEND_HEARTBEAT {datanodeUUID=3b8e34bd-3e3f-4a27-8e2c-5775a50f870a, command=[]} | ret=SUCCESS |  
2019-08-23 09:58:26,077 | INFO  | DNAudit | user=null | ip=null | op=WRITE_CHUNK {blockData=conID: 1 locID: 102665702633635841 bcsId: 0} | ret=SUCCESS |  
2019-08-23 09:58:26,077 | INFO  | DNAudit | user=null | ip=null | op=WRITE_CHUNK {blockData=conID: 1 locID: 102665702633635841 bcsId: 0} | ret=SUCCESS |  
2019-08-23 09:58:26,078 | INFO  | SCMAudit | user=jenkins1000 | ip=192.168.5.185 | op=SEND_HEARTBEAT {datanodeUUID=2671c7a5-e82e-47d4-ac19-8fdd6a59c091, command=[]} | ret=SUCCESS |  
2019-08-23 09:58:26,078 | INFO  | SCMAudit | user=jenkins1000 | ip=192.168.5.185 | op=SEND_HEARTBEAT {datanodeUUID=3b8e34bd-3e3f-4a27-8e2c-5775a50f870a, command=[]} | ret=SUCCESS |  
2019-08-23 09:58:26,095 | INFO  | DNAudit | user=null | ip=null | op=WRITE_CHUNK {blockData=conID: 1 locID: 102665702633635841 bcsId: 0} | ret=SUCCESS |  
2019-08-23 09:58:26,113 | INFO  | DNAudit | user=null | ip=null | op=WRITE_CHUNK {blockData=conID: 1 locID: 102665702633635841 bcsId: 0} | ret=SUCCESS |  
2019-08-23 09:58:26,116 | INFO  | DNAudit | user=null | ip=null | op=WRITE_CHUNK {blockData=conID: 1 locID: 102665702633635841 bcsId: 0} | ret=SUCCESS |  
2019-08-23 09:58:26,116 [grpc-default-executor-3] INFO  client.GrpcClientProtocolClient (GrpcClientProtocolClient.java:onNext(255)) - client-105A00A1A057->34ad912f-7383-45cc-9fa6-3ffcc2095e4d: receive RaftClientReply:client-105A00A1A057->34ad912f-7383-45cc-9fa6-3ffcc2095e4d@group-8DA920169F18, cid=13, SUCCESS, logIndex=1, commits[34ad912f-7383-45cc-9fa6-3ffcc2095e4d:c1, 2671c7a5-e82e-47d4-ac19-8fdd6a59c091:c0, 3b8e34bd-3e3f-4a27-8e2c-5775a50f870a:c0]
2019-08-23 09:58:26,118 | INFO  | SCMAudit | user=jenkins1000 | ip=192.168.5.185 | op=SEND_HEARTBEAT {datanodeUUID=f6ea449c-e8f9-4f88-8115-d15823026628, command=[]} | ret=SUCCESS |  
2019-08-23 09:58:26,134 | INFO  | DNAudit | user=null | ip=null | op=WRITE_CHUNK {blockData=conID: 1 locID: 102665702633635841 bcsId: 0} | ret=SUCCESS |  
2019-08-23 09:58:26,137 | INFO  | DNAudit | user=null | ip=null | op=WRITE_CHUNK {blockData=conID: 1 locID: 102665702633635841 bcsId: 0} | ret=SUCCESS |  
2019-08-23 09:58:26,137 | INFO  | DNAudit | user=null | ip=null | op=WRITE_CHUNK {blockData=conID: 1 locID: 102665702633635841 bcsId: 0} | ret=SUCCESS |  
2019-08-23 09:58:26,145 | INFO  | DNAudit | user=null | ip=null | op=WRITE_CHUNK {blockData=conID: 1 locID: 102665702633635841 bcsId: 0} | ret=SUCCESS |  
2019-08-23 09:58:26,146 | INFO  | DNAudit | user=null | ip=null | op=WRITE_CHUNK {blockData=conID: 1 locID: 102665702633635841 bcsId: 0} | ret=SUCCESS |  
2019-08-23 09:58:26,149 | INFO  | DNAudit | user=null | ip=null | op=WRITE_CHUNK {blockData=conID: 1 locID: 102665702633635841 bcsId: 0} | ret=SUCCESS |  
2019-08-23 09:58:26,149 | INFO  | DNAudit | user=null | ip=null | op=WRITE_CHUNK {blockData=conID: 1 locID: 102665702633635841 bcsId: 0} | ret=SUCCESS |  
2019-08-23 09:58:26,152 | INFO  | DNAudit | user=null | ip=null | op=WRITE_CHUNK {blockData=conID: 1 locID: 102665702633635841 bcsId: 0} | ret=SUCCESS |  
2019-08-23 09:58:26,152 | INFO  | DNAudit | user=null | ip=null | op=WRITE_CHUNK {blockData=conID: 1 locID: 102665702633635841 bcsId: 0} | ret=SUCCESS |  
2019-08-23 09:58:26,153 | INFO  | DNAudit | user=null | ip=null | op=WRITE_CHUNK {blockData=conID: 1 locID: 102665702633635841 bcsId: 0} | ret=SUCCESS |  
2019-08-23 09:58:26,159 [grpc-default-executor-3] INFO  client.GrpcClientProtocolClient (GrpcClientProtocolClient.java:onNext(255)) - client-105A00A1A057->34ad912f-7383-45cc-9fa6-3ffcc2095e4d: receive RaftClientReply:client-105A00A1A057->34ad912f-7383-45cc-9fa6-3ffcc2095e4d@group-8DA920169F18, cid=14, SUCCESS, logIndex=3, commits[34ad912f-7383-45cc-9fa6-3ffcc2095e4d:c3, 2671c7a5-e82e-47d4-ac19-8fdd6a59c091:c2, 3b8e34bd-3e3f-4a27-8e2c-5775a50f870a:c2]
2019-08-23 09:58:26,165 | INFO  | DNAudit | user=null | ip=null | op=WRITE_CHUNK {blockData=conID: 1 locID: 102665702633635841 bcsId: 0} | ret=SUCCESS |  
2019-08-23 09:58:26,166 | INFO  | DNAudit | user=null | ip=null | op=WRITE_CHUNK {blockData=conID: 1 locID: 102665702633635841 bcsId: 0} | ret=SUCCESS |  
2019-08-23 09:58:26,258 | INFO  | DNAudit | user=null | ip=null | op=PUT_BLOCK {blockData=[blockId=conID: 1 locID: 102665702633635841 bcsId: 0,size=200]} | ret=SUCCESS |  
2019-08-23 09:58:26,261 | INFO  | DNAudit | user=null | ip=null | op=WRITE_CHUNK {blockData=conID: 1 locID: 102665702633635841 bcsId: 0} | ret=SUCCESS |  
2019-08-23 09:58:26,262 [grpc-default-executor-2] INFO  client.GrpcClientProtocolClient (GrpcClientProtocolClient.java:onNext(255)) - client-105A00A1A057->34ad912f-7383-45cc-9fa6-3ffcc2095e4d: receive RaftClientReply:client-105A00A1A057->34ad912f-7383-45cc-9fa6-3ffcc2095e4d@group-8DA920169F18, cid=15, SUCCESS, logIndex=4, commits[34ad912f-7383-45cc-9fa6-3ffcc2095e4d:c12, 2671c7a5-e82e-47d4-ac19-8fdd6a59c091:c7, 3b8e34bd-3e3f-4a27-8e2c-5775a50f870a:c7]
2019-08-23 09:58:26,266 | INFO  | DNAudit | user=null | ip=null | op=WRITE_CHUNK {blockData=conID: 1 locID: 102665702633635841 bcsId: 0} | ret=SUCCESS |  
2019-08-23 09:58:26,266 [grpc-default-executor-2] INFO  client.GrpcClientProtocolClient (GrpcClientProtocolClient.java:onNext(255)) - client-105A00A1A057->34ad912f-7383-45cc-9fa6-3ffcc2095e4d: receive RaftClientReply:client-105A00A1A057->34ad912f-7383-45cc-9fa6-3ffcc2095e4d@group-8DA920169F18, cid=16, SUCCESS, logIndex=5, commits[34ad912f-7383-45cc-9fa6-3ffcc2095e4d:c12, 2671c7a5-e82e-47d4-ac19-8fdd6a59c091:c7, 3b8e34bd-3e3f-4a27-8e2c-5775a50f870a:c7]
2019-08-23 09:58:26,267 [grpc-default-executor-2] INFO  client.GrpcClientProtocolClient (GrpcClientProtocolClient.java:onNext(255)) - client-105A00A1A057->34ad912f-7383-45cc-9fa6-3ffcc2095e4d: receive RaftClientReply:client-105A00A1A057->34ad912f-7383-45cc-9fa6-3ffcc2095e4d@group-8DA920169F18, cid=17, SUCCESS, logIndex=6, commits[34ad912f-7383-45cc-9fa6-3ffcc2095e4d:c12, 2671c7a5-e82e-47d4-ac19-8fdd6a59c091:c7, 3b8e34bd-3e3f-4a27-8e2c-5775a50f870a:c7]
2019-08-23 09:58:26,310 | INFO  | DNAudit | user=null | ip=null | op=PUT_BLOCK {blockData=[blockId=conID: 1 locID: 102665702633635841 bcsId: 0,size=200]} | ret=SUCCESS |  
2019-08-23 09:58:26,311 | INFO  | DNAudit | user=null | ip=null | op=WRITE_CHUNK {blockData=conID: 1 locID: 102665702633635841 bcsId: 0} | ret=SUCCESS |  
2019-08-23 09:58:26,312 | INFO  | DNAudit | user=null | ip=null | op=WRITE_CHUNK {blockData=conID: 1 locID: 102665702633635841 bcsId: 0} | ret=SUCCESS |  
2019-08-23 09:58:26,333 | INFO  | SCMAudit | user=jenkins1000 | ip=192.168.5.185 | op=SEND_HEARTBEAT {datanodeUUID=8ee8c18d-65cc-49bc-8d53-6d0b6e2387ef, command=[]} | ret=SUCCESS |  
2019-08-23 09:58:26,358 | INFO  | SCMAudit | user=jenkins1000 | ip=192.168.5.185 | op=SEND_HEARTBEAT {datanodeUUID=b0a33e40-d898-4e82-91f3-4e0ce9e6b5e2, command=[]} | ret=SUCCESS |  
2019-08-23 09:58:26,366 | INFO  | DNAudit | user=null | ip=null | op=PUT_BLOCK {blockData=[blockId=conID: 1 locID: 102665702633635841 bcsId: 0,size=400]} | ret=SUCCESS |  
2019-08-23 09:58:26,366 | INFO  | DNAudit | user=null | ip=null | op=PUT_BLOCK {blockData=[blockId=conID: 1 locID: 102665702633635841 bcsId: 0,size=400]} | ret=SUCCESS |  
2019-08-23 09:58:26,368 | INFO  | DNAudit | user=null | ip=null | op=PUT_BLOCK {blockData=[blockId=conID: 1 locID: 102665702633635841 bcsId: 0,size=200]} | ret=SUCCESS |  
2019-08-23 09:58:26,369 | INFO  | DNAudit | user=null | ip=null | op=WRITE_CHUNK {blockData=conID: 1 locID: 102665702633635841 bcsId: 0} | ret=SUCCESS |  
2019-08-23 09:58:26,369 | INFO  | DNAudit | user=null | ip=null | op=WRITE_CHUNK {blockData=conID: 1 locID: 102665702633635841 bcsId: 0} | ret=SUCCESS |  
2019-08-23 09:58:26,372 | INFO  | DNAudit | user=null | ip=null | op=PUT_BLOCK {blockData=[blockId=conID: 1 locID: 102665702633635841 bcsId: 0,size=400]} | ret=SUCCESS |  
2019-08-23 09:58:26,372 [grpc-default-executor-2] INFO  client.GrpcClientProtocolClient (GrpcClientProtocolClient.java:onNext(255)) - client-105A00A1A057->34ad912f-7383-45cc-9fa6-3ffcc2095e4d: receive RaftClientReply:client-105A00A1A057->34ad912f-7383-45cc-9fa6-3ffcc2095e4d@group-8DA920169F18, cid=18, SUCCESS, logIndex=7, commits[34ad912f-7383-45cc-9fa6-3ffcc2095e4d:c12, 2671c7a5-e82e-47d4-ac19-8fdd6a59c091:c7, 3b8e34bd-3e3f-4a27-8e2c-5775a50f870a:c7]
2019-08-23 09:58:26,389 | INFO  | DNAudit | user=null | ip=null | op=WRITE_CHUNK {blockData=conID: 1 locID: 102665702633635841 bcsId: 7} | ret=SUCCESS |  
2019-08-23 09:58:26,391 | INFO  | DNAudit | user=null | ip=null | op=WRITE_CHUNK {blockData=conID: 1 locID: 102665702633635841 bcsId: 7} | ret=SUCCESS |  
2019-08-23 09:58:26,392 | INFO  | DNAudit | user=null | ip=null | op=WRITE_CHUNK {blockData=conID: 1 locID: 102665702633635841 bcsId: 7} | ret=SUCCESS |  
2019-08-23 09:58:26,406 | INFO  | DNAudit | user=null | ip=null | op=WRITE_CHUNK {blockData=conID: 1 locID: 102665702633635841 bcsId: 7} | ret=SUCCESS |  
2019-08-23 09:58:26,408 [grpc-default-executor-3] INFO  client.GrpcClientProtocolClient (GrpcClientProtocolClient.java:onNext(255)) - client-105A00A1A057->34ad912f-7383-45cc-9fa6-3ffcc2095e4d: receive RaftClientReply:client-105A00A1A057->34ad912f-7383-45cc-9fa6-3ffcc2095e4d@group-8DA920169F18, cid=19, SUCCESS, logIndex=13, commits[34ad912f-7383-45cc-9fa6-3ffcc2095e4d:c13, 2671c7a5-e82e-47d4-ac19-8fdd6a59c091:c12, 3b8e34bd-3e3f-4a27-8e2c-5775a50f870a:c12]
2019-08-23 09:58:26,418 | INFO  | DNAudit | user=null | ip=null | op=PUT_BLOCK {blockData=[blockId=conID: 1 locID: 102665702633635841 bcsId: 0,size=450]} | ret=SUCCESS |  
2019-08-23 09:58:26,419 | INFO  | DNAudit | user=null | ip=null | op=WRITE_CHUNK {blockData=conID: 1 locID: 102665702633635841 bcsId: 7} | ret=SUCCESS |  
2019-08-23 09:58:26,419 | INFO  | DNAudit | user=null | ip=null | op=WRITE_CHUNK {blockData=conID: 1 locID: 102665702633635841 bcsId: 7} | ret=SUCCESS |  
2019-08-23 09:58:26,420 [grpc-default-executor-3] INFO  client.GrpcClientProtocolClient (GrpcClientProtocolClient.java:onNext(255)) - client-105A00A1A057->34ad912f-7383-45cc-9fa6-3ffcc2095e4d: receive RaftClientReply:client-105A00A1A057->34ad912f-7383-45cc-9fa6-3ffcc2095e4d@group-8DA920169F18, cid=20, SUCCESS, logIndex=14, commits[34ad912f-7383-45cc-9fa6-3ffcc2095e4d:c14, 2671c7a5-e82e-47d4-ac19-8fdd6a59c091:c12, 3b8e34bd-3e3f-4a27-8e2c-5775a50f870a:c12]
2019-08-23 09:58:26,851 | INFO  | SCMAudit | user=jenkins1000 | ip=192.168.5.185 | op=SEND_HEARTBEAT {datanodeUUID=b10ad05f-5e91-449e-8dbf-0e715902412d, command=[]} | ret=SUCCESS |  
2019-08-23 09:58:26,976 | INFO  | SCMAudit | user=jenkins1000 | ip=192.168.5.185 | op=SEND_HEARTBEAT {datanodeUUID=34ad912f-7383-45cc-9fa6-3ffcc2095e4d, command=[]} | ret=SUCCESS |  
2019-08-23 09:58:27,075 | INFO  | SCMAudit | user=jenkins1000 | ip=192.168.5.185 | op=SEND_HEARTBEAT {datanodeUUID=3b8e34bd-3e3f-4a27-8e2c-5775a50f870a, command=[]} | ret=SUCCESS |  
2019-08-23 09:58:27,076 | INFO  | SCMAudit | user=jenkins1000 | ip=192.168.5.185 | op=SEND_HEARTBEAT {datanodeUUID=2671c7a5-e82e-47d4-ac19-8fdd6a59c091, command=[]} | ret=SUCCESS |  
2019-08-23 09:58:27,113 | INFO  | SCMAudit | user=jenkins1000 | ip=192.168.5.185 | op=SEND_HEARTBEAT {datanodeUUID=f6ea449c-e8f9-4f88-8115-d15823026628, command=[]} | ret=SUCCESS |  
2019-08-23 09:58:27,334 | INFO  | SCMAudit | user=jenkins1000 | ip=192.168.5.185 | op=SEND_HEARTBEAT {datanodeUUID=8ee8c18d-65cc-49bc-8d53-6d0b6e2387ef, command=[]} | ret=SUCCESS |  
2019-08-23 09:58:27,358 | INFO  | SCMAudit | user=jenkins1000 | ip=192.168.5.185 | op=SEND_HEARTBEAT {datanodeUUID=b0a33e40-d898-4e82-91f3-4e0ce9e6b5e2, command=[]} | ret=SUCCESS |  
2019-08-23 09:58:27,437 [main] WARN  scm.XceiverClientRatis (XceiverClientRatis.java:watchForCommit(262)) - 3 way commit failed on pipeline Pipeline[ Id: f19e1e2a-8702-4cca-9b36-8da920169f18, Nodes: 2671c7a5-e82e-47d4-ac19-8fdd6a59c091{ip: 192.168.5.185, host: pr-hdds-1094-w8cgz-2737508714, networkLocation: /default-rack, certSerialId: null}34ad912f-7383-45cc-9fa6-3ffcc2095e4d{ip: 192.168.5.185, host: pr-hdds-1094-w8cgz-2737508714, networkLocation: /default-rack, certSerialId: null}3b8e34bd-3e3f-4a27-8e2c-5775a50f870a{ip: 192.168.5.185, host: pr-hdds-1094-w8cgz-2737508714, networkLocation: /default-rack, certSerialId: null}, Type:RATIS, Factor:THREE, State:OPEN]
java.util.concurrent.TimeoutException
	at java.util.concurrent.CompletableFuture.timedGet(CompletableFuture.java:1771)
	at java.util.concurrent.CompletableFuture.get(CompletableFuture.java:1915)
	at org.apache.hadoop.hdds.scm.XceiverClientRatis.watchForCommit(XceiverClientRatis.java:259)
	at org.apache.hadoop.hdds.scm.storage.CommitWatcher.watchForCommit(CommitWatcher.java:194)
	at org.apache.hadoop.hdds.scm.storage.CommitWatcher.watchOnLastIndex(CommitWatcher.java:157)
	at org.apache.hadoop.hdds.scm.storage.BlockOutputStream.watchForCommit(BlockOutputStream.java:347)
	at org.apache.hadoop.hdds.scm.storage.BlockOutputStream.handleFlush(BlockOutputStream.java:479)
	at org.apache.hadoop.hdds.scm.storage.BlockOutputStream.flush(BlockOutputStream.java:428)
	at org.apache.hadoop.ozone.client.io.BlockOutputStreamEntry.flush(BlockOutputStreamEntry.java:136)
	at org.apache.hadoop.ozone.client.io.KeyOutputStream.handleFlushOrClose(KeyOutputStream.java:442)
	at org.apache.hadoop.ozone.client.io.KeyOutputStream.flush(KeyOutputStream.java:396)
	at org.apache.hadoop.ozone.client.io.OzoneOutputStream.flush(OzoneOutputStream.java:54)
	at org.apache.hadoop.ozone.client.rpc.TestBlockOutputStreamWithFailures.test2DatanodesFailure(TestBlockOutputStreamWithFailures.java:461)
	at sun.reflect.NativeMethodAccessorImpl.invoke0(Native Method)
	at sun.reflect.NativeMethodAccessorImpl.invoke(NativeMethodAccessorImpl.java:62)
	at sun.reflect.DelegatingMethodAccessorImpl.invoke(DelegatingMethodAccessorImpl.java:43)
	at java.lang.reflect.Method.invoke(Method.java:498)
	at org.junit.runners.model.FrameworkMethod$1.runReflectiveCall(FrameworkMethod.java:47)
	at org.junit.internal.runners.model.ReflectiveCallable.run(ReflectiveCallable.java:12)
	at org.junit.runners.model.FrameworkMethod.invokeExplosively(FrameworkMethod.java:44)
	at org.junit.internal.runners.statements.InvokeMethod.evaluate(InvokeMethod.java:17)
	at org.junit.internal.runners.statements.RunBefores.evaluate(RunBefores.java:26)
	at org.junit.internal.runners.statements.RunAfters.evaluate(RunAfters.java:27)
	at org.junit.runners.ParentRunner.runLeaf(ParentRunner.java:271)
	at org.junit.runners.BlockJUnit4ClassRunner.runChild(BlockJUnit4ClassRunner.java:70)
	at org.junit.runners.BlockJUnit4ClassRunner.runChild(BlockJUnit4ClassRunner.java:50)
	at org.junit.runners.ParentRunner$3.run(ParentRunner.java:238)
	at org.junit.runners.ParentRunner$1.schedule(ParentRunner.java:63)
	at org.junit.runners.ParentRunner.runChildren(ParentRunner.java:236)
	at org.junit.runners.ParentRunner.access$000(ParentRunner.java:53)
	at org.junit.runners.ParentRunner$2.evaluate(ParentRunner.java:229)
	at org.junit.runners.ParentRunner.run(ParentRunner.java:309)
	at org.apache.maven.surefire.junit4.JUnit4Provider.execute(JUnit4Provider.java:365)
	at org.apache.maven.surefire.junit4.JUnit4Provider.executeWithRerun(JUnit4Provider.java:273)
	at org.apache.maven.surefire.junit4.JUnit4Provider.executeTestSet(JUnit4Provider.java:238)
	at org.apache.maven.surefire.junit4.JUnit4Provider.invoke(JUnit4Provider.java:159)
	at org.apache.maven.surefire.booter.ForkedBooter.invokeProviderInSameClassLoader(ForkedBooter.java:384)
	at org.apache.maven.surefire.booter.ForkedBooter.runSuitesInProcess(ForkedBooter.java:345)
	at org.apache.maven.surefire.booter.ForkedBooter.execute(ForkedBooter.java:126)
	at org.apache.maven.surefire.booter.ForkedBooter.main(ForkedBooter.java:418)
2019-08-23 09:58:27,851 | INFO  | SCMAudit | user=jenkins1000 | ip=192.168.5.185 | op=SEND_HEARTBEAT {datanodeUUID=b10ad05f-5e91-449e-8dbf-0e715902412d, command=[]} | ret=SUCCESS |  
2019-08-23 09:58:27,976 | INFO  | SCMAudit | user=jenkins1000 | ip=192.168.5.185 | op=SEND_HEARTBEAT {datanodeUUID=34ad912f-7383-45cc-9fa6-3ffcc2095e4d, command=[]} | ret=SUCCESS |  
2019-08-23 09:58:28,076 | INFO  | SCMAudit | user=jenkins1000 | ip=192.168.5.185 | op=SEND_HEARTBEAT {datanodeUUID=2671c7a5-e82e-47d4-ac19-8fdd6a59c091, command=[]} | ret=SUCCESS |  
2019-08-23 09:58:28,076 | INFO  | SCMAudit | user=jenkins1000 | ip=192.168.5.185 | op=SEND_HEARTBEAT {datanodeUUID=3b8e34bd-3e3f-4a27-8e2c-5775a50f870a, command=[]} | ret=SUCCESS |  
2019-08-23 09:58:28,114 | INFO  | SCMAudit | user=jenkins1000 | ip=192.168.5.185 | op=SEND_HEARTBEAT {datanodeUUID=f6ea449c-e8f9-4f88-8115-d15823026628, command=[]} | ret=SUCCESS |  
2019-08-23 09:58:28,334 | INFO  | SCMAudit | user=jenkins1000 | ip=192.168.5.185 | op=SEND_HEARTBEAT {datanodeUUID=8ee8c18d-65cc-49bc-8d53-6d0b6e2387ef, command=[]} | ret=SUCCESS |  
2019-08-23 09:58:28,358 | INFO  | SCMAudit | user=jenkins1000 | ip=192.168.5.185 | op=SEND_HEARTBEAT {datanodeUUID=b0a33e40-d898-4e82-91f3-4e0ce9e6b5e2, command=[]} | ret=SUCCESS |  
2019-08-23 09:58:28,441 [main] WARN  storage.CommitWatcher (CommitWatcher.java:watchForCommit(203)) - watchForCommit failed for index 14
java.util.concurrent.TimeoutException
	at java.util.concurrent.CompletableFuture.timedGet(CompletableFuture.java:1771)
	at java.util.concurrent.CompletableFuture.get(CompletableFuture.java:1915)
	at org.apache.hadoop.hdds.scm.XceiverClientRatis.watchForCommit(XceiverClientRatis.java:268)
	at org.apache.hadoop.hdds.scm.storage.CommitWatcher.watchForCommit(CommitWatcher.java:194)
	at org.apache.hadoop.hdds.scm.storage.CommitWatcher.watchOnLastIndex(CommitWatcher.java:157)
	at org.apache.hadoop.hdds.scm.storage.BlockOutputStream.watchForCommit(BlockOutputStream.java:347)
	at org.apache.hadoop.hdds.scm.storage.BlockOutputStream.handleFlush(BlockOutputStream.java:479)
	at org.apache.hadoop.hdds.scm.storage.BlockOutputStream.flush(BlockOutputStream.java:428)
	at org.apache.hadoop.ozone.client.io.BlockOutputStreamEntry.flush(BlockOutputStreamEntry.java:136)
	at org.apache.hadoop.ozone.client.io.KeyOutputStream.handleFlushOrClose(KeyOutputStream.java:442)
	at org.apache.hadoop.ozone.client.io.KeyOutputStream.flush(KeyOutputStream.java:396)
	at org.apache.hadoop.ozone.client.io.OzoneOutputStream.flush(OzoneOutputStream.java:54)
	at org.apache.hadoop.ozone.client.rpc.TestBlockOutputStreamWithFailures.test2DatanodesFailure(TestBlockOutputStreamWithFailures.java:461)
	at sun.reflect.NativeMethodAccessorImpl.invoke0(Native Method)
	at sun.reflect.NativeMethodAccessorImpl.invoke(NativeMethodAccessorImpl.java:62)
	at sun.reflect.DelegatingMethodAccessorImpl.invoke(DelegatingMethodAccessorImpl.java:43)
	at java.lang.reflect.Method.invoke(Method.java:498)
	at org.junit.runners.model.FrameworkMethod$1.runReflectiveCall(FrameworkMethod.java:47)
	at org.junit.internal.runners.model.ReflectiveCallable.run(ReflectiveCallable.java:12)
	at org.junit.runners.model.FrameworkMethod.invokeExplosively(FrameworkMethod.java:44)
	at org.junit.internal.runners.statements.InvokeMethod.evaluate(InvokeMethod.java:17)
	at org.junit.internal.runners.statements.RunBefores.evaluate(RunBefores.java:26)
	at org.junit.internal.runners.statements.RunAfters.evaluate(RunAfters.java:27)
	at org.junit.runners.ParentRunner.runLeaf(ParentRunner.java:271)
	at org.junit.runners.BlockJUnit4ClassRunner.runChild(BlockJUnit4ClassRunner.java:70)
	at org.junit.runners.BlockJUnit4ClassRunner.runChild(BlockJUnit4ClassRunner.java:50)
	at org.junit.runners.ParentRunner$3.run(ParentRunner.java:238)
	at org.junit.runners.ParentRunner$1.schedule(ParentRunner.java:63)
	at org.junit.runners.ParentRunner.runChildren(ParentRunner.java:236)
	at org.junit.runners.ParentRunner.access$000(ParentRunner.java:53)
	at org.junit.runners.ParentRunner$2.evaluate(ParentRunner.java:229)
	at org.junit.runners.ParentRunner.run(ParentRunner.java:309)
	at org.apache.maven.surefire.junit4.JUnit4Provider.execute(JUnit4Provider.java:365)
	at org.apache.maven.surefire.junit4.JUnit4Provider.executeWithRerun(JUnit4Provider.java:273)
	at org.apache.maven.surefire.junit4.JUnit4Provider.executeTestSet(JUnit4Provider.java:238)
	at org.apache.maven.surefire.junit4.JUnit4Provider.invoke(JUnit4Provider.java:159)
	at org.apache.maven.surefire.booter.ForkedBooter.invokeProviderInSameClassLoader(ForkedBooter.java:384)
	at org.apache.maven.surefire.booter.ForkedBooter.runSuitesInProcess(ForkedBooter.java:345)
	at org.apache.maven.surefire.booter.ForkedBooter.execute(ForkedBooter.java:126)
	at org.apache.maven.surefire.booter.ForkedBooter.main(ForkedBooter.java:418)
2019-08-23 09:58:28,444 [main] WARN  io.KeyOutputStream (KeyOutputStream.java:handleException(276)) - Encountered exception java.io.IOException: Unexpected Storage Container Exception: java.io.IOException: Unexpected Storage Container Exception: java.util.concurrent.TimeoutException on the pipeline Pipeline[ Id: f19e1e2a-8702-4cca-9b36-8da920169f18, Nodes: 2671c7a5-e82e-47d4-ac19-8fdd6a59c091{ip: 192.168.5.185, host: pr-hdds-1094-w8cgz-2737508714, networkLocation: /default-rack, certSerialId: null}34ad912f-7383-45cc-9fa6-3ffcc2095e4d{ip: 192.168.5.185, host: pr-hdds-1094-w8cgz-2737508714, networkLocation: /default-rack, certSerialId: null}3b8e34bd-3e3f-4a27-8e2c-5775a50f870a{ip: 192.168.5.185, host: pr-hdds-1094-w8cgz-2737508714, networkLocation: /default-rack, certSerialId: null}, Type:RATIS, Factor:THREE, State:OPEN]. The last committed block length is 400, uncommitted data length is 50 retry count 0
2019-08-23 09:58:28,460 | INFO  | SCMAudit | user=jenkins1000 | ip=192.168.5.185 | op=ALLOCATE_BLOCK {owner=94d45491-68e8-49af-a0fd-54097dca2d9e, size=800, type=RATIS, factor=THREE} | ret=SUCCESS |  
2019-08-23 09:58:28,462 | INFO  | OMAudit | user=jenkins1000 | ip=127.0.0.1 | op=ALLOCATE_BLOCK {volume=testblockoutputstream, bucket=testblockoutputstream, key=b2543276-3524-409c-b0ee-f781fec1a510, dataSize=0, replicationType=null, replicationFactor=null, keyLocationInfo=null, clientID=102665702631276544} | ret=SUCCESS |  
2019-08-23 09:58:28,480 [grpc-default-executor-3] INFO  client.GrpcClientProtocolClient (GrpcClientProtocolClient.java:onNext(255)) - client-45D511AD1FF5->f6ea449c-e8f9-4f88-8115-d15823026628: receive RaftClientReply:client-45D511AD1FF5->f6ea449c-e8f9-4f88-8115-d15823026628@group-87326ECB8067, cid=23, FAILED org.apache.ratis.protocol.NotLeaderException: Server f6ea449c-e8f9-4f88-8115-d15823026628 is not the leader (8ee8c18d-65cc-49bc-8d53-6d0b6e2387ef:192.168.5.185:38132). Request must be sent to leader., logIndex=0, commits[f6ea449c-e8f9-4f88-8115-d15823026628:c0, b0a33e40-d898-4e82-91f3-4e0ce9e6b5e2:c0, 8ee8c18d-65cc-49bc-8d53-6d0b6e2387ef:c0]
2019-08-23 09:58:28,667 | INFO  | DNAudit | user=null | ip=null | op=WRITE_CHUNK {blockData=conID: 2 locID: 102665703159234562 bcsId: 0} | ret=SUCCESS |  
2019-08-23 09:58:28,669 | INFO  | DNAudit | user=null | ip=null | op=WRITE_CHUNK {blockData=conID: 2 locID: 102665703159234562 bcsId: 0} | ret=SUCCESS |  
2019-08-23 09:58:28,669 | INFO  | DNAudit | user=null | ip=null | op=WRITE_CHUNK {blockData=conID: 2 locID: 102665703159234562 bcsId: 0} | ret=SUCCESS |  
2019-08-23 09:58:28,669 | INFO  | SCMAudit | user=jenkins1000 | ip=192.168.5.185 | op=SEND_HEARTBEAT {datanodeUUID=8ee8c18d-65cc-49bc-8d53-6d0b6e2387ef, command=[]} | ret=SUCCESS |  
2019-08-23 09:58:28,670 | INFO  | SCMAudit | user=jenkins1000 | ip=192.168.5.185 | op=SEND_HEARTBEAT {datanodeUUID=b0a33e40-d898-4e82-91f3-4e0ce9e6b5e2, command=[]} | ret=SUCCESS |  
2019-08-23 09:58:28,670 | INFO  | SCMAudit | user=jenkins1000 | ip=192.168.5.185 | op=SEND_HEARTBEAT {datanodeUUID=f6ea449c-e8f9-4f88-8115-d15823026628, command=[]} | ret=SUCCESS |  
2019-08-23 09:58:28,685 | INFO  | DNAudit | user=null | ip=null | op=WRITE_CHUNK {blockData=conID: 2 locID: 102665703159234562 bcsId: 0} | ret=SUCCESS |  
2019-08-23 09:58:28,693 [grpc-default-executor-3] INFO  client.GrpcClientProtocolClient (GrpcClientProtocolClient.java:onNext(255)) - client-45D511AD1FF5->8ee8c18d-65cc-49bc-8d53-6d0b6e2387ef: receive RaftClientReply:client-45D511AD1FF5->8ee8c18d-65cc-49bc-8d53-6d0b6e2387ef@group-87326ECB8067, cid=23, SUCCESS, logIndex=1, commits[8ee8c18d-65cc-49bc-8d53-6d0b6e2387ef:c1, b0a33e40-d898-4e82-91f3-4e0ce9e6b5e2:c0, f6ea449c-e8f9-4f88-8115-d15823026628:c0]
2019-08-23 09:58:28,702 | INFO  | DNAudit | user=null | ip=null | op=WRITE_CHUNK {blockData=conID: 2 locID: 102665703159234562 bcsId: 0} | ret=SUCCESS |  
2019-08-23 09:58:28,702 | INFO  | DNAudit | user=null | ip=null | op=WRITE_CHUNK {blockData=conID: 2 locID: 102665703159234562 bcsId: 0} | ret=SUCCESS |  
2019-08-23 09:58:28,736 | INFO  | DNAudit | user=null | ip=null | op=PUT_BLOCK {blockData=[blockId=conID: 2 locID: 102665703159234562 bcsId: 0,size=50]} | ret=SUCCESS |  
2019-08-23 09:58:28,748 [grpc-default-executor-2] INFO  client.GrpcClientProtocolClient (GrpcClientProtocolClient.java:onNext(255)) - client-45D511AD1FF5->8ee8c18d-65cc-49bc-8d53-6d0b6e2387ef: receive RaftClientReply:client-45D511AD1FF5->8ee8c18d-65cc-49bc-8d53-6d0b6e2387ef@group-87326ECB8067, cid=24, SUCCESS, logIndex=3, commits[8ee8c18d-65cc-49bc-8d53-6d0b6e2387ef:c4, b0a33e40-d898-4e82-91f3-4e0ce9e6b5e2:c3, f6ea449c-e8f9-4f88-8115-d15823026628:c3]
2019-08-23 09:58:28,751 [main] INFO  ozone.MiniOzoneClusterImpl (MiniOzoneClusterImpl.java:shutdown(321)) - Shutting down the Mini Ozone Cluster
2019-08-23 09:58:28,752 | INFO  | SCMAudit | user=null | ip=null | op=GET_SCM_INFO null | ret=SUCCESS |  
2019-08-23 09:58:28,752 [main] INFO  ozone.MiniOzoneClusterImpl (MiniOzoneClusterImpl.java:stop(336)) - Stopping the Mini Ozone Cluster
2019-08-23 09:58:28,752 [main] INFO  ozone.MiniOzoneClusterImpl (MiniOzoneClusterImpl.java:stop(338)) - Stopping the OzoneManager
2019-08-23 09:58:28,752 | INFO  | DNAudit | user=null | ip=null | op=PUT_BLOCK {blockData=[blockId=conID: 2 locID: 102665703159234562 bcsId: 0,size=50]} | ret=SUCCESS |  
2019-08-23 09:58:28,752 [main] INFO  ipc.Server (Server.java:stop(3082)) - Stopping server on 40715
2019-08-23 09:58:28,767 [IPC Server listener on 40715] INFO  ipc.Server (Server.java:run(1185)) - Stopping IPC Server listener on 40715
2019-08-23 09:58:28,769 [main] INFO  ratis.OzoneManagerDoubleBuffer (OzoneManagerDoubleBuffer.java:stop(248)) - Stopping OMDoubleBuffer flush thread
2019-08-23 09:58:28,770 [IPC Server Responder] INFO  ipc.Server (Server.java:run(1319)) - Stopping IPC Server Responder
2019-08-23 09:58:28,781 [OMDoubleBufferFlushThread] INFO  ratis.OzoneManagerDoubleBuffer (OzoneManagerDoubleBuffer.java:flushTransactions(191)) - OMDoubleBuffer flush thread OMDoubleBufferFlushThread is interrupted and will exit. OMDoubleBufferFlushThread
2019-08-23 09:58:28,783 [main] INFO  utils.BackgroundService (BackgroundService.java:shutdown(148)) - Shutting down service KeyDeletingService
2019-08-23 09:58:28,787 [main] INFO  handler.ContextHandler (ContextHandler.java:doStop(910)) - Stopped o.e.j.w.WebAppContext@432034a{/,null,UNAVAILABLE}{/ozoneManager}
2019-08-23 09:58:28,793 [main] INFO  server.AbstractConnector (AbstractConnector.java:doStop(318)) - Stopped ServerConnector@78de58ea{HTTP/1.1,[http/1.1]}{0.0.0.0:0}
2019-08-23 09:58:28,793 [main] INFO  handler.ContextHandler (ContextHandler.java:doStop(910)) - Stopped o.e.j.s.ServletContextHandler@7fab4be7{/static,file:///workdir/hadoop-ozone/integration-test/target/test-classes/webapps/static,UNAVAILABLE}
2019-08-23 09:58:28,793 [main] INFO  handler.ContextHandler (ContextHandler.java:doStop(910)) - Stopped o.e.j.s.ServletContextHandler@15fa55a6{/logs,file:///workdir/hadoop-ozone/integration-test/target/log,UNAVAILABLE}
2019-08-23 09:58:28,801 [main] INFO  ozone.MiniOzoneClusterImpl (MiniOzoneClusterImpl.java:stop(344)) - Shutting the HddsDatanodes
2019-08-23 09:58:28,802 [main] INFO  datanode.ObjectStoreHandler (ObjectStoreHandler.java:close(155)) - Closing ObjectStoreHandler.
2019-08-23 09:58:28,802 [ForkJoinPool.commonPool-worker-1] INFO  datanode.ObjectStoreHandler (ObjectStoreHandler.java:close(155)) - Closing ObjectStoreHandler.
2019-08-23 09:58:28,810 [main] INFO  ozone.HddsDatanodeService (HddsDatanodeService.java:stop(451)) - Stopped plug-in org.apache.hadoop.ozone.web.OzoneHddsDatanodeService@6c8efde4
2019-08-23 09:58:28,811 [ForkJoinPool.commonPool-worker-1] INFO  ozone.HddsDatanodeService (HddsDatanodeService.java:stop(451)) - Stopped plug-in org.apache.hadoop.ozone.web.OzoneHddsDatanodeService@58a765ce
2019-08-23 09:58:28,815 | INFO  | DNAudit | user=null | ip=null | op=PUT_BLOCK {blockData=[blockId=conID: 2 locID: 102665703159234562 bcsId: 0,size=50]} | ret=SUCCESS |  
2019-08-23 09:58:28,851 | INFO  | SCMAudit | user=jenkins1000 | ip=192.168.5.185 | op=SEND_HEARTBEAT {datanodeUUID=b10ad05f-5e91-449e-8dbf-0e715902412d, command=[]} | ret=SUCCESS |  
2019-08-23 09:58:28,941 | INFO  | DNAudit | user=null | ip=null | op=PUT_BLOCK {blockData=[blockId=conID: 1 locID: 102665702633635841 bcsId: 0,size=450]} | ret=SUCCESS |  
2019-08-23 09:58:28,941 | INFO  | DNAudit | user=null | ip=null | op=PUT_BLOCK {blockData=[blockId=conID: 1 locID: 102665702633635841 bcsId: 0,size=450]} | ret=SUCCESS |  
2019-08-23 09:58:28,946 [grpc-default-executor-3] INFO  client.GrpcClientProtocolClient (GrpcClientProtocolClient.java:onNext(255)) - client-105A00A1A057->34ad912f-7383-45cc-9fa6-3ffcc2095e4d: receive RaftClientReply:client-105A00A1A057->34ad912f-7383-45cc-9fa6-3ffcc2095e4d@group-8DA920169F18, cid=22, SUCCESS, logIndex=0, commits[34ad912f-7383-45cc-9fa6-3ffcc2095e4d:c16, 2671c7a5-e82e-47d4-ac19-8fdd6a59c091:c16, 3b8e34bd-3e3f-4a27-8e2c-5775a50f870a:c16]
2019-08-23 09:58:28,947 [grpc-default-executor-3] INFO  client.GrpcClientProtocolClient (GrpcClientProtocolClient.java:onNext(255)) - client-105A00A1A057->34ad912f-7383-45cc-9fa6-3ffcc2095e4d: receive RaftClientReply:client-105A00A1A057->34ad912f-7383-45cc-9fa6-3ffcc2095e4d@group-8DA920169F18, cid=21, SUCCESS, logIndex=0, commits[34ad912f-7383-45cc-9fa6-3ffcc2095e4d:c16, 2671c7a5-e82e-47d4-ac19-8fdd6a59c091:c16, 3b8e34bd-3e3f-4a27-8e2c-5775a50f870a:c16]
2019-08-23 09:58:28,976 | INFO  | SCMAudit | user=jenkins1000 | ip=192.168.5.185 | op=SEND_HEARTBEAT {datanodeUUID=34ad912f-7383-45cc-9fa6-3ffcc2095e4d, command=[]} | ret=SUCCESS |  
2019-08-23 09:58:29,075 [Datanode State Machine Thread - 0] INFO  statemachine.DatanodeStateMachine (DatanodeStateMachine.java:lambda$startDaemon$0(350)) - Ozone container server started.
2019-08-23 09:58:29,076 | INFO  | SCMAudit | user=jenkins1000 | ip=192.168.5.185 | op=SEND_HEARTBEAT {datanodeUUID=2671c7a5-e82e-47d4-ac19-8fdd6a59c091, command=[]} | ret=SUCCESS |  
2019-08-23 09:58:29,664 [Datanode State Machine Thread - 0] INFO  statemachine.DatanodeStateMachine (DatanodeStateMachine.java:lambda$startDaemon$0(350)) - Ozone container server started.
2019-08-23 09:58:29,669 | INFO  | SCMAudit | user=jenkins1000 | ip=192.168.5.185 | op=SEND_HEARTBEAT {datanodeUUID=f6ea449c-e8f9-4f88-8115-d15823026628, command=[]} | ret=SUCCESS |  
2019-08-23 09:58:29,669 | INFO  | SCMAudit | user=jenkins1000 | ip=192.168.5.185 | op=SEND_HEARTBEAT {datanodeUUID=8ee8c18d-65cc-49bc-8d53-6d0b6e2387ef, command=[]} | ret=SUCCESS |  
2019-08-23 09:58:29,851 | INFO  | SCMAudit | user=jenkins1000 | ip=192.168.5.185 | op=SEND_HEARTBEAT {datanodeUUID=b10ad05f-5e91-449e-8dbf-0e715902412d, command=[]} | ret=SUCCESS |  
2019-08-23 09:58:29,976 | INFO  | SCMAudit | user=jenkins1000 | ip=192.168.5.185 | op=SEND_HEARTBEAT {datanodeUUID=34ad912f-7383-45cc-9fa6-3ffcc2095e4d, command=[]} | ret=SUCCESS |  
2019-08-23 09:58:30,076 | INFO  | SCMAudit | user=jenkins1000 | ip=192.168.5.185 | op=SEND_HEARTBEAT {datanodeUUID=2671c7a5-e82e-47d4-ac19-8fdd6a59c091, command=[]} | ret=SUCCESS |  
2019-08-23 09:58:30,666 | INFO  | SCMAudit | user=jenkins1000 | ip=192.168.5.185 | op=SEND_HEARTBEAT {datanodeUUID=8ee8c18d-65cc-49bc-8d53-6d0b6e2387ef, command=[]} | ret=SUCCESS |  
2019-08-23 09:58:30,666 | INFO  | SCMAudit | user=jenkins1000 | ip=192.168.5.185 | op=SEND_HEARTBEAT {datanodeUUID=f6ea449c-e8f9-4f88-8115-d15823026628, command=[]} | ret=SUCCESS |  
2019-08-23 09:58:30,851 | INFO  | SCMAudit | user=jenkins1000 | ip=192.168.5.185 | op=SEND_HEARTBEAT {datanodeUUID=b10ad05f-5e91-449e-8dbf-0e715902412d, command=[]} | ret=SUCCESS |  
2019-08-23 09:58:30,977 | INFO  | SCMAudit | user=jenkins1000 | ip=192.168.5.185 | op=SEND_HEARTBEAT {datanodeUUID=34ad912f-7383-45cc-9fa6-3ffcc2095e4d, command=[]} | ret=SUCCESS |  
2019-08-23 09:58:31,076 | INFO  | SCMAudit | user=jenkins1000 | ip=192.168.5.185 | op=SEND_HEARTBEAT {datanodeUUID=2671c7a5-e82e-47d4-ac19-8fdd6a59c091, command=[]} | ret=SUCCESS |  
2019-08-23 09:58:31,666 | INFO  | SCMAudit | user=jenkins1000 | ip=192.168.5.185 | op=SEND_HEARTBEAT {datanodeUUID=8ee8c18d-65cc-49bc-8d53-6d0b6e2387ef, command=[]} | ret=SUCCESS |  
2019-08-23 09:58:31,666 | INFO  | SCMAudit | user=jenkins1000 | ip=192.168.5.185 | op=SEND_HEARTBEAT {datanodeUUID=f6ea449c-e8f9-4f88-8115-d15823026628, command=[]} | ret=SUCCESS |  
2019-08-23 09:58:31,851 | INFO  | SCMAudit | user=jenkins1000 | ip=192.168.5.185 | op=SEND_HEARTBEAT {datanodeUUID=b10ad05f-5e91-449e-8dbf-0e715902412d, command=[]} | ret=SUCCESS |  
2019-08-23 09:58:31,977 | INFO  | SCMAudit | user=jenkins1000 | ip=192.168.5.185 | op=SEND_HEARTBEAT {datanodeUUID=34ad912f-7383-45cc-9fa6-3ffcc2095e4d, command=[]} | ret=SUCCESS |  
2019-08-23 09:58:32,076 | INFO  | SCMAudit | user=jenkins1000 | ip=192.168.5.185 | op=SEND_HEARTBEAT {datanodeUUID=2671c7a5-e82e-47d4-ac19-8fdd6a59c091, command=[]} | ret=SUCCESS |  
2019-08-23 09:58:32,667 | INFO  | SCMAudit | user=jenkins1000 | ip=192.168.5.185 | op=SEND_HEARTBEAT {datanodeUUID=f6ea449c-e8f9-4f88-8115-d15823026628, command=[]} | ret=SUCCESS |  
2019-08-23 09:58:32,667 | INFO  | SCMAudit | user=jenkins1000 | ip=192.168.5.185 | op=SEND_HEARTBEAT {datanodeUUID=8ee8c18d-65cc-49bc-8d53-6d0b6e2387ef, command=[]} | ret=SUCCESS |  
2019-08-23 09:58:32,852 | INFO  | SCMAudit | user=jenkins1000 | ip=192.168.5.185 | op=SEND_HEARTBEAT {datanodeUUID=b10ad05f-5e91-449e-8dbf-0e715902412d, command=[]} | ret=SUCCESS |  
2019-08-23 09:58:32,977 | INFO  | SCMAudit | user=jenkins1000 | ip=192.168.5.185 | op=SEND_HEARTBEAT {datanodeUUID=34ad912f-7383-45cc-9fa6-3ffcc2095e4d, command=[]} | ret=SUCCESS |  
2019-08-23 09:58:33,076 | INFO  | SCMAudit | user=jenkins1000 | ip=192.168.5.185 | op=SEND_HEARTBEAT {datanodeUUID=2671c7a5-e82e-47d4-ac19-8fdd6a59c091, command=[]} | ret=SUCCESS |  
2019-08-23 09:58:33,142 [EventQueue-StaleNodeForStaleNodeHandler] INFO  node.StaleNodeHandler (StaleNodeHandler.java:onMessage(58)) - Datanode 3b8e34bd-3e3f-4a27-8e2c-5775a50f870a{ip: 192.168.5.185, host: pr-hdds-1094-w8cgz-2737508714, networkLocation: /default-rack, certSerialId: null} moved to stale state. Finalizing its pipelines [PipelineID=bb9c510e-a30c-4581-a8ec-ffa81bac855c, PipelineID=f19e1e2a-8702-4cca-9b36-8da920169f18]
2019-08-23 09:58:33,143 [EventQueue-StaleNodeForStaleNodeHandler] INFO  pipeline.SCMPipelineManager (SCMPipelineManager.java:finalizeAndDestroyPipeline(309)) - destroying pipeline:Pipeline[ Id: bb9c510e-a30c-4581-a8ec-ffa81bac855c, Nodes: 3b8e34bd-3e3f-4a27-8e2c-5775a50f870a{ip: 192.168.5.185, host: pr-hdds-1094-w8cgz-2737508714, networkLocation: /default-rack, certSerialId: null}, Type:RATIS, Factor:ONE, State:OPEN]
2019-08-23 09:58:33,144 [EventQueue-StaleNodeForStaleNodeHandler] INFO  pipeline.PipelineStateManager (PipelineStateManager.java:finalizePipeline(123)) - Pipeline Pipeline[ Id: bb9c510e-a30c-4581-a8ec-ffa81bac855c, Nodes: 3b8e34bd-3e3f-4a27-8e2c-5775a50f870a{ip: 192.168.5.185, host: pr-hdds-1094-w8cgz-2737508714, networkLocation: /default-rack, certSerialId: null}, Type:RATIS, Factor:ONE, State:CLOSED] moved to CLOSED state
2019-08-23 09:58:33,146 [EventQueue-StaleNodeForStaleNodeHandler] INFO  pipeline.SCMPipelineManager (SCMPipelineManager.java:finalizeAndDestroyPipeline(309)) - destroying pipeline:Pipeline[ Id: f19e1e2a-8702-4cca-9b36-8da920169f18, Nodes: 2671c7a5-e82e-47d4-ac19-8fdd6a59c091{ip: 192.168.5.185, host: pr-hdds-1094-w8cgz-2737508714, networkLocation: /default-rack, certSerialId: null}34ad912f-7383-45cc-9fa6-3ffcc2095e4d{ip: 192.168.5.185, host: pr-hdds-1094-w8cgz-2737508714, networkLocation: /default-rack, certSerialId: null}3b8e34bd-3e3f-4a27-8e2c-5775a50f870a{ip: 192.168.5.185, host: pr-hdds-1094-w8cgz-2737508714, networkLocation: /default-rack, certSerialId: null}, Type:RATIS, Factor:THREE, State:OPEN]
2019-08-23 09:58:33,146 [EventQueue-StaleNodeForStaleNodeHandler] INFO  pipeline.PipelineStateManager (PipelineStateManager.java:finalizePipeline(123)) - Pipeline Pipeline[ Id: f19e1e2a-8702-4cca-9b36-8da920169f18, Nodes: 2671c7a5-e82e-47d4-ac19-8fdd6a59c091{ip: 192.168.5.185, host: pr-hdds-1094-w8cgz-2737508714, networkLocation: /default-rack, certSerialId: null}34ad912f-7383-45cc-9fa6-3ffcc2095e4d{ip: 192.168.5.185, host: pr-hdds-1094-w8cgz-2737508714, networkLocation: /default-rack, certSerialId: null}3b8e34bd-3e3f-4a27-8e2c-5775a50f870a{ip: 192.168.5.185, host: pr-hdds-1094-w8cgz-2737508714, networkLocation: /default-rack, certSerialId: null}, Type:RATIS, Factor:THREE, State:CLOSED] moved to CLOSED state
2019-08-23 09:58:33,147 [EventQueue-CloseContainerForCloseContainerEventHandler] INFO  container.CloseContainerEventHandler (CloseContainerEventHandler.java:onMessage(61)) - Close container Event triggered for container : #1
2019-08-23 09:58:33,667 | INFO  | SCMAudit | user=jenkins1000 | ip=192.168.5.185 | op=SEND_HEARTBEAT {datanodeUUID=8ee8c18d-65cc-49bc-8d53-6d0b6e2387ef, command=[]} | ret=SUCCESS |  
2019-08-23 09:58:33,667 | INFO  | SCMAudit | user=jenkins1000 | ip=192.168.5.185 | op=SEND_HEARTBEAT {datanodeUUID=f6ea449c-e8f9-4f88-8115-d15823026628, command=[]} | ret=SUCCESS |  
2019-08-23 09:58:33,743 [EventQueue-StaleNodeForStaleNodeHandler] INFO  node.StaleNodeHandler (StaleNodeHandler.java:onMessage(58)) - Datanode b0a33e40-d898-4e82-91f3-4e0ce9e6b5e2{ip: 192.168.5.185, host: pr-hdds-1094-w8cgz-2737508714, networkLocation: /default-rack, certSerialId: null} moved to stale state. Finalizing its pipelines [PipelineID=6917e62a-be5b-477c-9382-87326ecb8067, PipelineID=502e8ba5-4002-4808-82a4-faf9c11d7b99]
2019-08-23 09:58:33,744 [EventQueue-StaleNodeForStaleNodeHandler] INFO  pipeline.SCMPipelineManager (SCMPipelineManager.java:finalizeAndDestroyPipeline(309)) - destroying pipeline:Pipeline[ Id: 6917e62a-be5b-477c-9382-87326ecb8067, Nodes: f6ea449c-e8f9-4f88-8115-d15823026628{ip: 192.168.5.185, host: pr-hdds-1094-w8cgz-2737508714, networkLocation: /default-rack, certSerialId: null}8ee8c18d-65cc-49bc-8d53-6d0b6e2387ef{ip: 192.168.5.185, host: pr-hdds-1094-w8cgz-2737508714, networkLocation: /default-rack, certSerialId: null}b0a33e40-d898-4e82-91f3-4e0ce9e6b5e2{ip: 192.168.5.185, host: pr-hdds-1094-w8cgz-2737508714, networkLocation: /default-rack, certSerialId: null}, Type:RATIS, Factor:THREE, State:OPEN]
2019-08-23 09:58:33,744 [EventQueue-StaleNodeForStaleNodeHandler] INFO  pipeline.PipelineStateManager (PipelineStateManager.java:finalizePipeline(123)) - Pipeline Pipeline[ Id: 6917e62a-be5b-477c-9382-87326ecb8067, Nodes: f6ea449c-e8f9-4f88-8115-d15823026628{ip: 192.168.5.185, host: pr-hdds-1094-w8cgz-2737508714, networkLocation: /default-rack, certSerialId: null}8ee8c18d-65cc-49bc-8d53-6d0b6e2387ef{ip: 192.168.5.185, host: pr-hdds-1094-w8cgz-2737508714, networkLocation: /default-rack, certSerialId: null}b0a33e40-d898-4e82-91f3-4e0ce9e6b5e2{ip: 192.168.5.185, host: pr-hdds-1094-w8cgz-2737508714, networkLocation: /default-rack, certSerialId: null}, Type:RATIS, Factor:THREE, State:CLOSED] moved to CLOSED state
2019-08-23 09:58:33,744 [EventQueue-CloseContainerForCloseContainerEventHandler] INFO  container.CloseContainerEventHandler (CloseContainerEventHandler.java:onMessage(61)) - Close container Event triggered for container : #2
2019-08-23 09:58:33,744 [EventQueue-StaleNodeForStaleNodeHandler] INFO  pipeline.SCMPipelineManager (SCMPipelineManager.java:finalizeAndDestroyPipeline(309)) - destroying pipeline:Pipeline[ Id: 502e8ba5-4002-4808-82a4-faf9c11d7b99, Nodes: b0a33e40-d898-4e82-91f3-4e0ce9e6b5e2{ip: 192.168.5.185, host: pr-hdds-1094-w8cgz-2737508714, networkLocation: /default-rack, certSerialId: null}, Type:RATIS, Factor:ONE, State:OPEN]
2019-08-23 09:58:33,745 [EventQueue-StaleNodeForStaleNodeHandler] INFO  pipeline.PipelineStateManager (PipelineStateManager.java:finalizePipeline(123)) - Pipeline Pipeline[ Id: 502e8ba5-4002-4808-82a4-faf9c11d7b99, Nodes: b0a33e40-d898-4e82-91f3-4e0ce9e6b5e2{ip: 192.168.5.185, host: pr-hdds-1094-w8cgz-2737508714, networkLocation: /default-rack, certSerialId: null}, Type:RATIS, Factor:ONE, State:CLOSED] moved to CLOSED state
2019-08-23 09:58:33,814 [main] INFO  ozoneimpl.OzoneContainer (OzoneContainer.java:stop(199)) - Attempting to stop container services.
2019-08-23 09:58:33,814 [ForkJoinPool.commonPool-worker-1] INFO  ozoneimpl.OzoneContainer (OzoneContainer.java:stop(199)) - Attempting to stop container services.
2019-08-23 09:58:33,816 [main] INFO  impl.RaftServerProxy (RaftServerProxy.java:lambda$close$4(314)) - 3b8e34bd-3e3f-4a27-8e2c-5775a50f870a: close
2019-08-23 09:58:33,816 [ForkJoinPool.commonPool-worker-1] INFO  impl.RaftServerProxy (RaftServerProxy.java:lambda$close$4(314)) - b0a33e40-d898-4e82-91f3-4e0ce9e6b5e2: close
2019-08-23 09:58:33,817 [main] INFO  impl.RaftServerImpl (RaftServerImpl.java:lambda$shutdown$3(245)) - 3b8e34bd-3e3f-4a27-8e2c-5775a50f870a: shutdown group-FFA81BAC855C
2019-08-23 09:58:33,817 [ForkJoinPool.commonPool-worker-1] INFO  impl.RaftServerImpl (RaftServerImpl.java:lambda$shutdown$3(245)) - b0a33e40-d898-4e82-91f3-4e0ce9e6b5e2: shutdown group-87326ECB8067
2019-08-23 09:58:33,818 [main] INFO  util.JmxRegister (JmxRegister.java:unregister(73)) - Successfully un-registered JMX Bean with object name Ratis:service=RaftServer,group=group-FFA81BAC855C,id=3b8e34bd-3e3f-4a27-8e2c-5775a50f870a
2019-08-23 09:58:33,818 [ForkJoinPool.commonPool-worker-1] INFO  util.JmxRegister (JmxRegister.java:unregister(73)) - Successfully un-registered JMX Bean with object name Ratis:service=RaftServer,group=group-87326ECB8067,id=b0a33e40-d898-4e82-91f3-4e0ce9e6b5e2
2019-08-23 09:58:33,818 [main] INFO  impl.RoleInfo (RoleInfo.java:shutdownLeaderState(104)) - 3b8e34bd-3e3f-4a27-8e2c-5775a50f870a: shutdown LeaderState
2019-08-23 09:58:33,818 [ForkJoinPool.commonPool-worker-1] INFO  impl.RoleInfo (RoleInfo.java:shutdownFollowerState(121)) - b0a33e40-d898-4e82-91f3-4e0ce9e6b5e2: shutdown FollowerState
2019-08-23 09:58:33,819 [ForkJoinPool.commonPool-worker-1] INFO  impl.StateMachineUpdater (StateMachineUpdater.java:stopAndJoin(115)) - StateMachineUpdater:b0a33e40-d898-4e82-91f3-4e0ce9e6b5e2:group-87326ECB8067: set stopIndex = 4
2019-08-23 09:58:33,819 [StateMachineUpdater:b0a33e40-d898-4e82-91f3-4e0ce9e6b5e2:group-87326ECB8067] INFO  ratis.ContainerStateMachine (ContainerStateMachine.java:takeSnapshot(283)) - group-87326ECB8067: Taking a snapshot at:(t:1, i:3) file /workdir/hadoop-ozone/integration-test/target/test-dir/MiniOzoneClusterImpl-4dc0e789-7321-4c00-9da5-33206f8d16b6/datanode-1/data/ratis/6917e62a-be5b-477c-9382-87326ecb8067/sm/snapshot.1_3
2019-08-23 09:58:33,819 [main] INFO  impl.PendingRequests (PendingRequests.java:sendNotLeaderResponses(202)) - 3b8e34bd-3e3f-4a27-8e2c-5775a50f870a-PendingRequests: sendNotLeaderResponses
2019-08-23 09:58:33,819 [Thread-312] INFO  impl.FollowerState (FollowerState.java:run(114)) - b0a33e40-d898-4e82-91f3-4e0ce9e6b5e2: FollowerState was interrupted: java.lang.InterruptedException: sleep interrupted
2019-08-23 09:58:33,826 [main] INFO  impl.StateMachineUpdater (StateMachineUpdater.java:stopAndJoin(115)) - StateMachineUpdater:3b8e34bd-3e3f-4a27-8e2c-5775a50f870a:group-FFA81BAC855C: set stopIndex = 0
2019-08-23 09:58:33,831 [main] INFO  impl.RaftServerImpl (ServerState.java:close(394)) - 3b8e34bd-3e3f-4a27-8e2c-5775a50f870a:group-FFA81BAC855C closes. The last applied log index is 0
2019-08-23 09:58:33,833 [3b8e34bd-3e3f-4a27-8e2c-5775a50f870a-SegmentedRaftLogWorker:Storage Directory /workdir/hadoop-ozone/integration-test/target/test-dir/MiniOzoneClusterImpl-4dc0e789-7321-4c00-9da5-33206f8d16b6/datanode-4/data/ratis/bb9c510e-a30c-4581-a8ec-ffa81bac855c] INFO  segmented.SegmentedRaftLogWorker (SegmentedRaftLogWorker.java:run(313)) - 3b8e34bd-3e3f-4a27-8e2c-5775a50f870a-SegmentedRaftLogWorker:Storage Directory /workdir/hadoop-ozone/integration-test/target/test-dir/MiniOzoneClusterImpl-4dc0e789-7321-4c00-9da5-33206f8d16b6/datanode-4/data/ratis/bb9c510e-a30c-4581-a8ec-ffa81bac855c was interrupted, exiting. There are 0 tasks remaining in the queue.
2019-08-23 09:58:33,836 [main] INFO  segmented.SegmentedRaftLogWorker (SegmentedRaftLogWorker.java:close(228)) - 3b8e34bd-3e3f-4a27-8e2c-5775a50f870a-SegmentedRaftLogWorker:Storage Directory /workdir/hadoop-ozone/integration-test/target/test-dir/MiniOzoneClusterImpl-4dc0e789-7321-4c00-9da5-33206f8d16b6/datanode-4/data/ratis/bb9c510e-a30c-4581-a8ec-ffa81bac855c close()
2019-08-23 09:58:33,840 [main] INFO  impl.RaftServerImpl (RaftServerImpl.java:lambda$shutdown$3(245)) - 3b8e34bd-3e3f-4a27-8e2c-5775a50f870a: shutdown group-8DA920169F18
2019-08-23 09:58:33,841 [main] INFO  util.JmxRegister (JmxRegister.java:unregister(73)) - Successfully un-registered JMX Bean with object name Ratis:service=RaftServer,group=group-8DA920169F18,id=3b8e34bd-3e3f-4a27-8e2c-5775a50f870a
2019-08-23 09:58:33,841 [main] INFO  impl.RoleInfo (RoleInfo.java:shutdownFollowerState(121)) - 3b8e34bd-3e3f-4a27-8e2c-5775a50f870a: shutdown FollowerState
2019-08-23 09:58:33,841 [main] INFO  impl.StateMachineUpdater (StateMachineUpdater.java:stopAndJoin(115)) - StateMachineUpdater:3b8e34bd-3e3f-4a27-8e2c-5775a50f870a:group-8DA920169F18: set stopIndex = 16
2019-08-23 09:58:33,842 [Thread-337] INFO  impl.FollowerState (FollowerState.java:run(114)) - 3b8e34bd-3e3f-4a27-8e2c-5775a50f870a: FollowerState was interrupted: java.lang.InterruptedException: sleep interrupted
2019-08-23 09:58:33,842 [StateMachineUpdater:3b8e34bd-3e3f-4a27-8e2c-5775a50f870a:group-8DA920169F18] INFO  ratis.ContainerStateMachine (ContainerStateMachine.java:takeSnapshot(283)) - group-8DA920169F18: Taking a snapshot at:(t:1, i:16) file /workdir/hadoop-ozone/integration-test/target/test-dir/MiniOzoneClusterImpl-4dc0e789-7321-4c00-9da5-33206f8d16b6/datanode-4/data/ratis/f19e1e2a-8702-4cca-9b36-8da920169f18/sm/snapshot.1_16
2019-08-23 09:58:33,852 | INFO  | SCMAudit | user=jenkins1000 | ip=192.168.5.185 | op=SEND_HEARTBEAT {datanodeUUID=b10ad05f-5e91-449e-8dbf-0e715902412d, command=[]} | ret=SUCCESS |  
2019-08-23 09:58:33,873 [StateMachineUpdater:3b8e34bd-3e3f-4a27-8e2c-5775a50f870a:group-8DA920169F18] INFO  ratis.ContainerStateMachine (ContainerStateMachine.java:takeSnapshot(294)) - group-8DA920169F18: Finished taking a snapshot at:(t:1, i:16) file:/workdir/hadoop-ozone/integration-test/target/test-dir/MiniOzoneClusterImpl-4dc0e789-7321-4c00-9da5-33206f8d16b6/datanode-4/data/ratis/f19e1e2a-8702-4cca-9b36-8da920169f18/sm/snapshot.1_16 time:32
2019-08-23 09:58:33,873 [StateMachineUpdater:b0a33e40-d898-4e82-91f3-4e0ce9e6b5e2:group-87326ECB8067] INFO  ratis.ContainerStateMachine (ContainerStateMachine.java:takeSnapshot(294)) - group-87326ECB8067: Finished taking a snapshot at:(t:1, i:3) file:/workdir/hadoop-ozone/integration-test/target/test-dir/MiniOzoneClusterImpl-4dc0e789-7321-4c00-9da5-33206f8d16b6/datanode-1/data/ratis/6917e62a-be5b-477c-9382-87326ecb8067/sm/snapshot.1_3 time:54
2019-08-23 09:58:33,874 [StateMachineUpdater:3b8e34bd-3e3f-4a27-8e2c-5775a50f870a:group-8DA920169F18] INFO  impl.StateMachineUpdater (StateMachineUpdater.java:takeSnapshot(242)) - StateMachineUpdater:3b8e34bd-3e3f-4a27-8e2c-5775a50f870a:group-8DA920169F18: Took a snapshot at index 16
2019-08-23 09:58:33,874 [StateMachineUpdater:b0a33e40-d898-4e82-91f3-4e0ce9e6b5e2:group-87326ECB8067] INFO  impl.StateMachineUpdater (StateMachineUpdater.java:takeSnapshot(242)) - StateMachineUpdater:b0a33e40-d898-4e82-91f3-4e0ce9e6b5e2:group-87326ECB8067: Took a snapshot at index 3
2019-08-23 09:58:33,874 [StateMachineUpdater:3b8e34bd-3e3f-4a27-8e2c-5775a50f870a:group-8DA920169F18] INFO  impl.StateMachineUpdater (StateMachineUpdater.java:lambda$new$0(80)) - StateMachineUpdater:3b8e34bd-3e3f-4a27-8e2c-5775a50f870a:group-8DA920169F18: snapshotIndex: updateIncreasingly -1 -> 16
2019-08-23 09:58:33,874 [StateMachineUpdater:b0a33e40-d898-4e82-91f3-4e0ce9e6b5e2:group-87326ECB8067] INFO  impl.StateMachineUpdater (StateMachineUpdater.java:lambda$new$0(80)) - StateMachineUpdater:b0a33e40-d898-4e82-91f3-4e0ce9e6b5e2:group-87326ECB8067: snapshotIndex: updateIncreasingly -1 -> 3
2019-08-23 09:58:33,882 [main] INFO  impl.RaftServerImpl (ServerState.java:close(394)) - 3b8e34bd-3e3f-4a27-8e2c-5775a50f870a:group-8DA920169F18 closes. The last applied log index is 16
2019-08-23 09:58:33,882 [ForkJoinPool.commonPool-worker-1] INFO  impl.RaftServerImpl (ServerState.java:close(394)) - b0a33e40-d898-4e82-91f3-4e0ce9e6b5e2:group-87326ECB8067 closes. The last applied log index is 4
2019-08-23 09:58:33,883 [3b8e34bd-3e3f-4a27-8e2c-5775a50f870a-SegmentedRaftLogWorker:Storage Directory /workdir/hadoop-ozone/integration-test/target/test-dir/MiniOzoneClusterImpl-4dc0e789-7321-4c00-9da5-33206f8d16b6/datanode-4/data/ratis/f19e1e2a-8702-4cca-9b36-8da920169f18] INFO  segmented.SegmentedRaftLogWorker (SegmentedRaftLogWorker.java:run(313)) - 3b8e34bd-3e3f-4a27-8e2c-5775a50f870a-SegmentedRaftLogWorker:Storage Directory /workdir/hadoop-ozone/integration-test/target/test-dir/MiniOzoneClusterImpl-4dc0e789-7321-4c00-9da5-33206f8d16b6/datanode-4/data/ratis/f19e1e2a-8702-4cca-9b36-8da920169f18 was interrupted, exiting. There are 0 tasks remaining in the queue.
2019-08-23 09:58:33,883 [b0a33e40-d898-4e82-91f3-4e0ce9e6b5e2-SegmentedRaftLogWorker:Storage Directory /workdir/hadoop-ozone/integration-test/target/test-dir/MiniOzoneClusterImpl-4dc0e789-7321-4c00-9da5-33206f8d16b6/datanode-1/data/ratis/6917e62a-be5b-477c-9382-87326ecb8067] INFO  segmented.SegmentedRaftLogWorker (SegmentedRaftLogWorker.java:run(313)) - b0a33e40-d898-4e82-91f3-4e0ce9e6b5e2-SegmentedRaftLogWorker:Storage Directory /workdir/hadoop-ozone/integration-test/target/test-dir/MiniOzoneClusterImpl-4dc0e789-7321-4c00-9da5-33206f8d16b6/datanode-1/data/ratis/6917e62a-be5b-477c-9382-87326ecb8067 was interrupted, exiting. There are 0 tasks remaining in the queue.
2019-08-23 09:58:33,885 [main] INFO  segmented.SegmentedRaftLogWorker (SegmentedRaftLogWorker.java:close(228)) - 3b8e34bd-3e3f-4a27-8e2c-5775a50f870a-SegmentedRaftLogWorker:Storage Directory /workdir/hadoop-ozone/integration-test/target/test-dir/MiniOzoneClusterImpl-4dc0e789-7321-4c00-9da5-33206f8d16b6/datanode-4/data/ratis/f19e1e2a-8702-4cca-9b36-8da920169f18 close()
2019-08-23 09:58:33,887 [ForkJoinPool.commonPool-worker-1] INFO  segmented.SegmentedRaftLogWorker (SegmentedRaftLogWorker.java:close(228)) - b0a33e40-d898-4e82-91f3-4e0ce9e6b5e2-SegmentedRaftLogWorker:Storage Directory /workdir/hadoop-ozone/integration-test/target/test-dir/MiniOzoneClusterImpl-4dc0e789-7321-4c00-9da5-33206f8d16b6/datanode-1/data/ratis/6917e62a-be5b-477c-9382-87326ecb8067 close()
2019-08-23 09:58:33,895 [main] INFO  server.GrpcService (GrpcService.java:closeImpl(155)) - 3b8e34bd-3e3f-4a27-8e2c-5775a50f870a: shutdown server with port 43177 now
2019-08-23 09:58:33,895 [ForkJoinPool.commonPool-worker-1] INFO  impl.RaftServerImpl (RaftServerImpl.java:lambda$shutdown$3(245)) - b0a33e40-d898-4e82-91f3-4e0ce9e6b5e2: shutdown group-FAF9C11D7B99
2019-08-23 09:58:33,896 [ForkJoinPool.commonPool-worker-1] INFO  util.JmxRegister (JmxRegister.java:unregister(73)) - Successfully un-registered JMX Bean with object name Ratis:service=RaftServer,group=group-FAF9C11D7B99,id=b0a33e40-d898-4e82-91f3-4e0ce9e6b5e2
2019-08-23 09:58:33,896 [ForkJoinPool.commonPool-worker-1] INFO  impl.RoleInfo (RoleInfo.java:shutdownLeaderState(104)) - b0a33e40-d898-4e82-91f3-4e0ce9e6b5e2: shutdown LeaderState
2019-08-23 09:58:33,896 [ForkJoinPool.commonPool-worker-1] INFO  impl.PendingRequests (PendingRequests.java:sendNotLeaderResponses(202)) - b0a33e40-d898-4e82-91f3-4e0ce9e6b5e2-PendingRequests: sendNotLeaderResponses
2019-08-23 09:58:33,900 [ForkJoinPool.commonPool-worker-1] INFO  impl.StateMachineUpdater (StateMachineUpdater.java:stopAndJoin(115)) - StateMachineUpdater:b0a33e40-d898-4e82-91f3-4e0ce9e6b5e2:group-FAF9C11D7B99: set stopIndex = 0
2019-08-23 09:58:33,906 [ForkJoinPool.commonPool-worker-1] INFO  impl.RaftServerImpl (ServerState.java:close(394)) - b0a33e40-d898-4e82-91f3-4e0ce9e6b5e2:group-FAF9C11D7B99 closes. The last applied log index is 0
2019-08-23 09:58:33,907 [b0a33e40-d898-4e82-91f3-4e0ce9e6b5e2-SegmentedRaftLogWorker:Storage Directory /workdir/hadoop-ozone/integration-test/target/test-dir/MiniOzoneClusterImpl-4dc0e789-7321-4c00-9da5-33206f8d16b6/datanode-1/data/ratis/502e8ba5-4002-4808-82a4-faf9c11d7b99] INFO  segmented.SegmentedRaftLogWorker (SegmentedRaftLogWorker.java:run(313)) - b0a33e40-d898-4e82-91f3-4e0ce9e6b5e2-SegmentedRaftLogWorker:Storage Directory /workdir/hadoop-ozone/integration-test/target/test-dir/MiniOzoneClusterImpl-4dc0e789-7321-4c00-9da5-33206f8d16b6/datanode-1/data/ratis/502e8ba5-4002-4808-82a4-faf9c11d7b99 was interrupted, exiting. There are 0 tasks remaining in the queue.
2019-08-23 09:58:33,909 [ForkJoinPool.commonPool-worker-1] INFO  segmented.SegmentedRaftLogWorker (SegmentedRaftLogWorker.java:close(228)) - b0a33e40-d898-4e82-91f3-4e0ce9e6b5e2-SegmentedRaftLogWorker:Storage Directory /workdir/hadoop-ozone/integration-test/target/test-dir/MiniOzoneClusterImpl-4dc0e789-7321-4c00-9da5-33206f8d16b6/datanode-1/data/ratis/502e8ba5-4002-4808-82a4-faf9c11d7b99 close()
2019-08-23 09:58:33,912 [ForkJoinPool.commonPool-worker-1] INFO  server.GrpcService (GrpcService.java:closeImpl(155)) - b0a33e40-d898-4e82-91f3-4e0ce9e6b5e2: shutdown server with port 46843 now
2019-08-23 09:58:33,914 [ForkJoinPool.commonPool-worker-1] INFO  server.GrpcService (GrpcService.java:closeImpl(163)) - b0a33e40-d898-4e82-91f3-4e0ce9e6b5e2: shutdown server with port 46843 successfully
2019-08-23 09:58:33,914 [grpc-default-executor-4] WARN  server.GrpcServerProtocolService (LogUtils.java:warn(134)) - 3b8e34bd-3e3f-4a27-8e2c-5775a50f870a: appendEntries onError: org.apache.ratis.thirdparty.io.grpc.StatusRuntimeException: CANCELLED: cancelled before receiving half close
2019-08-23 09:58:33,914 [main] INFO  server.GrpcService (GrpcService.java:closeImpl(163)) - 3b8e34bd-3e3f-4a27-8e2c-5775a50f870a: shutdown server with port 43177 successfully
2019-08-23 09:58:33,914 [grpc-default-executor-1] WARN  server.GrpcServerProtocolService (LogUtils.java:warn(134)) - b0a33e40-d898-4e82-91f3-4e0ce9e6b5e2: appendEntries onError: org.apache.ratis.thirdparty.io.grpc.StatusRuntimeException: CANCELLED: cancelled before receiving half close
2019-08-23 09:58:33,918 [grpc-default-executor-2] WARN  server.GrpcLogAppender (LogUtils.java:warn(134)) - 8ee8c18d-65cc-49bc-8d53-6d0b6e2387ef->b0a33e40-d898-4e82-91f3-4e0ce9e6b5e2: Failed appendEntries: org.apache.ratis.thirdparty.io.grpc.StatusRuntimeException: CANCELLED: HTTP/2 error code: CANCEL
Received Rst Stream
2019-08-23 09:58:33,918 [grpc-default-executor-4] WARN  server.GrpcLogAppender (LogUtils.java:warn(134)) - 34ad912f-7383-45cc-9fa6-3ffcc2095e4d->3b8e34bd-3e3f-4a27-8e2c-5775a50f870a: Failed appendEntries: org.apache.ratis.thirdparty.io.grpc.StatusRuntimeException: CANCELLED: HTTP/2 error code: CANCEL
Received Rst Stream
2019-08-23 09:58:33,922 [ForkJoinPool.commonPool-worker-1] INFO  utils.BackgroundService (BackgroundService.java:shutdown(148)) - Shutting down service BlockDeletingService
2019-08-23 09:58:33,923 [main] INFO  utils.BackgroundService (BackgroundService.java:shutdown(148)) - Shutting down service BlockDeletingService
2019-08-23 09:58:33,926 [refreshUsed-/workdir/hadoop-ozone/integration-test/target/test-dir/MiniOzoneClusterImpl-4dc0e789-7321-4c00-9da5-33206f8d16b6/datanode-4/data/containers] WARN  fs.CachingGetSpaceUsed (CachingGetSpaceUsed.java:run(183)) - Thread Interrupted waiting to refresh disk information: sleep interrupted
2019-08-23 09:58:33,926 [grpc-default-executor-2] INFO  impl.FollowerInfo (FollowerInfo.java:lambda$new$0(50)) - 8ee8c18d-65cc-49bc-8d53-6d0b6e2387ef->b0a33e40-d898-4e82-91f3-4e0ce9e6b5e2: nextIndex: updateUnconditionally 5 -> 4
2019-08-23 09:58:33,928 [grpc-default-executor-4] INFO  impl.FollowerInfo (FollowerInfo.java:lambda$new$0(50)) - 34ad912f-7383-45cc-9fa6-3ffcc2095e4d->3b8e34bd-3e3f-4a27-8e2c-5775a50f870a: nextIndex: updateUnconditionally 17 -> 16
2019-08-23 09:58:33,931 [refreshUsed-/workdir/hadoop-ozone/integration-test/target/test-dir/MiniOzoneClusterImpl-4dc0e789-7321-4c00-9da5-33206f8d16b6/datanode-1/data/containers] WARN  fs.CachingGetSpaceUsed (CachingGetSpaceUsed.java:run(183)) - Thread Interrupted waiting to refresh disk information: sleep interrupted
2019-08-23 09:58:33,951 [main] INFO  statemachine.DatanodeStateMachine (DatanodeStateMachine.java:stopDaemon(395)) - Ozone container server stopped.
2019-08-23 09:58:33,953 [main] INFO  handler.ContextHandler (ContextHandler.java:doStop(910)) - Stopped o.e.j.w.WebAppContext@1b7554d4{/,null,UNAVAILABLE}{/hddsDatanode}
2019-08-23 09:58:33,954 [main] INFO  server.AbstractConnector (AbstractConnector.java:doStop(318)) - Stopped ServerConnector@57ce2898{HTTP/1.1,[http/1.1]}{0.0.0.0:0}
2019-08-23 09:58:33,954 [main] INFO  handler.ContextHandler (ContextHandler.java:doStop(910)) - Stopped o.e.j.s.ServletContextHandler@18a98913{/static,jar:file:/home/user/.m2/repository/org/apache/hadoop/hadoop-hdds-container-service/0.5.0-SNAPSHOT/hadoop-hdds-container-service-0.5.0-SNAPSHOT.jar!/webapps/static,UNAVAILABLE}
2019-08-23 09:58:33,955 [main] INFO  handler.ContextHandler (ContextHandler.java:doStop(910)) - Stopped o.e.j.s.ServletContextHandler@13f40d71{/logs,file:///workdir/hadoop-ozone/integration-test/target/log,UNAVAILABLE}
2019-08-23 09:58:33,955 [main] INFO  datanode.ObjectStoreHandler (ObjectStoreHandler.java:close(155)) - Closing ObjectStoreHandler.
2019-08-23 09:58:33,957 [main] INFO  ozone.HddsDatanodeService (HddsDatanodeService.java:stop(451)) - Stopped plug-in org.apache.hadoop.ozone.web.OzoneHddsDatanodeService@54495935
2019-08-23 09:58:33,964 [ForkJoinPool.commonPool-worker-1] INFO  statemachine.DatanodeStateMachine (DatanodeStateMachine.java:stopDaemon(395)) - Ozone container server stopped.
2019-08-23 09:58:33,969 [ForkJoinPool.commonPool-worker-1] INFO  handler.ContextHandler (ContextHandler.java:doStop(910)) - Stopped o.e.j.w.WebAppContext@9cfc77{/,null,UNAVAILABLE}{/hddsDatanode}
2019-08-23 09:58:33,969 [ForkJoinPool.commonPool-worker-1] INFO  server.AbstractConnector (AbstractConnector.java:doStop(318)) - Stopped ServerConnector@7418d76e{HTTP/1.1,[http/1.1]}{0.0.0.0:0}
2019-08-23 09:58:33,971 [ForkJoinPool.commonPool-worker-1] INFO  handler.ContextHandler (ContextHandler.java:doStop(910)) - Stopped o.e.j.s.ServletContextHandler@1f78d415{/static,jar:file:/home/user/.m2/repository/org/apache/hadoop/hadoop-hdds-container-service/0.5.0-SNAPSHOT/hadoop-hdds-container-service-0.5.0-SNAPSHOT.jar!/webapps/static,UNAVAILABLE}
2019-08-23 09:58:33,972 [ForkJoinPool.commonPool-worker-1] INFO  handler.ContextHandler (ContextHandler.java:doStop(910)) - Stopped o.e.j.s.ServletContextHandler@587c5c1{/logs,file:///workdir/hadoop-ozone/integration-test/target/log,UNAVAILABLE}
2019-08-23 09:58:33,973 [ForkJoinPool.commonPool-worker-1] INFO  datanode.ObjectStoreHandler (ObjectStoreHandler.java:close(155)) - Closing ObjectStoreHandler.
2019-08-23 09:58:33,973 [grpc-default-executor-4] WARN  server.GrpcLogAppender (LogUtils.java:warn(134)) - 34ad912f-7383-45cc-9fa6-3ffcc2095e4d->3b8e34bd-3e3f-4a27-8e2c-5775a50f870a: Failed appendEntries: org.apache.ratis.thirdparty.io.grpc.StatusRuntimeException: UNAVAILABLE: io exception
2019-08-23 09:58:33,975 [ForkJoinPool.commonPool-worker-1] INFO  ozone.HddsDatanodeService (HddsDatanodeService.java:stop(451)) - Stopped plug-in org.apache.hadoop.ozone.web.OzoneHddsDatanodeService@251c90f
2019-08-23 09:58:33,975 [grpc-default-executor-4] INFO  impl.FollowerInfo (FollowerInfo.java:lambda$new$0(50)) - 34ad912f-7383-45cc-9fa6-3ffcc2095e4d->3b8e34bd-3e3f-4a27-8e2c-5775a50f870a: nextIndex: updateUnconditionally 16 -> 15
2019-08-23 09:58:33,975 [Datanode State Machine Thread - 0] INFO  statemachine.DatanodeStateMachine (DatanodeStateMachine.java:lambda$startDaemon$0(350)) - Ozone container server started.
2019-08-23 09:58:34,096 | INFO  | SCMAudit | user=jenkins1000 | ip=192.168.5.185 | op=SEND_HEARTBEAT {datanodeUUID=2671c7a5-e82e-47d4-ac19-8fdd6a59c091, command=[commandType: closeContainerCommand closeContainerCommandProto { containerID: 1 pipelineID { id: "f19e1e2a-8702-4cca-9b36-8da920169f18" } cmdId: 1 force: false } ]} | ret=SUCCESS |  
2019-08-23 09:58:34,666 | INFO  | SCMAudit | user=jenkins1000 | ip=192.168.5.185 | op=SEND_HEARTBEAT {datanodeUUID=f6ea449c-e8f9-4f88-8115-d15823026628, command=[commandType: closeContainerCommand closeContainerCommandProto { containerID: 2 pipelineID { id: "6917e62a-be5b-477c-9382-87326ecb8067" } cmdId: 2 force: false } ]} | ret=SUCCESS |  
2019-08-23 09:58:34,666 | INFO  | SCMAudit | user=jenkins1000 | ip=192.168.5.185 | op=SEND_HEARTBEAT {datanodeUUID=8ee8c18d-65cc-49bc-8d53-6d0b6e2387ef, command=[commandType: closeContainerCommand closeContainerCommandProto { containerID: 2 pipelineID { id: "6917e62a-be5b-477c-9382-87326ecb8067" } cmdId: 2 force: false } ]} | ret=SUCCESS |  
2019-08-23 09:58:34,851 [Datanode State Machine Thread - 0] INFO  statemachine.DatanodeStateMachine (DatanodeStateMachine.java:lambda$startDaemon$0(350)) - Ozone container server started.
2019-08-23 09:58:35,076 | INFO  | SCMAudit | user=jenkins1000 | ip=192.168.5.185 | op=SEND_HEARTBEAT {datanodeUUID=2671c7a5-e82e-47d4-ac19-8fdd6a59c091, command=[]} | ret=SUCCESS |  
2019-08-23 09:58:35,114 | INFO  | SCMAudit | user=jenkins1000 | ip=192.168.5.185 | op=SEND_HEARTBEAT {datanodeUUID=2671c7a5-e82e-47d4-ac19-8fdd6a59c091, command=[]} | ret=SUCCESS |  
2019-08-23 09:58:35,667 | INFO  | SCMAudit | user=jenkins1000 | ip=192.168.5.185 | op=SEND_HEARTBEAT {datanodeUUID=f6ea449c-e8f9-4f88-8115-d15823026628, command=[]} | ret=SUCCESS |  
2019-08-23 09:58:35,667 | INFO  | SCMAudit | user=jenkins1000 | ip=192.168.5.185 | op=SEND_HEARTBEAT {datanodeUUID=8ee8c18d-65cc-49bc-8d53-6d0b6e2387ef, command=[]} | ret=SUCCESS |  
2019-08-23 09:58:35,696 | INFO  | SCMAudit | user=jenkins1000 | ip=192.168.5.185 | op=SEND_HEARTBEAT {datanodeUUID=8ee8c18d-65cc-49bc-8d53-6d0b6e2387ef, command=[]} | ret=SUCCESS |  
2019-08-23 09:58:35,702 [grpc-default-executor-1] WARN  server.GrpcLogAppender (LogUtils.java:warn(134)) - 8ee8c18d-65cc-49bc-8d53-6d0b6e2387ef->b0a33e40-d898-4e82-91f3-4e0ce9e6b5e2: Failed appendEntries: org.apache.ratis.thirdparty.io.grpc.StatusRuntimeException: UNAVAILABLE: io exception
2019-08-23 09:58:35,705 [grpc-default-executor-1] INFO  impl.FollowerInfo (FollowerInfo.java:lambda$new$0(50)) - 8ee8c18d-65cc-49bc-8d53-6d0b6e2387ef->b0a33e40-d898-4e82-91f3-4e0ce9e6b5e2: nextIndex: updateUnconditionally 5 -> 4
2019-08-23 09:58:35,715 [grpc-default-executor-4] WARN  server.GrpcLogAppender (LogUtils.java:warn(134)) - 8ee8c18d-65cc-49bc-8d53-6d0b6e2387ef->b0a33e40-d898-4e82-91f3-4e0ce9e6b5e2: Failed appendEntries: org.apache.ratis.thirdparty.io.grpc.StatusRuntimeException: UNAVAILABLE: io exception
2019-08-23 09:58:35,718 [grpc-default-executor-4] INFO  impl.FollowerInfo (FollowerInfo.java:lambda$new$0(50)) - 8ee8c18d-65cc-49bc-8d53-6d0b6e2387ef->b0a33e40-d898-4e82-91f3-4e0ce9e6b5e2: nextIndex: updateUnconditionally 5 -> 4
2019-08-23 09:58:35,731 [grpc-default-executor-1] WARN  server.GrpcLogAppender (LogUtils.java:warn(134)) - 8ee8c18d-65cc-49bc-8d53-6d0b6e2387ef->b0a33e40-d898-4e82-91f3-4e0ce9e6b5e2: Failed appendEntries: org.apache.ratis.thirdparty.io.grpc.StatusRuntimeException: UNAVAILABLE: io exception
2019-08-23 09:58:35,734 [grpc-default-executor-1] INFO  impl.FollowerInfo (FollowerInfo.java:lambda$new$0(50)) - 8ee8c18d-65cc-49bc-8d53-6d0b6e2387ef->b0a33e40-d898-4e82-91f3-4e0ce9e6b5e2: nextIndex: updateUnconditionally 5 -> 4
2019-08-23 09:58:35,762 | INFO  | SCMAudit | user=jenkins1000 | ip=192.168.5.185 | op=SEND_HEARTBEAT {datanodeUUID=f6ea449c-e8f9-4f88-8115-d15823026628, command=[]} | ret=SUCCESS |  
2019-08-23 09:58:35,788 [RatisApplyTransactionExecutor 2] INFO  interfaces.Container (KeyValueContainer.java:compactDB(356)) - Container 2 is closed with bcsId 3.
2019-08-23 09:58:35,789 | INFO  | DNAudit | user=null | ip=null | op=CLOSE_CONTAINER {containerID=2} | ret=SUCCESS |  
2019-08-23 09:58:35,790 | INFO  | SCMAudit | user=jenkins1000 | ip=192.168.5.185 | op=SEND_HEARTBEAT {datanodeUUID=8ee8c18d-65cc-49bc-8d53-6d0b6e2387ef, command=[]} | ret=SUCCESS |  
2019-08-23 09:58:35,790 [EventQueue-IncrementalContainerReportForIncrementalContainerReportHandler] INFO  container.IncrementalContainerReportHandler (AbstractContainerReportHandler.java:updateContainerState(176)) - Moving container #2 to CLOSED state, datanode 8ee8c18d-65cc-49bc-8d53-6d0b6e2387ef{ip: 192.168.5.185, host: pr-hdds-1094-w8cgz-2737508714, networkLocation: /default-rack, certSerialId: null} reported CLOSED replica.
2019-08-23 09:58:35,826 [RatisApplyTransactionExecutor 2] INFO  interfaces.Container (KeyValueContainer.java:compactDB(356)) - Container 2 is closed with bcsId 3.
2019-08-23 09:58:35,828 | INFO  | DNAudit | user=null | ip=null | op=CLOSE_CONTAINER {containerID=2} | ret=SUCCESS |  
2019-08-23 09:58:35,829 | INFO  | SCMAudit | user=jenkins1000 | ip=192.168.5.185 | op=SEND_HEARTBEAT {datanodeUUID=f6ea449c-e8f9-4f88-8115-d15823026628, command=[]} | ret=SUCCESS |  
2019-08-23 09:58:36,113 | INFO  | SCMAudit | user=jenkins1000 | ip=192.168.5.185 | op=SEND_HEARTBEAT {datanodeUUID=2671c7a5-e82e-47d4-ac19-8fdd6a59c091, command=[]} | ret=SUCCESS |  
2019-08-23 09:58:36,459 [grpc-default-executor-2] WARN  server.GrpcLogAppender (LogUtils.java:warn(134)) - 34ad912f-7383-45cc-9fa6-3ffcc2095e4d->3b8e34bd-3e3f-4a27-8e2c-5775a50f870a: Failed appendEntries: org.apache.ratis.thirdparty.io.grpc.StatusRuntimeException: UNAVAILABLE: io exception
2019-08-23 09:58:36,461 [grpc-default-executor-2] INFO  impl.FollowerInfo (FollowerInfo.java:lambda$new$0(50)) - 34ad912f-7383-45cc-9fa6-3ffcc2095e4d->3b8e34bd-3e3f-4a27-8e2c-5775a50f870a: nextIndex: updateUnconditionally 15 -> 14
2019-08-23 09:58:36,791 | INFO  | SCMAudit | user=jenkins1000 | ip=192.168.5.185 | op=SEND_HEARTBEAT {datanodeUUID=8ee8c18d-65cc-49bc-8d53-6d0b6e2387ef, command=[]} | ret=SUCCESS |  
2019-08-23 09:58:36,831 | INFO  | SCMAudit | user=jenkins1000 | ip=192.168.5.185 | op=SEND_HEARTBEAT {datanodeUUID=f6ea449c-e8f9-4f88-8115-d15823026628, command=[]} | ret=SUCCESS |  
2019-08-23 09:58:37,113 | INFO  | SCMAudit | user=jenkins1000 | ip=192.168.5.185 | op=SEND_HEARTBEAT {datanodeUUID=2671c7a5-e82e-47d4-ac19-8fdd6a59c091, command=[]} | ret=SUCCESS |  
2019-08-23 09:58:37,791 | INFO  | SCMAudit | user=jenkins1000 | ip=192.168.5.185 | op=SEND_HEARTBEAT {datanodeUUID=8ee8c18d-65cc-49bc-8d53-6d0b6e2387ef, command=[]} | ret=SUCCESS |  
2019-08-23 09:58:37,829 | INFO  | SCMAudit | user=jenkins1000 | ip=192.168.5.185 | op=SEND_HEARTBEAT {datanodeUUID=f6ea449c-e8f9-4f88-8115-d15823026628, command=[]} | ret=SUCCESS |  
2019-08-23 09:58:38,057 [EventQueue-StaleNodeForStaleNodeHandler] INFO  node.StaleNodeHandler (StaleNodeHandler.java:onMessage(58)) - Datanode 34ad912f-7383-45cc-9fa6-3ffcc2095e4d{ip: 192.168.5.185, host: pr-hdds-1094-w8cgz-2737508714, networkLocation: /default-rack, certSerialId: null} moved to stale state. Finalizing its pipelines [PipelineID=5df26e9b-d0a3-4039-b4d7-713e0cf3d0af, PipelineID=f19e1e2a-8702-4cca-9b36-8da920169f18]
2019-08-23 09:58:38,057 [EventQueue-StaleNodeForStaleNodeHandler] INFO  pipeline.SCMPipelineManager (SCMPipelineManager.java:finalizeAndDestroyPipeline(309)) - destroying pipeline:Pipeline[ Id: 5df26e9b-d0a3-4039-b4d7-713e0cf3d0af, Nodes: 34ad912f-7383-45cc-9fa6-3ffcc2095e4d{ip: 192.168.5.185, host: pr-hdds-1094-w8cgz-2737508714, networkLocation: /default-rack, certSerialId: null}, Type:RATIS, Factor:ONE, State:OPEN]
2019-08-23 09:58:38,057 [EventQueue-StaleNodeForStaleNodeHandler] INFO  pipeline.PipelineStateManager (PipelineStateManager.java:finalizePipeline(123)) - Pipeline Pipeline[ Id: 5df26e9b-d0a3-4039-b4d7-713e0cf3d0af, Nodes: 34ad912f-7383-45cc-9fa6-3ffcc2095e4d{ip: 192.168.5.185, host: pr-hdds-1094-w8cgz-2737508714, networkLocation: /default-rack, certSerialId: null}, Type:RATIS, Factor:ONE, State:CLOSED] moved to CLOSED state
2019-08-23 09:58:38,057 [EventQueue-StaleNodeForStaleNodeHandler] INFO  pipeline.SCMPipelineManager (SCMPipelineManager.java:finalizeAndDestroyPipeline(309)) - destroying pipeline:Pipeline[ Id: f19e1e2a-8702-4cca-9b36-8da920169f18, Nodes: 2671c7a5-e82e-47d4-ac19-8fdd6a59c091{ip: 192.168.5.185, host: pr-hdds-1094-w8cgz-2737508714, networkLocation: /default-rack, certSerialId: null}34ad912f-7383-45cc-9fa6-3ffcc2095e4d{ip: 192.168.5.185, host: pr-hdds-1094-w8cgz-2737508714, networkLocation: /default-rack, certSerialId: null}3b8e34bd-3e3f-4a27-8e2c-5775a50f870a{ip: 192.168.5.185, host: pr-hdds-1094-w8cgz-2737508714, networkLocation: /default-rack, certSerialId: null}, Type:RATIS, Factor:THREE, State:CLOSED]
2019-08-23 09:58:38,114 | INFO  | SCMAudit | user=jenkins1000 | ip=192.168.5.185 | op=SEND_HEARTBEAT {datanodeUUID=2671c7a5-e82e-47d4-ac19-8fdd6a59c091, command=[]} | ret=SUCCESS |  
2019-08-23 09:58:38,239 [grpc-default-executor-4] WARN  server.GrpcLogAppender (LogUtils.java:warn(134)) - 8ee8c18d-65cc-49bc-8d53-6d0b6e2387ef->b0a33e40-d898-4e82-91f3-4e0ce9e6b5e2: Failed appendEntries: org.apache.ratis.thirdparty.io.grpc.StatusRuntimeException: UNAVAILABLE: io exception
2019-08-23 09:58:38,242 [grpc-default-executor-4] INFO  impl.FollowerInfo (FollowerInfo.java:lambda$new$0(50)) - 8ee8c18d-65cc-49bc-8d53-6d0b6e2387ef->b0a33e40-d898-4e82-91f3-4e0ce9e6b5e2: nextIndex: updateUnconditionally 4 -> 3
2019-08-23 09:58:38,791 | INFO  | SCMAudit | user=jenkins1000 | ip=192.168.5.185 | op=SEND_HEARTBEAT {datanodeUUID=8ee8c18d-65cc-49bc-8d53-6d0b6e2387ef, command=[]} | ret=SUCCESS |  
2019-08-23 09:58:38,831 | INFO  | SCMAudit | user=jenkins1000 | ip=192.168.5.185 | op=SEND_HEARTBEAT {datanodeUUID=f6ea449c-e8f9-4f88-8115-d15823026628, command=[]} | ret=SUCCESS |  
2019-08-23 09:58:38,858 [EventQueue-StaleNodeForStaleNodeHandler] INFO  node.StaleNodeHandler (StaleNodeHandler.java:onMessage(58)) - Datanode b10ad05f-5e91-449e-8dbf-0e715902412d{ip: 192.168.5.185, host: pr-hdds-1094-w8cgz-2737508714, networkLocation: /default-rack, certSerialId: null} moved to stale state. Finalizing its pipelines [PipelineID=14ae3e42-2c32-496e-9ad3-716ccc0db4a7]
2019-08-23 09:58:38,858 [EventQueue-StaleNodeForStaleNodeHandler] INFO  pipeline.SCMPipelineManager (SCMPipelineManager.java:finalizeAndDestroyPipeline(309)) - destroying pipeline:Pipeline[ Id: 14ae3e42-2c32-496e-9ad3-716ccc0db4a7, Nodes: b10ad05f-5e91-449e-8dbf-0e715902412d{ip: 192.168.5.185, host: pr-hdds-1094-w8cgz-2737508714, networkLocation: /default-rack, certSerialId: null}, Type:RATIS, Factor:ONE, State:OPEN]
2019-08-23 09:58:38,859 [EventQueue-StaleNodeForStaleNodeHandler] INFO  pipeline.PipelineStateManager (PipelineStateManager.java:finalizePipeline(123)) - Pipeline Pipeline[ Id: 14ae3e42-2c32-496e-9ad3-716ccc0db4a7, Nodes: b10ad05f-5e91-449e-8dbf-0e715902412d{ip: 192.168.5.185, host: pr-hdds-1094-w8cgz-2737508714, networkLocation: /default-rack, certSerialId: null}, Type:RATIS, Factor:ONE, State:CLOSED] moved to CLOSED state
2019-08-23 09:58:38,960 [main] INFO  ozoneimpl.OzoneContainer (OzoneContainer.java:stop(199)) - Attempting to stop container services.
2019-08-23 09:58:38,961 [main] INFO  impl.RaftServerProxy (RaftServerProxy.java:lambda$close$4(314)) - b10ad05f-5e91-449e-8dbf-0e715902412d: close
2019-08-23 09:58:38,961 [main] INFO  impl.RaftServerImpl (RaftServerImpl.java:lambda$shutdown$3(245)) - b10ad05f-5e91-449e-8dbf-0e715902412d: shutdown group-716CCC0DB4A7
2019-08-23 09:58:38,961 [main] INFO  util.JmxRegister (JmxRegister.java:unregister(73)) - Successfully un-registered JMX Bean with object name Ratis:service=RaftServer,group=group-716CCC0DB4A7,id=b10ad05f-5e91-449e-8dbf-0e715902412d
2019-08-23 09:58:38,961 [main] INFO  impl.RoleInfo (RoleInfo.java:shutdownLeaderState(104)) - b10ad05f-5e91-449e-8dbf-0e715902412d: shutdown LeaderState
2019-08-23 09:58:38,962 [main] INFO  impl.PendingRequests (PendingRequests.java:sendNotLeaderResponses(202)) - b10ad05f-5e91-449e-8dbf-0e715902412d-PendingRequests: sendNotLeaderResponses
2019-08-23 09:58:38,962 [main] INFO  impl.StateMachineUpdater (StateMachineUpdater.java:stopAndJoin(115)) - StateMachineUpdater:b10ad05f-5e91-449e-8dbf-0e715902412d:group-716CCC0DB4A7: set stopIndex = 0
2019-08-23 09:58:38,962 [main] INFO  impl.RaftServerImpl (ServerState.java:close(394)) - b10ad05f-5e91-449e-8dbf-0e715902412d:group-716CCC0DB4A7 closes. The last applied log index is 0
2019-08-23 09:58:38,963 [b10ad05f-5e91-449e-8dbf-0e715902412d-SegmentedRaftLogWorker:Storage Directory /workdir/hadoop-ozone/integration-test/target/test-dir/MiniOzoneClusterImpl-4dc0e789-7321-4c00-9da5-33206f8d16b6/datanode-3/data/ratis/14ae3e42-2c32-496e-9ad3-716ccc0db4a7] INFO  segmented.SegmentedRaftLogWorker (SegmentedRaftLogWorker.java:run(313)) - b10ad05f-5e91-449e-8dbf-0e715902412d-SegmentedRaftLogWorker:Storage Directory /workdir/hadoop-ozone/integration-test/target/test-dir/MiniOzoneClusterImpl-4dc0e789-7321-4c00-9da5-33206f8d16b6/datanode-3/data/ratis/14ae3e42-2c32-496e-9ad3-716ccc0db4a7 was interrupted, exiting. There are 0 tasks remaining in the queue.
2019-08-23 09:58:38,963 [grpc-default-executor-3] WARN  server.GrpcLogAppender (LogUtils.java:warn(134)) - 34ad912f-7383-45cc-9fa6-3ffcc2095e4d->3b8e34bd-3e3f-4a27-8e2c-5775a50f870a: Failed appendEntries: org.apache.ratis.thirdparty.io.grpc.StatusRuntimeException: UNAVAILABLE: io exception
2019-08-23 09:58:38,964 [main] INFO  segmented.SegmentedRaftLogWorker (SegmentedRaftLogWorker.java:close(228)) - b10ad05f-5e91-449e-8dbf-0e715902412d-SegmentedRaftLogWorker:Storage Directory /workdir/hadoop-ozone/integration-test/target/test-dir/MiniOzoneClusterImpl-4dc0e789-7321-4c00-9da5-33206f8d16b6/datanode-3/data/ratis/14ae3e42-2c32-496e-9ad3-716ccc0db4a7 close()
2019-08-23 09:58:38,965 [grpc-default-executor-3] INFO  impl.FollowerInfo (FollowerInfo.java:lambda$new$0(50)) - 34ad912f-7383-45cc-9fa6-3ffcc2095e4d->3b8e34bd-3e3f-4a27-8e2c-5775a50f870a: nextIndex: updateUnconditionally 14 -> 13
2019-08-23 09:58:38,968 [main] INFO  server.GrpcService (GrpcService.java:closeImpl(155)) - b10ad05f-5e91-449e-8dbf-0e715902412d: shutdown server with port 36540 now
2019-08-23 09:58:38,969 [main] INFO  server.GrpcService (GrpcService.java:closeImpl(163)) - b10ad05f-5e91-449e-8dbf-0e715902412d: shutdown server with port 36540 successfully
2019-08-23 09:58:38,970 [main] INFO  utils.BackgroundService (BackgroundService.java:shutdown(148)) - Shutting down service BlockDeletingService
2019-08-23 09:58:38,971 [refreshUsed-/workdir/hadoop-ozone/integration-test/target/test-dir/MiniOzoneClusterImpl-4dc0e789-7321-4c00-9da5-33206f8d16b6/datanode-3/data/containers] WARN  fs.CachingGetSpaceUsed (CachingGetSpaceUsed.java:run(183)) - Thread Interrupted waiting to refresh disk information: sleep interrupted
2019-08-23 09:58:38,975 [ForkJoinPool.commonPool-worker-1] INFO  ozoneimpl.OzoneContainer (OzoneContainer.java:stop(199)) - Attempting to stop container services.
2019-08-23 09:58:38,976 [ForkJoinPool.commonPool-worker-1] INFO  impl.RaftServerProxy (RaftServerProxy.java:lambda$close$4(314)) - 34ad912f-7383-45cc-9fa6-3ffcc2095e4d: close
2019-08-23 09:58:38,976 [ForkJoinPool.commonPool-worker-1] INFO  impl.RaftServerImpl (RaftServerImpl.java:lambda$shutdown$3(245)) - 34ad912f-7383-45cc-9fa6-3ffcc2095e4d: shutdown group-713E0CF3D0AF
2019-08-23 09:58:38,976 [ForkJoinPool.commonPool-worker-1] INFO  util.JmxRegister (JmxRegister.java:unregister(73)) - Successfully un-registered JMX Bean with object name Ratis:service=RaftServer,group=group-713E0CF3D0AF,id=34ad912f-7383-45cc-9fa6-3ffcc2095e4d
2019-08-23 09:58:38,976 [ForkJoinPool.commonPool-worker-1] INFO  impl.RoleInfo (RoleInfo.java:shutdownLeaderState(104)) - 34ad912f-7383-45cc-9fa6-3ffcc2095e4d: shutdown LeaderState
2019-08-23 09:58:38,977 [ForkJoinPool.commonPool-worker-1] INFO  impl.PendingRequests (PendingRequests.java:sendNotLeaderResponses(202)) - 34ad912f-7383-45cc-9fa6-3ffcc2095e4d-PendingRequests: sendNotLeaderResponses
2019-08-23 09:58:38,977 [ForkJoinPool.commonPool-worker-1] INFO  impl.StateMachineUpdater (StateMachineUpdater.java:stopAndJoin(115)) - StateMachineUpdater:34ad912f-7383-45cc-9fa6-3ffcc2095e4d:group-713E0CF3D0AF: set stopIndex = 0
2019-08-23 09:58:38,977 [ForkJoinPool.commonPool-worker-1] INFO  impl.RaftServerImpl (ServerState.java:close(394)) - 34ad912f-7383-45cc-9fa6-3ffcc2095e4d:group-713E0CF3D0AF closes. The last applied log index is 0
2019-08-23 09:58:38,977 [34ad912f-7383-45cc-9fa6-3ffcc2095e4d-SegmentedRaftLogWorker:Storage Directory /workdir/hadoop-ozone/integration-test/target/test-dir/MiniOzoneClusterImpl-4dc0e789-7321-4c00-9da5-33206f8d16b6/datanode-2/data/ratis/5df26e9b-d0a3-4039-b4d7-713e0cf3d0af] INFO  segmented.SegmentedRaftLogWorker (SegmentedRaftLogWorker.java:run(313)) - 34ad912f-7383-45cc-9fa6-3ffcc2095e4d-SegmentedRaftLogWorker:Storage Directory /workdir/hadoop-ozone/integration-test/target/test-dir/MiniOzoneClusterImpl-4dc0e789-7321-4c00-9da5-33206f8d16b6/datanode-2/data/ratis/5df26e9b-d0a3-4039-b4d7-713e0cf3d0af was interrupted, exiting. There are 0 tasks remaining in the queue.
2019-08-23 09:58:38,979 [ForkJoinPool.commonPool-worker-1] INFO  segmented.SegmentedRaftLogWorker (SegmentedRaftLogWorker.java:close(228)) - 34ad912f-7383-45cc-9fa6-3ffcc2095e4d-SegmentedRaftLogWorker:Storage Directory /workdir/hadoop-ozone/integration-test/target/test-dir/MiniOzoneClusterImpl-4dc0e789-7321-4c00-9da5-33206f8d16b6/datanode-2/data/ratis/5df26e9b-d0a3-4039-b4d7-713e0cf3d0af close()
2019-08-23 09:58:38,981 [ForkJoinPool.commonPool-worker-1] INFO  impl.RaftServerImpl (RaftServerImpl.java:lambda$shutdown$3(245)) - 34ad912f-7383-45cc-9fa6-3ffcc2095e4d: shutdown group-8DA920169F18
2019-08-23 09:58:38,981 [ForkJoinPool.commonPool-worker-1] INFO  util.JmxRegister (JmxRegister.java:unregister(73)) - Successfully un-registered JMX Bean with object name Ratis:service=RaftServer,group=group-8DA920169F18,id=34ad912f-7383-45cc-9fa6-3ffcc2095e4d
2019-08-23 09:58:38,982 [ForkJoinPool.commonPool-worker-1] INFO  impl.RoleInfo (RoleInfo.java:shutdownLeaderState(104)) - 34ad912f-7383-45cc-9fa6-3ffcc2095e4d: shutdown LeaderState
2019-08-23 09:58:38,984 [ForkJoinPool.commonPool-worker-1] INFO  impl.PendingRequests (PendingRequests.java:sendNotLeaderResponses(202)) - 34ad912f-7383-45cc-9fa6-3ffcc2095e4d-PendingRequests: sendNotLeaderResponses
2019-08-23 09:58:38,984 [org.apache.ratis.server.impl.LogAppender$AppenderDaemon$$Lambda$482/1532957749@1f5774b2] WARN  server.GrpcLogAppender (GrpcLogAppender.java:mayWait(143)) - GrpcLogAppender(34ad912f-7383-45cc-9fa6-3ffcc2095e4d->3b8e34bd-3e3f-4a27-8e2c-5775a50f870a): Wait interrupted by java.lang.InterruptedException
2019-08-23 09:58:38,984 [org.apache.ratis.server.impl.LogAppender$AppenderDaemon$$Lambda$482/1532957749@5a55f19c] WARN  server.GrpcLogAppender (GrpcLogAppender.java:mayWait(143)) - GrpcLogAppender(34ad912f-7383-45cc-9fa6-3ffcc2095e4d->2671c7a5-e82e-47d4-ac19-8fdd6a59c091): Wait interrupted by java.lang.InterruptedException
2019-08-23 09:58:38,985 [grpc-default-executor-3] INFO  server.GrpcServerProtocolService (GrpcServerProtocolService.java:onCompleted(104)) - 2671c7a5-e82e-47d4-ac19-8fdd6a59c091: appendEntries completed
2019-08-23 09:58:38,987 [grpc-default-executor-3] INFO  server.GrpcLogAppender (GrpcLogAppender.java:onCompleted(292)) - 34ad912f-7383-45cc-9fa6-3ffcc2095e4d->2671c7a5-e82e-47d4-ac19-8fdd6a59c091: follower responses appendEntries COMPLETED
2019-08-23 09:58:38,989 [grpc-default-executor-3] INFO  impl.FollowerInfo (FollowerInfo.java:lambda$new$0(50)) - 34ad912f-7383-45cc-9fa6-3ffcc2095e4d->2671c7a5-e82e-47d4-ac19-8fdd6a59c091: nextIndex: updateUnconditionally 17 -> 16
2019-08-23 09:58:38,989 [ForkJoinPool.commonPool-worker-1] INFO  impl.StateMachineUpdater (StateMachineUpdater.java:stopAndJoin(115)) - StateMachineUpdater:34ad912f-7383-45cc-9fa6-3ffcc2095e4d:group-8DA920169F18: set stopIndex = 16
2019-08-23 09:58:38,989 [StateMachineUpdater:34ad912f-7383-45cc-9fa6-3ffcc2095e4d:group-8DA920169F18] INFO  ratis.ContainerStateMachine (ContainerStateMachine.java:takeSnapshot(283)) - group-8DA920169F18: Taking a snapshot at:(t:1, i:14) file /workdir/hadoop-ozone/integration-test/target/test-dir/MiniOzoneClusterImpl-4dc0e789-7321-4c00-9da5-33206f8d16b6/datanode-2/data/ratis/f19e1e2a-8702-4cca-9b36-8da920169f18/sm/snapshot.1_14
2019-08-23 09:58:38,996 [main] INFO  statemachine.DatanodeStateMachine (DatanodeStateMachine.java:stopDaemon(395)) - Ozone container server stopped.
2019-08-23 09:58:38,996 [main] INFO  handler.ContextHandler (ContextHandler.java:doStop(910)) - Stopped o.e.j.w.WebAppContext@2bec068b{/,null,UNAVAILABLE}{/hddsDatanode}
2019-08-23 09:58:38,997 [main] INFO  server.AbstractConnector (AbstractConnector.java:doStop(318)) - Stopped ServerConnector@7d59e968{HTTP/1.1,[http/1.1]}{0.0.0.0:0}
2019-08-23 09:58:38,997 [main] INFO  handler.ContextHandler (ContextHandler.java:doStop(910)) - Stopped o.e.j.s.ServletContextHandler@486bd064{/static,jar:file:/home/user/.m2/repository/org/apache/hadoop/hadoop-hdds-container-service/0.5.0-SNAPSHOT/hadoop-hdds-container-service-0.5.0-SNAPSHOT.jar!/webapps/static,UNAVAILABLE}
2019-08-23 09:58:38,998 [main] INFO  handler.ContextHandler (ContextHandler.java:doStop(910)) - Stopped o.e.j.s.ServletContextHandler@2506b881{/logs,file:///workdir/hadoop-ozone/integration-test/target/log,UNAVAILABLE}
2019-08-23 09:58:38,999 [main] INFO  datanode.ObjectStoreHandler (ObjectStoreHandler.java:close(155)) - Closing ObjectStoreHandler.
2019-08-23 09:58:38,999 [main] INFO  ozone.HddsDatanodeService (HddsDatanodeService.java:stop(451)) - Stopped plug-in org.apache.hadoop.ozone.web.OzoneHddsDatanodeService@561d88ee
2019-08-23 09:58:39,002 [StateMachineUpdater:34ad912f-7383-45cc-9fa6-3ffcc2095e4d:group-8DA920169F18] INFO  ratis.ContainerStateMachine (ContainerStateMachine.java:takeSnapshot(294)) - group-8DA920169F18: Finished taking a snapshot at:(t:1, i:14) file:/workdir/hadoop-ozone/integration-test/target/test-dir/MiniOzoneClusterImpl-4dc0e789-7321-4c00-9da5-33206f8d16b6/datanode-2/data/ratis/f19e1e2a-8702-4cca-9b36-8da920169f18/sm/snapshot.1_14 time:13
2019-08-23 09:58:39,002 [StateMachineUpdater:34ad912f-7383-45cc-9fa6-3ffcc2095e4d:group-8DA920169F18] INFO  impl.StateMachineUpdater (StateMachineUpdater.java:takeSnapshot(242)) - StateMachineUpdater:34ad912f-7383-45cc-9fa6-3ffcc2095e4d:group-8DA920169F18: Took a snapshot at index 14
2019-08-23 09:58:39,003 [StateMachineUpdater:34ad912f-7383-45cc-9fa6-3ffcc2095e4d:group-8DA920169F18] INFO  impl.StateMachineUpdater (StateMachineUpdater.java:lambda$new$0(80)) - StateMachineUpdater:34ad912f-7383-45cc-9fa6-3ffcc2095e4d:group-8DA920169F18: snapshotIndex: updateIncreasingly -1 -> 14
2019-08-23 09:58:39,003 [ForkJoinPool.commonPool-worker-1] INFO  impl.RaftServerImpl (ServerState.java:close(394)) - 34ad912f-7383-45cc-9fa6-3ffcc2095e4d:group-8DA920169F18 closes. The last applied log index is 16
2019-08-23 09:58:39,003 [34ad912f-7383-45cc-9fa6-3ffcc2095e4d-SegmentedRaftLogWorker:Storage Directory /workdir/hadoop-ozone/integration-test/target/test-dir/MiniOzoneClusterImpl-4dc0e789-7321-4c00-9da5-33206f8d16b6/datanode-2/data/ratis/f19e1e2a-8702-4cca-9b36-8da920169f18] INFO  segmented.SegmentedRaftLogWorker (SegmentedRaftLogWorker.java:run(313)) - 34ad912f-7383-45cc-9fa6-3ffcc2095e4d-SegmentedRaftLogWorker:Storage Directory /workdir/hadoop-ozone/integration-test/target/test-dir/MiniOzoneClusterImpl-4dc0e789-7321-4c00-9da5-33206f8d16b6/datanode-2/data/ratis/f19e1e2a-8702-4cca-9b36-8da920169f18 was interrupted, exiting. There are 0 tasks remaining in the queue.
2019-08-23 09:58:39,005 [ForkJoinPool.commonPool-worker-1] INFO  segmented.SegmentedRaftLogWorker (SegmentedRaftLogWorker.java:close(228)) - 34ad912f-7383-45cc-9fa6-3ffcc2095e4d-SegmentedRaftLogWorker:Storage Directory /workdir/hadoop-ozone/integration-test/target/test-dir/MiniOzoneClusterImpl-4dc0e789-7321-4c00-9da5-33206f8d16b6/datanode-2/data/ratis/f19e1e2a-8702-4cca-9b36-8da920169f18 close()
2019-08-23 09:58:39,007 [ForkJoinPool.commonPool-worker-1] INFO  server.GrpcService (GrpcService.java:closeImpl(155)) - 34ad912f-7383-45cc-9fa6-3ffcc2095e4d: shutdown server with port 33327 now
2019-08-23 09:58:39,008 [ForkJoinPool.commonPool-worker-1] INFO  server.GrpcService (GrpcService.java:closeImpl(163)) - 34ad912f-7383-45cc-9fa6-3ffcc2095e4d: shutdown server with port 33327 successfully
2019-08-23 09:58:39,008 [grpc-default-executor-2] WARN  client.GrpcClientProtocolService (LogUtils.java:warn(134)) - 3-UnorderedRequestStreamObserver3: onError: org.apache.ratis.thirdparty.io.grpc.StatusRuntimeException: CANCELLED: cancelled before receiving half close
2019-08-23 09:58:39,013 [ForkJoinPool.commonPool-worker-1] INFO  utils.BackgroundService (BackgroundService.java:shutdown(148)) - Shutting down service BlockDeletingService
2019-08-23 09:58:39,016 [refreshUsed-/workdir/hadoop-ozone/integration-test/target/test-dir/MiniOzoneClusterImpl-4dc0e789-7321-4c00-9da5-33206f8d16b6/datanode-2/data/containers] WARN  fs.CachingGetSpaceUsed (CachingGetSpaceUsed.java:run(183)) - Thread Interrupted waiting to refresh disk information: sleep interrupted
2019-08-23 09:58:39,029 [ForkJoinPool.commonPool-worker-1] INFO  statemachine.DatanodeStateMachine (DatanodeStateMachine.java:stopDaemon(395)) - Ozone container server stopped.
2019-08-23 09:58:39,032 [ForkJoinPool.commonPool-worker-1] INFO  handler.ContextHandler (ContextHandler.java:doStop(910)) - Stopped o.e.j.w.WebAppContext@1b52699c{/,null,UNAVAILABLE}{/hddsDatanode}
2019-08-23 09:58:39,033 [ForkJoinPool.commonPool-worker-1] INFO  server.AbstractConnector (AbstractConnector.java:doStop(318)) - Stopped ServerConnector@dbed7fd{HTTP/1.1,[http/1.1]}{0.0.0.0:0}
2019-08-23 09:58:39,034 [ForkJoinPool.commonPool-worker-1] INFO  handler.ContextHandler (ContextHandler.java:doStop(910)) - Stopped o.e.j.s.ServletContextHandler@b379bc6{/static,jar:file:/home/user/.m2/repository/org/apache/hadoop/hadoop-hdds-container-service/0.5.0-SNAPSHOT/hadoop-hdds-container-service-0.5.0-SNAPSHOT.jar!/webapps/static,UNAVAILABLE}
2019-08-23 09:58:39,035 [ForkJoinPool.commonPool-worker-1] INFO  handler.ContextHandler (ContextHandler.java:doStop(910)) - Stopped o.e.j.s.ServletContextHandler@3c7279a5{/logs,file:///workdir/hadoop-ozone/integration-test/target/log,UNAVAILABLE}
2019-08-23 09:58:39,035 [ForkJoinPool.commonPool-worker-1] INFO  datanode.ObjectStoreHandler (ObjectStoreHandler.java:close(155)) - Closing ObjectStoreHandler.
2019-08-23 09:58:39,036 [ForkJoinPool.commonPool-worker-1] INFO  ozone.HddsDatanodeService (HddsDatanodeService.java:stop(451)) - Stopped plug-in org.apache.hadoop.ozone.web.OzoneHddsDatanodeService@1a21f43f
2019-08-23 09:58:39,113 [Datanode State Machine Thread - 0] INFO  statemachine.DatanodeStateMachine (DatanodeStateMachine.java:lambda$startDaemon$0(350)) - Ozone container server started.
2019-08-23 09:58:39,791 | INFO  | SCMAudit | user=jenkins1000 | ip=192.168.5.185 | op=SEND_HEARTBEAT {datanodeUUID=8ee8c18d-65cc-49bc-8d53-6d0b6e2387ef, command=[]} | ret=SUCCESS |  
2019-08-23 09:58:39,829 [Datanode State Machine Thread - 0] INFO  statemachine.DatanodeStateMachine (DatanodeStateMachine.java:lambda$startDaemon$0(350)) - Ozone container server started.
2019-08-23 09:58:40,740 [grpc-default-executor-4] WARN  server.GrpcLogAppender (LogUtils.java:warn(134)) - 8ee8c18d-65cc-49bc-8d53-6d0b6e2387ef->b0a33e40-d898-4e82-91f3-4e0ce9e6b5e2: Failed appendEntries: org.apache.ratis.thirdparty.io.grpc.StatusRuntimeException: UNAVAILABLE: io exception
2019-08-23 09:58:40,746 [grpc-default-executor-4] INFO  impl.FollowerInfo (FollowerInfo.java:lambda$new$0(50)) - 8ee8c18d-65cc-49bc-8d53-6d0b6e2387ef->b0a33e40-d898-4e82-91f3-4e0ce9e6b5e2: nextIndex: updateUnconditionally 3 -> 2
2019-08-23 09:58:40,791 | INFO  | SCMAudit | user=jenkins1000 | ip=192.168.5.185 | op=SEND_HEARTBEAT {datanodeUUID=8ee8c18d-65cc-49bc-8d53-6d0b6e2387ef, command=[]} | ret=SUCCESS |  
2019-08-23 09:58:41,792 | INFO  | SCMAudit | user=jenkins1000 | ip=192.168.5.185 | op=SEND_HEARTBEAT {datanodeUUID=8ee8c18d-65cc-49bc-8d53-6d0b6e2387ef, command=[]} | ret=SUCCESS |  
2019-08-23 09:58:42,793 | INFO  | SCMAudit | user=jenkins1000 | ip=192.168.5.185 | op=SEND_HEARTBEAT {datanodeUUID=8ee8c18d-65cc-49bc-8d53-6d0b6e2387ef, command=[]} | ret=SUCCESS |  
2019-08-23 09:58:43,167 [EventQueue-StaleNodeForStaleNodeHandler] INFO  node.StaleNodeHandler (StaleNodeHandler.java:onMessage(58)) - Datanode 2671c7a5-e82e-47d4-ac19-8fdd6a59c091{ip: 192.168.5.185, host: pr-hdds-1094-w8cgz-2737508714, networkLocation: /default-rack, certSerialId: null} moved to stale state. Finalizing its pipelines [PipelineID=8903ab2c-3ab4-413a-b5f0-6813a73968a0, PipelineID=f19e1e2a-8702-4cca-9b36-8da920169f18]
2019-08-23 09:58:43,167 [EventQueue-StaleNodeForStaleNodeHandler] INFO  pipeline.SCMPipelineManager (SCMPipelineManager.java:finalizeAndDestroyPipeline(309)) - destroying pipeline:Pipeline[ Id: 8903ab2c-3ab4-413a-b5f0-6813a73968a0, Nodes: 2671c7a5-e82e-47d4-ac19-8fdd6a59c091{ip: 192.168.5.185, host: pr-hdds-1094-w8cgz-2737508714, networkLocation: /default-rack, certSerialId: null}, Type:RATIS, Factor:ONE, State:OPEN]
2019-08-23 09:58:43,167 [EventQueue-StaleNodeForStaleNodeHandler] INFO  pipeline.PipelineStateManager (PipelineStateManager.java:finalizePipeline(123)) - Pipeline Pipeline[ Id: 8903ab2c-3ab4-413a-b5f0-6813a73968a0, Nodes: 2671c7a5-e82e-47d4-ac19-8fdd6a59c091{ip: 192.168.5.185, host: pr-hdds-1094-w8cgz-2737508714, networkLocation: /default-rack, certSerialId: null}, Type:RATIS, Factor:ONE, State:CLOSED] moved to CLOSED state
2019-08-23 09:58:43,167 [EventQueue-StaleNodeForStaleNodeHandler] INFO  pipeline.SCMPipelineManager (SCMPipelineManager.java:finalizeAndDestroyPipeline(309)) - destroying pipeline:Pipeline[ Id: f19e1e2a-8702-4cca-9b36-8da920169f18, Nodes: 2671c7a5-e82e-47d4-ac19-8fdd6a59c091{ip: 192.168.5.185, host: pr-hdds-1094-w8cgz-2737508714, networkLocation: /default-rack, certSerialId: null}34ad912f-7383-45cc-9fa6-3ffcc2095e4d{ip: 192.168.5.185, host: pr-hdds-1094-w8cgz-2737508714, networkLocation: /default-rack, certSerialId: null}3b8e34bd-3e3f-4a27-8e2c-5775a50f870a{ip: 192.168.5.185, host: pr-hdds-1094-w8cgz-2737508714, networkLocation: /default-rack, certSerialId: null}, Type:RATIS, Factor:THREE, State:CLOSED]
2019-08-23 09:58:43,243 [grpc-default-executor-3] WARN  server.GrpcLogAppender (LogUtils.java:warn(134)) - 8ee8c18d-65cc-49bc-8d53-6d0b6e2387ef->b0a33e40-d898-4e82-91f3-4e0ce9e6b5e2: Failed appendEntries: org.apache.ratis.thirdparty.io.grpc.StatusRuntimeException: UNAVAILABLE: io exception
2019-08-23 09:58:43,245 [grpc-default-executor-3] INFO  impl.FollowerInfo (FollowerInfo.java:lambda$new$0(50)) - 8ee8c18d-65cc-49bc-8d53-6d0b6e2387ef->b0a33e40-d898-4e82-91f3-4e0ce9e6b5e2: nextIndex: updateUnconditionally 2 -> 1
2019-08-23 09:58:43,792 | INFO  | SCMAudit | user=jenkins1000 | ip=192.168.5.185 | op=SEND_HEARTBEAT {datanodeUUID=8ee8c18d-65cc-49bc-8d53-6d0b6e2387ef, command=[]} | ret=SUCCESS |  
2019-08-23 09:58:43,868 [EventQueue-StaleNodeForStaleNodeHandler] INFO  node.StaleNodeHandler (StaleNodeHandler.java:onMessage(58)) - Datanode f6ea449c-e8f9-4f88-8115-d15823026628{ip: 192.168.5.185, host: pr-hdds-1094-w8cgz-2737508714, networkLocation: /default-rack, certSerialId: null} moved to stale state. Finalizing its pipelines [PipelineID=6917e62a-be5b-477c-9382-87326ecb8067, PipelineID=1f554e08-f8a3-4829-8888-e77555f1e387]
2019-08-23 09:58:43,868 [EventQueue-StaleNodeForStaleNodeHandler] INFO  pipeline.SCMPipelineManager (SCMPipelineManager.java:finalizeAndDestroyPipeline(309)) - destroying pipeline:Pipeline[ Id: 6917e62a-be5b-477c-9382-87326ecb8067, Nodes: f6ea449c-e8f9-4f88-8115-d15823026628{ip: 192.168.5.185, host: pr-hdds-1094-w8cgz-2737508714, networkLocation: /default-rack, certSerialId: null}8ee8c18d-65cc-49bc-8d53-6d0b6e2387ef{ip: 192.168.5.185, host: pr-hdds-1094-w8cgz-2737508714, networkLocation: /default-rack, certSerialId: null}b0a33e40-d898-4e82-91f3-4e0ce9e6b5e2{ip: 192.168.5.185, host: pr-hdds-1094-w8cgz-2737508714, networkLocation: /default-rack, certSerialId: null}, Type:RATIS, Factor:THREE, State:CLOSED]
2019-08-23 09:58:43,868 [EventQueue-StaleNodeForStaleNodeHandler] INFO  pipeline.SCMPipelineManager (SCMPipelineManager.java:finalizeAndDestroyPipeline(309)) - destroying pipeline:Pipeline[ Id: 1f554e08-f8a3-4829-8888-e77555f1e387, Nodes: f6ea449c-e8f9-4f88-8115-d15823026628{ip: 192.168.5.185, host: pr-hdds-1094-w8cgz-2737508714, networkLocation: /default-rack, certSerialId: null}, Type:RATIS, Factor:ONE, State:OPEN]
2019-08-23 09:58:43,869 [EventQueue-StaleNodeForStaleNodeHandler] INFO  pipeline.PipelineStateManager (PipelineStateManager.java:finalizePipeline(123)) - Pipeline Pipeline[ Id: 1f554e08-f8a3-4829-8888-e77555f1e387, Nodes: f6ea449c-e8f9-4f88-8115-d15823026628{ip: 192.168.5.185, host: pr-hdds-1094-w8cgz-2737508714, networkLocation: /default-rack, certSerialId: null}, Type:RATIS, Factor:ONE, State:CLOSED] moved to CLOSED state
2019-08-23 09:58:44,000 [main] INFO  ozoneimpl.OzoneContainer (OzoneContainer.java:stop(199)) - Attempting to stop container services.
2019-08-23 09:58:44,000 [main] INFO  impl.RaftServerProxy (RaftServerProxy.java:lambda$close$4(314)) - 2671c7a5-e82e-47d4-ac19-8fdd6a59c091: close
2019-08-23 09:58:44,000 [main] INFO  impl.RaftServerImpl (RaftServerImpl.java:lambda$shutdown$3(245)) - 2671c7a5-e82e-47d4-ac19-8fdd6a59c091: shutdown group-6813A73968A0
2019-08-23 09:58:44,001 [main] INFO  util.JmxRegister (JmxRegister.java:unregister(73)) - Successfully un-registered JMX Bean with object name Ratis:service=RaftServer,group=group-6813A73968A0,id=2671c7a5-e82e-47d4-ac19-8fdd6a59c091
2019-08-23 09:58:44,001 [main] INFO  impl.RoleInfo (RoleInfo.java:shutdownLeaderState(104)) - 2671c7a5-e82e-47d4-ac19-8fdd6a59c091: shutdown LeaderState
2019-08-23 09:58:44,001 [main] INFO  impl.PendingRequests (PendingRequests.java:sendNotLeaderResponses(202)) - 2671c7a5-e82e-47d4-ac19-8fdd6a59c091-PendingRequests: sendNotLeaderResponses
2019-08-23 09:58:44,002 [main] INFO  impl.StateMachineUpdater (StateMachineUpdater.java:stopAndJoin(115)) - StateMachineUpdater:2671c7a5-e82e-47d4-ac19-8fdd6a59c091:group-6813A73968A0: set stopIndex = 0
2019-08-23 09:58:44,002 [main] INFO  impl.RaftServerImpl (ServerState.java:close(394)) - 2671c7a5-e82e-47d4-ac19-8fdd6a59c091:group-6813A73968A0 closes. The last applied log index is 0
2019-08-23 09:58:44,002 [2671c7a5-e82e-47d4-ac19-8fdd6a59c091-SegmentedRaftLogWorker:Storage Directory /workdir/hadoop-ozone/integration-test/target/test-dir/MiniOzoneClusterImpl-4dc0e789-7321-4c00-9da5-33206f8d16b6/datanode-6/data/ratis/8903ab2c-3ab4-413a-b5f0-6813a73968a0] INFO  segmented.SegmentedRaftLogWorker (SegmentedRaftLogWorker.java:run(313)) - 2671c7a5-e82e-47d4-ac19-8fdd6a59c091-SegmentedRaftLogWorker:Storage Directory /workdir/hadoop-ozone/integration-test/target/test-dir/MiniOzoneClusterImpl-4dc0e789-7321-4c00-9da5-33206f8d16b6/datanode-6/data/ratis/8903ab2c-3ab4-413a-b5f0-6813a73968a0 was interrupted, exiting. There are 0 tasks remaining in the queue.
2019-08-23 09:58:44,004 [main] INFO  segmented.SegmentedRaftLogWorker (SegmentedRaftLogWorker.java:close(228)) - 2671c7a5-e82e-47d4-ac19-8fdd6a59c091-SegmentedRaftLogWorker:Storage Directory /workdir/hadoop-ozone/integration-test/target/test-dir/MiniOzoneClusterImpl-4dc0e789-7321-4c00-9da5-33206f8d16b6/datanode-6/data/ratis/8903ab2c-3ab4-413a-b5f0-6813a73968a0 close()
2019-08-23 09:58:44,007 [main] INFO  impl.RaftServerImpl (RaftServerImpl.java:lambda$shutdown$3(245)) - 2671c7a5-e82e-47d4-ac19-8fdd6a59c091: shutdown group-8DA920169F18
2019-08-23 09:58:44,007 [main] INFO  util.JmxRegister (JmxRegister.java:unregister(73)) - Successfully un-registered JMX Bean with object name Ratis:service=RaftServer,group=group-8DA920169F18,id=2671c7a5-e82e-47d4-ac19-8fdd6a59c091
2019-08-23 09:58:44,008 [main] INFO  impl.RoleInfo (RoleInfo.java:shutdownFollowerState(121)) - 2671c7a5-e82e-47d4-ac19-8fdd6a59c091: shutdown FollowerState
2019-08-23 09:58:44,008 [main] INFO  impl.StateMachineUpdater (StateMachineUpdater.java:stopAndJoin(115)) - StateMachineUpdater:2671c7a5-e82e-47d4-ac19-8fdd6a59c091:group-8DA920169F18: set stopIndex = 16
2019-08-23 09:58:44,008 [Thread-326] INFO  impl.FollowerState (FollowerState.java:run(114)) - 2671c7a5-e82e-47d4-ac19-8fdd6a59c091: FollowerState was interrupted: java.lang.InterruptedException: sleep interrupted
2019-08-23 09:58:44,008 [StateMachineUpdater:2671c7a5-e82e-47d4-ac19-8fdd6a59c091:group-8DA920169F18] INFO  ratis.ContainerStateMachine (ContainerStateMachine.java:takeSnapshot(283)) - group-8DA920169F18: Taking a snapshot at:(t:1, i:16) file /workdir/hadoop-ozone/integration-test/target/test-dir/MiniOzoneClusterImpl-4dc0e789-7321-4c00-9da5-33206f8d16b6/datanode-6/data/ratis/f19e1e2a-8702-4cca-9b36-8da920169f18/sm/snapshot.1_16
2019-08-23 09:58:44,031 [StateMachineUpdater:2671c7a5-e82e-47d4-ac19-8fdd6a59c091:group-8DA920169F18] INFO  ratis.ContainerStateMachine (ContainerStateMachine.java:takeSnapshot(294)) - group-8DA920169F18: Finished taking a snapshot at:(t:1, i:16) file:/workdir/hadoop-ozone/integration-test/target/test-dir/MiniOzoneClusterImpl-4dc0e789-7321-4c00-9da5-33206f8d16b6/datanode-6/data/ratis/f19e1e2a-8702-4cca-9b36-8da920169f18/sm/snapshot.1_16 time:23
2019-08-23 09:58:44,032 [StateMachineUpdater:2671c7a5-e82e-47d4-ac19-8fdd6a59c091:group-8DA920169F18] INFO  impl.StateMachineUpdater (StateMachineUpdater.java:takeSnapshot(242)) - StateMachineUpdater:2671c7a5-e82e-47d4-ac19-8fdd6a59c091:group-8DA920169F18: Took a snapshot at index 16
2019-08-23 09:58:44,032 [StateMachineUpdater:2671c7a5-e82e-47d4-ac19-8fdd6a59c091:group-8DA920169F18] INFO  impl.StateMachineUpdater (StateMachineUpdater.java:lambda$new$0(80)) - StateMachineUpdater:2671c7a5-e82e-47d4-ac19-8fdd6a59c091:group-8DA920169F18: snapshotIndex: updateIncreasingly -1 -> 16
2019-08-23 09:58:44,032 [main] INFO  impl.RaftServerImpl (ServerState.java:close(394)) - 2671c7a5-e82e-47d4-ac19-8fdd6a59c091:group-8DA920169F18 closes. The last applied log index is 16
2019-08-23 09:58:44,033 [2671c7a5-e82e-47d4-ac19-8fdd6a59c091-SegmentedRaftLogWorker:Storage Directory /workdir/hadoop-ozone/integration-test/target/test-dir/MiniOzoneClusterImpl-4dc0e789-7321-4c00-9da5-33206f8d16b6/datanode-6/data/ratis/f19e1e2a-8702-4cca-9b36-8da920169f18] INFO  segmented.SegmentedRaftLogWorker (SegmentedRaftLogWorker.java:run(313)) - 2671c7a5-e82e-47d4-ac19-8fdd6a59c091-SegmentedRaftLogWorker:Storage Directory /workdir/hadoop-ozone/integration-test/target/test-dir/MiniOzoneClusterImpl-4dc0e789-7321-4c00-9da5-33206f8d16b6/datanode-6/data/ratis/f19e1e2a-8702-4cca-9b36-8da920169f18 was interrupted, exiting. There are 0 tasks remaining in the queue.
2019-08-23 09:58:44,035 [main] INFO  segmented.SegmentedRaftLogWorker (SegmentedRaftLogWorker.java:close(228)) - 2671c7a5-e82e-47d4-ac19-8fdd6a59c091-SegmentedRaftLogWorker:Storage Directory /workdir/hadoop-ozone/integration-test/target/test-dir/MiniOzoneClusterImpl-4dc0e789-7321-4c00-9da5-33206f8d16b6/datanode-6/data/ratis/f19e1e2a-8702-4cca-9b36-8da920169f18 close()
2019-08-23 09:58:44,038 [main] INFO  server.GrpcService (GrpcService.java:closeImpl(155)) - 2671c7a5-e82e-47d4-ac19-8fdd6a59c091: shutdown server with port 32897 now
2019-08-23 09:58:44,038 [ForkJoinPool.commonPool-worker-1] INFO  ozoneimpl.OzoneContainer (OzoneContainer.java:stop(199)) - Attempting to stop container services.
2019-08-23 09:58:44,038 [main] INFO  server.GrpcService (GrpcService.java:closeImpl(163)) - 2671c7a5-e82e-47d4-ac19-8fdd6a59c091: shutdown server with port 32897 successfully
2019-08-23 09:58:44,038 [ForkJoinPool.commonPool-worker-1] INFO  impl.RaftServerProxy (RaftServerProxy.java:lambda$close$4(314)) - f6ea449c-e8f9-4f88-8115-d15823026628: close
2019-08-23 09:58:44,039 [ForkJoinPool.commonPool-worker-1] INFO  impl.RaftServerImpl (RaftServerImpl.java:lambda$shutdown$3(245)) - f6ea449c-e8f9-4f88-8115-d15823026628: shutdown group-87326ECB8067
2019-08-23 09:58:44,039 [ForkJoinPool.commonPool-worker-1] INFO  util.JmxRegister (JmxRegister.java:unregister(73)) - Successfully un-registered JMX Bean with object name Ratis:service=RaftServer,group=group-87326ECB8067,id=f6ea449c-e8f9-4f88-8115-d15823026628
2019-08-23 09:58:44,039 [ForkJoinPool.commonPool-worker-1] INFO  impl.RoleInfo (RoleInfo.java:shutdownFollowerState(121)) - f6ea449c-e8f9-4f88-8115-d15823026628: shutdown FollowerState
2019-08-23 09:58:44,040 [ForkJoinPool.commonPool-worker-1] INFO  impl.StateMachineUpdater (StateMachineUpdater.java:stopAndJoin(115)) - StateMachineUpdater:f6ea449c-e8f9-4f88-8115-d15823026628:group-87326ECB8067: set stopIndex = 6
2019-08-23 09:58:44,040 [StateMachineUpdater:f6ea449c-e8f9-4f88-8115-d15823026628:group-87326ECB8067] INFO  ratis.ContainerStateMachine (ContainerStateMachine.java:takeSnapshot(283)) - group-87326ECB8067: Taking a snapshot at:(t:1, i:5) file /workdir/hadoop-ozone/integration-test/target/test-dir/MiniOzoneClusterImpl-4dc0e789-7321-4c00-9da5-33206f8d16b6/datanode-0/data/ratis/6917e62a-be5b-477c-9382-87326ecb8067/sm/snapshot.1_5
2019-08-23 09:58:44,040 [Thread-313] INFO  impl.FollowerState (FollowerState.java:run(114)) - f6ea449c-e8f9-4f88-8115-d15823026628: FollowerState was interrupted: java.lang.InterruptedException: sleep interrupted
2019-08-23 09:58:44,044 [main] INFO  utils.BackgroundService (BackgroundService.java:shutdown(148)) - Shutting down service BlockDeletingService
2019-08-23 09:58:44,045 [refreshUsed-/workdir/hadoop-ozone/integration-test/target/test-dir/MiniOzoneClusterImpl-4dc0e789-7321-4c00-9da5-33206f8d16b6/datanode-6/data/containers] WARN  fs.CachingGetSpaceUsed (CachingGetSpaceUsed.java:run(183)) - Thread Interrupted waiting to refresh disk information: sleep interrupted
2019-08-23 09:58:44,055 [StateMachineUpdater:f6ea449c-e8f9-4f88-8115-d15823026628:group-87326ECB8067] INFO  ratis.ContainerStateMachine (ContainerStateMachine.java:takeSnapshot(294)) - group-87326ECB8067: Finished taking a snapshot at:(t:1, i:5) file:/workdir/hadoop-ozone/integration-test/target/test-dir/MiniOzoneClusterImpl-4dc0e789-7321-4c00-9da5-33206f8d16b6/datanode-0/data/ratis/6917e62a-be5b-477c-9382-87326ecb8067/sm/snapshot.1_5 time:14
2019-08-23 09:58:44,055 [StateMachineUpdater:f6ea449c-e8f9-4f88-8115-d15823026628:group-87326ECB8067] INFO  impl.StateMachineUpdater (StateMachineUpdater.java:takeSnapshot(242)) - StateMachineUpdater:f6ea449c-e8f9-4f88-8115-d15823026628:group-87326ECB8067: Took a snapshot at index 5
2019-08-23 09:58:44,055 [StateMachineUpdater:f6ea449c-e8f9-4f88-8115-d15823026628:group-87326ECB8067] INFO  impl.StateMachineUpdater (StateMachineUpdater.java:lambda$new$0(80)) - StateMachineUpdater:f6ea449c-e8f9-4f88-8115-d15823026628:group-87326ECB8067: snapshotIndex: updateIncreasingly -1 -> 5
2019-08-23 09:58:44,056 [ForkJoinPool.commonPool-worker-1] INFO  impl.RaftServerImpl (ServerState.java:close(394)) - f6ea449c-e8f9-4f88-8115-d15823026628:group-87326ECB8067 closes. The last applied log index is 6
2019-08-23 09:58:44,056 [f6ea449c-e8f9-4f88-8115-d15823026628-SegmentedRaftLogWorker:Storage Directory /workdir/hadoop-ozone/integration-test/target/test-dir/MiniOzoneClusterImpl-4dc0e789-7321-4c00-9da5-33206f8d16b6/datanode-0/data/ratis/6917e62a-be5b-477c-9382-87326ecb8067] INFO  segmented.SegmentedRaftLogWorker (SegmentedRaftLogWorker.java:run(313)) - f6ea449c-e8f9-4f88-8115-d15823026628-SegmentedRaftLogWorker:Storage Directory /workdir/hadoop-ozone/integration-test/target/test-dir/MiniOzoneClusterImpl-4dc0e789-7321-4c00-9da5-33206f8d16b6/datanode-0/data/ratis/6917e62a-be5b-477c-9382-87326ecb8067 was interrupted, exiting. There are 0 tasks remaining in the queue.
2019-08-23 09:58:44,058 [ForkJoinPool.commonPool-worker-1] INFO  segmented.SegmentedRaftLogWorker (SegmentedRaftLogWorker.java:close(228)) - f6ea449c-e8f9-4f88-8115-d15823026628-SegmentedRaftLogWorker:Storage Directory /workdir/hadoop-ozone/integration-test/target/test-dir/MiniOzoneClusterImpl-4dc0e789-7321-4c00-9da5-33206f8d16b6/datanode-0/data/ratis/6917e62a-be5b-477c-9382-87326ecb8067 close()
2019-08-23 09:58:44,065 [ForkJoinPool.commonPool-worker-1] INFO  impl.RaftServerImpl (RaftServerImpl.java:lambda$shutdown$3(245)) - f6ea449c-e8f9-4f88-8115-d15823026628: shutdown group-E77555F1E387
2019-08-23 09:58:44,066 [ForkJoinPool.commonPool-worker-1] INFO  util.JmxRegister (JmxRegister.java:unregister(73)) - Successfully un-registered JMX Bean with object name Ratis:service=RaftServer,group=group-E77555F1E387,id=f6ea449c-e8f9-4f88-8115-d15823026628
2019-08-23 09:58:44,066 [ForkJoinPool.commonPool-worker-1] INFO  impl.RoleInfo (RoleInfo.java:shutdownLeaderState(104)) - f6ea449c-e8f9-4f88-8115-d15823026628: shutdown LeaderState
2019-08-23 09:58:44,066 [ForkJoinPool.commonPool-worker-1] INFO  impl.PendingRequests (PendingRequests.java:sendNotLeaderResponses(202)) - f6ea449c-e8f9-4f88-8115-d15823026628-PendingRequests: sendNotLeaderResponses
2019-08-23 09:58:44,066 [ForkJoinPool.commonPool-worker-1] INFO  impl.StateMachineUpdater (StateMachineUpdater.java:stopAndJoin(115)) - StateMachineUpdater:f6ea449c-e8f9-4f88-8115-d15823026628:group-E77555F1E387: set stopIndex = 0
2019-08-23 09:58:44,068 [ForkJoinPool.commonPool-worker-1] INFO  impl.RaftServerImpl (ServerState.java:close(394)) - f6ea449c-e8f9-4f88-8115-d15823026628:group-E77555F1E387 closes. The last applied log index is 0
2019-08-23 09:58:44,068 [f6ea449c-e8f9-4f88-8115-d15823026628-SegmentedRaftLogWorker:Storage Directory /workdir/hadoop-ozone/integration-test/target/test-dir/MiniOzoneClusterImpl-4dc0e789-7321-4c00-9da5-33206f8d16b6/datanode-0/data/ratis/1f554e08-f8a3-4829-8888-e77555f1e387] INFO  segmented.SegmentedRaftLogWorker (SegmentedRaftLogWorker.java:run(313)) - f6ea449c-e8f9-4f88-8115-d15823026628-SegmentedRaftLogWorker:Storage Directory /workdir/hadoop-ozone/integration-test/target/test-dir/MiniOzoneClusterImpl-4dc0e789-7321-4c00-9da5-33206f8d16b6/datanode-0/data/ratis/1f554e08-f8a3-4829-8888-e77555f1e387 was interrupted, exiting. There are 0 tasks remaining in the queue.
2019-08-23 09:58:44,070 [ForkJoinPool.commonPool-worker-1] INFO  segmented.SegmentedRaftLogWorker (SegmentedRaftLogWorker.java:close(228)) - f6ea449c-e8f9-4f88-8115-d15823026628-SegmentedRaftLogWorker:Storage Directory /workdir/hadoop-ozone/integration-test/target/test-dir/MiniOzoneClusterImpl-4dc0e789-7321-4c00-9da5-33206f8d16b6/datanode-0/data/ratis/1f554e08-f8a3-4829-8888-e77555f1e387 close()
2019-08-23 09:58:44,072 [main] INFO  statemachine.DatanodeStateMachine (DatanodeStateMachine.java:stopDaemon(395)) - Ozone container server stopped.
2019-08-23 09:58:44,073 [ForkJoinPool.commonPool-worker-1] INFO  server.GrpcService (GrpcService.java:closeImpl(155)) - f6ea449c-e8f9-4f88-8115-d15823026628: shutdown server with port 39792 now
2019-08-23 09:58:44,076 [ForkJoinPool.commonPool-worker-1] INFO  server.GrpcService (GrpcService.java:closeImpl(163)) - f6ea449c-e8f9-4f88-8115-d15823026628: shutdown server with port 39792 successfully
2019-08-23 09:58:44,076 [grpc-default-executor-2] WARN  server.GrpcLogAppender (LogUtils.java:warn(134)) - 8ee8c18d-65cc-49bc-8d53-6d0b6e2387ef->f6ea449c-e8f9-4f88-8115-d15823026628: Failed appendEntries: org.apache.ratis.thirdparty.io.grpc.StatusRuntimeException: CANCELLED: HTTP/2 error code: CANCEL
Received Rst Stream
2019-08-23 09:58:44,077 [grpc-default-executor-2] INFO  impl.FollowerInfo (FollowerInfo.java:lambda$new$0(50)) - 8ee8c18d-65cc-49bc-8d53-6d0b6e2387ef->f6ea449c-e8f9-4f88-8115-d15823026628: nextIndex: updateUnconditionally 7 -> 6
2019-08-23 09:58:44,077 [ForkJoinPool.commonPool-worker-1] INFO  utils.BackgroundService (BackgroundService.java:shutdown(148)) - Shutting down service BlockDeletingService
2019-08-23 09:58:44,078 [refreshUsed-/workdir/hadoop-ozone/integration-test/target/test-dir/MiniOzoneClusterImpl-4dc0e789-7321-4c00-9da5-33206f8d16b6/datanode-0/data/containers] WARN  fs.CachingGetSpaceUsed (CachingGetSpaceUsed.java:run(183)) - Thread Interrupted waiting to refresh disk information: sleep interrupted
2019-08-23 09:58:44,076 [grpc-default-executor-4] WARN  server.GrpcServerProtocolService (LogUtils.java:warn(134)) - f6ea449c-e8f9-4f88-8115-d15823026628: appendEntries onError: org.apache.ratis.thirdparty.io.grpc.StatusRuntimeException: CANCELLED: cancelled before receiving half close
2019-08-23 09:58:44,076 [main] INFO  handler.ContextHandler (ContextHandler.java:doStop(910)) - Stopped o.e.j.w.WebAppContext@22da200e{/,null,UNAVAILABLE}{/hddsDatanode}
2019-08-23 09:58:44,082 [main] INFO  server.AbstractConnector (AbstractConnector.java:doStop(318)) - Stopped ServerConnector@4f26425b{HTTP/1.1,[http/1.1]}{0.0.0.0:0}
2019-08-23 09:58:44,082 [main] INFO  handler.ContextHandler (ContextHandler.java:doStop(910)) - Stopped o.e.j.s.ServletContextHandler@1515f782{/static,jar:file:/home/user/.m2/repository/org/apache/hadoop/hadoop-hdds-container-service/0.5.0-SNAPSHOT/hadoop-hdds-container-service-0.5.0-SNAPSHOT.jar!/webapps/static,UNAVAILABLE}
2019-08-23 09:58:44,087 [main] INFO  handler.ContextHandler (ContextHandler.java:doStop(910)) - Stopped o.e.j.s.ServletContextHandler@635ff2a5{/logs,file:///workdir/hadoop-ozone/integration-test/target/log,UNAVAILABLE}
2019-08-23 09:58:44,088 [main] INFO  datanode.ObjectStoreHandler (ObjectStoreHandler.java:close(155)) - Closing ObjectStoreHandler.
2019-08-23 09:58:44,090 [main] INFO  ozone.HddsDatanodeService (HddsDatanodeService.java:stop(451)) - Stopped plug-in org.apache.hadoop.ozone.web.OzoneHddsDatanodeService@49653791
2019-08-23 09:58:44,104 [ForkJoinPool.commonPool-worker-1] INFO  statemachine.DatanodeStateMachine (DatanodeStateMachine.java:stopDaemon(395)) - Ozone container server stopped.
2019-08-23 09:58:44,107 [ForkJoinPool.commonPool-worker-1] INFO  handler.ContextHandler (ContextHandler.java:doStop(910)) - Stopped o.e.j.w.WebAppContext@10b1a751{/,null,UNAVAILABLE}{/hddsDatanode}
2019-08-23 09:58:44,109 [ForkJoinPool.commonPool-worker-1] INFO  server.AbstractConnector (AbstractConnector.java:doStop(318)) - Stopped ServerConnector@53cf9c99{HTTP/1.1,[http/1.1]}{0.0.0.0:0}
2019-08-23 09:58:44,110 [ForkJoinPool.commonPool-worker-1] INFO  handler.ContextHandler (ContextHandler.java:doStop(910)) - Stopped o.e.j.s.ServletContextHandler@1457fde{/static,jar:file:/home/user/.m2/repository/org/apache/hadoop/hadoop-hdds-container-service/0.5.0-SNAPSHOT/hadoop-hdds-container-service-0.5.0-SNAPSHOT.jar!/webapps/static,UNAVAILABLE}
2019-08-23 09:58:44,111 [ForkJoinPool.commonPool-worker-1] INFO  handler.ContextHandler (ContextHandler.java:doStop(910)) - Stopped o.e.j.s.ServletContextHandler@50fb33a{/logs,file:///workdir/hadoop-ozone/integration-test/target/log,UNAVAILABLE}
2019-08-23 09:58:44,792 [Datanode State Machine Thread - 0] INFO  statemachine.DatanodeStateMachine (DatanodeStateMachine.java:lambda$startDaemon$0(350)) - Ozone container server started.
2019-08-23 09:58:45,741 [grpc-default-executor-3] WARN  server.GrpcLogAppender (LogUtils.java:warn(134)) - 8ee8c18d-65cc-49bc-8d53-6d0b6e2387ef->f6ea449c-e8f9-4f88-8115-d15823026628: Failed appendEntries: org.apache.ratis.thirdparty.io.grpc.StatusRuntimeException: UNAVAILABLE: io exception
2019-08-23 09:58:45,745 [grpc-default-executor-3] INFO  impl.FollowerInfo (FollowerInfo.java:lambda$new$0(50)) - 8ee8c18d-65cc-49bc-8d53-6d0b6e2387ef->f6ea449c-e8f9-4f88-8115-d15823026628: nextIndex: updateUnconditionally 6 -> 5
2019-08-23 09:58:45,747 [grpc-default-executor-2] WARN  server.GrpcLogAppender (LogUtils.java:warn(134)) - 8ee8c18d-65cc-49bc-8d53-6d0b6e2387ef->b0a33e40-d898-4e82-91f3-4e0ce9e6b5e2: Failed appendEntries: org.apache.ratis.thirdparty.io.grpc.StatusRuntimeException: UNAVAILABLE: io exception
2019-08-23 09:58:45,749 [grpc-default-executor-2] INFO  impl.FollowerInfo (FollowerInfo.java:lambda$new$0(50)) - 8ee8c18d-65cc-49bc-8d53-6d0b6e2387ef->b0a33e40-d898-4e82-91f3-4e0ce9e6b5e2: nextIndex: updateUnconditionally 1 -> 0
2019-08-23 09:58:48,242 [grpc-default-executor-3] WARN  server.GrpcLogAppender (LogUtils.java:warn(134)) - 8ee8c18d-65cc-49bc-8d53-6d0b6e2387ef->f6ea449c-e8f9-4f88-8115-d15823026628: Failed appendEntries: org.apache.ratis.thirdparty.io.grpc.StatusRuntimeException: UNAVAILABLE: io exception
2019-08-23 09:58:48,244 [grpc-default-executor-3] INFO  impl.FollowerInfo (FollowerInfo.java:lambda$new$0(50)) - 8ee8c18d-65cc-49bc-8d53-6d0b6e2387ef->f6ea449c-e8f9-4f88-8115-d15823026628: nextIndex: updateUnconditionally 5 -> 4
2019-08-23 09:58:48,249 [grpc-default-executor-4] WARN  server.GrpcLogAppender (LogUtils.java:warn(134)) - 8ee8c18d-65cc-49bc-8d53-6d0b6e2387ef->b0a33e40-d898-4e82-91f3-4e0ce9e6b5e2: Failed appendEntries: org.apache.ratis.thirdparty.io.grpc.StatusRuntimeException: UNAVAILABLE: io exception
2019-08-23 09:58:48,250 [grpc-default-executor-4] INFO  impl.FollowerInfo (FollowerInfo.java:lambda$new$0(50)) - 8ee8c18d-65cc-49bc-8d53-6d0b6e2387ef->b0a33e40-d898-4e82-91f3-4e0ce9e6b5e2: nextIndex: updateUnconditionally 0 -> 0
2019-08-23 09:58:48,877 [EventQueue-StaleNodeForStaleNodeHandler] INFO  node.StaleNodeHandler (StaleNodeHandler.java:onMessage(58)) - Datanode 8ee8c18d-65cc-49bc-8d53-6d0b6e2387ef{ip: 192.168.5.185, host: pr-hdds-1094-w8cgz-2737508714, networkLocation: /default-rack, certSerialId: null} moved to stale state. Finalizing its pipelines [PipelineID=d67d9482-9eec-496a-81aa-8b9ee4ae3d82, PipelineID=6917e62a-be5b-477c-9382-87326ecb8067]
2019-08-23 09:58:48,877 [EventQueue-StaleNodeForStaleNodeHandler] INFO  pipeline.SCMPipelineManager (SCMPipelineManager.java:finalizeAndDestroyPipeline(309)) - destroying pipeline:Pipeline[ Id: d67d9482-9eec-496a-81aa-8b9ee4ae3d82, Nodes: 8ee8c18d-65cc-49bc-8d53-6d0b6e2387ef{ip: 192.168.5.185, host: pr-hdds-1094-w8cgz-2737508714, networkLocation: /default-rack, certSerialId: null}, Type:RATIS, Factor:ONE, State:OPEN]
2019-08-23 09:58:48,877 [EventQueue-StaleNodeForStaleNodeHandler] INFO  pipeline.PipelineStateManager (PipelineStateManager.java:finalizePipeline(123)) - Pipeline Pipeline[ Id: d67d9482-9eec-496a-81aa-8b9ee4ae3d82, Nodes: 8ee8c18d-65cc-49bc-8d53-6d0b6e2387ef{ip: 192.168.5.185, host: pr-hdds-1094-w8cgz-2737508714, networkLocation: /default-rack, certSerialId: null}, Type:RATIS, Factor:ONE, State:CLOSED] moved to CLOSED state
2019-08-23 09:58:48,878 [EventQueue-StaleNodeForStaleNodeHandler] INFO  pipeline.SCMPipelineManager (SCMPipelineManager.java:finalizeAndDestroyPipeline(309)) - destroying pipeline:Pipeline[ Id: 6917e62a-be5b-477c-9382-87326ecb8067, Nodes: f6ea449c-e8f9-4f88-8115-d15823026628{ip: 192.168.5.185, host: pr-hdds-1094-w8cgz-2737508714, networkLocation: /default-rack, certSerialId: null}8ee8c18d-65cc-49bc-8d53-6d0b6e2387ef{ip: 192.168.5.185, host: pr-hdds-1094-w8cgz-2737508714, networkLocation: /default-rack, certSerialId: null}b0a33e40-d898-4e82-91f3-4e0ce9e6b5e2{ip: 192.168.5.185, host: pr-hdds-1094-w8cgz-2737508714, networkLocation: /default-rack, certSerialId: null}, Type:RATIS, Factor:THREE, State:CLOSED]
2019-08-23 09:58:49,092 [main] INFO  ozoneimpl.OzoneContainer (OzoneContainer.java:stop(199)) - Attempting to stop container services.
2019-08-23 09:58:49,092 [main] INFO  impl.RaftServerProxy (RaftServerProxy.java:lambda$close$4(314)) - 8ee8c18d-65cc-49bc-8d53-6d0b6e2387ef: close
2019-08-23 09:58:49,093 [main] INFO  impl.RaftServerImpl (RaftServerImpl.java:lambda$shutdown$3(245)) - 8ee8c18d-65cc-49bc-8d53-6d0b6e2387ef: shutdown group-8B9EE4AE3D82
2019-08-23 09:58:49,094 [main] INFO  util.JmxRegister (JmxRegister.java:unregister(73)) - Successfully un-registered JMX Bean with object name Ratis:service=RaftServer,group=group-8B9EE4AE3D82,id=8ee8c18d-65cc-49bc-8d53-6d0b6e2387ef
2019-08-23 09:58:49,094 [main] INFO  impl.RoleInfo (RoleInfo.java:shutdownLeaderState(104)) - 8ee8c18d-65cc-49bc-8d53-6d0b6e2387ef: shutdown LeaderState
2019-08-23 09:58:49,094 [main] INFO  impl.PendingRequests (PendingRequests.java:sendNotLeaderResponses(202)) - 8ee8c18d-65cc-49bc-8d53-6d0b6e2387ef-PendingRequests: sendNotLeaderResponses
2019-08-23 09:58:49,095 [main] INFO  impl.StateMachineUpdater (StateMachineUpdater.java:stopAndJoin(115)) - StateMachineUpdater:8ee8c18d-65cc-49bc-8d53-6d0b6e2387ef:group-8B9EE4AE3D82: set stopIndex = 0
2019-08-23 09:58:49,095 [main] INFO  impl.RaftServerImpl (ServerState.java:close(394)) - 8ee8c18d-65cc-49bc-8d53-6d0b6e2387ef:group-8B9EE4AE3D82 closes. The last applied log index is 0
2019-08-23 09:58:49,096 [8ee8c18d-65cc-49bc-8d53-6d0b6e2387ef-SegmentedRaftLogWorker:Storage Directory /workdir/hadoop-ozone/integration-test/target/test-dir/MiniOzoneClusterImpl-4dc0e789-7321-4c00-9da5-33206f8d16b6/datanode-5/data/ratis/d67d9482-9eec-496a-81aa-8b9ee4ae3d82] INFO  segmented.SegmentedRaftLogWorker (SegmentedRaftLogWorker.java:run(313)) - 8ee8c18d-65cc-49bc-8d53-6d0b6e2387ef-SegmentedRaftLogWorker:Storage Directory /workdir/hadoop-ozone/integration-test/target/test-dir/MiniOzoneClusterImpl-4dc0e789-7321-4c00-9da5-33206f8d16b6/datanode-5/data/ratis/d67d9482-9eec-496a-81aa-8b9ee4ae3d82 was interrupted, exiting. There are 0 tasks remaining in the queue.
2019-08-23 09:58:49,096 [main] INFO  segmented.SegmentedRaftLogWorker (SegmentedRaftLogWorker.java:close(228)) - 8ee8c18d-65cc-49bc-8d53-6d0b6e2387ef-SegmentedRaftLogWorker:Storage Directory /workdir/hadoop-ozone/integration-test/target/test-dir/MiniOzoneClusterImpl-4dc0e789-7321-4c00-9da5-33206f8d16b6/datanode-5/data/ratis/d67d9482-9eec-496a-81aa-8b9ee4ae3d82 close()
2019-08-23 09:58:49,098 [main] INFO  impl.RaftServerImpl (RaftServerImpl.java:lambda$shutdown$3(245)) - 8ee8c18d-65cc-49bc-8d53-6d0b6e2387ef: shutdown group-87326ECB8067
2019-08-23 09:58:49,099 [main] INFO  util.JmxRegister (JmxRegister.java:unregister(73)) - Successfully un-registered JMX Bean with object name Ratis:service=RaftServer,group=group-87326ECB8067,id=8ee8c18d-65cc-49bc-8d53-6d0b6e2387ef
2019-08-23 09:58:49,099 [main] INFO  impl.RoleInfo (RoleInfo.java:shutdownLeaderState(104)) - 8ee8c18d-65cc-49bc-8d53-6d0b6e2387ef: shutdown LeaderState
2019-08-23 09:58:49,101 [main] INFO  impl.PendingRequests (PendingRequests.java:sendNotLeaderResponses(202)) - 8ee8c18d-65cc-49bc-8d53-6d0b6e2387ef-PendingRequests: sendNotLeaderResponses
2019-08-23 09:58:49,101 [org.apache.ratis.server.impl.LogAppender$AppenderDaemon$$Lambda$482/1532957749@6f2d459] WARN  server.GrpcLogAppender (GrpcLogAppender.java:mayWait(143)) - GrpcLogAppender(8ee8c18d-65cc-49bc-8d53-6d0b6e2387ef->b0a33e40-d898-4e82-91f3-4e0ce9e6b5e2): Wait interrupted by java.lang.InterruptedException
2019-08-23 09:58:49,101 [org.apache.ratis.server.impl.LogAppender$AppenderDaemon$$Lambda$482/1532957749@62f186e] WARN  server.GrpcLogAppender (GrpcLogAppender.java:mayWait(143)) - GrpcLogAppender(8ee8c18d-65cc-49bc-8d53-6d0b6e2387ef->f6ea449c-e8f9-4f88-8115-d15823026628): Wait interrupted by java.lang.InterruptedException
2019-08-23 09:58:49,104 [main] INFO  impl.StateMachineUpdater (StateMachineUpdater.java:stopAndJoin(115)) - StateMachineUpdater:8ee8c18d-65cc-49bc-8d53-6d0b6e2387ef:group-87326ECB8067: set stopIndex = 6
2019-08-23 09:58:49,104 [StateMachineUpdater:8ee8c18d-65cc-49bc-8d53-6d0b6e2387ef:group-87326ECB8067] INFO  ratis.ContainerStateMachine (ContainerStateMachine.java:takeSnapshot(283)) - group-87326ECB8067: Taking a snapshot at:(t:1, i:6) file /workdir/hadoop-ozone/integration-test/target/test-dir/MiniOzoneClusterImpl-4dc0e789-7321-4c00-9da5-33206f8d16b6/datanode-5/data/ratis/6917e62a-be5b-477c-9382-87326ecb8067/sm/snapshot.1_6
2019-08-23 09:58:49,148 [StateMachineUpdater:8ee8c18d-65cc-49bc-8d53-6d0b6e2387ef:group-87326ECB8067] INFO  ratis.ContainerStateMachine (ContainerStateMachine.java:takeSnapshot(294)) - group-87326ECB8067: Finished taking a snapshot at:(t:1, i:6) file:/workdir/hadoop-ozone/integration-test/target/test-dir/MiniOzoneClusterImpl-4dc0e789-7321-4c00-9da5-33206f8d16b6/datanode-5/data/ratis/6917e62a-be5b-477c-9382-87326ecb8067/sm/snapshot.1_6 time:44
2019-08-23 09:58:49,148 [StateMachineUpdater:8ee8c18d-65cc-49bc-8d53-6d0b6e2387ef:group-87326ECB8067] INFO  impl.StateMachineUpdater (StateMachineUpdater.java:takeSnapshot(242)) - StateMachineUpdater:8ee8c18d-65cc-49bc-8d53-6d0b6e2387ef:group-87326ECB8067: Took a snapshot at index 6
2019-08-23 09:58:49,148 [StateMachineUpdater:8ee8c18d-65cc-49bc-8d53-6d0b6e2387ef:group-87326ECB8067] INFO  impl.StateMachineUpdater (StateMachineUpdater.java:lambda$new$0(80)) - StateMachineUpdater:8ee8c18d-65cc-49bc-8d53-6d0b6e2387ef:group-87326ECB8067: snapshotIndex: updateIncreasingly -1 -> 6
2019-08-23 09:58:49,149 [main] INFO  impl.RaftServerImpl (ServerState.java:close(394)) - 8ee8c18d-65cc-49bc-8d53-6d0b6e2387ef:group-87326ECB8067 closes. The last applied log index is 6
2019-08-23 09:58:49,149 [8ee8c18d-65cc-49bc-8d53-6d0b6e2387ef-SegmentedRaftLogWorker:Storage Directory /workdir/hadoop-ozone/integration-test/target/test-dir/MiniOzoneClusterImpl-4dc0e789-7321-4c00-9da5-33206f8d16b6/datanode-5/data/ratis/6917e62a-be5b-477c-9382-87326ecb8067] INFO  segmented.SegmentedRaftLogWorker (SegmentedRaftLogWorker.java:run(313)) - 8ee8c18d-65cc-49bc-8d53-6d0b6e2387ef-SegmentedRaftLogWorker:Storage Directory /workdir/hadoop-ozone/integration-test/target/test-dir/MiniOzoneClusterImpl-4dc0e789-7321-4c00-9da5-33206f8d16b6/datanode-5/data/ratis/6917e62a-be5b-477c-9382-87326ecb8067 was interrupted, exiting. There are 0 tasks remaining in the queue.
2019-08-23 09:58:49,149 [main] INFO  segmented.SegmentedRaftLogWorker (SegmentedRaftLogWorker.java:close(228)) - 8ee8c18d-65cc-49bc-8d53-6d0b6e2387ef-SegmentedRaftLogWorker:Storage Directory /workdir/hadoop-ozone/integration-test/target/test-dir/MiniOzoneClusterImpl-4dc0e789-7321-4c00-9da5-33206f8d16b6/datanode-5/data/ratis/6917e62a-be5b-477c-9382-87326ecb8067 close()
2019-08-23 09:58:49,151 [main] INFO  server.GrpcService (GrpcService.java:closeImpl(155)) - 8ee8c18d-65cc-49bc-8d53-6d0b6e2387ef: shutdown server with port 38132 now
2019-08-23 09:58:49,152 [main] INFO  server.GrpcService (GrpcService.java:closeImpl(163)) - 8ee8c18d-65cc-49bc-8d53-6d0b6e2387ef: shutdown server with port 38132 successfully
2019-08-23 09:58:49,153 [main] INFO  utils.BackgroundService (BackgroundService.java:shutdown(148)) - Shutting down service BlockDeletingService
2019-08-23 09:58:49,154 [refreshUsed-/workdir/hadoop-ozone/integration-test/target/test-dir/MiniOzoneClusterImpl-4dc0e789-7321-4c00-9da5-33206f8d16b6/datanode-5/data/containers] WARN  fs.CachingGetSpaceUsed (CachingGetSpaceUsed.java:run(183)) - Thread Interrupted waiting to refresh disk information: sleep interrupted
2019-08-23 09:58:49,172 [main] INFO  statemachine.DatanodeStateMachine (DatanodeStateMachine.java:stopDaemon(395)) - Ozone container server stopped.
2019-08-23 09:58:49,174 [main] INFO  handler.ContextHandler (ContextHandler.java:doStop(910)) - Stopped o.e.j.w.WebAppContext@5c234920{/,null,UNAVAILABLE}{/hddsDatanode}
2019-08-23 09:58:49,175 [main] INFO  server.AbstractConnector (AbstractConnector.java:doStop(318)) - Stopped ServerConnector@7ddeb27f{HTTP/1.1,[http/1.1]}{0.0.0.0:0}
2019-08-23 09:58:49,176 [main] INFO  handler.ContextHandler (ContextHandler.java:doStop(910)) - Stopped o.e.j.s.ServletContextHandler@3ace6346{/static,jar:file:/home/user/.m2/repository/org/apache/hadoop/hadoop-hdds-container-service/0.5.0-SNAPSHOT/hadoop-hdds-container-service-0.5.0-SNAPSHOT.jar!/webapps/static,UNAVAILABLE}
2019-08-23 09:58:49,176 [main] INFO  handler.ContextHandler (ContextHandler.java:doStop(910)) - Stopped o.e.j.s.ServletContextHandler@27ffd9f8{/logs,file:///workdir/hadoop-ozone/integration-test/target/log,UNAVAILABLE}
2019-08-23 09:58:49,177 [main] INFO  ozone.MiniOzoneClusterImpl (MiniOzoneClusterImpl.java:stop(353)) - Stopping the StorageContainerManager
2019-08-23 09:58:49,177 [main] INFO  server.StorageContainerManager (StorageContainerManager.java:stop(797)) - Stopping Replication Manager Service.
2019-08-23 09:58:49,177 [main] INFO  container.ReplicationManager (ReplicationManager.java:stop(193)) - Stopping Replication Monitor Thread.
2019-08-23 09:58:49,177 [main] INFO  server.StorageContainerManager (StorageContainerManager.java:stop(804)) - Stopping Lease Manager of the command watchers
2019-08-23 09:58:49,177 [main] INFO  server.StorageContainerManager (StorageContainerManager.java:stop(811)) - Stopping datanode service RPC server
2019-08-23 09:58:49,178 [main] INFO  server.SCMDatanodeProtocolServer (SCMDatanodeProtocolServer.java:stop(367)) - Stopping the RPC server for DataNodes
2019-08-23 09:58:49,178 [main] INFO  ipc.Server (Server.java:stop(3082)) - Stopping server on 43523
2019-08-23 09:58:49,179 [IPC Server listener on 43523] INFO  ipc.Server (Server.java:run(1185)) - Stopping IPC Server listener on 43523
2019-08-23 09:58:49,179 [IPC Server Responder] INFO  ipc.Server (Server.java:run(1319)) - Stopping IPC Server Responder
2019-08-23 09:58:49,277 [SCM Heartbeat Processing Thread - 0] WARN  node.NodeStateManager (NodeStateManager.java:scheduleNextHealthCheck(646)) - Current Thread is interrupted, shutting down HB processing thread for Node Manager.
2019-08-23 09:58:49,277 [main] INFO  server.StorageContainerManager (StorageContainerManager.java:stop(819)) - Stopping block service RPC server
2019-08-23 09:58:49,278 [main] INFO  server.SCMBlockProtocolServer (SCMBlockProtocolServer.java:stop(148)) - Stopping the RPC server for Block Protocol
2019-08-23 09:58:49,278 [main] INFO  ipc.Server (Server.java:stop(3082)) - Stopping server on 43665
2019-08-23 09:58:49,279 [IPC Server listener on 43665] INFO  ipc.Server (Server.java:run(1185)) - Stopping IPC Server listener on 43665
2019-08-23 09:58:49,279 [main] INFO  server.StorageContainerManager (StorageContainerManager.java:stop(826)) - Stopping the StorageContainerLocationProtocol RPC server
2019-08-23 09:58:49,279 [main] INFO  server.SCMClientProtocolServer (SCMClientProtocolServer.java:stop(159)) - Stopping the RPC server for Client Protocol
2019-08-23 09:58:49,279 [IPC Server Responder] INFO  ipc.Server (Server.java:run(1319)) - Stopping IPC Server Responder
2019-08-23 09:58:49,280 [main] INFO  ipc.Server (Server.java:stop(3082)) - Stopping server on 33814
2019-08-23 09:58:49,280 [IPC Server listener on 33814] INFO  ipc.Server (Server.java:run(1185)) - Stopping IPC Server listener on 33814
2019-08-23 09:58:49,281 [main] INFO  server.StorageContainerManager (StorageContainerManager.java:stop(833)) - Stopping Storage Container Manager HTTP server.
2019-08-23 09:58:49,281 [IPC Server Responder] INFO  ipc.Server (Server.java:run(1319)) - Stopping IPC Server Responder
2019-08-23 09:58:49,282 [main] INFO  handler.ContextHandler (ContextHandler.java:doStop(910)) - Stopped o.e.j.w.WebAppContext@48f5bde6{/,null,UNAVAILABLE}{/scm}
2019-08-23 09:58:49,282 [main] INFO  server.AbstractConnector (AbstractConnector.java:doStop(318)) - Stopped ServerConnector@6d511b5f{HTTP/1.1,[http/1.1]}{0.0.0.0:0}
2019-08-23 09:58:49,283 [main] INFO  handler.ContextHandler (ContextHandler.java:doStop(910)) - Stopped o.e.j.s.ServletContextHandler@5c530d1e{/static,file:///workdir/hadoop-ozone/integration-test/target/test-classes/webapps/static,UNAVAILABLE}
2019-08-23 09:58:49,283 [main] INFO  handler.ContextHandler (ContextHandler.java:doStop(910)) - Stopped o.e.j.s.ServletContextHandler@5286c33a{/logs,file:///workdir/hadoop-ozone/integration-test/target/log,UNAVAILABLE}
2019-08-23 09:58:49,284 [main] INFO  server.StorageContainerManager (StorageContainerManager.java:stop(844)) - Stopping Block Manager Service.
2019-08-23 09:58:49,284 [main] INFO  utils.BackgroundService (BackgroundService.java:shutdown(148)) - Shutting down service SCMBlockDeletingService
2019-08-23 09:58:49,285 [main] INFO  utils.BackgroundService (BackgroundService.java:shutdown(148)) - Shutting down service SCMBlockDeletingService
2019-08-23 09:58:49,285 [main] INFO  server.StorageContainerManager (StorageContainerManager.java:stop(866)) - Stopping SCM Event Queue.
2019-08-23 09:58:49,290 [main] INFO  impl.MetricsSystemImpl (MetricsSystemImpl.java:stop(210)) - Stopping XceiverClientMetrics metrics system...
2019-08-23 09:58:49,296 [main] INFO  impl.MetricsSystemImpl (MetricsSystemImpl.java:stop(216)) - XceiverClientMetrics metrics system stopped.
]]></system-out>
    <system-err><![CDATA[Aug 23, 2019 9:58:13 AM com.sun.jersey.server.impl.application.WebApplicationImpl _initiate
INFO: Initiating Jersey application, version 'Jersey: 1.19 02/11/2015 03:25 AM'
Aug 23, 2019 9:58:14 AM com.sun.jersey.server.impl.application.WebApplicationImpl _initiate
INFO: Initiating Jersey application, version 'Jersey: 1.19 02/11/2015 03:25 AM'
Aug 23, 2019 9:58:14 AM com.sun.jersey.server.impl.application.WebApplicationImpl _initiate
INFO: Initiating Jersey application, version 'Jersey: 1.19 02/11/2015 03:25 AM'
Aug 23, 2019 9:58:14 AM com.sun.jersey.server.impl.application.WebApplicationImpl _initiate
INFO: Initiating Jersey application, version 'Jersey: 1.19 02/11/2015 03:25 AM'
Aug 23, 2019 9:58:14 AM com.sun.jersey.server.impl.application.WebApplicationImpl _initiate
INFO: Initiating Jersey application, version 'Jersey: 1.19 02/11/2015 03:25 AM'
Aug 23, 2019 9:58:15 AM com.sun.jersey.server.impl.application.WebApplicationImpl _initiate
INFO: Initiating Jersey application, version 'Jersey: 1.19 02/11/2015 03:25 AM'
Aug 23, 2019 9:58:15 AM com.sun.jersey.server.impl.application.WebApplicationImpl _initiate
INFO: Initiating Jersey application, version 'Jersey: 1.19 02/11/2015 03:25 AM'
]]></system-err>
  </testcase>
  <testcase name="testDatanodeFailureWithPreAllocation" classname="org.apache.hadoop.ozone.client.rpc.TestBlockOutputStreamWithFailures" time="227.37"/>
  <testcase name="testDatanodeFailureWithSingleNodeRatis" classname="org.apache.hadoop.ozone.client.rpc.TestBlockOutputStreamWithFailures" time="225.051"/>
  <testcase name="testWatchForCommitWithSingleNodeRatis" classname="org.apache.hadoop.ozone.client.rpc.TestBlockOutputStreamWithFailures" time="34.986"/>
  <testcase name="testWatchForCommitDatanodeFailure" classname="org.apache.hadoop.ozone.client.rpc.TestBlockOutputStreamWithFailures" time="46.771">
    <failure message="expected:&lt;2&gt; but was:&lt;3&gt;" type="java.lang.AssertionError"><![CDATA[java.lang.AssertionError: expected:<2> but was:<3>
	at org.junit.Assert.fail(Assert.java:88)
	at org.junit.Assert.failNotEquals(Assert.java:743)
	at org.junit.Assert.assertEquals(Assert.java:118)
	at org.junit.Assert.assertEquals(Assert.java:555)
	at org.junit.Assert.assertEquals(Assert.java:542)
	at org.apache.hadoop.ozone.client.rpc.TestBlockOutputStreamWithFailures.testWatchForCommitDatanodeFailure(TestBlockOutputStreamWithFailures.java:366)
	at sun.reflect.NativeMethodAccessorImpl.invoke0(Native Method)
	at sun.reflect.NativeMethodAccessorImpl.invoke(NativeMethodAccessorImpl.java:62)
	at sun.reflect.DelegatingMethodAccessorImpl.invoke(DelegatingMethodAccessorImpl.java:43)
	at java.lang.reflect.Method.invoke(Method.java:498)
	at org.junit.runners.model.FrameworkMethod$1.runReflectiveCall(FrameworkMethod.java:47)
	at org.junit.internal.runners.model.ReflectiveCallable.run(ReflectiveCallable.java:12)
	at org.junit.runners.model.FrameworkMethod.invokeExplosively(FrameworkMethod.java:44)
	at org.junit.internal.runners.statements.InvokeMethod.evaluate(InvokeMethod.java:17)
	at org.junit.internal.runners.statements.RunBefores.evaluate(RunBefores.java:26)
	at org.junit.internal.runners.statements.RunAfters.evaluate(RunAfters.java:27)
	at org.junit.runners.ParentRunner.runLeaf(ParentRunner.java:271)
	at org.junit.runners.BlockJUnit4ClassRunner.runChild(BlockJUnit4ClassRunner.java:70)
	at org.junit.runners.BlockJUnit4ClassRunner.runChild(BlockJUnit4ClassRunner.java:50)
	at org.junit.runners.ParentRunner$3.run(ParentRunner.java:238)
	at org.junit.runners.ParentRunner$1.schedule(ParentRunner.java:63)
	at org.junit.runners.ParentRunner.runChildren(ParentRunner.java:236)
	at org.junit.runners.ParentRunner.access$000(ParentRunner.java:53)
	at org.junit.runners.ParentRunner$2.evaluate(ParentRunner.java:229)
	at org.junit.runners.ParentRunner.run(ParentRunner.java:309)
	at org.apache.maven.surefire.junit4.JUnit4Provider.execute(JUnit4Provider.java:365)
	at org.apache.maven.surefire.junit4.JUnit4Provider.executeWithRerun(JUnit4Provider.java:273)
	at org.apache.maven.surefire.junit4.JUnit4Provider.executeTestSet(JUnit4Provider.java:238)
	at org.apache.maven.surefire.junit4.JUnit4Provider.invoke(JUnit4Provider.java:159)
	at org.apache.maven.surefire.booter.ForkedBooter.invokeProviderInSameClassLoader(ForkedBooter.java:384)
	at org.apache.maven.surefire.booter.ForkedBooter.runSuitesInProcess(ForkedBooter.java:345)
	at org.apache.maven.surefire.booter.ForkedBooter.execute(ForkedBooter.java:126)
	at org.apache.maven.surefire.booter.ForkedBooter.main(ForkedBooter.java:418)
]]></failure>
    <system-out><![CDATA[2019-08-23 10:06:56,764 [main] WARN  server.ServerUtils (ServerUtils.java:getScmDbDir(145)) - ozone.scm.db.dirs is not configured. We recommend adding this setting. Falling back to ozone.metadata.dirs instead.
2019-08-23 10:06:56,790 [main] WARN  server.ServerUtils (ServerUtils.java:getScmDbDir(145)) - ozone.scm.db.dirs is not configured. We recommend adding this setting. Falling back to ozone.metadata.dirs instead.
2019-08-23 10:06:56,791 [main] WARN  server.ServerUtils (ServerUtils.java:getScmDbDir(145)) - ozone.scm.db.dirs is not configured. We recommend adding this setting. Falling back to ozone.metadata.dirs instead.
2019-08-23 10:06:56,791 [main] INFO  db.DBStoreBuilder (DBStoreBuilder.java:addTable(110)) - using custom profile for table: deletedBlocks
2019-08-23 10:06:56,791 [main] INFO  db.DBStoreBuilder (DBStoreBuilder.java:processTables(161)) - Using default column profile:DBProfile.DISK for Table:deletedBlocks
2019-08-23 10:06:56,792 [main] INFO  db.DBStoreBuilder (DBStoreBuilder.java:addTable(110)) - using custom profile for table: validCerts
2019-08-23 10:06:56,792 [main] INFO  db.DBStoreBuilder (DBStoreBuilder.java:processTables(161)) - Using default column profile:DBProfile.DISK for Table:validCerts
2019-08-23 10:06:56,792 [main] INFO  db.DBStoreBuilder (DBStoreBuilder.java:addTable(110)) - using custom profile for table: revokedCerts
2019-08-23 10:06:56,792 [main] INFO  db.DBStoreBuilder (DBStoreBuilder.java:processTables(161)) - Using default column profile:DBProfile.DISK for Table:revokedCerts
2019-08-23 10:06:56,793 [main] INFO  db.DBStoreBuilder (DBStoreBuilder.java:addTable(110)) - using custom profile for table: default
2019-08-23 10:06:56,793 [main] INFO  db.DBStoreBuilder (DBStoreBuilder.java:processTables(167)) - Using default column profile:DBProfile.DISK for Table:default
2019-08-23 10:06:56,793 [main] INFO  db.DBStoreBuilder (DBStoreBuilder.java:getDbProfile(198)) - Using default options. DBProfile.DISK
2019-08-23 10:06:56,920 [main] INFO  net.NodeSchemaLoader (NodeSchemaLoader.java:loadSchemaFromFile(125)) - Loading file from sun.misc.CompoundEnumeration@589cc8eb
2019-08-23 10:06:56,920 [main] INFO  net.NodeSchemaLoader (NodeSchemaLoader.java:loadSchema(171)) - Loading network topology layer schema file
2019-08-23 10:06:56,925 [main] INFO  node.SCMNodeManager (SCMNodeManager.java:<init>(121)) - Entering startup safe mode.
2019-08-23 10:06:56,925 [main] INFO  algorithms.ContainerPlacementPolicyFactory (ContainerPlacementPolicyFactory.java:getPolicy(55)) - Create container placement policy of type org.apache.hadoop.hdds.scm.container.placement.algorithms.SCMContainerPlacementRandom
2019-08-23 10:06:56,925 [main] WARN  server.ServerUtils (ServerUtils.java:getScmDbDir(145)) - ozone.scm.db.dirs is not configured. We recommend adding this setting. Falling back to ozone.metadata.dirs instead.
2019-08-23 10:06:56,954 [main] INFO  pipeline.SCMPipelineManager (SCMPipelineManager.java:initializePipelineState(126)) - No pipeline exists in current db
2019-08-23 10:06:56,954 [main] WARN  server.ServerUtils (ServerUtils.java:getScmDbDir(145)) - ozone.scm.db.dirs is not configured. We recommend adding this setting. Falling back to ozone.metadata.dirs instead.
2019-08-23 10:06:56,995 [main] WARN  events.EventQueue (EventQueue.java:fireEvent(175)) - No event handler registered for event TypedEvent{payloadType=SafeModeStatus, name='SafeModeStatus'}
2019-08-23 10:06:56,996 [main] INFO  ipc.CallQueueManager (CallQueueManager.java:<init>(84)) - Using callQueue: class java.util.concurrent.LinkedBlockingQueue, queueCapacity: 2000, scheduler: class org.apache.hadoop.ipc.DefaultRpcScheduler, ipcBackoff: false.
2019-08-23 10:06:56,997 [Socket Reader #1 for port 37080] INFO  ipc.Server (Server.java:run(1074)) - Starting Socket Reader #1 for port 37080
2019-08-23 10:06:56,999 [main] INFO  ipc.CallQueueManager (CallQueueManager.java:<init>(84)) - Using callQueue: class java.util.concurrent.LinkedBlockingQueue, queueCapacity: 2000, scheduler: class org.apache.hadoop.ipc.DefaultRpcScheduler, ipcBackoff: false.
2019-08-23 10:06:56,999 [Socket Reader #1 for port 41728] INFO  ipc.Server (Server.java:run(1074)) - Starting Socket Reader #1 for port 41728
2019-08-23 10:06:57,000 [main] INFO  ipc.CallQueueManager (CallQueueManager.java:<init>(84)) - Using callQueue: class java.util.concurrent.LinkedBlockingQueue, queueCapacity: 2000, scheduler: class org.apache.hadoop.ipc.DefaultRpcScheduler, ipcBackoff: false.
2019-08-23 10:06:57,001 [Socket Reader #1 for port 42392] INFO  ipc.Server (Server.java:run(1074)) - Starting Socket Reader #1 for port 42392
2019-08-23 10:06:57,003 [main] INFO  hdfs.DFSUtil (DFSUtil.java:httpServerTemplateForNNAndJN(1641)) - Starting Web-server for scm at: http://0.0.0.0:0
2019-08-23 10:06:57,005 [main] INFO  server.AuthenticationFilter (AuthenticationFilter.java:constructSecretProvider(240)) - Unable to initialize FileSignerSecretProvider, falling back to use random secrets.
2019-08-23 10:06:57,006 [main] WARN  http.HttpRequestLog (HttpRequestLog.java:getRequestLog(97)) - Jetty request log can only be enabled using Log4j
2019-08-23 10:06:57,008 [main] INFO  http.HttpServer2 (HttpServer2.java:addGlobalFilter(975)) - Added global filter 'safety' (class=org.apache.hadoop.http.HttpServer2$QuotingInputFilter)
2019-08-23 10:06:57,009 [main] INFO  http.HttpServer2 (HttpServer2.java:addFilter(948)) - Added filter static_user_filter (class=org.apache.hadoop.http.lib.StaticUserWebFilter$StaticUserFilter) to context scm
2019-08-23 10:06:57,009 [main] INFO  http.HttpServer2 (HttpServer2.java:addFilter(958)) - Added filter static_user_filter (class=org.apache.hadoop.http.lib.StaticUserWebFilter$StaticUserFilter) to context logs
2019-08-23 10:06:57,010 [main] INFO  http.HttpServer2 (HttpServer2.java:addFilter(958)) - Added filter static_user_filter (class=org.apache.hadoop.http.lib.StaticUserWebFilter$StaticUserFilter) to context static
2019-08-23 10:06:57,012 [main] INFO  server.StorageContainerManager (StorageContainerManager.java:start(759)) - StorageContainerLocationProtocol RPC server is listening at /0.0.0.0:42392
2019-08-23 10:06:57,015 [main] WARN  impl.MetricsConfig (MetricsConfig.java:loadFirst(134)) - Cannot locate configuration: tried hadoop-metrics2-storagecontainermanager.properties,hadoop-metrics2.properties
2019-08-23 10:06:57,016 [main] INFO  impl.MetricsSystemImpl (MetricsSystemImpl.java:startTimer(374)) - Scheduled Metric snapshot period at 10 second(s).
2019-08-23 10:06:57,016 [main] INFO  impl.MetricsSystemImpl (MetricsSystemImpl.java:start(191)) - StorageContainerManager metrics system started
2019-08-23 10:06:57,105 [main] INFO  server.SCMClientProtocolServer (SCMClientProtocolServer.java:start(151)) - RPC server for Client  is listening at /0.0.0.0:42392
2019-08-23 10:06:57,106 [IPC Server Responder] INFO  ipc.Server (Server.java:run(1314)) - IPC Server Responder: starting
2019-08-23 10:06:57,106 [IPC Server listener on 42392] INFO  ipc.Server (Server.java:run(1153)) - IPC Server listener on 42392: starting
2019-08-23 10:06:57,110 [main] INFO  server.StorageContainerManager (StorageContainerManager.java:start(769)) - ScmBlockLocationProtocol RPC server is listening at /0.0.0.0:41728
2019-08-23 10:06:57,110 [main] INFO  server.SCMBlockProtocolServer (SCMBlockProtocolServer.java:start(140)) - RPC server for Block Protocol is listening at /0.0.0.0:41728
2019-08-23 10:06:57,111 [IPC Server Responder] INFO  ipc.Server (Server.java:run(1314)) - IPC Server Responder: starting
2019-08-23 10:06:57,111 [IPC Server listener on 41728] INFO  ipc.Server (Server.java:run(1153)) - IPC Server listener on 41728: starting
2019-08-23 10:06:57,114 [main] INFO  server.StorageContainerManager (StorageContainerManager.java:start(773)) - ScmDatanodeProtocl RPC server is listening at /0.0.0.0:37080
2019-08-23 10:06:57,114 [main] INFO  server.SCMDatanodeProtocolServer (SCMDatanodeProtocolServer.java:start(191)) - RPC server for DataNodes is listening at /0.0.0.0:37080
2019-08-23 10:06:57,115 [IPC Server listener on 37080] INFO  ipc.Server (Server.java:run(1153)) - IPC Server listener on 37080: starting
2019-08-23 10:06:57,115 [IPC Server Responder] INFO  ipc.Server (Server.java:run(1314)) - IPC Server Responder: starting
2019-08-23 10:06:57,118 [main] INFO  http.HttpServer2 (HttpServer2.java:bindListener(1191)) - Jetty bound to port 36163
2019-08-23 10:06:57,118 [main] INFO  server.Server (Server.java:doStart(351)) - jetty-9.3.24.v20180605, build timestamp: 2018-06-05T17:11:56Z, git hash: 84205aa28f11a4f31f2a3b86d1bba2cc8ab69827
2019-08-23 10:06:57,119 [main] INFO  handler.ContextHandler (ContextHandler.java:doStart(781)) - Started o.e.j.s.ServletContextHandler@555b3ec9{/logs,file:///workdir/hadoop-ozone/integration-test/target/log,AVAILABLE}
2019-08-23 10:06:57,120 [main] INFO  handler.ContextHandler (ContextHandler.java:doStart(781)) - Started o.e.j.s.ServletContextHandler@43945480{/static,file:///workdir/hadoop-ozone/integration-test/target/test-classes/webapps/static,AVAILABLE}
2019-08-23 10:06:57,123 [main] INFO  handler.ContextHandler (ContextHandler.java:doStart(781)) - Started o.e.j.w.WebAppContext@484b187c{/,file:///workdir/hadoop-ozone/integration-test/target/test-classes/webapps/scm/,AVAILABLE}{/scm}
2019-08-23 10:06:57,123 [main] INFO  server.AbstractConnector (AbstractConnector.java:doStart(278)) - Started ServerConnector@1226ba98{HTTP/1.1,[http/1.1]}{0.0.0.0:36163}
2019-08-23 10:06:57,124 [main] INFO  server.Server (Server.java:doStart(419)) - Started @530082ms
2019-08-23 10:06:57,125 [main] INFO  server.BaseHttpServer (BaseHttpServer.java:updateConnectorAddress(213)) - HTTP server of SCM is listening at http://0.0.0.0:36163
2019-08-23 10:06:57,126 [main] WARN  server.ServerUtils (ServerUtils.java:getDBPath(222)) - ozone.om.db.dirs is not configured. We recommend adding this setting. Falling back to ozone.metadata.dirs instead.
2019-08-23 10:06:57,126 [org.apache.hadoop.util.JvmPauseMonitor$Monitor@7ec01440] INFO  util.JvmPauseMonitor (JvmPauseMonitor.java:run(188)) - Starting JVM pause monitor
2019-08-23 10:07:01,312 [main] WARN  server.ServerUtils (ServerUtils.java:getDBPath(222)) - ozone.om.db.dirs is not configured. We recommend adding this setting. Falling back to ozone.metadata.dirs instead.
2019-08-23 10:07:01,313 [main] WARN  server.ServerUtils (ServerUtils.java:getDBPath(222)) - ozone.om.db.dirs is not configured. We recommend adding this setting. Falling back to ozone.metadata.dirs instead.
2019-08-23 10:07:01,314 [main] INFO  om.OzoneManager (OzoneManager.java:setOMNodeDetails(648)) - OM Service ID is not set. Setting it to the default ID: omServiceIdDefault
2019-08-23 10:07:01,314 [main] INFO  om.OzoneManager (OzoneManager.java:setOMNodeDetails(654)) - OM Node ID is not set. Setting it to the OmStorage's OmID: 6e595010-f2f2-4186-be93-0e1aee1053eb
2019-08-23 10:07:01,314 [main] INFO  om.OzoneManager (OzoneManager.java:loadOMHAConfigs(605)) - Found matching OM address with OMServiceId: null, OMNodeId: null, RPC Address: localhost:0 and Ratis port: 9872
2019-08-23 10:07:01,319 | INFO  | SCMAudit | user=jenkins1000 | ip=192.168.5.185 | op=GET_SCM_INFO null | ret=SUCCESS |  
2019-08-23 10:07:01,323 [main] WARN  server.ServerUtils (ServerUtils.java:getDBPath(222)) - ozone.om.db.dirs is not configured. We recommend adding this setting. Falling back to ozone.metadata.dirs instead.
2019-08-23 10:07:01,323 [main] INFO  db.DBStoreBuilder (DBStoreBuilder.java:addTable(110)) - using custom profile for table: userTable
2019-08-23 10:07:01,323 [main] INFO  db.DBStoreBuilder (DBStoreBuilder.java:processTables(161)) - Using default column profile:DBProfile.DISK for Table:userTable
2019-08-23 10:07:01,324 [main] INFO  db.DBStoreBuilder (DBStoreBuilder.java:addTable(110)) - using custom profile for table: volumeTable
2019-08-23 10:07:01,324 [main] INFO  db.DBStoreBuilder (DBStoreBuilder.java:processTables(161)) - Using default column profile:DBProfile.DISK for Table:volumeTable
2019-08-23 10:07:01,324 [main] INFO  db.DBStoreBuilder (DBStoreBuilder.java:addTable(110)) - using custom profile for table: bucketTable
2019-08-23 10:07:01,325 [main] INFO  db.DBStoreBuilder (DBStoreBuilder.java:processTables(161)) - Using default column profile:DBProfile.DISK for Table:bucketTable
2019-08-23 10:07:01,325 [main] INFO  db.DBStoreBuilder (DBStoreBuilder.java:addTable(110)) - using custom profile for table: keyTable
2019-08-23 10:07:01,325 [main] INFO  db.DBStoreBuilder (DBStoreBuilder.java:processTables(161)) - Using default column profile:DBProfile.DISK for Table:keyTable
2019-08-23 10:07:01,325 [main] INFO  db.DBStoreBuilder (DBStoreBuilder.java:addTable(110)) - using custom profile for table: deletedTable
2019-08-23 10:07:01,326 [main] INFO  db.DBStoreBuilder (DBStoreBuilder.java:processTables(161)) - Using default column profile:DBProfile.DISK for Table:deletedTable
2019-08-23 10:07:01,326 [main] INFO  db.DBStoreBuilder (DBStoreBuilder.java:addTable(110)) - using custom profile for table: openKeyTable
2019-08-23 10:07:01,326 [main] INFO  db.DBStoreBuilder (DBStoreBuilder.java:processTables(161)) - Using default column profile:DBProfile.DISK for Table:openKeyTable
2019-08-23 10:07:01,326 [main] INFO  db.DBStoreBuilder (DBStoreBuilder.java:addTable(110)) - using custom profile for table: s3Table
2019-08-23 10:07:01,327 [main] INFO  db.DBStoreBuilder (DBStoreBuilder.java:processTables(161)) - Using default column profile:DBProfile.DISK for Table:s3Table
2019-08-23 10:07:01,327 [main] INFO  db.DBStoreBuilder (DBStoreBuilder.java:addTable(110)) - using custom profile for table: multipartInfoTable
2019-08-23 10:07:01,327 [main] INFO  db.DBStoreBuilder (DBStoreBuilder.java:processTables(161)) - Using default column profile:DBProfile.DISK for Table:multipartInfoTable
2019-08-23 10:07:01,328 [main] INFO  db.DBStoreBuilder (DBStoreBuilder.java:addTable(110)) - using custom profile for table: dTokenTable
2019-08-23 10:07:01,328 [main] INFO  db.DBStoreBuilder (DBStoreBuilder.java:processTables(161)) - Using default column profile:DBProfile.DISK for Table:dTokenTable
2019-08-23 10:07:01,328 [main] INFO  db.DBStoreBuilder (DBStoreBuilder.java:addTable(110)) - using custom profile for table: s3SecretTable
2019-08-23 10:07:01,328 [main] INFO  db.DBStoreBuilder (DBStoreBuilder.java:processTables(161)) - Using default column profile:DBProfile.DISK for Table:s3SecretTable
2019-08-23 10:07:01,329 [main] INFO  db.DBStoreBuilder (DBStoreBuilder.java:addTable(110)) - using custom profile for table: prefixTable
2019-08-23 10:07:01,329 [main] INFO  db.DBStoreBuilder (DBStoreBuilder.java:processTables(161)) - Using default column profile:DBProfile.DISK for Table:prefixTable
2019-08-23 10:07:01,329 [main] INFO  db.DBStoreBuilder (DBStoreBuilder.java:addTable(110)) - using custom profile for table: default
2019-08-23 10:07:01,329 [main] INFO  db.DBStoreBuilder (DBStoreBuilder.java:processTables(167)) - Using default column profile:DBProfile.DISK for Table:default
2019-08-23 10:07:01,330 [main] INFO  db.DBStoreBuilder (DBStoreBuilder.java:getDbProfile(198)) - Using default options. DBProfile.DISK
2019-08-23 10:07:02,036 [main] INFO  ipc.CallQueueManager (CallQueueManager.java:<init>(84)) - Using callQueue: class java.util.concurrent.LinkedBlockingQueue, queueCapacity: 2000, scheduler: class org.apache.hadoop.ipc.DefaultRpcScheduler, ipcBackoff: false.
2019-08-23 10:07:02,037 [Socket Reader #1 for port 38371] INFO  ipc.Server (Server.java:run(1074)) - Starting Socket Reader #1 for port 38371
2019-08-23 10:07:02,054 [main] INFO  om.OzoneManager (OzoneManager.java:start(1259)) - OzoneManager RPC server is listening at localhost/127.0.0.1:38371
2019-08-23 10:07:02,054 [main] INFO  impl.MetricsSystemImpl (MetricsSystemImpl.java:init(158)) - OzoneManager metrics system started (again)
2019-08-23 10:07:02,055 [IPC Server Responder] INFO  ipc.Server (Server.java:run(1314)) - IPC Server Responder: starting
2019-08-23 10:07:02,055 [IPC Server listener on 38371] INFO  ipc.Server (Server.java:run(1153)) - IPC Server listener on 38371: starting
2019-08-23 10:07:02,061 [main] INFO  hdfs.DFSUtil (DFSUtil.java:httpServerTemplateForNNAndJN(1641)) - Starting Web-server for ozoneManager at: http://0.0.0.0:0
2019-08-23 10:07:02,063 [main] INFO  server.AuthenticationFilter (AuthenticationFilter.java:constructSecretProvider(240)) - Unable to initialize FileSignerSecretProvider, falling back to use random secrets.
2019-08-23 10:07:02,064 [main] WARN  http.HttpRequestLog (HttpRequestLog.java:getRequestLog(97)) - Jetty request log can only be enabled using Log4j
2019-08-23 10:07:02,066 [main] INFO  http.HttpServer2 (HttpServer2.java:addGlobalFilter(975)) - Added global filter 'safety' (class=org.apache.hadoop.http.HttpServer2$QuotingInputFilter)
2019-08-23 10:07:02,066 [main] INFO  http.HttpServer2 (HttpServer2.java:addFilter(948)) - Added filter static_user_filter (class=org.apache.hadoop.http.lib.StaticUserWebFilter$StaticUserFilter) to context ozoneManager
2019-08-23 10:07:02,066 [main] INFO  http.HttpServer2 (HttpServer2.java:addFilter(958)) - Added filter static_user_filter (class=org.apache.hadoop.http.lib.StaticUserWebFilter$StaticUserFilter) to context logs
2019-08-23 10:07:02,067 [main] INFO  http.HttpServer2 (HttpServer2.java:addFilter(958)) - Added filter static_user_filter (class=org.apache.hadoop.http.lib.StaticUserWebFilter$StaticUserFilter) to context static
2019-08-23 10:07:02,067 [main] INFO  http.HttpServer2 (HttpServer2.java:bindListener(1191)) - Jetty bound to port 46856
2019-08-23 10:07:02,068 [main] INFO  server.Server (Server.java:doStart(351)) - jetty-9.3.24.v20180605, build timestamp: 2018-06-05T17:11:56Z, git hash: 84205aa28f11a4f31f2a3b86d1bba2cc8ab69827
2019-08-23 10:07:02,070 [main] INFO  handler.ContextHandler (ContextHandler.java:doStart(781)) - Started o.e.j.s.ServletContextHandler@203ba07{/logs,file:///workdir/hadoop-ozone/integration-test/target/log,AVAILABLE}
2019-08-23 10:07:02,070 [main] INFO  handler.ContextHandler (ContextHandler.java:doStart(781)) - Started o.e.j.s.ServletContextHandler@709353b9{/static,file:///workdir/hadoop-ozone/integration-test/target/test-classes/webapps/static,AVAILABLE}
2019-08-23 10:07:02,075 [main] INFO  handler.ContextHandler (ContextHandler.java:doStart(781)) - Started o.e.j.w.WebAppContext@21e32876{/,file:///workdir/hadoop-ozone/integration-test/target/test-classes/webapps/ozoneManager/,AVAILABLE}{/ozoneManager}
2019-08-23 10:07:02,076 [main] INFO  server.AbstractConnector (AbstractConnector.java:doStart(278)) - Started ServerConnector@a642c54{HTTP/1.1,[http/1.1]}{0.0.0.0:46856}
2019-08-23 10:07:02,077 [main] INFO  server.Server (Server.java:doStart(419)) - Started @535035ms
2019-08-23 10:07:02,078 [main] INFO  server.BaseHttpServer (BaseHttpServer.java:updateConnectorAddress(213)) - HTTP server of OZONEMANAGER is listening at http://0.0.0.0:46856
2019-08-23 10:07:02,093 [main] INFO  impl.MetricsSystemImpl (MetricsSystemImpl.java:init(158)) - HddsDatanode metrics system started (again)
2019-08-23 10:07:02,095 [main] INFO  ozone.HddsDatanodeService (HddsDatanodeService.java:start(184)) - HddsDatanodeService host:pr-hdds-1094-w8cgz-2737508714 ip:192.168.5.185
2019-08-23 10:07:02,106 [main] INFO  volume.HddsVolume (HddsVolume.java:<init>(176)) - Creating Volume: /workdir/hadoop-ozone/integration-test/target/test-dir/MiniOzoneClusterImpl-b7a8e372-3268-47e4-95e4-1baa8ccb0650/datanode-0/data/containers/hdds of  storage type : DISK and capacity : 1482555576320
2019-08-23 10:07:02,106 [main] INFO  volume.VolumeSet (VolumeSet.java:initializeVolumeSet(170)) - Added Volume : /workdir/hadoop-ozone/integration-test/target/test-dir/MiniOzoneClusterImpl-b7a8e372-3268-47e4-95e4-1baa8ccb0650/datanode-0/data/containers/hdds to VolumeSet
2019-08-23 10:07:02,106 [main] INFO  volume.ThrottledAsyncChecker (ThrottledAsyncChecker.java:schedule(140)) - Scheduling a check for org.apache.hadoop.ozone.container.common.volume.HddsVolume@46f3d0f7
2019-08-23 10:07:02,107 [main] INFO  volume.HddsVolumeChecker (HddsVolumeChecker.java:checkAllVolumes(203)) - Scheduled health check for volume org.apache.hadoop.ozone.container.common.volume.HddsVolume@46f3d0f7
2019-08-23 10:07:02,124 [main] INFO  impl.RaftServerProxy (ConfUtils.java:logGet(43)) - raft.rpc.type = GRPC (default)
2019-08-23 10:07:02,124 [main] INFO  grpc.GrpcFactory (GrpcFactory.java:checkPooledByteBufAllocatorUseCacheForAllThreads(45)) - PERFORMANCE WARNING: useCacheForAllThreads is true that may cause Netty to create a lot garbage objects and, as a result, trigger GC.
	It is recommended to disable useCacheForAllThreads by setting -Dorg.apache.ratis.thirdparty.io.netty.allocator.useCacheForAllThreads=false in command line.
2019-08-23 10:07:02,125 [main] INFO  grpc.GrpcConfigKeys$Server (ConfUtils.java:logGet(43)) - raft.grpc.server.port = 0 (default)
2019-08-23 10:07:02,125 [main] INFO  server.GrpcService (ConfUtils.java:logGet(43)) - raft.grpc.message.size.max = 33570816 (custom)
2019-08-23 10:07:02,125 [main] INFO  server.RaftServerConfigKeys (ConfUtils.java:logGet(43)) - raft.server.log.appender.buffer.byte-limit = 33554432 (custom)
2019-08-23 10:07:02,125 [main] INFO  server.GrpcService (ConfUtils.java:logGet(43)) - raft.grpc.flow.control.window = 1MB (=1048576) (default)
2019-08-23 10:07:02,125 [main] INFO  server.RaftServerConfigKeys (ConfUtils.java:logGet(43)) - raft.server.rpc.request.timeout = 3000ms (default)
2019-08-23 10:07:02,126 [main] INFO  server.RaftServerConfigKeys (ConfUtils.java:logGet(43)) - raft.server.storage.dir = [/workdir/hadoop-ozone/integration-test/target/test-dir/MiniOzoneClusterImpl-b7a8e372-3268-47e4-95e4-1baa8ccb0650/datanode-0/data/ratis] (custom)
2019-08-23 10:07:02,126 [main] INFO  replication.SimpleContainerDownloader (SimpleContainerDownloader.java:<init>(72)) - Starting container downloader service to copy containers to replicate.
2019-08-23 10:07:02,128 [main] INFO  hdfs.DFSUtil (DFSUtil.java:httpServerTemplateForNNAndJN(1641)) - Starting Web-server for hddsDatanode at: http://0.0.0.0:0
2019-08-23 10:07:02,129 [main] INFO  server.AuthenticationFilter (AuthenticationFilter.java:constructSecretProvider(240)) - Unable to initialize FileSignerSecretProvider, falling back to use random secrets.
2019-08-23 10:07:02,129 [main] WARN  http.HttpRequestLog (HttpRequestLog.java:getRequestLog(97)) - Jetty request log can only be enabled using Log4j
2019-08-23 10:07:02,131 [main] INFO  http.HttpServer2 (HttpServer2.java:addGlobalFilter(975)) - Added global filter 'safety' (class=org.apache.hadoop.http.HttpServer2$QuotingInputFilter)
2019-08-23 10:07:02,131 [main] INFO  http.HttpServer2 (HttpServer2.java:addFilter(948)) - Added filter static_user_filter (class=org.apache.hadoop.http.lib.StaticUserWebFilter$StaticUserFilter) to context hddsDatanode
2019-08-23 10:07:02,131 [main] INFO  http.HttpServer2 (HttpServer2.java:addFilter(958)) - Added filter static_user_filter (class=org.apache.hadoop.http.lib.StaticUserWebFilter$StaticUserFilter) to context logs
2019-08-23 10:07:02,131 [main] INFO  http.HttpServer2 (HttpServer2.java:addFilter(958)) - Added filter static_user_filter (class=org.apache.hadoop.http.lib.StaticUserWebFilter$StaticUserFilter) to context static
2019-08-23 10:07:02,132 [main] INFO  http.HttpServer2 (HttpServer2.java:bindListener(1191)) - Jetty bound to port 38354
2019-08-23 10:07:02,132 [main] INFO  server.Server (Server.java:doStart(351)) - jetty-9.3.24.v20180605, build timestamp: 2018-06-05T17:11:56Z, git hash: 84205aa28f11a4f31f2a3b86d1bba2cc8ab69827
2019-08-23 10:07:02,134 [main] INFO  handler.ContextHandler (ContextHandler.java:doStart(781)) - Started o.e.j.s.ServletContextHandler@7959fbe3{/logs,file:///workdir/hadoop-ozone/integration-test/target/log,AVAILABLE}
2019-08-23 10:07:02,134 [main] INFO  handler.ContextHandler (ContextHandler.java:doStart(781)) - Started o.e.j.s.ServletContextHandler@3dfe520{/static,jar:file:/home/user/.m2/repository/org/apache/hadoop/hadoop-hdds-container-service/0.5.0-SNAPSHOT/hadoop-hdds-container-service-0.5.0-SNAPSHOT.jar!/webapps/static,AVAILABLE}
2019-08-23 10:07:02,162 [main] INFO  handler.ContextHandler (ContextHandler.java:doStart(781)) - Started o.e.j.w.WebAppContext@365fde74{/,file:///tmp/jetty-0.0.0.0-38354-hddsDatanode-_-any-871938561208419059.dir/webapp/,AVAILABLE}{/hddsDatanode}
2019-08-23 10:07:02,162 [main] INFO  server.AbstractConnector (AbstractConnector.java:doStart(278)) - Started ServerConnector@760b9444{HTTP/1.1,[http/1.1]}{0.0.0.0:38354}
2019-08-23 10:07:02,162 [main] INFO  server.Server (Server.java:doStart(419)) - Started @535120ms
2019-08-23 10:07:02,164 [main] INFO  server.BaseHttpServer (BaseHttpServer.java:updateConnectorAddress(213)) - HTTP server of HDDSDATANODE is listening at http://0.0.0.0:38354
2019-08-23 10:07:02,297 | INFO  | ObjectStoreRestHttpServer | Listening HDDS REST traffic on /0.0.0.0:43434 |  
2019-08-23 10:07:02,297 [main] INFO  ozone.HddsDatanodeService (HddsDatanodeService.java:startPlugins(395)) - Started plug-in org.apache.hadoop.ozone.web.OzoneHddsDatanodeService@2b8a11d7
2019-08-23 10:07:02,298 [main] INFO  impl.MetricsSystemImpl (MetricsSystemImpl.java:init(158)) - HddsDatanode metrics system started (again)
2019-08-23 10:07:02,303 [main] INFO  ozone.HddsDatanodeService (HddsDatanodeService.java:start(184)) - HddsDatanodeService host:pr-hdds-1094-w8cgz-2737508714 ip:192.168.5.185
2019-08-23 10:07:02,303 [org.apache.hadoop.util.JvmPauseMonitor$Monitor@23eb514d] INFO  util.JvmPauseMonitor (JvmPauseMonitor.java:run(188)) - Starting JVM pause monitor
2019-08-23 10:07:02,305 [Datanode State Machine Thread - 0] INFO  datanode.InitDatanodeState (InitDatanodeState.java:persistContainerDatanodeDetails(140)) - DatanodeDetails is persisted to /workdir/hadoop-ozone/integration-test/target/test-dir/MiniOzoneClusterImpl-b7a8e372-3268-47e4-95e4-1baa8ccb0650/datanode-0/meta/datanode.id
2019-08-23 10:07:02,314 [main] INFO  volume.HddsVolume (HddsVolume.java:<init>(176)) - Creating Volume: /workdir/hadoop-ozone/integration-test/target/test-dir/MiniOzoneClusterImpl-b7a8e372-3268-47e4-95e4-1baa8ccb0650/datanode-1/data/containers/hdds of  storage type : DISK and capacity : 1482555576320
2019-08-23 10:07:02,314 [main] INFO  volume.VolumeSet (VolumeSet.java:initializeVolumeSet(170)) - Added Volume : /workdir/hadoop-ozone/integration-test/target/test-dir/MiniOzoneClusterImpl-b7a8e372-3268-47e4-95e4-1baa8ccb0650/datanode-1/data/containers/hdds to VolumeSet
2019-08-23 10:07:02,314 [main] INFO  volume.ThrottledAsyncChecker (ThrottledAsyncChecker.java:schedule(140)) - Scheduling a check for org.apache.hadoop.ozone.container.common.volume.HddsVolume@12e04531
2019-08-23 10:07:02,315 [main] INFO  volume.HddsVolumeChecker (HddsVolumeChecker.java:checkAllVolumes(203)) - Scheduled health check for volume org.apache.hadoop.ozone.container.common.volume.HddsVolume@12e04531
2019-08-23 10:07:02,329 [main] INFO  impl.RaftServerProxy (ConfUtils.java:logGet(43)) - raft.rpc.type = GRPC (default)
2019-08-23 10:07:02,329 [main] INFO  grpc.GrpcFactory (GrpcFactory.java:checkPooledByteBufAllocatorUseCacheForAllThreads(45)) - PERFORMANCE WARNING: useCacheForAllThreads is true that may cause Netty to create a lot garbage objects and, as a result, trigger GC.
	It is recommended to disable useCacheForAllThreads by setting -Dorg.apache.ratis.thirdparty.io.netty.allocator.useCacheForAllThreads=false in command line.
2019-08-23 10:07:02,329 [main] INFO  grpc.GrpcConfigKeys$Server (ConfUtils.java:logGet(43)) - raft.grpc.server.port = 0 (default)
2019-08-23 10:07:02,329 [main] INFO  server.GrpcService (ConfUtils.java:logGet(43)) - raft.grpc.message.size.max = 33570816 (custom)
2019-08-23 10:07:02,330 [main] INFO  server.RaftServerConfigKeys (ConfUtils.java:logGet(43)) - raft.server.log.appender.buffer.byte-limit = 33554432 (custom)
2019-08-23 10:07:02,330 [main] INFO  server.GrpcService (ConfUtils.java:logGet(43)) - raft.grpc.flow.control.window = 1MB (=1048576) (default)
2019-08-23 10:07:02,330 [main] INFO  server.RaftServerConfigKeys (ConfUtils.java:logGet(43)) - raft.server.rpc.request.timeout = 3000ms (default)
2019-08-23 10:07:02,330 [main] INFO  server.RaftServerConfigKeys (ConfUtils.java:logGet(43)) - raft.server.storage.dir = [/workdir/hadoop-ozone/integration-test/target/test-dir/MiniOzoneClusterImpl-b7a8e372-3268-47e4-95e4-1baa8ccb0650/datanode-1/data/ratis] (custom)
2019-08-23 10:07:02,331 [main] INFO  replication.SimpleContainerDownloader (SimpleContainerDownloader.java:<init>(72)) - Starting container downloader service to copy containers to replicate.
2019-08-23 10:07:02,332 [main] INFO  hdfs.DFSUtil (DFSUtil.java:httpServerTemplateForNNAndJN(1641)) - Starting Web-server for hddsDatanode at: http://0.0.0.0:0
2019-08-23 10:07:02,333 [main] INFO  server.AuthenticationFilter (AuthenticationFilter.java:constructSecretProvider(240)) - Unable to initialize FileSignerSecretProvider, falling back to use random secrets.
2019-08-23 10:07:02,333 [main] WARN  http.HttpRequestLog (HttpRequestLog.java:getRequestLog(97)) - Jetty request log can only be enabled using Log4j
2019-08-23 10:07:02,335 [main] INFO  http.HttpServer2 (HttpServer2.java:addGlobalFilter(975)) - Added global filter 'safety' (class=org.apache.hadoop.http.HttpServer2$QuotingInputFilter)
2019-08-23 10:07:02,335 [main] INFO  http.HttpServer2 (HttpServer2.java:addFilter(948)) - Added filter static_user_filter (class=org.apache.hadoop.http.lib.StaticUserWebFilter$StaticUserFilter) to context hddsDatanode
2019-08-23 10:07:02,335 [main] INFO  http.HttpServer2 (HttpServer2.java:addFilter(958)) - Added filter static_user_filter (class=org.apache.hadoop.http.lib.StaticUserWebFilter$StaticUserFilter) to context logs
2019-08-23 10:07:02,335 [main] INFO  http.HttpServer2 (HttpServer2.java:addFilter(958)) - Added filter static_user_filter (class=org.apache.hadoop.http.lib.StaticUserWebFilter$StaticUserFilter) to context static
2019-08-23 10:07:02,336 [main] INFO  http.HttpServer2 (HttpServer2.java:bindListener(1191)) - Jetty bound to port 36922
2019-08-23 10:07:02,336 [main] INFO  server.Server (Server.java:doStart(351)) - jetty-9.3.24.v20180605, build timestamp: 2018-06-05T17:11:56Z, git hash: 84205aa28f11a4f31f2a3b86d1bba2cc8ab69827
2019-08-23 10:07:02,338 [main] INFO  handler.ContextHandler (ContextHandler.java:doStart(781)) - Started o.e.j.s.ServletContextHandler@36a59d8{/logs,file:///workdir/hadoop-ozone/integration-test/target/log,AVAILABLE}
2019-08-23 10:07:02,338 [main] INFO  handler.ContextHandler (ContextHandler.java:doStart(781)) - Started o.e.j.s.ServletContextHandler@7f59f4e4{/static,jar:file:/home/user/.m2/repository/org/apache/hadoop/hadoop-hdds-container-service/0.5.0-SNAPSHOT/hadoop-hdds-container-service-0.5.0-SNAPSHOT.jar!/webapps/static,AVAILABLE}
2019-08-23 10:07:02,365 [main] INFO  handler.ContextHandler (ContextHandler.java:doStart(781)) - Started o.e.j.w.WebAppContext@61bfd7da{/,file:///tmp/jetty-0.0.0.0-36922-hddsDatanode-_-any-5827214285397070945.dir/webapp/,AVAILABLE}{/hddsDatanode}
2019-08-23 10:07:02,366 [main] INFO  server.AbstractConnector (AbstractConnector.java:doStart(278)) - Started ServerConnector@6179af64{HTTP/1.1,[http/1.1]}{0.0.0.0:36922}
2019-08-23 10:07:02,366 [main] INFO  server.Server (Server.java:doStart(419)) - Started @535324ms
2019-08-23 10:07:02,368 [main] INFO  server.BaseHttpServer (BaseHttpServer.java:updateConnectorAddress(213)) - HTTP server of HDDSDATANODE is listening at http://0.0.0.0:36922
2019-08-23 10:07:02,488 | INFO  | ObjectStoreRestHttpServer | Listening HDDS REST traffic on /0.0.0.0:32910 |  
2019-08-23 10:07:02,488 [main] INFO  ozone.HddsDatanodeService (HddsDatanodeService.java:startPlugins(395)) - Started plug-in org.apache.hadoop.ozone.web.OzoneHddsDatanodeService@2f0a29f7
2019-08-23 10:07:02,489 [main] INFO  impl.MetricsSystemImpl (MetricsSystemImpl.java:init(158)) - HddsDatanode metrics system started (again)
2019-08-23 10:07:02,492 [org.apache.hadoop.util.JvmPauseMonitor$Monitor@44705622] INFO  util.JvmPauseMonitor (JvmPauseMonitor.java:run(188)) - Starting JVM pause monitor
2019-08-23 10:07:02,492 [main] INFO  ozone.HddsDatanodeService (HddsDatanodeService.java:start(184)) - HddsDatanodeService host:pr-hdds-1094-w8cgz-2737508714 ip:192.168.5.185
2019-08-23 10:07:02,494 [Datanode State Machine Thread - 0] INFO  datanode.InitDatanodeState (InitDatanodeState.java:persistContainerDatanodeDetails(140)) - DatanodeDetails is persisted to /workdir/hadoop-ozone/integration-test/target/test-dir/MiniOzoneClusterImpl-b7a8e372-3268-47e4-95e4-1baa8ccb0650/datanode-1/meta/datanode.id
2019-08-23 10:07:02,503 [main] INFO  volume.HddsVolume (HddsVolume.java:<init>(176)) - Creating Volume: /workdir/hadoop-ozone/integration-test/target/test-dir/MiniOzoneClusterImpl-b7a8e372-3268-47e4-95e4-1baa8ccb0650/datanode-2/data/containers/hdds of  storage type : DISK and capacity : 1482555576320
2019-08-23 10:07:02,503 [main] INFO  volume.VolumeSet (VolumeSet.java:initializeVolumeSet(170)) - Added Volume : /workdir/hadoop-ozone/integration-test/target/test-dir/MiniOzoneClusterImpl-b7a8e372-3268-47e4-95e4-1baa8ccb0650/datanode-2/data/containers/hdds to VolumeSet
2019-08-23 10:07:02,503 [main] INFO  volume.ThrottledAsyncChecker (ThrottledAsyncChecker.java:schedule(140)) - Scheduling a check for org.apache.hadoop.ozone.container.common.volume.HddsVolume@3dfb1626
2019-08-23 10:07:02,504 [main] INFO  volume.HddsVolumeChecker (HddsVolumeChecker.java:checkAllVolumes(203)) - Scheduled health check for volume org.apache.hadoop.ozone.container.common.volume.HddsVolume@3dfb1626
2019-08-23 10:07:02,518 [main] INFO  impl.RaftServerProxy (ConfUtils.java:logGet(43)) - raft.rpc.type = GRPC (default)
2019-08-23 10:07:02,518 [main] INFO  grpc.GrpcFactory (GrpcFactory.java:checkPooledByteBufAllocatorUseCacheForAllThreads(45)) - PERFORMANCE WARNING: useCacheForAllThreads is true that may cause Netty to create a lot garbage objects and, as a result, trigger GC.
	It is recommended to disable useCacheForAllThreads by setting -Dorg.apache.ratis.thirdparty.io.netty.allocator.useCacheForAllThreads=false in command line.
2019-08-23 10:07:02,518 [main] INFO  grpc.GrpcConfigKeys$Server (ConfUtils.java:logGet(43)) - raft.grpc.server.port = 0 (default)
2019-08-23 10:07:02,518 [main] INFO  server.GrpcService (ConfUtils.java:logGet(43)) - raft.grpc.message.size.max = 33570816 (custom)
2019-08-23 10:07:02,518 [main] INFO  server.RaftServerConfigKeys (ConfUtils.java:logGet(43)) - raft.server.log.appender.buffer.byte-limit = 33554432 (custom)
2019-08-23 10:07:02,519 [main] INFO  server.GrpcService (ConfUtils.java:logGet(43)) - raft.grpc.flow.control.window = 1MB (=1048576) (default)
2019-08-23 10:07:02,519 [main] INFO  server.RaftServerConfigKeys (ConfUtils.java:logGet(43)) - raft.server.rpc.request.timeout = 3000ms (default)
2019-08-23 10:07:02,520 [main] INFO  server.RaftServerConfigKeys (ConfUtils.java:logGet(43)) - raft.server.storage.dir = [/workdir/hadoop-ozone/integration-test/target/test-dir/MiniOzoneClusterImpl-b7a8e372-3268-47e4-95e4-1baa8ccb0650/datanode-2/data/ratis] (custom)
2019-08-23 10:07:02,520 [main] INFO  replication.SimpleContainerDownloader (SimpleContainerDownloader.java:<init>(72)) - Starting container downloader service to copy containers to replicate.
2019-08-23 10:07:02,521 [main] INFO  hdfs.DFSUtil (DFSUtil.java:httpServerTemplateForNNAndJN(1641)) - Starting Web-server for hddsDatanode at: http://0.0.0.0:0
2019-08-23 10:07:02,522 [main] INFO  server.AuthenticationFilter (AuthenticationFilter.java:constructSecretProvider(240)) - Unable to initialize FileSignerSecretProvider, falling back to use random secrets.
2019-08-23 10:07:02,523 [main] WARN  http.HttpRequestLog (HttpRequestLog.java:getRequestLog(97)) - Jetty request log can only be enabled using Log4j
2019-08-23 10:07:02,524 [main] INFO  http.HttpServer2 (HttpServer2.java:addGlobalFilter(975)) - Added global filter 'safety' (class=org.apache.hadoop.http.HttpServer2$QuotingInputFilter)
2019-08-23 10:07:02,524 [main] INFO  http.HttpServer2 (HttpServer2.java:addFilter(948)) - Added filter static_user_filter (class=org.apache.hadoop.http.lib.StaticUserWebFilter$StaticUserFilter) to context hddsDatanode
2019-08-23 10:07:02,525 [main] INFO  http.HttpServer2 (HttpServer2.java:addFilter(958)) - Added filter static_user_filter (class=org.apache.hadoop.http.lib.StaticUserWebFilter$StaticUserFilter) to context static
2019-08-23 10:07:02,525 [main] INFO  http.HttpServer2 (HttpServer2.java:addFilter(958)) - Added filter static_user_filter (class=org.apache.hadoop.http.lib.StaticUserWebFilter$StaticUserFilter) to context logs
2019-08-23 10:07:02,525 [main] INFO  http.HttpServer2 (HttpServer2.java:bindListener(1191)) - Jetty bound to port 36878
2019-08-23 10:07:02,525 [main] INFO  server.Server (Server.java:doStart(351)) - jetty-9.3.24.v20180605, build timestamp: 2018-06-05T17:11:56Z, git hash: 84205aa28f11a4f31f2a3b86d1bba2cc8ab69827
2019-08-23 10:07:02,527 [main] INFO  handler.ContextHandler (ContextHandler.java:doStart(781)) - Started o.e.j.s.ServletContextHandler@4a5dc126{/logs,file:///workdir/hadoop-ozone/integration-test/target/log,AVAILABLE}
2019-08-23 10:07:02,528 [main] INFO  handler.ContextHandler (ContextHandler.java:doStart(781)) - Started o.e.j.s.ServletContextHandler@4cdb7fd9{/static,jar:file:/home/user/.m2/repository/org/apache/hadoop/hadoop-hdds-container-service/0.5.0-SNAPSHOT/hadoop-hdds-container-service-0.5.0-SNAPSHOT.jar!/webapps/static,AVAILABLE}
2019-08-23 10:07:02,554 [main] INFO  handler.ContextHandler (ContextHandler.java:doStart(781)) - Started o.e.j.w.WebAppContext@441798ce{/,file:///tmp/jetty-0.0.0.0-36878-hddsDatanode-_-any-6541514695255788846.dir/webapp/,AVAILABLE}{/hddsDatanode}
2019-08-23 10:07:02,555 [main] INFO  server.AbstractConnector (AbstractConnector.java:doStart(278)) - Started ServerConnector@335cd031{HTTP/1.1,[http/1.1]}{0.0.0.0:36878}
2019-08-23 10:07:02,555 [main] INFO  server.Server (Server.java:doStart(419)) - Started @535513ms
2019-08-23 10:07:02,557 [main] INFO  server.BaseHttpServer (BaseHttpServer.java:updateConnectorAddress(213)) - HTTP server of HDDSDATANODE is listening at http://0.0.0.0:36878
2019-08-23 10:07:02,942 | INFO  | ObjectStoreRestHttpServer | Listening HDDS REST traffic on /0.0.0.0:46460 |  
2019-08-23 10:07:02,943 [main] INFO  ozone.HddsDatanodeService (HddsDatanodeService.java:startPlugins(395)) - Started plug-in org.apache.hadoop.ozone.web.OzoneHddsDatanodeService@4ee41c66
2019-08-23 10:07:02,944 [main] INFO  impl.MetricsSystemImpl (MetricsSystemImpl.java:init(158)) - HddsDatanode metrics system started (again)
2019-08-23 10:07:02,947 [org.apache.hadoop.util.JvmPauseMonitor$Monitor@2f5e3dd4] INFO  util.JvmPauseMonitor (JvmPauseMonitor.java:run(188)) - Starting JVM pause monitor
2019-08-23 10:07:02,949 [Datanode State Machine Thread - 0] INFO  datanode.InitDatanodeState (InitDatanodeState.java:persistContainerDatanodeDetails(140)) - DatanodeDetails is persisted to /workdir/hadoop-ozone/integration-test/target/test-dir/MiniOzoneClusterImpl-b7a8e372-3268-47e4-95e4-1baa8ccb0650/datanode-2/meta/datanode.id
2019-08-23 10:07:02,952 [main] INFO  ozone.HddsDatanodeService (HddsDatanodeService.java:start(184)) - HddsDatanodeService host:pr-hdds-1094-w8cgz-2737508714 ip:192.168.5.185
2019-08-23 10:07:02,964 [main] INFO  volume.HddsVolume (HddsVolume.java:<init>(176)) - Creating Volume: /workdir/hadoop-ozone/integration-test/target/test-dir/MiniOzoneClusterImpl-b7a8e372-3268-47e4-95e4-1baa8ccb0650/datanode-3/data/containers/hdds of  storage type : DISK and capacity : 1482555576320
2019-08-23 10:07:02,965 [main] INFO  volume.VolumeSet (VolumeSet.java:initializeVolumeSet(170)) - Added Volume : /workdir/hadoop-ozone/integration-test/target/test-dir/MiniOzoneClusterImpl-b7a8e372-3268-47e4-95e4-1baa8ccb0650/datanode-3/data/containers/hdds to VolumeSet
2019-08-23 10:07:02,965 [main] INFO  volume.ThrottledAsyncChecker (ThrottledAsyncChecker.java:schedule(140)) - Scheduling a check for org.apache.hadoop.ozone.container.common.volume.HddsVolume@6b78cbee
2019-08-23 10:07:02,966 [main] INFO  volume.HddsVolumeChecker (HddsVolumeChecker.java:checkAllVolumes(203)) - Scheduled health check for volume org.apache.hadoop.ozone.container.common.volume.HddsVolume@6b78cbee
2019-08-23 10:07:02,982 [main] INFO  impl.RaftServerProxy (ConfUtils.java:logGet(43)) - raft.rpc.type = GRPC (default)
2019-08-23 10:07:02,982 [main] INFO  grpc.GrpcFactory (GrpcFactory.java:checkPooledByteBufAllocatorUseCacheForAllThreads(45)) - PERFORMANCE WARNING: useCacheForAllThreads is true that may cause Netty to create a lot garbage objects and, as a result, trigger GC.
	It is recommended to disable useCacheForAllThreads by setting -Dorg.apache.ratis.thirdparty.io.netty.allocator.useCacheForAllThreads=false in command line.
2019-08-23 10:07:02,982 [main] INFO  grpc.GrpcConfigKeys$Server (ConfUtils.java:logGet(43)) - raft.grpc.server.port = 0 (default)
2019-08-23 10:07:02,982 [main] INFO  server.GrpcService (ConfUtils.java:logGet(43)) - raft.grpc.message.size.max = 33570816 (custom)
2019-08-23 10:07:02,982 [main] INFO  server.RaftServerConfigKeys (ConfUtils.java:logGet(43)) - raft.server.log.appender.buffer.byte-limit = 33554432 (custom)
2019-08-23 10:07:02,983 [main] INFO  server.GrpcService (ConfUtils.java:logGet(43)) - raft.grpc.flow.control.window = 1MB (=1048576) (default)
2019-08-23 10:07:02,983 [main] INFO  server.RaftServerConfigKeys (ConfUtils.java:logGet(43)) - raft.server.rpc.request.timeout = 3000ms (default)
2019-08-23 10:07:02,983 [main] INFO  server.RaftServerConfigKeys (ConfUtils.java:logGet(43)) - raft.server.storage.dir = [/workdir/hadoop-ozone/integration-test/target/test-dir/MiniOzoneClusterImpl-b7a8e372-3268-47e4-95e4-1baa8ccb0650/datanode-3/data/ratis] (custom)
2019-08-23 10:07:02,984 [main] INFO  replication.SimpleContainerDownloader (SimpleContainerDownloader.java:<init>(72)) - Starting container downloader service to copy containers to replicate.
2019-08-23 10:07:02,985 [main] INFO  hdfs.DFSUtil (DFSUtil.java:httpServerTemplateForNNAndJN(1641)) - Starting Web-server for hddsDatanode at: http://0.0.0.0:0
2019-08-23 10:07:02,987 [main] INFO  server.AuthenticationFilter (AuthenticationFilter.java:constructSecretProvider(240)) - Unable to initialize FileSignerSecretProvider, falling back to use random secrets.
2019-08-23 10:07:02,987 [main] WARN  http.HttpRequestLog (HttpRequestLog.java:getRequestLog(97)) - Jetty request log can only be enabled using Log4j
2019-08-23 10:07:02,989 [main] INFO  http.HttpServer2 (HttpServer2.java:addGlobalFilter(975)) - Added global filter 'safety' (class=org.apache.hadoop.http.HttpServer2$QuotingInputFilter)
2019-08-23 10:07:02,989 [main] INFO  http.HttpServer2 (HttpServer2.java:addFilter(948)) - Added filter static_user_filter (class=org.apache.hadoop.http.lib.StaticUserWebFilter$StaticUserFilter) to context hddsDatanode
2019-08-23 10:07:02,989 [main] INFO  http.HttpServer2 (HttpServer2.java:addFilter(958)) - Added filter static_user_filter (class=org.apache.hadoop.http.lib.StaticUserWebFilter$StaticUserFilter) to context logs
2019-08-23 10:07:02,989 [main] INFO  http.HttpServer2 (HttpServer2.java:addFilter(958)) - Added filter static_user_filter (class=org.apache.hadoop.http.lib.StaticUserWebFilter$StaticUserFilter) to context static
2019-08-23 10:07:02,990 [main] INFO  http.HttpServer2 (HttpServer2.java:bindListener(1191)) - Jetty bound to port 37991
2019-08-23 10:07:02,990 [main] INFO  server.Server (Server.java:doStart(351)) - jetty-9.3.24.v20180605, build timestamp: 2018-06-05T17:11:56Z, git hash: 84205aa28f11a4f31f2a3b86d1bba2cc8ab69827
2019-08-23 10:07:02,992 [main] INFO  handler.ContextHandler (ContextHandler.java:doStart(781)) - Started o.e.j.s.ServletContextHandler@41a6cd9e{/logs,file:///workdir/hadoop-ozone/integration-test/target/log,AVAILABLE}
2019-08-23 10:07:02,992 [main] INFO  handler.ContextHandler (ContextHandler.java:doStart(781)) - Started o.e.j.s.ServletContextHandler@2e0d6270{/static,jar:file:/home/user/.m2/repository/org/apache/hadoop/hadoop-hdds-container-service/0.5.0-SNAPSHOT/hadoop-hdds-container-service-0.5.0-SNAPSHOT.jar!/webapps/static,AVAILABLE}
2019-08-23 10:07:03,018 [main] INFO  handler.ContextHandler (ContextHandler.java:doStart(781)) - Started o.e.j.w.WebAppContext@4ca83ec3{/,file:///tmp/jetty-0.0.0.0-37991-hddsDatanode-_-any-7976026791481863091.dir/webapp/,AVAILABLE}{/hddsDatanode}
2019-08-23 10:07:03,018 [main] INFO  server.AbstractConnector (AbstractConnector.java:doStart(278)) - Started ServerConnector@7d29fc6{HTTP/1.1,[http/1.1]}{0.0.0.0:37991}
2019-08-23 10:07:03,018 [main] INFO  server.Server (Server.java:doStart(419)) - Started @535976ms
2019-08-23 10:07:03,020 [main] INFO  server.BaseHttpServer (BaseHttpServer.java:updateConnectorAddress(213)) - HTTP server of HDDSDATANODE is listening at http://0.0.0.0:37991
2019-08-23 10:07:03,165 | INFO  | ObjectStoreRestHttpServer | Listening HDDS REST traffic on /0.0.0.0:39661 |  
2019-08-23 10:07:03,165 [main] INFO  ozone.HddsDatanodeService (HddsDatanodeService.java:startPlugins(395)) - Started plug-in org.apache.hadoop.ozone.web.OzoneHddsDatanodeService@2914f916
2019-08-23 10:07:03,165 [main] INFO  impl.MetricsSystemImpl (MetricsSystemImpl.java:init(158)) - HddsDatanode metrics system started (again)
2019-08-23 10:07:03,169 [org.apache.hadoop.util.JvmPauseMonitor$Monitor@32ed4162] INFO  util.JvmPauseMonitor (JvmPauseMonitor.java:run(188)) - Starting JVM pause monitor
2019-08-23 10:07:03,170 [main] INFO  ozone.HddsDatanodeService (HddsDatanodeService.java:start(184)) - HddsDatanodeService host:pr-hdds-1094-w8cgz-2737508714 ip:192.168.5.185
2019-08-23 10:07:03,171 [Datanode State Machine Thread - 0] INFO  datanode.InitDatanodeState (InitDatanodeState.java:persistContainerDatanodeDetails(140)) - DatanodeDetails is persisted to /workdir/hadoop-ozone/integration-test/target/test-dir/MiniOzoneClusterImpl-b7a8e372-3268-47e4-95e4-1baa8ccb0650/datanode-3/meta/datanode.id
2019-08-23 10:07:03,181 [main] INFO  volume.HddsVolume (HddsVolume.java:<init>(176)) - Creating Volume: /workdir/hadoop-ozone/integration-test/target/test-dir/MiniOzoneClusterImpl-b7a8e372-3268-47e4-95e4-1baa8ccb0650/datanode-4/data/containers/hdds of  storage type : DISK and capacity : 1482555576320
2019-08-23 10:07:03,182 [main] INFO  volume.VolumeSet (VolumeSet.java:initializeVolumeSet(170)) - Added Volume : /workdir/hadoop-ozone/integration-test/target/test-dir/MiniOzoneClusterImpl-b7a8e372-3268-47e4-95e4-1baa8ccb0650/datanode-4/data/containers/hdds to VolumeSet
2019-08-23 10:07:03,182 [main] INFO  volume.ThrottledAsyncChecker (ThrottledAsyncChecker.java:schedule(140)) - Scheduling a check for org.apache.hadoop.ozone.container.common.volume.HddsVolume@4e41b993
2019-08-23 10:07:03,182 [main] INFO  volume.HddsVolumeChecker (HddsVolumeChecker.java:checkAllVolumes(203)) - Scheduled health check for volume org.apache.hadoop.ozone.container.common.volume.HddsVolume@4e41b993
2019-08-23 10:07:03,197 [main] INFO  impl.RaftServerProxy (ConfUtils.java:logGet(43)) - raft.rpc.type = GRPC (default)
2019-08-23 10:07:03,197 [main] INFO  grpc.GrpcFactory (GrpcFactory.java:checkPooledByteBufAllocatorUseCacheForAllThreads(45)) - PERFORMANCE WARNING: useCacheForAllThreads is true that may cause Netty to create a lot garbage objects and, as a result, trigger GC.
	It is recommended to disable useCacheForAllThreads by setting -Dorg.apache.ratis.thirdparty.io.netty.allocator.useCacheForAllThreads=false in command line.
2019-08-23 10:07:03,197 [main] INFO  grpc.GrpcConfigKeys$Server (ConfUtils.java:logGet(43)) - raft.grpc.server.port = 0 (default)
2019-08-23 10:07:03,198 [main] INFO  server.GrpcService (ConfUtils.java:logGet(43)) - raft.grpc.message.size.max = 33570816 (custom)
2019-08-23 10:07:03,198 [main] INFO  server.RaftServerConfigKeys (ConfUtils.java:logGet(43)) - raft.server.log.appender.buffer.byte-limit = 33554432 (custom)
2019-08-23 10:07:03,198 [main] INFO  server.GrpcService (ConfUtils.java:logGet(43)) - raft.grpc.flow.control.window = 1MB (=1048576) (default)
2019-08-23 10:07:03,198 [main] INFO  server.RaftServerConfigKeys (ConfUtils.java:logGet(43)) - raft.server.rpc.request.timeout = 3000ms (default)
2019-08-23 10:07:03,199 [main] INFO  server.RaftServerConfigKeys (ConfUtils.java:logGet(43)) - raft.server.storage.dir = [/workdir/hadoop-ozone/integration-test/target/test-dir/MiniOzoneClusterImpl-b7a8e372-3268-47e4-95e4-1baa8ccb0650/datanode-4/data/ratis] (custom)
2019-08-23 10:07:03,199 [main] INFO  replication.SimpleContainerDownloader (SimpleContainerDownloader.java:<init>(72)) - Starting container downloader service to copy containers to replicate.
2019-08-23 10:07:03,200 [main] INFO  hdfs.DFSUtil (DFSUtil.java:httpServerTemplateForNNAndJN(1641)) - Starting Web-server for hddsDatanode at: http://0.0.0.0:0
2019-08-23 10:07:03,202 [main] INFO  server.AuthenticationFilter (AuthenticationFilter.java:constructSecretProvider(240)) - Unable to initialize FileSignerSecretProvider, falling back to use random secrets.
2019-08-23 10:07:03,203 [main] WARN  http.HttpRequestLog (HttpRequestLog.java:getRequestLog(97)) - Jetty request log can only be enabled using Log4j
2019-08-23 10:07:03,205 [main] INFO  http.HttpServer2 (HttpServer2.java:addGlobalFilter(975)) - Added global filter 'safety' (class=org.apache.hadoop.http.HttpServer2$QuotingInputFilter)
2019-08-23 10:07:03,206 [main] INFO  http.HttpServer2 (HttpServer2.java:addFilter(948)) - Added filter static_user_filter (class=org.apache.hadoop.http.lib.StaticUserWebFilter$StaticUserFilter) to context hddsDatanode
2019-08-23 10:07:03,206 [main] INFO  http.HttpServer2 (HttpServer2.java:addFilter(958)) - Added filter static_user_filter (class=org.apache.hadoop.http.lib.StaticUserWebFilter$StaticUserFilter) to context static
2019-08-23 10:07:03,206 [main] INFO  http.HttpServer2 (HttpServer2.java:addFilter(958)) - Added filter static_user_filter (class=org.apache.hadoop.http.lib.StaticUserWebFilter$StaticUserFilter) to context logs
2019-08-23 10:07:03,207 [main] INFO  http.HttpServer2 (HttpServer2.java:bindListener(1191)) - Jetty bound to port 42023
2019-08-23 10:07:03,207 [main] INFO  server.Server (Server.java:doStart(351)) - jetty-9.3.24.v20180605, build timestamp: 2018-06-05T17:11:56Z, git hash: 84205aa28f11a4f31f2a3b86d1bba2cc8ab69827
2019-08-23 10:07:03,209 [main] INFO  handler.ContextHandler (ContextHandler.java:doStart(781)) - Started o.e.j.s.ServletContextHandler@6cf633eb{/logs,file:///workdir/hadoop-ozone/integration-test/target/log,AVAILABLE}
2019-08-23 10:07:03,210 [main] INFO  handler.ContextHandler (ContextHandler.java:doStart(781)) - Started o.e.j.s.ServletContextHandler@53141d3f{/static,jar:file:/home/user/.m2/repository/org/apache/hadoop/hadoop-hdds-container-service/0.5.0-SNAPSHOT/hadoop-hdds-container-service-0.5.0-SNAPSHOT.jar!/webapps/static,AVAILABLE}
2019-08-23 10:07:03,253 [main] INFO  handler.ContextHandler (ContextHandler.java:doStart(781)) - Started o.e.j.w.WebAppContext@59ac94ad{/,file:///tmp/jetty-0.0.0.0-42023-hddsDatanode-_-any-3524120387553377506.dir/webapp/,AVAILABLE}{/hddsDatanode}
2019-08-23 10:07:03,253 [main] INFO  server.AbstractConnector (AbstractConnector.java:doStart(278)) - Started ServerConnector@361a618e{HTTP/1.1,[http/1.1]}{0.0.0.0:42023}
2019-08-23 10:07:03,254 [main] INFO  server.Server (Server.java:doStart(419)) - Started @536211ms
2019-08-23 10:07:03,256 [main] INFO  server.BaseHttpServer (BaseHttpServer.java:updateConnectorAddress(213)) - HTTP server of HDDSDATANODE is listening at http://0.0.0.0:42023
2019-08-23 10:07:03,391 | INFO  | ObjectStoreRestHttpServer | Listening HDDS REST traffic on /0.0.0.0:37710 |  
2019-08-23 10:07:03,391 [main] INFO  ozone.HddsDatanodeService (HddsDatanodeService.java:startPlugins(395)) - Started plug-in org.apache.hadoop.ozone.web.OzoneHddsDatanodeService@442e7215
2019-08-23 10:07:03,392 [main] INFO  impl.MetricsSystemImpl (MetricsSystemImpl.java:init(158)) - HddsDatanode metrics system started (again)
2019-08-23 10:07:03,395 [org.apache.hadoop.util.JvmPauseMonitor$Monitor@69881f18] INFO  util.JvmPauseMonitor (JvmPauseMonitor.java:run(188)) - Starting JVM pause monitor
2019-08-23 10:07:03,395 [main] INFO  ozone.HddsDatanodeService (HddsDatanodeService.java:start(184)) - HddsDatanodeService host:pr-hdds-1094-w8cgz-2737508714 ip:192.168.5.185
2019-08-23 10:07:03,397 [Datanode State Machine Thread - 0] INFO  datanode.InitDatanodeState (InitDatanodeState.java:persistContainerDatanodeDetails(140)) - DatanodeDetails is persisted to /workdir/hadoop-ozone/integration-test/target/test-dir/MiniOzoneClusterImpl-b7a8e372-3268-47e4-95e4-1baa8ccb0650/datanode-4/meta/datanode.id
2019-08-23 10:07:03,406 [main] INFO  volume.HddsVolume (HddsVolume.java:<init>(176)) - Creating Volume: /workdir/hadoop-ozone/integration-test/target/test-dir/MiniOzoneClusterImpl-b7a8e372-3268-47e4-95e4-1baa8ccb0650/datanode-5/data/containers/hdds of  storage type : DISK and capacity : 1482555576320
2019-08-23 10:07:03,407 [main] INFO  volume.VolumeSet (VolumeSet.java:initializeVolumeSet(170)) - Added Volume : /workdir/hadoop-ozone/integration-test/target/test-dir/MiniOzoneClusterImpl-b7a8e372-3268-47e4-95e4-1baa8ccb0650/datanode-5/data/containers/hdds to VolumeSet
2019-08-23 10:07:03,407 [main] INFO  volume.ThrottledAsyncChecker (ThrottledAsyncChecker.java:schedule(140)) - Scheduling a check for org.apache.hadoop.ozone.container.common.volume.HddsVolume@6d3dc0c5
2019-08-23 10:07:03,407 [main] INFO  volume.HddsVolumeChecker (HddsVolumeChecker.java:checkAllVolumes(203)) - Scheduled health check for volume org.apache.hadoop.ozone.container.common.volume.HddsVolume@6d3dc0c5
2019-08-23 10:07:03,428 [main] INFO  impl.RaftServerProxy (ConfUtils.java:logGet(43)) - raft.rpc.type = GRPC (default)
2019-08-23 10:07:03,428 [main] INFO  grpc.GrpcFactory (GrpcFactory.java:checkPooledByteBufAllocatorUseCacheForAllThreads(45)) - PERFORMANCE WARNING: useCacheForAllThreads is true that may cause Netty to create a lot garbage objects and, as a result, trigger GC.
	It is recommended to disable useCacheForAllThreads by setting -Dorg.apache.ratis.thirdparty.io.netty.allocator.useCacheForAllThreads=false in command line.
2019-08-23 10:07:03,428 [main] INFO  grpc.GrpcConfigKeys$Server (ConfUtils.java:logGet(43)) - raft.grpc.server.port = 0 (default)
2019-08-23 10:07:03,428 [main] INFO  server.GrpcService (ConfUtils.java:logGet(43)) - raft.grpc.message.size.max = 33570816 (custom)
2019-08-23 10:07:03,429 [main] INFO  server.RaftServerConfigKeys (ConfUtils.java:logGet(43)) - raft.server.log.appender.buffer.byte-limit = 33554432 (custom)
2019-08-23 10:07:03,429 [main] INFO  server.GrpcService (ConfUtils.java:logGet(43)) - raft.grpc.flow.control.window = 1MB (=1048576) (default)
2019-08-23 10:07:03,429 [main] INFO  server.RaftServerConfigKeys (ConfUtils.java:logGet(43)) - raft.server.rpc.request.timeout = 3000ms (default)
2019-08-23 10:07:03,429 [main] INFO  server.RaftServerConfigKeys (ConfUtils.java:logGet(43)) - raft.server.storage.dir = [/workdir/hadoop-ozone/integration-test/target/test-dir/MiniOzoneClusterImpl-b7a8e372-3268-47e4-95e4-1baa8ccb0650/datanode-5/data/ratis] (custom)
2019-08-23 10:07:03,430 [main] INFO  replication.SimpleContainerDownloader (SimpleContainerDownloader.java:<init>(72)) - Starting container downloader service to copy containers to replicate.
2019-08-23 10:07:03,431 [main] INFO  hdfs.DFSUtil (DFSUtil.java:httpServerTemplateForNNAndJN(1641)) - Starting Web-server for hddsDatanode at: http://0.0.0.0:0
2019-08-23 10:07:03,432 [main] INFO  server.AuthenticationFilter (AuthenticationFilter.java:constructSecretProvider(240)) - Unable to initialize FileSignerSecretProvider, falling back to use random secrets.
2019-08-23 10:07:03,433 [main] WARN  http.HttpRequestLog (HttpRequestLog.java:getRequestLog(97)) - Jetty request log can only be enabled using Log4j
2019-08-23 10:07:03,434 [main] INFO  http.HttpServer2 (HttpServer2.java:addGlobalFilter(975)) - Added global filter 'safety' (class=org.apache.hadoop.http.HttpServer2$QuotingInputFilter)
2019-08-23 10:07:03,434 [main] INFO  http.HttpServer2 (HttpServer2.java:addFilter(948)) - Added filter static_user_filter (class=org.apache.hadoop.http.lib.StaticUserWebFilter$StaticUserFilter) to context hddsDatanode
2019-08-23 10:07:03,434 [main] INFO  http.HttpServer2 (HttpServer2.java:addFilter(958)) - Added filter static_user_filter (class=org.apache.hadoop.http.lib.StaticUserWebFilter$StaticUserFilter) to context static
2019-08-23 10:07:03,435 [main] INFO  http.HttpServer2 (HttpServer2.java:addFilter(958)) - Added filter static_user_filter (class=org.apache.hadoop.http.lib.StaticUserWebFilter$StaticUserFilter) to context logs
2019-08-23 10:07:03,435 [main] INFO  http.HttpServer2 (HttpServer2.java:bindListener(1191)) - Jetty bound to port 38694
2019-08-23 10:07:03,435 [main] INFO  server.Server (Server.java:doStart(351)) - jetty-9.3.24.v20180605, build timestamp: 2018-06-05T17:11:56Z, git hash: 84205aa28f11a4f31f2a3b86d1bba2cc8ab69827
2019-08-23 10:07:03,437 [main] INFO  handler.ContextHandler (ContextHandler.java:doStart(781)) - Started o.e.j.s.ServletContextHandler@1e82b631{/logs,file:///workdir/hadoop-ozone/integration-test/target/log,AVAILABLE}
2019-08-23 10:07:03,437 [main] INFO  handler.ContextHandler (ContextHandler.java:doStart(781)) - Started o.e.j.s.ServletContextHandler@70ca533a{/static,jar:file:/home/user/.m2/repository/org/apache/hadoop/hadoop-hdds-container-service/0.5.0-SNAPSHOT/hadoop-hdds-container-service-0.5.0-SNAPSHOT.jar!/webapps/static,AVAILABLE}
2019-08-23 10:07:03,464 [main] INFO  handler.ContextHandler (ContextHandler.java:doStart(781)) - Started o.e.j.w.WebAppContext@13c79e0d{/,file:///tmp/jetty-0.0.0.0-38694-hddsDatanode-_-any-3814562601542853806.dir/webapp/,AVAILABLE}{/hddsDatanode}
2019-08-23 10:07:03,465 [main] INFO  server.AbstractConnector (AbstractConnector.java:doStart(278)) - Started ServerConnector@648639f1{HTTP/1.1,[http/1.1]}{0.0.0.0:38694}
2019-08-23 10:07:03,468 [main] INFO  server.Server (Server.java:doStart(419)) - Started @536425ms
2019-08-23 10:07:03,468 [main] INFO  server.BaseHttpServer (BaseHttpServer.java:updateConnectorAddress(213)) - HTTP server of HDDSDATANODE is listening at http://0.0.0.0:38694
2019-08-23 10:07:03,586 | INFO  | ObjectStoreRestHttpServer | Listening HDDS REST traffic on /0.0.0.0:35899 |  
2019-08-23 10:07:03,586 [main] INFO  ozone.HddsDatanodeService (HddsDatanodeService.java:startPlugins(395)) - Started plug-in org.apache.hadoop.ozone.web.OzoneHddsDatanodeService@2e89310c
2019-08-23 10:07:03,586 [main] INFO  impl.MetricsSystemImpl (MetricsSystemImpl.java:init(158)) - HddsDatanode metrics system started (again)
2019-08-23 10:07:03,590 [org.apache.hadoop.util.JvmPauseMonitor$Monitor@5188ebde] INFO  util.JvmPauseMonitor (JvmPauseMonitor.java:run(188)) - Starting JVM pause monitor
2019-08-23 10:07:03,590 [main] INFO  ozone.HddsDatanodeService (HddsDatanodeService.java:start(184)) - HddsDatanodeService host:pr-hdds-1094-w8cgz-2737508714 ip:192.168.5.185
2019-08-23 10:07:03,591 [Datanode State Machine Thread - 0] INFO  datanode.InitDatanodeState (InitDatanodeState.java:persistContainerDatanodeDetails(140)) - DatanodeDetails is persisted to /workdir/hadoop-ozone/integration-test/target/test-dir/MiniOzoneClusterImpl-b7a8e372-3268-47e4-95e4-1baa8ccb0650/datanode-5/meta/datanode.id
2019-08-23 10:07:03,600 [main] INFO  volume.HddsVolume (HddsVolume.java:<init>(176)) - Creating Volume: /workdir/hadoop-ozone/integration-test/target/test-dir/MiniOzoneClusterImpl-b7a8e372-3268-47e4-95e4-1baa8ccb0650/datanode-6/data/containers/hdds of  storage type : DISK and capacity : 1482555576320
2019-08-23 10:07:03,600 [main] INFO  volume.VolumeSet (VolumeSet.java:initializeVolumeSet(170)) - Added Volume : /workdir/hadoop-ozone/integration-test/target/test-dir/MiniOzoneClusterImpl-b7a8e372-3268-47e4-95e4-1baa8ccb0650/datanode-6/data/containers/hdds to VolumeSet
2019-08-23 10:07:03,600 [main] INFO  volume.ThrottledAsyncChecker (ThrottledAsyncChecker.java:schedule(140)) - Scheduling a check for org.apache.hadoop.ozone.container.common.volume.HddsVolume@f6921b7
2019-08-23 10:07:03,601 [main] INFO  volume.HddsVolumeChecker (HddsVolumeChecker.java:checkAllVolumes(203)) - Scheduled health check for volume org.apache.hadoop.ozone.container.common.volume.HddsVolume@f6921b7
2019-08-23 10:07:03,614 [main] INFO  impl.RaftServerProxy (ConfUtils.java:logGet(43)) - raft.rpc.type = GRPC (default)
2019-08-23 10:07:03,614 [main] INFO  grpc.GrpcFactory (GrpcFactory.java:checkPooledByteBufAllocatorUseCacheForAllThreads(45)) - PERFORMANCE WARNING: useCacheForAllThreads is true that may cause Netty to create a lot garbage objects and, as a result, trigger GC.
	It is recommended to disable useCacheForAllThreads by setting -Dorg.apache.ratis.thirdparty.io.netty.allocator.useCacheForAllThreads=false in command line.
2019-08-23 10:07:03,615 [main] INFO  grpc.GrpcConfigKeys$Server (ConfUtils.java:logGet(43)) - raft.grpc.server.port = 0 (default)
2019-08-23 10:07:03,615 [main] INFO  server.GrpcService (ConfUtils.java:logGet(43)) - raft.grpc.message.size.max = 33570816 (custom)
2019-08-23 10:07:03,615 [main] INFO  server.RaftServerConfigKeys (ConfUtils.java:logGet(43)) - raft.server.log.appender.buffer.byte-limit = 33554432 (custom)
2019-08-23 10:07:03,615 [main] INFO  server.GrpcService (ConfUtils.java:logGet(43)) - raft.grpc.flow.control.window = 1MB (=1048576) (default)
2019-08-23 10:07:03,615 [main] INFO  server.RaftServerConfigKeys (ConfUtils.java:logGet(43)) - raft.server.rpc.request.timeout = 3000ms (default)
2019-08-23 10:07:03,616 [main] INFO  server.RaftServerConfigKeys (ConfUtils.java:logGet(43)) - raft.server.storage.dir = [/workdir/hadoop-ozone/integration-test/target/test-dir/MiniOzoneClusterImpl-b7a8e372-3268-47e4-95e4-1baa8ccb0650/datanode-6/data/ratis] (custom)
2019-08-23 10:07:03,616 [main] INFO  replication.SimpleContainerDownloader (SimpleContainerDownloader.java:<init>(72)) - Starting container downloader service to copy containers to replicate.
2019-08-23 10:07:03,617 [main] INFO  hdfs.DFSUtil (DFSUtil.java:httpServerTemplateForNNAndJN(1641)) - Starting Web-server for hddsDatanode at: http://0.0.0.0:0
2019-08-23 10:07:03,618 [main] INFO  server.AuthenticationFilter (AuthenticationFilter.java:constructSecretProvider(240)) - Unable to initialize FileSignerSecretProvider, falling back to use random secrets.
2019-08-23 10:07:03,619 [main] WARN  http.HttpRequestLog (HttpRequestLog.java:getRequestLog(97)) - Jetty request log can only be enabled using Log4j
2019-08-23 10:07:03,620 [main] INFO  http.HttpServer2 (HttpServer2.java:addGlobalFilter(975)) - Added global filter 'safety' (class=org.apache.hadoop.http.HttpServer2$QuotingInputFilter)
2019-08-23 10:07:03,620 [main] INFO  http.HttpServer2 (HttpServer2.java:addFilter(948)) - Added filter static_user_filter (class=org.apache.hadoop.http.lib.StaticUserWebFilter$StaticUserFilter) to context hddsDatanode
2019-08-23 10:07:03,621 [main] INFO  http.HttpServer2 (HttpServer2.java:addFilter(958)) - Added filter static_user_filter (class=org.apache.hadoop.http.lib.StaticUserWebFilter$StaticUserFilter) to context static
2019-08-23 10:07:03,621 [main] INFO  http.HttpServer2 (HttpServer2.java:addFilter(958)) - Added filter static_user_filter (class=org.apache.hadoop.http.lib.StaticUserWebFilter$StaticUserFilter) to context logs
2019-08-23 10:07:03,621 [main] INFO  http.HttpServer2 (HttpServer2.java:bindListener(1191)) - Jetty bound to port 45679
2019-08-23 10:07:03,621 [main] INFO  server.Server (Server.java:doStart(351)) - jetty-9.3.24.v20180605, build timestamp: 2018-06-05T17:11:56Z, git hash: 84205aa28f11a4f31f2a3b86d1bba2cc8ab69827
2019-08-23 10:07:03,623 [main] INFO  handler.ContextHandler (ContextHandler.java:doStart(781)) - Started o.e.j.s.ServletContextHandler@6da53709{/logs,file:///workdir/hadoop-ozone/integration-test/target/log,AVAILABLE}
2019-08-23 10:07:03,623 [main] INFO  handler.ContextHandler (ContextHandler.java:doStart(781)) - Started o.e.j.s.ServletContextHandler@6b438782{/static,jar:file:/home/user/.m2/repository/org/apache/hadoop/hadoop-hdds-container-service/0.5.0-SNAPSHOT/hadoop-hdds-container-service-0.5.0-SNAPSHOT.jar!/webapps/static,AVAILABLE}
2019-08-23 10:07:03,651 [main] INFO  handler.ContextHandler (ContextHandler.java:doStart(781)) - Started o.e.j.w.WebAppContext@78ba0a57{/,file:///tmp/jetty-0.0.0.0-45679-hddsDatanode-_-any-1423178689506801651.dir/webapp/,AVAILABLE}{/hddsDatanode}
2019-08-23 10:07:03,651 [main] INFO  server.AbstractConnector (AbstractConnector.java:doStart(278)) - Started ServerConnector@33ea437a{HTTP/1.1,[http/1.1]}{0.0.0.0:45679}
2019-08-23 10:07:03,651 [main] INFO  server.Server (Server.java:doStart(419)) - Started @536609ms
2019-08-23 10:07:03,662 [main] INFO  server.BaseHttpServer (BaseHttpServer.java:updateConnectorAddress(213)) - HTTP server of HDDSDATANODE is listening at http://0.0.0.0:45679
2019-08-23 10:07:03,782 | INFO  | ObjectStoreRestHttpServer | Listening HDDS REST traffic on /0.0.0.0:44818 |  
2019-08-23 10:07:03,782 [main] INFO  ozone.HddsDatanodeService (HddsDatanodeService.java:startPlugins(395)) - Started plug-in org.apache.hadoop.ozone.web.OzoneHddsDatanodeService@1683b9ba
2019-08-23 10:07:03,783 [main] INFO  ozone.MiniOzoneClusterImpl (MiniOzoneClusterImpl.java:lambda$waitForClusterToBeReady$0(142)) - Waiting for cluster to be ready. Got 0 of 7 DN Heartbeats.
2019-08-23 10:07:03,784 [org.apache.hadoop.util.JvmPauseMonitor$Monitor@61e0fb73] INFO  util.JvmPauseMonitor (JvmPauseMonitor.java:run(188)) - Starting JVM pause monitor
2019-08-23 10:07:03,785 [Datanode State Machine Thread - 0] INFO  datanode.InitDatanodeState (InitDatanodeState.java:persistContainerDatanodeDetails(140)) - DatanodeDetails is persisted to /workdir/hadoop-ozone/integration-test/target/test-dir/MiniOzoneClusterImpl-b7a8e372-3268-47e4-95e4-1baa8ccb0650/datanode-6/meta/datanode.id
2019-08-23 10:07:04,308 | INFO  | SCMAudit | user=jenkins1000 | ip=192.168.5.185 | op=GET_VERSION null | ret=SUCCESS |  
2019-08-23 10:07:04,325 [Datanode State Machine Thread - 0] INFO  ozoneimpl.OzoneContainer (OzoneContainer.java:start(186)) - Attempting to start container services.
2019-08-23 10:07:04,326 [Datanode State Machine Thread - 0] INFO  ozoneimpl.OzoneContainer (OzoneContainer.java:startContainerScrub(160)) - Background container scrubber has been disabled by hdds.containerscrub.enabled
2019-08-23 10:07:04,326 [Datanode State Machine Thread - 0] INFO  ratis.XceiverServerRatis (XceiverServerRatis.java:start(404)) - Starting XceiverServerRatis b71bf4d4-b0f4-4b17-850e-14fbc35fc534 at port 0
2019-08-23 10:07:04,331 [Datanode State Machine Thread - 0] INFO  impl.RaftServerProxy (RaftServerProxy.java:lambda$start$3(299)) - b71bf4d4-b0f4-4b17-850e-14fbc35fc534: start RPC server
2019-08-23 10:07:04,332 [Datanode State Machine Thread - 0] INFO  server.GrpcService (GrpcService.java:startImpl(149)) - b71bf4d4-b0f4-4b17-850e-14fbc35fc534: GrpcService started, listening on 0.0.0.0/0.0.0.0:45311
2019-08-23 10:07:04,333 [Datanode State Machine Thread - 0] INFO  ratis.XceiverServerRatis (XceiverServerRatis.java:start(414)) - XceiverServerRatis b71bf4d4-b0f4-4b17-850e-14fbc35fc534 is started using port 45311
2019-08-23 10:07:04,333 [Datanode State Machine Thread - 0] INFO  server.XceiverServerGrpc (XceiverServerGrpc.java:start(161)) - XceiverServerGrpc b71bf4d4-b0f4-4b17-850e-14fbc35fc534 is started using port 37314
2019-08-23 10:07:04,492 | INFO  | SCMAudit | user=jenkins1000 | ip=192.168.5.185 | op=GET_VERSION null | ret=SUCCESS |  
2019-08-23 10:07:04,508 [Datanode State Machine Thread - 0] INFO  ozoneimpl.OzoneContainer (OzoneContainer.java:start(186)) - Attempting to start container services.
2019-08-23 10:07:04,508 [Datanode State Machine Thread - 0] INFO  ozoneimpl.OzoneContainer (OzoneContainer.java:startContainerScrub(160)) - Background container scrubber has been disabled by hdds.containerscrub.enabled
2019-08-23 10:07:04,508 [Datanode State Machine Thread - 0] INFO  ratis.XceiverServerRatis (XceiverServerRatis.java:start(404)) - Starting XceiverServerRatis 9e515754-7f8b-46df-9ca3-146e5874d0fb at port 0
2019-08-23 10:07:04,515 [Datanode State Machine Thread - 0] INFO  impl.RaftServerProxy (RaftServerProxy.java:lambda$start$3(299)) - 9e515754-7f8b-46df-9ca3-146e5874d0fb: start RPC server
2019-08-23 10:07:04,516 [Datanode State Machine Thread - 0] INFO  server.GrpcService (GrpcService.java:startImpl(149)) - 9e515754-7f8b-46df-9ca3-146e5874d0fb: GrpcService started, listening on 0.0.0.0/0.0.0.0:39640
2019-08-23 10:07:04,516 [Datanode State Machine Thread - 0] INFO  ratis.XceiverServerRatis (XceiverServerRatis.java:start(414)) - XceiverServerRatis 9e515754-7f8b-46df-9ca3-146e5874d0fb is started using port 39640
2019-08-23 10:07:04,516 [Datanode State Machine Thread - 0] INFO  server.XceiverServerGrpc (XceiverServerGrpc.java:start(161)) - XceiverServerGrpc 9e515754-7f8b-46df-9ca3-146e5874d0fb is started using port 34399
2019-08-23 10:07:04,783 [main] INFO  ozone.MiniOzoneClusterImpl (MiniOzoneClusterImpl.java:lambda$waitForClusterToBeReady$0(142)) - Waiting for cluster to be ready. Got 0 of 7 DN Heartbeats.
2019-08-23 10:07:04,948 | INFO  | SCMAudit | user=jenkins1000 | ip=192.168.5.185 | op=GET_VERSION null | ret=SUCCESS |  
2019-08-23 10:07:04,962 [Datanode State Machine Thread - 0] INFO  ozoneimpl.OzoneContainer (OzoneContainer.java:start(186)) - Attempting to start container services.
2019-08-23 10:07:04,963 [Datanode State Machine Thread - 0] INFO  ozoneimpl.OzoneContainer (OzoneContainer.java:startContainerScrub(160)) - Background container scrubber has been disabled by hdds.containerscrub.enabled
2019-08-23 10:07:04,963 [Datanode State Machine Thread - 0] INFO  ratis.XceiverServerRatis (XceiverServerRatis.java:start(404)) - Starting XceiverServerRatis 7b28d98f-f774-4da4-b3b1-ee2ad2b713ba at port 0
2019-08-23 10:07:04,972 [Datanode State Machine Thread - 0] INFO  impl.RaftServerProxy (RaftServerProxy.java:lambda$start$3(299)) - 7b28d98f-f774-4da4-b3b1-ee2ad2b713ba: start RPC server
2019-08-23 10:07:04,973 [Datanode State Machine Thread - 0] INFO  server.GrpcService (GrpcService.java:startImpl(149)) - 7b28d98f-f774-4da4-b3b1-ee2ad2b713ba: GrpcService started, listening on 0.0.0.0/0.0.0.0:35950
2019-08-23 10:07:04,973 [Datanode State Machine Thread - 0] INFO  ratis.XceiverServerRatis (XceiverServerRatis.java:start(414)) - XceiverServerRatis 7b28d98f-f774-4da4-b3b1-ee2ad2b713ba is started using port 35950
2019-08-23 10:07:04,974 [Datanode State Machine Thread - 0] INFO  server.XceiverServerGrpc (XceiverServerGrpc.java:start(161)) - XceiverServerGrpc 7b28d98f-f774-4da4-b3b1-ee2ad2b713ba is started using port 33944
2019-08-23 10:07:05,170 | INFO  | SCMAudit | user=jenkins1000 | ip=192.168.5.185 | op=GET_VERSION null | ret=SUCCESS |  
2019-08-23 10:07:05,184 [Datanode State Machine Thread - 0] INFO  ozoneimpl.OzoneContainer (OzoneContainer.java:start(186)) - Attempting to start container services.
2019-08-23 10:07:05,184 [Datanode State Machine Thread - 0] INFO  ozoneimpl.OzoneContainer (OzoneContainer.java:startContainerScrub(160)) - Background container scrubber has been disabled by hdds.containerscrub.enabled
2019-08-23 10:07:05,184 [Datanode State Machine Thread - 0] INFO  ratis.XceiverServerRatis (XceiverServerRatis.java:start(404)) - Starting XceiverServerRatis bba6b2d4-c4a5-4c91-8048-dc3b2f1adf2c at port 0
2019-08-23 10:07:05,190 [Datanode State Machine Thread - 0] INFO  impl.RaftServerProxy (RaftServerProxy.java:lambda$start$3(299)) - bba6b2d4-c4a5-4c91-8048-dc3b2f1adf2c: start RPC server
2019-08-23 10:07:05,191 [Datanode State Machine Thread - 0] INFO  server.GrpcService (GrpcService.java:startImpl(149)) - bba6b2d4-c4a5-4c91-8048-dc3b2f1adf2c: GrpcService started, listening on 0.0.0.0/0.0.0.0:36607
2019-08-23 10:07:05,191 [Datanode State Machine Thread - 0] INFO  ratis.XceiverServerRatis (XceiverServerRatis.java:start(414)) - XceiverServerRatis bba6b2d4-c4a5-4c91-8048-dc3b2f1adf2c is started using port 36607
2019-08-23 10:07:05,192 [Datanode State Machine Thread - 0] INFO  server.XceiverServerGrpc (XceiverServerGrpc.java:start(161)) - XceiverServerGrpc bba6b2d4-c4a5-4c91-8048-dc3b2f1adf2c is started using port 46165
2019-08-23 10:07:05,396 | INFO  | SCMAudit | user=jenkins1000 | ip=192.168.5.185 | op=GET_VERSION null | ret=SUCCESS |  
2019-08-23 10:07:05,410 [Datanode State Machine Thread - 0] INFO  ozoneimpl.OzoneContainer (OzoneContainer.java:start(186)) - Attempting to start container services.
2019-08-23 10:07:05,410 [Datanode State Machine Thread - 0] INFO  ozoneimpl.OzoneContainer (OzoneContainer.java:startContainerScrub(160)) - Background container scrubber has been disabled by hdds.containerscrub.enabled
2019-08-23 10:07:05,410 [Datanode State Machine Thread - 0] INFO  ratis.XceiverServerRatis (XceiverServerRatis.java:start(404)) - Starting XceiverServerRatis 5494ee63-e09e-4df3-b4cd-311d875bc122 at port 0
2019-08-23 10:07:05,417 [Datanode State Machine Thread - 0] INFO  impl.RaftServerProxy (RaftServerProxy.java:lambda$start$3(299)) - 5494ee63-e09e-4df3-b4cd-311d875bc122: start RPC server
2019-08-23 10:07:05,420 [Datanode State Machine Thread - 0] INFO  server.GrpcService (GrpcService.java:startImpl(149)) - 5494ee63-e09e-4df3-b4cd-311d875bc122: GrpcService started, listening on 0.0.0.0/0.0.0.0:46815
2019-08-23 10:07:05,421 [Datanode State Machine Thread - 0] INFO  ratis.XceiverServerRatis (XceiverServerRatis.java:start(414)) - XceiverServerRatis 5494ee63-e09e-4df3-b4cd-311d875bc122 is started using port 46815
2019-08-23 10:07:05,421 [Datanode State Machine Thread - 0] INFO  server.XceiverServerGrpc (XceiverServerGrpc.java:start(161)) - XceiverServerGrpc 5494ee63-e09e-4df3-b4cd-311d875bc122 is started using port 35866
2019-08-23 10:07:05,590 | INFO  | SCMAudit | user=jenkins1000 | ip=192.168.5.185 | op=GET_VERSION null | ret=SUCCESS |  
2019-08-23 10:07:05,604 [Datanode State Machine Thread - 0] INFO  ozoneimpl.OzoneContainer (OzoneContainer.java:start(186)) - Attempting to start container services.
2019-08-23 10:07:05,604 [Datanode State Machine Thread - 0] INFO  ozoneimpl.OzoneContainer (OzoneContainer.java:startContainerScrub(160)) - Background container scrubber has been disabled by hdds.containerscrub.enabled
2019-08-23 10:07:05,604 [Datanode State Machine Thread - 0] INFO  ratis.XceiverServerRatis (XceiverServerRatis.java:start(404)) - Starting XceiverServerRatis 80f273f3-706b-492f-9f47-fe3dda8bc170 at port 0
2019-08-23 10:07:05,610 [Datanode State Machine Thread - 0] INFO  impl.RaftServerProxy (RaftServerProxy.java:lambda$start$3(299)) - 80f273f3-706b-492f-9f47-fe3dda8bc170: start RPC server
2019-08-23 10:07:05,611 [Datanode State Machine Thread - 0] INFO  server.GrpcService (GrpcService.java:startImpl(149)) - 80f273f3-706b-492f-9f47-fe3dda8bc170: GrpcService started, listening on 0.0.0.0/0.0.0.0:45231
2019-08-23 10:07:05,611 [Datanode State Machine Thread - 0] INFO  ratis.XceiverServerRatis (XceiverServerRatis.java:start(414)) - XceiverServerRatis 80f273f3-706b-492f-9f47-fe3dda8bc170 is started using port 45231
2019-08-23 10:07:05,614 [Datanode State Machine Thread - 0] INFO  server.XceiverServerGrpc (XceiverServerGrpc.java:start(161)) - XceiverServerGrpc 80f273f3-706b-492f-9f47-fe3dda8bc170 is started using port 35909
2019-08-23 10:07:05,784 [main] INFO  ozone.MiniOzoneClusterImpl (MiniOzoneClusterImpl.java:lambda$waitForClusterToBeReady$0(142)) - Waiting for cluster to be ready. Got 0 of 7 DN Heartbeats.
2019-08-23 10:07:05,785 | INFO  | SCMAudit | user=jenkins1000 | ip=192.168.5.185 | op=GET_VERSION null | ret=SUCCESS |  
2019-08-23 10:07:05,800 [Datanode State Machine Thread - 0] INFO  ozoneimpl.OzoneContainer (OzoneContainer.java:start(186)) - Attempting to start container services.
2019-08-23 10:07:05,800 [Datanode State Machine Thread - 0] INFO  ozoneimpl.OzoneContainer (OzoneContainer.java:startContainerScrub(160)) - Background container scrubber has been disabled by hdds.containerscrub.enabled
2019-08-23 10:07:05,800 [Datanode State Machine Thread - 0] INFO  ratis.XceiverServerRatis (XceiverServerRatis.java:start(404)) - Starting XceiverServerRatis 8453f9b2-d485-4adb-8d6d-ab08f3e408ba at port 0
2019-08-23 10:07:05,808 [Datanode State Machine Thread - 0] INFO  impl.RaftServerProxy (RaftServerProxy.java:lambda$start$3(299)) - 8453f9b2-d485-4adb-8d6d-ab08f3e408ba: start RPC server
2019-08-23 10:07:05,809 [Datanode State Machine Thread - 0] INFO  server.GrpcService (GrpcService.java:startImpl(149)) - 8453f9b2-d485-4adb-8d6d-ab08f3e408ba: GrpcService started, listening on 0.0.0.0/0.0.0.0:42281
2019-08-23 10:07:05,809 [Datanode State Machine Thread - 0] INFO  ratis.XceiverServerRatis (XceiverServerRatis.java:start(414)) - XceiverServerRatis 8453f9b2-d485-4adb-8d6d-ab08f3e408ba is started using port 42281
2019-08-23 10:07:05,812 [Datanode State Machine Thread - 0] INFO  server.XceiverServerGrpc (XceiverServerGrpc.java:start(161)) - XceiverServerGrpc 8453f9b2-d485-4adb-8d6d-ab08f3e408ba is started using port 46771
2019-08-23 10:07:06,309 [IPC Server handler 0 on 37080] INFO  net.NetworkTopology (NetworkTopologyImpl.java:add(110)) - Added a new node: /default-rack/b71bf4d4-b0f4-4b17-850e-14fbc35fc534
2019-08-23 10:07:06,311 [IPC Server handler 0 on 37080] INFO  node.SCMNodeManager (SCMNodeManager.java:register(273)) - Registered Data node : b71bf4d4-b0f4-4b17-850e-14fbc35fc534{ip: 192.168.5.185, host: pr-hdds-1094-w8cgz-2737508714, networkLocation: /default-rack, certSerialId: null}
2019-08-23 10:07:06,312 [EventQueue-NodeRegistrationContainerReportForDataNodeSafeModeRule] INFO  safemode.SCMSafeModeManager (DataNodeSafeModeRule.java:process(71)) - SCM in safe mode. 1 DataNodes registered, 1 required.
2019-08-23 10:07:06,315 [EventQueue-NodeRegistrationContainerReportForDataNodeSafeModeRule] INFO  safemode.SCMSafeModeManager (SCMSafeModeManager.java:validateSafeModeExitRules(177)) - ScmSafeModeManager, all rules are successfully validated
2019-08-23 10:07:06,315 | INFO  | SCMAudit | user=jenkins1000 | ip=192.168.5.185 | op=REGISTER {datanodeDetails=b71bf4d4-b0f4-4b17-850e-14fbc35fc534{ip: 192.168.5.185, host: pr-hdds-1094-w8cgz-2737508714, networkLocation: /default-rack, certSerialId: null}} | ret=SUCCESS |  
2019-08-23 10:07:06,315 [EventQueue-NodeRegistrationContainerReportForDataNodeSafeModeRule] INFO  safemode.SCMSafeModeManager (SCMSafeModeManager.java:exitSafeMode(193)) - SCM exiting safe mode.
2019-08-23 10:07:06,332 [grpc-default-executor-4] INFO  impl.RaftServerProxy (RaftServerProxy.java:addNew(89)) - b71bf4d4-b0f4-4b17-850e-14fbc35fc534: addNew group-5844800897E7:[b71bf4d4-b0f4-4b17-850e-14fbc35fc534:192.168.5.185:45311] returns group-5844800897E7:java.util.concurrent.CompletableFuture@48d996d6[Not completed]
2019-08-23 10:07:06,333 [pool-439-thread-1] INFO  impl.RaftServerImpl (RaftServerImpl.java:<init>(93)) - b71bf4d4-b0f4-4b17-850e-14fbc35fc534: new RaftServerImpl for group-5844800897E7:[b71bf4d4-b0f4-4b17-850e-14fbc35fc534:192.168.5.185:45311] with ContainerStateMachine:uninitialized
2019-08-23 10:07:06,333 [pool-439-thread-1] INFO  server.RaftServerConfigKeys (ConfUtils.java:logGet(43)) - raft.server.rpc.timeout.min = 5s (custom)
2019-08-23 10:07:06,334 [pool-439-thread-1] INFO  server.RaftServerConfigKeys (ConfUtils.java:logGet(43)) - raft.server.rpc.timeout.max = 5200ms (custom)
2019-08-23 10:07:06,334 [pool-439-thread-1] INFO  server.RaftServerConfigKeys (ConfUtils.java:logGet(43)) - raft.server.rpcslowness.timeout = 120s (custom)
2019-08-23 10:07:06,334 [pool-439-thread-1] INFO  server.RaftServerConfigKeys (ConfUtils.java:logGet(43)) - raft.server.sleep.deviation.threshold = 300 (default)
2019-08-23 10:07:06,334 [pool-439-thread-1] INFO  server.RaftServerConfigKeys (ConfUtils.java:logGet(43)) - raft.server.log.appender.install.snapshot.enabled = false (custom)
2019-08-23 10:07:06,334 [pool-439-thread-1] INFO  impl.RaftServerImpl (ServerState.java:<init>(105)) - b71bf4d4-b0f4-4b17-850e-14fbc35fc534:group-5844800897E7 ConfigurationManager, init=-1: [b71bf4d4-b0f4-4b17-850e-14fbc35fc534:192.168.5.185:45311], old=null, confs=<EMPTY_MAP>
2019-08-23 10:07:06,334 [pool-439-thread-1] INFO  server.RaftServerConfigKeys (ConfUtils.java:logGet(43)) - raft.server.storage.dir = [/workdir/hadoop-ozone/integration-test/target/test-dir/MiniOzoneClusterImpl-b7a8e372-3268-47e4-95e4-1baa8ccb0650/datanode-0/data/ratis] (custom)
2019-08-23 10:07:06,335 [pool-439-thread-1] INFO  storage.RaftStorageDirectory (RaftStorageDirectory.java:analyzeStorage(246)) - The storage directory /workdir/hadoop-ozone/integration-test/target/test-dir/MiniOzoneClusterImpl-b7a8e372-3268-47e4-95e4-1baa8ccb0650/datanode-0/data/ratis/b7301094-911c-40d3-81a8-5844800897e7 does not exist. Creating ...
2019-08-23 10:07:06,348 [pool-439-thread-1] INFO  storage.RaftStorageDirectory (RaftStorageDirectory.java:tryLock(328)) - Lock on /workdir/hadoop-ozone/integration-test/target/test-dir/MiniOzoneClusterImpl-b7a8e372-3268-47e4-95e4-1baa8ccb0650/datanode-0/data/ratis/b7301094-911c-40d3-81a8-5844800897e7/in_use.lock acquired by nodename 29324@pr-hdds-1094-w8cgz-2737508714
2019-08-23 10:07:06,361 [pool-439-thread-1] INFO  storage.RaftStorage (RaftStorage.java:format(72)) - Storage directory /workdir/hadoop-ozone/integration-test/target/test-dir/MiniOzoneClusterImpl-b7a8e372-3268-47e4-95e4-1baa8ccb0650/datanode-0/data/ratis/b7301094-911c-40d3-81a8-5844800897e7 has been successfully formatted.
2019-08-23 10:07:06,361 [pool-439-thread-1] INFO  ratis.ContainerStateMachine (ContainerStateMachine.java:loadSnapshot(226)) - group-5844800897E7: The snapshot info is null. Setting the last applied indexto:(t:0, i:~)
2019-08-23 10:07:06,361 [pool-439-thread-1] INFO  server.RaftServerConfigKeys (ConfUtils.java:logGet(43)) - raft.server.leader.election.timeout = 120s (custom)
2019-08-23 10:07:06,361 [pool-439-thread-1] INFO  server.RaftServerConfigKeys (ConfUtils.java:logGet(43)) - raft.server.log.use.memory = false (default)
2019-08-23 10:07:06,361 [pool-439-thread-1] INFO  server.RaftServerConfigKeys (ConfUtils.java:logGet(43)) - raft.server.log.purge.gap = 1000000 (custom)
2019-08-23 10:07:06,362 [pool-439-thread-1] INFO  server.RaftServerConfigKeys (ConfUtils.java:logGet(43)) - raft.server.log.appender.buffer.byte-limit = 33554432 (custom)
2019-08-23 10:07:06,362 [pool-439-thread-1] INFO  server.RaftServerConfigKeys (ConfUtils.java:logGet(43)) - raft.server.log.segment.size.max = 1048576 (custom)
2019-08-23 10:07:06,362 [pool-439-thread-1] INFO  server.RaftServerConfigKeys (ConfUtils.java:logGet(43)) - raft.server.log.segment.cache.num.max = 2 (custom)
2019-08-23 10:07:06,362 [pool-439-thread-1] INFO  segmented.SegmentedRaftLogWorker (SegmentedRaftLogWorker.java:<init>(172)) - new b71bf4d4-b0f4-4b17-850e-14fbc35fc534-SegmentedRaftLogWorker:Storage Directory /workdir/hadoop-ozone/integration-test/target/test-dir/MiniOzoneClusterImpl-b7a8e372-3268-47e4-95e4-1baa8ccb0650/datanode-0/data/ratis/b7301094-911c-40d3-81a8-5844800897e7 for RaftStorage:Storage Directory /workdir/hadoop-ozone/integration-test/target/test-dir/MiniOzoneClusterImpl-b7a8e372-3268-47e4-95e4-1baa8ccb0650/datanode-0/data/ratis/b7301094-911c-40d3-81a8-5844800897e7
2019-08-23 10:07:06,362 [pool-439-thread-1] INFO  server.RaftServerConfigKeys (ConfUtils.java:logGet(43)) - raft.server.log.queue.byte-limit = 2147483647 (custom)
2019-08-23 10:07:06,362 [pool-439-thread-1] INFO  server.RaftServerConfigKeys (ConfUtils.java:logGet(43)) - raft.server.log.queue.element-limit = 1024 (custom)
2019-08-23 10:07:06,363 [pool-439-thread-1] INFO  server.RaftServerConfigKeys (ConfUtils.java:logGet(43)) - raft.server.log.segment.size.max = 1048576 (custom)
2019-08-23 10:07:06,363 [pool-439-thread-1] INFO  server.RaftServerConfigKeys (ConfUtils.java:logGet(43)) - raft.server.log.preallocated.size = 16384 (custom)
2019-08-23 10:07:06,363 [pool-439-thread-1] INFO  server.RaftServerConfigKeys (ConfUtils.java:logGet(43)) - raft.server.log.write.buffer.size = 33554432 (custom)
2019-08-23 10:07:06,363 [pool-439-thread-1] INFO  server.RaftServerConfigKeys (ConfUtils.java:logGet(43)) - raft.server.log.force.sync.num = 128 (default)
2019-08-23 10:07:06,363 [pool-439-thread-1] INFO  server.RaftServerConfigKeys (ConfUtils.java:logGet(43)) - raft.server.log.statemachine.data.sync = true (default)
2019-08-23 10:07:06,363 [pool-439-thread-1] INFO  server.RaftServerConfigKeys (ConfUtils.java:logGet(43)) - raft.server.log.statemachine.data.sync.timeout = 10s (default)
2019-08-23 10:07:06,363 [pool-439-thread-1] INFO  server.RaftServerConfigKeys (ConfUtils.java:logGet(43)) - raft.server.log.statemachine.data.sync.timeout.retry = -1 (default)
2019-08-23 10:07:06,364 [pool-439-thread-1] INFO  server.RaftServerConfigKeys (ConfUtils.java:logGet(43)) - raft.server.log.statemachine.data.caching.enabled = true (custom)
2019-08-23 10:07:06,364 [pool-439-thread-1] INFO  segmented.SegmentedRaftLogWorker (SegmentedRaftLogWorker.java:lambda$new$0(132)) - b71bf4d4-b0f4-4b17-850e-14fbc35fc534-SegmentedRaftLogWorker:Storage Directory /workdir/hadoop-ozone/integration-test/target/test-dir/MiniOzoneClusterImpl-b7a8e372-3268-47e4-95e4-1baa8ccb0650/datanode-0/data/ratis/b7301094-911c-40d3-81a8-5844800897e7: flushIndex: setUnconditionally 0 -> -1
2019-08-23 10:07:06,364 [pool-439-thread-1] INFO  server.RaftServerConfigKeys (ConfUtils.java:logGet(43)) - raft.server.snapshot.auto.trigger.enabled = true (custom)
2019-08-23 10:07:06,364 [pool-439-thread-1] INFO  server.RaftServerConfigKeys (ConfUtils.java:logGet(43)) - raft.server.snapshot.auto.trigger.threshold = 10000 (custom)
2019-08-23 10:07:06,365 [pool-439-thread-1] INFO  server.RaftServerConfigKeys (ConfUtils.java:logGet(43)) - raft.server.retrycache.expirytime = 600000ms (custom)
2019-08-23 10:07:06,365 [pool-439-thread-1] INFO  impl.RaftServerImpl (RaftServerImpl.java:start(180)) - b71bf4d4-b0f4-4b17-850e-14fbc35fc534: start group-5844800897E7
2019-08-23 10:07:06,365 [pool-439-thread-1] INFO  impl.RaftServerImpl (RaftServerImpl.java:setRole(171)) - b71bf4d4-b0f4-4b17-850e-14fbc35fc534:group-5844800897E7 changes role from null to FOLLOWER at term 0 for startAsFollower
2019-08-23 10:07:06,365 [pool-439-thread-1] INFO  impl.RoleInfo (RoleInfo.java:updateAndGet(143)) - b71bf4d4-b0f4-4b17-850e-14fbc35fc534: start FollowerState
2019-08-23 10:07:06,366 [pool-439-thread-1] INFO  util.JmxRegister (JmxRegister.java:tryRegister(44)) - Successfully registered JMX Bean with object name Ratis:service=RaftServer,group=group-5844800897E7,id=b71bf4d4-b0f4-4b17-850e-14fbc35fc534
2019-08-23 10:07:06,373 [RatisPipelineUtilsThread] INFO  pipeline.PipelineStateManager (PipelineStateManager.java:addPipeline(56)) - Created pipeline Pipeline[ Id: b7301094-911c-40d3-81a8-5844800897e7, Nodes: b71bf4d4-b0f4-4b17-850e-14fbc35fc534{ip: 192.168.5.185, host: pr-hdds-1094-w8cgz-2737508714, networkLocation: /default-rack, certSerialId: null}, Type:RATIS, Factor:ONE, State:OPEN]
2019-08-23 10:07:06,493 [IPC Server handler 3 on 37080] INFO  net.NetworkTopology (NetworkTopologyImpl.java:add(110)) - Added a new node: /default-rack/9e515754-7f8b-46df-9ca3-146e5874d0fb
2019-08-23 10:07:06,493 [IPC Server handler 3 on 37080] INFO  node.SCMNodeManager (SCMNodeManager.java:register(273)) - Registered Data node : 9e515754-7f8b-46df-9ca3-146e5874d0fb{ip: 192.168.5.185, host: pr-hdds-1094-w8cgz-2737508714, networkLocation: /default-rack, certSerialId: null}
2019-08-23 10:07:06,493 | INFO  | SCMAudit | user=jenkins1000 | ip=192.168.5.185 | op=REGISTER {datanodeDetails=9e515754-7f8b-46df-9ca3-146e5874d0fb{ip: 192.168.5.185, host: pr-hdds-1094-w8cgz-2737508714, networkLocation: /default-rack, certSerialId: null}} | ret=SUCCESS |  
2019-08-23 10:07:06,502 [grpc-default-executor-4] INFO  impl.RaftServerProxy (RaftServerProxy.java:addNew(89)) - 9e515754-7f8b-46df-9ca3-146e5874d0fb: addNew group-0A68B045F816:[9e515754-7f8b-46df-9ca3-146e5874d0fb:192.168.5.185:39640] returns group-0A68B045F816:java.util.concurrent.CompletableFuture@18d00bc2[Not completed]
2019-08-23 10:07:06,503 [pool-450-thread-1] INFO  impl.RaftServerImpl (RaftServerImpl.java:<init>(93)) - 9e515754-7f8b-46df-9ca3-146e5874d0fb: new RaftServerImpl for group-0A68B045F816:[9e515754-7f8b-46df-9ca3-146e5874d0fb:192.168.5.185:39640] with ContainerStateMachine:uninitialized
2019-08-23 10:07:06,503 [pool-450-thread-1] INFO  server.RaftServerConfigKeys (ConfUtils.java:logGet(43)) - raft.server.rpc.timeout.min = 5s (custom)
2019-08-23 10:07:06,504 [pool-450-thread-1] INFO  server.RaftServerConfigKeys (ConfUtils.java:logGet(43)) - raft.server.rpc.timeout.max = 5200ms (custom)
2019-08-23 10:07:06,504 [pool-450-thread-1] INFO  server.RaftServerConfigKeys (ConfUtils.java:logGet(43)) - raft.server.rpcslowness.timeout = 120s (custom)
2019-08-23 10:07:06,504 [pool-450-thread-1] INFO  server.RaftServerConfigKeys (ConfUtils.java:logGet(43)) - raft.server.sleep.deviation.threshold = 300 (default)
2019-08-23 10:07:06,504 [pool-450-thread-1] INFO  server.RaftServerConfigKeys (ConfUtils.java:logGet(43)) - raft.server.log.appender.install.snapshot.enabled = false (custom)
2019-08-23 10:07:06,504 [pool-450-thread-1] INFO  impl.RaftServerImpl (ServerState.java:<init>(105)) - 9e515754-7f8b-46df-9ca3-146e5874d0fb:group-0A68B045F816 ConfigurationManager, init=-1: [9e515754-7f8b-46df-9ca3-146e5874d0fb:192.168.5.185:39640], old=null, confs=<EMPTY_MAP>
2019-08-23 10:07:06,504 [pool-450-thread-1] INFO  server.RaftServerConfigKeys (ConfUtils.java:logGet(43)) - raft.server.storage.dir = [/workdir/hadoop-ozone/integration-test/target/test-dir/MiniOzoneClusterImpl-b7a8e372-3268-47e4-95e4-1baa8ccb0650/datanode-1/data/ratis] (custom)
2019-08-23 10:07:06,505 [pool-450-thread-1] INFO  storage.RaftStorageDirectory (RaftStorageDirectory.java:analyzeStorage(246)) - The storage directory /workdir/hadoop-ozone/integration-test/target/test-dir/MiniOzoneClusterImpl-b7a8e372-3268-47e4-95e4-1baa8ccb0650/datanode-1/data/ratis/630f74d7-9c45-444f-8929-0a68b045f816 does not exist. Creating ...
2019-08-23 10:07:06,518 [pool-450-thread-1] INFO  storage.RaftStorageDirectory (RaftStorageDirectory.java:tryLock(328)) - Lock on /workdir/hadoop-ozone/integration-test/target/test-dir/MiniOzoneClusterImpl-b7a8e372-3268-47e4-95e4-1baa8ccb0650/datanode-1/data/ratis/630f74d7-9c45-444f-8929-0a68b045f816/in_use.lock acquired by nodename 29324@pr-hdds-1094-w8cgz-2737508714
2019-08-23 10:07:06,531 [pool-450-thread-1] INFO  storage.RaftStorage (RaftStorage.java:format(72)) - Storage directory /workdir/hadoop-ozone/integration-test/target/test-dir/MiniOzoneClusterImpl-b7a8e372-3268-47e4-95e4-1baa8ccb0650/datanode-1/data/ratis/630f74d7-9c45-444f-8929-0a68b045f816 has been successfully formatted.
2019-08-23 10:07:06,531 [pool-450-thread-1] INFO  ratis.ContainerStateMachine (ContainerStateMachine.java:loadSnapshot(226)) - group-0A68B045F816: The snapshot info is null. Setting the last applied indexto:(t:0, i:~)
2019-08-23 10:07:06,532 [pool-450-thread-1] INFO  server.RaftServerConfigKeys (ConfUtils.java:logGet(43)) - raft.server.leader.election.timeout = 120s (custom)
2019-08-23 10:07:06,532 [pool-450-thread-1] INFO  server.RaftServerConfigKeys (ConfUtils.java:logGet(43)) - raft.server.log.use.memory = false (default)
2019-08-23 10:07:06,532 [pool-450-thread-1] INFO  server.RaftServerConfigKeys (ConfUtils.java:logGet(43)) - raft.server.log.purge.gap = 1000000 (custom)
2019-08-23 10:07:06,532 [pool-450-thread-1] INFO  server.RaftServerConfigKeys (ConfUtils.java:logGet(43)) - raft.server.log.appender.buffer.byte-limit = 33554432 (custom)
2019-08-23 10:07:06,532 [pool-450-thread-1] INFO  server.RaftServerConfigKeys (ConfUtils.java:logGet(43)) - raft.server.log.segment.size.max = 1048576 (custom)
2019-08-23 10:07:06,532 [pool-450-thread-1] INFO  server.RaftServerConfigKeys (ConfUtils.java:logGet(43)) - raft.server.log.segment.cache.num.max = 2 (custom)
2019-08-23 10:07:06,532 [pool-450-thread-1] INFO  segmented.SegmentedRaftLogWorker (SegmentedRaftLogWorker.java:<init>(172)) - new 9e515754-7f8b-46df-9ca3-146e5874d0fb-SegmentedRaftLogWorker:Storage Directory /workdir/hadoop-ozone/integration-test/target/test-dir/MiniOzoneClusterImpl-b7a8e372-3268-47e4-95e4-1baa8ccb0650/datanode-1/data/ratis/630f74d7-9c45-444f-8929-0a68b045f816 for RaftStorage:Storage Directory /workdir/hadoop-ozone/integration-test/target/test-dir/MiniOzoneClusterImpl-b7a8e372-3268-47e4-95e4-1baa8ccb0650/datanode-1/data/ratis/630f74d7-9c45-444f-8929-0a68b045f816
2019-08-23 10:07:06,533 [pool-450-thread-1] INFO  server.RaftServerConfigKeys (ConfUtils.java:logGet(43)) - raft.server.log.queue.byte-limit = 2147483647 (custom)
2019-08-23 10:07:06,533 [pool-450-thread-1] INFO  server.RaftServerConfigKeys (ConfUtils.java:logGet(43)) - raft.server.log.queue.element-limit = 1024 (custom)
2019-08-23 10:07:06,533 [pool-450-thread-1] INFO  server.RaftServerConfigKeys (ConfUtils.java:logGet(43)) - raft.server.log.segment.size.max = 1048576 (custom)
2019-08-23 10:07:06,533 [pool-450-thread-1] INFO  server.RaftServerConfigKeys (ConfUtils.java:logGet(43)) - raft.server.log.preallocated.size = 16384 (custom)
2019-08-23 10:07:06,533 [pool-450-thread-1] INFO  server.RaftServerConfigKeys (ConfUtils.java:logGet(43)) - raft.server.log.write.buffer.size = 33554432 (custom)
2019-08-23 10:07:06,533 [pool-450-thread-1] INFO  server.RaftServerConfigKeys (ConfUtils.java:logGet(43)) - raft.server.log.force.sync.num = 128 (default)
2019-08-23 10:07:06,534 [pool-450-thread-1] INFO  server.RaftServerConfigKeys (ConfUtils.java:logGet(43)) - raft.server.log.statemachine.data.sync = true (default)
2019-08-23 10:07:06,534 [pool-450-thread-1] INFO  server.RaftServerConfigKeys (ConfUtils.java:logGet(43)) - raft.server.log.statemachine.data.sync.timeout = 10s (default)
2019-08-23 10:07:06,534 [pool-450-thread-1] INFO  server.RaftServerConfigKeys (ConfUtils.java:logGet(43)) - raft.server.log.statemachine.data.sync.timeout.retry = -1 (default)
2019-08-23 10:07:06,534 [pool-450-thread-1] INFO  server.RaftServerConfigKeys (ConfUtils.java:logGet(43)) - raft.server.log.statemachine.data.caching.enabled = true (custom)
2019-08-23 10:07:06,534 [pool-450-thread-1] INFO  segmented.SegmentedRaftLogWorker (SegmentedRaftLogWorker.java:lambda$new$0(132)) - 9e515754-7f8b-46df-9ca3-146e5874d0fb-SegmentedRaftLogWorker:Storage Directory /workdir/hadoop-ozone/integration-test/target/test-dir/MiniOzoneClusterImpl-b7a8e372-3268-47e4-95e4-1baa8ccb0650/datanode-1/data/ratis/630f74d7-9c45-444f-8929-0a68b045f816: flushIndex: setUnconditionally 0 -> -1
2019-08-23 10:07:06,535 [pool-450-thread-1] INFO  server.RaftServerConfigKeys (ConfUtils.java:logGet(43)) - raft.server.snapshot.auto.trigger.enabled = true (custom)
2019-08-23 10:07:06,535 [pool-450-thread-1] INFO  server.RaftServerConfigKeys (ConfUtils.java:logGet(43)) - raft.server.snapshot.auto.trigger.threshold = 10000 (custom)
2019-08-23 10:07:06,535 [pool-450-thread-1] INFO  server.RaftServerConfigKeys (ConfUtils.java:logGet(43)) - raft.server.retrycache.expirytime = 600000ms (custom)
2019-08-23 10:07:06,535 [pool-450-thread-1] INFO  impl.RaftServerImpl (RaftServerImpl.java:start(180)) - 9e515754-7f8b-46df-9ca3-146e5874d0fb: start group-0A68B045F816
2019-08-23 10:07:06,535 [pool-450-thread-1] INFO  impl.RaftServerImpl (RaftServerImpl.java:setRole(171)) - 9e515754-7f8b-46df-9ca3-146e5874d0fb:group-0A68B045F816 changes role from null to FOLLOWER at term 0 for startAsFollower
2019-08-23 10:07:06,535 [pool-450-thread-1] INFO  impl.RoleInfo (RoleInfo.java:updateAndGet(143)) - 9e515754-7f8b-46df-9ca3-146e5874d0fb: start FollowerState
2019-08-23 10:07:06,536 [pool-450-thread-1] INFO  util.JmxRegister (JmxRegister.java:tryRegister(44)) - Successfully registered JMX Bean with object name Ratis:service=RaftServer,group=group-0A68B045F816,id=9e515754-7f8b-46df-9ca3-146e5874d0fb
2019-08-23 10:07:06,541 [RatisPipelineUtilsThread] INFO  pipeline.PipelineStateManager (PipelineStateManager.java:addPipeline(56)) - Created pipeline Pipeline[ Id: 630f74d7-9c45-444f-8929-0a68b045f816, Nodes: 9e515754-7f8b-46df-9ca3-146e5874d0fb{ip: 192.168.5.185, host: pr-hdds-1094-w8cgz-2737508714, networkLocation: /default-rack, certSerialId: null}, Type:RATIS, Factor:ONE, State:OPEN]
2019-08-23 10:07:06,784 [main] INFO  ozone.MiniOzoneClusterImpl (MiniOzoneClusterImpl.java:lambda$waitForClusterToBeReady$0(142)) - Waiting for cluster to be ready. Got 2 of 7 DN Heartbeats.
2019-08-23 10:07:06,948 [IPC Server handler 5 on 37080] INFO  net.NetworkTopology (NetworkTopologyImpl.java:add(110)) - Added a new node: /default-rack/7b28d98f-f774-4da4-b3b1-ee2ad2b713ba
2019-08-23 10:07:06,949 [IPC Server handler 5 on 37080] INFO  node.SCMNodeManager (SCMNodeManager.java:register(273)) - Registered Data node : 7b28d98f-f774-4da4-b3b1-ee2ad2b713ba{ip: 192.168.5.185, host: pr-hdds-1094-w8cgz-2737508714, networkLocation: /default-rack, certSerialId: null}
2019-08-23 10:07:06,949 | INFO  | SCMAudit | user=jenkins1000 | ip=192.168.5.185 | op=REGISTER {datanodeDetails=7b28d98f-f774-4da4-b3b1-ee2ad2b713ba{ip: 192.168.5.185, host: pr-hdds-1094-w8cgz-2737508714, networkLocation: /default-rack, certSerialId: null}} | ret=SUCCESS |  
2019-08-23 10:07:06,956 [grpc-default-executor-4] INFO  impl.RaftServerProxy (RaftServerProxy.java:addNew(89)) - 7b28d98f-f774-4da4-b3b1-ee2ad2b713ba: addNew group-08751DD22B5D:[7b28d98f-f774-4da4-b3b1-ee2ad2b713ba:192.168.5.185:35950] returns group-08751DD22B5D:java.util.concurrent.CompletableFuture@7d15c7fc[Not completed]
2019-08-23 10:07:06,957 [pool-461-thread-1] INFO  impl.RaftServerImpl (RaftServerImpl.java:<init>(93)) - 7b28d98f-f774-4da4-b3b1-ee2ad2b713ba: new RaftServerImpl for group-08751DD22B5D:[7b28d98f-f774-4da4-b3b1-ee2ad2b713ba:192.168.5.185:35950] with ContainerStateMachine:uninitialized
2019-08-23 10:07:06,957 [pool-461-thread-1] INFO  server.RaftServerConfigKeys (ConfUtils.java:logGet(43)) - raft.server.rpc.timeout.min = 5s (custom)
2019-08-23 10:07:06,957 [pool-461-thread-1] INFO  server.RaftServerConfigKeys (ConfUtils.java:logGet(43)) - raft.server.rpc.timeout.max = 5200ms (custom)
2019-08-23 10:07:06,958 [pool-461-thread-1] INFO  server.RaftServerConfigKeys (ConfUtils.java:logGet(43)) - raft.server.rpcslowness.timeout = 120s (custom)
2019-08-23 10:07:06,958 [pool-461-thread-1] INFO  server.RaftServerConfigKeys (ConfUtils.java:logGet(43)) - raft.server.sleep.deviation.threshold = 300 (default)
2019-08-23 10:07:06,958 [pool-461-thread-1] INFO  server.RaftServerConfigKeys (ConfUtils.java:logGet(43)) - raft.server.log.appender.install.snapshot.enabled = false (custom)
2019-08-23 10:07:06,958 [pool-461-thread-1] INFO  impl.RaftServerImpl (ServerState.java:<init>(105)) - 7b28d98f-f774-4da4-b3b1-ee2ad2b713ba:group-08751DD22B5D ConfigurationManager, init=-1: [7b28d98f-f774-4da4-b3b1-ee2ad2b713ba:192.168.5.185:35950], old=null, confs=<EMPTY_MAP>
2019-08-23 10:07:06,958 [pool-461-thread-1] INFO  server.RaftServerConfigKeys (ConfUtils.java:logGet(43)) - raft.server.storage.dir = [/workdir/hadoop-ozone/integration-test/target/test-dir/MiniOzoneClusterImpl-b7a8e372-3268-47e4-95e4-1baa8ccb0650/datanode-2/data/ratis] (custom)
2019-08-23 10:07:06,958 [pool-461-thread-1] INFO  storage.RaftStorageDirectory (RaftStorageDirectory.java:analyzeStorage(246)) - The storage directory /workdir/hadoop-ozone/integration-test/target/test-dir/MiniOzoneClusterImpl-b7a8e372-3268-47e4-95e4-1baa8ccb0650/datanode-2/data/ratis/db3a5af3-aeab-4e09-95aa-08751dd22b5d does not exist. Creating ...
2019-08-23 10:07:06,971 [pool-461-thread-1] INFO  storage.RaftStorageDirectory (RaftStorageDirectory.java:tryLock(328)) - Lock on /workdir/hadoop-ozone/integration-test/target/test-dir/MiniOzoneClusterImpl-b7a8e372-3268-47e4-95e4-1baa8ccb0650/datanode-2/data/ratis/db3a5af3-aeab-4e09-95aa-08751dd22b5d/in_use.lock acquired by nodename 29324@pr-hdds-1094-w8cgz-2737508714
2019-08-23 10:07:06,984 [pool-461-thread-1] INFO  storage.RaftStorage (RaftStorage.java:format(72)) - Storage directory /workdir/hadoop-ozone/integration-test/target/test-dir/MiniOzoneClusterImpl-b7a8e372-3268-47e4-95e4-1baa8ccb0650/datanode-2/data/ratis/db3a5af3-aeab-4e09-95aa-08751dd22b5d has been successfully formatted.
2019-08-23 10:07:06,984 [pool-461-thread-1] INFO  ratis.ContainerStateMachine (ContainerStateMachine.java:loadSnapshot(226)) - group-08751DD22B5D: The snapshot info is null. Setting the last applied indexto:(t:0, i:~)
2019-08-23 10:07:06,984 [pool-461-thread-1] INFO  server.RaftServerConfigKeys (ConfUtils.java:logGet(43)) - raft.server.leader.election.timeout = 120s (custom)
2019-08-23 10:07:06,984 [pool-461-thread-1] INFO  server.RaftServerConfigKeys (ConfUtils.java:logGet(43)) - raft.server.log.use.memory = false (default)
2019-08-23 10:07:06,984 [pool-461-thread-1] INFO  server.RaftServerConfigKeys (ConfUtils.java:logGet(43)) - raft.server.log.purge.gap = 1000000 (custom)
2019-08-23 10:07:06,984 [pool-461-thread-1] INFO  server.RaftServerConfigKeys (ConfUtils.java:logGet(43)) - raft.server.log.appender.buffer.byte-limit = 33554432 (custom)
2019-08-23 10:07:06,984 [pool-461-thread-1] INFO  server.RaftServerConfigKeys (ConfUtils.java:logGet(43)) - raft.server.log.segment.size.max = 1048576 (custom)
2019-08-23 10:07:06,985 [pool-461-thread-1] INFO  server.RaftServerConfigKeys (ConfUtils.java:logGet(43)) - raft.server.log.segment.cache.num.max = 2 (custom)
2019-08-23 10:07:06,985 [pool-461-thread-1] INFO  segmented.SegmentedRaftLogWorker (SegmentedRaftLogWorker.java:<init>(172)) - new 7b28d98f-f774-4da4-b3b1-ee2ad2b713ba-SegmentedRaftLogWorker:Storage Directory /workdir/hadoop-ozone/integration-test/target/test-dir/MiniOzoneClusterImpl-b7a8e372-3268-47e4-95e4-1baa8ccb0650/datanode-2/data/ratis/db3a5af3-aeab-4e09-95aa-08751dd22b5d for RaftStorage:Storage Directory /workdir/hadoop-ozone/integration-test/target/test-dir/MiniOzoneClusterImpl-b7a8e372-3268-47e4-95e4-1baa8ccb0650/datanode-2/data/ratis/db3a5af3-aeab-4e09-95aa-08751dd22b5d
2019-08-23 10:07:06,985 [pool-461-thread-1] INFO  server.RaftServerConfigKeys (ConfUtils.java:logGet(43)) - raft.server.log.queue.byte-limit = 2147483647 (custom)
2019-08-23 10:07:06,985 [pool-461-thread-1] INFO  server.RaftServerConfigKeys (ConfUtils.java:logGet(43)) - raft.server.log.queue.element-limit = 1024 (custom)
2019-08-23 10:07:06,985 [pool-461-thread-1] INFO  server.RaftServerConfigKeys (ConfUtils.java:logGet(43)) - raft.server.log.segment.size.max = 1048576 (custom)
2019-08-23 10:07:06,985 [pool-461-thread-1] INFO  server.RaftServerConfigKeys (ConfUtils.java:logGet(43)) - raft.server.log.preallocated.size = 16384 (custom)
2019-08-23 10:07:06,985 [pool-461-thread-1] INFO  server.RaftServerConfigKeys (ConfUtils.java:logGet(43)) - raft.server.log.write.buffer.size = 33554432 (custom)
2019-08-23 10:07:06,985 [pool-461-thread-1] INFO  server.RaftServerConfigKeys (ConfUtils.java:logGet(43)) - raft.server.log.force.sync.num = 128 (default)
2019-08-23 10:07:06,985 [pool-461-thread-1] INFO  server.RaftServerConfigKeys (ConfUtils.java:logGet(43)) - raft.server.log.statemachine.data.sync = true (default)
2019-08-23 10:07:06,986 [pool-461-thread-1] INFO  server.RaftServerConfigKeys (ConfUtils.java:logGet(43)) - raft.server.log.statemachine.data.sync.timeout = 10s (default)
2019-08-23 10:07:06,986 [pool-461-thread-1] INFO  server.RaftServerConfigKeys (ConfUtils.java:logGet(43)) - raft.server.log.statemachine.data.sync.timeout.retry = -1 (default)
2019-08-23 10:07:06,986 [pool-461-thread-1] INFO  server.RaftServerConfigKeys (ConfUtils.java:logGet(43)) - raft.server.log.statemachine.data.caching.enabled = true (custom)
2019-08-23 10:07:06,986 [pool-461-thread-1] INFO  segmented.SegmentedRaftLogWorker (SegmentedRaftLogWorker.java:lambda$new$0(132)) - 7b28d98f-f774-4da4-b3b1-ee2ad2b713ba-SegmentedRaftLogWorker:Storage Directory /workdir/hadoop-ozone/integration-test/target/test-dir/MiniOzoneClusterImpl-b7a8e372-3268-47e4-95e4-1baa8ccb0650/datanode-2/data/ratis/db3a5af3-aeab-4e09-95aa-08751dd22b5d: flushIndex: setUnconditionally 0 -> -1
2019-08-23 10:07:06,986 [pool-461-thread-1] INFO  server.RaftServerConfigKeys (ConfUtils.java:logGet(43)) - raft.server.snapshot.auto.trigger.enabled = true (custom)
2019-08-23 10:07:06,986 [pool-461-thread-1] INFO  server.RaftServerConfigKeys (ConfUtils.java:logGet(43)) - raft.server.snapshot.auto.trigger.threshold = 10000 (custom)
2019-08-23 10:07:06,987 [pool-461-thread-1] INFO  server.RaftServerConfigKeys (ConfUtils.java:logGet(43)) - raft.server.retrycache.expirytime = 600000ms (custom)
2019-08-23 10:07:06,987 [pool-461-thread-1] INFO  impl.RaftServerImpl (RaftServerImpl.java:start(180)) - 7b28d98f-f774-4da4-b3b1-ee2ad2b713ba: start group-08751DD22B5D
2019-08-23 10:07:06,987 [pool-461-thread-1] INFO  impl.RaftServerImpl (RaftServerImpl.java:setRole(171)) - 7b28d98f-f774-4da4-b3b1-ee2ad2b713ba:group-08751DD22B5D changes role from null to FOLLOWER at term 0 for startAsFollower
2019-08-23 10:07:06,987 [pool-461-thread-1] INFO  impl.RoleInfo (RoleInfo.java:updateAndGet(143)) - 7b28d98f-f774-4da4-b3b1-ee2ad2b713ba: start FollowerState
2019-08-23 10:07:06,987 [pool-461-thread-1] INFO  util.JmxRegister (JmxRegister.java:tryRegister(44)) - Successfully registered JMX Bean with object name Ratis:service=RaftServer,group=group-08751DD22B5D,id=7b28d98f-f774-4da4-b3b1-ee2ad2b713ba
2019-08-23 10:07:06,992 [RatisPipelineUtilsThread] INFO  pipeline.PipelineStateManager (PipelineStateManager.java:addPipeline(56)) - Created pipeline Pipeline[ Id: db3a5af3-aeab-4e09-95aa-08751dd22b5d, Nodes: 7b28d98f-f774-4da4-b3b1-ee2ad2b713ba{ip: 192.168.5.185, host: pr-hdds-1094-w8cgz-2737508714, networkLocation: /default-rack, certSerialId: null}, Type:RATIS, Factor:ONE, State:OPEN]
2019-08-23 10:07:07,000 [grpc-default-executor-6] INFO  impl.RaftServerProxy (RaftServerProxy.java:addNew(89)) - b71bf4d4-b0f4-4b17-850e-14fbc35fc534: addNew group-CC427169F078:[b71bf4d4-b0f4-4b17-850e-14fbc35fc534:192.168.5.185:45311, 9e515754-7f8b-46df-9ca3-146e5874d0fb:192.168.5.185:39640, 7b28d98f-f774-4da4-b3b1-ee2ad2b713ba:192.168.5.185:35950] returns group-CC427169F078:java.util.concurrent.CompletableFuture@4bd6d16e[Not completed]
2019-08-23 10:07:07,001 [grpc-default-executor-6] INFO  impl.RaftServerProxy (RaftServerProxy.java:addNew(89)) - 7b28d98f-f774-4da4-b3b1-ee2ad2b713ba: addNew group-CC427169F078:[b71bf4d4-b0f4-4b17-850e-14fbc35fc534:192.168.5.185:45311, 9e515754-7f8b-46df-9ca3-146e5874d0fb:192.168.5.185:39640, 7b28d98f-f774-4da4-b3b1-ee2ad2b713ba:192.168.5.185:35950] returns group-CC427169F078:java.util.concurrent.CompletableFuture@69d65236[Not completed]
2019-08-23 10:07:07,001 [grpc-default-executor-8] INFO  impl.RaftServerProxy (RaftServerProxy.java:addNew(89)) - 9e515754-7f8b-46df-9ca3-146e5874d0fb: addNew group-CC427169F078:[b71bf4d4-b0f4-4b17-850e-14fbc35fc534:192.168.5.185:45311, 9e515754-7f8b-46df-9ca3-146e5874d0fb:192.168.5.185:39640, 7b28d98f-f774-4da4-b3b1-ee2ad2b713ba:192.168.5.185:35950] returns group-CC427169F078:java.util.concurrent.CompletableFuture@23258bdb[Not completed]
2019-08-23 10:07:07,002 [pool-439-thread-1] INFO  impl.RaftServerImpl (RaftServerImpl.java:<init>(93)) - b71bf4d4-b0f4-4b17-850e-14fbc35fc534: new RaftServerImpl for group-CC427169F078:[b71bf4d4-b0f4-4b17-850e-14fbc35fc534:192.168.5.185:45311, 9e515754-7f8b-46df-9ca3-146e5874d0fb:192.168.5.185:39640, 7b28d98f-f774-4da4-b3b1-ee2ad2b713ba:192.168.5.185:35950] with ContainerStateMachine:uninitialized
2019-08-23 10:07:07,002 [pool-439-thread-1] INFO  server.RaftServerConfigKeys (ConfUtils.java:logGet(43)) - raft.server.rpc.timeout.min = 5s (custom)
2019-08-23 10:07:07,002 [pool-439-thread-1] INFO  server.RaftServerConfigKeys (ConfUtils.java:logGet(43)) - raft.server.rpc.timeout.max = 5200ms (custom)
2019-08-23 10:07:07,002 [pool-461-thread-1] INFO  impl.RaftServerImpl (RaftServerImpl.java:<init>(93)) - 7b28d98f-f774-4da4-b3b1-ee2ad2b713ba: new RaftServerImpl for group-CC427169F078:[b71bf4d4-b0f4-4b17-850e-14fbc35fc534:192.168.5.185:45311, 9e515754-7f8b-46df-9ca3-146e5874d0fb:192.168.5.185:39640, 7b28d98f-f774-4da4-b3b1-ee2ad2b713ba:192.168.5.185:35950] with ContainerStateMachine:uninitialized
2019-08-23 10:07:07,002 [pool-439-thread-1] INFO  server.RaftServerConfigKeys (ConfUtils.java:logGet(43)) - raft.server.rpcslowness.timeout = 120s (custom)
2019-08-23 10:07:07,002 [pool-461-thread-1] INFO  server.RaftServerConfigKeys (ConfUtils.java:logGet(43)) - raft.server.rpc.timeout.min = 5s (custom)
2019-08-23 10:07:07,002 [pool-439-thread-1] INFO  server.RaftServerConfigKeys (ConfUtils.java:logGet(43)) - raft.server.sleep.deviation.threshold = 300 (default)
2019-08-23 10:07:07,003 [pool-461-thread-1] INFO  server.RaftServerConfigKeys (ConfUtils.java:logGet(43)) - raft.server.rpc.timeout.max = 5200ms (custom)
2019-08-23 10:07:07,003 [pool-450-thread-1] INFO  impl.RaftServerImpl (RaftServerImpl.java:<init>(93)) - 9e515754-7f8b-46df-9ca3-146e5874d0fb: new RaftServerImpl for group-CC427169F078:[b71bf4d4-b0f4-4b17-850e-14fbc35fc534:192.168.5.185:45311, 9e515754-7f8b-46df-9ca3-146e5874d0fb:192.168.5.185:39640, 7b28d98f-f774-4da4-b3b1-ee2ad2b713ba:192.168.5.185:35950] with ContainerStateMachine:uninitialized
2019-08-23 10:07:07,003 [pool-439-thread-1] INFO  server.RaftServerConfigKeys (ConfUtils.java:logGet(43)) - raft.server.log.appender.install.snapshot.enabled = false (custom)
2019-08-23 10:07:07,003 [pool-450-thread-1] INFO  server.RaftServerConfigKeys (ConfUtils.java:logGet(43)) - raft.server.rpc.timeout.min = 5s (custom)
2019-08-23 10:07:07,003 [pool-461-thread-1] INFO  server.RaftServerConfigKeys (ConfUtils.java:logGet(43)) - raft.server.rpcslowness.timeout = 120s (custom)
2019-08-23 10:07:07,003 [pool-450-thread-1] INFO  server.RaftServerConfigKeys (ConfUtils.java:logGet(43)) - raft.server.rpc.timeout.max = 5200ms (custom)
2019-08-23 10:07:07,003 [pool-450-thread-1] INFO  server.RaftServerConfigKeys (ConfUtils.java:logGet(43)) - raft.server.rpcslowness.timeout = 120s (custom)
2019-08-23 10:07:07,003 [pool-439-thread-1] INFO  impl.RaftServerImpl (ServerState.java:<init>(105)) - b71bf4d4-b0f4-4b17-850e-14fbc35fc534:group-CC427169F078 ConfigurationManager, init=-1: [b71bf4d4-b0f4-4b17-850e-14fbc35fc534:192.168.5.185:45311, 9e515754-7f8b-46df-9ca3-146e5874d0fb:192.168.5.185:39640, 7b28d98f-f774-4da4-b3b1-ee2ad2b713ba:192.168.5.185:35950], old=null, confs=<EMPTY_MAP>
2019-08-23 10:07:07,004 [pool-450-thread-1] INFO  server.RaftServerConfigKeys (ConfUtils.java:logGet(43)) - raft.server.sleep.deviation.threshold = 300 (default)
2019-08-23 10:07:07,004 [pool-450-thread-1] INFO  server.RaftServerConfigKeys (ConfUtils.java:logGet(43)) - raft.server.log.appender.install.snapshot.enabled = false (custom)
2019-08-23 10:07:07,003 [pool-461-thread-1] INFO  server.RaftServerConfigKeys (ConfUtils.java:logGet(43)) - raft.server.sleep.deviation.threshold = 300 (default)
2019-08-23 10:07:07,004 [pool-450-thread-1] INFO  impl.RaftServerImpl (ServerState.java:<init>(105)) - 9e515754-7f8b-46df-9ca3-146e5874d0fb:group-CC427169F078 ConfigurationManager, init=-1: [b71bf4d4-b0f4-4b17-850e-14fbc35fc534:192.168.5.185:45311, 9e515754-7f8b-46df-9ca3-146e5874d0fb:192.168.5.185:39640, 7b28d98f-f774-4da4-b3b1-ee2ad2b713ba:192.168.5.185:35950], old=null, confs=<EMPTY_MAP>
2019-08-23 10:07:07,004 [pool-439-thread-1] INFO  server.RaftServerConfigKeys (ConfUtils.java:logGet(43)) - raft.server.storage.dir = [/workdir/hadoop-ozone/integration-test/target/test-dir/MiniOzoneClusterImpl-b7a8e372-3268-47e4-95e4-1baa8ccb0650/datanode-0/data/ratis] (custom)
2019-08-23 10:07:07,004 [pool-450-thread-1] INFO  server.RaftServerConfigKeys (ConfUtils.java:logGet(43)) - raft.server.storage.dir = [/workdir/hadoop-ozone/integration-test/target/test-dir/MiniOzoneClusterImpl-b7a8e372-3268-47e4-95e4-1baa8ccb0650/datanode-1/data/ratis] (custom)
2019-08-23 10:07:07,004 [pool-461-thread-1] INFO  server.RaftServerConfigKeys (ConfUtils.java:logGet(43)) - raft.server.log.appender.install.snapshot.enabled = false (custom)
2019-08-23 10:07:07,005 [pool-439-thread-1] INFO  storage.RaftStorageDirectory (RaftStorageDirectory.java:analyzeStorage(246)) - The storage directory /workdir/hadoop-ozone/integration-test/target/test-dir/MiniOzoneClusterImpl-b7a8e372-3268-47e4-95e4-1baa8ccb0650/datanode-0/data/ratis/7acf250a-3a28-4257-b83c-cc427169f078 does not exist. Creating ...
2019-08-23 10:07:07,005 [pool-450-thread-1] INFO  storage.RaftStorageDirectory (RaftStorageDirectory.java:analyzeStorage(246)) - The storage directory /workdir/hadoop-ozone/integration-test/target/test-dir/MiniOzoneClusterImpl-b7a8e372-3268-47e4-95e4-1baa8ccb0650/datanode-1/data/ratis/7acf250a-3a28-4257-b83c-cc427169f078 does not exist. Creating ...
2019-08-23 10:07:07,005 [pool-461-thread-1] INFO  impl.RaftServerImpl (ServerState.java:<init>(105)) - 7b28d98f-f774-4da4-b3b1-ee2ad2b713ba:group-CC427169F078 ConfigurationManager, init=-1: [b71bf4d4-b0f4-4b17-850e-14fbc35fc534:192.168.5.185:45311, 9e515754-7f8b-46df-9ca3-146e5874d0fb:192.168.5.185:39640, 7b28d98f-f774-4da4-b3b1-ee2ad2b713ba:192.168.5.185:35950], old=null, confs=<EMPTY_MAP>
2019-08-23 10:07:07,005 [pool-461-thread-1] INFO  server.RaftServerConfigKeys (ConfUtils.java:logGet(43)) - raft.server.storage.dir = [/workdir/hadoop-ozone/integration-test/target/test-dir/MiniOzoneClusterImpl-b7a8e372-3268-47e4-95e4-1baa8ccb0650/datanode-2/data/ratis] (custom)
2019-08-23 10:07:07,005 [pool-461-thread-1] INFO  storage.RaftStorageDirectory (RaftStorageDirectory.java:analyzeStorage(246)) - The storage directory /workdir/hadoop-ozone/integration-test/target/test-dir/MiniOzoneClusterImpl-b7a8e372-3268-47e4-95e4-1baa8ccb0650/datanode-2/data/ratis/7acf250a-3a28-4257-b83c-cc427169f078 does not exist. Creating ...
2019-08-23 10:07:07,018 [pool-461-thread-1] INFO  storage.RaftStorageDirectory (RaftStorageDirectory.java:tryLock(328)) - Lock on /workdir/hadoop-ozone/integration-test/target/test-dir/MiniOzoneClusterImpl-b7a8e372-3268-47e4-95e4-1baa8ccb0650/datanode-2/data/ratis/7acf250a-3a28-4257-b83c-cc427169f078/in_use.lock acquired by nodename 29324@pr-hdds-1094-w8cgz-2737508714
2019-08-23 10:07:07,018 [pool-439-thread-1] INFO  storage.RaftStorageDirectory (RaftStorageDirectory.java:tryLock(328)) - Lock on /workdir/hadoop-ozone/integration-test/target/test-dir/MiniOzoneClusterImpl-b7a8e372-3268-47e4-95e4-1baa8ccb0650/datanode-0/data/ratis/7acf250a-3a28-4257-b83c-cc427169f078/in_use.lock acquired by nodename 29324@pr-hdds-1094-w8cgz-2737508714
2019-08-23 10:07:07,018 [pool-450-thread-1] INFO  storage.RaftStorageDirectory (RaftStorageDirectory.java:tryLock(328)) - Lock on /workdir/hadoop-ozone/integration-test/target/test-dir/MiniOzoneClusterImpl-b7a8e372-3268-47e4-95e4-1baa8ccb0650/datanode-1/data/ratis/7acf250a-3a28-4257-b83c-cc427169f078/in_use.lock acquired by nodename 29324@pr-hdds-1094-w8cgz-2737508714
2019-08-23 10:07:07,031 [pool-439-thread-1] INFO  storage.RaftStorage (RaftStorage.java:format(72)) - Storage directory /workdir/hadoop-ozone/integration-test/target/test-dir/MiniOzoneClusterImpl-b7a8e372-3268-47e4-95e4-1baa8ccb0650/datanode-0/data/ratis/7acf250a-3a28-4257-b83c-cc427169f078 has been successfully formatted.
2019-08-23 10:07:07,031 [pool-450-thread-1] INFO  storage.RaftStorage (RaftStorage.java:format(72)) - Storage directory /workdir/hadoop-ozone/integration-test/target/test-dir/MiniOzoneClusterImpl-b7a8e372-3268-47e4-95e4-1baa8ccb0650/datanode-1/data/ratis/7acf250a-3a28-4257-b83c-cc427169f078 has been successfully formatted.
2019-08-23 10:07:07,031 [pool-461-thread-1] INFO  storage.RaftStorage (RaftStorage.java:format(72)) - Storage directory /workdir/hadoop-ozone/integration-test/target/test-dir/MiniOzoneClusterImpl-b7a8e372-3268-47e4-95e4-1baa8ccb0650/datanode-2/data/ratis/7acf250a-3a28-4257-b83c-cc427169f078 has been successfully formatted.
2019-08-23 10:07:07,032 [pool-450-thread-1] INFO  ratis.ContainerStateMachine (ContainerStateMachine.java:loadSnapshot(226)) - group-CC427169F078: The snapshot info is null. Setting the last applied indexto:(t:0, i:~)
2019-08-23 10:07:07,032 [pool-461-thread-1] INFO  ratis.ContainerStateMachine (ContainerStateMachine.java:loadSnapshot(226)) - group-CC427169F078: The snapshot info is null. Setting the last applied indexto:(t:0, i:~)
2019-08-23 10:07:07,032 [pool-439-thread-1] INFO  ratis.ContainerStateMachine (ContainerStateMachine.java:loadSnapshot(226)) - group-CC427169F078: The snapshot info is null. Setting the last applied indexto:(t:0, i:~)
2019-08-23 10:07:07,032 [pool-461-thread-1] INFO  server.RaftServerConfigKeys (ConfUtils.java:logGet(43)) - raft.server.leader.election.timeout = 120s (custom)
2019-08-23 10:07:07,032 [pool-450-thread-1] INFO  server.RaftServerConfigKeys (ConfUtils.java:logGet(43)) - raft.server.leader.election.timeout = 120s (custom)
2019-08-23 10:07:07,033 [pool-461-thread-1] INFO  server.RaftServerConfigKeys (ConfUtils.java:logGet(43)) - raft.server.log.use.memory = false (default)
2019-08-23 10:07:07,032 [pool-439-thread-1] INFO  server.RaftServerConfigKeys (ConfUtils.java:logGet(43)) - raft.server.leader.election.timeout = 120s (custom)
2019-08-23 10:07:07,033 [pool-461-thread-1] INFO  server.RaftServerConfigKeys (ConfUtils.java:logGet(43)) - raft.server.log.purge.gap = 1000000 (custom)
2019-08-23 10:07:07,033 [pool-450-thread-1] INFO  server.RaftServerConfigKeys (ConfUtils.java:logGet(43)) - raft.server.log.use.memory = false (default)
2019-08-23 10:07:07,033 [pool-461-thread-1] INFO  server.RaftServerConfigKeys (ConfUtils.java:logGet(43)) - raft.server.log.appender.buffer.byte-limit = 33554432 (custom)
2019-08-23 10:07:07,033 [pool-439-thread-1] INFO  server.RaftServerConfigKeys (ConfUtils.java:logGet(43)) - raft.server.log.use.memory = false (default)
2019-08-23 10:07:07,033 [pool-461-thread-1] INFO  server.RaftServerConfigKeys (ConfUtils.java:logGet(43)) - raft.server.log.segment.size.max = 1048576 (custom)
2019-08-23 10:07:07,033 [pool-450-thread-1] INFO  server.RaftServerConfigKeys (ConfUtils.java:logGet(43)) - raft.server.log.purge.gap = 1000000 (custom)
2019-08-23 10:07:07,034 [pool-461-thread-1] INFO  server.RaftServerConfigKeys (ConfUtils.java:logGet(43)) - raft.server.log.segment.cache.num.max = 2 (custom)
2019-08-23 10:07:07,034 [pool-439-thread-1] INFO  server.RaftServerConfigKeys (ConfUtils.java:logGet(43)) - raft.server.log.purge.gap = 1000000 (custom)
2019-08-23 10:07:07,034 [pool-461-thread-1] INFO  segmented.SegmentedRaftLogWorker (SegmentedRaftLogWorker.java:<init>(172)) - new 7b28d98f-f774-4da4-b3b1-ee2ad2b713ba-SegmentedRaftLogWorker:Storage Directory /workdir/hadoop-ozone/integration-test/target/test-dir/MiniOzoneClusterImpl-b7a8e372-3268-47e4-95e4-1baa8ccb0650/datanode-2/data/ratis/7acf250a-3a28-4257-b83c-cc427169f078 for RaftStorage:Storage Directory /workdir/hadoop-ozone/integration-test/target/test-dir/MiniOzoneClusterImpl-b7a8e372-3268-47e4-95e4-1baa8ccb0650/datanode-2/data/ratis/7acf250a-3a28-4257-b83c-cc427169f078
2019-08-23 10:07:07,034 [pool-450-thread-1] INFO  server.RaftServerConfigKeys (ConfUtils.java:logGet(43)) - raft.server.log.appender.buffer.byte-limit = 33554432 (custom)
2019-08-23 10:07:07,034 [pool-461-thread-1] INFO  server.RaftServerConfigKeys (ConfUtils.java:logGet(43)) - raft.server.log.queue.byte-limit = 2147483647 (custom)
2019-08-23 10:07:07,035 [pool-461-thread-1] INFO  server.RaftServerConfigKeys (ConfUtils.java:logGet(43)) - raft.server.log.queue.element-limit = 1024 (custom)
2019-08-23 10:07:07,034 [pool-439-thread-1] INFO  server.RaftServerConfigKeys (ConfUtils.java:logGet(43)) - raft.server.log.appender.buffer.byte-limit = 33554432 (custom)
2019-08-23 10:07:07,035 [pool-461-thread-1] INFO  server.RaftServerConfigKeys (ConfUtils.java:logGet(43)) - raft.server.log.segment.size.max = 1048576 (custom)
2019-08-23 10:07:07,035 [pool-461-thread-1] INFO  server.RaftServerConfigKeys (ConfUtils.java:logGet(43)) - raft.server.log.preallocated.size = 16384 (custom)
2019-08-23 10:07:07,035 [pool-450-thread-1] INFO  server.RaftServerConfigKeys (ConfUtils.java:logGet(43)) - raft.server.log.segment.size.max = 1048576 (custom)
2019-08-23 10:07:07,035 [pool-461-thread-1] INFO  server.RaftServerConfigKeys (ConfUtils.java:logGet(43)) - raft.server.log.write.buffer.size = 33554432 (custom)
2019-08-23 10:07:07,036 [pool-461-thread-1] INFO  server.RaftServerConfigKeys (ConfUtils.java:logGet(43)) - raft.server.log.force.sync.num = 128 (default)
2019-08-23 10:07:07,035 [pool-439-thread-1] INFO  server.RaftServerConfigKeys (ConfUtils.java:logGet(43)) - raft.server.log.segment.size.max = 1048576 (custom)
2019-08-23 10:07:07,036 [pool-461-thread-1] INFO  server.RaftServerConfigKeys (ConfUtils.java:logGet(43)) - raft.server.log.statemachine.data.sync = true (default)
2019-08-23 10:07:07,035 [pool-450-thread-1] INFO  server.RaftServerConfigKeys (ConfUtils.java:logGet(43)) - raft.server.log.segment.cache.num.max = 2 (custom)
2019-08-23 10:07:07,036 [pool-461-thread-1] INFO  server.RaftServerConfigKeys (ConfUtils.java:logGet(43)) - raft.server.log.statemachine.data.sync.timeout = 10s (default)
2019-08-23 10:07:07,036 [pool-439-thread-1] INFO  server.RaftServerConfigKeys (ConfUtils.java:logGet(43)) - raft.server.log.segment.cache.num.max = 2 (custom)
2019-08-23 10:07:07,036 [pool-461-thread-1] INFO  server.RaftServerConfigKeys (ConfUtils.java:logGet(43)) - raft.server.log.statemachine.data.sync.timeout.retry = -1 (default)
2019-08-23 10:07:07,036 [pool-450-thread-1] INFO  segmented.SegmentedRaftLogWorker (SegmentedRaftLogWorker.java:<init>(172)) - new 9e515754-7f8b-46df-9ca3-146e5874d0fb-SegmentedRaftLogWorker:Storage Directory /workdir/hadoop-ozone/integration-test/target/test-dir/MiniOzoneClusterImpl-b7a8e372-3268-47e4-95e4-1baa8ccb0650/datanode-1/data/ratis/7acf250a-3a28-4257-b83c-cc427169f078 for RaftStorage:Storage Directory /workdir/hadoop-ozone/integration-test/target/test-dir/MiniOzoneClusterImpl-b7a8e372-3268-47e4-95e4-1baa8ccb0650/datanode-1/data/ratis/7acf250a-3a28-4257-b83c-cc427169f078
2019-08-23 10:07:07,037 [pool-461-thread-1] INFO  server.RaftServerConfigKeys (ConfUtils.java:logGet(43)) - raft.server.log.statemachine.data.caching.enabled = true (custom)
2019-08-23 10:07:07,036 [pool-439-thread-1] INFO  segmented.SegmentedRaftLogWorker (SegmentedRaftLogWorker.java:<init>(172)) - new b71bf4d4-b0f4-4b17-850e-14fbc35fc534-SegmentedRaftLogWorker:Storage Directory /workdir/hadoop-ozone/integration-test/target/test-dir/MiniOzoneClusterImpl-b7a8e372-3268-47e4-95e4-1baa8ccb0650/datanode-0/data/ratis/7acf250a-3a28-4257-b83c-cc427169f078 for RaftStorage:Storage Directory /workdir/hadoop-ozone/integration-test/target/test-dir/MiniOzoneClusterImpl-b7a8e372-3268-47e4-95e4-1baa8ccb0650/datanode-0/data/ratis/7acf250a-3a28-4257-b83c-cc427169f078
2019-08-23 10:07:07,037 [pool-450-thread-1] INFO  server.RaftServerConfigKeys (ConfUtils.java:logGet(43)) - raft.server.log.queue.byte-limit = 2147483647 (custom)
2019-08-23 10:07:07,037 [pool-439-thread-1] INFO  server.RaftServerConfigKeys (ConfUtils.java:logGet(43)) - raft.server.log.queue.byte-limit = 2147483647 (custom)
2019-08-23 10:07:07,037 [pool-461-thread-1] INFO  segmented.SegmentedRaftLogWorker (SegmentedRaftLogWorker.java:lambda$new$0(132)) - 7b28d98f-f774-4da4-b3b1-ee2ad2b713ba-SegmentedRaftLogWorker:Storage Directory /workdir/hadoop-ozone/integration-test/target/test-dir/MiniOzoneClusterImpl-b7a8e372-3268-47e4-95e4-1baa8ccb0650/datanode-2/data/ratis/7acf250a-3a28-4257-b83c-cc427169f078: flushIndex: setUnconditionally 0 -> -1
2019-08-23 10:07:07,037 [pool-439-thread-1] INFO  server.RaftServerConfigKeys (ConfUtils.java:logGet(43)) - raft.server.log.queue.element-limit = 1024 (custom)
2019-08-23 10:07:07,037 [pool-450-thread-1] INFO  server.RaftServerConfigKeys (ConfUtils.java:logGet(43)) - raft.server.log.queue.element-limit = 1024 (custom)
2019-08-23 10:07:07,038 [pool-439-thread-1] INFO  server.RaftServerConfigKeys (ConfUtils.java:logGet(43)) - raft.server.log.segment.size.max = 1048576 (custom)
2019-08-23 10:07:07,038 [pool-461-thread-1] INFO  server.RaftServerConfigKeys (ConfUtils.java:logGet(43)) - raft.server.snapshot.auto.trigger.enabled = true (custom)
2019-08-23 10:07:07,038 [pool-439-thread-1] INFO  server.RaftServerConfigKeys (ConfUtils.java:logGet(43)) - raft.server.log.preallocated.size = 16384 (custom)
2019-08-23 10:07:07,038 [pool-450-thread-1] INFO  server.RaftServerConfigKeys (ConfUtils.java:logGet(43)) - raft.server.log.segment.size.max = 1048576 (custom)
2019-08-23 10:07:07,038 [pool-439-thread-1] INFO  server.RaftServerConfigKeys (ConfUtils.java:logGet(43)) - raft.server.log.write.buffer.size = 33554432 (custom)
2019-08-23 10:07:07,039 [pool-439-thread-1] INFO  server.RaftServerConfigKeys (ConfUtils.java:logGet(43)) - raft.server.log.force.sync.num = 128 (default)
2019-08-23 10:07:07,038 [pool-461-thread-1] INFO  server.RaftServerConfigKeys (ConfUtils.java:logGet(43)) - raft.server.snapshot.auto.trigger.threshold = 10000 (custom)
2019-08-23 10:07:07,039 [pool-439-thread-1] INFO  server.RaftServerConfigKeys (ConfUtils.java:logGet(43)) - raft.server.log.statemachine.data.sync = true (default)
2019-08-23 10:07:07,038 [pool-450-thread-1] INFO  server.RaftServerConfigKeys (ConfUtils.java:logGet(43)) - raft.server.log.preallocated.size = 16384 (custom)
2019-08-23 10:07:07,039 [pool-439-thread-1] INFO  server.RaftServerConfigKeys (ConfUtils.java:logGet(43)) - raft.server.log.statemachine.data.sync.timeout = 10s (default)
2019-08-23 10:07:07,039 [pool-461-thread-1] INFO  server.RaftServerConfigKeys (ConfUtils.java:logGet(43)) - raft.server.retrycache.expirytime = 600000ms (custom)
2019-08-23 10:07:07,039 [pool-439-thread-1] INFO  server.RaftServerConfigKeys (ConfUtils.java:logGet(43)) - raft.server.log.statemachine.data.sync.timeout.retry = -1 (default)
2019-08-23 10:07:07,039 [pool-450-thread-1] INFO  server.RaftServerConfigKeys (ConfUtils.java:logGet(43)) - raft.server.log.write.buffer.size = 33554432 (custom)
2019-08-23 10:07:07,040 [pool-439-thread-1] INFO  server.RaftServerConfigKeys (ConfUtils.java:logGet(43)) - raft.server.log.statemachine.data.caching.enabled = true (custom)
2019-08-23 10:07:07,039 [pool-461-thread-1] INFO  impl.RaftServerImpl (RaftServerImpl.java:start(180)) - 7b28d98f-f774-4da4-b3b1-ee2ad2b713ba: start group-CC427169F078
2019-08-23 10:07:07,040 [pool-450-thread-1] INFO  server.RaftServerConfigKeys (ConfUtils.java:logGet(43)) - raft.server.log.force.sync.num = 128 (default)
2019-08-23 10:07:07,040 [pool-439-thread-1] INFO  segmented.SegmentedRaftLogWorker (SegmentedRaftLogWorker.java:lambda$new$0(132)) - b71bf4d4-b0f4-4b17-850e-14fbc35fc534-SegmentedRaftLogWorker:Storage Directory /workdir/hadoop-ozone/integration-test/target/test-dir/MiniOzoneClusterImpl-b7a8e372-3268-47e4-95e4-1baa8ccb0650/datanode-0/data/ratis/7acf250a-3a28-4257-b83c-cc427169f078: flushIndex: setUnconditionally 0 -> -1
2019-08-23 10:07:07,040 [pool-461-thread-1] INFO  impl.RaftServerImpl (RaftServerImpl.java:setRole(171)) - 7b28d98f-f774-4da4-b3b1-ee2ad2b713ba:group-CC427169F078 changes role from null to FOLLOWER at term 0 for startAsFollower
2019-08-23 10:07:07,040 [pool-450-thread-1] INFO  server.RaftServerConfigKeys (ConfUtils.java:logGet(43)) - raft.server.log.statemachine.data.sync = true (default)
2019-08-23 10:07:07,040 [pool-439-thread-1] INFO  server.RaftServerConfigKeys (ConfUtils.java:logGet(43)) - raft.server.snapshot.auto.trigger.enabled = true (custom)
2019-08-23 10:07:07,040 [pool-461-thread-1] INFO  impl.RoleInfo (RoleInfo.java:updateAndGet(143)) - 7b28d98f-f774-4da4-b3b1-ee2ad2b713ba: start FollowerState
2019-08-23 10:07:07,041 [pool-439-thread-1] INFO  server.RaftServerConfigKeys (ConfUtils.java:logGet(43)) - raft.server.snapshot.auto.trigger.threshold = 10000 (custom)
2019-08-23 10:07:07,041 [pool-450-thread-1] INFO  server.RaftServerConfigKeys (ConfUtils.java:logGet(43)) - raft.server.log.statemachine.data.sync.timeout = 10s (default)
2019-08-23 10:07:07,041 [pool-439-thread-1] INFO  server.RaftServerConfigKeys (ConfUtils.java:logGet(43)) - raft.server.retrycache.expirytime = 600000ms (custom)
2019-08-23 10:07:07,048 [pool-450-thread-1] INFO  server.RaftServerConfigKeys (ConfUtils.java:logGet(43)) - raft.server.log.statemachine.data.sync.timeout.retry = -1 (default)
2019-08-23 10:07:07,048 [pool-461-thread-1] INFO  util.JmxRegister (JmxRegister.java:tryRegister(44)) - Successfully registered JMX Bean with object name Ratis:service=RaftServer,group=group-CC427169F078,id=7b28d98f-f774-4da4-b3b1-ee2ad2b713ba
2019-08-23 10:07:07,048 [pool-450-thread-1] INFO  server.RaftServerConfigKeys (ConfUtils.java:logGet(43)) - raft.server.log.statemachine.data.caching.enabled = true (custom)
2019-08-23 10:07:07,048 [pool-439-thread-1] INFO  impl.RaftServerImpl (RaftServerImpl.java:start(180)) - b71bf4d4-b0f4-4b17-850e-14fbc35fc534: start group-CC427169F078
2019-08-23 10:07:07,049 [pool-439-thread-1] INFO  impl.RaftServerImpl (RaftServerImpl.java:setRole(171)) - b71bf4d4-b0f4-4b17-850e-14fbc35fc534:group-CC427169F078 changes role from null to FOLLOWER at term 0 for startAsFollower
2019-08-23 10:07:07,049 [pool-450-thread-1] INFO  segmented.SegmentedRaftLogWorker (SegmentedRaftLogWorker.java:lambda$new$0(132)) - 9e515754-7f8b-46df-9ca3-146e5874d0fb-SegmentedRaftLogWorker:Storage Directory /workdir/hadoop-ozone/integration-test/target/test-dir/MiniOzoneClusterImpl-b7a8e372-3268-47e4-95e4-1baa8ccb0650/datanode-1/data/ratis/7acf250a-3a28-4257-b83c-cc427169f078: flushIndex: setUnconditionally 0 -> -1
2019-08-23 10:07:07,056 [pool-439-thread-1] INFO  impl.RoleInfo (RoleInfo.java:updateAndGet(143)) - b71bf4d4-b0f4-4b17-850e-14fbc35fc534: start FollowerState
2019-08-23 10:07:07,057 [pool-450-thread-1] INFO  server.RaftServerConfigKeys (ConfUtils.java:logGet(43)) - raft.server.snapshot.auto.trigger.enabled = true (custom)
2019-08-23 10:07:07,057 [pool-450-thread-1] INFO  server.RaftServerConfigKeys (ConfUtils.java:logGet(43)) - raft.server.snapshot.auto.trigger.threshold = 10000 (custom)
2019-08-23 10:07:07,057 [pool-439-thread-1] INFO  util.JmxRegister (JmxRegister.java:tryRegister(44)) - Successfully registered JMX Bean with object name Ratis:service=RaftServer,group=group-CC427169F078,id=b71bf4d4-b0f4-4b17-850e-14fbc35fc534
2019-08-23 10:07:07,057 [pool-450-thread-1] INFO  server.RaftServerConfigKeys (ConfUtils.java:logGet(43)) - raft.server.retrycache.expirytime = 600000ms (custom)
2019-08-23 10:07:07,059 [pool-450-thread-1] INFO  impl.RaftServerImpl (RaftServerImpl.java:start(180)) - 9e515754-7f8b-46df-9ca3-146e5874d0fb: start group-CC427169F078
2019-08-23 10:07:07,060 [pool-450-thread-1] INFO  impl.RaftServerImpl (RaftServerImpl.java:setRole(171)) - 9e515754-7f8b-46df-9ca3-146e5874d0fb:group-CC427169F078 changes role from null to FOLLOWER at term 0 for startAsFollower
2019-08-23 10:07:07,060 [pool-450-thread-1] INFO  impl.RoleInfo (RoleInfo.java:updateAndGet(143)) - 9e515754-7f8b-46df-9ca3-146e5874d0fb: start FollowerState
2019-08-23 10:07:07,060 [pool-450-thread-1] INFO  util.JmxRegister (JmxRegister.java:tryRegister(44)) - Successfully registered JMX Bean with object name Ratis:service=RaftServer,group=group-CC427169F078,id=9e515754-7f8b-46df-9ca3-146e5874d0fb
2019-08-23 10:07:07,066 [RatisPipelineUtilsThread] INFO  pipeline.PipelineStateManager (PipelineStateManager.java:addPipeline(56)) - Created pipeline Pipeline[ Id: 7acf250a-3a28-4257-b83c-cc427169f078, Nodes: 7b28d98f-f774-4da4-b3b1-ee2ad2b713ba{ip: 192.168.5.185, host: pr-hdds-1094-w8cgz-2737508714, networkLocation: /default-rack, certSerialId: null}b71bf4d4-b0f4-4b17-850e-14fbc35fc534{ip: 192.168.5.185, host: pr-hdds-1094-w8cgz-2737508714, networkLocation: /default-rack, certSerialId: null}9e515754-7f8b-46df-9ca3-146e5874d0fb{ip: 192.168.5.185, host: pr-hdds-1094-w8cgz-2737508714, networkLocation: /default-rack, certSerialId: null}, Type:RATIS, Factor:THREE, State:OPEN]
2019-08-23 10:07:07,170 [IPC Server handler 2 on 37080] INFO  net.NetworkTopology (NetworkTopologyImpl.java:add(110)) - Added a new node: /default-rack/bba6b2d4-c4a5-4c91-8048-dc3b2f1adf2c
2019-08-23 10:07:07,170 [IPC Server handler 2 on 37080] INFO  node.SCMNodeManager (SCMNodeManager.java:register(273)) - Registered Data node : bba6b2d4-c4a5-4c91-8048-dc3b2f1adf2c{ip: 192.168.5.185, host: pr-hdds-1094-w8cgz-2737508714, networkLocation: /default-rack, certSerialId: null}
2019-08-23 10:07:07,171 | INFO  | SCMAudit | user=jenkins1000 | ip=192.168.5.185 | op=REGISTER {datanodeDetails=bba6b2d4-c4a5-4c91-8048-dc3b2f1adf2c{ip: 192.168.5.185, host: pr-hdds-1094-w8cgz-2737508714, networkLocation: /default-rack, certSerialId: null}} | ret=SUCCESS |  
2019-08-23 10:07:07,177 [grpc-default-executor-8] INFO  impl.RaftServerProxy (RaftServerProxy.java:addNew(89)) - bba6b2d4-c4a5-4c91-8048-dc3b2f1adf2c: addNew group-D7269DFC8935:[bba6b2d4-c4a5-4c91-8048-dc3b2f1adf2c:192.168.5.185:36607] returns group-D7269DFC8935:java.util.concurrent.CompletableFuture@7f411e79[Not completed]
2019-08-23 10:07:07,178 [pool-472-thread-1] INFO  impl.RaftServerImpl (RaftServerImpl.java:<init>(93)) - bba6b2d4-c4a5-4c91-8048-dc3b2f1adf2c: new RaftServerImpl for group-D7269DFC8935:[bba6b2d4-c4a5-4c91-8048-dc3b2f1adf2c:192.168.5.185:36607] with ContainerStateMachine:uninitialized
2019-08-23 10:07:07,179 [pool-472-thread-1] INFO  server.RaftServerConfigKeys (ConfUtils.java:logGet(43)) - raft.server.rpc.timeout.min = 5s (custom)
2019-08-23 10:07:07,179 [pool-472-thread-1] INFO  server.RaftServerConfigKeys (ConfUtils.java:logGet(43)) - raft.server.rpc.timeout.max = 5200ms (custom)
2019-08-23 10:07:07,179 [pool-472-thread-1] INFO  server.RaftServerConfigKeys (ConfUtils.java:logGet(43)) - raft.server.rpcslowness.timeout = 120s (custom)
2019-08-23 10:07:07,179 [pool-472-thread-1] INFO  server.RaftServerConfigKeys (ConfUtils.java:logGet(43)) - raft.server.sleep.deviation.threshold = 300 (default)
2019-08-23 10:07:07,179 [pool-472-thread-1] INFO  server.RaftServerConfigKeys (ConfUtils.java:logGet(43)) - raft.server.log.appender.install.snapshot.enabled = false (custom)
2019-08-23 10:07:07,179 [pool-472-thread-1] INFO  impl.RaftServerImpl (ServerState.java:<init>(105)) - bba6b2d4-c4a5-4c91-8048-dc3b2f1adf2c:group-D7269DFC8935 ConfigurationManager, init=-1: [bba6b2d4-c4a5-4c91-8048-dc3b2f1adf2c:192.168.5.185:36607], old=null, confs=<EMPTY_MAP>
2019-08-23 10:07:07,179 [pool-472-thread-1] INFO  server.RaftServerConfigKeys (ConfUtils.java:logGet(43)) - raft.server.storage.dir = [/workdir/hadoop-ozone/integration-test/target/test-dir/MiniOzoneClusterImpl-b7a8e372-3268-47e4-95e4-1baa8ccb0650/datanode-3/data/ratis] (custom)
2019-08-23 10:07:07,180 [pool-472-thread-1] INFO  storage.RaftStorageDirectory (RaftStorageDirectory.java:analyzeStorage(246)) - The storage directory /workdir/hadoop-ozone/integration-test/target/test-dir/MiniOzoneClusterImpl-b7a8e372-3268-47e4-95e4-1baa8ccb0650/datanode-3/data/ratis/bec9e61f-76f4-446f-87ed-d7269dfc8935 does not exist. Creating ...
2019-08-23 10:07:07,193 [pool-472-thread-1] INFO  storage.RaftStorageDirectory (RaftStorageDirectory.java:tryLock(328)) - Lock on /workdir/hadoop-ozone/integration-test/target/test-dir/MiniOzoneClusterImpl-b7a8e372-3268-47e4-95e4-1baa8ccb0650/datanode-3/data/ratis/bec9e61f-76f4-446f-87ed-d7269dfc8935/in_use.lock acquired by nodename 29324@pr-hdds-1094-w8cgz-2737508714
2019-08-23 10:07:07,206 [pool-472-thread-1] INFO  storage.RaftStorage (RaftStorage.java:format(72)) - Storage directory /workdir/hadoop-ozone/integration-test/target/test-dir/MiniOzoneClusterImpl-b7a8e372-3268-47e4-95e4-1baa8ccb0650/datanode-3/data/ratis/bec9e61f-76f4-446f-87ed-d7269dfc8935 has been successfully formatted.
2019-08-23 10:07:07,206 [pool-472-thread-1] INFO  ratis.ContainerStateMachine (ContainerStateMachine.java:loadSnapshot(226)) - group-D7269DFC8935: The snapshot info is null. Setting the last applied indexto:(t:0, i:~)
2019-08-23 10:07:07,206 [pool-472-thread-1] INFO  server.RaftServerConfigKeys (ConfUtils.java:logGet(43)) - raft.server.leader.election.timeout = 120s (custom)
2019-08-23 10:07:07,206 [pool-472-thread-1] INFO  server.RaftServerConfigKeys (ConfUtils.java:logGet(43)) - raft.server.log.use.memory = false (default)
2019-08-23 10:07:07,207 [pool-472-thread-1] INFO  server.RaftServerConfigKeys (ConfUtils.java:logGet(43)) - raft.server.log.purge.gap = 1000000 (custom)
2019-08-23 10:07:07,207 [pool-472-thread-1] INFO  server.RaftServerConfigKeys (ConfUtils.java:logGet(43)) - raft.server.log.appender.buffer.byte-limit = 33554432 (custom)
2019-08-23 10:07:07,207 [pool-472-thread-1] INFO  server.RaftServerConfigKeys (ConfUtils.java:logGet(43)) - raft.server.log.segment.size.max = 1048576 (custom)
2019-08-23 10:07:07,207 [pool-472-thread-1] INFO  server.RaftServerConfigKeys (ConfUtils.java:logGet(43)) - raft.server.log.segment.cache.num.max = 2 (custom)
2019-08-23 10:07:07,207 [pool-472-thread-1] INFO  segmented.SegmentedRaftLogWorker (SegmentedRaftLogWorker.java:<init>(172)) - new bba6b2d4-c4a5-4c91-8048-dc3b2f1adf2c-SegmentedRaftLogWorker:Storage Directory /workdir/hadoop-ozone/integration-test/target/test-dir/MiniOzoneClusterImpl-b7a8e372-3268-47e4-95e4-1baa8ccb0650/datanode-3/data/ratis/bec9e61f-76f4-446f-87ed-d7269dfc8935 for RaftStorage:Storage Directory /workdir/hadoop-ozone/integration-test/target/test-dir/MiniOzoneClusterImpl-b7a8e372-3268-47e4-95e4-1baa8ccb0650/datanode-3/data/ratis/bec9e61f-76f4-446f-87ed-d7269dfc8935
2019-08-23 10:07:07,207 [pool-472-thread-1] INFO  server.RaftServerConfigKeys (ConfUtils.java:logGet(43)) - raft.server.log.queue.byte-limit = 2147483647 (custom)
2019-08-23 10:07:07,207 [pool-472-thread-1] INFO  server.RaftServerConfigKeys (ConfUtils.java:logGet(43)) - raft.server.log.queue.element-limit = 1024 (custom)
2019-08-23 10:07:07,208 [pool-472-thread-1] INFO  server.RaftServerConfigKeys (ConfUtils.java:logGet(43)) - raft.server.log.segment.size.max = 1048576 (custom)
2019-08-23 10:07:07,208 [pool-472-thread-1] INFO  server.RaftServerConfigKeys (ConfUtils.java:logGet(43)) - raft.server.log.preallocated.size = 16384 (custom)
2019-08-23 10:07:07,208 [pool-472-thread-1] INFO  server.RaftServerConfigKeys (ConfUtils.java:logGet(43)) - raft.server.log.write.buffer.size = 33554432 (custom)
2019-08-23 10:07:07,208 [pool-472-thread-1] INFO  server.RaftServerConfigKeys (ConfUtils.java:logGet(43)) - raft.server.log.force.sync.num = 128 (default)
2019-08-23 10:07:07,208 [pool-472-thread-1] INFO  server.RaftServerConfigKeys (ConfUtils.java:logGet(43)) - raft.server.log.statemachine.data.sync = true (default)
2019-08-23 10:07:07,208 [pool-472-thread-1] INFO  server.RaftServerConfigKeys (ConfUtils.java:logGet(43)) - raft.server.log.statemachine.data.sync.timeout = 10s (default)
2019-08-23 10:07:07,209 [pool-472-thread-1] INFO  server.RaftServerConfigKeys (ConfUtils.java:logGet(43)) - raft.server.log.statemachine.data.sync.timeout.retry = -1 (default)
2019-08-23 10:07:07,209 [pool-472-thread-1] INFO  server.RaftServerConfigKeys (ConfUtils.java:logGet(43)) - raft.server.log.statemachine.data.caching.enabled = true (custom)
2019-08-23 10:07:07,209 [pool-472-thread-1] INFO  segmented.SegmentedRaftLogWorker (SegmentedRaftLogWorker.java:lambda$new$0(132)) - bba6b2d4-c4a5-4c91-8048-dc3b2f1adf2c-SegmentedRaftLogWorker:Storage Directory /workdir/hadoop-ozone/integration-test/target/test-dir/MiniOzoneClusterImpl-b7a8e372-3268-47e4-95e4-1baa8ccb0650/datanode-3/data/ratis/bec9e61f-76f4-446f-87ed-d7269dfc8935: flushIndex: setUnconditionally 0 -> -1
2019-08-23 10:07:07,209 [pool-472-thread-1] INFO  server.RaftServerConfigKeys (ConfUtils.java:logGet(43)) - raft.server.snapshot.auto.trigger.enabled = true (custom)
2019-08-23 10:07:07,210 [pool-472-thread-1] INFO  server.RaftServerConfigKeys (ConfUtils.java:logGet(43)) - raft.server.snapshot.auto.trigger.threshold = 10000 (custom)
2019-08-23 10:07:07,210 [pool-472-thread-1] INFO  server.RaftServerConfigKeys (ConfUtils.java:logGet(43)) - raft.server.retrycache.expirytime = 600000ms (custom)
2019-08-23 10:07:07,210 [pool-472-thread-1] INFO  impl.RaftServerImpl (RaftServerImpl.java:start(180)) - bba6b2d4-c4a5-4c91-8048-dc3b2f1adf2c: start group-D7269DFC8935
2019-08-23 10:07:07,210 [pool-472-thread-1] INFO  impl.RaftServerImpl (RaftServerImpl.java:setRole(171)) - bba6b2d4-c4a5-4c91-8048-dc3b2f1adf2c:group-D7269DFC8935 changes role from null to FOLLOWER at term 0 for startAsFollower
2019-08-23 10:07:07,210 [pool-472-thread-1] INFO  impl.RoleInfo (RoleInfo.java:updateAndGet(143)) - bba6b2d4-c4a5-4c91-8048-dc3b2f1adf2c: start FollowerState
2019-08-23 10:07:07,211 [pool-472-thread-1] INFO  util.JmxRegister (JmxRegister.java:tryRegister(44)) - Successfully registered JMX Bean with object name Ratis:service=RaftServer,group=group-D7269DFC8935,id=bba6b2d4-c4a5-4c91-8048-dc3b2f1adf2c
2019-08-23 10:07:07,216 [RatisPipelineUtilsThread] INFO  pipeline.PipelineStateManager (PipelineStateManager.java:addPipeline(56)) - Created pipeline Pipeline[ Id: bec9e61f-76f4-446f-87ed-d7269dfc8935, Nodes: bba6b2d4-c4a5-4c91-8048-dc3b2f1adf2c{ip: 192.168.5.185, host: pr-hdds-1094-w8cgz-2737508714, networkLocation: /default-rack, certSerialId: null}, Type:RATIS, Factor:ONE, State:OPEN]
2019-08-23 10:07:07,396 [IPC Server handler 3 on 37080] INFO  net.NetworkTopology (NetworkTopologyImpl.java:add(110)) - Added a new node: /default-rack/5494ee63-e09e-4df3-b4cd-311d875bc122
2019-08-23 10:07:07,397 [IPC Server handler 3 on 37080] INFO  node.SCMNodeManager (SCMNodeManager.java:register(273)) - Registered Data node : 5494ee63-e09e-4df3-b4cd-311d875bc122{ip: 192.168.5.185, host: pr-hdds-1094-w8cgz-2737508714, networkLocation: /default-rack, certSerialId: null}
2019-08-23 10:07:07,400 | INFO  | SCMAudit | user=jenkins1000 | ip=192.168.5.185 | op=REGISTER {datanodeDetails=5494ee63-e09e-4df3-b4cd-311d875bc122{ip: 192.168.5.185, host: pr-hdds-1094-w8cgz-2737508714, networkLocation: /default-rack, certSerialId: null}} | ret=SUCCESS |  
2019-08-23 10:07:07,406 [grpc-default-executor-8] INFO  impl.RaftServerProxy (RaftServerProxy.java:addNew(89)) - 5494ee63-e09e-4df3-b4cd-311d875bc122: addNew group-557301E92B9E:[5494ee63-e09e-4df3-b4cd-311d875bc122:192.168.5.185:46815] returns group-557301E92B9E:java.util.concurrent.CompletableFuture@6c481df7[Not completed]
2019-08-23 10:07:07,407 [pool-483-thread-1] INFO  impl.RaftServerImpl (RaftServerImpl.java:<init>(93)) - 5494ee63-e09e-4df3-b4cd-311d875bc122: new RaftServerImpl for group-557301E92B9E:[5494ee63-e09e-4df3-b4cd-311d875bc122:192.168.5.185:46815] with ContainerStateMachine:uninitialized
2019-08-23 10:07:07,407 [pool-483-thread-1] INFO  server.RaftServerConfigKeys (ConfUtils.java:logGet(43)) - raft.server.rpc.timeout.min = 5s (custom)
2019-08-23 10:07:07,407 [pool-483-thread-1] INFO  server.RaftServerConfigKeys (ConfUtils.java:logGet(43)) - raft.server.rpc.timeout.max = 5200ms (custom)
2019-08-23 10:07:07,407 [pool-483-thread-1] INFO  server.RaftServerConfigKeys (ConfUtils.java:logGet(43)) - raft.server.rpcslowness.timeout = 120s (custom)
2019-08-23 10:07:07,407 [pool-483-thread-1] INFO  server.RaftServerConfigKeys (ConfUtils.java:logGet(43)) - raft.server.sleep.deviation.threshold = 300 (default)
2019-08-23 10:07:07,408 [pool-483-thread-1] INFO  server.RaftServerConfigKeys (ConfUtils.java:logGet(43)) - raft.server.log.appender.install.snapshot.enabled = false (custom)
2019-08-23 10:07:07,408 [pool-483-thread-1] INFO  impl.RaftServerImpl (ServerState.java:<init>(105)) - 5494ee63-e09e-4df3-b4cd-311d875bc122:group-557301E92B9E ConfigurationManager, init=-1: [5494ee63-e09e-4df3-b4cd-311d875bc122:192.168.5.185:46815], old=null, confs=<EMPTY_MAP>
2019-08-23 10:07:07,408 [pool-483-thread-1] INFO  server.RaftServerConfigKeys (ConfUtils.java:logGet(43)) - raft.server.storage.dir = [/workdir/hadoop-ozone/integration-test/target/test-dir/MiniOzoneClusterImpl-b7a8e372-3268-47e4-95e4-1baa8ccb0650/datanode-4/data/ratis] (custom)
2019-08-23 10:07:07,408 [pool-483-thread-1] INFO  storage.RaftStorageDirectory (RaftStorageDirectory.java:analyzeStorage(246)) - The storage directory /workdir/hadoop-ozone/integration-test/target/test-dir/MiniOzoneClusterImpl-b7a8e372-3268-47e4-95e4-1baa8ccb0650/datanode-4/data/ratis/92387db1-a706-4fbc-835f-557301e92b9e does not exist. Creating ...
2019-08-23 10:07:07,422 [pool-483-thread-1] INFO  storage.RaftStorageDirectory (RaftStorageDirectory.java:tryLock(328)) - Lock on /workdir/hadoop-ozone/integration-test/target/test-dir/MiniOzoneClusterImpl-b7a8e372-3268-47e4-95e4-1baa8ccb0650/datanode-4/data/ratis/92387db1-a706-4fbc-835f-557301e92b9e/in_use.lock acquired by nodename 29324@pr-hdds-1094-w8cgz-2737508714
2019-08-23 10:07:07,436 [pool-483-thread-1] INFO  storage.RaftStorage (RaftStorage.java:format(72)) - Storage directory /workdir/hadoop-ozone/integration-test/target/test-dir/MiniOzoneClusterImpl-b7a8e372-3268-47e4-95e4-1baa8ccb0650/datanode-4/data/ratis/92387db1-a706-4fbc-835f-557301e92b9e has been successfully formatted.
2019-08-23 10:07:07,436 [pool-483-thread-1] INFO  ratis.ContainerStateMachine (ContainerStateMachine.java:loadSnapshot(226)) - group-557301E92B9E: The snapshot info is null. Setting the last applied indexto:(t:0, i:~)
2019-08-23 10:07:07,436 [pool-483-thread-1] INFO  server.RaftServerConfigKeys (ConfUtils.java:logGet(43)) - raft.server.leader.election.timeout = 120s (custom)
2019-08-23 10:07:07,436 [pool-483-thread-1] INFO  server.RaftServerConfigKeys (ConfUtils.java:logGet(43)) - raft.server.log.use.memory = false (default)
2019-08-23 10:07:07,436 [pool-483-thread-1] INFO  server.RaftServerConfigKeys (ConfUtils.java:logGet(43)) - raft.server.log.purge.gap = 1000000 (custom)
2019-08-23 10:07:07,436 [pool-483-thread-1] INFO  server.RaftServerConfigKeys (ConfUtils.java:logGet(43)) - raft.server.log.appender.buffer.byte-limit = 33554432 (custom)
2019-08-23 10:07:07,437 [pool-483-thread-1] INFO  server.RaftServerConfigKeys (ConfUtils.java:logGet(43)) - raft.server.log.segment.size.max = 1048576 (custom)
2019-08-23 10:07:07,437 [pool-483-thread-1] INFO  server.RaftServerConfigKeys (ConfUtils.java:logGet(43)) - raft.server.log.segment.cache.num.max = 2 (custom)
2019-08-23 10:07:07,437 [pool-483-thread-1] INFO  segmented.SegmentedRaftLogWorker (SegmentedRaftLogWorker.java:<init>(172)) - new 5494ee63-e09e-4df3-b4cd-311d875bc122-SegmentedRaftLogWorker:Storage Directory /workdir/hadoop-ozone/integration-test/target/test-dir/MiniOzoneClusterImpl-b7a8e372-3268-47e4-95e4-1baa8ccb0650/datanode-4/data/ratis/92387db1-a706-4fbc-835f-557301e92b9e for RaftStorage:Storage Directory /workdir/hadoop-ozone/integration-test/target/test-dir/MiniOzoneClusterImpl-b7a8e372-3268-47e4-95e4-1baa8ccb0650/datanode-4/data/ratis/92387db1-a706-4fbc-835f-557301e92b9e
2019-08-23 10:07:07,437 [pool-483-thread-1] INFO  server.RaftServerConfigKeys (ConfUtils.java:logGet(43)) - raft.server.log.queue.byte-limit = 2147483647 (custom)
2019-08-23 10:07:07,437 [pool-483-thread-1] INFO  server.RaftServerConfigKeys (ConfUtils.java:logGet(43)) - raft.server.log.queue.element-limit = 1024 (custom)
2019-08-23 10:07:07,437 [pool-483-thread-1] INFO  server.RaftServerConfigKeys (ConfUtils.java:logGet(43)) - raft.server.log.segment.size.max = 1048576 (custom)
2019-08-23 10:07:07,437 [pool-483-thread-1] INFO  server.RaftServerConfigKeys (ConfUtils.java:logGet(43)) - raft.server.log.preallocated.size = 16384 (custom)
2019-08-23 10:07:07,438 [pool-483-thread-1] INFO  server.RaftServerConfigKeys (ConfUtils.java:logGet(43)) - raft.server.log.write.buffer.size = 33554432 (custom)
2019-08-23 10:07:07,438 [pool-483-thread-1] INFO  server.RaftServerConfigKeys (ConfUtils.java:logGet(43)) - raft.server.log.force.sync.num = 128 (default)
2019-08-23 10:07:07,438 [pool-483-thread-1] INFO  server.RaftServerConfigKeys (ConfUtils.java:logGet(43)) - raft.server.log.statemachine.data.sync = true (default)
2019-08-23 10:07:07,438 [pool-483-thread-1] INFO  server.RaftServerConfigKeys (ConfUtils.java:logGet(43)) - raft.server.log.statemachine.data.sync.timeout = 10s (default)
2019-08-23 10:07:07,438 [pool-483-thread-1] INFO  server.RaftServerConfigKeys (ConfUtils.java:logGet(43)) - raft.server.log.statemachine.data.sync.timeout.retry = -1 (default)
2019-08-23 10:07:07,438 [pool-483-thread-1] INFO  server.RaftServerConfigKeys (ConfUtils.java:logGet(43)) - raft.server.log.statemachine.data.caching.enabled = true (custom)
2019-08-23 10:07:07,439 [pool-483-thread-1] INFO  segmented.SegmentedRaftLogWorker (SegmentedRaftLogWorker.java:lambda$new$0(132)) - 5494ee63-e09e-4df3-b4cd-311d875bc122-SegmentedRaftLogWorker:Storage Directory /workdir/hadoop-ozone/integration-test/target/test-dir/MiniOzoneClusterImpl-b7a8e372-3268-47e4-95e4-1baa8ccb0650/datanode-4/data/ratis/92387db1-a706-4fbc-835f-557301e92b9e: flushIndex: setUnconditionally 0 -> -1
2019-08-23 10:07:07,439 [pool-483-thread-1] INFO  server.RaftServerConfigKeys (ConfUtils.java:logGet(43)) - raft.server.snapshot.auto.trigger.enabled = true (custom)
2019-08-23 10:07:07,439 [pool-483-thread-1] INFO  server.RaftServerConfigKeys (ConfUtils.java:logGet(43)) - raft.server.snapshot.auto.trigger.threshold = 10000 (custom)
2019-08-23 10:07:07,439 [pool-483-thread-1] INFO  server.RaftServerConfigKeys (ConfUtils.java:logGet(43)) - raft.server.retrycache.expirytime = 600000ms (custom)
2019-08-23 10:07:07,439 [pool-483-thread-1] INFO  impl.RaftServerImpl (RaftServerImpl.java:start(180)) - 5494ee63-e09e-4df3-b4cd-311d875bc122: start group-557301E92B9E
2019-08-23 10:07:07,439 [pool-483-thread-1] INFO  impl.RaftServerImpl (RaftServerImpl.java:setRole(171)) - 5494ee63-e09e-4df3-b4cd-311d875bc122:group-557301E92B9E changes role from null to FOLLOWER at term 0 for startAsFollower
2019-08-23 10:07:07,439 [pool-483-thread-1] INFO  impl.RoleInfo (RoleInfo.java:updateAndGet(143)) - 5494ee63-e09e-4df3-b4cd-311d875bc122: start FollowerState
2019-08-23 10:07:07,440 [pool-483-thread-1] INFO  util.JmxRegister (JmxRegister.java:tryRegister(44)) - Successfully registered JMX Bean with object name Ratis:service=RaftServer,group=group-557301E92B9E,id=5494ee63-e09e-4df3-b4cd-311d875bc122
2019-08-23 10:07:07,445 [RatisPipelineUtilsThread] INFO  pipeline.PipelineStateManager (PipelineStateManager.java:addPipeline(56)) - Created pipeline Pipeline[ Id: 92387db1-a706-4fbc-835f-557301e92b9e, Nodes: 5494ee63-e09e-4df3-b4cd-311d875bc122{ip: 192.168.5.185, host: pr-hdds-1094-w8cgz-2737508714, networkLocation: /default-rack, certSerialId: null}, Type:RATIS, Factor:ONE, State:OPEN]
2019-08-23 10:07:07,591 [IPC Server handler 1 on 37080] INFO  net.NetworkTopology (NetworkTopologyImpl.java:add(110)) - Added a new node: /default-rack/80f273f3-706b-492f-9f47-fe3dda8bc170
2019-08-23 10:07:07,591 [IPC Server handler 1 on 37080] INFO  node.SCMNodeManager (SCMNodeManager.java:register(273)) - Registered Data node : 80f273f3-706b-492f-9f47-fe3dda8bc170{ip: 192.168.5.185, host: pr-hdds-1094-w8cgz-2737508714, networkLocation: /default-rack, certSerialId: null}
2019-08-23 10:07:07,591 | INFO  | SCMAudit | user=jenkins1000 | ip=192.168.5.185 | op=REGISTER {datanodeDetails=80f273f3-706b-492f-9f47-fe3dda8bc170{ip: 192.168.5.185, host: pr-hdds-1094-w8cgz-2737508714, networkLocation: /default-rack, certSerialId: null}} | ret=SUCCESS |  
2019-08-23 10:07:07,597 [grpc-default-executor-8] INFO  impl.RaftServerProxy (RaftServerProxy.java:addNew(89)) - 80f273f3-706b-492f-9f47-fe3dda8bc170: addNew group-3ABD68C0DBE7:[80f273f3-706b-492f-9f47-fe3dda8bc170:192.168.5.185:45231] returns group-3ABD68C0DBE7:java.util.concurrent.CompletableFuture@6ede971[Not completed]
2019-08-23 10:07:07,599 [pool-494-thread-1] INFO  impl.RaftServerImpl (RaftServerImpl.java:<init>(93)) - 80f273f3-706b-492f-9f47-fe3dda8bc170: new RaftServerImpl for group-3ABD68C0DBE7:[80f273f3-706b-492f-9f47-fe3dda8bc170:192.168.5.185:45231] with ContainerStateMachine:uninitialized
2019-08-23 10:07:07,599 [pool-494-thread-1] INFO  server.RaftServerConfigKeys (ConfUtils.java:logGet(43)) - raft.server.rpc.timeout.min = 5s (custom)
2019-08-23 10:07:07,599 [pool-494-thread-1] INFO  server.RaftServerConfigKeys (ConfUtils.java:logGet(43)) - raft.server.rpc.timeout.max = 5200ms (custom)
2019-08-23 10:07:07,599 [pool-494-thread-1] INFO  server.RaftServerConfigKeys (ConfUtils.java:logGet(43)) - raft.server.rpcslowness.timeout = 120s (custom)
2019-08-23 10:07:07,599 [pool-494-thread-1] INFO  server.RaftServerConfigKeys (ConfUtils.java:logGet(43)) - raft.server.sleep.deviation.threshold = 300 (default)
2019-08-23 10:07:07,600 [pool-494-thread-1] INFO  server.RaftServerConfigKeys (ConfUtils.java:logGet(43)) - raft.server.log.appender.install.snapshot.enabled = false (custom)
2019-08-23 10:07:07,600 [pool-494-thread-1] INFO  impl.RaftServerImpl (ServerState.java:<init>(105)) - 80f273f3-706b-492f-9f47-fe3dda8bc170:group-3ABD68C0DBE7 ConfigurationManager, init=-1: [80f273f3-706b-492f-9f47-fe3dda8bc170:192.168.5.185:45231], old=null, confs=<EMPTY_MAP>
2019-08-23 10:07:07,600 [pool-494-thread-1] INFO  server.RaftServerConfigKeys (ConfUtils.java:logGet(43)) - raft.server.storage.dir = [/workdir/hadoop-ozone/integration-test/target/test-dir/MiniOzoneClusterImpl-b7a8e372-3268-47e4-95e4-1baa8ccb0650/datanode-5/data/ratis] (custom)
2019-08-23 10:07:07,600 [pool-494-thread-1] INFO  storage.RaftStorageDirectory (RaftStorageDirectory.java:analyzeStorage(246)) - The storage directory /workdir/hadoop-ozone/integration-test/target/test-dir/MiniOzoneClusterImpl-b7a8e372-3268-47e4-95e4-1baa8ccb0650/datanode-5/data/ratis/3782260a-7759-40f8-9a52-3abd68c0dbe7 does not exist. Creating ...
2019-08-23 10:07:07,614 [pool-494-thread-1] INFO  storage.RaftStorageDirectory (RaftStorageDirectory.java:tryLock(328)) - Lock on /workdir/hadoop-ozone/integration-test/target/test-dir/MiniOzoneClusterImpl-b7a8e372-3268-47e4-95e4-1baa8ccb0650/datanode-5/data/ratis/3782260a-7759-40f8-9a52-3abd68c0dbe7/in_use.lock acquired by nodename 29324@pr-hdds-1094-w8cgz-2737508714
2019-08-23 10:07:07,626 [pool-494-thread-1] INFO  storage.RaftStorage (RaftStorage.java:format(72)) - Storage directory /workdir/hadoop-ozone/integration-test/target/test-dir/MiniOzoneClusterImpl-b7a8e372-3268-47e4-95e4-1baa8ccb0650/datanode-5/data/ratis/3782260a-7759-40f8-9a52-3abd68c0dbe7 has been successfully formatted.
2019-08-23 10:07:07,627 [pool-494-thread-1] INFO  ratis.ContainerStateMachine (ContainerStateMachine.java:loadSnapshot(226)) - group-3ABD68C0DBE7: The snapshot info is null. Setting the last applied indexto:(t:0, i:~)
2019-08-23 10:07:07,627 [pool-494-thread-1] INFO  server.RaftServerConfigKeys (ConfUtils.java:logGet(43)) - raft.server.leader.election.timeout = 120s (custom)
2019-08-23 10:07:07,627 [pool-494-thread-1] INFO  server.RaftServerConfigKeys (ConfUtils.java:logGet(43)) - raft.server.log.use.memory = false (default)
2019-08-23 10:07:07,627 [pool-494-thread-1] INFO  server.RaftServerConfigKeys (ConfUtils.java:logGet(43)) - raft.server.log.purge.gap = 1000000 (custom)
2019-08-23 10:07:07,627 [pool-494-thread-1] INFO  server.RaftServerConfigKeys (ConfUtils.java:logGet(43)) - raft.server.log.appender.buffer.byte-limit = 33554432 (custom)
2019-08-23 10:07:07,627 [pool-494-thread-1] INFO  server.RaftServerConfigKeys (ConfUtils.java:logGet(43)) - raft.server.log.segment.size.max = 1048576 (custom)
2019-08-23 10:07:07,628 [pool-494-thread-1] INFO  server.RaftServerConfigKeys (ConfUtils.java:logGet(43)) - raft.server.log.segment.cache.num.max = 2 (custom)
2019-08-23 10:07:07,628 [pool-494-thread-1] INFO  segmented.SegmentedRaftLogWorker (SegmentedRaftLogWorker.java:<init>(172)) - new 80f273f3-706b-492f-9f47-fe3dda8bc170-SegmentedRaftLogWorker:Storage Directory /workdir/hadoop-ozone/integration-test/target/test-dir/MiniOzoneClusterImpl-b7a8e372-3268-47e4-95e4-1baa8ccb0650/datanode-5/data/ratis/3782260a-7759-40f8-9a52-3abd68c0dbe7 for RaftStorage:Storage Directory /workdir/hadoop-ozone/integration-test/target/test-dir/MiniOzoneClusterImpl-b7a8e372-3268-47e4-95e4-1baa8ccb0650/datanode-5/data/ratis/3782260a-7759-40f8-9a52-3abd68c0dbe7
2019-08-23 10:07:07,628 [pool-494-thread-1] INFO  server.RaftServerConfigKeys (ConfUtils.java:logGet(43)) - raft.server.log.queue.byte-limit = 2147483647 (custom)
2019-08-23 10:07:07,628 [pool-494-thread-1] INFO  server.RaftServerConfigKeys (ConfUtils.java:logGet(43)) - raft.server.log.queue.element-limit = 1024 (custom)
2019-08-23 10:07:07,628 [pool-494-thread-1] INFO  server.RaftServerConfigKeys (ConfUtils.java:logGet(43)) - raft.server.log.segment.size.max = 1048576 (custom)
2019-08-23 10:07:07,628 [pool-494-thread-1] INFO  server.RaftServerConfigKeys (ConfUtils.java:logGet(43)) - raft.server.log.preallocated.size = 16384 (custom)
2019-08-23 10:07:07,628 [pool-494-thread-1] INFO  server.RaftServerConfigKeys (ConfUtils.java:logGet(43)) - raft.server.log.write.buffer.size = 33554432 (custom)
2019-08-23 10:07:07,628 [pool-494-thread-1] INFO  server.RaftServerConfigKeys (ConfUtils.java:logGet(43)) - raft.server.log.force.sync.num = 128 (default)
2019-08-23 10:07:07,629 [pool-494-thread-1] INFO  server.RaftServerConfigKeys (ConfUtils.java:logGet(43)) - raft.server.log.statemachine.data.sync = true (default)
2019-08-23 10:07:07,629 [pool-494-thread-1] INFO  server.RaftServerConfigKeys (ConfUtils.java:logGet(43)) - raft.server.log.statemachine.data.sync.timeout = 10s (default)
2019-08-23 10:07:07,629 [pool-494-thread-1] INFO  server.RaftServerConfigKeys (ConfUtils.java:logGet(43)) - raft.server.log.statemachine.data.sync.timeout.retry = -1 (default)
2019-08-23 10:07:07,629 [pool-494-thread-1] INFO  server.RaftServerConfigKeys (ConfUtils.java:logGet(43)) - raft.server.log.statemachine.data.caching.enabled = true (custom)
2019-08-23 10:07:07,629 [pool-494-thread-1] INFO  segmented.SegmentedRaftLogWorker (SegmentedRaftLogWorker.java:lambda$new$0(132)) - 80f273f3-706b-492f-9f47-fe3dda8bc170-SegmentedRaftLogWorker:Storage Directory /workdir/hadoop-ozone/integration-test/target/test-dir/MiniOzoneClusterImpl-b7a8e372-3268-47e4-95e4-1baa8ccb0650/datanode-5/data/ratis/3782260a-7759-40f8-9a52-3abd68c0dbe7: flushIndex: setUnconditionally 0 -> -1
2019-08-23 10:07:07,630 [pool-494-thread-1] INFO  server.RaftServerConfigKeys (ConfUtils.java:logGet(43)) - raft.server.snapshot.auto.trigger.enabled = true (custom)
2019-08-23 10:07:07,630 [pool-494-thread-1] INFO  server.RaftServerConfigKeys (ConfUtils.java:logGet(43)) - raft.server.snapshot.auto.trigger.threshold = 10000 (custom)
2019-08-23 10:07:07,630 [pool-494-thread-1] INFO  server.RaftServerConfigKeys (ConfUtils.java:logGet(43)) - raft.server.retrycache.expirytime = 600000ms (custom)
2019-08-23 10:07:07,630 [pool-494-thread-1] INFO  impl.RaftServerImpl (RaftServerImpl.java:start(180)) - 80f273f3-706b-492f-9f47-fe3dda8bc170: start group-3ABD68C0DBE7
2019-08-23 10:07:07,630 [pool-494-thread-1] INFO  impl.RaftServerImpl (RaftServerImpl.java:setRole(171)) - 80f273f3-706b-492f-9f47-fe3dda8bc170:group-3ABD68C0DBE7 changes role from null to FOLLOWER at term 0 for startAsFollower
2019-08-23 10:07:07,630 [pool-494-thread-1] INFO  impl.RoleInfo (RoleInfo.java:updateAndGet(143)) - 80f273f3-706b-492f-9f47-fe3dda8bc170: start FollowerState
2019-08-23 10:07:07,631 [pool-494-thread-1] INFO  util.JmxRegister (JmxRegister.java:tryRegister(44)) - Successfully registered JMX Bean with object name Ratis:service=RaftServer,group=group-3ABD68C0DBE7,id=80f273f3-706b-492f-9f47-fe3dda8bc170
2019-08-23 10:07:07,636 [RatisPipelineUtilsThread] INFO  pipeline.PipelineStateManager (PipelineStateManager.java:addPipeline(56)) - Created pipeline Pipeline[ Id: 3782260a-7759-40f8-9a52-3abd68c0dbe7, Nodes: 80f273f3-706b-492f-9f47-fe3dda8bc170{ip: 192.168.5.185, host: pr-hdds-1094-w8cgz-2737508714, networkLocation: /default-rack, certSerialId: null}, Type:RATIS, Factor:ONE, State:OPEN]
2019-08-23 10:07:07,647 [grpc-default-executor-4] INFO  impl.RaftServerProxy (RaftServerProxy.java:addNew(89)) - 80f273f3-706b-492f-9f47-fe3dda8bc170: addNew group-9FC0456768B7:[bba6b2d4-c4a5-4c91-8048-dc3b2f1adf2c:192.168.5.185:36607, 5494ee63-e09e-4df3-b4cd-311d875bc122:192.168.5.185:46815, 80f273f3-706b-492f-9f47-fe3dda8bc170:192.168.5.185:45231] returns group-9FC0456768B7:java.util.concurrent.CompletableFuture@44ca2d01[Not completed]
2019-08-23 10:07:07,647 [grpc-default-executor-6] INFO  impl.RaftServerProxy (RaftServerProxy.java:addNew(89)) - 5494ee63-e09e-4df3-b4cd-311d875bc122: addNew group-9FC0456768B7:[bba6b2d4-c4a5-4c91-8048-dc3b2f1adf2c:192.168.5.185:36607, 5494ee63-e09e-4df3-b4cd-311d875bc122:192.168.5.185:46815, 80f273f3-706b-492f-9f47-fe3dda8bc170:192.168.5.185:45231] returns group-9FC0456768B7:java.util.concurrent.CompletableFuture@4f19ff13[Not completed]
2019-08-23 10:07:07,647 [grpc-default-executor-8] INFO  impl.RaftServerProxy (RaftServerProxy.java:addNew(89)) - bba6b2d4-c4a5-4c91-8048-dc3b2f1adf2c: addNew group-9FC0456768B7:[bba6b2d4-c4a5-4c91-8048-dc3b2f1adf2c:192.168.5.185:36607, 5494ee63-e09e-4df3-b4cd-311d875bc122:192.168.5.185:46815, 80f273f3-706b-492f-9f47-fe3dda8bc170:192.168.5.185:45231] returns group-9FC0456768B7:java.util.concurrent.CompletableFuture@5a3d399f[Not completed]
2019-08-23 10:07:07,648 [pool-494-thread-1] INFO  impl.RaftServerImpl (RaftServerImpl.java:<init>(93)) - 80f273f3-706b-492f-9f47-fe3dda8bc170: new RaftServerImpl for group-9FC0456768B7:[bba6b2d4-c4a5-4c91-8048-dc3b2f1adf2c:192.168.5.185:36607, 5494ee63-e09e-4df3-b4cd-311d875bc122:192.168.5.185:46815, 80f273f3-706b-492f-9f47-fe3dda8bc170:192.168.5.185:45231] with ContainerStateMachine:uninitialized
2019-08-23 10:07:07,648 [pool-494-thread-1] INFO  server.RaftServerConfigKeys (ConfUtils.java:logGet(43)) - raft.server.rpc.timeout.min = 5s (custom)
2019-08-23 10:07:07,648 [pool-494-thread-1] INFO  server.RaftServerConfigKeys (ConfUtils.java:logGet(43)) - raft.server.rpc.timeout.max = 5200ms (custom)
2019-08-23 10:07:07,648 [pool-494-thread-1] INFO  server.RaftServerConfigKeys (ConfUtils.java:logGet(43)) - raft.server.rpcslowness.timeout = 120s (custom)
2019-08-23 10:07:07,648 [pool-494-thread-1] INFO  server.RaftServerConfigKeys (ConfUtils.java:logGet(43)) - raft.server.sleep.deviation.threshold = 300 (default)
2019-08-23 10:07:07,648 [pool-472-thread-1] INFO  impl.RaftServerImpl (RaftServerImpl.java:<init>(93)) - bba6b2d4-c4a5-4c91-8048-dc3b2f1adf2c: new RaftServerImpl for group-9FC0456768B7:[bba6b2d4-c4a5-4c91-8048-dc3b2f1adf2c:192.168.5.185:36607, 5494ee63-e09e-4df3-b4cd-311d875bc122:192.168.5.185:46815, 80f273f3-706b-492f-9f47-fe3dda8bc170:192.168.5.185:45231] with ContainerStateMachine:uninitialized
2019-08-23 10:07:07,648 [pool-494-thread-1] INFO  server.RaftServerConfigKeys (ConfUtils.java:logGet(43)) - raft.server.log.appender.install.snapshot.enabled = false (custom)
2019-08-23 10:07:07,648 [pool-472-thread-1] INFO  server.RaftServerConfigKeys (ConfUtils.java:logGet(43)) - raft.server.rpc.timeout.min = 5s (custom)
2019-08-23 10:07:07,649 [pool-494-thread-1] INFO  impl.RaftServerImpl (ServerState.java:<init>(105)) - 80f273f3-706b-492f-9f47-fe3dda8bc170:group-9FC0456768B7 ConfigurationManager, init=-1: [bba6b2d4-c4a5-4c91-8048-dc3b2f1adf2c:192.168.5.185:36607, 5494ee63-e09e-4df3-b4cd-311d875bc122:192.168.5.185:46815, 80f273f3-706b-492f-9f47-fe3dda8bc170:192.168.5.185:45231], old=null, confs=<EMPTY_MAP>
2019-08-23 10:07:07,649 [pool-472-thread-1] INFO  server.RaftServerConfigKeys (ConfUtils.java:logGet(43)) - raft.server.rpc.timeout.max = 5200ms (custom)
2019-08-23 10:07:07,649 [pool-483-thread-1] INFO  impl.RaftServerImpl (RaftServerImpl.java:<init>(93)) - 5494ee63-e09e-4df3-b4cd-311d875bc122: new RaftServerImpl for group-9FC0456768B7:[bba6b2d4-c4a5-4c91-8048-dc3b2f1adf2c:192.168.5.185:36607, 5494ee63-e09e-4df3-b4cd-311d875bc122:192.168.5.185:46815, 80f273f3-706b-492f-9f47-fe3dda8bc170:192.168.5.185:45231] with ContainerStateMachine:uninitialized
2019-08-23 10:07:07,649 [pool-494-thread-1] INFO  server.RaftServerConfigKeys (ConfUtils.java:logGet(43)) - raft.server.storage.dir = [/workdir/hadoop-ozone/integration-test/target/test-dir/MiniOzoneClusterImpl-b7a8e372-3268-47e4-95e4-1baa8ccb0650/datanode-5/data/ratis] (custom)
2019-08-23 10:07:07,649 [pool-483-thread-1] INFO  server.RaftServerConfigKeys (ConfUtils.java:logGet(43)) - raft.server.rpc.timeout.min = 5s (custom)
2019-08-23 10:07:07,649 [pool-472-thread-1] INFO  server.RaftServerConfigKeys (ConfUtils.java:logGet(43)) - raft.server.rpcslowness.timeout = 120s (custom)
2019-08-23 10:07:07,649 [pool-494-thread-1] INFO  storage.RaftStorageDirectory (RaftStorageDirectory.java:analyzeStorage(246)) - The storage directory /workdir/hadoop-ozone/integration-test/target/test-dir/MiniOzoneClusterImpl-b7a8e372-3268-47e4-95e4-1baa8ccb0650/datanode-5/data/ratis/1a23999a-518f-4643-b138-9fc0456768b7 does not exist. Creating ...
2019-08-23 10:07:07,649 [pool-483-thread-1] INFO  server.RaftServerConfigKeys (ConfUtils.java:logGet(43)) - raft.server.rpc.timeout.max = 5200ms (custom)
2019-08-23 10:07:07,649 [pool-472-thread-1] INFO  server.RaftServerConfigKeys (ConfUtils.java:logGet(43)) - raft.server.sleep.deviation.threshold = 300 (default)
2019-08-23 10:07:07,650 [pool-483-thread-1] INFO  server.RaftServerConfigKeys (ConfUtils.java:logGet(43)) - raft.server.rpcslowness.timeout = 120s (custom)
2019-08-23 10:07:07,650 [pool-472-thread-1] INFO  server.RaftServerConfigKeys (ConfUtils.java:logGet(43)) - raft.server.log.appender.install.snapshot.enabled = false (custom)
2019-08-23 10:07:07,650 [pool-483-thread-1] INFO  server.RaftServerConfigKeys (ConfUtils.java:logGet(43)) - raft.server.sleep.deviation.threshold = 300 (default)
2019-08-23 10:07:07,650 [pool-472-thread-1] INFO  impl.RaftServerImpl (ServerState.java:<init>(105)) - bba6b2d4-c4a5-4c91-8048-dc3b2f1adf2c:group-9FC0456768B7 ConfigurationManager, init=-1: [bba6b2d4-c4a5-4c91-8048-dc3b2f1adf2c:192.168.5.185:36607, 5494ee63-e09e-4df3-b4cd-311d875bc122:192.168.5.185:46815, 80f273f3-706b-492f-9f47-fe3dda8bc170:192.168.5.185:45231], old=null, confs=<EMPTY_MAP>
2019-08-23 10:07:07,650 [pool-483-thread-1] INFO  server.RaftServerConfigKeys (ConfUtils.java:logGet(43)) - raft.server.log.appender.install.snapshot.enabled = false (custom)
2019-08-23 10:07:07,650 [pool-472-thread-1] INFO  server.RaftServerConfigKeys (ConfUtils.java:logGet(43)) - raft.server.storage.dir = [/workdir/hadoop-ozone/integration-test/target/test-dir/MiniOzoneClusterImpl-b7a8e372-3268-47e4-95e4-1baa8ccb0650/datanode-3/data/ratis] (custom)
2019-08-23 10:07:07,650 [pool-483-thread-1] INFO  impl.RaftServerImpl (ServerState.java:<init>(105)) - 5494ee63-e09e-4df3-b4cd-311d875bc122:group-9FC0456768B7 ConfigurationManager, init=-1: [bba6b2d4-c4a5-4c91-8048-dc3b2f1adf2c:192.168.5.185:36607, 5494ee63-e09e-4df3-b4cd-311d875bc122:192.168.5.185:46815, 80f273f3-706b-492f-9f47-fe3dda8bc170:192.168.5.185:45231], old=null, confs=<EMPTY_MAP>
2019-08-23 10:07:07,651 [pool-483-thread-1] INFO  server.RaftServerConfigKeys (ConfUtils.java:logGet(43)) - raft.server.storage.dir = [/workdir/hadoop-ozone/integration-test/target/test-dir/MiniOzoneClusterImpl-b7a8e372-3268-47e4-95e4-1baa8ccb0650/datanode-4/data/ratis] (custom)
2019-08-23 10:07:07,651 [pool-472-thread-1] INFO  storage.RaftStorageDirectory (RaftStorageDirectory.java:analyzeStorage(246)) - The storage directory /workdir/hadoop-ozone/integration-test/target/test-dir/MiniOzoneClusterImpl-b7a8e372-3268-47e4-95e4-1baa8ccb0650/datanode-3/data/ratis/1a23999a-518f-4643-b138-9fc0456768b7 does not exist. Creating ...
2019-08-23 10:07:07,651 [pool-483-thread-1] INFO  storage.RaftStorageDirectory (RaftStorageDirectory.java:analyzeStorage(246)) - The storage directory /workdir/hadoop-ozone/integration-test/target/test-dir/MiniOzoneClusterImpl-b7a8e372-3268-47e4-95e4-1baa8ccb0650/datanode-4/data/ratis/1a23999a-518f-4643-b138-9fc0456768b7 does not exist. Creating ...
2019-08-23 10:07:07,663 [pool-494-thread-1] INFO  storage.RaftStorageDirectory (RaftStorageDirectory.java:tryLock(328)) - Lock on /workdir/hadoop-ozone/integration-test/target/test-dir/MiniOzoneClusterImpl-b7a8e372-3268-47e4-95e4-1baa8ccb0650/datanode-5/data/ratis/1a23999a-518f-4643-b138-9fc0456768b7/in_use.lock acquired by nodename 29324@pr-hdds-1094-w8cgz-2737508714
2019-08-23 10:07:07,663 [pool-472-thread-1] INFO  storage.RaftStorageDirectory (RaftStorageDirectory.java:tryLock(328)) - Lock on /workdir/hadoop-ozone/integration-test/target/test-dir/MiniOzoneClusterImpl-b7a8e372-3268-47e4-95e4-1baa8ccb0650/datanode-3/data/ratis/1a23999a-518f-4643-b138-9fc0456768b7/in_use.lock acquired by nodename 29324@pr-hdds-1094-w8cgz-2737508714
2019-08-23 10:07:07,663 [pool-483-thread-1] INFO  storage.RaftStorageDirectory (RaftStorageDirectory.java:tryLock(328)) - Lock on /workdir/hadoop-ozone/integration-test/target/test-dir/MiniOzoneClusterImpl-b7a8e372-3268-47e4-95e4-1baa8ccb0650/datanode-4/data/ratis/1a23999a-518f-4643-b138-9fc0456768b7/in_use.lock acquired by nodename 29324@pr-hdds-1094-w8cgz-2737508714
2019-08-23 10:07:07,677 [pool-494-thread-1] INFO  storage.RaftStorage (RaftStorage.java:format(72)) - Storage directory /workdir/hadoop-ozone/integration-test/target/test-dir/MiniOzoneClusterImpl-b7a8e372-3268-47e4-95e4-1baa8ccb0650/datanode-5/data/ratis/1a23999a-518f-4643-b138-9fc0456768b7 has been successfully formatted.
2019-08-23 10:07:07,677 [pool-483-thread-1] INFO  storage.RaftStorage (RaftStorage.java:format(72)) - Storage directory /workdir/hadoop-ozone/integration-test/target/test-dir/MiniOzoneClusterImpl-b7a8e372-3268-47e4-95e4-1baa8ccb0650/datanode-4/data/ratis/1a23999a-518f-4643-b138-9fc0456768b7 has been successfully formatted.
2019-08-23 10:07:07,677 [pool-494-thread-1] INFO  ratis.ContainerStateMachine (ContainerStateMachine.java:loadSnapshot(226)) - group-9FC0456768B7: The snapshot info is null. Setting the last applied indexto:(t:0, i:~)
2019-08-23 10:07:07,677 [pool-472-thread-1] INFO  storage.RaftStorage (RaftStorage.java:format(72)) - Storage directory /workdir/hadoop-ozone/integration-test/target/test-dir/MiniOzoneClusterImpl-b7a8e372-3268-47e4-95e4-1baa8ccb0650/datanode-3/data/ratis/1a23999a-518f-4643-b138-9fc0456768b7 has been successfully formatted.
2019-08-23 10:07:07,677 [pool-494-thread-1] INFO  server.RaftServerConfigKeys (ConfUtils.java:logGet(43)) - raft.server.leader.election.timeout = 120s (custom)
2019-08-23 10:07:07,677 [pool-483-thread-1] INFO  ratis.ContainerStateMachine (ContainerStateMachine.java:loadSnapshot(226)) - group-9FC0456768B7: The snapshot info is null. Setting the last applied indexto:(t:0, i:~)
2019-08-23 10:07:07,678 [pool-494-thread-1] INFO  server.RaftServerConfigKeys (ConfUtils.java:logGet(43)) - raft.server.log.use.memory = false (default)
2019-08-23 10:07:07,678 [pool-472-thread-1] INFO  ratis.ContainerStateMachine (ContainerStateMachine.java:loadSnapshot(226)) - group-9FC0456768B7: The snapshot info is null. Setting the last applied indexto:(t:0, i:~)
2019-08-23 10:07:07,678 [pool-494-thread-1] INFO  server.RaftServerConfigKeys (ConfUtils.java:logGet(43)) - raft.server.log.purge.gap = 1000000 (custom)
2019-08-23 10:07:07,678 [pool-483-thread-1] INFO  server.RaftServerConfigKeys (ConfUtils.java:logGet(43)) - raft.server.leader.election.timeout = 120s (custom)
2019-08-23 10:07:07,678 [pool-494-thread-1] INFO  server.RaftServerConfigKeys (ConfUtils.java:logGet(43)) - raft.server.log.appender.buffer.byte-limit = 33554432 (custom)
2019-08-23 10:07:07,678 [pool-472-thread-1] INFO  server.RaftServerConfigKeys (ConfUtils.java:logGet(43)) - raft.server.leader.election.timeout = 120s (custom)
2019-08-23 10:07:07,678 [pool-494-thread-1] INFO  server.RaftServerConfigKeys (ConfUtils.java:logGet(43)) - raft.server.log.segment.size.max = 1048576 (custom)
2019-08-23 10:07:07,678 [pool-483-thread-1] INFO  server.RaftServerConfigKeys (ConfUtils.java:logGet(43)) - raft.server.log.use.memory = false (default)
2019-08-23 10:07:07,679 [pool-494-thread-1] INFO  server.RaftServerConfigKeys (ConfUtils.java:logGet(43)) - raft.server.log.segment.cache.num.max = 2 (custom)
2019-08-23 10:07:07,679 [pool-472-thread-1] INFO  server.RaftServerConfigKeys (ConfUtils.java:logGet(43)) - raft.server.log.use.memory = false (default)
2019-08-23 10:07:07,679 [pool-494-thread-1] INFO  segmented.SegmentedRaftLogWorker (SegmentedRaftLogWorker.java:<init>(172)) - new 80f273f3-706b-492f-9f47-fe3dda8bc170-SegmentedRaftLogWorker:Storage Directory /workdir/hadoop-ozone/integration-test/target/test-dir/MiniOzoneClusterImpl-b7a8e372-3268-47e4-95e4-1baa8ccb0650/datanode-5/data/ratis/1a23999a-518f-4643-b138-9fc0456768b7 for RaftStorage:Storage Directory /workdir/hadoop-ozone/integration-test/target/test-dir/MiniOzoneClusterImpl-b7a8e372-3268-47e4-95e4-1baa8ccb0650/datanode-5/data/ratis/1a23999a-518f-4643-b138-9fc0456768b7
2019-08-23 10:07:07,679 [pool-483-thread-1] INFO  server.RaftServerConfigKeys (ConfUtils.java:logGet(43)) - raft.server.log.purge.gap = 1000000 (custom)
2019-08-23 10:07:07,679 [pool-494-thread-1] INFO  server.RaftServerConfigKeys (ConfUtils.java:logGet(43)) - raft.server.log.queue.byte-limit = 2147483647 (custom)
2019-08-23 10:07:07,679 [pool-494-thread-1] INFO  server.RaftServerConfigKeys (ConfUtils.java:logGet(43)) - raft.server.log.queue.element-limit = 1024 (custom)
2019-08-23 10:07:07,679 [pool-472-thread-1] INFO  server.RaftServerConfigKeys (ConfUtils.java:logGet(43)) - raft.server.log.purge.gap = 1000000 (custom)
2019-08-23 10:07:07,680 [pool-494-thread-1] INFO  server.RaftServerConfigKeys (ConfUtils.java:logGet(43)) - raft.server.log.segment.size.max = 1048576 (custom)
2019-08-23 10:07:07,679 [pool-483-thread-1] INFO  server.RaftServerConfigKeys (ConfUtils.java:logGet(43)) - raft.server.log.appender.buffer.byte-limit = 33554432 (custom)
2019-08-23 10:07:07,680 [pool-494-thread-1] INFO  server.RaftServerConfigKeys (ConfUtils.java:logGet(43)) - raft.server.log.preallocated.size = 16384 (custom)
2019-08-23 10:07:07,680 [pool-472-thread-1] INFO  server.RaftServerConfigKeys (ConfUtils.java:logGet(43)) - raft.server.log.appender.buffer.byte-limit = 33554432 (custom)
2019-08-23 10:07:07,680 [pool-494-thread-1] INFO  server.RaftServerConfigKeys (ConfUtils.java:logGet(43)) - raft.server.log.write.buffer.size = 33554432 (custom)
2019-08-23 10:07:07,680 [pool-494-thread-1] INFO  server.RaftServerConfigKeys (ConfUtils.java:logGet(43)) - raft.server.log.force.sync.num = 128 (default)
2019-08-23 10:07:07,680 [pool-483-thread-1] INFO  server.RaftServerConfigKeys (ConfUtils.java:logGet(43)) - raft.server.log.segment.size.max = 1048576 (custom)
2019-08-23 10:07:07,680 [pool-494-thread-1] INFO  server.RaftServerConfigKeys (ConfUtils.java:logGet(43)) - raft.server.log.statemachine.data.sync = true (default)
2019-08-23 10:07:07,680 [pool-472-thread-1] INFO  server.RaftServerConfigKeys (ConfUtils.java:logGet(43)) - raft.server.log.segment.size.max = 1048576 (custom)
2019-08-23 10:07:07,681 [pool-494-thread-1] INFO  server.RaftServerConfigKeys (ConfUtils.java:logGet(43)) - raft.server.log.statemachine.data.sync.timeout = 10s (default)
2019-08-23 10:07:07,681 [pool-483-thread-1] INFO  server.RaftServerConfigKeys (ConfUtils.java:logGet(43)) - raft.server.log.segment.cache.num.max = 2 (custom)
2019-08-23 10:07:07,681 [pool-494-thread-1] INFO  server.RaftServerConfigKeys (ConfUtils.java:logGet(43)) - raft.server.log.statemachine.data.sync.timeout.retry = -1 (default)
2019-08-23 10:07:07,681 [pool-472-thread-1] INFO  server.RaftServerConfigKeys (ConfUtils.java:logGet(43)) - raft.server.log.segment.cache.num.max = 2 (custom)
2019-08-23 10:07:07,681 [pool-494-thread-1] INFO  server.RaftServerConfigKeys (ConfUtils.java:logGet(43)) - raft.server.log.statemachine.data.caching.enabled = true (custom)
2019-08-23 10:07:07,681 [pool-483-thread-1] INFO  segmented.SegmentedRaftLogWorker (SegmentedRaftLogWorker.java:<init>(172)) - new 5494ee63-e09e-4df3-b4cd-311d875bc122-SegmentedRaftLogWorker:Storage Directory /workdir/hadoop-ozone/integration-test/target/test-dir/MiniOzoneClusterImpl-b7a8e372-3268-47e4-95e4-1baa8ccb0650/datanode-4/data/ratis/1a23999a-518f-4643-b138-9fc0456768b7 for RaftStorage:Storage Directory /workdir/hadoop-ozone/integration-test/target/test-dir/MiniOzoneClusterImpl-b7a8e372-3268-47e4-95e4-1baa8ccb0650/datanode-4/data/ratis/1a23999a-518f-4643-b138-9fc0456768b7
2019-08-23 10:07:07,682 [pool-494-thread-1] INFO  segmented.SegmentedRaftLogWorker (SegmentedRaftLogWorker.java:lambda$new$0(132)) - 80f273f3-706b-492f-9f47-fe3dda8bc170-SegmentedRaftLogWorker:Storage Directory /workdir/hadoop-ozone/integration-test/target/test-dir/MiniOzoneClusterImpl-b7a8e372-3268-47e4-95e4-1baa8ccb0650/datanode-5/data/ratis/1a23999a-518f-4643-b138-9fc0456768b7: flushIndex: setUnconditionally 0 -> -1
2019-08-23 10:07:07,681 [pool-472-thread-1] INFO  segmented.SegmentedRaftLogWorker (SegmentedRaftLogWorker.java:<init>(172)) - new bba6b2d4-c4a5-4c91-8048-dc3b2f1adf2c-SegmentedRaftLogWorker:Storage Directory /workdir/hadoop-ozone/integration-test/target/test-dir/MiniOzoneClusterImpl-b7a8e372-3268-47e4-95e4-1baa8ccb0650/datanode-3/data/ratis/1a23999a-518f-4643-b138-9fc0456768b7 for RaftStorage:Storage Directory /workdir/hadoop-ozone/integration-test/target/test-dir/MiniOzoneClusterImpl-b7a8e372-3268-47e4-95e4-1baa8ccb0650/datanode-3/data/ratis/1a23999a-518f-4643-b138-9fc0456768b7
2019-08-23 10:07:07,682 [pool-483-thread-1] INFO  server.RaftServerConfigKeys (ConfUtils.java:logGet(43)) - raft.server.log.queue.byte-limit = 2147483647 (custom)
2019-08-23 10:07:07,682 [pool-472-thread-1] INFO  server.RaftServerConfigKeys (ConfUtils.java:logGet(43)) - raft.server.log.queue.byte-limit = 2147483647 (custom)
2019-08-23 10:07:07,682 [pool-494-thread-1] INFO  server.RaftServerConfigKeys (ConfUtils.java:logGet(43)) - raft.server.snapshot.auto.trigger.enabled = true (custom)
2019-08-23 10:07:07,682 [pool-472-thread-1] INFO  server.RaftServerConfigKeys (ConfUtils.java:logGet(43)) - raft.server.log.queue.element-limit = 1024 (custom)
2019-08-23 10:07:07,682 [pool-483-thread-1] INFO  server.RaftServerConfigKeys (ConfUtils.java:logGet(43)) - raft.server.log.queue.element-limit = 1024 (custom)
2019-08-23 10:07:07,682 [pool-472-thread-1] INFO  server.RaftServerConfigKeys (ConfUtils.java:logGet(43)) - raft.server.log.segment.size.max = 1048576 (custom)
2019-08-23 10:07:07,682 [pool-494-thread-1] INFO  server.RaftServerConfigKeys (ConfUtils.java:logGet(43)) - raft.server.snapshot.auto.trigger.threshold = 10000 (custom)
2019-08-23 10:07:07,683 [pool-472-thread-1] INFO  server.RaftServerConfigKeys (ConfUtils.java:logGet(43)) - raft.server.log.preallocated.size = 16384 (custom)
2019-08-23 10:07:07,683 [pool-483-thread-1] INFO  server.RaftServerConfigKeys (ConfUtils.java:logGet(43)) - raft.server.log.segment.size.max = 1048576 (custom)
2019-08-23 10:07:07,683 [pool-472-thread-1] INFO  server.RaftServerConfigKeys (ConfUtils.java:logGet(43)) - raft.server.log.write.buffer.size = 33554432 (custom)
2019-08-23 10:07:07,683 [pool-494-thread-1] INFO  server.RaftServerConfigKeys (ConfUtils.java:logGet(43)) - raft.server.retrycache.expirytime = 600000ms (custom)
2019-08-23 10:07:07,683 [pool-472-thread-1] INFO  server.RaftServerConfigKeys (ConfUtils.java:logGet(43)) - raft.server.log.force.sync.num = 128 (default)
2019-08-23 10:07:07,683 [pool-483-thread-1] INFO  server.RaftServerConfigKeys (ConfUtils.java:logGet(43)) - raft.server.log.preallocated.size = 16384 (custom)
2019-08-23 10:07:07,683 [pool-472-thread-1] INFO  server.RaftServerConfigKeys (ConfUtils.java:logGet(43)) - raft.server.log.statemachine.data.sync = true (default)
2019-08-23 10:07:07,683 [pool-494-thread-1] INFO  impl.RaftServerImpl (RaftServerImpl.java:start(180)) - 80f273f3-706b-492f-9f47-fe3dda8bc170: start group-9FC0456768B7
2019-08-23 10:07:07,684 [pool-472-thread-1] INFO  server.RaftServerConfigKeys (ConfUtils.java:logGet(43)) - raft.server.log.statemachine.data.sync.timeout = 10s (default)
2019-08-23 10:07:07,684 [pool-483-thread-1] INFO  server.RaftServerConfigKeys (ConfUtils.java:logGet(43)) - raft.server.log.write.buffer.size = 33554432 (custom)
2019-08-23 10:07:07,684 [pool-472-thread-1] INFO  server.RaftServerConfigKeys (ConfUtils.java:logGet(43)) - raft.server.log.statemachine.data.sync.timeout.retry = -1 (default)
2019-08-23 10:07:07,684 [pool-494-thread-1] INFO  impl.RaftServerImpl (RaftServerImpl.java:setRole(171)) - 80f273f3-706b-492f-9f47-fe3dda8bc170:group-9FC0456768B7 changes role from null to FOLLOWER at term 0 for startAsFollower
2019-08-23 10:07:07,684 [pool-472-thread-1] INFO  server.RaftServerConfigKeys (ConfUtils.java:logGet(43)) - raft.server.log.statemachine.data.caching.enabled = true (custom)
2019-08-23 10:07:07,684 [pool-483-thread-1] INFO  server.RaftServerConfigKeys (ConfUtils.java:logGet(43)) - raft.server.log.force.sync.num = 128 (default)
2019-08-23 10:07:07,684 [pool-494-thread-1] INFO  impl.RoleInfo (RoleInfo.java:updateAndGet(143)) - 80f273f3-706b-492f-9f47-fe3dda8bc170: start FollowerState
2019-08-23 10:07:07,685 [pool-472-thread-1] INFO  segmented.SegmentedRaftLogWorker (SegmentedRaftLogWorker.java:lambda$new$0(132)) - bba6b2d4-c4a5-4c91-8048-dc3b2f1adf2c-SegmentedRaftLogWorker:Storage Directory /workdir/hadoop-ozone/integration-test/target/test-dir/MiniOzoneClusterImpl-b7a8e372-3268-47e4-95e4-1baa8ccb0650/datanode-3/data/ratis/1a23999a-518f-4643-b138-9fc0456768b7: flushIndex: setUnconditionally 0 -> -1
2019-08-23 10:07:07,685 [pool-483-thread-1] INFO  server.RaftServerConfigKeys (ConfUtils.java:logGet(43)) - raft.server.log.statemachine.data.sync = true (default)
2019-08-23 10:07:07,685 [pool-494-thread-1] INFO  util.JmxRegister (JmxRegister.java:tryRegister(44)) - Successfully registered JMX Bean with object name Ratis:service=RaftServer,group=group-9FC0456768B7,id=80f273f3-706b-492f-9f47-fe3dda8bc170
2019-08-23 10:07:07,685 [pool-483-thread-1] INFO  server.RaftServerConfigKeys (ConfUtils.java:logGet(43)) - raft.server.log.statemachine.data.sync.timeout = 10s (default)
2019-08-23 10:07:07,685 [pool-472-thread-1] INFO  server.RaftServerConfigKeys (ConfUtils.java:logGet(43)) - raft.server.snapshot.auto.trigger.enabled = true (custom)
2019-08-23 10:07:07,685 [pool-483-thread-1] INFO  server.RaftServerConfigKeys (ConfUtils.java:logGet(43)) - raft.server.log.statemachine.data.sync.timeout.retry = -1 (default)
2019-08-23 10:07:07,685 [pool-472-thread-1] INFO  server.RaftServerConfigKeys (ConfUtils.java:logGet(43)) - raft.server.snapshot.auto.trigger.threshold = 10000 (custom)
2019-08-23 10:07:07,686 [pool-483-thread-1] INFO  server.RaftServerConfigKeys (ConfUtils.java:logGet(43)) - raft.server.log.statemachine.data.caching.enabled = true (custom)
2019-08-23 10:07:07,686 [pool-472-thread-1] INFO  server.RaftServerConfigKeys (ConfUtils.java:logGet(43)) - raft.server.retrycache.expirytime = 600000ms (custom)
2019-08-23 10:07:07,686 [pool-472-thread-1] INFO  impl.RaftServerImpl (RaftServerImpl.java:start(180)) - bba6b2d4-c4a5-4c91-8048-dc3b2f1adf2c: start group-9FC0456768B7
2019-08-23 10:07:07,689 [pool-472-thread-1] INFO  impl.RaftServerImpl (RaftServerImpl.java:setRole(171)) - bba6b2d4-c4a5-4c91-8048-dc3b2f1adf2c:group-9FC0456768B7 changes role from null to FOLLOWER at term 0 for startAsFollower
2019-08-23 10:07:07,690 [pool-483-thread-1] INFO  segmented.SegmentedRaftLogWorker (SegmentedRaftLogWorker.java:lambda$new$0(132)) - 5494ee63-e09e-4df3-b4cd-311d875bc122-SegmentedRaftLogWorker:Storage Directory /workdir/hadoop-ozone/integration-test/target/test-dir/MiniOzoneClusterImpl-b7a8e372-3268-47e4-95e4-1baa8ccb0650/datanode-4/data/ratis/1a23999a-518f-4643-b138-9fc0456768b7: flushIndex: setUnconditionally 0 -> -1
2019-08-23 10:07:07,690 [pool-472-thread-1] INFO  impl.RoleInfo (RoleInfo.java:updateAndGet(143)) - bba6b2d4-c4a5-4c91-8048-dc3b2f1adf2c: start FollowerState
2019-08-23 10:07:07,690 [pool-483-thread-1] INFO  server.RaftServerConfigKeys (ConfUtils.java:logGet(43)) - raft.server.snapshot.auto.trigger.enabled = true (custom)
2019-08-23 10:07:07,690 [pool-483-thread-1] INFO  server.RaftServerConfigKeys (ConfUtils.java:logGet(43)) - raft.server.snapshot.auto.trigger.threshold = 10000 (custom)
2019-08-23 10:07:07,690 [pool-472-thread-1] INFO  util.JmxRegister (JmxRegister.java:tryRegister(44)) - Successfully registered JMX Bean with object name Ratis:service=RaftServer,group=group-9FC0456768B7,id=bba6b2d4-c4a5-4c91-8048-dc3b2f1adf2c
2019-08-23 10:07:07,690 [pool-483-thread-1] INFO  server.RaftServerConfigKeys (ConfUtils.java:logGet(43)) - raft.server.retrycache.expirytime = 600000ms (custom)
2019-08-23 10:07:07,690 [pool-483-thread-1] INFO  impl.RaftServerImpl (RaftServerImpl.java:start(180)) - 5494ee63-e09e-4df3-b4cd-311d875bc122: start group-9FC0456768B7
2019-08-23 10:07:07,691 [pool-483-thread-1] INFO  impl.RaftServerImpl (RaftServerImpl.java:setRole(171)) - 5494ee63-e09e-4df3-b4cd-311d875bc122:group-9FC0456768B7 changes role from null to FOLLOWER at term 0 for startAsFollower
2019-08-23 10:07:07,691 [pool-483-thread-1] INFO  impl.RoleInfo (RoleInfo.java:updateAndGet(143)) - 5494ee63-e09e-4df3-b4cd-311d875bc122: start FollowerState
2019-08-23 10:07:07,691 [pool-483-thread-1] INFO  util.JmxRegister (JmxRegister.java:tryRegister(44)) - Successfully registered JMX Bean with object name Ratis:service=RaftServer,group=group-9FC0456768B7,id=5494ee63-e09e-4df3-b4cd-311d875bc122
2019-08-23 10:07:07,698 [RatisPipelineUtilsThread] INFO  pipeline.PipelineStateManager (PipelineStateManager.java:addPipeline(56)) - Created pipeline Pipeline[ Id: 1a23999a-518f-4643-b138-9fc0456768b7, Nodes: bba6b2d4-c4a5-4c91-8048-dc3b2f1adf2c{ip: 192.168.5.185, host: pr-hdds-1094-w8cgz-2737508714, networkLocation: /default-rack, certSerialId: null}5494ee63-e09e-4df3-b4cd-311d875bc122{ip: 192.168.5.185, host: pr-hdds-1094-w8cgz-2737508714, networkLocation: /default-rack, certSerialId: null}80f273f3-706b-492f-9f47-fe3dda8bc170{ip: 192.168.5.185, host: pr-hdds-1094-w8cgz-2737508714, networkLocation: /default-rack, certSerialId: null}, Type:RATIS, Factor:THREE, State:OPEN]
2019-08-23 10:07:07,785 [main] INFO  ozone.MiniOzoneClusterImpl (MiniOzoneClusterImpl.java:lambda$waitForClusterToBeReady$0(142)) - Waiting for cluster to be ready. Got 6 of 7 DN Heartbeats.
2019-08-23 10:07:07,786 [IPC Server handler 5 on 37080] INFO  net.NetworkTopology (NetworkTopologyImpl.java:add(110)) - Added a new node: /default-rack/8453f9b2-d485-4adb-8d6d-ab08f3e408ba
2019-08-23 10:07:07,786 [IPC Server handler 5 on 37080] INFO  node.SCMNodeManager (SCMNodeManager.java:register(273)) - Registered Data node : 8453f9b2-d485-4adb-8d6d-ab08f3e408ba{ip: 192.168.5.185, host: pr-hdds-1094-w8cgz-2737508714, networkLocation: /default-rack, certSerialId: null}
2019-08-23 10:07:07,786 | INFO  | SCMAudit | user=jenkins1000 | ip=192.168.5.185 | op=REGISTER {datanodeDetails=8453f9b2-d485-4adb-8d6d-ab08f3e408ba{ip: 192.168.5.185, host: pr-hdds-1094-w8cgz-2737508714, networkLocation: /default-rack, certSerialId: null}} | ret=SUCCESS |  
2019-08-23 10:07:07,795 [grpc-default-executor-8] INFO  impl.RaftServerProxy (RaftServerProxy.java:addNew(89)) - 8453f9b2-d485-4adb-8d6d-ab08f3e408ba: addNew group-2538E0E21334:[8453f9b2-d485-4adb-8d6d-ab08f3e408ba:192.168.5.185:42281] returns group-2538E0E21334:java.util.concurrent.CompletableFuture@23a812e7[Not completed]
2019-08-23 10:07:07,797 [pool-505-thread-1] INFO  impl.RaftServerImpl (RaftServerImpl.java:<init>(93)) - 8453f9b2-d485-4adb-8d6d-ab08f3e408ba: new RaftServerImpl for group-2538E0E21334:[8453f9b2-d485-4adb-8d6d-ab08f3e408ba:192.168.5.185:42281] with ContainerStateMachine:uninitialized
2019-08-23 10:07:07,797 [pool-505-thread-1] INFO  server.RaftServerConfigKeys (ConfUtils.java:logGet(43)) - raft.server.rpc.timeout.min = 5s (custom)
2019-08-23 10:07:07,797 [pool-505-thread-1] INFO  server.RaftServerConfigKeys (ConfUtils.java:logGet(43)) - raft.server.rpc.timeout.max = 5200ms (custom)
2019-08-23 10:07:07,797 [pool-505-thread-1] INFO  server.RaftServerConfigKeys (ConfUtils.java:logGet(43)) - raft.server.rpcslowness.timeout = 120s (custom)
2019-08-23 10:07:07,798 [pool-505-thread-1] INFO  server.RaftServerConfigKeys (ConfUtils.java:logGet(43)) - raft.server.sleep.deviation.threshold = 300 (default)
2019-08-23 10:07:07,798 [pool-505-thread-1] INFO  server.RaftServerConfigKeys (ConfUtils.java:logGet(43)) - raft.server.log.appender.install.snapshot.enabled = false (custom)
2019-08-23 10:07:07,798 [pool-505-thread-1] INFO  impl.RaftServerImpl (ServerState.java:<init>(105)) - 8453f9b2-d485-4adb-8d6d-ab08f3e408ba:group-2538E0E21334 ConfigurationManager, init=-1: [8453f9b2-d485-4adb-8d6d-ab08f3e408ba:192.168.5.185:42281], old=null, confs=<EMPTY_MAP>
2019-08-23 10:07:07,798 [pool-505-thread-1] INFO  server.RaftServerConfigKeys (ConfUtils.java:logGet(43)) - raft.server.storage.dir = [/workdir/hadoop-ozone/integration-test/target/test-dir/MiniOzoneClusterImpl-b7a8e372-3268-47e4-95e4-1baa8ccb0650/datanode-6/data/ratis] (custom)
2019-08-23 10:07:07,798 [pool-505-thread-1] INFO  storage.RaftStorageDirectory (RaftStorageDirectory.java:analyzeStorage(246)) - The storage directory /workdir/hadoop-ozone/integration-test/target/test-dir/MiniOzoneClusterImpl-b7a8e372-3268-47e4-95e4-1baa8ccb0650/datanode-6/data/ratis/1fb3750e-d5e3-4694-819a-2538e0e21334 does not exist. Creating ...
2019-08-23 10:07:07,812 [pool-505-thread-1] INFO  storage.RaftStorageDirectory (RaftStorageDirectory.java:tryLock(328)) - Lock on /workdir/hadoop-ozone/integration-test/target/test-dir/MiniOzoneClusterImpl-b7a8e372-3268-47e4-95e4-1baa8ccb0650/datanode-6/data/ratis/1fb3750e-d5e3-4694-819a-2538e0e21334/in_use.lock acquired by nodename 29324@pr-hdds-1094-w8cgz-2737508714
2019-08-23 10:07:07,832 [pool-505-thread-1] INFO  storage.RaftStorage (RaftStorage.java:format(72)) - Storage directory /workdir/hadoop-ozone/integration-test/target/test-dir/MiniOzoneClusterImpl-b7a8e372-3268-47e4-95e4-1baa8ccb0650/datanode-6/data/ratis/1fb3750e-d5e3-4694-819a-2538e0e21334 has been successfully formatted.
2019-08-23 10:07:07,832 [pool-505-thread-1] INFO  ratis.ContainerStateMachine (ContainerStateMachine.java:loadSnapshot(226)) - group-2538E0E21334: The snapshot info is null. Setting the last applied indexto:(t:0, i:~)
2019-08-23 10:07:07,833 [pool-505-thread-1] INFO  server.RaftServerConfigKeys (ConfUtils.java:logGet(43)) - raft.server.leader.election.timeout = 120s (custom)
2019-08-23 10:07:07,833 [pool-505-thread-1] INFO  server.RaftServerConfigKeys (ConfUtils.java:logGet(43)) - raft.server.log.use.memory = false (default)
2019-08-23 10:07:07,833 [pool-505-thread-1] INFO  server.RaftServerConfigKeys (ConfUtils.java:logGet(43)) - raft.server.log.purge.gap = 1000000 (custom)
2019-08-23 10:07:07,833 [pool-505-thread-1] INFO  server.RaftServerConfigKeys (ConfUtils.java:logGet(43)) - raft.server.log.appender.buffer.byte-limit = 33554432 (custom)
2019-08-23 10:07:07,833 [pool-505-thread-1] INFO  server.RaftServerConfigKeys (ConfUtils.java:logGet(43)) - raft.server.log.segment.size.max = 1048576 (custom)
2019-08-23 10:07:07,833 [pool-505-thread-1] INFO  server.RaftServerConfigKeys (ConfUtils.java:logGet(43)) - raft.server.log.segment.cache.num.max = 2 (custom)
2019-08-23 10:07:07,833 [pool-505-thread-1] INFO  segmented.SegmentedRaftLogWorker (SegmentedRaftLogWorker.java:<init>(172)) - new 8453f9b2-d485-4adb-8d6d-ab08f3e408ba-SegmentedRaftLogWorker:Storage Directory /workdir/hadoop-ozone/integration-test/target/test-dir/MiniOzoneClusterImpl-b7a8e372-3268-47e4-95e4-1baa8ccb0650/datanode-6/data/ratis/1fb3750e-d5e3-4694-819a-2538e0e21334 for RaftStorage:Storage Directory /workdir/hadoop-ozone/integration-test/target/test-dir/MiniOzoneClusterImpl-b7a8e372-3268-47e4-95e4-1baa8ccb0650/datanode-6/data/ratis/1fb3750e-d5e3-4694-819a-2538e0e21334
2019-08-23 10:07:07,834 [pool-505-thread-1] INFO  server.RaftServerConfigKeys (ConfUtils.java:logGet(43)) - raft.server.log.queue.byte-limit = 2147483647 (custom)
2019-08-23 10:07:07,834 [pool-505-thread-1] INFO  server.RaftServerConfigKeys (ConfUtils.java:logGet(43)) - raft.server.log.queue.element-limit = 1024 (custom)
2019-08-23 10:07:07,834 [pool-505-thread-1] INFO  server.RaftServerConfigKeys (ConfUtils.java:logGet(43)) - raft.server.log.segment.size.max = 1048576 (custom)
2019-08-23 10:07:07,834 [pool-505-thread-1] INFO  server.RaftServerConfigKeys (ConfUtils.java:logGet(43)) - raft.server.log.preallocated.size = 16384 (custom)
2019-08-23 10:07:07,834 [pool-505-thread-1] INFO  server.RaftServerConfigKeys (ConfUtils.java:logGet(43)) - raft.server.log.write.buffer.size = 33554432 (custom)
2019-08-23 10:07:07,834 [pool-505-thread-1] INFO  server.RaftServerConfigKeys (ConfUtils.java:logGet(43)) - raft.server.log.force.sync.num = 128 (default)
2019-08-23 10:07:07,834 [pool-505-thread-1] INFO  server.RaftServerConfigKeys (ConfUtils.java:logGet(43)) - raft.server.log.statemachine.data.sync = true (default)
2019-08-23 10:07:07,835 [pool-505-thread-1] INFO  server.RaftServerConfigKeys (ConfUtils.java:logGet(43)) - raft.server.log.statemachine.data.sync.timeout = 10s (default)
2019-08-23 10:07:07,835 [pool-505-thread-1] INFO  server.RaftServerConfigKeys (ConfUtils.java:logGet(43)) - raft.server.log.statemachine.data.sync.timeout.retry = -1 (default)
2019-08-23 10:07:07,835 [pool-505-thread-1] INFO  server.RaftServerConfigKeys (ConfUtils.java:logGet(43)) - raft.server.log.statemachine.data.caching.enabled = true (custom)
2019-08-23 10:07:07,835 [pool-505-thread-1] INFO  segmented.SegmentedRaftLogWorker (SegmentedRaftLogWorker.java:lambda$new$0(132)) - 8453f9b2-d485-4adb-8d6d-ab08f3e408ba-SegmentedRaftLogWorker:Storage Directory /workdir/hadoop-ozone/integration-test/target/test-dir/MiniOzoneClusterImpl-b7a8e372-3268-47e4-95e4-1baa8ccb0650/datanode-6/data/ratis/1fb3750e-d5e3-4694-819a-2538e0e21334: flushIndex: setUnconditionally 0 -> -1
2019-08-23 10:07:07,836 [pool-505-thread-1] INFO  server.RaftServerConfigKeys (ConfUtils.java:logGet(43)) - raft.server.snapshot.auto.trigger.enabled = true (custom)
2019-08-23 10:07:07,836 [pool-505-thread-1] INFO  server.RaftServerConfigKeys (ConfUtils.java:logGet(43)) - raft.server.snapshot.auto.trigger.threshold = 10000 (custom)
2019-08-23 10:07:07,836 [pool-505-thread-1] INFO  server.RaftServerConfigKeys (ConfUtils.java:logGet(43)) - raft.server.retrycache.expirytime = 600000ms (custom)
2019-08-23 10:07:07,836 [pool-505-thread-1] INFO  impl.RaftServerImpl (RaftServerImpl.java:start(180)) - 8453f9b2-d485-4adb-8d6d-ab08f3e408ba: start group-2538E0E21334
2019-08-23 10:07:07,836 [pool-505-thread-1] INFO  impl.RaftServerImpl (RaftServerImpl.java:setRole(171)) - 8453f9b2-d485-4adb-8d6d-ab08f3e408ba:group-2538E0E21334 changes role from null to FOLLOWER at term 0 for startAsFollower
2019-08-23 10:07:07,836 [pool-505-thread-1] INFO  impl.RoleInfo (RoleInfo.java:updateAndGet(143)) - 8453f9b2-d485-4adb-8d6d-ab08f3e408ba: start FollowerState
2019-08-23 10:07:07,837 [pool-505-thread-1] INFO  util.JmxRegister (JmxRegister.java:tryRegister(44)) - Successfully registered JMX Bean with object name Ratis:service=RaftServer,group=group-2538E0E21334,id=8453f9b2-d485-4adb-8d6d-ab08f3e408ba
2019-08-23 10:07:07,842 [RatisPipelineUtilsThread] INFO  pipeline.PipelineStateManager (PipelineStateManager.java:addPipeline(56)) - Created pipeline Pipeline[ Id: 1fb3750e-d5e3-4694-819a-2538e0e21334, Nodes: 8453f9b2-d485-4adb-8d6d-ab08f3e408ba{ip: 192.168.5.185, host: pr-hdds-1094-w8cgz-2737508714, networkLocation: /default-rack, certSerialId: null}, Type:RATIS, Factor:ONE, State:OPEN]
2019-08-23 10:07:08,304 | INFO  | SCMAudit | user=jenkins1000 | ip=192.168.5.185 | op=SEND_HEARTBEAT {datanodeUUID=b71bf4d4-b0f4-4b17-850e-14fbc35fc534, command=[]} | ret=SUCCESS |  
2019-08-23 10:07:08,492 | INFO  | SCMAudit | user=jenkins1000 | ip=192.168.5.185 | op=SEND_HEARTBEAT {datanodeUUID=9e515754-7f8b-46df-9ca3-146e5874d0fb, command=[]} | ret=SUCCESS |  
2019-08-23 10:07:08,785 [main] INFO  ozone.MiniOzoneClusterImpl (MiniOzoneClusterImpl.java:lambda$waitForClusterToBeReady$0(142)) - Cluster is ready. Got 7 of 7 DN Heartbeats.
2019-08-23 10:07:08,825 [main] INFO  rpc.RpcClient (RpcClient.java:createVolume(292)) - Creating Volume: testblockoutputstream, with jenkins1000 as owner.
2019-08-23 10:07:08,828 | INFO  | OMAudit | user=jenkins1000 | ip=127.0.0.1 | op=CREATE_VOLUME {admin=jenkins1000, owner=jenkins1000, volume=testblockoutputstream, creationTime=1566554828827, quotaInBytes=1152921504606846976} | ret=SUCCESS |  
2019-08-23 10:07:08,839 | INFO  | OMAudit | user=jenkins1000 | ip=127.0.0.1 | op=READ_VOLUME {volume=testblockoutputstream} | ret=SUCCESS |  
2019-08-23 10:07:08,839 [main] INFO  rpc.RpcClient (RpcClient.java:createBucket(431)) - Creating Bucket: testblockoutputstream/testblockoutputstream, with Versioning false and Storage Type set to DISK and Encryption set to false 
2019-08-23 10:07:08,843 | INFO  | OMAudit | user=jenkins1000 | ip=127.0.0.1 | op=CREATE_BUCKET {volume=testblockoutputstream, bucket=testblockoutputstream, acls=[user:jenkins1000:a[ACCESS], group:default:a[ACCESS]], isVersionEnabled=false, storageType=DISK, creationTime=0} | ret=SUCCESS |  
2019-08-23 10:07:08,847 | INFO  | OMAudit | user=jenkins1000 | ip=127.0.0.1 | op=READ_VOLUME {volume=testblockoutputstream} | ret=SUCCESS |  
2019-08-23 10:07:08,849 | INFO  | OMAudit | user=jenkins1000 | ip=127.0.0.1 | op=READ_BUCKET {volume=testblockoutputstream, bucket=testblockoutputstream} | ret=SUCCESS |  
2019-08-23 10:07:08,855 | INFO  | SCMAudit | user=jenkins1000 | ip=192.168.5.185 | op=ALLOCATE_BLOCK {owner=6e595010-f2f2-4186-be93-0e1aee1053eb, size=800, type=RATIS, factor=THREE} | ret=SUCCESS |  
2019-08-23 10:07:08,859 | INFO  | OMAudit | user=jenkins1000 | ip=127.0.0.1 | op=ALLOCATE_KEY {volume=testblockoutputstream, bucket=testblockoutputstream, key=d51dd090-b136-4278-8f28-39b4b368c837, dataSize=0, replicationType=RATIS, replicationFactor=THREE, keyLocationInfo=null} | ret=SUCCESS |  
2019-08-23 10:07:08,873 [grpc-default-executor-8] INFO  client.GrpcClientProtocolClient (GrpcClientProtocolClient.java:onNext(255)) - client-3B28D4C4CE34->7b28d98f-f774-4da4-b3b1-ee2ad2b713ba: receive RaftClientReply:client-3B28D4C4CE34->7b28d98f-f774-4da4-b3b1-ee2ad2b713ba@group-CC427169F078, cid=163, FAILED org.apache.ratis.protocol.NotLeaderException: Server 7b28d98f-f774-4da4-b3b1-ee2ad2b713ba is not the leader (null). Request must be sent to leader., logIndex=0, commits[7b28d98f-f774-4da4-b3b1-ee2ad2b713ba:c-1]
2019-08-23 10:07:08,948 | INFO  | SCMAudit | user=jenkins1000 | ip=192.168.5.185 | op=SEND_HEARTBEAT {datanodeUUID=7b28d98f-f774-4da4-b3b1-ee2ad2b713ba, command=[]} | ret=SUCCESS |  
2019-08-23 10:07:09,170 | INFO  | SCMAudit | user=jenkins1000 | ip=192.168.5.185 | op=SEND_HEARTBEAT {datanodeUUID=bba6b2d4-c4a5-4c91-8048-dc3b2f1adf2c, command=[]} | ret=SUCCESS |  
2019-08-23 10:07:09,304 | INFO  | SCMAudit | user=jenkins1000 | ip=192.168.5.185 | op=SEND_HEARTBEAT {datanodeUUID=b71bf4d4-b0f4-4b17-850e-14fbc35fc534, command=[]} | ret=SUCCESS |  
2019-08-23 10:07:09,316 [Thread-3252] INFO  container.ReplicationManager (ReplicationManager.java:start(152)) - Starting Replication Monitor Thread.
2019-08-23 10:07:09,320 [ReplicationMonitor] INFO  container.ReplicationManager (ReplicationManager.java:run(215)) - Replication Monitor Thread took 0 milliseconds for processing 1 containers.
2019-08-23 10:07:09,397 | INFO  | SCMAudit | user=jenkins1000 | ip=192.168.5.185 | op=SEND_HEARTBEAT {datanodeUUID=5494ee63-e09e-4df3-b4cd-311d875bc122, command=[]} | ret=SUCCESS |  
2019-08-23 10:07:09,492 | INFO  | SCMAudit | user=jenkins1000 | ip=192.168.5.185 | op=SEND_HEARTBEAT {datanodeUUID=9e515754-7f8b-46df-9ca3-146e5874d0fb, command=[]} | ret=SUCCESS |  
2019-08-23 10:07:09,591 | INFO  | SCMAudit | user=jenkins1000 | ip=192.168.5.185 | op=SEND_HEARTBEAT {datanodeUUID=80f273f3-706b-492f-9f47-fe3dda8bc170, command=[]} | ret=SUCCESS |  
2019-08-23 10:07:09,787 | INFO  | SCMAudit | user=jenkins1000 | ip=192.168.5.185 | op=SEND_HEARTBEAT {datanodeUUID=8453f9b2-d485-4adb-8d6d-ab08f3e408ba, command=[]} | ret=SUCCESS |  
2019-08-23 10:07:09,889 [grpc-default-executor-8] INFO  client.GrpcClientProtocolClient (GrpcClientProtocolClient.java:onNext(255)) - client-3B28D4C4CE34->b71bf4d4-b0f4-4b17-850e-14fbc35fc534: receive RaftClientReply:client-3B28D4C4CE34->b71bf4d4-b0f4-4b17-850e-14fbc35fc534@group-CC427169F078, cid=163, FAILED org.apache.ratis.protocol.NotLeaderException: Server b71bf4d4-b0f4-4b17-850e-14fbc35fc534 is not the leader (null). Request must be sent to leader., logIndex=0, commits[b71bf4d4-b0f4-4b17-850e-14fbc35fc534:c-1]
2019-08-23 10:07:09,948 | INFO  | SCMAudit | user=jenkins1000 | ip=192.168.5.185 | op=SEND_HEARTBEAT {datanodeUUID=7b28d98f-f774-4da4-b3b1-ee2ad2b713ba, command=[]} | ret=SUCCESS |  
2019-08-23 10:07:10,170 | INFO  | SCMAudit | user=jenkins1000 | ip=192.168.5.185 | op=SEND_HEARTBEAT {datanodeUUID=bba6b2d4-c4a5-4c91-8048-dc3b2f1adf2c, command=[]} | ret=SUCCESS |  
2019-08-23 10:07:10,304 | INFO  | SCMAudit | user=jenkins1000 | ip=192.168.5.185 | op=SEND_HEARTBEAT {datanodeUUID=b71bf4d4-b0f4-4b17-850e-14fbc35fc534, command=[]} | ret=SUCCESS |  
2019-08-23 10:07:10,397 | INFO  | SCMAudit | user=jenkins1000 | ip=192.168.5.185 | op=SEND_HEARTBEAT {datanodeUUID=5494ee63-e09e-4df3-b4cd-311d875bc122, command=[]} | ret=SUCCESS |  
2019-08-23 10:07:10,492 | INFO  | SCMAudit | user=jenkins1000 | ip=192.168.5.185 | op=SEND_HEARTBEAT {datanodeUUID=9e515754-7f8b-46df-9ca3-146e5874d0fb, command=[]} | ret=SUCCESS |  
2019-08-23 10:07:10,591 | INFO  | SCMAudit | user=jenkins1000 | ip=192.168.5.185 | op=SEND_HEARTBEAT {datanodeUUID=80f273f3-706b-492f-9f47-fe3dda8bc170, command=[]} | ret=SUCCESS |  
2019-08-23 10:07:10,787 | INFO  | SCMAudit | user=jenkins1000 | ip=192.168.5.185 | op=SEND_HEARTBEAT {datanodeUUID=8453f9b2-d485-4adb-8d6d-ab08f3e408ba, command=[]} | ret=SUCCESS |  
2019-08-23 10:07:10,900 [grpc-default-executor-6] INFO  client.GrpcClientProtocolClient (GrpcClientProtocolClient.java:onNext(255)) - client-3B28D4C4CE34->7b28d98f-f774-4da4-b3b1-ee2ad2b713ba: receive RaftClientReply:client-3B28D4C4CE34->7b28d98f-f774-4da4-b3b1-ee2ad2b713ba@group-CC427169F078, cid=163, FAILED org.apache.ratis.protocol.NotLeaderException: Server 7b28d98f-f774-4da4-b3b1-ee2ad2b713ba is not the leader (null). Request must be sent to leader., logIndex=0, commits[7b28d98f-f774-4da4-b3b1-ee2ad2b713ba:c-1]
2019-08-23 10:07:10,948 | INFO  | SCMAudit | user=jenkins1000 | ip=192.168.5.185 | op=SEND_HEARTBEAT {datanodeUUID=7b28d98f-f774-4da4-b3b1-ee2ad2b713ba, command=[]} | ret=SUCCESS |  
2019-08-23 10:07:11,170 | INFO  | SCMAudit | user=jenkins1000 | ip=192.168.5.185 | op=SEND_HEARTBEAT {datanodeUUID=bba6b2d4-c4a5-4c91-8048-dc3b2f1adf2c, command=[]} | ret=SUCCESS |  
2019-08-23 10:07:11,304 | INFO  | SCMAudit | user=jenkins1000 | ip=192.168.5.185 | op=SEND_HEARTBEAT {datanodeUUID=b71bf4d4-b0f4-4b17-850e-14fbc35fc534, command=[]} | ret=SUCCESS |  
2019-08-23 10:07:11,398 | INFO  | SCMAudit | user=jenkins1000 | ip=192.168.5.185 | op=SEND_HEARTBEAT {datanodeUUID=5494ee63-e09e-4df3-b4cd-311d875bc122, command=[]} | ret=SUCCESS |  
2019-08-23 10:07:11,479 [Thread-3254] INFO  impl.FollowerState (FollowerState.java:run(106)) - b71bf4d4-b0f4-4b17-850e-14fbc35fc534:group-5844800897E7 changes to CANDIDATE, lastRpcTime:5113, electionTimeout:5113ms
2019-08-23 10:07:11,479 [Thread-3254] INFO  impl.RoleInfo (RoleInfo.java:shutdownFollowerState(121)) - b71bf4d4-b0f4-4b17-850e-14fbc35fc534: shutdown FollowerState
2019-08-23 10:07:11,479 [Thread-3254] INFO  impl.RaftServerImpl (RaftServerImpl.java:setRole(171)) - b71bf4d4-b0f4-4b17-850e-14fbc35fc534:group-5844800897E7 changes role from FOLLOWER to CANDIDATE at term 0 for changeToCandidate
2019-08-23 10:07:11,479 [Thread-3254] INFO  impl.RoleInfo (RoleInfo.java:updateAndGet(143)) - b71bf4d4-b0f4-4b17-850e-14fbc35fc534: start LeaderElection
2019-08-23 10:07:11,494 | INFO  | SCMAudit | user=jenkins1000 | ip=192.168.5.185 | op=SEND_HEARTBEAT {datanodeUUID=9e515754-7f8b-46df-9ca3-146e5874d0fb, command=[]} | ret=SUCCESS |  
2019-08-23 10:07:11,499 [b71bf4d4-b0f4-4b17-850e-14fbc35fc534:group-5844800897E7:LeaderElection58] INFO  impl.LeaderElection (LeaderElection.java:askForVotes(181)) - b71bf4d4-b0f4-4b17-850e-14fbc35fc534:group-5844800897E7:LeaderElection58: begin an election at term 1 for -1: [b71bf4d4-b0f4-4b17-850e-14fbc35fc534:192.168.5.185:45311], old=null
2019-08-23 10:07:11,499 [b71bf4d4-b0f4-4b17-850e-14fbc35fc534:group-5844800897E7:LeaderElection58] INFO  impl.RoleInfo (RoleInfo.java:shutdownLeaderElection(134)) - b71bf4d4-b0f4-4b17-850e-14fbc35fc534: shutdown LeaderElection
2019-08-23 10:07:11,499 [b71bf4d4-b0f4-4b17-850e-14fbc35fc534:group-5844800897E7:LeaderElection58] INFO  impl.RaftServerImpl (RaftServerImpl.java:setRole(171)) - b71bf4d4-b0f4-4b17-850e-14fbc35fc534:group-5844800897E7 changes role from CANDIDATE to LEADER at term 1 for changeToLeader
2019-08-23 10:07:11,499 [b71bf4d4-b0f4-4b17-850e-14fbc35fc534:group-5844800897E7:LeaderElection58] INFO  impl.RaftServerImpl (ServerState.java:setLeader(263)) - b71bf4d4-b0f4-4b17-850e-14fbc35fc534:group-5844800897E7 change Leader from null to b71bf4d4-b0f4-4b17-850e-14fbc35fc534 at term 1 for becomeLeader, leader elected after 5138ms
2019-08-23 10:07:11,500 [b71bf4d4-b0f4-4b17-850e-14fbc35fc534:group-5844800897E7:LeaderElection58] INFO  server.RaftServerConfigKeys (ConfUtils.java:logGet(43)) - raft.server.staging.catchup.gap = 1000 (default)
2019-08-23 10:07:11,500 [b71bf4d4-b0f4-4b17-850e-14fbc35fc534:group-5844800897E7:LeaderElection58] INFO  server.RaftServerConfigKeys (ConfUtils.java:logGet(43)) - raft.server.rpc.sleep.time = 25ms (default)
2019-08-23 10:07:11,500 [b71bf4d4-b0f4-4b17-850e-14fbc35fc534:group-5844800897E7:LeaderElection58] INFO  server.RaftServerConfigKeys (ConfUtils.java:logGet(43)) - raft.server.write.element-limit = 4096 (default)
2019-08-23 10:07:11,500 [b71bf4d4-b0f4-4b17-850e-14fbc35fc534:group-5844800897E7:LeaderElection58] INFO  server.RaftServerConfigKeys (ConfUtils.java:logGet(43)) - raft.server.watch.timeout = 10s (default)
2019-08-23 10:07:11,500 [b71bf4d4-b0f4-4b17-850e-14fbc35fc534:group-5844800897E7:LeaderElection58] INFO  server.RaftServerConfigKeys (ConfUtils.java:logGet(43)) - raft.server.watch.timeout.denomination = 1s (default)
2019-08-23 10:07:11,500 [b71bf4d4-b0f4-4b17-850e-14fbc35fc534:group-5844800897E7:LeaderElection58] INFO  server.RaftServerConfigKeys (ConfUtils.java:logGet(43)) - raft.server.watch.element-limit = 65536 (default)
2019-08-23 10:07:11,501 [b71bf4d4-b0f4-4b17-850e-14fbc35fc534:group-5844800897E7:LeaderElection58] INFO  impl.RoleInfo (RoleInfo.java:updateAndGet(143)) - b71bf4d4-b0f4-4b17-850e-14fbc35fc534: start LeaderState
2019-08-23 10:07:11,501 [b71bf4d4-b0f4-4b17-850e-14fbc35fc534:group-5844800897E7:LeaderElection58] INFO  segmented.SegmentedRaftLogWorker (SegmentedRaftLogWorker.java:startLogSegment(380)) - b71bf4d4-b0f4-4b17-850e-14fbc35fc534-SegmentedRaftLogWorker:Storage Directory /workdir/hadoop-ozone/integration-test/target/test-dir/MiniOzoneClusterImpl-b7a8e372-3268-47e4-95e4-1baa8ccb0650/datanode-0/data/ratis/b7301094-911c-40d3-81a8-5844800897e7: Starting segment from index:0
2019-08-23 10:07:11,502 [b71bf4d4-b0f4-4b17-850e-14fbc35fc534:group-5844800897E7:LeaderElection58] INFO  impl.RaftServerImpl (ServerState.java:setRaftConf(361)) - b71bf4d4-b0f4-4b17-850e-14fbc35fc534:group-5844800897E7 set configuration 0: [b71bf4d4-b0f4-4b17-850e-14fbc35fc534:192.168.5.185:45311], old=null at 0
2019-08-23 10:07:11,528 [b71bf4d4-b0f4-4b17-850e-14fbc35fc534-SegmentedRaftLogWorker:Storage Directory /workdir/hadoop-ozone/integration-test/target/test-dir/MiniOzoneClusterImpl-b7a8e372-3268-47e4-95e4-1baa8ccb0650/datanode-0/data/ratis/b7301094-911c-40d3-81a8-5844800897e7] INFO  segmented.SegmentedRaftLogWorker (SegmentedRaftLogWorker.java:execute(569)) - b71bf4d4-b0f4-4b17-850e-14fbc35fc534-SegmentedRaftLogWorker:Storage Directory /workdir/hadoop-ozone/integration-test/target/test-dir/MiniOzoneClusterImpl-b7a8e372-3268-47e4-95e4-1baa8ccb0650/datanode-0/data/ratis/b7301094-911c-40d3-81a8-5844800897e7: created new log segment /workdir/hadoop-ozone/integration-test/target/test-dir/MiniOzoneClusterImpl-b7a8e372-3268-47e4-95e4-1baa8ccb0650/datanode-0/data/ratis/b7301094-911c-40d3-81a8-5844800897e7/current/log_inprogress_0
2019-08-23 10:07:11,591 | INFO  | SCMAudit | user=jenkins1000 | ip=192.168.5.185 | op=SEND_HEARTBEAT {datanodeUUID=80f273f3-706b-492f-9f47-fe3dda8bc170, command=[]} | ret=SUCCESS |  
2019-08-23 10:07:11,697 [Thread-3257] INFO  impl.FollowerState (FollowerState.java:run(106)) - 9e515754-7f8b-46df-9ca3-146e5874d0fb:group-0A68B045F816 changes to CANDIDATE, lastRpcTime:5161, electionTimeout:5161ms
2019-08-23 10:07:11,697 [Thread-3257] INFO  impl.RoleInfo (RoleInfo.java:shutdownFollowerState(121)) - 9e515754-7f8b-46df-9ca3-146e5874d0fb: shutdown FollowerState
2019-08-23 10:07:11,697 [Thread-3257] INFO  impl.RaftServerImpl (RaftServerImpl.java:setRole(171)) - 9e515754-7f8b-46df-9ca3-146e5874d0fb:group-0A68B045F816 changes role from FOLLOWER to CANDIDATE at term 0 for changeToCandidate
2019-08-23 10:07:11,698 [Thread-3257] INFO  impl.RoleInfo (RoleInfo.java:updateAndGet(143)) - 9e515754-7f8b-46df-9ca3-146e5874d0fb: start LeaderElection
2019-08-23 10:07:11,721 [9e515754-7f8b-46df-9ca3-146e5874d0fb:group-0A68B045F816:LeaderElection59] INFO  impl.LeaderElection (LeaderElection.java:askForVotes(181)) - 9e515754-7f8b-46df-9ca3-146e5874d0fb:group-0A68B045F816:LeaderElection59: begin an election at term 1 for -1: [9e515754-7f8b-46df-9ca3-146e5874d0fb:192.168.5.185:39640], old=null
2019-08-23 10:07:11,722 [9e515754-7f8b-46df-9ca3-146e5874d0fb:group-0A68B045F816:LeaderElection59] INFO  impl.RoleInfo (RoleInfo.java:shutdownLeaderElection(134)) - 9e515754-7f8b-46df-9ca3-146e5874d0fb: shutdown LeaderElection
2019-08-23 10:07:11,722 [9e515754-7f8b-46df-9ca3-146e5874d0fb:group-0A68B045F816:LeaderElection59] INFO  impl.RaftServerImpl (RaftServerImpl.java:setRole(171)) - 9e515754-7f8b-46df-9ca3-146e5874d0fb:group-0A68B045F816 changes role from CANDIDATE to LEADER at term 1 for changeToLeader
2019-08-23 10:07:11,722 [9e515754-7f8b-46df-9ca3-146e5874d0fb:group-0A68B045F816:LeaderElection59] INFO  impl.RaftServerImpl (ServerState.java:setLeader(263)) - 9e515754-7f8b-46df-9ca3-146e5874d0fb:group-0A68B045F816 change Leader from null to 9e515754-7f8b-46df-9ca3-146e5874d0fb at term 1 for becomeLeader, leader elected after 5190ms
2019-08-23 10:07:11,722 [9e515754-7f8b-46df-9ca3-146e5874d0fb:group-0A68B045F816:LeaderElection59] INFO  server.RaftServerConfigKeys (ConfUtils.java:logGet(43)) - raft.server.staging.catchup.gap = 1000 (default)
2019-08-23 10:07:11,722 [9e515754-7f8b-46df-9ca3-146e5874d0fb:group-0A68B045F816:LeaderElection59] INFO  server.RaftServerConfigKeys (ConfUtils.java:logGet(43)) - raft.server.rpc.sleep.time = 25ms (default)
2019-08-23 10:07:11,723 [9e515754-7f8b-46df-9ca3-146e5874d0fb:group-0A68B045F816:LeaderElection59] INFO  server.RaftServerConfigKeys (ConfUtils.java:logGet(43)) - raft.server.write.element-limit = 4096 (default)
2019-08-23 10:07:11,723 [9e515754-7f8b-46df-9ca3-146e5874d0fb:group-0A68B045F816:LeaderElection59] INFO  server.RaftServerConfigKeys (ConfUtils.java:logGet(43)) - raft.server.watch.timeout = 10s (default)
2019-08-23 10:07:11,723 [9e515754-7f8b-46df-9ca3-146e5874d0fb:group-0A68B045F816:LeaderElection59] INFO  server.RaftServerConfigKeys (ConfUtils.java:logGet(43)) - raft.server.watch.timeout.denomination = 1s (default)
2019-08-23 10:07:11,723 [9e515754-7f8b-46df-9ca3-146e5874d0fb:group-0A68B045F816:LeaderElection59] INFO  server.RaftServerConfigKeys (ConfUtils.java:logGet(43)) - raft.server.watch.element-limit = 65536 (default)
2019-08-23 10:07:11,723 [9e515754-7f8b-46df-9ca3-146e5874d0fb:group-0A68B045F816:LeaderElection59] INFO  impl.RoleInfo (RoleInfo.java:updateAndGet(143)) - 9e515754-7f8b-46df-9ca3-146e5874d0fb: start LeaderState
2019-08-23 10:07:11,724 [9e515754-7f8b-46df-9ca3-146e5874d0fb:group-0A68B045F816:LeaderElection59] INFO  segmented.SegmentedRaftLogWorker (SegmentedRaftLogWorker.java:startLogSegment(380)) - 9e515754-7f8b-46df-9ca3-146e5874d0fb-SegmentedRaftLogWorker:Storage Directory /workdir/hadoop-ozone/integration-test/target/test-dir/MiniOzoneClusterImpl-b7a8e372-3268-47e4-95e4-1baa8ccb0650/datanode-1/data/ratis/630f74d7-9c45-444f-8929-0a68b045f816: Starting segment from index:0
2019-08-23 10:07:11,724 [9e515754-7f8b-46df-9ca3-146e5874d0fb:group-0A68B045F816:LeaderElection59] INFO  impl.RaftServerImpl (ServerState.java:setRaftConf(361)) - 9e515754-7f8b-46df-9ca3-146e5874d0fb:group-0A68B045F816 set configuration 0: [9e515754-7f8b-46df-9ca3-146e5874d0fb:192.168.5.185:39640], old=null at 0
2019-08-23 10:07:11,784 [9e515754-7f8b-46df-9ca3-146e5874d0fb-SegmentedRaftLogWorker:Storage Directory /workdir/hadoop-ozone/integration-test/target/test-dir/MiniOzoneClusterImpl-b7a8e372-3268-47e4-95e4-1baa8ccb0650/datanode-1/data/ratis/630f74d7-9c45-444f-8929-0a68b045f816] INFO  segmented.SegmentedRaftLogWorker (SegmentedRaftLogWorker.java:execute(569)) - 9e515754-7f8b-46df-9ca3-146e5874d0fb-SegmentedRaftLogWorker:Storage Directory /workdir/hadoop-ozone/integration-test/target/test-dir/MiniOzoneClusterImpl-b7a8e372-3268-47e4-95e4-1baa8ccb0650/datanode-1/data/ratis/630f74d7-9c45-444f-8929-0a68b045f816: created new log segment /workdir/hadoop-ozone/integration-test/target/test-dir/MiniOzoneClusterImpl-b7a8e372-3268-47e4-95e4-1baa8ccb0650/datanode-1/data/ratis/630f74d7-9c45-444f-8929-0a68b045f816/current/log_inprogress_0
2019-08-23 10:07:11,787 | INFO  | SCMAudit | user=jenkins1000 | ip=192.168.5.185 | op=SEND_HEARTBEAT {datanodeUUID=8453f9b2-d485-4adb-8d6d-ab08f3e408ba, command=[]} | ret=SUCCESS |  
2019-08-23 10:07:11,912 [grpc-default-executor-8] INFO  client.GrpcClientProtocolClient (GrpcClientProtocolClient.java:onNext(255)) - client-3B28D4C4CE34->9e515754-7f8b-46df-9ca3-146e5874d0fb: receive RaftClientReply:client-3B28D4C4CE34->9e515754-7f8b-46df-9ca3-146e5874d0fb@group-CC427169F078, cid=163, FAILED org.apache.ratis.protocol.NotLeaderException: Server 9e515754-7f8b-46df-9ca3-146e5874d0fb is not the leader (null). Request must be sent to leader., logIndex=0, commits[9e515754-7f8b-46df-9ca3-146e5874d0fb:c-1]
2019-08-23 10:07:11,948 | INFO  | SCMAudit | user=jenkins1000 | ip=192.168.5.185 | op=SEND_HEARTBEAT {datanodeUUID=7b28d98f-f774-4da4-b3b1-ee2ad2b713ba, command=[]} | ret=SUCCESS |  
2019-08-23 10:07:12,098 [Thread-3263] INFO  impl.FollowerState (FollowerState.java:run(106)) - 7b28d98f-f774-4da4-b3b1-ee2ad2b713ba:group-CC427169F078 changes to CANDIDATE, lastRpcTime:5057, electionTimeout:5057ms
2019-08-23 10:07:12,098 [Thread-3263] INFO  impl.RoleInfo (RoleInfo.java:shutdownFollowerState(121)) - 7b28d98f-f774-4da4-b3b1-ee2ad2b713ba: shutdown FollowerState
2019-08-23 10:07:12,099 [Thread-3263] INFO  impl.RaftServerImpl (RaftServerImpl.java:setRole(171)) - 7b28d98f-f774-4da4-b3b1-ee2ad2b713ba:group-CC427169F078 changes role from FOLLOWER to CANDIDATE at term 0 for changeToCandidate
2019-08-23 10:07:12,099 [Thread-3263] INFO  impl.RoleInfo (RoleInfo.java:updateAndGet(143)) - 7b28d98f-f774-4da4-b3b1-ee2ad2b713ba: start LeaderElection
2019-08-23 10:07:12,121 [Thread-3260] INFO  impl.FollowerState (FollowerState.java:run(106)) - 7b28d98f-f774-4da4-b3b1-ee2ad2b713ba:group-08751DD22B5D changes to CANDIDATE, lastRpcTime:5134, electionTimeout:5134ms
2019-08-23 10:07:12,122 [Thread-3260] INFO  impl.RoleInfo (RoleInfo.java:shutdownFollowerState(121)) - 7b28d98f-f774-4da4-b3b1-ee2ad2b713ba: shutdown FollowerState
2019-08-23 10:07:12,122 [Thread-3260] INFO  impl.RaftServerImpl (RaftServerImpl.java:setRole(171)) - 7b28d98f-f774-4da4-b3b1-ee2ad2b713ba:group-08751DD22B5D changes role from FOLLOWER to CANDIDATE at term 0 for changeToCandidate
2019-08-23 10:07:12,122 [Thread-3260] INFO  impl.RoleInfo (RoleInfo.java:updateAndGet(143)) - 7b28d98f-f774-4da4-b3b1-ee2ad2b713ba: start LeaderElection
2019-08-23 10:07:12,126 [7b28d98f-f774-4da4-b3b1-ee2ad2b713ba:group-CC427169F078:LeaderElection60] INFO  impl.LeaderElection (LeaderElection.java:askForVotes(181)) - 7b28d98f-f774-4da4-b3b1-ee2ad2b713ba:group-CC427169F078:LeaderElection60: begin an election at term 1 for -1: [b71bf4d4-b0f4-4b17-850e-14fbc35fc534:192.168.5.185:45311, 9e515754-7f8b-46df-9ca3-146e5874d0fb:192.168.5.185:39640, 7b28d98f-f774-4da4-b3b1-ee2ad2b713ba:192.168.5.185:35950], old=null
2019-08-23 10:07:12,130 [grpc-default-executor-8] INFO  impl.RaftServerImpl (RaftServerImpl.java:setRole(171)) - b71bf4d4-b0f4-4b17-850e-14fbc35fc534:group-CC427169F078 changes role from FOLLOWER to FOLLOWER at term 1 for recognizeCandidate:7b28d98f-f774-4da4-b3b1-ee2ad2b713ba
2019-08-23 10:07:12,132 [grpc-default-executor-6] INFO  impl.RaftServerImpl (RaftServerImpl.java:setRole(171)) - 9e515754-7f8b-46df-9ca3-146e5874d0fb:group-CC427169F078 changes role from FOLLOWER to FOLLOWER at term 1 for recognizeCandidate:7b28d98f-f774-4da4-b3b1-ee2ad2b713ba
2019-08-23 10:07:12,132 [grpc-default-executor-8] INFO  impl.RoleInfo (RoleInfo.java:shutdownFollowerState(121)) - b71bf4d4-b0f4-4b17-850e-14fbc35fc534: shutdown FollowerState
2019-08-23 10:07:12,132 [grpc-default-executor-6] INFO  impl.RoleInfo (RoleInfo.java:shutdownFollowerState(121)) - 9e515754-7f8b-46df-9ca3-146e5874d0fb: shutdown FollowerState
2019-08-23 10:07:12,132 [Thread-3266] INFO  impl.FollowerState (FollowerState.java:run(114)) - b71bf4d4-b0f4-4b17-850e-14fbc35fc534: FollowerState was interrupted: java.lang.InterruptedException: sleep interrupted
2019-08-23 10:07:12,132 [grpc-default-executor-8] INFO  impl.RoleInfo (RoleInfo.java:updateAndGet(143)) - b71bf4d4-b0f4-4b17-850e-14fbc35fc534: start FollowerState
2019-08-23 10:07:12,132 [Thread-3269] INFO  impl.FollowerState (FollowerState.java:run(114)) - 9e515754-7f8b-46df-9ca3-146e5874d0fb: FollowerState was interrupted: java.lang.InterruptedException: sleep interrupted
2019-08-23 10:07:12,132 [grpc-default-executor-6] INFO  impl.RoleInfo (RoleInfo.java:updateAndGet(143)) - 9e515754-7f8b-46df-9ca3-146e5874d0fb: start FollowerState
2019-08-23 10:07:12,139 [7b28d98f-f774-4da4-b3b1-ee2ad2b713ba:group-08751DD22B5D:LeaderElection61] INFO  impl.LeaderElection (LeaderElection.java:askForVotes(181)) - 7b28d98f-f774-4da4-b3b1-ee2ad2b713ba:group-08751DD22B5D:LeaderElection61: begin an election at term 1 for -1: [7b28d98f-f774-4da4-b3b1-ee2ad2b713ba:192.168.5.185:35950], old=null
2019-08-23 10:07:12,140 [7b28d98f-f774-4da4-b3b1-ee2ad2b713ba:group-08751DD22B5D:LeaderElection61] INFO  impl.RoleInfo (RoleInfo.java:shutdownLeaderElection(134)) - 7b28d98f-f774-4da4-b3b1-ee2ad2b713ba: shutdown LeaderElection
2019-08-23 10:07:12,140 [7b28d98f-f774-4da4-b3b1-ee2ad2b713ba:group-08751DD22B5D:LeaderElection61] INFO  impl.RaftServerImpl (RaftServerImpl.java:setRole(171)) - 7b28d98f-f774-4da4-b3b1-ee2ad2b713ba:group-08751DD22B5D changes role from CANDIDATE to LEADER at term 1 for changeToLeader
2019-08-23 10:07:12,140 [7b28d98f-f774-4da4-b3b1-ee2ad2b713ba:group-08751DD22B5D:LeaderElection61] INFO  impl.RaftServerImpl (ServerState.java:setLeader(263)) - 7b28d98f-f774-4da4-b3b1-ee2ad2b713ba:group-08751DD22B5D change Leader from null to 7b28d98f-f774-4da4-b3b1-ee2ad2b713ba at term 1 for becomeLeader, leader elected after 5155ms
2019-08-23 10:07:12,142 [7b28d98f-f774-4da4-b3b1-ee2ad2b713ba:group-08751DD22B5D:LeaderElection61] INFO  server.RaftServerConfigKeys (ConfUtils.java:logGet(43)) - raft.server.staging.catchup.gap = 1000 (default)
2019-08-23 10:07:12,142 [7b28d98f-f774-4da4-b3b1-ee2ad2b713ba:group-08751DD22B5D:LeaderElection61] INFO  server.RaftServerConfigKeys (ConfUtils.java:logGet(43)) - raft.server.rpc.sleep.time = 25ms (default)
2019-08-23 10:07:12,142 [7b28d98f-f774-4da4-b3b1-ee2ad2b713ba:group-CC427169F078:LeaderElection60] INFO  impl.LeaderElection (LeaderElection.java:logAndReturn(56)) - 7b28d98f-f774-4da4-b3b1-ee2ad2b713ba:group-CC427169F078:LeaderElection60: Election PASSED; received 1 response(s) [7b28d98f-f774-4da4-b3b1-ee2ad2b713ba<-b71bf4d4-b0f4-4b17-850e-14fbc35fc534#0:OK-t1] and 0 exception(s); 7b28d98f-f774-4da4-b3b1-ee2ad2b713ba:t1, leader=null, voted=7b28d98f-f774-4da4-b3b1-ee2ad2b713ba, raftlog=7b28d98f-f774-4da4-b3b1-ee2ad2b713ba-SegmentedRaftLog:OPENED:c-1,f-1,i0, conf=-1: [b71bf4d4-b0f4-4b17-850e-14fbc35fc534:192.168.5.185:45311, 9e515754-7f8b-46df-9ca3-146e5874d0fb:192.168.5.185:39640, 7b28d98f-f774-4da4-b3b1-ee2ad2b713ba:192.168.5.185:35950], old=null
2019-08-23 10:07:12,142 [7b28d98f-f774-4da4-b3b1-ee2ad2b713ba:group-08751DD22B5D:LeaderElection61] INFO  server.RaftServerConfigKeys (ConfUtils.java:logGet(43)) - raft.server.write.element-limit = 4096 (default)
2019-08-23 10:07:12,142 [7b28d98f-f774-4da4-b3b1-ee2ad2b713ba:group-CC427169F078:LeaderElection60] INFO  impl.RoleInfo (RoleInfo.java:shutdownLeaderElection(134)) - 7b28d98f-f774-4da4-b3b1-ee2ad2b713ba: shutdown LeaderElection
2019-08-23 10:07:12,142 [7b28d98f-f774-4da4-b3b1-ee2ad2b713ba:group-08751DD22B5D:LeaderElection61] INFO  server.RaftServerConfigKeys (ConfUtils.java:logGet(43)) - raft.server.watch.timeout = 10s (default)
2019-08-23 10:07:12,142 [7b28d98f-f774-4da4-b3b1-ee2ad2b713ba:group-CC427169F078:LeaderElection60] INFO  impl.RaftServerImpl (RaftServerImpl.java:setRole(171)) - 7b28d98f-f774-4da4-b3b1-ee2ad2b713ba:group-CC427169F078 changes role from CANDIDATE to LEADER at term 1 for changeToLeader
2019-08-23 10:07:12,142 [7b28d98f-f774-4da4-b3b1-ee2ad2b713ba:group-08751DD22B5D:LeaderElection61] INFO  server.RaftServerConfigKeys (ConfUtils.java:logGet(43)) - raft.server.watch.timeout.denomination = 1s (default)
2019-08-23 10:07:12,143 [7b28d98f-f774-4da4-b3b1-ee2ad2b713ba:group-08751DD22B5D:LeaderElection61] INFO  server.RaftServerConfigKeys (ConfUtils.java:logGet(43)) - raft.server.watch.element-limit = 65536 (default)
2019-08-23 10:07:12,143 [7b28d98f-f774-4da4-b3b1-ee2ad2b713ba:group-CC427169F078:LeaderElection60] INFO  impl.RaftServerImpl (ServerState.java:setLeader(263)) - 7b28d98f-f774-4da4-b3b1-ee2ad2b713ba:group-CC427169F078 change Leader from null to 7b28d98f-f774-4da4-b3b1-ee2ad2b713ba at term 1 for becomeLeader, leader elected after 5110ms
2019-08-23 10:07:12,143 [7b28d98f-f774-4da4-b3b1-ee2ad2b713ba:group-08751DD22B5D:LeaderElection61] INFO  impl.RoleInfo (RoleInfo.java:updateAndGet(143)) - 7b28d98f-f774-4da4-b3b1-ee2ad2b713ba: start LeaderState
2019-08-23 10:07:12,143 [7b28d98f-f774-4da4-b3b1-ee2ad2b713ba:group-CC427169F078:LeaderElection60] INFO  server.RaftServerConfigKeys (ConfUtils.java:logGet(43)) - raft.server.staging.catchup.gap = 1000 (default)
2019-08-23 10:07:12,143 [7b28d98f-f774-4da4-b3b1-ee2ad2b713ba:group-08751DD22B5D:LeaderElection61] INFO  segmented.SegmentedRaftLogWorker (SegmentedRaftLogWorker.java:startLogSegment(380)) - 7b28d98f-f774-4da4-b3b1-ee2ad2b713ba-SegmentedRaftLogWorker:Storage Directory /workdir/hadoop-ozone/integration-test/target/test-dir/MiniOzoneClusterImpl-b7a8e372-3268-47e4-95e4-1baa8ccb0650/datanode-2/data/ratis/db3a5af3-aeab-4e09-95aa-08751dd22b5d: Starting segment from index:0
2019-08-23 10:07:12,143 [7b28d98f-f774-4da4-b3b1-ee2ad2b713ba:group-CC427169F078:LeaderElection60] INFO  server.RaftServerConfigKeys (ConfUtils.java:logGet(43)) - raft.server.rpc.sleep.time = 25ms (default)
2019-08-23 10:07:12,144 [7b28d98f-f774-4da4-b3b1-ee2ad2b713ba:group-CC427169F078:LeaderElection60] INFO  server.RaftServerConfigKeys (ConfUtils.java:logGet(43)) - raft.server.write.element-limit = 4096 (default)
2019-08-23 10:07:12,144 [7b28d98f-f774-4da4-b3b1-ee2ad2b713ba:group-08751DD22B5D:LeaderElection61] INFO  impl.RaftServerImpl (ServerState.java:setRaftConf(361)) - 7b28d98f-f774-4da4-b3b1-ee2ad2b713ba:group-08751DD22B5D set configuration 0: [7b28d98f-f774-4da4-b3b1-ee2ad2b713ba:192.168.5.185:35950], old=null at 0
2019-08-23 10:07:12,144 [7b28d98f-f774-4da4-b3b1-ee2ad2b713ba:group-CC427169F078:LeaderElection60] INFO  server.RaftServerConfigKeys (ConfUtils.java:logGet(43)) - raft.server.watch.timeout = 10s (default)
2019-08-23 10:07:12,159 [7b28d98f-f774-4da4-b3b1-ee2ad2b713ba:group-CC427169F078:LeaderElection60] INFO  server.RaftServerConfigKeys (ConfUtils.java:logGet(43)) - raft.server.watch.timeout.denomination = 1s (default)
2019-08-23 10:07:12,159 [7b28d98f-f774-4da4-b3b1-ee2ad2b713ba:group-CC427169F078:LeaderElection60] INFO  server.RaftServerConfigKeys (ConfUtils.java:logGet(43)) - raft.server.watch.element-limit = 65536 (default)
2019-08-23 10:07:12,160 [7b28d98f-f774-4da4-b3b1-ee2ad2b713ba:group-CC427169F078:LeaderElection60] INFO  server.RaftServerConfigKeys (ConfUtils.java:logGet(43)) - raft.server.log.appender.snapshot.chunk.size.max = 16MB (=16777216) (default)
2019-08-23 10:07:12,160 [7b28d98f-f774-4da4-b3b1-ee2ad2b713ba:group-CC427169F078:LeaderElection60] INFO  server.RaftServerConfigKeys (ConfUtils.java:logGet(43)) - raft.server.log.appender.buffer.byte-limit = 33554432 (custom)
2019-08-23 10:07:12,160 [7b28d98f-f774-4da4-b3b1-ee2ad2b713ba:group-CC427169F078:LeaderElection60] INFO  server.RaftServerConfigKeys (ConfUtils.java:logGet(43)) - raft.server.log.appender.buffer.element-limit = 1 (custom)
2019-08-23 10:07:12,161 [7b28d98f-f774-4da4-b3b1-ee2ad2b713ba:group-CC427169F078:LeaderElection60] INFO  grpc.GrpcConfigKeys$Server (ConfUtils.java:logGet(43)) - raft.grpc.server.leader.outstanding.appends.max = 128 (default)
2019-08-23 10:07:12,161 [7b28d98f-f774-4da4-b3b1-ee2ad2b713ba:group-CC427169F078:LeaderElection60] INFO  server.RaftServerConfigKeys (ConfUtils.java:logGet(43)) - raft.server.rpc.request.timeout = 3000ms (default)
2019-08-23 10:07:12,161 [7b28d98f-f774-4da4-b3b1-ee2ad2b713ba:group-CC427169F078:LeaderElection60] INFO  server.RaftServerConfigKeys (ConfUtils.java:logGet(43)) - raft.server.log.appender.install.snapshot.enabled = false (custom)
2019-08-23 10:07:12,161 [7b28d98f-f774-4da4-b3b1-ee2ad2b713ba:group-CC427169F078:LeaderElection60] INFO  server.RaftServerConfigKeys (ConfUtils.java:logGet(43)) - raft.server.log.appender.snapshot.chunk.size.max = 16MB (=16777216) (default)
2019-08-23 10:07:12,161 [7b28d98f-f774-4da4-b3b1-ee2ad2b713ba:group-CC427169F078:LeaderElection60] INFO  server.RaftServerConfigKeys (ConfUtils.java:logGet(43)) - raft.server.log.appender.buffer.byte-limit = 33554432 (custom)
2019-08-23 10:07:12,161 [7b28d98f-f774-4da4-b3b1-ee2ad2b713ba:group-CC427169F078:LeaderElection60] INFO  server.RaftServerConfigKeys (ConfUtils.java:logGet(43)) - raft.server.log.appender.buffer.element-limit = 1 (custom)
2019-08-23 10:07:12,162 [7b28d98f-f774-4da4-b3b1-ee2ad2b713ba:group-CC427169F078:LeaderElection60] INFO  grpc.GrpcConfigKeys$Server (ConfUtils.java:logGet(43)) - raft.grpc.server.leader.outstanding.appends.max = 128 (default)
2019-08-23 10:07:12,162 [7b28d98f-f774-4da4-b3b1-ee2ad2b713ba:group-CC427169F078:LeaderElection60] INFO  server.RaftServerConfigKeys (ConfUtils.java:logGet(43)) - raft.server.rpc.request.timeout = 3000ms (default)
2019-08-23 10:07:12,162 [7b28d98f-f774-4da4-b3b1-ee2ad2b713ba:group-CC427169F078:LeaderElection60] INFO  server.RaftServerConfigKeys (ConfUtils.java:logGet(43)) - raft.server.log.appender.install.snapshot.enabled = false (custom)
2019-08-23 10:07:12,162 [7b28d98f-f774-4da4-b3b1-ee2ad2b713ba:group-CC427169F078:LeaderElection60] INFO  impl.RoleInfo (RoleInfo.java:updateAndGet(143)) - 7b28d98f-f774-4da4-b3b1-ee2ad2b713ba: start LeaderState
2019-08-23 10:07:12,162 [7b28d98f-f774-4da4-b3b1-ee2ad2b713ba:group-CC427169F078:LeaderElection60] INFO  segmented.SegmentedRaftLogWorker (SegmentedRaftLogWorker.java:startLogSegment(380)) - 7b28d98f-f774-4da4-b3b1-ee2ad2b713ba-SegmentedRaftLogWorker:Storage Directory /workdir/hadoop-ozone/integration-test/target/test-dir/MiniOzoneClusterImpl-b7a8e372-3268-47e4-95e4-1baa8ccb0650/datanode-2/data/ratis/7acf250a-3a28-4257-b83c-cc427169f078: Starting segment from index:0
2019-08-23 10:07:12,163 [7b28d98f-f774-4da4-b3b1-ee2ad2b713ba:group-CC427169F078:LeaderElection60] INFO  impl.RaftServerImpl (ServerState.java:setRaftConf(361)) - 7b28d98f-f774-4da4-b3b1-ee2ad2b713ba:group-CC427169F078 set configuration 0: [b71bf4d4-b0f4-4b17-850e-14fbc35fc534:192.168.5.185:45311, 9e515754-7f8b-46df-9ca3-146e5874d0fb:192.168.5.185:39640, 7b28d98f-f774-4da4-b3b1-ee2ad2b713ba:192.168.5.185:35950], old=null at 0
2019-08-23 10:07:12,165 [grpc-default-executor-8] INFO  impl.RaftServerImpl (ServerState.java:setLeader(263)) - b71bf4d4-b0f4-4b17-850e-14fbc35fc534:group-CC427169F078 change Leader from null to 7b28d98f-f774-4da4-b3b1-ee2ad2b713ba at term 1 for appendEntries, leader elected after 5132ms
2019-08-23 10:07:12,165 [grpc-default-executor-6] INFO  impl.RaftServerImpl (ServerState.java:setLeader(263)) - 9e515754-7f8b-46df-9ca3-146e5874d0fb:group-CC427169F078 change Leader from null to 7b28d98f-f774-4da4-b3b1-ee2ad2b713ba at term 1 for appendEntries, leader elected after 5132ms
2019-08-23 10:07:12,180 [7b28d98f-f774-4da4-b3b1-ee2ad2b713ba-SegmentedRaftLogWorker:Storage Directory /workdir/hadoop-ozone/integration-test/target/test-dir/MiniOzoneClusterImpl-b7a8e372-3268-47e4-95e4-1baa8ccb0650/datanode-2/data/ratis/db3a5af3-aeab-4e09-95aa-08751dd22b5d] INFO  segmented.SegmentedRaftLogWorker (SegmentedRaftLogWorker.java:execute(569)) - 7b28d98f-f774-4da4-b3b1-ee2ad2b713ba-SegmentedRaftLogWorker:Storage Directory /workdir/hadoop-ozone/integration-test/target/test-dir/MiniOzoneClusterImpl-b7a8e372-3268-47e4-95e4-1baa8ccb0650/datanode-2/data/ratis/db3a5af3-aeab-4e09-95aa-08751dd22b5d: created new log segment /workdir/hadoop-ozone/integration-test/target/test-dir/MiniOzoneClusterImpl-b7a8e372-3268-47e4-95e4-1baa8ccb0650/datanode-2/data/ratis/db3a5af3-aeab-4e09-95aa-08751dd22b5d/current/log_inprogress_0
2019-08-23 10:07:12,187 | INFO  | SCMAudit | user=jenkins1000 | ip=192.168.5.185 | op=SEND_HEARTBEAT {datanodeUUID=bba6b2d4-c4a5-4c91-8048-dc3b2f1adf2c, command=[]} | ret=SUCCESS |  
2019-08-23 10:07:12,191 [grpc-default-executor-6] INFO  impl.RaftServerImpl (ServerState.java:setRaftConf(361)) - b71bf4d4-b0f4-4b17-850e-14fbc35fc534:group-CC427169F078 set configuration 0: [b71bf4d4-b0f4-4b17-850e-14fbc35fc534:192.168.5.185:45311, 9e515754-7f8b-46df-9ca3-146e5874d0fb:192.168.5.185:39640, 7b28d98f-f774-4da4-b3b1-ee2ad2b713ba:192.168.5.185:35950], old=null at 0
2019-08-23 10:07:12,191 [grpc-default-executor-8] INFO  impl.RaftServerImpl (ServerState.java:setRaftConf(361)) - 9e515754-7f8b-46df-9ca3-146e5874d0fb:group-CC427169F078 set configuration 0: [b71bf4d4-b0f4-4b17-850e-14fbc35fc534:192.168.5.185:45311, 9e515754-7f8b-46df-9ca3-146e5874d0fb:192.168.5.185:39640, 7b28d98f-f774-4da4-b3b1-ee2ad2b713ba:192.168.5.185:35950], old=null at 0
2019-08-23 10:07:12,191 [grpc-default-executor-6] INFO  segmented.SegmentedRaftLogWorker (SegmentedRaftLogWorker.java:startLogSegment(380)) - b71bf4d4-b0f4-4b17-850e-14fbc35fc534-SegmentedRaftLogWorker:Storage Directory /workdir/hadoop-ozone/integration-test/target/test-dir/MiniOzoneClusterImpl-b7a8e372-3268-47e4-95e4-1baa8ccb0650/datanode-0/data/ratis/7acf250a-3a28-4257-b83c-cc427169f078: Starting segment from index:0
2019-08-23 10:07:12,191 [grpc-default-executor-8] INFO  segmented.SegmentedRaftLogWorker (SegmentedRaftLogWorker.java:startLogSegment(380)) - 9e515754-7f8b-46df-9ca3-146e5874d0fb-SegmentedRaftLogWorker:Storage Directory /workdir/hadoop-ozone/integration-test/target/test-dir/MiniOzoneClusterImpl-b7a8e372-3268-47e4-95e4-1baa8ccb0650/datanode-1/data/ratis/7acf250a-3a28-4257-b83c-cc427169f078: Starting segment from index:0
2019-08-23 10:07:12,193 [7b28d98f-f774-4da4-b3b1-ee2ad2b713ba-SegmentedRaftLogWorker:Storage Directory /workdir/hadoop-ozone/integration-test/target/test-dir/MiniOzoneClusterImpl-b7a8e372-3268-47e4-95e4-1baa8ccb0650/datanode-2/data/ratis/7acf250a-3a28-4257-b83c-cc427169f078] INFO  segmented.SegmentedRaftLogWorker (SegmentedRaftLogWorker.java:execute(569)) - 7b28d98f-f774-4da4-b3b1-ee2ad2b713ba-SegmentedRaftLogWorker:Storage Directory /workdir/hadoop-ozone/integration-test/target/test-dir/MiniOzoneClusterImpl-b7a8e372-3268-47e4-95e4-1baa8ccb0650/datanode-2/data/ratis/7acf250a-3a28-4257-b83c-cc427169f078: created new log segment /workdir/hadoop-ozone/integration-test/target/test-dir/MiniOzoneClusterImpl-b7a8e372-3268-47e4-95e4-1baa8ccb0650/datanode-2/data/ratis/7acf250a-3a28-4257-b83c-cc427169f078/current/log_inprogress_0
2019-08-23 10:07:12,236 [9e515754-7f8b-46df-9ca3-146e5874d0fb-SegmentedRaftLogWorker:Storage Directory /workdir/hadoop-ozone/integration-test/target/test-dir/MiniOzoneClusterImpl-b7a8e372-3268-47e4-95e4-1baa8ccb0650/datanode-1/data/ratis/7acf250a-3a28-4257-b83c-cc427169f078] INFO  segmented.SegmentedRaftLogWorker (SegmentedRaftLogWorker.java:execute(569)) - 9e515754-7f8b-46df-9ca3-146e5874d0fb-SegmentedRaftLogWorker:Storage Directory /workdir/hadoop-ozone/integration-test/target/test-dir/MiniOzoneClusterImpl-b7a8e372-3268-47e4-95e4-1baa8ccb0650/datanode-1/data/ratis/7acf250a-3a28-4257-b83c-cc427169f078: created new log segment /workdir/hadoop-ozone/integration-test/target/test-dir/MiniOzoneClusterImpl-b7a8e372-3268-47e4-95e4-1baa8ccb0650/datanode-1/data/ratis/7acf250a-3a28-4257-b83c-cc427169f078/current/log_inprogress_0
2019-08-23 10:07:12,236 [b71bf4d4-b0f4-4b17-850e-14fbc35fc534-SegmentedRaftLogWorker:Storage Directory /workdir/hadoop-ozone/integration-test/target/test-dir/MiniOzoneClusterImpl-b7a8e372-3268-47e4-95e4-1baa8ccb0650/datanode-0/data/ratis/7acf250a-3a28-4257-b83c-cc427169f078] INFO  segmented.SegmentedRaftLogWorker (SegmentedRaftLogWorker.java:execute(569)) - b71bf4d4-b0f4-4b17-850e-14fbc35fc534-SegmentedRaftLogWorker:Storage Directory /workdir/hadoop-ozone/integration-test/target/test-dir/MiniOzoneClusterImpl-b7a8e372-3268-47e4-95e4-1baa8ccb0650/datanode-0/data/ratis/7acf250a-3a28-4257-b83c-cc427169f078: created new log segment /workdir/hadoop-ozone/integration-test/target/test-dir/MiniOzoneClusterImpl-b7a8e372-3268-47e4-95e4-1baa8ccb0650/datanode-0/data/ratis/7acf250a-3a28-4257-b83c-cc427169f078/current/log_inprogress_0
2019-08-23 10:07:12,253 [Thread-3272] INFO  impl.FollowerState (FollowerState.java:run(106)) - bba6b2d4-c4a5-4c91-8048-dc3b2f1adf2c:group-D7269DFC8935 changes to CANDIDATE, lastRpcTime:5042, electionTimeout:5042ms
2019-08-23 10:07:12,253 [Thread-3272] INFO  impl.RoleInfo (RoleInfo.java:shutdownFollowerState(121)) - bba6b2d4-c4a5-4c91-8048-dc3b2f1adf2c: shutdown FollowerState
2019-08-23 10:07:12,253 [Thread-3272] INFO  impl.RaftServerImpl (RaftServerImpl.java:setRole(171)) - bba6b2d4-c4a5-4c91-8048-dc3b2f1adf2c:group-D7269DFC8935 changes role from FOLLOWER to CANDIDATE at term 0 for changeToCandidate
2019-08-23 10:07:12,253 [Thread-3272] INFO  impl.RoleInfo (RoleInfo.java:updateAndGet(143)) - bba6b2d4-c4a5-4c91-8048-dc3b2f1adf2c: start LeaderElection
2019-08-23 10:07:12,270 [bba6b2d4-c4a5-4c91-8048-dc3b2f1adf2c:group-D7269DFC8935:LeaderElection62] INFO  impl.LeaderElection (LeaderElection.java:askForVotes(181)) - bba6b2d4-c4a5-4c91-8048-dc3b2f1adf2c:group-D7269DFC8935:LeaderElection62: begin an election at term 1 for -1: [bba6b2d4-c4a5-4c91-8048-dc3b2f1adf2c:192.168.5.185:36607], old=null
2019-08-23 10:07:12,270 [bba6b2d4-c4a5-4c91-8048-dc3b2f1adf2c:group-D7269DFC8935:LeaderElection62] INFO  impl.RoleInfo (RoleInfo.java:shutdownLeaderElection(134)) - bba6b2d4-c4a5-4c91-8048-dc3b2f1adf2c: shutdown LeaderElection
2019-08-23 10:07:12,270 [bba6b2d4-c4a5-4c91-8048-dc3b2f1adf2c:group-D7269DFC8935:LeaderElection62] INFO  impl.RaftServerImpl (RaftServerImpl.java:setRole(171)) - bba6b2d4-c4a5-4c91-8048-dc3b2f1adf2c:group-D7269DFC8935 changes role from CANDIDATE to LEADER at term 1 for changeToLeader
2019-08-23 10:07:12,271 [bba6b2d4-c4a5-4c91-8048-dc3b2f1adf2c:group-D7269DFC8935:LeaderElection62] INFO  impl.RaftServerImpl (ServerState.java:setLeader(263)) - bba6b2d4-c4a5-4c91-8048-dc3b2f1adf2c:group-D7269DFC8935 change Leader from null to bba6b2d4-c4a5-4c91-8048-dc3b2f1adf2c at term 1 for becomeLeader, leader elected after 5064ms
2019-08-23 10:07:12,271 [bba6b2d4-c4a5-4c91-8048-dc3b2f1adf2c:group-D7269DFC8935:LeaderElection62] INFO  server.RaftServerConfigKeys (ConfUtils.java:logGet(43)) - raft.server.staging.catchup.gap = 1000 (default)
2019-08-23 10:07:12,271 [bba6b2d4-c4a5-4c91-8048-dc3b2f1adf2c:group-D7269DFC8935:LeaderElection62] INFO  server.RaftServerConfigKeys (ConfUtils.java:logGet(43)) - raft.server.rpc.sleep.time = 25ms (default)
2019-08-23 10:07:12,271 [bba6b2d4-c4a5-4c91-8048-dc3b2f1adf2c:group-D7269DFC8935:LeaderElection62] INFO  server.RaftServerConfigKeys (ConfUtils.java:logGet(43)) - raft.server.write.element-limit = 4096 (default)
2019-08-23 10:07:12,271 [bba6b2d4-c4a5-4c91-8048-dc3b2f1adf2c:group-D7269DFC8935:LeaderElection62] INFO  server.RaftServerConfigKeys (ConfUtils.java:logGet(43)) - raft.server.watch.timeout = 10s (default)
2019-08-23 10:07:12,271 [bba6b2d4-c4a5-4c91-8048-dc3b2f1adf2c:group-D7269DFC8935:LeaderElection62] INFO  server.RaftServerConfigKeys (ConfUtils.java:logGet(43)) - raft.server.watch.timeout.denomination = 1s (default)
2019-08-23 10:07:12,271 [bba6b2d4-c4a5-4c91-8048-dc3b2f1adf2c:group-D7269DFC8935:LeaderElection62] INFO  server.RaftServerConfigKeys (ConfUtils.java:logGet(43)) - raft.server.watch.element-limit = 65536 (default)
2019-08-23 10:07:12,271 [bba6b2d4-c4a5-4c91-8048-dc3b2f1adf2c:group-D7269DFC8935:LeaderElection62] INFO  impl.RoleInfo (RoleInfo.java:updateAndGet(143)) - bba6b2d4-c4a5-4c91-8048-dc3b2f1adf2c: start LeaderState
2019-08-23 10:07:12,272 [bba6b2d4-c4a5-4c91-8048-dc3b2f1adf2c:group-D7269DFC8935:LeaderElection62] INFO  segmented.SegmentedRaftLogWorker (SegmentedRaftLogWorker.java:startLogSegment(380)) - bba6b2d4-c4a5-4c91-8048-dc3b2f1adf2c-SegmentedRaftLogWorker:Storage Directory /workdir/hadoop-ozone/integration-test/target/test-dir/MiniOzoneClusterImpl-b7a8e372-3268-47e4-95e4-1baa8ccb0650/datanode-3/data/ratis/bec9e61f-76f4-446f-87ed-d7269dfc8935: Starting segment from index:0
2019-08-23 10:07:12,272 [bba6b2d4-c4a5-4c91-8048-dc3b2f1adf2c:group-D7269DFC8935:LeaderElection62] INFO  impl.RaftServerImpl (ServerState.java:setRaftConf(361)) - bba6b2d4-c4a5-4c91-8048-dc3b2f1adf2c:group-D7269DFC8935 set configuration 0: [bba6b2d4-c4a5-4c91-8048-dc3b2f1adf2c:192.168.5.185:36607], old=null at 0
2019-08-23 10:07:12,304 | INFO  | SCMAudit | user=jenkins1000 | ip=192.168.5.185 | op=SEND_HEARTBEAT {datanodeUUID=b71bf4d4-b0f4-4b17-850e-14fbc35fc534, command=[]} | ret=SUCCESS |  
2019-08-23 10:07:12,312 [bba6b2d4-c4a5-4c91-8048-dc3b2f1adf2c-SegmentedRaftLogWorker:Storage Directory /workdir/hadoop-ozone/integration-test/target/test-dir/MiniOzoneClusterImpl-b7a8e372-3268-47e4-95e4-1baa8ccb0650/datanode-3/data/ratis/bec9e61f-76f4-446f-87ed-d7269dfc8935] INFO  segmented.SegmentedRaftLogWorker (SegmentedRaftLogWorker.java:execute(569)) - bba6b2d4-c4a5-4c91-8048-dc3b2f1adf2c-SegmentedRaftLogWorker:Storage Directory /workdir/hadoop-ozone/integration-test/target/test-dir/MiniOzoneClusterImpl-b7a8e372-3268-47e4-95e4-1baa8ccb0650/datanode-3/data/ratis/bec9e61f-76f4-446f-87ed-d7269dfc8935: created new log segment /workdir/hadoop-ozone/integration-test/target/test-dir/MiniOzoneClusterImpl-b7a8e372-3268-47e4-95e4-1baa8ccb0650/datanode-3/data/ratis/bec9e61f-76f4-446f-87ed-d7269dfc8935/current/log_inprogress_0
2019-08-23 10:07:12,398 | INFO  | SCMAudit | user=jenkins1000 | ip=192.168.5.185 | op=SEND_HEARTBEAT {datanodeUUID=5494ee63-e09e-4df3-b4cd-311d875bc122, command=[]} | ret=SUCCESS |  
2019-08-23 10:07:12,494 | INFO  | SCMAudit | user=jenkins1000 | ip=192.168.5.185 | op=SEND_HEARTBEAT {datanodeUUID=9e515754-7f8b-46df-9ca3-146e5874d0fb, command=[]} | ret=SUCCESS |  
2019-08-23 10:07:12,521 [Thread-3275] INFO  impl.FollowerState (FollowerState.java:run(106)) - 5494ee63-e09e-4df3-b4cd-311d875bc122:group-557301E92B9E changes to CANDIDATE, lastRpcTime:5081, electionTimeout:5081ms
2019-08-23 10:07:12,521 [Thread-3275] INFO  impl.RoleInfo (RoleInfo.java:shutdownFollowerState(121)) - 5494ee63-e09e-4df3-b4cd-311d875bc122: shutdown FollowerState
2019-08-23 10:07:12,521 [Thread-3275] INFO  impl.RaftServerImpl (RaftServerImpl.java:setRole(171)) - 5494ee63-e09e-4df3-b4cd-311d875bc122:group-557301E92B9E changes role from FOLLOWER to CANDIDATE at term 0 for changeToCandidate
2019-08-23 10:07:12,521 [Thread-3275] INFO  impl.RoleInfo (RoleInfo.java:updateAndGet(143)) - 5494ee63-e09e-4df3-b4cd-311d875bc122: start LeaderElection
2019-08-23 10:07:12,547 [5494ee63-e09e-4df3-b4cd-311d875bc122:group-557301E92B9E:LeaderElection63] INFO  impl.LeaderElection (LeaderElection.java:askForVotes(181)) - 5494ee63-e09e-4df3-b4cd-311d875bc122:group-557301E92B9E:LeaderElection63: begin an election at term 1 for -1: [5494ee63-e09e-4df3-b4cd-311d875bc122:192.168.5.185:46815], old=null
2019-08-23 10:07:12,547 [5494ee63-e09e-4df3-b4cd-311d875bc122:group-557301E92B9E:LeaderElection63] INFO  impl.RoleInfo (RoleInfo.java:shutdownLeaderElection(134)) - 5494ee63-e09e-4df3-b4cd-311d875bc122: shutdown LeaderElection
2019-08-23 10:07:12,548 [5494ee63-e09e-4df3-b4cd-311d875bc122:group-557301E92B9E:LeaderElection63] INFO  impl.RaftServerImpl (RaftServerImpl.java:setRole(171)) - 5494ee63-e09e-4df3-b4cd-311d875bc122:group-557301E92B9E changes role from CANDIDATE to LEADER at term 1 for changeToLeader
2019-08-23 10:07:12,548 [5494ee63-e09e-4df3-b4cd-311d875bc122:group-557301E92B9E:LeaderElection63] INFO  impl.RaftServerImpl (ServerState.java:setLeader(263)) - 5494ee63-e09e-4df3-b4cd-311d875bc122:group-557301E92B9E change Leader from null to 5494ee63-e09e-4df3-b4cd-311d875bc122 at term 1 for becomeLeader, leader elected after 5111ms
2019-08-23 10:07:12,548 [5494ee63-e09e-4df3-b4cd-311d875bc122:group-557301E92B9E:LeaderElection63] INFO  server.RaftServerConfigKeys (ConfUtils.java:logGet(43)) - raft.server.staging.catchup.gap = 1000 (default)
2019-08-23 10:07:12,548 [5494ee63-e09e-4df3-b4cd-311d875bc122:group-557301E92B9E:LeaderElection63] INFO  server.RaftServerConfigKeys (ConfUtils.java:logGet(43)) - raft.server.rpc.sleep.time = 25ms (default)
2019-08-23 10:07:12,548 [5494ee63-e09e-4df3-b4cd-311d875bc122:group-557301E92B9E:LeaderElection63] INFO  server.RaftServerConfigKeys (ConfUtils.java:logGet(43)) - raft.server.write.element-limit = 4096 (default)
2019-08-23 10:07:12,548 [5494ee63-e09e-4df3-b4cd-311d875bc122:group-557301E92B9E:LeaderElection63] INFO  server.RaftServerConfigKeys (ConfUtils.java:logGet(43)) - raft.server.watch.timeout = 10s (default)
2019-08-23 10:07:12,548 [5494ee63-e09e-4df3-b4cd-311d875bc122:group-557301E92B9E:LeaderElection63] INFO  server.RaftServerConfigKeys (ConfUtils.java:logGet(43)) - raft.server.watch.timeout.denomination = 1s (default)
2019-08-23 10:07:12,548 [5494ee63-e09e-4df3-b4cd-311d875bc122:group-557301E92B9E:LeaderElection63] INFO  server.RaftServerConfigKeys (ConfUtils.java:logGet(43)) - raft.server.watch.element-limit = 65536 (default)
2019-08-23 10:07:12,549 [5494ee63-e09e-4df3-b4cd-311d875bc122:group-557301E92B9E:LeaderElection63] INFO  impl.RoleInfo (RoleInfo.java:updateAndGet(143)) - 5494ee63-e09e-4df3-b4cd-311d875bc122: start LeaderState
2019-08-23 10:07:12,549 [5494ee63-e09e-4df3-b4cd-311d875bc122:group-557301E92B9E:LeaderElection63] INFO  segmented.SegmentedRaftLogWorker (SegmentedRaftLogWorker.java:startLogSegment(380)) - 5494ee63-e09e-4df3-b4cd-311d875bc122-SegmentedRaftLogWorker:Storage Directory /workdir/hadoop-ozone/integration-test/target/test-dir/MiniOzoneClusterImpl-b7a8e372-3268-47e4-95e4-1baa8ccb0650/datanode-4/data/ratis/92387db1-a706-4fbc-835f-557301e92b9e: Starting segment from index:0
2019-08-23 10:07:12,549 [5494ee63-e09e-4df3-b4cd-311d875bc122:group-557301E92B9E:LeaderElection63] INFO  impl.RaftServerImpl (ServerState.java:setRaftConf(361)) - 5494ee63-e09e-4df3-b4cd-311d875bc122:group-557301E92B9E set configuration 0: [5494ee63-e09e-4df3-b4cd-311d875bc122:192.168.5.185:46815], old=null at 0
2019-08-23 10:07:12,591 | INFO  | SCMAudit | user=jenkins1000 | ip=192.168.5.185 | op=SEND_HEARTBEAT {datanodeUUID=80f273f3-706b-492f-9f47-fe3dda8bc170, command=[]} | ret=SUCCESS |  
2019-08-23 10:07:12,600 [5494ee63-e09e-4df3-b4cd-311d875bc122-SegmentedRaftLogWorker:Storage Directory /workdir/hadoop-ozone/integration-test/target/test-dir/MiniOzoneClusterImpl-b7a8e372-3268-47e4-95e4-1baa8ccb0650/datanode-4/data/ratis/92387db1-a706-4fbc-835f-557301e92b9e] INFO  segmented.SegmentedRaftLogWorker (SegmentedRaftLogWorker.java:execute(569)) - 5494ee63-e09e-4df3-b4cd-311d875bc122-SegmentedRaftLogWorker:Storage Directory /workdir/hadoop-ozone/integration-test/target/test-dir/MiniOzoneClusterImpl-b7a8e372-3268-47e4-95e4-1baa8ccb0650/datanode-4/data/ratis/92387db1-a706-4fbc-835f-557301e92b9e: created new log segment /workdir/hadoop-ozone/integration-test/target/test-dir/MiniOzoneClusterImpl-b7a8e372-3268-47e4-95e4-1baa8ccb0650/datanode-4/data/ratis/92387db1-a706-4fbc-835f-557301e92b9e/current/log_inprogress_0
2019-08-23 10:07:12,702 [Thread-3284] INFO  impl.FollowerState (FollowerState.java:run(106)) - bba6b2d4-c4a5-4c91-8048-dc3b2f1adf2c:group-9FC0456768B7 changes to CANDIDATE, lastRpcTime:5012, electionTimeout:5012ms
2019-08-23 10:07:12,702 [Thread-3284] INFO  impl.RoleInfo (RoleInfo.java:shutdownFollowerState(121)) - bba6b2d4-c4a5-4c91-8048-dc3b2f1adf2c: shutdown FollowerState
2019-08-23 10:07:12,703 [Thread-3284] INFO  impl.RaftServerImpl (RaftServerImpl.java:setRole(171)) - bba6b2d4-c4a5-4c91-8048-dc3b2f1adf2c:group-9FC0456768B7 changes role from FOLLOWER to CANDIDATE at term 0 for changeToCandidate
2019-08-23 10:07:12,703 [Thread-3284] INFO  impl.RoleInfo (RoleInfo.java:updateAndGet(143)) - bba6b2d4-c4a5-4c91-8048-dc3b2f1adf2c: start LeaderElection
2019-08-23 10:07:12,734 [bba6b2d4-c4a5-4c91-8048-dc3b2f1adf2c:group-9FC0456768B7:LeaderElection64] INFO  impl.LeaderElection (LeaderElection.java:askForVotes(181)) - bba6b2d4-c4a5-4c91-8048-dc3b2f1adf2c:group-9FC0456768B7:LeaderElection64: begin an election at term 1 for -1: [bba6b2d4-c4a5-4c91-8048-dc3b2f1adf2c:192.168.5.185:36607, 5494ee63-e09e-4df3-b4cd-311d875bc122:192.168.5.185:46815, 80f273f3-706b-492f-9f47-fe3dda8bc170:192.168.5.185:45231], old=null
2019-08-23 10:07:12,738 [grpc-default-executor-8] INFO  impl.RaftServerImpl (RaftServerImpl.java:setRole(171)) - 5494ee63-e09e-4df3-b4cd-311d875bc122:group-9FC0456768B7 changes role from FOLLOWER to FOLLOWER at term 1 for recognizeCandidate:bba6b2d4-c4a5-4c91-8048-dc3b2f1adf2c
2019-08-23 10:07:12,738 [grpc-default-executor-6] INFO  impl.RaftServerImpl (RaftServerImpl.java:setRole(171)) - 80f273f3-706b-492f-9f47-fe3dda8bc170:group-9FC0456768B7 changes role from FOLLOWER to FOLLOWER at term 1 for recognizeCandidate:bba6b2d4-c4a5-4c91-8048-dc3b2f1adf2c
2019-08-23 10:07:12,739 [grpc-default-executor-8] INFO  impl.RoleInfo (RoleInfo.java:shutdownFollowerState(121)) - 5494ee63-e09e-4df3-b4cd-311d875bc122: shutdown FollowerState
2019-08-23 10:07:12,739 [grpc-default-executor-6] INFO  impl.RoleInfo (RoleInfo.java:shutdownFollowerState(121)) - 80f273f3-706b-492f-9f47-fe3dda8bc170: shutdown FollowerState
2019-08-23 10:07:12,739 [Thread-3287] INFO  impl.FollowerState (FollowerState.java:run(114)) - 5494ee63-e09e-4df3-b4cd-311d875bc122: FollowerState was interrupted: java.lang.InterruptedException: sleep interrupted
2019-08-23 10:07:12,739 [grpc-default-executor-8] INFO  impl.RoleInfo (RoleInfo.java:updateAndGet(143)) - 5494ee63-e09e-4df3-b4cd-311d875bc122: start FollowerState
2019-08-23 10:07:12,739 [Thread-3281] INFO  impl.FollowerState (FollowerState.java:run(114)) - 80f273f3-706b-492f-9f47-fe3dda8bc170: FollowerState was interrupted: java.lang.InterruptedException: sleep interrupted
2019-08-23 10:07:12,739 [grpc-default-executor-6] INFO  impl.RoleInfo (RoleInfo.java:updateAndGet(143)) - 80f273f3-706b-492f-9f47-fe3dda8bc170: start FollowerState
2019-08-23 10:07:12,757 [Thread-3278] INFO  impl.FollowerState (FollowerState.java:run(106)) - 80f273f3-706b-492f-9f47-fe3dda8bc170:group-3ABD68C0DBE7 changes to CANDIDATE, lastRpcTime:5126, electionTimeout:5126ms
2019-08-23 10:07:12,757 [Thread-3278] INFO  impl.RoleInfo (RoleInfo.java:shutdownFollowerState(121)) - 80f273f3-706b-492f-9f47-fe3dda8bc170: shutdown FollowerState
2019-08-23 10:07:12,757 [Thread-3278] INFO  impl.RaftServerImpl (RaftServerImpl.java:setRole(171)) - 80f273f3-706b-492f-9f47-fe3dda8bc170:group-3ABD68C0DBE7 changes role from FOLLOWER to CANDIDATE at term 0 for changeToCandidate
2019-08-23 10:07:12,757 [Thread-3278] INFO  impl.RoleInfo (RoleInfo.java:updateAndGet(143)) - 80f273f3-706b-492f-9f47-fe3dda8bc170: start LeaderElection
2019-08-23 10:07:12,773 [bba6b2d4-c4a5-4c91-8048-dc3b2f1adf2c:group-9FC0456768B7:LeaderElection64] INFO  impl.LeaderElection (LeaderElection.java:logAndReturn(56)) - bba6b2d4-c4a5-4c91-8048-dc3b2f1adf2c:group-9FC0456768B7:LeaderElection64: Election PASSED; received 1 response(s) [bba6b2d4-c4a5-4c91-8048-dc3b2f1adf2c<-80f273f3-706b-492f-9f47-fe3dda8bc170#0:OK-t1] and 0 exception(s); bba6b2d4-c4a5-4c91-8048-dc3b2f1adf2c:t1, leader=null, voted=bba6b2d4-c4a5-4c91-8048-dc3b2f1adf2c, raftlog=bba6b2d4-c4a5-4c91-8048-dc3b2f1adf2c-SegmentedRaftLog:OPENED:c-1,f-1,i0, conf=-1: [bba6b2d4-c4a5-4c91-8048-dc3b2f1adf2c:192.168.5.185:36607, 5494ee63-e09e-4df3-b4cd-311d875bc122:192.168.5.185:46815, 80f273f3-706b-492f-9f47-fe3dda8bc170:192.168.5.185:45231], old=null
2019-08-23 10:07:12,773 [bba6b2d4-c4a5-4c91-8048-dc3b2f1adf2c:group-9FC0456768B7:LeaderElection64] INFO  impl.RoleInfo (RoleInfo.java:shutdownLeaderElection(134)) - bba6b2d4-c4a5-4c91-8048-dc3b2f1adf2c: shutdown LeaderElection
2019-08-23 10:07:12,773 [bba6b2d4-c4a5-4c91-8048-dc3b2f1adf2c:group-9FC0456768B7:LeaderElection64] INFO  impl.RaftServerImpl (RaftServerImpl.java:setRole(171)) - bba6b2d4-c4a5-4c91-8048-dc3b2f1adf2c:group-9FC0456768B7 changes role from CANDIDATE to LEADER at term 1 for changeToLeader
2019-08-23 10:07:12,774 [bba6b2d4-c4a5-4c91-8048-dc3b2f1adf2c:group-9FC0456768B7:LeaderElection64] INFO  impl.RaftServerImpl (ServerState.java:setLeader(263)) - bba6b2d4-c4a5-4c91-8048-dc3b2f1adf2c:group-9FC0456768B7 change Leader from null to bba6b2d4-c4a5-4c91-8048-dc3b2f1adf2c at term 1 for becomeLeader, leader elected after 5095ms
2019-08-23 10:07:12,774 [bba6b2d4-c4a5-4c91-8048-dc3b2f1adf2c:group-9FC0456768B7:LeaderElection64] INFO  server.RaftServerConfigKeys (ConfUtils.java:logGet(43)) - raft.server.staging.catchup.gap = 1000 (default)
2019-08-23 10:07:12,774 [bba6b2d4-c4a5-4c91-8048-dc3b2f1adf2c:group-9FC0456768B7:LeaderElection64] INFO  server.RaftServerConfigKeys (ConfUtils.java:logGet(43)) - raft.server.rpc.sleep.time = 25ms (default)
2019-08-23 10:07:12,774 [bba6b2d4-c4a5-4c91-8048-dc3b2f1adf2c:group-9FC0456768B7:LeaderElection64] INFO  server.RaftServerConfigKeys (ConfUtils.java:logGet(43)) - raft.server.write.element-limit = 4096 (default)
2019-08-23 10:07:12,774 [bba6b2d4-c4a5-4c91-8048-dc3b2f1adf2c:group-9FC0456768B7:LeaderElection64] INFO  server.RaftServerConfigKeys (ConfUtils.java:logGet(43)) - raft.server.watch.timeout = 10s (default)
2019-08-23 10:07:12,774 [bba6b2d4-c4a5-4c91-8048-dc3b2f1adf2c:group-9FC0456768B7:LeaderElection64] INFO  server.RaftServerConfigKeys (ConfUtils.java:logGet(43)) - raft.server.watch.timeout.denomination = 1s (default)
2019-08-23 10:07:12,775 [bba6b2d4-c4a5-4c91-8048-dc3b2f1adf2c:group-9FC0456768B7:LeaderElection64] INFO  server.RaftServerConfigKeys (ConfUtils.java:logGet(43)) - raft.server.watch.element-limit = 65536 (default)
2019-08-23 10:07:12,775 [bba6b2d4-c4a5-4c91-8048-dc3b2f1adf2c:group-9FC0456768B7:LeaderElection64] INFO  server.RaftServerConfigKeys (ConfUtils.java:logGet(43)) - raft.server.log.appender.snapshot.chunk.size.max = 16MB (=16777216) (default)
2019-08-23 10:07:12,775 [bba6b2d4-c4a5-4c91-8048-dc3b2f1adf2c:group-9FC0456768B7:LeaderElection64] INFO  server.RaftServerConfigKeys (ConfUtils.java:logGet(43)) - raft.server.log.appender.buffer.byte-limit = 33554432 (custom)
2019-08-23 10:07:12,775 [bba6b2d4-c4a5-4c91-8048-dc3b2f1adf2c:group-9FC0456768B7:LeaderElection64] INFO  server.RaftServerConfigKeys (ConfUtils.java:logGet(43)) - raft.server.log.appender.buffer.element-limit = 1 (custom)
2019-08-23 10:07:12,776 [bba6b2d4-c4a5-4c91-8048-dc3b2f1adf2c:group-9FC0456768B7:LeaderElection64] INFO  grpc.GrpcConfigKeys$Server (ConfUtils.java:logGet(43)) - raft.grpc.server.leader.outstanding.appends.max = 128 (default)
2019-08-23 10:07:12,776 [bba6b2d4-c4a5-4c91-8048-dc3b2f1adf2c:group-9FC0456768B7:LeaderElection64] INFO  server.RaftServerConfigKeys (ConfUtils.java:logGet(43)) - raft.server.rpc.request.timeout = 3000ms (default)
2019-08-23 10:07:12,776 [bba6b2d4-c4a5-4c91-8048-dc3b2f1adf2c:group-9FC0456768B7:LeaderElection64] INFO  server.RaftServerConfigKeys (ConfUtils.java:logGet(43)) - raft.server.log.appender.install.snapshot.enabled = false (custom)
2019-08-23 10:07:12,776 [bba6b2d4-c4a5-4c91-8048-dc3b2f1adf2c:group-9FC0456768B7:LeaderElection64] INFO  server.RaftServerConfigKeys (ConfUtils.java:logGet(43)) - raft.server.log.appender.snapshot.chunk.size.max = 16MB (=16777216) (default)
2019-08-23 10:07:12,776 [bba6b2d4-c4a5-4c91-8048-dc3b2f1adf2c:group-9FC0456768B7:LeaderElection64] INFO  server.RaftServerConfigKeys (ConfUtils.java:logGet(43)) - raft.server.log.appender.buffer.byte-limit = 33554432 (custom)
2019-08-23 10:07:12,776 [bba6b2d4-c4a5-4c91-8048-dc3b2f1adf2c:group-9FC0456768B7:LeaderElection64] INFO  server.RaftServerConfigKeys (ConfUtils.java:logGet(43)) - raft.server.log.appender.buffer.element-limit = 1 (custom)
2019-08-23 10:07:12,777 [bba6b2d4-c4a5-4c91-8048-dc3b2f1adf2c:group-9FC0456768B7:LeaderElection64] INFO  grpc.GrpcConfigKeys$Server (ConfUtils.java:logGet(43)) - raft.grpc.server.leader.outstanding.appends.max = 128 (default)
2019-08-23 10:07:12,777 [bba6b2d4-c4a5-4c91-8048-dc3b2f1adf2c:group-9FC0456768B7:LeaderElection64] INFO  server.RaftServerConfigKeys (ConfUtils.java:logGet(43)) - raft.server.rpc.request.timeout = 3000ms (default)
2019-08-23 10:07:12,777 [bba6b2d4-c4a5-4c91-8048-dc3b2f1adf2c:group-9FC0456768B7:LeaderElection64] INFO  server.RaftServerConfigKeys (ConfUtils.java:logGet(43)) - raft.server.log.appender.install.snapshot.enabled = false (custom)
2019-08-23 10:07:12,777 [bba6b2d4-c4a5-4c91-8048-dc3b2f1adf2c:group-9FC0456768B7:LeaderElection64] INFO  impl.RoleInfo (RoleInfo.java:updateAndGet(143)) - bba6b2d4-c4a5-4c91-8048-dc3b2f1adf2c: start LeaderState
2019-08-23 10:07:12,778 [bba6b2d4-c4a5-4c91-8048-dc3b2f1adf2c:group-9FC0456768B7:LeaderElection64] INFO  segmented.SegmentedRaftLogWorker (SegmentedRaftLogWorker.java:startLogSegment(380)) - bba6b2d4-c4a5-4c91-8048-dc3b2f1adf2c-SegmentedRaftLogWorker:Storage Directory /workdir/hadoop-ozone/integration-test/target/test-dir/MiniOzoneClusterImpl-b7a8e372-3268-47e4-95e4-1baa8ccb0650/datanode-3/data/ratis/1a23999a-518f-4643-b138-9fc0456768b7: Starting segment from index:0
2019-08-23 10:07:12,779 [bba6b2d4-c4a5-4c91-8048-dc3b2f1adf2c:group-9FC0456768B7:LeaderElection64] INFO  impl.RaftServerImpl (ServerState.java:setRaftConf(361)) - bba6b2d4-c4a5-4c91-8048-dc3b2f1adf2c:group-9FC0456768B7 set configuration 0: [bba6b2d4-c4a5-4c91-8048-dc3b2f1adf2c:192.168.5.185:36607, 5494ee63-e09e-4df3-b4cd-311d875bc122:192.168.5.185:46815, 80f273f3-706b-492f-9f47-fe3dda8bc170:192.168.5.185:45231], old=null at 0
2019-08-23 10:07:12,814 [80f273f3-706b-492f-9f47-fe3dda8bc170:group-3ABD68C0DBE7:LeaderElection65] INFO  impl.LeaderElection (LeaderElection.java:askForVotes(181)) - 80f273f3-706b-492f-9f47-fe3dda8bc170:group-3ABD68C0DBE7:LeaderElection65: begin an election at term 1 for -1: [80f273f3-706b-492f-9f47-fe3dda8bc170:192.168.5.185:45231], old=null
2019-08-23 10:07:12,814 [80f273f3-706b-492f-9f47-fe3dda8bc170:group-3ABD68C0DBE7:LeaderElection65] INFO  impl.RoleInfo (RoleInfo.java:shutdownLeaderElection(134)) - 80f273f3-706b-492f-9f47-fe3dda8bc170: shutdown LeaderElection
2019-08-23 10:07:12,814 [80f273f3-706b-492f-9f47-fe3dda8bc170:group-3ABD68C0DBE7:LeaderElection65] INFO  impl.RaftServerImpl (RaftServerImpl.java:setRole(171)) - 80f273f3-706b-492f-9f47-fe3dda8bc170:group-3ABD68C0DBE7 changes role from CANDIDATE to LEADER at term 1 for changeToLeader
2019-08-23 10:07:12,814 [80f273f3-706b-492f-9f47-fe3dda8bc170:group-3ABD68C0DBE7:LeaderElection65] INFO  impl.RaftServerImpl (ServerState.java:setLeader(263)) - 80f273f3-706b-492f-9f47-fe3dda8bc170:group-3ABD68C0DBE7 change Leader from null to 80f273f3-706b-492f-9f47-fe3dda8bc170 at term 1 for becomeLeader, leader elected after 5187ms
2019-08-23 10:07:12,814 | INFO  | SCMAudit | user=jenkins1000 | ip=192.168.5.185 | op=SEND_HEARTBEAT {datanodeUUID=8453f9b2-d485-4adb-8d6d-ab08f3e408ba, command=[]} | ret=SUCCESS |  
2019-08-23 10:07:12,814 [80f273f3-706b-492f-9f47-fe3dda8bc170:group-3ABD68C0DBE7:LeaderElection65] INFO  server.RaftServerConfigKeys (ConfUtils.java:logGet(43)) - raft.server.staging.catchup.gap = 1000 (default)
2019-08-23 10:07:12,814 [80f273f3-706b-492f-9f47-fe3dda8bc170:group-3ABD68C0DBE7:LeaderElection65] INFO  server.RaftServerConfigKeys (ConfUtils.java:logGet(43)) - raft.server.rpc.sleep.time = 25ms (default)
2019-08-23 10:07:12,816 [grpc-default-executor-6] INFO  impl.RaftServerImpl (ServerState.java:setLeader(263)) - 5494ee63-e09e-4df3-b4cd-311d875bc122:group-9FC0456768B7 change Leader from null to bba6b2d4-c4a5-4c91-8048-dc3b2f1adf2c at term 1 for appendEntries, leader elected after 5138ms
2019-08-23 10:07:12,816 [80f273f3-706b-492f-9f47-fe3dda8bc170:group-3ABD68C0DBE7:LeaderElection65] INFO  server.RaftServerConfigKeys (ConfUtils.java:logGet(43)) - raft.server.write.element-limit = 4096 (default)
2019-08-23 10:07:12,817 [80f273f3-706b-492f-9f47-fe3dda8bc170:group-3ABD68C0DBE7:LeaderElection65] INFO  server.RaftServerConfigKeys (ConfUtils.java:logGet(43)) - raft.server.watch.timeout = 10s (default)
2019-08-23 10:07:12,818 [grpc-default-executor-8] INFO  impl.RaftServerImpl (ServerState.java:setLeader(263)) - 80f273f3-706b-492f-9f47-fe3dda8bc170:group-9FC0456768B7 change Leader from null to bba6b2d4-c4a5-4c91-8048-dc3b2f1adf2c at term 1 for appendEntries, leader elected after 5141ms
2019-08-23 10:07:12,819 [80f273f3-706b-492f-9f47-fe3dda8bc170:group-3ABD68C0DBE7:LeaderElection65] INFO  server.RaftServerConfigKeys (ConfUtils.java:logGet(43)) - raft.server.watch.timeout.denomination = 1s (default)
2019-08-23 10:07:12,819 [80f273f3-706b-492f-9f47-fe3dda8bc170:group-3ABD68C0DBE7:LeaderElection65] INFO  server.RaftServerConfigKeys (ConfUtils.java:logGet(43)) - raft.server.watch.element-limit = 65536 (default)
2019-08-23 10:07:12,819 [80f273f3-706b-492f-9f47-fe3dda8bc170:group-3ABD68C0DBE7:LeaderElection65] INFO  impl.RoleInfo (RoleInfo.java:updateAndGet(143)) - 80f273f3-706b-492f-9f47-fe3dda8bc170: start LeaderState
2019-08-23 10:07:12,819 [80f273f3-706b-492f-9f47-fe3dda8bc170:group-3ABD68C0DBE7:LeaderElection65] INFO  segmented.SegmentedRaftLogWorker (SegmentedRaftLogWorker.java:startLogSegment(380)) - 80f273f3-706b-492f-9f47-fe3dda8bc170-SegmentedRaftLogWorker:Storage Directory /workdir/hadoop-ozone/integration-test/target/test-dir/MiniOzoneClusterImpl-b7a8e372-3268-47e4-95e4-1baa8ccb0650/datanode-5/data/ratis/3782260a-7759-40f8-9a52-3abd68c0dbe7: Starting segment from index:0
2019-08-23 10:07:12,820 [80f273f3-706b-492f-9f47-fe3dda8bc170:group-3ABD68C0DBE7:LeaderElection65] INFO  impl.RaftServerImpl (ServerState.java:setRaftConf(361)) - 80f273f3-706b-492f-9f47-fe3dda8bc170:group-3ABD68C0DBE7 set configuration 0: [80f273f3-706b-492f-9f47-fe3dda8bc170:192.168.5.185:45231], old=null at 0
2019-08-23 10:07:12,849 [bba6b2d4-c4a5-4c91-8048-dc3b2f1adf2c-SegmentedRaftLogWorker:Storage Directory /workdir/hadoop-ozone/integration-test/target/test-dir/MiniOzoneClusterImpl-b7a8e372-3268-47e4-95e4-1baa8ccb0650/datanode-3/data/ratis/1a23999a-518f-4643-b138-9fc0456768b7] INFO  segmented.SegmentedRaftLogWorker (SegmentedRaftLogWorker.java:execute(569)) - bba6b2d4-c4a5-4c91-8048-dc3b2f1adf2c-SegmentedRaftLogWorker:Storage Directory /workdir/hadoop-ozone/integration-test/target/test-dir/MiniOzoneClusterImpl-b7a8e372-3268-47e4-95e4-1baa8ccb0650/datanode-3/data/ratis/1a23999a-518f-4643-b138-9fc0456768b7: created new log segment /workdir/hadoop-ozone/integration-test/target/test-dir/MiniOzoneClusterImpl-b7a8e372-3268-47e4-95e4-1baa8ccb0650/datanode-3/data/ratis/1a23999a-518f-4643-b138-9fc0456768b7/current/log_inprogress_0
2019-08-23 10:07:12,849 [grpc-default-executor-8] INFO  impl.RaftServerImpl (ServerState.java:setRaftConf(361)) - 5494ee63-e09e-4df3-b4cd-311d875bc122:group-9FC0456768B7 set configuration 0: [bba6b2d4-c4a5-4c91-8048-dc3b2f1adf2c:192.168.5.185:36607, 5494ee63-e09e-4df3-b4cd-311d875bc122:192.168.5.185:46815, 80f273f3-706b-492f-9f47-fe3dda8bc170:192.168.5.185:45231], old=null at 0
2019-08-23 10:07:12,850 [grpc-default-executor-8] INFO  segmented.SegmentedRaftLogWorker (SegmentedRaftLogWorker.java:startLogSegment(380)) - 5494ee63-e09e-4df3-b4cd-311d875bc122-SegmentedRaftLogWorker:Storage Directory /workdir/hadoop-ozone/integration-test/target/test-dir/MiniOzoneClusterImpl-b7a8e372-3268-47e4-95e4-1baa8ccb0650/datanode-4/data/ratis/1a23999a-518f-4643-b138-9fc0456768b7: Starting segment from index:0
2019-08-23 10:07:12,884 [grpc-default-executor-8] INFO  impl.RaftServerImpl (ServerState.java:setRaftConf(361)) - 80f273f3-706b-492f-9f47-fe3dda8bc170:group-9FC0456768B7 set configuration 0: [bba6b2d4-c4a5-4c91-8048-dc3b2f1adf2c:192.168.5.185:36607, 5494ee63-e09e-4df3-b4cd-311d875bc122:192.168.5.185:46815, 80f273f3-706b-492f-9f47-fe3dda8bc170:192.168.5.185:45231], old=null at 0
2019-08-23 10:07:12,884 [80f273f3-706b-492f-9f47-fe3dda8bc170-SegmentedRaftLogWorker:Storage Directory /workdir/hadoop-ozone/integration-test/target/test-dir/MiniOzoneClusterImpl-b7a8e372-3268-47e4-95e4-1baa8ccb0650/datanode-5/data/ratis/3782260a-7759-40f8-9a52-3abd68c0dbe7] INFO  segmented.SegmentedRaftLogWorker (SegmentedRaftLogWorker.java:execute(569)) - 80f273f3-706b-492f-9f47-fe3dda8bc170-SegmentedRaftLogWorker:Storage Directory /workdir/hadoop-ozone/integration-test/target/test-dir/MiniOzoneClusterImpl-b7a8e372-3268-47e4-95e4-1baa8ccb0650/datanode-5/data/ratis/3782260a-7759-40f8-9a52-3abd68c0dbe7: created new log segment /workdir/hadoop-ozone/integration-test/target/test-dir/MiniOzoneClusterImpl-b7a8e372-3268-47e4-95e4-1baa8ccb0650/datanode-5/data/ratis/3782260a-7759-40f8-9a52-3abd68c0dbe7/current/log_inprogress_0
2019-08-23 10:07:12,884 [grpc-default-executor-8] INFO  segmented.SegmentedRaftLogWorker (SegmentedRaftLogWorker.java:startLogSegment(380)) - 80f273f3-706b-492f-9f47-fe3dda8bc170-SegmentedRaftLogWorker:Storage Directory /workdir/hadoop-ozone/integration-test/target/test-dir/MiniOzoneClusterImpl-b7a8e372-3268-47e4-95e4-1baa8ccb0650/datanode-5/data/ratis/1a23999a-518f-4643-b138-9fc0456768b7: Starting segment from index:0
2019-08-23 10:07:12,892 [5494ee63-e09e-4df3-b4cd-311d875bc122-SegmentedRaftLogWorker:Storage Directory /workdir/hadoop-ozone/integration-test/target/test-dir/MiniOzoneClusterImpl-b7a8e372-3268-47e4-95e4-1baa8ccb0650/datanode-4/data/ratis/1a23999a-518f-4643-b138-9fc0456768b7] INFO  segmented.SegmentedRaftLogWorker (SegmentedRaftLogWorker.java:execute(569)) - 5494ee63-e09e-4df3-b4cd-311d875bc122-SegmentedRaftLogWorker:Storage Directory /workdir/hadoop-ozone/integration-test/target/test-dir/MiniOzoneClusterImpl-b7a8e372-3268-47e4-95e4-1baa8ccb0650/datanode-4/data/ratis/1a23999a-518f-4643-b138-9fc0456768b7: created new log segment /workdir/hadoop-ozone/integration-test/target/test-dir/MiniOzoneClusterImpl-b7a8e372-3268-47e4-95e4-1baa8ccb0650/datanode-4/data/ratis/1a23999a-518f-4643-b138-9fc0456768b7/current/log_inprogress_0
2019-08-23 10:07:12,923 [grpc-default-executor-8] INFO  client.GrpcClientProtocolClient (GrpcClientProtocolClient.java:onNext(255)) - client-3B28D4C4CE34->b71bf4d4-b0f4-4b17-850e-14fbc35fc534: receive RaftClientReply:client-3B28D4C4CE34->b71bf4d4-b0f4-4b17-850e-14fbc35fc534@group-CC427169F078, cid=163, FAILED org.apache.ratis.protocol.NotLeaderException: Server b71bf4d4-b0f4-4b17-850e-14fbc35fc534 is not the leader (7b28d98f-f774-4da4-b3b1-ee2ad2b713ba:192.168.5.185:35950). Request must be sent to leader., logIndex=0, commits[b71bf4d4-b0f4-4b17-850e-14fbc35fc534:c-1, 9e515754-7f8b-46df-9ca3-146e5874d0fb:c-1, 7b28d98f-f774-4da4-b3b1-ee2ad2b713ba:c-1]
2019-08-23 10:07:12,926 [80f273f3-706b-492f-9f47-fe3dda8bc170-SegmentedRaftLogWorker:Storage Directory /workdir/hadoop-ozone/integration-test/target/test-dir/MiniOzoneClusterImpl-b7a8e372-3268-47e4-95e4-1baa8ccb0650/datanode-5/data/ratis/1a23999a-518f-4643-b138-9fc0456768b7] INFO  segmented.SegmentedRaftLogWorker (SegmentedRaftLogWorker.java:execute(569)) - 80f273f3-706b-492f-9f47-fe3dda8bc170-SegmentedRaftLogWorker:Storage Directory /workdir/hadoop-ozone/integration-test/target/test-dir/MiniOzoneClusterImpl-b7a8e372-3268-47e4-95e4-1baa8ccb0650/datanode-5/data/ratis/1a23999a-518f-4643-b138-9fc0456768b7: created new log segment /workdir/hadoop-ozone/integration-test/target/test-dir/MiniOzoneClusterImpl-b7a8e372-3268-47e4-95e4-1baa8ccb0650/datanode-5/data/ratis/1a23999a-518f-4643-b138-9fc0456768b7/current/log_inprogress_0
2019-08-23 10:07:12,948 | INFO  | SCMAudit | user=jenkins1000 | ip=192.168.5.185 | op=SEND_HEARTBEAT {datanodeUUID=7b28d98f-f774-4da4-b3b1-ee2ad2b713ba, command=[]} | ret=SUCCESS |  
2019-08-23 10:07:12,981 [Thread-3290] INFO  impl.FollowerState (FollowerState.java:run(106)) - 8453f9b2-d485-4adb-8d6d-ab08f3e408ba:group-2538E0E21334 changes to CANDIDATE, lastRpcTime:5144, electionTimeout:5144ms
2019-08-23 10:07:12,981 [Thread-3290] INFO  impl.RoleInfo (RoleInfo.java:shutdownFollowerState(121)) - 8453f9b2-d485-4adb-8d6d-ab08f3e408ba: shutdown FollowerState
2019-08-23 10:07:12,981 [Thread-3290] INFO  impl.RaftServerImpl (RaftServerImpl.java:setRole(171)) - 8453f9b2-d485-4adb-8d6d-ab08f3e408ba:group-2538E0E21334 changes role from FOLLOWER to CANDIDATE at term 0 for changeToCandidate
2019-08-23 10:07:12,981 [Thread-3290] INFO  impl.RoleInfo (RoleInfo.java:updateAndGet(143)) - 8453f9b2-d485-4adb-8d6d-ab08f3e408ba: start LeaderElection
2019-08-23 10:07:13,006 [8453f9b2-d485-4adb-8d6d-ab08f3e408ba:group-2538E0E21334:LeaderElection66] INFO  impl.LeaderElection (LeaderElection.java:askForVotes(181)) - 8453f9b2-d485-4adb-8d6d-ab08f3e408ba:group-2538E0E21334:LeaderElection66: begin an election at term 1 for -1: [8453f9b2-d485-4adb-8d6d-ab08f3e408ba:192.168.5.185:42281], old=null
2019-08-23 10:07:13,006 [8453f9b2-d485-4adb-8d6d-ab08f3e408ba:group-2538E0E21334:LeaderElection66] INFO  impl.RoleInfo (RoleInfo.java:shutdownLeaderElection(134)) - 8453f9b2-d485-4adb-8d6d-ab08f3e408ba: shutdown LeaderElection
2019-08-23 10:07:13,006 [8453f9b2-d485-4adb-8d6d-ab08f3e408ba:group-2538E0E21334:LeaderElection66] INFO  impl.RaftServerImpl (RaftServerImpl.java:setRole(171)) - 8453f9b2-d485-4adb-8d6d-ab08f3e408ba:group-2538E0E21334 changes role from CANDIDATE to LEADER at term 1 for changeToLeader
2019-08-23 10:07:13,007 [8453f9b2-d485-4adb-8d6d-ab08f3e408ba:group-2538E0E21334:LeaderElection66] INFO  impl.RaftServerImpl (ServerState.java:setLeader(263)) - 8453f9b2-d485-4adb-8d6d-ab08f3e408ba:group-2538E0E21334 change Leader from null to 8453f9b2-d485-4adb-8d6d-ab08f3e408ba at term 1 for becomeLeader, leader elected after 5173ms
2019-08-23 10:07:13,007 [8453f9b2-d485-4adb-8d6d-ab08f3e408ba:group-2538E0E21334:LeaderElection66] INFO  server.RaftServerConfigKeys (ConfUtils.java:logGet(43)) - raft.server.staging.catchup.gap = 1000 (default)
2019-08-23 10:07:13,007 [8453f9b2-d485-4adb-8d6d-ab08f3e408ba:group-2538E0E21334:LeaderElection66] INFO  server.RaftServerConfigKeys (ConfUtils.java:logGet(43)) - raft.server.rpc.sleep.time = 25ms (default)
2019-08-23 10:07:13,007 [8453f9b2-d485-4adb-8d6d-ab08f3e408ba:group-2538E0E21334:LeaderElection66] INFO  server.RaftServerConfigKeys (ConfUtils.java:logGet(43)) - raft.server.write.element-limit = 4096 (default)
2019-08-23 10:07:13,007 [8453f9b2-d485-4adb-8d6d-ab08f3e408ba:group-2538E0E21334:LeaderElection66] INFO  server.RaftServerConfigKeys (ConfUtils.java:logGet(43)) - raft.server.watch.timeout = 10s (default)
2019-08-23 10:07:13,007 [8453f9b2-d485-4adb-8d6d-ab08f3e408ba:group-2538E0E21334:LeaderElection66] INFO  server.RaftServerConfigKeys (ConfUtils.java:logGet(43)) - raft.server.watch.timeout.denomination = 1s (default)
2019-08-23 10:07:13,008 [8453f9b2-d485-4adb-8d6d-ab08f3e408ba:group-2538E0E21334:LeaderElection66] INFO  server.RaftServerConfigKeys (ConfUtils.java:logGet(43)) - raft.server.watch.element-limit = 65536 (default)
2019-08-23 10:07:13,008 [8453f9b2-d485-4adb-8d6d-ab08f3e408ba:group-2538E0E21334:LeaderElection66] INFO  impl.RoleInfo (RoleInfo.java:updateAndGet(143)) - 8453f9b2-d485-4adb-8d6d-ab08f3e408ba: start LeaderState
2019-08-23 10:07:13,008 [8453f9b2-d485-4adb-8d6d-ab08f3e408ba:group-2538E0E21334:LeaderElection66] INFO  segmented.SegmentedRaftLogWorker (SegmentedRaftLogWorker.java:startLogSegment(380)) - 8453f9b2-d485-4adb-8d6d-ab08f3e408ba-SegmentedRaftLogWorker:Storage Directory /workdir/hadoop-ozone/integration-test/target/test-dir/MiniOzoneClusterImpl-b7a8e372-3268-47e4-95e4-1baa8ccb0650/datanode-6/data/ratis/1fb3750e-d5e3-4694-819a-2538e0e21334: Starting segment from index:0
2019-08-23 10:07:13,009 [8453f9b2-d485-4adb-8d6d-ab08f3e408ba:group-2538E0E21334:LeaderElection66] INFO  impl.RaftServerImpl (ServerState.java:setRaftConf(361)) - 8453f9b2-d485-4adb-8d6d-ab08f3e408ba:group-2538E0E21334 set configuration 0: [8453f9b2-d485-4adb-8d6d-ab08f3e408ba:192.168.5.185:42281], old=null at 0
2019-08-23 10:07:13,058 [8453f9b2-d485-4adb-8d6d-ab08f3e408ba-SegmentedRaftLogWorker:Storage Directory /workdir/hadoop-ozone/integration-test/target/test-dir/MiniOzoneClusterImpl-b7a8e372-3268-47e4-95e4-1baa8ccb0650/datanode-6/data/ratis/1fb3750e-d5e3-4694-819a-2538e0e21334] INFO  segmented.SegmentedRaftLogWorker (SegmentedRaftLogWorker.java:execute(569)) - 8453f9b2-d485-4adb-8d6d-ab08f3e408ba-SegmentedRaftLogWorker:Storage Directory /workdir/hadoop-ozone/integration-test/target/test-dir/MiniOzoneClusterImpl-b7a8e372-3268-47e4-95e4-1baa8ccb0650/datanode-6/data/ratis/1fb3750e-d5e3-4694-819a-2538e0e21334: created new log segment /workdir/hadoop-ozone/integration-test/target/test-dir/MiniOzoneClusterImpl-b7a8e372-3268-47e4-95e4-1baa8ccb0650/datanode-6/data/ratis/1fb3750e-d5e3-4694-819a-2538e0e21334/current/log_inprogress_0
2019-08-23 10:07:13,065 | INFO  | DNAudit | user=null | ip=null | op=WRITE_CHUNK {blockData=conID: 1 locID: 102665737263841294 bcsId: 0} | ret=SUCCESS |  
2019-08-23 10:07:13,065 | INFO  | DNAudit | user=null | ip=null | op=WRITE_CHUNK {blockData=conID: 1 locID: 102665737263841294 bcsId: 0} | ret=SUCCESS |  
2019-08-23 10:07:13,067 | INFO  | DNAudit | user=null | ip=null | op=WRITE_CHUNK {blockData=conID: 1 locID: 102665737263841294 bcsId: 0} | ret=SUCCESS |  
2019-08-23 10:07:13,068 | INFO  | SCMAudit | user=jenkins1000 | ip=192.168.5.185 | op=SEND_HEARTBEAT {datanodeUUID=b71bf4d4-b0f4-4b17-850e-14fbc35fc534, command=[]} | ret=SUCCESS |  
2019-08-23 10:07:13,068 | INFO  | SCMAudit | user=jenkins1000 | ip=192.168.5.185 | op=SEND_HEARTBEAT {datanodeUUID=9e515754-7f8b-46df-9ca3-146e5874d0fb, command=[]} | ret=SUCCESS |  
2019-08-23 10:07:13,068 | INFO  | SCMAudit | user=jenkins1000 | ip=192.168.5.185 | op=SEND_HEARTBEAT {datanodeUUID=7b28d98f-f774-4da4-b3b1-ee2ad2b713ba, command=[]} | ret=SUCCESS |  
2019-08-23 10:07:13,076 | INFO  | DNAudit | user=null | ip=null | op=WRITE_CHUNK {blockData=conID: 1 locID: 102665737263841294 bcsId: 0} | ret=SUCCESS |  
2019-08-23 10:07:13,086 [grpc-default-executor-6] INFO  client.GrpcClientProtocolClient (GrpcClientProtocolClient.java:onNext(255)) - client-3B28D4C4CE34->7b28d98f-f774-4da4-b3b1-ee2ad2b713ba: receive RaftClientReply:client-3B28D4C4CE34->7b28d98f-f774-4da4-b3b1-ee2ad2b713ba@group-CC427169F078, cid=163, SUCCESS, logIndex=1, commits[7b28d98f-f774-4da4-b3b1-ee2ad2b713ba:c1, b71bf4d4-b0f4-4b17-850e-14fbc35fc534:c0, 9e515754-7f8b-46df-9ca3-146e5874d0fb:c0]
2019-08-23 10:07:13,088 | INFO  | DNAudit | user=null | ip=null | op=WRITE_CHUNK {blockData=conID: 1 locID: 102665737263841294 bcsId: 0} | ret=SUCCESS |  
2019-08-23 10:07:13,088 | INFO  | DNAudit | user=null | ip=null | op=WRITE_CHUNK {blockData=conID: 1 locID: 102665737263841294 bcsId: 0} | ret=SUCCESS |  
2019-08-23 10:07:13,089 | INFO  | DNAudit | user=null | ip=null | op=WRITE_CHUNK {blockData=conID: 1 locID: 102665737263841294 bcsId: 0} | ret=SUCCESS |  
2019-08-23 10:07:13,090 | INFO  | DNAudit | user=null | ip=null | op=WRITE_CHUNK {blockData=conID: 1 locID: 102665737263841294 bcsId: 0} | ret=SUCCESS |  
2019-08-23 10:07:13,090 | INFO  | DNAudit | user=null | ip=null | op=WRITE_CHUNK {blockData=conID: 1 locID: 102665737263841294 bcsId: 0} | ret=SUCCESS |  
2019-08-23 10:07:13,090 | INFO  | DNAudit | user=null | ip=null | op=WRITE_CHUNK {blockData=conID: 1 locID: 102665737263841294 bcsId: 0} | ret=SUCCESS |  
2019-08-23 10:07:13,091 | INFO  | DNAudit | user=null | ip=null | op=WRITE_CHUNK {blockData=conID: 1 locID: 102665737263841294 bcsId: 0} | ret=SUCCESS |  
2019-08-23 10:07:13,092 | INFO  | DNAudit | user=null | ip=null | op=WRITE_CHUNK {blockData=conID: 1 locID: 102665737263841294 bcsId: 0} | ret=SUCCESS |  
2019-08-23 10:07:13,092 | INFO  | DNAudit | user=null | ip=null | op=WRITE_CHUNK {blockData=conID: 1 locID: 102665737263841294 bcsId: 0} | ret=SUCCESS |  
2019-08-23 10:07:13,092 | INFO  | DNAudit | user=null | ip=null | op=WRITE_CHUNK {blockData=conID: 1 locID: 102665737263841294 bcsId: 0} | ret=SUCCESS |  
2019-08-23 10:07:13,093 | INFO  | DNAudit | user=null | ip=null | op=WRITE_CHUNK {blockData=conID: 1 locID: 102665737263841294 bcsId: 0} | ret=SUCCESS |  
2019-08-23 10:07:13,107 | INFO  | DNAudit | user=null | ip=null | op=WRITE_CHUNK {blockData=conID: 1 locID: 102665737263841294 bcsId: 0} | ret=SUCCESS |  
2019-08-23 10:07:13,111 [grpc-default-executor-7] INFO  client.GrpcClientProtocolClient (GrpcClientProtocolClient.java:onNext(255)) - client-3B28D4C4CE34->7b28d98f-f774-4da4-b3b1-ee2ad2b713ba: receive RaftClientReply:client-3B28D4C4CE34->7b28d98f-f774-4da4-b3b1-ee2ad2b713ba@group-CC427169F078, cid=164, SUCCESS, logIndex=3, commits[7b28d98f-f774-4da4-b3b1-ee2ad2b713ba:c4, b71bf4d4-b0f4-4b17-850e-14fbc35fc534:c2, 9e515754-7f8b-46df-9ca3-146e5874d0fb:c2]
2019-08-23 10:07:13,125 | INFO  | DNAudit | user=null | ip=null | op=WRITE_CHUNK {blockData=conID: 1 locID: 102665737263841294 bcsId: 0} | ret=SUCCESS |  
2019-08-23 10:07:13,125 | INFO  | DNAudit | user=null | ip=null | op=WRITE_CHUNK {blockData=conID: 1 locID: 102665737263841294 bcsId: 0} | ret=SUCCESS |  
2019-08-23 10:07:13,181 | INFO  | SCMAudit | user=jenkins1000 | ip=192.168.5.185 | op=SEND_HEARTBEAT {datanodeUUID=bba6b2d4-c4a5-4c91-8048-dc3b2f1adf2c, command=[]} | ret=SUCCESS |  
2019-08-23 10:07:13,204 | INFO  | DNAudit | user=null | ip=null | op=PUT_BLOCK {blockData=[blockId=conID: 1 locID: 102665737263841294 bcsId: 0,size=200]} | ret=SUCCESS |  
2019-08-23 10:07:13,209 | INFO  | DNAudit | user=null | ip=null | op=WRITE_CHUNK {blockData=conID: 1 locID: 102665737263841294 bcsId: 0} | ret=SUCCESS |  
2019-08-23 10:07:13,210 | INFO  | DNAudit | user=null | ip=null | op=WRITE_CHUNK {blockData=conID: 1 locID: 102665737263841294 bcsId: 0} | ret=SUCCESS |  
2019-08-23 10:07:13,213 [grpc-default-executor-7] INFO  client.GrpcClientProtocolClient (GrpcClientProtocolClient.java:onNext(255)) - client-3B28D4C4CE34->7b28d98f-f774-4da4-b3b1-ee2ad2b713ba: receive RaftClientReply:client-3B28D4C4CE34->7b28d98f-f774-4da4-b3b1-ee2ad2b713ba@group-CC427169F078, cid=165, SUCCESS, logIndex=4, commits[7b28d98f-f774-4da4-b3b1-ee2ad2b713ba:c10, b71bf4d4-b0f4-4b17-850e-14fbc35fc534:c7, 9e515754-7f8b-46df-9ca3-146e5874d0fb:c7]
2019-08-23 10:07:13,215 [grpc-default-executor-7] INFO  client.GrpcClientProtocolClient (GrpcClientProtocolClient.java:onNext(255)) - client-3B28D4C4CE34->7b28d98f-f774-4da4-b3b1-ee2ad2b713ba: receive RaftClientReply:client-3B28D4C4CE34->7b28d98f-f774-4da4-b3b1-ee2ad2b713ba@group-CC427169F078, cid=166, SUCCESS, logIndex=5, commits[7b28d98f-f774-4da4-b3b1-ee2ad2b713ba:c10, b71bf4d4-b0f4-4b17-850e-14fbc35fc534:c7, 9e515754-7f8b-46df-9ca3-146e5874d0fb:c7]
2019-08-23 10:07:13,215 [grpc-default-executor-7] INFO  client.GrpcClientProtocolClient (GrpcClientProtocolClient.java:onNext(255)) - client-3B28D4C4CE34->7b28d98f-f774-4da4-b3b1-ee2ad2b713ba: receive RaftClientReply:client-3B28D4C4CE34->7b28d98f-f774-4da4-b3b1-ee2ad2b713ba@group-CC427169F078, cid=167, SUCCESS, logIndex=6, commits[7b28d98f-f774-4da4-b3b1-ee2ad2b713ba:c10, b71bf4d4-b0f4-4b17-850e-14fbc35fc534:c7, 9e515754-7f8b-46df-9ca3-146e5874d0fb:c7]
2019-08-23 10:07:13,248 | INFO  | DNAudit | user=null | ip=null | op=PUT_BLOCK {blockData=[blockId=conID: 1 locID: 102665737263841294 bcsId: 0,size=200]} | ret=SUCCESS |  
2019-08-23 10:07:13,249 | INFO  | DNAudit | user=null | ip=null | op=WRITE_CHUNK {blockData=conID: 1 locID: 102665737263841294 bcsId: 0} | ret=SUCCESS |  
2019-08-23 10:07:13,249 | INFO  | DNAudit | user=null | ip=null | op=WRITE_CHUNK {blockData=conID: 1 locID: 102665737263841294 bcsId: 0} | ret=SUCCESS |  
2019-08-23 10:07:13,292 | INFO  | DNAudit | user=null | ip=null | op=PUT_BLOCK {blockData=[blockId=conID: 1 locID: 102665737263841294 bcsId: 0,size=400]} | ret=SUCCESS |  
2019-08-23 10:07:13,292 | INFO  | DNAudit | user=null | ip=null | op=PUT_BLOCK {blockData=[blockId=conID: 1 locID: 102665737263841294 bcsId: 0,size=400]} | ret=SUCCESS |  
2019-08-23 10:07:13,294 | INFO  | DNAudit | user=null | ip=null | op=PUT_BLOCK {blockData=[blockId=conID: 1 locID: 102665737263841294 bcsId: 0,size=200]} | ret=SUCCESS |  
2019-08-23 10:07:13,295 | INFO  | DNAudit | user=null | ip=null | op=WRITE_CHUNK {blockData=conID: 1 locID: 102665737263841294 bcsId: 0} | ret=SUCCESS |  
2019-08-23 10:07:13,295 | INFO  | DNAudit | user=null | ip=null | op=WRITE_CHUNK {blockData=conID: 1 locID: 102665737263841294 bcsId: 0} | ret=SUCCESS |  
2019-08-23 10:07:13,295 [grpc-default-executor-7] INFO  client.GrpcClientProtocolClient (GrpcClientProtocolClient.java:onNext(255)) - client-3B28D4C4CE34->7b28d98f-f774-4da4-b3b1-ee2ad2b713ba: receive RaftClientReply:client-3B28D4C4CE34->7b28d98f-f774-4da4-b3b1-ee2ad2b713ba@group-CC427169F078, cid=168, SUCCESS, logIndex=7, commits[7b28d98f-f774-4da4-b3b1-ee2ad2b713ba:c10, b71bf4d4-b0f4-4b17-850e-14fbc35fc534:c7, 9e515754-7f8b-46df-9ca3-146e5874d0fb:c7]
2019-08-23 10:07:13,296 | INFO  | DNAudit | user=null | ip=null | op=PUT_BLOCK {blockData=[blockId=conID: 1 locID: 102665737263841294 bcsId: 0,size=400]} | ret=SUCCESS |  
2019-08-23 10:07:13,301 | INFO  | DNAudit | user=null | ip=null | op=WRITE_CHUNK {blockData=conID: 1 locID: 102665737263841294 bcsId: 7} | ret=SUCCESS |  
2019-08-23 10:07:13,303 | INFO  | DNAudit | user=null | ip=null | op=WRITE_CHUNK {blockData=conID: 1 locID: 102665737263841294 bcsId: 7} | ret=SUCCESS |  
2019-08-23 10:07:13,303 | INFO  | DNAudit | user=null | ip=null | op=WRITE_CHUNK {blockData=conID: 1 locID: 102665737263841294 bcsId: 7} | ret=SUCCESS |  
2019-08-23 10:07:13,315 | INFO  | DNAudit | user=null | ip=null | op=WRITE_CHUNK {blockData=conID: 1 locID: 102665737263841294 bcsId: 7} | ret=SUCCESS |  
2019-08-23 10:07:13,316 | INFO  | DNAudit | user=null | ip=null | op=PUT_BLOCK {blockData=[blockId=conID: 1 locID: 102665737263841294 bcsId: 0,size=450]} | ret=SUCCESS |  
2019-08-23 10:07:13,317 [grpc-default-executor-7] INFO  client.GrpcClientProtocolClient (GrpcClientProtocolClient.java:onNext(255)) - client-3B28D4C4CE34->7b28d98f-f774-4da4-b3b1-ee2ad2b713ba: receive RaftClientReply:client-3B28D4C4CE34->7b28d98f-f774-4da4-b3b1-ee2ad2b713ba@group-CC427169F078, cid=169, SUCCESS, logIndex=11, commits[7b28d98f-f774-4da4-b3b1-ee2ad2b713ba:c12, b71bf4d4-b0f4-4b17-850e-14fbc35fc534:c10, 9e515754-7f8b-46df-9ca3-146e5874d0fb:c10]
2019-08-23 10:07:13,318 [grpc-default-executor-7] INFO  client.GrpcClientProtocolClient (GrpcClientProtocolClient.java:onNext(255)) - client-3B28D4C4CE34->7b28d98f-f774-4da4-b3b1-ee2ad2b713ba: receive RaftClientReply:client-3B28D4C4CE34->7b28d98f-f774-4da4-b3b1-ee2ad2b713ba@group-CC427169F078, cid=170, SUCCESS, logIndex=12, commits[7b28d98f-f774-4da4-b3b1-ee2ad2b713ba:c12, b71bf4d4-b0f4-4b17-850e-14fbc35fc534:c10, 9e515754-7f8b-46df-9ca3-146e5874d0fb:c10]
2019-08-23 10:07:13,328 | INFO  | DNAudit | user=null | ip=null | op=WRITE_CHUNK {blockData=conID: 1 locID: 102665737263841294 bcsId: 7} | ret=SUCCESS |  
2019-08-23 10:07:13,328 | INFO  | DNAudit | user=null | ip=null | op=WRITE_CHUNK {blockData=conID: 1 locID: 102665737263841294 bcsId: 7} | ret=SUCCESS |  
2019-08-23 10:07:13,328 | INFO  | DNAudit | user=null | ip=null | op=PUT_BLOCK {blockData=[blockId=conID: 1 locID: 102665737263841294 bcsId: 0,size=450]} | ret=SUCCESS |  
2019-08-23 10:07:13,331 | INFO  | DNAudit | user=null | ip=null | op=PUT_BLOCK {blockData=[blockId=conID: 1 locID: 102665737263841294 bcsId: 0,size=450]} | ret=SUCCESS |  
2019-08-23 10:07:13,334 [grpc-default-executor-7] INFO  client.GrpcClientProtocolClient (GrpcClientProtocolClient.java:onNext(255)) - client-3B28D4C4CE34->7b28d98f-f774-4da4-b3b1-ee2ad2b713ba: receive RaftClientReply:client-3B28D4C4CE34->7b28d98f-f774-4da4-b3b1-ee2ad2b713ba@group-CC427169F078, cid=171, SUCCESS, logIndex=0, commits[7b28d98f-f774-4da4-b3b1-ee2ad2b713ba:c14, b71bf4d4-b0f4-4b17-850e-14fbc35fc534:c12, 9e515754-7f8b-46df-9ca3-146e5874d0fb:c12]
2019-08-23 10:07:13,335 [main] INFO  datanode.ObjectStoreHandler (ObjectStoreHandler.java:close(155)) - Closing ObjectStoreHandler.
2019-08-23 10:07:13,336 [main] INFO  ozone.HddsDatanodeService (HddsDatanodeService.java:stop(451)) - Stopped plug-in org.apache.hadoop.ozone.web.OzoneHddsDatanodeService@4ee41c66
2019-08-23 10:07:13,399 | INFO  | SCMAudit | user=jenkins1000 | ip=192.168.5.185 | op=SEND_HEARTBEAT {datanodeUUID=5494ee63-e09e-4df3-b4cd-311d875bc122, command=[]} | ret=SUCCESS |  
2019-08-23 10:07:13,591 | INFO  | SCMAudit | user=jenkins1000 | ip=192.168.5.185 | op=SEND_HEARTBEAT {datanodeUUID=80f273f3-706b-492f-9f47-fe3dda8bc170, command=[]} | ret=SUCCESS |  
2019-08-23 10:07:13,814 | INFO  | SCMAudit | user=jenkins1000 | ip=192.168.5.185 | op=SEND_HEARTBEAT {datanodeUUID=8453f9b2-d485-4adb-8d6d-ab08f3e408ba, command=[]} | ret=SUCCESS |  
2019-08-23 10:07:14,061 [Datanode State Machine Thread - 0] INFO  statemachine.DatanodeStateMachine (DatanodeStateMachine.java:lambda$startDaemon$0(350)) - Ozone container server started.
2019-08-23 10:07:14,062 | INFO  | SCMAudit | user=jenkins1000 | ip=192.168.5.185 | op=SEND_HEARTBEAT {datanodeUUID=b71bf4d4-b0f4-4b17-850e-14fbc35fc534, command=[]} | ret=SUCCESS |  
2019-08-23 10:07:14,062 | INFO  | SCMAudit | user=jenkins1000 | ip=192.168.5.185 | op=SEND_HEARTBEAT {datanodeUUID=9e515754-7f8b-46df-9ca3-146e5874d0fb, command=[]} | ret=SUCCESS |  
2019-08-23 10:07:14,181 | INFO  | SCMAudit | user=jenkins1000 | ip=192.168.5.185 | op=SEND_HEARTBEAT {datanodeUUID=bba6b2d4-c4a5-4c91-8048-dc3b2f1adf2c, command=[]} | ret=SUCCESS |  
2019-08-23 10:07:14,398 | INFO  | SCMAudit | user=jenkins1000 | ip=192.168.5.185 | op=SEND_HEARTBEAT {datanodeUUID=5494ee63-e09e-4df3-b4cd-311d875bc122, command=[]} | ret=SUCCESS |  
2019-08-23 10:07:14,592 | INFO  | SCMAudit | user=jenkins1000 | ip=192.168.5.185 | op=SEND_HEARTBEAT {datanodeUUID=80f273f3-706b-492f-9f47-fe3dda8bc170, command=[]} | ret=SUCCESS |  
2019-08-23 10:07:14,814 | INFO  | SCMAudit | user=jenkins1000 | ip=192.168.5.185 | op=SEND_HEARTBEAT {datanodeUUID=8453f9b2-d485-4adb-8d6d-ab08f3e408ba, command=[]} | ret=SUCCESS |  
2019-08-23 10:07:15,062 | INFO  | SCMAudit | user=jenkins1000 | ip=192.168.5.185 | op=SEND_HEARTBEAT {datanodeUUID=b71bf4d4-b0f4-4b17-850e-14fbc35fc534, command=[]} | ret=SUCCESS |  
2019-08-23 10:07:15,062 | INFO  | SCMAudit | user=jenkins1000 | ip=192.168.5.185 | op=SEND_HEARTBEAT {datanodeUUID=9e515754-7f8b-46df-9ca3-146e5874d0fb, command=[]} | ret=SUCCESS |  
2019-08-23 10:07:15,181 | INFO  | SCMAudit | user=jenkins1000 | ip=192.168.5.185 | op=SEND_HEARTBEAT {datanodeUUID=bba6b2d4-c4a5-4c91-8048-dc3b2f1adf2c, command=[]} | ret=SUCCESS |  
2019-08-23 10:07:15,398 | INFO  | SCMAudit | user=jenkins1000 | ip=192.168.5.185 | op=SEND_HEARTBEAT {datanodeUUID=5494ee63-e09e-4df3-b4cd-311d875bc122, command=[]} | ret=SUCCESS |  
2019-08-23 10:07:15,592 | INFO  | SCMAudit | user=jenkins1000 | ip=192.168.5.185 | op=SEND_HEARTBEAT {datanodeUUID=80f273f3-706b-492f-9f47-fe3dda8bc170, command=[]} | ret=SUCCESS |  
2019-08-23 10:07:15,814 | INFO  | SCMAudit | user=jenkins1000 | ip=192.168.5.185 | op=SEND_HEARTBEAT {datanodeUUID=8453f9b2-d485-4adb-8d6d-ab08f3e408ba, command=[]} | ret=SUCCESS |  
2019-08-23 10:07:16,062 | INFO  | SCMAudit | user=jenkins1000 | ip=192.168.5.185 | op=SEND_HEARTBEAT {datanodeUUID=b71bf4d4-b0f4-4b17-850e-14fbc35fc534, command=[]} | ret=SUCCESS |  
2019-08-23 10:07:16,062 | INFO  | SCMAudit | user=jenkins1000 | ip=192.168.5.185 | op=SEND_HEARTBEAT {datanodeUUID=9e515754-7f8b-46df-9ca3-146e5874d0fb, command=[]} | ret=SUCCESS |  
2019-08-23 10:07:16,181 | INFO  | SCMAudit | user=jenkins1000 | ip=192.168.5.185 | op=SEND_HEARTBEAT {datanodeUUID=bba6b2d4-c4a5-4c91-8048-dc3b2f1adf2c, command=[]} | ret=SUCCESS |  
2019-08-23 10:07:16,398 | INFO  | SCMAudit | user=jenkins1000 | ip=192.168.5.185 | op=SEND_HEARTBEAT {datanodeUUID=5494ee63-e09e-4df3-b4cd-311d875bc122, command=[]} | ret=SUCCESS |  
2019-08-23 10:07:16,592 | INFO  | SCMAudit | user=jenkins1000 | ip=192.168.5.185 | op=SEND_HEARTBEAT {datanodeUUID=80f273f3-706b-492f-9f47-fe3dda8bc170, command=[]} | ret=SUCCESS |  
2019-08-23 10:07:16,814 | INFO  | SCMAudit | user=jenkins1000 | ip=192.168.5.185 | op=SEND_HEARTBEAT {datanodeUUID=8453f9b2-d485-4adb-8d6d-ab08f3e408ba, command=[]} | ret=SUCCESS |  
2019-08-23 10:07:17,062 | INFO  | SCMAudit | user=jenkins1000 | ip=192.168.5.185 | op=SEND_HEARTBEAT {datanodeUUID=b71bf4d4-b0f4-4b17-850e-14fbc35fc534, command=[]} | ret=SUCCESS |  
2019-08-23 10:07:17,062 | INFO  | SCMAudit | user=jenkins1000 | ip=192.168.5.185 | op=SEND_HEARTBEAT {datanodeUUID=9e515754-7f8b-46df-9ca3-146e5874d0fb, command=[]} | ret=SUCCESS |  
2019-08-23 10:07:17,181 | INFO  | SCMAudit | user=jenkins1000 | ip=192.168.5.185 | op=SEND_HEARTBEAT {datanodeUUID=bba6b2d4-c4a5-4c91-8048-dc3b2f1adf2c, command=[]} | ret=SUCCESS |  
2019-08-23 10:07:17,398 | INFO  | SCMAudit | user=jenkins1000 | ip=192.168.5.185 | op=SEND_HEARTBEAT {datanodeUUID=5494ee63-e09e-4df3-b4cd-311d875bc122, command=[]} | ret=SUCCESS |  
2019-08-23 10:07:17,592 | INFO  | SCMAudit | user=jenkins1000 | ip=192.168.5.185 | op=SEND_HEARTBEAT {datanodeUUID=80f273f3-706b-492f-9f47-fe3dda8bc170, command=[]} | ret=SUCCESS |  
2019-08-23 10:07:17,814 | INFO  | SCMAudit | user=jenkins1000 | ip=192.168.5.185 | op=SEND_HEARTBEAT {datanodeUUID=8453f9b2-d485-4adb-8d6d-ab08f3e408ba, command=[]} | ret=SUCCESS |  
2019-08-23 10:07:18,062 | INFO  | SCMAudit | user=jenkins1000 | ip=192.168.5.185 | op=SEND_HEARTBEAT {datanodeUUID=b71bf4d4-b0f4-4b17-850e-14fbc35fc534, command=[]} | ret=SUCCESS |  
2019-08-23 10:07:18,062 | INFO  | SCMAudit | user=jenkins1000 | ip=192.168.5.185 | op=SEND_HEARTBEAT {datanodeUUID=9e515754-7f8b-46df-9ca3-146e5874d0fb, command=[]} | ret=SUCCESS |  
2019-08-23 10:07:18,156 [EventQueue-StaleNodeForStaleNodeHandler] INFO  node.StaleNodeHandler (StaleNodeHandler.java:onMessage(58)) - Datanode 7b28d98f-f774-4da4-b3b1-ee2ad2b713ba{ip: 192.168.5.185, host: pr-hdds-1094-w8cgz-2737508714, networkLocation: /default-rack, certSerialId: null} moved to stale state. Finalizing its pipelines [PipelineID=7acf250a-3a28-4257-b83c-cc427169f078, PipelineID=db3a5af3-aeab-4e09-95aa-08751dd22b5d]
2019-08-23 10:07:18,156 [EventQueue-StaleNodeForStaleNodeHandler] INFO  pipeline.SCMPipelineManager (SCMPipelineManager.java:finalizeAndDestroyPipeline(309)) - destroying pipeline:Pipeline[ Id: 7acf250a-3a28-4257-b83c-cc427169f078, Nodes: 7b28d98f-f774-4da4-b3b1-ee2ad2b713ba{ip: 192.168.5.185, host: pr-hdds-1094-w8cgz-2737508714, networkLocation: /default-rack, certSerialId: null}b71bf4d4-b0f4-4b17-850e-14fbc35fc534{ip: 192.168.5.185, host: pr-hdds-1094-w8cgz-2737508714, networkLocation: /default-rack, certSerialId: null}9e515754-7f8b-46df-9ca3-146e5874d0fb{ip: 192.168.5.185, host: pr-hdds-1094-w8cgz-2737508714, networkLocation: /default-rack, certSerialId: null}, Type:RATIS, Factor:THREE, State:OPEN]
2019-08-23 10:07:18,157 [EventQueue-StaleNodeForStaleNodeHandler] INFO  pipeline.PipelineStateManager (PipelineStateManager.java:finalizePipeline(123)) - Pipeline Pipeline[ Id: 7acf250a-3a28-4257-b83c-cc427169f078, Nodes: 7b28d98f-f774-4da4-b3b1-ee2ad2b713ba{ip: 192.168.5.185, host: pr-hdds-1094-w8cgz-2737508714, networkLocation: /default-rack, certSerialId: null}b71bf4d4-b0f4-4b17-850e-14fbc35fc534{ip: 192.168.5.185, host: pr-hdds-1094-w8cgz-2737508714, networkLocation: /default-rack, certSerialId: null}9e515754-7f8b-46df-9ca3-146e5874d0fb{ip: 192.168.5.185, host: pr-hdds-1094-w8cgz-2737508714, networkLocation: /default-rack, certSerialId: null}, Type:RATIS, Factor:THREE, State:CLOSED] moved to CLOSED state
2019-08-23 10:07:18,157 [EventQueue-StaleNodeForStaleNodeHandler] INFO  pipeline.SCMPipelineManager (SCMPipelineManager.java:finalizeAndDestroyPipeline(309)) - destroying pipeline:Pipeline[ Id: db3a5af3-aeab-4e09-95aa-08751dd22b5d, Nodes: 7b28d98f-f774-4da4-b3b1-ee2ad2b713ba{ip: 192.168.5.185, host: pr-hdds-1094-w8cgz-2737508714, networkLocation: /default-rack, certSerialId: null}, Type:RATIS, Factor:ONE, State:OPEN]
2019-08-23 10:07:18,157 [EventQueue-CloseContainerForCloseContainerEventHandler] INFO  container.CloseContainerEventHandler (CloseContainerEventHandler.java:onMessage(61)) - Close container Event triggered for container : #1
2019-08-23 10:07:18,157 [EventQueue-StaleNodeForStaleNodeHandler] INFO  pipeline.PipelineStateManager (PipelineStateManager.java:finalizePipeline(123)) - Pipeline Pipeline[ Id: db3a5af3-aeab-4e09-95aa-08751dd22b5d, Nodes: 7b28d98f-f774-4da4-b3b1-ee2ad2b713ba{ip: 192.168.5.185, host: pr-hdds-1094-w8cgz-2737508714, networkLocation: /default-rack, certSerialId: null}, Type:RATIS, Factor:ONE, State:CLOSED] moved to CLOSED state
2019-08-23 10:07:18,181 | INFO  | SCMAudit | user=jenkins1000 | ip=192.168.5.185 | op=SEND_HEARTBEAT {datanodeUUID=bba6b2d4-c4a5-4c91-8048-dc3b2f1adf2c, command=[]} | ret=SUCCESS |  
2019-08-23 10:07:18,338 [main] INFO  ozoneimpl.OzoneContainer (OzoneContainer.java:stop(199)) - Attempting to stop container services.
2019-08-23 10:07:18,338 [main] INFO  impl.RaftServerProxy (RaftServerProxy.java:lambda$close$4(314)) - 7b28d98f-f774-4da4-b3b1-ee2ad2b713ba: close
2019-08-23 10:07:18,339 [main] INFO  impl.RaftServerImpl (RaftServerImpl.java:lambda$shutdown$3(245)) - 7b28d98f-f774-4da4-b3b1-ee2ad2b713ba: shutdown group-CC427169F078
2019-08-23 10:07:18,339 [ForkJoinPool.commonPool-worker-1] INFO  impl.RaftServerImpl (RaftServerImpl.java:lambda$shutdown$3(245)) - 7b28d98f-f774-4da4-b3b1-ee2ad2b713ba: shutdown group-08751DD22B5D
2019-08-23 10:07:18,339 [main] INFO  util.JmxRegister (JmxRegister.java:unregister(73)) - Successfully un-registered JMX Bean with object name Ratis:service=RaftServer,group=group-CC427169F078,id=7b28d98f-f774-4da4-b3b1-ee2ad2b713ba
2019-08-23 10:07:18,339 [ForkJoinPool.commonPool-worker-1] INFO  util.JmxRegister (JmxRegister.java:unregister(73)) - Successfully un-registered JMX Bean with object name Ratis:service=RaftServer,group=group-08751DD22B5D,id=7b28d98f-f774-4da4-b3b1-ee2ad2b713ba
2019-08-23 10:07:18,340 [main] INFO  impl.RoleInfo (RoleInfo.java:shutdownLeaderState(104)) - 7b28d98f-f774-4da4-b3b1-ee2ad2b713ba: shutdown LeaderState
2019-08-23 10:07:18,340 [ForkJoinPool.commonPool-worker-1] INFO  impl.RoleInfo (RoleInfo.java:shutdownLeaderState(104)) - 7b28d98f-f774-4da4-b3b1-ee2ad2b713ba: shutdown LeaderState
2019-08-23 10:07:18,345 [org.apache.ratis.server.impl.LogAppender$AppenderDaemon$$Lambda$482/1532957749@22de9302] WARN  server.GrpcLogAppender (GrpcLogAppender.java:mayWait(143)) - GrpcLogAppender(7b28d98f-f774-4da4-b3b1-ee2ad2b713ba->9e515754-7f8b-46df-9ca3-146e5874d0fb): Wait interrupted by java.lang.InterruptedException
2019-08-23 10:07:18,345 [main] INFO  impl.PendingRequests (PendingRequests.java:sendNotLeaderResponses(202)) - 7b28d98f-f774-4da4-b3b1-ee2ad2b713ba-PendingRequests: sendNotLeaderResponses
2019-08-23 10:07:18,345 [org.apache.ratis.server.impl.LogAppender$AppenderDaemon$$Lambda$482/1532957749@67dc019d] WARN  server.GrpcLogAppender (GrpcLogAppender.java:mayWait(143)) - GrpcLogAppender(7b28d98f-f774-4da4-b3b1-ee2ad2b713ba->b71bf4d4-b0f4-4b17-850e-14fbc35fc534): Wait interrupted by java.lang.InterruptedException
2019-08-23 10:07:18,345 [ForkJoinPool.commonPool-worker-1] INFO  impl.PendingRequests (PendingRequests.java:sendNotLeaderResponses(202)) - 7b28d98f-f774-4da4-b3b1-ee2ad2b713ba-PendingRequests: sendNotLeaderResponses
2019-08-23 10:07:18,350 [main] INFO  impl.StateMachineUpdater (StateMachineUpdater.java:stopAndJoin(115)) - StateMachineUpdater:7b28d98f-f774-4da4-b3b1-ee2ad2b713ba:group-CC427169F078: set stopIndex = 14
2019-08-23 10:07:18,345 [grpc-default-executor-4] INFO  server.GrpcServerProtocolService (GrpcServerProtocolService.java:onCompleted(104)) - 9e515754-7f8b-46df-9ca3-146e5874d0fb: appendEntries completed
2019-08-23 10:07:18,350 [grpc-default-executor-7] INFO  server.GrpcServerProtocolService (GrpcServerProtocolService.java:onCompleted(104)) - b71bf4d4-b0f4-4b17-850e-14fbc35fc534: appendEntries completed
2019-08-23 10:07:18,350 [StateMachineUpdater:7b28d98f-f774-4da4-b3b1-ee2ad2b713ba:group-CC427169F078] INFO  ratis.ContainerStateMachine (ContainerStateMachine.java:takeSnapshot(283)) - group-CC427169F078: Taking a snapshot at:(t:1, i:12) file /workdir/hadoop-ozone/integration-test/target/test-dir/MiniOzoneClusterImpl-b7a8e372-3268-47e4-95e4-1baa8ccb0650/datanode-2/data/ratis/7acf250a-3a28-4257-b83c-cc427169f078/sm/snapshot.1_12
2019-08-23 10:07:18,350 [ForkJoinPool.commonPool-worker-1] INFO  impl.StateMachineUpdater (StateMachineUpdater.java:stopAndJoin(115)) - StateMachineUpdater:7b28d98f-f774-4da4-b3b1-ee2ad2b713ba:group-08751DD22B5D: set stopIndex = 0
2019-08-23 10:07:18,351 [grpc-default-executor-4] INFO  server.GrpcLogAppender (GrpcLogAppender.java:onCompleted(292)) - 7b28d98f-f774-4da4-b3b1-ee2ad2b713ba->b71bf4d4-b0f4-4b17-850e-14fbc35fc534: follower responses appendEntries COMPLETED
2019-08-23 10:07:18,350 [grpc-default-executor-8] INFO  server.GrpcLogAppender (GrpcLogAppender.java:onCompleted(292)) - 7b28d98f-f774-4da4-b3b1-ee2ad2b713ba->9e515754-7f8b-46df-9ca3-146e5874d0fb: follower responses appendEntries COMPLETED
2019-08-23 10:07:18,351 [grpc-default-executor-4] INFO  impl.FollowerInfo (FollowerInfo.java:lambda$new$0(50)) - 7b28d98f-f774-4da4-b3b1-ee2ad2b713ba->b71bf4d4-b0f4-4b17-850e-14fbc35fc534: nextIndex: updateUnconditionally 15 -> 14
2019-08-23 10:07:18,351 [ForkJoinPool.commonPool-worker-1] INFO  impl.RaftServerImpl (ServerState.java:close(394)) - 7b28d98f-f774-4da4-b3b1-ee2ad2b713ba:group-08751DD22B5D closes. The last applied log index is 0
2019-08-23 10:07:18,351 [grpc-default-executor-8] INFO  impl.FollowerInfo (FollowerInfo.java:lambda$new$0(50)) - 7b28d98f-f774-4da4-b3b1-ee2ad2b713ba->9e515754-7f8b-46df-9ca3-146e5874d0fb: nextIndex: updateUnconditionally 15 -> 14
2019-08-23 10:07:18,352 [7b28d98f-f774-4da4-b3b1-ee2ad2b713ba-SegmentedRaftLogWorker:Storage Directory /workdir/hadoop-ozone/integration-test/target/test-dir/MiniOzoneClusterImpl-b7a8e372-3268-47e4-95e4-1baa8ccb0650/datanode-2/data/ratis/db3a5af3-aeab-4e09-95aa-08751dd22b5d] INFO  segmented.SegmentedRaftLogWorker (SegmentedRaftLogWorker.java:run(313)) - 7b28d98f-f774-4da4-b3b1-ee2ad2b713ba-SegmentedRaftLogWorker:Storage Directory /workdir/hadoop-ozone/integration-test/target/test-dir/MiniOzoneClusterImpl-b7a8e372-3268-47e4-95e4-1baa8ccb0650/datanode-2/data/ratis/db3a5af3-aeab-4e09-95aa-08751dd22b5d was interrupted, exiting. There are 0 tasks remaining in the queue.
2019-08-23 10:07:18,354 [StateMachineUpdater:7b28d98f-f774-4da4-b3b1-ee2ad2b713ba:group-CC427169F078] INFO  ratis.ContainerStateMachine (ContainerStateMachine.java:takeSnapshot(294)) - group-CC427169F078: Finished taking a snapshot at:(t:1, i:12) file:/workdir/hadoop-ozone/integration-test/target/test-dir/MiniOzoneClusterImpl-b7a8e372-3268-47e4-95e4-1baa8ccb0650/datanode-2/data/ratis/7acf250a-3a28-4257-b83c-cc427169f078/sm/snapshot.1_12 time:5
2019-08-23 10:07:18,354 [ForkJoinPool.commonPool-worker-1] INFO  segmented.SegmentedRaftLogWorker (SegmentedRaftLogWorker.java:close(228)) - 7b28d98f-f774-4da4-b3b1-ee2ad2b713ba-SegmentedRaftLogWorker:Storage Directory /workdir/hadoop-ozone/integration-test/target/test-dir/MiniOzoneClusterImpl-b7a8e372-3268-47e4-95e4-1baa8ccb0650/datanode-2/data/ratis/db3a5af3-aeab-4e09-95aa-08751dd22b5d close()
2019-08-23 10:07:18,354 [StateMachineUpdater:7b28d98f-f774-4da4-b3b1-ee2ad2b713ba:group-CC427169F078] INFO  impl.StateMachineUpdater (StateMachineUpdater.java:takeSnapshot(242)) - StateMachineUpdater:7b28d98f-f774-4da4-b3b1-ee2ad2b713ba:group-CC427169F078: Took a snapshot at index 12
2019-08-23 10:07:18,355 [StateMachineUpdater:7b28d98f-f774-4da4-b3b1-ee2ad2b713ba:group-CC427169F078] INFO  impl.StateMachineUpdater (StateMachineUpdater.java:lambda$new$0(80)) - StateMachineUpdater:7b28d98f-f774-4da4-b3b1-ee2ad2b713ba:group-CC427169F078: snapshotIndex: updateIncreasingly -1 -> 12
2019-08-23 10:07:18,355 [main] INFO  impl.RaftServerImpl (ServerState.java:close(394)) - 7b28d98f-f774-4da4-b3b1-ee2ad2b713ba:group-CC427169F078 closes. The last applied log index is 14
2019-08-23 10:07:18,355 [7b28d98f-f774-4da4-b3b1-ee2ad2b713ba-SegmentedRaftLogWorker:Storage Directory /workdir/hadoop-ozone/integration-test/target/test-dir/MiniOzoneClusterImpl-b7a8e372-3268-47e4-95e4-1baa8ccb0650/datanode-2/data/ratis/7acf250a-3a28-4257-b83c-cc427169f078] INFO  segmented.SegmentedRaftLogWorker (SegmentedRaftLogWorker.java:run(313)) - 7b28d98f-f774-4da4-b3b1-ee2ad2b713ba-SegmentedRaftLogWorker:Storage Directory /workdir/hadoop-ozone/integration-test/target/test-dir/MiniOzoneClusterImpl-b7a8e372-3268-47e4-95e4-1baa8ccb0650/datanode-2/data/ratis/7acf250a-3a28-4257-b83c-cc427169f078 was interrupted, exiting. There are 0 tasks remaining in the queue.
2019-08-23 10:07:18,358 [main] INFO  segmented.SegmentedRaftLogWorker (SegmentedRaftLogWorker.java:close(228)) - 7b28d98f-f774-4da4-b3b1-ee2ad2b713ba-SegmentedRaftLogWorker:Storage Directory /workdir/hadoop-ozone/integration-test/target/test-dir/MiniOzoneClusterImpl-b7a8e372-3268-47e4-95e4-1baa8ccb0650/datanode-2/data/ratis/7acf250a-3a28-4257-b83c-cc427169f078 close()
2019-08-23 10:07:18,361 [main] INFO  server.GrpcService (GrpcService.java:closeImpl(155)) - 7b28d98f-f774-4da4-b3b1-ee2ad2b713ba: shutdown server with port 35950 now
2019-08-23 10:07:18,362 [main] INFO  server.GrpcService (GrpcService.java:closeImpl(163)) - 7b28d98f-f774-4da4-b3b1-ee2ad2b713ba: shutdown server with port 35950 successfully
2019-08-23 10:07:18,362 [grpc-default-executor-4] WARN  client.GrpcClientProtocolService (LogUtils.java:warn(134)) - 3-UnorderedRequestStreamObserver3: onError: org.apache.ratis.thirdparty.io.grpc.StatusRuntimeException: CANCELLED: cancelled before receiving half close
2019-08-23 10:07:18,365 [main] INFO  utils.BackgroundService (BackgroundService.java:shutdown(148)) - Shutting down service BlockDeletingService
2019-08-23 10:07:18,366 [refreshUsed-/workdir/hadoop-ozone/integration-test/target/test-dir/MiniOzoneClusterImpl-b7a8e372-3268-47e4-95e4-1baa8ccb0650/datanode-2/data/containers] WARN  fs.CachingGetSpaceUsed (CachingGetSpaceUsed.java:run(183)) - Thread Interrupted waiting to refresh disk information: sleep interrupted
2019-08-23 10:07:18,392 [main] INFO  statemachine.DatanodeStateMachine (DatanodeStateMachine.java:stopDaemon(395)) - Ozone container server stopped.
2019-08-23 10:07:18,393 [main] INFO  handler.ContextHandler (ContextHandler.java:doStop(910)) - Stopped o.e.j.w.WebAppContext@441798ce{/,null,UNAVAILABLE}{/hddsDatanode}
2019-08-23 10:07:18,394 [main] INFO  server.AbstractConnector (AbstractConnector.java:doStop(318)) - Stopped ServerConnector@335cd031{HTTP/1.1,[http/1.1]}{0.0.0.0:0}
2019-08-23 10:07:18,395 [main] INFO  handler.ContextHandler (ContextHandler.java:doStop(910)) - Stopped o.e.j.s.ServletContextHandler@4cdb7fd9{/static,jar:file:/home/user/.m2/repository/org/apache/hadoop/hadoop-hdds-container-service/0.5.0-SNAPSHOT/hadoop-hdds-container-service-0.5.0-SNAPSHOT.jar!/webapps/static,UNAVAILABLE}
2019-08-23 10:07:18,395 [main] INFO  handler.ContextHandler (ContextHandler.java:doStop(910)) - Stopped o.e.j.s.ServletContextHandler@4a5dc126{/logs,file:///workdir/hadoop-ozone/integration-test/target/log,UNAVAILABLE}
2019-08-23 10:07:18,398 | INFO  | SCMAudit | user=jenkins1000 | ip=192.168.5.185 | op=SEND_HEARTBEAT {datanodeUUID=5494ee63-e09e-4df3-b4cd-311d875bc122, command=[]} | ret=SUCCESS |  
2019-08-23 10:07:18,592 | INFO  | SCMAudit | user=jenkins1000 | ip=192.168.5.185 | op=SEND_HEARTBEAT {datanodeUUID=80f273f3-706b-492f-9f47-fe3dda8bc170, command=[]} | ret=SUCCESS |  
2019-08-23 10:07:18,814 | INFO  | SCMAudit | user=jenkins1000 | ip=192.168.5.185 | op=SEND_HEARTBEAT {datanodeUUID=8453f9b2-d485-4adb-8d6d-ab08f3e408ba, command=[]} | ret=SUCCESS |  
2019-08-23 10:07:19,062 | INFO  | SCMAudit | user=jenkins1000 | ip=192.168.5.185 | op=SEND_HEARTBEAT {datanodeUUID=b71bf4d4-b0f4-4b17-850e-14fbc35fc534, command=[commandType: closeContainerCommand closeContainerCommandProto { containerID: 1 pipelineID { id: "7acf250a-3a28-4257-b83c-cc427169f078" } cmdId: 1 force: false } ]} | ret=SUCCESS |  
2019-08-23 10:07:19,062 | INFO  | SCMAudit | user=jenkins1000 | ip=192.168.5.185 | op=SEND_HEARTBEAT {datanodeUUID=9e515754-7f8b-46df-9ca3-146e5874d0fb, command=[commandType: closeContainerCommand closeContainerCommandProto { containerID: 1 pipelineID { id: "7acf250a-3a28-4257-b83c-cc427169f078" } cmdId: 1 force: false } ]} | ret=SUCCESS |  
2019-08-23 10:07:19,181 | INFO  | SCMAudit | user=jenkins1000 | ip=192.168.5.185 | op=SEND_HEARTBEAT {datanodeUUID=bba6b2d4-c4a5-4c91-8048-dc3b2f1adf2c, command=[]} | ret=SUCCESS |  
2019-08-23 10:07:19,398 | INFO  | SCMAudit | user=jenkins1000 | ip=192.168.5.185 | op=SEND_HEARTBEAT {datanodeUUID=5494ee63-e09e-4df3-b4cd-311d875bc122, command=[]} | ret=SUCCESS |  
2019-08-23 10:07:19,592 | INFO  | SCMAudit | user=jenkins1000 | ip=192.168.5.185 | op=SEND_HEARTBEAT {datanodeUUID=80f273f3-706b-492f-9f47-fe3dda8bc170, command=[]} | ret=SUCCESS |  
2019-08-23 10:07:19,813 | INFO  | SCMAudit | user=jenkins1000 | ip=192.168.5.185 | op=SEND_HEARTBEAT {datanodeUUID=8453f9b2-d485-4adb-8d6d-ab08f3e408ba, command=[]} | ret=SUCCESS |  
2019-08-23 10:07:20,062 | INFO  | SCMAudit | user=jenkins1000 | ip=192.168.5.185 | op=SEND_HEARTBEAT {datanodeUUID=b71bf4d4-b0f4-4b17-850e-14fbc35fc534, command=[]} | ret=SUCCESS |  
2019-08-23 10:07:20,062 | INFO  | SCMAudit | user=jenkins1000 | ip=192.168.5.185 | op=SEND_HEARTBEAT {datanodeUUID=9e515754-7f8b-46df-9ca3-146e5874d0fb, command=[]} | ret=SUCCESS |  
2019-08-23 10:07:20,078 | INFO  | SCMAudit | user=jenkins1000 | ip=192.168.5.185 | op=SEND_HEARTBEAT {datanodeUUID=9e515754-7f8b-46df-9ca3-146e5874d0fb, command=[]} | ret=SUCCESS |  
2019-08-23 10:07:20,181 | INFO  | SCMAudit | user=jenkins1000 | ip=192.168.5.185 | op=SEND_HEARTBEAT {datanodeUUID=bba6b2d4-c4a5-4c91-8048-dc3b2f1adf2c, command=[]} | ret=SUCCESS |  
2019-08-23 10:07:20,398 | INFO  | SCMAudit | user=jenkins1000 | ip=192.168.5.185 | op=SEND_HEARTBEAT {datanodeUUID=5494ee63-e09e-4df3-b4cd-311d875bc122, command=[]} | ret=SUCCESS |  
2019-08-23 10:07:20,410 [grpc-default-executor-4] INFO  client.GrpcClientProtocolClient (GrpcClientProtocolClient.java:onNext(255)) - client-3B28D4C4CE34->9e515754-7f8b-46df-9ca3-146e5874d0fb: receive RaftClientReply:client-3B28D4C4CE34->9e515754-7f8b-46df-9ca3-146e5874d0fb@group-CC427169F078, cid=172, FAILED org.apache.ratis.protocol.NotLeaderException: Server 9e515754-7f8b-46df-9ca3-146e5874d0fb is not the leader (7b28d98f-f774-4da4-b3b1-ee2ad2b713ba:192.168.5.185:35950). Request must be sent to leader., logIndex=0, commits[9e515754-7f8b-46df-9ca3-146e5874d0fb:c14, b71bf4d4-b0f4-4b17-850e-14fbc35fc534:c14, 7b28d98f-f774-4da4-b3b1-ee2ad2b713ba:c14]
2019-08-23 10:07:20,592 | INFO  | SCMAudit | user=jenkins1000 | ip=192.168.5.185 | op=SEND_HEARTBEAT {datanodeUUID=80f273f3-706b-492f-9f47-fe3dda8bc170, command=[]} | ret=SUCCESS |  
2019-08-23 10:07:20,813 | INFO  | SCMAudit | user=jenkins1000 | ip=192.168.5.185 | op=SEND_HEARTBEAT {datanodeUUID=8453f9b2-d485-4adb-8d6d-ab08f3e408ba, command=[]} | ret=SUCCESS |  
2019-08-23 10:07:21,062 | INFO  | SCMAudit | user=jenkins1000 | ip=192.168.5.185 | op=SEND_HEARTBEAT {datanodeUUID=b71bf4d4-b0f4-4b17-850e-14fbc35fc534, command=[]} | ret=SUCCESS |  
2019-08-23 10:07:21,077 | INFO  | SCMAudit | user=jenkins1000 | ip=192.168.5.185 | op=SEND_HEARTBEAT {datanodeUUID=9e515754-7f8b-46df-9ca3-146e5874d0fb, command=[]} | ret=SUCCESS |  
2019-08-23 10:07:21,091 | INFO  | SCMAudit | user=jenkins1000 | ip=192.168.5.185 | op=SEND_HEARTBEAT {datanodeUUID=b71bf4d4-b0f4-4b17-850e-14fbc35fc534, command=[]} | ret=SUCCESS |  
2019-08-23 10:07:21,181 | INFO  | SCMAudit | user=jenkins1000 | ip=192.168.5.185 | op=SEND_HEARTBEAT {datanodeUUID=bba6b2d4-c4a5-4c91-8048-dc3b2f1adf2c, command=[]} | ret=SUCCESS |  
2019-08-23 10:07:21,398 | INFO  | SCMAudit | user=jenkins1000 | ip=192.168.5.185 | op=SEND_HEARTBEAT {datanodeUUID=5494ee63-e09e-4df3-b4cd-311d875bc122, command=[]} | ret=SUCCESS |  
2019-08-23 10:07:21,423 [grpc-default-executor-4] INFO  client.GrpcClientProtocolClient (GrpcClientProtocolClient.java:onNext(255)) - client-3B28D4C4CE34->9e515754-7f8b-46df-9ca3-146e5874d0fb: receive RaftClientReply:client-3B28D4C4CE34->9e515754-7f8b-46df-9ca3-146e5874d0fb@group-CC427169F078, cid=172, FAILED org.apache.ratis.protocol.NotLeaderException: Server 9e515754-7f8b-46df-9ca3-146e5874d0fb is not the leader (7b28d98f-f774-4da4-b3b1-ee2ad2b713ba:192.168.5.185:35950). Request must be sent to leader., logIndex=0, commits[9e515754-7f8b-46df-9ca3-146e5874d0fb:c14, b71bf4d4-b0f4-4b17-850e-14fbc35fc534:c14, 7b28d98f-f774-4da4-b3b1-ee2ad2b713ba:c14]
2019-08-23 10:07:21,593 | INFO  | SCMAudit | user=jenkins1000 | ip=192.168.5.185 | op=SEND_HEARTBEAT {datanodeUUID=80f273f3-706b-492f-9f47-fe3dda8bc170, command=[]} | ret=SUCCESS |  
2019-08-23 10:07:21,813 | INFO  | SCMAudit | user=jenkins1000 | ip=192.168.5.185 | op=SEND_HEARTBEAT {datanodeUUID=8453f9b2-d485-4adb-8d6d-ab08f3e408ba, command=[]} | ret=SUCCESS |  
2019-08-23 10:07:22,078 | INFO  | SCMAudit | user=jenkins1000 | ip=192.168.5.185 | op=SEND_HEARTBEAT {datanodeUUID=9e515754-7f8b-46df-9ca3-146e5874d0fb, command=[]} | ret=SUCCESS |  
2019-08-23 10:07:22,091 | INFO  | SCMAudit | user=jenkins1000 | ip=192.168.5.185 | op=SEND_HEARTBEAT {datanodeUUID=b71bf4d4-b0f4-4b17-850e-14fbc35fc534, command=[]} | ret=SUCCESS |  
2019-08-23 10:07:22,181 | INFO  | SCMAudit | user=jenkins1000 | ip=192.168.5.185 | op=SEND_HEARTBEAT {datanodeUUID=bba6b2d4-c4a5-4c91-8048-dc3b2f1adf2c, command=[]} | ret=SUCCESS |  
2019-08-23 10:07:22,398 | INFO  | SCMAudit | user=jenkins1000 | ip=192.168.5.185 | op=SEND_HEARTBEAT {datanodeUUID=5494ee63-e09e-4df3-b4cd-311d875bc122, command=[]} | ret=SUCCESS |  
2019-08-23 10:07:22,436 [grpc-default-executor-7] INFO  client.GrpcClientProtocolClient (GrpcClientProtocolClient.java:onNext(255)) - client-3B28D4C4CE34->9e515754-7f8b-46df-9ca3-146e5874d0fb: receive RaftClientReply:client-3B28D4C4CE34->9e515754-7f8b-46df-9ca3-146e5874d0fb@group-CC427169F078, cid=172, FAILED org.apache.ratis.protocol.NotLeaderException: Server 9e515754-7f8b-46df-9ca3-146e5874d0fb is not the leader (7b28d98f-f774-4da4-b3b1-ee2ad2b713ba:192.168.5.185:35950). Request must be sent to leader., logIndex=0, commits[9e515754-7f8b-46df-9ca3-146e5874d0fb:c14, b71bf4d4-b0f4-4b17-850e-14fbc35fc534:c14, 7b28d98f-f774-4da4-b3b1-ee2ad2b713ba:c14]
2019-08-23 10:07:22,594 | INFO  | SCMAudit | user=jenkins1000 | ip=192.168.5.185 | op=SEND_HEARTBEAT {datanodeUUID=80f273f3-706b-492f-9f47-fe3dda8bc170, command=[]} | ret=SUCCESS |  
2019-08-23 10:07:22,814 | INFO  | SCMAudit | user=jenkins1000 | ip=192.168.5.185 | op=SEND_HEARTBEAT {datanodeUUID=8453f9b2-d485-4adb-8d6d-ab08f3e408ba, command=[]} | ret=SUCCESS |  
2019-08-23 10:07:23,079 | INFO  | SCMAudit | user=jenkins1000 | ip=192.168.5.185 | op=SEND_HEARTBEAT {datanodeUUID=9e515754-7f8b-46df-9ca3-146e5874d0fb, command=[]} | ret=SUCCESS |  
2019-08-23 10:07:23,092 | INFO  | SCMAudit | user=jenkins1000 | ip=192.168.5.185 | op=SEND_HEARTBEAT {datanodeUUID=b71bf4d4-b0f4-4b17-850e-14fbc35fc534, command=[]} | ret=SUCCESS |  
2019-08-23 10:07:23,181 | INFO  | SCMAudit | user=jenkins1000 | ip=192.168.5.185 | op=SEND_HEARTBEAT {datanodeUUID=bba6b2d4-c4a5-4c91-8048-dc3b2f1adf2c, command=[]} | ret=SUCCESS |  
2019-08-23 10:07:23,398 | INFO  | SCMAudit | user=jenkins1000 | ip=192.168.5.185 | op=SEND_HEARTBEAT {datanodeUUID=5494ee63-e09e-4df3-b4cd-311d875bc122, command=[]} | ret=SUCCESS |  
2019-08-23 10:07:23,454 [grpc-default-executor-7] INFO  client.GrpcClientProtocolClient (GrpcClientProtocolClient.java:onNext(255)) - client-3B28D4C4CE34->b71bf4d4-b0f4-4b17-850e-14fbc35fc534: receive RaftClientReply:client-3B28D4C4CE34->b71bf4d4-b0f4-4b17-850e-14fbc35fc534@group-CC427169F078, cid=172, FAILED org.apache.ratis.protocol.NotLeaderException: Server b71bf4d4-b0f4-4b17-850e-14fbc35fc534 is not the leader (7b28d98f-f774-4da4-b3b1-ee2ad2b713ba:192.168.5.185:35950). Request must be sent to leader., logIndex=0, commits[b71bf4d4-b0f4-4b17-850e-14fbc35fc534:c14, 9e515754-7f8b-46df-9ca3-146e5874d0fb:c14, 7b28d98f-f774-4da4-b3b1-ee2ad2b713ba:c14]
2019-08-23 10:07:23,595 | INFO  | SCMAudit | user=jenkins1000 | ip=192.168.5.185 | op=SEND_HEARTBEAT {datanodeUUID=80f273f3-706b-492f-9f47-fe3dda8bc170, command=[]} | ret=SUCCESS |  
2019-08-23 10:07:23,814 | INFO  | SCMAudit | user=jenkins1000 | ip=192.168.5.185 | op=SEND_HEARTBEAT {datanodeUUID=8453f9b2-d485-4adb-8d6d-ab08f3e408ba, command=[]} | ret=SUCCESS |  
2019-08-23 10:07:24,079 | INFO  | SCMAudit | user=jenkins1000 | ip=192.168.5.185 | op=SEND_HEARTBEAT {datanodeUUID=9e515754-7f8b-46df-9ca3-146e5874d0fb, command=[]} | ret=SUCCESS |  
2019-08-23 10:07:24,092 | INFO  | SCMAudit | user=jenkins1000 | ip=192.168.5.185 | op=SEND_HEARTBEAT {datanodeUUID=b71bf4d4-b0f4-4b17-850e-14fbc35fc534, command=[]} | ret=SUCCESS |  
2019-08-23 10:07:24,180 | INFO  | SCMAudit | user=jenkins1000 | ip=192.168.5.185 | op=SEND_HEARTBEAT {datanodeUUID=bba6b2d4-c4a5-4c91-8048-dc3b2f1adf2c, command=[]} | ret=SUCCESS |  
2019-08-23 10:07:24,398 | INFO  | SCMAudit | user=jenkins1000 | ip=192.168.5.185 | op=SEND_HEARTBEAT {datanodeUUID=5494ee63-e09e-4df3-b4cd-311d875bc122, command=[]} | ret=SUCCESS |  
2019-08-23 10:07:24,468 [grpc-default-executor-8] INFO  client.GrpcClientProtocolClient (GrpcClientProtocolClient.java:onNext(255)) - client-3B28D4C4CE34->9e515754-7f8b-46df-9ca3-146e5874d0fb: receive RaftClientReply:client-3B28D4C4CE34->9e515754-7f8b-46df-9ca3-146e5874d0fb@group-CC427169F078, cid=172, FAILED org.apache.ratis.protocol.NotLeaderException: Server 9e515754-7f8b-46df-9ca3-146e5874d0fb is not the leader (7b28d98f-f774-4da4-b3b1-ee2ad2b713ba:192.168.5.185:35950). Request must be sent to leader., logIndex=0, commits[9e515754-7f8b-46df-9ca3-146e5874d0fb:c14, b71bf4d4-b0f4-4b17-850e-14fbc35fc534:c14, 7b28d98f-f774-4da4-b3b1-ee2ad2b713ba:c14]
2019-08-23 10:07:24,595 | INFO  | SCMAudit | user=jenkins1000 | ip=192.168.5.185 | op=SEND_HEARTBEAT {datanodeUUID=80f273f3-706b-492f-9f47-fe3dda8bc170, command=[]} | ret=SUCCESS |  
2019-08-23 10:07:24,814 | INFO  | SCMAudit | user=jenkins1000 | ip=192.168.5.185 | op=SEND_HEARTBEAT {datanodeUUID=8453f9b2-d485-4adb-8d6d-ab08f3e408ba, command=[]} | ret=SUCCESS |  
2019-08-23 10:07:25,080 | INFO  | SCMAudit | user=jenkins1000 | ip=192.168.5.185 | op=SEND_HEARTBEAT {datanodeUUID=9e515754-7f8b-46df-9ca3-146e5874d0fb, command=[]} | ret=SUCCESS |  
2019-08-23 10:07:25,092 | INFO  | SCMAudit | user=jenkins1000 | ip=192.168.5.185 | op=SEND_HEARTBEAT {datanodeUUID=b71bf4d4-b0f4-4b17-850e-14fbc35fc534, command=[]} | ret=SUCCESS |  
2019-08-23 10:07:25,180 | INFO  | SCMAudit | user=jenkins1000 | ip=192.168.5.185 | op=SEND_HEARTBEAT {datanodeUUID=bba6b2d4-c4a5-4c91-8048-dc3b2f1adf2c, command=[]} | ret=SUCCESS |  
2019-08-23 10:07:25,398 | INFO  | SCMAudit | user=jenkins1000 | ip=192.168.5.185 | op=SEND_HEARTBEAT {datanodeUUID=5494ee63-e09e-4df3-b4cd-311d875bc122, command=[]} | ret=SUCCESS |  
2019-08-23 10:07:25,482 [grpc-default-executor-7] INFO  client.GrpcClientProtocolClient (GrpcClientProtocolClient.java:onNext(255)) - client-3B28D4C4CE34->b71bf4d4-b0f4-4b17-850e-14fbc35fc534: receive RaftClientReply:client-3B28D4C4CE34->b71bf4d4-b0f4-4b17-850e-14fbc35fc534@group-CC427169F078, cid=172, FAILED org.apache.ratis.protocol.NotLeaderException: Server b71bf4d4-b0f4-4b17-850e-14fbc35fc534 is not the leader (7b28d98f-f774-4da4-b3b1-ee2ad2b713ba:192.168.5.185:35950). Request must be sent to leader., logIndex=0, commits[b71bf4d4-b0f4-4b17-850e-14fbc35fc534:c14, 9e515754-7f8b-46df-9ca3-146e5874d0fb:c14, 7b28d98f-f774-4da4-b3b1-ee2ad2b713ba:c14]
2019-08-23 10:07:25,594 | INFO  | SCMAudit | user=jenkins1000 | ip=192.168.5.185 | op=SEND_HEARTBEAT {datanodeUUID=80f273f3-706b-492f-9f47-fe3dda8bc170, command=[]} | ret=SUCCESS |  
2019-08-23 10:07:25,814 | INFO  | SCMAudit | user=jenkins1000 | ip=192.168.5.185 | op=SEND_HEARTBEAT {datanodeUUID=8453f9b2-d485-4adb-8d6d-ab08f3e408ba, command=[]} | ret=SUCCESS |  
2019-08-23 10:07:26,081 | INFO  | SCMAudit | user=jenkins1000 | ip=192.168.5.185 | op=SEND_HEARTBEAT {datanodeUUID=9e515754-7f8b-46df-9ca3-146e5874d0fb, command=[]} | ret=SUCCESS |  
2019-08-23 10:07:26,092 | INFO  | SCMAudit | user=jenkins1000 | ip=192.168.5.185 | op=SEND_HEARTBEAT {datanodeUUID=b71bf4d4-b0f4-4b17-850e-14fbc35fc534, command=[]} | ret=SUCCESS |  
2019-08-23 10:07:26,181 | INFO  | SCMAudit | user=jenkins1000 | ip=192.168.5.185 | op=SEND_HEARTBEAT {datanodeUUID=bba6b2d4-c4a5-4c91-8048-dc3b2f1adf2c, command=[]} | ret=SUCCESS |  
2019-08-23 10:07:26,398 | INFO  | SCMAudit | user=jenkins1000 | ip=192.168.5.185 | op=SEND_HEARTBEAT {datanodeUUID=5494ee63-e09e-4df3-b4cd-311d875bc122, command=[]} | ret=SUCCESS |  
2019-08-23 10:07:26,498 [grpc-default-executor-4] INFO  client.GrpcClientProtocolClient (GrpcClientProtocolClient.java:onNext(255)) - client-3B28D4C4CE34->b71bf4d4-b0f4-4b17-850e-14fbc35fc534: receive RaftClientReply:client-3B28D4C4CE34->b71bf4d4-b0f4-4b17-850e-14fbc35fc534@group-CC427169F078, cid=172, FAILED org.apache.ratis.protocol.NotLeaderException: Server b71bf4d4-b0f4-4b17-850e-14fbc35fc534 is not the leader (7b28d98f-f774-4da4-b3b1-ee2ad2b713ba:192.168.5.185:35950). Request must be sent to leader., logIndex=0, commits[b71bf4d4-b0f4-4b17-850e-14fbc35fc534:c14, 9e515754-7f8b-46df-9ca3-146e5874d0fb:c14, 7b28d98f-f774-4da4-b3b1-ee2ad2b713ba:c14]
2019-08-23 10:07:26,595 | INFO  | SCMAudit | user=jenkins1000 | ip=192.168.5.185 | op=SEND_HEARTBEAT {datanodeUUID=80f273f3-706b-492f-9f47-fe3dda8bc170, command=[]} | ret=SUCCESS |  
2019-08-23 10:07:26,814 | INFO  | SCMAudit | user=jenkins1000 | ip=192.168.5.185 | op=SEND_HEARTBEAT {datanodeUUID=8453f9b2-d485-4adb-8d6d-ab08f3e408ba, command=[]} | ret=SUCCESS |  
2019-08-23 10:07:27,081 | INFO  | SCMAudit | user=jenkins1000 | ip=192.168.5.185 | op=SEND_HEARTBEAT {datanodeUUID=9e515754-7f8b-46df-9ca3-146e5874d0fb, command=[]} | ret=SUCCESS |  
2019-08-23 10:07:27,091 | INFO  | SCMAudit | user=jenkins1000 | ip=192.168.5.185 | op=SEND_HEARTBEAT {datanodeUUID=b71bf4d4-b0f4-4b17-850e-14fbc35fc534, command=[]} | ret=SUCCESS |  
2019-08-23 10:07:27,181 | INFO  | SCMAudit | user=jenkins1000 | ip=192.168.5.185 | op=SEND_HEARTBEAT {datanodeUUID=bba6b2d4-c4a5-4c91-8048-dc3b2f1adf2c, command=[]} | ret=SUCCESS |  
2019-08-23 10:07:27,359 [Thread-3316] INFO  impl.FollowerState (FollowerState.java:run(106)) - 9e515754-7f8b-46df-9ca3-146e5874d0fb:group-CC427169F078 changes to CANDIDATE, lastRpcTime:9025, electionTimeout:5011ms
2019-08-23 10:07:27,359 [Thread-3316] INFO  impl.RoleInfo (RoleInfo.java:shutdownFollowerState(121)) - 9e515754-7f8b-46df-9ca3-146e5874d0fb: shutdown FollowerState
2019-08-23 10:07:27,360 [Thread-3316] INFO  impl.RaftServerImpl (RaftServerImpl.java:setRole(171)) - 9e515754-7f8b-46df-9ca3-146e5874d0fb:group-CC427169F078 changes role from FOLLOWER to CANDIDATE at term 1 for changeToCandidate
2019-08-23 10:07:27,360 [Thread-3316] INFO  impl.RoleInfo (RoleInfo.java:updateAndGet(143)) - 9e515754-7f8b-46df-9ca3-146e5874d0fb: start LeaderElection
2019-08-23 10:07:27,364 [9e515754-7f8b-46df-9ca3-146e5874d0fb:group-CC427169F078:LeaderElection67] INFO  impl.RaftServerImpl (ServerState.java:setLeader(263)) - 9e515754-7f8b-46df-9ca3-146e5874d0fb:group-CC427169F078 change Leader from 7b28d98f-f774-4da4-b3b1-ee2ad2b713ba to null at term 1 for initElection
2019-08-23 10:07:27,378 [9e515754-7f8b-46df-9ca3-146e5874d0fb:group-CC427169F078:LeaderElection67] INFO  impl.LeaderElection (LeaderElection.java:askForVotes(181)) - 9e515754-7f8b-46df-9ca3-146e5874d0fb:group-CC427169F078:LeaderElection67: begin an election at term 2 for 0: [b71bf4d4-b0f4-4b17-850e-14fbc35fc534:192.168.5.185:45311, 9e515754-7f8b-46df-9ca3-146e5874d0fb:192.168.5.185:39640, 7b28d98f-f774-4da4-b3b1-ee2ad2b713ba:192.168.5.185:35950], old=null
2019-08-23 10:07:27,381 [9e515754-7f8b-46df-9ca3-146e5874d0fb:group-CC427169F078:LeaderElection67] INFO  impl.LeaderElection (LogUtils.java:infoOrTrace(149)) - 9e515754-7f8b-46df-9ca3-146e5874d0fb:group-CC427169F078:LeaderElection67 got exception when requesting votes: {}
java.util.concurrent.ExecutionException: org.apache.ratis.thirdparty.io.grpc.StatusRuntimeException: UNAVAILABLE: io exception
	at java.util.concurrent.FutureTask.report(FutureTask.java:122)
	at java.util.concurrent.FutureTask.get(FutureTask.java:192)
	at org.apache.ratis.server.impl.LeaderElection.waitForResults(LeaderElection.java:262)
	at org.apache.ratis.server.impl.LeaderElection.askForVotes(LeaderElection.java:200)
	at org.apache.ratis.server.impl.LeaderElection.run(LeaderElection.java:130)
	at java.lang.Thread.run(Thread.java:748)
Caused by: org.apache.ratis.thirdparty.io.grpc.StatusRuntimeException: UNAVAILABLE: io exception
	at org.apache.ratis.thirdparty.io.grpc.stub.ClientCalls.toStatusRuntimeException(ClientCalls.java:233)
	at org.apache.ratis.thirdparty.io.grpc.stub.ClientCalls.getUnchecked(ClientCalls.java:214)
	at org.apache.ratis.thirdparty.io.grpc.stub.ClientCalls.blockingUnaryCall(ClientCalls.java:139)
	at org.apache.ratis.proto.grpc.RaftServerProtocolServiceGrpc$RaftServerProtocolServiceBlockingStub.requestVote(RaftServerProtocolServiceGrpc.java:265)
	at org.apache.ratis.grpc.server.GrpcServerProtocolClient.requestVote(GrpcServerProtocolClient.java:83)
	at org.apache.ratis.grpc.server.GrpcService.requestVote(GrpcService.java:195)
	at org.apache.ratis.server.impl.LeaderElection.lambda$submitRequests$1(LeaderElection.java:237)
	at java.util.concurrent.FutureTask.run(FutureTask.java:266)
	at java.util.concurrent.Executors$RunnableAdapter.call(Executors.java:511)
	at java.util.concurrent.FutureTask.run(FutureTask.java:266)
	at java.util.concurrent.ThreadPoolExecutor.runWorker(ThreadPoolExecutor.java:1149)
	at java.util.concurrent.ThreadPoolExecutor$Worker.run(ThreadPoolExecutor.java:624)
	... 1 more
Caused by: org.apache.ratis.thirdparty.io.netty.channel.AbstractChannel$AnnotatedConnectException: Connection refused: /192.168.5.185:35950
	at sun.nio.ch.SocketChannelImpl.checkConnect(Native Method)
	at sun.nio.ch.SocketChannelImpl.finishConnect(SocketChannelImpl.java:717)
	at org.apache.ratis.thirdparty.io.netty.channel.socket.nio.NioSocketChannel.doFinishConnect(NioSocketChannel.java:327)
	at org.apache.ratis.thirdparty.io.netty.channel.nio.AbstractNioChannel$AbstractNioUnsafe.finishConnect(AbstractNioChannel.java:340)
	at org.apache.ratis.thirdparty.io.netty.channel.nio.NioEventLoop.processSelectedKey(NioEventLoop.java:632)
	at org.apache.ratis.thirdparty.io.netty.channel.nio.NioEventLoop.processSelectedKeysOptimized(NioEventLoop.java:579)
	at org.apache.ratis.thirdparty.io.netty.channel.nio.NioEventLoop.processSelectedKeys(NioEventLoop.java:496)
	at org.apache.ratis.thirdparty.io.netty.channel.nio.NioEventLoop.run(NioEventLoop.java:458)
	at org.apache.ratis.thirdparty.io.netty.util.concurrent.SingleThreadEventExecutor$5.run(SingleThreadEventExecutor.java:897)
	at org.apache.ratis.thirdparty.io.netty.util.concurrent.FastThreadLocalRunnable.run(FastThreadLocalRunnable.java:30)
	... 1 more
Caused by: java.net.ConnectException: Connection refused
	... 11 more
2019-08-23 10:07:27,386 [grpc-default-executor-4] INFO  impl.RaftServerImpl (ServerState.java:setLeader(263)) - b71bf4d4-b0f4-4b17-850e-14fbc35fc534:group-CC427169F078 change Leader from 7b28d98f-f774-4da4-b3b1-ee2ad2b713ba to null at term 2 for updateCurrentTerm
2019-08-23 10:07:27,386 [grpc-default-executor-4] INFO  impl.RaftServerImpl (RaftServerImpl.java:setRole(171)) - b71bf4d4-b0f4-4b17-850e-14fbc35fc534:group-CC427169F078 changes role from FOLLOWER to FOLLOWER at term 2 for recognizeCandidate:9e515754-7f8b-46df-9ca3-146e5874d0fb
2019-08-23 10:07:27,386 [grpc-default-executor-4] INFO  impl.RoleInfo (RoleInfo.java:shutdownFollowerState(121)) - b71bf4d4-b0f4-4b17-850e-14fbc35fc534: shutdown FollowerState
2019-08-23 10:07:27,386 [grpc-default-executor-4] INFO  impl.RoleInfo (RoleInfo.java:updateAndGet(143)) - b71bf4d4-b0f4-4b17-850e-14fbc35fc534: start FollowerState
2019-08-23 10:07:27,387 [Thread-3315] INFO  impl.FollowerState (FollowerState.java:run(114)) - b71bf4d4-b0f4-4b17-850e-14fbc35fc534: FollowerState was interrupted: java.lang.InterruptedException: sleep interrupted
2019-08-23 10:07:27,398 | INFO  | SCMAudit | user=jenkins1000 | ip=192.168.5.185 | op=SEND_HEARTBEAT {datanodeUUID=5494ee63-e09e-4df3-b4cd-311d875bc122, command=[]} | ret=SUCCESS |  
2019-08-23 10:07:27,418 [9e515754-7f8b-46df-9ca3-146e5874d0fb:group-CC427169F078:LeaderElection67] INFO  impl.LeaderElection (LeaderElection.java:logAndReturn(56)) - 9e515754-7f8b-46df-9ca3-146e5874d0fb:group-CC427169F078:LeaderElection67: Election PASSED; received 1 response(s) [9e515754-7f8b-46df-9ca3-146e5874d0fb<-b71bf4d4-b0f4-4b17-850e-14fbc35fc534#0:OK-t2] and 1 exception(s); 9e515754-7f8b-46df-9ca3-146e5874d0fb:t2, leader=null, voted=9e515754-7f8b-46df-9ca3-146e5874d0fb, raftlog=9e515754-7f8b-46df-9ca3-146e5874d0fb-SegmentedRaftLog:OPENED:c14,f14,i14, conf=0: [b71bf4d4-b0f4-4b17-850e-14fbc35fc534:192.168.5.185:45311, 9e515754-7f8b-46df-9ca3-146e5874d0fb:192.168.5.185:39640, 7b28d98f-f774-4da4-b3b1-ee2ad2b713ba:192.168.5.185:35950], old=null
2019-08-23 10:07:27,418 [9e515754-7f8b-46df-9ca3-146e5874d0fb:group-CC427169F078:LeaderElection67] INFO  impl.LeaderElection (LogUtils.java:infoOrTrace(149)) -   Exception 0: {}
java.util.concurrent.ExecutionException: org.apache.ratis.thirdparty.io.grpc.StatusRuntimeException: UNAVAILABLE: io exception
	at java.util.concurrent.FutureTask.report(FutureTask.java:122)
	at java.util.concurrent.FutureTask.get(FutureTask.java:192)
	at org.apache.ratis.server.impl.LeaderElection.waitForResults(LeaderElection.java:262)
	at org.apache.ratis.server.impl.LeaderElection.askForVotes(LeaderElection.java:200)
	at org.apache.ratis.server.impl.LeaderElection.run(LeaderElection.java:130)
	at java.lang.Thread.run(Thread.java:748)
Caused by: org.apache.ratis.thirdparty.io.grpc.StatusRuntimeException: UNAVAILABLE: io exception
	at org.apache.ratis.thirdparty.io.grpc.stub.ClientCalls.toStatusRuntimeException(ClientCalls.java:233)
	at org.apache.ratis.thirdparty.io.grpc.stub.ClientCalls.getUnchecked(ClientCalls.java:214)
	at org.apache.ratis.thirdparty.io.grpc.stub.ClientCalls.blockingUnaryCall(ClientCalls.java:139)
	at org.apache.ratis.proto.grpc.RaftServerProtocolServiceGrpc$RaftServerProtocolServiceBlockingStub.requestVote(RaftServerProtocolServiceGrpc.java:265)
	at org.apache.ratis.grpc.server.GrpcServerProtocolClient.requestVote(GrpcServerProtocolClient.java:83)
	at org.apache.ratis.grpc.server.GrpcService.requestVote(GrpcService.java:195)
	at org.apache.ratis.server.impl.LeaderElection.lambda$submitRequests$1(LeaderElection.java:237)
	at java.util.concurrent.FutureTask.run(FutureTask.java:266)
	at java.util.concurrent.Executors$RunnableAdapter.call(Executors.java:511)
	at java.util.concurrent.FutureTask.run(FutureTask.java:266)
	at java.util.concurrent.ThreadPoolExecutor.runWorker(ThreadPoolExecutor.java:1149)
	at java.util.concurrent.ThreadPoolExecutor$Worker.run(ThreadPoolExecutor.java:624)
	... 1 more
Caused by: org.apache.ratis.thirdparty.io.netty.channel.AbstractChannel$AnnotatedConnectException: Connection refused: /192.168.5.185:35950
	at sun.nio.ch.SocketChannelImpl.checkConnect(Native Method)
	at sun.nio.ch.SocketChannelImpl.finishConnect(SocketChannelImpl.java:717)
	at org.apache.ratis.thirdparty.io.netty.channel.socket.nio.NioSocketChannel.doFinishConnect(NioSocketChannel.java:327)
	at org.apache.ratis.thirdparty.io.netty.channel.nio.AbstractNioChannel$AbstractNioUnsafe.finishConnect(AbstractNioChannel.java:340)
	at org.apache.ratis.thirdparty.io.netty.channel.nio.NioEventLoop.processSelectedKey(NioEventLoop.java:632)
	at org.apache.ratis.thirdparty.io.netty.channel.nio.NioEventLoop.processSelectedKeysOptimized(NioEventLoop.java:579)
	at org.apache.ratis.thirdparty.io.netty.channel.nio.NioEventLoop.processSelectedKeys(NioEventLoop.java:496)
	at org.apache.ratis.thirdparty.io.netty.channel.nio.NioEventLoop.run(NioEventLoop.java:458)
	at org.apache.ratis.thirdparty.io.netty.util.concurrent.SingleThreadEventExecutor$5.run(SingleThreadEventExecutor.java:897)
	at org.apache.ratis.thirdparty.io.netty.util.concurrent.FastThreadLocalRunnable.run(FastThreadLocalRunnable.java:30)
	... 1 more
Caused by: java.net.ConnectException: Connection refused
	... 11 more
2019-08-23 10:07:27,419 [9e515754-7f8b-46df-9ca3-146e5874d0fb:group-CC427169F078:LeaderElection67] INFO  impl.RoleInfo (RoleInfo.java:shutdownLeaderElection(134)) - 9e515754-7f8b-46df-9ca3-146e5874d0fb: shutdown LeaderElection
2019-08-23 10:07:27,419 [9e515754-7f8b-46df-9ca3-146e5874d0fb:group-CC427169F078:LeaderElection67] INFO  impl.RaftServerImpl (RaftServerImpl.java:setRole(171)) - 9e515754-7f8b-46df-9ca3-146e5874d0fb:group-CC427169F078 changes role from CANDIDATE to LEADER at term 2 for changeToLeader
2019-08-23 10:07:27,419 [9e515754-7f8b-46df-9ca3-146e5874d0fb:group-CC427169F078:LeaderElection67] INFO  impl.RaftServerImpl (ServerState.java:setLeader(263)) - 9e515754-7f8b-46df-9ca3-146e5874d0fb:group-CC427169F078 change Leader from null to 9e515754-7f8b-46df-9ca3-146e5874d0fb at term 2 for becomeLeader, leader elected after 55ms
2019-08-23 10:07:27,420 [9e515754-7f8b-46df-9ca3-146e5874d0fb:group-CC427169F078:LeaderElection67] INFO  server.RaftServerConfigKeys (ConfUtils.java:logGet(43)) - raft.server.staging.catchup.gap = 1000 (default)
2019-08-23 10:07:27,420 [9e515754-7f8b-46df-9ca3-146e5874d0fb:group-CC427169F078:LeaderElection67] INFO  server.RaftServerConfigKeys (ConfUtils.java:logGet(43)) - raft.server.rpc.sleep.time = 25ms (default)
2019-08-23 10:07:27,420 [9e515754-7f8b-46df-9ca3-146e5874d0fb:group-CC427169F078:LeaderElection67] INFO  server.RaftServerConfigKeys (ConfUtils.java:logGet(43)) - raft.server.write.element-limit = 4096 (default)
2019-08-23 10:07:27,420 [9e515754-7f8b-46df-9ca3-146e5874d0fb:group-CC427169F078:LeaderElection67] INFO  server.RaftServerConfigKeys (ConfUtils.java:logGet(43)) - raft.server.watch.timeout = 10s (default)
2019-08-23 10:07:27,420 [9e515754-7f8b-46df-9ca3-146e5874d0fb:group-CC427169F078:LeaderElection67] INFO  server.RaftServerConfigKeys (ConfUtils.java:logGet(43)) - raft.server.watch.timeout.denomination = 1s (default)
2019-08-23 10:07:27,420 [9e515754-7f8b-46df-9ca3-146e5874d0fb:group-CC427169F078:LeaderElection67] INFO  server.RaftServerConfigKeys (ConfUtils.java:logGet(43)) - raft.server.watch.element-limit = 65536 (default)
2019-08-23 10:07:27,421 [9e515754-7f8b-46df-9ca3-146e5874d0fb:group-CC427169F078:LeaderElection67] INFO  server.RaftServerConfigKeys (ConfUtils.java:logGet(43)) - raft.server.log.appender.snapshot.chunk.size.max = 16MB (=16777216) (default)
2019-08-23 10:07:27,421 [9e515754-7f8b-46df-9ca3-146e5874d0fb:group-CC427169F078:LeaderElection67] INFO  server.RaftServerConfigKeys (ConfUtils.java:logGet(43)) - raft.server.log.appender.buffer.byte-limit = 33554432 (custom)
2019-08-23 10:07:27,421 [9e515754-7f8b-46df-9ca3-146e5874d0fb:group-CC427169F078:LeaderElection67] INFO  server.RaftServerConfigKeys (ConfUtils.java:logGet(43)) - raft.server.log.appender.buffer.element-limit = 1 (custom)
2019-08-23 10:07:27,422 [9e515754-7f8b-46df-9ca3-146e5874d0fb:group-CC427169F078:LeaderElection67] INFO  grpc.GrpcConfigKeys$Server (ConfUtils.java:logGet(43)) - raft.grpc.server.leader.outstanding.appends.max = 128 (default)
2019-08-23 10:07:27,422 [9e515754-7f8b-46df-9ca3-146e5874d0fb:group-CC427169F078:LeaderElection67] INFO  server.RaftServerConfigKeys (ConfUtils.java:logGet(43)) - raft.server.rpc.request.timeout = 3000ms (default)
2019-08-23 10:07:27,422 [9e515754-7f8b-46df-9ca3-146e5874d0fb:group-CC427169F078:LeaderElection67] INFO  server.RaftServerConfigKeys (ConfUtils.java:logGet(43)) - raft.server.log.appender.install.snapshot.enabled = false (custom)
2019-08-23 10:07:27,422 [9e515754-7f8b-46df-9ca3-146e5874d0fb:group-CC427169F078:LeaderElection67] INFO  server.RaftServerConfigKeys (ConfUtils.java:logGet(43)) - raft.server.log.appender.snapshot.chunk.size.max = 16MB (=16777216) (default)
2019-08-23 10:07:27,422 [9e515754-7f8b-46df-9ca3-146e5874d0fb:group-CC427169F078:LeaderElection67] INFO  server.RaftServerConfigKeys (ConfUtils.java:logGet(43)) - raft.server.log.appender.buffer.byte-limit = 33554432 (custom)
2019-08-23 10:07:27,423 [9e515754-7f8b-46df-9ca3-146e5874d0fb:group-CC427169F078:LeaderElection67] INFO  server.RaftServerConfigKeys (ConfUtils.java:logGet(43)) - raft.server.log.appender.buffer.element-limit = 1 (custom)
2019-08-23 10:07:27,423 [9e515754-7f8b-46df-9ca3-146e5874d0fb:group-CC427169F078:LeaderElection67] INFO  grpc.GrpcConfigKeys$Server (ConfUtils.java:logGet(43)) - raft.grpc.server.leader.outstanding.appends.max = 128 (default)
2019-08-23 10:07:27,423 [9e515754-7f8b-46df-9ca3-146e5874d0fb:group-CC427169F078:LeaderElection67] INFO  server.RaftServerConfigKeys (ConfUtils.java:logGet(43)) - raft.server.rpc.request.timeout = 3000ms (default)
2019-08-23 10:07:27,423 [9e515754-7f8b-46df-9ca3-146e5874d0fb:group-CC427169F078:LeaderElection67] INFO  server.RaftServerConfigKeys (ConfUtils.java:logGet(43)) - raft.server.log.appender.install.snapshot.enabled = false (custom)
2019-08-23 10:07:27,423 [9e515754-7f8b-46df-9ca3-146e5874d0fb:group-CC427169F078:LeaderElection67] INFO  impl.RoleInfo (RoleInfo.java:updateAndGet(143)) - 9e515754-7f8b-46df-9ca3-146e5874d0fb: start LeaderState
2019-08-23 10:07:27,424 [9e515754-7f8b-46df-9ca3-146e5874d0fb:group-CC427169F078:LeaderElection67] INFO  segmented.SegmentedRaftLogWorker (SegmentedRaftLogWorker.java:rollLogSegment(385)) - 9e515754-7f8b-46df-9ca3-146e5874d0fb-SegmentedRaftLogWorker:Storage Directory /workdir/hadoop-ozone/integration-test/target/test-dir/MiniOzoneClusterImpl-b7a8e372-3268-47e4-95e4-1baa8ccb0650/datanode-1/data/ratis/7acf250a-3a28-4257-b83c-cc427169f078: Rolling segment log-0_14 to index:14
2019-08-23 10:07:27,425 [9e515754-7f8b-46df-9ca3-146e5874d0fb-SegmentedRaftLogWorker:Storage Directory /workdir/hadoop-ozone/integration-test/target/test-dir/MiniOzoneClusterImpl-b7a8e372-3268-47e4-95e4-1baa8ccb0650/datanode-1/data/ratis/7acf250a-3a28-4257-b83c-cc427169f078] INFO  segmented.SegmentedRaftLogWorker (SegmentedRaftLogWorker.java:execute(526)) - 9e515754-7f8b-46df-9ca3-146e5874d0fb-SegmentedRaftLogWorker:Storage Directory /workdir/hadoop-ozone/integration-test/target/test-dir/MiniOzoneClusterImpl-b7a8e372-3268-47e4-95e4-1baa8ccb0650/datanode-1/data/ratis/7acf250a-3a28-4257-b83c-cc427169f078: Rolled log segment from /workdir/hadoop-ozone/integration-test/target/test-dir/MiniOzoneClusterImpl-b7a8e372-3268-47e4-95e4-1baa8ccb0650/datanode-1/data/ratis/7acf250a-3a28-4257-b83c-cc427169f078/current/log_inprogress_0 to /workdir/hadoop-ozone/integration-test/target/test-dir/MiniOzoneClusterImpl-b7a8e372-3268-47e4-95e4-1baa8ccb0650/datanode-1/data/ratis/7acf250a-3a28-4257-b83c-cc427169f078/current/log_0-14
2019-08-23 10:07:27,425 [9e515754-7f8b-46df-9ca3-146e5874d0fb:group-CC427169F078:LeaderElection67] INFO  impl.RaftServerImpl (ServerState.java:setRaftConf(361)) - 9e515754-7f8b-46df-9ca3-146e5874d0fb:group-CC427169F078 set configuration 15: [b71bf4d4-b0f4-4b17-850e-14fbc35fc534:192.168.5.185:45311, 9e515754-7f8b-46df-9ca3-146e5874d0fb:192.168.5.185:39640, 7b28d98f-f774-4da4-b3b1-ee2ad2b713ba:192.168.5.185:35950], old=null at 15
2019-08-23 10:07:27,425 [grpc-default-executor-4] WARN  server.GrpcLogAppender (LogUtils.java:warn(134)) - 9e515754-7f8b-46df-9ca3-146e5874d0fb->7b28d98f-f774-4da4-b3b1-ee2ad2b713ba: Failed appendEntries: org.apache.ratis.thirdparty.io.grpc.StatusRuntimeException: UNAVAILABLE: io exception
2019-08-23 10:07:27,426 [grpc-default-executor-4] INFO  impl.FollowerInfo (FollowerInfo.java:lambda$new$0(50)) - 9e515754-7f8b-46df-9ca3-146e5874d0fb->7b28d98f-f774-4da4-b3b1-ee2ad2b713ba: nextIndex: updateUnconditionally 15 -> 1
2019-08-23 10:07:27,427 [grpc-default-executor-4] INFO  impl.RaftServerImpl (ServerState.java:setLeader(263)) - b71bf4d4-b0f4-4b17-850e-14fbc35fc534:group-CC427169F078 change Leader from null to 9e515754-7f8b-46df-9ca3-146e5874d0fb at term 2 for appendEntries, leader elected after 41ms
2019-08-23 10:07:27,430 [grpc-default-executor-4] INFO  impl.RaftServerImpl (ServerState.java:setRaftConf(361)) - b71bf4d4-b0f4-4b17-850e-14fbc35fc534:group-CC427169F078 set configuration 15: [b71bf4d4-b0f4-4b17-850e-14fbc35fc534:192.168.5.185:45311, 9e515754-7f8b-46df-9ca3-146e5874d0fb:192.168.5.185:39640, 7b28d98f-f774-4da4-b3b1-ee2ad2b713ba:192.168.5.185:35950], old=null at 15
2019-08-23 10:07:27,430 [grpc-default-executor-4] INFO  segmented.SegmentedRaftLogWorker (SegmentedRaftLogWorker.java:rollLogSegment(385)) - b71bf4d4-b0f4-4b17-850e-14fbc35fc534-SegmentedRaftLogWorker:Storage Directory /workdir/hadoop-ozone/integration-test/target/test-dir/MiniOzoneClusterImpl-b7a8e372-3268-47e4-95e4-1baa8ccb0650/datanode-0/data/ratis/7acf250a-3a28-4257-b83c-cc427169f078: Rolling segment log-0_14 to index:14
2019-08-23 10:07:27,431 [b71bf4d4-b0f4-4b17-850e-14fbc35fc534-SegmentedRaftLogWorker:Storage Directory /workdir/hadoop-ozone/integration-test/target/test-dir/MiniOzoneClusterImpl-b7a8e372-3268-47e4-95e4-1baa8ccb0650/datanode-0/data/ratis/7acf250a-3a28-4257-b83c-cc427169f078] INFO  segmented.SegmentedRaftLogWorker (SegmentedRaftLogWorker.java:execute(526)) - b71bf4d4-b0f4-4b17-850e-14fbc35fc534-SegmentedRaftLogWorker:Storage Directory /workdir/hadoop-ozone/integration-test/target/test-dir/MiniOzoneClusterImpl-b7a8e372-3268-47e4-95e4-1baa8ccb0650/datanode-0/data/ratis/7acf250a-3a28-4257-b83c-cc427169f078: Rolled log segment from /workdir/hadoop-ozone/integration-test/target/test-dir/MiniOzoneClusterImpl-b7a8e372-3268-47e4-95e4-1baa8ccb0650/datanode-0/data/ratis/7acf250a-3a28-4257-b83c-cc427169f078/current/log_inprogress_0 to /workdir/hadoop-ozone/integration-test/target/test-dir/MiniOzoneClusterImpl-b7a8e372-3268-47e4-95e4-1baa8ccb0650/datanode-0/data/ratis/7acf250a-3a28-4257-b83c-cc427169f078/current/log_0-14
2019-08-23 10:07:27,479 [9e515754-7f8b-46df-9ca3-146e5874d0fb-SegmentedRaftLogWorker:Storage Directory /workdir/hadoop-ozone/integration-test/target/test-dir/MiniOzoneClusterImpl-b7a8e372-3268-47e4-95e4-1baa8ccb0650/datanode-1/data/ratis/7acf250a-3a28-4257-b83c-cc427169f078] INFO  segmented.SegmentedRaftLogWorker (SegmentedRaftLogWorker.java:execute(569)) - 9e515754-7f8b-46df-9ca3-146e5874d0fb-SegmentedRaftLogWorker:Storage Directory /workdir/hadoop-ozone/integration-test/target/test-dir/MiniOzoneClusterImpl-b7a8e372-3268-47e4-95e4-1baa8ccb0650/datanode-1/data/ratis/7acf250a-3a28-4257-b83c-cc427169f078: created new log segment /workdir/hadoop-ozone/integration-test/target/test-dir/MiniOzoneClusterImpl-b7a8e372-3268-47e4-95e4-1baa8ccb0650/datanode-1/data/ratis/7acf250a-3a28-4257-b83c-cc427169f078/current/log_inprogress_15
2019-08-23 10:07:27,479 [b71bf4d4-b0f4-4b17-850e-14fbc35fc534-SegmentedRaftLogWorker:Storage Directory /workdir/hadoop-ozone/integration-test/target/test-dir/MiniOzoneClusterImpl-b7a8e372-3268-47e4-95e4-1baa8ccb0650/datanode-0/data/ratis/7acf250a-3a28-4257-b83c-cc427169f078] INFO  segmented.SegmentedRaftLogWorker (SegmentedRaftLogWorker.java:execute(569)) - b71bf4d4-b0f4-4b17-850e-14fbc35fc534-SegmentedRaftLogWorker:Storage Directory /workdir/hadoop-ozone/integration-test/target/test-dir/MiniOzoneClusterImpl-b7a8e372-3268-47e4-95e4-1baa8ccb0650/datanode-0/data/ratis/7acf250a-3a28-4257-b83c-cc427169f078: created new log segment /workdir/hadoop-ozone/integration-test/target/test-dir/MiniOzoneClusterImpl-b7a8e372-3268-47e4-95e4-1baa8ccb0650/datanode-0/data/ratis/7acf250a-3a28-4257-b83c-cc427169f078/current/log_inprogress_15
2019-08-23 10:07:27,505 | INFO  | DNAudit | user=null | ip=null | op=READ_CHUNK {blockData=conID: 1 locID: 102665737263841294 bcsId: 0} | ret=SUCCESS |  
2019-08-23 10:07:27,508 [grpc-default-executor-7] WARN  server.GrpcLogAppender (LogUtils.java:warn(134)) - 9e515754-7f8b-46df-9ca3-146e5874d0fb->7b28d98f-f774-4da4-b3b1-ee2ad2b713ba: Failed appendEntries: org.apache.ratis.thirdparty.io.grpc.StatusRuntimeException: UNAVAILABLE: io exception
2019-08-23 10:07:27,509 [grpc-default-executor-7] INFO  impl.FollowerInfo (FollowerInfo.java:lambda$new$0(50)) - 9e515754-7f8b-46df-9ca3-146e5874d0fb->7b28d98f-f774-4da4-b3b1-ee2ad2b713ba: nextIndex: updateUnconditionally 2 -> 1
2019-08-23 10:07:27,510 | ERROR | DNAudit | user=null | ip=null | op=WRITE_CHUNK {blockData=conID: 1 locID: 102665737263841294 bcsId: 12} | ret=FAILURE | org.apache.hadoop.hdds.scm.container.common.helpers.ContainerNotOpenException: Container 1 in CLOSING state
	at org.apache.hadoop.ozone.container.common.impl.HddsDispatcher.validateContainerCommand(HddsDispatcher.java:408)
	at org.apache.hadoop.ozone.container.common.transport.server.ratis.ContainerStateMachine.startTransaction(ContainerStateMachine.java:309) 
2019-08-23 10:07:27,523 [grpc-default-executor-8] INFO  client.GrpcClientProtocolClient (GrpcClientProtocolClient.java:onNext(255)) - client-3B28D4C4CE34->9e515754-7f8b-46df-9ca3-146e5874d0fb: receive RaftClientReply:client-3B28D4C4CE34->9e515754-7f8b-46df-9ca3-146e5874d0fb@group-CC427169F078, cid=172, FAILED org.apache.ratis.protocol.StateMachineException: org.apache.hadoop.hdds.scm.container.common.helpers.ContainerNotOpenException from Server 9e515754-7f8b-46df-9ca3-146e5874d0fb: Container 1 in CLOSING state, logIndex=0, commits[9e515754-7f8b-46df-9ca3-146e5874d0fb:c15, b71bf4d4-b0f4-4b17-850e-14fbc35fc534:c14, 7b28d98f-f774-4da4-b3b1-ee2ad2b713ba:c14]
2019-08-23 10:07:27,524 [grpc-default-executor-6] WARN  server.GrpcLogAppender (LogUtils.java:warn(134)) - 9e515754-7f8b-46df-9ca3-146e5874d0fb->7b28d98f-f774-4da4-b3b1-ee2ad2b713ba: Failed appendEntries: org.apache.ratis.thirdparty.io.grpc.StatusRuntimeException: UNAVAILABLE: io exception
2019-08-23 10:07:27,525 [grpc-default-executor-6] INFO  impl.FollowerInfo (FollowerInfo.java:lambda$new$0(50)) - 9e515754-7f8b-46df-9ca3-146e5874d0fb->7b28d98f-f774-4da4-b3b1-ee2ad2b713ba: nextIndex: updateUnconditionally 2 -> 1
2019-08-23 10:07:27,525 | ERROR | DNAudit | user=null | ip=null | op=WRITE_CHUNK {blockData=conID: 1 locID: 102665737263841294 bcsId: 12} | ret=FAILURE | org.apache.hadoop.hdds.scm.container.common.helpers.ContainerNotOpenException: Container 1 in CLOSING state
	at org.apache.hadoop.ozone.container.common.impl.HddsDispatcher.validateContainerCommand(HddsDispatcher.java:408)
	at org.apache.hadoop.ozone.container.common.transport.server.ratis.ContainerStateMachine.startTransaction(ContainerStateMachine.java:309) 
2019-08-23 10:07:27,532 | ERROR | DNAudit | user=null | ip=null | op=PUT_BLOCK {blockData=[blockId=conID: 1 locID: 102665737263841294 bcsId: 0,size=650]} | ret=FAILURE | org.apache.hadoop.hdds.scm.container.common.helpers.ContainerNotOpenException: Container 1 in CLOSING state
	at org.apache.hadoop.ozone.container.common.impl.HddsDispatcher.validateContainerCommand(HddsDispatcher.java:408)
	at org.apache.hadoop.ozone.container.common.transport.server.ratis.ContainerStateMachine.startTransaction(ContainerStateMachine.java:309) 
2019-08-23 10:07:27,533 [grpc-default-executor-6] INFO  client.GrpcClientProtocolClient (GrpcClientProtocolClient.java:onNext(255)) - client-3B28D4C4CE34->9e515754-7f8b-46df-9ca3-146e5874d0fb: receive RaftClientReply:client-3B28D4C4CE34->9e515754-7f8b-46df-9ca3-146e5874d0fb@group-CC427169F078, cid=173, FAILED org.apache.ratis.protocol.StateMachineException: org.apache.hadoop.hdds.scm.container.common.helpers.ContainerNotOpenException from Server 9e515754-7f8b-46df-9ca3-146e5874d0fb: Container 1 in CLOSING state, logIndex=0, commits[9e515754-7f8b-46df-9ca3-146e5874d0fb:c16, b71bf4d4-b0f4-4b17-850e-14fbc35fc534:c15, 7b28d98f-f774-4da4-b3b1-ee2ad2b713ba:c14]
2019-08-23 10:07:27,537 | ERROR | DNAudit | user=null | ip=null | op=WRITE_CHUNK {blockData=conID: 1 locID: 102665737263841294 bcsId: 12} | ret=FAILURE | org.apache.hadoop.hdds.scm.container.common.helpers.ContainerNotOpenException: Container 1 in CLOSING state
	at org.apache.hadoop.ozone.container.common.impl.HddsDispatcher.validateContainerCommand(HddsDispatcher.java:408)
	at org.apache.hadoop.ozone.container.common.transport.server.ratis.ContainerStateMachine.startTransaction(ContainerStateMachine.java:309) 
2019-08-23 10:07:27,540 [grpc-default-executor-6] INFO  client.GrpcClientProtocolClient (GrpcClientProtocolClient.java:onNext(255)) - client-3B28D4C4CE34->9e515754-7f8b-46df-9ca3-146e5874d0fb: receive RaftClientReply:client-3B28D4C4CE34->9e515754-7f8b-46df-9ca3-146e5874d0fb@group-CC427169F078, cid=174, FAILED org.apache.ratis.protocol.StateMachineException: org.apache.hadoop.hdds.scm.container.common.helpers.ContainerNotOpenException from Server 9e515754-7f8b-46df-9ca3-146e5874d0fb: Container 1 in CLOSING state, logIndex=0, commits[9e515754-7f8b-46df-9ca3-146e5874d0fb:c16, b71bf4d4-b0f4-4b17-850e-14fbc35fc534:c15, 7b28d98f-f774-4da4-b3b1-ee2ad2b713ba:c14]
2019-08-23 10:07:27,541 | ERROR | DNAudit | user=null | ip=null | op=WRITE_CHUNK {blockData=conID: 1 locID: 102665737263841294 bcsId: 12} | ret=FAILURE | org.apache.hadoop.hdds.scm.container.common.helpers.ContainerNotOpenException: Container 1 in CLOSING state
	at org.apache.hadoop.ozone.container.common.impl.HddsDispatcher.validateContainerCommand(HddsDispatcher.java:408)
	at org.apache.hadoop.ozone.container.common.transport.server.ratis.ContainerStateMachine.startTransaction(ContainerStateMachine.java:309) 
2019-08-23 10:07:27,544 [grpc-default-executor-6] INFO  client.GrpcClientProtocolClient (GrpcClientProtocolClient.java:onNext(255)) - client-3B28D4C4CE34->9e515754-7f8b-46df-9ca3-146e5874d0fb: receive RaftClientReply:client-3B28D4C4CE34->9e515754-7f8b-46df-9ca3-146e5874d0fb@group-CC427169F078, cid=175, FAILED org.apache.ratis.protocol.StateMachineException: org.apache.hadoop.hdds.scm.container.common.helpers.ContainerNotOpenException from Server 9e515754-7f8b-46df-9ca3-146e5874d0fb: Container 1 in CLOSING state, logIndex=0, commits[9e515754-7f8b-46df-9ca3-146e5874d0fb:c16, b71bf4d4-b0f4-4b17-850e-14fbc35fc534:c15, 7b28d98f-f774-4da4-b3b1-ee2ad2b713ba:c14]
2019-08-23 10:07:27,547 | ERROR | DNAudit | user=null | ip=null | op=PUT_BLOCK {blockData=[blockId=conID: 1 locID: 102665737263841294 bcsId: 0,size=800]} | ret=FAILURE | org.apache.hadoop.hdds.scm.container.common.helpers.ContainerNotOpenException: Container 1 in CLOSING state
	at org.apache.hadoop.ozone.container.common.impl.HddsDispatcher.validateContainerCommand(HddsDispatcher.java:408)
	at org.apache.hadoop.ozone.container.common.transport.server.ratis.ContainerStateMachine.startTransaction(ContainerStateMachine.java:309) 
2019-08-23 10:07:27,547 [grpc-default-executor-6] INFO  client.GrpcClientProtocolClient (GrpcClientProtocolClient.java:onNext(255)) - client-3B28D4C4CE34->9e515754-7f8b-46df-9ca3-146e5874d0fb: receive RaftClientReply:client-3B28D4C4CE34->9e515754-7f8b-46df-9ca3-146e5874d0fb@group-CC427169F078, cid=176, FAILED org.apache.ratis.protocol.StateMachineException: org.apache.hadoop.hdds.scm.container.common.helpers.ContainerNotOpenException from Server 9e515754-7f8b-46df-9ca3-146e5874d0fb: Container 1 in CLOSING state, logIndex=0, commits[9e515754-7f8b-46df-9ca3-146e5874d0fb:c16, b71bf4d4-b0f4-4b17-850e-14fbc35fc534:c15, 7b28d98f-f774-4da4-b3b1-ee2ad2b713ba:c14]
2019-08-23 10:07:27,551 [grpc-default-executor-6] INFO  client.GrpcClientProtocolClient (GrpcClientProtocolClient.java:onNext(255)) - client-3B28D4C4CE34->9e515754-7f8b-46df-9ca3-146e5874d0fb: receive RaftClientReply:client-3B28D4C4CE34->9e515754-7f8b-46df-9ca3-146e5874d0fb@group-CC427169F078, cid=177, FAILED org.apache.ratis.protocol.StateMachineException: org.apache.hadoop.hdds.scm.container.common.helpers.ContainerNotOpenException from Server 9e515754-7f8b-46df-9ca3-146e5874d0fb: Container 1 in CLOSING state, logIndex=0, commits[9e515754-7f8b-46df-9ca3-146e5874d0fb:c16, b71bf4d4-b0f4-4b17-850e-14fbc35fc534:c15, 7b28d98f-f774-4da4-b3b1-ee2ad2b713ba:c14]
2019-08-23 10:07:27,579 | INFO  | SCMAudit | user=jenkins1000 | ip=192.168.5.185 | op=ALLOCATE_BLOCK {owner=6e595010-f2f2-4186-be93-0e1aee1053eb, size=800, type=RATIS, factor=THREE} | ret=SUCCESS |  
2019-08-23 10:07:27,581 | INFO  | OMAudit | user=jenkins1000 | ip=127.0.0.1 | op=ALLOCATE_BLOCK {volume=testblockoutputstream, bucket=testblockoutputstream, key=d51dd090-b136-4278-8f28-39b4b368c837, dataSize=0, replicationType=null, replicationFactor=null, keyLocationInfo=null, clientID=102665737263644685} | ret=SUCCESS |  
2019-08-23 10:07:27,598 | INFO  | SCMAudit | user=jenkins1000 | ip=192.168.5.185 | op=SEND_HEARTBEAT {datanodeUUID=80f273f3-706b-492f-9f47-fe3dda8bc170, command=[]} | ret=SUCCESS |  
2019-08-23 10:07:27,771 | INFO  | DNAudit | user=null | ip=null | op=WRITE_CHUNK {blockData=conID: 2 locID: 102665738490937359 bcsId: 0} | ret=SUCCESS |  
2019-08-23 10:07:27,771 | INFO  | DNAudit | user=null | ip=null | op=WRITE_CHUNK {blockData=conID: 2 locID: 102665738490937359 bcsId: 0} | ret=SUCCESS |  
2019-08-23 10:07:27,771 | INFO  | SCMAudit | user=jenkins1000 | ip=192.168.5.185 | op=SEND_HEARTBEAT {datanodeUUID=80f273f3-706b-492f-9f47-fe3dda8bc170, command=[]} | ret=SUCCESS |  
2019-08-23 10:07:27,771 | INFO  | SCMAudit | user=jenkins1000 | ip=192.168.5.185 | op=SEND_HEARTBEAT {datanodeUUID=5494ee63-e09e-4df3-b4cd-311d875bc122, command=[]} | ret=SUCCESS |  
2019-08-23 10:07:27,774 | INFO  | DNAudit | user=null | ip=null | op=WRITE_CHUNK {blockData=conID: 2 locID: 102665738490937359 bcsId: 0} | ret=SUCCESS |  
2019-08-23 10:07:27,771 | INFO  | SCMAudit | user=jenkins1000 | ip=192.168.5.185 | op=SEND_HEARTBEAT {datanodeUUID=bba6b2d4-c4a5-4c91-8048-dc3b2f1adf2c, command=[]} | ret=SUCCESS |  
2019-08-23 10:07:27,788 | INFO  | DNAudit | user=null | ip=null | op=WRITE_CHUNK {blockData=conID: 2 locID: 102665738490937359 bcsId: 0} | ret=SUCCESS |  
2019-08-23 10:07:27,797 [grpc-default-executor-6] INFO  client.GrpcClientProtocolClient (GrpcClientProtocolClient.java:onNext(255)) - client-0C862E881E0D->bba6b2d4-c4a5-4c91-8048-dc3b2f1adf2c: receive RaftClientReply:client-0C862E881E0D->bba6b2d4-c4a5-4c91-8048-dc3b2f1adf2c@group-9FC0456768B7, cid=178, SUCCESS, logIndex=1, commits[bba6b2d4-c4a5-4c91-8048-dc3b2f1adf2c:c1, 5494ee63-e09e-4df3-b4cd-311d875bc122:c0, 80f273f3-706b-492f-9f47-fe3dda8bc170:c0]
2019-08-23 10:07:27,804 | INFO  | DNAudit | user=null | ip=null | op=WRITE_CHUNK {blockData=conID: 2 locID: 102665738490937359 bcsId: 0} | ret=SUCCESS |  
2019-08-23 10:07:27,804 | INFO  | DNAudit | user=null | ip=null | op=WRITE_CHUNK {blockData=conID: 2 locID: 102665738490937359 bcsId: 0} | ret=SUCCESS |  
2019-08-23 10:07:27,804 | INFO  | DNAudit | user=null | ip=null | op=WRITE_CHUNK {blockData=conID: 2 locID: 102665738490937359 bcsId: 0} | ret=SUCCESS |  
2019-08-23 10:07:27,805 | INFO  | DNAudit | user=null | ip=null | op=WRITE_CHUNK {blockData=conID: 2 locID: 102665738490937359 bcsId: 0} | ret=SUCCESS |  
2019-08-23 10:07:27,805 | INFO  | DNAudit | user=null | ip=null | op=WRITE_CHUNK {blockData=conID: 2 locID: 102665738490937359 bcsId: 0} | ret=SUCCESS |  
2019-08-23 10:07:27,806 | INFO  | DNAudit | user=null | ip=null | op=WRITE_CHUNK {blockData=conID: 2 locID: 102665738490937359 bcsId: 0} | ret=SUCCESS |  
2019-08-23 10:07:27,807 | INFO  | DNAudit | user=null | ip=null | op=WRITE_CHUNK {blockData=conID: 2 locID: 102665738490937359 bcsId: 0} | ret=SUCCESS |  
2019-08-23 10:07:27,807 | INFO  | DNAudit | user=null | ip=null | op=WRITE_CHUNK {blockData=conID: 2 locID: 102665738490937359 bcsId: 0} | ret=SUCCESS |  
2019-08-23 10:07:27,807 | INFO  | DNAudit | user=null | ip=null | op=WRITE_CHUNK {blockData=conID: 2 locID: 102665738490937359 bcsId: 0} | ret=SUCCESS |  
2019-08-23 10:07:27,808 | INFO  | DNAudit | user=null | ip=null | op=WRITE_CHUNK {blockData=conID: 2 locID: 102665738490937359 bcsId: 0} | ret=SUCCESS |  
2019-08-23 10:07:27,808 | INFO  | DNAudit | user=null | ip=null | op=WRITE_CHUNK {blockData=conID: 2 locID: 102665738490937359 bcsId: 0} | ret=SUCCESS |  
2019-08-23 10:07:27,814 | INFO  | SCMAudit | user=jenkins1000 | ip=192.168.5.185 | op=SEND_HEARTBEAT {datanodeUUID=8453f9b2-d485-4adb-8d6d-ab08f3e408ba, command=[]} | ret=SUCCESS |  
2019-08-23 10:07:27,822 | INFO  | DNAudit | user=null | ip=null | op=WRITE_CHUNK {blockData=conID: 2 locID: 102665738490937359 bcsId: 0} | ret=SUCCESS |  
2019-08-23 10:07:27,827 [grpc-default-executor-8] INFO  client.GrpcClientProtocolClient (GrpcClientProtocolClient.java:onNext(255)) - client-0C862E881E0D->bba6b2d4-c4a5-4c91-8048-dc3b2f1adf2c: receive RaftClientReply:client-0C862E881E0D->bba6b2d4-c4a5-4c91-8048-dc3b2f1adf2c@group-9FC0456768B7, cid=179, SUCCESS, logIndex=3, commits[bba6b2d4-c4a5-4c91-8048-dc3b2f1adf2c:c4, 5494ee63-e09e-4df3-b4cd-311d875bc122:c2, 80f273f3-706b-492f-9f47-fe3dda8bc170:c2]
2019-08-23 10:07:27,833 | INFO  | DNAudit | user=null | ip=null | op=WRITE_CHUNK {blockData=conID: 2 locID: 102665738490937359 bcsId: 0} | ret=SUCCESS |  
2019-08-23 10:07:27,833 | INFO  | DNAudit | user=null | ip=null | op=WRITE_CHUNK {blockData=conID: 2 locID: 102665738490937359 bcsId: 0} | ret=SUCCESS |  
2019-08-23 10:07:27,867 | INFO  | DNAudit | user=null | ip=null | op=PUT_BLOCK {blockData=[blockId=conID: 2 locID: 102665738490937359 bcsId: 0,size=200]} | ret=SUCCESS |  
2019-08-23 10:07:27,870 | INFO  | DNAudit | user=null | ip=null | op=WRITE_CHUNK {blockData=conID: 2 locID: 102665738490937359 bcsId: 0} | ret=SUCCESS |  
2019-08-23 10:07:27,870 | INFO  | DNAudit | user=null | ip=null | op=WRITE_CHUNK {blockData=conID: 2 locID: 102665738490937359 bcsId: 0} | ret=SUCCESS |  
2019-08-23 10:07:27,870 [grpc-default-executor-8] INFO  client.GrpcClientProtocolClient (GrpcClientProtocolClient.java:onNext(255)) - client-0C862E881E0D->bba6b2d4-c4a5-4c91-8048-dc3b2f1adf2c: receive RaftClientReply:client-0C862E881E0D->bba6b2d4-c4a5-4c91-8048-dc3b2f1adf2c@group-9FC0456768B7, cid=180, SUCCESS, logIndex=4, commits[bba6b2d4-c4a5-4c91-8048-dc3b2f1adf2c:c10, 5494ee63-e09e-4df3-b4cd-311d875bc122:c7, 80f273f3-706b-492f-9f47-fe3dda8bc170:c7]
2019-08-23 10:07:27,871 [grpc-default-executor-8] INFO  client.GrpcClientProtocolClient (GrpcClientProtocolClient.java:onNext(255)) - client-0C862E881E0D->bba6b2d4-c4a5-4c91-8048-dc3b2f1adf2c: receive RaftClientReply:client-0C862E881E0D->bba6b2d4-c4a5-4c91-8048-dc3b2f1adf2c@group-9FC0456768B7, cid=181, SUCCESS, logIndex=5, commits[bba6b2d4-c4a5-4c91-8048-dc3b2f1adf2c:c10, 5494ee63-e09e-4df3-b4cd-311d875bc122:c7, 80f273f3-706b-492f-9f47-fe3dda8bc170:c7]
2019-08-23 10:07:27,871 [grpc-default-executor-8] INFO  client.GrpcClientProtocolClient (GrpcClientProtocolClient.java:onNext(255)) - client-0C862E881E0D->bba6b2d4-c4a5-4c91-8048-dc3b2f1adf2c: receive RaftClientReply:client-0C862E881E0D->bba6b2d4-c4a5-4c91-8048-dc3b2f1adf2c@group-9FC0456768B7, cid=182, SUCCESS, logIndex=6, commits[bba6b2d4-c4a5-4c91-8048-dc3b2f1adf2c:c10, 5494ee63-e09e-4df3-b4cd-311d875bc122:c7, 80f273f3-706b-492f-9f47-fe3dda8bc170:c7]
2019-08-23 10:07:27,913 | INFO  | DNAudit | user=null | ip=null | op=PUT_BLOCK {blockData=[blockId=conID: 2 locID: 102665738490937359 bcsId: 0,size=200]} | ret=SUCCESS |  
2019-08-23 10:07:27,914 | INFO  | DNAudit | user=null | ip=null | op=WRITE_CHUNK {blockData=conID: 2 locID: 102665738490937359 bcsId: 0} | ret=SUCCESS |  
2019-08-23 10:07:27,914 | INFO  | DNAudit | user=null | ip=null | op=WRITE_CHUNK {blockData=conID: 2 locID: 102665738490937359 bcsId: 0} | ret=SUCCESS |  
2019-08-23 10:07:27,955 | INFO  | DNAudit | user=null | ip=null | op=PUT_BLOCK {blockData=[blockId=conID: 2 locID: 102665738490937359 bcsId: 0,size=400]} | ret=SUCCESS |  
2019-08-23 10:07:27,955 | INFO  | DNAudit | user=null | ip=null | op=PUT_BLOCK {blockData=[blockId=conID: 2 locID: 102665738490937359 bcsId: 0,size=400]} | ret=SUCCESS |  
2019-08-23 10:07:27,958 | INFO  | DNAudit | user=null | ip=null | op=PUT_BLOCK {blockData=[blockId=conID: 2 locID: 102665738490937359 bcsId: 0,size=200]} | ret=SUCCESS |  
2019-08-23 10:07:27,958 | INFO  | DNAudit | user=null | ip=null | op=WRITE_CHUNK {blockData=conID: 2 locID: 102665738490937359 bcsId: 0} | ret=SUCCESS |  
2019-08-23 10:07:27,959 | INFO  | DNAudit | user=null | ip=null | op=WRITE_CHUNK {blockData=conID: 2 locID: 102665738490937359 bcsId: 0} | ret=SUCCESS |  
2019-08-23 10:07:27,959 [grpc-default-executor-8] INFO  client.GrpcClientProtocolClient (GrpcClientProtocolClient.java:onNext(255)) - client-0C862E881E0D->bba6b2d4-c4a5-4c91-8048-dc3b2f1adf2c: receive RaftClientReply:client-0C862E881E0D->bba6b2d4-c4a5-4c91-8048-dc3b2f1adf2c@group-9FC0456768B7, cid=183, SUCCESS, logIndex=7, commits[bba6b2d4-c4a5-4c91-8048-dc3b2f1adf2c:c10, 5494ee63-e09e-4df3-b4cd-311d875bc122:c7, 80f273f3-706b-492f-9f47-fe3dda8bc170:c7]
2019-08-23 10:07:27,960 | INFO  | DNAudit | user=null | ip=null | op=PUT_BLOCK {blockData=[blockId=conID: 2 locID: 102665738490937359 bcsId: 0,size=400]} | ret=SUCCESS |  
2019-08-23 10:07:27,963 | INFO  | DNAudit | user=null | ip=null | op=WRITE_CHUNK {blockData=conID: 2 locID: 102665738490937359 bcsId: 7} | ret=SUCCESS |  
2019-08-23 10:07:27,964 | INFO  | DNAudit | user=null | ip=null | op=WRITE_CHUNK {blockData=conID: 2 locID: 102665738490937359 bcsId: 7} | ret=SUCCESS |  
2019-08-23 10:07:27,964 | INFO  | DNAudit | user=null | ip=null | op=WRITE_CHUNK {blockData=conID: 2 locID: 102665738490937359 bcsId: 7} | ret=SUCCESS |  
2019-08-23 10:07:27,976 | INFO  | DNAudit | user=null | ip=null | op=WRITE_CHUNK {blockData=conID: 2 locID: 102665738490937359 bcsId: 7} | ret=SUCCESS |  
2019-08-23 10:07:27,977 | INFO  | DNAudit | user=null | ip=null | op=PUT_BLOCK {blockData=[blockId=conID: 2 locID: 102665738490937359 bcsId: 0,size=450]} | ret=SUCCESS |  
2019-08-23 10:07:27,977 [grpc-default-executor-6] INFO  client.GrpcClientProtocolClient (GrpcClientProtocolClient.java:onNext(255)) - client-0C862E881E0D->bba6b2d4-c4a5-4c91-8048-dc3b2f1adf2c: receive RaftClientReply:client-0C862E881E0D->bba6b2d4-c4a5-4c91-8048-dc3b2f1adf2c@group-9FC0456768B7, cid=184, SUCCESS, logIndex=11, commits[bba6b2d4-c4a5-4c91-8048-dc3b2f1adf2c:c12, 5494ee63-e09e-4df3-b4cd-311d875bc122:c10, 80f273f3-706b-492f-9f47-fe3dda8bc170:c10]
2019-08-23 10:07:27,978 [grpc-default-executor-6] INFO  client.GrpcClientProtocolClient (GrpcClientProtocolClient.java:onNext(255)) - client-0C862E881E0D->bba6b2d4-c4a5-4c91-8048-dc3b2f1adf2c: receive RaftClientReply:client-0C862E881E0D->bba6b2d4-c4a5-4c91-8048-dc3b2f1adf2c@group-9FC0456768B7, cid=185, SUCCESS, logIndex=12, commits[bba6b2d4-c4a5-4c91-8048-dc3b2f1adf2c:c12, 5494ee63-e09e-4df3-b4cd-311d875bc122:c10, 80f273f3-706b-492f-9f47-fe3dda8bc170:c10]
2019-08-23 10:07:27,992 | INFO  | DNAudit | user=null | ip=null | op=WRITE_CHUNK {blockData=conID: 2 locID: 102665738490937359 bcsId: 7} | ret=SUCCESS |  
2019-08-23 10:07:27,992 | INFO  | DNAudit | user=null | ip=null | op=WRITE_CHUNK {blockData=conID: 2 locID: 102665738490937359 bcsId: 7} | ret=SUCCESS |  
2019-08-23 10:07:27,998 | INFO  | DNAudit | user=null | ip=null | op=PUT_BLOCK {blockData=[blockId=conID: 2 locID: 102665738490937359 bcsId: 0,size=450]} | ret=SUCCESS |  
2019-08-23 10:07:27,998 | INFO  | DNAudit | user=null | ip=null | op=PUT_BLOCK {blockData=[blockId=conID: 2 locID: 102665738490937359 bcsId: 0,size=450]} | ret=SUCCESS |  
2019-08-23 10:07:28,002 [grpc-default-executor-6] INFO  client.GrpcClientProtocolClient (GrpcClientProtocolClient.java:onNext(255)) - client-0C862E881E0D->bba6b2d4-c4a5-4c91-8048-dc3b2f1adf2c: receive RaftClientReply:client-0C862E881E0D->bba6b2d4-c4a5-4c91-8048-dc3b2f1adf2c@group-9FC0456768B7, cid=186, SUCCESS, logIndex=0, commits[bba6b2d4-c4a5-4c91-8048-dc3b2f1adf2c:c13, 5494ee63-e09e-4df3-b4cd-311d875bc122:c12, 80f273f3-706b-492f-9f47-fe3dda8bc170:c12]
2019-08-23 10:07:28,003 [main] INFO  ozone.MiniOzoneClusterImpl (MiniOzoneClusterImpl.java:shutdown(321)) - Shutting down the Mini Ozone Cluster
2019-08-23 10:07:28,003 | INFO  | SCMAudit | user=null | ip=null | op=GET_SCM_INFO null | ret=SUCCESS |  
2019-08-23 10:07:28,003 [main] INFO  ozone.MiniOzoneClusterImpl (MiniOzoneClusterImpl.java:stop(336)) - Stopping the Mini Ozone Cluster
2019-08-23 10:07:28,003 [main] INFO  ozone.MiniOzoneClusterImpl (MiniOzoneClusterImpl.java:stop(338)) - Stopping the OzoneManager
2019-08-23 10:07:28,004 [main] INFO  ipc.Server (Server.java:stop(3082)) - Stopping server on 38371
2019-08-23 10:07:28,013 [IPC Server listener on 38371] INFO  ipc.Server (Server.java:run(1185)) - Stopping IPC Server listener on 38371
2019-08-23 10:07:28,014 [main] INFO  ratis.OzoneManagerDoubleBuffer (OzoneManagerDoubleBuffer.java:stop(248)) - Stopping OMDoubleBuffer flush thread
2019-08-23 10:07:28,023 [IPC Server Responder] INFO  ipc.Server (Server.java:run(1319)) - Stopping IPC Server Responder
2019-08-23 10:07:28,032 [OMDoubleBufferFlushThread] INFO  ratis.OzoneManagerDoubleBuffer (OzoneManagerDoubleBuffer.java:flushTransactions(191)) - OMDoubleBuffer flush thread OMDoubleBufferFlushThread is interrupted and will exit. OMDoubleBufferFlushThread
2019-08-23 10:07:28,032 [main] INFO  utils.BackgroundService (BackgroundService.java:shutdown(148)) - Shutting down service KeyDeletingService
2019-08-23 10:07:28,034 [main] INFO  handler.ContextHandler (ContextHandler.java:doStop(910)) - Stopped o.e.j.w.WebAppContext@21e32876{/,null,UNAVAILABLE}{/ozoneManager}
2019-08-23 10:07:28,035 [main] INFO  server.AbstractConnector (AbstractConnector.java:doStop(318)) - Stopped ServerConnector@a642c54{HTTP/1.1,[http/1.1]}{0.0.0.0:0}
2019-08-23 10:07:28,036 [main] INFO  handler.ContextHandler (ContextHandler.java:doStop(910)) - Stopped o.e.j.s.ServletContextHandler@709353b9{/static,file:///workdir/hadoop-ozone/integration-test/target/test-classes/webapps/static,UNAVAILABLE}
2019-08-23 10:07:28,036 [main] INFO  handler.ContextHandler (ContextHandler.java:doStop(910)) - Stopped o.e.j.s.ServletContextHandler@203ba07{/logs,file:///workdir/hadoop-ozone/integration-test/target/log,UNAVAILABLE}
2019-08-23 10:07:28,040 [main] INFO  ozone.MiniOzoneClusterImpl (MiniOzoneClusterImpl.java:stop(344)) - Shutting the HddsDatanodes
2019-08-23 10:07:28,041 [main] INFO  datanode.ObjectStoreHandler (ObjectStoreHandler.java:close(155)) - Closing ObjectStoreHandler.
2019-08-23 10:07:28,041 [ForkJoinPool.commonPool-worker-0] INFO  datanode.ObjectStoreHandler (ObjectStoreHandler.java:close(155)) - Closing ObjectStoreHandler.
2019-08-23 10:07:28,041 [main] INFO  ozone.HddsDatanodeService (HddsDatanodeService.java:stop(451)) - Stopped plug-in org.apache.hadoop.ozone.web.OzoneHddsDatanodeService@442e7215
2019-08-23 10:07:28,042 [ForkJoinPool.commonPool-worker-0] INFO  ozone.HddsDatanodeService (HddsDatanodeService.java:stop(451)) - Stopped plug-in org.apache.hadoop.ozone.web.OzoneHddsDatanodeService@2f0a29f7
2019-08-23 10:07:28,081 [Datanode State Machine Thread - 0] INFO  statemachine.DatanodeStateMachine (DatanodeStateMachine.java:lambda$startDaemon$0(350)) - Ozone container server started.
2019-08-23 10:07:28,092 | INFO  | SCMAudit | user=jenkins1000 | ip=192.168.5.185 | op=SEND_HEARTBEAT {datanodeUUID=b71bf4d4-b0f4-4b17-850e-14fbc35fc534, command=[]} | ret=SUCCESS |  
2019-08-23 10:07:28,766 [Datanode State Machine Thread - 0] INFO  statemachine.DatanodeStateMachine (DatanodeStateMachine.java:lambda$startDaemon$0(350)) - Ozone container server started.
2019-08-23 10:07:28,767 | INFO  | SCMAudit | user=jenkins1000 | ip=192.168.5.185 | op=SEND_HEARTBEAT {datanodeUUID=80f273f3-706b-492f-9f47-fe3dda8bc170, command=[]} | ret=SUCCESS |  
2019-08-23 10:07:28,767 | INFO  | SCMAudit | user=jenkins1000 | ip=192.168.5.185 | op=SEND_HEARTBEAT {datanodeUUID=bba6b2d4-c4a5-4c91-8048-dc3b2f1adf2c, command=[]} | ret=SUCCESS |  
2019-08-23 10:07:28,814 | INFO  | SCMAudit | user=jenkins1000 | ip=192.168.5.185 | op=SEND_HEARTBEAT {datanodeUUID=8453f9b2-d485-4adb-8d6d-ab08f3e408ba, command=[]} | ret=SUCCESS |  
2019-08-23 10:07:29,092 | INFO  | SCMAudit | user=jenkins1000 | ip=192.168.5.185 | op=SEND_HEARTBEAT {datanodeUUID=b71bf4d4-b0f4-4b17-850e-14fbc35fc534, command=[]} | ret=SUCCESS |  
2019-08-23 10:07:29,767 | INFO  | SCMAudit | user=jenkins1000 | ip=192.168.5.185 | op=SEND_HEARTBEAT {datanodeUUID=bba6b2d4-c4a5-4c91-8048-dc3b2f1adf2c, command=[]} | ret=SUCCESS |  
2019-08-23 10:07:29,767 | INFO  | SCMAudit | user=jenkins1000 | ip=192.168.5.185 | op=SEND_HEARTBEAT {datanodeUUID=80f273f3-706b-492f-9f47-fe3dda8bc170, command=[]} | ret=SUCCESS |  
2019-08-23 10:07:29,814 | INFO  | SCMAudit | user=jenkins1000 | ip=192.168.5.185 | op=SEND_HEARTBEAT {datanodeUUID=8453f9b2-d485-4adb-8d6d-ab08f3e408ba, command=[]} | ret=SUCCESS |  
2019-08-23 10:07:30,026 [grpc-default-executor-7] WARN  server.GrpcLogAppender (LogUtils.java:warn(134)) - 9e515754-7f8b-46df-9ca3-146e5874d0fb->7b28d98f-f774-4da4-b3b1-ee2ad2b713ba: Failed appendEntries: org.apache.ratis.thirdparty.io.grpc.StatusRuntimeException: UNAVAILABLE: io exception
2019-08-23 10:07:30,026 [grpc-default-executor-7] INFO  impl.FollowerInfo (FollowerInfo.java:lambda$new$0(50)) - 9e515754-7f8b-46df-9ca3-146e5874d0fb->7b28d98f-f774-4da4-b3b1-ee2ad2b713ba: nextIndex: updateUnconditionally 1 -> 0
2019-08-23 10:07:30,093 | INFO  | SCMAudit | user=jenkins1000 | ip=192.168.5.185 | op=SEND_HEARTBEAT {datanodeUUID=b71bf4d4-b0f4-4b17-850e-14fbc35fc534, command=[]} | ret=SUCCESS |  
2019-08-23 10:07:30,767 | INFO  | SCMAudit | user=jenkins1000 | ip=192.168.5.185 | op=SEND_HEARTBEAT {datanodeUUID=bba6b2d4-c4a5-4c91-8048-dc3b2f1adf2c, command=[]} | ret=SUCCESS |  
2019-08-23 10:07:30,767 | INFO  | SCMAudit | user=jenkins1000 | ip=192.168.5.185 | op=SEND_HEARTBEAT {datanodeUUID=80f273f3-706b-492f-9f47-fe3dda8bc170, command=[]} | ret=SUCCESS |  
2019-08-23 10:07:30,814 | INFO  | SCMAudit | user=jenkins1000 | ip=192.168.5.185 | op=SEND_HEARTBEAT {datanodeUUID=8453f9b2-d485-4adb-8d6d-ab08f3e408ba, command=[]} | ret=SUCCESS |  
2019-08-23 10:07:31,093 | INFO  | SCMAudit | user=jenkins1000 | ip=192.168.5.185 | op=SEND_HEARTBEAT {datanodeUUID=b71bf4d4-b0f4-4b17-850e-14fbc35fc534, command=[]} | ret=SUCCESS |  
2019-08-23 10:07:31,767 | INFO  | SCMAudit | user=jenkins1000 | ip=192.168.5.185 | op=SEND_HEARTBEAT {datanodeUUID=80f273f3-706b-492f-9f47-fe3dda8bc170, command=[]} | ret=SUCCESS |  
2019-08-23 10:07:31,767 | INFO  | SCMAudit | user=jenkins1000 | ip=192.168.5.185 | op=SEND_HEARTBEAT {datanodeUUID=bba6b2d4-c4a5-4c91-8048-dc3b2f1adf2c, command=[]} | ret=SUCCESS |  
2019-08-23 10:07:31,814 | INFO  | SCMAudit | user=jenkins1000 | ip=192.168.5.185 | op=SEND_HEARTBEAT {datanodeUUID=8453f9b2-d485-4adb-8d6d-ab08f3e408ba, command=[]} | ret=SUCCESS |  
2019-08-23 10:07:32,093 | INFO  | SCMAudit | user=jenkins1000 | ip=192.168.5.185 | op=SEND_HEARTBEAT {datanodeUUID=b71bf4d4-b0f4-4b17-850e-14fbc35fc534, command=[]} | ret=SUCCESS |  
2019-08-23 10:07:32,175 [EventQueue-StaleNodeForStaleNodeHandler] INFO  node.StaleNodeHandler (StaleNodeHandler.java:onMessage(58)) - Datanode 9e515754-7f8b-46df-9ca3-146e5874d0fb{ip: 192.168.5.185, host: pr-hdds-1094-w8cgz-2737508714, networkLocation: /default-rack, certSerialId: null} moved to stale state. Finalizing its pipelines [PipelineID=630f74d7-9c45-444f-8929-0a68b045f816, PipelineID=7acf250a-3a28-4257-b83c-cc427169f078]
2019-08-23 10:07:32,175 [EventQueue-StaleNodeForStaleNodeHandler] INFO  pipeline.SCMPipelineManager (SCMPipelineManager.java:finalizeAndDestroyPipeline(309)) - destroying pipeline:Pipeline[ Id: 630f74d7-9c45-444f-8929-0a68b045f816, Nodes: 9e515754-7f8b-46df-9ca3-146e5874d0fb{ip: 192.168.5.185, host: pr-hdds-1094-w8cgz-2737508714, networkLocation: /default-rack, certSerialId: null}, Type:RATIS, Factor:ONE, State:OPEN]
2019-08-23 10:07:32,175 [EventQueue-StaleNodeForStaleNodeHandler] INFO  pipeline.PipelineStateManager (PipelineStateManager.java:finalizePipeline(123)) - Pipeline Pipeline[ Id: 630f74d7-9c45-444f-8929-0a68b045f816, Nodes: 9e515754-7f8b-46df-9ca3-146e5874d0fb{ip: 192.168.5.185, host: pr-hdds-1094-w8cgz-2737508714, networkLocation: /default-rack, certSerialId: null}, Type:RATIS, Factor:ONE, State:CLOSED] moved to CLOSED state
2019-08-23 10:07:32,175 [EventQueue-StaleNodeForStaleNodeHandler] INFO  pipeline.SCMPipelineManager (SCMPipelineManager.java:finalizeAndDestroyPipeline(309)) - destroying pipeline:Pipeline[ Id: 7acf250a-3a28-4257-b83c-cc427169f078, Nodes: 7b28d98f-f774-4da4-b3b1-ee2ad2b713ba{ip: 192.168.5.185, host: pr-hdds-1094-w8cgz-2737508714, networkLocation: /default-rack, certSerialId: null}b71bf4d4-b0f4-4b17-850e-14fbc35fc534{ip: 192.168.5.185, host: pr-hdds-1094-w8cgz-2737508714, networkLocation: /default-rack, certSerialId: null}9e515754-7f8b-46df-9ca3-146e5874d0fb{ip: 192.168.5.185, host: pr-hdds-1094-w8cgz-2737508714, networkLocation: /default-rack, certSerialId: null}, Type:RATIS, Factor:THREE, State:CLOSED]
2019-08-23 10:07:32,526 [grpc-default-executor-7] WARN  server.GrpcLogAppender (LogUtils.java:warn(134)) - 9e515754-7f8b-46df-9ca3-146e5874d0fb->7b28d98f-f774-4da4-b3b1-ee2ad2b713ba: Failed appendEntries: org.apache.ratis.thirdparty.io.grpc.StatusRuntimeException: UNAVAILABLE: io exception
2019-08-23 10:07:32,526 [grpc-default-executor-7] INFO  impl.FollowerInfo (FollowerInfo.java:lambda$new$0(50)) - 9e515754-7f8b-46df-9ca3-146e5874d0fb->7b28d98f-f774-4da4-b3b1-ee2ad2b713ba: nextIndex: updateUnconditionally 0 -> 0
2019-08-23 10:07:32,767 | INFO  | SCMAudit | user=jenkins1000 | ip=192.168.5.185 | op=SEND_HEARTBEAT {datanodeUUID=bba6b2d4-c4a5-4c91-8048-dc3b2f1adf2c, command=[]} | ret=SUCCESS |  
2019-08-23 10:07:32,767 | INFO  | SCMAudit | user=jenkins1000 | ip=192.168.5.185 | op=SEND_HEARTBEAT {datanodeUUID=80f273f3-706b-492f-9f47-fe3dda8bc170, command=[]} | ret=SUCCESS |  
2019-08-23 10:07:32,775 [EventQueue-StaleNodeForStaleNodeHandler] INFO  node.StaleNodeHandler (StaleNodeHandler.java:onMessage(58)) - Datanode 5494ee63-e09e-4df3-b4cd-311d875bc122{ip: 192.168.5.185, host: pr-hdds-1094-w8cgz-2737508714, networkLocation: /default-rack, certSerialId: null} moved to stale state. Finalizing its pipelines [PipelineID=92387db1-a706-4fbc-835f-557301e92b9e, PipelineID=1a23999a-518f-4643-b138-9fc0456768b7]
2019-08-23 10:07:32,776 [EventQueue-StaleNodeForStaleNodeHandler] INFO  pipeline.SCMPipelineManager (SCMPipelineManager.java:finalizeAndDestroyPipeline(309)) - destroying pipeline:Pipeline[ Id: 92387db1-a706-4fbc-835f-557301e92b9e, Nodes: 5494ee63-e09e-4df3-b4cd-311d875bc122{ip: 192.168.5.185, host: pr-hdds-1094-w8cgz-2737508714, networkLocation: /default-rack, certSerialId: null}, Type:RATIS, Factor:ONE, State:OPEN]
2019-08-23 10:07:32,776 [EventQueue-StaleNodeForStaleNodeHandler] INFO  pipeline.PipelineStateManager (PipelineStateManager.java:finalizePipeline(123)) - Pipeline Pipeline[ Id: 92387db1-a706-4fbc-835f-557301e92b9e, Nodes: 5494ee63-e09e-4df3-b4cd-311d875bc122{ip: 192.168.5.185, host: pr-hdds-1094-w8cgz-2737508714, networkLocation: /default-rack, certSerialId: null}, Type:RATIS, Factor:ONE, State:CLOSED] moved to CLOSED state
2019-08-23 10:07:32,776 [EventQueue-StaleNodeForStaleNodeHandler] INFO  pipeline.SCMPipelineManager (SCMPipelineManager.java:finalizeAndDestroyPipeline(309)) - destroying pipeline:Pipeline[ Id: 1a23999a-518f-4643-b138-9fc0456768b7, Nodes: bba6b2d4-c4a5-4c91-8048-dc3b2f1adf2c{ip: 192.168.5.185, host: pr-hdds-1094-w8cgz-2737508714, networkLocation: /default-rack, certSerialId: null}5494ee63-e09e-4df3-b4cd-311d875bc122{ip: 192.168.5.185, host: pr-hdds-1094-w8cgz-2737508714, networkLocation: /default-rack, certSerialId: null}80f273f3-706b-492f-9f47-fe3dda8bc170{ip: 192.168.5.185, host: pr-hdds-1094-w8cgz-2737508714, networkLocation: /default-rack, certSerialId: null}, Type:RATIS, Factor:THREE, State:OPEN]
2019-08-23 10:07:32,776 [EventQueue-StaleNodeForStaleNodeHandler] INFO  pipeline.PipelineStateManager (PipelineStateManager.java:finalizePipeline(123)) - Pipeline Pipeline[ Id: 1a23999a-518f-4643-b138-9fc0456768b7, Nodes: bba6b2d4-c4a5-4c91-8048-dc3b2f1adf2c{ip: 192.168.5.185, host: pr-hdds-1094-w8cgz-2737508714, networkLocation: /default-rack, certSerialId: null}5494ee63-e09e-4df3-b4cd-311d875bc122{ip: 192.168.5.185, host: pr-hdds-1094-w8cgz-2737508714, networkLocation: /default-rack, certSerialId: null}80f273f3-706b-492f-9f47-fe3dda8bc170{ip: 192.168.5.185, host: pr-hdds-1094-w8cgz-2737508714, networkLocation: /default-rack, certSerialId: null}, Type:RATIS, Factor:THREE, State:CLOSED] moved to CLOSED state
2019-08-23 10:07:32,776 [EventQueue-CloseContainerForCloseContainerEventHandler] INFO  container.CloseContainerEventHandler (CloseContainerEventHandler.java:onMessage(61)) - Close container Event triggered for container : #2
2019-08-23 10:07:32,814 | INFO  | SCMAudit | user=jenkins1000 | ip=192.168.5.185 | op=SEND_HEARTBEAT {datanodeUUID=8453f9b2-d485-4adb-8d6d-ab08f3e408ba, command=[]} | ret=SUCCESS |  
2019-08-23 10:07:33,042 [main] INFO  ozoneimpl.OzoneContainer (OzoneContainer.java:stop(199)) - Attempting to stop container services.
2019-08-23 10:07:33,043 [ForkJoinPool.commonPool-worker-0] INFO  ozoneimpl.OzoneContainer (OzoneContainer.java:stop(199)) - Attempting to stop container services.
2019-08-23 10:07:33,043 [main] INFO  impl.RaftServerProxy (RaftServerProxy.java:lambda$close$4(314)) - 5494ee63-e09e-4df3-b4cd-311d875bc122: close
2019-08-23 10:07:33,043 [ForkJoinPool.commonPool-worker-0] INFO  impl.RaftServerProxy (RaftServerProxy.java:lambda$close$4(314)) - 9e515754-7f8b-46df-9ca3-146e5874d0fb: close
2019-08-23 10:07:33,044 [main] INFO  impl.RaftServerImpl (RaftServerImpl.java:lambda$shutdown$3(245)) - 5494ee63-e09e-4df3-b4cd-311d875bc122: shutdown group-557301E92B9E
2019-08-23 10:07:33,044 [ForkJoinPool.commonPool-worker-0] INFO  impl.RaftServerImpl (RaftServerImpl.java:lambda$shutdown$3(245)) - 9e515754-7f8b-46df-9ca3-146e5874d0fb: shutdown group-0A68B045F816
2019-08-23 10:07:33,044 [main] INFO  util.JmxRegister (JmxRegister.java:unregister(73)) - Successfully un-registered JMX Bean with object name Ratis:service=RaftServer,group=group-557301E92B9E,id=5494ee63-e09e-4df3-b4cd-311d875bc122
2019-08-23 10:07:33,045 [ForkJoinPool.commonPool-worker-0] INFO  util.JmxRegister (JmxRegister.java:unregister(73)) - Successfully un-registered JMX Bean with object name Ratis:service=RaftServer,group=group-0A68B045F816,id=9e515754-7f8b-46df-9ca3-146e5874d0fb
2019-08-23 10:07:33,045 [main] INFO  impl.RoleInfo (RoleInfo.java:shutdownLeaderState(104)) - 5494ee63-e09e-4df3-b4cd-311d875bc122: shutdown LeaderState
2019-08-23 10:07:33,045 [ForkJoinPool.commonPool-worker-0] INFO  impl.RoleInfo (RoleInfo.java:shutdownLeaderState(104)) - 9e515754-7f8b-46df-9ca3-146e5874d0fb: shutdown LeaderState
2019-08-23 10:07:33,046 [main] INFO  impl.PendingRequests (PendingRequests.java:sendNotLeaderResponses(202)) - 5494ee63-e09e-4df3-b4cd-311d875bc122-PendingRequests: sendNotLeaderResponses
2019-08-23 10:07:33,046 [ForkJoinPool.commonPool-worker-0] INFO  impl.PendingRequests (PendingRequests.java:sendNotLeaderResponses(202)) - 9e515754-7f8b-46df-9ca3-146e5874d0fb-PendingRequests: sendNotLeaderResponses
2019-08-23 10:07:33,047 [main] INFO  impl.StateMachineUpdater (StateMachineUpdater.java:stopAndJoin(115)) - StateMachineUpdater:5494ee63-e09e-4df3-b4cd-311d875bc122:group-557301E92B9E: set stopIndex = 0
2019-08-23 10:07:33,047 [ForkJoinPool.commonPool-worker-0] INFO  impl.StateMachineUpdater (StateMachineUpdater.java:stopAndJoin(115)) - StateMachineUpdater:9e515754-7f8b-46df-9ca3-146e5874d0fb:group-0A68B045F816: set stopIndex = 0
2019-08-23 10:07:33,048 [main] INFO  impl.RaftServerImpl (ServerState.java:close(394)) - 5494ee63-e09e-4df3-b4cd-311d875bc122:group-557301E92B9E closes. The last applied log index is 0
2019-08-23 10:07:33,048 [ForkJoinPool.commonPool-worker-0] INFO  impl.RaftServerImpl (ServerState.java:close(394)) - 9e515754-7f8b-46df-9ca3-146e5874d0fb:group-0A68B045F816 closes. The last applied log index is 0
2019-08-23 10:07:33,048 [5494ee63-e09e-4df3-b4cd-311d875bc122-SegmentedRaftLogWorker:Storage Directory /workdir/hadoop-ozone/integration-test/target/test-dir/MiniOzoneClusterImpl-b7a8e372-3268-47e4-95e4-1baa8ccb0650/datanode-4/data/ratis/92387db1-a706-4fbc-835f-557301e92b9e] INFO  segmented.SegmentedRaftLogWorker (SegmentedRaftLogWorker.java:run(313)) - 5494ee63-e09e-4df3-b4cd-311d875bc122-SegmentedRaftLogWorker:Storage Directory /workdir/hadoop-ozone/integration-test/target/test-dir/MiniOzoneClusterImpl-b7a8e372-3268-47e4-95e4-1baa8ccb0650/datanode-4/data/ratis/92387db1-a706-4fbc-835f-557301e92b9e was interrupted, exiting. There are 0 tasks remaining in the queue.
2019-08-23 10:07:33,049 [9e515754-7f8b-46df-9ca3-146e5874d0fb-SegmentedRaftLogWorker:Storage Directory /workdir/hadoop-ozone/integration-test/target/test-dir/MiniOzoneClusterImpl-b7a8e372-3268-47e4-95e4-1baa8ccb0650/datanode-1/data/ratis/630f74d7-9c45-444f-8929-0a68b045f816] INFO  segmented.SegmentedRaftLogWorker (SegmentedRaftLogWorker.java:run(313)) - 9e515754-7f8b-46df-9ca3-146e5874d0fb-SegmentedRaftLogWorker:Storage Directory /workdir/hadoop-ozone/integration-test/target/test-dir/MiniOzoneClusterImpl-b7a8e372-3268-47e4-95e4-1baa8ccb0650/datanode-1/data/ratis/630f74d7-9c45-444f-8929-0a68b045f816 was interrupted, exiting. There are 0 tasks remaining in the queue.
2019-08-23 10:07:33,058 [ForkJoinPool.commonPool-worker-0] INFO  segmented.SegmentedRaftLogWorker (SegmentedRaftLogWorker.java:close(228)) - 9e515754-7f8b-46df-9ca3-146e5874d0fb-SegmentedRaftLogWorker:Storage Directory /workdir/hadoop-ozone/integration-test/target/test-dir/MiniOzoneClusterImpl-b7a8e372-3268-47e4-95e4-1baa8ccb0650/datanode-1/data/ratis/630f74d7-9c45-444f-8929-0a68b045f816 close()
2019-08-23 10:07:33,058 [main] INFO  segmented.SegmentedRaftLogWorker (SegmentedRaftLogWorker.java:close(228)) - 5494ee63-e09e-4df3-b4cd-311d875bc122-SegmentedRaftLogWorker:Storage Directory /workdir/hadoop-ozone/integration-test/target/test-dir/MiniOzoneClusterImpl-b7a8e372-3268-47e4-95e4-1baa8ccb0650/datanode-4/data/ratis/92387db1-a706-4fbc-835f-557301e92b9e close()
2019-08-23 10:07:33,062 [ForkJoinPool.commonPool-worker-0] INFO  impl.RaftServerImpl (RaftServerImpl.java:lambda$shutdown$3(245)) - 9e515754-7f8b-46df-9ca3-146e5874d0fb: shutdown group-CC427169F078
2019-08-23 10:07:33,065 [main] INFO  impl.RaftServerImpl (RaftServerImpl.java:lambda$shutdown$3(245)) - 5494ee63-e09e-4df3-b4cd-311d875bc122: shutdown group-9FC0456768B7
2019-08-23 10:07:33,066 [ForkJoinPool.commonPool-worker-0] INFO  util.JmxRegister (JmxRegister.java:unregister(73)) - Successfully un-registered JMX Bean with object name Ratis:service=RaftServer,group=group-CC427169F078,id=9e515754-7f8b-46df-9ca3-146e5874d0fb
2019-08-23 10:07:33,066 [main] INFO  util.JmxRegister (JmxRegister.java:unregister(73)) - Successfully un-registered JMX Bean with object name Ratis:service=RaftServer,group=group-9FC0456768B7,id=5494ee63-e09e-4df3-b4cd-311d875bc122
2019-08-23 10:07:33,066 [ForkJoinPool.commonPool-worker-0] INFO  impl.RoleInfo (RoleInfo.java:shutdownLeaderState(104)) - 9e515754-7f8b-46df-9ca3-146e5874d0fb: shutdown LeaderState
2019-08-23 10:07:33,067 [main] INFO  impl.RoleInfo (RoleInfo.java:shutdownFollowerState(121)) - 5494ee63-e09e-4df3-b4cd-311d875bc122: shutdown FollowerState
2019-08-23 10:07:33,071 [org.apache.ratis.server.impl.LogAppender$AppenderDaemon$$Lambda$482/1532957749@1c88df59] WARN  server.GrpcLogAppender (GrpcLogAppender.java:mayWait(143)) - GrpcLogAppender(9e515754-7f8b-46df-9ca3-146e5874d0fb->7b28d98f-f774-4da4-b3b1-ee2ad2b713ba): Wait interrupted by java.lang.InterruptedException
2019-08-23 10:07:33,071 [StateMachineUpdater:5494ee63-e09e-4df3-b4cd-311d875bc122:group-9FC0456768B7] INFO  ratis.ContainerStateMachine (ContainerStateMachine.java:takeSnapshot(283)) - group-9FC0456768B7: Taking a snapshot at:(t:1, i:12) file /workdir/hadoop-ozone/integration-test/target/test-dir/MiniOzoneClusterImpl-b7a8e372-3268-47e4-95e4-1baa8ccb0650/datanode-4/data/ratis/1a23999a-518f-4643-b138-9fc0456768b7/sm/snapshot.1_12
2019-08-23 10:07:33,071 [org.apache.ratis.server.impl.LogAppender$AppenderDaemon$$Lambda$482/1532957749@63662236] WARN  server.GrpcLogAppender (GrpcLogAppender.java:mayWait(143)) - GrpcLogAppender(9e515754-7f8b-46df-9ca3-146e5874d0fb->b71bf4d4-b0f4-4b17-850e-14fbc35fc534): Wait interrupted by java.lang.InterruptedException
2019-08-23 10:07:33,071 [ForkJoinPool.commonPool-worker-0] INFO  impl.PendingRequests (PendingRequests.java:sendNotLeaderResponses(202)) - 9e515754-7f8b-46df-9ca3-146e5874d0fb-PendingRequests: sendNotLeaderResponses
2019-08-23 10:07:33,072 [grpc-default-executor-6] INFO  server.GrpcServerProtocolService (GrpcServerProtocolService.java:onCompleted(104)) - b71bf4d4-b0f4-4b17-850e-14fbc35fc534: appendEntries completed
2019-08-23 10:07:33,071 [Thread-3334] INFO  impl.FollowerState (FollowerState.java:run(114)) - 5494ee63-e09e-4df3-b4cd-311d875bc122: FollowerState was interrupted: java.lang.InterruptedException: sleep interrupted
2019-08-23 10:07:33,071 [main] INFO  impl.StateMachineUpdater (StateMachineUpdater.java:stopAndJoin(115)) - StateMachineUpdater:5494ee63-e09e-4df3-b4cd-311d875bc122:group-9FC0456768B7: set stopIndex = 14
2019-08-23 10:07:33,074 [grpc-default-executor-6] INFO  server.GrpcLogAppender (GrpcLogAppender.java:onCompleted(292)) - 9e515754-7f8b-46df-9ca3-146e5874d0fb->b71bf4d4-b0f4-4b17-850e-14fbc35fc534: follower responses appendEntries COMPLETED
2019-08-23 10:07:33,072 [StateMachineUpdater:9e515754-7f8b-46df-9ca3-146e5874d0fb:group-CC427169F078] INFO  ratis.ContainerStateMachine (ContainerStateMachine.java:takeSnapshot(283)) - group-CC427169F078: Taking a snapshot at:(t:1, i:12) file /workdir/hadoop-ozone/integration-test/target/test-dir/MiniOzoneClusterImpl-b7a8e372-3268-47e4-95e4-1baa8ccb0650/datanode-1/data/ratis/7acf250a-3a28-4257-b83c-cc427169f078/sm/snapshot.1_12
2019-08-23 10:07:33,072 [ForkJoinPool.commonPool-worker-0] INFO  impl.StateMachineUpdater (StateMachineUpdater.java:stopAndJoin(115)) - StateMachineUpdater:9e515754-7f8b-46df-9ca3-146e5874d0fb:group-CC427169F078: set stopIndex = 16
2019-08-23 10:07:33,075 [grpc-default-executor-6] INFO  impl.FollowerInfo (FollowerInfo.java:lambda$new$0(50)) - 9e515754-7f8b-46df-9ca3-146e5874d0fb->b71bf4d4-b0f4-4b17-850e-14fbc35fc534: nextIndex: updateUnconditionally 17 -> 16
2019-08-23 10:07:33,093 | INFO  | SCMAudit | user=jenkins1000 | ip=192.168.5.185 | op=SEND_HEARTBEAT {datanodeUUID=b71bf4d4-b0f4-4b17-850e-14fbc35fc534, command=[]} | ret=SUCCESS |  
2019-08-23 10:07:33,096 [StateMachineUpdater:9e515754-7f8b-46df-9ca3-146e5874d0fb:group-CC427169F078] INFO  ratis.ContainerStateMachine (ContainerStateMachine.java:takeSnapshot(294)) - group-CC427169F078: Finished taking a snapshot at:(t:1, i:12) file:/workdir/hadoop-ozone/integration-test/target/test-dir/MiniOzoneClusterImpl-b7a8e372-3268-47e4-95e4-1baa8ccb0650/datanode-1/data/ratis/7acf250a-3a28-4257-b83c-cc427169f078/sm/snapshot.1_12 time:24
2019-08-23 10:07:33,097 [StateMachineUpdater:9e515754-7f8b-46df-9ca3-146e5874d0fb:group-CC427169F078] INFO  impl.StateMachineUpdater (StateMachineUpdater.java:takeSnapshot(242)) - StateMachineUpdater:9e515754-7f8b-46df-9ca3-146e5874d0fb:group-CC427169F078: Took a snapshot at index 12
2019-08-23 10:07:33,096 [StateMachineUpdater:5494ee63-e09e-4df3-b4cd-311d875bc122:group-9FC0456768B7] INFO  ratis.ContainerStateMachine (ContainerStateMachine.java:takeSnapshot(294)) - group-9FC0456768B7: Finished taking a snapshot at:(t:1, i:12) file:/workdir/hadoop-ozone/integration-test/target/test-dir/MiniOzoneClusterImpl-b7a8e372-3268-47e4-95e4-1baa8ccb0650/datanode-4/data/ratis/1a23999a-518f-4643-b138-9fc0456768b7/sm/snapshot.1_12 time:25
2019-08-23 10:07:33,097 [StateMachineUpdater:9e515754-7f8b-46df-9ca3-146e5874d0fb:group-CC427169F078] INFO  impl.StateMachineUpdater (StateMachineUpdater.java:lambda$new$0(80)) - StateMachineUpdater:9e515754-7f8b-46df-9ca3-146e5874d0fb:group-CC427169F078: snapshotIndex: updateIncreasingly -1 -> 12
2019-08-23 10:07:33,097 [StateMachineUpdater:5494ee63-e09e-4df3-b4cd-311d875bc122:group-9FC0456768B7] INFO  impl.StateMachineUpdater (StateMachineUpdater.java:takeSnapshot(242)) - StateMachineUpdater:5494ee63-e09e-4df3-b4cd-311d875bc122:group-9FC0456768B7: Took a snapshot at index 12
2019-08-23 10:07:33,097 [StateMachineUpdater:5494ee63-e09e-4df3-b4cd-311d875bc122:group-9FC0456768B7] INFO  impl.StateMachineUpdater (StateMachineUpdater.java:lambda$new$0(80)) - StateMachineUpdater:5494ee63-e09e-4df3-b4cd-311d875bc122:group-9FC0456768B7: snapshotIndex: updateIncreasingly -1 -> 12
2019-08-23 10:07:33,097 [ForkJoinPool.commonPool-worker-0] INFO  impl.RaftServerImpl (ServerState.java:close(394)) - 9e515754-7f8b-46df-9ca3-146e5874d0fb:group-CC427169F078 closes. The last applied log index is 16
2019-08-23 10:07:33,097 [main] INFO  impl.RaftServerImpl (ServerState.java:close(394)) - 5494ee63-e09e-4df3-b4cd-311d875bc122:group-9FC0456768B7 closes. The last applied log index is 14
2019-08-23 10:07:33,098 [9e515754-7f8b-46df-9ca3-146e5874d0fb-SegmentedRaftLogWorker:Storage Directory /workdir/hadoop-ozone/integration-test/target/test-dir/MiniOzoneClusterImpl-b7a8e372-3268-47e4-95e4-1baa8ccb0650/datanode-1/data/ratis/7acf250a-3a28-4257-b83c-cc427169f078] INFO  segmented.SegmentedRaftLogWorker (SegmentedRaftLogWorker.java:run(313)) - 9e515754-7f8b-46df-9ca3-146e5874d0fb-SegmentedRaftLogWorker:Storage Directory /workdir/hadoop-ozone/integration-test/target/test-dir/MiniOzoneClusterImpl-b7a8e372-3268-47e4-95e4-1baa8ccb0650/datanode-1/data/ratis/7acf250a-3a28-4257-b83c-cc427169f078 was interrupted, exiting. There are 0 tasks remaining in the queue.
2019-08-23 10:07:33,098 [5494ee63-e09e-4df3-b4cd-311d875bc122-SegmentedRaftLogWorker:Storage Directory /workdir/hadoop-ozone/integration-test/target/test-dir/MiniOzoneClusterImpl-b7a8e372-3268-47e4-95e4-1baa8ccb0650/datanode-4/data/ratis/1a23999a-518f-4643-b138-9fc0456768b7] INFO  segmented.SegmentedRaftLogWorker (SegmentedRaftLogWorker.java:run(313)) - 5494ee63-e09e-4df3-b4cd-311d875bc122-SegmentedRaftLogWorker:Storage Directory /workdir/hadoop-ozone/integration-test/target/test-dir/MiniOzoneClusterImpl-b7a8e372-3268-47e4-95e4-1baa8ccb0650/datanode-4/data/ratis/1a23999a-518f-4643-b138-9fc0456768b7 was interrupted, exiting. There are 0 tasks remaining in the queue.
2019-08-23 10:07:33,100 [ForkJoinPool.commonPool-worker-0] INFO  segmented.SegmentedRaftLogWorker (SegmentedRaftLogWorker.java:close(228)) - 9e515754-7f8b-46df-9ca3-146e5874d0fb-SegmentedRaftLogWorker:Storage Directory /workdir/hadoop-ozone/integration-test/target/test-dir/MiniOzoneClusterImpl-b7a8e372-3268-47e4-95e4-1baa8ccb0650/datanode-1/data/ratis/7acf250a-3a28-4257-b83c-cc427169f078 close()
2019-08-23 10:07:33,102 [main] INFO  segmented.SegmentedRaftLogWorker (SegmentedRaftLogWorker.java:close(228)) - 5494ee63-e09e-4df3-b4cd-311d875bc122-SegmentedRaftLogWorker:Storage Directory /workdir/hadoop-ozone/integration-test/target/test-dir/MiniOzoneClusterImpl-b7a8e372-3268-47e4-95e4-1baa8ccb0650/datanode-4/data/ratis/1a23999a-518f-4643-b138-9fc0456768b7 close()
2019-08-23 10:07:33,105 [ForkJoinPool.commonPool-worker-0] INFO  server.GrpcService (GrpcService.java:closeImpl(155)) - 9e515754-7f8b-46df-9ca3-146e5874d0fb: shutdown server with port 39640 now
2019-08-23 10:07:33,110 [main] INFO  server.GrpcService (GrpcService.java:closeImpl(155)) - 5494ee63-e09e-4df3-b4cd-311d875bc122: shutdown server with port 46815 now
2019-08-23 10:07:33,111 [ForkJoinPool.commonPool-worker-0] INFO  server.GrpcService (GrpcService.java:closeImpl(163)) - 9e515754-7f8b-46df-9ca3-146e5874d0fb: shutdown server with port 39640 successfully
2019-08-23 10:07:33,111 [grpc-default-executor-7] WARN  server.GrpcServerProtocolService (LogUtils.java:warn(134)) - 5494ee63-e09e-4df3-b4cd-311d875bc122: appendEntries onError: org.apache.ratis.thirdparty.io.grpc.StatusRuntimeException: CANCELLED: cancelled before receiving half close
2019-08-23 10:07:33,111 [main] INFO  server.GrpcService (GrpcService.java:closeImpl(163)) - 5494ee63-e09e-4df3-b4cd-311d875bc122: shutdown server with port 46815 successfully
2019-08-23 10:07:33,112 [grpc-default-executor-7] WARN  server.GrpcLogAppender (LogUtils.java:warn(134)) - bba6b2d4-c4a5-4c91-8048-dc3b2f1adf2c->5494ee63-e09e-4df3-b4cd-311d875bc122: Failed appendEntries: org.apache.ratis.thirdparty.io.grpc.StatusRuntimeException: CANCELLED: HTTP/2 error code: CANCEL
Received Rst Stream
2019-08-23 10:07:33,112 [grpc-default-executor-7] INFO  impl.FollowerInfo (FollowerInfo.java:lambda$new$0(50)) - bba6b2d4-c4a5-4c91-8048-dc3b2f1adf2c->5494ee63-e09e-4df3-b4cd-311d875bc122: nextIndex: updateUnconditionally 15 -> 14
2019-08-23 10:07:33,114 [ForkJoinPool.commonPool-worker-0] INFO  utils.BackgroundService (BackgroundService.java:shutdown(148)) - Shutting down service BlockDeletingService
2019-08-23 10:07:33,115 [main] INFO  utils.BackgroundService (BackgroundService.java:shutdown(148)) - Shutting down service BlockDeletingService
2019-08-23 10:07:33,116 [refreshUsed-/workdir/hadoop-ozone/integration-test/target/test-dir/MiniOzoneClusterImpl-b7a8e372-3268-47e4-95e4-1baa8ccb0650/datanode-1/data/containers] WARN  fs.CachingGetSpaceUsed (CachingGetSpaceUsed.java:run(183)) - Thread Interrupted waiting to refresh disk information: sleep interrupted
2019-08-23 10:07:33,121 [refreshUsed-/workdir/hadoop-ozone/integration-test/target/test-dir/MiniOzoneClusterImpl-b7a8e372-3268-47e4-95e4-1baa8ccb0650/datanode-4/data/containers] WARN  fs.CachingGetSpaceUsed (CachingGetSpaceUsed.java:run(183)) - Thread Interrupted waiting to refresh disk information: sleep interrupted
2019-08-23 10:07:33,145 [ForkJoinPool.commonPool-worker-0] INFO  statemachine.DatanodeStateMachine (DatanodeStateMachine.java:stopDaemon(395)) - Ozone container server stopped.
2019-08-23 10:07:33,149 [main] INFO  statemachine.DatanodeStateMachine (DatanodeStateMachine.java:stopDaemon(395)) - Ozone container server stopped.
2019-08-23 10:07:33,155 [ForkJoinPool.commonPool-worker-0] INFO  handler.ContextHandler (ContextHandler.java:doStop(910)) - Stopped o.e.j.w.WebAppContext@61bfd7da{/,null,UNAVAILABLE}{/hddsDatanode}
2019-08-23 10:07:33,156 [main] INFO  handler.ContextHandler (ContextHandler.java:doStop(910)) - Stopped o.e.j.w.WebAppContext@59ac94ad{/,null,UNAVAILABLE}{/hddsDatanode}
2019-08-23 10:07:33,156 [ForkJoinPool.commonPool-worker-0] INFO  server.AbstractConnector (AbstractConnector.java:doStop(318)) - Stopped ServerConnector@6179af64{HTTP/1.1,[http/1.1]}{0.0.0.0:0}
2019-08-23 10:07:33,158 [main] INFO  server.AbstractConnector (AbstractConnector.java:doStop(318)) - Stopped ServerConnector@361a618e{HTTP/1.1,[http/1.1]}{0.0.0.0:0}
2019-08-23 10:07:33,158 [ForkJoinPool.commonPool-worker-0] INFO  handler.ContextHandler (ContextHandler.java:doStop(910)) - Stopped o.e.j.s.ServletContextHandler@7f59f4e4{/static,jar:file:/home/user/.m2/repository/org/apache/hadoop/hadoop-hdds-container-service/0.5.0-SNAPSHOT/hadoop-hdds-container-service-0.5.0-SNAPSHOT.jar!/webapps/static,UNAVAILABLE}
2019-08-23 10:07:33,159 [main] INFO  handler.ContextHandler (ContextHandler.java:doStop(910)) - Stopped o.e.j.s.ServletContextHandler@53141d3f{/static,jar:file:/home/user/.m2/repository/org/apache/hadoop/hadoop-hdds-container-service/0.5.0-SNAPSHOT/hadoop-hdds-container-service-0.5.0-SNAPSHOT.jar!/webapps/static,UNAVAILABLE}
2019-08-23 10:07:33,161 [ForkJoinPool.commonPool-worker-0] INFO  handler.ContextHandler (ContextHandler.java:doStop(910)) - Stopped o.e.j.s.ServletContextHandler@36a59d8{/logs,file:///workdir/hadoop-ozone/integration-test/target/log,UNAVAILABLE}
2019-08-23 10:07:33,161 [main] INFO  handler.ContextHandler (ContextHandler.java:doStop(910)) - Stopped o.e.j.s.ServletContextHandler@6cf633eb{/logs,file:///workdir/hadoop-ozone/integration-test/target/log,UNAVAILABLE}
2019-08-23 10:07:33,162 [ForkJoinPool.commonPool-worker-0] INFO  datanode.ObjectStoreHandler (ObjectStoreHandler.java:close(155)) - Closing ObjectStoreHandler.
2019-08-23 10:07:33,163 [main] INFO  datanode.ObjectStoreHandler (ObjectStoreHandler.java:close(155)) - Closing ObjectStoreHandler.
2019-08-23 10:07:33,163 [ForkJoinPool.commonPool-worker-0] INFO  ozone.HddsDatanodeService (HddsDatanodeService.java:stop(451)) - Stopped plug-in org.apache.hadoop.ozone.web.OzoneHddsDatanodeService@2b8a11d7
2019-08-23 10:07:33,163 [main] INFO  ozone.HddsDatanodeService (HddsDatanodeService.java:stop(451)) - Stopped plug-in org.apache.hadoop.ozone.web.OzoneHddsDatanodeService@2914f916
2019-08-23 10:07:33,767 [Datanode State Machine Thread - 0] INFO  statemachine.DatanodeStateMachine (DatanodeStateMachine.java:lambda$startDaemon$0(350)) - Ozone container server started.
2019-08-23 10:07:33,768 | INFO  | SCMAudit | user=jenkins1000 | ip=192.168.5.185 | op=SEND_HEARTBEAT {datanodeUUID=80f273f3-706b-492f-9f47-fe3dda8bc170, command=[commandType: closeContainerCommand closeContainerCommandProto { containerID: 2 pipelineID { id: "1a23999a-518f-4643-b138-9fc0456768b7" } cmdId: 2 force: false } ]} | ret=SUCCESS |  
2019-08-23 10:07:33,814 | INFO  | SCMAudit | user=jenkins1000 | ip=192.168.5.185 | op=SEND_HEARTBEAT {datanodeUUID=8453f9b2-d485-4adb-8d6d-ab08f3e408ba, command=[]} | ret=SUCCESS |  
2019-08-23 10:07:34,093 [Datanode State Machine Thread - 0] INFO  statemachine.DatanodeStateMachine (DatanodeStateMachine.java:lambda$startDaemon$0(350)) - Ozone container server started.
2019-08-23 10:07:34,768 | INFO  | SCMAudit | user=jenkins1000 | ip=192.168.5.185 | op=SEND_HEARTBEAT {datanodeUUID=80f273f3-706b-492f-9f47-fe3dda8bc170, command=[]} | ret=SUCCESS |  
2019-08-23 10:07:34,784 | INFO  | SCMAudit | user=jenkins1000 | ip=192.168.5.185 | op=SEND_HEARTBEAT {datanodeUUID=80f273f3-706b-492f-9f47-fe3dda8bc170, command=[]} | ret=SUCCESS |  
2019-08-23 10:07:34,814 | INFO  | SCMAudit | user=jenkins1000 | ip=192.168.5.185 | op=SEND_HEARTBEAT {datanodeUUID=8453f9b2-d485-4adb-8d6d-ab08f3e408ba, command=[]} | ret=SUCCESS |  
2019-08-23 10:07:35,509 [grpc-default-executor-7] WARN  server.GrpcLogAppender (LogUtils.java:warn(134)) - bba6b2d4-c4a5-4c91-8048-dc3b2f1adf2c->5494ee63-e09e-4df3-b4cd-311d875bc122: Failed appendEntries: org.apache.ratis.thirdparty.io.grpc.StatusRuntimeException: UNAVAILABLE: io exception
2019-08-23 10:07:35,510 [grpc-default-executor-7] INFO  impl.FollowerInfo (FollowerInfo.java:lambda$new$0(50)) - bba6b2d4-c4a5-4c91-8048-dc3b2f1adf2c->5494ee63-e09e-4df3-b4cd-311d875bc122: nextIndex: updateUnconditionally 14 -> 13
2019-08-23 10:07:35,784 | INFO  | SCMAudit | user=jenkins1000 | ip=192.168.5.185 | op=SEND_HEARTBEAT {datanodeUUID=80f273f3-706b-492f-9f47-fe3dda8bc170, command=[]} | ret=SUCCESS |  
2019-08-23 10:07:35,814 | INFO  | SCMAudit | user=jenkins1000 | ip=192.168.5.185 | op=SEND_HEARTBEAT {datanodeUUID=8453f9b2-d485-4adb-8d6d-ab08f3e408ba, command=[]} | ret=SUCCESS |  
2019-08-23 10:07:36,784 | INFO  | SCMAudit | user=jenkins1000 | ip=192.168.5.185 | op=SEND_HEARTBEAT {datanodeUUID=80f273f3-706b-492f-9f47-fe3dda8bc170, command=[]} | ret=SUCCESS |  
2019-08-23 10:07:36,815 | INFO  | SCMAudit | user=jenkins1000 | ip=192.168.5.185 | op=SEND_HEARTBEAT {datanodeUUID=8453f9b2-d485-4adb-8d6d-ab08f3e408ba, command=[]} | ret=SUCCESS |  
2019-08-23 10:07:37,600 [Thread-3453] INFO  impl.FollowerState (FollowerState.java:run(106)) - b71bf4d4-b0f4-4b17-850e-14fbc35fc534:group-CC427169F078 changes to CANDIDATE, lastRpcTime:5075, electionTimeout:5064ms
2019-08-23 10:07:37,600 [Thread-3453] INFO  impl.RoleInfo (RoleInfo.java:shutdownFollowerState(121)) - b71bf4d4-b0f4-4b17-850e-14fbc35fc534: shutdown FollowerState
2019-08-23 10:07:37,600 [Thread-3453] INFO  impl.RaftServerImpl (RaftServerImpl.java:setRole(171)) - b71bf4d4-b0f4-4b17-850e-14fbc35fc534:group-CC427169F078 changes role from FOLLOWER to CANDIDATE at term 2 for changeToCandidate
2019-08-23 10:07:37,600 [Thread-3453] INFO  impl.RoleInfo (RoleInfo.java:updateAndGet(143)) - b71bf4d4-b0f4-4b17-850e-14fbc35fc534: start LeaderElection
2019-08-23 10:07:37,604 [b71bf4d4-b0f4-4b17-850e-14fbc35fc534:group-CC427169F078:LeaderElection68] INFO  impl.RaftServerImpl (ServerState.java:setLeader(263)) - b71bf4d4-b0f4-4b17-850e-14fbc35fc534:group-CC427169F078 change Leader from 9e515754-7f8b-46df-9ca3-146e5874d0fb to null at term 2 for initElection
2019-08-23 10:07:37,617 [b71bf4d4-b0f4-4b17-850e-14fbc35fc534:group-CC427169F078:LeaderElection68] INFO  impl.LeaderElection (LeaderElection.java:askForVotes(181)) - b71bf4d4-b0f4-4b17-850e-14fbc35fc534:group-CC427169F078:LeaderElection68: begin an election at term 3 for 15: [b71bf4d4-b0f4-4b17-850e-14fbc35fc534:192.168.5.185:45311, 9e515754-7f8b-46df-9ca3-146e5874d0fb:192.168.5.185:39640, 7b28d98f-f774-4da4-b3b1-ee2ad2b713ba:192.168.5.185:35950], old=null
2019-08-23 10:07:37,620 [b71bf4d4-b0f4-4b17-850e-14fbc35fc534:group-CC427169F078:LeaderElection68] INFO  impl.LeaderElection (LogUtils.java:infoOrTrace(149)) - b71bf4d4-b0f4-4b17-850e-14fbc35fc534:group-CC427169F078:LeaderElection68 got exception when requesting votes: {}
java.util.concurrent.ExecutionException: org.apache.ratis.thirdparty.io.grpc.StatusRuntimeException: UNAVAILABLE: io exception
	at java.util.concurrent.FutureTask.report(FutureTask.java:122)
	at java.util.concurrent.FutureTask.get(FutureTask.java:192)
	at org.apache.ratis.server.impl.LeaderElection.waitForResults(LeaderElection.java:262)
	at org.apache.ratis.server.impl.LeaderElection.askForVotes(LeaderElection.java:200)
	at org.apache.ratis.server.impl.LeaderElection.run(LeaderElection.java:130)
	at java.lang.Thread.run(Thread.java:748)
Caused by: org.apache.ratis.thirdparty.io.grpc.StatusRuntimeException: UNAVAILABLE: io exception
	at org.apache.ratis.thirdparty.io.grpc.stub.ClientCalls.toStatusRuntimeException(ClientCalls.java:233)
	at org.apache.ratis.thirdparty.io.grpc.stub.ClientCalls.getUnchecked(ClientCalls.java:214)
	at org.apache.ratis.thirdparty.io.grpc.stub.ClientCalls.blockingUnaryCall(ClientCalls.java:139)
	at org.apache.ratis.proto.grpc.RaftServerProtocolServiceGrpc$RaftServerProtocolServiceBlockingStub.requestVote(RaftServerProtocolServiceGrpc.java:265)
	at org.apache.ratis.grpc.server.GrpcServerProtocolClient.requestVote(GrpcServerProtocolClient.java:83)
	at org.apache.ratis.grpc.server.GrpcService.requestVote(GrpcService.java:195)
	at org.apache.ratis.server.impl.LeaderElection.lambda$submitRequests$1(LeaderElection.java:237)
	at java.util.concurrent.FutureTask.run(FutureTask.java:266)
	at java.util.concurrent.Executors$RunnableAdapter.call(Executors.java:511)
	at java.util.concurrent.FutureTask.run(FutureTask.java:266)
	at java.util.concurrent.ThreadPoolExecutor.runWorker(ThreadPoolExecutor.java:1149)
	at java.util.concurrent.ThreadPoolExecutor$Worker.run(ThreadPoolExecutor.java:624)
	... 1 more
Caused by: org.apache.ratis.thirdparty.io.netty.channel.AbstractChannel$AnnotatedConnectException: Connection refused: /192.168.5.185:39640
	at sun.nio.ch.SocketChannelImpl.checkConnect(Native Method)
	at sun.nio.ch.SocketChannelImpl.finishConnect(SocketChannelImpl.java:717)
	at org.apache.ratis.thirdparty.io.netty.channel.socket.nio.NioSocketChannel.doFinishConnect(NioSocketChannel.java:327)
	at org.apache.ratis.thirdparty.io.netty.channel.nio.AbstractNioChannel$AbstractNioUnsafe.finishConnect(AbstractNioChannel.java:340)
	at org.apache.ratis.thirdparty.io.netty.channel.nio.NioEventLoop.processSelectedKey(NioEventLoop.java:632)
	at org.apache.ratis.thirdparty.io.netty.channel.nio.NioEventLoop.processSelectedKeysOptimized(NioEventLoop.java:579)
	at org.apache.ratis.thirdparty.io.netty.channel.nio.NioEventLoop.processSelectedKeys(NioEventLoop.java:496)
	at org.apache.ratis.thirdparty.io.netty.channel.nio.NioEventLoop.run(NioEventLoop.java:458)
	at org.apache.ratis.thirdparty.io.netty.util.concurrent.SingleThreadEventExecutor$5.run(SingleThreadEventExecutor.java:897)
	at org.apache.ratis.thirdparty.io.netty.util.concurrent.FastThreadLocalRunnable.run(FastThreadLocalRunnable.java:30)
	... 1 more
Caused by: java.net.ConnectException: Connection refused
	... 11 more
2019-08-23 10:07:37,622 [b71bf4d4-b0f4-4b17-850e-14fbc35fc534:group-CC427169F078:LeaderElection68] INFO  impl.LeaderElection (LogUtils.java:infoOrTrace(149)) - b71bf4d4-b0f4-4b17-850e-14fbc35fc534:group-CC427169F078:LeaderElection68 got exception when requesting votes: {}
java.util.concurrent.ExecutionException: org.apache.ratis.thirdparty.io.grpc.StatusRuntimeException: UNAVAILABLE: io exception
	at java.util.concurrent.FutureTask.report(FutureTask.java:122)
	at java.util.concurrent.FutureTask.get(FutureTask.java:192)
	at org.apache.ratis.server.impl.LeaderElection.waitForResults(LeaderElection.java:262)
	at org.apache.ratis.server.impl.LeaderElection.askForVotes(LeaderElection.java:200)
	at org.apache.ratis.server.impl.LeaderElection.run(LeaderElection.java:130)
	at java.lang.Thread.run(Thread.java:748)
Caused by: org.apache.ratis.thirdparty.io.grpc.StatusRuntimeException: UNAVAILABLE: io exception
	at org.apache.ratis.thirdparty.io.grpc.stub.ClientCalls.toStatusRuntimeException(ClientCalls.java:233)
	at org.apache.ratis.thirdparty.io.grpc.stub.ClientCalls.getUnchecked(ClientCalls.java:214)
	at org.apache.ratis.thirdparty.io.grpc.stub.ClientCalls.blockingUnaryCall(ClientCalls.java:139)
	at org.apache.ratis.proto.grpc.RaftServerProtocolServiceGrpc$RaftServerProtocolServiceBlockingStub.requestVote(RaftServerProtocolServiceGrpc.java:265)
	at org.apache.ratis.grpc.server.GrpcServerProtocolClient.requestVote(GrpcServerProtocolClient.java:83)
	at org.apache.ratis.grpc.server.GrpcService.requestVote(GrpcService.java:195)
	at org.apache.ratis.server.impl.LeaderElection.lambda$submitRequests$1(LeaderElection.java:237)
	at java.util.concurrent.FutureTask.run(FutureTask.java:266)
	at java.util.concurrent.Executors$RunnableAdapter.call(Executors.java:511)
	at java.util.concurrent.FutureTask.run(FutureTask.java:266)
	at java.util.concurrent.ThreadPoolExecutor.runWorker(ThreadPoolExecutor.java:1149)
	at java.util.concurrent.ThreadPoolExecutor$Worker.run(ThreadPoolExecutor.java:624)
	... 1 more
Caused by: org.apache.ratis.thirdparty.io.netty.channel.AbstractChannel$AnnotatedConnectException: Connection refused: /192.168.5.185:35950
	at sun.nio.ch.SocketChannelImpl.checkConnect(Native Method)
	at sun.nio.ch.SocketChannelImpl.finishConnect(SocketChannelImpl.java:717)
	at org.apache.ratis.thirdparty.io.netty.channel.socket.nio.NioSocketChannel.doFinishConnect(NioSocketChannel.java:327)
	at org.apache.ratis.thirdparty.io.netty.channel.nio.AbstractNioChannel$AbstractNioUnsafe.finishConnect(AbstractNioChannel.java:340)
	at org.apache.ratis.thirdparty.io.netty.channel.nio.NioEventLoop.processSelectedKey(NioEventLoop.java:632)
	at org.apache.ratis.thirdparty.io.netty.channel.nio.NioEventLoop.processSelectedKeysOptimized(NioEventLoop.java:579)
	at org.apache.ratis.thirdparty.io.netty.channel.nio.NioEventLoop.processSelectedKeys(NioEventLoop.java:496)
	at org.apache.ratis.thirdparty.io.netty.channel.nio.NioEventLoop.run(NioEventLoop.java:458)
	at org.apache.ratis.thirdparty.io.netty.util.concurrent.SingleThreadEventExecutor$5.run(SingleThreadEventExecutor.java:897)
	at org.apache.ratis.thirdparty.io.netty.util.concurrent.FastThreadLocalRunnable.run(FastThreadLocalRunnable.java:30)
	... 1 more
Caused by: java.net.ConnectException: Connection refused
	... 11 more
2019-08-23 10:07:37,624 [b71bf4d4-b0f4-4b17-850e-14fbc35fc534:group-CC427169F078:LeaderElection68] INFO  impl.LeaderElection (LeaderElection.java:logAndReturn(56)) - b71bf4d4-b0f4-4b17-850e-14fbc35fc534:group-CC427169F078:LeaderElection68: Election REJECTED; received 0 response(s) [] and 2 exception(s); b71bf4d4-b0f4-4b17-850e-14fbc35fc534:t3, leader=null, voted=b71bf4d4-b0f4-4b17-850e-14fbc35fc534, raftlog=b71bf4d4-b0f4-4b17-850e-14fbc35fc534-SegmentedRaftLog:OPENED:c16,f16,i16, conf=15: [b71bf4d4-b0f4-4b17-850e-14fbc35fc534:192.168.5.185:45311, 9e515754-7f8b-46df-9ca3-146e5874d0fb:192.168.5.185:39640, 7b28d98f-f774-4da4-b3b1-ee2ad2b713ba:192.168.5.185:35950], old=null
2019-08-23 10:07:37,624 [b71bf4d4-b0f4-4b17-850e-14fbc35fc534:group-CC427169F078:LeaderElection68] INFO  impl.LeaderElection (LogUtils.java:infoOrTrace(149)) -   Exception 0: {}
java.util.concurrent.ExecutionException: org.apache.ratis.thirdparty.io.grpc.StatusRuntimeException: UNAVAILABLE: io exception
	at java.util.concurrent.FutureTask.report(FutureTask.java:122)
	at java.util.concurrent.FutureTask.get(FutureTask.java:192)
	at org.apache.ratis.server.impl.LeaderElection.waitForResults(LeaderElection.java:262)
	at org.apache.ratis.server.impl.LeaderElection.askForVotes(LeaderElection.java:200)
	at org.apache.ratis.server.impl.LeaderElection.run(LeaderElection.java:130)
	at java.lang.Thread.run(Thread.java:748)
Caused by: org.apache.ratis.thirdparty.io.grpc.StatusRuntimeException: UNAVAILABLE: io exception
	at org.apache.ratis.thirdparty.io.grpc.stub.ClientCalls.toStatusRuntimeException(ClientCalls.java:233)
	at org.apache.ratis.thirdparty.io.grpc.stub.ClientCalls.getUnchecked(ClientCalls.java:214)
	at org.apache.ratis.thirdparty.io.grpc.stub.ClientCalls.blockingUnaryCall(ClientCalls.java:139)
	at org.apache.ratis.proto.grpc.RaftServerProtocolServiceGrpc$RaftServerProtocolServiceBlockingStub.requestVote(RaftServerProtocolServiceGrpc.java:265)
	at org.apache.ratis.grpc.server.GrpcServerProtocolClient.requestVote(GrpcServerProtocolClient.java:83)
	at org.apache.ratis.grpc.server.GrpcService.requestVote(GrpcService.java:195)
	at org.apache.ratis.server.impl.LeaderElection.lambda$submitRequests$1(LeaderElection.java:237)
	at java.util.concurrent.FutureTask.run(FutureTask.java:266)
	at java.util.concurrent.Executors$RunnableAdapter.call(Executors.java:511)
	at java.util.concurrent.FutureTask.run(FutureTask.java:266)
	at java.util.concurrent.ThreadPoolExecutor.runWorker(ThreadPoolExecutor.java:1149)
	at java.util.concurrent.ThreadPoolExecutor$Worker.run(ThreadPoolExecutor.java:624)
	... 1 more
Caused by: org.apache.ratis.thirdparty.io.netty.channel.AbstractChannel$AnnotatedConnectException: Connection refused: /192.168.5.185:39640
	at sun.nio.ch.SocketChannelImpl.checkConnect(Native Method)
	at sun.nio.ch.SocketChannelImpl.finishConnect(SocketChannelImpl.java:717)
	at org.apache.ratis.thirdparty.io.netty.channel.socket.nio.NioSocketChannel.doFinishConnect(NioSocketChannel.java:327)
	at org.apache.ratis.thirdparty.io.netty.channel.nio.AbstractNioChannel$AbstractNioUnsafe.finishConnect(AbstractNioChannel.java:340)
	at org.apache.ratis.thirdparty.io.netty.channel.nio.NioEventLoop.processSelectedKey(NioEventLoop.java:632)
	at org.apache.ratis.thirdparty.io.netty.channel.nio.NioEventLoop.processSelectedKeysOptimized(NioEventLoop.java:579)
	at org.apache.ratis.thirdparty.io.netty.channel.nio.NioEventLoop.processSelectedKeys(NioEventLoop.java:496)
	at org.apache.ratis.thirdparty.io.netty.channel.nio.NioEventLoop.run(NioEventLoop.java:458)
	at org.apache.ratis.thirdparty.io.netty.util.concurrent.SingleThreadEventExecutor$5.run(SingleThreadEventExecutor.java:897)
	at org.apache.ratis.thirdparty.io.netty.util.concurrent.FastThreadLocalRunnable.run(FastThreadLocalRunnable.java:30)
	... 1 more
Caused by: java.net.ConnectException: Connection refused
	... 11 more
2019-08-23 10:07:37,625 [b71bf4d4-b0f4-4b17-850e-14fbc35fc534:group-CC427169F078:LeaderElection68] INFO  impl.LeaderElection (LogUtils.java:infoOrTrace(149)) -   Exception 1: {}
java.util.concurrent.ExecutionException: org.apache.ratis.thirdparty.io.grpc.StatusRuntimeException: UNAVAILABLE: io exception
	at java.util.concurrent.FutureTask.report(FutureTask.java:122)
	at java.util.concurrent.FutureTask.get(FutureTask.java:192)
	at org.apache.ratis.server.impl.LeaderElection.waitForResults(LeaderElection.java:262)
	at org.apache.ratis.server.impl.LeaderElection.askForVotes(LeaderElection.java:200)
	at org.apache.ratis.server.impl.LeaderElection.run(LeaderElection.java:130)
	at java.lang.Thread.run(Thread.java:748)
Caused by: org.apache.ratis.thirdparty.io.grpc.StatusRuntimeException: UNAVAILABLE: io exception
	at org.apache.ratis.thirdparty.io.grpc.stub.ClientCalls.toStatusRuntimeException(ClientCalls.java:233)
	at org.apache.ratis.thirdparty.io.grpc.stub.ClientCalls.getUnchecked(ClientCalls.java:214)
	at org.apache.ratis.thirdparty.io.grpc.stub.ClientCalls.blockingUnaryCall(ClientCalls.java:139)
	at org.apache.ratis.proto.grpc.RaftServerProtocolServiceGrpc$RaftServerProtocolServiceBlockingStub.requestVote(RaftServerProtocolServiceGrpc.java:265)
	at org.apache.ratis.grpc.server.GrpcServerProtocolClient.requestVote(GrpcServerProtocolClient.java:83)
	at org.apache.ratis.grpc.server.GrpcService.requestVote(GrpcService.java:195)
	at org.apache.ratis.server.impl.LeaderElection.lambda$submitRequests$1(LeaderElection.java:237)
	at java.util.concurrent.FutureTask.run(FutureTask.java:266)
	at java.util.concurrent.Executors$RunnableAdapter.call(Executors.java:511)
	at java.util.concurrent.FutureTask.run(FutureTask.java:266)
	at java.util.concurrent.ThreadPoolExecutor.runWorker(ThreadPoolExecutor.java:1149)
	at java.util.concurrent.ThreadPoolExecutor$Worker.run(ThreadPoolExecutor.java:624)
	... 1 more
Caused by: org.apache.ratis.thirdparty.io.netty.channel.AbstractChannel$AnnotatedConnectException: Connection refused: /192.168.5.185:35950
	at sun.nio.ch.SocketChannelImpl.checkConnect(Native Method)
	at sun.nio.ch.SocketChannelImpl.finishConnect(SocketChannelImpl.java:717)
	at org.apache.ratis.thirdparty.io.netty.channel.socket.nio.NioSocketChannel.doFinishConnect(NioSocketChannel.java:327)
	at org.apache.ratis.thirdparty.io.netty.channel.nio.AbstractNioChannel$AbstractNioUnsafe.finishConnect(AbstractNioChannel.java:340)
	at org.apache.ratis.thirdparty.io.netty.channel.nio.NioEventLoop.processSelectedKey(NioEventLoop.java:632)
	at org.apache.ratis.thirdparty.io.netty.channel.nio.NioEventLoop.processSelectedKeysOptimized(NioEventLoop.java:579)
	at org.apache.ratis.thirdparty.io.netty.channel.nio.NioEventLoop.processSelectedKeys(NioEventLoop.java:496)
	at org.apache.ratis.thirdparty.io.netty.channel.nio.NioEventLoop.run(NioEventLoop.java:458)
	at org.apache.ratis.thirdparty.io.netty.util.concurrent.SingleThreadEventExecutor$5.run(SingleThreadEventExecutor.java:897)
	at org.apache.ratis.thirdparty.io.netty.util.concurrent.FastThreadLocalRunnable.run(FastThreadLocalRunnable.java:30)
	... 1 more
Caused by: java.net.ConnectException: Connection refused
	... 11 more
2019-08-23 10:07:37,625 [b71bf4d4-b0f4-4b17-850e-14fbc35fc534:group-CC427169F078:LeaderElection68] INFO  impl.RaftServerImpl (RaftServerImpl.java:setRole(171)) - b71bf4d4-b0f4-4b17-850e-14fbc35fc534:group-CC427169F078 changes role from CANDIDATE to FOLLOWER at term 3 for DISCOVERED_A_NEW_TERM
2019-08-23 10:07:37,625 [b71bf4d4-b0f4-4b17-850e-14fbc35fc534:group-CC427169F078:LeaderElection68] INFO  impl.RoleInfo (RoleInfo.java:shutdownLeaderElection(134)) - b71bf4d4-b0f4-4b17-850e-14fbc35fc534: shutdown LeaderElection
2019-08-23 10:07:37,625 [b71bf4d4-b0f4-4b17-850e-14fbc35fc534:group-CC427169F078:LeaderElection68] INFO  impl.RoleInfo (RoleInfo.java:updateAndGet(143)) - b71bf4d4-b0f4-4b17-850e-14fbc35fc534: start FollowerState
2019-08-23 10:07:37,782 [EventQueue-StaleNodeForStaleNodeHandler] INFO  node.StaleNodeHandler (StaleNodeHandler.java:onMessage(58)) - Datanode bba6b2d4-c4a5-4c91-8048-dc3b2f1adf2c{ip: 192.168.5.185, host: pr-hdds-1094-w8cgz-2737508714, networkLocation: /default-rack, certSerialId: null} moved to stale state. Finalizing its pipelines [PipelineID=1a23999a-518f-4643-b138-9fc0456768b7, PipelineID=bec9e61f-76f4-446f-87ed-d7269dfc8935]
2019-08-23 10:07:37,782 [EventQueue-StaleNodeForStaleNodeHandler] INFO  pipeline.SCMPipelineManager (SCMPipelineManager.java:finalizeAndDestroyPipeline(309)) - destroying pipeline:Pipeline[ Id: 1a23999a-518f-4643-b138-9fc0456768b7, Nodes: bba6b2d4-c4a5-4c91-8048-dc3b2f1adf2c{ip: 192.168.5.185, host: pr-hdds-1094-w8cgz-2737508714, networkLocation: /default-rack, certSerialId: null}5494ee63-e09e-4df3-b4cd-311d875bc122{ip: 192.168.5.185, host: pr-hdds-1094-w8cgz-2737508714, networkLocation: /default-rack, certSerialId: null}80f273f3-706b-492f-9f47-fe3dda8bc170{ip: 192.168.5.185, host: pr-hdds-1094-w8cgz-2737508714, networkLocation: /default-rack, certSerialId: null}, Type:RATIS, Factor:THREE, State:CLOSED]
2019-08-23 10:07:37,782 [EventQueue-StaleNodeForStaleNodeHandler] INFO  pipeline.SCMPipelineManager (SCMPipelineManager.java:finalizeAndDestroyPipeline(309)) - destroying pipeline:Pipeline[ Id: bec9e61f-76f4-446f-87ed-d7269dfc8935, Nodes: bba6b2d4-c4a5-4c91-8048-dc3b2f1adf2c{ip: 192.168.5.185, host: pr-hdds-1094-w8cgz-2737508714, networkLocation: /default-rack, certSerialId: null}, Type:RATIS, Factor:ONE, State:OPEN]
2019-08-23 10:07:37,782 [EventQueue-StaleNodeForStaleNodeHandler] INFO  pipeline.PipelineStateManager (PipelineStateManager.java:finalizePipeline(123)) - Pipeline Pipeline[ Id: bec9e61f-76f4-446f-87ed-d7269dfc8935, Nodes: bba6b2d4-c4a5-4c91-8048-dc3b2f1adf2c{ip: 192.168.5.185, host: pr-hdds-1094-w8cgz-2737508714, networkLocation: /default-rack, certSerialId: null}, Type:RATIS, Factor:ONE, State:CLOSED] moved to CLOSED state
2019-08-23 10:07:37,784 | INFO  | SCMAudit | user=jenkins1000 | ip=192.168.5.185 | op=SEND_HEARTBEAT {datanodeUUID=80f273f3-706b-492f-9f47-fe3dda8bc170, command=[]} | ret=SUCCESS |  
2019-08-23 10:07:37,814 | INFO  | SCMAudit | user=jenkins1000 | ip=192.168.5.185 | op=SEND_HEARTBEAT {datanodeUUID=8453f9b2-d485-4adb-8d6d-ab08f3e408ba, command=[]} | ret=SUCCESS |  
2019-08-23 10:07:38,010 [grpc-default-executor-8] WARN  server.GrpcLogAppender (LogUtils.java:warn(134)) - bba6b2d4-c4a5-4c91-8048-dc3b2f1adf2c->5494ee63-e09e-4df3-b4cd-311d875bc122: Failed appendEntries: org.apache.ratis.thirdparty.io.grpc.StatusRuntimeException: UNAVAILABLE: io exception
2019-08-23 10:07:38,011 [grpc-default-executor-8] INFO  impl.FollowerInfo (FollowerInfo.java:lambda$new$0(50)) - bba6b2d4-c4a5-4c91-8048-dc3b2f1adf2c->5494ee63-e09e-4df3-b4cd-311d875bc122: nextIndex: updateUnconditionally 13 -> 12
2019-08-23 10:07:38,164 [ForkJoinPool.commonPool-worker-0] INFO  ozoneimpl.OzoneContainer (OzoneContainer.java:stop(199)) - Attempting to stop container services.
2019-08-23 10:07:38,165 [main] INFO  ozoneimpl.OzoneContainer (OzoneContainer.java:stop(199)) - Attempting to stop container services.
2019-08-23 10:07:38,165 [ForkJoinPool.commonPool-worker-0] INFO  impl.RaftServerProxy (RaftServerProxy.java:lambda$close$4(314)) - b71bf4d4-b0f4-4b17-850e-14fbc35fc534: close
2019-08-23 10:07:38,165 [main] INFO  impl.RaftServerProxy (RaftServerProxy.java:lambda$close$4(314)) - bba6b2d4-c4a5-4c91-8048-dc3b2f1adf2c: close
2019-08-23 10:07:38,165 [ForkJoinPool.commonPool-worker-0] INFO  impl.RaftServerImpl (RaftServerImpl.java:lambda$shutdown$3(245)) - b71bf4d4-b0f4-4b17-850e-14fbc35fc534: shutdown group-CC427169F078
2019-08-23 10:07:38,166 [main] INFO  impl.RaftServerImpl (RaftServerImpl.java:lambda$shutdown$3(245)) - bba6b2d4-c4a5-4c91-8048-dc3b2f1adf2c: shutdown group-9FC0456768B7
2019-08-23 10:07:38,166 [ForkJoinPool.commonPool-worker-0] INFO  util.JmxRegister (JmxRegister.java:unregister(73)) - Successfully un-registered JMX Bean with object name Ratis:service=RaftServer,group=group-CC427169F078,id=b71bf4d4-b0f4-4b17-850e-14fbc35fc534
2019-08-23 10:07:38,166 [main] INFO  util.JmxRegister (JmxRegister.java:unregister(73)) - Successfully un-registered JMX Bean with object name Ratis:service=RaftServer,group=group-9FC0456768B7,id=bba6b2d4-c4a5-4c91-8048-dc3b2f1adf2c
2019-08-23 10:07:38,167 [ForkJoinPool.commonPool-worker-0] INFO  impl.RoleInfo (RoleInfo.java:shutdownFollowerState(121)) - b71bf4d4-b0f4-4b17-850e-14fbc35fc534: shutdown FollowerState
2019-08-23 10:07:38,167 [main] INFO  impl.RoleInfo (RoleInfo.java:shutdownLeaderState(104)) - bba6b2d4-c4a5-4c91-8048-dc3b2f1adf2c: shutdown LeaderState
2019-08-23 10:07:38,168 [Thread-3534] INFO  impl.FollowerState (FollowerState.java:run(114)) - b71bf4d4-b0f4-4b17-850e-14fbc35fc534: FollowerState was interrupted: java.lang.InterruptedException: sleep interrupted
2019-08-23 10:07:38,168 [StateMachineUpdater:b71bf4d4-b0f4-4b17-850e-14fbc35fc534:group-CC427169F078] INFO  ratis.ContainerStateMachine (ContainerStateMachine.java:takeSnapshot(283)) - group-CC427169F078: Taking a snapshot at:(t:1, i:12) file /workdir/hadoop-ozone/integration-test/target/test-dir/MiniOzoneClusterImpl-b7a8e372-3268-47e4-95e4-1baa8ccb0650/datanode-0/data/ratis/7acf250a-3a28-4257-b83c-cc427169f078/sm/snapshot.1_12
2019-08-23 10:07:38,167 [ForkJoinPool.commonPool-worker-0] INFO  impl.StateMachineUpdater (StateMachineUpdater.java:stopAndJoin(115)) - StateMachineUpdater:b71bf4d4-b0f4-4b17-850e-14fbc35fc534:group-CC427169F078: set stopIndex = 16
2019-08-23 10:07:38,174 [org.apache.ratis.server.impl.LogAppender$AppenderDaemon$$Lambda$482/1532957749@5237f49d] WARN  server.GrpcLogAppender (GrpcLogAppender.java:mayWait(143)) - GrpcLogAppender(bba6b2d4-c4a5-4c91-8048-dc3b2f1adf2c->80f273f3-706b-492f-9f47-fe3dda8bc170): Wait interrupted by java.lang.InterruptedException
2019-08-23 10:07:38,174 [main] INFO  impl.PendingRequests (PendingRequests.java:sendNotLeaderResponses(202)) - bba6b2d4-c4a5-4c91-8048-dc3b2f1adf2c-PendingRequests: sendNotLeaderResponses
2019-08-23 10:07:38,174 [org.apache.ratis.server.impl.LogAppender$AppenderDaemon$$Lambda$482/1532957749@1735781f] WARN  server.GrpcLogAppender (GrpcLogAppender.java:mayWait(143)) - GrpcLogAppender(bba6b2d4-c4a5-4c91-8048-dc3b2f1adf2c->5494ee63-e09e-4df3-b4cd-311d875bc122): Wait interrupted by java.lang.InterruptedException
2019-08-23 10:07:38,185 [main] INFO  impl.StateMachineUpdater (StateMachineUpdater.java:stopAndJoin(115)) - StateMachineUpdater:bba6b2d4-c4a5-4c91-8048-dc3b2f1adf2c:group-9FC0456768B7: set stopIndex = 14
2019-08-23 10:07:38,175 [grpc-default-executor-8] INFO  server.GrpcServerProtocolService (GrpcServerProtocolService.java:onCompleted(104)) - 80f273f3-706b-492f-9f47-fe3dda8bc170: appendEntries completed
2019-08-23 10:07:38,185 [EventQueue-StaleNodeForStaleNodeHandler] INFO  node.StaleNodeHandler (StaleNodeHandler.java:onMessage(58)) - Datanode b71bf4d4-b0f4-4b17-850e-14fbc35fc534{ip: 192.168.5.185, host: pr-hdds-1094-w8cgz-2737508714, networkLocation: /default-rack, certSerialId: null} moved to stale state. Finalizing its pipelines [PipelineID=7acf250a-3a28-4257-b83c-cc427169f078, PipelineID=b7301094-911c-40d3-81a8-5844800897e7]
2019-08-23 10:07:38,185 [StateMachineUpdater:bba6b2d4-c4a5-4c91-8048-dc3b2f1adf2c:group-9FC0456768B7] INFO  ratis.ContainerStateMachine (ContainerStateMachine.java:takeSnapshot(283)) - group-9FC0456768B7: Taking a snapshot at:(t:1, i:12) file /workdir/hadoop-ozone/integration-test/target/test-dir/MiniOzoneClusterImpl-b7a8e372-3268-47e4-95e4-1baa8ccb0650/datanode-3/data/ratis/1a23999a-518f-4643-b138-9fc0456768b7/sm/snapshot.1_12
2019-08-23 10:07:38,186 [grpc-default-executor-8] INFO  server.GrpcLogAppender (GrpcLogAppender.java:onCompleted(292)) - bba6b2d4-c4a5-4c91-8048-dc3b2f1adf2c->80f273f3-706b-492f-9f47-fe3dda8bc170: follower responses appendEntries COMPLETED
2019-08-23 10:07:38,186 [EventQueue-StaleNodeForStaleNodeHandler] INFO  pipeline.SCMPipelineManager (SCMPipelineManager.java:finalizeAndDestroyPipeline(309)) - destroying pipeline:Pipeline[ Id: 7acf250a-3a28-4257-b83c-cc427169f078, Nodes: 7b28d98f-f774-4da4-b3b1-ee2ad2b713ba{ip: 192.168.5.185, host: pr-hdds-1094-w8cgz-2737508714, networkLocation: /default-rack, certSerialId: null}b71bf4d4-b0f4-4b17-850e-14fbc35fc534{ip: 192.168.5.185, host: pr-hdds-1094-w8cgz-2737508714, networkLocation: /default-rack, certSerialId: null}9e515754-7f8b-46df-9ca3-146e5874d0fb{ip: 192.168.5.185, host: pr-hdds-1094-w8cgz-2737508714, networkLocation: /default-rack, certSerialId: null}, Type:RATIS, Factor:THREE, State:CLOSED]
2019-08-23 10:07:38,186 [StateMachineUpdater:b71bf4d4-b0f4-4b17-850e-14fbc35fc534:group-CC427169F078] INFO  ratis.ContainerStateMachine (ContainerStateMachine.java:takeSnapshot(294)) - group-CC427169F078: Finished taking a snapshot at:(t:1, i:12) file:/workdir/hadoop-ozone/integration-test/target/test-dir/MiniOzoneClusterImpl-b7a8e372-3268-47e4-95e4-1baa8ccb0650/datanode-0/data/ratis/7acf250a-3a28-4257-b83c-cc427169f078/sm/snapshot.1_12 time:19
2019-08-23 10:07:38,187 [EventQueue-StaleNodeForStaleNodeHandler] INFO  pipeline.SCMPipelineManager (SCMPipelineManager.java:finalizeAndDestroyPipeline(309)) - destroying pipeline:Pipeline[ Id: b7301094-911c-40d3-81a8-5844800897e7, Nodes: b71bf4d4-b0f4-4b17-850e-14fbc35fc534{ip: 192.168.5.185, host: pr-hdds-1094-w8cgz-2737508714, networkLocation: /default-rack, certSerialId: null}, Type:RATIS, Factor:ONE, State:OPEN]
2019-08-23 10:07:38,187 [grpc-default-executor-8] INFO  impl.FollowerInfo (FollowerInfo.java:lambda$new$0(50)) - bba6b2d4-c4a5-4c91-8048-dc3b2f1adf2c->80f273f3-706b-492f-9f47-fe3dda8bc170: nextIndex: updateUnconditionally 15 -> 14
2019-08-23 10:07:38,187 [EventQueue-StaleNodeForStaleNodeHandler] INFO  pipeline.PipelineStateManager (PipelineStateManager.java:finalizePipeline(123)) - Pipeline Pipeline[ Id: b7301094-911c-40d3-81a8-5844800897e7, Nodes: b71bf4d4-b0f4-4b17-850e-14fbc35fc534{ip: 192.168.5.185, host: pr-hdds-1094-w8cgz-2737508714, networkLocation: /default-rack, certSerialId: null}, Type:RATIS, Factor:ONE, State:CLOSED] moved to CLOSED state
2019-08-23 10:07:38,187 [StateMachineUpdater:b71bf4d4-b0f4-4b17-850e-14fbc35fc534:group-CC427169F078] INFO  impl.StateMachineUpdater (StateMachineUpdater.java:takeSnapshot(242)) - StateMachineUpdater:b71bf4d4-b0f4-4b17-850e-14fbc35fc534:group-CC427169F078: Took a snapshot at index 12
2019-08-23 10:07:38,187 [StateMachineUpdater:b71bf4d4-b0f4-4b17-850e-14fbc35fc534:group-CC427169F078] INFO  impl.StateMachineUpdater (StateMachineUpdater.java:lambda$new$0(80)) - StateMachineUpdater:b71bf4d4-b0f4-4b17-850e-14fbc35fc534:group-CC427169F078: snapshotIndex: updateIncreasingly -1 -> 12
2019-08-23 10:07:38,188 [ForkJoinPool.commonPool-worker-0] INFO  impl.RaftServerImpl (ServerState.java:close(394)) - b71bf4d4-b0f4-4b17-850e-14fbc35fc534:group-CC427169F078 closes. The last applied log index is 16
2019-08-23 10:07:38,188 [b71bf4d4-b0f4-4b17-850e-14fbc35fc534-SegmentedRaftLogWorker:Storage Directory /workdir/hadoop-ozone/integration-test/target/test-dir/MiniOzoneClusterImpl-b7a8e372-3268-47e4-95e4-1baa8ccb0650/datanode-0/data/ratis/7acf250a-3a28-4257-b83c-cc427169f078] INFO  segmented.SegmentedRaftLogWorker (SegmentedRaftLogWorker.java:run(313)) - b71bf4d4-b0f4-4b17-850e-14fbc35fc534-SegmentedRaftLogWorker:Storage Directory /workdir/hadoop-ozone/integration-test/target/test-dir/MiniOzoneClusterImpl-b7a8e372-3268-47e4-95e4-1baa8ccb0650/datanode-0/data/ratis/7acf250a-3a28-4257-b83c-cc427169f078 was interrupted, exiting. There are 0 tasks remaining in the queue.
2019-08-23 10:07:38,190 [StateMachineUpdater:bba6b2d4-c4a5-4c91-8048-dc3b2f1adf2c:group-9FC0456768B7] INFO  ratis.ContainerStateMachine (ContainerStateMachine.java:takeSnapshot(294)) - group-9FC0456768B7: Finished taking a snapshot at:(t:1, i:12) file:/workdir/hadoop-ozone/integration-test/target/test-dir/MiniOzoneClusterImpl-b7a8e372-3268-47e4-95e4-1baa8ccb0650/datanode-3/data/ratis/1a23999a-518f-4643-b138-9fc0456768b7/sm/snapshot.1_12 time:5
2019-08-23 10:07:38,190 [ForkJoinPool.commonPool-worker-0] INFO  segmented.SegmentedRaftLogWorker (SegmentedRaftLogWorker.java:close(228)) - b71bf4d4-b0f4-4b17-850e-14fbc35fc534-SegmentedRaftLogWorker:Storage Directory /workdir/hadoop-ozone/integration-test/target/test-dir/MiniOzoneClusterImpl-b7a8e372-3268-47e4-95e4-1baa8ccb0650/datanode-0/data/ratis/7acf250a-3a28-4257-b83c-cc427169f078 close()
2019-08-23 10:07:38,190 [StateMachineUpdater:bba6b2d4-c4a5-4c91-8048-dc3b2f1adf2c:group-9FC0456768B7] INFO  impl.StateMachineUpdater (StateMachineUpdater.java:takeSnapshot(242)) - StateMachineUpdater:bba6b2d4-c4a5-4c91-8048-dc3b2f1adf2c:group-9FC0456768B7: Took a snapshot at index 12
2019-08-23 10:07:38,193 [StateMachineUpdater:bba6b2d4-c4a5-4c91-8048-dc3b2f1adf2c:group-9FC0456768B7] INFO  impl.StateMachineUpdater (StateMachineUpdater.java:lambda$new$0(80)) - StateMachineUpdater:bba6b2d4-c4a5-4c91-8048-dc3b2f1adf2c:group-9FC0456768B7: snapshotIndex: updateIncreasingly -1 -> 12
2019-08-23 10:07:38,193 [ForkJoinPool.commonPool-worker-0] INFO  impl.RaftServerImpl (RaftServerImpl.java:lambda$shutdown$3(245)) - b71bf4d4-b0f4-4b17-850e-14fbc35fc534: shutdown group-5844800897E7
2019-08-23 10:07:38,193 [main] INFO  impl.RaftServerImpl (ServerState.java:close(394)) - bba6b2d4-c4a5-4c91-8048-dc3b2f1adf2c:group-9FC0456768B7 closes. The last applied log index is 14
2019-08-23 10:07:38,194 [ForkJoinPool.commonPool-worker-0] INFO  util.JmxRegister (JmxRegister.java:unregister(73)) - Successfully un-registered JMX Bean with object name Ratis:service=RaftServer,group=group-5844800897E7,id=b71bf4d4-b0f4-4b17-850e-14fbc35fc534
2019-08-23 10:07:38,194 [bba6b2d4-c4a5-4c91-8048-dc3b2f1adf2c-SegmentedRaftLogWorker:Storage Directory /workdir/hadoop-ozone/integration-test/target/test-dir/MiniOzoneClusterImpl-b7a8e372-3268-47e4-95e4-1baa8ccb0650/datanode-3/data/ratis/1a23999a-518f-4643-b138-9fc0456768b7] INFO  segmented.SegmentedRaftLogWorker (SegmentedRaftLogWorker.java:run(313)) - bba6b2d4-c4a5-4c91-8048-dc3b2f1adf2c-SegmentedRaftLogWorker:Storage Directory /workdir/hadoop-ozone/integration-test/target/test-dir/MiniOzoneClusterImpl-b7a8e372-3268-47e4-95e4-1baa8ccb0650/datanode-3/data/ratis/1a23999a-518f-4643-b138-9fc0456768b7 was interrupted, exiting. There are 0 tasks remaining in the queue.
2019-08-23 10:07:38,194 [ForkJoinPool.commonPool-worker-0] INFO  impl.RoleInfo (RoleInfo.java:shutdownLeaderState(104)) - b71bf4d4-b0f4-4b17-850e-14fbc35fc534: shutdown LeaderState
2019-08-23 10:07:38,196 [main] INFO  segmented.SegmentedRaftLogWorker (SegmentedRaftLogWorker.java:close(228)) - bba6b2d4-c4a5-4c91-8048-dc3b2f1adf2c-SegmentedRaftLogWorker:Storage Directory /workdir/hadoop-ozone/integration-test/target/test-dir/MiniOzoneClusterImpl-b7a8e372-3268-47e4-95e4-1baa8ccb0650/datanode-3/data/ratis/1a23999a-518f-4643-b138-9fc0456768b7 close()
2019-08-23 10:07:38,196 [ForkJoinPool.commonPool-worker-0] INFO  impl.PendingRequests (PendingRequests.java:sendNotLeaderResponses(202)) - b71bf4d4-b0f4-4b17-850e-14fbc35fc534-PendingRequests: sendNotLeaderResponses
2019-08-23 10:07:38,198 [main] INFO  impl.RaftServerImpl (RaftServerImpl.java:lambda$shutdown$3(245)) - bba6b2d4-c4a5-4c91-8048-dc3b2f1adf2c: shutdown group-D7269DFC8935
2019-08-23 10:07:38,199 [ForkJoinPool.commonPool-worker-0] INFO  impl.StateMachineUpdater (StateMachineUpdater.java:stopAndJoin(115)) - StateMachineUpdater:b71bf4d4-b0f4-4b17-850e-14fbc35fc534:group-5844800897E7: set stopIndex = 0
2019-08-23 10:07:38,199 [main] INFO  util.JmxRegister (JmxRegister.java:unregister(73)) - Successfully un-registered JMX Bean with object name Ratis:service=RaftServer,group=group-D7269DFC8935,id=bba6b2d4-c4a5-4c91-8048-dc3b2f1adf2c
2019-08-23 10:07:38,200 [main] INFO  impl.RoleInfo (RoleInfo.java:shutdownLeaderState(104)) - bba6b2d4-c4a5-4c91-8048-dc3b2f1adf2c: shutdown LeaderState
2019-08-23 10:07:38,199 [ForkJoinPool.commonPool-worker-0] INFO  impl.RaftServerImpl (ServerState.java:close(394)) - b71bf4d4-b0f4-4b17-850e-14fbc35fc534:group-5844800897E7 closes. The last applied log index is 0
2019-08-23 10:07:38,200 [main] INFO  impl.PendingRequests (PendingRequests.java:sendNotLeaderResponses(202)) - bba6b2d4-c4a5-4c91-8048-dc3b2f1adf2c-PendingRequests: sendNotLeaderResponses
2019-08-23 10:07:38,200 [b71bf4d4-b0f4-4b17-850e-14fbc35fc534-SegmentedRaftLogWorker:Storage Directory /workdir/hadoop-ozone/integration-test/target/test-dir/MiniOzoneClusterImpl-b7a8e372-3268-47e4-95e4-1baa8ccb0650/datanode-0/data/ratis/b7301094-911c-40d3-81a8-5844800897e7] INFO  segmented.SegmentedRaftLogWorker (SegmentedRaftLogWorker.java:run(313)) - b71bf4d4-b0f4-4b17-850e-14fbc35fc534-SegmentedRaftLogWorker:Storage Directory /workdir/hadoop-ozone/integration-test/target/test-dir/MiniOzoneClusterImpl-b7a8e372-3268-47e4-95e4-1baa8ccb0650/datanode-0/data/ratis/b7301094-911c-40d3-81a8-5844800897e7 was interrupted, exiting. There are 0 tasks remaining in the queue.
2019-08-23 10:07:38,201 [main] INFO  impl.StateMachineUpdater (StateMachineUpdater.java:stopAndJoin(115)) - StateMachineUpdater:bba6b2d4-c4a5-4c91-8048-dc3b2f1adf2c:group-D7269DFC8935: set stopIndex = 0
2019-08-23 10:07:38,202 [ForkJoinPool.commonPool-worker-0] INFO  segmented.SegmentedRaftLogWorker (SegmentedRaftLogWorker.java:close(228)) - b71bf4d4-b0f4-4b17-850e-14fbc35fc534-SegmentedRaftLogWorker:Storage Directory /workdir/hadoop-ozone/integration-test/target/test-dir/MiniOzoneClusterImpl-b7a8e372-3268-47e4-95e4-1baa8ccb0650/datanode-0/data/ratis/b7301094-911c-40d3-81a8-5844800897e7 close()
2019-08-23 10:07:38,202 [main] INFO  impl.RaftServerImpl (ServerState.java:close(394)) - bba6b2d4-c4a5-4c91-8048-dc3b2f1adf2c:group-D7269DFC8935 closes. The last applied log index is 0
2019-08-23 10:07:38,205 [ForkJoinPool.commonPool-worker-0] INFO  server.GrpcService (GrpcService.java:closeImpl(155)) - b71bf4d4-b0f4-4b17-850e-14fbc35fc534: shutdown server with port 45311 now
2019-08-23 10:07:38,205 [bba6b2d4-c4a5-4c91-8048-dc3b2f1adf2c-SegmentedRaftLogWorker:Storage Directory /workdir/hadoop-ozone/integration-test/target/test-dir/MiniOzoneClusterImpl-b7a8e372-3268-47e4-95e4-1baa8ccb0650/datanode-3/data/ratis/bec9e61f-76f4-446f-87ed-d7269dfc8935] INFO  segmented.SegmentedRaftLogWorker (SegmentedRaftLogWorker.java:run(313)) - bba6b2d4-c4a5-4c91-8048-dc3b2f1adf2c-SegmentedRaftLogWorker:Storage Directory /workdir/hadoop-ozone/integration-test/target/test-dir/MiniOzoneClusterImpl-b7a8e372-3268-47e4-95e4-1baa8ccb0650/datanode-3/data/ratis/bec9e61f-76f4-446f-87ed-d7269dfc8935 was interrupted, exiting. There are 0 tasks remaining in the queue.
2019-08-23 10:07:38,205 [ForkJoinPool.commonPool-worker-0] INFO  server.GrpcService (GrpcService.java:closeImpl(163)) - b71bf4d4-b0f4-4b17-850e-14fbc35fc534: shutdown server with port 45311 successfully
2019-08-23 10:07:38,207 [main] INFO  segmented.SegmentedRaftLogWorker (SegmentedRaftLogWorker.java:close(228)) - bba6b2d4-c4a5-4c91-8048-dc3b2f1adf2c-SegmentedRaftLogWorker:Storage Directory /workdir/hadoop-ozone/integration-test/target/test-dir/MiniOzoneClusterImpl-b7a8e372-3268-47e4-95e4-1baa8ccb0650/datanode-3/data/ratis/bec9e61f-76f4-446f-87ed-d7269dfc8935 close()
2019-08-23 10:07:38,215 [main] INFO  server.GrpcService (GrpcService.java:closeImpl(155)) - bba6b2d4-c4a5-4c91-8048-dc3b2f1adf2c: shutdown server with port 36607 now
2019-08-23 10:07:38,216 [grpc-default-executor-6] WARN  client.GrpcClientProtocolService (LogUtils.java:warn(134)) - 1-UnorderedRequestStreamObserver1: onError: org.apache.ratis.thirdparty.io.grpc.StatusRuntimeException: CANCELLED: cancelled before receiving half close
2019-08-23 10:07:38,216 [main] INFO  server.GrpcService (GrpcService.java:closeImpl(163)) - bba6b2d4-c4a5-4c91-8048-dc3b2f1adf2c: shutdown server with port 36607 successfully
2019-08-23 10:07:38,217 [ForkJoinPool.commonPool-worker-0] INFO  utils.BackgroundService (BackgroundService.java:shutdown(148)) - Shutting down service BlockDeletingService
2019-08-23 10:07:38,218 [main] INFO  utils.BackgroundService (BackgroundService.java:shutdown(148)) - Shutting down service BlockDeletingService
2019-08-23 10:07:38,219 [refreshUsed-/workdir/hadoop-ozone/integration-test/target/test-dir/MiniOzoneClusterImpl-b7a8e372-3268-47e4-95e4-1baa8ccb0650/datanode-0/data/containers] WARN  fs.CachingGetSpaceUsed (CachingGetSpaceUsed.java:run(183)) - Thread Interrupted waiting to refresh disk information: sleep interrupted
2019-08-23 10:07:38,220 [refreshUsed-/workdir/hadoop-ozone/integration-test/target/test-dir/MiniOzoneClusterImpl-b7a8e372-3268-47e4-95e4-1baa8ccb0650/datanode-3/data/containers] WARN  fs.CachingGetSpaceUsed (CachingGetSpaceUsed.java:run(183)) - Thread Interrupted waiting to refresh disk information: sleep interrupted
2019-08-23 10:07:38,242 [main] INFO  statemachine.DatanodeStateMachine (DatanodeStateMachine.java:stopDaemon(395)) - Ozone container server stopped.
2019-08-23 10:07:38,242 [main] INFO  handler.ContextHandler (ContextHandler.java:doStop(910)) - Stopped o.e.j.w.WebAppContext@4ca83ec3{/,null,UNAVAILABLE}{/hddsDatanode}
2019-08-23 10:07:38,243 [main] INFO  server.AbstractConnector (AbstractConnector.java:doStop(318)) - Stopped ServerConnector@7d29fc6{HTTP/1.1,[http/1.1]}{0.0.0.0:0}
2019-08-23 10:07:38,244 [main] INFO  handler.ContextHandler (ContextHandler.java:doStop(910)) - Stopped o.e.j.s.ServletContextHandler@2e0d6270{/static,jar:file:/home/user/.m2/repository/org/apache/hadoop/hadoop-hdds-container-service/0.5.0-SNAPSHOT/hadoop-hdds-container-service-0.5.0-SNAPSHOT.jar!/webapps/static,UNAVAILABLE}
2019-08-23 10:07:38,246 [main] INFO  handler.ContextHandler (ContextHandler.java:doStop(910)) - Stopped o.e.j.s.ServletContextHandler@41a6cd9e{/logs,file:///workdir/hadoop-ozone/integration-test/target/log,UNAVAILABLE}
2019-08-23 10:07:38,248 [ForkJoinPool.commonPool-worker-0] INFO  statemachine.DatanodeStateMachine (DatanodeStateMachine.java:stopDaemon(395)) - Ozone container server stopped.
2019-08-23 10:07:38,251 [main] INFO  datanode.ObjectStoreHandler (ObjectStoreHandler.java:close(155)) - Closing ObjectStoreHandler.
2019-08-23 10:07:38,253 [main] INFO  ozone.HddsDatanodeService (HddsDatanodeService.java:stop(451)) - Stopped plug-in org.apache.hadoop.ozone.web.OzoneHddsDatanodeService@1683b9ba
2019-08-23 10:07:38,254 [ForkJoinPool.commonPool-worker-0] INFO  handler.ContextHandler (ContextHandler.java:doStop(910)) - Stopped o.e.j.w.WebAppContext@365fde74{/,null,UNAVAILABLE}{/hddsDatanode}
2019-08-23 10:07:38,255 [ForkJoinPool.commonPool-worker-0] INFO  server.AbstractConnector (AbstractConnector.java:doStop(318)) - Stopped ServerConnector@760b9444{HTTP/1.1,[http/1.1]}{0.0.0.0:0}
2019-08-23 10:07:38,256 [ForkJoinPool.commonPool-worker-0] INFO  handler.ContextHandler (ContextHandler.java:doStop(910)) - Stopped o.e.j.s.ServletContextHandler@3dfe520{/static,jar:file:/home/user/.m2/repository/org/apache/hadoop/hadoop-hdds-container-service/0.5.0-SNAPSHOT/hadoop-hdds-container-service-0.5.0-SNAPSHOT.jar!/webapps/static,UNAVAILABLE}
2019-08-23 10:07:38,258 [ForkJoinPool.commonPool-worker-0] INFO  handler.ContextHandler (ContextHandler.java:doStop(910)) - Stopped o.e.j.s.ServletContextHandler@7959fbe3{/logs,file:///workdir/hadoop-ozone/integration-test/target/log,UNAVAILABLE}
2019-08-23 10:07:38,259 [ForkJoinPool.commonPool-worker-0] INFO  datanode.ObjectStoreHandler (ObjectStoreHandler.java:close(155)) - Closing ObjectStoreHandler.
2019-08-23 10:07:38,259 [ForkJoinPool.commonPool-worker-0] INFO  ozone.HddsDatanodeService (HddsDatanodeService.java:stop(451)) - Stopped plug-in org.apache.hadoop.ozone.web.OzoneHddsDatanodeService@2e89310c
2019-08-23 10:07:38,783 [Datanode State Machine Thread - 0] INFO  statemachine.DatanodeStateMachine (DatanodeStateMachine.java:lambda$startDaemon$0(350)) - Ozone container server started.
2019-08-23 10:07:38,813 [Datanode State Machine Thread - 0] INFO  statemachine.DatanodeStateMachine (DatanodeStateMachine.java:lambda$startDaemon$0(350)) - Ozone container server started.
2019-08-23 10:07:42,791 [EventQueue-StaleNodeForStaleNodeHandler] INFO  node.StaleNodeHandler (StaleNodeHandler.java:onMessage(58)) - Datanode 80f273f3-706b-492f-9f47-fe3dda8bc170{ip: 192.168.5.185, host: pr-hdds-1094-w8cgz-2737508714, networkLocation: /default-rack, certSerialId: null} moved to stale state. Finalizing its pipelines [PipelineID=3782260a-7759-40f8-9a52-3abd68c0dbe7, PipelineID=1a23999a-518f-4643-b138-9fc0456768b7]
2019-08-23 10:07:42,791 [EventQueue-StaleNodeForStaleNodeHandler] INFO  pipeline.SCMPipelineManager (SCMPipelineManager.java:finalizeAndDestroyPipeline(309)) - destroying pipeline:Pipeline[ Id: 3782260a-7759-40f8-9a52-3abd68c0dbe7, Nodes: 80f273f3-706b-492f-9f47-fe3dda8bc170{ip: 192.168.5.185, host: pr-hdds-1094-w8cgz-2737508714, networkLocation: /default-rack, certSerialId: null}, Type:RATIS, Factor:ONE, State:OPEN]
2019-08-23 10:07:42,792 [EventQueue-StaleNodeForStaleNodeHandler] INFO  pipeline.PipelineStateManager (PipelineStateManager.java:finalizePipeline(123)) - Pipeline Pipeline[ Id: 3782260a-7759-40f8-9a52-3abd68c0dbe7, Nodes: 80f273f3-706b-492f-9f47-fe3dda8bc170{ip: 192.168.5.185, host: pr-hdds-1094-w8cgz-2737508714, networkLocation: /default-rack, certSerialId: null}, Type:RATIS, Factor:ONE, State:CLOSED] moved to CLOSED state
2019-08-23 10:07:42,792 [EventQueue-StaleNodeForStaleNodeHandler] INFO  pipeline.SCMPipelineManager (SCMPipelineManager.java:finalizeAndDestroyPipeline(309)) - destroying pipeline:Pipeline[ Id: 1a23999a-518f-4643-b138-9fc0456768b7, Nodes: bba6b2d4-c4a5-4c91-8048-dc3b2f1adf2c{ip: 192.168.5.185, host: pr-hdds-1094-w8cgz-2737508714, networkLocation: /default-rack, certSerialId: null}5494ee63-e09e-4df3-b4cd-311d875bc122{ip: 192.168.5.185, host: pr-hdds-1094-w8cgz-2737508714, networkLocation: /default-rack, certSerialId: null}80f273f3-706b-492f-9f47-fe3dda8bc170{ip: 192.168.5.185, host: pr-hdds-1094-w8cgz-2737508714, networkLocation: /default-rack, certSerialId: null}, Type:RATIS, Factor:THREE, State:CLOSED]
2019-08-23 10:07:42,891 [EventQueue-StaleNodeForStaleNodeHandler] INFO  node.StaleNodeHandler (StaleNodeHandler.java:onMessage(58)) - Datanode 8453f9b2-d485-4adb-8d6d-ab08f3e408ba{ip: 192.168.5.185, host: pr-hdds-1094-w8cgz-2737508714, networkLocation: /default-rack, certSerialId: null} moved to stale state. Finalizing its pipelines [PipelineID=1fb3750e-d5e3-4694-819a-2538e0e21334]
2019-08-23 10:07:42,892 [EventQueue-StaleNodeForStaleNodeHandler] INFO  pipeline.SCMPipelineManager (SCMPipelineManager.java:finalizeAndDestroyPipeline(309)) - destroying pipeline:Pipeline[ Id: 1fb3750e-d5e3-4694-819a-2538e0e21334, Nodes: 8453f9b2-d485-4adb-8d6d-ab08f3e408ba{ip: 192.168.5.185, host: pr-hdds-1094-w8cgz-2737508714, networkLocation: /default-rack, certSerialId: null}, Type:RATIS, Factor:ONE, State:OPEN]
2019-08-23 10:07:42,892 [EventQueue-StaleNodeForStaleNodeHandler] INFO  pipeline.PipelineStateManager (PipelineStateManager.java:finalizePipeline(123)) - Pipeline Pipeline[ Id: 1fb3750e-d5e3-4694-819a-2538e0e21334, Nodes: 8453f9b2-d485-4adb-8d6d-ab08f3e408ba{ip: 192.168.5.185, host: pr-hdds-1094-w8cgz-2737508714, networkLocation: /default-rack, certSerialId: null}, Type:RATIS, Factor:ONE, State:CLOSED] moved to CLOSED state
2019-08-23 10:07:43,254 [main] INFO  ozoneimpl.OzoneContainer (OzoneContainer.java:stop(199)) - Attempting to stop container services.
2019-08-23 10:07:43,254 [main] INFO  impl.RaftServerProxy (RaftServerProxy.java:lambda$close$4(314)) - 8453f9b2-d485-4adb-8d6d-ab08f3e408ba: close
2019-08-23 10:07:43,255 [main] INFO  impl.RaftServerImpl (RaftServerImpl.java:lambda$shutdown$3(245)) - 8453f9b2-d485-4adb-8d6d-ab08f3e408ba: shutdown group-2538E0E21334
2019-08-23 10:07:43,255 [main] INFO  util.JmxRegister (JmxRegister.java:unregister(73)) - Successfully un-registered JMX Bean with object name Ratis:service=RaftServer,group=group-2538E0E21334,id=8453f9b2-d485-4adb-8d6d-ab08f3e408ba
2019-08-23 10:07:43,256 [main] INFO  impl.RoleInfo (RoleInfo.java:shutdownLeaderState(104)) - 8453f9b2-d485-4adb-8d6d-ab08f3e408ba: shutdown LeaderState
2019-08-23 10:07:43,256 [main] INFO  impl.PendingRequests (PendingRequests.java:sendNotLeaderResponses(202)) - 8453f9b2-d485-4adb-8d6d-ab08f3e408ba-PendingRequests: sendNotLeaderResponses
2019-08-23 10:07:43,256 [main] INFO  impl.StateMachineUpdater (StateMachineUpdater.java:stopAndJoin(115)) - StateMachineUpdater:8453f9b2-d485-4adb-8d6d-ab08f3e408ba:group-2538E0E21334: set stopIndex = 0
2019-08-23 10:07:43,257 [main] INFO  impl.RaftServerImpl (ServerState.java:close(394)) - 8453f9b2-d485-4adb-8d6d-ab08f3e408ba:group-2538E0E21334 closes. The last applied log index is 0
2019-08-23 10:07:43,257 [8453f9b2-d485-4adb-8d6d-ab08f3e408ba-SegmentedRaftLogWorker:Storage Directory /workdir/hadoop-ozone/integration-test/target/test-dir/MiniOzoneClusterImpl-b7a8e372-3268-47e4-95e4-1baa8ccb0650/datanode-6/data/ratis/1fb3750e-d5e3-4694-819a-2538e0e21334] INFO  segmented.SegmentedRaftLogWorker (SegmentedRaftLogWorker.java:run(313)) - 8453f9b2-d485-4adb-8d6d-ab08f3e408ba-SegmentedRaftLogWorker:Storage Directory /workdir/hadoop-ozone/integration-test/target/test-dir/MiniOzoneClusterImpl-b7a8e372-3268-47e4-95e4-1baa8ccb0650/datanode-6/data/ratis/1fb3750e-d5e3-4694-819a-2538e0e21334 was interrupted, exiting. There are 0 tasks remaining in the queue.
2019-08-23 10:07:43,258 [main] INFO  segmented.SegmentedRaftLogWorker (SegmentedRaftLogWorker.java:close(228)) - 8453f9b2-d485-4adb-8d6d-ab08f3e408ba-SegmentedRaftLogWorker:Storage Directory /workdir/hadoop-ozone/integration-test/target/test-dir/MiniOzoneClusterImpl-b7a8e372-3268-47e4-95e4-1baa8ccb0650/datanode-6/data/ratis/1fb3750e-d5e3-4694-819a-2538e0e21334 close()
2019-08-23 10:07:43,260 [ForkJoinPool.commonPool-worker-0] INFO  ozoneimpl.OzoneContainer (OzoneContainer.java:stop(199)) - Attempting to stop container services.
2019-08-23 10:07:43,260 [main] INFO  server.GrpcService (GrpcService.java:closeImpl(155)) - 8453f9b2-d485-4adb-8d6d-ab08f3e408ba: shutdown server with port 42281 now
2019-08-23 10:07:43,260 [ForkJoinPool.commonPool-worker-0] INFO  impl.RaftServerProxy (RaftServerProxy.java:lambda$close$4(314)) - 80f273f3-706b-492f-9f47-fe3dda8bc170: close
2019-08-23 10:07:43,262 [ForkJoinPool.commonPool-worker-0] INFO  impl.RaftServerImpl (RaftServerImpl.java:lambda$shutdown$3(245)) - 80f273f3-706b-492f-9f47-fe3dda8bc170: shutdown group-3ABD68C0DBE7
2019-08-23 10:07:43,262 [main] INFO  server.GrpcService (GrpcService.java:closeImpl(163)) - 8453f9b2-d485-4adb-8d6d-ab08f3e408ba: shutdown server with port 42281 successfully
2019-08-23 10:07:43,262 [ForkJoinPool.commonPool-worker-0] INFO  util.JmxRegister (JmxRegister.java:unregister(73)) - Successfully un-registered JMX Bean with object name Ratis:service=RaftServer,group=group-3ABD68C0DBE7,id=80f273f3-706b-492f-9f47-fe3dda8bc170
2019-08-23 10:07:43,263 [ForkJoinPool.commonPool-worker-0] INFO  impl.RoleInfo (RoleInfo.java:shutdownLeaderState(104)) - 80f273f3-706b-492f-9f47-fe3dda8bc170: shutdown LeaderState
2019-08-23 10:07:43,263 [ForkJoinPool.commonPool-worker-0] INFO  impl.PendingRequests (PendingRequests.java:sendNotLeaderResponses(202)) - 80f273f3-706b-492f-9f47-fe3dda8bc170-PendingRequests: sendNotLeaderResponses
2019-08-23 10:07:43,264 [ForkJoinPool.commonPool-worker-0] INFO  impl.StateMachineUpdater (StateMachineUpdater.java:stopAndJoin(115)) - StateMachineUpdater:80f273f3-706b-492f-9f47-fe3dda8bc170:group-3ABD68C0DBE7: set stopIndex = 0
2019-08-23 10:07:43,264 [main] INFO  utils.BackgroundService (BackgroundService.java:shutdown(148)) - Shutting down service BlockDeletingService
2019-08-23 10:07:43,265 [ForkJoinPool.commonPool-worker-0] INFO  impl.RaftServerImpl (ServerState.java:close(394)) - 80f273f3-706b-492f-9f47-fe3dda8bc170:group-3ABD68C0DBE7 closes. The last applied log index is 0
2019-08-23 10:07:43,266 [80f273f3-706b-492f-9f47-fe3dda8bc170-SegmentedRaftLogWorker:Storage Directory /workdir/hadoop-ozone/integration-test/target/test-dir/MiniOzoneClusterImpl-b7a8e372-3268-47e4-95e4-1baa8ccb0650/datanode-5/data/ratis/3782260a-7759-40f8-9a52-3abd68c0dbe7] INFO  segmented.SegmentedRaftLogWorker (SegmentedRaftLogWorker.java:run(313)) - 80f273f3-706b-492f-9f47-fe3dda8bc170-SegmentedRaftLogWorker:Storage Directory /workdir/hadoop-ozone/integration-test/target/test-dir/MiniOzoneClusterImpl-b7a8e372-3268-47e4-95e4-1baa8ccb0650/datanode-5/data/ratis/3782260a-7759-40f8-9a52-3abd68c0dbe7 was interrupted, exiting. There are 0 tasks remaining in the queue.
2019-08-23 10:07:43,269 [ForkJoinPool.commonPool-worker-0] INFO  segmented.SegmentedRaftLogWorker (SegmentedRaftLogWorker.java:close(228)) - 80f273f3-706b-492f-9f47-fe3dda8bc170-SegmentedRaftLogWorker:Storage Directory /workdir/hadoop-ozone/integration-test/target/test-dir/MiniOzoneClusterImpl-b7a8e372-3268-47e4-95e4-1baa8ccb0650/datanode-5/data/ratis/3782260a-7759-40f8-9a52-3abd68c0dbe7 close()
2019-08-23 10:07:43,270 [refreshUsed-/workdir/hadoop-ozone/integration-test/target/test-dir/MiniOzoneClusterImpl-b7a8e372-3268-47e4-95e4-1baa8ccb0650/datanode-6/data/containers] WARN  fs.CachingGetSpaceUsed (CachingGetSpaceUsed.java:run(183)) - Thread Interrupted waiting to refresh disk information: sleep interrupted
2019-08-23 10:07:43,271 [ForkJoinPool.commonPool-worker-0] INFO  impl.RaftServerImpl (RaftServerImpl.java:lambda$shutdown$3(245)) - 80f273f3-706b-492f-9f47-fe3dda8bc170: shutdown group-9FC0456768B7
2019-08-23 10:07:43,271 [ForkJoinPool.commonPool-worker-0] INFO  util.JmxRegister (JmxRegister.java:unregister(73)) - Successfully un-registered JMX Bean with object name Ratis:service=RaftServer,group=group-9FC0456768B7,id=80f273f3-706b-492f-9f47-fe3dda8bc170
2019-08-23 10:07:43,271 [ForkJoinPool.commonPool-worker-0] INFO  impl.RoleInfo (RoleInfo.java:shutdownFollowerState(121)) - 80f273f3-706b-492f-9f47-fe3dda8bc170: shutdown FollowerState
2019-08-23 10:07:43,272 [ForkJoinPool.commonPool-worker-0] INFO  impl.StateMachineUpdater (StateMachineUpdater.java:stopAndJoin(115)) - StateMachineUpdater:80f273f3-706b-492f-9f47-fe3dda8bc170:group-9FC0456768B7: set stopIndex = 14
2019-08-23 10:07:43,272 [Thread-3335] INFO  impl.FollowerState (FollowerState.java:run(114)) - 80f273f3-706b-492f-9f47-fe3dda8bc170: FollowerState was interrupted: java.lang.InterruptedException: sleep interrupted
2019-08-23 10:07:43,272 [StateMachineUpdater:80f273f3-706b-492f-9f47-fe3dda8bc170:group-9FC0456768B7] INFO  ratis.ContainerStateMachine (ContainerStateMachine.java:takeSnapshot(283)) - group-9FC0456768B7: Taking a snapshot at:(t:1, i:12) file /workdir/hadoop-ozone/integration-test/target/test-dir/MiniOzoneClusterImpl-b7a8e372-3268-47e4-95e4-1baa8ccb0650/datanode-5/data/ratis/1a23999a-518f-4643-b138-9fc0456768b7/sm/snapshot.1_12
2019-08-23 10:07:43,286 [main] INFO  statemachine.DatanodeStateMachine (DatanodeStateMachine.java:stopDaemon(395)) - Ozone container server stopped.
2019-08-23 10:07:43,287 [main] INFO  handler.ContextHandler (ContextHandler.java:doStop(910)) - Stopped o.e.j.w.WebAppContext@78ba0a57{/,null,UNAVAILABLE}{/hddsDatanode}
2019-08-23 10:07:43,289 [main] INFO  server.AbstractConnector (AbstractConnector.java:doStop(318)) - Stopped ServerConnector@33ea437a{HTTP/1.1,[http/1.1]}{0.0.0.0:0}
2019-08-23 10:07:43,289 [main] INFO  handler.ContextHandler (ContextHandler.java:doStop(910)) - Stopped o.e.j.s.ServletContextHandler@6b438782{/static,jar:file:/home/user/.m2/repository/org/apache/hadoop/hadoop-hdds-container-service/0.5.0-SNAPSHOT/hadoop-hdds-container-service-0.5.0-SNAPSHOT.jar!/webapps/static,UNAVAILABLE}
2019-08-23 10:07:43,289 [main] INFO  handler.ContextHandler (ContextHandler.java:doStop(910)) - Stopped o.e.j.s.ServletContextHandler@6da53709{/logs,file:///workdir/hadoop-ozone/integration-test/target/log,UNAVAILABLE}
2019-08-23 10:07:43,298 [StateMachineUpdater:80f273f3-706b-492f-9f47-fe3dda8bc170:group-9FC0456768B7] INFO  ratis.ContainerStateMachine (ContainerStateMachine.java:takeSnapshot(294)) - group-9FC0456768B7: Finished taking a snapshot at:(t:1, i:12) file:/workdir/hadoop-ozone/integration-test/target/test-dir/MiniOzoneClusterImpl-b7a8e372-3268-47e4-95e4-1baa8ccb0650/datanode-5/data/ratis/1a23999a-518f-4643-b138-9fc0456768b7/sm/snapshot.1_12 time:26
2019-08-23 10:07:43,298 [StateMachineUpdater:80f273f3-706b-492f-9f47-fe3dda8bc170:group-9FC0456768B7] INFO  impl.StateMachineUpdater (StateMachineUpdater.java:takeSnapshot(242)) - StateMachineUpdater:80f273f3-706b-492f-9f47-fe3dda8bc170:group-9FC0456768B7: Took a snapshot at index 12
2019-08-23 10:07:43,298 [StateMachineUpdater:80f273f3-706b-492f-9f47-fe3dda8bc170:group-9FC0456768B7] INFO  impl.StateMachineUpdater (StateMachineUpdater.java:lambda$new$0(80)) - StateMachineUpdater:80f273f3-706b-492f-9f47-fe3dda8bc170:group-9FC0456768B7: snapshotIndex: updateIncreasingly -1 -> 12
2019-08-23 10:07:43,299 [ForkJoinPool.commonPool-worker-0] INFO  impl.RaftServerImpl (ServerState.java:close(394)) - 80f273f3-706b-492f-9f47-fe3dda8bc170:group-9FC0456768B7 closes. The last applied log index is 14
2019-08-23 10:07:43,299 [80f273f3-706b-492f-9f47-fe3dda8bc170-SegmentedRaftLogWorker:Storage Directory /workdir/hadoop-ozone/integration-test/target/test-dir/MiniOzoneClusterImpl-b7a8e372-3268-47e4-95e4-1baa8ccb0650/datanode-5/data/ratis/1a23999a-518f-4643-b138-9fc0456768b7] INFO  segmented.SegmentedRaftLogWorker (SegmentedRaftLogWorker.java:run(313)) - 80f273f3-706b-492f-9f47-fe3dda8bc170-SegmentedRaftLogWorker:Storage Directory /workdir/hadoop-ozone/integration-test/target/test-dir/MiniOzoneClusterImpl-b7a8e372-3268-47e4-95e4-1baa8ccb0650/datanode-5/data/ratis/1a23999a-518f-4643-b138-9fc0456768b7 was interrupted, exiting. There are 0 tasks remaining in the queue.
2019-08-23 10:07:43,300 [ForkJoinPool.commonPool-worker-0] INFO  segmented.SegmentedRaftLogWorker (SegmentedRaftLogWorker.java:close(228)) - 80f273f3-706b-492f-9f47-fe3dda8bc170-SegmentedRaftLogWorker:Storage Directory /workdir/hadoop-ozone/integration-test/target/test-dir/MiniOzoneClusterImpl-b7a8e372-3268-47e4-95e4-1baa8ccb0650/datanode-5/data/ratis/1a23999a-518f-4643-b138-9fc0456768b7 close()
2019-08-23 10:07:43,301 [ForkJoinPool.commonPool-worker-0] INFO  server.GrpcService (GrpcService.java:closeImpl(155)) - 80f273f3-706b-492f-9f47-fe3dda8bc170: shutdown server with port 45231 now
2019-08-23 10:07:43,302 [ForkJoinPool.commonPool-worker-0] INFO  server.GrpcService (GrpcService.java:closeImpl(163)) - 80f273f3-706b-492f-9f47-fe3dda8bc170: shutdown server with port 45231 successfully
2019-08-23 10:07:43,303 [ForkJoinPool.commonPool-worker-0] INFO  utils.BackgroundService (BackgroundService.java:shutdown(148)) - Shutting down service BlockDeletingService
2019-08-23 10:07:43,306 [refreshUsed-/workdir/hadoop-ozone/integration-test/target/test-dir/MiniOzoneClusterImpl-b7a8e372-3268-47e4-95e4-1baa8ccb0650/datanode-5/data/containers] WARN  fs.CachingGetSpaceUsed (CachingGetSpaceUsed.java:run(183)) - Thread Interrupted waiting to refresh disk information: sleep interrupted
2019-08-23 10:07:43,325 [ForkJoinPool.commonPool-worker-0] INFO  statemachine.DatanodeStateMachine (DatanodeStateMachine.java:stopDaemon(395)) - Ozone container server stopped.
2019-08-23 10:07:43,329 [ForkJoinPool.commonPool-worker-0] INFO  handler.ContextHandler (ContextHandler.java:doStop(910)) - Stopped o.e.j.w.WebAppContext@13c79e0d{/,null,UNAVAILABLE}{/hddsDatanode}
2019-08-23 10:07:43,329 [ForkJoinPool.commonPool-worker-0] INFO  server.AbstractConnector (AbstractConnector.java:doStop(318)) - Stopped ServerConnector@648639f1{HTTP/1.1,[http/1.1]}{0.0.0.0:0}
2019-08-23 10:07:43,331 [ForkJoinPool.commonPool-worker-0] INFO  handler.ContextHandler (ContextHandler.java:doStop(910)) - Stopped o.e.j.s.ServletContextHandler@70ca533a{/static,jar:file:/home/user/.m2/repository/org/apache/hadoop/hadoop-hdds-container-service/0.5.0-SNAPSHOT/hadoop-hdds-container-service-0.5.0-SNAPSHOT.jar!/webapps/static,UNAVAILABLE}
2019-08-23 10:07:43,332 [ForkJoinPool.commonPool-worker-0] INFO  handler.ContextHandler (ContextHandler.java:doStop(910)) - Stopped o.e.j.s.ServletContextHandler@1e82b631{/logs,file:///workdir/hadoop-ozone/integration-test/target/log,UNAVAILABLE}
2019-08-23 10:07:43,333 [main] INFO  ozone.MiniOzoneClusterImpl (MiniOzoneClusterImpl.java:stop(353)) - Stopping the StorageContainerManager
2019-08-23 10:07:43,333 [main] INFO  server.StorageContainerManager (StorageContainerManager.java:stop(797)) - Stopping Replication Manager Service.
2019-08-23 10:07:43,333 [main] INFO  container.ReplicationManager (ReplicationManager.java:stop(193)) - Stopping Replication Monitor Thread.
2019-08-23 10:07:43,333 [main] INFO  server.StorageContainerManager (StorageContainerManager.java:stop(804)) - Stopping Lease Manager of the command watchers
2019-08-23 10:07:43,333 [main] INFO  server.StorageContainerManager (StorageContainerManager.java:stop(811)) - Stopping datanode service RPC server
2019-08-23 10:07:43,334 [main] INFO  server.SCMDatanodeProtocolServer (SCMDatanodeProtocolServer.java:stop(367)) - Stopping the RPC server for DataNodes
2019-08-23 10:07:43,334 [main] INFO  ipc.Server (Server.java:stop(3082)) - Stopping server on 37080
2019-08-23 10:07:43,336 [IPC Server listener on 37080] INFO  ipc.Server (Server.java:run(1185)) - Stopping IPC Server listener on 37080
2019-08-23 10:07:43,336 [IPC Server Responder] INFO  ipc.Server (Server.java:run(1319)) - Stopping IPC Server Responder
2019-08-23 10:07:43,392 [SCM Heartbeat Processing Thread - 0] WARN  node.NodeStateManager (NodeStateManager.java:scheduleNextHealthCheck(646)) - Current Thread is interrupted, shutting down HB processing thread for Node Manager.
2019-08-23 10:07:43,392 [main] INFO  server.StorageContainerManager (StorageContainerManager.java:stop(819)) - Stopping block service RPC server
2019-08-23 10:07:43,393 [main] INFO  server.SCMBlockProtocolServer (SCMBlockProtocolServer.java:stop(148)) - Stopping the RPC server for Block Protocol
2019-08-23 10:07:43,393 [main] INFO  ipc.Server (Server.java:stop(3082)) - Stopping server on 41728
2019-08-23 10:07:43,396 [main] INFO  server.StorageContainerManager (StorageContainerManager.java:stop(826)) - Stopping the StorageContainerLocationProtocol RPC server
2019-08-23 10:07:43,396 [main] INFO  server.SCMClientProtocolServer (SCMClientProtocolServer.java:stop(159)) - Stopping the RPC server for Client Protocol
2019-08-23 10:07:43,396 [IPC Server listener on 41728] INFO  ipc.Server (Server.java:run(1185)) - Stopping IPC Server listener on 41728
2019-08-23 10:07:43,396 [IPC Server Responder] INFO  ipc.Server (Server.java:run(1319)) - Stopping IPC Server Responder
2019-08-23 10:07:43,397 [main] INFO  ipc.Server (Server.java:stop(3082)) - Stopping server on 42392
2019-08-23 10:07:43,401 [IPC Server listener on 42392] INFO  ipc.Server (Server.java:run(1185)) - Stopping IPC Server listener on 42392
2019-08-23 10:07:43,401 [main] INFO  server.StorageContainerManager (StorageContainerManager.java:stop(833)) - Stopping Storage Container Manager HTTP server.
2019-08-23 10:07:43,401 [IPC Server Responder] INFO  ipc.Server (Server.java:run(1319)) - Stopping IPC Server Responder
2019-08-23 10:07:43,403 [main] INFO  handler.ContextHandler (ContextHandler.java:doStop(910)) - Stopped o.e.j.w.WebAppContext@484b187c{/,null,UNAVAILABLE}{/scm}
2019-08-23 10:07:43,403 [main] INFO  server.AbstractConnector (AbstractConnector.java:doStop(318)) - Stopped ServerConnector@1226ba98{HTTP/1.1,[http/1.1]}{0.0.0.0:0}
2019-08-23 10:07:43,404 [main] INFO  handler.ContextHandler (ContextHandler.java:doStop(910)) - Stopped o.e.j.s.ServletContextHandler@43945480{/static,file:///workdir/hadoop-ozone/integration-test/target/test-classes/webapps/static,UNAVAILABLE}
2019-08-23 10:07:43,404 [main] INFO  handler.ContextHandler (ContextHandler.java:doStop(910)) - Stopped o.e.j.s.ServletContextHandler@555b3ec9{/logs,file:///workdir/hadoop-ozone/integration-test/target/log,UNAVAILABLE}
2019-08-23 10:07:43,407 [main] INFO  server.StorageContainerManager (StorageContainerManager.java:stop(844)) - Stopping Block Manager Service.
2019-08-23 10:07:43,408 [main] INFO  utils.BackgroundService (BackgroundService.java:shutdown(148)) - Shutting down service SCMBlockDeletingService
2019-08-23 10:07:43,408 [main] INFO  utils.BackgroundService (BackgroundService.java:shutdown(148)) - Shutting down service SCMBlockDeletingService
2019-08-23 10:07:43,409 [main] INFO  server.StorageContainerManager (StorageContainerManager.java:stop(866)) - Stopping SCM Event Queue.
2019-08-23 10:07:43,416 [main] INFO  impl.MetricsSystemImpl (MetricsSystemImpl.java:stop(210)) - Stopping HddsDatanode metrics system...
2019-08-23 10:07:43,430 [main] INFO  impl.MetricsSystemImpl (MetricsSystemImpl.java:stop(216)) - HddsDatanode metrics system stopped.
]]></system-out>
    <system-err><![CDATA[Aug 23, 2019 10:07:02 AM com.sun.jersey.server.impl.application.WebApplicationImpl _initiate
INFO: Initiating Jersey application, version 'Jersey: 1.19 02/11/2015 03:25 AM'
Aug 23, 2019 10:07:02 AM com.sun.jersey.server.impl.application.WebApplicationImpl _initiate
INFO: Initiating Jersey application, version 'Jersey: 1.19 02/11/2015 03:25 AM'
Aug 23, 2019 10:07:02 AM com.sun.jersey.server.impl.application.WebApplicationImpl _initiate
INFO: Initiating Jersey application, version 'Jersey: 1.19 02/11/2015 03:25 AM'
Aug 23, 2019 10:07:03 AM com.sun.jersey.server.impl.application.WebApplicationImpl _initiate
INFO: Initiating Jersey application, version 'Jersey: 1.19 02/11/2015 03:25 AM'
Aug 23, 2019 10:07:03 AM com.sun.jersey.server.impl.application.WebApplicationImpl _initiate
INFO: Initiating Jersey application, version 'Jersey: 1.19 02/11/2015 03:25 AM'
Aug 23, 2019 10:07:03 AM com.sun.jersey.server.impl.application.WebApplicationImpl _initiate
INFO: Initiating Jersey application, version 'Jersey: 1.19 02/11/2015 03:25 AM'
Aug 23, 2019 10:07:03 AM com.sun.jersey.server.impl.application.WebApplicationImpl _initiate
INFO: Initiating Jersey application, version 'Jersey: 1.19 02/11/2015 03:25 AM'
Aug 23, 2019 10:07:06 AM org.apache.ratis.thirdparty.io.grpc.internal.ManagedChannelOrphanWrapper$ManagedChannelReference cleanQueue
SEVERE: *~*~*~ Channel ManagedChannelImpl{logId=2643, target=192.168.5.185:35952} was not shutdown properly!!! ~*~*~*
    Make sure to call shutdown()/shutdownNow() and wait until awaitTermination() returns true.
java.lang.RuntimeException: ManagedChannel allocation site
	at org.apache.ratis.thirdparty.io.grpc.internal.ManagedChannelOrphanWrapper$ManagedChannelReference.<init>(ManagedChannelOrphanWrapper.java:103)
	at org.apache.ratis.thirdparty.io.grpc.internal.ManagedChannelOrphanWrapper.<init>(ManagedChannelOrphanWrapper.java:53)
	at org.apache.ratis.thirdparty.io.grpc.internal.ManagedChannelOrphanWrapper.<init>(ManagedChannelOrphanWrapper.java:44)
	at org.apache.ratis.thirdparty.io.grpc.internal.AbstractManagedChannelImplBuilder.build(AbstractManagedChannelImplBuilder.java:411)
	at org.apache.hadoop.hdds.scm.XceiverClientGrpc.connectToDatanode(XceiverClientGrpc.java:174)
	at org.apache.hadoop.hdds.scm.XceiverClientGrpc.reconnect(XceiverClientGrpc.java:422)
	at org.apache.hadoop.hdds.scm.XceiverClientGrpc.sendCommandAsync(XceiverClientGrpc.java:371)
	at org.apache.hadoop.hdds.scm.XceiverClientGrpc.sendCommandWithRetry(XceiverClientGrpc.java:284)
	at org.apache.hadoop.hdds.scm.XceiverClientGrpc.sendCommandWithTraceIDAndRetry(XceiverClientGrpc.java:250)
	at org.apache.hadoop.hdds.scm.XceiverClientGrpc.sendCommand(XceiverClientGrpc.java:233)
	at org.apache.hadoop.hdds.scm.storage.ContainerProtocolCalls.getBlock(ContainerProtocolCalls.java:118)
	at org.apache.hadoop.hdds.scm.storage.BlockInputStream.getChunkInfos(BlockInputStream.java:167)
	at org.apache.hadoop.hdds.scm.storage.BlockInputStream.initialize(BlockInputStream.java:118)
	at org.apache.hadoop.hdds.scm.storage.BlockInputStream.read(BlockInputStream.java:222)
	at org.apache.hadoop.ozone.client.io.KeyInputStream.read(KeyInputStream.java:171)
	at org.apache.hadoop.ozone.client.io.OzoneInputStream.read(OzoneInputStream.java:47)
	at java.io.InputStream.read(InputStream.java:101)
	at org.apache.hadoop.ozone.container.ContainerTestHelper.validateData(ContainerTestHelper.java:713)
	at org.apache.hadoop.ozone.client.rpc.TestBlockOutputStreamWithFailures.validateData(TestBlockOutputStreamWithFailures.java:1216)
	at org.apache.hadoop.ozone.client.rpc.TestBlockOutputStreamWithFailures.testWatchForCommitWithSingleNodeRatis(TestBlockOutputStreamWithFailures.java:918)
	at sun.reflect.NativeMethodAccessorImpl.invoke0(Native Method)
	at sun.reflect.NativeMethodAccessorImpl.invoke(NativeMethodAccessorImpl.java:62)
	at sun.reflect.DelegatingMethodAccessorImpl.invoke(DelegatingMethodAccessorImpl.java:43)
	at java.lang.reflect.Method.invoke(Method.java:498)
	at org.junit.runners.model.FrameworkMethod$1.runReflectiveCall(FrameworkMethod.java:47)
	at org.junit.internal.runners.model.ReflectiveCallable.run(ReflectiveCallable.java:12)
	at org.junit.runners.model.FrameworkMethod.invokeExplosively(FrameworkMethod.java:44)
	at org.junit.internal.runners.statements.InvokeMethod.evaluate(InvokeMethod.java:17)
	at org.junit.internal.runners.statements.RunBefores.evaluate(RunBefores.java:26)
	at org.junit.internal.runners.statements.RunAfters.evaluate(RunAfters.java:27)
	at org.junit.runners.ParentRunner.runLeaf(ParentRunner.java:271)
	at org.junit.runners.BlockJUnit4ClassRunner.runChild(BlockJUnit4ClassRunner.java:70)
	at org.junit.runners.BlockJUnit4ClassRunner.runChild(BlockJUnit4ClassRunner.java:50)
	at org.junit.runners.ParentRunner$3.run(ParentRunner.java:238)
	at org.junit.runners.ParentRunner$1.schedule(ParentRunner.java:63)
	at org.junit.runners.ParentRunner.runChildren(ParentRunner.java:236)
	at org.junit.runners.ParentRunner.access$000(ParentRunner.java:53)
	at org.junit.runners.ParentRunner$2.evaluate(ParentRunner.java:229)
	at org.junit.runners.ParentRunner.run(ParentRunner.java:309)
	at org.apache.maven.surefire.junit4.JUnit4Provider.execute(JUnit4Provider.java:365)
	at org.apache.maven.surefire.junit4.JUnit4Provider.executeWithRerun(JUnit4Provider.java:273)
	at org.apache.maven.surefire.junit4.JUnit4Provider.executeTestSet(JUnit4Provider.java:238)
	at org.apache.maven.surefire.junit4.JUnit4Provider.invoke(JUnit4Provider.java:159)
	at org.apache.maven.surefire.booter.ForkedBooter.invokeProviderInSameClassLoader(ForkedBooter.java:384)
	at org.apache.maven.surefire.booter.ForkedBooter.runSuitesInProcess(ForkedBooter.java:345)
	at org.apache.maven.surefire.booter.ForkedBooter.execute(ForkedBooter.java:126)
	at org.apache.maven.surefire.booter.ForkedBooter.main(ForkedBooter.java:418)

Aug 23, 2019 10:07:06 AM org.apache.ratis.thirdparty.io.grpc.internal.ManagedChannelOrphanWrapper$ManagedChannelReference cleanQueue
SEVERE: *~*~*~ Channel ManagedChannelImpl{logId=2633, target=192.168.5.185:41824} was not shutdown properly!!! ~*~*~*
    Make sure to call shutdown()/shutdownNow() and wait until awaitTermination() returns true.
java.lang.RuntimeException: ManagedChannel allocation site
	at org.apache.ratis.thirdparty.io.grpc.internal.ManagedChannelOrphanWrapper$ManagedChannelReference.<init>(ManagedChannelOrphanWrapper.java:103)
	at org.apache.ratis.thirdparty.io.grpc.internal.ManagedChannelOrphanWrapper.<init>(ManagedChannelOrphanWrapper.java:53)
	at org.apache.ratis.thirdparty.io.grpc.internal.ManagedChannelOrphanWrapper.<init>(ManagedChannelOrphanWrapper.java:44)
	at org.apache.ratis.thirdparty.io.grpc.internal.AbstractManagedChannelImplBuilder.build(AbstractManagedChannelImplBuilder.java:411)
	at org.apache.ratis.grpc.client.GrpcClientProtocolClient.<init>(GrpcClientProtocolClient.java:119)
	at org.apache.ratis.grpc.client.GrpcClientRpc.lambda$new$0(GrpcClientRpc.java:55)
	at org.apache.ratis.util.PeerProxyMap$PeerAndProxy.lambda$getProxy$0(PeerProxyMap.java:61)
	at org.apache.ratis.util.LifeCycle.startAndTransition(LifeCycle.java:202)
	at org.apache.ratis.util.PeerProxyMap$PeerAndProxy.getProxy(PeerProxyMap.java:60)
	at org.apache.ratis.util.PeerProxyMap.getProxy(PeerProxyMap.java:107)
	at org.apache.ratis.grpc.client.GrpcClientRpc.sendRequestAsync(GrpcClientRpc.java:66)
	at org.apache.ratis.client.impl.OrderedAsync.sendRequest(OrderedAsync.java:208)
	at org.apache.ratis.client.impl.OrderedAsync.sendRequestWithRetry(OrderedAsync.java:169)
	at org.apache.ratis.util.SlidingWindow$Client.sendOrDelayRequest(SlidingWindow.java:278)
	at org.apache.ratis.util.SlidingWindow$Client.retry(SlidingWindow.java:294)
	at org.apache.ratis.client.impl.OrderedAsync.lambda$scheduleWithTimeout$7(OrderedAsync.java:195)
	at org.apache.ratis.util.TimeoutScheduler.lambda$onTimeout$0(TimeoutScheduler.java:85)
	at org.apache.ratis.util.TimeoutScheduler.lambda$onTimeout$1(TimeoutScheduler.java:104)
	at org.apache.ratis.util.LogUtils.runAndLog(LogUtils.java:50)
	at org.apache.ratis.util.LogUtils$1.run(LogUtils.java:91)
	at java.util.concurrent.Executors$RunnableAdapter.call(Executors.java:511)
	at java.util.concurrent.FutureTask.run(FutureTask.java:266)
	at java.util.concurrent.ScheduledThreadPoolExecutor$ScheduledFutureTask.access$201(ScheduledThreadPoolExecutor.java:180)
	at java.util.concurrent.ScheduledThreadPoolExecutor$ScheduledFutureTask.run(ScheduledThreadPoolExecutor.java:293)
	at java.util.concurrent.ThreadPoolExecutor.runWorker(ThreadPoolExecutor.java:1149)
	at java.util.concurrent.ThreadPoolExecutor$Worker.run(ThreadPoolExecutor.java:624)
	at java.lang.Thread.run(Thread.java:748)

Aug 23, 2019 10:07:06 AM org.apache.ratis.thirdparty.io.grpc.internal.ManagedChannelOrphanWrapper$ManagedChannelReference cleanQueue
SEVERE: *~*~*~ Channel ManagedChannelImpl{logId=2638, target=192.168.5.185:35952} was not shutdown properly!!! ~*~*~*
    Make sure to call shutdown()/shutdownNow() and wait until awaitTermination() returns true.
java.lang.RuntimeException: ManagedChannel allocation site
	at org.apache.ratis.thirdparty.io.grpc.internal.ManagedChannelOrphanWrapper$ManagedChannelReference.<init>(ManagedChannelOrphanWrapper.java:103)
	at org.apache.ratis.thirdparty.io.grpc.internal.ManagedChannelOrphanWrapper.<init>(ManagedChannelOrphanWrapper.java:53)
	at org.apache.ratis.thirdparty.io.grpc.internal.ManagedChannelOrphanWrapper.<init>(ManagedChannelOrphanWrapper.java:44)
	at org.apache.ratis.thirdparty.io.grpc.internal.AbstractManagedChannelImplBuilder.build(AbstractManagedChannelImplBuilder.java:411)
	at org.apache.hadoop.hdds.scm.XceiverClientGrpc.connectToDatanode(XceiverClientGrpc.java:174)
	at org.apache.hadoop.hdds.scm.XceiverClientGrpc.reconnect(XceiverClientGrpc.java:422)
	at org.apache.hadoop.hdds.scm.XceiverClientGrpc.sendCommandAsync(XceiverClientGrpc.java:371)
	at org.apache.hadoop.hdds.scm.XceiverClientGrpc.sendCommandWithRetry(XceiverClientGrpc.java:284)
	at org.apache.hadoop.hdds.scm.XceiverClientGrpc.sendCommandWithTraceIDAndRetry(XceiverClientGrpc.java:250)
	at org.apache.hadoop.hdds.scm.XceiverClientGrpc.sendCommand(XceiverClientGrpc.java:233)
	at org.apache.hadoop.hdds.scm.storage.ContainerProtocolCalls.getBlock(ContainerProtocolCalls.java:118)
	at org.apache.hadoop.hdds.scm.storage.BlockInputStream.getChunkInfos(BlockInputStream.java:167)
	at org.apache.hadoop.hdds.scm.storage.BlockInputStream.initialize(BlockInputStream.java:118)
	at org.apache.hadoop.hdds.scm.storage.BlockInputStream.read(BlockInputStream.java:222)
	at org.apache.hadoop.ozone.client.io.KeyInputStream.read(KeyInputStream.java:171)
	at org.apache.hadoop.ozone.client.io.OzoneInputStream.read(OzoneInputStream.java:47)
	at java.io.InputStream.read(InputStream.java:101)
	at org.apache.hadoop.ozone.container.ContainerTestHelper.validateData(ContainerTestHelper.java:713)
	at org.apache.hadoop.ozone.client.rpc.TestBlockOutputStreamWithFailures.validateData(TestBlockOutputStreamWithFailures.java:1216)
	at org.apache.hadoop.ozone.client.rpc.TestBlockOutputStreamWithFailures.testWatchForCommitWithSingleNodeRatis(TestBlockOutputStreamWithFailures.java:918)
	at sun.reflect.NativeMethodAccessorImpl.invoke0(Native Method)
	at sun.reflect.NativeMethodAccessorImpl.invoke(NativeMethodAccessorImpl.java:62)
	at sun.reflect.DelegatingMethodAccessorImpl.invoke(DelegatingMethodAccessorImpl.java:43)
	at java.lang.reflect.Method.invoke(Method.java:498)
	at org.junit.runners.model.FrameworkMethod$1.runReflectiveCall(FrameworkMethod.java:47)
	at org.junit.internal.runners.model.ReflectiveCallable.run(ReflectiveCallable.java:12)
	at org.junit.runners.model.FrameworkMethod.invokeExplosively(FrameworkMethod.java:44)
	at org.junit.internal.runners.statements.InvokeMethod.evaluate(InvokeMethod.java:17)
	at org.junit.internal.runners.statements.RunBefores.evaluate(RunBefores.java:26)
	at org.junit.internal.runners.statements.RunAfters.evaluate(RunAfters.java:27)
	at org.junit.runners.ParentRunner.runLeaf(ParentRunner.java:271)
	at org.junit.runners.BlockJUnit4ClassRunner.runChild(BlockJUnit4ClassRunner.java:70)
	at org.junit.runners.BlockJUnit4ClassRunner.runChild(BlockJUnit4ClassRunner.java:50)
	at org.junit.runners.ParentRunner$3.run(ParentRunner.java:238)
	at org.junit.runners.ParentRunner$1.schedule(ParentRunner.java:63)
	at org.junit.runners.ParentRunner.runChildren(ParentRunner.java:236)
	at org.junit.runners.ParentRunner.access$000(ParentRunner.java:53)
	at org.junit.runners.ParentRunner$2.evaluate(ParentRunner.java:229)
	at org.junit.runners.ParentRunner.run(ParentRunner.java:309)
	at org.apache.maven.surefire.junit4.JUnit4Provider.execute(JUnit4Provider.java:365)
	at org.apache.maven.surefire.junit4.JUnit4Provider.executeWithRerun(JUnit4Provider.java:273)
	at org.apache.maven.surefire.junit4.JUnit4Provider.executeTestSet(JUnit4Provider.java:238)
	at org.apache.maven.surefire.junit4.JUnit4Provider.invoke(JUnit4Provider.java:159)
	at org.apache.maven.surefire.booter.ForkedBooter.invokeProviderInSameClassLoader(ForkedBooter.java:384)
	at org.apache.maven.surefire.booter.ForkedBooter.runSuitesInProcess(ForkedBooter.java:345)
	at org.apache.maven.surefire.booter.ForkedBooter.execute(ForkedBooter.java:126)
	at org.apache.maven.surefire.booter.ForkedBooter.main(ForkedBooter.java:418)

]]></system-err>
  </testcase>
  <testcase name="testFailureWithPrimeSizedData" classname="org.apache.hadoop.ozone.client.rpc.TestBlockOutputStreamWithFailures" time="35.538"/>
  <testcase name="testWatchForCommitWithCloseContainerException" classname="org.apache.hadoop.ozone.client.rpc.TestBlockOutputStreamWithFailures" time="35.173">
    <failure message="expected:&lt;73&gt; but was:&lt;74&gt;" type="java.lang.AssertionError"><![CDATA[java.lang.AssertionError: expected:<73> but was:<74>
	at org.junit.Assert.fail(Assert.java:88)
	at org.junit.Assert.failNotEquals(Assert.java:743)
	at org.junit.Assert.assertEquals(Assert.java:118)
	at org.junit.Assert.assertEquals(Assert.java:555)
	at org.junit.Assert.assertEquals(Assert.java:542)
	at org.apache.hadoop.ozone.client.rpc.TestBlockOutputStreamWithFailures.testWatchForCommitWithCloseContainerException(TestBlockOutputStreamWithFailures.java:196)
	at sun.reflect.NativeMethodAccessorImpl.invoke0(Native Method)
	at sun.reflect.NativeMethodAccessorImpl.invoke(NativeMethodAccessorImpl.java:62)
	at sun.reflect.DelegatingMethodAccessorImpl.invoke(DelegatingMethodAccessorImpl.java:43)
	at java.lang.reflect.Method.invoke(Method.java:498)
	at org.junit.runners.model.FrameworkMethod$1.runReflectiveCall(FrameworkMethod.java:47)
	at org.junit.internal.runners.model.ReflectiveCallable.run(ReflectiveCallable.java:12)
	at org.junit.runners.model.FrameworkMethod.invokeExplosively(FrameworkMethod.java:44)
	at org.junit.internal.runners.statements.InvokeMethod.evaluate(InvokeMethod.java:17)
	at org.junit.internal.runners.statements.RunBefores.evaluate(RunBefores.java:26)
	at org.junit.internal.runners.statements.RunAfters.evaluate(RunAfters.java:27)
	at org.junit.runners.ParentRunner.runLeaf(ParentRunner.java:271)
	at org.junit.runners.BlockJUnit4ClassRunner.runChild(BlockJUnit4ClassRunner.java:70)
	at org.junit.runners.BlockJUnit4ClassRunner.runChild(BlockJUnit4ClassRunner.java:50)
	at org.junit.runners.ParentRunner$3.run(ParentRunner.java:238)
	at org.junit.runners.ParentRunner$1.schedule(ParentRunner.java:63)
	at org.junit.runners.ParentRunner.runChildren(ParentRunner.java:236)
	at org.junit.runners.ParentRunner.access$000(ParentRunner.java:53)
	at org.junit.runners.ParentRunner$2.evaluate(ParentRunner.java:229)
	at org.junit.runners.ParentRunner.run(ParentRunner.java:309)
	at org.apache.maven.surefire.junit4.JUnit4Provider.execute(JUnit4Provider.java:365)
	at org.apache.maven.surefire.junit4.JUnit4Provider.executeWithRerun(JUnit4Provider.java:273)
	at org.apache.maven.surefire.junit4.JUnit4Provider.executeTestSet(JUnit4Provider.java:238)
	at org.apache.maven.surefire.junit4.JUnit4Provider.invoke(JUnit4Provider.java:159)
	at org.apache.maven.surefire.booter.ForkedBooter.invokeProviderInSameClassLoader(ForkedBooter.java:384)
	at org.apache.maven.surefire.booter.ForkedBooter.runSuitesInProcess(ForkedBooter.java:345)
	at org.apache.maven.surefire.booter.ForkedBooter.execute(ForkedBooter.java:126)
	at org.apache.maven.surefire.booter.ForkedBooter.main(ForkedBooter.java:418)
]]></failure>
    <system-out><![CDATA[2019-08-23 10:08:19,080 [main] WARN  server.ServerUtils (ServerUtils.java:getScmDbDir(145)) - ozone.scm.db.dirs is not configured. We recommend adding this setting. Falling back to ozone.metadata.dirs instead.
2019-08-23 10:08:19,106 [main] WARN  server.ServerUtils (ServerUtils.java:getScmDbDir(145)) - ozone.scm.db.dirs is not configured. We recommend adding this setting. Falling back to ozone.metadata.dirs instead.
2019-08-23 10:08:19,107 [main] WARN  server.ServerUtils (ServerUtils.java:getScmDbDir(145)) - ozone.scm.db.dirs is not configured. We recommend adding this setting. Falling back to ozone.metadata.dirs instead.
2019-08-23 10:08:19,107 [main] INFO  db.DBStoreBuilder (DBStoreBuilder.java:addTable(110)) - using custom profile for table: deletedBlocks
2019-08-23 10:08:19,108 [main] INFO  db.DBStoreBuilder (DBStoreBuilder.java:processTables(161)) - Using default column profile:DBProfile.DISK for Table:deletedBlocks
2019-08-23 10:08:19,108 [main] INFO  db.DBStoreBuilder (DBStoreBuilder.java:addTable(110)) - using custom profile for table: validCerts
2019-08-23 10:08:19,108 [main] INFO  db.DBStoreBuilder (DBStoreBuilder.java:processTables(161)) - Using default column profile:DBProfile.DISK for Table:validCerts
2019-08-23 10:08:19,108 [main] INFO  db.DBStoreBuilder (DBStoreBuilder.java:addTable(110)) - using custom profile for table: revokedCerts
2019-08-23 10:08:19,108 [main] INFO  db.DBStoreBuilder (DBStoreBuilder.java:processTables(161)) - Using default column profile:DBProfile.DISK for Table:revokedCerts
2019-08-23 10:08:19,108 [main] INFO  db.DBStoreBuilder (DBStoreBuilder.java:addTable(110)) - using custom profile for table: default
2019-08-23 10:08:19,109 [main] INFO  db.DBStoreBuilder (DBStoreBuilder.java:processTables(167)) - Using default column profile:DBProfile.DISK for Table:default
2019-08-23 10:08:19,109 [main] INFO  db.DBStoreBuilder (DBStoreBuilder.java:getDbProfile(198)) - Using default options. DBProfile.DISK
2019-08-23 10:08:19,271 [main] INFO  net.NodeSchemaLoader (NodeSchemaLoader.java:loadSchemaFromFile(125)) - Loading file from sun.misc.CompoundEnumeration@12f4b3a2
2019-08-23 10:08:19,272 [main] INFO  net.NodeSchemaLoader (NodeSchemaLoader.java:loadSchema(171)) - Loading network topology layer schema file
2019-08-23 10:08:19,278 [main] INFO  node.SCMNodeManager (SCMNodeManager.java:<init>(121)) - Entering startup safe mode.
2019-08-23 10:08:19,279 [main] INFO  algorithms.ContainerPlacementPolicyFactory (ContainerPlacementPolicyFactory.java:getPolicy(55)) - Create container placement policy of type org.apache.hadoop.hdds.scm.container.placement.algorithms.SCMContainerPlacementRandom
2019-08-23 10:08:19,279 [main] WARN  server.ServerUtils (ServerUtils.java:getScmDbDir(145)) - ozone.scm.db.dirs is not configured. We recommend adding this setting. Falling back to ozone.metadata.dirs instead.
2019-08-23 10:08:19,350 [main] INFO  pipeline.SCMPipelineManager (SCMPipelineManager.java:initializePipelineState(126)) - No pipeline exists in current db
2019-08-23 10:08:19,350 [main] WARN  server.ServerUtils (ServerUtils.java:getScmDbDir(145)) - ozone.scm.db.dirs is not configured. We recommend adding this setting. Falling back to ozone.metadata.dirs instead.
2019-08-23 10:08:19,399 [main] WARN  events.EventQueue (EventQueue.java:fireEvent(175)) - No event handler registered for event TypedEvent{payloadType=SafeModeStatus, name='SafeModeStatus'}
2019-08-23 10:08:19,400 [main] INFO  ipc.CallQueueManager (CallQueueManager.java:<init>(84)) - Using callQueue: class java.util.concurrent.LinkedBlockingQueue, queueCapacity: 2000, scheduler: class org.apache.hadoop.ipc.DefaultRpcScheduler, ipcBackoff: false.
2019-08-23 10:08:19,401 [Socket Reader #1 for port 34947] INFO  ipc.Server (Server.java:run(1074)) - Starting Socket Reader #1 for port 34947
2019-08-23 10:08:19,403 [main] INFO  ipc.CallQueueManager (CallQueueManager.java:<init>(84)) - Using callQueue: class java.util.concurrent.LinkedBlockingQueue, queueCapacity: 2000, scheduler: class org.apache.hadoop.ipc.DefaultRpcScheduler, ipcBackoff: false.
2019-08-23 10:08:19,404 [Socket Reader #1 for port 46371] INFO  ipc.Server (Server.java:run(1074)) - Starting Socket Reader #1 for port 46371
2019-08-23 10:08:19,406 [main] INFO  ipc.CallQueueManager (CallQueueManager.java:<init>(84)) - Using callQueue: class java.util.concurrent.LinkedBlockingQueue, queueCapacity: 2000, scheduler: class org.apache.hadoop.ipc.DefaultRpcScheduler, ipcBackoff: false.
2019-08-23 10:08:19,406 [Socket Reader #1 for port 37048] INFO  ipc.Server (Server.java:run(1074)) - Starting Socket Reader #1 for port 37048
2019-08-23 10:08:19,409 [main] INFO  hdfs.DFSUtil (DFSUtil.java:httpServerTemplateForNNAndJN(1641)) - Starting Web-server for scm at: http://0.0.0.0:0
2019-08-23 10:08:19,411 [main] INFO  server.AuthenticationFilter (AuthenticationFilter.java:constructSecretProvider(240)) - Unable to initialize FileSignerSecretProvider, falling back to use random secrets.
2019-08-23 10:08:19,412 [main] WARN  http.HttpRequestLog (HttpRequestLog.java:getRequestLog(97)) - Jetty request log can only be enabled using Log4j
2019-08-23 10:08:19,415 [main] INFO  http.HttpServer2 (HttpServer2.java:addGlobalFilter(975)) - Added global filter 'safety' (class=org.apache.hadoop.http.HttpServer2$QuotingInputFilter)
2019-08-23 10:08:19,416 [main] INFO  http.HttpServer2 (HttpServer2.java:addFilter(948)) - Added filter static_user_filter (class=org.apache.hadoop.http.lib.StaticUserWebFilter$StaticUserFilter) to context scm
2019-08-23 10:08:19,416 [main] INFO  http.HttpServer2 (HttpServer2.java:addFilter(958)) - Added filter static_user_filter (class=org.apache.hadoop.http.lib.StaticUserWebFilter$StaticUserFilter) to context logs
2019-08-23 10:08:19,416 [main] INFO  http.HttpServer2 (HttpServer2.java:addFilter(958)) - Added filter static_user_filter (class=org.apache.hadoop.http.lib.StaticUserWebFilter$StaticUserFilter) to context static
2019-08-23 10:08:19,419 [main] INFO  server.StorageContainerManager (StorageContainerManager.java:start(759)) - StorageContainerLocationProtocol RPC server is listening at /0.0.0.0:37048
2019-08-23 10:08:19,421 [main] WARN  impl.MetricsConfig (MetricsConfig.java:loadFirst(134)) - Cannot locate configuration: tried hadoop-metrics2-storagecontainermanager.properties,hadoop-metrics2.properties
2019-08-23 10:08:19,423 [main] INFO  impl.MetricsSystemImpl (MetricsSystemImpl.java:startTimer(374)) - Scheduled Metric snapshot period at 10 second(s).
2019-08-23 10:08:19,423 [main] INFO  impl.MetricsSystemImpl (MetricsSystemImpl.java:start(191)) - StorageContainerManager metrics system started
2019-08-23 10:08:19,565 [main] INFO  server.SCMClientProtocolServer (SCMClientProtocolServer.java:start(151)) - RPC server for Client  is listening at /0.0.0.0:37048
2019-08-23 10:08:19,566 [IPC Server Responder] INFO  ipc.Server (Server.java:run(1314)) - IPC Server Responder: starting
2019-08-23 10:08:19,566 [IPC Server listener on 37048] INFO  ipc.Server (Server.java:run(1153)) - IPC Server listener on 37048: starting
2019-08-23 10:08:19,570 [main] INFO  server.StorageContainerManager (StorageContainerManager.java:start(769)) - ScmBlockLocationProtocol RPC server is listening at /0.0.0.0:46371
2019-08-23 10:08:19,570 [main] INFO  server.SCMBlockProtocolServer (SCMBlockProtocolServer.java:start(140)) - RPC server for Block Protocol is listening at /0.0.0.0:46371
2019-08-23 10:08:19,570 [IPC Server Responder] INFO  ipc.Server (Server.java:run(1314)) - IPC Server Responder: starting
2019-08-23 10:08:19,571 [IPC Server listener on 46371] INFO  ipc.Server (Server.java:run(1153)) - IPC Server listener on 46371: starting
2019-08-23 10:08:19,574 [main] INFO  server.StorageContainerManager (StorageContainerManager.java:start(773)) - ScmDatanodeProtocl RPC server is listening at /0.0.0.0:34947
2019-08-23 10:08:19,574 [main] INFO  server.SCMDatanodeProtocolServer (SCMDatanodeProtocolServer.java:start(191)) - RPC server for DataNodes is listening at /0.0.0.0:34947
2019-08-23 10:08:19,574 [IPC Server Responder] INFO  ipc.Server (Server.java:run(1314)) - IPC Server Responder: starting
2019-08-23 10:08:19,574 [IPC Server listener on 34947] INFO  ipc.Server (Server.java:run(1153)) - IPC Server listener on 34947: starting
2019-08-23 10:08:19,578 [main] INFO  http.HttpServer2 (HttpServer2.java:bindListener(1191)) - Jetty bound to port 35847
2019-08-23 10:08:19,578 [main] INFO  server.Server (Server.java:doStart(351)) - jetty-9.3.24.v20180605, build timestamp: 2018-06-05T17:11:56Z, git hash: 84205aa28f11a4f31f2a3b86d1bba2cc8ab69827
2019-08-23 10:08:19,579 [main] INFO  handler.ContextHandler (ContextHandler.java:doStart(781)) - Started o.e.j.s.ServletContextHandler@34018757{/logs,file:///workdir/hadoop-ozone/integration-test/target/log,AVAILABLE}
2019-08-23 10:08:19,580 [main] INFO  handler.ContextHandler (ContextHandler.java:doStart(781)) - Started o.e.j.s.ServletContextHandler@34723cfe{/static,file:///workdir/hadoop-ozone/integration-test/target/test-classes/webapps/static,AVAILABLE}
2019-08-23 10:08:19,584 [main] INFO  handler.ContextHandler (ContextHandler.java:doStart(781)) - Started o.e.j.w.WebAppContext@108ed58d{/,file:///workdir/hadoop-ozone/integration-test/target/test-classes/webapps/scm/,AVAILABLE}{/scm}
2019-08-23 10:08:19,584 [main] INFO  server.AbstractConnector (AbstractConnector.java:doStart(278)) - Started ServerConnector@e870441{HTTP/1.1,[http/1.1]}{0.0.0.0:35847}
2019-08-23 10:08:19,585 [main] INFO  server.Server (Server.java:doStart(419)) - Started @612543ms
2019-08-23 10:08:19,586 [main] INFO  server.BaseHttpServer (BaseHttpServer.java:updateConnectorAddress(213)) - HTTP server of SCM is listening at http://0.0.0.0:35847
2019-08-23 10:08:19,587 [main] WARN  server.ServerUtils (ServerUtils.java:getDBPath(222)) - ozone.om.db.dirs is not configured. We recommend adding this setting. Falling back to ozone.metadata.dirs instead.
2019-08-23 10:08:19,587 [org.apache.hadoop.util.JvmPauseMonitor$Monitor@1a48f55b] INFO  util.JvmPauseMonitor (JvmPauseMonitor.java:run(188)) - Starting JVM pause monitor
2019-08-23 10:08:19,601 [main] WARN  server.ServerUtils (ServerUtils.java:getDBPath(222)) - ozone.om.db.dirs is not configured. We recommend adding this setting. Falling back to ozone.metadata.dirs instead.
2019-08-23 10:08:19,601 [main] WARN  server.ServerUtils (ServerUtils.java:getDBPath(222)) - ozone.om.db.dirs is not configured. We recommend adding this setting. Falling back to ozone.metadata.dirs instead.
2019-08-23 10:08:19,602 [main] INFO  om.OzoneManager (OzoneManager.java:setOMNodeDetails(648)) - OM Service ID is not set. Setting it to the default ID: omServiceIdDefault
2019-08-23 10:08:19,602 [main] INFO  om.OzoneManager (OzoneManager.java:setOMNodeDetails(654)) - OM Node ID is not set. Setting it to the OmStorage's OmID: 1706333f-c8cf-4a93-a5eb-6f192919b0f9
2019-08-23 10:08:19,602 [main] INFO  om.OzoneManager (OzoneManager.java:loadOMHAConfigs(605)) - Found matching OM address with OMServiceId: null, OMNodeId: null, RPC Address: localhost:0 and Ratis port: 9872
2019-08-23 10:08:19,607 | INFO  | SCMAudit | user=jenkins1000 | ip=192.168.5.185 | op=GET_SCM_INFO null | ret=SUCCESS |  
2019-08-23 10:08:19,610 [main] WARN  server.ServerUtils (ServerUtils.java:getDBPath(222)) - ozone.om.db.dirs is not configured. We recommend adding this setting. Falling back to ozone.metadata.dirs instead.
2019-08-23 10:08:19,610 [main] INFO  db.DBStoreBuilder (DBStoreBuilder.java:addTable(110)) - using custom profile for table: userTable
2019-08-23 10:08:19,611 [main] INFO  db.DBStoreBuilder (DBStoreBuilder.java:processTables(161)) - Using default column profile:DBProfile.DISK for Table:userTable
2019-08-23 10:08:19,611 [main] INFO  db.DBStoreBuilder (DBStoreBuilder.java:addTable(110)) - using custom profile for table: volumeTable
2019-08-23 10:08:19,611 [main] INFO  db.DBStoreBuilder (DBStoreBuilder.java:processTables(161)) - Using default column profile:DBProfile.DISK for Table:volumeTable
2019-08-23 10:08:19,611 [main] INFO  db.DBStoreBuilder (DBStoreBuilder.java:addTable(110)) - using custom profile for table: bucketTable
2019-08-23 10:08:19,612 [main] INFO  db.DBStoreBuilder (DBStoreBuilder.java:processTables(161)) - Using default column profile:DBProfile.DISK for Table:bucketTable
2019-08-23 10:08:19,612 [main] INFO  db.DBStoreBuilder (DBStoreBuilder.java:addTable(110)) - using custom profile for table: keyTable
2019-08-23 10:08:19,612 [main] INFO  db.DBStoreBuilder (DBStoreBuilder.java:processTables(161)) - Using default column profile:DBProfile.DISK for Table:keyTable
2019-08-23 10:08:19,612 [main] INFO  db.DBStoreBuilder (DBStoreBuilder.java:addTable(110)) - using custom profile for table: deletedTable
2019-08-23 10:08:19,613 [main] INFO  db.DBStoreBuilder (DBStoreBuilder.java:processTables(161)) - Using default column profile:DBProfile.DISK for Table:deletedTable
2019-08-23 10:08:19,613 [main] INFO  db.DBStoreBuilder (DBStoreBuilder.java:addTable(110)) - using custom profile for table: openKeyTable
2019-08-23 10:08:19,613 [main] INFO  db.DBStoreBuilder (DBStoreBuilder.java:processTables(161)) - Using default column profile:DBProfile.DISK for Table:openKeyTable
2019-08-23 10:08:19,613 [main] INFO  db.DBStoreBuilder (DBStoreBuilder.java:addTable(110)) - using custom profile for table: s3Table
2019-08-23 10:08:19,614 [main] INFO  db.DBStoreBuilder (DBStoreBuilder.java:processTables(161)) - Using default column profile:DBProfile.DISK for Table:s3Table
2019-08-23 10:08:19,614 [main] INFO  db.DBStoreBuilder (DBStoreBuilder.java:addTable(110)) - using custom profile for table: multipartInfoTable
2019-08-23 10:08:19,614 [main] INFO  db.DBStoreBuilder (DBStoreBuilder.java:processTables(161)) - Using default column profile:DBProfile.DISK for Table:multipartInfoTable
2019-08-23 10:08:19,614 [main] INFO  db.DBStoreBuilder (DBStoreBuilder.java:addTable(110)) - using custom profile for table: dTokenTable
2019-08-23 10:08:19,615 [main] INFO  db.DBStoreBuilder (DBStoreBuilder.java:processTables(161)) - Using default column profile:DBProfile.DISK for Table:dTokenTable
2019-08-23 10:08:19,615 [main] INFO  db.DBStoreBuilder (DBStoreBuilder.java:addTable(110)) - using custom profile for table: s3SecretTable
2019-08-23 10:08:19,615 [main] INFO  db.DBStoreBuilder (DBStoreBuilder.java:processTables(161)) - Using default column profile:DBProfile.DISK for Table:s3SecretTable
2019-08-23 10:08:19,615 [main] INFO  db.DBStoreBuilder (DBStoreBuilder.java:addTable(110)) - using custom profile for table: prefixTable
2019-08-23 10:08:19,616 [main] INFO  db.DBStoreBuilder (DBStoreBuilder.java:processTables(161)) - Using default column profile:DBProfile.DISK for Table:prefixTable
2019-08-23 10:08:19,616 [main] INFO  db.DBStoreBuilder (DBStoreBuilder.java:addTable(110)) - using custom profile for table: default
2019-08-23 10:08:19,616 [main] INFO  db.DBStoreBuilder (DBStoreBuilder.java:processTables(167)) - Using default column profile:DBProfile.DISK for Table:default
2019-08-23 10:08:19,616 [main] INFO  db.DBStoreBuilder (DBStoreBuilder.java:getDbProfile(198)) - Using default options. DBProfile.DISK
2019-08-23 10:08:20,129 [main] INFO  ipc.CallQueueManager (CallQueueManager.java:<init>(84)) - Using callQueue: class java.util.concurrent.LinkedBlockingQueue, queueCapacity: 2000, scheduler: class org.apache.hadoop.ipc.DefaultRpcScheduler, ipcBackoff: false.
2019-08-23 10:08:20,130 [Socket Reader #1 for port 34555] INFO  ipc.Server (Server.java:run(1074)) - Starting Socket Reader #1 for port 34555
2019-08-23 10:08:20,141 [main] INFO  om.OzoneManager (OzoneManager.java:start(1259)) - OzoneManager RPC server is listening at localhost/127.0.0.1:34555
2019-08-23 10:08:20,142 [main] INFO  impl.MetricsSystemImpl (MetricsSystemImpl.java:init(158)) - OzoneManager metrics system started (again)
2019-08-23 10:08:20,143 [IPC Server listener on 34555] INFO  ipc.Server (Server.java:run(1153)) - IPC Server listener on 34555: starting
2019-08-23 10:08:20,143 [IPC Server Responder] INFO  ipc.Server (Server.java:run(1314)) - IPC Server Responder: starting
2019-08-23 10:08:20,146 [main] INFO  hdfs.DFSUtil (DFSUtil.java:httpServerTemplateForNNAndJN(1641)) - Starting Web-server for ozoneManager at: http://0.0.0.0:0
2019-08-23 10:08:20,148 [main] INFO  server.AuthenticationFilter (AuthenticationFilter.java:constructSecretProvider(240)) - Unable to initialize FileSignerSecretProvider, falling back to use random secrets.
2019-08-23 10:08:20,149 [main] WARN  http.HttpRequestLog (HttpRequestLog.java:getRequestLog(97)) - Jetty request log can only be enabled using Log4j
2019-08-23 10:08:20,151 [main] INFO  http.HttpServer2 (HttpServer2.java:addGlobalFilter(975)) - Added global filter 'safety' (class=org.apache.hadoop.http.HttpServer2$QuotingInputFilter)
2019-08-23 10:08:20,152 [main] INFO  http.HttpServer2 (HttpServer2.java:addFilter(948)) - Added filter static_user_filter (class=org.apache.hadoop.http.lib.StaticUserWebFilter$StaticUserFilter) to context ozoneManager
2019-08-23 10:08:20,152 [main] INFO  http.HttpServer2 (HttpServer2.java:addFilter(958)) - Added filter static_user_filter (class=org.apache.hadoop.http.lib.StaticUserWebFilter$StaticUserFilter) to context logs
2019-08-23 10:08:20,152 [main] INFO  http.HttpServer2 (HttpServer2.java:addFilter(958)) - Added filter static_user_filter (class=org.apache.hadoop.http.lib.StaticUserWebFilter$StaticUserFilter) to context static
2019-08-23 10:08:20,153 [main] INFO  http.HttpServer2 (HttpServer2.java:bindListener(1191)) - Jetty bound to port 34658
2019-08-23 10:08:20,153 [main] INFO  server.Server (Server.java:doStart(351)) - jetty-9.3.24.v20180605, build timestamp: 2018-06-05T17:11:56Z, git hash: 84205aa28f11a4f31f2a3b86d1bba2cc8ab69827
2019-08-23 10:08:20,155 [main] INFO  handler.ContextHandler (ContextHandler.java:doStart(781)) - Started o.e.j.s.ServletContextHandler@776eedad{/logs,file:///workdir/hadoop-ozone/integration-test/target/log,AVAILABLE}
2019-08-23 10:08:20,156 [main] INFO  handler.ContextHandler (ContextHandler.java:doStart(781)) - Started o.e.j.s.ServletContextHandler@7b7695f{/static,file:///workdir/hadoop-ozone/integration-test/target/test-classes/webapps/static,AVAILABLE}
2019-08-23 10:08:20,160 [main] INFO  handler.ContextHandler (ContextHandler.java:doStart(781)) - Started o.e.j.w.WebAppContext@4cd3e2f3{/,file:///workdir/hadoop-ozone/integration-test/target/test-classes/webapps/ozoneManager/,AVAILABLE}{/ozoneManager}
2019-08-23 10:08:20,161 [main] INFO  server.AbstractConnector (AbstractConnector.java:doStart(278)) - Started ServerConnector@10e5471d{HTTP/1.1,[http/1.1]}{0.0.0.0:34658}
2019-08-23 10:08:20,162 [main] INFO  server.Server (Server.java:doStart(419)) - Started @613119ms
2019-08-23 10:08:20,162 [main] INFO  server.BaseHttpServer (BaseHttpServer.java:updateConnectorAddress(213)) - HTTP server of OZONEMANAGER is listening at http://0.0.0.0:34658
2019-08-23 10:08:20,177 [main] INFO  impl.MetricsSystemImpl (MetricsSystemImpl.java:init(158)) - HddsDatanode metrics system started (again)
2019-08-23 10:08:20,181 [main] INFO  ozone.HddsDatanodeService (HddsDatanodeService.java:start(184)) - HddsDatanodeService host:pr-hdds-1094-w8cgz-2737508714 ip:192.168.5.185
2019-08-23 10:08:20,193 [main] INFO  volume.HddsVolume (HddsVolume.java:<init>(176)) - Creating Volume: /workdir/hadoop-ozone/integration-test/target/test-dir/MiniOzoneClusterImpl-ce471ee4-c249-4497-9e9a-3bbe536c2c9a/datanode-0/data/containers/hdds of  storage type : DISK and capacity : 1482555576320
2019-08-23 10:08:20,193 [main] INFO  volume.VolumeSet (VolumeSet.java:initializeVolumeSet(170)) - Added Volume : /workdir/hadoop-ozone/integration-test/target/test-dir/MiniOzoneClusterImpl-ce471ee4-c249-4497-9e9a-3bbe536c2c9a/datanode-0/data/containers/hdds to VolumeSet
2019-08-23 10:08:20,193 [main] INFO  volume.ThrottledAsyncChecker (ThrottledAsyncChecker.java:schedule(140)) - Scheduling a check for org.apache.hadoop.ozone.container.common.volume.HddsVolume@467924d8
2019-08-23 10:08:20,194 [main] INFO  volume.HddsVolumeChecker (HddsVolumeChecker.java:checkAllVolumes(203)) - Scheduled health check for volume org.apache.hadoop.ozone.container.common.volume.HddsVolume@467924d8
2019-08-23 10:08:20,208 [main] INFO  impl.RaftServerProxy (ConfUtils.java:logGet(43)) - raft.rpc.type = GRPC (default)
2019-08-23 10:08:20,208 [main] INFO  grpc.GrpcFactory (GrpcFactory.java:checkPooledByteBufAllocatorUseCacheForAllThreads(45)) - PERFORMANCE WARNING: useCacheForAllThreads is true that may cause Netty to create a lot garbage objects and, as a result, trigger GC.
	It is recommended to disable useCacheForAllThreads by setting -Dorg.apache.ratis.thirdparty.io.netty.allocator.useCacheForAllThreads=false in command line.
2019-08-23 10:08:20,209 [main] INFO  grpc.GrpcConfigKeys$Server (ConfUtils.java:logGet(43)) - raft.grpc.server.port = 0 (default)
2019-08-23 10:08:20,209 [main] INFO  server.GrpcService (ConfUtils.java:logGet(43)) - raft.grpc.message.size.max = 33570816 (custom)
2019-08-23 10:08:20,209 [main] INFO  server.RaftServerConfigKeys (ConfUtils.java:logGet(43)) - raft.server.log.appender.buffer.byte-limit = 33554432 (custom)
2019-08-23 10:08:20,209 [main] INFO  server.GrpcService (ConfUtils.java:logGet(43)) - raft.grpc.flow.control.window = 1MB (=1048576) (default)
2019-08-23 10:08:20,209 [main] INFO  server.RaftServerConfigKeys (ConfUtils.java:logGet(43)) - raft.server.rpc.request.timeout = 3000ms (default)
2019-08-23 10:08:20,210 [main] INFO  server.RaftServerConfigKeys (ConfUtils.java:logGet(43)) - raft.server.storage.dir = [/workdir/hadoop-ozone/integration-test/target/test-dir/MiniOzoneClusterImpl-ce471ee4-c249-4497-9e9a-3bbe536c2c9a/datanode-0/data/ratis] (custom)
2019-08-23 10:08:20,210 [main] INFO  replication.SimpleContainerDownloader (SimpleContainerDownloader.java:<init>(72)) - Starting container downloader service to copy containers to replicate.
2019-08-23 10:08:20,211 [main] INFO  hdfs.DFSUtil (DFSUtil.java:httpServerTemplateForNNAndJN(1641)) - Starting Web-server for hddsDatanode at: http://0.0.0.0:0
2019-08-23 10:08:20,212 [main] INFO  server.AuthenticationFilter (AuthenticationFilter.java:constructSecretProvider(240)) - Unable to initialize FileSignerSecretProvider, falling back to use random secrets.
2019-08-23 10:08:20,213 [main] WARN  http.HttpRequestLog (HttpRequestLog.java:getRequestLog(97)) - Jetty request log can only be enabled using Log4j
2019-08-23 10:08:20,214 [main] INFO  http.HttpServer2 (HttpServer2.java:addGlobalFilter(975)) - Added global filter 'safety' (class=org.apache.hadoop.http.HttpServer2$QuotingInputFilter)
2019-08-23 10:08:20,215 [main] INFO  http.HttpServer2 (HttpServer2.java:addFilter(948)) - Added filter static_user_filter (class=org.apache.hadoop.http.lib.StaticUserWebFilter$StaticUserFilter) to context hddsDatanode
2019-08-23 10:08:20,215 [main] INFO  http.HttpServer2 (HttpServer2.java:addFilter(958)) - Added filter static_user_filter (class=org.apache.hadoop.http.lib.StaticUserWebFilter$StaticUserFilter) to context logs
2019-08-23 10:08:20,215 [main] INFO  http.HttpServer2 (HttpServer2.java:addFilter(958)) - Added filter static_user_filter (class=org.apache.hadoop.http.lib.StaticUserWebFilter$StaticUserFilter) to context static
2019-08-23 10:08:20,216 [main] INFO  http.HttpServer2 (HttpServer2.java:bindListener(1191)) - Jetty bound to port 40481
2019-08-23 10:08:20,216 [main] INFO  server.Server (Server.java:doStart(351)) - jetty-9.3.24.v20180605, build timestamp: 2018-06-05T17:11:56Z, git hash: 84205aa28f11a4f31f2a3b86d1bba2cc8ab69827
2019-08-23 10:08:20,217 [main] INFO  handler.ContextHandler (ContextHandler.java:doStart(781)) - Started o.e.j.s.ServletContextHandler@272600e1{/logs,file:///workdir/hadoop-ozone/integration-test/target/log,AVAILABLE}
2019-08-23 10:08:20,218 [main] INFO  handler.ContextHandler (ContextHandler.java:doStart(781)) - Started o.e.j.s.ServletContextHandler@125c1134{/static,jar:file:/home/user/.m2/repository/org/apache/hadoop/hadoop-hdds-container-service/0.5.0-SNAPSHOT/hadoop-hdds-container-service-0.5.0-SNAPSHOT.jar!/webapps/static,AVAILABLE}
2019-08-23 10:08:20,245 [main] INFO  handler.ContextHandler (ContextHandler.java:doStart(781)) - Started o.e.j.w.WebAppContext@f9402c2{/,file:///tmp/jetty-0.0.0.0-40481-hddsDatanode-_-any-8471602844883213637.dir/webapp/,AVAILABLE}{/hddsDatanode}
2019-08-23 10:08:20,245 [main] INFO  server.AbstractConnector (AbstractConnector.java:doStart(278)) - Started ServerConnector@9dc9212{HTTP/1.1,[http/1.1]}{0.0.0.0:40481}
2019-08-23 10:08:20,245 [main] INFO  server.Server (Server.java:doStart(419)) - Started @613203ms
2019-08-23 10:08:20,247 [main] INFO  server.BaseHttpServer (BaseHttpServer.java:updateConnectorAddress(213)) - HTTP server of HDDSDATANODE is listening at http://0.0.0.0:40481
2019-08-23 10:08:20,371 | INFO  | ObjectStoreRestHttpServer | Listening HDDS REST traffic on /0.0.0.0:45754 |  
2019-08-23 10:08:20,371 [main] INFO  ozone.HddsDatanodeService (HddsDatanodeService.java:startPlugins(395)) - Started plug-in org.apache.hadoop.ozone.web.OzoneHddsDatanodeService@4b0a6c53
2019-08-23 10:08:20,372 [main] INFO  impl.MetricsSystemImpl (MetricsSystemImpl.java:init(158)) - HddsDatanode metrics system started (again)
2019-08-23 10:08:20,375 [org.apache.hadoop.util.JvmPauseMonitor$Monitor@53c48351] INFO  util.JvmPauseMonitor (JvmPauseMonitor.java:run(188)) - Starting JVM pause monitor
2019-08-23 10:08:20,375 [main] INFO  ozone.HddsDatanodeService (HddsDatanodeService.java:start(184)) - HddsDatanodeService host:pr-hdds-1094-w8cgz-2737508714 ip:192.168.5.185
2019-08-23 10:08:20,377 [Datanode State Machine Thread - 0] INFO  datanode.InitDatanodeState (InitDatanodeState.java:persistContainerDatanodeDetails(140)) - DatanodeDetails is persisted to /workdir/hadoop-ozone/integration-test/target/test-dir/MiniOzoneClusterImpl-ce471ee4-c249-4497-9e9a-3bbe536c2c9a/datanode-0/meta/datanode.id
2019-08-23 10:08:20,389 [main] INFO  volume.HddsVolume (HddsVolume.java:<init>(176)) - Creating Volume: /workdir/hadoop-ozone/integration-test/target/test-dir/MiniOzoneClusterImpl-ce471ee4-c249-4497-9e9a-3bbe536c2c9a/datanode-1/data/containers/hdds of  storage type : DISK and capacity : 1482555576320
2019-08-23 10:08:20,389 [main] INFO  volume.VolumeSet (VolumeSet.java:initializeVolumeSet(170)) - Added Volume : /workdir/hadoop-ozone/integration-test/target/test-dir/MiniOzoneClusterImpl-ce471ee4-c249-4497-9e9a-3bbe536c2c9a/datanode-1/data/containers/hdds to VolumeSet
2019-08-23 10:08:20,389 [main] INFO  volume.ThrottledAsyncChecker (ThrottledAsyncChecker.java:schedule(140)) - Scheduling a check for org.apache.hadoop.ozone.container.common.volume.HddsVolume@179806f3
2019-08-23 10:08:20,390 [main] INFO  volume.HddsVolumeChecker (HddsVolumeChecker.java:checkAllVolumes(203)) - Scheduled health check for volume org.apache.hadoop.ozone.container.common.volume.HddsVolume@179806f3
2019-08-23 10:08:20,405 [main] INFO  impl.RaftServerProxy (ConfUtils.java:logGet(43)) - raft.rpc.type = GRPC (default)
2019-08-23 10:08:20,405 [main] INFO  grpc.GrpcFactory (GrpcFactory.java:checkPooledByteBufAllocatorUseCacheForAllThreads(45)) - PERFORMANCE WARNING: useCacheForAllThreads is true that may cause Netty to create a lot garbage objects and, as a result, trigger GC.
	It is recommended to disable useCacheForAllThreads by setting -Dorg.apache.ratis.thirdparty.io.netty.allocator.useCacheForAllThreads=false in command line.
2019-08-23 10:08:20,405 [main] INFO  grpc.GrpcConfigKeys$Server (ConfUtils.java:logGet(43)) - raft.grpc.server.port = 0 (default)
2019-08-23 10:08:20,406 [main] INFO  server.GrpcService (ConfUtils.java:logGet(43)) - raft.grpc.message.size.max = 33570816 (custom)
2019-08-23 10:08:20,406 [main] INFO  server.RaftServerConfigKeys (ConfUtils.java:logGet(43)) - raft.server.log.appender.buffer.byte-limit = 33554432 (custom)
2019-08-23 10:08:20,406 [main] INFO  server.GrpcService (ConfUtils.java:logGet(43)) - raft.grpc.flow.control.window = 1MB (=1048576) (default)
2019-08-23 10:08:20,406 [main] INFO  server.RaftServerConfigKeys (ConfUtils.java:logGet(43)) - raft.server.rpc.request.timeout = 3000ms (default)
2019-08-23 10:08:20,407 [main] INFO  server.RaftServerConfigKeys (ConfUtils.java:logGet(43)) - raft.server.storage.dir = [/workdir/hadoop-ozone/integration-test/target/test-dir/MiniOzoneClusterImpl-ce471ee4-c249-4497-9e9a-3bbe536c2c9a/datanode-1/data/ratis] (custom)
2019-08-23 10:08:20,407 [main] INFO  replication.SimpleContainerDownloader (SimpleContainerDownloader.java:<init>(72)) - Starting container downloader service to copy containers to replicate.
2019-08-23 10:08:20,408 [main] INFO  hdfs.DFSUtil (DFSUtil.java:httpServerTemplateForNNAndJN(1641)) - Starting Web-server for hddsDatanode at: http://0.0.0.0:0
2019-08-23 10:08:20,409 [main] INFO  server.AuthenticationFilter (AuthenticationFilter.java:constructSecretProvider(240)) - Unable to initialize FileSignerSecretProvider, falling back to use random secrets.
2019-08-23 10:08:20,410 [main] WARN  http.HttpRequestLog (HttpRequestLog.java:getRequestLog(97)) - Jetty request log can only be enabled using Log4j
2019-08-23 10:08:20,411 [main] INFO  http.HttpServer2 (HttpServer2.java:addGlobalFilter(975)) - Added global filter 'safety' (class=org.apache.hadoop.http.HttpServer2$QuotingInputFilter)
2019-08-23 10:08:20,412 [main] INFO  http.HttpServer2 (HttpServer2.java:addFilter(948)) - Added filter static_user_filter (class=org.apache.hadoop.http.lib.StaticUserWebFilter$StaticUserFilter) to context hddsDatanode
2019-08-23 10:08:20,412 [main] INFO  http.HttpServer2 (HttpServer2.java:addFilter(958)) - Added filter static_user_filter (class=org.apache.hadoop.http.lib.StaticUserWebFilter$StaticUserFilter) to context logs
2019-08-23 10:08:20,412 [main] INFO  http.HttpServer2 (HttpServer2.java:addFilter(958)) - Added filter static_user_filter (class=org.apache.hadoop.http.lib.StaticUserWebFilter$StaticUserFilter) to context static
2019-08-23 10:08:20,413 [main] INFO  http.HttpServer2 (HttpServer2.java:bindListener(1191)) - Jetty bound to port 40902
2019-08-23 10:08:20,413 [main] INFO  server.Server (Server.java:doStart(351)) - jetty-9.3.24.v20180605, build timestamp: 2018-06-05T17:11:56Z, git hash: 84205aa28f11a4f31f2a3b86d1bba2cc8ab69827
2019-08-23 10:08:20,414 [main] INFO  handler.ContextHandler (ContextHandler.java:doStart(781)) - Started o.e.j.s.ServletContextHandler@77cac3b{/logs,file:///workdir/hadoop-ozone/integration-test/target/log,AVAILABLE}
2019-08-23 10:08:20,415 [main] INFO  handler.ContextHandler (ContextHandler.java:doStart(781)) - Started o.e.j.s.ServletContextHandler@74f23ecc{/static,jar:file:/home/user/.m2/repository/org/apache/hadoop/hadoop-hdds-container-service/0.5.0-SNAPSHOT/hadoop-hdds-container-service-0.5.0-SNAPSHOT.jar!/webapps/static,AVAILABLE}
2019-08-23 10:08:20,442 [main] INFO  handler.ContextHandler (ContextHandler.java:doStart(781)) - Started o.e.j.w.WebAppContext@62509b77{/,file:///tmp/jetty-0.0.0.0-40902-hddsDatanode-_-any-7596046547475953696.dir/webapp/,AVAILABLE}{/hddsDatanode}
2019-08-23 10:08:20,443 [main] INFO  server.AbstractConnector (AbstractConnector.java:doStart(278)) - Started ServerConnector@400c0d26{HTTP/1.1,[http/1.1]}{0.0.0.0:40902}
2019-08-23 10:08:20,443 [main] INFO  server.Server (Server.java:doStart(419)) - Started @613400ms
2019-08-23 10:08:20,445 [main] INFO  server.BaseHttpServer (BaseHttpServer.java:updateConnectorAddress(213)) - HTTP server of HDDSDATANODE is listening at http://0.0.0.0:40902
2019-08-23 10:08:20,580 | INFO  | ObjectStoreRestHttpServer | Listening HDDS REST traffic on /0.0.0.0:35600 |  
2019-08-23 10:08:20,581 [main] INFO  ozone.HddsDatanodeService (HddsDatanodeService.java:startPlugins(395)) - Started plug-in org.apache.hadoop.ozone.web.OzoneHddsDatanodeService@757b8c47
2019-08-23 10:08:20,581 [main] INFO  impl.MetricsSystemImpl (MetricsSystemImpl.java:init(158)) - HddsDatanode metrics system started (again)
2019-08-23 10:08:20,585 [org.apache.hadoop.util.JvmPauseMonitor$Monitor@2275417c] INFO  util.JvmPauseMonitor (JvmPauseMonitor.java:run(188)) - Starting JVM pause monitor
2019-08-23 10:08:20,586 [main] INFO  ozone.HddsDatanodeService (HddsDatanodeService.java:start(184)) - HddsDatanodeService host:pr-hdds-1094-w8cgz-2737508714 ip:192.168.5.185
2019-08-23 10:08:20,587 [Datanode State Machine Thread - 0] INFO  datanode.InitDatanodeState (InitDatanodeState.java:persistContainerDatanodeDetails(140)) - DatanodeDetails is persisted to /workdir/hadoop-ozone/integration-test/target/test-dir/MiniOzoneClusterImpl-ce471ee4-c249-4497-9e9a-3bbe536c2c9a/datanode-1/meta/datanode.id
2019-08-23 10:08:20,600 [main] INFO  volume.HddsVolume (HddsVolume.java:<init>(176)) - Creating Volume: /workdir/hadoop-ozone/integration-test/target/test-dir/MiniOzoneClusterImpl-ce471ee4-c249-4497-9e9a-3bbe536c2c9a/datanode-2/data/containers/hdds of  storage type : DISK and capacity : 1482555576320
2019-08-23 10:08:20,600 [main] INFO  volume.VolumeSet (VolumeSet.java:initializeVolumeSet(170)) - Added Volume : /workdir/hadoop-ozone/integration-test/target/test-dir/MiniOzoneClusterImpl-ce471ee4-c249-4497-9e9a-3bbe536c2c9a/datanode-2/data/containers/hdds to VolumeSet
2019-08-23 10:08:20,600 [main] INFO  volume.ThrottledAsyncChecker (ThrottledAsyncChecker.java:schedule(140)) - Scheduling a check for org.apache.hadoop.ozone.container.common.volume.HddsVolume@3698f2ed
2019-08-23 10:08:20,601 [main] INFO  volume.HddsVolumeChecker (HddsVolumeChecker.java:checkAllVolumes(203)) - Scheduled health check for volume org.apache.hadoop.ozone.container.common.volume.HddsVolume@3698f2ed
2019-08-23 10:08:20,619 [main] INFO  impl.RaftServerProxy (ConfUtils.java:logGet(43)) - raft.rpc.type = GRPC (default)
2019-08-23 10:08:20,620 [main] INFO  grpc.GrpcFactory (GrpcFactory.java:checkPooledByteBufAllocatorUseCacheForAllThreads(45)) - PERFORMANCE WARNING: useCacheForAllThreads is true that may cause Netty to create a lot garbage objects and, as a result, trigger GC.
	It is recommended to disable useCacheForAllThreads by setting -Dorg.apache.ratis.thirdparty.io.netty.allocator.useCacheForAllThreads=false in command line.
2019-08-23 10:08:20,620 [main] INFO  grpc.GrpcConfigKeys$Server (ConfUtils.java:logGet(43)) - raft.grpc.server.port = 0 (default)
2019-08-23 10:08:20,620 [main] INFO  server.GrpcService (ConfUtils.java:logGet(43)) - raft.grpc.message.size.max = 33570816 (custom)
2019-08-23 10:08:20,620 [main] INFO  server.RaftServerConfigKeys (ConfUtils.java:logGet(43)) - raft.server.log.appender.buffer.byte-limit = 33554432 (custom)
2019-08-23 10:08:20,621 [main] INFO  server.GrpcService (ConfUtils.java:logGet(43)) - raft.grpc.flow.control.window = 1MB (=1048576) (default)
2019-08-23 10:08:20,621 [main] INFO  server.RaftServerConfigKeys (ConfUtils.java:logGet(43)) - raft.server.rpc.request.timeout = 3000ms (default)
2019-08-23 10:08:20,621 [main] INFO  server.RaftServerConfigKeys (ConfUtils.java:logGet(43)) - raft.server.storage.dir = [/workdir/hadoop-ozone/integration-test/target/test-dir/MiniOzoneClusterImpl-ce471ee4-c249-4497-9e9a-3bbe536c2c9a/datanode-2/data/ratis] (custom)
2019-08-23 10:08:20,622 [main] INFO  replication.SimpleContainerDownloader (SimpleContainerDownloader.java:<init>(72)) - Starting container downloader service to copy containers to replicate.
2019-08-23 10:08:20,623 [main] INFO  hdfs.DFSUtil (DFSUtil.java:httpServerTemplateForNNAndJN(1641)) - Starting Web-server for hddsDatanode at: http://0.0.0.0:0
2019-08-23 10:08:20,625 [main] INFO  server.AuthenticationFilter (AuthenticationFilter.java:constructSecretProvider(240)) - Unable to initialize FileSignerSecretProvider, falling back to use random secrets.
2019-08-23 10:08:20,626 [main] WARN  http.HttpRequestLog (HttpRequestLog.java:getRequestLog(97)) - Jetty request log can only be enabled using Log4j
2019-08-23 10:08:20,628 [main] INFO  http.HttpServer2 (HttpServer2.java:addGlobalFilter(975)) - Added global filter 'safety' (class=org.apache.hadoop.http.HttpServer2$QuotingInputFilter)
2019-08-23 10:08:20,629 [main] INFO  http.HttpServer2 (HttpServer2.java:addFilter(948)) - Added filter static_user_filter (class=org.apache.hadoop.http.lib.StaticUserWebFilter$StaticUserFilter) to context hddsDatanode
2019-08-23 10:08:20,629 [main] INFO  http.HttpServer2 (HttpServer2.java:addFilter(958)) - Added filter static_user_filter (class=org.apache.hadoop.http.lib.StaticUserWebFilter$StaticUserFilter) to context logs
2019-08-23 10:08:20,630 [main] INFO  http.HttpServer2 (HttpServer2.java:addFilter(958)) - Added filter static_user_filter (class=org.apache.hadoop.http.lib.StaticUserWebFilter$StaticUserFilter) to context static
2019-08-23 10:08:20,631 [main] INFO  http.HttpServer2 (HttpServer2.java:bindListener(1191)) - Jetty bound to port 44370
2019-08-23 10:08:20,631 [main] INFO  server.Server (Server.java:doStart(351)) - jetty-9.3.24.v20180605, build timestamp: 2018-06-05T17:11:56Z, git hash: 84205aa28f11a4f31f2a3b86d1bba2cc8ab69827
2019-08-23 10:08:20,633 [main] INFO  handler.ContextHandler (ContextHandler.java:doStart(781)) - Started o.e.j.s.ServletContextHandler@2df491be{/logs,file:///workdir/hadoop-ozone/integration-test/target/log,AVAILABLE}
2019-08-23 10:08:20,634 [main] INFO  handler.ContextHandler (ContextHandler.java:doStart(781)) - Started o.e.j.s.ServletContextHandler@5c1ecf52{/static,jar:file:/home/user/.m2/repository/org/apache/hadoop/hadoop-hdds-container-service/0.5.0-SNAPSHOT/hadoop-hdds-container-service-0.5.0-SNAPSHOT.jar!/webapps/static,AVAILABLE}
2019-08-23 10:08:20,678 [main] INFO  handler.ContextHandler (ContextHandler.java:doStart(781)) - Started o.e.j.w.WebAppContext@5bf963a{/,file:///tmp/jetty-0.0.0.0-44370-hddsDatanode-_-any-6510282834775863533.dir/webapp/,AVAILABLE}{/hddsDatanode}
2019-08-23 10:08:20,679 [main] INFO  server.AbstractConnector (AbstractConnector.java:doStart(278)) - Started ServerConnector@2a38b5c7{HTTP/1.1,[http/1.1]}{0.0.0.0:44370}
2019-08-23 10:08:20,681 [main] INFO  server.Server (Server.java:doStart(419)) - Started @613638ms
2019-08-23 10:08:20,682 [main] INFO  server.BaseHttpServer (BaseHttpServer.java:updateConnectorAddress(213)) - HTTP server of HDDSDATANODE is listening at http://0.0.0.0:44370
2019-08-23 10:08:20,834 | INFO  | ObjectStoreRestHttpServer | Listening HDDS REST traffic on /0.0.0.0:46089 |  
2019-08-23 10:08:20,834 [main] INFO  ozone.HddsDatanodeService (HddsDatanodeService.java:startPlugins(395)) - Started plug-in org.apache.hadoop.ozone.web.OzoneHddsDatanodeService@3593a38d
2019-08-23 10:08:20,834 [main] INFO  impl.MetricsSystemImpl (MetricsSystemImpl.java:init(158)) - HddsDatanode metrics system started (again)
2019-08-23 10:08:20,838 [org.apache.hadoop.util.JvmPauseMonitor$Monitor@63cb3105] INFO  util.JvmPauseMonitor (JvmPauseMonitor.java:run(188)) - Starting JVM pause monitor
2019-08-23 10:08:20,838 [main] INFO  ozone.HddsDatanodeService (HddsDatanodeService.java:start(184)) - HddsDatanodeService host:pr-hdds-1094-w8cgz-2737508714 ip:192.168.5.185
2019-08-23 10:08:20,840 [Datanode State Machine Thread - 0] INFO  datanode.InitDatanodeState (InitDatanodeState.java:persistContainerDatanodeDetails(140)) - DatanodeDetails is persisted to /workdir/hadoop-ozone/integration-test/target/test-dir/MiniOzoneClusterImpl-ce471ee4-c249-4497-9e9a-3bbe536c2c9a/datanode-2/meta/datanode.id
2019-08-23 10:08:20,851 [main] INFO  volume.HddsVolume (HddsVolume.java:<init>(176)) - Creating Volume: /workdir/hadoop-ozone/integration-test/target/test-dir/MiniOzoneClusterImpl-ce471ee4-c249-4497-9e9a-3bbe536c2c9a/datanode-3/data/containers/hdds of  storage type : DISK and capacity : 1482555576320
2019-08-23 10:08:20,852 [main] INFO  volume.VolumeSet (VolumeSet.java:initializeVolumeSet(170)) - Added Volume : /workdir/hadoop-ozone/integration-test/target/test-dir/MiniOzoneClusterImpl-ce471ee4-c249-4497-9e9a-3bbe536c2c9a/datanode-3/data/containers/hdds to VolumeSet
2019-08-23 10:08:20,852 [main] INFO  volume.ThrottledAsyncChecker (ThrottledAsyncChecker.java:schedule(140)) - Scheduling a check for org.apache.hadoop.ozone.container.common.volume.HddsVolume@24537e30
2019-08-23 10:08:20,853 [main] INFO  volume.HddsVolumeChecker (HddsVolumeChecker.java:checkAllVolumes(203)) - Scheduled health check for volume org.apache.hadoop.ozone.container.common.volume.HddsVolume@24537e30
2019-08-23 10:08:20,868 [main] INFO  impl.RaftServerProxy (ConfUtils.java:logGet(43)) - raft.rpc.type = GRPC (default)
2019-08-23 10:08:20,868 [main] INFO  grpc.GrpcFactory (GrpcFactory.java:checkPooledByteBufAllocatorUseCacheForAllThreads(45)) - PERFORMANCE WARNING: useCacheForAllThreads is true that may cause Netty to create a lot garbage objects and, as a result, trigger GC.
	It is recommended to disable useCacheForAllThreads by setting -Dorg.apache.ratis.thirdparty.io.netty.allocator.useCacheForAllThreads=false in command line.
2019-08-23 10:08:20,869 [main] INFO  grpc.GrpcConfigKeys$Server (ConfUtils.java:logGet(43)) - raft.grpc.server.port = 0 (default)
2019-08-23 10:08:20,869 [main] INFO  server.GrpcService (ConfUtils.java:logGet(43)) - raft.grpc.message.size.max = 33570816 (custom)
2019-08-23 10:08:20,869 [main] INFO  server.RaftServerConfigKeys (ConfUtils.java:logGet(43)) - raft.server.log.appender.buffer.byte-limit = 33554432 (custom)
2019-08-23 10:08:20,869 [main] INFO  server.GrpcService (ConfUtils.java:logGet(43)) - raft.grpc.flow.control.window = 1MB (=1048576) (default)
2019-08-23 10:08:20,869 [main] INFO  server.RaftServerConfigKeys (ConfUtils.java:logGet(43)) - raft.server.rpc.request.timeout = 3000ms (default)
2019-08-23 10:08:20,870 [main] INFO  server.RaftServerConfigKeys (ConfUtils.java:logGet(43)) - raft.server.storage.dir = [/workdir/hadoop-ozone/integration-test/target/test-dir/MiniOzoneClusterImpl-ce471ee4-c249-4497-9e9a-3bbe536c2c9a/datanode-3/data/ratis] (custom)
2019-08-23 10:08:20,870 [main] INFO  replication.SimpleContainerDownloader (SimpleContainerDownloader.java:<init>(72)) - Starting container downloader service to copy containers to replicate.
2019-08-23 10:08:20,872 [main] INFO  hdfs.DFSUtil (DFSUtil.java:httpServerTemplateForNNAndJN(1641)) - Starting Web-server for hddsDatanode at: http://0.0.0.0:0
2019-08-23 10:08:20,873 [main] INFO  server.AuthenticationFilter (AuthenticationFilter.java:constructSecretProvider(240)) - Unable to initialize FileSignerSecretProvider, falling back to use random secrets.
2019-08-23 10:08:20,873 [main] WARN  http.HttpRequestLog (HttpRequestLog.java:getRequestLog(97)) - Jetty request log can only be enabled using Log4j
2019-08-23 10:08:20,874 [main] INFO  http.HttpServer2 (HttpServer2.java:addGlobalFilter(975)) - Added global filter 'safety' (class=org.apache.hadoop.http.HttpServer2$QuotingInputFilter)
2019-08-23 10:08:20,875 [main] INFO  http.HttpServer2 (HttpServer2.java:addFilter(948)) - Added filter static_user_filter (class=org.apache.hadoop.http.lib.StaticUserWebFilter$StaticUserFilter) to context hddsDatanode
2019-08-23 10:08:20,875 [main] INFO  http.HttpServer2 (HttpServer2.java:addFilter(958)) - Added filter static_user_filter (class=org.apache.hadoop.http.lib.StaticUserWebFilter$StaticUserFilter) to context static
2019-08-23 10:08:20,875 [main] INFO  http.HttpServer2 (HttpServer2.java:addFilter(958)) - Added filter static_user_filter (class=org.apache.hadoop.http.lib.StaticUserWebFilter$StaticUserFilter) to context logs
2019-08-23 10:08:20,876 [main] INFO  http.HttpServer2 (HttpServer2.java:bindListener(1191)) - Jetty bound to port 44472
2019-08-23 10:08:20,876 [main] INFO  server.Server (Server.java:doStart(351)) - jetty-9.3.24.v20180605, build timestamp: 2018-06-05T17:11:56Z, git hash: 84205aa28f11a4f31f2a3b86d1bba2cc8ab69827
2019-08-23 10:08:20,877 [main] INFO  handler.ContextHandler (ContextHandler.java:doStart(781)) - Started o.e.j.s.ServletContextHandler@29b23bc4{/logs,file:///workdir/hadoop-ozone/integration-test/target/log,AVAILABLE}
2019-08-23 10:08:20,878 [main] INFO  handler.ContextHandler (ContextHandler.java:doStart(781)) - Started o.e.j.s.ServletContextHandler@701dc5ad{/static,jar:file:/home/user/.m2/repository/org/apache/hadoop/hadoop-hdds-container-service/0.5.0-SNAPSHOT/hadoop-hdds-container-service-0.5.0-SNAPSHOT.jar!/webapps/static,AVAILABLE}
2019-08-23 10:08:20,906 [main] INFO  handler.ContextHandler (ContextHandler.java:doStart(781)) - Started o.e.j.w.WebAppContext@685e398{/,file:///tmp/jetty-0.0.0.0-44472-hddsDatanode-_-any-202709119135711840.dir/webapp/,AVAILABLE}{/hddsDatanode}
2019-08-23 10:08:20,906 [main] INFO  server.AbstractConnector (AbstractConnector.java:doStart(278)) - Started ServerConnector@2921aa59{HTTP/1.1,[http/1.1]}{0.0.0.0:44472}
2019-08-23 10:08:20,906 [main] INFO  server.Server (Server.java:doStart(419)) - Started @613864ms
2019-08-23 10:08:20,908 [main] INFO  server.BaseHttpServer (BaseHttpServer.java:updateConnectorAddress(213)) - HTTP server of HDDSDATANODE is listening at http://0.0.0.0:44472
2019-08-23 10:08:21,049 | INFO  | ObjectStoreRestHttpServer | Listening HDDS REST traffic on /0.0.0.0:41728 |  
2019-08-23 10:08:21,049 [main] INFO  ozone.HddsDatanodeService (HddsDatanodeService.java:startPlugins(395)) - Started plug-in org.apache.hadoop.ozone.web.OzoneHddsDatanodeService@5a342baf
2019-08-23 10:08:21,049 [main] INFO  impl.MetricsSystemImpl (MetricsSystemImpl.java:init(158)) - HddsDatanode metrics system started (again)
2019-08-23 10:08:21,053 [org.apache.hadoop.util.JvmPauseMonitor$Monitor@26a757ae] INFO  util.JvmPauseMonitor (JvmPauseMonitor.java:run(188)) - Starting JVM pause monitor
2019-08-23 10:08:21,053 [main] INFO  ozone.HddsDatanodeService (HddsDatanodeService.java:start(184)) - HddsDatanodeService host:pr-hdds-1094-w8cgz-2737508714 ip:192.168.5.185
2019-08-23 10:08:21,055 [Datanode State Machine Thread - 0] INFO  datanode.InitDatanodeState (InitDatanodeState.java:persistContainerDatanodeDetails(140)) - DatanodeDetails is persisted to /workdir/hadoop-ozone/integration-test/target/test-dir/MiniOzoneClusterImpl-ce471ee4-c249-4497-9e9a-3bbe536c2c9a/datanode-3/meta/datanode.id
2019-08-23 10:08:21,064 [main] INFO  volume.HddsVolume (HddsVolume.java:<init>(176)) - Creating Volume: /workdir/hadoop-ozone/integration-test/target/test-dir/MiniOzoneClusterImpl-ce471ee4-c249-4497-9e9a-3bbe536c2c9a/datanode-4/data/containers/hdds of  storage type : DISK and capacity : 1482555576320
2019-08-23 10:08:21,065 [main] INFO  volume.VolumeSet (VolumeSet.java:initializeVolumeSet(170)) - Added Volume : /workdir/hadoop-ozone/integration-test/target/test-dir/MiniOzoneClusterImpl-ce471ee4-c249-4497-9e9a-3bbe536c2c9a/datanode-4/data/containers/hdds to VolumeSet
2019-08-23 10:08:21,065 [main] INFO  volume.ThrottledAsyncChecker (ThrottledAsyncChecker.java:schedule(140)) - Scheduling a check for org.apache.hadoop.ozone.container.common.volume.HddsVolume@5e0e97b6
2019-08-23 10:08:21,065 [main] INFO  volume.HddsVolumeChecker (HddsVolumeChecker.java:checkAllVolumes(203)) - Scheduled health check for volume org.apache.hadoop.ozone.container.common.volume.HddsVolume@5e0e97b6
2019-08-23 10:08:21,080 [main] INFO  impl.RaftServerProxy (ConfUtils.java:logGet(43)) - raft.rpc.type = GRPC (default)
2019-08-23 10:08:21,080 [main] INFO  grpc.GrpcFactory (GrpcFactory.java:checkPooledByteBufAllocatorUseCacheForAllThreads(45)) - PERFORMANCE WARNING: useCacheForAllThreads is true that may cause Netty to create a lot garbage objects and, as a result, trigger GC.
	It is recommended to disable useCacheForAllThreads by setting -Dorg.apache.ratis.thirdparty.io.netty.allocator.useCacheForAllThreads=false in command line.
2019-08-23 10:08:21,080 [main] INFO  grpc.GrpcConfigKeys$Server (ConfUtils.java:logGet(43)) - raft.grpc.server.port = 0 (default)
2019-08-23 10:08:21,080 [main] INFO  server.GrpcService (ConfUtils.java:logGet(43)) - raft.grpc.message.size.max = 33570816 (custom)
2019-08-23 10:08:21,081 [main] INFO  server.RaftServerConfigKeys (ConfUtils.java:logGet(43)) - raft.server.log.appender.buffer.byte-limit = 33554432 (custom)
2019-08-23 10:08:21,081 [main] INFO  server.GrpcService (ConfUtils.java:logGet(43)) - raft.grpc.flow.control.window = 1MB (=1048576) (default)
2019-08-23 10:08:21,081 [main] INFO  server.RaftServerConfigKeys (ConfUtils.java:logGet(43)) - raft.server.rpc.request.timeout = 3000ms (default)
2019-08-23 10:08:21,081 [main] INFO  server.RaftServerConfigKeys (ConfUtils.java:logGet(43)) - raft.server.storage.dir = [/workdir/hadoop-ozone/integration-test/target/test-dir/MiniOzoneClusterImpl-ce471ee4-c249-4497-9e9a-3bbe536c2c9a/datanode-4/data/ratis] (custom)
2019-08-23 10:08:21,082 [main] INFO  replication.SimpleContainerDownloader (SimpleContainerDownloader.java:<init>(72)) - Starting container downloader service to copy containers to replicate.
2019-08-23 10:08:21,083 [main] INFO  hdfs.DFSUtil (DFSUtil.java:httpServerTemplateForNNAndJN(1641)) - Starting Web-server for hddsDatanode at: http://0.0.0.0:0
2019-08-23 10:08:21,084 [main] INFO  server.AuthenticationFilter (AuthenticationFilter.java:constructSecretProvider(240)) - Unable to initialize FileSignerSecretProvider, falling back to use random secrets.
2019-08-23 10:08:21,084 [main] WARN  http.HttpRequestLog (HttpRequestLog.java:getRequestLog(97)) - Jetty request log can only be enabled using Log4j
2019-08-23 10:08:21,086 [main] INFO  http.HttpServer2 (HttpServer2.java:addGlobalFilter(975)) - Added global filter 'safety' (class=org.apache.hadoop.http.HttpServer2$QuotingInputFilter)
2019-08-23 10:08:21,086 [main] INFO  http.HttpServer2 (HttpServer2.java:addFilter(948)) - Added filter static_user_filter (class=org.apache.hadoop.http.lib.StaticUserWebFilter$StaticUserFilter) to context hddsDatanode
2019-08-23 10:08:21,086 [main] INFO  http.HttpServer2 (HttpServer2.java:addFilter(958)) - Added filter static_user_filter (class=org.apache.hadoop.http.lib.StaticUserWebFilter$StaticUserFilter) to context static
2019-08-23 10:08:21,086 [main] INFO  http.HttpServer2 (HttpServer2.java:addFilter(958)) - Added filter static_user_filter (class=org.apache.hadoop.http.lib.StaticUserWebFilter$StaticUserFilter) to context logs
2019-08-23 10:08:21,087 [main] INFO  http.HttpServer2 (HttpServer2.java:bindListener(1191)) - Jetty bound to port 36792
2019-08-23 10:08:21,087 [main] INFO  server.Server (Server.java:doStart(351)) - jetty-9.3.24.v20180605, build timestamp: 2018-06-05T17:11:56Z, git hash: 84205aa28f11a4f31f2a3b86d1bba2cc8ab69827
2019-08-23 10:08:21,089 [main] INFO  handler.ContextHandler (ContextHandler.java:doStart(781)) - Started o.e.j.s.ServletContextHandler@3f06c9ac{/logs,file:///workdir/hadoop-ozone/integration-test/target/log,AVAILABLE}
2019-08-23 10:08:21,089 [main] INFO  handler.ContextHandler (ContextHandler.java:doStart(781)) - Started o.e.j.s.ServletContextHandler@6d16aae3{/static,jar:file:/home/user/.m2/repository/org/apache/hadoop/hadoop-hdds-container-service/0.5.0-SNAPSHOT/hadoop-hdds-container-service-0.5.0-SNAPSHOT.jar!/webapps/static,AVAILABLE}
2019-08-23 10:08:21,116 [main] INFO  handler.ContextHandler (ContextHandler.java:doStart(781)) - Started o.e.j.w.WebAppContext@78fb8a66{/,file:///tmp/jetty-0.0.0.0-36792-hddsDatanode-_-any-4962257336457485197.dir/webapp/,AVAILABLE}{/hddsDatanode}
2019-08-23 10:08:21,117 [main] INFO  server.AbstractConnector (AbstractConnector.java:doStart(278)) - Started ServerConnector@5c47ef5f{HTTP/1.1,[http/1.1]}{0.0.0.0:36792}
2019-08-23 10:08:21,117 [main] INFO  server.Server (Server.java:doStart(419)) - Started @614075ms
2019-08-23 10:08:21,119 [main] INFO  server.BaseHttpServer (BaseHttpServer.java:updateConnectorAddress(213)) - HTTP server of HDDSDATANODE is listening at http://0.0.0.0:36792
2019-08-23 10:08:21,236 | INFO  | ObjectStoreRestHttpServer | Listening HDDS REST traffic on /0.0.0.0:33869 |  
2019-08-23 10:08:21,236 [main] INFO  ozone.HddsDatanodeService (HddsDatanodeService.java:startPlugins(395)) - Started plug-in org.apache.hadoop.ozone.web.OzoneHddsDatanodeService@56d9bc5f
2019-08-23 10:08:21,237 [main] INFO  impl.MetricsSystemImpl (MetricsSystemImpl.java:init(158)) - HddsDatanode metrics system started (again)
2019-08-23 10:08:21,241 [org.apache.hadoop.util.JvmPauseMonitor$Monitor@7bcf3a76] INFO  util.JvmPauseMonitor (JvmPauseMonitor.java:run(188)) - Starting JVM pause monitor
2019-08-23 10:08:21,242 [main] INFO  ozone.HddsDatanodeService (HddsDatanodeService.java:start(184)) - HddsDatanodeService host:pr-hdds-1094-w8cgz-2737508714 ip:192.168.5.185
2019-08-23 10:08:21,243 [Datanode State Machine Thread - 0] INFO  datanode.InitDatanodeState (InitDatanodeState.java:persistContainerDatanodeDetails(140)) - DatanodeDetails is persisted to /workdir/hadoop-ozone/integration-test/target/test-dir/MiniOzoneClusterImpl-ce471ee4-c249-4497-9e9a-3bbe536c2c9a/datanode-4/meta/datanode.id
2019-08-23 10:08:21,256 [main] INFO  volume.HddsVolume (HddsVolume.java:<init>(176)) - Creating Volume: /workdir/hadoop-ozone/integration-test/target/test-dir/MiniOzoneClusterImpl-ce471ee4-c249-4497-9e9a-3bbe536c2c9a/datanode-5/data/containers/hdds of  storage type : DISK and capacity : 1482555576320
2019-08-23 10:08:21,256 [main] INFO  volume.VolumeSet (VolumeSet.java:initializeVolumeSet(170)) - Added Volume : /workdir/hadoop-ozone/integration-test/target/test-dir/MiniOzoneClusterImpl-ce471ee4-c249-4497-9e9a-3bbe536c2c9a/datanode-5/data/containers/hdds to VolumeSet
2019-08-23 10:08:21,256 [main] INFO  volume.ThrottledAsyncChecker (ThrottledAsyncChecker.java:schedule(140)) - Scheduling a check for org.apache.hadoop.ozone.container.common.volume.HddsVolume@4ef435f3
2019-08-23 10:08:21,257 [main] INFO  volume.HddsVolumeChecker (HddsVolumeChecker.java:checkAllVolumes(203)) - Scheduled health check for volume org.apache.hadoop.ozone.container.common.volume.HddsVolume@4ef435f3
2019-08-23 10:08:21,272 [main] INFO  impl.RaftServerProxy (ConfUtils.java:logGet(43)) - raft.rpc.type = GRPC (default)
2019-08-23 10:08:21,272 [main] INFO  grpc.GrpcFactory (GrpcFactory.java:checkPooledByteBufAllocatorUseCacheForAllThreads(45)) - PERFORMANCE WARNING: useCacheForAllThreads is true that may cause Netty to create a lot garbage objects and, as a result, trigger GC.
	It is recommended to disable useCacheForAllThreads by setting -Dorg.apache.ratis.thirdparty.io.netty.allocator.useCacheForAllThreads=false in command line.
2019-08-23 10:08:21,273 [main] INFO  grpc.GrpcConfigKeys$Server (ConfUtils.java:logGet(43)) - raft.grpc.server.port = 0 (default)
2019-08-23 10:08:21,273 [main] INFO  server.GrpcService (ConfUtils.java:logGet(43)) - raft.grpc.message.size.max = 33570816 (custom)
2019-08-23 10:08:21,273 [main] INFO  server.RaftServerConfigKeys (ConfUtils.java:logGet(43)) - raft.server.log.appender.buffer.byte-limit = 33554432 (custom)
2019-08-23 10:08:21,273 [main] INFO  server.GrpcService (ConfUtils.java:logGet(43)) - raft.grpc.flow.control.window = 1MB (=1048576) (default)
2019-08-23 10:08:21,273 [main] INFO  server.RaftServerConfigKeys (ConfUtils.java:logGet(43)) - raft.server.rpc.request.timeout = 3000ms (default)
2019-08-23 10:08:21,274 [main] INFO  server.RaftServerConfigKeys (ConfUtils.java:logGet(43)) - raft.server.storage.dir = [/workdir/hadoop-ozone/integration-test/target/test-dir/MiniOzoneClusterImpl-ce471ee4-c249-4497-9e9a-3bbe536c2c9a/datanode-5/data/ratis] (custom)
2019-08-23 10:08:21,274 [main] INFO  replication.SimpleContainerDownloader (SimpleContainerDownloader.java:<init>(72)) - Starting container downloader service to copy containers to replicate.
2019-08-23 10:08:21,275 [main] INFO  hdfs.DFSUtil (DFSUtil.java:httpServerTemplateForNNAndJN(1641)) - Starting Web-server for hddsDatanode at: http://0.0.0.0:0
2019-08-23 10:08:21,276 [main] INFO  server.AuthenticationFilter (AuthenticationFilter.java:constructSecretProvider(240)) - Unable to initialize FileSignerSecretProvider, falling back to use random secrets.
2019-08-23 10:08:21,277 [main] WARN  http.HttpRequestLog (HttpRequestLog.java:getRequestLog(97)) - Jetty request log can only be enabled using Log4j
2019-08-23 10:08:21,278 [main] INFO  http.HttpServer2 (HttpServer2.java:addGlobalFilter(975)) - Added global filter 'safety' (class=org.apache.hadoop.http.HttpServer2$QuotingInputFilter)
2019-08-23 10:08:21,279 [main] INFO  http.HttpServer2 (HttpServer2.java:addFilter(948)) - Added filter static_user_filter (class=org.apache.hadoop.http.lib.StaticUserWebFilter$StaticUserFilter) to context hddsDatanode
2019-08-23 10:08:21,279 [main] INFO  http.HttpServer2 (HttpServer2.java:addFilter(958)) - Added filter static_user_filter (class=org.apache.hadoop.http.lib.StaticUserWebFilter$StaticUserFilter) to context static
2019-08-23 10:08:21,279 [main] INFO  http.HttpServer2 (HttpServer2.java:addFilter(958)) - Added filter static_user_filter (class=org.apache.hadoop.http.lib.StaticUserWebFilter$StaticUserFilter) to context logs
2019-08-23 10:08:21,280 [main] INFO  http.HttpServer2 (HttpServer2.java:bindListener(1191)) - Jetty bound to port 35910
2019-08-23 10:08:21,280 [main] INFO  server.Server (Server.java:doStart(351)) - jetty-9.3.24.v20180605, build timestamp: 2018-06-05T17:11:56Z, git hash: 84205aa28f11a4f31f2a3b86d1bba2cc8ab69827
2019-08-23 10:08:21,281 [main] INFO  handler.ContextHandler (ContextHandler.java:doStart(781)) - Started o.e.j.s.ServletContextHandler@593fcbe7{/logs,file:///workdir/hadoop-ozone/integration-test/target/log,AVAILABLE}
2019-08-23 10:08:21,282 [main] INFO  handler.ContextHandler (ContextHandler.java:doStart(781)) - Started o.e.j.s.ServletContextHandler@1bb59da3{/static,jar:file:/home/user/.m2/repository/org/apache/hadoop/hadoop-hdds-container-service/0.5.0-SNAPSHOT/hadoop-hdds-container-service-0.5.0-SNAPSHOT.jar!/webapps/static,AVAILABLE}
2019-08-23 10:08:21,309 [main] INFO  handler.ContextHandler (ContextHandler.java:doStart(781)) - Started o.e.j.w.WebAppContext@34577542{/,file:///tmp/jetty-0.0.0.0-35910-hddsDatanode-_-any-3283272670204458627.dir/webapp/,AVAILABLE}{/hddsDatanode}
2019-08-23 10:08:21,310 [main] INFO  server.AbstractConnector (AbstractConnector.java:doStart(278)) - Started ServerConnector@29b78b34{HTTP/1.1,[http/1.1]}{0.0.0.0:35910}
2019-08-23 10:08:21,310 [main] INFO  server.Server (Server.java:doStart(419)) - Started @614268ms
2019-08-23 10:08:21,313 [main] INFO  server.BaseHttpServer (BaseHttpServer.java:updateConnectorAddress(213)) - HTTP server of HDDSDATANODE is listening at http://0.0.0.0:35910
2019-08-23 10:08:21,425 | INFO  | ObjectStoreRestHttpServer | Listening HDDS REST traffic on /0.0.0.0:36584 |  
2019-08-23 10:08:21,425 [main] INFO  ozone.HddsDatanodeService (HddsDatanodeService.java:startPlugins(395)) - Started plug-in org.apache.hadoop.ozone.web.OzoneHddsDatanodeService@28f20b2a
2019-08-23 10:08:21,425 [main] INFO  impl.MetricsSystemImpl (MetricsSystemImpl.java:init(158)) - HddsDatanode metrics system started (again)
2019-08-23 10:08:21,430 [org.apache.hadoop.util.JvmPauseMonitor$Monitor@1aed2497] INFO  util.JvmPauseMonitor (JvmPauseMonitor.java:run(188)) - Starting JVM pause monitor
2019-08-23 10:08:21,430 [main] INFO  ozone.HddsDatanodeService (HddsDatanodeService.java:start(184)) - HddsDatanodeService host:pr-hdds-1094-w8cgz-2737508714 ip:192.168.5.185
2019-08-23 10:08:21,432 [Datanode State Machine Thread - 0] INFO  datanode.InitDatanodeState (InitDatanodeState.java:persistContainerDatanodeDetails(140)) - DatanodeDetails is persisted to /workdir/hadoop-ozone/integration-test/target/test-dir/MiniOzoneClusterImpl-ce471ee4-c249-4497-9e9a-3bbe536c2c9a/datanode-5/meta/datanode.id
2019-08-23 10:08:21,445 [main] INFO  volume.HddsVolume (HddsVolume.java:<init>(176)) - Creating Volume: /workdir/hadoop-ozone/integration-test/target/test-dir/MiniOzoneClusterImpl-ce471ee4-c249-4497-9e9a-3bbe536c2c9a/datanode-6/data/containers/hdds of  storage type : DISK and capacity : 1482555576320
2019-08-23 10:08:21,445 [main] INFO  volume.VolumeSet (VolumeSet.java:initializeVolumeSet(170)) - Added Volume : /workdir/hadoop-ozone/integration-test/target/test-dir/MiniOzoneClusterImpl-ce471ee4-c249-4497-9e9a-3bbe536c2c9a/datanode-6/data/containers/hdds to VolumeSet
2019-08-23 10:08:21,445 [main] INFO  volume.ThrottledAsyncChecker (ThrottledAsyncChecker.java:schedule(140)) - Scheduling a check for org.apache.hadoop.ozone.container.common.volume.HddsVolume@6d7298be
2019-08-23 10:08:21,446 [main] INFO  volume.HddsVolumeChecker (HddsVolumeChecker.java:checkAllVolumes(203)) - Scheduled health check for volume org.apache.hadoop.ozone.container.common.volume.HddsVolume@6d7298be
2019-08-23 10:08:21,462 [main] INFO  impl.RaftServerProxy (ConfUtils.java:logGet(43)) - raft.rpc.type = GRPC (default)
2019-08-23 10:08:21,463 [main] INFO  grpc.GrpcFactory (GrpcFactory.java:checkPooledByteBufAllocatorUseCacheForAllThreads(45)) - PERFORMANCE WARNING: useCacheForAllThreads is true that may cause Netty to create a lot garbage objects and, as a result, trigger GC.
	It is recommended to disable useCacheForAllThreads by setting -Dorg.apache.ratis.thirdparty.io.netty.allocator.useCacheForAllThreads=false in command line.
2019-08-23 10:08:21,463 [main] INFO  grpc.GrpcConfigKeys$Server (ConfUtils.java:logGet(43)) - raft.grpc.server.port = 0 (default)
2019-08-23 10:08:21,463 [main] INFO  server.GrpcService (ConfUtils.java:logGet(43)) - raft.grpc.message.size.max = 33570816 (custom)
2019-08-23 10:08:21,463 [main] INFO  server.RaftServerConfigKeys (ConfUtils.java:logGet(43)) - raft.server.log.appender.buffer.byte-limit = 33554432 (custom)
2019-08-23 10:08:21,463 [main] INFO  server.GrpcService (ConfUtils.java:logGet(43)) - raft.grpc.flow.control.window = 1MB (=1048576) (default)
2019-08-23 10:08:21,464 [main] INFO  server.RaftServerConfigKeys (ConfUtils.java:logGet(43)) - raft.server.rpc.request.timeout = 3000ms (default)
2019-08-23 10:08:21,464 [main] INFO  server.RaftServerConfigKeys (ConfUtils.java:logGet(43)) - raft.server.storage.dir = [/workdir/hadoop-ozone/integration-test/target/test-dir/MiniOzoneClusterImpl-ce471ee4-c249-4497-9e9a-3bbe536c2c9a/datanode-6/data/ratis] (custom)
2019-08-23 10:08:21,464 [main] INFO  replication.SimpleContainerDownloader (SimpleContainerDownloader.java:<init>(72)) - Starting container downloader service to copy containers to replicate.
2019-08-23 10:08:21,465 [main] INFO  hdfs.DFSUtil (DFSUtil.java:httpServerTemplateForNNAndJN(1641)) - Starting Web-server for hddsDatanode at: http://0.0.0.0:0
2019-08-23 10:08:21,466 [main] INFO  server.AuthenticationFilter (AuthenticationFilter.java:constructSecretProvider(240)) - Unable to initialize FileSignerSecretProvider, falling back to use random secrets.
2019-08-23 10:08:21,467 [main] WARN  http.HttpRequestLog (HttpRequestLog.java:getRequestLog(97)) - Jetty request log can only be enabled using Log4j
2019-08-23 10:08:21,468 [main] INFO  http.HttpServer2 (HttpServer2.java:addGlobalFilter(975)) - Added global filter 'safety' (class=org.apache.hadoop.http.HttpServer2$QuotingInputFilter)
2019-08-23 10:08:21,468 [main] INFO  http.HttpServer2 (HttpServer2.java:addFilter(948)) - Added filter static_user_filter (class=org.apache.hadoop.http.lib.StaticUserWebFilter$StaticUserFilter) to context hddsDatanode
2019-08-23 10:08:21,468 [main] INFO  http.HttpServer2 (HttpServer2.java:addFilter(958)) - Added filter static_user_filter (class=org.apache.hadoop.http.lib.StaticUserWebFilter$StaticUserFilter) to context logs
2019-08-23 10:08:21,468 [main] INFO  http.HttpServer2 (HttpServer2.java:addFilter(958)) - Added filter static_user_filter (class=org.apache.hadoop.http.lib.StaticUserWebFilter$StaticUserFilter) to context static
2019-08-23 10:08:21,469 [main] INFO  http.HttpServer2 (HttpServer2.java:bindListener(1191)) - Jetty bound to port 40095
2019-08-23 10:08:21,469 [main] INFO  server.Server (Server.java:doStart(351)) - jetty-9.3.24.v20180605, build timestamp: 2018-06-05T17:11:56Z, git hash: 84205aa28f11a4f31f2a3b86d1bba2cc8ab69827
2019-08-23 10:08:21,470 [main] INFO  handler.ContextHandler (ContextHandler.java:doStart(781)) - Started o.e.j.s.ServletContextHandler@40fdcbd5{/logs,file:///workdir/hadoop-ozone/integration-test/target/log,AVAILABLE}
2019-08-23 10:08:21,471 [main] INFO  handler.ContextHandler (ContextHandler.java:doStart(781)) - Started o.e.j.s.ServletContextHandler@537dc661{/static,jar:file:/home/user/.m2/repository/org/apache/hadoop/hadoop-hdds-container-service/0.5.0-SNAPSHOT/hadoop-hdds-container-service-0.5.0-SNAPSHOT.jar!/webapps/static,AVAILABLE}
2019-08-23 10:08:21,497 [main] INFO  handler.ContextHandler (ContextHandler.java:doStart(781)) - Started o.e.j.w.WebAppContext@250e9655{/,file:///tmp/jetty-0.0.0.0-40095-hddsDatanode-_-any-7839319639250846715.dir/webapp/,AVAILABLE}{/hddsDatanode}
2019-08-23 10:08:21,498 [main] INFO  server.AbstractConnector (AbstractConnector.java:doStart(278)) - Started ServerConnector@4064cd60{HTTP/1.1,[http/1.1]}{0.0.0.0:40095}
2019-08-23 10:08:21,498 [main] INFO  server.Server (Server.java:doStart(419)) - Started @614456ms
2019-08-23 10:08:21,500 [main] INFO  server.BaseHttpServer (BaseHttpServer.java:updateConnectorAddress(213)) - HTTP server of HDDSDATANODE is listening at http://0.0.0.0:40095
2019-08-23 10:08:21,947 | INFO  | ObjectStoreRestHttpServer | Listening HDDS REST traffic on /0.0.0.0:34750 |  
2019-08-23 10:08:21,948 [main] INFO  ozone.HddsDatanodeService (HddsDatanodeService.java:startPlugins(395)) - Started plug-in org.apache.hadoop.ozone.web.OzoneHddsDatanodeService@6e2f838e
2019-08-23 10:08:21,948 [main] INFO  ozone.MiniOzoneClusterImpl (MiniOzoneClusterImpl.java:lambda$waitForClusterToBeReady$0(142)) - Waiting for cluster to be ready. Got 0 of 7 DN Heartbeats.
2019-08-23 10:08:21,949 [org.apache.hadoop.util.JvmPauseMonitor$Monitor@1de91315] INFO  util.JvmPauseMonitor (JvmPauseMonitor.java:run(188)) - Starting JVM pause monitor
2019-08-23 10:08:21,951 [Datanode State Machine Thread - 0] INFO  datanode.InitDatanodeState (InitDatanodeState.java:persistContainerDatanodeDetails(140)) - DatanodeDetails is persisted to /workdir/hadoop-ozone/integration-test/target/test-dir/MiniOzoneClusterImpl-ce471ee4-c249-4497-9e9a-3bbe536c2c9a/datanode-6/meta/datanode.id
2019-08-23 10:08:22,381 | INFO  | SCMAudit | user=jenkins1000 | ip=192.168.5.185 | op=GET_VERSION null | ret=SUCCESS |  
2019-08-23 10:08:22,424 [Datanode State Machine Thread - 0] INFO  ozoneimpl.OzoneContainer (OzoneContainer.java:start(186)) - Attempting to start container services.
2019-08-23 10:08:22,424 [Datanode State Machine Thread - 0] INFO  ozoneimpl.OzoneContainer (OzoneContainer.java:startContainerScrub(160)) - Background container scrubber has been disabled by hdds.containerscrub.enabled
2019-08-23 10:08:22,424 [Datanode State Machine Thread - 0] INFO  ratis.XceiverServerRatis (XceiverServerRatis.java:start(404)) - Starting XceiverServerRatis 4d0f799d-93dd-41e2-a20b-564af924474c at port 0
2019-08-23 10:08:22,431 [Datanode State Machine Thread - 0] INFO  impl.RaftServerProxy (RaftServerProxy.java:lambda$start$3(299)) - 4d0f799d-93dd-41e2-a20b-564af924474c: start RPC server
2019-08-23 10:08:22,433 [Datanode State Machine Thread - 0] INFO  server.GrpcService (GrpcService.java:startImpl(149)) - 4d0f799d-93dd-41e2-a20b-564af924474c: GrpcService started, listening on 0.0.0.0/0.0.0.0:46692
2019-08-23 10:08:22,433 [Datanode State Machine Thread - 0] INFO  ratis.XceiverServerRatis (XceiverServerRatis.java:start(414)) - XceiverServerRatis 4d0f799d-93dd-41e2-a20b-564af924474c is started using port 46692
2019-08-23 10:08:22,434 [Datanode State Machine Thread - 0] INFO  server.XceiverServerGrpc (XceiverServerGrpc.java:start(161)) - XceiverServerGrpc 4d0f799d-93dd-41e2-a20b-564af924474c is started using port 33828
2019-08-23 10:08:22,586 | INFO  | SCMAudit | user=jenkins1000 | ip=192.168.5.185 | op=GET_VERSION null | ret=SUCCESS |  
2019-08-23 10:08:22,609 [Datanode State Machine Thread - 0] INFO  ozoneimpl.OzoneContainer (OzoneContainer.java:start(186)) - Attempting to start container services.
2019-08-23 10:08:22,609 [Datanode State Machine Thread - 0] INFO  ozoneimpl.OzoneContainer (OzoneContainer.java:startContainerScrub(160)) - Background container scrubber has been disabled by hdds.containerscrub.enabled
2019-08-23 10:08:22,610 [Datanode State Machine Thread - 0] INFO  ratis.XceiverServerRatis (XceiverServerRatis.java:start(404)) - Starting XceiverServerRatis 92769923-cb08-48ca-bcac-59043f9e191a at port 0
2019-08-23 10:08:22,615 [Datanode State Machine Thread - 0] INFO  impl.RaftServerProxy (RaftServerProxy.java:lambda$start$3(299)) - 92769923-cb08-48ca-bcac-59043f9e191a: start RPC server
2019-08-23 10:08:22,618 [Datanode State Machine Thread - 0] INFO  server.GrpcService (GrpcService.java:startImpl(149)) - 92769923-cb08-48ca-bcac-59043f9e191a: GrpcService started, listening on 0.0.0.0/0.0.0.0:36286
2019-08-23 10:08:22,618 [Datanode State Machine Thread - 0] INFO  ratis.XceiverServerRatis (XceiverServerRatis.java:start(414)) - XceiverServerRatis 92769923-cb08-48ca-bcac-59043f9e191a is started using port 36286
2019-08-23 10:08:22,619 [Datanode State Machine Thread - 0] INFO  server.XceiverServerGrpc (XceiverServerGrpc.java:start(161)) - XceiverServerGrpc 92769923-cb08-48ca-bcac-59043f9e191a is started using port 42831
2019-08-23 10:08:22,838 | INFO  | SCMAudit | user=jenkins1000 | ip=192.168.5.185 | op=GET_VERSION null | ret=SUCCESS |  
2019-08-23 10:08:22,854 [Datanode State Machine Thread - 0] INFO  ozoneimpl.OzoneContainer (OzoneContainer.java:start(186)) - Attempting to start container services.
2019-08-23 10:08:22,854 [Datanode State Machine Thread - 0] INFO  ozoneimpl.OzoneContainer (OzoneContainer.java:startContainerScrub(160)) - Background container scrubber has been disabled by hdds.containerscrub.enabled
2019-08-23 10:08:22,854 [Datanode State Machine Thread - 0] INFO  ratis.XceiverServerRatis (XceiverServerRatis.java:start(404)) - Starting XceiverServerRatis 2fab9170-9418-4596-ad4d-318dc3d3daaf at port 0
2019-08-23 10:08:22,861 [Datanode State Machine Thread - 0] INFO  impl.RaftServerProxy (RaftServerProxy.java:lambda$start$3(299)) - 2fab9170-9418-4596-ad4d-318dc3d3daaf: start RPC server
2019-08-23 10:08:22,862 [Datanode State Machine Thread - 0] INFO  server.GrpcService (GrpcService.java:startImpl(149)) - 2fab9170-9418-4596-ad4d-318dc3d3daaf: GrpcService started, listening on 0.0.0.0/0.0.0.0:41060
2019-08-23 10:08:22,862 [Datanode State Machine Thread - 0] INFO  ratis.XceiverServerRatis (XceiverServerRatis.java:start(414)) - XceiverServerRatis 2fab9170-9418-4596-ad4d-318dc3d3daaf is started using port 41060
2019-08-23 10:08:22,862 [Datanode State Machine Thread - 0] INFO  server.XceiverServerGrpc (XceiverServerGrpc.java:start(161)) - XceiverServerGrpc 2fab9170-9418-4596-ad4d-318dc3d3daaf is started using port 39111
2019-08-23 10:08:22,948 [main] INFO  ozone.MiniOzoneClusterImpl (MiniOzoneClusterImpl.java:lambda$waitForClusterToBeReady$0(142)) - Waiting for cluster to be ready. Got 0 of 7 DN Heartbeats.
2019-08-23 10:08:23,054 | INFO  | SCMAudit | user=jenkins1000 | ip=192.168.5.185 | op=GET_VERSION null | ret=SUCCESS |  
2019-08-23 10:08:23,068 [Datanode State Machine Thread - 0] INFO  ozoneimpl.OzoneContainer (OzoneContainer.java:start(186)) - Attempting to start container services.
2019-08-23 10:08:23,068 [Datanode State Machine Thread - 0] INFO  ozoneimpl.OzoneContainer (OzoneContainer.java:startContainerScrub(160)) - Background container scrubber has been disabled by hdds.containerscrub.enabled
2019-08-23 10:08:23,068 [Datanode State Machine Thread - 0] INFO  ratis.XceiverServerRatis (XceiverServerRatis.java:start(404)) - Starting XceiverServerRatis c5104e55-9930-4334-991a-0509c5a1de9f at port 0
2019-08-23 10:08:23,076 [Datanode State Machine Thread - 0] INFO  impl.RaftServerProxy (RaftServerProxy.java:lambda$start$3(299)) - c5104e55-9930-4334-991a-0509c5a1de9f: start RPC server
2019-08-23 10:08:23,077 [Datanode State Machine Thread - 0] INFO  server.GrpcService (GrpcService.java:startImpl(149)) - c5104e55-9930-4334-991a-0509c5a1de9f: GrpcService started, listening on 0.0.0.0/0.0.0.0:39019
2019-08-23 10:08:23,077 [Datanode State Machine Thread - 0] INFO  ratis.XceiverServerRatis (XceiverServerRatis.java:start(414)) - XceiverServerRatis c5104e55-9930-4334-991a-0509c5a1de9f is started using port 39019
2019-08-23 10:08:23,077 [Datanode State Machine Thread - 0] INFO  server.XceiverServerGrpc (XceiverServerGrpc.java:start(161)) - XceiverServerGrpc c5104e55-9930-4334-991a-0509c5a1de9f is started using port 35715
2019-08-23 10:08:23,243 | INFO  | SCMAudit | user=jenkins1000 | ip=192.168.5.185 | op=GET_VERSION null | ret=SUCCESS |  
2019-08-23 10:08:23,268 [Datanode State Machine Thread - 0] INFO  ozoneimpl.OzoneContainer (OzoneContainer.java:start(186)) - Attempting to start container services.
2019-08-23 10:08:23,268 [Datanode State Machine Thread - 0] INFO  ozoneimpl.OzoneContainer (OzoneContainer.java:startContainerScrub(160)) - Background container scrubber has been disabled by hdds.containerscrub.enabled
2019-08-23 10:08:23,268 [Datanode State Machine Thread - 0] INFO  ratis.XceiverServerRatis (XceiverServerRatis.java:start(404)) - Starting XceiverServerRatis ea014020-99a8-4d4c-8164-e72a7e895f0e at port 0
2019-08-23 10:08:23,275 [Datanode State Machine Thread - 0] INFO  impl.RaftServerProxy (RaftServerProxy.java:lambda$start$3(299)) - ea014020-99a8-4d4c-8164-e72a7e895f0e: start RPC server
2019-08-23 10:08:23,276 [Datanode State Machine Thread - 0] INFO  server.GrpcService (GrpcService.java:startImpl(149)) - ea014020-99a8-4d4c-8164-e72a7e895f0e: GrpcService started, listening on 0.0.0.0/0.0.0.0:34367
2019-08-23 10:08:23,276 [Datanode State Machine Thread - 0] INFO  ratis.XceiverServerRatis (XceiverServerRatis.java:start(414)) - XceiverServerRatis ea014020-99a8-4d4c-8164-e72a7e895f0e is started using port 34367
2019-08-23 10:08:23,276 [Datanode State Machine Thread - 0] INFO  server.XceiverServerGrpc (XceiverServerGrpc.java:start(161)) - XceiverServerGrpc ea014020-99a8-4d4c-8164-e72a7e895f0e is started using port 39591
2019-08-23 10:08:23,431 | INFO  | SCMAudit | user=jenkins1000 | ip=192.168.5.185 | op=GET_VERSION null | ret=SUCCESS |  
2019-08-23 10:08:23,453 [Datanode State Machine Thread - 0] INFO  ozoneimpl.OzoneContainer (OzoneContainer.java:start(186)) - Attempting to start container services.
2019-08-23 10:08:23,453 [Datanode State Machine Thread - 0] INFO  ozoneimpl.OzoneContainer (OzoneContainer.java:startContainerScrub(160)) - Background container scrubber has been disabled by hdds.containerscrub.enabled
2019-08-23 10:08:23,453 [Datanode State Machine Thread - 0] INFO  ratis.XceiverServerRatis (XceiverServerRatis.java:start(404)) - Starting XceiverServerRatis 94b1aa13-75e5-4c16-a0db-f9a83d869744 at port 0
2019-08-23 10:08:23,459 [Datanode State Machine Thread - 0] INFO  impl.RaftServerProxy (RaftServerProxy.java:lambda$start$3(299)) - 94b1aa13-75e5-4c16-a0db-f9a83d869744: start RPC server
2019-08-23 10:08:23,463 [Datanode State Machine Thread - 0] INFO  server.GrpcService (GrpcService.java:startImpl(149)) - 94b1aa13-75e5-4c16-a0db-f9a83d869744: GrpcService started, listening on 0.0.0.0/0.0.0.0:39321
2019-08-23 10:08:23,464 [Datanode State Machine Thread - 0] INFO  ratis.XceiverServerRatis (XceiverServerRatis.java:start(414)) - XceiverServerRatis 94b1aa13-75e5-4c16-a0db-f9a83d869744 is started using port 39321
2019-08-23 10:08:23,466 [Datanode State Machine Thread - 0] INFO  server.XceiverServerGrpc (XceiverServerGrpc.java:start(161)) - XceiverServerGrpc 94b1aa13-75e5-4c16-a0db-f9a83d869744 is started using port 41019
2019-08-23 10:08:23,949 [main] INFO  ozone.MiniOzoneClusterImpl (MiniOzoneClusterImpl.java:lambda$waitForClusterToBeReady$0(142)) - Waiting for cluster to be ready. Got 0 of 7 DN Heartbeats.
2019-08-23 10:08:23,950 | INFO  | SCMAudit | user=jenkins1000 | ip=192.168.5.185 | op=GET_VERSION null | ret=SUCCESS |  
2019-08-23 10:08:23,963 [Datanode State Machine Thread - 0] INFO  ozoneimpl.OzoneContainer (OzoneContainer.java:start(186)) - Attempting to start container services.
2019-08-23 10:08:23,963 [Datanode State Machine Thread - 0] INFO  ozoneimpl.OzoneContainer (OzoneContainer.java:startContainerScrub(160)) - Background container scrubber has been disabled by hdds.containerscrub.enabled
2019-08-23 10:08:23,963 [Datanode State Machine Thread - 0] INFO  ratis.XceiverServerRatis (XceiverServerRatis.java:start(404)) - Starting XceiverServerRatis 96496dd4-7d5d-446d-98dc-dd809537dce1 at port 0
2019-08-23 10:08:23,969 [Datanode State Machine Thread - 0] INFO  impl.RaftServerProxy (RaftServerProxy.java:lambda$start$3(299)) - 96496dd4-7d5d-446d-98dc-dd809537dce1: start RPC server
2019-08-23 10:08:23,970 [Datanode State Machine Thread - 0] INFO  server.GrpcService (GrpcService.java:startImpl(149)) - 96496dd4-7d5d-446d-98dc-dd809537dce1: GrpcService started, listening on 0.0.0.0/0.0.0.0:44254
2019-08-23 10:08:23,970 [Datanode State Machine Thread - 0] INFO  ratis.XceiverServerRatis (XceiverServerRatis.java:start(414)) - XceiverServerRatis 96496dd4-7d5d-446d-98dc-dd809537dce1 is started using port 44254
2019-08-23 10:08:23,982 [Datanode State Machine Thread - 0] INFO  server.XceiverServerGrpc (XceiverServerGrpc.java:start(161)) - XceiverServerGrpc 96496dd4-7d5d-446d-98dc-dd809537dce1 is started using port 41162
2019-08-23 10:08:24,381 [IPC Server handler 14 on 34947] INFO  net.NetworkTopology (NetworkTopologyImpl.java:add(110)) - Added a new node: /default-rack/4d0f799d-93dd-41e2-a20b-564af924474c
2019-08-23 10:08:24,383 [IPC Server handler 14 on 34947] INFO  node.SCMNodeManager (SCMNodeManager.java:register(273)) - Registered Data node : 4d0f799d-93dd-41e2-a20b-564af924474c{ip: 192.168.5.185, host: pr-hdds-1094-w8cgz-2737508714, networkLocation: /default-rack, certSerialId: null}
2019-08-23 10:08:24,384 | INFO  | SCMAudit | user=jenkins1000 | ip=192.168.5.185 | op=REGISTER {datanodeDetails=4d0f799d-93dd-41e2-a20b-564af924474c{ip: 192.168.5.185, host: pr-hdds-1094-w8cgz-2737508714, networkLocation: /default-rack, certSerialId: null}} | ret=SUCCESS |  
2019-08-23 10:08:24,384 [EventQueue-NodeRegistrationContainerReportForDataNodeSafeModeRule] INFO  safemode.SCMSafeModeManager (DataNodeSafeModeRule.java:process(71)) - SCM in safe mode. 1 DataNodes registered, 1 required.
2019-08-23 10:08:24,387 [EventQueue-NodeRegistrationContainerReportForDataNodeSafeModeRule] INFO  safemode.SCMSafeModeManager (SCMSafeModeManager.java:validateSafeModeExitRules(177)) - ScmSafeModeManager, all rules are successfully validated
2019-08-23 10:08:24,387 [EventQueue-NodeRegistrationContainerReportForDataNodeSafeModeRule] INFO  safemode.SCMSafeModeManager (SCMSafeModeManager.java:exitSafeMode(193)) - SCM exiting safe mode.
2019-08-23 10:08:24,410 [grpc-default-executor-4] INFO  impl.RaftServerProxy (RaftServerProxy.java:addNew(89)) - 4d0f799d-93dd-41e2-a20b-564af924474c: addNew group-ECE226544A9C:[4d0f799d-93dd-41e2-a20b-564af924474c:192.168.5.185:46692] returns group-ECE226544A9C:java.util.concurrent.CompletableFuture@2d4fbbc[Not completed]
2019-08-23 10:08:24,411 [pool-633-thread-1] INFO  impl.RaftServerImpl (RaftServerImpl.java:<init>(93)) - 4d0f799d-93dd-41e2-a20b-564af924474c: new RaftServerImpl for group-ECE226544A9C:[4d0f799d-93dd-41e2-a20b-564af924474c:192.168.5.185:46692] with ContainerStateMachine:uninitialized
2019-08-23 10:08:24,412 [pool-633-thread-1] INFO  server.RaftServerConfigKeys (ConfUtils.java:logGet(43)) - raft.server.rpc.timeout.min = 5s (custom)
2019-08-23 10:08:24,412 [pool-633-thread-1] INFO  server.RaftServerConfigKeys (ConfUtils.java:logGet(43)) - raft.server.rpc.timeout.max = 5200ms (custom)
2019-08-23 10:08:24,412 [pool-633-thread-1] INFO  server.RaftServerConfigKeys (ConfUtils.java:logGet(43)) - raft.server.rpcslowness.timeout = 120s (custom)
2019-08-23 10:08:24,412 [pool-633-thread-1] INFO  server.RaftServerConfigKeys (ConfUtils.java:logGet(43)) - raft.server.sleep.deviation.threshold = 300 (default)
2019-08-23 10:08:24,412 [pool-633-thread-1] INFO  server.RaftServerConfigKeys (ConfUtils.java:logGet(43)) - raft.server.log.appender.install.snapshot.enabled = false (custom)
2019-08-23 10:08:24,412 [pool-633-thread-1] INFO  impl.RaftServerImpl (ServerState.java:<init>(105)) - 4d0f799d-93dd-41e2-a20b-564af924474c:group-ECE226544A9C ConfigurationManager, init=-1: [4d0f799d-93dd-41e2-a20b-564af924474c:192.168.5.185:46692], old=null, confs=<EMPTY_MAP>
2019-08-23 10:08:24,412 [pool-633-thread-1] INFO  server.RaftServerConfigKeys (ConfUtils.java:logGet(43)) - raft.server.storage.dir = [/workdir/hadoop-ozone/integration-test/target/test-dir/MiniOzoneClusterImpl-ce471ee4-c249-4497-9e9a-3bbe536c2c9a/datanode-0/data/ratis] (custom)
2019-08-23 10:08:24,413 [pool-633-thread-1] INFO  storage.RaftStorageDirectory (RaftStorageDirectory.java:analyzeStorage(246)) - The storage directory /workdir/hadoop-ozone/integration-test/target/test-dir/MiniOzoneClusterImpl-ce471ee4-c249-4497-9e9a-3bbe536c2c9a/datanode-0/data/ratis/7877bf7b-9e2c-4b60-9f3b-ece226544a9c does not exist. Creating ...
2019-08-23 10:08:24,426 [pool-633-thread-1] INFO  storage.RaftStorageDirectory (RaftStorageDirectory.java:tryLock(328)) - Lock on /workdir/hadoop-ozone/integration-test/target/test-dir/MiniOzoneClusterImpl-ce471ee4-c249-4497-9e9a-3bbe536c2c9a/datanode-0/data/ratis/7877bf7b-9e2c-4b60-9f3b-ece226544a9c/in_use.lock acquired by nodename 29324@pr-hdds-1094-w8cgz-2737508714
2019-08-23 10:08:24,440 [pool-633-thread-1] INFO  storage.RaftStorage (RaftStorage.java:format(72)) - Storage directory /workdir/hadoop-ozone/integration-test/target/test-dir/MiniOzoneClusterImpl-ce471ee4-c249-4497-9e9a-3bbe536c2c9a/datanode-0/data/ratis/7877bf7b-9e2c-4b60-9f3b-ece226544a9c has been successfully formatted.
2019-08-23 10:08:24,441 [pool-633-thread-1] INFO  ratis.ContainerStateMachine (ContainerStateMachine.java:loadSnapshot(226)) - group-ECE226544A9C: The snapshot info is null. Setting the last applied indexto:(t:0, i:~)
2019-08-23 10:08:24,441 [pool-633-thread-1] INFO  server.RaftServerConfigKeys (ConfUtils.java:logGet(43)) - raft.server.leader.election.timeout = 120s (custom)
2019-08-23 10:08:24,441 [pool-633-thread-1] INFO  server.RaftServerConfigKeys (ConfUtils.java:logGet(43)) - raft.server.log.use.memory = false (default)
2019-08-23 10:08:24,441 [pool-633-thread-1] INFO  server.RaftServerConfigKeys (ConfUtils.java:logGet(43)) - raft.server.log.purge.gap = 1000000 (custom)
2019-08-23 10:08:24,441 [pool-633-thread-1] INFO  server.RaftServerConfigKeys (ConfUtils.java:logGet(43)) - raft.server.log.appender.buffer.byte-limit = 33554432 (custom)
2019-08-23 10:08:24,441 [pool-633-thread-1] INFO  server.RaftServerConfigKeys (ConfUtils.java:logGet(43)) - raft.server.log.segment.size.max = 1048576 (custom)
2019-08-23 10:08:24,442 [pool-633-thread-1] INFO  server.RaftServerConfigKeys (ConfUtils.java:logGet(43)) - raft.server.log.segment.cache.num.max = 2 (custom)
2019-08-23 10:08:24,442 [pool-633-thread-1] INFO  segmented.SegmentedRaftLogWorker (SegmentedRaftLogWorker.java:<init>(172)) - new 4d0f799d-93dd-41e2-a20b-564af924474c-SegmentedRaftLogWorker:Storage Directory /workdir/hadoop-ozone/integration-test/target/test-dir/MiniOzoneClusterImpl-ce471ee4-c249-4497-9e9a-3bbe536c2c9a/datanode-0/data/ratis/7877bf7b-9e2c-4b60-9f3b-ece226544a9c for RaftStorage:Storage Directory /workdir/hadoop-ozone/integration-test/target/test-dir/MiniOzoneClusterImpl-ce471ee4-c249-4497-9e9a-3bbe536c2c9a/datanode-0/data/ratis/7877bf7b-9e2c-4b60-9f3b-ece226544a9c
2019-08-23 10:08:24,442 [pool-633-thread-1] INFO  server.RaftServerConfigKeys (ConfUtils.java:logGet(43)) - raft.server.log.queue.byte-limit = 2147483647 (custom)
2019-08-23 10:08:24,442 [pool-633-thread-1] INFO  server.RaftServerConfigKeys (ConfUtils.java:logGet(43)) - raft.server.log.queue.element-limit = 1024 (custom)
2019-08-23 10:08:24,443 [pool-633-thread-1] INFO  server.RaftServerConfigKeys (ConfUtils.java:logGet(43)) - raft.server.log.segment.size.max = 1048576 (custom)
2019-08-23 10:08:24,443 [pool-633-thread-1] INFO  server.RaftServerConfigKeys (ConfUtils.java:logGet(43)) - raft.server.log.preallocated.size = 16384 (custom)
2019-08-23 10:08:24,443 [pool-633-thread-1] INFO  server.RaftServerConfigKeys (ConfUtils.java:logGet(43)) - raft.server.log.write.buffer.size = 33554432 (custom)
2019-08-23 10:08:24,443 [pool-633-thread-1] INFO  server.RaftServerConfigKeys (ConfUtils.java:logGet(43)) - raft.server.log.force.sync.num = 128 (default)
2019-08-23 10:08:24,443 [pool-633-thread-1] INFO  server.RaftServerConfigKeys (ConfUtils.java:logGet(43)) - raft.server.log.statemachine.data.sync = true (default)
2019-08-23 10:08:24,443 [pool-633-thread-1] INFO  server.RaftServerConfigKeys (ConfUtils.java:logGet(43)) - raft.server.log.statemachine.data.sync.timeout = 10s (default)
2019-08-23 10:08:24,444 [pool-633-thread-1] INFO  server.RaftServerConfigKeys (ConfUtils.java:logGet(43)) - raft.server.log.statemachine.data.sync.timeout.retry = -1 (default)
2019-08-23 10:08:24,444 [pool-633-thread-1] INFO  server.RaftServerConfigKeys (ConfUtils.java:logGet(43)) - raft.server.log.statemachine.data.caching.enabled = true (custom)
2019-08-23 10:08:24,444 [pool-633-thread-1] INFO  segmented.SegmentedRaftLogWorker (SegmentedRaftLogWorker.java:lambda$new$0(132)) - 4d0f799d-93dd-41e2-a20b-564af924474c-SegmentedRaftLogWorker:Storage Directory /workdir/hadoop-ozone/integration-test/target/test-dir/MiniOzoneClusterImpl-ce471ee4-c249-4497-9e9a-3bbe536c2c9a/datanode-0/data/ratis/7877bf7b-9e2c-4b60-9f3b-ece226544a9c: flushIndex: setUnconditionally 0 -> -1
2019-08-23 10:08:24,445 [pool-633-thread-1] INFO  server.RaftServerConfigKeys (ConfUtils.java:logGet(43)) - raft.server.snapshot.auto.trigger.enabled = true (custom)
2019-08-23 10:08:24,445 [pool-633-thread-1] INFO  server.RaftServerConfigKeys (ConfUtils.java:logGet(43)) - raft.server.snapshot.auto.trigger.threshold = 10000 (custom)
2019-08-23 10:08:24,445 [pool-633-thread-1] INFO  server.RaftServerConfigKeys (ConfUtils.java:logGet(43)) - raft.server.retrycache.expirytime = 600000ms (custom)
2019-08-23 10:08:24,445 [pool-633-thread-1] INFO  impl.RaftServerImpl (RaftServerImpl.java:start(180)) - 4d0f799d-93dd-41e2-a20b-564af924474c: start group-ECE226544A9C
2019-08-23 10:08:24,445 [pool-633-thread-1] INFO  impl.RaftServerImpl (RaftServerImpl.java:setRole(171)) - 4d0f799d-93dd-41e2-a20b-564af924474c:group-ECE226544A9C changes role from null to FOLLOWER at term 0 for startAsFollower
2019-08-23 10:08:24,445 [pool-633-thread-1] INFO  impl.RoleInfo (RoleInfo.java:updateAndGet(143)) - 4d0f799d-93dd-41e2-a20b-564af924474c: start FollowerState
2019-08-23 10:08:24,447 [pool-633-thread-1] INFO  util.JmxRegister (JmxRegister.java:tryRegister(44)) - Successfully registered JMX Bean with object name Ratis:service=RaftServer,group=group-ECE226544A9C,id=4d0f799d-93dd-41e2-a20b-564af924474c
2019-08-23 10:08:24,452 [RatisPipelineUtilsThread] INFO  pipeline.PipelineStateManager (PipelineStateManager.java:addPipeline(56)) - Created pipeline Pipeline[ Id: 7877bf7b-9e2c-4b60-9f3b-ece226544a9c, Nodes: 4d0f799d-93dd-41e2-a20b-564af924474c{ip: 192.168.5.185, host: pr-hdds-1094-w8cgz-2737508714, networkLocation: /default-rack, certSerialId: null}, Type:RATIS, Factor:ONE, State:OPEN]
2019-08-23 10:08:24,587 [IPC Server handler 16 on 34947] INFO  net.NetworkTopology (NetworkTopologyImpl.java:add(110)) - Added a new node: /default-rack/92769923-cb08-48ca-bcac-59043f9e191a
2019-08-23 10:08:24,587 [IPC Server handler 16 on 34947] INFO  node.SCMNodeManager (SCMNodeManager.java:register(273)) - Registered Data node : 92769923-cb08-48ca-bcac-59043f9e191a{ip: 192.168.5.185, host: pr-hdds-1094-w8cgz-2737508714, networkLocation: /default-rack, certSerialId: null}
2019-08-23 10:08:24,587 | INFO  | SCMAudit | user=jenkins1000 | ip=192.168.5.185 | op=REGISTER {datanodeDetails=92769923-cb08-48ca-bcac-59043f9e191a{ip: 192.168.5.185, host: pr-hdds-1094-w8cgz-2737508714, networkLocation: /default-rack, certSerialId: null}} | ret=SUCCESS |  
2019-08-23 10:08:24,607 [grpc-default-executor-4] INFO  impl.RaftServerProxy (RaftServerProxy.java:addNew(89)) - 92769923-cb08-48ca-bcac-59043f9e191a: addNew group-3B7FD8719E34:[92769923-cb08-48ca-bcac-59043f9e191a:192.168.5.185:36286] returns group-3B7FD8719E34:java.util.concurrent.CompletableFuture@725f40c7[Not completed]
2019-08-23 10:08:24,608 [pool-644-thread-1] INFO  impl.RaftServerImpl (RaftServerImpl.java:<init>(93)) - 92769923-cb08-48ca-bcac-59043f9e191a: new RaftServerImpl for group-3B7FD8719E34:[92769923-cb08-48ca-bcac-59043f9e191a:192.168.5.185:36286] with ContainerStateMachine:uninitialized
2019-08-23 10:08:24,609 [pool-644-thread-1] INFO  server.RaftServerConfigKeys (ConfUtils.java:logGet(43)) - raft.server.rpc.timeout.min = 5s (custom)
2019-08-23 10:08:24,609 [pool-644-thread-1] INFO  server.RaftServerConfigKeys (ConfUtils.java:logGet(43)) - raft.server.rpc.timeout.max = 5200ms (custom)
2019-08-23 10:08:24,609 [pool-644-thread-1] INFO  server.RaftServerConfigKeys (ConfUtils.java:logGet(43)) - raft.server.rpcslowness.timeout = 120s (custom)
2019-08-23 10:08:24,609 [pool-644-thread-1] INFO  server.RaftServerConfigKeys (ConfUtils.java:logGet(43)) - raft.server.sleep.deviation.threshold = 300 (default)
2019-08-23 10:08:24,609 [pool-644-thread-1] INFO  server.RaftServerConfigKeys (ConfUtils.java:logGet(43)) - raft.server.log.appender.install.snapshot.enabled = false (custom)
2019-08-23 10:08:24,609 [pool-644-thread-1] INFO  impl.RaftServerImpl (ServerState.java:<init>(105)) - 92769923-cb08-48ca-bcac-59043f9e191a:group-3B7FD8719E34 ConfigurationManager, init=-1: [92769923-cb08-48ca-bcac-59043f9e191a:192.168.5.185:36286], old=null, confs=<EMPTY_MAP>
2019-08-23 10:08:24,610 [pool-644-thread-1] INFO  server.RaftServerConfigKeys (ConfUtils.java:logGet(43)) - raft.server.storage.dir = [/workdir/hadoop-ozone/integration-test/target/test-dir/MiniOzoneClusterImpl-ce471ee4-c249-4497-9e9a-3bbe536c2c9a/datanode-1/data/ratis] (custom)
2019-08-23 10:08:24,610 [pool-644-thread-1] INFO  storage.RaftStorageDirectory (RaftStorageDirectory.java:analyzeStorage(246)) - The storage directory /workdir/hadoop-ozone/integration-test/target/test-dir/MiniOzoneClusterImpl-ce471ee4-c249-4497-9e9a-3bbe536c2c9a/datanode-1/data/ratis/5bf2451d-d108-4c7f-b4f4-3b7fd8719e34 does not exist. Creating ...
2019-08-23 10:08:24,623 [pool-644-thread-1] INFO  storage.RaftStorageDirectory (RaftStorageDirectory.java:tryLock(328)) - Lock on /workdir/hadoop-ozone/integration-test/target/test-dir/MiniOzoneClusterImpl-ce471ee4-c249-4497-9e9a-3bbe536c2c9a/datanode-1/data/ratis/5bf2451d-d108-4c7f-b4f4-3b7fd8719e34/in_use.lock acquired by nodename 29324@pr-hdds-1094-w8cgz-2737508714
2019-08-23 10:08:24,635 [pool-644-thread-1] INFO  storage.RaftStorage (RaftStorage.java:format(72)) - Storage directory /workdir/hadoop-ozone/integration-test/target/test-dir/MiniOzoneClusterImpl-ce471ee4-c249-4497-9e9a-3bbe536c2c9a/datanode-1/data/ratis/5bf2451d-d108-4c7f-b4f4-3b7fd8719e34 has been successfully formatted.
2019-08-23 10:08:24,635 [pool-644-thread-1] INFO  ratis.ContainerStateMachine (ContainerStateMachine.java:loadSnapshot(226)) - group-3B7FD8719E34: The snapshot info is null. Setting the last applied indexto:(t:0, i:~)
2019-08-23 10:08:24,635 [pool-644-thread-1] INFO  server.RaftServerConfigKeys (ConfUtils.java:logGet(43)) - raft.server.leader.election.timeout = 120s (custom)
2019-08-23 10:08:24,635 [pool-644-thread-1] INFO  server.RaftServerConfigKeys (ConfUtils.java:logGet(43)) - raft.server.log.use.memory = false (default)
2019-08-23 10:08:24,635 [pool-644-thread-1] INFO  server.RaftServerConfigKeys (ConfUtils.java:logGet(43)) - raft.server.log.purge.gap = 1000000 (custom)
2019-08-23 10:08:24,636 [pool-644-thread-1] INFO  server.RaftServerConfigKeys (ConfUtils.java:logGet(43)) - raft.server.log.appender.buffer.byte-limit = 33554432 (custom)
2019-08-23 10:08:24,636 [pool-644-thread-1] INFO  server.RaftServerConfigKeys (ConfUtils.java:logGet(43)) - raft.server.log.segment.size.max = 1048576 (custom)
2019-08-23 10:08:24,636 [pool-644-thread-1] INFO  server.RaftServerConfigKeys (ConfUtils.java:logGet(43)) - raft.server.log.segment.cache.num.max = 2 (custom)
2019-08-23 10:08:24,636 [pool-644-thread-1] INFO  segmented.SegmentedRaftLogWorker (SegmentedRaftLogWorker.java:<init>(172)) - new 92769923-cb08-48ca-bcac-59043f9e191a-SegmentedRaftLogWorker:Storage Directory /workdir/hadoop-ozone/integration-test/target/test-dir/MiniOzoneClusterImpl-ce471ee4-c249-4497-9e9a-3bbe536c2c9a/datanode-1/data/ratis/5bf2451d-d108-4c7f-b4f4-3b7fd8719e34 for RaftStorage:Storage Directory /workdir/hadoop-ozone/integration-test/target/test-dir/MiniOzoneClusterImpl-ce471ee4-c249-4497-9e9a-3bbe536c2c9a/datanode-1/data/ratis/5bf2451d-d108-4c7f-b4f4-3b7fd8719e34
2019-08-23 10:08:24,636 [pool-644-thread-1] INFO  server.RaftServerConfigKeys (ConfUtils.java:logGet(43)) - raft.server.log.queue.byte-limit = 2147483647 (custom)
2019-08-23 10:08:24,636 [pool-644-thread-1] INFO  server.RaftServerConfigKeys (ConfUtils.java:logGet(43)) - raft.server.log.queue.element-limit = 1024 (custom)
2019-08-23 10:08:24,637 [pool-644-thread-1] INFO  server.RaftServerConfigKeys (ConfUtils.java:logGet(43)) - raft.server.log.segment.size.max = 1048576 (custom)
2019-08-23 10:08:24,637 [pool-644-thread-1] INFO  server.RaftServerConfigKeys (ConfUtils.java:logGet(43)) - raft.server.log.preallocated.size = 16384 (custom)
2019-08-23 10:08:24,637 [pool-644-thread-1] INFO  server.RaftServerConfigKeys (ConfUtils.java:logGet(43)) - raft.server.log.write.buffer.size = 33554432 (custom)
2019-08-23 10:08:24,637 [pool-644-thread-1] INFO  server.RaftServerConfigKeys (ConfUtils.java:logGet(43)) - raft.server.log.force.sync.num = 128 (default)
2019-08-23 10:08:24,637 [pool-644-thread-1] INFO  server.RaftServerConfigKeys (ConfUtils.java:logGet(43)) - raft.server.log.statemachine.data.sync = true (default)
2019-08-23 10:08:24,637 [pool-644-thread-1] INFO  server.RaftServerConfigKeys (ConfUtils.java:logGet(43)) - raft.server.log.statemachine.data.sync.timeout = 10s (default)
2019-08-23 10:08:24,638 [pool-644-thread-1] INFO  server.RaftServerConfigKeys (ConfUtils.java:logGet(43)) - raft.server.log.statemachine.data.sync.timeout.retry = -1 (default)
2019-08-23 10:08:24,638 [pool-644-thread-1] INFO  server.RaftServerConfigKeys (ConfUtils.java:logGet(43)) - raft.server.log.statemachine.data.caching.enabled = true (custom)
2019-08-23 10:08:24,638 [pool-644-thread-1] INFO  segmented.SegmentedRaftLogWorker (SegmentedRaftLogWorker.java:lambda$new$0(132)) - 92769923-cb08-48ca-bcac-59043f9e191a-SegmentedRaftLogWorker:Storage Directory /workdir/hadoop-ozone/integration-test/target/test-dir/MiniOzoneClusterImpl-ce471ee4-c249-4497-9e9a-3bbe536c2c9a/datanode-1/data/ratis/5bf2451d-d108-4c7f-b4f4-3b7fd8719e34: flushIndex: setUnconditionally 0 -> -1
2019-08-23 10:08:24,639 [pool-644-thread-1] INFO  server.RaftServerConfigKeys (ConfUtils.java:logGet(43)) - raft.server.snapshot.auto.trigger.enabled = true (custom)
2019-08-23 10:08:24,639 [pool-644-thread-1] INFO  server.RaftServerConfigKeys (ConfUtils.java:logGet(43)) - raft.server.snapshot.auto.trigger.threshold = 10000 (custom)
2019-08-23 10:08:24,639 [pool-644-thread-1] INFO  server.RaftServerConfigKeys (ConfUtils.java:logGet(43)) - raft.server.retrycache.expirytime = 600000ms (custom)
2019-08-23 10:08:24,639 [pool-644-thread-1] INFO  impl.RaftServerImpl (RaftServerImpl.java:start(180)) - 92769923-cb08-48ca-bcac-59043f9e191a: start group-3B7FD8719E34
2019-08-23 10:08:24,639 [pool-644-thread-1] INFO  impl.RaftServerImpl (RaftServerImpl.java:setRole(171)) - 92769923-cb08-48ca-bcac-59043f9e191a:group-3B7FD8719E34 changes role from null to FOLLOWER at term 0 for startAsFollower
2019-08-23 10:08:24,640 [pool-644-thread-1] INFO  impl.RoleInfo (RoleInfo.java:updateAndGet(143)) - 92769923-cb08-48ca-bcac-59043f9e191a: start FollowerState
2019-08-23 10:08:24,640 [pool-644-thread-1] INFO  util.JmxRegister (JmxRegister.java:tryRegister(44)) - Successfully registered JMX Bean with object name Ratis:service=RaftServer,group=group-3B7FD8719E34,id=92769923-cb08-48ca-bcac-59043f9e191a
2019-08-23 10:08:24,646 [RatisPipelineUtilsThread] INFO  pipeline.PipelineStateManager (PipelineStateManager.java:addPipeline(56)) - Created pipeline Pipeline[ Id: 5bf2451d-d108-4c7f-b4f4-3b7fd8719e34, Nodes: 92769923-cb08-48ca-bcac-59043f9e191a{ip: 192.168.5.185, host: pr-hdds-1094-w8cgz-2737508714, networkLocation: /default-rack, certSerialId: null}, Type:RATIS, Factor:ONE, State:OPEN]
2019-08-23 10:08:24,839 [IPC Server handler 18 on 34947] INFO  net.NetworkTopology (NetworkTopologyImpl.java:add(110)) - Added a new node: /default-rack/2fab9170-9418-4596-ad4d-318dc3d3daaf
2019-08-23 10:08:24,839 [IPC Server handler 18 on 34947] INFO  node.SCMNodeManager (SCMNodeManager.java:register(273)) - Registered Data node : 2fab9170-9418-4596-ad4d-318dc3d3daaf{ip: 192.168.5.185, host: pr-hdds-1094-w8cgz-2737508714, networkLocation: /default-rack, certSerialId: null}
2019-08-23 10:08:24,852 | INFO  | SCMAudit | user=jenkins1000 | ip=192.168.5.185 | op=REGISTER {datanodeDetails=2fab9170-9418-4596-ad4d-318dc3d3daaf{ip: 192.168.5.185, host: pr-hdds-1094-w8cgz-2737508714, networkLocation: /default-rack, certSerialId: null}} | ret=SUCCESS |  
2019-08-23 10:08:24,861 [grpc-default-executor-4] INFO  impl.RaftServerProxy (RaftServerProxy.java:addNew(89)) - 2fab9170-9418-4596-ad4d-318dc3d3daaf: addNew group-1F98DBF9403A:[2fab9170-9418-4596-ad4d-318dc3d3daaf:192.168.5.185:41060] returns group-1F98DBF9403A:java.util.concurrent.CompletableFuture@cef9a88[Not completed]
2019-08-23 10:08:24,862 [pool-655-thread-1] INFO  impl.RaftServerImpl (RaftServerImpl.java:<init>(93)) - 2fab9170-9418-4596-ad4d-318dc3d3daaf: new RaftServerImpl for group-1F98DBF9403A:[2fab9170-9418-4596-ad4d-318dc3d3daaf:192.168.5.185:41060] with ContainerStateMachine:uninitialized
2019-08-23 10:08:24,862 [pool-655-thread-1] INFO  server.RaftServerConfigKeys (ConfUtils.java:logGet(43)) - raft.server.rpc.timeout.min = 5s (custom)
2019-08-23 10:08:24,862 [pool-655-thread-1] INFO  server.RaftServerConfigKeys (ConfUtils.java:logGet(43)) - raft.server.rpc.timeout.max = 5200ms (custom)
2019-08-23 10:08:24,862 [pool-655-thread-1] INFO  server.RaftServerConfigKeys (ConfUtils.java:logGet(43)) - raft.server.rpcslowness.timeout = 120s (custom)
2019-08-23 10:08:24,862 [pool-655-thread-1] INFO  server.RaftServerConfigKeys (ConfUtils.java:logGet(43)) - raft.server.sleep.deviation.threshold = 300 (default)
2019-08-23 10:08:24,863 [pool-655-thread-1] INFO  server.RaftServerConfigKeys (ConfUtils.java:logGet(43)) - raft.server.log.appender.install.snapshot.enabled = false (custom)
2019-08-23 10:08:24,863 [pool-655-thread-1] INFO  impl.RaftServerImpl (ServerState.java:<init>(105)) - 2fab9170-9418-4596-ad4d-318dc3d3daaf:group-1F98DBF9403A ConfigurationManager, init=-1: [2fab9170-9418-4596-ad4d-318dc3d3daaf:192.168.5.185:41060], old=null, confs=<EMPTY_MAP>
2019-08-23 10:08:24,863 [pool-655-thread-1] INFO  server.RaftServerConfigKeys (ConfUtils.java:logGet(43)) - raft.server.storage.dir = [/workdir/hadoop-ozone/integration-test/target/test-dir/MiniOzoneClusterImpl-ce471ee4-c249-4497-9e9a-3bbe536c2c9a/datanode-2/data/ratis] (custom)
2019-08-23 10:08:24,863 [pool-655-thread-1] INFO  storage.RaftStorageDirectory (RaftStorageDirectory.java:analyzeStorage(246)) - The storage directory /workdir/hadoop-ozone/integration-test/target/test-dir/MiniOzoneClusterImpl-ce471ee4-c249-4497-9e9a-3bbe536c2c9a/datanode-2/data/ratis/041f8a71-ce51-47b7-b89b-1f98dbf9403a does not exist. Creating ...
2019-08-23 10:08:24,888 [pool-655-thread-1] INFO  storage.RaftStorageDirectory (RaftStorageDirectory.java:tryLock(328)) - Lock on /workdir/hadoop-ozone/integration-test/target/test-dir/MiniOzoneClusterImpl-ce471ee4-c249-4497-9e9a-3bbe536c2c9a/datanode-2/data/ratis/041f8a71-ce51-47b7-b89b-1f98dbf9403a/in_use.lock acquired by nodename 29324@pr-hdds-1094-w8cgz-2737508714
2019-08-23 10:08:24,900 [pool-655-thread-1] INFO  storage.RaftStorage (RaftStorage.java:format(72)) - Storage directory /workdir/hadoop-ozone/integration-test/target/test-dir/MiniOzoneClusterImpl-ce471ee4-c249-4497-9e9a-3bbe536c2c9a/datanode-2/data/ratis/041f8a71-ce51-47b7-b89b-1f98dbf9403a has been successfully formatted.
2019-08-23 10:08:24,901 [pool-655-thread-1] INFO  ratis.ContainerStateMachine (ContainerStateMachine.java:loadSnapshot(226)) - group-1F98DBF9403A: The snapshot info is null. Setting the last applied indexto:(t:0, i:~)
2019-08-23 10:08:24,901 [pool-655-thread-1] INFO  server.RaftServerConfigKeys (ConfUtils.java:logGet(43)) - raft.server.leader.election.timeout = 120s (custom)
2019-08-23 10:08:24,901 [pool-655-thread-1] INFO  server.RaftServerConfigKeys (ConfUtils.java:logGet(43)) - raft.server.log.use.memory = false (default)
2019-08-23 10:08:24,901 [pool-655-thread-1] INFO  server.RaftServerConfigKeys (ConfUtils.java:logGet(43)) - raft.server.log.purge.gap = 1000000 (custom)
2019-08-23 10:08:24,901 [pool-655-thread-1] INFO  server.RaftServerConfigKeys (ConfUtils.java:logGet(43)) - raft.server.log.appender.buffer.byte-limit = 33554432 (custom)
2019-08-23 10:08:24,902 [pool-655-thread-1] INFO  server.RaftServerConfigKeys (ConfUtils.java:logGet(43)) - raft.server.log.segment.size.max = 1048576 (custom)
2019-08-23 10:08:24,902 [pool-655-thread-1] INFO  server.RaftServerConfigKeys (ConfUtils.java:logGet(43)) - raft.server.log.segment.cache.num.max = 2 (custom)
2019-08-23 10:08:24,902 [pool-655-thread-1] INFO  segmented.SegmentedRaftLogWorker (SegmentedRaftLogWorker.java:<init>(172)) - new 2fab9170-9418-4596-ad4d-318dc3d3daaf-SegmentedRaftLogWorker:Storage Directory /workdir/hadoop-ozone/integration-test/target/test-dir/MiniOzoneClusterImpl-ce471ee4-c249-4497-9e9a-3bbe536c2c9a/datanode-2/data/ratis/041f8a71-ce51-47b7-b89b-1f98dbf9403a for RaftStorage:Storage Directory /workdir/hadoop-ozone/integration-test/target/test-dir/MiniOzoneClusterImpl-ce471ee4-c249-4497-9e9a-3bbe536c2c9a/datanode-2/data/ratis/041f8a71-ce51-47b7-b89b-1f98dbf9403a
2019-08-23 10:08:24,902 [pool-655-thread-1] INFO  server.RaftServerConfigKeys (ConfUtils.java:logGet(43)) - raft.server.log.queue.byte-limit = 2147483647 (custom)
2019-08-23 10:08:24,903 [pool-655-thread-1] INFO  server.RaftServerConfigKeys (ConfUtils.java:logGet(43)) - raft.server.log.queue.element-limit = 1024 (custom)
2019-08-23 10:08:24,903 [pool-655-thread-1] INFO  server.RaftServerConfigKeys (ConfUtils.java:logGet(43)) - raft.server.log.segment.size.max = 1048576 (custom)
2019-08-23 10:08:24,903 [pool-655-thread-1] INFO  server.RaftServerConfigKeys (ConfUtils.java:logGet(43)) - raft.server.log.preallocated.size = 16384 (custom)
2019-08-23 10:08:24,903 [pool-655-thread-1] INFO  server.RaftServerConfigKeys (ConfUtils.java:logGet(43)) - raft.server.log.write.buffer.size = 33554432 (custom)
2019-08-23 10:08:24,904 [pool-655-thread-1] INFO  server.RaftServerConfigKeys (ConfUtils.java:logGet(43)) - raft.server.log.force.sync.num = 128 (default)
2019-08-23 10:08:24,904 [pool-655-thread-1] INFO  server.RaftServerConfigKeys (ConfUtils.java:logGet(43)) - raft.server.log.statemachine.data.sync = true (default)
2019-08-23 10:08:24,904 [pool-655-thread-1] INFO  server.RaftServerConfigKeys (ConfUtils.java:logGet(43)) - raft.server.log.statemachine.data.sync.timeout = 10s (default)
2019-08-23 10:08:24,904 [pool-655-thread-1] INFO  server.RaftServerConfigKeys (ConfUtils.java:logGet(43)) - raft.server.log.statemachine.data.sync.timeout.retry = -1 (default)
2019-08-23 10:08:24,905 [pool-655-thread-1] INFO  server.RaftServerConfigKeys (ConfUtils.java:logGet(43)) - raft.server.log.statemachine.data.caching.enabled = true (custom)
2019-08-23 10:08:24,905 [pool-655-thread-1] INFO  segmented.SegmentedRaftLogWorker (SegmentedRaftLogWorker.java:lambda$new$0(132)) - 2fab9170-9418-4596-ad4d-318dc3d3daaf-SegmentedRaftLogWorker:Storage Directory /workdir/hadoop-ozone/integration-test/target/test-dir/MiniOzoneClusterImpl-ce471ee4-c249-4497-9e9a-3bbe536c2c9a/datanode-2/data/ratis/041f8a71-ce51-47b7-b89b-1f98dbf9403a: flushIndex: setUnconditionally 0 -> -1
2019-08-23 10:08:24,906 [pool-655-thread-1] INFO  server.RaftServerConfigKeys (ConfUtils.java:logGet(43)) - raft.server.snapshot.auto.trigger.enabled = true (custom)
2019-08-23 10:08:24,906 [pool-655-thread-1] INFO  server.RaftServerConfigKeys (ConfUtils.java:logGet(43)) - raft.server.snapshot.auto.trigger.threshold = 10000 (custom)
2019-08-23 10:08:24,906 [pool-655-thread-1] INFO  server.RaftServerConfigKeys (ConfUtils.java:logGet(43)) - raft.server.retrycache.expirytime = 600000ms (custom)
2019-08-23 10:08:24,907 [pool-655-thread-1] INFO  impl.RaftServerImpl (RaftServerImpl.java:start(180)) - 2fab9170-9418-4596-ad4d-318dc3d3daaf: start group-1F98DBF9403A
2019-08-23 10:08:24,907 [pool-655-thread-1] INFO  impl.RaftServerImpl (RaftServerImpl.java:setRole(171)) - 2fab9170-9418-4596-ad4d-318dc3d3daaf:group-1F98DBF9403A changes role from null to FOLLOWER at term 0 for startAsFollower
2019-08-23 10:08:24,907 [pool-655-thread-1] INFO  impl.RoleInfo (RoleInfo.java:updateAndGet(143)) - 2fab9170-9418-4596-ad4d-318dc3d3daaf: start FollowerState
2019-08-23 10:08:24,909 [pool-655-thread-1] INFO  util.JmxRegister (JmxRegister.java:tryRegister(44)) - Successfully registered JMX Bean with object name Ratis:service=RaftServer,group=group-1F98DBF9403A,id=2fab9170-9418-4596-ad4d-318dc3d3daaf
2019-08-23 10:08:24,917 [RatisPipelineUtilsThread] INFO  pipeline.PipelineStateManager (PipelineStateManager.java:addPipeline(56)) - Created pipeline Pipeline[ Id: 041f8a71-ce51-47b7-b89b-1f98dbf9403a, Nodes: 2fab9170-9418-4596-ad4d-318dc3d3daaf{ip: 192.168.5.185, host: pr-hdds-1094-w8cgz-2737508714, networkLocation: /default-rack, certSerialId: null}, Type:RATIS, Factor:ONE, State:OPEN]
2019-08-23 10:08:24,931 [grpc-default-executor-7] INFO  impl.RaftServerProxy (RaftServerProxy.java:addNew(89)) - 2fab9170-9418-4596-ad4d-318dc3d3daaf: addNew group-8BA1F51B7164:[92769923-cb08-48ca-bcac-59043f9e191a:192.168.5.185:36286, 4d0f799d-93dd-41e2-a20b-564af924474c:192.168.5.185:46692, 2fab9170-9418-4596-ad4d-318dc3d3daaf:192.168.5.185:41060] returns group-8BA1F51B7164:java.util.concurrent.CompletableFuture@15cff4f9[Not completed]
2019-08-23 10:08:24,931 [grpc-default-executor-8] INFO  impl.RaftServerProxy (RaftServerProxy.java:addNew(89)) - 4d0f799d-93dd-41e2-a20b-564af924474c: addNew group-8BA1F51B7164:[92769923-cb08-48ca-bcac-59043f9e191a:192.168.5.185:36286, 4d0f799d-93dd-41e2-a20b-564af924474c:192.168.5.185:46692, 2fab9170-9418-4596-ad4d-318dc3d3daaf:192.168.5.185:41060] returns group-8BA1F51B7164:java.util.concurrent.CompletableFuture@48b1226[Not completed]
2019-08-23 10:08:24,931 [grpc-default-executor-4] INFO  impl.RaftServerProxy (RaftServerProxy.java:addNew(89)) - 92769923-cb08-48ca-bcac-59043f9e191a: addNew group-8BA1F51B7164:[92769923-cb08-48ca-bcac-59043f9e191a:192.168.5.185:36286, 4d0f799d-93dd-41e2-a20b-564af924474c:192.168.5.185:46692, 2fab9170-9418-4596-ad4d-318dc3d3daaf:192.168.5.185:41060] returns group-8BA1F51B7164:java.util.concurrent.CompletableFuture@4961bc02[Not completed]
2019-08-23 10:08:24,932 [pool-644-thread-1] INFO  impl.RaftServerImpl (RaftServerImpl.java:<init>(93)) - 92769923-cb08-48ca-bcac-59043f9e191a: new RaftServerImpl for group-8BA1F51B7164:[92769923-cb08-48ca-bcac-59043f9e191a:192.168.5.185:36286, 4d0f799d-93dd-41e2-a20b-564af924474c:192.168.5.185:46692, 2fab9170-9418-4596-ad4d-318dc3d3daaf:192.168.5.185:41060] with ContainerStateMachine:uninitialized
2019-08-23 10:08:24,932 [pool-644-thread-1] INFO  server.RaftServerConfigKeys (ConfUtils.java:logGet(43)) - raft.server.rpc.timeout.min = 5s (custom)
2019-08-23 10:08:24,932 [pool-644-thread-1] INFO  server.RaftServerConfigKeys (ConfUtils.java:logGet(43)) - raft.server.rpc.timeout.max = 5200ms (custom)
2019-08-23 10:08:24,933 [pool-644-thread-1] INFO  server.RaftServerConfigKeys (ConfUtils.java:logGet(43)) - raft.server.rpcslowness.timeout = 120s (custom)
2019-08-23 10:08:24,933 [pool-655-thread-1] INFO  impl.RaftServerImpl (RaftServerImpl.java:<init>(93)) - 2fab9170-9418-4596-ad4d-318dc3d3daaf: new RaftServerImpl for group-8BA1F51B7164:[92769923-cb08-48ca-bcac-59043f9e191a:192.168.5.185:36286, 4d0f799d-93dd-41e2-a20b-564af924474c:192.168.5.185:46692, 2fab9170-9418-4596-ad4d-318dc3d3daaf:192.168.5.185:41060] with ContainerStateMachine:uninitialized
2019-08-23 10:08:24,933 [pool-644-thread-1] INFO  server.RaftServerConfigKeys (ConfUtils.java:logGet(43)) - raft.server.sleep.deviation.threshold = 300 (default)
2019-08-23 10:08:24,933 [pool-655-thread-1] INFO  server.RaftServerConfigKeys (ConfUtils.java:logGet(43)) - raft.server.rpc.timeout.min = 5s (custom)
2019-08-23 10:08:24,933 [pool-644-thread-1] INFO  server.RaftServerConfigKeys (ConfUtils.java:logGet(43)) - raft.server.log.appender.install.snapshot.enabled = false (custom)
2019-08-23 10:08:24,933 [pool-655-thread-1] INFO  server.RaftServerConfigKeys (ConfUtils.java:logGet(43)) - raft.server.rpc.timeout.max = 5200ms (custom)
2019-08-23 10:08:24,933 [pool-633-thread-1] INFO  impl.RaftServerImpl (RaftServerImpl.java:<init>(93)) - 4d0f799d-93dd-41e2-a20b-564af924474c: new RaftServerImpl for group-8BA1F51B7164:[92769923-cb08-48ca-bcac-59043f9e191a:192.168.5.185:36286, 4d0f799d-93dd-41e2-a20b-564af924474c:192.168.5.185:46692, 2fab9170-9418-4596-ad4d-318dc3d3daaf:192.168.5.185:41060] with ContainerStateMachine:uninitialized
2019-08-23 10:08:24,933 [pool-644-thread-1] INFO  impl.RaftServerImpl (ServerState.java:<init>(105)) - 92769923-cb08-48ca-bcac-59043f9e191a:group-8BA1F51B7164 ConfigurationManager, init=-1: [92769923-cb08-48ca-bcac-59043f9e191a:192.168.5.185:36286, 4d0f799d-93dd-41e2-a20b-564af924474c:192.168.5.185:46692, 2fab9170-9418-4596-ad4d-318dc3d3daaf:192.168.5.185:41060], old=null, confs=<EMPTY_MAP>
2019-08-23 10:08:24,933 [pool-633-thread-1] INFO  server.RaftServerConfigKeys (ConfUtils.java:logGet(43)) - raft.server.rpc.timeout.min = 5s (custom)
2019-08-23 10:08:24,934 [pool-633-thread-1] INFO  server.RaftServerConfigKeys (ConfUtils.java:logGet(43)) - raft.server.rpc.timeout.max = 5200ms (custom)
2019-08-23 10:08:24,933 [pool-655-thread-1] INFO  server.RaftServerConfigKeys (ConfUtils.java:logGet(43)) - raft.server.rpcslowness.timeout = 120s (custom)
2019-08-23 10:08:24,934 [pool-633-thread-1] INFO  server.RaftServerConfigKeys (ConfUtils.java:logGet(43)) - raft.server.rpcslowness.timeout = 120s (custom)
2019-08-23 10:08:24,934 [pool-644-thread-1] INFO  server.RaftServerConfigKeys (ConfUtils.java:logGet(43)) - raft.server.storage.dir = [/workdir/hadoop-ozone/integration-test/target/test-dir/MiniOzoneClusterImpl-ce471ee4-c249-4497-9e9a-3bbe536c2c9a/datanode-1/data/ratis] (custom)
2019-08-23 10:08:24,934 [pool-633-thread-1] INFO  server.RaftServerConfigKeys (ConfUtils.java:logGet(43)) - raft.server.sleep.deviation.threshold = 300 (default)
2019-08-23 10:08:24,934 [pool-633-thread-1] INFO  server.RaftServerConfigKeys (ConfUtils.java:logGet(43)) - raft.server.log.appender.install.snapshot.enabled = false (custom)
2019-08-23 10:08:24,934 [pool-655-thread-1] INFO  server.RaftServerConfigKeys (ConfUtils.java:logGet(43)) - raft.server.sleep.deviation.threshold = 300 (default)
2019-08-23 10:08:24,934 [pool-644-thread-1] INFO  storage.RaftStorageDirectory (RaftStorageDirectory.java:analyzeStorage(246)) - The storage directory /workdir/hadoop-ozone/integration-test/target/test-dir/MiniOzoneClusterImpl-ce471ee4-c249-4497-9e9a-3bbe536c2c9a/datanode-1/data/ratis/99323ee6-9bff-4c2d-b155-8ba1f51b7164 does not exist. Creating ...
2019-08-23 10:08:24,934 [pool-633-thread-1] INFO  impl.RaftServerImpl (ServerState.java:<init>(105)) - 4d0f799d-93dd-41e2-a20b-564af924474c:group-8BA1F51B7164 ConfigurationManager, init=-1: [92769923-cb08-48ca-bcac-59043f9e191a:192.168.5.185:36286, 4d0f799d-93dd-41e2-a20b-564af924474c:192.168.5.185:46692, 2fab9170-9418-4596-ad4d-318dc3d3daaf:192.168.5.185:41060], old=null, confs=<EMPTY_MAP>
2019-08-23 10:08:24,934 [pool-655-thread-1] INFO  server.RaftServerConfigKeys (ConfUtils.java:logGet(43)) - raft.server.log.appender.install.snapshot.enabled = false (custom)
2019-08-23 10:08:24,935 [pool-633-thread-1] INFO  server.RaftServerConfigKeys (ConfUtils.java:logGet(43)) - raft.server.storage.dir = [/workdir/hadoop-ozone/integration-test/target/test-dir/MiniOzoneClusterImpl-ce471ee4-c249-4497-9e9a-3bbe536c2c9a/datanode-0/data/ratis] (custom)
2019-08-23 10:08:24,935 [pool-655-thread-1] INFO  impl.RaftServerImpl (ServerState.java:<init>(105)) - 2fab9170-9418-4596-ad4d-318dc3d3daaf:group-8BA1F51B7164 ConfigurationManager, init=-1: [92769923-cb08-48ca-bcac-59043f9e191a:192.168.5.185:36286, 4d0f799d-93dd-41e2-a20b-564af924474c:192.168.5.185:46692, 2fab9170-9418-4596-ad4d-318dc3d3daaf:192.168.5.185:41060], old=null, confs=<EMPTY_MAP>
2019-08-23 10:08:24,935 [pool-655-thread-1] INFO  server.RaftServerConfigKeys (ConfUtils.java:logGet(43)) - raft.server.storage.dir = [/workdir/hadoop-ozone/integration-test/target/test-dir/MiniOzoneClusterImpl-ce471ee4-c249-4497-9e9a-3bbe536c2c9a/datanode-2/data/ratis] (custom)
2019-08-23 10:08:24,935 [pool-633-thread-1] INFO  storage.RaftStorageDirectory (RaftStorageDirectory.java:analyzeStorage(246)) - The storage directory /workdir/hadoop-ozone/integration-test/target/test-dir/MiniOzoneClusterImpl-ce471ee4-c249-4497-9e9a-3bbe536c2c9a/datanode-0/data/ratis/99323ee6-9bff-4c2d-b155-8ba1f51b7164 does not exist. Creating ...
2019-08-23 10:08:24,935 [pool-655-thread-1] INFO  storage.RaftStorageDirectory (RaftStorageDirectory.java:analyzeStorage(246)) - The storage directory /workdir/hadoop-ozone/integration-test/target/test-dir/MiniOzoneClusterImpl-ce471ee4-c249-4497-9e9a-3bbe536c2c9a/datanode-2/data/ratis/99323ee6-9bff-4c2d-b155-8ba1f51b7164 does not exist. Creating ...
2019-08-23 10:08:24,949 [main] INFO  ozone.MiniOzoneClusterImpl (MiniOzoneClusterImpl.java:lambda$waitForClusterToBeReady$0(142)) - Waiting for cluster to be ready. Got 3 of 7 DN Heartbeats.
2019-08-23 10:08:24,959 [pool-633-thread-1] INFO  storage.RaftStorageDirectory (RaftStorageDirectory.java:tryLock(328)) - Lock on /workdir/hadoop-ozone/integration-test/target/test-dir/MiniOzoneClusterImpl-ce471ee4-c249-4497-9e9a-3bbe536c2c9a/datanode-0/data/ratis/99323ee6-9bff-4c2d-b155-8ba1f51b7164/in_use.lock acquired by nodename 29324@pr-hdds-1094-w8cgz-2737508714
2019-08-23 10:08:24,959 [pool-644-thread-1] INFO  storage.RaftStorageDirectory (RaftStorageDirectory.java:tryLock(328)) - Lock on /workdir/hadoop-ozone/integration-test/target/test-dir/MiniOzoneClusterImpl-ce471ee4-c249-4497-9e9a-3bbe536c2c9a/datanode-1/data/ratis/99323ee6-9bff-4c2d-b155-8ba1f51b7164/in_use.lock acquired by nodename 29324@pr-hdds-1094-w8cgz-2737508714
2019-08-23 10:08:24,959 [pool-655-thread-1] INFO  storage.RaftStorageDirectory (RaftStorageDirectory.java:tryLock(328)) - Lock on /workdir/hadoop-ozone/integration-test/target/test-dir/MiniOzoneClusterImpl-ce471ee4-c249-4497-9e9a-3bbe536c2c9a/datanode-2/data/ratis/99323ee6-9bff-4c2d-b155-8ba1f51b7164/in_use.lock acquired by nodename 29324@pr-hdds-1094-w8cgz-2737508714
2019-08-23 10:08:24,984 [pool-633-thread-1] INFO  storage.RaftStorage (RaftStorage.java:format(72)) - Storage directory /workdir/hadoop-ozone/integration-test/target/test-dir/MiniOzoneClusterImpl-ce471ee4-c249-4497-9e9a-3bbe536c2c9a/datanode-0/data/ratis/99323ee6-9bff-4c2d-b155-8ba1f51b7164 has been successfully formatted.
2019-08-23 10:08:24,984 [pool-655-thread-1] INFO  storage.RaftStorage (RaftStorage.java:format(72)) - Storage directory /workdir/hadoop-ozone/integration-test/target/test-dir/MiniOzoneClusterImpl-ce471ee4-c249-4497-9e9a-3bbe536c2c9a/datanode-2/data/ratis/99323ee6-9bff-4c2d-b155-8ba1f51b7164 has been successfully formatted.
2019-08-23 10:08:24,984 [pool-644-thread-1] INFO  storage.RaftStorage (RaftStorage.java:format(72)) - Storage directory /workdir/hadoop-ozone/integration-test/target/test-dir/MiniOzoneClusterImpl-ce471ee4-c249-4497-9e9a-3bbe536c2c9a/datanode-1/data/ratis/99323ee6-9bff-4c2d-b155-8ba1f51b7164 has been successfully formatted.
2019-08-23 10:08:24,984 [pool-633-thread-1] INFO  ratis.ContainerStateMachine (ContainerStateMachine.java:loadSnapshot(226)) - group-8BA1F51B7164: The snapshot info is null. Setting the last applied indexto:(t:0, i:~)
2019-08-23 10:08:24,985 [pool-655-thread-1] INFO  ratis.ContainerStateMachine (ContainerStateMachine.java:loadSnapshot(226)) - group-8BA1F51B7164: The snapshot info is null. Setting the last applied indexto:(t:0, i:~)
2019-08-23 10:08:24,985 [pool-644-thread-1] INFO  ratis.ContainerStateMachine (ContainerStateMachine.java:loadSnapshot(226)) - group-8BA1F51B7164: The snapshot info is null. Setting the last applied indexto:(t:0, i:~)
2019-08-23 10:08:24,985 [pool-655-thread-1] INFO  server.RaftServerConfigKeys (ConfUtils.java:logGet(43)) - raft.server.leader.election.timeout = 120s (custom)
2019-08-23 10:08:24,985 [pool-655-thread-1] INFO  server.RaftServerConfigKeys (ConfUtils.java:logGet(43)) - raft.server.log.use.memory = false (default)
2019-08-23 10:08:24,985 [pool-633-thread-1] INFO  server.RaftServerConfigKeys (ConfUtils.java:logGet(43)) - raft.server.leader.election.timeout = 120s (custom)
2019-08-23 10:08:24,985 [pool-655-thread-1] INFO  server.RaftServerConfigKeys (ConfUtils.java:logGet(43)) - raft.server.log.purge.gap = 1000000 (custom)
2019-08-23 10:08:24,985 [pool-655-thread-1] INFO  server.RaftServerConfigKeys (ConfUtils.java:logGet(43)) - raft.server.log.appender.buffer.byte-limit = 33554432 (custom)
2019-08-23 10:08:24,985 [pool-644-thread-1] INFO  server.RaftServerConfigKeys (ConfUtils.java:logGet(43)) - raft.server.leader.election.timeout = 120s (custom)
2019-08-23 10:08:24,986 [pool-655-thread-1] INFO  server.RaftServerConfigKeys (ConfUtils.java:logGet(43)) - raft.server.log.segment.size.max = 1048576 (custom)
2019-08-23 10:08:24,986 [pool-655-thread-1] INFO  server.RaftServerConfigKeys (ConfUtils.java:logGet(43)) - raft.server.log.segment.cache.num.max = 2 (custom)
2019-08-23 10:08:24,985 [pool-633-thread-1] INFO  server.RaftServerConfigKeys (ConfUtils.java:logGet(43)) - raft.server.log.use.memory = false (default)
2019-08-23 10:08:24,986 [pool-655-thread-1] INFO  segmented.SegmentedRaftLogWorker (SegmentedRaftLogWorker.java:<init>(172)) - new 2fab9170-9418-4596-ad4d-318dc3d3daaf-SegmentedRaftLogWorker:Storage Directory /workdir/hadoop-ozone/integration-test/target/test-dir/MiniOzoneClusterImpl-ce471ee4-c249-4497-9e9a-3bbe536c2c9a/datanode-2/data/ratis/99323ee6-9bff-4c2d-b155-8ba1f51b7164 for RaftStorage:Storage Directory /workdir/hadoop-ozone/integration-test/target/test-dir/MiniOzoneClusterImpl-ce471ee4-c249-4497-9e9a-3bbe536c2c9a/datanode-2/data/ratis/99323ee6-9bff-4c2d-b155-8ba1f51b7164
2019-08-23 10:08:24,986 [pool-644-thread-1] INFO  server.RaftServerConfigKeys (ConfUtils.java:logGet(43)) - raft.server.log.use.memory = false (default)
2019-08-23 10:08:24,987 [pool-655-thread-1] INFO  server.RaftServerConfigKeys (ConfUtils.java:logGet(43)) - raft.server.log.queue.byte-limit = 2147483647 (custom)
2019-08-23 10:08:24,986 [pool-633-thread-1] INFO  server.RaftServerConfigKeys (ConfUtils.java:logGet(43)) - raft.server.log.purge.gap = 1000000 (custom)
2019-08-23 10:08:24,987 [pool-655-thread-1] INFO  server.RaftServerConfigKeys (ConfUtils.java:logGet(43)) - raft.server.log.queue.element-limit = 1024 (custom)
2019-08-23 10:08:24,987 [pool-644-thread-1] INFO  server.RaftServerConfigKeys (ConfUtils.java:logGet(43)) - raft.server.log.purge.gap = 1000000 (custom)
2019-08-23 10:08:24,987 [pool-655-thread-1] INFO  server.RaftServerConfigKeys (ConfUtils.java:logGet(43)) - raft.server.log.segment.size.max = 1048576 (custom)
2019-08-23 10:08:24,987 [pool-655-thread-1] INFO  server.RaftServerConfigKeys (ConfUtils.java:logGet(43)) - raft.server.log.preallocated.size = 16384 (custom)
2019-08-23 10:08:24,987 [pool-633-thread-1] INFO  server.RaftServerConfigKeys (ConfUtils.java:logGet(43)) - raft.server.log.appender.buffer.byte-limit = 33554432 (custom)
2019-08-23 10:08:24,988 [pool-655-thread-1] INFO  server.RaftServerConfigKeys (ConfUtils.java:logGet(43)) - raft.server.log.write.buffer.size = 33554432 (custom)
2019-08-23 10:08:24,987 [pool-644-thread-1] INFO  server.RaftServerConfigKeys (ConfUtils.java:logGet(43)) - raft.server.log.appender.buffer.byte-limit = 33554432 (custom)
2019-08-23 10:08:24,988 [pool-655-thread-1] INFO  server.RaftServerConfigKeys (ConfUtils.java:logGet(43)) - raft.server.log.force.sync.num = 128 (default)
2019-08-23 10:08:24,988 [pool-633-thread-1] INFO  server.RaftServerConfigKeys (ConfUtils.java:logGet(43)) - raft.server.log.segment.size.max = 1048576 (custom)
2019-08-23 10:08:24,988 [pool-655-thread-1] INFO  server.RaftServerConfigKeys (ConfUtils.java:logGet(43)) - raft.server.log.statemachine.data.sync = true (default)
2019-08-23 10:08:24,988 [pool-644-thread-1] INFO  server.RaftServerConfigKeys (ConfUtils.java:logGet(43)) - raft.server.log.segment.size.max = 1048576 (custom)
2019-08-23 10:08:24,989 [pool-655-thread-1] INFO  server.RaftServerConfigKeys (ConfUtils.java:logGet(43)) - raft.server.log.statemachine.data.sync.timeout = 10s (default)
2019-08-23 10:08:24,989 [pool-633-thread-1] INFO  server.RaftServerConfigKeys (ConfUtils.java:logGet(43)) - raft.server.log.segment.cache.num.max = 2 (custom)
2019-08-23 10:08:24,989 [pool-655-thread-1] INFO  server.RaftServerConfigKeys (ConfUtils.java:logGet(43)) - raft.server.log.statemachine.data.sync.timeout.retry = -1 (default)
2019-08-23 10:08:24,989 [pool-644-thread-1] INFO  server.RaftServerConfigKeys (ConfUtils.java:logGet(43)) - raft.server.log.segment.cache.num.max = 2 (custom)
2019-08-23 10:08:24,990 [pool-655-thread-1] INFO  server.RaftServerConfigKeys (ConfUtils.java:logGet(43)) - raft.server.log.statemachine.data.caching.enabled = true (custom)
2019-08-23 10:08:24,989 [pool-633-thread-1] INFO  segmented.SegmentedRaftLogWorker (SegmentedRaftLogWorker.java:<init>(172)) - new 4d0f799d-93dd-41e2-a20b-564af924474c-SegmentedRaftLogWorker:Storage Directory /workdir/hadoop-ozone/integration-test/target/test-dir/MiniOzoneClusterImpl-ce471ee4-c249-4497-9e9a-3bbe536c2c9a/datanode-0/data/ratis/99323ee6-9bff-4c2d-b155-8ba1f51b7164 for RaftStorage:Storage Directory /workdir/hadoop-ozone/integration-test/target/test-dir/MiniOzoneClusterImpl-ce471ee4-c249-4497-9e9a-3bbe536c2c9a/datanode-0/data/ratis/99323ee6-9bff-4c2d-b155-8ba1f51b7164
2019-08-23 10:08:24,990 [pool-644-thread-1] INFO  segmented.SegmentedRaftLogWorker (SegmentedRaftLogWorker.java:<init>(172)) - new 92769923-cb08-48ca-bcac-59043f9e191a-SegmentedRaftLogWorker:Storage Directory /workdir/hadoop-ozone/integration-test/target/test-dir/MiniOzoneClusterImpl-ce471ee4-c249-4497-9e9a-3bbe536c2c9a/datanode-1/data/ratis/99323ee6-9bff-4c2d-b155-8ba1f51b7164 for RaftStorage:Storage Directory /workdir/hadoop-ozone/integration-test/target/test-dir/MiniOzoneClusterImpl-ce471ee4-c249-4497-9e9a-3bbe536c2c9a/datanode-1/data/ratis/99323ee6-9bff-4c2d-b155-8ba1f51b7164
2019-08-23 10:08:24,990 [pool-633-thread-1] INFO  server.RaftServerConfigKeys (ConfUtils.java:logGet(43)) - raft.server.log.queue.byte-limit = 2147483647 (custom)
2019-08-23 10:08:24,990 [pool-633-thread-1] INFO  server.RaftServerConfigKeys (ConfUtils.java:logGet(43)) - raft.server.log.queue.element-limit = 1024 (custom)
2019-08-23 10:08:24,990 [pool-655-thread-1] INFO  segmented.SegmentedRaftLogWorker (SegmentedRaftLogWorker.java:lambda$new$0(132)) - 2fab9170-9418-4596-ad4d-318dc3d3daaf-SegmentedRaftLogWorker:Storage Directory /workdir/hadoop-ozone/integration-test/target/test-dir/MiniOzoneClusterImpl-ce471ee4-c249-4497-9e9a-3bbe536c2c9a/datanode-2/data/ratis/99323ee6-9bff-4c2d-b155-8ba1f51b7164: flushIndex: setUnconditionally 0 -> -1
2019-08-23 10:08:24,991 [pool-633-thread-1] INFO  server.RaftServerConfigKeys (ConfUtils.java:logGet(43)) - raft.server.log.segment.size.max = 1048576 (custom)
2019-08-23 10:08:24,990 [pool-644-thread-1] INFO  server.RaftServerConfigKeys (ConfUtils.java:logGet(43)) - raft.server.log.queue.byte-limit = 2147483647 (custom)
2019-08-23 10:08:24,991 [pool-655-thread-1] INFO  server.RaftServerConfigKeys (ConfUtils.java:logGet(43)) - raft.server.snapshot.auto.trigger.enabled = true (custom)
2019-08-23 10:08:24,991 [pool-633-thread-1] INFO  server.RaftServerConfigKeys (ConfUtils.java:logGet(43)) - raft.server.log.preallocated.size = 16384 (custom)
2019-08-23 10:08:24,991 [pool-655-thread-1] INFO  server.RaftServerConfigKeys (ConfUtils.java:logGet(43)) - raft.server.snapshot.auto.trigger.threshold = 10000 (custom)
2019-08-23 10:08:24,991 [pool-644-thread-1] INFO  server.RaftServerConfigKeys (ConfUtils.java:logGet(43)) - raft.server.log.queue.element-limit = 1024 (custom)
2019-08-23 10:08:24,991 [pool-655-thread-1] INFO  server.RaftServerConfigKeys (ConfUtils.java:logGet(43)) - raft.server.retrycache.expirytime = 600000ms (custom)
2019-08-23 10:08:24,991 [pool-633-thread-1] INFO  server.RaftServerConfigKeys (ConfUtils.java:logGet(43)) - raft.server.log.write.buffer.size = 33554432 (custom)
2019-08-23 10:08:24,992 [pool-655-thread-1] INFO  impl.RaftServerImpl (RaftServerImpl.java:start(180)) - 2fab9170-9418-4596-ad4d-318dc3d3daaf: start group-8BA1F51B7164
2019-08-23 10:08:24,992 [pool-655-thread-1] INFO  impl.RaftServerImpl (RaftServerImpl.java:setRole(171)) - 2fab9170-9418-4596-ad4d-318dc3d3daaf:group-8BA1F51B7164 changes role from null to FOLLOWER at term 0 for startAsFollower
2019-08-23 10:08:24,992 [pool-644-thread-1] INFO  server.RaftServerConfigKeys (ConfUtils.java:logGet(43)) - raft.server.log.segment.size.max = 1048576 (custom)
2019-08-23 10:08:24,992 [pool-655-thread-1] INFO  impl.RoleInfo (RoleInfo.java:updateAndGet(143)) - 2fab9170-9418-4596-ad4d-318dc3d3daaf: start FollowerState
2019-08-23 10:08:24,992 [pool-633-thread-1] INFO  server.RaftServerConfigKeys (ConfUtils.java:logGet(43)) - raft.server.log.force.sync.num = 128 (default)
2019-08-23 10:08:24,992 [pool-644-thread-1] INFO  server.RaftServerConfigKeys (ConfUtils.java:logGet(43)) - raft.server.log.preallocated.size = 16384 (custom)
2019-08-23 10:08:24,993 [pool-655-thread-1] INFO  util.JmxRegister (JmxRegister.java:tryRegister(44)) - Successfully registered JMX Bean with object name Ratis:service=RaftServer,group=group-8BA1F51B7164,id=2fab9170-9418-4596-ad4d-318dc3d3daaf
2019-08-23 10:08:24,992 [pool-633-thread-1] INFO  server.RaftServerConfigKeys (ConfUtils.java:logGet(43)) - raft.server.log.statemachine.data.sync = true (default)
2019-08-23 10:08:24,993 [pool-644-thread-1] INFO  server.RaftServerConfigKeys (ConfUtils.java:logGet(43)) - raft.server.log.write.buffer.size = 33554432 (custom)
2019-08-23 10:08:24,993 [pool-633-thread-1] INFO  server.RaftServerConfigKeys (ConfUtils.java:logGet(43)) - raft.server.log.statemachine.data.sync.timeout = 10s (default)
2019-08-23 10:08:24,993 [pool-644-thread-1] INFO  server.RaftServerConfigKeys (ConfUtils.java:logGet(43)) - raft.server.log.force.sync.num = 128 (default)
2019-08-23 10:08:24,993 [pool-633-thread-1] INFO  server.RaftServerConfigKeys (ConfUtils.java:logGet(43)) - raft.server.log.statemachine.data.sync.timeout.retry = -1 (default)
2019-08-23 10:08:24,993 [pool-644-thread-1] INFO  server.RaftServerConfigKeys (ConfUtils.java:logGet(43)) - raft.server.log.statemachine.data.sync = true (default)
2019-08-23 10:08:24,994 [pool-633-thread-1] INFO  server.RaftServerConfigKeys (ConfUtils.java:logGet(43)) - raft.server.log.statemachine.data.caching.enabled = true (custom)
2019-08-23 10:08:24,994 [pool-644-thread-1] INFO  server.RaftServerConfigKeys (ConfUtils.java:logGet(43)) - raft.server.log.statemachine.data.sync.timeout = 10s (default)
2019-08-23 10:08:24,998 [pool-644-thread-1] INFO  server.RaftServerConfigKeys (ConfUtils.java:logGet(43)) - raft.server.log.statemachine.data.sync.timeout.retry = -1 (default)
2019-08-23 10:08:24,998 [pool-633-thread-1] INFO  segmented.SegmentedRaftLogWorker (SegmentedRaftLogWorker.java:lambda$new$0(132)) - 4d0f799d-93dd-41e2-a20b-564af924474c-SegmentedRaftLogWorker:Storage Directory /workdir/hadoop-ozone/integration-test/target/test-dir/MiniOzoneClusterImpl-ce471ee4-c249-4497-9e9a-3bbe536c2c9a/datanode-0/data/ratis/99323ee6-9bff-4c2d-b155-8ba1f51b7164: flushIndex: setUnconditionally 0 -> -1
2019-08-23 10:08:24,998 [pool-644-thread-1] INFO  server.RaftServerConfigKeys (ConfUtils.java:logGet(43)) - raft.server.log.statemachine.data.caching.enabled = true (custom)
2019-08-23 10:08:24,998 [pool-633-thread-1] INFO  server.RaftServerConfigKeys (ConfUtils.java:logGet(43)) - raft.server.snapshot.auto.trigger.enabled = true (custom)
2019-08-23 10:08:24,998 [pool-644-thread-1] INFO  segmented.SegmentedRaftLogWorker (SegmentedRaftLogWorker.java:lambda$new$0(132)) - 92769923-cb08-48ca-bcac-59043f9e191a-SegmentedRaftLogWorker:Storage Directory /workdir/hadoop-ozone/integration-test/target/test-dir/MiniOzoneClusterImpl-ce471ee4-c249-4497-9e9a-3bbe536c2c9a/datanode-1/data/ratis/99323ee6-9bff-4c2d-b155-8ba1f51b7164: flushIndex: setUnconditionally 0 -> -1
2019-08-23 10:08:24,998 [pool-633-thread-1] INFO  server.RaftServerConfigKeys (ConfUtils.java:logGet(43)) - raft.server.snapshot.auto.trigger.threshold = 10000 (custom)
2019-08-23 10:08:24,999 [pool-644-thread-1] INFO  server.RaftServerConfigKeys (ConfUtils.java:logGet(43)) - raft.server.snapshot.auto.trigger.enabled = true (custom)
2019-08-23 10:08:24,999 [pool-633-thread-1] INFO  server.RaftServerConfigKeys (ConfUtils.java:logGet(43)) - raft.server.retrycache.expirytime = 600000ms (custom)
2019-08-23 10:08:24,999 [pool-644-thread-1] INFO  server.RaftServerConfigKeys (ConfUtils.java:logGet(43)) - raft.server.snapshot.auto.trigger.threshold = 10000 (custom)
2019-08-23 10:08:24,999 [pool-633-thread-1] INFO  impl.RaftServerImpl (RaftServerImpl.java:start(180)) - 4d0f799d-93dd-41e2-a20b-564af924474c: start group-8BA1F51B7164
2019-08-23 10:08:24,999 [pool-644-thread-1] INFO  server.RaftServerConfigKeys (ConfUtils.java:logGet(43)) - raft.server.retrycache.expirytime = 600000ms (custom)
2019-08-23 10:08:24,999 [pool-633-thread-1] INFO  impl.RaftServerImpl (RaftServerImpl.java:setRole(171)) - 4d0f799d-93dd-41e2-a20b-564af924474c:group-8BA1F51B7164 changes role from null to FOLLOWER at term 0 for startAsFollower
2019-08-23 10:08:24,999 [pool-644-thread-1] INFO  impl.RaftServerImpl (RaftServerImpl.java:start(180)) - 92769923-cb08-48ca-bcac-59043f9e191a: start group-8BA1F51B7164
2019-08-23 10:08:24,999 [pool-633-thread-1] INFO  impl.RoleInfo (RoleInfo.java:updateAndGet(143)) - 4d0f799d-93dd-41e2-a20b-564af924474c: start FollowerState
2019-08-23 10:08:24,999 [pool-644-thread-1] INFO  impl.RaftServerImpl (RaftServerImpl.java:setRole(171)) - 92769923-cb08-48ca-bcac-59043f9e191a:group-8BA1F51B7164 changes role from null to FOLLOWER at term 0 for startAsFollower
2019-08-23 10:08:25,000 [pool-644-thread-1] INFO  impl.RoleInfo (RoleInfo.java:updateAndGet(143)) - 92769923-cb08-48ca-bcac-59043f9e191a: start FollowerState
2019-08-23 10:08:25,000 [pool-633-thread-1] INFO  util.JmxRegister (JmxRegister.java:tryRegister(44)) - Successfully registered JMX Bean with object name Ratis:service=RaftServer,group=group-8BA1F51B7164,id=4d0f799d-93dd-41e2-a20b-564af924474c
2019-08-23 10:08:25,000 [pool-644-thread-1] INFO  util.JmxRegister (JmxRegister.java:tryRegister(44)) - Successfully registered JMX Bean with object name Ratis:service=RaftServer,group=group-8BA1F51B7164,id=92769923-cb08-48ca-bcac-59043f9e191a
2019-08-23 10:08:25,005 [RatisPipelineUtilsThread] INFO  pipeline.PipelineStateManager (PipelineStateManager.java:addPipeline(56)) - Created pipeline Pipeline[ Id: 99323ee6-9bff-4c2d-b155-8ba1f51b7164, Nodes: 4d0f799d-93dd-41e2-a20b-564af924474c{ip: 192.168.5.185, host: pr-hdds-1094-w8cgz-2737508714, networkLocation: /default-rack, certSerialId: null}2fab9170-9418-4596-ad4d-318dc3d3daaf{ip: 192.168.5.185, host: pr-hdds-1094-w8cgz-2737508714, networkLocation: /default-rack, certSerialId: null}92769923-cb08-48ca-bcac-59043f9e191a{ip: 192.168.5.185, host: pr-hdds-1094-w8cgz-2737508714, networkLocation: /default-rack, certSerialId: null}, Type:RATIS, Factor:THREE, State:OPEN]
2019-08-23 10:08:25,055 [IPC Server handler 19 on 34947] INFO  net.NetworkTopology (NetworkTopologyImpl.java:add(110)) - Added a new node: /default-rack/c5104e55-9930-4334-991a-0509c5a1de9f
2019-08-23 10:08:25,055 [IPC Server handler 19 on 34947] INFO  node.SCMNodeManager (SCMNodeManager.java:register(273)) - Registered Data node : c5104e55-9930-4334-991a-0509c5a1de9f{ip: 192.168.5.185, host: pr-hdds-1094-w8cgz-2737508714, networkLocation: /default-rack, certSerialId: null}
2019-08-23 10:08:25,059 | INFO  | SCMAudit | user=jenkins1000 | ip=192.168.5.185 | op=REGISTER {datanodeDetails=c5104e55-9930-4334-991a-0509c5a1de9f{ip: 192.168.5.185, host: pr-hdds-1094-w8cgz-2737508714, networkLocation: /default-rack, certSerialId: null}} | ret=SUCCESS |  
2019-08-23 10:08:25,066 [grpc-default-executor-8] INFO  impl.RaftServerProxy (RaftServerProxy.java:addNew(89)) - c5104e55-9930-4334-991a-0509c5a1de9f: addNew group-EB7E1B8FC809:[c5104e55-9930-4334-991a-0509c5a1de9f:192.168.5.185:39019] returns group-EB7E1B8FC809:java.util.concurrent.CompletableFuture@6f9ce58b[Not completed]
2019-08-23 10:08:25,067 [pool-666-thread-1] INFO  impl.RaftServerImpl (RaftServerImpl.java:<init>(93)) - c5104e55-9930-4334-991a-0509c5a1de9f: new RaftServerImpl for group-EB7E1B8FC809:[c5104e55-9930-4334-991a-0509c5a1de9f:192.168.5.185:39019] with ContainerStateMachine:uninitialized
2019-08-23 10:08:25,067 [pool-666-thread-1] INFO  server.RaftServerConfigKeys (ConfUtils.java:logGet(43)) - raft.server.rpc.timeout.min = 5s (custom)
2019-08-23 10:08:25,067 [pool-666-thread-1] INFO  server.RaftServerConfigKeys (ConfUtils.java:logGet(43)) - raft.server.rpc.timeout.max = 5200ms (custom)
2019-08-23 10:08:25,068 [pool-666-thread-1] INFO  server.RaftServerConfigKeys (ConfUtils.java:logGet(43)) - raft.server.rpcslowness.timeout = 120s (custom)
2019-08-23 10:08:25,068 [pool-666-thread-1] INFO  server.RaftServerConfigKeys (ConfUtils.java:logGet(43)) - raft.server.sleep.deviation.threshold = 300 (default)
2019-08-23 10:08:25,068 [pool-666-thread-1] INFO  server.RaftServerConfigKeys (ConfUtils.java:logGet(43)) - raft.server.log.appender.install.snapshot.enabled = false (custom)
2019-08-23 10:08:25,068 [pool-666-thread-1] INFO  impl.RaftServerImpl (ServerState.java:<init>(105)) - c5104e55-9930-4334-991a-0509c5a1de9f:group-EB7E1B8FC809 ConfigurationManager, init=-1: [c5104e55-9930-4334-991a-0509c5a1de9f:192.168.5.185:39019], old=null, confs=<EMPTY_MAP>
2019-08-23 10:08:25,068 [pool-666-thread-1] INFO  server.RaftServerConfigKeys (ConfUtils.java:logGet(43)) - raft.server.storage.dir = [/workdir/hadoop-ozone/integration-test/target/test-dir/MiniOzoneClusterImpl-ce471ee4-c249-4497-9e9a-3bbe536c2c9a/datanode-3/data/ratis] (custom)
2019-08-23 10:08:25,069 [pool-666-thread-1] INFO  storage.RaftStorageDirectory (RaftStorageDirectory.java:analyzeStorage(246)) - The storage directory /workdir/hadoop-ozone/integration-test/target/test-dir/MiniOzoneClusterImpl-ce471ee4-c249-4497-9e9a-3bbe536c2c9a/datanode-3/data/ratis/0f6c0ccc-0606-47e9-baaf-eb7e1b8fc809 does not exist. Creating ...
2019-08-23 10:08:25,082 [pool-666-thread-1] INFO  storage.RaftStorageDirectory (RaftStorageDirectory.java:tryLock(328)) - Lock on /workdir/hadoop-ozone/integration-test/target/test-dir/MiniOzoneClusterImpl-ce471ee4-c249-4497-9e9a-3bbe536c2c9a/datanode-3/data/ratis/0f6c0ccc-0606-47e9-baaf-eb7e1b8fc809/in_use.lock acquired by nodename 29324@pr-hdds-1094-w8cgz-2737508714
2019-08-23 10:08:25,095 [pool-666-thread-1] INFO  storage.RaftStorage (RaftStorage.java:format(72)) - Storage directory /workdir/hadoop-ozone/integration-test/target/test-dir/MiniOzoneClusterImpl-ce471ee4-c249-4497-9e9a-3bbe536c2c9a/datanode-3/data/ratis/0f6c0ccc-0606-47e9-baaf-eb7e1b8fc809 has been successfully formatted.
2019-08-23 10:08:25,095 [pool-666-thread-1] INFO  ratis.ContainerStateMachine (ContainerStateMachine.java:loadSnapshot(226)) - group-EB7E1B8FC809: The snapshot info is null. Setting the last applied indexto:(t:0, i:~)
2019-08-23 10:08:25,096 [pool-666-thread-1] INFO  server.RaftServerConfigKeys (ConfUtils.java:logGet(43)) - raft.server.leader.election.timeout = 120s (custom)
2019-08-23 10:08:25,096 [pool-666-thread-1] INFO  server.RaftServerConfigKeys (ConfUtils.java:logGet(43)) - raft.server.log.use.memory = false (default)
2019-08-23 10:08:25,096 [pool-666-thread-1] INFO  server.RaftServerConfigKeys (ConfUtils.java:logGet(43)) - raft.server.log.purge.gap = 1000000 (custom)
2019-08-23 10:08:25,096 [pool-666-thread-1] INFO  server.RaftServerConfigKeys (ConfUtils.java:logGet(43)) - raft.server.log.appender.buffer.byte-limit = 33554432 (custom)
2019-08-23 10:08:25,096 [pool-666-thread-1] INFO  server.RaftServerConfigKeys (ConfUtils.java:logGet(43)) - raft.server.log.segment.size.max = 1048576 (custom)
2019-08-23 10:08:25,096 [pool-666-thread-1] INFO  server.RaftServerConfigKeys (ConfUtils.java:logGet(43)) - raft.server.log.segment.cache.num.max = 2 (custom)
2019-08-23 10:08:25,096 [pool-666-thread-1] INFO  segmented.SegmentedRaftLogWorker (SegmentedRaftLogWorker.java:<init>(172)) - new c5104e55-9930-4334-991a-0509c5a1de9f-SegmentedRaftLogWorker:Storage Directory /workdir/hadoop-ozone/integration-test/target/test-dir/MiniOzoneClusterImpl-ce471ee4-c249-4497-9e9a-3bbe536c2c9a/datanode-3/data/ratis/0f6c0ccc-0606-47e9-baaf-eb7e1b8fc809 for RaftStorage:Storage Directory /workdir/hadoop-ozone/integration-test/target/test-dir/MiniOzoneClusterImpl-ce471ee4-c249-4497-9e9a-3bbe536c2c9a/datanode-3/data/ratis/0f6c0ccc-0606-47e9-baaf-eb7e1b8fc809
2019-08-23 10:08:25,097 [pool-666-thread-1] INFO  server.RaftServerConfigKeys (ConfUtils.java:logGet(43)) - raft.server.log.queue.byte-limit = 2147483647 (custom)
2019-08-23 10:08:25,097 [pool-666-thread-1] INFO  server.RaftServerConfigKeys (ConfUtils.java:logGet(43)) - raft.server.log.queue.element-limit = 1024 (custom)
2019-08-23 10:08:25,097 [pool-666-thread-1] INFO  server.RaftServerConfigKeys (ConfUtils.java:logGet(43)) - raft.server.log.segment.size.max = 1048576 (custom)
2019-08-23 10:08:25,097 [pool-666-thread-1] INFO  server.RaftServerConfigKeys (ConfUtils.java:logGet(43)) - raft.server.log.preallocated.size = 16384 (custom)
2019-08-23 10:08:25,097 [pool-666-thread-1] INFO  server.RaftServerConfigKeys (ConfUtils.java:logGet(43)) - raft.server.log.write.buffer.size = 33554432 (custom)
2019-08-23 10:08:25,098 [pool-666-thread-1] INFO  server.RaftServerConfigKeys (ConfUtils.java:logGet(43)) - raft.server.log.force.sync.num = 128 (default)
2019-08-23 10:08:25,098 [pool-666-thread-1] INFO  server.RaftServerConfigKeys (ConfUtils.java:logGet(43)) - raft.server.log.statemachine.data.sync = true (default)
2019-08-23 10:08:25,098 [pool-666-thread-1] INFO  server.RaftServerConfigKeys (ConfUtils.java:logGet(43)) - raft.server.log.statemachine.data.sync.timeout = 10s (default)
2019-08-23 10:08:25,098 [pool-666-thread-1] INFO  server.RaftServerConfigKeys (ConfUtils.java:logGet(43)) - raft.server.log.statemachine.data.sync.timeout.retry = -1 (default)
2019-08-23 10:08:25,098 [pool-666-thread-1] INFO  server.RaftServerConfigKeys (ConfUtils.java:logGet(43)) - raft.server.log.statemachine.data.caching.enabled = true (custom)
2019-08-23 10:08:25,099 [pool-666-thread-1] INFO  segmented.SegmentedRaftLogWorker (SegmentedRaftLogWorker.java:lambda$new$0(132)) - c5104e55-9930-4334-991a-0509c5a1de9f-SegmentedRaftLogWorker:Storage Directory /workdir/hadoop-ozone/integration-test/target/test-dir/MiniOzoneClusterImpl-ce471ee4-c249-4497-9e9a-3bbe536c2c9a/datanode-3/data/ratis/0f6c0ccc-0606-47e9-baaf-eb7e1b8fc809: flushIndex: setUnconditionally 0 -> -1
2019-08-23 10:08:25,099 [pool-666-thread-1] INFO  server.RaftServerConfigKeys (ConfUtils.java:logGet(43)) - raft.server.snapshot.auto.trigger.enabled = true (custom)
2019-08-23 10:08:25,099 [pool-666-thread-1] INFO  server.RaftServerConfigKeys (ConfUtils.java:logGet(43)) - raft.server.snapshot.auto.trigger.threshold = 10000 (custom)
2019-08-23 10:08:25,099 [pool-666-thread-1] INFO  server.RaftServerConfigKeys (ConfUtils.java:logGet(43)) - raft.server.retrycache.expirytime = 600000ms (custom)
2019-08-23 10:08:25,099 [pool-666-thread-1] INFO  impl.RaftServerImpl (RaftServerImpl.java:start(180)) - c5104e55-9930-4334-991a-0509c5a1de9f: start group-EB7E1B8FC809
2019-08-23 10:08:25,100 [pool-666-thread-1] INFO  impl.RaftServerImpl (RaftServerImpl.java:setRole(171)) - c5104e55-9930-4334-991a-0509c5a1de9f:group-EB7E1B8FC809 changes role from null to FOLLOWER at term 0 for startAsFollower
2019-08-23 10:08:25,100 [pool-666-thread-1] INFO  impl.RoleInfo (RoleInfo.java:updateAndGet(143)) - c5104e55-9930-4334-991a-0509c5a1de9f: start FollowerState
2019-08-23 10:08:25,111 [pool-666-thread-1] INFO  util.JmxRegister (JmxRegister.java:tryRegister(44)) - Successfully registered JMX Bean with object name Ratis:service=RaftServer,group=group-EB7E1B8FC809,id=c5104e55-9930-4334-991a-0509c5a1de9f
2019-08-23 10:08:25,123 [RatisPipelineUtilsThread] INFO  pipeline.PipelineStateManager (PipelineStateManager.java:addPipeline(56)) - Created pipeline Pipeline[ Id: 0f6c0ccc-0606-47e9-baaf-eb7e1b8fc809, Nodes: c5104e55-9930-4334-991a-0509c5a1de9f{ip: 192.168.5.185, host: pr-hdds-1094-w8cgz-2737508714, networkLocation: /default-rack, certSerialId: null}, Type:RATIS, Factor:ONE, State:OPEN]
2019-08-23 10:08:25,243 [IPC Server handler 14 on 34947] INFO  net.NetworkTopology (NetworkTopologyImpl.java:add(110)) - Added a new node: /default-rack/ea014020-99a8-4d4c-8164-e72a7e895f0e
2019-08-23 10:08:25,243 [IPC Server handler 14 on 34947] INFO  node.SCMNodeManager (SCMNodeManager.java:register(273)) - Registered Data node : ea014020-99a8-4d4c-8164-e72a7e895f0e{ip: 192.168.5.185, host: pr-hdds-1094-w8cgz-2737508714, networkLocation: /default-rack, certSerialId: null}
2019-08-23 10:08:25,244 | INFO  | SCMAudit | user=jenkins1000 | ip=192.168.5.185 | op=REGISTER {datanodeDetails=ea014020-99a8-4d4c-8164-e72a7e895f0e{ip: 192.168.5.185, host: pr-hdds-1094-w8cgz-2737508714, networkLocation: /default-rack, certSerialId: null}} | ret=SUCCESS |  
2019-08-23 10:08:25,251 [grpc-default-executor-8] INFO  impl.RaftServerProxy (RaftServerProxy.java:addNew(89)) - ea014020-99a8-4d4c-8164-e72a7e895f0e: addNew group-1C9C80465146:[ea014020-99a8-4d4c-8164-e72a7e895f0e:192.168.5.185:34367] returns group-1C9C80465146:java.util.concurrent.CompletableFuture@7762d70f[Not completed]
2019-08-23 10:08:25,252 [pool-677-thread-1] INFO  impl.RaftServerImpl (RaftServerImpl.java:<init>(93)) - ea014020-99a8-4d4c-8164-e72a7e895f0e: new RaftServerImpl for group-1C9C80465146:[ea014020-99a8-4d4c-8164-e72a7e895f0e:192.168.5.185:34367] with ContainerStateMachine:uninitialized
2019-08-23 10:08:25,253 [pool-677-thread-1] INFO  server.RaftServerConfigKeys (ConfUtils.java:logGet(43)) - raft.server.rpc.timeout.min = 5s (custom)
2019-08-23 10:08:25,253 [pool-677-thread-1] INFO  server.RaftServerConfigKeys (ConfUtils.java:logGet(43)) - raft.server.rpc.timeout.max = 5200ms (custom)
2019-08-23 10:08:25,253 [pool-677-thread-1] INFO  server.RaftServerConfigKeys (ConfUtils.java:logGet(43)) - raft.server.rpcslowness.timeout = 120s (custom)
2019-08-23 10:08:25,253 [pool-677-thread-1] INFO  server.RaftServerConfigKeys (ConfUtils.java:logGet(43)) - raft.server.sleep.deviation.threshold = 300 (default)
2019-08-23 10:08:25,253 [pool-677-thread-1] INFO  server.RaftServerConfigKeys (ConfUtils.java:logGet(43)) - raft.server.log.appender.install.snapshot.enabled = false (custom)
2019-08-23 10:08:25,253 [pool-677-thread-1] INFO  impl.RaftServerImpl (ServerState.java:<init>(105)) - ea014020-99a8-4d4c-8164-e72a7e895f0e:group-1C9C80465146 ConfigurationManager, init=-1: [ea014020-99a8-4d4c-8164-e72a7e895f0e:192.168.5.185:34367], old=null, confs=<EMPTY_MAP>
2019-08-23 10:08:25,253 [pool-677-thread-1] INFO  server.RaftServerConfigKeys (ConfUtils.java:logGet(43)) - raft.server.storage.dir = [/workdir/hadoop-ozone/integration-test/target/test-dir/MiniOzoneClusterImpl-ce471ee4-c249-4497-9e9a-3bbe536c2c9a/datanode-4/data/ratis] (custom)
2019-08-23 10:08:25,254 [pool-677-thread-1] INFO  storage.RaftStorageDirectory (RaftStorageDirectory.java:analyzeStorage(246)) - The storage directory /workdir/hadoop-ozone/integration-test/target/test-dir/MiniOzoneClusterImpl-ce471ee4-c249-4497-9e9a-3bbe536c2c9a/datanode-4/data/ratis/7d5848c4-bad7-45d4-8b46-1c9c80465146 does not exist. Creating ...
2019-08-23 10:08:25,285 [pool-677-thread-1] INFO  storage.RaftStorageDirectory (RaftStorageDirectory.java:tryLock(328)) - Lock on /workdir/hadoop-ozone/integration-test/target/test-dir/MiniOzoneClusterImpl-ce471ee4-c249-4497-9e9a-3bbe536c2c9a/datanode-4/data/ratis/7d5848c4-bad7-45d4-8b46-1c9c80465146/in_use.lock acquired by nodename 29324@pr-hdds-1094-w8cgz-2737508714
2019-08-23 10:08:25,298 [pool-677-thread-1] INFO  storage.RaftStorage (RaftStorage.java:format(72)) - Storage directory /workdir/hadoop-ozone/integration-test/target/test-dir/MiniOzoneClusterImpl-ce471ee4-c249-4497-9e9a-3bbe536c2c9a/datanode-4/data/ratis/7d5848c4-bad7-45d4-8b46-1c9c80465146 has been successfully formatted.
2019-08-23 10:08:25,298 [pool-677-thread-1] INFO  ratis.ContainerStateMachine (ContainerStateMachine.java:loadSnapshot(226)) - group-1C9C80465146: The snapshot info is null. Setting the last applied indexto:(t:0, i:~)
2019-08-23 10:08:25,298 [pool-677-thread-1] INFO  server.RaftServerConfigKeys (ConfUtils.java:logGet(43)) - raft.server.leader.election.timeout = 120s (custom)
2019-08-23 10:08:25,299 [pool-677-thread-1] INFO  server.RaftServerConfigKeys (ConfUtils.java:logGet(43)) - raft.server.log.use.memory = false (default)
2019-08-23 10:08:25,299 [pool-677-thread-1] INFO  server.RaftServerConfigKeys (ConfUtils.java:logGet(43)) - raft.server.log.purge.gap = 1000000 (custom)
2019-08-23 10:08:25,299 [pool-677-thread-1] INFO  server.RaftServerConfigKeys (ConfUtils.java:logGet(43)) - raft.server.log.appender.buffer.byte-limit = 33554432 (custom)
2019-08-23 10:08:25,299 [pool-677-thread-1] INFO  server.RaftServerConfigKeys (ConfUtils.java:logGet(43)) - raft.server.log.segment.size.max = 1048576 (custom)
2019-08-23 10:08:25,299 [pool-677-thread-1] INFO  server.RaftServerConfigKeys (ConfUtils.java:logGet(43)) - raft.server.log.segment.cache.num.max = 2 (custom)
2019-08-23 10:08:25,299 [pool-677-thread-1] INFO  segmented.SegmentedRaftLogWorker (SegmentedRaftLogWorker.java:<init>(172)) - new ea014020-99a8-4d4c-8164-e72a7e895f0e-SegmentedRaftLogWorker:Storage Directory /workdir/hadoop-ozone/integration-test/target/test-dir/MiniOzoneClusterImpl-ce471ee4-c249-4497-9e9a-3bbe536c2c9a/datanode-4/data/ratis/7d5848c4-bad7-45d4-8b46-1c9c80465146 for RaftStorage:Storage Directory /workdir/hadoop-ozone/integration-test/target/test-dir/MiniOzoneClusterImpl-ce471ee4-c249-4497-9e9a-3bbe536c2c9a/datanode-4/data/ratis/7d5848c4-bad7-45d4-8b46-1c9c80465146
2019-08-23 10:08:25,299 [pool-677-thread-1] INFO  server.RaftServerConfigKeys (ConfUtils.java:logGet(43)) - raft.server.log.queue.byte-limit = 2147483647 (custom)
2019-08-23 10:08:25,300 [pool-677-thread-1] INFO  server.RaftServerConfigKeys (ConfUtils.java:logGet(43)) - raft.server.log.queue.element-limit = 1024 (custom)
2019-08-23 10:08:25,300 [pool-677-thread-1] INFO  server.RaftServerConfigKeys (ConfUtils.java:logGet(43)) - raft.server.log.segment.size.max = 1048576 (custom)
2019-08-23 10:08:25,300 [pool-677-thread-1] INFO  server.RaftServerConfigKeys (ConfUtils.java:logGet(43)) - raft.server.log.preallocated.size = 16384 (custom)
2019-08-23 10:08:25,300 [pool-677-thread-1] INFO  server.RaftServerConfigKeys (ConfUtils.java:logGet(43)) - raft.server.log.write.buffer.size = 33554432 (custom)
2019-08-23 10:08:25,300 [pool-677-thread-1] INFO  server.RaftServerConfigKeys (ConfUtils.java:logGet(43)) - raft.server.log.force.sync.num = 128 (default)
2019-08-23 10:08:25,300 [pool-677-thread-1] INFO  server.RaftServerConfigKeys (ConfUtils.java:logGet(43)) - raft.server.log.statemachine.data.sync = true (default)
2019-08-23 10:08:25,300 [pool-677-thread-1] INFO  server.RaftServerConfigKeys (ConfUtils.java:logGet(43)) - raft.server.log.statemachine.data.sync.timeout = 10s (default)
2019-08-23 10:08:25,301 [pool-677-thread-1] INFO  server.RaftServerConfigKeys (ConfUtils.java:logGet(43)) - raft.server.log.statemachine.data.sync.timeout.retry = -1 (default)
2019-08-23 10:08:25,301 [pool-677-thread-1] INFO  server.RaftServerConfigKeys (ConfUtils.java:logGet(43)) - raft.server.log.statemachine.data.caching.enabled = true (custom)
2019-08-23 10:08:25,301 [pool-677-thread-1] INFO  segmented.SegmentedRaftLogWorker (SegmentedRaftLogWorker.java:lambda$new$0(132)) - ea014020-99a8-4d4c-8164-e72a7e895f0e-SegmentedRaftLogWorker:Storage Directory /workdir/hadoop-ozone/integration-test/target/test-dir/MiniOzoneClusterImpl-ce471ee4-c249-4497-9e9a-3bbe536c2c9a/datanode-4/data/ratis/7d5848c4-bad7-45d4-8b46-1c9c80465146: flushIndex: setUnconditionally 0 -> -1
2019-08-23 10:08:25,302 [pool-677-thread-1] INFO  server.RaftServerConfigKeys (ConfUtils.java:logGet(43)) - raft.server.snapshot.auto.trigger.enabled = true (custom)
2019-08-23 10:08:25,302 [pool-677-thread-1] INFO  server.RaftServerConfigKeys (ConfUtils.java:logGet(43)) - raft.server.snapshot.auto.trigger.threshold = 10000 (custom)
2019-08-23 10:08:25,302 [pool-677-thread-1] INFO  server.RaftServerConfigKeys (ConfUtils.java:logGet(43)) - raft.server.retrycache.expirytime = 600000ms (custom)
2019-08-23 10:08:25,302 [pool-677-thread-1] INFO  impl.RaftServerImpl (RaftServerImpl.java:start(180)) - ea014020-99a8-4d4c-8164-e72a7e895f0e: start group-1C9C80465146
2019-08-23 10:08:25,302 [pool-677-thread-1] INFO  impl.RaftServerImpl (RaftServerImpl.java:setRole(171)) - ea014020-99a8-4d4c-8164-e72a7e895f0e:group-1C9C80465146 changes role from null to FOLLOWER at term 0 for startAsFollower
2019-08-23 10:08:25,302 [pool-677-thread-1] INFO  impl.RoleInfo (RoleInfo.java:updateAndGet(143)) - ea014020-99a8-4d4c-8164-e72a7e895f0e: start FollowerState
2019-08-23 10:08:25,303 [pool-677-thread-1] INFO  util.JmxRegister (JmxRegister.java:tryRegister(44)) - Successfully registered JMX Bean with object name Ratis:service=RaftServer,group=group-1C9C80465146,id=ea014020-99a8-4d4c-8164-e72a7e895f0e
2019-08-23 10:08:25,308 [RatisPipelineUtilsThread] INFO  pipeline.PipelineStateManager (PipelineStateManager.java:addPipeline(56)) - Created pipeline Pipeline[ Id: 7d5848c4-bad7-45d4-8b46-1c9c80465146, Nodes: ea014020-99a8-4d4c-8164-e72a7e895f0e{ip: 192.168.5.185, host: pr-hdds-1094-w8cgz-2737508714, networkLocation: /default-rack, certSerialId: null}, Type:RATIS, Factor:ONE, State:OPEN]
2019-08-23 10:08:25,432 [IPC Server handler 16 on 34947] INFO  net.NetworkTopology (NetworkTopologyImpl.java:add(110)) - Added a new node: /default-rack/94b1aa13-75e5-4c16-a0db-f9a83d869744
2019-08-23 10:08:25,432 [IPC Server handler 16 on 34947] INFO  node.SCMNodeManager (SCMNodeManager.java:register(273)) - Registered Data node : 94b1aa13-75e5-4c16-a0db-f9a83d869744{ip: 192.168.5.185, host: pr-hdds-1094-w8cgz-2737508714, networkLocation: /default-rack, certSerialId: null}
2019-08-23 10:08:25,432 | INFO  | SCMAudit | user=jenkins1000 | ip=192.168.5.185 | op=REGISTER {datanodeDetails=94b1aa13-75e5-4c16-a0db-f9a83d869744{ip: 192.168.5.185, host: pr-hdds-1094-w8cgz-2737508714, networkLocation: /default-rack, certSerialId: null}} | ret=SUCCESS |  
2019-08-23 10:08:25,441 [grpc-default-executor-8] INFO  impl.RaftServerProxy (RaftServerProxy.java:addNew(89)) - 94b1aa13-75e5-4c16-a0db-f9a83d869744: addNew group-3BDF4F09FBC0:[94b1aa13-75e5-4c16-a0db-f9a83d869744:192.168.5.185:39321] returns group-3BDF4F09FBC0:java.util.concurrent.CompletableFuture@2cde44fc[Not completed]
2019-08-23 10:08:25,442 [pool-688-thread-1] INFO  impl.RaftServerImpl (RaftServerImpl.java:<init>(93)) - 94b1aa13-75e5-4c16-a0db-f9a83d869744: new RaftServerImpl for group-3BDF4F09FBC0:[94b1aa13-75e5-4c16-a0db-f9a83d869744:192.168.5.185:39321] with ContainerStateMachine:uninitialized
2019-08-23 10:08:25,442 [pool-688-thread-1] INFO  server.RaftServerConfigKeys (ConfUtils.java:logGet(43)) - raft.server.rpc.timeout.min = 5s (custom)
2019-08-23 10:08:25,442 [pool-688-thread-1] INFO  server.RaftServerConfigKeys (ConfUtils.java:logGet(43)) - raft.server.rpc.timeout.max = 5200ms (custom)
2019-08-23 10:08:25,442 [pool-688-thread-1] INFO  server.RaftServerConfigKeys (ConfUtils.java:logGet(43)) - raft.server.rpcslowness.timeout = 120s (custom)
2019-08-23 10:08:25,442 [pool-688-thread-1] INFO  server.RaftServerConfigKeys (ConfUtils.java:logGet(43)) - raft.server.sleep.deviation.threshold = 300 (default)
2019-08-23 10:08:25,443 [pool-688-thread-1] INFO  server.RaftServerConfigKeys (ConfUtils.java:logGet(43)) - raft.server.log.appender.install.snapshot.enabled = false (custom)
2019-08-23 10:08:25,443 [pool-688-thread-1] INFO  impl.RaftServerImpl (ServerState.java:<init>(105)) - 94b1aa13-75e5-4c16-a0db-f9a83d869744:group-3BDF4F09FBC0 ConfigurationManager, init=-1: [94b1aa13-75e5-4c16-a0db-f9a83d869744:192.168.5.185:39321], old=null, confs=<EMPTY_MAP>
2019-08-23 10:08:25,443 [pool-688-thread-1] INFO  server.RaftServerConfigKeys (ConfUtils.java:logGet(43)) - raft.server.storage.dir = [/workdir/hadoop-ozone/integration-test/target/test-dir/MiniOzoneClusterImpl-ce471ee4-c249-4497-9e9a-3bbe536c2c9a/datanode-5/data/ratis] (custom)
2019-08-23 10:08:25,443 [pool-688-thread-1] INFO  storage.RaftStorageDirectory (RaftStorageDirectory.java:analyzeStorage(246)) - The storage directory /workdir/hadoop-ozone/integration-test/target/test-dir/MiniOzoneClusterImpl-ce471ee4-c249-4497-9e9a-3bbe536c2c9a/datanode-5/data/ratis/3530419a-ea54-4abd-b17c-3bdf4f09fbc0 does not exist. Creating ...
2019-08-23 10:08:25,458 [pool-688-thread-1] INFO  storage.RaftStorageDirectory (RaftStorageDirectory.java:tryLock(328)) - Lock on /workdir/hadoop-ozone/integration-test/target/test-dir/MiniOzoneClusterImpl-ce471ee4-c249-4497-9e9a-3bbe536c2c9a/datanode-5/data/ratis/3530419a-ea54-4abd-b17c-3bdf4f09fbc0/in_use.lock acquired by nodename 29324@pr-hdds-1094-w8cgz-2737508714
2019-08-23 10:08:25,470 [pool-688-thread-1] INFO  storage.RaftStorage (RaftStorage.java:format(72)) - Storage directory /workdir/hadoop-ozone/integration-test/target/test-dir/MiniOzoneClusterImpl-ce471ee4-c249-4497-9e9a-3bbe536c2c9a/datanode-5/data/ratis/3530419a-ea54-4abd-b17c-3bdf4f09fbc0 has been successfully formatted.
2019-08-23 10:08:25,471 [pool-688-thread-1] INFO  ratis.ContainerStateMachine (ContainerStateMachine.java:loadSnapshot(226)) - group-3BDF4F09FBC0: The snapshot info is null. Setting the last applied indexto:(t:0, i:~)
2019-08-23 10:08:25,471 [pool-688-thread-1] INFO  server.RaftServerConfigKeys (ConfUtils.java:logGet(43)) - raft.server.leader.election.timeout = 120s (custom)
2019-08-23 10:08:25,471 [pool-688-thread-1] INFO  server.RaftServerConfigKeys (ConfUtils.java:logGet(43)) - raft.server.log.use.memory = false (default)
2019-08-23 10:08:25,471 [pool-688-thread-1] INFO  server.RaftServerConfigKeys (ConfUtils.java:logGet(43)) - raft.server.log.purge.gap = 1000000 (custom)
2019-08-23 10:08:25,471 [pool-688-thread-1] INFO  server.RaftServerConfigKeys (ConfUtils.java:logGet(43)) - raft.server.log.appender.buffer.byte-limit = 33554432 (custom)
2019-08-23 10:08:25,471 [pool-688-thread-1] INFO  server.RaftServerConfigKeys (ConfUtils.java:logGet(43)) - raft.server.log.segment.size.max = 1048576 (custom)
2019-08-23 10:08:25,472 [pool-688-thread-1] INFO  server.RaftServerConfigKeys (ConfUtils.java:logGet(43)) - raft.server.log.segment.cache.num.max = 2 (custom)
2019-08-23 10:08:25,472 [pool-688-thread-1] INFO  segmented.SegmentedRaftLogWorker (SegmentedRaftLogWorker.java:<init>(172)) - new 94b1aa13-75e5-4c16-a0db-f9a83d869744-SegmentedRaftLogWorker:Storage Directory /workdir/hadoop-ozone/integration-test/target/test-dir/MiniOzoneClusterImpl-ce471ee4-c249-4497-9e9a-3bbe536c2c9a/datanode-5/data/ratis/3530419a-ea54-4abd-b17c-3bdf4f09fbc0 for RaftStorage:Storage Directory /workdir/hadoop-ozone/integration-test/target/test-dir/MiniOzoneClusterImpl-ce471ee4-c249-4497-9e9a-3bbe536c2c9a/datanode-5/data/ratis/3530419a-ea54-4abd-b17c-3bdf4f09fbc0
2019-08-23 10:08:25,472 [pool-688-thread-1] INFO  server.RaftServerConfigKeys (ConfUtils.java:logGet(43)) - raft.server.log.queue.byte-limit = 2147483647 (custom)
2019-08-23 10:08:25,472 [pool-688-thread-1] INFO  server.RaftServerConfigKeys (ConfUtils.java:logGet(43)) - raft.server.log.queue.element-limit = 1024 (custom)
2019-08-23 10:08:25,473 [pool-688-thread-1] INFO  server.RaftServerConfigKeys (ConfUtils.java:logGet(43)) - raft.server.log.segment.size.max = 1048576 (custom)
2019-08-23 10:08:25,473 [pool-688-thread-1] INFO  server.RaftServerConfigKeys (ConfUtils.java:logGet(43)) - raft.server.log.preallocated.size = 16384 (custom)
2019-08-23 10:08:25,473 [pool-688-thread-1] INFO  server.RaftServerConfigKeys (ConfUtils.java:logGet(43)) - raft.server.log.write.buffer.size = 33554432 (custom)
2019-08-23 10:08:25,473 [pool-688-thread-1] INFO  server.RaftServerConfigKeys (ConfUtils.java:logGet(43)) - raft.server.log.force.sync.num = 128 (default)
2019-08-23 10:08:25,473 [pool-688-thread-1] INFO  server.RaftServerConfigKeys (ConfUtils.java:logGet(43)) - raft.server.log.statemachine.data.sync = true (default)
2019-08-23 10:08:25,473 [pool-688-thread-1] INFO  server.RaftServerConfigKeys (ConfUtils.java:logGet(43)) - raft.server.log.statemachine.data.sync.timeout = 10s (default)
2019-08-23 10:08:25,473 [pool-688-thread-1] INFO  server.RaftServerConfigKeys (ConfUtils.java:logGet(43)) - raft.server.log.statemachine.data.sync.timeout.retry = -1 (default)
2019-08-23 10:08:25,474 [pool-688-thread-1] INFO  server.RaftServerConfigKeys (ConfUtils.java:logGet(43)) - raft.server.log.statemachine.data.caching.enabled = true (custom)
2019-08-23 10:08:25,474 [pool-688-thread-1] INFO  segmented.SegmentedRaftLogWorker (SegmentedRaftLogWorker.java:lambda$new$0(132)) - 94b1aa13-75e5-4c16-a0db-f9a83d869744-SegmentedRaftLogWorker:Storage Directory /workdir/hadoop-ozone/integration-test/target/test-dir/MiniOzoneClusterImpl-ce471ee4-c249-4497-9e9a-3bbe536c2c9a/datanode-5/data/ratis/3530419a-ea54-4abd-b17c-3bdf4f09fbc0: flushIndex: setUnconditionally 0 -> -1
2019-08-23 10:08:25,474 [pool-688-thread-1] INFO  server.RaftServerConfigKeys (ConfUtils.java:logGet(43)) - raft.server.snapshot.auto.trigger.enabled = true (custom)
2019-08-23 10:08:25,474 [pool-688-thread-1] INFO  server.RaftServerConfigKeys (ConfUtils.java:logGet(43)) - raft.server.snapshot.auto.trigger.threshold = 10000 (custom)
2019-08-23 10:08:25,474 [pool-688-thread-1] INFO  server.RaftServerConfigKeys (ConfUtils.java:logGet(43)) - raft.server.retrycache.expirytime = 600000ms (custom)
2019-08-23 10:08:25,475 [pool-688-thread-1] INFO  impl.RaftServerImpl (RaftServerImpl.java:start(180)) - 94b1aa13-75e5-4c16-a0db-f9a83d869744: start group-3BDF4F09FBC0
2019-08-23 10:08:25,475 [pool-688-thread-1] INFO  impl.RaftServerImpl (RaftServerImpl.java:setRole(171)) - 94b1aa13-75e5-4c16-a0db-f9a83d869744:group-3BDF4F09FBC0 changes role from null to FOLLOWER at term 0 for startAsFollower
2019-08-23 10:08:25,475 [pool-688-thread-1] INFO  impl.RoleInfo (RoleInfo.java:updateAndGet(143)) - 94b1aa13-75e5-4c16-a0db-f9a83d869744: start FollowerState
2019-08-23 10:08:25,475 [pool-688-thread-1] INFO  util.JmxRegister (JmxRegister.java:tryRegister(44)) - Successfully registered JMX Bean with object name Ratis:service=RaftServer,group=group-3BDF4F09FBC0,id=94b1aa13-75e5-4c16-a0db-f9a83d869744
2019-08-23 10:08:25,480 [RatisPipelineUtilsThread] INFO  pipeline.PipelineStateManager (PipelineStateManager.java:addPipeline(56)) - Created pipeline Pipeline[ Id: 3530419a-ea54-4abd-b17c-3bdf4f09fbc0, Nodes: 94b1aa13-75e5-4c16-a0db-f9a83d869744{ip: 192.168.5.185, host: pr-hdds-1094-w8cgz-2737508714, networkLocation: /default-rack, certSerialId: null}, Type:RATIS, Factor:ONE, State:OPEN]
2019-08-23 10:08:25,498 [grpc-default-executor-4] INFO  impl.RaftServerProxy (RaftServerProxy.java:addNew(89)) - ea014020-99a8-4d4c-8164-e72a7e895f0e: addNew group-62B845300AD7:[c5104e55-9930-4334-991a-0509c5a1de9f:192.168.5.185:39019, 94b1aa13-75e5-4c16-a0db-f9a83d869744:192.168.5.185:39321, ea014020-99a8-4d4c-8164-e72a7e895f0e:192.168.5.185:34367] returns group-62B845300AD7:java.util.concurrent.CompletableFuture@15306872[Not completed]
2019-08-23 10:08:25,499 [grpc-default-executor-8] INFO  impl.RaftServerProxy (RaftServerProxy.java:addNew(89)) - c5104e55-9930-4334-991a-0509c5a1de9f: addNew group-62B845300AD7:[c5104e55-9930-4334-991a-0509c5a1de9f:192.168.5.185:39019, 94b1aa13-75e5-4c16-a0db-f9a83d869744:192.168.5.185:39321, ea014020-99a8-4d4c-8164-e72a7e895f0e:192.168.5.185:34367] returns group-62B845300AD7:java.util.concurrent.CompletableFuture@64b03dc2[Not completed]
2019-08-23 10:08:25,499 [grpc-default-executor-4] INFO  impl.RaftServerProxy (RaftServerProxy.java:addNew(89)) - 94b1aa13-75e5-4c16-a0db-f9a83d869744: addNew group-62B845300AD7:[c5104e55-9930-4334-991a-0509c5a1de9f:192.168.5.185:39019, 94b1aa13-75e5-4c16-a0db-f9a83d869744:192.168.5.185:39321, ea014020-99a8-4d4c-8164-e72a7e895f0e:192.168.5.185:34367] returns group-62B845300AD7:java.util.concurrent.CompletableFuture@64aa6b94[Not completed]
2019-08-23 10:08:25,500 [pool-677-thread-1] INFO  impl.RaftServerImpl (RaftServerImpl.java:<init>(93)) - ea014020-99a8-4d4c-8164-e72a7e895f0e: new RaftServerImpl for group-62B845300AD7:[c5104e55-9930-4334-991a-0509c5a1de9f:192.168.5.185:39019, 94b1aa13-75e5-4c16-a0db-f9a83d869744:192.168.5.185:39321, ea014020-99a8-4d4c-8164-e72a7e895f0e:192.168.5.185:34367] with ContainerStateMachine:uninitialized
2019-08-23 10:08:25,500 [pool-677-thread-1] INFO  server.RaftServerConfigKeys (ConfUtils.java:logGet(43)) - raft.server.rpc.timeout.min = 5s (custom)
2019-08-23 10:08:25,500 [pool-677-thread-1] INFO  server.RaftServerConfigKeys (ConfUtils.java:logGet(43)) - raft.server.rpc.timeout.max = 5200ms (custom)
2019-08-23 10:08:25,500 [pool-677-thread-1] INFO  server.RaftServerConfigKeys (ConfUtils.java:logGet(43)) - raft.server.rpcslowness.timeout = 120s (custom)
2019-08-23 10:08:25,501 [pool-666-thread-1] INFO  impl.RaftServerImpl (RaftServerImpl.java:<init>(93)) - c5104e55-9930-4334-991a-0509c5a1de9f: new RaftServerImpl for group-62B845300AD7:[c5104e55-9930-4334-991a-0509c5a1de9f:192.168.5.185:39019, 94b1aa13-75e5-4c16-a0db-f9a83d869744:192.168.5.185:39321, ea014020-99a8-4d4c-8164-e72a7e895f0e:192.168.5.185:34367] with ContainerStateMachine:uninitialized
2019-08-23 10:08:25,501 [pool-677-thread-1] INFO  server.RaftServerConfigKeys (ConfUtils.java:logGet(43)) - raft.server.sleep.deviation.threshold = 300 (default)
2019-08-23 10:08:25,501 [pool-666-thread-1] INFO  server.RaftServerConfigKeys (ConfUtils.java:logGet(43)) - raft.server.rpc.timeout.min = 5s (custom)
2019-08-23 10:08:25,501 [pool-677-thread-1] INFO  server.RaftServerConfigKeys (ConfUtils.java:logGet(43)) - raft.server.log.appender.install.snapshot.enabled = false (custom)
2019-08-23 10:08:25,501 [pool-688-thread-1] INFO  impl.RaftServerImpl (RaftServerImpl.java:<init>(93)) - 94b1aa13-75e5-4c16-a0db-f9a83d869744: new RaftServerImpl for group-62B845300AD7:[c5104e55-9930-4334-991a-0509c5a1de9f:192.168.5.185:39019, 94b1aa13-75e5-4c16-a0db-f9a83d869744:192.168.5.185:39321, ea014020-99a8-4d4c-8164-e72a7e895f0e:192.168.5.185:34367] with ContainerStateMachine:uninitialized
2019-08-23 10:08:25,501 [pool-666-thread-1] INFO  server.RaftServerConfigKeys (ConfUtils.java:logGet(43)) - raft.server.rpc.timeout.max = 5200ms (custom)
2019-08-23 10:08:25,501 [pool-688-thread-1] INFO  server.RaftServerConfigKeys (ConfUtils.java:logGet(43)) - raft.server.rpc.timeout.min = 5s (custom)
2019-08-23 10:08:25,501 [pool-677-thread-1] INFO  impl.RaftServerImpl (ServerState.java:<init>(105)) - ea014020-99a8-4d4c-8164-e72a7e895f0e:group-62B845300AD7 ConfigurationManager, init=-1: [c5104e55-9930-4334-991a-0509c5a1de9f:192.168.5.185:39019, 94b1aa13-75e5-4c16-a0db-f9a83d869744:192.168.5.185:39321, ea014020-99a8-4d4c-8164-e72a7e895f0e:192.168.5.185:34367], old=null, confs=<EMPTY_MAP>
2019-08-23 10:08:25,502 [pool-688-thread-1] INFO  server.RaftServerConfigKeys (ConfUtils.java:logGet(43)) - raft.server.rpc.timeout.max = 5200ms (custom)
2019-08-23 10:08:25,502 [pool-688-thread-1] INFO  server.RaftServerConfigKeys (ConfUtils.java:logGet(43)) - raft.server.rpcslowness.timeout = 120s (custom)
2019-08-23 10:08:25,501 [pool-666-thread-1] INFO  server.RaftServerConfigKeys (ConfUtils.java:logGet(43)) - raft.server.rpcslowness.timeout = 120s (custom)
2019-08-23 10:08:25,502 [pool-688-thread-1] INFO  server.RaftServerConfigKeys (ConfUtils.java:logGet(43)) - raft.server.sleep.deviation.threshold = 300 (default)
2019-08-23 10:08:25,502 [pool-677-thread-1] INFO  server.RaftServerConfigKeys (ConfUtils.java:logGet(43)) - raft.server.storage.dir = [/workdir/hadoop-ozone/integration-test/target/test-dir/MiniOzoneClusterImpl-ce471ee4-c249-4497-9e9a-3bbe536c2c9a/datanode-4/data/ratis] (custom)
2019-08-23 10:08:25,502 [pool-688-thread-1] INFO  server.RaftServerConfigKeys (ConfUtils.java:logGet(43)) - raft.server.log.appender.install.snapshot.enabled = false (custom)
2019-08-23 10:08:25,502 [pool-666-thread-1] INFO  server.RaftServerConfigKeys (ConfUtils.java:logGet(43)) - raft.server.sleep.deviation.threshold = 300 (default)
2019-08-23 10:08:25,503 [pool-677-thread-1] INFO  storage.RaftStorageDirectory (RaftStorageDirectory.java:analyzeStorage(246)) - The storage directory /workdir/hadoop-ozone/integration-test/target/test-dir/MiniOzoneClusterImpl-ce471ee4-c249-4497-9e9a-3bbe536c2c9a/datanode-4/data/ratis/24a7c382-dd7d-4f6b-8fc8-62b845300ad7 does not exist. Creating ...
2019-08-23 10:08:25,503 [pool-688-thread-1] INFO  impl.RaftServerImpl (ServerState.java:<init>(105)) - 94b1aa13-75e5-4c16-a0db-f9a83d869744:group-62B845300AD7 ConfigurationManager, init=-1: [c5104e55-9930-4334-991a-0509c5a1de9f:192.168.5.185:39019, 94b1aa13-75e5-4c16-a0db-f9a83d869744:192.168.5.185:39321, ea014020-99a8-4d4c-8164-e72a7e895f0e:192.168.5.185:34367], old=null, confs=<EMPTY_MAP>
2019-08-23 10:08:25,503 [pool-666-thread-1] INFO  server.RaftServerConfigKeys (ConfUtils.java:logGet(43)) - raft.server.log.appender.install.snapshot.enabled = false (custom)
2019-08-23 10:08:25,503 [pool-688-thread-1] INFO  server.RaftServerConfigKeys (ConfUtils.java:logGet(43)) - raft.server.storage.dir = [/workdir/hadoop-ozone/integration-test/target/test-dir/MiniOzoneClusterImpl-ce471ee4-c249-4497-9e9a-3bbe536c2c9a/datanode-5/data/ratis] (custom)
2019-08-23 10:08:25,503 [pool-666-thread-1] INFO  impl.RaftServerImpl (ServerState.java:<init>(105)) - c5104e55-9930-4334-991a-0509c5a1de9f:group-62B845300AD7 ConfigurationManager, init=-1: [c5104e55-9930-4334-991a-0509c5a1de9f:192.168.5.185:39019, 94b1aa13-75e5-4c16-a0db-f9a83d869744:192.168.5.185:39321, ea014020-99a8-4d4c-8164-e72a7e895f0e:192.168.5.185:34367], old=null, confs=<EMPTY_MAP>
2019-08-23 10:08:25,504 [pool-666-thread-1] INFO  server.RaftServerConfigKeys (ConfUtils.java:logGet(43)) - raft.server.storage.dir = [/workdir/hadoop-ozone/integration-test/target/test-dir/MiniOzoneClusterImpl-ce471ee4-c249-4497-9e9a-3bbe536c2c9a/datanode-3/data/ratis] (custom)
2019-08-23 10:08:25,504 [pool-688-thread-1] INFO  storage.RaftStorageDirectory (RaftStorageDirectory.java:analyzeStorage(246)) - The storage directory /workdir/hadoop-ozone/integration-test/target/test-dir/MiniOzoneClusterImpl-ce471ee4-c249-4497-9e9a-3bbe536c2c9a/datanode-5/data/ratis/24a7c382-dd7d-4f6b-8fc8-62b845300ad7 does not exist. Creating ...
2019-08-23 10:08:25,504 [pool-666-thread-1] INFO  storage.RaftStorageDirectory (RaftStorageDirectory.java:analyzeStorage(246)) - The storage directory /workdir/hadoop-ozone/integration-test/target/test-dir/MiniOzoneClusterImpl-ce471ee4-c249-4497-9e9a-3bbe536c2c9a/datanode-3/data/ratis/24a7c382-dd7d-4f6b-8fc8-62b845300ad7 does not exist. Creating ...
2019-08-23 10:08:25,517 [pool-666-thread-1] INFO  storage.RaftStorageDirectory (RaftStorageDirectory.java:tryLock(328)) - Lock on /workdir/hadoop-ozone/integration-test/target/test-dir/MiniOzoneClusterImpl-ce471ee4-c249-4497-9e9a-3bbe536c2c9a/datanode-3/data/ratis/24a7c382-dd7d-4f6b-8fc8-62b845300ad7/in_use.lock acquired by nodename 29324@pr-hdds-1094-w8cgz-2737508714
2019-08-23 10:08:25,517 [pool-688-thread-1] INFO  storage.RaftStorageDirectory (RaftStorageDirectory.java:tryLock(328)) - Lock on /workdir/hadoop-ozone/integration-test/target/test-dir/MiniOzoneClusterImpl-ce471ee4-c249-4497-9e9a-3bbe536c2c9a/datanode-5/data/ratis/24a7c382-dd7d-4f6b-8fc8-62b845300ad7/in_use.lock acquired by nodename 29324@pr-hdds-1094-w8cgz-2737508714
2019-08-23 10:08:25,517 [pool-677-thread-1] INFO  storage.RaftStorageDirectory (RaftStorageDirectory.java:tryLock(328)) - Lock on /workdir/hadoop-ozone/integration-test/target/test-dir/MiniOzoneClusterImpl-ce471ee4-c249-4497-9e9a-3bbe536c2c9a/datanode-4/data/ratis/24a7c382-dd7d-4f6b-8fc8-62b845300ad7/in_use.lock acquired by nodename 29324@pr-hdds-1094-w8cgz-2737508714
2019-08-23 10:08:25,543 [pool-666-thread-1] INFO  storage.RaftStorage (RaftStorage.java:format(72)) - Storage directory /workdir/hadoop-ozone/integration-test/target/test-dir/MiniOzoneClusterImpl-ce471ee4-c249-4497-9e9a-3bbe536c2c9a/datanode-3/data/ratis/24a7c382-dd7d-4f6b-8fc8-62b845300ad7 has been successfully formatted.
2019-08-23 10:08:25,543 [pool-688-thread-1] INFO  storage.RaftStorage (RaftStorage.java:format(72)) - Storage directory /workdir/hadoop-ozone/integration-test/target/test-dir/MiniOzoneClusterImpl-ce471ee4-c249-4497-9e9a-3bbe536c2c9a/datanode-5/data/ratis/24a7c382-dd7d-4f6b-8fc8-62b845300ad7 has been successfully formatted.
2019-08-23 10:08:25,543 [pool-666-thread-1] INFO  ratis.ContainerStateMachine (ContainerStateMachine.java:loadSnapshot(226)) - group-62B845300AD7: The snapshot info is null. Setting the last applied indexto:(t:0, i:~)
2019-08-23 10:08:25,543 [pool-688-thread-1] INFO  ratis.ContainerStateMachine (ContainerStateMachine.java:loadSnapshot(226)) - group-62B845300AD7: The snapshot info is null. Setting the last applied indexto:(t:0, i:~)
2019-08-23 10:08:25,543 [pool-677-thread-1] INFO  storage.RaftStorage (RaftStorage.java:format(72)) - Storage directory /workdir/hadoop-ozone/integration-test/target/test-dir/MiniOzoneClusterImpl-ce471ee4-c249-4497-9e9a-3bbe536c2c9a/datanode-4/data/ratis/24a7c382-dd7d-4f6b-8fc8-62b845300ad7 has been successfully formatted.
2019-08-23 10:08:25,544 [pool-688-thread-1] INFO  server.RaftServerConfigKeys (ConfUtils.java:logGet(43)) - raft.server.leader.election.timeout = 120s (custom)
2019-08-23 10:08:25,543 [pool-666-thread-1] INFO  server.RaftServerConfigKeys (ConfUtils.java:logGet(43)) - raft.server.leader.election.timeout = 120s (custom)
2019-08-23 10:08:25,544 [pool-688-thread-1] INFO  server.RaftServerConfigKeys (ConfUtils.java:logGet(43)) - raft.server.log.use.memory = false (default)
2019-08-23 10:08:25,544 [pool-677-thread-1] INFO  ratis.ContainerStateMachine (ContainerStateMachine.java:loadSnapshot(226)) - group-62B845300AD7: The snapshot info is null. Setting the last applied indexto:(t:0, i:~)
2019-08-23 10:08:25,544 [pool-688-thread-1] INFO  server.RaftServerConfigKeys (ConfUtils.java:logGet(43)) - raft.server.log.purge.gap = 1000000 (custom)
2019-08-23 10:08:25,544 [pool-666-thread-1] INFO  server.RaftServerConfigKeys (ConfUtils.java:logGet(43)) - raft.server.log.use.memory = false (default)
2019-08-23 10:08:25,544 [pool-688-thread-1] INFO  server.RaftServerConfigKeys (ConfUtils.java:logGet(43)) - raft.server.log.appender.buffer.byte-limit = 33554432 (custom)
2019-08-23 10:08:25,544 [pool-677-thread-1] INFO  server.RaftServerConfigKeys (ConfUtils.java:logGet(43)) - raft.server.leader.election.timeout = 120s (custom)
2019-08-23 10:08:25,545 [pool-688-thread-1] INFO  server.RaftServerConfigKeys (ConfUtils.java:logGet(43)) - raft.server.log.segment.size.max = 1048576 (custom)
2019-08-23 10:08:25,544 [pool-666-thread-1] INFO  server.RaftServerConfigKeys (ConfUtils.java:logGet(43)) - raft.server.log.purge.gap = 1000000 (custom)
2019-08-23 10:08:25,545 [pool-688-thread-1] INFO  server.RaftServerConfigKeys (ConfUtils.java:logGet(43)) - raft.server.log.segment.cache.num.max = 2 (custom)
2019-08-23 10:08:25,545 [pool-677-thread-1] INFO  server.RaftServerConfigKeys (ConfUtils.java:logGet(43)) - raft.server.log.use.memory = false (default)
2019-08-23 10:08:25,545 [pool-688-thread-1] INFO  segmented.SegmentedRaftLogWorker (SegmentedRaftLogWorker.java:<init>(172)) - new 94b1aa13-75e5-4c16-a0db-f9a83d869744-SegmentedRaftLogWorker:Storage Directory /workdir/hadoop-ozone/integration-test/target/test-dir/MiniOzoneClusterImpl-ce471ee4-c249-4497-9e9a-3bbe536c2c9a/datanode-5/data/ratis/24a7c382-dd7d-4f6b-8fc8-62b845300ad7 for RaftStorage:Storage Directory /workdir/hadoop-ozone/integration-test/target/test-dir/MiniOzoneClusterImpl-ce471ee4-c249-4497-9e9a-3bbe536c2c9a/datanode-5/data/ratis/24a7c382-dd7d-4f6b-8fc8-62b845300ad7
2019-08-23 10:08:25,545 [pool-666-thread-1] INFO  server.RaftServerConfigKeys (ConfUtils.java:logGet(43)) - raft.server.log.appender.buffer.byte-limit = 33554432 (custom)
2019-08-23 10:08:25,545 [pool-688-thread-1] INFO  server.RaftServerConfigKeys (ConfUtils.java:logGet(43)) - raft.server.log.queue.byte-limit = 2147483647 (custom)
2019-08-23 10:08:25,545 [pool-677-thread-1] INFO  server.RaftServerConfigKeys (ConfUtils.java:logGet(43)) - raft.server.log.purge.gap = 1000000 (custom)
2019-08-23 10:08:25,546 [pool-688-thread-1] INFO  server.RaftServerConfigKeys (ConfUtils.java:logGet(43)) - raft.server.log.queue.element-limit = 1024 (custom)
2019-08-23 10:08:25,546 [pool-666-thread-1] INFO  server.RaftServerConfigKeys (ConfUtils.java:logGet(43)) - raft.server.log.segment.size.max = 1048576 (custom)
2019-08-23 10:08:25,546 [pool-688-thread-1] INFO  server.RaftServerConfigKeys (ConfUtils.java:logGet(43)) - raft.server.log.segment.size.max = 1048576 (custom)
2019-08-23 10:08:25,546 [pool-677-thread-1] INFO  server.RaftServerConfigKeys (ConfUtils.java:logGet(43)) - raft.server.log.appender.buffer.byte-limit = 33554432 (custom)
2019-08-23 10:08:25,546 [pool-688-thread-1] INFO  server.RaftServerConfigKeys (ConfUtils.java:logGet(43)) - raft.server.log.preallocated.size = 16384 (custom)
2019-08-23 10:08:25,546 [pool-666-thread-1] INFO  server.RaftServerConfigKeys (ConfUtils.java:logGet(43)) - raft.server.log.segment.cache.num.max = 2 (custom)
2019-08-23 10:08:25,546 [pool-688-thread-1] INFO  server.RaftServerConfigKeys (ConfUtils.java:logGet(43)) - raft.server.log.write.buffer.size = 33554432 (custom)
2019-08-23 10:08:25,546 [pool-677-thread-1] INFO  server.RaftServerConfigKeys (ConfUtils.java:logGet(43)) - raft.server.log.segment.size.max = 1048576 (custom)
2019-08-23 10:08:25,547 [pool-688-thread-1] INFO  server.RaftServerConfigKeys (ConfUtils.java:logGet(43)) - raft.server.log.force.sync.num = 128 (default)
2019-08-23 10:08:25,546 [pool-666-thread-1] INFO  segmented.SegmentedRaftLogWorker (SegmentedRaftLogWorker.java:<init>(172)) - new c5104e55-9930-4334-991a-0509c5a1de9f-SegmentedRaftLogWorker:Storage Directory /workdir/hadoop-ozone/integration-test/target/test-dir/MiniOzoneClusterImpl-ce471ee4-c249-4497-9e9a-3bbe536c2c9a/datanode-3/data/ratis/24a7c382-dd7d-4f6b-8fc8-62b845300ad7 for RaftStorage:Storage Directory /workdir/hadoop-ozone/integration-test/target/test-dir/MiniOzoneClusterImpl-ce471ee4-c249-4497-9e9a-3bbe536c2c9a/datanode-3/data/ratis/24a7c382-dd7d-4f6b-8fc8-62b845300ad7
2019-08-23 10:08:25,547 [pool-688-thread-1] INFO  server.RaftServerConfigKeys (ConfUtils.java:logGet(43)) - raft.server.log.statemachine.data.sync = true (default)
2019-08-23 10:08:25,547 [pool-677-thread-1] INFO  server.RaftServerConfigKeys (ConfUtils.java:logGet(43)) - raft.server.log.segment.cache.num.max = 2 (custom)
2019-08-23 10:08:25,547 [pool-688-thread-1] INFO  server.RaftServerConfigKeys (ConfUtils.java:logGet(43)) - raft.server.log.statemachine.data.sync.timeout = 10s (default)
2019-08-23 10:08:25,547 [pool-666-thread-1] INFO  server.RaftServerConfigKeys (ConfUtils.java:logGet(43)) - raft.server.log.queue.byte-limit = 2147483647 (custom)
2019-08-23 10:08:25,547 [pool-688-thread-1] INFO  server.RaftServerConfigKeys (ConfUtils.java:logGet(43)) - raft.server.log.statemachine.data.sync.timeout.retry = -1 (default)
2019-08-23 10:08:25,547 [pool-677-thread-1] INFO  segmented.SegmentedRaftLogWorker (SegmentedRaftLogWorker.java:<init>(172)) - new ea014020-99a8-4d4c-8164-e72a7e895f0e-SegmentedRaftLogWorker:Storage Directory /workdir/hadoop-ozone/integration-test/target/test-dir/MiniOzoneClusterImpl-ce471ee4-c249-4497-9e9a-3bbe536c2c9a/datanode-4/data/ratis/24a7c382-dd7d-4f6b-8fc8-62b845300ad7 for RaftStorage:Storage Directory /workdir/hadoop-ozone/integration-test/target/test-dir/MiniOzoneClusterImpl-ce471ee4-c249-4497-9e9a-3bbe536c2c9a/datanode-4/data/ratis/24a7c382-dd7d-4f6b-8fc8-62b845300ad7
2019-08-23 10:08:25,548 [pool-666-thread-1] INFO  server.RaftServerConfigKeys (ConfUtils.java:logGet(43)) - raft.server.log.queue.element-limit = 1024 (custom)
2019-08-23 10:08:25,548 [pool-688-thread-1] INFO  server.RaftServerConfigKeys (ConfUtils.java:logGet(43)) - raft.server.log.statemachine.data.caching.enabled = true (custom)
2019-08-23 10:08:25,548 [pool-677-thread-1] INFO  server.RaftServerConfigKeys (ConfUtils.java:logGet(43)) - raft.server.log.queue.byte-limit = 2147483647 (custom)
2019-08-23 10:08:25,548 [pool-666-thread-1] INFO  server.RaftServerConfigKeys (ConfUtils.java:logGet(43)) - raft.server.log.segment.size.max = 1048576 (custom)
2019-08-23 10:08:25,548 [pool-688-thread-1] INFO  segmented.SegmentedRaftLogWorker (SegmentedRaftLogWorker.java:lambda$new$0(132)) - 94b1aa13-75e5-4c16-a0db-f9a83d869744-SegmentedRaftLogWorker:Storage Directory /workdir/hadoop-ozone/integration-test/target/test-dir/MiniOzoneClusterImpl-ce471ee4-c249-4497-9e9a-3bbe536c2c9a/datanode-5/data/ratis/24a7c382-dd7d-4f6b-8fc8-62b845300ad7: flushIndex: setUnconditionally 0 -> -1
2019-08-23 10:08:25,548 [pool-677-thread-1] INFO  server.RaftServerConfigKeys (ConfUtils.java:logGet(43)) - raft.server.log.queue.element-limit = 1024 (custom)
2019-08-23 10:08:25,548 [pool-666-thread-1] INFO  server.RaftServerConfigKeys (ConfUtils.java:logGet(43)) - raft.server.log.preallocated.size = 16384 (custom)
2019-08-23 10:08:25,549 [pool-677-thread-1] INFO  server.RaftServerConfigKeys (ConfUtils.java:logGet(43)) - raft.server.log.segment.size.max = 1048576 (custom)
2019-08-23 10:08:25,549 [pool-688-thread-1] INFO  server.RaftServerConfigKeys (ConfUtils.java:logGet(43)) - raft.server.snapshot.auto.trigger.enabled = true (custom)
2019-08-23 10:08:25,549 [pool-666-thread-1] INFO  server.RaftServerConfigKeys (ConfUtils.java:logGet(43)) - raft.server.log.write.buffer.size = 33554432 (custom)
2019-08-23 10:08:25,549 [pool-688-thread-1] INFO  server.RaftServerConfigKeys (ConfUtils.java:logGet(43)) - raft.server.snapshot.auto.trigger.threshold = 10000 (custom)
2019-08-23 10:08:25,549 [pool-677-thread-1] INFO  server.RaftServerConfigKeys (ConfUtils.java:logGet(43)) - raft.server.log.preallocated.size = 16384 (custom)
2019-08-23 10:08:25,549 [pool-688-thread-1] INFO  server.RaftServerConfigKeys (ConfUtils.java:logGet(43)) - raft.server.retrycache.expirytime = 600000ms (custom)
2019-08-23 10:08:25,549 [pool-666-thread-1] INFO  server.RaftServerConfigKeys (ConfUtils.java:logGet(43)) - raft.server.log.force.sync.num = 128 (default)
2019-08-23 10:08:25,550 [pool-688-thread-1] INFO  impl.RaftServerImpl (RaftServerImpl.java:start(180)) - 94b1aa13-75e5-4c16-a0db-f9a83d869744: start group-62B845300AD7
2019-08-23 10:08:25,549 [pool-677-thread-1] INFO  server.RaftServerConfigKeys (ConfUtils.java:logGet(43)) - raft.server.log.write.buffer.size = 33554432 (custom)
2019-08-23 10:08:25,550 [pool-688-thread-1] INFO  impl.RaftServerImpl (RaftServerImpl.java:setRole(171)) - 94b1aa13-75e5-4c16-a0db-f9a83d869744:group-62B845300AD7 changes role from null to FOLLOWER at term 0 for startAsFollower
2019-08-23 10:08:25,550 [pool-666-thread-1] INFO  server.RaftServerConfigKeys (ConfUtils.java:logGet(43)) - raft.server.log.statemachine.data.sync = true (default)
2019-08-23 10:08:25,550 [pool-688-thread-1] INFO  impl.RoleInfo (RoleInfo.java:updateAndGet(143)) - 94b1aa13-75e5-4c16-a0db-f9a83d869744: start FollowerState
2019-08-23 10:08:25,550 [pool-677-thread-1] INFO  server.RaftServerConfigKeys (ConfUtils.java:logGet(43)) - raft.server.log.force.sync.num = 128 (default)
2019-08-23 10:08:25,550 [pool-666-thread-1] INFO  server.RaftServerConfigKeys (ConfUtils.java:logGet(43)) - raft.server.log.statemachine.data.sync.timeout = 10s (default)
2019-08-23 10:08:25,550 [pool-677-thread-1] INFO  server.RaftServerConfigKeys (ConfUtils.java:logGet(43)) - raft.server.log.statemachine.data.sync = true (default)
2019-08-23 10:08:25,551 [pool-666-thread-1] INFO  server.RaftServerConfigKeys (ConfUtils.java:logGet(43)) - raft.server.log.statemachine.data.sync.timeout.retry = -1 (default)
2019-08-23 10:08:25,551 [pool-688-thread-1] INFO  util.JmxRegister (JmxRegister.java:tryRegister(44)) - Successfully registered JMX Bean with object name Ratis:service=RaftServer,group=group-62B845300AD7,id=94b1aa13-75e5-4c16-a0db-f9a83d869744
2019-08-23 10:08:25,551 [pool-666-thread-1] INFO  server.RaftServerConfigKeys (ConfUtils.java:logGet(43)) - raft.server.log.statemachine.data.caching.enabled = true (custom)
2019-08-23 10:08:25,551 [pool-677-thread-1] INFO  server.RaftServerConfigKeys (ConfUtils.java:logGet(43)) - raft.server.log.statemachine.data.sync.timeout = 10s (default)
2019-08-23 10:08:25,551 [pool-666-thread-1] INFO  segmented.SegmentedRaftLogWorker (SegmentedRaftLogWorker.java:lambda$new$0(132)) - c5104e55-9930-4334-991a-0509c5a1de9f-SegmentedRaftLogWorker:Storage Directory /workdir/hadoop-ozone/integration-test/target/test-dir/MiniOzoneClusterImpl-ce471ee4-c249-4497-9e9a-3bbe536c2c9a/datanode-3/data/ratis/24a7c382-dd7d-4f6b-8fc8-62b845300ad7: flushIndex: setUnconditionally 0 -> -1
2019-08-23 10:08:25,551 [pool-677-thread-1] INFO  server.RaftServerConfigKeys (ConfUtils.java:logGet(43)) - raft.server.log.statemachine.data.sync.timeout.retry = -1 (default)
2019-08-23 10:08:25,552 [pool-666-thread-1] INFO  server.RaftServerConfigKeys (ConfUtils.java:logGet(43)) - raft.server.snapshot.auto.trigger.enabled = true (custom)
2019-08-23 10:08:25,552 [pool-677-thread-1] INFO  server.RaftServerConfigKeys (ConfUtils.java:logGet(43)) - raft.server.log.statemachine.data.caching.enabled = true (custom)
2019-08-23 10:08:25,552 [pool-666-thread-1] INFO  server.RaftServerConfigKeys (ConfUtils.java:logGet(43)) - raft.server.snapshot.auto.trigger.threshold = 10000 (custom)
2019-08-23 10:08:25,556 [pool-677-thread-1] INFO  segmented.SegmentedRaftLogWorker (SegmentedRaftLogWorker.java:lambda$new$0(132)) - ea014020-99a8-4d4c-8164-e72a7e895f0e-SegmentedRaftLogWorker:Storage Directory /workdir/hadoop-ozone/integration-test/target/test-dir/MiniOzoneClusterImpl-ce471ee4-c249-4497-9e9a-3bbe536c2c9a/datanode-4/data/ratis/24a7c382-dd7d-4f6b-8fc8-62b845300ad7: flushIndex: setUnconditionally 0 -> -1
2019-08-23 10:08:25,556 [pool-666-thread-1] INFO  server.RaftServerConfigKeys (ConfUtils.java:logGet(43)) - raft.server.retrycache.expirytime = 600000ms (custom)
2019-08-23 10:08:25,557 [pool-677-thread-1] INFO  server.RaftServerConfigKeys (ConfUtils.java:logGet(43)) - raft.server.snapshot.auto.trigger.enabled = true (custom)
2019-08-23 10:08:25,557 [pool-666-thread-1] INFO  impl.RaftServerImpl (RaftServerImpl.java:start(180)) - c5104e55-9930-4334-991a-0509c5a1de9f: start group-62B845300AD7
2019-08-23 10:08:25,557 [pool-677-thread-1] INFO  server.RaftServerConfigKeys (ConfUtils.java:logGet(43)) - raft.server.snapshot.auto.trigger.threshold = 10000 (custom)
2019-08-23 10:08:25,557 [pool-666-thread-1] INFO  impl.RaftServerImpl (RaftServerImpl.java:setRole(171)) - c5104e55-9930-4334-991a-0509c5a1de9f:group-62B845300AD7 changes role from null to FOLLOWER at term 0 for startAsFollower
2019-08-23 10:08:25,557 [pool-677-thread-1] INFO  server.RaftServerConfigKeys (ConfUtils.java:logGet(43)) - raft.server.retrycache.expirytime = 600000ms (custom)
2019-08-23 10:08:25,557 [pool-666-thread-1] INFO  impl.RoleInfo (RoleInfo.java:updateAndGet(143)) - c5104e55-9930-4334-991a-0509c5a1de9f: start FollowerState
2019-08-23 10:08:25,557 [pool-677-thread-1] INFO  impl.RaftServerImpl (RaftServerImpl.java:start(180)) - ea014020-99a8-4d4c-8164-e72a7e895f0e: start group-62B845300AD7
2019-08-23 10:08:25,557 [pool-677-thread-1] INFO  impl.RaftServerImpl (RaftServerImpl.java:setRole(171)) - ea014020-99a8-4d4c-8164-e72a7e895f0e:group-62B845300AD7 changes role from null to FOLLOWER at term 0 for startAsFollower
2019-08-23 10:08:25,558 [pool-677-thread-1] INFO  impl.RoleInfo (RoleInfo.java:updateAndGet(143)) - ea014020-99a8-4d4c-8164-e72a7e895f0e: start FollowerState
2019-08-23 10:08:25,558 [pool-666-thread-1] INFO  util.JmxRegister (JmxRegister.java:tryRegister(44)) - Successfully registered JMX Bean with object name Ratis:service=RaftServer,group=group-62B845300AD7,id=c5104e55-9930-4334-991a-0509c5a1de9f
2019-08-23 10:08:25,558 [pool-677-thread-1] INFO  util.JmxRegister (JmxRegister.java:tryRegister(44)) - Successfully registered JMX Bean with object name Ratis:service=RaftServer,group=group-62B845300AD7,id=ea014020-99a8-4d4c-8164-e72a7e895f0e
2019-08-23 10:08:25,564 [RatisPipelineUtilsThread] INFO  pipeline.PipelineStateManager (PipelineStateManager.java:addPipeline(56)) - Created pipeline Pipeline[ Id: 24a7c382-dd7d-4f6b-8fc8-62b845300ad7, Nodes: 94b1aa13-75e5-4c16-a0db-f9a83d869744{ip: 192.168.5.185, host: pr-hdds-1094-w8cgz-2737508714, networkLocation: /default-rack, certSerialId: null}c5104e55-9930-4334-991a-0509c5a1de9f{ip: 192.168.5.185, host: pr-hdds-1094-w8cgz-2737508714, networkLocation: /default-rack, certSerialId: null}ea014020-99a8-4d4c-8164-e72a7e895f0e{ip: 192.168.5.185, host: pr-hdds-1094-w8cgz-2737508714, networkLocation: /default-rack, certSerialId: null}, Type:RATIS, Factor:THREE, State:OPEN]
2019-08-23 10:08:25,950 [main] INFO  ozone.MiniOzoneClusterImpl (MiniOzoneClusterImpl.java:lambda$waitForClusterToBeReady$0(142)) - Waiting for cluster to be ready. Got 6 of 7 DN Heartbeats.
2019-08-23 10:08:25,950 [IPC Server handler 17 on 34947] INFO  net.NetworkTopology (NetworkTopologyImpl.java:add(110)) - Added a new node: /default-rack/96496dd4-7d5d-446d-98dc-dd809537dce1
2019-08-23 10:08:25,951 [IPC Server handler 17 on 34947] INFO  node.SCMNodeManager (SCMNodeManager.java:register(273)) - Registered Data node : 96496dd4-7d5d-446d-98dc-dd809537dce1{ip: 192.168.5.185, host: pr-hdds-1094-w8cgz-2737508714, networkLocation: /default-rack, certSerialId: null}
2019-08-23 10:08:25,955 | INFO  | SCMAudit | user=jenkins1000 | ip=192.168.5.185 | op=REGISTER {datanodeDetails=96496dd4-7d5d-446d-98dc-dd809537dce1{ip: 192.168.5.185, host: pr-hdds-1094-w8cgz-2737508714, networkLocation: /default-rack, certSerialId: null}} | ret=SUCCESS |  
2019-08-23 10:08:25,962 [grpc-default-executor-4] INFO  impl.RaftServerProxy (RaftServerProxy.java:addNew(89)) - 96496dd4-7d5d-446d-98dc-dd809537dce1: addNew group-073AD501C98E:[96496dd4-7d5d-446d-98dc-dd809537dce1:192.168.5.185:44254] returns group-073AD501C98E:java.util.concurrent.CompletableFuture@fe47c6a[Not completed]
2019-08-23 10:08:25,963 [pool-699-thread-1] INFO  impl.RaftServerImpl (RaftServerImpl.java:<init>(93)) - 96496dd4-7d5d-446d-98dc-dd809537dce1: new RaftServerImpl for group-073AD501C98E:[96496dd4-7d5d-446d-98dc-dd809537dce1:192.168.5.185:44254] with ContainerStateMachine:uninitialized
2019-08-23 10:08:25,963 [pool-699-thread-1] INFO  server.RaftServerConfigKeys (ConfUtils.java:logGet(43)) - raft.server.rpc.timeout.min = 5s (custom)
2019-08-23 10:08:25,964 [pool-699-thread-1] INFO  server.RaftServerConfigKeys (ConfUtils.java:logGet(43)) - raft.server.rpc.timeout.max = 5200ms (custom)
2019-08-23 10:08:25,964 [pool-699-thread-1] INFO  server.RaftServerConfigKeys (ConfUtils.java:logGet(43)) - raft.server.rpcslowness.timeout = 120s (custom)
2019-08-23 10:08:25,964 [pool-699-thread-1] INFO  server.RaftServerConfigKeys (ConfUtils.java:logGet(43)) - raft.server.sleep.deviation.threshold = 300 (default)
2019-08-23 10:08:25,964 [pool-699-thread-1] INFO  server.RaftServerConfigKeys (ConfUtils.java:logGet(43)) - raft.server.log.appender.install.snapshot.enabled = false (custom)
2019-08-23 10:08:25,964 [pool-699-thread-1] INFO  impl.RaftServerImpl (ServerState.java:<init>(105)) - 96496dd4-7d5d-446d-98dc-dd809537dce1:group-073AD501C98E ConfigurationManager, init=-1: [96496dd4-7d5d-446d-98dc-dd809537dce1:192.168.5.185:44254], old=null, confs=<EMPTY_MAP>
2019-08-23 10:08:25,964 [pool-699-thread-1] INFO  server.RaftServerConfigKeys (ConfUtils.java:logGet(43)) - raft.server.storage.dir = [/workdir/hadoop-ozone/integration-test/target/test-dir/MiniOzoneClusterImpl-ce471ee4-c249-4497-9e9a-3bbe536c2c9a/datanode-6/data/ratis] (custom)
2019-08-23 10:08:25,965 [pool-699-thread-1] INFO  storage.RaftStorageDirectory (RaftStorageDirectory.java:analyzeStorage(246)) - The storage directory /workdir/hadoop-ozone/integration-test/target/test-dir/MiniOzoneClusterImpl-ce471ee4-c249-4497-9e9a-3bbe536c2c9a/datanode-6/data/ratis/0fe7cb27-a9ec-4784-a765-073ad501c98e does not exist. Creating ...
2019-08-23 10:08:25,977 [pool-699-thread-1] INFO  storage.RaftStorageDirectory (RaftStorageDirectory.java:tryLock(328)) - Lock on /workdir/hadoop-ozone/integration-test/target/test-dir/MiniOzoneClusterImpl-ce471ee4-c249-4497-9e9a-3bbe536c2c9a/datanode-6/data/ratis/0fe7cb27-a9ec-4784-a765-073ad501c98e/in_use.lock acquired by nodename 29324@pr-hdds-1094-w8cgz-2737508714
2019-08-23 10:08:25,990 [pool-699-thread-1] INFO  storage.RaftStorage (RaftStorage.java:format(72)) - Storage directory /workdir/hadoop-ozone/integration-test/target/test-dir/MiniOzoneClusterImpl-ce471ee4-c249-4497-9e9a-3bbe536c2c9a/datanode-6/data/ratis/0fe7cb27-a9ec-4784-a765-073ad501c98e has been successfully formatted.
2019-08-23 10:08:25,991 [pool-699-thread-1] INFO  ratis.ContainerStateMachine (ContainerStateMachine.java:loadSnapshot(226)) - group-073AD501C98E: The snapshot info is null. Setting the last applied indexto:(t:0, i:~)
2019-08-23 10:08:25,991 [pool-699-thread-1] INFO  server.RaftServerConfigKeys (ConfUtils.java:logGet(43)) - raft.server.leader.election.timeout = 120s (custom)
2019-08-23 10:08:25,991 [pool-699-thread-1] INFO  server.RaftServerConfigKeys (ConfUtils.java:logGet(43)) - raft.server.log.use.memory = false (default)
2019-08-23 10:08:25,991 [pool-699-thread-1] INFO  server.RaftServerConfigKeys (ConfUtils.java:logGet(43)) - raft.server.log.purge.gap = 1000000 (custom)
2019-08-23 10:08:25,991 [pool-699-thread-1] INFO  server.RaftServerConfigKeys (ConfUtils.java:logGet(43)) - raft.server.log.appender.buffer.byte-limit = 33554432 (custom)
2019-08-23 10:08:25,992 [pool-699-thread-1] INFO  server.RaftServerConfigKeys (ConfUtils.java:logGet(43)) - raft.server.log.segment.size.max = 1048576 (custom)
2019-08-23 10:08:25,992 [pool-699-thread-1] INFO  server.RaftServerConfigKeys (ConfUtils.java:logGet(43)) - raft.server.log.segment.cache.num.max = 2 (custom)
2019-08-23 10:08:25,992 [pool-699-thread-1] INFO  segmented.SegmentedRaftLogWorker (SegmentedRaftLogWorker.java:<init>(172)) - new 96496dd4-7d5d-446d-98dc-dd809537dce1-SegmentedRaftLogWorker:Storage Directory /workdir/hadoop-ozone/integration-test/target/test-dir/MiniOzoneClusterImpl-ce471ee4-c249-4497-9e9a-3bbe536c2c9a/datanode-6/data/ratis/0fe7cb27-a9ec-4784-a765-073ad501c98e for RaftStorage:Storage Directory /workdir/hadoop-ozone/integration-test/target/test-dir/MiniOzoneClusterImpl-ce471ee4-c249-4497-9e9a-3bbe536c2c9a/datanode-6/data/ratis/0fe7cb27-a9ec-4784-a765-073ad501c98e
2019-08-23 10:08:25,992 [pool-699-thread-1] INFO  server.RaftServerConfigKeys (ConfUtils.java:logGet(43)) - raft.server.log.queue.byte-limit = 2147483647 (custom)
2019-08-23 10:08:25,992 [pool-699-thread-1] INFO  server.RaftServerConfigKeys (ConfUtils.java:logGet(43)) - raft.server.log.queue.element-limit = 1024 (custom)
2019-08-23 10:08:25,993 [pool-699-thread-1] INFO  server.RaftServerConfigKeys (ConfUtils.java:logGet(43)) - raft.server.log.segment.size.max = 1048576 (custom)
2019-08-23 10:08:25,993 [pool-699-thread-1] INFO  server.RaftServerConfigKeys (ConfUtils.java:logGet(43)) - raft.server.log.preallocated.size = 16384 (custom)
2019-08-23 10:08:25,993 [pool-699-thread-1] INFO  server.RaftServerConfigKeys (ConfUtils.java:logGet(43)) - raft.server.log.write.buffer.size = 33554432 (custom)
2019-08-23 10:08:25,993 [pool-699-thread-1] INFO  server.RaftServerConfigKeys (ConfUtils.java:logGet(43)) - raft.server.log.force.sync.num = 128 (default)
2019-08-23 10:08:25,993 [pool-699-thread-1] INFO  server.RaftServerConfigKeys (ConfUtils.java:logGet(43)) - raft.server.log.statemachine.data.sync = true (default)
2019-08-23 10:08:25,993 [pool-699-thread-1] INFO  server.RaftServerConfigKeys (ConfUtils.java:logGet(43)) - raft.server.log.statemachine.data.sync.timeout = 10s (default)
2019-08-23 10:08:25,993 [pool-699-thread-1] INFO  server.RaftServerConfigKeys (ConfUtils.java:logGet(43)) - raft.server.log.statemachine.data.sync.timeout.retry = -1 (default)
2019-08-23 10:08:25,994 [pool-699-thread-1] INFO  server.RaftServerConfigKeys (ConfUtils.java:logGet(43)) - raft.server.log.statemachine.data.caching.enabled = true (custom)
2019-08-23 10:08:25,994 [pool-699-thread-1] INFO  segmented.SegmentedRaftLogWorker (SegmentedRaftLogWorker.java:lambda$new$0(132)) - 96496dd4-7d5d-446d-98dc-dd809537dce1-SegmentedRaftLogWorker:Storage Directory /workdir/hadoop-ozone/integration-test/target/test-dir/MiniOzoneClusterImpl-ce471ee4-c249-4497-9e9a-3bbe536c2c9a/datanode-6/data/ratis/0fe7cb27-a9ec-4784-a765-073ad501c98e: flushIndex: setUnconditionally 0 -> -1
2019-08-23 10:08:25,994 [pool-699-thread-1] INFO  server.RaftServerConfigKeys (ConfUtils.java:logGet(43)) - raft.server.snapshot.auto.trigger.enabled = true (custom)
2019-08-23 10:08:25,995 [pool-699-thread-1] INFO  server.RaftServerConfigKeys (ConfUtils.java:logGet(43)) - raft.server.snapshot.auto.trigger.threshold = 10000 (custom)
2019-08-23 10:08:25,995 [pool-699-thread-1] INFO  server.RaftServerConfigKeys (ConfUtils.java:logGet(43)) - raft.server.retrycache.expirytime = 600000ms (custom)
2019-08-23 10:08:25,995 [pool-699-thread-1] INFO  impl.RaftServerImpl (RaftServerImpl.java:start(180)) - 96496dd4-7d5d-446d-98dc-dd809537dce1: start group-073AD501C98E
2019-08-23 10:08:25,995 [pool-699-thread-1] INFO  impl.RaftServerImpl (RaftServerImpl.java:setRole(171)) - 96496dd4-7d5d-446d-98dc-dd809537dce1:group-073AD501C98E changes role from null to FOLLOWER at term 0 for startAsFollower
2019-08-23 10:08:25,995 [pool-699-thread-1] INFO  impl.RoleInfo (RoleInfo.java:updateAndGet(143)) - 96496dd4-7d5d-446d-98dc-dd809537dce1: start FollowerState
2019-08-23 10:08:25,996 [pool-699-thread-1] INFO  util.JmxRegister (JmxRegister.java:tryRegister(44)) - Successfully registered JMX Bean with object name Ratis:service=RaftServer,group=group-073AD501C98E,id=96496dd4-7d5d-446d-98dc-dd809537dce1
2019-08-23 10:08:26,002 [RatisPipelineUtilsThread] INFO  pipeline.PipelineStateManager (PipelineStateManager.java:addPipeline(56)) - Created pipeline Pipeline[ Id: 0fe7cb27-a9ec-4784-a765-073ad501c98e, Nodes: 96496dd4-7d5d-446d-98dc-dd809537dce1{ip: 192.168.5.185, host: pr-hdds-1094-w8cgz-2737508714, networkLocation: /default-rack, certSerialId: null}, Type:RATIS, Factor:ONE, State:OPEN]
2019-08-23 10:08:26,376 | INFO  | SCMAudit | user=jenkins1000 | ip=192.168.5.185 | op=SEND_HEARTBEAT {datanodeUUID=4d0f799d-93dd-41e2-a20b-564af924474c, command=[]} | ret=SUCCESS |  
2019-08-23 10:08:26,586 | INFO  | SCMAudit | user=jenkins1000 | ip=192.168.5.185 | op=SEND_HEARTBEAT {datanodeUUID=92769923-cb08-48ca-bcac-59043f9e191a, command=[]} | ret=SUCCESS |  
2019-08-23 10:08:26,841 | INFO  | SCMAudit | user=jenkins1000 | ip=192.168.5.185 | op=SEND_HEARTBEAT {datanodeUUID=2fab9170-9418-4596-ad4d-318dc3d3daaf, command=[]} | ret=SUCCESS |  
2019-08-23 10:08:26,950 [main] INFO  ozone.MiniOzoneClusterImpl (MiniOzoneClusterImpl.java:lambda$waitForClusterToBeReady$0(142)) - Cluster is ready. Got 7 of 7 DN Heartbeats.
2019-08-23 10:08:26,977 [main] INFO  rpc.RpcClient (RpcClient.java:createVolume(292)) - Creating Volume: testblockoutputstream, with jenkins1000 as owner.
2019-08-23 10:08:26,980 | INFO  | OMAudit | user=jenkins1000 | ip=127.0.0.1 | op=CREATE_VOLUME {admin=jenkins1000, owner=jenkins1000, volume=testblockoutputstream, creationTime=1566554906979, quotaInBytes=1152921504606846976} | ret=SUCCESS |  
2019-08-23 10:08:26,991 | INFO  | OMAudit | user=jenkins1000 | ip=127.0.0.1 | op=READ_VOLUME {volume=testblockoutputstream} | ret=SUCCESS |  
2019-08-23 10:08:26,992 [main] INFO  rpc.RpcClient (RpcClient.java:createBucket(431)) - Creating Bucket: testblockoutputstream/testblockoutputstream, with Versioning false and Storage Type set to DISK and Encryption set to false 
2019-08-23 10:08:26,999 | INFO  | OMAudit | user=jenkins1000 | ip=127.0.0.1 | op=CREATE_BUCKET {volume=testblockoutputstream, bucket=testblockoutputstream, acls=[user:jenkins1000:a[ACCESS], group:default:a[ACCESS]], isVersionEnabled=false, storageType=DISK, creationTime=0} | ret=SUCCESS |  
2019-08-23 10:08:27,000 | INFO  | OMAudit | user=jenkins1000 | ip=127.0.0.1 | op=READ_VOLUME {volume=testblockoutputstream} | ret=SUCCESS |  
2019-08-23 10:08:27,002 | INFO  | OMAudit | user=jenkins1000 | ip=127.0.0.1 | op=READ_BUCKET {volume=testblockoutputstream, bucket=testblockoutputstream} | ret=SUCCESS |  
2019-08-23 10:08:27,005 | INFO  | SCMAudit | user=jenkins1000 | ip=192.168.5.185 | op=ALLOCATE_BLOCK {owner=1706333f-c8cf-4a93-a5eb-6f192919b0f9, size=800, type=RATIS, factor=THREE} | ret=SUCCESS |  
2019-08-23 10:08:27,007 | INFO  | OMAudit | user=jenkins1000 | ip=127.0.0.1 | op=ALLOCATE_KEY {volume=testblockoutputstream, bucket=testblockoutputstream, key=7bfae16c-0c87-4787-95cb-b1244e8ac75d, dataSize=0, replicationType=RATIS, replicationFactor=THREE, keyLocationInfo=null} | ret=SUCCESS |  
2019-08-23 10:08:27,019 [grpc-default-executor-4] INFO  client.GrpcClientProtocolClient (GrpcClientProtocolClient.java:onNext(255)) - client-3673EAD6A027->4d0f799d-93dd-41e2-a20b-564af924474c: receive RaftClientReply:client-3673EAD6A027->4d0f799d-93dd-41e2-a20b-564af924474c@group-8BA1F51B7164, cid=222, FAILED org.apache.ratis.protocol.NotLeaderException: Server 4d0f799d-93dd-41e2-a20b-564af924474c is not the leader (null). Request must be sent to leader., logIndex=0, commits[4d0f799d-93dd-41e2-a20b-564af924474c:c-1]
2019-08-23 10:08:27,055 | INFO  | SCMAudit | user=jenkins1000 | ip=192.168.5.185 | op=SEND_HEARTBEAT {datanodeUUID=c5104e55-9930-4334-991a-0509c5a1de9f, command=[]} | ret=SUCCESS |  
2019-08-23 10:08:27,242 | INFO  | SCMAudit | user=jenkins1000 | ip=192.168.5.185 | op=SEND_HEARTBEAT {datanodeUUID=ea014020-99a8-4d4c-8164-e72a7e895f0e, command=[]} | ret=SUCCESS |  
2019-08-23 10:08:27,376 | INFO  | SCMAudit | user=jenkins1000 | ip=192.168.5.185 | op=SEND_HEARTBEAT {datanodeUUID=4d0f799d-93dd-41e2-a20b-564af924474c, command=[]} | ret=SUCCESS |  
2019-08-23 10:08:27,390 [Thread-4181] INFO  container.ReplicationManager (ReplicationManager.java:start(152)) - Starting Replication Monitor Thread.
2019-08-23 10:08:27,394 [ReplicationMonitor] INFO  container.ReplicationManager (ReplicationManager.java:run(215)) - Replication Monitor Thread took 0 milliseconds for processing 1 containers.
2019-08-23 10:08:27,431 | INFO  | SCMAudit | user=jenkins1000 | ip=192.168.5.185 | op=SEND_HEARTBEAT {datanodeUUID=94b1aa13-75e5-4c16-a0db-f9a83d869744, command=[]} | ret=SUCCESS |  
2019-08-23 10:08:27,586 | INFO  | SCMAudit | user=jenkins1000 | ip=192.168.5.185 | op=SEND_HEARTBEAT {datanodeUUID=92769923-cb08-48ca-bcac-59043f9e191a, command=[]} | ret=SUCCESS |  
2019-08-23 10:08:27,839 | INFO  | SCMAudit | user=jenkins1000 | ip=192.168.5.185 | op=SEND_HEARTBEAT {datanodeUUID=2fab9170-9418-4596-ad4d-318dc3d3daaf, command=[]} | ret=SUCCESS |  
2019-08-23 10:08:27,950 | INFO  | SCMAudit | user=jenkins1000 | ip=192.168.5.185 | op=SEND_HEARTBEAT {datanodeUUID=96496dd4-7d5d-446d-98dc-dd809537dce1, command=[]} | ret=SUCCESS |  
2019-08-23 10:08:28,033 [grpc-default-executor-8] INFO  client.GrpcClientProtocolClient (GrpcClientProtocolClient.java:onNext(255)) - client-3673EAD6A027->92769923-cb08-48ca-bcac-59043f9e191a: receive RaftClientReply:client-3673EAD6A027->92769923-cb08-48ca-bcac-59043f9e191a@group-8BA1F51B7164, cid=222, FAILED org.apache.ratis.protocol.NotLeaderException: Server 92769923-cb08-48ca-bcac-59043f9e191a is not the leader (null). Request must be sent to leader., logIndex=0, commits[92769923-cb08-48ca-bcac-59043f9e191a:c-1]
2019-08-23 10:08:28,054 | INFO  | SCMAudit | user=jenkins1000 | ip=192.168.5.185 | op=SEND_HEARTBEAT {datanodeUUID=c5104e55-9930-4334-991a-0509c5a1de9f, command=[]} | ret=SUCCESS |  
2019-08-23 10:08:28,242 | INFO  | SCMAudit | user=jenkins1000 | ip=192.168.5.185 | op=SEND_HEARTBEAT {datanodeUUID=ea014020-99a8-4d4c-8164-e72a7e895f0e, command=[]} | ret=SUCCESS |  
2019-08-23 10:08:28,376 | INFO  | SCMAudit | user=jenkins1000 | ip=192.168.5.185 | op=SEND_HEARTBEAT {datanodeUUID=4d0f799d-93dd-41e2-a20b-564af924474c, command=[]} | ret=SUCCESS |  
2019-08-23 10:08:28,431 | INFO  | SCMAudit | user=jenkins1000 | ip=192.168.5.185 | op=SEND_HEARTBEAT {datanodeUUID=94b1aa13-75e5-4c16-a0db-f9a83d869744, command=[]} | ret=SUCCESS |  
2019-08-23 10:08:28,587 | INFO  | SCMAudit | user=jenkins1000 | ip=192.168.5.185 | op=SEND_HEARTBEAT {datanodeUUID=92769923-cb08-48ca-bcac-59043f9e191a, command=[]} | ret=SUCCESS |  
2019-08-23 10:08:28,838 | INFO  | SCMAudit | user=jenkins1000 | ip=192.168.5.185 | op=SEND_HEARTBEAT {datanodeUUID=2fab9170-9418-4596-ad4d-318dc3d3daaf, command=[]} | ret=SUCCESS |  
2019-08-23 10:08:28,950 | INFO  | SCMAudit | user=jenkins1000 | ip=192.168.5.185 | op=SEND_HEARTBEAT {datanodeUUID=96496dd4-7d5d-446d-98dc-dd809537dce1, command=[]} | ret=SUCCESS |  
2019-08-23 10:08:29,047 [grpc-default-executor-8] INFO  client.GrpcClientProtocolClient (GrpcClientProtocolClient.java:onNext(255)) - client-3673EAD6A027->2fab9170-9418-4596-ad4d-318dc3d3daaf: receive RaftClientReply:client-3673EAD6A027->2fab9170-9418-4596-ad4d-318dc3d3daaf@group-8BA1F51B7164, cid=222, FAILED org.apache.ratis.protocol.NotLeaderException: Server 2fab9170-9418-4596-ad4d-318dc3d3daaf is not the leader (null). Request must be sent to leader., logIndex=0, commits[2fab9170-9418-4596-ad4d-318dc3d3daaf:c-1]
2019-08-23 10:08:29,054 | INFO  | SCMAudit | user=jenkins1000 | ip=192.168.5.185 | op=SEND_HEARTBEAT {datanodeUUID=c5104e55-9930-4334-991a-0509c5a1de9f, command=[]} | ret=SUCCESS |  
2019-08-23 10:08:29,242 | INFO  | SCMAudit | user=jenkins1000 | ip=192.168.5.185 | op=SEND_HEARTBEAT {datanodeUUID=ea014020-99a8-4d4c-8164-e72a7e895f0e, command=[]} | ret=SUCCESS |  
2019-08-23 10:08:29,376 | INFO  | SCMAudit | user=jenkins1000 | ip=192.168.5.185 | op=SEND_HEARTBEAT {datanodeUUID=4d0f799d-93dd-41e2-a20b-564af924474c, command=[]} | ret=SUCCESS |  
2019-08-23 10:08:29,431 | INFO  | SCMAudit | user=jenkins1000 | ip=192.168.5.185 | op=SEND_HEARTBEAT {datanodeUUID=94b1aa13-75e5-4c16-a0db-f9a83d869744, command=[]} | ret=SUCCESS |  
2019-08-23 10:08:29,456 [Thread-4183] INFO  impl.FollowerState (FollowerState.java:run(106)) - 4d0f799d-93dd-41e2-a20b-564af924474c:group-ECE226544A9C changes to CANDIDATE, lastRpcTime:5010, electionTimeout:5010ms
2019-08-23 10:08:29,456 [Thread-4183] INFO  impl.RoleInfo (RoleInfo.java:shutdownFollowerState(121)) - 4d0f799d-93dd-41e2-a20b-564af924474c: shutdown FollowerState
2019-08-23 10:08:29,456 [Thread-4183] INFO  impl.RaftServerImpl (RaftServerImpl.java:setRole(171)) - 4d0f799d-93dd-41e2-a20b-564af924474c:group-ECE226544A9C changes role from FOLLOWER to CANDIDATE at term 0 for changeToCandidate
2019-08-23 10:08:29,456 [Thread-4183] INFO  impl.RoleInfo (RoleInfo.java:updateAndGet(143)) - 4d0f799d-93dd-41e2-a20b-564af924474c: start LeaderElection
2019-08-23 10:08:29,479 [4d0f799d-93dd-41e2-a20b-564af924474c:group-ECE226544A9C:LeaderElection81] INFO  impl.LeaderElection (LeaderElection.java:askForVotes(181)) - 4d0f799d-93dd-41e2-a20b-564af924474c:group-ECE226544A9C:LeaderElection81: begin an election at term 1 for -1: [4d0f799d-93dd-41e2-a20b-564af924474c:192.168.5.185:46692], old=null
2019-08-23 10:08:29,479 [4d0f799d-93dd-41e2-a20b-564af924474c:group-ECE226544A9C:LeaderElection81] INFO  impl.RoleInfo (RoleInfo.java:shutdownLeaderElection(134)) - 4d0f799d-93dd-41e2-a20b-564af924474c: shutdown LeaderElection
2019-08-23 10:08:29,479 [4d0f799d-93dd-41e2-a20b-564af924474c:group-ECE226544A9C:LeaderElection81] INFO  impl.RaftServerImpl (RaftServerImpl.java:setRole(171)) - 4d0f799d-93dd-41e2-a20b-564af924474c:group-ECE226544A9C changes role from CANDIDATE to LEADER at term 1 for changeToLeader
2019-08-23 10:08:29,479 [4d0f799d-93dd-41e2-a20b-564af924474c:group-ECE226544A9C:LeaderElection81] INFO  impl.RaftServerImpl (ServerState.java:setLeader(263)) - 4d0f799d-93dd-41e2-a20b-564af924474c:group-ECE226544A9C change Leader from null to 4d0f799d-93dd-41e2-a20b-564af924474c at term 1 for becomeLeader, leader elected after 5038ms
2019-08-23 10:08:29,480 [4d0f799d-93dd-41e2-a20b-564af924474c:group-ECE226544A9C:LeaderElection81] INFO  server.RaftServerConfigKeys (ConfUtils.java:logGet(43)) - raft.server.staging.catchup.gap = 1000 (default)
2019-08-23 10:08:29,480 [4d0f799d-93dd-41e2-a20b-564af924474c:group-ECE226544A9C:LeaderElection81] INFO  server.RaftServerConfigKeys (ConfUtils.java:logGet(43)) - raft.server.rpc.sleep.time = 25ms (default)
2019-08-23 10:08:29,480 [4d0f799d-93dd-41e2-a20b-564af924474c:group-ECE226544A9C:LeaderElection81] INFO  server.RaftServerConfigKeys (ConfUtils.java:logGet(43)) - raft.server.write.element-limit = 4096 (default)
2019-08-23 10:08:29,480 [4d0f799d-93dd-41e2-a20b-564af924474c:group-ECE226544A9C:LeaderElection81] INFO  server.RaftServerConfigKeys (ConfUtils.java:logGet(43)) - raft.server.watch.timeout = 10s (default)
2019-08-23 10:08:29,480 [4d0f799d-93dd-41e2-a20b-564af924474c:group-ECE226544A9C:LeaderElection81] INFO  server.RaftServerConfigKeys (ConfUtils.java:logGet(43)) - raft.server.watch.timeout.denomination = 1s (default)
2019-08-23 10:08:29,480 [4d0f799d-93dd-41e2-a20b-564af924474c:group-ECE226544A9C:LeaderElection81] INFO  server.RaftServerConfigKeys (ConfUtils.java:logGet(43)) - raft.server.watch.element-limit = 65536 (default)
2019-08-23 10:08:29,481 [4d0f799d-93dd-41e2-a20b-564af924474c:group-ECE226544A9C:LeaderElection81] INFO  impl.RoleInfo (RoleInfo.java:updateAndGet(143)) - 4d0f799d-93dd-41e2-a20b-564af924474c: start LeaderState
2019-08-23 10:08:29,481 [4d0f799d-93dd-41e2-a20b-564af924474c:group-ECE226544A9C:LeaderElection81] INFO  segmented.SegmentedRaftLogWorker (SegmentedRaftLogWorker.java:startLogSegment(380)) - 4d0f799d-93dd-41e2-a20b-564af924474c-SegmentedRaftLogWorker:Storage Directory /workdir/hadoop-ozone/integration-test/target/test-dir/MiniOzoneClusterImpl-ce471ee4-c249-4497-9e9a-3bbe536c2c9a/datanode-0/data/ratis/7877bf7b-9e2c-4b60-9f3b-ece226544a9c: Starting segment from index:0
2019-08-23 10:08:29,485 [4d0f799d-93dd-41e2-a20b-564af924474c:group-ECE226544A9C:LeaderElection81] INFO  impl.RaftServerImpl (ServerState.java:setRaftConf(361)) - 4d0f799d-93dd-41e2-a20b-564af924474c:group-ECE226544A9C set configuration 0: [4d0f799d-93dd-41e2-a20b-564af924474c:192.168.5.185:46692], old=null at 0
2019-08-23 10:08:29,523 [4d0f799d-93dd-41e2-a20b-564af924474c-SegmentedRaftLogWorker:Storage Directory /workdir/hadoop-ozone/integration-test/target/test-dir/MiniOzoneClusterImpl-ce471ee4-c249-4497-9e9a-3bbe536c2c9a/datanode-0/data/ratis/7877bf7b-9e2c-4b60-9f3b-ece226544a9c] INFO  segmented.SegmentedRaftLogWorker (SegmentedRaftLogWorker.java:execute(569)) - 4d0f799d-93dd-41e2-a20b-564af924474c-SegmentedRaftLogWorker:Storage Directory /workdir/hadoop-ozone/integration-test/target/test-dir/MiniOzoneClusterImpl-ce471ee4-c249-4497-9e9a-3bbe536c2c9a/datanode-0/data/ratis/7877bf7b-9e2c-4b60-9f3b-ece226544a9c: created new log segment /workdir/hadoop-ozone/integration-test/target/test-dir/MiniOzoneClusterImpl-ce471ee4-c249-4497-9e9a-3bbe536c2c9a/datanode-0/data/ratis/7877bf7b-9e2c-4b60-9f3b-ece226544a9c/current/log_inprogress_0
2019-08-23 10:08:29,587 | INFO  | SCMAudit | user=jenkins1000 | ip=192.168.5.185 | op=SEND_HEARTBEAT {datanodeUUID=92769923-cb08-48ca-bcac-59043f9e191a, command=[]} | ret=SUCCESS |  
2019-08-23 10:08:29,711 [Thread-4186] INFO  impl.FollowerState (FollowerState.java:run(106)) - 92769923-cb08-48ca-bcac-59043f9e191a:group-3B7FD8719E34 changes to CANDIDATE, lastRpcTime:5071, electionTimeout:5071ms
2019-08-23 10:08:29,711 [Thread-4186] INFO  impl.RoleInfo (RoleInfo.java:shutdownFollowerState(121)) - 92769923-cb08-48ca-bcac-59043f9e191a: shutdown FollowerState
2019-08-23 10:08:29,712 [Thread-4186] INFO  impl.RaftServerImpl (RaftServerImpl.java:setRole(171)) - 92769923-cb08-48ca-bcac-59043f9e191a:group-3B7FD8719E34 changes role from FOLLOWER to CANDIDATE at term 0 for changeToCandidate
2019-08-23 10:08:29,712 [Thread-4186] INFO  impl.RoleInfo (RoleInfo.java:updateAndGet(143)) - 92769923-cb08-48ca-bcac-59043f9e191a: start LeaderElection
2019-08-23 10:08:29,736 [92769923-cb08-48ca-bcac-59043f9e191a:group-3B7FD8719E34:LeaderElection82] INFO  impl.LeaderElection (LeaderElection.java:askForVotes(181)) - 92769923-cb08-48ca-bcac-59043f9e191a:group-3B7FD8719E34:LeaderElection82: begin an election at term 1 for -1: [92769923-cb08-48ca-bcac-59043f9e191a:192.168.5.185:36286], old=null
2019-08-23 10:08:29,736 [92769923-cb08-48ca-bcac-59043f9e191a:group-3B7FD8719E34:LeaderElection82] INFO  impl.RoleInfo (RoleInfo.java:shutdownLeaderElection(134)) - 92769923-cb08-48ca-bcac-59043f9e191a: shutdown LeaderElection
2019-08-23 10:08:29,736 [92769923-cb08-48ca-bcac-59043f9e191a:group-3B7FD8719E34:LeaderElection82] INFO  impl.RaftServerImpl (RaftServerImpl.java:setRole(171)) - 92769923-cb08-48ca-bcac-59043f9e191a:group-3B7FD8719E34 changes role from CANDIDATE to LEADER at term 1 for changeToLeader
2019-08-23 10:08:29,736 [92769923-cb08-48ca-bcac-59043f9e191a:group-3B7FD8719E34:LeaderElection82] INFO  impl.RaftServerImpl (ServerState.java:setLeader(263)) - 92769923-cb08-48ca-bcac-59043f9e191a:group-3B7FD8719E34 change Leader from null to 92769923-cb08-48ca-bcac-59043f9e191a at term 1 for becomeLeader, leader elected after 5101ms
2019-08-23 10:08:29,736 [92769923-cb08-48ca-bcac-59043f9e191a:group-3B7FD8719E34:LeaderElection82] INFO  server.RaftServerConfigKeys (ConfUtils.java:logGet(43)) - raft.server.staging.catchup.gap = 1000 (default)
2019-08-23 10:08:29,736 [92769923-cb08-48ca-bcac-59043f9e191a:group-3B7FD8719E34:LeaderElection82] INFO  server.RaftServerConfigKeys (ConfUtils.java:logGet(43)) - raft.server.rpc.sleep.time = 25ms (default)
2019-08-23 10:08:29,737 [92769923-cb08-48ca-bcac-59043f9e191a:group-3B7FD8719E34:LeaderElection82] INFO  server.RaftServerConfigKeys (ConfUtils.java:logGet(43)) - raft.server.write.element-limit = 4096 (default)
2019-08-23 10:08:29,737 [92769923-cb08-48ca-bcac-59043f9e191a:group-3B7FD8719E34:LeaderElection82] INFO  server.RaftServerConfigKeys (ConfUtils.java:logGet(43)) - raft.server.watch.timeout = 10s (default)
2019-08-23 10:08:29,737 [92769923-cb08-48ca-bcac-59043f9e191a:group-3B7FD8719E34:LeaderElection82] INFO  server.RaftServerConfigKeys (ConfUtils.java:logGet(43)) - raft.server.watch.timeout.denomination = 1s (default)
2019-08-23 10:08:29,737 [92769923-cb08-48ca-bcac-59043f9e191a:group-3B7FD8719E34:LeaderElection82] INFO  server.RaftServerConfigKeys (ConfUtils.java:logGet(43)) - raft.server.watch.element-limit = 65536 (default)
2019-08-23 10:08:29,737 [92769923-cb08-48ca-bcac-59043f9e191a:group-3B7FD8719E34:LeaderElection82] INFO  impl.RoleInfo (RoleInfo.java:updateAndGet(143)) - 92769923-cb08-48ca-bcac-59043f9e191a: start LeaderState
2019-08-23 10:08:29,737 [92769923-cb08-48ca-bcac-59043f9e191a:group-3B7FD8719E34:LeaderElection82] INFO  segmented.SegmentedRaftLogWorker (SegmentedRaftLogWorker.java:startLogSegment(380)) - 92769923-cb08-48ca-bcac-59043f9e191a-SegmentedRaftLogWorker:Storage Directory /workdir/hadoop-ozone/integration-test/target/test-dir/MiniOzoneClusterImpl-ce471ee4-c249-4497-9e9a-3bbe536c2c9a/datanode-1/data/ratis/5bf2451d-d108-4c7f-b4f4-3b7fd8719e34: Starting segment from index:0
2019-08-23 10:08:29,738 [92769923-cb08-48ca-bcac-59043f9e191a:group-3B7FD8719E34:LeaderElection82] INFO  impl.RaftServerImpl (ServerState.java:setRaftConf(361)) - 92769923-cb08-48ca-bcac-59043f9e191a:group-3B7FD8719E34 set configuration 0: [92769923-cb08-48ca-bcac-59043f9e191a:192.168.5.185:36286], old=null at 0
2019-08-23 10:08:29,791 [92769923-cb08-48ca-bcac-59043f9e191a-SegmentedRaftLogWorker:Storage Directory /workdir/hadoop-ozone/integration-test/target/test-dir/MiniOzoneClusterImpl-ce471ee4-c249-4497-9e9a-3bbe536c2c9a/datanode-1/data/ratis/5bf2451d-d108-4c7f-b4f4-3b7fd8719e34] INFO  segmented.SegmentedRaftLogWorker (SegmentedRaftLogWorker.java:execute(569)) - 92769923-cb08-48ca-bcac-59043f9e191a-SegmentedRaftLogWorker:Storage Directory /workdir/hadoop-ozone/integration-test/target/test-dir/MiniOzoneClusterImpl-ce471ee4-c249-4497-9e9a-3bbe536c2c9a/datanode-1/data/ratis/5bf2451d-d108-4c7f-b4f4-3b7fd8719e34: created new log segment /workdir/hadoop-ozone/integration-test/target/test-dir/MiniOzoneClusterImpl-ce471ee4-c249-4497-9e9a-3bbe536c2c9a/datanode-1/data/ratis/5bf2451d-d108-4c7f-b4f4-3b7fd8719e34/current/log_inprogress_0
2019-08-23 10:08:29,838 | INFO  | SCMAudit | user=jenkins1000 | ip=192.168.5.185 | op=SEND_HEARTBEAT {datanodeUUID=2fab9170-9418-4596-ad4d-318dc3d3daaf, command=[]} | ret=SUCCESS |  
2019-08-23 10:08:29,950 | INFO  | SCMAudit | user=jenkins1000 | ip=192.168.5.185 | op=SEND_HEARTBEAT {datanodeUUID=96496dd4-7d5d-446d-98dc-dd809537dce1, command=[]} | ret=SUCCESS |  
2019-08-23 10:08:29,986 [Thread-4189] INFO  impl.FollowerState (FollowerState.java:run(106)) - 2fab9170-9418-4596-ad4d-318dc3d3daaf:group-1F98DBF9403A changes to CANDIDATE, lastRpcTime:5078, electionTimeout:5075ms
2019-08-23 10:08:29,986 [Thread-4189] INFO  impl.RoleInfo (RoleInfo.java:shutdownFollowerState(121)) - 2fab9170-9418-4596-ad4d-318dc3d3daaf: shutdown FollowerState
2019-08-23 10:08:29,986 [Thread-4189] INFO  impl.RaftServerImpl (RaftServerImpl.java:setRole(171)) - 2fab9170-9418-4596-ad4d-318dc3d3daaf:group-1F98DBF9403A changes role from FOLLOWER to CANDIDATE at term 0 for changeToCandidate
2019-08-23 10:08:29,987 [Thread-4189] INFO  impl.RoleInfo (RoleInfo.java:updateAndGet(143)) - 2fab9170-9418-4596-ad4d-318dc3d3daaf: start LeaderElection
2019-08-23 10:08:30,007 [2fab9170-9418-4596-ad4d-318dc3d3daaf:group-1F98DBF9403A:LeaderElection83] INFO  impl.LeaderElection (LeaderElection.java:askForVotes(181)) - 2fab9170-9418-4596-ad4d-318dc3d3daaf:group-1F98DBF9403A:LeaderElection83: begin an election at term 1 for -1: [2fab9170-9418-4596-ad4d-318dc3d3daaf:192.168.5.185:41060], old=null
2019-08-23 10:08:30,008 [2fab9170-9418-4596-ad4d-318dc3d3daaf:group-1F98DBF9403A:LeaderElection83] INFO  impl.RoleInfo (RoleInfo.java:shutdownLeaderElection(134)) - 2fab9170-9418-4596-ad4d-318dc3d3daaf: shutdown LeaderElection
2019-08-23 10:08:30,008 [2fab9170-9418-4596-ad4d-318dc3d3daaf:group-1F98DBF9403A:LeaderElection83] INFO  impl.RaftServerImpl (RaftServerImpl.java:setRole(171)) - 2fab9170-9418-4596-ad4d-318dc3d3daaf:group-1F98DBF9403A changes role from CANDIDATE to LEADER at term 1 for changeToLeader
2019-08-23 10:08:30,008 [2fab9170-9418-4596-ad4d-318dc3d3daaf:group-1F98DBF9403A:LeaderElection83] INFO  impl.RaftServerImpl (ServerState.java:setLeader(263)) - 2fab9170-9418-4596-ad4d-318dc3d3daaf:group-1F98DBF9403A change Leader from null to 2fab9170-9418-4596-ad4d-318dc3d3daaf at term 1 for becomeLeader, leader elected after 5106ms
2019-08-23 10:08:30,008 [2fab9170-9418-4596-ad4d-318dc3d3daaf:group-1F98DBF9403A:LeaderElection83] INFO  server.RaftServerConfigKeys (ConfUtils.java:logGet(43)) - raft.server.staging.catchup.gap = 1000 (default)
2019-08-23 10:08:30,008 [2fab9170-9418-4596-ad4d-318dc3d3daaf:group-1F98DBF9403A:LeaderElection83] INFO  server.RaftServerConfigKeys (ConfUtils.java:logGet(43)) - raft.server.rpc.sleep.time = 25ms (default)
2019-08-23 10:08:30,008 [2fab9170-9418-4596-ad4d-318dc3d3daaf:group-1F98DBF9403A:LeaderElection83] INFO  server.RaftServerConfigKeys (ConfUtils.java:logGet(43)) - raft.server.write.element-limit = 4096 (default)
2019-08-23 10:08:30,009 [2fab9170-9418-4596-ad4d-318dc3d3daaf:group-1F98DBF9403A:LeaderElection83] INFO  server.RaftServerConfigKeys (ConfUtils.java:logGet(43)) - raft.server.watch.timeout = 10s (default)
2019-08-23 10:08:30,009 [2fab9170-9418-4596-ad4d-318dc3d3daaf:group-1F98DBF9403A:LeaderElection83] INFO  server.RaftServerConfigKeys (ConfUtils.java:logGet(43)) - raft.server.watch.timeout.denomination = 1s (default)
2019-08-23 10:08:30,009 [2fab9170-9418-4596-ad4d-318dc3d3daaf:group-1F98DBF9403A:LeaderElection83] INFO  server.RaftServerConfigKeys (ConfUtils.java:logGet(43)) - raft.server.watch.element-limit = 65536 (default)
2019-08-23 10:08:30,009 [2fab9170-9418-4596-ad4d-318dc3d3daaf:group-1F98DBF9403A:LeaderElection83] INFO  impl.RoleInfo (RoleInfo.java:updateAndGet(143)) - 2fab9170-9418-4596-ad4d-318dc3d3daaf: start LeaderState
2019-08-23 10:08:30,009 [2fab9170-9418-4596-ad4d-318dc3d3daaf:group-1F98DBF9403A:LeaderElection83] INFO  segmented.SegmentedRaftLogWorker (SegmentedRaftLogWorker.java:startLogSegment(380)) - 2fab9170-9418-4596-ad4d-318dc3d3daaf-SegmentedRaftLogWorker:Storage Directory /workdir/hadoop-ozone/integration-test/target/test-dir/MiniOzoneClusterImpl-ce471ee4-c249-4497-9e9a-3bbe536c2c9a/datanode-2/data/ratis/041f8a71-ce51-47b7-b89b-1f98dbf9403a: Starting segment from index:0
2019-08-23 10:08:30,010 [2fab9170-9418-4596-ad4d-318dc3d3daaf:group-1F98DBF9403A:LeaderElection83] INFO  impl.RaftServerImpl (ServerState.java:setRaftConf(361)) - 2fab9170-9418-4596-ad4d-318dc3d3daaf:group-1F98DBF9403A set configuration 0: [2fab9170-9418-4596-ad4d-318dc3d3daaf:192.168.5.185:41060], old=null at 0
2019-08-23 10:08:30,061 | INFO  | SCMAudit | user=jenkins1000 | ip=192.168.5.185 | op=SEND_HEARTBEAT {datanodeUUID=c5104e55-9930-4334-991a-0509c5a1de9f, command=[]} | ret=SUCCESS |  
2019-08-23 10:08:30,061 [2fab9170-9418-4596-ad4d-318dc3d3daaf-SegmentedRaftLogWorker:Storage Directory /workdir/hadoop-ozone/integration-test/target/test-dir/MiniOzoneClusterImpl-ce471ee4-c249-4497-9e9a-3bbe536c2c9a/datanode-2/data/ratis/041f8a71-ce51-47b7-b89b-1f98dbf9403a] INFO  segmented.SegmentedRaftLogWorker (SegmentedRaftLogWorker.java:execute(569)) - 2fab9170-9418-4596-ad4d-318dc3d3daaf-SegmentedRaftLogWorker:Storage Directory /workdir/hadoop-ozone/integration-test/target/test-dir/MiniOzoneClusterImpl-ce471ee4-c249-4497-9e9a-3bbe536c2c9a/datanode-2/data/ratis/041f8a71-ce51-47b7-b89b-1f98dbf9403a: created new log segment /workdir/hadoop-ozone/integration-test/target/test-dir/MiniOzoneClusterImpl-ce471ee4-c249-4497-9e9a-3bbe536c2c9a/datanode-2/data/ratis/041f8a71-ce51-47b7-b89b-1f98dbf9403a/current/log_inprogress_0
2019-08-23 10:08:30,062 [grpc-default-executor-4] INFO  client.GrpcClientProtocolClient (GrpcClientProtocolClient.java:onNext(255)) - client-3673EAD6A027->92769923-cb08-48ca-bcac-59043f9e191a: receive RaftClientReply:client-3673EAD6A027->92769923-cb08-48ca-bcac-59043f9e191a@group-8BA1F51B7164, cid=222, FAILED org.apache.ratis.protocol.NotLeaderException: Server 92769923-cb08-48ca-bcac-59043f9e191a is not the leader (null). Request must be sent to leader., logIndex=0, commits[92769923-cb08-48ca-bcac-59043f9e191a:c-1]
2019-08-23 10:08:30,153 [Thread-4196] INFO  impl.FollowerState (FollowerState.java:run(106)) - 4d0f799d-93dd-41e2-a20b-564af924474c:group-8BA1F51B7164 changes to CANDIDATE, lastRpcTime:5153, electionTimeout:5153ms
2019-08-23 10:08:30,153 [Thread-4196] INFO  impl.RoleInfo (RoleInfo.java:shutdownFollowerState(121)) - 4d0f799d-93dd-41e2-a20b-564af924474c: shutdown FollowerState
2019-08-23 10:08:30,153 [Thread-4196] INFO  impl.RaftServerImpl (RaftServerImpl.java:setRole(171)) - 4d0f799d-93dd-41e2-a20b-564af924474c:group-8BA1F51B7164 changes role from FOLLOWER to CANDIDATE at term 0 for changeToCandidate
2019-08-23 10:08:30,154 [Thread-4196] INFO  impl.RoleInfo (RoleInfo.java:updateAndGet(143)) - 4d0f799d-93dd-41e2-a20b-564af924474c: start LeaderElection
2019-08-23 10:08:30,162 [Thread-4192] INFO  impl.FollowerState (FollowerState.java:run(106)) - 2fab9170-9418-4596-ad4d-318dc3d3daaf:group-8BA1F51B7164 changes to CANDIDATE, lastRpcTime:5169, electionTimeout:5169ms
2019-08-23 10:08:30,162 [Thread-4192] INFO  impl.RoleInfo (RoleInfo.java:shutdownFollowerState(121)) - 2fab9170-9418-4596-ad4d-318dc3d3daaf: shutdown FollowerState
2019-08-23 10:08:30,162 [Thread-4192] INFO  impl.RaftServerImpl (RaftServerImpl.java:setRole(171)) - 2fab9170-9418-4596-ad4d-318dc3d3daaf:group-8BA1F51B7164 changes role from FOLLOWER to CANDIDATE at term 0 for changeToCandidate
2019-08-23 10:08:30,162 [Thread-4192] INFO  impl.RoleInfo (RoleInfo.java:updateAndGet(143)) - 2fab9170-9418-4596-ad4d-318dc3d3daaf: start LeaderElection
2019-08-23 10:08:30,171 [4d0f799d-93dd-41e2-a20b-564af924474c:group-8BA1F51B7164:LeaderElection84] INFO  impl.LeaderElection (LeaderElection.java:askForVotes(181)) - 4d0f799d-93dd-41e2-a20b-564af924474c:group-8BA1F51B7164:LeaderElection84: begin an election at term 1 for -1: [92769923-cb08-48ca-bcac-59043f9e191a:192.168.5.185:36286, 4d0f799d-93dd-41e2-a20b-564af924474c:192.168.5.185:46692, 2fab9170-9418-4596-ad4d-318dc3d3daaf:192.168.5.185:41060], old=null
2019-08-23 10:08:30,171 [2fab9170-9418-4596-ad4d-318dc3d3daaf:group-8BA1F51B7164:LeaderElection85] INFO  impl.LeaderElection (LeaderElection.java:askForVotes(181)) - 2fab9170-9418-4596-ad4d-318dc3d3daaf:group-8BA1F51B7164:LeaderElection85: begin an election at term 1 for -1: [92769923-cb08-48ca-bcac-59043f9e191a:192.168.5.185:36286, 4d0f799d-93dd-41e2-a20b-564af924474c:192.168.5.185:46692, 2fab9170-9418-4596-ad4d-318dc3d3daaf:192.168.5.185:41060], old=null
2019-08-23 10:08:30,176 [grpc-default-executor-4] INFO  impl.RaftServerImpl (RaftServerImpl.java:setRole(171)) - 92769923-cb08-48ca-bcac-59043f9e191a:group-8BA1F51B7164 changes role from FOLLOWER to FOLLOWER at term 1 for recognizeCandidate:4d0f799d-93dd-41e2-a20b-564af924474c
2019-08-23 10:08:30,179 [grpc-default-executor-4] INFO  impl.RoleInfo (RoleInfo.java:shutdownFollowerState(121)) - 92769923-cb08-48ca-bcac-59043f9e191a: shutdown FollowerState
2019-08-23 10:08:30,181 [grpc-default-executor-4] INFO  impl.RoleInfo (RoleInfo.java:updateAndGet(143)) - 92769923-cb08-48ca-bcac-59043f9e191a: start FollowerState
2019-08-23 10:08:30,182 [Thread-4197] INFO  impl.FollowerState (FollowerState.java:run(114)) - 92769923-cb08-48ca-bcac-59043f9e191a: FollowerState was interrupted: java.lang.InterruptedException: sleep interrupted
2019-08-23 10:08:30,214 [4d0f799d-93dd-41e2-a20b-564af924474c:group-8BA1F51B7164:LeaderElection84] INFO  impl.LeaderElection (LeaderElection.java:logAndReturn(56)) - 4d0f799d-93dd-41e2-a20b-564af924474c:group-8BA1F51B7164:LeaderElection84: Election PASSED; received 2 response(s) [4d0f799d-93dd-41e2-a20b-564af924474c<-92769923-cb08-48ca-bcac-59043f9e191a#0:OK-t1, 4d0f799d-93dd-41e2-a20b-564af924474c<-2fab9170-9418-4596-ad4d-318dc3d3daaf#0:FAIL-t1] and 0 exception(s); 4d0f799d-93dd-41e2-a20b-564af924474c:t1, leader=null, voted=4d0f799d-93dd-41e2-a20b-564af924474c, raftlog=4d0f799d-93dd-41e2-a20b-564af924474c-SegmentedRaftLog:OPENED:c-1,f-1,i0, conf=-1: [92769923-cb08-48ca-bcac-59043f9e191a:192.168.5.185:36286, 4d0f799d-93dd-41e2-a20b-564af924474c:192.168.5.185:46692, 2fab9170-9418-4596-ad4d-318dc3d3daaf:192.168.5.185:41060], old=null
2019-08-23 10:08:30,214 [2fab9170-9418-4596-ad4d-318dc3d3daaf:group-8BA1F51B7164:LeaderElection85] INFO  impl.LeaderElection (LeaderElection.java:logAndReturn(56)) - 2fab9170-9418-4596-ad4d-318dc3d3daaf:group-8BA1F51B7164:LeaderElection85: Election REJECTED; received 2 response(s) [2fab9170-9418-4596-ad4d-318dc3d3daaf<-92769923-cb08-48ca-bcac-59043f9e191a#0:FAIL-t1, 2fab9170-9418-4596-ad4d-318dc3d3daaf<-4d0f799d-93dd-41e2-a20b-564af924474c#0:FAIL-t1] and 0 exception(s); 2fab9170-9418-4596-ad4d-318dc3d3daaf:t1, leader=null, voted=2fab9170-9418-4596-ad4d-318dc3d3daaf, raftlog=2fab9170-9418-4596-ad4d-318dc3d3daaf-SegmentedRaftLog:OPENED:c-1,f-1,i0, conf=-1: [92769923-cb08-48ca-bcac-59043f9e191a:192.168.5.185:36286, 4d0f799d-93dd-41e2-a20b-564af924474c:192.168.5.185:46692, 2fab9170-9418-4596-ad4d-318dc3d3daaf:192.168.5.185:41060], old=null
2019-08-23 10:08:30,214 [4d0f799d-93dd-41e2-a20b-564af924474c:group-8BA1F51B7164:LeaderElection84] INFO  impl.RoleInfo (RoleInfo.java:shutdownLeaderElection(134)) - 4d0f799d-93dd-41e2-a20b-564af924474c: shutdown LeaderElection
2019-08-23 10:08:30,214 [2fab9170-9418-4596-ad4d-318dc3d3daaf:group-8BA1F51B7164:LeaderElection85] INFO  impl.RaftServerImpl (RaftServerImpl.java:setRole(171)) - 2fab9170-9418-4596-ad4d-318dc3d3daaf:group-8BA1F51B7164 changes role from CANDIDATE to FOLLOWER at term 1 for DISCOVERED_A_NEW_TERM
2019-08-23 10:08:30,214 [4d0f799d-93dd-41e2-a20b-564af924474c:group-8BA1F51B7164:LeaderElection84] INFO  impl.RaftServerImpl (RaftServerImpl.java:setRole(171)) - 4d0f799d-93dd-41e2-a20b-564af924474c:group-8BA1F51B7164 changes role from CANDIDATE to LEADER at term 1 for changeToLeader
2019-08-23 10:08:30,214 [2fab9170-9418-4596-ad4d-318dc3d3daaf:group-8BA1F51B7164:LeaderElection85] INFO  impl.RoleInfo (RoleInfo.java:shutdownLeaderElection(134)) - 2fab9170-9418-4596-ad4d-318dc3d3daaf: shutdown LeaderElection
2019-08-23 10:08:30,215 [4d0f799d-93dd-41e2-a20b-564af924474c:group-8BA1F51B7164:LeaderElection84] INFO  impl.RaftServerImpl (ServerState.java:setLeader(263)) - 4d0f799d-93dd-41e2-a20b-564af924474c:group-8BA1F51B7164 change Leader from null to 4d0f799d-93dd-41e2-a20b-564af924474c at term 1 for becomeLeader, leader elected after 5229ms
2019-08-23 10:08:30,215 [2fab9170-9418-4596-ad4d-318dc3d3daaf:group-8BA1F51B7164:LeaderElection85] INFO  impl.RoleInfo (RoleInfo.java:updateAndGet(143)) - 2fab9170-9418-4596-ad4d-318dc3d3daaf: start FollowerState
2019-08-23 10:08:30,215 [4d0f799d-93dd-41e2-a20b-564af924474c:group-8BA1F51B7164:LeaderElection84] INFO  server.RaftServerConfigKeys (ConfUtils.java:logGet(43)) - raft.server.staging.catchup.gap = 1000 (default)
2019-08-23 10:08:30,215 [4d0f799d-93dd-41e2-a20b-564af924474c:group-8BA1F51B7164:LeaderElection84] INFO  server.RaftServerConfigKeys (ConfUtils.java:logGet(43)) - raft.server.rpc.sleep.time = 25ms (default)
2019-08-23 10:08:30,215 [4d0f799d-93dd-41e2-a20b-564af924474c:group-8BA1F51B7164:LeaderElection84] INFO  server.RaftServerConfigKeys (ConfUtils.java:logGet(43)) - raft.server.write.element-limit = 4096 (default)
2019-08-23 10:08:30,215 [4d0f799d-93dd-41e2-a20b-564af924474c:group-8BA1F51B7164:LeaderElection84] INFO  server.RaftServerConfigKeys (ConfUtils.java:logGet(43)) - raft.server.watch.timeout = 10s (default)
2019-08-23 10:08:30,215 [4d0f799d-93dd-41e2-a20b-564af924474c:group-8BA1F51B7164:LeaderElection84] INFO  server.RaftServerConfigKeys (ConfUtils.java:logGet(43)) - raft.server.watch.timeout.denomination = 1s (default)
2019-08-23 10:08:30,215 [4d0f799d-93dd-41e2-a20b-564af924474c:group-8BA1F51B7164:LeaderElection84] INFO  server.RaftServerConfigKeys (ConfUtils.java:logGet(43)) - raft.server.watch.element-limit = 65536 (default)
2019-08-23 10:08:30,216 [4d0f799d-93dd-41e2-a20b-564af924474c:group-8BA1F51B7164:LeaderElection84] INFO  server.RaftServerConfigKeys (ConfUtils.java:logGet(43)) - raft.server.log.appender.snapshot.chunk.size.max = 16MB (=16777216) (default)
2019-08-23 10:08:30,216 [4d0f799d-93dd-41e2-a20b-564af924474c:group-8BA1F51B7164:LeaderElection84] INFO  server.RaftServerConfigKeys (ConfUtils.java:logGet(43)) - raft.server.log.appender.buffer.byte-limit = 33554432 (custom)
2019-08-23 10:08:30,216 [4d0f799d-93dd-41e2-a20b-564af924474c:group-8BA1F51B7164:LeaderElection84] INFO  server.RaftServerConfigKeys (ConfUtils.java:logGet(43)) - raft.server.log.appender.buffer.element-limit = 1 (custom)
2019-08-23 10:08:30,216 [4d0f799d-93dd-41e2-a20b-564af924474c:group-8BA1F51B7164:LeaderElection84] INFO  grpc.GrpcConfigKeys$Server (ConfUtils.java:logGet(43)) - raft.grpc.server.leader.outstanding.appends.max = 128 (default)
2019-08-23 10:08:30,216 [4d0f799d-93dd-41e2-a20b-564af924474c:group-8BA1F51B7164:LeaderElection84] INFO  server.RaftServerConfigKeys (ConfUtils.java:logGet(43)) - raft.server.rpc.request.timeout = 3000ms (default)
2019-08-23 10:08:30,217 [4d0f799d-93dd-41e2-a20b-564af924474c:group-8BA1F51B7164:LeaderElection84] INFO  server.RaftServerConfigKeys (ConfUtils.java:logGet(43)) - raft.server.log.appender.install.snapshot.enabled = false (custom)
2019-08-23 10:08:30,217 [4d0f799d-93dd-41e2-a20b-564af924474c:group-8BA1F51B7164:LeaderElection84] INFO  server.RaftServerConfigKeys (ConfUtils.java:logGet(43)) - raft.server.log.appender.snapshot.chunk.size.max = 16MB (=16777216) (default)
2019-08-23 10:08:30,217 [4d0f799d-93dd-41e2-a20b-564af924474c:group-8BA1F51B7164:LeaderElection84] INFO  server.RaftServerConfigKeys (ConfUtils.java:logGet(43)) - raft.server.log.appender.buffer.byte-limit = 33554432 (custom)
2019-08-23 10:08:30,217 [4d0f799d-93dd-41e2-a20b-564af924474c:group-8BA1F51B7164:LeaderElection84] INFO  server.RaftServerConfigKeys (ConfUtils.java:logGet(43)) - raft.server.log.appender.buffer.element-limit = 1 (custom)
2019-08-23 10:08:30,217 [4d0f799d-93dd-41e2-a20b-564af924474c:group-8BA1F51B7164:LeaderElection84] INFO  grpc.GrpcConfigKeys$Server (ConfUtils.java:logGet(43)) - raft.grpc.server.leader.outstanding.appends.max = 128 (default)
2019-08-23 10:08:30,217 [4d0f799d-93dd-41e2-a20b-564af924474c:group-8BA1F51B7164:LeaderElection84] INFO  server.RaftServerConfigKeys (ConfUtils.java:logGet(43)) - raft.server.rpc.request.timeout = 3000ms (default)
2019-08-23 10:08:30,217 [4d0f799d-93dd-41e2-a20b-564af924474c:group-8BA1F51B7164:LeaderElection84] INFO  server.RaftServerConfigKeys (ConfUtils.java:logGet(43)) - raft.server.log.appender.install.snapshot.enabled = false (custom)
2019-08-23 10:08:30,217 [4d0f799d-93dd-41e2-a20b-564af924474c:group-8BA1F51B7164:LeaderElection84] INFO  impl.RoleInfo (RoleInfo.java:updateAndGet(143)) - 4d0f799d-93dd-41e2-a20b-564af924474c: start LeaderState
2019-08-23 10:08:30,218 [4d0f799d-93dd-41e2-a20b-564af924474c:group-8BA1F51B7164:LeaderElection84] INFO  segmented.SegmentedRaftLogWorker (SegmentedRaftLogWorker.java:startLogSegment(380)) - 4d0f799d-93dd-41e2-a20b-564af924474c-SegmentedRaftLogWorker:Storage Directory /workdir/hadoop-ozone/integration-test/target/test-dir/MiniOzoneClusterImpl-ce471ee4-c249-4497-9e9a-3bbe536c2c9a/datanode-0/data/ratis/99323ee6-9bff-4c2d-b155-8ba1f51b7164: Starting segment from index:0
2019-08-23 10:08:30,218 [4d0f799d-93dd-41e2-a20b-564af924474c:group-8BA1F51B7164:LeaderElection84] INFO  impl.RaftServerImpl (ServerState.java:setRaftConf(361)) - 4d0f799d-93dd-41e2-a20b-564af924474c:group-8BA1F51B7164 set configuration 0: [92769923-cb08-48ca-bcac-59043f9e191a:192.168.5.185:36286, 4d0f799d-93dd-41e2-a20b-564af924474c:192.168.5.185:46692, 2fab9170-9418-4596-ad4d-318dc3d3daaf:192.168.5.185:41060], old=null at 0
2019-08-23 10:08:30,250 | INFO  | SCMAudit | user=jenkins1000 | ip=192.168.5.185 | op=SEND_HEARTBEAT {datanodeUUID=ea014020-99a8-4d4c-8164-e72a7e895f0e, command=[]} | ret=SUCCESS |  
2019-08-23 10:08:30,250 [grpc-default-executor-7] INFO  impl.RaftServerImpl (ServerState.java:setLeader(263)) - 2fab9170-9418-4596-ad4d-318dc3d3daaf:group-8BA1F51B7164 change Leader from null to 4d0f799d-93dd-41e2-a20b-564af924474c at term 1 for appendEntries, leader elected after 5265ms
2019-08-23 10:08:30,251 [grpc-default-executor-4] INFO  impl.RaftServerImpl (ServerState.java:setLeader(263)) - 92769923-cb08-48ca-bcac-59043f9e191a:group-8BA1F51B7164 change Leader from null to 4d0f799d-93dd-41e2-a20b-564af924474c at term 1 for appendEntries, leader elected after 5265ms
2019-08-23 10:08:30,252 [grpc-default-executor-4] INFO  impl.RaftServerImpl (ServerState.java:setRaftConf(361)) - 2fab9170-9418-4596-ad4d-318dc3d3daaf:group-8BA1F51B7164 set configuration 0: [92769923-cb08-48ca-bcac-59043f9e191a:192.168.5.185:36286, 4d0f799d-93dd-41e2-a20b-564af924474c:192.168.5.185:46692, 2fab9170-9418-4596-ad4d-318dc3d3daaf:192.168.5.185:41060], old=null at 0
2019-08-23 10:08:30,253 [grpc-default-executor-4] INFO  segmented.SegmentedRaftLogWorker (SegmentedRaftLogWorker.java:startLogSegment(380)) - 2fab9170-9418-4596-ad4d-318dc3d3daaf-SegmentedRaftLogWorker:Storage Directory /workdir/hadoop-ozone/integration-test/target/test-dir/MiniOzoneClusterImpl-ce471ee4-c249-4497-9e9a-3bbe536c2c9a/datanode-2/data/ratis/99323ee6-9bff-4c2d-b155-8ba1f51b7164: Starting segment from index:0
2019-08-23 10:08:30,253 [grpc-default-executor-7] INFO  impl.RaftServerImpl (ServerState.java:setRaftConf(361)) - 92769923-cb08-48ca-bcac-59043f9e191a:group-8BA1F51B7164 set configuration 0: [92769923-cb08-48ca-bcac-59043f9e191a:192.168.5.185:36286, 4d0f799d-93dd-41e2-a20b-564af924474c:192.168.5.185:46692, 2fab9170-9418-4596-ad4d-318dc3d3daaf:192.168.5.185:41060], old=null at 0
2019-08-23 10:08:30,253 [grpc-default-executor-7] INFO  segmented.SegmentedRaftLogWorker (SegmentedRaftLogWorker.java:startLogSegment(380)) - 92769923-cb08-48ca-bcac-59043f9e191a-SegmentedRaftLogWorker:Storage Directory /workdir/hadoop-ozone/integration-test/target/test-dir/MiniOzoneClusterImpl-ce471ee4-c249-4497-9e9a-3bbe536c2c9a/datanode-1/data/ratis/99323ee6-9bff-4c2d-b155-8ba1f51b7164: Starting segment from index:0
2019-08-23 10:08:30,263 [4d0f799d-93dd-41e2-a20b-564af924474c-SegmentedRaftLogWorker:Storage Directory /workdir/hadoop-ozone/integration-test/target/test-dir/MiniOzoneClusterImpl-ce471ee4-c249-4497-9e9a-3bbe536c2c9a/datanode-0/data/ratis/99323ee6-9bff-4c2d-b155-8ba1f51b7164] INFO  segmented.SegmentedRaftLogWorker (SegmentedRaftLogWorker.java:execute(569)) - 4d0f799d-93dd-41e2-a20b-564af924474c-SegmentedRaftLogWorker:Storage Directory /workdir/hadoop-ozone/integration-test/target/test-dir/MiniOzoneClusterImpl-ce471ee4-c249-4497-9e9a-3bbe536c2c9a/datanode-0/data/ratis/99323ee6-9bff-4c2d-b155-8ba1f51b7164: created new log segment /workdir/hadoop-ozone/integration-test/target/test-dir/MiniOzoneClusterImpl-ce471ee4-c249-4497-9e9a-3bbe536c2c9a/datanode-0/data/ratis/99323ee6-9bff-4c2d-b155-8ba1f51b7164/current/log_inprogress_0
2019-08-23 10:08:30,280 [Thread-4201] INFO  impl.FollowerState (FollowerState.java:run(106)) - c5104e55-9930-4334-991a-0509c5a1de9f:group-EB7E1B8FC809 changes to CANDIDATE, lastRpcTime:5180, electionTimeout:5180ms
2019-08-23 10:08:30,281 [Thread-4201] INFO  impl.RoleInfo (RoleInfo.java:shutdownFollowerState(121)) - c5104e55-9930-4334-991a-0509c5a1de9f: shutdown FollowerState
2019-08-23 10:08:30,281 [Thread-4201] INFO  impl.RaftServerImpl (RaftServerImpl.java:setRole(171)) - c5104e55-9930-4334-991a-0509c5a1de9f:group-EB7E1B8FC809 changes role from FOLLOWER to CANDIDATE at term 0 for changeToCandidate
2019-08-23 10:08:30,281 [Thread-4201] INFO  impl.RoleInfo (RoleInfo.java:updateAndGet(143)) - c5104e55-9930-4334-991a-0509c5a1de9f: start LeaderElection
2019-08-23 10:08:30,298 [92769923-cb08-48ca-bcac-59043f9e191a-SegmentedRaftLogWorker:Storage Directory /workdir/hadoop-ozone/integration-test/target/test-dir/MiniOzoneClusterImpl-ce471ee4-c249-4497-9e9a-3bbe536c2c9a/datanode-1/data/ratis/99323ee6-9bff-4c2d-b155-8ba1f51b7164] INFO  segmented.SegmentedRaftLogWorker (SegmentedRaftLogWorker.java:execute(569)) - 92769923-cb08-48ca-bcac-59043f9e191a-SegmentedRaftLogWorker:Storage Directory /workdir/hadoop-ozone/integration-test/target/test-dir/MiniOzoneClusterImpl-ce471ee4-c249-4497-9e9a-3bbe536c2c9a/datanode-1/data/ratis/99323ee6-9bff-4c2d-b155-8ba1f51b7164: created new log segment /workdir/hadoop-ozone/integration-test/target/test-dir/MiniOzoneClusterImpl-ce471ee4-c249-4497-9e9a-3bbe536c2c9a/datanode-1/data/ratis/99323ee6-9bff-4c2d-b155-8ba1f51b7164/current/log_inprogress_0
2019-08-23 10:08:30,298 [2fab9170-9418-4596-ad4d-318dc3d3daaf-SegmentedRaftLogWorker:Storage Directory /workdir/hadoop-ozone/integration-test/target/test-dir/MiniOzoneClusterImpl-ce471ee4-c249-4497-9e9a-3bbe536c2c9a/datanode-2/data/ratis/99323ee6-9bff-4c2d-b155-8ba1f51b7164] INFO  segmented.SegmentedRaftLogWorker (SegmentedRaftLogWorker.java:execute(569)) - 2fab9170-9418-4596-ad4d-318dc3d3daaf-SegmentedRaftLogWorker:Storage Directory /workdir/hadoop-ozone/integration-test/target/test-dir/MiniOzoneClusterImpl-ce471ee4-c249-4497-9e9a-3bbe536c2c9a/datanode-2/data/ratis/99323ee6-9bff-4c2d-b155-8ba1f51b7164: created new log segment /workdir/hadoop-ozone/integration-test/target/test-dir/MiniOzoneClusterImpl-ce471ee4-c249-4497-9e9a-3bbe536c2c9a/datanode-2/data/ratis/99323ee6-9bff-4c2d-b155-8ba1f51b7164/current/log_inprogress_0
2019-08-23 10:08:30,303 [Thread-4204] INFO  impl.FollowerState (FollowerState.java:run(106)) - ea014020-99a8-4d4c-8164-e72a7e895f0e:group-1C9C80465146 changes to CANDIDATE, lastRpcTime:5000, electionTimeout:5000ms
2019-08-23 10:08:30,303 [Thread-4204] INFO  impl.RoleInfo (RoleInfo.java:shutdownFollowerState(121)) - ea014020-99a8-4d4c-8164-e72a7e895f0e: shutdown FollowerState
2019-08-23 10:08:30,303 [Thread-4204] INFO  impl.RaftServerImpl (RaftServerImpl.java:setRole(171)) - ea014020-99a8-4d4c-8164-e72a7e895f0e:group-1C9C80465146 changes role from FOLLOWER to CANDIDATE at term 0 for changeToCandidate
2019-08-23 10:08:30,303 [Thread-4204] INFO  impl.RoleInfo (RoleInfo.java:updateAndGet(143)) - ea014020-99a8-4d4c-8164-e72a7e895f0e: start LeaderElection
2019-08-23 10:08:30,313 [c5104e55-9930-4334-991a-0509c5a1de9f:group-EB7E1B8FC809:LeaderElection86] INFO  impl.LeaderElection (LeaderElection.java:askForVotes(181)) - c5104e55-9930-4334-991a-0509c5a1de9f:group-EB7E1B8FC809:LeaderElection86: begin an election at term 1 for -1: [c5104e55-9930-4334-991a-0509c5a1de9f:192.168.5.185:39019], old=null
2019-08-23 10:08:30,313 [c5104e55-9930-4334-991a-0509c5a1de9f:group-EB7E1B8FC809:LeaderElection86] INFO  impl.RoleInfo (RoleInfo.java:shutdownLeaderElection(134)) - c5104e55-9930-4334-991a-0509c5a1de9f: shutdown LeaderElection
2019-08-23 10:08:30,313 [c5104e55-9930-4334-991a-0509c5a1de9f:group-EB7E1B8FC809:LeaderElection86] INFO  impl.RaftServerImpl (RaftServerImpl.java:setRole(171)) - c5104e55-9930-4334-991a-0509c5a1de9f:group-EB7E1B8FC809 changes role from CANDIDATE to LEADER at term 1 for changeToLeader
2019-08-23 10:08:30,313 [c5104e55-9930-4334-991a-0509c5a1de9f:group-EB7E1B8FC809:LeaderElection86] INFO  impl.RaftServerImpl (ServerState.java:setLeader(263)) - c5104e55-9930-4334-991a-0509c5a1de9f:group-EB7E1B8FC809 change Leader from null to c5104e55-9930-4334-991a-0509c5a1de9f at term 1 for becomeLeader, leader elected after 5217ms
2019-08-23 10:08:30,313 [c5104e55-9930-4334-991a-0509c5a1de9f:group-EB7E1B8FC809:LeaderElection86] INFO  server.RaftServerConfigKeys (ConfUtils.java:logGet(43)) - raft.server.staging.catchup.gap = 1000 (default)
2019-08-23 10:08:30,313 [c5104e55-9930-4334-991a-0509c5a1de9f:group-EB7E1B8FC809:LeaderElection86] INFO  server.RaftServerConfigKeys (ConfUtils.java:logGet(43)) - raft.server.rpc.sleep.time = 25ms (default)
2019-08-23 10:08:30,313 [ea014020-99a8-4d4c-8164-e72a7e895f0e:group-1C9C80465146:LeaderElection87] INFO  impl.LeaderElection (LeaderElection.java:askForVotes(181)) - ea014020-99a8-4d4c-8164-e72a7e895f0e:group-1C9C80465146:LeaderElection87: begin an election at term 1 for -1: [ea014020-99a8-4d4c-8164-e72a7e895f0e:192.168.5.185:34367], old=null
2019-08-23 10:08:30,313 [c5104e55-9930-4334-991a-0509c5a1de9f:group-EB7E1B8FC809:LeaderElection86] INFO  server.RaftServerConfigKeys (ConfUtils.java:logGet(43)) - raft.server.write.element-limit = 4096 (default)
2019-08-23 10:08:30,313 [ea014020-99a8-4d4c-8164-e72a7e895f0e:group-1C9C80465146:LeaderElection87] INFO  impl.RoleInfo (RoleInfo.java:shutdownLeaderElection(134)) - ea014020-99a8-4d4c-8164-e72a7e895f0e: shutdown LeaderElection
2019-08-23 10:08:30,314 [c5104e55-9930-4334-991a-0509c5a1de9f:group-EB7E1B8FC809:LeaderElection86] INFO  server.RaftServerConfigKeys (ConfUtils.java:logGet(43)) - raft.server.watch.timeout = 10s (default)
2019-08-23 10:08:30,314 [ea014020-99a8-4d4c-8164-e72a7e895f0e:group-1C9C80465146:LeaderElection87] INFO  impl.RaftServerImpl (RaftServerImpl.java:setRole(171)) - ea014020-99a8-4d4c-8164-e72a7e895f0e:group-1C9C80465146 changes role from CANDIDATE to LEADER at term 1 for changeToLeader
2019-08-23 10:08:30,314 [c5104e55-9930-4334-991a-0509c5a1de9f:group-EB7E1B8FC809:LeaderElection86] INFO  server.RaftServerConfigKeys (ConfUtils.java:logGet(43)) - raft.server.watch.timeout.denomination = 1s (default)
2019-08-23 10:08:30,314 [ea014020-99a8-4d4c-8164-e72a7e895f0e:group-1C9C80465146:LeaderElection87] INFO  impl.RaftServerImpl (ServerState.java:setLeader(263)) - ea014020-99a8-4d4c-8164-e72a7e895f0e:group-1C9C80465146 change Leader from null to ea014020-99a8-4d4c-8164-e72a7e895f0e at term 1 for becomeLeader, leader elected after 5015ms
2019-08-23 10:08:30,314 [c5104e55-9930-4334-991a-0509c5a1de9f:group-EB7E1B8FC809:LeaderElection86] INFO  server.RaftServerConfigKeys (ConfUtils.java:logGet(43)) - raft.server.watch.element-limit = 65536 (default)
2019-08-23 10:08:30,314 [ea014020-99a8-4d4c-8164-e72a7e895f0e:group-1C9C80465146:LeaderElection87] INFO  server.RaftServerConfigKeys (ConfUtils.java:logGet(43)) - raft.server.staging.catchup.gap = 1000 (default)
2019-08-23 10:08:30,314 [c5104e55-9930-4334-991a-0509c5a1de9f:group-EB7E1B8FC809:LeaderElection86] INFO  impl.RoleInfo (RoleInfo.java:updateAndGet(143)) - c5104e55-9930-4334-991a-0509c5a1de9f: start LeaderState
2019-08-23 10:08:30,314 [ea014020-99a8-4d4c-8164-e72a7e895f0e:group-1C9C80465146:LeaderElection87] INFO  server.RaftServerConfigKeys (ConfUtils.java:logGet(43)) - raft.server.rpc.sleep.time = 25ms (default)
2019-08-23 10:08:30,314 [ea014020-99a8-4d4c-8164-e72a7e895f0e:group-1C9C80465146:LeaderElection87] INFO  server.RaftServerConfigKeys (ConfUtils.java:logGet(43)) - raft.server.write.element-limit = 4096 (default)
2019-08-23 10:08:30,314 [c5104e55-9930-4334-991a-0509c5a1de9f:group-EB7E1B8FC809:LeaderElection86] INFO  segmented.SegmentedRaftLogWorker (SegmentedRaftLogWorker.java:startLogSegment(380)) - c5104e55-9930-4334-991a-0509c5a1de9f-SegmentedRaftLogWorker:Storage Directory /workdir/hadoop-ozone/integration-test/target/test-dir/MiniOzoneClusterImpl-ce471ee4-c249-4497-9e9a-3bbe536c2c9a/datanode-3/data/ratis/0f6c0ccc-0606-47e9-baaf-eb7e1b8fc809: Starting segment from index:0
2019-08-23 10:08:30,314 [ea014020-99a8-4d4c-8164-e72a7e895f0e:group-1C9C80465146:LeaderElection87] INFO  server.RaftServerConfigKeys (ConfUtils.java:logGet(43)) - raft.server.watch.timeout = 10s (default)
2019-08-23 10:08:30,314 [ea014020-99a8-4d4c-8164-e72a7e895f0e:group-1C9C80465146:LeaderElection87] INFO  server.RaftServerConfigKeys (ConfUtils.java:logGet(43)) - raft.server.watch.timeout.denomination = 1s (default)
2019-08-23 10:08:30,315 [ea014020-99a8-4d4c-8164-e72a7e895f0e:group-1C9C80465146:LeaderElection87] INFO  server.RaftServerConfigKeys (ConfUtils.java:logGet(43)) - raft.server.watch.element-limit = 65536 (default)
2019-08-23 10:08:30,315 [c5104e55-9930-4334-991a-0509c5a1de9f:group-EB7E1B8FC809:LeaderElection86] INFO  impl.RaftServerImpl (ServerState.java:setRaftConf(361)) - c5104e55-9930-4334-991a-0509c5a1de9f:group-EB7E1B8FC809 set configuration 0: [c5104e55-9930-4334-991a-0509c5a1de9f:192.168.5.185:39019], old=null at 0
2019-08-23 10:08:30,315 [ea014020-99a8-4d4c-8164-e72a7e895f0e:group-1C9C80465146:LeaderElection87] INFO  impl.RoleInfo (RoleInfo.java:updateAndGet(143)) - ea014020-99a8-4d4c-8164-e72a7e895f0e: start LeaderState
2019-08-23 10:08:30,317 [ea014020-99a8-4d4c-8164-e72a7e895f0e:group-1C9C80465146:LeaderElection87] INFO  segmented.SegmentedRaftLogWorker (SegmentedRaftLogWorker.java:startLogSegment(380)) - ea014020-99a8-4d4c-8164-e72a7e895f0e-SegmentedRaftLogWorker:Storage Directory /workdir/hadoop-ozone/integration-test/target/test-dir/MiniOzoneClusterImpl-ce471ee4-c249-4497-9e9a-3bbe536c2c9a/datanode-4/data/ratis/7d5848c4-bad7-45d4-8b46-1c9c80465146: Starting segment from index:0
2019-08-23 10:08:30,318 [ea014020-99a8-4d4c-8164-e72a7e895f0e:group-1C9C80465146:LeaderElection87] INFO  impl.RaftServerImpl (ServerState.java:setRaftConf(361)) - ea014020-99a8-4d4c-8164-e72a7e895f0e:group-1C9C80465146 set configuration 0: [ea014020-99a8-4d4c-8164-e72a7e895f0e:192.168.5.185:34367], old=null at 0
2019-08-23 10:08:30,368 [ea014020-99a8-4d4c-8164-e72a7e895f0e-SegmentedRaftLogWorker:Storage Directory /workdir/hadoop-ozone/integration-test/target/test-dir/MiniOzoneClusterImpl-ce471ee4-c249-4497-9e9a-3bbe536c2c9a/datanode-4/data/ratis/7d5848c4-bad7-45d4-8b46-1c9c80465146] INFO  segmented.SegmentedRaftLogWorker (SegmentedRaftLogWorker.java:execute(569)) - ea014020-99a8-4d4c-8164-e72a7e895f0e-SegmentedRaftLogWorker:Storage Directory /workdir/hadoop-ozone/integration-test/target/test-dir/MiniOzoneClusterImpl-ce471ee4-c249-4497-9e9a-3bbe536c2c9a/datanode-4/data/ratis/7d5848c4-bad7-45d4-8b46-1c9c80465146: created new log segment /workdir/hadoop-ozone/integration-test/target/test-dir/MiniOzoneClusterImpl-ce471ee4-c249-4497-9e9a-3bbe536c2c9a/datanode-4/data/ratis/7d5848c4-bad7-45d4-8b46-1c9c80465146/current/log_inprogress_0
2019-08-23 10:08:30,368 [c5104e55-9930-4334-991a-0509c5a1de9f-SegmentedRaftLogWorker:Storage Directory /workdir/hadoop-ozone/integration-test/target/test-dir/MiniOzoneClusterImpl-ce471ee4-c249-4497-9e9a-3bbe536c2c9a/datanode-3/data/ratis/0f6c0ccc-0606-47e9-baaf-eb7e1b8fc809] INFO  segmented.SegmentedRaftLogWorker (SegmentedRaftLogWorker.java:execute(569)) - c5104e55-9930-4334-991a-0509c5a1de9f-SegmentedRaftLogWorker:Storage Directory /workdir/hadoop-ozone/integration-test/target/test-dir/MiniOzoneClusterImpl-ce471ee4-c249-4497-9e9a-3bbe536c2c9a/datanode-3/data/ratis/0f6c0ccc-0606-47e9-baaf-eb7e1b8fc809: created new log segment /workdir/hadoop-ozone/integration-test/target/test-dir/MiniOzoneClusterImpl-ce471ee4-c249-4497-9e9a-3bbe536c2c9a/datanode-3/data/ratis/0f6c0ccc-0606-47e9-baaf-eb7e1b8fc809/current/log_inprogress_0
2019-08-23 10:08:30,376 | INFO  | SCMAudit | user=jenkins1000 | ip=192.168.5.185 | op=SEND_HEARTBEAT {datanodeUUID=4d0f799d-93dd-41e2-a20b-564af924474c, command=[]} | ret=SUCCESS |  
2019-08-23 10:08:30,432 | INFO  | SCMAudit | user=jenkins1000 | ip=192.168.5.185 | op=SEND_HEARTBEAT {datanodeUUID=94b1aa13-75e5-4c16-a0db-f9a83d869744, command=[]} | ret=SUCCESS |  
2019-08-23 10:08:30,557 [Thread-4207] INFO  impl.FollowerState (FollowerState.java:run(106)) - 94b1aa13-75e5-4c16-a0db-f9a83d869744:group-3BDF4F09FBC0 changes to CANDIDATE, lastRpcTime:5082, electionTimeout:5082ms
2019-08-23 10:08:30,558 [Thread-4207] INFO  impl.RoleInfo (RoleInfo.java:shutdownFollowerState(121)) - 94b1aa13-75e5-4c16-a0db-f9a83d869744: shutdown FollowerState
2019-08-23 10:08:30,558 [Thread-4207] INFO  impl.RaftServerImpl (RaftServerImpl.java:setRole(171)) - 94b1aa13-75e5-4c16-a0db-f9a83d869744:group-3BDF4F09FBC0 changes role from FOLLOWER to CANDIDATE at term 0 for changeToCandidate
2019-08-23 10:08:30,558 [Thread-4207] INFO  impl.RoleInfo (RoleInfo.java:updateAndGet(143)) - 94b1aa13-75e5-4c16-a0db-f9a83d869744: start LeaderElection
2019-08-23 10:08:30,575 [Thread-4215] INFO  impl.FollowerState (FollowerState.java:run(106)) - ea014020-99a8-4d4c-8164-e72a7e895f0e:group-62B845300AD7 changes to CANDIDATE, lastRpcTime:5017, electionTimeout:5017ms
2019-08-23 10:08:30,575 [Thread-4215] INFO  impl.RoleInfo (RoleInfo.java:shutdownFollowerState(121)) - ea014020-99a8-4d4c-8164-e72a7e895f0e: shutdown FollowerState
2019-08-23 10:08:30,575 [Thread-4215] INFO  impl.RaftServerImpl (RaftServerImpl.java:setRole(171)) - ea014020-99a8-4d4c-8164-e72a7e895f0e:group-62B845300AD7 changes role from FOLLOWER to CANDIDATE at term 0 for changeToCandidate
2019-08-23 10:08:30,575 [Thread-4215] INFO  impl.RoleInfo (RoleInfo.java:updateAndGet(143)) - ea014020-99a8-4d4c-8164-e72a7e895f0e: start LeaderElection
2019-08-23 10:08:30,578 [94b1aa13-75e5-4c16-a0db-f9a83d869744:group-3BDF4F09FBC0:LeaderElection88] INFO  impl.LeaderElection (LeaderElection.java:askForVotes(181)) - 94b1aa13-75e5-4c16-a0db-f9a83d869744:group-3BDF4F09FBC0:LeaderElection88: begin an election at term 1 for -1: [94b1aa13-75e5-4c16-a0db-f9a83d869744:192.168.5.185:39321], old=null
2019-08-23 10:08:30,580 [94b1aa13-75e5-4c16-a0db-f9a83d869744:group-3BDF4F09FBC0:LeaderElection88] INFO  impl.RoleInfo (RoleInfo.java:shutdownLeaderElection(134)) - 94b1aa13-75e5-4c16-a0db-f9a83d869744: shutdown LeaderElection
2019-08-23 10:08:30,580 [94b1aa13-75e5-4c16-a0db-f9a83d869744:group-3BDF4F09FBC0:LeaderElection88] INFO  impl.RaftServerImpl (RaftServerImpl.java:setRole(171)) - 94b1aa13-75e5-4c16-a0db-f9a83d869744:group-3BDF4F09FBC0 changes role from CANDIDATE to LEADER at term 1 for changeToLeader
2019-08-23 10:08:30,580 [94b1aa13-75e5-4c16-a0db-f9a83d869744:group-3BDF4F09FBC0:LeaderElection88] INFO  impl.RaftServerImpl (ServerState.java:setLeader(263)) - 94b1aa13-75e5-4c16-a0db-f9a83d869744:group-3BDF4F09FBC0 change Leader from null to 94b1aa13-75e5-4c16-a0db-f9a83d869744 at term 1 for becomeLeader, leader elected after 5109ms
2019-08-23 10:08:30,581 [94b1aa13-75e5-4c16-a0db-f9a83d869744:group-3BDF4F09FBC0:LeaderElection88] INFO  server.RaftServerConfigKeys (ConfUtils.java:logGet(43)) - raft.server.staging.catchup.gap = 1000 (default)
2019-08-23 10:08:30,581 [94b1aa13-75e5-4c16-a0db-f9a83d869744:group-3BDF4F09FBC0:LeaderElection88] INFO  server.RaftServerConfigKeys (ConfUtils.java:logGet(43)) - raft.server.rpc.sleep.time = 25ms (default)
2019-08-23 10:08:30,581 [94b1aa13-75e5-4c16-a0db-f9a83d869744:group-3BDF4F09FBC0:LeaderElection88] INFO  server.RaftServerConfigKeys (ConfUtils.java:logGet(43)) - raft.server.write.element-limit = 4096 (default)
2019-08-23 10:08:30,581 [94b1aa13-75e5-4c16-a0db-f9a83d869744:group-3BDF4F09FBC0:LeaderElection88] INFO  server.RaftServerConfigKeys (ConfUtils.java:logGet(43)) - raft.server.watch.timeout = 10s (default)
2019-08-23 10:08:30,581 [94b1aa13-75e5-4c16-a0db-f9a83d869744:group-3BDF4F09FBC0:LeaderElection88] INFO  server.RaftServerConfigKeys (ConfUtils.java:logGet(43)) - raft.server.watch.timeout.denomination = 1s (default)
2019-08-23 10:08:30,581 [94b1aa13-75e5-4c16-a0db-f9a83d869744:group-3BDF4F09FBC0:LeaderElection88] INFO  server.RaftServerConfigKeys (ConfUtils.java:logGet(43)) - raft.server.watch.element-limit = 65536 (default)
2019-08-23 10:08:30,581 [94b1aa13-75e5-4c16-a0db-f9a83d869744:group-3BDF4F09FBC0:LeaderElection88] INFO  impl.RoleInfo (RoleInfo.java:updateAndGet(143)) - 94b1aa13-75e5-4c16-a0db-f9a83d869744: start LeaderState
2019-08-23 10:08:30,582 [94b1aa13-75e5-4c16-a0db-f9a83d869744:group-3BDF4F09FBC0:LeaderElection88] INFO  segmented.SegmentedRaftLogWorker (SegmentedRaftLogWorker.java:startLogSegment(380)) - 94b1aa13-75e5-4c16-a0db-f9a83d869744-SegmentedRaftLogWorker:Storage Directory /workdir/hadoop-ozone/integration-test/target/test-dir/MiniOzoneClusterImpl-ce471ee4-c249-4497-9e9a-3bbe536c2c9a/datanode-5/data/ratis/3530419a-ea54-4abd-b17c-3bdf4f09fbc0: Starting segment from index:0
2019-08-23 10:08:30,582 [94b1aa13-75e5-4c16-a0db-f9a83d869744:group-3BDF4F09FBC0:LeaderElection88] INFO  impl.RaftServerImpl (ServerState.java:setRaftConf(361)) - 94b1aa13-75e5-4c16-a0db-f9a83d869744:group-3BDF4F09FBC0 set configuration 0: [94b1aa13-75e5-4c16-a0db-f9a83d869744:192.168.5.185:39321], old=null at 0
2019-08-23 10:08:30,616 [Thread-4214] INFO  impl.FollowerState (FollowerState.java:run(106)) - c5104e55-9930-4334-991a-0509c5a1de9f:group-62B845300AD7 changes to CANDIDATE, lastRpcTime:5058, electionTimeout:5052ms
2019-08-23 10:08:30,616 [Thread-4214] INFO  impl.RoleInfo (RoleInfo.java:shutdownFollowerState(121)) - c5104e55-9930-4334-991a-0509c5a1de9f: shutdown FollowerState
2019-08-23 10:08:30,616 [ea014020-99a8-4d4c-8164-e72a7e895f0e:group-62B845300AD7:LeaderElection89] INFO  impl.LeaderElection (LeaderElection.java:askForVotes(181)) - ea014020-99a8-4d4c-8164-e72a7e895f0e:group-62B845300AD7:LeaderElection89: begin an election at term 1 for -1: [c5104e55-9930-4334-991a-0509c5a1de9f:192.168.5.185:39019, 94b1aa13-75e5-4c16-a0db-f9a83d869744:192.168.5.185:39321, ea014020-99a8-4d4c-8164-e72a7e895f0e:192.168.5.185:34367], old=null
2019-08-23 10:08:30,616 [Thread-4214] INFO  impl.RaftServerImpl (RaftServerImpl.java:setRole(171)) - c5104e55-9930-4334-991a-0509c5a1de9f:group-62B845300AD7 changes role from FOLLOWER to CANDIDATE at term 0 for changeToCandidate
2019-08-23 10:08:30,616 [Thread-4214] INFO  impl.RoleInfo (RoleInfo.java:updateAndGet(143)) - c5104e55-9930-4334-991a-0509c5a1de9f: start LeaderElection
2019-08-23 10:08:30,617 | INFO  | SCMAudit | user=jenkins1000 | ip=192.168.5.185 | op=SEND_HEARTBEAT {datanodeUUID=92769923-cb08-48ca-bcac-59043f9e191a, command=[]} | ret=SUCCESS |  
2019-08-23 10:08:30,624 [grpc-default-executor-7] INFO  impl.RaftServerImpl (RaftServerImpl.java:setRole(171)) - 94b1aa13-75e5-4c16-a0db-f9a83d869744:group-62B845300AD7 changes role from FOLLOWER to FOLLOWER at term 1 for recognizeCandidate:ea014020-99a8-4d4c-8164-e72a7e895f0e
2019-08-23 10:08:30,625 [grpc-default-executor-7] INFO  impl.RoleInfo (RoleInfo.java:shutdownFollowerState(121)) - 94b1aa13-75e5-4c16-a0db-f9a83d869744: shutdown FollowerState
2019-08-23 10:08:30,625 [grpc-default-executor-7] INFO  impl.RoleInfo (RoleInfo.java:updateAndGet(143)) - 94b1aa13-75e5-4c16-a0db-f9a83d869744: start FollowerState
2019-08-23 10:08:30,625 [Thread-4210] INFO  impl.FollowerState (FollowerState.java:run(114)) - 94b1aa13-75e5-4c16-a0db-f9a83d869744: FollowerState was interrupted: java.lang.InterruptedException: sleep interrupted
2019-08-23 10:08:30,641 [94b1aa13-75e5-4c16-a0db-f9a83d869744-SegmentedRaftLogWorker:Storage Directory /workdir/hadoop-ozone/integration-test/target/test-dir/MiniOzoneClusterImpl-ce471ee4-c249-4497-9e9a-3bbe536c2c9a/datanode-5/data/ratis/3530419a-ea54-4abd-b17c-3bdf4f09fbc0] INFO  segmented.SegmentedRaftLogWorker (SegmentedRaftLogWorker.java:execute(569)) - 94b1aa13-75e5-4c16-a0db-f9a83d869744-SegmentedRaftLogWorker:Storage Directory /workdir/hadoop-ozone/integration-test/target/test-dir/MiniOzoneClusterImpl-ce471ee4-c249-4497-9e9a-3bbe536c2c9a/datanode-5/data/ratis/3530419a-ea54-4abd-b17c-3bdf4f09fbc0: created new log segment /workdir/hadoop-ozone/integration-test/target/test-dir/MiniOzoneClusterImpl-ce471ee4-c249-4497-9e9a-3bbe536c2c9a/datanode-5/data/ratis/3530419a-ea54-4abd-b17c-3bdf4f09fbc0/current/log_inprogress_0
2019-08-23 10:08:30,641 [c5104e55-9930-4334-991a-0509c5a1de9f:group-62B845300AD7:LeaderElection90] INFO  impl.LeaderElection (LeaderElection.java:askForVotes(181)) - c5104e55-9930-4334-991a-0509c5a1de9f:group-62B845300AD7:LeaderElection90: begin an election at term 1 for -1: [c5104e55-9930-4334-991a-0509c5a1de9f:192.168.5.185:39019, 94b1aa13-75e5-4c16-a0db-f9a83d869744:192.168.5.185:39321, ea014020-99a8-4d4c-8164-e72a7e895f0e:192.168.5.185:34367], old=null
2019-08-23 10:08:30,646 [ea014020-99a8-4d4c-8164-e72a7e895f0e:group-62B845300AD7:LeaderElection89] INFO  impl.LeaderElection (LeaderElection.java:logAndReturn(56)) - ea014020-99a8-4d4c-8164-e72a7e895f0e:group-62B845300AD7:LeaderElection89: Election PASSED; received 1 response(s) [ea014020-99a8-4d4c-8164-e72a7e895f0e<-94b1aa13-75e5-4c16-a0db-f9a83d869744#0:OK-t1] and 0 exception(s); ea014020-99a8-4d4c-8164-e72a7e895f0e:t1, leader=null, voted=ea014020-99a8-4d4c-8164-e72a7e895f0e, raftlog=ea014020-99a8-4d4c-8164-e72a7e895f0e-SegmentedRaftLog:OPENED:c-1,f-1,i0, conf=-1: [c5104e55-9930-4334-991a-0509c5a1de9f:192.168.5.185:39019, 94b1aa13-75e5-4c16-a0db-f9a83d869744:192.168.5.185:39321, ea014020-99a8-4d4c-8164-e72a7e895f0e:192.168.5.185:34367], old=null
2019-08-23 10:08:30,647 [ea014020-99a8-4d4c-8164-e72a7e895f0e:group-62B845300AD7:LeaderElection89] INFO  impl.RoleInfo (RoleInfo.java:shutdownLeaderElection(134)) - ea014020-99a8-4d4c-8164-e72a7e895f0e: shutdown LeaderElection
2019-08-23 10:08:30,647 [ea014020-99a8-4d4c-8164-e72a7e895f0e:group-62B845300AD7:LeaderElection89] INFO  impl.RaftServerImpl (RaftServerImpl.java:setRole(171)) - ea014020-99a8-4d4c-8164-e72a7e895f0e:group-62B845300AD7 changes role from CANDIDATE to LEADER at term 1 for changeToLeader
2019-08-23 10:08:30,647 [ea014020-99a8-4d4c-8164-e72a7e895f0e:group-62B845300AD7:LeaderElection89] INFO  impl.RaftServerImpl (ServerState.java:setLeader(263)) - ea014020-99a8-4d4c-8164-e72a7e895f0e:group-62B845300AD7 change Leader from null to ea014020-99a8-4d4c-8164-e72a7e895f0e at term 1 for becomeLeader, leader elected after 5102ms
2019-08-23 10:08:30,647 [ea014020-99a8-4d4c-8164-e72a7e895f0e:group-62B845300AD7:LeaderElection89] INFO  server.RaftServerConfigKeys (ConfUtils.java:logGet(43)) - raft.server.staging.catchup.gap = 1000 (default)
2019-08-23 10:08:30,647 [ea014020-99a8-4d4c-8164-e72a7e895f0e:group-62B845300AD7:LeaderElection89] INFO  server.RaftServerConfigKeys (ConfUtils.java:logGet(43)) - raft.server.rpc.sleep.time = 25ms (default)
2019-08-23 10:08:30,647 [ea014020-99a8-4d4c-8164-e72a7e895f0e:group-62B845300AD7:LeaderElection89] INFO  server.RaftServerConfigKeys (ConfUtils.java:logGet(43)) - raft.server.write.element-limit = 4096 (default)
2019-08-23 10:08:30,647 [ea014020-99a8-4d4c-8164-e72a7e895f0e:group-62B845300AD7:LeaderElection89] INFO  server.RaftServerConfigKeys (ConfUtils.java:logGet(43)) - raft.server.watch.timeout = 10s (default)
2019-08-23 10:08:30,647 [ea014020-99a8-4d4c-8164-e72a7e895f0e:group-62B845300AD7:LeaderElection89] INFO  server.RaftServerConfigKeys (ConfUtils.java:logGet(43)) - raft.server.watch.timeout.denomination = 1s (default)
2019-08-23 10:08:30,648 [ea014020-99a8-4d4c-8164-e72a7e895f0e:group-62B845300AD7:LeaderElection89] INFO  server.RaftServerConfigKeys (ConfUtils.java:logGet(43)) - raft.server.watch.element-limit = 65536 (default)
2019-08-23 10:08:30,648 [ea014020-99a8-4d4c-8164-e72a7e895f0e:group-62B845300AD7:LeaderElection89] INFO  server.RaftServerConfigKeys (ConfUtils.java:logGet(43)) - raft.server.log.appender.snapshot.chunk.size.max = 16MB (=16777216) (default)
2019-08-23 10:08:30,648 [ea014020-99a8-4d4c-8164-e72a7e895f0e:group-62B845300AD7:LeaderElection89] INFO  server.RaftServerConfigKeys (ConfUtils.java:logGet(43)) - raft.server.log.appender.buffer.byte-limit = 33554432 (custom)
2019-08-23 10:08:30,648 [ea014020-99a8-4d4c-8164-e72a7e895f0e:group-62B845300AD7:LeaderElection89] INFO  server.RaftServerConfigKeys (ConfUtils.java:logGet(43)) - raft.server.log.appender.buffer.element-limit = 1 (custom)
2019-08-23 10:08:30,648 [ea014020-99a8-4d4c-8164-e72a7e895f0e:group-62B845300AD7:LeaderElection89] INFO  grpc.GrpcConfigKeys$Server (ConfUtils.java:logGet(43)) - raft.grpc.server.leader.outstanding.appends.max = 128 (default)
2019-08-23 10:08:30,648 [ea014020-99a8-4d4c-8164-e72a7e895f0e:group-62B845300AD7:LeaderElection89] INFO  server.RaftServerConfigKeys (ConfUtils.java:logGet(43)) - raft.server.rpc.request.timeout = 3000ms (default)
2019-08-23 10:08:30,649 [ea014020-99a8-4d4c-8164-e72a7e895f0e:group-62B845300AD7:LeaderElection89] INFO  server.RaftServerConfigKeys (ConfUtils.java:logGet(43)) - raft.server.log.appender.install.snapshot.enabled = false (custom)
2019-08-23 10:08:30,649 [ea014020-99a8-4d4c-8164-e72a7e895f0e:group-62B845300AD7:LeaderElection89] INFO  server.RaftServerConfigKeys (ConfUtils.java:logGet(43)) - raft.server.log.appender.snapshot.chunk.size.max = 16MB (=16777216) (default)
2019-08-23 10:08:30,652 [ea014020-99a8-4d4c-8164-e72a7e895f0e:group-62B845300AD7:LeaderElection89] INFO  server.RaftServerConfigKeys (ConfUtils.java:logGet(43)) - raft.server.log.appender.buffer.byte-limit = 33554432 (custom)
2019-08-23 10:08:30,654 [ea014020-99a8-4d4c-8164-e72a7e895f0e:group-62B845300AD7:LeaderElection89] INFO  server.RaftServerConfigKeys (ConfUtils.java:logGet(43)) - raft.server.log.appender.buffer.element-limit = 1 (custom)
2019-08-23 10:08:30,655 [ea014020-99a8-4d4c-8164-e72a7e895f0e:group-62B845300AD7:LeaderElection89] INFO  grpc.GrpcConfigKeys$Server (ConfUtils.java:logGet(43)) - raft.grpc.server.leader.outstanding.appends.max = 128 (default)
2019-08-23 10:08:30,655 [ea014020-99a8-4d4c-8164-e72a7e895f0e:group-62B845300AD7:LeaderElection89] INFO  server.RaftServerConfigKeys (ConfUtils.java:logGet(43)) - raft.server.rpc.request.timeout = 3000ms (default)
2019-08-23 10:08:30,655 [ea014020-99a8-4d4c-8164-e72a7e895f0e:group-62B845300AD7:LeaderElection89] INFO  server.RaftServerConfigKeys (ConfUtils.java:logGet(43)) - raft.server.log.appender.install.snapshot.enabled = false (custom)
2019-08-23 10:08:30,655 [ea014020-99a8-4d4c-8164-e72a7e895f0e:group-62B845300AD7:LeaderElection89] INFO  impl.RoleInfo (RoleInfo.java:updateAndGet(143)) - ea014020-99a8-4d4c-8164-e72a7e895f0e: start LeaderState
2019-08-23 10:08:30,655 [ea014020-99a8-4d4c-8164-e72a7e895f0e:group-62B845300AD7:LeaderElection89] INFO  segmented.SegmentedRaftLogWorker (SegmentedRaftLogWorker.java:startLogSegment(380)) - ea014020-99a8-4d4c-8164-e72a7e895f0e-SegmentedRaftLogWorker:Storage Directory /workdir/hadoop-ozone/integration-test/target/test-dir/MiniOzoneClusterImpl-ce471ee4-c249-4497-9e9a-3bbe536c2c9a/datanode-4/data/ratis/24a7c382-dd7d-4f6b-8fc8-62b845300ad7: Starting segment from index:0
2019-08-23 10:08:30,656 [ea014020-99a8-4d4c-8164-e72a7e895f0e:group-62B845300AD7:LeaderElection89] INFO  impl.RaftServerImpl (ServerState.java:setRaftConf(361)) - ea014020-99a8-4d4c-8164-e72a7e895f0e:group-62B845300AD7 set configuration 0: [c5104e55-9930-4334-991a-0509c5a1de9f:192.168.5.185:39019, 94b1aa13-75e5-4c16-a0db-f9a83d869744:192.168.5.185:39321, ea014020-99a8-4d4c-8164-e72a7e895f0e:192.168.5.185:34367], old=null at 0
2019-08-23 10:08:30,694 [grpc-default-executor-7] INFO  impl.RaftServerImpl (RaftServerImpl.java:requestVote(754)) - ea014020-99a8-4d4c-8164-e72a7e895f0e-LEADER: Withhold vote from candidate c5104e55-9930-4334-991a-0509c5a1de9f with term 1. State: leader=ea014020-99a8-4d4c-8164-e72a7e895f0e, term=1, lastRpcElapsed=null
2019-08-23 10:08:30,699 [c5104e55-9930-4334-991a-0509c5a1de9f:group-62B845300AD7:LeaderElection90] INFO  impl.LeaderElection (LeaderElection.java:logAndReturn(56)) - c5104e55-9930-4334-991a-0509c5a1de9f:group-62B845300AD7:LeaderElection90: Election REJECTED; received 2 response(s) [c5104e55-9930-4334-991a-0509c5a1de9f<-94b1aa13-75e5-4c16-a0db-f9a83d869744#0:FAIL-t1, c5104e55-9930-4334-991a-0509c5a1de9f<-ea014020-99a8-4d4c-8164-e72a7e895f0e#0:FAIL-t1] and 0 exception(s); c5104e55-9930-4334-991a-0509c5a1de9f:t1, leader=null, voted=c5104e55-9930-4334-991a-0509c5a1de9f, raftlog=c5104e55-9930-4334-991a-0509c5a1de9f-SegmentedRaftLog:OPENED:c-1,f-1,i0, conf=-1: [c5104e55-9930-4334-991a-0509c5a1de9f:192.168.5.185:39019, 94b1aa13-75e5-4c16-a0db-f9a83d869744:192.168.5.185:39321, ea014020-99a8-4d4c-8164-e72a7e895f0e:192.168.5.185:34367], old=null
2019-08-23 10:08:30,699 [c5104e55-9930-4334-991a-0509c5a1de9f:group-62B845300AD7:LeaderElection90] INFO  impl.RaftServerImpl (RaftServerImpl.java:setRole(171)) - c5104e55-9930-4334-991a-0509c5a1de9f:group-62B845300AD7 changes role from CANDIDATE to FOLLOWER at term 1 for DISCOVERED_A_NEW_TERM
2019-08-23 10:08:30,699 [grpc-default-executor-4] INFO  impl.RaftServerImpl (ServerState.java:setLeader(263)) - 94b1aa13-75e5-4c16-a0db-f9a83d869744:group-62B845300AD7 change Leader from null to ea014020-99a8-4d4c-8164-e72a7e895f0e at term 1 for appendEntries, leader elected after 5155ms
2019-08-23 10:08:30,699 [c5104e55-9930-4334-991a-0509c5a1de9f:group-62B845300AD7:LeaderElection90] INFO  impl.RoleInfo (RoleInfo.java:shutdownLeaderElection(134)) - c5104e55-9930-4334-991a-0509c5a1de9f: shutdown LeaderElection
2019-08-23 10:08:30,699 [c5104e55-9930-4334-991a-0509c5a1de9f:group-62B845300AD7:LeaderElection90] INFO  impl.RoleInfo (RoleInfo.java:updateAndGet(143)) - c5104e55-9930-4334-991a-0509c5a1de9f: start FollowerState
2019-08-23 10:08:30,700 [grpc-default-executor-7] INFO  impl.RaftServerImpl (ServerState.java:setLeader(263)) - c5104e55-9930-4334-991a-0509c5a1de9f:group-62B845300AD7 change Leader from null to ea014020-99a8-4d4c-8164-e72a7e895f0e at term 1 for appendEntries, leader elected after 5156ms
2019-08-23 10:08:30,701 [grpc-default-executor-7] INFO  impl.RaftServerImpl (ServerState.java:setRaftConf(361)) - 94b1aa13-75e5-4c16-a0db-f9a83d869744:group-62B845300AD7 set configuration 0: [c5104e55-9930-4334-991a-0509c5a1de9f:192.168.5.185:39019, 94b1aa13-75e5-4c16-a0db-f9a83d869744:192.168.5.185:39321, ea014020-99a8-4d4c-8164-e72a7e895f0e:192.168.5.185:34367], old=null at 0
2019-08-23 10:08:30,701 [grpc-default-executor-7] INFO  segmented.SegmentedRaftLogWorker (SegmentedRaftLogWorker.java:startLogSegment(380)) - 94b1aa13-75e5-4c16-a0db-f9a83d869744-SegmentedRaftLogWorker:Storage Directory /workdir/hadoop-ozone/integration-test/target/test-dir/MiniOzoneClusterImpl-ce471ee4-c249-4497-9e9a-3bbe536c2c9a/datanode-5/data/ratis/24a7c382-dd7d-4f6b-8fc8-62b845300ad7: Starting segment from index:0
2019-08-23 10:08:30,702 [grpc-default-executor-4] INFO  impl.RaftServerImpl (ServerState.java:setRaftConf(361)) - c5104e55-9930-4334-991a-0509c5a1de9f:group-62B845300AD7 set configuration 0: [c5104e55-9930-4334-991a-0509c5a1de9f:192.168.5.185:39019, 94b1aa13-75e5-4c16-a0db-f9a83d869744:192.168.5.185:39321, ea014020-99a8-4d4c-8164-e72a7e895f0e:192.168.5.185:34367], old=null at 0
2019-08-23 10:08:30,702 [grpc-default-executor-4] INFO  segmented.SegmentedRaftLogWorker (SegmentedRaftLogWorker.java:startLogSegment(380)) - c5104e55-9930-4334-991a-0509c5a1de9f-SegmentedRaftLogWorker:Storage Directory /workdir/hadoop-ozone/integration-test/target/test-dir/MiniOzoneClusterImpl-ce471ee4-c249-4497-9e9a-3bbe536c2c9a/datanode-3/data/ratis/24a7c382-dd7d-4f6b-8fc8-62b845300ad7: Starting segment from index:0
2019-08-23 10:08:30,709 [ea014020-99a8-4d4c-8164-e72a7e895f0e-SegmentedRaftLogWorker:Storage Directory /workdir/hadoop-ozone/integration-test/target/test-dir/MiniOzoneClusterImpl-ce471ee4-c249-4497-9e9a-3bbe536c2c9a/datanode-4/data/ratis/24a7c382-dd7d-4f6b-8fc8-62b845300ad7] INFO  segmented.SegmentedRaftLogWorker (SegmentedRaftLogWorker.java:execute(569)) - ea014020-99a8-4d4c-8164-e72a7e895f0e-SegmentedRaftLogWorker:Storage Directory /workdir/hadoop-ozone/integration-test/target/test-dir/MiniOzoneClusterImpl-ce471ee4-c249-4497-9e9a-3bbe536c2c9a/datanode-4/data/ratis/24a7c382-dd7d-4f6b-8fc8-62b845300ad7: created new log segment /workdir/hadoop-ozone/integration-test/target/test-dir/MiniOzoneClusterImpl-ce471ee4-c249-4497-9e9a-3bbe536c2c9a/datanode-4/data/ratis/24a7c382-dd7d-4f6b-8fc8-62b845300ad7/current/log_inprogress_0
2019-08-23 10:08:30,751 [94b1aa13-75e5-4c16-a0db-f9a83d869744-SegmentedRaftLogWorker:Storage Directory /workdir/hadoop-ozone/integration-test/target/test-dir/MiniOzoneClusterImpl-ce471ee4-c249-4497-9e9a-3bbe536c2c9a/datanode-5/data/ratis/24a7c382-dd7d-4f6b-8fc8-62b845300ad7] INFO  segmented.SegmentedRaftLogWorker (SegmentedRaftLogWorker.java:execute(569)) - 94b1aa13-75e5-4c16-a0db-f9a83d869744-SegmentedRaftLogWorker:Storage Directory /workdir/hadoop-ozone/integration-test/target/test-dir/MiniOzoneClusterImpl-ce471ee4-c249-4497-9e9a-3bbe536c2c9a/datanode-5/data/ratis/24a7c382-dd7d-4f6b-8fc8-62b845300ad7: created new log segment /workdir/hadoop-ozone/integration-test/target/test-dir/MiniOzoneClusterImpl-ce471ee4-c249-4497-9e9a-3bbe536c2c9a/datanode-5/data/ratis/24a7c382-dd7d-4f6b-8fc8-62b845300ad7/current/log_inprogress_0
2019-08-23 10:08:30,751 [c5104e55-9930-4334-991a-0509c5a1de9f-SegmentedRaftLogWorker:Storage Directory /workdir/hadoop-ozone/integration-test/target/test-dir/MiniOzoneClusterImpl-ce471ee4-c249-4497-9e9a-3bbe536c2c9a/datanode-3/data/ratis/24a7c382-dd7d-4f6b-8fc8-62b845300ad7] INFO  segmented.SegmentedRaftLogWorker (SegmentedRaftLogWorker.java:execute(569)) - c5104e55-9930-4334-991a-0509c5a1de9f-SegmentedRaftLogWorker:Storage Directory /workdir/hadoop-ozone/integration-test/target/test-dir/MiniOzoneClusterImpl-ce471ee4-c249-4497-9e9a-3bbe536c2c9a/datanode-3/data/ratis/24a7c382-dd7d-4f6b-8fc8-62b845300ad7: created new log segment /workdir/hadoop-ozone/integration-test/target/test-dir/MiniOzoneClusterImpl-ce471ee4-c249-4497-9e9a-3bbe536c2c9a/datanode-3/data/ratis/24a7c382-dd7d-4f6b-8fc8-62b845300ad7/current/log_inprogress_0
2019-08-23 10:08:30,839 | INFO  | SCMAudit | user=jenkins1000 | ip=192.168.5.185 | op=SEND_HEARTBEAT {datanodeUUID=2fab9170-9418-4596-ad4d-318dc3d3daaf, command=[]} | ret=SUCCESS |  
2019-08-23 10:08:30,950 | INFO  | SCMAudit | user=jenkins1000 | ip=192.168.5.185 | op=SEND_HEARTBEAT {datanodeUUID=96496dd4-7d5d-446d-98dc-dd809537dce1, command=[]} | ret=SUCCESS |  
2019-08-23 10:08:31,055 | INFO  | SCMAudit | user=jenkins1000 | ip=192.168.5.185 | op=SEND_HEARTBEAT {datanodeUUID=c5104e55-9930-4334-991a-0509c5a1de9f, command=[]} | ret=SUCCESS |  
2019-08-23 10:08:31,081 [Thread-4219] INFO  impl.FollowerState (FollowerState.java:run(106)) - 96496dd4-7d5d-446d-98dc-dd809537dce1:group-073AD501C98E changes to CANDIDATE, lastRpcTime:5085, electionTimeout:5085ms
2019-08-23 10:08:31,081 [Thread-4219] INFO  impl.RoleInfo (RoleInfo.java:shutdownFollowerState(121)) - 96496dd4-7d5d-446d-98dc-dd809537dce1: shutdown FollowerState
2019-08-23 10:08:31,081 [Thread-4219] INFO  impl.RaftServerImpl (RaftServerImpl.java:setRole(171)) - 96496dd4-7d5d-446d-98dc-dd809537dce1:group-073AD501C98E changes role from FOLLOWER to CANDIDATE at term 0 for changeToCandidate
2019-08-23 10:08:31,082 [Thread-4219] INFO  impl.RoleInfo (RoleInfo.java:updateAndGet(143)) - 96496dd4-7d5d-446d-98dc-dd809537dce1: start LeaderElection
2019-08-23 10:08:31,101 [96496dd4-7d5d-446d-98dc-dd809537dce1:group-073AD501C98E:LeaderElection91] INFO  impl.LeaderElection (LeaderElection.java:askForVotes(181)) - 96496dd4-7d5d-446d-98dc-dd809537dce1:group-073AD501C98E:LeaderElection91: begin an election at term 1 for -1: [96496dd4-7d5d-446d-98dc-dd809537dce1:192.168.5.185:44254], old=null
2019-08-23 10:08:31,101 [96496dd4-7d5d-446d-98dc-dd809537dce1:group-073AD501C98E:LeaderElection91] INFO  impl.RoleInfo (RoleInfo.java:shutdownLeaderElection(134)) - 96496dd4-7d5d-446d-98dc-dd809537dce1: shutdown LeaderElection
2019-08-23 10:08:31,101 [96496dd4-7d5d-446d-98dc-dd809537dce1:group-073AD501C98E:LeaderElection91] INFO  impl.RaftServerImpl (RaftServerImpl.java:setRole(171)) - 96496dd4-7d5d-446d-98dc-dd809537dce1:group-073AD501C98E changes role from CANDIDATE to LEADER at term 1 for changeToLeader
2019-08-23 10:08:31,101 [96496dd4-7d5d-446d-98dc-dd809537dce1:group-073AD501C98E:LeaderElection91] INFO  impl.RaftServerImpl (ServerState.java:setLeader(263)) - 96496dd4-7d5d-446d-98dc-dd809537dce1:group-073AD501C98E change Leader from null to 96496dd4-7d5d-446d-98dc-dd809537dce1 at term 1 for becomeLeader, leader elected after 5110ms
2019-08-23 10:08:31,101 [96496dd4-7d5d-446d-98dc-dd809537dce1:group-073AD501C98E:LeaderElection91] INFO  server.RaftServerConfigKeys (ConfUtils.java:logGet(43)) - raft.server.staging.catchup.gap = 1000 (default)
2019-08-23 10:08:31,102 [96496dd4-7d5d-446d-98dc-dd809537dce1:group-073AD501C98E:LeaderElection91] INFO  server.RaftServerConfigKeys (ConfUtils.java:logGet(43)) - raft.server.rpc.sleep.time = 25ms (default)
2019-08-23 10:08:31,102 [96496dd4-7d5d-446d-98dc-dd809537dce1:group-073AD501C98E:LeaderElection91] INFO  server.RaftServerConfigKeys (ConfUtils.java:logGet(43)) - raft.server.write.element-limit = 4096 (default)
2019-08-23 10:08:31,102 [96496dd4-7d5d-446d-98dc-dd809537dce1:group-073AD501C98E:LeaderElection91] INFO  server.RaftServerConfigKeys (ConfUtils.java:logGet(43)) - raft.server.watch.timeout = 10s (default)
2019-08-23 10:08:31,102 [96496dd4-7d5d-446d-98dc-dd809537dce1:group-073AD501C98E:LeaderElection91] INFO  server.RaftServerConfigKeys (ConfUtils.java:logGet(43)) - raft.server.watch.timeout.denomination = 1s (default)
2019-08-23 10:08:31,102 [96496dd4-7d5d-446d-98dc-dd809537dce1:group-073AD501C98E:LeaderElection91] INFO  server.RaftServerConfigKeys (ConfUtils.java:logGet(43)) - raft.server.watch.element-limit = 65536 (default)
2019-08-23 10:08:31,102 [96496dd4-7d5d-446d-98dc-dd809537dce1:group-073AD501C98E:LeaderElection91] INFO  impl.RoleInfo (RoleInfo.java:updateAndGet(143)) - 96496dd4-7d5d-446d-98dc-dd809537dce1: start LeaderState
2019-08-23 10:08:31,102 [96496dd4-7d5d-446d-98dc-dd809537dce1:group-073AD501C98E:LeaderElection91] INFO  segmented.SegmentedRaftLogWorker (SegmentedRaftLogWorker.java:startLogSegment(380)) - 96496dd4-7d5d-446d-98dc-dd809537dce1-SegmentedRaftLogWorker:Storage Directory /workdir/hadoop-ozone/integration-test/target/test-dir/MiniOzoneClusterImpl-ce471ee4-c249-4497-9e9a-3bbe536c2c9a/datanode-6/data/ratis/0fe7cb27-a9ec-4784-a765-073ad501c98e: Starting segment from index:0
2019-08-23 10:08:31,103 [96496dd4-7d5d-446d-98dc-dd809537dce1:group-073AD501C98E:LeaderElection91] INFO  impl.RaftServerImpl (ServerState.java:setRaftConf(361)) - 96496dd4-7d5d-446d-98dc-dd809537dce1:group-073AD501C98E set configuration 0: [96496dd4-7d5d-446d-98dc-dd809537dce1:192.168.5.185:44254], old=null at 0
2019-08-23 10:08:31,147 [96496dd4-7d5d-446d-98dc-dd809537dce1-SegmentedRaftLogWorker:Storage Directory /workdir/hadoop-ozone/integration-test/target/test-dir/MiniOzoneClusterImpl-ce471ee4-c249-4497-9e9a-3bbe536c2c9a/datanode-6/data/ratis/0fe7cb27-a9ec-4784-a765-073ad501c98e] INFO  segmented.SegmentedRaftLogWorker (SegmentedRaftLogWorker.java:execute(569)) - 96496dd4-7d5d-446d-98dc-dd809537dce1-SegmentedRaftLogWorker:Storage Directory /workdir/hadoop-ozone/integration-test/target/test-dir/MiniOzoneClusterImpl-ce471ee4-c249-4497-9e9a-3bbe536c2c9a/datanode-6/data/ratis/0fe7cb27-a9ec-4784-a765-073ad501c98e: created new log segment /workdir/hadoop-ozone/integration-test/target/test-dir/MiniOzoneClusterImpl-ce471ee4-c249-4497-9e9a-3bbe536c2c9a/datanode-6/data/ratis/0fe7cb27-a9ec-4784-a765-073ad501c98e/current/log_inprogress_0
2019-08-23 10:08:31,239 | INFO  | DNAudit | user=null | ip=null | op=WRITE_CHUNK {blockData=conID: 1 locID: 102665742385479700 bcsId: 0} | ret=SUCCESS |  
2019-08-23 10:08:31,239 | INFO  | DNAudit | user=null | ip=null | op=WRITE_CHUNK {blockData=conID: 1 locID: 102665742385479700 bcsId: 0} | ret=SUCCESS |  
2019-08-23 10:08:31,239 | INFO  | DNAudit | user=null | ip=null | op=WRITE_CHUNK {blockData=conID: 1 locID: 102665742385479700 bcsId: 0} | ret=SUCCESS |  
2019-08-23 10:08:31,239 | INFO  | SCMAudit | user=jenkins1000 | ip=192.168.5.185 | op=SEND_HEARTBEAT {datanodeUUID=4d0f799d-93dd-41e2-a20b-564af924474c, command=[]} | ret=SUCCESS |  
2019-08-23 10:08:31,239 | INFO  | SCMAudit | user=jenkins1000 | ip=192.168.5.185 | op=SEND_HEARTBEAT {datanodeUUID=92769923-cb08-48ca-bcac-59043f9e191a, command=[]} | ret=SUCCESS |  
2019-08-23 10:08:31,240 | INFO  | SCMAudit | user=jenkins1000 | ip=192.168.5.185 | op=SEND_HEARTBEAT {datanodeUUID=2fab9170-9418-4596-ad4d-318dc3d3daaf, command=[]} | ret=SUCCESS |  
2019-08-23 10:08:31,250 | INFO  | SCMAudit | user=jenkins1000 | ip=192.168.5.185 | op=SEND_HEARTBEAT {datanodeUUID=ea014020-99a8-4d4c-8164-e72a7e895f0e, command=[]} | ret=SUCCESS |  
2019-08-23 10:08:31,255 | INFO  | DNAudit | user=null | ip=null | op=WRITE_CHUNK {blockData=conID: 1 locID: 102665742385479700 bcsId: 0} | ret=SUCCESS |  
2019-08-23 10:08:31,262 [grpc-default-executor-4] INFO  client.GrpcClientProtocolClient (GrpcClientProtocolClient.java:onNext(255)) - client-3673EAD6A027->4d0f799d-93dd-41e2-a20b-564af924474c: receive RaftClientReply:client-3673EAD6A027->4d0f799d-93dd-41e2-a20b-564af924474c@group-8BA1F51B7164, cid=222, SUCCESS, logIndex=1, commits[4d0f799d-93dd-41e2-a20b-564af924474c:c1, 92769923-cb08-48ca-bcac-59043f9e191a:c0, 2fab9170-9418-4596-ad4d-318dc3d3daaf:c0]
2019-08-23 10:08:31,266 | INFO  | DNAudit | user=null | ip=null | op=WRITE_CHUNK {blockData=conID: 1 locID: 102665742385479700 bcsId: 0} | ret=SUCCESS |  
2019-08-23 10:08:31,268 | INFO  | DNAudit | user=null | ip=null | op=WRITE_CHUNK {blockData=conID: 1 locID: 102665742385479700 bcsId: 0} | ret=SUCCESS |  
2019-08-23 10:08:31,268 | INFO  | DNAudit | user=null | ip=null | op=WRITE_CHUNK {blockData=conID: 1 locID: 102665742385479700 bcsId: 0} | ret=SUCCESS |  
2019-08-23 10:08:31,268 | INFO  | DNAudit | user=null | ip=null | op=WRITE_CHUNK {blockData=conID: 1 locID: 102665742385479700 bcsId: 0} | ret=SUCCESS |  
2019-08-23 10:08:31,269 | INFO  | DNAudit | user=null | ip=null | op=WRITE_CHUNK {blockData=conID: 1 locID: 102665742385479700 bcsId: 0} | ret=SUCCESS |  
2019-08-23 10:08:31,269 | INFO  | DNAudit | user=null | ip=null | op=WRITE_CHUNK {blockData=conID: 1 locID: 102665742385479700 bcsId: 0} | ret=SUCCESS |  
2019-08-23 10:08:31,269 | INFO  | DNAudit | user=null | ip=null | op=WRITE_CHUNK {blockData=conID: 1 locID: 102665742385479700 bcsId: 0} | ret=SUCCESS |  
2019-08-23 10:08:31,270 | INFO  | DNAudit | user=null | ip=null | op=WRITE_CHUNK {blockData=conID: 1 locID: 102665742385479700 bcsId: 0} | ret=SUCCESS |  
2019-08-23 10:08:31,270 | INFO  | DNAudit | user=null | ip=null | op=WRITE_CHUNK {blockData=conID: 1 locID: 102665742385479700 bcsId: 0} | ret=SUCCESS |  
2019-08-23 10:08:31,270 | INFO  | DNAudit | user=null | ip=null | op=WRITE_CHUNK {blockData=conID: 1 locID: 102665742385479700 bcsId: 0} | ret=SUCCESS |  
2019-08-23 10:08:31,271 | INFO  | DNAudit | user=null | ip=null | op=WRITE_CHUNK {blockData=conID: 1 locID: 102665742385479700 bcsId: 0} | ret=SUCCESS |  
2019-08-23 10:08:31,271 | INFO  | DNAudit | user=null | ip=null | op=WRITE_CHUNK {blockData=conID: 1 locID: 102665742385479700 bcsId: 0} | ret=SUCCESS |  
2019-08-23 10:08:31,275 [grpc-default-executor-4] INFO  client.GrpcClientProtocolClient (GrpcClientProtocolClient.java:onNext(255)) - client-3673EAD6A027->4d0f799d-93dd-41e2-a20b-564af924474c: receive RaftClientReply:client-3673EAD6A027->4d0f799d-93dd-41e2-a20b-564af924474c@group-8BA1F51B7164, cid=223, SUCCESS, logIndex=3, commits[4d0f799d-93dd-41e2-a20b-564af924474c:c3, 92769923-cb08-48ca-bcac-59043f9e191a:c1, 2fab9170-9418-4596-ad4d-318dc3d3daaf:c1]
2019-08-23 10:08:31,286 | INFO  | DNAudit | user=null | ip=null | op=WRITE_CHUNK {blockData=conID: 1 locID: 102665742385479700 bcsId: 0} | ret=SUCCESS |  
2019-08-23 10:08:31,287 | INFO  | DNAudit | user=null | ip=null | op=WRITE_CHUNK {blockData=conID: 1 locID: 102665742385479700 bcsId: 0} | ret=SUCCESS |  
2019-08-23 10:08:31,340 | INFO  | DNAudit | user=null | ip=null | op=PUT_BLOCK {blockData=[blockId=conID: 1 locID: 102665742385479700 bcsId: 0,size=200]} | ret=SUCCESS |  
2019-08-23 10:08:31,341 | INFO  | DNAudit | user=null | ip=null | op=WRITE_CHUNK {blockData=conID: 1 locID: 102665742385479700 bcsId: 0} | ret=SUCCESS |  
2019-08-23 10:08:31,342 | INFO  | DNAudit | user=null | ip=null | op=WRITE_CHUNK {blockData=conID: 1 locID: 102665742385479700 bcsId: 0} | ret=SUCCESS |  
2019-08-23 10:08:31,342 [grpc-default-executor-6] INFO  client.GrpcClientProtocolClient (GrpcClientProtocolClient.java:onNext(255)) - client-3673EAD6A027->4d0f799d-93dd-41e2-a20b-564af924474c: receive RaftClientReply:client-3673EAD6A027->4d0f799d-93dd-41e2-a20b-564af924474c@group-8BA1F51B7164, cid=224, SUCCESS, logIndex=4, commits[4d0f799d-93dd-41e2-a20b-564af924474c:c12, 92769923-cb08-48ca-bcac-59043f9e191a:c7, 2fab9170-9418-4596-ad4d-318dc3d3daaf:c7]
2019-08-23 10:08:31,343 [grpc-default-executor-6] INFO  client.GrpcClientProtocolClient (GrpcClientProtocolClient.java:onNext(255)) - client-3673EAD6A027->4d0f799d-93dd-41e2-a20b-564af924474c: receive RaftClientReply:client-3673EAD6A027->4d0f799d-93dd-41e2-a20b-564af924474c@group-8BA1F51B7164, cid=225, SUCCESS, logIndex=5, commits[4d0f799d-93dd-41e2-a20b-564af924474c:c12, 92769923-cb08-48ca-bcac-59043f9e191a:c7, 2fab9170-9418-4596-ad4d-318dc3d3daaf:c7]
2019-08-23 10:08:31,343 [grpc-default-executor-6] INFO  client.GrpcClientProtocolClient (GrpcClientProtocolClient.java:onNext(255)) - client-3673EAD6A027->4d0f799d-93dd-41e2-a20b-564af924474c: receive RaftClientReply:client-3673EAD6A027->4d0f799d-93dd-41e2-a20b-564af924474c@group-8BA1F51B7164, cid=226, SUCCESS, logIndex=6, commits[4d0f799d-93dd-41e2-a20b-564af924474c:c12, 92769923-cb08-48ca-bcac-59043f9e191a:c7, 2fab9170-9418-4596-ad4d-318dc3d3daaf:c7]
2019-08-23 10:08:31,381 | INFO  | DNAudit | user=null | ip=null | op=PUT_BLOCK {blockData=[blockId=conID: 1 locID: 102665742385479700 bcsId: 0,size=200]} | ret=SUCCESS |  
2019-08-23 10:08:31,381 | INFO  | DNAudit | user=null | ip=null | op=WRITE_CHUNK {blockData=conID: 1 locID: 102665742385479700 bcsId: 0} | ret=SUCCESS |  
2019-08-23 10:08:31,381 | INFO  | DNAudit | user=null | ip=null | op=WRITE_CHUNK {blockData=conID: 1 locID: 102665742385479700 bcsId: 0} | ret=SUCCESS |  
2019-08-23 10:08:31,428 | INFO  | DNAudit | user=null | ip=null | op=PUT_BLOCK {blockData=[blockId=conID: 1 locID: 102665742385479700 bcsId: 0,size=400]} | ret=SUCCESS |  
2019-08-23 10:08:31,428 | INFO  | DNAudit | user=null | ip=null | op=PUT_BLOCK {blockData=[blockId=conID: 1 locID: 102665742385479700 bcsId: 0,size=400]} | ret=SUCCESS |  
2019-08-23 10:08:31,428 | INFO  | DNAudit | user=null | ip=null | op=PUT_BLOCK {blockData=[blockId=conID: 1 locID: 102665742385479700 bcsId: 0,size=200]} | ret=SUCCESS |  
2019-08-23 10:08:31,429 | INFO  | DNAudit | user=null | ip=null | op=WRITE_CHUNK {blockData=conID: 1 locID: 102665742385479700 bcsId: 0} | ret=SUCCESS |  
2019-08-23 10:08:31,429 | INFO  | DNAudit | user=null | ip=null | op=WRITE_CHUNK {blockData=conID: 1 locID: 102665742385479700 bcsId: 0} | ret=SUCCESS |  
2019-08-23 10:08:31,430 | INFO  | DNAudit | user=null | ip=null | op=PUT_BLOCK {blockData=[blockId=conID: 1 locID: 102665742385479700 bcsId: 0,size=400]} | ret=SUCCESS |  
2019-08-23 10:08:31,430 [grpc-default-executor-6] INFO  client.GrpcClientProtocolClient (GrpcClientProtocolClient.java:onNext(255)) - client-3673EAD6A027->4d0f799d-93dd-41e2-a20b-564af924474c: receive RaftClientReply:client-3673EAD6A027->4d0f799d-93dd-41e2-a20b-564af924474c@group-8BA1F51B7164, cid=227, SUCCESS, logIndex=7, commits[4d0f799d-93dd-41e2-a20b-564af924474c:c12, 92769923-cb08-48ca-bcac-59043f9e191a:c7, 2fab9170-9418-4596-ad4d-318dc3d3daaf:c7]
2019-08-23 10:08:31,432 | INFO  | SCMAudit | user=jenkins1000 | ip=192.168.5.185 | op=SEND_HEARTBEAT {datanodeUUID=94b1aa13-75e5-4c16-a0db-f9a83d869744, command=[]} | ret=SUCCESS |  
2019-08-23 10:08:31,433 | INFO  | DNAudit | user=null | ip=null | op=WRITE_CHUNK {blockData=conID: 1 locID: 102665742385479700 bcsId: 7} | ret=SUCCESS |  
2019-08-23 10:08:31,435 | INFO  | DNAudit | user=null | ip=null | op=WRITE_CHUNK {blockData=conID: 1 locID: 102665742385479700 bcsId: 7} | ret=SUCCESS |  
2019-08-23 10:08:31,435 | INFO  | DNAudit | user=null | ip=null | op=WRITE_CHUNK {blockData=conID: 1 locID: 102665742385479700 bcsId: 7} | ret=SUCCESS |  
2019-08-23 10:08:31,449 | INFO  | DNAudit | user=null | ip=null | op=WRITE_CHUNK {blockData=conID: 1 locID: 102665742385479700 bcsId: 7} | ret=SUCCESS |  
2019-08-23 10:08:31,450 [grpc-default-executor-6] INFO  client.GrpcClientProtocolClient (GrpcClientProtocolClient.java:onNext(255)) - client-3673EAD6A027->4d0f799d-93dd-41e2-a20b-564af924474c: receive RaftClientReply:client-3673EAD6A027->4d0f799d-93dd-41e2-a20b-564af924474c@group-8BA1F51B7164, cid=228, SUCCESS, logIndex=13, commits[4d0f799d-93dd-41e2-a20b-564af924474c:c13, 92769923-cb08-48ca-bcac-59043f9e191a:c12, 2fab9170-9418-4596-ad4d-318dc3d3daaf:c12]
2019-08-23 10:08:31,458 | INFO  | DNAudit | user=null | ip=null | op=PUT_BLOCK {blockData=[blockId=conID: 1 locID: 102665742385479700 bcsId: 0,size=450]} | ret=SUCCESS |  
2019-08-23 10:08:31,460 [grpc-default-executor-6] INFO  client.GrpcClientProtocolClient (GrpcClientProtocolClient.java:onNext(255)) - client-3673EAD6A027->4d0f799d-93dd-41e2-a20b-564af924474c: receive RaftClientReply:client-3673EAD6A027->4d0f799d-93dd-41e2-a20b-564af924474c@group-8BA1F51B7164, cid=229, SUCCESS, logIndex=14, commits[4d0f799d-93dd-41e2-a20b-564af924474c:c14, 92769923-cb08-48ca-bcac-59043f9e191a:c12, 2fab9170-9418-4596-ad4d-318dc3d3daaf:c12]
2019-08-23 10:08:31,460 | INFO  | DNAudit | user=null | ip=null | op=WRITE_CHUNK {blockData=conID: 1 locID: 102665742385479700 bcsId: 7} | ret=SUCCESS |  
2019-08-23 10:08:31,460 | INFO  | DNAudit | user=null | ip=null | op=WRITE_CHUNK {blockData=conID: 1 locID: 102665742385479700 bcsId: 7} | ret=SUCCESS |  
2019-08-23 10:08:31,950 | INFO  | SCMAudit | user=jenkins1000 | ip=192.168.5.185 | op=SEND_HEARTBEAT {datanodeUUID=96496dd4-7d5d-446d-98dc-dd809537dce1, command=[]} | ret=SUCCESS |  
2019-08-23 10:08:32,054 | INFO  | SCMAudit | user=jenkins1000 | ip=192.168.5.185 | op=SEND_HEARTBEAT {datanodeUUID=c5104e55-9930-4334-991a-0509c5a1de9f, command=[]} | ret=SUCCESS |  
2019-08-23 10:08:32,239 | INFO  | SCMAudit | user=jenkins1000 | ip=192.168.5.185 | op=SEND_HEARTBEAT {datanodeUUID=92769923-cb08-48ca-bcac-59043f9e191a, command=[]} | ret=SUCCESS |  
2019-08-23 10:08:32,239 | INFO  | SCMAudit | user=jenkins1000 | ip=192.168.5.185 | op=SEND_HEARTBEAT {datanodeUUID=4d0f799d-93dd-41e2-a20b-564af924474c, command=[]} | ret=SUCCESS |  
2019-08-23 10:08:32,239 | INFO  | SCMAudit | user=jenkins1000 | ip=192.168.5.185 | op=SEND_HEARTBEAT {datanodeUUID=2fab9170-9418-4596-ad4d-318dc3d3daaf, command=[]} | ret=SUCCESS |  
2019-08-23 10:08:32,250 | INFO  | SCMAudit | user=jenkins1000 | ip=192.168.5.185 | op=SEND_HEARTBEAT {datanodeUUID=ea014020-99a8-4d4c-8164-e72a7e895f0e, command=[]} | ret=SUCCESS |  
2019-08-23 10:08:32,432 | INFO  | SCMAudit | user=jenkins1000 | ip=192.168.5.185 | op=SEND_HEARTBEAT {datanodeUUID=94b1aa13-75e5-4c16-a0db-f9a83d869744, command=[]} | ret=SUCCESS |  
2019-08-23 10:08:32,461 [main] WARN  scm.XceiverClientRatis (XceiverClientRatis.java:watchForCommit(262)) - 3 way commit failed on pipeline Pipeline[ Id: 99323ee6-9bff-4c2d-b155-8ba1f51b7164, Nodes: 4d0f799d-93dd-41e2-a20b-564af924474c{ip: 192.168.5.185, host: pr-hdds-1094-w8cgz-2737508714, networkLocation: /default-rack, certSerialId: null}2fab9170-9418-4596-ad4d-318dc3d3daaf{ip: 192.168.5.185, host: pr-hdds-1094-w8cgz-2737508714, networkLocation: /default-rack, certSerialId: null}92769923-cb08-48ca-bcac-59043f9e191a{ip: 192.168.5.185, host: pr-hdds-1094-w8cgz-2737508714, networkLocation: /default-rack, certSerialId: null}, Type:RATIS, Factor:THREE, State:OPEN]
java.util.concurrent.TimeoutException
	at java.util.concurrent.CompletableFuture.timedGet(CompletableFuture.java:1771)
	at java.util.concurrent.CompletableFuture.get(CompletableFuture.java:1915)
	at org.apache.hadoop.hdds.scm.XceiverClientRatis.watchForCommit(XceiverClientRatis.java:259)
	at org.apache.hadoop.hdds.scm.storage.CommitWatcher.watchForCommit(CommitWatcher.java:194)
	at org.apache.hadoop.hdds.scm.storage.CommitWatcher.watchOnLastIndex(CommitWatcher.java:157)
	at org.apache.hadoop.hdds.scm.storage.BlockOutputStream.watchForCommit(BlockOutputStream.java:347)
	at org.apache.hadoop.hdds.scm.storage.BlockOutputStream.handleFlush(BlockOutputStream.java:479)
	at org.apache.hadoop.hdds.scm.storage.BlockOutputStream.flush(BlockOutputStream.java:428)
	at org.apache.hadoop.ozone.client.io.BlockOutputStreamEntry.flush(BlockOutputStreamEntry.java:136)
	at org.apache.hadoop.ozone.client.io.KeyOutputStream.handleFlushOrClose(KeyOutputStream.java:442)
	at org.apache.hadoop.ozone.client.io.KeyOutputStream.flush(KeyOutputStream.java:396)
	at org.apache.hadoop.ozone.client.io.OzoneOutputStream.flush(OzoneOutputStream.java:54)
	at org.apache.hadoop.ozone.client.rpc.TestBlockOutputStreamWithFailures.testWatchForCommitWithCloseContainerException(TestBlockOutputStreamWithFailures.java:190)
	at sun.reflect.NativeMethodAccessorImpl.invoke0(Native Method)
	at sun.reflect.NativeMethodAccessorImpl.invoke(NativeMethodAccessorImpl.java:62)
	at sun.reflect.DelegatingMethodAccessorImpl.invoke(DelegatingMethodAccessorImpl.java:43)
	at java.lang.reflect.Method.invoke(Method.java:498)
	at org.junit.runners.model.FrameworkMethod$1.runReflectiveCall(FrameworkMethod.java:47)
	at org.junit.internal.runners.model.ReflectiveCallable.run(ReflectiveCallable.java:12)
	at org.junit.runners.model.FrameworkMethod.invokeExplosively(FrameworkMethod.java:44)
	at org.junit.internal.runners.statements.InvokeMethod.evaluate(InvokeMethod.java:17)
	at org.junit.internal.runners.statements.RunBefores.evaluate(RunBefores.java:26)
	at org.junit.internal.runners.statements.RunAfters.evaluate(RunAfters.java:27)
	at org.junit.runners.ParentRunner.runLeaf(ParentRunner.java:271)
	at org.junit.runners.BlockJUnit4ClassRunner.runChild(BlockJUnit4ClassRunner.java:70)
	at org.junit.runners.BlockJUnit4ClassRunner.runChild(BlockJUnit4ClassRunner.java:50)
	at org.junit.runners.ParentRunner$3.run(ParentRunner.java:238)
	at org.junit.runners.ParentRunner$1.schedule(ParentRunner.java:63)
	at org.junit.runners.ParentRunner.runChildren(ParentRunner.java:236)
	at org.junit.runners.ParentRunner.access$000(ParentRunner.java:53)
	at org.junit.runners.ParentRunner$2.evaluate(ParentRunner.java:229)
	at org.junit.runners.ParentRunner.run(ParentRunner.java:309)
	at org.apache.maven.surefire.junit4.JUnit4Provider.execute(JUnit4Provider.java:365)
	at org.apache.maven.surefire.junit4.JUnit4Provider.executeWithRerun(JUnit4Provider.java:273)
	at org.apache.maven.surefire.junit4.JUnit4Provider.executeTestSet(JUnit4Provider.java:238)
	at org.apache.maven.surefire.junit4.JUnit4Provider.invoke(JUnit4Provider.java:159)
	at org.apache.maven.surefire.booter.ForkedBooter.invokeProviderInSameClassLoader(ForkedBooter.java:384)
	at org.apache.maven.surefire.booter.ForkedBooter.runSuitesInProcess(ForkedBooter.java:345)
	at org.apache.maven.surefire.booter.ForkedBooter.execute(ForkedBooter.java:126)
	at org.apache.maven.surefire.booter.ForkedBooter.main(ForkedBooter.java:418)
2019-08-23 10:08:32,950 | INFO  | SCMAudit | user=jenkins1000 | ip=192.168.5.185 | op=SEND_HEARTBEAT {datanodeUUID=96496dd4-7d5d-446d-98dc-dd809537dce1, command=[]} | ret=SUCCESS |  
2019-08-23 10:08:33,054 | INFO  | SCMAudit | user=jenkins1000 | ip=192.168.5.185 | op=SEND_HEARTBEAT {datanodeUUID=c5104e55-9930-4334-991a-0509c5a1de9f, command=[]} | ret=SUCCESS |  
2019-08-23 10:08:33,239 | INFO  | SCMAudit | user=jenkins1000 | ip=192.168.5.185 | op=SEND_HEARTBEAT {datanodeUUID=4d0f799d-93dd-41e2-a20b-564af924474c, command=[]} | ret=SUCCESS |  
2019-08-23 10:08:33,239 | INFO  | SCMAudit | user=jenkins1000 | ip=192.168.5.185 | op=SEND_HEARTBEAT {datanodeUUID=92769923-cb08-48ca-bcac-59043f9e191a, command=[]} | ret=SUCCESS |  
2019-08-23 10:08:33,239 | INFO  | SCMAudit | user=jenkins1000 | ip=192.168.5.185 | op=SEND_HEARTBEAT {datanodeUUID=2fab9170-9418-4596-ad4d-318dc3d3daaf, command=[]} | ret=SUCCESS |  
2019-08-23 10:08:33,250 | INFO  | SCMAudit | user=jenkins1000 | ip=192.168.5.185 | op=SEND_HEARTBEAT {datanodeUUID=ea014020-99a8-4d4c-8164-e72a7e895f0e, command=[]} | ret=SUCCESS |  
2019-08-23 10:08:33,432 | INFO  | SCMAudit | user=jenkins1000 | ip=192.168.5.185 | op=SEND_HEARTBEAT {datanodeUUID=94b1aa13-75e5-4c16-a0db-f9a83d869744, command=[]} | ret=SUCCESS |  
2019-08-23 10:08:33,464 [main] WARN  storage.CommitWatcher (CommitWatcher.java:watchForCommit(203)) - watchForCommit failed for index 14
java.util.concurrent.TimeoutException
	at java.util.concurrent.CompletableFuture.timedGet(CompletableFuture.java:1771)
	at java.util.concurrent.CompletableFuture.get(CompletableFuture.java:1915)
	at org.apache.hadoop.hdds.scm.XceiverClientRatis.watchForCommit(XceiverClientRatis.java:268)
	at org.apache.hadoop.hdds.scm.storage.CommitWatcher.watchForCommit(CommitWatcher.java:194)
	at org.apache.hadoop.hdds.scm.storage.CommitWatcher.watchOnLastIndex(CommitWatcher.java:157)
	at org.apache.hadoop.hdds.scm.storage.BlockOutputStream.watchForCommit(BlockOutputStream.java:347)
	at org.apache.hadoop.hdds.scm.storage.BlockOutputStream.handleFlush(BlockOutputStream.java:479)
	at org.apache.hadoop.hdds.scm.storage.BlockOutputStream.flush(BlockOutputStream.java:428)
	at org.apache.hadoop.ozone.client.io.BlockOutputStreamEntry.flush(BlockOutputStreamEntry.java:136)
	at org.apache.hadoop.ozone.client.io.KeyOutputStream.handleFlushOrClose(KeyOutputStream.java:442)
	at org.apache.hadoop.ozone.client.io.KeyOutputStream.flush(KeyOutputStream.java:396)
	at org.apache.hadoop.ozone.client.io.OzoneOutputStream.flush(OzoneOutputStream.java:54)
	at org.apache.hadoop.ozone.client.rpc.TestBlockOutputStreamWithFailures.testWatchForCommitWithCloseContainerException(TestBlockOutputStreamWithFailures.java:190)
	at sun.reflect.NativeMethodAccessorImpl.invoke0(Native Method)
	at sun.reflect.NativeMethodAccessorImpl.invoke(NativeMethodAccessorImpl.java:62)
	at sun.reflect.DelegatingMethodAccessorImpl.invoke(DelegatingMethodAccessorImpl.java:43)
	at java.lang.reflect.Method.invoke(Method.java:498)
	at org.junit.runners.model.FrameworkMethod$1.runReflectiveCall(FrameworkMethod.java:47)
	at org.junit.internal.runners.model.ReflectiveCallable.run(ReflectiveCallable.java:12)
	at org.junit.runners.model.FrameworkMethod.invokeExplosively(FrameworkMethod.java:44)
	at org.junit.internal.runners.statements.InvokeMethod.evaluate(InvokeMethod.java:17)
	at org.junit.internal.runners.statements.RunBefores.evaluate(RunBefores.java:26)
	at org.junit.internal.runners.statements.RunAfters.evaluate(RunAfters.java:27)
	at org.junit.runners.ParentRunner.runLeaf(ParentRunner.java:271)
	at org.junit.runners.BlockJUnit4ClassRunner.runChild(BlockJUnit4ClassRunner.java:70)
	at org.junit.runners.BlockJUnit4ClassRunner.runChild(BlockJUnit4ClassRunner.java:50)
	at org.junit.runners.ParentRunner$3.run(ParentRunner.java:238)
	at org.junit.runners.ParentRunner$1.schedule(ParentRunner.java:63)
	at org.junit.runners.ParentRunner.runChildren(ParentRunner.java:236)
	at org.junit.runners.ParentRunner.access$000(ParentRunner.java:53)
	at org.junit.runners.ParentRunner$2.evaluate(ParentRunner.java:229)
	at org.junit.runners.ParentRunner.run(ParentRunner.java:309)
	at org.apache.maven.surefire.junit4.JUnit4Provider.execute(JUnit4Provider.java:365)
	at org.apache.maven.surefire.junit4.JUnit4Provider.executeWithRerun(JUnit4Provider.java:273)
	at org.apache.maven.surefire.junit4.JUnit4Provider.executeTestSet(JUnit4Provider.java:238)
	at org.apache.maven.surefire.junit4.JUnit4Provider.invoke(JUnit4Provider.java:159)
	at org.apache.maven.surefire.booter.ForkedBooter.invokeProviderInSameClassLoader(ForkedBooter.java:384)
	at org.apache.maven.surefire.booter.ForkedBooter.runSuitesInProcess(ForkedBooter.java:345)
	at org.apache.maven.surefire.booter.ForkedBooter.execute(ForkedBooter.java:126)
	at org.apache.maven.surefire.booter.ForkedBooter.main(ForkedBooter.java:418)
2019-08-23 10:08:33,466 [main] WARN  io.KeyOutputStream (KeyOutputStream.java:handleException(276)) - Encountered exception java.io.IOException: Unexpected Storage Container Exception: java.io.IOException: Unexpected Storage Container Exception: java.util.concurrent.TimeoutException on the pipeline Pipeline[ Id: 99323ee6-9bff-4c2d-b155-8ba1f51b7164, Nodes: 4d0f799d-93dd-41e2-a20b-564af924474c{ip: 192.168.5.185, host: pr-hdds-1094-w8cgz-2737508714, networkLocation: /default-rack, certSerialId: null}2fab9170-9418-4596-ad4d-318dc3d3daaf{ip: 192.168.5.185, host: pr-hdds-1094-w8cgz-2737508714, networkLocation: /default-rack, certSerialId: null}92769923-cb08-48ca-bcac-59043f9e191a{ip: 192.168.5.185, host: pr-hdds-1094-w8cgz-2737508714, networkLocation: /default-rack, certSerialId: null}, Type:RATIS, Factor:THREE, State:OPEN]. The last committed block length is 400, uncommitted data length is 50 retry count 0
2019-08-23 10:08:33,473 | INFO  | SCMAudit | user=jenkins1000 | ip=192.168.5.185 | op=ALLOCATE_BLOCK {owner=1706333f-c8cf-4a93-a5eb-6f192919b0f9, size=800, type=RATIS, factor=THREE} | ret=SUCCESS |  
2019-08-23 10:08:33,476 | INFO  | OMAudit | user=jenkins1000 | ip=127.0.0.1 | op=ALLOCATE_BLOCK {volume=testblockoutputstream, bucket=testblockoutputstream, key=7bfae16c-0c87-4787-95cb-b1244e8ac75d, dataSize=0, replicationType=null, replicationFactor=null, keyLocationInfo=null, clientID=102665742385414163} | ret=SUCCESS |  
2019-08-23 10:08:33,487 [grpc-default-executor-6] INFO  client.GrpcClientProtocolClient (GrpcClientProtocolClient.java:onNext(255)) - client-81F1346EA40C->94b1aa13-75e5-4c16-a0db-f9a83d869744: receive RaftClientReply:client-81F1346EA40C->94b1aa13-75e5-4c16-a0db-f9a83d869744@group-62B845300AD7, cid=232, FAILED org.apache.ratis.protocol.NotLeaderException: Server 94b1aa13-75e5-4c16-a0db-f9a83d869744 is not the leader (ea014020-99a8-4d4c-8164-e72a7e895f0e:192.168.5.185:34367). Request must be sent to leader., logIndex=0, commits[94b1aa13-75e5-4c16-a0db-f9a83d869744:c0, c5104e55-9930-4334-991a-0509c5a1de9f:c-1, ea014020-99a8-4d4c-8164-e72a7e895f0e:c0]
2019-08-23 10:08:33,655 | INFO  | DNAudit | user=null | ip=null | op=WRITE_CHUNK {blockData=conID: 2 locID: 102665742809366549 bcsId: 0} | ret=SUCCESS |  
2019-08-23 10:08:33,655 | INFO  | DNAudit | user=null | ip=null | op=WRITE_CHUNK {blockData=conID: 2 locID: 102665742809366549 bcsId: 0} | ret=SUCCESS |  
2019-08-23 10:08:33,655 | INFO  | DNAudit | user=null | ip=null | op=WRITE_CHUNK {blockData=conID: 2 locID: 102665742809366549 bcsId: 0} | ret=SUCCESS |  
2019-08-23 10:08:33,656 | INFO  | SCMAudit | user=jenkins1000 | ip=192.168.5.185 | op=SEND_HEARTBEAT {datanodeUUID=c5104e55-9930-4334-991a-0509c5a1de9f, command=[]} | ret=SUCCESS |  
2019-08-23 10:08:33,656 | INFO  | SCMAudit | user=jenkins1000 | ip=192.168.5.185 | op=SEND_HEARTBEAT {datanodeUUID=ea014020-99a8-4d4c-8164-e72a7e895f0e, command=[]} | ret=SUCCESS |  
2019-08-23 10:08:33,656 | INFO  | SCMAudit | user=jenkins1000 | ip=192.168.5.185 | op=SEND_HEARTBEAT {datanodeUUID=94b1aa13-75e5-4c16-a0db-f9a83d869744, command=[]} | ret=SUCCESS |  
2019-08-23 10:08:33,667 | INFO  | DNAudit | user=null | ip=null | op=WRITE_CHUNK {blockData=conID: 2 locID: 102665742809366549 bcsId: 0} | ret=SUCCESS |  
2019-08-23 10:08:33,675 [grpc-default-executor-6] INFO  client.GrpcClientProtocolClient (GrpcClientProtocolClient.java:onNext(255)) - client-81F1346EA40C->ea014020-99a8-4d4c-8164-e72a7e895f0e: receive RaftClientReply:client-81F1346EA40C->ea014020-99a8-4d4c-8164-e72a7e895f0e@group-62B845300AD7, cid=232, SUCCESS, logIndex=1, commits[ea014020-99a8-4d4c-8164-e72a7e895f0e:c1, c5104e55-9930-4334-991a-0509c5a1de9f:c0, 94b1aa13-75e5-4c16-a0db-f9a83d869744:c0]
2019-08-23 10:08:33,692 | INFO  | DNAudit | user=null | ip=null | op=WRITE_CHUNK {blockData=conID: 2 locID: 102665742809366549 bcsId: 0} | ret=SUCCESS |  
2019-08-23 10:08:33,693 | INFO  | DNAudit | user=null | ip=null | op=WRITE_CHUNK {blockData=conID: 2 locID: 102665742809366549 bcsId: 0} | ret=SUCCESS |  
2019-08-23 10:08:33,732 | INFO  | DNAudit | user=null | ip=null | op=PUT_BLOCK {blockData=[blockId=conID: 2 locID: 102665742809366549 bcsId: 0,size=50]} | ret=SUCCESS |  
2019-08-23 10:08:33,736 [grpc-default-executor-8] INFO  client.GrpcClientProtocolClient (GrpcClientProtocolClient.java:onNext(255)) - client-81F1346EA40C->ea014020-99a8-4d4c-8164-e72a7e895f0e: receive RaftClientReply:client-81F1346EA40C->ea014020-99a8-4d4c-8164-e72a7e895f0e@group-62B845300AD7, cid=233, SUCCESS, logIndex=3, commits[ea014020-99a8-4d4c-8164-e72a7e895f0e:c4, c5104e55-9930-4334-991a-0509c5a1de9f:c3, 94b1aa13-75e5-4c16-a0db-f9a83d869744:c3]
2019-08-23 10:08:33,737 [main] INFO  ozone.MiniOzoneClusterImpl (MiniOzoneClusterImpl.java:shutdown(321)) - Shutting down the Mini Ozone Cluster
2019-08-23 10:08:33,737 | INFO  | SCMAudit | user=null | ip=null | op=GET_SCM_INFO null | ret=SUCCESS |  
2019-08-23 10:08:33,737 [main] INFO  ozone.MiniOzoneClusterImpl (MiniOzoneClusterImpl.java:stop(336)) - Stopping the Mini Ozone Cluster
2019-08-23 10:08:33,738 [main] INFO  ozone.MiniOzoneClusterImpl (MiniOzoneClusterImpl.java:stop(338)) - Stopping the OzoneManager
2019-08-23 10:08:33,738 [main] INFO  ipc.Server (Server.java:stop(3082)) - Stopping server on 34555
2019-08-23 10:08:33,749 [IPC Server listener on 34555] INFO  ipc.Server (Server.java:run(1185)) - Stopping IPC Server listener on 34555
2019-08-23 10:08:33,752 [main] INFO  ratis.OzoneManagerDoubleBuffer (OzoneManagerDoubleBuffer.java:stop(248)) - Stopping OMDoubleBuffer flush thread
2019-08-23 10:08:33,752 [IPC Server Responder] INFO  ipc.Server (Server.java:run(1319)) - Stopping IPC Server Responder
2019-08-23 10:08:33,759 [OMDoubleBufferFlushThread] INFO  ratis.OzoneManagerDoubleBuffer (OzoneManagerDoubleBuffer.java:flushTransactions(191)) - OMDoubleBuffer flush thread OMDoubleBufferFlushThread is interrupted and will exit. OMDoubleBufferFlushThread
2019-08-23 10:08:33,769 [main] INFO  utils.BackgroundService (BackgroundService.java:shutdown(148)) - Shutting down service KeyDeletingService
2019-08-23 10:08:33,784 [main] INFO  handler.ContextHandler (ContextHandler.java:doStop(910)) - Stopped o.e.j.w.WebAppContext@4cd3e2f3{/,null,UNAVAILABLE}{/ozoneManager}
2019-08-23 10:08:33,785 [main] INFO  server.AbstractConnector (AbstractConnector.java:doStop(318)) - Stopped ServerConnector@10e5471d{HTTP/1.1,[http/1.1]}{0.0.0.0:0}
2019-08-23 10:08:33,785 [main] INFO  handler.ContextHandler (ContextHandler.java:doStop(910)) - Stopped o.e.j.s.ServletContextHandler@7b7695f{/static,file:///workdir/hadoop-ozone/integration-test/target/test-classes/webapps/static,UNAVAILABLE}
2019-08-23 10:08:33,785 [main] INFO  handler.ContextHandler (ContextHandler.java:doStop(910)) - Stopped o.e.j.s.ServletContextHandler@776eedad{/logs,file:///workdir/hadoop-ozone/integration-test/target/log,UNAVAILABLE}
2019-08-23 10:08:33,788 [main] INFO  ozone.MiniOzoneClusterImpl (MiniOzoneClusterImpl.java:stop(344)) - Shutting the HddsDatanodes
2019-08-23 10:08:33,789 [main] INFO  datanode.ObjectStoreHandler (ObjectStoreHandler.java:close(155)) - Closing ObjectStoreHandler.
2019-08-23 10:08:33,789 [ForkJoinPool.commonPool-worker-1] INFO  datanode.ObjectStoreHandler (ObjectStoreHandler.java:close(155)) - Closing ObjectStoreHandler.
2019-08-23 10:08:33,789 [main] INFO  ozone.HddsDatanodeService (HddsDatanodeService.java:stop(451)) - Stopped plug-in org.apache.hadoop.ozone.web.OzoneHddsDatanodeService@56d9bc5f
2019-08-23 10:08:33,789 [ForkJoinPool.commonPool-worker-1] INFO  ozone.HddsDatanodeService (HddsDatanodeService.java:stop(451)) - Stopped plug-in org.apache.hadoop.ozone.web.OzoneHddsDatanodeService@757b8c47
2019-08-23 10:08:33,821 | INFO  | DNAudit | user=null | ip=null | op=PUT_BLOCK {blockData=[blockId=conID: 2 locID: 102665742809366549 bcsId: 0,size=50]} | ret=SUCCESS |  
2019-08-23 10:08:33,883 | INFO  | DNAudit | user=null | ip=null | op=PUT_BLOCK {blockData=[blockId=conID: 2 locID: 102665742809366549 bcsId: 0,size=50]} | ret=SUCCESS |  
2019-08-23 10:08:33,950 | INFO  | SCMAudit | user=jenkins1000 | ip=192.168.5.185 | op=SEND_HEARTBEAT {datanodeUUID=96496dd4-7d5d-446d-98dc-dd809537dce1, command=[]} | ret=SUCCESS |  
2019-08-23 10:08:33,976 | INFO  | DNAudit | user=null | ip=null | op=PUT_BLOCK {blockData=[blockId=conID: 1 locID: 102665742385479700 bcsId: 0,size=450]} | ret=SUCCESS |  
2019-08-23 10:08:33,976 | INFO  | DNAudit | user=null | ip=null | op=PUT_BLOCK {blockData=[blockId=conID: 1 locID: 102665742385479700 bcsId: 0,size=450]} | ret=SUCCESS |  
2019-08-23 10:08:33,979 [grpc-default-executor-6] INFO  client.GrpcClientProtocolClient (GrpcClientProtocolClient.java:onNext(255)) - client-3673EAD6A027->4d0f799d-93dd-41e2-a20b-564af924474c: receive RaftClientReply:client-3673EAD6A027->4d0f799d-93dd-41e2-a20b-564af924474c@group-8BA1F51B7164, cid=231, SUCCESS, logIndex=0, commits[4d0f799d-93dd-41e2-a20b-564af924474c:c16, 92769923-cb08-48ca-bcac-59043f9e191a:c16, 2fab9170-9418-4596-ad4d-318dc3d3daaf:c13]
2019-08-23 10:08:33,980 [grpc-default-executor-6] INFO  client.GrpcClientProtocolClient (GrpcClientProtocolClient.java:onNext(255)) - client-3673EAD6A027->4d0f799d-93dd-41e2-a20b-564af924474c: receive RaftClientReply:client-3673EAD6A027->4d0f799d-93dd-41e2-a20b-564af924474c@group-8BA1F51B7164, cid=230, SUCCESS, logIndex=0, commits[4d0f799d-93dd-41e2-a20b-564af924474c:c16, 92769923-cb08-48ca-bcac-59043f9e191a:c16, 2fab9170-9418-4596-ad4d-318dc3d3daaf:c16]
2019-08-23 10:08:34,239 [Datanode State Machine Thread - 0] INFO  statemachine.DatanodeStateMachine (DatanodeStateMachine.java:lambda$startDaemon$0(350)) - Ozone container server started.
2019-08-23 10:08:34,239 | INFO  | SCMAudit | user=jenkins1000 | ip=192.168.5.185 | op=SEND_HEARTBEAT {datanodeUUID=4d0f799d-93dd-41e2-a20b-564af924474c, command=[]} | ret=SUCCESS |  
2019-08-23 10:08:34,239 | INFO  | SCMAudit | user=jenkins1000 | ip=192.168.5.185 | op=SEND_HEARTBEAT {datanodeUUID=2fab9170-9418-4596-ad4d-318dc3d3daaf, command=[]} | ret=SUCCESS |  
2019-08-23 10:08:34,654 [Datanode State Machine Thread - 0] INFO  statemachine.DatanodeStateMachine (DatanodeStateMachine.java:lambda$startDaemon$0(350)) - Ozone container server started.
2019-08-23 10:08:34,655 | INFO  | SCMAudit | user=jenkins1000 | ip=192.168.5.185 | op=SEND_HEARTBEAT {datanodeUUID=94b1aa13-75e5-4c16-a0db-f9a83d869744, command=[]} | ret=SUCCESS |  
2019-08-23 10:08:34,655 | INFO  | SCMAudit | user=jenkins1000 | ip=192.168.5.185 | op=SEND_HEARTBEAT {datanodeUUID=c5104e55-9930-4334-991a-0509c5a1de9f, command=[]} | ret=SUCCESS |  
2019-08-23 10:08:34,950 | INFO  | SCMAudit | user=jenkins1000 | ip=192.168.5.185 | op=SEND_HEARTBEAT {datanodeUUID=96496dd4-7d5d-446d-98dc-dd809537dce1, command=[]} | ret=SUCCESS |  
2019-08-23 10:08:35,239 | INFO  | SCMAudit | user=jenkins1000 | ip=192.168.5.185 | op=SEND_HEARTBEAT {datanodeUUID=4d0f799d-93dd-41e2-a20b-564af924474c, command=[]} | ret=SUCCESS |  
2019-08-23 10:08:35,239 | INFO  | SCMAudit | user=jenkins1000 | ip=192.168.5.185 | op=SEND_HEARTBEAT {datanodeUUID=2fab9170-9418-4596-ad4d-318dc3d3daaf, command=[]} | ret=SUCCESS |  
2019-08-23 10:08:35,655 | INFO  | SCMAudit | user=jenkins1000 | ip=192.168.5.185 | op=SEND_HEARTBEAT {datanodeUUID=c5104e55-9930-4334-991a-0509c5a1de9f, command=[]} | ret=SUCCESS |  
2019-08-23 10:08:35,655 | INFO  | SCMAudit | user=jenkins1000 | ip=192.168.5.185 | op=SEND_HEARTBEAT {datanodeUUID=94b1aa13-75e5-4c16-a0db-f9a83d869744, command=[]} | ret=SUCCESS |  
2019-08-23 10:08:35,950 | INFO  | SCMAudit | user=jenkins1000 | ip=192.168.5.185 | op=SEND_HEARTBEAT {datanodeUUID=96496dd4-7d5d-446d-98dc-dd809537dce1, command=[]} | ret=SUCCESS |  
2019-08-23 10:08:36,240 | INFO  | SCMAudit | user=jenkins1000 | ip=192.168.5.185 | op=SEND_HEARTBEAT {datanodeUUID=2fab9170-9418-4596-ad4d-318dc3d3daaf, command=[]} | ret=SUCCESS |  
2019-08-23 10:08:36,240 | INFO  | SCMAudit | user=jenkins1000 | ip=192.168.5.185 | op=SEND_HEARTBEAT {datanodeUUID=4d0f799d-93dd-41e2-a20b-564af924474c, command=[]} | ret=SUCCESS |  
2019-08-23 10:08:36,655 | INFO  | SCMAudit | user=jenkins1000 | ip=192.168.5.185 | op=SEND_HEARTBEAT {datanodeUUID=c5104e55-9930-4334-991a-0509c5a1de9f, command=[]} | ret=SUCCESS |  
2019-08-23 10:08:36,655 | INFO  | SCMAudit | user=jenkins1000 | ip=192.168.5.185 | op=SEND_HEARTBEAT {datanodeUUID=94b1aa13-75e5-4c16-a0db-f9a83d869744, command=[]} | ret=SUCCESS |  
2019-08-23 10:08:36,950 | INFO  | SCMAudit | user=jenkins1000 | ip=192.168.5.185 | op=SEND_HEARTBEAT {datanodeUUID=96496dd4-7d5d-446d-98dc-dd809537dce1, command=[]} | ret=SUCCESS |  
2019-08-23 10:08:37,240 | INFO  | SCMAudit | user=jenkins1000 | ip=192.168.5.185 | op=SEND_HEARTBEAT {datanodeUUID=4d0f799d-93dd-41e2-a20b-564af924474c, command=[]} | ret=SUCCESS |  
2019-08-23 10:08:37,240 | INFO  | SCMAudit | user=jenkins1000 | ip=192.168.5.185 | op=SEND_HEARTBEAT {datanodeUUID=2fab9170-9418-4596-ad4d-318dc3d3daaf, command=[]} | ret=SUCCESS |  
2019-08-23 10:08:37,655 | INFO  | SCMAudit | user=jenkins1000 | ip=192.168.5.185 | op=SEND_HEARTBEAT {datanodeUUID=c5104e55-9930-4334-991a-0509c5a1de9f, command=[]} | ret=SUCCESS |  
2019-08-23 10:08:37,656 | INFO  | SCMAudit | user=jenkins1000 | ip=192.168.5.185 | op=SEND_HEARTBEAT {datanodeUUID=94b1aa13-75e5-4c16-a0db-f9a83d869744, command=[]} | ret=SUCCESS |  
2019-08-23 10:08:37,950 | INFO  | SCMAudit | user=jenkins1000 | ip=192.168.5.185 | op=SEND_HEARTBEAT {datanodeUUID=96496dd4-7d5d-446d-98dc-dd809537dce1, command=[]} | ret=SUCCESS |  
2019-08-23 10:08:38,240 | INFO  | SCMAudit | user=jenkins1000 | ip=192.168.5.185 | op=SEND_HEARTBEAT {datanodeUUID=4d0f799d-93dd-41e2-a20b-564af924474c, command=[]} | ret=SUCCESS |  
2019-08-23 10:08:38,240 | INFO  | SCMAudit | user=jenkins1000 | ip=192.168.5.185 | op=SEND_HEARTBEAT {datanodeUUID=2fab9170-9418-4596-ad4d-318dc3d3daaf, command=[]} | ret=SUCCESS |  
2019-08-23 10:08:38,266 [EventQueue-StaleNodeForStaleNodeHandler] INFO  node.StaleNodeHandler (StaleNodeHandler.java:onMessage(58)) - Datanode 92769923-cb08-48ca-bcac-59043f9e191a{ip: 192.168.5.185, host: pr-hdds-1094-w8cgz-2737508714, networkLocation: /default-rack, certSerialId: null} moved to stale state. Finalizing its pipelines [PipelineID=5bf2451d-d108-4c7f-b4f4-3b7fd8719e34, PipelineID=99323ee6-9bff-4c2d-b155-8ba1f51b7164]
2019-08-23 10:08:38,266 [EventQueue-StaleNodeForStaleNodeHandler] INFO  pipeline.SCMPipelineManager (SCMPipelineManager.java:finalizeAndDestroyPipeline(309)) - destroying pipeline:Pipeline[ Id: 5bf2451d-d108-4c7f-b4f4-3b7fd8719e34, Nodes: 92769923-cb08-48ca-bcac-59043f9e191a{ip: 192.168.5.185, host: pr-hdds-1094-w8cgz-2737508714, networkLocation: /default-rack, certSerialId: null}, Type:RATIS, Factor:ONE, State:OPEN]
2019-08-23 10:08:38,266 [EventQueue-StaleNodeForStaleNodeHandler] INFO  pipeline.PipelineStateManager (PipelineStateManager.java:finalizePipeline(123)) - Pipeline Pipeline[ Id: 5bf2451d-d108-4c7f-b4f4-3b7fd8719e34, Nodes: 92769923-cb08-48ca-bcac-59043f9e191a{ip: 192.168.5.185, host: pr-hdds-1094-w8cgz-2737508714, networkLocation: /default-rack, certSerialId: null}, Type:RATIS, Factor:ONE, State:CLOSED] moved to CLOSED state
2019-08-23 10:08:38,266 [EventQueue-StaleNodeForStaleNodeHandler] INFO  pipeline.SCMPipelineManager (SCMPipelineManager.java:finalizeAndDestroyPipeline(309)) - destroying pipeline:Pipeline[ Id: 99323ee6-9bff-4c2d-b155-8ba1f51b7164, Nodes: 4d0f799d-93dd-41e2-a20b-564af924474c{ip: 192.168.5.185, host: pr-hdds-1094-w8cgz-2737508714, networkLocation: /default-rack, certSerialId: null}2fab9170-9418-4596-ad4d-318dc3d3daaf{ip: 192.168.5.185, host: pr-hdds-1094-w8cgz-2737508714, networkLocation: /default-rack, certSerialId: null}92769923-cb08-48ca-bcac-59043f9e191a{ip: 192.168.5.185, host: pr-hdds-1094-w8cgz-2737508714, networkLocation: /default-rack, certSerialId: null}, Type:RATIS, Factor:THREE, State:OPEN]
2019-08-23 10:08:38,267 [EventQueue-StaleNodeForStaleNodeHandler] INFO  pipeline.PipelineStateManager (PipelineStateManager.java:finalizePipeline(123)) - Pipeline Pipeline[ Id: 99323ee6-9bff-4c2d-b155-8ba1f51b7164, Nodes: 4d0f799d-93dd-41e2-a20b-564af924474c{ip: 192.168.5.185, host: pr-hdds-1094-w8cgz-2737508714, networkLocation: /default-rack, certSerialId: null}2fab9170-9418-4596-ad4d-318dc3d3daaf{ip: 192.168.5.185, host: pr-hdds-1094-w8cgz-2737508714, networkLocation: /default-rack, certSerialId: null}92769923-cb08-48ca-bcac-59043f9e191a{ip: 192.168.5.185, host: pr-hdds-1094-w8cgz-2737508714, networkLocation: /default-rack, certSerialId: null}, Type:RATIS, Factor:THREE, State:CLOSED] moved to CLOSED state
2019-08-23 10:08:38,267 [EventQueue-CloseContainerForCloseContainerEventHandler] INFO  container.CloseContainerEventHandler (CloseContainerEventHandler.java:onMessage(61)) - Close container Event triggered for container : #1
2019-08-23 10:08:38,655 | INFO  | SCMAudit | user=jenkins1000 | ip=192.168.5.185 | op=SEND_HEARTBEAT {datanodeUUID=c5104e55-9930-4334-991a-0509c5a1de9f, command=[]} | ret=SUCCESS |  
2019-08-23 10:08:38,657 | INFO  | SCMAudit | user=jenkins1000 | ip=192.168.5.185 | op=SEND_HEARTBEAT {datanodeUUID=94b1aa13-75e5-4c16-a0db-f9a83d869744, command=[]} | ret=SUCCESS |  
2019-08-23 10:08:38,666 [EventQueue-StaleNodeForStaleNodeHandler] INFO  node.StaleNodeHandler (StaleNodeHandler.java:onMessage(58)) - Datanode ea014020-99a8-4d4c-8164-e72a7e895f0e{ip: 192.168.5.185, host: pr-hdds-1094-w8cgz-2737508714, networkLocation: /default-rack, certSerialId: null} moved to stale state. Finalizing its pipelines [PipelineID=24a7c382-dd7d-4f6b-8fc8-62b845300ad7, PipelineID=7d5848c4-bad7-45d4-8b46-1c9c80465146]
2019-08-23 10:08:38,666 [EventQueue-StaleNodeForStaleNodeHandler] INFO  pipeline.SCMPipelineManager (SCMPipelineManager.java:finalizeAndDestroyPipeline(309)) - destroying pipeline:Pipeline[ Id: 24a7c382-dd7d-4f6b-8fc8-62b845300ad7, Nodes: 94b1aa13-75e5-4c16-a0db-f9a83d869744{ip: 192.168.5.185, host: pr-hdds-1094-w8cgz-2737508714, networkLocation: /default-rack, certSerialId: null}c5104e55-9930-4334-991a-0509c5a1de9f{ip: 192.168.5.185, host: pr-hdds-1094-w8cgz-2737508714, networkLocation: /default-rack, certSerialId: null}ea014020-99a8-4d4c-8164-e72a7e895f0e{ip: 192.168.5.185, host: pr-hdds-1094-w8cgz-2737508714, networkLocation: /default-rack, certSerialId: null}, Type:RATIS, Factor:THREE, State:OPEN]
2019-08-23 10:08:38,666 [EventQueue-StaleNodeForStaleNodeHandler] INFO  pipeline.PipelineStateManager (PipelineStateManager.java:finalizePipeline(123)) - Pipeline Pipeline[ Id: 24a7c382-dd7d-4f6b-8fc8-62b845300ad7, Nodes: 94b1aa13-75e5-4c16-a0db-f9a83d869744{ip: 192.168.5.185, host: pr-hdds-1094-w8cgz-2737508714, networkLocation: /default-rack, certSerialId: null}c5104e55-9930-4334-991a-0509c5a1de9f{ip: 192.168.5.185, host: pr-hdds-1094-w8cgz-2737508714, networkLocation: /default-rack, certSerialId: null}ea014020-99a8-4d4c-8164-e72a7e895f0e{ip: 192.168.5.185, host: pr-hdds-1094-w8cgz-2737508714, networkLocation: /default-rack, certSerialId: null}, Type:RATIS, Factor:THREE, State:CLOSED] moved to CLOSED state
2019-08-23 10:08:38,667 [EventQueue-CloseContainerForCloseContainerEventHandler] INFO  container.CloseContainerEventHandler (CloseContainerEventHandler.java:onMessage(61)) - Close container Event triggered for container : #2
2019-08-23 10:08:38,667 [EventQueue-StaleNodeForStaleNodeHandler] INFO  pipeline.SCMPipelineManager (SCMPipelineManager.java:finalizeAndDestroyPipeline(309)) - destroying pipeline:Pipeline[ Id: 7d5848c4-bad7-45d4-8b46-1c9c80465146, Nodes: ea014020-99a8-4d4c-8164-e72a7e895f0e{ip: 192.168.5.185, host: pr-hdds-1094-w8cgz-2737508714, networkLocation: /default-rack, certSerialId: null}, Type:RATIS, Factor:ONE, State:OPEN]
2019-08-23 10:08:38,667 [EventQueue-StaleNodeForStaleNodeHandler] INFO  pipeline.PipelineStateManager (PipelineStateManager.java:finalizePipeline(123)) - Pipeline Pipeline[ Id: 7d5848c4-bad7-45d4-8b46-1c9c80465146, Nodes: ea014020-99a8-4d4c-8164-e72a7e895f0e{ip: 192.168.5.185, host: pr-hdds-1094-w8cgz-2737508714, networkLocation: /default-rack, certSerialId: null}, Type:RATIS, Factor:ONE, State:CLOSED] moved to CLOSED state
2019-08-23 10:08:38,790 [main] INFO  ozoneimpl.OzoneContainer (OzoneContainer.java:stop(199)) - Attempting to stop container services.
2019-08-23 10:08:38,790 [ForkJoinPool.commonPool-worker-1] INFO  ozoneimpl.OzoneContainer (OzoneContainer.java:stop(199)) - Attempting to stop container services.
2019-08-23 10:08:38,791 [main] INFO  impl.RaftServerProxy (RaftServerProxy.java:lambda$close$4(314)) - ea014020-99a8-4d4c-8164-e72a7e895f0e: close
2019-08-23 10:08:38,791 [ForkJoinPool.commonPool-worker-1] INFO  impl.RaftServerProxy (RaftServerProxy.java:lambda$close$4(314)) - 92769923-cb08-48ca-bcac-59043f9e191a: close
2019-08-23 10:08:38,791 [main] INFO  impl.RaftServerImpl (RaftServerImpl.java:lambda$shutdown$3(245)) - ea014020-99a8-4d4c-8164-e72a7e895f0e: shutdown group-62B845300AD7
2019-08-23 10:08:38,791 [ForkJoinPool.commonPool-worker-1] INFO  impl.RaftServerImpl (RaftServerImpl.java:lambda$shutdown$3(245)) - 92769923-cb08-48ca-bcac-59043f9e191a: shutdown group-3B7FD8719E34
2019-08-23 10:08:38,792 [main] INFO  util.JmxRegister (JmxRegister.java:unregister(73)) - Successfully un-registered JMX Bean with object name Ratis:service=RaftServer,group=group-62B845300AD7,id=ea014020-99a8-4d4c-8164-e72a7e895f0e
2019-08-23 10:08:38,792 [main] INFO  impl.RoleInfo (RoleInfo.java:shutdownLeaderState(104)) - ea014020-99a8-4d4c-8164-e72a7e895f0e: shutdown LeaderState
2019-08-23 10:08:38,792 [ForkJoinPool.commonPool-worker-1] INFO  util.JmxRegister (JmxRegister.java:unregister(73)) - Successfully un-registered JMX Bean with object name Ratis:service=RaftServer,group=group-3B7FD8719E34,id=92769923-cb08-48ca-bcac-59043f9e191a
2019-08-23 10:08:38,797 [org.apache.ratis.server.impl.LogAppender$AppenderDaemon$$Lambda$482/1532957749@4b416bf5] WARN  server.GrpcLogAppender (GrpcLogAppender.java:mayWait(143)) - GrpcLogAppender(ea014020-99a8-4d4c-8164-e72a7e895f0e->94b1aa13-75e5-4c16-a0db-f9a83d869744): Wait interrupted by java.lang.InterruptedException
2019-08-23 10:08:38,797 [org.apache.ratis.server.impl.LogAppender$AppenderDaemon$$Lambda$482/1532957749@e43f459] WARN  server.GrpcLogAppender (GrpcLogAppender.java:mayWait(143)) - GrpcLogAppender(ea014020-99a8-4d4c-8164-e72a7e895f0e->c5104e55-9930-4334-991a-0509c5a1de9f): Wait interrupted by java.lang.InterruptedException
2019-08-23 10:08:38,797 [main] INFO  impl.PendingRequests (PendingRequests.java:sendNotLeaderResponses(202)) - ea014020-99a8-4d4c-8164-e72a7e895f0e-PendingRequests: sendNotLeaderResponses
2019-08-23 10:08:38,798 [grpc-default-executor-6] INFO  server.GrpcServerProtocolService (GrpcServerProtocolService.java:onCompleted(104)) - c5104e55-9930-4334-991a-0509c5a1de9f: appendEntries completed
2019-08-23 10:08:38,798 [grpc-default-executor-8] INFO  server.GrpcServerProtocolService (GrpcServerProtocolService.java:onCompleted(104)) - 94b1aa13-75e5-4c16-a0db-f9a83d869744: appendEntries completed
2019-08-23 10:08:38,797 [ForkJoinPool.commonPool-worker-1] INFO  impl.RoleInfo (RoleInfo.java:shutdownLeaderState(104)) - 92769923-cb08-48ca-bcac-59043f9e191a: shutdown LeaderState
2019-08-23 10:08:38,802 [grpc-default-executor-8] INFO  server.GrpcLogAppender (GrpcLogAppender.java:onCompleted(292)) - ea014020-99a8-4d4c-8164-e72a7e895f0e->c5104e55-9930-4334-991a-0509c5a1de9f: follower responses appendEntries COMPLETED
2019-08-23 10:08:38,801 [StateMachineUpdater:ea014020-99a8-4d4c-8164-e72a7e895f0e:group-62B845300AD7] INFO  ratis.ContainerStateMachine (ContainerStateMachine.java:takeSnapshot(283)) - group-62B845300AD7: Taking a snapshot at:(t:1, i:4) file /workdir/hadoop-ozone/integration-test/target/test-dir/MiniOzoneClusterImpl-ce471ee4-c249-4497-9e9a-3bbe536c2c9a/datanode-4/data/ratis/24a7c382-dd7d-4f6b-8fc8-62b845300ad7/sm/snapshot.1_4
2019-08-23 10:08:38,801 [main] INFO  impl.StateMachineUpdater (StateMachineUpdater.java:stopAndJoin(115)) - StateMachineUpdater:ea014020-99a8-4d4c-8164-e72a7e895f0e:group-62B845300AD7: set stopIndex = 4
2019-08-23 10:08:38,802 [grpc-default-executor-8] INFO  impl.FollowerInfo (FollowerInfo.java:lambda$new$0(50)) - ea014020-99a8-4d4c-8164-e72a7e895f0e->c5104e55-9930-4334-991a-0509c5a1de9f: nextIndex: updateUnconditionally 5 -> 4
2019-08-23 10:08:38,802 [grpc-default-executor-7] INFO  server.GrpcLogAppender (GrpcLogAppender.java:onCompleted(292)) - ea014020-99a8-4d4c-8164-e72a7e895f0e->94b1aa13-75e5-4c16-a0db-f9a83d869744: follower responses appendEntries COMPLETED
2019-08-23 10:08:38,802 [ForkJoinPool.commonPool-worker-1] INFO  impl.PendingRequests (PendingRequests.java:sendNotLeaderResponses(202)) - 92769923-cb08-48ca-bcac-59043f9e191a-PendingRequests: sendNotLeaderResponses
2019-08-23 10:08:38,803 [grpc-default-executor-7] INFO  impl.FollowerInfo (FollowerInfo.java:lambda$new$0(50)) - ea014020-99a8-4d4c-8164-e72a7e895f0e->94b1aa13-75e5-4c16-a0db-f9a83d869744: nextIndex: updateUnconditionally 5 -> 4
2019-08-23 10:08:38,803 [ForkJoinPool.commonPool-worker-1] INFO  impl.StateMachineUpdater (StateMachineUpdater.java:stopAndJoin(115)) - StateMachineUpdater:92769923-cb08-48ca-bcac-59043f9e191a:group-3B7FD8719E34: set stopIndex = 0
2019-08-23 10:08:38,804 [ForkJoinPool.commonPool-worker-1] INFO  impl.RaftServerImpl (ServerState.java:close(394)) - 92769923-cb08-48ca-bcac-59043f9e191a:group-3B7FD8719E34 closes. The last applied log index is 0
2019-08-23 10:08:38,804 [92769923-cb08-48ca-bcac-59043f9e191a-SegmentedRaftLogWorker:Storage Directory /workdir/hadoop-ozone/integration-test/target/test-dir/MiniOzoneClusterImpl-ce471ee4-c249-4497-9e9a-3bbe536c2c9a/datanode-1/data/ratis/5bf2451d-d108-4c7f-b4f4-3b7fd8719e34] INFO  segmented.SegmentedRaftLogWorker (SegmentedRaftLogWorker.java:run(313)) - 92769923-cb08-48ca-bcac-59043f9e191a-SegmentedRaftLogWorker:Storage Directory /workdir/hadoop-ozone/integration-test/target/test-dir/MiniOzoneClusterImpl-ce471ee4-c249-4497-9e9a-3bbe536c2c9a/datanode-1/data/ratis/5bf2451d-d108-4c7f-b4f4-3b7fd8719e34 was interrupted, exiting. There are 0 tasks remaining in the queue.
2019-08-23 10:08:38,806 [ForkJoinPool.commonPool-worker-1] INFO  segmented.SegmentedRaftLogWorker (SegmentedRaftLogWorker.java:close(228)) - 92769923-cb08-48ca-bcac-59043f9e191a-SegmentedRaftLogWorker:Storage Directory /workdir/hadoop-ozone/integration-test/target/test-dir/MiniOzoneClusterImpl-ce471ee4-c249-4497-9e9a-3bbe536c2c9a/datanode-1/data/ratis/5bf2451d-d108-4c7f-b4f4-3b7fd8719e34 close()
2019-08-23 10:08:38,809 [ForkJoinPool.commonPool-worker-1] INFO  impl.RaftServerImpl (RaftServerImpl.java:lambda$shutdown$3(245)) - 92769923-cb08-48ca-bcac-59043f9e191a: shutdown group-8BA1F51B7164
2019-08-23 10:08:38,809 [ForkJoinPool.commonPool-worker-1] INFO  util.JmxRegister (JmxRegister.java:unregister(73)) - Successfully un-registered JMX Bean with object name Ratis:service=RaftServer,group=group-8BA1F51B7164,id=92769923-cb08-48ca-bcac-59043f9e191a
2019-08-23 10:08:38,809 [ForkJoinPool.commonPool-worker-1] INFO  impl.RoleInfo (RoleInfo.java:shutdownFollowerState(121)) - 92769923-cb08-48ca-bcac-59043f9e191a: shutdown FollowerState
2019-08-23 10:08:38,809 [ForkJoinPool.commonPool-worker-1] INFO  impl.StateMachineUpdater (StateMachineUpdater.java:stopAndJoin(115)) - StateMachineUpdater:92769923-cb08-48ca-bcac-59043f9e191a:group-8BA1F51B7164: set stopIndex = 16
2019-08-23 10:08:38,809 [Thread-4248] INFO  impl.FollowerState (FollowerState.java:run(114)) - 92769923-cb08-48ca-bcac-59043f9e191a: FollowerState was interrupted: java.lang.InterruptedException: sleep interrupted
2019-08-23 10:08:38,809 [StateMachineUpdater:92769923-cb08-48ca-bcac-59043f9e191a:group-8BA1F51B7164] INFO  ratis.ContainerStateMachine (ContainerStateMachine.java:takeSnapshot(283)) - group-8BA1F51B7164: Taking a snapshot at:(t:1, i:16) file /workdir/hadoop-ozone/integration-test/target/test-dir/MiniOzoneClusterImpl-ce471ee4-c249-4497-9e9a-3bbe536c2c9a/datanode-1/data/ratis/99323ee6-9bff-4c2d-b155-8ba1f51b7164/sm/snapshot.1_16
2019-08-23 10:08:38,828 [StateMachineUpdater:92769923-cb08-48ca-bcac-59043f9e191a:group-8BA1F51B7164] INFO  ratis.ContainerStateMachine (ContainerStateMachine.java:takeSnapshot(294)) - group-8BA1F51B7164: Finished taking a snapshot at:(t:1, i:16) file:/workdir/hadoop-ozone/integration-test/target/test-dir/MiniOzoneClusterImpl-ce471ee4-c249-4497-9e9a-3bbe536c2c9a/datanode-1/data/ratis/99323ee6-9bff-4c2d-b155-8ba1f51b7164/sm/snapshot.1_16 time:19
2019-08-23 10:08:38,828 [StateMachineUpdater:ea014020-99a8-4d4c-8164-e72a7e895f0e:group-62B845300AD7] INFO  ratis.ContainerStateMachine (ContainerStateMachine.java:takeSnapshot(294)) - group-62B845300AD7: Finished taking a snapshot at:(t:1, i:4) file:/workdir/hadoop-ozone/integration-test/target/test-dir/MiniOzoneClusterImpl-ce471ee4-c249-4497-9e9a-3bbe536c2c9a/datanode-4/data/ratis/24a7c382-dd7d-4f6b-8fc8-62b845300ad7/sm/snapshot.1_4 time:27
2019-08-23 10:08:38,828 [StateMachineUpdater:92769923-cb08-48ca-bcac-59043f9e191a:group-8BA1F51B7164] INFO  impl.StateMachineUpdater (StateMachineUpdater.java:takeSnapshot(242)) - StateMachineUpdater:92769923-cb08-48ca-bcac-59043f9e191a:group-8BA1F51B7164: Took a snapshot at index 16
2019-08-23 10:08:38,828 [StateMachineUpdater:ea014020-99a8-4d4c-8164-e72a7e895f0e:group-62B845300AD7] INFO  impl.StateMachineUpdater (StateMachineUpdater.java:takeSnapshot(242)) - StateMachineUpdater:ea014020-99a8-4d4c-8164-e72a7e895f0e:group-62B845300AD7: Took a snapshot at index 4
2019-08-23 10:08:38,828 [StateMachineUpdater:92769923-cb08-48ca-bcac-59043f9e191a:group-8BA1F51B7164] INFO  impl.StateMachineUpdater (StateMachineUpdater.java:lambda$new$0(80)) - StateMachineUpdater:92769923-cb08-48ca-bcac-59043f9e191a:group-8BA1F51B7164: snapshotIndex: updateIncreasingly -1 -> 16
2019-08-23 10:08:38,828 [StateMachineUpdater:ea014020-99a8-4d4c-8164-e72a7e895f0e:group-62B845300AD7] INFO  impl.StateMachineUpdater (StateMachineUpdater.java:lambda$new$0(80)) - StateMachineUpdater:ea014020-99a8-4d4c-8164-e72a7e895f0e:group-62B845300AD7: snapshotIndex: updateIncreasingly -1 -> 4
2019-08-23 10:08:38,829 [ForkJoinPool.commonPool-worker-1] INFO  impl.RaftServerImpl (ServerState.java:close(394)) - 92769923-cb08-48ca-bcac-59043f9e191a:group-8BA1F51B7164 closes. The last applied log index is 16
2019-08-23 10:08:38,829 [main] INFO  impl.RaftServerImpl (ServerState.java:close(394)) - ea014020-99a8-4d4c-8164-e72a7e895f0e:group-62B845300AD7 closes. The last applied log index is 4
2019-08-23 10:08:38,829 [92769923-cb08-48ca-bcac-59043f9e191a-SegmentedRaftLogWorker:Storage Directory /workdir/hadoop-ozone/integration-test/target/test-dir/MiniOzoneClusterImpl-ce471ee4-c249-4497-9e9a-3bbe536c2c9a/datanode-1/data/ratis/99323ee6-9bff-4c2d-b155-8ba1f51b7164] INFO  segmented.SegmentedRaftLogWorker (SegmentedRaftLogWorker.java:run(313)) - 92769923-cb08-48ca-bcac-59043f9e191a-SegmentedRaftLogWorker:Storage Directory /workdir/hadoop-ozone/integration-test/target/test-dir/MiniOzoneClusterImpl-ce471ee4-c249-4497-9e9a-3bbe536c2c9a/datanode-1/data/ratis/99323ee6-9bff-4c2d-b155-8ba1f51b7164 was interrupted, exiting. There are 0 tasks remaining in the queue.
2019-08-23 10:08:38,830 [ea014020-99a8-4d4c-8164-e72a7e895f0e-SegmentedRaftLogWorker:Storage Directory /workdir/hadoop-ozone/integration-test/target/test-dir/MiniOzoneClusterImpl-ce471ee4-c249-4497-9e9a-3bbe536c2c9a/datanode-4/data/ratis/24a7c382-dd7d-4f6b-8fc8-62b845300ad7] INFO  segmented.SegmentedRaftLogWorker (SegmentedRaftLogWorker.java:run(313)) - ea014020-99a8-4d4c-8164-e72a7e895f0e-SegmentedRaftLogWorker:Storage Directory /workdir/hadoop-ozone/integration-test/target/test-dir/MiniOzoneClusterImpl-ce471ee4-c249-4497-9e9a-3bbe536c2c9a/datanode-4/data/ratis/24a7c382-dd7d-4f6b-8fc8-62b845300ad7 was interrupted, exiting. There are 0 tasks remaining in the queue.
2019-08-23 10:08:38,834 [ForkJoinPool.commonPool-worker-1] INFO  segmented.SegmentedRaftLogWorker (SegmentedRaftLogWorker.java:close(228)) - 92769923-cb08-48ca-bcac-59043f9e191a-SegmentedRaftLogWorker:Storage Directory /workdir/hadoop-ozone/integration-test/target/test-dir/MiniOzoneClusterImpl-ce471ee4-c249-4497-9e9a-3bbe536c2c9a/datanode-1/data/ratis/99323ee6-9bff-4c2d-b155-8ba1f51b7164 close()
2019-08-23 10:08:38,834 [main] INFO  segmented.SegmentedRaftLogWorker (SegmentedRaftLogWorker.java:close(228)) - ea014020-99a8-4d4c-8164-e72a7e895f0e-SegmentedRaftLogWorker:Storage Directory /workdir/hadoop-ozone/integration-test/target/test-dir/MiniOzoneClusterImpl-ce471ee4-c249-4497-9e9a-3bbe536c2c9a/datanode-4/data/ratis/24a7c382-dd7d-4f6b-8fc8-62b845300ad7 close()
2019-08-23 10:08:38,837 [ForkJoinPool.commonPool-worker-1] INFO  server.GrpcService (GrpcService.java:closeImpl(155)) - 92769923-cb08-48ca-bcac-59043f9e191a: shutdown server with port 36286 now
2019-08-23 10:08:38,841 [main] INFO  impl.RaftServerImpl (RaftServerImpl.java:lambda$shutdown$3(245)) - ea014020-99a8-4d4c-8164-e72a7e895f0e: shutdown group-1C9C80465146
2019-08-23 10:08:38,842 [main] INFO  util.JmxRegister (JmxRegister.java:unregister(73)) - Successfully un-registered JMX Bean with object name Ratis:service=RaftServer,group=group-1C9C80465146,id=ea014020-99a8-4d4c-8164-e72a7e895f0e
2019-08-23 10:08:38,842 [main] INFO  impl.RoleInfo (RoleInfo.java:shutdownLeaderState(104)) - ea014020-99a8-4d4c-8164-e72a7e895f0e: shutdown LeaderState
2019-08-23 10:08:38,842 [main] INFO  impl.PendingRequests (PendingRequests.java:sendNotLeaderResponses(202)) - ea014020-99a8-4d4c-8164-e72a7e895f0e-PendingRequests: sendNotLeaderResponses
2019-08-23 10:08:38,843 [ForkJoinPool.commonPool-worker-1] INFO  server.GrpcService (GrpcService.java:closeImpl(163)) - 92769923-cb08-48ca-bcac-59043f9e191a: shutdown server with port 36286 successfully
2019-08-23 10:08:38,842 [grpc-default-executor-8] WARN  server.GrpcServerProtocolService (LogUtils.java:warn(134)) - 92769923-cb08-48ca-bcac-59043f9e191a: appendEntries onError: org.apache.ratis.thirdparty.io.grpc.StatusRuntimeException: CANCELLED: cancelled before receiving half close
2019-08-23 10:08:38,844 [ForkJoinPool.commonPool-worker-1] INFO  utils.BackgroundService (BackgroundService.java:shutdown(148)) - Shutting down service BlockDeletingService
2019-08-23 10:08:38,843 [grpc-default-executor-6] WARN  server.GrpcLogAppender (LogUtils.java:warn(134)) - 4d0f799d-93dd-41e2-a20b-564af924474c->92769923-cb08-48ca-bcac-59043f9e191a: Failed appendEntries: org.apache.ratis.thirdparty.io.grpc.StatusRuntimeException: CANCELLED: HTTP/2 error code: CANCEL
Received Rst Stream
2019-08-23 10:08:38,843 [main] INFO  impl.StateMachineUpdater (StateMachineUpdater.java:stopAndJoin(115)) - StateMachineUpdater:ea014020-99a8-4d4c-8164-e72a7e895f0e:group-1C9C80465146: set stopIndex = 0
2019-08-23 10:08:38,845 [refreshUsed-/workdir/hadoop-ozone/integration-test/target/test-dir/MiniOzoneClusterImpl-ce471ee4-c249-4497-9e9a-3bbe536c2c9a/datanode-1/data/containers] WARN  fs.CachingGetSpaceUsed (CachingGetSpaceUsed.java:run(183)) - Thread Interrupted waiting to refresh disk information: sleep interrupted
2019-08-23 10:08:38,845 [grpc-default-executor-6] INFO  impl.FollowerInfo (FollowerInfo.java:lambda$new$0(50)) - 4d0f799d-93dd-41e2-a20b-564af924474c->92769923-cb08-48ca-bcac-59043f9e191a: nextIndex: updateUnconditionally 17 -> 16
2019-08-23 10:08:38,845 [main] INFO  impl.RaftServerImpl (ServerState.java:close(394)) - ea014020-99a8-4d4c-8164-e72a7e895f0e:group-1C9C80465146 closes. The last applied log index is 0
2019-08-23 10:08:38,846 [ea014020-99a8-4d4c-8164-e72a7e895f0e-SegmentedRaftLogWorker:Storage Directory /workdir/hadoop-ozone/integration-test/target/test-dir/MiniOzoneClusterImpl-ce471ee4-c249-4497-9e9a-3bbe536c2c9a/datanode-4/data/ratis/7d5848c4-bad7-45d4-8b46-1c9c80465146] INFO  segmented.SegmentedRaftLogWorker (SegmentedRaftLogWorker.java:run(313)) - ea014020-99a8-4d4c-8164-e72a7e895f0e-SegmentedRaftLogWorker:Storage Directory /workdir/hadoop-ozone/integration-test/target/test-dir/MiniOzoneClusterImpl-ce471ee4-c249-4497-9e9a-3bbe536c2c9a/datanode-4/data/ratis/7d5848c4-bad7-45d4-8b46-1c9c80465146 was interrupted, exiting. There are 0 tasks remaining in the queue.
2019-08-23 10:08:38,849 [main] INFO  segmented.SegmentedRaftLogWorker (SegmentedRaftLogWorker.java:close(228)) - ea014020-99a8-4d4c-8164-e72a7e895f0e-SegmentedRaftLogWorker:Storage Directory /workdir/hadoop-ozone/integration-test/target/test-dir/MiniOzoneClusterImpl-ce471ee4-c249-4497-9e9a-3bbe536c2c9a/datanode-4/data/ratis/7d5848c4-bad7-45d4-8b46-1c9c80465146 close()
2019-08-23 10:08:38,852 [main] INFO  server.GrpcService (GrpcService.java:closeImpl(155)) - ea014020-99a8-4d4c-8164-e72a7e895f0e: shutdown server with port 34367 now
2019-08-23 10:08:38,854 [main] INFO  server.GrpcService (GrpcService.java:closeImpl(163)) - ea014020-99a8-4d4c-8164-e72a7e895f0e: shutdown server with port 34367 successfully
2019-08-23 10:08:38,857 [main] INFO  utils.BackgroundService (BackgroundService.java:shutdown(148)) - Shutting down service BlockDeletingService
2019-08-23 10:08:38,858 [refreshUsed-/workdir/hadoop-ozone/integration-test/target/test-dir/MiniOzoneClusterImpl-ce471ee4-c249-4497-9e9a-3bbe536c2c9a/datanode-4/data/containers] WARN  fs.CachingGetSpaceUsed (CachingGetSpaceUsed.java:run(183)) - Thread Interrupted waiting to refresh disk information: sleep interrupted
2019-08-23 10:08:38,872 [ForkJoinPool.commonPool-worker-1] INFO  statemachine.DatanodeStateMachine (DatanodeStateMachine.java:stopDaemon(395)) - Ozone container server stopped.
2019-08-23 10:08:38,877 [ForkJoinPool.commonPool-worker-1] INFO  handler.ContextHandler (ContextHandler.java:doStop(910)) - Stopped o.e.j.w.WebAppContext@62509b77{/,null,UNAVAILABLE}{/hddsDatanode}
2019-08-23 10:08:38,877 [ForkJoinPool.commonPool-worker-1] INFO  server.AbstractConnector (AbstractConnector.java:doStop(318)) - Stopped ServerConnector@400c0d26{HTTP/1.1,[http/1.1]}{0.0.0.0:0}
2019-08-23 10:08:38,884 [ForkJoinPool.commonPool-worker-1] INFO  handler.ContextHandler (ContextHandler.java:doStop(910)) - Stopped o.e.j.s.ServletContextHandler@74f23ecc{/static,jar:file:/home/user/.m2/repository/org/apache/hadoop/hadoop-hdds-container-service/0.5.0-SNAPSHOT/hadoop-hdds-container-service-0.5.0-SNAPSHOT.jar!/webapps/static,UNAVAILABLE}
2019-08-23 10:08:38,884 [ForkJoinPool.commonPool-worker-1] INFO  handler.ContextHandler (ContextHandler.java:doStop(910)) - Stopped o.e.j.s.ServletContextHandler@77cac3b{/logs,file:///workdir/hadoop-ozone/integration-test/target/log,UNAVAILABLE}
2019-08-23 10:08:38,885 [ForkJoinPool.commonPool-worker-1] INFO  datanode.ObjectStoreHandler (ObjectStoreHandler.java:close(155)) - Closing ObjectStoreHandler.
2019-08-23 10:08:38,885 [ForkJoinPool.commonPool-worker-1] INFO  ozone.HddsDatanodeService (HddsDatanodeService.java:stop(451)) - Stopped plug-in org.apache.hadoop.ozone.web.OzoneHddsDatanodeService@3593a38d
2019-08-23 10:08:38,890 [main] INFO  statemachine.DatanodeStateMachine (DatanodeStateMachine.java:stopDaemon(395)) - Ozone container server stopped.
2019-08-23 10:08:38,890 [main] INFO  handler.ContextHandler (ContextHandler.java:doStop(910)) - Stopped o.e.j.w.WebAppContext@78fb8a66{/,null,UNAVAILABLE}{/hddsDatanode}
2019-08-23 10:08:38,891 [main] INFO  server.AbstractConnector (AbstractConnector.java:doStop(318)) - Stopped ServerConnector@5c47ef5f{HTTP/1.1,[http/1.1]}{0.0.0.0:0}
2019-08-23 10:08:38,891 [main] INFO  handler.ContextHandler (ContextHandler.java:doStop(910)) - Stopped o.e.j.s.ServletContextHandler@6d16aae3{/static,jar:file:/home/user/.m2/repository/org/apache/hadoop/hadoop-hdds-container-service/0.5.0-SNAPSHOT/hadoop-hdds-container-service-0.5.0-SNAPSHOT.jar!/webapps/static,UNAVAILABLE}
2019-08-23 10:08:38,892 [main] INFO  handler.ContextHandler (ContextHandler.java:doStop(910)) - Stopped o.e.j.s.ServletContextHandler@3f06c9ac{/logs,file:///workdir/hadoop-ozone/integration-test/target/log,UNAVAILABLE}
2019-08-23 10:08:38,892 [main] INFO  datanode.ObjectStoreHandler (ObjectStoreHandler.java:close(155)) - Closing ObjectStoreHandler.
2019-08-23 10:08:38,893 [main] INFO  ozone.HddsDatanodeService (HddsDatanodeService.java:stop(451)) - Stopped plug-in org.apache.hadoop.ozone.web.OzoneHddsDatanodeService@5a342baf
2019-08-23 10:08:38,950 | INFO  | SCMAudit | user=jenkins1000 | ip=192.168.5.185 | op=SEND_HEARTBEAT {datanodeUUID=96496dd4-7d5d-446d-98dc-dd809537dce1, command=[]} | ret=SUCCESS |  
2019-08-23 10:08:38,980 [grpc-default-executor-7] WARN  server.GrpcLogAppender (LogUtils.java:warn(134)) - 4d0f799d-93dd-41e2-a20b-564af924474c->92769923-cb08-48ca-bcac-59043f9e191a: Failed appendEntries: org.apache.ratis.thirdparty.io.grpc.StatusRuntimeException: UNAVAILABLE: io exception
2019-08-23 10:08:38,980 [grpc-default-executor-7] INFO  impl.FollowerInfo (FollowerInfo.java:lambda$new$0(50)) - 4d0f799d-93dd-41e2-a20b-564af924474c->92769923-cb08-48ca-bcac-59043f9e191a: nextIndex: updateUnconditionally 16 -> 15
2019-08-23 10:08:39,239 [Datanode State Machine Thread - 0] INFO  statemachine.DatanodeStateMachine (DatanodeStateMachine.java:lambda$startDaemon$0(350)) - Ozone container server started.
2019-08-23 10:08:39,240 | INFO  | SCMAudit | user=jenkins1000 | ip=192.168.5.185 | op=SEND_HEARTBEAT {datanodeUUID=4d0f799d-93dd-41e2-a20b-564af924474c, command=[commandType: closeContainerCommand closeContainerCommandProto { containerID: 1 pipelineID { id: "99323ee6-9bff-4c2d-b155-8ba1f51b7164" } cmdId: 1 force: false } ]} | ret=SUCCESS |  
2019-08-23 10:08:39,655 [Datanode State Machine Thread - 0] INFO  statemachine.DatanodeStateMachine (DatanodeStateMachine.java:lambda$startDaemon$0(350)) - Ozone container server started.
2019-08-23 10:08:39,659 | INFO  | SCMAudit | user=jenkins1000 | ip=192.168.5.185 | op=SEND_HEARTBEAT {datanodeUUID=94b1aa13-75e5-4c16-a0db-f9a83d869744, command=[commandType: closeContainerCommand closeContainerCommandProto { containerID: 2 pipelineID { id: "24a7c382-dd7d-4f6b-8fc8-62b845300ad7" } cmdId: 2 force: false } ]} | ret=SUCCESS |  
2019-08-23 10:08:39,950 | INFO  | SCMAudit | user=jenkins1000 | ip=192.168.5.185 | op=SEND_HEARTBEAT {datanodeUUID=96496dd4-7d5d-446d-98dc-dd809537dce1, command=[]} | ret=SUCCESS |  
2019-08-23 10:08:40,240 | INFO  | SCMAudit | user=jenkins1000 | ip=192.168.5.185 | op=SEND_HEARTBEAT {datanodeUUID=4d0f799d-93dd-41e2-a20b-564af924474c, command=[]} | ret=SUCCESS |  
2019-08-23 10:08:40,658 | INFO  | SCMAudit | user=jenkins1000 | ip=192.168.5.185 | op=SEND_HEARTBEAT {datanodeUUID=94b1aa13-75e5-4c16-a0db-f9a83d869744, command=[]} | ret=SUCCESS |  
2019-08-23 10:08:40,688 | INFO  | SCMAudit | user=jenkins1000 | ip=192.168.5.185 | op=SEND_HEARTBEAT {datanodeUUID=94b1aa13-75e5-4c16-a0db-f9a83d869744, command=[]} | ret=SUCCESS |  
2019-08-23 10:08:40,950 | INFO  | SCMAudit | user=jenkins1000 | ip=192.168.5.185 | op=SEND_HEARTBEAT {datanodeUUID=96496dd4-7d5d-446d-98dc-dd809537dce1, command=[]} | ret=SUCCESS |  
2019-08-23 10:08:41,240 | INFO  | SCMAudit | user=jenkins1000 | ip=192.168.5.185 | op=SEND_HEARTBEAT {datanodeUUID=4d0f799d-93dd-41e2-a20b-564af924474c, command=[]} | ret=SUCCESS |  
2019-08-23 10:08:41,267 | INFO  | SCMAudit | user=jenkins1000 | ip=192.168.5.185 | op=SEND_HEARTBEAT {datanodeUUID=4d0f799d-93dd-41e2-a20b-564af924474c, command=[]} | ret=SUCCESS |  
2019-08-23 10:08:41,269 [grpc-default-executor-6] WARN  server.GrpcLogAppender (LogUtils.java:warn(134)) - 4d0f799d-93dd-41e2-a20b-564af924474c->92769923-cb08-48ca-bcac-59043f9e191a: Failed appendEntries: org.apache.ratis.thirdparty.io.grpc.StatusRuntimeException: UNAVAILABLE: io exception
2019-08-23 10:08:41,269 [grpc-default-executor-6] INFO  impl.FollowerInfo (FollowerInfo.java:lambda$new$0(50)) - 4d0f799d-93dd-41e2-a20b-564af924474c->92769923-cb08-48ca-bcac-59043f9e191a: nextIndex: updateUnconditionally 16 -> 15
2019-08-23 10:08:41,286 [grpc-default-executor-6] WARN  server.GrpcLogAppender (LogUtils.java:warn(134)) - 4d0f799d-93dd-41e2-a20b-564af924474c->92769923-cb08-48ca-bcac-59043f9e191a: Failed appendEntries: org.apache.ratis.thirdparty.io.grpc.StatusRuntimeException: UNAVAILABLE: io exception
2019-08-23 10:08:41,286 [grpc-default-executor-6] INFO  impl.FollowerInfo (FollowerInfo.java:lambda$new$0(50)) - 4d0f799d-93dd-41e2-a20b-564af924474c->92769923-cb08-48ca-bcac-59043f9e191a: nextIndex: updateUnconditionally 16 -> 15
2019-08-23 10:08:41,296 [grpc-default-executor-7] WARN  server.GrpcLogAppender (LogUtils.java:warn(134)) - 4d0f799d-93dd-41e2-a20b-564af924474c->92769923-cb08-48ca-bcac-59043f9e191a: Failed appendEntries: org.apache.ratis.thirdparty.io.grpc.StatusRuntimeException: UNAVAILABLE: io exception
2019-08-23 10:08:41,297 [grpc-default-executor-7] INFO  impl.FollowerInfo (FollowerInfo.java:lambda$new$0(50)) - 4d0f799d-93dd-41e2-a20b-564af924474c->92769923-cb08-48ca-bcac-59043f9e191a: nextIndex: updateUnconditionally 16 -> 15
2019-08-23 10:08:41,373 [RatisApplyTransactionExecutor 1] INFO  interfaces.Container (KeyValueContainer.java:compactDB(356)) - Container 1 is closed with bcsId 14.
2019-08-23 10:08:41,374 | INFO  | DNAudit | user=null | ip=null | op=CLOSE_CONTAINER {containerID=1} | ret=SUCCESS |  
2019-08-23 10:08:41,374 | INFO  | SCMAudit | user=jenkins1000 | ip=192.168.5.185 | op=SEND_HEARTBEAT {datanodeUUID=4d0f799d-93dd-41e2-a20b-564af924474c, command=[]} | ret=SUCCESS |  
2019-08-23 10:08:41,374 [EventQueue-IncrementalContainerReportForIncrementalContainerReportHandler] INFO  container.IncrementalContainerReportHandler (AbstractContainerReportHandler.java:updateContainerState(176)) - Moving container #1 to CLOSED state, datanode 4d0f799d-93dd-41e2-a20b-564af924474c{ip: 192.168.5.185, host: pr-hdds-1094-w8cgz-2737508714, networkLocation: /default-rack, certSerialId: null} reported CLOSED replica.
2019-08-23 10:08:41,400 [RatisApplyTransactionExecutor 1] INFO  interfaces.Container (KeyValueContainer.java:compactDB(356)) - Container 1 is closed with bcsId 14.
2019-08-23 10:08:41,400 | INFO  | DNAudit | user=null | ip=null | op=CLOSE_CONTAINER {containerID=1} | ret=SUCCESS |  
2019-08-23 10:08:41,687 | INFO  | SCMAudit | user=jenkins1000 | ip=192.168.5.185 | op=SEND_HEARTBEAT {datanodeUUID=94b1aa13-75e5-4c16-a0db-f9a83d869744, command=[]} | ret=SUCCESS |  
2019-08-23 10:08:41,951 | INFO  | SCMAudit | user=jenkins1000 | ip=192.168.5.185 | op=SEND_HEARTBEAT {datanodeUUID=96496dd4-7d5d-446d-98dc-dd809537dce1, command=[]} | ret=SUCCESS |  
2019-08-23 10:08:42,374 | INFO  | SCMAudit | user=jenkins1000 | ip=192.168.5.185 | op=SEND_HEARTBEAT {datanodeUUID=4d0f799d-93dd-41e2-a20b-564af924474c, command=[]} | ret=SUCCESS |  
2019-08-23 10:08:42,687 | INFO  | SCMAudit | user=jenkins1000 | ip=192.168.5.185 | op=SEND_HEARTBEAT {datanodeUUID=94b1aa13-75e5-4c16-a0db-f9a83d869744, command=[]} | ret=SUCCESS |  
2019-08-23 10:08:42,951 | INFO  | SCMAudit | user=jenkins1000 | ip=192.168.5.185 | op=SEND_HEARTBEAT {datanodeUUID=96496dd4-7d5d-446d-98dc-dd809537dce1, command=[]} | ret=SUCCESS |  
2019-08-23 10:08:43,272 [EventQueue-StaleNodeForStaleNodeHandler] INFO  node.StaleNodeHandler (StaleNodeHandler.java:onMessage(58)) - Datanode 2fab9170-9418-4596-ad4d-318dc3d3daaf{ip: 192.168.5.185, host: pr-hdds-1094-w8cgz-2737508714, networkLocation: /default-rack, certSerialId: null} moved to stale state. Finalizing its pipelines [PipelineID=041f8a71-ce51-47b7-b89b-1f98dbf9403a, PipelineID=99323ee6-9bff-4c2d-b155-8ba1f51b7164]
2019-08-23 10:08:43,272 [EventQueue-StaleNodeForStaleNodeHandler] INFO  pipeline.SCMPipelineManager (SCMPipelineManager.java:finalizeAndDestroyPipeline(309)) - destroying pipeline:Pipeline[ Id: 041f8a71-ce51-47b7-b89b-1f98dbf9403a, Nodes: 2fab9170-9418-4596-ad4d-318dc3d3daaf{ip: 192.168.5.185, host: pr-hdds-1094-w8cgz-2737508714, networkLocation: /default-rack, certSerialId: null}, Type:RATIS, Factor:ONE, State:OPEN]
2019-08-23 10:08:43,272 [EventQueue-StaleNodeForStaleNodeHandler] INFO  pipeline.PipelineStateManager (PipelineStateManager.java:finalizePipeline(123)) - Pipeline Pipeline[ Id: 041f8a71-ce51-47b7-b89b-1f98dbf9403a, Nodes: 2fab9170-9418-4596-ad4d-318dc3d3daaf{ip: 192.168.5.185, host: pr-hdds-1094-w8cgz-2737508714, networkLocation: /default-rack, certSerialId: null}, Type:RATIS, Factor:ONE, State:CLOSED] moved to CLOSED state
2019-08-23 10:08:43,272 [EventQueue-StaleNodeForStaleNodeHandler] INFO  pipeline.SCMPipelineManager (SCMPipelineManager.java:finalizeAndDestroyPipeline(309)) - destroying pipeline:Pipeline[ Id: 99323ee6-9bff-4c2d-b155-8ba1f51b7164, Nodes: 4d0f799d-93dd-41e2-a20b-564af924474c{ip: 192.168.5.185, host: pr-hdds-1094-w8cgz-2737508714, networkLocation: /default-rack, certSerialId: null}2fab9170-9418-4596-ad4d-318dc3d3daaf{ip: 192.168.5.185, host: pr-hdds-1094-w8cgz-2737508714, networkLocation: /default-rack, certSerialId: null}92769923-cb08-48ca-bcac-59043f9e191a{ip: 192.168.5.185, host: pr-hdds-1094-w8cgz-2737508714, networkLocation: /default-rack, certSerialId: null}, Type:RATIS, Factor:THREE, State:CLOSED]
2019-08-23 10:08:43,375 | INFO  | SCMAudit | user=jenkins1000 | ip=192.168.5.185 | op=SEND_HEARTBEAT {datanodeUUID=4d0f799d-93dd-41e2-a20b-564af924474c, command=[]} | ret=SUCCESS |  
2019-08-23 10:08:43,672 [EventQueue-StaleNodeForStaleNodeHandler] INFO  node.StaleNodeHandler (StaleNodeHandler.java:onMessage(58)) - Datanode c5104e55-9930-4334-991a-0509c5a1de9f{ip: 192.168.5.185, host: pr-hdds-1094-w8cgz-2737508714, networkLocation: /default-rack, certSerialId: null} moved to stale state. Finalizing its pipelines [PipelineID=24a7c382-dd7d-4f6b-8fc8-62b845300ad7, PipelineID=0f6c0ccc-0606-47e9-baaf-eb7e1b8fc809]
2019-08-23 10:08:43,673 [EventQueue-StaleNodeForStaleNodeHandler] INFO  pipeline.SCMPipelineManager (SCMPipelineManager.java:finalizeAndDestroyPipeline(309)) - destroying pipeline:Pipeline[ Id: 24a7c382-dd7d-4f6b-8fc8-62b845300ad7, Nodes: 94b1aa13-75e5-4c16-a0db-f9a83d869744{ip: 192.168.5.185, host: pr-hdds-1094-w8cgz-2737508714, networkLocation: /default-rack, certSerialId: null}c5104e55-9930-4334-991a-0509c5a1de9f{ip: 192.168.5.185, host: pr-hdds-1094-w8cgz-2737508714, networkLocation: /default-rack, certSerialId: null}ea014020-99a8-4d4c-8164-e72a7e895f0e{ip: 192.168.5.185, host: pr-hdds-1094-w8cgz-2737508714, networkLocation: /default-rack, certSerialId: null}, Type:RATIS, Factor:THREE, State:CLOSED]
2019-08-23 10:08:43,673 [EventQueue-StaleNodeForStaleNodeHandler] INFO  pipeline.SCMPipelineManager (SCMPipelineManager.java:finalizeAndDestroyPipeline(309)) - destroying pipeline:Pipeline[ Id: 0f6c0ccc-0606-47e9-baaf-eb7e1b8fc809, Nodes: c5104e55-9930-4334-991a-0509c5a1de9f{ip: 192.168.5.185, host: pr-hdds-1094-w8cgz-2737508714, networkLocation: /default-rack, certSerialId: null}, Type:RATIS, Factor:ONE, State:OPEN]
2019-08-23 10:08:43,673 [EventQueue-StaleNodeForStaleNodeHandler] INFO  pipeline.PipelineStateManager (PipelineStateManager.java:finalizePipeline(123)) - Pipeline Pipeline[ Id: 0f6c0ccc-0606-47e9-baaf-eb7e1b8fc809, Nodes: c5104e55-9930-4334-991a-0509c5a1de9f{ip: 192.168.5.185, host: pr-hdds-1094-w8cgz-2737508714, networkLocation: /default-rack, certSerialId: null}, Type:RATIS, Factor:ONE, State:CLOSED] moved to CLOSED state
2019-08-23 10:08:43,687 | INFO  | SCMAudit | user=jenkins1000 | ip=192.168.5.185 | op=SEND_HEARTBEAT {datanodeUUID=94b1aa13-75e5-4c16-a0db-f9a83d869744, command=[]} | ret=SUCCESS |  
2019-08-23 10:08:43,798 [grpc-default-executor-7] WARN  server.GrpcLogAppender (LogUtils.java:warn(134)) - 4d0f799d-93dd-41e2-a20b-564af924474c->92769923-cb08-48ca-bcac-59043f9e191a: Failed appendEntries: org.apache.ratis.thirdparty.io.grpc.StatusRuntimeException: UNAVAILABLE: io exception
2019-08-23 10:08:43,798 [grpc-default-executor-7] INFO  impl.FollowerInfo (FollowerInfo.java:lambda$new$0(50)) - 4d0f799d-93dd-41e2-a20b-564af924474c->92769923-cb08-48ca-bcac-59043f9e191a: nextIndex: updateUnconditionally 15 -> 14
2019-08-23 10:08:43,886 [ForkJoinPool.commonPool-worker-1] INFO  ozoneimpl.OzoneContainer (OzoneContainer.java:stop(199)) - Attempting to stop container services.
2019-08-23 10:08:43,887 [ForkJoinPool.commonPool-worker-1] INFO  impl.RaftServerProxy (RaftServerProxy.java:lambda$close$4(314)) - 2fab9170-9418-4596-ad4d-318dc3d3daaf: close
2019-08-23 10:08:43,887 [ForkJoinPool.commonPool-worker-1] INFO  impl.RaftServerImpl (RaftServerImpl.java:lambda$shutdown$3(245)) - 2fab9170-9418-4596-ad4d-318dc3d3daaf: shutdown group-1F98DBF9403A
2019-08-23 10:08:43,887 [ForkJoinPool.commonPool-worker-1] INFO  util.JmxRegister (JmxRegister.java:unregister(73)) - Successfully un-registered JMX Bean with object name Ratis:service=RaftServer,group=group-1F98DBF9403A,id=2fab9170-9418-4596-ad4d-318dc3d3daaf
2019-08-23 10:08:43,887 [ForkJoinPool.commonPool-worker-1] INFO  impl.RoleInfo (RoleInfo.java:shutdownLeaderState(104)) - 2fab9170-9418-4596-ad4d-318dc3d3daaf: shutdown LeaderState
2019-08-23 10:08:43,888 [ForkJoinPool.commonPool-worker-1] INFO  impl.PendingRequests (PendingRequests.java:sendNotLeaderResponses(202)) - 2fab9170-9418-4596-ad4d-318dc3d3daaf-PendingRequests: sendNotLeaderResponses
2019-08-23 10:08:43,888 [ForkJoinPool.commonPool-worker-1] INFO  impl.StateMachineUpdater (StateMachineUpdater.java:stopAndJoin(115)) - StateMachineUpdater:2fab9170-9418-4596-ad4d-318dc3d3daaf:group-1F98DBF9403A: set stopIndex = 0
2019-08-23 10:08:43,888 [ForkJoinPool.commonPool-worker-1] INFO  impl.RaftServerImpl (ServerState.java:close(394)) - 2fab9170-9418-4596-ad4d-318dc3d3daaf:group-1F98DBF9403A closes. The last applied log index is 0
2019-08-23 10:08:43,888 [2fab9170-9418-4596-ad4d-318dc3d3daaf-SegmentedRaftLogWorker:Storage Directory /workdir/hadoop-ozone/integration-test/target/test-dir/MiniOzoneClusterImpl-ce471ee4-c249-4497-9e9a-3bbe536c2c9a/datanode-2/data/ratis/041f8a71-ce51-47b7-b89b-1f98dbf9403a] INFO  segmented.SegmentedRaftLogWorker (SegmentedRaftLogWorker.java:run(313)) - 2fab9170-9418-4596-ad4d-318dc3d3daaf-SegmentedRaftLogWorker:Storage Directory /workdir/hadoop-ozone/integration-test/target/test-dir/MiniOzoneClusterImpl-ce471ee4-c249-4497-9e9a-3bbe536c2c9a/datanode-2/data/ratis/041f8a71-ce51-47b7-b89b-1f98dbf9403a was interrupted, exiting. There are 0 tasks remaining in the queue.
2019-08-23 10:08:43,891 [ForkJoinPool.commonPool-worker-1] INFO  segmented.SegmentedRaftLogWorker (SegmentedRaftLogWorker.java:close(228)) - 2fab9170-9418-4596-ad4d-318dc3d3daaf-SegmentedRaftLogWorker:Storage Directory /workdir/hadoop-ozone/integration-test/target/test-dir/MiniOzoneClusterImpl-ce471ee4-c249-4497-9e9a-3bbe536c2c9a/datanode-2/data/ratis/041f8a71-ce51-47b7-b89b-1f98dbf9403a close()
2019-08-23 10:08:43,895 [ForkJoinPool.commonPool-worker-1] INFO  impl.RaftServerImpl (RaftServerImpl.java:lambda$shutdown$3(245)) - 2fab9170-9418-4596-ad4d-318dc3d3daaf: shutdown group-8BA1F51B7164
2019-08-23 10:08:43,895 [main] INFO  ozoneimpl.OzoneContainer (OzoneContainer.java:stop(199)) - Attempting to stop container services.
2019-08-23 10:08:43,895 [ForkJoinPool.commonPool-worker-1] INFO  util.JmxRegister (JmxRegister.java:unregister(73)) - Successfully un-registered JMX Bean with object name Ratis:service=RaftServer,group=group-8BA1F51B7164,id=2fab9170-9418-4596-ad4d-318dc3d3daaf
2019-08-23 10:08:43,895 [main] INFO  impl.RaftServerProxy (RaftServerProxy.java:lambda$close$4(314)) - c5104e55-9930-4334-991a-0509c5a1de9f: close
2019-08-23 10:08:43,895 [ForkJoinPool.commonPool-worker-1] INFO  impl.RoleInfo (RoleInfo.java:shutdownFollowerState(121)) - 2fab9170-9418-4596-ad4d-318dc3d3daaf: shutdown FollowerState
2019-08-23 10:08:43,896 [main] INFO  impl.RaftServerImpl (RaftServerImpl.java:lambda$shutdown$3(245)) - c5104e55-9930-4334-991a-0509c5a1de9f: shutdown group-62B845300AD7
2019-08-23 10:08:43,897 [main] INFO  util.JmxRegister (JmxRegister.java:unregister(73)) - Successfully un-registered JMX Bean with object name Ratis:service=RaftServer,group=group-62B845300AD7,id=c5104e55-9930-4334-991a-0509c5a1de9f
2019-08-23 10:08:43,897 [main] INFO  impl.RoleInfo (RoleInfo.java:shutdownFollowerState(121)) - c5104e55-9930-4334-991a-0509c5a1de9f: shutdown FollowerState
2019-08-23 10:08:43,897 [main] INFO  impl.StateMachineUpdater (StateMachineUpdater.java:stopAndJoin(115)) - StateMachineUpdater:c5104e55-9930-4334-991a-0509c5a1de9f:group-62B845300AD7: set stopIndex = 4
2019-08-23 10:08:43,896 [Thread-4249] INFO  impl.FollowerState (FollowerState.java:run(114)) - 2fab9170-9418-4596-ad4d-318dc3d3daaf: FollowerState was interrupted: java.lang.InterruptedException: sleep interrupted
2019-08-23 10:08:43,896 [StateMachineUpdater:2fab9170-9418-4596-ad4d-318dc3d3daaf:group-8BA1F51B7164] INFO  ratis.ContainerStateMachine (ContainerStateMachine.java:takeSnapshot(283)) - group-8BA1F51B7164: Taking a snapshot at:(t:1, i:17) file /workdir/hadoop-ozone/integration-test/target/test-dir/MiniOzoneClusterImpl-ce471ee4-c249-4497-9e9a-3bbe536c2c9a/datanode-2/data/ratis/99323ee6-9bff-4c2d-b155-8ba1f51b7164/sm/snapshot.1_17
2019-08-23 10:08:43,896 [ForkJoinPool.commonPool-worker-1] INFO  impl.StateMachineUpdater (StateMachineUpdater.java:stopAndJoin(115)) - StateMachineUpdater:2fab9170-9418-4596-ad4d-318dc3d3daaf:group-8BA1F51B7164: set stopIndex = 18
2019-08-23 10:08:43,898 [StateMachineUpdater:c5104e55-9930-4334-991a-0509c5a1de9f:group-62B845300AD7] INFO  ratis.ContainerStateMachine (ContainerStateMachine.java:takeSnapshot(283)) - group-62B845300AD7: Taking a snapshot at:(t:1, i:3) file /workdir/hadoop-ozone/integration-test/target/test-dir/MiniOzoneClusterImpl-ce471ee4-c249-4497-9e9a-3bbe536c2c9a/datanode-3/data/ratis/24a7c382-dd7d-4f6b-8fc8-62b845300ad7/sm/snapshot.1_3
2019-08-23 10:08:43,897 [Thread-4278] INFO  impl.FollowerState (FollowerState.java:run(114)) - c5104e55-9930-4334-991a-0509c5a1de9f: FollowerState was interrupted: java.lang.InterruptedException: sleep interrupted
2019-08-23 10:08:43,926 [StateMachineUpdater:2fab9170-9418-4596-ad4d-318dc3d3daaf:group-8BA1F51B7164] INFO  ratis.ContainerStateMachine (ContainerStateMachine.java:takeSnapshot(294)) - group-8BA1F51B7164: Finished taking a snapshot at:(t:1, i:17) file:/workdir/hadoop-ozone/integration-test/target/test-dir/MiniOzoneClusterImpl-ce471ee4-c249-4497-9e9a-3bbe536c2c9a/datanode-2/data/ratis/99323ee6-9bff-4c2d-b155-8ba1f51b7164/sm/snapshot.1_17 time:29
2019-08-23 10:08:43,926 [StateMachineUpdater:c5104e55-9930-4334-991a-0509c5a1de9f:group-62B845300AD7] INFO  ratis.ContainerStateMachine (ContainerStateMachine.java:takeSnapshot(294)) - group-62B845300AD7: Finished taking a snapshot at:(t:1, i:3) file:/workdir/hadoop-ozone/integration-test/target/test-dir/MiniOzoneClusterImpl-ce471ee4-c249-4497-9e9a-3bbe536c2c9a/datanode-3/data/ratis/24a7c382-dd7d-4f6b-8fc8-62b845300ad7/sm/snapshot.1_3 time:28
2019-08-23 10:08:43,926 [StateMachineUpdater:2fab9170-9418-4596-ad4d-318dc3d3daaf:group-8BA1F51B7164] INFO  impl.StateMachineUpdater (StateMachineUpdater.java:takeSnapshot(242)) - StateMachineUpdater:2fab9170-9418-4596-ad4d-318dc3d3daaf:group-8BA1F51B7164: Took a snapshot at index 17
2019-08-23 10:08:43,926 [StateMachineUpdater:c5104e55-9930-4334-991a-0509c5a1de9f:group-62B845300AD7] INFO  impl.StateMachineUpdater (StateMachineUpdater.java:takeSnapshot(242)) - StateMachineUpdater:c5104e55-9930-4334-991a-0509c5a1de9f:group-62B845300AD7: Took a snapshot at index 3
2019-08-23 10:08:43,926 [StateMachineUpdater:2fab9170-9418-4596-ad4d-318dc3d3daaf:group-8BA1F51B7164] INFO  impl.StateMachineUpdater (StateMachineUpdater.java:lambda$new$0(80)) - StateMachineUpdater:2fab9170-9418-4596-ad4d-318dc3d3daaf:group-8BA1F51B7164: snapshotIndex: updateIncreasingly -1 -> 17
2019-08-23 10:08:43,926 [StateMachineUpdater:c5104e55-9930-4334-991a-0509c5a1de9f:group-62B845300AD7] INFO  impl.StateMachineUpdater (StateMachineUpdater.java:lambda$new$0(80)) - StateMachineUpdater:c5104e55-9930-4334-991a-0509c5a1de9f:group-62B845300AD7: snapshotIndex: updateIncreasingly -1 -> 3
2019-08-23 10:08:43,927 [ForkJoinPool.commonPool-worker-1] INFO  impl.RaftServerImpl (ServerState.java:close(394)) - 2fab9170-9418-4596-ad4d-318dc3d3daaf:group-8BA1F51B7164 closes. The last applied log index is 18
2019-08-23 10:08:43,927 [main] INFO  impl.RaftServerImpl (ServerState.java:close(394)) - c5104e55-9930-4334-991a-0509c5a1de9f:group-62B845300AD7 closes. The last applied log index is 4
2019-08-23 10:08:43,927 [2fab9170-9418-4596-ad4d-318dc3d3daaf-SegmentedRaftLogWorker:Storage Directory /workdir/hadoop-ozone/integration-test/target/test-dir/MiniOzoneClusterImpl-ce471ee4-c249-4497-9e9a-3bbe536c2c9a/datanode-2/data/ratis/99323ee6-9bff-4c2d-b155-8ba1f51b7164] INFO  segmented.SegmentedRaftLogWorker (SegmentedRaftLogWorker.java:run(313)) - 2fab9170-9418-4596-ad4d-318dc3d3daaf-SegmentedRaftLogWorker:Storage Directory /workdir/hadoop-ozone/integration-test/target/test-dir/MiniOzoneClusterImpl-ce471ee4-c249-4497-9e9a-3bbe536c2c9a/datanode-2/data/ratis/99323ee6-9bff-4c2d-b155-8ba1f51b7164 was interrupted, exiting. There are 0 tasks remaining in the queue.
2019-08-23 10:08:43,928 [c5104e55-9930-4334-991a-0509c5a1de9f-SegmentedRaftLogWorker:Storage Directory /workdir/hadoop-ozone/integration-test/target/test-dir/MiniOzoneClusterImpl-ce471ee4-c249-4497-9e9a-3bbe536c2c9a/datanode-3/data/ratis/24a7c382-dd7d-4f6b-8fc8-62b845300ad7] INFO  segmented.SegmentedRaftLogWorker (SegmentedRaftLogWorker.java:run(313)) - c5104e55-9930-4334-991a-0509c5a1de9f-SegmentedRaftLogWorker:Storage Directory /workdir/hadoop-ozone/integration-test/target/test-dir/MiniOzoneClusterImpl-ce471ee4-c249-4497-9e9a-3bbe536c2c9a/datanode-3/data/ratis/24a7c382-dd7d-4f6b-8fc8-62b845300ad7 was interrupted, exiting. There are 0 tasks remaining in the queue.
2019-08-23 10:08:43,931 [ForkJoinPool.commonPool-worker-1] INFO  segmented.SegmentedRaftLogWorker (SegmentedRaftLogWorker.java:close(228)) - 2fab9170-9418-4596-ad4d-318dc3d3daaf-SegmentedRaftLogWorker:Storage Directory /workdir/hadoop-ozone/integration-test/target/test-dir/MiniOzoneClusterImpl-ce471ee4-c249-4497-9e9a-3bbe536c2c9a/datanode-2/data/ratis/99323ee6-9bff-4c2d-b155-8ba1f51b7164 close()
2019-08-23 10:08:43,931 [main] INFO  segmented.SegmentedRaftLogWorker (SegmentedRaftLogWorker.java:close(228)) - c5104e55-9930-4334-991a-0509c5a1de9f-SegmentedRaftLogWorker:Storage Directory /workdir/hadoop-ozone/integration-test/target/test-dir/MiniOzoneClusterImpl-ce471ee4-c249-4497-9e9a-3bbe536c2c9a/datanode-3/data/ratis/24a7c382-dd7d-4f6b-8fc8-62b845300ad7 close()
2019-08-23 10:08:43,935 [ForkJoinPool.commonPool-worker-1] INFO  server.GrpcService (GrpcService.java:closeImpl(155)) - 2fab9170-9418-4596-ad4d-318dc3d3daaf: shutdown server with port 41060 now
2019-08-23 10:08:43,938 [main] INFO  impl.RaftServerImpl (RaftServerImpl.java:lambda$shutdown$3(245)) - c5104e55-9930-4334-991a-0509c5a1de9f: shutdown group-EB7E1B8FC809
2019-08-23 10:08:43,939 [main] INFO  util.JmxRegister (JmxRegister.java:unregister(73)) - Successfully un-registered JMX Bean with object name Ratis:service=RaftServer,group=group-EB7E1B8FC809,id=c5104e55-9930-4334-991a-0509c5a1de9f
2019-08-23 10:08:43,939 [grpc-default-executor-8] WARN  server.GrpcServerProtocolService (LogUtils.java:warn(134)) - 2fab9170-9418-4596-ad4d-318dc3d3daaf: appendEntries onError: org.apache.ratis.thirdparty.io.grpc.StatusRuntimeException: CANCELLED: cancelled before receiving half close
2019-08-23 10:08:43,939 [grpc-default-executor-6] WARN  server.GrpcLogAppender (LogUtils.java:warn(134)) - 4d0f799d-93dd-41e2-a20b-564af924474c->2fab9170-9418-4596-ad4d-318dc3d3daaf: Failed appendEntries: org.apache.ratis.thirdparty.io.grpc.StatusRuntimeException: CANCELLED: HTTP/2 error code: CANCEL
Received Rst Stream
2019-08-23 10:08:43,939 [ForkJoinPool.commonPool-worker-1] INFO  server.GrpcService (GrpcService.java:closeImpl(163)) - 2fab9170-9418-4596-ad4d-318dc3d3daaf: shutdown server with port 41060 successfully
2019-08-23 10:08:43,939 [main] INFO  impl.RoleInfo (RoleInfo.java:shutdownLeaderState(104)) - c5104e55-9930-4334-991a-0509c5a1de9f: shutdown LeaderState
2019-08-23 10:08:43,940 [grpc-default-executor-6] INFO  impl.FollowerInfo (FollowerInfo.java:lambda$new$0(50)) - 4d0f799d-93dd-41e2-a20b-564af924474c->2fab9170-9418-4596-ad4d-318dc3d3daaf: nextIndex: updateUnconditionally 19 -> 18
2019-08-23 10:08:43,940 [main] INFO  impl.PendingRequests (PendingRequests.java:sendNotLeaderResponses(202)) - c5104e55-9930-4334-991a-0509c5a1de9f-PendingRequests: sendNotLeaderResponses
2019-08-23 10:08:43,941 [ForkJoinPool.commonPool-worker-1] INFO  utils.BackgroundService (BackgroundService.java:shutdown(148)) - Shutting down service BlockDeletingService
2019-08-23 10:08:43,941 [main] INFO  impl.StateMachineUpdater (StateMachineUpdater.java:stopAndJoin(115)) - StateMachineUpdater:c5104e55-9930-4334-991a-0509c5a1de9f:group-EB7E1B8FC809: set stopIndex = 0
2019-08-23 10:08:43,942 [main] INFO  impl.RaftServerImpl (ServerState.java:close(394)) - c5104e55-9930-4334-991a-0509c5a1de9f:group-EB7E1B8FC809 closes. The last applied log index is 0
2019-08-23 10:08:43,943 [refreshUsed-/workdir/hadoop-ozone/integration-test/target/test-dir/MiniOzoneClusterImpl-ce471ee4-c249-4497-9e9a-3bbe536c2c9a/datanode-2/data/containers] WARN  fs.CachingGetSpaceUsed (CachingGetSpaceUsed.java:run(183)) - Thread Interrupted waiting to refresh disk information: sleep interrupted
2019-08-23 10:08:43,943 [c5104e55-9930-4334-991a-0509c5a1de9f-SegmentedRaftLogWorker:Storage Directory /workdir/hadoop-ozone/integration-test/target/test-dir/MiniOzoneClusterImpl-ce471ee4-c249-4497-9e9a-3bbe536c2c9a/datanode-3/data/ratis/0f6c0ccc-0606-47e9-baaf-eb7e1b8fc809] INFO  segmented.SegmentedRaftLogWorker (SegmentedRaftLogWorker.java:run(313)) - c5104e55-9930-4334-991a-0509c5a1de9f-SegmentedRaftLogWorker:Storage Directory /workdir/hadoop-ozone/integration-test/target/test-dir/MiniOzoneClusterImpl-ce471ee4-c249-4497-9e9a-3bbe536c2c9a/datanode-3/data/ratis/0f6c0ccc-0606-47e9-baaf-eb7e1b8fc809 was interrupted, exiting. There are 0 tasks remaining in the queue.
2019-08-23 10:08:43,945 [main] INFO  segmented.SegmentedRaftLogWorker (SegmentedRaftLogWorker.java:close(228)) - c5104e55-9930-4334-991a-0509c5a1de9f-SegmentedRaftLogWorker:Storage Directory /workdir/hadoop-ozone/integration-test/target/test-dir/MiniOzoneClusterImpl-ce471ee4-c249-4497-9e9a-3bbe536c2c9a/datanode-3/data/ratis/0f6c0ccc-0606-47e9-baaf-eb7e1b8fc809 close()
2019-08-23 10:08:43,950 [main] INFO  server.GrpcService (GrpcService.java:closeImpl(155)) - c5104e55-9930-4334-991a-0509c5a1de9f: shutdown server with port 39019 now
2019-08-23 10:08:43,952 | INFO  | SCMAudit | user=jenkins1000 | ip=192.168.5.185 | op=SEND_HEARTBEAT {datanodeUUID=96496dd4-7d5d-446d-98dc-dd809537dce1, command=[]} | ret=SUCCESS |  
2019-08-23 10:08:43,952 [main] INFO  server.GrpcService (GrpcService.java:closeImpl(163)) - c5104e55-9930-4334-991a-0509c5a1de9f: shutdown server with port 39019 successfully
2019-08-23 10:08:43,954 [main] INFO  utils.BackgroundService (BackgroundService.java:shutdown(148)) - Shutting down service BlockDeletingService
2019-08-23 10:08:43,955 [refreshUsed-/workdir/hadoop-ozone/integration-test/target/test-dir/MiniOzoneClusterImpl-ce471ee4-c249-4497-9e9a-3bbe536c2c9a/datanode-3/data/containers] WARN  fs.CachingGetSpaceUsed (CachingGetSpaceUsed.java:run(183)) - Thread Interrupted waiting to refresh disk information: sleep interrupted
2019-08-23 10:08:43,973 [main] INFO  statemachine.DatanodeStateMachine (DatanodeStateMachine.java:stopDaemon(395)) - Ozone container server stopped.
2019-08-23 10:08:43,974 [main] INFO  handler.ContextHandler (ContextHandler.java:doStop(910)) - Stopped o.e.j.w.WebAppContext@685e398{/,null,UNAVAILABLE}{/hddsDatanode}
2019-08-23 10:08:43,974 [main] INFO  server.AbstractConnector (AbstractConnector.java:doStop(318)) - Stopped ServerConnector@2921aa59{HTTP/1.1,[http/1.1]}{0.0.0.0:0}
2019-08-23 10:08:43,975 [main] INFO  handler.ContextHandler (ContextHandler.java:doStop(910)) - Stopped o.e.j.s.ServletContextHandler@701dc5ad{/static,jar:file:/home/user/.m2/repository/org/apache/hadoop/hadoop-hdds-container-service/0.5.0-SNAPSHOT/hadoop-hdds-container-service-0.5.0-SNAPSHOT.jar!/webapps/static,UNAVAILABLE}
2019-08-23 10:08:43,975 [main] INFO  handler.ContextHandler (ContextHandler.java:doStop(910)) - Stopped o.e.j.s.ServletContextHandler@29b23bc4{/logs,file:///workdir/hadoop-ozone/integration-test/target/log,UNAVAILABLE}
2019-08-23 10:08:43,976 [main] INFO  datanode.ObjectStoreHandler (ObjectStoreHandler.java:close(155)) - Closing ObjectStoreHandler.
2019-08-23 10:08:43,976 [main] INFO  ozone.HddsDatanodeService (HddsDatanodeService.java:stop(451)) - Stopped plug-in org.apache.hadoop.ozone.web.OzoneHddsDatanodeService@6e2f838e
2019-08-23 10:08:43,980 [ForkJoinPool.commonPool-worker-1] INFO  statemachine.DatanodeStateMachine (DatanodeStateMachine.java:stopDaemon(395)) - Ozone container server stopped.
2019-08-23 10:08:43,984 [ForkJoinPool.commonPool-worker-1] INFO  handler.ContextHandler (ContextHandler.java:doStop(910)) - Stopped o.e.j.w.WebAppContext@5bf963a{/,null,UNAVAILABLE}{/hddsDatanode}
2019-08-23 10:08:43,984 [ForkJoinPool.commonPool-worker-1] INFO  server.AbstractConnector (AbstractConnector.java:doStop(318)) - Stopped ServerConnector@2a38b5c7{HTTP/1.1,[http/1.1]}{0.0.0.0:0}
2019-08-23 10:08:43,985 [ForkJoinPool.commonPool-worker-1] INFO  handler.ContextHandler (ContextHandler.java:doStop(910)) - Stopped o.e.j.s.ServletContextHandler@5c1ecf52{/static,jar:file:/home/user/.m2/repository/org/apache/hadoop/hadoop-hdds-container-service/0.5.0-SNAPSHOT/hadoop-hdds-container-service-0.5.0-SNAPSHOT.jar!/webapps/static,UNAVAILABLE}
2019-08-23 10:08:43,985 [ForkJoinPool.commonPool-worker-1] INFO  handler.ContextHandler (ContextHandler.java:doStop(910)) - Stopped o.e.j.s.ServletContextHandler@2df491be{/logs,file:///workdir/hadoop-ozone/integration-test/target/log,UNAVAILABLE}
2019-08-23 10:08:43,986 [ForkJoinPool.commonPool-worker-1] INFO  datanode.ObjectStoreHandler (ObjectStoreHandler.java:close(155)) - Closing ObjectStoreHandler.
2019-08-23 10:08:43,986 [ForkJoinPool.commonPool-worker-1] INFO  ozone.HddsDatanodeService (HddsDatanodeService.java:stop(451)) - Stopped plug-in org.apache.hadoop.ozone.web.OzoneHddsDatanodeService@4b0a6c53
2019-08-23 10:08:44,376 [Datanode State Machine Thread - 0] INFO  statemachine.DatanodeStateMachine (DatanodeStateMachine.java:lambda$startDaemon$0(350)) - Ozone container server started.
2019-08-23 10:08:44,687 | INFO  | SCMAudit | user=jenkins1000 | ip=192.168.5.185 | op=SEND_HEARTBEAT {datanodeUUID=94b1aa13-75e5-4c16-a0db-f9a83d869744, command=[]} | ret=SUCCESS |  
2019-08-23 10:08:44,951 [Datanode State Machine Thread - 0] INFO  statemachine.DatanodeStateMachine (DatanodeStateMachine.java:lambda$startDaemon$0(350)) - Ozone container server started.
2019-08-23 10:08:45,687 | INFO  | SCMAudit | user=jenkins1000 | ip=192.168.5.185 | op=SEND_HEARTBEAT {datanodeUUID=94b1aa13-75e5-4c16-a0db-f9a83d869744, command=[]} | ret=SUCCESS |  
2019-08-23 10:08:45,749 [Thread-4269] INFO  impl.FollowerState (FollowerState.java:run(106)) - 94b1aa13-75e5-4c16-a0db-f9a83d869744:group-62B845300AD7 changes to CANDIDATE, lastRpcTime:7043, electionTimeout:5081ms
2019-08-23 10:08:45,750 [Thread-4269] INFO  impl.RoleInfo (RoleInfo.java:shutdownFollowerState(121)) - 94b1aa13-75e5-4c16-a0db-f9a83d869744: shutdown FollowerState
2019-08-23 10:08:45,750 [Thread-4269] INFO  impl.RaftServerImpl (RaftServerImpl.java:setRole(171)) - 94b1aa13-75e5-4c16-a0db-f9a83d869744:group-62B845300AD7 changes role from FOLLOWER to CANDIDATE at term 1 for changeToCandidate
2019-08-23 10:08:45,750 [Thread-4269] INFO  impl.RoleInfo (RoleInfo.java:updateAndGet(143)) - 94b1aa13-75e5-4c16-a0db-f9a83d869744: start LeaderElection
2019-08-23 10:08:45,752 [94b1aa13-75e5-4c16-a0db-f9a83d869744:group-62B845300AD7:LeaderElection92] INFO  impl.RaftServerImpl (ServerState.java:setLeader(263)) - 94b1aa13-75e5-4c16-a0db-f9a83d869744:group-62B845300AD7 change Leader from ea014020-99a8-4d4c-8164-e72a7e895f0e to null at term 1 for initElection
2019-08-23 10:08:45,779 [94b1aa13-75e5-4c16-a0db-f9a83d869744:group-62B845300AD7:LeaderElection92] INFO  impl.LeaderElection (LeaderElection.java:askForVotes(181)) - 94b1aa13-75e5-4c16-a0db-f9a83d869744:group-62B845300AD7:LeaderElection92: begin an election at term 2 for 0: [c5104e55-9930-4334-991a-0509c5a1de9f:192.168.5.185:39019, 94b1aa13-75e5-4c16-a0db-f9a83d869744:192.168.5.185:39321, ea014020-99a8-4d4c-8164-e72a7e895f0e:192.168.5.185:34367], old=null
2019-08-23 10:08:45,782 [94b1aa13-75e5-4c16-a0db-f9a83d869744:group-62B845300AD7:LeaderElection92] INFO  impl.LeaderElection (LogUtils.java:infoOrTrace(149)) - 94b1aa13-75e5-4c16-a0db-f9a83d869744:group-62B845300AD7:LeaderElection92 got exception when requesting votes: {}
java.util.concurrent.ExecutionException: org.apache.ratis.thirdparty.io.grpc.StatusRuntimeException: UNAVAILABLE: io exception
	at java.util.concurrent.FutureTask.report(FutureTask.java:122)
	at java.util.concurrent.FutureTask.get(FutureTask.java:192)
	at org.apache.ratis.server.impl.LeaderElection.waitForResults(LeaderElection.java:262)
	at org.apache.ratis.server.impl.LeaderElection.askForVotes(LeaderElection.java:200)
	at org.apache.ratis.server.impl.LeaderElection.run(LeaderElection.java:130)
	at java.lang.Thread.run(Thread.java:748)
Caused by: org.apache.ratis.thirdparty.io.grpc.StatusRuntimeException: UNAVAILABLE: io exception
	at org.apache.ratis.thirdparty.io.grpc.stub.ClientCalls.toStatusRuntimeException(ClientCalls.java:233)
	at org.apache.ratis.thirdparty.io.grpc.stub.ClientCalls.getUnchecked(ClientCalls.java:214)
	at org.apache.ratis.thirdparty.io.grpc.stub.ClientCalls.blockingUnaryCall(ClientCalls.java:139)
	at org.apache.ratis.proto.grpc.RaftServerProtocolServiceGrpc$RaftServerProtocolServiceBlockingStub.requestVote(RaftServerProtocolServiceGrpc.java:265)
	at org.apache.ratis.grpc.server.GrpcServerProtocolClient.requestVote(GrpcServerProtocolClient.java:83)
	at org.apache.ratis.grpc.server.GrpcService.requestVote(GrpcService.java:195)
	at org.apache.ratis.server.impl.LeaderElection.lambda$submitRequests$1(LeaderElection.java:237)
	at java.util.concurrent.FutureTask.run(FutureTask.java:266)
	at java.util.concurrent.Executors$RunnableAdapter.call(Executors.java:511)
	at java.util.concurrent.FutureTask.run(FutureTask.java:266)
	at java.util.concurrent.ThreadPoolExecutor.runWorker(ThreadPoolExecutor.java:1149)
	at java.util.concurrent.ThreadPoolExecutor$Worker.run(ThreadPoolExecutor.java:624)
	... 1 more
Caused by: org.apache.ratis.thirdparty.io.netty.channel.AbstractChannel$AnnotatedConnectException: Connection refused: /192.168.5.185:39019
	at sun.nio.ch.SocketChannelImpl.checkConnect(Native Method)
	at sun.nio.ch.SocketChannelImpl.finishConnect(SocketChannelImpl.java:717)
	at org.apache.ratis.thirdparty.io.netty.channel.socket.nio.NioSocketChannel.doFinishConnect(NioSocketChannel.java:327)
	at org.apache.ratis.thirdparty.io.netty.channel.nio.AbstractNioChannel$AbstractNioUnsafe.finishConnect(AbstractNioChannel.java:340)
	at org.apache.ratis.thirdparty.io.netty.channel.nio.NioEventLoop.processSelectedKey(NioEventLoop.java:632)
	at org.apache.ratis.thirdparty.io.netty.channel.nio.NioEventLoop.processSelectedKeysOptimized(NioEventLoop.java:579)
	at org.apache.ratis.thirdparty.io.netty.channel.nio.NioEventLoop.processSelectedKeys(NioEventLoop.java:496)
	at org.apache.ratis.thirdparty.io.netty.channel.nio.NioEventLoop.run(NioEventLoop.java:458)
	at org.apache.ratis.thirdparty.io.netty.util.concurrent.SingleThreadEventExecutor$5.run(SingleThreadEventExecutor.java:897)
	at org.apache.ratis.thirdparty.io.netty.util.concurrent.FastThreadLocalRunnable.run(FastThreadLocalRunnable.java:30)
	... 1 more
Caused by: java.net.ConnectException: Connection refused
	... 11 more
2019-08-23 10:08:45,784 [94b1aa13-75e5-4c16-a0db-f9a83d869744:group-62B845300AD7:LeaderElection92] INFO  impl.LeaderElection (LogUtils.java:infoOrTrace(149)) - 94b1aa13-75e5-4c16-a0db-f9a83d869744:group-62B845300AD7:LeaderElection92 got exception when requesting votes: {}
java.util.concurrent.ExecutionException: org.apache.ratis.thirdparty.io.grpc.StatusRuntimeException: UNAVAILABLE: io exception
	at java.util.concurrent.FutureTask.report(FutureTask.java:122)
	at java.util.concurrent.FutureTask.get(FutureTask.java:192)
	at org.apache.ratis.server.impl.LeaderElection.waitForResults(LeaderElection.java:262)
	at org.apache.ratis.server.impl.LeaderElection.askForVotes(LeaderElection.java:200)
	at org.apache.ratis.server.impl.LeaderElection.run(LeaderElection.java:130)
	at java.lang.Thread.run(Thread.java:748)
Caused by: org.apache.ratis.thirdparty.io.grpc.StatusRuntimeException: UNAVAILABLE: io exception
	at org.apache.ratis.thirdparty.io.grpc.stub.ClientCalls.toStatusRuntimeException(ClientCalls.java:233)
	at org.apache.ratis.thirdparty.io.grpc.stub.ClientCalls.getUnchecked(ClientCalls.java:214)
	at org.apache.ratis.thirdparty.io.grpc.stub.ClientCalls.blockingUnaryCall(ClientCalls.java:139)
	at org.apache.ratis.proto.grpc.RaftServerProtocolServiceGrpc$RaftServerProtocolServiceBlockingStub.requestVote(RaftServerProtocolServiceGrpc.java:265)
	at org.apache.ratis.grpc.server.GrpcServerProtocolClient.requestVote(GrpcServerProtocolClient.java:83)
	at org.apache.ratis.grpc.server.GrpcService.requestVote(GrpcService.java:195)
	at org.apache.ratis.server.impl.LeaderElection.lambda$submitRequests$1(LeaderElection.java:237)
	at java.util.concurrent.FutureTask.run(FutureTask.java:266)
	at java.util.concurrent.Executors$RunnableAdapter.call(Executors.java:511)
	at java.util.concurrent.FutureTask.run(FutureTask.java:266)
	at java.util.concurrent.ThreadPoolExecutor.runWorker(ThreadPoolExecutor.java:1149)
	at java.util.concurrent.ThreadPoolExecutor$Worker.run(ThreadPoolExecutor.java:624)
	... 1 more
Caused by: org.apache.ratis.thirdparty.io.netty.channel.AbstractChannel$AnnotatedConnectException: Connection refused: /192.168.5.185:34367
	at sun.nio.ch.SocketChannelImpl.checkConnect(Native Method)
	at sun.nio.ch.SocketChannelImpl.finishConnect(SocketChannelImpl.java:717)
	at org.apache.ratis.thirdparty.io.netty.channel.socket.nio.NioSocketChannel.doFinishConnect(NioSocketChannel.java:327)
	at org.apache.ratis.thirdparty.io.netty.channel.nio.AbstractNioChannel$AbstractNioUnsafe.finishConnect(AbstractNioChannel.java:340)
	at org.apache.ratis.thirdparty.io.netty.channel.nio.NioEventLoop.processSelectedKey(NioEventLoop.java:632)
	at org.apache.ratis.thirdparty.io.netty.channel.nio.NioEventLoop.processSelectedKeysOptimized(NioEventLoop.java:579)
	at org.apache.ratis.thirdparty.io.netty.channel.nio.NioEventLoop.processSelectedKeys(NioEventLoop.java:496)
	at org.apache.ratis.thirdparty.io.netty.channel.nio.NioEventLoop.run(NioEventLoop.java:458)
	at org.apache.ratis.thirdparty.io.netty.util.concurrent.SingleThreadEventExecutor$5.run(SingleThreadEventExecutor.java:897)
	at org.apache.ratis.thirdparty.io.netty.util.concurrent.FastThreadLocalRunnable.run(FastThreadLocalRunnable.java:30)
	... 1 more
Caused by: java.net.ConnectException: Connection refused
	... 11 more
2019-08-23 10:08:45,785 [94b1aa13-75e5-4c16-a0db-f9a83d869744:group-62B845300AD7:LeaderElection92] INFO  impl.LeaderElection (LeaderElection.java:logAndReturn(56)) - 94b1aa13-75e5-4c16-a0db-f9a83d869744:group-62B845300AD7:LeaderElection92: Election REJECTED; received 0 response(s) [] and 2 exception(s); 94b1aa13-75e5-4c16-a0db-f9a83d869744:t2, leader=null, voted=94b1aa13-75e5-4c16-a0db-f9a83d869744, raftlog=94b1aa13-75e5-4c16-a0db-f9a83d869744-SegmentedRaftLog:OPENED:c4,f4,i4, conf=0: [c5104e55-9930-4334-991a-0509c5a1de9f:192.168.5.185:39019, 94b1aa13-75e5-4c16-a0db-f9a83d869744:192.168.5.185:39321, ea014020-99a8-4d4c-8164-e72a7e895f0e:192.168.5.185:34367], old=null
2019-08-23 10:08:45,785 [94b1aa13-75e5-4c16-a0db-f9a83d869744:group-62B845300AD7:LeaderElection92] INFO  impl.LeaderElection (LogUtils.java:infoOrTrace(149)) -   Exception 0: {}
java.util.concurrent.ExecutionException: org.apache.ratis.thirdparty.io.grpc.StatusRuntimeException: UNAVAILABLE: io exception
	at java.util.concurrent.FutureTask.report(FutureTask.java:122)
	at java.util.concurrent.FutureTask.get(FutureTask.java:192)
	at org.apache.ratis.server.impl.LeaderElection.waitForResults(LeaderElection.java:262)
	at org.apache.ratis.server.impl.LeaderElection.askForVotes(LeaderElection.java:200)
	at org.apache.ratis.server.impl.LeaderElection.run(LeaderElection.java:130)
	at java.lang.Thread.run(Thread.java:748)
Caused by: org.apache.ratis.thirdparty.io.grpc.StatusRuntimeException: UNAVAILABLE: io exception
	at org.apache.ratis.thirdparty.io.grpc.stub.ClientCalls.toStatusRuntimeException(ClientCalls.java:233)
	at org.apache.ratis.thirdparty.io.grpc.stub.ClientCalls.getUnchecked(ClientCalls.java:214)
	at org.apache.ratis.thirdparty.io.grpc.stub.ClientCalls.blockingUnaryCall(ClientCalls.java:139)
	at org.apache.ratis.proto.grpc.RaftServerProtocolServiceGrpc$RaftServerProtocolServiceBlockingStub.requestVote(RaftServerProtocolServiceGrpc.java:265)
	at org.apache.ratis.grpc.server.GrpcServerProtocolClient.requestVote(GrpcServerProtocolClient.java:83)
	at org.apache.ratis.grpc.server.GrpcService.requestVote(GrpcService.java:195)
	at org.apache.ratis.server.impl.LeaderElection.lambda$submitRequests$1(LeaderElection.java:237)
	at java.util.concurrent.FutureTask.run(FutureTask.java:266)
	at java.util.concurrent.Executors$RunnableAdapter.call(Executors.java:511)
	at java.util.concurrent.FutureTask.run(FutureTask.java:266)
	at java.util.concurrent.ThreadPoolExecutor.runWorker(ThreadPoolExecutor.java:1149)
	at java.util.concurrent.ThreadPoolExecutor$Worker.run(ThreadPoolExecutor.java:624)
	... 1 more
Caused by: org.apache.ratis.thirdparty.io.netty.channel.AbstractChannel$AnnotatedConnectException: Connection refused: /192.168.5.185:39019
	at sun.nio.ch.SocketChannelImpl.checkConnect(Native Method)
	at sun.nio.ch.SocketChannelImpl.finishConnect(SocketChannelImpl.java:717)
	at org.apache.ratis.thirdparty.io.netty.channel.socket.nio.NioSocketChannel.doFinishConnect(NioSocketChannel.java:327)
	at org.apache.ratis.thirdparty.io.netty.channel.nio.AbstractNioChannel$AbstractNioUnsafe.finishConnect(AbstractNioChannel.java:340)
	at org.apache.ratis.thirdparty.io.netty.channel.nio.NioEventLoop.processSelectedKey(NioEventLoop.java:632)
	at org.apache.ratis.thirdparty.io.netty.channel.nio.NioEventLoop.processSelectedKeysOptimized(NioEventLoop.java:579)
	at org.apache.ratis.thirdparty.io.netty.channel.nio.NioEventLoop.processSelectedKeys(NioEventLoop.java:496)
	at org.apache.ratis.thirdparty.io.netty.channel.nio.NioEventLoop.run(NioEventLoop.java:458)
	at org.apache.ratis.thirdparty.io.netty.util.concurrent.SingleThreadEventExecutor$5.run(SingleThreadEventExecutor.java:897)
	at org.apache.ratis.thirdparty.io.netty.util.concurrent.FastThreadLocalRunnable.run(FastThreadLocalRunnable.java:30)
	... 1 more
Caused by: java.net.ConnectException: Connection refused
	... 11 more
2019-08-23 10:08:45,786 [94b1aa13-75e5-4c16-a0db-f9a83d869744:group-62B845300AD7:LeaderElection92] INFO  impl.LeaderElection (LogUtils.java:infoOrTrace(149)) -   Exception 1: {}
java.util.concurrent.ExecutionException: org.apache.ratis.thirdparty.io.grpc.StatusRuntimeException: UNAVAILABLE: io exception
	at java.util.concurrent.FutureTask.report(FutureTask.java:122)
	at java.util.concurrent.FutureTask.get(FutureTask.java:192)
	at org.apache.ratis.server.impl.LeaderElection.waitForResults(LeaderElection.java:262)
	at org.apache.ratis.server.impl.LeaderElection.askForVotes(LeaderElection.java:200)
	at org.apache.ratis.server.impl.LeaderElection.run(LeaderElection.java:130)
	at java.lang.Thread.run(Thread.java:748)
Caused by: org.apache.ratis.thirdparty.io.grpc.StatusRuntimeException: UNAVAILABLE: io exception
	at org.apache.ratis.thirdparty.io.grpc.stub.ClientCalls.toStatusRuntimeException(ClientCalls.java:233)
	at org.apache.ratis.thirdparty.io.grpc.stub.ClientCalls.getUnchecked(ClientCalls.java:214)
	at org.apache.ratis.thirdparty.io.grpc.stub.ClientCalls.blockingUnaryCall(ClientCalls.java:139)
	at org.apache.ratis.proto.grpc.RaftServerProtocolServiceGrpc$RaftServerProtocolServiceBlockingStub.requestVote(RaftServerProtocolServiceGrpc.java:265)
	at org.apache.ratis.grpc.server.GrpcServerProtocolClient.requestVote(GrpcServerProtocolClient.java:83)
	at org.apache.ratis.grpc.server.GrpcService.requestVote(GrpcService.java:195)
	at org.apache.ratis.server.impl.LeaderElection.lambda$submitRequests$1(LeaderElection.java:237)
	at java.util.concurrent.FutureTask.run(FutureTask.java:266)
	at java.util.concurrent.Executors$RunnableAdapter.call(Executors.java:511)
	at java.util.concurrent.FutureTask.run(FutureTask.java:266)
	at java.util.concurrent.ThreadPoolExecutor.runWorker(ThreadPoolExecutor.java:1149)
	at java.util.concurrent.ThreadPoolExecutor$Worker.run(ThreadPoolExecutor.java:624)
	... 1 more
Caused by: org.apache.ratis.thirdparty.io.netty.channel.AbstractChannel$AnnotatedConnectException: Connection refused: /192.168.5.185:34367
	at sun.nio.ch.SocketChannelImpl.checkConnect(Native Method)
	at sun.nio.ch.SocketChannelImpl.finishConnect(SocketChannelImpl.java:717)
	at org.apache.ratis.thirdparty.io.netty.channel.socket.nio.NioSocketChannel.doFinishConnect(NioSocketChannel.java:327)
	at org.apache.ratis.thirdparty.io.netty.channel.nio.AbstractNioChannel$AbstractNioUnsafe.finishConnect(AbstractNioChannel.java:340)
	at org.apache.ratis.thirdparty.io.netty.channel.nio.NioEventLoop.processSelectedKey(NioEventLoop.java:632)
	at org.apache.ratis.thirdparty.io.netty.channel.nio.NioEventLoop.processSelectedKeysOptimized(NioEventLoop.java:579)
	at org.apache.ratis.thirdparty.io.netty.channel.nio.NioEventLoop.processSelectedKeys(NioEventLoop.java:496)
	at org.apache.ratis.thirdparty.io.netty.channel.nio.NioEventLoop.run(NioEventLoop.java:458)
	at org.apache.ratis.thirdparty.io.netty.util.concurrent.SingleThreadEventExecutor$5.run(SingleThreadEventExecutor.java:897)
	at org.apache.ratis.thirdparty.io.netty.util.concurrent.FastThreadLocalRunnable.run(FastThreadLocalRunnable.java:30)
	... 1 more
Caused by: java.net.ConnectException: Connection refused
	... 11 more
2019-08-23 10:08:45,786 [94b1aa13-75e5-4c16-a0db-f9a83d869744:group-62B845300AD7:LeaderElection92] INFO  impl.RaftServerImpl (RaftServerImpl.java:setRole(171)) - 94b1aa13-75e5-4c16-a0db-f9a83d869744:group-62B845300AD7 changes role from CANDIDATE to FOLLOWER at term 2 for DISCOVERED_A_NEW_TERM
2019-08-23 10:08:45,786 [94b1aa13-75e5-4c16-a0db-f9a83d869744:group-62B845300AD7:LeaderElection92] INFO  impl.RoleInfo (RoleInfo.java:shutdownLeaderElection(134)) - 94b1aa13-75e5-4c16-a0db-f9a83d869744: shutdown LeaderElection
2019-08-23 10:08:45,786 [94b1aa13-75e5-4c16-a0db-f9a83d869744:group-62B845300AD7:LeaderElection92] INFO  impl.RoleInfo (RoleInfo.java:updateAndGet(143)) - 94b1aa13-75e5-4c16-a0db-f9a83d869744: start FollowerState
2019-08-23 10:08:46,298 [grpc-default-executor-6] WARN  server.GrpcLogAppender (LogUtils.java:warn(134)) - 4d0f799d-93dd-41e2-a20b-564af924474c->92769923-cb08-48ca-bcac-59043f9e191a: Failed appendEntries: org.apache.ratis.thirdparty.io.grpc.StatusRuntimeException: UNAVAILABLE: io exception
2019-08-23 10:08:46,298 [grpc-default-executor-6] INFO  impl.FollowerInfo (FollowerInfo.java:lambda$new$0(50)) - 4d0f799d-93dd-41e2-a20b-564af924474c->92769923-cb08-48ca-bcac-59043f9e191a: nextIndex: updateUnconditionally 14 -> 13
2019-08-23 10:08:46,299 [grpc-default-executor-7] WARN  server.GrpcLogAppender (LogUtils.java:warn(134)) - 4d0f799d-93dd-41e2-a20b-564af924474c->2fab9170-9418-4596-ad4d-318dc3d3daaf: Failed appendEntries: org.apache.ratis.thirdparty.io.grpc.StatusRuntimeException: UNAVAILABLE: io exception
2019-08-23 10:08:46,299 [grpc-default-executor-7] INFO  impl.FollowerInfo (FollowerInfo.java:lambda$new$0(50)) - 4d0f799d-93dd-41e2-a20b-564af924474c->2fab9170-9418-4596-ad4d-318dc3d3daaf: nextIndex: updateUnconditionally 18 -> 17
2019-08-23 10:08:46,687 | INFO  | SCMAudit | user=jenkins1000 | ip=192.168.5.185 | op=SEND_HEARTBEAT {datanodeUUID=94b1aa13-75e5-4c16-a0db-f9a83d869744, command=[]} | ret=SUCCESS |  
2019-08-23 10:08:47,687 | INFO  | SCMAudit | user=jenkins1000 | ip=192.168.5.185 | op=SEND_HEARTBEAT {datanodeUUID=94b1aa13-75e5-4c16-a0db-f9a83d869744, command=[]} | ret=SUCCESS |  
2019-08-23 10:08:48,379 [EventQueue-StaleNodeForStaleNodeHandler] INFO  node.StaleNodeHandler (StaleNodeHandler.java:onMessage(58)) - Datanode 4d0f799d-93dd-41e2-a20b-564af924474c{ip: 192.168.5.185, host: pr-hdds-1094-w8cgz-2737508714, networkLocation: /default-rack, certSerialId: null} moved to stale state. Finalizing its pipelines [PipelineID=7877bf7b-9e2c-4b60-9f3b-ece226544a9c, PipelineID=99323ee6-9bff-4c2d-b155-8ba1f51b7164]
2019-08-23 10:08:48,379 [EventQueue-StaleNodeForStaleNodeHandler] INFO  pipeline.SCMPipelineManager (SCMPipelineManager.java:finalizeAndDestroyPipeline(309)) - destroying pipeline:Pipeline[ Id: 7877bf7b-9e2c-4b60-9f3b-ece226544a9c, Nodes: 4d0f799d-93dd-41e2-a20b-564af924474c{ip: 192.168.5.185, host: pr-hdds-1094-w8cgz-2737508714, networkLocation: /default-rack, certSerialId: null}, Type:RATIS, Factor:ONE, State:OPEN]
2019-08-23 10:08:48,379 [EventQueue-StaleNodeForStaleNodeHandler] INFO  pipeline.PipelineStateManager (PipelineStateManager.java:finalizePipeline(123)) - Pipeline Pipeline[ Id: 7877bf7b-9e2c-4b60-9f3b-ece226544a9c, Nodes: 4d0f799d-93dd-41e2-a20b-564af924474c{ip: 192.168.5.185, host: pr-hdds-1094-w8cgz-2737508714, networkLocation: /default-rack, certSerialId: null}, Type:RATIS, Factor:ONE, State:CLOSED] moved to CLOSED state
2019-08-23 10:08:48,380 [EventQueue-StaleNodeForStaleNodeHandler] INFO  pipeline.SCMPipelineManager (SCMPipelineManager.java:finalizeAndDestroyPipeline(309)) - destroying pipeline:Pipeline[ Id: 99323ee6-9bff-4c2d-b155-8ba1f51b7164, Nodes: 4d0f799d-93dd-41e2-a20b-564af924474c{ip: 192.168.5.185, host: pr-hdds-1094-w8cgz-2737508714, networkLocation: /default-rack, certSerialId: null}2fab9170-9418-4596-ad4d-318dc3d3daaf{ip: 192.168.5.185, host: pr-hdds-1094-w8cgz-2737508714, networkLocation: /default-rack, certSerialId: null}92769923-cb08-48ca-bcac-59043f9e191a{ip: 192.168.5.185, host: pr-hdds-1094-w8cgz-2737508714, networkLocation: /default-rack, certSerialId: null}, Type:RATIS, Factor:THREE, State:CLOSED]
2019-08-23 10:08:48,687 | INFO  | SCMAudit | user=jenkins1000 | ip=192.168.5.185 | op=SEND_HEARTBEAT {datanodeUUID=94b1aa13-75e5-4c16-a0db-f9a83d869744, command=[]} | ret=SUCCESS |  
2019-08-23 10:08:48,798 [grpc-default-executor-7] WARN  server.GrpcLogAppender (LogUtils.java:warn(134)) - 4d0f799d-93dd-41e2-a20b-564af924474c->92769923-cb08-48ca-bcac-59043f9e191a: Failed appendEntries: org.apache.ratis.thirdparty.io.grpc.StatusRuntimeException: UNAVAILABLE: io exception
2019-08-23 10:08:48,799 [grpc-default-executor-7] INFO  impl.FollowerInfo (FollowerInfo.java:lambda$new$0(50)) - 4d0f799d-93dd-41e2-a20b-564af924474c->92769923-cb08-48ca-bcac-59043f9e191a: nextIndex: updateUnconditionally 13 -> 12
2019-08-23 10:08:48,799 [grpc-default-executor-8] WARN  server.GrpcLogAppender (LogUtils.java:warn(134)) - 4d0f799d-93dd-41e2-a20b-564af924474c->2fab9170-9418-4596-ad4d-318dc3d3daaf: Failed appendEntries: org.apache.ratis.thirdparty.io.grpc.StatusRuntimeException: UNAVAILABLE: io exception
2019-08-23 10:08:48,799 [grpc-default-executor-8] INFO  impl.FollowerInfo (FollowerInfo.java:lambda$new$0(50)) - 4d0f799d-93dd-41e2-a20b-564af924474c->2fab9170-9418-4596-ad4d-318dc3d3daaf: nextIndex: updateUnconditionally 17 -> 16
2019-08-23 10:08:48,977 [main] INFO  ozoneimpl.OzoneContainer (OzoneContainer.java:stop(199)) - Attempting to stop container services.
2019-08-23 10:08:48,977 [main] INFO  impl.RaftServerProxy (RaftServerProxy.java:lambda$close$4(314)) - 96496dd4-7d5d-446d-98dc-dd809537dce1: close
2019-08-23 10:08:48,978 [main] INFO  impl.RaftServerImpl (RaftServerImpl.java:lambda$shutdown$3(245)) - 96496dd4-7d5d-446d-98dc-dd809537dce1: shutdown group-073AD501C98E
2019-08-23 10:08:48,978 [main] INFO  util.JmxRegister (JmxRegister.java:unregister(73)) - Successfully un-registered JMX Bean with object name Ratis:service=RaftServer,group=group-073AD501C98E,id=96496dd4-7d5d-446d-98dc-dd809537dce1
2019-08-23 10:08:48,978 [main] INFO  impl.RoleInfo (RoleInfo.java:shutdownLeaderState(104)) - 96496dd4-7d5d-446d-98dc-dd809537dce1: shutdown LeaderState
2019-08-23 10:08:48,979 [main] INFO  impl.PendingRequests (PendingRequests.java:sendNotLeaderResponses(202)) - 96496dd4-7d5d-446d-98dc-dd809537dce1-PendingRequests: sendNotLeaderResponses
2019-08-23 10:08:48,979 [main] INFO  impl.StateMachineUpdater (StateMachineUpdater.java:stopAndJoin(115)) - StateMachineUpdater:96496dd4-7d5d-446d-98dc-dd809537dce1:group-073AD501C98E: set stopIndex = 0
2019-08-23 10:08:48,979 [main] INFO  impl.RaftServerImpl (ServerState.java:close(394)) - 96496dd4-7d5d-446d-98dc-dd809537dce1:group-073AD501C98E closes. The last applied log index is 0
2019-08-23 10:08:48,980 [EventQueue-StaleNodeForStaleNodeHandler] INFO  node.StaleNodeHandler (StaleNodeHandler.java:onMessage(58)) - Datanode 96496dd4-7d5d-446d-98dc-dd809537dce1{ip: 192.168.5.185, host: pr-hdds-1094-w8cgz-2737508714, networkLocation: /default-rack, certSerialId: null} moved to stale state. Finalizing its pipelines [PipelineID=0fe7cb27-a9ec-4784-a765-073ad501c98e]
2019-08-23 10:08:48,980 [96496dd4-7d5d-446d-98dc-dd809537dce1-SegmentedRaftLogWorker:Storage Directory /workdir/hadoop-ozone/integration-test/target/test-dir/MiniOzoneClusterImpl-ce471ee4-c249-4497-9e9a-3bbe536c2c9a/datanode-6/data/ratis/0fe7cb27-a9ec-4784-a765-073ad501c98e] INFO  segmented.SegmentedRaftLogWorker (SegmentedRaftLogWorker.java:run(313)) - 96496dd4-7d5d-446d-98dc-dd809537dce1-SegmentedRaftLogWorker:Storage Directory /workdir/hadoop-ozone/integration-test/target/test-dir/MiniOzoneClusterImpl-ce471ee4-c249-4497-9e9a-3bbe536c2c9a/datanode-6/data/ratis/0fe7cb27-a9ec-4784-a765-073ad501c98e was interrupted, exiting. There are 0 tasks remaining in the queue.
2019-08-23 10:08:48,980 [EventQueue-StaleNodeForStaleNodeHandler] INFO  pipeline.SCMPipelineManager (SCMPipelineManager.java:finalizeAndDestroyPipeline(309)) - destroying pipeline:Pipeline[ Id: 0fe7cb27-a9ec-4784-a765-073ad501c98e, Nodes: 96496dd4-7d5d-446d-98dc-dd809537dce1{ip: 192.168.5.185, host: pr-hdds-1094-w8cgz-2737508714, networkLocation: /default-rack, certSerialId: null}, Type:RATIS, Factor:ONE, State:OPEN]
2019-08-23 10:08:48,982 [EventQueue-StaleNodeForStaleNodeHandler] INFO  pipeline.PipelineStateManager (PipelineStateManager.java:finalizePipeline(123)) - Pipeline Pipeline[ Id: 0fe7cb27-a9ec-4784-a765-073ad501c98e, Nodes: 96496dd4-7d5d-446d-98dc-dd809537dce1{ip: 192.168.5.185, host: pr-hdds-1094-w8cgz-2737508714, networkLocation: /default-rack, certSerialId: null}, Type:RATIS, Factor:ONE, State:CLOSED] moved to CLOSED state
2019-08-23 10:08:48,982 [main] INFO  segmented.SegmentedRaftLogWorker (SegmentedRaftLogWorker.java:close(228)) - 96496dd4-7d5d-446d-98dc-dd809537dce1-SegmentedRaftLogWorker:Storage Directory /workdir/hadoop-ozone/integration-test/target/test-dir/MiniOzoneClusterImpl-ce471ee4-c249-4497-9e9a-3bbe536c2c9a/datanode-6/data/ratis/0fe7cb27-a9ec-4784-a765-073ad501c98e close()
2019-08-23 10:08:48,985 [main] INFO  server.GrpcService (GrpcService.java:closeImpl(155)) - 96496dd4-7d5d-446d-98dc-dd809537dce1: shutdown server with port 44254 now
2019-08-23 10:08:48,986 [main] INFO  server.GrpcService (GrpcService.java:closeImpl(163)) - 96496dd4-7d5d-446d-98dc-dd809537dce1: shutdown server with port 44254 successfully
2019-08-23 10:08:48,987 [ForkJoinPool.commonPool-worker-1] INFO  ozoneimpl.OzoneContainer (OzoneContainer.java:stop(199)) - Attempting to stop container services.
2019-08-23 10:08:48,987 [ForkJoinPool.commonPool-worker-1] INFO  impl.RaftServerProxy (RaftServerProxy.java:lambda$close$4(314)) - 4d0f799d-93dd-41e2-a20b-564af924474c: close
2019-08-23 10:08:48,988 [ForkJoinPool.commonPool-worker-1] INFO  impl.RaftServerImpl (RaftServerImpl.java:lambda$shutdown$3(245)) - 4d0f799d-93dd-41e2-a20b-564af924474c: shutdown group-ECE226544A9C
2019-08-23 10:08:48,988 [main] INFO  utils.BackgroundService (BackgroundService.java:shutdown(148)) - Shutting down service BlockDeletingService
2019-08-23 10:08:48,988 [ForkJoinPool.commonPool-worker-1] INFO  util.JmxRegister (JmxRegister.java:unregister(73)) - Successfully un-registered JMX Bean with object name Ratis:service=RaftServer,group=group-ECE226544A9C,id=4d0f799d-93dd-41e2-a20b-564af924474c
2019-08-23 10:08:48,989 [ForkJoinPool.commonPool-worker-1] INFO  impl.RoleInfo (RoleInfo.java:shutdownLeaderState(104)) - 4d0f799d-93dd-41e2-a20b-564af924474c: shutdown LeaderState
2019-08-23 10:08:48,989 [ForkJoinPool.commonPool-worker-1] INFO  impl.PendingRequests (PendingRequests.java:sendNotLeaderResponses(202)) - 4d0f799d-93dd-41e2-a20b-564af924474c-PendingRequests: sendNotLeaderResponses
2019-08-23 10:08:48,989 [refreshUsed-/workdir/hadoop-ozone/integration-test/target/test-dir/MiniOzoneClusterImpl-ce471ee4-c249-4497-9e9a-3bbe536c2c9a/datanode-6/data/containers] WARN  fs.CachingGetSpaceUsed (CachingGetSpaceUsed.java:run(183)) - Thread Interrupted waiting to refresh disk information: sleep interrupted
2019-08-23 10:08:48,990 [ForkJoinPool.commonPool-worker-1] INFO  impl.StateMachineUpdater (StateMachineUpdater.java:stopAndJoin(115)) - StateMachineUpdater:4d0f799d-93dd-41e2-a20b-564af924474c:group-ECE226544A9C: set stopIndex = 0
2019-08-23 10:08:48,991 [ForkJoinPool.commonPool-worker-1] INFO  impl.RaftServerImpl (ServerState.java:close(394)) - 4d0f799d-93dd-41e2-a20b-564af924474c:group-ECE226544A9C closes. The last applied log index is 0
2019-08-23 10:08:48,992 [4d0f799d-93dd-41e2-a20b-564af924474c-SegmentedRaftLogWorker:Storage Directory /workdir/hadoop-ozone/integration-test/target/test-dir/MiniOzoneClusterImpl-ce471ee4-c249-4497-9e9a-3bbe536c2c9a/datanode-0/data/ratis/7877bf7b-9e2c-4b60-9f3b-ece226544a9c] INFO  segmented.SegmentedRaftLogWorker (SegmentedRaftLogWorker.java:run(313)) - 4d0f799d-93dd-41e2-a20b-564af924474c-SegmentedRaftLogWorker:Storage Directory /workdir/hadoop-ozone/integration-test/target/test-dir/MiniOzoneClusterImpl-ce471ee4-c249-4497-9e9a-3bbe536c2c9a/datanode-0/data/ratis/7877bf7b-9e2c-4b60-9f3b-ece226544a9c was interrupted, exiting. There are 0 tasks remaining in the queue.
2019-08-23 10:08:48,993 [ForkJoinPool.commonPool-worker-1] INFO  segmented.SegmentedRaftLogWorker (SegmentedRaftLogWorker.java:close(228)) - 4d0f799d-93dd-41e2-a20b-564af924474c-SegmentedRaftLogWorker:Storage Directory /workdir/hadoop-ozone/integration-test/target/test-dir/MiniOzoneClusterImpl-ce471ee4-c249-4497-9e9a-3bbe536c2c9a/datanode-0/data/ratis/7877bf7b-9e2c-4b60-9f3b-ece226544a9c close()
2019-08-23 10:08:48,995 [ForkJoinPool.commonPool-worker-1] INFO  impl.RaftServerImpl (RaftServerImpl.java:lambda$shutdown$3(245)) - 4d0f799d-93dd-41e2-a20b-564af924474c: shutdown group-8BA1F51B7164
2019-08-23 10:08:48,995 [ForkJoinPool.commonPool-worker-1] INFO  util.JmxRegister (JmxRegister.java:unregister(73)) - Successfully un-registered JMX Bean with object name Ratis:service=RaftServer,group=group-8BA1F51B7164,id=4d0f799d-93dd-41e2-a20b-564af924474c
2019-08-23 10:08:48,996 [ForkJoinPool.commonPool-worker-1] INFO  impl.RoleInfo (RoleInfo.java:shutdownLeaderState(104)) - 4d0f799d-93dd-41e2-a20b-564af924474c: shutdown LeaderState
2019-08-23 10:08:48,998 [ForkJoinPool.commonPool-worker-1] INFO  impl.PendingRequests (PendingRequests.java:sendNotLeaderResponses(202)) - 4d0f799d-93dd-41e2-a20b-564af924474c-PendingRequests: sendNotLeaderResponses
2019-08-23 10:08:48,998 [org.apache.ratis.server.impl.LogAppender$AppenderDaemon$$Lambda$482/1532957749@17899838] WARN  server.GrpcLogAppender (GrpcLogAppender.java:mayWait(143)) - GrpcLogAppender(4d0f799d-93dd-41e2-a20b-564af924474c->92769923-cb08-48ca-bcac-59043f9e191a): Wait interrupted by java.lang.InterruptedException
2019-08-23 10:08:48,998 [org.apache.ratis.server.impl.LogAppender$AppenderDaemon$$Lambda$482/1532957749@528b04ad] WARN  server.GrpcLogAppender (GrpcLogAppender.java:mayWait(143)) - GrpcLogAppender(4d0f799d-93dd-41e2-a20b-564af924474c->2fab9170-9418-4596-ad4d-318dc3d3daaf): Wait interrupted by java.lang.InterruptedException
2019-08-23 10:08:49,000 [ForkJoinPool.commonPool-worker-1] INFO  impl.StateMachineUpdater (StateMachineUpdater.java:stopAndJoin(115)) - StateMachineUpdater:4d0f799d-93dd-41e2-a20b-564af924474c:group-8BA1F51B7164: set stopIndex = 18
2019-08-23 10:08:49,000 [StateMachineUpdater:4d0f799d-93dd-41e2-a20b-564af924474c:group-8BA1F51B7164] INFO  ratis.ContainerStateMachine (ContainerStateMachine.java:takeSnapshot(283)) - group-8BA1F51B7164: Taking a snapshot at:(t:1, i:18) file /workdir/hadoop-ozone/integration-test/target/test-dir/MiniOzoneClusterImpl-ce471ee4-c249-4497-9e9a-3bbe536c2c9a/datanode-0/data/ratis/99323ee6-9bff-4c2d-b155-8ba1f51b7164/sm/snapshot.1_18
2019-08-23 10:08:49,011 [main] INFO  statemachine.DatanodeStateMachine (DatanodeStateMachine.java:stopDaemon(395)) - Ozone container server stopped.
2019-08-23 10:08:49,012 [main] INFO  handler.ContextHandler (ContextHandler.java:doStop(910)) - Stopped o.e.j.w.WebAppContext@250e9655{/,null,UNAVAILABLE}{/hddsDatanode}
2019-08-23 10:08:49,013 [main] INFO  server.AbstractConnector (AbstractConnector.java:doStop(318)) - Stopped ServerConnector@4064cd60{HTTP/1.1,[http/1.1]}{0.0.0.0:0}
2019-08-23 10:08:49,013 [main] INFO  handler.ContextHandler (ContextHandler.java:doStop(910)) - Stopped o.e.j.s.ServletContextHandler@537dc661{/static,jar:file:/home/user/.m2/repository/org/apache/hadoop/hadoop-hdds-container-service/0.5.0-SNAPSHOT/hadoop-hdds-container-service-0.5.0-SNAPSHOT.jar!/webapps/static,UNAVAILABLE}
2019-08-23 10:08:49,013 [main] INFO  handler.ContextHandler (ContextHandler.java:doStop(910)) - Stopped o.e.j.s.ServletContextHandler@40fdcbd5{/logs,file:///workdir/hadoop-ozone/integration-test/target/log,UNAVAILABLE}
2019-08-23 10:08:49,014 [main] INFO  datanode.ObjectStoreHandler (ObjectStoreHandler.java:close(155)) - Closing ObjectStoreHandler.
2019-08-23 10:08:49,014 [main] INFO  ozone.HddsDatanodeService (HddsDatanodeService.java:stop(451)) - Stopped plug-in org.apache.hadoop.ozone.web.OzoneHddsDatanodeService@28f20b2a
2019-08-23 10:08:49,034 [StateMachineUpdater:4d0f799d-93dd-41e2-a20b-564af924474c:group-8BA1F51B7164] INFO  ratis.ContainerStateMachine (ContainerStateMachine.java:takeSnapshot(294)) - group-8BA1F51B7164: Finished taking a snapshot at:(t:1, i:18) file:/workdir/hadoop-ozone/integration-test/target/test-dir/MiniOzoneClusterImpl-ce471ee4-c249-4497-9e9a-3bbe536c2c9a/datanode-0/data/ratis/99323ee6-9bff-4c2d-b155-8ba1f51b7164/sm/snapshot.1_18 time:34
2019-08-23 10:08:49,034 [StateMachineUpdater:4d0f799d-93dd-41e2-a20b-564af924474c:group-8BA1F51B7164] INFO  impl.StateMachineUpdater (StateMachineUpdater.java:takeSnapshot(242)) - StateMachineUpdater:4d0f799d-93dd-41e2-a20b-564af924474c:group-8BA1F51B7164: Took a snapshot at index 18
2019-08-23 10:08:49,034 [StateMachineUpdater:4d0f799d-93dd-41e2-a20b-564af924474c:group-8BA1F51B7164] INFO  impl.StateMachineUpdater (StateMachineUpdater.java:lambda$new$0(80)) - StateMachineUpdater:4d0f799d-93dd-41e2-a20b-564af924474c:group-8BA1F51B7164: snapshotIndex: updateIncreasingly -1 -> 18
2019-08-23 10:08:49,034 [ForkJoinPool.commonPool-worker-1] INFO  impl.RaftServerImpl (ServerState.java:close(394)) - 4d0f799d-93dd-41e2-a20b-564af924474c:group-8BA1F51B7164 closes. The last applied log index is 18
2019-08-23 10:08:49,035 [4d0f799d-93dd-41e2-a20b-564af924474c-SegmentedRaftLogWorker:Storage Directory /workdir/hadoop-ozone/integration-test/target/test-dir/MiniOzoneClusterImpl-ce471ee4-c249-4497-9e9a-3bbe536c2c9a/datanode-0/data/ratis/99323ee6-9bff-4c2d-b155-8ba1f51b7164] INFO  segmented.SegmentedRaftLogWorker (SegmentedRaftLogWorker.java:run(313)) - 4d0f799d-93dd-41e2-a20b-564af924474c-SegmentedRaftLogWorker:Storage Directory /workdir/hadoop-ozone/integration-test/target/test-dir/MiniOzoneClusterImpl-ce471ee4-c249-4497-9e9a-3bbe536c2c9a/datanode-0/data/ratis/99323ee6-9bff-4c2d-b155-8ba1f51b7164 was interrupted, exiting. There are 0 tasks remaining in the queue.
2019-08-23 10:08:49,036 [ForkJoinPool.commonPool-worker-1] INFO  segmented.SegmentedRaftLogWorker (SegmentedRaftLogWorker.java:close(228)) - 4d0f799d-93dd-41e2-a20b-564af924474c-SegmentedRaftLogWorker:Storage Directory /workdir/hadoop-ozone/integration-test/target/test-dir/MiniOzoneClusterImpl-ce471ee4-c249-4497-9e9a-3bbe536c2c9a/datanode-0/data/ratis/99323ee6-9bff-4c2d-b155-8ba1f51b7164 close()
2019-08-23 10:08:49,038 [ForkJoinPool.commonPool-worker-1] INFO  server.GrpcService (GrpcService.java:closeImpl(155)) - 4d0f799d-93dd-41e2-a20b-564af924474c: shutdown server with port 46692 now
2019-08-23 10:08:49,039 [grpc-default-executor-7] WARN  client.GrpcClientProtocolService (LogUtils.java:warn(134)) - 2-UnorderedRequestStreamObserver2: onError: org.apache.ratis.thirdparty.io.grpc.StatusRuntimeException: CANCELLED: cancelled before receiving half close
2019-08-23 10:08:49,039 [ForkJoinPool.commonPool-worker-1] INFO  server.GrpcService (GrpcService.java:closeImpl(163)) - 4d0f799d-93dd-41e2-a20b-564af924474c: shutdown server with port 46692 successfully
2019-08-23 10:08:49,041 [ForkJoinPool.commonPool-worker-1] INFO  utils.BackgroundService (BackgroundService.java:shutdown(148)) - Shutting down service BlockDeletingService
2019-08-23 10:08:49,042 [refreshUsed-/workdir/hadoop-ozone/integration-test/target/test-dir/MiniOzoneClusterImpl-ce471ee4-c249-4497-9e9a-3bbe536c2c9a/datanode-0/data/containers] WARN  fs.CachingGetSpaceUsed (CachingGetSpaceUsed.java:run(183)) - Thread Interrupted waiting to refresh disk information: sleep interrupted
2019-08-23 10:08:49,062 [ForkJoinPool.commonPool-worker-1] INFO  statemachine.DatanodeStateMachine (DatanodeStateMachine.java:stopDaemon(395)) - Ozone container server stopped.
2019-08-23 10:08:49,064 [ForkJoinPool.commonPool-worker-1] INFO  handler.ContextHandler (ContextHandler.java:doStop(910)) - Stopped o.e.j.w.WebAppContext@f9402c2{/,null,UNAVAILABLE}{/hddsDatanode}
2019-08-23 10:08:49,065 [ForkJoinPool.commonPool-worker-1] INFO  server.AbstractConnector (AbstractConnector.java:doStop(318)) - Stopped ServerConnector@9dc9212{HTTP/1.1,[http/1.1]}{0.0.0.0:0}
2019-08-23 10:08:49,065 [ForkJoinPool.commonPool-worker-1] INFO  handler.ContextHandler (ContextHandler.java:doStop(910)) - Stopped o.e.j.s.ServletContextHandler@125c1134{/static,jar:file:/home/user/.m2/repository/org/apache/hadoop/hadoop-hdds-container-service/0.5.0-SNAPSHOT/hadoop-hdds-container-service-0.5.0-SNAPSHOT.jar!/webapps/static,UNAVAILABLE}
2019-08-23 10:08:49,065 [ForkJoinPool.commonPool-worker-1] INFO  handler.ContextHandler (ContextHandler.java:doStop(910)) - Stopped o.e.j.s.ServletContextHandler@272600e1{/logs,file:///workdir/hadoop-ozone/integration-test/target/log,UNAVAILABLE}
2019-08-23 10:08:49,686 [Datanode State Machine Thread - 0] INFO  statemachine.DatanodeStateMachine (DatanodeStateMachine.java:lambda$startDaemon$0(350)) - Ozone container server started.
2019-08-23 10:08:50,876 [Thread-4381] INFO  impl.FollowerState (FollowerState.java:run(106)) - 94b1aa13-75e5-4c16-a0db-f9a83d869744:group-62B845300AD7 changes to CANDIDATE, lastRpcTime:5089, electionTimeout:5089ms
2019-08-23 10:08:50,876 [Thread-4381] INFO  impl.RoleInfo (RoleInfo.java:shutdownFollowerState(121)) - 94b1aa13-75e5-4c16-a0db-f9a83d869744: shutdown FollowerState
2019-08-23 10:08:50,876 [Thread-4381] INFO  impl.RaftServerImpl (RaftServerImpl.java:setRole(171)) - 94b1aa13-75e5-4c16-a0db-f9a83d869744:group-62B845300AD7 changes role from FOLLOWER to CANDIDATE at term 2 for changeToCandidate
2019-08-23 10:08:50,876 [Thread-4381] INFO  impl.RoleInfo (RoleInfo.java:updateAndGet(143)) - 94b1aa13-75e5-4c16-a0db-f9a83d869744: start LeaderElection
2019-08-23 10:08:50,908 [94b1aa13-75e5-4c16-a0db-f9a83d869744:group-62B845300AD7:LeaderElection93] INFO  impl.LeaderElection (LeaderElection.java:askForVotes(181)) - 94b1aa13-75e5-4c16-a0db-f9a83d869744:group-62B845300AD7:LeaderElection93: begin an election at term 3 for 0: [c5104e55-9930-4334-991a-0509c5a1de9f:192.168.5.185:39019, 94b1aa13-75e5-4c16-a0db-f9a83d869744:192.168.5.185:39321, ea014020-99a8-4d4c-8164-e72a7e895f0e:192.168.5.185:34367], old=null
2019-08-23 10:08:50,909 [94b1aa13-75e5-4c16-a0db-f9a83d869744:group-62B845300AD7:LeaderElection93] INFO  impl.LeaderElection (LogUtils.java:infoOrTrace(149)) - 94b1aa13-75e5-4c16-a0db-f9a83d869744:group-62B845300AD7:LeaderElection93 got exception when requesting votes: {}
java.util.concurrent.ExecutionException: org.apache.ratis.thirdparty.io.grpc.StatusRuntimeException: UNAVAILABLE: io exception
	at java.util.concurrent.FutureTask.report(FutureTask.java:122)
	at java.util.concurrent.FutureTask.get(FutureTask.java:192)
	at org.apache.ratis.server.impl.LeaderElection.waitForResults(LeaderElection.java:262)
	at org.apache.ratis.server.impl.LeaderElection.askForVotes(LeaderElection.java:200)
	at org.apache.ratis.server.impl.LeaderElection.run(LeaderElection.java:130)
	at java.lang.Thread.run(Thread.java:748)
Caused by: org.apache.ratis.thirdparty.io.grpc.StatusRuntimeException: UNAVAILABLE: io exception
	at org.apache.ratis.thirdparty.io.grpc.stub.ClientCalls.toStatusRuntimeException(ClientCalls.java:233)
	at org.apache.ratis.thirdparty.io.grpc.stub.ClientCalls.getUnchecked(ClientCalls.java:214)
	at org.apache.ratis.thirdparty.io.grpc.stub.ClientCalls.blockingUnaryCall(ClientCalls.java:139)
	at org.apache.ratis.proto.grpc.RaftServerProtocolServiceGrpc$RaftServerProtocolServiceBlockingStub.requestVote(RaftServerProtocolServiceGrpc.java:265)
	at org.apache.ratis.grpc.server.GrpcServerProtocolClient.requestVote(GrpcServerProtocolClient.java:83)
	at org.apache.ratis.grpc.server.GrpcService.requestVote(GrpcService.java:195)
	at org.apache.ratis.server.impl.LeaderElection.lambda$submitRequests$1(LeaderElection.java:237)
	at java.util.concurrent.FutureTask.run(FutureTask.java:266)
	at java.util.concurrent.Executors$RunnableAdapter.call(Executors.java:511)
	at java.util.concurrent.FutureTask.run(FutureTask.java:266)
	at java.util.concurrent.ThreadPoolExecutor.runWorker(ThreadPoolExecutor.java:1149)
	at java.util.concurrent.ThreadPoolExecutor$Worker.run(ThreadPoolExecutor.java:624)
	... 1 more
Caused by: org.apache.ratis.thirdparty.io.netty.channel.AbstractChannel$AnnotatedConnectException: Connection refused: /192.168.5.185:39019
	at sun.nio.ch.SocketChannelImpl.checkConnect(Native Method)
	at sun.nio.ch.SocketChannelImpl.finishConnect(SocketChannelImpl.java:717)
	at org.apache.ratis.thirdparty.io.netty.channel.socket.nio.NioSocketChannel.doFinishConnect(NioSocketChannel.java:327)
	at org.apache.ratis.thirdparty.io.netty.channel.nio.AbstractNioChannel$AbstractNioUnsafe.finishConnect(AbstractNioChannel.java:340)
	at org.apache.ratis.thirdparty.io.netty.channel.nio.NioEventLoop.processSelectedKey(NioEventLoop.java:632)
	at org.apache.ratis.thirdparty.io.netty.channel.nio.NioEventLoop.processSelectedKeysOptimized(NioEventLoop.java:579)
	at org.apache.ratis.thirdparty.io.netty.channel.nio.NioEventLoop.processSelectedKeys(NioEventLoop.java:496)
	at org.apache.ratis.thirdparty.io.netty.channel.nio.NioEventLoop.run(NioEventLoop.java:458)
	at org.apache.ratis.thirdparty.io.netty.util.concurrent.SingleThreadEventExecutor$5.run(SingleThreadEventExecutor.java:897)
	at org.apache.ratis.thirdparty.io.netty.util.concurrent.FastThreadLocalRunnable.run(FastThreadLocalRunnable.java:30)
	... 1 more
Caused by: java.net.ConnectException: Connection refused
	... 11 more
2019-08-23 10:08:50,911 [94b1aa13-75e5-4c16-a0db-f9a83d869744:group-62B845300AD7:LeaderElection93] INFO  impl.LeaderElection (LogUtils.java:infoOrTrace(149)) - 94b1aa13-75e5-4c16-a0db-f9a83d869744:group-62B845300AD7:LeaderElection93 got exception when requesting votes: {}
java.util.concurrent.ExecutionException: org.apache.ratis.thirdparty.io.grpc.StatusRuntimeException: UNAVAILABLE: io exception
	at java.util.concurrent.FutureTask.report(FutureTask.java:122)
	at java.util.concurrent.FutureTask.get(FutureTask.java:192)
	at org.apache.ratis.server.impl.LeaderElection.waitForResults(LeaderElection.java:262)
	at org.apache.ratis.server.impl.LeaderElection.askForVotes(LeaderElection.java:200)
	at org.apache.ratis.server.impl.LeaderElection.run(LeaderElection.java:130)
	at java.lang.Thread.run(Thread.java:748)
Caused by: org.apache.ratis.thirdparty.io.grpc.StatusRuntimeException: UNAVAILABLE: io exception
	at org.apache.ratis.thirdparty.io.grpc.stub.ClientCalls.toStatusRuntimeException(ClientCalls.java:233)
	at org.apache.ratis.thirdparty.io.grpc.stub.ClientCalls.getUnchecked(ClientCalls.java:214)
	at org.apache.ratis.thirdparty.io.grpc.stub.ClientCalls.blockingUnaryCall(ClientCalls.java:139)
	at org.apache.ratis.proto.grpc.RaftServerProtocolServiceGrpc$RaftServerProtocolServiceBlockingStub.requestVote(RaftServerProtocolServiceGrpc.java:265)
	at org.apache.ratis.grpc.server.GrpcServerProtocolClient.requestVote(GrpcServerProtocolClient.java:83)
	at org.apache.ratis.grpc.server.GrpcService.requestVote(GrpcService.java:195)
	at org.apache.ratis.server.impl.LeaderElection.lambda$submitRequests$1(LeaderElection.java:237)
	at java.util.concurrent.FutureTask.run(FutureTask.java:266)
	at java.util.concurrent.Executors$RunnableAdapter.call(Executors.java:511)
	at java.util.concurrent.FutureTask.run(FutureTask.java:266)
	at java.util.concurrent.ThreadPoolExecutor.runWorker(ThreadPoolExecutor.java:1149)
	at java.util.concurrent.ThreadPoolExecutor$Worker.run(ThreadPoolExecutor.java:624)
	... 1 more
Caused by: org.apache.ratis.thirdparty.io.netty.channel.AbstractChannel$AnnotatedConnectException: Connection refused: /192.168.5.185:34367
	at sun.nio.ch.SocketChannelImpl.checkConnect(Native Method)
	at sun.nio.ch.SocketChannelImpl.finishConnect(SocketChannelImpl.java:717)
	at org.apache.ratis.thirdparty.io.netty.channel.socket.nio.NioSocketChannel.doFinishConnect(NioSocketChannel.java:327)
	at org.apache.ratis.thirdparty.io.netty.channel.nio.AbstractNioChannel$AbstractNioUnsafe.finishConnect(AbstractNioChannel.java:340)
	at org.apache.ratis.thirdparty.io.netty.channel.nio.NioEventLoop.processSelectedKey(NioEventLoop.java:632)
	at org.apache.ratis.thirdparty.io.netty.channel.nio.NioEventLoop.processSelectedKeysOptimized(NioEventLoop.java:579)
	at org.apache.ratis.thirdparty.io.netty.channel.nio.NioEventLoop.processSelectedKeys(NioEventLoop.java:496)
	at org.apache.ratis.thirdparty.io.netty.channel.nio.NioEventLoop.run(NioEventLoop.java:458)
	at org.apache.ratis.thirdparty.io.netty.util.concurrent.SingleThreadEventExecutor$5.run(SingleThreadEventExecutor.java:897)
	at org.apache.ratis.thirdparty.io.netty.util.concurrent.FastThreadLocalRunnable.run(FastThreadLocalRunnable.java:30)
	... 1 more
Caused by: java.net.ConnectException: Connection refused
	... 11 more
2019-08-23 10:08:50,913 [94b1aa13-75e5-4c16-a0db-f9a83d869744:group-62B845300AD7:LeaderElection93] INFO  impl.LeaderElection (LeaderElection.java:logAndReturn(56)) - 94b1aa13-75e5-4c16-a0db-f9a83d869744:group-62B845300AD7:LeaderElection93: Election REJECTED; received 0 response(s) [] and 2 exception(s); 94b1aa13-75e5-4c16-a0db-f9a83d869744:t3, leader=null, voted=94b1aa13-75e5-4c16-a0db-f9a83d869744, raftlog=94b1aa13-75e5-4c16-a0db-f9a83d869744-SegmentedRaftLog:OPENED:c4,f4,i4, conf=0: [c5104e55-9930-4334-991a-0509c5a1de9f:192.168.5.185:39019, 94b1aa13-75e5-4c16-a0db-f9a83d869744:192.168.5.185:39321, ea014020-99a8-4d4c-8164-e72a7e895f0e:192.168.5.185:34367], old=null
2019-08-23 10:08:50,913 [94b1aa13-75e5-4c16-a0db-f9a83d869744:group-62B845300AD7:LeaderElection93] INFO  impl.LeaderElection (LogUtils.java:infoOrTrace(149)) -   Exception 0: {}
java.util.concurrent.ExecutionException: org.apache.ratis.thirdparty.io.grpc.StatusRuntimeException: UNAVAILABLE: io exception
	at java.util.concurrent.FutureTask.report(FutureTask.java:122)
	at java.util.concurrent.FutureTask.get(FutureTask.java:192)
	at org.apache.ratis.server.impl.LeaderElection.waitForResults(LeaderElection.java:262)
	at org.apache.ratis.server.impl.LeaderElection.askForVotes(LeaderElection.java:200)
	at org.apache.ratis.server.impl.LeaderElection.run(LeaderElection.java:130)
	at java.lang.Thread.run(Thread.java:748)
Caused by: org.apache.ratis.thirdparty.io.grpc.StatusRuntimeException: UNAVAILABLE: io exception
	at org.apache.ratis.thirdparty.io.grpc.stub.ClientCalls.toStatusRuntimeException(ClientCalls.java:233)
	at org.apache.ratis.thirdparty.io.grpc.stub.ClientCalls.getUnchecked(ClientCalls.java:214)
	at org.apache.ratis.thirdparty.io.grpc.stub.ClientCalls.blockingUnaryCall(ClientCalls.java:139)
	at org.apache.ratis.proto.grpc.RaftServerProtocolServiceGrpc$RaftServerProtocolServiceBlockingStub.requestVote(RaftServerProtocolServiceGrpc.java:265)
	at org.apache.ratis.grpc.server.GrpcServerProtocolClient.requestVote(GrpcServerProtocolClient.java:83)
	at org.apache.ratis.grpc.server.GrpcService.requestVote(GrpcService.java:195)
	at org.apache.ratis.server.impl.LeaderElection.lambda$submitRequests$1(LeaderElection.java:237)
	at java.util.concurrent.FutureTask.run(FutureTask.java:266)
	at java.util.concurrent.Executors$RunnableAdapter.call(Executors.java:511)
	at java.util.concurrent.FutureTask.run(FutureTask.java:266)
	at java.util.concurrent.ThreadPoolExecutor.runWorker(ThreadPoolExecutor.java:1149)
	at java.util.concurrent.ThreadPoolExecutor$Worker.run(ThreadPoolExecutor.java:624)
	... 1 more
Caused by: org.apache.ratis.thirdparty.io.netty.channel.AbstractChannel$AnnotatedConnectException: Connection refused: /192.168.5.185:39019
	at sun.nio.ch.SocketChannelImpl.checkConnect(Native Method)
	at sun.nio.ch.SocketChannelImpl.finishConnect(SocketChannelImpl.java:717)
	at org.apache.ratis.thirdparty.io.netty.channel.socket.nio.NioSocketChannel.doFinishConnect(NioSocketChannel.java:327)
	at org.apache.ratis.thirdparty.io.netty.channel.nio.AbstractNioChannel$AbstractNioUnsafe.finishConnect(AbstractNioChannel.java:340)
	at org.apache.ratis.thirdparty.io.netty.channel.nio.NioEventLoop.processSelectedKey(NioEventLoop.java:632)
	at org.apache.ratis.thirdparty.io.netty.channel.nio.NioEventLoop.processSelectedKeysOptimized(NioEventLoop.java:579)
	at org.apache.ratis.thirdparty.io.netty.channel.nio.NioEventLoop.processSelectedKeys(NioEventLoop.java:496)
	at org.apache.ratis.thirdparty.io.netty.channel.nio.NioEventLoop.run(NioEventLoop.java:458)
	at org.apache.ratis.thirdparty.io.netty.util.concurrent.SingleThreadEventExecutor$5.run(SingleThreadEventExecutor.java:897)
	at org.apache.ratis.thirdparty.io.netty.util.concurrent.FastThreadLocalRunnable.run(FastThreadLocalRunnable.java:30)
	... 1 more
Caused by: java.net.ConnectException: Connection refused
	... 11 more
2019-08-23 10:08:50,913 [94b1aa13-75e5-4c16-a0db-f9a83d869744:group-62B845300AD7:LeaderElection93] INFO  impl.LeaderElection (LogUtils.java:infoOrTrace(149)) -   Exception 1: {}
java.util.concurrent.ExecutionException: org.apache.ratis.thirdparty.io.grpc.StatusRuntimeException: UNAVAILABLE: io exception
	at java.util.concurrent.FutureTask.report(FutureTask.java:122)
	at java.util.concurrent.FutureTask.get(FutureTask.java:192)
	at org.apache.ratis.server.impl.LeaderElection.waitForResults(LeaderElection.java:262)
	at org.apache.ratis.server.impl.LeaderElection.askForVotes(LeaderElection.java:200)
	at org.apache.ratis.server.impl.LeaderElection.run(LeaderElection.java:130)
	at java.lang.Thread.run(Thread.java:748)
Caused by: org.apache.ratis.thirdparty.io.grpc.StatusRuntimeException: UNAVAILABLE: io exception
	at org.apache.ratis.thirdparty.io.grpc.stub.ClientCalls.toStatusRuntimeException(ClientCalls.java:233)
	at org.apache.ratis.thirdparty.io.grpc.stub.ClientCalls.getUnchecked(ClientCalls.java:214)
	at org.apache.ratis.thirdparty.io.grpc.stub.ClientCalls.blockingUnaryCall(ClientCalls.java:139)
	at org.apache.ratis.proto.grpc.RaftServerProtocolServiceGrpc$RaftServerProtocolServiceBlockingStub.requestVote(RaftServerProtocolServiceGrpc.java:265)
	at org.apache.ratis.grpc.server.GrpcServerProtocolClient.requestVote(GrpcServerProtocolClient.java:83)
	at org.apache.ratis.grpc.server.GrpcService.requestVote(GrpcService.java:195)
	at org.apache.ratis.server.impl.LeaderElection.lambda$submitRequests$1(LeaderElection.java:237)
	at java.util.concurrent.FutureTask.run(FutureTask.java:266)
	at java.util.concurrent.Executors$RunnableAdapter.call(Executors.java:511)
	at java.util.concurrent.FutureTask.run(FutureTask.java:266)
	at java.util.concurrent.ThreadPoolExecutor.runWorker(ThreadPoolExecutor.java:1149)
	at java.util.concurrent.ThreadPoolExecutor$Worker.run(ThreadPoolExecutor.java:624)
	... 1 more
Caused by: org.apache.ratis.thirdparty.io.netty.channel.AbstractChannel$AnnotatedConnectException: Connection refused: /192.168.5.185:34367
	at sun.nio.ch.SocketChannelImpl.checkConnect(Native Method)
	at sun.nio.ch.SocketChannelImpl.finishConnect(SocketChannelImpl.java:717)
	at org.apache.ratis.thirdparty.io.netty.channel.socket.nio.NioSocketChannel.doFinishConnect(NioSocketChannel.java:327)
	at org.apache.ratis.thirdparty.io.netty.channel.nio.AbstractNioChannel$AbstractNioUnsafe.finishConnect(AbstractNioChannel.java:340)
	at org.apache.ratis.thirdparty.io.netty.channel.nio.NioEventLoop.processSelectedKey(NioEventLoop.java:632)
	at org.apache.ratis.thirdparty.io.netty.channel.nio.NioEventLoop.processSelectedKeysOptimized(NioEventLoop.java:579)
	at org.apache.ratis.thirdparty.io.netty.channel.nio.NioEventLoop.processSelectedKeys(NioEventLoop.java:496)
	at org.apache.ratis.thirdparty.io.netty.channel.nio.NioEventLoop.run(NioEventLoop.java:458)
	at org.apache.ratis.thirdparty.io.netty.util.concurrent.SingleThreadEventExecutor$5.run(SingleThreadEventExecutor.java:897)
	at org.apache.ratis.thirdparty.io.netty.util.concurrent.FastThreadLocalRunnable.run(FastThreadLocalRunnable.java:30)
	... 1 more
Caused by: java.net.ConnectException: Connection refused
	... 11 more
2019-08-23 10:08:50,914 [94b1aa13-75e5-4c16-a0db-f9a83d869744:group-62B845300AD7:LeaderElection93] INFO  impl.RaftServerImpl (RaftServerImpl.java:setRole(171)) - 94b1aa13-75e5-4c16-a0db-f9a83d869744:group-62B845300AD7 changes role from CANDIDATE to FOLLOWER at term 3 for DISCOVERED_A_NEW_TERM
2019-08-23 10:08:50,914 [94b1aa13-75e5-4c16-a0db-f9a83d869744:group-62B845300AD7:LeaderElection93] INFO  impl.RoleInfo (RoleInfo.java:shutdownLeaderElection(134)) - 94b1aa13-75e5-4c16-a0db-f9a83d869744: shutdown LeaderElection
2019-08-23 10:08:50,914 [94b1aa13-75e5-4c16-a0db-f9a83d869744:group-62B845300AD7:LeaderElection93] INFO  impl.RoleInfo (RoleInfo.java:updateAndGet(143)) - 94b1aa13-75e5-4c16-a0db-f9a83d869744: start FollowerState
2019-08-23 10:08:53,786 [EventQueue-StaleNodeForStaleNodeHandler] INFO  node.StaleNodeHandler (StaleNodeHandler.java:onMessage(58)) - Datanode 94b1aa13-75e5-4c16-a0db-f9a83d869744{ip: 192.168.5.185, host: pr-hdds-1094-w8cgz-2737508714, networkLocation: /default-rack, certSerialId: null} moved to stale state. Finalizing its pipelines [PipelineID=24a7c382-dd7d-4f6b-8fc8-62b845300ad7, PipelineID=3530419a-ea54-4abd-b17c-3bdf4f09fbc0]
2019-08-23 10:08:53,787 [EventQueue-StaleNodeForStaleNodeHandler] INFO  pipeline.SCMPipelineManager (SCMPipelineManager.java:finalizeAndDestroyPipeline(309)) - destroying pipeline:Pipeline[ Id: 24a7c382-dd7d-4f6b-8fc8-62b845300ad7, Nodes: 94b1aa13-75e5-4c16-a0db-f9a83d869744{ip: 192.168.5.185, host: pr-hdds-1094-w8cgz-2737508714, networkLocation: /default-rack, certSerialId: null}c5104e55-9930-4334-991a-0509c5a1de9f{ip: 192.168.5.185, host: pr-hdds-1094-w8cgz-2737508714, networkLocation: /default-rack, certSerialId: null}ea014020-99a8-4d4c-8164-e72a7e895f0e{ip: 192.168.5.185, host: pr-hdds-1094-w8cgz-2737508714, networkLocation: /default-rack, certSerialId: null}, Type:RATIS, Factor:THREE, State:CLOSED]
2019-08-23 10:08:53,788 [EventQueue-StaleNodeForStaleNodeHandler] INFO  pipeline.SCMPipelineManager (SCMPipelineManager.java:finalizeAndDestroyPipeline(309)) - destroying pipeline:Pipeline[ Id: 3530419a-ea54-4abd-b17c-3bdf4f09fbc0, Nodes: 94b1aa13-75e5-4c16-a0db-f9a83d869744{ip: 192.168.5.185, host: pr-hdds-1094-w8cgz-2737508714, networkLocation: /default-rack, certSerialId: null}, Type:RATIS, Factor:ONE, State:OPEN]
2019-08-23 10:08:53,788 [EventQueue-StaleNodeForStaleNodeHandler] INFO  pipeline.PipelineStateManager (PipelineStateManager.java:finalizePipeline(123)) - Pipeline Pipeline[ Id: 3530419a-ea54-4abd-b17c-3bdf4f09fbc0, Nodes: 94b1aa13-75e5-4c16-a0db-f9a83d869744{ip: 192.168.5.185, host: pr-hdds-1094-w8cgz-2737508714, networkLocation: /default-rack, certSerialId: null}, Type:RATIS, Factor:ONE, State:CLOSED] moved to CLOSED state
2019-08-23 10:08:54,015 [main] INFO  ozoneimpl.OzoneContainer (OzoneContainer.java:stop(199)) - Attempting to stop container services.
2019-08-23 10:08:54,016 [main] INFO  impl.RaftServerProxy (RaftServerProxy.java:lambda$close$4(314)) - 94b1aa13-75e5-4c16-a0db-f9a83d869744: close
2019-08-23 10:08:54,017 [main] INFO  impl.RaftServerImpl (RaftServerImpl.java:lambda$shutdown$3(245)) - 94b1aa13-75e5-4c16-a0db-f9a83d869744: shutdown group-62B845300AD7
2019-08-23 10:08:54,017 [ForkJoinPool.commonPool-worker-0] INFO  impl.RaftServerImpl (RaftServerImpl.java:lambda$shutdown$3(245)) - 94b1aa13-75e5-4c16-a0db-f9a83d869744: shutdown group-3BDF4F09FBC0
2019-08-23 10:08:54,018 [main] INFO  util.JmxRegister (JmxRegister.java:unregister(73)) - Successfully un-registered JMX Bean with object name Ratis:service=RaftServer,group=group-62B845300AD7,id=94b1aa13-75e5-4c16-a0db-f9a83d869744
2019-08-23 10:08:54,018 [ForkJoinPool.commonPool-worker-0] INFO  util.JmxRegister (JmxRegister.java:unregister(73)) - Successfully un-registered JMX Bean with object name Ratis:service=RaftServer,group=group-3BDF4F09FBC0,id=94b1aa13-75e5-4c16-a0db-f9a83d869744
2019-08-23 10:08:54,018 [main] INFO  impl.RoleInfo (RoleInfo.java:shutdownFollowerState(121)) - 94b1aa13-75e5-4c16-a0db-f9a83d869744: shutdown FollowerState
2019-08-23 10:08:54,018 [ForkJoinPool.commonPool-worker-0] INFO  impl.RoleInfo (RoleInfo.java:shutdownLeaderState(104)) - 94b1aa13-75e5-4c16-a0db-f9a83d869744: shutdown LeaderState
2019-08-23 10:08:54,019 [main] INFO  impl.StateMachineUpdater (StateMachineUpdater.java:stopAndJoin(115)) - StateMachineUpdater:94b1aa13-75e5-4c16-a0db-f9a83d869744:group-62B845300AD7: set stopIndex = 4
2019-08-23 10:08:54,019 [ForkJoinPool.commonPool-worker-0] INFO  impl.PendingRequests (PendingRequests.java:sendNotLeaderResponses(202)) - 94b1aa13-75e5-4c16-a0db-f9a83d869744-PendingRequests: sendNotLeaderResponses
2019-08-23 10:08:54,019 [StateMachineUpdater:94b1aa13-75e5-4c16-a0db-f9a83d869744:group-62B845300AD7] INFO  ratis.ContainerStateMachine (ContainerStateMachine.java:takeSnapshot(283)) - group-62B845300AD7: Taking a snapshot at:(t:1, i:3) file /workdir/hadoop-ozone/integration-test/target/test-dir/MiniOzoneClusterImpl-ce471ee4-c249-4497-9e9a-3bbe536c2c9a/datanode-5/data/ratis/24a7c382-dd7d-4f6b-8fc8-62b845300ad7/sm/snapshot.1_3
2019-08-23 10:08:54,019 [Thread-4385] INFO  impl.FollowerState (FollowerState.java:run(114)) - 94b1aa13-75e5-4c16-a0db-f9a83d869744: FollowerState was interrupted: java.lang.InterruptedException: sleep interrupted
2019-08-23 10:08:54,019 [ForkJoinPool.commonPool-worker-0] INFO  impl.StateMachineUpdater (StateMachineUpdater.java:stopAndJoin(115)) - StateMachineUpdater:94b1aa13-75e5-4c16-a0db-f9a83d869744:group-3BDF4F09FBC0: set stopIndex = 0
2019-08-23 10:08:54,021 [ForkJoinPool.commonPool-worker-0] INFO  impl.RaftServerImpl (ServerState.java:close(394)) - 94b1aa13-75e5-4c16-a0db-f9a83d869744:group-3BDF4F09FBC0 closes. The last applied log index is 0
2019-08-23 10:08:54,021 [94b1aa13-75e5-4c16-a0db-f9a83d869744-SegmentedRaftLogWorker:Storage Directory /workdir/hadoop-ozone/integration-test/target/test-dir/MiniOzoneClusterImpl-ce471ee4-c249-4497-9e9a-3bbe536c2c9a/datanode-5/data/ratis/3530419a-ea54-4abd-b17c-3bdf4f09fbc0] INFO  segmented.SegmentedRaftLogWorker (SegmentedRaftLogWorker.java:run(313)) - 94b1aa13-75e5-4c16-a0db-f9a83d869744-SegmentedRaftLogWorker:Storage Directory /workdir/hadoop-ozone/integration-test/target/test-dir/MiniOzoneClusterImpl-ce471ee4-c249-4497-9e9a-3bbe536c2c9a/datanode-5/data/ratis/3530419a-ea54-4abd-b17c-3bdf4f09fbc0 was interrupted, exiting. There are 0 tasks remaining in the queue.
2019-08-23 10:08:54,022 [ForkJoinPool.commonPool-worker-0] INFO  segmented.SegmentedRaftLogWorker (SegmentedRaftLogWorker.java:close(228)) - 94b1aa13-75e5-4c16-a0db-f9a83d869744-SegmentedRaftLogWorker:Storage Directory /workdir/hadoop-ozone/integration-test/target/test-dir/MiniOzoneClusterImpl-ce471ee4-c249-4497-9e9a-3bbe536c2c9a/datanode-5/data/ratis/3530419a-ea54-4abd-b17c-3bdf4f09fbc0 close()
2019-08-23 10:08:54,062 [StateMachineUpdater:94b1aa13-75e5-4c16-a0db-f9a83d869744:group-62B845300AD7] INFO  ratis.ContainerStateMachine (ContainerStateMachine.java:takeSnapshot(294)) - group-62B845300AD7: Finished taking a snapshot at:(t:1, i:3) file:/workdir/hadoop-ozone/integration-test/target/test-dir/MiniOzoneClusterImpl-ce471ee4-c249-4497-9e9a-3bbe536c2c9a/datanode-5/data/ratis/24a7c382-dd7d-4f6b-8fc8-62b845300ad7/sm/snapshot.1_3 time:43
2019-08-23 10:08:54,062 [StateMachineUpdater:94b1aa13-75e5-4c16-a0db-f9a83d869744:group-62B845300AD7] INFO  impl.StateMachineUpdater (StateMachineUpdater.java:takeSnapshot(242)) - StateMachineUpdater:94b1aa13-75e5-4c16-a0db-f9a83d869744:group-62B845300AD7: Took a snapshot at index 3
2019-08-23 10:08:54,062 [StateMachineUpdater:94b1aa13-75e5-4c16-a0db-f9a83d869744:group-62B845300AD7] INFO  impl.StateMachineUpdater (StateMachineUpdater.java:lambda$new$0(80)) - StateMachineUpdater:94b1aa13-75e5-4c16-a0db-f9a83d869744:group-62B845300AD7: snapshotIndex: updateIncreasingly -1 -> 3
2019-08-23 10:08:54,063 [main] INFO  impl.RaftServerImpl (ServerState.java:close(394)) - 94b1aa13-75e5-4c16-a0db-f9a83d869744:group-62B845300AD7 closes. The last applied log index is 4
2019-08-23 10:08:54,063 [94b1aa13-75e5-4c16-a0db-f9a83d869744-SegmentedRaftLogWorker:Storage Directory /workdir/hadoop-ozone/integration-test/target/test-dir/MiniOzoneClusterImpl-ce471ee4-c249-4497-9e9a-3bbe536c2c9a/datanode-5/data/ratis/24a7c382-dd7d-4f6b-8fc8-62b845300ad7] INFO  segmented.SegmentedRaftLogWorker (SegmentedRaftLogWorker.java:run(313)) - 94b1aa13-75e5-4c16-a0db-f9a83d869744-SegmentedRaftLogWorker:Storage Directory /workdir/hadoop-ozone/integration-test/target/test-dir/MiniOzoneClusterImpl-ce471ee4-c249-4497-9e9a-3bbe536c2c9a/datanode-5/data/ratis/24a7c382-dd7d-4f6b-8fc8-62b845300ad7 was interrupted, exiting. There are 0 tasks remaining in the queue.
2019-08-23 10:08:54,067 [main] INFO  segmented.SegmentedRaftLogWorker (SegmentedRaftLogWorker.java:close(228)) - 94b1aa13-75e5-4c16-a0db-f9a83d869744-SegmentedRaftLogWorker:Storage Directory /workdir/hadoop-ozone/integration-test/target/test-dir/MiniOzoneClusterImpl-ce471ee4-c249-4497-9e9a-3bbe536c2c9a/datanode-5/data/ratis/24a7c382-dd7d-4f6b-8fc8-62b845300ad7 close()
2019-08-23 10:08:54,068 [main] INFO  server.GrpcService (GrpcService.java:closeImpl(155)) - 94b1aa13-75e5-4c16-a0db-f9a83d869744: shutdown server with port 39321 now
2019-08-23 10:08:54,069 [main] INFO  server.GrpcService (GrpcService.java:closeImpl(163)) - 94b1aa13-75e5-4c16-a0db-f9a83d869744: shutdown server with port 39321 successfully
2019-08-23 10:08:54,071 [main] INFO  utils.BackgroundService (BackgroundService.java:shutdown(148)) - Shutting down service BlockDeletingService
2019-08-23 10:08:54,074 [refreshUsed-/workdir/hadoop-ozone/integration-test/target/test-dir/MiniOzoneClusterImpl-ce471ee4-c249-4497-9e9a-3bbe536c2c9a/datanode-5/data/containers] WARN  fs.CachingGetSpaceUsed (CachingGetSpaceUsed.java:run(183)) - Thread Interrupted waiting to refresh disk information: sleep interrupted
2019-08-23 10:08:54,088 [main] INFO  statemachine.DatanodeStateMachine (DatanodeStateMachine.java:stopDaemon(395)) - Ozone container server stopped.
2019-08-23 10:08:54,089 [main] INFO  handler.ContextHandler (ContextHandler.java:doStop(910)) - Stopped o.e.j.w.WebAppContext@34577542{/,null,UNAVAILABLE}{/hddsDatanode}
2019-08-23 10:08:54,090 [main] INFO  server.AbstractConnector (AbstractConnector.java:doStop(318)) - Stopped ServerConnector@29b78b34{HTTP/1.1,[http/1.1]}{0.0.0.0:0}
2019-08-23 10:08:54,090 [main] INFO  handler.ContextHandler (ContextHandler.java:doStop(910)) - Stopped o.e.j.s.ServletContextHandler@1bb59da3{/static,jar:file:/home/user/.m2/repository/org/apache/hadoop/hadoop-hdds-container-service/0.5.0-SNAPSHOT/hadoop-hdds-container-service-0.5.0-SNAPSHOT.jar!/webapps/static,UNAVAILABLE}
2019-08-23 10:08:54,091 [main] INFO  handler.ContextHandler (ContextHandler.java:doStop(910)) - Stopped o.e.j.s.ServletContextHandler@593fcbe7{/logs,file:///workdir/hadoop-ozone/integration-test/target/log,UNAVAILABLE}
2019-08-23 10:08:54,091 [main] INFO  ozone.MiniOzoneClusterImpl (MiniOzoneClusterImpl.java:stop(353)) - Stopping the StorageContainerManager
2019-08-23 10:08:54,092 [main] INFO  server.StorageContainerManager (StorageContainerManager.java:stop(797)) - Stopping Replication Manager Service.
2019-08-23 10:08:54,092 [main] INFO  container.ReplicationManager (ReplicationManager.java:stop(193)) - Stopping Replication Monitor Thread.
2019-08-23 10:08:54,092 [main] INFO  server.StorageContainerManager (StorageContainerManager.java:stop(804)) - Stopping Lease Manager of the command watchers
2019-08-23 10:08:54,092 [main] INFO  server.StorageContainerManager (StorageContainerManager.java:stop(811)) - Stopping datanode service RPC server
2019-08-23 10:08:54,092 [main] INFO  server.SCMDatanodeProtocolServer (SCMDatanodeProtocolServer.java:stop(367)) - Stopping the RPC server for DataNodes
2019-08-23 10:08:54,092 [main] INFO  ipc.Server (Server.java:stop(3082)) - Stopping server on 34947
2019-08-23 10:08:54,094 [IPC Server listener on 34947] INFO  ipc.Server (Server.java:run(1185)) - Stopping IPC Server listener on 34947
2019-08-23 10:08:54,094 [IPC Server Responder] INFO  ipc.Server (Server.java:run(1319)) - Stopping IPC Server Responder
2019-08-23 10:08:54,187 [SCM Heartbeat Processing Thread - 0] WARN  node.NodeStateManager (NodeStateManager.java:scheduleNextHealthCheck(646)) - Current Thread is interrupted, shutting down HB processing thread for Node Manager.
2019-08-23 10:08:54,187 [main] INFO  server.StorageContainerManager (StorageContainerManager.java:stop(819)) - Stopping block service RPC server
2019-08-23 10:08:54,187 [main] INFO  server.SCMBlockProtocolServer (SCMBlockProtocolServer.java:stop(148)) - Stopping the RPC server for Block Protocol
2019-08-23 10:08:54,187 [main] INFO  ipc.Server (Server.java:stop(3082)) - Stopping server on 46371
2019-08-23 10:08:54,190 [IPC Server listener on 46371] INFO  ipc.Server (Server.java:run(1185)) - Stopping IPC Server listener on 46371
2019-08-23 10:08:54,190 [main] INFO  server.StorageContainerManager (StorageContainerManager.java:stop(826)) - Stopping the StorageContainerLocationProtocol RPC server
2019-08-23 10:08:54,190 [IPC Server Responder] INFO  ipc.Server (Server.java:run(1319)) - Stopping IPC Server Responder
2019-08-23 10:08:54,190 [main] INFO  server.SCMClientProtocolServer (SCMClientProtocolServer.java:stop(159)) - Stopping the RPC server for Client Protocol
2019-08-23 10:08:54,191 [main] INFO  ipc.Server (Server.java:stop(3082)) - Stopping server on 37048
2019-08-23 10:08:54,192 [IPC Server listener on 37048] INFO  ipc.Server (Server.java:run(1185)) - Stopping IPC Server listener on 37048
2019-08-23 10:08:54,192 [IPC Server Responder] INFO  ipc.Server (Server.java:run(1319)) - Stopping IPC Server Responder
2019-08-23 10:08:54,192 [main] INFO  server.StorageContainerManager (StorageContainerManager.java:stop(833)) - Stopping Storage Container Manager HTTP server.
2019-08-23 10:08:54,194 [main] INFO  handler.ContextHandler (ContextHandler.java:doStop(910)) - Stopped o.e.j.w.WebAppContext@108ed58d{/,null,UNAVAILABLE}{/scm}
2019-08-23 10:08:54,195 [main] INFO  server.AbstractConnector (AbstractConnector.java:doStop(318)) - Stopped ServerConnector@e870441{HTTP/1.1,[http/1.1]}{0.0.0.0:0}
2019-08-23 10:08:54,195 [main] INFO  handler.ContextHandler (ContextHandler.java:doStop(910)) - Stopped o.e.j.s.ServletContextHandler@34723cfe{/static,file:///workdir/hadoop-ozone/integration-test/target/test-classes/webapps/static,UNAVAILABLE}
2019-08-23 10:08:54,196 [main] INFO  handler.ContextHandler (ContextHandler.java:doStop(910)) - Stopped o.e.j.s.ServletContextHandler@34018757{/logs,file:///workdir/hadoop-ozone/integration-test/target/log,UNAVAILABLE}
2019-08-23 10:08:54,197 [main] INFO  server.StorageContainerManager (StorageContainerManager.java:stop(844)) - Stopping Block Manager Service.
2019-08-23 10:08:54,197 [main] INFO  utils.BackgroundService (BackgroundService.java:shutdown(148)) - Shutting down service SCMBlockDeletingService
2019-08-23 10:08:54,197 [main] INFO  utils.BackgroundService (BackgroundService.java:shutdown(148)) - Shutting down service SCMBlockDeletingService
2019-08-23 10:08:54,198 [main] INFO  server.StorageContainerManager (StorageContainerManager.java:stop(866)) - Stopping SCM Event Queue.
2019-08-23 10:08:54,202 [main] INFO  impl.MetricsSystemImpl (MetricsSystemImpl.java:stop(210)) - Stopping HddsDatanode metrics system...
2019-08-23 10:08:54,211 [main] INFO  impl.MetricsSystemImpl (MetricsSystemImpl.java:stop(216)) - HddsDatanode metrics system stopped.
]]></system-out>
    <system-err><![CDATA[Aug 23, 2019 10:08:20 AM com.sun.jersey.server.impl.application.WebApplicationImpl _initiate
INFO: Initiating Jersey application, version 'Jersey: 1.19 02/11/2015 03:25 AM'
Aug 23, 2019 10:08:20 AM com.sun.jersey.server.impl.application.WebApplicationImpl _initiate
INFO: Initiating Jersey application, version 'Jersey: 1.19 02/11/2015 03:25 AM'
Aug 23, 2019 10:08:20 AM com.sun.jersey.server.impl.application.WebApplicationImpl _initiate
INFO: Initiating Jersey application, version 'Jersey: 1.19 02/11/2015 03:25 AM'
Aug 23, 2019 10:08:20 AM com.sun.jersey.server.impl.application.WebApplicationImpl _initiate
INFO: Initiating Jersey application, version 'Jersey: 1.19 02/11/2015 03:25 AM'
Aug 23, 2019 10:08:21 AM com.sun.jersey.server.impl.application.WebApplicationImpl _initiate
INFO: Initiating Jersey application, version 'Jersey: 1.19 02/11/2015 03:25 AM'
Aug 23, 2019 10:08:21 AM com.sun.jersey.server.impl.application.WebApplicationImpl _initiate
INFO: Initiating Jersey application, version 'Jersey: 1.19 02/11/2015 03:25 AM'
Aug 23, 2019 10:08:21 AM com.sun.jersey.server.impl.application.WebApplicationImpl _initiate
INFO: Initiating Jersey application, version 'Jersey: 1.19 02/11/2015 03:25 AM'
Aug 23, 2019 10:08:24 AM org.apache.ratis.thirdparty.io.grpc.internal.ManagedChannelOrphanWrapper$ManagedChannelReference cleanQueue
SEVERE: *~*~*~ Channel ManagedChannelImpl{logId=3112, target=192.168.5.185:37996} was not shutdown properly!!! ~*~*~*
    Make sure to call shutdown()/shutdownNow() and wait until awaitTermination() returns true.
java.lang.RuntimeException: ManagedChannel allocation site
	at org.apache.ratis.thirdparty.io.grpc.internal.ManagedChannelOrphanWrapper$ManagedChannelReference.<init>(ManagedChannelOrphanWrapper.java:103)
	at org.apache.ratis.thirdparty.io.grpc.internal.ManagedChannelOrphanWrapper.<init>(ManagedChannelOrphanWrapper.java:53)
	at org.apache.ratis.thirdparty.io.grpc.internal.ManagedChannelOrphanWrapper.<init>(ManagedChannelOrphanWrapper.java:44)
	at org.apache.ratis.thirdparty.io.grpc.internal.AbstractManagedChannelImplBuilder.build(AbstractManagedChannelImplBuilder.java:411)
	at org.apache.ratis.grpc.client.GrpcClientProtocolClient.<init>(GrpcClientProtocolClient.java:119)
	at org.apache.ratis.grpc.client.GrpcClientRpc.lambda$new$0(GrpcClientRpc.java:55)
	at org.apache.ratis.util.PeerProxyMap$PeerAndProxy.lambda$getProxy$0(PeerProxyMap.java:61)
	at org.apache.ratis.util.LifeCycle.startAndTransition(LifeCycle.java:202)
	at org.apache.ratis.util.PeerProxyMap$PeerAndProxy.getProxy(PeerProxyMap.java:60)
	at org.apache.ratis.util.PeerProxyMap.getProxy(PeerProxyMap.java:107)
	at org.apache.ratis.grpc.client.GrpcClientRpc.sendRequestAsync(GrpcClientRpc.java:66)
	at org.apache.ratis.client.impl.OrderedAsync.sendRequest(OrderedAsync.java:208)
	at org.apache.ratis.client.impl.OrderedAsync.sendRequestWithRetry(OrderedAsync.java:169)
	at org.apache.ratis.util.SlidingWindow$Client.sendOrDelayRequest(SlidingWindow.java:278)
	at org.apache.ratis.util.SlidingWindow$Client.retry(SlidingWindow.java:294)
	at org.apache.ratis.client.impl.OrderedAsync.lambda$scheduleWithTimeout$7(OrderedAsync.java:195)
	at org.apache.ratis.util.TimeoutScheduler.lambda$onTimeout$0(TimeoutScheduler.java:85)
	at org.apache.ratis.util.TimeoutScheduler.lambda$onTimeout$1(TimeoutScheduler.java:104)
	at org.apache.ratis.util.LogUtils.runAndLog(LogUtils.java:50)
	at org.apache.ratis.util.LogUtils$1.run(LogUtils.java:91)
	at java.util.concurrent.Executors$RunnableAdapter.call(Executors.java:511)
	at java.util.concurrent.FutureTask.run(FutureTask.java:266)
	at java.util.concurrent.ScheduledThreadPoolExecutor$ScheduledFutureTask.access$201(ScheduledThreadPoolExecutor.java:180)
	at java.util.concurrent.ScheduledThreadPoolExecutor$ScheduledFutureTask.run(ScheduledThreadPoolExecutor.java:293)
	at java.util.concurrent.ThreadPoolExecutor.runWorker(ThreadPoolExecutor.java:1149)
	at java.util.concurrent.ThreadPoolExecutor$Worker.run(ThreadPoolExecutor.java:624)
	at java.lang.Thread.run(Thread.java:748)

Aug 23, 2019 10:08:24 AM org.apache.ratis.thirdparty.io.grpc.internal.ManagedChannelOrphanWrapper$ManagedChannelReference cleanQueue
SEVERE: *~*~*~ Channel ManagedChannelImpl{logId=3122, target=192.168.5.185:41582} was not shutdown properly!!! ~*~*~*
    Make sure to call shutdown()/shutdownNow() and wait until awaitTermination() returns true.
java.lang.RuntimeException: ManagedChannel allocation site
	at org.apache.ratis.thirdparty.io.grpc.internal.ManagedChannelOrphanWrapper$ManagedChannelReference.<init>(ManagedChannelOrphanWrapper.java:103)
	at org.apache.ratis.thirdparty.io.grpc.internal.ManagedChannelOrphanWrapper.<init>(ManagedChannelOrphanWrapper.java:53)
	at org.apache.ratis.thirdparty.io.grpc.internal.ManagedChannelOrphanWrapper.<init>(ManagedChannelOrphanWrapper.java:44)
	at org.apache.ratis.thirdparty.io.grpc.internal.AbstractManagedChannelImplBuilder.build(AbstractManagedChannelImplBuilder.java:411)
	at org.apache.hadoop.hdds.scm.XceiverClientGrpc.connectToDatanode(XceiverClientGrpc.java:174)
	at org.apache.hadoop.hdds.scm.XceiverClientGrpc.reconnect(XceiverClientGrpc.java:422)
	at org.apache.hadoop.hdds.scm.XceiverClientGrpc.sendCommandAsync(XceiverClientGrpc.java:371)
	at org.apache.hadoop.hdds.scm.XceiverClientGrpc.sendCommandWithRetry(XceiverClientGrpc.java:284)
	at org.apache.hadoop.hdds.scm.XceiverClientGrpc.sendCommandWithTraceIDAndRetry(XceiverClientGrpc.java:250)
	at org.apache.hadoop.hdds.scm.XceiverClientGrpc.sendCommand(XceiverClientGrpc.java:233)
	at org.apache.hadoop.hdds.scm.storage.ContainerProtocolCalls.readChunk(ContainerProtocolCalls.java:245)
	at org.apache.hadoop.hdds.scm.storage.ChunkInputStream.readChunk(ChunkInputStream.java:335)
	at org.apache.hadoop.hdds.scm.storage.ChunkInputStream.readChunkFromContainer(ChunkInputStream.java:307)
	at org.apache.hadoop.hdds.scm.storage.ChunkInputStream.prepareRead(ChunkInputStream.java:259)
	at org.apache.hadoop.hdds.scm.storage.ChunkInputStream.read(ChunkInputStream.java:144)
	at org.apache.hadoop.hdds.scm.storage.BlockInputStream.read(BlockInputStream.java:239)
	at org.apache.hadoop.ozone.client.io.KeyInputStream.read(KeyInputStream.java:171)
	at org.apache.hadoop.ozone.client.io.OzoneInputStream.read(OzoneInputStream.java:47)
	at java.io.InputStream.read(InputStream.java:101)
	at org.apache.hadoop.ozone.container.ContainerTestHelper.validateData(ContainerTestHelper.java:713)
	at org.apache.hadoop.ozone.client.rpc.TestBlockOutputStreamWithFailures.validateData(TestBlockOutputStreamWithFailures.java:1216)
	at org.apache.hadoop.ozone.client.rpc.TestBlockOutputStreamWithFailures.testFailureWithPrimeSizedData(TestBlockOutputStreamWithFailures.java:662)
	at sun.reflect.NativeMethodAccessorImpl.invoke0(Native Method)
	at sun.reflect.NativeMethodAccessorImpl.invoke(NativeMethodAccessorImpl.java:62)
	at sun.reflect.DelegatingMethodAccessorImpl.invoke(DelegatingMethodAccessorImpl.java:43)
	at java.lang.reflect.Method.invoke(Method.java:498)
	at org.junit.runners.model.FrameworkMethod$1.runReflectiveCall(FrameworkMethod.java:47)
	at org.junit.internal.runners.model.ReflectiveCallable.run(ReflectiveCallable.java:12)
	at org.junit.runners.model.FrameworkMethod.invokeExplosively(FrameworkMethod.java:44)
	at org.junit.internal.runners.statements.InvokeMethod.evaluate(InvokeMethod.java:17)
	at org.junit.internal.runners.statements.RunBefores.evaluate(RunBefores.java:26)
	at org.junit.internal.runners.statements.RunAfters.evaluate(RunAfters.java:27)
	at org.junit.runners.ParentRunner.runLeaf(ParentRunner.java:271)
	at org.junit.runners.BlockJUnit4ClassRunner.runChild(BlockJUnit4ClassRunner.java:70)
	at org.junit.runners.BlockJUnit4ClassRunner.runChild(BlockJUnit4ClassRunner.java:50)
	at org.junit.runners.ParentRunner$3.run(ParentRunner.java:238)
	at org.junit.runners.ParentRunner$1.schedule(ParentRunner.java:63)
	at org.junit.runners.ParentRunner.runChildren(ParentRunner.java:236)
	at org.junit.runners.ParentRunner.access$000(ParentRunner.java:53)
	at org.junit.runners.ParentRunner$2.evaluate(ParentRunner.java:229)
	at org.junit.runners.ParentRunner.run(ParentRunner.java:309)
	at org.apache.maven.surefire.junit4.JUnit4Provider.execute(JUnit4Provider.java:365)
	at org.apache.maven.surefire.junit4.JUnit4Provider.executeWithRerun(JUnit4Provider.java:273)
	at org.apache.maven.surefire.junit4.JUnit4Provider.executeTestSet(JUnit4Provider.java:238)
	at org.apache.maven.surefire.junit4.JUnit4Provider.invoke(JUnit4Provider.java:159)
	at org.apache.maven.surefire.booter.ForkedBooter.invokeProviderInSameClassLoader(ForkedBooter.java:384)
	at org.apache.maven.surefire.booter.ForkedBooter.runSuitesInProcess(ForkedBooter.java:345)
	at org.apache.maven.surefire.booter.ForkedBooter.execute(ForkedBooter.java:126)
	at org.apache.maven.surefire.booter.ForkedBooter.main(ForkedBooter.java:418)

Aug 23, 2019 10:08:24 AM org.apache.ratis.thirdparty.io.grpc.internal.ManagedChannelOrphanWrapper$ManagedChannelReference cleanQueue
SEVERE: *~*~*~ Channel ManagedChannelImpl{logId=3102, target=192.168.5.185:43598} was not shutdown properly!!! ~*~*~*
    Make sure to call shutdown()/shutdownNow() and wait until awaitTermination() returns true.
java.lang.RuntimeException: ManagedChannel allocation site
	at org.apache.ratis.thirdparty.io.grpc.internal.ManagedChannelOrphanWrapper$ManagedChannelReference.<init>(ManagedChannelOrphanWrapper.java:103)
	at org.apache.ratis.thirdparty.io.grpc.internal.ManagedChannelOrphanWrapper.<init>(ManagedChannelOrphanWrapper.java:53)
	at org.apache.ratis.thirdparty.io.grpc.internal.ManagedChannelOrphanWrapper.<init>(ManagedChannelOrphanWrapper.java:44)
	at org.apache.ratis.thirdparty.io.grpc.internal.AbstractManagedChannelImplBuilder.build(AbstractManagedChannelImplBuilder.java:411)
	at org.apache.ratis.grpc.client.GrpcClientProtocolClient.<init>(GrpcClientProtocolClient.java:119)
	at org.apache.ratis.grpc.client.GrpcClientRpc.lambda$new$0(GrpcClientRpc.java:55)
	at org.apache.ratis.util.PeerProxyMap$PeerAndProxy.lambda$getProxy$0(PeerProxyMap.java:61)
	at org.apache.ratis.util.LifeCycle.startAndTransition(LifeCycle.java:202)
	at org.apache.ratis.util.PeerProxyMap$PeerAndProxy.getProxy(PeerProxyMap.java:60)
	at org.apache.ratis.util.PeerProxyMap.getProxy(PeerProxyMap.java:107)
	at org.apache.ratis.grpc.client.GrpcClientRpc.sendRequestAsync(GrpcClientRpc.java:66)
	at org.apache.ratis.client.impl.OrderedAsync.sendRequest(OrderedAsync.java:208)
	at org.apache.ratis.client.impl.OrderedAsync.sendRequestWithRetry(OrderedAsync.java:169)
	at org.apache.ratis.util.SlidingWindow$Client.sendOrDelayRequest(SlidingWindow.java:278)
	at org.apache.ratis.util.SlidingWindow$Client.retry(SlidingWindow.java:294)
	at org.apache.ratis.client.impl.OrderedAsync.lambda$scheduleWithTimeout$7(OrderedAsync.java:195)
	at org.apache.ratis.util.TimeoutScheduler.lambda$onTimeout$0(TimeoutScheduler.java:85)
	at org.apache.ratis.util.TimeoutScheduler.lambda$onTimeout$1(TimeoutScheduler.java:104)
	at org.apache.ratis.util.LogUtils.runAndLog(LogUtils.java:50)
	at org.apache.ratis.util.LogUtils$1.run(LogUtils.java:91)
	at java.util.concurrent.Executors$RunnableAdapter.call(Executors.java:511)
	at java.util.concurrent.FutureTask.run(FutureTask.java:266)
	at java.util.concurrent.ScheduledThreadPoolExecutor$ScheduledFutureTask.access$201(ScheduledThreadPoolExecutor.java:180)
	at java.util.concurrent.ScheduledThreadPoolExecutor$ScheduledFutureTask.run(ScheduledThreadPoolExecutor.java:293)
	at java.util.concurrent.ThreadPoolExecutor.runWorker(ThreadPoolExecutor.java:1149)
	at java.util.concurrent.ThreadPoolExecutor$Worker.run(ThreadPoolExecutor.java:624)
	at java.lang.Thread.run(Thread.java:748)

Aug 23, 2019 10:08:24 AM org.apache.ratis.thirdparty.io.grpc.internal.ManagedChannelOrphanWrapper$ManagedChannelReference cleanQueue
SEVERE: *~*~*~ Channel ManagedChannelImpl{logId=3127, target=192.168.5.185:38452} was not shutdown properly!!! ~*~*~*
    Make sure to call shutdown()/shutdownNow() and wait until awaitTermination() returns true.
java.lang.RuntimeException: ManagedChannel allocation site
	at org.apache.ratis.thirdparty.io.grpc.internal.ManagedChannelOrphanWrapper$ManagedChannelReference.<init>(ManagedChannelOrphanWrapper.java:103)
	at org.apache.ratis.thirdparty.io.grpc.internal.ManagedChannelOrphanWrapper.<init>(ManagedChannelOrphanWrapper.java:53)
	at org.apache.ratis.thirdparty.io.grpc.internal.ManagedChannelOrphanWrapper.<init>(ManagedChannelOrphanWrapper.java:44)
	at org.apache.ratis.thirdparty.io.grpc.internal.AbstractManagedChannelImplBuilder.build(AbstractManagedChannelImplBuilder.java:411)
	at org.apache.hadoop.hdds.scm.XceiverClientGrpc.connectToDatanode(XceiverClientGrpc.java:174)
	at org.apache.hadoop.hdds.scm.XceiverClientGrpc.reconnect(XceiverClientGrpc.java:422)
	at org.apache.hadoop.hdds.scm.XceiverClientGrpc.sendCommandAsync(XceiverClientGrpc.java:371)
	at org.apache.hadoop.hdds.scm.XceiverClientGrpc.sendCommandWithRetry(XceiverClientGrpc.java:284)
	at org.apache.hadoop.hdds.scm.XceiverClientGrpc.sendCommandWithTraceIDAndRetry(XceiverClientGrpc.java:250)
	at org.apache.hadoop.hdds.scm.XceiverClientGrpc.sendCommand(XceiverClientGrpc.java:233)
	at org.apache.hadoop.hdds.scm.storage.ContainerProtocolCalls.getBlock(ContainerProtocolCalls.java:118)
	at org.apache.hadoop.hdds.scm.storage.BlockInputStream.getChunkInfos(BlockInputStream.java:167)
	at org.apache.hadoop.hdds.scm.storage.BlockInputStream.initialize(BlockInputStream.java:118)
	at org.apache.hadoop.hdds.scm.storage.BlockInputStream.read(BlockInputStream.java:222)
	at org.apache.hadoop.ozone.client.io.KeyInputStream.read(KeyInputStream.java:171)
	at org.apache.hadoop.ozone.client.io.OzoneInputStream.read(OzoneInputStream.java:47)
	at java.io.InputStream.read(InputStream.java:101)
	at org.apache.hadoop.ozone.container.ContainerTestHelper.validateData(ContainerTestHelper.java:713)
	at org.apache.hadoop.ozone.client.rpc.TestBlockOutputStreamWithFailures.validateData(TestBlockOutputStreamWithFailures.java:1216)
	at org.apache.hadoop.ozone.client.rpc.TestBlockOutputStreamWithFailures.testFailureWithPrimeSizedData(TestBlockOutputStreamWithFailures.java:662)
	at sun.reflect.NativeMethodAccessorImpl.invoke0(Native Method)
	at sun.reflect.NativeMethodAccessorImpl.invoke(NativeMethodAccessorImpl.java:62)
	at sun.reflect.DelegatingMethodAccessorImpl.invoke(DelegatingMethodAccessorImpl.java:43)
	at java.lang.reflect.Method.invoke(Method.java:498)
	at org.junit.runners.model.FrameworkMethod$1.runReflectiveCall(FrameworkMethod.java:47)
	at org.junit.internal.runners.model.ReflectiveCallable.run(ReflectiveCallable.java:12)
	at org.junit.runners.model.FrameworkMethod.invokeExplosively(FrameworkMethod.java:44)
	at org.junit.internal.runners.statements.InvokeMethod.evaluate(InvokeMethod.java:17)
	at org.junit.internal.runners.statements.RunBefores.evaluate(RunBefores.java:26)
	at org.junit.internal.runners.statements.RunAfters.evaluate(RunAfters.java:27)
	at org.junit.runners.ParentRunner.runLeaf(ParentRunner.java:271)
	at org.junit.runners.BlockJUnit4ClassRunner.runChild(BlockJUnit4ClassRunner.java:70)
	at org.junit.runners.BlockJUnit4ClassRunner.runChild(BlockJUnit4ClassRunner.java:50)
	at org.junit.runners.ParentRunner$3.run(ParentRunner.java:238)
	at org.junit.runners.ParentRunner$1.schedule(ParentRunner.java:63)
	at org.junit.runners.ParentRunner.runChildren(ParentRunner.java:236)
	at org.junit.runners.ParentRunner.access$000(ParentRunner.java:53)
	at org.junit.runners.ParentRunner$2.evaluate(ParentRunner.java:229)
	at org.junit.runners.ParentRunner.run(ParentRunner.java:309)
	at org.apache.maven.surefire.junit4.JUnit4Provider.execute(JUnit4Provider.java:365)
	at org.apache.maven.surefire.junit4.JUnit4Provider.executeWithRerun(JUnit4Provider.java:273)
	at org.apache.maven.surefire.junit4.JUnit4Provider.executeTestSet(JUnit4Provider.java:238)
	at org.apache.maven.surefire.junit4.JUnit4Provider.invoke(JUnit4Provider.java:159)
	at org.apache.maven.surefire.booter.ForkedBooter.invokeProviderInSameClassLoader(ForkedBooter.java:384)
	at org.apache.maven.surefire.booter.ForkedBooter.runSuitesInProcess(ForkedBooter.java:345)
	at org.apache.maven.surefire.booter.ForkedBooter.execute(ForkedBooter.java:126)
	at org.apache.maven.surefire.booter.ForkedBooter.main(ForkedBooter.java:418)

Aug 23, 2019 10:08:24 AM org.apache.ratis.thirdparty.io.grpc.internal.ManagedChannelOrphanWrapper$ManagedChannelReference cleanQueue
SEVERE: *~*~*~ Channel ManagedChannelImpl{logId=3117, target=192.168.5.185:44601} was not shutdown properly!!! ~*~*~*
    Make sure to call shutdown()/shutdownNow() and wait until awaitTermination() returns true.
java.lang.RuntimeException: ManagedChannel allocation site
	at org.apache.ratis.thirdparty.io.grpc.internal.ManagedChannelOrphanWrapper$ManagedChannelReference.<init>(ManagedChannelOrphanWrapper.java:103)
	at org.apache.ratis.thirdparty.io.grpc.internal.ManagedChannelOrphanWrapper.<init>(ManagedChannelOrphanWrapper.java:53)
	at org.apache.ratis.thirdparty.io.grpc.internal.ManagedChannelOrphanWrapper.<init>(ManagedChannelOrphanWrapper.java:44)
	at org.apache.ratis.thirdparty.io.grpc.internal.AbstractManagedChannelImplBuilder.build(AbstractManagedChannelImplBuilder.java:411)
	at org.apache.hadoop.hdds.scm.XceiverClientGrpc.connectToDatanode(XceiverClientGrpc.java:174)
	at org.apache.hadoop.hdds.scm.XceiverClientGrpc.reconnect(XceiverClientGrpc.java:422)
	at org.apache.hadoop.hdds.scm.XceiverClientGrpc.sendCommandAsync(XceiverClientGrpc.java:371)
	at org.apache.hadoop.hdds.scm.XceiverClientGrpc.sendCommandWithRetry(XceiverClientGrpc.java:284)
	at org.apache.hadoop.hdds.scm.XceiverClientGrpc.sendCommandWithTraceIDAndRetry(XceiverClientGrpc.java:250)
	at org.apache.hadoop.hdds.scm.XceiverClientGrpc.sendCommand(XceiverClientGrpc.java:233)
	at org.apache.hadoop.hdds.scm.storage.ContainerProtocolCalls.getBlock(ContainerProtocolCalls.java:118)
	at org.apache.hadoop.hdds.scm.storage.BlockInputStream.getChunkInfos(BlockInputStream.java:167)
	at org.apache.hadoop.hdds.scm.storage.BlockInputStream.initialize(BlockInputStream.java:118)
	at org.apache.hadoop.hdds.scm.storage.BlockInputStream.read(BlockInputStream.java:222)
	at org.apache.hadoop.ozone.client.io.KeyInputStream.read(KeyInputStream.java:171)
	at org.apache.hadoop.ozone.client.io.OzoneInputStream.read(OzoneInputStream.java:47)
	at java.io.InputStream.read(InputStream.java:101)
	at org.apache.hadoop.ozone.container.ContainerTestHelper.validateData(ContainerTestHelper.java:713)
	at org.apache.hadoop.ozone.client.rpc.TestBlockOutputStreamWithFailures.validateData(TestBlockOutputStreamWithFailures.java:1216)
	at org.apache.hadoop.ozone.client.rpc.TestBlockOutputStreamWithFailures.testFailureWithPrimeSizedData(TestBlockOutputStreamWithFailures.java:662)
	at sun.reflect.NativeMethodAccessorImpl.invoke0(Native Method)
	at sun.reflect.NativeMethodAccessorImpl.invoke(NativeMethodAccessorImpl.java:62)
	at sun.reflect.DelegatingMethodAccessorImpl.invoke(DelegatingMethodAccessorImpl.java:43)
	at java.lang.reflect.Method.invoke(Method.java:498)
	at org.junit.runners.model.FrameworkMethod$1.runReflectiveCall(FrameworkMethod.java:47)
	at org.junit.internal.runners.model.ReflectiveCallable.run(ReflectiveCallable.java:12)
	at org.junit.runners.model.FrameworkMethod.invokeExplosively(FrameworkMethod.java:44)
	at org.junit.internal.runners.statements.InvokeMethod.evaluate(InvokeMethod.java:17)
	at org.junit.internal.runners.statements.RunBefores.evaluate(RunBefores.java:26)
	at org.junit.internal.runners.statements.RunAfters.evaluate(RunAfters.java:27)
	at org.junit.runners.ParentRunner.runLeaf(ParentRunner.java:271)
	at org.junit.runners.BlockJUnit4ClassRunner.runChild(BlockJUnit4ClassRunner.java:70)
	at org.junit.runners.BlockJUnit4ClassRunner.runChild(BlockJUnit4ClassRunner.java:50)
	at org.junit.runners.ParentRunner$3.run(ParentRunner.java:238)
	at org.junit.runners.ParentRunner$1.schedule(ParentRunner.java:63)
	at org.junit.runners.ParentRunner.runChildren(ParentRunner.java:236)
	at org.junit.runners.ParentRunner.access$000(ParentRunner.java:53)
	at org.junit.runners.ParentRunner$2.evaluate(ParentRunner.java:229)
	at org.junit.runners.ParentRunner.run(ParentRunner.java:309)
	at org.apache.maven.surefire.junit4.JUnit4Provider.execute(JUnit4Provider.java:365)
	at org.apache.maven.surefire.junit4.JUnit4Provider.executeWithRerun(JUnit4Provider.java:273)
	at org.apache.maven.surefire.junit4.JUnit4Provider.executeTestSet(JUnit4Provider.java:238)
	at org.apache.maven.surefire.junit4.JUnit4Provider.invoke(JUnit4Provider.java:159)
	at org.apache.maven.surefire.booter.ForkedBooter.invokeProviderInSameClassLoader(ForkedBooter.java:384)
	at org.apache.maven.surefire.booter.ForkedBooter.runSuitesInProcess(ForkedBooter.java:345)
	at org.apache.maven.surefire.booter.ForkedBooter.execute(ForkedBooter.java:126)
	at org.apache.maven.surefire.booter.ForkedBooter.main(ForkedBooter.java:418)

Aug 23, 2019 10:08:24 AM org.apache.ratis.thirdparty.io.grpc.internal.ManagedChannelOrphanWrapper$ManagedChannelReference cleanQueue
SEVERE: *~*~*~ Channel ManagedChannelImpl{logId=3132, target=192.168.5.185:46632} was not shutdown properly!!! ~*~*~*
    Make sure to call shutdown()/shutdownNow() and wait until awaitTermination() returns true.
java.lang.RuntimeException: ManagedChannel allocation site
	at org.apache.ratis.thirdparty.io.grpc.internal.ManagedChannelOrphanWrapper$ManagedChannelReference.<init>(ManagedChannelOrphanWrapper.java:103)
	at org.apache.ratis.thirdparty.io.grpc.internal.ManagedChannelOrphanWrapper.<init>(ManagedChannelOrphanWrapper.java:53)
	at org.apache.ratis.thirdparty.io.grpc.internal.ManagedChannelOrphanWrapper.<init>(ManagedChannelOrphanWrapper.java:44)
	at org.apache.ratis.thirdparty.io.grpc.internal.AbstractManagedChannelImplBuilder.build(AbstractManagedChannelImplBuilder.java:411)
	at org.apache.hadoop.hdds.scm.XceiverClientGrpc.connectToDatanode(XceiverClientGrpc.java:174)
	at org.apache.hadoop.hdds.scm.XceiverClientGrpc.reconnect(XceiverClientGrpc.java:422)
	at org.apache.hadoop.hdds.scm.XceiverClientGrpc.sendCommandAsync(XceiverClientGrpc.java:371)
	at org.apache.hadoop.hdds.scm.XceiverClientGrpc.sendCommandWithRetry(XceiverClientGrpc.java:284)
	at org.apache.hadoop.hdds.scm.XceiverClientGrpc.sendCommandWithTraceIDAndRetry(XceiverClientGrpc.java:250)
	at org.apache.hadoop.hdds.scm.XceiverClientGrpc.sendCommand(XceiverClientGrpc.java:233)
	at org.apache.hadoop.hdds.scm.storage.ContainerProtocolCalls.readChunk(ContainerProtocolCalls.java:245)
	at org.apache.hadoop.hdds.scm.storage.ChunkInputStream.readChunk(ChunkInputStream.java:335)
	at org.apache.hadoop.hdds.scm.storage.ChunkInputStream.readChunkFromContainer(ChunkInputStream.java:307)
	at org.apache.hadoop.hdds.scm.storage.ChunkInputStream.prepareRead(ChunkInputStream.java:259)
	at org.apache.hadoop.hdds.scm.storage.ChunkInputStream.read(ChunkInputStream.java:144)
	at org.apache.hadoop.hdds.scm.storage.BlockInputStream.read(BlockInputStream.java:239)
	at org.apache.hadoop.ozone.client.io.KeyInputStream.read(KeyInputStream.java:171)
	at org.apache.hadoop.ozone.client.io.OzoneInputStream.read(OzoneInputStream.java:47)
	at java.io.InputStream.read(InputStream.java:101)
	at org.apache.hadoop.ozone.container.ContainerTestHelper.validateData(ContainerTestHelper.java:713)
	at org.apache.hadoop.ozone.client.rpc.TestBlockOutputStreamWithFailures.validateData(TestBlockOutputStreamWithFailures.java:1216)
	at org.apache.hadoop.ozone.client.rpc.TestBlockOutputStreamWithFailures.testFailureWithPrimeSizedData(TestBlockOutputStreamWithFailures.java:662)
	at sun.reflect.NativeMethodAccessorImpl.invoke0(Native Method)
	at sun.reflect.NativeMethodAccessorImpl.invoke(NativeMethodAccessorImpl.java:62)
	at sun.reflect.DelegatingMethodAccessorImpl.invoke(DelegatingMethodAccessorImpl.java:43)
	at java.lang.reflect.Method.invoke(Method.java:498)
	at org.junit.runners.model.FrameworkMethod$1.runReflectiveCall(FrameworkMethod.java:47)
	at org.junit.internal.runners.model.ReflectiveCallable.run(ReflectiveCallable.java:12)
	at org.junit.runners.model.FrameworkMethod.invokeExplosively(FrameworkMethod.java:44)
	at org.junit.internal.runners.statements.InvokeMethod.evaluate(InvokeMethod.java:17)
	at org.junit.internal.runners.statements.RunBefores.evaluate(RunBefores.java:26)
	at org.junit.internal.runners.statements.RunAfters.evaluate(RunAfters.java:27)
	at org.junit.runners.ParentRunner.runLeaf(ParentRunner.java:271)
	at org.junit.runners.BlockJUnit4ClassRunner.runChild(BlockJUnit4ClassRunner.java:70)
	at org.junit.runners.BlockJUnit4ClassRunner.runChild(BlockJUnit4ClassRunner.java:50)
	at org.junit.runners.ParentRunner$3.run(ParentRunner.java:238)
	at org.junit.runners.ParentRunner$1.schedule(ParentRunner.java:63)
	at org.junit.runners.ParentRunner.runChildren(ParentRunner.java:236)
	at org.junit.runners.ParentRunner.access$000(ParentRunner.java:53)
	at org.junit.runners.ParentRunner$2.evaluate(ParentRunner.java:229)
	at org.junit.runners.ParentRunner.run(ParentRunner.java:309)
	at org.apache.maven.surefire.junit4.JUnit4Provider.execute(JUnit4Provider.java:365)
	at org.apache.maven.surefire.junit4.JUnit4Provider.executeWithRerun(JUnit4Provider.java:273)
	at org.apache.maven.surefire.junit4.JUnit4Provider.executeTestSet(JUnit4Provider.java:238)
	at org.apache.maven.surefire.junit4.JUnit4Provider.invoke(JUnit4Provider.java:159)
	at org.apache.maven.surefire.booter.ForkedBooter.invokeProviderInSameClassLoader(ForkedBooter.java:384)
	at org.apache.maven.surefire.booter.ForkedBooter.runSuitesInProcess(ForkedBooter.java:345)
	at org.apache.maven.surefire.booter.ForkedBooter.execute(ForkedBooter.java:126)
	at org.apache.maven.surefire.booter.ForkedBooter.main(ForkedBooter.java:418)

]]></system-err>
  </testcase>
  <testcase name="testExceptionDuringClose" classname="org.apache.hadoop.ozone.client.rpc.TestBlockOutputStreamWithFailures" time="36.26"/>
</testsuite>