<?xml version="1.0" encoding="UTF-8"?>
<testsuite xmlns:xsi="http://www.w3.org/2001/XMLSchema-instance" xsi:noNamespaceSchemaLocation="https://maven.apache.org/surefire/maven-surefire-plugin/xsd/surefire-test-report.xsd" name="org.apache.hadoop.ozone.freon.TestFreonWithPipelineDestroy" time="47.149" tests="1" errors="1" skipped="0" failures="0">
  <properties>
    <property name="awt.toolkit" value="sun.awt.X11.XToolkit"/>
    <property name="file.encoding.pkg" value="sun.io"/>
    <property name="java.specification.version" value="1.8"/>
    <property name="sun.cpu.isalist" value=""/>
    <property name="sun.jnu.encoding" value="UTF-8"/>
    <property name="java.class.path" value="/workdir/hadoop-ozone/tools/target/test-classes:/workdir/hadoop-ozone/tools/target/classes:/workdir/hadoop-ozone/ozone-manager/target/classes:/workdir/hadoop-hdds/docs/target/classes:/home/user/.m2/repository/org/bouncycastle/bcprov-jdk15on/1.60/bcprov-jdk15on-1.60.jar:/workdir/hadoop-ozone/common/target/classes:/home/user/.m2/repository/org/apache/commons/commons-compress/1.4.1/commons-compress-1.4.1.jar:/home/user/.m2/repository/org/tukaani/xz/1.0/xz-1.0.jar:/home/user/.m2/repository/org/apache/hadoop/hadoop-hdfs-client/3.2.0/hadoop-hdfs-client-3.2.0.jar:/home/user/.m2/repository/com/fasterxml/jackson/core/jackson-annotations/2.9.5/jackson-annotations-2.9.5.jar:/workdir/hadoop-hdds/common/target/classes:/workdir/hadoop-hdds/config/target/classes:/home/user/.m2/repository/javax/annotation/javax.annotation-api/1.2/javax.annotation-api-1.2.jar:/home/user/.m2/repository/org/apache/ratis/ratis-server/0.4.0-2337318-SNAPSHOT/ratis-server-0.4.0-2337318-SNAPSHOT.jar:/home/user/.m2/repository/org/apache/ratis/ratis-thirdparty-misc/0.2.0/ratis-thirdparty-misc-0.2.0.jar:/home/user/.m2/repository/org/apache/ratis/ratis-proto/0.4.0-2337318-SNAPSHOT/ratis-proto-0.4.0-2337318-SNAPSHOT.jar:/home/user/.m2/repository/org/apache/ratis/ratis-common/0.4.0-2337318-SNAPSHOT/ratis-common-0.4.0-2337318-SNAPSHOT.jar:/home/user/.m2/repository/org/apache/ratis/ratis-client/0.4.0-2337318-SNAPSHOT/ratis-client-0.4.0-2337318-SNAPSHOT.jar:/home/user/.m2/repository/org/apache/ratis/ratis-metrics/0.4.0-2337318-SNAPSHOT/ratis-metrics-0.4.0-2337318-SNAPSHOT.jar:/home/user/.m2/repository/org/apache/ratis/ratis-netty/0.4.0-2337318-SNAPSHOT/ratis-netty-0.4.0-2337318-SNAPSHOT.jar:/home/user/.m2/repository/org/apache/ratis/ratis-grpc/0.4.0-2337318-SNAPSHOT/ratis-grpc-0.4.0-2337318-SNAPSHOT.jar:/home/user/.m2/repository/org/rocksdb/rocksdbjni/6.0.1/rocksdbjni-6.0.1.jar:/home/user/.m2/repository/org/apache/logging/log4j/log4j-api/2.11.0/log4j-api-2.11.0.jar:/home/user/.m2/repository/org/apache/logging/log4j/log4j-core/2.11.0/log4j-core-2.11.0.jar:/home/user/.m2/repository/com/lmax/disruptor/3.4.2/disruptor-3.4.2.jar:/home/user/.m2/repository/org/apache/commons/commons-pool2/2.6.0/commons-pool2-2.6.0.jar:/home/user/.m2/repository/org/bouncycastle/bcpkix-jdk15on/1.60/bcpkix-jdk15on-1.60.jar:/home/user/.m2/repository/commons-validator/commons-validator/1.6/commons-validator-1.6.jar:/home/user/.m2/repository/commons-digester/commons-digester/1.8.1/commons-digester-1.8.1.jar:/home/user/.m2/repository/io/jaegertracing/jaeger-client/0.33.1/jaeger-client-0.33.1.jar:/home/user/.m2/repository/io/jaegertracing/jaeger-thrift/0.33.1/jaeger-thrift-0.33.1.jar:/home/user/.m2/repository/org/apache/thrift/libthrift/0.11.0/libthrift-0.11.0.jar:/home/user/.m2/repository/com/squareup/okhttp3/okhttp/3.9.0/okhttp-3.9.0.jar:/home/user/.m2/repository/com/squareup/okio/okio/1.13.0/okio-1.13.0.jar:/home/user/.m2/repository/io/jaegertracing/jaeger-core/0.33.1/jaeger-core-0.33.1.jar:/home/user/.m2/repository/io/jaegertracing/jaeger-tracerresolver/0.33.1/jaeger-tracerresolver-0.33.1.jar:/home/user/.m2/repository/io/opentracing/contrib/opentracing-tracerresolver/0.1.5/opentracing-tracerresolver-0.1.5.jar:/home/user/.m2/repository/io/opentracing/opentracing-util/0.31.0/opentracing-util-0.31.0.jar:/home/user/.m2/repository/io/opentracing/opentracing-api/0.31.0/opentracing-api-0.31.0.jar:/home/user/.m2/repository/io/opentracing/opentracing-noop/0.31.0/opentracing-noop-0.31.0.jar:/home/user/.m2/repository/org/yaml/snakeyaml/1.16/snakeyaml-1.16.jar:/workdir/hadoop-hdds/container-service/target/classes:/workdir/hadoop-hdds/client/target/classes:/workdir/hadoop-hdds/tools/target/classes:/home/user/.m2/repository/org/xerial/sqlite-jdbc/3.25.2/sqlite-jdbc-3.25.2.jar:/workdir/hadoop-hdds/server-scm/target/classes:/home/user/.m2/repository/org/hamcrest/hamcrest-all/1.3/hamcrest-all-1.3.jar:/home/user/.m2/repository/info/picocli/picocli/3.9.6/picocli-3.9.6.jar:/home/user/.m2/repository/com/google/protobuf/protobuf-java/2.5.0/protobuf-java-2.5.0.jar:/home/user/.m2/repository/com/google/guava/guava/11.0.2/guava-11.0.2.jar:/workdir/hadoop-ozone/client/target/classes:/home/user/.m2/repository/org/apache/hadoop/hadoop-ozone-filesystem/0.4.1-SNAPSHOT/hadoop-ozone-filesystem-0.4.1-SNAPSHOT.jar:/workdir/hadoop-hdds/framework/target/classes:/home/user/.m2/repository/org/apache/hadoop/hadoop-common/3.2.0/hadoop-common-3.2.0.jar:/home/user/.m2/repository/org/apache/hadoop/hadoop-annotations/3.2.0/hadoop-annotations-3.2.0.jar:/usr/lib/jvm/java-1.8-openjdk/jre/../lib/tools.jar:/home/user/.m2/repository/commons-cli/commons-cli/1.2/commons-cli-1.2.jar:/home/user/.m2/repository/org/apache/commons/commons-math3/3.1.1/commons-math3-3.1.1.jar:/home/user/.m2/repository/org/apache/httpcomponents/httpclient/4.5.2/httpclient-4.5.2.jar:/home/user/.m2/repository/org/apache/httpcomponents/httpcore/4.4.4/httpcore-4.4.4.jar:/home/user/.m2/repository/commons-codec/commons-codec/1.11/commons-codec-1.11.jar:/home/user/.m2/repository/commons-io/commons-io/2.5/commons-io-2.5.jar:/home/user/.m2/repository/commons-net/commons-net/3.6/commons-net-3.6.jar:/home/user/.m2/repository/commons-collections/commons-collections/3.2.2/commons-collections-3.2.2.jar:/home/user/.m2/repository/javax/servlet/javax.servlet-api/3.1.0/javax.servlet-api-3.1.0.jar:/home/user/.m2/repository/org/eclipse/jetty/jetty-server/9.3.24.v20180605/jetty-server-9.3.24.v20180605.jar:/home/user/.m2/repository/org/eclipse/jetty/jetty-http/9.3.24.v20180605/jetty-http-9.3.24.v20180605.jar:/home/user/.m2/repository/org/eclipse/jetty/jetty-io/9.3.24.v20180605/jetty-io-9.3.24.v20180605.jar:/home/user/.m2/repository/org/eclipse/jetty/jetty-util/9.3.24.v20180605/jetty-util-9.3.24.v20180605.jar:/home/user/.m2/repository/org/eclipse/jetty/jetty-servlet/9.3.24.v20180605/jetty-servlet-9.3.24.v20180605.jar:/home/user/.m2/repository/org/eclipse/jetty/jetty-security/9.3.24.v20180605/jetty-security-9.3.24.v20180605.jar:/home/user/.m2/repository/org/eclipse/jetty/jetty-webapp/9.3.24.v20180605/jetty-webapp-9.3.24.v20180605.jar:/home/user/.m2/repository/org/eclipse/jetty/jetty-xml/9.3.24.v20180605/jetty-xml-9.3.24.v20180605.jar:/home/user/.m2/repository/javax/servlet/jsp/jsp-api/2.1/jsp-api-2.1.jar:/home/user/.m2/repository/com/sun/jersey/jersey-core/1.19/jersey-core-1.19.jar:/home/user/.m2/repository/javax/ws/rs/jsr311-api/1.1.1/jsr311-api-1.1.1.jar:/home/user/.m2/repository/com/sun/jersey/jersey-servlet/1.19/jersey-servlet-1.19.jar:/home/user/.m2/repository/com/sun/jersey/jersey-json/1.19/jersey-json-1.19.jar:/home/user/.m2/repository/org/codehaus/jettison/jettison/1.1/jettison-1.1.jar:/home/user/.m2/repository/com/sun/xml/bind/jaxb-impl/2.3.0.1/jaxb-impl-2.3.0.1.jar:/home/user/.m2/repository/org/codehaus/jackson/jackson-core-asl/1.9.13/jackson-core-asl-1.9.13.jar:/home/user/.m2/repository/org/codehaus/jackson/jackson-mapper-asl/1.9.13/jackson-mapper-asl-1.9.13.jar:/home/user/.m2/repository/org/codehaus/jackson/jackson-jaxrs/1.9.13/jackson-jaxrs-1.9.13.jar:/home/user/.m2/repository/org/codehaus/jackson/jackson-xc/1.9.13/jackson-xc-1.9.13.jar:/home/user/.m2/repository/com/sun/jersey/jersey-server/1.19/jersey-server-1.19.jar:/home/user/.m2/repository/commons-logging/commons-logging/1.1.3/commons-logging-1.1.3.jar:/home/user/.m2/repository/log4j/log4j/1.2.17/log4j-1.2.17.jar:/home/user/.m2/repository/commons-beanutils/commons-beanutils/1.9.3/commons-beanutils-1.9.3.jar:/home/user/.m2/repository/org/apache/commons/commons-configuration2/2.1.1/commons-configuration2-2.1.1.jar:/home/user/.m2/repository/org/apache/commons/commons-lang3/3.7/commons-lang3-3.7.jar:/home/user/.m2/repository/org/apache/commons/commons-text/1.4/commons-text-1.4.jar:/home/user/.m2/repository/org/slf4j/slf4j-api/1.7.25/slf4j-api-1.7.25.jar:/home/user/.m2/repository/org/slf4j/slf4j-log4j12/1.7.25/slf4j-log4j12-1.7.25.jar:/home/user/.m2/repository/org/apache/avro/avro/1.7.7/avro-1.7.7.jar:/home/user/.m2/repository/com/thoughtworks/paranamer/paranamer/2.3/paranamer-2.3.jar:/home/user/.m2/repository/org/xerial/snappy/snappy-java/1.0.5/snappy-java-1.0.5.jar:/home/user/.m2/repository/com/google/re2j/re2j/1.1/re2j-1.1.jar:/home/user/.m2/repository/com/google/code/gson/gson/2.2.4/gson-2.2.4.jar:/home/user/.m2/repository/org/apache/hadoop/hadoop-auth/3.2.0/hadoop-auth-3.2.0.jar:/home/user/.m2/repository/com/nimbusds/nimbus-jose-jwt/4.41.1/nimbus-jose-jwt-4.41.1.jar:/home/user/.m2/repository/com/github/stephenc/jcip/jcip-annotations/1.0-1/jcip-annotations-1.0-1.jar:/home/user/.m2/repository/net/minidev/json-smart/2.3/json-smart-2.3.jar:/home/user/.m2/repository/net/minidev/accessors-smart/1.2/accessors-smart-1.2.jar:/home/user/.m2/repository/org/apache/curator/curator-framework/2.12.0/curator-framework-2.12.0.jar:/home/user/.m2/repository/com/jcraft/jsch/0.1.54/jsch-0.1.54.jar:/home/user/.m2/repository/org/apache/curator/curator-client/2.12.0/curator-client-2.12.0.jar:/home/user/.m2/repository/org/apache/curator/curator-recipes/2.12.0/curator-recipes-2.12.0.jar:/home/user/.m2/repository/com/google/code/findbugs/jsr305/3.0.0/jsr305-3.0.0.jar:/home/user/.m2/repository/org/apache/htrace/htrace-core4/4.1.0-incubating/htrace-core4-4.1.0-incubating.jar:/home/user/.m2/repository/org/apache/zookeeper/zookeeper/3.4.13/zookeeper-3.4.13.jar:/home/user/.m2/repository/org/apache/yetus/audience-annotations/0.5.0/audience-annotations-0.5.0.jar:/home/user/.m2/repository/org/apache/kerby/kerb-simplekdc/1.0.1/kerb-simplekdc-1.0.1.jar:/home/user/.m2/repository/org/apache/kerby/kerb-client/1.0.1/kerb-client-1.0.1.jar:/home/user/.m2/repository/org/apache/kerby/kerby-config/1.0.1/kerby-config-1.0.1.jar:/home/user/.m2/repository/org/apache/kerby/kerb-core/1.0.1/kerb-core-1.0.1.jar:/home/user/.m2/repository/org/apache/kerby/kerby-pkix/1.0.1/kerby-pkix-1.0.1.jar:/home/user/.m2/repository/org/apache/kerby/kerby-asn1/1.0.1/kerby-asn1-1.0.1.jar:/home/user/.m2/repository/org/apache/kerby/kerby-util/1.0.1/kerby-util-1.0.1.jar:/home/user/.m2/repository/org/apache/kerby/kerb-common/1.0.1/kerb-common-1.0.1.jar:/home/user/.m2/repository/org/apache/kerby/kerb-crypto/1.0.1/kerb-crypto-1.0.1.jar:/home/user/.m2/repository/org/apache/kerby/kerb-util/1.0.1/kerb-util-1.0.1.jar:/home/user/.m2/repository/org/apache/kerby/token-provider/1.0.1/token-provider-1.0.1.jar:/home/user/.m2/repository/org/apache/kerby/kerb-admin/1.0.1/kerb-admin-1.0.1.jar:/home/user/.m2/repository/org/apache/kerby/kerb-server/1.0.1/kerb-server-1.0.1.jar:/home/user/.m2/repository/org/apache/kerby/kerb-identity/1.0.1/kerb-identity-1.0.1.jar:/home/user/.m2/repository/org/apache/kerby/kerby-xdr/1.0.1/kerby-xdr-1.0.1.jar:/home/user/.m2/repository/com/fasterxml/jackson/core/jackson-databind/2.9.5/jackson-databind-2.9.5.jar:/home/user/.m2/repository/com/fasterxml/jackson/core/jackson-core/2.9.5/jackson-core-2.9.5.jar:/home/user/.m2/repository/org/codehaus/woodstox/stax2-api/3.1.4/stax2-api-3.1.4.jar:/home/user/.m2/repository/com/fasterxml/woodstox/woodstox-core/5.0.3/woodstox-core-5.0.3.jar:/home/user/.m2/repository/dnsjava/dnsjava/2.1.7/dnsjava-2.1.7.jar:/home/user/.m2/repository/org/apache/hadoop/hadoop-hdfs/3.2.0/hadoop-hdfs-3.2.0.jar:/home/user/.m2/repository/org/eclipse/jetty/jetty-util-ajax/9.3.24.v20180605/jetty-util-ajax-9.3.24.v20180605.jar:/home/user/.m2/repository/commons-daemon/commons-daemon/1.0.13/commons-daemon-1.0.13.jar:/home/user/.m2/repository/io/netty/netty/3.10.5.Final/netty-3.10.5.Final.jar:/home/user/.m2/repository/io/netty/netty-all/4.0.52.Final/netty-all-4.0.52.Final.jar:/home/user/.m2/repository/org/fusesource/leveldbjni/leveldbjni-all/1.8/leveldbjni-all-1.8.jar:/home/user/.m2/repository/com/sun/xml/bind/jaxb-core/2.3.0.1/jaxb-core-2.3.0.1.jar:/home/user/.m2/repository/javax/xml/bind/jaxb-api/2.3.0/jaxb-api-2.3.0.jar:/home/user/.m2/repository/javax/activation/activation/1.1.1/activation-1.1.1.jar:/home/user/.m2/repository/io/dropwizard/metrics/metrics-core/3.2.4/metrics-core-3.2.4.jar:/home/user/.m2/repository/org/openjdk/jmh/jmh-core/1.19/jmh-core-1.19.jar:/home/user/.m2/repository/net/sf/jopt-simple/jopt-simple/4.6/jopt-simple-4.6.jar:/home/user/.m2/repository/org/openjdk/jmh/jmh-generator-annprocess/1.19/jmh-generator-annprocess-1.19.jar:/home/user/.m2/repository/com/google/code/findbugs/findbugs/3.0.1/findbugs-3.0.1.jar:/home/user/.m2/repository/net/jcip/jcip-annotations/1.0/jcip-annotations-1.0.jar:/home/user/.m2/repository/com/google/code/findbugs/bcel-findbugs/6.0/bcel-findbugs-6.0.jar:/home/user/.m2/repository/com/google/code/findbugs/jFormatString/2.0.1/jFormatString-2.0.1.jar:/home/user/.m2/repository/dom4j/dom4j/1.6.1/dom4j-1.6.1.jar:/home/user/.m2/repository/xml-apis/xml-apis/1.0.b2/xml-apis-1.0.b2.jar:/home/user/.m2/repository/org/ow2/asm/asm-debug-all/5.0.2/asm-debug-all-5.0.2.jar:/home/user/.m2/repository/org/ow2/asm/asm-commons/5.0.2/asm-commons-5.0.2.jar:/home/user/.m2/repository/org/ow2/asm/asm-tree/5.0.2/asm-tree-5.0.2.jar:/home/user/.m2/repository/org/ow2/asm/asm/5.0.4/asm-5.0.4.jar:/home/user/.m2/repository/commons-lang/commons-lang/2.6/commons-lang-2.6.jar:/home/user/.m2/repository/com/apple/AppleJavaExtensions/1.4/AppleJavaExtensions-1.4.jar:/home/user/.m2/repository/jaxen/jaxen/1.1.6/jaxen-1.1.6.jar:/home/user/.m2/repository/junit/junit/4.11/junit-4.11.jar:/home/user/.m2/repository/org/hamcrest/hamcrest-core/1.3/hamcrest-core-1.3.jar:/home/user/.m2/repository/org/apache/hadoop/hadoop-common/3.2.0/hadoop-common-3.2.0-tests.jar:/home/user/.m2/repository/org/apache/hadoop/hadoop-ozone-integration-test/0.4.1-SNAPSHOT/hadoop-ozone-integration-test-0.4.1-SNAPSHOT-tests.jar:/workdir/hadoop-ozone/objectstore-service/target/classes:/workdir/hadoop-ozone/s3gateway/target/classes:/home/user/.m2/repository/org/jboss/weld/servlet/weld-servlet/2.4.7.Final/weld-servlet-2.4.7.Final.jar:/home/user/.m2/repository/org/glassfish/jersey/containers/jersey-container-servlet-core/2.27/jersey-container-servlet-core-2.27.jar:/home/user/.m2/repository/org/glassfish/hk2/external/javax.inject/2.5.0-b42/javax.inject-2.5.0-b42.jar:/home/user/.m2/repository/org/glassfish/jersey/core/jersey-common/2.27/jersey-common-2.27.jar:/home/user/.m2/repository/org/glassfish/hk2/osgi-resource-locator/1.0.1/osgi-resource-locator-1.0.1.jar:/home/user/.m2/repository/javax/ws/rs/javax.ws.rs-api/2.1/javax.ws.rs-api-2.1.jar:/home/user/.m2/repository/org/glassfish/jersey/ext/cdi/jersey-cdi1x/2.27/jersey-cdi1x-2.27.jar:/home/user/.m2/repository/org/glassfish/jersey/inject/jersey-hk2/2.27/jersey-hk2-2.27.jar:/home/user/.m2/repository/org/glassfish/hk2/hk2-locator/2.5.0-b42/hk2-locator-2.5.0-b42.jar:/home/user/.m2/repository/org/javassist/javassist/3.22.0-CR2/javassist-3.22.0-CR2.jar:/home/user/.m2/repository/org/glassfish/hk2/hk2-api/2.5.0/hk2-api-2.5.0.jar:/home/user/.m2/repository/org/glassfish/hk2/external/jakarta.inject/2.5.0/jakarta.inject-2.5.0.jar:/home/user/.m2/repository/org/glassfish/hk2/hk2-utils/2.5.0/hk2-utils-2.5.0.jar:/home/user/.m2/repository/jakarta/annotation/jakarta.annotation-api/1.3.4/jakarta.annotation-api-1.3.4.jar:/home/user/.m2/repository/org/glassfish/hk2/external/aopalliance-repackaged/2.5.0/aopalliance-repackaged-2.5.0.jar:/home/user/.m2/repository/com/fasterxml/jackson/dataformat/jackson-dataformat-xml/2.9.0/jackson-dataformat-xml-2.9.0.jar:/home/user/.m2/repository/com/fasterxml/jackson/module/jackson-module-jaxb-annotations/2.9.5/jackson-module-jaxb-annotations-2.9.5.jar:/home/user/.m2/repository/javax/enterprise/cdi-api/1.2/cdi-api-1.2.jar:/home/user/.m2/repository/javax/el/javax.el-api/3.0.0/javax.el-api-3.0.0.jar:/home/user/.m2/repository/javax/interceptor/javax.interceptor-api/1.2/javax.interceptor-api-1.2.jar:/home/user/.m2/repository/javax/inject/javax.inject/1/javax.inject-1.jar:/workdir/hadoop-ozone/csi/target/classes:/home/user/.m2/repository/com/google/protobuf/protobuf-java-util/3.5.1/protobuf-java-util-3.5.1.jar:/home/user/.m2/repository/io/grpc/grpc-netty/1.17.1/grpc-netty-1.17.1.jar:/home/user/.m2/repository/io/grpc/grpc-core/1.17.1/grpc-core-1.17.1.jar:/home/user/.m2/repository/io/grpc/grpc-context/1.17.1/grpc-context-1.17.1.jar:/home/user/.m2/repository/com/google/errorprone/error_prone_annotations/2.2.0/error_prone_annotations-2.2.0.jar:/home/user/.m2/repository/org/codehaus/mojo/animal-sniffer-annotations/1.17/animal-sniffer-annotations-1.17.jar:/home/user/.m2/repository/io/opencensus/opencensus-api/0.17.0/opencensus-api-0.17.0.jar:/home/user/.m2/repository/io/opencensus/opencensus-contrib-grpc-metrics/0.17.0/opencensus-contrib-grpc-metrics-0.17.0.jar:/home/user/.m2/repository/io/netty/netty-codec-http2/4.1.30.Final/netty-codec-http2-4.1.30.Final.jar:/home/user/.m2/repository/io/netty/netty-codec-http/4.1.30.Final/netty-codec-http-4.1.30.Final.jar:/home/user/.m2/repository/io/netty/netty-codec/4.1.30.Final/netty-codec-4.1.30.Final.jar:/home/user/.m2/repository/io/netty/netty-handler/4.1.30.Final/netty-handler-4.1.30.Final.jar:/home/user/.m2/repository/io/netty/netty-handler-proxy/4.1.30.Final/netty-handler-proxy-4.1.30.Final.jar:/home/user/.m2/repository/io/netty/netty-codec-socks/4.1.30.Final/netty-codec-socks-4.1.30.Final.jar:/home/user/.m2/repository/io/netty/netty-transport-native-epoll/4.1.30.Final/netty-transport-native-epoll-4.1.30.Final.jar:/home/user/.m2/repository/io/netty/netty-common/4.1.30.Final/netty-common-4.1.30.Final.jar:/home/user/.m2/repository/io/netty/netty-buffer/4.1.30.Final/netty-buffer-4.1.30.Final.jar:/home/user/.m2/repository/io/netty/netty-transport/4.1.30.Final/netty-transport-4.1.30.Final.jar:/home/user/.m2/repository/io/netty/netty-resolver/4.1.30.Final/netty-resolver-4.1.30.Final.jar:/home/user/.m2/repository/io/netty/netty-transport-native-unix-common/4.1.30.Final/netty-transport-native-unix-common-4.1.30.Final.jar:/home/user/.m2/repository/io/grpc/grpc-protobuf/1.17.1/grpc-protobuf-1.17.1.jar:/home/user/.m2/repository/com/google/api/grpc/proto-google-common-protos/1.0.0/proto-google-common-protos-1.0.0.jar:/home/user/.m2/repository/io/grpc/grpc-protobuf-lite/1.17.1/grpc-protobuf-lite-1.17.1.jar:/home/user/.m2/repository/io/grpc/grpc-stub/1.17.1/grpc-stub-1.17.1.jar:/workdir/hadoop-ozone/ozone-recon/target/classes:/workdir/hadoop-ozone/ozone-recon-codegen/target/classes:/home/user/.m2/repository/com/google/inject/extensions/guice-multibindings/4.0/guice-multibindings-4.0.jar:/home/user/.m2/repository/com/google/inject/guice/4.0/guice-4.0.jar:/home/user/.m2/repository/aopalliance/aopalliance/1.0/aopalliance-1.0.jar:/home/user/.m2/repository/com/google/inject/extensions/guice-servlet/4.0/guice-servlet-4.0.jar:/home/user/.m2/repository/org/glassfish/jersey/containers/jersey-container-servlet/2.27/jersey-container-servlet-2.27.jar:/home/user/.m2/repository/org/glassfish/hk2/guice-bridge/2.5.0/guice-bridge-2.5.0.jar:/home/user/.m2/repository/org/glassfish/jersey/core/jersey-server/2.27/jersey-server-2.27.jar:/home/user/.m2/repository/org/glassfish/jersey/core/jersey-client/2.27/jersey-client-2.27.jar:/home/user/.m2/repository/org/glassfish/jersey/media/jersey-media-jaxb/2.27/jersey-media-jaxb-2.27.jar:/home/user/.m2/repository/javax/validation/validation-api/1.1.0.Final/validation-api-1.1.0.Final.jar:/home/user/.m2/repository/org/glassfish/jersey/media/jersey-media-json-jackson/2.27/jersey-media-json-jackson-2.27.jar:/home/user/.m2/repository/org/glassfish/jersey/ext/jersey-entity-filtering/2.27/jersey-entity-filtering-2.27.jar:/home/user/.m2/repository/com/google/inject/extensions/guice-assistedinject/4.0/guice-assistedinject-4.0.jar:/home/user/.m2/repository/org/jooq/jooq/3.11.10/jooq-3.11.10.jar:/home/user/.m2/repository/org/jooq/jooq-meta/3.11.10/jooq-meta-3.11.10.jar:/home/user/.m2/repository/org/jooq/jooq-codegen/3.11.10/jooq-codegen-3.11.10.jar:/home/user/.m2/repository/com/jolbox/bonecp/0.8.0.RELEASE/bonecp-0.8.0.RELEASE.jar:/home/user/.m2/repository/org/springframework/spring-jdbc/5.1.3.RELEASE/spring-jdbc-5.1.3.RELEASE.jar:/home/user/.m2/repository/org/springframework/spring-beans/5.1.3.RELEASE/spring-beans-5.1.3.RELEASE.jar:/home/user/.m2/repository/org/springframework/spring-core/5.1.3.RELEASE/spring-core-5.1.3.RELEASE.jar:/home/user/.m2/repository/org/springframework/spring-jcl/5.1.3.RELEASE/spring-jcl-5.1.3.RELEASE.jar:/home/user/.m2/repository/org/springframework/spring-tx/5.1.3.RELEASE/spring-tx-5.1.3.RELEASE.jar:/home/user/.m2/repository/org/mockito/mockito-core/2.15.0/mockito-core-2.15.0.jar:/home/user/.m2/repository/net/bytebuddy/byte-buddy/1.7.9/byte-buddy-1.7.9.jar:/home/user/.m2/repository/net/bytebuddy/byte-buddy-agent/1.7.9/byte-buddy-agent-1.7.9.jar:/home/user/.m2/repository/org/objenesis/objenesis/1.0/objenesis-1.0.jar:"/>
    <property name="java.vm.vendor" value="IcedTea"/>
    <property name="sun.arch.data.model" value="64"/>
    <property name="test.build.dir" value="/workdir/hadoop-ozone/tools/target/test-dir"/>
    <property name="test.cache.data" value=""/>
    <property name="java.vendor.url" value="https://icedtea.classpath.org"/>
    <property name="user.timezone" value=""/>
    <property name="java.vm.specification.version" value="1.8"/>
    <property name="os.name" value="Linux"/>
    <property name="test.build.data" value="/workdir/hadoop-ozone/tools/target/test-dir"/>
    <property name="user.country" value="US"/>
    <property name="sun.java.launcher" value="SUN_STANDARD"/>
    <property name="sun.boot.library.path" value="/usr/lib/jvm/java-1.8-openjdk/jre/lib/amd64"/>
    <property name="sun.java.command" value="/workdir/hadoop-ozone/tools/target/surefire/surefirebooter4308125550631864695.jar /workdir/hadoop-ozone/tools/target/surefire 2019-07-30T12-42-42_217-jvmRun1 surefire2667062376626755578tmp surefire_1128549133440471150135tmp"/>
    <property name="surefire.test.class.path" value="/workdir/hadoop-ozone/tools/target/test-classes:/workdir/hadoop-ozone/tools/target/classes:/workdir/hadoop-ozone/ozone-manager/target/classes:/workdir/hadoop-hdds/docs/target/classes:/home/user/.m2/repository/org/bouncycastle/bcprov-jdk15on/1.60/bcprov-jdk15on-1.60.jar:/workdir/hadoop-ozone/common/target/classes:/home/user/.m2/repository/org/apache/commons/commons-compress/1.4.1/commons-compress-1.4.1.jar:/home/user/.m2/repository/org/tukaani/xz/1.0/xz-1.0.jar:/home/user/.m2/repository/org/apache/hadoop/hadoop-hdfs-client/3.2.0/hadoop-hdfs-client-3.2.0.jar:/home/user/.m2/repository/com/fasterxml/jackson/core/jackson-annotations/2.9.5/jackson-annotations-2.9.5.jar:/workdir/hadoop-hdds/common/target/classes:/workdir/hadoop-hdds/config/target/classes:/home/user/.m2/repository/javax/annotation/javax.annotation-api/1.2/javax.annotation-api-1.2.jar:/home/user/.m2/repository/org/apache/ratis/ratis-server/0.4.0-2337318-SNAPSHOT/ratis-server-0.4.0-2337318-SNAPSHOT.jar:/home/user/.m2/repository/org/apache/ratis/ratis-thirdparty-misc/0.2.0/ratis-thirdparty-misc-0.2.0.jar:/home/user/.m2/repository/org/apache/ratis/ratis-proto/0.4.0-2337318-SNAPSHOT/ratis-proto-0.4.0-2337318-SNAPSHOT.jar:/home/user/.m2/repository/org/apache/ratis/ratis-common/0.4.0-2337318-SNAPSHOT/ratis-common-0.4.0-2337318-SNAPSHOT.jar:/home/user/.m2/repository/org/apache/ratis/ratis-client/0.4.0-2337318-SNAPSHOT/ratis-client-0.4.0-2337318-SNAPSHOT.jar:/home/user/.m2/repository/org/apache/ratis/ratis-metrics/0.4.0-2337318-SNAPSHOT/ratis-metrics-0.4.0-2337318-SNAPSHOT.jar:/home/user/.m2/repository/org/apache/ratis/ratis-netty/0.4.0-2337318-SNAPSHOT/ratis-netty-0.4.0-2337318-SNAPSHOT.jar:/home/user/.m2/repository/org/apache/ratis/ratis-grpc/0.4.0-2337318-SNAPSHOT/ratis-grpc-0.4.0-2337318-SNAPSHOT.jar:/home/user/.m2/repository/org/rocksdb/rocksdbjni/6.0.1/rocksdbjni-6.0.1.jar:/home/user/.m2/repository/org/apache/logging/log4j/log4j-api/2.11.0/log4j-api-2.11.0.jar:/home/user/.m2/repository/org/apache/logging/log4j/log4j-core/2.11.0/log4j-core-2.11.0.jar:/home/user/.m2/repository/com/lmax/disruptor/3.4.2/disruptor-3.4.2.jar:/home/user/.m2/repository/org/apache/commons/commons-pool2/2.6.0/commons-pool2-2.6.0.jar:/home/user/.m2/repository/org/bouncycastle/bcpkix-jdk15on/1.60/bcpkix-jdk15on-1.60.jar:/home/user/.m2/repository/commons-validator/commons-validator/1.6/commons-validator-1.6.jar:/home/user/.m2/repository/commons-digester/commons-digester/1.8.1/commons-digester-1.8.1.jar:/home/user/.m2/repository/io/jaegertracing/jaeger-client/0.33.1/jaeger-client-0.33.1.jar:/home/user/.m2/repository/io/jaegertracing/jaeger-thrift/0.33.1/jaeger-thrift-0.33.1.jar:/home/user/.m2/repository/org/apache/thrift/libthrift/0.11.0/libthrift-0.11.0.jar:/home/user/.m2/repository/com/squareup/okhttp3/okhttp/3.9.0/okhttp-3.9.0.jar:/home/user/.m2/repository/com/squareup/okio/okio/1.13.0/okio-1.13.0.jar:/home/user/.m2/repository/io/jaegertracing/jaeger-core/0.33.1/jaeger-core-0.33.1.jar:/home/user/.m2/repository/io/jaegertracing/jaeger-tracerresolver/0.33.1/jaeger-tracerresolver-0.33.1.jar:/home/user/.m2/repository/io/opentracing/contrib/opentracing-tracerresolver/0.1.5/opentracing-tracerresolver-0.1.5.jar:/home/user/.m2/repository/io/opentracing/opentracing-util/0.31.0/opentracing-util-0.31.0.jar:/home/user/.m2/repository/io/opentracing/opentracing-api/0.31.0/opentracing-api-0.31.0.jar:/home/user/.m2/repository/io/opentracing/opentracing-noop/0.31.0/opentracing-noop-0.31.0.jar:/home/user/.m2/repository/org/yaml/snakeyaml/1.16/snakeyaml-1.16.jar:/workdir/hadoop-hdds/container-service/target/classes:/workdir/hadoop-hdds/client/target/classes:/workdir/hadoop-hdds/tools/target/classes:/home/user/.m2/repository/org/xerial/sqlite-jdbc/3.25.2/sqlite-jdbc-3.25.2.jar:/workdir/hadoop-hdds/server-scm/target/classes:/home/user/.m2/repository/org/hamcrest/hamcrest-all/1.3/hamcrest-all-1.3.jar:/home/user/.m2/repository/info/picocli/picocli/3.9.6/picocli-3.9.6.jar:/home/user/.m2/repository/com/google/protobuf/protobuf-java/2.5.0/protobuf-java-2.5.0.jar:/home/user/.m2/repository/com/google/guava/guava/11.0.2/guava-11.0.2.jar:/workdir/hadoop-ozone/client/target/classes:/home/user/.m2/repository/org/apache/hadoop/hadoop-ozone-filesystem/0.4.1-SNAPSHOT/hadoop-ozone-filesystem-0.4.1-SNAPSHOT.jar:/workdir/hadoop-hdds/framework/target/classes:/home/user/.m2/repository/org/apache/hadoop/hadoop-common/3.2.0/hadoop-common-3.2.0.jar:/home/user/.m2/repository/org/apache/hadoop/hadoop-annotations/3.2.0/hadoop-annotations-3.2.0.jar:/usr/lib/jvm/java-1.8-openjdk/jre/../lib/tools.jar:/home/user/.m2/repository/commons-cli/commons-cli/1.2/commons-cli-1.2.jar:/home/user/.m2/repository/org/apache/commons/commons-math3/3.1.1/commons-math3-3.1.1.jar:/home/user/.m2/repository/org/apache/httpcomponents/httpclient/4.5.2/httpclient-4.5.2.jar:/home/user/.m2/repository/org/apache/httpcomponents/httpcore/4.4.4/httpcore-4.4.4.jar:/home/user/.m2/repository/commons-codec/commons-codec/1.11/commons-codec-1.11.jar:/home/user/.m2/repository/commons-io/commons-io/2.5/commons-io-2.5.jar:/home/user/.m2/repository/commons-net/commons-net/3.6/commons-net-3.6.jar:/home/user/.m2/repository/commons-collections/commons-collections/3.2.2/commons-collections-3.2.2.jar:/home/user/.m2/repository/javax/servlet/javax.servlet-api/3.1.0/javax.servlet-api-3.1.0.jar:/home/user/.m2/repository/org/eclipse/jetty/jetty-server/9.3.24.v20180605/jetty-server-9.3.24.v20180605.jar:/home/user/.m2/repository/org/eclipse/jetty/jetty-http/9.3.24.v20180605/jetty-http-9.3.24.v20180605.jar:/home/user/.m2/repository/org/eclipse/jetty/jetty-io/9.3.24.v20180605/jetty-io-9.3.24.v20180605.jar:/home/user/.m2/repository/org/eclipse/jetty/jetty-util/9.3.24.v20180605/jetty-util-9.3.24.v20180605.jar:/home/user/.m2/repository/org/eclipse/jetty/jetty-servlet/9.3.24.v20180605/jetty-servlet-9.3.24.v20180605.jar:/home/user/.m2/repository/org/eclipse/jetty/jetty-security/9.3.24.v20180605/jetty-security-9.3.24.v20180605.jar:/home/user/.m2/repository/org/eclipse/jetty/jetty-webapp/9.3.24.v20180605/jetty-webapp-9.3.24.v20180605.jar:/home/user/.m2/repository/org/eclipse/jetty/jetty-xml/9.3.24.v20180605/jetty-xml-9.3.24.v20180605.jar:/home/user/.m2/repository/javax/servlet/jsp/jsp-api/2.1/jsp-api-2.1.jar:/home/user/.m2/repository/com/sun/jersey/jersey-core/1.19/jersey-core-1.19.jar:/home/user/.m2/repository/javax/ws/rs/jsr311-api/1.1.1/jsr311-api-1.1.1.jar:/home/user/.m2/repository/com/sun/jersey/jersey-servlet/1.19/jersey-servlet-1.19.jar:/home/user/.m2/repository/com/sun/jersey/jersey-json/1.19/jersey-json-1.19.jar:/home/user/.m2/repository/org/codehaus/jettison/jettison/1.1/jettison-1.1.jar:/home/user/.m2/repository/com/sun/xml/bind/jaxb-impl/2.3.0.1/jaxb-impl-2.3.0.1.jar:/home/user/.m2/repository/org/codehaus/jackson/jackson-core-asl/1.9.13/jackson-core-asl-1.9.13.jar:/home/user/.m2/repository/org/codehaus/jackson/jackson-mapper-asl/1.9.13/jackson-mapper-asl-1.9.13.jar:/home/user/.m2/repository/org/codehaus/jackson/jackson-jaxrs/1.9.13/jackson-jaxrs-1.9.13.jar:/home/user/.m2/repository/org/codehaus/jackson/jackson-xc/1.9.13/jackson-xc-1.9.13.jar:/home/user/.m2/repository/com/sun/jersey/jersey-server/1.19/jersey-server-1.19.jar:/home/user/.m2/repository/commons-logging/commons-logging/1.1.3/commons-logging-1.1.3.jar:/home/user/.m2/repository/log4j/log4j/1.2.17/log4j-1.2.17.jar:/home/user/.m2/repository/commons-beanutils/commons-beanutils/1.9.3/commons-beanutils-1.9.3.jar:/home/user/.m2/repository/org/apache/commons/commons-configuration2/2.1.1/commons-configuration2-2.1.1.jar:/home/user/.m2/repository/org/apache/commons/commons-lang3/3.7/commons-lang3-3.7.jar:/home/user/.m2/repository/org/apache/commons/commons-text/1.4/commons-text-1.4.jar:/home/user/.m2/repository/org/slf4j/slf4j-api/1.7.25/slf4j-api-1.7.25.jar:/home/user/.m2/repository/org/slf4j/slf4j-log4j12/1.7.25/slf4j-log4j12-1.7.25.jar:/home/user/.m2/repository/org/apache/avro/avro/1.7.7/avro-1.7.7.jar:/home/user/.m2/repository/com/thoughtworks/paranamer/paranamer/2.3/paranamer-2.3.jar:/home/user/.m2/repository/org/xerial/snappy/snappy-java/1.0.5/snappy-java-1.0.5.jar:/home/user/.m2/repository/com/google/re2j/re2j/1.1/re2j-1.1.jar:/home/user/.m2/repository/com/google/code/gson/gson/2.2.4/gson-2.2.4.jar:/home/user/.m2/repository/org/apache/hadoop/hadoop-auth/3.2.0/hadoop-auth-3.2.0.jar:/home/user/.m2/repository/com/nimbusds/nimbus-jose-jwt/4.41.1/nimbus-jose-jwt-4.41.1.jar:/home/user/.m2/repository/com/github/stephenc/jcip/jcip-annotations/1.0-1/jcip-annotations-1.0-1.jar:/home/user/.m2/repository/net/minidev/json-smart/2.3/json-smart-2.3.jar:/home/user/.m2/repository/net/minidev/accessors-smart/1.2/accessors-smart-1.2.jar:/home/user/.m2/repository/org/apache/curator/curator-framework/2.12.0/curator-framework-2.12.0.jar:/home/user/.m2/repository/com/jcraft/jsch/0.1.54/jsch-0.1.54.jar:/home/user/.m2/repository/org/apache/curator/curator-client/2.12.0/curator-client-2.12.0.jar:/home/user/.m2/repository/org/apache/curator/curator-recipes/2.12.0/curator-recipes-2.12.0.jar:/home/user/.m2/repository/com/google/code/findbugs/jsr305/3.0.0/jsr305-3.0.0.jar:/home/user/.m2/repository/org/apache/htrace/htrace-core4/4.1.0-incubating/htrace-core4-4.1.0-incubating.jar:/home/user/.m2/repository/org/apache/zookeeper/zookeeper/3.4.13/zookeeper-3.4.13.jar:/home/user/.m2/repository/org/apache/yetus/audience-annotations/0.5.0/audience-annotations-0.5.0.jar:/home/user/.m2/repository/org/apache/kerby/kerb-simplekdc/1.0.1/kerb-simplekdc-1.0.1.jar:/home/user/.m2/repository/org/apache/kerby/kerb-client/1.0.1/kerb-client-1.0.1.jar:/home/user/.m2/repository/org/apache/kerby/kerby-config/1.0.1/kerby-config-1.0.1.jar:/home/user/.m2/repository/org/apache/kerby/kerb-core/1.0.1/kerb-core-1.0.1.jar:/home/user/.m2/repository/org/apache/kerby/kerby-pkix/1.0.1/kerby-pkix-1.0.1.jar:/home/user/.m2/repository/org/apache/kerby/kerby-asn1/1.0.1/kerby-asn1-1.0.1.jar:/home/user/.m2/repository/org/apache/kerby/kerby-util/1.0.1/kerby-util-1.0.1.jar:/home/user/.m2/repository/org/apache/kerby/kerb-common/1.0.1/kerb-common-1.0.1.jar:/home/user/.m2/repository/org/apache/kerby/kerb-crypto/1.0.1/kerb-crypto-1.0.1.jar:/home/user/.m2/repository/org/apache/kerby/kerb-util/1.0.1/kerb-util-1.0.1.jar:/home/user/.m2/repository/org/apache/kerby/token-provider/1.0.1/token-provider-1.0.1.jar:/home/user/.m2/repository/org/apache/kerby/kerb-admin/1.0.1/kerb-admin-1.0.1.jar:/home/user/.m2/repository/org/apache/kerby/kerb-server/1.0.1/kerb-server-1.0.1.jar:/home/user/.m2/repository/org/apache/kerby/kerb-identity/1.0.1/kerb-identity-1.0.1.jar:/home/user/.m2/repository/org/apache/kerby/kerby-xdr/1.0.1/kerby-xdr-1.0.1.jar:/home/user/.m2/repository/com/fasterxml/jackson/core/jackson-databind/2.9.5/jackson-databind-2.9.5.jar:/home/user/.m2/repository/com/fasterxml/jackson/core/jackson-core/2.9.5/jackson-core-2.9.5.jar:/home/user/.m2/repository/org/codehaus/woodstox/stax2-api/3.1.4/stax2-api-3.1.4.jar:/home/user/.m2/repository/com/fasterxml/woodstox/woodstox-core/5.0.3/woodstox-core-5.0.3.jar:/home/user/.m2/repository/dnsjava/dnsjava/2.1.7/dnsjava-2.1.7.jar:/home/user/.m2/repository/org/apache/hadoop/hadoop-hdfs/3.2.0/hadoop-hdfs-3.2.0.jar:/home/user/.m2/repository/org/eclipse/jetty/jetty-util-ajax/9.3.24.v20180605/jetty-util-ajax-9.3.24.v20180605.jar:/home/user/.m2/repository/commons-daemon/commons-daemon/1.0.13/commons-daemon-1.0.13.jar:/home/user/.m2/repository/io/netty/netty/3.10.5.Final/netty-3.10.5.Final.jar:/home/user/.m2/repository/io/netty/netty-all/4.0.52.Final/netty-all-4.0.52.Final.jar:/home/user/.m2/repository/org/fusesource/leveldbjni/leveldbjni-all/1.8/leveldbjni-all-1.8.jar:/home/user/.m2/repository/com/sun/xml/bind/jaxb-core/2.3.0.1/jaxb-core-2.3.0.1.jar:/home/user/.m2/repository/javax/xml/bind/jaxb-api/2.3.0/jaxb-api-2.3.0.jar:/home/user/.m2/repository/javax/activation/activation/1.1.1/activation-1.1.1.jar:/home/user/.m2/repository/io/dropwizard/metrics/metrics-core/3.2.4/metrics-core-3.2.4.jar:/home/user/.m2/repository/org/openjdk/jmh/jmh-core/1.19/jmh-core-1.19.jar:/home/user/.m2/repository/net/sf/jopt-simple/jopt-simple/4.6/jopt-simple-4.6.jar:/home/user/.m2/repository/org/openjdk/jmh/jmh-generator-annprocess/1.19/jmh-generator-annprocess-1.19.jar:/home/user/.m2/repository/com/google/code/findbugs/findbugs/3.0.1/findbugs-3.0.1.jar:/home/user/.m2/repository/net/jcip/jcip-annotations/1.0/jcip-annotations-1.0.jar:/home/user/.m2/repository/com/google/code/findbugs/bcel-findbugs/6.0/bcel-findbugs-6.0.jar:/home/user/.m2/repository/com/google/code/findbugs/jFormatString/2.0.1/jFormatString-2.0.1.jar:/home/user/.m2/repository/dom4j/dom4j/1.6.1/dom4j-1.6.1.jar:/home/user/.m2/repository/xml-apis/xml-apis/1.0.b2/xml-apis-1.0.b2.jar:/home/user/.m2/repository/org/ow2/asm/asm-debug-all/5.0.2/asm-debug-all-5.0.2.jar:/home/user/.m2/repository/org/ow2/asm/asm-commons/5.0.2/asm-commons-5.0.2.jar:/home/user/.m2/repository/org/ow2/asm/asm-tree/5.0.2/asm-tree-5.0.2.jar:/home/user/.m2/repository/org/ow2/asm/asm/5.0.4/asm-5.0.4.jar:/home/user/.m2/repository/commons-lang/commons-lang/2.6/commons-lang-2.6.jar:/home/user/.m2/repository/com/apple/AppleJavaExtensions/1.4/AppleJavaExtensions-1.4.jar:/home/user/.m2/repository/jaxen/jaxen/1.1.6/jaxen-1.1.6.jar:/home/user/.m2/repository/junit/junit/4.11/junit-4.11.jar:/home/user/.m2/repository/org/hamcrest/hamcrest-core/1.3/hamcrest-core-1.3.jar:/home/user/.m2/repository/org/apache/hadoop/hadoop-common/3.2.0/hadoop-common-3.2.0-tests.jar:/home/user/.m2/repository/org/apache/hadoop/hadoop-ozone-integration-test/0.4.1-SNAPSHOT/hadoop-ozone-integration-test-0.4.1-SNAPSHOT-tests.jar:/workdir/hadoop-ozone/objectstore-service/target/classes:/workdir/hadoop-ozone/s3gateway/target/classes:/home/user/.m2/repository/org/jboss/weld/servlet/weld-servlet/2.4.7.Final/weld-servlet-2.4.7.Final.jar:/home/user/.m2/repository/org/glassfish/jersey/containers/jersey-container-servlet-core/2.27/jersey-container-servlet-core-2.27.jar:/home/user/.m2/repository/org/glassfish/hk2/external/javax.inject/2.5.0-b42/javax.inject-2.5.0-b42.jar:/home/user/.m2/repository/org/glassfish/jersey/core/jersey-common/2.27/jersey-common-2.27.jar:/home/user/.m2/repository/org/glassfish/hk2/osgi-resource-locator/1.0.1/osgi-resource-locator-1.0.1.jar:/home/user/.m2/repository/javax/ws/rs/javax.ws.rs-api/2.1/javax.ws.rs-api-2.1.jar:/home/user/.m2/repository/org/glassfish/jersey/ext/cdi/jersey-cdi1x/2.27/jersey-cdi1x-2.27.jar:/home/user/.m2/repository/org/glassfish/jersey/inject/jersey-hk2/2.27/jersey-hk2-2.27.jar:/home/user/.m2/repository/org/glassfish/hk2/hk2-locator/2.5.0-b42/hk2-locator-2.5.0-b42.jar:/home/user/.m2/repository/org/javassist/javassist/3.22.0-CR2/javassist-3.22.0-CR2.jar:/home/user/.m2/repository/org/glassfish/hk2/hk2-api/2.5.0/hk2-api-2.5.0.jar:/home/user/.m2/repository/org/glassfish/hk2/external/jakarta.inject/2.5.0/jakarta.inject-2.5.0.jar:/home/user/.m2/repository/org/glassfish/hk2/hk2-utils/2.5.0/hk2-utils-2.5.0.jar:/home/user/.m2/repository/jakarta/annotation/jakarta.annotation-api/1.3.4/jakarta.annotation-api-1.3.4.jar:/home/user/.m2/repository/org/glassfish/hk2/external/aopalliance-repackaged/2.5.0/aopalliance-repackaged-2.5.0.jar:/home/user/.m2/repository/com/fasterxml/jackson/dataformat/jackson-dataformat-xml/2.9.0/jackson-dataformat-xml-2.9.0.jar:/home/user/.m2/repository/com/fasterxml/jackson/module/jackson-module-jaxb-annotations/2.9.5/jackson-module-jaxb-annotations-2.9.5.jar:/home/user/.m2/repository/javax/enterprise/cdi-api/1.2/cdi-api-1.2.jar:/home/user/.m2/repository/javax/el/javax.el-api/3.0.0/javax.el-api-3.0.0.jar:/home/user/.m2/repository/javax/interceptor/javax.interceptor-api/1.2/javax.interceptor-api-1.2.jar:/home/user/.m2/repository/javax/inject/javax.inject/1/javax.inject-1.jar:/workdir/hadoop-ozone/csi/target/classes:/home/user/.m2/repository/com/google/protobuf/protobuf-java-util/3.5.1/protobuf-java-util-3.5.1.jar:/home/user/.m2/repository/io/grpc/grpc-netty/1.17.1/grpc-netty-1.17.1.jar:/home/user/.m2/repository/io/grpc/grpc-core/1.17.1/grpc-core-1.17.1.jar:/home/user/.m2/repository/io/grpc/grpc-context/1.17.1/grpc-context-1.17.1.jar:/home/user/.m2/repository/com/google/errorprone/error_prone_annotations/2.2.0/error_prone_annotations-2.2.0.jar:/home/user/.m2/repository/org/codehaus/mojo/animal-sniffer-annotations/1.17/animal-sniffer-annotations-1.17.jar:/home/user/.m2/repository/io/opencensus/opencensus-api/0.17.0/opencensus-api-0.17.0.jar:/home/user/.m2/repository/io/opencensus/opencensus-contrib-grpc-metrics/0.17.0/opencensus-contrib-grpc-metrics-0.17.0.jar:/home/user/.m2/repository/io/netty/netty-codec-http2/4.1.30.Final/netty-codec-http2-4.1.30.Final.jar:/home/user/.m2/repository/io/netty/netty-codec-http/4.1.30.Final/netty-codec-http-4.1.30.Final.jar:/home/user/.m2/repository/io/netty/netty-codec/4.1.30.Final/netty-codec-4.1.30.Final.jar:/home/user/.m2/repository/io/netty/netty-handler/4.1.30.Final/netty-handler-4.1.30.Final.jar:/home/user/.m2/repository/io/netty/netty-handler-proxy/4.1.30.Final/netty-handler-proxy-4.1.30.Final.jar:/home/user/.m2/repository/io/netty/netty-codec-socks/4.1.30.Final/netty-codec-socks-4.1.30.Final.jar:/home/user/.m2/repository/io/netty/netty-transport-native-epoll/4.1.30.Final/netty-transport-native-epoll-4.1.30.Final.jar:/home/user/.m2/repository/io/netty/netty-common/4.1.30.Final/netty-common-4.1.30.Final.jar:/home/user/.m2/repository/io/netty/netty-buffer/4.1.30.Final/netty-buffer-4.1.30.Final.jar:/home/user/.m2/repository/io/netty/netty-transport/4.1.30.Final/netty-transport-4.1.30.Final.jar:/home/user/.m2/repository/io/netty/netty-resolver/4.1.30.Final/netty-resolver-4.1.30.Final.jar:/home/user/.m2/repository/io/netty/netty-transport-native-unix-common/4.1.30.Final/netty-transport-native-unix-common-4.1.30.Final.jar:/home/user/.m2/repository/io/grpc/grpc-protobuf/1.17.1/grpc-protobuf-1.17.1.jar:/home/user/.m2/repository/com/google/api/grpc/proto-google-common-protos/1.0.0/proto-google-common-protos-1.0.0.jar:/home/user/.m2/repository/io/grpc/grpc-protobuf-lite/1.17.1/grpc-protobuf-lite-1.17.1.jar:/home/user/.m2/repository/io/grpc/grpc-stub/1.17.1/grpc-stub-1.17.1.jar:/workdir/hadoop-ozone/ozone-recon/target/classes:/workdir/hadoop-ozone/ozone-recon-codegen/target/classes:/home/user/.m2/repository/com/google/inject/extensions/guice-multibindings/4.0/guice-multibindings-4.0.jar:/home/user/.m2/repository/com/google/inject/guice/4.0/guice-4.0.jar:/home/user/.m2/repository/aopalliance/aopalliance/1.0/aopalliance-1.0.jar:/home/user/.m2/repository/com/google/inject/extensions/guice-servlet/4.0/guice-servlet-4.0.jar:/home/user/.m2/repository/org/glassfish/jersey/containers/jersey-container-servlet/2.27/jersey-container-servlet-2.27.jar:/home/user/.m2/repository/org/glassfish/hk2/guice-bridge/2.5.0/guice-bridge-2.5.0.jar:/home/user/.m2/repository/org/glassfish/jersey/core/jersey-server/2.27/jersey-server-2.27.jar:/home/user/.m2/repository/org/glassfish/jersey/core/jersey-client/2.27/jersey-client-2.27.jar:/home/user/.m2/repository/org/glassfish/jersey/media/jersey-media-jaxb/2.27/jersey-media-jaxb-2.27.jar:/home/user/.m2/repository/javax/validation/validation-api/1.1.0.Final/validation-api-1.1.0.Final.jar:/home/user/.m2/repository/org/glassfish/jersey/media/jersey-media-json-jackson/2.27/jersey-media-json-jackson-2.27.jar:/home/user/.m2/repository/org/glassfish/jersey/ext/jersey-entity-filtering/2.27/jersey-entity-filtering-2.27.jar:/home/user/.m2/repository/com/google/inject/extensions/guice-assistedinject/4.0/guice-assistedinject-4.0.jar:/home/user/.m2/repository/org/jooq/jooq/3.11.10/jooq-3.11.10.jar:/home/user/.m2/repository/org/jooq/jooq-meta/3.11.10/jooq-meta-3.11.10.jar:/home/user/.m2/repository/org/jooq/jooq-codegen/3.11.10/jooq-codegen-3.11.10.jar:/home/user/.m2/repository/com/jolbox/bonecp/0.8.0.RELEASE/bonecp-0.8.0.RELEASE.jar:/home/user/.m2/repository/org/springframework/spring-jdbc/5.1.3.RELEASE/spring-jdbc-5.1.3.RELEASE.jar:/home/user/.m2/repository/org/springframework/spring-beans/5.1.3.RELEASE/spring-beans-5.1.3.RELEASE.jar:/home/user/.m2/repository/org/springframework/spring-core/5.1.3.RELEASE/spring-core-5.1.3.RELEASE.jar:/home/user/.m2/repository/org/springframework/spring-jcl/5.1.3.RELEASE/spring-jcl-5.1.3.RELEASE.jar:/home/user/.m2/repository/org/springframework/spring-tx/5.1.3.RELEASE/spring-tx-5.1.3.RELEASE.jar:/home/user/.m2/repository/org/mockito/mockito-core/2.15.0/mockito-core-2.15.0.jar:/home/user/.m2/repository/net/bytebuddy/byte-buddy/1.7.9/byte-buddy-1.7.9.jar:/home/user/.m2/repository/net/bytebuddy/byte-buddy-agent/1.7.9/byte-buddy-agent-1.7.9.jar:/home/user/.m2/repository/org/objenesis/objenesis/1.0/objenesis-1.0.jar:"/>
    <property name="sun.cpu.endian" value="little"/>
    <property name="user.home" value="/home/user"/>
    <property name="user.language" value="en"/>
    <property name="java.specification.vendor" value="Oracle Corporation"/>
    <property name="java.home" value="/usr/lib/jvm/java-1.8-openjdk/jre"/>
    <property name="java.security.krb5.conf" value="/workdir/hadoop-ozone/tools/target/test-classes/krb5.conf"/>
    <property name="basedir" value="/workdir/hadoop-ozone/tools"/>
    <property name="file.separator" value="/"/>
    <property name="line.separator" value="&#10;"/>
    <property name="java.vm.specification.vendor" value="Oracle Corporation"/>
    <property name="java.specification.name" value="Java Platform API Specification"/>
    <property name="java.awt.graphicsenv" value="sun.awt.X11GraphicsEnvironment"/>
    <property name="surefire.real.class.path" value="/workdir/hadoop-ozone/tools/target/surefire/surefirebooter4308125550631864695.jar"/>
    <property name="hadoop.log.dir" value="/workdir/hadoop-ozone/tools/target/log"/>
    <property name="sun.boot.class.path" value="/usr/lib/jvm/java-1.8-openjdk/jre/lib/resources.jar:/usr/lib/jvm/java-1.8-openjdk/jre/lib/rt.jar:/usr/lib/jvm/java-1.8-openjdk/jre/lib/sunrsasign.jar:/usr/lib/jvm/java-1.8-openjdk/jre/lib/jsse.jar:/usr/lib/jvm/java-1.8-openjdk/jre/lib/jce.jar:/usr/lib/jvm/java-1.8-openjdk/jre/lib/charsets.jar:/usr/lib/jvm/java-1.8-openjdk/jre/lib/jfr.jar:/usr/lib/jvm/java-1.8-openjdk/jre/classes"/>
    <property name="sun.management.compiler" value="HotSpot 64-Bit Tiered Compilers"/>
    <property name="java.runtime.version" value="1.8.0_212-b04"/>
    <property name="java.net.preferIPv4Stack" value="true"/>
    <property name="user.name" value="jenkins1000"/>
    <property name="path.separator" value=":"/>
    <property name="java.security.egd" value="file:///dev/urandom"/>
    <property name="os.version" value="3.10.0-957.12.2.el7.x86_64"/>
    <property name="java.endorsed.dirs" value="/usr/lib/jvm/java-1.8-openjdk/jre/lib/endorsed"/>
    <property name="java.runtime.name" value="OpenJDK Runtime Environment"/>
    <property name="file.encoding" value="UTF-8"/>
    <property name="java.vm.name" value="OpenJDK 64-Bit Server VM"/>
    <property name="test.build.webapps" value=""/>
    <property name="localRepository" value="/home/user/.m2/repository"/>
    <property name="java.vendor.url.bug" value="https://icedtea.classpath.org/bugzilla"/>
    <property name="java.io.tmpdir" value="/tmp"/>
    <property name="require.test.libhadoop" value=""/>
    <property name="java.version" value="1.8.0_212"/>
    <property name="user.dir" value="/workdir/hadoop-ozone/tools"/>
    <property name="os.arch" value="amd64"/>
    <property name="java.vm.specification.name" value="Java Virtual Machine Specification"/>
    <property name="test.build.classes" value="/workdir/hadoop-ozone/tools/target/test-classes"/>
    <property name="java.awt.printerjob" value="sun.print.PSPrinterJob"/>
    <property name="sun.os.patch.level" value="unknown"/>
    <property name="hadoop.tmp.dir" value="/workdir/hadoop-ozone/tools/target/tmp"/>
    <property name="java.library.path" value="/usr/lib/jvm/java-1.8-openjdk/jre/lib/amd64/server:/usr/lib/jvm/java-1.8-openjdk/jre/lib/amd64:/usr/lib/jvm/java-1.8-openjdk/jre/../lib/amd64:/workdir/hadoop-ozone/tools/target/native/target/usr/local/lib:/workdir/hadoop-ozone/tools/../../hadoop-common-project/hadoop-common/target/native/target/usr/local/lib:/usr/java/packages/lib/amd64:/usr/lib64:/lib64:/lib:/usr/lib"/>
    <property name="java.vm.info" value="mixed mode"/>
    <property name="java.vendor" value="IcedTea"/>
    <property name="java.vm.version" value="25.212-b04"/>
    <property name="java.ext.dirs" value="/usr/lib/jvm/java-1.8-openjdk/jre/lib/ext:/usr/java/packages/lib/ext"/>
    <property name="sun.io.unicode.encoding" value="UnicodeLittle"/>
    <property name="java.class.version" value="52.0"/>
  </properties>
  <testcase name="testRestart" classname="org.apache.hadoop.ozone.freon.TestFreonWithPipelineDestroy" time="25.452">
    <error message="Unexpected Storage Container Exception: org.apache.hadoop.hdds.scm.container.common.helpers.StorageContainerException: ContainerID 3 does not exist" type="java.io.IOException">java.io.IOException: Unexpected Storage Container Exception: org.apache.hadoop.hdds.scm.container.common.helpers.StorageContainerException: ContainerID 3 does not exist
	at org.apache.hadoop.hdds.scm.storage.BlockOutputStream.setIoException(BlockOutputStream.java:541)
	at org.apache.hadoop.hdds.scm.storage.BlockOutputStream.validateResponse(BlockOutputStream.java:532)
	at org.apache.hadoop.hdds.scm.storage.BlockOutputStream.lambda$writeChunkToContainer$2(BlockOutputStream.java:606)
	at java.util.concurrent.CompletableFuture.uniApply(CompletableFuture.java:602)
	at java.util.concurrent.CompletableFuture$UniApply.tryFire(CompletableFuture.java:577)
	at java.util.concurrent.CompletableFuture$Completion.run(CompletableFuture.java:442)
	at java.util.concurrent.ThreadPoolExecutor.runWorker(ThreadPoolExecutor.java:1149)
	at java.util.concurrent.ThreadPoolExecutor$Worker.run(ThreadPoolExecutor.java:624)
	at java.lang.Thread.run(Thread.java:748)
Caused by: org.apache.hadoop.hdds.scm.container.common.helpers.StorageContainerException: ContainerID 3 does not exist
	at org.apache.hadoop.hdds.scm.storage.ContainerProtocolCalls.validateContainerResponse(ContainerProtocolCalls.java:536)
	at org.apache.hadoop.hdds.scm.storage.BlockOutputStream.validateResponse(BlockOutputStream.java:529)
	... 7 more
</error>
    <system-out><![CDATA[2019-07-30 12:54:51,535 WARN  server.ServerUtils (ServerUtils.java:getScmDbDir(145)) - ozone.scm.db.dirs is not configured. We recommend adding this setting. Falling back to ozone.metadata.dirs instead.
2019-07-30 12:54:51,662 WARN  server.ServerUtils (ServerUtils.java:getScmDbDir(145)) - ozone.scm.db.dirs is not configured. We recommend adding this setting. Falling back to ozone.metadata.dirs instead.
2019-07-30 12:54:51,666 WARN  server.ServerUtils (ServerUtils.java:getScmDbDir(145)) - ozone.scm.db.dirs is not configured. We recommend adding this setting. Falling back to ozone.metadata.dirs instead.
2019-07-30 12:54:51,686 INFO  util.log (Log.java:initialized(192)) - Logging initialized @904ms
2019-07-30 12:54:51,788 INFO  db.DBStoreBuilder (DBStoreBuilder.java:addTable(110)) - using custom profile for table: deletedBlocks
2019-07-30 12:54:51,788 INFO  db.DBStoreBuilder (DBStoreBuilder.java:processTables(161)) - Using default column profile:DBProfile.DISK for Table:deletedBlocks
2019-07-30 12:54:51,788 INFO  db.DBStoreBuilder (DBStoreBuilder.java:addTable(110)) - using custom profile for table: validCerts
2019-07-30 12:54:51,789 INFO  db.DBStoreBuilder (DBStoreBuilder.java:processTables(161)) - Using default column profile:DBProfile.DISK for Table:validCerts
2019-07-30 12:54:51,789 INFO  db.DBStoreBuilder (DBStoreBuilder.java:addTable(110)) - using custom profile for table: revokedCerts
2019-07-30 12:54:51,790 INFO  db.DBStoreBuilder (DBStoreBuilder.java:processTables(161)) - Using default column profile:DBProfile.DISK for Table:revokedCerts
2019-07-30 12:54:51,801 INFO  db.DBStoreBuilder (DBStoreBuilder.java:addTable(110)) - using custom profile for table: default
2019-07-30 12:54:51,802 INFO  db.DBStoreBuilder (DBStoreBuilder.java:processTables(167)) - Using default column profile:DBProfile.DISK for Table:default
2019-07-30 12:54:51,803 INFO  db.DBStoreBuilder (DBStoreBuilder.java:getDbProfile(198)) - Using default options. DBProfile.DISK
2019-07-30 12:54:52,012 INFO  net.NodeSchemaLoader (NodeSchemaLoader.java:loadSchemaFromFile(125)) - Loading file from sun.misc.CompoundEnumeration@12b0404f
2019-07-30 12:54:52,015 INFO  net.NodeSchemaLoader (NodeSchemaLoader.java:loadSchema(171)) - Loading network topology layer schema file
2019-07-30 12:54:52,096 INFO  node.SCMNodeManager (SCMNodeManager.java:<init>(121)) - Entering startup safe mode.
2019-07-30 12:54:52,180 WARN  server.ServerUtils (ServerUtils.java:getScmDbDir(145)) - ozone.scm.db.dirs is not configured. We recommend adding this setting. Falling back to ozone.metadata.dirs instead.
2019-07-30 12:54:52,240 INFO  pipeline.SCMPipelineManager (SCMPipelineManager.java:initializePipelineState(126)) - No pipeline exists in current db
2019-07-30 12:54:52,242 WARN  server.ServerUtils (ServerUtils.java:getScmDbDir(145)) - ozone.scm.db.dirs is not configured. We recommend adding this setting. Falling back to ozone.metadata.dirs instead.
2019-07-30 12:54:52,362 WARN  events.EventQueue (EventQueue.java:fireEvent(175)) - No event handler registered for event TypedEvent{payloadType=SafeModeStatus, name='SafeModeStatus'}
2019-07-30 12:54:52,729 INFO  ipc.CallQueueManager (CallQueueManager.java:<init>(84)) - Using callQueue: class java.util.concurrent.LinkedBlockingQueue, queueCapacity: 2000, scheduler: class org.apache.hadoop.ipc.DefaultRpcScheduler, ipcBackoff: false.
2019-07-30 12:54:52,758 INFO  ipc.Server (Server.java:run(1074)) - Starting Socket Reader #1 for port 43146
2019-07-30 12:54:52,783 INFO  ipc.CallQueueManager (CallQueueManager.java:<init>(84)) - Using callQueue: class java.util.concurrent.LinkedBlockingQueue, queueCapacity: 2000, scheduler: class org.apache.hadoop.ipc.DefaultRpcScheduler, ipcBackoff: false.
2019-07-30 12:54:52,784 INFO  ipc.Server (Server.java:run(1074)) - Starting Socket Reader #1 for port 35873
2019-07-30 12:54:52,790 INFO  ipc.CallQueueManager (CallQueueManager.java:<init>(84)) - Using callQueue: class java.util.concurrent.LinkedBlockingQueue, queueCapacity: 2000, scheduler: class org.apache.hadoop.ipc.DefaultRpcScheduler, ipcBackoff: false.
2019-07-30 12:54:52,791 INFO  ipc.Server (Server.java:run(1074)) - Starting Socket Reader #1 for port 42267
2019-07-30 12:54:52,927 INFO  hdfs.DFSUtil (DFSUtil.java:httpServerTemplateForNNAndJN(1641)) - Starting Web-server for scm at: http://0.0.0.0:0
2019-07-30 12:54:53,093 INFO  server.AuthenticationFilter (AuthenticationFilter.java:constructSecretProvider(240)) - Unable to initialize FileSignerSecretProvider, falling back to use random secrets.
2019-07-30 12:54:53,110 WARN  http.HttpRequestLog (HttpRequestLog.java:getRequestLog(97)) - Jetty request log can only be enabled using Log4j
2019-07-30 12:54:53,119 INFO  http.HttpServer2 (HttpServer2.java:addGlobalFilter(975)) - Added global filter 'safety' (class=org.apache.hadoop.http.HttpServer2$QuotingInputFilter)
2019-07-30 12:54:53,122 INFO  http.HttpServer2 (HttpServer2.java:addFilter(948)) - Added filter static_user_filter (class=org.apache.hadoop.http.lib.StaticUserWebFilter$StaticUserFilter) to context scm
2019-07-30 12:54:53,122 INFO  http.HttpServer2 (HttpServer2.java:addFilter(958)) - Added filter static_user_filter (class=org.apache.hadoop.http.lib.StaticUserWebFilter$StaticUserFilter) to context logs
2019-07-30 12:54:53,122 INFO  http.HttpServer2 (HttpServer2.java:addFilter(958)) - Added filter static_user_filter (class=org.apache.hadoop.http.lib.StaticUserWebFilter$StaticUserFilter) to context static
2019-07-30 12:54:53,149 INFO  server.StorageContainerManager (StorageContainerManager.java:start(758)) - StorageContainerLocationProtocol RPC server is listening at /0.0.0.0:42267
2019-07-30 12:54:53,204 WARN  impl.MetricsConfig (MetricsConfig.java:loadFirst(134)) - Cannot locate configuration: tried hadoop-metrics2-storagecontainermanager.properties,hadoop-metrics2.properties
2019-07-30 12:54:53,218 INFO  impl.MetricsSystemImpl (MetricsSystemImpl.java:startTimer(374)) - Scheduled Metric snapshot period at 10 second(s).
2019-07-30 12:54:53,218 INFO  impl.MetricsSystemImpl (MetricsSystemImpl.java:start(191)) - StorageContainerManager metrics system started
2019-07-30 12:54:53,445 INFO  server.SCMClientProtocolServer (SCMClientProtocolServer.java:start(151)) - RPC server for Client  is listening at /0.0.0.0:42267
2019-07-30 12:54:53,446 INFO  ipc.Server (Server.java:run(1314)) - IPC Server Responder: starting
2019-07-30 12:54:53,446 INFO  ipc.Server (Server.java:run(1153)) - IPC Server listener on 42267: starting
2019-07-30 12:54:53,449 INFO  server.StorageContainerManager (StorageContainerManager.java:start(768)) - ScmBlockLocationProtocol RPC server is listening at /0.0.0.0:35873
2019-07-30 12:54:53,449 INFO  server.SCMBlockProtocolServer (SCMBlockProtocolServer.java:start(140)) - RPC server for Block Protocol is listening at /0.0.0.0:35873
2019-07-30 12:54:53,451 INFO  ipc.Server (Server.java:run(1153)) - IPC Server listener on 35873: starting
2019-07-30 12:54:53,452 INFO  ipc.Server (Server.java:run(1314)) - IPC Server Responder: starting
2019-07-30 12:54:53,459 INFO  server.StorageContainerManager (StorageContainerManager.java:start(772)) - ScmDatanodeProtocl RPC server is listening at /0.0.0.0:43146
2019-07-30 12:54:53,459 INFO  server.SCMDatanodeProtocolServer (SCMDatanodeProtocolServer.java:start(191)) - RPC server for DataNodes is listening at /0.0.0.0:43146
2019-07-30 12:54:53,461 INFO  ipc.Server (Server.java:run(1314)) - IPC Server Responder: starting
2019-07-30 12:54:53,462 INFO  ipc.Server (Server.java:run(1153)) - IPC Server listener on 43146: starting
2019-07-30 12:54:53,476 INFO  http.HttpServer2 (HttpServer2.java:bindListener(1191)) - Jetty bound to port 44968
2019-07-30 12:54:53,478 INFO  server.Server (Server.java:doStart(351)) - jetty-9.3.24.v20180605, build timestamp: 2018-06-05T17:11:56Z, git hash: 84205aa28f11a4f31f2a3b86d1bba2cc8ab69827
2019-07-30 12:54:53,518 INFO  handler.ContextHandler (ContextHandler.java:doStart(781)) - Started o.e.j.s.ServletContextHandler@413f69cc{/logs,file:///workdir/hadoop-ozone/tools/target/log,AVAILABLE}
2019-07-30 12:54:53,518 INFO  handler.ContextHandler (ContextHandler.java:doStart(781)) - Started o.e.j.s.ServletContextHandler@1b75c2e3{/static,file:///workdir/hadoop-hdds/server-scm/target/classes/webapps/static/,AVAILABLE}
2019-07-30 12:54:53,573 INFO  handler.ContextHandler (ContextHandler.java:doStart(781)) - Started o.e.j.w.WebAppContext@30f5a68a{/,file:///workdir/hadoop-hdds/server-scm/target/classes/webapps/scm/,AVAILABLE}{/scm}
2019-07-30 12:54:53,580 INFO  server.AbstractConnector (AbstractConnector.java:doStart(278)) - Started ServerConnector@7a8fa663{HTTP/1.1,[http/1.1]}{0.0.0.0:44968}
2019-07-30 12:54:53,580 INFO  server.Server (Server.java:doStart(419)) - Started @2799ms
2019-07-30 12:54:53,582 INFO  server.BaseHttpServer (BaseHttpServer.java:updateConnectorAddress(207)) - HTTP server of SCM is listening at http://0.0.0.0:44968
2019-07-30 12:54:53,590 INFO  util.JvmPauseMonitor (JvmPauseMonitor.java:run(188)) - Starting JVM pause monitor
2019-07-30 12:54:53,593 WARN  server.ServerUtils (ServerUtils.java:getDBPath(222)) - ozone.om.db.dirs is not configured. We recommend adding this setting. Falling back to ozone.metadata.dirs instead.
2019-07-30 12:54:53,700 WARN  server.ServerUtils (ServerUtils.java:getDBPath(222)) - ozone.om.db.dirs is not configured. We recommend adding this setting. Falling back to ozone.metadata.dirs instead.
2019-07-30 12:54:53,701 WARN  server.ServerUtils (ServerUtils.java:getDBPath(222)) - ozone.om.db.dirs is not configured. We recommend adding this setting. Falling back to ozone.metadata.dirs instead.
2019-07-30 12:54:53,702 INFO  om.OzoneManager (OzoneManager.java:setOMNodeDetails(644)) - OM Service ID is not set. Setting it to the default ID: omServiceIdDefault
2019-07-30 12:54:53,702 INFO  om.OzoneManager (OzoneManager.java:setOMNodeDetails(650)) - OM Node ID is not set. Setting it to the OmStorage's OmID: 2e20bb03-596b-4383-87cf-33fb8142dd10
2019-07-30 12:54:53,703 INFO  om.OzoneManager (OzoneManager.java:loadOMHAConfigs(601)) - Found matching OM address with OMServiceId: null, OMNodeId: null, RPC Address: localhost:0 and Ratis port: 9872
2019-07-30 12:54:54,366 WARN  server.ServerUtils (ServerUtils.java:getDBPath(222)) - ozone.om.db.dirs is not configured. We recommend adding this setting. Falling back to ozone.metadata.dirs instead.
2019-07-30 12:54:54,372 INFO  db.DBStoreBuilder (DBStoreBuilder.java:addTable(110)) - using custom profile for table: userTable
2019-07-30 12:54:54,372 INFO  db.DBStoreBuilder (DBStoreBuilder.java:processTables(161)) - Using default column profile:DBProfile.DISK for Table:userTable
2019-07-30 12:54:54,372 INFO  db.DBStoreBuilder (DBStoreBuilder.java:addTable(110)) - using custom profile for table: volumeTable
2019-07-30 12:54:54,372 INFO  db.DBStoreBuilder (DBStoreBuilder.java:processTables(161)) - Using default column profile:DBProfile.DISK for Table:volumeTable
2019-07-30 12:54:54,373 INFO  db.DBStoreBuilder (DBStoreBuilder.java:addTable(110)) - using custom profile for table: bucketTable
2019-07-30 12:54:54,373 INFO  db.DBStoreBuilder (DBStoreBuilder.java:processTables(161)) - Using default column profile:DBProfile.DISK for Table:bucketTable
2019-07-30 12:54:54,373 INFO  db.DBStoreBuilder (DBStoreBuilder.java:addTable(110)) - using custom profile for table: keyTable
2019-07-30 12:54:54,373 INFO  db.DBStoreBuilder (DBStoreBuilder.java:processTables(161)) - Using default column profile:DBProfile.DISK for Table:keyTable
2019-07-30 12:54:54,374 INFO  db.DBStoreBuilder (DBStoreBuilder.java:addTable(110)) - using custom profile for table: deletedTable
2019-07-30 12:54:54,374 INFO  db.DBStoreBuilder (DBStoreBuilder.java:processTables(161)) - Using default column profile:DBProfile.DISK for Table:deletedTable
2019-07-30 12:54:54,374 INFO  db.DBStoreBuilder (DBStoreBuilder.java:addTable(110)) - using custom profile for table: openKeyTable
2019-07-30 12:54:54,374 INFO  db.DBStoreBuilder (DBStoreBuilder.java:processTables(161)) - Using default column profile:DBProfile.DISK for Table:openKeyTable
2019-07-30 12:54:54,374 INFO  db.DBStoreBuilder (DBStoreBuilder.java:addTable(110)) - using custom profile for table: s3Table
2019-07-30 12:54:54,374 INFO  db.DBStoreBuilder (DBStoreBuilder.java:processTables(161)) - Using default column profile:DBProfile.DISK for Table:s3Table
2019-07-30 12:54:54,375 INFO  db.DBStoreBuilder (DBStoreBuilder.java:addTable(110)) - using custom profile for table: multipartInfoTable
2019-07-30 12:54:54,375 INFO  db.DBStoreBuilder (DBStoreBuilder.java:processTables(161)) - Using default column profile:DBProfile.DISK for Table:multipartInfoTable
2019-07-30 12:54:54,375 INFO  db.DBStoreBuilder (DBStoreBuilder.java:addTable(110)) - using custom profile for table: dTokenTable
2019-07-30 12:54:54,375 INFO  db.DBStoreBuilder (DBStoreBuilder.java:processTables(161)) - Using default column profile:DBProfile.DISK for Table:dTokenTable
2019-07-30 12:54:54,375 INFO  db.DBStoreBuilder (DBStoreBuilder.java:addTable(110)) - using custom profile for table: s3SecretTable
2019-07-30 12:54:54,376 INFO  db.DBStoreBuilder (DBStoreBuilder.java:processTables(161)) - Using default column profile:DBProfile.DISK for Table:s3SecretTable
2019-07-30 12:54:54,376 INFO  db.DBStoreBuilder (DBStoreBuilder.java:addTable(110)) - using custom profile for table: prefixTable
2019-07-30 12:54:54,376 INFO  db.DBStoreBuilder (DBStoreBuilder.java:processTables(161)) - Using default column profile:DBProfile.DISK for Table:prefixTable
2019-07-30 12:54:54,376 INFO  db.DBStoreBuilder (DBStoreBuilder.java:addTable(110)) - using custom profile for table: default
2019-07-30 12:54:54,376 INFO  db.DBStoreBuilder (DBStoreBuilder.java:processTables(167)) - Using default column profile:DBProfile.DISK for Table:default
2019-07-30 12:54:54,377 INFO  db.DBStoreBuilder (DBStoreBuilder.java:getDbProfile(198)) - Using default options. DBProfile.DISK
2019-07-30 12:54:54,862 INFO  ipc.CallQueueManager (CallQueueManager.java:<init>(84)) - Using callQueue: class java.util.concurrent.LinkedBlockingQueue, queueCapacity: 2000, scheduler: class org.apache.hadoop.ipc.DefaultRpcScheduler, ipcBackoff: false.
2019-07-30 12:54:54,864 INFO  ipc.Server (Server.java:run(1074)) - Starting Socket Reader #1 for port 46685
2019-07-30 12:54:54,883 INFO  om.OzoneManager (OzoneManager.java:start(1255)) - OzoneManager RPC server is listening at localhost/127.0.0.1:46685
2019-07-30 12:54:54,883 INFO  impl.MetricsSystemImpl (MetricsSystemImpl.java:init(158)) - OzoneManager metrics system started (again)
2019-07-30 12:54:54,885 INFO  ipc.Server (Server.java:run(1314)) - IPC Server Responder: starting
2019-07-30 12:54:54,886 INFO  ipc.Server (Server.java:run(1153)) - IPC Server listener on 46685: starting
2019-07-30 12:54:54,903 INFO  hdfs.DFSUtil (DFSUtil.java:httpServerTemplateForNNAndJN(1641)) - Starting Web-server for ozoneManager at: http://0.0.0.0:0
2019-07-30 12:54:54,906 INFO  server.AuthenticationFilter (AuthenticationFilter.java:constructSecretProvider(240)) - Unable to initialize FileSignerSecretProvider, falling back to use random secrets.
2019-07-30 12:54:54,907 WARN  http.HttpRequestLog (HttpRequestLog.java:getRequestLog(97)) - Jetty request log can only be enabled using Log4j
2019-07-30 12:54:54,911 INFO  http.HttpServer2 (HttpServer2.java:addGlobalFilter(975)) - Added global filter 'safety' (class=org.apache.hadoop.http.HttpServer2$QuotingInputFilter)
2019-07-30 12:54:54,913 INFO  http.HttpServer2 (HttpServer2.java:addFilter(948)) - Added filter static_user_filter (class=org.apache.hadoop.http.lib.StaticUserWebFilter$StaticUserFilter) to context ozoneManager
2019-07-30 12:54:54,913 INFO  http.HttpServer2 (HttpServer2.java:addFilter(958)) - Added filter static_user_filter (class=org.apache.hadoop.http.lib.StaticUserWebFilter$StaticUserFilter) to context logs
2019-07-30 12:54:54,914 INFO  http.HttpServer2 (HttpServer2.java:addFilter(958)) - Added filter static_user_filter (class=org.apache.hadoop.http.lib.StaticUserWebFilter$StaticUserFilter) to context static
2019-07-30 12:54:54,917 INFO  http.HttpServer2 (HttpServer2.java:bindListener(1191)) - Jetty bound to port 46291
2019-07-30 12:54:54,917 INFO  server.Server (Server.java:doStart(351)) - jetty-9.3.24.v20180605, build timestamp: 2018-06-05T17:11:56Z, git hash: 84205aa28f11a4f31f2a3b86d1bba2cc8ab69827
2019-07-30 12:54:54,920 INFO  handler.ContextHandler (ContextHandler.java:doStart(781)) - Started o.e.j.s.ServletContextHandler@126be319{/logs,file:///workdir/hadoop-ozone/tools/target/log,AVAILABLE}
2019-07-30 12:54:54,921 INFO  handler.ContextHandler (ContextHandler.java:doStart(781)) - Started o.e.j.s.ServletContextHandler@5c371e13{/static,file:///workdir/hadoop-ozone/ozone-manager/target/classes/webapps/static/,AVAILABLE}
2019-07-30 12:54:54,929 INFO  handler.ContextHandler (ContextHandler.java:doStart(781)) - Started o.e.j.w.WebAppContext@27f0ad19{/,file:///workdir/hadoop-ozone/ozone-manager/target/classes/webapps/ozoneManager/,AVAILABLE}{/ozoneManager}
2019-07-30 12:54:54,930 INFO  server.AbstractConnector (AbstractConnector.java:doStart(278)) - Started ServerConnector@54e81b21{HTTP/1.1,[http/1.1]}{0.0.0.0:46291}
2019-07-30 12:54:54,931 INFO  server.Server (Server.java:doStart(419)) - Started @4150ms
2019-07-30 12:54:54,932 INFO  server.BaseHttpServer (BaseHttpServer.java:updateConnectorAddress(207)) - HTTP server of OZONEMANAGER is listening at http://0.0.0.0:46291
2019-07-30 12:54:55,276 INFO  impl.MetricsSystemImpl (MetricsSystemImpl.java:init(158)) - HddsDatanode metrics system started (again)
2019-07-30 12:54:55,363 INFO  ozone.HddsDatanodeService (HddsDatanodeService.java:start(184)) - HddsDatanodeService host:byscane-nightly-nz7xw-1692025919 ip:192.168.69.104
2019-07-30 12:54:55,396 INFO  volume.HddsVolume (HddsVolume.java:<init>(176)) - Creating Volume: /workdir/hadoop-ozone/tools/target/test-dir/MiniOzoneClusterImpl-5218d3a7-1fb3-4b6e-977a-7cfba611958d/datanode-0/data/containers/hdds of  storage type : DISK and capacity : 52710309888
2019-07-30 12:54:55,397 INFO  volume.VolumeSet (VolumeSet.java:initializeVolumeSet(170)) - Added Volume : /workdir/hadoop-ozone/tools/target/test-dir/MiniOzoneClusterImpl-5218d3a7-1fb3-4b6e-977a-7cfba611958d/datanode-0/data/containers/hdds to VolumeSet
2019-07-30 12:54:55,400 INFO  volume.ThrottledAsyncChecker (ThrottledAsyncChecker.java:schedule(140)) - Scheduling a check for org.apache.hadoop.ozone.container.common.volume.HddsVolume@43b0ade
2019-07-30 12:54:55,419 INFO  volume.HddsVolumeChecker (HddsVolumeChecker.java:checkAllVolumes(203)) - Scheduled health check for volume org.apache.hadoop.ozone.container.common.volume.HddsVolume@43b0ade
2019-07-30 12:54:55,543 INFO  impl.RaftServerProxy (ConfUtils.java:logGet(43)) - raft.rpc.type = GRPC (default)
2019-07-30 12:54:55,613 INFO  grpc.GrpcFactory (GrpcFactory.java:checkPooledByteBufAllocatorUseCacheForAllThreads(45)) - PERFORMANCE WARNING: useCacheForAllThreads is true that may cause Netty to create a lot garbage objects and, as a result, trigger GC.
	It is recommended to disable useCacheForAllThreads by setting -Dorg.apache.ratis.thirdparty.io.netty.allocator.useCacheForAllThreads=false in command line.
2019-07-30 12:54:55,617 INFO  grpc.GrpcConfigKeys$Server (ConfUtils.java:logGet(43)) - raft.grpc.server.port = 0 (default)
2019-07-30 12:54:55,618 INFO  server.GrpcService (ConfUtils.java:logGet(43)) - raft.grpc.message.size.max = 33570816 (custom)
2019-07-30 12:54:55,619 INFO  server.RaftServerConfigKeys (ConfUtils.java:logGet(43)) - raft.server.log.appender.buffer.byte-limit = 33554432 (custom)
2019-07-30 12:54:55,620 INFO  server.GrpcService (ConfUtils.java:logGet(43)) - raft.grpc.flow.control.window = 1MB (=1048576) (default)
2019-07-30 12:54:55,621 INFO  server.RaftServerConfigKeys (ConfUtils.java:logGet(43)) - raft.server.rpc.request.timeout = 3000ms (default)
2019-07-30 12:54:55,787 INFO  server.RaftServerConfigKeys (ConfUtils.java:logGet(43)) - raft.server.storage.dir = [/workdir/hadoop-ozone/tools/target/test-dir/MiniOzoneClusterImpl-5218d3a7-1fb3-4b6e-977a-7cfba611958d/datanode-0/data/ratis] (custom)
2019-07-30 12:54:55,823 INFO  replication.SimpleContainerDownloader (SimpleContainerDownloader.java:<init>(72)) - Starting container downloader service to copy containers to replicate.
2019-07-30 12:54:55,837 INFO  hdfs.DFSUtil (DFSUtil.java:httpServerTemplateForNNAndJN(1641)) - Starting Web-server for hddsDatanode at: http://0.0.0.0:0
2019-07-30 12:54:55,840 INFO  server.AuthenticationFilter (AuthenticationFilter.java:constructSecretProvider(240)) - Unable to initialize FileSignerSecretProvider, falling back to use random secrets.
2019-07-30 12:54:55,841 WARN  http.HttpRequestLog (HttpRequestLog.java:getRequestLog(97)) - Jetty request log can only be enabled using Log4j
2019-07-30 12:54:55,845 INFO  http.HttpServer2 (HttpServer2.java:addGlobalFilter(975)) - Added global filter 'safety' (class=org.apache.hadoop.http.HttpServer2$QuotingInputFilter)
2019-07-30 12:54:55,847 INFO  http.HttpServer2 (HttpServer2.java:addFilter(948)) - Added filter static_user_filter (class=org.apache.hadoop.http.lib.StaticUserWebFilter$StaticUserFilter) to context hddsDatanode
2019-07-30 12:54:55,847 INFO  http.HttpServer2 (HttpServer2.java:addFilter(958)) - Added filter static_user_filter (class=org.apache.hadoop.http.lib.StaticUserWebFilter$StaticUserFilter) to context static
2019-07-30 12:54:55,847 INFO  http.HttpServer2 (HttpServer2.java:addFilter(958)) - Added filter static_user_filter (class=org.apache.hadoop.http.lib.StaticUserWebFilter$StaticUserFilter) to context logs
2019-07-30 12:54:55,849 INFO  http.HttpServer2 (HttpServer2.java:bindListener(1191)) - Jetty bound to port 44589
2019-07-30 12:54:55,850 INFO  server.Server (Server.java:doStart(351)) - jetty-9.3.24.v20180605, build timestamp: 2018-06-05T17:11:56Z, git hash: 84205aa28f11a4f31f2a3b86d1bba2cc8ab69827
2019-07-30 12:54:55,853 INFO  handler.ContextHandler (ContextHandler.java:doStart(781)) - Started o.e.j.s.ServletContextHandler@455824ad{/logs,file:///workdir/hadoop-ozone/tools/target/log,AVAILABLE}
2019-07-30 12:54:55,854 INFO  handler.ContextHandler (ContextHandler.java:doStart(781)) - Started o.e.j.s.ServletContextHandler@70f31322{/static,file:///workdir/hadoop-hdds/container-service/target/classes/webapps/static,AVAILABLE}
2019-07-30 12:54:55,861 INFO  handler.ContextHandler (ContextHandler.java:doStart(781)) - Started o.e.j.w.WebAppContext@99407c2{/,file:///workdir/hadoop-hdds/container-service/target/classes/webapps/hddsDatanode/,AVAILABLE}{/hddsDatanode}
2019-07-30 12:54:55,863 INFO  server.AbstractConnector (AbstractConnector.java:doStart(278)) - Started ServerConnector@6c796cc1{HTTP/1.1,[http/1.1]}{0.0.0.0:44589}
2019-07-30 12:54:55,864 INFO  server.Server (Server.java:doStart(419)) - Started @5082ms
2019-07-30 12:54:55,865 INFO  server.BaseHttpServer (BaseHttpServer.java:updateConnectorAddress(207)) - HTTP server of HDDSDATANODE is listening at http://0.0.0.0:44589
2019-07-30 12:54:56,938 INFO  ozone.HddsDatanodeService (HddsDatanodeService.java:startPlugins(395)) - Started plug-in org.apache.hadoop.ozone.web.OzoneHddsDatanodeService@663f237a
2019-07-30 12:54:56,941 INFO  impl.MetricsSystemImpl (MetricsSystemImpl.java:init(158)) - HddsDatanode metrics system started (again)
2019-07-30 12:54:56,946 INFO  ozone.HddsDatanodeService (HddsDatanodeService.java:start(184)) - HddsDatanodeService host:byscane-nightly-nz7xw-1692025919 ip:192.168.69.104
2019-07-30 12:54:56,949 INFO  util.JvmPauseMonitor (JvmPauseMonitor.java:run(188)) - Starting JVM pause monitor
2019-07-30 12:54:56,958 INFO  volume.HddsVolume (HddsVolume.java:<init>(176)) - Creating Volume: /workdir/hadoop-ozone/tools/target/test-dir/MiniOzoneClusterImpl-5218d3a7-1fb3-4b6e-977a-7cfba611958d/datanode-1/data/containers/hdds of  storage type : DISK and capacity : 52710309888
2019-07-30 12:54:56,958 INFO  volume.VolumeSet (VolumeSet.java:initializeVolumeSet(170)) - Added Volume : /workdir/hadoop-ozone/tools/target/test-dir/MiniOzoneClusterImpl-5218d3a7-1fb3-4b6e-977a-7cfba611958d/datanode-1/data/containers/hdds to VolumeSet
2019-07-30 12:54:56,959 INFO  volume.ThrottledAsyncChecker (ThrottledAsyncChecker.java:schedule(140)) - Scheduling a check for org.apache.hadoop.ozone.container.common.volume.HddsVolume@f425231
2019-07-30 12:54:56,961 INFO  volume.HddsVolumeChecker (HddsVolumeChecker.java:checkAllVolumes(203)) - Scheduled health check for volume org.apache.hadoop.ozone.container.common.volume.HddsVolume@f425231
2019-07-30 12:54:56,982 INFO  impl.RaftServerProxy (ConfUtils.java:logGet(43)) - raft.rpc.type = GRPC (default)
2019-07-30 12:54:56,983 INFO  grpc.GrpcFactory (GrpcFactory.java:checkPooledByteBufAllocatorUseCacheForAllThreads(45)) - PERFORMANCE WARNING: useCacheForAllThreads is true that may cause Netty to create a lot garbage objects and, as a result, trigger GC.
	It is recommended to disable useCacheForAllThreads by setting -Dorg.apache.ratis.thirdparty.io.netty.allocator.useCacheForAllThreads=false in command line.
2019-07-30 12:54:56,983 INFO  grpc.GrpcConfigKeys$Server (ConfUtils.java:logGet(43)) - raft.grpc.server.port = 0 (default)
2019-07-30 12:54:56,983 INFO  server.GrpcService (ConfUtils.java:logGet(43)) - raft.grpc.message.size.max = 33570816 (custom)
2019-07-30 12:54:56,983 INFO  server.RaftServerConfigKeys (ConfUtils.java:logGet(43)) - raft.server.log.appender.buffer.byte-limit = 33554432 (custom)
2019-07-30 12:54:56,984 INFO  server.GrpcService (ConfUtils.java:logGet(43)) - raft.grpc.flow.control.window = 1MB (=1048576) (default)
2019-07-30 12:54:56,984 INFO  server.RaftServerConfigKeys (ConfUtils.java:logGet(43)) - raft.server.rpc.request.timeout = 3000ms (default)
2019-07-30 12:54:56,985 INFO  server.RaftServerConfigKeys (ConfUtils.java:logGet(43)) - raft.server.storage.dir = [/workdir/hadoop-ozone/tools/target/test-dir/MiniOzoneClusterImpl-5218d3a7-1fb3-4b6e-977a-7cfba611958d/datanode-1/data/ratis] (custom)
2019-07-30 12:54:56,985 INFO  replication.SimpleContainerDownloader (SimpleContainerDownloader.java:<init>(72)) - Starting container downloader service to copy containers to replicate.
2019-07-30 12:54:56,988 INFO  hdfs.DFSUtil (DFSUtil.java:httpServerTemplateForNNAndJN(1641)) - Starting Web-server for hddsDatanode at: http://0.0.0.0:0
2019-07-30 12:54:56,991 INFO  server.AuthenticationFilter (AuthenticationFilter.java:constructSecretProvider(240)) - Unable to initialize FileSignerSecretProvider, falling back to use random secrets.
2019-07-30 12:54:56,993 WARN  http.HttpRequestLog (HttpRequestLog.java:getRequestLog(97)) - Jetty request log can only be enabled using Log4j
2019-07-30 12:54:56,997 INFO  http.HttpServer2 (HttpServer2.java:addGlobalFilter(975)) - Added global filter 'safety' (class=org.apache.hadoop.http.HttpServer2$QuotingInputFilter)
2019-07-30 12:54:56,998 INFO  http.HttpServer2 (HttpServer2.java:addFilter(948)) - Added filter static_user_filter (class=org.apache.hadoop.http.lib.StaticUserWebFilter$StaticUserFilter) to context hddsDatanode
2019-07-30 12:54:56,998 INFO  http.HttpServer2 (HttpServer2.java:addFilter(958)) - Added filter static_user_filter (class=org.apache.hadoop.http.lib.StaticUserWebFilter$StaticUserFilter) to context static
2019-07-30 12:54:56,999 INFO  http.HttpServer2 (HttpServer2.java:addFilter(958)) - Added filter static_user_filter (class=org.apache.hadoop.http.lib.StaticUserWebFilter$StaticUserFilter) to context logs
2019-07-30 12:54:57,000 INFO  http.HttpServer2 (HttpServer2.java:bindListener(1191)) - Jetty bound to port 41326
2019-07-30 12:54:57,000 INFO  server.Server (Server.java:doStart(351)) - jetty-9.3.24.v20180605, build timestamp: 2018-06-05T17:11:56Z, git hash: 84205aa28f11a4f31f2a3b86d1bba2cc8ab69827
2019-07-30 12:54:57,005 INFO  handler.ContextHandler (ContextHandler.java:doStart(781)) - Started o.e.j.s.ServletContextHandler@345d053b{/logs,file:///workdir/hadoop-ozone/tools/target/log,AVAILABLE}
2019-07-30 12:54:57,006 INFO  handler.ContextHandler (ContextHandler.java:doStart(781)) - Started o.e.j.s.ServletContextHandler@3e8b3b79{/static,file:///workdir/hadoop-hdds/container-service/target/classes/webapps/static,AVAILABLE}
2019-07-30 12:54:57,012 INFO  handler.ContextHandler (ContextHandler.java:doStart(781)) - Started o.e.j.w.WebAppContext@1b13467c{/,file:///workdir/hadoop-hdds/container-service/target/classes/webapps/hddsDatanode/,AVAILABLE}{/hddsDatanode}
2019-07-30 12:54:57,013 INFO  server.AbstractConnector (AbstractConnector.java:doStart(278)) - Started ServerConnector@7bd96822{HTTP/1.1,[http/1.1]}{0.0.0.0:41326}
2019-07-30 12:54:57,015 INFO  server.Server (Server.java:doStart(419)) - Started @6234ms
2019-07-30 12:54:57,016 INFO  server.BaseHttpServer (BaseHttpServer.java:updateConnectorAddress(207)) - HTTP server of HDDSDATANODE is listening at http://0.0.0.0:41326
2019-07-30 12:54:57,084 INFO  datanode.InitDatanodeState (InitDatanodeState.java:persistContainerDatanodeDetails(140)) - DatanodeDetails is persisted to /workdir/hadoop-ozone/tools/target/test-dir/MiniOzoneClusterImpl-5218d3a7-1fb3-4b6e-977a-7cfba611958d/datanode-0/meta/datanode.id
2019-07-30 12:54:57,174 INFO  ozone.HddsDatanodeService (HddsDatanodeService.java:startPlugins(395)) - Started plug-in org.apache.hadoop.ozone.web.OzoneHddsDatanodeService@483b0690
2019-07-30 12:54:57,174 INFO  impl.MetricsSystemImpl (MetricsSystemImpl.java:init(158)) - HddsDatanode metrics system started (again)
2019-07-30 12:54:57,177 INFO  ozone.HddsDatanodeService (HddsDatanodeService.java:start(184)) - HddsDatanodeService host:byscane-nightly-nz7xw-1692025919 ip:192.168.69.104
2019-07-30 12:54:57,177 INFO  util.JvmPauseMonitor (JvmPauseMonitor.java:run(188)) - Starting JVM pause monitor
2019-07-30 12:54:57,183 INFO  datanode.InitDatanodeState (InitDatanodeState.java:persistContainerDatanodeDetails(140)) - DatanodeDetails is persisted to /workdir/hadoop-ozone/tools/target/test-dir/MiniOzoneClusterImpl-5218d3a7-1fb3-4b6e-977a-7cfba611958d/datanode-1/meta/datanode.id
2019-07-30 12:54:57,185 INFO  volume.HddsVolume (HddsVolume.java:<init>(176)) - Creating Volume: /workdir/hadoop-ozone/tools/target/test-dir/MiniOzoneClusterImpl-5218d3a7-1fb3-4b6e-977a-7cfba611958d/datanode-2/data/containers/hdds of  storage type : DISK and capacity : 52710309888
2019-07-30 12:54:57,185 INFO  volume.VolumeSet (VolumeSet.java:initializeVolumeSet(170)) - Added Volume : /workdir/hadoop-ozone/tools/target/test-dir/MiniOzoneClusterImpl-5218d3a7-1fb3-4b6e-977a-7cfba611958d/datanode-2/data/containers/hdds to VolumeSet
2019-07-30 12:54:57,186 INFO  volume.ThrottledAsyncChecker (ThrottledAsyncChecker.java:schedule(140)) - Scheduling a check for org.apache.hadoop.ozone.container.common.volume.HddsVolume@cedee22
2019-07-30 12:54:57,186 INFO  volume.HddsVolumeChecker (HddsVolumeChecker.java:checkAllVolumes(203)) - Scheduled health check for volume org.apache.hadoop.ozone.container.common.volume.HddsVolume@cedee22
2019-07-30 12:54:57,201 INFO  impl.RaftServerProxy (ConfUtils.java:logGet(43)) - raft.rpc.type = GRPC (default)
2019-07-30 12:54:57,201 INFO  grpc.GrpcFactory (GrpcFactory.java:checkPooledByteBufAllocatorUseCacheForAllThreads(45)) - PERFORMANCE WARNING: useCacheForAllThreads is true that may cause Netty to create a lot garbage objects and, as a result, trigger GC.
	It is recommended to disable useCacheForAllThreads by setting -Dorg.apache.ratis.thirdparty.io.netty.allocator.useCacheForAllThreads=false in command line.
2019-07-30 12:54:57,201 INFO  grpc.GrpcConfigKeys$Server (ConfUtils.java:logGet(43)) - raft.grpc.server.port = 0 (default)
2019-07-30 12:54:57,201 INFO  server.GrpcService (ConfUtils.java:logGet(43)) - raft.grpc.message.size.max = 33570816 (custom)
2019-07-30 12:54:57,202 INFO  server.RaftServerConfigKeys (ConfUtils.java:logGet(43)) - raft.server.log.appender.buffer.byte-limit = 33554432 (custom)
2019-07-30 12:54:57,202 INFO  server.GrpcService (ConfUtils.java:logGet(43)) - raft.grpc.flow.control.window = 1MB (=1048576) (default)
2019-07-30 12:54:57,202 INFO  server.RaftServerConfigKeys (ConfUtils.java:logGet(43)) - raft.server.rpc.request.timeout = 3000ms (default)
2019-07-30 12:54:57,203 INFO  server.RaftServerConfigKeys (ConfUtils.java:logGet(43)) - raft.server.storage.dir = [/workdir/hadoop-ozone/tools/target/test-dir/MiniOzoneClusterImpl-5218d3a7-1fb3-4b6e-977a-7cfba611958d/datanode-2/data/ratis] (custom)
2019-07-30 12:54:57,204 INFO  replication.SimpleContainerDownloader (SimpleContainerDownloader.java:<init>(72)) - Starting container downloader service to copy containers to replicate.
2019-07-30 12:54:57,205 INFO  hdfs.DFSUtil (DFSUtil.java:httpServerTemplateForNNAndJN(1641)) - Starting Web-server for hddsDatanode at: http://0.0.0.0:0
2019-07-30 12:54:57,206 INFO  server.AuthenticationFilter (AuthenticationFilter.java:constructSecretProvider(240)) - Unable to initialize FileSignerSecretProvider, falling back to use random secrets.
2019-07-30 12:54:57,206 WARN  http.HttpRequestLog (HttpRequestLog.java:getRequestLog(97)) - Jetty request log can only be enabled using Log4j
2019-07-30 12:54:57,208 INFO  http.HttpServer2 (HttpServer2.java:addGlobalFilter(975)) - Added global filter 'safety' (class=org.apache.hadoop.http.HttpServer2$QuotingInputFilter)
2019-07-30 12:54:57,209 INFO  http.HttpServer2 (HttpServer2.java:addFilter(948)) - Added filter static_user_filter (class=org.apache.hadoop.http.lib.StaticUserWebFilter$StaticUserFilter) to context hddsDatanode
2019-07-30 12:54:57,209 INFO  http.HttpServer2 (HttpServer2.java:addFilter(958)) - Added filter static_user_filter (class=org.apache.hadoop.http.lib.StaticUserWebFilter$StaticUserFilter) to context static
2019-07-30 12:54:57,209 INFO  http.HttpServer2 (HttpServer2.java:addFilter(958)) - Added filter static_user_filter (class=org.apache.hadoop.http.lib.StaticUserWebFilter$StaticUserFilter) to context logs
2019-07-30 12:54:57,210 INFO  http.HttpServer2 (HttpServer2.java:bindListener(1191)) - Jetty bound to port 45462
2019-07-30 12:54:57,210 INFO  server.Server (Server.java:doStart(351)) - jetty-9.3.24.v20180605, build timestamp: 2018-06-05T17:11:56Z, git hash: 84205aa28f11a4f31f2a3b86d1bba2cc8ab69827
2019-07-30 12:54:57,212 INFO  handler.ContextHandler (ContextHandler.java:doStart(781)) - Started o.e.j.s.ServletContextHandler@4887de2b{/logs,file:///workdir/hadoop-ozone/tools/target/log,AVAILABLE}
2019-07-30 12:54:57,212 INFO  handler.ContextHandler (ContextHandler.java:doStart(781)) - Started o.e.j.s.ServletContextHandler@40ac6b76{/static,file:///workdir/hadoop-hdds/container-service/target/classes/webapps/static,AVAILABLE}
2019-07-30 12:54:57,216 INFO  handler.ContextHandler (ContextHandler.java:doStart(781)) - Started o.e.j.w.WebAppContext@13e5d243{/,file:///workdir/hadoop-hdds/container-service/target/classes/webapps/hddsDatanode/,AVAILABLE}{/hddsDatanode}
2019-07-30 12:54:57,217 INFO  server.AbstractConnector (AbstractConnector.java:doStart(278)) - Started ServerConnector@35ef439e{HTTP/1.1,[http/1.1]}{0.0.0.0:45462}
2019-07-30 12:54:57,218 INFO  server.Server (Server.java:doStart(419)) - Started @6437ms
2019-07-30 12:54:57,220 INFO  server.BaseHttpServer (BaseHttpServer.java:updateConnectorAddress(207)) - HTTP server of HDDSDATANODE is listening at http://0.0.0.0:45462
2019-07-30 12:54:57,354 INFO  ozone.HddsDatanodeService (HddsDatanodeService.java:startPlugins(395)) - Started plug-in org.apache.hadoop.ozone.web.OzoneHddsDatanodeService@9f86dc3
2019-07-30 12:54:57,356 INFO  ozone.MiniOzoneClusterImpl (MiniOzoneClusterImpl.java:lambda$waitForClusterToBeReady$0(142)) - Waiting for cluster to be ready. Got 0 of 3 DN Heartbeats.
2019-07-30 12:54:57,358 INFO  util.JvmPauseMonitor (JvmPauseMonitor.java:run(188)) - Starting JVM pause monitor
2019-07-30 12:54:57,361 INFO  datanode.InitDatanodeState (InitDatanodeState.java:persistContainerDatanodeDetails(140)) - DatanodeDetails is persisted to /workdir/hadoop-ozone/tools/target/test-dir/MiniOzoneClusterImpl-5218d3a7-1fb3-4b6e-977a-7cfba611958d/datanode-2/meta/datanode.id
2019-07-30 12:54:58,356 INFO  ozone.MiniOzoneClusterImpl (MiniOzoneClusterImpl.java:lambda$waitForClusterToBeReady$0(142)) - Waiting for cluster to be ready. Got 0 of 3 DN Heartbeats.
2019-07-30 12:54:59,025 INFO  ozoneimpl.OzoneContainer (OzoneContainer.java:start(186)) - Attempting to start container services.
2019-07-30 12:54:59,027 INFO  ozoneimpl.OzoneContainer (OzoneContainer.java:startContainerScrub(160)) - Background container scrubber has been disabled by hdds.containerscrub.enabled
2019-07-30 12:54:59,027 INFO  ratis.XceiverServerRatis (XceiverServerRatis.java:start(404)) - Starting XceiverServerRatis 42c5969b-67dd-49ef-9c02-3c5cc3d54b45 at port 0
2019-07-30 12:54:59,059 INFO  impl.RaftServerProxy (RaftServerProxy.java:lambda$start$3(299)) - 42c5969b-67dd-49ef-9c02-3c5cc3d54b45: start RPC server
2019-07-30 12:54:59,194 INFO  ozoneimpl.OzoneContainer (OzoneContainer.java:start(186)) - Attempting to start container services.
2019-07-30 12:54:59,197 INFO  ozoneimpl.OzoneContainer (OzoneContainer.java:startContainerScrub(160)) - Background container scrubber has been disabled by hdds.containerscrub.enabled
2019-07-30 12:54:59,197 INFO  ratis.XceiverServerRatis (XceiverServerRatis.java:start(404)) - Starting XceiverServerRatis 7359a818-da50-4d5d-b8da-14a632a6f1c5 at port 0
2019-07-30 12:54:59,203 INFO  server.GrpcService (GrpcService.java:startImpl(149)) - 42c5969b-67dd-49ef-9c02-3c5cc3d54b45: GrpcService started, listening on 0.0.0.0/0.0.0.0:33435
2019-07-30 12:54:59,204 INFO  ratis.XceiverServerRatis (XceiverServerRatis.java:start(414)) - XceiverServerRatis 42c5969b-67dd-49ef-9c02-3c5cc3d54b45 is started using port 33435
2019-07-30 12:54:59,207 INFO  server.XceiverServerGrpc (XceiverServerGrpc.java:start(161)) - XceiverServerGrpc 42c5969b-67dd-49ef-9c02-3c5cc3d54b45 is started using port 44273
2019-07-30 12:54:59,212 INFO  impl.RaftServerProxy (RaftServerProxy.java:lambda$start$3(299)) - 7359a818-da50-4d5d-b8da-14a632a6f1c5: start RPC server
2019-07-30 12:54:59,215 INFO  server.GrpcService (GrpcService.java:startImpl(149)) - 7359a818-da50-4d5d-b8da-14a632a6f1c5: GrpcService started, listening on 0.0.0.0/0.0.0.0:38170
2019-07-30 12:54:59,215 INFO  ratis.XceiverServerRatis (XceiverServerRatis.java:start(414)) - XceiverServerRatis 7359a818-da50-4d5d-b8da-14a632a6f1c5 is started using port 38170
2019-07-30 12:54:59,218 INFO  server.XceiverServerGrpc (XceiverServerGrpc.java:start(161)) - XceiverServerGrpc 7359a818-da50-4d5d-b8da-14a632a6f1c5 is started using port 40873
2019-07-30 12:54:59,358 INFO  ozone.MiniOzoneClusterImpl (MiniOzoneClusterImpl.java:lambda$waitForClusterToBeReady$0(142)) - Waiting for cluster to be ready. Got 0 of 3 DN Heartbeats.
2019-07-30 12:54:59,374 INFO  ozoneimpl.OzoneContainer (OzoneContainer.java:start(186)) - Attempting to start container services.
2019-07-30 12:54:59,376 INFO  ozoneimpl.OzoneContainer (OzoneContainer.java:startContainerScrub(160)) - Background container scrubber has been disabled by hdds.containerscrub.enabled
2019-07-30 12:54:59,377 INFO  ratis.XceiverServerRatis (XceiverServerRatis.java:start(404)) - Starting XceiverServerRatis 2f193c78-57e0-489a-b986-686a99fa4b6e at port 0
2019-07-30 12:54:59,452 INFO  impl.RaftServerProxy (RaftServerProxy.java:lambda$start$3(299)) - 2f193c78-57e0-489a-b986-686a99fa4b6e: start RPC server
2019-07-30 12:54:59,460 INFO  server.GrpcService (GrpcService.java:startImpl(149)) - 2f193c78-57e0-489a-b986-686a99fa4b6e: GrpcService started, listening on 0.0.0.0/0.0.0.0:39108
2019-07-30 12:54:59,461 INFO  ratis.XceiverServerRatis (XceiverServerRatis.java:start(414)) - XceiverServerRatis 2f193c78-57e0-489a-b986-686a99fa4b6e is started using port 39108
2019-07-30 12:54:59,464 INFO  server.XceiverServerGrpc (XceiverServerGrpc.java:start(161)) - XceiverServerGrpc 2f193c78-57e0-489a-b986-686a99fa4b6e is started using port 34204
2019-07-30 12:55:00,359 INFO  ozone.MiniOzoneClusterImpl (MiniOzoneClusterImpl.java:lambda$waitForClusterToBeReady$0(142)) - Waiting for cluster to be ready. Got 0 of 3 DN Heartbeats.
2019-07-30 12:55:00,997 INFO  net.NetworkTopology (NetworkTopologyImpl.java:add(110)) - Added a new node: /default-rack/42c5969b-67dd-49ef-9c02-3c5cc3d54b45
2019-07-30 12:55:00,997 INFO  node.SCMNodeManager (SCMNodeManager.java:register(273)) - Registered Data node : 42c5969b-67dd-49ef-9c02-3c5cc3d54b45{ip: 192.168.69.104, host: byscane-nightly-nz7xw-1692025919, networkLocation: /default-rack, certSerialId: null}
2019-07-30 12:55:01,003 INFO  safemode.SCMSafeModeManager (DataNodeSafeModeRule.java:process(71)) - SCM in safe mode. 1 DataNodes registered, 1 required.
2019-07-30 12:55:01,003 INFO  safemode.SCMSafeModeManager (SCMSafeModeManager.java:validateSafeModeExitRules(177)) - ScmSafeModeManager, all rules are successfully validated
2019-07-30 12:55:01,003 INFO  safemode.SCMSafeModeManager (SCMSafeModeManager.java:exitSafeMode(193)) - SCM exiting safe mode.
2019-07-30 12:55:01,181 INFO  net.NetworkTopology (NetworkTopologyImpl.java:add(110)) - Added a new node: /default-rack/7359a818-da50-4d5d-b8da-14a632a6f1c5
2019-07-30 12:55:01,182 INFO  node.SCMNodeManager (SCMNodeManager.java:register(273)) - Registered Data node : 7359a818-da50-4d5d-b8da-14a632a6f1c5{ip: 192.168.69.104, host: byscane-nightly-nz7xw-1692025919, networkLocation: /default-rack, certSerialId: null}
2019-07-30 12:55:01,360 INFO  ozone.MiniOzoneClusterImpl (MiniOzoneClusterImpl.java:lambda$waitForClusterToBeReady$0(142)) - Waiting for cluster to be ready. Got 2 of 3 DN Heartbeats.
2019-07-30 12:55:01,361 INFO  net.NetworkTopology (NetworkTopologyImpl.java:add(110)) - Added a new node: /default-rack/2f193c78-57e0-489a-b986-686a99fa4b6e
2019-07-30 12:55:01,361 INFO  node.SCMNodeManager (SCMNodeManager.java:register(273)) - Registered Data node : 2f193c78-57e0-489a-b986-686a99fa4b6e{ip: 192.168.69.104, host: byscane-nightly-nz7xw-1692025919, networkLocation: /default-rack, certSerialId: null}
2019-07-30 12:55:01,587 INFO  impl.RaftServerProxy (RaftServerProxy.java:addNew(89)) - 42c5969b-67dd-49ef-9c02-3c5cc3d54b45: addNew group-704D27AA8238:[42c5969b-67dd-49ef-9c02-3c5cc3d54b45:192.168.69.104:33435] returns group-704D27AA8238:java.util.concurrent.CompletableFuture@6b4ca796[Not completed]
2019-07-30 12:55:01,605 INFO  impl.RaftServerImpl (RaftServerImpl.java:<init>(93)) - 42c5969b-67dd-49ef-9c02-3c5cc3d54b45: new RaftServerImpl for group-704D27AA8238:[42c5969b-67dd-49ef-9c02-3c5cc3d54b45:192.168.69.104:33435] with ContainerStateMachine:uninitialized
2019-07-30 12:55:01,608 INFO  server.RaftServerConfigKeys (ConfUtils.java:logGet(43)) - raft.server.rpc.timeout.min = 5s (custom)
2019-07-30 12:55:01,609 INFO  server.RaftServerConfigKeys (ConfUtils.java:logGet(43)) - raft.server.rpc.timeout.max = 5200ms (custom)
2019-07-30 12:55:01,610 INFO  server.RaftServerConfigKeys (ConfUtils.java:logGet(43)) - raft.server.rpcslowness.timeout = 120s (custom)
2019-07-30 12:55:01,610 INFO  server.RaftServerConfigKeys (ConfUtils.java:logGet(43)) - raft.server.sleep.deviation.threshold = 300 (default)
2019-07-30 12:55:01,611 INFO  server.RaftServerConfigKeys (ConfUtils.java:logGet(43)) - raft.server.log.appender.install.snapshot.enabled = false (custom)
2019-07-30 12:55:01,620 INFO  impl.RaftServerImpl (ServerState.java:<init>(105)) - 42c5969b-67dd-49ef-9c02-3c5cc3d54b45:group-704D27AA8238 ConfigurationManager, init=-1: [42c5969b-67dd-49ef-9c02-3c5cc3d54b45:192.168.69.104:33435], old=null, confs=<EMPTY_MAP>
2019-07-30 12:55:01,621 INFO  server.RaftServerConfigKeys (ConfUtils.java:logGet(43)) - raft.server.storage.dir = [/workdir/hadoop-ozone/tools/target/test-dir/MiniOzoneClusterImpl-5218d3a7-1fb3-4b6e-977a-7cfba611958d/datanode-0/data/ratis] (custom)
2019-07-30 12:55:01,629 INFO  storage.RaftStorageDirectory (RaftStorageDirectory.java:analyzeStorage(246)) - The storage directory /workdir/hadoop-ozone/tools/target/test-dir/MiniOzoneClusterImpl-5218d3a7-1fb3-4b6e-977a-7cfba611958d/datanode-0/data/ratis/2b230c99-e365-479b-a47c-704d27aa8238 does not exist. Creating ...
2019-07-30 12:55:01,647 INFO  storage.RaftStorageDirectory (RaftStorageDirectory.java:tryLock(328)) - Lock on /workdir/hadoop-ozone/tools/target/test-dir/MiniOzoneClusterImpl-5218d3a7-1fb3-4b6e-977a-7cfba611958d/datanode-0/data/ratis/2b230c99-e365-479b-a47c-704d27aa8238/in_use.lock acquired by nodename 22609@byscane-nightly-nz7xw-1692025919
2019-07-30 12:55:01,663 INFO  storage.RaftStorage (RaftStorage.java:format(72)) - Storage directory /workdir/hadoop-ozone/tools/target/test-dir/MiniOzoneClusterImpl-5218d3a7-1fb3-4b6e-977a-7cfba611958d/datanode-0/data/ratis/2b230c99-e365-479b-a47c-704d27aa8238 has been successfully formatted.
2019-07-30 12:55:01,665 INFO  ratis.ContainerStateMachine (ContainerStateMachine.java:loadSnapshot(213)) - group-704D27AA8238: The snapshot info is null. Setting the last applied indexto:(t:0, i:~)
2019-07-30 12:55:01,665 INFO  server.RaftServerConfigKeys (ConfUtils.java:logGet(43)) - raft.server.leader.election.timeout = 120s (custom)
2019-07-30 12:55:01,668 INFO  server.RaftServerConfigKeys (ConfUtils.java:logGet(43)) - raft.server.log.use.memory = false (default)
2019-07-30 12:55:01,673 INFO  server.RaftServerConfigKeys (ConfUtils.java:logGet(43)) - raft.server.log.purge.gap = 1000000000 (custom)
2019-07-30 12:55:01,674 INFO  server.RaftServerConfigKeys (ConfUtils.java:logGet(43)) - raft.server.log.appender.buffer.byte-limit = 33554432 (custom)
2019-07-30 12:55:01,675 INFO  server.RaftServerConfigKeys (ConfUtils.java:logGet(43)) - raft.server.log.segment.size.max = 1048576 (custom)
2019-07-30 12:55:01,680 INFO  server.RaftServerConfigKeys (ConfUtils.java:logGet(43)) - raft.server.log.segment.cache.num.max = 2 (custom)
2019-07-30 12:55:01,687 INFO  segmented.SegmentedRaftLogWorker (SegmentedRaftLogWorker.java:<init>(172)) - new 42c5969b-67dd-49ef-9c02-3c5cc3d54b45-SegmentedRaftLogWorker:Storage Directory /workdir/hadoop-ozone/tools/target/test-dir/MiniOzoneClusterImpl-5218d3a7-1fb3-4b6e-977a-7cfba611958d/datanode-0/data/ratis/2b230c99-e365-479b-a47c-704d27aa8238 for RaftStorage:Storage Directory /workdir/hadoop-ozone/tools/target/test-dir/MiniOzoneClusterImpl-5218d3a7-1fb3-4b6e-977a-7cfba611958d/datanode-0/data/ratis/2b230c99-e365-479b-a47c-704d27aa8238
2019-07-30 12:55:01,701 INFO  server.RaftServerConfigKeys (ConfUtils.java:logGet(43)) - raft.server.log.queue.byte-limit = 2147483647 (custom)
2019-07-30 12:55:01,701 INFO  server.RaftServerConfigKeys (ConfUtils.java:logGet(43)) - raft.server.log.queue.element-limit = 1024 (custom)
2019-07-30 12:55:01,707 INFO  server.RaftServerConfigKeys (ConfUtils.java:logGet(43)) - raft.server.log.segment.size.max = 1048576 (custom)
2019-07-30 12:55:01,707 INFO  server.RaftServerConfigKeys (ConfUtils.java:logGet(43)) - raft.server.log.preallocated.size = 16384 (custom)
2019-07-30 12:55:01,708 INFO  server.RaftServerConfigKeys (ConfUtils.java:logGet(43)) - raft.server.log.write.buffer.size = 33554432 (custom)
2019-07-30 12:55:01,708 INFO  server.RaftServerConfigKeys (ConfUtils.java:logGet(43)) - raft.server.log.force.sync.num = 128 (default)
2019-07-30 12:55:01,709 INFO  server.RaftServerConfigKeys (ConfUtils.java:logGet(43)) - raft.server.log.statemachine.data.sync = true (default)
2019-07-30 12:55:01,709 INFO  server.RaftServerConfigKeys (ConfUtils.java:logGet(43)) - raft.server.log.statemachine.data.sync.timeout = 10s (default)
2019-07-30 12:55:01,710 INFO  server.RaftServerConfigKeys (ConfUtils.java:logGet(43)) - raft.server.log.statemachine.data.sync.timeout.retry = -1 (default)
2019-07-30 12:55:01,721 INFO  server.RaftServerConfigKeys (ConfUtils.java:logGet(43)) - raft.server.log.statemachine.data.caching.enabled = true (custom)
2019-07-30 12:55:01,725 INFO  segmented.SegmentedRaftLogWorker (SegmentedRaftLogWorker.java:lambda$new$0(132)) - 42c5969b-67dd-49ef-9c02-3c5cc3d54b45-SegmentedRaftLogWorker:Storage Directory /workdir/hadoop-ozone/tools/target/test-dir/MiniOzoneClusterImpl-5218d3a7-1fb3-4b6e-977a-7cfba611958d/datanode-0/data/ratis/2b230c99-e365-479b-a47c-704d27aa8238: flushIndex: setUnconditionally 0 -> -1
2019-07-30 12:55:01,729 INFO  server.RaftServerConfigKeys (ConfUtils.java:logGet(43)) - raft.server.snapshot.auto.trigger.enabled = true (custom)
2019-07-30 12:55:01,730 INFO  server.RaftServerConfigKeys (ConfUtils.java:logGet(43)) - raft.server.snapshot.auto.trigger.threshold = 10000 (custom)
2019-07-30 12:55:01,730 INFO  server.RaftServerConfigKeys (ConfUtils.java:logGet(43)) - raft.server.retrycache.expirytime = 600000ms (custom)
2019-07-30 12:55:02,072 INFO  impl.RaftServerImpl (RaftServerImpl.java:start(180)) - 42c5969b-67dd-49ef-9c02-3c5cc3d54b45: start group-704D27AA8238
2019-07-30 12:55:02,074 INFO  impl.RaftServerImpl (RaftServerImpl.java:setRole(171)) - 42c5969b-67dd-49ef-9c02-3c5cc3d54b45:group-704D27AA8238 changes role from null to FOLLOWER at term 0 for startAsFollower
2019-07-30 12:55:02,076 INFO  impl.RoleInfo (RoleInfo.java:updateAndGet(143)) - 42c5969b-67dd-49ef-9c02-3c5cc3d54b45: start FollowerState
2019-07-30 12:55:02,078 INFO  util.JmxRegister (JmxRegister.java:tryRegister(44)) - Successfully registered JMX Bean with object name Ratis:service=RaftServer,group=group-704D27AA8238,id=42c5969b-67dd-49ef-9c02-3c5cc3d54b45
2019-07-30 12:55:02,147 INFO  pipeline.PipelineStateManager (PipelineStateManager.java:addPipeline(56)) - Created pipeline Pipeline[ Id: 2b230c99-e365-479b-a47c-704d27aa8238, Nodes: 42c5969b-67dd-49ef-9c02-3c5cc3d54b45{ip: 192.168.69.104, host: byscane-nightly-nz7xw-1692025919, networkLocation: /default-rack, certSerialId: null}, Type:RATIS, Factor:ONE, State:OPEN]
2019-07-30 12:55:02,170 INFO  impl.RaftServerProxy (RaftServerProxy.java:addNew(89)) - 7359a818-da50-4d5d-b8da-14a632a6f1c5: addNew group-D2E51BF09E31:[7359a818-da50-4d5d-b8da-14a632a6f1c5:192.168.69.104:38170] returns group-D2E51BF09E31:java.util.concurrent.CompletableFuture@2195bc34[Not completed]
2019-07-30 12:55:02,207 INFO  impl.RaftServerImpl (RaftServerImpl.java:<init>(93)) - 7359a818-da50-4d5d-b8da-14a632a6f1c5: new RaftServerImpl for group-D2E51BF09E31:[7359a818-da50-4d5d-b8da-14a632a6f1c5:192.168.69.104:38170] with ContainerStateMachine:uninitialized
2019-07-30 12:55:02,209 INFO  server.RaftServerConfigKeys (ConfUtils.java:logGet(43)) - raft.server.rpc.timeout.min = 5s (custom)
2019-07-30 12:55:02,210 INFO  server.RaftServerConfigKeys (ConfUtils.java:logGet(43)) - raft.server.rpc.timeout.max = 5200ms (custom)
2019-07-30 12:55:02,210 INFO  server.RaftServerConfigKeys (ConfUtils.java:logGet(43)) - raft.server.rpcslowness.timeout = 120s (custom)
2019-07-30 12:55:02,210 INFO  server.RaftServerConfigKeys (ConfUtils.java:logGet(43)) - raft.server.sleep.deviation.threshold = 300 (default)
2019-07-30 12:55:02,210 INFO  server.RaftServerConfigKeys (ConfUtils.java:logGet(43)) - raft.server.log.appender.install.snapshot.enabled = false (custom)
2019-07-30 12:55:02,210 INFO  impl.RaftServerImpl (ServerState.java:<init>(105)) - 7359a818-da50-4d5d-b8da-14a632a6f1c5:group-D2E51BF09E31 ConfigurationManager, init=-1: [7359a818-da50-4d5d-b8da-14a632a6f1c5:192.168.69.104:38170], old=null, confs=<EMPTY_MAP>
2019-07-30 12:55:02,211 INFO  server.RaftServerConfigKeys (ConfUtils.java:logGet(43)) - raft.server.storage.dir = [/workdir/hadoop-ozone/tools/target/test-dir/MiniOzoneClusterImpl-5218d3a7-1fb3-4b6e-977a-7cfba611958d/datanode-1/data/ratis] (custom)
2019-07-30 12:55:02,211 INFO  storage.RaftStorageDirectory (RaftStorageDirectory.java:analyzeStorage(246)) - The storage directory /workdir/hadoop-ozone/tools/target/test-dir/MiniOzoneClusterImpl-5218d3a7-1fb3-4b6e-977a-7cfba611958d/datanode-1/data/ratis/e561a468-b471-4c0f-8579-d2e51bf09e31 does not exist. Creating ...
2019-07-30 12:55:02,227 INFO  storage.RaftStorageDirectory (RaftStorageDirectory.java:tryLock(328)) - Lock on /workdir/hadoop-ozone/tools/target/test-dir/MiniOzoneClusterImpl-5218d3a7-1fb3-4b6e-977a-7cfba611958d/datanode-1/data/ratis/e561a468-b471-4c0f-8579-d2e51bf09e31/in_use.lock acquired by nodename 22609@byscane-nightly-nz7xw-1692025919
2019-07-30 12:55:02,241 INFO  storage.RaftStorage (RaftStorage.java:format(72)) - Storage directory /workdir/hadoop-ozone/tools/target/test-dir/MiniOzoneClusterImpl-5218d3a7-1fb3-4b6e-977a-7cfba611958d/datanode-1/data/ratis/e561a468-b471-4c0f-8579-d2e51bf09e31 has been successfully formatted.
2019-07-30 12:55:02,242 INFO  ratis.ContainerStateMachine (ContainerStateMachine.java:loadSnapshot(213)) - group-D2E51BF09E31: The snapshot info is null. Setting the last applied indexto:(t:0, i:~)
2019-07-30 12:55:02,243 INFO  server.RaftServerConfigKeys (ConfUtils.java:logGet(43)) - raft.server.leader.election.timeout = 120s (custom)
2019-07-30 12:55:02,243 INFO  server.RaftServerConfigKeys (ConfUtils.java:logGet(43)) - raft.server.log.use.memory = false (default)
2019-07-30 12:55:02,244 INFO  server.RaftServerConfigKeys (ConfUtils.java:logGet(43)) - raft.server.log.purge.gap = 1000000000 (custom)
2019-07-30 12:55:02,244 INFO  server.RaftServerConfigKeys (ConfUtils.java:logGet(43)) - raft.server.log.appender.buffer.byte-limit = 33554432 (custom)
2019-07-30 12:55:02,244 INFO  server.RaftServerConfigKeys (ConfUtils.java:logGet(43)) - raft.server.log.segment.size.max = 1048576 (custom)
2019-07-30 12:55:02,244 INFO  server.RaftServerConfigKeys (ConfUtils.java:logGet(43)) - raft.server.log.segment.cache.num.max = 2 (custom)
2019-07-30 12:55:02,245 INFO  segmented.SegmentedRaftLogWorker (SegmentedRaftLogWorker.java:<init>(172)) - new 7359a818-da50-4d5d-b8da-14a632a6f1c5-SegmentedRaftLogWorker:Storage Directory /workdir/hadoop-ozone/tools/target/test-dir/MiniOzoneClusterImpl-5218d3a7-1fb3-4b6e-977a-7cfba611958d/datanode-1/data/ratis/e561a468-b471-4c0f-8579-d2e51bf09e31 for RaftStorage:Storage Directory /workdir/hadoop-ozone/tools/target/test-dir/MiniOzoneClusterImpl-5218d3a7-1fb3-4b6e-977a-7cfba611958d/datanode-1/data/ratis/e561a468-b471-4c0f-8579-d2e51bf09e31
2019-07-30 12:55:02,246 INFO  server.RaftServerConfigKeys (ConfUtils.java:logGet(43)) - raft.server.log.queue.byte-limit = 2147483647 (custom)
2019-07-30 12:55:02,246 INFO  server.RaftServerConfigKeys (ConfUtils.java:logGet(43)) - raft.server.log.queue.element-limit = 1024 (custom)
2019-07-30 12:55:02,247 INFO  server.RaftServerConfigKeys (ConfUtils.java:logGet(43)) - raft.server.log.segment.size.max = 1048576 (custom)
2019-07-30 12:55:02,247 INFO  server.RaftServerConfigKeys (ConfUtils.java:logGet(43)) - raft.server.log.preallocated.size = 16384 (custom)
2019-07-30 12:55:02,247 INFO  server.RaftServerConfigKeys (ConfUtils.java:logGet(43)) - raft.server.log.write.buffer.size = 33554432 (custom)
2019-07-30 12:55:02,248 INFO  server.RaftServerConfigKeys (ConfUtils.java:logGet(43)) - raft.server.log.force.sync.num = 128 (default)
2019-07-30 12:55:02,248 INFO  server.RaftServerConfigKeys (ConfUtils.java:logGet(43)) - raft.server.log.statemachine.data.sync = true (default)
2019-07-30 12:55:02,248 INFO  server.RaftServerConfigKeys (ConfUtils.java:logGet(43)) - raft.server.log.statemachine.data.sync.timeout = 10s (default)
2019-07-30 12:55:02,248 INFO  server.RaftServerConfigKeys (ConfUtils.java:logGet(43)) - raft.server.log.statemachine.data.sync.timeout.retry = -1 (default)
2019-07-30 12:55:02,249 INFO  server.RaftServerConfigKeys (ConfUtils.java:logGet(43)) - raft.server.log.statemachine.data.caching.enabled = true (custom)
2019-07-30 12:55:02,249 INFO  segmented.SegmentedRaftLogWorker (SegmentedRaftLogWorker.java:lambda$new$0(132)) - 7359a818-da50-4d5d-b8da-14a632a6f1c5-SegmentedRaftLogWorker:Storage Directory /workdir/hadoop-ozone/tools/target/test-dir/MiniOzoneClusterImpl-5218d3a7-1fb3-4b6e-977a-7cfba611958d/datanode-1/data/ratis/e561a468-b471-4c0f-8579-d2e51bf09e31: flushIndex: setUnconditionally 0 -> -1
2019-07-30 12:55:02,250 INFO  server.RaftServerConfigKeys (ConfUtils.java:logGet(43)) - raft.server.snapshot.auto.trigger.enabled = true (custom)
2019-07-30 12:55:02,250 INFO  server.RaftServerConfigKeys (ConfUtils.java:logGet(43)) - raft.server.snapshot.auto.trigger.threshold = 10000 (custom)
2019-07-30 12:55:02,250 INFO  server.RaftServerConfigKeys (ConfUtils.java:logGet(43)) - raft.server.retrycache.expirytime = 600000ms (custom)
2019-07-30 12:55:02,251 INFO  impl.RaftServerImpl (RaftServerImpl.java:start(180)) - 7359a818-da50-4d5d-b8da-14a632a6f1c5: start group-D2E51BF09E31
2019-07-30 12:55:02,251 INFO  impl.RaftServerImpl (RaftServerImpl.java:setRole(171)) - 7359a818-da50-4d5d-b8da-14a632a6f1c5:group-D2E51BF09E31 changes role from null to FOLLOWER at term 0 for startAsFollower
2019-07-30 12:55:02,251 INFO  impl.RoleInfo (RoleInfo.java:updateAndGet(143)) - 7359a818-da50-4d5d-b8da-14a632a6f1c5: start FollowerState
2019-07-30 12:55:02,253 INFO  util.JmxRegister (JmxRegister.java:tryRegister(44)) - Successfully registered JMX Bean with object name Ratis:service=RaftServer,group=group-D2E51BF09E31,id=7359a818-da50-4d5d-b8da-14a632a6f1c5
2019-07-30 12:55:02,266 INFO  pipeline.PipelineStateManager (PipelineStateManager.java:addPipeline(56)) - Created pipeline Pipeline[ Id: e561a468-b471-4c0f-8579-d2e51bf09e31, Nodes: 7359a818-da50-4d5d-b8da-14a632a6f1c5{ip: 192.168.69.104, host: byscane-nightly-nz7xw-1692025919, networkLocation: /default-rack, certSerialId: null}, Type:RATIS, Factor:ONE, State:OPEN]
2019-07-30 12:55:02,292 INFO  impl.RaftServerProxy (RaftServerProxy.java:addNew(89)) - 2f193c78-57e0-489a-b986-686a99fa4b6e: addNew group-F2D4A1E741F1:[2f193c78-57e0-489a-b986-686a99fa4b6e:192.168.69.104:39108] returns group-F2D4A1E741F1:java.util.concurrent.CompletableFuture@2c8ac8f1[Not completed]
2019-07-30 12:55:02,300 INFO  impl.RaftServerImpl (RaftServerImpl.java:<init>(93)) - 2f193c78-57e0-489a-b986-686a99fa4b6e: new RaftServerImpl for group-F2D4A1E741F1:[2f193c78-57e0-489a-b986-686a99fa4b6e:192.168.69.104:39108] with ContainerStateMachine:uninitialized
2019-07-30 12:55:02,302 INFO  server.RaftServerConfigKeys (ConfUtils.java:logGet(43)) - raft.server.rpc.timeout.min = 5s (custom)
2019-07-30 12:55:02,302 INFO  server.RaftServerConfigKeys (ConfUtils.java:logGet(43)) - raft.server.rpc.timeout.max = 5200ms (custom)
2019-07-30 12:55:02,302 INFO  server.RaftServerConfigKeys (ConfUtils.java:logGet(43)) - raft.server.rpcslowness.timeout = 120s (custom)
2019-07-30 12:55:02,303 INFO  server.RaftServerConfigKeys (ConfUtils.java:logGet(43)) - raft.server.sleep.deviation.threshold = 300 (default)
2019-07-30 12:55:02,303 INFO  server.RaftServerConfigKeys (ConfUtils.java:logGet(43)) - raft.server.log.appender.install.snapshot.enabled = false (custom)
2019-07-30 12:55:02,303 INFO  impl.RaftServerImpl (ServerState.java:<init>(105)) - 2f193c78-57e0-489a-b986-686a99fa4b6e:group-F2D4A1E741F1 ConfigurationManager, init=-1: [2f193c78-57e0-489a-b986-686a99fa4b6e:192.168.69.104:39108], old=null, confs=<EMPTY_MAP>
2019-07-30 12:55:02,303 INFO  server.RaftServerConfigKeys (ConfUtils.java:logGet(43)) - raft.server.storage.dir = [/workdir/hadoop-ozone/tools/target/test-dir/MiniOzoneClusterImpl-5218d3a7-1fb3-4b6e-977a-7cfba611958d/datanode-2/data/ratis] (custom)
2019-07-30 12:55:02,304 INFO  storage.RaftStorageDirectory (RaftStorageDirectory.java:analyzeStorage(246)) - The storage directory /workdir/hadoop-ozone/tools/target/test-dir/MiniOzoneClusterImpl-5218d3a7-1fb3-4b6e-977a-7cfba611958d/datanode-2/data/ratis/f854f13c-4e3a-4d95-acd7-f2d4a1e741f1 does not exist. Creating ...
2019-07-30 12:55:02,318 INFO  storage.RaftStorageDirectory (RaftStorageDirectory.java:tryLock(328)) - Lock on /workdir/hadoop-ozone/tools/target/test-dir/MiniOzoneClusterImpl-5218d3a7-1fb3-4b6e-977a-7cfba611958d/datanode-2/data/ratis/f854f13c-4e3a-4d95-acd7-f2d4a1e741f1/in_use.lock acquired by nodename 22609@byscane-nightly-nz7xw-1692025919
2019-07-30 12:55:02,332 INFO  storage.RaftStorage (RaftStorage.java:format(72)) - Storage directory /workdir/hadoop-ozone/tools/target/test-dir/MiniOzoneClusterImpl-5218d3a7-1fb3-4b6e-977a-7cfba611958d/datanode-2/data/ratis/f854f13c-4e3a-4d95-acd7-f2d4a1e741f1 has been successfully formatted.
2019-07-30 12:55:02,332 INFO  ratis.ContainerStateMachine (ContainerStateMachine.java:loadSnapshot(213)) - group-F2D4A1E741F1: The snapshot info is null. Setting the last applied indexto:(t:0, i:~)
2019-07-30 12:55:02,332 INFO  server.RaftServerConfigKeys (ConfUtils.java:logGet(43)) - raft.server.leader.election.timeout = 120s (custom)
2019-07-30 12:55:02,332 INFO  server.RaftServerConfigKeys (ConfUtils.java:logGet(43)) - raft.server.log.use.memory = false (default)
2019-07-30 12:55:02,333 INFO  server.RaftServerConfigKeys (ConfUtils.java:logGet(43)) - raft.server.log.purge.gap = 1000000000 (custom)
2019-07-30 12:55:02,333 INFO  server.RaftServerConfigKeys (ConfUtils.java:logGet(43)) - raft.server.log.appender.buffer.byte-limit = 33554432 (custom)
2019-07-30 12:55:02,333 INFO  server.RaftServerConfigKeys (ConfUtils.java:logGet(43)) - raft.server.log.segment.size.max = 1048576 (custom)
2019-07-30 12:55:02,333 INFO  server.RaftServerConfigKeys (ConfUtils.java:logGet(43)) - raft.server.log.segment.cache.num.max = 2 (custom)
2019-07-30 12:55:02,333 INFO  segmented.SegmentedRaftLogWorker (SegmentedRaftLogWorker.java:<init>(172)) - new 2f193c78-57e0-489a-b986-686a99fa4b6e-SegmentedRaftLogWorker:Storage Directory /workdir/hadoop-ozone/tools/target/test-dir/MiniOzoneClusterImpl-5218d3a7-1fb3-4b6e-977a-7cfba611958d/datanode-2/data/ratis/f854f13c-4e3a-4d95-acd7-f2d4a1e741f1 for RaftStorage:Storage Directory /workdir/hadoop-ozone/tools/target/test-dir/MiniOzoneClusterImpl-5218d3a7-1fb3-4b6e-977a-7cfba611958d/datanode-2/data/ratis/f854f13c-4e3a-4d95-acd7-f2d4a1e741f1
2019-07-30 12:55:02,334 INFO  server.RaftServerConfigKeys (ConfUtils.java:logGet(43)) - raft.server.log.queue.byte-limit = 2147483647 (custom)
2019-07-30 12:55:02,334 INFO  server.RaftServerConfigKeys (ConfUtils.java:logGet(43)) - raft.server.log.queue.element-limit = 1024 (custom)
2019-07-30 12:55:02,334 INFO  server.RaftServerConfigKeys (ConfUtils.java:logGet(43)) - raft.server.log.segment.size.max = 1048576 (custom)
2019-07-30 12:55:02,334 INFO  server.RaftServerConfigKeys (ConfUtils.java:logGet(43)) - raft.server.log.preallocated.size = 16384 (custom)
2019-07-30 12:55:02,335 INFO  server.RaftServerConfigKeys (ConfUtils.java:logGet(43)) - raft.server.log.write.buffer.size = 33554432 (custom)
2019-07-30 12:55:02,335 INFO  server.RaftServerConfigKeys (ConfUtils.java:logGet(43)) - raft.server.log.force.sync.num = 128 (default)
2019-07-30 12:55:02,335 INFO  server.RaftServerConfigKeys (ConfUtils.java:logGet(43)) - raft.server.log.statemachine.data.sync = true (default)
2019-07-30 12:55:02,335 INFO  server.RaftServerConfigKeys (ConfUtils.java:logGet(43)) - raft.server.log.statemachine.data.sync.timeout = 10s (default)
2019-07-30 12:55:02,335 INFO  server.RaftServerConfigKeys (ConfUtils.java:logGet(43)) - raft.server.log.statemachine.data.sync.timeout.retry = -1 (default)
2019-07-30 12:55:02,336 INFO  server.RaftServerConfigKeys (ConfUtils.java:logGet(43)) - raft.server.log.statemachine.data.caching.enabled = true (custom)
2019-07-30 12:55:02,336 INFO  segmented.SegmentedRaftLogWorker (SegmentedRaftLogWorker.java:lambda$new$0(132)) - 2f193c78-57e0-489a-b986-686a99fa4b6e-SegmentedRaftLogWorker:Storage Directory /workdir/hadoop-ozone/tools/target/test-dir/MiniOzoneClusterImpl-5218d3a7-1fb3-4b6e-977a-7cfba611958d/datanode-2/data/ratis/f854f13c-4e3a-4d95-acd7-f2d4a1e741f1: flushIndex: setUnconditionally 0 -> -1
2019-07-30 12:55:02,337 INFO  server.RaftServerConfigKeys (ConfUtils.java:logGet(43)) - raft.server.snapshot.auto.trigger.enabled = true (custom)
2019-07-30 12:55:02,337 INFO  server.RaftServerConfigKeys (ConfUtils.java:logGet(43)) - raft.server.snapshot.auto.trigger.threshold = 10000 (custom)
2019-07-30 12:55:02,337 INFO  server.RaftServerConfigKeys (ConfUtils.java:logGet(43)) - raft.server.retrycache.expirytime = 600000ms (custom)
2019-07-30 12:55:02,338 INFO  impl.RaftServerImpl (RaftServerImpl.java:start(180)) - 2f193c78-57e0-489a-b986-686a99fa4b6e: start group-F2D4A1E741F1
2019-07-30 12:55:02,338 INFO  impl.RaftServerImpl (RaftServerImpl.java:setRole(171)) - 2f193c78-57e0-489a-b986-686a99fa4b6e:group-F2D4A1E741F1 changes role from null to FOLLOWER at term 0 for startAsFollower
2019-07-30 12:55:02,338 INFO  impl.RoleInfo (RoleInfo.java:updateAndGet(143)) - 2f193c78-57e0-489a-b986-686a99fa4b6e: start FollowerState
2019-07-30 12:55:02,338 INFO  util.JmxRegister (JmxRegister.java:tryRegister(44)) - Successfully registered JMX Bean with object name Ratis:service=RaftServer,group=group-F2D4A1E741F1,id=2f193c78-57e0-489a-b986-686a99fa4b6e
2019-07-30 12:55:02,350 INFO  pipeline.PipelineStateManager (PipelineStateManager.java:addPipeline(56)) - Created pipeline Pipeline[ Id: f854f13c-4e3a-4d95-acd7-f2d4a1e741f1, Nodes: 2f193c78-57e0-489a-b986-686a99fa4b6e{ip: 192.168.69.104, host: byscane-nightly-nz7xw-1692025919, networkLocation: /default-rack, certSerialId: null}, Type:RATIS, Factor:ONE, State:OPEN]
2019-07-30 12:55:02,361 INFO  ozone.MiniOzoneClusterImpl (MiniOzoneClusterImpl.java:lambda$waitForClusterToBeReady$0(142)) - Cluster is ready. Got 3 of 3 DN Heartbeats.
2019-07-30 12:55:02,390 INFO  impl.RaftServerProxy (RaftServerProxy.java:addNew(89)) - 7359a818-da50-4d5d-b8da-14a632a6f1c5: addNew group-5042BEC6DEB8:[2f193c78-57e0-489a-b986-686a99fa4b6e:192.168.69.104:39108, 42c5969b-67dd-49ef-9c02-3c5cc3d54b45:192.168.69.104:33435, 7359a818-da50-4d5d-b8da-14a632a6f1c5:192.168.69.104:38170] returns group-5042BEC6DEB8:java.util.concurrent.CompletableFuture@5839ef64[Not completed]
2019-07-30 12:55:02,394 INFO  impl.RaftServerImpl (RaftServerImpl.java:<init>(93)) - 7359a818-da50-4d5d-b8da-14a632a6f1c5: new RaftServerImpl for group-5042BEC6DEB8:[2f193c78-57e0-489a-b986-686a99fa4b6e:192.168.69.104:39108, 42c5969b-67dd-49ef-9c02-3c5cc3d54b45:192.168.69.104:33435, 7359a818-da50-4d5d-b8da-14a632a6f1c5:192.168.69.104:38170] with ContainerStateMachine:uninitialized
2019-07-30 12:55:02,394 INFO  server.RaftServerConfigKeys (ConfUtils.java:logGet(43)) - raft.server.rpc.timeout.min = 5s (custom)
2019-07-30 12:55:02,395 INFO  server.RaftServerConfigKeys (ConfUtils.java:logGet(43)) - raft.server.rpc.timeout.max = 5200ms (custom)
2019-07-30 12:55:02,396 INFO  server.RaftServerConfigKeys (ConfUtils.java:logGet(43)) - raft.server.rpcslowness.timeout = 120s (custom)
2019-07-30 12:55:02,397 INFO  server.RaftServerConfigKeys (ConfUtils.java:logGet(43)) - raft.server.sleep.deviation.threshold = 300 (default)
2019-07-30 12:55:02,397 INFO  server.RaftServerConfigKeys (ConfUtils.java:logGet(43)) - raft.server.log.appender.install.snapshot.enabled = false (custom)
2019-07-30 12:55:02,398 INFO  impl.RaftServerProxy (RaftServerProxy.java:addNew(89)) - 2f193c78-57e0-489a-b986-686a99fa4b6e: addNew group-5042BEC6DEB8:[2f193c78-57e0-489a-b986-686a99fa4b6e:192.168.69.104:39108, 42c5969b-67dd-49ef-9c02-3c5cc3d54b45:192.168.69.104:33435, 7359a818-da50-4d5d-b8da-14a632a6f1c5:192.168.69.104:38170] returns group-5042BEC6DEB8:java.util.concurrent.CompletableFuture@4304ac90[Not completed]
2019-07-30 12:55:02,398 INFO  impl.RaftServerImpl (ServerState.java:<init>(105)) - 7359a818-da50-4d5d-b8da-14a632a6f1c5:group-5042BEC6DEB8 ConfigurationManager, init=-1: [2f193c78-57e0-489a-b986-686a99fa4b6e:192.168.69.104:39108, 42c5969b-67dd-49ef-9c02-3c5cc3d54b45:192.168.69.104:33435, 7359a818-da50-4d5d-b8da-14a632a6f1c5:192.168.69.104:38170], old=null, confs=<EMPTY_MAP>
2019-07-30 12:55:02,398 INFO  server.RaftServerConfigKeys (ConfUtils.java:logGet(43)) - raft.server.storage.dir = [/workdir/hadoop-ozone/tools/target/test-dir/MiniOzoneClusterImpl-5218d3a7-1fb3-4b6e-977a-7cfba611958d/datanode-1/data/ratis] (custom)
2019-07-30 12:55:02,401 INFO  storage.RaftStorageDirectory (RaftStorageDirectory.java:analyzeStorage(246)) - The storage directory /workdir/hadoop-ozone/tools/target/test-dir/MiniOzoneClusterImpl-5218d3a7-1fb3-4b6e-977a-7cfba611958d/datanode-1/data/ratis/75ba7d70-0e25-4918-8ba6-5042bec6deb8 does not exist. Creating ...
2019-07-30 12:55:02,402 INFO  impl.RaftServerImpl (RaftServerImpl.java:<init>(93)) - 2f193c78-57e0-489a-b986-686a99fa4b6e: new RaftServerImpl for group-5042BEC6DEB8:[2f193c78-57e0-489a-b986-686a99fa4b6e:192.168.69.104:39108, 42c5969b-67dd-49ef-9c02-3c5cc3d54b45:192.168.69.104:33435, 7359a818-da50-4d5d-b8da-14a632a6f1c5:192.168.69.104:38170] with ContainerStateMachine:uninitialized
2019-07-30 12:55:02,402 INFO  server.RaftServerConfigKeys (ConfUtils.java:logGet(43)) - raft.server.rpc.timeout.min = 5s (custom)
2019-07-30 12:55:02,402 INFO  server.RaftServerConfigKeys (ConfUtils.java:logGet(43)) - raft.server.rpc.timeout.max = 5200ms (custom)
2019-07-30 12:55:02,403 INFO  server.RaftServerConfigKeys (ConfUtils.java:logGet(43)) - raft.server.rpcslowness.timeout = 120s (custom)
2019-07-30 12:55:02,404 INFO  server.RaftServerConfigKeys (ConfUtils.java:logGet(43)) - raft.server.sleep.deviation.threshold = 300 (default)
2019-07-30 12:55:02,404 INFO  server.RaftServerConfigKeys (ConfUtils.java:logGet(43)) - raft.server.log.appender.install.snapshot.enabled = false (custom)
2019-07-30 12:55:02,404 INFO  impl.RaftServerImpl (ServerState.java:<init>(105)) - 2f193c78-57e0-489a-b986-686a99fa4b6e:group-5042BEC6DEB8 ConfigurationManager, init=-1: [2f193c78-57e0-489a-b986-686a99fa4b6e:192.168.69.104:39108, 42c5969b-67dd-49ef-9c02-3c5cc3d54b45:192.168.69.104:33435, 7359a818-da50-4d5d-b8da-14a632a6f1c5:192.168.69.104:38170], old=null, confs=<EMPTY_MAP>
2019-07-30 12:55:02,404 INFO  impl.RaftServerProxy (RaftServerProxy.java:addNew(89)) - 42c5969b-67dd-49ef-9c02-3c5cc3d54b45: addNew group-5042BEC6DEB8:[2f193c78-57e0-489a-b986-686a99fa4b6e:192.168.69.104:39108, 42c5969b-67dd-49ef-9c02-3c5cc3d54b45:192.168.69.104:33435, 7359a818-da50-4d5d-b8da-14a632a6f1c5:192.168.69.104:38170] returns group-5042BEC6DEB8:java.util.concurrent.CompletableFuture@2c6c334c[Not completed]
2019-07-30 12:55:02,404 INFO  server.RaftServerConfigKeys (ConfUtils.java:logGet(43)) - raft.server.storage.dir = [/workdir/hadoop-ozone/tools/target/test-dir/MiniOzoneClusterImpl-5218d3a7-1fb3-4b6e-977a-7cfba611958d/datanode-2/data/ratis] (custom)
2019-07-30 12:55:02,405 INFO  storage.RaftStorageDirectory (RaftStorageDirectory.java:analyzeStorage(246)) - The storage directory /workdir/hadoop-ozone/tools/target/test-dir/MiniOzoneClusterImpl-5218d3a7-1fb3-4b6e-977a-7cfba611958d/datanode-2/data/ratis/75ba7d70-0e25-4918-8ba6-5042bec6deb8 does not exist. Creating ...
2019-07-30 12:55:02,406 INFO  impl.RaftServerImpl (RaftServerImpl.java:<init>(93)) - 42c5969b-67dd-49ef-9c02-3c5cc3d54b45: new RaftServerImpl for group-5042BEC6DEB8:[2f193c78-57e0-489a-b986-686a99fa4b6e:192.168.69.104:39108, 42c5969b-67dd-49ef-9c02-3c5cc3d54b45:192.168.69.104:33435, 7359a818-da50-4d5d-b8da-14a632a6f1c5:192.168.69.104:38170] with ContainerStateMachine:uninitialized
2019-07-30 12:55:02,406 INFO  server.RaftServerConfigKeys (ConfUtils.java:logGet(43)) - raft.server.rpc.timeout.min = 5s (custom)
2019-07-30 12:55:02,406 INFO  server.RaftServerConfigKeys (ConfUtils.java:logGet(43)) - raft.server.rpc.timeout.max = 5200ms (custom)
2019-07-30 12:55:02,407 INFO  server.RaftServerConfigKeys (ConfUtils.java:logGet(43)) - raft.server.rpcslowness.timeout = 120s (custom)
2019-07-30 12:55:02,407 INFO  server.RaftServerConfigKeys (ConfUtils.java:logGet(43)) - raft.server.sleep.deviation.threshold = 300 (default)
2019-07-30 12:55:02,407 INFO  server.RaftServerConfigKeys (ConfUtils.java:logGet(43)) - raft.server.log.appender.install.snapshot.enabled = false (custom)
2019-07-30 12:55:02,407 INFO  impl.RaftServerImpl (ServerState.java:<init>(105)) - 42c5969b-67dd-49ef-9c02-3c5cc3d54b45:group-5042BEC6DEB8 ConfigurationManager, init=-1: [2f193c78-57e0-489a-b986-686a99fa4b6e:192.168.69.104:39108, 42c5969b-67dd-49ef-9c02-3c5cc3d54b45:192.168.69.104:33435, 7359a818-da50-4d5d-b8da-14a632a6f1c5:192.168.69.104:38170], old=null, confs=<EMPTY_MAP>
2019-07-30 12:55:02,407 INFO  server.RaftServerConfigKeys (ConfUtils.java:logGet(43)) - raft.server.storage.dir = [/workdir/hadoop-ozone/tools/target/test-dir/MiniOzoneClusterImpl-5218d3a7-1fb3-4b6e-977a-7cfba611958d/datanode-0/data/ratis] (custom)
2019-07-30 12:55:02,408 INFO  storage.RaftStorageDirectory (RaftStorageDirectory.java:analyzeStorage(246)) - The storage directory /workdir/hadoop-ozone/tools/target/test-dir/MiniOzoneClusterImpl-5218d3a7-1fb3-4b6e-977a-7cfba611958d/datanode-0/data/ratis/75ba7d70-0e25-4918-8ba6-5042bec6deb8 does not exist. Creating ...
2019-07-30 12:55:02,415 INFO  storage.RaftStorageDirectory (RaftStorageDirectory.java:tryLock(328)) - Lock on /workdir/hadoop-ozone/tools/target/test-dir/MiniOzoneClusterImpl-5218d3a7-1fb3-4b6e-977a-7cfba611958d/datanode-0/data/ratis/75ba7d70-0e25-4918-8ba6-5042bec6deb8/in_use.lock acquired by nodename 22609@byscane-nightly-nz7xw-1692025919
2019-07-30 12:55:02,415 INFO  storage.RaftStorageDirectory (RaftStorageDirectory.java:tryLock(328)) - Lock on /workdir/hadoop-ozone/tools/target/test-dir/MiniOzoneClusterImpl-5218d3a7-1fb3-4b6e-977a-7cfba611958d/datanode-1/data/ratis/75ba7d70-0e25-4918-8ba6-5042bec6deb8/in_use.lock acquired by nodename 22609@byscane-nightly-nz7xw-1692025919
2019-07-30 12:55:02,415 INFO  storage.RaftStorageDirectory (RaftStorageDirectory.java:tryLock(328)) - Lock on /workdir/hadoop-ozone/tools/target/test-dir/MiniOzoneClusterImpl-5218d3a7-1fb3-4b6e-977a-7cfba611958d/datanode-2/data/ratis/75ba7d70-0e25-4918-8ba6-5042bec6deb8/in_use.lock acquired by nodename 22609@byscane-nightly-nz7xw-1692025919
2019-07-30 12:55:02,429 INFO  storage.RaftStorage (RaftStorage.java:format(72)) - Storage directory /workdir/hadoop-ozone/tools/target/test-dir/MiniOzoneClusterImpl-5218d3a7-1fb3-4b6e-977a-7cfba611958d/datanode-0/data/ratis/75ba7d70-0e25-4918-8ba6-5042bec6deb8 has been successfully formatted.
2019-07-30 12:55:02,429 INFO  storage.RaftStorage (RaftStorage.java:format(72)) - Storage directory /workdir/hadoop-ozone/tools/target/test-dir/MiniOzoneClusterImpl-5218d3a7-1fb3-4b6e-977a-7cfba611958d/datanode-2/data/ratis/75ba7d70-0e25-4918-8ba6-5042bec6deb8 has been successfully formatted.
2019-07-30 12:55:02,429 INFO  storage.RaftStorage (RaftStorage.java:format(72)) - Storage directory /workdir/hadoop-ozone/tools/target/test-dir/MiniOzoneClusterImpl-5218d3a7-1fb3-4b6e-977a-7cfba611958d/datanode-1/data/ratis/75ba7d70-0e25-4918-8ba6-5042bec6deb8 has been successfully formatted.
2019-07-30 12:55:02,430 INFO  ratis.ContainerStateMachine (ContainerStateMachine.java:loadSnapshot(213)) - group-5042BEC6DEB8: The snapshot info is null. Setting the last applied indexto:(t:0, i:~)
2019-07-30 12:55:02,430 INFO  ratis.ContainerStateMachine (ContainerStateMachine.java:loadSnapshot(213)) - group-5042BEC6DEB8: The snapshot info is null. Setting the last applied indexto:(t:0, i:~)
2019-07-30 12:55:02,430 INFO  ratis.ContainerStateMachine (ContainerStateMachine.java:loadSnapshot(213)) - group-5042BEC6DEB8: The snapshot info is null. Setting the last applied indexto:(t:0, i:~)
2019-07-30 12:55:02,430 INFO  server.RaftServerConfigKeys (ConfUtils.java:logGet(43)) - raft.server.leader.election.timeout = 120s (custom)
2019-07-30 12:55:02,430 INFO  server.RaftServerConfigKeys (ConfUtils.java:logGet(43)) - raft.server.leader.election.timeout = 120s (custom)
2019-07-30 12:55:02,431 INFO  server.RaftServerConfigKeys (ConfUtils.java:logGet(43)) - raft.server.log.use.memory = false (default)
2019-07-30 12:55:02,430 INFO  server.RaftServerConfigKeys (ConfUtils.java:logGet(43)) - raft.server.leader.election.timeout = 120s (custom)
2019-07-30 12:55:02,431 INFO  server.RaftServerConfigKeys (ConfUtils.java:logGet(43)) - raft.server.log.purge.gap = 1000000000 (custom)
2019-07-30 12:55:02,431 INFO  server.RaftServerConfigKeys (ConfUtils.java:logGet(43)) - raft.server.log.use.memory = false (default)
2019-07-30 12:55:02,431 INFO  server.RaftServerConfigKeys (ConfUtils.java:logGet(43)) - raft.server.log.appender.buffer.byte-limit = 33554432 (custom)
2019-07-30 12:55:02,431 INFO  server.RaftServerConfigKeys (ConfUtils.java:logGet(43)) - raft.server.log.use.memory = false (default)
2019-07-30 12:55:02,432 INFO  server.RaftServerConfigKeys (ConfUtils.java:logGet(43)) - raft.server.log.segment.size.max = 1048576 (custom)
2019-07-30 12:55:02,432 INFO  server.RaftServerConfigKeys (ConfUtils.java:logGet(43)) - raft.server.log.purge.gap = 1000000000 (custom)
2019-07-30 12:55:02,432 INFO  server.RaftServerConfigKeys (ConfUtils.java:logGet(43)) - raft.server.log.segment.cache.num.max = 2 (custom)
2019-07-30 12:55:02,432 INFO  server.RaftServerConfigKeys (ConfUtils.java:logGet(43)) - raft.server.log.purge.gap = 1000000000 (custom)
2019-07-30 12:55:02,432 INFO  segmented.SegmentedRaftLogWorker (SegmentedRaftLogWorker.java:<init>(172)) - new 7359a818-da50-4d5d-b8da-14a632a6f1c5-SegmentedRaftLogWorker:Storage Directory /workdir/hadoop-ozone/tools/target/test-dir/MiniOzoneClusterImpl-5218d3a7-1fb3-4b6e-977a-7cfba611958d/datanode-1/data/ratis/75ba7d70-0e25-4918-8ba6-5042bec6deb8 for RaftStorage:Storage Directory /workdir/hadoop-ozone/tools/target/test-dir/MiniOzoneClusterImpl-5218d3a7-1fb3-4b6e-977a-7cfba611958d/datanode-1/data/ratis/75ba7d70-0e25-4918-8ba6-5042bec6deb8
2019-07-30 12:55:02,432 INFO  server.RaftServerConfigKeys (ConfUtils.java:logGet(43)) - raft.server.log.appender.buffer.byte-limit = 33554432 (custom)
2019-07-30 12:55:02,433 INFO  server.RaftServerConfigKeys (ConfUtils.java:logGet(43)) - raft.server.log.queue.byte-limit = 2147483647 (custom)
2019-07-30 12:55:02,433 INFO  server.RaftServerConfigKeys (ConfUtils.java:logGet(43)) - raft.server.log.appender.buffer.byte-limit = 33554432 (custom)
2019-07-30 12:55:02,436 INFO  server.RaftServerConfigKeys (ConfUtils.java:logGet(43)) - raft.server.log.queue.element-limit = 1024 (custom)
2019-07-30 12:55:02,433 INFO  server.RaftServerConfigKeys (ConfUtils.java:logGet(43)) - raft.server.log.segment.size.max = 1048576 (custom)
2019-07-30 12:55:02,436 INFO  server.RaftServerConfigKeys (ConfUtils.java:logGet(43)) - raft.server.log.segment.size.max = 1048576 (custom)
2019-07-30 12:55:02,436 INFO  server.RaftServerConfigKeys (ConfUtils.java:logGet(43)) - raft.server.log.segment.size.max = 1048576 (custom)
2019-07-30 12:55:02,437 INFO  server.RaftServerConfigKeys (ConfUtils.java:logGet(43)) - raft.server.log.preallocated.size = 16384 (custom)
2019-07-30 12:55:02,437 INFO  server.RaftServerConfigKeys (ConfUtils.java:logGet(43)) - raft.server.log.segment.cache.num.max = 2 (custom)
2019-07-30 12:55:02,437 INFO  server.RaftServerConfigKeys (ConfUtils.java:logGet(43)) - raft.server.log.write.buffer.size = 33554432 (custom)
2019-07-30 12:55:02,437 INFO  server.RaftServerConfigKeys (ConfUtils.java:logGet(43)) - raft.server.log.segment.cache.num.max = 2 (custom)
2019-07-30 12:55:02,437 INFO  server.RaftServerConfigKeys (ConfUtils.java:logGet(43)) - raft.server.log.force.sync.num = 128 (default)
2019-07-30 12:55:02,437 INFO  segmented.SegmentedRaftLogWorker (SegmentedRaftLogWorker.java:<init>(172)) - new 42c5969b-67dd-49ef-9c02-3c5cc3d54b45-SegmentedRaftLogWorker:Storage Directory /workdir/hadoop-ozone/tools/target/test-dir/MiniOzoneClusterImpl-5218d3a7-1fb3-4b6e-977a-7cfba611958d/datanode-0/data/ratis/75ba7d70-0e25-4918-8ba6-5042bec6deb8 for RaftStorage:Storage Directory /workdir/hadoop-ozone/tools/target/test-dir/MiniOzoneClusterImpl-5218d3a7-1fb3-4b6e-977a-7cfba611958d/datanode-0/data/ratis/75ba7d70-0e25-4918-8ba6-5042bec6deb8
2019-07-30 12:55:02,438 INFO  server.RaftServerConfigKeys (ConfUtils.java:logGet(43)) - raft.server.log.statemachine.data.sync = true (default)
2019-07-30 12:55:02,438 INFO  segmented.SegmentedRaftLogWorker (SegmentedRaftLogWorker.java:<init>(172)) - new 2f193c78-57e0-489a-b986-686a99fa4b6e-SegmentedRaftLogWorker:Storage Directory /workdir/hadoop-ozone/tools/target/test-dir/MiniOzoneClusterImpl-5218d3a7-1fb3-4b6e-977a-7cfba611958d/datanode-2/data/ratis/75ba7d70-0e25-4918-8ba6-5042bec6deb8 for RaftStorage:Storage Directory /workdir/hadoop-ozone/tools/target/test-dir/MiniOzoneClusterImpl-5218d3a7-1fb3-4b6e-977a-7cfba611958d/datanode-2/data/ratis/75ba7d70-0e25-4918-8ba6-5042bec6deb8
2019-07-30 12:55:02,438 INFO  server.RaftServerConfigKeys (ConfUtils.java:logGet(43)) - raft.server.log.statemachine.data.sync.timeout = 10s (default)
2019-07-30 12:55:02,438 INFO  server.RaftServerConfigKeys (ConfUtils.java:logGet(43)) - raft.server.log.queue.byte-limit = 2147483647 (custom)
2019-07-30 12:55:02,440 INFO  server.RaftServerConfigKeys (ConfUtils.java:logGet(43)) - raft.server.log.statemachine.data.sync.timeout.retry = -1 (default)
2019-07-30 12:55:02,440 INFO  server.RaftServerConfigKeys (ConfUtils.java:logGet(43)) - raft.server.log.queue.byte-limit = 2147483647 (custom)
2019-07-30 12:55:02,441 INFO  server.RaftServerConfigKeys (ConfUtils.java:logGet(43)) - raft.server.log.statemachine.data.caching.enabled = true (custom)
2019-07-30 12:55:02,441 INFO  server.RaftServerConfigKeys (ConfUtils.java:logGet(43)) - raft.server.log.queue.element-limit = 1024 (custom)
2019-07-30 12:55:02,442 INFO  server.RaftServerConfigKeys (ConfUtils.java:logGet(43)) - raft.server.log.queue.element-limit = 1024 (custom)
2019-07-30 12:55:02,442 INFO  server.RaftServerConfigKeys (ConfUtils.java:logGet(43)) - raft.server.log.segment.size.max = 1048576 (custom)
2019-07-30 12:55:02,442 INFO  segmented.SegmentedRaftLogWorker (SegmentedRaftLogWorker.java:lambda$new$0(132)) - 7359a818-da50-4d5d-b8da-14a632a6f1c5-SegmentedRaftLogWorker:Storage Directory /workdir/hadoop-ozone/tools/target/test-dir/MiniOzoneClusterImpl-5218d3a7-1fb3-4b6e-977a-7cfba611958d/datanode-1/data/ratis/75ba7d70-0e25-4918-8ba6-5042bec6deb8: flushIndex: setUnconditionally 0 -> -1
2019-07-30 12:55:02,442 INFO  server.RaftServerConfigKeys (ConfUtils.java:logGet(43)) - raft.server.log.preallocated.size = 16384 (custom)
2019-07-30 12:55:02,442 INFO  server.RaftServerConfigKeys (ConfUtils.java:logGet(43)) - raft.server.log.segment.size.max = 1048576 (custom)
2019-07-30 12:55:02,443 INFO  server.RaftServerConfigKeys (ConfUtils.java:logGet(43)) - raft.server.snapshot.auto.trigger.enabled = true (custom)
2019-07-30 12:55:02,443 INFO  server.RaftServerConfigKeys (ConfUtils.java:logGet(43)) - raft.server.log.write.buffer.size = 33554432 (custom)
2019-07-30 12:55:02,443 INFO  server.RaftServerConfigKeys (ConfUtils.java:logGet(43)) - raft.server.snapshot.auto.trigger.threshold = 10000 (custom)
2019-07-30 12:55:02,443 INFO  server.RaftServerConfigKeys (ConfUtils.java:logGet(43)) - raft.server.log.preallocated.size = 16384 (custom)
2019-07-30 12:55:02,443 INFO  server.RaftServerConfigKeys (ConfUtils.java:logGet(43)) - raft.server.retrycache.expirytime = 600000ms (custom)
2019-07-30 12:55:02,443 INFO  server.RaftServerConfigKeys (ConfUtils.java:logGet(43)) - raft.server.log.force.sync.num = 128 (default)
2019-07-30 12:55:02,444 INFO  impl.RaftServerImpl (RaftServerImpl.java:start(180)) - 7359a818-da50-4d5d-b8da-14a632a6f1c5: start group-5042BEC6DEB8
2019-07-30 12:55:02,444 INFO  server.RaftServerConfigKeys (ConfUtils.java:logGet(43)) - raft.server.log.write.buffer.size = 33554432 (custom)
2019-07-30 12:55:02,444 INFO  impl.RaftServerImpl (RaftServerImpl.java:setRole(171)) - 7359a818-da50-4d5d-b8da-14a632a6f1c5:group-5042BEC6DEB8 changes role from null to FOLLOWER at term 0 for startAsFollower
2019-07-30 12:55:02,444 INFO  server.RaftServerConfigKeys (ConfUtils.java:logGet(43)) - raft.server.log.statemachine.data.sync = true (default)
2019-07-30 12:55:02,444 INFO  impl.RoleInfo (RoleInfo.java:updateAndGet(143)) - 7359a818-da50-4d5d-b8da-14a632a6f1c5: start FollowerState
2019-07-30 12:55:02,444 INFO  server.RaftServerConfigKeys (ConfUtils.java:logGet(43)) - raft.server.log.force.sync.num = 128 (default)
2019-07-30 12:55:02,445 INFO  server.RaftServerConfigKeys (ConfUtils.java:logGet(43)) - raft.server.log.statemachine.data.sync.timeout = 10s (default)
2019-07-30 12:55:02,445 INFO  util.JmxRegister (JmxRegister.java:tryRegister(44)) - Successfully registered JMX Bean with object name Ratis:service=RaftServer,group=group-5042BEC6DEB8,id=7359a818-da50-4d5d-b8da-14a632a6f1c5
2019-07-30 12:55:02,445 INFO  server.RaftServerConfigKeys (ConfUtils.java:logGet(43)) - raft.server.log.statemachine.data.sync = true (default)
2019-07-30 12:55:02,445 INFO  server.RaftServerConfigKeys (ConfUtils.java:logGet(43)) - raft.server.log.statemachine.data.sync.timeout.retry = -1 (default)
2019-07-30 12:55:02,445 INFO  server.RaftServerConfigKeys (ConfUtils.java:logGet(43)) - raft.server.log.statemachine.data.sync.timeout = 10s (default)
2019-07-30 12:55:02,446 INFO  server.RaftServerConfigKeys (ConfUtils.java:logGet(43)) - raft.server.log.statemachine.data.caching.enabled = true (custom)
2019-07-30 12:55:02,446 INFO  server.RaftServerConfigKeys (ConfUtils.java:logGet(43)) - raft.server.log.statemachine.data.sync.timeout.retry = -1 (default)
2019-07-30 12:55:02,446 INFO  segmented.SegmentedRaftLogWorker (SegmentedRaftLogWorker.java:lambda$new$0(132)) - 42c5969b-67dd-49ef-9c02-3c5cc3d54b45-SegmentedRaftLogWorker:Storage Directory /workdir/hadoop-ozone/tools/target/test-dir/MiniOzoneClusterImpl-5218d3a7-1fb3-4b6e-977a-7cfba611958d/datanode-0/data/ratis/75ba7d70-0e25-4918-8ba6-5042bec6deb8: flushIndex: setUnconditionally 0 -> -1
2019-07-30 12:55:02,446 INFO  server.RaftServerConfigKeys (ConfUtils.java:logGet(43)) - raft.server.log.statemachine.data.caching.enabled = true (custom)
2019-07-30 12:55:02,447 INFO  server.RaftServerConfigKeys (ConfUtils.java:logGet(43)) - raft.server.snapshot.auto.trigger.enabled = true (custom)
2019-07-30 12:55:02,449 INFO  server.RaftServerConfigKeys (ConfUtils.java:logGet(43)) - raft.server.snapshot.auto.trigger.threshold = 10000 (custom)
2019-07-30 12:55:02,449 INFO  segmented.SegmentedRaftLogWorker (SegmentedRaftLogWorker.java:lambda$new$0(132)) - 2f193c78-57e0-489a-b986-686a99fa4b6e-SegmentedRaftLogWorker:Storage Directory /workdir/hadoop-ozone/tools/target/test-dir/MiniOzoneClusterImpl-5218d3a7-1fb3-4b6e-977a-7cfba611958d/datanode-2/data/ratis/75ba7d70-0e25-4918-8ba6-5042bec6deb8: flushIndex: setUnconditionally 0 -> -1
2019-07-30 12:55:02,449 INFO  server.RaftServerConfigKeys (ConfUtils.java:logGet(43)) - raft.server.retrycache.expirytime = 600000ms (custom)
2019-07-30 12:55:02,449 INFO  server.RaftServerConfigKeys (ConfUtils.java:logGet(43)) - raft.server.snapshot.auto.trigger.enabled = true (custom)
2019-07-30 12:55:02,449 INFO  impl.RaftServerImpl (RaftServerImpl.java:start(180)) - 42c5969b-67dd-49ef-9c02-3c5cc3d54b45: start group-5042BEC6DEB8
2019-07-30 12:55:02,449 INFO  server.RaftServerConfigKeys (ConfUtils.java:logGet(43)) - raft.server.snapshot.auto.trigger.threshold = 10000 (custom)
2019-07-30 12:55:02,450 INFO  impl.RaftServerImpl (RaftServerImpl.java:setRole(171)) - 42c5969b-67dd-49ef-9c02-3c5cc3d54b45:group-5042BEC6DEB8 changes role from null to FOLLOWER at term 0 for startAsFollower
2019-07-30 12:55:02,451 INFO  server.RaftServerConfigKeys (ConfUtils.java:logGet(43)) - raft.server.retrycache.expirytime = 600000ms (custom)
2019-07-30 12:55:02,451 INFO  impl.RoleInfo (RoleInfo.java:updateAndGet(143)) - 42c5969b-67dd-49ef-9c02-3c5cc3d54b45: start FollowerState
2019-07-30 12:55:02,452 INFO  impl.RaftServerImpl (RaftServerImpl.java:start(180)) - 2f193c78-57e0-489a-b986-686a99fa4b6e: start group-5042BEC6DEB8
2019-07-30 12:55:02,453 INFO  impl.RaftServerImpl (RaftServerImpl.java:setRole(171)) - 2f193c78-57e0-489a-b986-686a99fa4b6e:group-5042BEC6DEB8 changes role from null to FOLLOWER at term 0 for startAsFollower
2019-07-30 12:55:02,453 INFO  util.JmxRegister (JmxRegister.java:tryRegister(44)) - Successfully registered JMX Bean with object name Ratis:service=RaftServer,group=group-5042BEC6DEB8,id=42c5969b-67dd-49ef-9c02-3c5cc3d54b45
2019-07-30 12:55:02,453 INFO  impl.RoleInfo (RoleInfo.java:updateAndGet(143)) - 2f193c78-57e0-489a-b986-686a99fa4b6e: start FollowerState
2019-07-30 12:55:02,456 INFO  util.JmxRegister (JmxRegister.java:tryRegister(44)) - Successfully registered JMX Bean with object name Ratis:service=RaftServer,group=group-5042BEC6DEB8,id=2f193c78-57e0-489a-b986-686a99fa4b6e
2019-07-30 12:55:02,484 INFO  pipeline.PipelineStateManager (PipelineStateManager.java:addPipeline(56)) - Created pipeline Pipeline[ Id: 75ba7d70-0e25-4918-8ba6-5042bec6deb8, Nodes: 42c5969b-67dd-49ef-9c02-3c5cc3d54b45{ip: 192.168.69.104, host: byscane-nightly-nz7xw-1692025919, networkLocation: /default-rack, certSerialId: null}7359a818-da50-4d5d-b8da-14a632a6f1c5{ip: 192.168.69.104, host: byscane-nightly-nz7xw-1692025919, networkLocation: /default-rack, certSerialId: null}2f193c78-57e0-489a-b986-686a99fa4b6e{ip: 192.168.69.104, host: byscane-nightly-nz7xw-1692025919, networkLocation: /default-rack, certSerialId: null}, Type:RATIS, Factor:THREE, State:OPEN]
2019-07-30 12:55:02,808 INFO  freon.RandomKeyGenerator (RandomKeyGenerator.java:call(278)) - Number of Threads: 10
2019-07-30 12:55:02,809 INFO  freon.RandomKeyGenerator (RandomKeyGenerator.java:call(283)) - Number of Volumes: 1.
2019-07-30 12:55:02,809 INFO  freon.RandomKeyGenerator (RandomKeyGenerator.java:call(284)) - Number of Buckets per Volume: 1.
2019-07-30 12:55:02,809 INFO  freon.RandomKeyGenerator (RandomKeyGenerator.java:call(285)) - Number of Keys per Bucket: 1.
2019-07-30 12:55:02,809 INFO  freon.RandomKeyGenerator (RandomKeyGenerator.java:call(286)) - Key size: 20971520 bytes
2019-07-30 12:55:02,809 INFO  freon.RandomKeyGenerator (RandomKeyGenerator.java:call(287)) - Buffer size: 4096 bytes
2019-07-30 12:55:02,812 INFO  freon.RandomKeyGenerator (RandomKeyGenerator.java:call(301)) - Data validation is enabled.
2019-07-30 12:55:02,813 INFO  freon.RandomKeyGenerator (RandomKeyGenerator.java:call(307)) - Starting progress bar Thread.

 0.00% |█                                                                                                    |  0/1 Time: 0:00:002019-07-30 12:55:02,844 INFO  rpc.RpcClient (RpcClient.java:createVolume(288)) - Creating Volume: vol-0-77498, with jenkins1000 as owner.
2019-07-30 12:55:02,895 INFO  rpc.RpcClient (RpcClient.java:createBucket(425)) - Creating Bucket: vol-0-77498/bucket-0-59789, with Versioning false and Storage Type set to DISK and Encryption set to false 
2019-07-30 12:55:03,066 INFO  impl.MetricsSystemImpl (MetricsSystemImpl.java:init(158)) - XceiverClientMetrics metrics system started (again)
2019-07-30 12:55:03,233 INFO  client.GrpcClientProtocolClient (GrpcClientProtocolClient.java:onNext(255)) - client-25D576CFEB39->42c5969b-67dd-49ef-9c02-3c5cc3d54b45: receive RaftClientReply:client-25D576CFEB39->42c5969b-67dd-49ef-9c02-3c5cc3d54b45@group-5042BEC6DEB8, cid=6, FAILED org.apache.ratis.protocol.NotLeaderException: Server 42c5969b-67dd-49ef-9c02-3c5cc3d54b45 is not the leader (null). Request must be sent to leader., logIndex=0, commits[42c5969b-67dd-49ef-9c02-3c5cc3d54b45:c-1]
 0.00% |█                                                                                                    |  0/1 Time: 0:00:012019-07-30 12:55:04,005 INFO  container.ReplicationManager (ReplicationManager.java:start(155)) - Starting Replication Monitor Thread.
2019-07-30 12:55:04,008 INFO  container.ReplicationManager (ReplicationManager.java:run(207)) - Replication Monitor Thread took 1 milliseconds for processing 3 containers.
2019-07-30 12:55:04,281 INFO  client.GrpcClientProtocolClient (GrpcClientProtocolClient.java:onNext(255)) - client-25D576CFEB39->7359a818-da50-4d5d-b8da-14a632a6f1c5: receive RaftClientReply:client-25D576CFEB39->7359a818-da50-4d5d-b8da-14a632a6f1c5@group-5042BEC6DEB8, cid=6, FAILED org.apache.ratis.protocol.NotLeaderException: Server 7359a818-da50-4d5d-b8da-14a632a6f1c5 is not the leader (null). Request must be sent to leader., logIndex=0, commits[7359a818-da50-4d5d-b8da-14a632a6f1c5:c-1]
 0.00% |█                                                                                                    |  0/1 Time: 0:00:022019-07-30 12:55:05,327 INFO  client.GrpcClientProtocolClient (GrpcClientProtocolClient.java:onNext(255)) - client-25D576CFEB39->2f193c78-57e0-489a-b986-686a99fa4b6e: receive RaftClientReply:client-25D576CFEB39->2f193c78-57e0-489a-b986-686a99fa4b6e@group-5042BEC6DEB8, cid=6, FAILED org.apache.ratis.protocol.NotLeaderException: Server 2f193c78-57e0-489a-b986-686a99fa4b6e is not the leader (null). Request must be sent to leader., logIndex=0, commits[2f193c78-57e0-489a-b986-686a99fa4b6e:c-1]
 0.00% |█                                                                                                    |  0/1 Time: 0:00:032019-07-30 12:55:06,371 INFO  client.GrpcClientProtocolClient (GrpcClientProtocolClient.java:onNext(255)) - client-25D576CFEB39->7359a818-da50-4d5d-b8da-14a632a6f1c5: receive RaftClientReply:client-25D576CFEB39->7359a818-da50-4d5d-b8da-14a632a6f1c5@group-5042BEC6DEB8, cid=6, FAILED org.apache.ratis.protocol.NotLeaderException: Server 7359a818-da50-4d5d-b8da-14a632a6f1c5 is not the leader (null). Request must be sent to leader., logIndex=0, commits[7359a818-da50-4d5d-b8da-14a632a6f1c5:c-1]
 0.00% |█                                                                                                    |  0/1 Time: 0:00:042019-07-30 12:55:07,227 INFO  impl.FollowerState (FollowerState.java:run(106)) - 42c5969b-67dd-49ef-9c02-3c5cc3d54b45:group-704D27AA8238 changes to CANDIDATE, lastRpcTime:5151, electionTimeout:5150ms
2019-07-30 12:55:07,227 INFO  impl.RoleInfo (RoleInfo.java:shutdownFollowerState(121)) - 42c5969b-67dd-49ef-9c02-3c5cc3d54b45: shutdown FollowerState
2019-07-30 12:55:07,227 INFO  impl.RaftServerImpl (RaftServerImpl.java:setRole(171)) - 42c5969b-67dd-49ef-9c02-3c5cc3d54b45:group-704D27AA8238 changes role from FOLLOWER to CANDIDATE at term 0 for changeToCandidate
2019-07-30 12:55:07,232 INFO  impl.RoleInfo (RoleInfo.java:updateAndGet(143)) - 42c5969b-67dd-49ef-9c02-3c5cc3d54b45: start LeaderElection
2019-07-30 12:55:07,251 INFO  impl.LeaderElection (LeaderElection.java:askForVotes(181)) - 42c5969b-67dd-49ef-9c02-3c5cc3d54b45:group-704D27AA8238:LeaderElection1: begin an election at term 1 for -1: [42c5969b-67dd-49ef-9c02-3c5cc3d54b45:192.168.69.104:33435], old=null
2019-07-30 12:55:07,254 INFO  impl.RoleInfo (RoleInfo.java:shutdownLeaderElection(134)) - 42c5969b-67dd-49ef-9c02-3c5cc3d54b45: shutdown LeaderElection
2019-07-30 12:55:07,255 INFO  impl.RaftServerImpl (RaftServerImpl.java:setRole(171)) - 42c5969b-67dd-49ef-9c02-3c5cc3d54b45:group-704D27AA8238 changes role from CANDIDATE to LEADER at term 1 for changeToLeader
2019-07-30 12:55:07,255 INFO  impl.RaftServerImpl (ServerState.java:setLeader(263)) - 42c5969b-67dd-49ef-9c02-3c5cc3d54b45:group-704D27AA8238 change Leader from null to 42c5969b-67dd-49ef-9c02-3c5cc3d54b45 at term 1 for becomeLeader, leader elected after 5589ms
2019-07-30 12:55:07,263 INFO  server.RaftServerConfigKeys (ConfUtils.java:logGet(43)) - raft.server.staging.catchup.gap = 1000 (default)
2019-07-30 12:55:07,263 INFO  server.RaftServerConfigKeys (ConfUtils.java:logGet(43)) - raft.server.rpc.sleep.time = 25ms (default)
2019-07-30 12:55:07,267 INFO  server.RaftServerConfigKeys (ConfUtils.java:logGet(43)) - raft.server.write.element-limit = 4096 (default)
2019-07-30 12:55:07,271 INFO  server.RaftServerConfigKeys (ConfUtils.java:logGet(43)) - raft.server.watch.timeout = 10s (default)
2019-07-30 12:55:07,271 INFO  server.RaftServerConfigKeys (ConfUtils.java:logGet(43)) - raft.server.watch.timeout.denomination = 1s (default)
2019-07-30 12:55:07,272 INFO  server.RaftServerConfigKeys (ConfUtils.java:logGet(43)) - raft.server.watch.element-limit = 65536 (default)
2019-07-30 12:55:07,283 INFO  impl.RoleInfo (RoleInfo.java:updateAndGet(143)) - 42c5969b-67dd-49ef-9c02-3c5cc3d54b45: start LeaderState
2019-07-30 12:55:07,309 INFO  segmented.SegmentedRaftLogWorker (SegmentedRaftLogWorker.java:startLogSegment(380)) - 42c5969b-67dd-49ef-9c02-3c5cc3d54b45-SegmentedRaftLogWorker:Storage Directory /workdir/hadoop-ozone/tools/target/test-dir/MiniOzoneClusterImpl-5218d3a7-1fb3-4b6e-977a-7cfba611958d/datanode-0/data/ratis/2b230c99-e365-479b-a47c-704d27aa8238: Starting segment from index:0
2019-07-30 12:55:07,319 INFO  impl.RaftServerImpl (ServerState.java:setRaftConf(361)) - 42c5969b-67dd-49ef-9c02-3c5cc3d54b45:group-704D27AA8238 set configuration 0: [42c5969b-67dd-49ef-9c02-3c5cc3d54b45:192.168.69.104:33435], old=null at 0
2019-07-30 12:55:07,325 INFO  impl.FollowerState (FollowerState.java:run(106)) - 7359a818-da50-4d5d-b8da-14a632a6f1c5:group-D2E51BF09E31 changes to CANDIDATE, lastRpcTime:5073, electionTimeout:5072ms
2019-07-30 12:55:07,326 INFO  impl.RoleInfo (RoleInfo.java:shutdownFollowerState(121)) - 7359a818-da50-4d5d-b8da-14a632a6f1c5: shutdown FollowerState
2019-07-30 12:55:07,326 INFO  impl.RaftServerImpl (RaftServerImpl.java:setRole(171)) - 7359a818-da50-4d5d-b8da-14a632a6f1c5:group-D2E51BF09E31 changes role from FOLLOWER to CANDIDATE at term 0 for changeToCandidate
2019-07-30 12:55:07,327 INFO  impl.RoleInfo (RoleInfo.java:updateAndGet(143)) - 7359a818-da50-4d5d-b8da-14a632a6f1c5: start LeaderElection
2019-07-30 12:55:07,344 INFO  impl.LeaderElection (LeaderElection.java:askForVotes(181)) - 7359a818-da50-4d5d-b8da-14a632a6f1c5:group-D2E51BF09E31:LeaderElection2: begin an election at term 1 for -1: [7359a818-da50-4d5d-b8da-14a632a6f1c5:192.168.69.104:38170], old=null
2019-07-30 12:55:07,344 INFO  impl.RoleInfo (RoleInfo.java:shutdownLeaderElection(134)) - 7359a818-da50-4d5d-b8da-14a632a6f1c5: shutdown LeaderElection
2019-07-30 12:55:07,344 INFO  impl.RaftServerImpl (RaftServerImpl.java:setRole(171)) - 7359a818-da50-4d5d-b8da-14a632a6f1c5:group-D2E51BF09E31 changes role from CANDIDATE to LEADER at term 1 for changeToLeader
2019-07-30 12:55:07,344 INFO  impl.RaftServerImpl (ServerState.java:setLeader(263)) - 7359a818-da50-4d5d-b8da-14a632a6f1c5:group-D2E51BF09E31 change Leader from null to 7359a818-da50-4d5d-b8da-14a632a6f1c5 at term 1 for becomeLeader, leader elected after 5101ms
2019-07-30 12:55:07,345 INFO  server.RaftServerConfigKeys (ConfUtils.java:logGet(43)) - raft.server.staging.catchup.gap = 1000 (default)
2019-07-30 12:55:07,345 INFO  server.RaftServerConfigKeys (ConfUtils.java:logGet(43)) - raft.server.rpc.sleep.time = 25ms (default)
2019-07-30 12:55:07,345 INFO  server.RaftServerConfigKeys (ConfUtils.java:logGet(43)) - raft.server.write.element-limit = 4096 (default)
2019-07-30 12:55:07,346 INFO  server.RaftServerConfigKeys (ConfUtils.java:logGet(43)) - raft.server.watch.timeout = 10s (default)
2019-07-30 12:55:07,346 INFO  server.RaftServerConfigKeys (ConfUtils.java:logGet(43)) - raft.server.watch.timeout.denomination = 1s (default)
2019-07-30 12:55:07,346 INFO  server.RaftServerConfigKeys (ConfUtils.java:logGet(43)) - raft.server.watch.element-limit = 65536 (default)
2019-07-30 12:55:07,346 INFO  impl.RoleInfo (RoleInfo.java:updateAndGet(143)) - 7359a818-da50-4d5d-b8da-14a632a6f1c5: start LeaderState
2019-07-30 12:55:07,346 INFO  segmented.SegmentedRaftLogWorker (SegmentedRaftLogWorker.java:startLogSegment(380)) - 7359a818-da50-4d5d-b8da-14a632a6f1c5-SegmentedRaftLogWorker:Storage Directory /workdir/hadoop-ozone/tools/target/test-dir/MiniOzoneClusterImpl-5218d3a7-1fb3-4b6e-977a-7cfba611958d/datanode-1/data/ratis/e561a468-b471-4c0f-8579-d2e51bf09e31: Starting segment from index:0
2019-07-30 12:55:07,347 INFO  impl.RaftServerImpl (ServerState.java:setRaftConf(361)) - 7359a818-da50-4d5d-b8da-14a632a6f1c5:group-D2E51BF09E31 set configuration 0: [7359a818-da50-4d5d-b8da-14a632a6f1c5:192.168.69.104:38170], old=null at 0
2019-07-30 12:55:07,401 INFO  client.GrpcClientProtocolClient (GrpcClientProtocolClient.java:onNext(255)) - client-25D576CFEB39->42c5969b-67dd-49ef-9c02-3c5cc3d54b45: receive RaftClientReply:client-25D576CFEB39->42c5969b-67dd-49ef-9c02-3c5cc3d54b45@group-5042BEC6DEB8, cid=6, FAILED org.apache.ratis.protocol.NotLeaderException: Server 42c5969b-67dd-49ef-9c02-3c5cc3d54b45 is not the leader (null). Request must be sent to leader., logIndex=0, commits[42c5969b-67dd-49ef-9c02-3c5cc3d54b45:c-1]
2019-07-30 12:55:07,457 INFO  impl.FollowerState (FollowerState.java:run(106)) - 2f193c78-57e0-489a-b986-686a99fa4b6e:group-F2D4A1E741F1 changes to CANDIDATE, lastRpcTime:5119, electionTimeout:5119ms
2019-07-30 12:55:07,458 INFO  impl.RoleInfo (RoleInfo.java:shutdownFollowerState(121)) - 2f193c78-57e0-489a-b986-686a99fa4b6e: shutdown FollowerState
2019-07-30 12:55:07,458 INFO  impl.RaftServerImpl (RaftServerImpl.java:setRole(171)) - 2f193c78-57e0-489a-b986-686a99fa4b6e:group-F2D4A1E741F1 changes role from FOLLOWER to CANDIDATE at term 0 for changeToCandidate
2019-07-30 12:55:07,458 INFO  impl.RoleInfo (RoleInfo.java:updateAndGet(143)) - 2f193c78-57e0-489a-b986-686a99fa4b6e: start LeaderElection
2019-07-30 12:55:07,475 INFO  impl.LeaderElection (LeaderElection.java:askForVotes(181)) - 2f193c78-57e0-489a-b986-686a99fa4b6e:group-F2D4A1E741F1:LeaderElection3: begin an election at term 1 for -1: [2f193c78-57e0-489a-b986-686a99fa4b6e:192.168.69.104:39108], old=null
2019-07-30 12:55:07,477 INFO  impl.RoleInfo (RoleInfo.java:shutdownLeaderElection(134)) - 2f193c78-57e0-489a-b986-686a99fa4b6e: shutdown LeaderElection
2019-07-30 12:55:07,477 INFO  impl.RaftServerImpl (RaftServerImpl.java:setRole(171)) - 2f193c78-57e0-489a-b986-686a99fa4b6e:group-F2D4A1E741F1 changes role from CANDIDATE to LEADER at term 1 for changeToLeader
2019-07-30 12:55:07,477 INFO  impl.RaftServerImpl (ServerState.java:setLeader(263)) - 2f193c78-57e0-489a-b986-686a99fa4b6e:group-F2D4A1E741F1 change Leader from null to 2f193c78-57e0-489a-b986-686a99fa4b6e at term 1 for becomeLeader, leader elected after 5144ms
2019-07-30 12:55:07,477 INFO  server.RaftServerConfigKeys (ConfUtils.java:logGet(43)) - raft.server.staging.catchup.gap = 1000 (default)
2019-07-30 12:55:07,477 INFO  server.RaftServerConfigKeys (ConfUtils.java:logGet(43)) - raft.server.rpc.sleep.time = 25ms (default)
2019-07-30 12:55:07,478 INFO  server.RaftServerConfigKeys (ConfUtils.java:logGet(43)) - raft.server.write.element-limit = 4096 (default)
2019-07-30 12:55:07,478 INFO  server.RaftServerConfigKeys (ConfUtils.java:logGet(43)) - raft.server.watch.timeout = 10s (default)
2019-07-30 12:55:07,478 INFO  server.RaftServerConfigKeys (ConfUtils.java:logGet(43)) - raft.server.watch.timeout.denomination = 1s (default)
2019-07-30 12:55:07,478 INFO  server.RaftServerConfigKeys (ConfUtils.java:logGet(43)) - raft.server.watch.element-limit = 65536 (default)
2019-07-30 12:55:07,478 INFO  impl.RoleInfo (RoleInfo.java:updateAndGet(143)) - 2f193c78-57e0-489a-b986-686a99fa4b6e: start LeaderState
2019-07-30 12:55:07,479 INFO  segmented.SegmentedRaftLogWorker (SegmentedRaftLogWorker.java:startLogSegment(380)) - 2f193c78-57e0-489a-b986-686a99fa4b6e-SegmentedRaftLogWorker:Storage Directory /workdir/hadoop-ozone/tools/target/test-dir/MiniOzoneClusterImpl-5218d3a7-1fb3-4b6e-977a-7cfba611958d/datanode-2/data/ratis/f854f13c-4e3a-4d95-acd7-f2d4a1e741f1: Starting segment from index:0
2019-07-30 12:55:07,479 INFO  impl.RaftServerImpl (ServerState.java:setRaftConf(361)) - 2f193c78-57e0-489a-b986-686a99fa4b6e:group-F2D4A1E741F1 set configuration 0: [2f193c78-57e0-489a-b986-686a99fa4b6e:192.168.69.104:39108], old=null at 0
2019-07-30 12:55:07,489 INFO  impl.FollowerState (FollowerState.java:run(106)) - 42c5969b-67dd-49ef-9c02-3c5cc3d54b45:group-5042BEC6DEB8 changes to CANDIDATE, lastRpcTime:5037, electionTimeout:5036ms
2019-07-30 12:55:07,489 INFO  impl.RoleInfo (RoleInfo.java:shutdownFollowerState(121)) - 42c5969b-67dd-49ef-9c02-3c5cc3d54b45: shutdown FollowerState
2019-07-30 12:55:07,489 INFO  impl.RaftServerImpl (RaftServerImpl.java:setRole(171)) - 42c5969b-67dd-49ef-9c02-3c5cc3d54b45:group-5042BEC6DEB8 changes role from FOLLOWER to CANDIDATE at term 0 for changeToCandidate
2019-07-30 12:55:07,489 INFO  impl.RoleInfo (RoleInfo.java:updateAndGet(143)) - 42c5969b-67dd-49ef-9c02-3c5cc3d54b45: start LeaderElection
2019-07-30 12:55:07,505 INFO  impl.LeaderElection (LeaderElection.java:askForVotes(181)) - 42c5969b-67dd-49ef-9c02-3c5cc3d54b45:group-5042BEC6DEB8:LeaderElection4: begin an election at term 1 for -1: [2f193c78-57e0-489a-b986-686a99fa4b6e:192.168.69.104:39108, 42c5969b-67dd-49ef-9c02-3c5cc3d54b45:192.168.69.104:33435, 7359a818-da50-4d5d-b8da-14a632a6f1c5:192.168.69.104:38170], old=null
2019-07-30 12:55:07,508 INFO  impl.FollowerState (FollowerState.java:run(106)) - 2f193c78-57e0-489a-b986-686a99fa4b6e:group-5042BEC6DEB8 changes to CANDIDATE, lastRpcTime:5054, electionTimeout:5052ms
2019-07-30 12:55:07,508 INFO  impl.RoleInfo (RoleInfo.java:shutdownFollowerState(121)) - 2f193c78-57e0-489a-b986-686a99fa4b6e: shutdown FollowerState
2019-07-30 12:55:07,508 INFO  impl.RaftServerImpl (RaftServerImpl.java:setRole(171)) - 2f193c78-57e0-489a-b986-686a99fa4b6e:group-5042BEC6DEB8 changes role from FOLLOWER to CANDIDATE at term 0 for changeToCandidate
2019-07-30 12:55:07,508 INFO  impl.RoleInfo (RoleInfo.java:updateAndGet(143)) - 2f193c78-57e0-489a-b986-686a99fa4b6e: start LeaderElection
2019-07-30 12:55:07,535 INFO  impl.LeaderElection (LeaderElection.java:askForVotes(181)) - 2f193c78-57e0-489a-b986-686a99fa4b6e:group-5042BEC6DEB8:LeaderElection5: begin an election at term 1 for -1: [2f193c78-57e0-489a-b986-686a99fa4b6e:192.168.69.104:39108, 42c5969b-67dd-49ef-9c02-3c5cc3d54b45:192.168.69.104:33435, 7359a818-da50-4d5d-b8da-14a632a6f1c5:192.168.69.104:38170], old=null
2019-07-30 12:55:07,549 INFO  impl.FollowerState (FollowerState.java:run(106)) - 7359a818-da50-4d5d-b8da-14a632a6f1c5:group-5042BEC6DEB8 changes to CANDIDATE, lastRpcTime:5104, electionTimeout:5099ms
2019-07-30 12:55:07,549 INFO  impl.RoleInfo (RoleInfo.java:shutdownFollowerState(121)) - 7359a818-da50-4d5d-b8da-14a632a6f1c5: shutdown FollowerState
2019-07-30 12:55:07,549 INFO  impl.RaftServerImpl (RaftServerImpl.java:setRole(171)) - 7359a818-da50-4d5d-b8da-14a632a6f1c5:group-5042BEC6DEB8 changes role from FOLLOWER to CANDIDATE at term 0 for changeToCandidate
2019-07-30 12:55:07,551 INFO  impl.RoleInfo (RoleInfo.java:updateAndGet(143)) - 7359a818-da50-4d5d-b8da-14a632a6f1c5: start LeaderElection
2019-07-30 12:55:07,571 INFO  segmented.SegmentedRaftLogWorker (SegmentedRaftLogWorker.java:execute(569)) - 2f193c78-57e0-489a-b986-686a99fa4b6e-SegmentedRaftLogWorker:Storage Directory /workdir/hadoop-ozone/tools/target/test-dir/MiniOzoneClusterImpl-5218d3a7-1fb3-4b6e-977a-7cfba611958d/datanode-2/data/ratis/f854f13c-4e3a-4d95-acd7-f2d4a1e741f1: created new log segment /workdir/hadoop-ozone/tools/target/test-dir/MiniOzoneClusterImpl-5218d3a7-1fb3-4b6e-977a-7cfba611958d/datanode-2/data/ratis/f854f13c-4e3a-4d95-acd7-f2d4a1e741f1/current/log_inprogress_0
2019-07-30 12:55:07,571 INFO  segmented.SegmentedRaftLogWorker (SegmentedRaftLogWorker.java:execute(569)) - 7359a818-da50-4d5d-b8da-14a632a6f1c5-SegmentedRaftLogWorker:Storage Directory /workdir/hadoop-ozone/tools/target/test-dir/MiniOzoneClusterImpl-5218d3a7-1fb3-4b6e-977a-7cfba611958d/datanode-1/data/ratis/e561a468-b471-4c0f-8579-d2e51bf09e31: created new log segment /workdir/hadoop-ozone/tools/target/test-dir/MiniOzoneClusterImpl-5218d3a7-1fb3-4b6e-977a-7cfba611958d/datanode-1/data/ratis/e561a468-b471-4c0f-8579-d2e51bf09e31/current/log_inprogress_0
2019-07-30 12:55:07,571 INFO  impl.LeaderElection (LeaderElection.java:askForVotes(181)) - 7359a818-da50-4d5d-b8da-14a632a6f1c5:group-5042BEC6DEB8:LeaderElection6: begin an election at term 1 for -1: [2f193c78-57e0-489a-b986-686a99fa4b6e:192.168.69.104:39108, 42c5969b-67dd-49ef-9c02-3c5cc3d54b45:192.168.69.104:33435, 7359a818-da50-4d5d-b8da-14a632a6f1c5:192.168.69.104:38170], old=null
2019-07-30 12:55:07,571 INFO  segmented.SegmentedRaftLogWorker (SegmentedRaftLogWorker.java:execute(569)) - 42c5969b-67dd-49ef-9c02-3c5cc3d54b45-SegmentedRaftLogWorker:Storage Directory /workdir/hadoop-ozone/tools/target/test-dir/MiniOzoneClusterImpl-5218d3a7-1fb3-4b6e-977a-7cfba611958d/datanode-0/data/ratis/2b230c99-e365-479b-a47c-704d27aa8238: created new log segment /workdir/hadoop-ozone/tools/target/test-dir/MiniOzoneClusterImpl-5218d3a7-1fb3-4b6e-977a-7cfba611958d/datanode-0/data/ratis/2b230c99-e365-479b-a47c-704d27aa8238/current/log_inprogress_0
2019-07-30 12:55:07,599 INFO  impl.LeaderElection (LeaderElection.java:logAndReturn(56)) - 2f193c78-57e0-489a-b986-686a99fa4b6e:group-5042BEC6DEB8:LeaderElection5: Election REJECTED; received 2 response(s) [2f193c78-57e0-489a-b986-686a99fa4b6e<-42c5969b-67dd-49ef-9c02-3c5cc3d54b45#0:FAIL-t1, 2f193c78-57e0-489a-b986-686a99fa4b6e<-7359a818-da50-4d5d-b8da-14a632a6f1c5#0:FAIL-t1] and 0 exception(s); 2f193c78-57e0-489a-b986-686a99fa4b6e:t1, leader=null, voted=2f193c78-57e0-489a-b986-686a99fa4b6e, raftlog=2f193c78-57e0-489a-b986-686a99fa4b6e-SegmentedRaftLog:OPENED:c-1,f-1,i0, conf=-1: [2f193c78-57e0-489a-b986-686a99fa4b6e:192.168.69.104:39108, 42c5969b-67dd-49ef-9c02-3c5cc3d54b45:192.168.69.104:33435, 7359a818-da50-4d5d-b8da-14a632a6f1c5:192.168.69.104:38170], old=null
2019-07-30 12:55:07,599 INFO  impl.LeaderElection (LeaderElection.java:logAndReturn(56)) - 42c5969b-67dd-49ef-9c02-3c5cc3d54b45:group-5042BEC6DEB8:LeaderElection4: Election REJECTED; received 2 response(s) [42c5969b-67dd-49ef-9c02-3c5cc3d54b45<-2f193c78-57e0-489a-b986-686a99fa4b6e#0:FAIL-t1, 42c5969b-67dd-49ef-9c02-3c5cc3d54b45<-7359a818-da50-4d5d-b8da-14a632a6f1c5#0:FAIL-t1] and 0 exception(s); 42c5969b-67dd-49ef-9c02-3c5cc3d54b45:t1, leader=null, voted=42c5969b-67dd-49ef-9c02-3c5cc3d54b45, raftlog=42c5969b-67dd-49ef-9c02-3c5cc3d54b45-SegmentedRaftLog:OPENED:c-1,f-1,i0, conf=-1: [2f193c78-57e0-489a-b986-686a99fa4b6e:192.168.69.104:39108, 42c5969b-67dd-49ef-9c02-3c5cc3d54b45:192.168.69.104:33435, 7359a818-da50-4d5d-b8da-14a632a6f1c5:192.168.69.104:38170], old=null
2019-07-30 12:55:07,603 INFO  impl.RaftServerImpl (RaftServerImpl.java:setRole(171)) - 2f193c78-57e0-489a-b986-686a99fa4b6e:group-5042BEC6DEB8 changes role from CANDIDATE to FOLLOWER at term 1 for DISCOVERED_A_NEW_TERM
2019-07-30 12:55:07,606 INFO  impl.RaftServerImpl (RaftServerImpl.java:setRole(171)) - 42c5969b-67dd-49ef-9c02-3c5cc3d54b45:group-5042BEC6DEB8 changes role from CANDIDATE to FOLLOWER at term 1 for DISCOVERED_A_NEW_TERM
2019-07-30 12:55:07,607 INFO  impl.RoleInfo (RoleInfo.java:shutdownLeaderElection(134)) - 2f193c78-57e0-489a-b986-686a99fa4b6e: shutdown LeaderElection
2019-07-30 12:55:07,607 INFO  impl.RoleInfo (RoleInfo.java:shutdownLeaderElection(134)) - 42c5969b-67dd-49ef-9c02-3c5cc3d54b45: shutdown LeaderElection
2019-07-30 12:55:07,607 INFO  impl.RoleInfo (RoleInfo.java:updateAndGet(143)) - 2f193c78-57e0-489a-b986-686a99fa4b6e: start FollowerState
2019-07-30 12:55:07,608 INFO  impl.RoleInfo (RoleInfo.java:updateAndGet(143)) - 42c5969b-67dd-49ef-9c02-3c5cc3d54b45: start FollowerState
2019-07-30 12:55:07,618 INFO  impl.LeaderElection (LeaderElection.java:logAndReturn(56)) - 7359a818-da50-4d5d-b8da-14a632a6f1c5:group-5042BEC6DEB8:LeaderElection6: Election REJECTED; received 2 response(s) [7359a818-da50-4d5d-b8da-14a632a6f1c5<-2f193c78-57e0-489a-b986-686a99fa4b6e#0:FAIL-t1, 7359a818-da50-4d5d-b8da-14a632a6f1c5<-42c5969b-67dd-49ef-9c02-3c5cc3d54b45#0:FAIL-t1] and 0 exception(s); 7359a818-da50-4d5d-b8da-14a632a6f1c5:t1, leader=null, voted=7359a818-da50-4d5d-b8da-14a632a6f1c5, raftlog=7359a818-da50-4d5d-b8da-14a632a6f1c5-SegmentedRaftLog:OPENED:c-1,f-1,i0, conf=-1: [2f193c78-57e0-489a-b986-686a99fa4b6e:192.168.69.104:39108, 42c5969b-67dd-49ef-9c02-3c5cc3d54b45:192.168.69.104:33435, 7359a818-da50-4d5d-b8da-14a632a6f1c5:192.168.69.104:38170], old=null
2019-07-30 12:55:07,618 INFO  impl.RaftServerImpl (RaftServerImpl.java:setRole(171)) - 7359a818-da50-4d5d-b8da-14a632a6f1c5:group-5042BEC6DEB8 changes role from CANDIDATE to FOLLOWER at term 1 for DISCOVERED_A_NEW_TERM
2019-07-30 12:55:07,619 INFO  impl.RoleInfo (RoleInfo.java:shutdownLeaderElection(134)) - 7359a818-da50-4d5d-b8da-14a632a6f1c5: shutdown LeaderElection
2019-07-30 12:55:07,621 INFO  impl.RoleInfo (RoleInfo.java:updateAndGet(143)) - 7359a818-da50-4d5d-b8da-14a632a6f1c5: start FollowerState
 0.00% |█                                                                                                    |  0/1 Time: 0:00:052019-07-30 12:55:08,430 INFO  client.GrpcClientProtocolClient (GrpcClientProtocolClient.java:onNext(255)) - client-25D576CFEB39->2f193c78-57e0-489a-b986-686a99fa4b6e: receive RaftClientReply:client-25D576CFEB39->2f193c78-57e0-489a-b986-686a99fa4b6e@group-5042BEC6DEB8, cid=6, FAILED org.apache.ratis.protocol.NotLeaderException: Server 2f193c78-57e0-489a-b986-686a99fa4b6e is not the leader (null). Request must be sent to leader., logIndex=0, commits[2f193c78-57e0-489a-b986-686a99fa4b6e:c-1]
 0.00% |█                                                                                                    |  0/1 Time: 0:00:062019-07-30 12:55:09,463 INFO  client.GrpcClientProtocolClient (GrpcClientProtocolClient.java:onNext(255)) - client-25D576CFEB39->42c5969b-67dd-49ef-9c02-3c5cc3d54b45: receive RaftClientReply:client-25D576CFEB39->42c5969b-67dd-49ef-9c02-3c5cc3d54b45@group-5042BEC6DEB8, cid=6, FAILED org.apache.ratis.protocol.NotLeaderException: Server 42c5969b-67dd-49ef-9c02-3c5cc3d54b45 is not the leader (null). Request must be sent to leader., logIndex=0, commits[42c5969b-67dd-49ef-9c02-3c5cc3d54b45:c-1]
 0.00% |█                                                                                                    |  0/1 Time: 0:00:072019-07-30 12:55:10,497 INFO  client.GrpcClientProtocolClient (GrpcClientProtocolClient.java:onNext(255)) - client-25D576CFEB39->2f193c78-57e0-489a-b986-686a99fa4b6e: receive RaftClientReply:client-25D576CFEB39->2f193c78-57e0-489a-b986-686a99fa4b6e@group-5042BEC6DEB8, cid=6, FAILED org.apache.ratis.protocol.NotLeaderException: Server 2f193c78-57e0-489a-b986-686a99fa4b6e is not the leader (null). Request must be sent to leader., logIndex=0, commits[2f193c78-57e0-489a-b986-686a99fa4b6e:c-1]
 0.00% |█                                                                                                    |  0/1 Time: 0:00:082019-07-30 12:55:11,527 INFO  client.GrpcClientProtocolClient (GrpcClientProtocolClient.java:onNext(255)) - client-25D576CFEB39->42c5969b-67dd-49ef-9c02-3c5cc3d54b45: receive RaftClientReply:client-25D576CFEB39->42c5969b-67dd-49ef-9c02-3c5cc3d54b45@group-5042BEC6DEB8, cid=6, FAILED org.apache.ratis.protocol.NotLeaderException: Server 42c5969b-67dd-49ef-9c02-3c5cc3d54b45 is not the leader (null). Request must be sent to leader., logIndex=0, commits[42c5969b-67dd-49ef-9c02-3c5cc3d54b45:c-1]
 0.00% |█                                                                                                    |  0/1 Time: 0:00:092019-07-30 12:55:12,556 INFO  client.GrpcClientProtocolClient (GrpcClientProtocolClient.java:onNext(255)) - client-25D576CFEB39->7359a818-da50-4d5d-b8da-14a632a6f1c5: receive RaftClientReply:client-25D576CFEB39->7359a818-da50-4d5d-b8da-14a632a6f1c5@group-5042BEC6DEB8, cid=6, FAILED org.apache.ratis.protocol.NotLeaderException: Server 7359a818-da50-4d5d-b8da-14a632a6f1c5 is not the leader (null). Request must be sent to leader., logIndex=0, commits[7359a818-da50-4d5d-b8da-14a632a6f1c5:c-1]
2019-07-30 12:55:12,729 INFO  impl.FollowerState (FollowerState.java:run(106)) - 42c5969b-67dd-49ef-9c02-3c5cc3d54b45:group-5042BEC6DEB8 changes to CANDIDATE, lastRpcTime:5120, electionTimeout:5117ms
2019-07-30 12:55:12,729 INFO  impl.RoleInfo (RoleInfo.java:shutdownFollowerState(121)) - 42c5969b-67dd-49ef-9c02-3c5cc3d54b45: shutdown FollowerState
2019-07-30 12:55:12,729 INFO  impl.RaftServerImpl (RaftServerImpl.java:setRole(171)) - 42c5969b-67dd-49ef-9c02-3c5cc3d54b45:group-5042BEC6DEB8 changes role from FOLLOWER to CANDIDATE at term 1 for changeToCandidate
2019-07-30 12:55:12,730 INFO  impl.RoleInfo (RoleInfo.java:updateAndGet(143)) - 42c5969b-67dd-49ef-9c02-3c5cc3d54b45: start LeaderElection
2019-07-30 12:55:12,736 INFO  impl.FollowerState (FollowerState.java:run(106)) - 7359a818-da50-4d5d-b8da-14a632a6f1c5:group-5042BEC6DEB8 changes to CANDIDATE, lastRpcTime:5115, electionTimeout:5114ms
2019-07-30 12:55:12,737 INFO  impl.RoleInfo (RoleInfo.java:shutdownFollowerState(121)) - 7359a818-da50-4d5d-b8da-14a632a6f1c5: shutdown FollowerState
2019-07-30 12:55:12,737 INFO  impl.RaftServerImpl (RaftServerImpl.java:setRole(171)) - 7359a818-da50-4d5d-b8da-14a632a6f1c5:group-5042BEC6DEB8 changes role from FOLLOWER to CANDIDATE at term 1 for changeToCandidate
2019-07-30 12:55:12,737 INFO  impl.RoleInfo (RoleInfo.java:updateAndGet(143)) - 7359a818-da50-4d5d-b8da-14a632a6f1c5: start LeaderElection
2019-07-30 12:55:12,739 INFO  impl.FollowerState (FollowerState.java:run(106)) - 2f193c78-57e0-489a-b986-686a99fa4b6e:group-5042BEC6DEB8 changes to CANDIDATE, lastRpcTime:5131, electionTimeout:5129ms
2019-07-30 12:55:12,739 INFO  impl.RoleInfo (RoleInfo.java:shutdownFollowerState(121)) - 2f193c78-57e0-489a-b986-686a99fa4b6e: shutdown FollowerState
2019-07-30 12:55:12,739 INFO  impl.RaftServerImpl (RaftServerImpl.java:setRole(171)) - 2f193c78-57e0-489a-b986-686a99fa4b6e:group-5042BEC6DEB8 changes role from FOLLOWER to CANDIDATE at term 1 for changeToCandidate
2019-07-30 12:55:12,739 INFO  impl.RoleInfo (RoleInfo.java:updateAndGet(143)) - 2f193c78-57e0-489a-b986-686a99fa4b6e: start LeaderElection
2019-07-30 12:55:12,748 INFO  impl.LeaderElection (LeaderElection.java:askForVotes(181)) - 2f193c78-57e0-489a-b986-686a99fa4b6e:group-5042BEC6DEB8:LeaderElection9: begin an election at term 2 for -1: [2f193c78-57e0-489a-b986-686a99fa4b6e:192.168.69.104:39108, 42c5969b-67dd-49ef-9c02-3c5cc3d54b45:192.168.69.104:33435, 7359a818-da50-4d5d-b8da-14a632a6f1c5:192.168.69.104:38170], old=null
2019-07-30 12:55:12,748 INFO  impl.LeaderElection (LeaderElection.java:askForVotes(181)) - 42c5969b-67dd-49ef-9c02-3c5cc3d54b45:group-5042BEC6DEB8:LeaderElection7: begin an election at term 2 for -1: [2f193c78-57e0-489a-b986-686a99fa4b6e:192.168.69.104:39108, 42c5969b-67dd-49ef-9c02-3c5cc3d54b45:192.168.69.104:33435, 7359a818-da50-4d5d-b8da-14a632a6f1c5:192.168.69.104:38170], old=null
2019-07-30 12:55:12,748 INFO  impl.LeaderElection (LeaderElection.java:askForVotes(181)) - 7359a818-da50-4d5d-b8da-14a632a6f1c5:group-5042BEC6DEB8:LeaderElection8: begin an election at term 2 for -1: [2f193c78-57e0-489a-b986-686a99fa4b6e:192.168.69.104:39108, 42c5969b-67dd-49ef-9c02-3c5cc3d54b45:192.168.69.104:33435, 7359a818-da50-4d5d-b8da-14a632a6f1c5:192.168.69.104:38170], old=null
2019-07-30 12:55:12,769 INFO  impl.LeaderElection (LeaderElection.java:logAndReturn(56)) - 42c5969b-67dd-49ef-9c02-3c5cc3d54b45:group-5042BEC6DEB8:LeaderElection7: Election REJECTED; received 2 response(s) [42c5969b-67dd-49ef-9c02-3c5cc3d54b45<-2f193c78-57e0-489a-b986-686a99fa4b6e#0:FAIL-t2, 42c5969b-67dd-49ef-9c02-3c5cc3d54b45<-7359a818-da50-4d5d-b8da-14a632a6f1c5#0:FAIL-t2] and 0 exception(s); 42c5969b-67dd-49ef-9c02-3c5cc3d54b45:t2, leader=null, voted=42c5969b-67dd-49ef-9c02-3c5cc3d54b45, raftlog=42c5969b-67dd-49ef-9c02-3c5cc3d54b45-SegmentedRaftLog:OPENED:c-1,f-1,i0, conf=-1: [2f193c78-57e0-489a-b986-686a99fa4b6e:192.168.69.104:39108, 42c5969b-67dd-49ef-9c02-3c5cc3d54b45:192.168.69.104:33435, 7359a818-da50-4d5d-b8da-14a632a6f1c5:192.168.69.104:38170], old=null
2019-07-30 12:55:12,770 INFO  impl.RaftServerImpl (RaftServerImpl.java:setRole(171)) - 42c5969b-67dd-49ef-9c02-3c5cc3d54b45:group-5042BEC6DEB8 changes role from CANDIDATE to FOLLOWER at term 2 for DISCOVERED_A_NEW_TERM
2019-07-30 12:55:12,772 INFO  impl.RoleInfo (RoleInfo.java:shutdownLeaderElection(134)) - 42c5969b-67dd-49ef-9c02-3c5cc3d54b45: shutdown LeaderElection
2019-07-30 12:55:12,773 INFO  impl.RoleInfo (RoleInfo.java:updateAndGet(143)) - 42c5969b-67dd-49ef-9c02-3c5cc3d54b45: start FollowerState
2019-07-30 12:55:12,773 INFO  impl.LeaderElection (LeaderElection.java:logAndReturn(56)) - 2f193c78-57e0-489a-b986-686a99fa4b6e:group-5042BEC6DEB8:LeaderElection9: Election REJECTED; received 2 response(s) [2f193c78-57e0-489a-b986-686a99fa4b6e<-42c5969b-67dd-49ef-9c02-3c5cc3d54b45#0:FAIL-t2, 2f193c78-57e0-489a-b986-686a99fa4b6e<-7359a818-da50-4d5d-b8da-14a632a6f1c5#0:FAIL-t2] and 0 exception(s); 2f193c78-57e0-489a-b986-686a99fa4b6e:t2, leader=null, voted=2f193c78-57e0-489a-b986-686a99fa4b6e, raftlog=2f193c78-57e0-489a-b986-686a99fa4b6e-SegmentedRaftLog:OPENED:c-1,f-1,i0, conf=-1: [2f193c78-57e0-489a-b986-686a99fa4b6e:192.168.69.104:39108, 42c5969b-67dd-49ef-9c02-3c5cc3d54b45:192.168.69.104:33435, 7359a818-da50-4d5d-b8da-14a632a6f1c5:192.168.69.104:38170], old=null
2019-07-30 12:55:12,775 INFO  impl.RaftServerImpl (RaftServerImpl.java:setRole(171)) - 2f193c78-57e0-489a-b986-686a99fa4b6e:group-5042BEC6DEB8 changes role from CANDIDATE to FOLLOWER at term 2 for DISCOVERED_A_NEW_TERM
2019-07-30 12:55:12,777 INFO  impl.RoleInfo (RoleInfo.java:shutdownLeaderElection(134)) - 2f193c78-57e0-489a-b986-686a99fa4b6e: shutdown LeaderElection
2019-07-30 12:55:12,777 INFO  impl.RoleInfo (RoleInfo.java:updateAndGet(143)) - 2f193c78-57e0-489a-b986-686a99fa4b6e: start FollowerState
2019-07-30 12:55:12,777 INFO  impl.LeaderElection (LeaderElection.java:logAndReturn(56)) - 7359a818-da50-4d5d-b8da-14a632a6f1c5:group-5042BEC6DEB8:LeaderElection8: Election REJECTED; received 2 response(s) [7359a818-da50-4d5d-b8da-14a632a6f1c5<-2f193c78-57e0-489a-b986-686a99fa4b6e#0:FAIL-t2, 7359a818-da50-4d5d-b8da-14a632a6f1c5<-42c5969b-67dd-49ef-9c02-3c5cc3d54b45#0:FAIL-t2] and 0 exception(s); 7359a818-da50-4d5d-b8da-14a632a6f1c5:t2, leader=null, voted=7359a818-da50-4d5d-b8da-14a632a6f1c5, raftlog=7359a818-da50-4d5d-b8da-14a632a6f1c5-SegmentedRaftLog:OPENED:c-1,f-1,i0, conf=-1: [2f193c78-57e0-489a-b986-686a99fa4b6e:192.168.69.104:39108, 42c5969b-67dd-49ef-9c02-3c5cc3d54b45:192.168.69.104:33435, 7359a818-da50-4d5d-b8da-14a632a6f1c5:192.168.69.104:38170], old=null
2019-07-30 12:55:12,780 INFO  impl.RaftServerImpl (RaftServerImpl.java:setRole(171)) - 7359a818-da50-4d5d-b8da-14a632a6f1c5:group-5042BEC6DEB8 changes role from CANDIDATE to FOLLOWER at term 2 for DISCOVERED_A_NEW_TERM
2019-07-30 12:55:12,784 INFO  impl.RoleInfo (RoleInfo.java:shutdownLeaderElection(134)) - 7359a818-da50-4d5d-b8da-14a632a6f1c5: shutdown LeaderElection
2019-07-30 12:55:12,784 INFO  impl.RoleInfo (RoleInfo.java:updateAndGet(143)) - 7359a818-da50-4d5d-b8da-14a632a6f1c5: start FollowerState
 0.00% |█                                                                                                    |  0/1 Time: 0:00:102019-07-30 12:55:13,590 INFO  client.GrpcClientProtocolClient (GrpcClientProtocolClient.java:onNext(255)) - client-25D576CFEB39->2f193c78-57e0-489a-b986-686a99fa4b6e: receive RaftClientReply:client-25D576CFEB39->2f193c78-57e0-489a-b986-686a99fa4b6e@group-5042BEC6DEB8, cid=6, FAILED org.apache.ratis.protocol.NotLeaderException: Server 2f193c78-57e0-489a-b986-686a99fa4b6e is not the leader (null). Request must be sent to leader., logIndex=0, commits[2f193c78-57e0-489a-b986-686a99fa4b6e:c-1]
 0.00% |█                                                                                                    |  0/1 Time: 0:00:112019-07-30 12:55:14,617 INFO  client.GrpcClientProtocolClient (GrpcClientProtocolClient.java:onNext(255)) - client-25D576CFEB39->42c5969b-67dd-49ef-9c02-3c5cc3d54b45: receive RaftClientReply:client-25D576CFEB39->42c5969b-67dd-49ef-9c02-3c5cc3d54b45@group-5042BEC6DEB8, cid=6, FAILED org.apache.ratis.protocol.NotLeaderException: Server 42c5969b-67dd-49ef-9c02-3c5cc3d54b45 is not the leader (null). Request must be sent to leader., logIndex=0, commits[42c5969b-67dd-49ef-9c02-3c5cc3d54b45:c-1]
 0.00% |█                                                                                                    |  0/1 Time: 0:00:122019-07-30 12:55:15,643 INFO  client.GrpcClientProtocolClient (GrpcClientProtocolClient.java:onNext(255)) - client-25D576CFEB39->2f193c78-57e0-489a-b986-686a99fa4b6e: receive RaftClientReply:client-25D576CFEB39->2f193c78-57e0-489a-b986-686a99fa4b6e@group-5042BEC6DEB8, cid=6, FAILED org.apache.ratis.protocol.NotLeaderException: Server 2f193c78-57e0-489a-b986-686a99fa4b6e is not the leader (null). Request must be sent to leader., logIndex=0, commits[2f193c78-57e0-489a-b986-686a99fa4b6e:c-1]
 0.00% |█                                                                                                    |  0/1 Time: 0:00:132019-07-30 12:55:16,676 INFO  client.GrpcClientProtocolClient (GrpcClientProtocolClient.java:onNext(255)) - client-25D576CFEB39->7359a818-da50-4d5d-b8da-14a632a6f1c5: receive RaftClientReply:client-25D576CFEB39->7359a818-da50-4d5d-b8da-14a632a6f1c5@group-5042BEC6DEB8, cid=6, FAILED org.apache.ratis.protocol.NotLeaderException: Server 7359a818-da50-4d5d-b8da-14a632a6f1c5 is not the leader (null). Request must be sent to leader., logIndex=0, commits[7359a818-da50-4d5d-b8da-14a632a6f1c5:c-1]
 0.00% |█                                                                                                    |  0/1 Time: 0:00:142019-07-30 12:55:17,713 INFO  client.GrpcClientProtocolClient (GrpcClientProtocolClient.java:onNext(255)) - client-25D576CFEB39->42c5969b-67dd-49ef-9c02-3c5cc3d54b45: receive RaftClientReply:client-25D576CFEB39->42c5969b-67dd-49ef-9c02-3c5cc3d54b45@group-5042BEC6DEB8, cid=6, FAILED org.apache.ratis.protocol.NotLeaderException: Server 42c5969b-67dd-49ef-9c02-3c5cc3d54b45 is not the leader (null). Request must be sent to leader., logIndex=0, commits[42c5969b-67dd-49ef-9c02-3c5cc3d54b45:c-1]
2019-07-30 12:55:17,788 INFO  impl.FollowerState (FollowerState.java:run(106)) - 7359a818-da50-4d5d-b8da-14a632a6f1c5:group-5042BEC6DEB8 changes to CANDIDATE, lastRpcTime:5003, electionTimeout:5003ms
2019-07-30 12:55:17,788 INFO  impl.RoleInfo (RoleInfo.java:shutdownFollowerState(121)) - 7359a818-da50-4d5d-b8da-14a632a6f1c5: shutdown FollowerState
2019-07-30 12:55:17,788 INFO  impl.RaftServerImpl (RaftServerImpl.java:setRole(171)) - 7359a818-da50-4d5d-b8da-14a632a6f1c5:group-5042BEC6DEB8 changes role from FOLLOWER to CANDIDATE at term 2 for changeToCandidate
2019-07-30 12:55:17,789 INFO  impl.RoleInfo (RoleInfo.java:updateAndGet(143)) - 7359a818-da50-4d5d-b8da-14a632a6f1c5: start LeaderElection
2019-07-30 12:55:17,806 INFO  impl.LeaderElection (LeaderElection.java:askForVotes(181)) - 7359a818-da50-4d5d-b8da-14a632a6f1c5:group-5042BEC6DEB8:LeaderElection10: begin an election at term 3 for -1: [2f193c78-57e0-489a-b986-686a99fa4b6e:192.168.69.104:39108, 42c5969b-67dd-49ef-9c02-3c5cc3d54b45:192.168.69.104:33435, 7359a818-da50-4d5d-b8da-14a632a6f1c5:192.168.69.104:38170], old=null
2019-07-30 12:55:17,814 INFO  impl.RaftServerImpl (RaftServerImpl.java:setRole(171)) - 42c5969b-67dd-49ef-9c02-3c5cc3d54b45:group-5042BEC6DEB8 changes role from FOLLOWER to FOLLOWER at term 3 for recognizeCandidate:7359a818-da50-4d5d-b8da-14a632a6f1c5
2019-07-30 12:55:17,814 INFO  impl.RaftServerImpl (RaftServerImpl.java:setRole(171)) - 2f193c78-57e0-489a-b986-686a99fa4b6e:group-5042BEC6DEB8 changes role from FOLLOWER to FOLLOWER at term 3 for recognizeCandidate:7359a818-da50-4d5d-b8da-14a632a6f1c5
2019-07-30 12:55:17,814 INFO  impl.RoleInfo (RoleInfo.java:shutdownFollowerState(121)) - 42c5969b-67dd-49ef-9c02-3c5cc3d54b45: shutdown FollowerState
2019-07-30 12:55:17,814 INFO  impl.RoleInfo (RoleInfo.java:shutdownFollowerState(121)) - 2f193c78-57e0-489a-b986-686a99fa4b6e: shutdown FollowerState
2019-07-30 12:55:17,814 INFO  impl.RoleInfo (RoleInfo.java:updateAndGet(143)) - 42c5969b-67dd-49ef-9c02-3c5cc3d54b45: start FollowerState
2019-07-30 12:55:17,815 INFO  impl.RoleInfo (RoleInfo.java:updateAndGet(143)) - 2f193c78-57e0-489a-b986-686a99fa4b6e: start FollowerState
2019-07-30 12:55:17,815 INFO  impl.FollowerState (FollowerState.java:run(114)) - 2f193c78-57e0-489a-b986-686a99fa4b6e: FollowerState was interrupted: java.lang.InterruptedException: sleep interrupted
2019-07-30 12:55:17,815 INFO  impl.FollowerState (FollowerState.java:run(114)) - 42c5969b-67dd-49ef-9c02-3c5cc3d54b45: FollowerState was interrupted: java.lang.InterruptedException: sleep interrupted
 0.00% |█                                                                                                    |  0/1 Time: 0:00:152019-07-30 12:55:17,834 INFO  impl.LeaderElection (LeaderElection.java:logAndReturn(56)) - 7359a818-da50-4d5d-b8da-14a632a6f1c5:group-5042BEC6DEB8:LeaderElection10: Election PASSED; received 1 response(s) [7359a818-da50-4d5d-b8da-14a632a6f1c5<-2f193c78-57e0-489a-b986-686a99fa4b6e#0:OK-t3] and 0 exception(s); 7359a818-da50-4d5d-b8da-14a632a6f1c5:t3, leader=null, voted=7359a818-da50-4d5d-b8da-14a632a6f1c5, raftlog=7359a818-da50-4d5d-b8da-14a632a6f1c5-SegmentedRaftLog:OPENED:c-1,f-1,i0, conf=-1: [2f193c78-57e0-489a-b986-686a99fa4b6e:192.168.69.104:39108, 42c5969b-67dd-49ef-9c02-3c5cc3d54b45:192.168.69.104:33435, 7359a818-da50-4d5d-b8da-14a632a6f1c5:192.168.69.104:38170], old=null
2019-07-30 12:55:17,834 INFO  impl.RoleInfo (RoleInfo.java:shutdownLeaderElection(134)) - 7359a818-da50-4d5d-b8da-14a632a6f1c5: shutdown LeaderElection
2019-07-30 12:55:17,836 INFO  impl.RaftServerImpl (RaftServerImpl.java:setRole(171)) - 7359a818-da50-4d5d-b8da-14a632a6f1c5:group-5042BEC6DEB8 changes role from CANDIDATE to LEADER at term 3 for changeToLeader
2019-07-30 12:55:17,836 INFO  impl.RaftServerImpl (ServerState.java:setLeader(263)) - 7359a818-da50-4d5d-b8da-14a632a6f1c5:group-5042BEC6DEB8 change Leader from null to 7359a818-da50-4d5d-b8da-14a632a6f1c5 at term 3 for becomeLeader, leader elected after 15406ms
2019-07-30 12:55:17,837 INFO  server.RaftServerConfigKeys (ConfUtils.java:logGet(43)) - raft.server.staging.catchup.gap = 1000 (default)
2019-07-30 12:55:17,837 INFO  server.RaftServerConfigKeys (ConfUtils.java:logGet(43)) - raft.server.rpc.sleep.time = 25ms (default)
2019-07-30 12:55:17,837 INFO  server.RaftServerConfigKeys (ConfUtils.java:logGet(43)) - raft.server.write.element-limit = 4096 (default)
2019-07-30 12:55:17,838 INFO  server.RaftServerConfigKeys (ConfUtils.java:logGet(43)) - raft.server.watch.timeout = 10s (default)
2019-07-30 12:55:17,838 INFO  server.RaftServerConfigKeys (ConfUtils.java:logGet(43)) - raft.server.watch.timeout.denomination = 1s (default)
2019-07-30 12:55:17,838 INFO  server.RaftServerConfigKeys (ConfUtils.java:logGet(43)) - raft.server.watch.element-limit = 65536 (default)
2019-07-30 12:55:17,842 INFO  server.RaftServerConfigKeys (ConfUtils.java:logGet(43)) - raft.server.log.appender.snapshot.chunk.size.max = 16MB (=16777216) (default)
2019-07-30 12:55:17,842 INFO  server.RaftServerConfigKeys (ConfUtils.java:logGet(43)) - raft.server.log.appender.buffer.byte-limit = 33554432 (custom)
2019-07-30 12:55:17,843 INFO  server.RaftServerConfigKeys (ConfUtils.java:logGet(43)) - raft.server.log.appender.buffer.element-limit = 1 (custom)
2019-07-30 12:55:17,847 INFO  grpc.GrpcConfigKeys$Server (ConfUtils.java:logGet(43)) - raft.grpc.server.leader.outstanding.appends.max = 128 (default)
2019-07-30 12:55:17,849 INFO  server.RaftServerConfigKeys (ConfUtils.java:logGet(43)) - raft.server.rpc.request.timeout = 3000ms (default)
2019-07-30 12:55:17,849 INFO  server.RaftServerConfigKeys (ConfUtils.java:logGet(43)) - raft.server.log.appender.install.snapshot.enabled = false (custom)
2019-07-30 12:55:17,849 INFO  server.RaftServerConfigKeys (ConfUtils.java:logGet(43)) - raft.server.log.appender.snapshot.chunk.size.max = 16MB (=16777216) (default)
2019-07-30 12:55:17,850 INFO  server.RaftServerConfigKeys (ConfUtils.java:logGet(43)) - raft.server.log.appender.buffer.byte-limit = 33554432 (custom)
2019-07-30 12:55:17,850 INFO  server.RaftServerConfigKeys (ConfUtils.java:logGet(43)) - raft.server.log.appender.buffer.element-limit = 1 (custom)
2019-07-30 12:55:17,850 INFO  grpc.GrpcConfigKeys$Server (ConfUtils.java:logGet(43)) - raft.grpc.server.leader.outstanding.appends.max = 128 (default)
2019-07-30 12:55:17,850 INFO  server.RaftServerConfigKeys (ConfUtils.java:logGet(43)) - raft.server.rpc.request.timeout = 3000ms (default)
2019-07-30 12:55:17,850 INFO  server.RaftServerConfigKeys (ConfUtils.java:logGet(43)) - raft.server.log.appender.install.snapshot.enabled = false (custom)
2019-07-30 12:55:17,852 INFO  impl.RoleInfo (RoleInfo.java:updateAndGet(143)) - 7359a818-da50-4d5d-b8da-14a632a6f1c5: start LeaderState
2019-07-30 12:55:17,853 INFO  segmented.SegmentedRaftLogWorker (SegmentedRaftLogWorker.java:startLogSegment(380)) - 7359a818-da50-4d5d-b8da-14a632a6f1c5-SegmentedRaftLogWorker:Storage Directory /workdir/hadoop-ozone/tools/target/test-dir/MiniOzoneClusterImpl-5218d3a7-1fb3-4b6e-977a-7cfba611958d/datanode-1/data/ratis/75ba7d70-0e25-4918-8ba6-5042bec6deb8: Starting segment from index:0
2019-07-30 12:55:17,854 INFO  impl.RaftServerImpl (ServerState.java:setRaftConf(361)) - 7359a818-da50-4d5d-b8da-14a632a6f1c5:group-5042BEC6DEB8 set configuration 0: [2f193c78-57e0-489a-b986-686a99fa4b6e:192.168.69.104:39108, 42c5969b-67dd-49ef-9c02-3c5cc3d54b45:192.168.69.104:33435, 7359a818-da50-4d5d-b8da-14a632a6f1c5:192.168.69.104:38170], old=null at 0
2019-07-30 12:55:17,886 INFO  segmented.SegmentedRaftLogWorker (SegmentedRaftLogWorker.java:execute(569)) - 7359a818-da50-4d5d-b8da-14a632a6f1c5-SegmentedRaftLogWorker:Storage Directory /workdir/hadoop-ozone/tools/target/test-dir/MiniOzoneClusterImpl-5218d3a7-1fb3-4b6e-977a-7cfba611958d/datanode-1/data/ratis/75ba7d70-0e25-4918-8ba6-5042bec6deb8: created new log segment /workdir/hadoop-ozone/tools/target/test-dir/MiniOzoneClusterImpl-5218d3a7-1fb3-4b6e-977a-7cfba611958d/datanode-1/data/ratis/75ba7d70-0e25-4918-8ba6-5042bec6deb8/current/log_inprogress_0
2019-07-30 12:55:17,898 INFO  impl.RaftServerImpl (ServerState.java:setLeader(263)) - 42c5969b-67dd-49ef-9c02-3c5cc3d54b45:group-5042BEC6DEB8 change Leader from null to 7359a818-da50-4d5d-b8da-14a632a6f1c5 at term 3 for appendEntries, leader elected after 15467ms
2019-07-30 12:55:17,898 INFO  impl.RaftServerImpl (ServerState.java:setLeader(263)) - 2f193c78-57e0-489a-b986-686a99fa4b6e:group-5042BEC6DEB8 change Leader from null to 7359a818-da50-4d5d-b8da-14a632a6f1c5 at term 3 for appendEntries, leader elected after 15467ms
2019-07-30 12:55:17,929 INFO  impl.RaftServerImpl (ServerState.java:setRaftConf(361)) - 2f193c78-57e0-489a-b986-686a99fa4b6e:group-5042BEC6DEB8 set configuration 0: [2f193c78-57e0-489a-b986-686a99fa4b6e:192.168.69.104:39108, 42c5969b-67dd-49ef-9c02-3c5cc3d54b45:192.168.69.104:33435, 7359a818-da50-4d5d-b8da-14a632a6f1c5:192.168.69.104:38170], old=null at 0
2019-07-30 12:55:17,929 INFO  impl.RaftServerImpl (ServerState.java:setRaftConf(361)) - 42c5969b-67dd-49ef-9c02-3c5cc3d54b45:group-5042BEC6DEB8 set configuration 0: [2f193c78-57e0-489a-b986-686a99fa4b6e:192.168.69.104:39108, 42c5969b-67dd-49ef-9c02-3c5cc3d54b45:192.168.69.104:33435, 7359a818-da50-4d5d-b8da-14a632a6f1c5:192.168.69.104:38170], old=null at 0
2019-07-30 12:55:17,929 INFO  segmented.SegmentedRaftLogWorker (SegmentedRaftLogWorker.java:startLogSegment(380)) - 2f193c78-57e0-489a-b986-686a99fa4b6e-SegmentedRaftLogWorker:Storage Directory /workdir/hadoop-ozone/tools/target/test-dir/MiniOzoneClusterImpl-5218d3a7-1fb3-4b6e-977a-7cfba611958d/datanode-2/data/ratis/75ba7d70-0e25-4918-8ba6-5042bec6deb8: Starting segment from index:0
2019-07-30 12:55:17,929 INFO  segmented.SegmentedRaftLogWorker (SegmentedRaftLogWorker.java:startLogSegment(380)) - 42c5969b-67dd-49ef-9c02-3c5cc3d54b45-SegmentedRaftLogWorker:Storage Directory /workdir/hadoop-ozone/tools/target/test-dir/MiniOzoneClusterImpl-5218d3a7-1fb3-4b6e-977a-7cfba611958d/datanode-0/data/ratis/75ba7d70-0e25-4918-8ba6-5042bec6deb8: Starting segment from index:0
2019-07-30 12:55:17,958 INFO  segmented.SegmentedRaftLogWorker (SegmentedRaftLogWorker.java:execute(569)) - 2f193c78-57e0-489a-b986-686a99fa4b6e-SegmentedRaftLogWorker:Storage Directory /workdir/hadoop-ozone/tools/target/test-dir/MiniOzoneClusterImpl-5218d3a7-1fb3-4b6e-977a-7cfba611958d/datanode-2/data/ratis/75ba7d70-0e25-4918-8ba6-5042bec6deb8: created new log segment /workdir/hadoop-ozone/tools/target/test-dir/MiniOzoneClusterImpl-5218d3a7-1fb3-4b6e-977a-7cfba611958d/datanode-2/data/ratis/75ba7d70-0e25-4918-8ba6-5042bec6deb8/current/log_inprogress_0
2019-07-30 12:55:17,958 INFO  segmented.SegmentedRaftLogWorker (SegmentedRaftLogWorker.java:execute(569)) - 42c5969b-67dd-49ef-9c02-3c5cc3d54b45-SegmentedRaftLogWorker:Storage Directory /workdir/hadoop-ozone/tools/target/test-dir/MiniOzoneClusterImpl-5218d3a7-1fb3-4b6e-977a-7cfba611958d/datanode-0/data/ratis/75ba7d70-0e25-4918-8ba6-5042bec6deb8: created new log segment /workdir/hadoop-ozone/tools/target/test-dir/MiniOzoneClusterImpl-5218d3a7-1fb3-4b6e-977a-7cfba611958d/datanode-0/data/ratis/75ba7d70-0e25-4918-8ba6-5042bec6deb8/current/log_inprogress_0
 0.00% |█                                                                                                    |  0/1 Time: 0:00:162019-07-30 12:55:18,988 INFO  client.GrpcClientProtocolClient (GrpcClientProtocolClient.java:onNext(255)) - client-25D576CFEB39->7359a818-da50-4d5d-b8da-14a632a6f1c5: receive RaftClientReply:client-25D576CFEB39->7359a818-da50-4d5d-b8da-14a632a6f1c5@group-5042BEC6DEB8, cid=6, SUCCESS, logIndex=1, commits[7359a818-da50-4d5d-b8da-14a632a6f1c5:c1, 2f193c78-57e0-489a-b986-686a99fa4b6e:c0, 42c5969b-67dd-49ef-9c02-3c5cc3d54b45:c0]
2019-07-30 12:55:19,103 INFO  client.GrpcClientProtocolClient (GrpcClientProtocolClient.java:onNext(255)) - client-25D576CFEB39->7359a818-da50-4d5d-b8da-14a632a6f1c5: receive RaftClientReply:client-25D576CFEB39->7359a818-da50-4d5d-b8da-14a632a6f1c5@group-5042BEC6DEB8, cid=7, SUCCESS, logIndex=3, commits[7359a818-da50-4d5d-b8da-14a632a6f1c5:c7, 2f193c78-57e0-489a-b986-686a99fa4b6e:c4, 42c5969b-67dd-49ef-9c02-3c5cc3d54b45:c6]
2019-07-30 12:55:19,116 INFO  client.GrpcClientProtocolClient (GrpcClientProtocolClient.java:onNext(255)) - client-25D576CFEB39->7359a818-da50-4d5d-b8da-14a632a6f1c5: receive RaftClientReply:client-25D576CFEB39->7359a818-da50-4d5d-b8da-14a632a6f1c5@group-5042BEC6DEB8, cid=8, SUCCESS, logIndex=4, commits[7359a818-da50-4d5d-b8da-14a632a6f1c5:c7, 2f193c78-57e0-489a-b986-686a99fa4b6e:c4, 42c5969b-67dd-49ef-9c02-3c5cc3d54b45:c6]
2019-07-30 12:55:19,268 INFO  client.GrpcClientProtocolClient (GrpcClientProtocolClient.java:onNext(255)) - client-25D576CFEB39->7359a818-da50-4d5d-b8da-14a632a6f1c5: receive RaftClientReply:client-25D576CFEB39->7359a818-da50-4d5d-b8da-14a632a6f1c5@group-5042BEC6DEB8, cid=9, SUCCESS, logIndex=5, commits[7359a818-da50-4d5d-b8da-14a632a6f1c5:c7, 2f193c78-57e0-489a-b986-686a99fa4b6e:c4, 42c5969b-67dd-49ef-9c02-3c5cc3d54b45:c6]
2019-07-30 12:55:19,315 INFO  client.GrpcClientProtocolClient (GrpcClientProtocolClient.java:onNext(255)) - client-25D576CFEB39->7359a818-da50-4d5d-b8da-14a632a6f1c5: receive RaftClientReply:client-25D576CFEB39->7359a818-da50-4d5d-b8da-14a632a6f1c5@group-5042BEC6DEB8, cid=10, SUCCESS, logIndex=8, commits[7359a818-da50-4d5d-b8da-14a632a6f1c5:c9, 2f193c78-57e0-489a-b986-686a99fa4b6e:c7, 42c5969b-67dd-49ef-9c02-3c5cc3d54b45:c7]
2019-07-30 12:55:19,317 INFO  client.GrpcClientProtocolClient (GrpcClientProtocolClient.java:onNext(255)) - client-25D576CFEB39->7359a818-da50-4d5d-b8da-14a632a6f1c5: receive RaftClientReply:client-25D576CFEB39->7359a818-da50-4d5d-b8da-14a632a6f1c5@group-5042BEC6DEB8, cid=11, SUCCESS, logIndex=9, commits[7359a818-da50-4d5d-b8da-14a632a6f1c5:c9, 2f193c78-57e0-489a-b986-686a99fa4b6e:c7, 42c5969b-67dd-49ef-9c02-3c5cc3d54b45:c7]
2019-07-30 12:55:19,355 INFO  client.GrpcClientProtocolClient (GrpcClientProtocolClient.java:onNext(255)) - client-25D576CFEB39->7359a818-da50-4d5d-b8da-14a632a6f1c5: receive RaftClientReply:client-25D576CFEB39->7359a818-da50-4d5d-b8da-14a632a6f1c5@group-5042BEC6DEB8, cid=12, SUCCESS, logIndex=12, commits[7359a818-da50-4d5d-b8da-14a632a6f1c5:c13, 2f193c78-57e0-489a-b986-686a99fa4b6e:c11, 42c5969b-67dd-49ef-9c02-3c5cc3d54b45:c11]
2019-07-30 12:55:19,356 INFO  client.GrpcClientProtocolClient (GrpcClientProtocolClient.java:onNext(255)) - client-25D576CFEB39->7359a818-da50-4d5d-b8da-14a632a6f1c5: receive RaftClientReply:client-25D576CFEB39->7359a818-da50-4d5d-b8da-14a632a6f1c5@group-5042BEC6DEB8, cid=13, SUCCESS, logIndex=13, commits[7359a818-da50-4d5d-b8da-14a632a6f1c5:c13, 2f193c78-57e0-489a-b986-686a99fa4b6e:c11, 42c5969b-67dd-49ef-9c02-3c5cc3d54b45:c11]
2019-07-30 12:55:19,379 INFO  client.GrpcClientProtocolClient (GrpcClientProtocolClient.java:onNext(255)) - client-25D576CFEB39->7359a818-da50-4d5d-b8da-14a632a6f1c5: receive RaftClientReply:client-25D576CFEB39->7359a818-da50-4d5d-b8da-14a632a6f1c5@group-5042BEC6DEB8, cid=14, SUCCESS, logIndex=0, commits[7359a818-da50-4d5d-b8da-14a632a6f1c5:c15, 2f193c78-57e0-489a-b986-686a99fa4b6e:c13, 42c5969b-67dd-49ef-9c02-3c5cc3d54b45:c13]
2019-07-30 12:55:19,407 INFO  client.GrpcClientProtocolClient (GrpcClientProtocolClient.java:onNext(255)) - client-25AD3E513C6D->42c5969b-67dd-49ef-9c02-3c5cc3d54b45: receive RaftClientReply:client-25AD3E513C6D->42c5969b-67dd-49ef-9c02-3c5cc3d54b45@group-5042BEC6DEB8, cid=15, FAILED org.apache.ratis.protocol.NotLeaderException: Server 42c5969b-67dd-49ef-9c02-3c5cc3d54b45 is not the leader (7359a818-da50-4d5d-b8da-14a632a6f1c5:192.168.69.104:38170). Request must be sent to leader., logIndex=0, commits[42c5969b-67dd-49ef-9c02-3c5cc3d54b45:c13, 2f193c78-57e0-489a-b986-686a99fa4b6e:c11, 7359a818-da50-4d5d-b8da-14a632a6f1c5:c13]
2019-07-30 12:55:19,577 INFO  client.GrpcClientProtocolClient (GrpcClientProtocolClient.java:onNext(255)) - client-25AD3E513C6D->7359a818-da50-4d5d-b8da-14a632a6f1c5: receive RaftClientReply:client-25AD3E513C6D->7359a818-da50-4d5d-b8da-14a632a6f1c5@group-5042BEC6DEB8, cid=15, SUCCESS, logIndex=16, commits[7359a818-da50-4d5d-b8da-14a632a6f1c5:c16, 2f193c78-57e0-489a-b986-686a99fa4b6e:c15, 42c5969b-67dd-49ef-9c02-3c5cc3d54b45:c15]
2019-07-30 12:55:19,668 INFO  client.GrpcClientProtocolClient (GrpcClientProtocolClient.java:onNext(255)) - client-25AD3E513C6D->7359a818-da50-4d5d-b8da-14a632a6f1c5: receive RaftClientReply:client-25AD3E513C6D->7359a818-da50-4d5d-b8da-14a632a6f1c5@group-5042BEC6DEB8, cid=16, SUCCESS, logIndex=18, commits[7359a818-da50-4d5d-b8da-14a632a6f1c5:c23, 2f193c78-57e0-489a-b986-686a99fa4b6e:c21, 42c5969b-67dd-49ef-9c02-3c5cc3d54b45:c21]
2019-07-30 12:55:19,670 INFO  client.GrpcClientProtocolClient (GrpcClientProtocolClient.java:onNext(255)) - client-25AD3E513C6D->7359a818-da50-4d5d-b8da-14a632a6f1c5: receive RaftClientReply:client-25AD3E513C6D->7359a818-da50-4d5d-b8da-14a632a6f1c5@group-5042BEC6DEB8, cid=17, SUCCESS, logIndex=19, commits[7359a818-da50-4d5d-b8da-14a632a6f1c5:c23, 2f193c78-57e0-489a-b986-686a99fa4b6e:c21, 42c5969b-67dd-49ef-9c02-3c5cc3d54b45:c21]
2019-07-30 12:55:19,736 INFO  client.GrpcClientProtocolClient (GrpcClientProtocolClient.java:onNext(255)) - client-25AD3E513C6D->7359a818-da50-4d5d-b8da-14a632a6f1c5: receive RaftClientReply:client-25AD3E513C6D->7359a818-da50-4d5d-b8da-14a632a6f1c5@group-5042BEC6DEB8, cid=18, SUCCESS, logIndex=20, commits[7359a818-da50-4d5d-b8da-14a632a6f1c5:c23, 2f193c78-57e0-489a-b986-686a99fa4b6e:c21, 42c5969b-67dd-49ef-9c02-3c5cc3d54b45:c21]
2019-07-30 12:55:19,770 INFO  client.GrpcClientProtocolClient (GrpcClientProtocolClient.java:onNext(255)) - client-25AD3E513C6D->7359a818-da50-4d5d-b8da-14a632a6f1c5: receive RaftClientReply:client-25AD3E513C6D->7359a818-da50-4d5d-b8da-14a632a6f1c5@group-5042BEC6DEB8, cid=19, SUCCESS, logIndex=24, commits[7359a818-da50-4d5d-b8da-14a632a6f1c5:c25, 2f193c78-57e0-489a-b986-686a99fa4b6e:c23, 42c5969b-67dd-49ef-9c02-3c5cc3d54b45:c23]
2019-07-30 12:55:19,771 INFO  client.GrpcClientProtocolClient (GrpcClientProtocolClient.java:onNext(255)) - client-25AD3E513C6D->7359a818-da50-4d5d-b8da-14a632a6f1c5: receive RaftClientReply:client-25AD3E513C6D->7359a818-da50-4d5d-b8da-14a632a6f1c5@group-5042BEC6DEB8, cid=20, SUCCESS, logIndex=25, commits[7359a818-da50-4d5d-b8da-14a632a6f1c5:c25, 2f193c78-57e0-489a-b986-686a99fa4b6e:c23, 42c5969b-67dd-49ef-9c02-3c5cc3d54b45:c23]
2019-07-30 12:55:19,785 INFO  client.GrpcClientProtocolClient (GrpcClientProtocolClient.java:onNext(255)) - client-25AD3E513C6D->7359a818-da50-4d5d-b8da-14a632a6f1c5: receive RaftClientReply:client-25AD3E513C6D->7359a818-da50-4d5d-b8da-14a632a6f1c5@group-5042BEC6DEB8, cid=21, SUCCESS, logIndex=26, commits[7359a818-da50-4d5d-b8da-14a632a6f1c5:c27, 2f193c78-57e0-489a-b986-686a99fa4b6e:c23, 42c5969b-67dd-49ef-9c02-3c5cc3d54b45:c23]
2019-07-30 12:55:19,786 INFO  client.GrpcClientProtocolClient (GrpcClientProtocolClient.java:onNext(255)) - client-25AD3E513C6D->7359a818-da50-4d5d-b8da-14a632a6f1c5: receive RaftClientReply:client-25AD3E513C6D->7359a818-da50-4d5d-b8da-14a632a6f1c5@group-5042BEC6DEB8, cid=22, SUCCESS, logIndex=27, commits[7359a818-da50-4d5d-b8da-14a632a6f1c5:c29, 2f193c78-57e0-489a-b986-686a99fa4b6e:c25, 42c5969b-67dd-49ef-9c02-3c5cc3d54b45:c23]
2019-07-30 12:55:19,792 INFO  client.GrpcClientProtocolClient (GrpcClientProtocolClient.java:onNext(255)) - client-25AD3E513C6D->7359a818-da50-4d5d-b8da-14a632a6f1c5: receive RaftClientReply:client-25AD3E513C6D->7359a818-da50-4d5d-b8da-14a632a6f1c5@group-5042BEC6DEB8, cid=23, SUCCESS, logIndex=0, commits[7359a818-da50-4d5d-b8da-14a632a6f1c5:c29, 2f193c78-57e0-489a-b986-686a99fa4b6e:c25, 42c5969b-67dd-49ef-9c02-3c5cc3d54b45:c25]
2019-07-30 12:55:19,803 INFO  client.GrpcClientProtocolClient (GrpcClientProtocolClient.java:onNext(255)) - client-25AD3E513C6D->7359a818-da50-4d5d-b8da-14a632a6f1c5: receive RaftClientReply:client-25AD3E513C6D->7359a818-da50-4d5d-b8da-14a632a6f1c5@group-5042BEC6DEB8, cid=24, SUCCESS, logIndex=0, commits[7359a818-da50-4d5d-b8da-14a632a6f1c5:c31, 2f193c78-57e0-489a-b986-686a99fa4b6e:c27, 42c5969b-67dd-49ef-9c02-3c5cc3d54b45:c27]
2019-07-30 12:55:19,813 INFO  keyvalue.KeyValueHandler (ContainerUtils.java:logAndReturnError(146)) - Operation: CreateContainer : Trace ID: 57f0ef9e729fa890:8e5541eecfcfe7da:9c9dd432104efda8:0 : Message: Container creation failed, due to disk out of space : Result: DISK_OUT_OF_SPACE
2019-07-30 12:55:19,818 INFO  keyvalue.KeyValueHandler (ContainerUtils.java:logAndReturnError(146)) - Operation: CreateContainer : Trace ID: 57f0ef9e729fa890:fffd5ae929559eae:9c9dd432104efda8:0 : Message: Container creation failed, due to disk out of space : Result: DISK_OUT_OF_SPACE
 0.00% |█                                                                                                    |  0/1 Time: 0:00:172019-07-30 12:55:19,829 INFO  keyvalue.KeyValueHandler (ContainerUtils.java:logAndReturnError(146)) - Operation: CreateContainer : Trace ID: 57f0ef9e729fa890:8e5541eecfcfe7da:9c9dd432104efda8:0 : Message: Container creation failed, due to disk out of space : Result: DISK_OUT_OF_SPACE
2019-07-30 12:55:19,831 INFO  keyvalue.KeyValueHandler (ContainerUtils.java:logAndReturnError(146)) - Operation: CreateContainer : Trace ID: 57f0ef9e729fa890:8e5541eecfcfe7da:9c9dd432104efda8:0 : Message: Container creation failed, due to disk out of space : Result: DISK_OUT_OF_SPACE
2019-07-30 12:55:19,833 INFO  keyvalue.KeyValueHandler (ContainerUtils.java:logAndReturnError(146)) - Operation: CreateContainer : Trace ID: 57f0ef9e729fa890:fffd5ae929559eae:9c9dd432104efda8:0 : Message: Container creation failed, due to disk out of space : Result: DISK_OUT_OF_SPACE
2019-07-30 12:55:19,834 INFO  keyvalue.KeyValueHandler (ContainerUtils.java:logAndReturnError(146)) - Operation: CreateContainer : Trace ID: 57f0ef9e729fa890:fffd5ae929559eae:9c9dd432104efda8:0 : Message: Container creation failed, due to disk out of space : Result: DISK_OUT_OF_SPACE
12:55:19.827 [pool-37-thread-27] ERROR DNAudit - user=null | ip=null | op=WRITE_CHUNK {blockData=conID: 3 locID: 102530502032949251 bcsId: 0} | ret=FAILURE
org.apache.hadoop.hdds.scm.container.common.helpers.StorageContainerException: ContainerID 3 creation failed
	at org.apache.hadoop.ozone.container.common.impl.HddsDispatcher.dispatchRequest(HddsDispatcher.java:227) ~[classes/:?]
	at org.apache.hadoop.ozone.container.common.impl.HddsDispatcher.dispatch(HddsDispatcher.java:148) ~[classes/:?]
	at org.apache.hadoop.ozone.container.common.transport.server.ratis.ContainerStateMachine.dispatchCommand(ContainerStateMachine.java:374) ~[classes/:?]
	at org.apache.hadoop.ozone.container.common.transport.server.ratis.ContainerStateMachine.runCommand(ContainerStateMachine.java:381) ~[classes/:?]
	at org.apache.hadoop.ozone.container.common.transport.server.ratis.ContainerStateMachine.lambda$handleWriteChunk$1(ContainerStateMachine.java:412) ~[classes/:?]
	at java.util.concurrent.CompletableFuture$AsyncSupply.run(CompletableFuture.java:1590) [?:1.8.0_212]
	at java.util.concurrent.ThreadPoolExecutor.runWorker(ThreadPoolExecutor.java:1149) [?:1.8.0_212]
	at java.util.concurrent.ThreadPoolExecutor$Worker.run(ThreadPoolExecutor.java:624) [?:1.8.0_212]
	at java.lang.Thread.run(Thread.java:748) [?:1.8.0_212]
12:55:19.834 [pool-26-thread-10] ERROR DNAudit - user=null | ip=null | op=WRITE_CHUNK {blockData=conID: 3 locID: 102530502032949251 bcsId: 0} | ret=FAILURE
org.apache.hadoop.hdds.scm.container.common.helpers.StorageContainerException: ContainerID 3 creation failed
	at org.apache.hadoop.ozone.container.common.impl.HddsDispatcher.dispatchRequest(HddsDispatcher.java:227) ~[classes/:?]
	at org.apache.hadoop.ozone.container.common.impl.HddsDispatcher.dispatch(HddsDispatcher.java:148) ~[classes/:?]
	at org.apache.hadoop.ozone.container.common.transport.server.ratis.ContainerStateMachine.dispatchCommand(ContainerStateMachine.java:374) ~[classes/:?]
	at org.apache.hadoop.ozone.container.common.transport.server.ratis.ContainerStateMachine.runCommand(ContainerStateMachine.java:381) ~[classes/:?]
	at org.apache.hadoop.ozone.container.common.transport.server.ratis.ContainerStateMachine.lambda$handleWriteChunk$1(ContainerStateMachine.java:412) ~[classes/:?]
	at java.util.concurrent.CompletableFuture$AsyncSupply.run(CompletableFuture.java:1590) [?:1.8.0_212]
	at java.util.concurrent.ThreadPoolExecutor.runWorker(ThreadPoolExecutor.java:1149) [?:1.8.0_212]
	at java.util.concurrent.ThreadPoolExecutor$Worker.run(ThreadPoolExecutor.java:624) [?:1.8.0_212]
	at java.lang.Thread.run(Thread.java:748) [?:1.8.0_212]
12:55:19.827 [pool-37-thread-25] ERROR DNAudit - user=null | ip=null | op=WRITE_CHUNK {blockData=conID: 3 locID: 102530502032949251 bcsId: 0} | ret=FAILURE
org.apache.hadoop.hdds.scm.container.common.helpers.StorageContainerException: ContainerID 3 creation failed
	at org.apache.hadoop.ozone.container.common.impl.HddsDispatcher.dispatchRequest(HddsDispatcher.java:227) ~[classes/:?]
	at org.apache.hadoop.ozone.container.common.impl.HddsDispatcher.dispatch(HddsDispatcher.java:148) ~[classes/:?]
	at org.apache.hadoop.ozone.container.common.transport.server.ratis.ContainerStateMachine.dispatchCommand(ContainerStateMachine.java:374) ~[classes/:?]
	at org.apache.hadoop.ozone.container.common.transport.server.ratis.ContainerStateMachine.runCommand(ContainerStateMachine.java:381) ~[classes/:?]
	at org.apache.hadoop.ozone.container.common.transport.server.ratis.ContainerStateMachine.lambda$handleWriteChunk$1(ContainerStateMachine.java:412) ~[classes/:?]
	at java.util.concurrent.CompletableFuture$AsyncSupply.run(CompletableFuture.java:1590) [?:1.8.0_212]
	at java.util.concurrent.ThreadPoolExecutor.runWorker(ThreadPoolExecutor.java:1149) [?:1.8.0_212]
	at java.util.concurrent.ThreadPoolExecutor$Worker.run(ThreadPoolExecutor.java:624) [?:1.8.0_212]
	at java.lang.Thread.run(Thread.java:748) [?:1.8.0_212]
12:55:19.831 [pool-48-thread-9] ERROR DNAudit - user=null | ip=null | op=WRITE_CHUNK {blockData=conID: 3 locID: 102530502032949251 bcsId: 0} | ret=FAILURE
org.apache.hadoop.hdds.scm.container.common.helpers.StorageContainerException: ContainerID 3 creation failed
	at org.apache.hadoop.ozone.container.common.impl.HddsDispatcher.dispatchRequest(HddsDispatcher.java:227) ~[classes/:?]
	at org.apache.hadoop.ozone.container.common.impl.HddsDispatcher.dispatch(HddsDispatcher.java:148) ~[classes/:?]
	at org.apache.hadoop.ozone.container.common.transport.server.ratis.ContainerStateMachine.dispatchCommand(ContainerStateMachine.java:374) ~[classes/:?]
	at org.apache.hadoop.ozone.container.common.transport.server.ratis.ContainerStateMachine.runCommand(ContainerStateMachine.java:381) ~[classes/:?]
	at org.apache.hadoop.ozone.container.common.transport.server.ratis.ContainerStateMachine.lambda$handleWriteChunk$1(ContainerStateMachine.java:412) ~[classes/:?]
	at java.util.concurrent.CompletableFuture$AsyncSupply.run(CompletableFuture.java:1590) [?:1.8.0_212]
	at java.util.concurrent.ThreadPoolExecutor.runWorker(ThreadPoolExecutor.java:1149) [?:1.8.0_212]
	at java.util.concurrent.ThreadPoolExecutor$Worker.run(ThreadPoolExecutor.java:624) [?:1.8.0_212]
	at java.lang.Thread.run(Thread.java:748) [?:1.8.0_212]
12:55:19.834 [pool-48-thread-10] ERROR DNAudit - user=null | ip=null | op=WRITE_CHUNK {blockData=conID: 3 locID: 102530502032949251 bcsId: 0} | ret=FAILURE
org.apache.hadoop.hdds.scm.container.common.helpers.StorageContainerException: ContainerID 3 creation failed
	at org.apache.hadoop.ozone.container.common.impl.HddsDispatcher.dispatchRequest(HddsDispatcher.java:227) ~[classes/:?]
	at org.apache.hadoop.ozone.container.common.impl.HddsDispatcher.dispatch(HddsDispatcher.java:148) ~[classes/:?]
	at org.apache.hadoop.ozone.container.common.transport.server.ratis.ContainerStateMachine.dispatchCommand(ContainerStateMachine.java:374) ~[classes/:?]
	at org.apache.hadoop.ozone.container.common.transport.server.ratis.ContainerStateMachine.runCommand(ContainerStateMachine.java:381) ~[classes/:?]
	at org.apache.hadoop.ozone.container.common.transport.server.ratis.ContainerStateMachine.lambda$handleWriteChunk$1(ContainerStateMachine.java:412) ~[classes/:?]
	at java.util.concurrent.CompletableFuture$AsyncSupply.run(CompletableFuture.java:1590) [?:1.8.0_212]
	at java.util.concurrent.ThreadPoolExecutor.runWorker(ThreadPoolExecutor.java:1149) [?:1.8.0_212]
	at java.util.concurrent.ThreadPoolExecutor$Worker.run(ThreadPoolExecutor.java:624) [?:1.8.0_212]
	at java.lang.Thread.run(Thread.java:748) [?:1.8.0_212]
12:55:19.831 [pool-26-thread-9] ERROR DNAudit - user=null | ip=null | op=WRITE_CHUNK {blockData=conID: 3 locID: 102530502032949251 bcsId: 0} | ret=FAILURE
org.apache.hadoop.hdds.scm.container.common.helpers.StorageContainerException: ContainerID 3 creation failed
	at org.apache.hadoop.ozone.container.common.impl.HddsDispatcher.dispatchRequest(HddsDispatcher.java:227) ~[classes/:?]
	at org.apache.hadoop.ozone.container.common.impl.HddsDispatcher.dispatch(HddsDispatcher.java:148) ~[classes/:?]
	at org.apache.hadoop.ozone.container.common.transport.server.ratis.ContainerStateMachine.dispatchCommand(ContainerStateMachine.java:374) ~[classes/:?]
	at org.apache.hadoop.ozone.container.common.transport.server.ratis.ContainerStateMachine.runCommand(ContainerStateMachine.java:381) ~[classes/:?]
	at org.apache.hadoop.ozone.container.common.transport.server.ratis.ContainerStateMachine.lambda$handleWriteChunk$1(ContainerStateMachine.java:412) ~[classes/:?]
	at java.util.concurrent.CompletableFuture$AsyncSupply.run(CompletableFuture.java:1590) [?:1.8.0_212]
	at java.util.concurrent.ThreadPoolExecutor.runWorker(ThreadPoolExecutor.java:1149) [?:1.8.0_212]
	at java.util.concurrent.ThreadPoolExecutor$Worker.run(ThreadPoolExecutor.java:624) [?:1.8.0_212]
	at java.lang.Thread.run(Thread.java:748) [?:1.8.0_212]
2019-07-30 12:55:19,843 INFO  impl.HddsDispatcher (ContainerUtils.java:logAndReturnError(146)) - Operation: WriteChunk : Trace ID: 57f0ef9e729fa890:fffd5ae929559eae:9c9dd432104efda8:0 : Message: ContainerID 3 creation failed : Result: DISK_OUT_OF_SPACE
2019-07-30 12:55:19,843 INFO  impl.HddsDispatcher (ContainerUtils.java:logAndReturnError(146)) - Operation: WriteChunk : Trace ID: 57f0ef9e729fa890:8e5541eecfcfe7da:9c9dd432104efda8:0 : Message: ContainerID 3 creation failed : Result: DISK_OUT_OF_SPACE
2019-07-30 12:55:19,845 INFO  impl.HddsDispatcher (ContainerUtils.java:logAndReturnError(146)) - Operation: WriteChunk : Trace ID: 57f0ef9e729fa890:fffd5ae929559eae:9c9dd432104efda8:0 : Message: ContainerID 3 creation failed : Result: DISK_OUT_OF_SPACE
2019-07-30 12:55:19,845 INFO  impl.HddsDispatcher (ContainerUtils.java:logAndReturnError(146)) - Operation: WriteChunk : Trace ID: 57f0ef9e729fa890:8e5541eecfcfe7da:9c9dd432104efda8:0 : Message: ContainerID 3 creation failed : Result: DISK_OUT_OF_SPACE
2019-07-30 12:55:19,845 INFO  impl.HddsDispatcher (ContainerUtils.java:logAndReturnError(146)) - Operation: WriteChunk : Trace ID: 57f0ef9e729fa890:8e5541eecfcfe7da:9c9dd432104efda8:0 : Message: ContainerID 3 creation failed : Result: DISK_OUT_OF_SPACE
2019-07-30 12:55:19,845 INFO  impl.HddsDispatcher (ContainerUtils.java:logAndReturnError(146)) - Operation: WriteChunk : Trace ID: 57f0ef9e729fa890:fffd5ae929559eae:9c9dd432104efda8:0 : Message: ContainerID 3 creation failed : Result: DISK_OUT_OF_SPACE
12:55:19.859 [RatisApplyTransactionExecutor 3] ERROR DNAudit - user=null | ip=null | op=WRITE_CHUNK {blockData=conID: 3 locID: 102530502032949251 bcsId: 0} | ret=FAILURE
org.apache.hadoop.hdds.scm.container.common.helpers.StorageContainerException: ContainerID 3 does not exist
	at org.apache.hadoop.ozone.container.common.impl.HddsDispatcher.dispatchRequest(HddsDispatcher.java:242) ~[classes/:?]
	at org.apache.hadoop.ozone.container.common.impl.HddsDispatcher.dispatch(HddsDispatcher.java:148) ~[classes/:?]
	at org.apache.hadoop.ozone.container.common.transport.server.ratis.ContainerStateMachine.dispatchCommand(ContainerStateMachine.java:374) ~[classes/:?]
	at org.apache.hadoop.ozone.container.common.transport.server.ratis.ContainerStateMachine.runCommand(ContainerStateMachine.java:381) ~[classes/:?]
	at org.apache.hadoop.ozone.container.common.transport.server.ratis.ContainerStateMachine.lambda$applyTransaction$6(ContainerStateMachine.java:647) ~[classes/:?]
	at java.util.concurrent.CompletableFuture$AsyncSupply.run(CompletableFuture.java:1590) [?:1.8.0_212]
	at java.util.concurrent.ThreadPoolExecutor.runWorker(ThreadPoolExecutor.java:1149) [?:1.8.0_212]
	at java.util.concurrent.ThreadPoolExecutor$Worker.run(ThreadPoolExecutor.java:624) [?:1.8.0_212]
	at java.lang.Thread.run(Thread.java:748) [?:1.8.0_212]
2019-07-30 12:55:19,860 INFO  impl.HddsDispatcher (ContainerUtils.java:logAndReturnError(146)) - Operation: WriteChunk : Trace ID: 57f0ef9e729fa890:8e5541eecfcfe7da:9c9dd432104efda8:0 : Message: ContainerID 3 does not exist : Result: CONTAINER_NOT_FOUND
12:55:19.861 [RatisApplyTransactionExecutor 3] ERROR DNAudit - user=null | ip=null | op=PUT_BLOCK {blockData=[blockId=conID: 3 locID: 102530502032949251 bcsId: 0,size=1048576]} | ret=FAILURE
org.apache.hadoop.hdds.scm.container.common.helpers.StorageContainerException: ContainerID 3 does not exist
	at org.apache.hadoop.ozone.container.common.impl.HddsDispatcher.dispatchRequest(HddsDispatcher.java:242) ~[classes/:?]
	at org.apache.hadoop.ozone.container.common.impl.HddsDispatcher.dispatch(HddsDispatcher.java:148) ~[classes/:?]
	at org.apache.hadoop.ozone.container.common.transport.server.ratis.ContainerStateMachine.dispatchCommand(ContainerStateMachine.java:374) ~[classes/:?]
	at org.apache.hadoop.ozone.container.common.transport.server.ratis.ContainerStateMachine.runCommand(ContainerStateMachine.java:381) ~[classes/:?]
	at org.apache.hadoop.ozone.container.common.transport.server.ratis.ContainerStateMachine.lambda$applyTransaction$6(ContainerStateMachine.java:647) ~[classes/:?]
	at java.util.concurrent.CompletableFuture$AsyncSupply.run(CompletableFuture.java:1590) [?:1.8.0_212]
	at java.util.concurrent.ThreadPoolExecutor.runWorker(ThreadPoolExecutor.java:1149) [?:1.8.0_212]
	at java.util.concurrent.ThreadPoolExecutor$Worker.run(ThreadPoolExecutor.java:624) [?:1.8.0_212]
	at java.lang.Thread.run(Thread.java:748) [?:1.8.0_212]
2019-07-30 12:55:19,861 INFO  impl.HddsDispatcher (ContainerUtils.java:logAndReturnError(146)) - Operation: PutBlock : Trace ID: 57f0ef9e729fa890:51a5c2ceb60149ff:9c9dd432104efda8:0 : Message: ContainerID 3 does not exist : Result: CONTAINER_NOT_FOUND
2019-07-30 12:55:19,862 INFO  client.GrpcClientProtocolClient (GrpcClientProtocolClient.java:onNext(255)) - client-25AD3E513C6D->7359a818-da50-4d5d-b8da-14a632a6f1c5: receive RaftClientReply:client-25AD3E513C6D->7359a818-da50-4d5d-b8da-14a632a6f1c5@group-5042BEC6DEB8, cid=25, SUCCESS, logIndex=32, commits[7359a818-da50-4d5d-b8da-14a632a6f1c5:c35, 2f193c78-57e0-489a-b986-686a99fa4b6e:c31, 42c5969b-67dd-49ef-9c02-3c5cc3d54b45:c31]
12:55:19.862 [RatisApplyTransactionExecutor 3] ERROR DNAudit - user=null | ip=null | op=WRITE_CHUNK {blockData=conID: 3 locID: 102530502032949251 bcsId: 0} | ret=FAILURE
org.apache.hadoop.hdds.scm.container.common.helpers.StorageContainerException: ContainerID 3 does not exist
	at org.apache.hadoop.ozone.container.common.impl.HddsDispatcher.dispatchRequest(HddsDispatcher.java:242) ~[classes/:?]
	at org.apache.hadoop.ozone.container.common.impl.HddsDispatcher.dispatch(HddsDispatcher.java:148) ~[classes/:?]
	at org.apache.hadoop.ozone.container.common.transport.server.ratis.ContainerStateMachine.dispatchCommand(ContainerStateMachine.java:374) ~[classes/:?]
	at org.apache.hadoop.ozone.container.common.transport.server.ratis.ContainerStateMachine.runCommand(ContainerStateMachine.java:381) ~[classes/:?]
	at org.apache.hadoop.ozone.container.common.transport.server.ratis.ContainerStateMachine.lambda$applyTransaction$6(ContainerStateMachine.java:647) ~[classes/:?]
	at java.util.concurrent.CompletableFuture$AsyncSupply.run(CompletableFuture.java:1590) [?:1.8.0_212]
	at java.util.concurrent.ThreadPoolExecutor.runWorker(ThreadPoolExecutor.java:1149) [?:1.8.0_212]
	at java.util.concurrent.ThreadPoolExecutor$Worker.run(ThreadPoolExecutor.java:624) [?:1.8.0_212]
	at java.lang.Thread.run(Thread.java:748) [?:1.8.0_212]
2019-07-30 12:55:19,862 INFO  impl.HddsDispatcher (ContainerUtils.java:logAndReturnError(146)) - Operation: WriteChunk : Trace ID: 57f0ef9e729fa890:fffd5ae929559eae:9c9dd432104efda8:0 : Message: ContainerID 3 does not exist : Result: CONTAINER_NOT_FOUND
2019-07-30 12:55:19,863 INFO  client.GrpcClientProtocolClient (GrpcClientProtocolClient.java:onNext(255)) - client-25AD3E513C6D->7359a818-da50-4d5d-b8da-14a632a6f1c5: receive RaftClientReply:client-25AD3E513C6D->7359a818-da50-4d5d-b8da-14a632a6f1c5@group-5042BEC6DEB8, cid=26, SUCCESS, logIndex=33, commits[7359a818-da50-4d5d-b8da-14a632a6f1c5:c35, 2f193c78-57e0-489a-b986-686a99fa4b6e:c31, 42c5969b-67dd-49ef-9c02-3c5cc3d54b45:c31]
12:55:19.863 [RatisApplyTransactionExecutor 3] ERROR DNAudit - user=null | ip=null | op=PUT_BLOCK {blockData=[blockId=conID: 3 locID: 102530502032949251 bcsId: 0,size=2097152]} | ret=FAILURE
org.apache.hadoop.hdds.scm.container.common.helpers.StorageContainerException: ContainerID 3 does not exist
	at org.apache.hadoop.ozone.container.common.impl.HddsDispatcher.dispatchRequest(HddsDispatcher.java:242) ~[classes/:?]
	at org.apache.hadoop.ozone.container.common.impl.HddsDispatcher.dispatch(HddsDispatcher.java:148) ~[classes/:?]
	at org.apache.hadoop.ozone.container.common.transport.server.ratis.ContainerStateMachine.dispatchCommand(ContainerStateMachine.java:374) ~[classes/:?]
	at org.apache.hadoop.ozone.container.common.transport.server.ratis.ContainerStateMachine.runCommand(ContainerStateMachine.java:381) ~[classes/:?]
	at org.apache.hadoop.ozone.container.common.transport.server.ratis.ContainerStateMachine.lambda$applyTransaction$6(ContainerStateMachine.java:647) ~[classes/:?]
	at java.util.concurrent.CompletableFuture$AsyncSupply.run(CompletableFuture.java:1590) [?:1.8.0_212]
	at java.util.concurrent.ThreadPoolExecutor.runWorker(ThreadPoolExecutor.java:1149) [?:1.8.0_212]
	at java.util.concurrent.ThreadPoolExecutor$Worker.run(ThreadPoolExecutor.java:624) [?:1.8.0_212]
	at java.lang.Thread.run(Thread.java:748) [?:1.8.0_212]
2019-07-30 12:55:19,863 INFO  impl.HddsDispatcher (ContainerUtils.java:logAndReturnError(146)) - Operation: PutBlock : Trace ID: 57f0ef9e729fa890:bc8462a4670873db:9c9dd432104efda8:0 : Message: ContainerID 3 does not exist : Result: CONTAINER_NOT_FOUND
2019-07-30 12:55:19,864 ERROR storage.BlockOutputStream (BlockOutputStream.java:validateResponse(531)) - Unexpected Storage Container Exception: 
org.apache.hadoop.hdds.scm.container.common.helpers.StorageContainerException: ContainerID 3 does not exist
	at org.apache.hadoop.hdds.scm.storage.ContainerProtocolCalls.validateContainerResponse(ContainerProtocolCalls.java:536)
	at org.apache.hadoop.hdds.scm.storage.BlockOutputStream.validateResponse(BlockOutputStream.java:529)
	at org.apache.hadoop.hdds.scm.storage.BlockOutputStream.lambda$writeChunkToContainer$2(BlockOutputStream.java:606)
	at java.util.concurrent.CompletableFuture.uniApply(CompletableFuture.java:602)
	at java.util.concurrent.CompletableFuture$UniApply.tryFire(CompletableFuture.java:577)
	at java.util.concurrent.CompletableFuture$Completion.run(CompletableFuture.java:442)
	at java.util.concurrent.ThreadPoolExecutor.runWorker(ThreadPoolExecutor.java:1149)
	at java.util.concurrent.ThreadPoolExecutor$Worker.run(ThreadPoolExecutor.java:624)
	at java.lang.Thread.run(Thread.java:748)
2019-07-30 12:55:19,864 INFO  client.GrpcClientProtocolClient (GrpcClientProtocolClient.java:onNext(255)) - client-25AD3E513C6D->7359a818-da50-4d5d-b8da-14a632a6f1c5: receive RaftClientReply:client-25AD3E513C6D->7359a818-da50-4d5d-b8da-14a632a6f1c5@group-5042BEC6DEB8, cid=27, SUCCESS, logIndex=34, commits[7359a818-da50-4d5d-b8da-14a632a6f1c5:c35, 2f193c78-57e0-489a-b986-686a99fa4b6e:c31, 42c5969b-67dd-49ef-9c02-3c5cc3d54b45:c31]
2019-07-30 12:55:19,866 INFO  client.GrpcClientProtocolClient (GrpcClientProtocolClient.java:onNext(255)) - client-25AD3E513C6D->7359a818-da50-4d5d-b8da-14a632a6f1c5: receive RaftClientReply:client-25AD3E513C6D->7359a818-da50-4d5d-b8da-14a632a6f1c5@group-5042BEC6DEB8, cid=28, SUCCESS, logIndex=35, commits[7359a818-da50-4d5d-b8da-14a632a6f1c5:c35, 2f193c78-57e0-489a-b986-686a99fa4b6e:c31, 42c5969b-67dd-49ef-9c02-3c5cc3d54b45:c31]
2019-07-30 12:55:19,870 ERROR freon.RandomKeyGenerator (RandomKeyGenerator.java:createKey(730)) - Exception while adding key: key-0-77360 in bucket: bucket-0-59789 of volume: vol-0-77498.
java.io.IOException: Unexpected Storage Container Exception: org.apache.hadoop.hdds.scm.container.common.helpers.StorageContainerException: ContainerID 3 does not exist
	at org.apache.hadoop.hdds.scm.storage.BlockOutputStream.setIoException(BlockOutputStream.java:541)
	at org.apache.hadoop.hdds.scm.storage.BlockOutputStream.validateResponse(BlockOutputStream.java:532)
	at org.apache.hadoop.hdds.scm.storage.BlockOutputStream.lambda$writeChunkToContainer$2(BlockOutputStream.java:606)
	at java.util.concurrent.CompletableFuture.uniApply(CompletableFuture.java:602)
	at java.util.concurrent.CompletableFuture$UniApply.tryFire(CompletableFuture.java:577)
	at java.util.concurrent.CompletableFuture$Completion.run(CompletableFuture.java:442)
	at java.util.concurrent.ThreadPoolExecutor.runWorker(ThreadPoolExecutor.java:1149)
	at java.util.concurrent.ThreadPoolExecutor$Worker.run(ThreadPoolExecutor.java:624)
	at java.lang.Thread.run(Thread.java:748)
Caused by: org.apache.hadoop.hdds.scm.container.common.helpers.StorageContainerException: ContainerID 3 does not exist
	at org.apache.hadoop.hdds.scm.storage.ContainerProtocolCalls.validateContainerResponse(ContainerProtocolCalls.java:536)
	at org.apache.hadoop.hdds.scm.storage.BlockOutputStream.validateResponse(BlockOutputStream.java:529)
	... 7 more
12:55:19.871 [RatisApplyTransactionExecutor 3] ERROR DNAudit - user=null | ip=null | op=WRITE_CHUNK {blockData=conID: 3 locID: 102530502032949251 bcsId: 0} | ret=FAILURE
org.apache.hadoop.hdds.scm.container.common.helpers.StorageContainerException: ContainerID 3 does not exist
	at org.apache.hadoop.ozone.container.common.impl.HddsDispatcher.dispatchRequest(HddsDispatcher.java:242) ~[classes/:?]
	at org.apache.hadoop.ozone.container.common.impl.HddsDispatcher.dispatch(HddsDispatcher.java:148) ~[classes/:?]
	at org.apache.hadoop.ozone.container.common.transport.server.ratis.ContainerStateMachine.dispatchCommand(ContainerStateMachine.java:374) ~[classes/:?]
	at org.apache.hadoop.ozone.container.common.transport.server.ratis.ContainerStateMachine.runCommand(ContainerStateMachine.java:381) ~[classes/:?]
	at org.apache.hadoop.ozone.container.common.transport.server.ratis.ContainerStateMachine.lambda$applyTransaction$6(ContainerStateMachine.java:647) ~[classes/:?]
	at java.util.concurrent.CompletableFuture$AsyncSupply.run(CompletableFuture.java:1590) [?:1.8.0_212]
	at java.util.concurrent.ThreadPoolExecutor.runWorker(ThreadPoolExecutor.java:1149) [?:1.8.0_212]
	at java.util.concurrent.ThreadPoolExecutor$Worker.run(ThreadPoolExecutor.java:624) [?:1.8.0_212]
	at java.lang.Thread.run(Thread.java:748) [?:1.8.0_212]
2019-07-30 12:55:19,872 INFO  impl.HddsDispatcher (ContainerUtils.java:logAndReturnError(146)) - Operation: WriteChunk : Trace ID: 57f0ef9e729fa890:8e5541eecfcfe7da:9c9dd432104efda8:0 : Message: ContainerID 3 does not exist : Result: CONTAINER_NOT_FOUND
12:55:19.872 [RatisApplyTransactionExecutor 3] ERROR DNAudit - user=null | ip=null | op=WRITE_CHUNK {blockData=conID: 3 locID: 102530502032949251 bcsId: 0} | ret=FAILURE
org.apache.hadoop.hdds.scm.container.common.helpers.StorageContainerException: ContainerID 3 does not exist
	at org.apache.hadoop.ozone.container.common.impl.HddsDispatcher.dispatchRequest(HddsDispatcher.java:242) ~[classes/:?]
	at org.apache.hadoop.ozone.container.common.impl.HddsDispatcher.dispatch(HddsDispatcher.java:148) ~[classes/:?]
	at org.apache.hadoop.ozone.container.common.transport.server.ratis.ContainerStateMachine.dispatchCommand(ContainerStateMachine.java:374) ~[classes/:?]
	at org.apache.hadoop.ozone.container.common.transport.server.ratis.ContainerStateMachine.runCommand(ContainerStateMachine.java:381) ~[classes/:?]
	at org.apache.hadoop.ozone.container.common.transport.server.ratis.ContainerStateMachine.lambda$applyTransaction$6(ContainerStateMachine.java:647) ~[classes/:?]
	at java.util.concurrent.CompletableFuture$AsyncSupply.run(CompletableFuture.java:1590) [?:1.8.0_212]
	at java.util.concurrent.ThreadPoolExecutor.runWorker(ThreadPoolExecutor.java:1149) [?:1.8.0_212]
	at java.util.concurrent.ThreadPoolExecutor$Worker.run(ThreadPoolExecutor.java:624) [?:1.8.0_212]
	at java.lang.Thread.run(Thread.java:748) [?:1.8.0_212]
2019-07-30 12:55:19,872 INFO  impl.HddsDispatcher (ContainerUtils.java:logAndReturnError(146)) - Operation: WriteChunk : Trace ID: 57f0ef9e729fa890:8e5541eecfcfe7da:9c9dd432104efda8:0 : Message: ContainerID 3 does not exist : Result: CONTAINER_NOT_FOUND
12:55:19.872 [RatisApplyTransactionExecutor 3] ERROR DNAudit - user=null | ip=null | op=PUT_BLOCK {blockData=[blockId=conID: 3 locID: 102530502032949251 bcsId: 0,size=1048576]} | ret=FAILURE
org.apache.hadoop.hdds.scm.container.common.helpers.StorageContainerException: ContainerID 3 does not exist
	at org.apache.hadoop.ozone.container.common.impl.HddsDispatcher.dispatchRequest(HddsDispatcher.java:242) ~[classes/:?]
	at org.apache.hadoop.ozone.container.common.impl.HddsDispatcher.dispatch(HddsDispatcher.java:148) ~[classes/:?]
	at org.apache.hadoop.ozone.container.common.transport.server.ratis.ContainerStateMachine.dispatchCommand(ContainerStateMachine.java:374) ~[classes/:?]
	at org.apache.hadoop.ozone.container.common.transport.server.ratis.ContainerStateMachine.runCommand(ContainerStateMachine.java:381) ~[classes/:?]
	at org.apache.hadoop.ozone.container.common.transport.server.ratis.ContainerStateMachine.lambda$applyTransaction$6(ContainerStateMachine.java:647) ~[classes/:?]
	at java.util.concurrent.CompletableFuture$AsyncSupply.run(CompletableFuture.java:1590) [?:1.8.0_212]
	at java.util.concurrent.ThreadPoolExecutor.runWorker(ThreadPoolExecutor.java:1149) [?:1.8.0_212]
	at java.util.concurrent.ThreadPoolExecutor$Worker.run(ThreadPoolExecutor.java:624) [?:1.8.0_212]
	at java.lang.Thread.run(Thread.java:748) [?:1.8.0_212]
2019-07-30 12:55:19,873 INFO  impl.HddsDispatcher (ContainerUtils.java:logAndReturnError(146)) - Operation: PutBlock : Trace ID: 57f0ef9e729fa890:51a5c2ceb60149ff:9c9dd432104efda8:0 : Message: ContainerID 3 does not exist : Result: CONTAINER_NOT_FOUND
12:55:19.873 [RatisApplyTransactionExecutor 3] ERROR DNAudit - user=null | ip=null | op=WRITE_CHUNK {blockData=conID: 3 locID: 102530502032949251 bcsId: 0} | ret=FAILURE
org.apache.hadoop.hdds.scm.container.common.helpers.StorageContainerException: ContainerID 3 does not exist
	at org.apache.hadoop.ozone.container.common.impl.HddsDispatcher.dispatchRequest(HddsDispatcher.java:242) ~[classes/:?]
	at org.apache.hadoop.ozone.container.common.impl.HddsDispatcher.dispatch(HddsDispatcher.java:148) ~[classes/:?]
	at org.apache.hadoop.ozone.container.common.transport.server.ratis.ContainerStateMachine.dispatchCommand(ContainerStateMachine.java:374) ~[classes/:?]
	at org.apache.hadoop.ozone.container.common.transport.server.ratis.ContainerStateMachine.runCommand(ContainerStateMachine.java:381) ~[classes/:?]
	at org.apache.hadoop.ozone.container.common.transport.server.ratis.ContainerStateMachine.lambda$applyTransaction$6(ContainerStateMachine.java:647) ~[classes/:?]
	at java.util.concurrent.CompletableFuture$AsyncSupply.run(CompletableFuture.java:1590) [?:1.8.0_212]
	at java.util.concurrent.ThreadPoolExecutor.runWorker(ThreadPoolExecutor.java:1149) [?:1.8.0_212]
	at java.util.concurrent.ThreadPoolExecutor$Worker.run(ThreadPoolExecutor.java:624) [?:1.8.0_212]
	at java.lang.Thread.run(Thread.java:748) [?:1.8.0_212]
12:55:19.873 [RatisApplyTransactionExecutor 3] ERROR DNAudit - user=null | ip=null | op=PUT_BLOCK {blockData=[blockId=conID: 3 locID: 102530502032949251 bcsId: 0,size=1048576]} | ret=FAILURE
org.apache.hadoop.hdds.scm.container.common.helpers.StorageContainerException: ContainerID 3 does not exist
	at org.apache.hadoop.ozone.container.common.impl.HddsDispatcher.dispatchRequest(HddsDispatcher.java:242) ~[classes/:?]
	at org.apache.hadoop.ozone.container.common.impl.HddsDispatcher.dispatch(HddsDispatcher.java:148) ~[classes/:?]
	at org.apache.hadoop.ozone.container.common.transport.server.ratis.ContainerStateMachine.dispatchCommand(ContainerStateMachine.java:374) ~[classes/:?]
	at org.apache.hadoop.ozone.container.common.transport.server.ratis.ContainerStateMachine.runCommand(ContainerStateMachine.java:381) ~[classes/:?]
	at org.apache.hadoop.ozone.container.common.transport.server.ratis.ContainerStateMachine.lambda$applyTransaction$6(ContainerStateMachine.java:647) ~[classes/:?]
	at java.util.concurrent.CompletableFuture$AsyncSupply.run(CompletableFuture.java:1590) [?:1.8.0_212]
	at java.util.concurrent.ThreadPoolExecutor.runWorker(ThreadPoolExecutor.java:1149) [?:1.8.0_212]
	at java.util.concurrent.ThreadPoolExecutor$Worker.run(ThreadPoolExecutor.java:624) [?:1.8.0_212]
	at java.lang.Thread.run(Thread.java:748) [?:1.8.0_212]
2019-07-30 12:55:19,873 INFO  impl.HddsDispatcher (ContainerUtils.java:logAndReturnError(146)) - Operation: WriteChunk : Trace ID: 57f0ef9e729fa890:fffd5ae929559eae:9c9dd432104efda8:0 : Message: ContainerID 3 does not exist : Result: CONTAINER_NOT_FOUND
2019-07-30 12:55:19,874 INFO  impl.HddsDispatcher (ContainerUtils.java:logAndReturnError(146)) - Operation: PutBlock : Trace ID: 57f0ef9e729fa890:51a5c2ceb60149ff:9c9dd432104efda8:0 : Message: ContainerID 3 does not exist : Result: CONTAINER_NOT_FOUND
12:55:19.874 [RatisApplyTransactionExecutor 3] ERROR DNAudit - user=null | ip=null | op=PUT_BLOCK {blockData=[blockId=conID: 3 locID: 102530502032949251 bcsId: 0,size=2097152]} | ret=FAILURE
org.apache.hadoop.hdds.scm.container.common.helpers.StorageContainerException: ContainerID 3 does not exist
	at org.apache.hadoop.ozone.container.common.impl.HddsDispatcher.dispatchRequest(HddsDispatcher.java:242) ~[classes/:?]
	at org.apache.hadoop.ozone.container.common.impl.HddsDispatcher.dispatch(HddsDispatcher.java:148) ~[classes/:?]
	at org.apache.hadoop.ozone.container.common.transport.server.ratis.ContainerStateMachine.dispatchCommand(ContainerStateMachine.java:374) ~[classes/:?]
	at org.apache.hadoop.ozone.container.common.transport.server.ratis.ContainerStateMachine.runCommand(ContainerStateMachine.java:381) ~[classes/:?]
	at org.apache.hadoop.ozone.container.common.transport.server.ratis.ContainerStateMachine.lambda$applyTransaction$6(ContainerStateMachine.java:647) ~[classes/:?]
	at java.util.concurrent.CompletableFuture$AsyncSupply.run(CompletableFuture.java:1590) [?:1.8.0_212]
	at java.util.concurrent.ThreadPoolExecutor.runWorker(ThreadPoolExecutor.java:1149) [?:1.8.0_212]
	at java.util.concurrent.ThreadPoolExecutor$Worker.run(ThreadPoolExecutor.java:624) [?:1.8.0_212]
	at java.lang.Thread.run(Thread.java:748) [?:1.8.0_212]
2019-07-30 12:55:19,874 INFO  impl.HddsDispatcher (ContainerUtils.java:logAndReturnError(146)) - Operation: PutBlock : Trace ID: 57f0ef9e729fa890:bc8462a4670873db:9c9dd432104efda8:0 : Message: ContainerID 3 does not exist : Result: CONTAINER_NOT_FOUND
12:55:19.874 [RatisApplyTransactionExecutor 3] ERROR DNAudit - user=null | ip=null | op=WRITE_CHUNK {blockData=conID: 3 locID: 102530502032949251 bcsId: 0} | ret=FAILURE
org.apache.hadoop.hdds.scm.container.common.helpers.StorageContainerException: ContainerID 3 does not exist
	at org.apache.hadoop.ozone.container.common.impl.HddsDispatcher.dispatchRequest(HddsDispatcher.java:242) ~[classes/:?]
	at org.apache.hadoop.ozone.container.common.impl.HddsDispatcher.dispatch(HddsDispatcher.java:148) ~[classes/:?]
	at org.apache.hadoop.ozone.container.common.transport.server.ratis.ContainerStateMachine.dispatchCommand(ContainerStateMachine.java:374) ~[classes/:?]
	at org.apache.hadoop.ozone.container.common.transport.server.ratis.ContainerStateMachine.runCommand(ContainerStateMachine.java:381) ~[classes/:?]
	at org.apache.hadoop.ozone.container.common.transport.server.ratis.ContainerStateMachine.lambda$applyTransaction$6(ContainerStateMachine.java:647) ~[classes/:?]
	at java.util.concurrent.CompletableFuture$AsyncSupply.run(CompletableFuture.java:1590) [?:1.8.0_212]
	at java.util.concurrent.ThreadPoolExecutor.runWorker(ThreadPoolExecutor.java:1149) [?:1.8.0_212]
	at java.util.concurrent.ThreadPoolExecutor$Worker.run(ThreadPoolExecutor.java:624) [?:1.8.0_212]
	at java.lang.Thread.run(Thread.java:748) [?:1.8.0_212]
2019-07-30 12:55:19,875 INFO  impl.HddsDispatcher (ContainerUtils.java:logAndReturnError(146)) - Operation: WriteChunk : Trace ID: 57f0ef9e729fa890:fffd5ae929559eae:9c9dd432104efda8:0 : Message: ContainerID 3 does not exist : Result: CONTAINER_NOT_FOUND
12:55:19.875 [RatisApplyTransactionExecutor 3] ERROR DNAudit - user=null | ip=null | op=PUT_BLOCK {blockData=[blockId=conID: 3 locID: 102530502032949251 bcsId: 0,size=2097152]} | ret=FAILURE
org.apache.hadoop.hdds.scm.container.common.helpers.StorageContainerException: ContainerID 3 does not exist
	at org.apache.hadoop.ozone.container.common.impl.HddsDispatcher.dispatchRequest(HddsDispatcher.java:242) ~[classes/:?]
	at org.apache.hadoop.ozone.container.common.impl.HddsDispatcher.dispatch(HddsDispatcher.java:148) ~[classes/:?]
	at org.apache.hadoop.ozone.container.common.transport.server.ratis.ContainerStateMachine.dispatchCommand(ContainerStateMachine.java:374) ~[classes/:?]
	at org.apache.hadoop.ozone.container.common.transport.server.ratis.ContainerStateMachine.runCommand(ContainerStateMachine.java:381) ~[classes/:?]
	at org.apache.hadoop.ozone.container.common.transport.server.ratis.ContainerStateMachine.lambda$applyTransaction$6(ContainerStateMachine.java:647) ~[classes/:?]
	at java.util.concurrent.CompletableFuture$AsyncSupply.run(CompletableFuture.java:1590) [?:1.8.0_212]
	at java.util.concurrent.ThreadPoolExecutor.runWorker(ThreadPoolExecutor.java:1149) [?:1.8.0_212]
	at java.util.concurrent.ThreadPoolExecutor$Worker.run(ThreadPoolExecutor.java:624) [?:1.8.0_212]
	at java.lang.Thread.run(Thread.java:748) [?:1.8.0_212]
2019-07-30 12:55:19,876 INFO  impl.HddsDispatcher (ContainerUtils.java:logAndReturnError(146)) - Operation: PutBlock : Trace ID: 57f0ef9e729fa890:bc8462a4670873db:9c9dd432104efda8:0 : Message: ContainerID 3 does not exist : Result: CONTAINER_NOT_FOUND
 0.00% |█                                                                                                    |  0/1 Time: 0:00:18 0.00% |█                                                                                                    |  0/1 Time: 0:00:19 100.00% |█████████████████████████████████████████████████████████████████████████████████████████████████████|  1/1 Time: 0:00:20
]]></system-out>
    <system-err><![CDATA[ERROR StatusLogger No Log4j 2 configuration file found. Using default configuration (logging only errors to the console), or user programmatically provided configurations. Set system property 'log4j2.debug' to show Log4j 2 internal initialization logging. See https://logging.apache.org/log4j/2.x/manual/configuration.html for instructions on how to configure Log4j 2
Jul 30, 2019 12:54:56 PM com.sun.jersey.server.impl.application.WebApplicationImpl _initiate
INFO: Initiating Jersey application, version 'Jersey: 1.19 02/11/2015 03:25 AM'
Jul 30, 2019 12:54:57 PM com.sun.jersey.server.impl.application.WebApplicationImpl _initiate
INFO: Initiating Jersey application, version 'Jersey: 1.19 02/11/2015 03:25 AM'
Jul 30, 2019 12:54:57 PM com.sun.jersey.server.impl.application.WebApplicationImpl _initiate
INFO: Initiating Jersey application, version 'Jersey: 1.19 02/11/2015 03:25 AM'
]]></system-err>
  </testcase>
</testsuite>