<?xml version="1.0" encoding="UTF-8"?>
<testsuite xmlns:xsi="http://www.w3.org/2001/XMLSchema-instance" xsi:noNamespaceSchemaLocation="https://maven.apache.org/surefire/maven-surefire-plugin/xsd/surefire-test-report.xsd" name="org.apache.hadoop.ozone.freon.TestFreonWithPipelineDestroy" time="73.854" tests="1" errors="1" skipped="0" failures="0">
  <properties>
    <property name="awt.toolkit" value="sun.awt.X11.XToolkit"/>
    <property name="file.encoding.pkg" value="sun.io"/>
    <property name="java.specification.version" value="1.8"/>
    <property name="sun.cpu.isalist" value=""/>
    <property name="sun.jnu.encoding" value="UTF-8"/>
    <property name="java.class.path" value="/workdir/hadoop-ozone/tools/target/test-classes:/workdir/hadoop-ozone/tools/target/classes:/home/user/.m2/repository/org/apache/hadoop/hadoop-ozone-ozone-manager/0.5.0-SNAPSHOT/hadoop-ozone-ozone-manager-0.5.0-SNAPSHOT.jar:/home/user/.m2/repository/org/apache/hadoop/hadoop-hdds-docs/0.5.0-SNAPSHOT/hadoop-hdds-docs-0.5.0-SNAPSHOT.jar:/home/user/.m2/repository/org/bouncycastle/bcprov-jdk15on/1.60/bcprov-jdk15on-1.60.jar:/home/user/.m2/repository/org/apache/hadoop/hadoop-ozone-common/0.5.0-SNAPSHOT/hadoop-ozone-common-0.5.0-SNAPSHOT.jar:/home/user/.m2/repository/org/apache/commons/commons-compress/1.4.1/commons-compress-1.4.1.jar:/home/user/.m2/repository/org/tukaani/xz/1.0/xz-1.0.jar:/home/user/.m2/repository/org/apache/hadoop/hadoop-hdfs-client/3.2.0/hadoop-hdfs-client-3.2.0.jar:/home/user/.m2/repository/com/fasterxml/jackson/core/jackson-annotations/2.9.9/jackson-annotations-2.9.9.jar:/home/user/.m2/repository/org/apache/hadoop/hadoop-hdds-common/0.5.0-SNAPSHOT/hadoop-hdds-common-0.5.0-SNAPSHOT.jar:/home/user/.m2/repository/org/apache/hadoop/hadoop-hdds-config/0.5.0-SNAPSHOT/hadoop-hdds-config-0.5.0-SNAPSHOT.jar:/home/user/.m2/repository/javax/annotation/javax.annotation-api/1.2/javax.annotation-api-1.2.jar:/home/user/.m2/repository/org/apache/ratis/ratis-server/0.4.0/ratis-server-0.4.0.jar:/home/user/.m2/repository/org/apache/ratis/ratis-thirdparty-misc/0.2.0/ratis-thirdparty-misc-0.2.0.jar:/home/user/.m2/repository/org/apache/ratis/ratis-proto/0.4.0/ratis-proto-0.4.0.jar:/home/user/.m2/repository/org/apache/ratis/ratis-common/0.4.0/ratis-common-0.4.0.jar:/home/user/.m2/repository/org/apache/ratis/ratis-client/0.4.0/ratis-client-0.4.0.jar:/home/user/.m2/repository/org/apache/ratis/ratis-metrics/0.4.0/ratis-metrics-0.4.0.jar:/home/user/.m2/repository/com/github/joshelser/dropwizard-metrics-hadoop-metrics2-reporter/0.1.2/dropwizard-metrics-hadoop-metrics2-reporter-0.1.2.jar:/home/user/.m2/repository/io/dropwizard/metrics/metrics-jvm/3.2.5/metrics-jvm-3.2.5.jar:/home/user/.m2/repository/io/dropwizard/metrics/metrics-ganglia/3.2.5/metrics-ganglia-3.2.5.jar:/home/user/.m2/repository/info/ganglia/gmetric4j/gmetric4j/1.0.7/gmetric4j-1.0.7.jar:/home/user/.m2/repository/org/apache/ratis/ratis-netty/0.4.0/ratis-netty-0.4.0.jar:/home/user/.m2/repository/org/apache/ratis/ratis-grpc/0.4.0/ratis-grpc-0.4.0.jar:/home/user/.m2/repository/org/rocksdb/rocksdbjni/6.0.1/rocksdbjni-6.0.1.jar:/home/user/.m2/repository/org/apache/logging/log4j/log4j-api/2.11.0/log4j-api-2.11.0.jar:/home/user/.m2/repository/org/apache/logging/log4j/log4j-core/2.11.0/log4j-core-2.11.0.jar:/home/user/.m2/repository/com/lmax/disruptor/3.4.2/disruptor-3.4.2.jar:/home/user/.m2/repository/org/apache/commons/commons-pool2/2.6.0/commons-pool2-2.6.0.jar:/home/user/.m2/repository/org/bouncycastle/bcpkix-jdk15on/1.60/bcpkix-jdk15on-1.60.jar:/home/user/.m2/repository/commons-validator/commons-validator/1.6/commons-validator-1.6.jar:/home/user/.m2/repository/commons-digester/commons-digester/1.8.1/commons-digester-1.8.1.jar:/home/user/.m2/repository/io/jaegertracing/jaeger-client/0.34.0/jaeger-client-0.34.0.jar:/home/user/.m2/repository/io/jaegertracing/jaeger-thrift/0.34.0/jaeger-thrift-0.34.0.jar:/home/user/.m2/repository/org/apache/thrift/libthrift/0.12.0/libthrift-0.12.0.jar:/home/user/.m2/repository/com/squareup/okhttp3/okhttp/3.9.0/okhttp-3.9.0.jar:/home/user/.m2/repository/com/squareup/okio/okio/1.13.0/okio-1.13.0.jar:/home/user/.m2/repository/io/jaegertracing/jaeger-core/0.34.0/jaeger-core-0.34.0.jar:/home/user/.m2/repository/io/jaegertracing/jaeger-tracerresolver/0.34.0/jaeger-tracerresolver-0.34.0.jar:/home/user/.m2/repository/io/opentracing/contrib/opentracing-tracerresolver/0.1.5/opentracing-tracerresolver-0.1.5.jar:/home/user/.m2/repository/io/opentracing/opentracing-util/0.31.0/opentracing-util-0.31.0.jar:/home/user/.m2/repository/io/opentracing/opentracing-api/0.31.0/opentracing-api-0.31.0.jar:/home/user/.m2/repository/io/opentracing/opentracing-noop/0.31.0/opentracing-noop-0.31.0.jar:/home/user/.m2/repository/org/yaml/snakeyaml/1.16/snakeyaml-1.16.jar:/home/user/.m2/repository/org/apache/hadoop/hadoop-hdds-container-service/0.5.0-SNAPSHOT/hadoop-hdds-container-service-0.5.0-SNAPSHOT.jar:/home/user/.m2/repository/org/apache/hadoop/hadoop-hdds-client/0.5.0-SNAPSHOT/hadoop-hdds-client-0.5.0-SNAPSHOT.jar:/home/user/.m2/repository/org/apache/hadoop/hadoop-hdds-tools/0.5.0-SNAPSHOT/hadoop-hdds-tools-0.5.0-SNAPSHOT.jar:/home/user/.m2/repository/org/xerial/sqlite-jdbc/3.25.2/sqlite-jdbc-3.25.2.jar:/home/user/.m2/repository/org/apache/hadoop/hadoop-hdds-server-scm/0.5.0-SNAPSHOT/hadoop-hdds-server-scm-0.5.0-SNAPSHOT.jar:/home/user/.m2/repository/org/hamcrest/hamcrest-all/1.3/hamcrest-all-1.3.jar:/home/user/.m2/repository/info/picocli/picocli/3.9.6/picocli-3.9.6.jar:/home/user/.m2/repository/com/google/protobuf/protobuf-java/2.5.0/protobuf-java-2.5.0.jar:/home/user/.m2/repository/com/google/guava/guava/11.0.2/guava-11.0.2.jar:/home/user/.m2/repository/org/apache/hadoop/hadoop-ozone-client/0.5.0-SNAPSHOT/hadoop-ozone-client-0.5.0-SNAPSHOT.jar:/workdir/hadoop-ozone/ozonefs/target/classes:/home/user/.m2/repository/org/apache/hadoop/hadoop-hdds-server-framework/0.5.0-SNAPSHOT/hadoop-hdds-server-framework-0.5.0-SNAPSHOT.jar:/home/user/.m2/repository/org/apache/hadoop/hadoop-common/3.2.0/hadoop-common-3.2.0.jar:/home/user/.m2/repository/org/apache/hadoop/hadoop-annotations/3.2.0/hadoop-annotations-3.2.0.jar:/usr/lib/jvm/java-1.8-openjdk/jre/../lib/tools.jar:/home/user/.m2/repository/commons-cli/commons-cli/1.2/commons-cli-1.2.jar:/home/user/.m2/repository/org/apache/commons/commons-math3/3.1.1/commons-math3-3.1.1.jar:/home/user/.m2/repository/org/apache/httpcomponents/httpclient/4.5.2/httpclient-4.5.2.jar:/home/user/.m2/repository/org/apache/httpcomponents/httpcore/4.4.4/httpcore-4.4.4.jar:/home/user/.m2/repository/commons-codec/commons-codec/1.11/commons-codec-1.11.jar:/home/user/.m2/repository/commons-io/commons-io/2.5/commons-io-2.5.jar:/home/user/.m2/repository/commons-net/commons-net/3.6/commons-net-3.6.jar:/home/user/.m2/repository/commons-collections/commons-collections/3.2.2/commons-collections-3.2.2.jar:/home/user/.m2/repository/javax/servlet/javax.servlet-api/3.1.0/javax.servlet-api-3.1.0.jar:/home/user/.m2/repository/org/eclipse/jetty/jetty-server/9.3.25.v20180904/jetty-server-9.3.25.v20180904.jar:/home/user/.m2/repository/org/eclipse/jetty/jetty-http/9.3.25.v20180904/jetty-http-9.3.25.v20180904.jar:/home/user/.m2/repository/org/eclipse/jetty/jetty-io/9.3.25.v20180904/jetty-io-9.3.25.v20180904.jar:/home/user/.m2/repository/org/eclipse/jetty/jetty-util/9.3.25.v20180904/jetty-util-9.3.25.v20180904.jar:/home/user/.m2/repository/org/eclipse/jetty/jetty-servlet/9.3.25.v20180904/jetty-servlet-9.3.25.v20180904.jar:/home/user/.m2/repository/org/eclipse/jetty/jetty-security/9.3.25.v20180904/jetty-security-9.3.25.v20180904.jar:/home/user/.m2/repository/org/eclipse/jetty/jetty-webapp/9.3.25.v20180904/jetty-webapp-9.3.25.v20180904.jar:/home/user/.m2/repository/org/eclipse/jetty/jetty-xml/9.3.25.v20180904/jetty-xml-9.3.25.v20180904.jar:/home/user/.m2/repository/javax/servlet/jsp/jsp-api/2.1/jsp-api-2.1.jar:/home/user/.m2/repository/com/sun/jersey/jersey-core/1.19/jersey-core-1.19.jar:/home/user/.m2/repository/javax/ws/rs/jsr311-api/1.1.1/jsr311-api-1.1.1.jar:/home/user/.m2/repository/com/sun/jersey/jersey-servlet/1.19/jersey-servlet-1.19.jar:/home/user/.m2/repository/com/sun/jersey/jersey-json/1.19/jersey-json-1.19.jar:/home/user/.m2/repository/org/codehaus/jettison/jettison/1.1/jettison-1.1.jar:/home/user/.m2/repository/com/sun/xml/bind/jaxb-impl/2.3.0.1/jaxb-impl-2.3.0.1.jar:/home/user/.m2/repository/org/codehaus/jackson/jackson-core-asl/1.9.13/jackson-core-asl-1.9.13.jar:/home/user/.m2/repository/org/codehaus/jackson/jackson-mapper-asl/1.9.13/jackson-mapper-asl-1.9.13.jar:/home/user/.m2/repository/org/codehaus/jackson/jackson-jaxrs/1.9.13/jackson-jaxrs-1.9.13.jar:/home/user/.m2/repository/org/codehaus/jackson/jackson-xc/1.9.13/jackson-xc-1.9.13.jar:/home/user/.m2/repository/com/sun/jersey/jersey-server/1.19/jersey-server-1.19.jar:/home/user/.m2/repository/commons-logging/commons-logging/1.1.3/commons-logging-1.1.3.jar:/home/user/.m2/repository/log4j/log4j/1.2.17/log4j-1.2.17.jar:/home/user/.m2/repository/commons-beanutils/commons-beanutils/1.9.4/commons-beanutils-1.9.4.jar:/home/user/.m2/repository/org/apache/commons/commons-configuration2/2.1.1/commons-configuration2-2.1.1.jar:/home/user/.m2/repository/org/apache/commons/commons-lang3/3.7/commons-lang3-3.7.jar:/home/user/.m2/repository/org/apache/commons/commons-text/1.4/commons-text-1.4.jar:/home/user/.m2/repository/org/slf4j/slf4j-api/1.7.25/slf4j-api-1.7.25.jar:/home/user/.m2/repository/org/slf4j/slf4j-log4j12/1.7.25/slf4j-log4j12-1.7.25.jar:/home/user/.m2/repository/org/apache/avro/avro/1.7.7/avro-1.7.7.jar:/home/user/.m2/repository/com/thoughtworks/paranamer/paranamer/2.3/paranamer-2.3.jar:/home/user/.m2/repository/org/xerial/snappy/snappy-java/1.0.5/snappy-java-1.0.5.jar:/home/user/.m2/repository/com/google/re2j/re2j/1.1/re2j-1.1.jar:/home/user/.m2/repository/com/google/code/gson/gson/2.2.4/gson-2.2.4.jar:/home/user/.m2/repository/org/apache/hadoop/hadoop-auth/3.2.0/hadoop-auth-3.2.0.jar:/home/user/.m2/repository/com/nimbusds/nimbus-jose-jwt/4.41.1/nimbus-jose-jwt-4.41.1.jar:/home/user/.m2/repository/com/github/stephenc/jcip/jcip-annotations/1.0-1/jcip-annotations-1.0-1.jar:/home/user/.m2/repository/net/minidev/json-smart/2.3/json-smart-2.3.jar:/home/user/.m2/repository/net/minidev/accessors-smart/1.2/accessors-smart-1.2.jar:/home/user/.m2/repository/org/apache/curator/curator-framework/2.12.0/curator-framework-2.12.0.jar:/home/user/.m2/repository/com/jcraft/jsch/0.1.54/jsch-0.1.54.jar:/home/user/.m2/repository/org/apache/curator/curator-client/2.12.0/curator-client-2.12.0.jar:/home/user/.m2/repository/org/apache/curator/curator-recipes/2.12.0/curator-recipes-2.12.0.jar:/home/user/.m2/repository/com/google/code/findbugs/jsr305/3.0.0/jsr305-3.0.0.jar:/home/user/.m2/repository/org/apache/htrace/htrace-core4/4.1.0-incubating/htrace-core4-4.1.0-incubating.jar:/home/user/.m2/repository/org/apache/zookeeper/zookeeper/3.4.13/zookeeper-3.4.13.jar:/home/user/.m2/repository/jline/jline/0.9.94/jline-0.9.94.jar:/home/user/.m2/repository/org/apache/yetus/audience-annotations/0.5.0/audience-annotations-0.5.0.jar:/home/user/.m2/repository/org/apache/kerby/kerb-simplekdc/1.0.1/kerb-simplekdc-1.0.1.jar:/home/user/.m2/repository/org/apache/kerby/kerb-client/1.0.1/kerb-client-1.0.1.jar:/home/user/.m2/repository/org/apache/kerby/kerby-config/1.0.1/kerby-config-1.0.1.jar:/home/user/.m2/repository/org/apache/kerby/kerb-core/1.0.1/kerb-core-1.0.1.jar:/home/user/.m2/repository/org/apache/kerby/kerby-pkix/1.0.1/kerby-pkix-1.0.1.jar:/home/user/.m2/repository/org/apache/kerby/kerby-asn1/1.0.1/kerby-asn1-1.0.1.jar:/home/user/.m2/repository/org/apache/kerby/kerby-util/1.0.1/kerby-util-1.0.1.jar:/home/user/.m2/repository/org/apache/kerby/kerb-common/1.0.1/kerb-common-1.0.1.jar:/home/user/.m2/repository/org/apache/kerby/kerb-crypto/1.0.1/kerb-crypto-1.0.1.jar:/home/user/.m2/repository/org/apache/kerby/kerb-util/1.0.1/kerb-util-1.0.1.jar:/home/user/.m2/repository/org/apache/kerby/token-provider/1.0.1/token-provider-1.0.1.jar:/home/user/.m2/repository/org/apache/kerby/kerb-admin/1.0.1/kerb-admin-1.0.1.jar:/home/user/.m2/repository/org/apache/kerby/kerb-server/1.0.1/kerb-server-1.0.1.jar:/home/user/.m2/repository/org/apache/kerby/kerb-identity/1.0.1/kerb-identity-1.0.1.jar:/home/user/.m2/repository/org/apache/kerby/kerby-xdr/1.0.1/kerby-xdr-1.0.1.jar:/home/user/.m2/repository/com/fasterxml/jackson/core/jackson-databind/2.9.9/jackson-databind-2.9.9.jar:/home/user/.m2/repository/com/fasterxml/jackson/core/jackson-core/2.9.9/jackson-core-2.9.9.jar:/home/user/.m2/repository/org/codehaus/woodstox/stax2-api/3.1.4/stax2-api-3.1.4.jar:/home/user/.m2/repository/com/fasterxml/woodstox/woodstox-core/5.0.3/woodstox-core-5.0.3.jar:/home/user/.m2/repository/dnsjava/dnsjava/2.1.7/dnsjava-2.1.7.jar:/home/user/.m2/repository/org/apache/hadoop/hadoop-hdfs/3.2.0/hadoop-hdfs-3.2.0.jar:/home/user/.m2/repository/org/eclipse/jetty/jetty-util-ajax/9.3.25.v20180904/jetty-util-ajax-9.3.25.v20180904.jar:/home/user/.m2/repository/commons-daemon/commons-daemon/1.0.13/commons-daemon-1.0.13.jar:/home/user/.m2/repository/io/netty/netty/3.10.5.Final/netty-3.10.5.Final.jar:/home/user/.m2/repository/io/netty/netty-all/4.0.52.Final/netty-all-4.0.52.Final.jar:/home/user/.m2/repository/org/fusesource/leveldbjni/leveldbjni-all/1.8/leveldbjni-all-1.8.jar:/home/user/.m2/repository/com/sun/xml/bind/jaxb-core/2.3.0.1/jaxb-core-2.3.0.1.jar:/home/user/.m2/repository/javax/xml/bind/jaxb-api/2.3.0/jaxb-api-2.3.0.jar:/home/user/.m2/repository/javax/activation/activation/1.1.1/activation-1.1.1.jar:/home/user/.m2/repository/io/dropwizard/metrics/metrics-core/3.2.4/metrics-core-3.2.4.jar:/home/user/.m2/repository/org/openjdk/jmh/jmh-core/1.19/jmh-core-1.19.jar:/home/user/.m2/repository/net/sf/jopt-simple/jopt-simple/4.6/jopt-simple-4.6.jar:/home/user/.m2/repository/org/openjdk/jmh/jmh-generator-annprocess/1.19/jmh-generator-annprocess-1.19.jar:/home/user/.m2/repository/com/amazonaws/aws-java-sdk-s3/1.11.615/aws-java-sdk-s3-1.11.615.jar:/home/user/.m2/repository/com/amazonaws/aws-java-sdk-kms/1.11.615/aws-java-sdk-kms-1.11.615.jar:/home/user/.m2/repository/com/amazonaws/aws-java-sdk-core/1.11.615/aws-java-sdk-core-1.11.615.jar:/home/user/.m2/repository/software/amazon/ion/ion-java/1.0.2/ion-java-1.0.2.jar:/home/user/.m2/repository/com/fasterxml/jackson/dataformat/jackson-dataformat-cbor/2.9.9/jackson-dataformat-cbor-2.9.9.jar:/home/user/.m2/repository/joda-time/joda-time/2.9.9/joda-time-2.9.9.jar:/home/user/.m2/repository/com/amazonaws/jmespath-java/1.11.615/jmespath-java-1.11.615.jar:/home/user/.m2/repository/com/google/code/findbugs/findbugs/3.0.1/findbugs-3.0.1.jar:/home/user/.m2/repository/net/jcip/jcip-annotations/1.0/jcip-annotations-1.0.jar:/home/user/.m2/repository/com/google/code/findbugs/bcel-findbugs/6.0/bcel-findbugs-6.0.jar:/home/user/.m2/repository/com/google/code/findbugs/jFormatString/2.0.1/jFormatString-2.0.1.jar:/home/user/.m2/repository/dom4j/dom4j/1.6.1/dom4j-1.6.1.jar:/home/user/.m2/repository/xml-apis/xml-apis/1.0.b2/xml-apis-1.0.b2.jar:/home/user/.m2/repository/org/ow2/asm/asm-debug-all/5.0.2/asm-debug-all-5.0.2.jar:/home/user/.m2/repository/org/ow2/asm/asm-commons/5.0.2/asm-commons-5.0.2.jar:/home/user/.m2/repository/org/ow2/asm/asm-tree/5.0.2/asm-tree-5.0.2.jar:/home/user/.m2/repository/org/ow2/asm/asm/5.0.4/asm-5.0.4.jar:/home/user/.m2/repository/commons-lang/commons-lang/2.6/commons-lang-2.6.jar:/home/user/.m2/repository/com/apple/AppleJavaExtensions/1.4/AppleJavaExtensions-1.4.jar:/home/user/.m2/repository/jaxen/jaxen/1.1.6/jaxen-1.1.6.jar:/home/user/.m2/repository/junit/junit/4.11/junit-4.11.jar:/home/user/.m2/repository/org/hamcrest/hamcrest-core/1.3/hamcrest-core-1.3.jar:/home/user/.m2/repository/org/apache/hadoop/hadoop-common/3.2.0/hadoop-common-3.2.0-tests.jar:/workdir/hadoop-ozone/integration-test/target/test-classes:/home/user/.m2/repository/org/apache/hadoop/hadoop-ozone-s3gateway/0.5.0-SNAPSHOT/hadoop-ozone-s3gateway-0.5.0-SNAPSHOT.jar:/home/user/.m2/repository/org/jboss/weld/servlet/weld-servlet/2.4.7.Final/weld-servlet-2.4.7.Final.jar:/home/user/.m2/repository/org/glassfish/jersey/containers/jersey-container-servlet-core/2.27/jersey-container-servlet-core-2.27.jar:/home/user/.m2/repository/org/glassfish/hk2/external/javax.inject/2.5.0-b42/javax.inject-2.5.0-b42.jar:/home/user/.m2/repository/org/glassfish/jersey/core/jersey-common/2.27/jersey-common-2.27.jar:/home/user/.m2/repository/org/glassfish/hk2/osgi-resource-locator/1.0.1/osgi-resource-locator-1.0.1.jar:/home/user/.m2/repository/javax/ws/rs/javax.ws.rs-api/2.1/javax.ws.rs-api-2.1.jar:/home/user/.m2/repository/org/glassfish/jersey/ext/cdi/jersey-cdi1x/2.27/jersey-cdi1x-2.27.jar:/home/user/.m2/repository/org/glassfish/jersey/inject/jersey-hk2/2.27/jersey-hk2-2.27.jar:/home/user/.m2/repository/org/glassfish/hk2/hk2-locator/2.5.0-b42/hk2-locator-2.5.0-b42.jar:/home/user/.m2/repository/org/javassist/javassist/3.22.0-CR2/javassist-3.22.0-CR2.jar:/home/user/.m2/repository/org/glassfish/hk2/hk2-api/2.5.0/hk2-api-2.5.0.jar:/home/user/.m2/repository/org/glassfish/hk2/external/jakarta.inject/2.5.0/jakarta.inject-2.5.0.jar:/home/user/.m2/repository/org/glassfish/hk2/hk2-utils/2.5.0/hk2-utils-2.5.0.jar:/home/user/.m2/repository/jakarta/annotation/jakarta.annotation-api/1.3.4/jakarta.annotation-api-1.3.4.jar:/home/user/.m2/repository/org/glassfish/hk2/external/aopalliance-repackaged/2.5.0/aopalliance-repackaged-2.5.0.jar:/home/user/.m2/repository/com/fasterxml/jackson/dataformat/jackson-dataformat-xml/2.9.0/jackson-dataformat-xml-2.9.0.jar:/home/user/.m2/repository/com/fasterxml/jackson/module/jackson-module-jaxb-annotations/2.9.9/jackson-module-jaxb-annotations-2.9.9.jar:/home/user/.m2/repository/javax/enterprise/cdi-api/1.2/cdi-api-1.2.jar:/home/user/.m2/repository/javax/el/javax.el-api/3.0.0/javax.el-api-3.0.0.jar:/home/user/.m2/repository/javax/interceptor/javax.interceptor-api/1.2/javax.interceptor-api-1.2.jar:/home/user/.m2/repository/javax/inject/javax.inject/1/javax.inject-1.jar:/home/user/.m2/repository/org/apache/hadoop/hadoop-ozone-csi/0.5.0-SNAPSHOT/hadoop-ozone-csi-0.5.0-SNAPSHOT.jar:/home/user/.m2/repository/com/google/protobuf/protobuf-java-util/3.5.1/protobuf-java-util-3.5.1.jar:/home/user/.m2/repository/io/grpc/grpc-netty/1.17.1/grpc-netty-1.17.1.jar:/home/user/.m2/repository/io/grpc/grpc-core/1.17.1/grpc-core-1.17.1.jar:/home/user/.m2/repository/io/grpc/grpc-context/1.17.1/grpc-context-1.17.1.jar:/home/user/.m2/repository/com/google/errorprone/error_prone_annotations/2.2.0/error_prone_annotations-2.2.0.jar:/home/user/.m2/repository/org/codehaus/mojo/animal-sniffer-annotations/1.17/animal-sniffer-annotations-1.17.jar:/home/user/.m2/repository/io/opencensus/opencensus-api/0.17.0/opencensus-api-0.17.0.jar:/home/user/.m2/repository/io/opencensus/opencensus-contrib-grpc-metrics/0.17.0/opencensus-contrib-grpc-metrics-0.17.0.jar:/home/user/.m2/repository/io/netty/netty-codec-http2/4.1.30.Final/netty-codec-http2-4.1.30.Final.jar:/home/user/.m2/repository/io/netty/netty-codec-http/4.1.30.Final/netty-codec-http-4.1.30.Final.jar:/home/user/.m2/repository/io/netty/netty-codec/4.1.30.Final/netty-codec-4.1.30.Final.jar:/home/user/.m2/repository/io/netty/netty-handler/4.1.30.Final/netty-handler-4.1.30.Final.jar:/home/user/.m2/repository/io/netty/netty-handler-proxy/4.1.30.Final/netty-handler-proxy-4.1.30.Final.jar:/home/user/.m2/repository/io/netty/netty-codec-socks/4.1.30.Final/netty-codec-socks-4.1.30.Final.jar:/home/user/.m2/repository/io/netty/netty-transport-native-epoll/4.1.30.Final/netty-transport-native-epoll-4.1.30.Final.jar:/home/user/.m2/repository/io/netty/netty-common/4.1.30.Final/netty-common-4.1.30.Final.jar:/home/user/.m2/repository/io/netty/netty-buffer/4.1.30.Final/netty-buffer-4.1.30.Final.jar:/home/user/.m2/repository/io/netty/netty-transport/4.1.30.Final/netty-transport-4.1.30.Final.jar:/home/user/.m2/repository/io/netty/netty-resolver/4.1.30.Final/netty-resolver-4.1.30.Final.jar:/home/user/.m2/repository/io/netty/netty-transport-native-unix-common/4.1.30.Final/netty-transport-native-unix-common-4.1.30.Final.jar:/home/user/.m2/repository/io/grpc/grpc-protobuf/1.17.1/grpc-protobuf-1.17.1.jar:/home/user/.m2/repository/com/google/api/grpc/proto-google-common-protos/1.0.0/proto-google-common-protos-1.0.0.jar:/home/user/.m2/repository/io/grpc/grpc-protobuf-lite/1.17.1/grpc-protobuf-lite-1.17.1.jar:/home/user/.m2/repository/io/grpc/grpc-stub/1.17.1/grpc-stub-1.17.1.jar:/home/user/.m2/repository/org/apache/hadoop/hadoop-ozone-recon/0.5.0-SNAPSHOT/hadoop-ozone-recon-0.5.0-SNAPSHOT.jar:/home/user/.m2/repository/org/apache/hadoop/hadoop-ozone-reconcodegen/0.5.0-SNAPSHOT/hadoop-ozone-reconcodegen-0.5.0-SNAPSHOT.jar:/home/user/.m2/repository/com/google/inject/extensions/guice-multibindings/4.0/guice-multibindings-4.0.jar:/home/user/.m2/repository/com/google/inject/guice/4.0/guice-4.0.jar:/home/user/.m2/repository/aopalliance/aopalliance/1.0/aopalliance-1.0.jar:/home/user/.m2/repository/com/google/inject/extensions/guice-servlet/4.0/guice-servlet-4.0.jar:/home/user/.m2/repository/org/glassfish/jersey/containers/jersey-container-servlet/2.27/jersey-container-servlet-2.27.jar:/home/user/.m2/repository/org/glassfish/hk2/guice-bridge/2.5.0/guice-bridge-2.5.0.jar:/home/user/.m2/repository/org/glassfish/jersey/core/jersey-server/2.27/jersey-server-2.27.jar:/home/user/.m2/repository/org/glassfish/jersey/core/jersey-client/2.27/jersey-client-2.27.jar:/home/user/.m2/repository/org/glassfish/jersey/media/jersey-media-jaxb/2.27/jersey-media-jaxb-2.27.jar:/home/user/.m2/repository/javax/validation/validation-api/1.1.0.Final/validation-api-1.1.0.Final.jar:/home/user/.m2/repository/org/glassfish/jersey/media/jersey-media-json-jackson/2.27/jersey-media-json-jackson-2.27.jar:/home/user/.m2/repository/org/glassfish/jersey/ext/jersey-entity-filtering/2.27/jersey-entity-filtering-2.27.jar:/home/user/.m2/repository/com/google/inject/extensions/guice-assistedinject/4.0/guice-assistedinject-4.0.jar:/home/user/.m2/repository/org/jooq/jooq/3.11.10/jooq-3.11.10.jar:/home/user/.m2/repository/org/jooq/jooq-meta/3.11.10/jooq-meta-3.11.10.jar:/home/user/.m2/repository/org/jooq/jooq-codegen/3.11.10/jooq-codegen-3.11.10.jar:/home/user/.m2/repository/com/jolbox/bonecp/0.8.0.RELEASE/bonecp-0.8.0.RELEASE.jar:/home/user/.m2/repository/org/springframework/spring-jdbc/5.1.3.RELEASE/spring-jdbc-5.1.3.RELEASE.jar:/home/user/.m2/repository/org/springframework/spring-beans/5.1.3.RELEASE/spring-beans-5.1.3.RELEASE.jar:/home/user/.m2/repository/org/springframework/spring-core/5.1.3.RELEASE/spring-core-5.1.3.RELEASE.jar:/home/user/.m2/repository/org/springframework/spring-jcl/5.1.3.RELEASE/spring-jcl-5.1.3.RELEASE.jar:/home/user/.m2/repository/org/springframework/spring-tx/5.1.3.RELEASE/spring-tx-5.1.3.RELEASE.jar:/home/user/.m2/repository/org/mockito/mockito-core/2.15.0/mockito-core-2.15.0.jar:/home/user/.m2/repository/net/bytebuddy/byte-buddy/1.7.9/byte-buddy-1.7.9.jar:/home/user/.m2/repository/net/bytebuddy/byte-buddy-agent/1.7.9/byte-buddy-agent-1.7.9.jar:/home/user/.m2/repository/org/objenesis/objenesis/1.0/objenesis-1.0.jar:"/>
    <property name="java.vm.vendor" value="IcedTea"/>
    <property name="sun.arch.data.model" value="64"/>
    <property name="test.build.dir" value="/workdir/hadoop-ozone/tools/target/test-dir"/>
    <property name="test.cache.data" value=""/>
    <property name="java.vendor.url" value="https://icedtea.classpath.org"/>
    <property name="user.timezone" value=""/>
    <property name="java.vm.specification.version" value="1.8"/>
    <property name="os.name" value="Linux"/>
    <property name="test.build.data" value="/workdir/hadoop-ozone/tools/target/test-dir"/>
    <property name="user.country" value="US"/>
    <property name="sun.java.launcher" value="SUN_STANDARD"/>
    <property name="sun.boot.library.path" value="/usr/lib/jvm/java-1.8-openjdk/jre/lib/amd64"/>
    <property name="sun.java.command" value="/workdir/hadoop-ozone/tools/target/surefire/surefirebooter2816135671425514231.jar /workdir/hadoop-ozone/tools/target/surefire 2019-09-23T15-15-59_719-jvmRun1 surefire3739918322687407987tmp surefire_1097175418160492836107tmp"/>
    <property name="test" value="!TestMiniChaosOzoneCluster"/>
    <property name="surefire.test.class.path" value="/workdir/hadoop-ozone/tools/target/test-classes:/workdir/hadoop-ozone/tools/target/classes:/home/user/.m2/repository/org/apache/hadoop/hadoop-ozone-ozone-manager/0.5.0-SNAPSHOT/hadoop-ozone-ozone-manager-0.5.0-SNAPSHOT.jar:/home/user/.m2/repository/org/apache/hadoop/hadoop-hdds-docs/0.5.0-SNAPSHOT/hadoop-hdds-docs-0.5.0-SNAPSHOT.jar:/home/user/.m2/repository/org/bouncycastle/bcprov-jdk15on/1.60/bcprov-jdk15on-1.60.jar:/home/user/.m2/repository/org/apache/hadoop/hadoop-ozone-common/0.5.0-SNAPSHOT/hadoop-ozone-common-0.5.0-SNAPSHOT.jar:/home/user/.m2/repository/org/apache/commons/commons-compress/1.4.1/commons-compress-1.4.1.jar:/home/user/.m2/repository/org/tukaani/xz/1.0/xz-1.0.jar:/home/user/.m2/repository/org/apache/hadoop/hadoop-hdfs-client/3.2.0/hadoop-hdfs-client-3.2.0.jar:/home/user/.m2/repository/com/fasterxml/jackson/core/jackson-annotations/2.9.9/jackson-annotations-2.9.9.jar:/home/user/.m2/repository/org/apache/hadoop/hadoop-hdds-common/0.5.0-SNAPSHOT/hadoop-hdds-common-0.5.0-SNAPSHOT.jar:/home/user/.m2/repository/org/apache/hadoop/hadoop-hdds-config/0.5.0-SNAPSHOT/hadoop-hdds-config-0.5.0-SNAPSHOT.jar:/home/user/.m2/repository/javax/annotation/javax.annotation-api/1.2/javax.annotation-api-1.2.jar:/home/user/.m2/repository/org/apache/ratis/ratis-server/0.4.0/ratis-server-0.4.0.jar:/home/user/.m2/repository/org/apache/ratis/ratis-thirdparty-misc/0.2.0/ratis-thirdparty-misc-0.2.0.jar:/home/user/.m2/repository/org/apache/ratis/ratis-proto/0.4.0/ratis-proto-0.4.0.jar:/home/user/.m2/repository/org/apache/ratis/ratis-common/0.4.0/ratis-common-0.4.0.jar:/home/user/.m2/repository/org/apache/ratis/ratis-client/0.4.0/ratis-client-0.4.0.jar:/home/user/.m2/repository/org/apache/ratis/ratis-metrics/0.4.0/ratis-metrics-0.4.0.jar:/home/user/.m2/repository/com/github/joshelser/dropwizard-metrics-hadoop-metrics2-reporter/0.1.2/dropwizard-metrics-hadoop-metrics2-reporter-0.1.2.jar:/home/user/.m2/repository/io/dropwizard/metrics/metrics-jvm/3.2.5/metrics-jvm-3.2.5.jar:/home/user/.m2/repository/io/dropwizard/metrics/metrics-ganglia/3.2.5/metrics-ganglia-3.2.5.jar:/home/user/.m2/repository/info/ganglia/gmetric4j/gmetric4j/1.0.7/gmetric4j-1.0.7.jar:/home/user/.m2/repository/org/apache/ratis/ratis-netty/0.4.0/ratis-netty-0.4.0.jar:/home/user/.m2/repository/org/apache/ratis/ratis-grpc/0.4.0/ratis-grpc-0.4.0.jar:/home/user/.m2/repository/org/rocksdb/rocksdbjni/6.0.1/rocksdbjni-6.0.1.jar:/home/user/.m2/repository/org/apache/logging/log4j/log4j-api/2.11.0/log4j-api-2.11.0.jar:/home/user/.m2/repository/org/apache/logging/log4j/log4j-core/2.11.0/log4j-core-2.11.0.jar:/home/user/.m2/repository/com/lmax/disruptor/3.4.2/disruptor-3.4.2.jar:/home/user/.m2/repository/org/apache/commons/commons-pool2/2.6.0/commons-pool2-2.6.0.jar:/home/user/.m2/repository/org/bouncycastle/bcpkix-jdk15on/1.60/bcpkix-jdk15on-1.60.jar:/home/user/.m2/repository/commons-validator/commons-validator/1.6/commons-validator-1.6.jar:/home/user/.m2/repository/commons-digester/commons-digester/1.8.1/commons-digester-1.8.1.jar:/home/user/.m2/repository/io/jaegertracing/jaeger-client/0.34.0/jaeger-client-0.34.0.jar:/home/user/.m2/repository/io/jaegertracing/jaeger-thrift/0.34.0/jaeger-thrift-0.34.0.jar:/home/user/.m2/repository/org/apache/thrift/libthrift/0.12.0/libthrift-0.12.0.jar:/home/user/.m2/repository/com/squareup/okhttp3/okhttp/3.9.0/okhttp-3.9.0.jar:/home/user/.m2/repository/com/squareup/okio/okio/1.13.0/okio-1.13.0.jar:/home/user/.m2/repository/io/jaegertracing/jaeger-core/0.34.0/jaeger-core-0.34.0.jar:/home/user/.m2/repository/io/jaegertracing/jaeger-tracerresolver/0.34.0/jaeger-tracerresolver-0.34.0.jar:/home/user/.m2/repository/io/opentracing/contrib/opentracing-tracerresolver/0.1.5/opentracing-tracerresolver-0.1.5.jar:/home/user/.m2/repository/io/opentracing/opentracing-util/0.31.0/opentracing-util-0.31.0.jar:/home/user/.m2/repository/io/opentracing/opentracing-api/0.31.0/opentracing-api-0.31.0.jar:/home/user/.m2/repository/io/opentracing/opentracing-noop/0.31.0/opentracing-noop-0.31.0.jar:/home/user/.m2/repository/org/yaml/snakeyaml/1.16/snakeyaml-1.16.jar:/home/user/.m2/repository/org/apache/hadoop/hadoop-hdds-container-service/0.5.0-SNAPSHOT/hadoop-hdds-container-service-0.5.0-SNAPSHOT.jar:/home/user/.m2/repository/org/apache/hadoop/hadoop-hdds-client/0.5.0-SNAPSHOT/hadoop-hdds-client-0.5.0-SNAPSHOT.jar:/home/user/.m2/repository/org/apache/hadoop/hadoop-hdds-tools/0.5.0-SNAPSHOT/hadoop-hdds-tools-0.5.0-SNAPSHOT.jar:/home/user/.m2/repository/org/xerial/sqlite-jdbc/3.25.2/sqlite-jdbc-3.25.2.jar:/home/user/.m2/repository/org/apache/hadoop/hadoop-hdds-server-scm/0.5.0-SNAPSHOT/hadoop-hdds-server-scm-0.5.0-SNAPSHOT.jar:/home/user/.m2/repository/org/hamcrest/hamcrest-all/1.3/hamcrest-all-1.3.jar:/home/user/.m2/repository/info/picocli/picocli/3.9.6/picocli-3.9.6.jar:/home/user/.m2/repository/com/google/protobuf/protobuf-java/2.5.0/protobuf-java-2.5.0.jar:/home/user/.m2/repository/com/google/guava/guava/11.0.2/guava-11.0.2.jar:/home/user/.m2/repository/org/apache/hadoop/hadoop-ozone-client/0.5.0-SNAPSHOT/hadoop-ozone-client-0.5.0-SNAPSHOT.jar:/workdir/hadoop-ozone/ozonefs/target/classes:/home/user/.m2/repository/org/apache/hadoop/hadoop-hdds-server-framework/0.5.0-SNAPSHOT/hadoop-hdds-server-framework-0.5.0-SNAPSHOT.jar:/home/user/.m2/repository/org/apache/hadoop/hadoop-common/3.2.0/hadoop-common-3.2.0.jar:/home/user/.m2/repository/org/apache/hadoop/hadoop-annotations/3.2.0/hadoop-annotations-3.2.0.jar:/usr/lib/jvm/java-1.8-openjdk/jre/../lib/tools.jar:/home/user/.m2/repository/commons-cli/commons-cli/1.2/commons-cli-1.2.jar:/home/user/.m2/repository/org/apache/commons/commons-math3/3.1.1/commons-math3-3.1.1.jar:/home/user/.m2/repository/org/apache/httpcomponents/httpclient/4.5.2/httpclient-4.5.2.jar:/home/user/.m2/repository/org/apache/httpcomponents/httpcore/4.4.4/httpcore-4.4.4.jar:/home/user/.m2/repository/commons-codec/commons-codec/1.11/commons-codec-1.11.jar:/home/user/.m2/repository/commons-io/commons-io/2.5/commons-io-2.5.jar:/home/user/.m2/repository/commons-net/commons-net/3.6/commons-net-3.6.jar:/home/user/.m2/repository/commons-collections/commons-collections/3.2.2/commons-collections-3.2.2.jar:/home/user/.m2/repository/javax/servlet/javax.servlet-api/3.1.0/javax.servlet-api-3.1.0.jar:/home/user/.m2/repository/org/eclipse/jetty/jetty-server/9.3.25.v20180904/jetty-server-9.3.25.v20180904.jar:/home/user/.m2/repository/org/eclipse/jetty/jetty-http/9.3.25.v20180904/jetty-http-9.3.25.v20180904.jar:/home/user/.m2/repository/org/eclipse/jetty/jetty-io/9.3.25.v20180904/jetty-io-9.3.25.v20180904.jar:/home/user/.m2/repository/org/eclipse/jetty/jetty-util/9.3.25.v20180904/jetty-util-9.3.25.v20180904.jar:/home/user/.m2/repository/org/eclipse/jetty/jetty-servlet/9.3.25.v20180904/jetty-servlet-9.3.25.v20180904.jar:/home/user/.m2/repository/org/eclipse/jetty/jetty-security/9.3.25.v20180904/jetty-security-9.3.25.v20180904.jar:/home/user/.m2/repository/org/eclipse/jetty/jetty-webapp/9.3.25.v20180904/jetty-webapp-9.3.25.v20180904.jar:/home/user/.m2/repository/org/eclipse/jetty/jetty-xml/9.3.25.v20180904/jetty-xml-9.3.25.v20180904.jar:/home/user/.m2/repository/javax/servlet/jsp/jsp-api/2.1/jsp-api-2.1.jar:/home/user/.m2/repository/com/sun/jersey/jersey-core/1.19/jersey-core-1.19.jar:/home/user/.m2/repository/javax/ws/rs/jsr311-api/1.1.1/jsr311-api-1.1.1.jar:/home/user/.m2/repository/com/sun/jersey/jersey-servlet/1.19/jersey-servlet-1.19.jar:/home/user/.m2/repository/com/sun/jersey/jersey-json/1.19/jersey-json-1.19.jar:/home/user/.m2/repository/org/codehaus/jettison/jettison/1.1/jettison-1.1.jar:/home/user/.m2/repository/com/sun/xml/bind/jaxb-impl/2.3.0.1/jaxb-impl-2.3.0.1.jar:/home/user/.m2/repository/org/codehaus/jackson/jackson-core-asl/1.9.13/jackson-core-asl-1.9.13.jar:/home/user/.m2/repository/org/codehaus/jackson/jackson-mapper-asl/1.9.13/jackson-mapper-asl-1.9.13.jar:/home/user/.m2/repository/org/codehaus/jackson/jackson-jaxrs/1.9.13/jackson-jaxrs-1.9.13.jar:/home/user/.m2/repository/org/codehaus/jackson/jackson-xc/1.9.13/jackson-xc-1.9.13.jar:/home/user/.m2/repository/com/sun/jersey/jersey-server/1.19/jersey-server-1.19.jar:/home/user/.m2/repository/commons-logging/commons-logging/1.1.3/commons-logging-1.1.3.jar:/home/user/.m2/repository/log4j/log4j/1.2.17/log4j-1.2.17.jar:/home/user/.m2/repository/commons-beanutils/commons-beanutils/1.9.4/commons-beanutils-1.9.4.jar:/home/user/.m2/repository/org/apache/commons/commons-configuration2/2.1.1/commons-configuration2-2.1.1.jar:/home/user/.m2/repository/org/apache/commons/commons-lang3/3.7/commons-lang3-3.7.jar:/home/user/.m2/repository/org/apache/commons/commons-text/1.4/commons-text-1.4.jar:/home/user/.m2/repository/org/slf4j/slf4j-api/1.7.25/slf4j-api-1.7.25.jar:/home/user/.m2/repository/org/slf4j/slf4j-log4j12/1.7.25/slf4j-log4j12-1.7.25.jar:/home/user/.m2/repository/org/apache/avro/avro/1.7.7/avro-1.7.7.jar:/home/user/.m2/repository/com/thoughtworks/paranamer/paranamer/2.3/paranamer-2.3.jar:/home/user/.m2/repository/org/xerial/snappy/snappy-java/1.0.5/snappy-java-1.0.5.jar:/home/user/.m2/repository/com/google/re2j/re2j/1.1/re2j-1.1.jar:/home/user/.m2/repository/com/google/code/gson/gson/2.2.4/gson-2.2.4.jar:/home/user/.m2/repository/org/apache/hadoop/hadoop-auth/3.2.0/hadoop-auth-3.2.0.jar:/home/user/.m2/repository/com/nimbusds/nimbus-jose-jwt/4.41.1/nimbus-jose-jwt-4.41.1.jar:/home/user/.m2/repository/com/github/stephenc/jcip/jcip-annotations/1.0-1/jcip-annotations-1.0-1.jar:/home/user/.m2/repository/net/minidev/json-smart/2.3/json-smart-2.3.jar:/home/user/.m2/repository/net/minidev/accessors-smart/1.2/accessors-smart-1.2.jar:/home/user/.m2/repository/org/apache/curator/curator-framework/2.12.0/curator-framework-2.12.0.jar:/home/user/.m2/repository/com/jcraft/jsch/0.1.54/jsch-0.1.54.jar:/home/user/.m2/repository/org/apache/curator/curator-client/2.12.0/curator-client-2.12.0.jar:/home/user/.m2/repository/org/apache/curator/curator-recipes/2.12.0/curator-recipes-2.12.0.jar:/home/user/.m2/repository/com/google/code/findbugs/jsr305/3.0.0/jsr305-3.0.0.jar:/home/user/.m2/repository/org/apache/htrace/htrace-core4/4.1.0-incubating/htrace-core4-4.1.0-incubating.jar:/home/user/.m2/repository/org/apache/zookeeper/zookeeper/3.4.13/zookeeper-3.4.13.jar:/home/user/.m2/repository/jline/jline/0.9.94/jline-0.9.94.jar:/home/user/.m2/repository/org/apache/yetus/audience-annotations/0.5.0/audience-annotations-0.5.0.jar:/home/user/.m2/repository/org/apache/kerby/kerb-simplekdc/1.0.1/kerb-simplekdc-1.0.1.jar:/home/user/.m2/repository/org/apache/kerby/kerb-client/1.0.1/kerb-client-1.0.1.jar:/home/user/.m2/repository/org/apache/kerby/kerby-config/1.0.1/kerby-config-1.0.1.jar:/home/user/.m2/repository/org/apache/kerby/kerb-core/1.0.1/kerb-core-1.0.1.jar:/home/user/.m2/repository/org/apache/kerby/kerby-pkix/1.0.1/kerby-pkix-1.0.1.jar:/home/user/.m2/repository/org/apache/kerby/kerby-asn1/1.0.1/kerby-asn1-1.0.1.jar:/home/user/.m2/repository/org/apache/kerby/kerby-util/1.0.1/kerby-util-1.0.1.jar:/home/user/.m2/repository/org/apache/kerby/kerb-common/1.0.1/kerb-common-1.0.1.jar:/home/user/.m2/repository/org/apache/kerby/kerb-crypto/1.0.1/kerb-crypto-1.0.1.jar:/home/user/.m2/repository/org/apache/kerby/kerb-util/1.0.1/kerb-util-1.0.1.jar:/home/user/.m2/repository/org/apache/kerby/token-provider/1.0.1/token-provider-1.0.1.jar:/home/user/.m2/repository/org/apache/kerby/kerb-admin/1.0.1/kerb-admin-1.0.1.jar:/home/user/.m2/repository/org/apache/kerby/kerb-server/1.0.1/kerb-server-1.0.1.jar:/home/user/.m2/repository/org/apache/kerby/kerb-identity/1.0.1/kerb-identity-1.0.1.jar:/home/user/.m2/repository/org/apache/kerby/kerby-xdr/1.0.1/kerby-xdr-1.0.1.jar:/home/user/.m2/repository/com/fasterxml/jackson/core/jackson-databind/2.9.9/jackson-databind-2.9.9.jar:/home/user/.m2/repository/com/fasterxml/jackson/core/jackson-core/2.9.9/jackson-core-2.9.9.jar:/home/user/.m2/repository/org/codehaus/woodstox/stax2-api/3.1.4/stax2-api-3.1.4.jar:/home/user/.m2/repository/com/fasterxml/woodstox/woodstox-core/5.0.3/woodstox-core-5.0.3.jar:/home/user/.m2/repository/dnsjava/dnsjava/2.1.7/dnsjava-2.1.7.jar:/home/user/.m2/repository/org/apache/hadoop/hadoop-hdfs/3.2.0/hadoop-hdfs-3.2.0.jar:/home/user/.m2/repository/org/eclipse/jetty/jetty-util-ajax/9.3.25.v20180904/jetty-util-ajax-9.3.25.v20180904.jar:/home/user/.m2/repository/commons-daemon/commons-daemon/1.0.13/commons-daemon-1.0.13.jar:/home/user/.m2/repository/io/netty/netty/3.10.5.Final/netty-3.10.5.Final.jar:/home/user/.m2/repository/io/netty/netty-all/4.0.52.Final/netty-all-4.0.52.Final.jar:/home/user/.m2/repository/org/fusesource/leveldbjni/leveldbjni-all/1.8/leveldbjni-all-1.8.jar:/home/user/.m2/repository/com/sun/xml/bind/jaxb-core/2.3.0.1/jaxb-core-2.3.0.1.jar:/home/user/.m2/repository/javax/xml/bind/jaxb-api/2.3.0/jaxb-api-2.3.0.jar:/home/user/.m2/repository/javax/activation/activation/1.1.1/activation-1.1.1.jar:/home/user/.m2/repository/io/dropwizard/metrics/metrics-core/3.2.4/metrics-core-3.2.4.jar:/home/user/.m2/repository/org/openjdk/jmh/jmh-core/1.19/jmh-core-1.19.jar:/home/user/.m2/repository/net/sf/jopt-simple/jopt-simple/4.6/jopt-simple-4.6.jar:/home/user/.m2/repository/org/openjdk/jmh/jmh-generator-annprocess/1.19/jmh-generator-annprocess-1.19.jar:/home/user/.m2/repository/com/amazonaws/aws-java-sdk-s3/1.11.615/aws-java-sdk-s3-1.11.615.jar:/home/user/.m2/repository/com/amazonaws/aws-java-sdk-kms/1.11.615/aws-java-sdk-kms-1.11.615.jar:/home/user/.m2/repository/com/amazonaws/aws-java-sdk-core/1.11.615/aws-java-sdk-core-1.11.615.jar:/home/user/.m2/repository/software/amazon/ion/ion-java/1.0.2/ion-java-1.0.2.jar:/home/user/.m2/repository/com/fasterxml/jackson/dataformat/jackson-dataformat-cbor/2.9.9/jackson-dataformat-cbor-2.9.9.jar:/home/user/.m2/repository/joda-time/joda-time/2.9.9/joda-time-2.9.9.jar:/home/user/.m2/repository/com/amazonaws/jmespath-java/1.11.615/jmespath-java-1.11.615.jar:/home/user/.m2/repository/com/google/code/findbugs/findbugs/3.0.1/findbugs-3.0.1.jar:/home/user/.m2/repository/net/jcip/jcip-annotations/1.0/jcip-annotations-1.0.jar:/home/user/.m2/repository/com/google/code/findbugs/bcel-findbugs/6.0/bcel-findbugs-6.0.jar:/home/user/.m2/repository/com/google/code/findbugs/jFormatString/2.0.1/jFormatString-2.0.1.jar:/home/user/.m2/repository/dom4j/dom4j/1.6.1/dom4j-1.6.1.jar:/home/user/.m2/repository/xml-apis/xml-apis/1.0.b2/xml-apis-1.0.b2.jar:/home/user/.m2/repository/org/ow2/asm/asm-debug-all/5.0.2/asm-debug-all-5.0.2.jar:/home/user/.m2/repository/org/ow2/asm/asm-commons/5.0.2/asm-commons-5.0.2.jar:/home/user/.m2/repository/org/ow2/asm/asm-tree/5.0.2/asm-tree-5.0.2.jar:/home/user/.m2/repository/org/ow2/asm/asm/5.0.4/asm-5.0.4.jar:/home/user/.m2/repository/commons-lang/commons-lang/2.6/commons-lang-2.6.jar:/home/user/.m2/repository/com/apple/AppleJavaExtensions/1.4/AppleJavaExtensions-1.4.jar:/home/user/.m2/repository/jaxen/jaxen/1.1.6/jaxen-1.1.6.jar:/home/user/.m2/repository/junit/junit/4.11/junit-4.11.jar:/home/user/.m2/repository/org/hamcrest/hamcrest-core/1.3/hamcrest-core-1.3.jar:/home/user/.m2/repository/org/apache/hadoop/hadoop-common/3.2.0/hadoop-common-3.2.0-tests.jar:/workdir/hadoop-ozone/integration-test/target/test-classes:/home/user/.m2/repository/org/apache/hadoop/hadoop-ozone-s3gateway/0.5.0-SNAPSHOT/hadoop-ozone-s3gateway-0.5.0-SNAPSHOT.jar:/home/user/.m2/repository/org/jboss/weld/servlet/weld-servlet/2.4.7.Final/weld-servlet-2.4.7.Final.jar:/home/user/.m2/repository/org/glassfish/jersey/containers/jersey-container-servlet-core/2.27/jersey-container-servlet-core-2.27.jar:/home/user/.m2/repository/org/glassfish/hk2/external/javax.inject/2.5.0-b42/javax.inject-2.5.0-b42.jar:/home/user/.m2/repository/org/glassfish/jersey/core/jersey-common/2.27/jersey-common-2.27.jar:/home/user/.m2/repository/org/glassfish/hk2/osgi-resource-locator/1.0.1/osgi-resource-locator-1.0.1.jar:/home/user/.m2/repository/javax/ws/rs/javax.ws.rs-api/2.1/javax.ws.rs-api-2.1.jar:/home/user/.m2/repository/org/glassfish/jersey/ext/cdi/jersey-cdi1x/2.27/jersey-cdi1x-2.27.jar:/home/user/.m2/repository/org/glassfish/jersey/inject/jersey-hk2/2.27/jersey-hk2-2.27.jar:/home/user/.m2/repository/org/glassfish/hk2/hk2-locator/2.5.0-b42/hk2-locator-2.5.0-b42.jar:/home/user/.m2/repository/org/javassist/javassist/3.22.0-CR2/javassist-3.22.0-CR2.jar:/home/user/.m2/repository/org/glassfish/hk2/hk2-api/2.5.0/hk2-api-2.5.0.jar:/home/user/.m2/repository/org/glassfish/hk2/external/jakarta.inject/2.5.0/jakarta.inject-2.5.0.jar:/home/user/.m2/repository/org/glassfish/hk2/hk2-utils/2.5.0/hk2-utils-2.5.0.jar:/home/user/.m2/repository/jakarta/annotation/jakarta.annotation-api/1.3.4/jakarta.annotation-api-1.3.4.jar:/home/user/.m2/repository/org/glassfish/hk2/external/aopalliance-repackaged/2.5.0/aopalliance-repackaged-2.5.0.jar:/home/user/.m2/repository/com/fasterxml/jackson/dataformat/jackson-dataformat-xml/2.9.0/jackson-dataformat-xml-2.9.0.jar:/home/user/.m2/repository/com/fasterxml/jackson/module/jackson-module-jaxb-annotations/2.9.9/jackson-module-jaxb-annotations-2.9.9.jar:/home/user/.m2/repository/javax/enterprise/cdi-api/1.2/cdi-api-1.2.jar:/home/user/.m2/repository/javax/el/javax.el-api/3.0.0/javax.el-api-3.0.0.jar:/home/user/.m2/repository/javax/interceptor/javax.interceptor-api/1.2/javax.interceptor-api-1.2.jar:/home/user/.m2/repository/javax/inject/javax.inject/1/javax.inject-1.jar:/home/user/.m2/repository/org/apache/hadoop/hadoop-ozone-csi/0.5.0-SNAPSHOT/hadoop-ozone-csi-0.5.0-SNAPSHOT.jar:/home/user/.m2/repository/com/google/protobuf/protobuf-java-util/3.5.1/protobuf-java-util-3.5.1.jar:/home/user/.m2/repository/io/grpc/grpc-netty/1.17.1/grpc-netty-1.17.1.jar:/home/user/.m2/repository/io/grpc/grpc-core/1.17.1/grpc-core-1.17.1.jar:/home/user/.m2/repository/io/grpc/grpc-context/1.17.1/grpc-context-1.17.1.jar:/home/user/.m2/repository/com/google/errorprone/error_prone_annotations/2.2.0/error_prone_annotations-2.2.0.jar:/home/user/.m2/repository/org/codehaus/mojo/animal-sniffer-annotations/1.17/animal-sniffer-annotations-1.17.jar:/home/user/.m2/repository/io/opencensus/opencensus-api/0.17.0/opencensus-api-0.17.0.jar:/home/user/.m2/repository/io/opencensus/opencensus-contrib-grpc-metrics/0.17.0/opencensus-contrib-grpc-metrics-0.17.0.jar:/home/user/.m2/repository/io/netty/netty-codec-http2/4.1.30.Final/netty-codec-http2-4.1.30.Final.jar:/home/user/.m2/repository/io/netty/netty-codec-http/4.1.30.Final/netty-codec-http-4.1.30.Final.jar:/home/user/.m2/repository/io/netty/netty-codec/4.1.30.Final/netty-codec-4.1.30.Final.jar:/home/user/.m2/repository/io/netty/netty-handler/4.1.30.Final/netty-handler-4.1.30.Final.jar:/home/user/.m2/repository/io/netty/netty-handler-proxy/4.1.30.Final/netty-handler-proxy-4.1.30.Final.jar:/home/user/.m2/repository/io/netty/netty-codec-socks/4.1.30.Final/netty-codec-socks-4.1.30.Final.jar:/home/user/.m2/repository/io/netty/netty-transport-native-epoll/4.1.30.Final/netty-transport-native-epoll-4.1.30.Final.jar:/home/user/.m2/repository/io/netty/netty-common/4.1.30.Final/netty-common-4.1.30.Final.jar:/home/user/.m2/repository/io/netty/netty-buffer/4.1.30.Final/netty-buffer-4.1.30.Final.jar:/home/user/.m2/repository/io/netty/netty-transport/4.1.30.Final/netty-transport-4.1.30.Final.jar:/home/user/.m2/repository/io/netty/netty-resolver/4.1.30.Final/netty-resolver-4.1.30.Final.jar:/home/user/.m2/repository/io/netty/netty-transport-native-unix-common/4.1.30.Final/netty-transport-native-unix-common-4.1.30.Final.jar:/home/user/.m2/repository/io/grpc/grpc-protobuf/1.17.1/grpc-protobuf-1.17.1.jar:/home/user/.m2/repository/com/google/api/grpc/proto-google-common-protos/1.0.0/proto-google-common-protos-1.0.0.jar:/home/user/.m2/repository/io/grpc/grpc-protobuf-lite/1.17.1/grpc-protobuf-lite-1.17.1.jar:/home/user/.m2/repository/io/grpc/grpc-stub/1.17.1/grpc-stub-1.17.1.jar:/home/user/.m2/repository/org/apache/hadoop/hadoop-ozone-recon/0.5.0-SNAPSHOT/hadoop-ozone-recon-0.5.0-SNAPSHOT.jar:/home/user/.m2/repository/org/apache/hadoop/hadoop-ozone-reconcodegen/0.5.0-SNAPSHOT/hadoop-ozone-reconcodegen-0.5.0-SNAPSHOT.jar:/home/user/.m2/repository/com/google/inject/extensions/guice-multibindings/4.0/guice-multibindings-4.0.jar:/home/user/.m2/repository/com/google/inject/guice/4.0/guice-4.0.jar:/home/user/.m2/repository/aopalliance/aopalliance/1.0/aopalliance-1.0.jar:/home/user/.m2/repository/com/google/inject/extensions/guice-servlet/4.0/guice-servlet-4.0.jar:/home/user/.m2/repository/org/glassfish/jersey/containers/jersey-container-servlet/2.27/jersey-container-servlet-2.27.jar:/home/user/.m2/repository/org/glassfish/hk2/guice-bridge/2.5.0/guice-bridge-2.5.0.jar:/home/user/.m2/repository/org/glassfish/jersey/core/jersey-server/2.27/jersey-server-2.27.jar:/home/user/.m2/repository/org/glassfish/jersey/core/jersey-client/2.27/jersey-client-2.27.jar:/home/user/.m2/repository/org/glassfish/jersey/media/jersey-media-jaxb/2.27/jersey-media-jaxb-2.27.jar:/home/user/.m2/repository/javax/validation/validation-api/1.1.0.Final/validation-api-1.1.0.Final.jar:/home/user/.m2/repository/org/glassfish/jersey/media/jersey-media-json-jackson/2.27/jersey-media-json-jackson-2.27.jar:/home/user/.m2/repository/org/glassfish/jersey/ext/jersey-entity-filtering/2.27/jersey-entity-filtering-2.27.jar:/home/user/.m2/repository/com/google/inject/extensions/guice-assistedinject/4.0/guice-assistedinject-4.0.jar:/home/user/.m2/repository/org/jooq/jooq/3.11.10/jooq-3.11.10.jar:/home/user/.m2/repository/org/jooq/jooq-meta/3.11.10/jooq-meta-3.11.10.jar:/home/user/.m2/repository/org/jooq/jooq-codegen/3.11.10/jooq-codegen-3.11.10.jar:/home/user/.m2/repository/com/jolbox/bonecp/0.8.0.RELEASE/bonecp-0.8.0.RELEASE.jar:/home/user/.m2/repository/org/springframework/spring-jdbc/5.1.3.RELEASE/spring-jdbc-5.1.3.RELEASE.jar:/home/user/.m2/repository/org/springframework/spring-beans/5.1.3.RELEASE/spring-beans-5.1.3.RELEASE.jar:/home/user/.m2/repository/org/springframework/spring-core/5.1.3.RELEASE/spring-core-5.1.3.RELEASE.jar:/home/user/.m2/repository/org/springframework/spring-jcl/5.1.3.RELEASE/spring-jcl-5.1.3.RELEASE.jar:/home/user/.m2/repository/org/springframework/spring-tx/5.1.3.RELEASE/spring-tx-5.1.3.RELEASE.jar:/home/user/.m2/repository/org/mockito/mockito-core/2.15.0/mockito-core-2.15.0.jar:/home/user/.m2/repository/net/bytebuddy/byte-buddy/1.7.9/byte-buddy-1.7.9.jar:/home/user/.m2/repository/net/bytebuddy/byte-buddy-agent/1.7.9/byte-buddy-agent-1.7.9.jar:/home/user/.m2/repository/org/objenesis/objenesis/1.0/objenesis-1.0.jar:"/>
    <property name="sun.cpu.endian" value="little"/>
    <property name="user.home" value="/home/user"/>
    <property name="user.language" value="en"/>
    <property name="java.specification.vendor" value="Oracle Corporation"/>
    <property name="java.home" value="/usr/lib/jvm/java-1.8-openjdk/jre"/>
    <property name="java.security.krb5.conf" value="/workdir/hadoop-ozone/tools/target/test-classes/krb5.conf"/>
    <property name="basedir" value="/workdir/hadoop-ozone/tools"/>
    <property name="file.separator" value="/"/>
    <property name="line.separator" value="&#10;"/>
    <property name="java.vm.specification.vendor" value="Oracle Corporation"/>
    <property name="java.specification.name" value="Java Platform API Specification"/>
    <property name="java.awt.graphicsenv" value="sun.awt.X11GraphicsEnvironment"/>
    <property name="surefire.real.class.path" value="/workdir/hadoop-ozone/tools/target/surefire/surefirebooter2816135671425514231.jar"/>
    <property name="hadoop.log.dir" value="/workdir/hadoop-ozone/tools/target/log"/>
    <property name="sun.boot.class.path" value="/usr/lib/jvm/java-1.8-openjdk/jre/lib/resources.jar:/usr/lib/jvm/java-1.8-openjdk/jre/lib/rt.jar:/usr/lib/jvm/java-1.8-openjdk/jre/lib/sunrsasign.jar:/usr/lib/jvm/java-1.8-openjdk/jre/lib/jsse.jar:/usr/lib/jvm/java-1.8-openjdk/jre/lib/jce.jar:/usr/lib/jvm/java-1.8-openjdk/jre/lib/charsets.jar:/usr/lib/jvm/java-1.8-openjdk/jre/lib/jfr.jar:/usr/lib/jvm/java-1.8-openjdk/jre/classes"/>
    <property name="sun.management.compiler" value="HotSpot 64-Bit Tiered Compilers"/>
    <property name="java.runtime.version" value="1.8.0_212-b04"/>
    <property name="java.net.preferIPv4Stack" value="true"/>
    <property name="user.name" value="jenkins1000"/>
    <property name="path.separator" value=":"/>
    <property name="java.security.egd" value="file:///dev/urandom"/>
    <property name="os.version" value="3.10.0-957.12.2.el7.x86_64"/>
    <property name="java.endorsed.dirs" value="/usr/lib/jvm/java-1.8-openjdk/jre/lib/endorsed"/>
    <property name="java.runtime.name" value="OpenJDK Runtime Environment"/>
    <property name="file.encoding" value="UTF-8"/>
    <property name="java.vm.name" value="OpenJDK 64-Bit Server VM"/>
    <property name="test.build.webapps" value=""/>
    <property name="localRepository" value="/home/user/.m2/repository"/>
    <property name="java.vendor.url.bug" value="https://icedtea.classpath.org/bugzilla"/>
    <property name="java.io.tmpdir" value="/tmp"/>
    <property name="require.test.libhadoop" value=""/>
    <property name="java.version" value="1.8.0_212"/>
    <property name="user.dir" value="/workdir/hadoop-ozone/tools"/>
    <property name="os.arch" value="amd64"/>
    <property name="java.vm.specification.name" value="Java Virtual Machine Specification"/>
    <property name="test.build.classes" value="/workdir/hadoop-ozone/tools/target/test-classes"/>
    <property name="java.awt.printerjob" value="sun.print.PSPrinterJob"/>
    <property name="sun.os.patch.level" value="unknown"/>
    <property name="hadoop.tmp.dir" value="/workdir/hadoop-ozone/tools/target/tmp"/>
    <property name="java.library.path" value="/usr/lib/jvm/java-1.8-openjdk/jre/lib/amd64/server:/usr/lib/jvm/java-1.8-openjdk/jre/lib/amd64:/usr/lib/jvm/java-1.8-openjdk/jre/../lib/amd64:/workdir/hadoop-ozone/tools/target/native/target/usr/local/lib:/workdir/hadoop-ozone/tools/../../hadoop-common-project/hadoop-common/target/native/target/usr/local/lib:/usr/java/packages/lib/amd64:/usr/lib64:/lib64:/lib:/usr/lib"/>
    <property name="java.vm.info" value="mixed mode"/>
    <property name="java.vendor" value="IcedTea"/>
    <property name="java.vm.version" value="25.212-b04"/>
    <property name="java.ext.dirs" value="/usr/lib/jvm/java-1.8-openjdk/jre/lib/ext:/usr/java/packages/lib/ext"/>
    <property name="sun.io.unicode.encoding" value="UnicodeLittle"/>
    <property name="java.class.version" value="52.0"/>
  </properties>
  <testcase name="testRestart" classname="org.apache.hadoop.ozone.freon.TestFreonWithPipelineDestroy" time="40.615">
    <error message="PipelineID=0ecdf8e0-e467-4051-9d3e-a55ed724e41f not found" type="org.apache.hadoop.hdds.scm.pipeline.PipelineNotFoundException">org.apache.hadoop.hdds.scm.pipeline.PipelineNotFoundException: PipelineID=0ecdf8e0-e467-4051-9d3e-a55ed724e41f not found
	at org.apache.hadoop.hdds.scm.pipeline.PipelineStateMap.getPipeline(PipelineStateMap.java:132)
	at org.apache.hadoop.hdds.scm.pipeline.PipelineStateManager.getPipeline(PipelineStateManager.java:66)
	at org.apache.hadoop.hdds.scm.pipeline.SCMPipelineManager.getPipeline(SCMPipelineManager.java:191)
	at org.apache.hadoop.ozone.freon.TestFreonWithPipelineDestroy.destroyPipeline(TestFreonWithPipelineDestroy.java:104)
	at org.apache.hadoop.ozone.freon.TestFreonWithPipelineDestroy.testRestart(TestFreonWithPipelineDestroy.java:73)
	at sun.reflect.NativeMethodAccessorImpl.invoke0(Native Method)
	at sun.reflect.NativeMethodAccessorImpl.invoke(NativeMethodAccessorImpl.java:62)
	at sun.reflect.DelegatingMethodAccessorImpl.invoke(DelegatingMethodAccessorImpl.java:43)
	at java.lang.reflect.Method.invoke(Method.java:498)
	at org.junit.runners.model.FrameworkMethod$1.runReflectiveCall(FrameworkMethod.java:47)
	at org.junit.internal.runners.model.ReflectiveCallable.run(ReflectiveCallable.java:12)
	at org.junit.runners.model.FrameworkMethod.invokeExplosively(FrameworkMethod.java:44)
	at org.junit.internal.runners.statements.InvokeMethod.evaluate(InvokeMethod.java:17)
	at org.junit.runners.ParentRunner.runLeaf(ParentRunner.java:271)
	at org.junit.runners.BlockJUnit4ClassRunner.runChild(BlockJUnit4ClassRunner.java:70)
	at org.junit.runners.BlockJUnit4ClassRunner.runChild(BlockJUnit4ClassRunner.java:50)
	at org.junit.runners.ParentRunner$3.run(ParentRunner.java:238)
	at org.junit.runners.ParentRunner$1.schedule(ParentRunner.java:63)
	at org.junit.runners.ParentRunner.runChildren(ParentRunner.java:236)
	at org.junit.runners.ParentRunner.access$000(ParentRunner.java:53)
	at org.junit.runners.ParentRunner$2.evaluate(ParentRunner.java:229)
	at org.junit.internal.runners.statements.RunBefores.evaluate(RunBefores.java:26)
	at org.junit.internal.runners.statements.RunAfters.evaluate(RunAfters.java:27)
	at org.junit.runners.ParentRunner.run(ParentRunner.java:309)
	at org.apache.maven.surefire.junit4.JUnit4Provider.execute(JUnit4Provider.java:365)
	at org.apache.maven.surefire.junit4.JUnit4Provider.executeWithRerun(JUnit4Provider.java:273)
	at org.apache.maven.surefire.junit4.JUnit4Provider.executeTestSet(JUnit4Provider.java:238)
	at org.apache.maven.surefire.junit4.JUnit4Provider.invoke(JUnit4Provider.java:159)
	at org.apache.maven.surefire.booter.ForkedBooter.invokeProviderInSameClassLoader(ForkedBooter.java:384)
	at org.apache.maven.surefire.booter.ForkedBooter.runSuitesInProcess(ForkedBooter.java:345)
	at org.apache.maven.surefire.booter.ForkedBooter.execute(ForkedBooter.java:126)
	at org.apache.maven.surefire.booter.ForkedBooter.main(ForkedBooter.java:418)
</error>
    <system-out><![CDATA[2019-09-23 17:36:50,063 [main] WARN  server.ServerUtils (ServerUtils.java:getScmDbDir(145)) - ozone.scm.db.dirs is not configured. We recommend adding this setting. Falling back to ozone.metadata.dirs instead.
2019-09-23 17:36:51,169 [main] WARN  server.ServerUtils (ServerUtils.java:getScmDbDir(145)) - ozone.scm.db.dirs is not configured. We recommend adding this setting. Falling back to ozone.metadata.dirs instead.
2019-09-23 17:36:51,172 [main] WARN  server.ServerUtils (ServerUtils.java:getScmDbDir(145)) - ozone.scm.db.dirs is not configured. We recommend adding this setting. Falling back to ozone.metadata.dirs instead.
2019-09-23 17:36:51,186 [main] INFO  util.log (Log.java:initialized(192)) - Logging initialized @1846ms
2019-09-23 17:36:51,274 [main] INFO  db.DBStoreBuilder (DBStoreBuilder.java:addTable(110)) - using custom profile for table: deletedBlocks
2019-09-23 17:36:51,274 [main] INFO  db.DBStoreBuilder (DBStoreBuilder.java:processTables(161)) - Using default column profile:DBProfile.DISK for Table:deletedBlocks
2019-09-23 17:36:51,275 [main] INFO  db.DBStoreBuilder (DBStoreBuilder.java:addTable(110)) - using custom profile for table: validCerts
2019-09-23 17:36:51,275 [main] INFO  db.DBStoreBuilder (DBStoreBuilder.java:processTables(161)) - Using default column profile:DBProfile.DISK for Table:validCerts
2019-09-23 17:36:51,275 [main] INFO  db.DBStoreBuilder (DBStoreBuilder.java:addTable(110)) - using custom profile for table: revokedCerts
2019-09-23 17:36:51,276 [main] INFO  db.DBStoreBuilder (DBStoreBuilder.java:processTables(161)) - Using default column profile:DBProfile.DISK for Table:revokedCerts
2019-09-23 17:36:51,285 [main] INFO  db.DBStoreBuilder (DBStoreBuilder.java:addTable(110)) - using custom profile for table: default
2019-09-23 17:36:51,285 [main] INFO  db.DBStoreBuilder (DBStoreBuilder.java:processTables(167)) - Using default column profile:DBProfile.DISK for Table:default
2019-09-23 17:36:51,286 [main] INFO  db.DBStoreBuilder (DBStoreBuilder.java:getDbProfile(198)) - Using default options. DBProfile.DISK
2019-09-23 17:36:53,140 [main] INFO  net.NodeSchemaLoader (NodeSchemaLoader.java:loadSchemaFromFile(125)) - Loading file from sun.misc.CompoundEnumeration@65fb9ffc
2019-09-23 17:36:53,142 [main] INFO  net.NodeSchemaLoader (NodeSchemaLoader.java:loadSchema(171)) - Loading network topology layer schema file
2019-09-23 17:36:53,215 [main] INFO  node.SCMNodeManager (SCMNodeManager.java:<init>(114)) - Entering startup safe mode.
2019-09-23 17:36:53,288 [main] INFO  algorithms.ContainerPlacementPolicyFactory (ContainerPlacementPolicyFactory.java:getPolicy(57)) - Create container placement policy of type org.apache.hadoop.hdds.scm.container.placement.algorithms.SCMContainerPlacementRandom
2019-09-23 17:36:53,302 [main] WARN  server.ServerUtils (ServerUtils.java:getScmDbDir(145)) - ozone.scm.db.dirs is not configured. We recommend adding this setting. Falling back to ozone.metadata.dirs instead.
2019-09-23 17:36:54,318 [main] INFO  pipeline.SCMPipelineManager (SCMPipelineManager.java:initializePipelineState(132)) - No pipeline exists in current db
2019-09-23 17:36:54,322 [main] WARN  server.ServerUtils (ServerUtils.java:getScmDbDir(145)) - ozone.scm.db.dirs is not configured. We recommend adding this setting. Falling back to ozone.metadata.dirs instead.
2019-09-23 17:36:54,918 [main] WARN  events.EventQueue (EventQueue.java:fireEvent(183)) - No event handler registered for event TypedEvent{payloadType=SafeModeStatus, name='SafeModeStatus'}
2019-09-23 17:36:55,291 [main] INFO  ipc.CallQueueManager (CallQueueManager.java:<init>(84)) - Using callQueue: class java.util.concurrent.LinkedBlockingQueue, queueCapacity: 2000, scheduler: class org.apache.hadoop.ipc.DefaultRpcScheduler, ipcBackoff: false.
2019-09-23 17:36:55,321 [Socket Reader #1 for port 44396] INFO  ipc.Server (Server.java:run(1074)) - Starting Socket Reader #1 for port 44396
2019-09-23 17:36:55,480 [main] INFO  ipc.CallQueueManager (CallQueueManager.java:<init>(84)) - Using callQueue: class java.util.concurrent.LinkedBlockingQueue, queueCapacity: 2000, scheduler: class org.apache.hadoop.ipc.DefaultRpcScheduler, ipcBackoff: false.
2019-09-23 17:36:55,481 [Socket Reader #1 for port 37428] INFO  ipc.Server (Server.java:run(1074)) - Starting Socket Reader #1 for port 37428
2019-09-23 17:36:55,492 [main] INFO  ipc.CallQueueManager (CallQueueManager.java:<init>(84)) - Using callQueue: class java.util.concurrent.LinkedBlockingQueue, queueCapacity: 2000, scheduler: class org.apache.hadoop.ipc.DefaultRpcScheduler, ipcBackoff: false.
2019-09-23 17:36:55,493 [Socket Reader #1 for port 39853] INFO  ipc.Server (Server.java:run(1074)) - Starting Socket Reader #1 for port 39853
2019-09-23 17:36:55,524 [main] INFO  hdfs.DFSUtil (DFSUtil.java:httpServerTemplateForNNAndJN(1641)) - Starting Web-server for scm at: http://0.0.0.0:0
2019-09-23 17:36:55,692 [main] INFO  server.AuthenticationFilter (AuthenticationFilter.java:constructSecretProvider(240)) - Unable to initialize FileSignerSecretProvider, falling back to use random secrets.
2019-09-23 17:36:55,714 [main] WARN  http.HttpRequestLog (HttpRequestLog.java:getRequestLog(97)) - Jetty request log can only be enabled using Log4j
2019-09-23 17:36:55,728 [main] INFO  http.HttpServer2 (HttpServer2.java:addGlobalFilter(975)) - Added global filter 'safety' (class=org.apache.hadoop.http.HttpServer2$QuotingInputFilter)
2019-09-23 17:36:55,732 [main] INFO  http.HttpServer2 (HttpServer2.java:addFilter(948)) - Added filter static_user_filter (class=org.apache.hadoop.http.lib.StaticUserWebFilter$StaticUserFilter) to context scm
2019-09-23 17:36:55,732 [main] INFO  http.HttpServer2 (HttpServer2.java:addFilter(958)) - Added filter static_user_filter (class=org.apache.hadoop.http.lib.StaticUserWebFilter$StaticUserFilter) to context static
2019-09-23 17:36:55,732 [main] INFO  http.HttpServer2 (HttpServer2.java:addFilter(958)) - Added filter static_user_filter (class=org.apache.hadoop.http.lib.StaticUserWebFilter$StaticUserFilter) to context logs
2019-09-23 17:36:55,766 [main] INFO  server.StorageContainerManager (StorageContainerManager.java:start(770)) - StorageContainerLocationProtocol RPC server is listening at /0.0.0.0:39853
2019-09-23 17:36:55,824 [main] WARN  impl.MetricsConfig (MetricsConfig.java:loadFirst(134)) - Cannot locate configuration: tried hadoop-metrics2-storagecontainermanager.properties,hadoop-metrics2.properties
2019-09-23 17:36:55,837 [main] INFO  impl.MetricsSystemImpl (MetricsSystemImpl.java:startTimer(374)) - Scheduled Metric snapshot period at 10 second(s).
2019-09-23 17:36:55,837 [main] INFO  impl.MetricsSystemImpl (MetricsSystemImpl.java:start(191)) - StorageContainerManager metrics system started
2019-09-23 17:36:56,059 [main] INFO  server.SCMClientProtocolServer (SCMClientProtocolServer.java:start(151)) - RPC server for Client  is listening at /0.0.0.0:39853
2019-09-23 17:36:56,060 [IPC Server Responder] INFO  ipc.Server (Server.java:run(1314)) - IPC Server Responder: starting
2019-09-23 17:36:56,060 [IPC Server listener on 39853] INFO  ipc.Server (Server.java:run(1153)) - IPC Server listener on 39853: starting
2019-09-23 17:36:56,064 [main] INFO  server.StorageContainerManager (StorageContainerManager.java:start(780)) - ScmBlockLocationProtocol RPC server is listening at /0.0.0.0:37428
2019-09-23 17:36:56,065 [main] INFO  server.SCMBlockProtocolServer (SCMBlockProtocolServer.java:start(146)) - RPC server for Block Protocol is listening at /0.0.0.0:37428
2019-09-23 17:36:56,065 [IPC Server Responder] INFO  ipc.Server (Server.java:run(1314)) - IPC Server Responder: starting
2019-09-23 17:36:56,066 [IPC Server listener on 37428] INFO  ipc.Server (Server.java:run(1153)) - IPC Server listener on 37428: starting
2019-09-23 17:36:56,068 [main] INFO  server.StorageContainerManager (StorageContainerManager.java:start(784)) - ScmDatanodeProtocl RPC server is listening at /0.0.0.0:44396
2019-09-23 17:36:56,068 [main] INFO  server.SCMDatanodeProtocolServer (SCMDatanodeProtocolServer.java:start(191)) - RPC server for DataNodes is listening at /0.0.0.0:44396
2019-09-23 17:36:56,069 [IPC Server Responder] INFO  ipc.Server (Server.java:run(1314)) - IPC Server Responder: starting
2019-09-23 17:36:56,069 [IPC Server listener on 44396] INFO  ipc.Server (Server.java:run(1153)) - IPC Server listener on 44396: starting
2019-09-23 17:36:56,073 [main] INFO  http.HttpServer2 (HttpServer2.java:bindListener(1191)) - Jetty bound to port 45631
2019-09-23 17:36:56,075 [main] INFO  server.Server (Server.java:doStart(351)) - jetty-9.3.25.v20180904, build timestamp: 2018-09-04T21:11:46Z, git hash: 3ce520221d0240229c862b122d2b06c12a625732
2019-09-23 17:36:56,109 [main] INFO  handler.ContextHandler (ContextHandler.java:doStart(781)) - Started o.e.j.s.ServletContextHandler@34f7234e{/logs,file:///workdir/hadoop-ozone/tools/target/log,AVAILABLE}
2019-09-23 17:36:56,110 [main] INFO  handler.ContextHandler (ContextHandler.java:doStart(781)) - Started o.e.j.s.ServletContextHandler@44e3a2b2{/static,jar:file:/home/user/.m2/repository/org/apache/hadoop/hadoop-hdds-server-scm/0.5.0-SNAPSHOT/hadoop-hdds-server-scm-0.5.0-SNAPSHOT.jar!/webapps/static,AVAILABLE}
2019-09-23 17:36:56,180 [main] INFO  handler.ContextHandler (ContextHandler.java:doStart(781)) - Started o.e.j.w.WebAppContext@70ab80e3{/,file:///tmp/jetty-0.0.0.0-45631-scm-_-any-705755443916077646.dir/webapp/,AVAILABLE}{/scm}
2019-09-23 17:36:56,185 [main] INFO  server.AbstractConnector (AbstractConnector.java:doStart(278)) - Started ServerConnector@410954b{HTTP/1.1,[http/1.1]}{0.0.0.0:45631}
2019-09-23 17:36:56,186 [main] INFO  server.Server (Server.java:doStart(419)) - Started @6845ms
2019-09-23 17:36:56,188 [main] INFO  impl.MetricsSinkAdapter (MetricsSinkAdapter.java:start(204)) - Sink prometheus started
2019-09-23 17:36:56,188 [main] INFO  impl.MetricsSystemImpl (MetricsSystemImpl.java:registerSink(301)) - Registered sink prometheus
2019-09-23 17:36:56,190 [main] INFO  server.BaseHttpServer (BaseHttpServer.java:updateConnectorAddress(215)) - HTTP server of SCM is listening at http://0.0.0.0:45631
2019-09-23 17:36:56,202 [org.apache.hadoop.util.JvmPauseMonitor$Monitor@579d011c] INFO  util.JvmPauseMonitor (JvmPauseMonitor.java:run(188)) - Starting JVM pause monitor
2019-09-23 17:36:56,208 [main] WARN  server.ServerUtils (ServerUtils.java:getDBPath(222)) - ozone.om.db.dirs is not configured. We recommend adding this setting. Falling back to ozone.metadata.dirs instead.
2019-09-23 17:36:56,397 [main] WARN  server.ServerUtils (ServerUtils.java:getDBPath(222)) - ozone.om.db.dirs is not configured. We recommend adding this setting. Falling back to ozone.metadata.dirs instead.
2019-09-23 17:36:56,397 [main] WARN  server.ServerUtils (ServerUtils.java:getDBPath(222)) - ozone.om.db.dirs is not configured. We recommend adding this setting. Falling back to ozone.metadata.dirs instead.
2019-09-23 17:36:56,398 [main] INFO  om.OzoneManager (OzoneManager.java:setOMNodeDetails(652)) - OM Service ID is not set. Setting it to the default ID: omServiceIdDefault
2019-09-23 17:36:56,399 [main] INFO  om.OzoneManager (OzoneManager.java:setOMNodeDetails(658)) - OM Node ID is not set. Setting it to the OmStorage's OmID: 35b2b23d-40d1-40cb-bfea-1180fc43c6d6
2019-09-23 17:36:56,400 [main] INFO  om.OzoneManager (OzoneManager.java:loadOMHAConfigs(609)) - Found matching OM address with OMServiceId: null, OMNodeId: null, RPC Address: localhost:0 and Ratis port: 9872
2019-09-23 17:36:57,133 [main] WARN  server.ServerUtils (ServerUtils.java:getDBPath(222)) - ozone.om.db.dirs is not configured. We recommend adding this setting. Falling back to ozone.metadata.dirs instead.
2019-09-23 17:36:57,141 [main] INFO  db.DBStoreBuilder (DBStoreBuilder.java:addTable(110)) - using custom profile for table: userTable
2019-09-23 17:36:57,141 [main] INFO  db.DBStoreBuilder (DBStoreBuilder.java:processTables(161)) - Using default column profile:DBProfile.DISK for Table:userTable
2019-09-23 17:36:57,141 [main] INFO  db.DBStoreBuilder (DBStoreBuilder.java:addTable(110)) - using custom profile for table: volumeTable
2019-09-23 17:36:57,141 [main] INFO  db.DBStoreBuilder (DBStoreBuilder.java:processTables(161)) - Using default column profile:DBProfile.DISK for Table:volumeTable
2019-09-23 17:36:57,142 [main] INFO  db.DBStoreBuilder (DBStoreBuilder.java:addTable(110)) - using custom profile for table: bucketTable
2019-09-23 17:36:57,142 [main] INFO  db.DBStoreBuilder (DBStoreBuilder.java:processTables(161)) - Using default column profile:DBProfile.DISK for Table:bucketTable
2019-09-23 17:36:57,142 [main] INFO  db.DBStoreBuilder (DBStoreBuilder.java:addTable(110)) - using custom profile for table: keyTable
2019-09-23 17:36:57,142 [main] INFO  db.DBStoreBuilder (DBStoreBuilder.java:processTables(161)) - Using default column profile:DBProfile.DISK for Table:keyTable
2019-09-23 17:36:57,143 [main] INFO  db.DBStoreBuilder (DBStoreBuilder.java:addTable(110)) - using custom profile for table: deletedTable
2019-09-23 17:36:57,143 [main] INFO  db.DBStoreBuilder (DBStoreBuilder.java:processTables(161)) - Using default column profile:DBProfile.DISK for Table:deletedTable
2019-09-23 17:36:57,143 [main] INFO  db.DBStoreBuilder (DBStoreBuilder.java:addTable(110)) - using custom profile for table: openKeyTable
2019-09-23 17:36:57,143 [main] INFO  db.DBStoreBuilder (DBStoreBuilder.java:processTables(161)) - Using default column profile:DBProfile.DISK for Table:openKeyTable
2019-09-23 17:36:57,144 [main] INFO  db.DBStoreBuilder (DBStoreBuilder.java:addTable(110)) - using custom profile for table: s3Table
2019-09-23 17:36:57,144 [main] INFO  db.DBStoreBuilder (DBStoreBuilder.java:processTables(161)) - Using default column profile:DBProfile.DISK for Table:s3Table
2019-09-23 17:36:57,144 [main] INFO  db.DBStoreBuilder (DBStoreBuilder.java:addTable(110)) - using custom profile for table: multipartInfoTable
2019-09-23 17:36:57,144 [main] INFO  db.DBStoreBuilder (DBStoreBuilder.java:processTables(161)) - Using default column profile:DBProfile.DISK for Table:multipartInfoTable
2019-09-23 17:36:57,145 [main] INFO  db.DBStoreBuilder (DBStoreBuilder.java:addTable(110)) - using custom profile for table: dTokenTable
2019-09-23 17:36:57,145 [main] INFO  db.DBStoreBuilder (DBStoreBuilder.java:processTables(161)) - Using default column profile:DBProfile.DISK for Table:dTokenTable
2019-09-23 17:36:57,145 [main] INFO  db.DBStoreBuilder (DBStoreBuilder.java:addTable(110)) - using custom profile for table: s3SecretTable
2019-09-23 17:36:57,145 [main] INFO  db.DBStoreBuilder (DBStoreBuilder.java:processTables(161)) - Using default column profile:DBProfile.DISK for Table:s3SecretTable
2019-09-23 17:36:57,146 [main] INFO  db.DBStoreBuilder (DBStoreBuilder.java:addTable(110)) - using custom profile for table: prefixTable
2019-09-23 17:36:57,146 [main] INFO  db.DBStoreBuilder (DBStoreBuilder.java:processTables(161)) - Using default column profile:DBProfile.DISK for Table:prefixTable
2019-09-23 17:36:57,146 [main] INFO  db.DBStoreBuilder (DBStoreBuilder.java:addTable(110)) - using custom profile for table: default
2019-09-23 17:36:57,146 [main] INFO  db.DBStoreBuilder (DBStoreBuilder.java:processTables(167)) - Using default column profile:DBProfile.DISK for Table:default
2019-09-23 17:36:57,147 [main] INFO  db.DBStoreBuilder (DBStoreBuilder.java:getDbProfile(198)) - Using default options. DBProfile.DISK
2019-09-23 17:36:58,190 [main] INFO  ipc.CallQueueManager (CallQueueManager.java:<init>(84)) - Using callQueue: class java.util.concurrent.LinkedBlockingQueue, queueCapacity: 2000, scheduler: class org.apache.hadoop.ipc.DefaultRpcScheduler, ipcBackoff: false.
2019-09-23 17:36:58,191 [Socket Reader #1 for port 44914] INFO  ipc.Server (Server.java:run(1074)) - Starting Socket Reader #1 for port 44914
2019-09-23 17:36:58,214 [main] INFO  om.OzoneManager (OzoneManager.java:start(1243)) - OzoneManager RPC server is listening at localhost/127.0.0.1:44914
2019-09-23 17:36:58,214 [main] INFO  impl.MetricsSystemImpl (MetricsSystemImpl.java:init(158)) - OzoneManager metrics system started (again)
2019-09-23 17:36:58,216 [IPC Server Responder] INFO  ipc.Server (Server.java:run(1314)) - IPC Server Responder: starting
2019-09-23 17:36:58,217 [IPC Server listener on 44914] INFO  ipc.Server (Server.java:run(1153)) - IPC Server listener on 44914: starting
2019-09-23 17:36:58,223 [main] INFO  hdfs.DFSUtil (DFSUtil.java:httpServerTemplateForNNAndJN(1641)) - Starting Web-server for ozoneManager at: http://0.0.0.0:0
2019-09-23 17:36:58,225 [main] INFO  server.AuthenticationFilter (AuthenticationFilter.java:constructSecretProvider(240)) - Unable to initialize FileSignerSecretProvider, falling back to use random secrets.
2019-09-23 17:36:58,225 [main] WARN  http.HttpRequestLog (HttpRequestLog.java:getRequestLog(97)) - Jetty request log can only be enabled using Log4j
2019-09-23 17:36:58,227 [main] INFO  http.HttpServer2 (HttpServer2.java:addGlobalFilter(975)) - Added global filter 'safety' (class=org.apache.hadoop.http.HttpServer2$QuotingInputFilter)
2019-09-23 17:36:58,228 [main] INFO  http.HttpServer2 (HttpServer2.java:addFilter(948)) - Added filter static_user_filter (class=org.apache.hadoop.http.lib.StaticUserWebFilter$StaticUserFilter) to context ozoneManager
2019-09-23 17:36:58,228 [main] INFO  http.HttpServer2 (HttpServer2.java:addFilter(958)) - Added filter static_user_filter (class=org.apache.hadoop.http.lib.StaticUserWebFilter$StaticUserFilter) to context logs
2019-09-23 17:36:58,228 [main] INFO  http.HttpServer2 (HttpServer2.java:addFilter(958)) - Added filter static_user_filter (class=org.apache.hadoop.http.lib.StaticUserWebFilter$StaticUserFilter) to context static
2019-09-23 17:36:58,230 [main] INFO  http.HttpServer2 (HttpServer2.java:bindListener(1191)) - Jetty bound to port 35838
2019-09-23 17:36:58,230 [main] INFO  server.Server (Server.java:doStart(351)) - jetty-9.3.25.v20180904, build timestamp: 2018-09-04T21:11:46Z, git hash: 3ce520221d0240229c862b122d2b06c12a625732
2019-09-23 17:36:58,233 [main] INFO  handler.ContextHandler (ContextHandler.java:doStart(781)) - Started o.e.j.s.ServletContextHandler@444548a0{/logs,file:///workdir/hadoop-ozone/tools/target/log,AVAILABLE}
2019-09-23 17:36:58,233 [main] INFO  handler.ContextHandler (ContextHandler.java:doStart(781)) - Started o.e.j.s.ServletContextHandler@773c0293{/static,jar:file:/home/user/.m2/repository/org/apache/hadoop/hadoop-ozone-ozone-manager/0.5.0-SNAPSHOT/hadoop-ozone-ozone-manager-0.5.0-SNAPSHOT.jar!/webapps/static,AVAILABLE}
2019-09-23 17:36:58,282 [main] INFO  handler.ContextHandler (ContextHandler.java:doStart(781)) - Started o.e.j.w.WebAppContext@7aad3f7d{/,file:///tmp/jetty-0.0.0.0-35838-ozoneManager-_-any-7631070972837403203.dir/webapp/,AVAILABLE}{/ozoneManager}
2019-09-23 17:36:58,282 [main] INFO  server.AbstractConnector (AbstractConnector.java:doStart(278)) - Started ServerConnector@6f667ad1{HTTP/1.1,[http/1.1]}{0.0.0.0:35838}
2019-09-23 17:36:58,283 [main] INFO  server.Server (Server.java:doStart(419)) - Started @8943ms
2019-09-23 17:36:58,283 [main] WARN  impl.MetricsSystemImpl (MetricsSystemImpl.java:register(276)) - Sink prometheus already exists!
2019-09-23 17:36:58,284 [main] INFO  server.BaseHttpServer (BaseHttpServer.java:updateConnectorAddress(215)) - HTTP server of OZONEMANAGER is listening at http://0.0.0.0:35838
2019-09-23 17:36:58,658 [main] INFO  impl.MetricsSystemImpl (MetricsSystemImpl.java:init(158)) - HddsDatanode metrics system started (again)
2019-09-23 17:36:58,712 [main] INFO  ozone.HddsDatanodeService (HddsDatanodeService.java:start(184)) - HddsDatanodeService host:pr-hdds-2166-7skhj-3476174427 ip:192.168.34.17
2019-09-23 17:36:58,750 [main] INFO  volume.HddsVolume (HddsVolume.java:<init>(176)) - Creating Volume: /workdir/hadoop-ozone/tools/target/test-dir/MiniOzoneClusterImpl-65b0fc59-f639-42ad-af7f-2a0602235923/datanode-0/data/containers/hdds of  storage type : DISK and capacity : 1482555576320
2019-09-23 17:36:58,752 [main] INFO  volume.VolumeSet (VolumeSet.java:initializeVolumeSet(170)) - Added Volume : /workdir/hadoop-ozone/tools/target/test-dir/MiniOzoneClusterImpl-65b0fc59-f639-42ad-af7f-2a0602235923/datanode-0/data/containers/hdds to VolumeSet
2019-09-23 17:36:58,755 [main] INFO  volume.ThrottledAsyncChecker (ThrottledAsyncChecker.java:schedule(139)) - Scheduling a check for org.apache.hadoop.ozone.container.common.volume.HddsVolume@5cbd159f
2019-09-23 17:36:58,772 [main] INFO  volume.HddsVolumeChecker (HddsVolumeChecker.java:checkAllVolumes(202)) - Scheduled health check for volume org.apache.hadoop.ozone.container.common.volume.HddsVolume@5cbd159f
2019-09-23 17:36:58,899 [main] INFO  impl.RaftServerProxy (ConfUtils.java:logGet(43)) - raft.rpc.type = GRPC (default)
2019-09-23 17:36:58,977 [main] INFO  grpc.GrpcFactory (GrpcFactory.java:checkPooledByteBufAllocatorUseCacheForAllThreads(45)) - PERFORMANCE WARNING: useCacheForAllThreads is true that may cause Netty to create a lot garbage objects and, as a result, trigger GC.
	It is recommended to disable useCacheForAllThreads by setting -Dorg.apache.ratis.thirdparty.io.netty.allocator.useCacheForAllThreads=false in command line.
2019-09-23 17:36:58,989 [main] INFO  grpc.GrpcConfigKeys$Server (ConfUtils.java:logGet(43)) - raft.grpc.server.port = 0 (default)
2019-09-23 17:36:58,992 [main] INFO  server.GrpcService (ConfUtils.java:logGet(43)) - raft.grpc.message.size.max = 33570816 (custom)
2019-09-23 17:36:58,995 [main] INFO  server.RaftServerConfigKeys (ConfUtils.java:logGet(43)) - raft.server.log.appender.buffer.byte-limit = 33554432 (custom)
2019-09-23 17:36:58,997 [main] INFO  server.GrpcService (ConfUtils.java:logGet(43)) - raft.grpc.flow.control.window = 1MB (=1048576) (default)
2019-09-23 17:36:58,999 [main] INFO  server.RaftServerConfigKeys (ConfUtils.java:logGet(43)) - raft.server.rpc.request.timeout = 3000ms (default)
2019-09-23 17:36:59,195 [main] INFO  server.RaftServerConfigKeys (ConfUtils.java:logGet(43)) - raft.server.storage.dir = [/workdir/hadoop-ozone/tools/target/test-dir/MiniOzoneClusterImpl-65b0fc59-f639-42ad-af7f-2a0602235923/datanode-0/data/ratis] (custom)
2019-09-23 17:36:59,272 [main] INFO  hdfs.DFSUtil (DFSUtil.java:httpServerTemplateForNNAndJN(1641)) - Starting Web-server for hddsDatanode at: http://0.0.0.0:0
2019-09-23 17:36:59,275 [main] INFO  server.AuthenticationFilter (AuthenticationFilter.java:constructSecretProvider(240)) - Unable to initialize FileSignerSecretProvider, falling back to use random secrets.
2019-09-23 17:36:59,276 [main] WARN  http.HttpRequestLog (HttpRequestLog.java:getRequestLog(97)) - Jetty request log can only be enabled using Log4j
2019-09-23 17:36:59,279 [main] INFO  http.HttpServer2 (HttpServer2.java:addGlobalFilter(975)) - Added global filter 'safety' (class=org.apache.hadoop.http.HttpServer2$QuotingInputFilter)
2019-09-23 17:36:59,280 [main] INFO  http.HttpServer2 (HttpServer2.java:addFilter(948)) - Added filter static_user_filter (class=org.apache.hadoop.http.lib.StaticUserWebFilter$StaticUserFilter) to context hddsDatanode
2019-09-23 17:36:59,281 [main] INFO  http.HttpServer2 (HttpServer2.java:addFilter(958)) - Added filter static_user_filter (class=org.apache.hadoop.http.lib.StaticUserWebFilter$StaticUserFilter) to context logs
2019-09-23 17:36:59,281 [main] INFO  http.HttpServer2 (HttpServer2.java:addFilter(958)) - Added filter static_user_filter (class=org.apache.hadoop.http.lib.StaticUserWebFilter$StaticUserFilter) to context static
2019-09-23 17:36:59,283 [main] INFO  http.HttpServer2 (HttpServer2.java:bindListener(1191)) - Jetty bound to port 34173
2019-09-23 17:36:59,283 [main] INFO  server.Server (Server.java:doStart(351)) - jetty-9.3.25.v20180904, build timestamp: 2018-09-04T21:11:46Z, git hash: 3ce520221d0240229c862b122d2b06c12a625732
2019-09-23 17:36:59,288 [main] INFO  handler.ContextHandler (ContextHandler.java:doStart(781)) - Started o.e.j.s.ServletContextHandler@476fe690{/logs,file:///workdir/hadoop-ozone/tools/target/log,AVAILABLE}
2019-09-23 17:36:59,289 [main] INFO  handler.ContextHandler (ContextHandler.java:doStart(781)) - Started o.e.j.s.ServletContextHandler@54e3658c{/static,jar:file:/home/user/.m2/repository/org/apache/hadoop/hadoop-hdds-container-service/0.5.0-SNAPSHOT/hadoop-hdds-container-service-0.5.0-SNAPSHOT.jar!/webapps/static,AVAILABLE}
2019-09-23 17:36:59,340 [main] INFO  handler.ContextHandler (ContextHandler.java:doStart(781)) - Started o.e.j.w.WebAppContext@55e42449{/,file:///tmp/jetty-0.0.0.0-34173-hddsDatanode-_-any-4063849429688138423.dir/webapp/,AVAILABLE}{/hddsDatanode}
2019-09-23 17:36:59,341 [main] INFO  server.AbstractConnector (AbstractConnector.java:doStart(278)) - Started ServerConnector@e57e5d6{HTTP/1.1,[http/1.1]}{0.0.0.0:34173}
2019-09-23 17:36:59,342 [main] INFO  server.Server (Server.java:doStart(419)) - Started @10002ms
2019-09-23 17:36:59,342 [main] WARN  impl.MetricsSystemImpl (MetricsSystemImpl.java:register(276)) - Sink prometheus already exists!
2019-09-23 17:36:59,343 [main] INFO  server.BaseHttpServer (BaseHttpServer.java:updateConnectorAddress(215)) - HTTP server of HDDSDATANODE is listening at http://0.0.0.0:34173
2019-09-23 17:36:59,344 [main] INFO  impl.MetricsSystemImpl (MetricsSystemImpl.java:init(158)) - HddsDatanode metrics system started (again)
2019-09-23 17:36:59,348 [main] INFO  ozone.HddsDatanodeService (HddsDatanodeService.java:start(184)) - HddsDatanodeService host:pr-hdds-2166-7skhj-3476174427 ip:192.168.34.17
2019-09-23 17:36:59,351 [org.apache.hadoop.util.JvmPauseMonitor$Monitor@7904cf2e] INFO  util.JvmPauseMonitor (JvmPauseMonitor.java:run(188)) - Starting JVM pause monitor
2019-09-23 17:36:59,357 [main] INFO  volume.HddsVolume (HddsVolume.java:<init>(176)) - Creating Volume: /workdir/hadoop-ozone/tools/target/test-dir/MiniOzoneClusterImpl-65b0fc59-f639-42ad-af7f-2a0602235923/datanode-1/data/containers/hdds of  storage type : DISK and capacity : 1482555576320
2019-09-23 17:36:59,358 [main] INFO  volume.VolumeSet (VolumeSet.java:initializeVolumeSet(170)) - Added Volume : /workdir/hadoop-ozone/tools/target/test-dir/MiniOzoneClusterImpl-65b0fc59-f639-42ad-af7f-2a0602235923/datanode-1/data/containers/hdds to VolumeSet
2019-09-23 17:36:59,359 [main] INFO  volume.ThrottledAsyncChecker (ThrottledAsyncChecker.java:schedule(139)) - Scheduling a check for org.apache.hadoop.ozone.container.common.volume.HddsVolume@a9f023e
2019-09-23 17:36:59,360 [main] INFO  volume.HddsVolumeChecker (HddsVolumeChecker.java:checkAllVolumes(202)) - Scheduled health check for volume org.apache.hadoop.ozone.container.common.volume.HddsVolume@a9f023e
2019-09-23 17:36:59,380 [main] INFO  impl.RaftServerProxy (ConfUtils.java:logGet(43)) - raft.rpc.type = GRPC (default)
2019-09-23 17:36:59,380 [main] INFO  grpc.GrpcFactory (GrpcFactory.java:checkPooledByteBufAllocatorUseCacheForAllThreads(45)) - PERFORMANCE WARNING: useCacheForAllThreads is true that may cause Netty to create a lot garbage objects and, as a result, trigger GC.
	It is recommended to disable useCacheForAllThreads by setting -Dorg.apache.ratis.thirdparty.io.netty.allocator.useCacheForAllThreads=false in command line.
2019-09-23 17:36:59,381 [main] INFO  grpc.GrpcConfigKeys$Server (ConfUtils.java:logGet(43)) - raft.grpc.server.port = 0 (default)
2019-09-23 17:36:59,381 [main] INFO  server.GrpcService (ConfUtils.java:logGet(43)) - raft.grpc.message.size.max = 33570816 (custom)
2019-09-23 17:36:59,381 [main] INFO  server.RaftServerConfigKeys (ConfUtils.java:logGet(43)) - raft.server.log.appender.buffer.byte-limit = 33554432 (custom)
2019-09-23 17:36:59,382 [main] INFO  server.GrpcService (ConfUtils.java:logGet(43)) - raft.grpc.flow.control.window = 1MB (=1048576) (default)
2019-09-23 17:36:59,382 [main] INFO  server.RaftServerConfigKeys (ConfUtils.java:logGet(43)) - raft.server.rpc.request.timeout = 3000ms (default)
2019-09-23 17:36:59,383 [main] INFO  server.RaftServerConfigKeys (ConfUtils.java:logGet(43)) - raft.server.storage.dir = [/workdir/hadoop-ozone/tools/target/test-dir/MiniOzoneClusterImpl-65b0fc59-f639-42ad-af7f-2a0602235923/datanode-1/data/ratis] (custom)
2019-09-23 17:36:59,385 [main] INFO  hdfs.DFSUtil (DFSUtil.java:httpServerTemplateForNNAndJN(1641)) - Starting Web-server for hddsDatanode at: http://0.0.0.0:0
2019-09-23 17:36:59,387 [main] INFO  server.AuthenticationFilter (AuthenticationFilter.java:constructSecretProvider(240)) - Unable to initialize FileSignerSecretProvider, falling back to use random secrets.
2019-09-23 17:36:59,388 [main] WARN  http.HttpRequestLog (HttpRequestLog.java:getRequestLog(97)) - Jetty request log can only be enabled using Log4j
2019-09-23 17:36:59,391 [main] INFO  http.HttpServer2 (HttpServer2.java:addGlobalFilter(975)) - Added global filter 'safety' (class=org.apache.hadoop.http.HttpServer2$QuotingInputFilter)
2019-09-23 17:36:59,392 [main] INFO  http.HttpServer2 (HttpServer2.java:addFilter(948)) - Added filter static_user_filter (class=org.apache.hadoop.http.lib.StaticUserWebFilter$StaticUserFilter) to context hddsDatanode
2019-09-23 17:36:59,393 [main] INFO  http.HttpServer2 (HttpServer2.java:addFilter(958)) - Added filter static_user_filter (class=org.apache.hadoop.http.lib.StaticUserWebFilter$StaticUserFilter) to context static
2019-09-23 17:36:59,393 [main] INFO  http.HttpServer2 (HttpServer2.java:addFilter(958)) - Added filter static_user_filter (class=org.apache.hadoop.http.lib.StaticUserWebFilter$StaticUserFilter) to context logs
2019-09-23 17:36:59,394 [main] INFO  http.HttpServer2 (HttpServer2.java:bindListener(1191)) - Jetty bound to port 44785
2019-09-23 17:36:59,394 [main] INFO  server.Server (Server.java:doStart(351)) - jetty-9.3.25.v20180904, build timestamp: 2018-09-04T21:11:46Z, git hash: 3ce520221d0240229c862b122d2b06c12a625732
2019-09-23 17:36:59,397 [main] INFO  handler.ContextHandler (ContextHandler.java:doStart(781)) - Started o.e.j.s.ServletContextHandler@49faf066{/logs,file:///workdir/hadoop-ozone/tools/target/log,AVAILABLE}
2019-09-23 17:36:59,398 [main] INFO  handler.ContextHandler (ContextHandler.java:doStart(781)) - Started o.e.j.s.ServletContextHandler@455c1d8c{/static,jar:file:/home/user/.m2/repository/org/apache/hadoop/hadoop-hdds-container-service/0.5.0-SNAPSHOT/hadoop-hdds-container-service-0.5.0-SNAPSHOT.jar!/webapps/static,AVAILABLE}
2019-09-23 17:36:59,440 [main] INFO  handler.ContextHandler (ContextHandler.java:doStart(781)) - Started o.e.j.w.WebAppContext@2aff9dff{/,file:///tmp/jetty-0.0.0.0-44785-hddsDatanode-_-any-8935570175689918948.dir/webapp/,AVAILABLE}{/hddsDatanode}
2019-09-23 17:36:59,440 [main] INFO  server.AbstractConnector (AbstractConnector.java:doStart(278)) - Started ServerConnector@5f0f9947{HTTP/1.1,[http/1.1]}{0.0.0.0:44785}
2019-09-23 17:36:59,441 [main] INFO  server.Server (Server.java:doStart(419)) - Started @10101ms
2019-09-23 17:36:59,442 [main] WARN  impl.MetricsSystemImpl (MetricsSystemImpl.java:register(276)) - Sink prometheus already exists!
2019-09-23 17:36:59,442 [main] INFO  server.BaseHttpServer (BaseHttpServer.java:updateConnectorAddress(215)) - HTTP server of HDDSDATANODE is listening at http://0.0.0.0:44785
2019-09-23 17:36:59,443 [main] INFO  impl.MetricsSystemImpl (MetricsSystemImpl.java:init(158)) - HddsDatanode metrics system started (again)
2019-09-23 17:36:59,446 [main] INFO  ozone.HddsDatanodeService (HddsDatanodeService.java:start(184)) - HddsDatanodeService host:pr-hdds-2166-7skhj-3476174427 ip:192.168.34.17
2019-09-23 17:36:59,446 [org.apache.hadoop.util.JvmPauseMonitor$Monitor@4e9748bb] INFO  util.JvmPauseMonitor (JvmPauseMonitor.java:run(188)) - Starting JVM pause monitor
2019-09-23 17:36:59,454 [main] INFO  volume.HddsVolume (HddsVolume.java:<init>(176)) - Creating Volume: /workdir/hadoop-ozone/tools/target/test-dir/MiniOzoneClusterImpl-65b0fc59-f639-42ad-af7f-2a0602235923/datanode-2/data/containers/hdds of  storage type : DISK and capacity : 1482555576320
2019-09-23 17:36:59,455 [main] INFO  volume.VolumeSet (VolumeSet.java:initializeVolumeSet(170)) - Added Volume : /workdir/hadoop-ozone/tools/target/test-dir/MiniOzoneClusterImpl-65b0fc59-f639-42ad-af7f-2a0602235923/datanode-2/data/containers/hdds to VolumeSet
2019-09-23 17:36:59,455 [main] INFO  volume.ThrottledAsyncChecker (ThrottledAsyncChecker.java:schedule(139)) - Scheduling a check for org.apache.hadoop.ozone.container.common.volume.HddsVolume@726aa968
2019-09-23 17:36:59,455 [main] INFO  volume.HddsVolumeChecker (HddsVolumeChecker.java:checkAllVolumes(202)) - Scheduled health check for volume org.apache.hadoop.ozone.container.common.volume.HddsVolume@726aa968
2019-09-23 17:36:59,464 [Datanode State Machine Thread - 0] INFO  datanode.InitDatanodeState (InitDatanodeState.java:persistContainerDatanodeDetails(140)) - DatanodeDetails is persisted to /workdir/hadoop-ozone/tools/target/test-dir/MiniOzoneClusterImpl-65b0fc59-f639-42ad-af7f-2a0602235923/datanode-0/meta/datanode.id
2019-09-23 17:36:59,469 [Datanode State Machine Thread - 0] INFO  datanode.InitDatanodeState (InitDatanodeState.java:persistContainerDatanodeDetails(140)) - DatanodeDetails is persisted to /workdir/hadoop-ozone/tools/target/test-dir/MiniOzoneClusterImpl-65b0fc59-f639-42ad-af7f-2a0602235923/datanode-1/meta/datanode.id
2019-09-23 17:36:59,475 [main] INFO  impl.RaftServerProxy (ConfUtils.java:logGet(43)) - raft.rpc.type = GRPC (default)
2019-09-23 17:36:59,475 [main] INFO  grpc.GrpcFactory (GrpcFactory.java:checkPooledByteBufAllocatorUseCacheForAllThreads(45)) - PERFORMANCE WARNING: useCacheForAllThreads is true that may cause Netty to create a lot garbage objects and, as a result, trigger GC.
	It is recommended to disable useCacheForAllThreads by setting -Dorg.apache.ratis.thirdparty.io.netty.allocator.useCacheForAllThreads=false in command line.
2019-09-23 17:36:59,476 [main] INFO  grpc.GrpcConfigKeys$Server (ConfUtils.java:logGet(43)) - raft.grpc.server.port = 0 (default)
2019-09-23 17:36:59,476 [main] INFO  server.GrpcService (ConfUtils.java:logGet(43)) - raft.grpc.message.size.max = 33570816 (custom)
2019-09-23 17:36:59,476 [main] INFO  server.RaftServerConfigKeys (ConfUtils.java:logGet(43)) - raft.server.log.appender.buffer.byte-limit = 33554432 (custom)
2019-09-23 17:36:59,476 [main] INFO  server.GrpcService (ConfUtils.java:logGet(43)) - raft.grpc.flow.control.window = 1MB (=1048576) (default)
2019-09-23 17:36:59,477 [main] INFO  server.RaftServerConfigKeys (ConfUtils.java:logGet(43)) - raft.server.rpc.request.timeout = 3000ms (default)
2019-09-23 17:36:59,477 [main] INFO  server.RaftServerConfigKeys (ConfUtils.java:logGet(43)) - raft.server.storage.dir = [/workdir/hadoop-ozone/tools/target/test-dir/MiniOzoneClusterImpl-65b0fc59-f639-42ad-af7f-2a0602235923/datanode-2/data/ratis] (custom)
2019-09-23 17:36:59,480 [main] INFO  hdfs.DFSUtil (DFSUtil.java:httpServerTemplateForNNAndJN(1641)) - Starting Web-server for hddsDatanode at: http://0.0.0.0:0
2019-09-23 17:36:59,481 [main] INFO  server.AuthenticationFilter (AuthenticationFilter.java:constructSecretProvider(240)) - Unable to initialize FileSignerSecretProvider, falling back to use random secrets.
2019-09-23 17:36:59,482 [main] WARN  http.HttpRequestLog (HttpRequestLog.java:getRequestLog(97)) - Jetty request log can only be enabled using Log4j
2019-09-23 17:36:59,483 [main] INFO  http.HttpServer2 (HttpServer2.java:addGlobalFilter(975)) - Added global filter 'safety' (class=org.apache.hadoop.http.HttpServer2$QuotingInputFilter)
2019-09-23 17:36:59,484 [main] INFO  http.HttpServer2 (HttpServer2.java:addFilter(948)) - Added filter static_user_filter (class=org.apache.hadoop.http.lib.StaticUserWebFilter$StaticUserFilter) to context hddsDatanode
2019-09-23 17:36:59,484 [main] INFO  http.HttpServer2 (HttpServer2.java:addFilter(958)) - Added filter static_user_filter (class=org.apache.hadoop.http.lib.StaticUserWebFilter$StaticUserFilter) to context logs
2019-09-23 17:36:59,484 [main] INFO  http.HttpServer2 (HttpServer2.java:addFilter(958)) - Added filter static_user_filter (class=org.apache.hadoop.http.lib.StaticUserWebFilter$StaticUserFilter) to context static
2019-09-23 17:36:59,485 [main] INFO  http.HttpServer2 (HttpServer2.java:bindListener(1191)) - Jetty bound to port 33980
2019-09-23 17:36:59,486 [main] INFO  server.Server (Server.java:doStart(351)) - jetty-9.3.25.v20180904, build timestamp: 2018-09-04T21:11:46Z, git hash: 3ce520221d0240229c862b122d2b06c12a625732
2019-09-23 17:36:59,489 [main] INFO  handler.ContextHandler (ContextHandler.java:doStart(781)) - Started o.e.j.s.ServletContextHandler@4745e9c{/logs,file:///workdir/hadoop-ozone/tools/target/log,AVAILABLE}
2019-09-23 17:36:59,490 [main] INFO  handler.ContextHandler (ContextHandler.java:doStart(781)) - Started o.e.j.s.ServletContextHandler@75de29c0{/static,jar:file:/home/user/.m2/repository/org/apache/hadoop/hadoop-hdds-container-service/0.5.0-SNAPSHOT/hadoop-hdds-container-service-0.5.0-SNAPSHOT.jar!/webapps/static,AVAILABLE}
2019-09-23 17:36:59,522 [main] INFO  handler.ContextHandler (ContextHandler.java:doStart(781)) - Started o.e.j.w.WebAppContext@3dfa819{/,file:///tmp/jetty-0.0.0.0-33980-hddsDatanode-_-any-2207558381091536510.dir/webapp/,AVAILABLE}{/hddsDatanode}
2019-09-23 17:36:59,523 [main] INFO  server.AbstractConnector (AbstractConnector.java:doStart(278)) - Started ServerConnector@4ce94d2f{HTTP/1.1,[http/1.1]}{0.0.0.0:33980}
2019-09-23 17:36:59,524 [main] INFO  server.Server (Server.java:doStart(419)) - Started @10184ms
2019-09-23 17:36:59,524 [main] WARN  impl.MetricsSystemImpl (MetricsSystemImpl.java:register(276)) - Sink prometheus already exists!
2019-09-23 17:36:59,525 [main] INFO  server.BaseHttpServer (BaseHttpServer.java:updateConnectorAddress(215)) - HTTP server of HDDSDATANODE is listening at http://0.0.0.0:33980
2019-09-23 17:36:59,528 [main] INFO  ozone.MiniOzoneClusterImpl (MiniOzoneClusterImpl.java:lambda$waitForClusterToBeReady$0(147)) - Waiting for cluster to be ready. Got 0 of 3 DN Heartbeats.
2019-09-23 17:36:59,528 [org.apache.hadoop.util.JvmPauseMonitor$Monitor@23527d] INFO  util.JvmPauseMonitor (JvmPauseMonitor.java:run(188)) - Starting JVM pause monitor
2019-09-23 17:36:59,531 [Datanode State Machine Thread - 0] INFO  datanode.InitDatanodeState (InitDatanodeState.java:persistContainerDatanodeDetails(140)) - DatanodeDetails is persisted to /workdir/hadoop-ozone/tools/target/test-dir/MiniOzoneClusterImpl-65b0fc59-f639-42ad-af7f-2a0602235923/datanode-2/meta/datanode.id
2019-09-23 17:37:00,528 [main] INFO  ozone.MiniOzoneClusterImpl (MiniOzoneClusterImpl.java:lambda$waitForClusterToBeReady$0(147)) - Waiting for cluster to be ready. Got 0 of 3 DN Heartbeats.
2019-09-23 17:37:01,413 [Datanode State Machine Thread - 0] INFO  ozoneimpl.OzoneContainer (OzoneContainer.java:start(217)) - Attempting to start container services.
2019-09-23 17:37:01,417 [Datanode State Machine Thread - 0] INFO  ozoneimpl.OzoneContainer (OzoneContainer.java:startContainerScrub(179)) - Background container scanner has been disabled.
2019-09-23 17:37:01,417 [Datanode State Machine Thread - 0] INFO  ratis.XceiverServerRatis (XceiverServerRatis.java:start(411)) - Starting XceiverServerRatis 46f0d1a2-3938-4305-a36e-0a8fbc61a3fa at port 0
2019-09-23 17:37:01,445 [Datanode State Machine Thread - 0] INFO  impl.RaftServerProxy (RaftServerProxy.java:lambda$start$3(299)) - 46f0d1a2-3938-4305-a36e-0a8fbc61a3fa: start RPC server
2019-09-23 17:37:01,529 [main] INFO  ozone.MiniOzoneClusterImpl (MiniOzoneClusterImpl.java:lambda$waitForClusterToBeReady$0(147)) - Waiting for cluster to be ready. Got 0 of 3 DN Heartbeats.
2019-09-23 17:37:01,583 [Datanode State Machine Thread - 0] INFO  server.GrpcService (GrpcService.java:startImpl(158)) - 46f0d1a2-3938-4305-a36e-0a8fbc61a3fa: GrpcService started, listening on 0.0.0.0/0.0.0.0:35089
2019-09-23 17:37:01,583 [Datanode State Machine Thread - 0] INFO  ratis.XceiverServerRatis (XceiverServerRatis.java:start(421)) - XceiverServerRatis 46f0d1a2-3938-4305-a36e-0a8fbc61a3fa is started using port 35089
2019-09-23 17:37:01,586 [Datanode State Machine Thread - 0] INFO  server.XceiverServerGrpc (XceiverServerGrpc.java:start(149)) - XceiverServerGrpc 46f0d1a2-3938-4305-a36e-0a8fbc61a3fa is started using port 33218
2019-09-23 17:37:01,630 [Datanode State Machine Thread - 0] INFO  ozoneimpl.OzoneContainer (OzoneContainer.java:start(217)) - Attempting to start container services.
2019-09-23 17:37:01,630 [Datanode State Machine Thread - 0] INFO  ozoneimpl.OzoneContainer (OzoneContainer.java:start(217)) - Attempting to start container services.
2019-09-23 17:37:01,637 [Datanode State Machine Thread - 0] INFO  ozoneimpl.OzoneContainer (OzoneContainer.java:startContainerScrub(179)) - Background container scanner has been disabled.
2019-09-23 17:37:01,637 [Datanode State Machine Thread - 0] INFO  ozoneimpl.OzoneContainer (OzoneContainer.java:startContainerScrub(179)) - Background container scanner has been disabled.
2019-09-23 17:37:01,637 [Datanode State Machine Thread - 0] INFO  ratis.XceiverServerRatis (XceiverServerRatis.java:start(411)) - Starting XceiverServerRatis dea2b8ee-1439-48be-8207-ba99c35f0b35 at port 0
2019-09-23 17:37:01,638 [Datanode State Machine Thread - 0] INFO  ratis.XceiverServerRatis (XceiverServerRatis.java:start(411)) - Starting XceiverServerRatis 5668ea6f-da2f-4532-bdc2-4f21a9c5ebbf at port 0
2019-09-23 17:37:01,653 [Datanode State Machine Thread - 0] INFO  impl.RaftServerProxy (RaftServerProxy.java:lambda$start$3(299)) - dea2b8ee-1439-48be-8207-ba99c35f0b35: start RPC server
2019-09-23 17:37:01,653 [Datanode State Machine Thread - 0] INFO  impl.RaftServerProxy (RaftServerProxy.java:lambda$start$3(299)) - 5668ea6f-da2f-4532-bdc2-4f21a9c5ebbf: start RPC server
2019-09-23 17:37:01,658 [Datanode State Machine Thread - 0] INFO  server.GrpcService (GrpcService.java:startImpl(158)) - dea2b8ee-1439-48be-8207-ba99c35f0b35: GrpcService started, listening on 0.0.0.0/0.0.0.0:36925
2019-09-23 17:37:01,658 [Datanode State Machine Thread - 0] INFO  server.GrpcService (GrpcService.java:startImpl(158)) - 5668ea6f-da2f-4532-bdc2-4f21a9c5ebbf: GrpcService started, listening on 0.0.0.0/0.0.0.0:43643
2019-09-23 17:37:01,658 [Datanode State Machine Thread - 0] INFO  ratis.XceiverServerRatis (XceiverServerRatis.java:start(421)) - XceiverServerRatis dea2b8ee-1439-48be-8207-ba99c35f0b35 is started using port 36925
2019-09-23 17:37:01,658 [Datanode State Machine Thread - 0] INFO  ratis.XceiverServerRatis (XceiverServerRatis.java:start(421)) - XceiverServerRatis 5668ea6f-da2f-4532-bdc2-4f21a9c5ebbf is started using port 43643
2019-09-23 17:37:01,661 [Datanode State Machine Thread - 0] INFO  server.XceiverServerGrpc (XceiverServerGrpc.java:start(149)) - XceiverServerGrpc dea2b8ee-1439-48be-8207-ba99c35f0b35 is started using port 42403
2019-09-23 17:37:01,662 [Datanode State Machine Thread - 0] INFO  server.XceiverServerGrpc (XceiverServerGrpc.java:start(149)) - XceiverServerGrpc 5668ea6f-da2f-4532-bdc2-4f21a9c5ebbf is started using port 39811
2019-09-23 17:37:02,531 [main] INFO  ozone.MiniOzoneClusterImpl (MiniOzoneClusterImpl.java:lambda$waitForClusterToBeReady$0(147)) - Waiting for cluster to be ready. Got 0 of 3 DN Heartbeats.
2019-09-23 17:37:03,401 [IPC Server handler 1 on 44396] INFO  net.NetworkTopology (NetworkTopologyImpl.java:add(111)) - Added a new node: /default-rack/46f0d1a2-3938-4305-a36e-0a8fbc61a3fa
2019-09-23 17:37:03,401 [IPC Server handler 1 on 44396] INFO  node.SCMNodeManager (SCMNodeManager.java:register(266)) - Registered Data node : 46f0d1a2-3938-4305-a36e-0a8fbc61a3fa{ip: 192.168.34.17, host: pr-hdds-2166-7skhj-3476174427, networkLocation: /default-rack, certSerialId: null}
2019-09-23 17:37:03,408 [EventQueue-NodeRegistrationContainerReportForDataNodeSafeModeRule] INFO  safemode.SCMSafeModeManager (DataNodeSafeModeRule.java:process(71)) - SCM in safe mode. 1 DataNodes registered, 1 required.
2019-09-23 17:37:03,411 [EventQueue-NodeRegistrationContainerReportForDataNodeSafeModeRule] INFO  safemode.SCMSafeModeManager (SCMSafeModeManager.java:validateSafeModeExitRules(177)) - ScmSafeModeManager, all rules are successfully validated
2019-09-23 17:37:03,411 [EventQueue-NodeRegistrationContainerReportForDataNodeSafeModeRule] INFO  safemode.SCMSafeModeManager (SCMSafeModeManager.java:exitSafeMode(193)) - SCM exiting safe mode.
2019-09-23 17:37:03,452 [IPC Server handler 2 on 44396] INFO  net.NetworkTopology (NetworkTopologyImpl.java:add(111)) - Added a new node: /default-rack/5668ea6f-da2f-4532-bdc2-4f21a9c5ebbf
2019-09-23 17:37:03,452 [IPC Server handler 2 on 44396] INFO  node.SCMNodeManager (SCMNodeManager.java:register(266)) - Registered Data node : 5668ea6f-da2f-4532-bdc2-4f21a9c5ebbf{ip: 192.168.34.17, host: pr-hdds-2166-7skhj-3476174427, networkLocation: /default-rack, certSerialId: null}
2019-09-23 17:37:03,532 [main] INFO  ozone.MiniOzoneClusterImpl (MiniOzoneClusterImpl.java:lambda$waitForClusterToBeReady$0(147)) - Waiting for cluster to be ready. Got 2 of 3 DN Heartbeats.
2019-09-23 17:37:03,533 [IPC Server handler 4 on 44396] INFO  net.NetworkTopology (NetworkTopologyImpl.java:add(111)) - Added a new node: /default-rack/dea2b8ee-1439-48be-8207-ba99c35f0b35
2019-09-23 17:37:03,534 [IPC Server handler 4 on 44396] INFO  node.SCMNodeManager (SCMNodeManager.java:register(266)) - Registered Data node : dea2b8ee-1439-48be-8207-ba99c35f0b35{ip: 192.168.34.17, host: pr-hdds-2166-7skhj-3476174427, networkLocation: /default-rack, certSerialId: null}
2019-09-23 17:37:03,955 [grpc-default-executor-0] INFO  impl.RaftServerProxy (RaftServerProxy.java:addNew(89)) - 46f0d1a2-3938-4305-a36e-0a8fbc61a3fa: addNew group-A55ED724E41F:[46f0d1a2-3938-4305-a36e-0a8fbc61a3fa:192.168.34.17:35089] returns group-A55ED724E41F:java.util.concurrent.CompletableFuture@60fbb728[Not completed]
2019-09-23 17:37:03,974 [pool-27-thread-1] INFO  impl.RaftServerImpl (RaftServerImpl.java:<init>(95)) - 46f0d1a2-3938-4305-a36e-0a8fbc61a3fa: new RaftServerImpl for group-A55ED724E41F:[46f0d1a2-3938-4305-a36e-0a8fbc61a3fa:192.168.34.17:35089] with ContainerStateMachine:uninitialized
2019-09-23 17:37:03,977 [pool-27-thread-1] INFO  server.RaftServerConfigKeys (ConfUtils.java:logGet(43)) - raft.server.rpc.timeout.min = 5s (custom)
2019-09-23 17:37:03,978 [pool-27-thread-1] INFO  server.RaftServerConfigKeys (ConfUtils.java:logGet(43)) - raft.server.rpc.timeout.max = 5200ms (custom)
2019-09-23 17:37:03,979 [pool-27-thread-1] INFO  server.RaftServerConfigKeys (ConfUtils.java:logGet(43)) - raft.server.rpcslowness.timeout = 120s (custom)
2019-09-23 17:37:03,980 [pool-27-thread-1] INFO  server.RaftServerConfigKeys (ConfUtils.java:logGet(43)) - raft.server.sleep.deviation.threshold = 300 (default)
2019-09-23 17:37:03,981 [pool-27-thread-1] INFO  server.RaftServerConfigKeys (ConfUtils.java:logGet(43)) - raft.server.log.appender.install.snapshot.enabled = false (custom)
2019-09-23 17:37:03,991 [pool-27-thread-1] INFO  impl.RaftServerImpl (ServerState.java:<init>(103)) - 46f0d1a2-3938-4305-a36e-0a8fbc61a3fa@group-A55ED724E41F: ConfigurationManager, init=-1: [46f0d1a2-3938-4305-a36e-0a8fbc61a3fa:192.168.34.17:35089], old=null, confs=<EMPTY_MAP>
2019-09-23 17:37:03,991 [pool-27-thread-1] INFO  server.RaftServerConfigKeys (ConfUtils.java:logGet(43)) - raft.server.storage.dir = [/workdir/hadoop-ozone/tools/target/test-dir/MiniOzoneClusterImpl-65b0fc59-f639-42ad-af7f-2a0602235923/datanode-0/data/ratis] (custom)
2019-09-23 17:37:04,000 [pool-27-thread-1] INFO  storage.RaftStorageDirectory (RaftStorageDirectory.java:analyzeStorage(246)) - The storage directory /workdir/hadoop-ozone/tools/target/test-dir/MiniOzoneClusterImpl-65b0fc59-f639-42ad-af7f-2a0602235923/datanode-0/data/ratis/0ecdf8e0-e467-4051-9d3e-a55ed724e41f does not exist. Creating ...
2019-09-23 17:37:04,533 [main] INFO  ozone.MiniOzoneClusterImpl (MiniOzoneClusterImpl.java:lambda$waitForClusterToBeReady$0(147)) - Cluster is ready. Got 3 of 3 DN Heartbeats.
2019-09-23 17:37:05,152 [main] INFO  freon.RandomKeyGenerator (RandomKeyGenerator.java:call(283)) - Number of Threads: 10
2019-09-23 17:37:05,152 [main] INFO  freon.RandomKeyGenerator (RandomKeyGenerator.java:call(288)) - Number of Volumes: 1.
2019-09-23 17:37:05,153 [main] INFO  freon.RandomKeyGenerator (RandomKeyGenerator.java:call(289)) - Number of Buckets per Volume: 1.
2019-09-23 17:37:05,153 [main] INFO  freon.RandomKeyGenerator (RandomKeyGenerator.java:call(290)) - Number of Keys per Bucket: 1.
2019-09-23 17:37:05,153 [main] INFO  freon.RandomKeyGenerator (RandomKeyGenerator.java:call(291)) - Key size: 20971520 bytes
2019-09-23 17:37:05,153 [main] INFO  freon.RandomKeyGenerator (RandomKeyGenerator.java:call(292)) - Buffer size: 4096 bytes
2019-09-23 17:37:05,153 [main] INFO  freon.RandomKeyGenerator (RandomKeyGenerator.java:call(293)) - validateWrites : true
2019-09-23 17:37:05,158 [main] INFO  freon.RandomKeyGenerator (RandomKeyGenerator.java:call(307)) - Data validation is enabled.
2019-09-23 17:37:05,160 [main] INFO  freon.RandomKeyGenerator (RandomKeyGenerator.java:call(313)) - Starting progress bar Thread.

 0.00% |█                                                                                                    |  0/1 Time: 0:00:002019-09-23 17:37:05,192 [pool-53-thread-1] INFO  rpc.RpcClient (RpcClient.java:createVolume(276)) - Creating Volume: vol-0-94399, with jenkins1000 as owner.
2019-09-23 17:37:05,306 [IPC Server handler 2 on 44914] INFO  volume.OMVolumeCreateRequest (OMVolumeCreateRequest.java:validateAndUpdateCache(189)) - created volume:vol-0-94399 for user:jenkins1000
2019-09-23 17:37:05,352 [pool-53-thread-2] INFO  rpc.RpcClient (RpcClient.java:createBucket(415)) - Creating Bucket: vol-0-94399/bucket-0-60533, with Versioning false and Storage Type set to DISK and Encryption set to false 
2019-09-23 17:37:05,764 [pool-27-thread-1] INFO  storage.RaftStorageDirectory (RaftStorageDirectory.java:tryLock(328)) - Lock on /workdir/hadoop-ozone/tools/target/test-dir/MiniOzoneClusterImpl-65b0fc59-f639-42ad-af7f-2a0602235923/datanode-0/data/ratis/0ecdf8e0-e467-4051-9d3e-a55ed724e41f/in_use.lock acquired by nodename 24596@pr-hdds-2166-7skhj-3476174427
 0.00% |█                                                                                                    |  0/1 Time: 0:00:012019-09-23 17:37:06,421 [Thread-178] INFO  container.ReplicationManager (ReplicationManager.java:start(162)) - Starting Replication Monitor Thread.
2019-09-23 17:37:06,425 [ReplicationMonitor] INFO  container.ReplicationManager (ReplicationManager.java:run(225)) - Replication Monitor Thread took 1 milliseconds for processing 0 containers.
2019-09-23 17:37:06,628 [RATISCREATEPIPELINE1] ERROR pipeline.RatisPipelineProvider (RatisPipelineProvider.java:lambda$null$5(235)) - Failed invoke Ratis rpc org.apache.hadoop.hdds.scm.pipeline.RatisPipelineProvider$$Lambda$173/976829892@9176154 for 46f0d1a2-3938-4305-a36e-0a8fbc61a3fa
org.apache.ratis.protocol.TimeoutIOException: deadline exceeded after 2958841923ns
	at org.apache.ratis.grpc.GrpcUtil.tryUnwrapException(GrpcUtil.java:82)
	at org.apache.ratis.grpc.GrpcUtil.unwrapException(GrpcUtil.java:75)
	at org.apache.ratis.grpc.client.GrpcClientProtocolClient.blockingCall(GrpcClientProtocolClient.java:178)
	at org.apache.ratis.grpc.client.GrpcClientProtocolClient.groupAdd(GrpcClientProtocolClient.java:147)
	at org.apache.ratis.grpc.client.GrpcClientRpc.sendRequest(GrpcClientRpc.java:94)
	at org.apache.ratis.client.impl.RaftClientImpl.sendRequest(RaftClientImpl.java:278)
	at org.apache.ratis.client.impl.RaftClientImpl.groupAdd(RaftClientImpl.java:205)
	at org.apache.hadoop.hdds.scm.pipeline.RatisPipelineProvider.lambda$initializePipeline$4(RatisPipelineProvider.java:196)
	at org.apache.hadoop.hdds.scm.pipeline.RatisPipelineProvider.lambda$null$5(RatisPipelineProvider.java:231)
	at java.util.stream.ForEachOps$ForEachOp$OfRef.accept(ForEachOps.java:184)
	at java.util.ArrayList$ArrayListSpliterator.forEachRemaining(ArrayList.java:1382)
	at java.util.stream.AbstractPipeline.copyInto(AbstractPipeline.java:482)
	at java.util.stream.ForEachOps$ForEachTask.compute(ForEachOps.java:291)
	at java.util.concurrent.CountedCompleter.exec(CountedCompleter.java:731)
	at java.util.concurrent.ForkJoinTask.doExec(ForkJoinTask.java:289)
	at java.util.concurrent.ForkJoinTask.doInvoke(ForkJoinTask.java:401)
	at java.util.concurrent.ForkJoinTask.invoke(ForkJoinTask.java:734)
	at java.util.stream.ForEachOps$ForEachOp.evaluateParallel(ForEachOps.java:160)
	at java.util.stream.ForEachOps$ForEachOp$OfRef.evaluateParallel(ForEachOps.java:174)
	at java.util.stream.AbstractPipeline.evaluate(AbstractPipeline.java:233)
	at java.util.stream.ReferencePipeline.forEach(ReferencePipeline.java:418)
	at java.util.stream.ReferencePipeline$Head.forEach(ReferencePipeline.java:583)
	at org.apache.hadoop.hdds.scm.pipeline.RatisPipelineProvider.lambda$callRatisRpc$6(RatisPipelineProvider.java:225)
	at java.util.concurrent.ForkJoinTask$AdaptedRunnableAction.exec(ForkJoinTask.java:1386)
	at java.util.concurrent.ForkJoinTask.doExec(ForkJoinTask.java:289)
	at java.util.concurrent.ForkJoinPool$WorkQueue.runTask(ForkJoinPool.java:1056)
	at java.util.concurrent.ForkJoinPool.runWorker(ForkJoinPool.java:1692)
	at java.util.concurrent.ForkJoinWorkerThread.run(ForkJoinWorkerThread.java:157)
Caused by: org.apache.ratis.thirdparty.io.grpc.StatusRuntimeException: DEADLINE_EXCEEDED: deadline exceeded after 2958841923ns
	at org.apache.ratis.thirdparty.io.grpc.stub.ClientCalls.toStatusRuntimeException(ClientCalls.java:233)
	at org.apache.ratis.thirdparty.io.grpc.stub.ClientCalls.getUnchecked(ClientCalls.java:214)
	at org.apache.ratis.thirdparty.io.grpc.stub.ClientCalls.blockingUnaryCall(ClientCalls.java:139)
	at org.apache.ratis.proto.grpc.AdminProtocolServiceGrpc$AdminProtocolServiceBlockingStub.groupManagement(AdminProtocolServiceGrpc.java:274)
	at org.apache.ratis.grpc.client.GrpcClientProtocolClient.lambda$groupAdd$3(GrpcClientProtocolClient.java:149)
	at org.apache.ratis.grpc.client.GrpcClientProtocolClient.blockingCall(GrpcClientProtocolClient.java:176)
	... 25 more
2019-09-23 17:37:06,685 [grpc-default-executor-0] INFO  impl.RaftServerProxy (RaftServerProxy.java:addNew(89)) - 5668ea6f-da2f-4532-bdc2-4f21a9c5ebbf: addNew group-3D536BE1A45B:[dea2b8ee-1439-48be-8207-ba99c35f0b35:192.168.34.17:36925, 5668ea6f-da2f-4532-bdc2-4f21a9c5ebbf:192.168.34.17:43643, 46f0d1a2-3938-4305-a36e-0a8fbc61a3fa:192.168.34.17:35089] returns group-3D536BE1A45B:java.util.concurrent.CompletableFuture@5e5b3a64[Not completed]
2019-09-23 17:37:06,687 [grpc-default-executor-1] INFO  impl.RaftServerProxy (RaftServerProxy.java:addNew(89)) - 46f0d1a2-3938-4305-a36e-0a8fbc61a3fa: addNew group-3D536BE1A45B:[dea2b8ee-1439-48be-8207-ba99c35f0b35:192.168.34.17:36925, 5668ea6f-da2f-4532-bdc2-4f21a9c5ebbf:192.168.34.17:43643, 46f0d1a2-3938-4305-a36e-0a8fbc61a3fa:192.168.34.17:35089] returns group-3D536BE1A45B:java.util.concurrent.CompletableFuture@7879c0a[Not completed]
2019-09-23 17:37:06,694 [grpc-default-executor-0] INFO  impl.RaftServerProxy (RaftServerProxy.java:addNew(89)) - dea2b8ee-1439-48be-8207-ba99c35f0b35: addNew group-3D536BE1A45B:[dea2b8ee-1439-48be-8207-ba99c35f0b35:192.168.34.17:36925, 5668ea6f-da2f-4532-bdc2-4f21a9c5ebbf:192.168.34.17:43643, 46f0d1a2-3938-4305-a36e-0a8fbc61a3fa:192.168.34.17:35089] returns group-3D536BE1A45B:java.util.concurrent.CompletableFuture@5cf7a207[Not completed]
2019-09-23 17:37:06,712 [pool-37-thread-1] INFO  impl.RaftServerImpl (RaftServerImpl.java:<init>(95)) - 5668ea6f-da2f-4532-bdc2-4f21a9c5ebbf: new RaftServerImpl for group-3D536BE1A45B:[dea2b8ee-1439-48be-8207-ba99c35f0b35:192.168.34.17:36925, 5668ea6f-da2f-4532-bdc2-4f21a9c5ebbf:192.168.34.17:43643, 46f0d1a2-3938-4305-a36e-0a8fbc61a3fa:192.168.34.17:35089] with ContainerStateMachine:uninitialized
2019-09-23 17:37:06,717 [pool-37-thread-1] INFO  server.RaftServerConfigKeys (ConfUtils.java:logGet(43)) - raft.server.rpc.timeout.min = 5s (custom)
2019-09-23 17:37:06,729 [pool-37-thread-1] INFO  server.RaftServerConfigKeys (ConfUtils.java:logGet(43)) - raft.server.rpc.timeout.max = 5200ms (custom)
2019-09-23 17:37:06,729 [pool-37-thread-1] INFO  server.RaftServerConfigKeys (ConfUtils.java:logGet(43)) - raft.server.rpcslowness.timeout = 120s (custom)
2019-09-23 17:37:06,729 [pool-37-thread-1] INFO  server.RaftServerConfigKeys (ConfUtils.java:logGet(43)) - raft.server.sleep.deviation.threshold = 300 (default)
2019-09-23 17:37:06,729 [pool-37-thread-1] INFO  server.RaftServerConfigKeys (ConfUtils.java:logGet(43)) - raft.server.log.appender.install.snapshot.enabled = false (custom)
2019-09-23 17:37:06,730 [pool-37-thread-1] INFO  impl.RaftServerImpl (ServerState.java:<init>(103)) - 5668ea6f-da2f-4532-bdc2-4f21a9c5ebbf@group-3D536BE1A45B: ConfigurationManager, init=-1: [dea2b8ee-1439-48be-8207-ba99c35f0b35:192.168.34.17:36925, 5668ea6f-da2f-4532-bdc2-4f21a9c5ebbf:192.168.34.17:43643, 46f0d1a2-3938-4305-a36e-0a8fbc61a3fa:192.168.34.17:35089], old=null, confs=<EMPTY_MAP>
2019-09-23 17:37:06,730 [pool-47-thread-1] INFO  impl.RaftServerImpl (RaftServerImpl.java:<init>(95)) - dea2b8ee-1439-48be-8207-ba99c35f0b35: new RaftServerImpl for group-3D536BE1A45B:[dea2b8ee-1439-48be-8207-ba99c35f0b35:192.168.34.17:36925, 5668ea6f-da2f-4532-bdc2-4f21a9c5ebbf:192.168.34.17:43643, 46f0d1a2-3938-4305-a36e-0a8fbc61a3fa:192.168.34.17:35089] with ContainerStateMachine:uninitialized
2019-09-23 17:37:06,730 [pool-37-thread-1] INFO  server.RaftServerConfigKeys (ConfUtils.java:logGet(43)) - raft.server.storage.dir = [/workdir/hadoop-ozone/tools/target/test-dir/MiniOzoneClusterImpl-65b0fc59-f639-42ad-af7f-2a0602235923/datanode-1/data/ratis] (custom)
2019-09-23 17:37:06,731 [pool-47-thread-1] INFO  server.RaftServerConfigKeys (ConfUtils.java:logGet(43)) - raft.server.rpc.timeout.min = 5s (custom)
2019-09-23 17:37:06,731 [pool-47-thread-1] INFO  server.RaftServerConfigKeys (ConfUtils.java:logGet(43)) - raft.server.rpc.timeout.max = 5200ms (custom)
2019-09-23 17:37:06,731 [pool-37-thread-1] INFO  storage.RaftStorageDirectory (RaftStorageDirectory.java:analyzeStorage(246)) - The storage directory /workdir/hadoop-ozone/tools/target/test-dir/MiniOzoneClusterImpl-65b0fc59-f639-42ad-af7f-2a0602235923/datanode-1/data/ratis/1631f691-8792-496d-be24-3d536be1a45b does not exist. Creating ...
2019-09-23 17:37:06,732 [pool-47-thread-1] INFO  server.RaftServerConfigKeys (ConfUtils.java:logGet(43)) - raft.server.rpcslowness.timeout = 120s (custom)
2019-09-23 17:37:06,732 [pool-47-thread-1] INFO  server.RaftServerConfigKeys (ConfUtils.java:logGet(43)) - raft.server.sleep.deviation.threshold = 300 (default)
2019-09-23 17:37:06,732 [pool-47-thread-1] INFO  server.RaftServerConfigKeys (ConfUtils.java:logGet(43)) - raft.server.log.appender.install.snapshot.enabled = false (custom)
2019-09-23 17:37:06,733 [pool-47-thread-1] INFO  impl.RaftServerImpl (ServerState.java:<init>(103)) - dea2b8ee-1439-48be-8207-ba99c35f0b35@group-3D536BE1A45B: ConfigurationManager, init=-1: [dea2b8ee-1439-48be-8207-ba99c35f0b35:192.168.34.17:36925, 5668ea6f-da2f-4532-bdc2-4f21a9c5ebbf:192.168.34.17:43643, 46f0d1a2-3938-4305-a36e-0a8fbc61a3fa:192.168.34.17:35089], old=null, confs=<EMPTY_MAP>
2019-09-23 17:37:06,733 [pool-47-thread-1] INFO  server.RaftServerConfigKeys (ConfUtils.java:logGet(43)) - raft.server.storage.dir = [/workdir/hadoop-ozone/tools/target/test-dir/MiniOzoneClusterImpl-65b0fc59-f639-42ad-af7f-2a0602235923/datanode-2/data/ratis] (custom)
2019-09-23 17:37:06,733 [pool-47-thread-1] INFO  storage.RaftStorageDirectory (RaftStorageDirectory.java:analyzeStorage(246)) - The storage directory /workdir/hadoop-ozone/tools/target/test-dir/MiniOzoneClusterImpl-65b0fc59-f639-42ad-af7f-2a0602235923/datanode-2/data/ratis/1631f691-8792-496d-be24-3d536be1a45b does not exist. Creating ...
 0.00% |█                                                                                                    |  0/1 Time: 0:00:02 0.00% |█                                                                                                    |  0/1 Time: 0:00:032019-09-23 17:37:08,513 [pool-47-thread-1] INFO  storage.RaftStorageDirectory (RaftStorageDirectory.java:tryLock(328)) - Lock on /workdir/hadoop-ozone/tools/target/test-dir/MiniOzoneClusterImpl-65b0fc59-f639-42ad-af7f-2a0602235923/datanode-2/data/ratis/1631f691-8792-496d-be24-3d536be1a45b/in_use.lock acquired by nodename 24596@pr-hdds-2166-7skhj-3476174427
2019-09-23 17:37:08,513 [pool-37-thread-1] INFO  storage.RaftStorageDirectory (RaftStorageDirectory.java:tryLock(328)) - Lock on /workdir/hadoop-ozone/tools/target/test-dir/MiniOzoneClusterImpl-65b0fc59-f639-42ad-af7f-2a0602235923/datanode-1/data/ratis/1631f691-8792-496d-be24-3d536be1a45b/in_use.lock acquired by nodename 24596@pr-hdds-2166-7skhj-3476174427
 0.00% |█                                                                                                    |  0/1 Time: 0:00:042019-09-23 17:37:09,363 [pool-27-thread-1] INFO  storage.RaftStorage (RaftStorage.java:format(72)) - Storage directory /workdir/hadoop-ozone/tools/target/test-dir/MiniOzoneClusterImpl-65b0fc59-f639-42ad-af7f-2a0602235923/datanode-0/data/ratis/0ecdf8e0-e467-4051-9d3e-a55ed724e41f has been successfully formatted.
2019-09-23 17:37:09,368 [pool-27-thread-1] INFO  ratis.ContainerStateMachine (ContainerStateMachine.java:loadSnapshot(230)) - group-A55ED724E41F: The snapshot info is null. Setting the last applied indexto:(t:0, i:~)
2019-09-23 17:37:09,368 [pool-27-thread-1] INFO  server.RaftServerConfigKeys (ConfUtils.java:logGet(43)) - raft.server.notification.no-leader.timeout = 120s (custom)
2019-09-23 17:37:09,372 [pool-27-thread-1] INFO  server.RaftServerConfigKeys (ConfUtils.java:logGet(43)) - raft.server.log.use.memory = false (default)
2019-09-23 17:37:09,381 [pool-27-thread-1] INFO  server.RaftServerConfigKeys (ConfUtils.java:logGet(43)) - raft.server.log.purge.gap = 1000000 (custom)
2019-09-23 17:37:09,381 [pool-27-thread-1] INFO  server.RaftServerConfigKeys (ConfUtils.java:logGet(43)) - raft.server.log.appender.buffer.byte-limit = 33554432 (custom)
2019-09-23 17:37:09,385 [pool-27-thread-1] INFO  server.RaftServerConfigKeys (ConfUtils.java:logGet(43)) - raft.server.log.segment.size.max = 1048576 (custom)
2019-09-23 17:37:09,393 [pool-27-thread-1] INFO  server.RaftServerConfigKeys (ConfUtils.java:logGet(43)) - raft.server.log.segment.cache.num.max = 2 (custom)
2019-09-23 17:37:09,403 [pool-27-thread-1] INFO  segmented.SegmentedRaftLogWorker (SegmentedRaftLogWorker.java:<init>(172)) - new 46f0d1a2-3938-4305-a36e-0a8fbc61a3fa@group-A55ED724E41F-SegmentedRaftLogWorker for RaftStorage:Storage Directory /workdir/hadoop-ozone/tools/target/test-dir/MiniOzoneClusterImpl-65b0fc59-f639-42ad-af7f-2a0602235923/datanode-0/data/ratis/0ecdf8e0-e467-4051-9d3e-a55ed724e41f
2019-09-23 17:37:09,406 [pool-27-thread-1] INFO  impl.MetricsSystemImpl (MetricsSystemImpl.java:init(158)) - ratis metrics system started (again)
2019-09-23 17:37:09,416 [pool-27-thread-1] INFO  metrics.MetricRegistries (MetricRegistriesLoader.java:load(64)) - Loaded MetricRegistries class org.apache.ratis.metrics.impl.MetricRegistriesImpl
2019-09-23 17:37:09,460 [pool-27-thread-1] INFO  server.RaftServerConfigKeys (ConfUtils.java:logGet(43)) - raft.server.log.queue.byte-limit = 2147483647 (custom)
2019-09-23 17:37:09,460 [pool-27-thread-1] INFO  server.RaftServerConfigKeys (ConfUtils.java:logGet(43)) - raft.server.log.queue.element-limit = 1024 (custom)
2019-09-23 17:37:09,464 [pool-27-thread-1] INFO  server.RaftServerConfigKeys (ConfUtils.java:logGet(43)) - raft.server.log.segment.size.max = 1048576 (custom)
2019-09-23 17:37:09,465 [pool-27-thread-1] INFO  server.RaftServerConfigKeys (ConfUtils.java:logGet(43)) - raft.server.log.preallocated.size = 16384 (custom)
2019-09-23 17:37:09,465 [pool-27-thread-1] INFO  server.RaftServerConfigKeys (ConfUtils.java:logGet(43)) - raft.server.log.write.buffer.size = 33554432 (custom)
2019-09-23 17:37:09,466 [pool-27-thread-1] INFO  server.RaftServerConfigKeys (ConfUtils.java:logGet(43)) - raft.server.log.force.sync.num = 128 (default)
2019-09-23 17:37:09,467 [pool-27-thread-1] INFO  server.RaftServerConfigKeys (ConfUtils.java:logGet(43)) - raft.server.log.statemachine.data.sync = true (default)
2019-09-23 17:37:09,467 [pool-27-thread-1] INFO  server.RaftServerConfigKeys (ConfUtils.java:logGet(43)) - raft.server.log.statemachine.data.sync.timeout = 10s (default)
2019-09-23 17:37:09,468 [pool-27-thread-1] INFO  server.RaftServerConfigKeys (ConfUtils.java:logGet(43)) - raft.server.log.statemachine.data.sync.timeout.retry = -1 (default)
2019-09-23 17:37:09,477 [pool-27-thread-1] INFO  server.RaftServerConfigKeys (ConfUtils.java:logGet(43)) - raft.server.log.statemachine.data.caching.enabled = true (custom)
2019-09-23 17:37:09,482 [pool-27-thread-1] INFO  segmented.SegmentedRaftLogWorker (SegmentedRaftLogWorker.java:lambda$new$0(132)) - 46f0d1a2-3938-4305-a36e-0a8fbc61a3fa@group-A55ED724E41F-SegmentedRaftLogWorker: flushIndex: setUnconditionally 0 -> -1
2019-09-23 17:37:09,487 [pool-27-thread-1] INFO  server.RaftServerConfigKeys (ConfUtils.java:logGet(43)) - raft.server.snapshot.auto.trigger.enabled = true (custom)
2019-09-23 17:37:09,488 [pool-27-thread-1] INFO  server.RaftServerConfigKeys (ConfUtils.java:logGet(43)) - raft.server.snapshot.auto.trigger.threshold = 10000 (custom)
2019-09-23 17:37:09,488 [pool-27-thread-1] INFO  server.RaftServerConfigKeys (ConfUtils.java:logGet(43)) - raft.server.snapshot.retention.num.files = 5 (custom)
2019-09-23 17:37:09,489 [pool-27-thread-1] INFO  server.RaftServerConfigKeys (ConfUtils.java:logGet(43)) - raft.server.retrycache.expirytime = 600000ms (custom)
2019-09-23 17:37:09,518 [pool-27-thread-1] INFO  impl.RaftServerImpl (RaftServerImpl.java:<init>(95)) - 46f0d1a2-3938-4305-a36e-0a8fbc61a3fa: new RaftServerImpl for group-3D536BE1A45B:[dea2b8ee-1439-48be-8207-ba99c35f0b35:192.168.34.17:36925, 5668ea6f-da2f-4532-bdc2-4f21a9c5ebbf:192.168.34.17:43643, 46f0d1a2-3938-4305-a36e-0a8fbc61a3fa:192.168.34.17:35089] with ContainerStateMachine:uninitialized
2019-09-23 17:37:09,518 [pool-27-thread-1] INFO  server.RaftServerConfigKeys (ConfUtils.java:logGet(43)) - raft.server.rpc.timeout.min = 5s (custom)
2019-09-23 17:37:09,518 [pool-27-thread-1] INFO  server.RaftServerConfigKeys (ConfUtils.java:logGet(43)) - raft.server.rpc.timeout.max = 5200ms (custom)
2019-09-23 17:37:09,518 [pool-27-thread-1] INFO  server.RaftServerConfigKeys (ConfUtils.java:logGet(43)) - raft.server.rpcslowness.timeout = 120s (custom)
2019-09-23 17:37:09,518 [pool-27-thread-1] INFO  server.RaftServerConfigKeys (ConfUtils.java:logGet(43)) - raft.server.sleep.deviation.threshold = 300 (default)
2019-09-23 17:37:09,518 [pool-27-thread-1] INFO  server.RaftServerConfigKeys (ConfUtils.java:logGet(43)) - raft.server.log.appender.install.snapshot.enabled = false (custom)
2019-09-23 17:37:09,519 [pool-27-thread-1] INFO  impl.RaftServerImpl (ServerState.java:<init>(103)) - 46f0d1a2-3938-4305-a36e-0a8fbc61a3fa@group-3D536BE1A45B: ConfigurationManager, init=-1: [dea2b8ee-1439-48be-8207-ba99c35f0b35:192.168.34.17:36925, 5668ea6f-da2f-4532-bdc2-4f21a9c5ebbf:192.168.34.17:43643, 46f0d1a2-3938-4305-a36e-0a8fbc61a3fa:192.168.34.17:35089], old=null, confs=<EMPTY_MAP>
2019-09-23 17:37:09,519 [pool-27-thread-1] INFO  server.RaftServerConfigKeys (ConfUtils.java:logGet(43)) - raft.server.storage.dir = [/workdir/hadoop-ozone/tools/target/test-dir/MiniOzoneClusterImpl-65b0fc59-f639-42ad-af7f-2a0602235923/datanode-0/data/ratis] (custom)
2019-09-23 17:37:09,519 [pool-27-thread-1] INFO  storage.RaftStorageDirectory (RaftStorageDirectory.java:analyzeStorage(246)) - The storage directory /workdir/hadoop-ozone/tools/target/test-dir/MiniOzoneClusterImpl-65b0fc59-f639-42ad-af7f-2a0602235923/datanode-0/data/ratis/1631f691-8792-496d-be24-3d536be1a45b does not exist. Creating ...
2019-09-23 17:37:09,648 [RATISCREATEPIPELINE2] ERROR pipeline.RatisPipelineProvider (RatisPipelineProvider.java:lambda$null$5(235)) - Failed invoke Ratis rpc org.apache.hadoop.hdds.scm.pipeline.RatisPipelineProvider$$Lambda$173/976829892@8a7fcc4 for 5668ea6f-da2f-4532-bdc2-4f21a9c5ebbf
org.apache.ratis.protocol.TimeoutIOException: deadline exceeded after 2998469985ns
	at org.apache.ratis.grpc.GrpcUtil.tryUnwrapException(GrpcUtil.java:82)
	at org.apache.ratis.grpc.GrpcUtil.unwrapException(GrpcUtil.java:75)
	at org.apache.ratis.grpc.client.GrpcClientProtocolClient.blockingCall(GrpcClientProtocolClient.java:178)
	at org.apache.ratis.grpc.client.GrpcClientProtocolClient.groupAdd(GrpcClientProtocolClient.java:147)
	at org.apache.ratis.grpc.client.GrpcClientRpc.sendRequest(GrpcClientRpc.java:94)
	at org.apache.ratis.client.impl.RaftClientImpl.sendRequest(RaftClientImpl.java:278)
	at org.apache.ratis.client.impl.RaftClientImpl.groupAdd(RaftClientImpl.java:205)
	at org.apache.hadoop.hdds.scm.pipeline.RatisPipelineProvider.lambda$initializePipeline$4(RatisPipelineProvider.java:196)
	at org.apache.hadoop.hdds.scm.pipeline.RatisPipelineProvider.lambda$null$5(RatisPipelineProvider.java:231)
	at java.util.stream.ForEachOps$ForEachOp$OfRef.accept(ForEachOps.java:184)
	at java.util.ArrayList$ArrayListSpliterator.forEachRemaining(ArrayList.java:1382)
	at java.util.stream.AbstractPipeline.copyInto(AbstractPipeline.java:482)
	at java.util.stream.ForEachOps$ForEachTask.compute(ForEachOps.java:291)
	at java.util.concurrent.CountedCompleter.exec(CountedCompleter.java:731)
	at java.util.concurrent.ForkJoinTask.doExec(ForkJoinTask.java:289)
	at java.util.concurrent.ForkJoinPool$WorkQueue.runTask(ForkJoinPool.java:1056)
	at java.util.concurrent.ForkJoinPool.runWorker(ForkJoinPool.java:1692)
	at java.util.concurrent.ForkJoinWorkerThread.run(ForkJoinWorkerThread.java:157)
Caused by: org.apache.ratis.thirdparty.io.grpc.StatusRuntimeException: DEADLINE_EXCEEDED: deadline exceeded after 2998469985ns
	at org.apache.ratis.thirdparty.io.grpc.stub.ClientCalls.toStatusRuntimeException(ClientCalls.java:233)
	at org.apache.ratis.thirdparty.io.grpc.stub.ClientCalls.getUnchecked(ClientCalls.java:214)
	at org.apache.ratis.thirdparty.io.grpc.stub.ClientCalls.blockingUnaryCall(ClientCalls.java:139)
	at org.apache.ratis.proto.grpc.AdminProtocolServiceGrpc$AdminProtocolServiceBlockingStub.groupManagement(AdminProtocolServiceGrpc.java:274)
	at org.apache.ratis.grpc.client.GrpcClientProtocolClient.lambda$groupAdd$3(GrpcClientProtocolClient.java:149)
	at org.apache.ratis.grpc.client.GrpcClientProtocolClient.blockingCall(GrpcClientProtocolClient.java:176)
	... 15 more
2019-09-23 17:37:09,649 [RATISCREATEPIPELINE3] ERROR pipeline.RatisPipelineProvider (RatisPipelineProvider.java:lambda$null$5(235)) - Failed invoke Ratis rpc org.apache.hadoop.hdds.scm.pipeline.RatisPipelineProvider$$Lambda$173/976829892@8a7fcc4 for dea2b8ee-1439-48be-8207-ba99c35f0b35
org.apache.ratis.protocol.TimeoutIOException: deadline exceeded after 2998010925ns
	at org.apache.ratis.grpc.GrpcUtil.tryUnwrapException(GrpcUtil.java:82)
	at org.apache.ratis.grpc.GrpcUtil.unwrapException(GrpcUtil.java:75)
	at org.apache.ratis.grpc.client.GrpcClientProtocolClient.blockingCall(GrpcClientProtocolClient.java:178)
	at org.apache.ratis.grpc.client.GrpcClientProtocolClient.groupAdd(GrpcClientProtocolClient.java:147)
	at org.apache.ratis.grpc.client.GrpcClientRpc.sendRequest(GrpcClientRpc.java:94)
	at org.apache.ratis.client.impl.RaftClientImpl.sendRequest(RaftClientImpl.java:278)
	at org.apache.ratis.client.impl.RaftClientImpl.groupAdd(RaftClientImpl.java:205)
	at org.apache.hadoop.hdds.scm.pipeline.RatisPipelineProvider.lambda$initializePipeline$4(RatisPipelineProvider.java:196)
	at org.apache.hadoop.hdds.scm.pipeline.RatisPipelineProvider.lambda$null$5(RatisPipelineProvider.java:231)
	at java.util.stream.ForEachOps$ForEachOp$OfRef.accept(ForEachOps.java:184)
	at java.util.ArrayList$ArrayListSpliterator.forEachRemaining(ArrayList.java:1382)
	at java.util.stream.AbstractPipeline.copyInto(AbstractPipeline.java:482)
	at java.util.stream.ForEachOps$ForEachTask.compute(ForEachOps.java:291)
	at java.util.concurrent.CountedCompleter.exec(CountedCompleter.java:731)
	at java.util.concurrent.ForkJoinTask.doExec(ForkJoinTask.java:289)
	at java.util.concurrent.ForkJoinPool$WorkQueue.runTask(ForkJoinPool.java:1056)
	at java.util.concurrent.ForkJoinPool.runWorker(ForkJoinPool.java:1692)
	at java.util.concurrent.ForkJoinWorkerThread.run(ForkJoinWorkerThread.java:157)
Caused by: org.apache.ratis.thirdparty.io.grpc.StatusRuntimeException: DEADLINE_EXCEEDED: deadline exceeded after 2998010925ns
	at org.apache.ratis.thirdparty.io.grpc.stub.ClientCalls.toStatusRuntimeException(ClientCalls.java:233)
	at org.apache.ratis.thirdparty.io.grpc.stub.ClientCalls.getUnchecked(ClientCalls.java:214)
	at org.apache.ratis.thirdparty.io.grpc.stub.ClientCalls.blockingUnaryCall(ClientCalls.java:139)
	at org.apache.ratis.proto.grpc.AdminProtocolServiceGrpc$AdminProtocolServiceBlockingStub.groupManagement(AdminProtocolServiceGrpc.java:274)
	at org.apache.ratis.grpc.client.GrpcClientProtocolClient.lambda$groupAdd$3(GrpcClientProtocolClient.java:149)
	at org.apache.ratis.grpc.client.GrpcClientProtocolClient.blockingCall(GrpcClientProtocolClient.java:176)
	... 15 more
2019-09-23 17:37:09,654 [RATISCREATEPIPELINE1] ERROR pipeline.RatisPipelineProvider (RatisPipelineProvider.java:lambda$null$5(235)) - Failed invoke Ratis rpc org.apache.hadoop.hdds.scm.pipeline.RatisPipelineProvider$$Lambda$173/976829892@8a7fcc4 for 46f0d1a2-3938-4305-a36e-0a8fbc61a3fa
org.apache.ratis.protocol.TimeoutIOException: deadline exceeded after 2999599818ns
	at org.apache.ratis.grpc.GrpcUtil.tryUnwrapException(GrpcUtil.java:82)
	at org.apache.ratis.grpc.GrpcUtil.unwrapException(GrpcUtil.java:75)
	at org.apache.ratis.grpc.client.GrpcClientProtocolClient.blockingCall(GrpcClientProtocolClient.java:178)
	at org.apache.ratis.grpc.client.GrpcClientProtocolClient.groupAdd(GrpcClientProtocolClient.java:147)
	at org.apache.ratis.grpc.client.GrpcClientRpc.sendRequest(GrpcClientRpc.java:94)
	at org.apache.ratis.client.impl.RaftClientImpl.sendRequest(RaftClientImpl.java:278)
	at org.apache.ratis.client.impl.RaftClientImpl.groupAdd(RaftClientImpl.java:205)
	at org.apache.hadoop.hdds.scm.pipeline.RatisPipelineProvider.lambda$initializePipeline$4(RatisPipelineProvider.java:196)
	at org.apache.hadoop.hdds.scm.pipeline.RatisPipelineProvider.lambda$null$5(RatisPipelineProvider.java:231)
	at java.util.stream.ForEachOps$ForEachOp$OfRef.accept(ForEachOps.java:184)
	at java.util.ArrayList$ArrayListSpliterator.forEachRemaining(ArrayList.java:1382)
	at java.util.stream.AbstractPipeline.copyInto(AbstractPipeline.java:482)
	at java.util.stream.ForEachOps$ForEachTask.compute(ForEachOps.java:291)
	at java.util.concurrent.CountedCompleter.exec(CountedCompleter.java:731)
	at java.util.concurrent.ForkJoinTask.doExec(ForkJoinTask.java:289)
	at java.util.concurrent.ForkJoinTask.doInvoke(ForkJoinTask.java:401)
	at java.util.concurrent.ForkJoinTask.invoke(ForkJoinTask.java:734)
	at java.util.stream.ForEachOps$ForEachOp.evaluateParallel(ForEachOps.java:160)
	at java.util.stream.ForEachOps$ForEachOp$OfRef.evaluateParallel(ForEachOps.java:174)
	at java.util.stream.AbstractPipeline.evaluate(AbstractPipeline.java:233)
	at java.util.stream.ReferencePipeline.forEach(ReferencePipeline.java:418)
	at java.util.stream.ReferencePipeline$Head.forEach(ReferencePipeline.java:583)
	at org.apache.hadoop.hdds.scm.pipeline.RatisPipelineProvider.lambda$callRatisRpc$6(RatisPipelineProvider.java:225)
	at java.util.concurrent.ForkJoinTask$AdaptedRunnableAction.exec(ForkJoinTask.java:1386)
	at java.util.concurrent.ForkJoinTask.doExec(ForkJoinTask.java:289)
	at java.util.concurrent.ForkJoinPool$WorkQueue.runTask(ForkJoinPool.java:1056)
	at java.util.concurrent.ForkJoinPool.runWorker(ForkJoinPool.java:1692)
	at java.util.concurrent.ForkJoinWorkerThread.run(ForkJoinWorkerThread.java:157)
Caused by: org.apache.ratis.thirdparty.io.grpc.StatusRuntimeException: DEADLINE_EXCEEDED: deadline exceeded after 2999599818ns
	at org.apache.ratis.thirdparty.io.grpc.stub.ClientCalls.toStatusRuntimeException(ClientCalls.java:233)
	at org.apache.ratis.thirdparty.io.grpc.stub.ClientCalls.getUnchecked(ClientCalls.java:214)
	at org.apache.ratis.thirdparty.io.grpc.stub.ClientCalls.blockingUnaryCall(ClientCalls.java:139)
	at org.apache.ratis.proto.grpc.AdminProtocolServiceGrpc$AdminProtocolServiceBlockingStub.groupManagement(AdminProtocolServiceGrpc.java:274)
	at org.apache.ratis.grpc.client.GrpcClientProtocolClient.lambda$groupAdd$3(GrpcClientProtocolClient.java:149)
	at org.apache.ratis.grpc.client.GrpcClientProtocolClient.blockingCall(GrpcClientProtocolClient.java:176)
	... 25 more
2019-09-23 17:37:09,684 [grpc-default-executor-0] INFO  impl.RaftServerProxy (RaftServerProxy.java:addNew(89)) - 5668ea6f-da2f-4532-bdc2-4f21a9c5ebbf: addNew group-70A63EC4C4EE:[5668ea6f-da2f-4532-bdc2-4f21a9c5ebbf:192.168.34.17:43643] returns group-70A63EC4C4EE:java.util.concurrent.CompletableFuture@2cda486f[Not completed]
 0.00% |█                                                                                                    |  0/1 Time: 0:00:05 0.00% |█                                                                                                    |  0/1 Time: 0:00:062019-09-23 17:37:11,710 [pool-27-thread-1] INFO  storage.RaftStorageDirectory (RaftStorageDirectory.java:tryLock(328)) - Lock on /workdir/hadoop-ozone/tools/target/test-dir/MiniOzoneClusterImpl-65b0fc59-f639-42ad-af7f-2a0602235923/datanode-0/data/ratis/1631f691-8792-496d-be24-3d536be1a45b/in_use.lock acquired by nodename 24596@pr-hdds-2166-7skhj-3476174427
 0.00% |█                                                                                                    |  0/1 Time: 0:00:072019-09-23 17:37:12,409 [pool-37-thread-1] INFO  storage.RaftStorage (RaftStorage.java:format(72)) - Storage directory /workdir/hadoop-ozone/tools/target/test-dir/MiniOzoneClusterImpl-65b0fc59-f639-42ad-af7f-2a0602235923/datanode-1/data/ratis/1631f691-8792-496d-be24-3d536be1a45b has been successfully formatted.
2019-09-23 17:37:12,409 [pool-47-thread-1] INFO  storage.RaftStorage (RaftStorage.java:format(72)) - Storage directory /workdir/hadoop-ozone/tools/target/test-dir/MiniOzoneClusterImpl-65b0fc59-f639-42ad-af7f-2a0602235923/datanode-2/data/ratis/1631f691-8792-496d-be24-3d536be1a45b has been successfully formatted.
2019-09-23 17:37:12,412 [pool-37-thread-1] INFO  ratis.ContainerStateMachine (ContainerStateMachine.java:loadSnapshot(230)) - group-3D536BE1A45B: The snapshot info is null. Setting the last applied indexto:(t:0, i:~)
2019-09-23 17:37:12,413 [pool-47-thread-1] INFO  ratis.ContainerStateMachine (ContainerStateMachine.java:loadSnapshot(230)) - group-3D536BE1A45B: The snapshot info is null. Setting the last applied indexto:(t:0, i:~)
2019-09-23 17:37:12,413 [pool-37-thread-1] INFO  server.RaftServerConfigKeys (ConfUtils.java:logGet(43)) - raft.server.notification.no-leader.timeout = 120s (custom)
2019-09-23 17:37:12,413 [pool-47-thread-1] INFO  server.RaftServerConfigKeys (ConfUtils.java:logGet(43)) - raft.server.notification.no-leader.timeout = 120s (custom)
2019-09-23 17:37:12,414 [pool-37-thread-1] INFO  server.RaftServerConfigKeys (ConfUtils.java:logGet(43)) - raft.server.log.use.memory = false (default)
2019-09-23 17:37:12,414 [pool-47-thread-1] INFO  server.RaftServerConfigKeys (ConfUtils.java:logGet(43)) - raft.server.log.use.memory = false (default)
2019-09-23 17:37:12,414 [pool-37-thread-1] INFO  server.RaftServerConfigKeys (ConfUtils.java:logGet(43)) - raft.server.log.purge.gap = 1000000 (custom)
2019-09-23 17:37:12,414 [pool-47-thread-1] INFO  server.RaftServerConfigKeys (ConfUtils.java:logGet(43)) - raft.server.log.purge.gap = 1000000 (custom)
2019-09-23 17:37:12,414 [pool-37-thread-1] INFO  server.RaftServerConfigKeys (ConfUtils.java:logGet(43)) - raft.server.log.appender.buffer.byte-limit = 33554432 (custom)
2019-09-23 17:37:12,415 [pool-47-thread-1] INFO  server.RaftServerConfigKeys (ConfUtils.java:logGet(43)) - raft.server.log.appender.buffer.byte-limit = 33554432 (custom)
2019-09-23 17:37:12,415 [pool-37-thread-1] INFO  server.RaftServerConfigKeys (ConfUtils.java:logGet(43)) - raft.server.log.segment.size.max = 1048576 (custom)
2019-09-23 17:37:12,415 [pool-47-thread-1] INFO  server.RaftServerConfigKeys (ConfUtils.java:logGet(43)) - raft.server.log.segment.size.max = 1048576 (custom)
2019-09-23 17:37:12,415 [pool-37-thread-1] INFO  server.RaftServerConfigKeys (ConfUtils.java:logGet(43)) - raft.server.log.segment.cache.num.max = 2 (custom)
2019-09-23 17:37:12,416 [pool-47-thread-1] INFO  server.RaftServerConfigKeys (ConfUtils.java:logGet(43)) - raft.server.log.segment.cache.num.max = 2 (custom)
2019-09-23 17:37:12,416 [pool-37-thread-1] INFO  segmented.SegmentedRaftLogWorker (SegmentedRaftLogWorker.java:<init>(172)) - new 5668ea6f-da2f-4532-bdc2-4f21a9c5ebbf@group-3D536BE1A45B-SegmentedRaftLogWorker for RaftStorage:Storage Directory /workdir/hadoop-ozone/tools/target/test-dir/MiniOzoneClusterImpl-65b0fc59-f639-42ad-af7f-2a0602235923/datanode-1/data/ratis/1631f691-8792-496d-be24-3d536be1a45b
2019-09-23 17:37:12,417 [pool-47-thread-1] INFO  segmented.SegmentedRaftLogWorker (SegmentedRaftLogWorker.java:<init>(172)) - new dea2b8ee-1439-48be-8207-ba99c35f0b35@group-3D536BE1A45B-SegmentedRaftLogWorker for RaftStorage:Storage Directory /workdir/hadoop-ozone/tools/target/test-dir/MiniOzoneClusterImpl-65b0fc59-f639-42ad-af7f-2a0602235923/datanode-2/data/ratis/1631f691-8792-496d-be24-3d536be1a45b
2019-09-23 17:37:12,448 [pool-37-thread-1] INFO  server.RaftServerConfigKeys (ConfUtils.java:logGet(43)) - raft.server.log.queue.byte-limit = 2147483647 (custom)
2019-09-23 17:37:12,448 [pool-37-thread-1] INFO  server.RaftServerConfigKeys (ConfUtils.java:logGet(43)) - raft.server.log.queue.element-limit = 1024 (custom)
2019-09-23 17:37:12,449 [pool-47-thread-1] INFO  server.RaftServerConfigKeys (ConfUtils.java:logGet(43)) - raft.server.log.queue.byte-limit = 2147483647 (custom)
2019-09-23 17:37:12,449 [pool-37-thread-1] INFO  server.RaftServerConfigKeys (ConfUtils.java:logGet(43)) - raft.server.log.segment.size.max = 1048576 (custom)
2019-09-23 17:37:12,449 [pool-47-thread-1] INFO  server.RaftServerConfigKeys (ConfUtils.java:logGet(43)) - raft.server.log.queue.element-limit = 1024 (custom)
2019-09-23 17:37:12,449 [pool-37-thread-1] INFO  server.RaftServerConfigKeys (ConfUtils.java:logGet(43)) - raft.server.log.preallocated.size = 16384 (custom)
2019-09-23 17:37:12,451 [pool-37-thread-1] INFO  server.RaftServerConfigKeys (ConfUtils.java:logGet(43)) - raft.server.log.write.buffer.size = 33554432 (custom)
2019-09-23 17:37:12,451 [pool-47-thread-1] INFO  server.RaftServerConfigKeys (ConfUtils.java:logGet(43)) - raft.server.log.segment.size.max = 1048576 (custom)
2019-09-23 17:37:12,451 [pool-37-thread-1] INFO  server.RaftServerConfigKeys (ConfUtils.java:logGet(43)) - raft.server.log.force.sync.num = 128 (default)
2019-09-23 17:37:12,451 [pool-47-thread-1] INFO  server.RaftServerConfigKeys (ConfUtils.java:logGet(43)) - raft.server.log.preallocated.size = 16384 (custom)
2019-09-23 17:37:12,452 [pool-37-thread-1] INFO  server.RaftServerConfigKeys (ConfUtils.java:logGet(43)) - raft.server.log.statemachine.data.sync = true (default)
2019-09-23 17:37:12,452 [pool-47-thread-1] INFO  server.RaftServerConfigKeys (ConfUtils.java:logGet(43)) - raft.server.log.write.buffer.size = 33554432 (custom)
2019-09-23 17:37:12,452 [pool-37-thread-1] INFO  server.RaftServerConfigKeys (ConfUtils.java:logGet(43)) - raft.server.log.statemachine.data.sync.timeout = 10s (default)
2019-09-23 17:37:12,452 [pool-47-thread-1] INFO  server.RaftServerConfigKeys (ConfUtils.java:logGet(43)) - raft.server.log.force.sync.num = 128 (default)
2019-09-23 17:37:12,452 [pool-37-thread-1] INFO  server.RaftServerConfigKeys (ConfUtils.java:logGet(43)) - raft.server.log.statemachine.data.sync.timeout.retry = -1 (default)
2019-09-23 17:37:12,453 [pool-47-thread-1] INFO  server.RaftServerConfigKeys (ConfUtils.java:logGet(43)) - raft.server.log.statemachine.data.sync = true (default)
2019-09-23 17:37:12,453 [pool-47-thread-1] INFO  server.RaftServerConfigKeys (ConfUtils.java:logGet(43)) - raft.server.log.statemachine.data.sync.timeout = 10s (default)
2019-09-23 17:37:12,453 [pool-37-thread-1] INFO  server.RaftServerConfigKeys (ConfUtils.java:logGet(43)) - raft.server.log.statemachine.data.caching.enabled = true (custom)
2019-09-23 17:37:12,453 [pool-47-thread-1] INFO  server.RaftServerConfigKeys (ConfUtils.java:logGet(43)) - raft.server.log.statemachine.data.sync.timeout.retry = -1 (default)
2019-09-23 17:37:12,454 [pool-37-thread-1] INFO  segmented.SegmentedRaftLogWorker (SegmentedRaftLogWorker.java:lambda$new$0(132)) - 5668ea6f-da2f-4532-bdc2-4f21a9c5ebbf@group-3D536BE1A45B-SegmentedRaftLogWorker: flushIndex: setUnconditionally 0 -> -1
2019-09-23 17:37:12,454 [pool-47-thread-1] INFO  server.RaftServerConfigKeys (ConfUtils.java:logGet(43)) - raft.server.log.statemachine.data.caching.enabled = true (custom)
2019-09-23 17:37:12,454 [pool-37-thread-1] INFO  server.RaftServerConfigKeys (ConfUtils.java:logGet(43)) - raft.server.snapshot.auto.trigger.enabled = true (custom)
2019-09-23 17:37:12,454 [pool-37-thread-1] INFO  server.RaftServerConfigKeys (ConfUtils.java:logGet(43)) - raft.server.snapshot.auto.trigger.threshold = 10000 (custom)
2019-09-23 17:37:12,455 [pool-47-thread-1] INFO  segmented.SegmentedRaftLogWorker (SegmentedRaftLogWorker.java:lambda$new$0(132)) - dea2b8ee-1439-48be-8207-ba99c35f0b35@group-3D536BE1A45B-SegmentedRaftLogWorker: flushIndex: setUnconditionally 0 -> -1
2019-09-23 17:37:12,455 [pool-37-thread-1] INFO  server.RaftServerConfigKeys (ConfUtils.java:logGet(43)) - raft.server.snapshot.retention.num.files = 5 (custom)
2019-09-23 17:37:12,455 [pool-47-thread-1] INFO  server.RaftServerConfigKeys (ConfUtils.java:logGet(43)) - raft.server.snapshot.auto.trigger.enabled = true (custom)
2019-09-23 17:37:12,455 [pool-37-thread-1] INFO  server.RaftServerConfigKeys (ConfUtils.java:logGet(43)) - raft.server.retrycache.expirytime = 600000ms (custom)
2019-09-23 17:37:12,455 [pool-47-thread-1] INFO  server.RaftServerConfigKeys (ConfUtils.java:logGet(43)) - raft.server.snapshot.auto.trigger.threshold = 10000 (custom)
2019-09-23 17:37:12,456 [pool-47-thread-1] INFO  server.RaftServerConfigKeys (ConfUtils.java:logGet(43)) - raft.server.snapshot.retention.num.files = 5 (custom)
2019-09-23 17:37:12,456 [pool-47-thread-1] INFO  server.RaftServerConfigKeys (ConfUtils.java:logGet(43)) - raft.server.retrycache.expirytime = 600000ms (custom)
2019-09-23 17:37:12,464 [pool-47-thread-1] INFO  impl.RaftServerImpl (RaftServerImpl.java:start(185)) - dea2b8ee-1439-48be-8207-ba99c35f0b35@group-3D536BE1A45B: start as a follower, conf=-1: [dea2b8ee-1439-48be-8207-ba99c35f0b35:192.168.34.17:36925, 5668ea6f-da2f-4532-bdc2-4f21a9c5ebbf:192.168.34.17:43643, 46f0d1a2-3938-4305-a36e-0a8fbc61a3fa:192.168.34.17:35089], old=null
2019-09-23 17:37:12,465 [pool-37-thread-1] INFO  impl.RaftServerImpl (RaftServerImpl.java:<init>(95)) - 5668ea6f-da2f-4532-bdc2-4f21a9c5ebbf: new RaftServerImpl for group-70A63EC4C4EE:[5668ea6f-da2f-4532-bdc2-4f21a9c5ebbf:192.168.34.17:43643] with ContainerStateMachine:uninitialized
2019-09-23 17:37:12,465 [pool-37-thread-1] INFO  server.RaftServerConfigKeys (ConfUtils.java:logGet(43)) - raft.server.rpc.timeout.min = 5s (custom)
2019-09-23 17:37:12,466 [pool-37-thread-1] INFO  server.RaftServerConfigKeys (ConfUtils.java:logGet(43)) - raft.server.rpc.timeout.max = 5200ms (custom)
2019-09-23 17:37:12,466 [pool-37-thread-1] INFO  server.RaftServerConfigKeys (ConfUtils.java:logGet(43)) - raft.server.rpcslowness.timeout = 120s (custom)
2019-09-23 17:37:12,466 [pool-37-thread-1] INFO  server.RaftServerConfigKeys (ConfUtils.java:logGet(43)) - raft.server.sleep.deviation.threshold = 300 (default)
2019-09-23 17:37:12,466 [pool-37-thread-1] INFO  server.RaftServerConfigKeys (ConfUtils.java:logGet(43)) - raft.server.log.appender.install.snapshot.enabled = false (custom)
2019-09-23 17:37:12,466 [pool-37-thread-1] INFO  impl.RaftServerImpl (ServerState.java:<init>(103)) - 5668ea6f-da2f-4532-bdc2-4f21a9c5ebbf@group-70A63EC4C4EE: ConfigurationManager, init=-1: [5668ea6f-da2f-4532-bdc2-4f21a9c5ebbf:192.168.34.17:43643], old=null, confs=<EMPTY_MAP>
2019-09-23 17:37:12,467 [pool-47-thread-1] INFO  impl.RaftServerImpl (RaftServerImpl.java:setRole(174)) - dea2b8ee-1439-48be-8207-ba99c35f0b35@group-3D536BE1A45B: changes role from      null to FOLLOWER at term 0 for startAsFollower
2019-09-23 17:37:12,467 [pool-37-thread-1] INFO  server.RaftServerConfigKeys (ConfUtils.java:logGet(43)) - raft.server.storage.dir = [/workdir/hadoop-ozone/tools/target/test-dir/MiniOzoneClusterImpl-65b0fc59-f639-42ad-af7f-2a0602235923/datanode-1/data/ratis] (custom)
2019-09-23 17:37:12,467 [pool-37-thread-1] INFO  storage.RaftStorageDirectory (RaftStorageDirectory.java:analyzeStorage(246)) - The storage directory /workdir/hadoop-ozone/tools/target/test-dir/MiniOzoneClusterImpl-65b0fc59-f639-42ad-af7f-2a0602235923/datanode-1/data/ratis/e93bd736-7b22-4d05-9db3-70a63ec4c4ee does not exist. Creating ...
2019-09-23 17:37:12,471 [pool-47-thread-1] INFO  impl.RoleInfo (RoleInfo.java:updateAndGet(143)) - dea2b8ee-1439-48be-8207-ba99c35f0b35: start FollowerState
2019-09-23 17:37:12,474 [pool-47-thread-1] INFO  util.JmxRegister (JmxRegister.java:tryRegister(44)) - Successfully registered JMX Bean with object name Ratis:service=RaftServer,group=group-3D536BE1A45B,id=dea2b8ee-1439-48be-8207-ba99c35f0b35
2019-09-23 17:37:12,671 [RATISCREATEPIPELINE1] ERROR pipeline.RatisPipelineProvider (RatisPipelineProvider.java:lambda$null$5(235)) - Failed invoke Ratis rpc org.apache.hadoop.hdds.scm.pipeline.RatisPipelineProvider$$Lambda$173/976829892@5d30664a for 5668ea6f-da2f-4532-bdc2-4f21a9c5ebbf
org.apache.ratis.protocol.TimeoutIOException: deadline exceeded after 2999669849ns
	at org.apache.ratis.grpc.GrpcUtil.tryUnwrapException(GrpcUtil.java:82)
	at org.apache.ratis.grpc.GrpcUtil.unwrapException(GrpcUtil.java:75)
	at org.apache.ratis.grpc.client.GrpcClientProtocolClient.blockingCall(GrpcClientProtocolClient.java:178)
	at org.apache.ratis.grpc.client.GrpcClientProtocolClient.groupAdd(GrpcClientProtocolClient.java:147)
	at org.apache.ratis.grpc.client.GrpcClientRpc.sendRequest(GrpcClientRpc.java:94)
	at org.apache.ratis.client.impl.RaftClientImpl.sendRequest(RaftClientImpl.java:278)
	at org.apache.ratis.client.impl.RaftClientImpl.groupAdd(RaftClientImpl.java:205)
	at org.apache.hadoop.hdds.scm.pipeline.RatisPipelineProvider.lambda$initializePipeline$4(RatisPipelineProvider.java:196)
	at org.apache.hadoop.hdds.scm.pipeline.RatisPipelineProvider.lambda$null$5(RatisPipelineProvider.java:231)
	at java.util.stream.ForEachOps$ForEachOp$OfRef.accept(ForEachOps.java:184)
	at java.util.ArrayList$ArrayListSpliterator.forEachRemaining(ArrayList.java:1382)
	at java.util.stream.AbstractPipeline.copyInto(AbstractPipeline.java:482)
	at java.util.stream.ForEachOps$ForEachTask.compute(ForEachOps.java:291)
	at java.util.concurrent.CountedCompleter.exec(CountedCompleter.java:731)
	at java.util.concurrent.ForkJoinTask.doExec(ForkJoinTask.java:289)
	at java.util.concurrent.ForkJoinTask.doInvoke(ForkJoinTask.java:401)
	at java.util.concurrent.ForkJoinTask.invoke(ForkJoinTask.java:734)
	at java.util.stream.ForEachOps$ForEachOp.evaluateParallel(ForEachOps.java:160)
	at java.util.stream.ForEachOps$ForEachOp$OfRef.evaluateParallel(ForEachOps.java:174)
	at java.util.stream.AbstractPipeline.evaluate(AbstractPipeline.java:233)
	at java.util.stream.ReferencePipeline.forEach(ReferencePipeline.java:418)
	at java.util.stream.ReferencePipeline$Head.forEach(ReferencePipeline.java:583)
	at org.apache.hadoop.hdds.scm.pipeline.RatisPipelineProvider.lambda$callRatisRpc$6(RatisPipelineProvider.java:225)
	at java.util.concurrent.ForkJoinTask$AdaptedRunnableAction.exec(ForkJoinTask.java:1386)
	at java.util.concurrent.ForkJoinTask.doExec(ForkJoinTask.java:289)
	at java.util.concurrent.ForkJoinPool$WorkQueue.runTask(ForkJoinPool.java:1056)
	at java.util.concurrent.ForkJoinPool.runWorker(ForkJoinPool.java:1692)
	at java.util.concurrent.ForkJoinWorkerThread.run(ForkJoinWorkerThread.java:157)
Caused by: org.apache.ratis.thirdparty.io.grpc.StatusRuntimeException: DEADLINE_EXCEEDED: deadline exceeded after 2999669849ns
	at org.apache.ratis.thirdparty.io.grpc.stub.ClientCalls.toStatusRuntimeException(ClientCalls.java:233)
	at org.apache.ratis.thirdparty.io.grpc.stub.ClientCalls.getUnchecked(ClientCalls.java:214)
	at org.apache.ratis.thirdparty.io.grpc.stub.ClientCalls.blockingUnaryCall(ClientCalls.java:139)
	at org.apache.ratis.proto.grpc.AdminProtocolServiceGrpc$AdminProtocolServiceBlockingStub.groupManagement(AdminProtocolServiceGrpc.java:274)
	at org.apache.ratis.grpc.client.GrpcClientProtocolClient.lambda$groupAdd$3(GrpcClientProtocolClient.java:149)
	at org.apache.ratis.grpc.client.GrpcClientProtocolClient.blockingCall(GrpcClientProtocolClient.java:176)
	... 25 more
2019-09-23 17:37:12,718 [grpc-default-executor-0] INFO  impl.RaftServerProxy (RaftServerProxy.java:addNew(89)) - dea2b8ee-1439-48be-8207-ba99c35f0b35: addNew group-4613DEE8849A:[dea2b8ee-1439-48be-8207-ba99c35f0b35:192.168.34.17:36925, 5668ea6f-da2f-4532-bdc2-4f21a9c5ebbf:192.168.34.17:43643, 46f0d1a2-3938-4305-a36e-0a8fbc61a3fa:192.168.34.17:35089] returns group-4613DEE8849A:java.util.concurrent.CompletableFuture@1a7bd8e[Not completed]
2019-09-23 17:37:12,718 [grpc-default-executor-1] INFO  impl.RaftServerProxy (RaftServerProxy.java:addNew(89)) - 5668ea6f-da2f-4532-bdc2-4f21a9c5ebbf: addNew group-4613DEE8849A:[dea2b8ee-1439-48be-8207-ba99c35f0b35:192.168.34.17:36925, 5668ea6f-da2f-4532-bdc2-4f21a9c5ebbf:192.168.34.17:43643, 46f0d1a2-3938-4305-a36e-0a8fbc61a3fa:192.168.34.17:35089] returns group-4613DEE8849A:java.util.concurrent.CompletableFuture@30b3f993[Not completed]
2019-09-23 17:37:12,718 [grpc-default-executor-2] INFO  impl.RaftServerProxy (RaftServerProxy.java:addNew(89)) - 46f0d1a2-3938-4305-a36e-0a8fbc61a3fa: addNew group-4613DEE8849A:[dea2b8ee-1439-48be-8207-ba99c35f0b35:192.168.34.17:36925, 5668ea6f-da2f-4532-bdc2-4f21a9c5ebbf:192.168.34.17:43643, 46f0d1a2-3938-4305-a36e-0a8fbc61a3fa:192.168.34.17:35089] returns group-4613DEE8849A:java.util.concurrent.CompletableFuture@4bdd7060[Not completed]
2019-09-23 17:37:12,722 [pool-47-thread-1] INFO  impl.RaftServerImpl (RaftServerImpl.java:<init>(95)) - dea2b8ee-1439-48be-8207-ba99c35f0b35: new RaftServerImpl for group-4613DEE8849A:[dea2b8ee-1439-48be-8207-ba99c35f0b35:192.168.34.17:36925, 5668ea6f-da2f-4532-bdc2-4f21a9c5ebbf:192.168.34.17:43643, 46f0d1a2-3938-4305-a36e-0a8fbc61a3fa:192.168.34.17:35089] with ContainerStateMachine:uninitialized
2019-09-23 17:37:12,723 [pool-47-thread-1] INFO  server.RaftServerConfigKeys (ConfUtils.java:logGet(43)) - raft.server.rpc.timeout.min = 5s (custom)
2019-09-23 17:37:12,723 [pool-47-thread-1] INFO  server.RaftServerConfigKeys (ConfUtils.java:logGet(43)) - raft.server.rpc.timeout.max = 5200ms (custom)
2019-09-23 17:37:12,723 [pool-47-thread-1] INFO  server.RaftServerConfigKeys (ConfUtils.java:logGet(43)) - raft.server.rpcslowness.timeout = 120s (custom)
2019-09-23 17:37:12,723 [pool-47-thread-1] INFO  server.RaftServerConfigKeys (ConfUtils.java:logGet(43)) - raft.server.sleep.deviation.threshold = 300 (default)
2019-09-23 17:37:12,724 [pool-47-thread-1] INFO  server.RaftServerConfigKeys (ConfUtils.java:logGet(43)) - raft.server.log.appender.install.snapshot.enabled = false (custom)
2019-09-23 17:37:12,724 [pool-47-thread-1] INFO  impl.RaftServerImpl (ServerState.java:<init>(103)) - dea2b8ee-1439-48be-8207-ba99c35f0b35@group-4613DEE8849A: ConfigurationManager, init=-1: [dea2b8ee-1439-48be-8207-ba99c35f0b35:192.168.34.17:36925, 5668ea6f-da2f-4532-bdc2-4f21a9c5ebbf:192.168.34.17:43643, 46f0d1a2-3938-4305-a36e-0a8fbc61a3fa:192.168.34.17:35089], old=null, confs=<EMPTY_MAP>
2019-09-23 17:37:12,724 [pool-47-thread-1] INFO  server.RaftServerConfigKeys (ConfUtils.java:logGet(43)) - raft.server.storage.dir = [/workdir/hadoop-ozone/tools/target/test-dir/MiniOzoneClusterImpl-65b0fc59-f639-42ad-af7f-2a0602235923/datanode-2/data/ratis] (custom)
2019-09-23 17:37:12,725 [pool-47-thread-1] INFO  storage.RaftStorageDirectory (RaftStorageDirectory.java:analyzeStorage(246)) - The storage directory /workdir/hadoop-ozone/tools/target/test-dir/MiniOzoneClusterImpl-65b0fc59-f639-42ad-af7f-2a0602235923/datanode-2/data/ratis/7605905e-10c0-4df1-bec7-4613dee8849a does not exist. Creating ...
 0.00% |█                                                                                                    |  0/1 Time: 0:00:08 0.00% |█                                                                                                    |  0/1 Time: 0:00:092019-09-23 17:37:14,788 [pool-37-thread-1] INFO  storage.RaftStorageDirectory (RaftStorageDirectory.java:tryLock(328)) - Lock on /workdir/hadoop-ozone/tools/target/test-dir/MiniOzoneClusterImpl-65b0fc59-f639-42ad-af7f-2a0602235923/datanode-1/data/ratis/e93bd736-7b22-4d05-9db3-70a63ec4c4ee/in_use.lock acquired by nodename 24596@pr-hdds-2166-7skhj-3476174427
2019-09-23 17:37:14,788 [pool-47-thread-1] INFO  storage.RaftStorageDirectory (RaftStorageDirectory.java:tryLock(328)) - Lock on /workdir/hadoop-ozone/tools/target/test-dir/MiniOzoneClusterImpl-65b0fc59-f639-42ad-af7f-2a0602235923/datanode-2/data/ratis/7605905e-10c0-4df1-bec7-4613dee8849a/in_use.lock acquired by nodename 24596@pr-hdds-2166-7skhj-3476174427
 0.00% |█                                                                                                    |  0/1 Time: 0:00:102019-09-23 17:37:15,467 [pool-27-thread-1] INFO  storage.RaftStorage (RaftStorage.java:format(72)) - Storage directory /workdir/hadoop-ozone/tools/target/test-dir/MiniOzoneClusterImpl-65b0fc59-f639-42ad-af7f-2a0602235923/datanode-0/data/ratis/1631f691-8792-496d-be24-3d536be1a45b has been successfully formatted.
2019-09-23 17:37:15,468 [pool-27-thread-1] INFO  ratis.ContainerStateMachine (ContainerStateMachine.java:loadSnapshot(230)) - group-3D536BE1A45B: The snapshot info is null. Setting the last applied indexto:(t:0, i:~)
2019-09-23 17:37:15,468 [pool-27-thread-1] INFO  server.RaftServerConfigKeys (ConfUtils.java:logGet(43)) - raft.server.notification.no-leader.timeout = 120s (custom)
2019-09-23 17:37:15,468 [pool-27-thread-1] INFO  server.RaftServerConfigKeys (ConfUtils.java:logGet(43)) - raft.server.log.use.memory = false (default)
2019-09-23 17:37:15,468 [pool-27-thread-1] INFO  server.RaftServerConfigKeys (ConfUtils.java:logGet(43)) - raft.server.log.purge.gap = 1000000 (custom)
2019-09-23 17:37:15,469 [pool-27-thread-1] INFO  server.RaftServerConfigKeys (ConfUtils.java:logGet(43)) - raft.server.log.appender.buffer.byte-limit = 33554432 (custom)
2019-09-23 17:37:15,469 [pool-27-thread-1] INFO  server.RaftServerConfigKeys (ConfUtils.java:logGet(43)) - raft.server.log.segment.size.max = 1048576 (custom)
2019-09-23 17:37:15,469 [pool-27-thread-1] INFO  server.RaftServerConfigKeys (ConfUtils.java:logGet(43)) - raft.server.log.segment.cache.num.max = 2 (custom)
2019-09-23 17:37:15,469 [pool-27-thread-1] INFO  segmented.SegmentedRaftLogWorker (SegmentedRaftLogWorker.java:<init>(172)) - new 46f0d1a2-3938-4305-a36e-0a8fbc61a3fa@group-3D536BE1A45B-SegmentedRaftLogWorker for RaftStorage:Storage Directory /workdir/hadoop-ozone/tools/target/test-dir/MiniOzoneClusterImpl-65b0fc59-f639-42ad-af7f-2a0602235923/datanode-0/data/ratis/1631f691-8792-496d-be24-3d536be1a45b
2019-09-23 17:37:15,470 [pool-27-thread-1] INFO  server.RaftServerConfigKeys (ConfUtils.java:logGet(43)) - raft.server.log.queue.byte-limit = 2147483647 (custom)
2019-09-23 17:37:15,470 [pool-27-thread-1] INFO  server.RaftServerConfigKeys (ConfUtils.java:logGet(43)) - raft.server.log.queue.element-limit = 1024 (custom)
2019-09-23 17:37:15,470 [pool-27-thread-1] INFO  server.RaftServerConfigKeys (ConfUtils.java:logGet(43)) - raft.server.log.segment.size.max = 1048576 (custom)
2019-09-23 17:37:15,470 [pool-27-thread-1] INFO  server.RaftServerConfigKeys (ConfUtils.java:logGet(43)) - raft.server.log.preallocated.size = 16384 (custom)
2019-09-23 17:37:15,471 [pool-27-thread-1] INFO  server.RaftServerConfigKeys (ConfUtils.java:logGet(43)) - raft.server.log.write.buffer.size = 33554432 (custom)
2019-09-23 17:37:15,471 [pool-27-thread-1] INFO  server.RaftServerConfigKeys (ConfUtils.java:logGet(43)) - raft.server.log.force.sync.num = 128 (default)
2019-09-23 17:37:15,471 [pool-27-thread-1] INFO  server.RaftServerConfigKeys (ConfUtils.java:logGet(43)) - raft.server.log.statemachine.data.sync = true (default)
2019-09-23 17:37:15,471 [pool-27-thread-1] INFO  server.RaftServerConfigKeys (ConfUtils.java:logGet(43)) - raft.server.log.statemachine.data.sync.timeout = 10s (default)
2019-09-23 17:37:15,471 [pool-27-thread-1] INFO  server.RaftServerConfigKeys (ConfUtils.java:logGet(43)) - raft.server.log.statemachine.data.sync.timeout.retry = -1 (default)
2019-09-23 17:37:15,472 [pool-27-thread-1] INFO  server.RaftServerConfigKeys (ConfUtils.java:logGet(43)) - raft.server.log.statemachine.data.caching.enabled = true (custom)
2019-09-23 17:37:15,472 [pool-27-thread-1] INFO  segmented.SegmentedRaftLogWorker (SegmentedRaftLogWorker.java:lambda$new$0(132)) - 46f0d1a2-3938-4305-a36e-0a8fbc61a3fa@group-3D536BE1A45B-SegmentedRaftLogWorker: flushIndex: setUnconditionally 0 -> -1
2019-09-23 17:37:15,473 [pool-27-thread-1] INFO  server.RaftServerConfigKeys (ConfUtils.java:logGet(43)) - raft.server.snapshot.auto.trigger.enabled = true (custom)
2019-09-23 17:37:15,473 [pool-27-thread-1] INFO  server.RaftServerConfigKeys (ConfUtils.java:logGet(43)) - raft.server.snapshot.auto.trigger.threshold = 10000 (custom)
2019-09-23 17:37:15,473 [pool-27-thread-1] INFO  server.RaftServerConfigKeys (ConfUtils.java:logGet(43)) - raft.server.snapshot.retention.num.files = 5 (custom)
2019-09-23 17:37:15,474 [pool-27-thread-1] INFO  server.RaftServerConfigKeys (ConfUtils.java:logGet(43)) - raft.server.retrycache.expirytime = 600000ms (custom)
2019-09-23 17:37:15,481 [pool-27-thread-1] INFO  impl.RaftServerImpl (RaftServerImpl.java:start(185)) - 46f0d1a2-3938-4305-a36e-0a8fbc61a3fa@group-A55ED724E41F: start as a follower, conf=-1: [46f0d1a2-3938-4305-a36e-0a8fbc61a3fa:192.168.34.17:35089], old=null
2019-09-23 17:37:15,481 [pool-27-thread-1] INFO  impl.RaftServerImpl (RaftServerImpl.java:setRole(174)) - 46f0d1a2-3938-4305-a36e-0a8fbc61a3fa@group-A55ED724E41F: changes role from      null to FOLLOWER at term 0 for startAsFollower
2019-09-23 17:37:15,481 [pool-27-thread-1] INFO  impl.RoleInfo (RoleInfo.java:updateAndGet(143)) - 46f0d1a2-3938-4305-a36e-0a8fbc61a3fa: start FollowerState
2019-09-23 17:37:15,484 [pool-27-thread-1] INFO  util.JmxRegister (JmxRegister.java:tryRegister(44)) - Successfully registered JMX Bean with object name Ratis:service=RaftServer,group=group-A55ED724E41F,id=46f0d1a2-3938-4305-a36e-0a8fbc61a3fa
2019-09-23 17:37:15,491 [pool-27-thread-1] INFO  impl.RaftServerImpl (RaftServerImpl.java:<init>(95)) - 46f0d1a2-3938-4305-a36e-0a8fbc61a3fa: new RaftServerImpl for group-4613DEE8849A:[dea2b8ee-1439-48be-8207-ba99c35f0b35:192.168.34.17:36925, 5668ea6f-da2f-4532-bdc2-4f21a9c5ebbf:192.168.34.17:43643, 46f0d1a2-3938-4305-a36e-0a8fbc61a3fa:192.168.34.17:35089] with ContainerStateMachine:uninitialized
2019-09-23 17:37:15,491 [pool-27-thread-1] INFO  server.RaftServerConfigKeys (ConfUtils.java:logGet(43)) - raft.server.rpc.timeout.min = 5s (custom)
2019-09-23 17:37:15,492 [pool-27-thread-1] INFO  server.RaftServerConfigKeys (ConfUtils.java:logGet(43)) - raft.server.rpc.timeout.max = 5200ms (custom)
2019-09-23 17:37:15,492 [pool-27-thread-1] INFO  server.RaftServerConfigKeys (ConfUtils.java:logGet(43)) - raft.server.rpcslowness.timeout = 120s (custom)
2019-09-23 17:37:15,492 [pool-27-thread-1] INFO  server.RaftServerConfigKeys (ConfUtils.java:logGet(43)) - raft.server.sleep.deviation.threshold = 300 (default)
2019-09-23 17:37:15,492 [pool-27-thread-1] INFO  server.RaftServerConfigKeys (ConfUtils.java:logGet(43)) - raft.server.log.appender.install.snapshot.enabled = false (custom)
2019-09-23 17:37:15,492 [pool-27-thread-1] INFO  impl.RaftServerImpl (ServerState.java:<init>(103)) - 46f0d1a2-3938-4305-a36e-0a8fbc61a3fa@group-4613DEE8849A: ConfigurationManager, init=-1: [dea2b8ee-1439-48be-8207-ba99c35f0b35:192.168.34.17:36925, 5668ea6f-da2f-4532-bdc2-4f21a9c5ebbf:192.168.34.17:43643, 46f0d1a2-3938-4305-a36e-0a8fbc61a3fa:192.168.34.17:35089], old=null, confs=<EMPTY_MAP>
2019-09-23 17:37:15,492 [pool-27-thread-1] INFO  server.RaftServerConfigKeys (ConfUtils.java:logGet(43)) - raft.server.storage.dir = [/workdir/hadoop-ozone/tools/target/test-dir/MiniOzoneClusterImpl-65b0fc59-f639-42ad-af7f-2a0602235923/datanode-0/data/ratis] (custom)
2019-09-23 17:37:15,493 [pool-27-thread-1] INFO  storage.RaftStorageDirectory (RaftStorageDirectory.java:analyzeStorage(246)) - The storage directory /workdir/hadoop-ozone/tools/target/test-dir/MiniOzoneClusterImpl-65b0fc59-f639-42ad-af7f-2a0602235923/datanode-0/data/ratis/7605905e-10c0-4df1-bec7-4613dee8849a does not exist. Creating ...
2019-09-23 17:37:15,690 [RATISCREATEPIPELINE3] ERROR pipeline.RatisPipelineProvider (RatisPipelineProvider.java:lambda$null$5(235)) - Failed invoke Ratis rpc org.apache.hadoop.hdds.scm.pipeline.RatisPipelineProvider$$Lambda$173/976829892@6106cbc4 for dea2b8ee-1439-48be-8207-ba99c35f0b35
org.apache.ratis.protocol.TimeoutIOException: deadline exceeded after 2998360591ns
	at org.apache.ratis.grpc.GrpcUtil.tryUnwrapException(GrpcUtil.java:82)
	at org.apache.ratis.grpc.GrpcUtil.unwrapException(GrpcUtil.java:75)
	at org.apache.ratis.grpc.client.GrpcClientProtocolClient.blockingCall(GrpcClientProtocolClient.java:178)
	at org.apache.ratis.grpc.client.GrpcClientProtocolClient.groupAdd(GrpcClientProtocolClient.java:147)
	at org.apache.ratis.grpc.client.GrpcClientRpc.sendRequest(GrpcClientRpc.java:94)
	at org.apache.ratis.client.impl.RaftClientImpl.sendRequest(RaftClientImpl.java:278)
	at org.apache.ratis.client.impl.RaftClientImpl.groupAdd(RaftClientImpl.java:205)
	at org.apache.hadoop.hdds.scm.pipeline.RatisPipelineProvider.lambda$initializePipeline$4(RatisPipelineProvider.java:196)
	at org.apache.hadoop.hdds.scm.pipeline.RatisPipelineProvider.lambda$null$5(RatisPipelineProvider.java:231)
	at java.util.stream.ForEachOps$ForEachOp$OfRef.accept(ForEachOps.java:184)
	at java.util.ArrayList$ArrayListSpliterator.forEachRemaining(ArrayList.java:1382)
	at java.util.stream.AbstractPipeline.copyInto(AbstractPipeline.java:482)
	at java.util.stream.ForEachOps$ForEachTask.compute(ForEachOps.java:291)
	at java.util.concurrent.CountedCompleter.exec(CountedCompleter.java:731)
	at java.util.concurrent.ForkJoinTask.doExec(ForkJoinTask.java:289)
	at java.util.concurrent.ForkJoinPool$WorkQueue.runTask(ForkJoinPool.java:1056)
	at java.util.concurrent.ForkJoinPool.runWorker(ForkJoinPool.java:1692)
	at java.util.concurrent.ForkJoinWorkerThread.run(ForkJoinWorkerThread.java:157)
Caused by: org.apache.ratis.thirdparty.io.grpc.StatusRuntimeException: DEADLINE_EXCEEDED: deadline exceeded after 2998360591ns
	at org.apache.ratis.thirdparty.io.grpc.stub.ClientCalls.toStatusRuntimeException(ClientCalls.java:233)
	at org.apache.ratis.thirdparty.io.grpc.stub.ClientCalls.getUnchecked(ClientCalls.java:214)
	at org.apache.ratis.thirdparty.io.grpc.stub.ClientCalls.blockingUnaryCall(ClientCalls.java:139)
	at org.apache.ratis.proto.grpc.AdminProtocolServiceGrpc$AdminProtocolServiceBlockingStub.groupManagement(AdminProtocolServiceGrpc.java:274)
	at org.apache.ratis.grpc.client.GrpcClientProtocolClient.lambda$groupAdd$3(GrpcClientProtocolClient.java:149)
	at org.apache.ratis.grpc.client.GrpcClientProtocolClient.blockingCall(GrpcClientProtocolClient.java:176)
	... 15 more
2019-09-23 17:37:15,690 [RATISCREATEPIPELINE2] ERROR pipeline.RatisPipelineProvider (RatisPipelineProvider.java:lambda$null$5(235)) - Failed invoke Ratis rpc org.apache.hadoop.hdds.scm.pipeline.RatisPipelineProvider$$Lambda$173/976829892@6106cbc4 for 5668ea6f-da2f-4532-bdc2-4f21a9c5ebbf
org.apache.ratis.protocol.TimeoutIOException: deadline exceeded after 2998455992ns
	at org.apache.ratis.grpc.GrpcUtil.tryUnwrapException(GrpcUtil.java:82)
	at org.apache.ratis.grpc.GrpcUtil.unwrapException(GrpcUtil.java:75)
	at org.apache.ratis.grpc.client.GrpcClientProtocolClient.blockingCall(GrpcClientProtocolClient.java:178)
	at org.apache.ratis.grpc.client.GrpcClientProtocolClient.groupAdd(GrpcClientProtocolClient.java:147)
	at org.apache.ratis.grpc.client.GrpcClientRpc.sendRequest(GrpcClientRpc.java:94)
	at org.apache.ratis.client.impl.RaftClientImpl.sendRequest(RaftClientImpl.java:278)
	at org.apache.ratis.client.impl.RaftClientImpl.groupAdd(RaftClientImpl.java:205)
	at org.apache.hadoop.hdds.scm.pipeline.RatisPipelineProvider.lambda$initializePipeline$4(RatisPipelineProvider.java:196)
	at org.apache.hadoop.hdds.scm.pipeline.RatisPipelineProvider.lambda$null$5(RatisPipelineProvider.java:231)
	at java.util.stream.ForEachOps$ForEachOp$OfRef.accept(ForEachOps.java:184)
	at java.util.ArrayList$ArrayListSpliterator.forEachRemaining(ArrayList.java:1382)
	at java.util.stream.AbstractPipeline.copyInto(AbstractPipeline.java:482)
	at java.util.stream.ForEachOps$ForEachTask.compute(ForEachOps.java:291)
	at java.util.concurrent.CountedCompleter.exec(CountedCompleter.java:731)
	at java.util.concurrent.ForkJoinTask.doExec(ForkJoinTask.java:289)
	at java.util.concurrent.ForkJoinPool$WorkQueue.runTask(ForkJoinPool.java:1056)
	at java.util.concurrent.ForkJoinPool.runWorker(ForkJoinPool.java:1692)
	at java.util.concurrent.ForkJoinWorkerThread.run(ForkJoinWorkerThread.java:157)
Caused by: org.apache.ratis.thirdparty.io.grpc.StatusRuntimeException: DEADLINE_EXCEEDED: deadline exceeded after 2998455992ns
	at org.apache.ratis.thirdparty.io.grpc.stub.ClientCalls.toStatusRuntimeException(ClientCalls.java:233)
	at org.apache.ratis.thirdparty.io.grpc.stub.ClientCalls.getUnchecked(ClientCalls.java:214)
	at org.apache.ratis.thirdparty.io.grpc.stub.ClientCalls.blockingUnaryCall(ClientCalls.java:139)
	at org.apache.ratis.proto.grpc.AdminProtocolServiceGrpc$AdminProtocolServiceBlockingStub.groupManagement(AdminProtocolServiceGrpc.java:274)
	at org.apache.ratis.grpc.client.GrpcClientProtocolClient.lambda$groupAdd$3(GrpcClientProtocolClient.java:149)
	at org.apache.ratis.grpc.client.GrpcClientProtocolClient.blockingCall(GrpcClientProtocolClient.java:176)
	... 15 more
2019-09-23 17:37:15,690 [RATISCREATEPIPELINE1] ERROR pipeline.RatisPipelineProvider (RatisPipelineProvider.java:lambda$null$5(235)) - Failed invoke Ratis rpc org.apache.hadoop.hdds.scm.pipeline.RatisPipelineProvider$$Lambda$173/976829892@6106cbc4 for 46f0d1a2-3938-4305-a36e-0a8fbc61a3fa
org.apache.ratis.protocol.TimeoutIOException: deadline exceeded after 2999649964ns
	at org.apache.ratis.grpc.GrpcUtil.tryUnwrapException(GrpcUtil.java:82)
	at org.apache.ratis.grpc.GrpcUtil.unwrapException(GrpcUtil.java:75)
	at org.apache.ratis.grpc.client.GrpcClientProtocolClient.blockingCall(GrpcClientProtocolClient.java:178)
	at org.apache.ratis.grpc.client.GrpcClientProtocolClient.groupAdd(GrpcClientProtocolClient.java:147)
	at org.apache.ratis.grpc.client.GrpcClientRpc.sendRequest(GrpcClientRpc.java:94)
	at org.apache.ratis.client.impl.RaftClientImpl.sendRequest(RaftClientImpl.java:278)
	at org.apache.ratis.client.impl.RaftClientImpl.groupAdd(RaftClientImpl.java:205)
	at org.apache.hadoop.hdds.scm.pipeline.RatisPipelineProvider.lambda$initializePipeline$4(RatisPipelineProvider.java:196)
	at org.apache.hadoop.hdds.scm.pipeline.RatisPipelineProvider.lambda$null$5(RatisPipelineProvider.java:231)
	at java.util.stream.ForEachOps$ForEachOp$OfRef.accept(ForEachOps.java:184)
	at java.util.ArrayList$ArrayListSpliterator.forEachRemaining(ArrayList.java:1382)
	at java.util.stream.AbstractPipeline.copyInto(AbstractPipeline.java:482)
	at java.util.stream.ForEachOps$ForEachTask.compute(ForEachOps.java:291)
	at java.util.concurrent.CountedCompleter.exec(CountedCompleter.java:731)
	at java.util.concurrent.ForkJoinTask.doExec(ForkJoinTask.java:289)
	at java.util.concurrent.ForkJoinTask.doInvoke(ForkJoinTask.java:401)
	at java.util.concurrent.ForkJoinTask.invoke(ForkJoinTask.java:734)
	at java.util.stream.ForEachOps$ForEachOp.evaluateParallel(ForEachOps.java:160)
	at java.util.stream.ForEachOps$ForEachOp$OfRef.evaluateParallel(ForEachOps.java:174)
	at java.util.stream.AbstractPipeline.evaluate(AbstractPipeline.java:233)
	at java.util.stream.ReferencePipeline.forEach(ReferencePipeline.java:418)
	at java.util.stream.ReferencePipeline$Head.forEach(ReferencePipeline.java:583)
	at org.apache.hadoop.hdds.scm.pipeline.RatisPipelineProvider.lambda$callRatisRpc$6(RatisPipelineProvider.java:225)
	at java.util.concurrent.ForkJoinTask$AdaptedRunnableAction.exec(ForkJoinTask.java:1386)
	at java.util.concurrent.ForkJoinTask.doExec(ForkJoinTask.java:289)
	at java.util.concurrent.ForkJoinPool$WorkQueue.runTask(ForkJoinPool.java:1056)
	at java.util.concurrent.ForkJoinPool.runWorker(ForkJoinPool.java:1692)
	at java.util.concurrent.ForkJoinWorkerThread.run(ForkJoinWorkerThread.java:157)
Caused by: org.apache.ratis.thirdparty.io.grpc.StatusRuntimeException: DEADLINE_EXCEEDED: deadline exceeded after 2999649964ns
	at org.apache.ratis.thirdparty.io.grpc.stub.ClientCalls.toStatusRuntimeException(ClientCalls.java:233)
	at org.apache.ratis.thirdparty.io.grpc.stub.ClientCalls.getUnchecked(ClientCalls.java:214)
	at org.apache.ratis.thirdparty.io.grpc.stub.ClientCalls.blockingUnaryCall(ClientCalls.java:139)
	at org.apache.ratis.proto.grpc.AdminProtocolServiceGrpc$AdminProtocolServiceBlockingStub.groupManagement(AdminProtocolServiceGrpc.java:274)
	at org.apache.ratis.grpc.client.GrpcClientProtocolClient.lambda$groupAdd$3(GrpcClientProtocolClient.java:149)
	at org.apache.ratis.grpc.client.GrpcClientProtocolClient.blockingCall(GrpcClientProtocolClient.java:176)
	... 25 more
2019-09-23 17:37:15,729 [grpc-default-executor-3] INFO  impl.RaftServerProxy (RaftServerProxy.java:addNew(89)) - 46f0d1a2-3938-4305-a36e-0a8fbc61a3fa: addNew group-2EC710033B74:[dea2b8ee-1439-48be-8207-ba99c35f0b35:192.168.34.17:36925, 5668ea6f-da2f-4532-bdc2-4f21a9c5ebbf:192.168.34.17:43643, 46f0d1a2-3938-4305-a36e-0a8fbc61a3fa:192.168.34.17:35089] returns group-2EC710033B74:java.util.concurrent.CompletableFuture@ab2c75d[Not completed]
2019-09-23 17:37:15,729 [grpc-default-executor-0] INFO  impl.RaftServerProxy (RaftServerProxy.java:addNew(89)) - dea2b8ee-1439-48be-8207-ba99c35f0b35: addNew group-2EC710033B74:[dea2b8ee-1439-48be-8207-ba99c35f0b35:192.168.34.17:36925, 5668ea6f-da2f-4532-bdc2-4f21a9c5ebbf:192.168.34.17:43643, 46f0d1a2-3938-4305-a36e-0a8fbc61a3fa:192.168.34.17:35089] returns group-2EC710033B74:java.util.concurrent.CompletableFuture@7a6b2d98[Not completed]
2019-09-23 17:37:15,729 [grpc-default-executor-1] INFO  impl.RaftServerProxy (RaftServerProxy.java:addNew(89)) - 5668ea6f-da2f-4532-bdc2-4f21a9c5ebbf: addNew group-2EC710033B74:[dea2b8ee-1439-48be-8207-ba99c35f0b35:192.168.34.17:36925, 5668ea6f-da2f-4532-bdc2-4f21a9c5ebbf:192.168.34.17:43643, 46f0d1a2-3938-4305-a36e-0a8fbc61a3fa:192.168.34.17:35089] returns group-2EC710033B74:java.util.concurrent.CompletableFuture@48d187a7[Not completed]
2019-09-23 17:37:16,208 [pool-27-thread-1] INFO  storage.RaftStorageDirectory (RaftStorageDirectory.java:tryLock(328)) - Lock on /workdir/hadoop-ozone/tools/target/test-dir/MiniOzoneClusterImpl-65b0fc59-f639-42ad-af7f-2a0602235923/datanode-0/data/ratis/7605905e-10c0-4df1-bec7-4613dee8849a/in_use.lock acquired by nodename 24596@pr-hdds-2166-7skhj-3476174427
2019-09-23 17:37:16,208 [pool-47-thread-1] INFO  storage.RaftStorage (RaftStorage.java:format(72)) - Storage directory /workdir/hadoop-ozone/tools/target/test-dir/MiniOzoneClusterImpl-65b0fc59-f639-42ad-af7f-2a0602235923/datanode-2/data/ratis/7605905e-10c0-4df1-bec7-4613dee8849a has been successfully formatted.
 0.00% |█                                                                                                    |  0/1 Time: 0:00:112019-09-23 17:37:16,208 [pool-37-thread-1] INFO  storage.RaftStorage (RaftStorage.java:format(72)) - Storage directory /workdir/hadoop-ozone/tools/target/test-dir/MiniOzoneClusterImpl-65b0fc59-f639-42ad-af7f-2a0602235923/datanode-1/data/ratis/e93bd736-7b22-4d05-9db3-70a63ec4c4ee has been successfully formatted.
2019-09-23 17:37:16,211 [pool-37-thread-1] INFO  ratis.ContainerStateMachine (ContainerStateMachine.java:loadSnapshot(230)) - group-70A63EC4C4EE: The snapshot info is null. Setting the last applied indexto:(t:0, i:~)
2019-09-23 17:37:16,211 [pool-47-thread-1] INFO  ratis.ContainerStateMachine (ContainerStateMachine.java:loadSnapshot(230)) - group-4613DEE8849A: The snapshot info is null. Setting the last applied indexto:(t:0, i:~)
2019-09-23 17:37:16,211 [pool-37-thread-1] INFO  server.RaftServerConfigKeys (ConfUtils.java:logGet(43)) - raft.server.notification.no-leader.timeout = 120s (custom)
2019-09-23 17:37:16,211 [pool-47-thread-1] INFO  server.RaftServerConfigKeys (ConfUtils.java:logGet(43)) - raft.server.notification.no-leader.timeout = 120s (custom)
2019-09-23 17:37:16,211 [pool-37-thread-1] INFO  server.RaftServerConfigKeys (ConfUtils.java:logGet(43)) - raft.server.log.use.memory = false (default)
2019-09-23 17:37:16,212 [pool-47-thread-1] INFO  server.RaftServerConfigKeys (ConfUtils.java:logGet(43)) - raft.server.log.use.memory = false (default)
2019-09-23 17:37:16,212 [pool-37-thread-1] INFO  server.RaftServerConfigKeys (ConfUtils.java:logGet(43)) - raft.server.log.purge.gap = 1000000 (custom)
2019-09-23 17:37:16,212 [pool-47-thread-1] INFO  server.RaftServerConfigKeys (ConfUtils.java:logGet(43)) - raft.server.log.purge.gap = 1000000 (custom)
2019-09-23 17:37:16,212 [pool-37-thread-1] INFO  server.RaftServerConfigKeys (ConfUtils.java:logGet(43)) - raft.server.log.appender.buffer.byte-limit = 33554432 (custom)
2019-09-23 17:37:16,212 [pool-47-thread-1] INFO  server.RaftServerConfigKeys (ConfUtils.java:logGet(43)) - raft.server.log.appender.buffer.byte-limit = 33554432 (custom)
2019-09-23 17:37:16,212 [pool-37-thread-1] INFO  server.RaftServerConfigKeys (ConfUtils.java:logGet(43)) - raft.server.log.segment.size.max = 1048576 (custom)
2019-09-23 17:37:16,212 [pool-47-thread-1] INFO  server.RaftServerConfigKeys (ConfUtils.java:logGet(43)) - raft.server.log.segment.size.max = 1048576 (custom)
2019-09-23 17:37:16,213 [pool-37-thread-1] INFO  server.RaftServerConfigKeys (ConfUtils.java:logGet(43)) - raft.server.log.segment.cache.num.max = 2 (custom)
2019-09-23 17:37:16,213 [pool-47-thread-1] INFO  server.RaftServerConfigKeys (ConfUtils.java:logGet(43)) - raft.server.log.segment.cache.num.max = 2 (custom)
2019-09-23 17:37:16,213 [pool-37-thread-1] INFO  segmented.SegmentedRaftLogWorker (SegmentedRaftLogWorker.java:<init>(172)) - new 5668ea6f-da2f-4532-bdc2-4f21a9c5ebbf@group-70A63EC4C4EE-SegmentedRaftLogWorker for RaftStorage:Storage Directory /workdir/hadoop-ozone/tools/target/test-dir/MiniOzoneClusterImpl-65b0fc59-f639-42ad-af7f-2a0602235923/datanode-1/data/ratis/e93bd736-7b22-4d05-9db3-70a63ec4c4ee
2019-09-23 17:37:16,213 [pool-47-thread-1] INFO  segmented.SegmentedRaftLogWorker (SegmentedRaftLogWorker.java:<init>(172)) - new dea2b8ee-1439-48be-8207-ba99c35f0b35@group-4613DEE8849A-SegmentedRaftLogWorker for RaftStorage:Storage Directory /workdir/hadoop-ozone/tools/target/test-dir/MiniOzoneClusterImpl-65b0fc59-f639-42ad-af7f-2a0602235923/datanode-2/data/ratis/7605905e-10c0-4df1-bec7-4613dee8849a
2019-09-23 17:37:16,213 [pool-37-thread-1] INFO  server.RaftServerConfigKeys (ConfUtils.java:logGet(43)) - raft.server.log.queue.byte-limit = 2147483647 (custom)
2019-09-23 17:37:16,213 [pool-47-thread-1] INFO  server.RaftServerConfigKeys (ConfUtils.java:logGet(43)) - raft.server.log.queue.byte-limit = 2147483647 (custom)
2019-09-23 17:37:16,220 [pool-37-thread-1] INFO  server.RaftServerConfigKeys (ConfUtils.java:logGet(43)) - raft.server.log.queue.element-limit = 1024 (custom)
2019-09-23 17:37:16,220 [pool-47-thread-1] INFO  server.RaftServerConfigKeys (ConfUtils.java:logGet(43)) - raft.server.log.queue.element-limit = 1024 (custom)
2019-09-23 17:37:16,221 [pool-37-thread-1] INFO  server.RaftServerConfigKeys (ConfUtils.java:logGet(43)) - raft.server.log.segment.size.max = 1048576 (custom)
2019-09-23 17:37:16,223 [pool-47-thread-1] INFO  server.RaftServerConfigKeys (ConfUtils.java:logGet(43)) - raft.server.log.segment.size.max = 1048576 (custom)
2019-09-23 17:37:16,223 [pool-37-thread-1] INFO  server.RaftServerConfigKeys (ConfUtils.java:logGet(43)) - raft.server.log.preallocated.size = 16384 (custom)
2019-09-23 17:37:16,223 [pool-47-thread-1] INFO  server.RaftServerConfigKeys (ConfUtils.java:logGet(43)) - raft.server.log.preallocated.size = 16384 (custom)
2019-09-23 17:37:16,232 [pool-37-thread-1] INFO  server.RaftServerConfigKeys (ConfUtils.java:logGet(43)) - raft.server.log.write.buffer.size = 33554432 (custom)
2019-09-23 17:37:16,233 [pool-47-thread-1] INFO  server.RaftServerConfigKeys (ConfUtils.java:logGet(43)) - raft.server.log.write.buffer.size = 33554432 (custom)
2019-09-23 17:37:16,233 [pool-37-thread-1] INFO  server.RaftServerConfigKeys (ConfUtils.java:logGet(43)) - raft.server.log.force.sync.num = 128 (default)
2019-09-23 17:37:16,233 [pool-47-thread-1] INFO  server.RaftServerConfigKeys (ConfUtils.java:logGet(43)) - raft.server.log.force.sync.num = 128 (default)
2019-09-23 17:37:16,233 [pool-37-thread-1] INFO  server.RaftServerConfigKeys (ConfUtils.java:logGet(43)) - raft.server.log.statemachine.data.sync = true (default)
2019-09-23 17:37:16,233 [pool-47-thread-1] INFO  server.RaftServerConfigKeys (ConfUtils.java:logGet(43)) - raft.server.log.statemachine.data.sync = true (default)
2019-09-23 17:37:16,233 [pool-37-thread-1] INFO  server.RaftServerConfigKeys (ConfUtils.java:logGet(43)) - raft.server.log.statemachine.data.sync.timeout = 10s (default)
2019-09-23 17:37:16,234 [pool-47-thread-1] INFO  server.RaftServerConfigKeys (ConfUtils.java:logGet(43)) - raft.server.log.statemachine.data.sync.timeout = 10s (default)
2019-09-23 17:37:16,234 [pool-27-thread-1] INFO  storage.RaftStorage (RaftStorage.java:format(72)) - Storage directory /workdir/hadoop-ozone/tools/target/test-dir/MiniOzoneClusterImpl-65b0fc59-f639-42ad-af7f-2a0602235923/datanode-0/data/ratis/7605905e-10c0-4df1-bec7-4613dee8849a has been successfully formatted.
2019-09-23 17:37:16,234 [pool-47-thread-1] INFO  server.RaftServerConfigKeys (ConfUtils.java:logGet(43)) - raft.server.log.statemachine.data.sync.timeout.retry = -1 (default)
2019-09-23 17:37:16,234 [pool-37-thread-1] INFO  server.RaftServerConfigKeys (ConfUtils.java:logGet(43)) - raft.server.log.statemachine.data.sync.timeout.retry = -1 (default)
2019-09-23 17:37:16,235 [pool-47-thread-1] INFO  server.RaftServerConfigKeys (ConfUtils.java:logGet(43)) - raft.server.log.statemachine.data.caching.enabled = true (custom)
2019-09-23 17:37:16,235 [pool-37-thread-1] INFO  server.RaftServerConfigKeys (ConfUtils.java:logGet(43)) - raft.server.log.statemachine.data.caching.enabled = true (custom)
2019-09-23 17:37:16,235 [pool-27-thread-1] INFO  ratis.ContainerStateMachine (ContainerStateMachine.java:loadSnapshot(230)) - group-4613DEE8849A: The snapshot info is null. Setting the last applied indexto:(t:0, i:~)
2019-09-23 17:37:16,235 [pool-47-thread-1] INFO  segmented.SegmentedRaftLogWorker (SegmentedRaftLogWorker.java:lambda$new$0(132)) - dea2b8ee-1439-48be-8207-ba99c35f0b35@group-4613DEE8849A-SegmentedRaftLogWorker: flushIndex: setUnconditionally 0 -> -1
2019-09-23 17:37:16,235 [pool-27-thread-1] INFO  server.RaftServerConfigKeys (ConfUtils.java:logGet(43)) - raft.server.notification.no-leader.timeout = 120s (custom)
2019-09-23 17:37:16,235 [pool-37-thread-1] INFO  segmented.SegmentedRaftLogWorker (SegmentedRaftLogWorker.java:lambda$new$0(132)) - 5668ea6f-da2f-4532-bdc2-4f21a9c5ebbf@group-70A63EC4C4EE-SegmentedRaftLogWorker: flushIndex: setUnconditionally 0 -> -1
2019-09-23 17:37:16,235 [pool-27-thread-1] INFO  server.RaftServerConfigKeys (ConfUtils.java:logGet(43)) - raft.server.log.use.memory = false (default)
2019-09-23 17:37:16,236 [pool-47-thread-1] INFO  server.RaftServerConfigKeys (ConfUtils.java:logGet(43)) - raft.server.snapshot.auto.trigger.enabled = true (custom)
2019-09-23 17:37:16,236 [pool-27-thread-1] INFO  server.RaftServerConfigKeys (ConfUtils.java:logGet(43)) - raft.server.log.purge.gap = 1000000 (custom)
2019-09-23 17:37:16,236 [pool-37-thread-1] INFO  server.RaftServerConfigKeys (ConfUtils.java:logGet(43)) - raft.server.snapshot.auto.trigger.enabled = true (custom)
2019-09-23 17:37:16,236 [pool-27-thread-1] INFO  server.RaftServerConfigKeys (ConfUtils.java:logGet(43)) - raft.server.log.appender.buffer.byte-limit = 33554432 (custom)
2019-09-23 17:37:16,236 [pool-47-thread-1] INFO  server.RaftServerConfigKeys (ConfUtils.java:logGet(43)) - raft.server.snapshot.auto.trigger.threshold = 10000 (custom)
2019-09-23 17:37:16,236 [pool-27-thread-1] INFO  server.RaftServerConfigKeys (ConfUtils.java:logGet(43)) - raft.server.log.segment.size.max = 1048576 (custom)
2019-09-23 17:37:16,236 [pool-37-thread-1] INFO  server.RaftServerConfigKeys (ConfUtils.java:logGet(43)) - raft.server.snapshot.auto.trigger.threshold = 10000 (custom)
2019-09-23 17:37:16,237 [pool-27-thread-1] INFO  server.RaftServerConfigKeys (ConfUtils.java:logGet(43)) - raft.server.log.segment.cache.num.max = 2 (custom)
2019-09-23 17:37:16,237 [pool-47-thread-1] INFO  server.RaftServerConfigKeys (ConfUtils.java:logGet(43)) - raft.server.snapshot.retention.num.files = 5 (custom)
2019-09-23 17:37:16,237 [pool-27-thread-1] INFO  segmented.SegmentedRaftLogWorker (SegmentedRaftLogWorker.java:<init>(172)) - new 46f0d1a2-3938-4305-a36e-0a8fbc61a3fa@group-4613DEE8849A-SegmentedRaftLogWorker for RaftStorage:Storage Directory /workdir/hadoop-ozone/tools/target/test-dir/MiniOzoneClusterImpl-65b0fc59-f639-42ad-af7f-2a0602235923/datanode-0/data/ratis/7605905e-10c0-4df1-bec7-4613dee8849a
2019-09-23 17:37:16,237 [pool-47-thread-1] INFO  server.RaftServerConfigKeys (ConfUtils.java:logGet(43)) - raft.server.retrycache.expirytime = 600000ms (custom)
2019-09-23 17:37:16,237 [pool-37-thread-1] INFO  server.RaftServerConfigKeys (ConfUtils.java:logGet(43)) - raft.server.snapshot.retention.num.files = 5 (custom)
2019-09-23 17:37:16,237 [pool-27-thread-1] INFO  server.RaftServerConfigKeys (ConfUtils.java:logGet(43)) - raft.server.log.queue.byte-limit = 2147483647 (custom)
2019-09-23 17:37:16,238 [pool-37-thread-1] INFO  server.RaftServerConfigKeys (ConfUtils.java:logGet(43)) - raft.server.retrycache.expirytime = 600000ms (custom)
2019-09-23 17:37:16,238 [pool-27-thread-1] INFO  server.RaftServerConfigKeys (ConfUtils.java:logGet(43)) - raft.server.log.queue.element-limit = 1024 (custom)
2019-09-23 17:37:16,238 [pool-27-thread-1] INFO  server.RaftServerConfigKeys (ConfUtils.java:logGet(43)) - raft.server.log.segment.size.max = 1048576 (custom)
2019-09-23 17:37:16,238 [pool-27-thread-1] INFO  server.RaftServerConfigKeys (ConfUtils.java:logGet(43)) - raft.server.log.preallocated.size = 16384 (custom)
2019-09-23 17:37:16,239 [pool-27-thread-1] INFO  server.RaftServerConfigKeys (ConfUtils.java:logGet(43)) - raft.server.log.write.buffer.size = 33554432 (custom)
2019-09-23 17:37:16,239 [pool-27-thread-1] INFO  server.RaftServerConfigKeys (ConfUtils.java:logGet(43)) - raft.server.log.force.sync.num = 128 (default)
2019-09-23 17:37:16,239 [pool-27-thread-1] INFO  server.RaftServerConfigKeys (ConfUtils.java:logGet(43)) - raft.server.log.statemachine.data.sync = true (default)
2019-09-23 17:37:16,239 [pool-27-thread-1] INFO  server.RaftServerConfigKeys (ConfUtils.java:logGet(43)) - raft.server.log.statemachine.data.sync.timeout = 10s (default)
2019-09-23 17:37:16,239 [pool-27-thread-1] INFO  server.RaftServerConfigKeys (ConfUtils.java:logGet(43)) - raft.server.log.statemachine.data.sync.timeout.retry = -1 (default)
2019-09-23 17:37:16,240 [pool-27-thread-1] INFO  server.RaftServerConfigKeys (ConfUtils.java:logGet(43)) - raft.server.log.statemachine.data.caching.enabled = true (custom)
2019-09-23 17:37:16,240 [pool-27-thread-1] INFO  segmented.SegmentedRaftLogWorker (SegmentedRaftLogWorker.java:lambda$new$0(132)) - 46f0d1a2-3938-4305-a36e-0a8fbc61a3fa@group-4613DEE8849A-SegmentedRaftLogWorker: flushIndex: setUnconditionally 0 -> -1
2019-09-23 17:37:16,244 [pool-27-thread-1] INFO  server.RaftServerConfigKeys (ConfUtils.java:logGet(43)) - raft.server.snapshot.auto.trigger.enabled = true (custom)
2019-09-23 17:37:16,244 [pool-27-thread-1] INFO  server.RaftServerConfigKeys (ConfUtils.java:logGet(43)) - raft.server.snapshot.auto.trigger.threshold = 10000 (custom)
2019-09-23 17:37:16,244 [pool-27-thread-1] INFO  server.RaftServerConfigKeys (ConfUtils.java:logGet(43)) - raft.server.snapshot.retention.num.files = 5 (custom)
2019-09-23 17:37:16,244 [pool-27-thread-1] INFO  server.RaftServerConfigKeys (ConfUtils.java:logGet(43)) - raft.server.retrycache.expirytime = 600000ms (custom)
2019-09-23 17:37:16,249 [pool-37-thread-1] INFO  impl.RaftServerImpl (RaftServerImpl.java:start(185)) - 5668ea6f-da2f-4532-bdc2-4f21a9c5ebbf@group-3D536BE1A45B: start as a follower, conf=-1: [dea2b8ee-1439-48be-8207-ba99c35f0b35:192.168.34.17:36925, 5668ea6f-da2f-4532-bdc2-4f21a9c5ebbf:192.168.34.17:43643, 46f0d1a2-3938-4305-a36e-0a8fbc61a3fa:192.168.34.17:35089], old=null
2019-09-23 17:37:16,250 [pool-37-thread-1] INFO  impl.RaftServerImpl (RaftServerImpl.java:setRole(174)) - 5668ea6f-da2f-4532-bdc2-4f21a9c5ebbf@group-3D536BE1A45B: changes role from      null to FOLLOWER at term 0 for startAsFollower
2019-09-23 17:37:16,250 [pool-37-thread-1] INFO  impl.RoleInfo (RoleInfo.java:updateAndGet(143)) - 5668ea6f-da2f-4532-bdc2-4f21a9c5ebbf: start FollowerState
2019-09-23 17:37:16,251 [pool-37-thread-1] INFO  util.JmxRegister (JmxRegister.java:tryRegister(44)) - Successfully registered JMX Bean with object name Ratis:service=RaftServer,group=group-3D536BE1A45B,id=5668ea6f-da2f-4532-bdc2-4f21a9c5ebbf
2019-09-23 17:37:16,252 [pool-27-thread-1] INFO  impl.RaftServerImpl (RaftServerImpl.java:start(185)) - 46f0d1a2-3938-4305-a36e-0a8fbc61a3fa@group-3D536BE1A45B: start as a follower, conf=-1: [dea2b8ee-1439-48be-8207-ba99c35f0b35:192.168.34.17:36925, 5668ea6f-da2f-4532-bdc2-4f21a9c5ebbf:192.168.34.17:43643, 46f0d1a2-3938-4305-a36e-0a8fbc61a3fa:192.168.34.17:35089], old=null
2019-09-23 17:37:16,252 [pool-27-thread-1] INFO  impl.RaftServerImpl (RaftServerImpl.java:setRole(174)) - 46f0d1a2-3938-4305-a36e-0a8fbc61a3fa@group-3D536BE1A45B: changes role from      null to FOLLOWER at term 0 for startAsFollower
2019-09-23 17:37:16,253 [pool-27-thread-1] INFO  impl.RoleInfo (RoleInfo.java:updateAndGet(143)) - 46f0d1a2-3938-4305-a36e-0a8fbc61a3fa: start FollowerState
2019-09-23 17:37:16,253 [pool-47-thread-1] INFO  impl.RaftServerImpl (RaftServerImpl.java:<init>(95)) - dea2b8ee-1439-48be-8207-ba99c35f0b35: new RaftServerImpl for group-2EC710033B74:[dea2b8ee-1439-48be-8207-ba99c35f0b35:192.168.34.17:36925, 5668ea6f-da2f-4532-bdc2-4f21a9c5ebbf:192.168.34.17:43643, 46f0d1a2-3938-4305-a36e-0a8fbc61a3fa:192.168.34.17:35089] with ContainerStateMachine:uninitialized
2019-09-23 17:37:16,253 [pool-27-thread-1] INFO  util.JmxRegister (JmxRegister.java:tryRegister(44)) - Successfully registered JMX Bean with object name Ratis:service=RaftServer,group=group-3D536BE1A45B,id=46f0d1a2-3938-4305-a36e-0a8fbc61a3fa
2019-09-23 17:37:16,253 [pool-47-thread-1] INFO  server.RaftServerConfigKeys (ConfUtils.java:logGet(43)) - raft.server.rpc.timeout.min = 5s (custom)
2019-09-23 17:37:16,254 [pool-47-thread-1] INFO  server.RaftServerConfigKeys (ConfUtils.java:logGet(43)) - raft.server.rpc.timeout.max = 5200ms (custom)
2019-09-23 17:37:16,254 [pool-47-thread-1] INFO  server.RaftServerConfigKeys (ConfUtils.java:logGet(43)) - raft.server.rpcslowness.timeout = 120s (custom)
2019-09-23 17:37:16,254 [pool-37-thread-1] INFO  impl.RaftServerImpl (RaftServerImpl.java:<init>(95)) - 5668ea6f-da2f-4532-bdc2-4f21a9c5ebbf: new RaftServerImpl for group-4613DEE8849A:[dea2b8ee-1439-48be-8207-ba99c35f0b35:192.168.34.17:36925, 5668ea6f-da2f-4532-bdc2-4f21a9c5ebbf:192.168.34.17:43643, 46f0d1a2-3938-4305-a36e-0a8fbc61a3fa:192.168.34.17:35089] with ContainerStateMachine:uninitialized
2019-09-23 17:37:16,254 [pool-47-thread-1] INFO  server.RaftServerConfigKeys (ConfUtils.java:logGet(43)) - raft.server.sleep.deviation.threshold = 300 (default)
2019-09-23 17:37:16,254 [pool-37-thread-1] INFO  server.RaftServerConfigKeys (ConfUtils.java:logGet(43)) - raft.server.rpc.timeout.min = 5s (custom)
2019-09-23 17:37:16,255 [pool-47-thread-1] INFO  server.RaftServerConfigKeys (ConfUtils.java:logGet(43)) - raft.server.log.appender.install.snapshot.enabled = false (custom)
2019-09-23 17:37:16,255 [pool-37-thread-1] INFO  server.RaftServerConfigKeys (ConfUtils.java:logGet(43)) - raft.server.rpc.timeout.max = 5200ms (custom)
2019-09-23 17:37:16,255 [pool-47-thread-1] INFO  impl.RaftServerImpl (ServerState.java:<init>(103)) - dea2b8ee-1439-48be-8207-ba99c35f0b35@group-2EC710033B74: ConfigurationManager, init=-1: [dea2b8ee-1439-48be-8207-ba99c35f0b35:192.168.34.17:36925, 5668ea6f-da2f-4532-bdc2-4f21a9c5ebbf:192.168.34.17:43643, 46f0d1a2-3938-4305-a36e-0a8fbc61a3fa:192.168.34.17:35089], old=null, confs=<EMPTY_MAP>
2019-09-23 17:37:16,255 [pool-37-thread-1] INFO  server.RaftServerConfigKeys (ConfUtils.java:logGet(43)) - raft.server.rpcslowness.timeout = 120s (custom)
2019-09-23 17:37:16,255 [pool-37-thread-1] INFO  server.RaftServerConfigKeys (ConfUtils.java:logGet(43)) - raft.server.sleep.deviation.threshold = 300 (default)
2019-09-23 17:37:16,255 [pool-37-thread-1] INFO  server.RaftServerConfigKeys (ConfUtils.java:logGet(43)) - raft.server.log.appender.install.snapshot.enabled = false (custom)
2019-09-23 17:37:16,255 [pool-47-thread-1] INFO  server.RaftServerConfigKeys (ConfUtils.java:logGet(43)) - raft.server.storage.dir = [/workdir/hadoop-ozone/tools/target/test-dir/MiniOzoneClusterImpl-65b0fc59-f639-42ad-af7f-2a0602235923/datanode-2/data/ratis] (custom)
2019-09-23 17:37:16,256 [pool-37-thread-1] INFO  impl.RaftServerImpl (ServerState.java:<init>(103)) - 5668ea6f-da2f-4532-bdc2-4f21a9c5ebbf@group-4613DEE8849A: ConfigurationManager, init=-1: [dea2b8ee-1439-48be-8207-ba99c35f0b35:192.168.34.17:36925, 5668ea6f-da2f-4532-bdc2-4f21a9c5ebbf:192.168.34.17:43643, 46f0d1a2-3938-4305-a36e-0a8fbc61a3fa:192.168.34.17:35089], old=null, confs=<EMPTY_MAP>
2019-09-23 17:37:16,256 [pool-37-thread-1] INFO  server.RaftServerConfigKeys (ConfUtils.java:logGet(43)) - raft.server.storage.dir = [/workdir/hadoop-ozone/tools/target/test-dir/MiniOzoneClusterImpl-65b0fc59-f639-42ad-af7f-2a0602235923/datanode-1/data/ratis] (custom)
2019-09-23 17:37:16,256 [pool-47-thread-1] INFO  storage.RaftStorageDirectory (RaftStorageDirectory.java:analyzeStorage(246)) - The storage directory /workdir/hadoop-ozone/tools/target/test-dir/MiniOzoneClusterImpl-65b0fc59-f639-42ad-af7f-2a0602235923/datanode-2/data/ratis/d48db4b6-0ead-4b35-bc40-2ec710033b74 does not exist. Creating ...
2019-09-23 17:37:16,256 [pool-37-thread-1] INFO  storage.RaftStorageDirectory (RaftStorageDirectory.java:analyzeStorage(246)) - The storage directory /workdir/hadoop-ozone/tools/target/test-dir/MiniOzoneClusterImpl-65b0fc59-f639-42ad-af7f-2a0602235923/datanode-1/data/ratis/7605905e-10c0-4df1-bec7-4613dee8849a does not exist. Creating ...
2019-09-23 17:37:16,257 [pool-27-thread-1] INFO  impl.RaftServerImpl (RaftServerImpl.java:<init>(95)) - 46f0d1a2-3938-4305-a36e-0a8fbc61a3fa: new RaftServerImpl for group-2EC710033B74:[dea2b8ee-1439-48be-8207-ba99c35f0b35:192.168.34.17:36925, 5668ea6f-da2f-4532-bdc2-4f21a9c5ebbf:192.168.34.17:43643, 46f0d1a2-3938-4305-a36e-0a8fbc61a3fa:192.168.34.17:35089] with ContainerStateMachine:uninitialized
2019-09-23 17:37:16,257 [pool-27-thread-1] INFO  server.RaftServerConfigKeys (ConfUtils.java:logGet(43)) - raft.server.rpc.timeout.min = 5s (custom)
2019-09-23 17:37:16,258 [pool-27-thread-1] INFO  server.RaftServerConfigKeys (ConfUtils.java:logGet(43)) - raft.server.rpc.timeout.max = 5200ms (custom)
2019-09-23 17:37:16,258 [pool-27-thread-1] INFO  server.RaftServerConfigKeys (ConfUtils.java:logGet(43)) - raft.server.rpcslowness.timeout = 120s (custom)
2019-09-23 17:37:16,258 [pool-27-thread-1] INFO  server.RaftServerConfigKeys (ConfUtils.java:logGet(43)) - raft.server.sleep.deviation.threshold = 300 (default)
2019-09-23 17:37:16,258 [pool-27-thread-1] INFO  server.RaftServerConfigKeys (ConfUtils.java:logGet(43)) - raft.server.log.appender.install.snapshot.enabled = false (custom)
2019-09-23 17:37:16,258 [pool-27-thread-1] INFO  impl.RaftServerImpl (ServerState.java:<init>(103)) - 46f0d1a2-3938-4305-a36e-0a8fbc61a3fa@group-2EC710033B74: ConfigurationManager, init=-1: [dea2b8ee-1439-48be-8207-ba99c35f0b35:192.168.34.17:36925, 5668ea6f-da2f-4532-bdc2-4f21a9c5ebbf:192.168.34.17:43643, 46f0d1a2-3938-4305-a36e-0a8fbc61a3fa:192.168.34.17:35089], old=null, confs=<EMPTY_MAP>
2019-09-23 17:37:16,259 [pool-27-thread-1] INFO  server.RaftServerConfigKeys (ConfUtils.java:logGet(43)) - raft.server.storage.dir = [/workdir/hadoop-ozone/tools/target/test-dir/MiniOzoneClusterImpl-65b0fc59-f639-42ad-af7f-2a0602235923/datanode-0/data/ratis] (custom)
2019-09-23 17:37:16,259 [pool-27-thread-1] INFO  storage.RaftStorageDirectory (RaftStorageDirectory.java:analyzeStorage(246)) - The storage directory /workdir/hadoop-ozone/tools/target/test-dir/MiniOzoneClusterImpl-65b0fc59-f639-42ad-af7f-2a0602235923/datanode-0/data/ratis/d48db4b6-0ead-4b35-bc40-2ec710033b74 does not exist. Creating ...
2019-09-23 17:37:16,285 [pool-47-thread-1] INFO  storage.RaftStorageDirectory (RaftStorageDirectory.java:tryLock(328)) - Lock on /workdir/hadoop-ozone/tools/target/test-dir/MiniOzoneClusterImpl-65b0fc59-f639-42ad-af7f-2a0602235923/datanode-2/data/ratis/d48db4b6-0ead-4b35-bc40-2ec710033b74/in_use.lock acquired by nodename 24596@pr-hdds-2166-7skhj-3476174427
2019-09-23 17:37:16,286 [pool-27-thread-1] INFO  storage.RaftStorageDirectory (RaftStorageDirectory.java:tryLock(328)) - Lock on /workdir/hadoop-ozone/tools/target/test-dir/MiniOzoneClusterImpl-65b0fc59-f639-42ad-af7f-2a0602235923/datanode-0/data/ratis/d48db4b6-0ead-4b35-bc40-2ec710033b74/in_use.lock acquired by nodename 24596@pr-hdds-2166-7skhj-3476174427
2019-09-23 17:37:16,285 [pool-37-thread-1] INFO  storage.RaftStorageDirectory (RaftStorageDirectory.java:tryLock(328)) - Lock on /workdir/hadoop-ozone/tools/target/test-dir/MiniOzoneClusterImpl-65b0fc59-f639-42ad-af7f-2a0602235923/datanode-1/data/ratis/7605905e-10c0-4df1-bec7-4613dee8849a/in_use.lock acquired by nodename 24596@pr-hdds-2166-7skhj-3476174427
2019-09-23 17:37:16,297 [pool-37-thread-1] INFO  storage.RaftStorage (RaftStorage.java:format(72)) - Storage directory /workdir/hadoop-ozone/tools/target/test-dir/MiniOzoneClusterImpl-65b0fc59-f639-42ad-af7f-2a0602235923/datanode-1/data/ratis/7605905e-10c0-4df1-bec7-4613dee8849a has been successfully formatted.
2019-09-23 17:37:16,297 [pool-47-thread-1] INFO  storage.RaftStorage (RaftStorage.java:format(72)) - Storage directory /workdir/hadoop-ozone/tools/target/test-dir/MiniOzoneClusterImpl-65b0fc59-f639-42ad-af7f-2a0602235923/datanode-2/data/ratis/d48db4b6-0ead-4b35-bc40-2ec710033b74 has been successfully formatted.
2019-09-23 17:37:16,297 [pool-37-thread-1] INFO  ratis.ContainerStateMachine (ContainerStateMachine.java:loadSnapshot(230)) - group-4613DEE8849A: The snapshot info is null. Setting the last applied indexto:(t:0, i:~)
2019-09-23 17:37:16,297 [pool-27-thread-1] INFO  storage.RaftStorage (RaftStorage.java:format(72)) - Storage directory /workdir/hadoop-ozone/tools/target/test-dir/MiniOzoneClusterImpl-65b0fc59-f639-42ad-af7f-2a0602235923/datanode-0/data/ratis/d48db4b6-0ead-4b35-bc40-2ec710033b74 has been successfully formatted.
2019-09-23 17:37:16,297 [pool-37-thread-1] INFO  server.RaftServerConfigKeys (ConfUtils.java:logGet(43)) - raft.server.notification.no-leader.timeout = 120s (custom)
2019-09-23 17:37:16,297 [pool-47-thread-1] INFO  ratis.ContainerStateMachine (ContainerStateMachine.java:loadSnapshot(230)) - group-2EC710033B74: The snapshot info is null. Setting the last applied indexto:(t:0, i:~)
2019-09-23 17:37:16,297 [pool-27-thread-1] INFO  ratis.ContainerStateMachine (ContainerStateMachine.java:loadSnapshot(230)) - group-2EC710033B74: The snapshot info is null. Setting the last applied indexto:(t:0, i:~)
2019-09-23 17:37:16,297 [pool-37-thread-1] INFO  server.RaftServerConfigKeys (ConfUtils.java:logGet(43)) - raft.server.log.use.memory = false (default)
2019-09-23 17:37:16,298 [pool-27-thread-1] INFO  server.RaftServerConfigKeys (ConfUtils.java:logGet(43)) - raft.server.notification.no-leader.timeout = 120s (custom)
2019-09-23 17:37:16,298 [pool-47-thread-1] INFO  server.RaftServerConfigKeys (ConfUtils.java:logGet(43)) - raft.server.notification.no-leader.timeout = 120s (custom)
2019-09-23 17:37:16,298 [pool-27-thread-1] INFO  server.RaftServerConfigKeys (ConfUtils.java:logGet(43)) - raft.server.log.use.memory = false (default)
2019-09-23 17:37:16,298 [pool-37-thread-1] INFO  server.RaftServerConfigKeys (ConfUtils.java:logGet(43)) - raft.server.log.purge.gap = 1000000 (custom)
2019-09-23 17:37:16,298 [pool-27-thread-1] INFO  server.RaftServerConfigKeys (ConfUtils.java:logGet(43)) - raft.server.log.purge.gap = 1000000 (custom)
2019-09-23 17:37:16,298 [pool-47-thread-1] INFO  server.RaftServerConfigKeys (ConfUtils.java:logGet(43)) - raft.server.log.use.memory = false (default)
2019-09-23 17:37:16,299 [pool-27-thread-1] INFO  server.RaftServerConfigKeys (ConfUtils.java:logGet(43)) - raft.server.log.appender.buffer.byte-limit = 33554432 (custom)
2019-09-23 17:37:16,299 [pool-37-thread-1] INFO  server.RaftServerConfigKeys (ConfUtils.java:logGet(43)) - raft.server.log.appender.buffer.byte-limit = 33554432 (custom)
2019-09-23 17:37:16,299 [pool-27-thread-1] INFO  server.RaftServerConfigKeys (ConfUtils.java:logGet(43)) - raft.server.log.segment.size.max = 1048576 (custom)
2019-09-23 17:37:16,299 [pool-47-thread-1] INFO  server.RaftServerConfigKeys (ConfUtils.java:logGet(43)) - raft.server.log.purge.gap = 1000000 (custom)
2019-09-23 17:37:16,299 [pool-27-thread-1] INFO  server.RaftServerConfigKeys (ConfUtils.java:logGet(43)) - raft.server.log.segment.cache.num.max = 2 (custom)
2019-09-23 17:37:16,299 [pool-37-thread-1] INFO  server.RaftServerConfigKeys (ConfUtils.java:logGet(43)) - raft.server.log.segment.size.max = 1048576 (custom)
2019-09-23 17:37:16,300 [pool-27-thread-1] INFO  segmented.SegmentedRaftLogWorker (SegmentedRaftLogWorker.java:<init>(172)) - new 46f0d1a2-3938-4305-a36e-0a8fbc61a3fa@group-2EC710033B74-SegmentedRaftLogWorker for RaftStorage:Storage Directory /workdir/hadoop-ozone/tools/target/test-dir/MiniOzoneClusterImpl-65b0fc59-f639-42ad-af7f-2a0602235923/datanode-0/data/ratis/d48db4b6-0ead-4b35-bc40-2ec710033b74
2019-09-23 17:37:16,300 [pool-47-thread-1] INFO  server.RaftServerConfigKeys (ConfUtils.java:logGet(43)) - raft.server.log.appender.buffer.byte-limit = 33554432 (custom)
2019-09-23 17:37:16,300 [pool-27-thread-1] INFO  server.RaftServerConfigKeys (ConfUtils.java:logGet(43)) - raft.server.log.queue.byte-limit = 2147483647 (custom)
2019-09-23 17:37:16,300 [pool-37-thread-1] INFO  server.RaftServerConfigKeys (ConfUtils.java:logGet(43)) - raft.server.log.segment.cache.num.max = 2 (custom)
2019-09-23 17:37:16,300 [pool-27-thread-1] INFO  server.RaftServerConfigKeys (ConfUtils.java:logGet(43)) - raft.server.log.queue.element-limit = 1024 (custom)
2019-09-23 17:37:16,300 [pool-47-thread-1] INFO  server.RaftServerConfigKeys (ConfUtils.java:logGet(43)) - raft.server.log.segment.size.max = 1048576 (custom)
2019-09-23 17:37:16,301 [pool-27-thread-1] INFO  server.RaftServerConfigKeys (ConfUtils.java:logGet(43)) - raft.server.log.segment.size.max = 1048576 (custom)
2019-09-23 17:37:16,300 [pool-37-thread-1] INFO  segmented.SegmentedRaftLogWorker (SegmentedRaftLogWorker.java:<init>(172)) - new 5668ea6f-da2f-4532-bdc2-4f21a9c5ebbf@group-4613DEE8849A-SegmentedRaftLogWorker for RaftStorage:Storage Directory /workdir/hadoop-ozone/tools/target/test-dir/MiniOzoneClusterImpl-65b0fc59-f639-42ad-af7f-2a0602235923/datanode-1/data/ratis/7605905e-10c0-4df1-bec7-4613dee8849a
2019-09-23 17:37:16,301 [pool-27-thread-1] INFO  server.RaftServerConfigKeys (ConfUtils.java:logGet(43)) - raft.server.log.preallocated.size = 16384 (custom)
2019-09-23 17:37:16,301 [pool-47-thread-1] INFO  server.RaftServerConfigKeys (ConfUtils.java:logGet(43)) - raft.server.log.segment.cache.num.max = 2 (custom)
2019-09-23 17:37:16,301 [pool-27-thread-1] INFO  server.RaftServerConfigKeys (ConfUtils.java:logGet(43)) - raft.server.log.write.buffer.size = 33554432 (custom)
2019-09-23 17:37:16,301 [pool-37-thread-1] INFO  server.RaftServerConfigKeys (ConfUtils.java:logGet(43)) - raft.server.log.queue.byte-limit = 2147483647 (custom)
2019-09-23 17:37:16,302 [pool-27-thread-1] INFO  server.RaftServerConfigKeys (ConfUtils.java:logGet(43)) - raft.server.log.force.sync.num = 128 (default)
2019-09-23 17:37:16,301 [pool-47-thread-1] INFO  segmented.SegmentedRaftLogWorker (SegmentedRaftLogWorker.java:<init>(172)) - new dea2b8ee-1439-48be-8207-ba99c35f0b35@group-2EC710033B74-SegmentedRaftLogWorker for RaftStorage:Storage Directory /workdir/hadoop-ozone/tools/target/test-dir/MiniOzoneClusterImpl-65b0fc59-f639-42ad-af7f-2a0602235923/datanode-2/data/ratis/d48db4b6-0ead-4b35-bc40-2ec710033b74
2019-09-23 17:37:16,302 [pool-27-thread-1] INFO  server.RaftServerConfigKeys (ConfUtils.java:logGet(43)) - raft.server.log.statemachine.data.sync = true (default)
2019-09-23 17:37:16,302 [pool-37-thread-1] INFO  server.RaftServerConfigKeys (ConfUtils.java:logGet(43)) - raft.server.log.queue.element-limit = 1024 (custom)
2019-09-23 17:37:16,302 [pool-27-thread-1] INFO  server.RaftServerConfigKeys (ConfUtils.java:logGet(43)) - raft.server.log.statemachine.data.sync.timeout = 10s (default)
2019-09-23 17:37:16,302 [pool-47-thread-1] INFO  server.RaftServerConfigKeys (ConfUtils.java:logGet(43)) - raft.server.log.queue.byte-limit = 2147483647 (custom)
2019-09-23 17:37:16,302 [pool-27-thread-1] INFO  server.RaftServerConfigKeys (ConfUtils.java:logGet(43)) - raft.server.log.statemachine.data.sync.timeout.retry = -1 (default)
2019-09-23 17:37:16,302 [pool-37-thread-1] INFO  server.RaftServerConfigKeys (ConfUtils.java:logGet(43)) - raft.server.log.segment.size.max = 1048576 (custom)
2019-09-23 17:37:16,303 [pool-27-thread-1] INFO  server.RaftServerConfigKeys (ConfUtils.java:logGet(43)) - raft.server.log.statemachine.data.caching.enabled = true (custom)
2019-09-23 17:37:16,303 [pool-47-thread-1] INFO  server.RaftServerConfigKeys (ConfUtils.java:logGet(43)) - raft.server.log.queue.element-limit = 1024 (custom)
2019-09-23 17:37:16,303 [pool-37-thread-1] INFO  server.RaftServerConfigKeys (ConfUtils.java:logGet(43)) - raft.server.log.preallocated.size = 16384 (custom)
2019-09-23 17:37:16,303 [pool-47-thread-1] INFO  server.RaftServerConfigKeys (ConfUtils.java:logGet(43)) - raft.server.log.segment.size.max = 1048576 (custom)
2019-09-23 17:37:16,303 [pool-27-thread-1] INFO  segmented.SegmentedRaftLogWorker (SegmentedRaftLogWorker.java:lambda$new$0(132)) - 46f0d1a2-3938-4305-a36e-0a8fbc61a3fa@group-2EC710033B74-SegmentedRaftLogWorker: flushIndex: setUnconditionally 0 -> -1
2019-09-23 17:37:16,304 [pool-47-thread-1] INFO  server.RaftServerConfigKeys (ConfUtils.java:logGet(43)) - raft.server.log.preallocated.size = 16384 (custom)
2019-09-23 17:37:16,303 [pool-37-thread-1] INFO  server.RaftServerConfigKeys (ConfUtils.java:logGet(43)) - raft.server.log.write.buffer.size = 33554432 (custom)
2019-09-23 17:37:16,304 [pool-27-thread-1] INFO  server.RaftServerConfigKeys (ConfUtils.java:logGet(43)) - raft.server.snapshot.auto.trigger.enabled = true (custom)
2019-09-23 17:37:16,304 [pool-47-thread-1] INFO  server.RaftServerConfigKeys (ConfUtils.java:logGet(43)) - raft.server.log.write.buffer.size = 33554432 (custom)
2019-09-23 17:37:16,304 [pool-27-thread-1] INFO  server.RaftServerConfigKeys (ConfUtils.java:logGet(43)) - raft.server.snapshot.auto.trigger.threshold = 10000 (custom)
2019-09-23 17:37:16,304 [pool-37-thread-1] INFO  server.RaftServerConfigKeys (ConfUtils.java:logGet(43)) - raft.server.log.force.sync.num = 128 (default)
2019-09-23 17:37:16,305 [pool-27-thread-1] INFO  server.RaftServerConfigKeys (ConfUtils.java:logGet(43)) - raft.server.snapshot.retention.num.files = 5 (custom)
2019-09-23 17:37:16,304 [pool-47-thread-1] INFO  server.RaftServerConfigKeys (ConfUtils.java:logGet(43)) - raft.server.log.force.sync.num = 128 (default)
2019-09-23 17:37:16,305 [pool-27-thread-1] INFO  server.RaftServerConfigKeys (ConfUtils.java:logGet(43)) - raft.server.retrycache.expirytime = 600000ms (custom)
2019-09-23 17:37:16,305 [pool-37-thread-1] INFO  server.RaftServerConfigKeys (ConfUtils.java:logGet(43)) - raft.server.log.statemachine.data.sync = true (default)
2019-09-23 17:37:16,305 [pool-47-thread-1] INFO  server.RaftServerConfigKeys (ConfUtils.java:logGet(43)) - raft.server.log.statemachine.data.sync = true (default)
2019-09-23 17:37:16,306 [pool-37-thread-1] INFO  server.RaftServerConfigKeys (ConfUtils.java:logGet(43)) - raft.server.log.statemachine.data.sync.timeout = 10s (default)
2019-09-23 17:37:16,306 [pool-47-thread-1] INFO  server.RaftServerConfigKeys (ConfUtils.java:logGet(43)) - raft.server.log.statemachine.data.sync.timeout = 10s (default)
2019-09-23 17:37:16,306 [pool-37-thread-1] INFO  server.RaftServerConfigKeys (ConfUtils.java:logGet(43)) - raft.server.log.statemachine.data.sync.timeout.retry = -1 (default)
2019-09-23 17:37:16,306 [pool-47-thread-1] INFO  server.RaftServerConfigKeys (ConfUtils.java:logGet(43)) - raft.server.log.statemachine.data.sync.timeout.retry = -1 (default)
2019-09-23 17:37:16,307 [pool-37-thread-1] INFO  server.RaftServerConfigKeys (ConfUtils.java:logGet(43)) - raft.server.log.statemachine.data.caching.enabled = true (custom)
2019-09-23 17:37:16,307 [pool-47-thread-1] INFO  server.RaftServerConfigKeys (ConfUtils.java:logGet(43)) - raft.server.log.statemachine.data.caching.enabled = true (custom)
2019-09-23 17:37:16,307 [pool-37-thread-1] INFO  segmented.SegmentedRaftLogWorker (SegmentedRaftLogWorker.java:lambda$new$0(132)) - 5668ea6f-da2f-4532-bdc2-4f21a9c5ebbf@group-4613DEE8849A-SegmentedRaftLogWorker: flushIndex: setUnconditionally 0 -> -1
2019-09-23 17:37:16,307 [pool-47-thread-1] INFO  segmented.SegmentedRaftLogWorker (SegmentedRaftLogWorker.java:lambda$new$0(132)) - dea2b8ee-1439-48be-8207-ba99c35f0b35@group-2EC710033B74-SegmentedRaftLogWorker: flushIndex: setUnconditionally 0 -> -1
2019-09-23 17:37:16,308 [pool-37-thread-1] INFO  server.RaftServerConfigKeys (ConfUtils.java:logGet(43)) - raft.server.snapshot.auto.trigger.enabled = true (custom)
2019-09-23 17:37:16,308 [pool-47-thread-1] INFO  server.RaftServerConfigKeys (ConfUtils.java:logGet(43)) - raft.server.snapshot.auto.trigger.enabled = true (custom)
2019-09-23 17:37:16,308 [pool-37-thread-1] INFO  server.RaftServerConfigKeys (ConfUtils.java:logGet(43)) - raft.server.snapshot.auto.trigger.threshold = 10000 (custom)
2019-09-23 17:37:16,308 [pool-47-thread-1] INFO  server.RaftServerConfigKeys (ConfUtils.java:logGet(43)) - raft.server.snapshot.auto.trigger.threshold = 10000 (custom)
2019-09-23 17:37:16,308 [pool-37-thread-1] INFO  server.RaftServerConfigKeys (ConfUtils.java:logGet(43)) - raft.server.snapshot.retention.num.files = 5 (custom)
2019-09-23 17:37:16,308 [pool-47-thread-1] INFO  server.RaftServerConfigKeys (ConfUtils.java:logGet(43)) - raft.server.snapshot.retention.num.files = 5 (custom)
2019-09-23 17:37:16,308 [pool-37-thread-1] INFO  server.RaftServerConfigKeys (ConfUtils.java:logGet(43)) - raft.server.retrycache.expirytime = 600000ms (custom)
2019-09-23 17:37:16,309 [pool-47-thread-1] INFO  server.RaftServerConfigKeys (ConfUtils.java:logGet(43)) - raft.server.retrycache.expirytime = 600000ms (custom)
2019-09-23 17:37:16,310 [pool-27-thread-1] INFO  impl.RaftServerImpl (RaftServerImpl.java:start(185)) - 46f0d1a2-3938-4305-a36e-0a8fbc61a3fa@group-4613DEE8849A: start as a follower, conf=-1: [dea2b8ee-1439-48be-8207-ba99c35f0b35:192.168.34.17:36925, 5668ea6f-da2f-4532-bdc2-4f21a9c5ebbf:192.168.34.17:43643, 46f0d1a2-3938-4305-a36e-0a8fbc61a3fa:192.168.34.17:35089], old=null
2019-09-23 17:37:16,310 [pool-27-thread-1] INFO  impl.RaftServerImpl (RaftServerImpl.java:setRole(174)) - 46f0d1a2-3938-4305-a36e-0a8fbc61a3fa@group-4613DEE8849A: changes role from      null to FOLLOWER at term 0 for startAsFollower
2019-09-23 17:37:16,310 [pool-27-thread-1] INFO  impl.RoleInfo (RoleInfo.java:updateAndGet(143)) - 46f0d1a2-3938-4305-a36e-0a8fbc61a3fa: start FollowerState
2019-09-23 17:37:16,311 [pool-27-thread-1] INFO  util.JmxRegister (JmxRegister.java:tryRegister(44)) - Successfully registered JMX Bean with object name Ratis:service=RaftServer,group=group-4613DEE8849A,id=46f0d1a2-3938-4305-a36e-0a8fbc61a3fa
2019-09-23 17:37:16,311 [pool-27-thread-1] INFO  impl.RaftServerImpl (RaftServerImpl.java:start(185)) - 46f0d1a2-3938-4305-a36e-0a8fbc61a3fa@group-2EC710033B74: start as a follower, conf=-1: [dea2b8ee-1439-48be-8207-ba99c35f0b35:192.168.34.17:36925, 5668ea6f-da2f-4532-bdc2-4f21a9c5ebbf:192.168.34.17:43643, 46f0d1a2-3938-4305-a36e-0a8fbc61a3fa:192.168.34.17:35089], old=null
2019-09-23 17:37:16,312 [pool-27-thread-1] INFO  impl.RaftServerImpl (RaftServerImpl.java:setRole(174)) - 46f0d1a2-3938-4305-a36e-0a8fbc61a3fa@group-2EC710033B74: changes role from      null to FOLLOWER at term 0 for startAsFollower
2019-09-23 17:37:16,312 [pool-27-thread-1] INFO  impl.RoleInfo (RoleInfo.java:updateAndGet(143)) - 46f0d1a2-3938-4305-a36e-0a8fbc61a3fa: start FollowerState
2019-09-23 17:37:16,312 [pool-27-thread-1] INFO  util.JmxRegister (JmxRegister.java:tryRegister(44)) - Successfully registered JMX Bean with object name Ratis:service=RaftServer,group=group-2EC710033B74,id=46f0d1a2-3938-4305-a36e-0a8fbc61a3fa
2019-09-23 17:37:16,314 [pool-47-thread-1] INFO  impl.RaftServerImpl (RaftServerImpl.java:start(185)) - dea2b8ee-1439-48be-8207-ba99c35f0b35@group-4613DEE8849A: start as a follower, conf=-1: [dea2b8ee-1439-48be-8207-ba99c35f0b35:192.168.34.17:36925, 5668ea6f-da2f-4532-bdc2-4f21a9c5ebbf:192.168.34.17:43643, 46f0d1a2-3938-4305-a36e-0a8fbc61a3fa:192.168.34.17:35089], old=null
2019-09-23 17:37:16,315 [pool-47-thread-1] INFO  impl.RaftServerImpl (RaftServerImpl.java:setRole(174)) - dea2b8ee-1439-48be-8207-ba99c35f0b35@group-4613DEE8849A: changes role from      null to FOLLOWER at term 0 for startAsFollower
2019-09-23 17:37:16,315 [pool-47-thread-1] INFO  impl.RoleInfo (RoleInfo.java:updateAndGet(143)) - dea2b8ee-1439-48be-8207-ba99c35f0b35: start FollowerState
2019-09-23 17:37:16,317 [pool-47-thread-1] INFO  util.JmxRegister (JmxRegister.java:tryRegister(44)) - Successfully registered JMX Bean with object name Ratis:service=RaftServer,group=group-4613DEE8849A,id=dea2b8ee-1439-48be-8207-ba99c35f0b35
2019-09-23 17:37:16,317 [pool-47-thread-1] INFO  impl.RaftServerImpl (RaftServerImpl.java:start(185)) - dea2b8ee-1439-48be-8207-ba99c35f0b35@group-2EC710033B74: start as a follower, conf=-1: [dea2b8ee-1439-48be-8207-ba99c35f0b35:192.168.34.17:36925, 5668ea6f-da2f-4532-bdc2-4f21a9c5ebbf:192.168.34.17:43643, 46f0d1a2-3938-4305-a36e-0a8fbc61a3fa:192.168.34.17:35089], old=null
2019-09-23 17:37:16,318 [pool-37-thread-1] INFO  impl.RaftServerImpl (RaftServerImpl.java:<init>(95)) - 5668ea6f-da2f-4532-bdc2-4f21a9c5ebbf: new RaftServerImpl for group-2EC710033B74:[dea2b8ee-1439-48be-8207-ba99c35f0b35:192.168.34.17:36925, 5668ea6f-da2f-4532-bdc2-4f21a9c5ebbf:192.168.34.17:43643, 46f0d1a2-3938-4305-a36e-0a8fbc61a3fa:192.168.34.17:35089] with ContainerStateMachine:uninitialized
2019-09-23 17:37:16,318 [pool-47-thread-1] INFO  impl.RaftServerImpl (RaftServerImpl.java:setRole(174)) - dea2b8ee-1439-48be-8207-ba99c35f0b35@group-2EC710033B74: changes role from      null to FOLLOWER at term 0 for startAsFollower
2019-09-23 17:37:16,318 [pool-37-thread-1] INFO  server.RaftServerConfigKeys (ConfUtils.java:logGet(43)) - raft.server.rpc.timeout.min = 5s (custom)
2019-09-23 17:37:16,318 [pool-47-thread-1] INFO  impl.RoleInfo (RoleInfo.java:updateAndGet(143)) - dea2b8ee-1439-48be-8207-ba99c35f0b35: start FollowerState
2019-09-23 17:37:16,318 [pool-37-thread-1] INFO  server.RaftServerConfigKeys (ConfUtils.java:logGet(43)) - raft.server.rpc.timeout.max = 5200ms (custom)
2019-09-23 17:37:16,318 [pool-37-thread-1] INFO  server.RaftServerConfigKeys (ConfUtils.java:logGet(43)) - raft.server.rpcslowness.timeout = 120s (custom)
2019-09-23 17:37:16,318 [pool-47-thread-1] INFO  util.JmxRegister (JmxRegister.java:tryRegister(44)) - Successfully registered JMX Bean with object name Ratis:service=RaftServer,group=group-2EC710033B74,id=dea2b8ee-1439-48be-8207-ba99c35f0b35
2019-09-23 17:37:16,319 [pool-37-thread-1] INFO  server.RaftServerConfigKeys (ConfUtils.java:logGet(43)) - raft.server.sleep.deviation.threshold = 300 (default)
2019-09-23 17:37:16,319 [pool-37-thread-1] INFO  server.RaftServerConfigKeys (ConfUtils.java:logGet(43)) - raft.server.log.appender.install.snapshot.enabled = false (custom)
2019-09-23 17:37:16,319 [pool-37-thread-1] INFO  impl.RaftServerImpl (ServerState.java:<init>(103)) - 5668ea6f-da2f-4532-bdc2-4f21a9c5ebbf@group-2EC710033B74: ConfigurationManager, init=-1: [dea2b8ee-1439-48be-8207-ba99c35f0b35:192.168.34.17:36925, 5668ea6f-da2f-4532-bdc2-4f21a9c5ebbf:192.168.34.17:43643, 46f0d1a2-3938-4305-a36e-0a8fbc61a3fa:192.168.34.17:35089], old=null, confs=<EMPTY_MAP>
2019-09-23 17:37:16,319 [pool-37-thread-1] INFO  server.RaftServerConfigKeys (ConfUtils.java:logGet(43)) - raft.server.storage.dir = [/workdir/hadoop-ozone/tools/target/test-dir/MiniOzoneClusterImpl-65b0fc59-f639-42ad-af7f-2a0602235923/datanode-1/data/ratis] (custom)
2019-09-23 17:37:16,320 [pool-37-thread-1] INFO  storage.RaftStorageDirectory (RaftStorageDirectory.java:analyzeStorage(246)) - The storage directory /workdir/hadoop-ozone/tools/target/test-dir/MiniOzoneClusterImpl-65b0fc59-f639-42ad-af7f-2a0602235923/datanode-1/data/ratis/d48db4b6-0ead-4b35-bc40-2ec710033b74 does not exist. Creating ...
2019-09-23 17:37:16,333 [pool-37-thread-1] INFO  storage.RaftStorageDirectory (RaftStorageDirectory.java:tryLock(328)) - Lock on /workdir/hadoop-ozone/tools/target/test-dir/MiniOzoneClusterImpl-65b0fc59-f639-42ad-af7f-2a0602235923/datanode-1/data/ratis/d48db4b6-0ead-4b35-bc40-2ec710033b74/in_use.lock acquired by nodename 24596@pr-hdds-2166-7skhj-3476174427
2019-09-23 17:37:16,351 [pool-37-thread-1] INFO  storage.RaftStorage (RaftStorage.java:format(72)) - Storage directory /workdir/hadoop-ozone/tools/target/test-dir/MiniOzoneClusterImpl-65b0fc59-f639-42ad-af7f-2a0602235923/datanode-1/data/ratis/d48db4b6-0ead-4b35-bc40-2ec710033b74 has been successfully formatted.
2019-09-23 17:37:16,352 [pool-37-thread-1] INFO  ratis.ContainerStateMachine (ContainerStateMachine.java:loadSnapshot(230)) - group-2EC710033B74: The snapshot info is null. Setting the last applied indexto:(t:0, i:~)
2019-09-23 17:37:16,352 [pool-37-thread-1] INFO  server.RaftServerConfigKeys (ConfUtils.java:logGet(43)) - raft.server.notification.no-leader.timeout = 120s (custom)
2019-09-23 17:37:16,352 [pool-37-thread-1] INFO  server.RaftServerConfigKeys (ConfUtils.java:logGet(43)) - raft.server.log.use.memory = false (default)
2019-09-23 17:37:16,352 [pool-37-thread-1] INFO  server.RaftServerConfigKeys (ConfUtils.java:logGet(43)) - raft.server.log.purge.gap = 1000000 (custom)
2019-09-23 17:37:16,352 [pool-37-thread-1] INFO  server.RaftServerConfigKeys (ConfUtils.java:logGet(43)) - raft.server.log.appender.buffer.byte-limit = 33554432 (custom)
2019-09-23 17:37:16,353 [pool-37-thread-1] INFO  server.RaftServerConfigKeys (ConfUtils.java:logGet(43)) - raft.server.log.segment.size.max = 1048576 (custom)
2019-09-23 17:37:16,353 [pool-37-thread-1] INFO  server.RaftServerConfigKeys (ConfUtils.java:logGet(43)) - raft.server.log.segment.cache.num.max = 2 (custom)
2019-09-23 17:37:16,353 [pool-37-thread-1] INFO  segmented.SegmentedRaftLogWorker (SegmentedRaftLogWorker.java:<init>(172)) - new 5668ea6f-da2f-4532-bdc2-4f21a9c5ebbf@group-2EC710033B74-SegmentedRaftLogWorker for RaftStorage:Storage Directory /workdir/hadoop-ozone/tools/target/test-dir/MiniOzoneClusterImpl-65b0fc59-f639-42ad-af7f-2a0602235923/datanode-1/data/ratis/d48db4b6-0ead-4b35-bc40-2ec710033b74
2019-09-23 17:37:16,353 [pool-37-thread-1] INFO  server.RaftServerConfigKeys (ConfUtils.java:logGet(43)) - raft.server.log.queue.byte-limit = 2147483647 (custom)
2019-09-23 17:37:16,354 [pool-37-thread-1] INFO  server.RaftServerConfigKeys (ConfUtils.java:logGet(43)) - raft.server.log.queue.element-limit = 1024 (custom)
2019-09-23 17:37:16,354 [pool-37-thread-1] INFO  server.RaftServerConfigKeys (ConfUtils.java:logGet(43)) - raft.server.log.segment.size.max = 1048576 (custom)
2019-09-23 17:37:16,354 [pool-37-thread-1] INFO  server.RaftServerConfigKeys (ConfUtils.java:logGet(43)) - raft.server.log.preallocated.size = 16384 (custom)
2019-09-23 17:37:16,354 [pool-37-thread-1] INFO  server.RaftServerConfigKeys (ConfUtils.java:logGet(43)) - raft.server.log.write.buffer.size = 33554432 (custom)
2019-09-23 17:37:16,355 [pool-37-thread-1] INFO  server.RaftServerConfigKeys (ConfUtils.java:logGet(43)) - raft.server.log.force.sync.num = 128 (default)
2019-09-23 17:37:16,355 [pool-37-thread-1] INFO  server.RaftServerConfigKeys (ConfUtils.java:logGet(43)) - raft.server.log.statemachine.data.sync = true (default)
2019-09-23 17:37:16,355 [pool-37-thread-1] INFO  server.RaftServerConfigKeys (ConfUtils.java:logGet(43)) - raft.server.log.statemachine.data.sync.timeout = 10s (default)
2019-09-23 17:37:16,355 [pool-37-thread-1] INFO  server.RaftServerConfigKeys (ConfUtils.java:logGet(43)) - raft.server.log.statemachine.data.sync.timeout.retry = -1 (default)
2019-09-23 17:37:16,356 [pool-37-thread-1] INFO  server.RaftServerConfigKeys (ConfUtils.java:logGet(43)) - raft.server.log.statemachine.data.caching.enabled = true (custom)
2019-09-23 17:37:16,356 [pool-37-thread-1] INFO  segmented.SegmentedRaftLogWorker (SegmentedRaftLogWorker.java:lambda$new$0(132)) - 5668ea6f-da2f-4532-bdc2-4f21a9c5ebbf@group-2EC710033B74-SegmentedRaftLogWorker: flushIndex: setUnconditionally 0 -> -1
2019-09-23 17:37:16,356 [pool-37-thread-1] INFO  server.RaftServerConfigKeys (ConfUtils.java:logGet(43)) - raft.server.snapshot.auto.trigger.enabled = true (custom)
2019-09-23 17:37:16,357 [pool-37-thread-1] INFO  server.RaftServerConfigKeys (ConfUtils.java:logGet(43)) - raft.server.snapshot.auto.trigger.threshold = 10000 (custom)
2019-09-23 17:37:16,357 [pool-37-thread-1] INFO  server.RaftServerConfigKeys (ConfUtils.java:logGet(43)) - raft.server.snapshot.retention.num.files = 5 (custom)
2019-09-23 17:37:16,357 [pool-37-thread-1] INFO  server.RaftServerConfigKeys (ConfUtils.java:logGet(43)) - raft.server.retrycache.expirytime = 600000ms (custom)
2019-09-23 17:37:16,362 [pool-37-thread-1] INFO  impl.RaftServerImpl (RaftServerImpl.java:start(185)) - 5668ea6f-da2f-4532-bdc2-4f21a9c5ebbf@group-70A63EC4C4EE: start as a follower, conf=-1: [5668ea6f-da2f-4532-bdc2-4f21a9c5ebbf:192.168.34.17:43643], old=null
2019-09-23 17:37:16,363 [pool-37-thread-1] INFO  impl.RaftServerImpl (RaftServerImpl.java:setRole(174)) - 5668ea6f-da2f-4532-bdc2-4f21a9c5ebbf@group-70A63EC4C4EE: changes role from      null to FOLLOWER at term 0 for startAsFollower
2019-09-23 17:37:16,363 [pool-37-thread-1] INFO  impl.RoleInfo (RoleInfo.java:updateAndGet(143)) - 5668ea6f-da2f-4532-bdc2-4f21a9c5ebbf: start FollowerState
2019-09-23 17:37:16,363 [pool-37-thread-1] INFO  util.JmxRegister (JmxRegister.java:tryRegister(44)) - Successfully registered JMX Bean with object name Ratis:service=RaftServer,group=group-70A63EC4C4EE,id=5668ea6f-da2f-4532-bdc2-4f21a9c5ebbf
2019-09-23 17:37:16,364 [pool-37-thread-1] INFO  impl.RaftServerImpl (RaftServerImpl.java:start(185)) - 5668ea6f-da2f-4532-bdc2-4f21a9c5ebbf@group-4613DEE8849A: start as a follower, conf=-1: [dea2b8ee-1439-48be-8207-ba99c35f0b35:192.168.34.17:36925, 5668ea6f-da2f-4532-bdc2-4f21a9c5ebbf:192.168.34.17:43643, 46f0d1a2-3938-4305-a36e-0a8fbc61a3fa:192.168.34.17:35089], old=null
2019-09-23 17:37:16,364 [pool-37-thread-1] INFO  impl.RaftServerImpl (RaftServerImpl.java:setRole(174)) - 5668ea6f-da2f-4532-bdc2-4f21a9c5ebbf@group-4613DEE8849A: changes role from      null to FOLLOWER at term 0 for startAsFollower
2019-09-23 17:37:16,365 [pool-37-thread-1] INFO  impl.RoleInfo (RoleInfo.java:updateAndGet(143)) - 5668ea6f-da2f-4532-bdc2-4f21a9c5ebbf: start FollowerState
2019-09-23 17:37:16,365 [pool-37-thread-1] INFO  util.JmxRegister (JmxRegister.java:tryRegister(44)) - Successfully registered JMX Bean with object name Ratis:service=RaftServer,group=group-4613DEE8849A,id=5668ea6f-da2f-4532-bdc2-4f21a9c5ebbf
2019-09-23 17:37:16,366 [pool-37-thread-1] INFO  impl.RaftServerImpl (RaftServerImpl.java:start(185)) - 5668ea6f-da2f-4532-bdc2-4f21a9c5ebbf@group-2EC710033B74: start as a follower, conf=-1: [dea2b8ee-1439-48be-8207-ba99c35f0b35:192.168.34.17:36925, 5668ea6f-da2f-4532-bdc2-4f21a9c5ebbf:192.168.34.17:43643, 46f0d1a2-3938-4305-a36e-0a8fbc61a3fa:192.168.34.17:35089], old=null
2019-09-23 17:37:16,366 [pool-37-thread-1] INFO  impl.RaftServerImpl (RaftServerImpl.java:setRole(174)) - 5668ea6f-da2f-4532-bdc2-4f21a9c5ebbf@group-2EC710033B74: changes role from      null to FOLLOWER at term 0 for startAsFollower
2019-09-23 17:37:16,366 [pool-37-thread-1] INFO  impl.RoleInfo (RoleInfo.java:updateAndGet(143)) - 5668ea6f-da2f-4532-bdc2-4f21a9c5ebbf: start FollowerState
2019-09-23 17:37:16,367 [pool-37-thread-1] INFO  util.JmxRegister (JmxRegister.java:tryRegister(44)) - Successfully registered JMX Bean with object name Ratis:service=RaftServer,group=group-2EC710033B74,id=5668ea6f-da2f-4532-bdc2-4f21a9c5ebbf
2019-09-23 17:37:16,385 [IPC Server handler 0 on 37428] INFO  pipeline.PipelineStateManager (PipelineStateManager.java:addPipeline(56)) - Created pipeline Pipeline[ Id: d48db4b6-0ead-4b35-bc40-2ec710033b74, Nodes: 5668ea6f-da2f-4532-bdc2-4f21a9c5ebbf{ip: 192.168.34.17, host: pr-hdds-2166-7skhj-3476174427, networkLocation: /default-rack, certSerialId: null}46f0d1a2-3938-4305-a36e-0a8fbc61a3fa{ip: 192.168.34.17, host: pr-hdds-2166-7skhj-3476174427, networkLocation: /default-rack, certSerialId: null}dea2b8ee-1439-48be-8207-ba99c35f0b35{ip: 192.168.34.17, host: pr-hdds-2166-7skhj-3476174427, networkLocation: /default-rack, certSerialId: null}, Type:RATIS, Factor:THREE, State:OPEN]
2019-09-23 17:37:16,499 [pool-53-thread-3] INFO  impl.MetricsSystemImpl (MetricsSystemImpl.java:init(158)) - XceiverClientMetrics metrics system started (again)
 0.00% |█                                                                                                    |  0/1 Time: 0:00:122019-09-23 17:37:17,652 [Thread-189] INFO  impl.FollowerState (FollowerState.java:run(106)) - dea2b8ee-1439-48be-8207-ba99c35f0b35:group-3D536BE1A45B changes to CANDIDATE, lastRpcTime:5181, electionTimeout:5180ms
2019-09-23 17:37:17,657 [Thread-189] INFO  impl.RoleInfo (RoleInfo.java:shutdownFollowerState(121)) - dea2b8ee-1439-48be-8207-ba99c35f0b35: shutdown FollowerState
2019-09-23 17:37:17,657 [Thread-189] INFO  impl.RaftServerImpl (RaftServerImpl.java:setRole(174)) - dea2b8ee-1439-48be-8207-ba99c35f0b35@group-3D536BE1A45B: changes role from  FOLLOWER to CANDIDATE at term 0 for changeToCandidate
2019-09-23 17:37:17,666 [Thread-189] INFO  impl.RoleInfo (RoleInfo.java:updateAndGet(143)) - dea2b8ee-1439-48be-8207-ba99c35f0b35: start LeaderElection
2019-09-23 17:37:17,735 [dea2b8ee-1439-48be-8207-ba99c35f0b35@group-3D536BE1A45B:LeaderElection1] INFO  impl.LeaderElection (LeaderElection.java:askForVotes(182)) - dea2b8ee-1439-48be-8207-ba99c35f0b35@group-3D536BE1A45B:LeaderElection1: begin an election at term 1 for -1: [dea2b8ee-1439-48be-8207-ba99c35f0b35:192.168.34.17:36925, 5668ea6f-da2f-4532-bdc2-4f21a9c5ebbf:192.168.34.17:43643, 46f0d1a2-3938-4305-a36e-0a8fbc61a3fa:192.168.34.17:35089], old=null
2019-09-23 17:37:17,770 [grpc-default-executor-1] INFO  impl.RaftServerImpl (RaftServerImpl.java:setRole(174)) - 46f0d1a2-3938-4305-a36e-0a8fbc61a3fa@group-3D536BE1A45B: changes role from  FOLLOWER to FOLLOWER at term 1 for recognizeCandidate:dea2b8ee-1439-48be-8207-ba99c35f0b35
2019-09-23 17:37:17,770 [grpc-default-executor-3] INFO  impl.RaftServerImpl (RaftServerImpl.java:setRole(174)) - 5668ea6f-da2f-4532-bdc2-4f21a9c5ebbf@group-3D536BE1A45B: changes role from  FOLLOWER to FOLLOWER at term 1 for recognizeCandidate:dea2b8ee-1439-48be-8207-ba99c35f0b35
2019-09-23 17:37:17,770 [grpc-default-executor-1] INFO  impl.RoleInfo (RoleInfo.java:shutdownFollowerState(121)) - 46f0d1a2-3938-4305-a36e-0a8fbc61a3fa: shutdown FollowerState
2019-09-23 17:37:17,771 [grpc-default-executor-3] INFO  impl.RoleInfo (RoleInfo.java:shutdownFollowerState(121)) - 5668ea6f-da2f-4532-bdc2-4f21a9c5ebbf: shutdown FollowerState
2019-09-23 17:37:17,771 [grpc-default-executor-1] INFO  impl.RoleInfo (RoleInfo.java:updateAndGet(143)) - 46f0d1a2-3938-4305-a36e-0a8fbc61a3fa: start FollowerState
2019-09-23 17:37:17,772 [Thread-197] INFO  impl.FollowerState (FollowerState.java:run(115)) - 5668ea6f-da2f-4532-bdc2-4f21a9c5ebbf: FollowerState was interrupted: java.lang.InterruptedException: sleep interrupted
2019-09-23 17:37:17,772 [grpc-default-executor-3] INFO  impl.RoleInfo (RoleInfo.java:updateAndGet(143)) - 5668ea6f-da2f-4532-bdc2-4f21a9c5ebbf: start FollowerState
2019-09-23 17:37:17,771 [Thread-199] INFO  impl.FollowerState (FollowerState.java:run(115)) - 46f0d1a2-3938-4305-a36e-0a8fbc61a3fa: FollowerState was interrupted: java.lang.InterruptedException: sleep interrupted
2019-09-23 17:37:17,843 [dea2b8ee-1439-48be-8207-ba99c35f0b35@group-3D536BE1A45B:LeaderElection1] INFO  impl.LeaderElection (LeaderElection.java:logAndReturn(56)) - dea2b8ee-1439-48be-8207-ba99c35f0b35@group-3D536BE1A45B:LeaderElection1: Election PASSED; received 1 response(s) [dea2b8ee-1439-48be-8207-ba99c35f0b35<-5668ea6f-da2f-4532-bdc2-4f21a9c5ebbf#0:OK-t1] and 0 exception(s); dea2b8ee-1439-48be-8207-ba99c35f0b35@group-3D536BE1A45B:t1, leader=null, voted=dea2b8ee-1439-48be-8207-ba99c35f0b35, raftlog=dea2b8ee-1439-48be-8207-ba99c35f0b35@group-3D536BE1A45B-SegmentedRaftLog:OPENED:c-1,f-1,i0, conf=-1: [dea2b8ee-1439-48be-8207-ba99c35f0b35:192.168.34.17:36925, 5668ea6f-da2f-4532-bdc2-4f21a9c5ebbf:192.168.34.17:43643, 46f0d1a2-3938-4305-a36e-0a8fbc61a3fa:192.168.34.17:35089], old=null
2019-09-23 17:37:17,845 [dea2b8ee-1439-48be-8207-ba99c35f0b35@group-3D536BE1A45B:LeaderElection1] INFO  impl.RoleInfo (RoleInfo.java:shutdownLeaderElection(134)) - dea2b8ee-1439-48be-8207-ba99c35f0b35: shutdown LeaderElection
2019-09-23 17:37:17,846 [dea2b8ee-1439-48be-8207-ba99c35f0b35@group-3D536BE1A45B:LeaderElection1] INFO  impl.RaftServerImpl (RaftServerImpl.java:setRole(174)) - dea2b8ee-1439-48be-8207-ba99c35f0b35@group-3D536BE1A45B: changes role from CANDIDATE to LEADER at term 1 for changeToLeader
2019-09-23 17:37:17,846 [dea2b8ee-1439-48be-8207-ba99c35f0b35@group-3D536BE1A45B:LeaderElection1] INFO  impl.RaftServerImpl (ServerState.java:setLeader(253)) - dea2b8ee-1439-48be-8207-ba99c35f0b35@group-3D536BE1A45B: change Leader from null to dea2b8ee-1439-48be-8207-ba99c35f0b35 at term 1 for becomeLeader, leader elected after 5432ms
2019-09-23 17:37:17,854 [dea2b8ee-1439-48be-8207-ba99c35f0b35@group-3D536BE1A45B:LeaderElection1] INFO  server.RaftServerConfigKeys (ConfUtils.java:logGet(43)) - raft.server.staging.catchup.gap = 1000 (default)
2019-09-23 17:37:17,854 [dea2b8ee-1439-48be-8207-ba99c35f0b35@group-3D536BE1A45B:LeaderElection1] INFO  server.RaftServerConfigKeys (ConfUtils.java:logGet(43)) - raft.server.rpc.sleep.time = 25ms (default)
2019-09-23 17:37:17,858 [dea2b8ee-1439-48be-8207-ba99c35f0b35@group-3D536BE1A45B:LeaderElection1] INFO  server.RaftServerConfigKeys (ConfUtils.java:logGet(43)) - raft.server.write.element-limit = 4096 (default)
2019-09-23 17:37:17,861 [dea2b8ee-1439-48be-8207-ba99c35f0b35@group-3D536BE1A45B:LeaderElection1] INFO  server.RaftServerConfigKeys (ConfUtils.java:logGet(43)) - raft.server.watch.timeout = 10s (default)
2019-09-23 17:37:17,861 [dea2b8ee-1439-48be-8207-ba99c35f0b35@group-3D536BE1A45B:LeaderElection1] INFO  server.RaftServerConfigKeys (ConfUtils.java:logGet(43)) - raft.server.watch.timeout.denomination = 1s (default)
2019-09-23 17:37:17,862 [dea2b8ee-1439-48be-8207-ba99c35f0b35@group-3D536BE1A45B:LeaderElection1] INFO  server.RaftServerConfigKeys (ConfUtils.java:logGet(43)) - raft.server.watch.element-limit = 65536 (default)
2019-09-23 17:37:17,878 [dea2b8ee-1439-48be-8207-ba99c35f0b35@group-3D536BE1A45B:LeaderElection1] INFO  server.RaftServerConfigKeys (ConfUtils.java:logGet(43)) - raft.server.log.appender.snapshot.chunk.size.max = 16MB (=16777216) (default)
2019-09-23 17:37:17,878 [dea2b8ee-1439-48be-8207-ba99c35f0b35@group-3D536BE1A45B:LeaderElection1] INFO  server.RaftServerConfigKeys (ConfUtils.java:logGet(43)) - raft.server.log.appender.buffer.byte-limit = 33554432 (custom)
2019-09-23 17:37:17,879 [dea2b8ee-1439-48be-8207-ba99c35f0b35@group-3D536BE1A45B:LeaderElection1] INFO  server.RaftServerConfigKeys (ConfUtils.java:logGet(43)) - raft.server.log.appender.buffer.element-limit = 1 (custom)
2019-09-23 17:37:17,883 [dea2b8ee-1439-48be-8207-ba99c35f0b35@group-3D536BE1A45B:LeaderElection1] INFO  grpc.GrpcConfigKeys$Server (ConfUtils.java:logGet(43)) - raft.grpc.server.leader.outstanding.appends.max = 128 (default)
2019-09-23 17:37:17,883 [dea2b8ee-1439-48be-8207-ba99c35f0b35@group-3D536BE1A45B:LeaderElection1] INFO  server.RaftServerConfigKeys (ConfUtils.java:logGet(43)) - raft.server.rpc.request.timeout = 3000ms (default)
2019-09-23 17:37:17,884 [dea2b8ee-1439-48be-8207-ba99c35f0b35@group-3D536BE1A45B:LeaderElection1] INFO  server.RaftServerConfigKeys (ConfUtils.java:logGet(43)) - raft.server.log.appender.install.snapshot.enabled = false (custom)
2019-09-23 17:37:17,885 [dea2b8ee-1439-48be-8207-ba99c35f0b35@group-3D536BE1A45B:LeaderElection1] INFO  server.RaftServerConfigKeys (ConfUtils.java:logGet(43)) - raft.server.log.appender.snapshot.chunk.size.max = 16MB (=16777216) (default)
2019-09-23 17:37:17,885 [dea2b8ee-1439-48be-8207-ba99c35f0b35@group-3D536BE1A45B:LeaderElection1] INFO  server.RaftServerConfigKeys (ConfUtils.java:logGet(43)) - raft.server.log.appender.buffer.byte-limit = 33554432 (custom)
2019-09-23 17:37:17,885 [dea2b8ee-1439-48be-8207-ba99c35f0b35@group-3D536BE1A45B:LeaderElection1] INFO  server.RaftServerConfigKeys (ConfUtils.java:logGet(43)) - raft.server.log.appender.buffer.element-limit = 1 (custom)
2019-09-23 17:37:17,886 [dea2b8ee-1439-48be-8207-ba99c35f0b35@group-3D536BE1A45B:LeaderElection1] INFO  grpc.GrpcConfigKeys$Server (ConfUtils.java:logGet(43)) - raft.grpc.server.leader.outstanding.appends.max = 128 (default)
2019-09-23 17:37:17,886 [dea2b8ee-1439-48be-8207-ba99c35f0b35@group-3D536BE1A45B:LeaderElection1] INFO  server.RaftServerConfigKeys (ConfUtils.java:logGet(43)) - raft.server.rpc.request.timeout = 3000ms (default)
2019-09-23 17:37:17,886 [dea2b8ee-1439-48be-8207-ba99c35f0b35@group-3D536BE1A45B:LeaderElection1] INFO  server.RaftServerConfigKeys (ConfUtils.java:logGet(43)) - raft.server.log.appender.install.snapshot.enabled = false (custom)
2019-09-23 17:37:17,889 [dea2b8ee-1439-48be-8207-ba99c35f0b35@group-3D536BE1A45B:LeaderElection1] INFO  impl.RoleInfo (RoleInfo.java:updateAndGet(143)) - dea2b8ee-1439-48be-8207-ba99c35f0b35: start LeaderState
2019-09-23 17:37:17,910 [dea2b8ee-1439-48be-8207-ba99c35f0b35@group-3D536BE1A45B:LeaderElection1] INFO  segmented.SegmentedRaftLogWorker (SegmentedRaftLogWorker.java:startLogSegment(380)) - dea2b8ee-1439-48be-8207-ba99c35f0b35@group-3D536BE1A45B-SegmentedRaftLogWorker: Starting segment from index:0
2019-09-23 17:37:17,919 [dea2b8ee-1439-48be-8207-ba99c35f0b35@group-3D536BE1A45B:LeaderElection1] INFO  impl.RaftServerImpl (ServerState.java:setRaftConf(354)) - dea2b8ee-1439-48be-8207-ba99c35f0b35@group-3D536BE1A45B: set configuration 0: [dea2b8ee-1439-48be-8207-ba99c35f0b35:192.168.34.17:36925, 5668ea6f-da2f-4532-bdc2-4f21a9c5ebbf:192.168.34.17:43643, 46f0d1a2-3938-4305-a36e-0a8fbc61a3fa:192.168.34.17:35089], old=null at 0
2019-09-23 17:37:17,946 [grpc-default-executor-1] INFO  impl.RaftServerImpl (ServerState.java:setLeader(253)) - 46f0d1a2-3938-4305-a36e-0a8fbc61a3fa@group-3D536BE1A45B: change Leader from null to dea2b8ee-1439-48be-8207-ba99c35f0b35 at term 1 for appendEntries, leader elected after 2478ms
2019-09-23 17:37:17,946 [grpc-default-executor-3] INFO  impl.RaftServerImpl (ServerState.java:setLeader(253)) - 5668ea6f-da2f-4532-bdc2-4f21a9c5ebbf@group-3D536BE1A45B: change Leader from null to dea2b8ee-1439-48be-8207-ba99c35f0b35 at term 1 for appendEntries, leader elected after 5532ms
2019-09-23 17:37:17,982 [grpc-default-executor-1] INFO  impl.RaftServerImpl (ServerState.java:setRaftConf(354)) - 46f0d1a2-3938-4305-a36e-0a8fbc61a3fa@group-3D536BE1A45B: set configuration 0: [dea2b8ee-1439-48be-8207-ba99c35f0b35:192.168.34.17:36925, 5668ea6f-da2f-4532-bdc2-4f21a9c5ebbf:192.168.34.17:43643, 46f0d1a2-3938-4305-a36e-0a8fbc61a3fa:192.168.34.17:35089], old=null at 0
2019-09-23 17:37:17,982 [grpc-default-executor-3] INFO  impl.RaftServerImpl (ServerState.java:setRaftConf(354)) - 5668ea6f-da2f-4532-bdc2-4f21a9c5ebbf@group-3D536BE1A45B: set configuration 0: [dea2b8ee-1439-48be-8207-ba99c35f0b35:192.168.34.17:36925, 5668ea6f-da2f-4532-bdc2-4f21a9c5ebbf:192.168.34.17:43643, 46f0d1a2-3938-4305-a36e-0a8fbc61a3fa:192.168.34.17:35089], old=null at 0
2019-09-23 17:37:17,982 [grpc-default-executor-1] INFO  segmented.SegmentedRaftLogWorker (SegmentedRaftLogWorker.java:startLogSegment(380)) - 46f0d1a2-3938-4305-a36e-0a8fbc61a3fa@group-3D536BE1A45B-SegmentedRaftLogWorker: Starting segment from index:0
2019-09-23 17:37:17,982 [grpc-default-executor-3] INFO  segmented.SegmentedRaftLogWorker (SegmentedRaftLogWorker.java:startLogSegment(380)) - 5668ea6f-da2f-4532-bdc2-4f21a9c5ebbf@group-3D536BE1A45B-SegmentedRaftLogWorker: Starting segment from index:0
2019-09-23 17:37:18,176 [dea2b8ee-1439-48be-8207-ba99c35f0b35@group-3D536BE1A45B-SegmentedRaftLogWorker] INFO  segmented.SegmentedRaftLogWorker (SegmentedRaftLogWorker.java:execute(569)) - dea2b8ee-1439-48be-8207-ba99c35f0b35@group-3D536BE1A45B-SegmentedRaftLogWorker: created new log segment /workdir/hadoop-ozone/tools/target/test-dir/MiniOzoneClusterImpl-65b0fc59-f639-42ad-af7f-2a0602235923/datanode-2/data/ratis/1631f691-8792-496d-be24-3d536be1a45b/current/log_inprogress_0
2019-09-23 17:37:18,200 [5668ea6f-da2f-4532-bdc2-4f21a9c5ebbf@group-3D536BE1A45B-SegmentedRaftLogWorker] INFO  segmented.SegmentedRaftLogWorker (SegmentedRaftLogWorker.java:execute(569)) - 5668ea6f-da2f-4532-bdc2-4f21a9c5ebbf@group-3D536BE1A45B-SegmentedRaftLogWorker: created new log segment /workdir/hadoop-ozone/tools/target/test-dir/MiniOzoneClusterImpl-65b0fc59-f639-42ad-af7f-2a0602235923/datanode-1/data/ratis/1631f691-8792-496d-be24-3d536be1a45b/current/log_inprogress_0
2019-09-23 17:37:18,200 [46f0d1a2-3938-4305-a36e-0a8fbc61a3fa@group-3D536BE1A45B-SegmentedRaftLogWorker] INFO  segmented.SegmentedRaftLogWorker (SegmentedRaftLogWorker.java:execute(569)) - 46f0d1a2-3938-4305-a36e-0a8fbc61a3fa@group-3D536BE1A45B-SegmentedRaftLogWorker: created new log segment /workdir/hadoop-ozone/tools/target/test-dir/MiniOzoneClusterImpl-65b0fc59-f639-42ad-af7f-2a0602235923/datanode-0/data/ratis/1631f691-8792-496d-be24-3d536be1a45b/current/log_inprogress_0
 0.00% |█                                                                                                    |  0/1 Time: 0:00:13 0.00% |█                                                                                                    |  0/1 Time: 0:00:14 0.00% |█                                                                                                    |  0/1 Time: 0:00:152019-09-23 17:37:20,573 [Thread-192] INFO  impl.FollowerState (FollowerState.java:run(106)) - 46f0d1a2-3938-4305-a36e-0a8fbc61a3fa:group-A55ED724E41F changes to CANDIDATE, lastRpcTime:5091, electionTimeout:5089ms
2019-09-23 17:37:20,573 [Thread-192] INFO  impl.RoleInfo (RoleInfo.java:shutdownFollowerState(121)) - 46f0d1a2-3938-4305-a36e-0a8fbc61a3fa: shutdown FollowerState
2019-09-23 17:37:20,573 [Thread-192] INFO  impl.RaftServerImpl (RaftServerImpl.java:setRole(174)) - 46f0d1a2-3938-4305-a36e-0a8fbc61a3fa@group-A55ED724E41F: changes role from  FOLLOWER to CANDIDATE at term 0 for changeToCandidate
2019-09-23 17:37:20,574 [Thread-192] INFO  impl.RoleInfo (RoleInfo.java:updateAndGet(143)) - 46f0d1a2-3938-4305-a36e-0a8fbc61a3fa: start LeaderElection
2019-09-23 17:37:20,653 [46f0d1a2-3938-4305-a36e-0a8fbc61a3fa@group-A55ED724E41F:LeaderElection2] INFO  impl.LeaderElection (LeaderElection.java:askForVotes(182)) - 46f0d1a2-3938-4305-a36e-0a8fbc61a3fa@group-A55ED724E41F:LeaderElection2: begin an election at term 1 for -1: [46f0d1a2-3938-4305-a36e-0a8fbc61a3fa:192.168.34.17:35089], old=null
2019-09-23 17:37:20,655 [46f0d1a2-3938-4305-a36e-0a8fbc61a3fa@group-A55ED724E41F:LeaderElection2] INFO  impl.RoleInfo (RoleInfo.java:shutdownLeaderElection(134)) - 46f0d1a2-3938-4305-a36e-0a8fbc61a3fa: shutdown LeaderElection
2019-09-23 17:37:20,655 [46f0d1a2-3938-4305-a36e-0a8fbc61a3fa@group-A55ED724E41F:LeaderElection2] INFO  impl.RaftServerImpl (RaftServerImpl.java:setRole(174)) - 46f0d1a2-3938-4305-a36e-0a8fbc61a3fa@group-A55ED724E41F: changes role from CANDIDATE to LEADER at term 1 for changeToLeader
2019-09-23 17:37:20,655 [46f0d1a2-3938-4305-a36e-0a8fbc61a3fa@group-A55ED724E41F:LeaderElection2] INFO  impl.RaftServerImpl (ServerState.java:setLeader(253)) - 46f0d1a2-3938-4305-a36e-0a8fbc61a3fa@group-A55ED724E41F: change Leader from null to 46f0d1a2-3938-4305-a36e-0a8fbc61a3fa at term 1 for becomeLeader, leader elected after 11286ms
2019-09-23 17:37:20,655 [46f0d1a2-3938-4305-a36e-0a8fbc61a3fa@group-A55ED724E41F:LeaderElection2] INFO  server.RaftServerConfigKeys (ConfUtils.java:logGet(43)) - raft.server.staging.catchup.gap = 1000 (default)
2019-09-23 17:37:20,656 [46f0d1a2-3938-4305-a36e-0a8fbc61a3fa@group-A55ED724E41F:LeaderElection2] INFO  server.RaftServerConfigKeys (ConfUtils.java:logGet(43)) - raft.server.rpc.sleep.time = 25ms (default)
2019-09-23 17:37:20,656 [46f0d1a2-3938-4305-a36e-0a8fbc61a3fa@group-A55ED724E41F:LeaderElection2] INFO  server.RaftServerConfigKeys (ConfUtils.java:logGet(43)) - raft.server.write.element-limit = 4096 (default)
2019-09-23 17:37:20,656 [46f0d1a2-3938-4305-a36e-0a8fbc61a3fa@group-A55ED724E41F:LeaderElection2] INFO  server.RaftServerConfigKeys (ConfUtils.java:logGet(43)) - raft.server.watch.timeout = 10s (default)
2019-09-23 17:37:20,656 [46f0d1a2-3938-4305-a36e-0a8fbc61a3fa@group-A55ED724E41F:LeaderElection2] INFO  server.RaftServerConfigKeys (ConfUtils.java:logGet(43)) - raft.server.watch.timeout.denomination = 1s (default)
2019-09-23 17:37:20,656 [46f0d1a2-3938-4305-a36e-0a8fbc61a3fa@group-A55ED724E41F:LeaderElection2] INFO  server.RaftServerConfigKeys (ConfUtils.java:logGet(43)) - raft.server.watch.element-limit = 65536 (default)
2019-09-23 17:37:20,661 [46f0d1a2-3938-4305-a36e-0a8fbc61a3fa@group-A55ED724E41F:LeaderElection2] INFO  impl.RoleInfo (RoleInfo.java:updateAndGet(143)) - 46f0d1a2-3938-4305-a36e-0a8fbc61a3fa: start LeaderState
2019-09-23 17:37:20,662 [46f0d1a2-3938-4305-a36e-0a8fbc61a3fa@group-A55ED724E41F:LeaderElection2] INFO  segmented.SegmentedRaftLogWorker (SegmentedRaftLogWorker.java:startLogSegment(380)) - 46f0d1a2-3938-4305-a36e-0a8fbc61a3fa@group-A55ED724E41F-SegmentedRaftLogWorker: Starting segment from index:0
2019-09-23 17:37:20,663 [46f0d1a2-3938-4305-a36e-0a8fbc61a3fa@group-A55ED724E41F:LeaderElection2] INFO  impl.RaftServerImpl (ServerState.java:setRaftConf(354)) - 46f0d1a2-3938-4305-a36e-0a8fbc61a3fa@group-A55ED724E41F: set configuration 0: [46f0d1a2-3938-4305-a36e-0a8fbc61a3fa:192.168.34.17:35089], old=null at 0
2019-09-23 17:37:20,761 [46f0d1a2-3938-4305-a36e-0a8fbc61a3fa@group-A55ED724E41F-SegmentedRaftLogWorker] INFO  segmented.SegmentedRaftLogWorker (SegmentedRaftLogWorker.java:execute(569)) - 46f0d1a2-3938-4305-a36e-0a8fbc61a3fa@group-A55ED724E41F-SegmentedRaftLogWorker: created new log segment /workdir/hadoop-ozone/tools/target/test-dir/MiniOzoneClusterImpl-65b0fc59-f639-42ad-af7f-2a0602235923/datanode-0/data/ratis/0ecdf8e0-e467-4051-9d3e-a55ed724e41f/current/log_inprogress_0
 0.00% |█                                                                                                    |  0/1 Time: 0:00:162019-09-23 17:37:21,336 [Thread-210] INFO  impl.FollowerState (FollowerState.java:run(106)) - dea2b8ee-1439-48be-8207-ba99c35f0b35:group-2EC710033B74 changes to CANDIDATE, lastRpcTime:5017, electionTimeout:5017ms
2019-09-23 17:37:21,336 [Thread-210] INFO  impl.RoleInfo (RoleInfo.java:shutdownFollowerState(121)) - dea2b8ee-1439-48be-8207-ba99c35f0b35: shutdown FollowerState
2019-09-23 17:37:21,337 [Thread-210] INFO  impl.RaftServerImpl (RaftServerImpl.java:setRole(174)) - dea2b8ee-1439-48be-8207-ba99c35f0b35@group-2EC710033B74: changes role from  FOLLOWER to CANDIDATE at term 0 for changeToCandidate
2019-09-23 17:37:21,337 [Thread-210] INFO  impl.RoleInfo (RoleInfo.java:updateAndGet(143)) - dea2b8ee-1439-48be-8207-ba99c35f0b35: start LeaderElection
2019-09-23 17:37:21,342 [Thread-204] INFO  impl.FollowerState (FollowerState.java:run(106)) - 46f0d1a2-3938-4305-a36e-0a8fbc61a3fa:group-4613DEE8849A changes to CANDIDATE, lastRpcTime:5031, electionTimeout:5031ms
2019-09-23 17:37:21,342 [Thread-204] INFO  impl.RoleInfo (RoleInfo.java:shutdownFollowerState(121)) - 46f0d1a2-3938-4305-a36e-0a8fbc61a3fa: shutdown FollowerState
2019-09-23 17:37:21,342 [Thread-204] INFO  impl.RaftServerImpl (RaftServerImpl.java:setRole(174)) - 46f0d1a2-3938-4305-a36e-0a8fbc61a3fa@group-4613DEE8849A: changes role from  FOLLOWER to CANDIDATE at term 0 for changeToCandidate
2019-09-23 17:37:21,343 [Thread-204] INFO  impl.RoleInfo (RoleInfo.java:updateAndGet(143)) - 46f0d1a2-3938-4305-a36e-0a8fbc61a3fa: start LeaderElection
2019-09-23 17:37:21,347 [Thread-206] INFO  impl.FollowerState (FollowerState.java:run(106)) - 46f0d1a2-3938-4305-a36e-0a8fbc61a3fa:group-2EC710033B74 changes to CANDIDATE, lastRpcTime:5035, electionTimeout:5035ms
2019-09-23 17:37:21,348 [Thread-206] INFO  impl.RoleInfo (RoleInfo.java:shutdownFollowerState(121)) - 46f0d1a2-3938-4305-a36e-0a8fbc61a3fa: shutdown FollowerState
2019-09-23 17:37:21,348 [Thread-206] INFO  impl.RaftServerImpl (RaftServerImpl.java:setRole(174)) - 46f0d1a2-3938-4305-a36e-0a8fbc61a3fa@group-2EC710033B74: changes role from  FOLLOWER to CANDIDATE at term 0 for changeToCandidate
2019-09-23 17:37:21,348 [Thread-206] INFO  impl.RoleInfo (RoleInfo.java:updateAndGet(143)) - 46f0d1a2-3938-4305-a36e-0a8fbc61a3fa: start LeaderElection
2019-09-23 17:37:21,361 [Thread-208] INFO  impl.FollowerState (FollowerState.java:run(106)) - dea2b8ee-1439-48be-8207-ba99c35f0b35:group-4613DEE8849A changes to CANDIDATE, lastRpcTime:5046, electionTimeout:5046ms
2019-09-23 17:37:21,362 [Thread-208] INFO  impl.RoleInfo (RoleInfo.java:shutdownFollowerState(121)) - dea2b8ee-1439-48be-8207-ba99c35f0b35: shutdown FollowerState
2019-09-23 17:37:21,362 [Thread-208] INFO  impl.RaftServerImpl (RaftServerImpl.java:setRole(174)) - dea2b8ee-1439-48be-8207-ba99c35f0b35@group-4613DEE8849A: changes role from  FOLLOWER to CANDIDATE at term 0 for changeToCandidate
2019-09-23 17:37:21,362 [Thread-208] INFO  impl.RoleInfo (RoleInfo.java:updateAndGet(143)) - dea2b8ee-1439-48be-8207-ba99c35f0b35: start LeaderElection
2019-09-23 17:37:21,385 [Thread-217] INFO  impl.FollowerState (FollowerState.java:run(106)) - 5668ea6f-da2f-4532-bdc2-4f21a9c5ebbf:group-2EC710033B74 changes to CANDIDATE, lastRpcTime:5018, electionTimeout:5018ms
2019-09-23 17:37:21,385 [Thread-217] INFO  impl.RoleInfo (RoleInfo.java:shutdownFollowerState(121)) - 5668ea6f-da2f-4532-bdc2-4f21a9c5ebbf: shutdown FollowerState
2019-09-23 17:37:21,385 [Thread-217] INFO  impl.RaftServerImpl (RaftServerImpl.java:setRole(174)) - 5668ea6f-da2f-4532-bdc2-4f21a9c5ebbf@group-2EC710033B74: changes role from  FOLLOWER to CANDIDATE at term 0 for changeToCandidate
2019-09-23 17:37:21,385 [Thread-217] INFO  impl.RoleInfo (RoleInfo.java:updateAndGet(143)) - 5668ea6f-da2f-4532-bdc2-4f21a9c5ebbf: start LeaderElection
2019-09-23 17:37:21,407 [dea2b8ee-1439-48be-8207-ba99c35f0b35@group-2EC710033B74:LeaderElection3] INFO  impl.LeaderElection (LeaderElection.java:askForVotes(182)) - dea2b8ee-1439-48be-8207-ba99c35f0b35@group-2EC710033B74:LeaderElection3: begin an election at term 1 for -1: [dea2b8ee-1439-48be-8207-ba99c35f0b35:192.168.34.17:36925, 5668ea6f-da2f-4532-bdc2-4f21a9c5ebbf:192.168.34.17:43643, 46f0d1a2-3938-4305-a36e-0a8fbc61a3fa:192.168.34.17:35089], old=null
2019-09-23 17:37:21,407 [46f0d1a2-3938-4305-a36e-0a8fbc61a3fa@group-2EC710033B74:LeaderElection5] INFO  impl.LeaderElection (LeaderElection.java:askForVotes(182)) - 46f0d1a2-3938-4305-a36e-0a8fbc61a3fa@group-2EC710033B74:LeaderElection5: begin an election at term 1 for -1: [dea2b8ee-1439-48be-8207-ba99c35f0b35:192.168.34.17:36925, 5668ea6f-da2f-4532-bdc2-4f21a9c5ebbf:192.168.34.17:43643, 46f0d1a2-3938-4305-a36e-0a8fbc61a3fa:192.168.34.17:35089], old=null
2019-09-23 17:37:21,407 [46f0d1a2-3938-4305-a36e-0a8fbc61a3fa@group-4613DEE8849A:LeaderElection4] INFO  impl.LeaderElection (LeaderElection.java:askForVotes(182)) - 46f0d1a2-3938-4305-a36e-0a8fbc61a3fa@group-4613DEE8849A:LeaderElection4: begin an election at term 1 for -1: [dea2b8ee-1439-48be-8207-ba99c35f0b35:192.168.34.17:36925, 5668ea6f-da2f-4532-bdc2-4f21a9c5ebbf:192.168.34.17:43643, 46f0d1a2-3938-4305-a36e-0a8fbc61a3fa:192.168.34.17:35089], old=null
2019-09-23 17:37:21,435 [grpc-default-executor-0] INFO  impl.RaftServerImpl (RaftServerImpl.java:setRole(174)) - 5668ea6f-da2f-4532-bdc2-4f21a9c5ebbf@group-4613DEE8849A: changes role from  FOLLOWER to FOLLOWER at term 1 for recognizeCandidate:46f0d1a2-3938-4305-a36e-0a8fbc61a3fa
2019-09-23 17:37:21,436 [grpc-default-executor-0] INFO  impl.RoleInfo (RoleInfo.java:shutdownFollowerState(121)) - 5668ea6f-da2f-4532-bdc2-4f21a9c5ebbf: shutdown FollowerState
2019-09-23 17:37:21,436 [grpc-default-executor-0] INFO  impl.RoleInfo (RoleInfo.java:updateAndGet(143)) - 5668ea6f-da2f-4532-bdc2-4f21a9c5ebbf: start FollowerState
2019-09-23 17:37:21,436 [Thread-215] INFO  impl.FollowerState (FollowerState.java:run(115)) - 5668ea6f-da2f-4532-bdc2-4f21a9c5ebbf: FollowerState was interrupted: java.lang.InterruptedException: sleep interrupted
2019-09-23 17:37:21,437 [Thread-213] INFO  impl.FollowerState (FollowerState.java:run(106)) - 5668ea6f-da2f-4532-bdc2-4f21a9c5ebbf:group-70A63EC4C4EE changes to CANDIDATE, lastRpcTime:5074, electionTimeout:5073ms
2019-09-23 17:37:21,439 [Thread-213] INFO  impl.RoleInfo (RoleInfo.java:shutdownFollowerState(121)) - 5668ea6f-da2f-4532-bdc2-4f21a9c5ebbf: shutdown FollowerState
2019-09-23 17:37:21,439 [Thread-213] INFO  impl.RaftServerImpl (RaftServerImpl.java:setRole(174)) - 5668ea6f-da2f-4532-bdc2-4f21a9c5ebbf@group-70A63EC4C4EE: changes role from  FOLLOWER to CANDIDATE at term 0 for changeToCandidate
2019-09-23 17:37:21,440 [Thread-213] INFO  impl.RoleInfo (RoleInfo.java:updateAndGet(143)) - 5668ea6f-da2f-4532-bdc2-4f21a9c5ebbf: start LeaderElection
2019-09-23 17:37:21,449 [dea2b8ee-1439-48be-8207-ba99c35f0b35@group-4613DEE8849A:LeaderElection6] INFO  impl.LeaderElection (LeaderElection.java:askForVotes(182)) - dea2b8ee-1439-48be-8207-ba99c35f0b35@group-4613DEE8849A:LeaderElection6: begin an election at term 1 for -1: [dea2b8ee-1439-48be-8207-ba99c35f0b35:192.168.34.17:36925, 5668ea6f-da2f-4532-bdc2-4f21a9c5ebbf:192.168.34.17:43643, 46f0d1a2-3938-4305-a36e-0a8fbc61a3fa:192.168.34.17:35089], old=null
2019-09-23 17:37:21,501 [5668ea6f-da2f-4532-bdc2-4f21a9c5ebbf@group-2EC710033B74:LeaderElection7] INFO  impl.LeaderElection (LeaderElection.java:askForVotes(182)) - 5668ea6f-da2f-4532-bdc2-4f21a9c5ebbf@group-2EC710033B74:LeaderElection7: begin an election at term 1 for -1: [dea2b8ee-1439-48be-8207-ba99c35f0b35:192.168.34.17:36925, 5668ea6f-da2f-4532-bdc2-4f21a9c5ebbf:192.168.34.17:43643, 46f0d1a2-3938-4305-a36e-0a8fbc61a3fa:192.168.34.17:35089], old=null
2019-09-23 17:37:21,503 [46f0d1a2-3938-4305-a36e-0a8fbc61a3fa@group-2EC710033B74:LeaderElection5] INFO  impl.LeaderElection (LeaderElection.java:logAndReturn(56)) - 46f0d1a2-3938-4305-a36e-0a8fbc61a3fa@group-2EC710033B74:LeaderElection5: Election REJECTED; received 2 response(s) [46f0d1a2-3938-4305-a36e-0a8fbc61a3fa<-dea2b8ee-1439-48be-8207-ba99c35f0b35#0:FAIL-t1, 46f0d1a2-3938-4305-a36e-0a8fbc61a3fa<-5668ea6f-da2f-4532-bdc2-4f21a9c5ebbf#0:FAIL-t1] and 0 exception(s); 46f0d1a2-3938-4305-a36e-0a8fbc61a3fa@group-2EC710033B74:t1, leader=null, voted=46f0d1a2-3938-4305-a36e-0a8fbc61a3fa, raftlog=46f0d1a2-3938-4305-a36e-0a8fbc61a3fa@group-2EC710033B74-SegmentedRaftLog:OPENED:c-1,f-1,i0, conf=-1: [dea2b8ee-1439-48be-8207-ba99c35f0b35:192.168.34.17:36925, 5668ea6f-da2f-4532-bdc2-4f21a9c5ebbf:192.168.34.17:43643, 46f0d1a2-3938-4305-a36e-0a8fbc61a3fa:192.168.34.17:35089], old=null
2019-09-23 17:37:21,507 [dea2b8ee-1439-48be-8207-ba99c35f0b35@group-2EC710033B74:LeaderElection3] INFO  impl.LeaderElection (LeaderElection.java:logAndReturn(56)) - dea2b8ee-1439-48be-8207-ba99c35f0b35@group-2EC710033B74:LeaderElection3: Election REJECTED; received 2 response(s) [dea2b8ee-1439-48be-8207-ba99c35f0b35<-46f0d1a2-3938-4305-a36e-0a8fbc61a3fa#0:FAIL-t1, dea2b8ee-1439-48be-8207-ba99c35f0b35<-5668ea6f-da2f-4532-bdc2-4f21a9c5ebbf#0:FAIL-t1] and 0 exception(s); dea2b8ee-1439-48be-8207-ba99c35f0b35@group-2EC710033B74:t1, leader=null, voted=dea2b8ee-1439-48be-8207-ba99c35f0b35, raftlog=dea2b8ee-1439-48be-8207-ba99c35f0b35@group-2EC710033B74-SegmentedRaftLog:OPENED:c-1,f-1,i0, conf=-1: [dea2b8ee-1439-48be-8207-ba99c35f0b35:192.168.34.17:36925, 5668ea6f-da2f-4532-bdc2-4f21a9c5ebbf:192.168.34.17:43643, 46f0d1a2-3938-4305-a36e-0a8fbc61a3fa:192.168.34.17:35089], old=null
2019-09-23 17:37:21,507 [46f0d1a2-3938-4305-a36e-0a8fbc61a3fa@group-2EC710033B74:LeaderElection5] INFO  impl.RaftServerImpl (RaftServerImpl.java:setRole(174)) - 46f0d1a2-3938-4305-a36e-0a8fbc61a3fa@group-2EC710033B74: changes role from CANDIDATE to FOLLOWER at term 1 for DISCOVERED_A_NEW_TERM
2019-09-23 17:37:21,509 [dea2b8ee-1439-48be-8207-ba99c35f0b35@group-2EC710033B74:LeaderElection3] INFO  impl.RaftServerImpl (RaftServerImpl.java:setRole(174)) - dea2b8ee-1439-48be-8207-ba99c35f0b35@group-2EC710033B74: changes role from CANDIDATE to FOLLOWER at term 1 for DISCOVERED_A_NEW_TERM
2019-09-23 17:37:21,509 [46f0d1a2-3938-4305-a36e-0a8fbc61a3fa@group-2EC710033B74:LeaderElection5] INFO  impl.RoleInfo (RoleInfo.java:shutdownLeaderElection(134)) - 46f0d1a2-3938-4305-a36e-0a8fbc61a3fa: shutdown LeaderElection
2019-09-23 17:37:21,512 [dea2b8ee-1439-48be-8207-ba99c35f0b35@group-2EC710033B74:LeaderElection3] INFO  impl.RoleInfo (RoleInfo.java:shutdownLeaderElection(134)) - dea2b8ee-1439-48be-8207-ba99c35f0b35: shutdown LeaderElection
2019-09-23 17:37:21,512 [46f0d1a2-3938-4305-a36e-0a8fbc61a3fa@group-2EC710033B74:LeaderElection5] INFO  impl.RoleInfo (RoleInfo.java:updateAndGet(143)) - 46f0d1a2-3938-4305-a36e-0a8fbc61a3fa: start FollowerState
2019-09-23 17:37:21,513 [dea2b8ee-1439-48be-8207-ba99c35f0b35@group-2EC710033B74:LeaderElection3] INFO  impl.RoleInfo (RoleInfo.java:updateAndGet(143)) - dea2b8ee-1439-48be-8207-ba99c35f0b35: start FollowerState
2019-09-23 17:37:21,523 [5668ea6f-da2f-4532-bdc2-4f21a9c5ebbf@group-2EC710033B74:LeaderElection7] INFO  impl.LeaderElection (LeaderElection.java:logAndReturn(56)) - 5668ea6f-da2f-4532-bdc2-4f21a9c5ebbf@group-2EC710033B74:LeaderElection7: Election REJECTED; received 2 response(s) [5668ea6f-da2f-4532-bdc2-4f21a9c5ebbf<-dea2b8ee-1439-48be-8207-ba99c35f0b35#0:FAIL-t1, 5668ea6f-da2f-4532-bdc2-4f21a9c5ebbf<-46f0d1a2-3938-4305-a36e-0a8fbc61a3fa#0:FAIL-t1] and 0 exception(s); 5668ea6f-da2f-4532-bdc2-4f21a9c5ebbf@group-2EC710033B74:t1, leader=null, voted=5668ea6f-da2f-4532-bdc2-4f21a9c5ebbf, raftlog=5668ea6f-da2f-4532-bdc2-4f21a9c5ebbf@group-2EC710033B74-SegmentedRaftLog:OPENED:c-1,f-1,i0, conf=-1: [dea2b8ee-1439-48be-8207-ba99c35f0b35:192.168.34.17:36925, 5668ea6f-da2f-4532-bdc2-4f21a9c5ebbf:192.168.34.17:43643, 46f0d1a2-3938-4305-a36e-0a8fbc61a3fa:192.168.34.17:35089], old=null
2019-09-23 17:37:21,524 [5668ea6f-da2f-4532-bdc2-4f21a9c5ebbf@group-2EC710033B74:LeaderElection7] INFO  impl.RaftServerImpl (RaftServerImpl.java:setRole(174)) - 5668ea6f-da2f-4532-bdc2-4f21a9c5ebbf@group-2EC710033B74: changes role from CANDIDATE to FOLLOWER at term 1 for DISCOVERED_A_NEW_TERM
2019-09-23 17:37:21,525 [5668ea6f-da2f-4532-bdc2-4f21a9c5ebbf@group-2EC710033B74:LeaderElection7] INFO  impl.RoleInfo (RoleInfo.java:shutdownLeaderElection(134)) - 5668ea6f-da2f-4532-bdc2-4f21a9c5ebbf: shutdown LeaderElection
2019-09-23 17:37:21,525 [5668ea6f-da2f-4532-bdc2-4f21a9c5ebbf@group-2EC710033B74:LeaderElection7] INFO  impl.RoleInfo (RoleInfo.java:updateAndGet(143)) - 5668ea6f-da2f-4532-bdc2-4f21a9c5ebbf: start FollowerState
2019-09-23 17:37:21,530 [5668ea6f-da2f-4532-bdc2-4f21a9c5ebbf@group-70A63EC4C4EE:LeaderElection8] INFO  impl.LeaderElection (LeaderElection.java:askForVotes(182)) - 5668ea6f-da2f-4532-bdc2-4f21a9c5ebbf@group-70A63EC4C4EE:LeaderElection8: begin an election at term 1 for -1: [5668ea6f-da2f-4532-bdc2-4f21a9c5ebbf:192.168.34.17:43643], old=null
2019-09-23 17:37:21,531 [5668ea6f-da2f-4532-bdc2-4f21a9c5ebbf@group-70A63EC4C4EE:LeaderElection8] INFO  impl.RoleInfo (RoleInfo.java:shutdownLeaderElection(134)) - 5668ea6f-da2f-4532-bdc2-4f21a9c5ebbf: shutdown LeaderElection
2019-09-23 17:37:21,531 [5668ea6f-da2f-4532-bdc2-4f21a9c5ebbf@group-70A63EC4C4EE:LeaderElection8] INFO  impl.RaftServerImpl (RaftServerImpl.java:setRole(174)) - 5668ea6f-da2f-4532-bdc2-4f21a9c5ebbf@group-70A63EC4C4EE: changes role from CANDIDATE to LEADER at term 1 for changeToLeader
2019-09-23 17:37:21,531 [5668ea6f-da2f-4532-bdc2-4f21a9c5ebbf@group-70A63EC4C4EE:LeaderElection8] INFO  impl.RaftServerImpl (ServerState.java:setLeader(253)) - 5668ea6f-da2f-4532-bdc2-4f21a9c5ebbf@group-70A63EC4C4EE: change Leader from null to 5668ea6f-da2f-4532-bdc2-4f21a9c5ebbf at term 1 for becomeLeader, leader elected after 5319ms
2019-09-23 17:37:21,531 [5668ea6f-da2f-4532-bdc2-4f21a9c5ebbf@group-70A63EC4C4EE:LeaderElection8] INFO  server.RaftServerConfigKeys (ConfUtils.java:logGet(43)) - raft.server.staging.catchup.gap = 1000 (default)
2019-09-23 17:37:21,532 [5668ea6f-da2f-4532-bdc2-4f21a9c5ebbf@group-70A63EC4C4EE:LeaderElection8] INFO  server.RaftServerConfigKeys (ConfUtils.java:logGet(43)) - raft.server.rpc.sleep.time = 25ms (default)
2019-09-23 17:37:21,532 [5668ea6f-da2f-4532-bdc2-4f21a9c5ebbf@group-70A63EC4C4EE:LeaderElection8] INFO  server.RaftServerConfigKeys (ConfUtils.java:logGet(43)) - raft.server.write.element-limit = 4096 (default)
2019-09-23 17:37:21,532 [46f0d1a2-3938-4305-a36e-0a8fbc61a3fa@group-4613DEE8849A:LeaderElection4] INFO  impl.LeaderElection (LeaderElection.java:logAndReturn(56)) - 46f0d1a2-3938-4305-a36e-0a8fbc61a3fa@group-4613DEE8849A:LeaderElection4: Election PASSED; received 2 response(s) [46f0d1a2-3938-4305-a36e-0a8fbc61a3fa<-dea2b8ee-1439-48be-8207-ba99c35f0b35#0:FAIL-t1, 46f0d1a2-3938-4305-a36e-0a8fbc61a3fa<-5668ea6f-da2f-4532-bdc2-4f21a9c5ebbf#0:OK-t1] and 0 exception(s); 46f0d1a2-3938-4305-a36e-0a8fbc61a3fa@group-4613DEE8849A:t1, leader=null, voted=46f0d1a2-3938-4305-a36e-0a8fbc61a3fa, raftlog=46f0d1a2-3938-4305-a36e-0a8fbc61a3fa@group-4613DEE8849A-SegmentedRaftLog:OPENED:c-1,f-1,i0, conf=-1: [dea2b8ee-1439-48be-8207-ba99c35f0b35:192.168.34.17:36925, 5668ea6f-da2f-4532-bdc2-4f21a9c5ebbf:192.168.34.17:43643, 46f0d1a2-3938-4305-a36e-0a8fbc61a3fa:192.168.34.17:35089], old=null
2019-09-23 17:37:21,532 [5668ea6f-da2f-4532-bdc2-4f21a9c5ebbf@group-70A63EC4C4EE:LeaderElection8] INFO  server.RaftServerConfigKeys (ConfUtils.java:logGet(43)) - raft.server.watch.timeout = 10s (default)
2019-09-23 17:37:21,532 [dea2b8ee-1439-48be-8207-ba99c35f0b35@group-4613DEE8849A:LeaderElection6] INFO  impl.LeaderElection (LeaderElection.java:logAndReturn(56)) - dea2b8ee-1439-48be-8207-ba99c35f0b35@group-4613DEE8849A:LeaderElection6: Election REJECTED; received 2 response(s) [dea2b8ee-1439-48be-8207-ba99c35f0b35<-46f0d1a2-3938-4305-a36e-0a8fbc61a3fa#0:FAIL-t1, dea2b8ee-1439-48be-8207-ba99c35f0b35<-5668ea6f-da2f-4532-bdc2-4f21a9c5ebbf#0:FAIL-t1] and 0 exception(s); dea2b8ee-1439-48be-8207-ba99c35f0b35@group-4613DEE8849A:t1, leader=null, voted=dea2b8ee-1439-48be-8207-ba99c35f0b35, raftlog=dea2b8ee-1439-48be-8207-ba99c35f0b35@group-4613DEE8849A-SegmentedRaftLog:OPENED:c-1,f-1,i0, conf=-1: [dea2b8ee-1439-48be-8207-ba99c35f0b35:192.168.34.17:36925, 5668ea6f-da2f-4532-bdc2-4f21a9c5ebbf:192.168.34.17:43643, 46f0d1a2-3938-4305-a36e-0a8fbc61a3fa:192.168.34.17:35089], old=null
2019-09-23 17:37:21,536 [5668ea6f-da2f-4532-bdc2-4f21a9c5ebbf@group-70A63EC4C4EE:LeaderElection8] INFO  server.RaftServerConfigKeys (ConfUtils.java:logGet(43)) - raft.server.watch.timeout.denomination = 1s (default)
2019-09-23 17:37:21,532 [46f0d1a2-3938-4305-a36e-0a8fbc61a3fa@group-4613DEE8849A:LeaderElection4] INFO  impl.RoleInfo (RoleInfo.java:shutdownLeaderElection(134)) - 46f0d1a2-3938-4305-a36e-0a8fbc61a3fa: shutdown LeaderElection
2019-09-23 17:37:21,537 [5668ea6f-da2f-4532-bdc2-4f21a9c5ebbf@group-70A63EC4C4EE:LeaderElection8] INFO  server.RaftServerConfigKeys (ConfUtils.java:logGet(43)) - raft.server.watch.element-limit = 65536 (default)
2019-09-23 17:37:21,536 [dea2b8ee-1439-48be-8207-ba99c35f0b35@group-4613DEE8849A:LeaderElection6] INFO  impl.RaftServerImpl (RaftServerImpl.java:setRole(174)) - dea2b8ee-1439-48be-8207-ba99c35f0b35@group-4613DEE8849A: changes role from CANDIDATE to FOLLOWER at term 1 for DISCOVERED_A_NEW_TERM
2019-09-23 17:37:21,538 [46f0d1a2-3938-4305-a36e-0a8fbc61a3fa@group-4613DEE8849A:LeaderElection4] INFO  impl.RaftServerImpl (RaftServerImpl.java:setRole(174)) - 46f0d1a2-3938-4305-a36e-0a8fbc61a3fa@group-4613DEE8849A: changes role from CANDIDATE to LEADER at term 1 for changeToLeader
2019-09-23 17:37:21,538 [dea2b8ee-1439-48be-8207-ba99c35f0b35@group-4613DEE8849A:LeaderElection6] INFO  impl.RoleInfo (RoleInfo.java:shutdownLeaderElection(134)) - dea2b8ee-1439-48be-8207-ba99c35f0b35: shutdown LeaderElection
2019-09-23 17:37:21,538 [46f0d1a2-3938-4305-a36e-0a8fbc61a3fa@group-4613DEE8849A:LeaderElection4] INFO  impl.RaftServerImpl (ServerState.java:setLeader(253)) - 46f0d1a2-3938-4305-a36e-0a8fbc61a3fa@group-4613DEE8849A: change Leader from null to 46f0d1a2-3938-4305-a36e-0a8fbc61a3fa at term 1 for becomeLeader, leader elected after 5302ms
2019-09-23 17:37:21,538 [dea2b8ee-1439-48be-8207-ba99c35f0b35@group-4613DEE8849A:LeaderElection6] INFO  impl.RoleInfo (RoleInfo.java:updateAndGet(143)) - dea2b8ee-1439-48be-8207-ba99c35f0b35: start FollowerState
2019-09-23 17:37:21,538 [46f0d1a2-3938-4305-a36e-0a8fbc61a3fa@group-4613DEE8849A:LeaderElection4] INFO  server.RaftServerConfigKeys (ConfUtils.java:logGet(43)) - raft.server.staging.catchup.gap = 1000 (default)
2019-09-23 17:37:21,538 [46f0d1a2-3938-4305-a36e-0a8fbc61a3fa@group-4613DEE8849A:LeaderElection4] INFO  server.RaftServerConfigKeys (ConfUtils.java:logGet(43)) - raft.server.rpc.sleep.time = 25ms (default)
2019-09-23 17:37:21,539 [46f0d1a2-3938-4305-a36e-0a8fbc61a3fa@group-4613DEE8849A:LeaderElection4] INFO  server.RaftServerConfigKeys (ConfUtils.java:logGet(43)) - raft.server.write.element-limit = 4096 (default)
2019-09-23 17:37:21,539 [46f0d1a2-3938-4305-a36e-0a8fbc61a3fa@group-4613DEE8849A:LeaderElection4] INFO  server.RaftServerConfigKeys (ConfUtils.java:logGet(43)) - raft.server.watch.timeout = 10s (default)
2019-09-23 17:37:21,539 [46f0d1a2-3938-4305-a36e-0a8fbc61a3fa@group-4613DEE8849A:LeaderElection4] INFO  server.RaftServerConfigKeys (ConfUtils.java:logGet(43)) - raft.server.watch.timeout.denomination = 1s (default)
2019-09-23 17:37:21,539 [46f0d1a2-3938-4305-a36e-0a8fbc61a3fa@group-4613DEE8849A:LeaderElection4] INFO  server.RaftServerConfigKeys (ConfUtils.java:logGet(43)) - raft.server.watch.element-limit = 65536 (default)
2019-09-23 17:37:21,542 [5668ea6f-da2f-4532-bdc2-4f21a9c5ebbf@group-70A63EC4C4EE:LeaderElection8] INFO  impl.RoleInfo (RoleInfo.java:updateAndGet(143)) - 5668ea6f-da2f-4532-bdc2-4f21a9c5ebbf: start LeaderState
2019-09-23 17:37:21,542 [5668ea6f-da2f-4532-bdc2-4f21a9c5ebbf@group-70A63EC4C4EE:LeaderElection8] INFO  segmented.SegmentedRaftLogWorker (SegmentedRaftLogWorker.java:startLogSegment(380)) - 5668ea6f-da2f-4532-bdc2-4f21a9c5ebbf@group-70A63EC4C4EE-SegmentedRaftLogWorker: Starting segment from index:0
2019-09-23 17:37:21,543 [5668ea6f-da2f-4532-bdc2-4f21a9c5ebbf@group-70A63EC4C4EE:LeaderElection8] INFO  impl.RaftServerImpl (ServerState.java:setRaftConf(354)) - 5668ea6f-da2f-4532-bdc2-4f21a9c5ebbf@group-70A63EC4C4EE: set configuration 0: [5668ea6f-da2f-4532-bdc2-4f21a9c5ebbf:192.168.34.17:43643], old=null at 0
2019-09-23 17:37:21,544 [46f0d1a2-3938-4305-a36e-0a8fbc61a3fa@group-4613DEE8849A:LeaderElection4] INFO  server.RaftServerConfigKeys (ConfUtils.java:logGet(43)) - raft.server.log.appender.snapshot.chunk.size.max = 16MB (=16777216) (default)
2019-09-23 17:37:21,544 [46f0d1a2-3938-4305-a36e-0a8fbc61a3fa@group-4613DEE8849A:LeaderElection4] INFO  server.RaftServerConfigKeys (ConfUtils.java:logGet(43)) - raft.server.log.appender.buffer.byte-limit = 33554432 (custom)
2019-09-23 17:37:21,544 [46f0d1a2-3938-4305-a36e-0a8fbc61a3fa@group-4613DEE8849A:LeaderElection4] INFO  server.RaftServerConfigKeys (ConfUtils.java:logGet(43)) - raft.server.log.appender.buffer.element-limit = 1 (custom)
2019-09-23 17:37:21,545 [46f0d1a2-3938-4305-a36e-0a8fbc61a3fa@group-4613DEE8849A:LeaderElection4] INFO  grpc.GrpcConfigKeys$Server (ConfUtils.java:logGet(43)) - raft.grpc.server.leader.outstanding.appends.max = 128 (default)
2019-09-23 17:37:21,572 [46f0d1a2-3938-4305-a36e-0a8fbc61a3fa@group-4613DEE8849A:LeaderElection4] INFO  server.RaftServerConfigKeys (ConfUtils.java:logGet(43)) - raft.server.rpc.request.timeout = 3000ms (default)
2019-09-23 17:37:21,572 [46f0d1a2-3938-4305-a36e-0a8fbc61a3fa@group-4613DEE8849A:LeaderElection4] INFO  server.RaftServerConfigKeys (ConfUtils.java:logGet(43)) - raft.server.log.appender.install.snapshot.enabled = false (custom)
2019-09-23 17:37:21,573 [46f0d1a2-3938-4305-a36e-0a8fbc61a3fa@group-4613DEE8849A:LeaderElection4] INFO  server.RaftServerConfigKeys (ConfUtils.java:logGet(43)) - raft.server.log.appender.snapshot.chunk.size.max = 16MB (=16777216) (default)
2019-09-23 17:37:21,573 [46f0d1a2-3938-4305-a36e-0a8fbc61a3fa@group-4613DEE8849A:LeaderElection4] INFO  server.RaftServerConfigKeys (ConfUtils.java:logGet(43)) - raft.server.log.appender.buffer.byte-limit = 33554432 (custom)
2019-09-23 17:37:21,573 [46f0d1a2-3938-4305-a36e-0a8fbc61a3fa@group-4613DEE8849A:LeaderElection4] INFO  server.RaftServerConfigKeys (ConfUtils.java:logGet(43)) - raft.server.log.appender.buffer.element-limit = 1 (custom)
2019-09-23 17:37:21,574 [46f0d1a2-3938-4305-a36e-0a8fbc61a3fa@group-4613DEE8849A:LeaderElection4] INFO  grpc.GrpcConfigKeys$Server (ConfUtils.java:logGet(43)) - raft.grpc.server.leader.outstanding.appends.max = 128 (default)
2019-09-23 17:37:21,574 [46f0d1a2-3938-4305-a36e-0a8fbc61a3fa@group-4613DEE8849A:LeaderElection4] INFO  server.RaftServerConfigKeys (ConfUtils.java:logGet(43)) - raft.server.rpc.request.timeout = 3000ms (default)
2019-09-23 17:37:21,574 [46f0d1a2-3938-4305-a36e-0a8fbc61a3fa@group-4613DEE8849A:LeaderElection4] INFO  server.RaftServerConfigKeys (ConfUtils.java:logGet(43)) - raft.server.log.appender.install.snapshot.enabled = false (custom)
2019-09-23 17:37:21,574 [46f0d1a2-3938-4305-a36e-0a8fbc61a3fa@group-4613DEE8849A:LeaderElection4] INFO  impl.RoleInfo (RoleInfo.java:updateAndGet(143)) - 46f0d1a2-3938-4305-a36e-0a8fbc61a3fa: start LeaderState
2019-09-23 17:37:21,575 [46f0d1a2-3938-4305-a36e-0a8fbc61a3fa@group-4613DEE8849A:LeaderElection4] INFO  segmented.SegmentedRaftLogWorker (SegmentedRaftLogWorker.java:startLogSegment(380)) - 46f0d1a2-3938-4305-a36e-0a8fbc61a3fa@group-4613DEE8849A-SegmentedRaftLogWorker: Starting segment from index:0
2019-09-23 17:37:21,576 [46f0d1a2-3938-4305-a36e-0a8fbc61a3fa@group-4613DEE8849A:LeaderElection4] INFO  impl.RaftServerImpl (ServerState.java:setRaftConf(354)) - 46f0d1a2-3938-4305-a36e-0a8fbc61a3fa@group-4613DEE8849A: set configuration 0: [dea2b8ee-1439-48be-8207-ba99c35f0b35:192.168.34.17:36925, 5668ea6f-da2f-4532-bdc2-4f21a9c5ebbf:192.168.34.17:43643, 46f0d1a2-3938-4305-a36e-0a8fbc61a3fa:192.168.34.17:35089], old=null at 0
2019-09-23 17:37:21,578 [grpc-default-executor-2] INFO  impl.RaftServerImpl (ServerState.java:setLeader(253)) - 5668ea6f-da2f-4532-bdc2-4f21a9c5ebbf@group-4613DEE8849A: change Leader from null to 46f0d1a2-3938-4305-a36e-0a8fbc61a3fa at term 1 for appendEntries, leader elected after 5281ms
2019-09-23 17:37:21,579 [grpc-default-executor-0] INFO  impl.RaftServerImpl (ServerState.java:setLeader(253)) - dea2b8ee-1439-48be-8207-ba99c35f0b35@group-4613DEE8849A: change Leader from null to 46f0d1a2-3938-4305-a36e-0a8fbc61a3fa at term 1 for appendEntries, leader elected after 5367ms
2019-09-23 17:37:21,610 [grpc-default-executor-0] INFO  impl.RaftServerImpl (ServerState.java:setRaftConf(354)) - 5668ea6f-da2f-4532-bdc2-4f21a9c5ebbf@group-4613DEE8849A: set configuration 0: [dea2b8ee-1439-48be-8207-ba99c35f0b35:192.168.34.17:36925, 5668ea6f-da2f-4532-bdc2-4f21a9c5ebbf:192.168.34.17:43643, 46f0d1a2-3938-4305-a36e-0a8fbc61a3fa:192.168.34.17:35089], old=null at 0
2019-09-23 17:37:21,611 [grpc-default-executor-0] INFO  segmented.SegmentedRaftLogWorker (SegmentedRaftLogWorker.java:startLogSegment(380)) - 5668ea6f-da2f-4532-bdc2-4f21a9c5ebbf@group-4613DEE8849A-SegmentedRaftLogWorker: Starting segment from index:0
2019-09-23 17:37:21,612 [grpc-default-executor-2] INFO  impl.RaftServerImpl (ServerState.java:setRaftConf(354)) - dea2b8ee-1439-48be-8207-ba99c35f0b35@group-4613DEE8849A: set configuration 0: [dea2b8ee-1439-48be-8207-ba99c35f0b35:192.168.34.17:36925, 5668ea6f-da2f-4532-bdc2-4f21a9c5ebbf:192.168.34.17:43643, 46f0d1a2-3938-4305-a36e-0a8fbc61a3fa:192.168.34.17:35089], old=null at 0
2019-09-23 17:37:21,612 [grpc-default-executor-2] INFO  segmented.SegmentedRaftLogWorker (SegmentedRaftLogWorker.java:startLogSegment(380)) - dea2b8ee-1439-48be-8207-ba99c35f0b35@group-4613DEE8849A-SegmentedRaftLogWorker: Starting segment from index:0
2019-09-23 17:37:21,639 [5668ea6f-da2f-4532-bdc2-4f21a9c5ebbf@group-70A63EC4C4EE-SegmentedRaftLogWorker] INFO  segmented.SegmentedRaftLogWorker (SegmentedRaftLogWorker.java:execute(569)) - 5668ea6f-da2f-4532-bdc2-4f21a9c5ebbf@group-70A63EC4C4EE-SegmentedRaftLogWorker: created new log segment /workdir/hadoop-ozone/tools/target/test-dir/MiniOzoneClusterImpl-65b0fc59-f639-42ad-af7f-2a0602235923/datanode-1/data/ratis/e93bd736-7b22-4d05-9db3-70a63ec4c4ee/current/log_inprogress_0
2019-09-23 17:37:21,660 [46f0d1a2-3938-4305-a36e-0a8fbc61a3fa@group-4613DEE8849A-SegmentedRaftLogWorker] INFO  segmented.SegmentedRaftLogWorker (SegmentedRaftLogWorker.java:execute(569)) - 46f0d1a2-3938-4305-a36e-0a8fbc61a3fa@group-4613DEE8849A-SegmentedRaftLogWorker: created new log segment /workdir/hadoop-ozone/tools/target/test-dir/MiniOzoneClusterImpl-65b0fc59-f639-42ad-af7f-2a0602235923/datanode-0/data/ratis/7605905e-10c0-4df1-bec7-4613dee8849a/current/log_inprogress_0
2019-09-23 17:37:21,677 [5668ea6f-da2f-4532-bdc2-4f21a9c5ebbf@group-4613DEE8849A-SegmentedRaftLogWorker] INFO  segmented.SegmentedRaftLogWorker (SegmentedRaftLogWorker.java:execute(569)) - 5668ea6f-da2f-4532-bdc2-4f21a9c5ebbf@group-4613DEE8849A-SegmentedRaftLogWorker: created new log segment /workdir/hadoop-ozone/tools/target/test-dir/MiniOzoneClusterImpl-65b0fc59-f639-42ad-af7f-2a0602235923/datanode-1/data/ratis/7605905e-10c0-4df1-bec7-4613dee8849a/current/log_inprogress_0
2019-09-23 17:37:21,677 [dea2b8ee-1439-48be-8207-ba99c35f0b35@group-4613DEE8849A-SegmentedRaftLogWorker] INFO  segmented.SegmentedRaftLogWorker (SegmentedRaftLogWorker.java:execute(569)) - dea2b8ee-1439-48be-8207-ba99c35f0b35@group-4613DEE8849A-SegmentedRaftLogWorker: created new log segment /workdir/hadoop-ozone/tools/target/test-dir/MiniOzoneClusterImpl-65b0fc59-f639-42ad-af7f-2a0602235923/datanode-2/data/ratis/7605905e-10c0-4df1-bec7-4613dee8849a/current/log_inprogress_0
 0.00% |█                                                                                                    |  0/1 Time: 0:00:17 0.00% |█                                                                                                    |  0/1 Time: 0:00:18 0.00% |█                                                                                                    |  0/1 Time: 0:00:19 0.00% |█                                                                                                    |  0/1 Time: 0:00:20 0.00% |█                                                                                                    |  0/1 Time: 0:00:212019-09-23 17:37:26,571 [Thread-267] INFO  impl.FollowerState (FollowerState.java:run(106)) - 5668ea6f-da2f-4532-bdc2-4f21a9c5ebbf:group-2EC710033B74 changes to CANDIDATE, lastRpcTime:5045, electionTimeout:5044ms
2019-09-23 17:37:26,572 [Thread-267] INFO  impl.RoleInfo (RoleInfo.java:shutdownFollowerState(121)) - 5668ea6f-da2f-4532-bdc2-4f21a9c5ebbf: shutdown FollowerState
2019-09-23 17:37:26,572 [Thread-267] INFO  impl.RaftServerImpl (RaftServerImpl.java:setRole(174)) - 5668ea6f-da2f-4532-bdc2-4f21a9c5ebbf@group-2EC710033B74: changes role from  FOLLOWER to CANDIDATE at term 1 for changeToCandidate
2019-09-23 17:37:26,572 [Thread-266] INFO  impl.FollowerState (FollowerState.java:run(106)) - dea2b8ee-1439-48be-8207-ba99c35f0b35:group-2EC710033B74 changes to CANDIDATE, lastRpcTime:5059, electionTimeout:5057ms
2019-09-23 17:37:26,573 [Thread-267] INFO  impl.RoleInfo (RoleInfo.java:updateAndGet(143)) - 5668ea6f-da2f-4532-bdc2-4f21a9c5ebbf: start LeaderElection
2019-09-23 17:37:26,573 [Thread-266] INFO  impl.RoleInfo (RoleInfo.java:shutdownFollowerState(121)) - dea2b8ee-1439-48be-8207-ba99c35f0b35: shutdown FollowerState
2019-09-23 17:37:26,573 [Thread-266] INFO  impl.RaftServerImpl (RaftServerImpl.java:setRole(174)) - dea2b8ee-1439-48be-8207-ba99c35f0b35@group-2EC710033B74: changes role from  FOLLOWER to CANDIDATE at term 1 for changeToCandidate
2019-09-23 17:37:26,575 [Thread-266] INFO  impl.RoleInfo (RoleInfo.java:updateAndGet(143)) - dea2b8ee-1439-48be-8207-ba99c35f0b35: start LeaderElection
2019-09-23 17:37:26,658 [5668ea6f-da2f-4532-bdc2-4f21a9c5ebbf@group-2EC710033B74:LeaderElection9] INFO  impl.LeaderElection (LeaderElection.java:askForVotes(182)) - 5668ea6f-da2f-4532-bdc2-4f21a9c5ebbf@group-2EC710033B74:LeaderElection9: begin an election at term 2 for -1: [dea2b8ee-1439-48be-8207-ba99c35f0b35:192.168.34.17:36925, 5668ea6f-da2f-4532-bdc2-4f21a9c5ebbf:192.168.34.17:43643, 46f0d1a2-3938-4305-a36e-0a8fbc61a3fa:192.168.34.17:35089], old=null
2019-09-23 17:37:26,658 [dea2b8ee-1439-48be-8207-ba99c35f0b35@group-2EC710033B74:LeaderElection10] INFO  impl.LeaderElection (LeaderElection.java:askForVotes(182)) - dea2b8ee-1439-48be-8207-ba99c35f0b35@group-2EC710033B74:LeaderElection10: begin an election at term 2 for -1: [dea2b8ee-1439-48be-8207-ba99c35f0b35:192.168.34.17:36925, 5668ea6f-da2f-4532-bdc2-4f21a9c5ebbf:192.168.34.17:43643, 46f0d1a2-3938-4305-a36e-0a8fbc61a3fa:192.168.34.17:35089], old=null
2019-09-23 17:37:26,667 [grpc-default-executor-3] INFO  impl.RaftServerImpl (RaftServerImpl.java:setRole(174)) - 46f0d1a2-3938-4305-a36e-0a8fbc61a3fa@group-2EC710033B74: changes role from  FOLLOWER to FOLLOWER at term 2 for recognizeCandidate:5668ea6f-da2f-4532-bdc2-4f21a9c5ebbf
2019-09-23 17:37:26,667 [grpc-default-executor-3] INFO  impl.RoleInfo (RoleInfo.java:shutdownFollowerState(121)) - 46f0d1a2-3938-4305-a36e-0a8fbc61a3fa: shutdown FollowerState
2019-09-23 17:37:26,668 [grpc-default-executor-3] INFO  impl.RoleInfo (RoleInfo.java:updateAndGet(143)) - 46f0d1a2-3938-4305-a36e-0a8fbc61a3fa: start FollowerState
2019-09-23 17:37:26,669 [Thread-265] INFO  impl.FollowerState (FollowerState.java:run(115)) - 46f0d1a2-3938-4305-a36e-0a8fbc61a3fa: FollowerState was interrupted: java.lang.InterruptedException: sleep interrupted
2019-09-23 17:37:26,744 [5668ea6f-da2f-4532-bdc2-4f21a9c5ebbf@group-2EC710033B74:LeaderElection9] INFO  impl.LeaderElection (LeaderElection.java:logAndReturn(56)) - 5668ea6f-da2f-4532-bdc2-4f21a9c5ebbf@group-2EC710033B74:LeaderElection9: Election PASSED; received 2 response(s) [5668ea6f-da2f-4532-bdc2-4f21a9c5ebbf<-dea2b8ee-1439-48be-8207-ba99c35f0b35#0:FAIL-t2, 5668ea6f-da2f-4532-bdc2-4f21a9c5ebbf<-46f0d1a2-3938-4305-a36e-0a8fbc61a3fa#0:OK-t2] and 0 exception(s); 5668ea6f-da2f-4532-bdc2-4f21a9c5ebbf@group-2EC710033B74:t2, leader=null, voted=5668ea6f-da2f-4532-bdc2-4f21a9c5ebbf, raftlog=5668ea6f-da2f-4532-bdc2-4f21a9c5ebbf@group-2EC710033B74-SegmentedRaftLog:OPENED:c-1,f-1,i0, conf=-1: [dea2b8ee-1439-48be-8207-ba99c35f0b35:192.168.34.17:36925, 5668ea6f-da2f-4532-bdc2-4f21a9c5ebbf:192.168.34.17:43643, 46f0d1a2-3938-4305-a36e-0a8fbc61a3fa:192.168.34.17:35089], old=null
2019-09-23 17:37:26,744 [5668ea6f-da2f-4532-bdc2-4f21a9c5ebbf@group-2EC710033B74:LeaderElection9] INFO  impl.RoleInfo (RoleInfo.java:shutdownLeaderElection(134)) - 5668ea6f-da2f-4532-bdc2-4f21a9c5ebbf: shutdown LeaderElection
2019-09-23 17:37:26,746 [5668ea6f-da2f-4532-bdc2-4f21a9c5ebbf@group-2EC710033B74:LeaderElection9] INFO  impl.RaftServerImpl (RaftServerImpl.java:setRole(174)) - 5668ea6f-da2f-4532-bdc2-4f21a9c5ebbf@group-2EC710033B74: changes role from CANDIDATE to LEADER at term 2 for changeToLeader
2019-09-23 17:37:26,746 [5668ea6f-da2f-4532-bdc2-4f21a9c5ebbf@group-2EC710033B74:LeaderElection9] INFO  impl.RaftServerImpl (ServerState.java:setLeader(253)) - 5668ea6f-da2f-4532-bdc2-4f21a9c5ebbf@group-2EC710033B74: change Leader from null to 5668ea6f-da2f-4532-bdc2-4f21a9c5ebbf at term 2 for becomeLeader, leader elected after 10394ms
2019-09-23 17:37:26,746 [dea2b8ee-1439-48be-8207-ba99c35f0b35@group-2EC710033B74:LeaderElection10] INFO  impl.LeaderElection (LeaderElection.java:logAndReturn(56)) - dea2b8ee-1439-48be-8207-ba99c35f0b35@group-2EC710033B74:LeaderElection10: Election REJECTED; received 2 response(s) [dea2b8ee-1439-48be-8207-ba99c35f0b35<-5668ea6f-da2f-4532-bdc2-4f21a9c5ebbf#0:FAIL-t2, dea2b8ee-1439-48be-8207-ba99c35f0b35<-46f0d1a2-3938-4305-a36e-0a8fbc61a3fa#0:FAIL-t2] and 0 exception(s); dea2b8ee-1439-48be-8207-ba99c35f0b35@group-2EC710033B74:t2, leader=null, voted=dea2b8ee-1439-48be-8207-ba99c35f0b35, raftlog=dea2b8ee-1439-48be-8207-ba99c35f0b35@group-2EC710033B74-SegmentedRaftLog:OPENED:c-1,f-1,i0, conf=-1: [dea2b8ee-1439-48be-8207-ba99c35f0b35:192.168.34.17:36925, 5668ea6f-da2f-4532-bdc2-4f21a9c5ebbf:192.168.34.17:43643, 46f0d1a2-3938-4305-a36e-0a8fbc61a3fa:192.168.34.17:35089], old=null
2019-09-23 17:37:26,747 [5668ea6f-da2f-4532-bdc2-4f21a9c5ebbf@group-2EC710033B74:LeaderElection9] INFO  server.RaftServerConfigKeys (ConfUtils.java:logGet(43)) - raft.server.staging.catchup.gap = 1000 (default)
2019-09-23 17:37:26,749 [dea2b8ee-1439-48be-8207-ba99c35f0b35@group-2EC710033B74:LeaderElection10] INFO  impl.RaftServerImpl (RaftServerImpl.java:setRole(174)) - dea2b8ee-1439-48be-8207-ba99c35f0b35@group-2EC710033B74: changes role from CANDIDATE to FOLLOWER at term 2 for DISCOVERED_A_NEW_TERM
2019-09-23 17:37:26,750 [5668ea6f-da2f-4532-bdc2-4f21a9c5ebbf@group-2EC710033B74:LeaderElection9] INFO  server.RaftServerConfigKeys (ConfUtils.java:logGet(43)) - raft.server.rpc.sleep.time = 25ms (default)
2019-09-23 17:37:26,751 [dea2b8ee-1439-48be-8207-ba99c35f0b35@group-2EC710033B74:LeaderElection10] INFO  impl.RoleInfo (RoleInfo.java:shutdownLeaderElection(134)) - dea2b8ee-1439-48be-8207-ba99c35f0b35: shutdown LeaderElection
2019-09-23 17:37:26,751 [5668ea6f-da2f-4532-bdc2-4f21a9c5ebbf@group-2EC710033B74:LeaderElection9] INFO  server.RaftServerConfigKeys (ConfUtils.java:logGet(43)) - raft.server.write.element-limit = 4096 (default)
2019-09-23 17:37:26,751 [dea2b8ee-1439-48be-8207-ba99c35f0b35@group-2EC710033B74:LeaderElection10] INFO  impl.RoleInfo (RoleInfo.java:updateAndGet(143)) - dea2b8ee-1439-48be-8207-ba99c35f0b35: start FollowerState
2019-09-23 17:37:26,751 [5668ea6f-da2f-4532-bdc2-4f21a9c5ebbf@group-2EC710033B74:LeaderElection9] INFO  server.RaftServerConfigKeys (ConfUtils.java:logGet(43)) - raft.server.watch.timeout = 10s (default)
2019-09-23 17:37:26,752 [5668ea6f-da2f-4532-bdc2-4f21a9c5ebbf@group-2EC710033B74:LeaderElection9] INFO  server.RaftServerConfigKeys (ConfUtils.java:logGet(43)) - raft.server.watch.timeout.denomination = 1s (default)
2019-09-23 17:37:26,753 [5668ea6f-da2f-4532-bdc2-4f21a9c5ebbf@group-2EC710033B74:LeaderElection9] INFO  server.RaftServerConfigKeys (ConfUtils.java:logGet(43)) - raft.server.watch.element-limit = 65536 (default)
2019-09-23 17:37:26,758 [5668ea6f-da2f-4532-bdc2-4f21a9c5ebbf@group-2EC710033B74:LeaderElection9] INFO  server.RaftServerConfigKeys (ConfUtils.java:logGet(43)) - raft.server.log.appender.snapshot.chunk.size.max = 16MB (=16777216) (default)
2019-09-23 17:37:26,758 [5668ea6f-da2f-4532-bdc2-4f21a9c5ebbf@group-2EC710033B74:LeaderElection9] INFO  server.RaftServerConfigKeys (ConfUtils.java:logGet(43)) - raft.server.log.appender.buffer.byte-limit = 33554432 (custom)
2019-09-23 17:37:26,758 [5668ea6f-da2f-4532-bdc2-4f21a9c5ebbf@group-2EC710033B74:LeaderElection9] INFO  server.RaftServerConfigKeys (ConfUtils.java:logGet(43)) - raft.server.log.appender.buffer.element-limit = 1 (custom)
2019-09-23 17:37:26,759 [5668ea6f-da2f-4532-bdc2-4f21a9c5ebbf@group-2EC710033B74:LeaderElection9] INFO  grpc.GrpcConfigKeys$Server (ConfUtils.java:logGet(43)) - raft.grpc.server.leader.outstanding.appends.max = 128 (default)
2019-09-23 17:37:26,759 [5668ea6f-da2f-4532-bdc2-4f21a9c5ebbf@group-2EC710033B74:LeaderElection9] INFO  server.RaftServerConfigKeys (ConfUtils.java:logGet(43)) - raft.server.rpc.request.timeout = 3000ms (default)
2019-09-23 17:37:26,759 [5668ea6f-da2f-4532-bdc2-4f21a9c5ebbf@group-2EC710033B74:LeaderElection9] INFO  server.RaftServerConfigKeys (ConfUtils.java:logGet(43)) - raft.server.log.appender.install.snapshot.enabled = false (custom)
2019-09-23 17:37:26,760 [5668ea6f-da2f-4532-bdc2-4f21a9c5ebbf@group-2EC710033B74:LeaderElection9] INFO  server.RaftServerConfigKeys (ConfUtils.java:logGet(43)) - raft.server.log.appender.snapshot.chunk.size.max = 16MB (=16777216) (default)
2019-09-23 17:37:26,760 [5668ea6f-da2f-4532-bdc2-4f21a9c5ebbf@group-2EC710033B74:LeaderElection9] INFO  server.RaftServerConfigKeys (ConfUtils.java:logGet(43)) - raft.server.log.appender.buffer.byte-limit = 33554432 (custom)
2019-09-23 17:37:26,760 [5668ea6f-da2f-4532-bdc2-4f21a9c5ebbf@group-2EC710033B74:LeaderElection9] INFO  server.RaftServerConfigKeys (ConfUtils.java:logGet(43)) - raft.server.log.appender.buffer.element-limit = 1 (custom)
2019-09-23 17:37:26,761 [5668ea6f-da2f-4532-bdc2-4f21a9c5ebbf@group-2EC710033B74:LeaderElection9] INFO  grpc.GrpcConfigKeys$Server (ConfUtils.java:logGet(43)) - raft.grpc.server.leader.outstanding.appends.max = 128 (default)
2019-09-23 17:37:26,761 [5668ea6f-da2f-4532-bdc2-4f21a9c5ebbf@group-2EC710033B74:LeaderElection9] INFO  server.RaftServerConfigKeys (ConfUtils.java:logGet(43)) - raft.server.rpc.request.timeout = 3000ms (default)
2019-09-23 17:37:26,761 [5668ea6f-da2f-4532-bdc2-4f21a9c5ebbf@group-2EC710033B74:LeaderElection9] INFO  server.RaftServerConfigKeys (ConfUtils.java:logGet(43)) - raft.server.log.appender.install.snapshot.enabled = false (custom)
2019-09-23 17:37:26,762 [5668ea6f-da2f-4532-bdc2-4f21a9c5ebbf@group-2EC710033B74:LeaderElection9] INFO  impl.RoleInfo (RoleInfo.java:updateAndGet(143)) - 5668ea6f-da2f-4532-bdc2-4f21a9c5ebbf: start LeaderState
2019-09-23 17:37:26,762 [5668ea6f-da2f-4532-bdc2-4f21a9c5ebbf@group-2EC710033B74:LeaderElection9] INFO  segmented.SegmentedRaftLogWorker (SegmentedRaftLogWorker.java:startLogSegment(380)) - 5668ea6f-da2f-4532-bdc2-4f21a9c5ebbf@group-2EC710033B74-SegmentedRaftLogWorker: Starting segment from index:0
2019-09-23 17:37:26,763 [5668ea6f-da2f-4532-bdc2-4f21a9c5ebbf@group-2EC710033B74:LeaderElection9] INFO  impl.RaftServerImpl (ServerState.java:setRaftConf(354)) - 5668ea6f-da2f-4532-bdc2-4f21a9c5ebbf@group-2EC710033B74: set configuration 0: [dea2b8ee-1439-48be-8207-ba99c35f0b35:192.168.34.17:36925, 5668ea6f-da2f-4532-bdc2-4f21a9c5ebbf:192.168.34.17:43643, 46f0d1a2-3938-4305-a36e-0a8fbc61a3fa:192.168.34.17:35089], old=null at 0
2019-09-23 17:37:26,795 [grpc-default-executor-3] INFO  impl.RaftServerImpl (ServerState.java:setLeader(253)) - 46f0d1a2-3938-4305-a36e-0a8fbc61a3fa@group-2EC710033B74: change Leader from null to 5668ea6f-da2f-4532-bdc2-4f21a9c5ebbf at term 2 for appendEntries, leader elected after 10496ms
2019-09-23 17:37:26,795 [grpc-default-executor-1] INFO  impl.RaftServerImpl (ServerState.java:setLeader(253)) - dea2b8ee-1439-48be-8207-ba99c35f0b35@group-2EC710033B74: change Leader from null to 5668ea6f-da2f-4532-bdc2-4f21a9c5ebbf at term 2 for appendEntries, leader elected after 10497ms
2019-09-23 17:37:26,799 [grpc-default-executor-1] INFO  impl.RaftServerImpl (ServerState.java:setRaftConf(354)) - 46f0d1a2-3938-4305-a36e-0a8fbc61a3fa@group-2EC710033B74: set configuration 0: [dea2b8ee-1439-48be-8207-ba99c35f0b35:192.168.34.17:36925, 5668ea6f-da2f-4532-bdc2-4f21a9c5ebbf:192.168.34.17:43643, 46f0d1a2-3938-4305-a36e-0a8fbc61a3fa:192.168.34.17:35089], old=null at 0
2019-09-23 17:37:26,799 [grpc-default-executor-1] INFO  segmented.SegmentedRaftLogWorker (SegmentedRaftLogWorker.java:startLogSegment(380)) - 46f0d1a2-3938-4305-a36e-0a8fbc61a3fa@group-2EC710033B74-SegmentedRaftLogWorker: Starting segment from index:0
2019-09-23 17:37:26,799 [grpc-default-executor-3] INFO  impl.RaftServerImpl (ServerState.java:setRaftConf(354)) - dea2b8ee-1439-48be-8207-ba99c35f0b35@group-2EC710033B74: set configuration 0: [dea2b8ee-1439-48be-8207-ba99c35f0b35:192.168.34.17:36925, 5668ea6f-da2f-4532-bdc2-4f21a9c5ebbf:192.168.34.17:43643, 46f0d1a2-3938-4305-a36e-0a8fbc61a3fa:192.168.34.17:35089], old=null at 0
2019-09-23 17:37:26,800 [grpc-default-executor-3] INFO  segmented.SegmentedRaftLogWorker (SegmentedRaftLogWorker.java:startLogSegment(380)) - dea2b8ee-1439-48be-8207-ba99c35f0b35@group-2EC710033B74-SegmentedRaftLogWorker: Starting segment from index:0
2019-09-23 17:37:26,856 [5668ea6f-da2f-4532-bdc2-4f21a9c5ebbf@group-2EC710033B74-SegmentedRaftLogWorker] INFO  segmented.SegmentedRaftLogWorker (SegmentedRaftLogWorker.java:execute(569)) - 5668ea6f-da2f-4532-bdc2-4f21a9c5ebbf@group-2EC710033B74-SegmentedRaftLogWorker: created new log segment /workdir/hadoop-ozone/tools/target/test-dir/MiniOzoneClusterImpl-65b0fc59-f639-42ad-af7f-2a0602235923/datanode-1/data/ratis/d48db4b6-0ead-4b35-bc40-2ec710033b74/current/log_inprogress_0
2019-09-23 17:37:26,887 [dea2b8ee-1439-48be-8207-ba99c35f0b35@group-2EC710033B74-SegmentedRaftLogWorker] INFO  segmented.SegmentedRaftLogWorker (SegmentedRaftLogWorker.java:execute(569)) - dea2b8ee-1439-48be-8207-ba99c35f0b35@group-2EC710033B74-SegmentedRaftLogWorker: created new log segment /workdir/hadoop-ozone/tools/target/test-dir/MiniOzoneClusterImpl-65b0fc59-f639-42ad-af7f-2a0602235923/datanode-2/data/ratis/d48db4b6-0ead-4b35-bc40-2ec710033b74/current/log_inprogress_0
2019-09-23 17:37:26,887 [46f0d1a2-3938-4305-a36e-0a8fbc61a3fa@group-2EC710033B74-SegmentedRaftLogWorker] INFO  segmented.SegmentedRaftLogWorker (SegmentedRaftLogWorker.java:execute(569)) - 46f0d1a2-3938-4305-a36e-0a8fbc61a3fa@group-2EC710033B74-SegmentedRaftLogWorker: created new log segment /workdir/hadoop-ozone/tools/target/test-dir/MiniOzoneClusterImpl-65b0fc59-f639-42ad-af7f-2a0602235923/datanode-0/data/ratis/d48db4b6-0ead-4b35-bc40-2ec710033b74/current/log_inprogress_0
 0.00% |█                                                                                                    |  0/1 Time: 0:00:22 0.00% |█                                                                                                    |  0/1 Time: 0:00:23 0.00% |█                                                                                                    |  0/1 Time: 0:00:24 0.00% |█                                                                                                    |  0/1 Time: 0:00:25 0.00% |█                                                                                                    |  0/1 Time: 0:00:26 0.00% |█                                                                                                    |  0/1 Time: 0:00:27 0.00% |█                                                                                                    |  0/1 Time: 0:00:28 0.00% |█                                                                                                    |  0/1 Time: 0:00:29 0.00% |█                                                                                                    |  0/1 Time: 0:00:30 0.00% |█                                                                                                    |  0/1 Time: 0:00:31 0.00% |█                                                                                                    |  0/1 Time: 0:00:322019-09-23 17:37:38,174 [java.util.concurrent.ThreadPoolExecutor$Worker@1b43de8e[State = -1, empty queue]] WARN  server.GrpcLogAppender (GrpcLogAppender.java:timeoutAppendRequest(200)) - 5668ea6f-da2f-4532-bdc2-4f21a9c5ebbf@group-2EC710033B74->dea2b8ee-1439-48be-8207-ba99c35f0b35-GrpcLogAppender: appendEntries Timeout, request=5668ea6f-da2f-4532-bdc2-4f21a9c5ebbf->dea2b8ee-1439-48be-8207-ba99c35f0b35#57-t2, previous=(t:2, i:55), leaderCommit=52, initializing? false, entries: size=1, first=(t:2, i:56), METADATAENTRY(c54)
2019-09-23 17:37:38,174 [java.util.concurrent.ThreadPoolExecutor$Worker@3c7b48be[State = -1, empty queue]] WARN  server.GrpcLogAppender (GrpcLogAppender.java:timeoutAppendRequest(200)) - 5668ea6f-da2f-4532-bdc2-4f21a9c5ebbf@group-2EC710033B74->46f0d1a2-3938-4305-a36e-0a8fbc61a3fa-GrpcLogAppender: appendEntries Timeout, request=5668ea6f-da2f-4532-bdc2-4f21a9c5ebbf->46f0d1a2-3938-4305-a36e-0a8fbc61a3fa#57-t2, previous=(t:2, i:55), leaderCommit=52, initializing? false, entries: size=1, first=(t:2, i:56), METADATAENTRY(c54)
2019-09-23 17:37:38,182 [grpc-default-executor-2] WARN  server.GrpcLogAppender (GrpcLogAppender.java:onNextImpl(251)) - 5668ea6f-da2f-4532-bdc2-4f21a9c5ebbf@group-2EC710033B74->46f0d1a2-3938-4305-a36e-0a8fbc61a3fa-AppendLogResponseHandler: Request not found, ignoring reply: 5668ea6f-da2f-4532-bdc2-4f21a9c5ebbf<-46f0d1a2-3938-4305-a36e-0a8fbc61a3fa#57:OK,SUCCESS,nextIndex:57,term:2,followerCommit:52
 0.00% |█                                                                                                    |  0/1 Time: 0:00:332019-09-23 17:37:38,746 [grpc-default-executor-0] WARN  server.GrpcLogAppender (GrpcLogAppender.java:onNextImpl(251)) - 5668ea6f-da2f-4532-bdc2-4f21a9c5ebbf@group-2EC710033B74->dea2b8ee-1439-48be-8207-ba99c35f0b35-AppendLogResponseHandler: Request not found, ignoring reply: 5668ea6f-da2f-4532-bdc2-4f21a9c5ebbf<-dea2b8ee-1439-48be-8207-ba99c35f0b35#57:OK,SUCCESS,nextIndex:57,term:2,followerCommit:52
 0.00% |█                                                                                                    |  0/1 Time: 0:00:34 100.00% |█████████████████████████████████████████████████████████████████████████████████████████████████████|  1/1 Time: 0:00:35
]]></system-out>
    <system-err><![CDATA[ERROR StatusLogger No Log4j 2 configuration file found. Using default configuration (logging only errors to the console), or user programmatically provided configurations. Set system property 'log4j2.debug' to show Log4j 2 internal initialization logging. See https://logging.apache.org/log4j/2.x/manual/configuration.html for instructions on how to configure Log4j 2
]]></system-err>
  </testcase>
</testsuite>