<?xml version="1.0" encoding="UTF-8"?>
<testsuite xmlns:xsi="http://www.w3.org/2001/XMLSchema-instance" xsi:noNamespaceSchemaLocation="https://maven.apache.org/surefire/maven-surefire-plugin/xsd/surefire-test-report.xsd" name="org.apache.hadoop.ozone.client.rpc.TestMultiBlockWritesWithDnFailures" time="134.737" tests="2" errors="1" skipped="0" failures="0">
  <properties>
    <property name="awt.toolkit" value="sun.awt.X11.XToolkit"/>
    <property name="file.encoding.pkg" value="sun.io"/>
    <property name="java.specification.version" value="1.8"/>
    <property name="sun.cpu.isalist" value=""/>
    <property name="sun.jnu.encoding" value="UTF-8"/>
    <property name="java.class.path" value="/workdir/hadoop-ozone/integration-test/target/test-classes:/workdir/hadoop-ozone/integration-test/target/classes:/home/user/.m2/repository/org/apache/hadoop/hadoop-ozone-common/0.5.0-SNAPSHOT/hadoop-ozone-common-0.5.0-SNAPSHOT.jar:/home/user/.m2/repository/org/apache/commons/commons-compress/1.4.1/commons-compress-1.4.1.jar:/home/user/.m2/repository/org/tukaani/xz/1.0/xz-1.0.jar:/home/user/.m2/repository/org/apache/hadoop/hadoop-common/3.2.0/hadoop-common-3.2.0.jar:/home/user/.m2/repository/org/apache/hadoop/hadoop-hdfs/3.2.0/hadoop-hdfs-3.2.0.jar:/home/user/.m2/repository/org/apache/hadoop/hadoop-hdfs-client/3.2.0/hadoop-hdfs-client-3.2.0.jar:/home/user/.m2/repository/com/fasterxml/jackson/core/jackson-annotations/2.9.5/jackson-annotations-2.9.5.jar:/home/user/.m2/repository/org/apache/hadoop/hadoop-hdds-common/0.5.0-SNAPSHOT/hadoop-hdds-common-0.5.0-SNAPSHOT.jar:/home/user/.m2/repository/javax/annotation/javax.annotation-api/1.2/javax.annotation-api-1.2.jar:/home/user/.m2/repository/org/apache/ratis/ratis-server/0.4.0-2337318-SNAPSHOT/ratis-server-0.4.0-2337318-SNAPSHOT.jar:/home/user/.m2/repository/org/apache/ratis/ratis-thirdparty-misc/0.2.0/ratis-thirdparty-misc-0.2.0.jar:/home/user/.m2/repository/org/apache/ratis/ratis-proto/0.4.0-2337318-SNAPSHOT/ratis-proto-0.4.0-2337318-SNAPSHOT.jar:/home/user/.m2/repository/org/apache/ratis/ratis-common/0.4.0-2337318-SNAPSHOT/ratis-common-0.4.0-2337318-SNAPSHOT.jar:/home/user/.m2/repository/org/apache/ratis/ratis-client/0.4.0-2337318-SNAPSHOT/ratis-client-0.4.0-2337318-SNAPSHOT.jar:/home/user/.m2/repository/org/apache/ratis/ratis-metrics/0.4.0-2337318-SNAPSHOT/ratis-metrics-0.4.0-2337318-SNAPSHOT.jar:/home/user/.m2/repository/org/apache/ratis/ratis-netty/0.4.0-2337318-SNAPSHOT/ratis-netty-0.4.0-2337318-SNAPSHOT.jar:/home/user/.m2/repository/org/apache/ratis/ratis-grpc/0.4.0-2337318-SNAPSHOT/ratis-grpc-0.4.0-2337318-SNAPSHOT.jar:/home/user/.m2/repository/org/rocksdb/rocksdbjni/6.0.1/rocksdbjni-6.0.1.jar:/home/user/.m2/repository/org/apache/logging/log4j/log4j-api/2.11.0/log4j-api-2.11.0.jar:/home/user/.m2/repository/org/apache/logging/log4j/log4j-core/2.11.0/log4j-core-2.11.0.jar:/home/user/.m2/repository/com/lmax/disruptor/3.4.2/disruptor-3.4.2.jar:/home/user/.m2/repository/org/apache/commons/commons-pool2/2.6.0/commons-pool2-2.6.0.jar:/home/user/.m2/repository/org/bouncycastle/bcpkix-jdk15on/1.60/bcpkix-jdk15on-1.60.jar:/home/user/.m2/repository/commons-validator/commons-validator/1.6/commons-validator-1.6.jar:/home/user/.m2/repository/commons-digester/commons-digester/1.8.1/commons-digester-1.8.1.jar:/home/user/.m2/repository/io/jaegertracing/jaeger-client/0.33.1/jaeger-client-0.33.1.jar:/home/user/.m2/repository/io/jaegertracing/jaeger-thrift/0.33.1/jaeger-thrift-0.33.1.jar:/home/user/.m2/repository/org/apache/thrift/libthrift/0.11.0/libthrift-0.11.0.jar:/home/user/.m2/repository/com/squareup/okhttp3/okhttp/3.9.0/okhttp-3.9.0.jar:/home/user/.m2/repository/com/squareup/okio/okio/1.13.0/okio-1.13.0.jar:/home/user/.m2/repository/io/jaegertracing/jaeger-core/0.33.1/jaeger-core-0.33.1.jar:/home/user/.m2/repository/io/jaegertracing/jaeger-tracerresolver/0.33.1/jaeger-tracerresolver-0.33.1.jar:/home/user/.m2/repository/io/opentracing/contrib/opentracing-tracerresolver/0.1.5/opentracing-tracerresolver-0.1.5.jar:/home/user/.m2/repository/io/opentracing/opentracing-util/0.31.0/opentracing-util-0.31.0.jar:/home/user/.m2/repository/io/opentracing/opentracing-api/0.31.0/opentracing-api-0.31.0.jar:/home/user/.m2/repository/io/opentracing/opentracing-noop/0.31.0/opentracing-noop-0.31.0.jar:/home/user/.m2/repository/org/apache/hadoop/hadoop-hdds-server-framework/0.5.0-SNAPSHOT/hadoop-hdds-server-framework-0.5.0-SNAPSHOT.jar:/home/user/.m2/repository/org/apache/hadoop/hadoop-hdds-container-service/0.5.0-SNAPSHOT/hadoop-hdds-container-service-0.5.0-SNAPSHOT.jar:/home/user/.m2/repository/org/apache/hadoop/hadoop-hdds-client/0.5.0-SNAPSHOT/hadoop-hdds-client-0.5.0-SNAPSHOT.jar:/home/user/.m2/repository/org/apache/hadoop/hadoop-hdds-tools/0.5.0-SNAPSHOT/hadoop-hdds-tools-0.5.0-SNAPSHOT.jar:/home/user/.m2/repository/org/apache/hadoop/hadoop-hdds-server-scm/0.5.0-SNAPSHOT/hadoop-hdds-server-scm-0.5.0-SNAPSHOT.jar:/home/user/.m2/repository/org/apache/hadoop/hadoop-hdds-docs/0.5.0-SNAPSHOT/hadoop-hdds-docs-0.5.0-SNAPSHOT.jar:/home/user/.m2/repository/io/dropwizard/metrics/metrics-core/3.2.4/metrics-core-3.2.4.jar:/home/user/.m2/repository/org/hamcrest/hamcrest-all/1.3/hamcrest-all-1.3.jar:/home/user/.m2/repository/org/bouncycastle/bcprov-jdk15on/1.60/bcprov-jdk15on-1.60.jar:/home/user/.m2/repository/info/picocli/picocli/3.9.6/picocli-3.9.6.jar:/home/user/.m2/repository/com/google/protobuf/protobuf-java/2.5.0/protobuf-java-2.5.0.jar:/home/user/.m2/repository/com/google/guava/guava/11.0.2/guava-11.0.2.jar:/home/user/.m2/repository/org/apache/hadoop/hadoop-ozone-ozone-manager/0.5.0-SNAPSHOT/hadoop-ozone-ozone-manager-0.5.0-SNAPSHOT.jar:/home/user/.m2/repository/org/apache/hadoop/hadoop-minikdc/3.2.0/hadoop-minikdc-3.2.0.jar:/home/user/.m2/repository/commons-io/commons-io/2.5/commons-io-2.5.jar:/home/user/.m2/repository/org/apache/kerby/kerb-simplekdc/1.0.1/kerb-simplekdc-1.0.1.jar:/home/user/.m2/repository/org/apache/kerby/kerb-client/1.0.1/kerb-client-1.0.1.jar:/home/user/.m2/repository/org/apache/kerby/kerby-config/1.0.1/kerby-config-1.0.1.jar:/home/user/.m2/repository/org/apache/kerby/kerb-core/1.0.1/kerb-core-1.0.1.jar:/home/user/.m2/repository/org/apache/kerby/kerby-pkix/1.0.1/kerby-pkix-1.0.1.jar:/home/user/.m2/repository/org/apache/kerby/kerby-asn1/1.0.1/kerby-asn1-1.0.1.jar:/home/user/.m2/repository/org/apache/kerby/kerby-util/1.0.1/kerby-util-1.0.1.jar:/home/user/.m2/repository/org/apache/kerby/kerb-common/1.0.1/kerb-common-1.0.1.jar:/home/user/.m2/repository/org/apache/kerby/kerb-crypto/1.0.1/kerb-crypto-1.0.1.jar:/home/user/.m2/repository/org/apache/kerby/kerb-util/1.0.1/kerb-util-1.0.1.jar:/home/user/.m2/repository/org/apache/kerby/token-provider/1.0.1/token-provider-1.0.1.jar:/home/user/.m2/repository/org/apache/kerby/kerb-admin/1.0.1/kerb-admin-1.0.1.jar:/home/user/.m2/repository/org/apache/kerby/kerb-server/1.0.1/kerb-server-1.0.1.jar:/home/user/.m2/repository/org/apache/kerby/kerb-identity/1.0.1/kerb-identity-1.0.1.jar:/home/user/.m2/repository/org/apache/kerby/kerby-xdr/1.0.1/kerby-xdr-1.0.1.jar:/home/user/.m2/repository/org/slf4j/slf4j-log4j12/1.7.25/slf4j-log4j12-1.7.25.jar:/home/user/.m2/repository/org/apache/hadoop/hadoop-ozone-objectstore-service/0.5.0-SNAPSHOT/hadoop-ozone-objectstore-service-0.5.0-SNAPSHOT.jar:/home/user/.m2/repository/org/apache/hadoop/hadoop-ozone-s3gateway/0.5.0-SNAPSHOT/hadoop-ozone-s3gateway-0.5.0-SNAPSHOT.jar:/home/user/.m2/repository/org/jboss/weld/servlet/weld-servlet/2.4.7.Final/weld-servlet-2.4.7.Final.jar:/home/user/.m2/repository/org/glassfish/jersey/containers/jersey-container-servlet-core/2.27/jersey-container-servlet-core-2.27.jar:/home/user/.m2/repository/org/glassfish/hk2/external/javax.inject/2.5.0-b42/javax.inject-2.5.0-b42.jar:/home/user/.m2/repository/org/glassfish/jersey/core/jersey-common/2.27/jersey-common-2.27.jar:/home/user/.m2/repository/org/glassfish/hk2/osgi-resource-locator/1.0.1/osgi-resource-locator-1.0.1.jar:/home/user/.m2/repository/javax/ws/rs/javax.ws.rs-api/2.1/javax.ws.rs-api-2.1.jar:/home/user/.m2/repository/org/glassfish/jersey/ext/cdi/jersey-cdi1x/2.27/jersey-cdi1x-2.27.jar:/home/user/.m2/repository/org/glassfish/jersey/inject/jersey-hk2/2.27/jersey-hk2-2.27.jar:/home/user/.m2/repository/org/glassfish/hk2/hk2-locator/2.5.0-b42/hk2-locator-2.5.0-b42.jar:/home/user/.m2/repository/org/javassist/javassist/3.22.0-CR2/javassist-3.22.0-CR2.jar:/home/user/.m2/repository/org/glassfish/hk2/hk2-api/2.5.0/hk2-api-2.5.0.jar:/home/user/.m2/repository/org/glassfish/hk2/external/jakarta.inject/2.5.0/jakarta.inject-2.5.0.jar:/home/user/.m2/repository/org/glassfish/hk2/hk2-utils/2.5.0/hk2-utils-2.5.0.jar:/home/user/.m2/repository/jakarta/annotation/jakarta.annotation-api/1.3.4/jakarta.annotation-api-1.3.4.jar:/home/user/.m2/repository/org/glassfish/hk2/external/aopalliance-repackaged/2.5.0/aopalliance-repackaged-2.5.0.jar:/home/user/.m2/repository/com/fasterxml/jackson/dataformat/jackson-dataformat-xml/2.9.0/jackson-dataformat-xml-2.9.0.jar:/home/user/.m2/repository/com/fasterxml/jackson/core/jackson-core/2.9.5/jackson-core-2.9.5.jar:/home/user/.m2/repository/com/fasterxml/jackson/module/jackson-module-jaxb-annotations/2.9.5/jackson-module-jaxb-annotations-2.9.5.jar:/home/user/.m2/repository/javax/enterprise/cdi-api/1.2/cdi-api-1.2.jar:/home/user/.m2/repository/javax/el/javax.el-api/3.0.0/javax.el-api-3.0.0.jar:/home/user/.m2/repository/javax/interceptor/javax.interceptor-api/1.2/javax.interceptor-api-1.2.jar:/home/user/.m2/repository/javax/inject/javax.inject/1/javax.inject-1.jar:/home/user/.m2/repository/com/sun/xml/bind/jaxb-impl/2.3.0.1/jaxb-impl-2.3.0.1.jar:/home/user/.m2/repository/com/sun/xml/bind/jaxb-core/2.3.0.1/jaxb-core-2.3.0.1.jar:/home/user/.m2/repository/javax/xml/bind/jaxb-api/2.3.0/jaxb-api-2.3.0.jar:/home/user/.m2/repository/javax/activation/activation/1.1.1/activation-1.1.1.jar:/home/user/.m2/repository/org/apache/hadoop/hadoop-ozone-csi/0.5.0-SNAPSHOT/hadoop-ozone-csi-0.5.0-SNAPSHOT.jar:/home/user/.m2/repository/com/google/protobuf/protobuf-java-util/3.5.1/protobuf-java-util-3.5.1.jar:/home/user/.m2/repository/org/apache/hadoop/hadoop-hdds-config/0.5.0-SNAPSHOT/hadoop-hdds-config-0.5.0-SNAPSHOT.jar:/home/user/.m2/repository/io/grpc/grpc-netty/1.17.1/grpc-netty-1.17.1.jar:/home/user/.m2/repository/io/grpc/grpc-core/1.17.1/grpc-core-1.17.1.jar:/home/user/.m2/repository/io/grpc/grpc-context/1.17.1/grpc-context-1.17.1.jar:/home/user/.m2/repository/com/google/errorprone/error_prone_annotations/2.2.0/error_prone_annotations-2.2.0.jar:/home/user/.m2/repository/org/codehaus/mojo/animal-sniffer-annotations/1.17/animal-sniffer-annotations-1.17.jar:/home/user/.m2/repository/io/opencensus/opencensus-api/0.17.0/opencensus-api-0.17.0.jar:/home/user/.m2/repository/io/opencensus/opencensus-contrib-grpc-metrics/0.17.0/opencensus-contrib-grpc-metrics-0.17.0.jar:/home/user/.m2/repository/io/netty/netty-codec-http2/4.1.30.Final/netty-codec-http2-4.1.30.Final.jar:/home/user/.m2/repository/io/netty/netty-codec-http/4.1.30.Final/netty-codec-http-4.1.30.Final.jar:/home/user/.m2/repository/io/netty/netty-codec/4.1.30.Final/netty-codec-4.1.30.Final.jar:/home/user/.m2/repository/io/netty/netty-handler/4.1.30.Final/netty-handler-4.1.30.Final.jar:/home/user/.m2/repository/io/netty/netty-handler-proxy/4.1.30.Final/netty-handler-proxy-4.1.30.Final.jar:/home/user/.m2/repository/io/netty/netty-codec-socks/4.1.30.Final/netty-codec-socks-4.1.30.Final.jar:/home/user/.m2/repository/io/netty/netty-transport-native-epoll/4.1.30.Final/netty-transport-native-epoll-4.1.30.Final.jar:/home/user/.m2/repository/io/netty/netty-common/4.1.30.Final/netty-common-4.1.30.Final.jar:/home/user/.m2/repository/io/netty/netty-buffer/4.1.30.Final/netty-buffer-4.1.30.Final.jar:/home/user/.m2/repository/io/netty/netty-transport/4.1.30.Final/netty-transport-4.1.30.Final.jar:/home/user/.m2/repository/io/netty/netty-resolver/4.1.30.Final/netty-resolver-4.1.30.Final.jar:/home/user/.m2/repository/io/netty/netty-transport-native-unix-common/4.1.30.Final/netty-transport-native-unix-common-4.1.30.Final.jar:/home/user/.m2/repository/io/grpc/grpc-protobuf/1.17.1/grpc-protobuf-1.17.1.jar:/home/user/.m2/repository/com/google/api/grpc/proto-google-common-protos/1.0.0/proto-google-common-protos-1.0.0.jar:/home/user/.m2/repository/io/grpc/grpc-protobuf-lite/1.17.1/grpc-protobuf-lite-1.17.1.jar:/home/user/.m2/repository/io/grpc/grpc-stub/1.17.1/grpc-stub-1.17.1.jar:/home/user/.m2/repository/org/apache/hadoop/hadoop-ozone-recon/0.5.0-SNAPSHOT/hadoop-ozone-recon-0.5.0-SNAPSHOT.jar:/home/user/.m2/repository/org/apache/hadoop/hadoop-ozone-reconcodegen/0.5.0-SNAPSHOT/hadoop-ozone-reconcodegen-0.5.0-SNAPSHOT.jar:/home/user/.m2/repository/com/google/inject/extensions/guice-multibindings/4.0/guice-multibindings-4.0.jar:/home/user/.m2/repository/com/google/inject/guice/4.0/guice-4.0.jar:/home/user/.m2/repository/aopalliance/aopalliance/1.0/aopalliance-1.0.jar:/home/user/.m2/repository/com/google/inject/extensions/guice-servlet/4.0/guice-servlet-4.0.jar:/home/user/.m2/repository/org/glassfish/jersey/containers/jersey-container-servlet/2.27/jersey-container-servlet-2.27.jar:/home/user/.m2/repository/org/glassfish/hk2/guice-bridge/2.5.0/guice-bridge-2.5.0.jar:/home/user/.m2/repository/org/glassfish/jersey/core/jersey-server/2.27/jersey-server-2.27.jar:/home/user/.m2/repository/org/glassfish/jersey/core/jersey-client/2.27/jersey-client-2.27.jar:/home/user/.m2/repository/org/glassfish/jersey/media/jersey-media-jaxb/2.27/jersey-media-jaxb-2.27.jar:/home/user/.m2/repository/javax/validation/validation-api/1.1.0.Final/validation-api-1.1.0.Final.jar:/home/user/.m2/repository/org/glassfish/jersey/media/jersey-media-json-jackson/2.27/jersey-media-json-jackson-2.27.jar:/home/user/.m2/repository/org/glassfish/jersey/ext/jersey-entity-filtering/2.27/jersey-entity-filtering-2.27.jar:/home/user/.m2/repository/com/google/inject/extensions/guice-assistedinject/4.0/guice-assistedinject-4.0.jar:/home/user/.m2/repository/org/jooq/jooq/3.11.10/jooq-3.11.10.jar:/home/user/.m2/repository/org/jooq/jooq-meta/3.11.10/jooq-meta-3.11.10.jar:/home/user/.m2/repository/org/jooq/jooq-codegen/3.11.10/jooq-codegen-3.11.10.jar:/home/user/.m2/repository/com/jolbox/bonecp/0.8.0.RELEASE/bonecp-0.8.0.RELEASE.jar:/home/user/.m2/repository/org/xerial/sqlite-jdbc/3.25.2/sqlite-jdbc-3.25.2.jar:/home/user/.m2/repository/org/springframework/spring-jdbc/5.1.3.RELEASE/spring-jdbc-5.1.3.RELEASE.jar:/home/user/.m2/repository/org/springframework/spring-beans/5.1.3.RELEASE/spring-beans-5.1.3.RELEASE.jar:/home/user/.m2/repository/org/springframework/spring-core/5.1.3.RELEASE/spring-core-5.1.3.RELEASE.jar:/home/user/.m2/repository/org/springframework/spring-jcl/5.1.3.RELEASE/spring-jcl-5.1.3.RELEASE.jar:/home/user/.m2/repository/org/springframework/spring-tx/5.1.3.RELEASE/spring-tx-5.1.3.RELEASE.jar:/home/user/.m2/repository/org/apache/hadoop/hadoop-ozone-client/0.5.0-SNAPSHOT/hadoop-ozone-client-0.5.0-SNAPSHOT.jar:/home/user/.m2/repository/commons-lang/commons-lang/2.6/commons-lang-2.6.jar:/home/user/.m2/repository/org/apache/hadoop/hadoop-ozone-ozone-manager/0.5.0-SNAPSHOT/hadoop-ozone-ozone-manager-0.5.0-SNAPSHOT-tests.jar:/home/user/.m2/repository/junit/junit/4.11/junit-4.11.jar:/home/user/.m2/repository/org/hamcrest/hamcrest-core/1.3/hamcrest-core-1.3.jar:/home/user/.m2/repository/org/openjdk/jmh/jmh-core/1.19/jmh-core-1.19.jar:/home/user/.m2/repository/net/sf/jopt-simple/jopt-simple/4.6/jopt-simple-4.6.jar:/home/user/.m2/repository/org/apache/commons/commons-math3/3.1.1/commons-math3-3.1.1.jar:/home/user/.m2/repository/org/openjdk/jmh/jmh-generator-annprocess/1.19/jmh-generator-annprocess-1.19.jar:/home/user/.m2/repository/org/mockito/mockito-all/1.8.5/mockito-all-1.8.5.jar:/home/user/.m2/repository/org/apache/hadoop/hadoop-kms/3.2.0/hadoop-kms-3.2.0.jar:/home/user/.m2/repository/org/apache/hadoop/hadoop-auth/3.2.0/hadoop-auth-3.2.0.jar:/home/user/.m2/repository/com/nimbusds/nimbus-jose-jwt/4.41.1/nimbus-jose-jwt-4.41.1.jar:/home/user/.m2/repository/com/github/stephenc/jcip/jcip-annotations/1.0-1/jcip-annotations-1.0-1.jar:/home/user/.m2/repository/net/minidev/json-smart/2.3/json-smart-2.3.jar:/home/user/.m2/repository/net/minidev/accessors-smart/1.2/accessors-smart-1.2.jar:/home/user/.m2/repository/org/ow2/asm/asm/5.0.4/asm-5.0.4.jar:/home/user/.m2/repository/org/apache/curator/curator-framework/2.12.0/curator-framework-2.12.0.jar:/home/user/.m2/repository/com/sun/jersey/jersey-core/1.19/jersey-core-1.19.jar:/home/user/.m2/repository/javax/ws/rs/jsr311-api/1.1.1/jsr311-api-1.1.1.jar:/home/user/.m2/repository/com/sun/jersey/jersey-server/1.19/jersey-server-1.19.jar:/home/user/.m2/repository/javax/servlet/javax.servlet-api/3.1.0/javax.servlet-api-3.1.0.jar:/home/user/.m2/repository/org/eclipse/jetty/jetty-server/9.3.24.v20180605/jetty-server-9.3.24.v20180605.jar:/home/user/.m2/repository/org/eclipse/jetty/jetty-http/9.3.24.v20180605/jetty-http-9.3.24.v20180605.jar:/home/user/.m2/repository/org/eclipse/jetty/jetty-io/9.3.24.v20180605/jetty-io-9.3.24.v20180605.jar:/home/user/.m2/repository/org/eclipse/jetty/jetty-webapp/9.3.24.v20180605/jetty-webapp-9.3.24.v20180605.jar:/home/user/.m2/repository/org/eclipse/jetty/jetty-xml/9.3.24.v20180605/jetty-xml-9.3.24.v20180605.jar:/home/user/.m2/repository/log4j/log4j/1.2.17/log4j-1.2.17.jar:/home/user/.m2/repository/org/slf4j/slf4j-api/1.7.25/slf4j-api-1.7.25.jar:/home/user/.m2/repository/org/slf4j/jul-to-slf4j/1.7.25/jul-to-slf4j-1.7.25.jar:/home/user/.m2/repository/org/eclipse/jetty/jetty-util/9.3.24.v20180605/jetty-util-9.3.24.v20180605.jar:/home/user/.m2/repository/com/fasterxml/jackson/core/jackson-databind/2.9.5/jackson-databind-2.9.5.jar:/home/user/.m2/repository/org/apache/hadoop/hadoop-kms/3.2.0/hadoop-kms-3.2.0-tests.jar:/home/user/.m2/repository/org/apache/hadoop/hadoop-hdds-server-scm/0.5.0-SNAPSHOT/hadoop-hdds-server-scm-0.5.0-SNAPSHOT-tests.jar:/home/user/.m2/repository/org/apache/hadoop/hadoop-hdds-container-service/0.5.0-SNAPSHOT/hadoop-hdds-container-service-0.5.0-SNAPSHOT-tests.jar:/home/user/.m2/repository/org/yaml/snakeyaml/1.16/snakeyaml-1.16.jar:/home/user/.m2/repository/org/apache/hadoop/hadoop-common/3.2.0/hadoop-common-3.2.0-tests.jar:/home/user/.m2/repository/org/apache/hadoop/hadoop-annotations/3.2.0/hadoop-annotations-3.2.0.jar:/usr/lib/jvm/java-1.8-openjdk/jre/../lib/tools.jar:/home/user/.m2/repository/commons-cli/commons-cli/1.2/commons-cli-1.2.jar:/home/user/.m2/repository/org/apache/httpcomponents/httpclient/4.5.2/httpclient-4.5.2.jar:/home/user/.m2/repository/org/apache/httpcomponents/httpcore/4.4.4/httpcore-4.4.4.jar:/home/user/.m2/repository/commons-codec/commons-codec/1.11/commons-codec-1.11.jar:/home/user/.m2/repository/commons-net/commons-net/3.6/commons-net-3.6.jar:/home/user/.m2/repository/commons-collections/commons-collections/3.2.2/commons-collections-3.2.2.jar:/home/user/.m2/repository/org/eclipse/jetty/jetty-servlet/9.3.24.v20180605/jetty-servlet-9.3.24.v20180605.jar:/home/user/.m2/repository/org/eclipse/jetty/jetty-security/9.3.24.v20180605/jetty-security-9.3.24.v20180605.jar:/home/user/.m2/repository/javax/servlet/jsp/jsp-api/2.1/jsp-api-2.1.jar:/home/user/.m2/repository/com/sun/jersey/jersey-servlet/1.19/jersey-servlet-1.19.jar:/home/user/.m2/repository/com/sun/jersey/jersey-json/1.19/jersey-json-1.19.jar:/home/user/.m2/repository/org/codehaus/jettison/jettison/1.1/jettison-1.1.jar:/home/user/.m2/repository/org/codehaus/jackson/jackson-core-asl/1.9.13/jackson-core-asl-1.9.13.jar:/home/user/.m2/repository/org/codehaus/jackson/jackson-mapper-asl/1.9.13/jackson-mapper-asl-1.9.13.jar:/home/user/.m2/repository/org/codehaus/jackson/jackson-jaxrs/1.9.13/jackson-jaxrs-1.9.13.jar:/home/user/.m2/repository/org/codehaus/jackson/jackson-xc/1.9.13/jackson-xc-1.9.13.jar:/home/user/.m2/repository/commons-logging/commons-logging/1.1.3/commons-logging-1.1.3.jar:/home/user/.m2/repository/commons-beanutils/commons-beanutils/1.9.3/commons-beanutils-1.9.3.jar:/home/user/.m2/repository/org/apache/commons/commons-configuration2/2.1.1/commons-configuration2-2.1.1.jar:/home/user/.m2/repository/org/apache/commons/commons-lang3/3.7/commons-lang3-3.7.jar:/home/user/.m2/repository/org/apache/commons/commons-text/1.4/commons-text-1.4.jar:/home/user/.m2/repository/org/apache/avro/avro/1.7.7/avro-1.7.7.jar:/home/user/.m2/repository/com/thoughtworks/paranamer/paranamer/2.3/paranamer-2.3.jar:/home/user/.m2/repository/org/xerial/snappy/snappy-java/1.0.5/snappy-java-1.0.5.jar:/home/user/.m2/repository/com/google/re2j/re2j/1.1/re2j-1.1.jar:/home/user/.m2/repository/com/google/code/gson/gson/2.2.4/gson-2.2.4.jar:/home/user/.m2/repository/com/jcraft/jsch/0.1.54/jsch-0.1.54.jar:/home/user/.m2/repository/org/apache/curator/curator-client/2.12.0/curator-client-2.12.0.jar:/home/user/.m2/repository/org/apache/curator/curator-recipes/2.12.0/curator-recipes-2.12.0.jar:/home/user/.m2/repository/com/google/code/findbugs/jsr305/3.0.0/jsr305-3.0.0.jar:/home/user/.m2/repository/org/apache/htrace/htrace-core4/4.1.0-incubating/htrace-core4-4.1.0-incubating.jar:/home/user/.m2/repository/org/apache/zookeeper/zookeeper/3.4.13/zookeeper-3.4.13.jar:/home/user/.m2/repository/org/apache/yetus/audience-annotations/0.5.0/audience-annotations-0.5.0.jar:/home/user/.m2/repository/org/codehaus/woodstox/stax2-api/3.1.4/stax2-api-3.1.4.jar:/home/user/.m2/repository/com/fasterxml/woodstox/woodstox-core/5.0.3/woodstox-core-5.0.3.jar:/home/user/.m2/repository/dnsjava/dnsjava/2.1.7/dnsjava-2.1.7.jar:/home/user/.m2/repository/org/apache/hadoop/hadoop-hdfs/3.2.0/hadoop-hdfs-3.2.0-tests.jar:/home/user/.m2/repository/org/eclipse/jetty/jetty-util-ajax/9.3.24.v20180605/jetty-util-ajax-9.3.24.v20180605.jar:/home/user/.m2/repository/commons-daemon/commons-daemon/1.0.13/commons-daemon-1.0.13.jar:/home/user/.m2/repository/io/netty/netty/3.10.5.Final/netty-3.10.5.Final.jar:/home/user/.m2/repository/io/netty/netty-all/4.0.52.Final/netty-all-4.0.52.Final.jar:/home/user/.m2/repository/org/fusesource/leveldbjni/leveldbjni-all/1.8/leveldbjni-all-1.8.jar:"/>
    <property name="java.vm.vendor" value="IcedTea"/>
    <property name="sun.arch.data.model" value="64"/>
    <property name="test.build.dir" value="/workdir/hadoop-ozone/integration-test/target/test-dir"/>
    <property name="test.cache.data" value=""/>
    <property name="java.vendor.url" value="https://icedtea.classpath.org"/>
    <property name="user.timezone" value=""/>
    <property name="java.vm.specification.version" value="1.8"/>
    <property name="os.name" value="Linux"/>
    <property name="test.build.data" value="/workdir/hadoop-ozone/integration-test/target/test-dir"/>
    <property name="user.country" value="US"/>
    <property name="sun.java.launcher" value="SUN_STANDARD"/>
    <property name="sun.boot.library.path" value="/usr/lib/jvm/java-1.8-openjdk/jre/lib/amd64"/>
    <property name="sun.java.command" value="/workdir/hadoop-ozone/integration-test/target/surefire/surefirebooter9034112262187803430.jar /workdir/hadoop-ozone/integration-test/target/surefire 2019-08-29T11-11-28_563-jvmRun1 surefire4564300141968267470tmp surefire_302792143151734914266tmp"/>
    <property name="test" value="!TestMiniChaosOzoneCluster"/>
    <property name="surefire.test.class.path" value="/workdir/hadoop-ozone/integration-test/target/test-classes:/workdir/hadoop-ozone/integration-test/target/classes:/home/user/.m2/repository/org/apache/hadoop/hadoop-ozone-common/0.5.0-SNAPSHOT/hadoop-ozone-common-0.5.0-SNAPSHOT.jar:/home/user/.m2/repository/org/apache/commons/commons-compress/1.4.1/commons-compress-1.4.1.jar:/home/user/.m2/repository/org/tukaani/xz/1.0/xz-1.0.jar:/home/user/.m2/repository/org/apache/hadoop/hadoop-common/3.2.0/hadoop-common-3.2.0.jar:/home/user/.m2/repository/org/apache/hadoop/hadoop-hdfs/3.2.0/hadoop-hdfs-3.2.0.jar:/home/user/.m2/repository/org/apache/hadoop/hadoop-hdfs-client/3.2.0/hadoop-hdfs-client-3.2.0.jar:/home/user/.m2/repository/com/fasterxml/jackson/core/jackson-annotations/2.9.5/jackson-annotations-2.9.5.jar:/home/user/.m2/repository/org/apache/hadoop/hadoop-hdds-common/0.5.0-SNAPSHOT/hadoop-hdds-common-0.5.0-SNAPSHOT.jar:/home/user/.m2/repository/javax/annotation/javax.annotation-api/1.2/javax.annotation-api-1.2.jar:/home/user/.m2/repository/org/apache/ratis/ratis-server/0.4.0-2337318-SNAPSHOT/ratis-server-0.4.0-2337318-SNAPSHOT.jar:/home/user/.m2/repository/org/apache/ratis/ratis-thirdparty-misc/0.2.0/ratis-thirdparty-misc-0.2.0.jar:/home/user/.m2/repository/org/apache/ratis/ratis-proto/0.4.0-2337318-SNAPSHOT/ratis-proto-0.4.0-2337318-SNAPSHOT.jar:/home/user/.m2/repository/org/apache/ratis/ratis-common/0.4.0-2337318-SNAPSHOT/ratis-common-0.4.0-2337318-SNAPSHOT.jar:/home/user/.m2/repository/org/apache/ratis/ratis-client/0.4.0-2337318-SNAPSHOT/ratis-client-0.4.0-2337318-SNAPSHOT.jar:/home/user/.m2/repository/org/apache/ratis/ratis-metrics/0.4.0-2337318-SNAPSHOT/ratis-metrics-0.4.0-2337318-SNAPSHOT.jar:/home/user/.m2/repository/org/apache/ratis/ratis-netty/0.4.0-2337318-SNAPSHOT/ratis-netty-0.4.0-2337318-SNAPSHOT.jar:/home/user/.m2/repository/org/apache/ratis/ratis-grpc/0.4.0-2337318-SNAPSHOT/ratis-grpc-0.4.0-2337318-SNAPSHOT.jar:/home/user/.m2/repository/org/rocksdb/rocksdbjni/6.0.1/rocksdbjni-6.0.1.jar:/home/user/.m2/repository/org/apache/logging/log4j/log4j-api/2.11.0/log4j-api-2.11.0.jar:/home/user/.m2/repository/org/apache/logging/log4j/log4j-core/2.11.0/log4j-core-2.11.0.jar:/home/user/.m2/repository/com/lmax/disruptor/3.4.2/disruptor-3.4.2.jar:/home/user/.m2/repository/org/apache/commons/commons-pool2/2.6.0/commons-pool2-2.6.0.jar:/home/user/.m2/repository/org/bouncycastle/bcpkix-jdk15on/1.60/bcpkix-jdk15on-1.60.jar:/home/user/.m2/repository/commons-validator/commons-validator/1.6/commons-validator-1.6.jar:/home/user/.m2/repository/commons-digester/commons-digester/1.8.1/commons-digester-1.8.1.jar:/home/user/.m2/repository/io/jaegertracing/jaeger-client/0.33.1/jaeger-client-0.33.1.jar:/home/user/.m2/repository/io/jaegertracing/jaeger-thrift/0.33.1/jaeger-thrift-0.33.1.jar:/home/user/.m2/repository/org/apache/thrift/libthrift/0.11.0/libthrift-0.11.0.jar:/home/user/.m2/repository/com/squareup/okhttp3/okhttp/3.9.0/okhttp-3.9.0.jar:/home/user/.m2/repository/com/squareup/okio/okio/1.13.0/okio-1.13.0.jar:/home/user/.m2/repository/io/jaegertracing/jaeger-core/0.33.1/jaeger-core-0.33.1.jar:/home/user/.m2/repository/io/jaegertracing/jaeger-tracerresolver/0.33.1/jaeger-tracerresolver-0.33.1.jar:/home/user/.m2/repository/io/opentracing/contrib/opentracing-tracerresolver/0.1.5/opentracing-tracerresolver-0.1.5.jar:/home/user/.m2/repository/io/opentracing/opentracing-util/0.31.0/opentracing-util-0.31.0.jar:/home/user/.m2/repository/io/opentracing/opentracing-api/0.31.0/opentracing-api-0.31.0.jar:/home/user/.m2/repository/io/opentracing/opentracing-noop/0.31.0/opentracing-noop-0.31.0.jar:/home/user/.m2/repository/org/apache/hadoop/hadoop-hdds-server-framework/0.5.0-SNAPSHOT/hadoop-hdds-server-framework-0.5.0-SNAPSHOT.jar:/home/user/.m2/repository/org/apache/hadoop/hadoop-hdds-container-service/0.5.0-SNAPSHOT/hadoop-hdds-container-service-0.5.0-SNAPSHOT.jar:/home/user/.m2/repository/org/apache/hadoop/hadoop-hdds-client/0.5.0-SNAPSHOT/hadoop-hdds-client-0.5.0-SNAPSHOT.jar:/home/user/.m2/repository/org/apache/hadoop/hadoop-hdds-tools/0.5.0-SNAPSHOT/hadoop-hdds-tools-0.5.0-SNAPSHOT.jar:/home/user/.m2/repository/org/apache/hadoop/hadoop-hdds-server-scm/0.5.0-SNAPSHOT/hadoop-hdds-server-scm-0.5.0-SNAPSHOT.jar:/home/user/.m2/repository/org/apache/hadoop/hadoop-hdds-docs/0.5.0-SNAPSHOT/hadoop-hdds-docs-0.5.0-SNAPSHOT.jar:/home/user/.m2/repository/io/dropwizard/metrics/metrics-core/3.2.4/metrics-core-3.2.4.jar:/home/user/.m2/repository/org/hamcrest/hamcrest-all/1.3/hamcrest-all-1.3.jar:/home/user/.m2/repository/org/bouncycastle/bcprov-jdk15on/1.60/bcprov-jdk15on-1.60.jar:/home/user/.m2/repository/info/picocli/picocli/3.9.6/picocli-3.9.6.jar:/home/user/.m2/repository/com/google/protobuf/protobuf-java/2.5.0/protobuf-java-2.5.0.jar:/home/user/.m2/repository/com/google/guava/guava/11.0.2/guava-11.0.2.jar:/home/user/.m2/repository/org/apache/hadoop/hadoop-ozone-ozone-manager/0.5.0-SNAPSHOT/hadoop-ozone-ozone-manager-0.5.0-SNAPSHOT.jar:/home/user/.m2/repository/org/apache/hadoop/hadoop-minikdc/3.2.0/hadoop-minikdc-3.2.0.jar:/home/user/.m2/repository/commons-io/commons-io/2.5/commons-io-2.5.jar:/home/user/.m2/repository/org/apache/kerby/kerb-simplekdc/1.0.1/kerb-simplekdc-1.0.1.jar:/home/user/.m2/repository/org/apache/kerby/kerb-client/1.0.1/kerb-client-1.0.1.jar:/home/user/.m2/repository/org/apache/kerby/kerby-config/1.0.1/kerby-config-1.0.1.jar:/home/user/.m2/repository/org/apache/kerby/kerb-core/1.0.1/kerb-core-1.0.1.jar:/home/user/.m2/repository/org/apache/kerby/kerby-pkix/1.0.1/kerby-pkix-1.0.1.jar:/home/user/.m2/repository/org/apache/kerby/kerby-asn1/1.0.1/kerby-asn1-1.0.1.jar:/home/user/.m2/repository/org/apache/kerby/kerby-util/1.0.1/kerby-util-1.0.1.jar:/home/user/.m2/repository/org/apache/kerby/kerb-common/1.0.1/kerb-common-1.0.1.jar:/home/user/.m2/repository/org/apache/kerby/kerb-crypto/1.0.1/kerb-crypto-1.0.1.jar:/home/user/.m2/repository/org/apache/kerby/kerb-util/1.0.1/kerb-util-1.0.1.jar:/home/user/.m2/repository/org/apache/kerby/token-provider/1.0.1/token-provider-1.0.1.jar:/home/user/.m2/repository/org/apache/kerby/kerb-admin/1.0.1/kerb-admin-1.0.1.jar:/home/user/.m2/repository/org/apache/kerby/kerb-server/1.0.1/kerb-server-1.0.1.jar:/home/user/.m2/repository/org/apache/kerby/kerb-identity/1.0.1/kerb-identity-1.0.1.jar:/home/user/.m2/repository/org/apache/kerby/kerby-xdr/1.0.1/kerby-xdr-1.0.1.jar:/home/user/.m2/repository/org/slf4j/slf4j-log4j12/1.7.25/slf4j-log4j12-1.7.25.jar:/home/user/.m2/repository/org/apache/hadoop/hadoop-ozone-objectstore-service/0.5.0-SNAPSHOT/hadoop-ozone-objectstore-service-0.5.0-SNAPSHOT.jar:/home/user/.m2/repository/org/apache/hadoop/hadoop-ozone-s3gateway/0.5.0-SNAPSHOT/hadoop-ozone-s3gateway-0.5.0-SNAPSHOT.jar:/home/user/.m2/repository/org/jboss/weld/servlet/weld-servlet/2.4.7.Final/weld-servlet-2.4.7.Final.jar:/home/user/.m2/repository/org/glassfish/jersey/containers/jersey-container-servlet-core/2.27/jersey-container-servlet-core-2.27.jar:/home/user/.m2/repository/org/glassfish/hk2/external/javax.inject/2.5.0-b42/javax.inject-2.5.0-b42.jar:/home/user/.m2/repository/org/glassfish/jersey/core/jersey-common/2.27/jersey-common-2.27.jar:/home/user/.m2/repository/org/glassfish/hk2/osgi-resource-locator/1.0.1/osgi-resource-locator-1.0.1.jar:/home/user/.m2/repository/javax/ws/rs/javax.ws.rs-api/2.1/javax.ws.rs-api-2.1.jar:/home/user/.m2/repository/org/glassfish/jersey/ext/cdi/jersey-cdi1x/2.27/jersey-cdi1x-2.27.jar:/home/user/.m2/repository/org/glassfish/jersey/inject/jersey-hk2/2.27/jersey-hk2-2.27.jar:/home/user/.m2/repository/org/glassfish/hk2/hk2-locator/2.5.0-b42/hk2-locator-2.5.0-b42.jar:/home/user/.m2/repository/org/javassist/javassist/3.22.0-CR2/javassist-3.22.0-CR2.jar:/home/user/.m2/repository/org/glassfish/hk2/hk2-api/2.5.0/hk2-api-2.5.0.jar:/home/user/.m2/repository/org/glassfish/hk2/external/jakarta.inject/2.5.0/jakarta.inject-2.5.0.jar:/home/user/.m2/repository/org/glassfish/hk2/hk2-utils/2.5.0/hk2-utils-2.5.0.jar:/home/user/.m2/repository/jakarta/annotation/jakarta.annotation-api/1.3.4/jakarta.annotation-api-1.3.4.jar:/home/user/.m2/repository/org/glassfish/hk2/external/aopalliance-repackaged/2.5.0/aopalliance-repackaged-2.5.0.jar:/home/user/.m2/repository/com/fasterxml/jackson/dataformat/jackson-dataformat-xml/2.9.0/jackson-dataformat-xml-2.9.0.jar:/home/user/.m2/repository/com/fasterxml/jackson/core/jackson-core/2.9.5/jackson-core-2.9.5.jar:/home/user/.m2/repository/com/fasterxml/jackson/module/jackson-module-jaxb-annotations/2.9.5/jackson-module-jaxb-annotations-2.9.5.jar:/home/user/.m2/repository/javax/enterprise/cdi-api/1.2/cdi-api-1.2.jar:/home/user/.m2/repository/javax/el/javax.el-api/3.0.0/javax.el-api-3.0.0.jar:/home/user/.m2/repository/javax/interceptor/javax.interceptor-api/1.2/javax.interceptor-api-1.2.jar:/home/user/.m2/repository/javax/inject/javax.inject/1/javax.inject-1.jar:/home/user/.m2/repository/com/sun/xml/bind/jaxb-impl/2.3.0.1/jaxb-impl-2.3.0.1.jar:/home/user/.m2/repository/com/sun/xml/bind/jaxb-core/2.3.0.1/jaxb-core-2.3.0.1.jar:/home/user/.m2/repository/javax/xml/bind/jaxb-api/2.3.0/jaxb-api-2.3.0.jar:/home/user/.m2/repository/javax/activation/activation/1.1.1/activation-1.1.1.jar:/home/user/.m2/repository/org/apache/hadoop/hadoop-ozone-csi/0.5.0-SNAPSHOT/hadoop-ozone-csi-0.5.0-SNAPSHOT.jar:/home/user/.m2/repository/com/google/protobuf/protobuf-java-util/3.5.1/protobuf-java-util-3.5.1.jar:/home/user/.m2/repository/org/apache/hadoop/hadoop-hdds-config/0.5.0-SNAPSHOT/hadoop-hdds-config-0.5.0-SNAPSHOT.jar:/home/user/.m2/repository/io/grpc/grpc-netty/1.17.1/grpc-netty-1.17.1.jar:/home/user/.m2/repository/io/grpc/grpc-core/1.17.1/grpc-core-1.17.1.jar:/home/user/.m2/repository/io/grpc/grpc-context/1.17.1/grpc-context-1.17.1.jar:/home/user/.m2/repository/com/google/errorprone/error_prone_annotations/2.2.0/error_prone_annotations-2.2.0.jar:/home/user/.m2/repository/org/codehaus/mojo/animal-sniffer-annotations/1.17/animal-sniffer-annotations-1.17.jar:/home/user/.m2/repository/io/opencensus/opencensus-api/0.17.0/opencensus-api-0.17.0.jar:/home/user/.m2/repository/io/opencensus/opencensus-contrib-grpc-metrics/0.17.0/opencensus-contrib-grpc-metrics-0.17.0.jar:/home/user/.m2/repository/io/netty/netty-codec-http2/4.1.30.Final/netty-codec-http2-4.1.30.Final.jar:/home/user/.m2/repository/io/netty/netty-codec-http/4.1.30.Final/netty-codec-http-4.1.30.Final.jar:/home/user/.m2/repository/io/netty/netty-codec/4.1.30.Final/netty-codec-4.1.30.Final.jar:/home/user/.m2/repository/io/netty/netty-handler/4.1.30.Final/netty-handler-4.1.30.Final.jar:/home/user/.m2/repository/io/netty/netty-handler-proxy/4.1.30.Final/netty-handler-proxy-4.1.30.Final.jar:/home/user/.m2/repository/io/netty/netty-codec-socks/4.1.30.Final/netty-codec-socks-4.1.30.Final.jar:/home/user/.m2/repository/io/netty/netty-transport-native-epoll/4.1.30.Final/netty-transport-native-epoll-4.1.30.Final.jar:/home/user/.m2/repository/io/netty/netty-common/4.1.30.Final/netty-common-4.1.30.Final.jar:/home/user/.m2/repository/io/netty/netty-buffer/4.1.30.Final/netty-buffer-4.1.30.Final.jar:/home/user/.m2/repository/io/netty/netty-transport/4.1.30.Final/netty-transport-4.1.30.Final.jar:/home/user/.m2/repository/io/netty/netty-resolver/4.1.30.Final/netty-resolver-4.1.30.Final.jar:/home/user/.m2/repository/io/netty/netty-transport-native-unix-common/4.1.30.Final/netty-transport-native-unix-common-4.1.30.Final.jar:/home/user/.m2/repository/io/grpc/grpc-protobuf/1.17.1/grpc-protobuf-1.17.1.jar:/home/user/.m2/repository/com/google/api/grpc/proto-google-common-protos/1.0.0/proto-google-common-protos-1.0.0.jar:/home/user/.m2/repository/io/grpc/grpc-protobuf-lite/1.17.1/grpc-protobuf-lite-1.17.1.jar:/home/user/.m2/repository/io/grpc/grpc-stub/1.17.1/grpc-stub-1.17.1.jar:/home/user/.m2/repository/org/apache/hadoop/hadoop-ozone-recon/0.5.0-SNAPSHOT/hadoop-ozone-recon-0.5.0-SNAPSHOT.jar:/home/user/.m2/repository/org/apache/hadoop/hadoop-ozone-reconcodegen/0.5.0-SNAPSHOT/hadoop-ozone-reconcodegen-0.5.0-SNAPSHOT.jar:/home/user/.m2/repository/com/google/inject/extensions/guice-multibindings/4.0/guice-multibindings-4.0.jar:/home/user/.m2/repository/com/google/inject/guice/4.0/guice-4.0.jar:/home/user/.m2/repository/aopalliance/aopalliance/1.0/aopalliance-1.0.jar:/home/user/.m2/repository/com/google/inject/extensions/guice-servlet/4.0/guice-servlet-4.0.jar:/home/user/.m2/repository/org/glassfish/jersey/containers/jersey-container-servlet/2.27/jersey-container-servlet-2.27.jar:/home/user/.m2/repository/org/glassfish/hk2/guice-bridge/2.5.0/guice-bridge-2.5.0.jar:/home/user/.m2/repository/org/glassfish/jersey/core/jersey-server/2.27/jersey-server-2.27.jar:/home/user/.m2/repository/org/glassfish/jersey/core/jersey-client/2.27/jersey-client-2.27.jar:/home/user/.m2/repository/org/glassfish/jersey/media/jersey-media-jaxb/2.27/jersey-media-jaxb-2.27.jar:/home/user/.m2/repository/javax/validation/validation-api/1.1.0.Final/validation-api-1.1.0.Final.jar:/home/user/.m2/repository/org/glassfish/jersey/media/jersey-media-json-jackson/2.27/jersey-media-json-jackson-2.27.jar:/home/user/.m2/repository/org/glassfish/jersey/ext/jersey-entity-filtering/2.27/jersey-entity-filtering-2.27.jar:/home/user/.m2/repository/com/google/inject/extensions/guice-assistedinject/4.0/guice-assistedinject-4.0.jar:/home/user/.m2/repository/org/jooq/jooq/3.11.10/jooq-3.11.10.jar:/home/user/.m2/repository/org/jooq/jooq-meta/3.11.10/jooq-meta-3.11.10.jar:/home/user/.m2/repository/org/jooq/jooq-codegen/3.11.10/jooq-codegen-3.11.10.jar:/home/user/.m2/repository/com/jolbox/bonecp/0.8.0.RELEASE/bonecp-0.8.0.RELEASE.jar:/home/user/.m2/repository/org/xerial/sqlite-jdbc/3.25.2/sqlite-jdbc-3.25.2.jar:/home/user/.m2/repository/org/springframework/spring-jdbc/5.1.3.RELEASE/spring-jdbc-5.1.3.RELEASE.jar:/home/user/.m2/repository/org/springframework/spring-beans/5.1.3.RELEASE/spring-beans-5.1.3.RELEASE.jar:/home/user/.m2/repository/org/springframework/spring-core/5.1.3.RELEASE/spring-core-5.1.3.RELEASE.jar:/home/user/.m2/repository/org/springframework/spring-jcl/5.1.3.RELEASE/spring-jcl-5.1.3.RELEASE.jar:/home/user/.m2/repository/org/springframework/spring-tx/5.1.3.RELEASE/spring-tx-5.1.3.RELEASE.jar:/home/user/.m2/repository/org/apache/hadoop/hadoop-ozone-client/0.5.0-SNAPSHOT/hadoop-ozone-client-0.5.0-SNAPSHOT.jar:/home/user/.m2/repository/commons-lang/commons-lang/2.6/commons-lang-2.6.jar:/home/user/.m2/repository/org/apache/hadoop/hadoop-ozone-ozone-manager/0.5.0-SNAPSHOT/hadoop-ozone-ozone-manager-0.5.0-SNAPSHOT-tests.jar:/home/user/.m2/repository/junit/junit/4.11/junit-4.11.jar:/home/user/.m2/repository/org/hamcrest/hamcrest-core/1.3/hamcrest-core-1.3.jar:/home/user/.m2/repository/org/openjdk/jmh/jmh-core/1.19/jmh-core-1.19.jar:/home/user/.m2/repository/net/sf/jopt-simple/jopt-simple/4.6/jopt-simple-4.6.jar:/home/user/.m2/repository/org/apache/commons/commons-math3/3.1.1/commons-math3-3.1.1.jar:/home/user/.m2/repository/org/openjdk/jmh/jmh-generator-annprocess/1.19/jmh-generator-annprocess-1.19.jar:/home/user/.m2/repository/org/mockito/mockito-all/1.8.5/mockito-all-1.8.5.jar:/home/user/.m2/repository/org/apache/hadoop/hadoop-kms/3.2.0/hadoop-kms-3.2.0.jar:/home/user/.m2/repository/org/apache/hadoop/hadoop-auth/3.2.0/hadoop-auth-3.2.0.jar:/home/user/.m2/repository/com/nimbusds/nimbus-jose-jwt/4.41.1/nimbus-jose-jwt-4.41.1.jar:/home/user/.m2/repository/com/github/stephenc/jcip/jcip-annotations/1.0-1/jcip-annotations-1.0-1.jar:/home/user/.m2/repository/net/minidev/json-smart/2.3/json-smart-2.3.jar:/home/user/.m2/repository/net/minidev/accessors-smart/1.2/accessors-smart-1.2.jar:/home/user/.m2/repository/org/ow2/asm/asm/5.0.4/asm-5.0.4.jar:/home/user/.m2/repository/org/apache/curator/curator-framework/2.12.0/curator-framework-2.12.0.jar:/home/user/.m2/repository/com/sun/jersey/jersey-core/1.19/jersey-core-1.19.jar:/home/user/.m2/repository/javax/ws/rs/jsr311-api/1.1.1/jsr311-api-1.1.1.jar:/home/user/.m2/repository/com/sun/jersey/jersey-server/1.19/jersey-server-1.19.jar:/home/user/.m2/repository/javax/servlet/javax.servlet-api/3.1.0/javax.servlet-api-3.1.0.jar:/home/user/.m2/repository/org/eclipse/jetty/jetty-server/9.3.24.v20180605/jetty-server-9.3.24.v20180605.jar:/home/user/.m2/repository/org/eclipse/jetty/jetty-http/9.3.24.v20180605/jetty-http-9.3.24.v20180605.jar:/home/user/.m2/repository/org/eclipse/jetty/jetty-io/9.3.24.v20180605/jetty-io-9.3.24.v20180605.jar:/home/user/.m2/repository/org/eclipse/jetty/jetty-webapp/9.3.24.v20180605/jetty-webapp-9.3.24.v20180605.jar:/home/user/.m2/repository/org/eclipse/jetty/jetty-xml/9.3.24.v20180605/jetty-xml-9.3.24.v20180605.jar:/home/user/.m2/repository/log4j/log4j/1.2.17/log4j-1.2.17.jar:/home/user/.m2/repository/org/slf4j/slf4j-api/1.7.25/slf4j-api-1.7.25.jar:/home/user/.m2/repository/org/slf4j/jul-to-slf4j/1.7.25/jul-to-slf4j-1.7.25.jar:/home/user/.m2/repository/org/eclipse/jetty/jetty-util/9.3.24.v20180605/jetty-util-9.3.24.v20180605.jar:/home/user/.m2/repository/com/fasterxml/jackson/core/jackson-databind/2.9.5/jackson-databind-2.9.5.jar:/home/user/.m2/repository/org/apache/hadoop/hadoop-kms/3.2.0/hadoop-kms-3.2.0-tests.jar:/home/user/.m2/repository/org/apache/hadoop/hadoop-hdds-server-scm/0.5.0-SNAPSHOT/hadoop-hdds-server-scm-0.5.0-SNAPSHOT-tests.jar:/home/user/.m2/repository/org/apache/hadoop/hadoop-hdds-container-service/0.5.0-SNAPSHOT/hadoop-hdds-container-service-0.5.0-SNAPSHOT-tests.jar:/home/user/.m2/repository/org/yaml/snakeyaml/1.16/snakeyaml-1.16.jar:/home/user/.m2/repository/org/apache/hadoop/hadoop-common/3.2.0/hadoop-common-3.2.0-tests.jar:/home/user/.m2/repository/org/apache/hadoop/hadoop-annotations/3.2.0/hadoop-annotations-3.2.0.jar:/usr/lib/jvm/java-1.8-openjdk/jre/../lib/tools.jar:/home/user/.m2/repository/commons-cli/commons-cli/1.2/commons-cli-1.2.jar:/home/user/.m2/repository/org/apache/httpcomponents/httpclient/4.5.2/httpclient-4.5.2.jar:/home/user/.m2/repository/org/apache/httpcomponents/httpcore/4.4.4/httpcore-4.4.4.jar:/home/user/.m2/repository/commons-codec/commons-codec/1.11/commons-codec-1.11.jar:/home/user/.m2/repository/commons-net/commons-net/3.6/commons-net-3.6.jar:/home/user/.m2/repository/commons-collections/commons-collections/3.2.2/commons-collections-3.2.2.jar:/home/user/.m2/repository/org/eclipse/jetty/jetty-servlet/9.3.24.v20180605/jetty-servlet-9.3.24.v20180605.jar:/home/user/.m2/repository/org/eclipse/jetty/jetty-security/9.3.24.v20180605/jetty-security-9.3.24.v20180605.jar:/home/user/.m2/repository/javax/servlet/jsp/jsp-api/2.1/jsp-api-2.1.jar:/home/user/.m2/repository/com/sun/jersey/jersey-servlet/1.19/jersey-servlet-1.19.jar:/home/user/.m2/repository/com/sun/jersey/jersey-json/1.19/jersey-json-1.19.jar:/home/user/.m2/repository/org/codehaus/jettison/jettison/1.1/jettison-1.1.jar:/home/user/.m2/repository/org/codehaus/jackson/jackson-core-asl/1.9.13/jackson-core-asl-1.9.13.jar:/home/user/.m2/repository/org/codehaus/jackson/jackson-mapper-asl/1.9.13/jackson-mapper-asl-1.9.13.jar:/home/user/.m2/repository/org/codehaus/jackson/jackson-jaxrs/1.9.13/jackson-jaxrs-1.9.13.jar:/home/user/.m2/repository/org/codehaus/jackson/jackson-xc/1.9.13/jackson-xc-1.9.13.jar:/home/user/.m2/repository/commons-logging/commons-logging/1.1.3/commons-logging-1.1.3.jar:/home/user/.m2/repository/commons-beanutils/commons-beanutils/1.9.3/commons-beanutils-1.9.3.jar:/home/user/.m2/repository/org/apache/commons/commons-configuration2/2.1.1/commons-configuration2-2.1.1.jar:/home/user/.m2/repository/org/apache/commons/commons-lang3/3.7/commons-lang3-3.7.jar:/home/user/.m2/repository/org/apache/commons/commons-text/1.4/commons-text-1.4.jar:/home/user/.m2/repository/org/apache/avro/avro/1.7.7/avro-1.7.7.jar:/home/user/.m2/repository/com/thoughtworks/paranamer/paranamer/2.3/paranamer-2.3.jar:/home/user/.m2/repository/org/xerial/snappy/snappy-java/1.0.5/snappy-java-1.0.5.jar:/home/user/.m2/repository/com/google/re2j/re2j/1.1/re2j-1.1.jar:/home/user/.m2/repository/com/google/code/gson/gson/2.2.4/gson-2.2.4.jar:/home/user/.m2/repository/com/jcraft/jsch/0.1.54/jsch-0.1.54.jar:/home/user/.m2/repository/org/apache/curator/curator-client/2.12.0/curator-client-2.12.0.jar:/home/user/.m2/repository/org/apache/curator/curator-recipes/2.12.0/curator-recipes-2.12.0.jar:/home/user/.m2/repository/com/google/code/findbugs/jsr305/3.0.0/jsr305-3.0.0.jar:/home/user/.m2/repository/org/apache/htrace/htrace-core4/4.1.0-incubating/htrace-core4-4.1.0-incubating.jar:/home/user/.m2/repository/org/apache/zookeeper/zookeeper/3.4.13/zookeeper-3.4.13.jar:/home/user/.m2/repository/org/apache/yetus/audience-annotations/0.5.0/audience-annotations-0.5.0.jar:/home/user/.m2/repository/org/codehaus/woodstox/stax2-api/3.1.4/stax2-api-3.1.4.jar:/home/user/.m2/repository/com/fasterxml/woodstox/woodstox-core/5.0.3/woodstox-core-5.0.3.jar:/home/user/.m2/repository/dnsjava/dnsjava/2.1.7/dnsjava-2.1.7.jar:/home/user/.m2/repository/org/apache/hadoop/hadoop-hdfs/3.2.0/hadoop-hdfs-3.2.0-tests.jar:/home/user/.m2/repository/org/eclipse/jetty/jetty-util-ajax/9.3.24.v20180605/jetty-util-ajax-9.3.24.v20180605.jar:/home/user/.m2/repository/commons-daemon/commons-daemon/1.0.13/commons-daemon-1.0.13.jar:/home/user/.m2/repository/io/netty/netty/3.10.5.Final/netty-3.10.5.Final.jar:/home/user/.m2/repository/io/netty/netty-all/4.0.52.Final/netty-all-4.0.52.Final.jar:/home/user/.m2/repository/org/fusesource/leveldbjni/leveldbjni-all/1.8/leveldbjni-all-1.8.jar:"/>
    <property name="sun.cpu.endian" value="little"/>
    <property name="user.home" value="/home/user"/>
    <property name="user.language" value="en"/>
    <property name="java.specification.vendor" value="Oracle Corporation"/>
    <property name="java.home" value="/usr/lib/jvm/java-1.8-openjdk/jre"/>
    <property name="java.security.krb5.conf" value="/workdir/hadoop-ozone/integration-test/target/test-classes/krb5.conf"/>
    <property name="basedir" value="/workdir/hadoop-ozone/integration-test"/>
    <property name="file.separator" value="/"/>
    <property name="line.separator" value="&#10;"/>
    <property name="java.vm.specification.vendor" value="Oracle Corporation"/>
    <property name="java.specification.name" value="Java Platform API Specification"/>
    <property name="java.awt.graphicsenv" value="sun.awt.X11GraphicsEnvironment"/>
    <property name="surefire.real.class.path" value="/workdir/hadoop-ozone/integration-test/target/surefire/surefirebooter9034112262187803430.jar"/>
    <property name="hadoop.log.dir" value="/workdir/hadoop-ozone/integration-test/target/log"/>
    <property name="sun.boot.class.path" value="/usr/lib/jvm/java-1.8-openjdk/jre/lib/resources.jar:/usr/lib/jvm/java-1.8-openjdk/jre/lib/rt.jar:/usr/lib/jvm/java-1.8-openjdk/jre/lib/sunrsasign.jar:/usr/lib/jvm/java-1.8-openjdk/jre/lib/jsse.jar:/usr/lib/jvm/java-1.8-openjdk/jre/lib/jce.jar:/usr/lib/jvm/java-1.8-openjdk/jre/lib/charsets.jar:/usr/lib/jvm/java-1.8-openjdk/jre/lib/jfr.jar:/usr/lib/jvm/java-1.8-openjdk/jre/classes"/>
    <property name="sun.management.compiler" value="HotSpot 64-Bit Tiered Compilers"/>
    <property name="java.runtime.version" value="1.8.0_212-b04"/>
    <property name="java.net.preferIPv4Stack" value="true"/>
    <property name="user.name" value="jenkins1000"/>
    <property name="path.separator" value=":"/>
    <property name="java.security.egd" value="file:///dev/urandom"/>
    <property name="os.version" value="3.10.0-957.12.2.el7.x86_64"/>
    <property name="java.endorsed.dirs" value="/usr/lib/jvm/java-1.8-openjdk/jre/lib/endorsed"/>
    <property name="java.runtime.name" value="OpenJDK Runtime Environment"/>
    <property name="file.encoding" value="UTF-8"/>
    <property name="java.vm.name" value="OpenJDK 64-Bit Server VM"/>
    <property name="test.build.webapps" value=""/>
    <property name="localRepository" value="/home/user/.m2/repository"/>
    <property name="java.vendor.url.bug" value="https://icedtea.classpath.org/bugzilla"/>
    <property name="java.io.tmpdir" value="/tmp"/>
    <property name="require.test.libhadoop" value=""/>
    <property name="java.version" value="1.8.0_212"/>
    <property name="user.dir" value="/workdir/hadoop-ozone/integration-test"/>
    <property name="os.arch" value="amd64"/>
    <property name="java.vm.specification.name" value="Java Virtual Machine Specification"/>
    <property name="test.build.classes" value="/workdir/hadoop-ozone/integration-test/target/test-classes"/>
    <property name="java.awt.printerjob" value="sun.print.PSPrinterJob"/>
    <property name="sun.os.patch.level" value="unknown"/>
    <property name="hadoop.tmp.dir" value="/workdir/hadoop-ozone/integration-test/target/tmp"/>
    <property name="java.library.path" value="/usr/lib/jvm/java-1.8-openjdk/jre/lib/amd64/server:/usr/lib/jvm/java-1.8-openjdk/jre/lib/amd64:/usr/lib/jvm/java-1.8-openjdk/jre/../lib/amd64:/workdir/hadoop-ozone/integration-test/target/native/target/usr/local/lib:/workdir/hadoop-ozone/integration-test/../../hadoop-common-project/hadoop-common/target/native/target/usr/local/lib:/usr/java/packages/lib/amd64:/usr/lib64:/lib64:/lib:/usr/lib"/>
    <property name="java.vm.info" value="mixed mode"/>
    <property name="java.vendor" value="IcedTea"/>
    <property name="java.vm.version" value="25.212-b04"/>
    <property name="java.ext.dirs" value="/usr/lib/jvm/java-1.8-openjdk/jre/lib/ext:/usr/java/packages/lib/ext"/>
    <property name="sun.io.unicode.encoding" value="UnicodeLittle"/>
    <property name="java.class.version" value="52.0"/>
  </properties>
  <testcase name="testMultiBlockWritesWithIntermittentDnFailures" classname="org.apache.hadoop.ozone.client.rpc.TestMultiBlockWritesWithDnFailures" time="94.792">
    <error message="Allocated 0 blocks. Requested 1 blocks" type="INTERNAL_ERROR org.apache.hadoop.ozone.om.exceptions.OMException">INTERNAL_ERROR org.apache.hadoop.ozone.om.exceptions.OMException: Allocated 0 blocks. Requested 1 blocks
	at org.apache.hadoop.ozone.om.protocolPB.OzoneManagerProtocolClientSideTranslatorPB.handleError(OzoneManagerProtocolClientSideTranslatorPB.java:725)
	at org.apache.hadoop.ozone.om.protocolPB.OzoneManagerProtocolClientSideTranslatorPB.allocateBlock(OzoneManagerProtocolClientSideTranslatorPB.java:757)
	at org.apache.hadoop.ozone.client.io.BlockOutputStreamEntryPool.allocateNewBlock(BlockOutputStreamEntryPool.java:248)
	at org.apache.hadoop.ozone.client.io.BlockOutputStreamEntryPool.allocateBlockIfNeeded(BlockOutputStreamEntryPool.java:296)
	at org.apache.hadoop.ozone.client.io.KeyOutputStream.handleWrite(KeyOutputStream.java:201)
	at org.apache.hadoop.ozone.client.io.KeyOutputStream.handleRetry(KeyOutputStream.java:376)
	at org.apache.hadoop.ozone.client.io.KeyOutputStream.handleException(KeyOutputStream.java:325)
	at org.apache.hadoop.ozone.client.io.KeyOutputStream.handleWrite(KeyOutputStream.java:231)
	at org.apache.hadoop.ozone.client.io.KeyOutputStream.handleRetry(KeyOutputStream.java:376)
	at org.apache.hadoop.ozone.client.io.KeyOutputStream.handleException(KeyOutputStream.java:325)
	at org.apache.hadoop.ozone.client.io.KeyOutputStream.handleWrite(KeyOutputStream.java:231)
	at org.apache.hadoop.ozone.client.io.KeyOutputStream.handleRetry(KeyOutputStream.java:376)
	at org.apache.hadoop.ozone.client.io.KeyOutputStream.handleException(KeyOutputStream.java:325)
	at org.apache.hadoop.ozone.client.io.KeyOutputStream.handleWrite(KeyOutputStream.java:231)
	at org.apache.hadoop.ozone.client.io.KeyOutputStream.write(KeyOutputStream.java:193)
	at org.apache.hadoop.ozone.client.io.OzoneOutputStream.write(OzoneOutputStream.java:49)
	at java.io.OutputStream.write(OutputStream.java:75)
	at org.apache.hadoop.ozone.client.rpc.TestMultiBlockWritesWithDnFailures.testMultiBlockWritesWithIntermittentDnFailures(TestMultiBlockWritesWithDnFailures.java:166)
	at sun.reflect.NativeMethodAccessorImpl.invoke0(Native Method)
	at sun.reflect.NativeMethodAccessorImpl.invoke(NativeMethodAccessorImpl.java:62)
	at sun.reflect.DelegatingMethodAccessorImpl.invoke(DelegatingMethodAccessorImpl.java:43)
	at java.lang.reflect.Method.invoke(Method.java:498)
	at org.junit.runners.model.FrameworkMethod$1.runReflectiveCall(FrameworkMethod.java:47)
	at org.junit.internal.runners.model.ReflectiveCallable.run(ReflectiveCallable.java:12)
	at org.junit.runners.model.FrameworkMethod.invokeExplosively(FrameworkMethod.java:44)
	at org.junit.internal.runners.statements.InvokeMethod.evaluate(InvokeMethod.java:17)
	at org.junit.internal.runners.statements.RunAfters.evaluate(RunAfters.java:27)
	at org.junit.runners.ParentRunner.runLeaf(ParentRunner.java:271)
	at org.junit.runners.BlockJUnit4ClassRunner.runChild(BlockJUnit4ClassRunner.java:70)
	at org.junit.runners.BlockJUnit4ClassRunner.runChild(BlockJUnit4ClassRunner.java:50)
	at org.junit.runners.ParentRunner$3.run(ParentRunner.java:238)
	at org.junit.runners.ParentRunner$1.schedule(ParentRunner.java:63)
	at org.junit.runners.ParentRunner.runChildren(ParentRunner.java:236)
	at org.junit.runners.ParentRunner.access$000(ParentRunner.java:53)
	at org.junit.runners.ParentRunner$2.evaluate(ParentRunner.java:229)
	at org.junit.runners.ParentRunner.run(ParentRunner.java:309)
	at org.apache.maven.surefire.junit4.JUnit4Provider.execute(JUnit4Provider.java:365)
	at org.apache.maven.surefire.junit4.JUnit4Provider.executeWithRerun(JUnit4Provider.java:273)
	at org.apache.maven.surefire.junit4.JUnit4Provider.executeTestSet(JUnit4Provider.java:238)
	at org.apache.maven.surefire.junit4.JUnit4Provider.invoke(JUnit4Provider.java:159)
	at org.apache.maven.surefire.booter.ForkedBooter.invokeProviderInSameClassLoader(ForkedBooter.java:384)
	at org.apache.maven.surefire.booter.ForkedBooter.runSuitesInProcess(ForkedBooter.java:345)
	at org.apache.maven.surefire.booter.ForkedBooter.execute(ForkedBooter.java:126)
	at org.apache.maven.surefire.booter.ForkedBooter.main(ForkedBooter.java:418)
</error>
    <system-out><![CDATA[2019-08-29 11:54:14,900 [main] WARN  server.ServerUtils (ServerUtils.java:getScmDbDir(145)) - ozone.scm.db.dirs is not configured. We recommend adding this setting. Falling back to ozone.metadata.dirs instead.
2019-08-29 11:54:16,682 [main] WARN  server.ServerUtils (ServerUtils.java:getScmDbDir(145)) - ozone.scm.db.dirs is not configured. We recommend adding this setting. Falling back to ozone.metadata.dirs instead.
2019-08-29 11:54:16,686 [main] WARN  server.ServerUtils (ServerUtils.java:getScmDbDir(145)) - ozone.scm.db.dirs is not configured. We recommend adding this setting. Falling back to ozone.metadata.dirs instead.
2019-08-29 11:54:16,711 [main] INFO  util.log (Log.java:initialized(192)) - Logging initialized @2873ms
2019-08-29 11:54:16,835 [main] INFO  db.DBStoreBuilder (DBStoreBuilder.java:addTable(110)) - using custom profile for table: deletedBlocks
2019-08-29 11:54:16,836 [main] INFO  db.DBStoreBuilder (DBStoreBuilder.java:processTables(161)) - Using default column profile:DBProfile.DISK for Table:deletedBlocks
2019-08-29 11:54:16,836 [main] INFO  db.DBStoreBuilder (DBStoreBuilder.java:addTable(110)) - using custom profile for table: validCerts
2019-08-29 11:54:16,837 [main] INFO  db.DBStoreBuilder (DBStoreBuilder.java:processTables(161)) - Using default column profile:DBProfile.DISK for Table:validCerts
2019-08-29 11:54:16,837 [main] INFO  db.DBStoreBuilder (DBStoreBuilder.java:addTable(110)) - using custom profile for table: revokedCerts
2019-08-29 11:54:16,837 [main] INFO  db.DBStoreBuilder (DBStoreBuilder.java:processTables(161)) - Using default column profile:DBProfile.DISK for Table:revokedCerts
2019-08-29 11:54:16,850 [main] INFO  db.DBStoreBuilder (DBStoreBuilder.java:addTable(110)) - using custom profile for table: default
2019-08-29 11:54:16,850 [main] INFO  db.DBStoreBuilder (DBStoreBuilder.java:processTables(167)) - Using default column profile:DBProfile.DISK for Table:default
2019-08-29 11:54:16,851 [main] INFO  db.DBStoreBuilder (DBStoreBuilder.java:getDbProfile(198)) - Using default options. DBProfile.DISK
2019-08-29 11:54:18,991 [main] INFO  net.NodeSchemaLoader (NodeSchemaLoader.java:loadSchemaFromFile(125)) - Loading file from sun.misc.CompoundEnumeration@56620197
2019-08-29 11:54:18,994 [main] INFO  net.NodeSchemaLoader (NodeSchemaLoader.java:loadSchema(171)) - Loading network topology layer schema file
2019-08-29 11:54:19,078 [main] INFO  node.SCMNodeManager (SCMNodeManager.java:<init>(121)) - Entering startup safe mode.
2019-08-29 11:54:19,156 [main] INFO  algorithms.ContainerPlacementPolicyFactory (ContainerPlacementPolicyFactory.java:getPolicy(55)) - Create container placement policy of type org.apache.hadoop.hdds.scm.container.placement.algorithms.SCMContainerPlacementRandom
2019-08-29 11:54:19,172 [main] WARN  server.ServerUtils (ServerUtils.java:getScmDbDir(145)) - ozone.scm.db.dirs is not configured. We recommend adding this setting. Falling back to ozone.metadata.dirs instead.
2019-08-29 11:54:19,215 [main] INFO  pipeline.SCMPipelineManager (SCMPipelineManager.java:initializePipelineState(126)) - No pipeline exists in current db
2019-08-29 11:54:19,218 [main] WARN  server.ServerUtils (ServerUtils.java:getScmDbDir(145)) - ozone.scm.db.dirs is not configured. We recommend adding this setting. Falling back to ozone.metadata.dirs instead.
2019-08-29 11:54:19,326 [main] WARN  events.EventQueue (EventQueue.java:fireEvent(175)) - No event handler registered for event TypedEvent{payloadType=SafeModeStatus, name='SafeModeStatus'}
2019-08-29 11:54:19,881 [main] INFO  ipc.CallQueueManager (CallQueueManager.java:<init>(84)) - Using callQueue: class java.util.concurrent.LinkedBlockingQueue, queueCapacity: 2000, scheduler: class org.apache.hadoop.ipc.DefaultRpcScheduler, ipcBackoff: false.
2019-08-29 11:54:20,376 [Socket Reader #1 for port 35431] INFO  ipc.Server (Server.java:run(1074)) - Starting Socket Reader #1 for port 35431
2019-08-29 11:54:20,412 [main] INFO  ipc.CallQueueManager (CallQueueManager.java:<init>(84)) - Using callQueue: class java.util.concurrent.LinkedBlockingQueue, queueCapacity: 2000, scheduler: class org.apache.hadoop.ipc.DefaultRpcScheduler, ipcBackoff: false.
2019-08-29 11:54:20,413 [Socket Reader #1 for port 42514] INFO  ipc.Server (Server.java:run(1074)) - Starting Socket Reader #1 for port 42514
2019-08-29 11:54:20,425 [main] INFO  ipc.CallQueueManager (CallQueueManager.java:<init>(84)) - Using callQueue: class java.util.concurrent.LinkedBlockingQueue, queueCapacity: 2000, scheduler: class org.apache.hadoop.ipc.DefaultRpcScheduler, ipcBackoff: false.
2019-08-29 11:54:20,427 [Socket Reader #1 for port 35677] INFO  ipc.Server (Server.java:run(1074)) - Starting Socket Reader #1 for port 35677
2019-08-29 11:54:20,459 [main] INFO  hdfs.DFSUtil (DFSUtil.java:httpServerTemplateForNNAndJN(1641)) - Starting Web-server for scm at: http://0.0.0.0:0
2019-08-29 11:54:20,665 [main] INFO  server.AuthenticationFilter (AuthenticationFilter.java:constructSecretProvider(240)) - Unable to initialize FileSignerSecretProvider, falling back to use random secrets.
2019-08-29 11:54:20,676 [main] WARN  http.HttpRequestLog (HttpRequestLog.java:getRequestLog(97)) - Jetty request log can only be enabled using Log4j
2019-08-29 11:54:20,688 [main] INFO  http.HttpServer2 (HttpServer2.java:addGlobalFilter(975)) - Added global filter 'safety' (class=org.apache.hadoop.http.HttpServer2$QuotingInputFilter)
2019-08-29 11:54:20,691 [main] INFO  http.HttpServer2 (HttpServer2.java:addFilter(948)) - Added filter static_user_filter (class=org.apache.hadoop.http.lib.StaticUserWebFilter$StaticUserFilter) to context scm
2019-08-29 11:54:20,691 [main] INFO  http.HttpServer2 (HttpServer2.java:addFilter(958)) - Added filter static_user_filter (class=org.apache.hadoop.http.lib.StaticUserWebFilter$StaticUserFilter) to context static
2019-08-29 11:54:20,692 [main] INFO  http.HttpServer2 (HttpServer2.java:addFilter(958)) - Added filter static_user_filter (class=org.apache.hadoop.http.lib.StaticUserWebFilter$StaticUserFilter) to context logs
2019-08-29 11:54:20,727 [main] INFO  server.StorageContainerManager (StorageContainerManager.java:start(759)) - StorageContainerLocationProtocol RPC server is listening at /0.0.0.0:35677
2019-08-29 11:54:20,810 [main] WARN  impl.MetricsConfig (MetricsConfig.java:loadFirst(134)) - Cannot locate configuration: tried hadoop-metrics2-storagecontainermanager.properties,hadoop-metrics2.properties
2019-08-29 11:54:20,840 [main] INFO  impl.MetricsSystemImpl (MetricsSystemImpl.java:startTimer(374)) - Scheduled Metric snapshot period at 10 second(s).
2019-08-29 11:54:20,841 [main] INFO  impl.MetricsSystemImpl (MetricsSystemImpl.java:start(191)) - StorageContainerManager metrics system started
2019-08-29 11:54:21,095 [main] INFO  server.SCMClientProtocolServer (SCMClientProtocolServer.java:start(151)) - RPC server for Client  is listening at /0.0.0.0:35677
2019-08-29 11:54:21,096 [IPC Server Responder] INFO  ipc.Server (Server.java:run(1314)) - IPC Server Responder: starting
2019-08-29 11:54:21,096 [IPC Server listener on 35677] INFO  ipc.Server (Server.java:run(1153)) - IPC Server listener on 35677: starting
2019-08-29 11:54:21,258 [main] INFO  server.StorageContainerManager (StorageContainerManager.java:start(769)) - ScmBlockLocationProtocol RPC server is listening at /0.0.0.0:42514
2019-08-29 11:54:21,259 [main] INFO  server.SCMBlockProtocolServer (SCMBlockProtocolServer.java:start(140)) - RPC server for Block Protocol is listening at /0.0.0.0:42514
2019-08-29 11:54:21,259 [IPC Server Responder] INFO  ipc.Server (Server.java:run(1314)) - IPC Server Responder: starting
2019-08-29 11:54:21,259 [IPC Server listener on 42514] INFO  ipc.Server (Server.java:run(1153)) - IPC Server listener on 42514: starting
2019-08-29 11:54:22,017 [main] INFO  server.StorageContainerManager (StorageContainerManager.java:start(773)) - ScmDatanodeProtocl RPC server is listening at /0.0.0.0:35431
2019-08-29 11:54:22,017 [main] INFO  server.SCMDatanodeProtocolServer (SCMDatanodeProtocolServer.java:start(191)) - RPC server for DataNodes is listening at /0.0.0.0:35431
2019-08-29 11:54:22,018 [IPC Server Responder] INFO  ipc.Server (Server.java:run(1314)) - IPC Server Responder: starting
2019-08-29 11:54:22,018 [IPC Server listener on 35431] INFO  ipc.Server (Server.java:run(1153)) - IPC Server listener on 35431: starting
2019-08-29 11:54:22,100 [main] INFO  http.HttpServer2 (HttpServer2.java:bindListener(1191)) - Jetty bound to port 44952
2019-08-29 11:54:22,102 [main] INFO  server.Server (Server.java:doStart(351)) - jetty-9.3.24.v20180605, build timestamp: 2018-06-05T17:11:56Z, git hash: 84205aa28f11a4f31f2a3b86d1bba2cc8ab69827
2019-08-29 11:54:22,147 [main] INFO  handler.ContextHandler (ContextHandler.java:doStart(781)) - Started o.e.j.s.ServletContextHandler@424fd310{/logs,file:///workdir/hadoop-ozone/integration-test/target/log,AVAILABLE}
2019-08-29 11:54:22,148 [main] INFO  handler.ContextHandler (ContextHandler.java:doStart(781)) - Started o.e.j.s.ServletContextHandler@38f116f6{/static,file:///workdir/hadoop-ozone/integration-test/target/test-classes/webapps/static,AVAILABLE}
2019-08-29 11:54:22,180 [main] INFO  handler.ContextHandler (ContextHandler.java:doStart(781)) - Started o.e.j.w.WebAppContext@30b34287{/,file:///workdir/hadoop-ozone/integration-test/target/test-classes/webapps/scm/,AVAILABLE}{/scm}
2019-08-29 11:54:22,185 [main] INFO  server.AbstractConnector (AbstractConnector.java:doStart(278)) - Started ServerConnector@672f11c2{HTTP/1.1,[http/1.1]}{0.0.0.0:44952}
2019-08-29 11:54:22,185 [main] INFO  server.Server (Server.java:doStart(419)) - Started @8348ms
2019-08-29 11:54:22,189 [main] INFO  server.BaseHttpServer (BaseHttpServer.java:updateConnectorAddress(213)) - HTTP server of SCM is listening at http://0.0.0.0:44952
2019-08-29 11:54:22,198 [org.apache.hadoop.util.JvmPauseMonitor$Monitor@173b9122] INFO  util.JvmPauseMonitor (JvmPauseMonitor.java:run(188)) - Starting JVM pause monitor
2019-08-29 11:54:22,204 [main] WARN  server.ServerUtils (ServerUtils.java:getDBPath(222)) - ozone.om.db.dirs is not configured. We recommend adding this setting. Falling back to ozone.metadata.dirs instead.
2019-08-29 11:54:25,922 [main] WARN  server.ServerUtils (ServerUtils.java:getDBPath(222)) - ozone.om.db.dirs is not configured. We recommend adding this setting. Falling back to ozone.metadata.dirs instead.
2019-08-29 11:54:25,923 [main] WARN  server.ServerUtils (ServerUtils.java:getDBPath(222)) - ozone.om.db.dirs is not configured. We recommend adding this setting. Falling back to ozone.metadata.dirs instead.
2019-08-29 11:54:25,924 [main] INFO  om.OzoneManager (OzoneManager.java:setOMNodeDetails(648)) - OM Service ID is not set. Setting it to the default ID: omServiceIdDefault
2019-08-29 11:54:25,924 [main] INFO  om.OzoneManager (OzoneManager.java:setOMNodeDetails(654)) - OM Node ID is not set. Setting it to the OmStorage's OmID: 9c39367d-6793-4941-8eb6-688d87471bfe
2019-08-29 11:54:25,925 [main] INFO  om.OzoneManager (OzoneManager.java:loadOMHAConfigs(605)) - Found matching OM address with OMServiceId: null, OMNodeId: null, RPC Address: localhost:0 and Ratis port: 9872
2019-08-29 11:54:26,218 | INFO  | SCMAudit | user=jenkins1000 | ip=192.168.5.166 | op=GET_SCM_INFO null | ret=SUCCESS |  
2019-08-29 11:54:26,742 [main] WARN  server.ServerUtils (ServerUtils.java:getDBPath(222)) - ozone.om.db.dirs is not configured. We recommend adding this setting. Falling back to ozone.metadata.dirs instead.
2019-08-29 11:54:26,750 [main] INFO  db.DBStoreBuilder (DBStoreBuilder.java:addTable(110)) - using custom profile for table: userTable
2019-08-29 11:54:26,751 [main] INFO  db.DBStoreBuilder (DBStoreBuilder.java:processTables(161)) - Using default column profile:DBProfile.DISK for Table:userTable
2019-08-29 11:54:26,751 [main] INFO  db.DBStoreBuilder (DBStoreBuilder.java:addTable(110)) - using custom profile for table: volumeTable
2019-08-29 11:54:26,751 [main] INFO  db.DBStoreBuilder (DBStoreBuilder.java:processTables(161)) - Using default column profile:DBProfile.DISK for Table:volumeTable
2019-08-29 11:54:26,752 [main] INFO  db.DBStoreBuilder (DBStoreBuilder.java:addTable(110)) - using custom profile for table: bucketTable
2019-08-29 11:54:26,752 [main] INFO  db.DBStoreBuilder (DBStoreBuilder.java:processTables(161)) - Using default column profile:DBProfile.DISK for Table:bucketTable
2019-08-29 11:54:26,752 [main] INFO  db.DBStoreBuilder (DBStoreBuilder.java:addTable(110)) - using custom profile for table: keyTable
2019-08-29 11:54:26,752 [main] INFO  db.DBStoreBuilder (DBStoreBuilder.java:processTables(161)) - Using default column profile:DBProfile.DISK for Table:keyTable
2019-08-29 11:54:26,753 [main] INFO  db.DBStoreBuilder (DBStoreBuilder.java:addTable(110)) - using custom profile for table: deletedTable
2019-08-29 11:54:26,753 [main] INFO  db.DBStoreBuilder (DBStoreBuilder.java:processTables(161)) - Using default column profile:DBProfile.DISK for Table:deletedTable
2019-08-29 11:54:26,753 [main] INFO  db.DBStoreBuilder (DBStoreBuilder.java:addTable(110)) - using custom profile for table: openKeyTable
2019-08-29 11:54:26,753 [main] INFO  db.DBStoreBuilder (DBStoreBuilder.java:processTables(161)) - Using default column profile:DBProfile.DISK for Table:openKeyTable
2019-08-29 11:54:26,754 [main] INFO  db.DBStoreBuilder (DBStoreBuilder.java:addTable(110)) - using custom profile for table: s3Table
2019-08-29 11:54:26,754 [main] INFO  db.DBStoreBuilder (DBStoreBuilder.java:processTables(161)) - Using default column profile:DBProfile.DISK for Table:s3Table
2019-08-29 11:54:26,754 [main] INFO  db.DBStoreBuilder (DBStoreBuilder.java:addTable(110)) - using custom profile for table: multipartInfoTable
2019-08-29 11:54:26,754 [main] INFO  db.DBStoreBuilder (DBStoreBuilder.java:processTables(161)) - Using default column profile:DBProfile.DISK for Table:multipartInfoTable
2019-08-29 11:54:26,755 [main] INFO  db.DBStoreBuilder (DBStoreBuilder.java:addTable(110)) - using custom profile for table: dTokenTable
2019-08-29 11:54:26,755 [main] INFO  db.DBStoreBuilder (DBStoreBuilder.java:processTables(161)) - Using default column profile:DBProfile.DISK for Table:dTokenTable
2019-08-29 11:54:26,755 [main] INFO  db.DBStoreBuilder (DBStoreBuilder.java:addTable(110)) - using custom profile for table: s3SecretTable
2019-08-29 11:54:26,755 [main] INFO  db.DBStoreBuilder (DBStoreBuilder.java:processTables(161)) - Using default column profile:DBProfile.DISK for Table:s3SecretTable
2019-08-29 11:54:26,756 [main] INFO  db.DBStoreBuilder (DBStoreBuilder.java:addTable(110)) - using custom profile for table: prefixTable
2019-08-29 11:54:26,756 [main] INFO  db.DBStoreBuilder (DBStoreBuilder.java:processTables(161)) - Using default column profile:DBProfile.DISK for Table:prefixTable
2019-08-29 11:54:26,756 [main] INFO  db.DBStoreBuilder (DBStoreBuilder.java:addTable(110)) - using custom profile for table: default
2019-08-29 11:54:26,757 [main] INFO  db.DBStoreBuilder (DBStoreBuilder.java:processTables(167)) - Using default column profile:DBProfile.DISK for Table:default
2019-08-29 11:54:26,757 [main] INFO  db.DBStoreBuilder (DBStoreBuilder.java:getDbProfile(198)) - Using default options. DBProfile.DISK
2019-08-29 11:54:29,100 [main] INFO  ipc.CallQueueManager (CallQueueManager.java:<init>(84)) - Using callQueue: class java.util.concurrent.LinkedBlockingQueue, queueCapacity: 2000, scheduler: class org.apache.hadoop.ipc.DefaultRpcScheduler, ipcBackoff: false.
2019-08-29 11:54:29,101 [Socket Reader #1 for port 34590] INFO  ipc.Server (Server.java:run(1074)) - Starting Socket Reader #1 for port 34590
2019-08-29 11:54:29,122 [main] INFO  om.OzoneManager (OzoneManager.java:start(1259)) - OzoneManager RPC server is listening at localhost/127.0.0.1:34590
2019-08-29 11:54:29,123 [main] INFO  impl.MetricsSystemImpl (MetricsSystemImpl.java:init(158)) - OzoneManager metrics system started (again)
2019-08-29 11:54:29,124 [IPC Server Responder] INFO  ipc.Server (Server.java:run(1314)) - IPC Server Responder: starting
2019-08-29 11:54:29,124 [IPC Server listener on 34590] INFO  ipc.Server (Server.java:run(1153)) - IPC Server listener on 34590: starting
2019-08-29 11:54:29,130 [main] INFO  hdfs.DFSUtil (DFSUtil.java:httpServerTemplateForNNAndJN(1641)) - Starting Web-server for ozoneManager at: http://0.0.0.0:0
2019-08-29 11:54:29,133 [main] INFO  server.AuthenticationFilter (AuthenticationFilter.java:constructSecretProvider(240)) - Unable to initialize FileSignerSecretProvider, falling back to use random secrets.
2019-08-29 11:54:29,134 [main] WARN  http.HttpRequestLog (HttpRequestLog.java:getRequestLog(97)) - Jetty request log can only be enabled using Log4j
2019-08-29 11:54:29,136 [main] INFO  http.HttpServer2 (HttpServer2.java:addGlobalFilter(975)) - Added global filter 'safety' (class=org.apache.hadoop.http.HttpServer2$QuotingInputFilter)
2019-08-29 11:54:29,137 [main] INFO  http.HttpServer2 (HttpServer2.java:addFilter(948)) - Added filter static_user_filter (class=org.apache.hadoop.http.lib.StaticUserWebFilter$StaticUserFilter) to context ozoneManager
2019-08-29 11:54:29,137 [main] INFO  http.HttpServer2 (HttpServer2.java:addFilter(958)) - Added filter static_user_filter (class=org.apache.hadoop.http.lib.StaticUserWebFilter$StaticUserFilter) to context logs
2019-08-29 11:54:29,137 [main] INFO  http.HttpServer2 (HttpServer2.java:addFilter(958)) - Added filter static_user_filter (class=org.apache.hadoop.http.lib.StaticUserWebFilter$StaticUserFilter) to context static
2019-08-29 11:54:29,141 [main] INFO  http.HttpServer2 (HttpServer2.java:bindListener(1191)) - Jetty bound to port 42992
2019-08-29 11:54:29,142 [main] INFO  server.Server (Server.java:doStart(351)) - jetty-9.3.24.v20180605, build timestamp: 2018-06-05T17:11:56Z, git hash: 84205aa28f11a4f31f2a3b86d1bba2cc8ab69827
2019-08-29 11:54:29,370 [main] INFO  handler.ContextHandler (ContextHandler.java:doStart(781)) - Started o.e.j.s.ServletContextHandler@543e593{/logs,file:///workdir/hadoop-ozone/integration-test/target/log,AVAILABLE}
2019-08-29 11:54:29,371 [main] INFO  handler.ContextHandler (ContextHandler.java:doStart(781)) - Started o.e.j.s.ServletContextHandler@51ec2df1{/static,file:///workdir/hadoop-ozone/integration-test/target/test-classes/webapps/static,AVAILABLE}
2019-08-29 11:54:29,381 [main] INFO  handler.ContextHandler (ContextHandler.java:doStart(781)) - Started o.e.j.w.WebAppContext@24fabd0f{/,file:///workdir/hadoop-ozone/integration-test/target/test-classes/webapps/ozoneManager/,AVAILABLE}{/ozoneManager}
2019-08-29 11:54:29,382 [main] INFO  server.AbstractConnector (AbstractConnector.java:doStart(278)) - Started ServerConnector@250b236d{HTTP/1.1,[http/1.1]}{0.0.0.0:42992}
2019-08-29 11:54:29,383 [main] INFO  server.Server (Server.java:doStart(419)) - Started @15545ms
2019-08-29 11:54:29,383 [main] INFO  server.BaseHttpServer (BaseHttpServer.java:updateConnectorAddress(213)) - HTTP server of OZONEMANAGER is listening at http://0.0.0.0:42992
2019-08-29 11:54:29,601 [main] INFO  impl.MetricsSystemImpl (MetricsSystemImpl.java:init(158)) - HddsDatanode metrics system started (again)
2019-08-29 11:54:29,701 [main] INFO  ozone.HddsDatanodeService (HddsDatanodeService.java:start(184)) - HddsDatanodeService host:pr-hdds-2030-qplxq-3692370286 ip:192.168.5.166
2019-08-29 11:54:29,736 [main] INFO  volume.HddsVolume (HddsVolume.java:<init>(176)) - Creating Volume: /workdir/hadoop-ozone/integration-test/target/test-dir/MiniOzoneClusterImpl-d5645d28-46c2-4d7d-99f2-1f02fc29b8b0/datanode-0/data/containers/hdds of  storage type : DISK and capacity : 1482555576320
2019-08-29 11:54:29,738 [main] INFO  volume.VolumeSet (VolumeSet.java:initializeVolumeSet(170)) - Added Volume : /workdir/hadoop-ozone/integration-test/target/test-dir/MiniOzoneClusterImpl-d5645d28-46c2-4d7d-99f2-1f02fc29b8b0/datanode-0/data/containers/hdds to VolumeSet
2019-08-29 11:54:29,741 [main] INFO  volume.ThrottledAsyncChecker (ThrottledAsyncChecker.java:schedule(140)) - Scheduling a check for org.apache.hadoop.ozone.container.common.volume.HddsVolume@3f49e266
2019-08-29 11:54:29,760 [main] INFO  volume.HddsVolumeChecker (HddsVolumeChecker.java:checkAllVolumes(203)) - Scheduled health check for volume org.apache.hadoop.ozone.container.common.volume.HddsVolume@3f49e266
2019-08-29 11:54:29,872 [main] INFO  impl.RaftServerProxy (ConfUtils.java:logGet(43)) - raft.rpc.type = GRPC (default)
2019-08-29 11:54:29,974 [main] INFO  grpc.GrpcFactory (GrpcFactory.java:checkPooledByteBufAllocatorUseCacheForAllThreads(45)) - PERFORMANCE WARNING: useCacheForAllThreads is true that may cause Netty to create a lot garbage objects and, as a result, trigger GC.
	It is recommended to disable useCacheForAllThreads by setting -Dorg.apache.ratis.thirdparty.io.netty.allocator.useCacheForAllThreads=false in command line.
2019-08-29 11:54:29,983 [main] INFO  grpc.GrpcConfigKeys$Server (ConfUtils.java:logGet(43)) - raft.grpc.server.port = 0 (default)
2019-08-29 11:54:29,984 [main] INFO  server.GrpcService (ConfUtils.java:logGet(43)) - raft.grpc.message.size.max = 33570816 (custom)
2019-08-29 11:54:29,986 [main] INFO  server.RaftServerConfigKeys (ConfUtils.java:logGet(43)) - raft.server.log.appender.buffer.byte-limit = 33554432 (custom)
2019-08-29 11:54:29,987 [main] INFO  server.GrpcService (ConfUtils.java:logGet(43)) - raft.grpc.flow.control.window = 1MB (=1048576) (default)
2019-08-29 11:54:29,988 [main] INFO  server.RaftServerConfigKeys (ConfUtils.java:logGet(43)) - raft.server.rpc.request.timeout = 3000ms (default)
2019-08-29 11:54:30,191 [main] INFO  server.RaftServerConfigKeys (ConfUtils.java:logGet(43)) - raft.server.storage.dir = [/workdir/hadoop-ozone/integration-test/target/test-dir/MiniOzoneClusterImpl-d5645d28-46c2-4d7d-99f2-1f02fc29b8b0/datanode-0/data/ratis] (custom)
2019-08-29 11:54:30,249 [main] INFO  replication.SimpleContainerDownloader (SimpleContainerDownloader.java:<init>(72)) - Starting container downloader service to copy containers to replicate.
2019-08-29 11:54:30,267 [main] INFO  hdfs.DFSUtil (DFSUtil.java:httpServerTemplateForNNAndJN(1641)) - Starting Web-server for hddsDatanode at: http://0.0.0.0:0
2019-08-29 11:54:30,269 [main] INFO  server.AuthenticationFilter (AuthenticationFilter.java:constructSecretProvider(240)) - Unable to initialize FileSignerSecretProvider, falling back to use random secrets.
2019-08-29 11:54:30,270 [main] WARN  http.HttpRequestLog (HttpRequestLog.java:getRequestLog(97)) - Jetty request log can only be enabled using Log4j
2019-08-29 11:54:30,273 [main] INFO  http.HttpServer2 (HttpServer2.java:addGlobalFilter(975)) - Added global filter 'safety' (class=org.apache.hadoop.http.HttpServer2$QuotingInputFilter)
2019-08-29 11:54:30,274 [main] INFO  http.HttpServer2 (HttpServer2.java:addFilter(948)) - Added filter static_user_filter (class=org.apache.hadoop.http.lib.StaticUserWebFilter$StaticUserFilter) to context hddsDatanode
2019-08-29 11:54:30,274 [main] INFO  http.HttpServer2 (HttpServer2.java:addFilter(958)) - Added filter static_user_filter (class=org.apache.hadoop.http.lib.StaticUserWebFilter$StaticUserFilter) to context logs
2019-08-29 11:54:30,274 [main] INFO  http.HttpServer2 (HttpServer2.java:addFilter(958)) - Added filter static_user_filter (class=org.apache.hadoop.http.lib.StaticUserWebFilter$StaticUserFilter) to context static
2019-08-29 11:54:30,275 [main] INFO  http.HttpServer2 (HttpServer2.java:bindListener(1191)) - Jetty bound to port 38573
2019-08-29 11:54:30,276 [main] INFO  server.Server (Server.java:doStart(351)) - jetty-9.3.24.v20180605, build timestamp: 2018-06-05T17:11:56Z, git hash: 84205aa28f11a4f31f2a3b86d1bba2cc8ab69827
2019-08-29 11:54:30,280 [main] INFO  handler.ContextHandler (ContextHandler.java:doStart(781)) - Started o.e.j.s.ServletContextHandler@50fb33a{/logs,file:///workdir/hadoop-ozone/integration-test/target/log,AVAILABLE}
2019-08-29 11:54:30,281 [main] INFO  handler.ContextHandler (ContextHandler.java:doStart(781)) - Started o.e.j.s.ServletContextHandler@1457fde{/static,jar:file:/home/user/.m2/repository/org/apache/hadoop/hadoop-hdds-container-service/0.5.0-SNAPSHOT/hadoop-hdds-container-service-0.5.0-SNAPSHOT.jar!/webapps/static,AVAILABLE}
2019-08-29 11:54:30,316 [main] INFO  handler.ContextHandler (ContextHandler.java:doStart(781)) - Started o.e.j.w.WebAppContext@10b1a751{/,file:///tmp/jetty-0.0.0.0-38573-hddsDatanode-_-any-5844104754905564148.dir/webapp/,AVAILABLE}{/hddsDatanode}
2019-08-29 11:54:30,317 [main] INFO  server.AbstractConnector (AbstractConnector.java:doStart(278)) - Started ServerConnector@53cf9c99{HTTP/1.1,[http/1.1]}{0.0.0.0:38573}
2019-08-29 11:54:30,317 [main] INFO  server.Server (Server.java:doStart(419)) - Started @16480ms
2019-08-29 11:54:30,318 [main] INFO  server.BaseHttpServer (BaseHttpServer.java:updateConnectorAddress(213)) - HTTP server of HDDSDATANODE is listening at http://0.0.0.0:38573
2019-08-29 11:54:31,563 | INFO  | ObjectStoreRestHttpServer | Listening HDDS REST traffic on /0.0.0.0:35285 |  
2019-08-29 11:54:31,566 [main] INFO  ozone.HddsDatanodeService (HddsDatanodeService.java:startPlugins(395)) - Started plug-in org.apache.hadoop.ozone.web.OzoneHddsDatanodeService@415795f3
2019-08-29 11:54:31,568 [main] INFO  impl.MetricsSystemImpl (MetricsSystemImpl.java:init(158)) - HddsDatanode metrics system started (again)
2019-08-29 11:54:31,573 [main] INFO  ozone.HddsDatanodeService (HddsDatanodeService.java:start(184)) - HddsDatanodeService host:pr-hdds-2030-qplxq-3692370286 ip:192.168.5.166
2019-08-29 11:54:31,574 [org.apache.hadoop.util.JvmPauseMonitor$Monitor@228d953d] INFO  util.JvmPauseMonitor (JvmPauseMonitor.java:run(188)) - Starting JVM pause monitor
2019-08-29 11:54:31,582 [main] INFO  volume.HddsVolume (HddsVolume.java:<init>(176)) - Creating Volume: /workdir/hadoop-ozone/integration-test/target/test-dir/MiniOzoneClusterImpl-d5645d28-46c2-4d7d-99f2-1f02fc29b8b0/datanode-1/data/containers/hdds of  storage type : DISK and capacity : 1482555576320
2019-08-29 11:54:31,583 [main] INFO  volume.VolumeSet (VolumeSet.java:initializeVolumeSet(170)) - Added Volume : /workdir/hadoop-ozone/integration-test/target/test-dir/MiniOzoneClusterImpl-d5645d28-46c2-4d7d-99f2-1f02fc29b8b0/datanode-1/data/containers/hdds to VolumeSet
2019-08-29 11:54:31,583 [main] INFO  volume.ThrottledAsyncChecker (ThrottledAsyncChecker.java:schedule(140)) - Scheduling a check for org.apache.hadoop.ozone.container.common.volume.HddsVolume@1c046c92
2019-08-29 11:54:31,584 [main] INFO  volume.HddsVolumeChecker (HddsVolumeChecker.java:checkAllVolumes(203)) - Scheduled health check for volume org.apache.hadoop.ozone.container.common.volume.HddsVolume@1c046c92
2019-08-29 11:54:31,602 [main] INFO  impl.RaftServerProxy (ConfUtils.java:logGet(43)) - raft.rpc.type = GRPC (default)
2019-08-29 11:54:31,603 [main] INFO  grpc.GrpcFactory (GrpcFactory.java:checkPooledByteBufAllocatorUseCacheForAllThreads(45)) - PERFORMANCE WARNING: useCacheForAllThreads is true that may cause Netty to create a lot garbage objects and, as a result, trigger GC.
	It is recommended to disable useCacheForAllThreads by setting -Dorg.apache.ratis.thirdparty.io.netty.allocator.useCacheForAllThreads=false in command line.
2019-08-29 11:54:31,603 [main] INFO  grpc.GrpcConfigKeys$Server (ConfUtils.java:logGet(43)) - raft.grpc.server.port = 0 (default)
2019-08-29 11:54:31,603 [main] INFO  server.GrpcService (ConfUtils.java:logGet(43)) - raft.grpc.message.size.max = 33570816 (custom)
2019-08-29 11:54:31,604 [main] INFO  server.RaftServerConfigKeys (ConfUtils.java:logGet(43)) - raft.server.log.appender.buffer.byte-limit = 33554432 (custom)
2019-08-29 11:54:31,604 [main] INFO  server.GrpcService (ConfUtils.java:logGet(43)) - raft.grpc.flow.control.window = 1MB (=1048576) (default)
2019-08-29 11:54:31,604 [main] INFO  server.RaftServerConfigKeys (ConfUtils.java:logGet(43)) - raft.server.rpc.request.timeout = 3000ms (default)
2019-08-29 11:54:31,605 [main] INFO  server.RaftServerConfigKeys (ConfUtils.java:logGet(43)) - raft.server.storage.dir = [/workdir/hadoop-ozone/integration-test/target/test-dir/MiniOzoneClusterImpl-d5645d28-46c2-4d7d-99f2-1f02fc29b8b0/datanode-1/data/ratis] (custom)
2019-08-29 11:54:31,606 [main] INFO  replication.SimpleContainerDownloader (SimpleContainerDownloader.java:<init>(72)) - Starting container downloader service to copy containers to replicate.
2019-08-29 11:54:31,607 [main] INFO  hdfs.DFSUtil (DFSUtil.java:httpServerTemplateForNNAndJN(1641)) - Starting Web-server for hddsDatanode at: http://0.0.0.0:0
2019-08-29 11:54:31,610 [main] INFO  server.AuthenticationFilter (AuthenticationFilter.java:constructSecretProvider(240)) - Unable to initialize FileSignerSecretProvider, falling back to use random secrets.
2019-08-29 11:54:31,611 [main] WARN  http.HttpRequestLog (HttpRequestLog.java:getRequestLog(97)) - Jetty request log can only be enabled using Log4j
2019-08-29 11:54:31,613 [main] INFO  http.HttpServer2 (HttpServer2.java:addGlobalFilter(975)) - Added global filter 'safety' (class=org.apache.hadoop.http.HttpServer2$QuotingInputFilter)
2019-08-29 11:54:31,614 [main] INFO  http.HttpServer2 (HttpServer2.java:addFilter(948)) - Added filter static_user_filter (class=org.apache.hadoop.http.lib.StaticUserWebFilter$StaticUserFilter) to context hddsDatanode
2019-08-29 11:54:31,614 [main] INFO  http.HttpServer2 (HttpServer2.java:addFilter(958)) - Added filter static_user_filter (class=org.apache.hadoop.http.lib.StaticUserWebFilter$StaticUserFilter) to context logs
2019-08-29 11:54:31,615 [main] INFO  http.HttpServer2 (HttpServer2.java:addFilter(958)) - Added filter static_user_filter (class=org.apache.hadoop.http.lib.StaticUserWebFilter$StaticUserFilter) to context static
2019-08-29 11:54:31,616 [main] INFO  http.HttpServer2 (HttpServer2.java:bindListener(1191)) - Jetty bound to port 42013
2019-08-29 11:54:31,616 [main] INFO  server.Server (Server.java:doStart(351)) - jetty-9.3.24.v20180605, build timestamp: 2018-06-05T17:11:56Z, git hash: 84205aa28f11a4f31f2a3b86d1bba2cc8ab69827
2019-08-29 11:54:31,619 [main] INFO  handler.ContextHandler (ContextHandler.java:doStart(781)) - Started o.e.j.s.ServletContextHandler@31834a2b{/logs,file:///workdir/hadoop-ozone/integration-test/target/log,AVAILABLE}
2019-08-29 11:54:31,620 [main] INFO  handler.ContextHandler (ContextHandler.java:doStart(781)) - Started o.e.j.s.ServletContextHandler@22ead351{/static,jar:file:/home/user/.m2/repository/org/apache/hadoop/hadoop-hdds-container-service/0.5.0-SNAPSHOT/hadoop-hdds-container-service-0.5.0-SNAPSHOT.jar!/webapps/static,AVAILABLE}
2019-08-29 11:54:31,649 [main] INFO  handler.ContextHandler (ContextHandler.java:doStart(781)) - Started o.e.j.w.WebAppContext@4776e209{/,file:///tmp/jetty-0.0.0.0-42013-hddsDatanode-_-any-7020399014871429079.dir/webapp/,AVAILABLE}{/hddsDatanode}
2019-08-29 11:54:31,650 [main] INFO  server.AbstractConnector (AbstractConnector.java:doStart(278)) - Started ServerConnector@265a094b{HTTP/1.1,[http/1.1]}{0.0.0.0:42013}
2019-08-29 11:54:31,651 [main] INFO  server.Server (Server.java:doStart(419)) - Started @17813ms
2019-08-29 11:54:31,651 [main] INFO  server.BaseHttpServer (BaseHttpServer.java:updateConnectorAddress(213)) - HTTP server of HDDSDATANODE is listening at http://0.0.0.0:42013
2019-08-29 11:54:31,704 [Datanode State Machine Thread - 0] INFO  datanode.InitDatanodeState (InitDatanodeState.java:persistContainerDatanodeDetails(140)) - DatanodeDetails is persisted to /workdir/hadoop-ozone/integration-test/target/test-dir/MiniOzoneClusterImpl-d5645d28-46c2-4d7d-99f2-1f02fc29b8b0/datanode-0/meta/datanode.id
2019-08-29 11:54:31,821 | INFO  | ObjectStoreRestHttpServer | Listening HDDS REST traffic on /0.0.0.0:39273 |  
2019-08-29 11:54:31,822 [main] INFO  ozone.HddsDatanodeService (HddsDatanodeService.java:startPlugins(395)) - Started plug-in org.apache.hadoop.ozone.web.OzoneHddsDatanodeService@2dff7085
2019-08-29 11:54:31,822 [main] INFO  impl.MetricsSystemImpl (MetricsSystemImpl.java:init(158)) - HddsDatanode metrics system started (again)
2019-08-29 11:54:31,825 [main] INFO  ozone.HddsDatanodeService (HddsDatanodeService.java:start(184)) - HddsDatanodeService host:pr-hdds-2030-qplxq-3692370286 ip:192.168.5.166
2019-08-29 11:54:31,826 [org.apache.hadoop.util.JvmPauseMonitor$Monitor@54c58783] INFO  util.JvmPauseMonitor (JvmPauseMonitor.java:run(188)) - Starting JVM pause monitor
2019-08-29 11:54:31,833 [main] INFO  volume.HddsVolume (HddsVolume.java:<init>(176)) - Creating Volume: /workdir/hadoop-ozone/integration-test/target/test-dir/MiniOzoneClusterImpl-d5645d28-46c2-4d7d-99f2-1f02fc29b8b0/datanode-2/data/containers/hdds of  storage type : DISK and capacity : 1482555576320
2019-08-29 11:54:31,834 [main] INFO  volume.VolumeSet (VolumeSet.java:initializeVolumeSet(170)) - Added Volume : /workdir/hadoop-ozone/integration-test/target/test-dir/MiniOzoneClusterImpl-d5645d28-46c2-4d7d-99f2-1f02fc29b8b0/datanode-2/data/containers/hdds to VolumeSet
2019-08-29 11:54:31,834 [main] INFO  volume.ThrottledAsyncChecker (ThrottledAsyncChecker.java:schedule(140)) - Scheduling a check for org.apache.hadoop.ozone.container.common.volume.HddsVolume@2bebd114
2019-08-29 11:54:31,835 [main] INFO  volume.HddsVolumeChecker (HddsVolumeChecker.java:checkAllVolumes(203)) - Scheduled health check for volume org.apache.hadoop.ozone.container.common.volume.HddsVolume@2bebd114
2019-08-29 11:54:31,835 [Datanode State Machine Thread - 0] INFO  datanode.InitDatanodeState (InitDatanodeState.java:persistContainerDatanodeDetails(140)) - DatanodeDetails is persisted to /workdir/hadoop-ozone/integration-test/target/test-dir/MiniOzoneClusterImpl-d5645d28-46c2-4d7d-99f2-1f02fc29b8b0/datanode-1/meta/datanode.id
2019-08-29 11:54:31,849 [main] INFO  impl.RaftServerProxy (ConfUtils.java:logGet(43)) - raft.rpc.type = GRPC (default)
2019-08-29 11:54:31,849 [main] INFO  grpc.GrpcFactory (GrpcFactory.java:checkPooledByteBufAllocatorUseCacheForAllThreads(45)) - PERFORMANCE WARNING: useCacheForAllThreads is true that may cause Netty to create a lot garbage objects and, as a result, trigger GC.
	It is recommended to disable useCacheForAllThreads by setting -Dorg.apache.ratis.thirdparty.io.netty.allocator.useCacheForAllThreads=false in command line.
2019-08-29 11:54:31,849 [main] INFO  grpc.GrpcConfigKeys$Server (ConfUtils.java:logGet(43)) - raft.grpc.server.port = 0 (default)
2019-08-29 11:54:31,850 [main] INFO  server.GrpcService (ConfUtils.java:logGet(43)) - raft.grpc.message.size.max = 33570816 (custom)
2019-08-29 11:54:31,850 [main] INFO  server.RaftServerConfigKeys (ConfUtils.java:logGet(43)) - raft.server.log.appender.buffer.byte-limit = 33554432 (custom)
2019-08-29 11:54:31,850 [main] INFO  server.GrpcService (ConfUtils.java:logGet(43)) - raft.grpc.flow.control.window = 1MB (=1048576) (default)
2019-08-29 11:54:31,850 [main] INFO  server.RaftServerConfigKeys (ConfUtils.java:logGet(43)) - raft.server.rpc.request.timeout = 3000ms (default)
2019-08-29 11:54:31,851 [main] INFO  server.RaftServerConfigKeys (ConfUtils.java:logGet(43)) - raft.server.storage.dir = [/workdir/hadoop-ozone/integration-test/target/test-dir/MiniOzoneClusterImpl-d5645d28-46c2-4d7d-99f2-1f02fc29b8b0/datanode-2/data/ratis] (custom)
2019-08-29 11:54:31,852 [main] INFO  replication.SimpleContainerDownloader (SimpleContainerDownloader.java:<init>(72)) - Starting container downloader service to copy containers to replicate.
2019-08-29 11:54:31,853 [main] INFO  hdfs.DFSUtil (DFSUtil.java:httpServerTemplateForNNAndJN(1641)) - Starting Web-server for hddsDatanode at: http://0.0.0.0:0
2019-08-29 11:54:31,855 [main] INFO  server.AuthenticationFilter (AuthenticationFilter.java:constructSecretProvider(240)) - Unable to initialize FileSignerSecretProvider, falling back to use random secrets.
2019-08-29 11:54:31,856 [main] WARN  http.HttpRequestLog (HttpRequestLog.java:getRequestLog(97)) - Jetty request log can only be enabled using Log4j
2019-08-29 11:54:31,858 [main] INFO  http.HttpServer2 (HttpServer2.java:addGlobalFilter(975)) - Added global filter 'safety' (class=org.apache.hadoop.http.HttpServer2$QuotingInputFilter)
2019-08-29 11:54:31,859 [main] INFO  http.HttpServer2 (HttpServer2.java:addFilter(948)) - Added filter static_user_filter (class=org.apache.hadoop.http.lib.StaticUserWebFilter$StaticUserFilter) to context hddsDatanode
2019-08-29 11:54:31,859 [main] INFO  http.HttpServer2 (HttpServer2.java:addFilter(958)) - Added filter static_user_filter (class=org.apache.hadoop.http.lib.StaticUserWebFilter$StaticUserFilter) to context static
2019-08-29 11:54:31,860 [main] INFO  http.HttpServer2 (HttpServer2.java:addFilter(958)) - Added filter static_user_filter (class=org.apache.hadoop.http.lib.StaticUserWebFilter$StaticUserFilter) to context logs
2019-08-29 11:54:31,861 [main] INFO  http.HttpServer2 (HttpServer2.java:bindListener(1191)) - Jetty bound to port 38414
2019-08-29 11:54:31,861 [main] INFO  server.Server (Server.java:doStart(351)) - jetty-9.3.24.v20180605, build timestamp: 2018-06-05T17:11:56Z, git hash: 84205aa28f11a4f31f2a3b86d1bba2cc8ab69827
2019-08-29 11:54:31,866 [main] INFO  handler.ContextHandler (ContextHandler.java:doStart(781)) - Started o.e.j.s.ServletContextHandler@590d6c76{/logs,file:///workdir/hadoop-ozone/integration-test/target/log,AVAILABLE}
2019-08-29 11:54:31,866 [main] INFO  handler.ContextHandler (ContextHandler.java:doStart(781)) - Started o.e.j.s.ServletContextHandler@448c92fc{/static,jar:file:/home/user/.m2/repository/org/apache/hadoop/hadoop-hdds-container-service/0.5.0-SNAPSHOT/hadoop-hdds-container-service-0.5.0-SNAPSHOT.jar!/webapps/static,AVAILABLE}
2019-08-29 11:54:31,905 [main] INFO  handler.ContextHandler (ContextHandler.java:doStart(781)) - Started o.e.j.w.WebAppContext@756b2d90{/,file:///tmp/jetty-0.0.0.0-38414-hddsDatanode-_-any-7419915198703073318.dir/webapp/,AVAILABLE}{/hddsDatanode}
2019-08-29 11:54:31,905 [main] INFO  server.AbstractConnector (AbstractConnector.java:doStart(278)) - Started ServerConnector@3520958b{HTTP/1.1,[http/1.1]}{0.0.0.0:38414}
2019-08-29 11:54:31,907 [main] INFO  server.Server (Server.java:doStart(419)) - Started @18069ms
2019-08-29 11:54:31,907 [main] INFO  server.BaseHttpServer (BaseHttpServer.java:updateConnectorAddress(213)) - HTTP server of HDDSDATANODE is listening at http://0.0.0.0:38414
2019-08-29 11:54:32,076 | INFO  | ObjectStoreRestHttpServer | Listening HDDS REST traffic on /0.0.0.0:41023 |  
2019-08-29 11:54:32,076 [main] INFO  ozone.HddsDatanodeService (HddsDatanodeService.java:startPlugins(395)) - Started plug-in org.apache.hadoop.ozone.web.OzoneHddsDatanodeService@4837f97e
2019-08-29 11:54:32,077 [main] INFO  impl.MetricsSystemImpl (MetricsSystemImpl.java:init(158)) - HddsDatanode metrics system started (again)
2019-08-29 11:54:32,079 [org.apache.hadoop.util.JvmPauseMonitor$Monitor@2a8353a6] INFO  util.JvmPauseMonitor (JvmPauseMonitor.java:run(188)) - Starting JVM pause monitor
2019-08-29 11:54:32,081 [main] INFO  ozone.HddsDatanodeService (HddsDatanodeService.java:start(184)) - HddsDatanodeService host:pr-hdds-2030-qplxq-3692370286 ip:192.168.5.166
2019-08-29 11:54:32,082 [Datanode State Machine Thread - 0] INFO  datanode.InitDatanodeState (InitDatanodeState.java:persistContainerDatanodeDetails(140)) - DatanodeDetails is persisted to /workdir/hadoop-ozone/integration-test/target/test-dir/MiniOzoneClusterImpl-d5645d28-46c2-4d7d-99f2-1f02fc29b8b0/datanode-2/meta/datanode.id
2019-08-29 11:54:32,089 [main] INFO  volume.HddsVolume (HddsVolume.java:<init>(176)) - Creating Volume: /workdir/hadoop-ozone/integration-test/target/test-dir/MiniOzoneClusterImpl-d5645d28-46c2-4d7d-99f2-1f02fc29b8b0/datanode-3/data/containers/hdds of  storage type : DISK and capacity : 1482555576320
2019-08-29 11:54:32,090 [main] INFO  volume.VolumeSet (VolumeSet.java:initializeVolumeSet(170)) - Added Volume : /workdir/hadoop-ozone/integration-test/target/test-dir/MiniOzoneClusterImpl-d5645d28-46c2-4d7d-99f2-1f02fc29b8b0/datanode-3/data/containers/hdds to VolumeSet
2019-08-29 11:54:32,090 [main] INFO  volume.ThrottledAsyncChecker (ThrottledAsyncChecker.java:schedule(140)) - Scheduling a check for org.apache.hadoop.ozone.container.common.volume.HddsVolume@740b9a50
2019-08-29 11:54:32,091 [main] INFO  volume.HddsVolumeChecker (HddsVolumeChecker.java:checkAllVolumes(203)) - Scheduled health check for volume org.apache.hadoop.ozone.container.common.volume.HddsVolume@740b9a50
2019-08-29 11:54:32,107 [main] INFO  impl.RaftServerProxy (ConfUtils.java:logGet(43)) - raft.rpc.type = GRPC (default)
2019-08-29 11:54:32,108 [main] INFO  grpc.GrpcFactory (GrpcFactory.java:checkPooledByteBufAllocatorUseCacheForAllThreads(45)) - PERFORMANCE WARNING: useCacheForAllThreads is true that may cause Netty to create a lot garbage objects and, as a result, trigger GC.
	It is recommended to disable useCacheForAllThreads by setting -Dorg.apache.ratis.thirdparty.io.netty.allocator.useCacheForAllThreads=false in command line.
2019-08-29 11:54:32,108 [main] INFO  grpc.GrpcConfigKeys$Server (ConfUtils.java:logGet(43)) - raft.grpc.server.port = 0 (default)
2019-08-29 11:54:32,108 [main] INFO  server.GrpcService (ConfUtils.java:logGet(43)) - raft.grpc.message.size.max = 33570816 (custom)
2019-08-29 11:54:32,108 [main] INFO  server.RaftServerConfigKeys (ConfUtils.java:logGet(43)) - raft.server.log.appender.buffer.byte-limit = 33554432 (custom)
2019-08-29 11:54:32,109 [main] INFO  server.GrpcService (ConfUtils.java:logGet(43)) - raft.grpc.flow.control.window = 1MB (=1048576) (default)
2019-08-29 11:54:32,109 [main] INFO  server.RaftServerConfigKeys (ConfUtils.java:logGet(43)) - raft.server.rpc.request.timeout = 3000ms (default)
2019-08-29 11:54:32,110 [main] INFO  server.RaftServerConfigKeys (ConfUtils.java:logGet(43)) - raft.server.storage.dir = [/workdir/hadoop-ozone/integration-test/target/test-dir/MiniOzoneClusterImpl-d5645d28-46c2-4d7d-99f2-1f02fc29b8b0/datanode-3/data/ratis] (custom)
2019-08-29 11:54:32,110 [main] INFO  replication.SimpleContainerDownloader (SimpleContainerDownloader.java:<init>(72)) - Starting container downloader service to copy containers to replicate.
2019-08-29 11:54:32,112 [main] INFO  hdfs.DFSUtil (DFSUtil.java:httpServerTemplateForNNAndJN(1641)) - Starting Web-server for hddsDatanode at: http://0.0.0.0:0
2019-08-29 11:54:32,114 [main] INFO  server.AuthenticationFilter (AuthenticationFilter.java:constructSecretProvider(240)) - Unable to initialize FileSignerSecretProvider, falling back to use random secrets.
2019-08-29 11:54:32,115 [main] WARN  http.HttpRequestLog (HttpRequestLog.java:getRequestLog(97)) - Jetty request log can only be enabled using Log4j
2019-08-29 11:54:32,117 [main] INFO  http.HttpServer2 (HttpServer2.java:addGlobalFilter(975)) - Added global filter 'safety' (class=org.apache.hadoop.http.HttpServer2$QuotingInputFilter)
2019-08-29 11:54:32,117 [main] INFO  http.HttpServer2 (HttpServer2.java:addFilter(948)) - Added filter static_user_filter (class=org.apache.hadoop.http.lib.StaticUserWebFilter$StaticUserFilter) to context hddsDatanode
2019-08-29 11:54:32,118 [main] INFO  http.HttpServer2 (HttpServer2.java:addFilter(958)) - Added filter static_user_filter (class=org.apache.hadoop.http.lib.StaticUserWebFilter$StaticUserFilter) to context static
2019-08-29 11:54:32,118 [main] INFO  http.HttpServer2 (HttpServer2.java:addFilter(958)) - Added filter static_user_filter (class=org.apache.hadoop.http.lib.StaticUserWebFilter$StaticUserFilter) to context logs
2019-08-29 11:54:32,119 [main] INFO  http.HttpServer2 (HttpServer2.java:bindListener(1191)) - Jetty bound to port 37521
2019-08-29 11:54:32,119 [main] INFO  server.Server (Server.java:doStart(351)) - jetty-9.3.24.v20180605, build timestamp: 2018-06-05T17:11:56Z, git hash: 84205aa28f11a4f31f2a3b86d1bba2cc8ab69827
2019-08-29 11:54:32,121 [main] INFO  handler.ContextHandler (ContextHandler.java:doStart(781)) - Started o.e.j.s.ServletContextHandler@130cfc47{/logs,file:///workdir/hadoop-ozone/integration-test/target/log,AVAILABLE}
2019-08-29 11:54:32,121 [main] INFO  handler.ContextHandler (ContextHandler.java:doStart(781)) - Started o.e.j.s.ServletContextHandler@2b6fb197{/static,jar:file:/home/user/.m2/repository/org/apache/hadoop/hadoop-hdds-container-service/0.5.0-SNAPSHOT/hadoop-hdds-container-service-0.5.0-SNAPSHOT.jar!/webapps/static,AVAILABLE}
2019-08-29 11:54:32,157 [main] INFO  handler.ContextHandler (ContextHandler.java:doStart(781)) - Started o.e.j.w.WebAppContext@1332dec4{/,file:///tmp/jetty-0.0.0.0-37521-hddsDatanode-_-any-1279571295623091905.dir/webapp/,AVAILABLE}{/hddsDatanode}
2019-08-29 11:54:32,158 [main] INFO  server.AbstractConnector (AbstractConnector.java:doStart(278)) - Started ServerConnector@544e3679{HTTP/1.1,[http/1.1]}{0.0.0.0:37521}
2019-08-29 11:54:32,159 [main] INFO  server.Server (Server.java:doStart(419)) - Started @18321ms
2019-08-29 11:54:32,160 [main] INFO  server.BaseHttpServer (BaseHttpServer.java:updateConnectorAddress(213)) - HTTP server of HDDSDATANODE is listening at http://0.0.0.0:37521
2019-08-29 11:54:32,322 | INFO  | ObjectStoreRestHttpServer | Listening HDDS REST traffic on /0.0.0.0:33995 |  
2019-08-29 11:54:32,323 [main] INFO  ozone.HddsDatanodeService (HddsDatanodeService.java:startPlugins(395)) - Started plug-in org.apache.hadoop.ozone.web.OzoneHddsDatanodeService@7f22687e
2019-08-29 11:54:32,323 [main] INFO  impl.MetricsSystemImpl (MetricsSystemImpl.java:init(158)) - HddsDatanode metrics system started (again)
2019-08-29 11:54:32,325 [org.apache.hadoop.util.JvmPauseMonitor$Monitor@400dacc2] INFO  util.JvmPauseMonitor (JvmPauseMonitor.java:run(188)) - Starting JVM pause monitor
2019-08-29 11:54:32,328 [main] INFO  ozone.HddsDatanodeService (HddsDatanodeService.java:start(184)) - HddsDatanodeService host:pr-hdds-2030-qplxq-3692370286 ip:192.168.5.166
2019-08-29 11:54:32,328 [Datanode State Machine Thread - 0] INFO  datanode.InitDatanodeState (InitDatanodeState.java:persistContainerDatanodeDetails(140)) - DatanodeDetails is persisted to /workdir/hadoop-ozone/integration-test/target/test-dir/MiniOzoneClusterImpl-d5645d28-46c2-4d7d-99f2-1f02fc29b8b0/datanode-3/meta/datanode.id
2019-08-29 11:54:32,335 [main] INFO  volume.HddsVolume (HddsVolume.java:<init>(176)) - Creating Volume: /workdir/hadoop-ozone/integration-test/target/test-dir/MiniOzoneClusterImpl-d5645d28-46c2-4d7d-99f2-1f02fc29b8b0/datanode-4/data/containers/hdds of  storage type : DISK and capacity : 1482555576320
2019-08-29 11:54:32,336 [main] INFO  volume.VolumeSet (VolumeSet.java:initializeVolumeSet(170)) - Added Volume : /workdir/hadoop-ozone/integration-test/target/test-dir/MiniOzoneClusterImpl-d5645d28-46c2-4d7d-99f2-1f02fc29b8b0/datanode-4/data/containers/hdds to VolumeSet
2019-08-29 11:54:32,336 [main] INFO  volume.ThrottledAsyncChecker (ThrottledAsyncChecker.java:schedule(140)) - Scheduling a check for org.apache.hadoop.ozone.container.common.volume.HddsVolume@34f7b44f
2019-08-29 11:54:32,337 [main] INFO  volume.HddsVolumeChecker (HddsVolumeChecker.java:checkAllVolumes(203)) - Scheduled health check for volume org.apache.hadoop.ozone.container.common.volume.HddsVolume@34f7b44f
2019-08-29 11:54:32,353 [main] INFO  impl.RaftServerProxy (ConfUtils.java:logGet(43)) - raft.rpc.type = GRPC (default)
2019-08-29 11:54:32,354 [main] INFO  grpc.GrpcFactory (GrpcFactory.java:checkPooledByteBufAllocatorUseCacheForAllThreads(45)) - PERFORMANCE WARNING: useCacheForAllThreads is true that may cause Netty to create a lot garbage objects and, as a result, trigger GC.
	It is recommended to disable useCacheForAllThreads by setting -Dorg.apache.ratis.thirdparty.io.netty.allocator.useCacheForAllThreads=false in command line.
2019-08-29 11:54:32,354 [main] INFO  grpc.GrpcConfigKeys$Server (ConfUtils.java:logGet(43)) - raft.grpc.server.port = 0 (default)
2019-08-29 11:54:32,354 [main] INFO  server.GrpcService (ConfUtils.java:logGet(43)) - raft.grpc.message.size.max = 33570816 (custom)
2019-08-29 11:54:32,355 [main] INFO  server.RaftServerConfigKeys (ConfUtils.java:logGet(43)) - raft.server.log.appender.buffer.byte-limit = 33554432 (custom)
2019-08-29 11:54:32,355 [main] INFO  server.GrpcService (ConfUtils.java:logGet(43)) - raft.grpc.flow.control.window = 1MB (=1048576) (default)
2019-08-29 11:54:32,355 [main] INFO  server.RaftServerConfigKeys (ConfUtils.java:logGet(43)) - raft.server.rpc.request.timeout = 3000ms (default)
2019-08-29 11:54:32,356 [main] INFO  server.RaftServerConfigKeys (ConfUtils.java:logGet(43)) - raft.server.storage.dir = [/workdir/hadoop-ozone/integration-test/target/test-dir/MiniOzoneClusterImpl-d5645d28-46c2-4d7d-99f2-1f02fc29b8b0/datanode-4/data/ratis] (custom)
2019-08-29 11:54:32,356 [main] INFO  replication.SimpleContainerDownloader (SimpleContainerDownloader.java:<init>(72)) - Starting container downloader service to copy containers to replicate.
2019-08-29 11:54:32,358 [main] INFO  hdfs.DFSUtil (DFSUtil.java:httpServerTemplateForNNAndJN(1641)) - Starting Web-server for hddsDatanode at: http://0.0.0.0:0
2019-08-29 11:54:32,360 [main] INFO  server.AuthenticationFilter (AuthenticationFilter.java:constructSecretProvider(240)) - Unable to initialize FileSignerSecretProvider, falling back to use random secrets.
2019-08-29 11:54:32,360 [main] WARN  http.HttpRequestLog (HttpRequestLog.java:getRequestLog(97)) - Jetty request log can only be enabled using Log4j
2019-08-29 11:54:32,362 [main] INFO  http.HttpServer2 (HttpServer2.java:addGlobalFilter(975)) - Added global filter 'safety' (class=org.apache.hadoop.http.HttpServer2$QuotingInputFilter)
2019-08-29 11:54:32,363 [main] INFO  http.HttpServer2 (HttpServer2.java:addFilter(948)) - Added filter static_user_filter (class=org.apache.hadoop.http.lib.StaticUserWebFilter$StaticUserFilter) to context hddsDatanode
2019-08-29 11:54:32,363 [main] INFO  http.HttpServer2 (HttpServer2.java:addFilter(958)) - Added filter static_user_filter (class=org.apache.hadoop.http.lib.StaticUserWebFilter$StaticUserFilter) to context logs
2019-08-29 11:54:32,363 [main] INFO  http.HttpServer2 (HttpServer2.java:addFilter(958)) - Added filter static_user_filter (class=org.apache.hadoop.http.lib.StaticUserWebFilter$StaticUserFilter) to context static
2019-08-29 11:54:32,364 [main] INFO  http.HttpServer2 (HttpServer2.java:bindListener(1191)) - Jetty bound to port 45745
2019-08-29 11:54:32,364 [main] INFO  server.Server (Server.java:doStart(351)) - jetty-9.3.24.v20180605, build timestamp: 2018-06-05T17:11:56Z, git hash: 84205aa28f11a4f31f2a3b86d1bba2cc8ab69827
2019-08-29 11:54:32,366 [main] INFO  handler.ContextHandler (ContextHandler.java:doStart(781)) - Started o.e.j.s.ServletContextHandler@191ec193{/logs,file:///workdir/hadoop-ozone/integration-test/target/log,AVAILABLE}
2019-08-29 11:54:32,366 [main] INFO  handler.ContextHandler (ContextHandler.java:doStart(781)) - Started o.e.j.s.ServletContextHandler@1c7f9861{/static,jar:file:/home/user/.m2/repository/org/apache/hadoop/hadoop-hdds-container-service/0.5.0-SNAPSHOT/hadoop-hdds-container-service-0.5.0-SNAPSHOT.jar!/webapps/static,AVAILABLE}
2019-08-29 11:54:32,396 [main] INFO  handler.ContextHandler (ContextHandler.java:doStart(781)) - Started o.e.j.w.WebAppContext@4eb9ae4d{/,file:///tmp/jetty-0.0.0.0-45745-hddsDatanode-_-any-7651392369418942001.dir/webapp/,AVAILABLE}{/hddsDatanode}
2019-08-29 11:54:32,397 [main] INFO  server.AbstractConnector (AbstractConnector.java:doStart(278)) - Started ServerConnector@5520f675{HTTP/1.1,[http/1.1]}{0.0.0.0:45745}
2019-08-29 11:54:32,398 [main] INFO  server.Server (Server.java:doStart(419)) - Started @18560ms
2019-08-29 11:54:32,399 [main] INFO  server.BaseHttpServer (BaseHttpServer.java:updateConnectorAddress(213)) - HTTP server of HDDSDATANODE is listening at http://0.0.0.0:45745
2019-08-29 11:54:32,555 | INFO  | ObjectStoreRestHttpServer | Listening HDDS REST traffic on /0.0.0.0:38130 |  
2019-08-29 11:54:32,555 [main] INFO  ozone.HddsDatanodeService (HddsDatanodeService.java:startPlugins(395)) - Started plug-in org.apache.hadoop.ozone.web.OzoneHddsDatanodeService@4662752a
2019-08-29 11:54:32,556 [main] INFO  impl.MetricsSystemImpl (MetricsSystemImpl.java:init(158)) - HddsDatanode metrics system started (again)
2019-08-29 11:54:32,559 [org.apache.hadoop.util.JvmPauseMonitor$Monitor@462bf72] INFO  util.JvmPauseMonitor (JvmPauseMonitor.java:run(188)) - Starting JVM pause monitor
2019-08-29 11:54:32,560 [main] INFO  ozone.HddsDatanodeService (HddsDatanodeService.java:start(184)) - HddsDatanodeService host:pr-hdds-2030-qplxq-3692370286 ip:192.168.5.166
2019-08-29 11:54:32,562 [Datanode State Machine Thread - 0] INFO  datanode.InitDatanodeState (InitDatanodeState.java:persistContainerDatanodeDetails(140)) - DatanodeDetails is persisted to /workdir/hadoop-ozone/integration-test/target/test-dir/MiniOzoneClusterImpl-d5645d28-46c2-4d7d-99f2-1f02fc29b8b0/datanode-4/meta/datanode.id
2019-08-29 11:54:32,568 [main] INFO  volume.HddsVolume (HddsVolume.java:<init>(176)) - Creating Volume: /workdir/hadoop-ozone/integration-test/target/test-dir/MiniOzoneClusterImpl-d5645d28-46c2-4d7d-99f2-1f02fc29b8b0/datanode-5/data/containers/hdds of  storage type : DISK and capacity : 1482555576320
2019-08-29 11:54:32,568 [main] INFO  volume.VolumeSet (VolumeSet.java:initializeVolumeSet(170)) - Added Volume : /workdir/hadoop-ozone/integration-test/target/test-dir/MiniOzoneClusterImpl-d5645d28-46c2-4d7d-99f2-1f02fc29b8b0/datanode-5/data/containers/hdds to VolumeSet
2019-08-29 11:54:32,568 [main] INFO  volume.ThrottledAsyncChecker (ThrottledAsyncChecker.java:schedule(140)) - Scheduling a check for org.apache.hadoop.ozone.container.common.volume.HddsVolume@10a907ec
2019-08-29 11:54:32,569 [main] INFO  volume.HddsVolumeChecker (HddsVolumeChecker.java:checkAllVolumes(203)) - Scheduled health check for volume org.apache.hadoop.ozone.container.common.volume.HddsVolume@10a907ec
2019-08-29 11:54:32,584 [main] INFO  impl.RaftServerProxy (ConfUtils.java:logGet(43)) - raft.rpc.type = GRPC (default)
2019-08-29 11:54:32,584 [main] INFO  grpc.GrpcFactory (GrpcFactory.java:checkPooledByteBufAllocatorUseCacheForAllThreads(45)) - PERFORMANCE WARNING: useCacheForAllThreads is true that may cause Netty to create a lot garbage objects and, as a result, trigger GC.
	It is recommended to disable useCacheForAllThreads by setting -Dorg.apache.ratis.thirdparty.io.netty.allocator.useCacheForAllThreads=false in command line.
2019-08-29 11:54:32,585 [main] INFO  grpc.GrpcConfigKeys$Server (ConfUtils.java:logGet(43)) - raft.grpc.server.port = 0 (default)
2019-08-29 11:54:32,585 [main] INFO  server.GrpcService (ConfUtils.java:logGet(43)) - raft.grpc.message.size.max = 33570816 (custom)
2019-08-29 11:54:32,585 [main] INFO  server.RaftServerConfigKeys (ConfUtils.java:logGet(43)) - raft.server.log.appender.buffer.byte-limit = 33554432 (custom)
2019-08-29 11:54:32,585 [main] INFO  server.GrpcService (ConfUtils.java:logGet(43)) - raft.grpc.flow.control.window = 1MB (=1048576) (default)
2019-08-29 11:54:32,586 [main] INFO  server.RaftServerConfigKeys (ConfUtils.java:logGet(43)) - raft.server.rpc.request.timeout = 3000ms (default)
2019-08-29 11:54:32,586 [main] INFO  server.RaftServerConfigKeys (ConfUtils.java:logGet(43)) - raft.server.storage.dir = [/workdir/hadoop-ozone/integration-test/target/test-dir/MiniOzoneClusterImpl-d5645d28-46c2-4d7d-99f2-1f02fc29b8b0/datanode-5/data/ratis] (custom)
2019-08-29 11:54:32,587 [main] INFO  replication.SimpleContainerDownloader (SimpleContainerDownloader.java:<init>(72)) - Starting container downloader service to copy containers to replicate.
2019-08-29 11:54:32,588 [main] INFO  hdfs.DFSUtil (DFSUtil.java:httpServerTemplateForNNAndJN(1641)) - Starting Web-server for hddsDatanode at: http://0.0.0.0:0
2019-08-29 11:54:32,590 [main] INFO  server.AuthenticationFilter (AuthenticationFilter.java:constructSecretProvider(240)) - Unable to initialize FileSignerSecretProvider, falling back to use random secrets.
2019-08-29 11:54:32,591 [main] WARN  http.HttpRequestLog (HttpRequestLog.java:getRequestLog(97)) - Jetty request log can only be enabled using Log4j
2019-08-29 11:54:32,596 [main] INFO  http.HttpServer2 (HttpServer2.java:addGlobalFilter(975)) - Added global filter 'safety' (class=org.apache.hadoop.http.HttpServer2$QuotingInputFilter)
2019-08-29 11:54:32,597 [main] INFO  http.HttpServer2 (HttpServer2.java:addFilter(948)) - Added filter static_user_filter (class=org.apache.hadoop.http.lib.StaticUserWebFilter$StaticUserFilter) to context hddsDatanode
2019-08-29 11:54:32,598 [main] INFO  http.HttpServer2 (HttpServer2.java:addFilter(958)) - Added filter static_user_filter (class=org.apache.hadoop.http.lib.StaticUserWebFilter$StaticUserFilter) to context static
2019-08-29 11:54:32,598 [main] INFO  http.HttpServer2 (HttpServer2.java:addFilter(958)) - Added filter static_user_filter (class=org.apache.hadoop.http.lib.StaticUserWebFilter$StaticUserFilter) to context logs
2019-08-29 11:54:32,599 [main] INFO  http.HttpServer2 (HttpServer2.java:bindListener(1191)) - Jetty bound to port 36119
2019-08-29 11:54:32,599 [main] INFO  server.Server (Server.java:doStart(351)) - jetty-9.3.24.v20180605, build timestamp: 2018-06-05T17:11:56Z, git hash: 84205aa28f11a4f31f2a3b86d1bba2cc8ab69827
2019-08-29 11:54:32,602 [main] INFO  handler.ContextHandler (ContextHandler.java:doStart(781)) - Started o.e.j.s.ServletContextHandler@4f5c30b1{/logs,file:///workdir/hadoop-ozone/integration-test/target/log,AVAILABLE}
2019-08-29 11:54:32,602 [main] INFO  handler.ContextHandler (ContextHandler.java:doStart(781)) - Started o.e.j.s.ServletContextHandler@5d7f8467{/static,jar:file:/home/user/.m2/repository/org/apache/hadoop/hadoop-hdds-container-service/0.5.0-SNAPSHOT/hadoop-hdds-container-service-0.5.0-SNAPSHOT.jar!/webapps/static,AVAILABLE}
2019-08-29 11:54:32,628 [main] INFO  handler.ContextHandler (ContextHandler.java:doStart(781)) - Started o.e.j.w.WebAppContext@2a484710{/,file:///tmp/jetty-0.0.0.0-36119-hddsDatanode-_-any-4563633921336508285.dir/webapp/,AVAILABLE}{/hddsDatanode}
2019-08-29 11:54:32,630 [main] INFO  server.AbstractConnector (AbstractConnector.java:doStart(278)) - Started ServerConnector@661e1399{HTTP/1.1,[http/1.1]}{0.0.0.0:36119}
2019-08-29 11:54:32,630 [main] INFO  server.Server (Server.java:doStart(419)) - Started @18792ms
2019-08-29 11:54:32,631 [main] INFO  server.BaseHttpServer (BaseHttpServer.java:updateConnectorAddress(213)) - HTTP server of HDDSDATANODE is listening at http://0.0.0.0:36119
2019-08-29 11:54:32,903 | INFO  | ObjectStoreRestHttpServer | Listening HDDS REST traffic on /0.0.0.0:39601 |  
2019-08-29 11:54:32,903 [main] INFO  ozone.HddsDatanodeService (HddsDatanodeService.java:startPlugins(395)) - Started plug-in org.apache.hadoop.ozone.web.OzoneHddsDatanodeService@6e8f2094
2019-08-29 11:54:32,904 [main] INFO  impl.MetricsSystemImpl (MetricsSystemImpl.java:init(158)) - HddsDatanode metrics system started (again)
2019-08-29 11:54:32,961 [org.apache.hadoop.util.JvmPauseMonitor$Monitor@78425291] INFO  util.JvmPauseMonitor (JvmPauseMonitor.java:run(188)) - Starting JVM pause monitor
2019-08-29 11:54:32,963 [main] INFO  ozone.HddsDatanodeService (HddsDatanodeService.java:start(184)) - HddsDatanodeService host:pr-hdds-2030-qplxq-3692370286 ip:192.168.5.166
2019-08-29 11:54:32,964 [Datanode State Machine Thread - 0] INFO  datanode.InitDatanodeState (InitDatanodeState.java:persistContainerDatanodeDetails(140)) - DatanodeDetails is persisted to /workdir/hadoop-ozone/integration-test/target/test-dir/MiniOzoneClusterImpl-d5645d28-46c2-4d7d-99f2-1f02fc29b8b0/datanode-5/meta/datanode.id
2019-08-29 11:54:33,002 [main] INFO  volume.HddsVolume (HddsVolume.java:<init>(176)) - Creating Volume: /workdir/hadoop-ozone/integration-test/target/test-dir/MiniOzoneClusterImpl-d5645d28-46c2-4d7d-99f2-1f02fc29b8b0/datanode-6/data/containers/hdds of  storage type : DISK and capacity : 1482555576320
2019-08-29 11:54:33,003 [main] INFO  volume.VolumeSet (VolumeSet.java:initializeVolumeSet(170)) - Added Volume : /workdir/hadoop-ozone/integration-test/target/test-dir/MiniOzoneClusterImpl-d5645d28-46c2-4d7d-99f2-1f02fc29b8b0/datanode-6/data/containers/hdds to VolumeSet
2019-08-29 11:54:33,003 [main] INFO  volume.ThrottledAsyncChecker (ThrottledAsyncChecker.java:schedule(140)) - Scheduling a check for org.apache.hadoop.ozone.container.common.volume.HddsVolume@638afcaa
2019-08-29 11:54:33,143 [main] INFO  volume.HddsVolumeChecker (HddsVolumeChecker.java:checkAllVolumes(203)) - Scheduled health check for volume org.apache.hadoop.ozone.container.common.volume.HddsVolume@638afcaa
2019-08-29 11:54:33,167 [main] INFO  impl.RaftServerProxy (ConfUtils.java:logGet(43)) - raft.rpc.type = GRPC (default)
2019-08-29 11:54:33,168 [main] INFO  grpc.GrpcFactory (GrpcFactory.java:checkPooledByteBufAllocatorUseCacheForAllThreads(45)) - PERFORMANCE WARNING: useCacheForAllThreads is true that may cause Netty to create a lot garbage objects and, as a result, trigger GC.
	It is recommended to disable useCacheForAllThreads by setting -Dorg.apache.ratis.thirdparty.io.netty.allocator.useCacheForAllThreads=false in command line.
2019-08-29 11:54:33,168 [main] INFO  grpc.GrpcConfigKeys$Server (ConfUtils.java:logGet(43)) - raft.grpc.server.port = 0 (default)
2019-08-29 11:54:33,168 [main] INFO  server.GrpcService (ConfUtils.java:logGet(43)) - raft.grpc.message.size.max = 33570816 (custom)
2019-08-29 11:54:33,168 [main] INFO  server.RaftServerConfigKeys (ConfUtils.java:logGet(43)) - raft.server.log.appender.buffer.byte-limit = 33554432 (custom)
2019-08-29 11:54:33,169 [main] INFO  server.GrpcService (ConfUtils.java:logGet(43)) - raft.grpc.flow.control.window = 1MB (=1048576) (default)
2019-08-29 11:54:33,169 [main] INFO  server.RaftServerConfigKeys (ConfUtils.java:logGet(43)) - raft.server.rpc.request.timeout = 3000ms (default)
2019-08-29 11:54:33,170 [main] INFO  server.RaftServerConfigKeys (ConfUtils.java:logGet(43)) - raft.server.storage.dir = [/workdir/hadoop-ozone/integration-test/target/test-dir/MiniOzoneClusterImpl-d5645d28-46c2-4d7d-99f2-1f02fc29b8b0/datanode-6/data/ratis] (custom)
2019-08-29 11:54:33,170 [main] INFO  replication.SimpleContainerDownloader (SimpleContainerDownloader.java:<init>(72)) - Starting container downloader service to copy containers to replicate.
2019-08-29 11:54:33,172 [main] INFO  hdfs.DFSUtil (DFSUtil.java:httpServerTemplateForNNAndJN(1641)) - Starting Web-server for hddsDatanode at: http://0.0.0.0:0
2019-08-29 11:54:33,173 [main] INFO  server.AuthenticationFilter (AuthenticationFilter.java:constructSecretProvider(240)) - Unable to initialize FileSignerSecretProvider, falling back to use random secrets.
2019-08-29 11:54:33,174 [main] WARN  http.HttpRequestLog (HttpRequestLog.java:getRequestLog(97)) - Jetty request log can only be enabled using Log4j
2019-08-29 11:54:33,176 [main] INFO  http.HttpServer2 (HttpServer2.java:addGlobalFilter(975)) - Added global filter 'safety' (class=org.apache.hadoop.http.HttpServer2$QuotingInputFilter)
2019-08-29 11:54:33,176 [main] INFO  http.HttpServer2 (HttpServer2.java:addFilter(948)) - Added filter static_user_filter (class=org.apache.hadoop.http.lib.StaticUserWebFilter$StaticUserFilter) to context hddsDatanode
2019-08-29 11:54:33,177 [main] INFO  http.HttpServer2 (HttpServer2.java:addFilter(958)) - Added filter static_user_filter (class=org.apache.hadoop.http.lib.StaticUserWebFilter$StaticUserFilter) to context static
2019-08-29 11:54:33,177 [main] INFO  http.HttpServer2 (HttpServer2.java:addFilter(958)) - Added filter static_user_filter (class=org.apache.hadoop.http.lib.StaticUserWebFilter$StaticUserFilter) to context logs
2019-08-29 11:54:33,178 [main] INFO  http.HttpServer2 (HttpServer2.java:bindListener(1191)) - Jetty bound to port 42668
2019-08-29 11:54:33,178 [main] INFO  server.Server (Server.java:doStart(351)) - jetty-9.3.24.v20180605, build timestamp: 2018-06-05T17:11:56Z, git hash: 84205aa28f11a4f31f2a3b86d1bba2cc8ab69827
2019-08-29 11:54:33,180 [main] INFO  handler.ContextHandler (ContextHandler.java:doStart(781)) - Started o.e.j.s.ServletContextHandler@11bfffb3{/logs,file:///workdir/hadoop-ozone/integration-test/target/log,AVAILABLE}
2019-08-29 11:54:33,180 [main] INFO  handler.ContextHandler (ContextHandler.java:doStart(781)) - Started o.e.j.s.ServletContextHandler@1c6e3ff9{/static,jar:file:/home/user/.m2/repository/org/apache/hadoop/hadoop-hdds-container-service/0.5.0-SNAPSHOT/hadoop-hdds-container-service-0.5.0-SNAPSHOT.jar!/webapps/static,AVAILABLE}
2019-08-29 11:54:33,211 [main] INFO  handler.ContextHandler (ContextHandler.java:doStart(781)) - Started o.e.j.w.WebAppContext@2eebce87{/,file:///tmp/jetty-0.0.0.0-42668-hddsDatanode-_-any-7432497523610834949.dir/webapp/,AVAILABLE}{/hddsDatanode}
2019-08-29 11:54:33,211 [main] INFO  server.AbstractConnector (AbstractConnector.java:doStart(278)) - Started ServerConnector@6ee37ca7{HTTP/1.1,[http/1.1]}{0.0.0.0:42668}
2019-08-29 11:54:33,212 [main] INFO  server.Server (Server.java:doStart(419)) - Started @19375ms
2019-08-29 11:54:33,214 [main] INFO  server.BaseHttpServer (BaseHttpServer.java:updateConnectorAddress(213)) - HTTP server of HDDSDATANODE is listening at http://0.0.0.0:42668
2019-08-29 11:54:33,373 | INFO  | ObjectStoreRestHttpServer | Listening HDDS REST traffic on /0.0.0.0:41120 |  
2019-08-29 11:54:33,373 [main] INFO  ozone.HddsDatanodeService (HddsDatanodeService.java:startPlugins(395)) - Started plug-in org.apache.hadoop.ozone.web.OzoneHddsDatanodeService@56ec6960
2019-08-29 11:54:33,374 [main] INFO  impl.MetricsSystemImpl (MetricsSystemImpl.java:init(158)) - HddsDatanode metrics system started (again)
2019-08-29 11:54:33,377 [org.apache.hadoop.util.JvmPauseMonitor$Monitor@134d9cd1] INFO  util.JvmPauseMonitor (JvmPauseMonitor.java:run(188)) - Starting JVM pause monitor
2019-08-29 11:54:33,378 [main] INFO  ozone.HddsDatanodeService (HddsDatanodeService.java:start(184)) - HddsDatanodeService host:pr-hdds-2030-qplxq-3692370286 ip:192.168.5.166
2019-08-29 11:54:33,380 [Datanode State Machine Thread - 0] INFO  datanode.InitDatanodeState (InitDatanodeState.java:persistContainerDatanodeDetails(140)) - DatanodeDetails is persisted to /workdir/hadoop-ozone/integration-test/target/test-dir/MiniOzoneClusterImpl-d5645d28-46c2-4d7d-99f2-1f02fc29b8b0/datanode-6/meta/datanode.id
2019-08-29 11:54:33,389 [main] INFO  volume.HddsVolume (HddsVolume.java:<init>(176)) - Creating Volume: /workdir/hadoop-ozone/integration-test/target/test-dir/MiniOzoneClusterImpl-d5645d28-46c2-4d7d-99f2-1f02fc29b8b0/datanode-7/data/containers/hdds of  storage type : DISK and capacity : 1482555576320
2019-08-29 11:54:33,389 [main] INFO  volume.VolumeSet (VolumeSet.java:initializeVolumeSet(170)) - Added Volume : /workdir/hadoop-ozone/integration-test/target/test-dir/MiniOzoneClusterImpl-d5645d28-46c2-4d7d-99f2-1f02fc29b8b0/datanode-7/data/containers/hdds to VolumeSet
2019-08-29 11:54:33,390 [main] INFO  volume.ThrottledAsyncChecker (ThrottledAsyncChecker.java:schedule(140)) - Scheduling a check for org.apache.hadoop.ozone.container.common.volume.HddsVolume@4438b862
2019-08-29 11:54:33,390 [main] INFO  volume.HddsVolumeChecker (HddsVolumeChecker.java:checkAllVolumes(203)) - Scheduled health check for volume org.apache.hadoop.ozone.container.common.volume.HddsVolume@4438b862
2019-08-29 11:54:33,412 [main] INFO  impl.RaftServerProxy (ConfUtils.java:logGet(43)) - raft.rpc.type = GRPC (default)
2019-08-29 11:54:33,413 [main] INFO  grpc.GrpcFactory (GrpcFactory.java:checkPooledByteBufAllocatorUseCacheForAllThreads(45)) - PERFORMANCE WARNING: useCacheForAllThreads is true that may cause Netty to create a lot garbage objects and, as a result, trigger GC.
	It is recommended to disable useCacheForAllThreads by setting -Dorg.apache.ratis.thirdparty.io.netty.allocator.useCacheForAllThreads=false in command line.
2019-08-29 11:54:33,413 [main] INFO  grpc.GrpcConfigKeys$Server (ConfUtils.java:logGet(43)) - raft.grpc.server.port = 0 (default)
2019-08-29 11:54:33,413 [main] INFO  server.GrpcService (ConfUtils.java:logGet(43)) - raft.grpc.message.size.max = 33570816 (custom)
2019-08-29 11:54:33,414 [main] INFO  server.RaftServerConfigKeys (ConfUtils.java:logGet(43)) - raft.server.log.appender.buffer.byte-limit = 33554432 (custom)
2019-08-29 11:54:33,414 [main] INFO  server.GrpcService (ConfUtils.java:logGet(43)) - raft.grpc.flow.control.window = 1MB (=1048576) (default)
2019-08-29 11:54:33,415 [main] INFO  server.RaftServerConfigKeys (ConfUtils.java:logGet(43)) - raft.server.rpc.request.timeout = 3000ms (default)
2019-08-29 11:54:33,415 [main] INFO  server.RaftServerConfigKeys (ConfUtils.java:logGet(43)) - raft.server.storage.dir = [/workdir/hadoop-ozone/integration-test/target/test-dir/MiniOzoneClusterImpl-d5645d28-46c2-4d7d-99f2-1f02fc29b8b0/datanode-7/data/ratis] (custom)
2019-08-29 11:54:33,416 [main] INFO  replication.SimpleContainerDownloader (SimpleContainerDownloader.java:<init>(72)) - Starting container downloader service to copy containers to replicate.
2019-08-29 11:54:33,418 [main] INFO  hdfs.DFSUtil (DFSUtil.java:httpServerTemplateForNNAndJN(1641)) - Starting Web-server for hddsDatanode at: http://0.0.0.0:0
2019-08-29 11:54:33,420 [main] INFO  server.AuthenticationFilter (AuthenticationFilter.java:constructSecretProvider(240)) - Unable to initialize FileSignerSecretProvider, falling back to use random secrets.
2019-08-29 11:54:33,420 [main] WARN  http.HttpRequestLog (HttpRequestLog.java:getRequestLog(97)) - Jetty request log can only be enabled using Log4j
2019-08-29 11:54:33,423 [main] INFO  http.HttpServer2 (HttpServer2.java:addGlobalFilter(975)) - Added global filter 'safety' (class=org.apache.hadoop.http.HttpServer2$QuotingInputFilter)
2019-08-29 11:54:33,424 [main] INFO  http.HttpServer2 (HttpServer2.java:addFilter(948)) - Added filter static_user_filter (class=org.apache.hadoop.http.lib.StaticUserWebFilter$StaticUserFilter) to context hddsDatanode
2019-08-29 11:54:33,424 [main] INFO  http.HttpServer2 (HttpServer2.java:addFilter(958)) - Added filter static_user_filter (class=org.apache.hadoop.http.lib.StaticUserWebFilter$StaticUserFilter) to context logs
2019-08-29 11:54:33,424 [main] INFO  http.HttpServer2 (HttpServer2.java:addFilter(958)) - Added filter static_user_filter (class=org.apache.hadoop.http.lib.StaticUserWebFilter$StaticUserFilter) to context static
2019-08-29 11:54:33,425 [main] INFO  http.HttpServer2 (HttpServer2.java:bindListener(1191)) - Jetty bound to port 43325
2019-08-29 11:54:33,425 [main] INFO  server.Server (Server.java:doStart(351)) - jetty-9.3.24.v20180605, build timestamp: 2018-06-05T17:11:56Z, git hash: 84205aa28f11a4f31f2a3b86d1bba2cc8ab69827
2019-08-29 11:54:33,428 [main] INFO  handler.ContextHandler (ContextHandler.java:doStart(781)) - Started o.e.j.s.ServletContextHandler@3686389{/logs,file:///workdir/hadoop-ozone/integration-test/target/log,AVAILABLE}
2019-08-29 11:54:33,428 [main] INFO  handler.ContextHandler (ContextHandler.java:doStart(781)) - Started o.e.j.s.ServletContextHandler@4228f269{/static,jar:file:/home/user/.m2/repository/org/apache/hadoop/hadoop-hdds-container-service/0.5.0-SNAPSHOT/hadoop-hdds-container-service-0.5.0-SNAPSHOT.jar!/webapps/static,AVAILABLE}
2019-08-29 11:54:33,468 [main] INFO  handler.ContextHandler (ContextHandler.java:doStart(781)) - Started o.e.j.w.WebAppContext@547aaa32{/,file:///tmp/jetty-0.0.0.0-43325-hddsDatanode-_-any-4898746823202609921.dir/webapp/,AVAILABLE}{/hddsDatanode}
2019-08-29 11:54:33,470 [main] INFO  server.AbstractConnector (AbstractConnector.java:doStart(278)) - Started ServerConnector@472c9f88{HTTP/1.1,[http/1.1]}{0.0.0.0:43325}
2019-08-29 11:54:33,471 [main] INFO  server.Server (Server.java:doStart(419)) - Started @19633ms
2019-08-29 11:54:33,472 [main] INFO  server.BaseHttpServer (BaseHttpServer.java:updateConnectorAddress(213)) - HTTP server of HDDSDATANODE is listening at http://0.0.0.0:43325
2019-08-29 11:54:33,609 | INFO  | SCMAudit | user=jenkins1000 | ip=192.168.5.166 | op=GET_VERSION null | ret=SUCCESS |  
2019-08-29 11:54:33,615 | INFO  | ObjectStoreRestHttpServer | Listening HDDS REST traffic on /0.0.0.0:34411 |  
2019-08-29 11:54:33,616 [main] INFO  ozone.HddsDatanodeService (HddsDatanodeService.java:startPlugins(395)) - Started plug-in org.apache.hadoop.ozone.web.OzoneHddsDatanodeService@67e6eb52
2019-08-29 11:54:33,616 [main] INFO  impl.MetricsSystemImpl (MetricsSystemImpl.java:init(158)) - HddsDatanode metrics system started (again)
2019-08-29 11:54:33,620 [org.apache.hadoop.util.JvmPauseMonitor$Monitor@568e5d8] INFO  util.JvmPauseMonitor (JvmPauseMonitor.java:run(188)) - Starting JVM pause monitor
2019-08-29 11:54:33,621 [main] INFO  ozone.HddsDatanodeService (HddsDatanodeService.java:start(184)) - HddsDatanodeService host:pr-hdds-2030-qplxq-3692370286 ip:192.168.5.166
2019-08-29 11:54:33,623 [Datanode State Machine Thread - 0] INFO  datanode.InitDatanodeState (InitDatanodeState.java:persistContainerDatanodeDetails(140)) - DatanodeDetails is persisted to /workdir/hadoop-ozone/integration-test/target/test-dir/MiniOzoneClusterImpl-d5645d28-46c2-4d7d-99f2-1f02fc29b8b0/datanode-7/meta/datanode.id
2019-08-29 11:54:33,629 [main] INFO  volume.HddsVolume (HddsVolume.java:<init>(176)) - Creating Volume: /workdir/hadoop-ozone/integration-test/target/test-dir/MiniOzoneClusterImpl-d5645d28-46c2-4d7d-99f2-1f02fc29b8b0/datanode-8/data/containers/hdds of  storage type : DISK and capacity : 1482555576320
2019-08-29 11:54:33,629 [main] INFO  volume.VolumeSet (VolumeSet.java:initializeVolumeSet(170)) - Added Volume : /workdir/hadoop-ozone/integration-test/target/test-dir/MiniOzoneClusterImpl-d5645d28-46c2-4d7d-99f2-1f02fc29b8b0/datanode-8/data/containers/hdds to VolumeSet
2019-08-29 11:54:33,629 [main] INFO  volume.ThrottledAsyncChecker (ThrottledAsyncChecker.java:schedule(140)) - Scheduling a check for org.apache.hadoop.ozone.container.common.volume.HddsVolume@655621fd
2019-08-29 11:54:33,630 [main] INFO  volume.HddsVolumeChecker (HddsVolumeChecker.java:checkAllVolumes(203)) - Scheduled health check for volume org.apache.hadoop.ozone.container.common.volume.HddsVolume@655621fd
2019-08-29 11:54:33,635 [Datanode State Machine Thread - 0] INFO  ozoneimpl.OzoneContainer (OzoneContainer.java:start(186)) - Attempting to start container services.
2019-08-29 11:54:33,637 [Datanode State Machine Thread - 0] INFO  ozoneimpl.OzoneContainer (OzoneContainer.java:startContainerScrub(160)) - Background container scrubber has been disabled by hdds.containerscrub.enabled
2019-08-29 11:54:33,637 [Datanode State Machine Thread - 0] INFO  ratis.XceiverServerRatis (XceiverServerRatis.java:start(404)) - Starting XceiverServerRatis 920b05f1-a92b-459a-a000-361715d4ee3d at port 0
2019-08-29 11:54:33,649 [main] INFO  impl.RaftServerProxy (ConfUtils.java:logGet(43)) - raft.rpc.type = GRPC (default)
2019-08-29 11:54:33,649 [main] INFO  grpc.GrpcFactory (GrpcFactory.java:checkPooledByteBufAllocatorUseCacheForAllThreads(45)) - PERFORMANCE WARNING: useCacheForAllThreads is true that may cause Netty to create a lot garbage objects and, as a result, trigger GC.
	It is recommended to disable useCacheForAllThreads by setting -Dorg.apache.ratis.thirdparty.io.netty.allocator.useCacheForAllThreads=false in command line.
2019-08-29 11:54:33,649 [main] INFO  grpc.GrpcConfigKeys$Server (ConfUtils.java:logGet(43)) - raft.grpc.server.port = 0 (default)
2019-08-29 11:54:33,649 [main] INFO  server.GrpcService (ConfUtils.java:logGet(43)) - raft.grpc.message.size.max = 33570816 (custom)
2019-08-29 11:54:33,650 [main] INFO  server.RaftServerConfigKeys (ConfUtils.java:logGet(43)) - raft.server.log.appender.buffer.byte-limit = 33554432 (custom)
2019-08-29 11:54:33,650 [main] INFO  server.GrpcService (ConfUtils.java:logGet(43)) - raft.grpc.flow.control.window = 1MB (=1048576) (default)
2019-08-29 11:54:33,650 [main] INFO  server.RaftServerConfigKeys (ConfUtils.java:logGet(43)) - raft.server.rpc.request.timeout = 3000ms (default)
2019-08-29 11:54:33,650 [main] INFO  server.RaftServerConfigKeys (ConfUtils.java:logGet(43)) - raft.server.storage.dir = [/workdir/hadoop-ozone/integration-test/target/test-dir/MiniOzoneClusterImpl-d5645d28-46c2-4d7d-99f2-1f02fc29b8b0/datanode-8/data/ratis] (custom)
2019-08-29 11:54:33,651 [main] INFO  replication.SimpleContainerDownloader (SimpleContainerDownloader.java:<init>(72)) - Starting container downloader service to copy containers to replicate.
2019-08-29 11:54:33,652 [main] INFO  hdfs.DFSUtil (DFSUtil.java:httpServerTemplateForNNAndJN(1641)) - Starting Web-server for hddsDatanode at: http://0.0.0.0:0
2019-08-29 11:54:33,653 [main] INFO  server.AuthenticationFilter (AuthenticationFilter.java:constructSecretProvider(240)) - Unable to initialize FileSignerSecretProvider, falling back to use random secrets.
2019-08-29 11:54:33,654 [main] WARN  http.HttpRequestLog (HttpRequestLog.java:getRequestLog(97)) - Jetty request log can only be enabled using Log4j
2019-08-29 11:54:33,655 [main] INFO  http.HttpServer2 (HttpServer2.java:addGlobalFilter(975)) - Added global filter 'safety' (class=org.apache.hadoop.http.HttpServer2$QuotingInputFilter)
2019-08-29 11:54:33,656 [main] INFO  http.HttpServer2 (HttpServer2.java:addFilter(948)) - Added filter static_user_filter (class=org.apache.hadoop.http.lib.StaticUserWebFilter$StaticUserFilter) to context hddsDatanode
2019-08-29 11:54:33,656 [main] INFO  http.HttpServer2 (HttpServer2.java:addFilter(958)) - Added filter static_user_filter (class=org.apache.hadoop.http.lib.StaticUserWebFilter$StaticUserFilter) to context logs
2019-08-29 11:54:33,656 [main] INFO  http.HttpServer2 (HttpServer2.java:addFilter(958)) - Added filter static_user_filter (class=org.apache.hadoop.http.lib.StaticUserWebFilter$StaticUserFilter) to context static
2019-08-29 11:54:33,657 [main] INFO  http.HttpServer2 (HttpServer2.java:bindListener(1191)) - Jetty bound to port 38564
2019-08-29 11:54:33,657 [main] INFO  server.Server (Server.java:doStart(351)) - jetty-9.3.24.v20180605, build timestamp: 2018-06-05T17:11:56Z, git hash: 84205aa28f11a4f31f2a3b86d1bba2cc8ab69827
2019-08-29 11:54:33,658 [main] INFO  handler.ContextHandler (ContextHandler.java:doStart(781)) - Started o.e.j.s.ServletContextHandler@2cea921a{/logs,file:///workdir/hadoop-ozone/integration-test/target/log,AVAILABLE}
2019-08-29 11:54:33,659 [main] INFO  handler.ContextHandler (ContextHandler.java:doStart(781)) - Started o.e.j.s.ServletContextHandler@2bc16fe2{/static,jar:file:/home/user/.m2/repository/org/apache/hadoop/hadoop-hdds-container-service/0.5.0-SNAPSHOT/hadoop-hdds-container-service-0.5.0-SNAPSHOT.jar!/webapps/static,AVAILABLE}
2019-08-29 11:54:33,661 [Datanode State Machine Thread - 0] INFO  impl.RaftServerProxy (RaftServerProxy.java:lambda$start$3(299)) - 920b05f1-a92b-459a-a000-361715d4ee3d: start RPC server
2019-08-29 11:54:33,691 [main] INFO  handler.ContextHandler (ContextHandler.java:doStart(781)) - Started o.e.j.w.WebAppContext@5c573229{/,file:///tmp/jetty-0.0.0.0-38564-hddsDatanode-_-any-3186998640465092778.dir/webapp/,AVAILABLE}{/hddsDatanode}
2019-08-29 11:54:33,692 [main] INFO  server.AbstractConnector (AbstractConnector.java:doStart(278)) - Started ServerConnector@77ecdc2b{HTTP/1.1,[http/1.1]}{0.0.0.0:38564}
2019-08-29 11:54:33,693 [main] INFO  server.Server (Server.java:doStart(419)) - Started @19856ms
2019-08-29 11:54:33,694 [main] INFO  server.BaseHttpServer (BaseHttpServer.java:updateConnectorAddress(213)) - HTTP server of HDDSDATANODE is listening at http://0.0.0.0:38564
2019-08-29 11:54:34,058 | INFO  | ObjectStoreRestHttpServer | Listening HDDS REST traffic on /0.0.0.0:38431 |  
2019-08-29 11:54:34,058 | INFO  | SCMAudit | user=jenkins1000 | ip=192.168.5.166 | op=GET_VERSION null | ret=SUCCESS |  
2019-08-29 11:54:34,058 [main] INFO  ozone.HddsDatanodeService (HddsDatanodeService.java:startPlugins(395)) - Started plug-in org.apache.hadoop.ozone.web.OzoneHddsDatanodeService@432c0f1
2019-08-29 11:54:34,060 [main] INFO  impl.MetricsSystemImpl (MetricsSystemImpl.java:init(158)) - HddsDatanode metrics system started (again)
2019-08-29 11:54:34,073 [Datanode State Machine Thread - 0] INFO  server.GrpcService (GrpcService.java:startImpl(149)) - 920b05f1-a92b-459a-a000-361715d4ee3d: GrpcService started, listening on 0.0.0.0/0.0.0.0:36887
2019-08-29 11:54:34,079 [Datanode State Machine Thread - 0] INFO  ozoneimpl.OzoneContainer (OzoneContainer.java:start(186)) - Attempting to start container services.
2019-08-29 11:54:34,115 [Datanode State Machine Thread - 0] INFO  ratis.XceiverServerRatis (XceiverServerRatis.java:start(414)) - XceiverServerRatis 920b05f1-a92b-459a-a000-361715d4ee3d is started using port 36887
2019-08-29 11:54:34,116 [Datanode State Machine Thread - 0] INFO  ozoneimpl.OzoneContainer (OzoneContainer.java:startContainerScrub(160)) - Background container scrubber has been disabled by hdds.containerscrub.enabled
2019-08-29 11:54:34,116 [Datanode State Machine Thread - 0] INFO  ratis.XceiverServerRatis (XceiverServerRatis.java:start(404)) - Starting XceiverServerRatis 07dabde0-c17e-46ed-9a55-144838a04ea2 at port 0
2019-08-29 11:54:34,120 | INFO  | SCMAudit | user=jenkins1000 | ip=192.168.5.166 | op=GET_VERSION null | ret=SUCCESS |  
2019-08-29 11:54:34,134 [Datanode State Machine Thread - 0] INFO  ozoneimpl.OzoneContainer (OzoneContainer.java:start(186)) - Attempting to start container services.
2019-08-29 11:54:34,135 [Datanode State Machine Thread - 0] INFO  ozoneimpl.OzoneContainer (OzoneContainer.java:startContainerScrub(160)) - Background container scrubber has been disabled by hdds.containerscrub.enabled
2019-08-29 11:54:34,135 [Datanode State Machine Thread - 0] INFO  ratis.XceiverServerRatis (XceiverServerRatis.java:start(404)) - Starting XceiverServerRatis 03953c42-7b85-4ce6-8578-61fc97f729cc at port 0
2019-08-29 11:54:34,141 [org.apache.hadoop.util.JvmPauseMonitor$Monitor@5195fe2] INFO  util.JvmPauseMonitor (JvmPauseMonitor.java:run(188)) - Starting JVM pause monitor
2019-08-29 11:54:34,143 [main] INFO  ozone.HddsDatanodeService (HddsDatanodeService.java:start(184)) - HddsDatanodeService host:pr-hdds-2030-qplxq-3692370286 ip:192.168.5.166
2019-08-29 11:54:34,143 [Datanode State Machine Thread - 0] INFO  server.XceiverServerGrpc (XceiverServerGrpc.java:start(161)) - XceiverServerGrpc 920b05f1-a92b-459a-a000-361715d4ee3d is started using port 43985
2019-08-29 11:54:34,176 [Datanode State Machine Thread - 0] INFO  datanode.InitDatanodeState (InitDatanodeState.java:persistContainerDatanodeDetails(140)) - DatanodeDetails is persisted to /workdir/hadoop-ozone/integration-test/target/test-dir/MiniOzoneClusterImpl-d5645d28-46c2-4d7d-99f2-1f02fc29b8b0/datanode-8/meta/datanode.id
2019-08-29 11:54:34,253 [main] INFO  volume.HddsVolume (HddsVolume.java:<init>(176)) - Creating Volume: /workdir/hadoop-ozone/integration-test/target/test-dir/MiniOzoneClusterImpl-d5645d28-46c2-4d7d-99f2-1f02fc29b8b0/datanode-9/data/containers/hdds of  storage type : DISK and capacity : 1482555576320
2019-08-29 11:54:34,254 [main] INFO  volume.VolumeSet (VolumeSet.java:initializeVolumeSet(170)) - Added Volume : /workdir/hadoop-ozone/integration-test/target/test-dir/MiniOzoneClusterImpl-d5645d28-46c2-4d7d-99f2-1f02fc29b8b0/datanode-9/data/containers/hdds to VolumeSet
2019-08-29 11:54:34,254 [main] INFO  volume.ThrottledAsyncChecker (ThrottledAsyncChecker.java:schedule(140)) - Scheduling a check for org.apache.hadoop.ozone.container.common.volume.HddsVolume@5ca22e19
2019-08-29 11:54:34,256 [main] INFO  volume.HddsVolumeChecker (HddsVolumeChecker.java:checkAllVolumes(203)) - Scheduled health check for volume org.apache.hadoop.ozone.container.common.volume.HddsVolume@5ca22e19
2019-08-29 11:54:34,260 [Datanode State Machine Thread - 0] INFO  impl.RaftServerProxy (RaftServerProxy.java:lambda$start$3(299)) - 03953c42-7b85-4ce6-8578-61fc97f729cc: start RPC server
2019-08-29 11:54:34,260 [Datanode State Machine Thread - 0] INFO  impl.RaftServerProxy (RaftServerProxy.java:lambda$start$3(299)) - 07dabde0-c17e-46ed-9a55-144838a04ea2: start RPC server
2019-08-29 11:54:34,265 [Datanode State Machine Thread - 0] INFO  server.GrpcService (GrpcService.java:startImpl(149)) - 03953c42-7b85-4ce6-8578-61fc97f729cc: GrpcService started, listening on 0.0.0.0/0.0.0.0:36331
2019-08-29 11:54:34,265 [Datanode State Machine Thread - 0] INFO  server.GrpcService (GrpcService.java:startImpl(149)) - 07dabde0-c17e-46ed-9a55-144838a04ea2: GrpcService started, listening on 0.0.0.0/0.0.0.0:46770
2019-08-29 11:54:34,265 [Datanode State Machine Thread - 0] INFO  ratis.XceiverServerRatis (XceiverServerRatis.java:start(414)) - XceiverServerRatis 03953c42-7b85-4ce6-8578-61fc97f729cc is started using port 36331
2019-08-29 11:54:34,266 [Datanode State Machine Thread - 0] INFO  ratis.XceiverServerRatis (XceiverServerRatis.java:start(414)) - XceiverServerRatis 07dabde0-c17e-46ed-9a55-144838a04ea2 is started using port 46770
2019-08-29 11:54:34,270 [Datanode State Machine Thread - 0] INFO  server.XceiverServerGrpc (XceiverServerGrpc.java:start(161)) - XceiverServerGrpc 03953c42-7b85-4ce6-8578-61fc97f729cc is started using port 33322
2019-08-29 11:54:34,271 [Datanode State Machine Thread - 0] INFO  server.XceiverServerGrpc (XceiverServerGrpc.java:start(161)) - XceiverServerGrpc 07dabde0-c17e-46ed-9a55-144838a04ea2 is started using port 33075
2019-08-29 11:54:34,279 [main] INFO  impl.RaftServerProxy (ConfUtils.java:logGet(43)) - raft.rpc.type = GRPC (default)
2019-08-29 11:54:34,279 [main] INFO  grpc.GrpcFactory (GrpcFactory.java:checkPooledByteBufAllocatorUseCacheForAllThreads(45)) - PERFORMANCE WARNING: useCacheForAllThreads is true that may cause Netty to create a lot garbage objects and, as a result, trigger GC.
	It is recommended to disable useCacheForAllThreads by setting -Dorg.apache.ratis.thirdparty.io.netty.allocator.useCacheForAllThreads=false in command line.
2019-08-29 11:54:34,280 [main] INFO  grpc.GrpcConfigKeys$Server (ConfUtils.java:logGet(43)) - raft.grpc.server.port = 0 (default)
2019-08-29 11:54:34,280 [main] INFO  server.GrpcService (ConfUtils.java:logGet(43)) - raft.grpc.message.size.max = 33570816 (custom)
2019-08-29 11:54:34,280 [main] INFO  server.RaftServerConfigKeys (ConfUtils.java:logGet(43)) - raft.server.log.appender.buffer.byte-limit = 33554432 (custom)
2019-08-29 11:54:34,280 [main] INFO  server.GrpcService (ConfUtils.java:logGet(43)) - raft.grpc.flow.control.window = 1MB (=1048576) (default)
2019-08-29 11:54:34,281 [main] INFO  server.RaftServerConfigKeys (ConfUtils.java:logGet(43)) - raft.server.rpc.request.timeout = 3000ms (default)
2019-08-29 11:54:34,281 [main] INFO  server.RaftServerConfigKeys (ConfUtils.java:logGet(43)) - raft.server.storage.dir = [/workdir/hadoop-ozone/integration-test/target/test-dir/MiniOzoneClusterImpl-d5645d28-46c2-4d7d-99f2-1f02fc29b8b0/datanode-9/data/ratis] (custom)
2019-08-29 11:54:34,282 [main] INFO  replication.SimpleContainerDownloader (SimpleContainerDownloader.java:<init>(72)) - Starting container downloader service to copy containers to replicate.
2019-08-29 11:54:34,283 [main] INFO  hdfs.DFSUtil (DFSUtil.java:httpServerTemplateForNNAndJN(1641)) - Starting Web-server for hddsDatanode at: http://0.0.0.0:0
2019-08-29 11:54:34,284 [main] INFO  server.AuthenticationFilter (AuthenticationFilter.java:constructSecretProvider(240)) - Unable to initialize FileSignerSecretProvider, falling back to use random secrets.
2019-08-29 11:54:34,285 [main] WARN  http.HttpRequestLog (HttpRequestLog.java:getRequestLog(97)) - Jetty request log can only be enabled using Log4j
2019-08-29 11:54:34,286 [main] INFO  http.HttpServer2 (HttpServer2.java:addGlobalFilter(975)) - Added global filter 'safety' (class=org.apache.hadoop.http.HttpServer2$QuotingInputFilter)
2019-08-29 11:54:34,287 [main] INFO  http.HttpServer2 (HttpServer2.java:addFilter(948)) - Added filter static_user_filter (class=org.apache.hadoop.http.lib.StaticUserWebFilter$StaticUserFilter) to context hddsDatanode
2019-08-29 11:54:34,287 [main] INFO  http.HttpServer2 (HttpServer2.java:addFilter(958)) - Added filter static_user_filter (class=org.apache.hadoop.http.lib.StaticUserWebFilter$StaticUserFilter) to context static
2019-08-29 11:54:34,287 [main] INFO  http.HttpServer2 (HttpServer2.java:addFilter(958)) - Added filter static_user_filter (class=org.apache.hadoop.http.lib.StaticUserWebFilter$StaticUserFilter) to context logs
2019-08-29 11:54:34,288 [main] INFO  http.HttpServer2 (HttpServer2.java:bindListener(1191)) - Jetty bound to port 39115
2019-08-29 11:54:34,288 [main] INFO  server.Server (Server.java:doStart(351)) - jetty-9.3.24.v20180605, build timestamp: 2018-06-05T17:11:56Z, git hash: 84205aa28f11a4f31f2a3b86d1bba2cc8ab69827
2019-08-29 11:54:34,290 [main] INFO  handler.ContextHandler (ContextHandler.java:doStart(781)) - Started o.e.j.s.ServletContextHandler@37e55819{/logs,file:///workdir/hadoop-ozone/integration-test/target/log,AVAILABLE}
2019-08-29 11:54:34,290 [main] INFO  handler.ContextHandler (ContextHandler.java:doStart(781)) - Started o.e.j.s.ServletContextHandler@6248cfab{/static,jar:file:/home/user/.m2/repository/org/apache/hadoop/hadoop-hdds-container-service/0.5.0-SNAPSHOT/hadoop-hdds-container-service-0.5.0-SNAPSHOT.jar!/webapps/static,AVAILABLE}
2019-08-29 11:54:34,318 [main] INFO  handler.ContextHandler (ContextHandler.java:doStart(781)) - Started o.e.j.w.WebAppContext@6ac756b{/,file:///tmp/jetty-0.0.0.0-39115-hddsDatanode-_-any-1477097400329885845.dir/webapp/,AVAILABLE}{/hddsDatanode}
2019-08-29 11:54:34,321 [main] INFO  server.AbstractConnector (AbstractConnector.java:doStart(278)) - Started ServerConnector@156324b{HTTP/1.1,[http/1.1]}{0.0.0.0:39115}
2019-08-29 11:54:34,321 [main] INFO  server.Server (Server.java:doStart(419)) - Started @20484ms
2019-08-29 11:54:34,322 [main] INFO  server.BaseHttpServer (BaseHttpServer.java:updateConnectorAddress(213)) - HTTP server of HDDSDATANODE is listening at http://0.0.0.0:39115
2019-08-29 11:54:34,328 | INFO  | SCMAudit | user=jenkins1000 | ip=192.168.5.166 | op=GET_VERSION null | ret=SUCCESS |  
2019-08-29 11:54:34,342 [Datanode State Machine Thread - 0] INFO  ozoneimpl.OzoneContainer (OzoneContainer.java:start(186)) - Attempting to start container services.
2019-08-29 11:54:34,342 [Datanode State Machine Thread - 0] INFO  ozoneimpl.OzoneContainer (OzoneContainer.java:startContainerScrub(160)) - Background container scrubber has been disabled by hdds.containerscrub.enabled
2019-08-29 11:54:34,342 [Datanode State Machine Thread - 0] INFO  ratis.XceiverServerRatis (XceiverServerRatis.java:start(404)) - Starting XceiverServerRatis e5b95ce0-1250-4c31-97f6-119a472050cb at port 0
2019-08-29 11:54:34,347 [Datanode State Machine Thread - 0] INFO  impl.RaftServerProxy (RaftServerProxy.java:lambda$start$3(299)) - e5b95ce0-1250-4c31-97f6-119a472050cb: start RPC server
2019-08-29 11:54:34,350 [Datanode State Machine Thread - 0] INFO  server.GrpcService (GrpcService.java:startImpl(149)) - e5b95ce0-1250-4c31-97f6-119a472050cb: GrpcService started, listening on 0.0.0.0/0.0.0.0:34735
2019-08-29 11:54:34,350 [Datanode State Machine Thread - 0] INFO  ratis.XceiverServerRatis (XceiverServerRatis.java:start(414)) - XceiverServerRatis e5b95ce0-1250-4c31-97f6-119a472050cb is started using port 34735
2019-08-29 11:54:34,353 [Datanode State Machine Thread - 0] INFO  server.XceiverServerGrpc (XceiverServerGrpc.java:start(161)) - XceiverServerGrpc e5b95ce0-1250-4c31-97f6-119a472050cb is started using port 37124
2019-08-29 11:54:34,458 | INFO  | ObjectStoreRestHttpServer | Listening HDDS REST traffic on /0.0.0.0:40032 |  
2019-08-29 11:54:34,458 [main] INFO  ozone.HddsDatanodeService (HddsDatanodeService.java:startPlugins(395)) - Started plug-in org.apache.hadoop.ozone.web.OzoneHddsDatanodeService@95cecc5
2019-08-29 11:54:34,461 [main] INFO  ozone.MiniOzoneClusterImpl (MiniOzoneClusterImpl.java:lambda$waitForClusterToBeReady$0(142)) - Waiting for cluster to be ready. Got 0 of 10 DN Heartbeats.
2019-08-29 11:54:34,461 [org.apache.hadoop.util.JvmPauseMonitor$Monitor@336039b5] INFO  util.JvmPauseMonitor (JvmPauseMonitor.java:run(188)) - Starting JVM pause monitor
2019-08-29 11:54:34,463 [Datanode State Machine Thread - 0] INFO  datanode.InitDatanodeState (InitDatanodeState.java:persistContainerDatanodeDetails(140)) - DatanodeDetails is persisted to /workdir/hadoop-ozone/integration-test/target/test-dir/MiniOzoneClusterImpl-d5645d28-46c2-4d7d-99f2-1f02fc29b8b0/datanode-9/meta/datanode.id
2019-08-29 11:54:34,562 | INFO  | SCMAudit | user=jenkins1000 | ip=192.168.5.166 | op=GET_VERSION null | ret=SUCCESS |  
2019-08-29 11:54:34,602 [Datanode State Machine Thread - 0] INFO  ozoneimpl.OzoneContainer (OzoneContainer.java:start(186)) - Attempting to start container services.
2019-08-29 11:54:34,602 [Datanode State Machine Thread - 0] INFO  ozoneimpl.OzoneContainer (OzoneContainer.java:startContainerScrub(160)) - Background container scrubber has been disabled by hdds.containerscrub.enabled
2019-08-29 11:54:34,602 [Datanode State Machine Thread - 0] INFO  ratis.XceiverServerRatis (XceiverServerRatis.java:start(404)) - Starting XceiverServerRatis bd7d2b3e-70a9-4c18-9e48-3057ca72b747 at port 0
2019-08-29 11:54:34,607 [Datanode State Machine Thread - 0] INFO  impl.RaftServerProxy (RaftServerProxy.java:lambda$start$3(299)) - bd7d2b3e-70a9-4c18-9e48-3057ca72b747: start RPC server
2019-08-29 11:54:34,612 [Datanode State Machine Thread - 0] INFO  server.GrpcService (GrpcService.java:startImpl(149)) - bd7d2b3e-70a9-4c18-9e48-3057ca72b747: GrpcService started, listening on 0.0.0.0/0.0.0.0:45844
2019-08-29 11:54:34,612 [Datanode State Machine Thread - 0] INFO  ratis.XceiverServerRatis (XceiverServerRatis.java:start(414)) - XceiverServerRatis bd7d2b3e-70a9-4c18-9e48-3057ca72b747 is started using port 45844
2019-08-29 11:54:34,614 [Datanode State Machine Thread - 0] INFO  server.XceiverServerGrpc (XceiverServerGrpc.java:start(161)) - XceiverServerGrpc bd7d2b3e-70a9-4c18-9e48-3057ca72b747 is started using port 37309
2019-08-29 11:54:34,964 | INFO  | SCMAudit | user=jenkins1000 | ip=192.168.5.166 | op=GET_VERSION null | ret=SUCCESS |  
2019-08-29 11:54:34,979 [Datanode State Machine Thread - 0] INFO  ozoneimpl.OzoneContainer (OzoneContainer.java:start(186)) - Attempting to start container services.
2019-08-29 11:54:34,979 [Datanode State Machine Thread - 0] INFO  ozoneimpl.OzoneContainer (OzoneContainer.java:startContainerScrub(160)) - Background container scrubber has been disabled by hdds.containerscrub.enabled
2019-08-29 11:54:34,979 [Datanode State Machine Thread - 0] INFO  ratis.XceiverServerRatis (XceiverServerRatis.java:start(404)) - Starting XceiverServerRatis 4a332945-53dc-4c0b-b910-cfaf195ac63d at port 0
2019-08-29 11:54:34,985 [Datanode State Machine Thread - 0] INFO  impl.RaftServerProxy (RaftServerProxy.java:lambda$start$3(299)) - 4a332945-53dc-4c0b-b910-cfaf195ac63d: start RPC server
2019-08-29 11:54:34,991 [Datanode State Machine Thread - 0] INFO  server.GrpcService (GrpcService.java:startImpl(149)) - 4a332945-53dc-4c0b-b910-cfaf195ac63d: GrpcService started, listening on 0.0.0.0/0.0.0.0:44887
2019-08-29 11:54:34,992 [Datanode State Machine Thread - 0] INFO  ratis.XceiverServerRatis (XceiverServerRatis.java:start(414)) - XceiverServerRatis 4a332945-53dc-4c0b-b910-cfaf195ac63d is started using port 44887
2019-08-29 11:54:34,996 [Datanode State Machine Thread - 0] INFO  server.XceiverServerGrpc (XceiverServerGrpc.java:start(161)) - XceiverServerGrpc 4a332945-53dc-4c0b-b910-cfaf195ac63d is started using port 39935
2019-08-29 11:54:35,382 | INFO  | SCMAudit | user=jenkins1000 | ip=192.168.5.166 | op=GET_VERSION null | ret=SUCCESS |  
2019-08-29 11:54:35,394 [Datanode State Machine Thread - 0] INFO  ozoneimpl.OzoneContainer (OzoneContainer.java:start(186)) - Attempting to start container services.
2019-08-29 11:54:35,394 [Datanode State Machine Thread - 0] INFO  ozoneimpl.OzoneContainer (OzoneContainer.java:startContainerScrub(160)) - Background container scrubber has been disabled by hdds.containerscrub.enabled
2019-08-29 11:54:35,394 [Datanode State Machine Thread - 0] INFO  ratis.XceiverServerRatis (XceiverServerRatis.java:start(404)) - Starting XceiverServerRatis 7c3dea4a-666f-498f-b3ec-37d2b2f2aea0 at port 0
2019-08-29 11:54:35,461 [main] INFO  ozone.MiniOzoneClusterImpl (MiniOzoneClusterImpl.java:lambda$waitForClusterToBeReady$0(142)) - Waiting for cluster to be ready. Got 0 of 10 DN Heartbeats.
2019-08-29 11:54:35,595 [Datanode State Machine Thread - 0] INFO  impl.RaftServerProxy (RaftServerProxy.java:lambda$start$3(299)) - 7c3dea4a-666f-498f-b3ec-37d2b2f2aea0: start RPC server
2019-08-29 11:54:35,600 [Datanode State Machine Thread - 0] INFO  server.GrpcService (GrpcService.java:startImpl(149)) - 7c3dea4a-666f-498f-b3ec-37d2b2f2aea0: GrpcService started, listening on 0.0.0.0/0.0.0.0:44417
2019-08-29 11:54:35,600 [Datanode State Machine Thread - 0] INFO  ratis.XceiverServerRatis (XceiverServerRatis.java:start(414)) - XceiverServerRatis 7c3dea4a-666f-498f-b3ec-37d2b2f2aea0 is started using port 44417
2019-08-29 11:54:35,604 [Datanode State Machine Thread - 0] INFO  server.XceiverServerGrpc (XceiverServerGrpc.java:start(161)) - XceiverServerGrpc 7c3dea4a-666f-498f-b3ec-37d2b2f2aea0 is started using port 35914
2019-08-29 11:54:35,622 | INFO  | SCMAudit | user=jenkins1000 | ip=192.168.5.166 | op=GET_VERSION null | ret=SUCCESS |  
2019-08-29 11:54:35,628 [IPC Server handler 2 on 35431] INFO  net.NetworkTopology (NetworkTopologyImpl.java:add(110)) - Added a new node: /default-rack/920b05f1-a92b-459a-a000-361715d4ee3d
2019-08-29 11:54:35,628 [IPC Server handler 2 on 35431] INFO  node.SCMNodeManager (SCMNodeManager.java:register(273)) - Registered Data node : 920b05f1-a92b-459a-a000-361715d4ee3d{ip: 192.168.5.166, host: pr-hdds-2030-qplxq-3692370286, networkLocation: /default-rack, certSerialId: null}
2019-08-29 11:54:35,631 [Datanode State Machine Thread - 0] INFO  ozoneimpl.OzoneContainer (OzoneContainer.java:start(186)) - Attempting to start container services.
2019-08-29 11:54:35,631 [Datanode State Machine Thread - 0] INFO  ozoneimpl.OzoneContainer (OzoneContainer.java:startContainerScrub(160)) - Background container scrubber has been disabled by hdds.containerscrub.enabled
2019-08-29 11:54:35,631 [Datanode State Machine Thread - 0] INFO  ratis.XceiverServerRatis (XceiverServerRatis.java:start(404)) - Starting XceiverServerRatis 42efee89-99fa-4c75-b2bf-b3a1b636c7a3 at port 0
2019-08-29 11:54:35,635 [EventQueue-NodeRegistrationContainerReportForDataNodeSafeModeRule] INFO  safemode.SCMSafeModeManager (DataNodeSafeModeRule.java:process(71)) - SCM in safe mode. 1 DataNodes registered, 1 required.
2019-08-29 11:54:35,637 [EventQueue-NodeRegistrationContainerReportForDataNodeSafeModeRule] INFO  safemode.SCMSafeModeManager (SCMSafeModeManager.java:validateSafeModeExitRules(177)) - ScmSafeModeManager, all rules are successfully validated
2019-08-29 11:54:35,637 [EventQueue-NodeRegistrationContainerReportForDataNodeSafeModeRule] INFO  safemode.SCMSafeModeManager (SCMSafeModeManager.java:exitSafeMode(193)) - SCM exiting safe mode.
2019-08-29 11:54:35,638 [Datanode State Machine Thread - 0] INFO  impl.RaftServerProxy (RaftServerProxy.java:lambda$start$3(299)) - 42efee89-99fa-4c75-b2bf-b3a1b636c7a3: start RPC server
2019-08-29 11:54:35,644 [Datanode State Machine Thread - 0] INFO  server.GrpcService (GrpcService.java:startImpl(149)) - 42efee89-99fa-4c75-b2bf-b3a1b636c7a3: GrpcService started, listening on 0.0.0.0/0.0.0.0:34186
2019-08-29 11:54:35,644 [Datanode State Machine Thread - 0] INFO  ratis.XceiverServerRatis (XceiverServerRatis.java:start(414)) - XceiverServerRatis 42efee89-99fa-4c75-b2bf-b3a1b636c7a3 is started using port 34186
2019-08-29 11:54:35,647 [Datanode State Machine Thread - 0] INFO  server.XceiverServerGrpc (XceiverServerGrpc.java:start(161)) - XceiverServerGrpc 42efee89-99fa-4c75-b2bf-b3a1b636c7a3 is started using port 43414
2019-08-29 11:54:35,651 | INFO  | SCMAudit | user=jenkins1000 | ip=192.168.5.166 | op=REGISTER {datanodeDetails=920b05f1-a92b-459a-a000-361715d4ee3d{ip: 192.168.5.166, host: pr-hdds-2030-qplxq-3692370286, networkLocation: /default-rack, certSerialId: null}} | ret=SUCCESS |  
2019-08-29 11:54:35,830 [IPC Server handler 3 on 35431] INFO  net.NetworkTopology (NetworkTopologyImpl.java:add(110)) - Added a new node: /default-rack/07dabde0-c17e-46ed-9a55-144838a04ea2
2019-08-29 11:54:35,832 [IPC Server handler 3 on 35431] INFO  node.SCMNodeManager (SCMNodeManager.java:register(273)) - Registered Data node : 07dabde0-c17e-46ed-9a55-144838a04ea2{ip: 192.168.5.166, host: pr-hdds-2030-qplxq-3692370286, networkLocation: /default-rack, certSerialId: null}
2019-08-29 11:54:35,833 | INFO  | SCMAudit | user=jenkins1000 | ip=192.168.5.166 | op=REGISTER {datanodeDetails=07dabde0-c17e-46ed-9a55-144838a04ea2{ip: 192.168.5.166, host: pr-hdds-2030-qplxq-3692370286, networkLocation: /default-rack, certSerialId: null}} | ret=SUCCESS |  
2019-08-29 11:54:36,373 | INFO  | SCMAudit | user=jenkins1000 | ip=192.168.5.166 | op=GET_VERSION null | ret=SUCCESS |  
2019-08-29 11:54:36,383 [IPC Server handler 4 on 35431] INFO  net.NetworkTopology (NetworkTopologyImpl.java:add(110)) - Added a new node: /default-rack/03953c42-7b85-4ce6-8578-61fc97f729cc
2019-08-29 11:54:36,386 [IPC Server handler 2 on 35431] INFO  net.NetworkTopology (NetworkTopologyImpl.java:add(110)) - Added a new node: /default-rack/e5b95ce0-1250-4c31-97f6-119a472050cb
2019-08-29 11:54:36,386 [IPC Server handler 4 on 35431] INFO  node.SCMNodeManager (SCMNodeManager.java:register(273)) - Registered Data node : 03953c42-7b85-4ce6-8578-61fc97f729cc{ip: 192.168.5.166, host: pr-hdds-2030-qplxq-3692370286, networkLocation: /default-rack, certSerialId: null}
2019-08-29 11:54:36,386 [IPC Server handler 2 on 35431] INFO  node.SCMNodeManager (SCMNodeManager.java:register(273)) - Registered Data node : e5b95ce0-1250-4c31-97f6-119a472050cb{ip: 192.168.5.166, host: pr-hdds-2030-qplxq-3692370286, networkLocation: /default-rack, certSerialId: null}
2019-08-29 11:54:36,386 | INFO  | SCMAudit | user=jenkins1000 | ip=192.168.5.166 | op=REGISTER {datanodeDetails=03953c42-7b85-4ce6-8578-61fc97f729cc{ip: 192.168.5.166, host: pr-hdds-2030-qplxq-3692370286, networkLocation: /default-rack, certSerialId: null}} | ret=SUCCESS |  
2019-08-29 11:54:36,387 | INFO  | SCMAudit | user=jenkins1000 | ip=192.168.5.166 | op=REGISTER {datanodeDetails=e5b95ce0-1250-4c31-97f6-119a472050cb{ip: 192.168.5.166, host: pr-hdds-2030-qplxq-3692370286, networkLocation: /default-rack, certSerialId: null}} | ret=SUCCESS |  
2019-08-29 11:54:36,410 [Datanode State Machine Thread - 0] INFO  ozoneimpl.OzoneContainer (OzoneContainer.java:start(186)) - Attempting to start container services.
2019-08-29 11:54:36,410 [Datanode State Machine Thread - 0] INFO  ozoneimpl.OzoneContainer (OzoneContainer.java:startContainerScrub(160)) - Background container scrubber has been disabled by hdds.containerscrub.enabled
2019-08-29 11:54:36,411 [Datanode State Machine Thread - 0] INFO  ratis.XceiverServerRatis (XceiverServerRatis.java:start(404)) - Starting XceiverServerRatis b34bc477-f594-4894-b3be-a6d4c994fd70 at port 0
2019-08-29 11:54:36,416 [Datanode State Machine Thread - 0] INFO  impl.RaftServerProxy (RaftServerProxy.java:lambda$start$3(299)) - b34bc477-f594-4894-b3be-a6d4c994fd70: start RPC server
2019-08-29 11:54:36,422 [Datanode State Machine Thread - 0] INFO  server.GrpcService (GrpcService.java:startImpl(149)) - b34bc477-f594-4894-b3be-a6d4c994fd70: GrpcService started, listening on 0.0.0.0/0.0.0.0:42417
2019-08-29 11:54:36,422 [Datanode State Machine Thread - 0] INFO  ratis.XceiverServerRatis (XceiverServerRatis.java:start(414)) - XceiverServerRatis b34bc477-f594-4894-b3be-a6d4c994fd70 is started using port 42417
2019-08-29 11:54:36,427 [Datanode State Machine Thread - 0] INFO  server.XceiverServerGrpc (XceiverServerGrpc.java:start(161)) - XceiverServerGrpc b34bc477-f594-4894-b3be-a6d4c994fd70 is started using port 35171
2019-08-29 11:54:36,461 [main] INFO  ozone.MiniOzoneClusterImpl (MiniOzoneClusterImpl.java:lambda$waitForClusterToBeReady$0(142)) - Waiting for cluster to be ready. Got 4 of 10 DN Heartbeats.
2019-08-29 11:54:36,465 | INFO  | SCMAudit | user=jenkins1000 | ip=192.168.5.166 | op=GET_VERSION null | ret=SUCCESS |  
2019-08-29 11:54:36,509 [Datanode State Machine Thread - 0] INFO  ozoneimpl.OzoneContainer (OzoneContainer.java:start(186)) - Attempting to start container services.
2019-08-29 11:54:36,513 [Datanode State Machine Thread - 0] INFO  ozoneimpl.OzoneContainer (OzoneContainer.java:startContainerScrub(160)) - Background container scrubber has been disabled by hdds.containerscrub.enabled
2019-08-29 11:54:36,514 [Datanode State Machine Thread - 0] INFO  ratis.XceiverServerRatis (XceiverServerRatis.java:start(404)) - Starting XceiverServerRatis eec05b1d-f4e8-4418-a60c-420e12deef9f at port 0
2019-08-29 11:54:36,599 [IPC Server handler 0 on 35431] INFO  net.NetworkTopology (NetworkTopologyImpl.java:add(110)) - Added a new node: /default-rack/bd7d2b3e-70a9-4c18-9e48-3057ca72b747
2019-08-29 11:54:36,599 [IPC Server handler 0 on 35431] INFO  node.SCMNodeManager (SCMNodeManager.java:register(273)) - Registered Data node : bd7d2b3e-70a9-4c18-9e48-3057ca72b747{ip: 192.168.5.166, host: pr-hdds-2030-qplxq-3692370286, networkLocation: /default-rack, certSerialId: null}
2019-08-29 11:54:36,600 | INFO  | SCMAudit | user=jenkins1000 | ip=192.168.5.166 | op=REGISTER {datanodeDetails=bd7d2b3e-70a9-4c18-9e48-3057ca72b747{ip: 192.168.5.166, host: pr-hdds-2030-qplxq-3692370286, networkLocation: /default-rack, certSerialId: null}} | ret=SUCCESS |  
2019-08-29 11:54:36,893 [Datanode State Machine Thread - 0] INFO  impl.RaftServerProxy (RaftServerProxy.java:lambda$start$3(299)) - eec05b1d-f4e8-4418-a60c-420e12deef9f: start RPC server
2019-08-29 11:54:36,899 [Datanode State Machine Thread - 0] INFO  server.GrpcService (GrpcService.java:startImpl(149)) - eec05b1d-f4e8-4418-a60c-420e12deef9f: GrpcService started, listening on 0.0.0.0/0.0.0.0:42328
2019-08-29 11:54:36,899 [Datanode State Machine Thread - 0] INFO  ratis.XceiverServerRatis (XceiverServerRatis.java:start(414)) - XceiverServerRatis eec05b1d-f4e8-4418-a60c-420e12deef9f is started using port 42328
2019-08-29 11:54:36,919 [Datanode State Machine Thread - 0] INFO  server.XceiverServerGrpc (XceiverServerGrpc.java:start(161)) - XceiverServerGrpc eec05b1d-f4e8-4418-a60c-420e12deef9f is started using port 35186
2019-08-29 11:54:36,966 [IPC Server handler 15 on 35431] INFO  net.NetworkTopology (NetworkTopologyImpl.java:add(110)) - Added a new node: /default-rack/4a332945-53dc-4c0b-b910-cfaf195ac63d
2019-08-29 11:54:36,967 [IPC Server handler 15 on 35431] INFO  node.SCMNodeManager (SCMNodeManager.java:register(273)) - Registered Data node : 4a332945-53dc-4c0b-b910-cfaf195ac63d{ip: 192.168.5.166, host: pr-hdds-2030-qplxq-3692370286, networkLocation: /default-rack, certSerialId: null}
2019-08-29 11:54:36,967 | INFO  | SCMAudit | user=jenkins1000 | ip=192.168.5.166 | op=REGISTER {datanodeDetails=4a332945-53dc-4c0b-b910-cfaf195ac63d{ip: 192.168.5.166, host: pr-hdds-2030-qplxq-3692370286, networkLocation: /default-rack, certSerialId: null}} | ret=SUCCESS |  
2019-08-29 11:54:37,016 [grpc-default-executor-0] INFO  impl.RaftServerProxy (RaftServerProxy.java:addNew(89)) - 920b05f1-a92b-459a-a000-361715d4ee3d: addNew group-0DACE7A3AF8B:[920b05f1-a92b-459a-a000-361715d4ee3d:192.168.5.166:36887] returns group-0DACE7A3AF8B:java.util.concurrent.CompletableFuture@328a0de3[Not completed]
2019-08-29 11:54:37,035 [pool-27-thread-1] INFO  impl.RaftServerImpl (RaftServerImpl.java:<init>(93)) - 920b05f1-a92b-459a-a000-361715d4ee3d: new RaftServerImpl for group-0DACE7A3AF8B:[920b05f1-a92b-459a-a000-361715d4ee3d:192.168.5.166:36887] with ContainerStateMachine:uninitialized
2019-08-29 11:54:37,037 [pool-27-thread-1] INFO  server.RaftServerConfigKeys (ConfUtils.java:logGet(43)) - raft.server.rpc.timeout.min = 1s (custom)
2019-08-29 11:54:37,040 [pool-27-thread-1] INFO  server.RaftServerConfigKeys (ConfUtils.java:logGet(43)) - raft.server.rpc.timeout.max = 1200ms (custom)
2019-08-29 11:54:37,040 [pool-27-thread-1] INFO  server.RaftServerConfigKeys (ConfUtils.java:logGet(43)) - raft.server.rpcslowness.timeout = 120s (custom)
2019-08-29 11:54:37,040 [pool-27-thread-1] INFO  server.RaftServerConfigKeys (ConfUtils.java:logGet(43)) - raft.server.sleep.deviation.threshold = 300 (default)
2019-08-29 11:54:37,041 [pool-27-thread-1] INFO  server.RaftServerConfigKeys (ConfUtils.java:logGet(43)) - raft.server.log.appender.install.snapshot.enabled = false (custom)
2019-08-29 11:54:37,050 [pool-27-thread-1] INFO  impl.RaftServerImpl (ServerState.java:<init>(105)) - 920b05f1-a92b-459a-a000-361715d4ee3d:group-0DACE7A3AF8B ConfigurationManager, init=-1: [920b05f1-a92b-459a-a000-361715d4ee3d:192.168.5.166:36887], old=null, confs=<EMPTY_MAP>
2019-08-29 11:54:37,050 [pool-27-thread-1] INFO  server.RaftServerConfigKeys (ConfUtils.java:logGet(43)) - raft.server.storage.dir = [/workdir/hadoop-ozone/integration-test/target/test-dir/MiniOzoneClusterImpl-d5645d28-46c2-4d7d-99f2-1f02fc29b8b0/datanode-0/data/ratis] (custom)
2019-08-29 11:54:37,057 [pool-27-thread-1] INFO  storage.RaftStorageDirectory (RaftStorageDirectory.java:analyzeStorage(246)) - The storage directory /workdir/hadoop-ozone/integration-test/target/test-dir/MiniOzoneClusterImpl-d5645d28-46c2-4d7d-99f2-1f02fc29b8b0/datanode-0/data/ratis/f7939979-c7d6-4c52-bfb6-0dace7a3af8b does not exist. Creating ...
2019-08-29 11:54:37,074 [pool-27-thread-1] INFO  storage.RaftStorageDirectory (RaftStorageDirectory.java:tryLock(328)) - Lock on /workdir/hadoop-ozone/integration-test/target/test-dir/MiniOzoneClusterImpl-d5645d28-46c2-4d7d-99f2-1f02fc29b8b0/datanode-0/data/ratis/f7939979-c7d6-4c52-bfb6-0dace7a3af8b/in_use.lock acquired by nodename 29102@pr-hdds-2030-qplxq-3692370286
2019-08-29 11:54:37,089 [pool-27-thread-1] INFO  storage.RaftStorage (RaftStorage.java:format(72)) - Storage directory /workdir/hadoop-ozone/integration-test/target/test-dir/MiniOzoneClusterImpl-d5645d28-46c2-4d7d-99f2-1f02fc29b8b0/datanode-0/data/ratis/f7939979-c7d6-4c52-bfb6-0dace7a3af8b has been successfully formatted.
2019-08-29 11:54:37,092 [pool-27-thread-1] INFO  ratis.ContainerStateMachine (ContainerStateMachine.java:loadSnapshot(226)) - group-0DACE7A3AF8B: The snapshot info is null. Setting the last applied indexto:(t:0, i:~)
2019-08-29 11:54:37,092 [pool-27-thread-1] INFO  server.RaftServerConfigKeys (ConfUtils.java:logGet(43)) - raft.server.leader.election.timeout = 120s (custom)
2019-08-29 11:54:37,094 [pool-27-thread-1] INFO  server.RaftServerConfigKeys (ConfUtils.java:logGet(43)) - raft.server.log.use.memory = false (default)
2019-08-29 11:54:37,097 [pool-27-thread-1] INFO  server.RaftServerConfigKeys (ConfUtils.java:logGet(43)) - raft.server.log.purge.gap = 1000000 (custom)
2019-08-29 11:54:37,097 [pool-27-thread-1] INFO  server.RaftServerConfigKeys (ConfUtils.java:logGet(43)) - raft.server.log.appender.buffer.byte-limit = 33554432 (custom)
2019-08-29 11:54:37,099 [pool-27-thread-1] INFO  server.RaftServerConfigKeys (ConfUtils.java:logGet(43)) - raft.server.log.segment.size.max = 1048576 (custom)
2019-08-29 11:54:37,102 [pool-27-thread-1] INFO  server.RaftServerConfigKeys (ConfUtils.java:logGet(43)) - raft.server.log.segment.cache.num.max = 2 (custom)
2019-08-29 11:54:37,106 [pool-27-thread-1] INFO  segmented.SegmentedRaftLogWorker (SegmentedRaftLogWorker.java:<init>(172)) - new 920b05f1-a92b-459a-a000-361715d4ee3d-SegmentedRaftLogWorker:Storage Directory /workdir/hadoop-ozone/integration-test/target/test-dir/MiniOzoneClusterImpl-d5645d28-46c2-4d7d-99f2-1f02fc29b8b0/datanode-0/data/ratis/f7939979-c7d6-4c52-bfb6-0dace7a3af8b for RaftStorage:Storage Directory /workdir/hadoop-ozone/integration-test/target/test-dir/MiniOzoneClusterImpl-d5645d28-46c2-4d7d-99f2-1f02fc29b8b0/datanode-0/data/ratis/f7939979-c7d6-4c52-bfb6-0dace7a3af8b
2019-08-29 11:54:37,115 [pool-27-thread-1] INFO  server.RaftServerConfigKeys (ConfUtils.java:logGet(43)) - raft.server.log.queue.byte-limit = 2147483647 (custom)
2019-08-29 11:54:37,115 [pool-27-thread-1] INFO  server.RaftServerConfigKeys (ConfUtils.java:logGet(43)) - raft.server.log.queue.element-limit = 1024 (custom)
2019-08-29 11:54:37,129 [pool-27-thread-1] INFO  server.RaftServerConfigKeys (ConfUtils.java:logGet(43)) - raft.server.log.segment.size.max = 1048576 (custom)
2019-08-29 11:54:37,130 [pool-27-thread-1] INFO  server.RaftServerConfigKeys (ConfUtils.java:logGet(43)) - raft.server.log.preallocated.size = 16384 (custom)
2019-08-29 11:54:37,131 [pool-27-thread-1] INFO  server.RaftServerConfigKeys (ConfUtils.java:logGet(43)) - raft.server.log.write.buffer.size = 33554432 (custom)
2019-08-29 11:54:37,132 [pool-27-thread-1] INFO  server.RaftServerConfigKeys (ConfUtils.java:logGet(43)) - raft.server.log.force.sync.num = 128 (default)
2019-08-29 11:54:37,133 [pool-27-thread-1] INFO  server.RaftServerConfigKeys (ConfUtils.java:logGet(43)) - raft.server.log.statemachine.data.sync = true (default)
2019-08-29 11:54:37,133 [pool-27-thread-1] INFO  server.RaftServerConfigKeys (ConfUtils.java:logGet(43)) - raft.server.log.statemachine.data.sync.timeout = 10s (default)
2019-08-29 11:54:37,134 [pool-27-thread-1] INFO  server.RaftServerConfigKeys (ConfUtils.java:logGet(43)) - raft.server.log.statemachine.data.sync.timeout.retry = -1 (default)
2019-08-29 11:54:37,147 [pool-27-thread-1] INFO  server.RaftServerConfigKeys (ConfUtils.java:logGet(43)) - raft.server.log.statemachine.data.caching.enabled = true (custom)
2019-08-29 11:54:37,153 [pool-27-thread-1] INFO  segmented.SegmentedRaftLogWorker (SegmentedRaftLogWorker.java:lambda$new$0(132)) - 920b05f1-a92b-459a-a000-361715d4ee3d-SegmentedRaftLogWorker:Storage Directory /workdir/hadoop-ozone/integration-test/target/test-dir/MiniOzoneClusterImpl-d5645d28-46c2-4d7d-99f2-1f02fc29b8b0/datanode-0/data/ratis/f7939979-c7d6-4c52-bfb6-0dace7a3af8b: flushIndex: setUnconditionally 0 -> -1
2019-08-29 11:54:37,159 [pool-27-thread-1] INFO  server.RaftServerConfigKeys (ConfUtils.java:logGet(43)) - raft.server.snapshot.auto.trigger.enabled = true (custom)
2019-08-29 11:54:37,160 [pool-27-thread-1] INFO  server.RaftServerConfigKeys (ConfUtils.java:logGet(43)) - raft.server.snapshot.auto.trigger.threshold = 10000 (custom)
2019-08-29 11:54:37,160 [pool-27-thread-1] INFO  server.RaftServerConfigKeys (ConfUtils.java:logGet(43)) - raft.server.retrycache.expirytime = 600000ms (custom)
2019-08-29 11:54:37,190 [pool-27-thread-1] INFO  impl.RaftServerImpl (RaftServerImpl.java:start(180)) - 920b05f1-a92b-459a-a000-361715d4ee3d: start group-0DACE7A3AF8B
2019-08-29 11:54:37,192 [pool-27-thread-1] INFO  impl.RaftServerImpl (RaftServerImpl.java:setRole(171)) - 920b05f1-a92b-459a-a000-361715d4ee3d:group-0DACE7A3AF8B changes role from null to FOLLOWER at term 0 for startAsFollower
2019-08-29 11:54:37,193 [pool-27-thread-1] INFO  impl.RoleInfo (RoleInfo.java:updateAndGet(143)) - 920b05f1-a92b-459a-a000-361715d4ee3d: start FollowerState
2019-08-29 11:54:37,215 [pool-27-thread-1] INFO  util.JmxRegister (JmxRegister.java:tryRegister(44)) - Successfully registered JMX Bean with object name Ratis:service=RaftServer,group=group-0DACE7A3AF8B,id=920b05f1-a92b-459a-a000-361715d4ee3d
2019-08-29 11:54:37,295 [RatisPipelineUtilsThread] INFO  pipeline.PipelineStateManager (PipelineStateManager.java:addPipeline(56)) - Created pipeline Pipeline[ Id: f7939979-c7d6-4c52-bfb6-0dace7a3af8b, Nodes: 920b05f1-a92b-459a-a000-361715d4ee3d{ip: 192.168.5.166, host: pr-hdds-2030-qplxq-3692370286, networkLocation: /default-rack, certSerialId: null}, Type:RATIS, Factor:ONE, State:OPEN]
2019-08-29 11:54:37,333 [grpc-default-executor-0] INFO  impl.RaftServerProxy (RaftServerProxy.java:addNew(89)) - 07dabde0-c17e-46ed-9a55-144838a04ea2: addNew group-3DEB20923187:[07dabde0-c17e-46ed-9a55-144838a04ea2:192.168.5.166:46770] returns group-3DEB20923187:java.util.concurrent.CompletableFuture@6a723775[Not completed]
2019-08-29 11:54:37,413 [pool-38-thread-1] INFO  impl.RaftServerImpl (RaftServerImpl.java:<init>(93)) - 07dabde0-c17e-46ed-9a55-144838a04ea2: new RaftServerImpl for group-3DEB20923187:[07dabde0-c17e-46ed-9a55-144838a04ea2:192.168.5.166:46770] with ContainerStateMachine:uninitialized
2019-08-29 11:54:37,415 [pool-38-thread-1] INFO  server.RaftServerConfigKeys (ConfUtils.java:logGet(43)) - raft.server.rpc.timeout.min = 1s (custom)
2019-08-29 11:54:37,415 [pool-38-thread-1] INFO  server.RaftServerConfigKeys (ConfUtils.java:logGet(43)) - raft.server.rpc.timeout.max = 1200ms (custom)
2019-08-29 11:54:37,416 [pool-38-thread-1] INFO  server.RaftServerConfigKeys (ConfUtils.java:logGet(43)) - raft.server.rpcslowness.timeout = 120s (custom)
2019-08-29 11:54:37,416 [pool-38-thread-1] INFO  server.RaftServerConfigKeys (ConfUtils.java:logGet(43)) - raft.server.sleep.deviation.threshold = 300 (default)
2019-08-29 11:54:37,416 [pool-38-thread-1] INFO  server.RaftServerConfigKeys (ConfUtils.java:logGet(43)) - raft.server.log.appender.install.snapshot.enabled = false (custom)
2019-08-29 11:54:37,416 [pool-38-thread-1] INFO  impl.RaftServerImpl (ServerState.java:<init>(105)) - 07dabde0-c17e-46ed-9a55-144838a04ea2:group-3DEB20923187 ConfigurationManager, init=-1: [07dabde0-c17e-46ed-9a55-144838a04ea2:192.168.5.166:46770], old=null, confs=<EMPTY_MAP>
2019-08-29 11:54:37,416 [pool-38-thread-1] INFO  server.RaftServerConfigKeys (ConfUtils.java:logGet(43)) - raft.server.storage.dir = [/workdir/hadoop-ozone/integration-test/target/test-dir/MiniOzoneClusterImpl-d5645d28-46c2-4d7d-99f2-1f02fc29b8b0/datanode-1/data/ratis] (custom)
2019-08-29 11:54:37,420 [pool-38-thread-1] INFO  storage.RaftStorageDirectory (RaftStorageDirectory.java:analyzeStorage(246)) - The storage directory /workdir/hadoop-ozone/integration-test/target/test-dir/MiniOzoneClusterImpl-d5645d28-46c2-4d7d-99f2-1f02fc29b8b0/datanode-1/data/ratis/c9d00459-23b8-41f1-8dee-3deb20923187 does not exist. Creating ...
2019-08-29 11:54:37,423 [IPC Server handler 3 on 35431] INFO  net.NetworkTopology (NetworkTopologyImpl.java:add(110)) - Added a new node: /default-rack/7c3dea4a-666f-498f-b3ec-37d2b2f2aea0
2019-08-29 11:54:37,423 [IPC Server handler 3 on 35431] INFO  node.SCMNodeManager (SCMNodeManager.java:register(273)) - Registered Data node : 7c3dea4a-666f-498f-b3ec-37d2b2f2aea0{ip: 192.168.5.166, host: pr-hdds-2030-qplxq-3692370286, networkLocation: /default-rack, certSerialId: null}
2019-08-29 11:54:37,423 | INFO  | SCMAudit | user=jenkins1000 | ip=192.168.5.166 | op=REGISTER {datanodeDetails=7c3dea4a-666f-498f-b3ec-37d2b2f2aea0{ip: 192.168.5.166, host: pr-hdds-2030-qplxq-3692370286, networkLocation: /default-rack, certSerialId: null}} | ret=SUCCESS |  
2019-08-29 11:54:37,436 [pool-38-thread-1] INFO  storage.RaftStorageDirectory (RaftStorageDirectory.java:tryLock(328)) - Lock on /workdir/hadoop-ozone/integration-test/target/test-dir/MiniOzoneClusterImpl-d5645d28-46c2-4d7d-99f2-1f02fc29b8b0/datanode-1/data/ratis/c9d00459-23b8-41f1-8dee-3deb20923187/in_use.lock acquired by nodename 29102@pr-hdds-2030-qplxq-3692370286
2019-08-29 11:54:37,450 [pool-38-thread-1] INFO  storage.RaftStorage (RaftStorage.java:format(72)) - Storage directory /workdir/hadoop-ozone/integration-test/target/test-dir/MiniOzoneClusterImpl-d5645d28-46c2-4d7d-99f2-1f02fc29b8b0/datanode-1/data/ratis/c9d00459-23b8-41f1-8dee-3deb20923187 has been successfully formatted.
2019-08-29 11:54:37,454 [pool-38-thread-1] INFO  ratis.ContainerStateMachine (ContainerStateMachine.java:loadSnapshot(226)) - group-3DEB20923187: The snapshot info is null. Setting the last applied indexto:(t:0, i:~)
2019-08-29 11:54:37,458 [pool-38-thread-1] INFO  server.RaftServerConfigKeys (ConfUtils.java:logGet(43)) - raft.server.leader.election.timeout = 120s (custom)
2019-08-29 11:54:37,458 [pool-38-thread-1] INFO  server.RaftServerConfigKeys (ConfUtils.java:logGet(43)) - raft.server.log.use.memory = false (default)
2019-08-29 11:54:37,458 [pool-38-thread-1] INFO  server.RaftServerConfigKeys (ConfUtils.java:logGet(43)) - raft.server.log.purge.gap = 1000000 (custom)
2019-08-29 11:54:37,458 [pool-38-thread-1] INFO  server.RaftServerConfigKeys (ConfUtils.java:logGet(43)) - raft.server.log.appender.buffer.byte-limit = 33554432 (custom)
2019-08-29 11:54:37,458 [pool-38-thread-1] INFO  server.RaftServerConfigKeys (ConfUtils.java:logGet(43)) - raft.server.log.segment.size.max = 1048576 (custom)
2019-08-29 11:54:37,459 [pool-38-thread-1] INFO  server.RaftServerConfigKeys (ConfUtils.java:logGet(43)) - raft.server.log.segment.cache.num.max = 2 (custom)
2019-08-29 11:54:37,459 [pool-38-thread-1] INFO  segmented.SegmentedRaftLogWorker (SegmentedRaftLogWorker.java:<init>(172)) - new 07dabde0-c17e-46ed-9a55-144838a04ea2-SegmentedRaftLogWorker:Storage Directory /workdir/hadoop-ozone/integration-test/target/test-dir/MiniOzoneClusterImpl-d5645d28-46c2-4d7d-99f2-1f02fc29b8b0/datanode-1/data/ratis/c9d00459-23b8-41f1-8dee-3deb20923187 for RaftStorage:Storage Directory /workdir/hadoop-ozone/integration-test/target/test-dir/MiniOzoneClusterImpl-d5645d28-46c2-4d7d-99f2-1f02fc29b8b0/datanode-1/data/ratis/c9d00459-23b8-41f1-8dee-3deb20923187
2019-08-29 11:54:37,463 [pool-38-thread-1] INFO  server.RaftServerConfigKeys (ConfUtils.java:logGet(43)) - raft.server.log.queue.byte-limit = 2147483647 (custom)
2019-08-29 11:54:37,463 [pool-38-thread-1] INFO  server.RaftServerConfigKeys (ConfUtils.java:logGet(43)) - raft.server.log.queue.element-limit = 1024 (custom)
2019-08-29 11:54:37,463 [pool-38-thread-1] INFO  server.RaftServerConfigKeys (ConfUtils.java:logGet(43)) - raft.server.log.segment.size.max = 1048576 (custom)
2019-08-29 11:54:37,464 [pool-38-thread-1] INFO  server.RaftServerConfigKeys (ConfUtils.java:logGet(43)) - raft.server.log.preallocated.size = 16384 (custom)
2019-08-29 11:54:37,464 [pool-38-thread-1] INFO  server.RaftServerConfigKeys (ConfUtils.java:logGet(43)) - raft.server.log.write.buffer.size = 33554432 (custom)
2019-08-29 11:54:37,464 [main] INFO  ozone.MiniOzoneClusterImpl (MiniOzoneClusterImpl.java:lambda$waitForClusterToBeReady$0(142)) - Waiting for cluster to be ready. Got 7 of 10 DN Heartbeats.
2019-08-29 11:54:37,464 [pool-38-thread-1] INFO  server.RaftServerConfigKeys (ConfUtils.java:logGet(43)) - raft.server.log.force.sync.num = 128 (default)
2019-08-29 11:54:37,468 [pool-38-thread-1] INFO  server.RaftServerConfigKeys (ConfUtils.java:logGet(43)) - raft.server.log.statemachine.data.sync = true (default)
2019-08-29 11:54:37,468 [pool-38-thread-1] INFO  server.RaftServerConfigKeys (ConfUtils.java:logGet(43)) - raft.server.log.statemachine.data.sync.timeout = 10s (default)
2019-08-29 11:54:37,468 [pool-38-thread-1] INFO  server.RaftServerConfigKeys (ConfUtils.java:logGet(43)) - raft.server.log.statemachine.data.sync.timeout.retry = -1 (default)
2019-08-29 11:54:37,469 [pool-38-thread-1] INFO  server.RaftServerConfigKeys (ConfUtils.java:logGet(43)) - raft.server.log.statemachine.data.caching.enabled = true (custom)
2019-08-29 11:54:37,469 [pool-38-thread-1] INFO  segmented.SegmentedRaftLogWorker (SegmentedRaftLogWorker.java:lambda$new$0(132)) - 07dabde0-c17e-46ed-9a55-144838a04ea2-SegmentedRaftLogWorker:Storage Directory /workdir/hadoop-ozone/integration-test/target/test-dir/MiniOzoneClusterImpl-d5645d28-46c2-4d7d-99f2-1f02fc29b8b0/datanode-1/data/ratis/c9d00459-23b8-41f1-8dee-3deb20923187: flushIndex: setUnconditionally 0 -> -1
2019-08-29 11:54:37,489 [pool-38-thread-1] INFO  server.RaftServerConfigKeys (ConfUtils.java:logGet(43)) - raft.server.snapshot.auto.trigger.enabled = true (custom)
2019-08-29 11:54:37,490 [pool-38-thread-1] INFO  server.RaftServerConfigKeys (ConfUtils.java:logGet(43)) - raft.server.snapshot.auto.trigger.threshold = 10000 (custom)
2019-08-29 11:54:37,490 [pool-38-thread-1] INFO  server.RaftServerConfigKeys (ConfUtils.java:logGet(43)) - raft.server.retrycache.expirytime = 600000ms (custom)
2019-08-29 11:54:37,490 [pool-38-thread-1] INFO  impl.RaftServerImpl (RaftServerImpl.java:start(180)) - 07dabde0-c17e-46ed-9a55-144838a04ea2: start group-3DEB20923187
2019-08-29 11:54:37,491 [pool-38-thread-1] INFO  impl.RaftServerImpl (RaftServerImpl.java:setRole(171)) - 07dabde0-c17e-46ed-9a55-144838a04ea2:group-3DEB20923187 changes role from null to FOLLOWER at term 0 for startAsFollower
2019-08-29 11:54:37,491 [pool-38-thread-1] INFO  impl.RoleInfo (RoleInfo.java:updateAndGet(143)) - 07dabde0-c17e-46ed-9a55-144838a04ea2: start FollowerState
2019-08-29 11:54:37,495 [pool-38-thread-1] INFO  util.JmxRegister (JmxRegister.java:tryRegister(44)) - Successfully registered JMX Bean with object name Ratis:service=RaftServer,group=group-3DEB20923187,id=07dabde0-c17e-46ed-9a55-144838a04ea2
2019-08-29 11:54:37,515 [RatisPipelineUtilsThread] INFO  pipeline.PipelineStateManager (PipelineStateManager.java:addPipeline(56)) - Created pipeline Pipeline[ Id: c9d00459-23b8-41f1-8dee-3deb20923187, Nodes: 07dabde0-c17e-46ed-9a55-144838a04ea2{ip: 192.168.5.166, host: pr-hdds-2030-qplxq-3692370286, networkLocation: /default-rack, certSerialId: null}, Type:RATIS, Factor:ONE, State:OPEN]
2019-08-29 11:54:37,537 [grpc-default-executor-0] INFO  impl.RaftServerProxy (RaftServerProxy.java:addNew(89)) - bd7d2b3e-70a9-4c18-9e48-3057ca72b747: addNew group-444E1B2B0B00:[bd7d2b3e-70a9-4c18-9e48-3057ca72b747:192.168.5.166:45844] returns group-444E1B2B0B00:java.util.concurrent.CompletableFuture@58625a92[Not completed]
2019-08-29 11:54:37,558 [pool-71-thread-1] INFO  impl.RaftServerImpl (RaftServerImpl.java:<init>(93)) - bd7d2b3e-70a9-4c18-9e48-3057ca72b747: new RaftServerImpl for group-444E1B2B0B00:[bd7d2b3e-70a9-4c18-9e48-3057ca72b747:192.168.5.166:45844] with ContainerStateMachine:uninitialized
2019-08-29 11:54:37,558 [pool-71-thread-1] INFO  server.RaftServerConfigKeys (ConfUtils.java:logGet(43)) - raft.server.rpc.timeout.min = 1s (custom)
2019-08-29 11:54:37,558 [pool-71-thread-1] INFO  server.RaftServerConfigKeys (ConfUtils.java:logGet(43)) - raft.server.rpc.timeout.max = 1200ms (custom)
2019-08-29 11:54:37,558 [pool-71-thread-1] INFO  server.RaftServerConfigKeys (ConfUtils.java:logGet(43)) - raft.server.rpcslowness.timeout = 120s (custom)
2019-08-29 11:54:37,559 [pool-71-thread-1] INFO  server.RaftServerConfigKeys (ConfUtils.java:logGet(43)) - raft.server.sleep.deviation.threshold = 300 (default)
2019-08-29 11:54:37,559 [pool-71-thread-1] INFO  server.RaftServerConfigKeys (ConfUtils.java:logGet(43)) - raft.server.log.appender.install.snapshot.enabled = false (custom)
2019-08-29 11:54:37,559 [pool-71-thread-1] INFO  impl.RaftServerImpl (ServerState.java:<init>(105)) - bd7d2b3e-70a9-4c18-9e48-3057ca72b747:group-444E1B2B0B00 ConfigurationManager, init=-1: [bd7d2b3e-70a9-4c18-9e48-3057ca72b747:192.168.5.166:45844], old=null, confs=<EMPTY_MAP>
2019-08-29 11:54:37,559 [pool-71-thread-1] INFO  server.RaftServerConfigKeys (ConfUtils.java:logGet(43)) - raft.server.storage.dir = [/workdir/hadoop-ozone/integration-test/target/test-dir/MiniOzoneClusterImpl-d5645d28-46c2-4d7d-99f2-1f02fc29b8b0/datanode-4/data/ratis] (custom)
2019-08-29 11:54:37,559 [pool-71-thread-1] INFO  storage.RaftStorageDirectory (RaftStorageDirectory.java:analyzeStorage(246)) - The storage directory /workdir/hadoop-ozone/integration-test/target/test-dir/MiniOzoneClusterImpl-d5645d28-46c2-4d7d-99f2-1f02fc29b8b0/datanode-4/data/ratis/6765c449-295f-45a1-b815-444e1b2b0b00 does not exist. Creating ...
2019-08-29 11:54:37,572 [pool-71-thread-1] INFO  storage.RaftStorageDirectory (RaftStorageDirectory.java:tryLock(328)) - Lock on /workdir/hadoop-ozone/integration-test/target/test-dir/MiniOzoneClusterImpl-d5645d28-46c2-4d7d-99f2-1f02fc29b8b0/datanode-4/data/ratis/6765c449-295f-45a1-b815-444e1b2b0b00/in_use.lock acquired by nodename 29102@pr-hdds-2030-qplxq-3692370286
2019-08-29 11:54:37,591 [pool-71-thread-1] INFO  storage.RaftStorage (RaftStorage.java:format(72)) - Storage directory /workdir/hadoop-ozone/integration-test/target/test-dir/MiniOzoneClusterImpl-d5645d28-46c2-4d7d-99f2-1f02fc29b8b0/datanode-4/data/ratis/6765c449-295f-45a1-b815-444e1b2b0b00 has been successfully formatted.
2019-08-29 11:54:37,591 [pool-71-thread-1] INFO  ratis.ContainerStateMachine (ContainerStateMachine.java:loadSnapshot(226)) - group-444E1B2B0B00: The snapshot info is null. Setting the last applied indexto:(t:0, i:~)
2019-08-29 11:54:37,591 [pool-71-thread-1] INFO  server.RaftServerConfigKeys (ConfUtils.java:logGet(43)) - raft.server.leader.election.timeout = 120s (custom)
2019-08-29 11:54:37,591 [pool-71-thread-1] INFO  server.RaftServerConfigKeys (ConfUtils.java:logGet(43)) - raft.server.log.use.memory = false (default)
2019-08-29 11:54:37,592 [pool-71-thread-1] INFO  server.RaftServerConfigKeys (ConfUtils.java:logGet(43)) - raft.server.log.purge.gap = 1000000 (custom)
2019-08-29 11:54:37,592 [pool-71-thread-1] INFO  server.RaftServerConfigKeys (ConfUtils.java:logGet(43)) - raft.server.log.appender.buffer.byte-limit = 33554432 (custom)
2019-08-29 11:54:37,592 [pool-71-thread-1] INFO  server.RaftServerConfigKeys (ConfUtils.java:logGet(43)) - raft.server.log.segment.size.max = 1048576 (custom)
2019-08-29 11:54:37,592 [pool-71-thread-1] INFO  server.RaftServerConfigKeys (ConfUtils.java:logGet(43)) - raft.server.log.segment.cache.num.max = 2 (custom)
2019-08-29 11:54:37,592 [pool-71-thread-1] INFO  segmented.SegmentedRaftLogWorker (SegmentedRaftLogWorker.java:<init>(172)) - new bd7d2b3e-70a9-4c18-9e48-3057ca72b747-SegmentedRaftLogWorker:Storage Directory /workdir/hadoop-ozone/integration-test/target/test-dir/MiniOzoneClusterImpl-d5645d28-46c2-4d7d-99f2-1f02fc29b8b0/datanode-4/data/ratis/6765c449-295f-45a1-b815-444e1b2b0b00 for RaftStorage:Storage Directory /workdir/hadoop-ozone/integration-test/target/test-dir/MiniOzoneClusterImpl-d5645d28-46c2-4d7d-99f2-1f02fc29b8b0/datanode-4/data/ratis/6765c449-295f-45a1-b815-444e1b2b0b00
2019-08-29 11:54:37,592 [pool-71-thread-1] INFO  server.RaftServerConfigKeys (ConfUtils.java:logGet(43)) - raft.server.log.queue.byte-limit = 2147483647 (custom)
2019-08-29 11:54:37,592 [pool-71-thread-1] INFO  server.RaftServerConfigKeys (ConfUtils.java:logGet(43)) - raft.server.log.queue.element-limit = 1024 (custom)
2019-08-29 11:54:37,593 [pool-71-thread-1] INFO  server.RaftServerConfigKeys (ConfUtils.java:logGet(43)) - raft.server.log.segment.size.max = 1048576 (custom)
2019-08-29 11:54:37,593 [pool-71-thread-1] INFO  server.RaftServerConfigKeys (ConfUtils.java:logGet(43)) - raft.server.log.preallocated.size = 16384 (custom)
2019-08-29 11:54:37,593 [pool-71-thread-1] INFO  server.RaftServerConfigKeys (ConfUtils.java:logGet(43)) - raft.server.log.write.buffer.size = 33554432 (custom)
2019-08-29 11:54:37,593 [pool-71-thread-1] INFO  server.RaftServerConfigKeys (ConfUtils.java:logGet(43)) - raft.server.log.force.sync.num = 128 (default)
2019-08-29 11:54:37,593 [pool-71-thread-1] INFO  server.RaftServerConfigKeys (ConfUtils.java:logGet(43)) - raft.server.log.statemachine.data.sync = true (default)
2019-08-29 11:54:37,593 [pool-71-thread-1] INFO  server.RaftServerConfigKeys (ConfUtils.java:logGet(43)) - raft.server.log.statemachine.data.sync.timeout = 10s (default)
2019-08-29 11:54:37,593 [pool-71-thread-1] INFO  server.RaftServerConfigKeys (ConfUtils.java:logGet(43)) - raft.server.log.statemachine.data.sync.timeout.retry = -1 (default)
2019-08-29 11:54:37,594 [pool-71-thread-1] INFO  server.RaftServerConfigKeys (ConfUtils.java:logGet(43)) - raft.server.log.statemachine.data.caching.enabled = true (custom)
2019-08-29 11:54:37,594 [pool-71-thread-1] INFO  segmented.SegmentedRaftLogWorker (SegmentedRaftLogWorker.java:lambda$new$0(132)) - bd7d2b3e-70a9-4c18-9e48-3057ca72b747-SegmentedRaftLogWorker:Storage Directory /workdir/hadoop-ozone/integration-test/target/test-dir/MiniOzoneClusterImpl-d5645d28-46c2-4d7d-99f2-1f02fc29b8b0/datanode-4/data/ratis/6765c449-295f-45a1-b815-444e1b2b0b00: flushIndex: setUnconditionally 0 -> -1
2019-08-29 11:54:37,594 [pool-71-thread-1] INFO  server.RaftServerConfigKeys (ConfUtils.java:logGet(43)) - raft.server.snapshot.auto.trigger.enabled = true (custom)
2019-08-29 11:54:37,594 [pool-71-thread-1] INFO  server.RaftServerConfigKeys (ConfUtils.java:logGet(43)) - raft.server.snapshot.auto.trigger.threshold = 10000 (custom)
2019-08-29 11:54:37,595 [pool-71-thread-1] INFO  server.RaftServerConfigKeys (ConfUtils.java:logGet(43)) - raft.server.retrycache.expirytime = 600000ms (custom)
2019-08-29 11:54:37,595 [pool-71-thread-1] INFO  impl.RaftServerImpl (RaftServerImpl.java:start(180)) - bd7d2b3e-70a9-4c18-9e48-3057ca72b747: start group-444E1B2B0B00
2019-08-29 11:54:37,595 [pool-71-thread-1] INFO  impl.RaftServerImpl (RaftServerImpl.java:setRole(171)) - bd7d2b3e-70a9-4c18-9e48-3057ca72b747:group-444E1B2B0B00 changes role from null to FOLLOWER at term 0 for startAsFollower
2019-08-29 11:54:37,595 [pool-71-thread-1] INFO  impl.RoleInfo (RoleInfo.java:updateAndGet(143)) - bd7d2b3e-70a9-4c18-9e48-3057ca72b747: start FollowerState
2019-08-29 11:54:37,597 | INFO  | SCMAudit | user=jenkins1000 | ip=192.168.5.166 | op=SEND_HEARTBEAT {datanodeUUID=920b05f1-a92b-459a-a000-361715d4ee3d, command=[]} | ret=SUCCESS |  
2019-08-29 11:54:37,927 [pool-71-thread-1] INFO  util.JmxRegister (JmxRegister.java:tryRegister(44)) - Successfully registered JMX Bean with object name Ratis:service=RaftServer,group=group-444E1B2B0B00,id=bd7d2b3e-70a9-4c18-9e48-3057ca72b747
2019-08-29 11:54:37,928 | INFO  | SCMAudit | user=jenkins1000 | ip=192.168.5.166 | op=SEND_HEARTBEAT {datanodeUUID=07dabde0-c17e-46ed-9a55-144838a04ea2, command=[]} | ret=SUCCESS |  
2019-08-29 11:54:37,927 [IPC Server handler 15 on 35431] INFO  net.NetworkTopology (NetworkTopologyImpl.java:add(110)) - Added a new node: /default-rack/42efee89-99fa-4c75-b2bf-b3a1b636c7a3
2019-08-29 11:54:38,026 [IPC Server handler 15 on 35431] INFO  node.SCMNodeManager (SCMNodeManager.java:register(273)) - Registered Data node : 42efee89-99fa-4c75-b2bf-b3a1b636c7a3{ip: 192.168.5.166, host: pr-hdds-2030-qplxq-3692370286, networkLocation: /default-rack, certSerialId: null}
2019-08-29 11:54:38,027 | INFO  | SCMAudit | user=jenkins1000 | ip=192.168.5.166 | op=REGISTER {datanodeDetails=42efee89-99fa-4c75-b2bf-b3a1b636c7a3{ip: 192.168.5.166, host: pr-hdds-2030-qplxq-3692370286, networkLocation: /default-rack, certSerialId: null}} | ret=SUCCESS |  
2019-08-29 11:54:38,052 [RatisPipelineUtilsThread] INFO  pipeline.PipelineStateManager (PipelineStateManager.java:addPipeline(56)) - Created pipeline Pipeline[ Id: 6765c449-295f-45a1-b815-444e1b2b0b00, Nodes: bd7d2b3e-70a9-4c18-9e48-3057ca72b747{ip: 192.168.5.166, host: pr-hdds-2030-qplxq-3692370286, networkLocation: /default-rack, certSerialId: null}, Type:RATIS, Factor:ONE, State:OPEN]
2019-08-29 11:54:38,083 [grpc-default-executor-0] INFO  impl.RaftServerProxy (RaftServerProxy.java:addNew(89)) - 42efee89-99fa-4c75-b2bf-b3a1b636c7a3: addNew group-BB9F13E11506:[42efee89-99fa-4c75-b2bf-b3a1b636c7a3:192.168.5.166:34186] returns group-BB9F13E11506:java.util.concurrent.CompletableFuture@78e5903f[Not completed]
2019-08-29 11:54:38,091 [pool-104-thread-1] INFO  impl.RaftServerImpl (RaftServerImpl.java:<init>(93)) - 42efee89-99fa-4c75-b2bf-b3a1b636c7a3: new RaftServerImpl for group-BB9F13E11506:[42efee89-99fa-4c75-b2bf-b3a1b636c7a3:192.168.5.166:34186] with ContainerStateMachine:uninitialized
2019-08-29 11:54:38,091 [pool-104-thread-1] INFO  server.RaftServerConfigKeys (ConfUtils.java:logGet(43)) - raft.server.rpc.timeout.min = 1s (custom)
2019-08-29 11:54:38,091 [pool-104-thread-1] INFO  server.RaftServerConfigKeys (ConfUtils.java:logGet(43)) - raft.server.rpc.timeout.max = 1200ms (custom)
2019-08-29 11:54:38,092 [pool-104-thread-1] INFO  server.RaftServerConfigKeys (ConfUtils.java:logGet(43)) - raft.server.rpcslowness.timeout = 120s (custom)
2019-08-29 11:54:38,092 [pool-104-thread-1] INFO  server.RaftServerConfigKeys (ConfUtils.java:logGet(43)) - raft.server.sleep.deviation.threshold = 300 (default)
2019-08-29 11:54:38,092 [pool-104-thread-1] INFO  server.RaftServerConfigKeys (ConfUtils.java:logGet(43)) - raft.server.log.appender.install.snapshot.enabled = false (custom)
2019-08-29 11:54:38,092 [pool-104-thread-1] INFO  impl.RaftServerImpl (ServerState.java:<init>(105)) - 42efee89-99fa-4c75-b2bf-b3a1b636c7a3:group-BB9F13E11506 ConfigurationManager, init=-1: [42efee89-99fa-4c75-b2bf-b3a1b636c7a3:192.168.5.166:34186], old=null, confs=<EMPTY_MAP>
2019-08-29 11:54:38,093 [pool-104-thread-1] INFO  server.RaftServerConfigKeys (ConfUtils.java:logGet(43)) - raft.server.storage.dir = [/workdir/hadoop-ozone/integration-test/target/test-dir/MiniOzoneClusterImpl-d5645d28-46c2-4d7d-99f2-1f02fc29b8b0/datanode-7/data/ratis] (custom)
2019-08-29 11:54:38,093 [pool-104-thread-1] INFO  storage.RaftStorageDirectory (RaftStorageDirectory.java:analyzeStorage(246)) - The storage directory /workdir/hadoop-ozone/integration-test/target/test-dir/MiniOzoneClusterImpl-d5645d28-46c2-4d7d-99f2-1f02fc29b8b0/datanode-7/data/ratis/8f995859-67f3-43e1-864f-bb9f13e11506 does not exist. Creating ...
2019-08-29 11:54:38,106 [pool-104-thread-1] INFO  storage.RaftStorageDirectory (RaftStorageDirectory.java:tryLock(328)) - Lock on /workdir/hadoop-ozone/integration-test/target/test-dir/MiniOzoneClusterImpl-d5645d28-46c2-4d7d-99f2-1f02fc29b8b0/datanode-7/data/ratis/8f995859-67f3-43e1-864f-bb9f13e11506/in_use.lock acquired by nodename 29102@pr-hdds-2030-qplxq-3692370286
2019-08-29 11:54:38,123 [pool-104-thread-1] INFO  storage.RaftStorage (RaftStorage.java:format(72)) - Storage directory /workdir/hadoop-ozone/integration-test/target/test-dir/MiniOzoneClusterImpl-d5645d28-46c2-4d7d-99f2-1f02fc29b8b0/datanode-7/data/ratis/8f995859-67f3-43e1-864f-bb9f13e11506 has been successfully formatted.
2019-08-29 11:54:38,123 [pool-104-thread-1] INFO  ratis.ContainerStateMachine (ContainerStateMachine.java:loadSnapshot(226)) - group-BB9F13E11506: The snapshot info is null. Setting the last applied indexto:(t:0, i:~)
2019-08-29 11:54:38,123 [pool-104-thread-1] INFO  server.RaftServerConfigKeys (ConfUtils.java:logGet(43)) - raft.server.leader.election.timeout = 120s (custom)
2019-08-29 11:54:38,124 [pool-104-thread-1] INFO  server.RaftServerConfigKeys (ConfUtils.java:logGet(43)) - raft.server.log.use.memory = false (default)
2019-08-29 11:54:38,124 [pool-104-thread-1] INFO  server.RaftServerConfigKeys (ConfUtils.java:logGet(43)) - raft.server.log.purge.gap = 1000000 (custom)
2019-08-29 11:54:38,124 [pool-104-thread-1] INFO  server.RaftServerConfigKeys (ConfUtils.java:logGet(43)) - raft.server.log.appender.buffer.byte-limit = 33554432 (custom)
2019-08-29 11:54:38,124 [pool-104-thread-1] INFO  server.RaftServerConfigKeys (ConfUtils.java:logGet(43)) - raft.server.log.segment.size.max = 1048576 (custom)
2019-08-29 11:54:38,124 [pool-104-thread-1] INFO  server.RaftServerConfigKeys (ConfUtils.java:logGet(43)) - raft.server.log.segment.cache.num.max = 2 (custom)
2019-08-29 11:54:38,124 [pool-104-thread-1] INFO  segmented.SegmentedRaftLogWorker (SegmentedRaftLogWorker.java:<init>(172)) - new 42efee89-99fa-4c75-b2bf-b3a1b636c7a3-SegmentedRaftLogWorker:Storage Directory /workdir/hadoop-ozone/integration-test/target/test-dir/MiniOzoneClusterImpl-d5645d28-46c2-4d7d-99f2-1f02fc29b8b0/datanode-7/data/ratis/8f995859-67f3-43e1-864f-bb9f13e11506 for RaftStorage:Storage Directory /workdir/hadoop-ozone/integration-test/target/test-dir/MiniOzoneClusterImpl-d5645d28-46c2-4d7d-99f2-1f02fc29b8b0/datanode-7/data/ratis/8f995859-67f3-43e1-864f-bb9f13e11506
2019-08-29 11:54:38,124 [pool-104-thread-1] INFO  server.RaftServerConfigKeys (ConfUtils.java:logGet(43)) - raft.server.log.queue.byte-limit = 2147483647 (custom)
2019-08-29 11:54:38,125 [pool-104-thread-1] INFO  server.RaftServerConfigKeys (ConfUtils.java:logGet(43)) - raft.server.log.queue.element-limit = 1024 (custom)
2019-08-29 11:54:38,125 [pool-104-thread-1] INFO  server.RaftServerConfigKeys (ConfUtils.java:logGet(43)) - raft.server.log.segment.size.max = 1048576 (custom)
2019-08-29 11:54:38,125 [pool-104-thread-1] INFO  server.RaftServerConfigKeys (ConfUtils.java:logGet(43)) - raft.server.log.preallocated.size = 16384 (custom)
2019-08-29 11:54:38,125 [pool-104-thread-1] INFO  server.RaftServerConfigKeys (ConfUtils.java:logGet(43)) - raft.server.log.write.buffer.size = 33554432 (custom)
2019-08-29 11:54:38,125 [pool-104-thread-1] INFO  server.RaftServerConfigKeys (ConfUtils.java:logGet(43)) - raft.server.log.force.sync.num = 128 (default)
2019-08-29 11:54:38,125 [pool-104-thread-1] INFO  server.RaftServerConfigKeys (ConfUtils.java:logGet(43)) - raft.server.log.statemachine.data.sync = true (default)
2019-08-29 11:54:38,125 [pool-104-thread-1] INFO  server.RaftServerConfigKeys (ConfUtils.java:logGet(43)) - raft.server.log.statemachine.data.sync.timeout = 10s (default)
2019-08-29 11:54:38,126 [pool-104-thread-1] INFO  server.RaftServerConfigKeys (ConfUtils.java:logGet(43)) - raft.server.log.statemachine.data.sync.timeout.retry = -1 (default)
2019-08-29 11:54:38,126 [pool-104-thread-1] INFO  server.RaftServerConfigKeys (ConfUtils.java:logGet(43)) - raft.server.log.statemachine.data.caching.enabled = true (custom)
2019-08-29 11:54:38,126 [pool-104-thread-1] INFO  segmented.SegmentedRaftLogWorker (SegmentedRaftLogWorker.java:lambda$new$0(132)) - 42efee89-99fa-4c75-b2bf-b3a1b636c7a3-SegmentedRaftLogWorker:Storage Directory /workdir/hadoop-ozone/integration-test/target/test-dir/MiniOzoneClusterImpl-d5645d28-46c2-4d7d-99f2-1f02fc29b8b0/datanode-7/data/ratis/8f995859-67f3-43e1-864f-bb9f13e11506: flushIndex: setUnconditionally 0 -> -1
2019-08-29 11:54:38,127 [pool-104-thread-1] INFO  server.RaftServerConfigKeys (ConfUtils.java:logGet(43)) - raft.server.snapshot.auto.trigger.enabled = true (custom)
2019-08-29 11:54:38,127 [pool-104-thread-1] INFO  server.RaftServerConfigKeys (ConfUtils.java:logGet(43)) - raft.server.snapshot.auto.trigger.threshold = 10000 (custom)
2019-08-29 11:54:38,127 [pool-104-thread-1] INFO  server.RaftServerConfigKeys (ConfUtils.java:logGet(43)) - raft.server.retrycache.expirytime = 600000ms (custom)
2019-08-29 11:54:38,127 [pool-104-thread-1] INFO  impl.RaftServerImpl (RaftServerImpl.java:start(180)) - 42efee89-99fa-4c75-b2bf-b3a1b636c7a3: start group-BB9F13E11506
2019-08-29 11:54:38,127 [pool-104-thread-1] INFO  impl.RaftServerImpl (RaftServerImpl.java:setRole(171)) - 42efee89-99fa-4c75-b2bf-b3a1b636c7a3:group-BB9F13E11506 changes role from null to FOLLOWER at term 0 for startAsFollower
2019-08-29 11:54:38,127 [pool-104-thread-1] INFO  impl.RoleInfo (RoleInfo.java:updateAndGet(143)) - 42efee89-99fa-4c75-b2bf-b3a1b636c7a3: start FollowerState
2019-08-29 11:54:38,128 [pool-104-thread-1] INFO  util.JmxRegister (JmxRegister.java:tryRegister(44)) - Successfully registered JMX Bean with object name Ratis:service=RaftServer,group=group-BB9F13E11506,id=42efee89-99fa-4c75-b2bf-b3a1b636c7a3
2019-08-29 11:54:38,147 [RatisPipelineUtilsThread] INFO  pipeline.PipelineStateManager (PipelineStateManager.java:addPipeline(56)) - Created pipeline Pipeline[ Id: 8f995859-67f3-43e1-864f-bb9f13e11506, Nodes: 42efee89-99fa-4c75-b2bf-b3a1b636c7a3{ip: 192.168.5.166, host: pr-hdds-2030-qplxq-3692370286, networkLocation: /default-rack, certSerialId: null}, Type:RATIS, Factor:ONE, State:OPEN]
2019-08-29 11:54:38,164 [grpc-default-executor-0] INFO  impl.RaftServerProxy (RaftServerProxy.java:addNew(89)) - 4a332945-53dc-4c0b-b910-cfaf195ac63d: addNew group-473A9B8954FF:[4a332945-53dc-4c0b-b910-cfaf195ac63d:192.168.5.166:44887] returns group-473A9B8954FF:java.util.concurrent.CompletableFuture@4239ea87[Not completed]
2019-08-29 11:54:38,169 [pool-82-thread-1] INFO  impl.RaftServerImpl (RaftServerImpl.java:<init>(93)) - 4a332945-53dc-4c0b-b910-cfaf195ac63d: new RaftServerImpl for group-473A9B8954FF:[4a332945-53dc-4c0b-b910-cfaf195ac63d:192.168.5.166:44887] with ContainerStateMachine:uninitialized
2019-08-29 11:54:38,169 [pool-82-thread-1] INFO  server.RaftServerConfigKeys (ConfUtils.java:logGet(43)) - raft.server.rpc.timeout.min = 1s (custom)
2019-08-29 11:54:38,169 [pool-82-thread-1] INFO  server.RaftServerConfigKeys (ConfUtils.java:logGet(43)) - raft.server.rpc.timeout.max = 1200ms (custom)
2019-08-29 11:54:38,169 [pool-82-thread-1] INFO  server.RaftServerConfigKeys (ConfUtils.java:logGet(43)) - raft.server.rpcslowness.timeout = 120s (custom)
2019-08-29 11:54:38,169 [pool-82-thread-1] INFO  server.RaftServerConfigKeys (ConfUtils.java:logGet(43)) - raft.server.sleep.deviation.threshold = 300 (default)
2019-08-29 11:54:38,169 [pool-82-thread-1] INFO  server.RaftServerConfigKeys (ConfUtils.java:logGet(43)) - raft.server.log.appender.install.snapshot.enabled = false (custom)
2019-08-29 11:54:38,170 [pool-82-thread-1] INFO  impl.RaftServerImpl (ServerState.java:<init>(105)) - 4a332945-53dc-4c0b-b910-cfaf195ac63d:group-473A9B8954FF ConfigurationManager, init=-1: [4a332945-53dc-4c0b-b910-cfaf195ac63d:192.168.5.166:44887], old=null, confs=<EMPTY_MAP>
2019-08-29 11:54:38,170 [pool-82-thread-1] INFO  server.RaftServerConfigKeys (ConfUtils.java:logGet(43)) - raft.server.storage.dir = [/workdir/hadoop-ozone/integration-test/target/test-dir/MiniOzoneClusterImpl-d5645d28-46c2-4d7d-99f2-1f02fc29b8b0/datanode-5/data/ratis] (custom)
2019-08-29 11:54:38,170 [pool-82-thread-1] INFO  storage.RaftStorageDirectory (RaftStorageDirectory.java:analyzeStorage(246)) - The storage directory /workdir/hadoop-ozone/integration-test/target/test-dir/MiniOzoneClusterImpl-d5645d28-46c2-4d7d-99f2-1f02fc29b8b0/datanode-5/data/ratis/d8d38c04-0485-4715-af9c-473a9b8954ff does not exist. Creating ...
2019-08-29 11:54:38,234 [Thread-284] INFO  impl.FollowerState (FollowerState.java:run(106)) - 920b05f1-a92b-459a-a000-361715d4ee3d:group-0DACE7A3AF8B changes to CANDIDATE, lastRpcTime:1041, electionTimeout:1040ms
2019-08-29 11:54:38,235 [Thread-284] INFO  impl.RoleInfo (RoleInfo.java:shutdownFollowerState(121)) - 920b05f1-a92b-459a-a000-361715d4ee3d: shutdown FollowerState
2019-08-29 11:54:38,235 [Thread-284] INFO  impl.RaftServerImpl (RaftServerImpl.java:setRole(171)) - 920b05f1-a92b-459a-a000-361715d4ee3d:group-0DACE7A3AF8B changes role from FOLLOWER to CANDIDATE at term 0 for changeToCandidate
2019-08-29 11:54:38,242 [Thread-284] INFO  impl.RoleInfo (RoleInfo.java:updateAndGet(143)) - 920b05f1-a92b-459a-a000-361715d4ee3d: start LeaderElection
2019-08-29 11:54:38,371 | INFO  | SCMAudit | user=jenkins1000 | ip=192.168.5.166 | op=SEND_HEARTBEAT {datanodeUUID=e5b95ce0-1250-4c31-97f6-119a472050cb, command=[]} | ret=SUCCESS |  
2019-08-29 11:54:38,373 | INFO  | SCMAudit | user=jenkins1000 | ip=192.168.5.166 | op=SEND_HEARTBEAT {datanodeUUID=03953c42-7b85-4ce6-8578-61fc97f729cc, command=[]} | ret=SUCCESS |  
2019-08-29 11:54:38,374 [IPC Server handler 16 on 35431] INFO  net.NetworkTopology (NetworkTopologyImpl.java:add(110)) - Added a new node: /default-rack/b34bc477-f594-4894-b3be-a6d4c994fd70
2019-08-29 11:54:38,374 [IPC Server handler 16 on 35431] INFO  node.SCMNodeManager (SCMNodeManager.java:register(273)) - Registered Data node : b34bc477-f594-4894-b3be-a6d4c994fd70{ip: 192.168.5.166, host: pr-hdds-2030-qplxq-3692370286, networkLocation: /default-rack, certSerialId: null}
2019-08-29 11:54:38,374 | INFO  | SCMAudit | user=jenkins1000 | ip=192.168.5.166 | op=REGISTER {datanodeDetails=b34bc477-f594-4894-b3be-a6d4c994fd70{ip: 192.168.5.166, host: pr-hdds-2030-qplxq-3692370286, networkLocation: /default-rack, certSerialId: null}} | ret=SUCCESS |  
2019-08-29 11:54:38,455 [pool-82-thread-1] INFO  storage.RaftStorageDirectory (RaftStorageDirectory.java:tryLock(328)) - Lock on /workdir/hadoop-ozone/integration-test/target/test-dir/MiniOzoneClusterImpl-d5645d28-46c2-4d7d-99f2-1f02fc29b8b0/datanode-5/data/ratis/d8d38c04-0485-4715-af9c-473a9b8954ff/in_use.lock acquired by nodename 29102@pr-hdds-2030-qplxq-3692370286
2019-08-29 11:54:38,455 [920b05f1-a92b-459a-a000-361715d4ee3d:group-0DACE7A3AF8B:LeaderElection1] INFO  impl.LeaderElection (LeaderElection.java:askForVotes(181)) - 920b05f1-a92b-459a-a000-361715d4ee3d:group-0DACE7A3AF8B:LeaderElection1: begin an election at term 1 for -1: [920b05f1-a92b-459a-a000-361715d4ee3d:192.168.5.166:36887], old=null
2019-08-29 11:54:38,458 [920b05f1-a92b-459a-a000-361715d4ee3d:group-0DACE7A3AF8B:LeaderElection1] INFO  impl.RoleInfo (RoleInfo.java:shutdownLeaderElection(134)) - 920b05f1-a92b-459a-a000-361715d4ee3d: shutdown LeaderElection
2019-08-29 11:54:38,458 [920b05f1-a92b-459a-a000-361715d4ee3d:group-0DACE7A3AF8B:LeaderElection1] INFO  impl.RaftServerImpl (RaftServerImpl.java:setRole(171)) - 920b05f1-a92b-459a-a000-361715d4ee3d:group-0DACE7A3AF8B changes role from CANDIDATE to LEADER at term 1 for changeToLeader
2019-08-29 11:54:38,459 [920b05f1-a92b-459a-a000-361715d4ee3d:group-0DACE7A3AF8B:LeaderElection1] INFO  impl.RaftServerImpl (ServerState.java:setLeader(263)) - 920b05f1-a92b-459a-a000-361715d4ee3d:group-0DACE7A3AF8B change Leader from null to 920b05f1-a92b-459a-a000-361715d4ee3d at term 1 for becomeLeader, leader elected after 1366ms
2019-08-29 11:54:38,466 [IPC Server handler 0 on 35431] INFO  net.NetworkTopology (NetworkTopologyImpl.java:add(110)) - Added a new node: /default-rack/eec05b1d-f4e8-4418-a60c-420e12deef9f
2019-08-29 11:54:38,467 [IPC Server handler 0 on 35431] INFO  node.SCMNodeManager (SCMNodeManager.java:register(273)) - Registered Data node : eec05b1d-f4e8-4418-a60c-420e12deef9f{ip: 192.168.5.166, host: pr-hdds-2030-qplxq-3692370286, networkLocation: /default-rack, certSerialId: null}
2019-08-29 11:54:38,467 | INFO  | SCMAudit | user=jenkins1000 | ip=192.168.5.166 | op=REGISTER {datanodeDetails=eec05b1d-f4e8-4418-a60c-420e12deef9f{ip: 192.168.5.166, host: pr-hdds-2030-qplxq-3692370286, networkLocation: /default-rack, certSerialId: null}} | ret=SUCCESS |  
2019-08-29 11:54:38,468 [main] INFO  ozone.MiniOzoneClusterImpl (MiniOzoneClusterImpl.java:lambda$waitForClusterToBeReady$0(142)) - Cluster is ready. Got 10 of 10 DN Heartbeats.
2019-08-29 11:54:38,472 [920b05f1-a92b-459a-a000-361715d4ee3d:group-0DACE7A3AF8B:LeaderElection1] INFO  server.RaftServerConfigKeys (ConfUtils.java:logGet(43)) - raft.server.staging.catchup.gap = 1000 (default)
2019-08-29 11:54:38,472 [920b05f1-a92b-459a-a000-361715d4ee3d:group-0DACE7A3AF8B:LeaderElection1] INFO  server.RaftServerConfigKeys (ConfUtils.java:logGet(43)) - raft.server.rpc.sleep.time = 25ms (default)
2019-08-29 11:54:38,475 [920b05f1-a92b-459a-a000-361715d4ee3d:group-0DACE7A3AF8B:LeaderElection1] INFO  server.RaftServerConfigKeys (ConfUtils.java:logGet(43)) - raft.server.write.element-limit = 4096 (default)
2019-08-29 11:54:38,478 [pool-82-thread-1] INFO  storage.RaftStorage (RaftStorage.java:format(72)) - Storage directory /workdir/hadoop-ozone/integration-test/target/test-dir/MiniOzoneClusterImpl-d5645d28-46c2-4d7d-99f2-1f02fc29b8b0/datanode-5/data/ratis/d8d38c04-0485-4715-af9c-473a9b8954ff has been successfully formatted.
2019-08-29 11:54:38,478 [pool-82-thread-1] INFO  ratis.ContainerStateMachine (ContainerStateMachine.java:loadSnapshot(226)) - group-473A9B8954FF: The snapshot info is null. Setting the last applied indexto:(t:0, i:~)
2019-08-29 11:54:38,478 [pool-82-thread-1] INFO  server.RaftServerConfigKeys (ConfUtils.java:logGet(43)) - raft.server.leader.election.timeout = 120s (custom)
2019-08-29 11:54:38,478 [920b05f1-a92b-459a-a000-361715d4ee3d:group-0DACE7A3AF8B:LeaderElection1] INFO  server.RaftServerConfigKeys (ConfUtils.java:logGet(43)) - raft.server.watch.timeout = 10s (default)
2019-08-29 11:54:38,478 [pool-82-thread-1] INFO  server.RaftServerConfigKeys (ConfUtils.java:logGet(43)) - raft.server.log.use.memory = false (default)
2019-08-29 11:54:38,479 [920b05f1-a92b-459a-a000-361715d4ee3d:group-0DACE7A3AF8B:LeaderElection1] INFO  server.RaftServerConfigKeys (ConfUtils.java:logGet(43)) - raft.server.watch.timeout.denomination = 1s (default)
2019-08-29 11:54:38,479 [pool-82-thread-1] INFO  server.RaftServerConfigKeys (ConfUtils.java:logGet(43)) - raft.server.log.purge.gap = 1000000 (custom)
2019-08-29 11:54:38,479 [pool-82-thread-1] INFO  server.RaftServerConfigKeys (ConfUtils.java:logGet(43)) - raft.server.log.appender.buffer.byte-limit = 33554432 (custom)
2019-08-29 11:54:38,479 [pool-82-thread-1] INFO  server.RaftServerConfigKeys (ConfUtils.java:logGet(43)) - raft.server.log.segment.size.max = 1048576 (custom)
2019-08-29 11:54:38,479 [pool-82-thread-1] INFO  server.RaftServerConfigKeys (ConfUtils.java:logGet(43)) - raft.server.log.segment.cache.num.max = 2 (custom)
2019-08-29 11:54:38,479 [pool-82-thread-1] INFO  segmented.SegmentedRaftLogWorker (SegmentedRaftLogWorker.java:<init>(172)) - new 4a332945-53dc-4c0b-b910-cfaf195ac63d-SegmentedRaftLogWorker:Storage Directory /workdir/hadoop-ozone/integration-test/target/test-dir/MiniOzoneClusterImpl-d5645d28-46c2-4d7d-99f2-1f02fc29b8b0/datanode-5/data/ratis/d8d38c04-0485-4715-af9c-473a9b8954ff for RaftStorage:Storage Directory /workdir/hadoop-ozone/integration-test/target/test-dir/MiniOzoneClusterImpl-d5645d28-46c2-4d7d-99f2-1f02fc29b8b0/datanode-5/data/ratis/d8d38c04-0485-4715-af9c-473a9b8954ff
2019-08-29 11:54:38,480 [920b05f1-a92b-459a-a000-361715d4ee3d:group-0DACE7A3AF8B:LeaderElection1] INFO  server.RaftServerConfigKeys (ConfUtils.java:logGet(43)) - raft.server.watch.element-limit = 65536 (default)
2019-08-29 11:54:38,480 [pool-82-thread-1] INFO  server.RaftServerConfigKeys (ConfUtils.java:logGet(43)) - raft.server.log.queue.byte-limit = 2147483647 (custom)
2019-08-29 11:54:38,483 [pool-82-thread-1] INFO  server.RaftServerConfigKeys (ConfUtils.java:logGet(43)) - raft.server.log.queue.element-limit = 1024 (custom)
2019-08-29 11:54:38,483 [pool-82-thread-1] INFO  server.RaftServerConfigKeys (ConfUtils.java:logGet(43)) - raft.server.log.segment.size.max = 1048576 (custom)
2019-08-29 11:54:38,483 [pool-82-thread-1] INFO  server.RaftServerConfigKeys (ConfUtils.java:logGet(43)) - raft.server.log.preallocated.size = 16384 (custom)
2019-08-29 11:54:38,484 [pool-82-thread-1] INFO  server.RaftServerConfigKeys (ConfUtils.java:logGet(43)) - raft.server.log.write.buffer.size = 33554432 (custom)
2019-08-29 11:54:38,484 [pool-82-thread-1] INFO  server.RaftServerConfigKeys (ConfUtils.java:logGet(43)) - raft.server.log.force.sync.num = 128 (default)
2019-08-29 11:54:38,484 [pool-82-thread-1] INFO  server.RaftServerConfigKeys (ConfUtils.java:logGet(43)) - raft.server.log.statemachine.data.sync = true (default)
2019-08-29 11:54:38,484 [pool-82-thread-1] INFO  server.RaftServerConfigKeys (ConfUtils.java:logGet(43)) - raft.server.log.statemachine.data.sync.timeout = 10s (default)
2019-08-29 11:54:38,484 [pool-82-thread-1] INFO  server.RaftServerConfigKeys (ConfUtils.java:logGet(43)) - raft.server.log.statemachine.data.sync.timeout.retry = -1 (default)
2019-08-29 11:54:38,485 [pool-82-thread-1] INFO  server.RaftServerConfigKeys (ConfUtils.java:logGet(43)) - raft.server.log.statemachine.data.caching.enabled = true (custom)
2019-08-29 11:54:38,485 [pool-82-thread-1] INFO  segmented.SegmentedRaftLogWorker (SegmentedRaftLogWorker.java:lambda$new$0(132)) - 4a332945-53dc-4c0b-b910-cfaf195ac63d-SegmentedRaftLogWorker:Storage Directory /workdir/hadoop-ozone/integration-test/target/test-dir/MiniOzoneClusterImpl-d5645d28-46c2-4d7d-99f2-1f02fc29b8b0/datanode-5/data/ratis/d8d38c04-0485-4715-af9c-473a9b8954ff: flushIndex: setUnconditionally 0 -> -1
2019-08-29 11:54:38,486 [pool-82-thread-1] INFO  server.RaftServerConfigKeys (ConfUtils.java:logGet(43)) - raft.server.snapshot.auto.trigger.enabled = true (custom)
2019-08-29 11:54:38,486 [pool-82-thread-1] INFO  server.RaftServerConfigKeys (ConfUtils.java:logGet(43)) - raft.server.snapshot.auto.trigger.threshold = 10000 (custom)
2019-08-29 11:54:38,486 [pool-82-thread-1] INFO  server.RaftServerConfigKeys (ConfUtils.java:logGet(43)) - raft.server.retrycache.expirytime = 600000ms (custom)
2019-08-29 11:54:38,486 [pool-82-thread-1] INFO  impl.RaftServerImpl (RaftServerImpl.java:start(180)) - 4a332945-53dc-4c0b-b910-cfaf195ac63d: start group-473A9B8954FF
2019-08-29 11:54:38,486 [pool-82-thread-1] INFO  impl.RaftServerImpl (RaftServerImpl.java:setRole(171)) - 4a332945-53dc-4c0b-b910-cfaf195ac63d:group-473A9B8954FF changes role from null to FOLLOWER at term 0 for startAsFollower
2019-08-29 11:54:38,487 [pool-82-thread-1] INFO  impl.RoleInfo (RoleInfo.java:updateAndGet(143)) - 4a332945-53dc-4c0b-b910-cfaf195ac63d: start FollowerState
2019-08-29 11:54:38,487 [pool-82-thread-1] INFO  util.JmxRegister (JmxRegister.java:tryRegister(44)) - Successfully registered JMX Bean with object name Ratis:service=RaftServer,group=group-473A9B8954FF,id=4a332945-53dc-4c0b-b910-cfaf195ac63d
2019-08-29 11:54:38,506 [920b05f1-a92b-459a-a000-361715d4ee3d:group-0DACE7A3AF8B:LeaderElection1] INFO  impl.RoleInfo (RoleInfo.java:updateAndGet(143)) - 920b05f1-a92b-459a-a000-361715d4ee3d: start LeaderState
2019-08-29 11:54:38,506 [RatisPipelineUtilsThread] INFO  pipeline.PipelineStateManager (PipelineStateManager.java:addPipeline(56)) - Created pipeline Pipeline[ Id: d8d38c04-0485-4715-af9c-473a9b8954ff, Nodes: 4a332945-53dc-4c0b-b910-cfaf195ac63d{ip: 192.168.5.166, host: pr-hdds-2030-qplxq-3692370286, networkLocation: /default-rack, certSerialId: null}, Type:RATIS, Factor:ONE, State:OPEN]
2019-08-29 11:54:38,536 [Thread-287] INFO  impl.FollowerState (FollowerState.java:run(106)) - 07dabde0-c17e-46ed-9a55-144838a04ea2:group-3DEB20923187 changes to CANDIDATE, lastRpcTime:1044, electionTimeout:1032ms
2019-08-29 11:54:38,539 [Thread-287] INFO  impl.RoleInfo (RoleInfo.java:shutdownFollowerState(121)) - 07dabde0-c17e-46ed-9a55-144838a04ea2: shutdown FollowerState
2019-08-29 11:54:38,539 [Thread-287] INFO  impl.RaftServerImpl (RaftServerImpl.java:setRole(171)) - 07dabde0-c17e-46ed-9a55-144838a04ea2:group-3DEB20923187 changes role from FOLLOWER to CANDIDATE at term 0 for changeToCandidate
2019-08-29 11:54:38,539 [Thread-287] INFO  impl.RoleInfo (RoleInfo.java:updateAndGet(143)) - 07dabde0-c17e-46ed-9a55-144838a04ea2: start LeaderElection
2019-08-29 11:54:38,556 [grpc-default-executor-0] INFO  impl.RaftServerProxy (RaftServerProxy.java:addNew(89)) - b34bc477-f594-4894-b3be-a6d4c994fd70: addNew group-F137993ABE8D:[b34bc477-f594-4894-b3be-a6d4c994fd70:192.168.5.166:42417] returns group-F137993ABE8D:java.util.concurrent.CompletableFuture@737037e2[Not completed]
2019-08-29 11:54:38,564 [pool-115-thread-1] INFO  impl.RaftServerImpl (RaftServerImpl.java:<init>(93)) - b34bc477-f594-4894-b3be-a6d4c994fd70: new RaftServerImpl for group-F137993ABE8D:[b34bc477-f594-4894-b3be-a6d4c994fd70:192.168.5.166:42417] with ContainerStateMachine:uninitialized
2019-08-29 11:54:38,564 [07dabde0-c17e-46ed-9a55-144838a04ea2:group-3DEB20923187:LeaderElection2] INFO  impl.LeaderElection (LeaderElection.java:askForVotes(181)) - 07dabde0-c17e-46ed-9a55-144838a04ea2:group-3DEB20923187:LeaderElection2: begin an election at term 1 for -1: [07dabde0-c17e-46ed-9a55-144838a04ea2:192.168.5.166:46770], old=null
2019-08-29 11:54:38,574 [pool-115-thread-1] INFO  server.RaftServerConfigKeys (ConfUtils.java:logGet(43)) - raft.server.rpc.timeout.min = 1s (custom)
2019-08-29 11:54:38,574 [07dabde0-c17e-46ed-9a55-144838a04ea2:group-3DEB20923187:LeaderElection2] INFO  impl.RoleInfo (RoleInfo.java:shutdownLeaderElection(134)) - 07dabde0-c17e-46ed-9a55-144838a04ea2: shutdown LeaderElection
2019-08-29 11:54:38,574 [pool-115-thread-1] INFO  server.RaftServerConfigKeys (ConfUtils.java:logGet(43)) - raft.server.rpc.timeout.max = 1200ms (custom)
2019-08-29 11:54:38,577 [07dabde0-c17e-46ed-9a55-144838a04ea2:group-3DEB20923187:LeaderElection2] INFO  impl.RaftServerImpl (RaftServerImpl.java:setRole(171)) - 07dabde0-c17e-46ed-9a55-144838a04ea2:group-3DEB20923187 changes role from CANDIDATE to LEADER at term 1 for changeToLeader
2019-08-29 11:54:38,577 [pool-115-thread-1] INFO  server.RaftServerConfigKeys (ConfUtils.java:logGet(43)) - raft.server.rpcslowness.timeout = 120s (custom)
2019-08-29 11:54:38,577 [07dabde0-c17e-46ed-9a55-144838a04ea2:group-3DEB20923187:LeaderElection2] INFO  impl.RaftServerImpl (ServerState.java:setLeader(263)) - 07dabde0-c17e-46ed-9a55-144838a04ea2:group-3DEB20923187 change Leader from null to 07dabde0-c17e-46ed-9a55-144838a04ea2 at term 1 for becomeLeader, leader elected after 1119ms
2019-08-29 11:54:38,577 [pool-115-thread-1] INFO  server.RaftServerConfigKeys (ConfUtils.java:logGet(43)) - raft.server.sleep.deviation.threshold = 300 (default)
2019-08-29 11:54:38,582 [07dabde0-c17e-46ed-9a55-144838a04ea2:group-3DEB20923187:LeaderElection2] INFO  server.RaftServerConfigKeys (ConfUtils.java:logGet(43)) - raft.server.staging.catchup.gap = 1000 (default)
2019-08-29 11:54:38,582 [pool-115-thread-1] INFO  server.RaftServerConfigKeys (ConfUtils.java:logGet(43)) - raft.server.log.appender.install.snapshot.enabled = false (custom)
2019-08-29 11:54:38,582 [07dabde0-c17e-46ed-9a55-144838a04ea2:group-3DEB20923187:LeaderElection2] INFO  server.RaftServerConfigKeys (ConfUtils.java:logGet(43)) - raft.server.rpc.sleep.time = 25ms (default)
2019-08-29 11:54:38,582 | INFO  | SCMAudit | user=jenkins1000 | ip=192.168.5.166 | op=SEND_HEARTBEAT {datanodeUUID=bd7d2b3e-70a9-4c18-9e48-3057ca72b747, command=[]} | ret=SUCCESS |  
2019-08-29 11:54:38,582 [pool-115-thread-1] INFO  impl.RaftServerImpl (ServerState.java:<init>(105)) - b34bc477-f594-4894-b3be-a6d4c994fd70:group-F137993ABE8D ConfigurationManager, init=-1: [b34bc477-f594-4894-b3be-a6d4c994fd70:192.168.5.166:42417], old=null, confs=<EMPTY_MAP>
2019-08-29 11:54:38,582 | INFO  | SCMAudit | user=jenkins1000 | ip=192.168.5.166 | op=SEND_HEARTBEAT {datanodeUUID=920b05f1-a92b-459a-a000-361715d4ee3d, command=[]} | ret=SUCCESS |  
2019-08-29 11:54:38,582 [07dabde0-c17e-46ed-9a55-144838a04ea2:group-3DEB20923187:LeaderElection2] INFO  server.RaftServerConfigKeys (ConfUtils.java:logGet(43)) - raft.server.write.element-limit = 4096 (default)
2019-08-29 11:54:38,583 [pool-115-thread-1] INFO  server.RaftServerConfigKeys (ConfUtils.java:logGet(43)) - raft.server.storage.dir = [/workdir/hadoop-ozone/integration-test/target/test-dir/MiniOzoneClusterImpl-d5645d28-46c2-4d7d-99f2-1f02fc29b8b0/datanode-8/data/ratis] (custom)
2019-08-29 11:54:38,583 [07dabde0-c17e-46ed-9a55-144838a04ea2:group-3DEB20923187:LeaderElection2] INFO  server.RaftServerConfigKeys (ConfUtils.java:logGet(43)) - raft.server.watch.timeout = 10s (default)
2019-08-29 11:54:38,583 [07dabde0-c17e-46ed-9a55-144838a04ea2:group-3DEB20923187:LeaderElection2] INFO  server.RaftServerConfigKeys (ConfUtils.java:logGet(43)) - raft.server.watch.timeout.denomination = 1s (default)
2019-08-29 11:54:38,583 [07dabde0-c17e-46ed-9a55-144838a04ea2:group-3DEB20923187:LeaderElection2] INFO  server.RaftServerConfigKeys (ConfUtils.java:logGet(43)) - raft.server.watch.element-limit = 65536 (default)
2019-08-29 11:54:38,583 [pool-115-thread-1] INFO  storage.RaftStorageDirectory (RaftStorageDirectory.java:analyzeStorage(246)) - The storage directory /workdir/hadoop-ozone/integration-test/target/test-dir/MiniOzoneClusterImpl-d5645d28-46c2-4d7d-99f2-1f02fc29b8b0/datanode-8/data/ratis/be558458-aeb3-4be4-9ed3-f137993abe8d does not exist. Creating ...
2019-08-29 11:54:38,598 [07dabde0-c17e-46ed-9a55-144838a04ea2:group-3DEB20923187:LeaderElection2] INFO  impl.RoleInfo (RoleInfo.java:updateAndGet(143)) - 07dabde0-c17e-46ed-9a55-144838a04ea2: start LeaderState
2019-08-29 11:54:38,605 [pool-115-thread-1] INFO  storage.RaftStorageDirectory (RaftStorageDirectory.java:tryLock(328)) - Lock on /workdir/hadoop-ozone/integration-test/target/test-dir/MiniOzoneClusterImpl-d5645d28-46c2-4d7d-99f2-1f02fc29b8b0/datanode-8/data/ratis/be558458-aeb3-4be4-9ed3-f137993abe8d/in_use.lock acquired by nodename 29102@pr-hdds-2030-qplxq-3692370286
2019-08-29 11:54:38,609 [07dabde0-c17e-46ed-9a55-144838a04ea2:group-3DEB20923187:LeaderElection2] INFO  segmented.SegmentedRaftLogWorker (SegmentedRaftLogWorker.java:startLogSegment(380)) - 07dabde0-c17e-46ed-9a55-144838a04ea2-SegmentedRaftLogWorker:Storage Directory /workdir/hadoop-ozone/integration-test/target/test-dir/MiniOzoneClusterImpl-d5645d28-46c2-4d7d-99f2-1f02fc29b8b0/datanode-1/data/ratis/c9d00459-23b8-41f1-8dee-3deb20923187: Starting segment from index:0
2019-08-29 11:54:38,609 [920b05f1-a92b-459a-a000-361715d4ee3d:group-0DACE7A3AF8B:LeaderElection1] INFO  segmented.SegmentedRaftLogWorker (SegmentedRaftLogWorker.java:startLogSegment(380)) - 920b05f1-a92b-459a-a000-361715d4ee3d-SegmentedRaftLogWorker:Storage Directory /workdir/hadoop-ozone/integration-test/target/test-dir/MiniOzoneClusterImpl-d5645d28-46c2-4d7d-99f2-1f02fc29b8b0/datanode-0/data/ratis/f7939979-c7d6-4c52-bfb6-0dace7a3af8b: Starting segment from index:0
2019-08-29 11:54:38,615 [pool-115-thread-1] INFO  storage.RaftStorage (RaftStorage.java:format(72)) - Storage directory /workdir/hadoop-ozone/integration-test/target/test-dir/MiniOzoneClusterImpl-d5645d28-46c2-4d7d-99f2-1f02fc29b8b0/datanode-8/data/ratis/be558458-aeb3-4be4-9ed3-f137993abe8d has been successfully formatted.
2019-08-29 11:54:38,616 [pool-115-thread-1] INFO  ratis.ContainerStateMachine (ContainerStateMachine.java:loadSnapshot(226)) - group-F137993ABE8D: The snapshot info is null. Setting the last applied indexto:(t:0, i:~)
2019-08-29 11:54:38,616 [pool-115-thread-1] INFO  server.RaftServerConfigKeys (ConfUtils.java:logGet(43)) - raft.server.leader.election.timeout = 120s (custom)
2019-08-29 11:54:38,616 [pool-115-thread-1] INFO  server.RaftServerConfigKeys (ConfUtils.java:logGet(43)) - raft.server.log.use.memory = false (default)
2019-08-29 11:54:38,617 [pool-115-thread-1] INFO  server.RaftServerConfigKeys (ConfUtils.java:logGet(43)) - raft.server.log.purge.gap = 1000000 (custom)
2019-08-29 11:54:38,617 [pool-115-thread-1] INFO  server.RaftServerConfigKeys (ConfUtils.java:logGet(43)) - raft.server.log.appender.buffer.byte-limit = 33554432 (custom)
2019-08-29 11:54:38,617 [pool-115-thread-1] INFO  server.RaftServerConfigKeys (ConfUtils.java:logGet(43)) - raft.server.log.segment.size.max = 1048576 (custom)
2019-08-29 11:54:38,617 [pool-115-thread-1] INFO  server.RaftServerConfigKeys (ConfUtils.java:logGet(43)) - raft.server.log.segment.cache.num.max = 2 (custom)
2019-08-29 11:54:38,617 [pool-115-thread-1] INFO  segmented.SegmentedRaftLogWorker (SegmentedRaftLogWorker.java:<init>(172)) - new b34bc477-f594-4894-b3be-a6d4c994fd70-SegmentedRaftLogWorker:Storage Directory /workdir/hadoop-ozone/integration-test/target/test-dir/MiniOzoneClusterImpl-d5645d28-46c2-4d7d-99f2-1f02fc29b8b0/datanode-8/data/ratis/be558458-aeb3-4be4-9ed3-f137993abe8d for RaftStorage:Storage Directory /workdir/hadoop-ozone/integration-test/target/test-dir/MiniOzoneClusterImpl-d5645d28-46c2-4d7d-99f2-1f02fc29b8b0/datanode-8/data/ratis/be558458-aeb3-4be4-9ed3-f137993abe8d
2019-08-29 11:54:38,618 [pool-115-thread-1] INFO  server.RaftServerConfigKeys (ConfUtils.java:logGet(43)) - raft.server.log.queue.byte-limit = 2147483647 (custom)
2019-08-29 11:54:38,618 [pool-115-thread-1] INFO  server.RaftServerConfigKeys (ConfUtils.java:logGet(43)) - raft.server.log.queue.element-limit = 1024 (custom)
2019-08-29 11:54:38,618 [pool-115-thread-1] INFO  server.RaftServerConfigKeys (ConfUtils.java:logGet(43)) - raft.server.log.segment.size.max = 1048576 (custom)
2019-08-29 11:54:38,618 [pool-115-thread-1] INFO  server.RaftServerConfigKeys (ConfUtils.java:logGet(43)) - raft.server.log.preallocated.size = 16384 (custom)
2019-08-29 11:54:38,619 [pool-115-thread-1] INFO  server.RaftServerConfigKeys (ConfUtils.java:logGet(43)) - raft.server.log.write.buffer.size = 33554432 (custom)
2019-08-29 11:54:38,619 [pool-115-thread-1] INFO  server.RaftServerConfigKeys (ConfUtils.java:logGet(43)) - raft.server.log.force.sync.num = 128 (default)
2019-08-29 11:54:38,619 [pool-115-thread-1] INFO  server.RaftServerConfigKeys (ConfUtils.java:logGet(43)) - raft.server.log.statemachine.data.sync = true (default)
2019-08-29 11:54:38,619 [920b05f1-a92b-459a-a000-361715d4ee3d:group-0DACE7A3AF8B:LeaderElection1] INFO  impl.RaftServerImpl (ServerState.java:setRaftConf(361)) - 920b05f1-a92b-459a-a000-361715d4ee3d:group-0DACE7A3AF8B set configuration 0: [920b05f1-a92b-459a-a000-361715d4ee3d:192.168.5.166:36887], old=null at 0
2019-08-29 11:54:38,622 [pool-115-thread-1] INFO  server.RaftServerConfigKeys (ConfUtils.java:logGet(43)) - raft.server.log.statemachine.data.sync.timeout = 10s (default)
2019-08-29 11:54:38,619 [07dabde0-c17e-46ed-9a55-144838a04ea2:group-3DEB20923187:LeaderElection2] INFO  impl.RaftServerImpl (ServerState.java:setRaftConf(361)) - 07dabde0-c17e-46ed-9a55-144838a04ea2:group-3DEB20923187 set configuration 0: [07dabde0-c17e-46ed-9a55-144838a04ea2:192.168.5.166:46770], old=null at 0
2019-08-29 11:54:38,625 [pool-115-thread-1] INFO  server.RaftServerConfigKeys (ConfUtils.java:logGet(43)) - raft.server.log.statemachine.data.sync.timeout.retry = -1 (default)
2019-08-29 11:54:38,627 [pool-115-thread-1] INFO  server.RaftServerConfigKeys (ConfUtils.java:logGet(43)) - raft.server.log.statemachine.data.caching.enabled = true (custom)
2019-08-29 11:54:38,627 [pool-115-thread-1] INFO  segmented.SegmentedRaftLogWorker (SegmentedRaftLogWorker.java:lambda$new$0(132)) - b34bc477-f594-4894-b3be-a6d4c994fd70-SegmentedRaftLogWorker:Storage Directory /workdir/hadoop-ozone/integration-test/target/test-dir/MiniOzoneClusterImpl-d5645d28-46c2-4d7d-99f2-1f02fc29b8b0/datanode-8/data/ratis/be558458-aeb3-4be4-9ed3-f137993abe8d: flushIndex: setUnconditionally 0 -> -1
2019-08-29 11:54:38,628 [pool-115-thread-1] INFO  server.RaftServerConfigKeys (ConfUtils.java:logGet(43)) - raft.server.snapshot.auto.trigger.enabled = true (custom)
2019-08-29 11:54:38,628 [pool-115-thread-1] INFO  server.RaftServerConfigKeys (ConfUtils.java:logGet(43)) - raft.server.snapshot.auto.trigger.threshold = 10000 (custom)
2019-08-29 11:54:38,628 [pool-115-thread-1] INFO  server.RaftServerConfigKeys (ConfUtils.java:logGet(43)) - raft.server.retrycache.expirytime = 600000ms (custom)
2019-08-29 11:54:38,628 [pool-115-thread-1] INFO  impl.RaftServerImpl (RaftServerImpl.java:start(180)) - b34bc477-f594-4894-b3be-a6d4c994fd70: start group-F137993ABE8D
2019-08-29 11:54:38,628 [pool-115-thread-1] INFO  impl.RaftServerImpl (RaftServerImpl.java:setRole(171)) - b34bc477-f594-4894-b3be-a6d4c994fd70:group-F137993ABE8D changes role from null to FOLLOWER at term 0 for startAsFollower
2019-08-29 11:54:38,628 [pool-115-thread-1] INFO  impl.RoleInfo (RoleInfo.java:updateAndGet(143)) - b34bc477-f594-4894-b3be-a6d4c994fd70: start FollowerState
2019-08-29 11:54:38,629 [pool-115-thread-1] INFO  util.JmxRegister (JmxRegister.java:tryRegister(44)) - Successfully registered JMX Bean with object name Ratis:service=RaftServer,group=group-F137993ABE8D,id=b34bc477-f594-4894-b3be-a6d4c994fd70
2019-08-29 11:54:38,640 [Thread-282] INFO  container.ReplicationManager (ReplicationManager.java:start(152)) - Starting Replication Monitor Thread.
2019-08-29 11:54:38,643 [RatisPipelineUtilsThread] INFO  pipeline.PipelineStateManager (PipelineStateManager.java:addPipeline(56)) - Created pipeline Pipeline[ Id: be558458-aeb3-4be4-9ed3-f137993abe8d, Nodes: b34bc477-f594-4894-b3be-a6d4c994fd70{ip: 192.168.5.166, host: pr-hdds-2030-qplxq-3692370286, networkLocation: /default-rack, certSerialId: null}, Type:RATIS, Factor:ONE, State:OPEN]
2019-08-29 11:54:38,646 [ReplicationMonitor] INFO  container.ReplicationManager (ReplicationManager.java:run(215)) - Replication Monitor Thread took 0 milliseconds for processing 0 containers.
2019-08-29 11:54:38,663 [grpc-default-executor-0] INFO  impl.RaftServerProxy (RaftServerProxy.java:addNew(89)) - 03953c42-7b85-4ce6-8578-61fc97f729cc: addNew group-3F07011EC626:[03953c42-7b85-4ce6-8578-61fc97f729cc:192.168.5.166:36331] returns group-3F07011EC626:java.util.concurrent.CompletableFuture@7ab79d4f[Not completed]
2019-08-29 11:54:38,669 [pool-49-thread-1] INFO  impl.RaftServerImpl (RaftServerImpl.java:<init>(93)) - 03953c42-7b85-4ce6-8578-61fc97f729cc: new RaftServerImpl for group-3F07011EC626:[03953c42-7b85-4ce6-8578-61fc97f729cc:192.168.5.166:36331] with ContainerStateMachine:uninitialized
2019-08-29 11:54:38,670 [pool-49-thread-1] INFO  server.RaftServerConfigKeys (ConfUtils.java:logGet(43)) - raft.server.rpc.timeout.min = 1s (custom)
2019-08-29 11:54:38,670 [pool-49-thread-1] INFO  server.RaftServerConfigKeys (ConfUtils.java:logGet(43)) - raft.server.rpc.timeout.max = 1200ms (custom)
2019-08-29 11:54:38,670 [pool-49-thread-1] INFO  server.RaftServerConfigKeys (ConfUtils.java:logGet(43)) - raft.server.rpcslowness.timeout = 120s (custom)
2019-08-29 11:54:38,670 [pool-49-thread-1] INFO  server.RaftServerConfigKeys (ConfUtils.java:logGet(43)) - raft.server.sleep.deviation.threshold = 300 (default)
2019-08-29 11:54:38,670 [pool-49-thread-1] INFO  server.RaftServerConfigKeys (ConfUtils.java:logGet(43)) - raft.server.log.appender.install.snapshot.enabled = false (custom)
2019-08-29 11:54:38,670 [pool-49-thread-1] INFO  impl.RaftServerImpl (ServerState.java:<init>(105)) - 03953c42-7b85-4ce6-8578-61fc97f729cc:group-3F07011EC626 ConfigurationManager, init=-1: [03953c42-7b85-4ce6-8578-61fc97f729cc:192.168.5.166:36331], old=null, confs=<EMPTY_MAP>
2019-08-29 11:54:38,670 [pool-49-thread-1] INFO  server.RaftServerConfigKeys (ConfUtils.java:logGet(43)) - raft.server.storage.dir = [/workdir/hadoop-ozone/integration-test/target/test-dir/MiniOzoneClusterImpl-d5645d28-46c2-4d7d-99f2-1f02fc29b8b0/datanode-2/data/ratis] (custom)
2019-08-29 11:54:38,673 [pool-49-thread-1] INFO  storage.RaftStorageDirectory (RaftStorageDirectory.java:analyzeStorage(246)) - The storage directory /workdir/hadoop-ozone/integration-test/target/test-dir/MiniOzoneClusterImpl-d5645d28-46c2-4d7d-99f2-1f02fc29b8b0/datanode-2/data/ratis/7c2b03b4-ce2f-42ec-93d7-3f07011ec626 does not exist. Creating ...
2019-08-29 11:54:38,752 [pool-49-thread-1] INFO  storage.RaftStorageDirectory (RaftStorageDirectory.java:tryLock(328)) - Lock on /workdir/hadoop-ozone/integration-test/target/test-dir/MiniOzoneClusterImpl-d5645d28-46c2-4d7d-99f2-1f02fc29b8b0/datanode-2/data/ratis/7c2b03b4-ce2f-42ec-93d7-3f07011ec626/in_use.lock acquired by nodename 29102@pr-hdds-2030-qplxq-3692370286
2019-08-29 11:54:38,778 [pool-49-thread-1] INFO  storage.RaftStorage (RaftStorage.java:format(72)) - Storage directory /workdir/hadoop-ozone/integration-test/target/test-dir/MiniOzoneClusterImpl-d5645d28-46c2-4d7d-99f2-1f02fc29b8b0/datanode-2/data/ratis/7c2b03b4-ce2f-42ec-93d7-3f07011ec626 has been successfully formatted.
2019-08-29 11:54:38,779 [pool-49-thread-1] INFO  ratis.ContainerStateMachine (ContainerStateMachine.java:loadSnapshot(226)) - group-3F07011EC626: The snapshot info is null. Setting the last applied indexto:(t:0, i:~)
2019-08-29 11:54:38,779 [pool-49-thread-1] INFO  server.RaftServerConfigKeys (ConfUtils.java:logGet(43)) - raft.server.leader.election.timeout = 120s (custom)
2019-08-29 11:54:38,779 [pool-49-thread-1] INFO  server.RaftServerConfigKeys (ConfUtils.java:logGet(43)) - raft.server.log.use.memory = false (default)
2019-08-29 11:54:38,779 [pool-49-thread-1] INFO  server.RaftServerConfigKeys (ConfUtils.java:logGet(43)) - raft.server.log.purge.gap = 1000000 (custom)
2019-08-29 11:54:38,779 [pool-49-thread-1] INFO  server.RaftServerConfigKeys (ConfUtils.java:logGet(43)) - raft.server.log.appender.buffer.byte-limit = 33554432 (custom)
2019-08-29 11:54:38,779 [pool-49-thread-1] INFO  server.RaftServerConfigKeys (ConfUtils.java:logGet(43)) - raft.server.log.segment.size.max = 1048576 (custom)
2019-08-29 11:54:38,779 [pool-49-thread-1] INFO  server.RaftServerConfigKeys (ConfUtils.java:logGet(43)) - raft.server.log.segment.cache.num.max = 2 (custom)
2019-08-29 11:54:38,780 [pool-49-thread-1] INFO  segmented.SegmentedRaftLogWorker (SegmentedRaftLogWorker.java:<init>(172)) - new 03953c42-7b85-4ce6-8578-61fc97f729cc-SegmentedRaftLogWorker:Storage Directory /workdir/hadoop-ozone/integration-test/target/test-dir/MiniOzoneClusterImpl-d5645d28-46c2-4d7d-99f2-1f02fc29b8b0/datanode-2/data/ratis/7c2b03b4-ce2f-42ec-93d7-3f07011ec626 for RaftStorage:Storage Directory /workdir/hadoop-ozone/integration-test/target/test-dir/MiniOzoneClusterImpl-d5645d28-46c2-4d7d-99f2-1f02fc29b8b0/datanode-2/data/ratis/7c2b03b4-ce2f-42ec-93d7-3f07011ec626
2019-08-29 11:54:38,780 [pool-49-thread-1] INFO  server.RaftServerConfigKeys (ConfUtils.java:logGet(43)) - raft.server.log.queue.byte-limit = 2147483647 (custom)
2019-08-29 11:54:38,780 [pool-49-thread-1] INFO  server.RaftServerConfigKeys (ConfUtils.java:logGet(43)) - raft.server.log.queue.element-limit = 1024 (custom)
2019-08-29 11:54:38,780 [pool-49-thread-1] INFO  server.RaftServerConfigKeys (ConfUtils.java:logGet(43)) - raft.server.log.segment.size.max = 1048576 (custom)
2019-08-29 11:54:38,780 [pool-49-thread-1] INFO  server.RaftServerConfigKeys (ConfUtils.java:logGet(43)) - raft.server.log.preallocated.size = 16384 (custom)
2019-08-29 11:54:38,780 [pool-49-thread-1] INFO  server.RaftServerConfigKeys (ConfUtils.java:logGet(43)) - raft.server.log.write.buffer.size = 33554432 (custom)
2019-08-29 11:54:38,781 [pool-49-thread-1] INFO  server.RaftServerConfigKeys (ConfUtils.java:logGet(43)) - raft.server.log.force.sync.num = 128 (default)
2019-08-29 11:54:38,781 [pool-49-thread-1] INFO  server.RaftServerConfigKeys (ConfUtils.java:logGet(43)) - raft.server.log.statemachine.data.sync = true (default)
2019-08-29 11:54:38,781 [pool-49-thread-1] INFO  server.RaftServerConfigKeys (ConfUtils.java:logGet(43)) - raft.server.log.statemachine.data.sync.timeout = 10s (default)
2019-08-29 11:54:38,781 [pool-49-thread-1] INFO  server.RaftServerConfigKeys (ConfUtils.java:logGet(43)) - raft.server.log.statemachine.data.sync.timeout.retry = -1 (default)
2019-08-29 11:54:38,781 [pool-49-thread-1] INFO  server.RaftServerConfigKeys (ConfUtils.java:logGet(43)) - raft.server.log.statemachine.data.caching.enabled = true (custom)
2019-08-29 11:54:38,782 [pool-49-thread-1] INFO  segmented.SegmentedRaftLogWorker (SegmentedRaftLogWorker.java:lambda$new$0(132)) - 03953c42-7b85-4ce6-8578-61fc97f729cc-SegmentedRaftLogWorker:Storage Directory /workdir/hadoop-ozone/integration-test/target/test-dir/MiniOzoneClusterImpl-d5645d28-46c2-4d7d-99f2-1f02fc29b8b0/datanode-2/data/ratis/7c2b03b4-ce2f-42ec-93d7-3f07011ec626: flushIndex: setUnconditionally 0 -> -1
2019-08-29 11:54:38,782 [pool-49-thread-1] INFO  server.RaftServerConfigKeys (ConfUtils.java:logGet(43)) - raft.server.snapshot.auto.trigger.enabled = true (custom)
2019-08-29 11:54:38,782 [pool-49-thread-1] INFO  server.RaftServerConfigKeys (ConfUtils.java:logGet(43)) - raft.server.snapshot.auto.trigger.threshold = 10000 (custom)
2019-08-29 11:54:38,782 [pool-49-thread-1] INFO  server.RaftServerConfigKeys (ConfUtils.java:logGet(43)) - raft.server.retrycache.expirytime = 600000ms (custom)
2019-08-29 11:54:38,782 [pool-49-thread-1] INFO  impl.RaftServerImpl (RaftServerImpl.java:start(180)) - 03953c42-7b85-4ce6-8578-61fc97f729cc: start group-3F07011EC626
2019-08-29 11:54:38,783 [pool-49-thread-1] INFO  impl.RaftServerImpl (RaftServerImpl.java:setRole(171)) - 03953c42-7b85-4ce6-8578-61fc97f729cc:group-3F07011EC626 changes role from null to FOLLOWER at term 0 for startAsFollower
2019-08-29 11:54:38,783 [pool-49-thread-1] INFO  impl.RoleInfo (RoleInfo.java:updateAndGet(143)) - 03953c42-7b85-4ce6-8578-61fc97f729cc: start FollowerState
2019-08-29 11:54:38,783 [pool-49-thread-1] INFO  util.JmxRegister (JmxRegister.java:tryRegister(44)) - Successfully registered JMX Bean with object name Ratis:service=RaftServer,group=group-3F07011EC626,id=03953c42-7b85-4ce6-8578-61fc97f729cc
2019-08-29 11:54:38,809 [RatisPipelineUtilsThread] INFO  pipeline.PipelineStateManager (PipelineStateManager.java:addPipeline(56)) - Created pipeline Pipeline[ Id: 7c2b03b4-ce2f-42ec-93d7-3f07011ec626, Nodes: 03953c42-7b85-4ce6-8578-61fc97f729cc{ip: 192.168.5.166, host: pr-hdds-2030-qplxq-3692370286, networkLocation: /default-rack, certSerialId: null}, Type:RATIS, Factor:ONE, State:OPEN]
2019-08-29 11:54:38,835 [grpc-default-executor-0] INFO  impl.RaftServerProxy (RaftServerProxy.java:addNew(89)) - 7c3dea4a-666f-498f-b3ec-37d2b2f2aea0: addNew group-41C7F3C31D0B:[7c3dea4a-666f-498f-b3ec-37d2b2f2aea0:192.168.5.166:44417] returns group-41C7F3C31D0B:java.util.concurrent.CompletableFuture@74f25da8[Not completed]
2019-08-29 11:54:38,835 | INFO  | SCMAudit | user=jenkins1000 | ip=192.168.5.166 | op=SEND_HEARTBEAT {datanodeUUID=07dabde0-c17e-46ed-9a55-144838a04ea2, command=[]} | ret=SUCCESS |  
2019-08-29 11:54:38,848 [pool-93-thread-1] INFO  impl.RaftServerImpl (RaftServerImpl.java:<init>(93)) - 7c3dea4a-666f-498f-b3ec-37d2b2f2aea0: new RaftServerImpl for group-41C7F3C31D0B:[7c3dea4a-666f-498f-b3ec-37d2b2f2aea0:192.168.5.166:44417] with ContainerStateMachine:uninitialized
2019-08-29 11:54:38,849 [pool-93-thread-1] INFO  server.RaftServerConfigKeys (ConfUtils.java:logGet(43)) - raft.server.rpc.timeout.min = 1s (custom)
2019-08-29 11:54:38,849 [pool-93-thread-1] INFO  server.RaftServerConfigKeys (ConfUtils.java:logGet(43)) - raft.server.rpc.timeout.max = 1200ms (custom)
2019-08-29 11:54:38,849 [pool-93-thread-1] INFO  server.RaftServerConfigKeys (ConfUtils.java:logGet(43)) - raft.server.rpcslowness.timeout = 120s (custom)
2019-08-29 11:54:38,849 [pool-93-thread-1] INFO  server.RaftServerConfigKeys (ConfUtils.java:logGet(43)) - raft.server.sleep.deviation.threshold = 300 (default)
2019-08-29 11:54:38,849 [pool-93-thread-1] INFO  server.RaftServerConfigKeys (ConfUtils.java:logGet(43)) - raft.server.log.appender.install.snapshot.enabled = false (custom)
2019-08-29 11:54:38,849 [pool-93-thread-1] INFO  impl.RaftServerImpl (ServerState.java:<init>(105)) - 7c3dea4a-666f-498f-b3ec-37d2b2f2aea0:group-41C7F3C31D0B ConfigurationManager, init=-1: [7c3dea4a-666f-498f-b3ec-37d2b2f2aea0:192.168.5.166:44417], old=null, confs=<EMPTY_MAP>
2019-08-29 11:54:38,849 [pool-93-thread-1] INFO  server.RaftServerConfigKeys (ConfUtils.java:logGet(43)) - raft.server.storage.dir = [/workdir/hadoop-ozone/integration-test/target/test-dir/MiniOzoneClusterImpl-d5645d28-46c2-4d7d-99f2-1f02fc29b8b0/datanode-6/data/ratis] (custom)
2019-08-29 11:54:38,861 [pool-93-thread-1] INFO  storage.RaftStorageDirectory (RaftStorageDirectory.java:analyzeStorage(246)) - The storage directory /workdir/hadoop-ozone/integration-test/target/test-dir/MiniOzoneClusterImpl-d5645d28-46c2-4d7d-99f2-1f02fc29b8b0/datanode-6/data/ratis/74ba8ad3-20e0-41b7-a9bc-41c7f3c31d0b does not exist. Creating ...
2019-08-29 11:54:38,867 [pool-93-thread-1] INFO  storage.RaftStorageDirectory (RaftStorageDirectory.java:tryLock(328)) - Lock on /workdir/hadoop-ozone/integration-test/target/test-dir/MiniOzoneClusterImpl-d5645d28-46c2-4d7d-99f2-1f02fc29b8b0/datanode-6/data/ratis/74ba8ad3-20e0-41b7-a9bc-41c7f3c31d0b/in_use.lock acquired by nodename 29102@pr-hdds-2030-qplxq-3692370286
2019-08-29 11:54:38,909 [pool-93-thread-1] INFO  storage.RaftStorage (RaftStorage.java:format(72)) - Storage directory /workdir/hadoop-ozone/integration-test/target/test-dir/MiniOzoneClusterImpl-d5645d28-46c2-4d7d-99f2-1f02fc29b8b0/datanode-6/data/ratis/74ba8ad3-20e0-41b7-a9bc-41c7f3c31d0b has been successfully formatted.
2019-08-29 11:54:38,910 [pool-93-thread-1] INFO  ratis.ContainerStateMachine (ContainerStateMachine.java:loadSnapshot(226)) - group-41C7F3C31D0B: The snapshot info is null. Setting the last applied indexto:(t:0, i:~)
2019-08-29 11:54:38,910 [pool-93-thread-1] INFO  server.RaftServerConfigKeys (ConfUtils.java:logGet(43)) - raft.server.leader.election.timeout = 120s (custom)
2019-08-29 11:54:38,910 [pool-93-thread-1] INFO  server.RaftServerConfigKeys (ConfUtils.java:logGet(43)) - raft.server.log.use.memory = false (default)
2019-08-29 11:54:38,910 [pool-93-thread-1] INFO  server.RaftServerConfigKeys (ConfUtils.java:logGet(43)) - raft.server.log.purge.gap = 1000000 (custom)
2019-08-29 11:54:38,910 [pool-93-thread-1] INFO  server.RaftServerConfigKeys (ConfUtils.java:logGet(43)) - raft.server.log.appender.buffer.byte-limit = 33554432 (custom)
2019-08-29 11:54:38,910 [pool-93-thread-1] INFO  server.RaftServerConfigKeys (ConfUtils.java:logGet(43)) - raft.server.log.segment.size.max = 1048576 (custom)
2019-08-29 11:54:38,910 [pool-93-thread-1] INFO  server.RaftServerConfigKeys (ConfUtils.java:logGet(43)) - raft.server.log.segment.cache.num.max = 2 (custom)
2019-08-29 11:54:38,911 [pool-93-thread-1] INFO  segmented.SegmentedRaftLogWorker (SegmentedRaftLogWorker.java:<init>(172)) - new 7c3dea4a-666f-498f-b3ec-37d2b2f2aea0-SegmentedRaftLogWorker:Storage Directory /workdir/hadoop-ozone/integration-test/target/test-dir/MiniOzoneClusterImpl-d5645d28-46c2-4d7d-99f2-1f02fc29b8b0/datanode-6/data/ratis/74ba8ad3-20e0-41b7-a9bc-41c7f3c31d0b for RaftStorage:Storage Directory /workdir/hadoop-ozone/integration-test/target/test-dir/MiniOzoneClusterImpl-d5645d28-46c2-4d7d-99f2-1f02fc29b8b0/datanode-6/data/ratis/74ba8ad3-20e0-41b7-a9bc-41c7f3c31d0b
2019-08-29 11:54:38,911 [pool-93-thread-1] INFO  server.RaftServerConfigKeys (ConfUtils.java:logGet(43)) - raft.server.log.queue.byte-limit = 2147483647 (custom)
2019-08-29 11:54:38,911 [pool-93-thread-1] INFO  server.RaftServerConfigKeys (ConfUtils.java:logGet(43)) - raft.server.log.queue.element-limit = 1024 (custom)
2019-08-29 11:54:38,911 [pool-93-thread-1] INFO  server.RaftServerConfigKeys (ConfUtils.java:logGet(43)) - raft.server.log.segment.size.max = 1048576 (custom)
2019-08-29 11:54:38,911 [pool-93-thread-1] INFO  server.RaftServerConfigKeys (ConfUtils.java:logGet(43)) - raft.server.log.preallocated.size = 16384 (custom)
2019-08-29 11:54:38,911 [pool-93-thread-1] INFO  server.RaftServerConfigKeys (ConfUtils.java:logGet(43)) - raft.server.log.write.buffer.size = 33554432 (custom)
2019-08-29 11:54:38,912 [pool-93-thread-1] INFO  server.RaftServerConfigKeys (ConfUtils.java:logGet(43)) - raft.server.log.force.sync.num = 128 (default)
2019-08-29 11:54:38,912 [pool-93-thread-1] INFO  server.RaftServerConfigKeys (ConfUtils.java:logGet(43)) - raft.server.log.statemachine.data.sync = true (default)
2019-08-29 11:54:38,912 [pool-93-thread-1] INFO  server.RaftServerConfigKeys (ConfUtils.java:logGet(43)) - raft.server.log.statemachine.data.sync.timeout = 10s (default)
2019-08-29 11:54:38,912 [pool-93-thread-1] INFO  server.RaftServerConfigKeys (ConfUtils.java:logGet(43)) - raft.server.log.statemachine.data.sync.timeout.retry = -1 (default)
2019-08-29 11:54:38,912 [pool-93-thread-1] INFO  server.RaftServerConfigKeys (ConfUtils.java:logGet(43)) - raft.server.log.statemachine.data.caching.enabled = true (custom)
2019-08-29 11:54:38,913 [pool-93-thread-1] INFO  segmented.SegmentedRaftLogWorker (SegmentedRaftLogWorker.java:lambda$new$0(132)) - 7c3dea4a-666f-498f-b3ec-37d2b2f2aea0-SegmentedRaftLogWorker:Storage Directory /workdir/hadoop-ozone/integration-test/target/test-dir/MiniOzoneClusterImpl-d5645d28-46c2-4d7d-99f2-1f02fc29b8b0/datanode-6/data/ratis/74ba8ad3-20e0-41b7-a9bc-41c7f3c31d0b: flushIndex: setUnconditionally 0 -> -1
2019-08-29 11:54:38,913 [pool-93-thread-1] INFO  server.RaftServerConfigKeys (ConfUtils.java:logGet(43)) - raft.server.snapshot.auto.trigger.enabled = true (custom)
2019-08-29 11:54:38,913 [pool-93-thread-1] INFO  server.RaftServerConfigKeys (ConfUtils.java:logGet(43)) - raft.server.snapshot.auto.trigger.threshold = 10000 (custom)
2019-08-29 11:54:38,913 [pool-93-thread-1] INFO  server.RaftServerConfigKeys (ConfUtils.java:logGet(43)) - raft.server.retrycache.expirytime = 600000ms (custom)
2019-08-29 11:54:38,914 [pool-93-thread-1] INFO  impl.RaftServerImpl (RaftServerImpl.java:start(180)) - 7c3dea4a-666f-498f-b3ec-37d2b2f2aea0: start group-41C7F3C31D0B
2019-08-29 11:54:38,914 [pool-93-thread-1] INFO  impl.RaftServerImpl (RaftServerImpl.java:setRole(171)) - 7c3dea4a-666f-498f-b3ec-37d2b2f2aea0:group-41C7F3C31D0B changes role from null to FOLLOWER at term 0 for startAsFollower
2019-08-29 11:54:38,914 [pool-93-thread-1] INFO  impl.RoleInfo (RoleInfo.java:updateAndGet(143)) - 7c3dea4a-666f-498f-b3ec-37d2b2f2aea0: start FollowerState
2019-08-29 11:54:38,914 [pool-93-thread-1] INFO  util.JmxRegister (JmxRegister.java:tryRegister(44)) - Successfully registered JMX Bean with object name Ratis:service=RaftServer,group=group-41C7F3C31D0B,id=7c3dea4a-666f-498f-b3ec-37d2b2f2aea0
2019-08-29 11:54:38,931 [RatisPipelineUtilsThread] INFO  pipeline.PipelineStateManager (PipelineStateManager.java:addPipeline(56)) - Created pipeline Pipeline[ Id: 74ba8ad3-20e0-41b7-a9bc-41c7f3c31d0b, Nodes: 7c3dea4a-666f-498f-b3ec-37d2b2f2aea0{ip: 192.168.5.166, host: pr-hdds-2030-qplxq-3692370286, networkLocation: /default-rack, certSerialId: null}, Type:RATIS, Factor:ONE, State:OPEN]
2019-08-29 11:54:38,952 [grpc-default-executor-0] INFO  impl.RaftServerProxy (RaftServerProxy.java:addNew(89)) - eec05b1d-f4e8-4418-a60c-420e12deef9f: addNew group-B5B936F5A539:[eec05b1d-f4e8-4418-a60c-420e12deef9f:192.168.5.166:42328] returns group-B5B936F5A539:java.util.concurrent.CompletableFuture@2b60a923[Not completed]
2019-08-29 11:54:38,971 | INFO  | SCMAudit | user=jenkins1000 | ip=192.168.5.166 | op=SEND_HEARTBEAT {datanodeUUID=4a332945-53dc-4c0b-b910-cfaf195ac63d, command=[]} | ret=SUCCESS |  
2019-08-29 11:54:38,972 [Thread-290] INFO  impl.FollowerState (FollowerState.java:run(106)) - bd7d2b3e-70a9-4c18-9e48-3057ca72b747:group-444E1B2B0B00 changes to CANDIDATE, lastRpcTime:1376, electionTimeout:1045ms
2019-08-29 11:54:38,972 [Thread-290] INFO  impl.RoleInfo (RoleInfo.java:shutdownFollowerState(121)) - bd7d2b3e-70a9-4c18-9e48-3057ca72b747: shutdown FollowerState
2019-08-29 11:54:38,972 [pool-127-thread-1] INFO  impl.RaftServerImpl (RaftServerImpl.java:<init>(93)) - eec05b1d-f4e8-4418-a60c-420e12deef9f: new RaftServerImpl for group-B5B936F5A539:[eec05b1d-f4e8-4418-a60c-420e12deef9f:192.168.5.166:42328] with ContainerStateMachine:uninitialized
2019-08-29 11:54:38,972 [Thread-290] INFO  impl.RaftServerImpl (RaftServerImpl.java:setRole(171)) - bd7d2b3e-70a9-4c18-9e48-3057ca72b747:group-444E1B2B0B00 changes role from FOLLOWER to CANDIDATE at term 0 for changeToCandidate
2019-08-29 11:54:38,972 [pool-127-thread-1] INFO  server.RaftServerConfigKeys (ConfUtils.java:logGet(43)) - raft.server.rpc.timeout.min = 1s (custom)
2019-08-29 11:54:38,972 [Thread-290] INFO  impl.RoleInfo (RoleInfo.java:updateAndGet(143)) - bd7d2b3e-70a9-4c18-9e48-3057ca72b747: start LeaderElection
2019-08-29 11:54:38,972 [pool-127-thread-1] INFO  server.RaftServerConfigKeys (ConfUtils.java:logGet(43)) - raft.server.rpc.timeout.max = 1200ms (custom)
2019-08-29 11:54:38,973 [pool-127-thread-1] INFO  server.RaftServerConfigKeys (ConfUtils.java:logGet(43)) - raft.server.rpcslowness.timeout = 120s (custom)
2019-08-29 11:54:38,977 [pool-127-thread-1] INFO  server.RaftServerConfigKeys (ConfUtils.java:logGet(43)) - raft.server.sleep.deviation.threshold = 300 (default)
2019-08-29 11:54:38,978 [pool-127-thread-1] INFO  server.RaftServerConfigKeys (ConfUtils.java:logGet(43)) - raft.server.log.appender.install.snapshot.enabled = false (custom)
2019-08-29 11:54:38,978 [pool-127-thread-1] INFO  impl.RaftServerImpl (ServerState.java:<init>(105)) - eec05b1d-f4e8-4418-a60c-420e12deef9f:group-B5B936F5A539 ConfigurationManager, init=-1: [eec05b1d-f4e8-4418-a60c-420e12deef9f:192.168.5.166:42328], old=null, confs=<EMPTY_MAP>
2019-08-29 11:54:38,978 [pool-127-thread-1] INFO  server.RaftServerConfigKeys (ConfUtils.java:logGet(43)) - raft.server.storage.dir = [/workdir/hadoop-ozone/integration-test/target/test-dir/MiniOzoneClusterImpl-d5645d28-46c2-4d7d-99f2-1f02fc29b8b0/datanode-9/data/ratis] (custom)
2019-08-29 11:54:38,979 [pool-127-thread-1] INFO  storage.RaftStorageDirectory (RaftStorageDirectory.java:analyzeStorage(246)) - The storage directory /workdir/hadoop-ozone/integration-test/target/test-dir/MiniOzoneClusterImpl-d5645d28-46c2-4d7d-99f2-1f02fc29b8b0/datanode-9/data/ratis/7cc759fb-19bc-4b5c-a522-b5b936f5a539 does not exist. Creating ...
2019-08-29 11:54:38,980 [main] INFO  rpc.RpcClient (RpcClient.java:createVolume(293)) - Creating Volume: datanodefailurehandlingtest, with jenkins1000 as owner.
2019-08-29 11:54:38,991 [pool-127-thread-1] INFO  storage.RaftStorageDirectory (RaftStorageDirectory.java:tryLock(328)) - Lock on /workdir/hadoop-ozone/integration-test/target/test-dir/MiniOzoneClusterImpl-d5645d28-46c2-4d7d-99f2-1f02fc29b8b0/datanode-9/data/ratis/7cc759fb-19bc-4b5c-a522-b5b936f5a539/in_use.lock acquired by nodename 29102@pr-hdds-2030-qplxq-3692370286
2019-08-29 11:54:38,991 [bd7d2b3e-70a9-4c18-9e48-3057ca72b747:group-444E1B2B0B00:LeaderElection3] INFO  impl.LeaderElection (LeaderElection.java:askForVotes(181)) - bd7d2b3e-70a9-4c18-9e48-3057ca72b747:group-444E1B2B0B00:LeaderElection3: begin an election at term 1 for -1: [bd7d2b3e-70a9-4c18-9e48-3057ca72b747:192.168.5.166:45844], old=null
2019-08-29 11:54:38,993 [bd7d2b3e-70a9-4c18-9e48-3057ca72b747:group-444E1B2B0B00:LeaderElection3] INFO  impl.RoleInfo (RoleInfo.java:shutdownLeaderElection(134)) - bd7d2b3e-70a9-4c18-9e48-3057ca72b747: shutdown LeaderElection
2019-08-29 11:54:38,993 [bd7d2b3e-70a9-4c18-9e48-3057ca72b747:group-444E1B2B0B00:LeaderElection3] INFO  impl.RaftServerImpl (RaftServerImpl.java:setRole(171)) - bd7d2b3e-70a9-4c18-9e48-3057ca72b747:group-444E1B2B0B00 changes role from CANDIDATE to LEADER at term 1 for changeToLeader
2019-08-29 11:54:38,993 [bd7d2b3e-70a9-4c18-9e48-3057ca72b747:group-444E1B2B0B00:LeaderElection3] INFO  impl.RaftServerImpl (ServerState.java:setLeader(263)) - bd7d2b3e-70a9-4c18-9e48-3057ca72b747:group-444E1B2B0B00 change Leader from null to bd7d2b3e-70a9-4c18-9e48-3057ca72b747 at term 1 for becomeLeader, leader elected after 1401ms
2019-08-29 11:54:38,993 [bd7d2b3e-70a9-4c18-9e48-3057ca72b747:group-444E1B2B0B00:LeaderElection3] INFO  server.RaftServerConfigKeys (ConfUtils.java:logGet(43)) - raft.server.staging.catchup.gap = 1000 (default)
2019-08-29 11:54:38,993 [bd7d2b3e-70a9-4c18-9e48-3057ca72b747:group-444E1B2B0B00:LeaderElection3] INFO  server.RaftServerConfigKeys (ConfUtils.java:logGet(43)) - raft.server.rpc.sleep.time = 25ms (default)
2019-08-29 11:54:38,994 [bd7d2b3e-70a9-4c18-9e48-3057ca72b747:group-444E1B2B0B00:LeaderElection3] INFO  server.RaftServerConfigKeys (ConfUtils.java:logGet(43)) - raft.server.write.element-limit = 4096 (default)
2019-08-29 11:54:38,994 [bd7d2b3e-70a9-4c18-9e48-3057ca72b747:group-444E1B2B0B00:LeaderElection3] INFO  server.RaftServerConfigKeys (ConfUtils.java:logGet(43)) - raft.server.watch.timeout = 10s (default)
2019-08-29 11:54:38,994 [bd7d2b3e-70a9-4c18-9e48-3057ca72b747:group-444E1B2B0B00:LeaderElection3] INFO  server.RaftServerConfigKeys (ConfUtils.java:logGet(43)) - raft.server.watch.timeout.denomination = 1s (default)
2019-08-29 11:54:38,994 [bd7d2b3e-70a9-4c18-9e48-3057ca72b747:group-444E1B2B0B00:LeaderElection3] INFO  server.RaftServerConfigKeys (ConfUtils.java:logGet(43)) - raft.server.watch.element-limit = 65536 (default)
2019-08-29 11:54:38,994 [bd7d2b3e-70a9-4c18-9e48-3057ca72b747:group-444E1B2B0B00:LeaderElection3] INFO  impl.RoleInfo (RoleInfo.java:updateAndGet(143)) - bd7d2b3e-70a9-4c18-9e48-3057ca72b747: start LeaderState
2019-08-29 11:54:38,994 [bd7d2b3e-70a9-4c18-9e48-3057ca72b747:group-444E1B2B0B00:LeaderElection3] INFO  segmented.SegmentedRaftLogWorker (SegmentedRaftLogWorker.java:startLogSegment(380)) - bd7d2b3e-70a9-4c18-9e48-3057ca72b747-SegmentedRaftLogWorker:Storage Directory /workdir/hadoop-ozone/integration-test/target/test-dir/MiniOzoneClusterImpl-d5645d28-46c2-4d7d-99f2-1f02fc29b8b0/datanode-4/data/ratis/6765c449-295f-45a1-b815-444e1b2b0b00: Starting segment from index:0
2019-08-29 11:54:38,995 [bd7d2b3e-70a9-4c18-9e48-3057ca72b747:group-444E1B2B0B00:LeaderElection3] INFO  impl.RaftServerImpl (ServerState.java:setRaftConf(361)) - bd7d2b3e-70a9-4c18-9e48-3057ca72b747:group-444E1B2B0B00 set configuration 0: [bd7d2b3e-70a9-4c18-9e48-3057ca72b747:192.168.5.166:45844], old=null at 0
2019-08-29 11:54:39,006 | INFO  | OMAudit | user=jenkins1000 | ip=127.0.0.1 | op=CREATE_VOLUME {admin=jenkins1000, owner=jenkins1000, volume=datanodefailurehandlingtest, creationTime=1567079678998, quotaInBytes=1152921504606846976} | ret=SUCCESS |  
2019-08-29 11:54:39,023 | INFO  | OMAudit | user=jenkins1000 | ip=127.0.0.1 | op=READ_VOLUME {volume=datanodefailurehandlingtest} | ret=SUCCESS |  
2019-08-29 11:54:39,029 [main] INFO  rpc.RpcClient (RpcClient.java:createBucket(432)) - Creating Bucket: datanodefailurehandlingtest/datanodefailurehandlingtest, with Versioning false and Storage Type set to DISK and Encryption set to false 
2019-08-29 11:54:39,030 [pool-127-thread-1] INFO  storage.RaftStorage (RaftStorage.java:format(72)) - Storage directory /workdir/hadoop-ozone/integration-test/target/test-dir/MiniOzoneClusterImpl-d5645d28-46c2-4d7d-99f2-1f02fc29b8b0/datanode-9/data/ratis/7cc759fb-19bc-4b5c-a522-b5b936f5a539 has been successfully formatted.
2019-08-29 11:54:39,030 [pool-127-thread-1] INFO  ratis.ContainerStateMachine (ContainerStateMachine.java:loadSnapshot(226)) - group-B5B936F5A539: The snapshot info is null. Setting the last applied indexto:(t:0, i:~)
2019-08-29 11:54:39,031 [pool-127-thread-1] INFO  server.RaftServerConfigKeys (ConfUtils.java:logGet(43)) - raft.server.leader.election.timeout = 120s (custom)
2019-08-29 11:54:39,031 [pool-127-thread-1] INFO  server.RaftServerConfigKeys (ConfUtils.java:logGet(43)) - raft.server.log.use.memory = false (default)
2019-08-29 11:54:39,031 [pool-127-thread-1] INFO  server.RaftServerConfigKeys (ConfUtils.java:logGet(43)) - raft.server.log.purge.gap = 1000000 (custom)
2019-08-29 11:54:39,031 [pool-127-thread-1] INFO  server.RaftServerConfigKeys (ConfUtils.java:logGet(43)) - raft.server.log.appender.buffer.byte-limit = 33554432 (custom)
2019-08-29 11:54:39,031 [pool-127-thread-1] INFO  server.RaftServerConfigKeys (ConfUtils.java:logGet(43)) - raft.server.log.segment.size.max = 1048576 (custom)
2019-08-29 11:54:39,031 [pool-127-thread-1] INFO  server.RaftServerConfigKeys (ConfUtils.java:logGet(43)) - raft.server.log.segment.cache.num.max = 2 (custom)
2019-08-29 11:54:39,031 [pool-127-thread-1] INFO  segmented.SegmentedRaftLogWorker (SegmentedRaftLogWorker.java:<init>(172)) - new eec05b1d-f4e8-4418-a60c-420e12deef9f-SegmentedRaftLogWorker:Storage Directory /workdir/hadoop-ozone/integration-test/target/test-dir/MiniOzoneClusterImpl-d5645d28-46c2-4d7d-99f2-1f02fc29b8b0/datanode-9/data/ratis/7cc759fb-19bc-4b5c-a522-b5b936f5a539 for RaftStorage:Storage Directory /workdir/hadoop-ozone/integration-test/target/test-dir/MiniOzoneClusterImpl-d5645d28-46c2-4d7d-99f2-1f02fc29b8b0/datanode-9/data/ratis/7cc759fb-19bc-4b5c-a522-b5b936f5a539
2019-08-29 11:54:39,031 [pool-127-thread-1] INFO  server.RaftServerConfigKeys (ConfUtils.java:logGet(43)) - raft.server.log.queue.byte-limit = 2147483647 (custom)
2019-08-29 11:54:39,032 [pool-127-thread-1] INFO  server.RaftServerConfigKeys (ConfUtils.java:logGet(43)) - raft.server.log.queue.element-limit = 1024 (custom)
2019-08-29 11:54:39,032 [pool-127-thread-1] INFO  server.RaftServerConfigKeys (ConfUtils.java:logGet(43)) - raft.server.log.segment.size.max = 1048576 (custom)
2019-08-29 11:54:39,032 [pool-127-thread-1] INFO  server.RaftServerConfigKeys (ConfUtils.java:logGet(43)) - raft.server.log.preallocated.size = 16384 (custom)
2019-08-29 11:54:39,032 [pool-127-thread-1] INFO  server.RaftServerConfigKeys (ConfUtils.java:logGet(43)) - raft.server.log.write.buffer.size = 33554432 (custom)
2019-08-29 11:54:39,032 [pool-127-thread-1] INFO  server.RaftServerConfigKeys (ConfUtils.java:logGet(43)) - raft.server.log.force.sync.num = 128 (default)
2019-08-29 11:54:39,032 [pool-127-thread-1] INFO  server.RaftServerConfigKeys (ConfUtils.java:logGet(43)) - raft.server.log.statemachine.data.sync = true (default)
2019-08-29 11:54:39,032 [pool-127-thread-1] INFO  server.RaftServerConfigKeys (ConfUtils.java:logGet(43)) - raft.server.log.statemachine.data.sync.timeout = 10s (default)
2019-08-29 11:54:39,033 [pool-127-thread-1] INFO  server.RaftServerConfigKeys (ConfUtils.java:logGet(43)) - raft.server.log.statemachine.data.sync.timeout.retry = -1 (default)
2019-08-29 11:54:39,033 [pool-127-thread-1] INFO  server.RaftServerConfigKeys (ConfUtils.java:logGet(43)) - raft.server.log.statemachine.data.caching.enabled = true (custom)
2019-08-29 11:54:39,033 [pool-127-thread-1] INFO  segmented.SegmentedRaftLogWorker (SegmentedRaftLogWorker.java:lambda$new$0(132)) - eec05b1d-f4e8-4418-a60c-420e12deef9f-SegmentedRaftLogWorker:Storage Directory /workdir/hadoop-ozone/integration-test/target/test-dir/MiniOzoneClusterImpl-d5645d28-46c2-4d7d-99f2-1f02fc29b8b0/datanode-9/data/ratis/7cc759fb-19bc-4b5c-a522-b5b936f5a539: flushIndex: setUnconditionally 0 -> -1
2019-08-29 11:54:39,033 [pool-127-thread-1] INFO  server.RaftServerConfigKeys (ConfUtils.java:logGet(43)) - raft.server.snapshot.auto.trigger.enabled = true (custom)
2019-08-29 11:54:39,034 [pool-127-thread-1] INFO  server.RaftServerConfigKeys (ConfUtils.java:logGet(43)) - raft.server.snapshot.auto.trigger.threshold = 10000 (custom)
2019-08-29 11:54:39,034 [pool-127-thread-1] INFO  server.RaftServerConfigKeys (ConfUtils.java:logGet(43)) - raft.server.retrycache.expirytime = 600000ms (custom)
2019-08-29 11:54:39,034 [pool-127-thread-1] INFO  impl.RaftServerImpl (RaftServerImpl.java:start(180)) - eec05b1d-f4e8-4418-a60c-420e12deef9f: start group-B5B936F5A539
2019-08-29 11:54:39,034 [pool-127-thread-1] INFO  impl.RaftServerImpl (RaftServerImpl.java:setRole(171)) - eec05b1d-f4e8-4418-a60c-420e12deef9f:group-B5B936F5A539 changes role from null to FOLLOWER at term 0 for startAsFollower
2019-08-29 11:54:39,034 [pool-127-thread-1] INFO  impl.RoleInfo (RoleInfo.java:updateAndGet(143)) - eec05b1d-f4e8-4418-a60c-420e12deef9f: start FollowerState
2019-08-29 11:54:39,035 [pool-127-thread-1] INFO  util.JmxRegister (JmxRegister.java:tryRegister(44)) - Successfully registered JMX Bean with object name Ratis:service=RaftServer,group=group-B5B936F5A539,id=eec05b1d-f4e8-4418-a60c-420e12deef9f
2019-08-29 11:54:39,080 [RatisPipelineUtilsThread] INFO  pipeline.PipelineStateManager (PipelineStateManager.java:addPipeline(56)) - Created pipeline Pipeline[ Id: 7cc759fb-19bc-4b5c-a522-b5b936f5a539, Nodes: eec05b1d-f4e8-4418-a60c-420e12deef9f{ip: 192.168.5.166, host: pr-hdds-2030-qplxq-3692370286, networkLocation: /default-rack, certSerialId: null}, Type:RATIS, Factor:ONE, State:OPEN]
2019-08-29 11:54:39,102 | INFO  | OMAudit | user=jenkins1000 | ip=127.0.0.1 | op=CREATE_BUCKET {volume=datanodefailurehandlingtest, bucket=datanodefailurehandlingtest, acls=[user:jenkins1000:a[ACCESS], group:default:a[ACCESS]], isVersionEnabled=false, storageType=DISK, creationTime=0} | ret=SUCCESS |  
2019-08-29 11:54:39,107 [grpc-default-executor-0] INFO  impl.RaftServerProxy (RaftServerProxy.java:addNew(89)) - e5b95ce0-1250-4c31-97f6-119a472050cb: addNew group-133D27FD72AD:[e5b95ce0-1250-4c31-97f6-119a472050cb:192.168.5.166:34735] returns group-133D27FD72AD:java.util.concurrent.CompletableFuture@2cff3e50[Not completed]
2019-08-29 11:54:39,110 [pool-60-thread-1] INFO  impl.RaftServerImpl (RaftServerImpl.java:<init>(93)) - e5b95ce0-1250-4c31-97f6-119a472050cb: new RaftServerImpl for group-133D27FD72AD:[e5b95ce0-1250-4c31-97f6-119a472050cb:192.168.5.166:34735] with ContainerStateMachine:uninitialized
2019-08-29 11:54:39,110 [pool-60-thread-1] INFO  server.RaftServerConfigKeys (ConfUtils.java:logGet(43)) - raft.server.rpc.timeout.min = 1s (custom)
2019-08-29 11:54:39,110 [pool-60-thread-1] INFO  server.RaftServerConfigKeys (ConfUtils.java:logGet(43)) - raft.server.rpc.timeout.max = 1200ms (custom)
2019-08-29 11:54:39,111 [pool-60-thread-1] INFO  server.RaftServerConfigKeys (ConfUtils.java:logGet(43)) - raft.server.rpcslowness.timeout = 120s (custom)
2019-08-29 11:54:39,111 [pool-60-thread-1] INFO  server.RaftServerConfigKeys (ConfUtils.java:logGet(43)) - raft.server.sleep.deviation.threshold = 300 (default)
2019-08-29 11:54:39,111 [pool-60-thread-1] INFO  server.RaftServerConfigKeys (ConfUtils.java:logGet(43)) - raft.server.log.appender.install.snapshot.enabled = false (custom)
2019-08-29 11:54:39,111 [pool-60-thread-1] INFO  impl.RaftServerImpl (ServerState.java:<init>(105)) - e5b95ce0-1250-4c31-97f6-119a472050cb:group-133D27FD72AD ConfigurationManager, init=-1: [e5b95ce0-1250-4c31-97f6-119a472050cb:192.168.5.166:34735], old=null, confs=<EMPTY_MAP>
2019-08-29 11:54:39,111 [pool-60-thread-1] INFO  server.RaftServerConfigKeys (ConfUtils.java:logGet(43)) - raft.server.storage.dir = [/workdir/hadoop-ozone/integration-test/target/test-dir/MiniOzoneClusterImpl-d5645d28-46c2-4d7d-99f2-1f02fc29b8b0/datanode-3/data/ratis] (custom)
2019-08-29 11:54:39,112 [pool-60-thread-1] INFO  storage.RaftStorageDirectory (RaftStorageDirectory.java:analyzeStorage(246)) - The storage directory /workdir/hadoop-ozone/integration-test/target/test-dir/MiniOzoneClusterImpl-d5645d28-46c2-4d7d-99f2-1f02fc29b8b0/datanode-3/data/ratis/76832eb4-00b3-4f9f-9433-133d27fd72ad does not exist. Creating ...
2019-08-29 11:54:39,117 | INFO  | OMAudit | user=jenkins1000 | ip=127.0.0.1 | op=READ_VOLUME {volume=datanodefailurehandlingtest} | ret=SUCCESS |  
2019-08-29 11:54:39,117 [07dabde0-c17e-46ed-9a55-144838a04ea2-SegmentedRaftLogWorker:Storage Directory /workdir/hadoop-ozone/integration-test/target/test-dir/MiniOzoneClusterImpl-d5645d28-46c2-4d7d-99f2-1f02fc29b8b0/datanode-1/data/ratis/c9d00459-23b8-41f1-8dee-3deb20923187] INFO  segmented.SegmentedRaftLogWorker (SegmentedRaftLogWorker.java:execute(569)) - 07dabde0-c17e-46ed-9a55-144838a04ea2-SegmentedRaftLogWorker:Storage Directory /workdir/hadoop-ozone/integration-test/target/test-dir/MiniOzoneClusterImpl-d5645d28-46c2-4d7d-99f2-1f02fc29b8b0/datanode-1/data/ratis/c9d00459-23b8-41f1-8dee-3deb20923187: created new log segment /workdir/hadoop-ozone/integration-test/target/test-dir/MiniOzoneClusterImpl-d5645d28-46c2-4d7d-99f2-1f02fc29b8b0/datanode-1/data/ratis/c9d00459-23b8-41f1-8dee-3deb20923187/current/log_inprogress_0
2019-08-29 11:54:39,117 [bd7d2b3e-70a9-4c18-9e48-3057ca72b747-SegmentedRaftLogWorker:Storage Directory /workdir/hadoop-ozone/integration-test/target/test-dir/MiniOzoneClusterImpl-d5645d28-46c2-4d7d-99f2-1f02fc29b8b0/datanode-4/data/ratis/6765c449-295f-45a1-b815-444e1b2b0b00] INFO  segmented.SegmentedRaftLogWorker (SegmentedRaftLogWorker.java:execute(569)) - bd7d2b3e-70a9-4c18-9e48-3057ca72b747-SegmentedRaftLogWorker:Storage Directory /workdir/hadoop-ozone/integration-test/target/test-dir/MiniOzoneClusterImpl-d5645d28-46c2-4d7d-99f2-1f02fc29b8b0/datanode-4/data/ratis/6765c449-295f-45a1-b815-444e1b2b0b00: created new log segment /workdir/hadoop-ozone/integration-test/target/test-dir/MiniOzoneClusterImpl-d5645d28-46c2-4d7d-99f2-1f02fc29b8b0/datanode-4/data/ratis/6765c449-295f-45a1-b815-444e1b2b0b00/current/log_inprogress_0
2019-08-29 11:54:39,117 [920b05f1-a92b-459a-a000-361715d4ee3d-SegmentedRaftLogWorker:Storage Directory /workdir/hadoop-ozone/integration-test/target/test-dir/MiniOzoneClusterImpl-d5645d28-46c2-4d7d-99f2-1f02fc29b8b0/datanode-0/data/ratis/f7939979-c7d6-4c52-bfb6-0dace7a3af8b] INFO  segmented.SegmentedRaftLogWorker (SegmentedRaftLogWorker.java:execute(569)) - 920b05f1-a92b-459a-a000-361715d4ee3d-SegmentedRaftLogWorker:Storage Directory /workdir/hadoop-ozone/integration-test/target/test-dir/MiniOzoneClusterImpl-d5645d28-46c2-4d7d-99f2-1f02fc29b8b0/datanode-0/data/ratis/f7939979-c7d6-4c52-bfb6-0dace7a3af8b: created new log segment /workdir/hadoop-ozone/integration-test/target/test-dir/MiniOzoneClusterImpl-d5645d28-46c2-4d7d-99f2-1f02fc29b8b0/datanode-0/data/ratis/f7939979-c7d6-4c52-bfb6-0dace7a3af8b/current/log_inprogress_0
2019-08-29 11:54:39,120 [pool-60-thread-1] INFO  storage.RaftStorageDirectory (RaftStorageDirectory.java:tryLock(328)) - Lock on /workdir/hadoop-ozone/integration-test/target/test-dir/MiniOzoneClusterImpl-d5645d28-46c2-4d7d-99f2-1f02fc29b8b0/datanode-3/data/ratis/76832eb4-00b3-4f9f-9433-133d27fd72ad/in_use.lock acquired by nodename 29102@pr-hdds-2030-qplxq-3692370286
2019-08-29 11:54:39,128 [Thread-293] INFO  impl.FollowerState (FollowerState.java:run(106)) - 42efee89-99fa-4c75-b2bf-b3a1b636c7a3:group-BB9F13E11506 changes to CANDIDATE, lastRpcTime:1000, electionTimeout:1000ms
2019-08-29 11:54:39,130 [Thread-293] INFO  impl.RoleInfo (RoleInfo.java:shutdownFollowerState(121)) - 42efee89-99fa-4c75-b2bf-b3a1b636c7a3: shutdown FollowerState
2019-08-29 11:54:39,131 [Thread-293] INFO  impl.RaftServerImpl (RaftServerImpl.java:setRole(171)) - 42efee89-99fa-4c75-b2bf-b3a1b636c7a3:group-BB9F13E11506 changes role from FOLLOWER to CANDIDATE at term 0 for changeToCandidate
2019-08-29 11:54:39,131 [Thread-293] INFO  impl.RoleInfo (RoleInfo.java:updateAndGet(143)) - 42efee89-99fa-4c75-b2bf-b3a1b636c7a3: start LeaderElection
2019-08-29 11:54:39,134 [pool-60-thread-1] INFO  storage.RaftStorage (RaftStorage.java:format(72)) - Storage directory /workdir/hadoop-ozone/integration-test/target/test-dir/MiniOzoneClusterImpl-d5645d28-46c2-4d7d-99f2-1f02fc29b8b0/datanode-3/data/ratis/76832eb4-00b3-4f9f-9433-133d27fd72ad has been successfully formatted.
2019-08-29 11:54:39,136 [pool-60-thread-1] INFO  ratis.ContainerStateMachine (ContainerStateMachine.java:loadSnapshot(226)) - group-133D27FD72AD: The snapshot info is null. Setting the last applied indexto:(t:0, i:~)
2019-08-29 11:54:39,137 [pool-60-thread-1] INFO  server.RaftServerConfigKeys (ConfUtils.java:logGet(43)) - raft.server.leader.election.timeout = 120s (custom)
2019-08-29 11:54:39,137 [pool-60-thread-1] INFO  server.RaftServerConfigKeys (ConfUtils.java:logGet(43)) - raft.server.log.use.memory = false (default)
2019-08-29 11:54:39,137 [pool-60-thread-1] INFO  server.RaftServerConfigKeys (ConfUtils.java:logGet(43)) - raft.server.log.purge.gap = 1000000 (custom)
2019-08-29 11:54:39,137 [pool-60-thread-1] INFO  server.RaftServerConfigKeys (ConfUtils.java:logGet(43)) - raft.server.log.appender.buffer.byte-limit = 33554432 (custom)
2019-08-29 11:54:39,137 [pool-60-thread-1] INFO  server.RaftServerConfigKeys (ConfUtils.java:logGet(43)) - raft.server.log.segment.size.max = 1048576 (custom)
2019-08-29 11:54:39,137 [pool-60-thread-1] INFO  server.RaftServerConfigKeys (ConfUtils.java:logGet(43)) - raft.server.log.segment.cache.num.max = 2 (custom)
2019-08-29 11:54:39,137 [pool-60-thread-1] INFO  segmented.SegmentedRaftLogWorker (SegmentedRaftLogWorker.java:<init>(172)) - new e5b95ce0-1250-4c31-97f6-119a472050cb-SegmentedRaftLogWorker:Storage Directory /workdir/hadoop-ozone/integration-test/target/test-dir/MiniOzoneClusterImpl-d5645d28-46c2-4d7d-99f2-1f02fc29b8b0/datanode-3/data/ratis/76832eb4-00b3-4f9f-9433-133d27fd72ad for RaftStorage:Storage Directory /workdir/hadoop-ozone/integration-test/target/test-dir/MiniOzoneClusterImpl-d5645d28-46c2-4d7d-99f2-1f02fc29b8b0/datanode-3/data/ratis/76832eb4-00b3-4f9f-9433-133d27fd72ad
2019-08-29 11:54:39,138 [pool-60-thread-1] INFO  server.RaftServerConfigKeys (ConfUtils.java:logGet(43)) - raft.server.log.queue.byte-limit = 2147483647 (custom)
2019-08-29 11:54:39,138 [pool-60-thread-1] INFO  server.RaftServerConfigKeys (ConfUtils.java:logGet(43)) - raft.server.log.queue.element-limit = 1024 (custom)
2019-08-29 11:54:39,138 [pool-60-thread-1] INFO  server.RaftServerConfigKeys (ConfUtils.java:logGet(43)) - raft.server.log.segment.size.max = 1048576 (custom)
2019-08-29 11:54:39,138 [pool-60-thread-1] INFO  server.RaftServerConfigKeys (ConfUtils.java:logGet(43)) - raft.server.log.preallocated.size = 16384 (custom)
2019-08-29 11:54:39,138 [pool-60-thread-1] INFO  server.RaftServerConfigKeys (ConfUtils.java:logGet(43)) - raft.server.log.write.buffer.size = 33554432 (custom)
2019-08-29 11:54:39,138 [pool-60-thread-1] INFO  server.RaftServerConfigKeys (ConfUtils.java:logGet(43)) - raft.server.log.force.sync.num = 128 (default)
2019-08-29 11:54:39,138 [pool-60-thread-1] INFO  server.RaftServerConfigKeys (ConfUtils.java:logGet(43)) - raft.server.log.statemachine.data.sync = true (default)
2019-08-29 11:54:39,139 [pool-60-thread-1] INFO  server.RaftServerConfigKeys (ConfUtils.java:logGet(43)) - raft.server.log.statemachine.data.sync.timeout = 10s (default)
2019-08-29 11:54:39,139 [pool-60-thread-1] INFO  server.RaftServerConfigKeys (ConfUtils.java:logGet(43)) - raft.server.log.statemachine.data.sync.timeout.retry = -1 (default)
2019-08-29 11:54:39,139 [pool-60-thread-1] INFO  server.RaftServerConfigKeys (ConfUtils.java:logGet(43)) - raft.server.log.statemachine.data.caching.enabled = true (custom)
2019-08-29 11:54:39,139 [pool-60-thread-1] INFO  segmented.SegmentedRaftLogWorker (SegmentedRaftLogWorker.java:lambda$new$0(132)) - e5b95ce0-1250-4c31-97f6-119a472050cb-SegmentedRaftLogWorker:Storage Directory /workdir/hadoop-ozone/integration-test/target/test-dir/MiniOzoneClusterImpl-d5645d28-46c2-4d7d-99f2-1f02fc29b8b0/datanode-3/data/ratis/76832eb4-00b3-4f9f-9433-133d27fd72ad: flushIndex: setUnconditionally 0 -> -1
2019-08-29 11:54:39,140 [pool-60-thread-1] INFO  server.RaftServerConfigKeys (ConfUtils.java:logGet(43)) - raft.server.snapshot.auto.trigger.enabled = true (custom)
2019-08-29 11:54:39,139 | INFO  | OMAudit | user=jenkins1000 | ip=127.0.0.1 | op=READ_BUCKET {volume=datanodefailurehandlingtest, bucket=datanodefailurehandlingtest} | ret=SUCCESS |  
2019-08-29 11:54:39,140 [pool-60-thread-1] INFO  server.RaftServerConfigKeys (ConfUtils.java:logGet(43)) - raft.server.snapshot.auto.trigger.threshold = 10000 (custom)
2019-08-29 11:54:39,140 [pool-60-thread-1] INFO  server.RaftServerConfigKeys (ConfUtils.java:logGet(43)) - raft.server.retrycache.expirytime = 600000ms (custom)
2019-08-29 11:54:39,140 [pool-60-thread-1] INFO  impl.RaftServerImpl (RaftServerImpl.java:start(180)) - e5b95ce0-1250-4c31-97f6-119a472050cb: start group-133D27FD72AD
2019-08-29 11:54:39,140 [pool-60-thread-1] INFO  impl.RaftServerImpl (RaftServerImpl.java:setRole(171)) - e5b95ce0-1250-4c31-97f6-119a472050cb:group-133D27FD72AD changes role from null to FOLLOWER at term 0 for startAsFollower
2019-08-29 11:54:39,140 [pool-60-thread-1] INFO  impl.RoleInfo (RoleInfo.java:updateAndGet(143)) - e5b95ce0-1250-4c31-97f6-119a472050cb: start FollowerState
2019-08-29 11:54:39,141 [pool-60-thread-1] INFO  util.JmxRegister (JmxRegister.java:tryRegister(44)) - Successfully registered JMX Bean with object name Ratis:service=RaftServer,group=group-133D27FD72AD,id=e5b95ce0-1250-4c31-97f6-119a472050cb
2019-08-29 11:54:39,145 [42efee89-99fa-4c75-b2bf-b3a1b636c7a3:group-BB9F13E11506:LeaderElection4] INFO  impl.LeaderElection (LeaderElection.java:askForVotes(181)) - 42efee89-99fa-4c75-b2bf-b3a1b636c7a3:group-BB9F13E11506:LeaderElection4: begin an election at term 1 for -1: [42efee89-99fa-4c75-b2bf-b3a1b636c7a3:192.168.5.166:34186], old=null
2019-08-29 11:54:39,148 [42efee89-99fa-4c75-b2bf-b3a1b636c7a3:group-BB9F13E11506:LeaderElection4] INFO  impl.RoleInfo (RoleInfo.java:shutdownLeaderElection(134)) - 42efee89-99fa-4c75-b2bf-b3a1b636c7a3: shutdown LeaderElection
2019-08-29 11:54:39,148 [42efee89-99fa-4c75-b2bf-b3a1b636c7a3:group-BB9F13E11506:LeaderElection4] INFO  impl.RaftServerImpl (RaftServerImpl.java:setRole(171)) - 42efee89-99fa-4c75-b2bf-b3a1b636c7a3:group-BB9F13E11506 changes role from CANDIDATE to LEADER at term 1 for changeToLeader
2019-08-29 11:54:39,151 [42efee89-99fa-4c75-b2bf-b3a1b636c7a3:group-BB9F13E11506:LeaderElection4] INFO  impl.RaftServerImpl (ServerState.java:setLeader(263)) - 42efee89-99fa-4c75-b2bf-b3a1b636c7a3:group-BB9F13E11506 change Leader from null to 42efee89-99fa-4c75-b2bf-b3a1b636c7a3 at term 1 for becomeLeader, leader elected after 1024ms
2019-08-29 11:54:39,151 [42efee89-99fa-4c75-b2bf-b3a1b636c7a3:group-BB9F13E11506:LeaderElection4] INFO  server.RaftServerConfigKeys (ConfUtils.java:logGet(43)) - raft.server.staging.catchup.gap = 1000 (default)
2019-08-29 11:54:39,154 [42efee89-99fa-4c75-b2bf-b3a1b636c7a3:group-BB9F13E11506:LeaderElection4] INFO  server.RaftServerConfigKeys (ConfUtils.java:logGet(43)) - raft.server.rpc.sleep.time = 25ms (default)
2019-08-29 11:54:39,156 [42efee89-99fa-4c75-b2bf-b3a1b636c7a3:group-BB9F13E11506:LeaderElection4] INFO  server.RaftServerConfigKeys (ConfUtils.java:logGet(43)) - raft.server.write.element-limit = 4096 (default)
2019-08-29 11:54:39,156 [42efee89-99fa-4c75-b2bf-b3a1b636c7a3:group-BB9F13E11506:LeaderElection4] INFO  server.RaftServerConfigKeys (ConfUtils.java:logGet(43)) - raft.server.watch.timeout = 10s (default)
2019-08-29 11:54:39,157 [42efee89-99fa-4c75-b2bf-b3a1b636c7a3:group-BB9F13E11506:LeaderElection4] INFO  server.RaftServerConfigKeys (ConfUtils.java:logGet(43)) - raft.server.watch.timeout.denomination = 1s (default)
2019-08-29 11:54:39,157 [42efee89-99fa-4c75-b2bf-b3a1b636c7a3:group-BB9F13E11506:LeaderElection4] INFO  server.RaftServerConfigKeys (ConfUtils.java:logGet(43)) - raft.server.watch.element-limit = 65536 (default)
2019-08-29 11:54:39,157 [RatisPipelineUtilsThread] INFO  pipeline.PipelineStateManager (PipelineStateManager.java:addPipeline(56)) - Created pipeline Pipeline[ Id: 76832eb4-00b3-4f9f-9433-133d27fd72ad, Nodes: e5b95ce0-1250-4c31-97f6-119a472050cb{ip: 192.168.5.166, host: pr-hdds-2030-qplxq-3692370286, networkLocation: /default-rack, certSerialId: null}, Type:RATIS, Factor:ONE, State:OPEN]
2019-08-29 11:54:39,157 [42efee89-99fa-4c75-b2bf-b3a1b636c7a3:group-BB9F13E11506:LeaderElection4] INFO  impl.RoleInfo (RoleInfo.java:updateAndGet(143)) - 42efee89-99fa-4c75-b2bf-b3a1b636c7a3: start LeaderState
2019-08-29 11:54:39,157 [42efee89-99fa-4c75-b2bf-b3a1b636c7a3:group-BB9F13E11506:LeaderElection4] INFO  segmented.SegmentedRaftLogWorker (SegmentedRaftLogWorker.java:startLogSegment(380)) - 42efee89-99fa-4c75-b2bf-b3a1b636c7a3-SegmentedRaftLogWorker:Storage Directory /workdir/hadoop-ozone/integration-test/target/test-dir/MiniOzoneClusterImpl-d5645d28-46c2-4d7d-99f2-1f02fc29b8b0/datanode-7/data/ratis/8f995859-67f3-43e1-864f-bb9f13e11506: Starting segment from index:0
2019-08-29 11:54:39,158 [42efee89-99fa-4c75-b2bf-b3a1b636c7a3:group-BB9F13E11506:LeaderElection4] INFO  impl.RaftServerImpl (ServerState.java:setRaftConf(361)) - 42efee89-99fa-4c75-b2bf-b3a1b636c7a3:group-BB9F13E11506 set configuration 0: [42efee89-99fa-4c75-b2bf-b3a1b636c7a3:192.168.5.166:34186], old=null at 0
2019-08-29 11:54:39,228 [grpc-default-executor-2] INFO  impl.RaftServerProxy (RaftServerProxy.java:addNew(89)) - 42efee89-99fa-4c75-b2bf-b3a1b636c7a3: addNew group-2DD3C3757259:[b34bc477-f594-4894-b3be-a6d4c994fd70:192.168.5.166:42417, 920b05f1-a92b-459a-a000-361715d4ee3d:192.168.5.166:36887, 42efee89-99fa-4c75-b2bf-b3a1b636c7a3:192.168.5.166:34186] returns group-2DD3C3757259:java.util.concurrent.CompletableFuture@76b287ff[Not completed]
2019-08-29 11:54:39,228 [grpc-default-executor-1] INFO  impl.RaftServerProxy (RaftServerProxy.java:addNew(89)) - b34bc477-f594-4894-b3be-a6d4c994fd70: addNew group-2DD3C3757259:[b34bc477-f594-4894-b3be-a6d4c994fd70:192.168.5.166:42417, 920b05f1-a92b-459a-a000-361715d4ee3d:192.168.5.166:36887, 42efee89-99fa-4c75-b2bf-b3a1b636c7a3:192.168.5.166:34186] returns group-2DD3C3757259:java.util.concurrent.CompletableFuture@67bdeebb[Not completed]
2019-08-29 11:54:39,231 [grpc-default-executor-1] INFO  impl.RaftServerProxy (RaftServerProxy.java:addNew(89)) - 920b05f1-a92b-459a-a000-361715d4ee3d: addNew group-2DD3C3757259:[b34bc477-f594-4894-b3be-a6d4c994fd70:192.168.5.166:42417, 920b05f1-a92b-459a-a000-361715d4ee3d:192.168.5.166:36887, 42efee89-99fa-4c75-b2bf-b3a1b636c7a3:192.168.5.166:34186] returns group-2DD3C3757259:java.util.concurrent.CompletableFuture@6315de69[Not completed]
2019-08-29 11:54:39,232 [pool-115-thread-1] INFO  impl.RaftServerImpl (RaftServerImpl.java:<init>(93)) - b34bc477-f594-4894-b3be-a6d4c994fd70: new RaftServerImpl for group-2DD3C3757259:[b34bc477-f594-4894-b3be-a6d4c994fd70:192.168.5.166:42417, 920b05f1-a92b-459a-a000-361715d4ee3d:192.168.5.166:36887, 42efee89-99fa-4c75-b2bf-b3a1b636c7a3:192.168.5.166:34186] with ContainerStateMachine:uninitialized
2019-08-29 11:54:39,233 [pool-115-thread-1] INFO  server.RaftServerConfigKeys (ConfUtils.java:logGet(43)) - raft.server.rpc.timeout.min = 1s (custom)
2019-08-29 11:54:39,233 [pool-115-thread-1] INFO  server.RaftServerConfigKeys (ConfUtils.java:logGet(43)) - raft.server.rpc.timeout.max = 1200ms (custom)
2019-08-29 11:54:39,233 [pool-115-thread-1] INFO  server.RaftServerConfigKeys (ConfUtils.java:logGet(43)) - raft.server.rpcslowness.timeout = 120s (custom)
2019-08-29 11:54:39,233 [pool-115-thread-1] INFO  server.RaftServerConfigKeys (ConfUtils.java:logGet(43)) - raft.server.sleep.deviation.threshold = 300 (default)
2019-08-29 11:54:39,233 [pool-115-thread-1] INFO  server.RaftServerConfigKeys (ConfUtils.java:logGet(43)) - raft.server.log.appender.install.snapshot.enabled = false (custom)
2019-08-29 11:54:39,233 [pool-115-thread-1] INFO  impl.RaftServerImpl (ServerState.java:<init>(105)) - b34bc477-f594-4894-b3be-a6d4c994fd70:group-2DD3C3757259 ConfigurationManager, init=-1: [b34bc477-f594-4894-b3be-a6d4c994fd70:192.168.5.166:42417, 920b05f1-a92b-459a-a000-361715d4ee3d:192.168.5.166:36887, 42efee89-99fa-4c75-b2bf-b3a1b636c7a3:192.168.5.166:34186], old=null, confs=<EMPTY_MAP>
2019-08-29 11:54:39,233 [pool-27-thread-1] INFO  impl.RaftServerImpl (RaftServerImpl.java:<init>(93)) - 920b05f1-a92b-459a-a000-361715d4ee3d: new RaftServerImpl for group-2DD3C3757259:[b34bc477-f594-4894-b3be-a6d4c994fd70:192.168.5.166:42417, 920b05f1-a92b-459a-a000-361715d4ee3d:192.168.5.166:36887, 42efee89-99fa-4c75-b2bf-b3a1b636c7a3:192.168.5.166:34186] with ContainerStateMachine:uninitialized
2019-08-29 11:54:39,234 [pool-115-thread-1] INFO  server.RaftServerConfigKeys (ConfUtils.java:logGet(43)) - raft.server.storage.dir = [/workdir/hadoop-ozone/integration-test/target/test-dir/MiniOzoneClusterImpl-d5645d28-46c2-4d7d-99f2-1f02fc29b8b0/datanode-8/data/ratis] (custom)
2019-08-29 11:54:39,234 [pool-27-thread-1] INFO  server.RaftServerConfigKeys (ConfUtils.java:logGet(43)) - raft.server.rpc.timeout.min = 1s (custom)
2019-08-29 11:54:39,234 [pool-27-thread-1] INFO  server.RaftServerConfigKeys (ConfUtils.java:logGet(43)) - raft.server.rpc.timeout.max = 1200ms (custom)
2019-08-29 11:54:39,234 [pool-27-thread-1] INFO  server.RaftServerConfigKeys (ConfUtils.java:logGet(43)) - raft.server.rpcslowness.timeout = 120s (custom)
2019-08-29 11:54:39,234 [pool-115-thread-1] INFO  storage.RaftStorageDirectory (RaftStorageDirectory.java:analyzeStorage(246)) - The storage directory /workdir/hadoop-ozone/integration-test/target/test-dir/MiniOzoneClusterImpl-d5645d28-46c2-4d7d-99f2-1f02fc29b8b0/datanode-8/data/ratis/096fcd2b-786a-4a64-996f-2dd3c3757259 does not exist. Creating ...
2019-08-29 11:54:39,234 [pool-27-thread-1] INFO  server.RaftServerConfigKeys (ConfUtils.java:logGet(43)) - raft.server.sleep.deviation.threshold = 300 (default)
2019-08-29 11:54:39,234 [pool-27-thread-1] INFO  server.RaftServerConfigKeys (ConfUtils.java:logGet(43)) - raft.server.log.appender.install.snapshot.enabled = false (custom)
2019-08-29 11:54:39,234 [pool-27-thread-1] INFO  impl.RaftServerImpl (ServerState.java:<init>(105)) - 920b05f1-a92b-459a-a000-361715d4ee3d:group-2DD3C3757259 ConfigurationManager, init=-1: [b34bc477-f594-4894-b3be-a6d4c994fd70:192.168.5.166:42417, 920b05f1-a92b-459a-a000-361715d4ee3d:192.168.5.166:36887, 42efee89-99fa-4c75-b2bf-b3a1b636c7a3:192.168.5.166:34186], old=null, confs=<EMPTY_MAP>
2019-08-29 11:54:39,235 [pool-27-thread-1] INFO  server.RaftServerConfigKeys (ConfUtils.java:logGet(43)) - raft.server.storage.dir = [/workdir/hadoop-ozone/integration-test/target/test-dir/MiniOzoneClusterImpl-d5645d28-46c2-4d7d-99f2-1f02fc29b8b0/datanode-0/data/ratis] (custom)
2019-08-29 11:54:39,235 [pool-104-thread-1] INFO  impl.RaftServerImpl (RaftServerImpl.java:<init>(93)) - 42efee89-99fa-4c75-b2bf-b3a1b636c7a3: new RaftServerImpl for group-2DD3C3757259:[b34bc477-f594-4894-b3be-a6d4c994fd70:192.168.5.166:42417, 920b05f1-a92b-459a-a000-361715d4ee3d:192.168.5.166:36887, 42efee89-99fa-4c75-b2bf-b3a1b636c7a3:192.168.5.166:34186] with ContainerStateMachine:uninitialized
2019-08-29 11:54:39,235 [pool-27-thread-1] INFO  storage.RaftStorageDirectory (RaftStorageDirectory.java:analyzeStorage(246)) - The storage directory /workdir/hadoop-ozone/integration-test/target/test-dir/MiniOzoneClusterImpl-d5645d28-46c2-4d7d-99f2-1f02fc29b8b0/datanode-0/data/ratis/096fcd2b-786a-4a64-996f-2dd3c3757259 does not exist. Creating ...
2019-08-29 11:54:39,235 [pool-104-thread-1] INFO  server.RaftServerConfigKeys (ConfUtils.java:logGet(43)) - raft.server.rpc.timeout.min = 1s (custom)
2019-08-29 11:54:39,235 [pool-104-thread-1] INFO  server.RaftServerConfigKeys (ConfUtils.java:logGet(43)) - raft.server.rpc.timeout.max = 1200ms (custom)
2019-08-29 11:54:39,235 [pool-104-thread-1] INFO  server.RaftServerConfigKeys (ConfUtils.java:logGet(43)) - raft.server.rpcslowness.timeout = 120s (custom)
2019-08-29 11:54:39,236 [pool-104-thread-1] INFO  server.RaftServerConfigKeys (ConfUtils.java:logGet(43)) - raft.server.sleep.deviation.threshold = 300 (default)
2019-08-29 11:54:39,236 [pool-104-thread-1] INFO  server.RaftServerConfigKeys (ConfUtils.java:logGet(43)) - raft.server.log.appender.install.snapshot.enabled = false (custom)
2019-08-29 11:54:39,236 [pool-104-thread-1] INFO  impl.RaftServerImpl (ServerState.java:<init>(105)) - 42efee89-99fa-4c75-b2bf-b3a1b636c7a3:group-2DD3C3757259 ConfigurationManager, init=-1: [b34bc477-f594-4894-b3be-a6d4c994fd70:192.168.5.166:42417, 920b05f1-a92b-459a-a000-361715d4ee3d:192.168.5.166:36887, 42efee89-99fa-4c75-b2bf-b3a1b636c7a3:192.168.5.166:34186], old=null, confs=<EMPTY_MAP>
2019-08-29 11:54:39,236 [pool-104-thread-1] INFO  server.RaftServerConfigKeys (ConfUtils.java:logGet(43)) - raft.server.storage.dir = [/workdir/hadoop-ozone/integration-test/target/test-dir/MiniOzoneClusterImpl-d5645d28-46c2-4d7d-99f2-1f02fc29b8b0/datanode-7/data/ratis] (custom)
2019-08-29 11:54:39,237 [pool-104-thread-1] INFO  storage.RaftStorageDirectory (RaftStorageDirectory.java:analyzeStorage(246)) - The storage directory /workdir/hadoop-ozone/integration-test/target/test-dir/MiniOzoneClusterImpl-d5645d28-46c2-4d7d-99f2-1f02fc29b8b0/datanode-7/data/ratis/096fcd2b-786a-4a64-996f-2dd3c3757259 does not exist. Creating ...
2019-08-29 11:54:39,256 [42efee89-99fa-4c75-b2bf-b3a1b636c7a3-SegmentedRaftLogWorker:Storage Directory /workdir/hadoop-ozone/integration-test/target/test-dir/MiniOzoneClusterImpl-d5645d28-46c2-4d7d-99f2-1f02fc29b8b0/datanode-7/data/ratis/8f995859-67f3-43e1-864f-bb9f13e11506] INFO  segmented.SegmentedRaftLogWorker (SegmentedRaftLogWorker.java:execute(569)) - 42efee89-99fa-4c75-b2bf-b3a1b636c7a3-SegmentedRaftLogWorker:Storage Directory /workdir/hadoop-ozone/integration-test/target/test-dir/MiniOzoneClusterImpl-d5645d28-46c2-4d7d-99f2-1f02fc29b8b0/datanode-7/data/ratis/8f995859-67f3-43e1-864f-bb9f13e11506: created new log segment /workdir/hadoop-ozone/integration-test/target/test-dir/MiniOzoneClusterImpl-d5645d28-46c2-4d7d-99f2-1f02fc29b8b0/datanode-7/data/ratis/8f995859-67f3-43e1-864f-bb9f13e11506/current/log_inprogress_0
2019-08-29 11:54:39,281 [pool-104-thread-1] INFO  storage.RaftStorageDirectory (RaftStorageDirectory.java:tryLock(328)) - Lock on /workdir/hadoop-ozone/integration-test/target/test-dir/MiniOzoneClusterImpl-d5645d28-46c2-4d7d-99f2-1f02fc29b8b0/datanode-7/data/ratis/096fcd2b-786a-4a64-996f-2dd3c3757259/in_use.lock acquired by nodename 29102@pr-hdds-2030-qplxq-3692370286
2019-08-29 11:54:39,281 [pool-115-thread-1] INFO  storage.RaftStorageDirectory (RaftStorageDirectory.java:tryLock(328)) - Lock on /workdir/hadoop-ozone/integration-test/target/test-dir/MiniOzoneClusterImpl-d5645d28-46c2-4d7d-99f2-1f02fc29b8b0/datanode-8/data/ratis/096fcd2b-786a-4a64-996f-2dd3c3757259/in_use.lock acquired by nodename 29102@pr-hdds-2030-qplxq-3692370286
2019-08-29 11:54:39,281 [pool-27-thread-1] INFO  storage.RaftStorageDirectory (RaftStorageDirectory.java:tryLock(328)) - Lock on /workdir/hadoop-ozone/integration-test/target/test-dir/MiniOzoneClusterImpl-d5645d28-46c2-4d7d-99f2-1f02fc29b8b0/datanode-0/data/ratis/096fcd2b-786a-4a64-996f-2dd3c3757259/in_use.lock acquired by nodename 29102@pr-hdds-2030-qplxq-3692370286
2019-08-29 11:54:39,311 [pool-104-thread-1] INFO  storage.RaftStorage (RaftStorage.java:format(72)) - Storage directory /workdir/hadoop-ozone/integration-test/target/test-dir/MiniOzoneClusterImpl-d5645d28-46c2-4d7d-99f2-1f02fc29b8b0/datanode-7/data/ratis/096fcd2b-786a-4a64-996f-2dd3c3757259 has been successfully formatted.
2019-08-29 11:54:39,311 [pool-27-thread-1] INFO  storage.RaftStorage (RaftStorage.java:format(72)) - Storage directory /workdir/hadoop-ozone/integration-test/target/test-dir/MiniOzoneClusterImpl-d5645d28-46c2-4d7d-99f2-1f02fc29b8b0/datanode-0/data/ratis/096fcd2b-786a-4a64-996f-2dd3c3757259 has been successfully formatted.
2019-08-29 11:54:39,311 [pool-115-thread-1] INFO  storage.RaftStorage (RaftStorage.java:format(72)) - Storage directory /workdir/hadoop-ozone/integration-test/target/test-dir/MiniOzoneClusterImpl-d5645d28-46c2-4d7d-99f2-1f02fc29b8b0/datanode-8/data/ratis/096fcd2b-786a-4a64-996f-2dd3c3757259 has been successfully formatted.
2019-08-29 11:54:39,312 [pool-104-thread-1] INFO  ratis.ContainerStateMachine (ContainerStateMachine.java:loadSnapshot(226)) - group-2DD3C3757259: The snapshot info is null. Setting the last applied indexto:(t:0, i:~)
2019-08-29 11:54:39,312 [pool-27-thread-1] INFO  ratis.ContainerStateMachine (ContainerStateMachine.java:loadSnapshot(226)) - group-2DD3C3757259: The snapshot info is null. Setting the last applied indexto:(t:0, i:~)
2019-08-29 11:54:39,312 [pool-104-thread-1] INFO  server.RaftServerConfigKeys (ConfUtils.java:logGet(43)) - raft.server.leader.election.timeout = 120s (custom)
2019-08-29 11:54:39,312 [pool-115-thread-1] INFO  ratis.ContainerStateMachine (ContainerStateMachine.java:loadSnapshot(226)) - group-2DD3C3757259: The snapshot info is null. Setting the last applied indexto:(t:0, i:~)
2019-08-29 11:54:39,312 [pool-104-thread-1] INFO  server.RaftServerConfigKeys (ConfUtils.java:logGet(43)) - raft.server.log.use.memory = false (default)
2019-08-29 11:54:39,312 [pool-27-thread-1] INFO  server.RaftServerConfigKeys (ConfUtils.java:logGet(43)) - raft.server.leader.election.timeout = 120s (custom)
2019-08-29 11:54:39,313 [pool-104-thread-1] INFO  server.RaftServerConfigKeys (ConfUtils.java:logGet(43)) - raft.server.log.purge.gap = 1000000 (custom)
2019-08-29 11:54:39,312 [pool-115-thread-1] INFO  server.RaftServerConfigKeys (ConfUtils.java:logGet(43)) - raft.server.leader.election.timeout = 120s (custom)
2019-08-29 11:54:39,313 [pool-104-thread-1] INFO  server.RaftServerConfigKeys (ConfUtils.java:logGet(43)) - raft.server.log.appender.buffer.byte-limit = 33554432 (custom)
2019-08-29 11:54:39,313 [pool-27-thread-1] INFO  server.RaftServerConfigKeys (ConfUtils.java:logGet(43)) - raft.server.log.use.memory = false (default)
2019-08-29 11:54:39,313 [pool-104-thread-1] INFO  server.RaftServerConfigKeys (ConfUtils.java:logGet(43)) - raft.server.log.segment.size.max = 1048576 (custom)
2019-08-29 11:54:39,313 [pool-115-thread-1] INFO  server.RaftServerConfigKeys (ConfUtils.java:logGet(43)) - raft.server.log.use.memory = false (default)
2019-08-29 11:54:39,313 [pool-104-thread-1] INFO  server.RaftServerConfigKeys (ConfUtils.java:logGet(43)) - raft.server.log.segment.cache.num.max = 2 (custom)
2019-08-29 11:54:39,313 [pool-27-thread-1] INFO  server.RaftServerConfigKeys (ConfUtils.java:logGet(43)) - raft.server.log.purge.gap = 1000000 (custom)
2019-08-29 11:54:39,314 [pool-104-thread-1] INFO  segmented.SegmentedRaftLogWorker (SegmentedRaftLogWorker.java:<init>(172)) - new 42efee89-99fa-4c75-b2bf-b3a1b636c7a3-SegmentedRaftLogWorker:Storage Directory /workdir/hadoop-ozone/integration-test/target/test-dir/MiniOzoneClusterImpl-d5645d28-46c2-4d7d-99f2-1f02fc29b8b0/datanode-7/data/ratis/096fcd2b-786a-4a64-996f-2dd3c3757259 for RaftStorage:Storage Directory /workdir/hadoop-ozone/integration-test/target/test-dir/MiniOzoneClusterImpl-d5645d28-46c2-4d7d-99f2-1f02fc29b8b0/datanode-7/data/ratis/096fcd2b-786a-4a64-996f-2dd3c3757259
2019-08-29 11:54:39,314 [pool-115-thread-1] INFO  server.RaftServerConfigKeys (ConfUtils.java:logGet(43)) - raft.server.log.purge.gap = 1000000 (custom)
2019-08-29 11:54:39,314 [pool-104-thread-1] INFO  server.RaftServerConfigKeys (ConfUtils.java:logGet(43)) - raft.server.log.queue.byte-limit = 2147483647 (custom)
2019-08-29 11:54:39,314 [pool-27-thread-1] INFO  server.RaftServerConfigKeys (ConfUtils.java:logGet(43)) - raft.server.log.appender.buffer.byte-limit = 33554432 (custom)
2019-08-29 11:54:39,316 [pool-104-thread-1] INFO  server.RaftServerConfigKeys (ConfUtils.java:logGet(43)) - raft.server.log.queue.element-limit = 1024 (custom)
2019-08-29 11:54:39,314 [pool-115-thread-1] INFO  server.RaftServerConfigKeys (ConfUtils.java:logGet(43)) - raft.server.log.appender.buffer.byte-limit = 33554432 (custom)
2019-08-29 11:54:39,317 [pool-104-thread-1] INFO  server.RaftServerConfigKeys (ConfUtils.java:logGet(43)) - raft.server.log.segment.size.max = 1048576 (custom)
2019-08-29 11:54:39,317 [pool-27-thread-1] INFO  server.RaftServerConfigKeys (ConfUtils.java:logGet(43)) - raft.server.log.segment.size.max = 1048576 (custom)
2019-08-29 11:54:39,317 [pool-104-thread-1] INFO  server.RaftServerConfigKeys (ConfUtils.java:logGet(43)) - raft.server.log.preallocated.size = 16384 (custom)
2019-08-29 11:54:39,317 [pool-115-thread-1] INFO  server.RaftServerConfigKeys (ConfUtils.java:logGet(43)) - raft.server.log.segment.size.max = 1048576 (custom)
2019-08-29 11:54:39,317 [pool-104-thread-1] INFO  server.RaftServerConfigKeys (ConfUtils.java:logGet(43)) - raft.server.log.write.buffer.size = 33554432 (custom)
2019-08-29 11:54:39,317 [pool-27-thread-1] INFO  server.RaftServerConfigKeys (ConfUtils.java:logGet(43)) - raft.server.log.segment.cache.num.max = 2 (custom)
2019-08-29 11:54:39,318 [pool-104-thread-1] INFO  server.RaftServerConfigKeys (ConfUtils.java:logGet(43)) - raft.server.log.force.sync.num = 128 (default)
2019-08-29 11:54:39,318 [pool-104-thread-1] INFO  server.RaftServerConfigKeys (ConfUtils.java:logGet(43)) - raft.server.log.statemachine.data.sync = true (default)
2019-08-29 11:54:39,318 [pool-115-thread-1] INFO  server.RaftServerConfigKeys (ConfUtils.java:logGet(43)) - raft.server.log.segment.cache.num.max = 2 (custom)
2019-08-29 11:54:39,318 [pool-104-thread-1] INFO  server.RaftServerConfigKeys (ConfUtils.java:logGet(43)) - raft.server.log.statemachine.data.sync.timeout = 10s (default)
2019-08-29 11:54:39,318 [pool-27-thread-1] INFO  segmented.SegmentedRaftLogWorker (SegmentedRaftLogWorker.java:<init>(172)) - new 920b05f1-a92b-459a-a000-361715d4ee3d-SegmentedRaftLogWorker:Storage Directory /workdir/hadoop-ozone/integration-test/target/test-dir/MiniOzoneClusterImpl-d5645d28-46c2-4d7d-99f2-1f02fc29b8b0/datanode-0/data/ratis/096fcd2b-786a-4a64-996f-2dd3c3757259 for RaftStorage:Storage Directory /workdir/hadoop-ozone/integration-test/target/test-dir/MiniOzoneClusterImpl-d5645d28-46c2-4d7d-99f2-1f02fc29b8b0/datanode-0/data/ratis/096fcd2b-786a-4a64-996f-2dd3c3757259
2019-08-29 11:54:39,319 [pool-104-thread-1] INFO  server.RaftServerConfigKeys (ConfUtils.java:logGet(43)) - raft.server.log.statemachine.data.sync.timeout.retry = -1 (default)
2019-08-29 11:54:39,318 [pool-115-thread-1] INFO  segmented.SegmentedRaftLogWorker (SegmentedRaftLogWorker.java:<init>(172)) - new b34bc477-f594-4894-b3be-a6d4c994fd70-SegmentedRaftLogWorker:Storage Directory /workdir/hadoop-ozone/integration-test/target/test-dir/MiniOzoneClusterImpl-d5645d28-46c2-4d7d-99f2-1f02fc29b8b0/datanode-8/data/ratis/096fcd2b-786a-4a64-996f-2dd3c3757259 for RaftStorage:Storage Directory /workdir/hadoop-ozone/integration-test/target/test-dir/MiniOzoneClusterImpl-d5645d28-46c2-4d7d-99f2-1f02fc29b8b0/datanode-8/data/ratis/096fcd2b-786a-4a64-996f-2dd3c3757259
2019-08-29 11:54:39,321 [pool-104-thread-1] INFO  server.RaftServerConfigKeys (ConfUtils.java:logGet(43)) - raft.server.log.statemachine.data.caching.enabled = true (custom)
2019-08-29 11:54:39,319 [pool-27-thread-1] INFO  server.RaftServerConfigKeys (ConfUtils.java:logGet(43)) - raft.server.log.queue.byte-limit = 2147483647 (custom)
2019-08-29 11:54:39,323 [pool-104-thread-1] INFO  segmented.SegmentedRaftLogWorker (SegmentedRaftLogWorker.java:lambda$new$0(132)) - 42efee89-99fa-4c75-b2bf-b3a1b636c7a3-SegmentedRaftLogWorker:Storage Directory /workdir/hadoop-ozone/integration-test/target/test-dir/MiniOzoneClusterImpl-d5645d28-46c2-4d7d-99f2-1f02fc29b8b0/datanode-7/data/ratis/096fcd2b-786a-4a64-996f-2dd3c3757259: flushIndex: setUnconditionally 0 -> -1
2019-08-29 11:54:39,321 [pool-115-thread-1] INFO  server.RaftServerConfigKeys (ConfUtils.java:logGet(43)) - raft.server.log.queue.byte-limit = 2147483647 (custom)
2019-08-29 11:54:39,323 [pool-104-thread-1] INFO  server.RaftServerConfigKeys (ConfUtils.java:logGet(43)) - raft.server.snapshot.auto.trigger.enabled = true (custom)
2019-08-29 11:54:39,323 [pool-27-thread-1] INFO  server.RaftServerConfigKeys (ConfUtils.java:logGet(43)) - raft.server.log.queue.element-limit = 1024 (custom)
2019-08-29 11:54:39,324 [pool-104-thread-1] INFO  server.RaftServerConfigKeys (ConfUtils.java:logGet(43)) - raft.server.snapshot.auto.trigger.threshold = 10000 (custom)
2019-08-29 11:54:39,324 [pool-27-thread-1] INFO  server.RaftServerConfigKeys (ConfUtils.java:logGet(43)) - raft.server.log.segment.size.max = 1048576 (custom)
2019-08-29 11:54:39,324 [pool-115-thread-1] INFO  server.RaftServerConfigKeys (ConfUtils.java:logGet(43)) - raft.server.log.queue.element-limit = 1024 (custom)
2019-08-29 11:54:39,324 [pool-27-thread-1] INFO  server.RaftServerConfigKeys (ConfUtils.java:logGet(43)) - raft.server.log.preallocated.size = 16384 (custom)
2019-08-29 11:54:39,324 [pool-104-thread-1] INFO  server.RaftServerConfigKeys (ConfUtils.java:logGet(43)) - raft.server.retrycache.expirytime = 600000ms (custom)
2019-08-29 11:54:39,325 [pool-27-thread-1] INFO  server.RaftServerConfigKeys (ConfUtils.java:logGet(43)) - raft.server.log.write.buffer.size = 33554432 (custom)
2019-08-29 11:54:39,324 [pool-115-thread-1] INFO  server.RaftServerConfigKeys (ConfUtils.java:logGet(43)) - raft.server.log.segment.size.max = 1048576 (custom)
2019-08-29 11:54:39,325 [pool-27-thread-1] INFO  server.RaftServerConfigKeys (ConfUtils.java:logGet(43)) - raft.server.log.force.sync.num = 128 (default)
2019-08-29 11:54:39,325 [pool-104-thread-1] INFO  impl.RaftServerImpl (RaftServerImpl.java:start(180)) - 42efee89-99fa-4c75-b2bf-b3a1b636c7a3: start group-2DD3C3757259
2019-08-29 11:54:39,325 [pool-27-thread-1] INFO  server.RaftServerConfigKeys (ConfUtils.java:logGet(43)) - raft.server.log.statemachine.data.sync = true (default)
2019-08-29 11:54:39,325 [pool-115-thread-1] INFO  server.RaftServerConfigKeys (ConfUtils.java:logGet(43)) - raft.server.log.preallocated.size = 16384 (custom)
2019-08-29 11:54:39,326 [pool-27-thread-1] INFO  server.RaftServerConfigKeys (ConfUtils.java:logGet(43)) - raft.server.log.statemachine.data.sync.timeout = 10s (default)
2019-08-29 11:54:39,325 [pool-104-thread-1] INFO  impl.RaftServerImpl (RaftServerImpl.java:setRole(171)) - 42efee89-99fa-4c75-b2bf-b3a1b636c7a3:group-2DD3C3757259 changes role from null to FOLLOWER at term 0 for startAsFollower
2019-08-29 11:54:39,326 [pool-27-thread-1] INFO  server.RaftServerConfigKeys (ConfUtils.java:logGet(43)) - raft.server.log.statemachine.data.sync.timeout.retry = -1 (default)
2019-08-29 11:54:39,326 [pool-115-thread-1] INFO  server.RaftServerConfigKeys (ConfUtils.java:logGet(43)) - raft.server.log.write.buffer.size = 33554432 (custom)
2019-08-29 11:54:39,326 [pool-27-thread-1] INFO  server.RaftServerConfigKeys (ConfUtils.java:logGet(43)) - raft.server.log.statemachine.data.caching.enabled = true (custom)
2019-08-29 11:54:39,326 [pool-104-thread-1] INFO  impl.RoleInfo (RoleInfo.java:updateAndGet(143)) - 42efee89-99fa-4c75-b2bf-b3a1b636c7a3: start FollowerState
2019-08-29 11:54:39,326 [pool-115-thread-1] INFO  server.RaftServerConfigKeys (ConfUtils.java:logGet(43)) - raft.server.log.force.sync.num = 128 (default)
2019-08-29 11:54:39,327 [pool-27-thread-1] INFO  segmented.SegmentedRaftLogWorker (SegmentedRaftLogWorker.java:lambda$new$0(132)) - 920b05f1-a92b-459a-a000-361715d4ee3d-SegmentedRaftLogWorker:Storage Directory /workdir/hadoop-ozone/integration-test/target/test-dir/MiniOzoneClusterImpl-d5645d28-46c2-4d7d-99f2-1f02fc29b8b0/datanode-0/data/ratis/096fcd2b-786a-4a64-996f-2dd3c3757259: flushIndex: setUnconditionally 0 -> -1
2019-08-29 11:54:39,327 [pool-115-thread-1] INFO  server.RaftServerConfigKeys (ConfUtils.java:logGet(43)) - raft.server.log.statemachine.data.sync = true (default)
2019-08-29 11:54:39,327 [pool-104-thread-1] INFO  util.JmxRegister (JmxRegister.java:tryRegister(44)) - Successfully registered JMX Bean with object name Ratis:service=RaftServer,group=group-2DD3C3757259,id=42efee89-99fa-4c75-b2bf-b3a1b636c7a3
2019-08-29 11:54:39,327 [pool-27-thread-1] INFO  server.RaftServerConfigKeys (ConfUtils.java:logGet(43)) - raft.server.snapshot.auto.trigger.enabled = true (custom)
2019-08-29 11:54:39,327 [pool-115-thread-1] INFO  server.RaftServerConfigKeys (ConfUtils.java:logGet(43)) - raft.server.log.statemachine.data.sync.timeout = 10s (default)
2019-08-29 11:54:39,327 [pool-27-thread-1] INFO  server.RaftServerConfigKeys (ConfUtils.java:logGet(43)) - raft.server.snapshot.auto.trigger.threshold = 10000 (custom)
2019-08-29 11:54:39,328 [pool-115-thread-1] INFO  server.RaftServerConfigKeys (ConfUtils.java:logGet(43)) - raft.server.log.statemachine.data.sync.timeout.retry = -1 (default)
2019-08-29 11:54:39,328 [pool-27-thread-1] INFO  server.RaftServerConfigKeys (ConfUtils.java:logGet(43)) - raft.server.retrycache.expirytime = 600000ms (custom)
2019-08-29 11:54:39,328 [pool-115-thread-1] INFO  server.RaftServerConfigKeys (ConfUtils.java:logGet(43)) - raft.server.log.statemachine.data.caching.enabled = true (custom)
2019-08-29 11:54:39,328 [pool-27-thread-1] INFO  impl.RaftServerImpl (RaftServerImpl.java:start(180)) - 920b05f1-a92b-459a-a000-361715d4ee3d: start group-2DD3C3757259
2019-08-29 11:54:39,328 [pool-27-thread-1] INFO  impl.RaftServerImpl (RaftServerImpl.java:setRole(171)) - 920b05f1-a92b-459a-a000-361715d4ee3d:group-2DD3C3757259 changes role from null to FOLLOWER at term 0 for startAsFollower
2019-08-29 11:54:39,329 [pool-115-thread-1] INFO  segmented.SegmentedRaftLogWorker (SegmentedRaftLogWorker.java:lambda$new$0(132)) - b34bc477-f594-4894-b3be-a6d4c994fd70-SegmentedRaftLogWorker:Storage Directory /workdir/hadoop-ozone/integration-test/target/test-dir/MiniOzoneClusterImpl-d5645d28-46c2-4d7d-99f2-1f02fc29b8b0/datanode-8/data/ratis/096fcd2b-786a-4a64-996f-2dd3c3757259: flushIndex: setUnconditionally 0 -> -1
2019-08-29 11:54:39,329 [pool-27-thread-1] INFO  impl.RoleInfo (RoleInfo.java:updateAndGet(143)) - 920b05f1-a92b-459a-a000-361715d4ee3d: start FollowerState
2019-08-29 11:54:39,329 [pool-115-thread-1] INFO  server.RaftServerConfigKeys (ConfUtils.java:logGet(43)) - raft.server.snapshot.auto.trigger.enabled = true (custom)
2019-08-29 11:54:39,329 [pool-115-thread-1] INFO  server.RaftServerConfigKeys (ConfUtils.java:logGet(43)) - raft.server.snapshot.auto.trigger.threshold = 10000 (custom)
2019-08-29 11:54:39,329 [pool-27-thread-1] INFO  util.JmxRegister (JmxRegister.java:tryRegister(44)) - Successfully registered JMX Bean with object name Ratis:service=RaftServer,group=group-2DD3C3757259,id=920b05f1-a92b-459a-a000-361715d4ee3d
2019-08-29 11:54:39,330 [pool-115-thread-1] INFO  server.RaftServerConfigKeys (ConfUtils.java:logGet(43)) - raft.server.retrycache.expirytime = 600000ms (custom)
2019-08-29 11:54:39,330 [pool-115-thread-1] INFO  impl.RaftServerImpl (RaftServerImpl.java:start(180)) - b34bc477-f594-4894-b3be-a6d4c994fd70: start group-2DD3C3757259
2019-08-29 11:54:39,330 [pool-115-thread-1] INFO  impl.RaftServerImpl (RaftServerImpl.java:setRole(171)) - b34bc477-f594-4894-b3be-a6d4c994fd70:group-2DD3C3757259 changes role from null to FOLLOWER at term 0 for startAsFollower
2019-08-29 11:54:39,330 [pool-115-thread-1] INFO  impl.RoleInfo (RoleInfo.java:updateAndGet(143)) - b34bc477-f594-4894-b3be-a6d4c994fd70: start FollowerState
2019-08-29 11:54:39,331 [pool-115-thread-1] INFO  util.JmxRegister (JmxRegister.java:tryRegister(44)) - Successfully registered JMX Bean with object name Ratis:service=RaftServer,group=group-2DD3C3757259,id=b34bc477-f594-4894-b3be-a6d4c994fd70
2019-08-29 11:54:39,367 [RatisPipelineUtilsThread] INFO  pipeline.PipelineStateManager (PipelineStateManager.java:addPipeline(56)) - Created pipeline Pipeline[ Id: 096fcd2b-786a-4a64-996f-2dd3c3757259, Nodes: 42efee89-99fa-4c75-b2bf-b3a1b636c7a3{ip: 192.168.5.166, host: pr-hdds-2030-qplxq-3692370286, networkLocation: /default-rack, certSerialId: null}b34bc477-f594-4894-b3be-a6d4c994fd70{ip: 192.168.5.166, host: pr-hdds-2030-qplxq-3692370286, networkLocation: /default-rack, certSerialId: null}920b05f1-a92b-459a-a000-361715d4ee3d{ip: 192.168.5.166, host: pr-hdds-2030-qplxq-3692370286, networkLocation: /default-rack, certSerialId: null}, Type:RATIS, Factor:THREE, State:OPEN]
2019-08-29 11:54:39,370 | INFO  | SCMAudit | user=jenkins1000 | ip=192.168.5.166 | op=SEND_HEARTBEAT {datanodeUUID=e5b95ce0-1250-4c31-97f6-119a472050cb, command=[]} | ret=SUCCESS |  
2019-08-29 11:54:39,387 | INFO  | SCMAudit | user=jenkins1000 | ip=192.168.5.166 | op=SEND_HEARTBEAT {datanodeUUID=03953c42-7b85-4ce6-8578-61fc97f729cc, command=[]} | ret=SUCCESS |  
2019-08-29 11:54:39,410 [grpc-default-executor-0] INFO  impl.RaftServerProxy (RaftServerProxy.java:addNew(89)) - 4a332945-53dc-4c0b-b910-cfaf195ac63d: addNew group-39336B115318:[4a332945-53dc-4c0b-b910-cfaf195ac63d:192.168.5.166:44887, 07dabde0-c17e-46ed-9a55-144838a04ea2:192.168.5.166:46770, bd7d2b3e-70a9-4c18-9e48-3057ca72b747:192.168.5.166:45844] returns group-39336B115318:java.util.concurrent.CompletableFuture@6fe9714b[Not completed]
2019-08-29 11:54:39,410 [grpc-default-executor-2] INFO  impl.RaftServerProxy (RaftServerProxy.java:addNew(89)) - 07dabde0-c17e-46ed-9a55-144838a04ea2: addNew group-39336B115318:[4a332945-53dc-4c0b-b910-cfaf195ac63d:192.168.5.166:44887, 07dabde0-c17e-46ed-9a55-144838a04ea2:192.168.5.166:46770, bd7d2b3e-70a9-4c18-9e48-3057ca72b747:192.168.5.166:45844] returns group-39336B115318:java.util.concurrent.CompletableFuture@649d24ca[Not completed]
2019-08-29 11:54:39,416 [grpc-default-executor-0] INFO  impl.RaftServerProxy (RaftServerProxy.java:addNew(89)) - bd7d2b3e-70a9-4c18-9e48-3057ca72b747: addNew group-39336B115318:[4a332945-53dc-4c0b-b910-cfaf195ac63d:192.168.5.166:44887, 07dabde0-c17e-46ed-9a55-144838a04ea2:192.168.5.166:46770, bd7d2b3e-70a9-4c18-9e48-3057ca72b747:192.168.5.166:45844] returns group-39336B115318:java.util.concurrent.CompletableFuture@28ccc5a0[Not completed]
2019-08-29 11:54:39,416 [pool-82-thread-1] INFO  impl.RaftServerImpl (RaftServerImpl.java:<init>(93)) - 4a332945-53dc-4c0b-b910-cfaf195ac63d: new RaftServerImpl for group-39336B115318:[4a332945-53dc-4c0b-b910-cfaf195ac63d:192.168.5.166:44887, 07dabde0-c17e-46ed-9a55-144838a04ea2:192.168.5.166:46770, bd7d2b3e-70a9-4c18-9e48-3057ca72b747:192.168.5.166:45844] with ContainerStateMachine:uninitialized
2019-08-29 11:54:39,417 [pool-82-thread-1] INFO  server.RaftServerConfigKeys (ConfUtils.java:logGet(43)) - raft.server.rpc.timeout.min = 1s (custom)
2019-08-29 11:54:39,417 [pool-82-thread-1] INFO  server.RaftServerConfigKeys (ConfUtils.java:logGet(43)) - raft.server.rpc.timeout.max = 1200ms (custom)
2019-08-29 11:54:39,426 | INFO  | SCMAudit | user=jenkins1000 | ip=192.168.5.166 | op=SEND_HEARTBEAT {datanodeUUID=7c3dea4a-666f-498f-b3ec-37d2b2f2aea0, command=[]} | ret=SUCCESS |  
2019-08-29 11:54:39,426 [pool-82-thread-1] INFO  server.RaftServerConfigKeys (ConfUtils.java:logGet(43)) - raft.server.rpcslowness.timeout = 120s (custom)
2019-08-29 11:54:39,426 [pool-82-thread-1] INFO  server.RaftServerConfigKeys (ConfUtils.java:logGet(43)) - raft.server.sleep.deviation.threshold = 300 (default)
2019-08-29 11:54:39,426 [pool-82-thread-1] INFO  server.RaftServerConfigKeys (ConfUtils.java:logGet(43)) - raft.server.log.appender.install.snapshot.enabled = false (custom)
2019-08-29 11:54:39,427 [pool-82-thread-1] INFO  impl.RaftServerImpl (ServerState.java:<init>(105)) - 4a332945-53dc-4c0b-b910-cfaf195ac63d:group-39336B115318 ConfigurationManager, init=-1: [4a332945-53dc-4c0b-b910-cfaf195ac63d:192.168.5.166:44887, 07dabde0-c17e-46ed-9a55-144838a04ea2:192.168.5.166:46770, bd7d2b3e-70a9-4c18-9e48-3057ca72b747:192.168.5.166:45844], old=null, confs=<EMPTY_MAP>
2019-08-29 11:54:39,427 [pool-82-thread-1] INFO  server.RaftServerConfigKeys (ConfUtils.java:logGet(43)) - raft.server.storage.dir = [/workdir/hadoop-ozone/integration-test/target/test-dir/MiniOzoneClusterImpl-d5645d28-46c2-4d7d-99f2-1f02fc29b8b0/datanode-5/data/ratis] (custom)
2019-08-29 11:54:39,427 [pool-71-thread-1] INFO  impl.RaftServerImpl (RaftServerImpl.java:<init>(93)) - bd7d2b3e-70a9-4c18-9e48-3057ca72b747: new RaftServerImpl for group-39336B115318:[4a332945-53dc-4c0b-b910-cfaf195ac63d:192.168.5.166:44887, 07dabde0-c17e-46ed-9a55-144838a04ea2:192.168.5.166:46770, bd7d2b3e-70a9-4c18-9e48-3057ca72b747:192.168.5.166:45844] with ContainerStateMachine:uninitialized
2019-08-29 11:54:39,427 [pool-71-thread-1] INFO  server.RaftServerConfigKeys (ConfUtils.java:logGet(43)) - raft.server.rpc.timeout.min = 1s (custom)
2019-08-29 11:54:39,427 [pool-82-thread-1] INFO  storage.RaftStorageDirectory (RaftStorageDirectory.java:analyzeStorage(246)) - The storage directory /workdir/hadoop-ozone/integration-test/target/test-dir/MiniOzoneClusterImpl-d5645d28-46c2-4d7d-99f2-1f02fc29b8b0/datanode-5/data/ratis/de5feacf-52c6-40b2-b983-39336b115318 does not exist. Creating ...
2019-08-29 11:54:39,427 [pool-71-thread-1] INFO  server.RaftServerConfigKeys (ConfUtils.java:logGet(43)) - raft.server.rpc.timeout.max = 1200ms (custom)
2019-08-29 11:54:39,427 [pool-71-thread-1] INFO  server.RaftServerConfigKeys (ConfUtils.java:logGet(43)) - raft.server.rpcslowness.timeout = 120s (custom)
2019-08-29 11:54:39,428 [pool-71-thread-1] INFO  server.RaftServerConfigKeys (ConfUtils.java:logGet(43)) - raft.server.sleep.deviation.threshold = 300 (default)
2019-08-29 11:54:39,428 [pool-71-thread-1] INFO  server.RaftServerConfigKeys (ConfUtils.java:logGet(43)) - raft.server.log.appender.install.snapshot.enabled = false (custom)
2019-08-29 11:54:39,428 [pool-71-thread-1] INFO  impl.RaftServerImpl (ServerState.java:<init>(105)) - bd7d2b3e-70a9-4c18-9e48-3057ca72b747:group-39336B115318 ConfigurationManager, init=-1: [4a332945-53dc-4c0b-b910-cfaf195ac63d:192.168.5.166:44887, 07dabde0-c17e-46ed-9a55-144838a04ea2:192.168.5.166:46770, bd7d2b3e-70a9-4c18-9e48-3057ca72b747:192.168.5.166:45844], old=null, confs=<EMPTY_MAP>
2019-08-29 11:54:39,428 [pool-38-thread-1] INFO  impl.RaftServerImpl (RaftServerImpl.java:<init>(93)) - 07dabde0-c17e-46ed-9a55-144838a04ea2: new RaftServerImpl for group-39336B115318:[4a332945-53dc-4c0b-b910-cfaf195ac63d:192.168.5.166:44887, 07dabde0-c17e-46ed-9a55-144838a04ea2:192.168.5.166:46770, bd7d2b3e-70a9-4c18-9e48-3057ca72b747:192.168.5.166:45844] with ContainerStateMachine:uninitialized
2019-08-29 11:54:39,428 [pool-71-thread-1] INFO  server.RaftServerConfigKeys (ConfUtils.java:logGet(43)) - raft.server.storage.dir = [/workdir/hadoop-ozone/integration-test/target/test-dir/MiniOzoneClusterImpl-d5645d28-46c2-4d7d-99f2-1f02fc29b8b0/datanode-4/data/ratis] (custom)
2019-08-29 11:54:39,428 [pool-38-thread-1] INFO  server.RaftServerConfigKeys (ConfUtils.java:logGet(43)) - raft.server.rpc.timeout.min = 1s (custom)
2019-08-29 11:54:39,428 [pool-38-thread-1] INFO  server.RaftServerConfigKeys (ConfUtils.java:logGet(43)) - raft.server.rpc.timeout.max = 1200ms (custom)
2019-08-29 11:54:39,429 [pool-71-thread-1] INFO  storage.RaftStorageDirectory (RaftStorageDirectory.java:analyzeStorage(246)) - The storage directory /workdir/hadoop-ozone/integration-test/target/test-dir/MiniOzoneClusterImpl-d5645d28-46c2-4d7d-99f2-1f02fc29b8b0/datanode-4/data/ratis/de5feacf-52c6-40b2-b983-39336b115318 does not exist. Creating ...
2019-08-29 11:54:39,429 [pool-38-thread-1] INFO  server.RaftServerConfigKeys (ConfUtils.java:logGet(43)) - raft.server.rpcslowness.timeout = 120s (custom)
2019-08-29 11:54:39,429 [pool-38-thread-1] INFO  server.RaftServerConfigKeys (ConfUtils.java:logGet(43)) - raft.server.sleep.deviation.threshold = 300 (default)
2019-08-29 11:54:39,429 [pool-38-thread-1] INFO  server.RaftServerConfigKeys (ConfUtils.java:logGet(43)) - raft.server.log.appender.install.snapshot.enabled = false (custom)
2019-08-29 11:54:39,429 [pool-38-thread-1] INFO  impl.RaftServerImpl (ServerState.java:<init>(105)) - 07dabde0-c17e-46ed-9a55-144838a04ea2:group-39336B115318 ConfigurationManager, init=-1: [4a332945-53dc-4c0b-b910-cfaf195ac63d:192.168.5.166:44887, 07dabde0-c17e-46ed-9a55-144838a04ea2:192.168.5.166:46770, bd7d2b3e-70a9-4c18-9e48-3057ca72b747:192.168.5.166:45844], old=null, confs=<EMPTY_MAP>
2019-08-29 11:54:39,429 [pool-38-thread-1] INFO  server.RaftServerConfigKeys (ConfUtils.java:logGet(43)) - raft.server.storage.dir = [/workdir/hadoop-ozone/integration-test/target/test-dir/MiniOzoneClusterImpl-d5645d28-46c2-4d7d-99f2-1f02fc29b8b0/datanode-1/data/ratis] (custom)
2019-08-29 11:54:39,430 [pool-38-thread-1] INFO  storage.RaftStorageDirectory (RaftStorageDirectory.java:analyzeStorage(246)) - The storage directory /workdir/hadoop-ozone/integration-test/target/test-dir/MiniOzoneClusterImpl-d5645d28-46c2-4d7d-99f2-1f02fc29b8b0/datanode-1/data/ratis/de5feacf-52c6-40b2-b983-39336b115318 does not exist. Creating ...
2019-08-29 11:54:39,434 [pool-71-thread-1] INFO  storage.RaftStorageDirectory (RaftStorageDirectory.java:tryLock(328)) - Lock on /workdir/hadoop-ozone/integration-test/target/test-dir/MiniOzoneClusterImpl-d5645d28-46c2-4d7d-99f2-1f02fc29b8b0/datanode-4/data/ratis/de5feacf-52c6-40b2-b983-39336b115318/in_use.lock acquired by nodename 29102@pr-hdds-2030-qplxq-3692370286
2019-08-29 11:54:39,434 [pool-82-thread-1] INFO  storage.RaftStorageDirectory (RaftStorageDirectory.java:tryLock(328)) - Lock on /workdir/hadoop-ozone/integration-test/target/test-dir/MiniOzoneClusterImpl-d5645d28-46c2-4d7d-99f2-1f02fc29b8b0/datanode-5/data/ratis/de5feacf-52c6-40b2-b983-39336b115318/in_use.lock acquired by nodename 29102@pr-hdds-2030-qplxq-3692370286
2019-08-29 11:54:39,434 [pool-38-thread-1] INFO  storage.RaftStorageDirectory (RaftStorageDirectory.java:tryLock(328)) - Lock on /workdir/hadoop-ozone/integration-test/target/test-dir/MiniOzoneClusterImpl-d5645d28-46c2-4d7d-99f2-1f02fc29b8b0/datanode-1/data/ratis/de5feacf-52c6-40b2-b983-39336b115318/in_use.lock acquired by nodename 29102@pr-hdds-2030-qplxq-3692370286
2019-08-29 11:54:39,443 [pool-82-thread-1] INFO  storage.RaftStorage (RaftStorage.java:format(72)) - Storage directory /workdir/hadoop-ozone/integration-test/target/test-dir/MiniOzoneClusterImpl-d5645d28-46c2-4d7d-99f2-1f02fc29b8b0/datanode-5/data/ratis/de5feacf-52c6-40b2-b983-39336b115318 has been successfully formatted.
2019-08-29 11:54:39,443 [pool-38-thread-1] INFO  storage.RaftStorage (RaftStorage.java:format(72)) - Storage directory /workdir/hadoop-ozone/integration-test/target/test-dir/MiniOzoneClusterImpl-d5645d28-46c2-4d7d-99f2-1f02fc29b8b0/datanode-1/data/ratis/de5feacf-52c6-40b2-b983-39336b115318 has been successfully formatted.
2019-08-29 11:54:39,443 [pool-71-thread-1] INFO  storage.RaftStorage (RaftStorage.java:format(72)) - Storage directory /workdir/hadoop-ozone/integration-test/target/test-dir/MiniOzoneClusterImpl-d5645d28-46c2-4d7d-99f2-1f02fc29b8b0/datanode-4/data/ratis/de5feacf-52c6-40b2-b983-39336b115318 has been successfully formatted.
2019-08-29 11:54:39,443 [pool-82-thread-1] INFO  ratis.ContainerStateMachine (ContainerStateMachine.java:loadSnapshot(226)) - group-39336B115318: The snapshot info is null. Setting the last applied indexto:(t:0, i:~)
2019-08-29 11:54:39,443 [pool-38-thread-1] INFO  ratis.ContainerStateMachine (ContainerStateMachine.java:loadSnapshot(226)) - group-39336B115318: The snapshot info is null. Setting the last applied indexto:(t:0, i:~)
2019-08-29 11:54:39,444 [pool-71-thread-1] INFO  ratis.ContainerStateMachine (ContainerStateMachine.java:loadSnapshot(226)) - group-39336B115318: The snapshot info is null. Setting the last applied indexto:(t:0, i:~)
2019-08-29 11:54:39,444 [pool-82-thread-1] INFO  server.RaftServerConfigKeys (ConfUtils.java:logGet(43)) - raft.server.leader.election.timeout = 120s (custom)
2019-08-29 11:54:39,444 [pool-71-thread-1] INFO  server.RaftServerConfigKeys (ConfUtils.java:logGet(43)) - raft.server.leader.election.timeout = 120s (custom)
2019-08-29 11:54:39,444 [pool-38-thread-1] INFO  server.RaftServerConfigKeys (ConfUtils.java:logGet(43)) - raft.server.leader.election.timeout = 120s (custom)
2019-08-29 11:54:39,444 [pool-71-thread-1] INFO  server.RaftServerConfigKeys (ConfUtils.java:logGet(43)) - raft.server.log.use.memory = false (default)
2019-08-29 11:54:39,444 [pool-82-thread-1] INFO  server.RaftServerConfigKeys (ConfUtils.java:logGet(43)) - raft.server.log.use.memory = false (default)
2019-08-29 11:54:39,444 [pool-71-thread-1] INFO  server.RaftServerConfigKeys (ConfUtils.java:logGet(43)) - raft.server.log.purge.gap = 1000000 (custom)
2019-08-29 11:54:39,444 [pool-38-thread-1] INFO  server.RaftServerConfigKeys (ConfUtils.java:logGet(43)) - raft.server.log.use.memory = false (default)
2019-08-29 11:54:39,445 [pool-71-thread-1] INFO  server.RaftServerConfigKeys (ConfUtils.java:logGet(43)) - raft.server.log.appender.buffer.byte-limit = 33554432 (custom)
2019-08-29 11:54:39,444 [pool-82-thread-1] INFO  server.RaftServerConfigKeys (ConfUtils.java:logGet(43)) - raft.server.log.purge.gap = 1000000 (custom)
2019-08-29 11:54:39,445 [pool-71-thread-1] INFO  server.RaftServerConfigKeys (ConfUtils.java:logGet(43)) - raft.server.log.segment.size.max = 1048576 (custom)
2019-08-29 11:54:39,445 [pool-38-thread-1] INFO  server.RaftServerConfigKeys (ConfUtils.java:logGet(43)) - raft.server.log.purge.gap = 1000000 (custom)
2019-08-29 11:54:39,445 [pool-71-thread-1] INFO  server.RaftServerConfigKeys (ConfUtils.java:logGet(43)) - raft.server.log.segment.cache.num.max = 2 (custom)
2019-08-29 11:54:39,445 [pool-82-thread-1] INFO  server.RaftServerConfigKeys (ConfUtils.java:logGet(43)) - raft.server.log.appender.buffer.byte-limit = 33554432 (custom)
2019-08-29 11:54:39,445 [pool-71-thread-1] INFO  segmented.SegmentedRaftLogWorker (SegmentedRaftLogWorker.java:<init>(172)) - new bd7d2b3e-70a9-4c18-9e48-3057ca72b747-SegmentedRaftLogWorker:Storage Directory /workdir/hadoop-ozone/integration-test/target/test-dir/MiniOzoneClusterImpl-d5645d28-46c2-4d7d-99f2-1f02fc29b8b0/datanode-4/data/ratis/de5feacf-52c6-40b2-b983-39336b115318 for RaftStorage:Storage Directory /workdir/hadoop-ozone/integration-test/target/test-dir/MiniOzoneClusterImpl-d5645d28-46c2-4d7d-99f2-1f02fc29b8b0/datanode-4/data/ratis/de5feacf-52c6-40b2-b983-39336b115318
2019-08-29 11:54:39,445 [pool-38-thread-1] INFO  server.RaftServerConfigKeys (ConfUtils.java:logGet(43)) - raft.server.log.appender.buffer.byte-limit = 33554432 (custom)
2019-08-29 11:54:39,446 [pool-71-thread-1] INFO  server.RaftServerConfigKeys (ConfUtils.java:logGet(43)) - raft.server.log.queue.byte-limit = 2147483647 (custom)
2019-08-29 11:54:39,448 [pool-38-thread-1] INFO  server.RaftServerConfigKeys (ConfUtils.java:logGet(43)) - raft.server.log.segment.size.max = 1048576 (custom)
2019-08-29 11:54:39,445 [pool-82-thread-1] INFO  server.RaftServerConfigKeys (ConfUtils.java:logGet(43)) - raft.server.log.segment.size.max = 1048576 (custom)
2019-08-29 11:54:39,449 [pool-38-thread-1] INFO  server.RaftServerConfigKeys (ConfUtils.java:logGet(43)) - raft.server.log.segment.cache.num.max = 2 (custom)
2019-08-29 11:54:39,448 [pool-71-thread-1] INFO  server.RaftServerConfigKeys (ConfUtils.java:logGet(43)) - raft.server.log.queue.element-limit = 1024 (custom)
2019-08-29 11:54:39,451 [pool-38-thread-1] INFO  segmented.SegmentedRaftLogWorker (SegmentedRaftLogWorker.java:<init>(172)) - new 07dabde0-c17e-46ed-9a55-144838a04ea2-SegmentedRaftLogWorker:Storage Directory /workdir/hadoop-ozone/integration-test/target/test-dir/MiniOzoneClusterImpl-d5645d28-46c2-4d7d-99f2-1f02fc29b8b0/datanode-1/data/ratis/de5feacf-52c6-40b2-b983-39336b115318 for RaftStorage:Storage Directory /workdir/hadoop-ozone/integration-test/target/test-dir/MiniOzoneClusterImpl-d5645d28-46c2-4d7d-99f2-1f02fc29b8b0/datanode-1/data/ratis/de5feacf-52c6-40b2-b983-39336b115318
2019-08-29 11:54:39,450 [pool-82-thread-1] INFO  server.RaftServerConfigKeys (ConfUtils.java:logGet(43)) - raft.server.log.segment.cache.num.max = 2 (custom)
2019-08-29 11:54:39,451 [pool-38-thread-1] INFO  server.RaftServerConfigKeys (ConfUtils.java:logGet(43)) - raft.server.log.queue.byte-limit = 2147483647 (custom)
2019-08-29 11:54:39,451 [pool-71-thread-1] INFO  server.RaftServerConfigKeys (ConfUtils.java:logGet(43)) - raft.server.log.segment.size.max = 1048576 (custom)
2019-08-29 11:54:39,459 [pool-38-thread-1] INFO  server.RaftServerConfigKeys (ConfUtils.java:logGet(43)) - raft.server.log.queue.element-limit = 1024 (custom)
2019-08-29 11:54:39,451 [pool-82-thread-1] INFO  segmented.SegmentedRaftLogWorker (SegmentedRaftLogWorker.java:<init>(172)) - new 4a332945-53dc-4c0b-b910-cfaf195ac63d-SegmentedRaftLogWorker:Storage Directory /workdir/hadoop-ozone/integration-test/target/test-dir/MiniOzoneClusterImpl-d5645d28-46c2-4d7d-99f2-1f02fc29b8b0/datanode-5/data/ratis/de5feacf-52c6-40b2-b983-39336b115318 for RaftStorage:Storage Directory /workdir/hadoop-ozone/integration-test/target/test-dir/MiniOzoneClusterImpl-d5645d28-46c2-4d7d-99f2-1f02fc29b8b0/datanode-5/data/ratis/de5feacf-52c6-40b2-b983-39336b115318
2019-08-29 11:54:39,461 [pool-38-thread-1] INFO  server.RaftServerConfigKeys (ConfUtils.java:logGet(43)) - raft.server.log.segment.size.max = 1048576 (custom)
2019-08-29 11:54:39,460 [pool-71-thread-1] INFO  server.RaftServerConfigKeys (ConfUtils.java:logGet(43)) - raft.server.log.preallocated.size = 16384 (custom)
2019-08-29 11:54:39,461 [pool-38-thread-1] INFO  server.RaftServerConfigKeys (ConfUtils.java:logGet(43)) - raft.server.log.preallocated.size = 16384 (custom)
2019-08-29 11:54:39,461 [pool-82-thread-1] INFO  server.RaftServerConfigKeys (ConfUtils.java:logGet(43)) - raft.server.log.queue.byte-limit = 2147483647 (custom)
2019-08-29 11:54:39,463 [pool-38-thread-1] INFO  server.RaftServerConfigKeys (ConfUtils.java:logGet(43)) - raft.server.log.write.buffer.size = 33554432 (custom)
2019-08-29 11:54:39,463 [pool-71-thread-1] INFO  server.RaftServerConfigKeys (ConfUtils.java:logGet(43)) - raft.server.log.write.buffer.size = 33554432 (custom)
2019-08-29 11:54:39,463 [pool-38-thread-1] INFO  server.RaftServerConfigKeys (ConfUtils.java:logGet(43)) - raft.server.log.force.sync.num = 128 (default)
2019-08-29 11:54:39,463 [pool-82-thread-1] INFO  server.RaftServerConfigKeys (ConfUtils.java:logGet(43)) - raft.server.log.queue.element-limit = 1024 (custom)
2019-08-29 11:54:39,464 [pool-38-thread-1] INFO  server.RaftServerConfigKeys (ConfUtils.java:logGet(43)) - raft.server.log.statemachine.data.sync = true (default)
2019-08-29 11:54:39,463 [pool-71-thread-1] INFO  server.RaftServerConfigKeys (ConfUtils.java:logGet(43)) - raft.server.log.force.sync.num = 128 (default)
2019-08-29 11:54:39,464 [pool-38-thread-1] INFO  server.RaftServerConfigKeys (ConfUtils.java:logGet(43)) - raft.server.log.statemachine.data.sync.timeout = 10s (default)
2019-08-29 11:54:39,464 [pool-82-thread-1] INFO  server.RaftServerConfigKeys (ConfUtils.java:logGet(43)) - raft.server.log.segment.size.max = 1048576 (custom)
2019-08-29 11:54:39,464 [pool-38-thread-1] INFO  server.RaftServerConfigKeys (ConfUtils.java:logGet(43)) - raft.server.log.statemachine.data.sync.timeout.retry = -1 (default)
2019-08-29 11:54:39,464 [pool-71-thread-1] INFO  server.RaftServerConfigKeys (ConfUtils.java:logGet(43)) - raft.server.log.statemachine.data.sync = true (default)
2019-08-29 11:54:39,465 [pool-38-thread-1] INFO  server.RaftServerConfigKeys (ConfUtils.java:logGet(43)) - raft.server.log.statemachine.data.caching.enabled = true (custom)
2019-08-29 11:54:39,464 [pool-82-thread-1] INFO  server.RaftServerConfigKeys (ConfUtils.java:logGet(43)) - raft.server.log.preallocated.size = 16384 (custom)
2019-08-29 11:54:39,465 [pool-71-thread-1] INFO  server.RaftServerConfigKeys (ConfUtils.java:logGet(43)) - raft.server.log.statemachine.data.sync.timeout = 10s (default)
2019-08-29 11:54:39,465 [pool-82-thread-1] INFO  server.RaftServerConfigKeys (ConfUtils.java:logGet(43)) - raft.server.log.write.buffer.size = 33554432 (custom)
2019-08-29 11:54:39,465 [pool-71-thread-1] INFO  server.RaftServerConfigKeys (ConfUtils.java:logGet(43)) - raft.server.log.statemachine.data.sync.timeout.retry = -1 (default)
2019-08-29 11:54:39,465 [pool-38-thread-1] INFO  segmented.SegmentedRaftLogWorker (SegmentedRaftLogWorker.java:lambda$new$0(132)) - 07dabde0-c17e-46ed-9a55-144838a04ea2-SegmentedRaftLogWorker:Storage Directory /workdir/hadoop-ozone/integration-test/target/test-dir/MiniOzoneClusterImpl-d5645d28-46c2-4d7d-99f2-1f02fc29b8b0/datanode-1/data/ratis/de5feacf-52c6-40b2-b983-39336b115318: flushIndex: setUnconditionally 0 -> -1
2019-08-29 11:54:39,466 [pool-71-thread-1] INFO  server.RaftServerConfigKeys (ConfUtils.java:logGet(43)) - raft.server.log.statemachine.data.caching.enabled = true (custom)
2019-08-29 11:54:39,465 [pool-82-thread-1] INFO  server.RaftServerConfigKeys (ConfUtils.java:logGet(43)) - raft.server.log.force.sync.num = 128 (default)
2019-08-29 11:54:39,466 [pool-38-thread-1] INFO  server.RaftServerConfigKeys (ConfUtils.java:logGet(43)) - raft.server.snapshot.auto.trigger.enabled = true (custom)
2019-08-29 11:54:39,466 [pool-71-thread-1] INFO  segmented.SegmentedRaftLogWorker (SegmentedRaftLogWorker.java:lambda$new$0(132)) - bd7d2b3e-70a9-4c18-9e48-3057ca72b747-SegmentedRaftLogWorker:Storage Directory /workdir/hadoop-ozone/integration-test/target/test-dir/MiniOzoneClusterImpl-d5645d28-46c2-4d7d-99f2-1f02fc29b8b0/datanode-4/data/ratis/de5feacf-52c6-40b2-b983-39336b115318: flushIndex: setUnconditionally 0 -> -1
2019-08-29 11:54:39,466 [pool-82-thread-1] INFO  server.RaftServerConfigKeys (ConfUtils.java:logGet(43)) - raft.server.log.statemachine.data.sync = true (default)
2019-08-29 11:54:39,466 [pool-38-thread-1] INFO  server.RaftServerConfigKeys (ConfUtils.java:logGet(43)) - raft.server.snapshot.auto.trigger.threshold = 10000 (custom)
2019-08-29 11:54:39,466 [pool-71-thread-1] INFO  server.RaftServerConfigKeys (ConfUtils.java:logGet(43)) - raft.server.snapshot.auto.trigger.enabled = true (custom)
2019-08-29 11:54:39,466 [pool-38-thread-1] INFO  server.RaftServerConfigKeys (ConfUtils.java:logGet(43)) - raft.server.retrycache.expirytime = 600000ms (custom)
2019-08-29 11:54:39,466 [pool-82-thread-1] INFO  server.RaftServerConfigKeys (ConfUtils.java:logGet(43)) - raft.server.log.statemachine.data.sync.timeout = 10s (default)
2019-08-29 11:54:39,466 [pool-71-thread-1] INFO  server.RaftServerConfigKeys (ConfUtils.java:logGet(43)) - raft.server.snapshot.auto.trigger.threshold = 10000 (custom)
2019-08-29 11:54:39,467 [pool-38-thread-1] INFO  impl.RaftServerImpl (RaftServerImpl.java:start(180)) - 07dabde0-c17e-46ed-9a55-144838a04ea2: start group-39336B115318
2019-08-29 11:54:39,467 [pool-82-thread-1] INFO  server.RaftServerConfigKeys (ConfUtils.java:logGet(43)) - raft.server.log.statemachine.data.sync.timeout.retry = -1 (default)
2019-08-29 11:54:39,467 [pool-38-thread-1] INFO  impl.RaftServerImpl (RaftServerImpl.java:setRole(171)) - 07dabde0-c17e-46ed-9a55-144838a04ea2:group-39336B115318 changes role from null to FOLLOWER at term 0 for startAsFollower
2019-08-29 11:54:39,467 [pool-71-thread-1] INFO  server.RaftServerConfigKeys (ConfUtils.java:logGet(43)) - raft.server.retrycache.expirytime = 600000ms (custom)
2019-08-29 11:54:39,467 [pool-38-thread-1] INFO  impl.RoleInfo (RoleInfo.java:updateAndGet(143)) - 07dabde0-c17e-46ed-9a55-144838a04ea2: start FollowerState
2019-08-29 11:54:39,467 [pool-71-thread-1] INFO  impl.RaftServerImpl (RaftServerImpl.java:start(180)) - bd7d2b3e-70a9-4c18-9e48-3057ca72b747: start group-39336B115318
2019-08-29 11:54:39,467 [pool-82-thread-1] INFO  server.RaftServerConfigKeys (ConfUtils.java:logGet(43)) - raft.server.log.statemachine.data.caching.enabled = true (custom)
2019-08-29 11:54:39,468 [pool-71-thread-1] INFO  impl.RaftServerImpl (RaftServerImpl.java:setRole(171)) - bd7d2b3e-70a9-4c18-9e48-3057ca72b747:group-39336B115318 changes role from null to FOLLOWER at term 0 for startAsFollower
2019-08-29 11:54:39,468 [pool-82-thread-1] INFO  segmented.SegmentedRaftLogWorker (SegmentedRaftLogWorker.java:lambda$new$0(132)) - 4a332945-53dc-4c0b-b910-cfaf195ac63d-SegmentedRaftLogWorker:Storage Directory /workdir/hadoop-ozone/integration-test/target/test-dir/MiniOzoneClusterImpl-d5645d28-46c2-4d7d-99f2-1f02fc29b8b0/datanode-5/data/ratis/de5feacf-52c6-40b2-b983-39336b115318: flushIndex: setUnconditionally 0 -> -1
2019-08-29 11:54:39,468 [pool-71-thread-1] INFO  impl.RoleInfo (RoleInfo.java:updateAndGet(143)) - bd7d2b3e-70a9-4c18-9e48-3057ca72b747: start FollowerState
2019-08-29 11:54:39,468 [pool-38-thread-1] INFO  util.JmxRegister (JmxRegister.java:tryRegister(44)) - Successfully registered JMX Bean with object name Ratis:service=RaftServer,group=group-39336B115318,id=07dabde0-c17e-46ed-9a55-144838a04ea2
2019-08-29 11:54:39,468 [pool-82-thread-1] INFO  server.RaftServerConfigKeys (ConfUtils.java:logGet(43)) - raft.server.snapshot.auto.trigger.enabled = true (custom)
2019-08-29 11:54:39,468 [pool-82-thread-1] INFO  server.RaftServerConfigKeys (ConfUtils.java:logGet(43)) - raft.server.snapshot.auto.trigger.threshold = 10000 (custom)
2019-08-29 11:54:39,468 [pool-71-thread-1] INFO  util.JmxRegister (JmxRegister.java:tryRegister(44)) - Successfully registered JMX Bean with object name Ratis:service=RaftServer,group=group-39336B115318,id=bd7d2b3e-70a9-4c18-9e48-3057ca72b747
2019-08-29 11:54:39,468 [pool-82-thread-1] INFO  server.RaftServerConfigKeys (ConfUtils.java:logGet(43)) - raft.server.retrycache.expirytime = 600000ms (custom)
2019-08-29 11:54:39,469 [pool-82-thread-1] INFO  impl.RaftServerImpl (RaftServerImpl.java:start(180)) - 4a332945-53dc-4c0b-b910-cfaf195ac63d: start group-39336B115318
2019-08-29 11:54:39,469 [pool-82-thread-1] INFO  impl.RaftServerImpl (RaftServerImpl.java:setRole(171)) - 4a332945-53dc-4c0b-b910-cfaf195ac63d:group-39336B115318 changes role from null to FOLLOWER at term 0 for startAsFollower
2019-08-29 11:54:39,469 [pool-82-thread-1] INFO  impl.RoleInfo (RoleInfo.java:updateAndGet(143)) - 4a332945-53dc-4c0b-b910-cfaf195ac63d: start FollowerState
2019-08-29 11:54:39,469 [pool-82-thread-1] INFO  util.JmxRegister (JmxRegister.java:tryRegister(44)) - Successfully registered JMX Bean with object name Ratis:service=RaftServer,group=group-39336B115318,id=4a332945-53dc-4c0b-b910-cfaf195ac63d
2019-08-29 11:54:39,488 [RatisPipelineUtilsThread] INFO  pipeline.PipelineStateManager (PipelineStateManager.java:addPipeline(56)) - Created pipeline Pipeline[ Id: de5feacf-52c6-40b2-b983-39336b115318, Nodes: 07dabde0-c17e-46ed-9a55-144838a04ea2{ip: 192.168.5.166, host: pr-hdds-2030-qplxq-3692370286, networkLocation: /default-rack, certSerialId: null}bd7d2b3e-70a9-4c18-9e48-3057ca72b747{ip: 192.168.5.166, host: pr-hdds-2030-qplxq-3692370286, networkLocation: /default-rack, certSerialId: null}4a332945-53dc-4c0b-b910-cfaf195ac63d{ip: 192.168.5.166, host: pr-hdds-2030-qplxq-3692370286, networkLocation: /default-rack, certSerialId: null}, Type:RATIS, Factor:THREE, State:OPEN]
2019-08-29 11:54:39,508 [grpc-default-executor-2] INFO  impl.RaftServerProxy (RaftServerProxy.java:addNew(89)) - 03953c42-7b85-4ce6-8578-61fc97f729cc: addNew group-A160427A8A7F:[03953c42-7b85-4ce6-8578-61fc97f729cc:192.168.5.166:36331, 7c3dea4a-666f-498f-b3ec-37d2b2f2aea0:192.168.5.166:44417, eec05b1d-f4e8-4418-a60c-420e12deef9f:192.168.5.166:42328] returns group-A160427A8A7F:java.util.concurrent.CompletableFuture@1c8a2d73[Not completed]
2019-08-29 11:54:39,508 [grpc-default-executor-1] INFO  impl.RaftServerProxy (RaftServerProxy.java:addNew(89)) - eec05b1d-f4e8-4418-a60c-420e12deef9f: addNew group-A160427A8A7F:[03953c42-7b85-4ce6-8578-61fc97f729cc:192.168.5.166:36331, 7c3dea4a-666f-498f-b3ec-37d2b2f2aea0:192.168.5.166:44417, eec05b1d-f4e8-4418-a60c-420e12deef9f:192.168.5.166:42328] returns group-A160427A8A7F:java.util.concurrent.CompletableFuture@42909367[Not completed]
2019-08-29 11:54:39,510 [grpc-default-executor-0] INFO  impl.RaftServerProxy (RaftServerProxy.java:addNew(89)) - 7c3dea4a-666f-498f-b3ec-37d2b2f2aea0: addNew group-A160427A8A7F:[03953c42-7b85-4ce6-8578-61fc97f729cc:192.168.5.166:36331, 7c3dea4a-666f-498f-b3ec-37d2b2f2aea0:192.168.5.166:44417, eec05b1d-f4e8-4418-a60c-420e12deef9f:192.168.5.166:42328] returns group-A160427A8A7F:java.util.concurrent.CompletableFuture@2bdb096c[Not completed]
2019-08-29 11:54:39,512 [pool-49-thread-1] INFO  impl.RaftServerImpl (RaftServerImpl.java:<init>(93)) - 03953c42-7b85-4ce6-8578-61fc97f729cc: new RaftServerImpl for group-A160427A8A7F:[03953c42-7b85-4ce6-8578-61fc97f729cc:192.168.5.166:36331, 7c3dea4a-666f-498f-b3ec-37d2b2f2aea0:192.168.5.166:44417, eec05b1d-f4e8-4418-a60c-420e12deef9f:192.168.5.166:42328] with ContainerStateMachine:uninitialized
2019-08-29 11:54:39,512 [pool-49-thread-1] INFO  server.RaftServerConfigKeys (ConfUtils.java:logGet(43)) - raft.server.rpc.timeout.min = 1s (custom)
2019-08-29 11:54:39,512 [pool-49-thread-1] INFO  server.RaftServerConfigKeys (ConfUtils.java:logGet(43)) - raft.server.rpc.timeout.max = 1200ms (custom)
2019-08-29 11:54:39,512 [pool-49-thread-1] INFO  server.RaftServerConfigKeys (ConfUtils.java:logGet(43)) - raft.server.rpcslowness.timeout = 120s (custom)
2019-08-29 11:54:39,512 [pool-49-thread-1] INFO  server.RaftServerConfigKeys (ConfUtils.java:logGet(43)) - raft.server.sleep.deviation.threshold = 300 (default)
2019-08-29 11:54:39,513 [pool-49-thread-1] INFO  server.RaftServerConfigKeys (ConfUtils.java:logGet(43)) - raft.server.log.appender.install.snapshot.enabled = false (custom)
2019-08-29 11:54:39,513 [pool-93-thread-1] INFO  impl.RaftServerImpl (RaftServerImpl.java:<init>(93)) - 7c3dea4a-666f-498f-b3ec-37d2b2f2aea0: new RaftServerImpl for group-A160427A8A7F:[03953c42-7b85-4ce6-8578-61fc97f729cc:192.168.5.166:36331, 7c3dea4a-666f-498f-b3ec-37d2b2f2aea0:192.168.5.166:44417, eec05b1d-f4e8-4418-a60c-420e12deef9f:192.168.5.166:42328] with ContainerStateMachine:uninitialized
2019-08-29 11:54:39,513 [pool-49-thread-1] INFO  impl.RaftServerImpl (ServerState.java:<init>(105)) - 03953c42-7b85-4ce6-8578-61fc97f729cc:group-A160427A8A7F ConfigurationManager, init=-1: [03953c42-7b85-4ce6-8578-61fc97f729cc:192.168.5.166:36331, 7c3dea4a-666f-498f-b3ec-37d2b2f2aea0:192.168.5.166:44417, eec05b1d-f4e8-4418-a60c-420e12deef9f:192.168.5.166:42328], old=null, confs=<EMPTY_MAP>
2019-08-29 11:54:39,513 [pool-93-thread-1] INFO  server.RaftServerConfigKeys (ConfUtils.java:logGet(43)) - raft.server.rpc.timeout.min = 1s (custom)
2019-08-29 11:54:39,513 [pool-49-thread-1] INFO  server.RaftServerConfigKeys (ConfUtils.java:logGet(43)) - raft.server.storage.dir = [/workdir/hadoop-ozone/integration-test/target/test-dir/MiniOzoneClusterImpl-d5645d28-46c2-4d7d-99f2-1f02fc29b8b0/datanode-2/data/ratis] (custom)
2019-08-29 11:54:39,513 [pool-93-thread-1] INFO  server.RaftServerConfigKeys (ConfUtils.java:logGet(43)) - raft.server.rpc.timeout.max = 1200ms (custom)
2019-08-29 11:54:39,513 [pool-93-thread-1] INFO  server.RaftServerConfigKeys (ConfUtils.java:logGet(43)) - raft.server.rpcslowness.timeout = 120s (custom)
2019-08-29 11:54:39,514 [pool-93-thread-1] INFO  server.RaftServerConfigKeys (ConfUtils.java:logGet(43)) - raft.server.sleep.deviation.threshold = 300 (default)
2019-08-29 11:54:39,514 [pool-49-thread-1] INFO  storage.RaftStorageDirectory (RaftStorageDirectory.java:analyzeStorage(246)) - The storage directory /workdir/hadoop-ozone/integration-test/target/test-dir/MiniOzoneClusterImpl-d5645d28-46c2-4d7d-99f2-1f02fc29b8b0/datanode-2/data/ratis/3e734320-d6b4-447e-b544-a160427a8a7f does not exist. Creating ...
2019-08-29 11:54:39,514 [pool-127-thread-1] INFO  impl.RaftServerImpl (RaftServerImpl.java:<init>(93)) - eec05b1d-f4e8-4418-a60c-420e12deef9f: new RaftServerImpl for group-A160427A8A7F:[03953c42-7b85-4ce6-8578-61fc97f729cc:192.168.5.166:36331, 7c3dea4a-666f-498f-b3ec-37d2b2f2aea0:192.168.5.166:44417, eec05b1d-f4e8-4418-a60c-420e12deef9f:192.168.5.166:42328] with ContainerStateMachine:uninitialized
2019-08-29 11:54:39,514 [pool-93-thread-1] INFO  server.RaftServerConfigKeys (ConfUtils.java:logGet(43)) - raft.server.log.appender.install.snapshot.enabled = false (custom)
2019-08-29 11:54:39,514 [pool-127-thread-1] INFO  server.RaftServerConfigKeys (ConfUtils.java:logGet(43)) - raft.server.rpc.timeout.min = 1s (custom)
2019-08-29 11:54:39,514 [pool-93-thread-1] INFO  impl.RaftServerImpl (ServerState.java:<init>(105)) - 7c3dea4a-666f-498f-b3ec-37d2b2f2aea0:group-A160427A8A7F ConfigurationManager, init=-1: [03953c42-7b85-4ce6-8578-61fc97f729cc:192.168.5.166:36331, 7c3dea4a-666f-498f-b3ec-37d2b2f2aea0:192.168.5.166:44417, eec05b1d-f4e8-4418-a60c-420e12deef9f:192.168.5.166:42328], old=null, confs=<EMPTY_MAP>
2019-08-29 11:54:39,514 [pool-127-thread-1] INFO  server.RaftServerConfigKeys (ConfUtils.java:logGet(43)) - raft.server.rpc.timeout.max = 1200ms (custom)
2019-08-29 11:54:39,514 [pool-93-thread-1] INFO  server.RaftServerConfigKeys (ConfUtils.java:logGet(43)) - raft.server.storage.dir = [/workdir/hadoop-ozone/integration-test/target/test-dir/MiniOzoneClusterImpl-d5645d28-46c2-4d7d-99f2-1f02fc29b8b0/datanode-6/data/ratis] (custom)
2019-08-29 11:54:39,514 [pool-127-thread-1] INFO  server.RaftServerConfigKeys (ConfUtils.java:logGet(43)) - raft.server.rpcslowness.timeout = 120s (custom)
2019-08-29 11:54:39,515 [pool-127-thread-1] INFO  server.RaftServerConfigKeys (ConfUtils.java:logGet(43)) - raft.server.sleep.deviation.threshold = 300 (default)
2019-08-29 11:54:39,515 [pool-127-thread-1] INFO  server.RaftServerConfigKeys (ConfUtils.java:logGet(43)) - raft.server.log.appender.install.snapshot.enabled = false (custom)
2019-08-29 11:54:39,515 [pool-93-thread-1] INFO  storage.RaftStorageDirectory (RaftStorageDirectory.java:analyzeStorage(246)) - The storage directory /workdir/hadoop-ozone/integration-test/target/test-dir/MiniOzoneClusterImpl-d5645d28-46c2-4d7d-99f2-1f02fc29b8b0/datanode-6/data/ratis/3e734320-d6b4-447e-b544-a160427a8a7f does not exist. Creating ...
2019-08-29 11:54:39,515 [pool-127-thread-1] INFO  impl.RaftServerImpl (ServerState.java:<init>(105)) - eec05b1d-f4e8-4418-a60c-420e12deef9f:group-A160427A8A7F ConfigurationManager, init=-1: [03953c42-7b85-4ce6-8578-61fc97f729cc:192.168.5.166:36331, 7c3dea4a-666f-498f-b3ec-37d2b2f2aea0:192.168.5.166:44417, eec05b1d-f4e8-4418-a60c-420e12deef9f:192.168.5.166:42328], old=null, confs=<EMPTY_MAP>
2019-08-29 11:54:39,515 [pool-127-thread-1] INFO  server.RaftServerConfigKeys (ConfUtils.java:logGet(43)) - raft.server.storage.dir = [/workdir/hadoop-ozone/integration-test/target/test-dir/MiniOzoneClusterImpl-d5645d28-46c2-4d7d-99f2-1f02fc29b8b0/datanode-9/data/ratis] (custom)
2019-08-29 11:54:39,515 [pool-127-thread-1] INFO  storage.RaftStorageDirectory (RaftStorageDirectory.java:analyzeStorage(246)) - The storage directory /workdir/hadoop-ozone/integration-test/target/test-dir/MiniOzoneClusterImpl-d5645d28-46c2-4d7d-99f2-1f02fc29b8b0/datanode-9/data/ratis/3e734320-d6b4-447e-b544-a160427a8a7f does not exist. Creating ...
2019-08-29 11:54:39,522 [pool-49-thread-1] INFO  storage.RaftStorageDirectory (RaftStorageDirectory.java:tryLock(328)) - Lock on /workdir/hadoop-ozone/integration-test/target/test-dir/MiniOzoneClusterImpl-d5645d28-46c2-4d7d-99f2-1f02fc29b8b0/datanode-2/data/ratis/3e734320-d6b4-447e-b544-a160427a8a7f/in_use.lock acquired by nodename 29102@pr-hdds-2030-qplxq-3692370286
2019-08-29 11:54:39,522 [pool-127-thread-1] INFO  storage.RaftStorageDirectory (RaftStorageDirectory.java:tryLock(328)) - Lock on /workdir/hadoop-ozone/integration-test/target/test-dir/MiniOzoneClusterImpl-d5645d28-46c2-4d7d-99f2-1f02fc29b8b0/datanode-9/data/ratis/3e734320-d6b4-447e-b544-a160427a8a7f/in_use.lock acquired by nodename 29102@pr-hdds-2030-qplxq-3692370286
2019-08-29 11:54:39,522 [pool-93-thread-1] INFO  storage.RaftStorageDirectory (RaftStorageDirectory.java:tryLock(328)) - Lock on /workdir/hadoop-ozone/integration-test/target/test-dir/MiniOzoneClusterImpl-d5645d28-46c2-4d7d-99f2-1f02fc29b8b0/datanode-6/data/ratis/3e734320-d6b4-447e-b544-a160427a8a7f/in_use.lock acquired by nodename 29102@pr-hdds-2030-qplxq-3692370286
2019-08-29 11:54:39,529 [Thread-298] INFO  impl.FollowerState (FollowerState.java:run(106)) - 4a332945-53dc-4c0b-b910-cfaf195ac63d:group-473A9B8954FF changes to CANDIDATE, lastRpcTime:1042, electionTimeout:1042ms
2019-08-29 11:54:39,529 [Thread-298] INFO  impl.RoleInfo (RoleInfo.java:shutdownFollowerState(121)) - 4a332945-53dc-4c0b-b910-cfaf195ac63d: shutdown FollowerState
2019-08-29 11:54:39,529 [Thread-298] INFO  impl.RaftServerImpl (RaftServerImpl.java:setRole(171)) - 4a332945-53dc-4c0b-b910-cfaf195ac63d:group-473A9B8954FF changes role from FOLLOWER to CANDIDATE at term 0 for changeToCandidate
2019-08-29 11:54:39,530 [Thread-298] INFO  impl.RoleInfo (RoleInfo.java:updateAndGet(143)) - 4a332945-53dc-4c0b-b910-cfaf195ac63d: start LeaderElection
2019-08-29 11:54:39,560 [pool-49-thread-1] INFO  storage.RaftStorage (RaftStorage.java:format(72)) - Storage directory /workdir/hadoop-ozone/integration-test/target/test-dir/MiniOzoneClusterImpl-d5645d28-46c2-4d7d-99f2-1f02fc29b8b0/datanode-2/data/ratis/3e734320-d6b4-447e-b544-a160427a8a7f has been successfully formatted.
2019-08-29 11:54:39,560 [4a332945-53dc-4c0b-b910-cfaf195ac63d:group-473A9B8954FF:LeaderElection5] INFO  impl.LeaderElection (LeaderElection.java:askForVotes(181)) - 4a332945-53dc-4c0b-b910-cfaf195ac63d:group-473A9B8954FF:LeaderElection5: begin an election at term 1 for -1: [4a332945-53dc-4c0b-b910-cfaf195ac63d:192.168.5.166:44887], old=null
2019-08-29 11:54:39,560 [pool-127-thread-1] INFO  storage.RaftStorage (RaftStorage.java:format(72)) - Storage directory /workdir/hadoop-ozone/integration-test/target/test-dir/MiniOzoneClusterImpl-d5645d28-46c2-4d7d-99f2-1f02fc29b8b0/datanode-9/data/ratis/3e734320-d6b4-447e-b544-a160427a8a7f has been successfully formatted.
2019-08-29 11:54:39,560 [pool-93-thread-1] INFO  storage.RaftStorage (RaftStorage.java:format(72)) - Storage directory /workdir/hadoop-ozone/integration-test/target/test-dir/MiniOzoneClusterImpl-d5645d28-46c2-4d7d-99f2-1f02fc29b8b0/datanode-6/data/ratis/3e734320-d6b4-447e-b544-a160427a8a7f has been successfully formatted.
2019-08-29 11:54:39,560 [pool-49-thread-1] INFO  ratis.ContainerStateMachine (ContainerStateMachine.java:loadSnapshot(226)) - group-A160427A8A7F: The snapshot info is null. Setting the last applied indexto:(t:0, i:~)
2019-08-29 11:54:39,560 [4a332945-53dc-4c0b-b910-cfaf195ac63d:group-473A9B8954FF:LeaderElection5] INFO  impl.RoleInfo (RoleInfo.java:shutdownLeaderElection(134)) - 4a332945-53dc-4c0b-b910-cfaf195ac63d: shutdown LeaderElection
2019-08-29 11:54:39,561 [pool-49-thread-1] INFO  server.RaftServerConfigKeys (ConfUtils.java:logGet(43)) - raft.server.leader.election.timeout = 120s (custom)
2019-08-29 11:54:39,560 [pool-93-thread-1] INFO  ratis.ContainerStateMachine (ContainerStateMachine.java:loadSnapshot(226)) - group-A160427A8A7F: The snapshot info is null. Setting the last applied indexto:(t:0, i:~)
2019-08-29 11:54:39,560 [pool-127-thread-1] INFO  ratis.ContainerStateMachine (ContainerStateMachine.java:loadSnapshot(226)) - group-A160427A8A7F: The snapshot info is null. Setting the last applied indexto:(t:0, i:~)
2019-08-29 11:54:39,561 [pool-93-thread-1] INFO  server.RaftServerConfigKeys (ConfUtils.java:logGet(43)) - raft.server.leader.election.timeout = 120s (custom)
2019-08-29 11:54:39,561 [pool-49-thread-1] INFO  server.RaftServerConfigKeys (ConfUtils.java:logGet(43)) - raft.server.log.use.memory = false (default)
2019-08-29 11:54:39,561 [4a332945-53dc-4c0b-b910-cfaf195ac63d:group-473A9B8954FF:LeaderElection5] INFO  impl.RaftServerImpl (RaftServerImpl.java:setRole(171)) - 4a332945-53dc-4c0b-b910-cfaf195ac63d:group-473A9B8954FF changes role from CANDIDATE to LEADER at term 1 for changeToLeader
2019-08-29 11:54:39,561 [pool-49-thread-1] INFO  server.RaftServerConfigKeys (ConfUtils.java:logGet(43)) - raft.server.log.purge.gap = 1000000 (custom)
2019-08-29 11:54:39,561 [pool-93-thread-1] INFO  server.RaftServerConfigKeys (ConfUtils.java:logGet(43)) - raft.server.log.use.memory = false (default)
2019-08-29 11:54:39,561 [pool-127-thread-1] INFO  server.RaftServerConfigKeys (ConfUtils.java:logGet(43)) - raft.server.leader.election.timeout = 120s (custom)
2019-08-29 11:54:39,562 [pool-93-thread-1] INFO  server.RaftServerConfigKeys (ConfUtils.java:logGet(43)) - raft.server.log.purge.gap = 1000000 (custom)
2019-08-29 11:54:39,561 [pool-49-thread-1] INFO  server.RaftServerConfigKeys (ConfUtils.java:logGet(43)) - raft.server.log.appender.buffer.byte-limit = 33554432 (custom)
2019-08-29 11:54:39,561 [4a332945-53dc-4c0b-b910-cfaf195ac63d:group-473A9B8954FF:LeaderElection5] INFO  impl.RaftServerImpl (ServerState.java:setLeader(263)) - 4a332945-53dc-4c0b-b910-cfaf195ac63d:group-473A9B8954FF change Leader from null to 4a332945-53dc-4c0b-b910-cfaf195ac63d at term 1 for becomeLeader, leader elected after 1083ms
2019-08-29 11:54:39,562 [pool-49-thread-1] INFO  server.RaftServerConfigKeys (ConfUtils.java:logGet(43)) - raft.server.log.segment.size.max = 1048576 (custom)
2019-08-29 11:54:39,562 [pool-93-thread-1] INFO  server.RaftServerConfigKeys (ConfUtils.java:logGet(43)) - raft.server.log.appender.buffer.byte-limit = 33554432 (custom)
2019-08-29 11:54:39,562 [pool-127-thread-1] INFO  server.RaftServerConfigKeys (ConfUtils.java:logGet(43)) - raft.server.log.use.memory = false (default)
2019-08-29 11:54:39,562 [pool-93-thread-1] INFO  server.RaftServerConfigKeys (ConfUtils.java:logGet(43)) - raft.server.log.segment.size.max = 1048576 (custom)
2019-08-29 11:54:39,562 [pool-49-thread-1] INFO  server.RaftServerConfigKeys (ConfUtils.java:logGet(43)) - raft.server.log.segment.cache.num.max = 2 (custom)
2019-08-29 11:54:39,562 [4a332945-53dc-4c0b-b910-cfaf195ac63d:group-473A9B8954FF:LeaderElection5] INFO  server.RaftServerConfigKeys (ConfUtils.java:logGet(43)) - raft.server.staging.catchup.gap = 1000 (default)
2019-08-29 11:54:39,563 [pool-49-thread-1] INFO  segmented.SegmentedRaftLogWorker (SegmentedRaftLogWorker.java:<init>(172)) - new 03953c42-7b85-4ce6-8578-61fc97f729cc-SegmentedRaftLogWorker:Storage Directory /workdir/hadoop-ozone/integration-test/target/test-dir/MiniOzoneClusterImpl-d5645d28-46c2-4d7d-99f2-1f02fc29b8b0/datanode-2/data/ratis/3e734320-d6b4-447e-b544-a160427a8a7f for RaftStorage:Storage Directory /workdir/hadoop-ozone/integration-test/target/test-dir/MiniOzoneClusterImpl-d5645d28-46c2-4d7d-99f2-1f02fc29b8b0/datanode-2/data/ratis/3e734320-d6b4-447e-b544-a160427a8a7f
2019-08-29 11:54:39,562 [pool-93-thread-1] INFO  server.RaftServerConfigKeys (ConfUtils.java:logGet(43)) - raft.server.log.segment.cache.num.max = 2 (custom)
2019-08-29 11:54:39,562 [pool-127-thread-1] INFO  server.RaftServerConfigKeys (ConfUtils.java:logGet(43)) - raft.server.log.purge.gap = 1000000 (custom)
2019-08-29 11:54:39,563 [pool-93-thread-1] INFO  segmented.SegmentedRaftLogWorker (SegmentedRaftLogWorker.java:<init>(172)) - new 7c3dea4a-666f-498f-b3ec-37d2b2f2aea0-SegmentedRaftLogWorker:Storage Directory /workdir/hadoop-ozone/integration-test/target/test-dir/MiniOzoneClusterImpl-d5645d28-46c2-4d7d-99f2-1f02fc29b8b0/datanode-6/data/ratis/3e734320-d6b4-447e-b544-a160427a8a7f for RaftStorage:Storage Directory /workdir/hadoop-ozone/integration-test/target/test-dir/MiniOzoneClusterImpl-d5645d28-46c2-4d7d-99f2-1f02fc29b8b0/datanode-6/data/ratis/3e734320-d6b4-447e-b544-a160427a8a7f
2019-08-29 11:54:39,563 [pool-49-thread-1] INFO  server.RaftServerConfigKeys (ConfUtils.java:logGet(43)) - raft.server.log.queue.byte-limit = 2147483647 (custom)
2019-08-29 11:54:39,563 [4a332945-53dc-4c0b-b910-cfaf195ac63d:group-473A9B8954FF:LeaderElection5] INFO  server.RaftServerConfigKeys (ConfUtils.java:logGet(43)) - raft.server.rpc.sleep.time = 25ms (default)
2019-08-29 11:54:39,566 [pool-49-thread-1] INFO  server.RaftServerConfigKeys (ConfUtils.java:logGet(43)) - raft.server.log.queue.element-limit = 1024 (custom)
2019-08-29 11:54:39,565 [pool-93-thread-1] INFO  server.RaftServerConfigKeys (ConfUtils.java:logGet(43)) - raft.server.log.queue.byte-limit = 2147483647 (custom)
2019-08-29 11:54:39,565 [pool-127-thread-1] INFO  server.RaftServerConfigKeys (ConfUtils.java:logGet(43)) - raft.server.log.appender.buffer.byte-limit = 33554432 (custom)
2019-08-29 11:54:39,568 [pool-93-thread-1] INFO  server.RaftServerConfigKeys (ConfUtils.java:logGet(43)) - raft.server.log.queue.element-limit = 1024 (custom)
2019-08-29 11:54:39,568 [pool-49-thread-1] INFO  server.RaftServerConfigKeys (ConfUtils.java:logGet(43)) - raft.server.log.segment.size.max = 1048576 (custom)
2019-08-29 11:54:39,568 [4a332945-53dc-4c0b-b910-cfaf195ac63d:group-473A9B8954FF:LeaderElection5] INFO  server.RaftServerConfigKeys (ConfUtils.java:logGet(43)) - raft.server.write.element-limit = 4096 (default)
2019-08-29 11:54:39,568 [pool-49-thread-1] INFO  server.RaftServerConfigKeys (ConfUtils.java:logGet(43)) - raft.server.log.preallocated.size = 16384 (custom)
2019-08-29 11:54:39,568 [pool-93-thread-1] INFO  server.RaftServerConfigKeys (ConfUtils.java:logGet(43)) - raft.server.log.segment.size.max = 1048576 (custom)
2019-08-29 11:54:39,568 [pool-127-thread-1] INFO  server.RaftServerConfigKeys (ConfUtils.java:logGet(43)) - raft.server.log.segment.size.max = 1048576 (custom)
2019-08-29 11:54:39,569 [pool-93-thread-1] INFO  server.RaftServerConfigKeys (ConfUtils.java:logGet(43)) - raft.server.log.preallocated.size = 16384 (custom)
2019-08-29 11:54:39,569 [pool-49-thread-1] INFO  server.RaftServerConfigKeys (ConfUtils.java:logGet(43)) - raft.server.log.write.buffer.size = 33554432 (custom)
2019-08-29 11:54:39,569 [pool-49-thread-1] INFO  server.RaftServerConfigKeys (ConfUtils.java:logGet(43)) - raft.server.log.force.sync.num = 128 (default)
2019-08-29 11:54:39,569 [4a332945-53dc-4c0b-b910-cfaf195ac63d:group-473A9B8954FF:LeaderElection5] INFO  server.RaftServerConfigKeys (ConfUtils.java:logGet(43)) - raft.server.watch.timeout = 10s (default)
2019-08-29 11:54:39,569 [pool-49-thread-1] INFO  server.RaftServerConfigKeys (ConfUtils.java:logGet(43)) - raft.server.log.statemachine.data.sync = true (default)
2019-08-29 11:54:39,569 [pool-93-thread-1] INFO  server.RaftServerConfigKeys (ConfUtils.java:logGet(43)) - raft.server.log.write.buffer.size = 33554432 (custom)
2019-08-29 11:54:39,569 [pool-127-thread-1] INFO  server.RaftServerConfigKeys (ConfUtils.java:logGet(43)) - raft.server.log.segment.cache.num.max = 2 (custom)
2019-08-29 11:54:39,570 [pool-93-thread-1] INFO  server.RaftServerConfigKeys (ConfUtils.java:logGet(43)) - raft.server.log.force.sync.num = 128 (default)
2019-08-29 11:54:39,570 [pool-93-thread-1] INFO  server.RaftServerConfigKeys (ConfUtils.java:logGet(43)) - raft.server.log.statemachine.data.sync = true (default)
2019-08-29 11:54:39,570 [pool-49-thread-1] INFO  server.RaftServerConfigKeys (ConfUtils.java:logGet(43)) - raft.server.log.statemachine.data.sync.timeout = 10s (default)
2019-08-29 11:54:39,569 [4a332945-53dc-4c0b-b910-cfaf195ac63d:group-473A9B8954FF:LeaderElection5] INFO  server.RaftServerConfigKeys (ConfUtils.java:logGet(43)) - raft.server.watch.timeout.denomination = 1s (default)
2019-08-29 11:54:39,570 [pool-49-thread-1] INFO  server.RaftServerConfigKeys (ConfUtils.java:logGet(43)) - raft.server.log.statemachine.data.sync.timeout.retry = -1 (default)
2019-08-29 11:54:39,570 [pool-93-thread-1] INFO  server.RaftServerConfigKeys (ConfUtils.java:logGet(43)) - raft.server.log.statemachine.data.sync.timeout = 10s (default)
2019-08-29 11:54:39,570 [pool-127-thread-1] INFO  segmented.SegmentedRaftLogWorker (SegmentedRaftLogWorker.java:<init>(172)) - new eec05b1d-f4e8-4418-a60c-420e12deef9f-SegmentedRaftLogWorker:Storage Directory /workdir/hadoop-ozone/integration-test/target/test-dir/MiniOzoneClusterImpl-d5645d28-46c2-4d7d-99f2-1f02fc29b8b0/datanode-9/data/ratis/3e734320-d6b4-447e-b544-a160427a8a7f for RaftStorage:Storage Directory /workdir/hadoop-ozone/integration-test/target/test-dir/MiniOzoneClusterImpl-d5645d28-46c2-4d7d-99f2-1f02fc29b8b0/datanode-9/data/ratis/3e734320-d6b4-447e-b544-a160427a8a7f
2019-08-29 11:54:39,571 [pool-93-thread-1] INFO  server.RaftServerConfigKeys (ConfUtils.java:logGet(43)) - raft.server.log.statemachine.data.sync.timeout.retry = -1 (default)
2019-08-29 11:54:39,571 [pool-49-thread-1] INFO  server.RaftServerConfigKeys (ConfUtils.java:logGet(43)) - raft.server.log.statemachine.data.caching.enabled = true (custom)
2019-08-29 11:54:39,570 [4a332945-53dc-4c0b-b910-cfaf195ac63d:group-473A9B8954FF:LeaderElection5] INFO  server.RaftServerConfigKeys (ConfUtils.java:logGet(43)) - raft.server.watch.element-limit = 65536 (default)
2019-08-29 11:54:39,573 [pool-93-thread-1] INFO  server.RaftServerConfigKeys (ConfUtils.java:logGet(43)) - raft.server.log.statemachine.data.caching.enabled = true (custom)
2019-08-29 11:54:39,571 [pool-127-thread-1] INFO  server.RaftServerConfigKeys (ConfUtils.java:logGet(43)) - raft.server.log.queue.byte-limit = 2147483647 (custom)
2019-08-29 11:54:39,573 [4a332945-53dc-4c0b-b910-cfaf195ac63d:group-473A9B8954FF:LeaderElection5] INFO  impl.RoleInfo (RoleInfo.java:updateAndGet(143)) - 4a332945-53dc-4c0b-b910-cfaf195ac63d: start LeaderState
2019-08-29 11:54:39,573 [pool-49-thread-1] INFO  segmented.SegmentedRaftLogWorker (SegmentedRaftLogWorker.java:lambda$new$0(132)) - 03953c42-7b85-4ce6-8578-61fc97f729cc-SegmentedRaftLogWorker:Storage Directory /workdir/hadoop-ozone/integration-test/target/test-dir/MiniOzoneClusterImpl-d5645d28-46c2-4d7d-99f2-1f02fc29b8b0/datanode-2/data/ratis/3e734320-d6b4-447e-b544-a160427a8a7f: flushIndex: setUnconditionally 0 -> -1
2019-08-29 11:54:39,573 [pool-93-thread-1] INFO  segmented.SegmentedRaftLogWorker (SegmentedRaftLogWorker.java:lambda$new$0(132)) - 7c3dea4a-666f-498f-b3ec-37d2b2f2aea0-SegmentedRaftLogWorker:Storage Directory /workdir/hadoop-ozone/integration-test/target/test-dir/MiniOzoneClusterImpl-d5645d28-46c2-4d7d-99f2-1f02fc29b8b0/datanode-6/data/ratis/3e734320-d6b4-447e-b544-a160427a8a7f: flushIndex: setUnconditionally 0 -> -1
2019-08-29 11:54:39,573 [pool-127-thread-1] INFO  server.RaftServerConfigKeys (ConfUtils.java:logGet(43)) - raft.server.log.queue.element-limit = 1024 (custom)
2019-08-29 11:54:39,574 [pool-49-thread-1] INFO  server.RaftServerConfigKeys (ConfUtils.java:logGet(43)) - raft.server.snapshot.auto.trigger.enabled = true (custom)
2019-08-29 11:54:39,574 [pool-127-thread-1] INFO  server.RaftServerConfigKeys (ConfUtils.java:logGet(43)) - raft.server.log.segment.size.max = 1048576 (custom)
2019-08-29 11:54:39,574 [4a332945-53dc-4c0b-b910-cfaf195ac63d:group-473A9B8954FF:LeaderElection5] INFO  segmented.SegmentedRaftLogWorker (SegmentedRaftLogWorker.java:startLogSegment(380)) - 4a332945-53dc-4c0b-b910-cfaf195ac63d-SegmentedRaftLogWorker:Storage Directory /workdir/hadoop-ozone/integration-test/target/test-dir/MiniOzoneClusterImpl-d5645d28-46c2-4d7d-99f2-1f02fc29b8b0/datanode-5/data/ratis/d8d38c04-0485-4715-af9c-473a9b8954ff: Starting segment from index:0
2019-08-29 11:54:39,574 [pool-127-thread-1] INFO  server.RaftServerConfigKeys (ConfUtils.java:logGet(43)) - raft.server.log.preallocated.size = 16384 (custom)
2019-08-29 11:54:39,574 [pool-49-thread-1] INFO  server.RaftServerConfigKeys (ConfUtils.java:logGet(43)) - raft.server.snapshot.auto.trigger.threshold = 10000 (custom)
2019-08-29 11:54:39,574 [pool-93-thread-1] INFO  server.RaftServerConfigKeys (ConfUtils.java:logGet(43)) - raft.server.snapshot.auto.trigger.enabled = true (custom)
2019-08-29 11:54:39,574 [pool-49-thread-1] INFO  server.RaftServerConfigKeys (ConfUtils.java:logGet(43)) - raft.server.retrycache.expirytime = 600000ms (custom)
2019-08-29 11:54:39,575 | INFO  | SCMAudit | user=jenkins1000 | ip=192.168.5.166 | op=SEND_HEARTBEAT {datanodeUUID=bd7d2b3e-70a9-4c18-9e48-3057ca72b747, command=[]} | ret=SUCCESS |  
2019-08-29 11:54:39,574 [pool-127-thread-1] INFO  server.RaftServerConfigKeys (ConfUtils.java:logGet(43)) - raft.server.log.write.buffer.size = 33554432 (custom)
2019-08-29 11:54:39,575 [pool-49-thread-1] INFO  impl.RaftServerImpl (RaftServerImpl.java:start(180)) - 03953c42-7b85-4ce6-8578-61fc97f729cc: start group-A160427A8A7F
2019-08-29 11:54:39,575 [4a332945-53dc-4c0b-b910-cfaf195ac63d:group-473A9B8954FF:LeaderElection5] INFO  impl.RaftServerImpl (ServerState.java:setRaftConf(361)) - 4a332945-53dc-4c0b-b910-cfaf195ac63d:group-473A9B8954FF set configuration 0: [4a332945-53dc-4c0b-b910-cfaf195ac63d:192.168.5.166:44887], old=null at 0
2019-08-29 11:54:39,575 [pool-93-thread-1] INFO  server.RaftServerConfigKeys (ConfUtils.java:logGet(43)) - raft.server.snapshot.auto.trigger.threshold = 10000 (custom)
2019-08-29 11:54:39,575 [pool-49-thread-1] INFO  impl.RaftServerImpl (RaftServerImpl.java:setRole(171)) - 03953c42-7b85-4ce6-8578-61fc97f729cc:group-A160427A8A7F changes role from null to FOLLOWER at term 0 for startAsFollower
2019-08-29 11:54:39,575 [pool-127-thread-1] INFO  server.RaftServerConfigKeys (ConfUtils.java:logGet(43)) - raft.server.log.force.sync.num = 128 (default)
2019-08-29 11:54:39,612 [pool-49-thread-1] INFO  impl.RoleInfo (RoleInfo.java:updateAndGet(143)) - 03953c42-7b85-4ce6-8578-61fc97f729cc: start FollowerState
2019-08-29 11:54:39,611 [pool-93-thread-1] INFO  server.RaftServerConfigKeys (ConfUtils.java:logGet(43)) - raft.server.retrycache.expirytime = 600000ms (custom)
2019-08-29 11:54:39,612 [pool-127-thread-1] INFO  server.RaftServerConfigKeys (ConfUtils.java:logGet(43)) - raft.server.log.statemachine.data.sync = true (default)
2019-08-29 11:54:39,612 [pool-93-thread-1] INFO  impl.RaftServerImpl (RaftServerImpl.java:start(180)) - 7c3dea4a-666f-498f-b3ec-37d2b2f2aea0: start group-A160427A8A7F
2019-08-29 11:54:39,612 [pool-49-thread-1] INFO  util.JmxRegister (JmxRegister.java:tryRegister(44)) - Successfully registered JMX Bean with object name Ratis:service=RaftServer,group=group-A160427A8A7F,id=03953c42-7b85-4ce6-8578-61fc97f729cc
2019-08-29 11:54:39,612 [pool-127-thread-1] INFO  server.RaftServerConfigKeys (ConfUtils.java:logGet(43)) - raft.server.log.statemachine.data.sync.timeout = 10s (default)
2019-08-29 11:54:39,612 | INFO  | SCMAudit | user=jenkins1000 | ip=192.168.5.166 | op=SEND_HEARTBEAT {datanodeUUID=920b05f1-a92b-459a-a000-361715d4ee3d, command=[]} | ret=SUCCESS |  
2019-08-29 11:54:39,612 [pool-93-thread-1] INFO  impl.RaftServerImpl (RaftServerImpl.java:setRole(171)) - 7c3dea4a-666f-498f-b3ec-37d2b2f2aea0:group-A160427A8A7F changes role from null to FOLLOWER at term 0 for startAsFollower
2019-08-29 11:54:39,612 [pool-127-thread-1] INFO  server.RaftServerConfigKeys (ConfUtils.java:logGet(43)) - raft.server.log.statemachine.data.sync.timeout.retry = -1 (default)
2019-08-29 11:54:39,613 [pool-93-thread-1] INFO  impl.RoleInfo (RoleInfo.java:updateAndGet(143)) - 7c3dea4a-666f-498f-b3ec-37d2b2f2aea0: start FollowerState
2019-08-29 11:54:39,613 [pool-127-thread-1] INFO  server.RaftServerConfigKeys (ConfUtils.java:logGet(43)) - raft.server.log.statemachine.data.caching.enabled = true (custom)
2019-08-29 11:54:39,613 [pool-93-thread-1] INFO  util.JmxRegister (JmxRegister.java:tryRegister(44)) - Successfully registered JMX Bean with object name Ratis:service=RaftServer,group=group-A160427A8A7F,id=7c3dea4a-666f-498f-b3ec-37d2b2f2aea0
2019-08-29 11:54:39,613 [pool-127-thread-1] INFO  segmented.SegmentedRaftLogWorker (SegmentedRaftLogWorker.java:lambda$new$0(132)) - eec05b1d-f4e8-4418-a60c-420e12deef9f-SegmentedRaftLogWorker:Storage Directory /workdir/hadoop-ozone/integration-test/target/test-dir/MiniOzoneClusterImpl-d5645d28-46c2-4d7d-99f2-1f02fc29b8b0/datanode-9/data/ratis/3e734320-d6b4-447e-b544-a160427a8a7f: flushIndex: setUnconditionally 0 -> -1
2019-08-29 11:54:39,614 [pool-127-thread-1] INFO  server.RaftServerConfigKeys (ConfUtils.java:logGet(43)) - raft.server.snapshot.auto.trigger.enabled = true (custom)
2019-08-29 11:54:39,614 [pool-127-thread-1] INFO  server.RaftServerConfigKeys (ConfUtils.java:logGet(43)) - raft.server.snapshot.auto.trigger.threshold = 10000 (custom)
2019-08-29 11:54:39,614 [pool-127-thread-1] INFO  server.RaftServerConfigKeys (ConfUtils.java:logGet(43)) - raft.server.retrycache.expirytime = 600000ms (custom)
2019-08-29 11:54:39,614 [pool-127-thread-1] INFO  impl.RaftServerImpl (RaftServerImpl.java:start(180)) - eec05b1d-f4e8-4418-a60c-420e12deef9f: start group-A160427A8A7F
2019-08-29 11:54:39,615 [pool-127-thread-1] INFO  impl.RaftServerImpl (RaftServerImpl.java:setRole(171)) - eec05b1d-f4e8-4418-a60c-420e12deef9f:group-A160427A8A7F changes role from null to FOLLOWER at term 0 for startAsFollower
2019-08-29 11:54:39,615 [pool-127-thread-1] INFO  impl.RoleInfo (RoleInfo.java:updateAndGet(143)) - eec05b1d-f4e8-4418-a60c-420e12deef9f: start FollowerState
2019-08-29 11:54:39,615 [pool-127-thread-1] INFO  util.JmxRegister (JmxRegister.java:tryRegister(44)) - Successfully registered JMX Bean with object name Ratis:service=RaftServer,group=group-A160427A8A7F,id=eec05b1d-f4e8-4418-a60c-420e12deef9f
2019-08-29 11:54:39,624 | INFO  | SCMAudit | user=jenkins1000 | ip=192.168.5.166 | op=SEND_HEARTBEAT {datanodeUUID=42efee89-99fa-4c75-b2bf-b3a1b636c7a3, command=[]} | ret=SUCCESS |  
2019-08-29 11:54:39,628 [RatisPipelineUtilsThread] INFO  pipeline.PipelineStateManager (PipelineStateManager.java:addPipeline(56)) - Created pipeline Pipeline[ Id: 3e734320-d6b4-447e-b544-a160427a8a7f, Nodes: 03953c42-7b85-4ce6-8578-61fc97f729cc{ip: 192.168.5.166, host: pr-hdds-2030-qplxq-3692370286, networkLocation: /default-rack, certSerialId: null}7c3dea4a-666f-498f-b3ec-37d2b2f2aea0{ip: 192.168.5.166, host: pr-hdds-2030-qplxq-3692370286, networkLocation: /default-rack, certSerialId: null}eec05b1d-f4e8-4418-a60c-420e12deef9f{ip: 192.168.5.166, host: pr-hdds-2030-qplxq-3692370286, networkLocation: /default-rack, certSerialId: null}, Type:RATIS, Factor:THREE, State:OPEN]
2019-08-29 11:54:39,653 | INFO  | SCMAudit | user=jenkins1000 | ip=192.168.5.166 | op=ALLOCATE_BLOCK {owner=9c39367d-6793-4941-8eb6-688d87471bfe, size=4194304, type=RATIS, factor=THREE} | ret=SUCCESS |  
2019-08-29 11:54:39,668 [4a332945-53dc-4c0b-b910-cfaf195ac63d-SegmentedRaftLogWorker:Storage Directory /workdir/hadoop-ozone/integration-test/target/test-dir/MiniOzoneClusterImpl-d5645d28-46c2-4d7d-99f2-1f02fc29b8b0/datanode-5/data/ratis/d8d38c04-0485-4715-af9c-473a9b8954ff] INFO  segmented.SegmentedRaftLogWorker (SegmentedRaftLogWorker.java:execute(569)) - 4a332945-53dc-4c0b-b910-cfaf195ac63d-SegmentedRaftLogWorker:Storage Directory /workdir/hadoop-ozone/integration-test/target/test-dir/MiniOzoneClusterImpl-d5645d28-46c2-4d7d-99f2-1f02fc29b8b0/datanode-5/data/ratis/d8d38c04-0485-4715-af9c-473a9b8954ff: created new log segment /workdir/hadoop-ozone/integration-test/target/test-dir/MiniOzoneClusterImpl-d5645d28-46c2-4d7d-99f2-1f02fc29b8b0/datanode-5/data/ratis/d8d38c04-0485-4715-af9c-473a9b8954ff/current/log_inprogress_0
2019-08-29 11:54:39,682 | INFO  | OMAudit | user=jenkins1000 | ip=127.0.0.1 | op=ALLOCATE_KEY {volume=datanodefailurehandlingtest, bucket=datanodefailurehandlingtest, key=b9bb63e5-2c13-43dd-9929-a50644a51375, dataSize=25165824, replicationType=RATIS, replicationFactor=THREE, keyLocationInfo=null} | ret=SUCCESS |  
2019-08-29 11:54:39,785 [Thread-304] INFO  impl.FollowerState (FollowerState.java:run(106)) - b34bc477-f594-4894-b3be-a6d4c994fd70:group-F137993ABE8D changes to CANDIDATE, lastRpcTime:1156, electionTimeout:1156ms
2019-08-29 11:54:39,791 [Thread-304] INFO  impl.RoleInfo (RoleInfo.java:shutdownFollowerState(121)) - b34bc477-f594-4894-b3be-a6d4c994fd70: shutdown FollowerState
2019-08-29 11:54:39,791 [Thread-304] INFO  impl.RaftServerImpl (RaftServerImpl.java:setRole(171)) - b34bc477-f594-4894-b3be-a6d4c994fd70:group-F137993ABE8D changes role from FOLLOWER to CANDIDATE at term 0 for changeToCandidate
2019-08-29 11:54:39,791 [Thread-304] INFO  impl.RoleInfo (RoleInfo.java:updateAndGet(143)) - b34bc477-f594-4894-b3be-a6d4c994fd70: start LeaderElection
2019-08-29 11:54:39,811 [b34bc477-f594-4894-b3be-a6d4c994fd70:group-F137993ABE8D:LeaderElection6] INFO  impl.LeaderElection (LeaderElection.java:askForVotes(181)) - b34bc477-f594-4894-b3be-a6d4c994fd70:group-F137993ABE8D:LeaderElection6: begin an election at term 1 for -1: [b34bc477-f594-4894-b3be-a6d4c994fd70:192.168.5.166:42417], old=null
2019-08-29 11:54:39,814 [b34bc477-f594-4894-b3be-a6d4c994fd70:group-F137993ABE8D:LeaderElection6] INFO  impl.RoleInfo (RoleInfo.java:shutdownLeaderElection(134)) - b34bc477-f594-4894-b3be-a6d4c994fd70: shutdown LeaderElection
2019-08-29 11:54:39,814 [b34bc477-f594-4894-b3be-a6d4c994fd70:group-F137993ABE8D:LeaderElection6] INFO  impl.RaftServerImpl (RaftServerImpl.java:setRole(171)) - b34bc477-f594-4894-b3be-a6d4c994fd70:group-F137993ABE8D changes role from CANDIDATE to LEADER at term 1 for changeToLeader
2019-08-29 11:54:39,814 [b34bc477-f594-4894-b3be-a6d4c994fd70:group-F137993ABE8D:LeaderElection6] INFO  impl.RaftServerImpl (ServerState.java:setLeader(263)) - b34bc477-f594-4894-b3be-a6d4c994fd70:group-F137993ABE8D change Leader from null to b34bc477-f594-4894-b3be-a6d4c994fd70 at term 1 for becomeLeader, leader elected after 1197ms
2019-08-29 11:54:39,814 [b34bc477-f594-4894-b3be-a6d4c994fd70:group-F137993ABE8D:LeaderElection6] INFO  server.RaftServerConfigKeys (ConfUtils.java:logGet(43)) - raft.server.staging.catchup.gap = 1000 (default)
2019-08-29 11:54:39,814 [b34bc477-f594-4894-b3be-a6d4c994fd70:group-F137993ABE8D:LeaderElection6] INFO  server.RaftServerConfigKeys (ConfUtils.java:logGet(43)) - raft.server.rpc.sleep.time = 25ms (default)
2019-08-29 11:54:39,814 [b34bc477-f594-4894-b3be-a6d4c994fd70:group-F137993ABE8D:LeaderElection6] INFO  server.RaftServerConfigKeys (ConfUtils.java:logGet(43)) - raft.server.write.element-limit = 4096 (default)
2019-08-29 11:54:39,814 [b34bc477-f594-4894-b3be-a6d4c994fd70:group-F137993ABE8D:LeaderElection6] INFO  server.RaftServerConfigKeys (ConfUtils.java:logGet(43)) - raft.server.watch.timeout = 10s (default)
2019-08-29 11:54:39,814 [b34bc477-f594-4894-b3be-a6d4c994fd70:group-F137993ABE8D:LeaderElection6] INFO  server.RaftServerConfigKeys (ConfUtils.java:logGet(43)) - raft.server.watch.timeout.denomination = 1s (default)
2019-08-29 11:54:39,815 [b34bc477-f594-4894-b3be-a6d4c994fd70:group-F137993ABE8D:LeaderElection6] INFO  server.RaftServerConfigKeys (ConfUtils.java:logGet(43)) - raft.server.watch.element-limit = 65536 (default)
2019-08-29 11:54:39,815 [b34bc477-f594-4894-b3be-a6d4c994fd70:group-F137993ABE8D:LeaderElection6] INFO  impl.RoleInfo (RoleInfo.java:updateAndGet(143)) - b34bc477-f594-4894-b3be-a6d4c994fd70: start LeaderState
2019-08-29 11:54:39,815 [b34bc477-f594-4894-b3be-a6d4c994fd70:group-F137993ABE8D:LeaderElection6] INFO  segmented.SegmentedRaftLogWorker (SegmentedRaftLogWorker.java:startLogSegment(380)) - b34bc477-f594-4894-b3be-a6d4c994fd70-SegmentedRaftLogWorker:Storage Directory /workdir/hadoop-ozone/integration-test/target/test-dir/MiniOzoneClusterImpl-d5645d28-46c2-4d7d-99f2-1f02fc29b8b0/datanode-8/data/ratis/be558458-aeb3-4be4-9ed3-f137993abe8d: Starting segment from index:0
2019-08-29 11:54:39,816 [b34bc477-f594-4894-b3be-a6d4c994fd70:group-F137993ABE8D:LeaderElection6] INFO  impl.RaftServerImpl (ServerState.java:setRaftConf(361)) - b34bc477-f594-4894-b3be-a6d4c994fd70:group-F137993ABE8D set configuration 0: [b34bc477-f594-4894-b3be-a6d4c994fd70:192.168.5.166:42417], old=null at 0
2019-08-29 11:54:39,845 | INFO  | SCMAudit | user=jenkins1000 | ip=192.168.5.166 | op=SEND_HEARTBEAT {datanodeUUID=07dabde0-c17e-46ed-9a55-144838a04ea2, command=[]} | ret=SUCCESS |  
2019-08-29 11:54:39,848 [main] INFO  impl.MetricsSystemImpl (MetricsSystemImpl.java:init(158)) - XceiverClientMetrics metrics system started (again)
2019-08-29 11:54:39,857 [b34bc477-f594-4894-b3be-a6d4c994fd70-SegmentedRaftLogWorker:Storage Directory /workdir/hadoop-ozone/integration-test/target/test-dir/MiniOzoneClusterImpl-d5645d28-46c2-4d7d-99f2-1f02fc29b8b0/datanode-8/data/ratis/be558458-aeb3-4be4-9ed3-f137993abe8d] INFO  segmented.SegmentedRaftLogWorker (SegmentedRaftLogWorker.java:execute(569)) - b34bc477-f594-4894-b3be-a6d4c994fd70-SegmentedRaftLogWorker:Storage Directory /workdir/hadoop-ozone/integration-test/target/test-dir/MiniOzoneClusterImpl-d5645d28-46c2-4d7d-99f2-1f02fc29b8b0/datanode-8/data/ratis/be558458-aeb3-4be4-9ed3-f137993abe8d: created new log segment /workdir/hadoop-ozone/integration-test/target/test-dir/MiniOzoneClusterImpl-d5645d28-46c2-4d7d-99f2-1f02fc29b8b0/datanode-8/data/ratis/be558458-aeb3-4be4-9ed3-f137993abe8d/current/log_inprogress_0
2019-08-29 11:54:39,873 [Thread-308] INFO  impl.FollowerState (FollowerState.java:run(106)) - 03953c42-7b85-4ce6-8578-61fc97f729cc:group-3F07011EC626 changes to CANDIDATE, lastRpcTime:1090, electionTimeout:1090ms
2019-08-29 11:54:39,873 [Thread-308] INFO  impl.RoleInfo (RoleInfo.java:shutdownFollowerState(121)) - 03953c42-7b85-4ce6-8578-61fc97f729cc: shutdown FollowerState
2019-08-29 11:54:39,874 [Thread-308] INFO  impl.RaftServerImpl (RaftServerImpl.java:setRole(171)) - 03953c42-7b85-4ce6-8578-61fc97f729cc:group-3F07011EC626 changes role from FOLLOWER to CANDIDATE at term 0 for changeToCandidate
2019-08-29 11:54:39,874 [Thread-308] INFO  impl.RoleInfo (RoleInfo.java:updateAndGet(143)) - 03953c42-7b85-4ce6-8578-61fc97f729cc: start LeaderElection
2019-08-29 11:54:39,891 [03953c42-7b85-4ce6-8578-61fc97f729cc:group-3F07011EC626:LeaderElection7] INFO  impl.LeaderElection (LeaderElection.java:askForVotes(181)) - 03953c42-7b85-4ce6-8578-61fc97f729cc:group-3F07011EC626:LeaderElection7: begin an election at term 1 for -1: [03953c42-7b85-4ce6-8578-61fc97f729cc:192.168.5.166:36331], old=null
2019-08-29 11:54:39,893 [03953c42-7b85-4ce6-8578-61fc97f729cc:group-3F07011EC626:LeaderElection7] INFO  impl.RoleInfo (RoleInfo.java:shutdownLeaderElection(134)) - 03953c42-7b85-4ce6-8578-61fc97f729cc: shutdown LeaderElection
2019-08-29 11:54:39,893 [03953c42-7b85-4ce6-8578-61fc97f729cc:group-3F07011EC626:LeaderElection7] INFO  impl.RaftServerImpl (RaftServerImpl.java:setRole(171)) - 03953c42-7b85-4ce6-8578-61fc97f729cc:group-3F07011EC626 changes role from CANDIDATE to LEADER at term 1 for changeToLeader
2019-08-29 11:54:39,894 [03953c42-7b85-4ce6-8578-61fc97f729cc:group-3F07011EC626:LeaderElection7] INFO  impl.RaftServerImpl (ServerState.java:setLeader(263)) - 03953c42-7b85-4ce6-8578-61fc97f729cc:group-3F07011EC626 change Leader from null to 03953c42-7b85-4ce6-8578-61fc97f729cc at term 1 for becomeLeader, leader elected after 1114ms
2019-08-29 11:54:39,894 [03953c42-7b85-4ce6-8578-61fc97f729cc:group-3F07011EC626:LeaderElection7] INFO  server.RaftServerConfigKeys (ConfUtils.java:logGet(43)) - raft.server.staging.catchup.gap = 1000 (default)
2019-08-29 11:54:39,894 [03953c42-7b85-4ce6-8578-61fc97f729cc:group-3F07011EC626:LeaderElection7] INFO  server.RaftServerConfigKeys (ConfUtils.java:logGet(43)) - raft.server.rpc.sleep.time = 25ms (default)
2019-08-29 11:54:39,894 [03953c42-7b85-4ce6-8578-61fc97f729cc:group-3F07011EC626:LeaderElection7] INFO  server.RaftServerConfigKeys (ConfUtils.java:logGet(43)) - raft.server.write.element-limit = 4096 (default)
2019-08-29 11:54:39,895 [03953c42-7b85-4ce6-8578-61fc97f729cc:group-3F07011EC626:LeaderElection7] INFO  server.RaftServerConfigKeys (ConfUtils.java:logGet(43)) - raft.server.watch.timeout = 10s (default)
2019-08-29 11:54:39,895 [03953c42-7b85-4ce6-8578-61fc97f729cc:group-3F07011EC626:LeaderElection7] INFO  server.RaftServerConfigKeys (ConfUtils.java:logGet(43)) - raft.server.watch.timeout.denomination = 1s (default)
2019-08-29 11:54:39,895 [03953c42-7b85-4ce6-8578-61fc97f729cc:group-3F07011EC626:LeaderElection7] INFO  server.RaftServerConfigKeys (ConfUtils.java:logGet(43)) - raft.server.watch.element-limit = 65536 (default)
2019-08-29 11:54:39,895 [03953c42-7b85-4ce6-8578-61fc97f729cc:group-3F07011EC626:LeaderElection7] INFO  impl.RoleInfo (RoleInfo.java:updateAndGet(143)) - 03953c42-7b85-4ce6-8578-61fc97f729cc: start LeaderState
2019-08-29 11:54:39,896 [03953c42-7b85-4ce6-8578-61fc97f729cc:group-3F07011EC626:LeaderElection7] INFO  segmented.SegmentedRaftLogWorker (SegmentedRaftLogWorker.java:startLogSegment(380)) - 03953c42-7b85-4ce6-8578-61fc97f729cc-SegmentedRaftLogWorker:Storage Directory /workdir/hadoop-ozone/integration-test/target/test-dir/MiniOzoneClusterImpl-d5645d28-46c2-4d7d-99f2-1f02fc29b8b0/datanode-2/data/ratis/7c2b03b4-ce2f-42ec-93d7-3f07011ec626: Starting segment from index:0
2019-08-29 11:54:39,896 [03953c42-7b85-4ce6-8578-61fc97f729cc:group-3F07011EC626:LeaderElection7] INFO  impl.RaftServerImpl (ServerState.java:setRaftConf(361)) - 03953c42-7b85-4ce6-8578-61fc97f729cc:group-3F07011EC626 set configuration 0: [03953c42-7b85-4ce6-8578-61fc97f729cc:192.168.5.166:36331], old=null at 0
2019-08-29 11:54:39,944 [03953c42-7b85-4ce6-8578-61fc97f729cc-SegmentedRaftLogWorker:Storage Directory /workdir/hadoop-ozone/integration-test/target/test-dir/MiniOzoneClusterImpl-d5645d28-46c2-4d7d-99f2-1f02fc29b8b0/datanode-2/data/ratis/7c2b03b4-ce2f-42ec-93d7-3f07011ec626] INFO  segmented.SegmentedRaftLogWorker (SegmentedRaftLogWorker.java:execute(569)) - 03953c42-7b85-4ce6-8578-61fc97f729cc-SegmentedRaftLogWorker:Storage Directory /workdir/hadoop-ozone/integration-test/target/test-dir/MiniOzoneClusterImpl-d5645d28-46c2-4d7d-99f2-1f02fc29b8b0/datanode-2/data/ratis/7c2b03b4-ce2f-42ec-93d7-3f07011ec626: created new log segment /workdir/hadoop-ozone/integration-test/target/test-dir/MiniOzoneClusterImpl-d5645d28-46c2-4d7d-99f2-1f02fc29b8b0/datanode-2/data/ratis/7c2b03b4-ce2f-42ec-93d7-3f07011ec626/current/log_inprogress_0
2019-08-29 11:54:39,967 | INFO  | SCMAudit | user=jenkins1000 | ip=192.168.5.166 | op=SEND_HEARTBEAT {datanodeUUID=4a332945-53dc-4c0b-b910-cfaf195ac63d, command=[]} | ret=SUCCESS |  
2019-08-29 11:54:40,044 [grpc-default-executor-0] INFO  client.GrpcClientProtocolClient (GrpcClientProtocolClient.java:onNext(255)) - client-E41BB10A869E->07dabde0-c17e-46ed-9a55-144838a04ea2: receive RaftClientReply:client-E41BB10A869E->07dabde0-c17e-46ed-9a55-144838a04ea2@group-39336B115318, cid=19, FAILED org.apache.ratis.protocol.NotLeaderException: Server 07dabde0-c17e-46ed-9a55-144838a04ea2 is not the leader (null). Request must be sent to leader., logIndex=0, commits[07dabde0-c17e-46ed-9a55-144838a04ea2:c-1]
2019-08-29 11:54:40,107 [Thread-312] INFO  impl.FollowerState (FollowerState.java:run(106)) - 7c3dea4a-666f-498f-b3ec-37d2b2f2aea0:group-41C7F3C31D0B changes to CANDIDATE, lastRpcTime:1193, electionTimeout:1193ms
2019-08-29 11:54:40,110 [Thread-312] INFO  impl.RoleInfo (RoleInfo.java:shutdownFollowerState(121)) - 7c3dea4a-666f-498f-b3ec-37d2b2f2aea0: shutdown FollowerState
2019-08-29 11:54:40,110 [Thread-312] INFO  impl.RaftServerImpl (RaftServerImpl.java:setRole(171)) - 7c3dea4a-666f-498f-b3ec-37d2b2f2aea0:group-41C7F3C31D0B changes role from FOLLOWER to CANDIDATE at term 0 for changeToCandidate
2019-08-29 11:54:40,110 [Thread-312] INFO  impl.RoleInfo (RoleInfo.java:updateAndGet(143)) - 7c3dea4a-666f-498f-b3ec-37d2b2f2aea0: start LeaderElection
2019-08-29 11:54:40,130 [7c3dea4a-666f-498f-b3ec-37d2b2f2aea0:group-41C7F3C31D0B:LeaderElection8] INFO  impl.LeaderElection (LeaderElection.java:askForVotes(181)) - 7c3dea4a-666f-498f-b3ec-37d2b2f2aea0:group-41C7F3C31D0B:LeaderElection8: begin an election at term 1 for -1: [7c3dea4a-666f-498f-b3ec-37d2b2f2aea0:192.168.5.166:44417], old=null
2019-08-29 11:54:40,132 [7c3dea4a-666f-498f-b3ec-37d2b2f2aea0:group-41C7F3C31D0B:LeaderElection8] INFO  impl.RoleInfo (RoleInfo.java:shutdownLeaderElection(134)) - 7c3dea4a-666f-498f-b3ec-37d2b2f2aea0: shutdown LeaderElection
2019-08-29 11:54:40,133 [7c3dea4a-666f-498f-b3ec-37d2b2f2aea0:group-41C7F3C31D0B:LeaderElection8] INFO  impl.RaftServerImpl (RaftServerImpl.java:setRole(171)) - 7c3dea4a-666f-498f-b3ec-37d2b2f2aea0:group-41C7F3C31D0B changes role from CANDIDATE to LEADER at term 1 for changeToLeader
2019-08-29 11:54:40,133 [7c3dea4a-666f-498f-b3ec-37d2b2f2aea0:group-41C7F3C31D0B:LeaderElection8] INFO  impl.RaftServerImpl (ServerState.java:setLeader(263)) - 7c3dea4a-666f-498f-b3ec-37d2b2f2aea0:group-41C7F3C31D0B change Leader from null to 7c3dea4a-666f-498f-b3ec-37d2b2f2aea0 at term 1 for becomeLeader, leader elected after 1223ms
2019-08-29 11:54:40,133 [7c3dea4a-666f-498f-b3ec-37d2b2f2aea0:group-41C7F3C31D0B:LeaderElection8] INFO  server.RaftServerConfigKeys (ConfUtils.java:logGet(43)) - raft.server.staging.catchup.gap = 1000 (default)
2019-08-29 11:54:40,133 [7c3dea4a-666f-498f-b3ec-37d2b2f2aea0:group-41C7F3C31D0B:LeaderElection8] INFO  server.RaftServerConfigKeys (ConfUtils.java:logGet(43)) - raft.server.rpc.sleep.time = 25ms (default)
2019-08-29 11:54:40,133 [7c3dea4a-666f-498f-b3ec-37d2b2f2aea0:group-41C7F3C31D0B:LeaderElection8] INFO  server.RaftServerConfigKeys (ConfUtils.java:logGet(43)) - raft.server.write.element-limit = 4096 (default)
2019-08-29 11:54:40,134 [7c3dea4a-666f-498f-b3ec-37d2b2f2aea0:group-41C7F3C31D0B:LeaderElection8] INFO  server.RaftServerConfigKeys (ConfUtils.java:logGet(43)) - raft.server.watch.timeout = 10s (default)
2019-08-29 11:54:40,134 [7c3dea4a-666f-498f-b3ec-37d2b2f2aea0:group-41C7F3C31D0B:LeaderElection8] INFO  server.RaftServerConfigKeys (ConfUtils.java:logGet(43)) - raft.server.watch.timeout.denomination = 1s (default)
2019-08-29 11:54:40,134 [7c3dea4a-666f-498f-b3ec-37d2b2f2aea0:group-41C7F3C31D0B:LeaderElection8] INFO  server.RaftServerConfigKeys (ConfUtils.java:logGet(43)) - raft.server.watch.element-limit = 65536 (default)
2019-08-29 11:54:40,134 [7c3dea4a-666f-498f-b3ec-37d2b2f2aea0:group-41C7F3C31D0B:LeaderElection8] INFO  impl.RoleInfo (RoleInfo.java:updateAndGet(143)) - 7c3dea4a-666f-498f-b3ec-37d2b2f2aea0: start LeaderState
2019-08-29 11:54:40,135 [7c3dea4a-666f-498f-b3ec-37d2b2f2aea0:group-41C7F3C31D0B:LeaderElection8] INFO  segmented.SegmentedRaftLogWorker (SegmentedRaftLogWorker.java:startLogSegment(380)) - 7c3dea4a-666f-498f-b3ec-37d2b2f2aea0-SegmentedRaftLogWorker:Storage Directory /workdir/hadoop-ozone/integration-test/target/test-dir/MiniOzoneClusterImpl-d5645d28-46c2-4d7d-99f2-1f02fc29b8b0/datanode-6/data/ratis/74ba8ad3-20e0-41b7-a9bc-41c7f3c31d0b: Starting segment from index:0
2019-08-29 11:54:40,135 [7c3dea4a-666f-498f-b3ec-37d2b2f2aea0:group-41C7F3C31D0B:LeaderElection8] INFO  impl.RaftServerImpl (ServerState.java:setRaftConf(361)) - 7c3dea4a-666f-498f-b3ec-37d2b2f2aea0:group-41C7F3C31D0B set configuration 0: [7c3dea4a-666f-498f-b3ec-37d2b2f2aea0:192.168.5.166:44417], old=null at 0
2019-08-29 11:54:40,185 [7c3dea4a-666f-498f-b3ec-37d2b2f2aea0-SegmentedRaftLogWorker:Storage Directory /workdir/hadoop-ozone/integration-test/target/test-dir/MiniOzoneClusterImpl-d5645d28-46c2-4d7d-99f2-1f02fc29b8b0/datanode-6/data/ratis/74ba8ad3-20e0-41b7-a9bc-41c7f3c31d0b] INFO  segmented.SegmentedRaftLogWorker (SegmentedRaftLogWorker.java:execute(569)) - 7c3dea4a-666f-498f-b3ec-37d2b2f2aea0-SegmentedRaftLogWorker:Storage Directory /workdir/hadoop-ozone/integration-test/target/test-dir/MiniOzoneClusterImpl-d5645d28-46c2-4d7d-99f2-1f02fc29b8b0/datanode-6/data/ratis/74ba8ad3-20e0-41b7-a9bc-41c7f3c31d0b: created new log segment /workdir/hadoop-ozone/integration-test/target/test-dir/MiniOzoneClusterImpl-d5645d28-46c2-4d7d-99f2-1f02fc29b8b0/datanode-6/data/ratis/74ba8ad3-20e0-41b7-a9bc-41c7f3c31d0b/current/log_inprogress_0
2019-08-29 11:54:40,217 [Thread-318] INFO  impl.FollowerState (FollowerState.java:run(106)) - eec05b1d-f4e8-4418-a60c-420e12deef9f:group-B5B936F5A539 changes to CANDIDATE, lastRpcTime:1182, electionTimeout:1182ms
2019-08-29 11:54:40,217 [Thread-318] INFO  impl.RoleInfo (RoleInfo.java:shutdownFollowerState(121)) - eec05b1d-f4e8-4418-a60c-420e12deef9f: shutdown FollowerState
2019-08-29 11:54:40,217 [Thread-318] INFO  impl.RaftServerImpl (RaftServerImpl.java:setRole(171)) - eec05b1d-f4e8-4418-a60c-420e12deef9f:group-B5B936F5A539 changes role from FOLLOWER to CANDIDATE at term 0 for changeToCandidate
2019-08-29 11:54:40,217 [Thread-318] INFO  impl.RoleInfo (RoleInfo.java:updateAndGet(143)) - eec05b1d-f4e8-4418-a60c-420e12deef9f: start LeaderElection
2019-08-29 11:54:40,239 [eec05b1d-f4e8-4418-a60c-420e12deef9f:group-B5B936F5A539:LeaderElection9] INFO  impl.LeaderElection (LeaderElection.java:askForVotes(181)) - eec05b1d-f4e8-4418-a60c-420e12deef9f:group-B5B936F5A539:LeaderElection9: begin an election at term 1 for -1: [eec05b1d-f4e8-4418-a60c-420e12deef9f:192.168.5.166:42328], old=null
2019-08-29 11:54:40,242 [eec05b1d-f4e8-4418-a60c-420e12deef9f:group-B5B936F5A539:LeaderElection9] INFO  impl.RoleInfo (RoleInfo.java:shutdownLeaderElection(134)) - eec05b1d-f4e8-4418-a60c-420e12deef9f: shutdown LeaderElection
2019-08-29 11:54:40,242 [eec05b1d-f4e8-4418-a60c-420e12deef9f:group-B5B936F5A539:LeaderElection9] INFO  impl.RaftServerImpl (RaftServerImpl.java:setRole(171)) - eec05b1d-f4e8-4418-a60c-420e12deef9f:group-B5B936F5A539 changes role from CANDIDATE to LEADER at term 1 for changeToLeader
2019-08-29 11:54:40,242 [eec05b1d-f4e8-4418-a60c-420e12deef9f:group-B5B936F5A539:LeaderElection9] INFO  impl.RaftServerImpl (ServerState.java:setLeader(263)) - eec05b1d-f4e8-4418-a60c-420e12deef9f:group-B5B936F5A539 change Leader from null to eec05b1d-f4e8-4418-a60c-420e12deef9f at term 1 for becomeLeader, leader elected after 1211ms
2019-08-29 11:54:40,242 [eec05b1d-f4e8-4418-a60c-420e12deef9f:group-B5B936F5A539:LeaderElection9] INFO  server.RaftServerConfigKeys (ConfUtils.java:logGet(43)) - raft.server.staging.catchup.gap = 1000 (default)
2019-08-29 11:54:40,242 [eec05b1d-f4e8-4418-a60c-420e12deef9f:group-B5B936F5A539:LeaderElection9] INFO  server.RaftServerConfigKeys (ConfUtils.java:logGet(43)) - raft.server.rpc.sleep.time = 25ms (default)
2019-08-29 11:54:40,242 [eec05b1d-f4e8-4418-a60c-420e12deef9f:group-B5B936F5A539:LeaderElection9] INFO  server.RaftServerConfigKeys (ConfUtils.java:logGet(43)) - raft.server.write.element-limit = 4096 (default)
2019-08-29 11:54:40,243 [eec05b1d-f4e8-4418-a60c-420e12deef9f:group-B5B936F5A539:LeaderElection9] INFO  server.RaftServerConfigKeys (ConfUtils.java:logGet(43)) - raft.server.watch.timeout = 10s (default)
2019-08-29 11:54:40,243 [eec05b1d-f4e8-4418-a60c-420e12deef9f:group-B5B936F5A539:LeaderElection9] INFO  server.RaftServerConfigKeys (ConfUtils.java:logGet(43)) - raft.server.watch.timeout.denomination = 1s (default)
2019-08-29 11:54:40,243 [eec05b1d-f4e8-4418-a60c-420e12deef9f:group-B5B936F5A539:LeaderElection9] INFO  server.RaftServerConfigKeys (ConfUtils.java:logGet(43)) - raft.server.watch.element-limit = 65536 (default)
2019-08-29 11:54:40,243 [eec05b1d-f4e8-4418-a60c-420e12deef9f:group-B5B936F5A539:LeaderElection9] INFO  impl.RoleInfo (RoleInfo.java:updateAndGet(143)) - eec05b1d-f4e8-4418-a60c-420e12deef9f: start LeaderState
2019-08-29 11:54:40,243 [eec05b1d-f4e8-4418-a60c-420e12deef9f:group-B5B936F5A539:LeaderElection9] INFO  segmented.SegmentedRaftLogWorker (SegmentedRaftLogWorker.java:startLogSegment(380)) - eec05b1d-f4e8-4418-a60c-420e12deef9f-SegmentedRaftLogWorker:Storage Directory /workdir/hadoop-ozone/integration-test/target/test-dir/MiniOzoneClusterImpl-d5645d28-46c2-4d7d-99f2-1f02fc29b8b0/datanode-9/data/ratis/7cc759fb-19bc-4b5c-a522-b5b936f5a539: Starting segment from index:0
2019-08-29 11:54:40,244 [eec05b1d-f4e8-4418-a60c-420e12deef9f:group-B5B936F5A539:LeaderElection9] INFO  impl.RaftServerImpl (ServerState.java:setRaftConf(361)) - eec05b1d-f4e8-4418-a60c-420e12deef9f:group-B5B936F5A539 set configuration 0: [eec05b1d-f4e8-4418-a60c-420e12deef9f:192.168.5.166:42328], old=null at 0
2019-08-29 11:54:40,284 [Thread-322] INFO  impl.FollowerState (FollowerState.java:run(106)) - e5b95ce0-1250-4c31-97f6-119a472050cb:group-133D27FD72AD changes to CANDIDATE, lastRpcTime:1143, electionTimeout:1133ms
2019-08-29 11:54:40,284 [Thread-322] INFO  impl.RoleInfo (RoleInfo.java:shutdownFollowerState(121)) - e5b95ce0-1250-4c31-97f6-119a472050cb: shutdown FollowerState
2019-08-29 11:54:40,284 [Thread-322] INFO  impl.RaftServerImpl (RaftServerImpl.java:setRole(171)) - e5b95ce0-1250-4c31-97f6-119a472050cb:group-133D27FD72AD changes role from FOLLOWER to CANDIDATE at term 0 for changeToCandidate
2019-08-29 11:54:40,284 [Thread-322] INFO  impl.RoleInfo (RoleInfo.java:updateAndGet(143)) - e5b95ce0-1250-4c31-97f6-119a472050cb: start LeaderElection
2019-08-29 11:54:40,297 [eec05b1d-f4e8-4418-a60c-420e12deef9f-SegmentedRaftLogWorker:Storage Directory /workdir/hadoop-ozone/integration-test/target/test-dir/MiniOzoneClusterImpl-d5645d28-46c2-4d7d-99f2-1f02fc29b8b0/datanode-9/data/ratis/7cc759fb-19bc-4b5c-a522-b5b936f5a539] INFO  segmented.SegmentedRaftLogWorker (SegmentedRaftLogWorker.java:execute(569)) - eec05b1d-f4e8-4418-a60c-420e12deef9f-SegmentedRaftLogWorker:Storage Directory /workdir/hadoop-ozone/integration-test/target/test-dir/MiniOzoneClusterImpl-d5645d28-46c2-4d7d-99f2-1f02fc29b8b0/datanode-9/data/ratis/7cc759fb-19bc-4b5c-a522-b5b936f5a539: created new log segment /workdir/hadoop-ozone/integration-test/target/test-dir/MiniOzoneClusterImpl-d5645d28-46c2-4d7d-99f2-1f02fc29b8b0/datanode-9/data/ratis/7cc759fb-19bc-4b5c-a522-b5b936f5a539/current/log_inprogress_0
2019-08-29 11:54:40,297 [e5b95ce0-1250-4c31-97f6-119a472050cb:group-133D27FD72AD:LeaderElection10] INFO  impl.LeaderElection (LeaderElection.java:askForVotes(181)) - e5b95ce0-1250-4c31-97f6-119a472050cb:group-133D27FD72AD:LeaderElection10: begin an election at term 1 for -1: [e5b95ce0-1250-4c31-97f6-119a472050cb:192.168.5.166:34735], old=null
2019-08-29 11:54:40,297 [e5b95ce0-1250-4c31-97f6-119a472050cb:group-133D27FD72AD:LeaderElection10] INFO  impl.RoleInfo (RoleInfo.java:shutdownLeaderElection(134)) - e5b95ce0-1250-4c31-97f6-119a472050cb: shutdown LeaderElection
2019-08-29 11:54:40,297 [e5b95ce0-1250-4c31-97f6-119a472050cb:group-133D27FD72AD:LeaderElection10] INFO  impl.RaftServerImpl (RaftServerImpl.java:setRole(171)) - e5b95ce0-1250-4c31-97f6-119a472050cb:group-133D27FD72AD changes role from CANDIDATE to LEADER at term 1 for changeToLeader
2019-08-29 11:54:40,298 [e5b95ce0-1250-4c31-97f6-119a472050cb:group-133D27FD72AD:LeaderElection10] INFO  impl.RaftServerImpl (ServerState.java:setLeader(263)) - e5b95ce0-1250-4c31-97f6-119a472050cb:group-133D27FD72AD change Leader from null to e5b95ce0-1250-4c31-97f6-119a472050cb at term 1 for becomeLeader, leader elected after 1161ms
2019-08-29 11:54:40,298 [e5b95ce0-1250-4c31-97f6-119a472050cb:group-133D27FD72AD:LeaderElection10] INFO  server.RaftServerConfigKeys (ConfUtils.java:logGet(43)) - raft.server.staging.catchup.gap = 1000 (default)
2019-08-29 11:54:40,298 [e5b95ce0-1250-4c31-97f6-119a472050cb:group-133D27FD72AD:LeaderElection10] INFO  server.RaftServerConfigKeys (ConfUtils.java:logGet(43)) - raft.server.rpc.sleep.time = 25ms (default)
2019-08-29 11:54:40,298 [e5b95ce0-1250-4c31-97f6-119a472050cb:group-133D27FD72AD:LeaderElection10] INFO  server.RaftServerConfigKeys (ConfUtils.java:logGet(43)) - raft.server.write.element-limit = 4096 (default)
2019-08-29 11:54:40,298 [e5b95ce0-1250-4c31-97f6-119a472050cb:group-133D27FD72AD:LeaderElection10] INFO  server.RaftServerConfigKeys (ConfUtils.java:logGet(43)) - raft.server.watch.timeout = 10s (default)
2019-08-29 11:54:40,298 [e5b95ce0-1250-4c31-97f6-119a472050cb:group-133D27FD72AD:LeaderElection10] INFO  server.RaftServerConfigKeys (ConfUtils.java:logGet(43)) - raft.server.watch.timeout.denomination = 1s (default)
2019-08-29 11:54:40,298 [e5b95ce0-1250-4c31-97f6-119a472050cb:group-133D27FD72AD:LeaderElection10] INFO  server.RaftServerConfigKeys (ConfUtils.java:logGet(43)) - raft.server.watch.element-limit = 65536 (default)
2019-08-29 11:54:40,299 [e5b95ce0-1250-4c31-97f6-119a472050cb:group-133D27FD72AD:LeaderElection10] INFO  impl.RoleInfo (RoleInfo.java:updateAndGet(143)) - e5b95ce0-1250-4c31-97f6-119a472050cb: start LeaderState
2019-08-29 11:54:40,299 [e5b95ce0-1250-4c31-97f6-119a472050cb:group-133D27FD72AD:LeaderElection10] INFO  segmented.SegmentedRaftLogWorker (SegmentedRaftLogWorker.java:startLogSegment(380)) - e5b95ce0-1250-4c31-97f6-119a472050cb-SegmentedRaftLogWorker:Storage Directory /workdir/hadoop-ozone/integration-test/target/test-dir/MiniOzoneClusterImpl-d5645d28-46c2-4d7d-99f2-1f02fc29b8b0/datanode-3/data/ratis/76832eb4-00b3-4f9f-9433-133d27fd72ad: Starting segment from index:0
2019-08-29 11:54:40,299 [e5b95ce0-1250-4c31-97f6-119a472050cb:group-133D27FD72AD:LeaderElection10] INFO  impl.RaftServerImpl (ServerState.java:setRaftConf(361)) - e5b95ce0-1250-4c31-97f6-119a472050cb:group-133D27FD72AD set configuration 0: [e5b95ce0-1250-4c31-97f6-119a472050cb:192.168.5.166:34735], old=null at 0
2019-08-29 11:54:40,350 [e5b95ce0-1250-4c31-97f6-119a472050cb-SegmentedRaftLogWorker:Storage Directory /workdir/hadoop-ozone/integration-test/target/test-dir/MiniOzoneClusterImpl-d5645d28-46c2-4d7d-99f2-1f02fc29b8b0/datanode-3/data/ratis/76832eb4-00b3-4f9f-9433-133d27fd72ad] INFO  segmented.SegmentedRaftLogWorker (SegmentedRaftLogWorker.java:execute(569)) - e5b95ce0-1250-4c31-97f6-119a472050cb-SegmentedRaftLogWorker:Storage Directory /workdir/hadoop-ozone/integration-test/target/test-dir/MiniOzoneClusterImpl-d5645d28-46c2-4d7d-99f2-1f02fc29b8b0/datanode-3/data/ratis/76832eb4-00b3-4f9f-9433-133d27fd72ad: created new log segment /workdir/hadoop-ozone/integration-test/target/test-dir/MiniOzoneClusterImpl-d5645d28-46c2-4d7d-99f2-1f02fc29b8b0/datanode-3/data/ratis/76832eb4-00b3-4f9f-9433-133d27fd72ad/current/log_inprogress_0
2019-08-29 11:54:40,364 | INFO  | SCMAudit | user=jenkins1000 | ip=192.168.5.166 | op=SEND_HEARTBEAT {datanodeUUID=e5b95ce0-1250-4c31-97f6-119a472050cb, command=[]} | ret=SUCCESS |  
2019-08-29 11:54:40,366 [Thread-330] INFO  impl.FollowerState (FollowerState.java:run(106)) - 920b05f1-a92b-459a-a000-361715d4ee3d:group-2DD3C3757259 changes to CANDIDATE, lastRpcTime:1037, electionTimeout:1037ms
2019-08-29 11:54:40,367 [Thread-330] INFO  impl.RoleInfo (RoleInfo.java:shutdownFollowerState(121)) - 920b05f1-a92b-459a-a000-361715d4ee3d: shutdown FollowerState
2019-08-29 11:54:40,367 [Thread-330] INFO  impl.RaftServerImpl (RaftServerImpl.java:setRole(171)) - 920b05f1-a92b-459a-a000-361715d4ee3d:group-2DD3C3757259 changes role from FOLLOWER to CANDIDATE at term 0 for changeToCandidate
2019-08-29 11:54:40,367 [Thread-330] INFO  impl.RoleInfo (RoleInfo.java:updateAndGet(143)) - 920b05f1-a92b-459a-a000-361715d4ee3d: start LeaderElection
2019-08-29 11:54:40,376 | INFO  | SCMAudit | user=jenkins1000 | ip=192.168.5.166 | op=SEND_HEARTBEAT {datanodeUUID=b34bc477-f594-4894-b3be-a6d4c994fd70, command=[]} | ret=SUCCESS |  
2019-08-29 11:54:40,376 | INFO  | SCMAudit | user=jenkins1000 | ip=192.168.5.166 | op=SEND_HEARTBEAT {datanodeUUID=03953c42-7b85-4ce6-8578-61fc97f729cc, command=[]} | ret=SUCCESS |  
2019-08-29 11:54:40,386 [Thread-333] INFO  impl.FollowerState (FollowerState.java:run(106)) - b34bc477-f594-4894-b3be-a6d4c994fd70:group-2DD3C3757259 changes to CANDIDATE, lastRpcTime:1055, electionTimeout:1055ms
2019-08-29 11:54:40,388 [Thread-333] INFO  impl.RoleInfo (RoleInfo.java:shutdownFollowerState(121)) - b34bc477-f594-4894-b3be-a6d4c994fd70: shutdown FollowerState
2019-08-29 11:54:40,388 [Thread-333] INFO  impl.RaftServerImpl (RaftServerImpl.java:setRole(171)) - b34bc477-f594-4894-b3be-a6d4c994fd70:group-2DD3C3757259 changes role from FOLLOWER to CANDIDATE at term 0 for changeToCandidate
2019-08-29 11:54:40,388 [Thread-333] INFO  impl.RoleInfo (RoleInfo.java:updateAndGet(143)) - b34bc477-f594-4894-b3be-a6d4c994fd70: start LeaderElection
2019-08-29 11:54:40,395 [920b05f1-a92b-459a-a000-361715d4ee3d:group-2DD3C3757259:LeaderElection11] INFO  impl.LeaderElection (LeaderElection.java:askForVotes(181)) - 920b05f1-a92b-459a-a000-361715d4ee3d:group-2DD3C3757259:LeaderElection11: begin an election at term 1 for -1: [b34bc477-f594-4894-b3be-a6d4c994fd70:192.168.5.166:42417, 920b05f1-a92b-459a-a000-361715d4ee3d:192.168.5.166:36887, 42efee89-99fa-4c75-b2bf-b3a1b636c7a3:192.168.5.166:34186], old=null
2019-08-29 11:54:40,409 [b34bc477-f594-4894-b3be-a6d4c994fd70:group-2DD3C3757259:LeaderElection12] INFO  impl.LeaderElection (LeaderElection.java:askForVotes(181)) - b34bc477-f594-4894-b3be-a6d4c994fd70:group-2DD3C3757259:LeaderElection12: begin an election at term 1 for -1: [b34bc477-f594-4894-b3be-a6d4c994fd70:192.168.5.166:42417, 920b05f1-a92b-459a-a000-361715d4ee3d:192.168.5.166:36887, 42efee89-99fa-4c75-b2bf-b3a1b636c7a3:192.168.5.166:34186], old=null
2019-08-29 11:54:40,416 [Thread-327] INFO  impl.FollowerState (FollowerState.java:run(106)) - 42efee89-99fa-4c75-b2bf-b3a1b636c7a3:group-2DD3C3757259 changes to CANDIDATE, lastRpcTime:1089, electionTimeout:1087ms
2019-08-29 11:54:40,416 [Thread-327] INFO  impl.RoleInfo (RoleInfo.java:shutdownFollowerState(121)) - 42efee89-99fa-4c75-b2bf-b3a1b636c7a3: shutdown FollowerState
2019-08-29 11:54:40,416 [Thread-327] INFO  impl.RaftServerImpl (RaftServerImpl.java:setRole(171)) - 42efee89-99fa-4c75-b2bf-b3a1b636c7a3:group-2DD3C3757259 changes role from FOLLOWER to CANDIDATE at term 0 for changeToCandidate
2019-08-29 11:54:40,419 [Thread-327] INFO  impl.RoleInfo (RoleInfo.java:updateAndGet(143)) - 42efee89-99fa-4c75-b2bf-b3a1b636c7a3: start LeaderElection
2019-08-29 11:54:40,426 | INFO  | SCMAudit | user=jenkins1000 | ip=192.168.5.166 | op=SEND_HEARTBEAT {datanodeUUID=7c3dea4a-666f-498f-b3ec-37d2b2f2aea0, command=[]} | ret=SUCCESS |  
2019-08-29 11:54:40,449 [42efee89-99fa-4c75-b2bf-b3a1b636c7a3:group-2DD3C3757259:LeaderElection13] INFO  impl.LeaderElection (LeaderElection.java:askForVotes(181)) - 42efee89-99fa-4c75-b2bf-b3a1b636c7a3:group-2DD3C3757259:LeaderElection13: begin an election at term 1 for -1: [b34bc477-f594-4894-b3be-a6d4c994fd70:192.168.5.166:42417, 920b05f1-a92b-459a-a000-361715d4ee3d:192.168.5.166:36887, 42efee89-99fa-4c75-b2bf-b3a1b636c7a3:192.168.5.166:34186], old=null
2019-08-29 11:54:40,459 [920b05f1-a92b-459a-a000-361715d4ee3d:group-2DD3C3757259:LeaderElection11] INFO  impl.LeaderElection (LeaderElection.java:logAndReturn(56)) - 920b05f1-a92b-459a-a000-361715d4ee3d:group-2DD3C3757259:LeaderElection11: Election REJECTED; received 2 response(s) [920b05f1-a92b-459a-a000-361715d4ee3d<-b34bc477-f594-4894-b3be-a6d4c994fd70#0:FAIL-t1, 920b05f1-a92b-459a-a000-361715d4ee3d<-42efee89-99fa-4c75-b2bf-b3a1b636c7a3#0:FAIL-t1] and 0 exception(s); 920b05f1-a92b-459a-a000-361715d4ee3d:t1, leader=null, voted=920b05f1-a92b-459a-a000-361715d4ee3d, raftlog=920b05f1-a92b-459a-a000-361715d4ee3d-SegmentedRaftLog:OPENED:c-1,f-1,i0, conf=-1: [b34bc477-f594-4894-b3be-a6d4c994fd70:192.168.5.166:42417, 920b05f1-a92b-459a-a000-361715d4ee3d:192.168.5.166:36887, 42efee89-99fa-4c75-b2bf-b3a1b636c7a3:192.168.5.166:34186], old=null
2019-08-29 11:54:40,460 [b34bc477-f594-4894-b3be-a6d4c994fd70:group-2DD3C3757259:LeaderElection12] INFO  impl.LeaderElection (LeaderElection.java:logAndReturn(56)) - b34bc477-f594-4894-b3be-a6d4c994fd70:group-2DD3C3757259:LeaderElection12: Election REJECTED; received 2 response(s) [b34bc477-f594-4894-b3be-a6d4c994fd70<-920b05f1-a92b-459a-a000-361715d4ee3d#0:FAIL-t1, b34bc477-f594-4894-b3be-a6d4c994fd70<-42efee89-99fa-4c75-b2bf-b3a1b636c7a3#0:FAIL-t1] and 0 exception(s); b34bc477-f594-4894-b3be-a6d4c994fd70:t1, leader=null, voted=b34bc477-f594-4894-b3be-a6d4c994fd70, raftlog=b34bc477-f594-4894-b3be-a6d4c994fd70-SegmentedRaftLog:OPENED:c-1,f-1,i0, conf=-1: [b34bc477-f594-4894-b3be-a6d4c994fd70:192.168.5.166:42417, 920b05f1-a92b-459a-a000-361715d4ee3d:192.168.5.166:36887, 42efee89-99fa-4c75-b2bf-b3a1b636c7a3:192.168.5.166:34186], old=null
2019-08-29 11:54:40,463 [920b05f1-a92b-459a-a000-361715d4ee3d:group-2DD3C3757259:LeaderElection11] INFO  impl.RaftServerImpl (RaftServerImpl.java:setRole(171)) - 920b05f1-a92b-459a-a000-361715d4ee3d:group-2DD3C3757259 changes role from CANDIDATE to FOLLOWER at term 1 for DISCOVERED_A_NEW_TERM
2019-08-29 11:54:40,465 [920b05f1-a92b-459a-a000-361715d4ee3d:group-2DD3C3757259:LeaderElection11] INFO  impl.RoleInfo (RoleInfo.java:shutdownLeaderElection(134)) - 920b05f1-a92b-459a-a000-361715d4ee3d: shutdown LeaderElection
2019-08-29 11:54:40,463 [b34bc477-f594-4894-b3be-a6d4c994fd70:group-2DD3C3757259:LeaderElection12] INFO  impl.RaftServerImpl (RaftServerImpl.java:setRole(171)) - b34bc477-f594-4894-b3be-a6d4c994fd70:group-2DD3C3757259 changes role from CANDIDATE to FOLLOWER at term 1 for DISCOVERED_A_NEW_TERM
2019-08-29 11:54:40,474 [b34bc477-f594-4894-b3be-a6d4c994fd70:group-2DD3C3757259:LeaderElection12] INFO  impl.RoleInfo (RoleInfo.java:shutdownLeaderElection(134)) - b34bc477-f594-4894-b3be-a6d4c994fd70: shutdown LeaderElection
2019-08-29 11:54:40,474 [920b05f1-a92b-459a-a000-361715d4ee3d:group-2DD3C3757259:LeaderElection11] INFO  impl.RoleInfo (RoleInfo.java:updateAndGet(143)) - 920b05f1-a92b-459a-a000-361715d4ee3d: start FollowerState
2019-08-29 11:54:40,474 [b34bc477-f594-4894-b3be-a6d4c994fd70:group-2DD3C3757259:LeaderElection12] INFO  impl.RoleInfo (RoleInfo.java:updateAndGet(143)) - b34bc477-f594-4894-b3be-a6d4c994fd70: start FollowerState
2019-08-29 11:54:40,478 | INFO  | SCMAudit | user=jenkins1000 | ip=192.168.5.166 | op=SEND_HEARTBEAT {datanodeUUID=eec05b1d-f4e8-4418-a60c-420e12deef9f, command=[]} | ret=SUCCESS |  
2019-08-29 11:54:40,490 [42efee89-99fa-4c75-b2bf-b3a1b636c7a3:group-2DD3C3757259:LeaderElection13] INFO  impl.LeaderElection (LeaderElection.java:logAndReturn(56)) - 42efee89-99fa-4c75-b2bf-b3a1b636c7a3:group-2DD3C3757259:LeaderElection13: Election REJECTED; received 2 response(s) [42efee89-99fa-4c75-b2bf-b3a1b636c7a3<-920b05f1-a92b-459a-a000-361715d4ee3d#0:FAIL-t1, 42efee89-99fa-4c75-b2bf-b3a1b636c7a3<-b34bc477-f594-4894-b3be-a6d4c994fd70#0:FAIL-t1] and 0 exception(s); 42efee89-99fa-4c75-b2bf-b3a1b636c7a3:t1, leader=null, voted=42efee89-99fa-4c75-b2bf-b3a1b636c7a3, raftlog=42efee89-99fa-4c75-b2bf-b3a1b636c7a3-SegmentedRaftLog:OPENED:c-1,f-1,i0, conf=-1: [b34bc477-f594-4894-b3be-a6d4c994fd70:192.168.5.166:42417, 920b05f1-a92b-459a-a000-361715d4ee3d:192.168.5.166:36887, 42efee89-99fa-4c75-b2bf-b3a1b636c7a3:192.168.5.166:34186], old=null
2019-08-29 11:54:40,490 [42efee89-99fa-4c75-b2bf-b3a1b636c7a3:group-2DD3C3757259:LeaderElection13] INFO  impl.RaftServerImpl (RaftServerImpl.java:setRole(171)) - 42efee89-99fa-4c75-b2bf-b3a1b636c7a3:group-2DD3C3757259 changes role from CANDIDATE to FOLLOWER at term 1 for DISCOVERED_A_NEW_TERM
2019-08-29 11:54:40,492 [42efee89-99fa-4c75-b2bf-b3a1b636c7a3:group-2DD3C3757259:LeaderElection13] INFO  impl.RoleInfo (RoleInfo.java:shutdownLeaderElection(134)) - 42efee89-99fa-4c75-b2bf-b3a1b636c7a3: shutdown LeaderElection
2019-08-29 11:54:40,493 [42efee89-99fa-4c75-b2bf-b3a1b636c7a3:group-2DD3C3757259:LeaderElection13] INFO  impl.RoleInfo (RoleInfo.java:updateAndGet(143)) - 42efee89-99fa-4c75-b2bf-b3a1b636c7a3: start FollowerState
2019-08-29 11:54:40,528 [Thread-337] INFO  impl.FollowerState (FollowerState.java:run(106)) - 07dabde0-c17e-46ed-9a55-144838a04ea2:group-39336B115318 changes to CANDIDATE, lastRpcTime:1060, electionTimeout:1060ms
2019-08-29 11:54:40,531 [Thread-337] INFO  impl.RoleInfo (RoleInfo.java:shutdownFollowerState(121)) - 07dabde0-c17e-46ed-9a55-144838a04ea2: shutdown FollowerState
2019-08-29 11:54:40,531 [Thread-337] INFO  impl.RaftServerImpl (RaftServerImpl.java:setRole(171)) - 07dabde0-c17e-46ed-9a55-144838a04ea2:group-39336B115318 changes role from FOLLOWER to CANDIDATE at term 0 for changeToCandidate
2019-08-29 11:54:40,531 [Thread-337] INFO  impl.RoleInfo (RoleInfo.java:updateAndGet(143)) - 07dabde0-c17e-46ed-9a55-144838a04ea2: start LeaderElection
2019-08-29 11:54:40,549 [07dabde0-c17e-46ed-9a55-144838a04ea2:group-39336B115318:LeaderElection14] INFO  impl.LeaderElection (LeaderElection.java:askForVotes(181)) - 07dabde0-c17e-46ed-9a55-144838a04ea2:group-39336B115318:LeaderElection14: begin an election at term 1 for -1: [4a332945-53dc-4c0b-b910-cfaf195ac63d:192.168.5.166:44887, 07dabde0-c17e-46ed-9a55-144838a04ea2:192.168.5.166:46770, bd7d2b3e-70a9-4c18-9e48-3057ca72b747:192.168.5.166:45844], old=null
2019-08-29 11:54:40,560 [Thread-338] INFO  impl.FollowerState (FollowerState.java:run(106)) - bd7d2b3e-70a9-4c18-9e48-3057ca72b747:group-39336B115318 changes to CANDIDATE, lastRpcTime:1092, electionTimeout:1091ms
2019-08-29 11:54:40,560 [Thread-338] INFO  impl.RoleInfo (RoleInfo.java:shutdownFollowerState(121)) - bd7d2b3e-70a9-4c18-9e48-3057ca72b747: shutdown FollowerState
2019-08-29 11:54:40,564 [Thread-338] INFO  impl.RaftServerImpl (RaftServerImpl.java:setRole(171)) - bd7d2b3e-70a9-4c18-9e48-3057ca72b747:group-39336B115318 changes role from FOLLOWER to CANDIDATE at term 0 for changeToCandidate
2019-08-29 11:54:40,565 [grpc-default-executor-1] INFO  impl.RaftServerImpl (RaftServerImpl.java:setRole(171)) - 4a332945-53dc-4c0b-b910-cfaf195ac63d:group-39336B115318 changes role from FOLLOWER to FOLLOWER at term 1 for recognizeCandidate:07dabde0-c17e-46ed-9a55-144838a04ea2
2019-08-29 11:54:40,565 [Thread-338] INFO  impl.RoleInfo (RoleInfo.java:updateAndGet(143)) - bd7d2b3e-70a9-4c18-9e48-3057ca72b747: start LeaderElection
2019-08-29 11:54:40,565 [grpc-default-executor-1] INFO  impl.RoleInfo (RoleInfo.java:shutdownFollowerState(121)) - 4a332945-53dc-4c0b-b910-cfaf195ac63d: shutdown FollowerState
2019-08-29 11:54:40,567 [grpc-default-executor-1] INFO  impl.RoleInfo (RoleInfo.java:updateAndGet(143)) - 4a332945-53dc-4c0b-b910-cfaf195ac63d: start FollowerState
2019-08-29 11:54:40,567 [grpc-default-executor-2] INFO  impl.RaftServerImpl (RaftServerImpl.java:setRole(171)) - bd7d2b3e-70a9-4c18-9e48-3057ca72b747:group-39336B115318 changes role from CANDIDATE to FOLLOWER at term 1 for recognizeCandidate:07dabde0-c17e-46ed-9a55-144838a04ea2
2019-08-29 11:54:40,567 [Thread-342] INFO  impl.FollowerState (FollowerState.java:run(114)) - 4a332945-53dc-4c0b-b910-cfaf195ac63d: FollowerState was interrupted: java.lang.InterruptedException: sleep interrupted
2019-08-29 11:54:40,568 [grpc-default-executor-2] INFO  impl.RoleInfo (RoleInfo.java:shutdownLeaderElection(134)) - bd7d2b3e-70a9-4c18-9e48-3057ca72b747: shutdown LeaderElection
2019-08-29 11:54:40,570 [grpc-default-executor-2] INFO  impl.RoleInfo (RoleInfo.java:updateAndGet(143)) - bd7d2b3e-70a9-4c18-9e48-3057ca72b747: start FollowerState
2019-08-29 11:54:40,575 | INFO  | SCMAudit | user=jenkins1000 | ip=192.168.5.166 | op=SEND_HEARTBEAT {datanodeUUID=bd7d2b3e-70a9-4c18-9e48-3057ca72b747, command=[]} | ret=SUCCESS |  
2019-08-29 11:54:40,590 [07dabde0-c17e-46ed-9a55-144838a04ea2:group-39336B115318:LeaderElection14] INFO  impl.LeaderElection (LeaderElection.java:logAndReturn(56)) - 07dabde0-c17e-46ed-9a55-144838a04ea2:group-39336B115318:LeaderElection14: Election PASSED; received 2 response(s) [07dabde0-c17e-46ed-9a55-144838a04ea2<-4a332945-53dc-4c0b-b910-cfaf195ac63d#0:OK-t1, 07dabde0-c17e-46ed-9a55-144838a04ea2<-bd7d2b3e-70a9-4c18-9e48-3057ca72b747#0:FAIL-t1] and 0 exception(s); 07dabde0-c17e-46ed-9a55-144838a04ea2:t1, leader=null, voted=07dabde0-c17e-46ed-9a55-144838a04ea2, raftlog=07dabde0-c17e-46ed-9a55-144838a04ea2-SegmentedRaftLog:OPENED:c-1,f-1,i0, conf=-1: [4a332945-53dc-4c0b-b910-cfaf195ac63d:192.168.5.166:44887, 07dabde0-c17e-46ed-9a55-144838a04ea2:192.168.5.166:46770, bd7d2b3e-70a9-4c18-9e48-3057ca72b747:192.168.5.166:45844], old=null
2019-08-29 11:54:40,590 [07dabde0-c17e-46ed-9a55-144838a04ea2:group-39336B115318:LeaderElection14] INFO  impl.RoleInfo (RoleInfo.java:shutdownLeaderElection(134)) - 07dabde0-c17e-46ed-9a55-144838a04ea2: shutdown LeaderElection
2019-08-29 11:54:40,598 [07dabde0-c17e-46ed-9a55-144838a04ea2:group-39336B115318:LeaderElection14] INFO  impl.RaftServerImpl (RaftServerImpl.java:setRole(171)) - 07dabde0-c17e-46ed-9a55-144838a04ea2:group-39336B115318 changes role from CANDIDATE to LEADER at term 1 for changeToLeader
2019-08-29 11:54:40,598 [bd7d2b3e-70a9-4c18-9e48-3057ca72b747:group-39336B115318:LeaderElection15] INFO  impl.LeaderElection (LeaderElection.java:askForVotes(181)) - bd7d2b3e-70a9-4c18-9e48-3057ca72b747:group-39336B115318:LeaderElection15: begin an election at term 2 for -1: [4a332945-53dc-4c0b-b910-cfaf195ac63d:192.168.5.166:44887, 07dabde0-c17e-46ed-9a55-144838a04ea2:192.168.5.166:46770, bd7d2b3e-70a9-4c18-9e48-3057ca72b747:192.168.5.166:45844], old=null
2019-08-29 11:54:40,600 [07dabde0-c17e-46ed-9a55-144838a04ea2:group-39336B115318:LeaderElection14] INFO  impl.RaftServerImpl (ServerState.java:setLeader(263)) - 07dabde0-c17e-46ed-9a55-144838a04ea2:group-39336B115318 change Leader from null to 07dabde0-c17e-46ed-9a55-144838a04ea2 at term 1 for becomeLeader, leader elected after 1154ms
2019-08-29 11:54:40,600 [07dabde0-c17e-46ed-9a55-144838a04ea2:group-39336B115318:LeaderElection14] INFO  server.RaftServerConfigKeys (ConfUtils.java:logGet(43)) - raft.server.staging.catchup.gap = 1000 (default)
2019-08-29 11:54:40,600 [07dabde0-c17e-46ed-9a55-144838a04ea2:group-39336B115318:LeaderElection14] INFO  server.RaftServerConfigKeys (ConfUtils.java:logGet(43)) - raft.server.rpc.sleep.time = 25ms (default)
2019-08-29 11:54:40,601 [bd7d2b3e-70a9-4c18-9e48-3057ca72b747:group-39336B115318:LeaderElection15] INFO  impl.LeaderElection (LeaderElection.java:logAndReturn(56)) - bd7d2b3e-70a9-4c18-9e48-3057ca72b747:group-39336B115318:LeaderElection15: Election REJECTED; received 0 response(s) [] and 0 exception(s); bd7d2b3e-70a9-4c18-9e48-3057ca72b747:t2, leader=null, voted=bd7d2b3e-70a9-4c18-9e48-3057ca72b747, raftlog=bd7d2b3e-70a9-4c18-9e48-3057ca72b747-SegmentedRaftLog:OPENED:c-1,f-1,i0, conf=-1: [4a332945-53dc-4c0b-b910-cfaf195ac63d:192.168.5.166:44887, 07dabde0-c17e-46ed-9a55-144838a04ea2:192.168.5.166:46770, bd7d2b3e-70a9-4c18-9e48-3057ca72b747:192.168.5.166:45844], old=null
2019-08-29 11:54:40,601 [07dabde0-c17e-46ed-9a55-144838a04ea2:group-39336B115318:LeaderElection14] INFO  server.RaftServerConfigKeys (ConfUtils.java:logGet(43)) - raft.server.write.element-limit = 4096 (default)
2019-08-29 11:54:40,601 [07dabde0-c17e-46ed-9a55-144838a04ea2:group-39336B115318:LeaderElection14] INFO  server.RaftServerConfigKeys (ConfUtils.java:logGet(43)) - raft.server.watch.timeout = 10s (default)
2019-08-29 11:54:40,601 [07dabde0-c17e-46ed-9a55-144838a04ea2:group-39336B115318:LeaderElection14] INFO  server.RaftServerConfigKeys (ConfUtils.java:logGet(43)) - raft.server.watch.timeout.denomination = 1s (default)
2019-08-29 11:54:40,601 [07dabde0-c17e-46ed-9a55-144838a04ea2:group-39336B115318:LeaderElection14] INFO  server.RaftServerConfigKeys (ConfUtils.java:logGet(43)) - raft.server.watch.element-limit = 65536 (default)
2019-08-29 11:54:40,606 [07dabde0-c17e-46ed-9a55-144838a04ea2:group-39336B115318:LeaderElection14] INFO  server.RaftServerConfigKeys (ConfUtils.java:logGet(43)) - raft.server.log.appender.snapshot.chunk.size.max = 16MB (=16777216) (default)
2019-08-29 11:54:40,606 [07dabde0-c17e-46ed-9a55-144838a04ea2:group-39336B115318:LeaderElection14] INFO  server.RaftServerConfigKeys (ConfUtils.java:logGet(43)) - raft.server.log.appender.buffer.byte-limit = 33554432 (custom)
2019-08-29 11:54:40,606 [07dabde0-c17e-46ed-9a55-144838a04ea2:group-39336B115318:LeaderElection14] INFO  server.RaftServerConfigKeys (ConfUtils.java:logGet(43)) - raft.server.log.appender.buffer.element-limit = 1 (custom)
2019-08-29 11:54:40,609 [grpc-default-executor-1] INFO  impl.RaftServerImpl (RaftServerImpl.java:setRole(171)) - 4a332945-53dc-4c0b-b910-cfaf195ac63d:group-39336B115318 changes role from FOLLOWER to FOLLOWER at term 2 for recognizeCandidate:bd7d2b3e-70a9-4c18-9e48-3057ca72b747
2019-08-29 11:54:40,611 [grpc-default-executor-1] INFO  impl.RoleInfo (RoleInfo.java:shutdownFollowerState(121)) - 4a332945-53dc-4c0b-b910-cfaf195ac63d: shutdown FollowerState
2019-08-29 11:54:40,611 [grpc-default-executor-1] INFO  impl.RoleInfo (RoleInfo.java:updateAndGet(143)) - 4a332945-53dc-4c0b-b910-cfaf195ac63d: start FollowerState
2019-08-29 11:54:40,611 [Thread-384] INFO  impl.FollowerState (FollowerState.java:run(114)) - 4a332945-53dc-4c0b-b910-cfaf195ac63d: FollowerState was interrupted: java.lang.InterruptedException: sleep interrupted
2019-08-29 11:54:40,614 [07dabde0-c17e-46ed-9a55-144838a04ea2:group-39336B115318:LeaderElection14] INFO  grpc.GrpcConfigKeys$Server (ConfUtils.java:logGet(43)) - raft.grpc.server.leader.outstanding.appends.max = 128 (default)
2019-08-29 11:54:40,614 [07dabde0-c17e-46ed-9a55-144838a04ea2:group-39336B115318:LeaderElection14] INFO  server.RaftServerConfigKeys (ConfUtils.java:logGet(43)) - raft.server.rpc.request.timeout = 3000ms (default)
2019-08-29 11:54:40,614 | INFO  | SCMAudit | user=jenkins1000 | ip=192.168.5.166 | op=SEND_HEARTBEAT {datanodeUUID=920b05f1-a92b-459a-a000-361715d4ee3d, command=[]} | ret=SUCCESS |  
2019-08-29 11:54:40,614 [07dabde0-c17e-46ed-9a55-144838a04ea2:group-39336B115318:LeaderElection14] INFO  server.RaftServerConfigKeys (ConfUtils.java:logGet(43)) - raft.server.log.appender.install.snapshot.enabled = false (custom)
2019-08-29 11:54:40,614 [07dabde0-c17e-46ed-9a55-144838a04ea2:group-39336B115318:LeaderElection14] INFO  server.RaftServerConfigKeys (ConfUtils.java:logGet(43)) - raft.server.log.appender.snapshot.chunk.size.max = 16MB (=16777216) (default)
2019-08-29 11:54:40,615 [07dabde0-c17e-46ed-9a55-144838a04ea2:group-39336B115318:LeaderElection14] INFO  server.RaftServerConfigKeys (ConfUtils.java:logGet(43)) - raft.server.log.appender.buffer.byte-limit = 33554432 (custom)
2019-08-29 11:54:40,615 [07dabde0-c17e-46ed-9a55-144838a04ea2:group-39336B115318:LeaderElection14] INFO  server.RaftServerConfigKeys (ConfUtils.java:logGet(43)) - raft.server.log.appender.buffer.element-limit = 1 (custom)
2019-08-29 11:54:40,615 [07dabde0-c17e-46ed-9a55-144838a04ea2:group-39336B115318:LeaderElection14] INFO  grpc.GrpcConfigKeys$Server (ConfUtils.java:logGet(43)) - raft.grpc.server.leader.outstanding.appends.max = 128 (default)
2019-08-29 11:54:40,615 [07dabde0-c17e-46ed-9a55-144838a04ea2:group-39336B115318:LeaderElection14] INFO  server.RaftServerConfigKeys (ConfUtils.java:logGet(43)) - raft.server.rpc.request.timeout = 3000ms (default)
2019-08-29 11:54:40,615 [07dabde0-c17e-46ed-9a55-144838a04ea2:group-39336B115318:LeaderElection14] INFO  server.RaftServerConfigKeys (ConfUtils.java:logGet(43)) - raft.server.log.appender.install.snapshot.enabled = false (custom)
2019-08-29 11:54:40,616 [07dabde0-c17e-46ed-9a55-144838a04ea2:group-39336B115318:LeaderElection14] INFO  impl.RoleInfo (RoleInfo.java:updateAndGet(143)) - 07dabde0-c17e-46ed-9a55-144838a04ea2: start LeaderState
2019-08-29 11:54:40,617 [07dabde0-c17e-46ed-9a55-144838a04ea2:group-39336B115318:LeaderElection14] INFO  segmented.SegmentedRaftLogWorker (SegmentedRaftLogWorker.java:startLogSegment(380)) - 07dabde0-c17e-46ed-9a55-144838a04ea2-SegmentedRaftLogWorker:Storage Directory /workdir/hadoop-ozone/integration-test/target/test-dir/MiniOzoneClusterImpl-d5645d28-46c2-4d7d-99f2-1f02fc29b8b0/datanode-1/data/ratis/de5feacf-52c6-40b2-b983-39336b115318: Starting segment from index:0
2019-08-29 11:54:40,617 [07dabde0-c17e-46ed-9a55-144838a04ea2:group-39336B115318:LeaderElection14] INFO  impl.RaftServerImpl (ServerState.java:setRaftConf(361)) - 07dabde0-c17e-46ed-9a55-144838a04ea2:group-39336B115318 set configuration 0: [4a332945-53dc-4c0b-b910-cfaf195ac63d:192.168.5.166:44887, 07dabde0-c17e-46ed-9a55-144838a04ea2:192.168.5.166:46770, bd7d2b3e-70a9-4c18-9e48-3057ca72b747:192.168.5.166:45844], old=null at 0
2019-08-29 11:54:40,618 [grpc-default-executor-2] INFO  impl.RaftServerImpl (ServerState.java:setLeader(263)) - 07dabde0-c17e-46ed-9a55-144838a04ea2:group-39336B115318 change Leader from 07dabde0-c17e-46ed-9a55-144838a04ea2 to null at term 2 for updateCurrentTerm
2019-08-29 11:54:40,618 [grpc-default-executor-2] INFO  impl.RaftServerImpl (RaftServerImpl.java:setRole(171)) - 07dabde0-c17e-46ed-9a55-144838a04ea2:group-39336B115318 changes role from LEADER to FOLLOWER at term 2 for recognizeCandidate:bd7d2b3e-70a9-4c18-9e48-3057ca72b747
2019-08-29 11:54:40,618 [grpc-default-executor-2] INFO  impl.RoleInfo (RoleInfo.java:shutdownLeaderState(104)) - 07dabde0-c17e-46ed-9a55-144838a04ea2: shutdown LeaderState
2019-08-29 11:54:40,661 [grpc-default-executor-2] INFO  impl.PendingRequests (PendingRequests.java:sendNotLeaderResponses(202)) - 07dabde0-c17e-46ed-9a55-144838a04ea2-PendingRequests: sendNotLeaderResponses
2019-08-29 11:54:40,665 | INFO  | SCMAudit | user=jenkins1000 | ip=192.168.5.166 | op=SEND_HEARTBEAT {datanodeUUID=42efee89-99fa-4c75-b2bf-b3a1b636c7a3, command=[]} | ret=SUCCESS |  
2019-08-29 11:54:40,671 [Thread-350] INFO  impl.FollowerState (FollowerState.java:run(106)) - 7c3dea4a-666f-498f-b3ec-37d2b2f2aea0:group-A160427A8A7F changes to CANDIDATE, lastRpcTime:1052, electionTimeout:1052ms
2019-08-29 11:54:40,671 [Thread-350] INFO  impl.RoleInfo (RoleInfo.java:shutdownFollowerState(121)) - 7c3dea4a-666f-498f-b3ec-37d2b2f2aea0: shutdown FollowerState
2019-08-29 11:54:40,671 [Thread-350] INFO  impl.RaftServerImpl (RaftServerImpl.java:setRole(171)) - 7c3dea4a-666f-498f-b3ec-37d2b2f2aea0:group-A160427A8A7F changes role from FOLLOWER to CANDIDATE at term 0 for changeToCandidate
2019-08-29 11:54:40,671 [Thread-350] INFO  impl.RoleInfo (RoleInfo.java:updateAndGet(143)) - 7c3dea4a-666f-498f-b3ec-37d2b2f2aea0: start LeaderElection
2019-08-29 11:54:40,672 [grpc-default-executor-2] INFO  impl.RoleInfo (RoleInfo.java:updateAndGet(143)) - 07dabde0-c17e-46ed-9a55-144838a04ea2: start FollowerState
2019-08-29 11:54:40,673 [org.apache.ratis.server.impl.LogAppender$AppenderDaemon$$Lambda$510/1889478639@68c7979e] WARN  server.GrpcLogAppender (GrpcLogAppender.java:mayWait(143)) - GrpcLogAppender(07dabde0-c17e-46ed-9a55-144838a04ea2->4a332945-53dc-4c0b-b910-cfaf195ac63d): Wait interrupted by java.lang.InterruptedException
2019-08-29 11:54:40,673 [org.apache.ratis.server.impl.LogAppender$AppenderDaemon$$Lambda$510/1889478639@6e05d591] WARN  server.GrpcLogAppender (GrpcLogAppender.java:mayWait(143)) - GrpcLogAppender(07dabde0-c17e-46ed-9a55-144838a04ea2->bd7d2b3e-70a9-4c18-9e48-3057ca72b747): Wait interrupted by java.lang.InterruptedException
2019-08-29 11:54:40,681 [07dabde0-c17e-46ed-9a55-144838a04ea2-SegmentedRaftLogWorker:Storage Directory /workdir/hadoop-ozone/integration-test/target/test-dir/MiniOzoneClusterImpl-d5645d28-46c2-4d7d-99f2-1f02fc29b8b0/datanode-1/data/ratis/de5feacf-52c6-40b2-b983-39336b115318] INFO  segmented.SegmentedRaftLogWorker (SegmentedRaftLogWorker.java:execute(569)) - 07dabde0-c17e-46ed-9a55-144838a04ea2-SegmentedRaftLogWorker:Storage Directory /workdir/hadoop-ozone/integration-test/target/test-dir/MiniOzoneClusterImpl-d5645d28-46c2-4d7d-99f2-1f02fc29b8b0/datanode-1/data/ratis/de5feacf-52c6-40b2-b983-39336b115318: created new log segment /workdir/hadoop-ozone/integration-test/target/test-dir/MiniOzoneClusterImpl-d5645d28-46c2-4d7d-99f2-1f02fc29b8b0/datanode-1/data/ratis/de5feacf-52c6-40b2-b983-39336b115318/current/log_inprogress_0
2019-08-29 11:54:40,685 [grpc-default-executor-1] INFO  server.GrpcServerProtocolService (GrpcServerProtocolService.java:onCompleted(104)) - bd7d2b3e-70a9-4c18-9e48-3057ca72b747: appendEntries completed
2019-08-29 11:54:40,685 [grpc-default-executor-3] INFO  server.GrpcServerProtocolService (GrpcServerProtocolService.java:onCompleted(104)) - 4a332945-53dc-4c0b-b910-cfaf195ac63d: appendEntries completed
2019-08-29 11:54:40,697 [7c3dea4a-666f-498f-b3ec-37d2b2f2aea0:group-A160427A8A7F:LeaderElection16] INFO  impl.LeaderElection (LeaderElection.java:askForVotes(181)) - 7c3dea4a-666f-498f-b3ec-37d2b2f2aea0:group-A160427A8A7F:LeaderElection16: begin an election at term 1 for -1: [03953c42-7b85-4ce6-8578-61fc97f729cc:192.168.5.166:36331, 7c3dea4a-666f-498f-b3ec-37d2b2f2aea0:192.168.5.166:44417, eec05b1d-f4e8-4418-a60c-420e12deef9f:192.168.5.166:42328], old=null
2019-08-29 11:54:40,701 [grpc-default-executor-2] INFO  server.GrpcLogAppender (GrpcLogAppender.java:onCompleted(292)) - 07dabde0-c17e-46ed-9a55-144838a04ea2->bd7d2b3e-70a9-4c18-9e48-3057ca72b747: follower responses appendEntries COMPLETED
2019-08-29 11:54:40,711 [grpc-default-executor-2] INFO  impl.FollowerInfo (FollowerInfo.java:lambda$new$0(50)) - 07dabde0-c17e-46ed-9a55-144838a04ea2->bd7d2b3e-70a9-4c18-9e48-3057ca72b747: nextIndex: updateUnconditionally 0 -> 0
2019-08-29 11:54:40,714 [grpc-default-executor-2] INFO  server.GrpcLogAppender (GrpcLogAppender.java:onCompleted(292)) - 07dabde0-c17e-46ed-9a55-144838a04ea2->4a332945-53dc-4c0b-b910-cfaf195ac63d: follower responses appendEntries COMPLETED
2019-08-29 11:54:40,716 [grpc-default-executor-2] INFO  impl.FollowerInfo (FollowerInfo.java:lambda$new$0(50)) - 07dabde0-c17e-46ed-9a55-144838a04ea2->4a332945-53dc-4c0b-b910-cfaf195ac63d: nextIndex: updateUnconditionally 0 -> 0
2019-08-29 11:54:40,726 [grpc-default-executor-2] INFO  impl.RaftServerImpl (RaftServerImpl.java:setRole(171)) - 03953c42-7b85-4ce6-8578-61fc97f729cc:group-A160427A8A7F changes role from FOLLOWER to FOLLOWER at term 1 for recognizeCandidate:7c3dea4a-666f-498f-b3ec-37d2b2f2aea0
2019-08-29 11:54:40,726 [grpc-default-executor-3] INFO  impl.RaftServerImpl (RaftServerImpl.java:setRole(171)) - eec05b1d-f4e8-4418-a60c-420e12deef9f:group-A160427A8A7F changes role from FOLLOWER to FOLLOWER at term 1 for recognizeCandidate:7c3dea4a-666f-498f-b3ec-37d2b2f2aea0
2019-08-29 11:54:40,726 [grpc-default-executor-2] INFO  impl.RoleInfo (RoleInfo.java:shutdownFollowerState(121)) - 03953c42-7b85-4ce6-8578-61fc97f729cc: shutdown FollowerState
2019-08-29 11:54:40,726 [grpc-default-executor-3] INFO  impl.RoleInfo (RoleInfo.java:shutdownFollowerState(121)) - eec05b1d-f4e8-4418-a60c-420e12deef9f: shutdown FollowerState
2019-08-29 11:54:40,726 [Thread-348] INFO  impl.FollowerState (FollowerState.java:run(114)) - 03953c42-7b85-4ce6-8578-61fc97f729cc: FollowerState was interrupted: java.lang.InterruptedException: sleep interrupted
2019-08-29 11:54:40,726 [grpc-default-executor-2] INFO  impl.RoleInfo (RoleInfo.java:updateAndGet(143)) - 03953c42-7b85-4ce6-8578-61fc97f729cc: start FollowerState
2019-08-29 11:54:40,726 [Thread-353] INFO  impl.FollowerState (FollowerState.java:run(114)) - eec05b1d-f4e8-4418-a60c-420e12deef9f: FollowerState was interrupted: java.lang.InterruptedException: sleep interrupted
2019-08-29 11:54:40,726 [grpc-default-executor-3] INFO  impl.RoleInfo (RoleInfo.java:updateAndGet(143)) - eec05b1d-f4e8-4418-a60c-420e12deef9f: start FollowerState
2019-08-29 11:54:40,754 [7c3dea4a-666f-498f-b3ec-37d2b2f2aea0:group-A160427A8A7F:LeaderElection16] INFO  impl.LeaderElection (LeaderElection.java:logAndReturn(56)) - 7c3dea4a-666f-498f-b3ec-37d2b2f2aea0:group-A160427A8A7F:LeaderElection16: Election PASSED; received 1 response(s) [7c3dea4a-666f-498f-b3ec-37d2b2f2aea0<-eec05b1d-f4e8-4418-a60c-420e12deef9f#0:OK-t1] and 0 exception(s); 7c3dea4a-666f-498f-b3ec-37d2b2f2aea0:t1, leader=null, voted=7c3dea4a-666f-498f-b3ec-37d2b2f2aea0, raftlog=7c3dea4a-666f-498f-b3ec-37d2b2f2aea0-SegmentedRaftLog:OPENED:c-1,f-1,i0, conf=-1: [03953c42-7b85-4ce6-8578-61fc97f729cc:192.168.5.166:36331, 7c3dea4a-666f-498f-b3ec-37d2b2f2aea0:192.168.5.166:44417, eec05b1d-f4e8-4418-a60c-420e12deef9f:192.168.5.166:42328], old=null
2019-08-29 11:54:40,754 [7c3dea4a-666f-498f-b3ec-37d2b2f2aea0:group-A160427A8A7F:LeaderElection16] INFO  impl.RoleInfo (RoleInfo.java:shutdownLeaderElection(134)) - 7c3dea4a-666f-498f-b3ec-37d2b2f2aea0: shutdown LeaderElection
2019-08-29 11:54:40,754 [7c3dea4a-666f-498f-b3ec-37d2b2f2aea0:group-A160427A8A7F:LeaderElection16] INFO  impl.RaftServerImpl (RaftServerImpl.java:setRole(171)) - 7c3dea4a-666f-498f-b3ec-37d2b2f2aea0:group-A160427A8A7F changes role from CANDIDATE to LEADER at term 1 for changeToLeader
2019-08-29 11:54:40,754 [7c3dea4a-666f-498f-b3ec-37d2b2f2aea0:group-A160427A8A7F:LeaderElection16] INFO  impl.RaftServerImpl (ServerState.java:setLeader(263)) - 7c3dea4a-666f-498f-b3ec-37d2b2f2aea0:group-A160427A8A7F change Leader from null to 7c3dea4a-666f-498f-b3ec-37d2b2f2aea0 at term 1 for becomeLeader, leader elected after 1193ms
2019-08-29 11:54:40,756 [7c3dea4a-666f-498f-b3ec-37d2b2f2aea0:group-A160427A8A7F:LeaderElection16] INFO  server.RaftServerConfigKeys (ConfUtils.java:logGet(43)) - raft.server.staging.catchup.gap = 1000 (default)
2019-08-29 11:54:40,756 [7c3dea4a-666f-498f-b3ec-37d2b2f2aea0:group-A160427A8A7F:LeaderElection16] INFO  server.RaftServerConfigKeys (ConfUtils.java:logGet(43)) - raft.server.rpc.sleep.time = 25ms (default)
2019-08-29 11:54:40,756 [7c3dea4a-666f-498f-b3ec-37d2b2f2aea0:group-A160427A8A7F:LeaderElection16] INFO  server.RaftServerConfigKeys (ConfUtils.java:logGet(43)) - raft.server.write.element-limit = 4096 (default)
2019-08-29 11:54:40,756 [7c3dea4a-666f-498f-b3ec-37d2b2f2aea0:group-A160427A8A7F:LeaderElection16] INFO  server.RaftServerConfigKeys (ConfUtils.java:logGet(43)) - raft.server.watch.timeout = 10s (default)
2019-08-29 11:54:40,757 [7c3dea4a-666f-498f-b3ec-37d2b2f2aea0:group-A160427A8A7F:LeaderElection16] INFO  server.RaftServerConfigKeys (ConfUtils.java:logGet(43)) - raft.server.watch.timeout.denomination = 1s (default)
2019-08-29 11:54:40,757 [7c3dea4a-666f-498f-b3ec-37d2b2f2aea0:group-A160427A8A7F:LeaderElection16] INFO  server.RaftServerConfigKeys (ConfUtils.java:logGet(43)) - raft.server.watch.element-limit = 65536 (default)
2019-08-29 11:54:40,757 [7c3dea4a-666f-498f-b3ec-37d2b2f2aea0:group-A160427A8A7F:LeaderElection16] INFO  server.RaftServerConfigKeys (ConfUtils.java:logGet(43)) - raft.server.log.appender.snapshot.chunk.size.max = 16MB (=16777216) (default)
2019-08-29 11:54:40,757 [7c3dea4a-666f-498f-b3ec-37d2b2f2aea0:group-A160427A8A7F:LeaderElection16] INFO  server.RaftServerConfigKeys (ConfUtils.java:logGet(43)) - raft.server.log.appender.buffer.byte-limit = 33554432 (custom)
2019-08-29 11:54:40,757 [7c3dea4a-666f-498f-b3ec-37d2b2f2aea0:group-A160427A8A7F:LeaderElection16] INFO  server.RaftServerConfigKeys (ConfUtils.java:logGet(43)) - raft.server.log.appender.buffer.element-limit = 1 (custom)
2019-08-29 11:54:40,757 [7c3dea4a-666f-498f-b3ec-37d2b2f2aea0:group-A160427A8A7F:LeaderElection16] INFO  grpc.GrpcConfigKeys$Server (ConfUtils.java:logGet(43)) - raft.grpc.server.leader.outstanding.appends.max = 128 (default)
2019-08-29 11:54:40,759 [7c3dea4a-666f-498f-b3ec-37d2b2f2aea0:group-A160427A8A7F:LeaderElection16] INFO  server.RaftServerConfigKeys (ConfUtils.java:logGet(43)) - raft.server.rpc.request.timeout = 3000ms (default)
2019-08-29 11:54:40,759 [7c3dea4a-666f-498f-b3ec-37d2b2f2aea0:group-A160427A8A7F:LeaderElection16] INFO  server.RaftServerConfigKeys (ConfUtils.java:logGet(43)) - raft.server.log.appender.install.snapshot.enabled = false (custom)
2019-08-29 11:54:40,759 [7c3dea4a-666f-498f-b3ec-37d2b2f2aea0:group-A160427A8A7F:LeaderElection16] INFO  server.RaftServerConfigKeys (ConfUtils.java:logGet(43)) - raft.server.log.appender.snapshot.chunk.size.max = 16MB (=16777216) (default)
2019-08-29 11:54:40,759 [7c3dea4a-666f-498f-b3ec-37d2b2f2aea0:group-A160427A8A7F:LeaderElection16] INFO  server.RaftServerConfigKeys (ConfUtils.java:logGet(43)) - raft.server.log.appender.buffer.byte-limit = 33554432 (custom)
2019-08-29 11:54:40,760 [7c3dea4a-666f-498f-b3ec-37d2b2f2aea0:group-A160427A8A7F:LeaderElection16] INFO  server.RaftServerConfigKeys (ConfUtils.java:logGet(43)) - raft.server.log.appender.buffer.element-limit = 1 (custom)
2019-08-29 11:54:40,760 [7c3dea4a-666f-498f-b3ec-37d2b2f2aea0:group-A160427A8A7F:LeaderElection16] INFO  grpc.GrpcConfigKeys$Server (ConfUtils.java:logGet(43)) - raft.grpc.server.leader.outstanding.appends.max = 128 (default)
2019-08-29 11:54:40,760 [7c3dea4a-666f-498f-b3ec-37d2b2f2aea0:group-A160427A8A7F:LeaderElection16] INFO  server.RaftServerConfigKeys (ConfUtils.java:logGet(43)) - raft.server.rpc.request.timeout = 3000ms (default)
2019-08-29 11:54:40,760 [7c3dea4a-666f-498f-b3ec-37d2b2f2aea0:group-A160427A8A7F:LeaderElection16] INFO  server.RaftServerConfigKeys (ConfUtils.java:logGet(43)) - raft.server.log.appender.install.snapshot.enabled = false (custom)
2019-08-29 11:54:40,760 [7c3dea4a-666f-498f-b3ec-37d2b2f2aea0:group-A160427A8A7F:LeaderElection16] INFO  impl.RoleInfo (RoleInfo.java:updateAndGet(143)) - 7c3dea4a-666f-498f-b3ec-37d2b2f2aea0: start LeaderState
2019-08-29 11:54:40,760 [7c3dea4a-666f-498f-b3ec-37d2b2f2aea0:group-A160427A8A7F:LeaderElection16] INFO  segmented.SegmentedRaftLogWorker (SegmentedRaftLogWorker.java:startLogSegment(380)) - 7c3dea4a-666f-498f-b3ec-37d2b2f2aea0-SegmentedRaftLogWorker:Storage Directory /workdir/hadoop-ozone/integration-test/target/test-dir/MiniOzoneClusterImpl-d5645d28-46c2-4d7d-99f2-1f02fc29b8b0/datanode-6/data/ratis/3e734320-d6b4-447e-b544-a160427a8a7f: Starting segment from index:0
2019-08-29 11:54:40,761 [7c3dea4a-666f-498f-b3ec-37d2b2f2aea0:group-A160427A8A7F:LeaderElection16] INFO  impl.RaftServerImpl (ServerState.java:setRaftConf(361)) - 7c3dea4a-666f-498f-b3ec-37d2b2f2aea0:group-A160427A8A7F set configuration 0: [03953c42-7b85-4ce6-8578-61fc97f729cc:192.168.5.166:36331, 7c3dea4a-666f-498f-b3ec-37d2b2f2aea0:192.168.5.166:44417, eec05b1d-f4e8-4418-a60c-420e12deef9f:192.168.5.166:42328], old=null at 0
2019-08-29 11:54:40,809 [grpc-default-executor-2] INFO  impl.RaftServerImpl (ServerState.java:setLeader(263)) - eec05b1d-f4e8-4418-a60c-420e12deef9f:group-A160427A8A7F change Leader from null to 7c3dea4a-666f-498f-b3ec-37d2b2f2aea0 at term 1 for appendEntries, leader elected after 1248ms
2019-08-29 11:54:40,812 [7c3dea4a-666f-498f-b3ec-37d2b2f2aea0-SegmentedRaftLogWorker:Storage Directory /workdir/hadoop-ozone/integration-test/target/test-dir/MiniOzoneClusterImpl-d5645d28-46c2-4d7d-99f2-1f02fc29b8b0/datanode-6/data/ratis/3e734320-d6b4-447e-b544-a160427a8a7f] INFO  segmented.SegmentedRaftLogWorker (SegmentedRaftLogWorker.java:execute(569)) - 7c3dea4a-666f-498f-b3ec-37d2b2f2aea0-SegmentedRaftLogWorker:Storage Directory /workdir/hadoop-ozone/integration-test/target/test-dir/MiniOzoneClusterImpl-d5645d28-46c2-4d7d-99f2-1f02fc29b8b0/datanode-6/data/ratis/3e734320-d6b4-447e-b544-a160427a8a7f: created new log segment /workdir/hadoop-ozone/integration-test/target/test-dir/MiniOzoneClusterImpl-d5645d28-46c2-4d7d-99f2-1f02fc29b8b0/datanode-6/data/ratis/3e734320-d6b4-447e-b544-a160427a8a7f/current/log_inprogress_0
2019-08-29 11:54:40,812 [grpc-default-executor-3] INFO  impl.RaftServerImpl (ServerState.java:setLeader(263)) - 03953c42-7b85-4ce6-8578-61fc97f729cc:group-A160427A8A7F change Leader from null to 7c3dea4a-666f-498f-b3ec-37d2b2f2aea0 at term 1 for appendEntries, leader elected after 1251ms
2019-08-29 11:54:40,847 | INFO  | SCMAudit | user=jenkins1000 | ip=192.168.5.166 | op=SEND_HEARTBEAT {datanodeUUID=07dabde0-c17e-46ed-9a55-144838a04ea2, command=[]} | ret=SUCCESS |  
2019-08-29 11:54:40,852 [grpc-default-executor-3] INFO  impl.RaftServerImpl (ServerState.java:setRaftConf(361)) - 03953c42-7b85-4ce6-8578-61fc97f729cc:group-A160427A8A7F set configuration 0: [03953c42-7b85-4ce6-8578-61fc97f729cc:192.168.5.166:36331, 7c3dea4a-666f-498f-b3ec-37d2b2f2aea0:192.168.5.166:44417, eec05b1d-f4e8-4418-a60c-420e12deef9f:192.168.5.166:42328], old=null at 0
2019-08-29 11:54:40,852 [grpc-default-executor-2] INFO  impl.RaftServerImpl (ServerState.java:setRaftConf(361)) - eec05b1d-f4e8-4418-a60c-420e12deef9f:group-A160427A8A7F set configuration 0: [03953c42-7b85-4ce6-8578-61fc97f729cc:192.168.5.166:36331, 7c3dea4a-666f-498f-b3ec-37d2b2f2aea0:192.168.5.166:44417, eec05b1d-f4e8-4418-a60c-420e12deef9f:192.168.5.166:42328], old=null at 0
2019-08-29 11:54:40,853 [grpc-default-executor-3] INFO  segmented.SegmentedRaftLogWorker (SegmentedRaftLogWorker.java:startLogSegment(380)) - 03953c42-7b85-4ce6-8578-61fc97f729cc-SegmentedRaftLogWorker:Storage Directory /workdir/hadoop-ozone/integration-test/target/test-dir/MiniOzoneClusterImpl-d5645d28-46c2-4d7d-99f2-1f02fc29b8b0/datanode-2/data/ratis/3e734320-d6b4-447e-b544-a160427a8a7f: Starting segment from index:0
2019-08-29 11:54:40,853 [grpc-default-executor-2] INFO  segmented.SegmentedRaftLogWorker (SegmentedRaftLogWorker.java:startLogSegment(380)) - eec05b1d-f4e8-4418-a60c-420e12deef9f-SegmentedRaftLogWorker:Storage Directory /workdir/hadoop-ozone/integration-test/target/test-dir/MiniOzoneClusterImpl-d5645d28-46c2-4d7d-99f2-1f02fc29b8b0/datanode-9/data/ratis/3e734320-d6b4-447e-b544-a160427a8a7f: Starting segment from index:0
2019-08-29 11:54:40,897 [03953c42-7b85-4ce6-8578-61fc97f729cc-SegmentedRaftLogWorker:Storage Directory /workdir/hadoop-ozone/integration-test/target/test-dir/MiniOzoneClusterImpl-d5645d28-46c2-4d7d-99f2-1f02fc29b8b0/datanode-2/data/ratis/3e734320-d6b4-447e-b544-a160427a8a7f] INFO  segmented.SegmentedRaftLogWorker (SegmentedRaftLogWorker.java:execute(569)) - 03953c42-7b85-4ce6-8578-61fc97f729cc-SegmentedRaftLogWorker:Storage Directory /workdir/hadoop-ozone/integration-test/target/test-dir/MiniOzoneClusterImpl-d5645d28-46c2-4d7d-99f2-1f02fc29b8b0/datanode-2/data/ratis/3e734320-d6b4-447e-b544-a160427a8a7f: created new log segment /workdir/hadoop-ozone/integration-test/target/test-dir/MiniOzoneClusterImpl-d5645d28-46c2-4d7d-99f2-1f02fc29b8b0/datanode-2/data/ratis/3e734320-d6b4-447e-b544-a160427a8a7f/current/log_inprogress_0
2019-08-29 11:54:40,897 [eec05b1d-f4e8-4418-a60c-420e12deef9f-SegmentedRaftLogWorker:Storage Directory /workdir/hadoop-ozone/integration-test/target/test-dir/MiniOzoneClusterImpl-d5645d28-46c2-4d7d-99f2-1f02fc29b8b0/datanode-9/data/ratis/3e734320-d6b4-447e-b544-a160427a8a7f] INFO  segmented.SegmentedRaftLogWorker (SegmentedRaftLogWorker.java:execute(569)) - eec05b1d-f4e8-4418-a60c-420e12deef9f-SegmentedRaftLogWorker:Storage Directory /workdir/hadoop-ozone/integration-test/target/test-dir/MiniOzoneClusterImpl-d5645d28-46c2-4d7d-99f2-1f02fc29b8b0/datanode-9/data/ratis/3e734320-d6b4-447e-b544-a160427a8a7f: created new log segment /workdir/hadoop-ozone/integration-test/target/test-dir/MiniOzoneClusterImpl-d5645d28-46c2-4d7d-99f2-1f02fc29b8b0/datanode-9/data/ratis/3e734320-d6b4-447e-b544-a160427a8a7f/current/log_inprogress_0
2019-08-29 11:54:40,967 | INFO  | SCMAudit | user=jenkins1000 | ip=192.168.5.166 | op=SEND_HEARTBEAT {datanodeUUID=4a332945-53dc-4c0b-b910-cfaf195ac63d, command=[]} | ret=SUCCESS |  
2019-08-29 11:54:41,091 [grpc-default-executor-2] INFO  client.GrpcClientProtocolClient (GrpcClientProtocolClient.java:onNext(255)) - client-E41BB10A869E->4a332945-53dc-4c0b-b910-cfaf195ac63d: receive RaftClientReply:client-E41BB10A869E->4a332945-53dc-4c0b-b910-cfaf195ac63d@group-39336B115318, cid=19, FAILED org.apache.ratis.protocol.NotLeaderException: Server 4a332945-53dc-4c0b-b910-cfaf195ac63d is not the leader (null). Request must be sent to leader., logIndex=0, commits[4a332945-53dc-4c0b-b910-cfaf195ac63d:c-1]
2019-08-29 11:54:41,365 | INFO  | SCMAudit | user=jenkins1000 | ip=192.168.5.166 | op=SEND_HEARTBEAT {datanodeUUID=e5b95ce0-1250-4c31-97f6-119a472050cb, command=[]} | ret=SUCCESS |  
2019-08-29 11:54:41,369 | INFO  | SCMAudit | user=jenkins1000 | ip=192.168.5.166 | op=SEND_HEARTBEAT {datanodeUUID=b34bc477-f594-4894-b3be-a6d4c994fd70, command=[]} | ret=SUCCESS |  
2019-08-29 11:54:41,372 | INFO  | SCMAudit | user=jenkins1000 | ip=192.168.5.166 | op=SEND_HEARTBEAT {datanodeUUID=03953c42-7b85-4ce6-8578-61fc97f729cc, command=[]} | ret=SUCCESS |  
2019-08-29 11:54:41,418 | INFO  | SCMAudit | user=jenkins1000 | ip=192.168.5.166 | op=SEND_HEARTBEAT {datanodeUUID=7c3dea4a-666f-498f-b3ec-37d2b2f2aea0, command=[]} | ret=SUCCESS |  
2019-08-29 11:54:41,464 | INFO  | SCMAudit | user=jenkins1000 | ip=192.168.5.166 | op=SEND_HEARTBEAT {datanodeUUID=eec05b1d-f4e8-4418-a60c-420e12deef9f, command=[]} | ret=SUCCESS |  
2019-08-29 11:54:41,518 [Thread-379] INFO  impl.FollowerState (FollowerState.java:run(106)) - 42efee89-99fa-4c75-b2bf-b3a1b636c7a3:group-2DD3C3757259 changes to CANDIDATE, lastRpcTime:1025, electionTimeout:1023ms
2019-08-29 11:54:41,518 [Thread-379] INFO  impl.RoleInfo (RoleInfo.java:shutdownFollowerState(121)) - 42efee89-99fa-4c75-b2bf-b3a1b636c7a3: shutdown FollowerState
2019-08-29 11:54:41,518 [Thread-379] INFO  impl.RaftServerImpl (RaftServerImpl.java:setRole(171)) - 42efee89-99fa-4c75-b2bf-b3a1b636c7a3:group-2DD3C3757259 changes role from FOLLOWER to CANDIDATE at term 1 for changeToCandidate
2019-08-29 11:54:41,519 [Thread-379] INFO  impl.RoleInfo (RoleInfo.java:updateAndGet(143)) - 42efee89-99fa-4c75-b2bf-b3a1b636c7a3: start LeaderElection
2019-08-29 11:54:41,534 [42efee89-99fa-4c75-b2bf-b3a1b636c7a3:group-2DD3C3757259:LeaderElection17] INFO  impl.LeaderElection (LeaderElection.java:askForVotes(181)) - 42efee89-99fa-4c75-b2bf-b3a1b636c7a3:group-2DD3C3757259:LeaderElection17: begin an election at term 2 for -1: [b34bc477-f594-4894-b3be-a6d4c994fd70:192.168.5.166:42417, 920b05f1-a92b-459a-a000-361715d4ee3d:192.168.5.166:36887, 42efee89-99fa-4c75-b2bf-b3a1b636c7a3:192.168.5.166:34186], old=null
2019-08-29 11:54:41,540 [grpc-default-executor-2] INFO  impl.RaftServerImpl (RaftServerImpl.java:setRole(171)) - 920b05f1-a92b-459a-a000-361715d4ee3d:group-2DD3C3757259 changes role from FOLLOWER to FOLLOWER at term 2 for recognizeCandidate:42efee89-99fa-4c75-b2bf-b3a1b636c7a3
2019-08-29 11:54:41,540 [grpc-default-executor-3] INFO  impl.RaftServerImpl (RaftServerImpl.java:setRole(171)) - b34bc477-f594-4894-b3be-a6d4c994fd70:group-2DD3C3757259 changes role from FOLLOWER to FOLLOWER at term 2 for recognizeCandidate:42efee89-99fa-4c75-b2bf-b3a1b636c7a3
2019-08-29 11:54:41,541 [grpc-default-executor-2] INFO  impl.RoleInfo (RoleInfo.java:shutdownFollowerState(121)) - 920b05f1-a92b-459a-a000-361715d4ee3d: shutdown FollowerState
2019-08-29 11:54:41,541 [grpc-default-executor-3] INFO  impl.RoleInfo (RoleInfo.java:shutdownFollowerState(121)) - b34bc477-f594-4894-b3be-a6d4c994fd70: shutdown FollowerState
2019-08-29 11:54:41,541 [Thread-377] INFO  impl.FollowerState (FollowerState.java:run(114)) - 920b05f1-a92b-459a-a000-361715d4ee3d: FollowerState was interrupted: java.lang.InterruptedException: sleep interrupted
2019-08-29 11:54:41,541 [grpc-default-executor-2] INFO  impl.RoleInfo (RoleInfo.java:updateAndGet(143)) - 920b05f1-a92b-459a-a000-361715d4ee3d: start FollowerState
2019-08-29 11:54:41,541 [Thread-378] INFO  impl.FollowerState (FollowerState.java:run(114)) - b34bc477-f594-4894-b3be-a6d4c994fd70: FollowerState was interrupted: java.lang.InterruptedException: sleep interrupted
2019-08-29 11:54:41,541 [grpc-default-executor-3] INFO  impl.RoleInfo (RoleInfo.java:updateAndGet(143)) - b34bc477-f594-4894-b3be-a6d4c994fd70: start FollowerState
2019-08-29 11:54:41,576 | INFO  | SCMAudit | user=jenkins1000 | ip=192.168.5.166 | op=SEND_HEARTBEAT {datanodeUUID=bd7d2b3e-70a9-4c18-9e48-3057ca72b747, command=[]} | ret=SUCCESS |  
2019-08-29 11:54:41,613 | INFO  | SCMAudit | user=jenkins1000 | ip=192.168.5.166 | op=SEND_HEARTBEAT {datanodeUUID=920b05f1-a92b-459a-a000-361715d4ee3d, command=[]} | ret=SUCCESS |  
2019-08-29 11:54:41,660 | INFO  | SCMAudit | user=jenkins1000 | ip=192.168.5.166 | op=SEND_HEARTBEAT {datanodeUUID=42efee89-99fa-4c75-b2bf-b3a1b636c7a3, command=[]} | ret=SUCCESS |  
2019-08-29 11:54:41,688 [Thread-393] INFO  impl.FollowerState (FollowerState.java:run(106)) - 07dabde0-c17e-46ed-9a55-144838a04ea2:group-39336B115318 changes to CANDIDATE, lastRpcTime:1016, electionTimeout:1007ms
2019-08-29 11:54:41,688 [Thread-393] INFO  impl.RoleInfo (RoleInfo.java:shutdownFollowerState(121)) - 07dabde0-c17e-46ed-9a55-144838a04ea2: shutdown FollowerState
2019-08-29 11:54:41,689 [Thread-393] INFO  impl.RaftServerImpl (RaftServerImpl.java:setRole(171)) - 07dabde0-c17e-46ed-9a55-144838a04ea2:group-39336B115318 changes role from FOLLOWER to CANDIDATE at term 2 for changeToCandidate
2019-08-29 11:54:41,723 [Thread-385] INFO  impl.FollowerState (FollowerState.java:run(106)) - bd7d2b3e-70a9-4c18-9e48-3057ca72b747:group-39336B115318 changes to CANDIDATE, lastRpcTime:1153, electionTimeout:1153ms
2019-08-29 11:54:41,724 [Thread-385] INFO  impl.RoleInfo (RoleInfo.java:shutdownFollowerState(121)) - bd7d2b3e-70a9-4c18-9e48-3057ca72b747: shutdown FollowerState
2019-08-29 11:54:41,724 [Thread-385] INFO  impl.RaftServerImpl (RaftServerImpl.java:setRole(171)) - bd7d2b3e-70a9-4c18-9e48-3057ca72b747:group-39336B115318 changes role from FOLLOWER to CANDIDATE at term 2 for changeToCandidate
2019-08-29 11:54:41,847 | INFO  | SCMAudit | user=jenkins1000 | ip=192.168.5.166 | op=SEND_HEARTBEAT {datanodeUUID=07dabde0-c17e-46ed-9a55-144838a04ea2, command=[]} | ret=SUCCESS |  
2019-08-29 11:54:41,967 | INFO  | SCMAudit | user=jenkins1000 | ip=192.168.5.166 | op=SEND_HEARTBEAT {datanodeUUID=4a332945-53dc-4c0b-b910-cfaf195ac63d, command=[]} | ret=SUCCESS |  
2019-08-29 11:54:42,214 [Thread-385] INFO  impl.RoleInfo (RoleInfo.java:updateAndGet(143)) - bd7d2b3e-70a9-4c18-9e48-3057ca72b747: start LeaderElection
2019-08-29 11:54:42,217 [Thread-393] INFO  impl.RoleInfo (RoleInfo.java:updateAndGet(143)) - 07dabde0-c17e-46ed-9a55-144838a04ea2: start LeaderElection
2019-08-29 11:54:42,217 [Thread-389] INFO  impl.FollowerState (FollowerState.java:run(106)) - 4a332945-53dc-4c0b-b910-cfaf195ac63d:group-39336B115318 changes to CANDIDATE, lastRpcTime:1605, electionTimeout:1101ms
2019-08-29 11:54:42,218 [42efee89-99fa-4c75-b2bf-b3a1b636c7a3:group-2DD3C3757259:LeaderElection17] INFO  impl.LeaderElection (LeaderElection.java:logAndReturn(56)) - 42efee89-99fa-4c75-b2bf-b3a1b636c7a3:group-2DD3C3757259:LeaderElection17: Election PASSED; received 1 response(s) [42efee89-99fa-4c75-b2bf-b3a1b636c7a3<-920b05f1-a92b-459a-a000-361715d4ee3d#0:OK-t2] and 0 exception(s); 42efee89-99fa-4c75-b2bf-b3a1b636c7a3:t2, leader=null, voted=42efee89-99fa-4c75-b2bf-b3a1b636c7a3, raftlog=42efee89-99fa-4c75-b2bf-b3a1b636c7a3-SegmentedRaftLog:OPENED:c-1,f-1,i0, conf=-1: [b34bc477-f594-4894-b3be-a6d4c994fd70:192.168.5.166:42417, 920b05f1-a92b-459a-a000-361715d4ee3d:192.168.5.166:36887, 42efee89-99fa-4c75-b2bf-b3a1b636c7a3:192.168.5.166:34186], old=null
2019-08-29 11:54:42,220 [Thread-389] INFO  impl.RoleInfo (RoleInfo.java:shutdownFollowerState(121)) - 4a332945-53dc-4c0b-b910-cfaf195ac63d: shutdown FollowerState
2019-08-29 11:54:42,222 [Thread-389] INFO  impl.RaftServerImpl (RaftServerImpl.java:setRole(171)) - 4a332945-53dc-4c0b-b910-cfaf195ac63d:group-39336B115318 changes role from FOLLOWER to CANDIDATE at term 2 for changeToCandidate
2019-08-29 11:54:42,222 [42efee89-99fa-4c75-b2bf-b3a1b636c7a3:group-2DD3C3757259:LeaderElection17] INFO  impl.RoleInfo (RoleInfo.java:shutdownLeaderElection(134)) - 42efee89-99fa-4c75-b2bf-b3a1b636c7a3: shutdown LeaderElection
2019-08-29 11:54:42,225 [Thread-389] INFO  impl.RoleInfo (RoleInfo.java:updateAndGet(143)) - 4a332945-53dc-4c0b-b910-cfaf195ac63d: start LeaderElection
2019-08-29 11:54:42,225 [42efee89-99fa-4c75-b2bf-b3a1b636c7a3:group-2DD3C3757259:LeaderElection17] INFO  impl.RaftServerImpl (RaftServerImpl.java:setRole(171)) - 42efee89-99fa-4c75-b2bf-b3a1b636c7a3:group-2DD3C3757259 changes role from CANDIDATE to LEADER at term 2 for changeToLeader
2019-08-29 11:54:42,225 [42efee89-99fa-4c75-b2bf-b3a1b636c7a3:group-2DD3C3757259:LeaderElection17] INFO  impl.RaftServerImpl (ServerState.java:setLeader(263)) - 42efee89-99fa-4c75-b2bf-b3a1b636c7a3:group-2DD3C3757259 change Leader from null to 42efee89-99fa-4c75-b2bf-b3a1b636c7a3 at term 2 for becomeLeader, leader elected after 2913ms
2019-08-29 11:54:42,226 [42efee89-99fa-4c75-b2bf-b3a1b636c7a3:group-2DD3C3757259:LeaderElection17] INFO  server.RaftServerConfigKeys (ConfUtils.java:logGet(43)) - raft.server.staging.catchup.gap = 1000 (default)
2019-08-29 11:54:42,226 [42efee89-99fa-4c75-b2bf-b3a1b636c7a3:group-2DD3C3757259:LeaderElection17] INFO  server.RaftServerConfigKeys (ConfUtils.java:logGet(43)) - raft.server.rpc.sleep.time = 25ms (default)
2019-08-29 11:54:42,228 [42efee89-99fa-4c75-b2bf-b3a1b636c7a3:group-2DD3C3757259:LeaderElection17] INFO  server.RaftServerConfigKeys (ConfUtils.java:logGet(43)) - raft.server.write.element-limit = 4096 (default)
2019-08-29 11:54:42,228 [42efee89-99fa-4c75-b2bf-b3a1b636c7a3:group-2DD3C3757259:LeaderElection17] INFO  server.RaftServerConfigKeys (ConfUtils.java:logGet(43)) - raft.server.watch.timeout = 10s (default)
2019-08-29 11:54:42,228 [42efee89-99fa-4c75-b2bf-b3a1b636c7a3:group-2DD3C3757259:LeaderElection17] INFO  server.RaftServerConfigKeys (ConfUtils.java:logGet(43)) - raft.server.watch.timeout.denomination = 1s (default)
2019-08-29 11:54:42,228 [42efee89-99fa-4c75-b2bf-b3a1b636c7a3:group-2DD3C3757259:LeaderElection17] INFO  server.RaftServerConfigKeys (ConfUtils.java:logGet(43)) - raft.server.watch.element-limit = 65536 (default)
2019-08-29 11:54:42,229 [42efee89-99fa-4c75-b2bf-b3a1b636c7a3:group-2DD3C3757259:LeaderElection17] INFO  server.RaftServerConfigKeys (ConfUtils.java:logGet(43)) - raft.server.log.appender.snapshot.chunk.size.max = 16MB (=16777216) (default)
2019-08-29 11:54:42,229 [42efee89-99fa-4c75-b2bf-b3a1b636c7a3:group-2DD3C3757259:LeaderElection17] INFO  server.RaftServerConfigKeys (ConfUtils.java:logGet(43)) - raft.server.log.appender.buffer.byte-limit = 33554432 (custom)
2019-08-29 11:54:42,229 [42efee89-99fa-4c75-b2bf-b3a1b636c7a3:group-2DD3C3757259:LeaderElection17] INFO  server.RaftServerConfigKeys (ConfUtils.java:logGet(43)) - raft.server.log.appender.buffer.element-limit = 1 (custom)
2019-08-29 11:54:42,230 [42efee89-99fa-4c75-b2bf-b3a1b636c7a3:group-2DD3C3757259:LeaderElection17] INFO  grpc.GrpcConfigKeys$Server (ConfUtils.java:logGet(43)) - raft.grpc.server.leader.outstanding.appends.max = 128 (default)
2019-08-29 11:54:42,230 [42efee89-99fa-4c75-b2bf-b3a1b636c7a3:group-2DD3C3757259:LeaderElection17] INFO  server.RaftServerConfigKeys (ConfUtils.java:logGet(43)) - raft.server.rpc.request.timeout = 3000ms (default)
2019-08-29 11:54:42,230 [42efee89-99fa-4c75-b2bf-b3a1b636c7a3:group-2DD3C3757259:LeaderElection17] INFO  server.RaftServerConfigKeys (ConfUtils.java:logGet(43)) - raft.server.log.appender.install.snapshot.enabled = false (custom)
2019-08-29 11:54:42,231 [42efee89-99fa-4c75-b2bf-b3a1b636c7a3:group-2DD3C3757259:LeaderElection17] INFO  server.RaftServerConfigKeys (ConfUtils.java:logGet(43)) - raft.server.log.appender.snapshot.chunk.size.max = 16MB (=16777216) (default)
2019-08-29 11:54:42,231 [42efee89-99fa-4c75-b2bf-b3a1b636c7a3:group-2DD3C3757259:LeaderElection17] INFO  server.RaftServerConfigKeys (ConfUtils.java:logGet(43)) - raft.server.log.appender.buffer.byte-limit = 33554432 (custom)
2019-08-29 11:54:42,231 [42efee89-99fa-4c75-b2bf-b3a1b636c7a3:group-2DD3C3757259:LeaderElection17] INFO  server.RaftServerConfigKeys (ConfUtils.java:logGet(43)) - raft.server.log.appender.buffer.element-limit = 1 (custom)
2019-08-29 11:54:42,231 [42efee89-99fa-4c75-b2bf-b3a1b636c7a3:group-2DD3C3757259:LeaderElection17] INFO  grpc.GrpcConfigKeys$Server (ConfUtils.java:logGet(43)) - raft.grpc.server.leader.outstanding.appends.max = 128 (default)
2019-08-29 11:54:42,232 [42efee89-99fa-4c75-b2bf-b3a1b636c7a3:group-2DD3C3757259:LeaderElection17] INFO  server.RaftServerConfigKeys (ConfUtils.java:logGet(43)) - raft.server.rpc.request.timeout = 3000ms (default)
2019-08-29 11:54:42,232 [42efee89-99fa-4c75-b2bf-b3a1b636c7a3:group-2DD3C3757259:LeaderElection17] INFO  server.RaftServerConfigKeys (ConfUtils.java:logGet(43)) - raft.server.log.appender.install.snapshot.enabled = false (custom)
2019-08-29 11:54:42,234 [42efee89-99fa-4c75-b2bf-b3a1b636c7a3:group-2DD3C3757259:LeaderElection17] INFO  impl.RoleInfo (RoleInfo.java:updateAndGet(143)) - 42efee89-99fa-4c75-b2bf-b3a1b636c7a3: start LeaderState
2019-08-29 11:54:42,235 [42efee89-99fa-4c75-b2bf-b3a1b636c7a3:group-2DD3C3757259:LeaderElection17] INFO  segmented.SegmentedRaftLogWorker (SegmentedRaftLogWorker.java:startLogSegment(380)) - 42efee89-99fa-4c75-b2bf-b3a1b636c7a3-SegmentedRaftLogWorker:Storage Directory /workdir/hadoop-ozone/integration-test/target/test-dir/MiniOzoneClusterImpl-d5645d28-46c2-4d7d-99f2-1f02fc29b8b0/datanode-7/data/ratis/096fcd2b-786a-4a64-996f-2dd3c3757259: Starting segment from index:0
2019-08-29 11:54:42,235 [42efee89-99fa-4c75-b2bf-b3a1b636c7a3:group-2DD3C3757259:LeaderElection17] INFO  impl.RaftServerImpl (ServerState.java:setRaftConf(361)) - 42efee89-99fa-4c75-b2bf-b3a1b636c7a3:group-2DD3C3757259 set configuration 0: [b34bc477-f594-4894-b3be-a6d4c994fd70:192.168.5.166:42417, 920b05f1-a92b-459a-a000-361715d4ee3d:192.168.5.166:36887, 42efee89-99fa-4c75-b2bf-b3a1b636c7a3:192.168.5.166:34186], old=null at 0
2019-08-29 11:54:42,261 [07dabde0-c17e-46ed-9a55-144838a04ea2:group-39336B115318:LeaderElection18] INFO  impl.LeaderElection (LeaderElection.java:askForVotes(181)) - 07dabde0-c17e-46ed-9a55-144838a04ea2:group-39336B115318:LeaderElection18: begin an election at term 3 for 0: [4a332945-53dc-4c0b-b910-cfaf195ac63d:192.168.5.166:44887, 07dabde0-c17e-46ed-9a55-144838a04ea2:192.168.5.166:46770, bd7d2b3e-70a9-4c18-9e48-3057ca72b747:192.168.5.166:45844], old=null
2019-08-29 11:54:42,261 [4a332945-53dc-4c0b-b910-cfaf195ac63d:group-39336B115318:LeaderElection20] INFO  impl.LeaderElection (LeaderElection.java:askForVotes(181)) - 4a332945-53dc-4c0b-b910-cfaf195ac63d:group-39336B115318:LeaderElection20: begin an election at term 3 for -1: [4a332945-53dc-4c0b-b910-cfaf195ac63d:192.168.5.166:44887, 07dabde0-c17e-46ed-9a55-144838a04ea2:192.168.5.166:46770, bd7d2b3e-70a9-4c18-9e48-3057ca72b747:192.168.5.166:45844], old=null
2019-08-29 11:54:42,261 [bd7d2b3e-70a9-4c18-9e48-3057ca72b747:group-39336B115318:LeaderElection19] INFO  impl.LeaderElection (LeaderElection.java:askForVotes(181)) - bd7d2b3e-70a9-4c18-9e48-3057ca72b747:group-39336B115318:LeaderElection19: begin an election at term 3 for -1: [4a332945-53dc-4c0b-b910-cfaf195ac63d:192.168.5.166:44887, 07dabde0-c17e-46ed-9a55-144838a04ea2:192.168.5.166:46770, bd7d2b3e-70a9-4c18-9e48-3057ca72b747:192.168.5.166:45844], old=null
2019-08-29 11:54:42,274 [42efee89-99fa-4c75-b2bf-b3a1b636c7a3-SegmentedRaftLogWorker:Storage Directory /workdir/hadoop-ozone/integration-test/target/test-dir/MiniOzoneClusterImpl-d5645d28-46c2-4d7d-99f2-1f02fc29b8b0/datanode-7/data/ratis/096fcd2b-786a-4a64-996f-2dd3c3757259] INFO  segmented.SegmentedRaftLogWorker (SegmentedRaftLogWorker.java:execute(569)) - 42efee89-99fa-4c75-b2bf-b3a1b636c7a3-SegmentedRaftLogWorker:Storage Directory /workdir/hadoop-ozone/integration-test/target/test-dir/MiniOzoneClusterImpl-d5645d28-46c2-4d7d-99f2-1f02fc29b8b0/datanode-7/data/ratis/096fcd2b-786a-4a64-996f-2dd3c3757259: created new log segment /workdir/hadoop-ozone/integration-test/target/test-dir/MiniOzoneClusterImpl-d5645d28-46c2-4d7d-99f2-1f02fc29b8b0/datanode-7/data/ratis/096fcd2b-786a-4a64-996f-2dd3c3757259/current/log_inprogress_0
2019-08-29 11:54:42,277 [grpc-default-executor-1] INFO  impl.RaftServerImpl (ServerState.java:setLeader(263)) - 920b05f1-a92b-459a-a000-361715d4ee3d:group-2DD3C3757259 change Leader from null to 42efee89-99fa-4c75-b2bf-b3a1b636c7a3 at term 2 for appendEntries, leader elected after 2964ms
2019-08-29 11:54:42,298 [grpc-default-executor-4] INFO  impl.RaftServerImpl (ServerState.java:setLeader(263)) - b34bc477-f594-4894-b3be-a6d4c994fd70:group-2DD3C3757259 change Leader from null to 42efee89-99fa-4c75-b2bf-b3a1b636c7a3 at term 2 for appendEntries, leader elected after 2985ms
2019-08-29 11:54:42,299 [grpc-default-executor-0] INFO  impl.RaftServerImpl (ServerState.java:setRaftConf(361)) - 920b05f1-a92b-459a-a000-361715d4ee3d:group-2DD3C3757259 set configuration 0: [b34bc477-f594-4894-b3be-a6d4c994fd70:192.168.5.166:42417, 920b05f1-a92b-459a-a000-361715d4ee3d:192.168.5.166:36887, 42efee89-99fa-4c75-b2bf-b3a1b636c7a3:192.168.5.166:34186], old=null at 0
2019-08-29 11:54:42,301 [grpc-default-executor-0] INFO  segmented.SegmentedRaftLogWorker (SegmentedRaftLogWorker.java:startLogSegment(380)) - 920b05f1-a92b-459a-a000-361715d4ee3d-SegmentedRaftLogWorker:Storage Directory /workdir/hadoop-ozone/integration-test/target/test-dir/MiniOzoneClusterImpl-d5645d28-46c2-4d7d-99f2-1f02fc29b8b0/datanode-0/data/ratis/096fcd2b-786a-4a64-996f-2dd3c3757259: Starting segment from index:0
2019-08-29 11:54:42,302 [bd7d2b3e-70a9-4c18-9e48-3057ca72b747:group-39336B115318:LeaderElection19] INFO  impl.LeaderElection (LeaderElection.java:logAndReturn(56)) - bd7d2b3e-70a9-4c18-9e48-3057ca72b747:group-39336B115318:LeaderElection19: Election REJECTED; received 2 response(s) [bd7d2b3e-70a9-4c18-9e48-3057ca72b747<-4a332945-53dc-4c0b-b910-cfaf195ac63d#0:FAIL-t3, bd7d2b3e-70a9-4c18-9e48-3057ca72b747<-07dabde0-c17e-46ed-9a55-144838a04ea2#0:FAIL-t3] and 0 exception(s); bd7d2b3e-70a9-4c18-9e48-3057ca72b747:t3, leader=null, voted=bd7d2b3e-70a9-4c18-9e48-3057ca72b747, raftlog=bd7d2b3e-70a9-4c18-9e48-3057ca72b747-SegmentedRaftLog:OPENED:c-1,f-1,i0, conf=-1: [4a332945-53dc-4c0b-b910-cfaf195ac63d:192.168.5.166:44887, 07dabde0-c17e-46ed-9a55-144838a04ea2:192.168.5.166:46770, bd7d2b3e-70a9-4c18-9e48-3057ca72b747:192.168.5.166:45844], old=null
2019-08-29 11:54:42,336 [bd7d2b3e-70a9-4c18-9e48-3057ca72b747:group-39336B115318:LeaderElection19] INFO  impl.RaftServerImpl (RaftServerImpl.java:setRole(171)) - bd7d2b3e-70a9-4c18-9e48-3057ca72b747:group-39336B115318 changes role from CANDIDATE to FOLLOWER at term 3 for DISCOVERED_A_NEW_TERM
2019-08-29 11:54:42,339 [bd7d2b3e-70a9-4c18-9e48-3057ca72b747:group-39336B115318:LeaderElection19] INFO  impl.RoleInfo (RoleInfo.java:shutdownLeaderElection(134)) - bd7d2b3e-70a9-4c18-9e48-3057ca72b747: shutdown LeaderElection
2019-08-29 11:54:42,339 [4a332945-53dc-4c0b-b910-cfaf195ac63d:group-39336B115318:LeaderElection20] INFO  impl.LeaderElection (LeaderElection.java:logAndReturn(56)) - 4a332945-53dc-4c0b-b910-cfaf195ac63d:group-39336B115318:LeaderElection20: Election REJECTED; received 2 response(s) [4a332945-53dc-4c0b-b910-cfaf195ac63d<-07dabde0-c17e-46ed-9a55-144838a04ea2#0:FAIL-t3, 4a332945-53dc-4c0b-b910-cfaf195ac63d<-bd7d2b3e-70a9-4c18-9e48-3057ca72b747#0:FAIL-t3] and 0 exception(s); 4a332945-53dc-4c0b-b910-cfaf195ac63d:t3, leader=null, voted=4a332945-53dc-4c0b-b910-cfaf195ac63d, raftlog=4a332945-53dc-4c0b-b910-cfaf195ac63d-SegmentedRaftLog:OPENED:c-1,f-1,i0, conf=-1: [4a332945-53dc-4c0b-b910-cfaf195ac63d:192.168.5.166:44887, 07dabde0-c17e-46ed-9a55-144838a04ea2:192.168.5.166:46770, bd7d2b3e-70a9-4c18-9e48-3057ca72b747:192.168.5.166:45844], old=null
2019-08-29 11:54:42,340 [4a332945-53dc-4c0b-b910-cfaf195ac63d:group-39336B115318:LeaderElection20] INFO  impl.RaftServerImpl (RaftServerImpl.java:setRole(171)) - 4a332945-53dc-4c0b-b910-cfaf195ac63d:group-39336B115318 changes role from CANDIDATE to FOLLOWER at term 3 for DISCOVERED_A_NEW_TERM
2019-08-29 11:54:42,340 [bd7d2b3e-70a9-4c18-9e48-3057ca72b747:group-39336B115318:LeaderElection19] INFO  impl.RoleInfo (RoleInfo.java:updateAndGet(143)) - bd7d2b3e-70a9-4c18-9e48-3057ca72b747: start FollowerState
2019-08-29 11:54:42,340 [4a332945-53dc-4c0b-b910-cfaf195ac63d:group-39336B115318:LeaderElection20] INFO  impl.RoleInfo (RoleInfo.java:shutdownLeaderElection(134)) - 4a332945-53dc-4c0b-b910-cfaf195ac63d: shutdown LeaderElection
2019-08-29 11:54:42,343 [4a332945-53dc-4c0b-b910-cfaf195ac63d:group-39336B115318:LeaderElection20] INFO  impl.RoleInfo (RoleInfo.java:updateAndGet(143)) - 4a332945-53dc-4c0b-b910-cfaf195ac63d: start FollowerState
2019-08-29 11:54:42,349 [grpc-default-executor-0] INFO  client.GrpcClientProtocolClient (GrpcClientProtocolClient.java:onNext(255)) - client-E41BB10A869E->bd7d2b3e-70a9-4c18-9e48-3057ca72b747: receive RaftClientReply:client-E41BB10A869E->bd7d2b3e-70a9-4c18-9e48-3057ca72b747@group-39336B115318, cid=19, FAILED org.apache.ratis.protocol.NotLeaderException: Server bd7d2b3e-70a9-4c18-9e48-3057ca72b747 is not the leader (null). Request must be sent to leader., logIndex=0, commits[bd7d2b3e-70a9-4c18-9e48-3057ca72b747:c-1]
2019-08-29 11:54:42,352 [grpc-default-executor-1] INFO  impl.RaftServerImpl (ServerState.java:setRaftConf(361)) - b34bc477-f594-4894-b3be-a6d4c994fd70:group-2DD3C3757259 set configuration 0: [b34bc477-f594-4894-b3be-a6d4c994fd70:192.168.5.166:42417, 920b05f1-a92b-459a-a000-361715d4ee3d:192.168.5.166:36887, 42efee89-99fa-4c75-b2bf-b3a1b636c7a3:192.168.5.166:34186], old=null at 0
2019-08-29 11:54:42,356 [grpc-default-executor-1] INFO  segmented.SegmentedRaftLogWorker (SegmentedRaftLogWorker.java:startLogSegment(380)) - b34bc477-f594-4894-b3be-a6d4c994fd70-SegmentedRaftLogWorker:Storage Directory /workdir/hadoop-ozone/integration-test/target/test-dir/MiniOzoneClusterImpl-d5645d28-46c2-4d7d-99f2-1f02fc29b8b0/datanode-8/data/ratis/096fcd2b-786a-4a64-996f-2dd3c3757259: Starting segment from index:0
2019-08-29 11:54:42,394 [07dabde0-c17e-46ed-9a55-144838a04ea2:group-39336B115318:LeaderElection18] INFO  impl.LeaderElection (LeaderElection.java:logAndReturn(56)) - 07dabde0-c17e-46ed-9a55-144838a04ea2:group-39336B115318:LeaderElection18: Election REJECTED; received 2 response(s) [07dabde0-c17e-46ed-9a55-144838a04ea2<-4a332945-53dc-4c0b-b910-cfaf195ac63d#0:FAIL-t3, 07dabde0-c17e-46ed-9a55-144838a04ea2<-bd7d2b3e-70a9-4c18-9e48-3057ca72b747#0:FAIL-t3] and 0 exception(s); 07dabde0-c17e-46ed-9a55-144838a04ea2:t3, leader=null, voted=07dabde0-c17e-46ed-9a55-144838a04ea2, raftlog=07dabde0-c17e-46ed-9a55-144838a04ea2-SegmentedRaftLog:OPENED:c-1,f0,i0, conf=0: [4a332945-53dc-4c0b-b910-cfaf195ac63d:192.168.5.166:44887, 07dabde0-c17e-46ed-9a55-144838a04ea2:192.168.5.166:46770, bd7d2b3e-70a9-4c18-9e48-3057ca72b747:192.168.5.166:45844], old=null
2019-08-29 11:54:42,395 [07dabde0-c17e-46ed-9a55-144838a04ea2:group-39336B115318:LeaderElection18] INFO  impl.RaftServerImpl (RaftServerImpl.java:setRole(171)) - 07dabde0-c17e-46ed-9a55-144838a04ea2:group-39336B115318 changes role from CANDIDATE to FOLLOWER at term 3 for DISCOVERED_A_NEW_TERM
2019-08-29 11:54:42,398 | INFO  | SCMAudit | user=jenkins1000 | ip=192.168.5.166 | op=SEND_HEARTBEAT {datanodeUUID=e5b95ce0-1250-4c31-97f6-119a472050cb, command=[]} | ret=SUCCESS |  
2019-08-29 11:54:42,398 [07dabde0-c17e-46ed-9a55-144838a04ea2:group-39336B115318:LeaderElection18] INFO  impl.RoleInfo (RoleInfo.java:shutdownLeaderElection(134)) - 07dabde0-c17e-46ed-9a55-144838a04ea2: shutdown LeaderElection
2019-08-29 11:54:42,398 | INFO  | SCMAudit | user=jenkins1000 | ip=192.168.5.166 | op=SEND_HEARTBEAT {datanodeUUID=03953c42-7b85-4ce6-8578-61fc97f729cc, command=[]} | ret=SUCCESS |  
2019-08-29 11:54:42,398 | INFO  | SCMAudit | user=jenkins1000 | ip=192.168.5.166 | op=SEND_HEARTBEAT {datanodeUUID=b34bc477-f594-4894-b3be-a6d4c994fd70, command=[]} | ret=SUCCESS |  
2019-08-29 11:54:42,398 [07dabde0-c17e-46ed-9a55-144838a04ea2:group-39336B115318:LeaderElection18] INFO  impl.RoleInfo (RoleInfo.java:updateAndGet(143)) - 07dabde0-c17e-46ed-9a55-144838a04ea2: start FollowerState
2019-08-29 11:54:42,418 | INFO  | SCMAudit | user=jenkins1000 | ip=192.168.5.166 | op=SEND_HEARTBEAT {datanodeUUID=7c3dea4a-666f-498f-b3ec-37d2b2f2aea0, command=[]} | ret=SUCCESS |  
2019-08-29 11:54:42,465 | INFO  | SCMAudit | user=jenkins1000 | ip=192.168.5.166 | op=SEND_HEARTBEAT {datanodeUUID=eec05b1d-f4e8-4418-a60c-420e12deef9f, command=[]} | ret=SUCCESS |  
2019-08-29 11:54:42,491 [920b05f1-a92b-459a-a000-361715d4ee3d-SegmentedRaftLogWorker:Storage Directory /workdir/hadoop-ozone/integration-test/target/test-dir/MiniOzoneClusterImpl-d5645d28-46c2-4d7d-99f2-1f02fc29b8b0/datanode-0/data/ratis/096fcd2b-786a-4a64-996f-2dd3c3757259] INFO  segmented.SegmentedRaftLogWorker (SegmentedRaftLogWorker.java:execute(569)) - 920b05f1-a92b-459a-a000-361715d4ee3d-SegmentedRaftLogWorker:Storage Directory /workdir/hadoop-ozone/integration-test/target/test-dir/MiniOzoneClusterImpl-d5645d28-46c2-4d7d-99f2-1f02fc29b8b0/datanode-0/data/ratis/096fcd2b-786a-4a64-996f-2dd3c3757259: created new log segment /workdir/hadoop-ozone/integration-test/target/test-dir/MiniOzoneClusterImpl-d5645d28-46c2-4d7d-99f2-1f02fc29b8b0/datanode-0/data/ratis/096fcd2b-786a-4a64-996f-2dd3c3757259/current/log_inprogress_0
2019-08-29 11:54:42,491 [b34bc477-f594-4894-b3be-a6d4c994fd70-SegmentedRaftLogWorker:Storage Directory /workdir/hadoop-ozone/integration-test/target/test-dir/MiniOzoneClusterImpl-d5645d28-46c2-4d7d-99f2-1f02fc29b8b0/datanode-8/data/ratis/096fcd2b-786a-4a64-996f-2dd3c3757259] INFO  segmented.SegmentedRaftLogWorker (SegmentedRaftLogWorker.java:execute(569)) - b34bc477-f594-4894-b3be-a6d4c994fd70-SegmentedRaftLogWorker:Storage Directory /workdir/hadoop-ozone/integration-test/target/test-dir/MiniOzoneClusterImpl-d5645d28-46c2-4d7d-99f2-1f02fc29b8b0/datanode-8/data/ratis/096fcd2b-786a-4a64-996f-2dd3c3757259: created new log segment /workdir/hadoop-ozone/integration-test/target/test-dir/MiniOzoneClusterImpl-d5645d28-46c2-4d7d-99f2-1f02fc29b8b0/datanode-8/data/ratis/096fcd2b-786a-4a64-996f-2dd3c3757259/current/log_inprogress_0
2019-08-29 11:54:42,575 | INFO  | SCMAudit | user=jenkins1000 | ip=192.168.5.166 | op=SEND_HEARTBEAT {datanodeUUID=bd7d2b3e-70a9-4c18-9e48-3057ca72b747, command=[]} | ret=SUCCESS |  
2019-08-29 11:54:42,613 | INFO  | SCMAudit | user=jenkins1000 | ip=192.168.5.166 | op=SEND_HEARTBEAT {datanodeUUID=920b05f1-a92b-459a-a000-361715d4ee3d, command=[]} | ret=SUCCESS |  
2019-08-29 11:54:42,659 | INFO  | SCMAudit | user=jenkins1000 | ip=192.168.5.166 | op=SEND_HEARTBEAT {datanodeUUID=42efee89-99fa-4c75-b2bf-b3a1b636c7a3, command=[]} | ret=SUCCESS |  
2019-08-29 11:54:42,846 | INFO  | SCMAudit | user=jenkins1000 | ip=192.168.5.166 | op=SEND_HEARTBEAT {datanodeUUID=07dabde0-c17e-46ed-9a55-144838a04ea2, command=[]} | ret=SUCCESS |  
2019-08-29 11:54:42,967 | INFO  | SCMAudit | user=jenkins1000 | ip=192.168.5.166 | op=SEND_HEARTBEAT {datanodeUUID=4a332945-53dc-4c0b-b910-cfaf195ac63d, command=[]} | ret=SUCCESS |  
2019-08-29 11:54:43,385 [grpc-default-executor-4] INFO  client.GrpcClientProtocolClient (GrpcClientProtocolClient.java:onNext(255)) - client-E41BB10A869E->4a332945-53dc-4c0b-b910-cfaf195ac63d: receive RaftClientReply:client-E41BB10A869E->4a332945-53dc-4c0b-b910-cfaf195ac63d@group-39336B115318, cid=19, FAILED org.apache.ratis.protocol.NotLeaderException: Server 4a332945-53dc-4c0b-b910-cfaf195ac63d is not the leader (null). Request must be sent to leader., logIndex=0, commits[4a332945-53dc-4c0b-b910-cfaf195ac63d:c-1]
2019-08-29 11:54:43,398 | INFO  | SCMAudit | user=jenkins1000 | ip=192.168.5.166 | op=SEND_HEARTBEAT {datanodeUUID=e5b95ce0-1250-4c31-97f6-119a472050cb, command=[]} | ret=SUCCESS |  
2019-08-29 11:54:43,398 | INFO  | SCMAudit | user=jenkins1000 | ip=192.168.5.166 | op=SEND_HEARTBEAT {datanodeUUID=03953c42-7b85-4ce6-8578-61fc97f729cc, command=[]} | ret=SUCCESS |  
2019-08-29 11:54:43,398 | INFO  | SCMAudit | user=jenkins1000 | ip=192.168.5.166 | op=SEND_HEARTBEAT {datanodeUUID=b34bc477-f594-4894-b3be-a6d4c994fd70, command=[]} | ret=SUCCESS |  
2019-08-29 11:54:43,418 | INFO  | SCMAudit | user=jenkins1000 | ip=192.168.5.166 | op=SEND_HEARTBEAT {datanodeUUID=7c3dea4a-666f-498f-b3ec-37d2b2f2aea0, command=[]} | ret=SUCCESS |  
2019-08-29 11:54:43,449 [Thread-438] INFO  impl.FollowerState (FollowerState.java:run(106)) - bd7d2b3e-70a9-4c18-9e48-3057ca72b747:group-39336B115318 changes to CANDIDATE, lastRpcTime:1109, electionTimeout:1103ms
2019-08-29 11:54:43,449 [Thread-438] INFO  impl.RoleInfo (RoleInfo.java:shutdownFollowerState(121)) - bd7d2b3e-70a9-4c18-9e48-3057ca72b747: shutdown FollowerState
2019-08-29 11:54:43,449 [Thread-438] INFO  impl.RaftServerImpl (RaftServerImpl.java:setRole(171)) - bd7d2b3e-70a9-4c18-9e48-3057ca72b747:group-39336B115318 changes role from FOLLOWER to CANDIDATE at term 3 for changeToCandidate
2019-08-29 11:54:43,450 [Thread-438] INFO  impl.RoleInfo (RoleInfo.java:updateAndGet(143)) - bd7d2b3e-70a9-4c18-9e48-3057ca72b747: start LeaderElection
2019-08-29 11:54:43,465 | INFO  | SCMAudit | user=jenkins1000 | ip=192.168.5.166 | op=SEND_HEARTBEAT {datanodeUUID=eec05b1d-f4e8-4418-a60c-420e12deef9f, command=[]} | ret=SUCCESS |  
2019-08-29 11:54:43,469 [Thread-439] INFO  impl.FollowerState (FollowerState.java:run(106)) - 4a332945-53dc-4c0b-b910-cfaf195ac63d:group-39336B115318 changes to CANDIDATE, lastRpcTime:1126, electionTimeout:1121ms
2019-08-29 11:54:43,469 [Thread-439] INFO  impl.RoleInfo (RoleInfo.java:shutdownFollowerState(121)) - 4a332945-53dc-4c0b-b910-cfaf195ac63d: shutdown FollowerState
2019-08-29 11:54:43,469 [Thread-439] INFO  impl.RaftServerImpl (RaftServerImpl.java:setRole(171)) - 4a332945-53dc-4c0b-b910-cfaf195ac63d:group-39336B115318 changes role from FOLLOWER to CANDIDATE at term 3 for changeToCandidate
2019-08-29 11:54:43,470 [Thread-439] INFO  impl.RoleInfo (RoleInfo.java:updateAndGet(143)) - 4a332945-53dc-4c0b-b910-cfaf195ac63d: start LeaderElection
2019-08-29 11:54:43,575 | INFO  | SCMAudit | user=jenkins1000 | ip=192.168.5.166 | op=SEND_HEARTBEAT {datanodeUUID=bd7d2b3e-70a9-4c18-9e48-3057ca72b747, command=[]} | ret=SUCCESS |  
2019-08-29 11:54:43,576 [Thread-440] INFO  impl.FollowerState (FollowerState.java:run(106)) - 07dabde0-c17e-46ed-9a55-144838a04ea2:group-39336B115318 changes to CANDIDATE, lastRpcTime:1177, electionTimeout:1174ms
2019-08-29 11:54:43,576 [Thread-440] INFO  impl.RoleInfo (RoleInfo.java:shutdownFollowerState(121)) - 07dabde0-c17e-46ed-9a55-144838a04ea2: shutdown FollowerState
2019-08-29 11:54:43,577 [Thread-440] INFO  impl.RaftServerImpl (RaftServerImpl.java:setRole(171)) - 07dabde0-c17e-46ed-9a55-144838a04ea2:group-39336B115318 changes role from FOLLOWER to CANDIDATE at term 3 for changeToCandidate
2019-08-29 11:54:43,577 [Thread-440] INFO  impl.RoleInfo (RoleInfo.java:updateAndGet(143)) - 07dabde0-c17e-46ed-9a55-144838a04ea2: start LeaderElection
2019-08-29 11:54:43,613 | INFO  | SCMAudit | user=jenkins1000 | ip=192.168.5.166 | op=SEND_HEARTBEAT {datanodeUUID=920b05f1-a92b-459a-a000-361715d4ee3d, command=[]} | ret=SUCCESS |  
2019-08-29 11:54:43,660 | INFO  | SCMAudit | user=jenkins1000 | ip=192.168.5.166 | op=SEND_HEARTBEAT {datanodeUUID=42efee89-99fa-4c75-b2bf-b3a1b636c7a3, command=[]} | ret=SUCCESS |  
2019-08-29 11:54:43,847 | INFO  | SCMAudit | user=jenkins1000 | ip=192.168.5.166 | op=SEND_HEARTBEAT {datanodeUUID=07dabde0-c17e-46ed-9a55-144838a04ea2, command=[]} | ret=SUCCESS |  
2019-08-29 11:54:43,966 | INFO  | SCMAudit | user=jenkins1000 | ip=192.168.5.166 | op=SEND_HEARTBEAT {datanodeUUID=4a332945-53dc-4c0b-b910-cfaf195ac63d, command=[]} | ret=SUCCESS |  
2019-08-29 11:54:44,394 | INFO  | SCMAudit | user=jenkins1000 | ip=192.168.5.166 | op=SEND_HEARTBEAT {datanodeUUID=03953c42-7b85-4ce6-8578-61fc97f729cc, command=[]} | ret=SUCCESS |  
2019-08-29 11:54:44,394 | INFO  | SCMAudit | user=jenkins1000 | ip=192.168.5.166 | op=SEND_HEARTBEAT {datanodeUUID=e5b95ce0-1250-4c31-97f6-119a472050cb, command=[]} | ret=SUCCESS |  
2019-08-29 11:54:44,394 | INFO  | SCMAudit | user=jenkins1000 | ip=192.168.5.166 | op=SEND_HEARTBEAT {datanodeUUID=b34bc477-f594-4894-b3be-a6d4c994fd70, command=[]} | ret=SUCCESS |  
2019-08-29 11:54:44,422 | INFO  | SCMAudit | user=jenkins1000 | ip=192.168.5.166 | op=SEND_HEARTBEAT {datanodeUUID=7c3dea4a-666f-498f-b3ec-37d2b2f2aea0, command=[]} | ret=SUCCESS |  
2019-08-29 11:54:44,432 [grpc-default-executor-1] INFO  client.GrpcClientProtocolClient (GrpcClientProtocolClient.java:onNext(255)) - client-E41BB10A869E->bd7d2b3e-70a9-4c18-9e48-3057ca72b747: receive RaftClientReply:client-E41BB10A869E->bd7d2b3e-70a9-4c18-9e48-3057ca72b747@group-39336B115318, cid=19, FAILED org.apache.ratis.protocol.NotLeaderException: Server bd7d2b3e-70a9-4c18-9e48-3057ca72b747 is not the leader (null). Request must be sent to leader., logIndex=0, commits[bd7d2b3e-70a9-4c18-9e48-3057ca72b747:c-1]
2019-08-29 11:54:44,465 | INFO  | SCMAudit | user=jenkins1000 | ip=192.168.5.166 | op=SEND_HEARTBEAT {datanodeUUID=eec05b1d-f4e8-4418-a60c-420e12deef9f, command=[]} | ret=SUCCESS |  
2019-08-29 11:54:44,574 | INFO  | SCMAudit | user=jenkins1000 | ip=192.168.5.166 | op=SEND_HEARTBEAT {datanodeUUID=bd7d2b3e-70a9-4c18-9e48-3057ca72b747, command=[]} | ret=SUCCESS |  
2019-08-29 11:54:44,612 | INFO  | SCMAudit | user=jenkins1000 | ip=192.168.5.166 | op=SEND_HEARTBEAT {datanodeUUID=920b05f1-a92b-459a-a000-361715d4ee3d, command=[]} | ret=SUCCESS |  
2019-08-29 11:54:44,660 | INFO  | SCMAudit | user=jenkins1000 | ip=192.168.5.166 | op=SEND_HEARTBEAT {datanodeUUID=42efee89-99fa-4c75-b2bf-b3a1b636c7a3, command=[]} | ret=SUCCESS |  
2019-08-29 11:54:44,847 | INFO  | SCMAudit | user=jenkins1000 | ip=192.168.5.166 | op=SEND_HEARTBEAT {datanodeUUID=07dabde0-c17e-46ed-9a55-144838a04ea2, command=[]} | ret=SUCCESS |  
2019-08-29 11:54:44,966 | INFO  | SCMAudit | user=jenkins1000 | ip=192.168.5.166 | op=SEND_HEARTBEAT {datanodeUUID=4a332945-53dc-4c0b-b910-cfaf195ac63d, command=[]} | ret=SUCCESS |  
2019-08-29 11:54:45,394 | INFO  | SCMAudit | user=jenkins1000 | ip=192.168.5.166 | op=SEND_HEARTBEAT {datanodeUUID=e5b95ce0-1250-4c31-97f6-119a472050cb, command=[]} | ret=SUCCESS |  
2019-08-29 11:54:45,394 | INFO  | SCMAudit | user=jenkins1000 | ip=192.168.5.166 | op=SEND_HEARTBEAT {datanodeUUID=03953c42-7b85-4ce6-8578-61fc97f729cc, command=[]} | ret=SUCCESS |  
2019-08-29 11:54:45,394 | INFO  | SCMAudit | user=jenkins1000 | ip=192.168.5.166 | op=SEND_HEARTBEAT {datanodeUUID=b34bc477-f594-4894-b3be-a6d4c994fd70, command=[]} | ret=SUCCESS |  
2019-08-29 11:54:45,423 | INFO  | SCMAudit | user=jenkins1000 | ip=192.168.5.166 | op=SEND_HEARTBEAT {datanodeUUID=7c3dea4a-666f-498f-b3ec-37d2b2f2aea0, command=[]} | ret=SUCCESS |  
2019-08-29 11:54:45,454 [grpc-default-executor-4] INFO  client.GrpcClientProtocolClient (GrpcClientProtocolClient.java:onNext(255)) - client-E41BB10A869E->4a332945-53dc-4c0b-b910-cfaf195ac63d: receive RaftClientReply:client-E41BB10A869E->4a332945-53dc-4c0b-b910-cfaf195ac63d@group-39336B115318, cid=19, FAILED org.apache.ratis.protocol.NotLeaderException: Server 4a332945-53dc-4c0b-b910-cfaf195ac63d is not the leader (null). Request must be sent to leader., logIndex=0, commits[4a332945-53dc-4c0b-b910-cfaf195ac63d:c-1]
2019-08-29 11:54:45,464 | INFO  | SCMAudit | user=jenkins1000 | ip=192.168.5.166 | op=SEND_HEARTBEAT {datanodeUUID=eec05b1d-f4e8-4418-a60c-420e12deef9f, command=[]} | ret=SUCCESS |  
2019-08-29 11:54:45,574 | INFO  | SCMAudit | user=jenkins1000 | ip=192.168.5.166 | op=SEND_HEARTBEAT {datanodeUUID=bd7d2b3e-70a9-4c18-9e48-3057ca72b747, command=[]} | ret=SUCCESS |  
2019-08-29 11:54:45,612 | INFO  | SCMAudit | user=jenkins1000 | ip=192.168.5.166 | op=SEND_HEARTBEAT {datanodeUUID=920b05f1-a92b-459a-a000-361715d4ee3d, command=[]} | ret=SUCCESS |  
2019-08-29 11:54:45,660 | INFO  | SCMAudit | user=jenkins1000 | ip=192.168.5.166 | op=SEND_HEARTBEAT {datanodeUUID=42efee89-99fa-4c75-b2bf-b3a1b636c7a3, command=[]} | ret=SUCCESS |  
2019-08-29 11:54:45,831 [4a332945-53dc-4c0b-b910-cfaf195ac63d:group-39336B115318:LeaderElection22] INFO  impl.LeaderElection (LeaderElection.java:askForVotes(181)) - 4a332945-53dc-4c0b-b910-cfaf195ac63d:group-39336B115318:LeaderElection22: begin an election at term 4 for -1: [4a332945-53dc-4c0b-b910-cfaf195ac63d:192.168.5.166:44887, 07dabde0-c17e-46ed-9a55-144838a04ea2:192.168.5.166:46770, bd7d2b3e-70a9-4c18-9e48-3057ca72b747:192.168.5.166:45844], old=null
2019-08-29 11:54:45,831 [bd7d2b3e-70a9-4c18-9e48-3057ca72b747:group-39336B115318:LeaderElection21] INFO  impl.LeaderElection (LeaderElection.java:askForVotes(181)) - bd7d2b3e-70a9-4c18-9e48-3057ca72b747:group-39336B115318:LeaderElection21: begin an election at term 4 for -1: [4a332945-53dc-4c0b-b910-cfaf195ac63d:192.168.5.166:44887, 07dabde0-c17e-46ed-9a55-144838a04ea2:192.168.5.166:46770, bd7d2b3e-70a9-4c18-9e48-3057ca72b747:192.168.5.166:45844], old=null
2019-08-29 11:54:45,831 [07dabde0-c17e-46ed-9a55-144838a04ea2:group-39336B115318:LeaderElection23] INFO  impl.LeaderElection (LeaderElection.java:askForVotes(181)) - 07dabde0-c17e-46ed-9a55-144838a04ea2:group-39336B115318:LeaderElection23: begin an election at term 4 for 0: [4a332945-53dc-4c0b-b910-cfaf195ac63d:192.168.5.166:44887, 07dabde0-c17e-46ed-9a55-144838a04ea2:192.168.5.166:46770, bd7d2b3e-70a9-4c18-9e48-3057ca72b747:192.168.5.166:45844], old=null
2019-08-29 11:54:45,847 | INFO  | SCMAudit | user=jenkins1000 | ip=192.168.5.166 | op=SEND_HEARTBEAT {datanodeUUID=07dabde0-c17e-46ed-9a55-144838a04ea2, command=[]} | ret=SUCCESS |  
2019-08-29 11:54:45,851 [4a332945-53dc-4c0b-b910-cfaf195ac63d:group-39336B115318:LeaderElection22] INFO  impl.LeaderElection (LeaderElection.java:logAndReturn(56)) - 4a332945-53dc-4c0b-b910-cfaf195ac63d:group-39336B115318:LeaderElection22: Election REJECTED; received 2 response(s) [4a332945-53dc-4c0b-b910-cfaf195ac63d<-07dabde0-c17e-46ed-9a55-144838a04ea2#0:FAIL-t4, 4a332945-53dc-4c0b-b910-cfaf195ac63d<-bd7d2b3e-70a9-4c18-9e48-3057ca72b747#0:FAIL-t4] and 0 exception(s); 4a332945-53dc-4c0b-b910-cfaf195ac63d:t4, leader=null, voted=4a332945-53dc-4c0b-b910-cfaf195ac63d, raftlog=4a332945-53dc-4c0b-b910-cfaf195ac63d-SegmentedRaftLog:OPENED:c-1,f-1,i0, conf=-1: [4a332945-53dc-4c0b-b910-cfaf195ac63d:192.168.5.166:44887, 07dabde0-c17e-46ed-9a55-144838a04ea2:192.168.5.166:46770, bd7d2b3e-70a9-4c18-9e48-3057ca72b747:192.168.5.166:45844], old=null
2019-08-29 11:54:45,863 [07dabde0-c17e-46ed-9a55-144838a04ea2:group-39336B115318:LeaderElection23] INFO  impl.LeaderElection (LeaderElection.java:logAndReturn(56)) - 07dabde0-c17e-46ed-9a55-144838a04ea2:group-39336B115318:LeaderElection23: Election REJECTED; received 2 response(s) [07dabde0-c17e-46ed-9a55-144838a04ea2<-4a332945-53dc-4c0b-b910-cfaf195ac63d#0:FAIL-t4, 07dabde0-c17e-46ed-9a55-144838a04ea2<-bd7d2b3e-70a9-4c18-9e48-3057ca72b747#0:FAIL-t4] and 0 exception(s); 07dabde0-c17e-46ed-9a55-144838a04ea2:t4, leader=null, voted=07dabde0-c17e-46ed-9a55-144838a04ea2, raftlog=07dabde0-c17e-46ed-9a55-144838a04ea2-SegmentedRaftLog:OPENED:c-1,f0,i0, conf=0: [4a332945-53dc-4c0b-b910-cfaf195ac63d:192.168.5.166:44887, 07dabde0-c17e-46ed-9a55-144838a04ea2:192.168.5.166:46770, bd7d2b3e-70a9-4c18-9e48-3057ca72b747:192.168.5.166:45844], old=null
2019-08-29 11:54:45,863 [4a332945-53dc-4c0b-b910-cfaf195ac63d:group-39336B115318:LeaderElection22] INFO  impl.RaftServerImpl (RaftServerImpl.java:setRole(171)) - 4a332945-53dc-4c0b-b910-cfaf195ac63d:group-39336B115318 changes role from CANDIDATE to FOLLOWER at term 4 for DISCOVERED_A_NEW_TERM
2019-08-29 11:54:45,863 [07dabde0-c17e-46ed-9a55-144838a04ea2:group-39336B115318:LeaderElection23] INFO  impl.RaftServerImpl (RaftServerImpl.java:setRole(171)) - 07dabde0-c17e-46ed-9a55-144838a04ea2:group-39336B115318 changes role from CANDIDATE to FOLLOWER at term 4 for DISCOVERED_A_NEW_TERM
2019-08-29 11:54:45,863 [4a332945-53dc-4c0b-b910-cfaf195ac63d:group-39336B115318:LeaderElection22] INFO  impl.RoleInfo (RoleInfo.java:shutdownLeaderElection(134)) - 4a332945-53dc-4c0b-b910-cfaf195ac63d: shutdown LeaderElection
2019-08-29 11:54:45,863 [07dabde0-c17e-46ed-9a55-144838a04ea2:group-39336B115318:LeaderElection23] INFO  impl.RoleInfo (RoleInfo.java:shutdownLeaderElection(134)) - 07dabde0-c17e-46ed-9a55-144838a04ea2: shutdown LeaderElection
2019-08-29 11:54:45,864 [bd7d2b3e-70a9-4c18-9e48-3057ca72b747:group-39336B115318:LeaderElection21] INFO  impl.LeaderElection (LeaderElection.java:logAndReturn(56)) - bd7d2b3e-70a9-4c18-9e48-3057ca72b747:group-39336B115318:LeaderElection21: Election REJECTED; received 2 response(s) [bd7d2b3e-70a9-4c18-9e48-3057ca72b747<-4a332945-53dc-4c0b-b910-cfaf195ac63d#0:FAIL-t4, bd7d2b3e-70a9-4c18-9e48-3057ca72b747<-07dabde0-c17e-46ed-9a55-144838a04ea2#0:FAIL-t4] and 0 exception(s); bd7d2b3e-70a9-4c18-9e48-3057ca72b747:t4, leader=null, voted=bd7d2b3e-70a9-4c18-9e48-3057ca72b747, raftlog=bd7d2b3e-70a9-4c18-9e48-3057ca72b747-SegmentedRaftLog:OPENED:c-1,f-1,i0, conf=-1: [4a332945-53dc-4c0b-b910-cfaf195ac63d:192.168.5.166:44887, 07dabde0-c17e-46ed-9a55-144838a04ea2:192.168.5.166:46770, bd7d2b3e-70a9-4c18-9e48-3057ca72b747:192.168.5.166:45844], old=null
2019-08-29 11:54:45,864 [07dabde0-c17e-46ed-9a55-144838a04ea2:group-39336B115318:LeaderElection23] INFO  impl.RoleInfo (RoleInfo.java:updateAndGet(143)) - 07dabde0-c17e-46ed-9a55-144838a04ea2: start FollowerState
2019-08-29 11:54:45,864 [4a332945-53dc-4c0b-b910-cfaf195ac63d:group-39336B115318:LeaderElection22] INFO  impl.RoleInfo (RoleInfo.java:updateAndGet(143)) - 4a332945-53dc-4c0b-b910-cfaf195ac63d: start FollowerState
2019-08-29 11:54:45,864 [bd7d2b3e-70a9-4c18-9e48-3057ca72b747:group-39336B115318:LeaderElection21] INFO  impl.RaftServerImpl (RaftServerImpl.java:setRole(171)) - bd7d2b3e-70a9-4c18-9e48-3057ca72b747:group-39336B115318 changes role from CANDIDATE to FOLLOWER at term 4 for DISCOVERED_A_NEW_TERM
2019-08-29 11:54:45,865 [bd7d2b3e-70a9-4c18-9e48-3057ca72b747:group-39336B115318:LeaderElection21] INFO  impl.RoleInfo (RoleInfo.java:shutdownLeaderElection(134)) - bd7d2b3e-70a9-4c18-9e48-3057ca72b747: shutdown LeaderElection
2019-08-29 11:54:45,865 [bd7d2b3e-70a9-4c18-9e48-3057ca72b747:group-39336B115318:LeaderElection21] INFO  impl.RoleInfo (RoleInfo.java:updateAndGet(143)) - bd7d2b3e-70a9-4c18-9e48-3057ca72b747: start FollowerState
2019-08-29 11:54:45,966 | INFO  | SCMAudit | user=jenkins1000 | ip=192.168.5.166 | op=SEND_HEARTBEAT {datanodeUUID=4a332945-53dc-4c0b-b910-cfaf195ac63d, command=[]} | ret=SUCCESS |  
2019-08-29 11:54:46,395 | INFO  | SCMAudit | user=jenkins1000 | ip=192.168.5.166 | op=SEND_HEARTBEAT {datanodeUUID=03953c42-7b85-4ce6-8578-61fc97f729cc, command=[]} | ret=SUCCESS |  
2019-08-29 11:54:46,395 | INFO  | SCMAudit | user=jenkins1000 | ip=192.168.5.166 | op=SEND_HEARTBEAT {datanodeUUID=b34bc477-f594-4894-b3be-a6d4c994fd70, command=[]} | ret=SUCCESS |  
2019-08-29 11:54:46,395 | INFO  | SCMAudit | user=jenkins1000 | ip=192.168.5.166 | op=SEND_HEARTBEAT {datanodeUUID=e5b95ce0-1250-4c31-97f6-119a472050cb, command=[]} | ret=SUCCESS |  
2019-08-29 11:54:46,423 | INFO  | SCMAudit | user=jenkins1000 | ip=192.168.5.166 | op=SEND_HEARTBEAT {datanodeUUID=7c3dea4a-666f-498f-b3ec-37d2b2f2aea0, command=[]} | ret=SUCCESS |  
2019-08-29 11:54:46,464 | INFO  | SCMAudit | user=jenkins1000 | ip=192.168.5.166 | op=SEND_HEARTBEAT {datanodeUUID=eec05b1d-f4e8-4418-a60c-420e12deef9f, command=[]} | ret=SUCCESS |  
2019-08-29 11:54:46,480 [grpc-default-executor-0] INFO  client.GrpcClientProtocolClient (GrpcClientProtocolClient.java:onNext(255)) - client-E41BB10A869E->07dabde0-c17e-46ed-9a55-144838a04ea2: receive RaftClientReply:client-E41BB10A869E->07dabde0-c17e-46ed-9a55-144838a04ea2@group-39336B115318, cid=19, FAILED org.apache.ratis.protocol.NotLeaderException: Server 07dabde0-c17e-46ed-9a55-144838a04ea2 is not the leader (null). Request must be sent to leader., logIndex=0, commits[07dabde0-c17e-46ed-9a55-144838a04ea2:c-1, 4a332945-53dc-4c0b-b910-cfaf195ac63d:c-1, bd7d2b3e-70a9-4c18-9e48-3057ca72b747:c-1]
2019-08-29 11:54:46,574 | INFO  | SCMAudit | user=jenkins1000 | ip=192.168.5.166 | op=SEND_HEARTBEAT {datanodeUUID=bd7d2b3e-70a9-4c18-9e48-3057ca72b747, command=[]} | ret=SUCCESS |  
2019-08-29 11:54:46,613 | INFO  | SCMAudit | user=jenkins1000 | ip=192.168.5.166 | op=SEND_HEARTBEAT {datanodeUUID=920b05f1-a92b-459a-a000-361715d4ee3d, command=[]} | ret=SUCCESS |  
2019-08-29 11:54:46,660 | INFO  | SCMAudit | user=jenkins1000 | ip=192.168.5.166 | op=SEND_HEARTBEAT {datanodeUUID=42efee89-99fa-4c75-b2bf-b3a1b636c7a3, command=[]} | ret=SUCCESS |  
2019-08-29 11:54:46,846 | INFO  | SCMAudit | user=jenkins1000 | ip=192.168.5.166 | op=SEND_HEARTBEAT {datanodeUUID=07dabde0-c17e-46ed-9a55-144838a04ea2, command=[]} | ret=SUCCESS |  
2019-08-29 11:54:46,876 [Thread-489] INFO  impl.FollowerState (FollowerState.java:run(106)) - bd7d2b3e-70a9-4c18-9e48-3057ca72b747:group-39336B115318 changes to CANDIDATE, lastRpcTime:1010, electionTimeout:1010ms
2019-08-29 11:54:46,876 [Thread-489] INFO  impl.RoleInfo (RoleInfo.java:shutdownFollowerState(121)) - bd7d2b3e-70a9-4c18-9e48-3057ca72b747: shutdown FollowerState
2019-08-29 11:54:46,876 [Thread-489] INFO  impl.RaftServerImpl (RaftServerImpl.java:setRole(171)) - bd7d2b3e-70a9-4c18-9e48-3057ca72b747:group-39336B115318 changes role from FOLLOWER to CANDIDATE at term 4 for changeToCandidate
2019-08-29 11:54:46,876 [Thread-489] INFO  impl.RoleInfo (RoleInfo.java:updateAndGet(143)) - bd7d2b3e-70a9-4c18-9e48-3057ca72b747: start LeaderElection
2019-08-29 11:54:46,912 [Thread-487] INFO  impl.FollowerState (FollowerState.java:run(106)) - 4a332945-53dc-4c0b-b910-cfaf195ac63d:group-39336B115318 changes to CANDIDATE, lastRpcTime:1048, electionTimeout:1047ms
2019-08-29 11:54:46,912 [Thread-487] INFO  impl.RoleInfo (RoleInfo.java:shutdownFollowerState(121)) - 4a332945-53dc-4c0b-b910-cfaf195ac63d: shutdown FollowerState
2019-08-29 11:54:46,912 [Thread-487] INFO  impl.RaftServerImpl (RaftServerImpl.java:setRole(171)) - 4a332945-53dc-4c0b-b910-cfaf195ac63d:group-39336B115318 changes role from FOLLOWER to CANDIDATE at term 4 for changeToCandidate
2019-08-29 11:54:46,913 [Thread-487] INFO  impl.RoleInfo (RoleInfo.java:updateAndGet(143)) - 4a332945-53dc-4c0b-b910-cfaf195ac63d: start LeaderElection
2019-08-29 11:54:46,965 [Thread-488] INFO  impl.FollowerState (FollowerState.java:run(106)) - 07dabde0-c17e-46ed-9a55-144838a04ea2:group-39336B115318 changes to CANDIDATE, lastRpcTime:1101, electionTimeout:1100ms
2019-08-29 11:54:46,965 [Thread-488] INFO  impl.RoleInfo (RoleInfo.java:shutdownFollowerState(121)) - 07dabde0-c17e-46ed-9a55-144838a04ea2: shutdown FollowerState
2019-08-29 11:54:46,965 [Thread-488] INFO  impl.RaftServerImpl (RaftServerImpl.java:setRole(171)) - 07dabde0-c17e-46ed-9a55-144838a04ea2:group-39336B115318 changes role from FOLLOWER to CANDIDATE at term 4 for changeToCandidate
2019-08-29 11:54:46,966 [Thread-488] INFO  impl.RoleInfo (RoleInfo.java:updateAndGet(143)) - 07dabde0-c17e-46ed-9a55-144838a04ea2: start LeaderElection
2019-08-29 11:54:46,971 | INFO  | SCMAudit | user=jenkins1000 | ip=192.168.5.166 | op=SEND_HEARTBEAT {datanodeUUID=4a332945-53dc-4c0b-b910-cfaf195ac63d, command=[]} | ret=SUCCESS |  
2019-08-29 11:54:47,395 | INFO  | SCMAudit | user=jenkins1000 | ip=192.168.5.166 | op=SEND_HEARTBEAT {datanodeUUID=e5b95ce0-1250-4c31-97f6-119a472050cb, command=[]} | ret=SUCCESS |  
2019-08-29 11:54:47,395 | INFO  | SCMAudit | user=jenkins1000 | ip=192.168.5.166 | op=SEND_HEARTBEAT {datanodeUUID=b34bc477-f594-4894-b3be-a6d4c994fd70, command=[]} | ret=SUCCESS |  
2019-08-29 11:54:47,395 | INFO  | SCMAudit | user=jenkins1000 | ip=192.168.5.166 | op=SEND_HEARTBEAT {datanodeUUID=03953c42-7b85-4ce6-8578-61fc97f729cc, command=[]} | ret=SUCCESS |  
2019-08-29 11:54:47,423 | INFO  | SCMAudit | user=jenkins1000 | ip=192.168.5.166 | op=SEND_HEARTBEAT {datanodeUUID=7c3dea4a-666f-498f-b3ec-37d2b2f2aea0, command=[]} | ret=SUCCESS |  
2019-08-29 11:54:47,465 | INFO  | SCMAudit | user=jenkins1000 | ip=192.168.5.166 | op=SEND_HEARTBEAT {datanodeUUID=eec05b1d-f4e8-4418-a60c-420e12deef9f, command=[]} | ret=SUCCESS |  
2019-08-29 11:54:47,507 [grpc-default-executor-0] INFO  client.GrpcClientProtocolClient (GrpcClientProtocolClient.java:onNext(255)) - client-E41BB10A869E->bd7d2b3e-70a9-4c18-9e48-3057ca72b747: receive RaftClientReply:client-E41BB10A869E->bd7d2b3e-70a9-4c18-9e48-3057ca72b747@group-39336B115318, cid=19, FAILED org.apache.ratis.protocol.NotLeaderException: Server bd7d2b3e-70a9-4c18-9e48-3057ca72b747 is not the leader (null). Request must be sent to leader., logIndex=0, commits[bd7d2b3e-70a9-4c18-9e48-3057ca72b747:c-1]
2019-08-29 11:54:47,575 | INFO  | SCMAudit | user=jenkins1000 | ip=192.168.5.166 | op=SEND_HEARTBEAT {datanodeUUID=bd7d2b3e-70a9-4c18-9e48-3057ca72b747, command=[]} | ret=SUCCESS |  
2019-08-29 11:54:47,614 | INFO  | SCMAudit | user=jenkins1000 | ip=192.168.5.166 | op=SEND_HEARTBEAT {datanodeUUID=920b05f1-a92b-459a-a000-361715d4ee3d, command=[]} | ret=SUCCESS |  
2019-08-29 11:54:47,659 | INFO  | SCMAudit | user=jenkins1000 | ip=192.168.5.166 | op=SEND_HEARTBEAT {datanodeUUID=42efee89-99fa-4c75-b2bf-b3a1b636c7a3, command=[]} | ret=SUCCESS |  
2019-08-29 11:54:47,847 | INFO  | SCMAudit | user=jenkins1000 | ip=192.168.5.166 | op=SEND_HEARTBEAT {datanodeUUID=07dabde0-c17e-46ed-9a55-144838a04ea2, command=[]} | ret=SUCCESS |  
2019-08-29 11:54:47,967 | INFO  | SCMAudit | user=jenkins1000 | ip=192.168.5.166 | op=SEND_HEARTBEAT {datanodeUUID=4a332945-53dc-4c0b-b910-cfaf195ac63d, command=[]} | ret=SUCCESS |  
2019-08-29 11:54:48,395 | INFO  | SCMAudit | user=jenkins1000 | ip=192.168.5.166 | op=SEND_HEARTBEAT {datanodeUUID=b34bc477-f594-4894-b3be-a6d4c994fd70, command=[]} | ret=SUCCESS |  
2019-08-29 11:54:48,395 | INFO  | SCMAudit | user=jenkins1000 | ip=192.168.5.166 | op=SEND_HEARTBEAT {datanodeUUID=e5b95ce0-1250-4c31-97f6-119a472050cb, command=[]} | ret=SUCCESS |  
2019-08-29 11:54:48,395 | INFO  | SCMAudit | user=jenkins1000 | ip=192.168.5.166 | op=SEND_HEARTBEAT {datanodeUUID=03953c42-7b85-4ce6-8578-61fc97f729cc, command=[]} | ret=SUCCESS |  
2019-08-29 11:54:48,423 | INFO  | SCMAudit | user=jenkins1000 | ip=192.168.5.166 | op=SEND_HEARTBEAT {datanodeUUID=7c3dea4a-666f-498f-b3ec-37d2b2f2aea0, command=[]} | ret=SUCCESS |  
2019-08-29 11:54:48,465 | INFO  | SCMAudit | user=jenkins1000 | ip=192.168.5.166 | op=SEND_HEARTBEAT {datanodeUUID=eec05b1d-f4e8-4418-a60c-420e12deef9f, command=[]} | ret=SUCCESS |  
2019-08-29 11:54:48,530 [grpc-default-executor-1] INFO  client.GrpcClientProtocolClient (GrpcClientProtocolClient.java:onNext(255)) - client-E41BB10A869E->4a332945-53dc-4c0b-b910-cfaf195ac63d: receive RaftClientReply:client-E41BB10A869E->4a332945-53dc-4c0b-b910-cfaf195ac63d@group-39336B115318, cid=19, FAILED org.apache.ratis.protocol.NotLeaderException: Server 4a332945-53dc-4c0b-b910-cfaf195ac63d is not the leader (null). Request must be sent to leader., logIndex=0, commits[4a332945-53dc-4c0b-b910-cfaf195ac63d:c-1]
2019-08-29 11:54:48,575 | INFO  | SCMAudit | user=jenkins1000 | ip=192.168.5.166 | op=SEND_HEARTBEAT {datanodeUUID=bd7d2b3e-70a9-4c18-9e48-3057ca72b747, command=[]} | ret=SUCCESS |  
2019-08-29 11:54:48,614 | INFO  | SCMAudit | user=jenkins1000 | ip=192.168.5.166 | op=SEND_HEARTBEAT {datanodeUUID=920b05f1-a92b-459a-a000-361715d4ee3d, command=[]} | ret=SUCCESS |  
2019-08-29 11:54:48,659 | INFO  | SCMAudit | user=jenkins1000 | ip=192.168.5.166 | op=SEND_HEARTBEAT {datanodeUUID=42efee89-99fa-4c75-b2bf-b3a1b636c7a3, command=[]} | ret=SUCCESS |  
2019-08-29 11:54:48,847 | INFO  | SCMAudit | user=jenkins1000 | ip=192.168.5.166 | op=SEND_HEARTBEAT {datanodeUUID=07dabde0-c17e-46ed-9a55-144838a04ea2, command=[]} | ret=SUCCESS |  
2019-08-29 11:54:48,966 | INFO  | SCMAudit | user=jenkins1000 | ip=192.168.5.166 | op=SEND_HEARTBEAT {datanodeUUID=4a332945-53dc-4c0b-b910-cfaf195ac63d, command=[]} | ret=SUCCESS |  
2019-08-29 11:54:49,395 | INFO  | SCMAudit | user=jenkins1000 | ip=192.168.5.166 | op=SEND_HEARTBEAT {datanodeUUID=03953c42-7b85-4ce6-8578-61fc97f729cc, command=[]} | ret=SUCCESS |  
2019-08-29 11:54:49,395 | INFO  | SCMAudit | user=jenkins1000 | ip=192.168.5.166 | op=SEND_HEARTBEAT {datanodeUUID=e5b95ce0-1250-4c31-97f6-119a472050cb, command=[]} | ret=SUCCESS |  
2019-08-29 11:54:49,395 | INFO  | SCMAudit | user=jenkins1000 | ip=192.168.5.166 | op=SEND_HEARTBEAT {datanodeUUID=b34bc477-f594-4894-b3be-a6d4c994fd70, command=[]} | ret=SUCCESS |  
2019-08-29 11:54:49,422 | INFO  | SCMAudit | user=jenkins1000 | ip=192.168.5.166 | op=SEND_HEARTBEAT {datanodeUUID=7c3dea4a-666f-498f-b3ec-37d2b2f2aea0, command=[]} | ret=SUCCESS |  
2019-08-29 11:54:49,467 | INFO  | SCMAudit | user=jenkins1000 | ip=192.168.5.166 | op=SEND_HEARTBEAT {datanodeUUID=eec05b1d-f4e8-4418-a60c-420e12deef9f, command=[]} | ret=SUCCESS |  
2019-08-29 11:54:49,551 [grpc-default-executor-4] INFO  client.GrpcClientProtocolClient (GrpcClientProtocolClient.java:onNext(255)) - client-E41BB10A869E->bd7d2b3e-70a9-4c18-9e48-3057ca72b747: receive RaftClientReply:client-E41BB10A869E->bd7d2b3e-70a9-4c18-9e48-3057ca72b747@group-39336B115318, cid=19, FAILED org.apache.ratis.protocol.NotLeaderException: Server bd7d2b3e-70a9-4c18-9e48-3057ca72b747 is not the leader (null). Request must be sent to leader., logIndex=0, commits[bd7d2b3e-70a9-4c18-9e48-3057ca72b747:c-1]
2019-08-29 11:54:49,586 [main] WARN  io.KeyOutputStream (KeyOutputStream.java:handleException(276)) - Encountered exception java.io.IOException: Unexpected Storage Container Exception: java.util.concurrent.CompletionException: java.util.concurrent.CompletionException: org.apache.ratis.protocol.RaftRetryFailureException: Failed RaftClientRequest:client-E41BB10A869E->bd7d2b3e-70a9-4c18-9e48-3057ca72b747@group-39336B115318, cid=19, seq=1*, RW, org.apache.hadoop.hdds.scm.XceiverClientRatis$$Lambda$428/1903856246@37fffe2e for 10 attempts with RetryLimited(maxAttempts=10, sleepTime=1000ms) on the pipeline Pipeline[ Id: de5feacf-52c6-40b2-b983-39336b115318, Nodes: 07dabde0-c17e-46ed-9a55-144838a04ea2{ip: 192.168.5.166, host: pr-hdds-2030-qplxq-3692370286, networkLocation: /default-rack, certSerialId: null}bd7d2b3e-70a9-4c18-9e48-3057ca72b747{ip: 192.168.5.166, host: pr-hdds-2030-qplxq-3692370286, networkLocation: /default-rack, certSerialId: null}4a332945-53dc-4c0b-b910-cfaf195ac63d{ip: 192.168.5.166, host: pr-hdds-2030-qplxq-3692370286, networkLocation: /default-rack, certSerialId: null}, Type:RATIS, Factor:THREE, State:OPEN]. The last committed block length is 0, uncommitted data length is 2097152 retry count 0
2019-08-29 11:54:49,587 | INFO  | SCMAudit | user=jenkins1000 | ip=192.168.5.166 | op=SEND_HEARTBEAT {datanodeUUID=bd7d2b3e-70a9-4c18-9e48-3057ca72b747, command=[]} | ret=SUCCESS |  
2019-08-29 11:54:49,614 | INFO  | SCMAudit | user=jenkins1000 | ip=192.168.5.166 | op=SEND_HEARTBEAT {datanodeUUID=920b05f1-a92b-459a-a000-361715d4ee3d, command=[]} | ret=SUCCESS |  
2019-08-29 11:54:49,659 | INFO  | SCMAudit | user=jenkins1000 | ip=192.168.5.166 | op=SEND_HEARTBEAT {datanodeUUID=42efee89-99fa-4c75-b2bf-b3a1b636c7a3, command=[]} | ret=SUCCESS |  
2019-08-29 11:54:49,666 [bd7d2b3e-70a9-4c18-9e48-3057ca72b747:group-39336B115318:LeaderElection24] INFO  impl.LeaderElection (LeaderElection.java:askForVotes(181)) - bd7d2b3e-70a9-4c18-9e48-3057ca72b747:group-39336B115318:LeaderElection24: begin an election at term 5 for -1: [4a332945-53dc-4c0b-b910-cfaf195ac63d:192.168.5.166:44887, 07dabde0-c17e-46ed-9a55-144838a04ea2:192.168.5.166:46770, bd7d2b3e-70a9-4c18-9e48-3057ca72b747:192.168.5.166:45844], old=null
2019-08-29 11:54:49,666 [4a332945-53dc-4c0b-b910-cfaf195ac63d:group-39336B115318:LeaderElection25] INFO  impl.LeaderElection (LeaderElection.java:askForVotes(181)) - 4a332945-53dc-4c0b-b910-cfaf195ac63d:group-39336B115318:LeaderElection25: begin an election at term 5 for -1: [4a332945-53dc-4c0b-b910-cfaf195ac63d:192.168.5.166:44887, 07dabde0-c17e-46ed-9a55-144838a04ea2:192.168.5.166:46770, bd7d2b3e-70a9-4c18-9e48-3057ca72b747:192.168.5.166:45844], old=null
2019-08-29 11:54:49,666 [07dabde0-c17e-46ed-9a55-144838a04ea2:group-39336B115318:LeaderElection26] INFO  impl.LeaderElection (LeaderElection.java:askForVotes(181)) - 07dabde0-c17e-46ed-9a55-144838a04ea2:group-39336B115318:LeaderElection26: begin an election at term 5 for 0: [4a332945-53dc-4c0b-b910-cfaf195ac63d:192.168.5.166:44887, 07dabde0-c17e-46ed-9a55-144838a04ea2:192.168.5.166:46770, bd7d2b3e-70a9-4c18-9e48-3057ca72b747:192.168.5.166:45844], old=null
2019-08-29 11:54:49,671 [bd7d2b3e-70a9-4c18-9e48-3057ca72b747:group-39336B115318:LeaderElection24] INFO  impl.LeaderElection (LeaderElection.java:logAndReturn(56)) - bd7d2b3e-70a9-4c18-9e48-3057ca72b747:group-39336B115318:LeaderElection24: Election REJECTED; received 2 response(s) [bd7d2b3e-70a9-4c18-9e48-3057ca72b747<-4a332945-53dc-4c0b-b910-cfaf195ac63d#0:FAIL-t5, bd7d2b3e-70a9-4c18-9e48-3057ca72b747<-07dabde0-c17e-46ed-9a55-144838a04ea2#0:FAIL-t5] and 0 exception(s); bd7d2b3e-70a9-4c18-9e48-3057ca72b747:t5, leader=null, voted=bd7d2b3e-70a9-4c18-9e48-3057ca72b747, raftlog=bd7d2b3e-70a9-4c18-9e48-3057ca72b747-SegmentedRaftLog:OPENED:c-1,f-1,i0, conf=-1: [4a332945-53dc-4c0b-b910-cfaf195ac63d:192.168.5.166:44887, 07dabde0-c17e-46ed-9a55-144838a04ea2:192.168.5.166:46770, bd7d2b3e-70a9-4c18-9e48-3057ca72b747:192.168.5.166:45844], old=null
2019-08-29 11:54:49,671 [bd7d2b3e-70a9-4c18-9e48-3057ca72b747:group-39336B115318:LeaderElection24] INFO  impl.RaftServerImpl (RaftServerImpl.java:setRole(171)) - bd7d2b3e-70a9-4c18-9e48-3057ca72b747:group-39336B115318 changes role from CANDIDATE to FOLLOWER at term 5 for DISCOVERED_A_NEW_TERM
2019-08-29 11:54:49,671 [bd7d2b3e-70a9-4c18-9e48-3057ca72b747:group-39336B115318:LeaderElection24] INFO  impl.RoleInfo (RoleInfo.java:shutdownLeaderElection(134)) - bd7d2b3e-70a9-4c18-9e48-3057ca72b747: shutdown LeaderElection
2019-08-29 11:54:49,671 [bd7d2b3e-70a9-4c18-9e48-3057ca72b747:group-39336B115318:LeaderElection24] INFO  impl.RoleInfo (RoleInfo.java:updateAndGet(143)) - bd7d2b3e-70a9-4c18-9e48-3057ca72b747: start FollowerState
2019-08-29 11:54:49,673 [07dabde0-c17e-46ed-9a55-144838a04ea2:group-39336B115318:LeaderElection26] INFO  impl.LeaderElection (LeaderElection.java:logAndReturn(56)) - 07dabde0-c17e-46ed-9a55-144838a04ea2:group-39336B115318:LeaderElection26: Election REJECTED; received 2 response(s) [07dabde0-c17e-46ed-9a55-144838a04ea2<-4a332945-53dc-4c0b-b910-cfaf195ac63d#0:FAIL-t5, 07dabde0-c17e-46ed-9a55-144838a04ea2<-bd7d2b3e-70a9-4c18-9e48-3057ca72b747#0:FAIL-t5] and 0 exception(s); 07dabde0-c17e-46ed-9a55-144838a04ea2:t5, leader=null, voted=07dabde0-c17e-46ed-9a55-144838a04ea2, raftlog=07dabde0-c17e-46ed-9a55-144838a04ea2-SegmentedRaftLog:OPENED:c-1,f0,i0, conf=0: [4a332945-53dc-4c0b-b910-cfaf195ac63d:192.168.5.166:44887, 07dabde0-c17e-46ed-9a55-144838a04ea2:192.168.5.166:46770, bd7d2b3e-70a9-4c18-9e48-3057ca72b747:192.168.5.166:45844], old=null
2019-08-29 11:54:49,673 [07dabde0-c17e-46ed-9a55-144838a04ea2:group-39336B115318:LeaderElection26] INFO  impl.RaftServerImpl (RaftServerImpl.java:setRole(171)) - 07dabde0-c17e-46ed-9a55-144838a04ea2:group-39336B115318 changes role from CANDIDATE to FOLLOWER at term 5 for DISCOVERED_A_NEW_TERM
2019-08-29 11:54:49,673 [07dabde0-c17e-46ed-9a55-144838a04ea2:group-39336B115318:LeaderElection26] INFO  impl.RoleInfo (RoleInfo.java:shutdownLeaderElection(134)) - 07dabde0-c17e-46ed-9a55-144838a04ea2: shutdown LeaderElection
2019-08-29 11:54:49,673 [07dabde0-c17e-46ed-9a55-144838a04ea2:group-39336B115318:LeaderElection26] INFO  impl.RoleInfo (RoleInfo.java:updateAndGet(143)) - 07dabde0-c17e-46ed-9a55-144838a04ea2: start FollowerState
2019-08-29 11:54:49,673 [4a332945-53dc-4c0b-b910-cfaf195ac63d:group-39336B115318:LeaderElection25] INFO  impl.LeaderElection (LeaderElection.java:logAndReturn(56)) - 4a332945-53dc-4c0b-b910-cfaf195ac63d:group-39336B115318:LeaderElection25: Election REJECTED; received 2 response(s) [4a332945-53dc-4c0b-b910-cfaf195ac63d<-07dabde0-c17e-46ed-9a55-144838a04ea2#0:FAIL-t5, 4a332945-53dc-4c0b-b910-cfaf195ac63d<-bd7d2b3e-70a9-4c18-9e48-3057ca72b747#0:FAIL-t5] and 0 exception(s); 4a332945-53dc-4c0b-b910-cfaf195ac63d:t5, leader=null, voted=4a332945-53dc-4c0b-b910-cfaf195ac63d, raftlog=4a332945-53dc-4c0b-b910-cfaf195ac63d-SegmentedRaftLog:OPENED:c-1,f-1,i0, conf=-1: [4a332945-53dc-4c0b-b910-cfaf195ac63d:192.168.5.166:44887, 07dabde0-c17e-46ed-9a55-144838a04ea2:192.168.5.166:46770, bd7d2b3e-70a9-4c18-9e48-3057ca72b747:192.168.5.166:45844], old=null
2019-08-29 11:54:49,674 [4a332945-53dc-4c0b-b910-cfaf195ac63d:group-39336B115318:LeaderElection25] INFO  impl.RaftServerImpl (RaftServerImpl.java:setRole(171)) - 4a332945-53dc-4c0b-b910-cfaf195ac63d:group-39336B115318 changes role from CANDIDATE to FOLLOWER at term 5 for DISCOVERED_A_NEW_TERM
2019-08-29 11:54:49,674 [4a332945-53dc-4c0b-b910-cfaf195ac63d:group-39336B115318:LeaderElection25] INFO  impl.RoleInfo (RoleInfo.java:shutdownLeaderElection(134)) - 4a332945-53dc-4c0b-b910-cfaf195ac63d: shutdown LeaderElection
2019-08-29 11:54:49,674 [4a332945-53dc-4c0b-b910-cfaf195ac63d:group-39336B115318:LeaderElection25] INFO  impl.RoleInfo (RoleInfo.java:updateAndGet(143)) - 4a332945-53dc-4c0b-b910-cfaf195ac63d: start FollowerState
2019-08-29 11:54:49,846 | INFO  | SCMAudit | user=jenkins1000 | ip=192.168.5.166 | op=SEND_HEARTBEAT {datanodeUUID=07dabde0-c17e-46ed-9a55-144838a04ea2, command=[]} | ret=SUCCESS |  
2019-08-29 11:54:49,966 | INFO  | SCMAudit | user=jenkins1000 | ip=192.168.5.166 | op=SEND_HEARTBEAT {datanodeUUID=4a332945-53dc-4c0b-b910-cfaf195ac63d, command=[]} | ret=SUCCESS |  
2019-08-29 11:54:50,395 | INFO  | SCMAudit | user=jenkins1000 | ip=192.168.5.166 | op=SEND_HEARTBEAT {datanodeUUID=b34bc477-f594-4894-b3be-a6d4c994fd70, command=[]} | ret=SUCCESS |  
2019-08-29 11:54:50,395 | INFO  | SCMAudit | user=jenkins1000 | ip=192.168.5.166 | op=SEND_HEARTBEAT {datanodeUUID=e5b95ce0-1250-4c31-97f6-119a472050cb, command=[]} | ret=SUCCESS |  
2019-08-29 11:54:50,396 | INFO  | SCMAudit | user=jenkins1000 | ip=192.168.5.166 | op=SEND_HEARTBEAT {datanodeUUID=03953c42-7b85-4ce6-8578-61fc97f729cc, command=[]} | ret=SUCCESS |  
2019-08-29 11:54:50,422 | INFO  | SCMAudit | user=jenkins1000 | ip=192.168.5.166 | op=SEND_HEARTBEAT {datanodeUUID=7c3dea4a-666f-498f-b3ec-37d2b2f2aea0, command=[]} | ret=SUCCESS |  
2019-08-29 11:54:50,467 | INFO  | SCMAudit | user=jenkins1000 | ip=192.168.5.166 | op=SEND_HEARTBEAT {datanodeUUID=eec05b1d-f4e8-4418-a60c-420e12deef9f, command=[]} | ret=SUCCESS |  
2019-08-29 11:54:50,587 | INFO  | SCMAudit | user=jenkins1000 | ip=192.168.5.166 | op=SEND_HEARTBEAT {datanodeUUID=bd7d2b3e-70a9-4c18-9e48-3057ca72b747, command=[]} | ret=SUCCESS |  
2019-08-29 11:54:50,613 | INFO  | SCMAudit | user=jenkins1000 | ip=192.168.5.166 | op=SEND_HEARTBEAT {datanodeUUID=920b05f1-a92b-459a-a000-361715d4ee3d, command=[]} | ret=SUCCESS |  
2019-08-29 11:54:50,659 | INFO  | SCMAudit | user=jenkins1000 | ip=192.168.5.166 | op=SEND_HEARTBEAT {datanodeUUID=42efee89-99fa-4c75-b2bf-b3a1b636c7a3, command=[]} | ret=SUCCESS |  
2019-08-29 11:54:50,745 [Thread-544] INFO  impl.FollowerState (FollowerState.java:run(106)) - 4a332945-53dc-4c0b-b910-cfaf195ac63d:group-39336B115318 changes to CANDIDATE, lastRpcTime:1070, electionTimeout:1070ms
2019-08-29 11:54:50,745 [Thread-544] INFO  impl.RoleInfo (RoleInfo.java:shutdownFollowerState(121)) - 4a332945-53dc-4c0b-b910-cfaf195ac63d: shutdown FollowerState
2019-08-29 11:54:50,745 [Thread-544] INFO  impl.RaftServerImpl (RaftServerImpl.java:setRole(171)) - 4a332945-53dc-4c0b-b910-cfaf195ac63d:group-39336B115318 changes role from FOLLOWER to CANDIDATE at term 5 for changeToCandidate
2019-08-29 11:54:50,746 [Thread-544] INFO  impl.RoleInfo (RoleInfo.java:updateAndGet(143)) - 4a332945-53dc-4c0b-b910-cfaf195ac63d: start LeaderElection
2019-08-29 11:54:50,787 [Thread-543] INFO  impl.FollowerState (FollowerState.java:run(106)) - 07dabde0-c17e-46ed-9a55-144838a04ea2:group-39336B115318 changes to CANDIDATE, lastRpcTime:1113, electionTimeout:1113ms
2019-08-29 11:54:50,787 [Thread-543] INFO  impl.RoleInfo (RoleInfo.java:shutdownFollowerState(121)) - 07dabde0-c17e-46ed-9a55-144838a04ea2: shutdown FollowerState
2019-08-29 11:54:50,787 [Thread-543] INFO  impl.RaftServerImpl (RaftServerImpl.java:setRole(171)) - 07dabde0-c17e-46ed-9a55-144838a04ea2:group-39336B115318 changes role from FOLLOWER to CANDIDATE at term 5 for changeToCandidate
2019-08-29 11:54:50,787 [Thread-543] INFO  impl.RoleInfo (RoleInfo.java:updateAndGet(143)) - 07dabde0-c17e-46ed-9a55-144838a04ea2: start LeaderElection
2019-08-29 11:54:50,831 [Thread-542] INFO  impl.FollowerState (FollowerState.java:run(106)) - bd7d2b3e-70a9-4c18-9e48-3057ca72b747:group-39336B115318 changes to CANDIDATE, lastRpcTime:1159, electionTimeout:1159ms
2019-08-29 11:54:50,831 [Thread-542] INFO  impl.RoleInfo (RoleInfo.java:shutdownFollowerState(121)) - bd7d2b3e-70a9-4c18-9e48-3057ca72b747: shutdown FollowerState
2019-08-29 11:54:50,831 [Thread-542] INFO  impl.RaftServerImpl (RaftServerImpl.java:setRole(171)) - bd7d2b3e-70a9-4c18-9e48-3057ca72b747:group-39336B115318 changes role from FOLLOWER to CANDIDATE at term 5 for changeToCandidate
2019-08-29 11:54:50,832 [Thread-542] INFO  impl.RoleInfo (RoleInfo.java:updateAndGet(143)) - bd7d2b3e-70a9-4c18-9e48-3057ca72b747: start LeaderElection
2019-08-29 11:54:50,846 | INFO  | SCMAudit | user=jenkins1000 | ip=192.168.5.166 | op=SEND_HEARTBEAT {datanodeUUID=07dabde0-c17e-46ed-9a55-144838a04ea2, command=[]} | ret=SUCCESS |  
2019-08-29 11:54:50,966 | INFO  | SCMAudit | user=jenkins1000 | ip=192.168.5.166 | op=SEND_HEARTBEAT {datanodeUUID=4a332945-53dc-4c0b-b910-cfaf195ac63d, command=[]} | ret=SUCCESS |  
2019-08-29 11:54:51,394 | INFO  | SCMAudit | user=jenkins1000 | ip=192.168.5.166 | op=SEND_HEARTBEAT {datanodeUUID=e5b95ce0-1250-4c31-97f6-119a472050cb, command=[]} | ret=SUCCESS |  
2019-08-29 11:54:51,395 | INFO  | SCMAudit | user=jenkins1000 | ip=192.168.5.166 | op=SEND_HEARTBEAT {datanodeUUID=03953c42-7b85-4ce6-8578-61fc97f729cc, command=[]} | ret=SUCCESS |  
2019-08-29 11:54:51,395 | INFO  | SCMAudit | user=jenkins1000 | ip=192.168.5.166 | op=SEND_HEARTBEAT {datanodeUUID=b34bc477-f594-4894-b3be-a6d4c994fd70, command=[]} | ret=SUCCESS |  
2019-08-29 11:54:51,422 | INFO  | SCMAudit | user=jenkins1000 | ip=192.168.5.166 | op=SEND_HEARTBEAT {datanodeUUID=7c3dea4a-666f-498f-b3ec-37d2b2f2aea0, command=[]} | ret=SUCCESS |  
2019-08-29 11:54:51,467 | INFO  | SCMAudit | user=jenkins1000 | ip=192.168.5.166 | op=SEND_HEARTBEAT {datanodeUUID=eec05b1d-f4e8-4418-a60c-420e12deef9f, command=[]} | ret=SUCCESS |  
2019-08-29 11:54:51,588 | INFO  | SCMAudit | user=jenkins1000 | ip=192.168.5.166 | op=SEND_HEARTBEAT {datanodeUUID=bd7d2b3e-70a9-4c18-9e48-3057ca72b747, command=[]} | ret=SUCCESS |  
2019-08-29 11:54:51,613 | INFO  | SCMAudit | user=jenkins1000 | ip=192.168.5.166 | op=SEND_HEARTBEAT {datanodeUUID=920b05f1-a92b-459a-a000-361715d4ee3d, command=[]} | ret=SUCCESS |  
2019-08-29 11:54:51,659 | INFO  | SCMAudit | user=jenkins1000 | ip=192.168.5.166 | op=SEND_HEARTBEAT {datanodeUUID=42efee89-99fa-4c75-b2bf-b3a1b636c7a3, command=[]} | ret=SUCCESS |  
2019-08-29 11:54:51,846 | INFO  | SCMAudit | user=jenkins1000 | ip=192.168.5.166 | op=SEND_HEARTBEAT {datanodeUUID=07dabde0-c17e-46ed-9a55-144838a04ea2, command=[]} | ret=SUCCESS |  
2019-08-29 11:54:51,967 | INFO  | SCMAudit | user=jenkins1000 | ip=192.168.5.166 | op=SEND_HEARTBEAT {datanodeUUID=4a332945-53dc-4c0b-b910-cfaf195ac63d, command=[]} | ret=SUCCESS |  
2019-08-29 11:54:52,395 | INFO  | SCMAudit | user=jenkins1000 | ip=192.168.5.166 | op=SEND_HEARTBEAT {datanodeUUID=e5b95ce0-1250-4c31-97f6-119a472050cb, command=[]} | ret=SUCCESS |  
2019-08-29 11:54:52,395 | INFO  | SCMAudit | user=jenkins1000 | ip=192.168.5.166 | op=SEND_HEARTBEAT {datanodeUUID=03953c42-7b85-4ce6-8578-61fc97f729cc, command=[]} | ret=SUCCESS |  
2019-08-29 11:54:52,395 | INFO  | SCMAudit | user=jenkins1000 | ip=192.168.5.166 | op=SEND_HEARTBEAT {datanodeUUID=b34bc477-f594-4894-b3be-a6d4c994fd70, command=[]} | ret=SUCCESS |  
2019-08-29 11:54:52,422 | INFO  | SCMAudit | user=jenkins1000 | ip=192.168.5.166 | op=SEND_HEARTBEAT {datanodeUUID=7c3dea4a-666f-498f-b3ec-37d2b2f2aea0, command=[]} | ret=SUCCESS |  
2019-08-29 11:54:52,467 | INFO  | SCMAudit | user=jenkins1000 | ip=192.168.5.166 | op=SEND_HEARTBEAT {datanodeUUID=eec05b1d-f4e8-4418-a60c-420e12deef9f, command=[]} | ret=SUCCESS |  
2019-08-29 11:54:52,588 | INFO  | SCMAudit | user=jenkins1000 | ip=192.168.5.166 | op=SEND_HEARTBEAT {datanodeUUID=bd7d2b3e-70a9-4c18-9e48-3057ca72b747, command=[]} | ret=SUCCESS |  
2019-08-29 11:54:52,613 | INFO  | SCMAudit | user=jenkins1000 | ip=192.168.5.166 | op=SEND_HEARTBEAT {datanodeUUID=920b05f1-a92b-459a-a000-361715d4ee3d, command=[]} | ret=SUCCESS |  
2019-08-29 11:54:52,659 | INFO  | SCMAudit | user=jenkins1000 | ip=192.168.5.166 | op=SEND_HEARTBEAT {datanodeUUID=42efee89-99fa-4c75-b2bf-b3a1b636c7a3, command=[]} | ret=SUCCESS |  
2019-08-29 11:54:52,743 [java.util.concurrent.ThreadPoolExecutor$Worker@1d34aecc[State = -1, empty queue]] WARN  server.GrpcLogAppender (GrpcLogAppender.java:timeoutAppendRequest(200)) - GrpcLogAppender(42efee89-99fa-4c75-b2bf-b3a1b636c7a3->b34bc477-f594-4894-b3be-a6d4c994fd70): appendEntries Timeout, request=42efee89-99fa-4c75-b2bf-b3a1b636c7a3->b34bc477-f594-4894-b3be-a6d4c994fd70#16-t2, previous=(t:2, i:0), leaderCommit=0, initializing? false, entries: size=1, first=(t:2, i:1), STATEMACHINELOGENTRY, client-9B9D18C8137A, cid=23
2019-08-29 11:54:52,743 [java.util.concurrent.ThreadPoolExecutor$Worker@36232c7e[State = -1, empty queue]] WARN  server.GrpcLogAppender (GrpcLogAppender.java:timeoutAppendRequest(200)) - GrpcLogAppender(42efee89-99fa-4c75-b2bf-b3a1b636c7a3->920b05f1-a92b-459a-a000-361715d4ee3d): appendEntries Timeout, request=42efee89-99fa-4c75-b2bf-b3a1b636c7a3->920b05f1-a92b-459a-a000-361715d4ee3d#16-t2, previous=(t:2, i:0), leaderCommit=0, initializing? false, entries: size=1, first=(t:2, i:1), STATEMACHINELOGENTRY, client-9B9D18C8137A, cid=23
2019-08-29 11:54:52,847 | INFO  | SCMAudit | user=jenkins1000 | ip=192.168.5.166 | op=SEND_HEARTBEAT {datanodeUUID=07dabde0-c17e-46ed-9a55-144838a04ea2, command=[]} | ret=SUCCESS |  
2019-08-29 11:54:52,966 | INFO  | SCMAudit | user=jenkins1000 | ip=192.168.5.166 | op=SEND_HEARTBEAT {datanodeUUID=4a332945-53dc-4c0b-b910-cfaf195ac63d, command=[]} | ret=SUCCESS |  
2019-08-29 11:54:53,243 [java.util.concurrent.ThreadPoolExecutor$Worker@36232c7e[State = -1, empty queue]] WARN  server.GrpcLogAppender (GrpcLogAppender.java:timeoutAppendRequest(200)) - GrpcLogAppender(42efee89-99fa-4c75-b2bf-b3a1b636c7a3->920b05f1-a92b-459a-a000-361715d4ee3d): appendEntries Timeout, request=42efee89-99fa-4c75-b2bf-b3a1b636c7a3->920b05f1-a92b-459a-a000-361715d4ee3d#17-t2, previous=(t:2, i:1), leaderCommit=0, initializing? false, entries: <empty>
2019-08-29 11:54:53,243 [java.util.concurrent.ThreadPoolExecutor$Worker@1d34aecc[State = -1, empty queue]] WARN  server.GrpcLogAppender (GrpcLogAppender.java:timeoutAppendRequest(200)) - GrpcLogAppender(42efee89-99fa-4c75-b2bf-b3a1b636c7a3->b34bc477-f594-4894-b3be-a6d4c994fd70): appendEntries Timeout, request=42efee89-99fa-4c75-b2bf-b3a1b636c7a3->b34bc477-f594-4894-b3be-a6d4c994fd70#17-t2, previous=(t:2, i:1), leaderCommit=0, initializing? false, entries: <empty>
2019-08-29 11:54:53,395 | INFO  | SCMAudit | user=jenkins1000 | ip=192.168.5.166 | op=SEND_HEARTBEAT {datanodeUUID=e5b95ce0-1250-4c31-97f6-119a472050cb, command=[]} | ret=SUCCESS |  
2019-08-29 11:54:53,395 | INFO  | SCMAudit | user=jenkins1000 | ip=192.168.5.166 | op=SEND_HEARTBEAT {datanodeUUID=b34bc477-f594-4894-b3be-a6d4c994fd70, command=[]} | ret=SUCCESS |  
2019-08-29 11:54:53,395 | INFO  | SCMAudit | user=jenkins1000 | ip=192.168.5.166 | op=SEND_HEARTBEAT {datanodeUUID=03953c42-7b85-4ce6-8578-61fc97f729cc, command=[]} | ret=SUCCESS |  
2019-08-29 11:54:53,422 | INFO  | SCMAudit | user=jenkins1000 | ip=192.168.5.166 | op=SEND_HEARTBEAT {datanodeUUID=7c3dea4a-666f-498f-b3ec-37d2b2f2aea0, command=[]} | ret=SUCCESS |  
2019-08-29 11:54:53,466 | INFO  | SCMAudit | user=jenkins1000 | ip=192.168.5.166 | op=SEND_HEARTBEAT {datanodeUUID=eec05b1d-f4e8-4418-a60c-420e12deef9f, command=[]} | ret=SUCCESS |  
2019-08-29 11:54:53,517 [bd7d2b3e-70a9-4c18-9e48-3057ca72b747:group-39336B115318:LeaderElection29] INFO  impl.LeaderElection (LeaderElection.java:askForVotes(181)) - bd7d2b3e-70a9-4c18-9e48-3057ca72b747:group-39336B115318:LeaderElection29: begin an election at term 6 for -1: [4a332945-53dc-4c0b-b910-cfaf195ac63d:192.168.5.166:44887, 07dabde0-c17e-46ed-9a55-144838a04ea2:192.168.5.166:46770, bd7d2b3e-70a9-4c18-9e48-3057ca72b747:192.168.5.166:45844], old=null
2019-08-29 11:54:53,517 [4a332945-53dc-4c0b-b910-cfaf195ac63d:group-39336B115318:LeaderElection27] INFO  impl.LeaderElection (LeaderElection.java:askForVotes(181)) - 4a332945-53dc-4c0b-b910-cfaf195ac63d:group-39336B115318:LeaderElection27: begin an election at term 6 for -1: [4a332945-53dc-4c0b-b910-cfaf195ac63d:192.168.5.166:44887, 07dabde0-c17e-46ed-9a55-144838a04ea2:192.168.5.166:46770, bd7d2b3e-70a9-4c18-9e48-3057ca72b747:192.168.5.166:45844], old=null
2019-08-29 11:54:53,517 [07dabde0-c17e-46ed-9a55-144838a04ea2:group-39336B115318:LeaderElection28] INFO  impl.LeaderElection (LeaderElection.java:askForVotes(181)) - 07dabde0-c17e-46ed-9a55-144838a04ea2:group-39336B115318:LeaderElection28: begin an election at term 6 for 0: [4a332945-53dc-4c0b-b910-cfaf195ac63d:192.168.5.166:44887, 07dabde0-c17e-46ed-9a55-144838a04ea2:192.168.5.166:46770, bd7d2b3e-70a9-4c18-9e48-3057ca72b747:192.168.5.166:45844], old=null
2019-08-29 11:54:53,523 [bd7d2b3e-70a9-4c18-9e48-3057ca72b747:group-39336B115318:LeaderElection29] INFO  impl.LeaderElection (LeaderElection.java:logAndReturn(56)) - bd7d2b3e-70a9-4c18-9e48-3057ca72b747:group-39336B115318:LeaderElection29: Election REJECTED; received 2 response(s) [bd7d2b3e-70a9-4c18-9e48-3057ca72b747<-4a332945-53dc-4c0b-b910-cfaf195ac63d#0:FAIL-t6, bd7d2b3e-70a9-4c18-9e48-3057ca72b747<-07dabde0-c17e-46ed-9a55-144838a04ea2#0:FAIL-t6] and 0 exception(s); bd7d2b3e-70a9-4c18-9e48-3057ca72b747:t6, leader=null, voted=bd7d2b3e-70a9-4c18-9e48-3057ca72b747, raftlog=bd7d2b3e-70a9-4c18-9e48-3057ca72b747-SegmentedRaftLog:OPENED:c-1,f-1,i0, conf=-1: [4a332945-53dc-4c0b-b910-cfaf195ac63d:192.168.5.166:44887, 07dabde0-c17e-46ed-9a55-144838a04ea2:192.168.5.166:46770, bd7d2b3e-70a9-4c18-9e48-3057ca72b747:192.168.5.166:45844], old=null
2019-08-29 11:54:53,524 [bd7d2b3e-70a9-4c18-9e48-3057ca72b747:group-39336B115318:LeaderElection29] INFO  impl.RaftServerImpl (RaftServerImpl.java:setRole(171)) - bd7d2b3e-70a9-4c18-9e48-3057ca72b747:group-39336B115318 changes role from CANDIDATE to FOLLOWER at term 6 for DISCOVERED_A_NEW_TERM
2019-08-29 11:54:53,524 [bd7d2b3e-70a9-4c18-9e48-3057ca72b747:group-39336B115318:LeaderElection29] INFO  impl.RoleInfo (RoleInfo.java:shutdownLeaderElection(134)) - bd7d2b3e-70a9-4c18-9e48-3057ca72b747: shutdown LeaderElection
2019-08-29 11:54:53,524 [bd7d2b3e-70a9-4c18-9e48-3057ca72b747:group-39336B115318:LeaderElection29] INFO  impl.RoleInfo (RoleInfo.java:updateAndGet(143)) - bd7d2b3e-70a9-4c18-9e48-3057ca72b747: start FollowerState
2019-08-29 11:54:53,524 [07dabde0-c17e-46ed-9a55-144838a04ea2:group-39336B115318:LeaderElection28] INFO  impl.LeaderElection (LeaderElection.java:logAndReturn(56)) - 07dabde0-c17e-46ed-9a55-144838a04ea2:group-39336B115318:LeaderElection28: Election REJECTED; received 2 response(s) [07dabde0-c17e-46ed-9a55-144838a04ea2<-4a332945-53dc-4c0b-b910-cfaf195ac63d#0:FAIL-t6, 07dabde0-c17e-46ed-9a55-144838a04ea2<-bd7d2b3e-70a9-4c18-9e48-3057ca72b747#0:FAIL-t6] and 0 exception(s); 07dabde0-c17e-46ed-9a55-144838a04ea2:t6, leader=null, voted=07dabde0-c17e-46ed-9a55-144838a04ea2, raftlog=07dabde0-c17e-46ed-9a55-144838a04ea2-SegmentedRaftLog:OPENED:c-1,f0,i0, conf=0: [4a332945-53dc-4c0b-b910-cfaf195ac63d:192.168.5.166:44887, 07dabde0-c17e-46ed-9a55-144838a04ea2:192.168.5.166:46770, bd7d2b3e-70a9-4c18-9e48-3057ca72b747:192.168.5.166:45844], old=null
2019-08-29 11:54:53,524 [4a332945-53dc-4c0b-b910-cfaf195ac63d:group-39336B115318:LeaderElection27] INFO  impl.LeaderElection (LeaderElection.java:logAndReturn(56)) - 4a332945-53dc-4c0b-b910-cfaf195ac63d:group-39336B115318:LeaderElection27: Election REJECTED; received 2 response(s) [4a332945-53dc-4c0b-b910-cfaf195ac63d<-07dabde0-c17e-46ed-9a55-144838a04ea2#0:FAIL-t6, 4a332945-53dc-4c0b-b910-cfaf195ac63d<-bd7d2b3e-70a9-4c18-9e48-3057ca72b747#0:FAIL-t6] and 0 exception(s); 4a332945-53dc-4c0b-b910-cfaf195ac63d:t6, leader=null, voted=4a332945-53dc-4c0b-b910-cfaf195ac63d, raftlog=4a332945-53dc-4c0b-b910-cfaf195ac63d-SegmentedRaftLog:OPENED:c-1,f-1,i0, conf=-1: [4a332945-53dc-4c0b-b910-cfaf195ac63d:192.168.5.166:44887, 07dabde0-c17e-46ed-9a55-144838a04ea2:192.168.5.166:46770, bd7d2b3e-70a9-4c18-9e48-3057ca72b747:192.168.5.166:45844], old=null
2019-08-29 11:54:53,524 [07dabde0-c17e-46ed-9a55-144838a04ea2:group-39336B115318:LeaderElection28] INFO  impl.RaftServerImpl (RaftServerImpl.java:setRole(171)) - 07dabde0-c17e-46ed-9a55-144838a04ea2:group-39336B115318 changes role from CANDIDATE to FOLLOWER at term 6 for DISCOVERED_A_NEW_TERM
2019-08-29 11:54:53,525 [4a332945-53dc-4c0b-b910-cfaf195ac63d:group-39336B115318:LeaderElection27] INFO  impl.RaftServerImpl (RaftServerImpl.java:setRole(171)) - 4a332945-53dc-4c0b-b910-cfaf195ac63d:group-39336B115318 changes role from CANDIDATE to FOLLOWER at term 6 for DISCOVERED_A_NEW_TERM
2019-08-29 11:54:53,525 [07dabde0-c17e-46ed-9a55-144838a04ea2:group-39336B115318:LeaderElection28] INFO  impl.RoleInfo (RoleInfo.java:shutdownLeaderElection(134)) - 07dabde0-c17e-46ed-9a55-144838a04ea2: shutdown LeaderElection
2019-08-29 11:54:53,525 [4a332945-53dc-4c0b-b910-cfaf195ac63d:group-39336B115318:LeaderElection27] INFO  impl.RoleInfo (RoleInfo.java:shutdownLeaderElection(134)) - 4a332945-53dc-4c0b-b910-cfaf195ac63d: shutdown LeaderElection
2019-08-29 11:54:53,525 [07dabde0-c17e-46ed-9a55-144838a04ea2:group-39336B115318:LeaderElection28] INFO  impl.RoleInfo (RoleInfo.java:updateAndGet(143)) - 07dabde0-c17e-46ed-9a55-144838a04ea2: start FollowerState
2019-08-29 11:54:53,525 [4a332945-53dc-4c0b-b910-cfaf195ac63d:group-39336B115318:LeaderElection27] INFO  impl.RoleInfo (RoleInfo.java:updateAndGet(143)) - 4a332945-53dc-4c0b-b910-cfaf195ac63d: start FollowerState
2019-08-29 11:54:53,587 | INFO  | SCMAudit | user=jenkins1000 | ip=192.168.5.166 | op=SEND_HEARTBEAT {datanodeUUID=bd7d2b3e-70a9-4c18-9e48-3057ca72b747, command=[]} | ret=SUCCESS |  
2019-08-29 11:54:53,620 | INFO  | SCMAudit | user=jenkins1000 | ip=192.168.5.166 | op=SEND_HEARTBEAT {datanodeUUID=920b05f1-a92b-459a-a000-361715d4ee3d, command=[]} | ret=SUCCESS |  
2019-08-29 11:54:53,660 | INFO  | SCMAudit | user=jenkins1000 | ip=192.168.5.166 | op=SEND_HEARTBEAT {datanodeUUID=42efee89-99fa-4c75-b2bf-b3a1b636c7a3, command=[]} | ret=SUCCESS |  
2019-08-29 11:54:53,744 [java.util.concurrent.ThreadPoolExecutor$Worker@36232c7e[State = -1, empty queue]] WARN  server.GrpcLogAppender (GrpcLogAppender.java:timeoutAppendRequest(200)) - GrpcLogAppender(42efee89-99fa-4c75-b2bf-b3a1b636c7a3->920b05f1-a92b-459a-a000-361715d4ee3d): appendEntries Timeout, request=42efee89-99fa-4c75-b2bf-b3a1b636c7a3->920b05f1-a92b-459a-a000-361715d4ee3d#18-t2, previous=(t:2, i:1), leaderCommit=0, initializing? false, entries: <empty>
2019-08-29 11:54:53,744 [java.util.concurrent.ThreadPoolExecutor$Worker@1d34aecc[State = -1, empty queue]] WARN  server.GrpcLogAppender (GrpcLogAppender.java:timeoutAppendRequest(200)) - GrpcLogAppender(42efee89-99fa-4c75-b2bf-b3a1b636c7a3->b34bc477-f594-4894-b3be-a6d4c994fd70): appendEntries Timeout, request=42efee89-99fa-4c75-b2bf-b3a1b636c7a3->b34bc477-f594-4894-b3be-a6d4c994fd70#18-t2, previous=(t:2, i:1), leaderCommit=0, initializing? false, entries: <empty>
2019-08-29 11:54:53,847 | INFO  | SCMAudit | user=jenkins1000 | ip=192.168.5.166 | op=SEND_HEARTBEAT {datanodeUUID=07dabde0-c17e-46ed-9a55-144838a04ea2, command=[]} | ret=SUCCESS |  
2019-08-29 11:54:53,966 | INFO  | SCMAudit | user=jenkins1000 | ip=192.168.5.166 | op=SEND_HEARTBEAT {datanodeUUID=4a332945-53dc-4c0b-b910-cfaf195ac63d, command=[]} | ret=SUCCESS |  
2019-08-29 11:54:54,244 [java.util.concurrent.ThreadPoolExecutor$Worker@36232c7e[State = -1, empty queue]] WARN  server.GrpcLogAppender (GrpcLogAppender.java:timeoutAppendRequest(200)) - GrpcLogAppender(42efee89-99fa-4c75-b2bf-b3a1b636c7a3->920b05f1-a92b-459a-a000-361715d4ee3d): appendEntries Timeout, request=42efee89-99fa-4c75-b2bf-b3a1b636c7a3->920b05f1-a92b-459a-a000-361715d4ee3d#19-t2, previous=(t:2, i:1), leaderCommit=0, initializing? false, entries: <empty>
2019-08-29 11:54:54,244 [java.util.concurrent.ThreadPoolExecutor$Worker@1d34aecc[State = -1, empty queue]] WARN  server.GrpcLogAppender (GrpcLogAppender.java:timeoutAppendRequest(200)) - GrpcLogAppender(42efee89-99fa-4c75-b2bf-b3a1b636c7a3->b34bc477-f594-4894-b3be-a6d4c994fd70): appendEntries Timeout, request=42efee89-99fa-4c75-b2bf-b3a1b636c7a3->b34bc477-f594-4894-b3be-a6d4c994fd70#19-t2, previous=(t:2, i:1), leaderCommit=0, initializing? false, entries: <empty>
2019-08-29 11:54:54,396 | INFO  | SCMAudit | user=jenkins1000 | ip=192.168.5.166 | op=SEND_HEARTBEAT {datanodeUUID=e5b95ce0-1250-4c31-97f6-119a472050cb, command=[]} | ret=SUCCESS |  
2019-08-29 11:54:54,396 | INFO  | SCMAudit | user=jenkins1000 | ip=192.168.5.166 | op=SEND_HEARTBEAT {datanodeUUID=b34bc477-f594-4894-b3be-a6d4c994fd70, command=[]} | ret=SUCCESS |  
2019-08-29 11:54:54,396 | INFO  | SCMAudit | user=jenkins1000 | ip=192.168.5.166 | op=SEND_HEARTBEAT {datanodeUUID=03953c42-7b85-4ce6-8578-61fc97f729cc, command=[]} | ret=SUCCESS |  
2019-08-29 11:54:54,422 | INFO  | SCMAudit | user=jenkins1000 | ip=192.168.5.166 | op=SEND_HEARTBEAT {datanodeUUID=7c3dea4a-666f-498f-b3ec-37d2b2f2aea0, command=[]} | ret=SUCCESS |  
2019-08-29 11:54:54,466 | INFO  | SCMAudit | user=jenkins1000 | ip=192.168.5.166 | op=SEND_HEARTBEAT {datanodeUUID=eec05b1d-f4e8-4418-a60c-420e12deef9f, command=[]} | ret=SUCCESS |  
2019-08-29 11:54:54,588 | INFO  | SCMAudit | user=jenkins1000 | ip=192.168.5.166 | op=SEND_HEARTBEAT {datanodeUUID=bd7d2b3e-70a9-4c18-9e48-3057ca72b747, command=[]} | ret=SUCCESS |  
2019-08-29 11:54:54,618 | INFO  | SCMAudit | user=jenkins1000 | ip=192.168.5.166 | op=SEND_HEARTBEAT {datanodeUUID=920b05f1-a92b-459a-a000-361715d4ee3d, command=[]} | ret=SUCCESS |  
2019-08-29 11:54:54,630 [Thread-590] INFO  impl.FollowerState (FollowerState.java:run(106)) - 07dabde0-c17e-46ed-9a55-144838a04ea2:group-39336B115318 changes to CANDIDATE, lastRpcTime:1104, electionTimeout:1104ms
2019-08-29 11:54:54,630 [Thread-590] INFO  impl.RoleInfo (RoleInfo.java:shutdownFollowerState(121)) - 07dabde0-c17e-46ed-9a55-144838a04ea2: shutdown FollowerState
2019-08-29 11:54:54,630 [Thread-590] INFO  impl.RaftServerImpl (RaftServerImpl.java:setRole(171)) - 07dabde0-c17e-46ed-9a55-144838a04ea2:group-39336B115318 changes role from FOLLOWER to CANDIDATE at term 6 for changeToCandidate
2019-08-29 11:54:54,631 [Thread-590] INFO  impl.RoleInfo (RoleInfo.java:updateAndGet(143)) - 07dabde0-c17e-46ed-9a55-144838a04ea2: start LeaderElection
2019-08-29 11:54:54,651 [Thread-591] INFO  impl.FollowerState (FollowerState.java:run(106)) - 4a332945-53dc-4c0b-b910-cfaf195ac63d:group-39336B115318 changes to CANDIDATE, lastRpcTime:1125, electionTimeout:1125ms
2019-08-29 11:54:54,651 [Thread-591] INFO  impl.RoleInfo (RoleInfo.java:shutdownFollowerState(121)) - 4a332945-53dc-4c0b-b910-cfaf195ac63d: shutdown FollowerState
2019-08-29 11:54:54,651 [Thread-591] INFO  impl.RaftServerImpl (RaftServerImpl.java:setRole(171)) - 4a332945-53dc-4c0b-b910-cfaf195ac63d:group-39336B115318 changes role from FOLLOWER to CANDIDATE at term 6 for changeToCandidate
2019-08-29 11:54:54,651 [Thread-591] INFO  impl.RoleInfo (RoleInfo.java:updateAndGet(143)) - 4a332945-53dc-4c0b-b910-cfaf195ac63d: start LeaderElection
2019-08-29 11:54:54,659 | INFO  | SCMAudit | user=jenkins1000 | ip=192.168.5.166 | op=SEND_HEARTBEAT {datanodeUUID=42efee89-99fa-4c75-b2bf-b3a1b636c7a3, command=[]} | ret=SUCCESS |  
2019-08-29 11:54:54,703 [grpc-default-executor-3] INFO  client.GrpcClientProtocolClient (GrpcClientProtocolClient.java:onNext(255)) - client-9B9D18C8137A->920b05f1-a92b-459a-a000-361715d4ee3d: receive RaftClientReply:client-9B9D18C8137A->920b05f1-a92b-459a-a000-361715d4ee3d@group-2DD3C3757259, cid=23, FAILED org.apache.ratis.protocol.NotLeaderException: Server 920b05f1-a92b-459a-a000-361715d4ee3d is not the leader (42efee89-99fa-4c75-b2bf-b3a1b636c7a3:192.168.5.166:34186). Request must be sent to leader., logIndex=0, commits[920b05f1-a92b-459a-a000-361715d4ee3d:c0, b34bc477-f594-4894-b3be-a6d4c994fd70:c0, 42efee89-99fa-4c75-b2bf-b3a1b636c7a3:c0]
2019-08-29 11:54:54,721 [Thread-589] INFO  impl.FollowerState (FollowerState.java:run(106)) - bd7d2b3e-70a9-4c18-9e48-3057ca72b747:group-39336B115318 changes to CANDIDATE, lastRpcTime:1197, electionTimeout:1197ms
2019-08-29 11:54:54,722 [Thread-589] INFO  impl.RoleInfo (RoleInfo.java:shutdownFollowerState(121)) - bd7d2b3e-70a9-4c18-9e48-3057ca72b747: shutdown FollowerState
2019-08-29 11:54:54,722 [Thread-589] INFO  impl.RaftServerImpl (RaftServerImpl.java:setRole(171)) - bd7d2b3e-70a9-4c18-9e48-3057ca72b747:group-39336B115318 changes role from FOLLOWER to CANDIDATE at term 6 for changeToCandidate
2019-08-29 11:54:54,722 [Thread-589] INFO  impl.RoleInfo (RoleInfo.java:updateAndGet(143)) - bd7d2b3e-70a9-4c18-9e48-3057ca72b747: start LeaderElection
2019-08-29 11:54:54,745 [java.util.concurrent.ThreadPoolExecutor$Worker@36232c7e[State = -1, empty queue]] WARN  server.GrpcLogAppender (GrpcLogAppender.java:timeoutAppendRequest(200)) - GrpcLogAppender(42efee89-99fa-4c75-b2bf-b3a1b636c7a3->920b05f1-a92b-459a-a000-361715d4ee3d): appendEntries Timeout, request=42efee89-99fa-4c75-b2bf-b3a1b636c7a3->920b05f1-a92b-459a-a000-361715d4ee3d#20-t2, previous=(t:2, i:1), leaderCommit=0, initializing? false, entries: <empty>
2019-08-29 11:54:54,745 [java.util.concurrent.ThreadPoolExecutor$Worker@1d34aecc[State = -1, empty queue]] WARN  server.GrpcLogAppender (GrpcLogAppender.java:timeoutAppendRequest(200)) - GrpcLogAppender(42efee89-99fa-4c75-b2bf-b3a1b636c7a3->b34bc477-f594-4894-b3be-a6d4c994fd70): appendEntries Timeout, request=42efee89-99fa-4c75-b2bf-b3a1b636c7a3->b34bc477-f594-4894-b3be-a6d4c994fd70#20-t2, previous=(t:2, i:1), leaderCommit=0, initializing? false, entries: <empty>
2019-08-29 11:54:54,848 | INFO  | SCMAudit | user=jenkins1000 | ip=192.168.5.166 | op=SEND_HEARTBEAT {datanodeUUID=07dabde0-c17e-46ed-9a55-144838a04ea2, command=[]} | ret=SUCCESS |  
2019-08-29 11:54:54,968 | INFO  | SCMAudit | user=jenkins1000 | ip=192.168.5.166 | op=SEND_HEARTBEAT {datanodeUUID=4a332945-53dc-4c0b-b910-cfaf195ac63d, command=[]} | ret=SUCCESS |  
2019-08-29 11:54:55,246 [java.util.concurrent.ThreadPoolExecutor$Worker@36232c7e[State = -1, empty queue]] WARN  server.GrpcLogAppender (GrpcLogAppender.java:timeoutAppendRequest(200)) - GrpcLogAppender(42efee89-99fa-4c75-b2bf-b3a1b636c7a3->920b05f1-a92b-459a-a000-361715d4ee3d): appendEntries Timeout, request=42efee89-99fa-4c75-b2bf-b3a1b636c7a3->920b05f1-a92b-459a-a000-361715d4ee3d#21-t2, previous=(t:2, i:1), leaderCommit=0, initializing? false, entries: <empty>
2019-08-29 11:54:55,246 [java.util.concurrent.ThreadPoolExecutor$Worker@1d34aecc[State = -1, empty queue]] WARN  server.GrpcLogAppender (GrpcLogAppender.java:timeoutAppendRequest(200)) - GrpcLogAppender(42efee89-99fa-4c75-b2bf-b3a1b636c7a3->b34bc477-f594-4894-b3be-a6d4c994fd70): appendEntries Timeout, request=42efee89-99fa-4c75-b2bf-b3a1b636c7a3->b34bc477-f594-4894-b3be-a6d4c994fd70#21-t2, previous=(t:2, i:1), leaderCommit=0, initializing? false, entries: <empty>
2019-08-29 11:54:55,396 | INFO  | SCMAudit | user=jenkins1000 | ip=192.168.5.166 | op=SEND_HEARTBEAT {datanodeUUID=b34bc477-f594-4894-b3be-a6d4c994fd70, command=[]} | ret=SUCCESS |  
2019-08-29 11:54:55,396 | INFO  | SCMAudit | user=jenkins1000 | ip=192.168.5.166 | op=SEND_HEARTBEAT {datanodeUUID=03953c42-7b85-4ce6-8578-61fc97f729cc, command=[]} | ret=SUCCESS |  
2019-08-29 11:54:55,396 | INFO  | SCMAudit | user=jenkins1000 | ip=192.168.5.166 | op=SEND_HEARTBEAT {datanodeUUID=e5b95ce0-1250-4c31-97f6-119a472050cb, command=[]} | ret=SUCCESS |  
2019-08-29 11:54:55,422 | INFO  | SCMAudit | user=jenkins1000 | ip=192.168.5.166 | op=SEND_HEARTBEAT {datanodeUUID=7c3dea4a-666f-498f-b3ec-37d2b2f2aea0, command=[]} | ret=SUCCESS |  
2019-08-29 11:54:55,467 | INFO  | SCMAudit | user=jenkins1000 | ip=192.168.5.166 | op=SEND_HEARTBEAT {datanodeUUID=eec05b1d-f4e8-4418-a60c-420e12deef9f, command=[]} | ret=SUCCESS |  
2019-08-29 11:54:55,588 | INFO  | SCMAudit | user=jenkins1000 | ip=192.168.5.166 | op=SEND_HEARTBEAT {datanodeUUID=bd7d2b3e-70a9-4c18-9e48-3057ca72b747, command=[]} | ret=SUCCESS |  
2019-08-29 11:54:55,617 | INFO  | SCMAudit | user=jenkins1000 | ip=192.168.5.166 | op=SEND_HEARTBEAT {datanodeUUID=920b05f1-a92b-459a-a000-361715d4ee3d, command=[]} | ret=SUCCESS |  
2019-08-29 11:54:55,659 | INFO  | SCMAudit | user=jenkins1000 | ip=192.168.5.166 | op=SEND_HEARTBEAT {datanodeUUID=42efee89-99fa-4c75-b2bf-b3a1b636c7a3, command=[]} | ret=SUCCESS |  
2019-08-29 11:54:55,747 [java.util.concurrent.ThreadPoolExecutor$Worker@36232c7e[State = -1, empty queue]] WARN  server.GrpcLogAppender (GrpcLogAppender.java:timeoutAppendRequest(200)) - GrpcLogAppender(42efee89-99fa-4c75-b2bf-b3a1b636c7a3->920b05f1-a92b-459a-a000-361715d4ee3d): appendEntries Timeout, request=42efee89-99fa-4c75-b2bf-b3a1b636c7a3->920b05f1-a92b-459a-a000-361715d4ee3d#22-t2, previous=(t:2, i:1), leaderCommit=0, initializing? false, entries: <empty>
2019-08-29 11:54:55,747 [java.util.concurrent.ThreadPoolExecutor$Worker@1d34aecc[State = -1, empty queue]] WARN  server.GrpcLogAppender (GrpcLogAppender.java:timeoutAppendRequest(200)) - GrpcLogAppender(42efee89-99fa-4c75-b2bf-b3a1b636c7a3->b34bc477-f594-4894-b3be-a6d4c994fd70): appendEntries Timeout, request=42efee89-99fa-4c75-b2bf-b3a1b636c7a3->b34bc477-f594-4894-b3be-a6d4c994fd70#22-t2, previous=(t:2, i:1), leaderCommit=0, initializing? false, entries: <empty>
2019-08-29 11:54:55,847 | INFO  | SCMAudit | user=jenkins1000 | ip=192.168.5.166 | op=SEND_HEARTBEAT {datanodeUUID=07dabde0-c17e-46ed-9a55-144838a04ea2, command=[]} | ret=SUCCESS |  
2019-08-29 11:54:55,967 | INFO  | SCMAudit | user=jenkins1000 | ip=192.168.5.166 | op=SEND_HEARTBEAT {datanodeUUID=4a332945-53dc-4c0b-b910-cfaf195ac63d, command=[]} | ret=SUCCESS |  
2019-08-29 11:54:56,247 [java.util.concurrent.ThreadPoolExecutor$Worker@1d34aecc[State = -1, empty queue]] WARN  server.GrpcLogAppender (GrpcLogAppender.java:timeoutAppendRequest(200)) - GrpcLogAppender(42efee89-99fa-4c75-b2bf-b3a1b636c7a3->b34bc477-f594-4894-b3be-a6d4c994fd70): appendEntries Timeout, request=42efee89-99fa-4c75-b2bf-b3a1b636c7a3->b34bc477-f594-4894-b3be-a6d4c994fd70#23-t2, previous=(t:2, i:1), leaderCommit=0, initializing? false, entries: <empty>
2019-08-29 11:54:56,247 [java.util.concurrent.ThreadPoolExecutor$Worker@36232c7e[State = -1, empty queue]] WARN  server.GrpcLogAppender (GrpcLogAppender.java:timeoutAppendRequest(200)) - GrpcLogAppender(42efee89-99fa-4c75-b2bf-b3a1b636c7a3->920b05f1-a92b-459a-a000-361715d4ee3d): appendEntries Timeout, request=42efee89-99fa-4c75-b2bf-b3a1b636c7a3->920b05f1-a92b-459a-a000-361715d4ee3d#23-t2, previous=(t:2, i:1), leaderCommit=0, initializing? false, entries: <empty>
2019-08-29 11:54:56,399 | INFO  | SCMAudit | user=jenkins1000 | ip=192.168.5.166 | op=SEND_HEARTBEAT {datanodeUUID=03953c42-7b85-4ce6-8578-61fc97f729cc, command=[]} | ret=SUCCESS |  
2019-08-29 11:54:56,399 | INFO  | SCMAudit | user=jenkins1000 | ip=192.168.5.166 | op=SEND_HEARTBEAT {datanodeUUID=e5b95ce0-1250-4c31-97f6-119a472050cb, command=[]} | ret=SUCCESS |  
2019-08-29 11:54:56,400 | INFO  | SCMAudit | user=jenkins1000 | ip=192.168.5.166 | op=SEND_HEARTBEAT {datanodeUUID=b34bc477-f594-4894-b3be-a6d4c994fd70, command=[]} | ret=SUCCESS |  
2019-08-29 11:54:56,423 | INFO  | SCMAudit | user=jenkins1000 | ip=192.168.5.166 | op=SEND_HEARTBEAT {datanodeUUID=7c3dea4a-666f-498f-b3ec-37d2b2f2aea0, command=[]} | ret=SUCCESS |  
2019-08-29 11:54:56,467 | INFO  | SCMAudit | user=jenkins1000 | ip=192.168.5.166 | op=SEND_HEARTBEAT {datanodeUUID=eec05b1d-f4e8-4418-a60c-420e12deef9f, command=[]} | ret=SUCCESS |  
2019-08-29 11:54:56,589 | INFO  | SCMAudit | user=jenkins1000 | ip=192.168.5.166 | op=SEND_HEARTBEAT {datanodeUUID=bd7d2b3e-70a9-4c18-9e48-3057ca72b747, command=[]} | ret=SUCCESS |  
2019-08-29 11:54:56,617 | INFO  | SCMAudit | user=jenkins1000 | ip=192.168.5.166 | op=SEND_HEARTBEAT {datanodeUUID=920b05f1-a92b-459a-a000-361715d4ee3d, command=[]} | ret=SUCCESS |  
2019-08-29 11:54:56,660 | INFO  | SCMAudit | user=jenkins1000 | ip=192.168.5.166 | op=SEND_HEARTBEAT {datanodeUUID=42efee89-99fa-4c75-b2bf-b3a1b636c7a3, command=[]} | ret=SUCCESS |  
2019-08-29 11:54:56,748 [java.util.concurrent.ThreadPoolExecutor$Worker@36232c7e[State = -1, empty queue]] WARN  server.GrpcLogAppender (GrpcLogAppender.java:timeoutAppendRequest(200)) - GrpcLogAppender(42efee89-99fa-4c75-b2bf-b3a1b636c7a3->920b05f1-a92b-459a-a000-361715d4ee3d): appendEntries Timeout, request=42efee89-99fa-4c75-b2bf-b3a1b636c7a3->920b05f1-a92b-459a-a000-361715d4ee3d#24-t2, previous=(t:2, i:1), leaderCommit=0, initializing? false, entries: <empty>
2019-08-29 11:54:56,748 [java.util.concurrent.ThreadPoolExecutor$Worker@1d34aecc[State = -1, empty queue]] WARN  server.GrpcLogAppender (GrpcLogAppender.java:timeoutAppendRequest(200)) - GrpcLogAppender(42efee89-99fa-4c75-b2bf-b3a1b636c7a3->b34bc477-f594-4894-b3be-a6d4c994fd70): appendEntries Timeout, request=42efee89-99fa-4c75-b2bf-b3a1b636c7a3->b34bc477-f594-4894-b3be-a6d4c994fd70#24-t2, previous=(t:2, i:1), leaderCommit=0, initializing? false, entries: <empty>
2019-08-29 11:54:56,848 | INFO  | SCMAudit | user=jenkins1000 | ip=192.168.5.166 | op=SEND_HEARTBEAT {datanodeUUID=07dabde0-c17e-46ed-9a55-144838a04ea2, command=[]} | ret=SUCCESS |  
2019-08-29 11:54:56,967 | INFO  | SCMAudit | user=jenkins1000 | ip=192.168.5.166 | op=SEND_HEARTBEAT {datanodeUUID=4a332945-53dc-4c0b-b910-cfaf195ac63d, command=[]} | ret=SUCCESS |  
2019-08-29 11:54:57,248 [java.util.concurrent.ThreadPoolExecutor$Worker@1d34aecc[State = -1, empty queue]] WARN  server.GrpcLogAppender (GrpcLogAppender.java:timeoutAppendRequest(200)) - GrpcLogAppender(42efee89-99fa-4c75-b2bf-b3a1b636c7a3->b34bc477-f594-4894-b3be-a6d4c994fd70): appendEntries Timeout, request=42efee89-99fa-4c75-b2bf-b3a1b636c7a3->b34bc477-f594-4894-b3be-a6d4c994fd70#25-t2, previous=(t:2, i:1), leaderCommit=0, initializing? false, entries: <empty>
2019-08-29 11:54:57,248 [java.util.concurrent.ThreadPoolExecutor$Worker@36232c7e[State = -1, empty queue]] WARN  server.GrpcLogAppender (GrpcLogAppender.java:timeoutAppendRequest(200)) - GrpcLogAppender(42efee89-99fa-4c75-b2bf-b3a1b636c7a3->920b05f1-a92b-459a-a000-361715d4ee3d): appendEntries Timeout, request=42efee89-99fa-4c75-b2bf-b3a1b636c7a3->920b05f1-a92b-459a-a000-361715d4ee3d#25-t2, previous=(t:2, i:1), leaderCommit=0, initializing? false, entries: <empty>
2019-08-29 11:54:57,396 | INFO  | SCMAudit | user=jenkins1000 | ip=192.168.5.166 | op=SEND_HEARTBEAT {datanodeUUID=b34bc477-f594-4894-b3be-a6d4c994fd70, command=[]} | ret=SUCCESS |  
2019-08-29 11:54:57,403 | INFO  | SCMAudit | user=jenkins1000 | ip=192.168.5.166 | op=SEND_HEARTBEAT {datanodeUUID=03953c42-7b85-4ce6-8578-61fc97f729cc, command=[]} | ret=SUCCESS |  
2019-08-29 11:54:57,403 | INFO  | SCMAudit | user=jenkins1000 | ip=192.168.5.166 | op=SEND_HEARTBEAT {datanodeUUID=e5b95ce0-1250-4c31-97f6-119a472050cb, command=[]} | ret=SUCCESS |  
2019-08-29 11:54:57,423 | INFO  | SCMAudit | user=jenkins1000 | ip=192.168.5.166 | op=SEND_HEARTBEAT {datanodeUUID=7c3dea4a-666f-498f-b3ec-37d2b2f2aea0, command=[]} | ret=SUCCESS |  
2019-08-29 11:54:57,467 | INFO  | SCMAudit | user=jenkins1000 | ip=192.168.5.166 | op=SEND_HEARTBEAT {datanodeUUID=eec05b1d-f4e8-4418-a60c-420e12deef9f, command=[]} | ret=SUCCESS |  
2019-08-29 11:54:57,589 | INFO  | SCMAudit | user=jenkins1000 | ip=192.168.5.166 | op=SEND_HEARTBEAT {datanodeUUID=bd7d2b3e-70a9-4c18-9e48-3057ca72b747, command=[]} | ret=SUCCESS |  
2019-08-29 11:54:57,617 | INFO  | SCMAudit | user=jenkins1000 | ip=192.168.5.166 | op=SEND_HEARTBEAT {datanodeUUID=920b05f1-a92b-459a-a000-361715d4ee3d, command=[]} | ret=SUCCESS |  
2019-08-29 11:54:57,660 | INFO  | SCMAudit | user=jenkins1000 | ip=192.168.5.166 | op=SEND_HEARTBEAT {datanodeUUID=42efee89-99fa-4c75-b2bf-b3a1b636c7a3, command=[]} | ret=SUCCESS |  
2019-08-29 11:54:57,749 [java.util.concurrent.ThreadPoolExecutor$Worker@36232c7e[State = -1, empty queue]] WARN  server.GrpcLogAppender (GrpcLogAppender.java:timeoutAppendRequest(200)) - GrpcLogAppender(42efee89-99fa-4c75-b2bf-b3a1b636c7a3->920b05f1-a92b-459a-a000-361715d4ee3d): appendEntries Timeout, request=42efee89-99fa-4c75-b2bf-b3a1b636c7a3->920b05f1-a92b-459a-a000-361715d4ee3d#26-t2, previous=(t:2, i:1), leaderCommit=0, initializing? false, entries: <empty>
2019-08-29 11:54:57,749 [java.util.concurrent.ThreadPoolExecutor$Worker@1d34aecc[State = -1, empty queue]] WARN  server.GrpcLogAppender (GrpcLogAppender.java:timeoutAppendRequest(200)) - GrpcLogAppender(42efee89-99fa-4c75-b2bf-b3a1b636c7a3->b34bc477-f594-4894-b3be-a6d4c994fd70): appendEntries Timeout, request=42efee89-99fa-4c75-b2bf-b3a1b636c7a3->b34bc477-f594-4894-b3be-a6d4c994fd70#26-t2, previous=(t:2, i:1), leaderCommit=0, initializing? false, entries: <empty>
2019-08-29 11:54:57,848 | INFO  | SCMAudit | user=jenkins1000 | ip=192.168.5.166 | op=SEND_HEARTBEAT {datanodeUUID=07dabde0-c17e-46ed-9a55-144838a04ea2, command=[]} | ret=SUCCESS |  
2019-08-29 11:54:57,967 | INFO  | SCMAudit | user=jenkins1000 | ip=192.168.5.166 | op=SEND_HEARTBEAT {datanodeUUID=4a332945-53dc-4c0b-b910-cfaf195ac63d, command=[]} | ret=SUCCESS |  
2019-08-29 11:54:58,250 [java.util.concurrent.ThreadPoolExecutor$Worker@1d34aecc[State = -1, empty queue]] WARN  server.GrpcLogAppender (GrpcLogAppender.java:timeoutAppendRequest(200)) - GrpcLogAppender(42efee89-99fa-4c75-b2bf-b3a1b636c7a3->b34bc477-f594-4894-b3be-a6d4c994fd70): appendEntries Timeout, request=42efee89-99fa-4c75-b2bf-b3a1b636c7a3->b34bc477-f594-4894-b3be-a6d4c994fd70#27-t2, previous=(t:2, i:1), leaderCommit=0, initializing? false, entries: <empty>
2019-08-29 11:54:58,250 [java.util.concurrent.ThreadPoolExecutor$Worker@36232c7e[State = -1, empty queue]] WARN  server.GrpcLogAppender (GrpcLogAppender.java:timeoutAppendRequest(200)) - GrpcLogAppender(42efee89-99fa-4c75-b2bf-b3a1b636c7a3->920b05f1-a92b-459a-a000-361715d4ee3d): appendEntries Timeout, request=42efee89-99fa-4c75-b2bf-b3a1b636c7a3->920b05f1-a92b-459a-a000-361715d4ee3d#27-t2, previous=(t:2, i:1), leaderCommit=0, initializing? false, entries: <empty>
2019-08-29 11:54:58,396 | INFO  | SCMAudit | user=jenkins1000 | ip=192.168.5.166 | op=SEND_HEARTBEAT {datanodeUUID=b34bc477-f594-4894-b3be-a6d4c994fd70, command=[]} | ret=SUCCESS |  
2019-08-29 11:54:58,403 | INFO  | SCMAudit | user=jenkins1000 | ip=192.168.5.166 | op=SEND_HEARTBEAT {datanodeUUID=e5b95ce0-1250-4c31-97f6-119a472050cb, command=[]} | ret=SUCCESS |  
2019-08-29 11:54:58,403 | INFO  | SCMAudit | user=jenkins1000 | ip=192.168.5.166 | op=SEND_HEARTBEAT {datanodeUUID=03953c42-7b85-4ce6-8578-61fc97f729cc, command=[]} | ret=SUCCESS |  
2019-08-29 11:54:58,422 | INFO  | SCMAudit | user=jenkins1000 | ip=192.168.5.166 | op=SEND_HEARTBEAT {datanodeUUID=7c3dea4a-666f-498f-b3ec-37d2b2f2aea0, command=[]} | ret=SUCCESS |  
2019-08-29 11:54:58,467 | INFO  | SCMAudit | user=jenkins1000 | ip=192.168.5.166 | op=SEND_HEARTBEAT {datanodeUUID=eec05b1d-f4e8-4418-a60c-420e12deef9f, command=[]} | ret=SUCCESS |  
2019-08-29 11:54:58,589 | INFO  | SCMAudit | user=jenkins1000 | ip=192.168.5.166 | op=SEND_HEARTBEAT {datanodeUUID=bd7d2b3e-70a9-4c18-9e48-3057ca72b747, command=[]} | ret=SUCCESS |  
2019-08-29 11:54:58,617 | INFO  | SCMAudit | user=jenkins1000 | ip=192.168.5.166 | op=SEND_HEARTBEAT {datanodeUUID=920b05f1-a92b-459a-a000-361715d4ee3d, command=[]} | ret=SUCCESS |  
2019-08-29 11:54:58,659 | INFO  | SCMAudit | user=jenkins1000 | ip=192.168.5.166 | op=SEND_HEARTBEAT {datanodeUUID=42efee89-99fa-4c75-b2bf-b3a1b636c7a3, command=[]} | ret=SUCCESS |  
2019-08-29 11:54:58,750 [java.util.concurrent.ThreadPoolExecutor$Worker@1d34aecc[State = -1, empty queue]] WARN  server.GrpcLogAppender (GrpcLogAppender.java:timeoutAppendRequest(200)) - GrpcLogAppender(42efee89-99fa-4c75-b2bf-b3a1b636c7a3->b34bc477-f594-4894-b3be-a6d4c994fd70): appendEntries Timeout, request=42efee89-99fa-4c75-b2bf-b3a1b636c7a3->b34bc477-f594-4894-b3be-a6d4c994fd70#28-t2, previous=(t:2, i:1), leaderCommit=0, initializing? false, entries: <empty>
2019-08-29 11:54:58,750 [java.util.concurrent.ThreadPoolExecutor$Worker@36232c7e[State = -1, empty queue]] WARN  server.GrpcLogAppender (GrpcLogAppender.java:timeoutAppendRequest(200)) - GrpcLogAppender(42efee89-99fa-4c75-b2bf-b3a1b636c7a3->920b05f1-a92b-459a-a000-361715d4ee3d): appendEntries Timeout, request=42efee89-99fa-4c75-b2bf-b3a1b636c7a3->920b05f1-a92b-459a-a000-361715d4ee3d#28-t2, previous=(t:2, i:1), leaderCommit=0, initializing? false, entries: <empty>
2019-08-29 11:54:58,848 | INFO  | SCMAudit | user=jenkins1000 | ip=192.168.5.166 | op=SEND_HEARTBEAT {datanodeUUID=07dabde0-c17e-46ed-9a55-144838a04ea2, command=[]} | ret=SUCCESS |  
2019-08-29 11:54:58,966 | INFO  | SCMAudit | user=jenkins1000 | ip=192.168.5.166 | op=SEND_HEARTBEAT {datanodeUUID=4a332945-53dc-4c0b-b910-cfaf195ac63d, command=[]} | ret=SUCCESS |  
2019-08-29 11:54:59,251 [java.util.concurrent.ThreadPoolExecutor$Worker@36232c7e[State = -1, empty queue]] WARN  server.GrpcLogAppender (GrpcLogAppender.java:timeoutAppendRequest(200)) - GrpcLogAppender(42efee89-99fa-4c75-b2bf-b3a1b636c7a3->920b05f1-a92b-459a-a000-361715d4ee3d): appendEntries Timeout, request=42efee89-99fa-4c75-b2bf-b3a1b636c7a3->920b05f1-a92b-459a-a000-361715d4ee3d#29-t2, previous=(t:2, i:1), leaderCommit=0, initializing? false, entries: <empty>
2019-08-29 11:54:59,251 [java.util.concurrent.ThreadPoolExecutor$Worker@1d34aecc[State = -1, empty queue]] WARN  server.GrpcLogAppender (GrpcLogAppender.java:timeoutAppendRequest(200)) - GrpcLogAppender(42efee89-99fa-4c75-b2bf-b3a1b636c7a3->b34bc477-f594-4894-b3be-a6d4c994fd70): appendEntries Timeout, request=42efee89-99fa-4c75-b2bf-b3a1b636c7a3->b34bc477-f594-4894-b3be-a6d4c994fd70#29-t2, previous=(t:2, i:1), leaderCommit=0, initializing? false, entries: <empty>
2019-08-29 11:54:59,253 [4a332945-53dc-4c0b-b910-cfaf195ac63d:group-39336B115318:LeaderElection31] INFO  impl.LeaderElection (LeaderElection.java:askForVotes(181)) - 4a332945-53dc-4c0b-b910-cfaf195ac63d:group-39336B115318:LeaderElection31: begin an election at term 7 for -1: [4a332945-53dc-4c0b-b910-cfaf195ac63d:192.168.5.166:44887, 07dabde0-c17e-46ed-9a55-144838a04ea2:192.168.5.166:46770, bd7d2b3e-70a9-4c18-9e48-3057ca72b747:192.168.5.166:45844], old=null
2019-08-29 11:54:59,253 [07dabde0-c17e-46ed-9a55-144838a04ea2:group-39336B115318:LeaderElection30] INFO  impl.LeaderElection (LeaderElection.java:askForVotes(181)) - 07dabde0-c17e-46ed-9a55-144838a04ea2:group-39336B115318:LeaderElection30: begin an election at term 7 for 0: [4a332945-53dc-4c0b-b910-cfaf195ac63d:192.168.5.166:44887, 07dabde0-c17e-46ed-9a55-144838a04ea2:192.168.5.166:46770, bd7d2b3e-70a9-4c18-9e48-3057ca72b747:192.168.5.166:45844], old=null
2019-08-29 11:54:59,253 [bd7d2b3e-70a9-4c18-9e48-3057ca72b747:group-39336B115318:LeaderElection32] INFO  impl.LeaderElection (LeaderElection.java:askForVotes(181)) - bd7d2b3e-70a9-4c18-9e48-3057ca72b747:group-39336B115318:LeaderElection32: begin an election at term 7 for -1: [4a332945-53dc-4c0b-b910-cfaf195ac63d:192.168.5.166:44887, 07dabde0-c17e-46ed-9a55-144838a04ea2:192.168.5.166:46770, bd7d2b3e-70a9-4c18-9e48-3057ca72b747:192.168.5.166:45844], old=null
2019-08-29 11:54:59,260 [bd7d2b3e-70a9-4c18-9e48-3057ca72b747:group-39336B115318:LeaderElection32] INFO  impl.LeaderElection (LeaderElection.java:logAndReturn(56)) - bd7d2b3e-70a9-4c18-9e48-3057ca72b747:group-39336B115318:LeaderElection32: Election REJECTED; received 2 response(s) [bd7d2b3e-70a9-4c18-9e48-3057ca72b747<-4a332945-53dc-4c0b-b910-cfaf195ac63d#0:FAIL-t7, bd7d2b3e-70a9-4c18-9e48-3057ca72b747<-07dabde0-c17e-46ed-9a55-144838a04ea2#0:FAIL-t7] and 0 exception(s); bd7d2b3e-70a9-4c18-9e48-3057ca72b747:t7, leader=null, voted=bd7d2b3e-70a9-4c18-9e48-3057ca72b747, raftlog=bd7d2b3e-70a9-4c18-9e48-3057ca72b747-SegmentedRaftLog:OPENED:c-1,f-1,i0, conf=-1: [4a332945-53dc-4c0b-b910-cfaf195ac63d:192.168.5.166:44887, 07dabde0-c17e-46ed-9a55-144838a04ea2:192.168.5.166:46770, bd7d2b3e-70a9-4c18-9e48-3057ca72b747:192.168.5.166:45844], old=null
2019-08-29 11:54:59,260 [4a332945-53dc-4c0b-b910-cfaf195ac63d:group-39336B115318:LeaderElection31] INFO  impl.LeaderElection (LeaderElection.java:logAndReturn(56)) - 4a332945-53dc-4c0b-b910-cfaf195ac63d:group-39336B115318:LeaderElection31: Election REJECTED; received 2 response(s) [4a332945-53dc-4c0b-b910-cfaf195ac63d<-07dabde0-c17e-46ed-9a55-144838a04ea2#0:FAIL-t7, 4a332945-53dc-4c0b-b910-cfaf195ac63d<-bd7d2b3e-70a9-4c18-9e48-3057ca72b747#0:FAIL-t7] and 0 exception(s); 4a332945-53dc-4c0b-b910-cfaf195ac63d:t7, leader=null, voted=4a332945-53dc-4c0b-b910-cfaf195ac63d, raftlog=4a332945-53dc-4c0b-b910-cfaf195ac63d-SegmentedRaftLog:OPENED:c-1,f-1,i0, conf=-1: [4a332945-53dc-4c0b-b910-cfaf195ac63d:192.168.5.166:44887, 07dabde0-c17e-46ed-9a55-144838a04ea2:192.168.5.166:46770, bd7d2b3e-70a9-4c18-9e48-3057ca72b747:192.168.5.166:45844], old=null
2019-08-29 11:54:59,260 [bd7d2b3e-70a9-4c18-9e48-3057ca72b747:group-39336B115318:LeaderElection32] INFO  impl.RaftServerImpl (RaftServerImpl.java:setRole(171)) - bd7d2b3e-70a9-4c18-9e48-3057ca72b747:group-39336B115318 changes role from CANDIDATE to FOLLOWER at term 7 for DISCOVERED_A_NEW_TERM
2019-08-29 11:54:59,260 [4a332945-53dc-4c0b-b910-cfaf195ac63d:group-39336B115318:LeaderElection31] INFO  impl.RaftServerImpl (RaftServerImpl.java:setRole(171)) - 4a332945-53dc-4c0b-b910-cfaf195ac63d:group-39336B115318 changes role from CANDIDATE to FOLLOWER at term 7 for DISCOVERED_A_NEW_TERM
2019-08-29 11:54:59,260 [bd7d2b3e-70a9-4c18-9e48-3057ca72b747:group-39336B115318:LeaderElection32] INFO  impl.RoleInfo (RoleInfo.java:shutdownLeaderElection(134)) - bd7d2b3e-70a9-4c18-9e48-3057ca72b747: shutdown LeaderElection
2019-08-29 11:54:59,260 [4a332945-53dc-4c0b-b910-cfaf195ac63d:group-39336B115318:LeaderElection31] INFO  impl.RoleInfo (RoleInfo.java:shutdownLeaderElection(134)) - 4a332945-53dc-4c0b-b910-cfaf195ac63d: shutdown LeaderElection
2019-08-29 11:54:59,261 [bd7d2b3e-70a9-4c18-9e48-3057ca72b747:group-39336B115318:LeaderElection32] INFO  impl.RoleInfo (RoleInfo.java:updateAndGet(143)) - bd7d2b3e-70a9-4c18-9e48-3057ca72b747: start FollowerState
2019-08-29 11:54:59,261 [4a332945-53dc-4c0b-b910-cfaf195ac63d:group-39336B115318:LeaderElection31] INFO  impl.RoleInfo (RoleInfo.java:updateAndGet(143)) - 4a332945-53dc-4c0b-b910-cfaf195ac63d: start FollowerState
2019-08-29 11:54:59,261 [07dabde0-c17e-46ed-9a55-144838a04ea2:group-39336B115318:LeaderElection30] INFO  impl.LeaderElection (LeaderElection.java:logAndReturn(56)) - 07dabde0-c17e-46ed-9a55-144838a04ea2:group-39336B115318:LeaderElection30: Election REJECTED; received 2 response(s) [07dabde0-c17e-46ed-9a55-144838a04ea2<-4a332945-53dc-4c0b-b910-cfaf195ac63d#0:FAIL-t7, 07dabde0-c17e-46ed-9a55-144838a04ea2<-bd7d2b3e-70a9-4c18-9e48-3057ca72b747#0:FAIL-t7] and 0 exception(s); 07dabde0-c17e-46ed-9a55-144838a04ea2:t7, leader=null, voted=07dabde0-c17e-46ed-9a55-144838a04ea2, raftlog=07dabde0-c17e-46ed-9a55-144838a04ea2-SegmentedRaftLog:OPENED:c-1,f0,i0, conf=0: [4a332945-53dc-4c0b-b910-cfaf195ac63d:192.168.5.166:44887, 07dabde0-c17e-46ed-9a55-144838a04ea2:192.168.5.166:46770, bd7d2b3e-70a9-4c18-9e48-3057ca72b747:192.168.5.166:45844], old=null
2019-08-29 11:54:59,261 [07dabde0-c17e-46ed-9a55-144838a04ea2:group-39336B115318:LeaderElection30] INFO  impl.RaftServerImpl (RaftServerImpl.java:setRole(171)) - 07dabde0-c17e-46ed-9a55-144838a04ea2:group-39336B115318 changes role from CANDIDATE to FOLLOWER at term 7 for DISCOVERED_A_NEW_TERM
2019-08-29 11:54:59,262 [07dabde0-c17e-46ed-9a55-144838a04ea2:group-39336B115318:LeaderElection30] INFO  impl.RoleInfo (RoleInfo.java:shutdownLeaderElection(134)) - 07dabde0-c17e-46ed-9a55-144838a04ea2: shutdown LeaderElection
2019-08-29 11:54:59,262 [07dabde0-c17e-46ed-9a55-144838a04ea2:group-39336B115318:LeaderElection30] INFO  impl.RoleInfo (RoleInfo.java:updateAndGet(143)) - 07dabde0-c17e-46ed-9a55-144838a04ea2: start FollowerState
2019-08-29 11:54:59,396 | INFO  | SCMAudit | user=jenkins1000 | ip=192.168.5.166 | op=SEND_HEARTBEAT {datanodeUUID=b34bc477-f594-4894-b3be-a6d4c994fd70, command=[]} | ret=SUCCESS |  
2019-08-29 11:54:59,403 | INFO  | SCMAudit | user=jenkins1000 | ip=192.168.5.166 | op=SEND_HEARTBEAT {datanodeUUID=e5b95ce0-1250-4c31-97f6-119a472050cb, command=[]} | ret=SUCCESS |  
2019-08-29 11:54:59,404 | INFO  | SCMAudit | user=jenkins1000 | ip=192.168.5.166 | op=SEND_HEARTBEAT {datanodeUUID=03953c42-7b85-4ce6-8578-61fc97f729cc, command=[]} | ret=SUCCESS |  
2019-08-29 11:54:59,422 | INFO  | SCMAudit | user=jenkins1000 | ip=192.168.5.166 | op=SEND_HEARTBEAT {datanodeUUID=7c3dea4a-666f-498f-b3ec-37d2b2f2aea0, command=[]} | ret=SUCCESS |  
2019-08-29 11:54:59,466 | INFO  | SCMAudit | user=jenkins1000 | ip=192.168.5.166 | op=SEND_HEARTBEAT {datanodeUUID=eec05b1d-f4e8-4418-a60c-420e12deef9f, command=[]} | ret=SUCCESS |  
2019-08-29 11:54:59,590 | INFO  | SCMAudit | user=jenkins1000 | ip=192.168.5.166 | op=SEND_HEARTBEAT {datanodeUUID=bd7d2b3e-70a9-4c18-9e48-3057ca72b747, command=[]} | ret=SUCCESS |  
2019-08-29 11:54:59,617 | INFO  | SCMAudit | user=jenkins1000 | ip=192.168.5.166 | op=SEND_HEARTBEAT {datanodeUUID=920b05f1-a92b-459a-a000-361715d4ee3d, command=[]} | ret=SUCCESS |  
2019-08-29 11:54:59,660 | INFO  | SCMAudit | user=jenkins1000 | ip=192.168.5.166 | op=SEND_HEARTBEAT {datanodeUUID=42efee89-99fa-4c75-b2bf-b3a1b636c7a3, command=[]} | ret=SUCCESS |  
2019-08-29 11:54:59,740 [42efee89-99fa-4c75-b2bf-b3a1b636c7a3-SegmentedRaftLogWorker:Storage Directory /workdir/hadoop-ozone/integration-test/target/test-dir/MiniOzoneClusterImpl-d5645d28-46c2-4d7d-99f2-1f02fc29b8b0/datanode-7/data/ratis/096fcd2b-786a-4a64-996f-2dd3c3757259] WARN  segmented.SegmentedRaftLogWorker (SegmentedRaftLogWorker.java:getFromFuture(90)) - Timeout 0/~
org.apache.ratis.protocol.TimeoutIOException: Timeout 10s: WriteLog:1: (t:2, i:1), STATEMACHINELOGENTRY, client-9B9D18C8137A, cid=23-writeStateMachineData
	at org.apache.ratis.util.IOUtils.getFromFuture(IOUtils.java:87)
	at org.apache.ratis.server.raftlog.segmented.SegmentedRaftLogWorker$StateMachineDataPolicy.getFromFuture(SegmentedRaftLogWorker.java:87)
	at org.apache.ratis.server.raftlog.segmented.SegmentedRaftLogWorker$WriteLog.execute(SegmentedRaftLogWorker.java:477)
	at org.apache.ratis.server.raftlog.segmented.SegmentedRaftLogWorker.run(SegmentedRaftLogWorker.java:289)
	at java.lang.Thread.run(Thread.java:748)
Caused by: java.util.concurrent.TimeoutException
	at java.util.concurrent.CompletableFuture.timedGet(CompletableFuture.java:1771)
	at java.util.concurrent.CompletableFuture.get(CompletableFuture.java:1915)
	at org.apache.ratis.util.IOUtils.getFromFuture(IOUtils.java:79)
	... 4 more
2019-08-29 11:54:59,755 [java.util.concurrent.ThreadPoolExecutor$Worker@1d34aecc[State = -1, empty queue]] WARN  server.GrpcLogAppender (GrpcLogAppender.java:timeoutAppendRequest(200)) - GrpcLogAppender(42efee89-99fa-4c75-b2bf-b3a1b636c7a3->b34bc477-f594-4894-b3be-a6d4c994fd70): appendEntries Timeout, request=42efee89-99fa-4c75-b2bf-b3a1b636c7a3->b34bc477-f594-4894-b3be-a6d4c994fd70#30-t2, previous=(t:2, i:1), leaderCommit=0, initializing? false, entries: <empty>
2019-08-29 11:54:59,755 [java.util.concurrent.ThreadPoolExecutor$Worker@36232c7e[State = -1, empty queue]] WARN  server.GrpcLogAppender (GrpcLogAppender.java:timeoutAppendRequest(200)) - GrpcLogAppender(42efee89-99fa-4c75-b2bf-b3a1b636c7a3->920b05f1-a92b-459a-a000-361715d4ee3d): appendEntries Timeout, request=42efee89-99fa-4c75-b2bf-b3a1b636c7a3->920b05f1-a92b-459a-a000-361715d4ee3d#30-t2, previous=(t:2, i:1), leaderCommit=0, initializing? false, entries: <empty>
2019-08-29 11:54:59,756 [grpc-default-executor-1] INFO  client.GrpcClientProtocolClient (GrpcClientProtocolClient.java:onNext(255)) - client-9B9D18C8137A->920b05f1-a92b-459a-a000-361715d4ee3d: receive RaftClientReply:client-9B9D18C8137A->920b05f1-a92b-459a-a000-361715d4ee3d@group-2DD3C3757259, cid=23, FAILED org.apache.ratis.protocol.NotLeaderException: Server 920b05f1-a92b-459a-a000-361715d4ee3d is not the leader (42efee89-99fa-4c75-b2bf-b3a1b636c7a3:192.168.5.166:34186). Request must be sent to leader., logIndex=0, commits[920b05f1-a92b-459a-a000-361715d4ee3d:c0, b34bc477-f594-4894-b3be-a6d4c994fd70:c0, 42efee89-99fa-4c75-b2bf-b3a1b636c7a3:c0]
2019-08-29 11:54:59,764 [b34bc477-f594-4894-b3be-a6d4c994fd70-SegmentedRaftLogWorker:Storage Directory /workdir/hadoop-ozone/integration-test/target/test-dir/MiniOzoneClusterImpl-d5645d28-46c2-4d7d-99f2-1f02fc29b8b0/datanode-8/data/ratis/096fcd2b-786a-4a64-996f-2dd3c3757259] WARN  segmented.SegmentedRaftLogWorker (SegmentedRaftLogWorker.java:getFromFuture(90)) - Timeout 0/~
org.apache.ratis.protocol.TimeoutIOException: Timeout 10s: WriteLog:1: (t:2, i:1), STATEMACHINELOGENTRY, client-9B9D18C8137A, cid=23-writeStateMachineData
	at org.apache.ratis.util.IOUtils.getFromFuture(IOUtils.java:87)
	at org.apache.ratis.server.raftlog.segmented.SegmentedRaftLogWorker$StateMachineDataPolicy.getFromFuture(SegmentedRaftLogWorker.java:87)
	at org.apache.ratis.server.raftlog.segmented.SegmentedRaftLogWorker$WriteLog.execute(SegmentedRaftLogWorker.java:477)
	at org.apache.ratis.server.raftlog.segmented.SegmentedRaftLogWorker.run(SegmentedRaftLogWorker.java:289)
	at java.lang.Thread.run(Thread.java:748)
Caused by: java.util.concurrent.TimeoutException
	at java.util.concurrent.CompletableFuture.timedGet(CompletableFuture.java:1771)
	at java.util.concurrent.CompletableFuture.get(CompletableFuture.java:1915)
	at org.apache.ratis.util.IOUtils.getFromFuture(IOUtils.java:79)
	... 4 more
2019-08-29 11:54:59,764 [920b05f1-a92b-459a-a000-361715d4ee3d-SegmentedRaftLogWorker:Storage Directory /workdir/hadoop-ozone/integration-test/target/test-dir/MiniOzoneClusterImpl-d5645d28-46c2-4d7d-99f2-1f02fc29b8b0/datanode-0/data/ratis/096fcd2b-786a-4a64-996f-2dd3c3757259] WARN  segmented.SegmentedRaftLogWorker (SegmentedRaftLogWorker.java:getFromFuture(90)) - Timeout 0/~
org.apache.ratis.protocol.TimeoutIOException: Timeout 10s: WriteLog:1: (t:2, i:1), STATEMACHINELOGENTRY, client-9B9D18C8137A, cid=23-writeStateMachineData
	at org.apache.ratis.util.IOUtils.getFromFuture(IOUtils.java:87)
	at org.apache.ratis.server.raftlog.segmented.SegmentedRaftLogWorker$StateMachineDataPolicy.getFromFuture(SegmentedRaftLogWorker.java:87)
	at org.apache.ratis.server.raftlog.segmented.SegmentedRaftLogWorker$WriteLog.execute(SegmentedRaftLogWorker.java:477)
	at org.apache.ratis.server.raftlog.segmented.SegmentedRaftLogWorker.run(SegmentedRaftLogWorker.java:289)
	at java.lang.Thread.run(Thread.java:748)
Caused by: java.util.concurrent.TimeoutException
	at java.util.concurrent.CompletableFuture.timedGet(CompletableFuture.java:1771)
	at java.util.concurrent.CompletableFuture.get(CompletableFuture.java:1915)
	at org.apache.ratis.util.IOUtils.getFromFuture(IOUtils.java:79)
	... 4 more
2019-08-29 11:54:59,848 | INFO  | SCMAudit | user=jenkins1000 | ip=192.168.5.166 | op=SEND_HEARTBEAT {datanodeUUID=07dabde0-c17e-46ed-9a55-144838a04ea2, command=[]} | ret=SUCCESS |  
2019-08-29 11:54:59,966 | INFO  | SCMAudit | user=jenkins1000 | ip=192.168.5.166 | op=SEND_HEARTBEAT {datanodeUUID=4a332945-53dc-4c0b-b910-cfaf195ac63d, command=[]} | ret=SUCCESS |  
2019-08-29 11:55:00,252 [java.util.concurrent.ThreadPoolExecutor$Worker@1d34aecc[State = -1, empty queue]] WARN  server.GrpcLogAppender (GrpcLogAppender.java:timeoutAppendRequest(200)) - GrpcLogAppender(42efee89-99fa-4c75-b2bf-b3a1b636c7a3->b34bc477-f594-4894-b3be-a6d4c994fd70): appendEntries Timeout, request=42efee89-99fa-4c75-b2bf-b3a1b636c7a3->b34bc477-f594-4894-b3be-a6d4c994fd70#31-t2, previous=(t:2, i:1), leaderCommit=0, initializing? false, entries: <empty>
2019-08-29 11:55:00,252 [java.util.concurrent.ThreadPoolExecutor$Worker@36232c7e[State = -1, empty queue]] WARN  server.GrpcLogAppender (GrpcLogAppender.java:timeoutAppendRequest(200)) - GrpcLogAppender(42efee89-99fa-4c75-b2bf-b3a1b636c7a3->920b05f1-a92b-459a-a000-361715d4ee3d): appendEntries Timeout, request=42efee89-99fa-4c75-b2bf-b3a1b636c7a3->920b05f1-a92b-459a-a000-361715d4ee3d#31-t2, previous=(t:2, i:1), leaderCommit=0, initializing? false, entries: <empty>
2019-08-29 11:55:00,262 [Thread-656] INFO  impl.FollowerState (FollowerState.java:run(106)) - bd7d2b3e-70a9-4c18-9e48-3057ca72b747:group-39336B115318 changes to CANDIDATE, lastRpcTime:1001, electionTimeout:1001ms
2019-08-29 11:55:00,263 [Thread-656] INFO  impl.RoleInfo (RoleInfo.java:shutdownFollowerState(121)) - bd7d2b3e-70a9-4c18-9e48-3057ca72b747: shutdown FollowerState
2019-08-29 11:55:00,263 [Thread-656] INFO  impl.RaftServerImpl (RaftServerImpl.java:setRole(171)) - bd7d2b3e-70a9-4c18-9e48-3057ca72b747:group-39336B115318 changes role from FOLLOWER to CANDIDATE at term 7 for changeToCandidate
2019-08-29 11:55:00,263 [Thread-656] INFO  impl.RoleInfo (RoleInfo.java:updateAndGet(143)) - bd7d2b3e-70a9-4c18-9e48-3057ca72b747: start LeaderElection
2019-08-29 11:55:00,287 [Thread-658] INFO  impl.FollowerState (FollowerState.java:run(106)) - 07dabde0-c17e-46ed-9a55-144838a04ea2:group-39336B115318 changes to CANDIDATE, lastRpcTime:1025, electionTimeout:1025ms
2019-08-29 11:55:00,287 [Thread-658] INFO  impl.RoleInfo (RoleInfo.java:shutdownFollowerState(121)) - 07dabde0-c17e-46ed-9a55-144838a04ea2: shutdown FollowerState
2019-08-29 11:55:00,288 [Thread-658] INFO  impl.RaftServerImpl (RaftServerImpl.java:setRole(171)) - 07dabde0-c17e-46ed-9a55-144838a04ea2:group-39336B115318 changes role from FOLLOWER to CANDIDATE at term 7 for changeToCandidate
2019-08-29 11:55:00,288 [Thread-658] INFO  impl.RoleInfo (RoleInfo.java:updateAndGet(143)) - 07dabde0-c17e-46ed-9a55-144838a04ea2: start LeaderElection
2019-08-29 11:55:00,395 | INFO  | SCMAudit | user=jenkins1000 | ip=192.168.5.166 | op=SEND_HEARTBEAT {datanodeUUID=b34bc477-f594-4894-b3be-a6d4c994fd70, command=[]} | ret=SUCCESS |  
2019-08-29 11:55:00,403 | INFO  | SCMAudit | user=jenkins1000 | ip=192.168.5.166 | op=SEND_HEARTBEAT {datanodeUUID=e5b95ce0-1250-4c31-97f6-119a472050cb, command=[]} | ret=SUCCESS |  
2019-08-29 11:55:00,404 | INFO  | SCMAudit | user=jenkins1000 | ip=192.168.5.166 | op=SEND_HEARTBEAT {datanodeUUID=03953c42-7b85-4ce6-8578-61fc97f729cc, command=[]} | ret=SUCCESS |  
2019-08-29 11:55:00,404 [Thread-657] INFO  impl.FollowerState (FollowerState.java:run(106)) - 4a332945-53dc-4c0b-b910-cfaf195ac63d:group-39336B115318 changes to CANDIDATE, lastRpcTime:1143, electionTimeout:1143ms
2019-08-29 11:55:00,405 [Thread-657] INFO  impl.RoleInfo (RoleInfo.java:shutdownFollowerState(121)) - 4a332945-53dc-4c0b-b910-cfaf195ac63d: shutdown FollowerState
2019-08-29 11:55:00,405 [Thread-657] INFO  impl.RaftServerImpl (RaftServerImpl.java:setRole(171)) - 4a332945-53dc-4c0b-b910-cfaf195ac63d:group-39336B115318 changes role from FOLLOWER to CANDIDATE at term 7 for changeToCandidate
2019-08-29 11:55:00,405 [Thread-657] INFO  impl.RoleInfo (RoleInfo.java:updateAndGet(143)) - 4a332945-53dc-4c0b-b910-cfaf195ac63d: start LeaderElection
2019-08-29 11:55:00,422 | INFO  | SCMAudit | user=jenkins1000 | ip=192.168.5.166 | op=SEND_HEARTBEAT {datanodeUUID=7c3dea4a-666f-498f-b3ec-37d2b2f2aea0, command=[]} | ret=SUCCESS |  
2019-08-29 11:55:00,466 | INFO  | SCMAudit | user=jenkins1000 | ip=192.168.5.166 | op=SEND_HEARTBEAT {datanodeUUID=eec05b1d-f4e8-4418-a60c-420e12deef9f, command=[]} | ret=SUCCESS |  
2019-08-29 11:55:00,590 | INFO  | SCMAudit | user=jenkins1000 | ip=192.168.5.166 | op=SEND_HEARTBEAT {datanodeUUID=bd7d2b3e-70a9-4c18-9e48-3057ca72b747, command=[]} | ret=SUCCESS |  
2019-08-29 11:55:00,617 | INFO  | SCMAudit | user=jenkins1000 | ip=192.168.5.166 | op=SEND_HEARTBEAT {datanodeUUID=920b05f1-a92b-459a-a000-361715d4ee3d, command=[]} | ret=SUCCESS |  
2019-08-29 11:55:00,660 | INFO  | SCMAudit | user=jenkins1000 | ip=192.168.5.166 | op=SEND_HEARTBEAT {datanodeUUID=42efee89-99fa-4c75-b2bf-b3a1b636c7a3, command=[]} | ret=SUCCESS |  
2019-08-29 11:55:00,753 [java.util.concurrent.ThreadPoolExecutor$Worker@36232c7e[State = -1, empty queue]] WARN  server.GrpcLogAppender (GrpcLogAppender.java:timeoutAppendRequest(200)) - GrpcLogAppender(42efee89-99fa-4c75-b2bf-b3a1b636c7a3->920b05f1-a92b-459a-a000-361715d4ee3d): appendEntries Timeout, request=42efee89-99fa-4c75-b2bf-b3a1b636c7a3->920b05f1-a92b-459a-a000-361715d4ee3d#32-t2, previous=(t:2, i:1), leaderCommit=0, initializing? false, entries: <empty>
2019-08-29 11:55:00,753 [java.util.concurrent.ThreadPoolExecutor$Worker@1d34aecc[State = -1, empty queue]] WARN  server.GrpcLogAppender (GrpcLogAppender.java:timeoutAppendRequest(200)) - GrpcLogAppender(42efee89-99fa-4c75-b2bf-b3a1b636c7a3->b34bc477-f594-4894-b3be-a6d4c994fd70): appendEntries Timeout, request=42efee89-99fa-4c75-b2bf-b3a1b636c7a3->b34bc477-f594-4894-b3be-a6d4c994fd70#32-t2, previous=(t:2, i:1), leaderCommit=0, initializing? false, entries: <empty>
2019-08-29 11:55:00,847 | INFO  | SCMAudit | user=jenkins1000 | ip=192.168.5.166 | op=SEND_HEARTBEAT {datanodeUUID=07dabde0-c17e-46ed-9a55-144838a04ea2, command=[]} | ret=SUCCESS |  
2019-08-29 11:55:00,967 | INFO  | SCMAudit | user=jenkins1000 | ip=192.168.5.166 | op=SEND_HEARTBEAT {datanodeUUID=4a332945-53dc-4c0b-b910-cfaf195ac63d, command=[]} | ret=SUCCESS |  
2019-08-29 11:55:01,253 [java.util.concurrent.ThreadPoolExecutor$Worker@1d34aecc[State = -1, empty queue]] WARN  server.GrpcLogAppender (GrpcLogAppender.java:timeoutAppendRequest(200)) - GrpcLogAppender(42efee89-99fa-4c75-b2bf-b3a1b636c7a3->b34bc477-f594-4894-b3be-a6d4c994fd70): appendEntries Timeout, request=42efee89-99fa-4c75-b2bf-b3a1b636c7a3->b34bc477-f594-4894-b3be-a6d4c994fd70#33-t2, previous=(t:2, i:1), leaderCommit=0, initializing? false, entries: <empty>
2019-08-29 11:55:01,253 [java.util.concurrent.ThreadPoolExecutor$Worker@36232c7e[State = -1, empty queue]] WARN  server.GrpcLogAppender (GrpcLogAppender.java:timeoutAppendRequest(200)) - GrpcLogAppender(42efee89-99fa-4c75-b2bf-b3a1b636c7a3->920b05f1-a92b-459a-a000-361715d4ee3d): appendEntries Timeout, request=42efee89-99fa-4c75-b2bf-b3a1b636c7a3->920b05f1-a92b-459a-a000-361715d4ee3d#33-t2, previous=(t:2, i:1), leaderCommit=0, initializing? false, entries: <empty>
2019-08-29 11:55:01,395 | INFO  | SCMAudit | user=jenkins1000 | ip=192.168.5.166 | op=SEND_HEARTBEAT {datanodeUUID=b34bc477-f594-4894-b3be-a6d4c994fd70, command=[]} | ret=SUCCESS |  
2019-08-29 11:55:01,403 | INFO  | SCMAudit | user=jenkins1000 | ip=192.168.5.166 | op=SEND_HEARTBEAT {datanodeUUID=e5b95ce0-1250-4c31-97f6-119a472050cb, command=[]} | ret=SUCCESS |  
2019-08-29 11:55:01,404 | INFO  | SCMAudit | user=jenkins1000 | ip=192.168.5.166 | op=SEND_HEARTBEAT {datanodeUUID=03953c42-7b85-4ce6-8578-61fc97f729cc, command=[]} | ret=SUCCESS |  
2019-08-29 11:55:01,423 | INFO  | SCMAudit | user=jenkins1000 | ip=192.168.5.166 | op=SEND_HEARTBEAT {datanodeUUID=7c3dea4a-666f-498f-b3ec-37d2b2f2aea0, command=[]} | ret=SUCCESS |  
2019-08-29 11:55:01,466 | INFO  | SCMAudit | user=jenkins1000 | ip=192.168.5.166 | op=SEND_HEARTBEAT {datanodeUUID=eec05b1d-f4e8-4418-a60c-420e12deef9f, command=[]} | ret=SUCCESS |  
2019-08-29 11:55:01,589 | INFO  | SCMAudit | user=jenkins1000 | ip=192.168.5.166 | op=SEND_HEARTBEAT {datanodeUUID=bd7d2b3e-70a9-4c18-9e48-3057ca72b747, command=[]} | ret=SUCCESS |  
2019-08-29 11:55:01,618 | INFO  | SCMAudit | user=jenkins1000 | ip=192.168.5.166 | op=SEND_HEARTBEAT {datanodeUUID=920b05f1-a92b-459a-a000-361715d4ee3d, command=[]} | ret=SUCCESS |  
2019-08-29 11:55:01,660 | INFO  | SCMAudit | user=jenkins1000 | ip=192.168.5.166 | op=SEND_HEARTBEAT {datanodeUUID=42efee89-99fa-4c75-b2bf-b3a1b636c7a3, command=[]} | ret=SUCCESS |  
2019-08-29 11:55:01,754 [java.util.concurrent.ThreadPoolExecutor$Worker@1d34aecc[State = -1, empty queue]] WARN  server.GrpcLogAppender (GrpcLogAppender.java:timeoutAppendRequest(200)) - GrpcLogAppender(42efee89-99fa-4c75-b2bf-b3a1b636c7a3->b34bc477-f594-4894-b3be-a6d4c994fd70): appendEntries Timeout, request=42efee89-99fa-4c75-b2bf-b3a1b636c7a3->b34bc477-f594-4894-b3be-a6d4c994fd70#34-t2, previous=(t:2, i:1), leaderCommit=0, initializing? false, entries: <empty>
2019-08-29 11:55:01,754 [java.util.concurrent.ThreadPoolExecutor$Worker@36232c7e[State = -1, empty queue]] WARN  server.GrpcLogAppender (GrpcLogAppender.java:timeoutAppendRequest(200)) - GrpcLogAppender(42efee89-99fa-4c75-b2bf-b3a1b636c7a3->920b05f1-a92b-459a-a000-361715d4ee3d): appendEntries Timeout, request=42efee89-99fa-4c75-b2bf-b3a1b636c7a3->920b05f1-a92b-459a-a000-361715d4ee3d#34-t2, previous=(t:2, i:1), leaderCommit=0, initializing? false, entries: <empty>
2019-08-29 11:55:01,847 | INFO  | SCMAudit | user=jenkins1000 | ip=192.168.5.166 | op=SEND_HEARTBEAT {datanodeUUID=07dabde0-c17e-46ed-9a55-144838a04ea2, command=[]} | ret=SUCCESS |  
2019-08-29 11:55:01,967 | INFO  | SCMAudit | user=jenkins1000 | ip=192.168.5.166 | op=SEND_HEARTBEAT {datanodeUUID=4a332945-53dc-4c0b-b910-cfaf195ac63d, command=[]} | ret=SUCCESS |  
2019-08-29 11:55:02,254 [java.util.concurrent.ThreadPoolExecutor$Worker@1d34aecc[State = -1, empty queue]] WARN  server.GrpcLogAppender (GrpcLogAppender.java:timeoutAppendRequest(200)) - GrpcLogAppender(42efee89-99fa-4c75-b2bf-b3a1b636c7a3->b34bc477-f594-4894-b3be-a6d4c994fd70): appendEntries Timeout, request=42efee89-99fa-4c75-b2bf-b3a1b636c7a3->b34bc477-f594-4894-b3be-a6d4c994fd70#35-t2, previous=(t:2, i:1), leaderCommit=0, initializing? false, entries: <empty>
2019-08-29 11:55:02,254 [java.util.concurrent.ThreadPoolExecutor$Worker@36232c7e[State = -1, empty queue]] WARN  server.GrpcLogAppender (GrpcLogAppender.java:timeoutAppendRequest(200)) - GrpcLogAppender(42efee89-99fa-4c75-b2bf-b3a1b636c7a3->920b05f1-a92b-459a-a000-361715d4ee3d): appendEntries Timeout, request=42efee89-99fa-4c75-b2bf-b3a1b636c7a3->920b05f1-a92b-459a-a000-361715d4ee3d#35-t2, previous=(t:2, i:1), leaderCommit=0, initializing? false, entries: <empty>
2019-08-29 11:55:02,396 | INFO  | SCMAudit | user=jenkins1000 | ip=192.168.5.166 | op=SEND_HEARTBEAT {datanodeUUID=b34bc477-f594-4894-b3be-a6d4c994fd70, command=[]} | ret=SUCCESS |  
2019-08-29 11:55:02,403 | INFO  | SCMAudit | user=jenkins1000 | ip=192.168.5.166 | op=SEND_HEARTBEAT {datanodeUUID=e5b95ce0-1250-4c31-97f6-119a472050cb, command=[]} | ret=SUCCESS |  
2019-08-29 11:55:02,404 | INFO  | SCMAudit | user=jenkins1000 | ip=192.168.5.166 | op=SEND_HEARTBEAT {datanodeUUID=03953c42-7b85-4ce6-8578-61fc97f729cc, command=[]} | ret=SUCCESS |  
2019-08-29 11:55:02,424 | INFO  | SCMAudit | user=jenkins1000 | ip=192.168.5.166 | op=SEND_HEARTBEAT {datanodeUUID=7c3dea4a-666f-498f-b3ec-37d2b2f2aea0, command=[]} | ret=SUCCESS |  
2019-08-29 11:55:02,466 | INFO  | SCMAudit | user=jenkins1000 | ip=192.168.5.166 | op=SEND_HEARTBEAT {datanodeUUID=eec05b1d-f4e8-4418-a60c-420e12deef9f, command=[]} | ret=SUCCESS |  
2019-08-29 11:55:02,589 | INFO  | SCMAudit | user=jenkins1000 | ip=192.168.5.166 | op=SEND_HEARTBEAT {datanodeUUID=bd7d2b3e-70a9-4c18-9e48-3057ca72b747, command=[]} | ret=SUCCESS |  
2019-08-29 11:55:02,619 | INFO  | SCMAudit | user=jenkins1000 | ip=192.168.5.166 | op=SEND_HEARTBEAT {datanodeUUID=920b05f1-a92b-459a-a000-361715d4ee3d, command=[]} | ret=SUCCESS |  
2019-08-29 11:55:02,660 | INFO  | SCMAudit | user=jenkins1000 | ip=192.168.5.166 | op=SEND_HEARTBEAT {datanodeUUID=42efee89-99fa-4c75-b2bf-b3a1b636c7a3, command=[]} | ret=SUCCESS |  
2019-08-29 11:55:02,756 [java.util.concurrent.ThreadPoolExecutor$Worker@36232c7e[State = -1, empty queue]] WARN  server.GrpcLogAppender (GrpcLogAppender.java:timeoutAppendRequest(200)) - GrpcLogAppender(42efee89-99fa-4c75-b2bf-b3a1b636c7a3->920b05f1-a92b-459a-a000-361715d4ee3d): appendEntries Timeout, request=42efee89-99fa-4c75-b2bf-b3a1b636c7a3->920b05f1-a92b-459a-a000-361715d4ee3d#36-t2, previous=(t:2, i:1), leaderCommit=0, initializing? false, entries: <empty>
2019-08-29 11:55:02,756 [java.util.concurrent.ThreadPoolExecutor$Worker@1d34aecc[State = -1, empty queue]] WARN  server.GrpcLogAppender (GrpcLogAppender.java:timeoutAppendRequest(200)) - GrpcLogAppender(42efee89-99fa-4c75-b2bf-b3a1b636c7a3->b34bc477-f594-4894-b3be-a6d4c994fd70): appendEntries Timeout, request=42efee89-99fa-4c75-b2bf-b3a1b636c7a3->b34bc477-f594-4894-b3be-a6d4c994fd70#36-t2, previous=(t:2, i:1), leaderCommit=0, initializing? false, entries: <empty>
2019-08-29 11:55:02,847 | INFO  | SCMAudit | user=jenkins1000 | ip=192.168.5.166 | op=SEND_HEARTBEAT {datanodeUUID=07dabde0-c17e-46ed-9a55-144838a04ea2, command=[]} | ret=SUCCESS |  
2019-08-29 11:55:02,967 | INFO  | SCMAudit | user=jenkins1000 | ip=192.168.5.166 | op=SEND_HEARTBEAT {datanodeUUID=4a332945-53dc-4c0b-b910-cfaf195ac63d, command=[]} | ret=SUCCESS |  
2019-08-29 11:55:03,256 [java.util.concurrent.ThreadPoolExecutor$Worker@36232c7e[State = -1, empty queue]] WARN  server.GrpcLogAppender (GrpcLogAppender.java:timeoutAppendRequest(200)) - GrpcLogAppender(42efee89-99fa-4c75-b2bf-b3a1b636c7a3->920b05f1-a92b-459a-a000-361715d4ee3d): appendEntries Timeout, request=42efee89-99fa-4c75-b2bf-b3a1b636c7a3->920b05f1-a92b-459a-a000-361715d4ee3d#37-t2, previous=(t:2, i:1), leaderCommit=0, initializing? false, entries: <empty>
2019-08-29 11:55:03,256 [java.util.concurrent.ThreadPoolExecutor$Worker@1d34aecc[State = -1, empty queue]] WARN  server.GrpcLogAppender (GrpcLogAppender.java:timeoutAppendRequest(200)) - GrpcLogAppender(42efee89-99fa-4c75-b2bf-b3a1b636c7a3->b34bc477-f594-4894-b3be-a6d4c994fd70): appendEntries Timeout, request=42efee89-99fa-4c75-b2bf-b3a1b636c7a3->b34bc477-f594-4894-b3be-a6d4c994fd70#37-t2, previous=(t:2, i:1), leaderCommit=0, initializing? false, entries: <empty>
2019-08-29 11:55:03,396 | INFO  | SCMAudit | user=jenkins1000 | ip=192.168.5.166 | op=SEND_HEARTBEAT {datanodeUUID=b34bc477-f594-4894-b3be-a6d4c994fd70, command=[]} | ret=SUCCESS |  
2019-08-29 11:55:03,403 | INFO  | SCMAudit | user=jenkins1000 | ip=192.168.5.166 | op=SEND_HEARTBEAT {datanodeUUID=e5b95ce0-1250-4c31-97f6-119a472050cb, command=[]} | ret=SUCCESS |  
2019-08-29 11:55:03,404 | INFO  | SCMAudit | user=jenkins1000 | ip=192.168.5.166 | op=SEND_HEARTBEAT {datanodeUUID=03953c42-7b85-4ce6-8578-61fc97f729cc, command=[]} | ret=SUCCESS |  
2019-08-29 11:55:03,423 | INFO  | SCMAudit | user=jenkins1000 | ip=192.168.5.166 | op=SEND_HEARTBEAT {datanodeUUID=7c3dea4a-666f-498f-b3ec-37d2b2f2aea0, command=[]} | ret=SUCCESS |  
2019-08-29 11:55:03,468 | INFO  | SCMAudit | user=jenkins1000 | ip=192.168.5.166 | op=SEND_HEARTBEAT {datanodeUUID=eec05b1d-f4e8-4418-a60c-420e12deef9f, command=[]} | ret=SUCCESS |  
2019-08-29 11:55:03,589 | INFO  | SCMAudit | user=jenkins1000 | ip=192.168.5.166 | op=SEND_HEARTBEAT {datanodeUUID=bd7d2b3e-70a9-4c18-9e48-3057ca72b747, command=[]} | ret=SUCCESS |  
2019-08-29 11:55:03,618 | INFO  | SCMAudit | user=jenkins1000 | ip=192.168.5.166 | op=SEND_HEARTBEAT {datanodeUUID=920b05f1-a92b-459a-a000-361715d4ee3d, command=[]} | ret=SUCCESS |  
2019-08-29 11:55:03,661 | INFO  | SCMAudit | user=jenkins1000 | ip=192.168.5.166 | op=SEND_HEARTBEAT {datanodeUUID=42efee89-99fa-4c75-b2bf-b3a1b636c7a3, command=[]} | ret=SUCCESS |  
2019-08-29 11:55:03,756 [java.util.concurrent.ThreadPoolExecutor$Worker@36232c7e[State = -1, empty queue]] WARN  server.GrpcLogAppender (GrpcLogAppender.java:timeoutAppendRequest(200)) - GrpcLogAppender(42efee89-99fa-4c75-b2bf-b3a1b636c7a3->920b05f1-a92b-459a-a000-361715d4ee3d): appendEntries Timeout, request=42efee89-99fa-4c75-b2bf-b3a1b636c7a3->920b05f1-a92b-459a-a000-361715d4ee3d#38-t2, previous=(t:2, i:1), leaderCommit=0, initializing? false, entries: <empty>
2019-08-29 11:55:03,756 [java.util.concurrent.ThreadPoolExecutor$Worker@1d34aecc[State = -1, empty queue]] WARN  server.GrpcLogAppender (GrpcLogAppender.java:timeoutAppendRequest(200)) - GrpcLogAppender(42efee89-99fa-4c75-b2bf-b3a1b636c7a3->b34bc477-f594-4894-b3be-a6d4c994fd70): appendEntries Timeout, request=42efee89-99fa-4c75-b2bf-b3a1b636c7a3->b34bc477-f594-4894-b3be-a6d4c994fd70#38-t2, previous=(t:2, i:1), leaderCommit=0, initializing? false, entries: <empty>
2019-08-29 11:55:03,847 | INFO  | SCMAudit | user=jenkins1000 | ip=192.168.5.166 | op=SEND_HEARTBEAT {datanodeUUID=07dabde0-c17e-46ed-9a55-144838a04ea2, command=[]} | ret=SUCCESS |  
2019-08-29 11:55:03,967 | INFO  | SCMAudit | user=jenkins1000 | ip=192.168.5.166 | op=SEND_HEARTBEAT {datanodeUUID=4a332945-53dc-4c0b-b910-cfaf195ac63d, command=[]} | ret=SUCCESS |  
2019-08-29 11:55:04,257 [java.util.concurrent.ThreadPoolExecutor$Worker@36232c7e[State = -1, empty queue]] WARN  server.GrpcLogAppender (GrpcLogAppender.java:timeoutAppendRequest(200)) - GrpcLogAppender(42efee89-99fa-4c75-b2bf-b3a1b636c7a3->920b05f1-a92b-459a-a000-361715d4ee3d): appendEntries Timeout, request=42efee89-99fa-4c75-b2bf-b3a1b636c7a3->920b05f1-a92b-459a-a000-361715d4ee3d#39-t2, previous=(t:2, i:1), leaderCommit=0, initializing? false, entries: <empty>
2019-08-29 11:55:04,257 [java.util.concurrent.ThreadPoolExecutor$Worker@1d34aecc[State = -1, empty queue]] WARN  server.GrpcLogAppender (GrpcLogAppender.java:timeoutAppendRequest(200)) - GrpcLogAppender(42efee89-99fa-4c75-b2bf-b3a1b636c7a3->b34bc477-f594-4894-b3be-a6d4c994fd70): appendEntries Timeout, request=42efee89-99fa-4c75-b2bf-b3a1b636c7a3->b34bc477-f594-4894-b3be-a6d4c994fd70#39-t2, previous=(t:2, i:1), leaderCommit=0, initializing? false, entries: <empty>
2019-08-29 11:55:04,396 | INFO  | SCMAudit | user=jenkins1000 | ip=192.168.5.166 | op=SEND_HEARTBEAT {datanodeUUID=b34bc477-f594-4894-b3be-a6d4c994fd70, command=[]} | ret=SUCCESS |  
2019-08-29 11:55:04,403 | INFO  | SCMAudit | user=jenkins1000 | ip=192.168.5.166 | op=SEND_HEARTBEAT {datanodeUUID=e5b95ce0-1250-4c31-97f6-119a472050cb, command=[]} | ret=SUCCESS |  
2019-08-29 11:55:04,404 | INFO  | SCMAudit | user=jenkins1000 | ip=192.168.5.166 | op=SEND_HEARTBEAT {datanodeUUID=03953c42-7b85-4ce6-8578-61fc97f729cc, command=[]} | ret=SUCCESS |  
2019-08-29 11:55:04,424 | INFO  | SCMAudit | user=jenkins1000 | ip=192.168.5.166 | op=SEND_HEARTBEAT {datanodeUUID=7c3dea4a-666f-498f-b3ec-37d2b2f2aea0, command=[]} | ret=SUCCESS |  
2019-08-29 11:55:04,469 | INFO  | SCMAudit | user=jenkins1000 | ip=192.168.5.166 | op=SEND_HEARTBEAT {datanodeUUID=eec05b1d-f4e8-4418-a60c-420e12deef9f, command=[]} | ret=SUCCESS |  
2019-08-29 11:55:04,589 | INFO  | SCMAudit | user=jenkins1000 | ip=192.168.5.166 | op=SEND_HEARTBEAT {datanodeUUID=bd7d2b3e-70a9-4c18-9e48-3057ca72b747, command=[]} | ret=SUCCESS |  
2019-08-29 11:55:04,600 [bd7d2b3e-70a9-4c18-9e48-3057ca72b747:group-39336B115318:LeaderElection33] INFO  impl.LeaderElection (LeaderElection.java:askForVotes(181)) - bd7d2b3e-70a9-4c18-9e48-3057ca72b747:group-39336B115318:LeaderElection33: begin an election at term 8 for -1: [4a332945-53dc-4c0b-b910-cfaf195ac63d:192.168.5.166:44887, 07dabde0-c17e-46ed-9a55-144838a04ea2:192.168.5.166:46770, bd7d2b3e-70a9-4c18-9e48-3057ca72b747:192.168.5.166:45844], old=null
2019-08-29 11:55:04,600 [4a332945-53dc-4c0b-b910-cfaf195ac63d:group-39336B115318:LeaderElection35] INFO  impl.LeaderElection (LeaderElection.java:askForVotes(181)) - 4a332945-53dc-4c0b-b910-cfaf195ac63d:group-39336B115318:LeaderElection35: begin an election at term 8 for -1: [4a332945-53dc-4c0b-b910-cfaf195ac63d:192.168.5.166:44887, 07dabde0-c17e-46ed-9a55-144838a04ea2:192.168.5.166:46770, bd7d2b3e-70a9-4c18-9e48-3057ca72b747:192.168.5.166:45844], old=null
2019-08-29 11:55:04,600 [07dabde0-c17e-46ed-9a55-144838a04ea2:group-39336B115318:LeaderElection34] INFO  impl.LeaderElection (LeaderElection.java:askForVotes(181)) - 07dabde0-c17e-46ed-9a55-144838a04ea2:group-39336B115318:LeaderElection34: begin an election at term 8 for 0: [4a332945-53dc-4c0b-b910-cfaf195ac63d:192.168.5.166:44887, 07dabde0-c17e-46ed-9a55-144838a04ea2:192.168.5.166:46770, bd7d2b3e-70a9-4c18-9e48-3057ca72b747:192.168.5.166:45844], old=null
2019-08-29 11:55:04,608 [4a332945-53dc-4c0b-b910-cfaf195ac63d:group-39336B115318:LeaderElection35] INFO  impl.LeaderElection (LeaderElection.java:logAndReturn(56)) - 4a332945-53dc-4c0b-b910-cfaf195ac63d:group-39336B115318:LeaderElection35: Election REJECTED; received 2 response(s) [4a332945-53dc-4c0b-b910-cfaf195ac63d<-07dabde0-c17e-46ed-9a55-144838a04ea2#0:FAIL-t8, 4a332945-53dc-4c0b-b910-cfaf195ac63d<-bd7d2b3e-70a9-4c18-9e48-3057ca72b747#0:FAIL-t8] and 0 exception(s); 4a332945-53dc-4c0b-b910-cfaf195ac63d:t8, leader=null, voted=4a332945-53dc-4c0b-b910-cfaf195ac63d, raftlog=4a332945-53dc-4c0b-b910-cfaf195ac63d-SegmentedRaftLog:OPENED:c-1,f-1,i0, conf=-1: [4a332945-53dc-4c0b-b910-cfaf195ac63d:192.168.5.166:44887, 07dabde0-c17e-46ed-9a55-144838a04ea2:192.168.5.166:46770, bd7d2b3e-70a9-4c18-9e48-3057ca72b747:192.168.5.166:45844], old=null
2019-08-29 11:55:04,608 [bd7d2b3e-70a9-4c18-9e48-3057ca72b747:group-39336B115318:LeaderElection33] INFO  impl.LeaderElection (LeaderElection.java:logAndReturn(56)) - bd7d2b3e-70a9-4c18-9e48-3057ca72b747:group-39336B115318:LeaderElection33: Election REJECTED; received 2 response(s) [bd7d2b3e-70a9-4c18-9e48-3057ca72b747<-4a332945-53dc-4c0b-b910-cfaf195ac63d#0:FAIL-t8, bd7d2b3e-70a9-4c18-9e48-3057ca72b747<-07dabde0-c17e-46ed-9a55-144838a04ea2#0:FAIL-t8] and 0 exception(s); bd7d2b3e-70a9-4c18-9e48-3057ca72b747:t8, leader=null, voted=bd7d2b3e-70a9-4c18-9e48-3057ca72b747, raftlog=bd7d2b3e-70a9-4c18-9e48-3057ca72b747-SegmentedRaftLog:OPENED:c-1,f-1,i0, conf=-1: [4a332945-53dc-4c0b-b910-cfaf195ac63d:192.168.5.166:44887, 07dabde0-c17e-46ed-9a55-144838a04ea2:192.168.5.166:46770, bd7d2b3e-70a9-4c18-9e48-3057ca72b747:192.168.5.166:45844], old=null
2019-08-29 11:55:04,608 [4a332945-53dc-4c0b-b910-cfaf195ac63d:group-39336B115318:LeaderElection35] INFO  impl.RaftServerImpl (RaftServerImpl.java:setRole(171)) - 4a332945-53dc-4c0b-b910-cfaf195ac63d:group-39336B115318 changes role from CANDIDATE to FOLLOWER at term 8 for DISCOVERED_A_NEW_TERM
2019-08-29 11:55:04,609 [07dabde0-c17e-46ed-9a55-144838a04ea2:group-39336B115318:LeaderElection34] INFO  impl.LeaderElection (LeaderElection.java:logAndReturn(56)) - 07dabde0-c17e-46ed-9a55-144838a04ea2:group-39336B115318:LeaderElection34: Election REJECTED; received 2 response(s) [07dabde0-c17e-46ed-9a55-144838a04ea2<-4a332945-53dc-4c0b-b910-cfaf195ac63d#0:FAIL-t8, 07dabde0-c17e-46ed-9a55-144838a04ea2<-bd7d2b3e-70a9-4c18-9e48-3057ca72b747#0:FAIL-t8] and 0 exception(s); 07dabde0-c17e-46ed-9a55-144838a04ea2:t8, leader=null, voted=07dabde0-c17e-46ed-9a55-144838a04ea2, raftlog=07dabde0-c17e-46ed-9a55-144838a04ea2-SegmentedRaftLog:OPENED:c-1,f0,i0, conf=0: [4a332945-53dc-4c0b-b910-cfaf195ac63d:192.168.5.166:44887, 07dabde0-c17e-46ed-9a55-144838a04ea2:192.168.5.166:46770, bd7d2b3e-70a9-4c18-9e48-3057ca72b747:192.168.5.166:45844], old=null
2019-08-29 11:55:04,608 [bd7d2b3e-70a9-4c18-9e48-3057ca72b747:group-39336B115318:LeaderElection33] INFO  impl.RaftServerImpl (RaftServerImpl.java:setRole(171)) - bd7d2b3e-70a9-4c18-9e48-3057ca72b747:group-39336B115318 changes role from CANDIDATE to FOLLOWER at term 8 for DISCOVERED_A_NEW_TERM
2019-08-29 11:55:04,609 [07dabde0-c17e-46ed-9a55-144838a04ea2:group-39336B115318:LeaderElection34] INFO  impl.RaftServerImpl (RaftServerImpl.java:setRole(171)) - 07dabde0-c17e-46ed-9a55-144838a04ea2:group-39336B115318 changes role from CANDIDATE to FOLLOWER at term 8 for DISCOVERED_A_NEW_TERM
2019-08-29 11:55:04,609 [4a332945-53dc-4c0b-b910-cfaf195ac63d:group-39336B115318:LeaderElection35] INFO  impl.RoleInfo (RoleInfo.java:shutdownLeaderElection(134)) - 4a332945-53dc-4c0b-b910-cfaf195ac63d: shutdown LeaderElection
2019-08-29 11:55:04,609 [07dabde0-c17e-46ed-9a55-144838a04ea2:group-39336B115318:LeaderElection34] INFO  impl.RoleInfo (RoleInfo.java:shutdownLeaderElection(134)) - 07dabde0-c17e-46ed-9a55-144838a04ea2: shutdown LeaderElection
2019-08-29 11:55:04,609 [bd7d2b3e-70a9-4c18-9e48-3057ca72b747:group-39336B115318:LeaderElection33] INFO  impl.RoleInfo (RoleInfo.java:shutdownLeaderElection(134)) - bd7d2b3e-70a9-4c18-9e48-3057ca72b747: shutdown LeaderElection
2019-08-29 11:55:04,609 [07dabde0-c17e-46ed-9a55-144838a04ea2:group-39336B115318:LeaderElection34] INFO  impl.RoleInfo (RoleInfo.java:updateAndGet(143)) - 07dabde0-c17e-46ed-9a55-144838a04ea2: start FollowerState
2019-08-29 11:55:04,609 [4a332945-53dc-4c0b-b910-cfaf195ac63d:group-39336B115318:LeaderElection35] INFO  impl.RoleInfo (RoleInfo.java:updateAndGet(143)) - 4a332945-53dc-4c0b-b910-cfaf195ac63d: start FollowerState
2019-08-29 11:55:04,610 [bd7d2b3e-70a9-4c18-9e48-3057ca72b747:group-39336B115318:LeaderElection33] INFO  impl.RoleInfo (RoleInfo.java:updateAndGet(143)) - bd7d2b3e-70a9-4c18-9e48-3057ca72b747: start FollowerState
2019-08-29 11:55:04,618 | INFO  | SCMAudit | user=jenkins1000 | ip=192.168.5.166 | op=SEND_HEARTBEAT {datanodeUUID=920b05f1-a92b-459a-a000-361715d4ee3d, command=[]} | ret=SUCCESS |  
2019-08-29 11:55:04,660 | INFO  | SCMAudit | user=jenkins1000 | ip=192.168.5.166 | op=SEND_HEARTBEAT {datanodeUUID=42efee89-99fa-4c75-b2bf-b3a1b636c7a3, command=[]} | ret=SUCCESS |  
2019-08-29 11:55:04,757 [java.util.concurrent.ThreadPoolExecutor$Worker@1d34aecc[State = -1, empty queue]] WARN  server.GrpcLogAppender (GrpcLogAppender.java:timeoutAppendRequest(200)) - GrpcLogAppender(42efee89-99fa-4c75-b2bf-b3a1b636c7a3->b34bc477-f594-4894-b3be-a6d4c994fd70): appendEntries Timeout, request=42efee89-99fa-4c75-b2bf-b3a1b636c7a3->b34bc477-f594-4894-b3be-a6d4c994fd70#40-t2, previous=(t:2, i:1), leaderCommit=0, initializing? false, entries: <empty>
2019-08-29 11:55:04,757 [java.util.concurrent.ThreadPoolExecutor$Worker@36232c7e[State = -1, empty queue]] WARN  server.GrpcLogAppender (GrpcLogAppender.java:timeoutAppendRequest(200)) - GrpcLogAppender(42efee89-99fa-4c75-b2bf-b3a1b636c7a3->920b05f1-a92b-459a-a000-361715d4ee3d): appendEntries Timeout, request=42efee89-99fa-4c75-b2bf-b3a1b636c7a3->920b05f1-a92b-459a-a000-361715d4ee3d#40-t2, previous=(t:2, i:1), leaderCommit=0, initializing? false, entries: <empty>
2019-08-29 11:55:04,818 [grpc-default-executor-2] INFO  client.GrpcClientProtocolClient (GrpcClientProtocolClient.java:onNext(255)) - client-9B9D18C8137A->b34bc477-f594-4894-b3be-a6d4c994fd70: receive RaftClientReply:client-9B9D18C8137A->b34bc477-f594-4894-b3be-a6d4c994fd70@group-2DD3C3757259, cid=23, FAILED org.apache.ratis.protocol.NotLeaderException: Server b34bc477-f594-4894-b3be-a6d4c994fd70 is not the leader (42efee89-99fa-4c75-b2bf-b3a1b636c7a3:192.168.5.166:34186). Request must be sent to leader., logIndex=0, commits[b34bc477-f594-4894-b3be-a6d4c994fd70:c0, 920b05f1-a92b-459a-a000-361715d4ee3d:c0, 42efee89-99fa-4c75-b2bf-b3a1b636c7a3:c0]
2019-08-29 11:55:04,847 | INFO  | SCMAudit | user=jenkins1000 | ip=192.168.5.166 | op=SEND_HEARTBEAT {datanodeUUID=07dabde0-c17e-46ed-9a55-144838a04ea2, command=[]} | ret=SUCCESS |  
2019-08-29 11:55:04,966 | INFO  | SCMAudit | user=jenkins1000 | ip=192.168.5.166 | op=SEND_HEARTBEAT {datanodeUUID=4a332945-53dc-4c0b-b910-cfaf195ac63d, command=[]} | ret=SUCCESS |  
2019-08-29 11:55:05,258 [java.util.concurrent.ThreadPoolExecutor$Worker@36232c7e[State = -1, empty queue]] WARN  server.GrpcLogAppender (GrpcLogAppender.java:timeoutAppendRequest(200)) - GrpcLogAppender(42efee89-99fa-4c75-b2bf-b3a1b636c7a3->920b05f1-a92b-459a-a000-361715d4ee3d): appendEntries Timeout, request=42efee89-99fa-4c75-b2bf-b3a1b636c7a3->920b05f1-a92b-459a-a000-361715d4ee3d#41-t2, previous=(t:2, i:1), leaderCommit=0, initializing? false, entries: <empty>
2019-08-29 11:55:05,258 [java.util.concurrent.ThreadPoolExecutor$Worker@1d34aecc[State = -1, empty queue]] WARN  server.GrpcLogAppender (GrpcLogAppender.java:timeoutAppendRequest(200)) - GrpcLogAppender(42efee89-99fa-4c75-b2bf-b3a1b636c7a3->b34bc477-f594-4894-b3be-a6d4c994fd70): appendEntries Timeout, request=42efee89-99fa-4c75-b2bf-b3a1b636c7a3->b34bc477-f594-4894-b3be-a6d4c994fd70#41-t2, previous=(t:2, i:1), leaderCommit=0, initializing? false, entries: <empty>
2019-08-29 11:55:05,395 | INFO  | SCMAudit | user=jenkins1000 | ip=192.168.5.166 | op=SEND_HEARTBEAT {datanodeUUID=b34bc477-f594-4894-b3be-a6d4c994fd70, command=[]} | ret=SUCCESS |  
2019-08-29 11:55:05,403 | INFO  | SCMAudit | user=jenkins1000 | ip=192.168.5.166 | op=SEND_HEARTBEAT {datanodeUUID=e5b95ce0-1250-4c31-97f6-119a472050cb, command=[]} | ret=SUCCESS |  
2019-08-29 11:55:05,405 | INFO  | SCMAudit | user=jenkins1000 | ip=192.168.5.166 | op=SEND_HEARTBEAT {datanodeUUID=03953c42-7b85-4ce6-8578-61fc97f729cc, command=[]} | ret=SUCCESS |  
2019-08-29 11:55:05,424 | INFO  | SCMAudit | user=jenkins1000 | ip=192.168.5.166 | op=SEND_HEARTBEAT {datanodeUUID=7c3dea4a-666f-498f-b3ec-37d2b2f2aea0, command=[]} | ret=SUCCESS |  
2019-08-29 11:55:05,469 | INFO  | SCMAudit | user=jenkins1000 | ip=192.168.5.166 | op=SEND_HEARTBEAT {datanodeUUID=eec05b1d-f4e8-4418-a60c-420e12deef9f, command=[]} | ret=SUCCESS |  
2019-08-29 11:55:05,589 | INFO  | SCMAudit | user=jenkins1000 | ip=192.168.5.166 | op=SEND_HEARTBEAT {datanodeUUID=bd7d2b3e-70a9-4c18-9e48-3057ca72b747, command=[]} | ret=SUCCESS |  
2019-08-29 11:55:05,618 | INFO  | SCMAudit | user=jenkins1000 | ip=192.168.5.166 | op=SEND_HEARTBEAT {datanodeUUID=920b05f1-a92b-459a-a000-361715d4ee3d, command=[]} | ret=SUCCESS |  
2019-08-29 11:55:05,660 | INFO  | SCMAudit | user=jenkins1000 | ip=192.168.5.166 | op=SEND_HEARTBEAT {datanodeUUID=42efee89-99fa-4c75-b2bf-b3a1b636c7a3, command=[]} | ret=SUCCESS |  
2019-08-29 11:55:05,685 [Thread-716] INFO  impl.FollowerState (FollowerState.java:run(106)) - 4a332945-53dc-4c0b-b910-cfaf195ac63d:group-39336B115318 changes to CANDIDATE, lastRpcTime:1076, electionTimeout:1075ms
2019-08-29 11:55:05,686 [Thread-716] INFO  impl.RoleInfo (RoleInfo.java:shutdownFollowerState(121)) - 4a332945-53dc-4c0b-b910-cfaf195ac63d: shutdown FollowerState
2019-08-29 11:55:05,686 [Thread-716] INFO  impl.RaftServerImpl (RaftServerImpl.java:setRole(171)) - 4a332945-53dc-4c0b-b910-cfaf195ac63d:group-39336B115318 changes role from FOLLOWER to CANDIDATE at term 8 for changeToCandidate
2019-08-29 11:55:05,686 [Thread-716] INFO  impl.RoleInfo (RoleInfo.java:updateAndGet(143)) - 4a332945-53dc-4c0b-b910-cfaf195ac63d: start LeaderElection
2019-08-29 11:55:05,758 [java.util.concurrent.ThreadPoolExecutor$Worker@36232c7e[State = -1, empty queue]] WARN  server.GrpcLogAppender (GrpcLogAppender.java:timeoutAppendRequest(200)) - GrpcLogAppender(42efee89-99fa-4c75-b2bf-b3a1b636c7a3->920b05f1-a92b-459a-a000-361715d4ee3d): appendEntries Timeout, request=42efee89-99fa-4c75-b2bf-b3a1b636c7a3->920b05f1-a92b-459a-a000-361715d4ee3d#42-t2, previous=(t:2, i:1), leaderCommit=0, initializing? false, entries: <empty>
2019-08-29 11:55:05,758 [java.util.concurrent.ThreadPoolExecutor$Worker@1d34aecc[State = -1, empty queue]] WARN  server.GrpcLogAppender (GrpcLogAppender.java:timeoutAppendRequest(200)) - GrpcLogAppender(42efee89-99fa-4c75-b2bf-b3a1b636c7a3->b34bc477-f594-4894-b3be-a6d4c994fd70): appendEntries Timeout, request=42efee89-99fa-4c75-b2bf-b3a1b636c7a3->b34bc477-f594-4894-b3be-a6d4c994fd70#42-t2, previous=(t:2, i:1), leaderCommit=0, initializing? false, entries: <empty>
2019-08-29 11:55:05,767 [Thread-718] INFO  impl.FollowerState (FollowerState.java:run(106)) - bd7d2b3e-70a9-4c18-9e48-3057ca72b747:group-39336B115318 changes to CANDIDATE, lastRpcTime:1156, electionTimeout:1156ms
2019-08-29 11:55:05,767 [Thread-718] INFO  impl.RoleInfo (RoleInfo.java:shutdownFollowerState(121)) - bd7d2b3e-70a9-4c18-9e48-3057ca72b747: shutdown FollowerState
2019-08-29 11:55:05,767 [Thread-718] INFO  impl.RaftServerImpl (RaftServerImpl.java:setRole(171)) - bd7d2b3e-70a9-4c18-9e48-3057ca72b747:group-39336B115318 changes role from FOLLOWER to CANDIDATE at term 8 for changeToCandidate
2019-08-29 11:55:05,767 [Thread-718] INFO  impl.RoleInfo (RoleInfo.java:updateAndGet(143)) - bd7d2b3e-70a9-4c18-9e48-3057ca72b747: start LeaderElection
2019-08-29 11:55:05,771 [Thread-717] INFO  impl.FollowerState (FollowerState.java:run(106)) - 07dabde0-c17e-46ed-9a55-144838a04ea2:group-39336B115318 changes to CANDIDATE, lastRpcTime:1161, electionTimeout:1158ms
2019-08-29 11:55:05,771 [Thread-717] INFO  impl.RoleInfo (RoleInfo.java:shutdownFollowerState(121)) - 07dabde0-c17e-46ed-9a55-144838a04ea2: shutdown FollowerState
2019-08-29 11:55:05,771 [Thread-717] INFO  impl.RaftServerImpl (RaftServerImpl.java:setRole(171)) - 07dabde0-c17e-46ed-9a55-144838a04ea2:group-39336B115318 changes role from FOLLOWER to CANDIDATE at term 8 for changeToCandidate
2019-08-29 11:55:05,771 [Thread-717] INFO  impl.RoleInfo (RoleInfo.java:updateAndGet(143)) - 07dabde0-c17e-46ed-9a55-144838a04ea2: start LeaderElection
2019-08-29 11:55:05,848 | INFO  | SCMAudit | user=jenkins1000 | ip=192.168.5.166 | op=SEND_HEARTBEAT {datanodeUUID=07dabde0-c17e-46ed-9a55-144838a04ea2, command=[]} | ret=SUCCESS |  
2019-08-29 11:55:05,966 | INFO  | SCMAudit | user=jenkins1000 | ip=192.168.5.166 | op=SEND_HEARTBEAT {datanodeUUID=4a332945-53dc-4c0b-b910-cfaf195ac63d, command=[]} | ret=SUCCESS |  
2019-08-29 11:55:06,259 [java.util.concurrent.ThreadPoolExecutor$Worker@36232c7e[State = -1, empty queue]] WARN  server.GrpcLogAppender (GrpcLogAppender.java:timeoutAppendRequest(200)) - GrpcLogAppender(42efee89-99fa-4c75-b2bf-b3a1b636c7a3->920b05f1-a92b-459a-a000-361715d4ee3d): appendEntries Timeout, request=42efee89-99fa-4c75-b2bf-b3a1b636c7a3->920b05f1-a92b-459a-a000-361715d4ee3d#43-t2, previous=(t:2, i:1), leaderCommit=0, initializing? false, entries: <empty>
2019-08-29 11:55:06,259 [java.util.concurrent.ThreadPoolExecutor$Worker@1d34aecc[State = -1, empty queue]] WARN  server.GrpcLogAppender (GrpcLogAppender.java:timeoutAppendRequest(200)) - GrpcLogAppender(42efee89-99fa-4c75-b2bf-b3a1b636c7a3->b34bc477-f594-4894-b3be-a6d4c994fd70): appendEntries Timeout, request=42efee89-99fa-4c75-b2bf-b3a1b636c7a3->b34bc477-f594-4894-b3be-a6d4c994fd70#43-t2, previous=(t:2, i:1), leaderCommit=0, initializing? false, entries: <empty>
2019-08-29 11:55:06,395 | INFO  | SCMAudit | user=jenkins1000 | ip=192.168.5.166 | op=SEND_HEARTBEAT {datanodeUUID=b34bc477-f594-4894-b3be-a6d4c994fd70, command=[]} | ret=SUCCESS |  
2019-08-29 11:55:06,403 | INFO  | SCMAudit | user=jenkins1000 | ip=192.168.5.166 | op=SEND_HEARTBEAT {datanodeUUID=e5b95ce0-1250-4c31-97f6-119a472050cb, command=[]} | ret=SUCCESS |  
2019-08-29 11:55:06,404 | INFO  | SCMAudit | user=jenkins1000 | ip=192.168.5.166 | op=SEND_HEARTBEAT {datanodeUUID=03953c42-7b85-4ce6-8578-61fc97f729cc, command=[]} | ret=SUCCESS |  
2019-08-29 11:55:06,424 | INFO  | SCMAudit | user=jenkins1000 | ip=192.168.5.166 | op=SEND_HEARTBEAT {datanodeUUID=7c3dea4a-666f-498f-b3ec-37d2b2f2aea0, command=[]} | ret=SUCCESS |  
2019-08-29 11:55:06,469 | INFO  | SCMAudit | user=jenkins1000 | ip=192.168.5.166 | op=SEND_HEARTBEAT {datanodeUUID=eec05b1d-f4e8-4418-a60c-420e12deef9f, command=[]} | ret=SUCCESS |  
2019-08-29 11:55:06,590 | INFO  | SCMAudit | user=jenkins1000 | ip=192.168.5.166 | op=SEND_HEARTBEAT {datanodeUUID=bd7d2b3e-70a9-4c18-9e48-3057ca72b747, command=[]} | ret=SUCCESS |  
2019-08-29 11:55:06,618 | INFO  | SCMAudit | user=jenkins1000 | ip=192.168.5.166 | op=SEND_HEARTBEAT {datanodeUUID=920b05f1-a92b-459a-a000-361715d4ee3d, command=[]} | ret=SUCCESS |  
2019-08-29 11:55:06,660 | INFO  | SCMAudit | user=jenkins1000 | ip=192.168.5.166 | op=SEND_HEARTBEAT {datanodeUUID=42efee89-99fa-4c75-b2bf-b3a1b636c7a3, command=[]} | ret=SUCCESS |  
2019-08-29 11:55:06,759 [java.util.concurrent.ThreadPoolExecutor$Worker@36232c7e[State = -1, empty queue]] WARN  server.GrpcLogAppender (GrpcLogAppender.java:timeoutAppendRequest(200)) - GrpcLogAppender(42efee89-99fa-4c75-b2bf-b3a1b636c7a3->920b05f1-a92b-459a-a000-361715d4ee3d): appendEntries Timeout, request=42efee89-99fa-4c75-b2bf-b3a1b636c7a3->920b05f1-a92b-459a-a000-361715d4ee3d#44-t2, previous=(t:2, i:1), leaderCommit=0, initializing? false, entries: <empty>
2019-08-29 11:55:06,759 [java.util.concurrent.ThreadPoolExecutor$Worker@1d34aecc[State = -1, empty queue]] WARN  server.GrpcLogAppender (GrpcLogAppender.java:timeoutAppendRequest(200)) - GrpcLogAppender(42efee89-99fa-4c75-b2bf-b3a1b636c7a3->b34bc477-f594-4894-b3be-a6d4c994fd70): appendEntries Timeout, request=42efee89-99fa-4c75-b2bf-b3a1b636c7a3->b34bc477-f594-4894-b3be-a6d4c994fd70#44-t2, previous=(t:2, i:1), leaderCommit=0, initializing? false, entries: <empty>
2019-08-29 11:55:06,849 | INFO  | SCMAudit | user=jenkins1000 | ip=192.168.5.166 | op=SEND_HEARTBEAT {datanodeUUID=07dabde0-c17e-46ed-9a55-144838a04ea2, command=[]} | ret=SUCCESS |  
2019-08-29 11:55:06,966 | INFO  | SCMAudit | user=jenkins1000 | ip=192.168.5.166 | op=SEND_HEARTBEAT {datanodeUUID=4a332945-53dc-4c0b-b910-cfaf195ac63d, command=[]} | ret=SUCCESS |  
2019-08-29 11:55:07,260 [java.util.concurrent.ThreadPoolExecutor$Worker@36232c7e[State = -1, empty queue]] WARN  server.GrpcLogAppender (GrpcLogAppender.java:timeoutAppendRequest(200)) - GrpcLogAppender(42efee89-99fa-4c75-b2bf-b3a1b636c7a3->920b05f1-a92b-459a-a000-361715d4ee3d): appendEntries Timeout, request=42efee89-99fa-4c75-b2bf-b3a1b636c7a3->920b05f1-a92b-459a-a000-361715d4ee3d#45-t2, previous=(t:2, i:1), leaderCommit=0, initializing? false, entries: <empty>
2019-08-29 11:55:07,260 [java.util.concurrent.ThreadPoolExecutor$Worker@1d34aecc[State = -1, empty queue]] WARN  server.GrpcLogAppender (GrpcLogAppender.java:timeoutAppendRequest(200)) - GrpcLogAppender(42efee89-99fa-4c75-b2bf-b3a1b636c7a3->b34bc477-f594-4894-b3be-a6d4c994fd70): appendEntries Timeout, request=42efee89-99fa-4c75-b2bf-b3a1b636c7a3->b34bc477-f594-4894-b3be-a6d4c994fd70#45-t2, previous=(t:2, i:1), leaderCommit=0, initializing? false, entries: <empty>
2019-08-29 11:55:07,395 | INFO  | SCMAudit | user=jenkins1000 | ip=192.168.5.166 | op=SEND_HEARTBEAT {datanodeUUID=b34bc477-f594-4894-b3be-a6d4c994fd70, command=[]} | ret=SUCCESS |  
2019-08-29 11:55:07,404 | INFO  | SCMAudit | user=jenkins1000 | ip=192.168.5.166 | op=SEND_HEARTBEAT {datanodeUUID=e5b95ce0-1250-4c31-97f6-119a472050cb, command=[]} | ret=SUCCESS |  
2019-08-29 11:55:07,404 | INFO  | SCMAudit | user=jenkins1000 | ip=192.168.5.166 | op=SEND_HEARTBEAT {datanodeUUID=03953c42-7b85-4ce6-8578-61fc97f729cc, command=[]} | ret=SUCCESS |  
2019-08-29 11:55:07,424 | INFO  | SCMAudit | user=jenkins1000 | ip=192.168.5.166 | op=SEND_HEARTBEAT {datanodeUUID=7c3dea4a-666f-498f-b3ec-37d2b2f2aea0, command=[]} | ret=SUCCESS |  
2019-08-29 11:55:07,469 | INFO  | SCMAudit | user=jenkins1000 | ip=192.168.5.166 | op=SEND_HEARTBEAT {datanodeUUID=eec05b1d-f4e8-4418-a60c-420e12deef9f, command=[]} | ret=SUCCESS |  
2019-08-29 11:55:07,589 | INFO  | SCMAudit | user=jenkins1000 | ip=192.168.5.166 | op=SEND_HEARTBEAT {datanodeUUID=bd7d2b3e-70a9-4c18-9e48-3057ca72b747, command=[]} | ret=SUCCESS |  
2019-08-29 11:55:07,619 | INFO  | SCMAudit | user=jenkins1000 | ip=192.168.5.166 | op=SEND_HEARTBEAT {datanodeUUID=920b05f1-a92b-459a-a000-361715d4ee3d, command=[]} | ret=SUCCESS |  
2019-08-29 11:55:07,661 | INFO  | SCMAudit | user=jenkins1000 | ip=192.168.5.166 | op=SEND_HEARTBEAT {datanodeUUID=42efee89-99fa-4c75-b2bf-b3a1b636c7a3, command=[]} | ret=SUCCESS |  
2019-08-29 11:55:07,760 [java.util.concurrent.ThreadPoolExecutor$Worker@1d34aecc[State = -1, empty queue]] WARN  server.GrpcLogAppender (GrpcLogAppender.java:timeoutAppendRequest(200)) - GrpcLogAppender(42efee89-99fa-4c75-b2bf-b3a1b636c7a3->b34bc477-f594-4894-b3be-a6d4c994fd70): appendEntries Timeout, request=42efee89-99fa-4c75-b2bf-b3a1b636c7a3->b34bc477-f594-4894-b3be-a6d4c994fd70#46-t2, previous=(t:2, i:1), leaderCommit=0, initializing? false, entries: <empty>
2019-08-29 11:55:07,761 [java.util.concurrent.ThreadPoolExecutor$Worker@36232c7e[State = -1, empty queue]] WARN  server.GrpcLogAppender (GrpcLogAppender.java:timeoutAppendRequest(200)) - GrpcLogAppender(42efee89-99fa-4c75-b2bf-b3a1b636c7a3->920b05f1-a92b-459a-a000-361715d4ee3d): appendEntries Timeout, request=42efee89-99fa-4c75-b2bf-b3a1b636c7a3->920b05f1-a92b-459a-a000-361715d4ee3d#46-t2, previous=(t:2, i:1), leaderCommit=0, initializing? false, entries: <empty>
2019-08-29 11:55:07,840 [main] WARN  io.KeyOutputStream (KeyOutputStream.java:handleException(276)) - Encountered exception java.io.IOException: Unexpected Storage Container Exception: java.util.concurrent.CompletionException: java.util.concurrent.CompletionException: org.apache.ratis.protocol.RaftRetryFailureException: Failed RaftClientRequest:client-9B9D18C8137A->42efee89-99fa-4c75-b2bf-b3a1b636c7a3@group-2DD3C3757259, cid=23, seq=1*, RW, org.apache.hadoop.hdds.scm.XceiverClientRatis$$Lambda$428/1903856246@37f9702b for 10 attempts with RetryLimited(maxAttempts=10, sleepTime=1000ms) on the pipeline Pipeline[ Id: 096fcd2b-786a-4a64-996f-2dd3c3757259, Nodes: 42efee89-99fa-4c75-b2bf-b3a1b636c7a3{ip: 192.168.5.166, host: pr-hdds-2030-qplxq-3692370286, networkLocation: /default-rack, certSerialId: null}b34bc477-f594-4894-b3be-a6d4c994fd70{ip: 192.168.5.166, host: pr-hdds-2030-qplxq-3692370286, networkLocation: /default-rack, certSerialId: null}920b05f1-a92b-459a-a000-361715d4ee3d{ip: 192.168.5.166, host: pr-hdds-2030-qplxq-3692370286, networkLocation: /default-rack, certSerialId: null}, Type:RATIS, Factor:THREE, State:OPEN]. The last committed block length is 0, uncommitted data length is 2097152 retry count 1
2019-08-29 11:55:07,854 | INFO  | SCMAudit | user=jenkins1000 | ip=192.168.5.166 | op=SEND_HEARTBEAT {datanodeUUID=07dabde0-c17e-46ed-9a55-144838a04ea2, command=[]} | ret=SUCCESS |  
2019-08-29 11:55:07,888 | INFO  | SCMAudit | user=jenkins1000 | ip=192.168.5.166 | op=ALLOCATE_BLOCK {owner=9c39367d-6793-4941-8eb6-688d87471bfe, size=4194304, type=RATIS, factor=THREE} | ret=SUCCESS |  
2019-08-29 11:55:07,891 | INFO  | OMAudit | user=jenkins1000 | ip=127.0.0.1 | op=ALLOCATE_BLOCK {volume=datanodefailurehandlingtest, bucket=datanodefailurehandlingtest, key=b9bb63e5-2c13-43dd-9929-a50644a51375, dataSize=0, replicationType=null, replicationFactor=null, keyLocationInfo=null, clientID=102700133857492992} | ret=SUCCESS |  
2019-08-29 11:55:07,915 [grpc-default-executor-1] INFO  client.GrpcClientProtocolClient (GrpcClientProtocolClient.java:onNext(255)) - client-4E6D378CCEEF->03953c42-7b85-4ce6-8578-61fc97f729cc: receive RaftClientReply:client-4E6D378CCEEF->03953c42-7b85-4ce6-8578-61fc97f729cc@group-A160427A8A7F, cid=27, FAILED org.apache.ratis.protocol.NotLeaderException: Server 03953c42-7b85-4ce6-8578-61fc97f729cc is not the leader (7c3dea4a-666f-498f-b3ec-37d2b2f2aea0:192.168.5.166:44417). Request must be sent to leader., logIndex=0, commits[03953c42-7b85-4ce6-8578-61fc97f729cc:c0, 7c3dea4a-666f-498f-b3ec-37d2b2f2aea0:c0, eec05b1d-f4e8-4418-a60c-420e12deef9f:c0]
2019-08-29 11:55:07,966 | INFO  | SCMAudit | user=jenkins1000 | ip=192.168.5.166 | op=SEND_HEARTBEAT {datanodeUUID=4a332945-53dc-4c0b-b910-cfaf195ac63d, command=[]} | ret=SUCCESS |  
2019-08-29 11:55:08,261 [java.util.concurrent.ThreadPoolExecutor$Worker@36232c7e[State = -1, empty queue]] WARN  server.GrpcLogAppender (GrpcLogAppender.java:timeoutAppendRequest(200)) - GrpcLogAppender(42efee89-99fa-4c75-b2bf-b3a1b636c7a3->920b05f1-a92b-459a-a000-361715d4ee3d): appendEntries Timeout, request=42efee89-99fa-4c75-b2bf-b3a1b636c7a3->920b05f1-a92b-459a-a000-361715d4ee3d#47-t2, previous=(t:2, i:1), leaderCommit=0, initializing? false, entries: <empty>
2019-08-29 11:55:08,261 [java.util.concurrent.ThreadPoolExecutor$Worker@1d34aecc[State = -1, empty queue]] WARN  server.GrpcLogAppender (GrpcLogAppender.java:timeoutAppendRequest(200)) - GrpcLogAppender(42efee89-99fa-4c75-b2bf-b3a1b636c7a3->b34bc477-f594-4894-b3be-a6d4c994fd70): appendEntries Timeout, request=42efee89-99fa-4c75-b2bf-b3a1b636c7a3->b34bc477-f594-4894-b3be-a6d4c994fd70#47-t2, previous=(t:2, i:1), leaderCommit=0, initializing? false, entries: <empty>
2019-08-29 11:55:08,395 | INFO  | SCMAudit | user=jenkins1000 | ip=192.168.5.166 | op=SEND_HEARTBEAT {datanodeUUID=b34bc477-f594-4894-b3be-a6d4c994fd70, command=[]} | ret=SUCCESS |  
2019-08-29 11:55:08,404 | INFO  | SCMAudit | user=jenkins1000 | ip=192.168.5.166 | op=SEND_HEARTBEAT {datanodeUUID=e5b95ce0-1250-4c31-97f6-119a472050cb, command=[]} | ret=SUCCESS |  
2019-08-29 11:55:08,405 | INFO  | SCMAudit | user=jenkins1000 | ip=192.168.5.166 | op=SEND_HEARTBEAT {datanodeUUID=03953c42-7b85-4ce6-8578-61fc97f729cc, command=[]} | ret=SUCCESS |  
2019-08-29 11:55:08,424 | INFO  | SCMAudit | user=jenkins1000 | ip=192.168.5.166 | op=SEND_HEARTBEAT {datanodeUUID=7c3dea4a-666f-498f-b3ec-37d2b2f2aea0, command=[]} | ret=SUCCESS |  
2019-08-29 11:55:08,469 | INFO  | SCMAudit | user=jenkins1000 | ip=192.168.5.166 | op=SEND_HEARTBEAT {datanodeUUID=eec05b1d-f4e8-4418-a60c-420e12deef9f, command=[]} | ret=SUCCESS |  
2019-08-29 11:55:08,589 | INFO  | SCMAudit | user=jenkins1000 | ip=192.168.5.166 | op=SEND_HEARTBEAT {datanodeUUID=bd7d2b3e-70a9-4c18-9e48-3057ca72b747, command=[]} | ret=SUCCESS |  
2019-08-29 11:55:08,619 | INFO  | SCMAudit | user=jenkins1000 | ip=192.168.5.166 | op=SEND_HEARTBEAT {datanodeUUID=920b05f1-a92b-459a-a000-361715d4ee3d, command=[]} | ret=SUCCESS |  
2019-08-29 11:55:08,660 | INFO  | SCMAudit | user=jenkins1000 | ip=192.168.5.166 | op=SEND_HEARTBEAT {datanodeUUID=42efee89-99fa-4c75-b2bf-b3a1b636c7a3, command=[]} | ret=SUCCESS |  
2019-08-29 11:55:08,761 [java.util.concurrent.ThreadPoolExecutor$Worker@36232c7e[State = -1, empty queue]] WARN  server.GrpcLogAppender (GrpcLogAppender.java:timeoutAppendRequest(200)) - GrpcLogAppender(42efee89-99fa-4c75-b2bf-b3a1b636c7a3->920b05f1-a92b-459a-a000-361715d4ee3d): appendEntries Timeout, request=42efee89-99fa-4c75-b2bf-b3a1b636c7a3->920b05f1-a92b-459a-a000-361715d4ee3d#48-t2, previous=(t:2, i:1), leaderCommit=0, initializing? false, entries: <empty>
2019-08-29 11:55:08,761 [java.util.concurrent.ThreadPoolExecutor$Worker@1d34aecc[State = -1, empty queue]] WARN  server.GrpcLogAppender (GrpcLogAppender.java:timeoutAppendRequest(200)) - GrpcLogAppender(42efee89-99fa-4c75-b2bf-b3a1b636c7a3->b34bc477-f594-4894-b3be-a6d4c994fd70): appendEntries Timeout, request=42efee89-99fa-4c75-b2bf-b3a1b636c7a3->b34bc477-f594-4894-b3be-a6d4c994fd70#48-t2, previous=(t:2, i:1), leaderCommit=0, initializing? false, entries: <empty>
2019-08-29 11:55:08,850 | INFO  | SCMAudit | user=jenkins1000 | ip=192.168.5.166 | op=SEND_HEARTBEAT {datanodeUUID=07dabde0-c17e-46ed-9a55-144838a04ea2, command=[]} | ret=SUCCESS |  
2019-08-29 11:55:08,966 | INFO  | SCMAudit | user=jenkins1000 | ip=192.168.5.166 | op=SEND_HEARTBEAT {datanodeUUID=4a332945-53dc-4c0b-b910-cfaf195ac63d, command=[]} | ret=SUCCESS |  
2019-08-29 11:55:09,262 [java.util.concurrent.ThreadPoolExecutor$Worker@1d34aecc[State = -1, empty queue]] WARN  server.GrpcLogAppender (GrpcLogAppender.java:timeoutAppendRequest(200)) - GrpcLogAppender(42efee89-99fa-4c75-b2bf-b3a1b636c7a3->b34bc477-f594-4894-b3be-a6d4c994fd70): appendEntries Timeout, request=42efee89-99fa-4c75-b2bf-b3a1b636c7a3->b34bc477-f594-4894-b3be-a6d4c994fd70#49-t2, previous=(t:2, i:1), leaderCommit=0, initializing? false, entries: <empty>
2019-08-29 11:55:09,262 [java.util.concurrent.ThreadPoolExecutor$Worker@36232c7e[State = -1, empty queue]] WARN  server.GrpcLogAppender (GrpcLogAppender.java:timeoutAppendRequest(200)) - GrpcLogAppender(42efee89-99fa-4c75-b2bf-b3a1b636c7a3->920b05f1-a92b-459a-a000-361715d4ee3d): appendEntries Timeout, request=42efee89-99fa-4c75-b2bf-b3a1b636c7a3->920b05f1-a92b-459a-a000-361715d4ee3d#49-t2, previous=(t:2, i:1), leaderCommit=0, initializing? false, entries: <empty>
2019-08-29 11:55:09,395 | INFO  | SCMAudit | user=jenkins1000 | ip=192.168.5.166 | op=SEND_HEARTBEAT {datanodeUUID=b34bc477-f594-4894-b3be-a6d4c994fd70, command=[]} | ret=SUCCESS |  
2019-08-29 11:55:09,405 | INFO  | SCMAudit | user=jenkins1000 | ip=192.168.5.166 | op=SEND_HEARTBEAT {datanodeUUID=e5b95ce0-1250-4c31-97f6-119a472050cb, command=[]} | ret=SUCCESS |  
2019-08-29 11:55:09,405 | INFO  | SCMAudit | user=jenkins1000 | ip=192.168.5.166 | op=SEND_HEARTBEAT {datanodeUUID=03953c42-7b85-4ce6-8578-61fc97f729cc, command=[]} | ret=SUCCESS |  
2019-08-29 11:55:09,424 | INFO  | SCMAudit | user=jenkins1000 | ip=192.168.5.166 | op=SEND_HEARTBEAT {datanodeUUID=7c3dea4a-666f-498f-b3ec-37d2b2f2aea0, command=[]} | ret=SUCCESS |  
2019-08-29 11:55:09,469 | INFO  | SCMAudit | user=jenkins1000 | ip=192.168.5.166 | op=SEND_HEARTBEAT {datanodeUUID=eec05b1d-f4e8-4418-a60c-420e12deef9f, command=[]} | ret=SUCCESS |  
2019-08-29 11:55:09,589 | INFO  | SCMAudit | user=jenkins1000 | ip=192.168.5.166 | op=SEND_HEARTBEAT {datanodeUUID=bd7d2b3e-70a9-4c18-9e48-3057ca72b747, command=[]} | ret=SUCCESS |  
2019-08-29 11:55:09,618 | INFO  | SCMAudit | user=jenkins1000 | ip=192.168.5.166 | op=SEND_HEARTBEAT {datanodeUUID=920b05f1-a92b-459a-a000-361715d4ee3d, command=[]} | ret=SUCCESS |  
2019-08-29 11:55:09,660 | INFO  | SCMAudit | user=jenkins1000 | ip=192.168.5.166 | op=SEND_HEARTBEAT {datanodeUUID=42efee89-99fa-4c75-b2bf-b3a1b636c7a3, command=[]} | ret=SUCCESS |  
2019-08-29 11:55:09,742 [42efee89-99fa-4c75-b2bf-b3a1b636c7a3-SegmentedRaftLogWorker:Storage Directory /workdir/hadoop-ozone/integration-test/target/test-dir/MiniOzoneClusterImpl-d5645d28-46c2-4d7d-99f2-1f02fc29b8b0/datanode-7/data/ratis/096fcd2b-786a-4a64-996f-2dd3c3757259] WARN  segmented.SegmentedRaftLogWorker (SegmentedRaftLogWorker.java:getFromFuture(90)) - Timeout 1/~
org.apache.ratis.protocol.TimeoutIOException: Timeout 10s: WriteLog:1: (t:2, i:1), STATEMACHINELOGENTRY, client-9B9D18C8137A, cid=23-writeStateMachineData
	at org.apache.ratis.util.IOUtils.getFromFuture(IOUtils.java:87)
	at org.apache.ratis.server.raftlog.segmented.SegmentedRaftLogWorker$StateMachineDataPolicy.getFromFuture(SegmentedRaftLogWorker.java:87)
	at org.apache.ratis.server.raftlog.segmented.SegmentedRaftLogWorker$WriteLog.execute(SegmentedRaftLogWorker.java:477)
	at org.apache.ratis.server.raftlog.segmented.SegmentedRaftLogWorker.run(SegmentedRaftLogWorker.java:289)
	at java.lang.Thread.run(Thread.java:748)
Caused by: java.util.concurrent.TimeoutException
	at java.util.concurrent.CompletableFuture.timedGet(CompletableFuture.java:1771)
	at java.util.concurrent.CompletableFuture.get(CompletableFuture.java:1915)
	at org.apache.ratis.util.IOUtils.getFromFuture(IOUtils.java:79)
	... 4 more
2019-08-29 11:55:09,762 [java.util.concurrent.ThreadPoolExecutor$Worker@36232c7e[State = -1, empty queue]] WARN  server.GrpcLogAppender (GrpcLogAppender.java:timeoutAppendRequest(200)) - GrpcLogAppender(42efee89-99fa-4c75-b2bf-b3a1b636c7a3->920b05f1-a92b-459a-a000-361715d4ee3d): appendEntries Timeout, request=42efee89-99fa-4c75-b2bf-b3a1b636c7a3->920b05f1-a92b-459a-a000-361715d4ee3d#50-t2, previous=(t:2, i:1), leaderCommit=0, initializing? false, entries: <empty>
2019-08-29 11:55:09,762 [java.util.concurrent.ThreadPoolExecutor$Worker@1d34aecc[State = -1, empty queue]] WARN  server.GrpcLogAppender (GrpcLogAppender.java:timeoutAppendRequest(200)) - GrpcLogAppender(42efee89-99fa-4c75-b2bf-b3a1b636c7a3->b34bc477-f594-4894-b3be-a6d4c994fd70): appendEntries Timeout, request=42efee89-99fa-4c75-b2bf-b3a1b636c7a3->b34bc477-f594-4894-b3be-a6d4c994fd70#50-t2, previous=(t:2, i:1), leaderCommit=0, initializing? false, entries: <empty>
2019-08-29 11:55:09,768 [b34bc477-f594-4894-b3be-a6d4c994fd70-SegmentedRaftLogWorker:Storage Directory /workdir/hadoop-ozone/integration-test/target/test-dir/MiniOzoneClusterImpl-d5645d28-46c2-4d7d-99f2-1f02fc29b8b0/datanode-8/data/ratis/096fcd2b-786a-4a64-996f-2dd3c3757259] WARN  segmented.SegmentedRaftLogWorker (SegmentedRaftLogWorker.java:getFromFuture(90)) - Timeout 1/~
org.apache.ratis.protocol.TimeoutIOException: Timeout 10s: WriteLog:1: (t:2, i:1), STATEMACHINELOGENTRY, client-9B9D18C8137A, cid=23-writeStateMachineData
	at org.apache.ratis.util.IOUtils.getFromFuture(IOUtils.java:87)
	at org.apache.ratis.server.raftlog.segmented.SegmentedRaftLogWorker$StateMachineDataPolicy.getFromFuture(SegmentedRaftLogWorker.java:87)
	at org.apache.ratis.server.raftlog.segmented.SegmentedRaftLogWorker$WriteLog.execute(SegmentedRaftLogWorker.java:477)
	at org.apache.ratis.server.raftlog.segmented.SegmentedRaftLogWorker.run(SegmentedRaftLogWorker.java:289)
	at java.lang.Thread.run(Thread.java:748)
Caused by: java.util.concurrent.TimeoutException
	at java.util.concurrent.CompletableFuture.timedGet(CompletableFuture.java:1771)
	at java.util.concurrent.CompletableFuture.get(CompletableFuture.java:1915)
	at org.apache.ratis.util.IOUtils.getFromFuture(IOUtils.java:79)
	... 4 more
2019-08-29 11:55:09,771 [920b05f1-a92b-459a-a000-361715d4ee3d-SegmentedRaftLogWorker:Storage Directory /workdir/hadoop-ozone/integration-test/target/test-dir/MiniOzoneClusterImpl-d5645d28-46c2-4d7d-99f2-1f02fc29b8b0/datanode-0/data/ratis/096fcd2b-786a-4a64-996f-2dd3c3757259] WARN  segmented.SegmentedRaftLogWorker (SegmentedRaftLogWorker.java:getFromFuture(90)) - Timeout 1/~
org.apache.ratis.protocol.TimeoutIOException: Timeout 10s: WriteLog:1: (t:2, i:1), STATEMACHINELOGENTRY, client-9B9D18C8137A, cid=23-writeStateMachineData
	at org.apache.ratis.util.IOUtils.getFromFuture(IOUtils.java:87)
	at org.apache.ratis.server.raftlog.segmented.SegmentedRaftLogWorker$StateMachineDataPolicy.getFromFuture(SegmentedRaftLogWorker.java:87)
	at org.apache.ratis.server.raftlog.segmented.SegmentedRaftLogWorker$WriteLog.execute(SegmentedRaftLogWorker.java:477)
	at org.apache.ratis.server.raftlog.segmented.SegmentedRaftLogWorker.run(SegmentedRaftLogWorker.java:289)
	at java.lang.Thread.run(Thread.java:748)
Caused by: java.util.concurrent.TimeoutException
	at java.util.concurrent.CompletableFuture.timedGet(CompletableFuture.java:1771)
	at java.util.concurrent.CompletableFuture.get(CompletableFuture.java:1915)
	at org.apache.ratis.util.IOUtils.getFromFuture(IOUtils.java:79)
	... 4 more
2019-08-29 11:55:09,850 | INFO  | SCMAudit | user=jenkins1000 | ip=192.168.5.166 | op=SEND_HEARTBEAT {datanodeUUID=07dabde0-c17e-46ed-9a55-144838a04ea2, command=[]} | ret=SUCCESS |  
2019-08-29 11:55:09,967 | INFO  | SCMAudit | user=jenkins1000 | ip=192.168.5.166 | op=SEND_HEARTBEAT {datanodeUUID=4a332945-53dc-4c0b-b910-cfaf195ac63d, command=[]} | ret=SUCCESS |  
2019-08-29 11:55:10,263 [java.util.concurrent.ThreadPoolExecutor$Worker@1d34aecc[State = -1, empty queue]] WARN  server.GrpcLogAppender (GrpcLogAppender.java:timeoutAppendRequest(200)) - GrpcLogAppender(42efee89-99fa-4c75-b2bf-b3a1b636c7a3->b34bc477-f594-4894-b3be-a6d4c994fd70): appendEntries Timeout, request=42efee89-99fa-4c75-b2bf-b3a1b636c7a3->b34bc477-f594-4894-b3be-a6d4c994fd70#51-t2, previous=(t:2, i:1), leaderCommit=0, initializing? false, entries: <empty>
2019-08-29 11:55:10,263 [java.util.concurrent.ThreadPoolExecutor$Worker@36232c7e[State = -1, empty queue]] WARN  server.GrpcLogAppender (GrpcLogAppender.java:timeoutAppendRequest(200)) - GrpcLogAppender(42efee89-99fa-4c75-b2bf-b3a1b636c7a3->920b05f1-a92b-459a-a000-361715d4ee3d): appendEntries Timeout, request=42efee89-99fa-4c75-b2bf-b3a1b636c7a3->920b05f1-a92b-459a-a000-361715d4ee3d#51-t2, previous=(t:2, i:1), leaderCommit=0, initializing? false, entries: <empty>
2019-08-29 11:55:10,395 | INFO  | SCMAudit | user=jenkins1000 | ip=192.168.5.166 | op=SEND_HEARTBEAT {datanodeUUID=b34bc477-f594-4894-b3be-a6d4c994fd70, command=[]} | ret=SUCCESS |  
2019-08-29 11:55:10,405 | INFO  | SCMAudit | user=jenkins1000 | ip=192.168.5.166 | op=SEND_HEARTBEAT {datanodeUUID=e5b95ce0-1250-4c31-97f6-119a472050cb, command=[]} | ret=SUCCESS |  
2019-08-29 11:55:10,405 | INFO  | SCMAudit | user=jenkins1000 | ip=192.168.5.166 | op=SEND_HEARTBEAT {datanodeUUID=03953c42-7b85-4ce6-8578-61fc97f729cc, command=[]} | ret=SUCCESS |  
2019-08-29 11:55:10,424 | INFO  | SCMAudit | user=jenkins1000 | ip=192.168.5.166 | op=SEND_HEARTBEAT {datanodeUUID=7c3dea4a-666f-498f-b3ec-37d2b2f2aea0, command=[]} | ret=SUCCESS |  
2019-08-29 11:55:10,469 | INFO  | SCMAudit | user=jenkins1000 | ip=192.168.5.166 | op=SEND_HEARTBEAT {datanodeUUID=eec05b1d-f4e8-4418-a60c-420e12deef9f, command=[]} | ret=SUCCESS |  
2019-08-29 11:55:10,590 | INFO  | SCMAudit | user=jenkins1000 | ip=192.168.5.166 | op=SEND_HEARTBEAT {datanodeUUID=bd7d2b3e-70a9-4c18-9e48-3057ca72b747, command=[]} | ret=SUCCESS |  
2019-08-29 11:55:10,618 | INFO  | SCMAudit | user=jenkins1000 | ip=192.168.5.166 | op=SEND_HEARTBEAT {datanodeUUID=920b05f1-a92b-459a-a000-361715d4ee3d, command=[]} | ret=SUCCESS |  
2019-08-29 11:55:10,660 | INFO  | SCMAudit | user=jenkins1000 | ip=192.168.5.166 | op=SEND_HEARTBEAT {datanodeUUID=42efee89-99fa-4c75-b2bf-b3a1b636c7a3, command=[]} | ret=SUCCESS |  
2019-08-29 11:55:10,763 [java.util.concurrent.ThreadPoolExecutor$Worker@36232c7e[State = -1, empty queue]] WARN  server.GrpcLogAppender (GrpcLogAppender.java:timeoutAppendRequest(200)) - GrpcLogAppender(42efee89-99fa-4c75-b2bf-b3a1b636c7a3->920b05f1-a92b-459a-a000-361715d4ee3d): appendEntries Timeout, request=42efee89-99fa-4c75-b2bf-b3a1b636c7a3->920b05f1-a92b-459a-a000-361715d4ee3d#52-t2, previous=(t:2, i:1), leaderCommit=0, initializing? false, entries: <empty>
2019-08-29 11:55:10,763 [java.util.concurrent.ThreadPoolExecutor$Worker@1d34aecc[State = -1, empty queue]] WARN  server.GrpcLogAppender (GrpcLogAppender.java:timeoutAppendRequest(200)) - GrpcLogAppender(42efee89-99fa-4c75-b2bf-b3a1b636c7a3->b34bc477-f594-4894-b3be-a6d4c994fd70): appendEntries Timeout, request=42efee89-99fa-4c75-b2bf-b3a1b636c7a3->b34bc477-f594-4894-b3be-a6d4c994fd70#52-t2, previous=(t:2, i:1), leaderCommit=0, initializing? false, entries: <empty>
2019-08-29 11:55:10,850 | INFO  | SCMAudit | user=jenkins1000 | ip=192.168.5.166 | op=SEND_HEARTBEAT {datanodeUUID=07dabde0-c17e-46ed-9a55-144838a04ea2, command=[]} | ret=SUCCESS |  
2019-08-29 11:55:10,956 [java.util.concurrent.ThreadPoolExecutor$Worker@4921c90b[State = -1, empty queue]] WARN  server.GrpcLogAppender (GrpcLogAppender.java:timeoutAppendRequest(200)) - GrpcLogAppender(7c3dea4a-666f-498f-b3ec-37d2b2f2aea0->03953c42-7b85-4ce6-8578-61fc97f729cc): appendEntries Timeout, request=7c3dea4a-666f-498f-b3ec-37d2b2f2aea0->03953c42-7b85-4ce6-8578-61fc97f729cc#54-t1, previous=(t:1, i:0), leaderCommit=0, initializing? false, entries: size=1, first=(t:1, i:1), STATEMACHINELOGENTRY, client-4E6D378CCEEF, cid=27
2019-08-29 11:55:10,956 [java.util.concurrent.ThreadPoolExecutor$Worker@7085d04d[State = -1, empty queue]] WARN  server.GrpcLogAppender (GrpcLogAppender.java:timeoutAppendRequest(200)) - GrpcLogAppender(7c3dea4a-666f-498f-b3ec-37d2b2f2aea0->eec05b1d-f4e8-4418-a60c-420e12deef9f): appendEntries Timeout, request=7c3dea4a-666f-498f-b3ec-37d2b2f2aea0->eec05b1d-f4e8-4418-a60c-420e12deef9f#55-t1, previous=(t:1, i:0), leaderCommit=0, initializing? false, entries: size=1, first=(t:1, i:1), STATEMACHINELOGENTRY, client-4E6D378CCEEF, cid=27
2019-08-29 11:55:10,967 | INFO  | SCMAudit | user=jenkins1000 | ip=192.168.5.166 | op=SEND_HEARTBEAT {datanodeUUID=4a332945-53dc-4c0b-b910-cfaf195ac63d, command=[]} | ret=SUCCESS |  
2019-08-29 11:55:11,264 [java.util.concurrent.ThreadPoolExecutor$Worker@1d34aecc[State = -1, empty queue]] WARN  server.GrpcLogAppender (GrpcLogAppender.java:timeoutAppendRequest(200)) - GrpcLogAppender(42efee89-99fa-4c75-b2bf-b3a1b636c7a3->b34bc477-f594-4894-b3be-a6d4c994fd70): appendEntries Timeout, request=42efee89-99fa-4c75-b2bf-b3a1b636c7a3->b34bc477-f594-4894-b3be-a6d4c994fd70#53-t2, previous=(t:2, i:1), leaderCommit=0, initializing? false, entries: <empty>
2019-08-29 11:55:11,264 [java.util.concurrent.ThreadPoolExecutor$Worker@36232c7e[State = -1, empty queue]] WARN  server.GrpcLogAppender (GrpcLogAppender.java:timeoutAppendRequest(200)) - GrpcLogAppender(42efee89-99fa-4c75-b2bf-b3a1b636c7a3->920b05f1-a92b-459a-a000-361715d4ee3d): appendEntries Timeout, request=42efee89-99fa-4c75-b2bf-b3a1b636c7a3->920b05f1-a92b-459a-a000-361715d4ee3d#53-t2, previous=(t:2, i:1), leaderCommit=0, initializing? false, entries: <empty>
2019-08-29 11:55:11,395 | INFO  | SCMAudit | user=jenkins1000 | ip=192.168.5.166 | op=SEND_HEARTBEAT {datanodeUUID=b34bc477-f594-4894-b3be-a6d4c994fd70, command=[]} | ret=SUCCESS |  
2019-08-29 11:55:11,406 | INFO  | SCMAudit | user=jenkins1000 | ip=192.168.5.166 | op=SEND_HEARTBEAT {datanodeUUID=e5b95ce0-1250-4c31-97f6-119a472050cb, command=[]} | ret=SUCCESS |  
2019-08-29 11:55:11,406 | INFO  | SCMAudit | user=jenkins1000 | ip=192.168.5.166 | op=SEND_HEARTBEAT {datanodeUUID=03953c42-7b85-4ce6-8578-61fc97f729cc, command=[]} | ret=SUCCESS |  
2019-08-29 11:55:11,424 | INFO  | SCMAudit | user=jenkins1000 | ip=192.168.5.166 | op=SEND_HEARTBEAT {datanodeUUID=7c3dea4a-666f-498f-b3ec-37d2b2f2aea0, command=[]} | ret=SUCCESS |  
2019-08-29 11:55:11,456 [java.util.concurrent.ThreadPoolExecutor$Worker@4921c90b[State = -1, empty queue]] WARN  server.GrpcLogAppender (GrpcLogAppender.java:timeoutAppendRequest(200)) - GrpcLogAppender(7c3dea4a-666f-498f-b3ec-37d2b2f2aea0->03953c42-7b85-4ce6-8578-61fc97f729cc): appendEntries Timeout, request=7c3dea4a-666f-498f-b3ec-37d2b2f2aea0->03953c42-7b85-4ce6-8578-61fc97f729cc#55-t1, previous=(t:1, i:1), leaderCommit=0, initializing? false, entries: <empty>
2019-08-29 11:55:11,456 [java.util.concurrent.ThreadPoolExecutor$Worker@7085d04d[State = -1, empty queue]] WARN  server.GrpcLogAppender (GrpcLogAppender.java:timeoutAppendRequest(200)) - GrpcLogAppender(7c3dea4a-666f-498f-b3ec-37d2b2f2aea0->eec05b1d-f4e8-4418-a60c-420e12deef9f): appendEntries Timeout, request=7c3dea4a-666f-498f-b3ec-37d2b2f2aea0->eec05b1d-f4e8-4418-a60c-420e12deef9f#56-t1, previous=(t:1, i:1), leaderCommit=0, initializing? false, entries: <empty>
2019-08-29 11:55:11,470 | INFO  | SCMAudit | user=jenkins1000 | ip=192.168.5.166 | op=SEND_HEARTBEAT {datanodeUUID=eec05b1d-f4e8-4418-a60c-420e12deef9f, command=[]} | ret=SUCCESS |  
2019-08-29 11:55:11,589 | INFO  | SCMAudit | user=jenkins1000 | ip=192.168.5.166 | op=SEND_HEARTBEAT {datanodeUUID=bd7d2b3e-70a9-4c18-9e48-3057ca72b747, command=[]} | ret=SUCCESS |  
2019-08-29 11:55:11,619 | INFO  | SCMAudit | user=jenkins1000 | ip=192.168.5.166 | op=SEND_HEARTBEAT {datanodeUUID=920b05f1-a92b-459a-a000-361715d4ee3d, command=[]} | ret=SUCCESS |  
2019-08-29 11:55:11,660 | INFO  | SCMAudit | user=jenkins1000 | ip=192.168.5.166 | op=SEND_HEARTBEAT {datanodeUUID=42efee89-99fa-4c75-b2bf-b3a1b636c7a3, command=[]} | ret=SUCCESS |  
2019-08-29 11:55:11,710 [4a332945-53dc-4c0b-b910-cfaf195ac63d:group-39336B115318:LeaderElection36] INFO  impl.LeaderElection (LeaderElection.java:askForVotes(181)) - 4a332945-53dc-4c0b-b910-cfaf195ac63d:group-39336B115318:LeaderElection36: begin an election at term 9 for -1: [4a332945-53dc-4c0b-b910-cfaf195ac63d:192.168.5.166:44887, 07dabde0-c17e-46ed-9a55-144838a04ea2:192.168.5.166:46770, bd7d2b3e-70a9-4c18-9e48-3057ca72b747:192.168.5.166:45844], old=null
2019-08-29 11:55:11,710 [bd7d2b3e-70a9-4c18-9e48-3057ca72b747:group-39336B115318:LeaderElection37] INFO  impl.LeaderElection (LeaderElection.java:askForVotes(181)) - bd7d2b3e-70a9-4c18-9e48-3057ca72b747:group-39336B115318:LeaderElection37: begin an election at term 9 for -1: [4a332945-53dc-4c0b-b910-cfaf195ac63d:192.168.5.166:44887, 07dabde0-c17e-46ed-9a55-144838a04ea2:192.168.5.166:46770, bd7d2b3e-70a9-4c18-9e48-3057ca72b747:192.168.5.166:45844], old=null
2019-08-29 11:55:11,710 [07dabde0-c17e-46ed-9a55-144838a04ea2:group-39336B115318:LeaderElection38] INFO  impl.LeaderElection (LeaderElection.java:askForVotes(181)) - 07dabde0-c17e-46ed-9a55-144838a04ea2:group-39336B115318:LeaderElection38: begin an election at term 9 for 0: [4a332945-53dc-4c0b-b910-cfaf195ac63d:192.168.5.166:44887, 07dabde0-c17e-46ed-9a55-144838a04ea2:192.168.5.166:46770, bd7d2b3e-70a9-4c18-9e48-3057ca72b747:192.168.5.166:45844], old=null
2019-08-29 11:55:11,717 [bd7d2b3e-70a9-4c18-9e48-3057ca72b747:group-39336B115318:LeaderElection37] INFO  impl.LeaderElection (LeaderElection.java:logAndReturn(56)) - bd7d2b3e-70a9-4c18-9e48-3057ca72b747:group-39336B115318:LeaderElection37: Election REJECTED; received 2 response(s) [bd7d2b3e-70a9-4c18-9e48-3057ca72b747<-4a332945-53dc-4c0b-b910-cfaf195ac63d#0:FAIL-t9, bd7d2b3e-70a9-4c18-9e48-3057ca72b747<-07dabde0-c17e-46ed-9a55-144838a04ea2#0:FAIL-t9] and 0 exception(s); bd7d2b3e-70a9-4c18-9e48-3057ca72b747:t9, leader=null, voted=bd7d2b3e-70a9-4c18-9e48-3057ca72b747, raftlog=bd7d2b3e-70a9-4c18-9e48-3057ca72b747-SegmentedRaftLog:OPENED:c-1,f-1,i0, conf=-1: [4a332945-53dc-4c0b-b910-cfaf195ac63d:192.168.5.166:44887, 07dabde0-c17e-46ed-9a55-144838a04ea2:192.168.5.166:46770, bd7d2b3e-70a9-4c18-9e48-3057ca72b747:192.168.5.166:45844], old=null
2019-08-29 11:55:11,717 [bd7d2b3e-70a9-4c18-9e48-3057ca72b747:group-39336B115318:LeaderElection37] INFO  impl.RaftServerImpl (RaftServerImpl.java:setRole(171)) - bd7d2b3e-70a9-4c18-9e48-3057ca72b747:group-39336B115318 changes role from CANDIDATE to FOLLOWER at term 9 for DISCOVERED_A_NEW_TERM
2019-08-29 11:55:11,720 [07dabde0-c17e-46ed-9a55-144838a04ea2:group-39336B115318:LeaderElection38] INFO  impl.LeaderElection (LeaderElection.java:logAndReturn(56)) - 07dabde0-c17e-46ed-9a55-144838a04ea2:group-39336B115318:LeaderElection38: Election REJECTED; received 2 response(s) [07dabde0-c17e-46ed-9a55-144838a04ea2<-4a332945-53dc-4c0b-b910-cfaf195ac63d#0:FAIL-t9, 07dabde0-c17e-46ed-9a55-144838a04ea2<-bd7d2b3e-70a9-4c18-9e48-3057ca72b747#0:FAIL-t9] and 0 exception(s); 07dabde0-c17e-46ed-9a55-144838a04ea2:t9, leader=null, voted=07dabde0-c17e-46ed-9a55-144838a04ea2, raftlog=07dabde0-c17e-46ed-9a55-144838a04ea2-SegmentedRaftLog:OPENED:c-1,f0,i0, conf=0: [4a332945-53dc-4c0b-b910-cfaf195ac63d:192.168.5.166:44887, 07dabde0-c17e-46ed-9a55-144838a04ea2:192.168.5.166:46770, bd7d2b3e-70a9-4c18-9e48-3057ca72b747:192.168.5.166:45844], old=null
2019-08-29 11:55:11,720 [bd7d2b3e-70a9-4c18-9e48-3057ca72b747:group-39336B115318:LeaderElection37] INFO  impl.RoleInfo (RoleInfo.java:shutdownLeaderElection(134)) - bd7d2b3e-70a9-4c18-9e48-3057ca72b747: shutdown LeaderElection
2019-08-29 11:55:11,720 [07dabde0-c17e-46ed-9a55-144838a04ea2:group-39336B115318:LeaderElection38] INFO  impl.RaftServerImpl (RaftServerImpl.java:setRole(171)) - 07dabde0-c17e-46ed-9a55-144838a04ea2:group-39336B115318 changes role from CANDIDATE to FOLLOWER at term 9 for DISCOVERED_A_NEW_TERM
2019-08-29 11:55:11,720 [07dabde0-c17e-46ed-9a55-144838a04ea2:group-39336B115318:LeaderElection38] INFO  impl.RoleInfo (RoleInfo.java:shutdownLeaderElection(134)) - 07dabde0-c17e-46ed-9a55-144838a04ea2: shutdown LeaderElection
2019-08-29 11:55:11,720 [bd7d2b3e-70a9-4c18-9e48-3057ca72b747:group-39336B115318:LeaderElection37] INFO  impl.RoleInfo (RoleInfo.java:updateAndGet(143)) - bd7d2b3e-70a9-4c18-9e48-3057ca72b747: start FollowerState
2019-08-29 11:55:11,721 [07dabde0-c17e-46ed-9a55-144838a04ea2:group-39336B115318:LeaderElection38] INFO  impl.RoleInfo (RoleInfo.java:updateAndGet(143)) - 07dabde0-c17e-46ed-9a55-144838a04ea2: start FollowerState
2019-08-29 11:55:11,721 [4a332945-53dc-4c0b-b910-cfaf195ac63d:group-39336B115318:LeaderElection36] INFO  impl.LeaderElection (LeaderElection.java:logAndReturn(56)) - 4a332945-53dc-4c0b-b910-cfaf195ac63d:group-39336B115318:LeaderElection36: Election REJECTED; received 2 response(s) [4a332945-53dc-4c0b-b910-cfaf195ac63d<-07dabde0-c17e-46ed-9a55-144838a04ea2#0:FAIL-t9, 4a332945-53dc-4c0b-b910-cfaf195ac63d<-bd7d2b3e-70a9-4c18-9e48-3057ca72b747#0:FAIL-t9] and 0 exception(s); 4a332945-53dc-4c0b-b910-cfaf195ac63d:t9, leader=null, voted=4a332945-53dc-4c0b-b910-cfaf195ac63d, raftlog=4a332945-53dc-4c0b-b910-cfaf195ac63d-SegmentedRaftLog:OPENED:c-1,f-1,i0, conf=-1: [4a332945-53dc-4c0b-b910-cfaf195ac63d:192.168.5.166:44887, 07dabde0-c17e-46ed-9a55-144838a04ea2:192.168.5.166:46770, bd7d2b3e-70a9-4c18-9e48-3057ca72b747:192.168.5.166:45844], old=null
2019-08-29 11:55:11,721 [4a332945-53dc-4c0b-b910-cfaf195ac63d:group-39336B115318:LeaderElection36] INFO  impl.RaftServerImpl (RaftServerImpl.java:setRole(171)) - 4a332945-53dc-4c0b-b910-cfaf195ac63d:group-39336B115318 changes role from CANDIDATE to FOLLOWER at term 9 for DISCOVERED_A_NEW_TERM
2019-08-29 11:55:11,721 [4a332945-53dc-4c0b-b910-cfaf195ac63d:group-39336B115318:LeaderElection36] INFO  impl.RoleInfo (RoleInfo.java:shutdownLeaderElection(134)) - 4a332945-53dc-4c0b-b910-cfaf195ac63d: shutdown LeaderElection
2019-08-29 11:55:11,722 [4a332945-53dc-4c0b-b910-cfaf195ac63d:group-39336B115318:LeaderElection36] INFO  impl.RoleInfo (RoleInfo.java:updateAndGet(143)) - 4a332945-53dc-4c0b-b910-cfaf195ac63d: start FollowerState
2019-08-29 11:55:11,765 [java.util.concurrent.ThreadPoolExecutor$Worker@36232c7e[State = -1, empty queue]] WARN  server.GrpcLogAppender (GrpcLogAppender.java:timeoutAppendRequest(200)) - GrpcLogAppender(42efee89-99fa-4c75-b2bf-b3a1b636c7a3->920b05f1-a92b-459a-a000-361715d4ee3d): appendEntries Timeout, request=42efee89-99fa-4c75-b2bf-b3a1b636c7a3->920b05f1-a92b-459a-a000-361715d4ee3d#54-t2, previous=(t:2, i:1), leaderCommit=0, initializing? false, entries: <empty>
2019-08-29 11:55:11,765 [java.util.concurrent.ThreadPoolExecutor$Worker@1d34aecc[State = -1, empty queue]] WARN  server.GrpcLogAppender (GrpcLogAppender.java:timeoutAppendRequest(200)) - GrpcLogAppender(42efee89-99fa-4c75-b2bf-b3a1b636c7a3->b34bc477-f594-4894-b3be-a6d4c994fd70): appendEntries Timeout, request=42efee89-99fa-4c75-b2bf-b3a1b636c7a3->b34bc477-f594-4894-b3be-a6d4c994fd70#54-t2, previous=(t:2, i:1), leaderCommit=0, initializing? false, entries: <empty>
2019-08-29 11:55:11,851 | INFO  | SCMAudit | user=jenkins1000 | ip=192.168.5.166 | op=SEND_HEARTBEAT {datanodeUUID=07dabde0-c17e-46ed-9a55-144838a04ea2, command=[]} | ret=SUCCESS |  
2019-08-29 11:55:11,960 [java.util.concurrent.ThreadPoolExecutor$Worker@4921c90b[State = -1, empty queue]] WARN  server.GrpcLogAppender (GrpcLogAppender.java:timeoutAppendRequest(200)) - GrpcLogAppender(7c3dea4a-666f-498f-b3ec-37d2b2f2aea0->03953c42-7b85-4ce6-8578-61fc97f729cc): appendEntries Timeout, request=7c3dea4a-666f-498f-b3ec-37d2b2f2aea0->03953c42-7b85-4ce6-8578-61fc97f729cc#56-t1, previous=(t:1, i:1), leaderCommit=0, initializing? false, entries: <empty>
2019-08-29 11:55:11,960 [java.util.concurrent.ThreadPoolExecutor$Worker@7085d04d[State = -1, empty queue]] WARN  server.GrpcLogAppender (GrpcLogAppender.java:timeoutAppendRequest(200)) - GrpcLogAppender(7c3dea4a-666f-498f-b3ec-37d2b2f2aea0->eec05b1d-f4e8-4418-a60c-420e12deef9f): appendEntries Timeout, request=7c3dea4a-666f-498f-b3ec-37d2b2f2aea0->eec05b1d-f4e8-4418-a60c-420e12deef9f#57-t1, previous=(t:1, i:1), leaderCommit=0, initializing? false, entries: <empty>
2019-08-29 11:55:11,967 | INFO  | SCMAudit | user=jenkins1000 | ip=192.168.5.166 | op=SEND_HEARTBEAT {datanodeUUID=4a332945-53dc-4c0b-b910-cfaf195ac63d, command=[]} | ret=SUCCESS |  
2019-08-29 11:55:12,265 [java.util.concurrent.ThreadPoolExecutor$Worker@1d34aecc[State = -1, empty queue]] WARN  server.GrpcLogAppender (GrpcLogAppender.java:timeoutAppendRequest(200)) - GrpcLogAppender(42efee89-99fa-4c75-b2bf-b3a1b636c7a3->b34bc477-f594-4894-b3be-a6d4c994fd70): appendEntries Timeout, request=42efee89-99fa-4c75-b2bf-b3a1b636c7a3->b34bc477-f594-4894-b3be-a6d4c994fd70#55-t2, previous=(t:2, i:1), leaderCommit=0, initializing? false, entries: <empty>
2019-08-29 11:55:12,265 [java.util.concurrent.ThreadPoolExecutor$Worker@36232c7e[State = -1, empty queue]] WARN  server.GrpcLogAppender (GrpcLogAppender.java:timeoutAppendRequest(200)) - GrpcLogAppender(42efee89-99fa-4c75-b2bf-b3a1b636c7a3->920b05f1-a92b-459a-a000-361715d4ee3d): appendEntries Timeout, request=42efee89-99fa-4c75-b2bf-b3a1b636c7a3->920b05f1-a92b-459a-a000-361715d4ee3d#55-t2, previous=(t:2, i:1), leaderCommit=0, initializing? false, entries: <empty>
2019-08-29 11:55:12,396 | INFO  | SCMAudit | user=jenkins1000 | ip=192.168.5.166 | op=SEND_HEARTBEAT {datanodeUUID=b34bc477-f594-4894-b3be-a6d4c994fd70, command=[]} | ret=SUCCESS |  
2019-08-29 11:55:12,406 | INFO  | SCMAudit | user=jenkins1000 | ip=192.168.5.166 | op=SEND_HEARTBEAT {datanodeUUID=e5b95ce0-1250-4c31-97f6-119a472050cb, command=[]} | ret=SUCCESS |  
2019-08-29 11:55:12,407 | INFO  | SCMAudit | user=jenkins1000 | ip=192.168.5.166 | op=SEND_HEARTBEAT {datanodeUUID=03953c42-7b85-4ce6-8578-61fc97f729cc, command=[]} | ret=SUCCESS |  
2019-08-29 11:55:12,424 | INFO  | SCMAudit | user=jenkins1000 | ip=192.168.5.166 | op=SEND_HEARTBEAT {datanodeUUID=7c3dea4a-666f-498f-b3ec-37d2b2f2aea0, command=[]} | ret=SUCCESS |  
2019-08-29 11:55:12,457 [java.util.concurrent.ThreadPoolExecutor$Worker@7085d04d[State = -1, empty queue]] WARN  server.GrpcLogAppender (GrpcLogAppender.java:timeoutAppendRequest(200)) - GrpcLogAppender(7c3dea4a-666f-498f-b3ec-37d2b2f2aea0->eec05b1d-f4e8-4418-a60c-420e12deef9f): appendEntries Timeout, request=7c3dea4a-666f-498f-b3ec-37d2b2f2aea0->eec05b1d-f4e8-4418-a60c-420e12deef9f#58-t1, previous=(t:1, i:1), leaderCommit=0, initializing? false, entries: <empty>
2019-08-29 11:55:12,457 [java.util.concurrent.ThreadPoolExecutor$Worker@4921c90b[State = -1, empty queue]] WARN  server.GrpcLogAppender (GrpcLogAppender.java:timeoutAppendRequest(200)) - GrpcLogAppender(7c3dea4a-666f-498f-b3ec-37d2b2f2aea0->03953c42-7b85-4ce6-8578-61fc97f729cc): appendEntries Timeout, request=7c3dea4a-666f-498f-b3ec-37d2b2f2aea0->03953c42-7b85-4ce6-8578-61fc97f729cc#57-t1, previous=(t:1, i:1), leaderCommit=0, initializing? false, entries: <empty>
2019-08-29 11:55:12,469 | INFO  | SCMAudit | user=jenkins1000 | ip=192.168.5.166 | op=SEND_HEARTBEAT {datanodeUUID=eec05b1d-f4e8-4418-a60c-420e12deef9f, command=[]} | ret=SUCCESS |  
2019-08-29 11:55:12,590 | INFO  | SCMAudit | user=jenkins1000 | ip=192.168.5.166 | op=SEND_HEARTBEAT {datanodeUUID=bd7d2b3e-70a9-4c18-9e48-3057ca72b747, command=[]} | ret=SUCCESS |  
2019-08-29 11:55:12,619 | INFO  | SCMAudit | user=jenkins1000 | ip=192.168.5.166 | op=SEND_HEARTBEAT {datanodeUUID=920b05f1-a92b-459a-a000-361715d4ee3d, command=[]} | ret=SUCCESS |  
2019-08-29 11:55:12,660 | INFO  | SCMAudit | user=jenkins1000 | ip=192.168.5.166 | op=SEND_HEARTBEAT {datanodeUUID=42efee89-99fa-4c75-b2bf-b3a1b636c7a3, command=[]} | ret=SUCCESS |  
2019-08-29 11:55:12,765 [java.util.concurrent.ThreadPoolExecutor$Worker@1d34aecc[State = -1, empty queue]] WARN  server.GrpcLogAppender (GrpcLogAppender.java:timeoutAppendRequest(200)) - GrpcLogAppender(42efee89-99fa-4c75-b2bf-b3a1b636c7a3->b34bc477-f594-4894-b3be-a6d4c994fd70): appendEntries Timeout, request=42efee89-99fa-4c75-b2bf-b3a1b636c7a3->b34bc477-f594-4894-b3be-a6d4c994fd70#56-t2, previous=(t:2, i:1), leaderCommit=0, initializing? false, entries: <empty>
2019-08-29 11:55:12,765 [java.util.concurrent.ThreadPoolExecutor$Worker@36232c7e[State = -1, empty queue]] WARN  server.GrpcLogAppender (GrpcLogAppender.java:timeoutAppendRequest(200)) - GrpcLogAppender(42efee89-99fa-4c75-b2bf-b3a1b636c7a3->920b05f1-a92b-459a-a000-361715d4ee3d): appendEntries Timeout, request=42efee89-99fa-4c75-b2bf-b3a1b636c7a3->920b05f1-a92b-459a-a000-361715d4ee3d#56-t2, previous=(t:2, i:1), leaderCommit=0, initializing? false, entries: <empty>
2019-08-29 11:55:12,821 [Thread-799] INFO  impl.FollowerState (FollowerState.java:run(106)) - 07dabde0-c17e-46ed-9a55-144838a04ea2:group-39336B115318 changes to CANDIDATE, lastRpcTime:1100, electionTimeout:1099ms
2019-08-29 11:55:12,821 [Thread-799] INFO  impl.RoleInfo (RoleInfo.java:shutdownFollowerState(121)) - 07dabde0-c17e-46ed-9a55-144838a04ea2: shutdown FollowerState
2019-08-29 11:55:12,821 [Thread-799] INFO  impl.RaftServerImpl (RaftServerImpl.java:setRole(171)) - 07dabde0-c17e-46ed-9a55-144838a04ea2:group-39336B115318 changes role from FOLLOWER to CANDIDATE at term 9 for changeToCandidate
2019-08-29 11:55:12,821 [Thread-799] INFO  impl.RoleInfo (RoleInfo.java:updateAndGet(143)) - 07dabde0-c17e-46ed-9a55-144838a04ea2: start LeaderElection
2019-08-29 11:55:12,842 [Thread-800] INFO  impl.FollowerState (FollowerState.java:run(106)) - 4a332945-53dc-4c0b-b910-cfaf195ac63d:group-39336B115318 changes to CANDIDATE, lastRpcTime:1120, electionTimeout:1120ms
2019-08-29 11:55:12,842 [Thread-800] INFO  impl.RoleInfo (RoleInfo.java:shutdownFollowerState(121)) - 4a332945-53dc-4c0b-b910-cfaf195ac63d: shutdown FollowerState
2019-08-29 11:55:12,843 [Thread-800] INFO  impl.RaftServerImpl (RaftServerImpl.java:setRole(171)) - 4a332945-53dc-4c0b-b910-cfaf195ac63d:group-39336B115318 changes role from FOLLOWER to CANDIDATE at term 9 for changeToCandidate
2019-08-29 11:55:12,843 [Thread-800] INFO  impl.RoleInfo (RoleInfo.java:updateAndGet(143)) - 4a332945-53dc-4c0b-b910-cfaf195ac63d: start LeaderElection
2019-08-29 11:55:12,850 [Thread-798] INFO  impl.FollowerState (FollowerState.java:run(106)) - bd7d2b3e-70a9-4c18-9e48-3057ca72b747:group-39336B115318 changes to CANDIDATE, lastRpcTime:1130, electionTimeout:1129ms
2019-08-29 11:55:12,850 [Thread-798] INFO  impl.RoleInfo (RoleInfo.java:shutdownFollowerState(121)) - bd7d2b3e-70a9-4c18-9e48-3057ca72b747: shutdown FollowerState
2019-08-29 11:55:12,850 [Thread-798] INFO  impl.RaftServerImpl (RaftServerImpl.java:setRole(171)) - bd7d2b3e-70a9-4c18-9e48-3057ca72b747:group-39336B115318 changes role from FOLLOWER to CANDIDATE at term 9 for changeToCandidate
2019-08-29 11:55:12,850 [Thread-798] INFO  impl.RoleInfo (RoleInfo.java:updateAndGet(143)) - bd7d2b3e-70a9-4c18-9e48-3057ca72b747: start LeaderElection
2019-08-29 11:55:12,853 | INFO  | SCMAudit | user=jenkins1000 | ip=192.168.5.166 | op=SEND_HEARTBEAT {datanodeUUID=07dabde0-c17e-46ed-9a55-144838a04ea2, command=[]} | ret=SUCCESS |  
2019-08-29 11:55:12,957 [java.util.concurrent.ThreadPoolExecutor$Worker@4921c90b[State = -1, empty queue]] WARN  server.GrpcLogAppender (GrpcLogAppender.java:timeoutAppendRequest(200)) - GrpcLogAppender(7c3dea4a-666f-498f-b3ec-37d2b2f2aea0->03953c42-7b85-4ce6-8578-61fc97f729cc): appendEntries Timeout, request=7c3dea4a-666f-498f-b3ec-37d2b2f2aea0->03953c42-7b85-4ce6-8578-61fc97f729cc#58-t1, previous=(t:1, i:1), leaderCommit=0, initializing? false, entries: <empty>
2019-08-29 11:55:12,958 [java.util.concurrent.ThreadPoolExecutor$Worker@7085d04d[State = -1, empty queue]] WARN  server.GrpcLogAppender (GrpcLogAppender.java:timeoutAppendRequest(200)) - GrpcLogAppender(7c3dea4a-666f-498f-b3ec-37d2b2f2aea0->eec05b1d-f4e8-4418-a60c-420e12deef9f): appendEntries Timeout, request=7c3dea4a-666f-498f-b3ec-37d2b2f2aea0->eec05b1d-f4e8-4418-a60c-420e12deef9f#59-t1, previous=(t:1, i:1), leaderCommit=0, initializing? false, entries: <empty>
2019-08-29 11:55:12,967 | INFO  | SCMAudit | user=jenkins1000 | ip=192.168.5.166 | op=SEND_HEARTBEAT {datanodeUUID=4a332945-53dc-4c0b-b910-cfaf195ac63d, command=[]} | ret=SUCCESS |  
2019-08-29 11:55:12,993 [grpc-default-executor-1] INFO  client.GrpcClientProtocolClient (GrpcClientProtocolClient.java:onNext(255)) - client-4E6D378CCEEF->03953c42-7b85-4ce6-8578-61fc97f729cc: receive RaftClientReply:client-4E6D378CCEEF->03953c42-7b85-4ce6-8578-61fc97f729cc@group-A160427A8A7F, cid=27, FAILED org.apache.ratis.protocol.NotLeaderException: Server 03953c42-7b85-4ce6-8578-61fc97f729cc is not the leader (7c3dea4a-666f-498f-b3ec-37d2b2f2aea0:192.168.5.166:44417). Request must be sent to leader., logIndex=0, commits[03953c42-7b85-4ce6-8578-61fc97f729cc:c0, 7c3dea4a-666f-498f-b3ec-37d2b2f2aea0:c0, eec05b1d-f4e8-4418-a60c-420e12deef9f:c0]
2019-08-29 11:55:13,266 [java.util.concurrent.ThreadPoolExecutor$Worker@1d34aecc[State = -1, empty queue]] WARN  server.GrpcLogAppender (GrpcLogAppender.java:timeoutAppendRequest(200)) - GrpcLogAppender(42efee89-99fa-4c75-b2bf-b3a1b636c7a3->b34bc477-f594-4894-b3be-a6d4c994fd70): appendEntries Timeout, request=42efee89-99fa-4c75-b2bf-b3a1b636c7a3->b34bc477-f594-4894-b3be-a6d4c994fd70#57-t2, previous=(t:2, i:1), leaderCommit=0, initializing? false, entries: <empty>
2019-08-29 11:55:13,266 [java.util.concurrent.ThreadPoolExecutor$Worker@36232c7e[State = -1, empty queue]] WARN  server.GrpcLogAppender (GrpcLogAppender.java:timeoutAppendRequest(200)) - GrpcLogAppender(42efee89-99fa-4c75-b2bf-b3a1b636c7a3->920b05f1-a92b-459a-a000-361715d4ee3d): appendEntries Timeout, request=42efee89-99fa-4c75-b2bf-b3a1b636c7a3->920b05f1-a92b-459a-a000-361715d4ee3d#57-t2, previous=(t:2, i:1), leaderCommit=0, initializing? false, entries: <empty>
2019-08-29 11:55:13,396 | INFO  | SCMAudit | user=jenkins1000 | ip=192.168.5.166 | op=SEND_HEARTBEAT {datanodeUUID=b34bc477-f594-4894-b3be-a6d4c994fd70, command=[]} | ret=SUCCESS |  
2019-08-29 11:55:13,406 | INFO  | SCMAudit | user=jenkins1000 | ip=192.168.5.166 | op=SEND_HEARTBEAT {datanodeUUID=e5b95ce0-1250-4c31-97f6-119a472050cb, command=[]} | ret=SUCCESS |  
2019-08-29 11:55:13,406 | INFO  | SCMAudit | user=jenkins1000 | ip=192.168.5.166 | op=SEND_HEARTBEAT {datanodeUUID=03953c42-7b85-4ce6-8578-61fc97f729cc, command=[]} | ret=SUCCESS |  
2019-08-29 11:55:13,425 | INFO  | SCMAudit | user=jenkins1000 | ip=192.168.5.166 | op=SEND_HEARTBEAT {datanodeUUID=7c3dea4a-666f-498f-b3ec-37d2b2f2aea0, command=[]} | ret=SUCCESS |  
2019-08-29 11:55:13,458 [java.util.concurrent.ThreadPoolExecutor$Worker@4921c90b[State = -1, empty queue]] WARN  server.GrpcLogAppender (GrpcLogAppender.java:timeoutAppendRequest(200)) - GrpcLogAppender(7c3dea4a-666f-498f-b3ec-37d2b2f2aea0->03953c42-7b85-4ce6-8578-61fc97f729cc): appendEntries Timeout, request=7c3dea4a-666f-498f-b3ec-37d2b2f2aea0->03953c42-7b85-4ce6-8578-61fc97f729cc#59-t1, previous=(t:1, i:1), leaderCommit=0, initializing? false, entries: <empty>
2019-08-29 11:55:13,458 [java.util.concurrent.ThreadPoolExecutor$Worker@7085d04d[State = -1, empty queue]] WARN  server.GrpcLogAppender (GrpcLogAppender.java:timeoutAppendRequest(200)) - GrpcLogAppender(7c3dea4a-666f-498f-b3ec-37d2b2f2aea0->eec05b1d-f4e8-4418-a60c-420e12deef9f): appendEntries Timeout, request=7c3dea4a-666f-498f-b3ec-37d2b2f2aea0->eec05b1d-f4e8-4418-a60c-420e12deef9f#60-t1, previous=(t:1, i:1), leaderCommit=0, initializing? false, entries: <empty>
2019-08-29 11:55:13,469 | INFO  | SCMAudit | user=jenkins1000 | ip=192.168.5.166 | op=SEND_HEARTBEAT {datanodeUUID=eec05b1d-f4e8-4418-a60c-420e12deef9f, command=[]} | ret=SUCCESS |  
2019-08-29 11:55:13,590 | INFO  | SCMAudit | user=jenkins1000 | ip=192.168.5.166 | op=SEND_HEARTBEAT {datanodeUUID=bd7d2b3e-70a9-4c18-9e48-3057ca72b747, command=[]} | ret=SUCCESS |  
2019-08-29 11:55:13,619 | INFO  | SCMAudit | user=jenkins1000 | ip=192.168.5.166 | op=SEND_HEARTBEAT {datanodeUUID=920b05f1-a92b-459a-a000-361715d4ee3d, command=[]} | ret=SUCCESS |  
2019-08-29 11:55:13,661 | INFO  | SCMAudit | user=jenkins1000 | ip=192.168.5.166 | op=SEND_HEARTBEAT {datanodeUUID=42efee89-99fa-4c75-b2bf-b3a1b636c7a3, command=[]} | ret=SUCCESS |  
2019-08-29 11:55:13,767 [java.util.concurrent.ThreadPoolExecutor$Worker@36232c7e[State = -1, empty queue]] WARN  server.GrpcLogAppender (GrpcLogAppender.java:timeoutAppendRequest(200)) - GrpcLogAppender(42efee89-99fa-4c75-b2bf-b3a1b636c7a3->920b05f1-a92b-459a-a000-361715d4ee3d): appendEntries Timeout, request=42efee89-99fa-4c75-b2bf-b3a1b636c7a3->920b05f1-a92b-459a-a000-361715d4ee3d#58-t2, previous=(t:2, i:1), leaderCommit=0, initializing? false, entries: <empty>
2019-08-29 11:55:13,767 [java.util.concurrent.ThreadPoolExecutor$Worker@1d34aecc[State = -1, empty queue]] WARN  server.GrpcLogAppender (GrpcLogAppender.java:timeoutAppendRequest(200)) - GrpcLogAppender(42efee89-99fa-4c75-b2bf-b3a1b636c7a3->b34bc477-f594-4894-b3be-a6d4c994fd70): appendEntries Timeout, request=42efee89-99fa-4c75-b2bf-b3a1b636c7a3->b34bc477-f594-4894-b3be-a6d4c994fd70#58-t2, previous=(t:2, i:1), leaderCommit=0, initializing? false, entries: <empty>
2019-08-29 11:55:13,851 | INFO  | SCMAudit | user=jenkins1000 | ip=192.168.5.166 | op=SEND_HEARTBEAT {datanodeUUID=07dabde0-c17e-46ed-9a55-144838a04ea2, command=[]} | ret=SUCCESS |  
2019-08-29 11:55:13,958 [java.util.concurrent.ThreadPoolExecutor$Worker@7085d04d[State = -1, empty queue]] WARN  server.GrpcLogAppender (GrpcLogAppender.java:timeoutAppendRequest(200)) - GrpcLogAppender(7c3dea4a-666f-498f-b3ec-37d2b2f2aea0->eec05b1d-f4e8-4418-a60c-420e12deef9f): appendEntries Timeout, request=7c3dea4a-666f-498f-b3ec-37d2b2f2aea0->eec05b1d-f4e8-4418-a60c-420e12deef9f#61-t1, previous=(t:1, i:1), leaderCommit=0, initializing? false, entries: <empty>
2019-08-29 11:55:13,958 [java.util.concurrent.ThreadPoolExecutor$Worker@4921c90b[State = -1, empty queue]] WARN  server.GrpcLogAppender (GrpcLogAppender.java:timeoutAppendRequest(200)) - GrpcLogAppender(7c3dea4a-666f-498f-b3ec-37d2b2f2aea0->03953c42-7b85-4ce6-8578-61fc97f729cc): appendEntries Timeout, request=7c3dea4a-666f-498f-b3ec-37d2b2f2aea0->03953c42-7b85-4ce6-8578-61fc97f729cc#60-t1, previous=(t:1, i:1), leaderCommit=0, initializing? false, entries: <empty>
2019-08-29 11:55:13,967 | INFO  | SCMAudit | user=jenkins1000 | ip=192.168.5.166 | op=SEND_HEARTBEAT {datanodeUUID=4a332945-53dc-4c0b-b910-cfaf195ac63d, command=[]} | ret=SUCCESS |  
2019-08-29 11:55:14,267 [java.util.concurrent.ThreadPoolExecutor$Worker@1d34aecc[State = -1, empty queue]] WARN  server.GrpcLogAppender (GrpcLogAppender.java:timeoutAppendRequest(200)) - GrpcLogAppender(42efee89-99fa-4c75-b2bf-b3a1b636c7a3->b34bc477-f594-4894-b3be-a6d4c994fd70): appendEntries Timeout, request=42efee89-99fa-4c75-b2bf-b3a1b636c7a3->b34bc477-f594-4894-b3be-a6d4c994fd70#59-t2, previous=(t:2, i:1), leaderCommit=0, initializing? false, entries: <empty>
2019-08-29 11:55:14,267 [java.util.concurrent.ThreadPoolExecutor$Worker@36232c7e[State = -1, empty queue]] WARN  server.GrpcLogAppender (GrpcLogAppender.java:timeoutAppendRequest(200)) - GrpcLogAppender(42efee89-99fa-4c75-b2bf-b3a1b636c7a3->920b05f1-a92b-459a-a000-361715d4ee3d): appendEntries Timeout, request=42efee89-99fa-4c75-b2bf-b3a1b636c7a3->920b05f1-a92b-459a-a000-361715d4ee3d#59-t2, previous=(t:2, i:1), leaderCommit=0, initializing? false, entries: <empty>
2019-08-29 11:55:14,396 | INFO  | SCMAudit | user=jenkins1000 | ip=192.168.5.166 | op=SEND_HEARTBEAT {datanodeUUID=b34bc477-f594-4894-b3be-a6d4c994fd70, command=[]} | ret=SUCCESS |  
2019-08-29 11:55:14,406 | INFO  | SCMAudit | user=jenkins1000 | ip=192.168.5.166 | op=SEND_HEARTBEAT {datanodeUUID=03953c42-7b85-4ce6-8578-61fc97f729cc, command=[]} | ret=SUCCESS |  
2019-08-29 11:55:14,406 | INFO  | SCMAudit | user=jenkins1000 | ip=192.168.5.166 | op=SEND_HEARTBEAT {datanodeUUID=e5b95ce0-1250-4c31-97f6-119a472050cb, command=[]} | ret=SUCCESS |  
2019-08-29 11:55:14,424 | INFO  | SCMAudit | user=jenkins1000 | ip=192.168.5.166 | op=SEND_HEARTBEAT {datanodeUUID=7c3dea4a-666f-498f-b3ec-37d2b2f2aea0, command=[]} | ret=SUCCESS |  
2019-08-29 11:55:14,459 [java.util.concurrent.ThreadPoolExecutor$Worker@7085d04d[State = -1, empty queue]] WARN  server.GrpcLogAppender (GrpcLogAppender.java:timeoutAppendRequest(200)) - GrpcLogAppender(7c3dea4a-666f-498f-b3ec-37d2b2f2aea0->eec05b1d-f4e8-4418-a60c-420e12deef9f): appendEntries Timeout, request=7c3dea4a-666f-498f-b3ec-37d2b2f2aea0->eec05b1d-f4e8-4418-a60c-420e12deef9f#62-t1, previous=(t:1, i:1), leaderCommit=0, initializing? false, entries: <empty>
2019-08-29 11:55:14,459 [java.util.concurrent.ThreadPoolExecutor$Worker@4921c90b[State = -1, empty queue]] WARN  server.GrpcLogAppender (GrpcLogAppender.java:timeoutAppendRequest(200)) - GrpcLogAppender(7c3dea4a-666f-498f-b3ec-37d2b2f2aea0->03953c42-7b85-4ce6-8578-61fc97f729cc): appendEntries Timeout, request=7c3dea4a-666f-498f-b3ec-37d2b2f2aea0->03953c42-7b85-4ce6-8578-61fc97f729cc#61-t1, previous=(t:1, i:1), leaderCommit=0, initializing? false, entries: <empty>
2019-08-29 11:55:14,469 | INFO  | SCMAudit | user=jenkins1000 | ip=192.168.5.166 | op=SEND_HEARTBEAT {datanodeUUID=eec05b1d-f4e8-4418-a60c-420e12deef9f, command=[]} | ret=SUCCESS |  
2019-08-29 11:55:14,589 | INFO  | SCMAudit | user=jenkins1000 | ip=192.168.5.166 | op=SEND_HEARTBEAT {datanodeUUID=bd7d2b3e-70a9-4c18-9e48-3057ca72b747, command=[]} | ret=SUCCESS |  
2019-08-29 11:55:14,619 | INFO  | SCMAudit | user=jenkins1000 | ip=192.168.5.166 | op=SEND_HEARTBEAT {datanodeUUID=920b05f1-a92b-459a-a000-361715d4ee3d, command=[]} | ret=SUCCESS |  
2019-08-29 11:55:14,661 | INFO  | SCMAudit | user=jenkins1000 | ip=192.168.5.166 | op=SEND_HEARTBEAT {datanodeUUID=42efee89-99fa-4c75-b2bf-b3a1b636c7a3, command=[]} | ret=SUCCESS |  
2019-08-29 11:55:14,768 [java.util.concurrent.ThreadPoolExecutor$Worker@1d34aecc[State = -1, empty queue]] WARN  server.GrpcLogAppender (GrpcLogAppender.java:timeoutAppendRequest(200)) - GrpcLogAppender(42efee89-99fa-4c75-b2bf-b3a1b636c7a3->b34bc477-f594-4894-b3be-a6d4c994fd70): appendEntries Timeout, request=42efee89-99fa-4c75-b2bf-b3a1b636c7a3->b34bc477-f594-4894-b3be-a6d4c994fd70#60-t2, previous=(t:2, i:1), leaderCommit=0, initializing? false, entries: <empty>
2019-08-29 11:55:14,768 [java.util.concurrent.ThreadPoolExecutor$Worker@36232c7e[State = -1, empty queue]] WARN  server.GrpcLogAppender (GrpcLogAppender.java:timeoutAppendRequest(200)) - GrpcLogAppender(42efee89-99fa-4c75-b2bf-b3a1b636c7a3->920b05f1-a92b-459a-a000-361715d4ee3d): appendEntries Timeout, request=42efee89-99fa-4c75-b2bf-b3a1b636c7a3->920b05f1-a92b-459a-a000-361715d4ee3d#60-t2, previous=(t:2, i:1), leaderCommit=0, initializing? false, entries: <empty>
2019-08-29 11:55:14,850 | INFO  | SCMAudit | user=jenkins1000 | ip=192.168.5.166 | op=SEND_HEARTBEAT {datanodeUUID=07dabde0-c17e-46ed-9a55-144838a04ea2, command=[]} | ret=SUCCESS |  
2019-08-29 11:55:14,960 [java.util.concurrent.ThreadPoolExecutor$Worker@7085d04d[State = -1, empty queue]] WARN  server.GrpcLogAppender (GrpcLogAppender.java:timeoutAppendRequest(200)) - GrpcLogAppender(7c3dea4a-666f-498f-b3ec-37d2b2f2aea0->eec05b1d-f4e8-4418-a60c-420e12deef9f): appendEntries Timeout, request=7c3dea4a-666f-498f-b3ec-37d2b2f2aea0->eec05b1d-f4e8-4418-a60c-420e12deef9f#63-t1, previous=(t:1, i:1), leaderCommit=0, initializing? false, entries: <empty>
2019-08-29 11:55:14,960 [java.util.concurrent.ThreadPoolExecutor$Worker@4921c90b[State = -1, empty queue]] WARN  server.GrpcLogAppender (GrpcLogAppender.java:timeoutAppendRequest(200)) - GrpcLogAppender(7c3dea4a-666f-498f-b3ec-37d2b2f2aea0->03953c42-7b85-4ce6-8578-61fc97f729cc): appendEntries Timeout, request=7c3dea4a-666f-498f-b3ec-37d2b2f2aea0->03953c42-7b85-4ce6-8578-61fc97f729cc#62-t1, previous=(t:1, i:1), leaderCommit=0, initializing? false, entries: <empty>
2019-08-29 11:55:14,967 | INFO  | SCMAudit | user=jenkins1000 | ip=192.168.5.166 | op=SEND_HEARTBEAT {datanodeUUID=4a332945-53dc-4c0b-b910-cfaf195ac63d, command=[]} | ret=SUCCESS |  
2019-08-29 11:55:15,268 [java.util.concurrent.ThreadPoolExecutor$Worker@36232c7e[State = -1, empty queue]] WARN  server.GrpcLogAppender (GrpcLogAppender.java:timeoutAppendRequest(200)) - GrpcLogAppender(42efee89-99fa-4c75-b2bf-b3a1b636c7a3->920b05f1-a92b-459a-a000-361715d4ee3d): appendEntries Timeout, request=42efee89-99fa-4c75-b2bf-b3a1b636c7a3->920b05f1-a92b-459a-a000-361715d4ee3d#61-t2, previous=(t:2, i:1), leaderCommit=0, initializing? false, entries: <empty>
2019-08-29 11:55:15,268 [java.util.concurrent.ThreadPoolExecutor$Worker@1d34aecc[State = -1, empty queue]] WARN  server.GrpcLogAppender (GrpcLogAppender.java:timeoutAppendRequest(200)) - GrpcLogAppender(42efee89-99fa-4c75-b2bf-b3a1b636c7a3->b34bc477-f594-4894-b3be-a6d4c994fd70): appendEntries Timeout, request=42efee89-99fa-4c75-b2bf-b3a1b636c7a3->b34bc477-f594-4894-b3be-a6d4c994fd70#61-t2, previous=(t:2, i:1), leaderCommit=0, initializing? false, entries: <empty>
2019-08-29 11:55:15,396 | INFO  | SCMAudit | user=jenkins1000 | ip=192.168.5.166 | op=SEND_HEARTBEAT {datanodeUUID=b34bc477-f594-4894-b3be-a6d4c994fd70, command=[]} | ret=SUCCESS |  
2019-08-29 11:55:15,406 | INFO  | SCMAudit | user=jenkins1000 | ip=192.168.5.166 | op=SEND_HEARTBEAT {datanodeUUID=03953c42-7b85-4ce6-8578-61fc97f729cc, command=[]} | ret=SUCCESS |  
2019-08-29 11:55:15,406 | INFO  | SCMAudit | user=jenkins1000 | ip=192.168.5.166 | op=SEND_HEARTBEAT {datanodeUUID=e5b95ce0-1250-4c31-97f6-119a472050cb, command=[]} | ret=SUCCESS |  
2019-08-29 11:55:15,424 | INFO  | SCMAudit | user=jenkins1000 | ip=192.168.5.166 | op=SEND_HEARTBEAT {datanodeUUID=7c3dea4a-666f-498f-b3ec-37d2b2f2aea0, command=[]} | ret=SUCCESS |  
2019-08-29 11:55:15,461 [java.util.concurrent.ThreadPoolExecutor$Worker@7085d04d[State = -1, empty queue]] WARN  server.GrpcLogAppender (GrpcLogAppender.java:timeoutAppendRequest(200)) - GrpcLogAppender(7c3dea4a-666f-498f-b3ec-37d2b2f2aea0->eec05b1d-f4e8-4418-a60c-420e12deef9f): appendEntries Timeout, request=7c3dea4a-666f-498f-b3ec-37d2b2f2aea0->eec05b1d-f4e8-4418-a60c-420e12deef9f#64-t1, previous=(t:1, i:1), leaderCommit=0, initializing? false, entries: <empty>
2019-08-29 11:55:15,461 [java.util.concurrent.ThreadPoolExecutor$Worker@4921c90b[State = -1, empty queue]] WARN  server.GrpcLogAppender (GrpcLogAppender.java:timeoutAppendRequest(200)) - GrpcLogAppender(7c3dea4a-666f-498f-b3ec-37d2b2f2aea0->03953c42-7b85-4ce6-8578-61fc97f729cc): appendEntries Timeout, request=7c3dea4a-666f-498f-b3ec-37d2b2f2aea0->03953c42-7b85-4ce6-8578-61fc97f729cc#63-t1, previous=(t:1, i:1), leaderCommit=0, initializing? false, entries: <empty>
2019-08-29 11:55:15,469 | INFO  | SCMAudit | user=jenkins1000 | ip=192.168.5.166 | op=SEND_HEARTBEAT {datanodeUUID=eec05b1d-f4e8-4418-a60c-420e12deef9f, command=[]} | ret=SUCCESS |  
2019-08-29 11:55:15,589 | INFO  | SCMAudit | user=jenkins1000 | ip=192.168.5.166 | op=SEND_HEARTBEAT {datanodeUUID=bd7d2b3e-70a9-4c18-9e48-3057ca72b747, command=[]} | ret=SUCCESS |  
2019-08-29 11:55:15,620 | INFO  | SCMAudit | user=jenkins1000 | ip=192.168.5.166 | op=SEND_HEARTBEAT {datanodeUUID=920b05f1-a92b-459a-a000-361715d4ee3d, command=[]} | ret=SUCCESS |  
2019-08-29 11:55:15,662 | INFO  | SCMAudit | user=jenkins1000 | ip=192.168.5.166 | op=SEND_HEARTBEAT {datanodeUUID=42efee89-99fa-4c75-b2bf-b3a1b636c7a3, command=[]} | ret=SUCCESS |  
2019-08-29 11:55:15,769 [java.util.concurrent.ThreadPoolExecutor$Worker@36232c7e[State = -1, empty queue]] WARN  server.GrpcLogAppender (GrpcLogAppender.java:timeoutAppendRequest(200)) - GrpcLogAppender(42efee89-99fa-4c75-b2bf-b3a1b636c7a3->920b05f1-a92b-459a-a000-361715d4ee3d): appendEntries Timeout, request=42efee89-99fa-4c75-b2bf-b3a1b636c7a3->920b05f1-a92b-459a-a000-361715d4ee3d#62-t2, previous=(t:2, i:1), leaderCommit=0, initializing? false, entries: <empty>
2019-08-29 11:55:15,769 [java.util.concurrent.ThreadPoolExecutor$Worker@1d34aecc[State = -1, empty queue]] WARN  server.GrpcLogAppender (GrpcLogAppender.java:timeoutAppendRequest(200)) - GrpcLogAppender(42efee89-99fa-4c75-b2bf-b3a1b636c7a3->b34bc477-f594-4894-b3be-a6d4c994fd70): appendEntries Timeout, request=42efee89-99fa-4c75-b2bf-b3a1b636c7a3->b34bc477-f594-4894-b3be-a6d4c994fd70#62-t2, previous=(t:2, i:1), leaderCommit=0, initializing? false, entries: <empty>
2019-08-29 11:55:15,850 | INFO  | SCMAudit | user=jenkins1000 | ip=192.168.5.166 | op=SEND_HEARTBEAT {datanodeUUID=07dabde0-c17e-46ed-9a55-144838a04ea2, command=[]} | ret=SUCCESS |  
2019-08-29 11:55:15,962 [java.util.concurrent.ThreadPoolExecutor$Worker@7085d04d[State = -1, empty queue]] WARN  server.GrpcLogAppender (GrpcLogAppender.java:timeoutAppendRequest(200)) - GrpcLogAppender(7c3dea4a-666f-498f-b3ec-37d2b2f2aea0->eec05b1d-f4e8-4418-a60c-420e12deef9f): appendEntries Timeout, request=7c3dea4a-666f-498f-b3ec-37d2b2f2aea0->eec05b1d-f4e8-4418-a60c-420e12deef9f#65-t1, previous=(t:1, i:1), leaderCommit=0, initializing? false, entries: <empty>
2019-08-29 11:55:15,962 [java.util.concurrent.ThreadPoolExecutor$Worker@4921c90b[State = -1, empty queue]] WARN  server.GrpcLogAppender (GrpcLogAppender.java:timeoutAppendRequest(200)) - GrpcLogAppender(7c3dea4a-666f-498f-b3ec-37d2b2f2aea0->03953c42-7b85-4ce6-8578-61fc97f729cc): appendEntries Timeout, request=7c3dea4a-666f-498f-b3ec-37d2b2f2aea0->03953c42-7b85-4ce6-8578-61fc97f729cc#64-t1, previous=(t:1, i:1), leaderCommit=0, initializing? false, entries: <empty>
2019-08-29 11:55:15,967 | INFO  | SCMAudit | user=jenkins1000 | ip=192.168.5.166 | op=SEND_HEARTBEAT {datanodeUUID=4a332945-53dc-4c0b-b910-cfaf195ac63d, command=[]} | ret=SUCCESS |  
2019-08-29 11:55:16,269 [java.util.concurrent.ThreadPoolExecutor$Worker@1d34aecc[State = -1, empty queue]] WARN  server.GrpcLogAppender (GrpcLogAppender.java:timeoutAppendRequest(200)) - GrpcLogAppender(42efee89-99fa-4c75-b2bf-b3a1b636c7a3->b34bc477-f594-4894-b3be-a6d4c994fd70): appendEntries Timeout, request=42efee89-99fa-4c75-b2bf-b3a1b636c7a3->b34bc477-f594-4894-b3be-a6d4c994fd70#63-t2, previous=(t:2, i:1), leaderCommit=0, initializing? false, entries: <empty>
2019-08-29 11:55:16,269 [java.util.concurrent.ThreadPoolExecutor$Worker@36232c7e[State = -1, empty queue]] WARN  server.GrpcLogAppender (GrpcLogAppender.java:timeoutAppendRequest(200)) - GrpcLogAppender(42efee89-99fa-4c75-b2bf-b3a1b636c7a3->920b05f1-a92b-459a-a000-361715d4ee3d): appendEntries Timeout, request=42efee89-99fa-4c75-b2bf-b3a1b636c7a3->920b05f1-a92b-459a-a000-361715d4ee3d#63-t2, previous=(t:2, i:1), leaderCommit=0, initializing? false, entries: <empty>
2019-08-29 11:55:16,396 | INFO  | SCMAudit | user=jenkins1000 | ip=192.168.5.166 | op=SEND_HEARTBEAT {datanodeUUID=b34bc477-f594-4894-b3be-a6d4c994fd70, command=[]} | ret=SUCCESS |  
2019-08-29 11:55:16,406 | INFO  | SCMAudit | user=jenkins1000 | ip=192.168.5.166 | op=SEND_HEARTBEAT {datanodeUUID=e5b95ce0-1250-4c31-97f6-119a472050cb, command=[]} | ret=SUCCESS |  
2019-08-29 11:55:16,406 | INFO  | SCMAudit | user=jenkins1000 | ip=192.168.5.166 | op=SEND_HEARTBEAT {datanodeUUID=03953c42-7b85-4ce6-8578-61fc97f729cc, command=[]} | ret=SUCCESS |  
2019-08-29 11:55:16,424 | INFO  | SCMAudit | user=jenkins1000 | ip=192.168.5.166 | op=SEND_HEARTBEAT {datanodeUUID=7c3dea4a-666f-498f-b3ec-37d2b2f2aea0, command=[]} | ret=SUCCESS |  
2019-08-29 11:55:16,463 [java.util.concurrent.ThreadPoolExecutor$Worker@4921c90b[State = -1, empty queue]] WARN  server.GrpcLogAppender (GrpcLogAppender.java:timeoutAppendRequest(200)) - GrpcLogAppender(7c3dea4a-666f-498f-b3ec-37d2b2f2aea0->03953c42-7b85-4ce6-8578-61fc97f729cc): appendEntries Timeout, request=7c3dea4a-666f-498f-b3ec-37d2b2f2aea0->03953c42-7b85-4ce6-8578-61fc97f729cc#65-t1, previous=(t:1, i:1), leaderCommit=0, initializing? false, entries: <empty>
2019-08-29 11:55:16,463 [java.util.concurrent.ThreadPoolExecutor$Worker@7085d04d[State = -1, empty queue]] WARN  server.GrpcLogAppender (GrpcLogAppender.java:timeoutAppendRequest(200)) - GrpcLogAppender(7c3dea4a-666f-498f-b3ec-37d2b2f2aea0->eec05b1d-f4e8-4418-a60c-420e12deef9f): appendEntries Timeout, request=7c3dea4a-666f-498f-b3ec-37d2b2f2aea0->eec05b1d-f4e8-4418-a60c-420e12deef9f#66-t1, previous=(t:1, i:1), leaderCommit=0, initializing? false, entries: <empty>
2019-08-29 11:55:16,470 | INFO  | SCMAudit | user=jenkins1000 | ip=192.168.5.166 | op=SEND_HEARTBEAT {datanodeUUID=eec05b1d-f4e8-4418-a60c-420e12deef9f, command=[]} | ret=SUCCESS |  
2019-08-29 11:55:16,590 | INFO  | SCMAudit | user=jenkins1000 | ip=192.168.5.166 | op=SEND_HEARTBEAT {datanodeUUID=bd7d2b3e-70a9-4c18-9e48-3057ca72b747, command=[]} | ret=SUCCESS |  
2019-08-29 11:55:16,621 | INFO  | SCMAudit | user=jenkins1000 | ip=192.168.5.166 | op=SEND_HEARTBEAT {datanodeUUID=920b05f1-a92b-459a-a000-361715d4ee3d, command=[]} | ret=SUCCESS |  
2019-08-29 11:55:16,663 | INFO  | SCMAudit | user=jenkins1000 | ip=192.168.5.166 | op=SEND_HEARTBEAT {datanodeUUID=42efee89-99fa-4c75-b2bf-b3a1b636c7a3, command=[]} | ret=SUCCESS |  
2019-08-29 11:55:16,770 [java.util.concurrent.ThreadPoolExecutor$Worker@36232c7e[State = -1, empty queue]] WARN  server.GrpcLogAppender (GrpcLogAppender.java:timeoutAppendRequest(200)) - GrpcLogAppender(42efee89-99fa-4c75-b2bf-b3a1b636c7a3->920b05f1-a92b-459a-a000-361715d4ee3d): appendEntries Timeout, request=42efee89-99fa-4c75-b2bf-b3a1b636c7a3->920b05f1-a92b-459a-a000-361715d4ee3d#64-t2, previous=(t:2, i:1), leaderCommit=0, initializing? false, entries: <empty>
2019-08-29 11:55:16,770 [java.util.concurrent.ThreadPoolExecutor$Worker@1d34aecc[State = -1, empty queue]] WARN  server.GrpcLogAppender (GrpcLogAppender.java:timeoutAppendRequest(200)) - GrpcLogAppender(42efee89-99fa-4c75-b2bf-b3a1b636c7a3->b34bc477-f594-4894-b3be-a6d4c994fd70): appendEntries Timeout, request=42efee89-99fa-4c75-b2bf-b3a1b636c7a3->b34bc477-f594-4894-b3be-a6d4c994fd70#64-t2, previous=(t:2, i:1), leaderCommit=0, initializing? false, entries: <empty>
2019-08-29 11:55:16,850 | INFO  | SCMAudit | user=jenkins1000 | ip=192.168.5.166 | op=SEND_HEARTBEAT {datanodeUUID=07dabde0-c17e-46ed-9a55-144838a04ea2, command=[]} | ret=SUCCESS |  
2019-08-29 11:55:16,963 [java.util.concurrent.ThreadPoolExecutor$Worker@4921c90b[State = -1, empty queue]] WARN  server.GrpcLogAppender (GrpcLogAppender.java:timeoutAppendRequest(200)) - GrpcLogAppender(7c3dea4a-666f-498f-b3ec-37d2b2f2aea0->03953c42-7b85-4ce6-8578-61fc97f729cc): appendEntries Timeout, request=7c3dea4a-666f-498f-b3ec-37d2b2f2aea0->03953c42-7b85-4ce6-8578-61fc97f729cc#66-t1, previous=(t:1, i:1), leaderCommit=0, initializing? false, entries: <empty>
2019-08-29 11:55:16,963 [java.util.concurrent.ThreadPoolExecutor$Worker@7085d04d[State = -1, empty queue]] WARN  server.GrpcLogAppender (GrpcLogAppender.java:timeoutAppendRequest(200)) - GrpcLogAppender(7c3dea4a-666f-498f-b3ec-37d2b2f2aea0->eec05b1d-f4e8-4418-a60c-420e12deef9f): appendEntries Timeout, request=7c3dea4a-666f-498f-b3ec-37d2b2f2aea0->eec05b1d-f4e8-4418-a60c-420e12deef9f#67-t1, previous=(t:1, i:1), leaderCommit=0, initializing? false, entries: <empty>
2019-08-29 11:55:16,968 | INFO  | SCMAudit | user=jenkins1000 | ip=192.168.5.166 | op=SEND_HEARTBEAT {datanodeUUID=4a332945-53dc-4c0b-b910-cfaf195ac63d, command=[]} | ret=SUCCESS |  
2019-08-29 11:55:17,100 [bd7d2b3e-70a9-4c18-9e48-3057ca72b747:group-39336B115318:LeaderElection41] INFO  impl.LeaderElection (LeaderElection.java:askForVotes(181)) - bd7d2b3e-70a9-4c18-9e48-3057ca72b747:group-39336B115318:LeaderElection41: begin an election at term 10 for -1: [4a332945-53dc-4c0b-b910-cfaf195ac63d:192.168.5.166:44887, 07dabde0-c17e-46ed-9a55-144838a04ea2:192.168.5.166:46770, bd7d2b3e-70a9-4c18-9e48-3057ca72b747:192.168.5.166:45844], old=null
2019-08-29 11:55:17,100 [4a332945-53dc-4c0b-b910-cfaf195ac63d:group-39336B115318:LeaderElection40] INFO  impl.LeaderElection (LeaderElection.java:askForVotes(181)) - 4a332945-53dc-4c0b-b910-cfaf195ac63d:group-39336B115318:LeaderElection40: begin an election at term 10 for -1: [4a332945-53dc-4c0b-b910-cfaf195ac63d:192.168.5.166:44887, 07dabde0-c17e-46ed-9a55-144838a04ea2:192.168.5.166:46770, bd7d2b3e-70a9-4c18-9e48-3057ca72b747:192.168.5.166:45844], old=null
2019-08-29 11:55:17,100 [07dabde0-c17e-46ed-9a55-144838a04ea2:group-39336B115318:LeaderElection39] INFO  impl.LeaderElection (LeaderElection.java:askForVotes(181)) - 07dabde0-c17e-46ed-9a55-144838a04ea2:group-39336B115318:LeaderElection39: begin an election at term 10 for 0: [4a332945-53dc-4c0b-b910-cfaf195ac63d:192.168.5.166:44887, 07dabde0-c17e-46ed-9a55-144838a04ea2:192.168.5.166:46770, bd7d2b3e-70a9-4c18-9e48-3057ca72b747:192.168.5.166:45844], old=null
2019-08-29 11:55:17,106 [07dabde0-c17e-46ed-9a55-144838a04ea2:group-39336B115318:LeaderElection39] INFO  impl.LeaderElection (LeaderElection.java:logAndReturn(56)) - 07dabde0-c17e-46ed-9a55-144838a04ea2:group-39336B115318:LeaderElection39: Election REJECTED; received 2 response(s) [07dabde0-c17e-46ed-9a55-144838a04ea2<-4a332945-53dc-4c0b-b910-cfaf195ac63d#0:FAIL-t10, 07dabde0-c17e-46ed-9a55-144838a04ea2<-bd7d2b3e-70a9-4c18-9e48-3057ca72b747#0:FAIL-t10] and 0 exception(s); 07dabde0-c17e-46ed-9a55-144838a04ea2:t10, leader=null, voted=07dabde0-c17e-46ed-9a55-144838a04ea2, raftlog=07dabde0-c17e-46ed-9a55-144838a04ea2-SegmentedRaftLog:OPENED:c-1,f0,i0, conf=0: [4a332945-53dc-4c0b-b910-cfaf195ac63d:192.168.5.166:44887, 07dabde0-c17e-46ed-9a55-144838a04ea2:192.168.5.166:46770, bd7d2b3e-70a9-4c18-9e48-3057ca72b747:192.168.5.166:45844], old=null
2019-08-29 11:55:17,107 [07dabde0-c17e-46ed-9a55-144838a04ea2:group-39336B115318:LeaderElection39] INFO  impl.RaftServerImpl (RaftServerImpl.java:setRole(171)) - 07dabde0-c17e-46ed-9a55-144838a04ea2:group-39336B115318 changes role from CANDIDATE to FOLLOWER at term 10 for DISCOVERED_A_NEW_TERM
2019-08-29 11:55:17,107 [07dabde0-c17e-46ed-9a55-144838a04ea2:group-39336B115318:LeaderElection39] INFO  impl.RoleInfo (RoleInfo.java:shutdownLeaderElection(134)) - 07dabde0-c17e-46ed-9a55-144838a04ea2: shutdown LeaderElection
2019-08-29 11:55:17,107 [07dabde0-c17e-46ed-9a55-144838a04ea2:group-39336B115318:LeaderElection39] INFO  impl.RoleInfo (RoleInfo.java:updateAndGet(143)) - 07dabde0-c17e-46ed-9a55-144838a04ea2: start FollowerState
2019-08-29 11:55:17,107 [bd7d2b3e-70a9-4c18-9e48-3057ca72b747:group-39336B115318:LeaderElection41] INFO  impl.LeaderElection (LeaderElection.java:logAndReturn(56)) - bd7d2b3e-70a9-4c18-9e48-3057ca72b747:group-39336B115318:LeaderElection41: Election REJECTED; received 2 response(s) [bd7d2b3e-70a9-4c18-9e48-3057ca72b747<-4a332945-53dc-4c0b-b910-cfaf195ac63d#0:FAIL-t10, bd7d2b3e-70a9-4c18-9e48-3057ca72b747<-07dabde0-c17e-46ed-9a55-144838a04ea2#0:FAIL-t10] and 0 exception(s); bd7d2b3e-70a9-4c18-9e48-3057ca72b747:t10, leader=null, voted=bd7d2b3e-70a9-4c18-9e48-3057ca72b747, raftlog=bd7d2b3e-70a9-4c18-9e48-3057ca72b747-SegmentedRaftLog:OPENED:c-1,f-1,i0, conf=-1: [4a332945-53dc-4c0b-b910-cfaf195ac63d:192.168.5.166:44887, 07dabde0-c17e-46ed-9a55-144838a04ea2:192.168.5.166:46770, bd7d2b3e-70a9-4c18-9e48-3057ca72b747:192.168.5.166:45844], old=null
2019-08-29 11:55:17,107 [bd7d2b3e-70a9-4c18-9e48-3057ca72b747:group-39336B115318:LeaderElection41] INFO  impl.RaftServerImpl (RaftServerImpl.java:setRole(171)) - bd7d2b3e-70a9-4c18-9e48-3057ca72b747:group-39336B115318 changes role from CANDIDATE to FOLLOWER at term 10 for DISCOVERED_A_NEW_TERM
2019-08-29 11:55:17,107 [4a332945-53dc-4c0b-b910-cfaf195ac63d:group-39336B115318:LeaderElection40] INFO  impl.LeaderElection (LeaderElection.java:logAndReturn(56)) - 4a332945-53dc-4c0b-b910-cfaf195ac63d:group-39336B115318:LeaderElection40: Election REJECTED; received 2 response(s) [4a332945-53dc-4c0b-b910-cfaf195ac63d<-07dabde0-c17e-46ed-9a55-144838a04ea2#0:FAIL-t10, 4a332945-53dc-4c0b-b910-cfaf195ac63d<-bd7d2b3e-70a9-4c18-9e48-3057ca72b747#0:FAIL-t10] and 0 exception(s); 4a332945-53dc-4c0b-b910-cfaf195ac63d:t10, leader=null, voted=4a332945-53dc-4c0b-b910-cfaf195ac63d, raftlog=4a332945-53dc-4c0b-b910-cfaf195ac63d-SegmentedRaftLog:OPENED:c-1,f-1,i0, conf=-1: [4a332945-53dc-4c0b-b910-cfaf195ac63d:192.168.5.166:44887, 07dabde0-c17e-46ed-9a55-144838a04ea2:192.168.5.166:46770, bd7d2b3e-70a9-4c18-9e48-3057ca72b747:192.168.5.166:45844], old=null
2019-08-29 11:55:17,107 [bd7d2b3e-70a9-4c18-9e48-3057ca72b747:group-39336B115318:LeaderElection41] INFO  impl.RoleInfo (RoleInfo.java:shutdownLeaderElection(134)) - bd7d2b3e-70a9-4c18-9e48-3057ca72b747: shutdown LeaderElection
2019-08-29 11:55:17,107 [4a332945-53dc-4c0b-b910-cfaf195ac63d:group-39336B115318:LeaderElection40] INFO  impl.RaftServerImpl (RaftServerImpl.java:setRole(171)) - 4a332945-53dc-4c0b-b910-cfaf195ac63d:group-39336B115318 changes role from CANDIDATE to FOLLOWER at term 10 for DISCOVERED_A_NEW_TERM
2019-08-29 11:55:17,108 [bd7d2b3e-70a9-4c18-9e48-3057ca72b747:group-39336B115318:LeaderElection41] INFO  impl.RoleInfo (RoleInfo.java:updateAndGet(143)) - bd7d2b3e-70a9-4c18-9e48-3057ca72b747: start FollowerState
2019-08-29 11:55:17,108 [4a332945-53dc-4c0b-b910-cfaf195ac63d:group-39336B115318:LeaderElection40] INFO  impl.RoleInfo (RoleInfo.java:shutdownLeaderElection(134)) - 4a332945-53dc-4c0b-b910-cfaf195ac63d: shutdown LeaderElection
2019-08-29 11:55:17,108 [4a332945-53dc-4c0b-b910-cfaf195ac63d:group-39336B115318:LeaderElection40] INFO  impl.RoleInfo (RoleInfo.java:updateAndGet(143)) - 4a332945-53dc-4c0b-b910-cfaf195ac63d: start FollowerState
2019-08-29 11:55:17,134 | INFO  | SCMAudit | user=jenkins1000 | ip=192.168.5.166 | op=SEND_HEARTBEAT {datanodeUUID=42efee89-99fa-4c75-b2bf-b3a1b636c7a3, command=[]} | ret=SUCCESS |  
2019-08-29 11:55:17,134 | INFO  | SCMAudit | user=jenkins1000 | ip=192.168.5.166 | op=SEND_HEARTBEAT {datanodeUUID=920b05f1-a92b-459a-a000-361715d4ee3d, command=[]} | ret=SUCCESS |  
2019-08-29 11:55:17,134 | INFO  | SCMAudit | user=jenkins1000 | ip=192.168.5.166 | op=SEND_HEARTBEAT {datanodeUUID=b34bc477-f594-4894-b3be-a6d4c994fd70, command=[]} | ret=SUCCESS |  
2019-08-29 11:55:17,152 | INFO  | DNAudit | user=null | ip=null | op=WRITE_CHUNK {blockData=conID: 3 locID: 102700133885542403 bcsId: 0} | ret=SUCCESS |  
2019-08-29 11:55:17,152 | INFO  | DNAudit | user=null | ip=null | op=WRITE_CHUNK {blockData=conID: 3 locID: 102700133885542403 bcsId: 0} | ret=SUCCESS |  
2019-08-29 11:55:17,152 | INFO  | DNAudit | user=null | ip=null | op=WRITE_CHUNK {blockData=conID: 3 locID: 102700133885542403 bcsId: 0} | ret=SUCCESS |  
2019-08-29 11:55:17,157 [grpc-default-executor-2] WARN  server.GrpcLogAppender (GrpcLogAppender.java:onNextImpl(250)) - org.apache.ratis.grpc.server.GrpcLogAppender$AppendLogResponseHandler@49b12fe1: Request not found, ignoring reply: 42efee89-99fa-4c75-b2bf-b3a1b636c7a3<-920b05f1-a92b-459a-a000-361715d4ee3d#16:OK,SUCCESS,nextIndex:2,term:2,followerCommit:0
2019-08-29 11:55:17,157 [grpc-default-executor-2] WARN  server.GrpcLogAppender (GrpcLogAppender.java:onNextImpl(250)) - org.apache.ratis.grpc.server.GrpcLogAppender$AppendLogResponseHandler@49b12fe1: Request not found, ignoring reply: 42efee89-99fa-4c75-b2bf-b3a1b636c7a3<-920b05f1-a92b-459a-a000-361715d4ee3d#17:OK,SUCCESS,nextIndex:2,term:2,followerCommit:0
2019-08-29 11:55:17,158 [grpc-default-executor-2] WARN  server.GrpcLogAppender (GrpcLogAppender.java:onNextImpl(250)) - org.apache.ratis.grpc.server.GrpcLogAppender$AppendLogResponseHandler@49b12fe1: Request not found, ignoring reply: 42efee89-99fa-4c75-b2bf-b3a1b636c7a3<-920b05f1-a92b-459a-a000-361715d4ee3d#18:OK,SUCCESS,nextIndex:2,term:2,followerCommit:0
2019-08-29 11:55:17,158 [grpc-default-executor-2] WARN  server.GrpcLogAppender (GrpcLogAppender.java:onNextImpl(250)) - org.apache.ratis.grpc.server.GrpcLogAppender$AppendLogResponseHandler@49b12fe1: Request not found, ignoring reply: 42efee89-99fa-4c75-b2bf-b3a1b636c7a3<-920b05f1-a92b-459a-a000-361715d4ee3d#19:OK,SUCCESS,nextIndex:2,term:2,followerCommit:0
2019-08-29 11:55:17,158 [grpc-default-executor-2] WARN  server.GrpcLogAppender (GrpcLogAppender.java:onNextImpl(250)) - org.apache.ratis.grpc.server.GrpcLogAppender$AppendLogResponseHandler@49b12fe1: Request not found, ignoring reply: 42efee89-99fa-4c75-b2bf-b3a1b636c7a3<-920b05f1-a92b-459a-a000-361715d4ee3d#20:OK,SUCCESS,nextIndex:2,term:2,followerCommit:0
2019-08-29 11:55:17,158 [grpc-default-executor-2] WARN  server.GrpcLogAppender (GrpcLogAppender.java:onNextImpl(250)) - org.apache.ratis.grpc.server.GrpcLogAppender$AppendLogResponseHandler@49b12fe1: Request not found, ignoring reply: 42efee89-99fa-4c75-b2bf-b3a1b636c7a3<-920b05f1-a92b-459a-a000-361715d4ee3d#21:OK,SUCCESS,nextIndex:2,term:2,followerCommit:0
2019-08-29 11:55:17,158 [grpc-default-executor-2] WARN  server.GrpcLogAppender (GrpcLogAppender.java:onNextImpl(250)) - org.apache.ratis.grpc.server.GrpcLogAppender$AppendLogResponseHandler@49b12fe1: Request not found, ignoring reply: 42efee89-99fa-4c75-b2bf-b3a1b636c7a3<-920b05f1-a92b-459a-a000-361715d4ee3d#22:OK,SUCCESS,nextIndex:2,term:2,followerCommit:0
2019-08-29 11:55:17,159 [grpc-default-executor-2] WARN  server.GrpcLogAppender (GrpcLogAppender.java:onNextImpl(250)) - org.apache.ratis.grpc.server.GrpcLogAppender$AppendLogResponseHandler@49b12fe1: Request not found, ignoring reply: 42efee89-99fa-4c75-b2bf-b3a1b636c7a3<-920b05f1-a92b-459a-a000-361715d4ee3d#23:OK,SUCCESS,nextIndex:2,term:2,followerCommit:0
2019-08-29 11:55:17,159 [grpc-default-executor-2] WARN  server.GrpcLogAppender (GrpcLogAppender.java:onNextImpl(250)) - org.apache.ratis.grpc.server.GrpcLogAppender$AppendLogResponseHandler@49b12fe1: Request not found, ignoring reply: 42efee89-99fa-4c75-b2bf-b3a1b636c7a3<-920b05f1-a92b-459a-a000-361715d4ee3d#24:OK,SUCCESS,nextIndex:2,term:2,followerCommit:0
2019-08-29 11:55:17,159 [grpc-default-executor-2] WARN  server.GrpcLogAppender (GrpcLogAppender.java:onNextImpl(250)) - org.apache.ratis.grpc.server.GrpcLogAppender$AppendLogResponseHandler@49b12fe1: Request not found, ignoring reply: 42efee89-99fa-4c75-b2bf-b3a1b636c7a3<-920b05f1-a92b-459a-a000-361715d4ee3d#25:OK,SUCCESS,nextIndex:2,term:2,followerCommit:0
2019-08-29 11:55:17,159 [grpc-default-executor-2] WARN  server.GrpcLogAppender (GrpcLogAppender.java:onNextImpl(250)) - org.apache.ratis.grpc.server.GrpcLogAppender$AppendLogResponseHandler@49b12fe1: Request not found, ignoring reply: 42efee89-99fa-4c75-b2bf-b3a1b636c7a3<-920b05f1-a92b-459a-a000-361715d4ee3d#26:OK,SUCCESS,nextIndex:2,term:2,followerCommit:0
2019-08-29 11:55:17,159 [grpc-default-executor-2] WARN  server.GrpcLogAppender (GrpcLogAppender.java:onNextImpl(250)) - org.apache.ratis.grpc.server.GrpcLogAppender$AppendLogResponseHandler@49b12fe1: Request not found, ignoring reply: 42efee89-99fa-4c75-b2bf-b3a1b636c7a3<-920b05f1-a92b-459a-a000-361715d4ee3d#27:OK,SUCCESS,nextIndex:2,term:2,followerCommit:0
2019-08-29 11:55:17,160 [grpc-default-executor-2] WARN  server.GrpcLogAppender (GrpcLogAppender.java:onNextImpl(250)) - org.apache.ratis.grpc.server.GrpcLogAppender$AppendLogResponseHandler@49b12fe1: Request not found, ignoring reply: 42efee89-99fa-4c75-b2bf-b3a1b636c7a3<-920b05f1-a92b-459a-a000-361715d4ee3d#28:OK,SUCCESS,nextIndex:2,term:2,followerCommit:0
2019-08-29 11:55:17,160 [grpc-default-executor-2] WARN  server.GrpcLogAppender (GrpcLogAppender.java:onNextImpl(250)) - org.apache.ratis.grpc.server.GrpcLogAppender$AppendLogResponseHandler@49b12fe1: Request not found, ignoring reply: 42efee89-99fa-4c75-b2bf-b3a1b636c7a3<-920b05f1-a92b-459a-a000-361715d4ee3d#29:OK,SUCCESS,nextIndex:2,term:2,followerCommit:0
2019-08-29 11:55:17,160 [grpc-default-executor-2] WARN  server.GrpcLogAppender (GrpcLogAppender.java:onNextImpl(250)) - org.apache.ratis.grpc.server.GrpcLogAppender$AppendLogResponseHandler@49b12fe1: Request not found, ignoring reply: 42efee89-99fa-4c75-b2bf-b3a1b636c7a3<-920b05f1-a92b-459a-a000-361715d4ee3d#30:OK,SUCCESS,nextIndex:2,term:2,followerCommit:0
2019-08-29 11:55:17,160 [grpc-default-executor-2] WARN  server.GrpcLogAppender (GrpcLogAppender.java:onNextImpl(250)) - org.apache.ratis.grpc.server.GrpcLogAppender$AppendLogResponseHandler@49b12fe1: Request not found, ignoring reply: 42efee89-99fa-4c75-b2bf-b3a1b636c7a3<-920b05f1-a92b-459a-a000-361715d4ee3d#31:OK,SUCCESS,nextIndex:2,term:2,followerCommit:0
2019-08-29 11:55:17,160 [grpc-default-executor-2] WARN  server.GrpcLogAppender (GrpcLogAppender.java:onNextImpl(250)) - org.apache.ratis.grpc.server.GrpcLogAppender$AppendLogResponseHandler@49b12fe1: Request not found, ignoring reply: 42efee89-99fa-4c75-b2bf-b3a1b636c7a3<-920b05f1-a92b-459a-a000-361715d4ee3d#32:OK,SUCCESS,nextIndex:2,term:2,followerCommit:0
2019-08-29 11:55:17,161 [grpc-default-executor-2] WARN  server.GrpcLogAppender (GrpcLogAppender.java:onNextImpl(250)) - org.apache.ratis.grpc.server.GrpcLogAppender$AppendLogResponseHandler@49b12fe1: Request not found, ignoring reply: 42efee89-99fa-4c75-b2bf-b3a1b636c7a3<-920b05f1-a92b-459a-a000-361715d4ee3d#33:OK,SUCCESS,nextIndex:2,term:2,followerCommit:0
2019-08-29 11:55:17,161 [grpc-default-executor-2] WARN  server.GrpcLogAppender (GrpcLogAppender.java:onNextImpl(250)) - org.apache.ratis.grpc.server.GrpcLogAppender$AppendLogResponseHandler@49b12fe1: Request not found, ignoring reply: 42efee89-99fa-4c75-b2bf-b3a1b636c7a3<-920b05f1-a92b-459a-a000-361715d4ee3d#34:OK,SUCCESS,nextIndex:2,term:2,followerCommit:0
2019-08-29 11:55:17,161 [grpc-default-executor-2] WARN  server.GrpcLogAppender (GrpcLogAppender.java:onNextImpl(250)) - org.apache.ratis.grpc.server.GrpcLogAppender$AppendLogResponseHandler@49b12fe1: Request not found, ignoring reply: 42efee89-99fa-4c75-b2bf-b3a1b636c7a3<-920b05f1-a92b-459a-a000-361715d4ee3d#35:OK,SUCCESS,nextIndex:2,term:2,followerCommit:0
2019-08-29 11:55:17,161 [grpc-default-executor-2] WARN  server.GrpcLogAppender (GrpcLogAppender.java:onNextImpl(250)) - org.apache.ratis.grpc.server.GrpcLogAppender$AppendLogResponseHandler@49b12fe1: Request not found, ignoring reply: 42efee89-99fa-4c75-b2bf-b3a1b636c7a3<-920b05f1-a92b-459a-a000-361715d4ee3d#36:OK,SUCCESS,nextIndex:2,term:2,followerCommit:0
2019-08-29 11:55:17,161 [grpc-default-executor-2] WARN  server.GrpcLogAppender (GrpcLogAppender.java:onNextImpl(250)) - org.apache.ratis.grpc.server.GrpcLogAppender$AppendLogResponseHandler@49b12fe1: Request not found, ignoring reply: 42efee89-99fa-4c75-b2bf-b3a1b636c7a3<-920b05f1-a92b-459a-a000-361715d4ee3d#37:OK,SUCCESS,nextIndex:2,term:2,followerCommit:0
2019-08-29 11:55:17,161 [grpc-default-executor-2] WARN  server.GrpcLogAppender (GrpcLogAppender.java:onNextImpl(250)) - org.apache.ratis.grpc.server.GrpcLogAppender$AppendLogResponseHandler@49b12fe1: Request not found, ignoring reply: 42efee89-99fa-4c75-b2bf-b3a1b636c7a3<-920b05f1-a92b-459a-a000-361715d4ee3d#38:OK,SUCCESS,nextIndex:2,term:2,followerCommit:0
2019-08-29 11:55:17,162 [grpc-default-executor-2] WARN  server.GrpcLogAppender (GrpcLogAppender.java:onNextImpl(250)) - org.apache.ratis.grpc.server.GrpcLogAppender$AppendLogResponseHandler@49b12fe1: Request not found, ignoring reply: 42efee89-99fa-4c75-b2bf-b3a1b636c7a3<-920b05f1-a92b-459a-a000-361715d4ee3d#39:OK,SUCCESS,nextIndex:2,term:2,followerCommit:0
2019-08-29 11:55:17,162 [grpc-default-executor-2] WARN  server.GrpcLogAppender (GrpcLogAppender.java:onNextImpl(250)) - org.apache.ratis.grpc.server.GrpcLogAppender$AppendLogResponseHandler@49b12fe1: Request not found, ignoring reply: 42efee89-99fa-4c75-b2bf-b3a1b636c7a3<-920b05f1-a92b-459a-a000-361715d4ee3d#40:OK,SUCCESS,nextIndex:2,term:2,followerCommit:0
2019-08-29 11:55:17,162 [grpc-default-executor-2] WARN  server.GrpcLogAppender (GrpcLogAppender.java:onNextImpl(250)) - org.apache.ratis.grpc.server.GrpcLogAppender$AppendLogResponseHandler@49b12fe1: Request not found, ignoring reply: 42efee89-99fa-4c75-b2bf-b3a1b636c7a3<-920b05f1-a92b-459a-a000-361715d4ee3d#41:OK,SUCCESS,nextIndex:2,term:2,followerCommit:0
2019-08-29 11:55:17,162 [grpc-default-executor-2] WARN  server.GrpcLogAppender (GrpcLogAppender.java:onNextImpl(250)) - org.apache.ratis.grpc.server.GrpcLogAppender$AppendLogResponseHandler@49b12fe1: Request not found, ignoring reply: 42efee89-99fa-4c75-b2bf-b3a1b636c7a3<-920b05f1-a92b-459a-a000-361715d4ee3d#42:OK,SUCCESS,nextIndex:2,term:2,followerCommit:0
2019-08-29 11:55:17,162 [grpc-default-executor-2] WARN  server.GrpcLogAppender (GrpcLogAppender.java:onNextImpl(250)) - org.apache.ratis.grpc.server.GrpcLogAppender$AppendLogResponseHandler@49b12fe1: Request not found, ignoring reply: 42efee89-99fa-4c75-b2bf-b3a1b636c7a3<-920b05f1-a92b-459a-a000-361715d4ee3d#43:OK,SUCCESS,nextIndex:2,term:2,followerCommit:0
2019-08-29 11:55:17,163 [grpc-default-executor-2] WARN  server.GrpcLogAppender (GrpcLogAppender.java:onNextImpl(250)) - org.apache.ratis.grpc.server.GrpcLogAppender$AppendLogResponseHandler@49b12fe1: Request not found, ignoring reply: 42efee89-99fa-4c75-b2bf-b3a1b636c7a3<-920b05f1-a92b-459a-a000-361715d4ee3d#44:OK,SUCCESS,nextIndex:2,term:2,followerCommit:0
2019-08-29 11:55:17,163 [grpc-default-executor-2] WARN  server.GrpcLogAppender (GrpcLogAppender.java:onNextImpl(250)) - org.apache.ratis.grpc.server.GrpcLogAppender$AppendLogResponseHandler@49b12fe1: Request not found, ignoring reply: 42efee89-99fa-4c75-b2bf-b3a1b636c7a3<-920b05f1-a92b-459a-a000-361715d4ee3d#45:OK,SUCCESS,nextIndex:2,term:2,followerCommit:0
2019-08-29 11:55:17,163 [grpc-default-executor-2] WARN  server.GrpcLogAppender (GrpcLogAppender.java:onNextImpl(250)) - org.apache.ratis.grpc.server.GrpcLogAppender$AppendLogResponseHandler@49b12fe1: Request not found, ignoring reply: 42efee89-99fa-4c75-b2bf-b3a1b636c7a3<-920b05f1-a92b-459a-a000-361715d4ee3d#46:OK,SUCCESS,nextIndex:2,term:2,followerCommit:0
2019-08-29 11:55:17,163 [grpc-default-executor-2] WARN  server.GrpcLogAppender (GrpcLogAppender.java:onNextImpl(250)) - org.apache.ratis.grpc.server.GrpcLogAppender$AppendLogResponseHandler@49b12fe1: Request not found, ignoring reply: 42efee89-99fa-4c75-b2bf-b3a1b636c7a3<-920b05f1-a92b-459a-a000-361715d4ee3d#47:OK,SUCCESS,nextIndex:2,term:2,followerCommit:0
2019-08-29 11:55:17,163 [grpc-default-executor-2] WARN  server.GrpcLogAppender (GrpcLogAppender.java:onNextImpl(250)) - org.apache.ratis.grpc.server.GrpcLogAppender$AppendLogResponseHandler@49b12fe1: Request not found, ignoring reply: 42efee89-99fa-4c75-b2bf-b3a1b636c7a3<-920b05f1-a92b-459a-a000-361715d4ee3d#48:OK,SUCCESS,nextIndex:2,term:2,followerCommit:0
2019-08-29 11:55:17,164 [grpc-default-executor-2] WARN  server.GrpcLogAppender (GrpcLogAppender.java:onNextImpl(250)) - org.apache.ratis.grpc.server.GrpcLogAppender$AppendLogResponseHandler@49b12fe1: Request not found, ignoring reply: 42efee89-99fa-4c75-b2bf-b3a1b636c7a3<-920b05f1-a92b-459a-a000-361715d4ee3d#49:OK,SUCCESS,nextIndex:2,term:2,followerCommit:0
2019-08-29 11:55:17,164 [grpc-default-executor-2] WARN  server.GrpcLogAppender (GrpcLogAppender.java:onNextImpl(250)) - org.apache.ratis.grpc.server.GrpcLogAppender$AppendLogResponseHandler@49b12fe1: Request not found, ignoring reply: 42efee89-99fa-4c75-b2bf-b3a1b636c7a3<-920b05f1-a92b-459a-a000-361715d4ee3d#50:OK,SUCCESS,nextIndex:2,term:2,followerCommit:0
2019-08-29 11:55:17,164 [grpc-default-executor-2] WARN  server.GrpcLogAppender (GrpcLogAppender.java:onNextImpl(250)) - org.apache.ratis.grpc.server.GrpcLogAppender$AppendLogResponseHandler@49b12fe1: Request not found, ignoring reply: 42efee89-99fa-4c75-b2bf-b3a1b636c7a3<-920b05f1-a92b-459a-a000-361715d4ee3d#51:OK,SUCCESS,nextIndex:2,term:2,followerCommit:0
2019-08-29 11:55:17,164 [grpc-default-executor-2] WARN  server.GrpcLogAppender (GrpcLogAppender.java:onNextImpl(250)) - org.apache.ratis.grpc.server.GrpcLogAppender$AppendLogResponseHandler@49b12fe1: Request not found, ignoring reply: 42efee89-99fa-4c75-b2bf-b3a1b636c7a3<-920b05f1-a92b-459a-a000-361715d4ee3d#52:OK,SUCCESS,nextIndex:2,term:2,followerCommit:0
2019-08-29 11:55:17,164 [grpc-default-executor-2] WARN  server.GrpcLogAppender (GrpcLogAppender.java:onNextImpl(250)) - org.apache.ratis.grpc.server.GrpcLogAppender$AppendLogResponseHandler@49b12fe1: Request not found, ignoring reply: 42efee89-99fa-4c75-b2bf-b3a1b636c7a3<-920b05f1-a92b-459a-a000-361715d4ee3d#53:OK,SUCCESS,nextIndex:2,term:2,followerCommit:0
2019-08-29 11:55:17,165 [grpc-default-executor-2] WARN  server.GrpcLogAppender (GrpcLogAppender.java:onNextImpl(250)) - org.apache.ratis.grpc.server.GrpcLogAppender$AppendLogResponseHandler@49b12fe1: Request not found, ignoring reply: 42efee89-99fa-4c75-b2bf-b3a1b636c7a3<-920b05f1-a92b-459a-a000-361715d4ee3d#54:OK,SUCCESS,nextIndex:2,term:2,followerCommit:0
2019-08-29 11:55:17,165 [grpc-default-executor-2] WARN  server.GrpcLogAppender (GrpcLogAppender.java:onNextImpl(250)) - org.apache.ratis.grpc.server.GrpcLogAppender$AppendLogResponseHandler@49b12fe1: Request not found, ignoring reply: 42efee89-99fa-4c75-b2bf-b3a1b636c7a3<-920b05f1-a92b-459a-a000-361715d4ee3d#55:OK,SUCCESS,nextIndex:2,term:2,followerCommit:0
2019-08-29 11:55:17,165 [grpc-default-executor-2] WARN  server.GrpcLogAppender (GrpcLogAppender.java:onNextImpl(250)) - org.apache.ratis.grpc.server.GrpcLogAppender$AppendLogResponseHandler@49b12fe1: Request not found, ignoring reply: 42efee89-99fa-4c75-b2bf-b3a1b636c7a3<-920b05f1-a92b-459a-a000-361715d4ee3d#56:OK,SUCCESS,nextIndex:2,term:2,followerCommit:0
2019-08-29 11:55:17,165 [grpc-default-executor-2] WARN  server.GrpcLogAppender (GrpcLogAppender.java:onNextImpl(250)) - org.apache.ratis.grpc.server.GrpcLogAppender$AppendLogResponseHandler@49b12fe1: Request not found, ignoring reply: 42efee89-99fa-4c75-b2bf-b3a1b636c7a3<-920b05f1-a92b-459a-a000-361715d4ee3d#57:OK,SUCCESS,nextIndex:2,term:2,followerCommit:0
2019-08-29 11:55:17,165 [grpc-default-executor-2] WARN  server.GrpcLogAppender (GrpcLogAppender.java:onNextImpl(250)) - org.apache.ratis.grpc.server.GrpcLogAppender$AppendLogResponseHandler@49b12fe1: Request not found, ignoring reply: 42efee89-99fa-4c75-b2bf-b3a1b636c7a3<-920b05f1-a92b-459a-a000-361715d4ee3d#58:OK,SUCCESS,nextIndex:2,term:2,followerCommit:0
2019-08-29 11:55:17,166 [grpc-default-executor-2] WARN  server.GrpcLogAppender (GrpcLogAppender.java:onNextImpl(250)) - org.apache.ratis.grpc.server.GrpcLogAppender$AppendLogResponseHandler@49b12fe1: Request not found, ignoring reply: 42efee89-99fa-4c75-b2bf-b3a1b636c7a3<-920b05f1-a92b-459a-a000-361715d4ee3d#59:OK,SUCCESS,nextIndex:2,term:2,followerCommit:0
2019-08-29 11:55:17,166 [grpc-default-executor-2] WARN  server.GrpcLogAppender (GrpcLogAppender.java:onNextImpl(250)) - org.apache.ratis.grpc.server.GrpcLogAppender$AppendLogResponseHandler@49b12fe1: Request not found, ignoring reply: 42efee89-99fa-4c75-b2bf-b3a1b636c7a3<-920b05f1-a92b-459a-a000-361715d4ee3d#60:OK,SUCCESS,nextIndex:2,term:2,followerCommit:0
2019-08-29 11:55:17,166 [grpc-default-executor-2] WARN  server.GrpcLogAppender (GrpcLogAppender.java:onNextImpl(250)) - org.apache.ratis.grpc.server.GrpcLogAppender$AppendLogResponseHandler@49b12fe1: Request not found, ignoring reply: 42efee89-99fa-4c75-b2bf-b3a1b636c7a3<-920b05f1-a92b-459a-a000-361715d4ee3d#61:OK,SUCCESS,nextIndex:2,term:2,followerCommit:0
2019-08-29 11:55:17,166 [grpc-default-executor-2] WARN  server.GrpcLogAppender (GrpcLogAppender.java:onNextImpl(250)) - org.apache.ratis.grpc.server.GrpcLogAppender$AppendLogResponseHandler@49b12fe1: Request not found, ignoring reply: 42efee89-99fa-4c75-b2bf-b3a1b636c7a3<-920b05f1-a92b-459a-a000-361715d4ee3d#62:OK,SUCCESS,nextIndex:2,term:2,followerCommit:0
2019-08-29 11:55:17,166 [grpc-default-executor-2] WARN  server.GrpcLogAppender (GrpcLogAppender.java:onNextImpl(250)) - org.apache.ratis.grpc.server.GrpcLogAppender$AppendLogResponseHandler@49b12fe1: Request not found, ignoring reply: 42efee89-99fa-4c75-b2bf-b3a1b636c7a3<-920b05f1-a92b-459a-a000-361715d4ee3d#63:OK,SUCCESS,nextIndex:2,term:2,followerCommit:0
2019-08-29 11:55:17,167 [grpc-default-executor-2] WARN  server.GrpcLogAppender (GrpcLogAppender.java:onNextImpl(250)) - org.apache.ratis.grpc.server.GrpcLogAppender$AppendLogResponseHandler@49b12fe1: Request not found, ignoring reply: 42efee89-99fa-4c75-b2bf-b3a1b636c7a3<-920b05f1-a92b-459a-a000-361715d4ee3d#64:OK,SUCCESS,nextIndex:2,term:2,followerCommit:0
2019-08-29 11:55:17,270 [java.util.concurrent.ThreadPoolExecutor$Worker@1d34aecc[State = -1, empty queue]] WARN  server.GrpcLogAppender (GrpcLogAppender.java:timeoutAppendRequest(200)) - GrpcLogAppender(42efee89-99fa-4c75-b2bf-b3a1b636c7a3->b34bc477-f594-4894-b3be-a6d4c994fd70): appendEntries Timeout, request=42efee89-99fa-4c75-b2bf-b3a1b636c7a3->b34bc477-f594-4894-b3be-a6d4c994fd70#65-t2, previous=(t:2, i:1), leaderCommit=0, initializing? false, entries: <empty>
2019-08-29 11:55:17,406 | INFO  | SCMAudit | user=jenkins1000 | ip=192.168.5.166 | op=SEND_HEARTBEAT {datanodeUUID=e5b95ce0-1250-4c31-97f6-119a472050cb, command=[]} | ret=SUCCESS |  
2019-08-29 11:55:17,406 | INFO  | SCMAudit | user=jenkins1000 | ip=192.168.5.166 | op=SEND_HEARTBEAT {datanodeUUID=03953c42-7b85-4ce6-8578-61fc97f729cc, command=[]} | ret=SUCCESS |  
2019-08-29 11:55:17,425 | INFO  | SCMAudit | user=jenkins1000 | ip=192.168.5.166 | op=SEND_HEARTBEAT {datanodeUUID=7c3dea4a-666f-498f-b3ec-37d2b2f2aea0, command=[]} | ret=SUCCESS |  
2019-08-29 11:55:17,464 [java.util.concurrent.ThreadPoolExecutor$Worker@7085d04d[State = -1, empty queue]] WARN  server.GrpcLogAppender (GrpcLogAppender.java:timeoutAppendRequest(200)) - GrpcLogAppender(7c3dea4a-666f-498f-b3ec-37d2b2f2aea0->eec05b1d-f4e8-4418-a60c-420e12deef9f): appendEntries Timeout, request=7c3dea4a-666f-498f-b3ec-37d2b2f2aea0->eec05b1d-f4e8-4418-a60c-420e12deef9f#68-t1, previous=(t:1, i:1), leaderCommit=0, initializing? false, entries: <empty>
2019-08-29 11:55:17,464 [java.util.concurrent.ThreadPoolExecutor$Worker@4921c90b[State = -1, empty queue]] WARN  server.GrpcLogAppender (GrpcLogAppender.java:timeoutAppendRequest(200)) - GrpcLogAppender(7c3dea4a-666f-498f-b3ec-37d2b2f2aea0->03953c42-7b85-4ce6-8578-61fc97f729cc): appendEntries Timeout, request=7c3dea4a-666f-498f-b3ec-37d2b2f2aea0->03953c42-7b85-4ce6-8578-61fc97f729cc#67-t1, previous=(t:1, i:1), leaderCommit=0, initializing? false, entries: <empty>
2019-08-29 11:55:17,470 | INFO  | SCMAudit | user=jenkins1000 | ip=192.168.5.166 | op=SEND_HEARTBEAT {datanodeUUID=eec05b1d-f4e8-4418-a60c-420e12deef9f, command=[]} | ret=SUCCESS |  
2019-08-29 11:55:17,590 | INFO  | SCMAudit | user=jenkins1000 | ip=192.168.5.166 | op=SEND_HEARTBEAT {datanodeUUID=bd7d2b3e-70a9-4c18-9e48-3057ca72b747, command=[]} | ret=SUCCESS |  
2019-08-29 11:55:17,771 [java.util.concurrent.ThreadPoolExecutor$Worker@1d34aecc[State = -1, empty queue]] WARN  server.GrpcLogAppender (GrpcLogAppender.java:timeoutAppendRequest(200)) - GrpcLogAppender(42efee89-99fa-4c75-b2bf-b3a1b636c7a3->b34bc477-f594-4894-b3be-a6d4c994fd70): appendEntries Timeout, request=42efee89-99fa-4c75-b2bf-b3a1b636c7a3->b34bc477-f594-4894-b3be-a6d4c994fd70#66-t2, previous=(t:2, i:1), leaderCommit=0, initializing? false, entries: <empty>
2019-08-29 11:55:17,850 | INFO  | SCMAudit | user=jenkins1000 | ip=192.168.5.166 | op=SEND_HEARTBEAT {datanodeUUID=07dabde0-c17e-46ed-9a55-144838a04ea2, command=[]} | ret=SUCCESS |  
2019-08-29 11:55:17,955 [7c3dea4a-666f-498f-b3ec-37d2b2f2aea0-SegmentedRaftLogWorker:Storage Directory /workdir/hadoop-ozone/integration-test/target/test-dir/MiniOzoneClusterImpl-d5645d28-46c2-4d7d-99f2-1f02fc29b8b0/datanode-6/data/ratis/3e734320-d6b4-447e-b544-a160427a8a7f] WARN  segmented.SegmentedRaftLogWorker (SegmentedRaftLogWorker.java:getFromFuture(90)) - Timeout 0/~
org.apache.ratis.protocol.TimeoutIOException: Timeout 10s: WriteLog:1: (t:1, i:1), STATEMACHINELOGENTRY, client-4E6D378CCEEF, cid=27-writeStateMachineData
	at org.apache.ratis.util.IOUtils.getFromFuture(IOUtils.java:87)
	at org.apache.ratis.server.raftlog.segmented.SegmentedRaftLogWorker$StateMachineDataPolicy.getFromFuture(SegmentedRaftLogWorker.java:87)
	at org.apache.ratis.server.raftlog.segmented.SegmentedRaftLogWorker$WriteLog.execute(SegmentedRaftLogWorker.java:477)
	at org.apache.ratis.server.raftlog.segmented.SegmentedRaftLogWorker.run(SegmentedRaftLogWorker.java:289)
	at java.lang.Thread.run(Thread.java:748)
Caused by: java.util.concurrent.TimeoutException
	at java.util.concurrent.CompletableFuture.timedGet(CompletableFuture.java:1771)
	at java.util.concurrent.CompletableFuture.get(CompletableFuture.java:1915)
	at org.apache.ratis.util.IOUtils.getFromFuture(IOUtils.java:79)
	... 4 more
2019-08-29 11:55:17,961 [eec05b1d-f4e8-4418-a60c-420e12deef9f-SegmentedRaftLogWorker:Storage Directory /workdir/hadoop-ozone/integration-test/target/test-dir/MiniOzoneClusterImpl-d5645d28-46c2-4d7d-99f2-1f02fc29b8b0/datanode-9/data/ratis/3e734320-d6b4-447e-b544-a160427a8a7f] WARN  segmented.SegmentedRaftLogWorker (SegmentedRaftLogWorker.java:getFromFuture(90)) - Timeout 0/~
org.apache.ratis.protocol.TimeoutIOException: Timeout 10s: WriteLog:1: (t:1, i:1), STATEMACHINELOGENTRY, client-4E6D378CCEEF, cid=27-writeStateMachineData
	at org.apache.ratis.util.IOUtils.getFromFuture(IOUtils.java:87)
	at org.apache.ratis.server.raftlog.segmented.SegmentedRaftLogWorker$StateMachineDataPolicy.getFromFuture(SegmentedRaftLogWorker.java:87)
	at org.apache.ratis.server.raftlog.segmented.SegmentedRaftLogWorker$WriteLog.execute(SegmentedRaftLogWorker.java:477)
	at org.apache.ratis.server.raftlog.segmented.SegmentedRaftLogWorker.run(SegmentedRaftLogWorker.java:289)
	at java.lang.Thread.run(Thread.java:748)
Caused by: java.util.concurrent.TimeoutException
	at java.util.concurrent.CompletableFuture.timedGet(CompletableFuture.java:1771)
	at java.util.concurrent.CompletableFuture.get(CompletableFuture.java:1915)
	at org.apache.ratis.util.IOUtils.getFromFuture(IOUtils.java:79)
	... 4 more
2019-08-29 11:55:17,961 [03953c42-7b85-4ce6-8578-61fc97f729cc-SegmentedRaftLogWorker:Storage Directory /workdir/hadoop-ozone/integration-test/target/test-dir/MiniOzoneClusterImpl-d5645d28-46c2-4d7d-99f2-1f02fc29b8b0/datanode-2/data/ratis/3e734320-d6b4-447e-b544-a160427a8a7f] WARN  segmented.SegmentedRaftLogWorker (SegmentedRaftLogWorker.java:getFromFuture(90)) - Timeout 0/~
org.apache.ratis.protocol.TimeoutIOException: Timeout 10s: WriteLog:1: (t:1, i:1), STATEMACHINELOGENTRY, client-4E6D378CCEEF, cid=27-writeStateMachineData
	at org.apache.ratis.util.IOUtils.getFromFuture(IOUtils.java:87)
	at org.apache.ratis.server.raftlog.segmented.SegmentedRaftLogWorker$StateMachineDataPolicy.getFromFuture(SegmentedRaftLogWorker.java:87)
	at org.apache.ratis.server.raftlog.segmented.SegmentedRaftLogWorker$WriteLog.execute(SegmentedRaftLogWorker.java:477)
	at org.apache.ratis.server.raftlog.segmented.SegmentedRaftLogWorker.run(SegmentedRaftLogWorker.java:289)
	at java.lang.Thread.run(Thread.java:748)
Caused by: java.util.concurrent.TimeoutException
	at java.util.concurrent.CompletableFuture.timedGet(CompletableFuture.java:1771)
	at java.util.concurrent.CompletableFuture.get(CompletableFuture.java:1915)
	at org.apache.ratis.util.IOUtils.getFromFuture(IOUtils.java:79)
	... 4 more
2019-08-29 11:55:17,964 [java.util.concurrent.ThreadPoolExecutor$Worker@4921c90b[State = -1, empty queue]] WARN  server.GrpcLogAppender (GrpcLogAppender.java:timeoutAppendRequest(200)) - GrpcLogAppender(7c3dea4a-666f-498f-b3ec-37d2b2f2aea0->03953c42-7b85-4ce6-8578-61fc97f729cc): appendEntries Timeout, request=7c3dea4a-666f-498f-b3ec-37d2b2f2aea0->03953c42-7b85-4ce6-8578-61fc97f729cc#68-t1, previous=(t:1, i:1), leaderCommit=0, initializing? false, entries: <empty>
2019-08-29 11:55:17,964 [java.util.concurrent.ThreadPoolExecutor$Worker@7085d04d[State = -1, empty queue]] WARN  server.GrpcLogAppender (GrpcLogAppender.java:timeoutAppendRequest(200)) - GrpcLogAppender(7c3dea4a-666f-498f-b3ec-37d2b2f2aea0->eec05b1d-f4e8-4418-a60c-420e12deef9f): appendEntries Timeout, request=7c3dea4a-666f-498f-b3ec-37d2b2f2aea0->eec05b1d-f4e8-4418-a60c-420e12deef9f#69-t1, previous=(t:1, i:1), leaderCommit=0, initializing? false, entries: <empty>
2019-08-29 11:55:17,967 | INFO  | SCMAudit | user=jenkins1000 | ip=192.168.5.166 | op=SEND_HEARTBEAT {datanodeUUID=4a332945-53dc-4c0b-b910-cfaf195ac63d, command=[]} | ret=SUCCESS |  
2019-08-29 11:55:18,070 [grpc-default-executor-0] INFO  client.GrpcClientProtocolClient (GrpcClientProtocolClient.java:onNext(255)) - client-4E6D378CCEEF->03953c42-7b85-4ce6-8578-61fc97f729cc: receive RaftClientReply:client-4E6D378CCEEF->03953c42-7b85-4ce6-8578-61fc97f729cc@group-A160427A8A7F, cid=27, FAILED org.apache.ratis.protocol.NotLeaderException: Server 03953c42-7b85-4ce6-8578-61fc97f729cc is not the leader (7c3dea4a-666f-498f-b3ec-37d2b2f2aea0:192.168.5.166:44417). Request must be sent to leader., logIndex=0, commits[03953c42-7b85-4ce6-8578-61fc97f729cc:c0, 7c3dea4a-666f-498f-b3ec-37d2b2f2aea0:c0, eec05b1d-f4e8-4418-a60c-420e12deef9f:c0]
2019-08-29 11:55:18,118 | INFO  | SCMAudit | user=jenkins1000 | ip=192.168.5.166 | op=SEND_HEARTBEAT {datanodeUUID=42efee89-99fa-4c75-b2bf-b3a1b636c7a3, command=[]} | ret=SUCCESS |  
2019-08-29 11:55:18,118 | INFO  | SCMAudit | user=jenkins1000 | ip=192.168.5.166 | op=SEND_HEARTBEAT {datanodeUUID=b34bc477-f594-4894-b3be-a6d4c994fd70, command=[]} | ret=SUCCESS |  
2019-08-29 11:55:18,118 | INFO  | SCMAudit | user=jenkins1000 | ip=192.168.5.166 | op=SEND_HEARTBEAT {datanodeUUID=920b05f1-a92b-459a-a000-361715d4ee3d, command=[]} | ret=SUCCESS |  
2019-08-29 11:55:18,138 [Thread-863] INFO  impl.FollowerState (FollowerState.java:run(106)) - 4a332945-53dc-4c0b-b910-cfaf195ac63d:group-39336B115318 changes to CANDIDATE, lastRpcTime:1030, electionTimeout:1030ms
2019-08-29 11:55:18,138 [Thread-863] INFO  impl.RoleInfo (RoleInfo.java:shutdownFollowerState(121)) - 4a332945-53dc-4c0b-b910-cfaf195ac63d: shutdown FollowerState
2019-08-29 11:55:18,138 [Thread-863] INFO  impl.RaftServerImpl (RaftServerImpl.java:setRole(171)) - 4a332945-53dc-4c0b-b910-cfaf195ac63d:group-39336B115318 changes role from FOLLOWER to CANDIDATE at term 10 for changeToCandidate
2019-08-29 11:55:18,139 [Thread-863] INFO  impl.RoleInfo (RoleInfo.java:updateAndGet(143)) - 4a332945-53dc-4c0b-b910-cfaf195ac63d: start LeaderElection
2019-08-29 11:55:18,185 [Thread-862] INFO  impl.FollowerState (FollowerState.java:run(106)) - bd7d2b3e-70a9-4c18-9e48-3057ca72b747:group-39336B115318 changes to CANDIDATE, lastRpcTime:1077, electionTimeout:1077ms
2019-08-29 11:55:18,185 [Thread-862] INFO  impl.RoleInfo (RoleInfo.java:shutdownFollowerState(121)) - bd7d2b3e-70a9-4c18-9e48-3057ca72b747: shutdown FollowerState
2019-08-29 11:55:18,186 [Thread-862] INFO  impl.RaftServerImpl (RaftServerImpl.java:setRole(171)) - bd7d2b3e-70a9-4c18-9e48-3057ca72b747:group-39336B115318 changes role from FOLLOWER to CANDIDATE at term 10 for changeToCandidate
2019-08-29 11:55:18,186 [Thread-862] INFO  impl.RoleInfo (RoleInfo.java:updateAndGet(143)) - bd7d2b3e-70a9-4c18-9e48-3057ca72b747: start LeaderElection
2019-08-29 11:55:18,190 [Thread-861] INFO  impl.FollowerState (FollowerState.java:run(106)) - 07dabde0-c17e-46ed-9a55-144838a04ea2:group-39336B115318 changes to CANDIDATE, lastRpcTime:1083, electionTimeout:1080ms
2019-08-29 11:55:18,190 [Thread-861] INFO  impl.RoleInfo (RoleInfo.java:shutdownFollowerState(121)) - 07dabde0-c17e-46ed-9a55-144838a04ea2: shutdown FollowerState
2019-08-29 11:55:18,190 [Thread-861] INFO  impl.RaftServerImpl (RaftServerImpl.java:setRole(171)) - 07dabde0-c17e-46ed-9a55-144838a04ea2:group-39336B115318 changes role from FOLLOWER to CANDIDATE at term 10 for changeToCandidate
2019-08-29 11:55:18,190 [Thread-861] INFO  impl.RoleInfo (RoleInfo.java:updateAndGet(143)) - 07dabde0-c17e-46ed-9a55-144838a04ea2: start LeaderElection
2019-08-29 11:55:18,271 [java.util.concurrent.ThreadPoolExecutor$Worker@1d34aecc[State = -1, empty queue]] WARN  server.GrpcLogAppender (GrpcLogAppender.java:timeoutAppendRequest(200)) - GrpcLogAppender(42efee89-99fa-4c75-b2bf-b3a1b636c7a3->b34bc477-f594-4894-b3be-a6d4c994fd70): appendEntries Timeout, request=42efee89-99fa-4c75-b2bf-b3a1b636c7a3->b34bc477-f594-4894-b3be-a6d4c994fd70#67-t2, previous=(t:2, i:1), leaderCommit=0, initializing? false, entries: <empty>
2019-08-29 11:55:18,406 | INFO  | SCMAudit | user=jenkins1000 | ip=192.168.5.166 | op=SEND_HEARTBEAT {datanodeUUID=e5b95ce0-1250-4c31-97f6-119a472050cb, command=[]} | ret=SUCCESS |  
2019-08-29 11:55:18,406 | INFO  | SCMAudit | user=jenkins1000 | ip=192.168.5.166 | op=SEND_HEARTBEAT {datanodeUUID=03953c42-7b85-4ce6-8578-61fc97f729cc, command=[]} | ret=SUCCESS |  
2019-08-29 11:55:18,426 | INFO  | SCMAudit | user=jenkins1000 | ip=192.168.5.166 | op=SEND_HEARTBEAT {datanodeUUID=7c3dea4a-666f-498f-b3ec-37d2b2f2aea0, command=[]} | ret=SUCCESS |  
2019-08-29 11:55:18,464 [java.util.concurrent.ThreadPoolExecutor$Worker@7085d04d[State = -1, empty queue]] WARN  server.GrpcLogAppender (GrpcLogAppender.java:timeoutAppendRequest(200)) - GrpcLogAppender(7c3dea4a-666f-498f-b3ec-37d2b2f2aea0->eec05b1d-f4e8-4418-a60c-420e12deef9f): appendEntries Timeout, request=7c3dea4a-666f-498f-b3ec-37d2b2f2aea0->eec05b1d-f4e8-4418-a60c-420e12deef9f#70-t1, previous=(t:1, i:1), leaderCommit=0, initializing? false, entries: <empty>
2019-08-29 11:55:18,465 [java.util.concurrent.ThreadPoolExecutor$Worker@4921c90b[State = -1, empty queue]] WARN  server.GrpcLogAppender (GrpcLogAppender.java:timeoutAppendRequest(200)) - GrpcLogAppender(7c3dea4a-666f-498f-b3ec-37d2b2f2aea0->03953c42-7b85-4ce6-8578-61fc97f729cc): appendEntries Timeout, request=7c3dea4a-666f-498f-b3ec-37d2b2f2aea0->03953c42-7b85-4ce6-8578-61fc97f729cc#69-t1, previous=(t:1, i:1), leaderCommit=0, initializing? false, entries: <empty>
2019-08-29 11:55:18,470 | INFO  | SCMAudit | user=jenkins1000 | ip=192.168.5.166 | op=SEND_HEARTBEAT {datanodeUUID=eec05b1d-f4e8-4418-a60c-420e12deef9f, command=[]} | ret=SUCCESS |  
2019-08-29 11:55:18,591 | INFO  | SCMAudit | user=jenkins1000 | ip=192.168.5.166 | op=SEND_HEARTBEAT {datanodeUUID=bd7d2b3e-70a9-4c18-9e48-3057ca72b747, command=[]} | ret=SUCCESS |  
2019-08-29 11:55:18,736 [grpc-default-executor-0] WARN  server.GrpcLogAppender (GrpcLogAppender.java:onNextImpl(250)) - org.apache.ratis.grpc.server.GrpcLogAppender$AppendLogResponseHandler@81b954a: Request not found, ignoring reply: 42efee89-99fa-4c75-b2bf-b3a1b636c7a3<-b34bc477-f594-4894-b3be-a6d4c994fd70#16:OK,SUCCESS,nextIndex:2,term:2,followerCommit:0
2019-08-29 11:55:18,737 [grpc-default-executor-0] WARN  server.GrpcLogAppender (GrpcLogAppender.java:onNextImpl(250)) - org.apache.ratis.grpc.server.GrpcLogAppender$AppendLogResponseHandler@81b954a: Request not found, ignoring reply: 42efee89-99fa-4c75-b2bf-b3a1b636c7a3<-b34bc477-f594-4894-b3be-a6d4c994fd70#17:OK,SUCCESS,nextIndex:2,term:2,followerCommit:0
2019-08-29 11:55:18,737 [grpc-default-executor-0] WARN  server.GrpcLogAppender (GrpcLogAppender.java:onNextImpl(250)) - org.apache.ratis.grpc.server.GrpcLogAppender$AppendLogResponseHandler@81b954a: Request not found, ignoring reply: 42efee89-99fa-4c75-b2bf-b3a1b636c7a3<-b34bc477-f594-4894-b3be-a6d4c994fd70#18:OK,SUCCESS,nextIndex:2,term:2,followerCommit:0
2019-08-29 11:55:18,737 [grpc-default-executor-0] WARN  server.GrpcLogAppender (GrpcLogAppender.java:onNextImpl(250)) - org.apache.ratis.grpc.server.GrpcLogAppender$AppendLogResponseHandler@81b954a: Request not found, ignoring reply: 42efee89-99fa-4c75-b2bf-b3a1b636c7a3<-b34bc477-f594-4894-b3be-a6d4c994fd70#19:OK,SUCCESS,nextIndex:2,term:2,followerCommit:0
2019-08-29 11:55:18,738 [grpc-default-executor-0] WARN  server.GrpcLogAppender (GrpcLogAppender.java:onNextImpl(250)) - org.apache.ratis.grpc.server.GrpcLogAppender$AppendLogResponseHandler@81b954a: Request not found, ignoring reply: 42efee89-99fa-4c75-b2bf-b3a1b636c7a3<-b34bc477-f594-4894-b3be-a6d4c994fd70#20:OK,SUCCESS,nextIndex:2,term:2,followerCommit:0
2019-08-29 11:55:18,738 [grpc-default-executor-0] WARN  server.GrpcLogAppender (GrpcLogAppender.java:onNextImpl(250)) - org.apache.ratis.grpc.server.GrpcLogAppender$AppendLogResponseHandler@81b954a: Request not found, ignoring reply: 42efee89-99fa-4c75-b2bf-b3a1b636c7a3<-b34bc477-f594-4894-b3be-a6d4c994fd70#21:OK,SUCCESS,nextIndex:2,term:2,followerCommit:0
2019-08-29 11:55:18,738 [grpc-default-executor-0] WARN  server.GrpcLogAppender (GrpcLogAppender.java:onNextImpl(250)) - org.apache.ratis.grpc.server.GrpcLogAppender$AppendLogResponseHandler@81b954a: Request not found, ignoring reply: 42efee89-99fa-4c75-b2bf-b3a1b636c7a3<-b34bc477-f594-4894-b3be-a6d4c994fd70#22:OK,SUCCESS,nextIndex:2,term:2,followerCommit:0
2019-08-29 11:55:18,738 [grpc-default-executor-0] WARN  server.GrpcLogAppender (GrpcLogAppender.java:onNextImpl(250)) - org.apache.ratis.grpc.server.GrpcLogAppender$AppendLogResponseHandler@81b954a: Request not found, ignoring reply: 42efee89-99fa-4c75-b2bf-b3a1b636c7a3<-b34bc477-f594-4894-b3be-a6d4c994fd70#23:OK,SUCCESS,nextIndex:2,term:2,followerCommit:0
2019-08-29 11:55:18,739 [grpc-default-executor-0] WARN  server.GrpcLogAppender (GrpcLogAppender.java:onNextImpl(250)) - org.apache.ratis.grpc.server.GrpcLogAppender$AppendLogResponseHandler@81b954a: Request not found, ignoring reply: 42efee89-99fa-4c75-b2bf-b3a1b636c7a3<-b34bc477-f594-4894-b3be-a6d4c994fd70#24:OK,SUCCESS,nextIndex:2,term:2,followerCommit:0
2019-08-29 11:55:18,739 [grpc-default-executor-0] WARN  server.GrpcLogAppender (GrpcLogAppender.java:onNextImpl(250)) - org.apache.ratis.grpc.server.GrpcLogAppender$AppendLogResponseHandler@81b954a: Request not found, ignoring reply: 42efee89-99fa-4c75-b2bf-b3a1b636c7a3<-b34bc477-f594-4894-b3be-a6d4c994fd70#25:OK,SUCCESS,nextIndex:2,term:2,followerCommit:0
2019-08-29 11:55:18,739 [grpc-default-executor-0] WARN  server.GrpcLogAppender (GrpcLogAppender.java:onNextImpl(250)) - org.apache.ratis.grpc.server.GrpcLogAppender$AppendLogResponseHandler@81b954a: Request not found, ignoring reply: 42efee89-99fa-4c75-b2bf-b3a1b636c7a3<-b34bc477-f594-4894-b3be-a6d4c994fd70#26:OK,SUCCESS,nextIndex:2,term:2,followerCommit:0
2019-08-29 11:55:18,739 [grpc-default-executor-0] WARN  server.GrpcLogAppender (GrpcLogAppender.java:onNextImpl(250)) - org.apache.ratis.grpc.server.GrpcLogAppender$AppendLogResponseHandler@81b954a: Request not found, ignoring reply: 42efee89-99fa-4c75-b2bf-b3a1b636c7a3<-b34bc477-f594-4894-b3be-a6d4c994fd70#27:OK,SUCCESS,nextIndex:2,term:2,followerCommit:0
2019-08-29 11:55:18,740 | INFO  | DNAudit | user=null | ip=null | op=WRITE_CHUNK {blockData=conID: 3 locID: 102700133885542403 bcsId: 0} | ret=SUCCESS |  
2019-08-29 11:55:18,740 [grpc-default-executor-0] WARN  server.GrpcLogAppender (GrpcLogAppender.java:onNextImpl(250)) - org.apache.ratis.grpc.server.GrpcLogAppender$AppendLogResponseHandler@81b954a: Request not found, ignoring reply: 42efee89-99fa-4c75-b2bf-b3a1b636c7a3<-b34bc477-f594-4894-b3be-a6d4c994fd70#28:OK,SUCCESS,nextIndex:2,term:2,followerCommit:0
2019-08-29 11:55:18,740 [grpc-default-executor-0] WARN  server.GrpcLogAppender (GrpcLogAppender.java:onNextImpl(250)) - org.apache.ratis.grpc.server.GrpcLogAppender$AppendLogResponseHandler@81b954a: Request not found, ignoring reply: 42efee89-99fa-4c75-b2bf-b3a1b636c7a3<-b34bc477-f594-4894-b3be-a6d4c994fd70#29:OK,SUCCESS,nextIndex:2,term:2,followerCommit:0
2019-08-29 11:55:18,740 [grpc-default-executor-0] WARN  server.GrpcLogAppender (GrpcLogAppender.java:onNextImpl(250)) - org.apache.ratis.grpc.server.GrpcLogAppender$AppendLogResponseHandler@81b954a: Request not found, ignoring reply: 42efee89-99fa-4c75-b2bf-b3a1b636c7a3<-b34bc477-f594-4894-b3be-a6d4c994fd70#30:OK,SUCCESS,nextIndex:2,term:2,followerCommit:0
2019-08-29 11:55:18,740 [grpc-default-executor-0] WARN  server.GrpcLogAppender (GrpcLogAppender.java:onNextImpl(250)) - org.apache.ratis.grpc.server.GrpcLogAppender$AppendLogResponseHandler@81b954a: Request not found, ignoring reply: 42efee89-99fa-4c75-b2bf-b3a1b636c7a3<-b34bc477-f594-4894-b3be-a6d4c994fd70#31:OK,SUCCESS,nextIndex:2,term:2,followerCommit:0
2019-08-29 11:55:18,741 [grpc-default-executor-0] WARN  server.GrpcLogAppender (GrpcLogAppender.java:onNextImpl(250)) - org.apache.ratis.grpc.server.GrpcLogAppender$AppendLogResponseHandler@81b954a: Request not found, ignoring reply: 42efee89-99fa-4c75-b2bf-b3a1b636c7a3<-b34bc477-f594-4894-b3be-a6d4c994fd70#32:OK,SUCCESS,nextIndex:2,term:2,followerCommit:0
2019-08-29 11:55:18,741 [grpc-default-executor-0] WARN  server.GrpcLogAppender (GrpcLogAppender.java:onNextImpl(250)) - org.apache.ratis.grpc.server.GrpcLogAppender$AppendLogResponseHandler@81b954a: Request not found, ignoring reply: 42efee89-99fa-4c75-b2bf-b3a1b636c7a3<-b34bc477-f594-4894-b3be-a6d4c994fd70#33:OK,SUCCESS,nextIndex:2,term:2,followerCommit:0
2019-08-29 11:55:18,741 [grpc-default-executor-0] WARN  server.GrpcLogAppender (GrpcLogAppender.java:onNextImpl(250)) - org.apache.ratis.grpc.server.GrpcLogAppender$AppendLogResponseHandler@81b954a: Request not found, ignoring reply: 42efee89-99fa-4c75-b2bf-b3a1b636c7a3<-b34bc477-f594-4894-b3be-a6d4c994fd70#34:OK,SUCCESS,nextIndex:2,term:2,followerCommit:0
2019-08-29 11:55:18,746 [grpc-default-executor-0] WARN  server.GrpcLogAppender (GrpcLogAppender.java:onNextImpl(250)) - org.apache.ratis.grpc.server.GrpcLogAppender$AppendLogResponseHandler@81b954a: Request not found, ignoring reply: 42efee89-99fa-4c75-b2bf-b3a1b636c7a3<-b34bc477-f594-4894-b3be-a6d4c994fd70#35:OK,SUCCESS,nextIndex:2,term:2,followerCommit:0
2019-08-29 11:55:18,746 [grpc-default-executor-0] WARN  server.GrpcLogAppender (GrpcLogAppender.java:onNextImpl(250)) - org.apache.ratis.grpc.server.GrpcLogAppender$AppendLogResponseHandler@81b954a: Request not found, ignoring reply: 42efee89-99fa-4c75-b2bf-b3a1b636c7a3<-b34bc477-f594-4894-b3be-a6d4c994fd70#36:OK,SUCCESS,nextIndex:2,term:2,followerCommit:0
2019-08-29 11:55:18,746 [grpc-default-executor-0] WARN  server.GrpcLogAppender (GrpcLogAppender.java:onNextImpl(250)) - org.apache.ratis.grpc.server.GrpcLogAppender$AppendLogResponseHandler@81b954a: Request not found, ignoring reply: 42efee89-99fa-4c75-b2bf-b3a1b636c7a3<-b34bc477-f594-4894-b3be-a6d4c994fd70#37:OK,SUCCESS,nextIndex:2,term:2,followerCommit:0
2019-08-29 11:55:18,751 [grpc-default-executor-0] WARN  server.GrpcLogAppender (GrpcLogAppender.java:onNextImpl(250)) - org.apache.ratis.grpc.server.GrpcLogAppender$AppendLogResponseHandler@81b954a: Request not found, ignoring reply: 42efee89-99fa-4c75-b2bf-b3a1b636c7a3<-b34bc477-f594-4894-b3be-a6d4c994fd70#38:OK,SUCCESS,nextIndex:2,term:2,followerCommit:0
2019-08-29 11:55:18,751 [grpc-default-executor-0] WARN  server.GrpcLogAppender (GrpcLogAppender.java:onNextImpl(250)) - org.apache.ratis.grpc.server.GrpcLogAppender$AppendLogResponseHandler@81b954a: Request not found, ignoring reply: 42efee89-99fa-4c75-b2bf-b3a1b636c7a3<-b34bc477-f594-4894-b3be-a6d4c994fd70#39:OK,SUCCESS,nextIndex:2,term:2,followerCommit:0
2019-08-29 11:55:18,751 [grpc-default-executor-0] WARN  server.GrpcLogAppender (GrpcLogAppender.java:onNextImpl(250)) - org.apache.ratis.grpc.server.GrpcLogAppender$AppendLogResponseHandler@81b954a: Request not found, ignoring reply: 42efee89-99fa-4c75-b2bf-b3a1b636c7a3<-b34bc477-f594-4894-b3be-a6d4c994fd70#40:OK,SUCCESS,nextIndex:2,term:2,followerCommit:0
2019-08-29 11:55:18,751 [grpc-default-executor-0] WARN  server.GrpcLogAppender (GrpcLogAppender.java:onNextImpl(250)) - org.apache.ratis.grpc.server.GrpcLogAppender$AppendLogResponseHandler@81b954a: Request not found, ignoring reply: 42efee89-99fa-4c75-b2bf-b3a1b636c7a3<-b34bc477-f594-4894-b3be-a6d4c994fd70#41:OK,SUCCESS,nextIndex:2,term:2,followerCommit:0
2019-08-29 11:55:18,752 [grpc-default-executor-0] WARN  server.GrpcLogAppender (GrpcLogAppender.java:onNextImpl(250)) - org.apache.ratis.grpc.server.GrpcLogAppender$AppendLogResponseHandler@81b954a: Request not found, ignoring reply: 42efee89-99fa-4c75-b2bf-b3a1b636c7a3<-b34bc477-f594-4894-b3be-a6d4c994fd70#42:OK,SUCCESS,nextIndex:2,term:2,followerCommit:0
2019-08-29 11:55:18,752 [grpc-default-executor-0] WARN  server.GrpcLogAppender (GrpcLogAppender.java:onNextImpl(250)) - org.apache.ratis.grpc.server.GrpcLogAppender$AppendLogResponseHandler@81b954a: Request not found, ignoring reply: 42efee89-99fa-4c75-b2bf-b3a1b636c7a3<-b34bc477-f594-4894-b3be-a6d4c994fd70#43:OK,SUCCESS,nextIndex:2,term:2,followerCommit:0
2019-08-29 11:55:18,752 [grpc-default-executor-0] WARN  server.GrpcLogAppender (GrpcLogAppender.java:onNextImpl(250)) - org.apache.ratis.grpc.server.GrpcLogAppender$AppendLogResponseHandler@81b954a: Request not found, ignoring reply: 42efee89-99fa-4c75-b2bf-b3a1b636c7a3<-b34bc477-f594-4894-b3be-a6d4c994fd70#44:OK,SUCCESS,nextIndex:2,term:2,followerCommit:0
2019-08-29 11:55:18,753 [grpc-default-executor-0] WARN  server.GrpcLogAppender (GrpcLogAppender.java:onNextImpl(250)) - org.apache.ratis.grpc.server.GrpcLogAppender$AppendLogResponseHandler@81b954a: Request not found, ignoring reply: 42efee89-99fa-4c75-b2bf-b3a1b636c7a3<-b34bc477-f594-4894-b3be-a6d4c994fd70#45:OK,SUCCESS,nextIndex:2,term:2,followerCommit:0
2019-08-29 11:55:18,753 [grpc-default-executor-0] WARN  server.GrpcLogAppender (GrpcLogAppender.java:onNextImpl(250)) - org.apache.ratis.grpc.server.GrpcLogAppender$AppendLogResponseHandler@81b954a: Request not found, ignoring reply: 42efee89-99fa-4c75-b2bf-b3a1b636c7a3<-b34bc477-f594-4894-b3be-a6d4c994fd70#46:OK,SUCCESS,nextIndex:2,term:2,followerCommit:0
2019-08-29 11:55:18,753 [grpc-default-executor-0] WARN  server.GrpcLogAppender (GrpcLogAppender.java:onNextImpl(250)) - org.apache.ratis.grpc.server.GrpcLogAppender$AppendLogResponseHandler@81b954a: Request not found, ignoring reply: 42efee89-99fa-4c75-b2bf-b3a1b636c7a3<-b34bc477-f594-4894-b3be-a6d4c994fd70#47:OK,SUCCESS,nextIndex:2,term:2,followerCommit:0
2019-08-29 11:55:18,753 [grpc-default-executor-0] WARN  server.GrpcLogAppender (GrpcLogAppender.java:onNextImpl(250)) - org.apache.ratis.grpc.server.GrpcLogAppender$AppendLogResponseHandler@81b954a: Request not found, ignoring reply: 42efee89-99fa-4c75-b2bf-b3a1b636c7a3<-b34bc477-f594-4894-b3be-a6d4c994fd70#48:OK,SUCCESS,nextIndex:2,term:2,followerCommit:0
2019-08-29 11:55:18,754 [grpc-default-executor-0] WARN  server.GrpcLogAppender (GrpcLogAppender.java:onNextImpl(250)) - org.apache.ratis.grpc.server.GrpcLogAppender$AppendLogResponseHandler@81b954a: Request not found, ignoring reply: 42efee89-99fa-4c75-b2bf-b3a1b636c7a3<-b34bc477-f594-4894-b3be-a6d4c994fd70#49:OK,SUCCESS,nextIndex:2,term:2,followerCommit:0
2019-08-29 11:55:18,754 [grpc-default-executor-0] WARN  server.GrpcLogAppender (GrpcLogAppender.java:onNextImpl(250)) - org.apache.ratis.grpc.server.GrpcLogAppender$AppendLogResponseHandler@81b954a: Request not found, ignoring reply: 42efee89-99fa-4c75-b2bf-b3a1b636c7a3<-b34bc477-f594-4894-b3be-a6d4c994fd70#50:OK,SUCCESS,nextIndex:2,term:2,followerCommit:0
2019-08-29 11:55:18,754 [grpc-default-executor-0] WARN  server.GrpcLogAppender (GrpcLogAppender.java:onNextImpl(250)) - org.apache.ratis.grpc.server.GrpcLogAppender$AppendLogResponseHandler@81b954a: Request not found, ignoring reply: 42efee89-99fa-4c75-b2bf-b3a1b636c7a3<-b34bc477-f594-4894-b3be-a6d4c994fd70#51:OK,SUCCESS,nextIndex:2,term:2,followerCommit:0
2019-08-29 11:55:18,754 [grpc-default-executor-0] WARN  server.GrpcLogAppender (GrpcLogAppender.java:onNextImpl(250)) - org.apache.ratis.grpc.server.GrpcLogAppender$AppendLogResponseHandler@81b954a: Request not found, ignoring reply: 42efee89-99fa-4c75-b2bf-b3a1b636c7a3<-b34bc477-f594-4894-b3be-a6d4c994fd70#52:OK,SUCCESS,nextIndex:2,term:2,followerCommit:0
2019-08-29 11:55:18,754 [grpc-default-executor-0] WARN  server.GrpcLogAppender (GrpcLogAppender.java:onNextImpl(250)) - org.apache.ratis.grpc.server.GrpcLogAppender$AppendLogResponseHandler@81b954a: Request not found, ignoring reply: 42efee89-99fa-4c75-b2bf-b3a1b636c7a3<-b34bc477-f594-4894-b3be-a6d4c994fd70#53:OK,SUCCESS,nextIndex:2,term:2,followerCommit:0
2019-08-29 11:55:18,755 [grpc-default-executor-0] WARN  server.GrpcLogAppender (GrpcLogAppender.java:onNextImpl(250)) - org.apache.ratis.grpc.server.GrpcLogAppender$AppendLogResponseHandler@81b954a: Request not found, ignoring reply: 42efee89-99fa-4c75-b2bf-b3a1b636c7a3<-b34bc477-f594-4894-b3be-a6d4c994fd70#54:OK,SUCCESS,nextIndex:2,term:2,followerCommit:0
2019-08-29 11:55:18,755 [grpc-default-executor-0] WARN  server.GrpcLogAppender (GrpcLogAppender.java:onNextImpl(250)) - org.apache.ratis.grpc.server.GrpcLogAppender$AppendLogResponseHandler@81b954a: Request not found, ignoring reply: 42efee89-99fa-4c75-b2bf-b3a1b636c7a3<-b34bc477-f594-4894-b3be-a6d4c994fd70#55:OK,SUCCESS,nextIndex:2,term:2,followerCommit:0
2019-08-29 11:55:18,756 [grpc-default-executor-0] WARN  server.GrpcLogAppender (GrpcLogAppender.java:onNextImpl(250)) - org.apache.ratis.grpc.server.GrpcLogAppender$AppendLogResponseHandler@81b954a: Request not found, ignoring reply: 42efee89-99fa-4c75-b2bf-b3a1b636c7a3<-b34bc477-f594-4894-b3be-a6d4c994fd70#56:OK,SUCCESS,nextIndex:2,term:2,followerCommit:0
2019-08-29 11:55:18,756 [grpc-default-executor-0] WARN  server.GrpcLogAppender (GrpcLogAppender.java:onNextImpl(250)) - org.apache.ratis.grpc.server.GrpcLogAppender$AppendLogResponseHandler@81b954a: Request not found, ignoring reply: 42efee89-99fa-4c75-b2bf-b3a1b636c7a3<-b34bc477-f594-4894-b3be-a6d4c994fd70#57:OK,SUCCESS,nextIndex:2,term:2,followerCommit:0
2019-08-29 11:55:18,756 [grpc-default-executor-0] WARN  server.GrpcLogAppender (GrpcLogAppender.java:onNextImpl(250)) - org.apache.ratis.grpc.server.GrpcLogAppender$AppendLogResponseHandler@81b954a: Request not found, ignoring reply: 42efee89-99fa-4c75-b2bf-b3a1b636c7a3<-b34bc477-f594-4894-b3be-a6d4c994fd70#58:OK,SUCCESS,nextIndex:2,term:2,followerCommit:0
2019-08-29 11:55:18,768 [grpc-default-executor-0] WARN  server.GrpcLogAppender (GrpcLogAppender.java:onNextImpl(250)) - org.apache.ratis.grpc.server.GrpcLogAppender$AppendLogResponseHandler@81b954a: Request not found, ignoring reply: 42efee89-99fa-4c75-b2bf-b3a1b636c7a3<-b34bc477-f594-4894-b3be-a6d4c994fd70#59:OK,SUCCESS,nextIndex:2,term:2,followerCommit:0
2019-08-29 11:55:18,768 [grpc-default-executor-0] WARN  server.GrpcLogAppender (GrpcLogAppender.java:onNextImpl(250)) - org.apache.ratis.grpc.server.GrpcLogAppender$AppendLogResponseHandler@81b954a: Request not found, ignoring reply: 42efee89-99fa-4c75-b2bf-b3a1b636c7a3<-b34bc477-f594-4894-b3be-a6d4c994fd70#60:OK,SUCCESS,nextIndex:2,term:2,followerCommit:0
2019-08-29 11:55:18,768 [grpc-default-executor-0] WARN  server.GrpcLogAppender (GrpcLogAppender.java:onNextImpl(250)) - org.apache.ratis.grpc.server.GrpcLogAppender$AppendLogResponseHandler@81b954a: Request not found, ignoring reply: 42efee89-99fa-4c75-b2bf-b3a1b636c7a3<-b34bc477-f594-4894-b3be-a6d4c994fd70#61:OK,SUCCESS,nextIndex:2,term:2,followerCommit:0
2019-08-29 11:55:18,769 [grpc-default-executor-0] WARN  server.GrpcLogAppender (GrpcLogAppender.java:onNextImpl(250)) - org.apache.ratis.grpc.server.GrpcLogAppender$AppendLogResponseHandler@81b954a: Request not found, ignoring reply: 42efee89-99fa-4c75-b2bf-b3a1b636c7a3<-b34bc477-f594-4894-b3be-a6d4c994fd70#62:OK,SUCCESS,nextIndex:2,term:2,followerCommit:0
2019-08-29 11:55:18,769 [grpc-default-executor-0] WARN  server.GrpcLogAppender (GrpcLogAppender.java:onNextImpl(250)) - org.apache.ratis.grpc.server.GrpcLogAppender$AppendLogResponseHandler@81b954a: Request not found, ignoring reply: 42efee89-99fa-4c75-b2bf-b3a1b636c7a3<-b34bc477-f594-4894-b3be-a6d4c994fd70#63:OK,SUCCESS,nextIndex:2,term:2,followerCommit:0
2019-08-29 11:55:18,769 [grpc-default-executor-0] WARN  server.GrpcLogAppender (GrpcLogAppender.java:onNextImpl(250)) - org.apache.ratis.grpc.server.GrpcLogAppender$AppendLogResponseHandler@81b954a: Request not found, ignoring reply: 42efee89-99fa-4c75-b2bf-b3a1b636c7a3<-b34bc477-f594-4894-b3be-a6d4c994fd70#64:OK,SUCCESS,nextIndex:2,term:2,followerCommit:0
2019-08-29 11:55:18,769 [grpc-default-executor-0] WARN  server.GrpcLogAppender (GrpcLogAppender.java:onNextImpl(250)) - org.apache.ratis.grpc.server.GrpcLogAppender$AppendLogResponseHandler@81b954a: Request not found, ignoring reply: 42efee89-99fa-4c75-b2bf-b3a1b636c7a3<-b34bc477-f594-4894-b3be-a6d4c994fd70#65:OK,SUCCESS,nextIndex:2,term:2,followerCommit:0
2019-08-29 11:55:18,770 | INFO  | DNAudit | user=null | ip=null | op=WRITE_CHUNK {blockData=conID: 3 locID: 102700133885542403 bcsId: 0} | ret=SUCCESS |  
2019-08-29 11:55:18,770 [grpc-default-executor-0] WARN  server.GrpcLogAppender (GrpcLogAppender.java:onNextImpl(250)) - org.apache.ratis.grpc.server.GrpcLogAppender$AppendLogResponseHandler@81b954a: Request not found, ignoring reply: 42efee89-99fa-4c75-b2bf-b3a1b636c7a3<-b34bc477-f594-4894-b3be-a6d4c994fd70#66:OK,SUCCESS,nextIndex:2,term:2,followerCommit:0
2019-08-29 11:55:18,770 [grpc-default-executor-0] WARN  server.GrpcLogAppender (GrpcLogAppender.java:onNextImpl(250)) - org.apache.ratis.grpc.server.GrpcLogAppender$AppendLogResponseHandler@81b954a: Request not found, ignoring reply: 42efee89-99fa-4c75-b2bf-b3a1b636c7a3<-b34bc477-f594-4894-b3be-a6d4c994fd70#67:OK,SUCCESS,nextIndex:2,term:2,followerCommit:0
2019-08-29 11:55:18,820 | INFO  | DNAudit | user=null | ip=null | op=WRITE_CHUNK {blockData=conID: 3 locID: 102700133885542403 bcsId: 0} | ret=SUCCESS |  
2019-08-29 11:55:18,851 | INFO  | SCMAudit | user=jenkins1000 | ip=192.168.5.166 | op=SEND_HEARTBEAT {datanodeUUID=07dabde0-c17e-46ed-9a55-144838a04ea2, command=[]} | ret=SUCCESS |  
2019-08-29 11:55:18,965 [java.util.concurrent.ThreadPoolExecutor$Worker@4921c90b[State = -1, empty queue]] WARN  server.GrpcLogAppender (GrpcLogAppender.java:timeoutAppendRequest(200)) - GrpcLogAppender(7c3dea4a-666f-498f-b3ec-37d2b2f2aea0->03953c42-7b85-4ce6-8578-61fc97f729cc): appendEntries Timeout, request=7c3dea4a-666f-498f-b3ec-37d2b2f2aea0->03953c42-7b85-4ce6-8578-61fc97f729cc#70-t1, previous=(t:1, i:1), leaderCommit=0, initializing? false, entries: <empty>
2019-08-29 11:55:18,965 [java.util.concurrent.ThreadPoolExecutor$Worker@7085d04d[State = -1, empty queue]] WARN  server.GrpcLogAppender (GrpcLogAppender.java:timeoutAppendRequest(200)) - GrpcLogAppender(7c3dea4a-666f-498f-b3ec-37d2b2f2aea0->eec05b1d-f4e8-4418-a60c-420e12deef9f): appendEntries Timeout, request=7c3dea4a-666f-498f-b3ec-37d2b2f2aea0->eec05b1d-f4e8-4418-a60c-420e12deef9f#71-t1, previous=(t:1, i:1), leaderCommit=0, initializing? false, entries: <empty>
2019-08-29 11:55:18,967 | INFO  | SCMAudit | user=jenkins1000 | ip=192.168.5.166 | op=SEND_HEARTBEAT {datanodeUUID=4a332945-53dc-4c0b-b910-cfaf195ac63d, command=[]} | ret=SUCCESS |  
2019-08-29 11:55:19,118 | INFO  | SCMAudit | user=jenkins1000 | ip=192.168.5.166 | op=SEND_HEARTBEAT {datanodeUUID=b34bc477-f594-4894-b3be-a6d4c994fd70, command=[]} | ret=SUCCESS |  
2019-08-29 11:55:19,118 | INFO  | SCMAudit | user=jenkins1000 | ip=192.168.5.166 | op=SEND_HEARTBEAT {datanodeUUID=920b05f1-a92b-459a-a000-361715d4ee3d, command=[]} | ret=SUCCESS |  
2019-08-29 11:55:19,118 | INFO  | SCMAudit | user=jenkins1000 | ip=192.168.5.166 | op=SEND_HEARTBEAT {datanodeUUID=42efee89-99fa-4c75-b2bf-b3a1b636c7a3, command=[]} | ret=SUCCESS |  
2019-08-29 11:55:19,407 | INFO  | SCMAudit | user=jenkins1000 | ip=192.168.5.166 | op=SEND_HEARTBEAT {datanodeUUID=e5b95ce0-1250-4c31-97f6-119a472050cb, command=[]} | ret=SUCCESS |  
2019-08-29 11:55:19,408 | INFO  | SCMAudit | user=jenkins1000 | ip=192.168.5.166 | op=SEND_HEARTBEAT {datanodeUUID=03953c42-7b85-4ce6-8578-61fc97f729cc, command=[]} | ret=SUCCESS |  
2019-08-29 11:55:19,426 | INFO  | SCMAudit | user=jenkins1000 | ip=192.168.5.166 | op=SEND_HEARTBEAT {datanodeUUID=7c3dea4a-666f-498f-b3ec-37d2b2f2aea0, command=[]} | ret=SUCCESS |  
2019-08-29 11:55:19,465 [java.util.concurrent.ThreadPoolExecutor$Worker@4921c90b[State = -1, empty queue]] WARN  server.GrpcLogAppender (GrpcLogAppender.java:timeoutAppendRequest(200)) - GrpcLogAppender(7c3dea4a-666f-498f-b3ec-37d2b2f2aea0->03953c42-7b85-4ce6-8578-61fc97f729cc): appendEntries Timeout, request=7c3dea4a-666f-498f-b3ec-37d2b2f2aea0->03953c42-7b85-4ce6-8578-61fc97f729cc#71-t1, previous=(t:1, i:1), leaderCommit=0, initializing? false, entries: <empty>
2019-08-29 11:55:19,465 [java.util.concurrent.ThreadPoolExecutor$Worker@7085d04d[State = -1, empty queue]] WARN  server.GrpcLogAppender (GrpcLogAppender.java:timeoutAppendRequest(200)) - GrpcLogAppender(7c3dea4a-666f-498f-b3ec-37d2b2f2aea0->eec05b1d-f4e8-4418-a60c-420e12deef9f): appendEntries Timeout, request=7c3dea4a-666f-498f-b3ec-37d2b2f2aea0->eec05b1d-f4e8-4418-a60c-420e12deef9f#72-t1, previous=(t:1, i:1), leaderCommit=0, initializing? false, entries: <empty>
2019-08-29 11:55:19,470 | INFO  | SCMAudit | user=jenkins1000 | ip=192.168.5.166 | op=SEND_HEARTBEAT {datanodeUUID=eec05b1d-f4e8-4418-a60c-420e12deef9f, command=[]} | ret=SUCCESS |  
2019-08-29 11:55:19,590 | INFO  | SCMAudit | user=jenkins1000 | ip=192.168.5.166 | op=SEND_HEARTBEAT {datanodeUUID=bd7d2b3e-70a9-4c18-9e48-3057ca72b747, command=[]} | ret=SUCCESS |  
2019-08-29 11:55:19,851 | INFO  | SCMAudit | user=jenkins1000 | ip=192.168.5.166 | op=SEND_HEARTBEAT {datanodeUUID=07dabde0-c17e-46ed-9a55-144838a04ea2, command=[]} | ret=SUCCESS |  
2019-08-29 11:55:19,966 [java.util.concurrent.ThreadPoolExecutor$Worker@7085d04d[State = -1, empty queue]] WARN  server.GrpcLogAppender (GrpcLogAppender.java:timeoutAppendRequest(200)) - GrpcLogAppender(7c3dea4a-666f-498f-b3ec-37d2b2f2aea0->eec05b1d-f4e8-4418-a60c-420e12deef9f): appendEntries Timeout, request=7c3dea4a-666f-498f-b3ec-37d2b2f2aea0->eec05b1d-f4e8-4418-a60c-420e12deef9f#73-t1, previous=(t:1, i:1), leaderCommit=0, initializing? false, entries: <empty>
2019-08-29 11:55:19,966 [java.util.concurrent.ThreadPoolExecutor$Worker@4921c90b[State = -1, empty queue]] WARN  server.GrpcLogAppender (GrpcLogAppender.java:timeoutAppendRequest(200)) - GrpcLogAppender(7c3dea4a-666f-498f-b3ec-37d2b2f2aea0->03953c42-7b85-4ce6-8578-61fc97f729cc): appendEntries Timeout, request=7c3dea4a-666f-498f-b3ec-37d2b2f2aea0->03953c42-7b85-4ce6-8578-61fc97f729cc#72-t1, previous=(t:1, i:1), leaderCommit=0, initializing? false, entries: <empty>
2019-08-29 11:55:19,967 | INFO  | SCMAudit | user=jenkins1000 | ip=192.168.5.166 | op=SEND_HEARTBEAT {datanodeUUID=4a332945-53dc-4c0b-b910-cfaf195ac63d, command=[]} | ret=SUCCESS |  
2019-08-29 11:55:20,119 | INFO  | SCMAudit | user=jenkins1000 | ip=192.168.5.166 | op=SEND_HEARTBEAT {datanodeUUID=920b05f1-a92b-459a-a000-361715d4ee3d, command=[]} | ret=SUCCESS |  
2019-08-29 11:55:20,119 | INFO  | SCMAudit | user=jenkins1000 | ip=192.168.5.166 | op=SEND_HEARTBEAT {datanodeUUID=42efee89-99fa-4c75-b2bf-b3a1b636c7a3, command=[]} | ret=SUCCESS |  
2019-08-29 11:55:20,119 | INFO  | SCMAudit | user=jenkins1000 | ip=192.168.5.166 | op=SEND_HEARTBEAT {datanodeUUID=b34bc477-f594-4894-b3be-a6d4c994fd70, command=[]} | ret=SUCCESS |  
2019-08-29 11:55:20,406 | INFO  | SCMAudit | user=jenkins1000 | ip=192.168.5.166 | op=SEND_HEARTBEAT {datanodeUUID=03953c42-7b85-4ce6-8578-61fc97f729cc, command=[]} | ret=SUCCESS |  
2019-08-29 11:55:20,407 | INFO  | SCMAudit | user=jenkins1000 | ip=192.168.5.166 | op=SEND_HEARTBEAT {datanodeUUID=e5b95ce0-1250-4c31-97f6-119a472050cb, command=[]} | ret=SUCCESS |  
2019-08-29 11:55:20,426 | INFO  | SCMAudit | user=jenkins1000 | ip=192.168.5.166 | op=SEND_HEARTBEAT {datanodeUUID=7c3dea4a-666f-498f-b3ec-37d2b2f2aea0, command=[]} | ret=SUCCESS |  
2019-08-29 11:55:20,467 [java.util.concurrent.ThreadPoolExecutor$Worker@4921c90b[State = -1, empty queue]] WARN  server.GrpcLogAppender (GrpcLogAppender.java:timeoutAppendRequest(200)) - GrpcLogAppender(7c3dea4a-666f-498f-b3ec-37d2b2f2aea0->03953c42-7b85-4ce6-8578-61fc97f729cc): appendEntries Timeout, request=7c3dea4a-666f-498f-b3ec-37d2b2f2aea0->03953c42-7b85-4ce6-8578-61fc97f729cc#73-t1, previous=(t:1, i:1), leaderCommit=0, initializing? false, entries: <empty>
2019-08-29 11:55:20,467 [java.util.concurrent.ThreadPoolExecutor$Worker@7085d04d[State = -1, empty queue]] WARN  server.GrpcLogAppender (GrpcLogAppender.java:timeoutAppendRequest(200)) - GrpcLogAppender(7c3dea4a-666f-498f-b3ec-37d2b2f2aea0->eec05b1d-f4e8-4418-a60c-420e12deef9f): appendEntries Timeout, request=7c3dea4a-666f-498f-b3ec-37d2b2f2aea0->eec05b1d-f4e8-4418-a60c-420e12deef9f#74-t1, previous=(t:1, i:1), leaderCommit=0, initializing? false, entries: <empty>
2019-08-29 11:55:20,470 | INFO  | SCMAudit | user=jenkins1000 | ip=192.168.5.166 | op=SEND_HEARTBEAT {datanodeUUID=eec05b1d-f4e8-4418-a60c-420e12deef9f, command=[]} | ret=SUCCESS |  
2019-08-29 11:55:20,590 | INFO  | SCMAudit | user=jenkins1000 | ip=192.168.5.166 | op=SEND_HEARTBEAT {datanodeUUID=bd7d2b3e-70a9-4c18-9e48-3057ca72b747, command=[]} | ret=SUCCESS |  
2019-08-29 11:55:20,851 | INFO  | SCMAudit | user=jenkins1000 | ip=192.168.5.166 | op=SEND_HEARTBEAT {datanodeUUID=07dabde0-c17e-46ed-9a55-144838a04ea2, command=[]} | ret=SUCCESS |  
2019-08-29 11:55:20,967 | INFO  | SCMAudit | user=jenkins1000 | ip=192.168.5.166 | op=SEND_HEARTBEAT {datanodeUUID=4a332945-53dc-4c0b-b910-cfaf195ac63d, command=[]} | ret=SUCCESS |  
2019-08-29 11:55:20,968 [java.util.concurrent.ThreadPoolExecutor$Worker@7085d04d[State = -1, empty queue]] WARN  server.GrpcLogAppender (GrpcLogAppender.java:timeoutAppendRequest(200)) - GrpcLogAppender(7c3dea4a-666f-498f-b3ec-37d2b2f2aea0->eec05b1d-f4e8-4418-a60c-420e12deef9f): appendEntries Timeout, request=7c3dea4a-666f-498f-b3ec-37d2b2f2aea0->eec05b1d-f4e8-4418-a60c-420e12deef9f#75-t1, previous=(t:1, i:1), leaderCommit=0, initializing? false, entries: <empty>
2019-08-29 11:55:20,968 [java.util.concurrent.ThreadPoolExecutor$Worker@4921c90b[State = -1, empty queue]] WARN  server.GrpcLogAppender (GrpcLogAppender.java:timeoutAppendRequest(200)) - GrpcLogAppender(7c3dea4a-666f-498f-b3ec-37d2b2f2aea0->03953c42-7b85-4ce6-8578-61fc97f729cc): appendEntries Timeout, request=7c3dea4a-666f-498f-b3ec-37d2b2f2aea0->03953c42-7b85-4ce6-8578-61fc97f729cc#74-t1, previous=(t:1, i:1), leaderCommit=0, initializing? false, entries: <empty>
2019-08-29 11:55:21,118 | INFO  | SCMAudit | user=jenkins1000 | ip=192.168.5.166 | op=SEND_HEARTBEAT {datanodeUUID=b34bc477-f594-4894-b3be-a6d4c994fd70, command=[]} | ret=SUCCESS |  
2019-08-29 11:55:21,118 | INFO  | SCMAudit | user=jenkins1000 | ip=192.168.5.166 | op=SEND_HEARTBEAT {datanodeUUID=920b05f1-a92b-459a-a000-361715d4ee3d, command=[]} | ret=SUCCESS |  
2019-08-29 11:55:21,119 | INFO  | SCMAudit | user=jenkins1000 | ip=192.168.5.166 | op=SEND_HEARTBEAT {datanodeUUID=42efee89-99fa-4c75-b2bf-b3a1b636c7a3, command=[]} | ret=SUCCESS |  
2019-08-29 11:55:21,406 | INFO  | SCMAudit | user=jenkins1000 | ip=192.168.5.166 | op=SEND_HEARTBEAT {datanodeUUID=e5b95ce0-1250-4c31-97f6-119a472050cb, command=[]} | ret=SUCCESS |  
2019-08-29 11:55:21,406 | INFO  | SCMAudit | user=jenkins1000 | ip=192.168.5.166 | op=SEND_HEARTBEAT {datanodeUUID=03953c42-7b85-4ce6-8578-61fc97f729cc, command=[]} | ret=SUCCESS |  
2019-08-29 11:55:21,427 | INFO  | SCMAudit | user=jenkins1000 | ip=192.168.5.166 | op=SEND_HEARTBEAT {datanodeUUID=7c3dea4a-666f-498f-b3ec-37d2b2f2aea0, command=[]} | ret=SUCCESS |  
2019-08-29 11:55:21,468 [java.util.concurrent.ThreadPoolExecutor$Worker@4921c90b[State = -1, empty queue]] WARN  server.GrpcLogAppender (GrpcLogAppender.java:timeoutAppendRequest(200)) - GrpcLogAppender(7c3dea4a-666f-498f-b3ec-37d2b2f2aea0->03953c42-7b85-4ce6-8578-61fc97f729cc): appendEntries Timeout, request=7c3dea4a-666f-498f-b3ec-37d2b2f2aea0->03953c42-7b85-4ce6-8578-61fc97f729cc#75-t1, previous=(t:1, i:1), leaderCommit=0, initializing? false, entries: <empty>
2019-08-29 11:55:21,468 [java.util.concurrent.ThreadPoolExecutor$Worker@7085d04d[State = -1, empty queue]] WARN  server.GrpcLogAppender (GrpcLogAppender.java:timeoutAppendRequest(200)) - GrpcLogAppender(7c3dea4a-666f-498f-b3ec-37d2b2f2aea0->eec05b1d-f4e8-4418-a60c-420e12deef9f): appendEntries Timeout, request=7c3dea4a-666f-498f-b3ec-37d2b2f2aea0->eec05b1d-f4e8-4418-a60c-420e12deef9f#76-t1, previous=(t:1, i:1), leaderCommit=0, initializing? false, entries: <empty>
2019-08-29 11:55:21,471 | INFO  | SCMAudit | user=jenkins1000 | ip=192.168.5.166 | op=SEND_HEARTBEAT {datanodeUUID=eec05b1d-f4e8-4418-a60c-420e12deef9f, command=[]} | ret=SUCCESS |  
2019-08-29 11:55:21,484 [bd7d2b3e-70a9-4c18-9e48-3057ca72b747:group-39336B115318:LeaderElection43] INFO  impl.LeaderElection (LeaderElection.java:askForVotes(181)) - bd7d2b3e-70a9-4c18-9e48-3057ca72b747:group-39336B115318:LeaderElection43: begin an election at term 11 for -1: [4a332945-53dc-4c0b-b910-cfaf195ac63d:192.168.5.166:44887, 07dabde0-c17e-46ed-9a55-144838a04ea2:192.168.5.166:46770, bd7d2b3e-70a9-4c18-9e48-3057ca72b747:192.168.5.166:45844], old=null
2019-08-29 11:55:21,484 [4a332945-53dc-4c0b-b910-cfaf195ac63d:group-39336B115318:LeaderElection42] INFO  impl.LeaderElection (LeaderElection.java:askForVotes(181)) - 4a332945-53dc-4c0b-b910-cfaf195ac63d:group-39336B115318:LeaderElection42: begin an election at term 11 for -1: [4a332945-53dc-4c0b-b910-cfaf195ac63d:192.168.5.166:44887, 07dabde0-c17e-46ed-9a55-144838a04ea2:192.168.5.166:46770, bd7d2b3e-70a9-4c18-9e48-3057ca72b747:192.168.5.166:45844], old=null
2019-08-29 11:55:21,484 [07dabde0-c17e-46ed-9a55-144838a04ea2:group-39336B115318:LeaderElection44] INFO  impl.LeaderElection (LeaderElection.java:askForVotes(181)) - 07dabde0-c17e-46ed-9a55-144838a04ea2:group-39336B115318:LeaderElection44: begin an election at term 11 for 0: [4a332945-53dc-4c0b-b910-cfaf195ac63d:192.168.5.166:44887, 07dabde0-c17e-46ed-9a55-144838a04ea2:192.168.5.166:46770, bd7d2b3e-70a9-4c18-9e48-3057ca72b747:192.168.5.166:45844], old=null
2019-08-29 11:55:21,489 [bd7d2b3e-70a9-4c18-9e48-3057ca72b747:group-39336B115318:LeaderElection43] INFO  impl.LeaderElection (LeaderElection.java:logAndReturn(56)) - bd7d2b3e-70a9-4c18-9e48-3057ca72b747:group-39336B115318:LeaderElection43: Election REJECTED; received 2 response(s) [bd7d2b3e-70a9-4c18-9e48-3057ca72b747<-4a332945-53dc-4c0b-b910-cfaf195ac63d#0:FAIL-t11, bd7d2b3e-70a9-4c18-9e48-3057ca72b747<-07dabde0-c17e-46ed-9a55-144838a04ea2#0:FAIL-t11] and 0 exception(s); bd7d2b3e-70a9-4c18-9e48-3057ca72b747:t11, leader=null, voted=bd7d2b3e-70a9-4c18-9e48-3057ca72b747, raftlog=bd7d2b3e-70a9-4c18-9e48-3057ca72b747-SegmentedRaftLog:OPENED:c-1,f-1,i0, conf=-1: [4a332945-53dc-4c0b-b910-cfaf195ac63d:192.168.5.166:44887, 07dabde0-c17e-46ed-9a55-144838a04ea2:192.168.5.166:46770, bd7d2b3e-70a9-4c18-9e48-3057ca72b747:192.168.5.166:45844], old=null
2019-08-29 11:55:21,490 [bd7d2b3e-70a9-4c18-9e48-3057ca72b747:group-39336B115318:LeaderElection43] INFO  impl.RaftServerImpl (RaftServerImpl.java:setRole(171)) - bd7d2b3e-70a9-4c18-9e48-3057ca72b747:group-39336B115318 changes role from CANDIDATE to FOLLOWER at term 11 for DISCOVERED_A_NEW_TERM
2019-08-29 11:55:21,490 [bd7d2b3e-70a9-4c18-9e48-3057ca72b747:group-39336B115318:LeaderElection43] INFO  impl.RoleInfo (RoleInfo.java:shutdownLeaderElection(134)) - bd7d2b3e-70a9-4c18-9e48-3057ca72b747: shutdown LeaderElection
2019-08-29 11:55:21,490 [bd7d2b3e-70a9-4c18-9e48-3057ca72b747:group-39336B115318:LeaderElection43] INFO  impl.RoleInfo (RoleInfo.java:updateAndGet(143)) - bd7d2b3e-70a9-4c18-9e48-3057ca72b747: start FollowerState
2019-08-29 11:55:21,490 [07dabde0-c17e-46ed-9a55-144838a04ea2:group-39336B115318:LeaderElection44] INFO  impl.LeaderElection (LeaderElection.java:logAndReturn(56)) - 07dabde0-c17e-46ed-9a55-144838a04ea2:group-39336B115318:LeaderElection44: Election REJECTED; received 2 response(s) [07dabde0-c17e-46ed-9a55-144838a04ea2<-4a332945-53dc-4c0b-b910-cfaf195ac63d#0:FAIL-t11, 07dabde0-c17e-46ed-9a55-144838a04ea2<-bd7d2b3e-70a9-4c18-9e48-3057ca72b747#0:FAIL-t11] and 0 exception(s); 07dabde0-c17e-46ed-9a55-144838a04ea2:t11, leader=null, voted=07dabde0-c17e-46ed-9a55-144838a04ea2, raftlog=07dabde0-c17e-46ed-9a55-144838a04ea2-SegmentedRaftLog:OPENED:c-1,f0,i0, conf=0: [4a332945-53dc-4c0b-b910-cfaf195ac63d:192.168.5.166:44887, 07dabde0-c17e-46ed-9a55-144838a04ea2:192.168.5.166:46770, bd7d2b3e-70a9-4c18-9e48-3057ca72b747:192.168.5.166:45844], old=null
2019-08-29 11:55:21,491 [07dabde0-c17e-46ed-9a55-144838a04ea2:group-39336B115318:LeaderElection44] INFO  impl.RaftServerImpl (RaftServerImpl.java:setRole(171)) - 07dabde0-c17e-46ed-9a55-144838a04ea2:group-39336B115318 changes role from CANDIDATE to FOLLOWER at term 11 for DISCOVERED_A_NEW_TERM
2019-08-29 11:55:21,491 [07dabde0-c17e-46ed-9a55-144838a04ea2:group-39336B115318:LeaderElection44] INFO  impl.RoleInfo (RoleInfo.java:shutdownLeaderElection(134)) - 07dabde0-c17e-46ed-9a55-144838a04ea2: shutdown LeaderElection
2019-08-29 11:55:21,491 [4a332945-53dc-4c0b-b910-cfaf195ac63d:group-39336B115318:LeaderElection42] INFO  impl.LeaderElection (LeaderElection.java:logAndReturn(56)) - 4a332945-53dc-4c0b-b910-cfaf195ac63d:group-39336B115318:LeaderElection42: Election REJECTED; received 2 response(s) [4a332945-53dc-4c0b-b910-cfaf195ac63d<-07dabde0-c17e-46ed-9a55-144838a04ea2#0:FAIL-t11, 4a332945-53dc-4c0b-b910-cfaf195ac63d<-bd7d2b3e-70a9-4c18-9e48-3057ca72b747#0:FAIL-t11] and 0 exception(s); 4a332945-53dc-4c0b-b910-cfaf195ac63d:t11, leader=null, voted=4a332945-53dc-4c0b-b910-cfaf195ac63d, raftlog=4a332945-53dc-4c0b-b910-cfaf195ac63d-SegmentedRaftLog:OPENED:c-1,f-1,i0, conf=-1: [4a332945-53dc-4c0b-b910-cfaf195ac63d:192.168.5.166:44887, 07dabde0-c17e-46ed-9a55-144838a04ea2:192.168.5.166:46770, bd7d2b3e-70a9-4c18-9e48-3057ca72b747:192.168.5.166:45844], old=null
2019-08-29 11:55:21,491 [07dabde0-c17e-46ed-9a55-144838a04ea2:group-39336B115318:LeaderElection44] INFO  impl.RoleInfo (RoleInfo.java:updateAndGet(143)) - 07dabde0-c17e-46ed-9a55-144838a04ea2: start FollowerState
2019-08-29 11:55:21,491 [4a332945-53dc-4c0b-b910-cfaf195ac63d:group-39336B115318:LeaderElection42] INFO  impl.RaftServerImpl (RaftServerImpl.java:setRole(171)) - 4a332945-53dc-4c0b-b910-cfaf195ac63d:group-39336B115318 changes role from CANDIDATE to FOLLOWER at term 11 for DISCOVERED_A_NEW_TERM
2019-08-29 11:55:21,491 [4a332945-53dc-4c0b-b910-cfaf195ac63d:group-39336B115318:LeaderElection42] INFO  impl.RoleInfo (RoleInfo.java:shutdownLeaderElection(134)) - 4a332945-53dc-4c0b-b910-cfaf195ac63d: shutdown LeaderElection
2019-08-29 11:55:21,492 [4a332945-53dc-4c0b-b910-cfaf195ac63d:group-39336B115318:LeaderElection42] INFO  impl.RoleInfo (RoleInfo.java:updateAndGet(143)) - 4a332945-53dc-4c0b-b910-cfaf195ac63d: start FollowerState
2019-08-29 11:55:21,591 | INFO  | SCMAudit | user=jenkins1000 | ip=192.168.5.166 | op=SEND_HEARTBEAT {datanodeUUID=bd7d2b3e-70a9-4c18-9e48-3057ca72b747, command=[]} | ret=SUCCESS |  
2019-08-29 11:55:21,852 | INFO  | SCMAudit | user=jenkins1000 | ip=192.168.5.166 | op=SEND_HEARTBEAT {datanodeUUID=07dabde0-c17e-46ed-9a55-144838a04ea2, command=[]} | ret=SUCCESS |  
2019-08-29 11:55:21,968 | INFO  | SCMAudit | user=jenkins1000 | ip=192.168.5.166 | op=SEND_HEARTBEAT {datanodeUUID=4a332945-53dc-4c0b-b910-cfaf195ac63d, command=[]} | ret=SUCCESS |  
2019-08-29 11:55:21,968 [java.util.concurrent.ThreadPoolExecutor$Worker@7085d04d[State = -1, empty queue]] WARN  server.GrpcLogAppender (GrpcLogAppender.java:timeoutAppendRequest(200)) - GrpcLogAppender(7c3dea4a-666f-498f-b3ec-37d2b2f2aea0->eec05b1d-f4e8-4418-a60c-420e12deef9f): appendEntries Timeout, request=7c3dea4a-666f-498f-b3ec-37d2b2f2aea0->eec05b1d-f4e8-4418-a60c-420e12deef9f#77-t1, previous=(t:1, i:1), leaderCommit=0, initializing? false, entries: <empty>
2019-08-29 11:55:21,968 [java.util.concurrent.ThreadPoolExecutor$Worker@4921c90b[State = -1, empty queue]] WARN  server.GrpcLogAppender (GrpcLogAppender.java:timeoutAppendRequest(200)) - GrpcLogAppender(7c3dea4a-666f-498f-b3ec-37d2b2f2aea0->03953c42-7b85-4ce6-8578-61fc97f729cc): appendEntries Timeout, request=7c3dea4a-666f-498f-b3ec-37d2b2f2aea0->03953c42-7b85-4ce6-8578-61fc97f729cc#76-t1, previous=(t:1, i:1), leaderCommit=0, initializing? false, entries: <empty>
2019-08-29 11:55:22,118 | INFO  | SCMAudit | user=jenkins1000 | ip=192.168.5.166 | op=SEND_HEARTBEAT {datanodeUUID=920b05f1-a92b-459a-a000-361715d4ee3d, command=[]} | ret=SUCCESS |  
2019-08-29 11:55:22,118 | INFO  | SCMAudit | user=jenkins1000 | ip=192.168.5.166 | op=SEND_HEARTBEAT {datanodeUUID=b34bc477-f594-4894-b3be-a6d4c994fd70, command=[]} | ret=SUCCESS |  
2019-08-29 11:55:22,119 | INFO  | SCMAudit | user=jenkins1000 | ip=192.168.5.166 | op=SEND_HEARTBEAT {datanodeUUID=42efee89-99fa-4c75-b2bf-b3a1b636c7a3, command=[]} | ret=SUCCESS |  
2019-08-29 11:55:22,406 | INFO  | SCMAudit | user=jenkins1000 | ip=192.168.5.166 | op=SEND_HEARTBEAT {datanodeUUID=03953c42-7b85-4ce6-8578-61fc97f729cc, command=[]} | ret=SUCCESS |  
2019-08-29 11:55:22,407 | INFO  | SCMAudit | user=jenkins1000 | ip=192.168.5.166 | op=SEND_HEARTBEAT {datanodeUUID=e5b95ce0-1250-4c31-97f6-119a472050cb, command=[]} | ret=SUCCESS |  
2019-08-29 11:55:22,427 | INFO  | SCMAudit | user=jenkins1000 | ip=192.168.5.166 | op=SEND_HEARTBEAT {datanodeUUID=7c3dea4a-666f-498f-b3ec-37d2b2f2aea0, command=[]} | ret=SUCCESS |  
2019-08-29 11:55:22,469 [java.util.concurrent.ThreadPoolExecutor$Worker@4921c90b[State = -1, empty queue]] WARN  server.GrpcLogAppender (GrpcLogAppender.java:timeoutAppendRequest(200)) - GrpcLogAppender(7c3dea4a-666f-498f-b3ec-37d2b2f2aea0->03953c42-7b85-4ce6-8578-61fc97f729cc): appendEntries Timeout, request=7c3dea4a-666f-498f-b3ec-37d2b2f2aea0->03953c42-7b85-4ce6-8578-61fc97f729cc#77-t1, previous=(t:1, i:1), leaderCommit=0, initializing? false, entries: <empty>
2019-08-29 11:55:22,469 [java.util.concurrent.ThreadPoolExecutor$Worker@7085d04d[State = -1, empty queue]] WARN  server.GrpcLogAppender (GrpcLogAppender.java:timeoutAppendRequest(200)) - GrpcLogAppender(7c3dea4a-666f-498f-b3ec-37d2b2f2aea0->eec05b1d-f4e8-4418-a60c-420e12deef9f): appendEntries Timeout, request=7c3dea4a-666f-498f-b3ec-37d2b2f2aea0->eec05b1d-f4e8-4418-a60c-420e12deef9f#78-t1, previous=(t:1, i:1), leaderCommit=0, initializing? false, entries: <empty>
2019-08-29 11:55:22,470 | INFO  | SCMAudit | user=jenkins1000 | ip=192.168.5.166 | op=SEND_HEARTBEAT {datanodeUUID=eec05b1d-f4e8-4418-a60c-420e12deef9f, command=[]} | ret=SUCCESS |  
2019-08-29 11:55:22,554 [Thread-926] INFO  impl.FollowerState (FollowerState.java:run(106)) - 4a332945-53dc-4c0b-b910-cfaf195ac63d:group-39336B115318 changes to CANDIDATE, lastRpcTime:1062, electionTimeout:1062ms
2019-08-29 11:55:22,554 [Thread-926] INFO  impl.RoleInfo (RoleInfo.java:shutdownFollowerState(121)) - 4a332945-53dc-4c0b-b910-cfaf195ac63d: shutdown FollowerState
2019-08-29 11:55:22,555 [Thread-926] INFO  impl.RaftServerImpl (RaftServerImpl.java:setRole(171)) - 4a332945-53dc-4c0b-b910-cfaf195ac63d:group-39336B115318 changes role from FOLLOWER to CANDIDATE at term 11 for changeToCandidate
2019-08-29 11:55:22,555 [Thread-926] INFO  impl.RoleInfo (RoleInfo.java:updateAndGet(143)) - 4a332945-53dc-4c0b-b910-cfaf195ac63d: start LeaderElection
2019-08-29 11:55:22,590 [Thread-924] INFO  impl.FollowerState (FollowerState.java:run(106)) - bd7d2b3e-70a9-4c18-9e48-3057ca72b747:group-39336B115318 changes to CANDIDATE, lastRpcTime:1099, electionTimeout:1099ms
2019-08-29 11:55:22,590 [Thread-924] INFO  impl.RoleInfo (RoleInfo.java:shutdownFollowerState(121)) - bd7d2b3e-70a9-4c18-9e48-3057ca72b747: shutdown FollowerState
2019-08-29 11:55:22,590 [Thread-924] INFO  impl.RaftServerImpl (RaftServerImpl.java:setRole(171)) - bd7d2b3e-70a9-4c18-9e48-3057ca72b747:group-39336B115318 changes role from FOLLOWER to CANDIDATE at term 11 for changeToCandidate
2019-08-29 11:55:22,590 [Thread-924] INFO  impl.RoleInfo (RoleInfo.java:updateAndGet(143)) - bd7d2b3e-70a9-4c18-9e48-3057ca72b747: start LeaderElection
2019-08-29 11:55:22,595 | INFO  | SCMAudit | user=jenkins1000 | ip=192.168.5.166 | op=SEND_HEARTBEAT {datanodeUUID=bd7d2b3e-70a9-4c18-9e48-3057ca72b747, command=[]} | ret=SUCCESS |  
2019-08-29 11:55:22,664 [Thread-925] INFO  impl.FollowerState (FollowerState.java:run(106)) - 07dabde0-c17e-46ed-9a55-144838a04ea2:group-39336B115318 changes to CANDIDATE, lastRpcTime:1172, electionTimeout:1172ms
2019-08-29 11:55:22,664 [Thread-925] INFO  impl.RoleInfo (RoleInfo.java:shutdownFollowerState(121)) - 07dabde0-c17e-46ed-9a55-144838a04ea2: shutdown FollowerState
2019-08-29 11:55:22,664 [Thread-925] INFO  impl.RaftServerImpl (RaftServerImpl.java:setRole(171)) - 07dabde0-c17e-46ed-9a55-144838a04ea2:group-39336B115318 changes role from FOLLOWER to CANDIDATE at term 11 for changeToCandidate
2019-08-29 11:55:22,664 [Thread-925] INFO  impl.RoleInfo (RoleInfo.java:updateAndGet(143)) - 07dabde0-c17e-46ed-9a55-144838a04ea2: start LeaderElection
2019-08-29 11:55:22,852 | INFO  | SCMAudit | user=jenkins1000 | ip=192.168.5.166 | op=SEND_HEARTBEAT {datanodeUUID=07dabde0-c17e-46ed-9a55-144838a04ea2, command=[]} | ret=SUCCESS |  
2019-08-29 11:55:22,969 | INFO  | SCMAudit | user=jenkins1000 | ip=192.168.5.166 | op=SEND_HEARTBEAT {datanodeUUID=4a332945-53dc-4c0b-b910-cfaf195ac63d, command=[]} | ret=SUCCESS |  
2019-08-29 11:55:22,969 [java.util.concurrent.ThreadPoolExecutor$Worker@4921c90b[State = -1, empty queue]] WARN  server.GrpcLogAppender (GrpcLogAppender.java:timeoutAppendRequest(200)) - GrpcLogAppender(7c3dea4a-666f-498f-b3ec-37d2b2f2aea0->03953c42-7b85-4ce6-8578-61fc97f729cc): appendEntries Timeout, request=7c3dea4a-666f-498f-b3ec-37d2b2f2aea0->03953c42-7b85-4ce6-8578-61fc97f729cc#78-t1, previous=(t:1, i:1), leaderCommit=0, initializing? false, entries: <empty>
2019-08-29 11:55:22,969 [java.util.concurrent.ThreadPoolExecutor$Worker@7085d04d[State = -1, empty queue]] WARN  server.GrpcLogAppender (GrpcLogAppender.java:timeoutAppendRequest(200)) - GrpcLogAppender(7c3dea4a-666f-498f-b3ec-37d2b2f2aea0->eec05b1d-f4e8-4418-a60c-420e12deef9f): appendEntries Timeout, request=7c3dea4a-666f-498f-b3ec-37d2b2f2aea0->eec05b1d-f4e8-4418-a60c-420e12deef9f#79-t1, previous=(t:1, i:1), leaderCommit=0, initializing? false, entries: <empty>
2019-08-29 11:55:23,120 | INFO  | SCMAudit | user=jenkins1000 | ip=192.168.5.166 | op=SEND_HEARTBEAT {datanodeUUID=42efee89-99fa-4c75-b2bf-b3a1b636c7a3, command=[]} | ret=SUCCESS |  
2019-08-29 11:55:23,120 | INFO  | SCMAudit | user=jenkins1000 | ip=192.168.5.166 | op=SEND_HEARTBEAT {datanodeUUID=920b05f1-a92b-459a-a000-361715d4ee3d, command=[]} | ret=SUCCESS |  
2019-08-29 11:55:23,120 | INFO  | SCMAudit | user=jenkins1000 | ip=192.168.5.166 | op=SEND_HEARTBEAT {datanodeUUID=b34bc477-f594-4894-b3be-a6d4c994fd70, command=[]} | ret=SUCCESS |  
2019-08-29 11:55:23,121 [grpc-default-executor-3] INFO  client.GrpcClientProtocolClient (GrpcClientProtocolClient.java:onNext(255)) - client-4E6D378CCEEF->eec05b1d-f4e8-4418-a60c-420e12deef9f: receive RaftClientReply:client-4E6D378CCEEF->eec05b1d-f4e8-4418-a60c-420e12deef9f@group-A160427A8A7F, cid=27, FAILED org.apache.ratis.protocol.NotLeaderException: Server eec05b1d-f4e8-4418-a60c-420e12deef9f is not the leader (7c3dea4a-666f-498f-b3ec-37d2b2f2aea0:192.168.5.166:44417). Request must be sent to leader., logIndex=0, commits[eec05b1d-f4e8-4418-a60c-420e12deef9f:c0, 03953c42-7b85-4ce6-8578-61fc97f729cc:c0, 7c3dea4a-666f-498f-b3ec-37d2b2f2aea0:c0]
2019-08-29 11:55:23,134 [main] WARN  io.KeyOutputStream (KeyOutputStream.java:handleException(276)) - Encountered exception java.io.IOException: Unexpected Storage Container Exception: java.util.concurrent.CompletionException: java.util.concurrent.CompletionException: org.apache.ratis.protocol.RaftRetryFailureException: Failed RaftClientRequest:client-4E6D378CCEEF->eec05b1d-f4e8-4418-a60c-420e12deef9f@group-A160427A8A7F, cid=27, seq=1*, RW, org.apache.hadoop.hdds.scm.XceiverClientRatis$$Lambda$428/1903856246@2dd2c0fd for 10 attempts with RetryLimited(maxAttempts=10, sleepTime=1000ms) on the pipeline Pipeline[ Id: 3e734320-d6b4-447e-b544-a160427a8a7f, Nodes: 03953c42-7b85-4ce6-8578-61fc97f729cc{ip: 192.168.5.166, host: pr-hdds-2030-qplxq-3692370286, networkLocation: /default-rack, certSerialId: null}7c3dea4a-666f-498f-b3ec-37d2b2f2aea0{ip: 192.168.5.166, host: pr-hdds-2030-qplxq-3692370286, networkLocation: /default-rack, certSerialId: null}eec05b1d-f4e8-4418-a60c-420e12deef9f{ip: 192.168.5.166, host: pr-hdds-2030-qplxq-3692370286, networkLocation: /default-rack, certSerialId: null}, Type:RATIS, Factor:THREE, State:OPEN]. The last committed block length is 0, uncommitted data length is 2097152 retry count 2
2019-08-29 11:55:23,168 [IPC Server handler 2 on 42514] WARN  block.BlockManagerImpl (BlockManagerImpl.java:allocateBlock(192)) - Pipeline creation failed for type:RATIS factor:THREE. Retrying get pipelines call once.
org.apache.hadoop.hdds.scm.pipeline.InsufficientDatanodesException: Cannot create pipeline of factor 3 using 1 nodes.
	at org.apache.hadoop.hdds.scm.pipeline.RatisPipelineProvider.create(RatisPipelineProvider.java:151)
	at org.apache.hadoop.hdds.scm.pipeline.PipelineFactory.create(PipelineFactory.java:57)
	at org.apache.hadoop.hdds.scm.pipeline.SCMPipelineManager.createPipeline(SCMPipelineManager.java:149)
	at org.apache.hadoop.hdds.scm.block.BlockManagerImpl.allocateBlock(BlockManagerImpl.java:190)
	at org.apache.hadoop.hdds.scm.server.SCMBlockProtocolServer.allocateBlock(SCMBlockProtocolServer.java:175)
	at org.apache.hadoop.ozone.protocolPB.ScmBlockLocationProtocolServerSideTranslatorPB.allocateScmBlock(ScmBlockLocationProtocolServerSideTranslatorPB.java:153)
	at org.apache.hadoop.ozone.protocolPB.ScmBlockLocationProtocolServerSideTranslatorPB.send(ScmBlockLocationProtocolServerSideTranslatorPB.java:112)
	at org.apache.hadoop.hdds.protocol.proto.ScmBlockLocationProtocolProtos$ScmBlockLocationProtocolService$2.callBlockingMethod(ScmBlockLocationProtocolProtos.java:13157)
	at org.apache.hadoop.ipc.ProtobufRpcEngine$Server$ProtoBufRpcInvoker.call(ProtobufRpcEngine.java:524)
	at org.apache.hadoop.ipc.RPC$Server.call(RPC.java:1025)
	at org.apache.hadoop.ipc.Server$RpcCall.run(Server.java:876)
	at org.apache.hadoop.ipc.Server$RpcCall.run(Server.java:822)
	at java.security.AccessController.doPrivileged(Native Method)
	at javax.security.auth.Subject.doAs(Subject.java:422)
	at org.apache.hadoop.security.UserGroupInformation.doAs(UserGroupInformation.java:1730)
	at org.apache.hadoop.ipc.Server$Handler.run(Server.java:2682)
2019-08-29 11:55:23,170 [IPC Server handler 2 on 42514] INFO  block.BlockManagerImpl (BlockManagerImpl.java:allocateBlock(198)) - Could not find available pipeline of type:RATIS and factor:THREE even after retrying
2019-08-29 11:55:23,170 [IPC Server handler 2 on 42514] ERROR block.BlockManagerImpl (BlockManagerImpl.java:allocateBlock(222)) - Unable to allocate a block for the size: 4194304, type: RATIS, factor: THREE
2019-08-29 11:55:23,170 | INFO  | SCMAudit | user=jenkins1000 | ip=192.168.5.166 | op=ALLOCATE_BLOCK {owner=9c39367d-6793-4941-8eb6-688d87471bfe, size=4194304, type=RATIS, factor=THREE} | ret=SUCCESS |  
2019-08-29 11:55:23,173 | ERROR | OMAudit | user=jenkins1000 | ip=127.0.0.1 | op=ALLOCATE_BLOCK {volume=datanodefailurehandlingtest, bucket=datanodefailurehandlingtest, key=b9bb63e5-2c13-43dd-9929-a50644a51375, dataSize=0, replicationType=null, replicationFactor=null, keyLocationInfo=null, clientID=102700133857492992} | ret=FAILURE | org.apache.hadoop.hdds.scm.exceptions.SCMException: Allocated 0 blocks. Requested 1 blocks
	at org.apache.hadoop.hdds.scm.protocolPB.ScmBlockLocationProtocolClientSideTranslatorPB.handleError(ScmBlockLocationProtocolClientSideTranslatorPB.java:118)
	at org.apache.hadoop.hdds.scm.protocolPB.ScmBlockLocationProtocolClientSideTranslatorPB.allocateBlock(ScmBlockLocationProtocolClientSideTranslatorPB.java:156) 
2019-08-29 11:55:23,178 [main] ERROR io.BlockOutputStreamEntryPool (BlockOutputStreamEntryPool.java:allocateBlockIfNeeded(299)) - Try to allocate more blocks for write failed, already allocated 0 blocks for this write.
INTERNAL_ERROR org.apache.hadoop.ozone.om.exceptions.OMException: Allocated 0 blocks. Requested 1 blocks
	at org.apache.hadoop.ozone.om.protocolPB.OzoneManagerProtocolClientSideTranslatorPB.handleError(OzoneManagerProtocolClientSideTranslatorPB.java:725)
	at org.apache.hadoop.ozone.om.protocolPB.OzoneManagerProtocolClientSideTranslatorPB.allocateBlock(OzoneManagerProtocolClientSideTranslatorPB.java:757)
	at org.apache.hadoop.ozone.client.io.BlockOutputStreamEntryPool.allocateNewBlock(BlockOutputStreamEntryPool.java:248)
	at org.apache.hadoop.ozone.client.io.BlockOutputStreamEntryPool.allocateBlockIfNeeded(BlockOutputStreamEntryPool.java:296)
	at org.apache.hadoop.ozone.client.io.KeyOutputStream.handleWrite(KeyOutputStream.java:201)
	at org.apache.hadoop.ozone.client.io.KeyOutputStream.handleRetry(KeyOutputStream.java:376)
	at org.apache.hadoop.ozone.client.io.KeyOutputStream.handleException(KeyOutputStream.java:325)
	at org.apache.hadoop.ozone.client.io.KeyOutputStream.handleWrite(KeyOutputStream.java:231)
	at org.apache.hadoop.ozone.client.io.KeyOutputStream.handleRetry(KeyOutputStream.java:376)
	at org.apache.hadoop.ozone.client.io.KeyOutputStream.handleException(KeyOutputStream.java:325)
	at org.apache.hadoop.ozone.client.io.KeyOutputStream.handleWrite(KeyOutputStream.java:231)
	at org.apache.hadoop.ozone.client.io.KeyOutputStream.handleRetry(KeyOutputStream.java:376)
	at org.apache.hadoop.ozone.client.io.KeyOutputStream.handleException(KeyOutputStream.java:325)
	at org.apache.hadoop.ozone.client.io.KeyOutputStream.handleWrite(KeyOutputStream.java:231)
	at org.apache.hadoop.ozone.client.io.KeyOutputStream.write(KeyOutputStream.java:193)
	at org.apache.hadoop.ozone.client.io.OzoneOutputStream.write(OzoneOutputStream.java:49)
	at java.io.OutputStream.write(OutputStream.java:75)
	at org.apache.hadoop.ozone.client.rpc.TestMultiBlockWritesWithDnFailures.testMultiBlockWritesWithIntermittentDnFailures(TestMultiBlockWritesWithDnFailures.java:166)
	at sun.reflect.NativeMethodAccessorImpl.invoke0(Native Method)
	at sun.reflect.NativeMethodAccessorImpl.invoke(NativeMethodAccessorImpl.java:62)
	at sun.reflect.DelegatingMethodAccessorImpl.invoke(DelegatingMethodAccessorImpl.java:43)
	at java.lang.reflect.Method.invoke(Method.java:498)
	at org.junit.runners.model.FrameworkMethod$1.runReflectiveCall(FrameworkMethod.java:47)
	at org.junit.internal.runners.model.ReflectiveCallable.run(ReflectiveCallable.java:12)
	at org.junit.runners.model.FrameworkMethod.invokeExplosively(FrameworkMethod.java:44)
	at org.junit.internal.runners.statements.InvokeMethod.evaluate(InvokeMethod.java:17)
	at org.junit.internal.runners.statements.RunAfters.evaluate(RunAfters.java:27)
	at org.junit.runners.ParentRunner.runLeaf(ParentRunner.java:271)
	at org.junit.runners.BlockJUnit4ClassRunner.runChild(BlockJUnit4ClassRunner.java:70)
	at org.junit.runners.BlockJUnit4ClassRunner.runChild(BlockJUnit4ClassRunner.java:50)
	at org.junit.runners.ParentRunner$3.run(ParentRunner.java:238)
	at org.junit.runners.ParentRunner$1.schedule(ParentRunner.java:63)
	at org.junit.runners.ParentRunner.runChildren(ParentRunner.java:236)
	at org.junit.runners.ParentRunner.access$000(ParentRunner.java:53)
	at org.junit.runners.ParentRunner$2.evaluate(ParentRunner.java:229)
	at org.junit.runners.ParentRunner.run(ParentRunner.java:309)
	at org.apache.maven.surefire.junit4.JUnit4Provider.execute(JUnit4Provider.java:365)
	at org.apache.maven.surefire.junit4.JUnit4Provider.executeWithRerun(JUnit4Provider.java:273)
	at org.apache.maven.surefire.junit4.JUnit4Provider.executeTestSet(JUnit4Provider.java:238)
	at org.apache.maven.surefire.junit4.JUnit4Provider.invoke(JUnit4Provider.java:159)
	at org.apache.maven.surefire.booter.ForkedBooter.invokeProviderInSameClassLoader(ForkedBooter.java:384)
	at org.apache.maven.surefire.booter.ForkedBooter.runSuitesInProcess(ForkedBooter.java:345)
	at org.apache.maven.surefire.booter.ForkedBooter.execute(ForkedBooter.java:126)
	at org.apache.maven.surefire.booter.ForkedBooter.main(ForkedBooter.java:418)
2019-08-29 11:55:23,179 [main] INFO  ozone.MiniOzoneClusterImpl (MiniOzoneClusterImpl.java:shutdown(321)) - Shutting down the Mini Ozone Cluster
2019-08-29 11:55:23,179 | INFO  | SCMAudit | user=null | ip=null | op=GET_SCM_INFO null | ret=SUCCESS |  
2019-08-29 11:55:23,180 [main] INFO  ozone.MiniOzoneClusterImpl (MiniOzoneClusterImpl.java:stop(336)) - Stopping the Mini Ozone Cluster
2019-08-29 11:55:23,180 [main] INFO  ozone.MiniOzoneClusterImpl (MiniOzoneClusterImpl.java:stop(338)) - Stopping the OzoneManager
2019-08-29 11:55:23,180 [main] INFO  ipc.Server (Server.java:stop(3082)) - Stopping server on 34590
2019-08-29 11:55:23,193 [IPC Server listener on 34590] INFO  ipc.Server (Server.java:run(1185)) - Stopping IPC Server listener on 34590
2019-08-29 11:55:23,198 [main] INFO  ratis.OzoneManagerDoubleBuffer (OzoneManagerDoubleBuffer.java:stop(248)) - Stopping OMDoubleBuffer flush thread
2019-08-29 11:55:23,211 [IPC Server Responder] INFO  ipc.Server (Server.java:run(1319)) - Stopping IPC Server Responder
2019-08-29 11:55:23,211 [OMDoubleBufferFlushThread] INFO  ratis.OzoneManagerDoubleBuffer (OzoneManagerDoubleBuffer.java:flushTransactions(191)) - OMDoubleBuffer flush thread OMDoubleBufferFlushThread is interrupted and will exit. OMDoubleBufferFlushThread
2019-08-29 11:55:23,214 [main] INFO  utils.BackgroundService (BackgroundService.java:shutdown(148)) - Shutting down service KeyDeletingService
2019-08-29 11:55:23,219 [main] INFO  handler.ContextHandler (ContextHandler.java:doStop(910)) - Stopped o.e.j.w.WebAppContext@24fabd0f{/,null,UNAVAILABLE}{/ozoneManager}
2019-08-29 11:55:23,226 [main] INFO  server.AbstractConnector (AbstractConnector.java:doStop(318)) - Stopped ServerConnector@250b236d{HTTP/1.1,[http/1.1]}{0.0.0.0:0}
2019-08-29 11:55:23,226 [main] INFO  handler.ContextHandler (ContextHandler.java:doStop(910)) - Stopped o.e.j.s.ServletContextHandler@51ec2df1{/static,file:///workdir/hadoop-ozone/integration-test/target/test-classes/webapps/static,UNAVAILABLE}
2019-08-29 11:55:23,227 [main] INFO  handler.ContextHandler (ContextHandler.java:doStop(910)) - Stopped o.e.j.s.ServletContextHandler@543e593{/logs,file:///workdir/hadoop-ozone/integration-test/target/log,UNAVAILABLE}
2019-08-29 11:55:23,407 | INFO  | SCMAudit | user=jenkins1000 | ip=192.168.5.166 | op=SEND_HEARTBEAT {datanodeUUID=03953c42-7b85-4ce6-8578-61fc97f729cc, command=[]} | ret=SUCCESS |  
2019-08-29 11:55:23,407 | INFO  | SCMAudit | user=jenkins1000 | ip=192.168.5.166 | op=SEND_HEARTBEAT {datanodeUUID=e5b95ce0-1250-4c31-97f6-119a472050cb, command=[]} | ret=SUCCESS |  
2019-08-29 11:55:23,410 [main] INFO  ozone.MiniOzoneClusterImpl (MiniOzoneClusterImpl.java:stop(344)) - Shutting the HddsDatanodes
2019-08-29 11:55:23,411 [main] INFO  datanode.ObjectStoreHandler (ObjectStoreHandler.java:close(155)) - Closing ObjectStoreHandler.
2019-08-29 11:55:23,411 [ForkJoinPool.commonPool-worker-1] INFO  datanode.ObjectStoreHandler (ObjectStoreHandler.java:close(155)) - Closing ObjectStoreHandler.
2019-08-29 11:55:23,417 [ForkJoinPool.commonPool-worker-1] INFO  ozone.HddsDatanodeService (HddsDatanodeService.java:stop(451)) - Stopped plug-in org.apache.hadoop.ozone.web.OzoneHddsDatanodeService@4837f97e
2019-08-29 11:55:23,417 [main] INFO  ozone.HddsDatanodeService (HddsDatanodeService.java:stop(451)) - Stopped plug-in org.apache.hadoop.ozone.web.OzoneHddsDatanodeService@6e8f2094
2019-08-29 11:55:23,427 | INFO  | SCMAudit | user=jenkins1000 | ip=192.168.5.166 | op=SEND_HEARTBEAT {datanodeUUID=7c3dea4a-666f-498f-b3ec-37d2b2f2aea0, command=[]} | ret=SUCCESS |  
2019-08-29 11:55:23,469 [java.util.concurrent.ThreadPoolExecutor$Worker@7085d04d[State = -1, empty queue]] WARN  server.GrpcLogAppender (GrpcLogAppender.java:timeoutAppendRequest(200)) - GrpcLogAppender(7c3dea4a-666f-498f-b3ec-37d2b2f2aea0->eec05b1d-f4e8-4418-a60c-420e12deef9f): appendEntries Timeout, request=7c3dea4a-666f-498f-b3ec-37d2b2f2aea0->eec05b1d-f4e8-4418-a60c-420e12deef9f#80-t1, previous=(t:1, i:1), leaderCommit=0, initializing? false, entries: <empty>
2019-08-29 11:55:23,469 [java.util.concurrent.ThreadPoolExecutor$Worker@4921c90b[State = -1, empty queue]] WARN  server.GrpcLogAppender (GrpcLogAppender.java:timeoutAppendRequest(200)) - GrpcLogAppender(7c3dea4a-666f-498f-b3ec-37d2b2f2aea0->03953c42-7b85-4ce6-8578-61fc97f729cc): appendEntries Timeout, request=7c3dea4a-666f-498f-b3ec-37d2b2f2aea0->03953c42-7b85-4ce6-8578-61fc97f729cc#79-t1, previous=(t:1, i:1), leaderCommit=0, initializing? false, entries: <empty>
2019-08-29 11:55:23,475 | INFO  | SCMAudit | user=jenkins1000 | ip=192.168.5.166 | op=SEND_HEARTBEAT {datanodeUUID=eec05b1d-f4e8-4418-a60c-420e12deef9f, command=[]} | ret=SUCCESS |  
2019-08-29 11:55:23,595 | INFO  | SCMAudit | user=jenkins1000 | ip=192.168.5.166 | op=SEND_HEARTBEAT {datanodeUUID=bd7d2b3e-70a9-4c18-9e48-3057ca72b747, command=[]} | ret=SUCCESS |  
2019-08-29 11:55:23,852 | INFO  | SCMAudit | user=jenkins1000 | ip=192.168.5.166 | op=SEND_HEARTBEAT {datanodeUUID=07dabde0-c17e-46ed-9a55-144838a04ea2, command=[]} | ret=SUCCESS |  
2019-08-29 11:55:23,967 [Datanode State Machine Thread - 0] INFO  statemachine.DatanodeStateMachine (DatanodeStateMachine.java:lambda$startDaemon$0(350)) - Ozone container server started.
2019-08-29 11:55:23,970 [java.util.concurrent.ThreadPoolExecutor$Worker@4921c90b[State = -1, empty queue]] WARN  server.GrpcLogAppender (GrpcLogAppender.java:timeoutAppendRequest(200)) - GrpcLogAppender(7c3dea4a-666f-498f-b3ec-37d2b2f2aea0->03953c42-7b85-4ce6-8578-61fc97f729cc): appendEntries Timeout, request=7c3dea4a-666f-498f-b3ec-37d2b2f2aea0->03953c42-7b85-4ce6-8578-61fc97f729cc#80-t1, previous=(t:1, i:1), leaderCommit=0, initializing? false, entries: <empty>
2019-08-29 11:55:23,970 [java.util.concurrent.ThreadPoolExecutor$Worker@7085d04d[State = -1, empty queue]] WARN  server.GrpcLogAppender (GrpcLogAppender.java:timeoutAppendRequest(200)) - GrpcLogAppender(7c3dea4a-666f-498f-b3ec-37d2b2f2aea0->eec05b1d-f4e8-4418-a60c-420e12deef9f): appendEntries Timeout, request=7c3dea4a-666f-498f-b3ec-37d2b2f2aea0->eec05b1d-f4e8-4418-a60c-420e12deef9f#81-t1, previous=(t:1, i:1), leaderCommit=0, initializing? false, entries: <empty>
2019-08-29 11:55:24,121 | INFO  | SCMAudit | user=jenkins1000 | ip=192.168.5.166 | op=SEND_HEARTBEAT {datanodeUUID=920b05f1-a92b-459a-a000-361715d4ee3d, command=[]} | ret=SUCCESS |  
2019-08-29 11:55:24,121 | INFO  | SCMAudit | user=jenkins1000 | ip=192.168.5.166 | op=SEND_HEARTBEAT {datanodeUUID=b34bc477-f594-4894-b3be-a6d4c994fd70, command=[]} | ret=SUCCESS |  
2019-08-29 11:55:24,121 | INFO  | SCMAudit | user=jenkins1000 | ip=192.168.5.166 | op=SEND_HEARTBEAT {datanodeUUID=42efee89-99fa-4c75-b2bf-b3a1b636c7a3, command=[]} | ret=SUCCESS |  
2019-08-29 11:55:24,405 [Datanode State Machine Thread - 0] INFO  statemachine.DatanodeStateMachine (DatanodeStateMachine.java:lambda$startDaemon$0(350)) - Ozone container server started.
2019-08-29 11:55:24,411 | INFO  | SCMAudit | user=jenkins1000 | ip=192.168.5.166 | op=SEND_HEARTBEAT {datanodeUUID=e5b95ce0-1250-4c31-97f6-119a472050cb, command=[]} | ret=SUCCESS |  
2019-08-29 11:55:24,427 | INFO  | SCMAudit | user=jenkins1000 | ip=192.168.5.166 | op=SEND_HEARTBEAT {datanodeUUID=7c3dea4a-666f-498f-b3ec-37d2b2f2aea0, command=[]} | ret=SUCCESS |  
2019-08-29 11:55:24,470 [java.util.concurrent.ThreadPoolExecutor$Worker@4921c90b[State = -1, empty queue]] WARN  server.GrpcLogAppender (GrpcLogAppender.java:timeoutAppendRequest(200)) - GrpcLogAppender(7c3dea4a-666f-498f-b3ec-37d2b2f2aea0->03953c42-7b85-4ce6-8578-61fc97f729cc): appendEntries Timeout, request=7c3dea4a-666f-498f-b3ec-37d2b2f2aea0->03953c42-7b85-4ce6-8578-61fc97f729cc#81-t1, previous=(t:1, i:1), leaderCommit=0, initializing? false, entries: <empty>
2019-08-29 11:55:24,470 | INFO  | SCMAudit | user=jenkins1000 | ip=192.168.5.166 | op=SEND_HEARTBEAT {datanodeUUID=eec05b1d-f4e8-4418-a60c-420e12deef9f, command=[]} | ret=SUCCESS |  
2019-08-29 11:55:24,470 [java.util.concurrent.ThreadPoolExecutor$Worker@7085d04d[State = -1, empty queue]] WARN  server.GrpcLogAppender (GrpcLogAppender.java:timeoutAppendRequest(200)) - GrpcLogAppender(7c3dea4a-666f-498f-b3ec-37d2b2f2aea0->eec05b1d-f4e8-4418-a60c-420e12deef9f): appendEntries Timeout, request=7c3dea4a-666f-498f-b3ec-37d2b2f2aea0->eec05b1d-f4e8-4418-a60c-420e12deef9f#82-t1, previous=(t:1, i:1), leaderCommit=0, initializing? false, entries: <empty>
2019-08-29 11:55:24,596 | INFO  | SCMAudit | user=jenkins1000 | ip=192.168.5.166 | op=SEND_HEARTBEAT {datanodeUUID=bd7d2b3e-70a9-4c18-9e48-3057ca72b747, command=[]} | ret=SUCCESS |  
2019-08-29 11:55:24,852 | INFO  | SCMAudit | user=jenkins1000 | ip=192.168.5.166 | op=SEND_HEARTBEAT {datanodeUUID=07dabde0-c17e-46ed-9a55-144838a04ea2, command=[]} | ret=SUCCESS |  
2019-08-29 11:55:24,971 [java.util.concurrent.ThreadPoolExecutor$Worker@4921c90b[State = -1, empty queue]] WARN  server.GrpcLogAppender (GrpcLogAppender.java:timeoutAppendRequest(200)) - GrpcLogAppender(7c3dea4a-666f-498f-b3ec-37d2b2f2aea0->03953c42-7b85-4ce6-8578-61fc97f729cc): appendEntries Timeout, request=7c3dea4a-666f-498f-b3ec-37d2b2f2aea0->03953c42-7b85-4ce6-8578-61fc97f729cc#82-t1, previous=(t:1, i:1), leaderCommit=0, initializing? false, entries: <empty>
2019-08-29 11:55:24,971 [java.util.concurrent.ThreadPoolExecutor$Worker@7085d04d[State = -1, empty queue]] WARN  server.GrpcLogAppender (GrpcLogAppender.java:timeoutAppendRequest(200)) - GrpcLogAppender(7c3dea4a-666f-498f-b3ec-37d2b2f2aea0->eec05b1d-f4e8-4418-a60c-420e12deef9f): appendEntries Timeout, request=7c3dea4a-666f-498f-b3ec-37d2b2f2aea0->eec05b1d-f4e8-4418-a60c-420e12deef9f#83-t1, previous=(t:1, i:1), leaderCommit=0, initializing? false, entries: <empty>
2019-08-29 11:55:25,050 [07dabde0-c17e-46ed-9a55-144838a04ea2:group-39336B115318:LeaderElection47] INFO  impl.LeaderElection (LeaderElection.java:askForVotes(181)) - 07dabde0-c17e-46ed-9a55-144838a04ea2:group-39336B115318:LeaderElection47: begin an election at term 12 for 0: [4a332945-53dc-4c0b-b910-cfaf195ac63d:192.168.5.166:44887, 07dabde0-c17e-46ed-9a55-144838a04ea2:192.168.5.166:46770, bd7d2b3e-70a9-4c18-9e48-3057ca72b747:192.168.5.166:45844], old=null
2019-08-29 11:55:25,050 [4a332945-53dc-4c0b-b910-cfaf195ac63d:group-39336B115318:LeaderElection45] INFO  impl.LeaderElection (LeaderElection.java:askForVotes(181)) - 4a332945-53dc-4c0b-b910-cfaf195ac63d:group-39336B115318:LeaderElection45: begin an election at term 12 for -1: [4a332945-53dc-4c0b-b910-cfaf195ac63d:192.168.5.166:44887, 07dabde0-c17e-46ed-9a55-144838a04ea2:192.168.5.166:46770, bd7d2b3e-70a9-4c18-9e48-3057ca72b747:192.168.5.166:45844], old=null
2019-08-29 11:55:25,121 | INFO  | SCMAudit | user=jenkins1000 | ip=192.168.5.166 | op=SEND_HEARTBEAT {datanodeUUID=b34bc477-f594-4894-b3be-a6d4c994fd70, command=[]} | ret=SUCCESS |  
2019-08-29 11:55:25,121 | INFO  | SCMAudit | user=jenkins1000 | ip=192.168.5.166 | op=SEND_HEARTBEAT {datanodeUUID=42efee89-99fa-4c75-b2bf-b3a1b636c7a3, command=[]} | ret=SUCCESS |  
2019-08-29 11:55:25,121 | INFO  | SCMAudit | user=jenkins1000 | ip=192.168.5.166 | op=SEND_HEARTBEAT {datanodeUUID=920b05f1-a92b-459a-a000-361715d4ee3d, command=[]} | ret=SUCCESS |  
2019-08-29 11:55:25,222 [bd7d2b3e-70a9-4c18-9e48-3057ca72b747:group-39336B115318:LeaderElection46] INFO  impl.LeaderElection (LeaderElection.java:askForVotes(181)) - bd7d2b3e-70a9-4c18-9e48-3057ca72b747:group-39336B115318:LeaderElection46: begin an election at term 12 for -1: [4a332945-53dc-4c0b-b910-cfaf195ac63d:192.168.5.166:44887, 07dabde0-c17e-46ed-9a55-144838a04ea2:192.168.5.166:46770, bd7d2b3e-70a9-4c18-9e48-3057ca72b747:192.168.5.166:45844], old=null
2019-08-29 11:55:25,223 [07dabde0-c17e-46ed-9a55-144838a04ea2:group-39336B115318:LeaderElection47] INFO  impl.LeaderElection (LeaderElection.java:logAndReturn(56)) - 07dabde0-c17e-46ed-9a55-144838a04ea2:group-39336B115318:LeaderElection47: Election REJECTED; received 2 response(s) [07dabde0-c17e-46ed-9a55-144838a04ea2<-4a332945-53dc-4c0b-b910-cfaf195ac63d#0:FAIL-t12, 07dabde0-c17e-46ed-9a55-144838a04ea2<-bd7d2b3e-70a9-4c18-9e48-3057ca72b747#0:FAIL-t12] and 0 exception(s); 07dabde0-c17e-46ed-9a55-144838a04ea2:t12, leader=null, voted=07dabde0-c17e-46ed-9a55-144838a04ea2, raftlog=07dabde0-c17e-46ed-9a55-144838a04ea2-SegmentedRaftLog:OPENED:c-1,f0,i0, conf=0: [4a332945-53dc-4c0b-b910-cfaf195ac63d:192.168.5.166:44887, 07dabde0-c17e-46ed-9a55-144838a04ea2:192.168.5.166:46770, bd7d2b3e-70a9-4c18-9e48-3057ca72b747:192.168.5.166:45844], old=null
2019-08-29 11:55:25,223 [4a332945-53dc-4c0b-b910-cfaf195ac63d:group-39336B115318:LeaderElection45] INFO  impl.LeaderElection (LeaderElection.java:logAndReturn(56)) - 4a332945-53dc-4c0b-b910-cfaf195ac63d:group-39336B115318:LeaderElection45: Election REJECTED; received 2 response(s) [4a332945-53dc-4c0b-b910-cfaf195ac63d<-07dabde0-c17e-46ed-9a55-144838a04ea2#0:FAIL-t12, 4a332945-53dc-4c0b-b910-cfaf195ac63d<-bd7d2b3e-70a9-4c18-9e48-3057ca72b747#0:FAIL-t12] and 0 exception(s); 4a332945-53dc-4c0b-b910-cfaf195ac63d:t12, leader=null, voted=4a332945-53dc-4c0b-b910-cfaf195ac63d, raftlog=4a332945-53dc-4c0b-b910-cfaf195ac63d-SegmentedRaftLog:OPENED:c-1,f-1,i0, conf=-1: [4a332945-53dc-4c0b-b910-cfaf195ac63d:192.168.5.166:44887, 07dabde0-c17e-46ed-9a55-144838a04ea2:192.168.5.166:46770, bd7d2b3e-70a9-4c18-9e48-3057ca72b747:192.168.5.166:45844], old=null
2019-08-29 11:55:25,224 [07dabde0-c17e-46ed-9a55-144838a04ea2:group-39336B115318:LeaderElection47] INFO  impl.RaftServerImpl (RaftServerImpl.java:setRole(171)) - 07dabde0-c17e-46ed-9a55-144838a04ea2:group-39336B115318 changes role from CANDIDATE to FOLLOWER at term 12 for DISCOVERED_A_NEW_TERM
2019-08-29 11:55:25,224 [4a332945-53dc-4c0b-b910-cfaf195ac63d:group-39336B115318:LeaderElection45] INFO  impl.RaftServerImpl (RaftServerImpl.java:setRole(171)) - 4a332945-53dc-4c0b-b910-cfaf195ac63d:group-39336B115318 changes role from CANDIDATE to FOLLOWER at term 12 for DISCOVERED_A_NEW_TERM
2019-08-29 11:55:25,224 [07dabde0-c17e-46ed-9a55-144838a04ea2:group-39336B115318:LeaderElection47] INFO  impl.RoleInfo (RoleInfo.java:shutdownLeaderElection(134)) - 07dabde0-c17e-46ed-9a55-144838a04ea2: shutdown LeaderElection
2019-08-29 11:55:25,224 [4a332945-53dc-4c0b-b910-cfaf195ac63d:group-39336B115318:LeaderElection45] INFO  impl.RoleInfo (RoleInfo.java:shutdownLeaderElection(134)) - 4a332945-53dc-4c0b-b910-cfaf195ac63d: shutdown LeaderElection
2019-08-29 11:55:25,225 [07dabde0-c17e-46ed-9a55-144838a04ea2:group-39336B115318:LeaderElection47] INFO  impl.RoleInfo (RoleInfo.java:updateAndGet(143)) - 07dabde0-c17e-46ed-9a55-144838a04ea2: start FollowerState
2019-08-29 11:55:25,225 [4a332945-53dc-4c0b-b910-cfaf195ac63d:group-39336B115318:LeaderElection45] INFO  impl.RoleInfo (RoleInfo.java:updateAndGet(143)) - 4a332945-53dc-4c0b-b910-cfaf195ac63d: start FollowerState
2019-08-29 11:55:25,228 [bd7d2b3e-70a9-4c18-9e48-3057ca72b747:group-39336B115318:LeaderElection46] INFO  impl.LeaderElection (LeaderElection.java:logAndReturn(56)) - bd7d2b3e-70a9-4c18-9e48-3057ca72b747:group-39336B115318:LeaderElection46: Election REJECTED; received 2 response(s) [bd7d2b3e-70a9-4c18-9e48-3057ca72b747<-4a332945-53dc-4c0b-b910-cfaf195ac63d#0:FAIL-t12, bd7d2b3e-70a9-4c18-9e48-3057ca72b747<-07dabde0-c17e-46ed-9a55-144838a04ea2#0:FAIL-t12] and 0 exception(s); bd7d2b3e-70a9-4c18-9e48-3057ca72b747:t12, leader=null, voted=bd7d2b3e-70a9-4c18-9e48-3057ca72b747, raftlog=bd7d2b3e-70a9-4c18-9e48-3057ca72b747-SegmentedRaftLog:OPENED:c-1,f-1,i0, conf=-1: [4a332945-53dc-4c0b-b910-cfaf195ac63d:192.168.5.166:44887, 07dabde0-c17e-46ed-9a55-144838a04ea2:192.168.5.166:46770, bd7d2b3e-70a9-4c18-9e48-3057ca72b747:192.168.5.166:45844], old=null
2019-08-29 11:55:25,228 [bd7d2b3e-70a9-4c18-9e48-3057ca72b747:group-39336B115318:LeaderElection46] INFO  impl.RaftServerImpl (RaftServerImpl.java:setRole(171)) - bd7d2b3e-70a9-4c18-9e48-3057ca72b747:group-39336B115318 changes role from CANDIDATE to FOLLOWER at term 12 for DISCOVERED_A_NEW_TERM
2019-08-29 11:55:25,228 [bd7d2b3e-70a9-4c18-9e48-3057ca72b747:group-39336B115318:LeaderElection46] INFO  impl.RoleInfo (RoleInfo.java:shutdownLeaderElection(134)) - bd7d2b3e-70a9-4c18-9e48-3057ca72b747: shutdown LeaderElection
2019-08-29 11:55:25,228 [bd7d2b3e-70a9-4c18-9e48-3057ca72b747:group-39336B115318:LeaderElection46] INFO  impl.RoleInfo (RoleInfo.java:updateAndGet(143)) - bd7d2b3e-70a9-4c18-9e48-3057ca72b747: start FollowerState
2019-08-29 11:55:25,415 | INFO  | SCMAudit | user=jenkins1000 | ip=192.168.5.166 | op=SEND_HEARTBEAT {datanodeUUID=e5b95ce0-1250-4c31-97f6-119a472050cb, command=[]} | ret=SUCCESS |  
2019-08-29 11:55:25,427 | INFO  | SCMAudit | user=jenkins1000 | ip=192.168.5.166 | op=SEND_HEARTBEAT {datanodeUUID=7c3dea4a-666f-498f-b3ec-37d2b2f2aea0, command=[]} | ret=SUCCESS |  
2019-08-29 11:55:25,470 | INFO  | SCMAudit | user=jenkins1000 | ip=192.168.5.166 | op=SEND_HEARTBEAT {datanodeUUID=eec05b1d-f4e8-4418-a60c-420e12deef9f, command=[]} | ret=SUCCESS |  
2019-08-29 11:55:25,471 [java.util.concurrent.ThreadPoolExecutor$Worker@7085d04d[State = -1, empty queue]] WARN  server.GrpcLogAppender (GrpcLogAppender.java:timeoutAppendRequest(200)) - GrpcLogAppender(7c3dea4a-666f-498f-b3ec-37d2b2f2aea0->eec05b1d-f4e8-4418-a60c-420e12deef9f): appendEntries Timeout, request=7c3dea4a-666f-498f-b3ec-37d2b2f2aea0->eec05b1d-f4e8-4418-a60c-420e12deef9f#84-t1, previous=(t:1, i:1), leaderCommit=0, initializing? false, entries: <empty>
2019-08-29 11:55:25,471 [java.util.concurrent.ThreadPoolExecutor$Worker@4921c90b[State = -1, empty queue]] WARN  server.GrpcLogAppender (GrpcLogAppender.java:timeoutAppendRequest(200)) - GrpcLogAppender(7c3dea4a-666f-498f-b3ec-37d2b2f2aea0->03953c42-7b85-4ce6-8578-61fc97f729cc): appendEntries Timeout, request=7c3dea4a-666f-498f-b3ec-37d2b2f2aea0->03953c42-7b85-4ce6-8578-61fc97f729cc#83-t1, previous=(t:1, i:1), leaderCommit=0, initializing? false, entries: <empty>
2019-08-29 11:55:25,596 | INFO  | SCMAudit | user=jenkins1000 | ip=192.168.5.166 | op=SEND_HEARTBEAT {datanodeUUID=bd7d2b3e-70a9-4c18-9e48-3057ca72b747, command=[]} | ret=SUCCESS |  
2019-08-29 11:55:25,852 | INFO  | SCMAudit | user=jenkins1000 | ip=192.168.5.166 | op=SEND_HEARTBEAT {datanodeUUID=07dabde0-c17e-46ed-9a55-144838a04ea2, command=[]} | ret=SUCCESS |  
2019-08-29 11:55:25,971 [java.util.concurrent.ThreadPoolExecutor$Worker@7085d04d[State = -1, empty queue]] WARN  server.GrpcLogAppender (GrpcLogAppender.java:timeoutAppendRequest(200)) - GrpcLogAppender(7c3dea4a-666f-498f-b3ec-37d2b2f2aea0->eec05b1d-f4e8-4418-a60c-420e12deef9f): appendEntries Timeout, request=7c3dea4a-666f-498f-b3ec-37d2b2f2aea0->eec05b1d-f4e8-4418-a60c-420e12deef9f#85-t1, previous=(t:1, i:1), leaderCommit=0, initializing? false, entries: <empty>
2019-08-29 11:55:25,971 [java.util.concurrent.ThreadPoolExecutor$Worker@4921c90b[State = -1, empty queue]] WARN  server.GrpcLogAppender (GrpcLogAppender.java:timeoutAppendRequest(200)) - GrpcLogAppender(7c3dea4a-666f-498f-b3ec-37d2b2f2aea0->03953c42-7b85-4ce6-8578-61fc97f729cc): appendEntries Timeout, request=7c3dea4a-666f-498f-b3ec-37d2b2f2aea0->03953c42-7b85-4ce6-8578-61fc97f729cc#84-t1, previous=(t:1, i:1), leaderCommit=0, initializing? false, entries: <empty>
2019-08-29 11:55:26,121 | INFO  | SCMAudit | user=jenkins1000 | ip=192.168.5.166 | op=SEND_HEARTBEAT {datanodeUUID=920b05f1-a92b-459a-a000-361715d4ee3d, command=[]} | ret=SUCCESS |  
2019-08-29 11:55:26,122 | INFO  | SCMAudit | user=jenkins1000 | ip=192.168.5.166 | op=SEND_HEARTBEAT {datanodeUUID=b34bc477-f594-4894-b3be-a6d4c994fd70, command=[]} | ret=SUCCESS |  
2019-08-29 11:55:26,122 | INFO  | SCMAudit | user=jenkins1000 | ip=192.168.5.166 | op=SEND_HEARTBEAT {datanodeUUID=42efee89-99fa-4c75-b2bf-b3a1b636c7a3, command=[]} | ret=SUCCESS |  
2019-08-29 11:55:26,302 [Thread-970] INFO  impl.FollowerState (FollowerState.java:run(106)) - 4a332945-53dc-4c0b-b910-cfaf195ac63d:group-39336B115318 changes to CANDIDATE, lastRpcTime:1076, electionTimeout:1076ms
2019-08-29 11:55:26,302 [Thread-970] INFO  impl.RoleInfo (RoleInfo.java:shutdownFollowerState(121)) - 4a332945-53dc-4c0b-b910-cfaf195ac63d: shutdown FollowerState
2019-08-29 11:55:26,302 [Thread-970] INFO  impl.RaftServerImpl (RaftServerImpl.java:setRole(171)) - 4a332945-53dc-4c0b-b910-cfaf195ac63d:group-39336B115318 changes role from FOLLOWER to CANDIDATE at term 12 for changeToCandidate
2019-08-29 11:55:26,302 [Thread-970] INFO  impl.RoleInfo (RoleInfo.java:updateAndGet(143)) - 4a332945-53dc-4c0b-b910-cfaf195ac63d: start LeaderElection
2019-08-29 11:55:26,307 [Thread-969] INFO  impl.FollowerState (FollowerState.java:run(106)) - 07dabde0-c17e-46ed-9a55-144838a04ea2:group-39336B115318 changes to CANDIDATE, lastRpcTime:1082, electionTimeout:1082ms
2019-08-29 11:55:26,308 [Thread-969] INFO  impl.RoleInfo (RoleInfo.java:shutdownFollowerState(121)) - 07dabde0-c17e-46ed-9a55-144838a04ea2: shutdown FollowerState
2019-08-29 11:55:26,308 [Thread-969] INFO  impl.RaftServerImpl (RaftServerImpl.java:setRole(171)) - 07dabde0-c17e-46ed-9a55-144838a04ea2:group-39336B115318 changes role from FOLLOWER to CANDIDATE at term 12 for changeToCandidate
2019-08-29 11:55:26,308 [Thread-969] INFO  impl.RoleInfo (RoleInfo.java:updateAndGet(143)) - 07dabde0-c17e-46ed-9a55-144838a04ea2: start LeaderElection
2019-08-29 11:55:26,334 [Thread-971] INFO  impl.FollowerState (FollowerState.java:run(106)) - bd7d2b3e-70a9-4c18-9e48-3057ca72b747:group-39336B115318 changes to CANDIDATE, lastRpcTime:1106, electionTimeout:1106ms
2019-08-29 11:55:26,335 [Thread-971] INFO  impl.RoleInfo (RoleInfo.java:shutdownFollowerState(121)) - bd7d2b3e-70a9-4c18-9e48-3057ca72b747: shutdown FollowerState
2019-08-29 11:55:26,335 [Thread-971] INFO  impl.RaftServerImpl (RaftServerImpl.java:setRole(171)) - bd7d2b3e-70a9-4c18-9e48-3057ca72b747:group-39336B115318 changes role from FOLLOWER to CANDIDATE at term 12 for changeToCandidate
2019-08-29 11:55:26,335 [Thread-971] INFO  impl.RoleInfo (RoleInfo.java:updateAndGet(143)) - bd7d2b3e-70a9-4c18-9e48-3057ca72b747: start LeaderElection
2019-08-29 11:55:26,410 | INFO  | SCMAudit | user=jenkins1000 | ip=192.168.5.166 | op=SEND_HEARTBEAT {datanodeUUID=e5b95ce0-1250-4c31-97f6-119a472050cb, command=[]} | ret=SUCCESS |  
2019-08-29 11:55:26,427 | INFO  | SCMAudit | user=jenkins1000 | ip=192.168.5.166 | op=SEND_HEARTBEAT {datanodeUUID=7c3dea4a-666f-498f-b3ec-37d2b2f2aea0, command=[]} | ret=SUCCESS |  
2019-08-29 11:55:26,471 | INFO  | SCMAudit | user=jenkins1000 | ip=192.168.5.166 | op=SEND_HEARTBEAT {datanodeUUID=eec05b1d-f4e8-4418-a60c-420e12deef9f, command=[]} | ret=SUCCESS |  
2019-08-29 11:55:26,475 [java.util.concurrent.ThreadPoolExecutor$Worker@7085d04d[State = -1, empty queue]] WARN  server.GrpcLogAppender (GrpcLogAppender.java:timeoutAppendRequest(200)) - GrpcLogAppender(7c3dea4a-666f-498f-b3ec-37d2b2f2aea0->eec05b1d-f4e8-4418-a60c-420e12deef9f): appendEntries Timeout, request=7c3dea4a-666f-498f-b3ec-37d2b2f2aea0->eec05b1d-f4e8-4418-a60c-420e12deef9f#86-t1, previous=(t:1, i:1), leaderCommit=0, initializing? false, entries: <empty>
2019-08-29 11:55:26,475 [java.util.concurrent.ThreadPoolExecutor$Worker@4921c90b[State = -1, empty queue]] WARN  server.GrpcLogAppender (GrpcLogAppender.java:timeoutAppendRequest(200)) - GrpcLogAppender(7c3dea4a-666f-498f-b3ec-37d2b2f2aea0->03953c42-7b85-4ce6-8578-61fc97f729cc): appendEntries Timeout, request=7c3dea4a-666f-498f-b3ec-37d2b2f2aea0->03953c42-7b85-4ce6-8578-61fc97f729cc#85-t1, previous=(t:1, i:1), leaderCommit=0, initializing? false, entries: <empty>
2019-08-29 11:55:26,596 | INFO  | SCMAudit | user=jenkins1000 | ip=192.168.5.166 | op=SEND_HEARTBEAT {datanodeUUID=bd7d2b3e-70a9-4c18-9e48-3057ca72b747, command=[]} | ret=SUCCESS |  
2019-08-29 11:55:26,853 | INFO  | SCMAudit | user=jenkins1000 | ip=192.168.5.166 | op=SEND_HEARTBEAT {datanodeUUID=07dabde0-c17e-46ed-9a55-144838a04ea2, command=[]} | ret=SUCCESS |  
2019-08-29 11:55:26,975 [java.util.concurrent.ThreadPoolExecutor$Worker@7085d04d[State = -1, empty queue]] WARN  server.GrpcLogAppender (GrpcLogAppender.java:timeoutAppendRequest(200)) - GrpcLogAppender(7c3dea4a-666f-498f-b3ec-37d2b2f2aea0->eec05b1d-f4e8-4418-a60c-420e12deef9f): appendEntries Timeout, request=7c3dea4a-666f-498f-b3ec-37d2b2f2aea0->eec05b1d-f4e8-4418-a60c-420e12deef9f#87-t1, previous=(t:1, i:1), leaderCommit=0, initializing? false, entries: <empty>
2019-08-29 11:55:26,975 [java.util.concurrent.ThreadPoolExecutor$Worker@4921c90b[State = -1, empty queue]] WARN  server.GrpcLogAppender (GrpcLogAppender.java:timeoutAppendRequest(200)) - GrpcLogAppender(7c3dea4a-666f-498f-b3ec-37d2b2f2aea0->03953c42-7b85-4ce6-8578-61fc97f729cc): appendEntries Timeout, request=7c3dea4a-666f-498f-b3ec-37d2b2f2aea0->03953c42-7b85-4ce6-8578-61fc97f729cc#86-t1, previous=(t:1, i:1), leaderCommit=0, initializing? false, entries: <empty>
2019-08-29 11:55:27,122 | INFO  | SCMAudit | user=jenkins1000 | ip=192.168.5.166 | op=SEND_HEARTBEAT {datanodeUUID=920b05f1-a92b-459a-a000-361715d4ee3d, command=[]} | ret=SUCCESS |  
2019-08-29 11:55:27,122 | INFO  | SCMAudit | user=jenkins1000 | ip=192.168.5.166 | op=SEND_HEARTBEAT {datanodeUUID=42efee89-99fa-4c75-b2bf-b3a1b636c7a3, command=[]} | ret=SUCCESS |  
2019-08-29 11:55:27,122 | INFO  | SCMAudit | user=jenkins1000 | ip=192.168.5.166 | op=SEND_HEARTBEAT {datanodeUUID=b34bc477-f594-4894-b3be-a6d4c994fd70, command=[]} | ret=SUCCESS |  
2019-08-29 11:55:27,410 | INFO  | SCMAudit | user=jenkins1000 | ip=192.168.5.166 | op=SEND_HEARTBEAT {datanodeUUID=e5b95ce0-1250-4c31-97f6-119a472050cb, command=[]} | ret=SUCCESS |  
2019-08-29 11:55:27,427 | INFO  | SCMAudit | user=jenkins1000 | ip=192.168.5.166 | op=SEND_HEARTBEAT {datanodeUUID=7c3dea4a-666f-498f-b3ec-37d2b2f2aea0, command=[]} | ret=SUCCESS |  
2019-08-29 11:55:27,471 | INFO  | SCMAudit | user=jenkins1000 | ip=192.168.5.166 | op=SEND_HEARTBEAT {datanodeUUID=eec05b1d-f4e8-4418-a60c-420e12deef9f, command=[]} | ret=SUCCESS |  
2019-08-29 11:55:27,475 [java.util.concurrent.ThreadPoolExecutor$Worker@4921c90b[State = -1, empty queue]] WARN  server.GrpcLogAppender (GrpcLogAppender.java:timeoutAppendRequest(200)) - GrpcLogAppender(7c3dea4a-666f-498f-b3ec-37d2b2f2aea0->03953c42-7b85-4ce6-8578-61fc97f729cc): appendEntries Timeout, request=7c3dea4a-666f-498f-b3ec-37d2b2f2aea0->03953c42-7b85-4ce6-8578-61fc97f729cc#87-t1, previous=(t:1, i:1), leaderCommit=0, initializing? false, entries: <empty>
2019-08-29 11:55:27,475 [java.util.concurrent.ThreadPoolExecutor$Worker@7085d04d[State = -1, empty queue]] WARN  server.GrpcLogAppender (GrpcLogAppender.java:timeoutAppendRequest(200)) - GrpcLogAppender(7c3dea4a-666f-498f-b3ec-37d2b2f2aea0->eec05b1d-f4e8-4418-a60c-420e12deef9f): appendEntries Timeout, request=7c3dea4a-666f-498f-b3ec-37d2b2f2aea0->eec05b1d-f4e8-4418-a60c-420e12deef9f#88-t1, previous=(t:1, i:1), leaderCommit=0, initializing? false, entries: <empty>
2019-08-29 11:55:27,595 | INFO  | SCMAudit | user=jenkins1000 | ip=192.168.5.166 | op=SEND_HEARTBEAT {datanodeUUID=bd7d2b3e-70a9-4c18-9e48-3057ca72b747, command=[]} | ret=SUCCESS |  
2019-08-29 11:55:27,853 | INFO  | SCMAudit | user=jenkins1000 | ip=192.168.5.166 | op=SEND_HEARTBEAT {datanodeUUID=07dabde0-c17e-46ed-9a55-144838a04ea2, command=[]} | ret=SUCCESS |  
2019-08-29 11:55:27,956 [7c3dea4a-666f-498f-b3ec-37d2b2f2aea0-SegmentedRaftLogWorker:Storage Directory /workdir/hadoop-ozone/integration-test/target/test-dir/MiniOzoneClusterImpl-d5645d28-46c2-4d7d-99f2-1f02fc29b8b0/datanode-6/data/ratis/3e734320-d6b4-447e-b544-a160427a8a7f] WARN  segmented.SegmentedRaftLogWorker (SegmentedRaftLogWorker.java:getFromFuture(90)) - Timeout 1/~
org.apache.ratis.protocol.TimeoutIOException: Timeout 10s: WriteLog:1: (t:1, i:1), STATEMACHINELOGENTRY, client-4E6D378CCEEF, cid=27-writeStateMachineData
	at org.apache.ratis.util.IOUtils.getFromFuture(IOUtils.java:87)
	at org.apache.ratis.server.raftlog.segmented.SegmentedRaftLogWorker$StateMachineDataPolicy.getFromFuture(SegmentedRaftLogWorker.java:87)
	at org.apache.ratis.server.raftlog.segmented.SegmentedRaftLogWorker$WriteLog.execute(SegmentedRaftLogWorker.java:477)
	at org.apache.ratis.server.raftlog.segmented.SegmentedRaftLogWorker.run(SegmentedRaftLogWorker.java:289)
	at java.lang.Thread.run(Thread.java:748)
Caused by: java.util.concurrent.TimeoutException
	at java.util.concurrent.CompletableFuture.timedGet(CompletableFuture.java:1771)
	at java.util.concurrent.CompletableFuture.get(CompletableFuture.java:1915)
	at org.apache.ratis.util.IOUtils.getFromFuture(IOUtils.java:79)
	... 4 more
2019-08-29 11:55:27,962 [eec05b1d-f4e8-4418-a60c-420e12deef9f-SegmentedRaftLogWorker:Storage Directory /workdir/hadoop-ozone/integration-test/target/test-dir/MiniOzoneClusterImpl-d5645d28-46c2-4d7d-99f2-1f02fc29b8b0/datanode-9/data/ratis/3e734320-d6b4-447e-b544-a160427a8a7f] WARN  segmented.SegmentedRaftLogWorker (SegmentedRaftLogWorker.java:getFromFuture(90)) - Timeout 1/~
org.apache.ratis.protocol.TimeoutIOException: Timeout 10s: WriteLog:1: (t:1, i:1), STATEMACHINELOGENTRY, client-4E6D378CCEEF, cid=27-writeStateMachineData
	at org.apache.ratis.util.IOUtils.getFromFuture(IOUtils.java:87)
	at org.apache.ratis.server.raftlog.segmented.SegmentedRaftLogWorker$StateMachineDataPolicy.getFromFuture(SegmentedRaftLogWorker.java:87)
	at org.apache.ratis.server.raftlog.segmented.SegmentedRaftLogWorker$WriteLog.execute(SegmentedRaftLogWorker.java:477)
	at org.apache.ratis.server.raftlog.segmented.SegmentedRaftLogWorker.run(SegmentedRaftLogWorker.java:289)
	at java.lang.Thread.run(Thread.java:748)
Caused by: java.util.concurrent.TimeoutException
	at java.util.concurrent.CompletableFuture.timedGet(CompletableFuture.java:1771)
	at java.util.concurrent.CompletableFuture.get(CompletableFuture.java:1915)
	at org.apache.ratis.util.IOUtils.getFromFuture(IOUtils.java:79)
	... 4 more
2019-08-29 11:55:27,962 [03953c42-7b85-4ce6-8578-61fc97f729cc-SegmentedRaftLogWorker:Storage Directory /workdir/hadoop-ozone/integration-test/target/test-dir/MiniOzoneClusterImpl-d5645d28-46c2-4d7d-99f2-1f02fc29b8b0/datanode-2/data/ratis/3e734320-d6b4-447e-b544-a160427a8a7f] WARN  segmented.SegmentedRaftLogWorker (SegmentedRaftLogWorker.java:getFromFuture(90)) - Timeout 1/~
org.apache.ratis.protocol.TimeoutIOException: Timeout 10s: WriteLog:1: (t:1, i:1), STATEMACHINELOGENTRY, client-4E6D378CCEEF, cid=27-writeStateMachineData
	at org.apache.ratis.util.IOUtils.getFromFuture(IOUtils.java:87)
	at org.apache.ratis.server.raftlog.segmented.SegmentedRaftLogWorker$StateMachineDataPolicy.getFromFuture(SegmentedRaftLogWorker.java:87)
	at org.apache.ratis.server.raftlog.segmented.SegmentedRaftLogWorker$WriteLog.execute(SegmentedRaftLogWorker.java:477)
	at org.apache.ratis.server.raftlog.segmented.SegmentedRaftLogWorker.run(SegmentedRaftLogWorker.java:289)
	at java.lang.Thread.run(Thread.java:748)
Caused by: java.util.concurrent.TimeoutException
	at java.util.concurrent.CompletableFuture.timedGet(CompletableFuture.java:1771)
	at java.util.concurrent.CompletableFuture.get(CompletableFuture.java:1915)
	at org.apache.ratis.util.IOUtils.getFromFuture(IOUtils.java:79)
	... 4 more
2019-08-29 11:55:27,976 [java.util.concurrent.ThreadPoolExecutor$Worker@7085d04d[State = -1, empty queue]] WARN  server.GrpcLogAppender (GrpcLogAppender.java:timeoutAppendRequest(200)) - GrpcLogAppender(7c3dea4a-666f-498f-b3ec-37d2b2f2aea0->eec05b1d-f4e8-4418-a60c-420e12deef9f): appendEntries Timeout, request=7c3dea4a-666f-498f-b3ec-37d2b2f2aea0->eec05b1d-f4e8-4418-a60c-420e12deef9f#89-t1, previous=(t:1, i:1), leaderCommit=0, initializing? false, entries: <empty>
2019-08-29 11:55:27,976 [java.util.concurrent.ThreadPoolExecutor$Worker@4921c90b[State = -1, empty queue]] WARN  server.GrpcLogAppender (GrpcLogAppender.java:timeoutAppendRequest(200)) - GrpcLogAppender(7c3dea4a-666f-498f-b3ec-37d2b2f2aea0->03953c42-7b85-4ce6-8578-61fc97f729cc): appendEntries Timeout, request=7c3dea4a-666f-498f-b3ec-37d2b2f2aea0->03953c42-7b85-4ce6-8578-61fc97f729cc#88-t1, previous=(t:1, i:1), leaderCommit=0, initializing? false, entries: <empty>
2019-08-29 11:55:28,121 | INFO  | SCMAudit | user=jenkins1000 | ip=192.168.5.166 | op=SEND_HEARTBEAT {datanodeUUID=920b05f1-a92b-459a-a000-361715d4ee3d, command=[]} | ret=SUCCESS |  
2019-08-29 11:55:28,122 | INFO  | SCMAudit | user=jenkins1000 | ip=192.168.5.166 | op=SEND_HEARTBEAT {datanodeUUID=b34bc477-f594-4894-b3be-a6d4c994fd70, command=[]} | ret=SUCCESS |  
2019-08-29 11:55:28,122 | INFO  | SCMAudit | user=jenkins1000 | ip=192.168.5.166 | op=SEND_HEARTBEAT {datanodeUUID=42efee89-99fa-4c75-b2bf-b3a1b636c7a3, command=[]} | ret=SUCCESS |  
2019-08-29 11:55:28,411 | INFO  | SCMAudit | user=jenkins1000 | ip=192.168.5.166 | op=SEND_HEARTBEAT {datanodeUUID=e5b95ce0-1250-4c31-97f6-119a472050cb, command=[]} | ret=SUCCESS |  
2019-08-29 11:55:28,421 [ForkJoinPool.commonPool-worker-1] INFO  ozoneimpl.OzoneContainer (OzoneContainer.java:stop(199)) - Attempting to stop container services.
2019-08-29 11:55:28,421 [main] INFO  ozoneimpl.OzoneContainer (OzoneContainer.java:stop(199)) - Attempting to stop container services.
2019-08-29 11:55:28,422 [ForkJoinPool.commonPool-worker-1] INFO  impl.RaftServerProxy (RaftServerProxy.java:lambda$close$4(314)) - 03953c42-7b85-4ce6-8578-61fc97f729cc: close
2019-08-29 11:55:28,422 [main] INFO  impl.RaftServerProxy (RaftServerProxy.java:lambda$close$4(314)) - 4a332945-53dc-4c0b-b910-cfaf195ac63d: close
2019-08-29 11:55:28,424 [ForkJoinPool.commonPool-worker-1] INFO  impl.RaftServerImpl (RaftServerImpl.java:lambda$shutdown$3(245)) - 03953c42-7b85-4ce6-8578-61fc97f729cc: shutdown group-3F07011EC626
2019-08-29 11:55:28,424 [main] INFO  impl.RaftServerImpl (RaftServerImpl.java:lambda$shutdown$3(245)) - 4a332945-53dc-4c0b-b910-cfaf195ac63d: shutdown group-473A9B8954FF
2019-08-29 11:55:28,424 [ForkJoinPool.commonPool-worker-1] INFO  util.JmxRegister (JmxRegister.java:unregister(73)) - Successfully un-registered JMX Bean with object name Ratis:service=RaftServer,group=group-3F07011EC626,id=03953c42-7b85-4ce6-8578-61fc97f729cc
2019-08-29 11:55:28,424 [main] INFO  util.JmxRegister (JmxRegister.java:unregister(73)) - Successfully un-registered JMX Bean with object name Ratis:service=RaftServer,group=group-473A9B8954FF,id=4a332945-53dc-4c0b-b910-cfaf195ac63d
2019-08-29 11:55:28,425 [ForkJoinPool.commonPool-worker-1] INFO  impl.RoleInfo (RoleInfo.java:shutdownLeaderState(104)) - 03953c42-7b85-4ce6-8578-61fc97f729cc: shutdown LeaderState
2019-08-29 11:55:28,425 [main] INFO  impl.RoleInfo (RoleInfo.java:shutdownLeaderState(104)) - 4a332945-53dc-4c0b-b910-cfaf195ac63d: shutdown LeaderState
2019-08-29 11:55:28,425 [ForkJoinPool.commonPool-worker-1] INFO  impl.PendingRequests (PendingRequests.java:sendNotLeaderResponses(202)) - 03953c42-7b85-4ce6-8578-61fc97f729cc-PendingRequests: sendNotLeaderResponses
2019-08-29 11:55:28,429 | INFO  | SCMAudit | user=jenkins1000 | ip=192.168.5.166 | op=SEND_HEARTBEAT {datanodeUUID=7c3dea4a-666f-498f-b3ec-37d2b2f2aea0, command=[]} | ret=SUCCESS |  
2019-08-29 11:55:28,429 [main] INFO  impl.PendingRequests (PendingRequests.java:sendNotLeaderResponses(202)) - 4a332945-53dc-4c0b-b910-cfaf195ac63d-PendingRequests: sendNotLeaderResponses
2019-08-29 11:55:28,430 [ForkJoinPool.commonPool-worker-1] INFO  impl.StateMachineUpdater (StateMachineUpdater.java:stopAndJoin(115)) - StateMachineUpdater:03953c42-7b85-4ce6-8578-61fc97f729cc:group-3F07011EC626: set stopIndex = 0
2019-08-29 11:55:28,430 [main] INFO  impl.StateMachineUpdater (StateMachineUpdater.java:stopAndJoin(115)) - StateMachineUpdater:4a332945-53dc-4c0b-b910-cfaf195ac63d:group-473A9B8954FF: set stopIndex = 0
2019-08-29 11:55:28,433 [ForkJoinPool.commonPool-worker-1] INFO  impl.RaftServerImpl (ServerState.java:close(394)) - 03953c42-7b85-4ce6-8578-61fc97f729cc:group-3F07011EC626 closes. The last applied log index is 0
2019-08-29 11:55:28,433 [main] INFO  impl.RaftServerImpl (ServerState.java:close(394)) - 4a332945-53dc-4c0b-b910-cfaf195ac63d:group-473A9B8954FF closes. The last applied log index is 0
2019-08-29 11:55:28,435 [03953c42-7b85-4ce6-8578-61fc97f729cc-SegmentedRaftLogWorker:Storage Directory /workdir/hadoop-ozone/integration-test/target/test-dir/MiniOzoneClusterImpl-d5645d28-46c2-4d7d-99f2-1f02fc29b8b0/datanode-2/data/ratis/7c2b03b4-ce2f-42ec-93d7-3f07011ec626] INFO  segmented.SegmentedRaftLogWorker (SegmentedRaftLogWorker.java:run(313)) - 03953c42-7b85-4ce6-8578-61fc97f729cc-SegmentedRaftLogWorker:Storage Directory /workdir/hadoop-ozone/integration-test/target/test-dir/MiniOzoneClusterImpl-d5645d28-46c2-4d7d-99f2-1f02fc29b8b0/datanode-2/data/ratis/7c2b03b4-ce2f-42ec-93d7-3f07011ec626 was interrupted, exiting. There are 0 tasks remaining in the queue.
2019-08-29 11:55:28,435 [4a332945-53dc-4c0b-b910-cfaf195ac63d-SegmentedRaftLogWorker:Storage Directory /workdir/hadoop-ozone/integration-test/target/test-dir/MiniOzoneClusterImpl-d5645d28-46c2-4d7d-99f2-1f02fc29b8b0/datanode-5/data/ratis/d8d38c04-0485-4715-af9c-473a9b8954ff] INFO  segmented.SegmentedRaftLogWorker (SegmentedRaftLogWorker.java:run(313)) - 4a332945-53dc-4c0b-b910-cfaf195ac63d-SegmentedRaftLogWorker:Storage Directory /workdir/hadoop-ozone/integration-test/target/test-dir/MiniOzoneClusterImpl-d5645d28-46c2-4d7d-99f2-1f02fc29b8b0/datanode-5/data/ratis/d8d38c04-0485-4715-af9c-473a9b8954ff was interrupted, exiting. There are 0 tasks remaining in the queue.
2019-08-29 11:55:28,471 | INFO  | SCMAudit | user=jenkins1000 | ip=192.168.5.166 | op=SEND_HEARTBEAT {datanodeUUID=eec05b1d-f4e8-4418-a60c-420e12deef9f, command=[]} | ret=SUCCESS |  
2019-08-29 11:55:28,476 [java.util.concurrent.ThreadPoolExecutor$Worker@7085d04d[State = -1, empty queue]] WARN  server.GrpcLogAppender (GrpcLogAppender.java:timeoutAppendRequest(200)) - GrpcLogAppender(7c3dea4a-666f-498f-b3ec-37d2b2f2aea0->eec05b1d-f4e8-4418-a60c-420e12deef9f): appendEntries Timeout, request=7c3dea4a-666f-498f-b3ec-37d2b2f2aea0->eec05b1d-f4e8-4418-a60c-420e12deef9f#90-t1, previous=(t:1, i:1), leaderCommit=0, initializing? false, entries: <empty>
2019-08-29 11:55:28,476 [java.util.concurrent.ThreadPoolExecutor$Worker@4921c90b[State = -1, empty queue]] WARN  server.GrpcLogAppender (GrpcLogAppender.java:timeoutAppendRequest(200)) - GrpcLogAppender(7c3dea4a-666f-498f-b3ec-37d2b2f2aea0->03953c42-7b85-4ce6-8578-61fc97f729cc): appendEntries Timeout, request=7c3dea4a-666f-498f-b3ec-37d2b2f2aea0->03953c42-7b85-4ce6-8578-61fc97f729cc#89-t1, previous=(t:1, i:1), leaderCommit=0, initializing? false, entries: <empty>
2019-08-29 11:55:28,494 [ForkJoinPool.commonPool-worker-1] INFO  segmented.SegmentedRaftLogWorker (SegmentedRaftLogWorker.java:close(228)) - 03953c42-7b85-4ce6-8578-61fc97f729cc-SegmentedRaftLogWorker:Storage Directory /workdir/hadoop-ozone/integration-test/target/test-dir/MiniOzoneClusterImpl-d5645d28-46c2-4d7d-99f2-1f02fc29b8b0/datanode-2/data/ratis/7c2b03b4-ce2f-42ec-93d7-3f07011ec626 close()
2019-08-29 11:55:28,494 [4a332945-53dc-4c0b-b910-cfaf195ac63d:group-39336B115318:LeaderElection48] INFO  impl.LeaderElection (LeaderElection.java:askForVotes(181)) - 4a332945-53dc-4c0b-b910-cfaf195ac63d:group-39336B115318:LeaderElection48: begin an election at term 13 for -1: [4a332945-53dc-4c0b-b910-cfaf195ac63d:192.168.5.166:44887, 07dabde0-c17e-46ed-9a55-144838a04ea2:192.168.5.166:46770, bd7d2b3e-70a9-4c18-9e48-3057ca72b747:192.168.5.166:45844], old=null
2019-08-29 11:55:28,494 [main] INFO  segmented.SegmentedRaftLogWorker (SegmentedRaftLogWorker.java:close(228)) - 4a332945-53dc-4c0b-b910-cfaf195ac63d-SegmentedRaftLogWorker:Storage Directory /workdir/hadoop-ozone/integration-test/target/test-dir/MiniOzoneClusterImpl-d5645d28-46c2-4d7d-99f2-1f02fc29b8b0/datanode-5/data/ratis/d8d38c04-0485-4715-af9c-473a9b8954ff close()
2019-08-29 11:55:28,494 [07dabde0-c17e-46ed-9a55-144838a04ea2:group-39336B115318:LeaderElection49] INFO  impl.LeaderElection (LeaderElection.java:askForVotes(181)) - 07dabde0-c17e-46ed-9a55-144838a04ea2:group-39336B115318:LeaderElection49: begin an election at term 13 for 0: [4a332945-53dc-4c0b-b910-cfaf195ac63d:192.168.5.166:44887, 07dabde0-c17e-46ed-9a55-144838a04ea2:192.168.5.166:46770, bd7d2b3e-70a9-4c18-9e48-3057ca72b747:192.168.5.166:45844], old=null
2019-08-29 11:55:28,494 [bd7d2b3e-70a9-4c18-9e48-3057ca72b747:group-39336B115318:LeaderElection50] INFO  impl.LeaderElection (LeaderElection.java:askForVotes(181)) - bd7d2b3e-70a9-4c18-9e48-3057ca72b747:group-39336B115318:LeaderElection50: begin an election at term 13 for -1: [4a332945-53dc-4c0b-b910-cfaf195ac63d:192.168.5.166:44887, 07dabde0-c17e-46ed-9a55-144838a04ea2:192.168.5.166:46770, bd7d2b3e-70a9-4c18-9e48-3057ca72b747:192.168.5.166:45844], old=null
2019-08-29 11:55:28,506 [main] INFO  impl.RaftServerImpl (RaftServerImpl.java:lambda$shutdown$3(245)) - 4a332945-53dc-4c0b-b910-cfaf195ac63d: shutdown group-39336B115318
2019-08-29 11:55:28,501 [ForkJoinPool.commonPool-worker-1] INFO  impl.RaftServerImpl (RaftServerImpl.java:lambda$shutdown$3(245)) - 03953c42-7b85-4ce6-8578-61fc97f729cc: shutdown group-A160427A8A7F
2019-08-29 11:55:28,507 [main] INFO  util.JmxRegister (JmxRegister.java:unregister(73)) - Successfully un-registered JMX Bean with object name Ratis:service=RaftServer,group=group-39336B115318,id=4a332945-53dc-4c0b-b910-cfaf195ac63d
2019-08-29 11:55:28,507 [ForkJoinPool.commonPool-worker-1] INFO  util.JmxRegister (JmxRegister.java:unregister(73)) - Successfully un-registered JMX Bean with object name Ratis:service=RaftServer,group=group-A160427A8A7F,id=03953c42-7b85-4ce6-8578-61fc97f729cc
2019-08-29 11:55:28,508 [main] INFO  impl.RoleInfo (RoleInfo.java:shutdownLeaderElection(134)) - 4a332945-53dc-4c0b-b910-cfaf195ac63d: shutdown LeaderElection
2019-08-29 11:55:28,508 [ForkJoinPool.commonPool-worker-1] INFO  impl.RoleInfo (RoleInfo.java:shutdownFollowerState(121)) - 03953c42-7b85-4ce6-8578-61fc97f729cc: shutdown FollowerState
2019-08-29 11:55:28,509 [ForkJoinPool.commonPool-worker-1] INFO  impl.StateMachineUpdater (StateMachineUpdater.java:stopAndJoin(115)) - StateMachineUpdater:03953c42-7b85-4ce6-8578-61fc97f729cc:group-A160427A8A7F: set stopIndex = 0
2019-08-29 11:55:28,510 [ForkJoinPool.commonPool-worker-1] INFO  impl.RaftServerImpl (ServerState.java:close(394)) - 03953c42-7b85-4ce6-8578-61fc97f729cc:group-A160427A8A7F closes. The last applied log index is 0
2019-08-29 11:55:28,510 [main] INFO  impl.StateMachineUpdater (StateMachineUpdater.java:stopAndJoin(115)) - StateMachineUpdater:4a332945-53dc-4c0b-b910-cfaf195ac63d:group-39336B115318: set stopIndex = -1
2019-08-29 11:55:28,511 [main] INFO  impl.RaftServerImpl (ServerState.java:close(394)) - 4a332945-53dc-4c0b-b910-cfaf195ac63d:group-39336B115318 closes. The last applied log index is -1
2019-08-29 11:55:28,510 [Thread-396] INFO  impl.FollowerState (FollowerState.java:run(114)) - 03953c42-7b85-4ce6-8578-61fc97f729cc: FollowerState was interrupted: java.lang.InterruptedException: sleep interrupted
2019-08-29 11:55:28,512 [4a332945-53dc-4c0b-b910-cfaf195ac63d-SegmentedRaftLogWorker:Storage Directory /workdir/hadoop-ozone/integration-test/target/test-dir/MiniOzoneClusterImpl-d5645d28-46c2-4d7d-99f2-1f02fc29b8b0/datanode-5/data/ratis/de5feacf-52c6-40b2-b983-39336b115318] INFO  segmented.SegmentedRaftLogWorker (SegmentedRaftLogWorker.java:run(313)) - 4a332945-53dc-4c0b-b910-cfaf195ac63d-SegmentedRaftLogWorker:Storage Directory /workdir/hadoop-ozone/integration-test/target/test-dir/MiniOzoneClusterImpl-d5645d28-46c2-4d7d-99f2-1f02fc29b8b0/datanode-5/data/ratis/de5feacf-52c6-40b2-b983-39336b115318 was interrupted, exiting. There are 0 tasks remaining in the queue.
2019-08-29 11:55:28,512 [4a332945-53dc-4c0b-b910-cfaf195ac63d:group-39336B115318:LeaderElection48] INFO  impl.LeaderElection (LeaderElection.java:logAndReturn(56)) - 4a332945-53dc-4c0b-b910-cfaf195ac63d:group-39336B115318:LeaderElection48: Election REJECTED; received 1 response(s) [4a332945-53dc-4c0b-b910-cfaf195ac63d<-bd7d2b3e-70a9-4c18-9e48-3057ca72b747#0:FAIL-t13] and 0 exception(s); 4a332945-53dc-4c0b-b910-cfaf195ac63d:t13, leader=null, voted=4a332945-53dc-4c0b-b910-cfaf195ac63d, raftlog=4a332945-53dc-4c0b-b910-cfaf195ac63d-SegmentedRaftLog:OPENED:c-1,f-1,i0, conf=-1: [4a332945-53dc-4c0b-b910-cfaf195ac63d:192.168.5.166:44887, 07dabde0-c17e-46ed-9a55-144838a04ea2:192.168.5.166:46770, bd7d2b3e-70a9-4c18-9e48-3057ca72b747:192.168.5.166:45844], old=null
2019-08-29 11:55:28,512 [main] INFO  segmented.SegmentedRaftLogWorker (SegmentedRaftLogWorker.java:close(228)) - 4a332945-53dc-4c0b-b910-cfaf195ac63d-SegmentedRaftLogWorker:Storage Directory /workdir/hadoop-ozone/integration-test/target/test-dir/MiniOzoneClusterImpl-d5645d28-46c2-4d7d-99f2-1f02fc29b8b0/datanode-5/data/ratis/de5feacf-52c6-40b2-b983-39336b115318 close()
2019-08-29 11:55:28,512 [grpc-default-executor-2] WARN  server.GrpcServerProtocolService (LogUtils.java:warn(134)) - 4a332945-53dc-4c0b-b910-cfaf195ac63d: Failed requestVote 07dabde0-c17e-46ed-9a55-144838a04ea2->4a332945-53dc-4c0b-b910-cfaf195ac63d#0: org.apache.ratis.protocol.ServerNotReadyException: Server 4a332945-53dc-4c0b-b910-cfaf195ac63d is not [RUNNING]: current state is CLOSING
2019-08-29 11:55:28,520 [main] INFO  server.GrpcService (GrpcService.java:closeImpl(155)) - 4a332945-53dc-4c0b-b910-cfaf195ac63d: shutdown server with port 44887 now
2019-08-29 11:55:28,520 [grpc-default-executor-3] WARN  server.GrpcServerProtocolService (LogUtils.java:warn(134)) - 4a332945-53dc-4c0b-b910-cfaf195ac63d: Failed requestVote bd7d2b3e-70a9-4c18-9e48-3057ca72b747->4a332945-53dc-4c0b-b910-cfaf195ac63d#0: org.apache.ratis.protocol.ServerNotReadyException: Server 4a332945-53dc-4c0b-b910-cfaf195ac63d is not [RUNNING]: current state is CLOSED
2019-08-29 11:55:28,525 [main] INFO  server.GrpcService (GrpcService.java:closeImpl(163)) - 4a332945-53dc-4c0b-b910-cfaf195ac63d: shutdown server with port 44887 successfully
2019-08-29 11:55:28,527 [bd7d2b3e-70a9-4c18-9e48-3057ca72b747:group-39336B115318:LeaderElection50] INFO  impl.LeaderElection (LogUtils.java:infoOrTrace(149)) - bd7d2b3e-70a9-4c18-9e48-3057ca72b747:group-39336B115318:LeaderElection50 got exception when requesting votes: {}
java.util.concurrent.ExecutionException: org.apache.ratis.thirdparty.io.grpc.StatusRuntimeException: CANCELLED: HTTP/2 error code: CANCEL
Received Rst Stream
	at java.util.concurrent.FutureTask.report(FutureTask.java:122)
	at java.util.concurrent.FutureTask.get(FutureTask.java:192)
	at org.apache.ratis.server.impl.LeaderElection.waitForResults(LeaderElection.java:262)
	at org.apache.ratis.server.impl.LeaderElection.askForVotes(LeaderElection.java:200)
	at org.apache.ratis.server.impl.LeaderElection.run(LeaderElection.java:130)
	at java.lang.Thread.run(Thread.java:748)
Caused by: org.apache.ratis.thirdparty.io.grpc.StatusRuntimeException: CANCELLED: HTTP/2 error code: CANCEL
Received Rst Stream
	at org.apache.ratis.thirdparty.io.grpc.stub.ClientCalls.toStatusRuntimeException(ClientCalls.java:233)
	at org.apache.ratis.thirdparty.io.grpc.stub.ClientCalls.getUnchecked(ClientCalls.java:214)
	at org.apache.ratis.thirdparty.io.grpc.stub.ClientCalls.blockingUnaryCall(ClientCalls.java:139)
	at org.apache.ratis.proto.grpc.RaftServerProtocolServiceGrpc$RaftServerProtocolServiceBlockingStub.requestVote(RaftServerProtocolServiceGrpc.java:265)
	at org.apache.ratis.grpc.server.GrpcServerProtocolClient.requestVote(GrpcServerProtocolClient.java:83)
	at org.apache.ratis.grpc.server.GrpcService.requestVote(GrpcService.java:195)
	at org.apache.ratis.server.impl.LeaderElection.lambda$submitRequests$1(LeaderElection.java:237)
	at java.util.concurrent.FutureTask.run(FutureTask.java:266)
	at java.util.concurrent.Executors$RunnableAdapter.call(Executors.java:511)
	at java.util.concurrent.FutureTask.run(FutureTask.java:266)
	at java.util.concurrent.ThreadPoolExecutor.runWorker(ThreadPoolExecutor.java:1149)
	at java.util.concurrent.ThreadPoolExecutor$Worker.run(ThreadPoolExecutor.java:624)
	... 1 more
2019-08-29 11:55:28,527 [07dabde0-c17e-46ed-9a55-144838a04ea2:group-39336B115318:LeaderElection49] INFO  impl.LeaderElection (LogUtils.java:infoOrTrace(149)) - 07dabde0-c17e-46ed-9a55-144838a04ea2:group-39336B115318:LeaderElection49 got exception when requesting votes: {}
java.util.concurrent.ExecutionException: org.apache.ratis.thirdparty.io.grpc.StatusRuntimeException: CANCELLED: HTTP/2 error code: CANCEL
Received Rst Stream
	at java.util.concurrent.FutureTask.report(FutureTask.java:122)
	at java.util.concurrent.FutureTask.get(FutureTask.java:192)
	at org.apache.ratis.server.impl.LeaderElection.waitForResults(LeaderElection.java:262)
	at org.apache.ratis.server.impl.LeaderElection.askForVotes(LeaderElection.java:200)
	at org.apache.ratis.server.impl.LeaderElection.run(LeaderElection.java:130)
	at java.lang.Thread.run(Thread.java:748)
Caused by: org.apache.ratis.thirdparty.io.grpc.StatusRuntimeException: CANCELLED: HTTP/2 error code: CANCEL
Received Rst Stream
	at org.apache.ratis.thirdparty.io.grpc.stub.ClientCalls.toStatusRuntimeException(ClientCalls.java:233)
	at org.apache.ratis.thirdparty.io.grpc.stub.ClientCalls.getUnchecked(ClientCalls.java:214)
	at org.apache.ratis.thirdparty.io.grpc.stub.ClientCalls.blockingUnaryCall(ClientCalls.java:139)
	at org.apache.ratis.proto.grpc.RaftServerProtocolServiceGrpc$RaftServerProtocolServiceBlockingStub.requestVote(RaftServerProtocolServiceGrpc.java:265)
	at org.apache.ratis.grpc.server.GrpcServerProtocolClient.requestVote(GrpcServerProtocolClient.java:83)
	at org.apache.ratis.grpc.server.GrpcService.requestVote(GrpcService.java:195)
	at org.apache.ratis.server.impl.LeaderElection.lambda$submitRequests$1(LeaderElection.java:237)
	at java.util.concurrent.FutureTask.run(FutureTask.java:266)
	at java.util.concurrent.Executors$RunnableAdapter.call(Executors.java:511)
	at java.util.concurrent.FutureTask.run(FutureTask.java:266)
	at java.util.concurrent.ThreadPoolExecutor.runWorker(ThreadPoolExecutor.java:1149)
	at java.util.concurrent.ThreadPoolExecutor$Worker.run(ThreadPoolExecutor.java:624)
	... 1 more
2019-08-29 11:55:28,532 [bd7d2b3e-70a9-4c18-9e48-3057ca72b747:group-39336B115318:LeaderElection50] INFO  impl.LeaderElection (LeaderElection.java:logAndReturn(56)) - bd7d2b3e-70a9-4c18-9e48-3057ca72b747:group-39336B115318:LeaderElection50: Election REJECTED; received 1 response(s) [bd7d2b3e-70a9-4c18-9e48-3057ca72b747<-07dabde0-c17e-46ed-9a55-144838a04ea2#0:FAIL-t13] and 1 exception(s); bd7d2b3e-70a9-4c18-9e48-3057ca72b747:t13, leader=null, voted=bd7d2b3e-70a9-4c18-9e48-3057ca72b747, raftlog=bd7d2b3e-70a9-4c18-9e48-3057ca72b747-SegmentedRaftLog:OPENED:c-1,f-1,i0, conf=-1: [4a332945-53dc-4c0b-b910-cfaf195ac63d:192.168.5.166:44887, 07dabde0-c17e-46ed-9a55-144838a04ea2:192.168.5.166:46770, bd7d2b3e-70a9-4c18-9e48-3057ca72b747:192.168.5.166:45844], old=null
2019-08-29 11:55:28,532 [03953c42-7b85-4ce6-8578-61fc97f729cc-SegmentedRaftLogWorker:Storage Directory /workdir/hadoop-ozone/integration-test/target/test-dir/MiniOzoneClusterImpl-d5645d28-46c2-4d7d-99f2-1f02fc29b8b0/datanode-2/data/ratis/3e734320-d6b4-447e-b544-a160427a8a7f] ERROR ratis.XceiverServerRatis (XceiverServerRatis.java:triggerPipelineClose(561)) - pipeline Action CLOSE  on pipeline PipelineID=3e734320-d6b4-447e-b544-a160427a8a7f.Reason : WriteLog:1: (t:1, i:1), STATEMACHINELOGENTRY, client-4E6D378CCEEF, cid=27-writeStateMachineData interrupted.
2019-08-29 11:55:28,535 [07dabde0-c17e-46ed-9a55-144838a04ea2:group-39336B115318:LeaderElection49] INFO  impl.LeaderElection (LeaderElection.java:logAndReturn(56)) - 07dabde0-c17e-46ed-9a55-144838a04ea2:group-39336B115318:LeaderElection49: Election REJECTED; received 1 response(s) [07dabde0-c17e-46ed-9a55-144838a04ea2<-bd7d2b3e-70a9-4c18-9e48-3057ca72b747#0:FAIL-t13] and 1 exception(s); 07dabde0-c17e-46ed-9a55-144838a04ea2:t13, leader=null, voted=07dabde0-c17e-46ed-9a55-144838a04ea2, raftlog=07dabde0-c17e-46ed-9a55-144838a04ea2-SegmentedRaftLog:OPENED:c-1,f0,i0, conf=0: [4a332945-53dc-4c0b-b910-cfaf195ac63d:192.168.5.166:44887, 07dabde0-c17e-46ed-9a55-144838a04ea2:192.168.5.166:46770, bd7d2b3e-70a9-4c18-9e48-3057ca72b747:192.168.5.166:45844], old=null
2019-08-29 11:55:28,535 [bd7d2b3e-70a9-4c18-9e48-3057ca72b747:group-39336B115318:LeaderElection50] INFO  impl.LeaderElection (LogUtils.java:infoOrTrace(149)) -   Exception 0: {}
java.util.concurrent.ExecutionException: org.apache.ratis.thirdparty.io.grpc.StatusRuntimeException: CANCELLED: HTTP/2 error code: CANCEL
Received Rst Stream
	at java.util.concurrent.FutureTask.report(FutureTask.java:122)
	at java.util.concurrent.FutureTask.get(FutureTask.java:192)
	at org.apache.ratis.server.impl.LeaderElection.waitForResults(LeaderElection.java:262)
	at org.apache.ratis.server.impl.LeaderElection.askForVotes(LeaderElection.java:200)
	at org.apache.ratis.server.impl.LeaderElection.run(LeaderElection.java:130)
	at java.lang.Thread.run(Thread.java:748)
Caused by: org.apache.ratis.thirdparty.io.grpc.StatusRuntimeException: CANCELLED: HTTP/2 error code: CANCEL
Received Rst Stream
	at org.apache.ratis.thirdparty.io.grpc.stub.ClientCalls.toStatusRuntimeException(ClientCalls.java:233)
	at org.apache.ratis.thirdparty.io.grpc.stub.ClientCalls.getUnchecked(ClientCalls.java:214)
	at org.apache.ratis.thirdparty.io.grpc.stub.ClientCalls.blockingUnaryCall(ClientCalls.java:139)
	at org.apache.ratis.proto.grpc.RaftServerProtocolServiceGrpc$RaftServerProtocolServiceBlockingStub.requestVote(RaftServerProtocolServiceGrpc.java:265)
	at org.apache.ratis.grpc.server.GrpcServerProtocolClient.requestVote(GrpcServerProtocolClient.java:83)
	at org.apache.ratis.grpc.server.GrpcService.requestVote(GrpcService.java:195)
	at org.apache.ratis.server.impl.LeaderElection.lambda$submitRequests$1(LeaderElection.java:237)
	at java.util.concurrent.FutureTask.run(FutureTask.java:266)
	at java.util.concurrent.Executors$RunnableAdapter.call(Executors.java:511)
	at java.util.concurrent.FutureTask.run(FutureTask.java:266)
	at java.util.concurrent.ThreadPoolExecutor.runWorker(ThreadPoolExecutor.java:1149)
	at java.util.concurrent.ThreadPoolExecutor$Worker.run(ThreadPoolExecutor.java:624)
	... 1 more
2019-08-29 11:55:28,537 [ForkJoinPool.commonPool-worker-1] INFO  segmented.SegmentedRaftLogWorker (SegmentedRaftLogWorker.java:close(228)) - 03953c42-7b85-4ce6-8578-61fc97f729cc-SegmentedRaftLogWorker:Storage Directory /workdir/hadoop-ozone/integration-test/target/test-dir/MiniOzoneClusterImpl-d5645d28-46c2-4d7d-99f2-1f02fc29b8b0/datanode-2/data/ratis/3e734320-d6b4-447e-b544-a160427a8a7f close()
2019-08-29 11:55:28,537 [07dabde0-c17e-46ed-9a55-144838a04ea2:group-39336B115318:LeaderElection49] INFO  impl.LeaderElection (LogUtils.java:infoOrTrace(149)) -   Exception 0: {}
java.util.concurrent.ExecutionException: org.apache.ratis.thirdparty.io.grpc.StatusRuntimeException: CANCELLED: HTTP/2 error code: CANCEL
Received Rst Stream
	at java.util.concurrent.FutureTask.report(FutureTask.java:122)
	at java.util.concurrent.FutureTask.get(FutureTask.java:192)
	at org.apache.ratis.server.impl.LeaderElection.waitForResults(LeaderElection.java:262)
	at org.apache.ratis.server.impl.LeaderElection.askForVotes(LeaderElection.java:200)
	at org.apache.ratis.server.impl.LeaderElection.run(LeaderElection.java:130)
	at java.lang.Thread.run(Thread.java:748)
Caused by: org.apache.ratis.thirdparty.io.grpc.StatusRuntimeException: CANCELLED: HTTP/2 error code: CANCEL
Received Rst Stream
	at org.apache.ratis.thirdparty.io.grpc.stub.ClientCalls.toStatusRuntimeException(ClientCalls.java:233)
	at org.apache.ratis.thirdparty.io.grpc.stub.ClientCalls.getUnchecked(ClientCalls.java:214)
	at org.apache.ratis.thirdparty.io.grpc.stub.ClientCalls.blockingUnaryCall(ClientCalls.java:139)
	at org.apache.ratis.proto.grpc.RaftServerProtocolServiceGrpc$RaftServerProtocolServiceBlockingStub.requestVote(RaftServerProtocolServiceGrpc.java:265)
	at org.apache.ratis.grpc.server.GrpcServerProtocolClient.requestVote(GrpcServerProtocolClient.java:83)
	at org.apache.ratis.grpc.server.GrpcService.requestVote(GrpcService.java:195)
	at org.apache.ratis.server.impl.LeaderElection.lambda$submitRequests$1(LeaderElection.java:237)
	at java.util.concurrent.FutureTask.run(FutureTask.java:266)
	at java.util.concurrent.Executors$RunnableAdapter.call(Executors.java:511)
	at java.util.concurrent.FutureTask.run(FutureTask.java:266)
	at java.util.concurrent.ThreadPoolExecutor.runWorker(ThreadPoolExecutor.java:1149)
	at java.util.concurrent.ThreadPoolExecutor$Worker.run(ThreadPoolExecutor.java:624)
	... 1 more
2019-08-29 11:55:28,542 [ForkJoinPool.commonPool-worker-1] INFO  server.GrpcService (GrpcService.java:closeImpl(155)) - 03953c42-7b85-4ce6-8578-61fc97f729cc: shutdown server with port 36331 now
2019-08-29 11:55:28,538 [bd7d2b3e-70a9-4c18-9e48-3057ca72b747:group-39336B115318:LeaderElection50] INFO  impl.RaftServerImpl (RaftServerImpl.java:setRole(171)) - bd7d2b3e-70a9-4c18-9e48-3057ca72b747:group-39336B115318 changes role from CANDIDATE to FOLLOWER at term 13 for DISCOVERED_A_NEW_TERM
2019-08-29 11:55:28,542 [07dabde0-c17e-46ed-9a55-144838a04ea2:group-39336B115318:LeaderElection49] INFO  impl.RaftServerImpl (RaftServerImpl.java:setRole(171)) - 07dabde0-c17e-46ed-9a55-144838a04ea2:group-39336B115318 changes role from CANDIDATE to FOLLOWER at term 13 for DISCOVERED_A_NEW_TERM
2019-08-29 11:55:28,542 [bd7d2b3e-70a9-4c18-9e48-3057ca72b747:group-39336B115318:LeaderElection50] INFO  impl.RoleInfo (RoleInfo.java:shutdownLeaderElection(134)) - bd7d2b3e-70a9-4c18-9e48-3057ca72b747: shutdown LeaderElection
2019-08-29 11:55:28,542 [07dabde0-c17e-46ed-9a55-144838a04ea2:group-39336B115318:LeaderElection49] INFO  impl.RoleInfo (RoleInfo.java:shutdownLeaderElection(134)) - 07dabde0-c17e-46ed-9a55-144838a04ea2: shutdown LeaderElection
2019-08-29 11:55:28,542 [bd7d2b3e-70a9-4c18-9e48-3057ca72b747:group-39336B115318:LeaderElection50] INFO  impl.RoleInfo (RoleInfo.java:updateAndGet(143)) - bd7d2b3e-70a9-4c18-9e48-3057ca72b747: start FollowerState
2019-08-29 11:55:28,543 [07dabde0-c17e-46ed-9a55-144838a04ea2:group-39336B115318:LeaderElection49] INFO  impl.RoleInfo (RoleInfo.java:updateAndGet(143)) - 07dabde0-c17e-46ed-9a55-144838a04ea2: start FollowerState
2019-08-29 11:55:28,543 [ForkJoinPool.commonPool-worker-1] INFO  server.GrpcService (GrpcService.java:closeImpl(163)) - 03953c42-7b85-4ce6-8578-61fc97f729cc: shutdown server with port 36331 successfully
2019-08-29 11:55:28,544 [grpc-default-executor-3] WARN  server.GrpcServerProtocolService (LogUtils.java:warn(134)) - 03953c42-7b85-4ce6-8578-61fc97f729cc: appendEntries onError: org.apache.ratis.thirdparty.io.grpc.StatusRuntimeException: CANCELLED: cancelled before receiving half close
2019-08-29 11:55:28,544 [grpc-default-executor-2] WARN  server.GrpcLogAppender (LogUtils.java:warn(134)) - 7c3dea4a-666f-498f-b3ec-37d2b2f2aea0->03953c42-7b85-4ce6-8578-61fc97f729cc: Failed appendEntries: org.apache.ratis.thirdparty.io.grpc.StatusRuntimeException: CANCELLED: HTTP/2 error code: CANCEL
Received Rst Stream
2019-08-29 11:55:28,545 [grpc-default-executor-2] INFO  impl.FollowerInfo (FollowerInfo.java:lambda$new$0(50)) - 7c3dea4a-666f-498f-b3ec-37d2b2f2aea0->03953c42-7b85-4ce6-8578-61fc97f729cc: nextIndex: updateUnconditionally 2 -> 1
2019-08-29 11:55:28,549 [main] INFO  utils.BackgroundService (BackgroundService.java:shutdown(148)) - Shutting down service BlockDeletingService
2019-08-29 11:55:28,551 [refreshUsed-/workdir/hadoop-ozone/integration-test/target/test-dir/MiniOzoneClusterImpl-d5645d28-46c2-4d7d-99f2-1f02fc29b8b0/datanode-5/data/containers] WARN  fs.CachingGetSpaceUsed (CachingGetSpaceUsed.java:run(183)) - Thread Interrupted waiting to refresh disk information: sleep interrupted
2019-08-29 11:55:28,552 [ForkJoinPool.commonPool-worker-1] INFO  utils.BackgroundService (BackgroundService.java:shutdown(148)) - Shutting down service BlockDeletingService
2019-08-29 11:55:28,559 [refreshUsed-/workdir/hadoop-ozone/integration-test/target/test-dir/MiniOzoneClusterImpl-d5645d28-46c2-4d7d-99f2-1f02fc29b8b0/datanode-2/data/containers] WARN  fs.CachingGetSpaceUsed (CachingGetSpaceUsed.java:run(183)) - Thread Interrupted waiting to refresh disk information: sleep interrupted
2019-08-29 11:55:28,578 [main] INFO  statemachine.DatanodeStateMachine (DatanodeStateMachine.java:stopDaemon(395)) - Ozone container server stopped.
2019-08-29 11:55:28,585 [ForkJoinPool.commonPool-worker-1] INFO  statemachine.DatanodeStateMachine (DatanodeStateMachine.java:stopDaemon(395)) - Ozone container server stopped.
2019-08-29 11:55:28,590 [main] INFO  handler.ContextHandler (ContextHandler.java:doStop(910)) - Stopped o.e.j.w.WebAppContext@2a484710{/,null,UNAVAILABLE}{/hddsDatanode}
2019-08-29 11:55:28,590 [ForkJoinPool.commonPool-worker-1] INFO  handler.ContextHandler (ContextHandler.java:doStop(910)) - Stopped o.e.j.w.WebAppContext@756b2d90{/,null,UNAVAILABLE}{/hddsDatanode}
2019-08-29 11:55:28,593 [main] INFO  server.AbstractConnector (AbstractConnector.java:doStop(318)) - Stopped ServerConnector@661e1399{HTTP/1.1,[http/1.1]}{0.0.0.0:0}
2019-08-29 11:55:28,593 [ForkJoinPool.commonPool-worker-1] INFO  server.AbstractConnector (AbstractConnector.java:doStop(318)) - Stopped ServerConnector@3520958b{HTTP/1.1,[http/1.1]}{0.0.0.0:0}
2019-08-29 11:55:28,594 [main] INFO  handler.ContextHandler (ContextHandler.java:doStop(910)) - Stopped o.e.j.s.ServletContextHandler@5d7f8467{/static,jar:file:/home/user/.m2/repository/org/apache/hadoop/hadoop-hdds-container-service/0.5.0-SNAPSHOT/hadoop-hdds-container-service-0.5.0-SNAPSHOT.jar!/webapps/static,UNAVAILABLE}
2019-08-29 11:55:28,596 [ForkJoinPool.commonPool-worker-1] INFO  handler.ContextHandler (ContextHandler.java:doStop(910)) - Stopped o.e.j.s.ServletContextHandler@448c92fc{/static,jar:file:/home/user/.m2/repository/org/apache/hadoop/hadoop-hdds-container-service/0.5.0-SNAPSHOT/hadoop-hdds-container-service-0.5.0-SNAPSHOT.jar!/webapps/static,UNAVAILABLE}
2019-08-29 11:55:28,596 [main] INFO  handler.ContextHandler (ContextHandler.java:doStop(910)) - Stopped o.e.j.s.ServletContextHandler@4f5c30b1{/logs,file:///workdir/hadoop-ozone/integration-test/target/log,UNAVAILABLE}
2019-08-29 11:55:28,598 [ForkJoinPool.commonPool-worker-1] INFO  handler.ContextHandler (ContextHandler.java:doStop(910)) - Stopped o.e.j.s.ServletContextHandler@590d6c76{/logs,file:///workdir/hadoop-ozone/integration-test/target/log,UNAVAILABLE}
2019-08-29 11:55:28,599 | INFO  | SCMAudit | user=jenkins1000 | ip=192.168.5.166 | op=SEND_HEARTBEAT {datanodeUUID=bd7d2b3e-70a9-4c18-9e48-3057ca72b747, command=[]} | ret=SUCCESS |  
2019-08-29 11:55:28,601 [main] INFO  datanode.ObjectStoreHandler (ObjectStoreHandler.java:close(155)) - Closing ObjectStoreHandler.
2019-08-29 11:55:28,601 [ForkJoinPool.commonPool-worker-1] INFO  datanode.ObjectStoreHandler (ObjectStoreHandler.java:close(155)) - Closing ObjectStoreHandler.
2019-08-29 11:55:28,602 [ForkJoinPool.commonPool-worker-1] INFO  ozone.HddsDatanodeService (HddsDatanodeService.java:stop(451)) - Stopped plug-in org.apache.hadoop.ozone.web.OzoneHddsDatanodeService@7f22687e
2019-08-29 11:55:28,602 [main] INFO  ozone.HddsDatanodeService (HddsDatanodeService.java:stop(451)) - Stopped plug-in org.apache.hadoop.ozone.web.OzoneHddsDatanodeService@56ec6960
2019-08-29 11:55:28,854 | INFO  | SCMAudit | user=jenkins1000 | ip=192.168.5.166 | op=SEND_HEARTBEAT {datanodeUUID=07dabde0-c17e-46ed-9a55-144838a04ea2, command=[]} | ret=SUCCESS |  
2019-08-29 11:55:28,976 [java.util.concurrent.ThreadPoolExecutor$Worker@7085d04d[State = -1, empty queue]] WARN  server.GrpcLogAppender (GrpcLogAppender.java:timeoutAppendRequest(200)) - GrpcLogAppender(7c3dea4a-666f-498f-b3ec-37d2b2f2aea0->eec05b1d-f4e8-4418-a60c-420e12deef9f): appendEntries Timeout, request=7c3dea4a-666f-498f-b3ec-37d2b2f2aea0->eec05b1d-f4e8-4418-a60c-420e12deef9f#91-t1, previous=(t:1, i:1), leaderCommit=0, initializing? false, entries: <empty>
2019-08-29 11:55:28,990 [grpc-default-executor-2] WARN  server.GrpcLogAppender (LogUtils.java:warn(134)) - 7c3dea4a-666f-498f-b3ec-37d2b2f2aea0->03953c42-7b85-4ce6-8578-61fc97f729cc: Failed appendEntries: org.apache.ratis.thirdparty.io.grpc.StatusRuntimeException: UNAVAILABLE: io exception
2019-08-29 11:55:28,993 [grpc-default-executor-2] INFO  impl.FollowerInfo (FollowerInfo.java:lambda$new$0(50)) - 7c3dea4a-666f-498f-b3ec-37d2b2f2aea0->03953c42-7b85-4ce6-8578-61fc97f729cc: nextIndex: updateUnconditionally 1 -> 0
2019-08-29 11:55:29,121 | INFO  | SCMAudit | user=jenkins1000 | ip=192.168.5.166 | op=SEND_HEARTBEAT {datanodeUUID=920b05f1-a92b-459a-a000-361715d4ee3d, command=[]} | ret=SUCCESS |  
2019-08-29 11:55:29,122 | INFO  | SCMAudit | user=jenkins1000 | ip=192.168.5.166 | op=SEND_HEARTBEAT {datanodeUUID=b34bc477-f594-4894-b3be-a6d4c994fd70, command=[]} | ret=SUCCESS |  
2019-08-29 11:55:29,122 | INFO  | SCMAudit | user=jenkins1000 | ip=192.168.5.166 | op=SEND_HEARTBEAT {datanodeUUID=42efee89-99fa-4c75-b2bf-b3a1b636c7a3, command=[]} | ret=SUCCESS |  
2019-08-29 11:55:29,409 [Datanode State Machine Thread - 0] INFO  statemachine.DatanodeStateMachine (DatanodeStateMachine.java:lambda$startDaemon$0(350)) - Ozone container server started.
2019-08-29 11:55:29,428 [Datanode State Machine Thread - 0] INFO  statemachine.DatanodeStateMachine (DatanodeStateMachine.java:lambda$startDaemon$0(350)) - Ozone container server started.
2019-08-29 11:55:29,472 | INFO  | SCMAudit | user=jenkins1000 | ip=192.168.5.166 | op=SEND_HEARTBEAT {datanodeUUID=eec05b1d-f4e8-4418-a60c-420e12deef9f, command=[]} | ret=SUCCESS |  
2019-08-29 11:55:29,477 [java.util.concurrent.ThreadPoolExecutor$Worker@7085d04d[State = -1, empty queue]] WARN  server.GrpcLogAppender (GrpcLogAppender.java:timeoutAppendRequest(200)) - GrpcLogAppender(7c3dea4a-666f-498f-b3ec-37d2b2f2aea0->eec05b1d-f4e8-4418-a60c-420e12deef9f): appendEntries Timeout, request=7c3dea4a-666f-498f-b3ec-37d2b2f2aea0->eec05b1d-f4e8-4418-a60c-420e12deef9f#92-t1, previous=(t:1, i:1), leaderCommit=0, initializing? false, entries: <empty>
2019-08-29 11:55:29,482 [grpc-default-executor-1] WARN  server.GrpcLogAppender (LogUtils.java:warn(134)) - 7c3dea4a-666f-498f-b3ec-37d2b2f2aea0->03953c42-7b85-4ce6-8578-61fc97f729cc: Failed appendEntries: org.apache.ratis.thirdparty.io.grpc.StatusRuntimeException: UNAVAILABLE: io exception
2019-08-29 11:55:29,486 [grpc-default-executor-1] INFO  impl.FollowerInfo (FollowerInfo.java:lambda$new$0(50)) - 7c3dea4a-666f-498f-b3ec-37d2b2f2aea0->03953c42-7b85-4ce6-8578-61fc97f729cc: nextIndex: updateUnconditionally 0 -> 0
2019-08-29 11:55:29,597 | INFO  | SCMAudit | user=jenkins1000 | ip=192.168.5.166 | op=SEND_HEARTBEAT {datanodeUUID=bd7d2b3e-70a9-4c18-9e48-3057ca72b747, command=[]} | ret=SUCCESS |  
2019-08-29 11:55:29,613 [Thread-1011] INFO  impl.FollowerState (FollowerState.java:run(106)) - bd7d2b3e-70a9-4c18-9e48-3057ca72b747:group-39336B115318 changes to CANDIDATE, lastRpcTime:1070, electionTimeout:1070ms
2019-08-29 11:55:29,613 [Thread-1011] INFO  impl.RoleInfo (RoleInfo.java:shutdownFollowerState(121)) - bd7d2b3e-70a9-4c18-9e48-3057ca72b747: shutdown FollowerState
2019-08-29 11:55:29,613 [Thread-1011] INFO  impl.RaftServerImpl (RaftServerImpl.java:setRole(171)) - bd7d2b3e-70a9-4c18-9e48-3057ca72b747:group-39336B115318 changes role from FOLLOWER to CANDIDATE at term 13 for changeToCandidate
2019-08-29 11:55:29,614 [Thread-1011] INFO  impl.RoleInfo (RoleInfo.java:updateAndGet(143)) - bd7d2b3e-70a9-4c18-9e48-3057ca72b747: start LeaderElection
2019-08-29 11:55:29,707 [Thread-1012] INFO  impl.FollowerState (FollowerState.java:run(106)) - 07dabde0-c17e-46ed-9a55-144838a04ea2:group-39336B115318 changes to CANDIDATE, lastRpcTime:1164, electionTimeout:1164ms
2019-08-29 11:55:29,707 [Thread-1012] INFO  impl.RoleInfo (RoleInfo.java:shutdownFollowerState(121)) - 07dabde0-c17e-46ed-9a55-144838a04ea2: shutdown FollowerState
2019-08-29 11:55:29,707 [Thread-1012] INFO  impl.RaftServerImpl (RaftServerImpl.java:setRole(171)) - 07dabde0-c17e-46ed-9a55-144838a04ea2:group-39336B115318 changes role from FOLLOWER to CANDIDATE at term 13 for changeToCandidate
2019-08-29 11:55:29,708 [Thread-1012] INFO  impl.RoleInfo (RoleInfo.java:updateAndGet(143)) - 07dabde0-c17e-46ed-9a55-144838a04ea2: start LeaderElection
2019-08-29 11:55:29,853 | INFO  | SCMAudit | user=jenkins1000 | ip=192.168.5.166 | op=SEND_HEARTBEAT {datanodeUUID=07dabde0-c17e-46ed-9a55-144838a04ea2, command=[]} | ret=SUCCESS |  
2019-08-29 11:55:29,977 [java.util.concurrent.ThreadPoolExecutor$Worker@7085d04d[State = -1, empty queue]] WARN  server.GrpcLogAppender (GrpcLogAppender.java:timeoutAppendRequest(200)) - GrpcLogAppender(7c3dea4a-666f-498f-b3ec-37d2b2f2aea0->eec05b1d-f4e8-4418-a60c-420e12deef9f): appendEntries Timeout, request=7c3dea4a-666f-498f-b3ec-37d2b2f2aea0->eec05b1d-f4e8-4418-a60c-420e12deef9f#93-t1, previous=(t:1, i:1), leaderCommit=0, initializing? false, entries: <empty>
2019-08-29 11:55:29,984 [grpc-default-executor-1] WARN  server.GrpcLogAppender (LogUtils.java:warn(134)) - 7c3dea4a-666f-498f-b3ec-37d2b2f2aea0->03953c42-7b85-4ce6-8578-61fc97f729cc: Failed appendEntries: org.apache.ratis.thirdparty.io.grpc.StatusRuntimeException: UNAVAILABLE: io exception
2019-08-29 11:55:29,987 [grpc-default-executor-1] INFO  impl.FollowerInfo (FollowerInfo.java:lambda$new$0(50)) - 7c3dea4a-666f-498f-b3ec-37d2b2f2aea0->03953c42-7b85-4ce6-8578-61fc97f729cc: nextIndex: updateUnconditionally 0 -> 0
2019-08-29 11:55:30,121 | INFO  | SCMAudit | user=jenkins1000 | ip=192.168.5.166 | op=SEND_HEARTBEAT {datanodeUUID=920b05f1-a92b-459a-a000-361715d4ee3d, command=[]} | ret=SUCCESS |  
2019-08-29 11:55:30,122 | INFO  | SCMAudit | user=jenkins1000 | ip=192.168.5.166 | op=SEND_HEARTBEAT {datanodeUUID=b34bc477-f594-4894-b3be-a6d4c994fd70, command=[]} | ret=SUCCESS |  
2019-08-29 11:55:30,122 | INFO  | SCMAudit | user=jenkins1000 | ip=192.168.5.166 | op=SEND_HEARTBEAT {datanodeUUID=42efee89-99fa-4c75-b2bf-b3a1b636c7a3, command=[]} | ret=SUCCESS |  
2019-08-29 11:55:30,471 | INFO  | SCMAudit | user=jenkins1000 | ip=192.168.5.166 | op=SEND_HEARTBEAT {datanodeUUID=eec05b1d-f4e8-4418-a60c-420e12deef9f, command=[]} | ret=SUCCESS |  
2019-08-29 11:55:30,477 [java.util.concurrent.ThreadPoolExecutor$Worker@7085d04d[State = -1, empty queue]] WARN  server.GrpcLogAppender (GrpcLogAppender.java:timeoutAppendRequest(200)) - GrpcLogAppender(7c3dea4a-666f-498f-b3ec-37d2b2f2aea0->eec05b1d-f4e8-4418-a60c-420e12deef9f): appendEntries Timeout, request=7c3dea4a-666f-498f-b3ec-37d2b2f2aea0->eec05b1d-f4e8-4418-a60c-420e12deef9f#94-t1, previous=(t:1, i:1), leaderCommit=0, initializing? false, entries: <empty>
2019-08-29 11:55:30,485 [grpc-default-executor-3] WARN  server.GrpcLogAppender (LogUtils.java:warn(134)) - 7c3dea4a-666f-498f-b3ec-37d2b2f2aea0->03953c42-7b85-4ce6-8578-61fc97f729cc: Failed appendEntries: org.apache.ratis.thirdparty.io.grpc.StatusRuntimeException: UNAVAILABLE: io exception
2019-08-29 11:55:30,488 [grpc-default-executor-3] INFO  impl.FollowerInfo (FollowerInfo.java:lambda$new$0(50)) - 7c3dea4a-666f-498f-b3ec-37d2b2f2aea0->03953c42-7b85-4ce6-8578-61fc97f729cc: nextIndex: updateUnconditionally 0 -> 0
2019-08-29 11:55:30,597 | INFO  | SCMAudit | user=jenkins1000 | ip=192.168.5.166 | op=SEND_HEARTBEAT {datanodeUUID=bd7d2b3e-70a9-4c18-9e48-3057ca72b747, command=[]} | ret=SUCCESS |  
2019-08-29 11:55:30,853 | INFO  | SCMAudit | user=jenkins1000 | ip=192.168.5.166 | op=SEND_HEARTBEAT {datanodeUUID=07dabde0-c17e-46ed-9a55-144838a04ea2, command=[]} | ret=SUCCESS |  
2019-08-29 11:55:30,978 [java.util.concurrent.ThreadPoolExecutor$Worker@7085d04d[State = -1, empty queue]] WARN  server.GrpcLogAppender (GrpcLogAppender.java:timeoutAppendRequest(200)) - GrpcLogAppender(7c3dea4a-666f-498f-b3ec-37d2b2f2aea0->eec05b1d-f4e8-4418-a60c-420e12deef9f): appendEntries Timeout, request=7c3dea4a-666f-498f-b3ec-37d2b2f2aea0->eec05b1d-f4e8-4418-a60c-420e12deef9f#95-t1, previous=(t:1, i:1), leaderCommit=0, initializing? false, entries: <empty>
2019-08-29 11:55:30,986 [grpc-default-executor-2] WARN  server.GrpcLogAppender (LogUtils.java:warn(134)) - 7c3dea4a-666f-498f-b3ec-37d2b2f2aea0->03953c42-7b85-4ce6-8578-61fc97f729cc: Failed appendEntries: org.apache.ratis.thirdparty.io.grpc.StatusRuntimeException: UNAVAILABLE: io exception
2019-08-29 11:55:30,991 [grpc-default-executor-2] INFO  impl.FollowerInfo (FollowerInfo.java:lambda$new$0(50)) - 7c3dea4a-666f-498f-b3ec-37d2b2f2aea0->03953c42-7b85-4ce6-8578-61fc97f729cc: nextIndex: updateUnconditionally 0 -> 0
2019-08-29 11:55:31,121 | INFO  | SCMAudit | user=jenkins1000 | ip=192.168.5.166 | op=SEND_HEARTBEAT {datanodeUUID=920b05f1-a92b-459a-a000-361715d4ee3d, command=[]} | ret=SUCCESS |  
2019-08-29 11:55:31,122 | INFO  | SCMAudit | user=jenkins1000 | ip=192.168.5.166 | op=SEND_HEARTBEAT {datanodeUUID=42efee89-99fa-4c75-b2bf-b3a1b636c7a3, command=[]} | ret=SUCCESS |  
2019-08-29 11:55:31,122 | INFO  | SCMAudit | user=jenkins1000 | ip=192.168.5.166 | op=SEND_HEARTBEAT {datanodeUUID=b34bc477-f594-4894-b3be-a6d4c994fd70, command=[]} | ret=SUCCESS |  
2019-08-29 11:55:31,471 | INFO  | SCMAudit | user=jenkins1000 | ip=192.168.5.166 | op=SEND_HEARTBEAT {datanodeUUID=eec05b1d-f4e8-4418-a60c-420e12deef9f, command=[]} | ret=SUCCESS |  
2019-08-29 11:55:31,478 [java.util.concurrent.ThreadPoolExecutor$Worker@7085d04d[State = -1, empty queue]] WARN  server.GrpcLogAppender (GrpcLogAppender.java:timeoutAppendRequest(200)) - GrpcLogAppender(7c3dea4a-666f-498f-b3ec-37d2b2f2aea0->eec05b1d-f4e8-4418-a60c-420e12deef9f): appendEntries Timeout, request=7c3dea4a-666f-498f-b3ec-37d2b2f2aea0->eec05b1d-f4e8-4418-a60c-420e12deef9f#96-t1, previous=(t:1, i:1), leaderCommit=0, initializing? false, entries: <empty>
2019-08-29 11:55:31,486 [grpc-default-executor-2] WARN  server.GrpcLogAppender (LogUtils.java:warn(134)) - 7c3dea4a-666f-498f-b3ec-37d2b2f2aea0->03953c42-7b85-4ce6-8578-61fc97f729cc: Failed appendEntries: org.apache.ratis.thirdparty.io.grpc.StatusRuntimeException: UNAVAILABLE: io exception
2019-08-29 11:55:31,490 [grpc-default-executor-2] INFO  impl.FollowerInfo (FollowerInfo.java:lambda$new$0(50)) - 7c3dea4a-666f-498f-b3ec-37d2b2f2aea0->03953c42-7b85-4ce6-8578-61fc97f729cc: nextIndex: updateUnconditionally 0 -> 0
2019-08-29 11:55:31,598 | INFO  | SCMAudit | user=jenkins1000 | ip=192.168.5.166 | op=SEND_HEARTBEAT {datanodeUUID=bd7d2b3e-70a9-4c18-9e48-3057ca72b747, command=[]} | ret=SUCCESS |  
2019-08-29 11:55:31,856 | INFO  | SCMAudit | user=jenkins1000 | ip=192.168.5.166 | op=SEND_HEARTBEAT {datanodeUUID=07dabde0-c17e-46ed-9a55-144838a04ea2, command=[]} | ret=SUCCESS |  
2019-08-29 11:55:31,978 [java.util.concurrent.ThreadPoolExecutor$Worker@7085d04d[State = -1, empty queue]] WARN  server.GrpcLogAppender (GrpcLogAppender.java:timeoutAppendRequest(200)) - GrpcLogAppender(7c3dea4a-666f-498f-b3ec-37d2b2f2aea0->eec05b1d-f4e8-4418-a60c-420e12deef9f): appendEntries Timeout, request=7c3dea4a-666f-498f-b3ec-37d2b2f2aea0->eec05b1d-f4e8-4418-a60c-420e12deef9f#97-t1, previous=(t:1, i:1), leaderCommit=0, initializing? false, entries: <empty>
2019-08-29 11:55:31,988 [grpc-default-executor-1] WARN  server.GrpcLogAppender (LogUtils.java:warn(134)) - 7c3dea4a-666f-498f-b3ec-37d2b2f2aea0->03953c42-7b85-4ce6-8578-61fc97f729cc: Failed appendEntries: org.apache.ratis.thirdparty.io.grpc.StatusRuntimeException: UNAVAILABLE: io exception
2019-08-29 11:55:31,992 [grpc-default-executor-1] INFO  impl.FollowerInfo (FollowerInfo.java:lambda$new$0(50)) - 7c3dea4a-666f-498f-b3ec-37d2b2f2aea0->03953c42-7b85-4ce6-8578-61fc97f729cc: nextIndex: updateUnconditionally 0 -> 0
2019-08-29 11:55:32,121 | INFO  | SCMAudit | user=jenkins1000 | ip=192.168.5.166 | op=SEND_HEARTBEAT {datanodeUUID=920b05f1-a92b-459a-a000-361715d4ee3d, command=[]} | ret=SUCCESS |  
2019-08-29 11:55:32,122 | INFO  | SCMAudit | user=jenkins1000 | ip=192.168.5.166 | op=SEND_HEARTBEAT {datanodeUUID=b34bc477-f594-4894-b3be-a6d4c994fd70, command=[]} | ret=SUCCESS |  
2019-08-29 11:55:32,122 | INFO  | SCMAudit | user=jenkins1000 | ip=192.168.5.166 | op=SEND_HEARTBEAT {datanodeUUID=42efee89-99fa-4c75-b2bf-b3a1b636c7a3, command=[]} | ret=SUCCESS |  
2019-08-29 11:55:32,192 [bd7d2b3e-70a9-4c18-9e48-3057ca72b747:group-39336B115318:LeaderElection51] INFO  impl.LeaderElection (LeaderElection.java:askForVotes(181)) - bd7d2b3e-70a9-4c18-9e48-3057ca72b747:group-39336B115318:LeaderElection51: begin an election at term 14 for -1: [4a332945-53dc-4c0b-b910-cfaf195ac63d:192.168.5.166:44887, 07dabde0-c17e-46ed-9a55-144838a04ea2:192.168.5.166:46770, bd7d2b3e-70a9-4c18-9e48-3057ca72b747:192.168.5.166:45844], old=null
2019-08-29 11:55:32,192 [07dabde0-c17e-46ed-9a55-144838a04ea2:group-39336B115318:LeaderElection52] INFO  impl.LeaderElection (LeaderElection.java:askForVotes(181)) - 07dabde0-c17e-46ed-9a55-144838a04ea2:group-39336B115318:LeaderElection52: begin an election at term 14 for 0: [4a332945-53dc-4c0b-b910-cfaf195ac63d:192.168.5.166:44887, 07dabde0-c17e-46ed-9a55-144838a04ea2:192.168.5.166:46770, bd7d2b3e-70a9-4c18-9e48-3057ca72b747:192.168.5.166:45844], old=null
2019-08-29 11:55:32,200 [bd7d2b3e-70a9-4c18-9e48-3057ca72b747:group-39336B115318:LeaderElection51] INFO  impl.LeaderElection (LogUtils.java:infoOrTrace(149)) - bd7d2b3e-70a9-4c18-9e48-3057ca72b747:group-39336B115318:LeaderElection51 got exception when requesting votes: {}
java.util.concurrent.ExecutionException: org.apache.ratis.thirdparty.io.grpc.StatusRuntimeException: UNAVAILABLE: io exception
	at java.util.concurrent.FutureTask.report(FutureTask.java:122)
	at java.util.concurrent.FutureTask.get(FutureTask.java:192)
	at org.apache.ratis.server.impl.LeaderElection.waitForResults(LeaderElection.java:262)
	at org.apache.ratis.server.impl.LeaderElection.askForVotes(LeaderElection.java:200)
	at org.apache.ratis.server.impl.LeaderElection.run(LeaderElection.java:130)
	at java.lang.Thread.run(Thread.java:748)
Caused by: org.apache.ratis.thirdparty.io.grpc.StatusRuntimeException: UNAVAILABLE: io exception
	at org.apache.ratis.thirdparty.io.grpc.stub.ClientCalls.toStatusRuntimeException(ClientCalls.java:233)
	at org.apache.ratis.thirdparty.io.grpc.stub.ClientCalls.getUnchecked(ClientCalls.java:214)
	at org.apache.ratis.thirdparty.io.grpc.stub.ClientCalls.blockingUnaryCall(ClientCalls.java:139)
	at org.apache.ratis.proto.grpc.RaftServerProtocolServiceGrpc$RaftServerProtocolServiceBlockingStub.requestVote(RaftServerProtocolServiceGrpc.java:265)
	at org.apache.ratis.grpc.server.GrpcServerProtocolClient.requestVote(GrpcServerProtocolClient.java:83)
	at org.apache.ratis.grpc.server.GrpcService.requestVote(GrpcService.java:195)
	at org.apache.ratis.server.impl.LeaderElection.lambda$submitRequests$1(LeaderElection.java:237)
	at java.util.concurrent.FutureTask.run(FutureTask.java:266)
	at java.util.concurrent.Executors$RunnableAdapter.call(Executors.java:511)
	at java.util.concurrent.FutureTask.run(FutureTask.java:266)
	at java.util.concurrent.ThreadPoolExecutor.runWorker(ThreadPoolExecutor.java:1149)
	at java.util.concurrent.ThreadPoolExecutor$Worker.run(ThreadPoolExecutor.java:624)
	... 1 more
Caused by: org.apache.ratis.thirdparty.io.netty.channel.AbstractChannel$AnnotatedConnectException: Connection refused: /192.168.5.166:44887
	at sun.nio.ch.SocketChannelImpl.checkConnect(Native Method)
	at sun.nio.ch.SocketChannelImpl.finishConnect(SocketChannelImpl.java:717)
	at org.apache.ratis.thirdparty.io.netty.channel.socket.nio.NioSocketChannel.doFinishConnect(NioSocketChannel.java:327)
	at org.apache.ratis.thirdparty.io.netty.channel.nio.AbstractNioChannel$AbstractNioUnsafe.finishConnect(AbstractNioChannel.java:340)
	at org.apache.ratis.thirdparty.io.netty.channel.nio.NioEventLoop.processSelectedKey(NioEventLoop.java:632)
	at org.apache.ratis.thirdparty.io.netty.channel.nio.NioEventLoop.processSelectedKeysOptimized(NioEventLoop.java:579)
	at org.apache.ratis.thirdparty.io.netty.channel.nio.NioEventLoop.processSelectedKeys(NioEventLoop.java:496)
	at org.apache.ratis.thirdparty.io.netty.channel.nio.NioEventLoop.run(NioEventLoop.java:458)
	at org.apache.ratis.thirdparty.io.netty.util.concurrent.SingleThreadEventExecutor$5.run(SingleThreadEventExecutor.java:897)
	at org.apache.ratis.thirdparty.io.netty.util.concurrent.FastThreadLocalRunnable.run(FastThreadLocalRunnable.java:30)
	... 1 more
Caused by: java.net.ConnectException: Connection refused
	... 11 more
2019-08-29 11:55:32,209 | INFO  | DNAudit | user=null | ip=null | op=WRITE_CHUNK {blockData=conID: 6 locID: 102700135736147975 bcsId: 0} | ret=SUCCESS |  
2019-08-29 11:55:32,200 [07dabde0-c17e-46ed-9a55-144838a04ea2:group-39336B115318:LeaderElection52] INFO  impl.LeaderElection (LogUtils.java:infoOrTrace(149)) - 07dabde0-c17e-46ed-9a55-144838a04ea2:group-39336B115318:LeaderElection52 got exception when requesting votes: {}
java.util.concurrent.ExecutionException: org.apache.ratis.thirdparty.io.grpc.StatusRuntimeException: UNAVAILABLE: io exception
	at java.util.concurrent.FutureTask.report(FutureTask.java:122)
	at java.util.concurrent.FutureTask.get(FutureTask.java:192)
	at org.apache.ratis.server.impl.LeaderElection.waitForResults(LeaderElection.java:262)
	at org.apache.ratis.server.impl.LeaderElection.askForVotes(LeaderElection.java:200)
	at org.apache.ratis.server.impl.LeaderElection.run(LeaderElection.java:130)
	at java.lang.Thread.run(Thread.java:748)
Caused by: org.apache.ratis.thirdparty.io.grpc.StatusRuntimeException: UNAVAILABLE: io exception
	at org.apache.ratis.thirdparty.io.grpc.stub.ClientCalls.toStatusRuntimeException(ClientCalls.java:233)
	at org.apache.ratis.thirdparty.io.grpc.stub.ClientCalls.getUnchecked(ClientCalls.java:214)
	at org.apache.ratis.thirdparty.io.grpc.stub.ClientCalls.blockingUnaryCall(ClientCalls.java:139)
	at org.apache.ratis.proto.grpc.RaftServerProtocolServiceGrpc$RaftServerProtocolServiceBlockingStub.requestVote(RaftServerProtocolServiceGrpc.java:265)
	at org.apache.ratis.grpc.server.GrpcServerProtocolClient.requestVote(GrpcServerProtocolClient.java:83)
	at org.apache.ratis.grpc.server.GrpcService.requestVote(GrpcService.java:195)
	at org.apache.ratis.server.impl.LeaderElection.lambda$submitRequests$1(LeaderElection.java:237)
	at java.util.concurrent.FutureTask.run(FutureTask.java:266)
	at java.util.concurrent.Executors$RunnableAdapter.call(Executors.java:511)
	at java.util.concurrent.FutureTask.run(FutureTask.java:266)
	at java.util.concurrent.ThreadPoolExecutor.runWorker(ThreadPoolExecutor.java:1149)
	at java.util.concurrent.ThreadPoolExecutor$Worker.run(ThreadPoolExecutor.java:624)
	... 1 more
Caused by: org.apache.ratis.thirdparty.io.netty.channel.AbstractChannel$AnnotatedConnectException: Connection refused: /192.168.5.166:44887
	at sun.nio.ch.SocketChannelImpl.checkConnect(Native Method)
	at sun.nio.ch.SocketChannelImpl.finishConnect(SocketChannelImpl.java:717)
	at org.apache.ratis.thirdparty.io.netty.channel.socket.nio.NioSocketChannel.doFinishConnect(NioSocketChannel.java:327)
	at org.apache.ratis.thirdparty.io.netty.channel.nio.AbstractNioChannel$AbstractNioUnsafe.finishConnect(AbstractNioChannel.java:340)
	at org.apache.ratis.thirdparty.io.netty.channel.nio.NioEventLoop.processSelectedKey(NioEventLoop.java:632)
	at org.apache.ratis.thirdparty.io.netty.channel.nio.NioEventLoop.processSelectedKeysOptimized(NioEventLoop.java:579)
	at org.apache.ratis.thirdparty.io.netty.channel.nio.NioEventLoop.processSelectedKeys(NioEventLoop.java:496)
	at org.apache.ratis.thirdparty.io.netty.channel.nio.NioEventLoop.run(NioEventLoop.java:458)
	at org.apache.ratis.thirdparty.io.netty.util.concurrent.SingleThreadEventExecutor$5.run(SingleThreadEventExecutor.java:897)
	at org.apache.ratis.thirdparty.io.netty.util.concurrent.FastThreadLocalRunnable.run(FastThreadLocalRunnable.java:30)
	... 1 more
Caused by: java.net.ConnectException: Connection refused
	... 11 more
2019-08-29 11:55:32,204 [bd7d2b3e-70a9-4c18-9e48-3057ca72b747:group-39336B115318:LeaderElection51] INFO  impl.LeaderElection (LeaderElection.java:logAndReturn(56)) - bd7d2b3e-70a9-4c18-9e48-3057ca72b747:group-39336B115318:LeaderElection51: Election REJECTED; received 1 response(s) [bd7d2b3e-70a9-4c18-9e48-3057ca72b747<-07dabde0-c17e-46ed-9a55-144838a04ea2#0:FAIL-t14] and 1 exception(s); bd7d2b3e-70a9-4c18-9e48-3057ca72b747:t14, leader=null, voted=bd7d2b3e-70a9-4c18-9e48-3057ca72b747, raftlog=bd7d2b3e-70a9-4c18-9e48-3057ca72b747-SegmentedRaftLog:OPENED:c-1,f-1,i0, conf=-1: [4a332945-53dc-4c0b-b910-cfaf195ac63d:192.168.5.166:44887, 07dabde0-c17e-46ed-9a55-144838a04ea2:192.168.5.166:46770, bd7d2b3e-70a9-4c18-9e48-3057ca72b747:192.168.5.166:45844], old=null
2019-08-29 11:55:32,210 [07dabde0-c17e-46ed-9a55-144838a04ea2:group-39336B115318:LeaderElection52] INFO  impl.LeaderElection (LeaderElection.java:logAndReturn(56)) - 07dabde0-c17e-46ed-9a55-144838a04ea2:group-39336B115318:LeaderElection52: Election REJECTED; received 1 response(s) [07dabde0-c17e-46ed-9a55-144838a04ea2<-bd7d2b3e-70a9-4c18-9e48-3057ca72b747#0:FAIL-t14] and 1 exception(s); 07dabde0-c17e-46ed-9a55-144838a04ea2:t14, leader=null, voted=07dabde0-c17e-46ed-9a55-144838a04ea2, raftlog=07dabde0-c17e-46ed-9a55-144838a04ea2-SegmentedRaftLog:OPENED:c-1,f0,i0, conf=0: [4a332945-53dc-4c0b-b910-cfaf195ac63d:192.168.5.166:44887, 07dabde0-c17e-46ed-9a55-144838a04ea2:192.168.5.166:46770, bd7d2b3e-70a9-4c18-9e48-3057ca72b747:192.168.5.166:45844], old=null
2019-08-29 11:55:32,210 [bd7d2b3e-70a9-4c18-9e48-3057ca72b747:group-39336B115318:LeaderElection51] INFO  impl.LeaderElection (LogUtils.java:infoOrTrace(149)) -   Exception 0: {}
java.util.concurrent.ExecutionException: org.apache.ratis.thirdparty.io.grpc.StatusRuntimeException: UNAVAILABLE: io exception
	at java.util.concurrent.FutureTask.report(FutureTask.java:122)
	at java.util.concurrent.FutureTask.get(FutureTask.java:192)
	at org.apache.ratis.server.impl.LeaderElection.waitForResults(LeaderElection.java:262)
	at org.apache.ratis.server.impl.LeaderElection.askForVotes(LeaderElection.java:200)
	at org.apache.ratis.server.impl.LeaderElection.run(LeaderElection.java:130)
	at java.lang.Thread.run(Thread.java:748)
Caused by: org.apache.ratis.thirdparty.io.grpc.StatusRuntimeException: UNAVAILABLE: io exception
	at org.apache.ratis.thirdparty.io.grpc.stub.ClientCalls.toStatusRuntimeException(ClientCalls.java:233)
	at org.apache.ratis.thirdparty.io.grpc.stub.ClientCalls.getUnchecked(ClientCalls.java:214)
	at org.apache.ratis.thirdparty.io.grpc.stub.ClientCalls.blockingUnaryCall(ClientCalls.java:139)
	at org.apache.ratis.proto.grpc.RaftServerProtocolServiceGrpc$RaftServerProtocolServiceBlockingStub.requestVote(RaftServerProtocolServiceGrpc.java:265)
	at org.apache.ratis.grpc.server.GrpcServerProtocolClient.requestVote(GrpcServerProtocolClient.java:83)
	at org.apache.ratis.grpc.server.GrpcService.requestVote(GrpcService.java:195)
	at org.apache.ratis.server.impl.LeaderElection.lambda$submitRequests$1(LeaderElection.java:237)
	at java.util.concurrent.FutureTask.run(FutureTask.java:266)
	at java.util.concurrent.Executors$RunnableAdapter.call(Executors.java:511)
	at java.util.concurrent.FutureTask.run(FutureTask.java:266)
	at java.util.concurrent.ThreadPoolExecutor.runWorker(ThreadPoolExecutor.java:1149)
	at java.util.concurrent.ThreadPoolExecutor$Worker.run(ThreadPoolExecutor.java:624)
	... 1 more
Caused by: org.apache.ratis.thirdparty.io.netty.channel.AbstractChannel$AnnotatedConnectException: Connection refused: /192.168.5.166:44887
	at sun.nio.ch.SocketChannelImpl.checkConnect(Native Method)
	at sun.nio.ch.SocketChannelImpl.finishConnect(SocketChannelImpl.java:717)
	at org.apache.ratis.thirdparty.io.netty.channel.socket.nio.NioSocketChannel.doFinishConnect(NioSocketChannel.java:327)
	at org.apache.ratis.thirdparty.io.netty.channel.nio.AbstractNioChannel$AbstractNioUnsafe.finishConnect(AbstractNioChannel.java:340)
	at org.apache.ratis.thirdparty.io.netty.channel.nio.NioEventLoop.processSelectedKey(NioEventLoop.java:632)
	at org.apache.ratis.thirdparty.io.netty.channel.nio.NioEventLoop.processSelectedKeysOptimized(NioEventLoop.java:579)
	at org.apache.ratis.thirdparty.io.netty.channel.nio.NioEventLoop.processSelectedKeys(NioEventLoop.java:496)
	at org.apache.ratis.thirdparty.io.netty.channel.nio.NioEventLoop.run(NioEventLoop.java:458)
	at org.apache.ratis.thirdparty.io.netty.util.concurrent.SingleThreadEventExecutor$5.run(SingleThreadEventExecutor.java:897)
	at org.apache.ratis.thirdparty.io.netty.util.concurrent.FastThreadLocalRunnable.run(FastThreadLocalRunnable.java:30)
	... 1 more
Caused by: java.net.ConnectException: Connection refused
	... 11 more
2019-08-29 11:55:32,210 [07dabde0-c17e-46ed-9a55-144838a04ea2:group-39336B115318:LeaderElection52] INFO  impl.LeaderElection (LogUtils.java:infoOrTrace(149)) -   Exception 0: {}
java.util.concurrent.ExecutionException: org.apache.ratis.thirdparty.io.grpc.StatusRuntimeException: UNAVAILABLE: io exception
	at java.util.concurrent.FutureTask.report(FutureTask.java:122)
	at java.util.concurrent.FutureTask.get(FutureTask.java:192)
	at org.apache.ratis.server.impl.LeaderElection.waitForResults(LeaderElection.java:262)
	at org.apache.ratis.server.impl.LeaderElection.askForVotes(LeaderElection.java:200)
	at org.apache.ratis.server.impl.LeaderElection.run(LeaderElection.java:130)
	at java.lang.Thread.run(Thread.java:748)
Caused by: org.apache.ratis.thirdparty.io.grpc.StatusRuntimeException: UNAVAILABLE: io exception
	at org.apache.ratis.thirdparty.io.grpc.stub.ClientCalls.toStatusRuntimeException(ClientCalls.java:233)
	at org.apache.ratis.thirdparty.io.grpc.stub.ClientCalls.getUnchecked(ClientCalls.java:214)
	at org.apache.ratis.thirdparty.io.grpc.stub.ClientCalls.blockingUnaryCall(ClientCalls.java:139)
	at org.apache.ratis.proto.grpc.RaftServerProtocolServiceGrpc$RaftServerProtocolServiceBlockingStub.requestVote(RaftServerProtocolServiceGrpc.java:265)
	at org.apache.ratis.grpc.server.GrpcServerProtocolClient.requestVote(GrpcServerProtocolClient.java:83)
	at org.apache.ratis.grpc.server.GrpcService.requestVote(GrpcService.java:195)
	at org.apache.ratis.server.impl.LeaderElection.lambda$submitRequests$1(LeaderElection.java:237)
	at java.util.concurrent.FutureTask.run(FutureTask.java:266)
	at java.util.concurrent.Executors$RunnableAdapter.call(Executors.java:511)
	at java.util.concurrent.FutureTask.run(FutureTask.java:266)
	at java.util.concurrent.ThreadPoolExecutor.runWorker(ThreadPoolExecutor.java:1149)
	at java.util.concurrent.ThreadPoolExecutor$Worker.run(ThreadPoolExecutor.java:624)
	... 1 more
Caused by: org.apache.ratis.thirdparty.io.netty.channel.AbstractChannel$AnnotatedConnectException: Connection refused: /192.168.5.166:44887
	at sun.nio.ch.SocketChannelImpl.checkConnect(Native Method)
	at sun.nio.ch.SocketChannelImpl.finishConnect(SocketChannelImpl.java:717)
	at org.apache.ratis.thirdparty.io.netty.channel.socket.nio.NioSocketChannel.doFinishConnect(NioSocketChannel.java:327)
	at org.apache.ratis.thirdparty.io.netty.channel.nio.AbstractNioChannel$AbstractNioUnsafe.finishConnect(AbstractNioChannel.java:340)
	at org.apache.ratis.thirdparty.io.netty.channel.nio.NioEventLoop.processSelectedKey(NioEventLoop.java:632)
	at org.apache.ratis.thirdparty.io.netty.channel.nio.NioEventLoop.processSelectedKeysOptimized(NioEventLoop.java:579)
	at org.apache.ratis.thirdparty.io.netty.channel.nio.NioEventLoop.processSelectedKeys(NioEventLoop.java:496)
	at org.apache.ratis.thirdparty.io.netty.channel.nio.NioEventLoop.run(NioEventLoop.java:458)
	at org.apache.ratis.thirdparty.io.netty.util.concurrent.SingleThreadEventExecutor$5.run(SingleThreadEventExecutor.java:897)
	at org.apache.ratis.thirdparty.io.netty.util.concurrent.FastThreadLocalRunnable.run(FastThreadLocalRunnable.java:30)
	... 1 more
Caused by: java.net.ConnectException: Connection refused
	... 11 more
2019-08-29 11:55:32,210 [bd7d2b3e-70a9-4c18-9e48-3057ca72b747:group-39336B115318:LeaderElection51] INFO  impl.RaftServerImpl (RaftServerImpl.java:setRole(171)) - bd7d2b3e-70a9-4c18-9e48-3057ca72b747:group-39336B115318 changes role from CANDIDATE to FOLLOWER at term 14 for DISCOVERED_A_NEW_TERM
2019-08-29 11:55:32,211 [07dabde0-c17e-46ed-9a55-144838a04ea2:group-39336B115318:LeaderElection52] INFO  impl.RaftServerImpl (RaftServerImpl.java:setRole(171)) - 07dabde0-c17e-46ed-9a55-144838a04ea2:group-39336B115318 changes role from CANDIDATE to FOLLOWER at term 14 for DISCOVERED_A_NEW_TERM
2019-08-29 11:55:32,211 [bd7d2b3e-70a9-4c18-9e48-3057ca72b747:group-39336B115318:LeaderElection51] INFO  impl.RoleInfo (RoleInfo.java:shutdownLeaderElection(134)) - bd7d2b3e-70a9-4c18-9e48-3057ca72b747: shutdown LeaderElection
2019-08-29 11:55:32,211 [07dabde0-c17e-46ed-9a55-144838a04ea2:group-39336B115318:LeaderElection52] INFO  impl.RoleInfo (RoleInfo.java:shutdownLeaderElection(134)) - 07dabde0-c17e-46ed-9a55-144838a04ea2: shutdown LeaderElection
2019-08-29 11:55:32,211 [bd7d2b3e-70a9-4c18-9e48-3057ca72b747:group-39336B115318:LeaderElection51] INFO  impl.RoleInfo (RoleInfo.java:updateAndGet(143)) - bd7d2b3e-70a9-4c18-9e48-3057ca72b747: start FollowerState
2019-08-29 11:55:32,211 [07dabde0-c17e-46ed-9a55-144838a04ea2:group-39336B115318:LeaderElection52] INFO  impl.RoleInfo (RoleInfo.java:updateAndGet(143)) - 07dabde0-c17e-46ed-9a55-144838a04ea2: start FollowerState
2019-08-29 11:55:32,471 | INFO  | SCMAudit | user=jenkins1000 | ip=192.168.5.166 | op=SEND_HEARTBEAT {datanodeUUID=eec05b1d-f4e8-4418-a60c-420e12deef9f, command=[]} | ret=SUCCESS |  
2019-08-29 11:55:32,479 [java.util.concurrent.ThreadPoolExecutor$Worker@7085d04d[State = -1, empty queue]] WARN  server.GrpcLogAppender (GrpcLogAppender.java:timeoutAppendRequest(200)) - GrpcLogAppender(7c3dea4a-666f-498f-b3ec-37d2b2f2aea0->eec05b1d-f4e8-4418-a60c-420e12deef9f): appendEntries Timeout, request=7c3dea4a-666f-498f-b3ec-37d2b2f2aea0->eec05b1d-f4e8-4418-a60c-420e12deef9f#98-t1, previous=(t:1, i:1), leaderCommit=0, initializing? false, entries: <empty>
2019-08-29 11:55:32,489 [grpc-default-executor-3] WARN  server.GrpcLogAppender (LogUtils.java:warn(134)) - 7c3dea4a-666f-498f-b3ec-37d2b2f2aea0->03953c42-7b85-4ce6-8578-61fc97f729cc: Failed appendEntries: org.apache.ratis.thirdparty.io.grpc.StatusRuntimeException: UNAVAILABLE: io exception
2019-08-29 11:55:32,494 [grpc-default-executor-3] INFO  impl.FollowerInfo (FollowerInfo.java:lambda$new$0(50)) - 7c3dea4a-666f-498f-b3ec-37d2b2f2aea0->03953c42-7b85-4ce6-8578-61fc97f729cc: nextIndex: updateUnconditionally 0 -> 0
2019-08-29 11:55:32,602 | INFO  | SCMAudit | user=jenkins1000 | ip=192.168.5.166 | op=SEND_HEARTBEAT {datanodeUUID=bd7d2b3e-70a9-4c18-9e48-3057ca72b747, command=[]} | ret=SUCCESS |  
2019-08-29 11:55:32,854 | INFO  | SCMAudit | user=jenkins1000 | ip=192.168.5.166 | op=SEND_HEARTBEAT {datanodeUUID=07dabde0-c17e-46ed-9a55-144838a04ea2, command=[]} | ret=SUCCESS |  
2019-08-29 11:55:32,918 | INFO  | SCMAudit | user=jenkins1000 | ip=192.168.5.166 | op=SEND_HEARTBEAT {datanodeUUID=eec05b1d-f4e8-4418-a60c-420e12deef9f, command=[]} | ret=SUCCESS |  
2019-08-29 11:55:32,924 | INFO  | DNAudit | user=null | ip=null | op=WRITE_CHUNK {blockData=conID: 6 locID: 102700135736147975 bcsId: 0} | ret=SUCCESS |  
2019-08-29 11:55:32,927 | INFO  | DNAudit | user=null | ip=null | op=WRITE_CHUNK {blockData=conID: 6 locID: 102700135736147975 bcsId: 0} | ret=SUCCESS |  
2019-08-29 11:55:32,931 [grpc-default-executor-3] WARN  server.GrpcLogAppender (GrpcLogAppender.java:onNextImpl(250)) - org.apache.ratis.grpc.server.GrpcLogAppender$AppendLogResponseHandler@7b45526d: Request not found, ignoring reply: 7c3dea4a-666f-498f-b3ec-37d2b2f2aea0<-eec05b1d-f4e8-4418-a60c-420e12deef9f#55:OK,SUCCESS,nextIndex:2,term:1,followerCommit:0
2019-08-29 11:55:32,931 [grpc-default-executor-3] WARN  server.GrpcLogAppender (GrpcLogAppender.java:onNextImpl(250)) - org.apache.ratis.grpc.server.GrpcLogAppender$AppendLogResponseHandler@7b45526d: Request not found, ignoring reply: 7c3dea4a-666f-498f-b3ec-37d2b2f2aea0<-eec05b1d-f4e8-4418-a60c-420e12deef9f#56:OK,SUCCESS,nextIndex:2,term:1,followerCommit:0
2019-08-29 11:55:32,931 [grpc-default-executor-3] WARN  server.GrpcLogAppender (GrpcLogAppender.java:onNextImpl(250)) - org.apache.ratis.grpc.server.GrpcLogAppender$AppendLogResponseHandler@7b45526d: Request not found, ignoring reply: 7c3dea4a-666f-498f-b3ec-37d2b2f2aea0<-eec05b1d-f4e8-4418-a60c-420e12deef9f#57:OK,SUCCESS,nextIndex:2,term:1,followerCommit:0
2019-08-29 11:55:32,931 [grpc-default-executor-3] WARN  server.GrpcLogAppender (GrpcLogAppender.java:onNextImpl(250)) - org.apache.ratis.grpc.server.GrpcLogAppender$AppendLogResponseHandler@7b45526d: Request not found, ignoring reply: 7c3dea4a-666f-498f-b3ec-37d2b2f2aea0<-eec05b1d-f4e8-4418-a60c-420e12deef9f#58:OK,SUCCESS,nextIndex:2,term:1,followerCommit:0
2019-08-29 11:55:32,932 [grpc-default-executor-3] WARN  server.GrpcLogAppender (GrpcLogAppender.java:onNextImpl(250)) - org.apache.ratis.grpc.server.GrpcLogAppender$AppendLogResponseHandler@7b45526d: Request not found, ignoring reply: 7c3dea4a-666f-498f-b3ec-37d2b2f2aea0<-eec05b1d-f4e8-4418-a60c-420e12deef9f#59:OK,SUCCESS,nextIndex:2,term:1,followerCommit:0
2019-08-29 11:55:32,932 [grpc-default-executor-3] WARN  server.GrpcLogAppender (GrpcLogAppender.java:onNextImpl(250)) - org.apache.ratis.grpc.server.GrpcLogAppender$AppendLogResponseHandler@7b45526d: Request not found, ignoring reply: 7c3dea4a-666f-498f-b3ec-37d2b2f2aea0<-eec05b1d-f4e8-4418-a60c-420e12deef9f#60:OK,SUCCESS,nextIndex:2,term:1,followerCommit:0
2019-08-29 11:55:32,932 [grpc-default-executor-3] WARN  server.GrpcLogAppender (GrpcLogAppender.java:onNextImpl(250)) - org.apache.ratis.grpc.server.GrpcLogAppender$AppendLogResponseHandler@7b45526d: Request not found, ignoring reply: 7c3dea4a-666f-498f-b3ec-37d2b2f2aea0<-eec05b1d-f4e8-4418-a60c-420e12deef9f#61:OK,SUCCESS,nextIndex:2,term:1,followerCommit:0
2019-08-29 11:55:32,932 [grpc-default-executor-3] WARN  server.GrpcLogAppender (GrpcLogAppender.java:onNextImpl(250)) - org.apache.ratis.grpc.server.GrpcLogAppender$AppendLogResponseHandler@7b45526d: Request not found, ignoring reply: 7c3dea4a-666f-498f-b3ec-37d2b2f2aea0<-eec05b1d-f4e8-4418-a60c-420e12deef9f#62:OK,SUCCESS,nextIndex:2,term:1,followerCommit:0
2019-08-29 11:55:32,932 [grpc-default-executor-3] WARN  server.GrpcLogAppender (GrpcLogAppender.java:onNextImpl(250)) - org.apache.ratis.grpc.server.GrpcLogAppender$AppendLogResponseHandler@7b45526d: Request not found, ignoring reply: 7c3dea4a-666f-498f-b3ec-37d2b2f2aea0<-eec05b1d-f4e8-4418-a60c-420e12deef9f#63:OK,SUCCESS,nextIndex:2,term:1,followerCommit:0
2019-08-29 11:55:32,933 [grpc-default-executor-3] WARN  server.GrpcLogAppender (GrpcLogAppender.java:onNextImpl(250)) - org.apache.ratis.grpc.server.GrpcLogAppender$AppendLogResponseHandler@7b45526d: Request not found, ignoring reply: 7c3dea4a-666f-498f-b3ec-37d2b2f2aea0<-eec05b1d-f4e8-4418-a60c-420e12deef9f#64:OK,SUCCESS,nextIndex:2,term:1,followerCommit:0
2019-08-29 11:55:32,933 [grpc-default-executor-3] WARN  server.GrpcLogAppender (GrpcLogAppender.java:onNextImpl(250)) - org.apache.ratis.grpc.server.GrpcLogAppender$AppendLogResponseHandler@7b45526d: Request not found, ignoring reply: 7c3dea4a-666f-498f-b3ec-37d2b2f2aea0<-eec05b1d-f4e8-4418-a60c-420e12deef9f#65:OK,SUCCESS,nextIndex:2,term:1,followerCommit:0
2019-08-29 11:55:32,933 [grpc-default-executor-3] WARN  server.GrpcLogAppender (GrpcLogAppender.java:onNextImpl(250)) - org.apache.ratis.grpc.server.GrpcLogAppender$AppendLogResponseHandler@7b45526d: Request not found, ignoring reply: 7c3dea4a-666f-498f-b3ec-37d2b2f2aea0<-eec05b1d-f4e8-4418-a60c-420e12deef9f#66:OK,SUCCESS,nextIndex:2,term:1,followerCommit:0
2019-08-29 11:55:32,933 [grpc-default-executor-3] WARN  server.GrpcLogAppender (GrpcLogAppender.java:onNextImpl(250)) - org.apache.ratis.grpc.server.GrpcLogAppender$AppendLogResponseHandler@7b45526d: Request not found, ignoring reply: 7c3dea4a-666f-498f-b3ec-37d2b2f2aea0<-eec05b1d-f4e8-4418-a60c-420e12deef9f#67:OK,SUCCESS,nextIndex:2,term:1,followerCommit:0
2019-08-29 11:55:32,933 [grpc-default-executor-3] WARN  server.GrpcLogAppender (GrpcLogAppender.java:onNextImpl(250)) - org.apache.ratis.grpc.server.GrpcLogAppender$AppendLogResponseHandler@7b45526d: Request not found, ignoring reply: 7c3dea4a-666f-498f-b3ec-37d2b2f2aea0<-eec05b1d-f4e8-4418-a60c-420e12deef9f#68:OK,SUCCESS,nextIndex:2,term:1,followerCommit:0
2019-08-29 11:55:32,934 [grpc-default-executor-3] WARN  server.GrpcLogAppender (GrpcLogAppender.java:onNextImpl(250)) - org.apache.ratis.grpc.server.GrpcLogAppender$AppendLogResponseHandler@7b45526d: Request not found, ignoring reply: 7c3dea4a-666f-498f-b3ec-37d2b2f2aea0<-eec05b1d-f4e8-4418-a60c-420e12deef9f#69:OK,SUCCESS,nextIndex:2,term:1,followerCommit:0
2019-08-29 11:55:32,934 [grpc-default-executor-3] WARN  server.GrpcLogAppender (GrpcLogAppender.java:onNextImpl(250)) - org.apache.ratis.grpc.server.GrpcLogAppender$AppendLogResponseHandler@7b45526d: Request not found, ignoring reply: 7c3dea4a-666f-498f-b3ec-37d2b2f2aea0<-eec05b1d-f4e8-4418-a60c-420e12deef9f#70:OK,SUCCESS,nextIndex:2,term:1,followerCommit:0
2019-08-29 11:55:32,934 [grpc-default-executor-3] WARN  server.GrpcLogAppender (GrpcLogAppender.java:onNextImpl(250)) - org.apache.ratis.grpc.server.GrpcLogAppender$AppendLogResponseHandler@7b45526d: Request not found, ignoring reply: 7c3dea4a-666f-498f-b3ec-37d2b2f2aea0<-eec05b1d-f4e8-4418-a60c-420e12deef9f#71:OK,SUCCESS,nextIndex:2,term:1,followerCommit:0
2019-08-29 11:55:32,934 [grpc-default-executor-3] WARN  server.GrpcLogAppender (GrpcLogAppender.java:onNextImpl(250)) - org.apache.ratis.grpc.server.GrpcLogAppender$AppendLogResponseHandler@7b45526d: Request not found, ignoring reply: 7c3dea4a-666f-498f-b3ec-37d2b2f2aea0<-eec05b1d-f4e8-4418-a60c-420e12deef9f#72:OK,SUCCESS,nextIndex:2,term:1,followerCommit:0
2019-08-29 11:55:32,934 [grpc-default-executor-3] WARN  server.GrpcLogAppender (GrpcLogAppender.java:onNextImpl(250)) - org.apache.ratis.grpc.server.GrpcLogAppender$AppendLogResponseHandler@7b45526d: Request not found, ignoring reply: 7c3dea4a-666f-498f-b3ec-37d2b2f2aea0<-eec05b1d-f4e8-4418-a60c-420e12deef9f#73:OK,SUCCESS,nextIndex:2,term:1,followerCommit:0
2019-08-29 11:55:32,935 [grpc-default-executor-3] WARN  server.GrpcLogAppender (GrpcLogAppender.java:onNextImpl(250)) - org.apache.ratis.grpc.server.GrpcLogAppender$AppendLogResponseHandler@7b45526d: Request not found, ignoring reply: 7c3dea4a-666f-498f-b3ec-37d2b2f2aea0<-eec05b1d-f4e8-4418-a60c-420e12deef9f#74:OK,SUCCESS,nextIndex:2,term:1,followerCommit:0
2019-08-29 11:55:32,935 [grpc-default-executor-3] WARN  server.GrpcLogAppender (GrpcLogAppender.java:onNextImpl(250)) - org.apache.ratis.grpc.server.GrpcLogAppender$AppendLogResponseHandler@7b45526d: Request not found, ignoring reply: 7c3dea4a-666f-498f-b3ec-37d2b2f2aea0<-eec05b1d-f4e8-4418-a60c-420e12deef9f#75:OK,SUCCESS,nextIndex:2,term:1,followerCommit:0
2019-08-29 11:55:32,935 [grpc-default-executor-3] WARN  server.GrpcLogAppender (GrpcLogAppender.java:onNextImpl(250)) - org.apache.ratis.grpc.server.GrpcLogAppender$AppendLogResponseHandler@7b45526d: Request not found, ignoring reply: 7c3dea4a-666f-498f-b3ec-37d2b2f2aea0<-eec05b1d-f4e8-4418-a60c-420e12deef9f#76:OK,SUCCESS,nextIndex:2,term:1,followerCommit:0
2019-08-29 11:55:32,935 [grpc-default-executor-3] WARN  server.GrpcLogAppender (GrpcLogAppender.java:onNextImpl(250)) - org.apache.ratis.grpc.server.GrpcLogAppender$AppendLogResponseHandler@7b45526d: Request not found, ignoring reply: 7c3dea4a-666f-498f-b3ec-37d2b2f2aea0<-eec05b1d-f4e8-4418-a60c-420e12deef9f#77:OK,SUCCESS,nextIndex:2,term:1,followerCommit:0
2019-08-29 11:55:32,935 [grpc-default-executor-3] WARN  server.GrpcLogAppender (GrpcLogAppender.java:onNextImpl(250)) - org.apache.ratis.grpc.server.GrpcLogAppender$AppendLogResponseHandler@7b45526d: Request not found, ignoring reply: 7c3dea4a-666f-498f-b3ec-37d2b2f2aea0<-eec05b1d-f4e8-4418-a60c-420e12deef9f#78:OK,SUCCESS,nextIndex:2,term:1,followerCommit:0
2019-08-29 11:55:32,936 [grpc-default-executor-3] WARN  server.GrpcLogAppender (GrpcLogAppender.java:onNextImpl(250)) - org.apache.ratis.grpc.server.GrpcLogAppender$AppendLogResponseHandler@7b45526d: Request not found, ignoring reply: 7c3dea4a-666f-498f-b3ec-37d2b2f2aea0<-eec05b1d-f4e8-4418-a60c-420e12deef9f#79:OK,SUCCESS,nextIndex:2,term:1,followerCommit:0
2019-08-29 11:55:32,936 [grpc-default-executor-3] WARN  server.GrpcLogAppender (GrpcLogAppender.java:onNextImpl(250)) - org.apache.ratis.grpc.server.GrpcLogAppender$AppendLogResponseHandler@7b45526d: Request not found, ignoring reply: 7c3dea4a-666f-498f-b3ec-37d2b2f2aea0<-eec05b1d-f4e8-4418-a60c-420e12deef9f#80:OK,SUCCESS,nextIndex:2,term:1,followerCommit:0
2019-08-29 11:55:32,936 [grpc-default-executor-3] WARN  server.GrpcLogAppender (GrpcLogAppender.java:onNextImpl(250)) - org.apache.ratis.grpc.server.GrpcLogAppender$AppendLogResponseHandler@7b45526d: Request not found, ignoring reply: 7c3dea4a-666f-498f-b3ec-37d2b2f2aea0<-eec05b1d-f4e8-4418-a60c-420e12deef9f#81:OK,SUCCESS,nextIndex:2,term:1,followerCommit:0
2019-08-29 11:55:32,936 [grpc-default-executor-3] WARN  server.GrpcLogAppender (GrpcLogAppender.java:onNextImpl(250)) - org.apache.ratis.grpc.server.GrpcLogAppender$AppendLogResponseHandler@7b45526d: Request not found, ignoring reply: 7c3dea4a-666f-498f-b3ec-37d2b2f2aea0<-eec05b1d-f4e8-4418-a60c-420e12deef9f#82:OK,SUCCESS,nextIndex:2,term:1,followerCommit:0
2019-08-29 11:55:32,936 [grpc-default-executor-3] WARN  server.GrpcLogAppender (GrpcLogAppender.java:onNextImpl(250)) - org.apache.ratis.grpc.server.GrpcLogAppender$AppendLogResponseHandler@7b45526d: Request not found, ignoring reply: 7c3dea4a-666f-498f-b3ec-37d2b2f2aea0<-eec05b1d-f4e8-4418-a60c-420e12deef9f#83:OK,SUCCESS,nextIndex:2,term:1,followerCommit:0
2019-08-29 11:55:32,937 [grpc-default-executor-3] WARN  server.GrpcLogAppender (GrpcLogAppender.java:onNextImpl(250)) - org.apache.ratis.grpc.server.GrpcLogAppender$AppendLogResponseHandler@7b45526d: Request not found, ignoring reply: 7c3dea4a-666f-498f-b3ec-37d2b2f2aea0<-eec05b1d-f4e8-4418-a60c-420e12deef9f#84:OK,SUCCESS,nextIndex:2,term:1,followerCommit:0
2019-08-29 11:55:32,937 [grpc-default-executor-3] WARN  server.GrpcLogAppender (GrpcLogAppender.java:onNextImpl(250)) - org.apache.ratis.grpc.server.GrpcLogAppender$AppendLogResponseHandler@7b45526d: Request not found, ignoring reply: 7c3dea4a-666f-498f-b3ec-37d2b2f2aea0<-eec05b1d-f4e8-4418-a60c-420e12deef9f#85:OK,SUCCESS,nextIndex:2,term:1,followerCommit:0
2019-08-29 11:55:32,937 [grpc-default-executor-3] WARN  server.GrpcLogAppender (GrpcLogAppender.java:onNextImpl(250)) - org.apache.ratis.grpc.server.GrpcLogAppender$AppendLogResponseHandler@7b45526d: Request not found, ignoring reply: 7c3dea4a-666f-498f-b3ec-37d2b2f2aea0<-eec05b1d-f4e8-4418-a60c-420e12deef9f#86:OK,SUCCESS,nextIndex:2,term:1,followerCommit:0
2019-08-29 11:55:32,937 [grpc-default-executor-3] WARN  server.GrpcLogAppender (GrpcLogAppender.java:onNextImpl(250)) - org.apache.ratis.grpc.server.GrpcLogAppender$AppendLogResponseHandler@7b45526d: Request not found, ignoring reply: 7c3dea4a-666f-498f-b3ec-37d2b2f2aea0<-eec05b1d-f4e8-4418-a60c-420e12deef9f#87:OK,SUCCESS,nextIndex:2,term:1,followerCommit:0
2019-08-29 11:55:32,937 [grpc-default-executor-3] WARN  server.GrpcLogAppender (GrpcLogAppender.java:onNextImpl(250)) - org.apache.ratis.grpc.server.GrpcLogAppender$AppendLogResponseHandler@7b45526d: Request not found, ignoring reply: 7c3dea4a-666f-498f-b3ec-37d2b2f2aea0<-eec05b1d-f4e8-4418-a60c-420e12deef9f#88:OK,SUCCESS,nextIndex:2,term:1,followerCommit:0
2019-08-29 11:55:32,937 [grpc-default-executor-3] WARN  server.GrpcLogAppender (GrpcLogAppender.java:onNextImpl(250)) - org.apache.ratis.grpc.server.GrpcLogAppender$AppendLogResponseHandler@7b45526d: Request not found, ignoring reply: 7c3dea4a-666f-498f-b3ec-37d2b2f2aea0<-eec05b1d-f4e8-4418-a60c-420e12deef9f#89:OK,SUCCESS,nextIndex:2,term:1,followerCommit:0
2019-08-29 11:55:32,938 [grpc-default-executor-3] WARN  server.GrpcLogAppender (GrpcLogAppender.java:onNextImpl(250)) - org.apache.ratis.grpc.server.GrpcLogAppender$AppendLogResponseHandler@7b45526d: Request not found, ignoring reply: 7c3dea4a-666f-498f-b3ec-37d2b2f2aea0<-eec05b1d-f4e8-4418-a60c-420e12deef9f#90:OK,SUCCESS,nextIndex:2,term:1,followerCommit:0
2019-08-29 11:55:32,938 [grpc-default-executor-3] WARN  server.GrpcLogAppender (GrpcLogAppender.java:onNextImpl(250)) - org.apache.ratis.grpc.server.GrpcLogAppender$AppendLogResponseHandler@7b45526d: Request not found, ignoring reply: 7c3dea4a-666f-498f-b3ec-37d2b2f2aea0<-eec05b1d-f4e8-4418-a60c-420e12deef9f#91:OK,SUCCESS,nextIndex:2,term:1,followerCommit:0
2019-08-29 11:55:32,938 [grpc-default-executor-3] WARN  server.GrpcLogAppender (GrpcLogAppender.java:onNextImpl(250)) - org.apache.ratis.grpc.server.GrpcLogAppender$AppendLogResponseHandler@7b45526d: Request not found, ignoring reply: 7c3dea4a-666f-498f-b3ec-37d2b2f2aea0<-eec05b1d-f4e8-4418-a60c-420e12deef9f#92:OK,SUCCESS,nextIndex:2,term:1,followerCommit:0
2019-08-29 11:55:32,938 [grpc-default-executor-3] WARN  server.GrpcLogAppender (GrpcLogAppender.java:onNextImpl(250)) - org.apache.ratis.grpc.server.GrpcLogAppender$AppendLogResponseHandler@7b45526d: Request not found, ignoring reply: 7c3dea4a-666f-498f-b3ec-37d2b2f2aea0<-eec05b1d-f4e8-4418-a60c-420e12deef9f#93:OK,SUCCESS,nextIndex:2,term:1,followerCommit:0
2019-08-29 11:55:32,938 [grpc-default-executor-3] WARN  server.GrpcLogAppender (GrpcLogAppender.java:onNextImpl(250)) - org.apache.ratis.grpc.server.GrpcLogAppender$AppendLogResponseHandler@7b45526d: Request not found, ignoring reply: 7c3dea4a-666f-498f-b3ec-37d2b2f2aea0<-eec05b1d-f4e8-4418-a60c-420e12deef9f#94:OK,SUCCESS,nextIndex:2,term:1,followerCommit:0
2019-08-29 11:55:32,939 [grpc-default-executor-3] WARN  server.GrpcLogAppender (GrpcLogAppender.java:onNextImpl(250)) - org.apache.ratis.grpc.server.GrpcLogAppender$AppendLogResponseHandler@7b45526d: Request not found, ignoring reply: 7c3dea4a-666f-498f-b3ec-37d2b2f2aea0<-eec05b1d-f4e8-4418-a60c-420e12deef9f#95:OK,SUCCESS,nextIndex:2,term:1,followerCommit:0
2019-08-29 11:55:32,939 [grpc-default-executor-3] WARN  server.GrpcLogAppender (GrpcLogAppender.java:onNextImpl(250)) - org.apache.ratis.grpc.server.GrpcLogAppender$AppendLogResponseHandler@7b45526d: Request not found, ignoring reply: 7c3dea4a-666f-498f-b3ec-37d2b2f2aea0<-eec05b1d-f4e8-4418-a60c-420e12deef9f#96:OK,SUCCESS,nextIndex:2,term:1,followerCommit:0
2019-08-29 11:55:32,939 [grpc-default-executor-3] WARN  server.GrpcLogAppender (GrpcLogAppender.java:onNextImpl(250)) - org.apache.ratis.grpc.server.GrpcLogAppender$AppendLogResponseHandler@7b45526d: Request not found, ignoring reply: 7c3dea4a-666f-498f-b3ec-37d2b2f2aea0<-eec05b1d-f4e8-4418-a60c-420e12deef9f#97:OK,SUCCESS,nextIndex:2,term:1,followerCommit:0
2019-08-29 11:55:32,939 [grpc-default-executor-3] WARN  server.GrpcLogAppender (GrpcLogAppender.java:onNextImpl(250)) - org.apache.ratis.grpc.server.GrpcLogAppender$AppendLogResponseHandler@7b45526d: Request not found, ignoring reply: 7c3dea4a-666f-498f-b3ec-37d2b2f2aea0<-eec05b1d-f4e8-4418-a60c-420e12deef9f#98:OK,SUCCESS,nextIndex:2,term:1,followerCommit:0
2019-08-29 11:55:32,942 | INFO  | DNAudit | user=null | ip=null | op=WRITE_CHUNK {blockData=conID: 6 locID: 102700135736147975 bcsId: 0} | ret=SUCCESS |  
2019-08-29 11:55:32,957 [grpc-default-executor-2] WARN  server.GrpcLogAppender (LogUtils.java:warn(134)) - 7c3dea4a-666f-498f-b3ec-37d2b2f2aea0->03953c42-7b85-4ce6-8578-61fc97f729cc: Failed appendEntries: org.apache.ratis.thirdparty.io.grpc.StatusRuntimeException: UNAVAILABLE: io exception
2019-08-29 11:55:32,960 | INFO  | DNAudit | user=null | ip=null | op=WRITE_CHUNK {blockData=conID: 6 locID: 102700135736147975 bcsId: 0} | ret=SUCCESS |  
2019-08-29 11:55:32,960 [grpc-default-executor-2] INFO  impl.FollowerInfo (FollowerInfo.java:lambda$new$0(50)) - 7c3dea4a-666f-498f-b3ec-37d2b2f2aea0->03953c42-7b85-4ce6-8578-61fc97f729cc: nextIndex: updateUnconditionally 1 -> 0
2019-08-29 11:55:32,965 [grpc-default-executor-3] WARN  server.GrpcLogAppender (LogUtils.java:warn(134)) - 7c3dea4a-666f-498f-b3ec-37d2b2f2aea0->03953c42-7b85-4ce6-8578-61fc97f729cc: Failed appendEntries: org.apache.ratis.thirdparty.io.grpc.StatusRuntimeException: UNAVAILABLE: io exception
2019-08-29 11:55:32,968 [grpc-default-executor-3] INFO  impl.FollowerInfo (FollowerInfo.java:lambda$new$0(50)) - 7c3dea4a-666f-498f-b3ec-37d2b2f2aea0->03953c42-7b85-4ce6-8578-61fc97f729cc: nextIndex: updateUnconditionally 1 -> 0
2019-08-29 11:55:32,983 | INFO  | DNAudit | user=null | ip=null | op=READ_CHUNK {blockData=conID: 6 locID: 102700135736147975 bcsId: 0} | ret=SUCCESS |  
2019-08-29 11:55:33,121 | INFO  | SCMAudit | user=jenkins1000 | ip=192.168.5.166 | op=SEND_HEARTBEAT {datanodeUUID=920b05f1-a92b-459a-a000-361715d4ee3d, command=[]} | ret=SUCCESS |  
2019-08-29 11:55:33,122 | INFO  | SCMAudit | user=jenkins1000 | ip=192.168.5.166 | op=SEND_HEARTBEAT {datanodeUUID=b34bc477-f594-4894-b3be-a6d4c994fd70, command=[]} | ret=SUCCESS |  
2019-08-29 11:55:33,122 | INFO  | SCMAudit | user=jenkins1000 | ip=192.168.5.166 | op=SEND_HEARTBEAT {datanodeUUID=42efee89-99fa-4c75-b2bf-b3a1b636c7a3, command=[]} | ret=SUCCESS |  
2019-08-29 11:55:33,252 [Thread-1045] INFO  impl.FollowerState (FollowerState.java:run(106)) - 07dabde0-c17e-46ed-9a55-144838a04ea2:group-39336B115318 changes to CANDIDATE, lastRpcTime:1040, electionTimeout:1040ms
2019-08-29 11:55:33,252 [Thread-1045] INFO  impl.RoleInfo (RoleInfo.java:shutdownFollowerState(121)) - 07dabde0-c17e-46ed-9a55-144838a04ea2: shutdown FollowerState
2019-08-29 11:55:33,252 [Thread-1045] INFO  impl.RaftServerImpl (RaftServerImpl.java:setRole(171)) - 07dabde0-c17e-46ed-9a55-144838a04ea2:group-39336B115318 changes role from FOLLOWER to CANDIDATE at term 14 for changeToCandidate
2019-08-29 11:55:33,252 [Thread-1045] INFO  impl.RoleInfo (RoleInfo.java:updateAndGet(143)) - 07dabde0-c17e-46ed-9a55-144838a04ea2: start LeaderElection
2019-08-29 11:55:33,274 [07dabde0-c17e-46ed-9a55-144838a04ea2:group-39336B115318:LeaderElection53] INFO  impl.LeaderElection (LeaderElection.java:askForVotes(181)) - 07dabde0-c17e-46ed-9a55-144838a04ea2:group-39336B115318:LeaderElection53: begin an election at term 15 for 0: [4a332945-53dc-4c0b-b910-cfaf195ac63d:192.168.5.166:44887, 07dabde0-c17e-46ed-9a55-144838a04ea2:192.168.5.166:46770, bd7d2b3e-70a9-4c18-9e48-3057ca72b747:192.168.5.166:45844], old=null
2019-08-29 11:55:33,275 [07dabde0-c17e-46ed-9a55-144838a04ea2:group-39336B115318:LeaderElection53] INFO  impl.LeaderElection (LogUtils.java:infoOrTrace(149)) - 07dabde0-c17e-46ed-9a55-144838a04ea2:group-39336B115318:LeaderElection53 got exception when requesting votes: {}
java.util.concurrent.ExecutionException: org.apache.ratis.thirdparty.io.grpc.StatusRuntimeException: UNAVAILABLE: io exception
	at java.util.concurrent.FutureTask.report(FutureTask.java:122)
	at java.util.concurrent.FutureTask.get(FutureTask.java:192)
	at org.apache.ratis.server.impl.LeaderElection.waitForResults(LeaderElection.java:262)
	at org.apache.ratis.server.impl.LeaderElection.askForVotes(LeaderElection.java:200)
	at org.apache.ratis.server.impl.LeaderElection.run(LeaderElection.java:130)
	at java.lang.Thread.run(Thread.java:748)
Caused by: org.apache.ratis.thirdparty.io.grpc.StatusRuntimeException: UNAVAILABLE: io exception
	at org.apache.ratis.thirdparty.io.grpc.stub.ClientCalls.toStatusRuntimeException(ClientCalls.java:233)
	at org.apache.ratis.thirdparty.io.grpc.stub.ClientCalls.getUnchecked(ClientCalls.java:214)
	at org.apache.ratis.thirdparty.io.grpc.stub.ClientCalls.blockingUnaryCall(ClientCalls.java:139)
	at org.apache.ratis.proto.grpc.RaftServerProtocolServiceGrpc$RaftServerProtocolServiceBlockingStub.requestVote(RaftServerProtocolServiceGrpc.java:265)
	at org.apache.ratis.grpc.server.GrpcServerProtocolClient.requestVote(GrpcServerProtocolClient.java:83)
	at org.apache.ratis.grpc.server.GrpcService.requestVote(GrpcService.java:195)
	at org.apache.ratis.server.impl.LeaderElection.lambda$submitRequests$1(LeaderElection.java:237)
	at java.util.concurrent.FutureTask.run(FutureTask.java:266)
	at java.util.concurrent.Executors$RunnableAdapter.call(Executors.java:511)
	at java.util.concurrent.FutureTask.run(FutureTask.java:266)
	at java.util.concurrent.ThreadPoolExecutor.runWorker(ThreadPoolExecutor.java:1149)
	at java.util.concurrent.ThreadPoolExecutor$Worker.run(ThreadPoolExecutor.java:624)
	... 1 more
Caused by: org.apache.ratis.thirdparty.io.netty.channel.AbstractChannel$AnnotatedConnectException: Connection refused: /192.168.5.166:44887
	at sun.nio.ch.SocketChannelImpl.checkConnect(Native Method)
	at sun.nio.ch.SocketChannelImpl.finishConnect(SocketChannelImpl.java:717)
	at org.apache.ratis.thirdparty.io.netty.channel.socket.nio.NioSocketChannel.doFinishConnect(NioSocketChannel.java:327)
	at org.apache.ratis.thirdparty.io.netty.channel.nio.AbstractNioChannel$AbstractNioUnsafe.finishConnect(AbstractNioChannel.java:340)
	at org.apache.ratis.thirdparty.io.netty.channel.nio.NioEventLoop.processSelectedKey(NioEventLoop.java:632)
	at org.apache.ratis.thirdparty.io.netty.channel.nio.NioEventLoop.processSelectedKeysOptimized(NioEventLoop.java:579)
	at org.apache.ratis.thirdparty.io.netty.channel.nio.NioEventLoop.processSelectedKeys(NioEventLoop.java:496)
	at org.apache.ratis.thirdparty.io.netty.channel.nio.NioEventLoop.run(NioEventLoop.java:458)
	at org.apache.ratis.thirdparty.io.netty.util.concurrent.SingleThreadEventExecutor$5.run(SingleThreadEventExecutor.java:897)
	at org.apache.ratis.thirdparty.io.netty.util.concurrent.FastThreadLocalRunnable.run(FastThreadLocalRunnable.java:30)
	... 1 more
Caused by: java.net.ConnectException: Connection refused
	... 11 more
2019-08-29 11:55:33,280 [grpc-default-executor-3] INFO  impl.RaftServerImpl (RaftServerImpl.java:setRole(171)) - bd7d2b3e-70a9-4c18-9e48-3057ca72b747:group-39336B115318 changes role from FOLLOWER to FOLLOWER at term 15 for recognizeCandidate:07dabde0-c17e-46ed-9a55-144838a04ea2
2019-08-29 11:55:33,280 [grpc-default-executor-3] INFO  impl.RoleInfo (RoleInfo.java:shutdownFollowerState(121)) - bd7d2b3e-70a9-4c18-9e48-3057ca72b747: shutdown FollowerState
2019-08-29 11:55:33,280 [grpc-default-executor-3] INFO  impl.RoleInfo (RoleInfo.java:updateAndGet(143)) - bd7d2b3e-70a9-4c18-9e48-3057ca72b747: start FollowerState
2019-08-29 11:55:33,280 [Thread-1044] INFO  impl.FollowerState (FollowerState.java:run(114)) - bd7d2b3e-70a9-4c18-9e48-3057ca72b747: FollowerState was interrupted: java.lang.InterruptedException: sleep interrupted
2019-08-29 11:55:33,301 [07dabde0-c17e-46ed-9a55-144838a04ea2:group-39336B115318:LeaderElection53] INFO  impl.LeaderElection (LeaderElection.java:logAndReturn(56)) - 07dabde0-c17e-46ed-9a55-144838a04ea2:group-39336B115318:LeaderElection53: Election PASSED; received 1 response(s) [07dabde0-c17e-46ed-9a55-144838a04ea2<-bd7d2b3e-70a9-4c18-9e48-3057ca72b747#0:OK-t15] and 1 exception(s); 07dabde0-c17e-46ed-9a55-144838a04ea2:t15, leader=null, voted=07dabde0-c17e-46ed-9a55-144838a04ea2, raftlog=07dabde0-c17e-46ed-9a55-144838a04ea2-SegmentedRaftLog:OPENED:c-1,f0,i0, conf=0: [4a332945-53dc-4c0b-b910-cfaf195ac63d:192.168.5.166:44887, 07dabde0-c17e-46ed-9a55-144838a04ea2:192.168.5.166:46770, bd7d2b3e-70a9-4c18-9e48-3057ca72b747:192.168.5.166:45844], old=null
2019-08-29 11:55:33,301 [07dabde0-c17e-46ed-9a55-144838a04ea2:group-39336B115318:LeaderElection53] INFO  impl.LeaderElection (LogUtils.java:infoOrTrace(149)) -   Exception 0: {}
java.util.concurrent.ExecutionException: org.apache.ratis.thirdparty.io.grpc.StatusRuntimeException: UNAVAILABLE: io exception
	at java.util.concurrent.FutureTask.report(FutureTask.java:122)
	at java.util.concurrent.FutureTask.get(FutureTask.java:192)
	at org.apache.ratis.server.impl.LeaderElection.waitForResults(LeaderElection.java:262)
	at org.apache.ratis.server.impl.LeaderElection.askForVotes(LeaderElection.java:200)
	at org.apache.ratis.server.impl.LeaderElection.run(LeaderElection.java:130)
	at java.lang.Thread.run(Thread.java:748)
Caused by: org.apache.ratis.thirdparty.io.grpc.StatusRuntimeException: UNAVAILABLE: io exception
	at org.apache.ratis.thirdparty.io.grpc.stub.ClientCalls.toStatusRuntimeException(ClientCalls.java:233)
	at org.apache.ratis.thirdparty.io.grpc.stub.ClientCalls.getUnchecked(ClientCalls.java:214)
	at org.apache.ratis.thirdparty.io.grpc.stub.ClientCalls.blockingUnaryCall(ClientCalls.java:139)
	at org.apache.ratis.proto.grpc.RaftServerProtocolServiceGrpc$RaftServerProtocolServiceBlockingStub.requestVote(RaftServerProtocolServiceGrpc.java:265)
	at org.apache.ratis.grpc.server.GrpcServerProtocolClient.requestVote(GrpcServerProtocolClient.java:83)
	at org.apache.ratis.grpc.server.GrpcService.requestVote(GrpcService.java:195)
	at org.apache.ratis.server.impl.LeaderElection.lambda$submitRequests$1(LeaderElection.java:237)
	at java.util.concurrent.FutureTask.run(FutureTask.java:266)
	at java.util.concurrent.Executors$RunnableAdapter.call(Executors.java:511)
	at java.util.concurrent.FutureTask.run(FutureTask.java:266)
	at java.util.concurrent.ThreadPoolExecutor.runWorker(ThreadPoolExecutor.java:1149)
	at java.util.concurrent.ThreadPoolExecutor$Worker.run(ThreadPoolExecutor.java:624)
	... 1 more
Caused by: org.apache.ratis.thirdparty.io.netty.channel.AbstractChannel$AnnotatedConnectException: Connection refused: /192.168.5.166:44887
	at sun.nio.ch.SocketChannelImpl.checkConnect(Native Method)
	at sun.nio.ch.SocketChannelImpl.finishConnect(SocketChannelImpl.java:717)
	at org.apache.ratis.thirdparty.io.netty.channel.socket.nio.NioSocketChannel.doFinishConnect(NioSocketChannel.java:327)
	at org.apache.ratis.thirdparty.io.netty.channel.nio.AbstractNioChannel$AbstractNioUnsafe.finishConnect(AbstractNioChannel.java:340)
	at org.apache.ratis.thirdparty.io.netty.channel.nio.NioEventLoop.processSelectedKey(NioEventLoop.java:632)
	at org.apache.ratis.thirdparty.io.netty.channel.nio.NioEventLoop.processSelectedKeysOptimized(NioEventLoop.java:579)
	at org.apache.ratis.thirdparty.io.netty.channel.nio.NioEventLoop.processSelectedKeys(NioEventLoop.java:496)
	at org.apache.ratis.thirdparty.io.netty.channel.nio.NioEventLoop.run(NioEventLoop.java:458)
	at org.apache.ratis.thirdparty.io.netty.util.concurrent.SingleThreadEventExecutor$5.run(SingleThreadEventExecutor.java:897)
	at org.apache.ratis.thirdparty.io.netty.util.concurrent.FastThreadLocalRunnable.run(FastThreadLocalRunnable.java:30)
	... 1 more
Caused by: java.net.ConnectException: Connection refused
	... 11 more
2019-08-29 11:55:33,301 [07dabde0-c17e-46ed-9a55-144838a04ea2:group-39336B115318:LeaderElection53] INFO  impl.RoleInfo (RoleInfo.java:shutdownLeaderElection(134)) - 07dabde0-c17e-46ed-9a55-144838a04ea2: shutdown LeaderElection
2019-08-29 11:55:33,302 [07dabde0-c17e-46ed-9a55-144838a04ea2:group-39336B115318:LeaderElection53] INFO  impl.RaftServerImpl (RaftServerImpl.java:setRole(171)) - 07dabde0-c17e-46ed-9a55-144838a04ea2:group-39336B115318 changes role from CANDIDATE to LEADER at term 15 for changeToLeader
2019-08-29 11:55:33,302 [07dabde0-c17e-46ed-9a55-144838a04ea2:group-39336B115318:LeaderElection53] INFO  impl.RaftServerImpl (ServerState.java:setLeader(263)) - 07dabde0-c17e-46ed-9a55-144838a04ea2:group-39336B115318 change Leader from null to 07dabde0-c17e-46ed-9a55-144838a04ea2 at term 15 for becomeLeader, leader elected after 52684ms
2019-08-29 11:55:33,302 [07dabde0-c17e-46ed-9a55-144838a04ea2:group-39336B115318:LeaderElection53] INFO  server.RaftServerConfigKeys (ConfUtils.java:logGet(43)) - raft.server.staging.catchup.gap = 1000 (default)
2019-08-29 11:55:33,302 [07dabde0-c17e-46ed-9a55-144838a04ea2:group-39336B115318:LeaderElection53] INFO  server.RaftServerConfigKeys (ConfUtils.java:logGet(43)) - raft.server.rpc.sleep.time = 25ms (default)
2019-08-29 11:55:33,302 [07dabde0-c17e-46ed-9a55-144838a04ea2:group-39336B115318:LeaderElection53] INFO  server.RaftServerConfigKeys (ConfUtils.java:logGet(43)) - raft.server.write.element-limit = 4096 (default)
2019-08-29 11:55:33,303 [07dabde0-c17e-46ed-9a55-144838a04ea2:group-39336B115318:LeaderElection53] INFO  server.RaftServerConfigKeys (ConfUtils.java:logGet(43)) - raft.server.watch.timeout = 10s (default)
2019-08-29 11:55:33,303 [07dabde0-c17e-46ed-9a55-144838a04ea2:group-39336B115318:LeaderElection53] INFO  server.RaftServerConfigKeys (ConfUtils.java:logGet(43)) - raft.server.watch.timeout.denomination = 1s (default)
2019-08-29 11:55:33,303 [07dabde0-c17e-46ed-9a55-144838a04ea2:group-39336B115318:LeaderElection53] INFO  server.RaftServerConfigKeys (ConfUtils.java:logGet(43)) - raft.server.watch.element-limit = 65536 (default)
2019-08-29 11:55:33,303 [07dabde0-c17e-46ed-9a55-144838a04ea2:group-39336B115318:LeaderElection53] INFO  server.RaftServerConfigKeys (ConfUtils.java:logGet(43)) - raft.server.log.appender.snapshot.chunk.size.max = 16MB (=16777216) (default)
2019-08-29 11:55:33,304 [07dabde0-c17e-46ed-9a55-144838a04ea2:group-39336B115318:LeaderElection53] INFO  server.RaftServerConfigKeys (ConfUtils.java:logGet(43)) - raft.server.log.appender.buffer.byte-limit = 33554432 (custom)
2019-08-29 11:55:33,304 [07dabde0-c17e-46ed-9a55-144838a04ea2:group-39336B115318:LeaderElection53] INFO  server.RaftServerConfigKeys (ConfUtils.java:logGet(43)) - raft.server.log.appender.buffer.element-limit = 1 (custom)
2019-08-29 11:55:33,304 [07dabde0-c17e-46ed-9a55-144838a04ea2:group-39336B115318:LeaderElection53] INFO  grpc.GrpcConfigKeys$Server (ConfUtils.java:logGet(43)) - raft.grpc.server.leader.outstanding.appends.max = 128 (default)
2019-08-29 11:55:33,304 [07dabde0-c17e-46ed-9a55-144838a04ea2:group-39336B115318:LeaderElection53] INFO  server.RaftServerConfigKeys (ConfUtils.java:logGet(43)) - raft.server.rpc.request.timeout = 3000ms (default)
2019-08-29 11:55:33,304 [07dabde0-c17e-46ed-9a55-144838a04ea2:group-39336B115318:LeaderElection53] INFO  server.RaftServerConfigKeys (ConfUtils.java:logGet(43)) - raft.server.log.appender.install.snapshot.enabled = false (custom)
2019-08-29 11:55:33,305 [07dabde0-c17e-46ed-9a55-144838a04ea2:group-39336B115318:LeaderElection53] INFO  server.RaftServerConfigKeys (ConfUtils.java:logGet(43)) - raft.server.log.appender.snapshot.chunk.size.max = 16MB (=16777216) (default)
2019-08-29 11:55:33,305 [07dabde0-c17e-46ed-9a55-144838a04ea2:group-39336B115318:LeaderElection53] INFO  server.RaftServerConfigKeys (ConfUtils.java:logGet(43)) - raft.server.log.appender.buffer.byte-limit = 33554432 (custom)
2019-08-29 11:55:33,305 [07dabde0-c17e-46ed-9a55-144838a04ea2:group-39336B115318:LeaderElection53] INFO  server.RaftServerConfigKeys (ConfUtils.java:logGet(43)) - raft.server.log.appender.buffer.element-limit = 1 (custom)
2019-08-29 11:55:33,305 [07dabde0-c17e-46ed-9a55-144838a04ea2:group-39336B115318:LeaderElection53] INFO  grpc.GrpcConfigKeys$Server (ConfUtils.java:logGet(43)) - raft.grpc.server.leader.outstanding.appends.max = 128 (default)
2019-08-29 11:55:33,305 [07dabde0-c17e-46ed-9a55-144838a04ea2:group-39336B115318:LeaderElection53] INFO  server.RaftServerConfigKeys (ConfUtils.java:logGet(43)) - raft.server.rpc.request.timeout = 3000ms (default)
2019-08-29 11:55:33,305 [07dabde0-c17e-46ed-9a55-144838a04ea2:group-39336B115318:LeaderElection53] INFO  server.RaftServerConfigKeys (ConfUtils.java:logGet(43)) - raft.server.log.appender.install.snapshot.enabled = false (custom)
2019-08-29 11:55:33,306 [07dabde0-c17e-46ed-9a55-144838a04ea2:group-39336B115318:LeaderElection53] INFO  impl.RoleInfo (RoleInfo.java:updateAndGet(143)) - 07dabde0-c17e-46ed-9a55-144838a04ea2: start LeaderState
2019-08-29 11:55:33,306 [07dabde0-c17e-46ed-9a55-144838a04ea2:group-39336B115318:LeaderElection53] INFO  segmented.SegmentedRaftLogWorker (SegmentedRaftLogWorker.java:rollLogSegment(385)) - 07dabde0-c17e-46ed-9a55-144838a04ea2-SegmentedRaftLogWorker:Storage Directory /workdir/hadoop-ozone/integration-test/target/test-dir/MiniOzoneClusterImpl-d5645d28-46c2-4d7d-99f2-1f02fc29b8b0/datanode-1/data/ratis/de5feacf-52c6-40b2-b983-39336b115318: Rolling segment log-0_0 to index:0
2019-08-29 11:55:33,308 [07dabde0-c17e-46ed-9a55-144838a04ea2:group-39336B115318:LeaderElection53] INFO  impl.RaftServerImpl (ServerState.java:setRaftConf(361)) - 07dabde0-c17e-46ed-9a55-144838a04ea2:group-39336B115318 set configuration 1: [4a332945-53dc-4c0b-b910-cfaf195ac63d:192.168.5.166:44887, 07dabde0-c17e-46ed-9a55-144838a04ea2:192.168.5.166:46770, bd7d2b3e-70a9-4c18-9e48-3057ca72b747:192.168.5.166:45844], old=null at 1
2019-08-29 11:55:33,308 [grpc-default-executor-3] WARN  server.GrpcLogAppender (LogUtils.java:warn(134)) - 07dabde0-c17e-46ed-9a55-144838a04ea2->4a332945-53dc-4c0b-b910-cfaf195ac63d: Failed appendEntries: org.apache.ratis.thirdparty.io.grpc.StatusRuntimeException: UNAVAILABLE: io exception
2019-08-29 11:55:33,309 [07dabde0-c17e-46ed-9a55-144838a04ea2-SegmentedRaftLogWorker:Storage Directory /workdir/hadoop-ozone/integration-test/target/test-dir/MiniOzoneClusterImpl-d5645d28-46c2-4d7d-99f2-1f02fc29b8b0/datanode-1/data/ratis/de5feacf-52c6-40b2-b983-39336b115318] INFO  segmented.SegmentedRaftLogWorker (SegmentedRaftLogWorker.java:execute(526)) - 07dabde0-c17e-46ed-9a55-144838a04ea2-SegmentedRaftLogWorker:Storage Directory /workdir/hadoop-ozone/integration-test/target/test-dir/MiniOzoneClusterImpl-d5645d28-46c2-4d7d-99f2-1f02fc29b8b0/datanode-1/data/ratis/de5feacf-52c6-40b2-b983-39336b115318: Rolled log segment from /workdir/hadoop-ozone/integration-test/target/test-dir/MiniOzoneClusterImpl-d5645d28-46c2-4d7d-99f2-1f02fc29b8b0/datanode-1/data/ratis/de5feacf-52c6-40b2-b983-39336b115318/current/log_inprogress_0 to /workdir/hadoop-ozone/integration-test/target/test-dir/MiniOzoneClusterImpl-d5645d28-46c2-4d7d-99f2-1f02fc29b8b0/datanode-1/data/ratis/de5feacf-52c6-40b2-b983-39336b115318/current/log_0-0
2019-08-29 11:55:33,309 [grpc-default-executor-3] INFO  impl.FollowerInfo (FollowerInfo.java:lambda$new$0(50)) - 07dabde0-c17e-46ed-9a55-144838a04ea2->4a332945-53dc-4c0b-b910-cfaf195ac63d: nextIndex: updateUnconditionally 1 -> 0
2019-08-29 11:55:33,310 [grpc-default-executor-3] INFO  impl.RaftServerImpl (ServerState.java:setLeader(263)) - bd7d2b3e-70a9-4c18-9e48-3057ca72b747:group-39336B115318 change Leader from null to 07dabde0-c17e-46ed-9a55-144838a04ea2 at term 15 for appendEntries, leader elected after 53865ms
2019-08-29 11:55:33,310 [grpc-default-executor-3] INFO  impl.RaftServerImpl (RaftServerImpl.java:checkInconsistentAppendEntries(999)) - bd7d2b3e-70a9-4c18-9e48-3057ca72b747: Failed appendEntries as previous log entry ((t:1, i:0)) is not found
2019-08-29 11:55:33,310 [grpc-default-executor-3] INFO  impl.RaftServerImpl (RaftServerImpl.java:checkInconsistentAppendEntries(972)) - bd7d2b3e-70a9-4c18-9e48-3057ca72b747: inconsistency entries. Reply:07dabde0-c17e-46ed-9a55-144838a04ea2<-bd7d2b3e-70a9-4c18-9e48-3057ca72b747#0:FAIL,INCONSISTENCY,nextIndex:0,term:15,followerCommit:-1
2019-08-29 11:55:33,311 [grpc-default-executor-3] INFO  impl.FollowerInfo (FollowerInfo.java:lambda$new$0(50)) - 07dabde0-c17e-46ed-9a55-144838a04ea2->bd7d2b3e-70a9-4c18-9e48-3057ca72b747: nextIndex: updateUnconditionally 1 -> 0
2019-08-29 11:55:33,312 [grpc-default-executor-3] INFO  impl.RaftServerImpl (ServerState.java:setRaftConf(361)) - bd7d2b3e-70a9-4c18-9e48-3057ca72b747:group-39336B115318 set configuration 0: [4a332945-53dc-4c0b-b910-cfaf195ac63d:192.168.5.166:44887, 07dabde0-c17e-46ed-9a55-144838a04ea2:192.168.5.166:46770, bd7d2b3e-70a9-4c18-9e48-3057ca72b747:192.168.5.166:45844], old=null at 0
2019-08-29 11:55:33,313 [grpc-default-executor-3] INFO  segmented.SegmentedRaftLogWorker (SegmentedRaftLogWorker.java:startLogSegment(380)) - bd7d2b3e-70a9-4c18-9e48-3057ca72b747-SegmentedRaftLogWorker:Storage Directory /workdir/hadoop-ozone/integration-test/target/test-dir/MiniOzoneClusterImpl-d5645d28-46c2-4d7d-99f2-1f02fc29b8b0/datanode-4/data/ratis/de5feacf-52c6-40b2-b983-39336b115318: Starting segment from index:0
2019-08-29 11:55:33,313 [grpc-default-executor-3] INFO  impl.RaftServerImpl (ServerState.java:setRaftConf(361)) - bd7d2b3e-70a9-4c18-9e48-3057ca72b747:group-39336B115318 set configuration 1: [4a332945-53dc-4c0b-b910-cfaf195ac63d:192.168.5.166:44887, 07dabde0-c17e-46ed-9a55-144838a04ea2:192.168.5.166:46770, bd7d2b3e-70a9-4c18-9e48-3057ca72b747:192.168.5.166:45844], old=null at 1
2019-08-29 11:55:33,313 [grpc-default-executor-3] INFO  segmented.SegmentedRaftLogWorker (SegmentedRaftLogWorker.java:rollLogSegment(385)) - bd7d2b3e-70a9-4c18-9e48-3057ca72b747-SegmentedRaftLogWorker:Storage Directory /workdir/hadoop-ozone/integration-test/target/test-dir/MiniOzoneClusterImpl-d5645d28-46c2-4d7d-99f2-1f02fc29b8b0/datanode-4/data/ratis/de5feacf-52c6-40b2-b983-39336b115318: Rolling segment log-0_0 to index:0
2019-08-29 11:55:33,369 [07dabde0-c17e-46ed-9a55-144838a04ea2-SegmentedRaftLogWorker:Storage Directory /workdir/hadoop-ozone/integration-test/target/test-dir/MiniOzoneClusterImpl-d5645d28-46c2-4d7d-99f2-1f02fc29b8b0/datanode-1/data/ratis/de5feacf-52c6-40b2-b983-39336b115318] INFO  segmented.SegmentedRaftLogWorker (SegmentedRaftLogWorker.java:execute(569)) - 07dabde0-c17e-46ed-9a55-144838a04ea2-SegmentedRaftLogWorker:Storage Directory /workdir/hadoop-ozone/integration-test/target/test-dir/MiniOzoneClusterImpl-d5645d28-46c2-4d7d-99f2-1f02fc29b8b0/datanode-1/data/ratis/de5feacf-52c6-40b2-b983-39336b115318: created new log segment /workdir/hadoop-ozone/integration-test/target/test-dir/MiniOzoneClusterImpl-d5645d28-46c2-4d7d-99f2-1f02fc29b8b0/datanode-1/data/ratis/de5feacf-52c6-40b2-b983-39336b115318/current/log_inprogress_1
2019-08-29 11:55:33,369 [bd7d2b3e-70a9-4c18-9e48-3057ca72b747-SegmentedRaftLogWorker:Storage Directory /workdir/hadoop-ozone/integration-test/target/test-dir/MiniOzoneClusterImpl-d5645d28-46c2-4d7d-99f2-1f02fc29b8b0/datanode-4/data/ratis/de5feacf-52c6-40b2-b983-39336b115318] INFO  segmented.SegmentedRaftLogWorker (SegmentedRaftLogWorker.java:execute(569)) - bd7d2b3e-70a9-4c18-9e48-3057ca72b747-SegmentedRaftLogWorker:Storage Directory /workdir/hadoop-ozone/integration-test/target/test-dir/MiniOzoneClusterImpl-d5645d28-46c2-4d7d-99f2-1f02fc29b8b0/datanode-4/data/ratis/de5feacf-52c6-40b2-b983-39336b115318: created new log segment /workdir/hadoop-ozone/integration-test/target/test-dir/MiniOzoneClusterImpl-d5645d28-46c2-4d7d-99f2-1f02fc29b8b0/datanode-4/data/ratis/de5feacf-52c6-40b2-b983-39336b115318/current/log_inprogress_0
2019-08-29 11:55:33,381 [bd7d2b3e-70a9-4c18-9e48-3057ca72b747-SegmentedRaftLogWorker:Storage Directory /workdir/hadoop-ozone/integration-test/target/test-dir/MiniOzoneClusterImpl-d5645d28-46c2-4d7d-99f2-1f02fc29b8b0/datanode-4/data/ratis/de5feacf-52c6-40b2-b983-39336b115318] INFO  segmented.SegmentedRaftLogWorker (SegmentedRaftLogWorker.java:execute(526)) - bd7d2b3e-70a9-4c18-9e48-3057ca72b747-SegmentedRaftLogWorker:Storage Directory /workdir/hadoop-ozone/integration-test/target/test-dir/MiniOzoneClusterImpl-d5645d28-46c2-4d7d-99f2-1f02fc29b8b0/datanode-4/data/ratis/de5feacf-52c6-40b2-b983-39336b115318: Rolled log segment from /workdir/hadoop-ozone/integration-test/target/test-dir/MiniOzoneClusterImpl-d5645d28-46c2-4d7d-99f2-1f02fc29b8b0/datanode-4/data/ratis/de5feacf-52c6-40b2-b983-39336b115318/current/log_inprogress_0 to /workdir/hadoop-ozone/integration-test/target/test-dir/MiniOzoneClusterImpl-d5645d28-46c2-4d7d-99f2-1f02fc29b8b0/datanode-4/data/ratis/de5feacf-52c6-40b2-b983-39336b115318/current/log_0-0
2019-08-29 11:55:33,423 [bd7d2b3e-70a9-4c18-9e48-3057ca72b747-SegmentedRaftLogWorker:Storage Directory /workdir/hadoop-ozone/integration-test/target/test-dir/MiniOzoneClusterImpl-d5645d28-46c2-4d7d-99f2-1f02fc29b8b0/datanode-4/data/ratis/de5feacf-52c6-40b2-b983-39336b115318] INFO  segmented.SegmentedRaftLogWorker (SegmentedRaftLogWorker.java:execute(569)) - bd7d2b3e-70a9-4c18-9e48-3057ca72b747-SegmentedRaftLogWorker:Storage Directory /workdir/hadoop-ozone/integration-test/target/test-dir/MiniOzoneClusterImpl-d5645d28-46c2-4d7d-99f2-1f02fc29b8b0/datanode-4/data/ratis/de5feacf-52c6-40b2-b983-39336b115318: created new log segment /workdir/hadoop-ozone/integration-test/target/test-dir/MiniOzoneClusterImpl-d5645d28-46c2-4d7d-99f2-1f02fc29b8b0/datanode-4/data/ratis/de5feacf-52c6-40b2-b983-39336b115318/current/log_inprogress_1
2019-08-29 11:55:33,440 [grpc-default-executor-2] WARN  server.GrpcLogAppender (LogUtils.java:warn(134)) - 07dabde0-c17e-46ed-9a55-144838a04ea2->4a332945-53dc-4c0b-b910-cfaf195ac63d: Failed appendEntries: org.apache.ratis.thirdparty.io.grpc.StatusRuntimeException: UNAVAILABLE: io exception
2019-08-29 11:55:33,444 [grpc-default-executor-2] INFO  impl.FollowerInfo (FollowerInfo.java:lambda$new$0(50)) - 07dabde0-c17e-46ed-9a55-144838a04ea2->4a332945-53dc-4c0b-b910-cfaf195ac63d: nextIndex: updateUnconditionally 1 -> 0
2019-08-29 11:55:33,449 [grpc-default-executor-3] WARN  server.GrpcLogAppender (LogUtils.java:warn(134)) - 07dabde0-c17e-46ed-9a55-144838a04ea2->4a332945-53dc-4c0b-b910-cfaf195ac63d: Failed appendEntries: org.apache.ratis.thirdparty.io.grpc.StatusRuntimeException: UNAVAILABLE: io exception
2019-08-29 11:55:33,454 [grpc-default-executor-3] INFO  impl.FollowerInfo (FollowerInfo.java:lambda$new$0(50)) - 07dabde0-c17e-46ed-9a55-144838a04ea2->4a332945-53dc-4c0b-b910-cfaf195ac63d: nextIndex: updateUnconditionally 1 -> 0
2019-08-29 11:55:33,468 [grpc-default-executor-1] WARN  server.GrpcLogAppender (LogUtils.java:warn(134)) - 7c3dea4a-666f-498f-b3ec-37d2b2f2aea0->03953c42-7b85-4ce6-8578-61fc97f729cc: Failed appendEntries: org.apache.ratis.thirdparty.io.grpc.StatusRuntimeException: UNAVAILABLE: io exception
2019-08-29 11:55:33,471 [grpc-default-executor-1] INFO  impl.FollowerInfo (FollowerInfo.java:lambda$new$0(50)) - 7c3dea4a-666f-498f-b3ec-37d2b2f2aea0->03953c42-7b85-4ce6-8578-61fc97f729cc: nextIndex: updateUnconditionally 0 -> 0
2019-08-29 11:55:33,597 | INFO  | SCMAudit | user=jenkins1000 | ip=192.168.5.166 | op=SEND_HEARTBEAT {datanodeUUID=bd7d2b3e-70a9-4c18-9e48-3057ca72b747, command=[]} | ret=SUCCESS |  
2019-08-29 11:55:33,602 [ForkJoinPool.commonPool-worker-1] INFO  ozoneimpl.OzoneContainer (OzoneContainer.java:stop(199)) - Attempting to stop container services.
2019-08-29 11:55:33,602 [main] INFO  ozoneimpl.OzoneContainer (OzoneContainer.java:stop(199)) - Attempting to stop container services.
2019-08-29 11:55:33,603 [ForkJoinPool.commonPool-worker-1] INFO  impl.RaftServerProxy (RaftServerProxy.java:lambda$close$4(314)) - e5b95ce0-1250-4c31-97f6-119a472050cb: close
2019-08-29 11:55:33,603 [main] INFO  impl.RaftServerProxy (RaftServerProxy.java:lambda$close$4(314)) - 7c3dea4a-666f-498f-b3ec-37d2b2f2aea0: close
2019-08-29 11:55:33,603 [ForkJoinPool.commonPool-worker-1] INFO  impl.RaftServerImpl (RaftServerImpl.java:lambda$shutdown$3(245)) - e5b95ce0-1250-4c31-97f6-119a472050cb: shutdown group-133D27FD72AD
2019-08-29 11:55:33,603 [main] INFO  impl.RaftServerImpl (RaftServerImpl.java:lambda$shutdown$3(245)) - 7c3dea4a-666f-498f-b3ec-37d2b2f2aea0: shutdown group-A160427A8A7F
2019-08-29 11:55:33,604 [ForkJoinPool.commonPool-worker-1] INFO  util.JmxRegister (JmxRegister.java:unregister(73)) - Successfully un-registered JMX Bean with object name Ratis:service=RaftServer,group=group-133D27FD72AD,id=e5b95ce0-1250-4c31-97f6-119a472050cb
2019-08-29 11:55:33,604 [main] INFO  util.JmxRegister (JmxRegister.java:unregister(73)) - Successfully un-registered JMX Bean with object name Ratis:service=RaftServer,group=group-A160427A8A7F,id=7c3dea4a-666f-498f-b3ec-37d2b2f2aea0
2019-08-29 11:55:33,604 [ForkJoinPool.commonPool-worker-1] INFO  impl.RoleInfo (RoleInfo.java:shutdownLeaderState(104)) - e5b95ce0-1250-4c31-97f6-119a472050cb: shutdown LeaderState
2019-08-29 11:55:33,605 [main] INFO  impl.RoleInfo (RoleInfo.java:shutdownLeaderState(104)) - 7c3dea4a-666f-498f-b3ec-37d2b2f2aea0: shutdown LeaderState
2019-08-29 11:55:33,605 [ForkJoinPool.commonPool-worker-1] INFO  impl.PendingRequests (PendingRequests.java:sendNotLeaderResponses(202)) - e5b95ce0-1250-4c31-97f6-119a472050cb-PendingRequests: sendNotLeaderResponses
2019-08-29 11:55:33,608 [org.apache.ratis.server.impl.LogAppender$AppenderDaemon$$Lambda$510/1889478639@5926011] WARN  server.GrpcLogAppender (GrpcLogAppender.java:mayWait(143)) - GrpcLogAppender(7c3dea4a-666f-498f-b3ec-37d2b2f2aea0->03953c42-7b85-4ce6-8578-61fc97f729cc): Wait interrupted by java.lang.InterruptedException
2019-08-29 11:55:33,608 [ForkJoinPool.commonPool-worker-1] INFO  impl.StateMachineUpdater (StateMachineUpdater.java:stopAndJoin(115)) - StateMachineUpdater:e5b95ce0-1250-4c31-97f6-119a472050cb:group-133D27FD72AD: set stopIndex = 0
2019-08-29 11:55:33,610 [main] INFO  impl.PendingRequests (PendingRequests.java:sendNotLeaderResponses(202)) - 7c3dea4a-666f-498f-b3ec-37d2b2f2aea0-PendingRequests: sendNotLeaderResponses
2019-08-29 11:55:33,610 [ForkJoinPool.commonPool-worker-1] INFO  impl.RaftServerImpl (ServerState.java:close(394)) - e5b95ce0-1250-4c31-97f6-119a472050cb:group-133D27FD72AD closes. The last applied log index is 0
2019-08-29 11:55:33,610 [org.apache.ratis.server.impl.LogAppender$AppenderDaemon$$Lambda$510/1889478639@4090fec7] WARN  server.GrpcLogAppender (GrpcLogAppender.java:mayWait(143)) - GrpcLogAppender(7c3dea4a-666f-498f-b3ec-37d2b2f2aea0->eec05b1d-f4e8-4418-a60c-420e12deef9f): Wait interrupted by java.lang.InterruptedException
2019-08-29 11:55:33,615 [StateMachineUpdater:7c3dea4a-666f-498f-b3ec-37d2b2f2aea0:group-A160427A8A7F] INFO  ratis.ContainerStateMachine (ContainerStateMachine.java:takeSnapshot(283)) - group-A160427A8A7F: Taking a snapshot at:(t:1, i:1) file /workdir/hadoop-ozone/integration-test/target/test-dir/MiniOzoneClusterImpl-d5645d28-46c2-4d7d-99f2-1f02fc29b8b0/datanode-6/data/ratis/3e734320-d6b4-447e-b544-a160427a8a7f/sm/snapshot.1_1
2019-08-29 11:55:33,614 [main] INFO  impl.StateMachineUpdater (StateMachineUpdater.java:stopAndJoin(115)) - StateMachineUpdater:7c3dea4a-666f-498f-b3ec-37d2b2f2aea0:group-A160427A8A7F: set stopIndex = 2
2019-08-29 11:55:33,615 [grpc-default-executor-1] INFO  server.GrpcServerProtocolService (GrpcServerProtocolService.java:onCompleted(104)) - eec05b1d-f4e8-4418-a60c-420e12deef9f: appendEntries completed
2019-08-29 11:55:33,615 [e5b95ce0-1250-4c31-97f6-119a472050cb-SegmentedRaftLogWorker:Storage Directory /workdir/hadoop-ozone/integration-test/target/test-dir/MiniOzoneClusterImpl-d5645d28-46c2-4d7d-99f2-1f02fc29b8b0/datanode-3/data/ratis/76832eb4-00b3-4f9f-9433-133d27fd72ad] INFO  segmented.SegmentedRaftLogWorker (SegmentedRaftLogWorker.java:run(313)) - e5b95ce0-1250-4c31-97f6-119a472050cb-SegmentedRaftLogWorker:Storage Directory /workdir/hadoop-ozone/integration-test/target/test-dir/MiniOzoneClusterImpl-d5645d28-46c2-4d7d-99f2-1f02fc29b8b0/datanode-3/data/ratis/76832eb4-00b3-4f9f-9433-133d27fd72ad was interrupted, exiting. There are 0 tasks remaining in the queue.
2019-08-29 11:55:33,618 [ForkJoinPool.commonPool-worker-1] INFO  segmented.SegmentedRaftLogWorker (SegmentedRaftLogWorker.java:close(228)) - e5b95ce0-1250-4c31-97f6-119a472050cb-SegmentedRaftLogWorker:Storage Directory /workdir/hadoop-ozone/integration-test/target/test-dir/MiniOzoneClusterImpl-d5645d28-46c2-4d7d-99f2-1f02fc29b8b0/datanode-3/data/ratis/76832eb4-00b3-4f9f-9433-133d27fd72ad close()
2019-08-29 11:55:33,618 [grpc-default-executor-3] INFO  server.GrpcLogAppender (GrpcLogAppender.java:onCompleted(292)) - 7c3dea4a-666f-498f-b3ec-37d2b2f2aea0->eec05b1d-f4e8-4418-a60c-420e12deef9f: follower responses appendEntries COMPLETED
2019-08-29 11:55:33,621 [ForkJoinPool.commonPool-worker-1] INFO  server.GrpcService (GrpcService.java:closeImpl(155)) - e5b95ce0-1250-4c31-97f6-119a472050cb: shutdown server with port 34735 now
2019-08-29 11:55:33,622 [grpc-default-executor-3] INFO  impl.FollowerInfo (FollowerInfo.java:lambda$new$0(50)) - 7c3dea4a-666f-498f-b3ec-37d2b2f2aea0->eec05b1d-f4e8-4418-a60c-420e12deef9f: nextIndex: updateUnconditionally 3 -> 2
2019-08-29 11:55:33,624 [ForkJoinPool.commonPool-worker-1] INFO  server.GrpcService (GrpcService.java:closeImpl(163)) - e5b95ce0-1250-4c31-97f6-119a472050cb: shutdown server with port 34735 successfully
2019-08-29 11:55:33,629 [ForkJoinPool.commonPool-worker-1] INFO  utils.BackgroundService (BackgroundService.java:shutdown(148)) - Shutting down service BlockDeletingService
2019-08-29 11:55:33,634 [refreshUsed-/workdir/hadoop-ozone/integration-test/target/test-dir/MiniOzoneClusterImpl-d5645d28-46c2-4d7d-99f2-1f02fc29b8b0/datanode-3/data/containers] WARN  fs.CachingGetSpaceUsed (CachingGetSpaceUsed.java:run(183)) - Thread Interrupted waiting to refresh disk information: sleep interrupted
2019-08-29 11:55:33,654 [ForkJoinPool.commonPool-worker-1] INFO  statemachine.DatanodeStateMachine (DatanodeStateMachine.java:stopDaemon(395)) - Ozone container server stopped.
2019-08-29 11:55:33,654 [StateMachineUpdater:7c3dea4a-666f-498f-b3ec-37d2b2f2aea0:group-A160427A8A7F] INFO  ratis.ContainerStateMachine (ContainerStateMachine.java:takeSnapshot(294)) - group-A160427A8A7F: Finished taking a snapshot at:(t:1, i:1) file:/workdir/hadoop-ozone/integration-test/target/test-dir/MiniOzoneClusterImpl-d5645d28-46c2-4d7d-99f2-1f02fc29b8b0/datanode-6/data/ratis/3e734320-d6b4-447e-b544-a160427a8a7f/sm/snapshot.1_1 time:40
2019-08-29 11:55:33,656 [StateMachineUpdater:7c3dea4a-666f-498f-b3ec-37d2b2f2aea0:group-A160427A8A7F] INFO  impl.StateMachineUpdater (StateMachineUpdater.java:takeSnapshot(242)) - StateMachineUpdater:7c3dea4a-666f-498f-b3ec-37d2b2f2aea0:group-A160427A8A7F: Took a snapshot at index 1
2019-08-29 11:55:33,658 [StateMachineUpdater:7c3dea4a-666f-498f-b3ec-37d2b2f2aea0:group-A160427A8A7F] INFO  impl.StateMachineUpdater (StateMachineUpdater.java:lambda$new$0(80)) - StateMachineUpdater:7c3dea4a-666f-498f-b3ec-37d2b2f2aea0:group-A160427A8A7F: snapshotIndex: updateIncreasingly -1 -> 1
2019-08-29 11:55:33,661 [ForkJoinPool.commonPool-worker-1] INFO  handler.ContextHandler (ContextHandler.java:doStop(910)) - Stopped o.e.j.w.WebAppContext@1332dec4{/,null,UNAVAILABLE}{/hddsDatanode}
2019-08-29 11:55:33,661 [ForkJoinPool.commonPool-worker-1] INFO  server.AbstractConnector (AbstractConnector.java:doStop(318)) - Stopped ServerConnector@544e3679{HTTP/1.1,[http/1.1]}{0.0.0.0:0}
2019-08-29 11:55:33,663 [ForkJoinPool.commonPool-worker-1] INFO  handler.ContextHandler (ContextHandler.java:doStop(910)) - Stopped o.e.j.s.ServletContextHandler@2b6fb197{/static,jar:file:/home/user/.m2/repository/org/apache/hadoop/hadoop-hdds-container-service/0.5.0-SNAPSHOT/hadoop-hdds-container-service-0.5.0-SNAPSHOT.jar!/webapps/static,UNAVAILABLE}
2019-08-29 11:55:33,666 [ForkJoinPool.commonPool-worker-1] INFO  handler.ContextHandler (ContextHandler.java:doStop(910)) - Stopped o.e.j.s.ServletContextHandler@130cfc47{/logs,file:///workdir/hadoop-ozone/integration-test/target/log,UNAVAILABLE}
2019-08-29 11:55:33,667 [ForkJoinPool.commonPool-worker-1] INFO  datanode.ObjectStoreHandler (ObjectStoreHandler.java:close(155)) - Closing ObjectStoreHandler.
2019-08-29 11:55:33,667 [ForkJoinPool.commonPool-worker-1] INFO  ozone.HddsDatanodeService (HddsDatanodeService.java:stop(451)) - Stopped plug-in org.apache.hadoop.ozone.web.OzoneHddsDatanodeService@4662752a
2019-08-29 11:55:33,668 [main] INFO  impl.RaftServerImpl (ServerState.java:close(394)) - 7c3dea4a-666f-498f-b3ec-37d2b2f2aea0:group-A160427A8A7F closes. The last applied log index is 2
2019-08-29 11:55:33,668 [7c3dea4a-666f-498f-b3ec-37d2b2f2aea0-SegmentedRaftLogWorker:Storage Directory /workdir/hadoop-ozone/integration-test/target/test-dir/MiniOzoneClusterImpl-d5645d28-46c2-4d7d-99f2-1f02fc29b8b0/datanode-6/data/ratis/3e734320-d6b4-447e-b544-a160427a8a7f] INFO  segmented.SegmentedRaftLogWorker (SegmentedRaftLogWorker.java:run(313)) - 7c3dea4a-666f-498f-b3ec-37d2b2f2aea0-SegmentedRaftLogWorker:Storage Directory /workdir/hadoop-ozone/integration-test/target/test-dir/MiniOzoneClusterImpl-d5645d28-46c2-4d7d-99f2-1f02fc29b8b0/datanode-6/data/ratis/3e734320-d6b4-447e-b544-a160427a8a7f was interrupted, exiting. There are 0 tasks remaining in the queue.
2019-08-29 11:55:33,670 [main] INFO  segmented.SegmentedRaftLogWorker (SegmentedRaftLogWorker.java:close(228)) - 7c3dea4a-666f-498f-b3ec-37d2b2f2aea0-SegmentedRaftLogWorker:Storage Directory /workdir/hadoop-ozone/integration-test/target/test-dir/MiniOzoneClusterImpl-d5645d28-46c2-4d7d-99f2-1f02fc29b8b0/datanode-6/data/ratis/3e734320-d6b4-447e-b544-a160427a8a7f close()
2019-08-29 11:55:33,673 [main] INFO  impl.RaftServerImpl (RaftServerImpl.java:lambda$shutdown$3(245)) - 7c3dea4a-666f-498f-b3ec-37d2b2f2aea0: shutdown group-41C7F3C31D0B
2019-08-29 11:55:33,673 [main] INFO  util.JmxRegister (JmxRegister.java:unregister(73)) - Successfully un-registered JMX Bean with object name Ratis:service=RaftServer,group=group-41C7F3C31D0B,id=7c3dea4a-666f-498f-b3ec-37d2b2f2aea0
2019-08-29 11:55:33,673 [main] INFO  impl.RoleInfo (RoleInfo.java:shutdownLeaderState(104)) - 7c3dea4a-666f-498f-b3ec-37d2b2f2aea0: shutdown LeaderState
2019-08-29 11:55:33,674 [main] INFO  impl.PendingRequests (PendingRequests.java:sendNotLeaderResponses(202)) - 7c3dea4a-666f-498f-b3ec-37d2b2f2aea0-PendingRequests: sendNotLeaderResponses
2019-08-29 11:55:33,674 [main] INFO  impl.StateMachineUpdater (StateMachineUpdater.java:stopAndJoin(115)) - StateMachineUpdater:7c3dea4a-666f-498f-b3ec-37d2b2f2aea0:group-41C7F3C31D0B: set stopIndex = 0
2019-08-29 11:55:33,674 [main] INFO  impl.RaftServerImpl (ServerState.java:close(394)) - 7c3dea4a-666f-498f-b3ec-37d2b2f2aea0:group-41C7F3C31D0B closes. The last applied log index is 0
2019-08-29 11:55:33,675 [7c3dea4a-666f-498f-b3ec-37d2b2f2aea0-SegmentedRaftLogWorker:Storage Directory /workdir/hadoop-ozone/integration-test/target/test-dir/MiniOzoneClusterImpl-d5645d28-46c2-4d7d-99f2-1f02fc29b8b0/datanode-6/data/ratis/74ba8ad3-20e0-41b7-a9bc-41c7f3c31d0b] INFO  segmented.SegmentedRaftLogWorker (SegmentedRaftLogWorker.java:run(313)) - 7c3dea4a-666f-498f-b3ec-37d2b2f2aea0-SegmentedRaftLogWorker:Storage Directory /workdir/hadoop-ozone/integration-test/target/test-dir/MiniOzoneClusterImpl-d5645d28-46c2-4d7d-99f2-1f02fc29b8b0/datanode-6/data/ratis/74ba8ad3-20e0-41b7-a9bc-41c7f3c31d0b was interrupted, exiting. There are 0 tasks remaining in the queue.
2019-08-29 11:55:33,676 [main] INFO  segmented.SegmentedRaftLogWorker (SegmentedRaftLogWorker.java:close(228)) - 7c3dea4a-666f-498f-b3ec-37d2b2f2aea0-SegmentedRaftLogWorker:Storage Directory /workdir/hadoop-ozone/integration-test/target/test-dir/MiniOzoneClusterImpl-d5645d28-46c2-4d7d-99f2-1f02fc29b8b0/datanode-6/data/ratis/74ba8ad3-20e0-41b7-a9bc-41c7f3c31d0b close()
2019-08-29 11:55:33,679 [main] INFO  server.GrpcService (GrpcService.java:closeImpl(155)) - 7c3dea4a-666f-498f-b3ec-37d2b2f2aea0: shutdown server with port 44417 now
2019-08-29 11:55:33,679 [main] INFO  server.GrpcService (GrpcService.java:closeImpl(163)) - 7c3dea4a-666f-498f-b3ec-37d2b2f2aea0: shutdown server with port 44417 successfully
2019-08-29 11:55:33,682 [main] INFO  utils.BackgroundService (BackgroundService.java:shutdown(148)) - Shutting down service BlockDeletingService
2019-08-29 11:55:33,686 [refreshUsed-/workdir/hadoop-ozone/integration-test/target/test-dir/MiniOzoneClusterImpl-d5645d28-46c2-4d7d-99f2-1f02fc29b8b0/datanode-6/data/containers] WARN  fs.CachingGetSpaceUsed (CachingGetSpaceUsed.java:run(183)) - Thread Interrupted waiting to refresh disk information: sleep interrupted
2019-08-29 11:55:33,702 [main] INFO  statemachine.DatanodeStateMachine (DatanodeStateMachine.java:stopDaemon(395)) - Ozone container server stopped.
2019-08-29 11:55:33,703 [main] INFO  handler.ContextHandler (ContextHandler.java:doStop(910)) - Stopped o.e.j.w.WebAppContext@2eebce87{/,null,UNAVAILABLE}{/hddsDatanode}
2019-08-29 11:55:33,704 [main] INFO  server.AbstractConnector (AbstractConnector.java:doStop(318)) - Stopped ServerConnector@6ee37ca7{HTTP/1.1,[http/1.1]}{0.0.0.0:0}
2019-08-29 11:55:33,704 [main] INFO  handler.ContextHandler (ContextHandler.java:doStop(910)) - Stopped o.e.j.s.ServletContextHandler@1c6e3ff9{/static,jar:file:/home/user/.m2/repository/org/apache/hadoop/hadoop-hdds-container-service/0.5.0-SNAPSHOT/hadoop-hdds-container-service-0.5.0-SNAPSHOT.jar!/webapps/static,UNAVAILABLE}
2019-08-29 11:55:33,704 [main] INFO  handler.ContextHandler (ContextHandler.java:doStop(910)) - Stopped o.e.j.s.ServletContextHandler@11bfffb3{/logs,file:///workdir/hadoop-ozone/integration-test/target/log,UNAVAILABLE}
2019-08-29 11:55:33,705 [main] INFO  datanode.ObjectStoreHandler (ObjectStoreHandler.java:close(155)) - Closing ObjectStoreHandler.
2019-08-29 11:55:33,706 [main] INFO  ozone.HddsDatanodeService (HddsDatanodeService.java:stop(451)) - Stopped plug-in org.apache.hadoop.ozone.web.OzoneHddsDatanodeService@432c0f1
2019-08-29 11:55:33,854 | INFO  | SCMAudit | user=jenkins1000 | ip=192.168.5.166 | op=SEND_HEARTBEAT {datanodeUUID=07dabde0-c17e-46ed-9a55-144838a04ea2, command=[]} | ret=SUCCESS |  
2019-08-29 11:55:33,918 | INFO  | SCMAudit | user=jenkins1000 | ip=192.168.5.166 | op=SEND_HEARTBEAT {datanodeUUID=eec05b1d-f4e8-4418-a60c-420e12deef9f, command=[]} | ret=SUCCESS |  
2019-08-29 11:55:33,952 [grpc-default-executor-2] WARN  server.GrpcLogAppender (LogUtils.java:warn(134)) - 07dabde0-c17e-46ed-9a55-144838a04ea2->4a332945-53dc-4c0b-b910-cfaf195ac63d: Failed appendEntries: org.apache.ratis.thirdparty.io.grpc.StatusRuntimeException: UNAVAILABLE: io exception
2019-08-29 11:55:33,955 [grpc-default-executor-2] INFO  impl.FollowerInfo (FollowerInfo.java:lambda$new$0(50)) - 07dabde0-c17e-46ed-9a55-144838a04ea2->4a332945-53dc-4c0b-b910-cfaf195ac63d: nextIndex: updateUnconditionally 0 -> 0
2019-08-29 11:55:34,121 | INFO  | SCMAudit | user=jenkins1000 | ip=192.168.5.166 | op=SEND_HEARTBEAT {datanodeUUID=920b05f1-a92b-459a-a000-361715d4ee3d, command=[]} | ret=SUCCESS |  
2019-08-29 11:55:34,122 [Datanode State Machine Thread - 0] INFO  statemachine.DatanodeStateMachine (DatanodeStateMachine.java:lambda$startDaemon$0(350)) - Ozone container server started.
2019-08-29 11:55:34,122 | INFO  | SCMAudit | user=jenkins1000 | ip=192.168.5.166 | op=SEND_HEARTBEAT {datanodeUUID=42efee89-99fa-4c75-b2bf-b3a1b636c7a3, command=[]} | ret=SUCCESS |  
2019-08-29 11:55:34,451 [grpc-default-executor-1] WARN  server.GrpcLogAppender (LogUtils.java:warn(134)) - 07dabde0-c17e-46ed-9a55-144838a04ea2->4a332945-53dc-4c0b-b910-cfaf195ac63d: Failed appendEntries: org.apache.ratis.thirdparty.io.grpc.StatusRuntimeException: UNAVAILABLE: io exception
2019-08-29 11:55:34,454 [grpc-default-executor-1] INFO  impl.FollowerInfo (FollowerInfo.java:lambda$new$0(50)) - 07dabde0-c17e-46ed-9a55-144838a04ea2->4a332945-53dc-4c0b-b910-cfaf195ac63d: nextIndex: updateUnconditionally 0 -> 0
2019-08-29 11:55:34,611 [Datanode State Machine Thread - 0] INFO  statemachine.DatanodeStateMachine (DatanodeStateMachine.java:lambda$startDaemon$0(350)) - Ozone container server started.
2019-08-29 11:55:34,854 | INFO  | SCMAudit | user=jenkins1000 | ip=192.168.5.166 | op=SEND_HEARTBEAT {datanodeUUID=07dabde0-c17e-46ed-9a55-144838a04ea2, command=[]} | ret=SUCCESS |  
2019-08-29 11:55:34,918 | INFO  | SCMAudit | user=jenkins1000 | ip=192.168.5.166 | op=SEND_HEARTBEAT {datanodeUUID=eec05b1d-f4e8-4418-a60c-420e12deef9f, command=[]} | ret=SUCCESS |  
2019-08-29 11:55:34,952 [grpc-default-executor-0] WARN  server.GrpcLogAppender (LogUtils.java:warn(134)) - 07dabde0-c17e-46ed-9a55-144838a04ea2->4a332945-53dc-4c0b-b910-cfaf195ac63d: Failed appendEntries: org.apache.ratis.thirdparty.io.grpc.StatusRuntimeException: UNAVAILABLE: io exception
2019-08-29 11:55:34,956 [grpc-default-executor-0] INFO  impl.FollowerInfo (FollowerInfo.java:lambda$new$0(50)) - 07dabde0-c17e-46ed-9a55-144838a04ea2->4a332945-53dc-4c0b-b910-cfaf195ac63d: nextIndex: updateUnconditionally 0 -> 0
2019-08-29 11:55:35,121 | INFO  | SCMAudit | user=jenkins1000 | ip=192.168.5.166 | op=SEND_HEARTBEAT {datanodeUUID=920b05f1-a92b-459a-a000-361715d4ee3d, command=[]} | ret=SUCCESS |  
2019-08-29 11:55:35,124 | INFO  | SCMAudit | user=jenkins1000 | ip=192.168.5.166 | op=SEND_HEARTBEAT {datanodeUUID=42efee89-99fa-4c75-b2bf-b3a1b636c7a3, command=[]} | ret=SUCCESS |  
2019-08-29 11:55:35,224 [Thread-397] INFO  impl.FollowerState (FollowerState.java:run(106)) - eec05b1d-f4e8-4418-a60c-420e12deef9f:group-A160427A8A7F changes to CANDIDATE, lastRpcTime:1761, electionTimeout:1146ms
2019-08-29 11:55:35,224 [Thread-397] INFO  impl.RoleInfo (RoleInfo.java:shutdownFollowerState(121)) - eec05b1d-f4e8-4418-a60c-420e12deef9f: shutdown FollowerState
2019-08-29 11:55:35,224 [Thread-397] INFO  impl.RaftServerImpl (RaftServerImpl.java:setRole(171)) - eec05b1d-f4e8-4418-a60c-420e12deef9f:group-A160427A8A7F changes role from FOLLOWER to CANDIDATE at term 1 for changeToCandidate
2019-08-29 11:55:35,224 [Thread-397] INFO  impl.RoleInfo (RoleInfo.java:updateAndGet(143)) - eec05b1d-f4e8-4418-a60c-420e12deef9f: start LeaderElection
2019-08-29 11:55:35,228 [eec05b1d-f4e8-4418-a60c-420e12deef9f:group-A160427A8A7F:LeaderElection54] INFO  impl.RaftServerImpl (ServerState.java:setLeader(263)) - eec05b1d-f4e8-4418-a60c-420e12deef9f:group-A160427A8A7F change Leader from 7c3dea4a-666f-498f-b3ec-37d2b2f2aea0 to null at term 1 for initElection
2019-08-29 11:55:35,257 [eec05b1d-f4e8-4418-a60c-420e12deef9f:group-A160427A8A7F:LeaderElection54] INFO  impl.LeaderElection (LeaderElection.java:askForVotes(181)) - eec05b1d-f4e8-4418-a60c-420e12deef9f:group-A160427A8A7F:LeaderElection54: begin an election at term 2 for 0: [03953c42-7b85-4ce6-8578-61fc97f729cc:192.168.5.166:36331, 7c3dea4a-666f-498f-b3ec-37d2b2f2aea0:192.168.5.166:44417, eec05b1d-f4e8-4418-a60c-420e12deef9f:192.168.5.166:42328], old=null
2019-08-29 11:55:35,261 [eec05b1d-f4e8-4418-a60c-420e12deef9f:group-A160427A8A7F:LeaderElection54] INFO  impl.LeaderElection (LogUtils.java:infoOrTrace(149)) - eec05b1d-f4e8-4418-a60c-420e12deef9f:group-A160427A8A7F:LeaderElection54 got exception when requesting votes: {}
java.util.concurrent.ExecutionException: org.apache.ratis.thirdparty.io.grpc.StatusRuntimeException: UNAVAILABLE: io exception
	at java.util.concurrent.FutureTask.report(FutureTask.java:122)
	at java.util.concurrent.FutureTask.get(FutureTask.java:192)
	at org.apache.ratis.server.impl.LeaderElection.waitForResults(LeaderElection.java:262)
	at org.apache.ratis.server.impl.LeaderElection.askForVotes(LeaderElection.java:200)
	at org.apache.ratis.server.impl.LeaderElection.run(LeaderElection.java:130)
	at java.lang.Thread.run(Thread.java:748)
Caused by: org.apache.ratis.thirdparty.io.grpc.StatusRuntimeException: UNAVAILABLE: io exception
	at org.apache.ratis.thirdparty.io.grpc.stub.ClientCalls.toStatusRuntimeException(ClientCalls.java:233)
	at org.apache.ratis.thirdparty.io.grpc.stub.ClientCalls.getUnchecked(ClientCalls.java:214)
	at org.apache.ratis.thirdparty.io.grpc.stub.ClientCalls.blockingUnaryCall(ClientCalls.java:139)
	at org.apache.ratis.proto.grpc.RaftServerProtocolServiceGrpc$RaftServerProtocolServiceBlockingStub.requestVote(RaftServerProtocolServiceGrpc.java:265)
	at org.apache.ratis.grpc.server.GrpcServerProtocolClient.requestVote(GrpcServerProtocolClient.java:83)
	at org.apache.ratis.grpc.server.GrpcService.requestVote(GrpcService.java:195)
	at org.apache.ratis.server.impl.LeaderElection.lambda$submitRequests$1(LeaderElection.java:237)
	at java.util.concurrent.FutureTask.run(FutureTask.java:266)
	at java.util.concurrent.Executors$RunnableAdapter.call(Executors.java:511)
	at java.util.concurrent.FutureTask.run(FutureTask.java:266)
	at java.util.concurrent.ThreadPoolExecutor.runWorker(ThreadPoolExecutor.java:1149)
	at java.util.concurrent.ThreadPoolExecutor$Worker.run(ThreadPoolExecutor.java:624)
	... 1 more
Caused by: org.apache.ratis.thirdparty.io.netty.channel.AbstractChannel$AnnotatedConnectException: Connection refused: /192.168.5.166:36331
	at sun.nio.ch.SocketChannelImpl.checkConnect(Native Method)
	at sun.nio.ch.SocketChannelImpl.finishConnect(SocketChannelImpl.java:717)
	at org.apache.ratis.thirdparty.io.netty.channel.socket.nio.NioSocketChannel.doFinishConnect(NioSocketChannel.java:327)
	at org.apache.ratis.thirdparty.io.netty.channel.nio.AbstractNioChannel$AbstractNioUnsafe.finishConnect(AbstractNioChannel.java:340)
	at org.apache.ratis.thirdparty.io.netty.channel.nio.NioEventLoop.processSelectedKey(NioEventLoop.java:632)
	at org.apache.ratis.thirdparty.io.netty.channel.nio.NioEventLoop.processSelectedKeysOptimized(NioEventLoop.java:579)
	at org.apache.ratis.thirdparty.io.netty.channel.nio.NioEventLoop.processSelectedKeys(NioEventLoop.java:496)
	at org.apache.ratis.thirdparty.io.netty.channel.nio.NioEventLoop.run(NioEventLoop.java:458)
	at org.apache.ratis.thirdparty.io.netty.util.concurrent.SingleThreadEventExecutor$5.run(SingleThreadEventExecutor.java:897)
	at org.apache.ratis.thirdparty.io.netty.util.concurrent.FastThreadLocalRunnable.run(FastThreadLocalRunnable.java:30)
	... 1 more
Caused by: java.net.ConnectException: Connection refused
	... 11 more
2019-08-29 11:55:35,264 [eec05b1d-f4e8-4418-a60c-420e12deef9f:group-A160427A8A7F:LeaderElection54] INFO  impl.LeaderElection (LogUtils.java:infoOrTrace(149)) - eec05b1d-f4e8-4418-a60c-420e12deef9f:group-A160427A8A7F:LeaderElection54 got exception when requesting votes: {}
java.util.concurrent.ExecutionException: org.apache.ratis.thirdparty.io.grpc.StatusRuntimeException: UNAVAILABLE: io exception
	at java.util.concurrent.FutureTask.report(FutureTask.java:122)
	at java.util.concurrent.FutureTask.get(FutureTask.java:192)
	at org.apache.ratis.server.impl.LeaderElection.waitForResults(LeaderElection.java:262)
	at org.apache.ratis.server.impl.LeaderElection.askForVotes(LeaderElection.java:200)
	at org.apache.ratis.server.impl.LeaderElection.run(LeaderElection.java:130)
	at java.lang.Thread.run(Thread.java:748)
Caused by: org.apache.ratis.thirdparty.io.grpc.StatusRuntimeException: UNAVAILABLE: io exception
	at org.apache.ratis.thirdparty.io.grpc.stub.ClientCalls.toStatusRuntimeException(ClientCalls.java:233)
	at org.apache.ratis.thirdparty.io.grpc.stub.ClientCalls.getUnchecked(ClientCalls.java:214)
	at org.apache.ratis.thirdparty.io.grpc.stub.ClientCalls.blockingUnaryCall(ClientCalls.java:139)
	at org.apache.ratis.proto.grpc.RaftServerProtocolServiceGrpc$RaftServerProtocolServiceBlockingStub.requestVote(RaftServerProtocolServiceGrpc.java:265)
	at org.apache.ratis.grpc.server.GrpcServerProtocolClient.requestVote(GrpcServerProtocolClient.java:83)
	at org.apache.ratis.grpc.server.GrpcService.requestVote(GrpcService.java:195)
	at org.apache.ratis.server.impl.LeaderElection.lambda$submitRequests$1(LeaderElection.java:237)
	at java.util.concurrent.FutureTask.run(FutureTask.java:266)
	at java.util.concurrent.Executors$RunnableAdapter.call(Executors.java:511)
	at java.util.concurrent.FutureTask.run(FutureTask.java:266)
	at java.util.concurrent.ThreadPoolExecutor.runWorker(ThreadPoolExecutor.java:1149)
	at java.util.concurrent.ThreadPoolExecutor$Worker.run(ThreadPoolExecutor.java:624)
	... 1 more
Caused by: org.apache.ratis.thirdparty.io.netty.channel.AbstractChannel$AnnotatedConnectException: Connection refused: /192.168.5.166:44417
	at sun.nio.ch.SocketChannelImpl.checkConnect(Native Method)
	at sun.nio.ch.SocketChannelImpl.finishConnect(SocketChannelImpl.java:717)
	at org.apache.ratis.thirdparty.io.netty.channel.socket.nio.NioSocketChannel.doFinishConnect(NioSocketChannel.java:327)
	at org.apache.ratis.thirdparty.io.netty.channel.nio.AbstractNioChannel$AbstractNioUnsafe.finishConnect(AbstractNioChannel.java:340)
	at org.apache.ratis.thirdparty.io.netty.channel.nio.NioEventLoop.processSelectedKey(NioEventLoop.java:632)
	at org.apache.ratis.thirdparty.io.netty.channel.nio.NioEventLoop.processSelectedKeysOptimized(NioEventLoop.java:579)
	at org.apache.ratis.thirdparty.io.netty.channel.nio.NioEventLoop.processSelectedKeys(NioEventLoop.java:496)
	at org.apache.ratis.thirdparty.io.netty.channel.nio.NioEventLoop.run(NioEventLoop.java:458)
	at org.apache.ratis.thirdparty.io.netty.util.concurrent.SingleThreadEventExecutor$5.run(SingleThreadEventExecutor.java:897)
	at org.apache.ratis.thirdparty.io.netty.util.concurrent.FastThreadLocalRunnable.run(FastThreadLocalRunnable.java:30)
	... 1 more
Caused by: java.net.ConnectException: Connection refused
	... 11 more
2019-08-29 11:55:35,266 [eec05b1d-f4e8-4418-a60c-420e12deef9f:group-A160427A8A7F:LeaderElection54] INFO  impl.LeaderElection (LeaderElection.java:logAndReturn(56)) - eec05b1d-f4e8-4418-a60c-420e12deef9f:group-A160427A8A7F:LeaderElection54: Election REJECTED; received 0 response(s) [] and 2 exception(s); eec05b1d-f4e8-4418-a60c-420e12deef9f:t2, leader=null, voted=eec05b1d-f4e8-4418-a60c-420e12deef9f, raftlog=eec05b1d-f4e8-4418-a60c-420e12deef9f-SegmentedRaftLog:OPENED:c2,f2,i2, conf=0: [03953c42-7b85-4ce6-8578-61fc97f729cc:192.168.5.166:36331, 7c3dea4a-666f-498f-b3ec-37d2b2f2aea0:192.168.5.166:44417, eec05b1d-f4e8-4418-a60c-420e12deef9f:192.168.5.166:42328], old=null
2019-08-29 11:55:35,266 [eec05b1d-f4e8-4418-a60c-420e12deef9f:group-A160427A8A7F:LeaderElection54] INFO  impl.LeaderElection (LogUtils.java:infoOrTrace(149)) -   Exception 0: {}
java.util.concurrent.ExecutionException: org.apache.ratis.thirdparty.io.grpc.StatusRuntimeException: UNAVAILABLE: io exception
	at java.util.concurrent.FutureTask.report(FutureTask.java:122)
	at java.util.concurrent.FutureTask.get(FutureTask.java:192)
	at org.apache.ratis.server.impl.LeaderElection.waitForResults(LeaderElection.java:262)
	at org.apache.ratis.server.impl.LeaderElection.askForVotes(LeaderElection.java:200)
	at org.apache.ratis.server.impl.LeaderElection.run(LeaderElection.java:130)
	at java.lang.Thread.run(Thread.java:748)
Caused by: org.apache.ratis.thirdparty.io.grpc.StatusRuntimeException: UNAVAILABLE: io exception
	at org.apache.ratis.thirdparty.io.grpc.stub.ClientCalls.toStatusRuntimeException(ClientCalls.java:233)
	at org.apache.ratis.thirdparty.io.grpc.stub.ClientCalls.getUnchecked(ClientCalls.java:214)
	at org.apache.ratis.thirdparty.io.grpc.stub.ClientCalls.blockingUnaryCall(ClientCalls.java:139)
	at org.apache.ratis.proto.grpc.RaftServerProtocolServiceGrpc$RaftServerProtocolServiceBlockingStub.requestVote(RaftServerProtocolServiceGrpc.java:265)
	at org.apache.ratis.grpc.server.GrpcServerProtocolClient.requestVote(GrpcServerProtocolClient.java:83)
	at org.apache.ratis.grpc.server.GrpcService.requestVote(GrpcService.java:195)
	at org.apache.ratis.server.impl.LeaderElection.lambda$submitRequests$1(LeaderElection.java:237)
	at java.util.concurrent.FutureTask.run(FutureTask.java:266)
	at java.util.concurrent.Executors$RunnableAdapter.call(Executors.java:511)
	at java.util.concurrent.FutureTask.run(FutureTask.java:266)
	at java.util.concurrent.ThreadPoolExecutor.runWorker(ThreadPoolExecutor.java:1149)
	at java.util.concurrent.ThreadPoolExecutor$Worker.run(ThreadPoolExecutor.java:624)
	... 1 more
Caused by: org.apache.ratis.thirdparty.io.netty.channel.AbstractChannel$AnnotatedConnectException: Connection refused: /192.168.5.166:36331
	at sun.nio.ch.SocketChannelImpl.checkConnect(Native Method)
	at sun.nio.ch.SocketChannelImpl.finishConnect(SocketChannelImpl.java:717)
	at org.apache.ratis.thirdparty.io.netty.channel.socket.nio.NioSocketChannel.doFinishConnect(NioSocketChannel.java:327)
	at org.apache.ratis.thirdparty.io.netty.channel.nio.AbstractNioChannel$AbstractNioUnsafe.finishConnect(AbstractNioChannel.java:340)
	at org.apache.ratis.thirdparty.io.netty.channel.nio.NioEventLoop.processSelectedKey(NioEventLoop.java:632)
	at org.apache.ratis.thirdparty.io.netty.channel.nio.NioEventLoop.processSelectedKeysOptimized(NioEventLoop.java:579)
	at org.apache.ratis.thirdparty.io.netty.channel.nio.NioEventLoop.processSelectedKeys(NioEventLoop.java:496)
	at org.apache.ratis.thirdparty.io.netty.channel.nio.NioEventLoop.run(NioEventLoop.java:458)
	at org.apache.ratis.thirdparty.io.netty.util.concurrent.SingleThreadEventExecutor$5.run(SingleThreadEventExecutor.java:897)
	at org.apache.ratis.thirdparty.io.netty.util.concurrent.FastThreadLocalRunnable.run(FastThreadLocalRunnable.java:30)
	... 1 more
Caused by: java.net.ConnectException: Connection refused
	... 11 more
2019-08-29 11:55:35,267 [eec05b1d-f4e8-4418-a60c-420e12deef9f:group-A160427A8A7F:LeaderElection54] INFO  impl.LeaderElection (LogUtils.java:infoOrTrace(149)) -   Exception 1: {}
java.util.concurrent.ExecutionException: org.apache.ratis.thirdparty.io.grpc.StatusRuntimeException: UNAVAILABLE: io exception
	at java.util.concurrent.FutureTask.report(FutureTask.java:122)
	at java.util.concurrent.FutureTask.get(FutureTask.java:192)
	at org.apache.ratis.server.impl.LeaderElection.waitForResults(LeaderElection.java:262)
	at org.apache.ratis.server.impl.LeaderElection.askForVotes(LeaderElection.java:200)
	at org.apache.ratis.server.impl.LeaderElection.run(LeaderElection.java:130)
	at java.lang.Thread.run(Thread.java:748)
Caused by: org.apache.ratis.thirdparty.io.grpc.StatusRuntimeException: UNAVAILABLE: io exception
	at org.apache.ratis.thirdparty.io.grpc.stub.ClientCalls.toStatusRuntimeException(ClientCalls.java:233)
	at org.apache.ratis.thirdparty.io.grpc.stub.ClientCalls.getUnchecked(ClientCalls.java:214)
	at org.apache.ratis.thirdparty.io.grpc.stub.ClientCalls.blockingUnaryCall(ClientCalls.java:139)
	at org.apache.ratis.proto.grpc.RaftServerProtocolServiceGrpc$RaftServerProtocolServiceBlockingStub.requestVote(RaftServerProtocolServiceGrpc.java:265)
	at org.apache.ratis.grpc.server.GrpcServerProtocolClient.requestVote(GrpcServerProtocolClient.java:83)
	at org.apache.ratis.grpc.server.GrpcService.requestVote(GrpcService.java:195)
	at org.apache.ratis.server.impl.LeaderElection.lambda$submitRequests$1(LeaderElection.java:237)
	at java.util.concurrent.FutureTask.run(FutureTask.java:266)
	at java.util.concurrent.Executors$RunnableAdapter.call(Executors.java:511)
	at java.util.concurrent.FutureTask.run(FutureTask.java:266)
	at java.util.concurrent.ThreadPoolExecutor.runWorker(ThreadPoolExecutor.java:1149)
	at java.util.concurrent.ThreadPoolExecutor$Worker.run(ThreadPoolExecutor.java:624)
	... 1 more
Caused by: org.apache.ratis.thirdparty.io.netty.channel.AbstractChannel$AnnotatedConnectException: Connection refused: /192.168.5.166:44417
	at sun.nio.ch.SocketChannelImpl.checkConnect(Native Method)
	at sun.nio.ch.SocketChannelImpl.finishConnect(SocketChannelImpl.java:717)
	at org.apache.ratis.thirdparty.io.netty.channel.socket.nio.NioSocketChannel.doFinishConnect(NioSocketChannel.java:327)
	at org.apache.ratis.thirdparty.io.netty.channel.nio.AbstractNioChannel$AbstractNioUnsafe.finishConnect(AbstractNioChannel.java:340)
	at org.apache.ratis.thirdparty.io.netty.channel.nio.NioEventLoop.processSelectedKey(NioEventLoop.java:632)
	at org.apache.ratis.thirdparty.io.netty.channel.nio.NioEventLoop.processSelectedKeysOptimized(NioEventLoop.java:579)
	at org.apache.ratis.thirdparty.io.netty.channel.nio.NioEventLoop.processSelectedKeys(NioEventLoop.java:496)
	at org.apache.ratis.thirdparty.io.netty.channel.nio.NioEventLoop.run(NioEventLoop.java:458)
	at org.apache.ratis.thirdparty.io.netty.util.concurrent.SingleThreadEventExecutor$5.run(SingleThreadEventExecutor.java:897)
	at org.apache.ratis.thirdparty.io.netty.util.concurrent.FastThreadLocalRunnable.run(FastThreadLocalRunnable.java:30)
	... 1 more
Caused by: java.net.ConnectException: Connection refused
	... 11 more
2019-08-29 11:55:35,267 [eec05b1d-f4e8-4418-a60c-420e12deef9f:group-A160427A8A7F:LeaderElection54] INFO  impl.RaftServerImpl (RaftServerImpl.java:setRole(171)) - eec05b1d-f4e8-4418-a60c-420e12deef9f:group-A160427A8A7F changes role from CANDIDATE to FOLLOWER at term 2 for DISCOVERED_A_NEW_TERM
2019-08-29 11:55:35,267 [eec05b1d-f4e8-4418-a60c-420e12deef9f:group-A160427A8A7F:LeaderElection54] INFO  impl.RoleInfo (RoleInfo.java:shutdownLeaderElection(134)) - eec05b1d-f4e8-4418-a60c-420e12deef9f: shutdown LeaderElection
2019-08-29 11:55:35,268 [eec05b1d-f4e8-4418-a60c-420e12deef9f:group-A160427A8A7F:LeaderElection54] INFO  impl.RoleInfo (RoleInfo.java:updateAndGet(143)) - eec05b1d-f4e8-4418-a60c-420e12deef9f: start FollowerState
2019-08-29 11:55:35,453 [grpc-default-executor-1] WARN  server.GrpcLogAppender (LogUtils.java:warn(134)) - 07dabde0-c17e-46ed-9a55-144838a04ea2->4a332945-53dc-4c0b-b910-cfaf195ac63d: Failed appendEntries: org.apache.ratis.thirdparty.io.grpc.StatusRuntimeException: UNAVAILABLE: io exception
2019-08-29 11:55:35,456 [grpc-default-executor-1] INFO  impl.FollowerInfo (FollowerInfo.java:lambda$new$0(50)) - 07dabde0-c17e-46ed-9a55-144838a04ea2->4a332945-53dc-4c0b-b910-cfaf195ac63d: nextIndex: updateUnconditionally 0 -> 0
2019-08-29 11:55:35,854 | INFO  | SCMAudit | user=jenkins1000 | ip=192.168.5.166 | op=SEND_HEARTBEAT {datanodeUUID=07dabde0-c17e-46ed-9a55-144838a04ea2, command=[]} | ret=SUCCESS |  
2019-08-29 11:55:35,918 | INFO  | SCMAudit | user=jenkins1000 | ip=192.168.5.166 | op=SEND_HEARTBEAT {datanodeUUID=eec05b1d-f4e8-4418-a60c-420e12deef9f, command=[]} | ret=SUCCESS |  
2019-08-29 11:55:35,954 [grpc-default-executor-1] WARN  server.GrpcLogAppender (LogUtils.java:warn(134)) - 07dabde0-c17e-46ed-9a55-144838a04ea2->4a332945-53dc-4c0b-b910-cfaf195ac63d: Failed appendEntries: org.apache.ratis.thirdparty.io.grpc.StatusRuntimeException: UNAVAILABLE: io exception
2019-08-29 11:55:35,957 [grpc-default-executor-1] INFO  impl.FollowerInfo (FollowerInfo.java:lambda$new$0(50)) - 07dabde0-c17e-46ed-9a55-144838a04ea2->4a332945-53dc-4c0b-b910-cfaf195ac63d: nextIndex: updateUnconditionally 0 -> 0
2019-08-29 11:55:36,121 | INFO  | SCMAudit | user=jenkins1000 | ip=192.168.5.166 | op=SEND_HEARTBEAT {datanodeUUID=920b05f1-a92b-459a-a000-361715d4ee3d, command=[]} | ret=SUCCESS |  
2019-08-29 11:55:36,124 | INFO  | SCMAudit | user=jenkins1000 | ip=192.168.5.166 | op=SEND_HEARTBEAT {datanodeUUID=42efee89-99fa-4c75-b2bf-b3a1b636c7a3, command=[]} | ret=SUCCESS |  
2019-08-29 11:55:36,406 [Thread-1091] INFO  impl.FollowerState (FollowerState.java:run(106)) - eec05b1d-f4e8-4418-a60c-420e12deef9f:group-A160427A8A7F changes to CANDIDATE, lastRpcTime:1138, electionTimeout:1138ms
2019-08-29 11:55:36,406 [Thread-1091] INFO  impl.RoleInfo (RoleInfo.java:shutdownFollowerState(121)) - eec05b1d-f4e8-4418-a60c-420e12deef9f: shutdown FollowerState
2019-08-29 11:55:36,407 [Thread-1091] INFO  impl.RaftServerImpl (RaftServerImpl.java:setRole(171)) - eec05b1d-f4e8-4418-a60c-420e12deef9f:group-A160427A8A7F changes role from FOLLOWER to CANDIDATE at term 2 for changeToCandidate
2019-08-29 11:55:36,407 [Thread-1091] INFO  impl.RoleInfo (RoleInfo.java:updateAndGet(143)) - eec05b1d-f4e8-4418-a60c-420e12deef9f: start LeaderElection
2019-08-29 11:55:36,434 [eec05b1d-f4e8-4418-a60c-420e12deef9f:group-A160427A8A7F:LeaderElection55] INFO  impl.LeaderElection (LeaderElection.java:askForVotes(181)) - eec05b1d-f4e8-4418-a60c-420e12deef9f:group-A160427A8A7F:LeaderElection55: begin an election at term 3 for 0: [03953c42-7b85-4ce6-8578-61fc97f729cc:192.168.5.166:36331, 7c3dea4a-666f-498f-b3ec-37d2b2f2aea0:192.168.5.166:44417, eec05b1d-f4e8-4418-a60c-420e12deef9f:192.168.5.166:42328], old=null
2019-08-29 11:55:36,435 [eec05b1d-f4e8-4418-a60c-420e12deef9f:group-A160427A8A7F:LeaderElection55] INFO  impl.LeaderElection (LogUtils.java:infoOrTrace(149)) - eec05b1d-f4e8-4418-a60c-420e12deef9f:group-A160427A8A7F:LeaderElection55 got exception when requesting votes: {}
java.util.concurrent.ExecutionException: org.apache.ratis.thirdparty.io.grpc.StatusRuntimeException: UNAVAILABLE: io exception
	at java.util.concurrent.FutureTask.report(FutureTask.java:122)
	at java.util.concurrent.FutureTask.get(FutureTask.java:192)
	at org.apache.ratis.server.impl.LeaderElection.waitForResults(LeaderElection.java:262)
	at org.apache.ratis.server.impl.LeaderElection.askForVotes(LeaderElection.java:200)
	at org.apache.ratis.server.impl.LeaderElection.run(LeaderElection.java:130)
	at java.lang.Thread.run(Thread.java:748)
Caused by: org.apache.ratis.thirdparty.io.grpc.StatusRuntimeException: UNAVAILABLE: io exception
	at org.apache.ratis.thirdparty.io.grpc.stub.ClientCalls.toStatusRuntimeException(ClientCalls.java:233)
	at org.apache.ratis.thirdparty.io.grpc.stub.ClientCalls.getUnchecked(ClientCalls.java:214)
	at org.apache.ratis.thirdparty.io.grpc.stub.ClientCalls.blockingUnaryCall(ClientCalls.java:139)
	at org.apache.ratis.proto.grpc.RaftServerProtocolServiceGrpc$RaftServerProtocolServiceBlockingStub.requestVote(RaftServerProtocolServiceGrpc.java:265)
	at org.apache.ratis.grpc.server.GrpcServerProtocolClient.requestVote(GrpcServerProtocolClient.java:83)
	at org.apache.ratis.grpc.server.GrpcService.requestVote(GrpcService.java:195)
	at org.apache.ratis.server.impl.LeaderElection.lambda$submitRequests$1(LeaderElection.java:237)
	at java.util.concurrent.FutureTask.run(FutureTask.java:266)
	at java.util.concurrent.Executors$RunnableAdapter.call(Executors.java:511)
	at java.util.concurrent.FutureTask.run(FutureTask.java:266)
	at java.util.concurrent.ThreadPoolExecutor.runWorker(ThreadPoolExecutor.java:1149)
	at java.util.concurrent.ThreadPoolExecutor$Worker.run(ThreadPoolExecutor.java:624)
	... 1 more
Caused by: org.apache.ratis.thirdparty.io.netty.channel.AbstractChannel$AnnotatedConnectException: Connection refused: /192.168.5.166:36331
	at sun.nio.ch.SocketChannelImpl.checkConnect(Native Method)
	at sun.nio.ch.SocketChannelImpl.finishConnect(SocketChannelImpl.java:717)
	at org.apache.ratis.thirdparty.io.netty.channel.socket.nio.NioSocketChannel.doFinishConnect(NioSocketChannel.java:327)
	at org.apache.ratis.thirdparty.io.netty.channel.nio.AbstractNioChannel$AbstractNioUnsafe.finishConnect(AbstractNioChannel.java:340)
	at org.apache.ratis.thirdparty.io.netty.channel.nio.NioEventLoop.processSelectedKey(NioEventLoop.java:632)
	at org.apache.ratis.thirdparty.io.netty.channel.nio.NioEventLoop.processSelectedKeysOptimized(NioEventLoop.java:579)
	at org.apache.ratis.thirdparty.io.netty.channel.nio.NioEventLoop.processSelectedKeys(NioEventLoop.java:496)
	at org.apache.ratis.thirdparty.io.netty.channel.nio.NioEventLoop.run(NioEventLoop.java:458)
	at org.apache.ratis.thirdparty.io.netty.util.concurrent.SingleThreadEventExecutor$5.run(SingleThreadEventExecutor.java:897)
	at org.apache.ratis.thirdparty.io.netty.util.concurrent.FastThreadLocalRunnable.run(FastThreadLocalRunnable.java:30)
	... 1 more
Caused by: java.net.ConnectException: Connection refused
	... 11 more
2019-08-29 11:55:36,438 [eec05b1d-f4e8-4418-a60c-420e12deef9f:group-A160427A8A7F:LeaderElection55] INFO  impl.LeaderElection (LogUtils.java:infoOrTrace(149)) - eec05b1d-f4e8-4418-a60c-420e12deef9f:group-A160427A8A7F:LeaderElection55 got exception when requesting votes: {}
java.util.concurrent.ExecutionException: org.apache.ratis.thirdparty.io.grpc.StatusRuntimeException: UNAVAILABLE: io exception
	at java.util.concurrent.FutureTask.report(FutureTask.java:122)
	at java.util.concurrent.FutureTask.get(FutureTask.java:192)
	at org.apache.ratis.server.impl.LeaderElection.waitForResults(LeaderElection.java:262)
	at org.apache.ratis.server.impl.LeaderElection.askForVotes(LeaderElection.java:200)
	at org.apache.ratis.server.impl.LeaderElection.run(LeaderElection.java:130)
	at java.lang.Thread.run(Thread.java:748)
Caused by: org.apache.ratis.thirdparty.io.grpc.StatusRuntimeException: UNAVAILABLE: io exception
	at org.apache.ratis.thirdparty.io.grpc.stub.ClientCalls.toStatusRuntimeException(ClientCalls.java:233)
	at org.apache.ratis.thirdparty.io.grpc.stub.ClientCalls.getUnchecked(ClientCalls.java:214)
	at org.apache.ratis.thirdparty.io.grpc.stub.ClientCalls.blockingUnaryCall(ClientCalls.java:139)
	at org.apache.ratis.proto.grpc.RaftServerProtocolServiceGrpc$RaftServerProtocolServiceBlockingStub.requestVote(RaftServerProtocolServiceGrpc.java:265)
	at org.apache.ratis.grpc.server.GrpcServerProtocolClient.requestVote(GrpcServerProtocolClient.java:83)
	at org.apache.ratis.grpc.server.GrpcService.requestVote(GrpcService.java:195)
	at org.apache.ratis.server.impl.LeaderElection.lambda$submitRequests$1(LeaderElection.java:237)
	at java.util.concurrent.FutureTask.run(FutureTask.java:266)
	at java.util.concurrent.Executors$RunnableAdapter.call(Executors.java:511)
	at java.util.concurrent.FutureTask.run(FutureTask.java:266)
	at java.util.concurrent.ThreadPoolExecutor.runWorker(ThreadPoolExecutor.java:1149)
	at java.util.concurrent.ThreadPoolExecutor$Worker.run(ThreadPoolExecutor.java:624)
	... 1 more
Caused by: org.apache.ratis.thirdparty.io.netty.channel.AbstractChannel$AnnotatedConnectException: Connection refused: /192.168.5.166:44417
	at sun.nio.ch.SocketChannelImpl.checkConnect(Native Method)
	at sun.nio.ch.SocketChannelImpl.finishConnect(SocketChannelImpl.java:717)
	at org.apache.ratis.thirdparty.io.netty.channel.socket.nio.NioSocketChannel.doFinishConnect(NioSocketChannel.java:327)
	at org.apache.ratis.thirdparty.io.netty.channel.nio.AbstractNioChannel$AbstractNioUnsafe.finishConnect(AbstractNioChannel.java:340)
	at org.apache.ratis.thirdparty.io.netty.channel.nio.NioEventLoop.processSelectedKey(NioEventLoop.java:632)
	at org.apache.ratis.thirdparty.io.netty.channel.nio.NioEventLoop.processSelectedKeysOptimized(NioEventLoop.java:579)
	at org.apache.ratis.thirdparty.io.netty.channel.nio.NioEventLoop.processSelectedKeys(NioEventLoop.java:496)
	at org.apache.ratis.thirdparty.io.netty.channel.nio.NioEventLoop.run(NioEventLoop.java:458)
	at org.apache.ratis.thirdparty.io.netty.util.concurrent.SingleThreadEventExecutor$5.run(SingleThreadEventExecutor.java:897)
	at org.apache.ratis.thirdparty.io.netty.util.concurrent.FastThreadLocalRunnable.run(FastThreadLocalRunnable.java:30)
	... 1 more
Caused by: java.net.ConnectException: Connection refused
	... 11 more
2019-08-29 11:55:36,441 [eec05b1d-f4e8-4418-a60c-420e12deef9f:group-A160427A8A7F:LeaderElection55] INFO  impl.LeaderElection (LeaderElection.java:logAndReturn(56)) - eec05b1d-f4e8-4418-a60c-420e12deef9f:group-A160427A8A7F:LeaderElection55: Election REJECTED; received 0 response(s) [] and 2 exception(s); eec05b1d-f4e8-4418-a60c-420e12deef9f:t3, leader=null, voted=eec05b1d-f4e8-4418-a60c-420e12deef9f, raftlog=eec05b1d-f4e8-4418-a60c-420e12deef9f-SegmentedRaftLog:OPENED:c2,f2,i2, conf=0: [03953c42-7b85-4ce6-8578-61fc97f729cc:192.168.5.166:36331, 7c3dea4a-666f-498f-b3ec-37d2b2f2aea0:192.168.5.166:44417, eec05b1d-f4e8-4418-a60c-420e12deef9f:192.168.5.166:42328], old=null
2019-08-29 11:55:36,441 [eec05b1d-f4e8-4418-a60c-420e12deef9f:group-A160427A8A7F:LeaderElection55] INFO  impl.LeaderElection (LogUtils.java:infoOrTrace(149)) -   Exception 0: {}
java.util.concurrent.ExecutionException: org.apache.ratis.thirdparty.io.grpc.StatusRuntimeException: UNAVAILABLE: io exception
	at java.util.concurrent.FutureTask.report(FutureTask.java:122)
	at java.util.concurrent.FutureTask.get(FutureTask.java:192)
	at org.apache.ratis.server.impl.LeaderElection.waitForResults(LeaderElection.java:262)
	at org.apache.ratis.server.impl.LeaderElection.askForVotes(LeaderElection.java:200)
	at org.apache.ratis.server.impl.LeaderElection.run(LeaderElection.java:130)
	at java.lang.Thread.run(Thread.java:748)
Caused by: org.apache.ratis.thirdparty.io.grpc.StatusRuntimeException: UNAVAILABLE: io exception
	at org.apache.ratis.thirdparty.io.grpc.stub.ClientCalls.toStatusRuntimeException(ClientCalls.java:233)
	at org.apache.ratis.thirdparty.io.grpc.stub.ClientCalls.getUnchecked(ClientCalls.java:214)
	at org.apache.ratis.thirdparty.io.grpc.stub.ClientCalls.blockingUnaryCall(ClientCalls.java:139)
	at org.apache.ratis.proto.grpc.RaftServerProtocolServiceGrpc$RaftServerProtocolServiceBlockingStub.requestVote(RaftServerProtocolServiceGrpc.java:265)
	at org.apache.ratis.grpc.server.GrpcServerProtocolClient.requestVote(GrpcServerProtocolClient.java:83)
	at org.apache.ratis.grpc.server.GrpcService.requestVote(GrpcService.java:195)
	at org.apache.ratis.server.impl.LeaderElection.lambda$submitRequests$1(LeaderElection.java:237)
	at java.util.concurrent.FutureTask.run(FutureTask.java:266)
	at java.util.concurrent.Executors$RunnableAdapter.call(Executors.java:511)
	at java.util.concurrent.FutureTask.run(FutureTask.java:266)
	at java.util.concurrent.ThreadPoolExecutor.runWorker(ThreadPoolExecutor.java:1149)
	at java.util.concurrent.ThreadPoolExecutor$Worker.run(ThreadPoolExecutor.java:624)
	... 1 more
Caused by: org.apache.ratis.thirdparty.io.netty.channel.AbstractChannel$AnnotatedConnectException: Connection refused: /192.168.5.166:36331
	at sun.nio.ch.SocketChannelImpl.checkConnect(Native Method)
	at sun.nio.ch.SocketChannelImpl.finishConnect(SocketChannelImpl.java:717)
	at org.apache.ratis.thirdparty.io.netty.channel.socket.nio.NioSocketChannel.doFinishConnect(NioSocketChannel.java:327)
	at org.apache.ratis.thirdparty.io.netty.channel.nio.AbstractNioChannel$AbstractNioUnsafe.finishConnect(AbstractNioChannel.java:340)
	at org.apache.ratis.thirdparty.io.netty.channel.nio.NioEventLoop.processSelectedKey(NioEventLoop.java:632)
	at org.apache.ratis.thirdparty.io.netty.channel.nio.NioEventLoop.processSelectedKeysOptimized(NioEventLoop.java:579)
	at org.apache.ratis.thirdparty.io.netty.channel.nio.NioEventLoop.processSelectedKeys(NioEventLoop.java:496)
	at org.apache.ratis.thirdparty.io.netty.channel.nio.NioEventLoop.run(NioEventLoop.java:458)
	at org.apache.ratis.thirdparty.io.netty.util.concurrent.SingleThreadEventExecutor$5.run(SingleThreadEventExecutor.java:897)
	at org.apache.ratis.thirdparty.io.netty.util.concurrent.FastThreadLocalRunnable.run(FastThreadLocalRunnable.java:30)
	... 1 more
Caused by: java.net.ConnectException: Connection refused
	... 11 more
2019-08-29 11:55:36,441 [eec05b1d-f4e8-4418-a60c-420e12deef9f:group-A160427A8A7F:LeaderElection55] INFO  impl.LeaderElection (LogUtils.java:infoOrTrace(149)) -   Exception 1: {}
java.util.concurrent.ExecutionException: org.apache.ratis.thirdparty.io.grpc.StatusRuntimeException: UNAVAILABLE: io exception
	at java.util.concurrent.FutureTask.report(FutureTask.java:122)
	at java.util.concurrent.FutureTask.get(FutureTask.java:192)
	at org.apache.ratis.server.impl.LeaderElection.waitForResults(LeaderElection.java:262)
	at org.apache.ratis.server.impl.LeaderElection.askForVotes(LeaderElection.java:200)
	at org.apache.ratis.server.impl.LeaderElection.run(LeaderElection.java:130)
	at java.lang.Thread.run(Thread.java:748)
Caused by: org.apache.ratis.thirdparty.io.grpc.StatusRuntimeException: UNAVAILABLE: io exception
	at org.apache.ratis.thirdparty.io.grpc.stub.ClientCalls.toStatusRuntimeException(ClientCalls.java:233)
	at org.apache.ratis.thirdparty.io.grpc.stub.ClientCalls.getUnchecked(ClientCalls.java:214)
	at org.apache.ratis.thirdparty.io.grpc.stub.ClientCalls.blockingUnaryCall(ClientCalls.java:139)
	at org.apache.ratis.proto.grpc.RaftServerProtocolServiceGrpc$RaftServerProtocolServiceBlockingStub.requestVote(RaftServerProtocolServiceGrpc.java:265)
	at org.apache.ratis.grpc.server.GrpcServerProtocolClient.requestVote(GrpcServerProtocolClient.java:83)
	at org.apache.ratis.grpc.server.GrpcService.requestVote(GrpcService.java:195)
	at org.apache.ratis.server.impl.LeaderElection.lambda$submitRequests$1(LeaderElection.java:237)
	at java.util.concurrent.FutureTask.run(FutureTask.java:266)
	at java.util.concurrent.Executors$RunnableAdapter.call(Executors.java:511)
	at java.util.concurrent.FutureTask.run(FutureTask.java:266)
	at java.util.concurrent.ThreadPoolExecutor.runWorker(ThreadPoolExecutor.java:1149)
	at java.util.concurrent.ThreadPoolExecutor$Worker.run(ThreadPoolExecutor.java:624)
	... 1 more
Caused by: org.apache.ratis.thirdparty.io.netty.channel.AbstractChannel$AnnotatedConnectException: Connection refused: /192.168.5.166:44417
	at sun.nio.ch.SocketChannelImpl.checkConnect(Native Method)
	at sun.nio.ch.SocketChannelImpl.finishConnect(SocketChannelImpl.java:717)
	at org.apache.ratis.thirdparty.io.netty.channel.socket.nio.NioSocketChannel.doFinishConnect(NioSocketChannel.java:327)
	at org.apache.ratis.thirdparty.io.netty.channel.nio.AbstractNioChannel$AbstractNioUnsafe.finishConnect(AbstractNioChannel.java:340)
	at org.apache.ratis.thirdparty.io.netty.channel.nio.NioEventLoop.processSelectedKey(NioEventLoop.java:632)
	at org.apache.ratis.thirdparty.io.netty.channel.nio.NioEventLoop.processSelectedKeysOptimized(NioEventLoop.java:579)
	at org.apache.ratis.thirdparty.io.netty.channel.nio.NioEventLoop.processSelectedKeys(NioEventLoop.java:496)
	at org.apache.ratis.thirdparty.io.netty.channel.nio.NioEventLoop.run(NioEventLoop.java:458)
	at org.apache.ratis.thirdparty.io.netty.util.concurrent.SingleThreadEventExecutor$5.run(SingleThreadEventExecutor.java:897)
	at org.apache.ratis.thirdparty.io.netty.util.concurrent.FastThreadLocalRunnable.run(FastThreadLocalRunnable.java:30)
	... 1 more
Caused by: java.net.ConnectException: Connection refused
	... 11 more
2019-08-29 11:55:36,442 [eec05b1d-f4e8-4418-a60c-420e12deef9f:group-A160427A8A7F:LeaderElection55] INFO  impl.RaftServerImpl (RaftServerImpl.java:setRole(171)) - eec05b1d-f4e8-4418-a60c-420e12deef9f:group-A160427A8A7F changes role from CANDIDATE to FOLLOWER at term 3 for DISCOVERED_A_NEW_TERM
2019-08-29 11:55:36,442 [eec05b1d-f4e8-4418-a60c-420e12deef9f:group-A160427A8A7F:LeaderElection55] INFO  impl.RoleInfo (RoleInfo.java:shutdownLeaderElection(134)) - eec05b1d-f4e8-4418-a60c-420e12deef9f: shutdown LeaderElection
2019-08-29 11:55:36,442 [eec05b1d-f4e8-4418-a60c-420e12deef9f:group-A160427A8A7F:LeaderElection55] INFO  impl.RoleInfo (RoleInfo.java:updateAndGet(143)) - eec05b1d-f4e8-4418-a60c-420e12deef9f: start FollowerState
2019-08-29 11:55:36,454 [grpc-default-executor-1] WARN  server.GrpcLogAppender (LogUtils.java:warn(134)) - 07dabde0-c17e-46ed-9a55-144838a04ea2->4a332945-53dc-4c0b-b910-cfaf195ac63d: Failed appendEntries: org.apache.ratis.thirdparty.io.grpc.StatusRuntimeException: UNAVAILABLE: io exception
2019-08-29 11:55:36,457 [grpc-default-executor-1] INFO  impl.FollowerInfo (FollowerInfo.java:lambda$new$0(50)) - 07dabde0-c17e-46ed-9a55-144838a04ea2->4a332945-53dc-4c0b-b910-cfaf195ac63d: nextIndex: updateUnconditionally 0 -> 0
2019-08-29 11:55:36,855 | INFO  | SCMAudit | user=jenkins1000 | ip=192.168.5.166 | op=SEND_HEARTBEAT {datanodeUUID=07dabde0-c17e-46ed-9a55-144838a04ea2, command=[]} | ret=SUCCESS |  
2019-08-29 11:55:36,918 | INFO  | SCMAudit | user=jenkins1000 | ip=192.168.5.166 | op=SEND_HEARTBEAT {datanodeUUID=eec05b1d-f4e8-4418-a60c-420e12deef9f, command=[]} | ret=SUCCESS |  
2019-08-29 11:55:36,955 [grpc-default-executor-2] WARN  server.GrpcLogAppender (LogUtils.java:warn(134)) - 07dabde0-c17e-46ed-9a55-144838a04ea2->4a332945-53dc-4c0b-b910-cfaf195ac63d: Failed appendEntries: org.apache.ratis.thirdparty.io.grpc.StatusRuntimeException: UNAVAILABLE: io exception
2019-08-29 11:55:36,959 [grpc-default-executor-2] INFO  impl.FollowerInfo (FollowerInfo.java:lambda$new$0(50)) - 07dabde0-c17e-46ed-9a55-144838a04ea2->4a332945-53dc-4c0b-b910-cfaf195ac63d: nextIndex: updateUnconditionally 0 -> 0
2019-08-29 11:55:37,047 [grpc-default-worker-ELG-3-3] WARN  nio.NioEventLoop (NioEventLoop.java:select(786)) - Selector.select() returned prematurely {} times in a row; rebuilding Selector {}.
2019-08-29 11:55:37,048 [grpc-default-worker-ELG-3-3] INFO  nio.NioEventLoop (NioEventLoop.java:rebuildSelector0(396)) - Migrated 7 channel(s) to the new Selector.
2019-08-29 11:55:37,121 | INFO  | SCMAudit | user=jenkins1000 | ip=192.168.5.166 | op=SEND_HEARTBEAT {datanodeUUID=920b05f1-a92b-459a-a000-361715d4ee3d, command=[]} | ret=SUCCESS |  
2019-08-29 11:55:37,124 | INFO  | SCMAudit | user=jenkins1000 | ip=192.168.5.166 | op=SEND_HEARTBEAT {datanodeUUID=42efee89-99fa-4c75-b2bf-b3a1b636c7a3, command=[]} | ret=SUCCESS |  
2019-08-29 11:55:37,457 [grpc-default-executor-0] WARN  server.GrpcLogAppender (LogUtils.java:warn(134)) - 07dabde0-c17e-46ed-9a55-144838a04ea2->4a332945-53dc-4c0b-b910-cfaf195ac63d: Failed appendEntries: org.apache.ratis.thirdparty.io.grpc.StatusRuntimeException: UNAVAILABLE: io exception
2019-08-29 11:55:37,459 [grpc-default-executor-0] INFO  impl.FollowerInfo (FollowerInfo.java:lambda$new$0(50)) - 07dabde0-c17e-46ed-9a55-144838a04ea2->4a332945-53dc-4c0b-b910-cfaf195ac63d: nextIndex: updateUnconditionally 0 -> 0
2019-08-29 11:55:37,604 [Thread-1103] INFO  impl.FollowerState (FollowerState.java:run(106)) - eec05b1d-f4e8-4418-a60c-420e12deef9f:group-A160427A8A7F changes to CANDIDATE, lastRpcTime:1161, electionTimeout:1161ms
2019-08-29 11:55:37,604 [Thread-1103] INFO  impl.RoleInfo (RoleInfo.java:shutdownFollowerState(121)) - eec05b1d-f4e8-4418-a60c-420e12deef9f: shutdown FollowerState
2019-08-29 11:55:37,604 [Thread-1103] INFO  impl.RaftServerImpl (RaftServerImpl.java:setRole(171)) - eec05b1d-f4e8-4418-a60c-420e12deef9f:group-A160427A8A7F changes role from FOLLOWER to CANDIDATE at term 3 for changeToCandidate
2019-08-29 11:55:37,604 [Thread-1103] INFO  impl.RoleInfo (RoleInfo.java:updateAndGet(143)) - eec05b1d-f4e8-4418-a60c-420e12deef9f: start LeaderElection
2019-08-29 11:55:37,621 [eec05b1d-f4e8-4418-a60c-420e12deef9f:group-A160427A8A7F:LeaderElection56] INFO  impl.LeaderElection (LeaderElection.java:askForVotes(181)) - eec05b1d-f4e8-4418-a60c-420e12deef9f:group-A160427A8A7F:LeaderElection56: begin an election at term 4 for 0: [03953c42-7b85-4ce6-8578-61fc97f729cc:192.168.5.166:36331, 7c3dea4a-666f-498f-b3ec-37d2b2f2aea0:192.168.5.166:44417, eec05b1d-f4e8-4418-a60c-420e12deef9f:192.168.5.166:42328], old=null
2019-08-29 11:55:37,623 [eec05b1d-f4e8-4418-a60c-420e12deef9f:group-A160427A8A7F:LeaderElection56] INFO  impl.LeaderElection (LogUtils.java:infoOrTrace(149)) - eec05b1d-f4e8-4418-a60c-420e12deef9f:group-A160427A8A7F:LeaderElection56 got exception when requesting votes: {}
java.util.concurrent.ExecutionException: org.apache.ratis.thirdparty.io.grpc.StatusRuntimeException: UNAVAILABLE: io exception
	at java.util.concurrent.FutureTask.report(FutureTask.java:122)
	at java.util.concurrent.FutureTask.get(FutureTask.java:192)
	at org.apache.ratis.server.impl.LeaderElection.waitForResults(LeaderElection.java:262)
	at org.apache.ratis.server.impl.LeaderElection.askForVotes(LeaderElection.java:200)
	at org.apache.ratis.server.impl.LeaderElection.run(LeaderElection.java:130)
	at java.lang.Thread.run(Thread.java:748)
Caused by: org.apache.ratis.thirdparty.io.grpc.StatusRuntimeException: UNAVAILABLE: io exception
	at org.apache.ratis.thirdparty.io.grpc.stub.ClientCalls.toStatusRuntimeException(ClientCalls.java:233)
	at org.apache.ratis.thirdparty.io.grpc.stub.ClientCalls.getUnchecked(ClientCalls.java:214)
	at org.apache.ratis.thirdparty.io.grpc.stub.ClientCalls.blockingUnaryCall(ClientCalls.java:139)
	at org.apache.ratis.proto.grpc.RaftServerProtocolServiceGrpc$RaftServerProtocolServiceBlockingStub.requestVote(RaftServerProtocolServiceGrpc.java:265)
	at org.apache.ratis.grpc.server.GrpcServerProtocolClient.requestVote(GrpcServerProtocolClient.java:83)
	at org.apache.ratis.grpc.server.GrpcService.requestVote(GrpcService.java:195)
	at org.apache.ratis.server.impl.LeaderElection.lambda$submitRequests$1(LeaderElection.java:237)
	at java.util.concurrent.FutureTask.run(FutureTask.java:266)
	at java.util.concurrent.Executors$RunnableAdapter.call(Executors.java:511)
	at java.util.concurrent.FutureTask.run(FutureTask.java:266)
	at java.util.concurrent.ThreadPoolExecutor.runWorker(ThreadPoolExecutor.java:1149)
	at java.util.concurrent.ThreadPoolExecutor$Worker.run(ThreadPoolExecutor.java:624)
	... 1 more
Caused by: org.apache.ratis.thirdparty.io.netty.channel.AbstractChannel$AnnotatedConnectException: Connection refused: /192.168.5.166:44417
	at sun.nio.ch.SocketChannelImpl.checkConnect(Native Method)
	at sun.nio.ch.SocketChannelImpl.finishConnect(SocketChannelImpl.java:717)
	at org.apache.ratis.thirdparty.io.netty.channel.socket.nio.NioSocketChannel.doFinishConnect(NioSocketChannel.java:327)
	at org.apache.ratis.thirdparty.io.netty.channel.nio.AbstractNioChannel$AbstractNioUnsafe.finishConnect(AbstractNioChannel.java:340)
	at org.apache.ratis.thirdparty.io.netty.channel.nio.NioEventLoop.processSelectedKey(NioEventLoop.java:632)
	at org.apache.ratis.thirdparty.io.netty.channel.nio.NioEventLoop.processSelectedKeysOptimized(NioEventLoop.java:579)
	at org.apache.ratis.thirdparty.io.netty.channel.nio.NioEventLoop.processSelectedKeys(NioEventLoop.java:496)
	at org.apache.ratis.thirdparty.io.netty.channel.nio.NioEventLoop.run(NioEventLoop.java:458)
	at org.apache.ratis.thirdparty.io.netty.util.concurrent.SingleThreadEventExecutor$5.run(SingleThreadEventExecutor.java:897)
	at org.apache.ratis.thirdparty.io.netty.util.concurrent.FastThreadLocalRunnable.run(FastThreadLocalRunnable.java:30)
	... 1 more
Caused by: java.net.ConnectException: Connection refused
	... 11 more
2019-08-29 11:55:37,625 [eec05b1d-f4e8-4418-a60c-420e12deef9f:group-A160427A8A7F:LeaderElection56] INFO  impl.LeaderElection (LogUtils.java:infoOrTrace(149)) - eec05b1d-f4e8-4418-a60c-420e12deef9f:group-A160427A8A7F:LeaderElection56 got exception when requesting votes: {}
java.util.concurrent.ExecutionException: org.apache.ratis.thirdparty.io.grpc.StatusRuntimeException: UNAVAILABLE: io exception
	at java.util.concurrent.FutureTask.report(FutureTask.java:122)
	at java.util.concurrent.FutureTask.get(FutureTask.java:192)
	at org.apache.ratis.server.impl.LeaderElection.waitForResults(LeaderElection.java:262)
	at org.apache.ratis.server.impl.LeaderElection.askForVotes(LeaderElection.java:200)
	at org.apache.ratis.server.impl.LeaderElection.run(LeaderElection.java:130)
	at java.lang.Thread.run(Thread.java:748)
Caused by: org.apache.ratis.thirdparty.io.grpc.StatusRuntimeException: UNAVAILABLE: io exception
	at org.apache.ratis.thirdparty.io.grpc.stub.ClientCalls.toStatusRuntimeException(ClientCalls.java:233)
	at org.apache.ratis.thirdparty.io.grpc.stub.ClientCalls.getUnchecked(ClientCalls.java:214)
	at org.apache.ratis.thirdparty.io.grpc.stub.ClientCalls.blockingUnaryCall(ClientCalls.java:139)
	at org.apache.ratis.proto.grpc.RaftServerProtocolServiceGrpc$RaftServerProtocolServiceBlockingStub.requestVote(RaftServerProtocolServiceGrpc.java:265)
	at org.apache.ratis.grpc.server.GrpcServerProtocolClient.requestVote(GrpcServerProtocolClient.java:83)
	at org.apache.ratis.grpc.server.GrpcService.requestVote(GrpcService.java:195)
	at org.apache.ratis.server.impl.LeaderElection.lambda$submitRequests$1(LeaderElection.java:237)
	at java.util.concurrent.FutureTask.run(FutureTask.java:266)
	at java.util.concurrent.Executors$RunnableAdapter.call(Executors.java:511)
	at java.util.concurrent.FutureTask.run(FutureTask.java:266)
	at java.util.concurrent.ThreadPoolExecutor.runWorker(ThreadPoolExecutor.java:1149)
	at java.util.concurrent.ThreadPoolExecutor$Worker.run(ThreadPoolExecutor.java:624)
	... 1 more
Caused by: org.apache.ratis.thirdparty.io.netty.channel.AbstractChannel$AnnotatedConnectException: Connection refused: /192.168.5.166:36331
	at sun.nio.ch.SocketChannelImpl.checkConnect(Native Method)
	at sun.nio.ch.SocketChannelImpl.finishConnect(SocketChannelImpl.java:717)
	at org.apache.ratis.thirdparty.io.netty.channel.socket.nio.NioSocketChannel.doFinishConnect(NioSocketChannel.java:327)
	at org.apache.ratis.thirdparty.io.netty.channel.nio.AbstractNioChannel$AbstractNioUnsafe.finishConnect(AbstractNioChannel.java:340)
	at org.apache.ratis.thirdparty.io.netty.channel.nio.NioEventLoop.processSelectedKey(NioEventLoop.java:632)
	at org.apache.ratis.thirdparty.io.netty.channel.nio.NioEventLoop.processSelectedKeysOptimized(NioEventLoop.java:579)
	at org.apache.ratis.thirdparty.io.netty.channel.nio.NioEventLoop.processSelectedKeys(NioEventLoop.java:496)
	at org.apache.ratis.thirdparty.io.netty.channel.nio.NioEventLoop.run(NioEventLoop.java:458)
	at org.apache.ratis.thirdparty.io.netty.util.concurrent.SingleThreadEventExecutor$5.run(SingleThreadEventExecutor.java:897)
	at org.apache.ratis.thirdparty.io.netty.util.concurrent.FastThreadLocalRunnable.run(FastThreadLocalRunnable.java:30)
	... 1 more
Caused by: java.net.ConnectException: Connection refused
	... 11 more
2019-08-29 11:55:37,628 [eec05b1d-f4e8-4418-a60c-420e12deef9f:group-A160427A8A7F:LeaderElection56] INFO  impl.LeaderElection (LeaderElection.java:logAndReturn(56)) - eec05b1d-f4e8-4418-a60c-420e12deef9f:group-A160427A8A7F:LeaderElection56: Election REJECTED; received 0 response(s) [] and 2 exception(s); eec05b1d-f4e8-4418-a60c-420e12deef9f:t4, leader=null, voted=eec05b1d-f4e8-4418-a60c-420e12deef9f, raftlog=eec05b1d-f4e8-4418-a60c-420e12deef9f-SegmentedRaftLog:OPENED:c2,f2,i2, conf=0: [03953c42-7b85-4ce6-8578-61fc97f729cc:192.168.5.166:36331, 7c3dea4a-666f-498f-b3ec-37d2b2f2aea0:192.168.5.166:44417, eec05b1d-f4e8-4418-a60c-420e12deef9f:192.168.5.166:42328], old=null
2019-08-29 11:55:37,628 [eec05b1d-f4e8-4418-a60c-420e12deef9f:group-A160427A8A7F:LeaderElection56] INFO  impl.LeaderElection (LogUtils.java:infoOrTrace(149)) -   Exception 0: {}
java.util.concurrent.ExecutionException: org.apache.ratis.thirdparty.io.grpc.StatusRuntimeException: UNAVAILABLE: io exception
	at java.util.concurrent.FutureTask.report(FutureTask.java:122)
	at java.util.concurrent.FutureTask.get(FutureTask.java:192)
	at org.apache.ratis.server.impl.LeaderElection.waitForResults(LeaderElection.java:262)
	at org.apache.ratis.server.impl.LeaderElection.askForVotes(LeaderElection.java:200)
	at org.apache.ratis.server.impl.LeaderElection.run(LeaderElection.java:130)
	at java.lang.Thread.run(Thread.java:748)
Caused by: org.apache.ratis.thirdparty.io.grpc.StatusRuntimeException: UNAVAILABLE: io exception
	at org.apache.ratis.thirdparty.io.grpc.stub.ClientCalls.toStatusRuntimeException(ClientCalls.java:233)
	at org.apache.ratis.thirdparty.io.grpc.stub.ClientCalls.getUnchecked(ClientCalls.java:214)
	at org.apache.ratis.thirdparty.io.grpc.stub.ClientCalls.blockingUnaryCall(ClientCalls.java:139)
	at org.apache.ratis.proto.grpc.RaftServerProtocolServiceGrpc$RaftServerProtocolServiceBlockingStub.requestVote(RaftServerProtocolServiceGrpc.java:265)
	at org.apache.ratis.grpc.server.GrpcServerProtocolClient.requestVote(GrpcServerProtocolClient.java:83)
	at org.apache.ratis.grpc.server.GrpcService.requestVote(GrpcService.java:195)
	at org.apache.ratis.server.impl.LeaderElection.lambda$submitRequests$1(LeaderElection.java:237)
	at java.util.concurrent.FutureTask.run(FutureTask.java:266)
	at java.util.concurrent.Executors$RunnableAdapter.call(Executors.java:511)
	at java.util.concurrent.FutureTask.run(FutureTask.java:266)
	at java.util.concurrent.ThreadPoolExecutor.runWorker(ThreadPoolExecutor.java:1149)
	at java.util.concurrent.ThreadPoolExecutor$Worker.run(ThreadPoolExecutor.java:624)
	... 1 more
Caused by: org.apache.ratis.thirdparty.io.netty.channel.AbstractChannel$AnnotatedConnectException: Connection refused: /192.168.5.166:44417
	at sun.nio.ch.SocketChannelImpl.checkConnect(Native Method)
	at sun.nio.ch.SocketChannelImpl.finishConnect(SocketChannelImpl.java:717)
	at org.apache.ratis.thirdparty.io.netty.channel.socket.nio.NioSocketChannel.doFinishConnect(NioSocketChannel.java:327)
	at org.apache.ratis.thirdparty.io.netty.channel.nio.AbstractNioChannel$AbstractNioUnsafe.finishConnect(AbstractNioChannel.java:340)
	at org.apache.ratis.thirdparty.io.netty.channel.nio.NioEventLoop.processSelectedKey(NioEventLoop.java:632)
	at org.apache.ratis.thirdparty.io.netty.channel.nio.NioEventLoop.processSelectedKeysOptimized(NioEventLoop.java:579)
	at org.apache.ratis.thirdparty.io.netty.channel.nio.NioEventLoop.processSelectedKeys(NioEventLoop.java:496)
	at org.apache.ratis.thirdparty.io.netty.channel.nio.NioEventLoop.run(NioEventLoop.java:458)
	at org.apache.ratis.thirdparty.io.netty.util.concurrent.SingleThreadEventExecutor$5.run(SingleThreadEventExecutor.java:897)
	at org.apache.ratis.thirdparty.io.netty.util.concurrent.FastThreadLocalRunnable.run(FastThreadLocalRunnable.java:30)
	... 1 more
Caused by: java.net.ConnectException: Connection refused
	... 11 more
2019-08-29 11:55:37,628 [eec05b1d-f4e8-4418-a60c-420e12deef9f:group-A160427A8A7F:LeaderElection56] INFO  impl.LeaderElection (LogUtils.java:infoOrTrace(149)) -   Exception 1: {}
java.util.concurrent.ExecutionException: org.apache.ratis.thirdparty.io.grpc.StatusRuntimeException: UNAVAILABLE: io exception
	at java.util.concurrent.FutureTask.report(FutureTask.java:122)
	at java.util.concurrent.FutureTask.get(FutureTask.java:192)
	at org.apache.ratis.server.impl.LeaderElection.waitForResults(LeaderElection.java:262)
	at org.apache.ratis.server.impl.LeaderElection.askForVotes(LeaderElection.java:200)
	at org.apache.ratis.server.impl.LeaderElection.run(LeaderElection.java:130)
	at java.lang.Thread.run(Thread.java:748)
Caused by: org.apache.ratis.thirdparty.io.grpc.StatusRuntimeException: UNAVAILABLE: io exception
	at org.apache.ratis.thirdparty.io.grpc.stub.ClientCalls.toStatusRuntimeException(ClientCalls.java:233)
	at org.apache.ratis.thirdparty.io.grpc.stub.ClientCalls.getUnchecked(ClientCalls.java:214)
	at org.apache.ratis.thirdparty.io.grpc.stub.ClientCalls.blockingUnaryCall(ClientCalls.java:139)
	at org.apache.ratis.proto.grpc.RaftServerProtocolServiceGrpc$RaftServerProtocolServiceBlockingStub.requestVote(RaftServerProtocolServiceGrpc.java:265)
	at org.apache.ratis.grpc.server.GrpcServerProtocolClient.requestVote(GrpcServerProtocolClient.java:83)
	at org.apache.ratis.grpc.server.GrpcService.requestVote(GrpcService.java:195)
	at org.apache.ratis.server.impl.LeaderElection.lambda$submitRequests$1(LeaderElection.java:237)
	at java.util.concurrent.FutureTask.run(FutureTask.java:266)
	at java.util.concurrent.Executors$RunnableAdapter.call(Executors.java:511)
	at java.util.concurrent.FutureTask.run(FutureTask.java:266)
	at java.util.concurrent.ThreadPoolExecutor.runWorker(ThreadPoolExecutor.java:1149)
	at java.util.concurrent.ThreadPoolExecutor$Worker.run(ThreadPoolExecutor.java:624)
	... 1 more
Caused by: org.apache.ratis.thirdparty.io.netty.channel.AbstractChannel$AnnotatedConnectException: Connection refused: /192.168.5.166:36331
	at sun.nio.ch.SocketChannelImpl.checkConnect(Native Method)
	at sun.nio.ch.SocketChannelImpl.finishConnect(SocketChannelImpl.java:717)
	at org.apache.ratis.thirdparty.io.netty.channel.socket.nio.NioSocketChannel.doFinishConnect(NioSocketChannel.java:327)
	at org.apache.ratis.thirdparty.io.netty.channel.nio.AbstractNioChannel$AbstractNioUnsafe.finishConnect(AbstractNioChannel.java:340)
	at org.apache.ratis.thirdparty.io.netty.channel.nio.NioEventLoop.processSelectedKey(NioEventLoop.java:632)
	at org.apache.ratis.thirdparty.io.netty.channel.nio.NioEventLoop.processSelectedKeysOptimized(NioEventLoop.java:579)
	at org.apache.ratis.thirdparty.io.netty.channel.nio.NioEventLoop.processSelectedKeys(NioEventLoop.java:496)
	at org.apache.ratis.thirdparty.io.netty.channel.nio.NioEventLoop.run(NioEventLoop.java:458)
	at org.apache.ratis.thirdparty.io.netty.util.concurrent.SingleThreadEventExecutor$5.run(SingleThreadEventExecutor.java:897)
	at org.apache.ratis.thirdparty.io.netty.util.concurrent.FastThreadLocalRunnable.run(FastThreadLocalRunnable.java:30)
	... 1 more
Caused by: java.net.ConnectException: Connection refused
	... 11 more
2019-08-29 11:55:37,629 [eec05b1d-f4e8-4418-a60c-420e12deef9f:group-A160427A8A7F:LeaderElection56] INFO  impl.RaftServerImpl (RaftServerImpl.java:setRole(171)) - eec05b1d-f4e8-4418-a60c-420e12deef9f:group-A160427A8A7F changes role from CANDIDATE to FOLLOWER at term 4 for DISCOVERED_A_NEW_TERM
2019-08-29 11:55:37,629 [eec05b1d-f4e8-4418-a60c-420e12deef9f:group-A160427A8A7F:LeaderElection56] INFO  impl.RoleInfo (RoleInfo.java:shutdownLeaderElection(134)) - eec05b1d-f4e8-4418-a60c-420e12deef9f: shutdown LeaderElection
2019-08-29 11:55:37,629 [eec05b1d-f4e8-4418-a60c-420e12deef9f:group-A160427A8A7F:LeaderElection56] INFO  impl.RoleInfo (RoleInfo.java:updateAndGet(143)) - eec05b1d-f4e8-4418-a60c-420e12deef9f: start FollowerState
2019-08-29 11:55:37,855 | INFO  | SCMAudit | user=jenkins1000 | ip=192.168.5.166 | op=SEND_HEARTBEAT {datanodeUUID=07dabde0-c17e-46ed-9a55-144838a04ea2, command=[]} | ret=SUCCESS |  
2019-08-29 11:55:37,918 | INFO  | SCMAudit | user=jenkins1000 | ip=192.168.5.166 | op=SEND_HEARTBEAT {datanodeUUID=eec05b1d-f4e8-4418-a60c-420e12deef9f, command=[]} | ret=SUCCESS |  
2019-08-29 11:55:37,957 [grpc-default-executor-0] WARN  server.GrpcLogAppender (LogUtils.java:warn(134)) - 07dabde0-c17e-46ed-9a55-144838a04ea2->4a332945-53dc-4c0b-b910-cfaf195ac63d: Failed appendEntries: org.apache.ratis.thirdparty.io.grpc.StatusRuntimeException: UNAVAILABLE: io exception
2019-08-29 11:55:37,961 [grpc-default-executor-0] INFO  impl.FollowerInfo (FollowerInfo.java:lambda$new$0(50)) - 07dabde0-c17e-46ed-9a55-144838a04ea2->4a332945-53dc-4c0b-b910-cfaf195ac63d: nextIndex: updateUnconditionally 0 -> 0
2019-08-29 11:55:38,121 | INFO  | SCMAudit | user=jenkins1000 | ip=192.168.5.166 | op=SEND_HEARTBEAT {datanodeUUID=920b05f1-a92b-459a-a000-361715d4ee3d, command=[]} | ret=SUCCESS |  
2019-08-29 11:55:38,124 | INFO  | SCMAudit | user=jenkins1000 | ip=192.168.5.166 | op=SEND_HEARTBEAT {datanodeUUID=42efee89-99fa-4c75-b2bf-b3a1b636c7a3, command=[]} | ret=SUCCESS |  
2019-08-29 11:55:38,459 [grpc-default-executor-1] WARN  server.GrpcLogAppender (LogUtils.java:warn(134)) - 07dabde0-c17e-46ed-9a55-144838a04ea2->4a332945-53dc-4c0b-b910-cfaf195ac63d: Failed appendEntries: org.apache.ratis.thirdparty.io.grpc.StatusRuntimeException: UNAVAILABLE: io exception
2019-08-29 11:55:38,462 [grpc-default-executor-1] INFO  impl.FollowerInfo (FollowerInfo.java:lambda$new$0(50)) - 07dabde0-c17e-46ed-9a55-144838a04ea2->4a332945-53dc-4c0b-b910-cfaf195ac63d: nextIndex: updateUnconditionally 0 -> 0
2019-08-29 11:55:38,647 [Thread-1114] INFO  impl.FollowerState (FollowerState.java:run(106)) - eec05b1d-f4e8-4418-a60c-420e12deef9f:group-A160427A8A7F changes to CANDIDATE, lastRpcTime:1017, electionTimeout:1017ms
2019-08-29 11:55:38,647 [Thread-1114] INFO  impl.RoleInfo (RoleInfo.java:shutdownFollowerState(121)) - eec05b1d-f4e8-4418-a60c-420e12deef9f: shutdown FollowerState
2019-08-29 11:55:38,647 [Thread-1114] INFO  impl.RaftServerImpl (RaftServerImpl.java:setRole(171)) - eec05b1d-f4e8-4418-a60c-420e12deef9f:group-A160427A8A7F changes role from FOLLOWER to CANDIDATE at term 4 for changeToCandidate
2019-08-29 11:55:38,647 [Thread-1114] INFO  impl.RoleInfo (RoleInfo.java:updateAndGet(143)) - eec05b1d-f4e8-4418-a60c-420e12deef9f: start LeaderElection
2019-08-29 11:55:38,665 [eec05b1d-f4e8-4418-a60c-420e12deef9f:group-A160427A8A7F:LeaderElection57] INFO  impl.LeaderElection (LeaderElection.java:askForVotes(181)) - eec05b1d-f4e8-4418-a60c-420e12deef9f:group-A160427A8A7F:LeaderElection57: begin an election at term 5 for 0: [03953c42-7b85-4ce6-8578-61fc97f729cc:192.168.5.166:36331, 7c3dea4a-666f-498f-b3ec-37d2b2f2aea0:192.168.5.166:44417, eec05b1d-f4e8-4418-a60c-420e12deef9f:192.168.5.166:42328], old=null
2019-08-29 11:55:38,667 [eec05b1d-f4e8-4418-a60c-420e12deef9f:group-A160427A8A7F:LeaderElection57] INFO  impl.LeaderElection (LogUtils.java:infoOrTrace(149)) - eec05b1d-f4e8-4418-a60c-420e12deef9f:group-A160427A8A7F:LeaderElection57 got exception when requesting votes: {}
java.util.concurrent.ExecutionException: org.apache.ratis.thirdparty.io.grpc.StatusRuntimeException: UNAVAILABLE: io exception
	at java.util.concurrent.FutureTask.report(FutureTask.java:122)
	at java.util.concurrent.FutureTask.get(FutureTask.java:192)
	at org.apache.ratis.server.impl.LeaderElection.waitForResults(LeaderElection.java:262)
	at org.apache.ratis.server.impl.LeaderElection.askForVotes(LeaderElection.java:200)
	at org.apache.ratis.server.impl.LeaderElection.run(LeaderElection.java:130)
	at java.lang.Thread.run(Thread.java:748)
Caused by: org.apache.ratis.thirdparty.io.grpc.StatusRuntimeException: UNAVAILABLE: io exception
	at org.apache.ratis.thirdparty.io.grpc.stub.ClientCalls.toStatusRuntimeException(ClientCalls.java:233)
	at org.apache.ratis.thirdparty.io.grpc.stub.ClientCalls.getUnchecked(ClientCalls.java:214)
	at org.apache.ratis.thirdparty.io.grpc.stub.ClientCalls.blockingUnaryCall(ClientCalls.java:139)
	at org.apache.ratis.proto.grpc.RaftServerProtocolServiceGrpc$RaftServerProtocolServiceBlockingStub.requestVote(RaftServerProtocolServiceGrpc.java:265)
	at org.apache.ratis.grpc.server.GrpcServerProtocolClient.requestVote(GrpcServerProtocolClient.java:83)
	at org.apache.ratis.grpc.server.GrpcService.requestVote(GrpcService.java:195)
	at org.apache.ratis.server.impl.LeaderElection.lambda$submitRequests$1(LeaderElection.java:237)
	at java.util.concurrent.FutureTask.run(FutureTask.java:266)
	at java.util.concurrent.Executors$RunnableAdapter.call(Executors.java:511)
	at java.util.concurrent.FutureTask.run(FutureTask.java:266)
	at java.util.concurrent.ThreadPoolExecutor.runWorker(ThreadPoolExecutor.java:1149)
	at java.util.concurrent.ThreadPoolExecutor$Worker.run(ThreadPoolExecutor.java:624)
	... 1 more
Caused by: org.apache.ratis.thirdparty.io.netty.channel.AbstractChannel$AnnotatedConnectException: Connection refused: /192.168.5.166:36331
	at sun.nio.ch.SocketChannelImpl.checkConnect(Native Method)
	at sun.nio.ch.SocketChannelImpl.finishConnect(SocketChannelImpl.java:717)
	at org.apache.ratis.thirdparty.io.netty.channel.socket.nio.NioSocketChannel.doFinishConnect(NioSocketChannel.java:327)
	at org.apache.ratis.thirdparty.io.netty.channel.nio.AbstractNioChannel$AbstractNioUnsafe.finishConnect(AbstractNioChannel.java:340)
	at org.apache.ratis.thirdparty.io.netty.channel.nio.NioEventLoop.processSelectedKey(NioEventLoop.java:632)
	at org.apache.ratis.thirdparty.io.netty.channel.nio.NioEventLoop.processSelectedKeysOptimized(NioEventLoop.java:579)
	at org.apache.ratis.thirdparty.io.netty.channel.nio.NioEventLoop.processSelectedKeys(NioEventLoop.java:496)
	at org.apache.ratis.thirdparty.io.netty.channel.nio.NioEventLoop.run(NioEventLoop.java:458)
	at org.apache.ratis.thirdparty.io.netty.util.concurrent.SingleThreadEventExecutor$5.run(SingleThreadEventExecutor.java:897)
	at org.apache.ratis.thirdparty.io.netty.util.concurrent.FastThreadLocalRunnable.run(FastThreadLocalRunnable.java:30)
	... 1 more
Caused by: java.net.ConnectException: Connection refused
	... 11 more
2019-08-29 11:55:38,671 [ForkJoinPool.commonPool-worker-1] INFO  ozoneimpl.OzoneContainer (OzoneContainer.java:stop(199)) - Attempting to stop container services.
2019-08-29 11:55:38,671 [eec05b1d-f4e8-4418-a60c-420e12deef9f:group-A160427A8A7F:LeaderElection57] INFO  impl.LeaderElection (LogUtils.java:infoOrTrace(149)) - eec05b1d-f4e8-4418-a60c-420e12deef9f:group-A160427A8A7F:LeaderElection57 got exception when requesting votes: {}
java.util.concurrent.ExecutionException: org.apache.ratis.thirdparty.io.grpc.StatusRuntimeException: UNAVAILABLE: io exception
	at java.util.concurrent.FutureTask.report(FutureTask.java:122)
	at java.util.concurrent.FutureTask.get(FutureTask.java:192)
	at org.apache.ratis.server.impl.LeaderElection.waitForResults(LeaderElection.java:262)
	at org.apache.ratis.server.impl.LeaderElection.askForVotes(LeaderElection.java:200)
	at org.apache.ratis.server.impl.LeaderElection.run(LeaderElection.java:130)
	at java.lang.Thread.run(Thread.java:748)
Caused by: org.apache.ratis.thirdparty.io.grpc.StatusRuntimeException: UNAVAILABLE: io exception
	at org.apache.ratis.thirdparty.io.grpc.stub.ClientCalls.toStatusRuntimeException(ClientCalls.java:233)
	at org.apache.ratis.thirdparty.io.grpc.stub.ClientCalls.getUnchecked(ClientCalls.java:214)
	at org.apache.ratis.thirdparty.io.grpc.stub.ClientCalls.blockingUnaryCall(ClientCalls.java:139)
	at org.apache.ratis.proto.grpc.RaftServerProtocolServiceGrpc$RaftServerProtocolServiceBlockingStub.requestVote(RaftServerProtocolServiceGrpc.java:265)
	at org.apache.ratis.grpc.server.GrpcServerProtocolClient.requestVote(GrpcServerProtocolClient.java:83)
	at org.apache.ratis.grpc.server.GrpcService.requestVote(GrpcService.java:195)
	at org.apache.ratis.server.impl.LeaderElection.lambda$submitRequests$1(LeaderElection.java:237)
	at java.util.concurrent.FutureTask.run(FutureTask.java:266)
	at java.util.concurrent.Executors$RunnableAdapter.call(Executors.java:511)
	at java.util.concurrent.FutureTask.run(FutureTask.java:266)
	at java.util.concurrent.ThreadPoolExecutor.runWorker(ThreadPoolExecutor.java:1149)
	at java.util.concurrent.ThreadPoolExecutor$Worker.run(ThreadPoolExecutor.java:624)
	... 1 more
Caused by: org.apache.ratis.thirdparty.io.netty.channel.AbstractChannel$AnnotatedConnectException: Connection refused: /192.168.5.166:44417
	at sun.nio.ch.SocketChannelImpl.checkConnect(Native Method)
	at sun.nio.ch.SocketChannelImpl.finishConnect(SocketChannelImpl.java:717)
	at org.apache.ratis.thirdparty.io.netty.channel.socket.nio.NioSocketChannel.doFinishConnect(NioSocketChannel.java:327)
	at org.apache.ratis.thirdparty.io.netty.channel.nio.AbstractNioChannel$AbstractNioUnsafe.finishConnect(AbstractNioChannel.java:340)
	at org.apache.ratis.thirdparty.io.netty.channel.nio.NioEventLoop.processSelectedKey(NioEventLoop.java:632)
	at org.apache.ratis.thirdparty.io.netty.channel.nio.NioEventLoop.processSelectedKeysOptimized(NioEventLoop.java:579)
	at org.apache.ratis.thirdparty.io.netty.channel.nio.NioEventLoop.processSelectedKeys(NioEventLoop.java:496)
	at org.apache.ratis.thirdparty.io.netty.channel.nio.NioEventLoop.run(NioEventLoop.java:458)
	at org.apache.ratis.thirdparty.io.netty.util.concurrent.SingleThreadEventExecutor$5.run(SingleThreadEventExecutor.java:897)
	at org.apache.ratis.thirdparty.io.netty.util.concurrent.FastThreadLocalRunnable.run(FastThreadLocalRunnable.java:30)
	... 1 more
Caused by: java.net.ConnectException: Connection refused
	... 11 more
2019-08-29 11:55:38,672 [ForkJoinPool.commonPool-worker-1] INFO  impl.RaftServerProxy (RaftServerProxy.java:lambda$close$4(314)) - bd7d2b3e-70a9-4c18-9e48-3057ca72b747: close
2019-08-29 11:55:38,677 [eec05b1d-f4e8-4418-a60c-420e12deef9f:group-A160427A8A7F:LeaderElection57] INFO  impl.LeaderElection (LeaderElection.java:logAndReturn(56)) - eec05b1d-f4e8-4418-a60c-420e12deef9f:group-A160427A8A7F:LeaderElection57: Election REJECTED; received 0 response(s) [] and 2 exception(s); eec05b1d-f4e8-4418-a60c-420e12deef9f:t5, leader=null, voted=eec05b1d-f4e8-4418-a60c-420e12deef9f, raftlog=eec05b1d-f4e8-4418-a60c-420e12deef9f-SegmentedRaftLog:OPENED:c2,f2,i2, conf=0: [03953c42-7b85-4ce6-8578-61fc97f729cc:192.168.5.166:36331, 7c3dea4a-666f-498f-b3ec-37d2b2f2aea0:192.168.5.166:44417, eec05b1d-f4e8-4418-a60c-420e12deef9f:192.168.5.166:42328], old=null
2019-08-29 11:55:38,678 [eec05b1d-f4e8-4418-a60c-420e12deef9f:group-A160427A8A7F:LeaderElection57] INFO  impl.LeaderElection (LogUtils.java:infoOrTrace(149)) -   Exception 0: {}
java.util.concurrent.ExecutionException: org.apache.ratis.thirdparty.io.grpc.StatusRuntimeException: UNAVAILABLE: io exception
	at java.util.concurrent.FutureTask.report(FutureTask.java:122)
	at java.util.concurrent.FutureTask.get(FutureTask.java:192)
	at org.apache.ratis.server.impl.LeaderElection.waitForResults(LeaderElection.java:262)
	at org.apache.ratis.server.impl.LeaderElection.askForVotes(LeaderElection.java:200)
	at org.apache.ratis.server.impl.LeaderElection.run(LeaderElection.java:130)
	at java.lang.Thread.run(Thread.java:748)
Caused by: org.apache.ratis.thirdparty.io.grpc.StatusRuntimeException: UNAVAILABLE: io exception
	at org.apache.ratis.thirdparty.io.grpc.stub.ClientCalls.toStatusRuntimeException(ClientCalls.java:233)
	at org.apache.ratis.thirdparty.io.grpc.stub.ClientCalls.getUnchecked(ClientCalls.java:214)
	at org.apache.ratis.thirdparty.io.grpc.stub.ClientCalls.blockingUnaryCall(ClientCalls.java:139)
	at org.apache.ratis.proto.grpc.RaftServerProtocolServiceGrpc$RaftServerProtocolServiceBlockingStub.requestVote(RaftServerProtocolServiceGrpc.java:265)
	at org.apache.ratis.grpc.server.GrpcServerProtocolClient.requestVote(GrpcServerProtocolClient.java:83)
	at org.apache.ratis.grpc.server.GrpcService.requestVote(GrpcService.java:195)
	at org.apache.ratis.server.impl.LeaderElection.lambda$submitRequests$1(LeaderElection.java:237)
	at java.util.concurrent.FutureTask.run(FutureTask.java:266)
	at java.util.concurrent.Executors$RunnableAdapter.call(Executors.java:511)
	at java.util.concurrent.FutureTask.run(FutureTask.java:266)
	at java.util.concurrent.ThreadPoolExecutor.runWorker(ThreadPoolExecutor.java:1149)
	at java.util.concurrent.ThreadPoolExecutor$Worker.run(ThreadPoolExecutor.java:624)
	... 1 more
Caused by: org.apache.ratis.thirdparty.io.netty.channel.AbstractChannel$AnnotatedConnectException: Connection refused: /192.168.5.166:36331
	at sun.nio.ch.SocketChannelImpl.checkConnect(Native Method)
	at sun.nio.ch.SocketChannelImpl.finishConnect(SocketChannelImpl.java:717)
	at org.apache.ratis.thirdparty.io.netty.channel.socket.nio.NioSocketChannel.doFinishConnect(NioSocketChannel.java:327)
	at org.apache.ratis.thirdparty.io.netty.channel.nio.AbstractNioChannel$AbstractNioUnsafe.finishConnect(AbstractNioChannel.java:340)
	at org.apache.ratis.thirdparty.io.netty.channel.nio.NioEventLoop.processSelectedKey(NioEventLoop.java:632)
	at org.apache.ratis.thirdparty.io.netty.channel.nio.NioEventLoop.processSelectedKeysOptimized(NioEventLoop.java:579)
	at org.apache.ratis.thirdparty.io.netty.channel.nio.NioEventLoop.processSelectedKeys(NioEventLoop.java:496)
	at org.apache.ratis.thirdparty.io.netty.channel.nio.NioEventLoop.run(NioEventLoop.java:458)
	at org.apache.ratis.thirdparty.io.netty.util.concurrent.SingleThreadEventExecutor$5.run(SingleThreadEventExecutor.java:897)
	at org.apache.ratis.thirdparty.io.netty.util.concurrent.FastThreadLocalRunnable.run(FastThreadLocalRunnable.java:30)
	... 1 more
Caused by: java.net.ConnectException: Connection refused
	... 11 more
2019-08-29 11:55:38,678 [ForkJoinPool.commonPool-worker-1] INFO  impl.RaftServerImpl (RaftServerImpl.java:lambda$shutdown$3(245)) - bd7d2b3e-70a9-4c18-9e48-3057ca72b747: shutdown group-444E1B2B0B00
2019-08-29 11:55:38,678 [eec05b1d-f4e8-4418-a60c-420e12deef9f:group-A160427A8A7F:LeaderElection57] INFO  impl.LeaderElection (LogUtils.java:infoOrTrace(149)) -   Exception 1: {}
java.util.concurrent.ExecutionException: org.apache.ratis.thirdparty.io.grpc.StatusRuntimeException: UNAVAILABLE: io exception
	at java.util.concurrent.FutureTask.report(FutureTask.java:122)
	at java.util.concurrent.FutureTask.get(FutureTask.java:192)
	at org.apache.ratis.server.impl.LeaderElection.waitForResults(LeaderElection.java:262)
	at org.apache.ratis.server.impl.LeaderElection.askForVotes(LeaderElection.java:200)
	at org.apache.ratis.server.impl.LeaderElection.run(LeaderElection.java:130)
	at java.lang.Thread.run(Thread.java:748)
Caused by: org.apache.ratis.thirdparty.io.grpc.StatusRuntimeException: UNAVAILABLE: io exception
	at org.apache.ratis.thirdparty.io.grpc.stub.ClientCalls.toStatusRuntimeException(ClientCalls.java:233)
	at org.apache.ratis.thirdparty.io.grpc.stub.ClientCalls.getUnchecked(ClientCalls.java:214)
	at org.apache.ratis.thirdparty.io.grpc.stub.ClientCalls.blockingUnaryCall(ClientCalls.java:139)
	at org.apache.ratis.proto.grpc.RaftServerProtocolServiceGrpc$RaftServerProtocolServiceBlockingStub.requestVote(RaftServerProtocolServiceGrpc.java:265)
	at org.apache.ratis.grpc.server.GrpcServerProtocolClient.requestVote(GrpcServerProtocolClient.java:83)
	at org.apache.ratis.grpc.server.GrpcService.requestVote(GrpcService.java:195)
	at org.apache.ratis.server.impl.LeaderElection.lambda$submitRequests$1(LeaderElection.java:237)
	at java.util.concurrent.FutureTask.run(FutureTask.java:266)
	at java.util.concurrent.Executors$RunnableAdapter.call(Executors.java:511)
	at java.util.concurrent.FutureTask.run(FutureTask.java:266)
	at java.util.concurrent.ThreadPoolExecutor.runWorker(ThreadPoolExecutor.java:1149)
	at java.util.concurrent.ThreadPoolExecutor$Worker.run(ThreadPoolExecutor.java:624)
	... 1 more
Caused by: org.apache.ratis.thirdparty.io.netty.channel.AbstractChannel$AnnotatedConnectException: Connection refused: /192.168.5.166:44417
	at sun.nio.ch.SocketChannelImpl.checkConnect(Native Method)
	at sun.nio.ch.SocketChannelImpl.finishConnect(SocketChannelImpl.java:717)
	at org.apache.ratis.thirdparty.io.netty.channel.socket.nio.NioSocketChannel.doFinishConnect(NioSocketChannel.java:327)
	at org.apache.ratis.thirdparty.io.netty.channel.nio.AbstractNioChannel$AbstractNioUnsafe.finishConnect(AbstractNioChannel.java:340)
	at org.apache.ratis.thirdparty.io.netty.channel.nio.NioEventLoop.processSelectedKey(NioEventLoop.java:632)
	at org.apache.ratis.thirdparty.io.netty.channel.nio.NioEventLoop.processSelectedKeysOptimized(NioEventLoop.java:579)
	at org.apache.ratis.thirdparty.io.netty.channel.nio.NioEventLoop.processSelectedKeys(NioEventLoop.java:496)
	at org.apache.ratis.thirdparty.io.netty.channel.nio.NioEventLoop.run(NioEventLoop.java:458)
	at org.apache.ratis.thirdparty.io.netty.util.concurrent.SingleThreadEventExecutor$5.run(SingleThreadEventExecutor.java:897)
	at org.apache.ratis.thirdparty.io.netty.util.concurrent.FastThreadLocalRunnable.run(FastThreadLocalRunnable.java:30)
	... 1 more
Caused by: java.net.ConnectException: Connection refused
	... 11 more
2019-08-29 11:55:38,679 [ForkJoinPool.commonPool-worker-1] INFO  util.JmxRegister (JmxRegister.java:unregister(73)) - Successfully un-registered JMX Bean with object name Ratis:service=RaftServer,group=group-444E1B2B0B00,id=bd7d2b3e-70a9-4c18-9e48-3057ca72b747
2019-08-29 11:55:38,679 [eec05b1d-f4e8-4418-a60c-420e12deef9f:group-A160427A8A7F:LeaderElection57] INFO  impl.RaftServerImpl (RaftServerImpl.java:setRole(171)) - eec05b1d-f4e8-4418-a60c-420e12deef9f:group-A160427A8A7F changes role from CANDIDATE to FOLLOWER at term 5 for DISCOVERED_A_NEW_TERM
2019-08-29 11:55:38,679 [ForkJoinPool.commonPool-worker-1] INFO  impl.RoleInfo (RoleInfo.java:shutdownLeaderState(104)) - bd7d2b3e-70a9-4c18-9e48-3057ca72b747: shutdown LeaderState
2019-08-29 11:55:38,679 [eec05b1d-f4e8-4418-a60c-420e12deef9f:group-A160427A8A7F:LeaderElection57] INFO  impl.RoleInfo (RoleInfo.java:shutdownLeaderElection(134)) - eec05b1d-f4e8-4418-a60c-420e12deef9f: shutdown LeaderElection
2019-08-29 11:55:38,680 [ForkJoinPool.commonPool-worker-1] INFO  impl.PendingRequests (PendingRequests.java:sendNotLeaderResponses(202)) - bd7d2b3e-70a9-4c18-9e48-3057ca72b747-PendingRequests: sendNotLeaderResponses
2019-08-29 11:55:38,680 [eec05b1d-f4e8-4418-a60c-420e12deef9f:group-A160427A8A7F:LeaderElection57] INFO  impl.RoleInfo (RoleInfo.java:updateAndGet(143)) - eec05b1d-f4e8-4418-a60c-420e12deef9f: start FollowerState
2019-08-29 11:55:38,681 [ForkJoinPool.commonPool-worker-1] INFO  impl.StateMachineUpdater (StateMachineUpdater.java:stopAndJoin(115)) - StateMachineUpdater:bd7d2b3e-70a9-4c18-9e48-3057ca72b747:group-444E1B2B0B00: set stopIndex = 0
2019-08-29 11:55:38,681 [ForkJoinPool.commonPool-worker-1] INFO  impl.RaftServerImpl (ServerState.java:close(394)) - bd7d2b3e-70a9-4c18-9e48-3057ca72b747:group-444E1B2B0B00 closes. The last applied log index is 0
2019-08-29 11:55:38,682 [bd7d2b3e-70a9-4c18-9e48-3057ca72b747-SegmentedRaftLogWorker:Storage Directory /workdir/hadoop-ozone/integration-test/target/test-dir/MiniOzoneClusterImpl-d5645d28-46c2-4d7d-99f2-1f02fc29b8b0/datanode-4/data/ratis/6765c449-295f-45a1-b815-444e1b2b0b00] INFO  segmented.SegmentedRaftLogWorker (SegmentedRaftLogWorker.java:run(313)) - bd7d2b3e-70a9-4c18-9e48-3057ca72b747-SegmentedRaftLogWorker:Storage Directory /workdir/hadoop-ozone/integration-test/target/test-dir/MiniOzoneClusterImpl-d5645d28-46c2-4d7d-99f2-1f02fc29b8b0/datanode-4/data/ratis/6765c449-295f-45a1-b815-444e1b2b0b00 was interrupted, exiting. There are 0 tasks remaining in the queue.
2019-08-29 11:55:38,684 [ForkJoinPool.commonPool-worker-1] INFO  segmented.SegmentedRaftLogWorker (SegmentedRaftLogWorker.java:close(228)) - bd7d2b3e-70a9-4c18-9e48-3057ca72b747-SegmentedRaftLogWorker:Storage Directory /workdir/hadoop-ozone/integration-test/target/test-dir/MiniOzoneClusterImpl-d5645d28-46c2-4d7d-99f2-1f02fc29b8b0/datanode-4/data/ratis/6765c449-295f-45a1-b815-444e1b2b0b00 close()
2019-08-29 11:55:38,688 [ForkJoinPool.commonPool-worker-1] INFO  impl.RaftServerImpl (RaftServerImpl.java:lambda$shutdown$3(245)) - bd7d2b3e-70a9-4c18-9e48-3057ca72b747: shutdown group-39336B115318
2019-08-29 11:55:38,689 [ForkJoinPool.commonPool-worker-1] INFO  util.JmxRegister (JmxRegister.java:unregister(73)) - Successfully un-registered JMX Bean with object name Ratis:service=RaftServer,group=group-39336B115318,id=bd7d2b3e-70a9-4c18-9e48-3057ca72b747
2019-08-29 11:55:38,689 [ForkJoinPool.commonPool-worker-1] INFO  impl.RoleInfo (RoleInfo.java:shutdownFollowerState(121)) - bd7d2b3e-70a9-4c18-9e48-3057ca72b747: shutdown FollowerState
2019-08-29 11:55:38,689 [ForkJoinPool.commonPool-worker-1] INFO  impl.StateMachineUpdater (StateMachineUpdater.java:stopAndJoin(115)) - StateMachineUpdater:bd7d2b3e-70a9-4c18-9e48-3057ca72b747:group-39336B115318: set stopIndex = 2
2019-08-29 11:55:38,689 [Thread-1064] INFO  impl.FollowerState (FollowerState.java:run(114)) - bd7d2b3e-70a9-4c18-9e48-3057ca72b747: FollowerState was interrupted: java.lang.InterruptedException: sleep interrupted
2019-08-29 11:55:38,689 [ForkJoinPool.commonPool-worker-1] INFO  impl.RaftServerImpl (ServerState.java:close(394)) - bd7d2b3e-70a9-4c18-9e48-3057ca72b747:group-39336B115318 closes. The last applied log index is 2
2019-08-29 11:55:38,690 [bd7d2b3e-70a9-4c18-9e48-3057ca72b747-SegmentedRaftLogWorker:Storage Directory /workdir/hadoop-ozone/integration-test/target/test-dir/MiniOzoneClusterImpl-d5645d28-46c2-4d7d-99f2-1f02fc29b8b0/datanode-4/data/ratis/de5feacf-52c6-40b2-b983-39336b115318] INFO  segmented.SegmentedRaftLogWorker (SegmentedRaftLogWorker.java:run(313)) - bd7d2b3e-70a9-4c18-9e48-3057ca72b747-SegmentedRaftLogWorker:Storage Directory /workdir/hadoop-ozone/integration-test/target/test-dir/MiniOzoneClusterImpl-d5645d28-46c2-4d7d-99f2-1f02fc29b8b0/datanode-4/data/ratis/de5feacf-52c6-40b2-b983-39336b115318 was interrupted, exiting. There are 0 tasks remaining in the queue.
2019-08-29 11:55:38,692 [ForkJoinPool.commonPool-worker-1] INFO  segmented.SegmentedRaftLogWorker (SegmentedRaftLogWorker.java:close(228)) - bd7d2b3e-70a9-4c18-9e48-3057ca72b747-SegmentedRaftLogWorker:Storage Directory /workdir/hadoop-ozone/integration-test/target/test-dir/MiniOzoneClusterImpl-d5645d28-46c2-4d7d-99f2-1f02fc29b8b0/datanode-4/data/ratis/de5feacf-52c6-40b2-b983-39336b115318 close()
2019-08-29 11:55:38,696 [ForkJoinPool.commonPool-worker-1] INFO  server.GrpcService (GrpcService.java:closeImpl(155)) - bd7d2b3e-70a9-4c18-9e48-3057ca72b747: shutdown server with port 45844 now
2019-08-29 11:55:38,697 [grpc-default-executor-0] WARN  server.GrpcServerProtocolService (LogUtils.java:warn(134)) - bd7d2b3e-70a9-4c18-9e48-3057ca72b747: appendEntries onError: org.apache.ratis.thirdparty.io.grpc.StatusRuntimeException: CANCELLED: cancelled before receiving half close
2019-08-29 11:55:38,698 [ForkJoinPool.commonPool-worker-1] INFO  server.GrpcService (GrpcService.java:closeImpl(163)) - bd7d2b3e-70a9-4c18-9e48-3057ca72b747: shutdown server with port 45844 successfully
2019-08-29 11:55:38,698 [grpc-default-executor-2] WARN  server.GrpcLogAppender (LogUtils.java:warn(134)) - 07dabde0-c17e-46ed-9a55-144838a04ea2->bd7d2b3e-70a9-4c18-9e48-3057ca72b747: Failed appendEntries: org.apache.ratis.thirdparty.io.grpc.StatusRuntimeException: CANCELLED: HTTP/2 error code: CANCEL
Received Rst Stream
2019-08-29 11:55:38,698 [grpc-default-executor-2] INFO  impl.FollowerInfo (FollowerInfo.java:lambda$new$0(50)) - 07dabde0-c17e-46ed-9a55-144838a04ea2->bd7d2b3e-70a9-4c18-9e48-3057ca72b747: nextIndex: updateUnconditionally 3 -> 2
2019-08-29 11:55:38,699 [ForkJoinPool.commonPool-worker-1] INFO  utils.BackgroundService (BackgroundService.java:shutdown(148)) - Shutting down service BlockDeletingService
2019-08-29 11:55:38,701 [refreshUsed-/workdir/hadoop-ozone/integration-test/target/test-dir/MiniOzoneClusterImpl-d5645d28-46c2-4d7d-99f2-1f02fc29b8b0/datanode-4/data/containers] WARN  fs.CachingGetSpaceUsed (CachingGetSpaceUsed.java:run(183)) - Thread Interrupted waiting to refresh disk information: sleep interrupted
2019-08-29 11:55:38,708 [main] INFO  ozoneimpl.OzoneContainer (OzoneContainer.java:stop(199)) - Attempting to stop container services.
2019-08-29 11:55:38,709 [main] INFO  impl.RaftServerProxy (RaftServerProxy.java:lambda$close$4(314)) - b34bc477-f594-4894-b3be-a6d4c994fd70: close
2019-08-29 11:55:38,709 [main] INFO  impl.RaftServerImpl (RaftServerImpl.java:lambda$shutdown$3(245)) - b34bc477-f594-4894-b3be-a6d4c994fd70: shutdown group-F137993ABE8D
2019-08-29 11:55:38,709 [main] INFO  util.JmxRegister (JmxRegister.java:unregister(73)) - Successfully un-registered JMX Bean with object name Ratis:service=RaftServer,group=group-F137993ABE8D,id=b34bc477-f594-4894-b3be-a6d4c994fd70
2019-08-29 11:55:38,710 [main] INFO  impl.RoleInfo (RoleInfo.java:shutdownLeaderState(104)) - b34bc477-f594-4894-b3be-a6d4c994fd70: shutdown LeaderState
2019-08-29 11:55:38,710 [main] INFO  impl.PendingRequests (PendingRequests.java:sendNotLeaderResponses(202)) - b34bc477-f594-4894-b3be-a6d4c994fd70-PendingRequests: sendNotLeaderResponses
2019-08-29 11:55:38,711 [main] INFO  impl.StateMachineUpdater (StateMachineUpdater.java:stopAndJoin(115)) - StateMachineUpdater:b34bc477-f594-4894-b3be-a6d4c994fd70:group-F137993ABE8D: set stopIndex = 0
2019-08-29 11:55:38,711 [main] INFO  impl.RaftServerImpl (ServerState.java:close(394)) - b34bc477-f594-4894-b3be-a6d4c994fd70:group-F137993ABE8D closes. The last applied log index is 0
2019-08-29 11:55:38,712 [b34bc477-f594-4894-b3be-a6d4c994fd70-SegmentedRaftLogWorker:Storage Directory /workdir/hadoop-ozone/integration-test/target/test-dir/MiniOzoneClusterImpl-d5645d28-46c2-4d7d-99f2-1f02fc29b8b0/datanode-8/data/ratis/be558458-aeb3-4be4-9ed3-f137993abe8d] INFO  segmented.SegmentedRaftLogWorker (SegmentedRaftLogWorker.java:run(313)) - b34bc477-f594-4894-b3be-a6d4c994fd70-SegmentedRaftLogWorker:Storage Directory /workdir/hadoop-ozone/integration-test/target/test-dir/MiniOzoneClusterImpl-d5645d28-46c2-4d7d-99f2-1f02fc29b8b0/datanode-8/data/ratis/be558458-aeb3-4be4-9ed3-f137993abe8d was interrupted, exiting. There are 0 tasks remaining in the queue.
2019-08-29 11:55:38,714 [main] INFO  segmented.SegmentedRaftLogWorker (SegmentedRaftLogWorker.java:close(228)) - b34bc477-f594-4894-b3be-a6d4c994fd70-SegmentedRaftLogWorker:Storage Directory /workdir/hadoop-ozone/integration-test/target/test-dir/MiniOzoneClusterImpl-d5645d28-46c2-4d7d-99f2-1f02fc29b8b0/datanode-8/data/ratis/be558458-aeb3-4be4-9ed3-f137993abe8d close()
2019-08-29 11:55:38,722 [main] INFO  impl.RaftServerImpl (RaftServerImpl.java:lambda$shutdown$3(245)) - b34bc477-f594-4894-b3be-a6d4c994fd70: shutdown group-2DD3C3757259
2019-08-29 11:55:38,723 [main] INFO  util.JmxRegister (JmxRegister.java:unregister(73)) - Successfully un-registered JMX Bean with object name Ratis:service=RaftServer,group=group-2DD3C3757259,id=b34bc477-f594-4894-b3be-a6d4c994fd70
2019-08-29 11:55:38,723 [main] INFO  impl.RoleInfo (RoleInfo.java:shutdownFollowerState(121)) - b34bc477-f594-4894-b3be-a6d4c994fd70: shutdown FollowerState
2019-08-29 11:55:38,724 [main] INFO  impl.StateMachineUpdater (StateMachineUpdater.java:stopAndJoin(115)) - StateMachineUpdater:b34bc477-f594-4894-b3be-a6d4c994fd70:group-2DD3C3757259: set stopIndex = 2
2019-08-29 11:55:38,724 [StateMachineUpdater:b34bc477-f594-4894-b3be-a6d4c994fd70:group-2DD3C3757259] INFO  ratis.ContainerStateMachine (ContainerStateMachine.java:takeSnapshot(283)) - group-2DD3C3757259: Taking a snapshot at:(t:2, i:1) file /workdir/hadoop-ozone/integration-test/target/test-dir/MiniOzoneClusterImpl-d5645d28-46c2-4d7d-99f2-1f02fc29b8b0/datanode-8/data/ratis/096fcd2b-786a-4a64-996f-2dd3c3757259/sm/snapshot.2_1
2019-08-29 11:55:38,724 [Thread-417] INFO  impl.FollowerState (FollowerState.java:run(114)) - b34bc477-f594-4894-b3be-a6d4c994fd70: FollowerState was interrupted: java.lang.InterruptedException: sleep interrupted
2019-08-29 11:55:38,737 [ForkJoinPool.commonPool-worker-1] INFO  statemachine.DatanodeStateMachine (DatanodeStateMachine.java:stopDaemon(395)) - Ozone container server stopped.
2019-08-29 11:55:38,738 [StateMachineUpdater:b34bc477-f594-4894-b3be-a6d4c994fd70:group-2DD3C3757259] INFO  ratis.ContainerStateMachine (ContainerStateMachine.java:takeSnapshot(294)) - group-2DD3C3757259: Finished taking a snapshot at:(t:2, i:1) file:/workdir/hadoop-ozone/integration-test/target/test-dir/MiniOzoneClusterImpl-d5645d28-46c2-4d7d-99f2-1f02fc29b8b0/datanode-8/data/ratis/096fcd2b-786a-4a64-996f-2dd3c3757259/sm/snapshot.2_1 time:13
2019-08-29 11:55:38,739 [StateMachineUpdater:b34bc477-f594-4894-b3be-a6d4c994fd70:group-2DD3C3757259] INFO  impl.StateMachineUpdater (StateMachineUpdater.java:takeSnapshot(242)) - StateMachineUpdater:b34bc477-f594-4894-b3be-a6d4c994fd70:group-2DD3C3757259: Took a snapshot at index 1
2019-08-29 11:55:38,741 [StateMachineUpdater:b34bc477-f594-4894-b3be-a6d4c994fd70:group-2DD3C3757259] INFO  impl.StateMachineUpdater (StateMachineUpdater.java:lambda$new$0(80)) - StateMachineUpdater:b34bc477-f594-4894-b3be-a6d4c994fd70:group-2DD3C3757259: snapshotIndex: updateIncreasingly -1 -> 1
2019-08-29 11:55:38,742 [main] INFO  impl.RaftServerImpl (ServerState.java:close(394)) - b34bc477-f594-4894-b3be-a6d4c994fd70:group-2DD3C3757259 closes. The last applied log index is 2
2019-08-29 11:55:38,745 [ForkJoinPool.commonPool-worker-1] INFO  handler.ContextHandler (ContextHandler.java:doStop(910)) - Stopped o.e.j.w.WebAppContext@4eb9ae4d{/,null,UNAVAILABLE}{/hddsDatanode}
2019-08-29 11:55:38,745 [b34bc477-f594-4894-b3be-a6d4c994fd70-SegmentedRaftLogWorker:Storage Directory /workdir/hadoop-ozone/integration-test/target/test-dir/MiniOzoneClusterImpl-d5645d28-46c2-4d7d-99f2-1f02fc29b8b0/datanode-8/data/ratis/096fcd2b-786a-4a64-996f-2dd3c3757259] INFO  segmented.SegmentedRaftLogWorker (SegmentedRaftLogWorker.java:run(313)) - b34bc477-f594-4894-b3be-a6d4c994fd70-SegmentedRaftLogWorker:Storage Directory /workdir/hadoop-ozone/integration-test/target/test-dir/MiniOzoneClusterImpl-d5645d28-46c2-4d7d-99f2-1f02fc29b8b0/datanode-8/data/ratis/096fcd2b-786a-4a64-996f-2dd3c3757259 was interrupted, exiting. There are 0 tasks remaining in the queue.
2019-08-29 11:55:38,746 [main] INFO  segmented.SegmentedRaftLogWorker (SegmentedRaftLogWorker.java:close(228)) - b34bc477-f594-4894-b3be-a6d4c994fd70-SegmentedRaftLogWorker:Storage Directory /workdir/hadoop-ozone/integration-test/target/test-dir/MiniOzoneClusterImpl-d5645d28-46c2-4d7d-99f2-1f02fc29b8b0/datanode-8/data/ratis/096fcd2b-786a-4a64-996f-2dd3c3757259 close()
2019-08-29 11:55:38,746 [ForkJoinPool.commonPool-worker-1] INFO  server.AbstractConnector (AbstractConnector.java:doStop(318)) - Stopped ServerConnector@5520f675{HTTP/1.1,[http/1.1]}{0.0.0.0:0}
2019-08-29 11:55:38,748 [main] INFO  server.GrpcService (GrpcService.java:closeImpl(155)) - b34bc477-f594-4894-b3be-a6d4c994fd70: shutdown server with port 42417 now
2019-08-29 11:55:38,749 [ForkJoinPool.commonPool-worker-1] INFO  handler.ContextHandler (ContextHandler.java:doStop(910)) - Stopped o.e.j.s.ServletContextHandler@1c7f9861{/static,jar:file:/home/user/.m2/repository/org/apache/hadoop/hadoop-hdds-container-service/0.5.0-SNAPSHOT/hadoop-hdds-container-service-0.5.0-SNAPSHOT.jar!/webapps/static,UNAVAILABLE}
2019-08-29 11:55:38,751 [ForkJoinPool.commonPool-worker-1] INFO  handler.ContextHandler (ContextHandler.java:doStop(910)) - Stopped o.e.j.s.ServletContextHandler@191ec193{/logs,file:///workdir/hadoop-ozone/integration-test/target/log,UNAVAILABLE}
2019-08-29 11:55:38,752 [grpc-default-executor-1] WARN  server.GrpcServerProtocolService (LogUtils.java:warn(134)) - b34bc477-f594-4894-b3be-a6d4c994fd70: appendEntries onError: org.apache.ratis.thirdparty.io.grpc.StatusRuntimeException: CANCELLED: cancelled before receiving half close
2019-08-29 11:55:38,752 [ForkJoinPool.commonPool-worker-1] INFO  datanode.ObjectStoreHandler (ObjectStoreHandler.java:close(155)) - Closing ObjectStoreHandler.
2019-08-29 11:55:38,752 [main] INFO  server.GrpcService (GrpcService.java:closeImpl(163)) - b34bc477-f594-4894-b3be-a6d4c994fd70: shutdown server with port 42417 successfully
2019-08-29 11:55:38,753 [grpc-default-executor-0] WARN  server.GrpcLogAppender (LogUtils.java:warn(134)) - 42efee89-99fa-4c75-b2bf-b3a1b636c7a3->b34bc477-f594-4894-b3be-a6d4c994fd70: Failed appendEntries: org.apache.ratis.thirdparty.io.grpc.StatusRuntimeException: CANCELLED: HTTP/2 error code: CANCEL
Received Rst Stream
2019-08-29 11:55:38,753 [ForkJoinPool.commonPool-worker-1] INFO  ozone.HddsDatanodeService (HddsDatanodeService.java:stop(451)) - Stopped plug-in org.apache.hadoop.ozone.web.OzoneHddsDatanodeService@415795f3
2019-08-29 11:55:38,753 [grpc-default-executor-0] INFO  impl.FollowerInfo (FollowerInfo.java:lambda$new$0(50)) - 42efee89-99fa-4c75-b2bf-b3a1b636c7a3->b34bc477-f594-4894-b3be-a6d4c994fd70: nextIndex: updateUnconditionally 3 -> 2
2019-08-29 11:55:38,754 [main] INFO  utils.BackgroundService (BackgroundService.java:shutdown(148)) - Shutting down service BlockDeletingService
2019-08-29 11:55:38,755 [refreshUsed-/workdir/hadoop-ozone/integration-test/target/test-dir/MiniOzoneClusterImpl-d5645d28-46c2-4d7d-99f2-1f02fc29b8b0/datanode-8/data/containers] WARN  fs.CachingGetSpaceUsed (CachingGetSpaceUsed.java:run(183)) - Thread Interrupted waiting to refresh disk information: sleep interrupted
2019-08-29 11:55:38,781 [main] INFO  statemachine.DatanodeStateMachine (DatanodeStateMachine.java:stopDaemon(395)) - Ozone container server stopped.
2019-08-29 11:55:38,782 [main] INFO  handler.ContextHandler (ContextHandler.java:doStop(910)) - Stopped o.e.j.w.WebAppContext@5c573229{/,null,UNAVAILABLE}{/hddsDatanode}
2019-08-29 11:55:38,783 [main] INFO  server.AbstractConnector (AbstractConnector.java:doStop(318)) - Stopped ServerConnector@77ecdc2b{HTTP/1.1,[http/1.1]}{0.0.0.0:0}
2019-08-29 11:55:38,784 [main] INFO  handler.ContextHandler (ContextHandler.java:doStop(910)) - Stopped o.e.j.s.ServletContextHandler@2bc16fe2{/static,jar:file:/home/user/.m2/repository/org/apache/hadoop/hadoop-hdds-container-service/0.5.0-SNAPSHOT/hadoop-hdds-container-service-0.5.0-SNAPSHOT.jar!/webapps/static,UNAVAILABLE}
2019-08-29 11:55:38,784 [main] INFO  handler.ContextHandler (ContextHandler.java:doStop(910)) - Stopped o.e.j.s.ServletContextHandler@2cea921a{/logs,file:///workdir/hadoop-ozone/integration-test/target/log,UNAVAILABLE}
2019-08-29 11:55:38,785 [main] INFO  datanode.ObjectStoreHandler (ObjectStoreHandler.java:close(155)) - Closing ObjectStoreHandler.
2019-08-29 11:55:38,786 [main] INFO  ozone.HddsDatanodeService (HddsDatanodeService.java:stop(451)) - Stopped plug-in org.apache.hadoop.ozone.web.OzoneHddsDatanodeService@95cecc5
2019-08-29 11:55:38,855 | INFO  | SCMAudit | user=jenkins1000 | ip=192.168.5.166 | op=SEND_HEARTBEAT {datanodeUUID=07dabde0-c17e-46ed-9a55-144838a04ea2, command=[]} | ret=SUCCESS |  
2019-08-29 11:55:38,918 [Datanode State Machine Thread - 0] INFO  statemachine.DatanodeStateMachine (DatanodeStateMachine.java:lambda$startDaemon$0(350)) - Ozone container server started.
2019-08-29 11:55:38,933 [grpc-default-executor-2] WARN  server.GrpcLogAppender (LogUtils.java:warn(134)) - 42efee89-99fa-4c75-b2bf-b3a1b636c7a3->b34bc477-f594-4894-b3be-a6d4c994fd70: Failed appendEntries: org.apache.ratis.thirdparty.io.grpc.StatusRuntimeException: UNAVAILABLE: io exception
2019-08-29 11:55:38,935 [grpc-default-executor-2] INFO  impl.FollowerInfo (FollowerInfo.java:lambda$new$0(50)) - 42efee89-99fa-4c75-b2bf-b3a1b636c7a3->b34bc477-f594-4894-b3be-a6d4c994fd70: nextIndex: updateUnconditionally 2 -> 1
2019-08-29 11:55:38,959 [grpc-default-executor-1] WARN  server.GrpcLogAppender (LogUtils.java:warn(134)) - 07dabde0-c17e-46ed-9a55-144838a04ea2->4a332945-53dc-4c0b-b910-cfaf195ac63d: Failed appendEntries: org.apache.ratis.thirdparty.io.grpc.StatusRuntimeException: UNAVAILABLE: io exception
2019-08-29 11:55:38,961 [grpc-default-executor-1] INFO  impl.FollowerInfo (FollowerInfo.java:lambda$new$0(50)) - 07dabde0-c17e-46ed-9a55-144838a04ea2->4a332945-53dc-4c0b-b910-cfaf195ac63d: nextIndex: updateUnconditionally 0 -> 0
2019-08-29 11:55:38,976 [grpc-default-executor-0] WARN  server.GrpcLogAppender (LogUtils.java:warn(134)) - 07dabde0-c17e-46ed-9a55-144838a04ea2->bd7d2b3e-70a9-4c18-9e48-3057ca72b747: Failed appendEntries: org.apache.ratis.thirdparty.io.grpc.StatusRuntimeException: UNAVAILABLE: io exception
2019-08-29 11:55:38,978 [grpc-default-executor-0] INFO  impl.FollowerInfo (FollowerInfo.java:lambda$new$0(50)) - 07dabde0-c17e-46ed-9a55-144838a04ea2->bd7d2b3e-70a9-4c18-9e48-3057ca72b747: nextIndex: updateUnconditionally 2 -> 1
2019-08-29 11:55:39,120 [Datanode State Machine Thread - 0] INFO  statemachine.DatanodeStateMachine (DatanodeStateMachine.java:lambda$startDaemon$0(350)) - Ozone container server started.
2019-08-29 11:55:39,124 | INFO  | SCMAudit | user=jenkins1000 | ip=192.168.5.166 | op=SEND_HEARTBEAT {datanodeUUID=42efee89-99fa-4c75-b2bf-b3a1b636c7a3, command=[]} | ret=SUCCESS |  
2019-08-29 11:55:39,434 [grpc-default-executor-2] WARN  server.GrpcLogAppender (LogUtils.java:warn(134)) - 42efee89-99fa-4c75-b2bf-b3a1b636c7a3->b34bc477-f594-4894-b3be-a6d4c994fd70: Failed appendEntries: org.apache.ratis.thirdparty.io.grpc.StatusRuntimeException: UNAVAILABLE: io exception
2019-08-29 11:55:39,436 [grpc-default-executor-2] INFO  impl.FollowerInfo (FollowerInfo.java:lambda$new$0(50)) - 42efee89-99fa-4c75-b2bf-b3a1b636c7a3->b34bc477-f594-4894-b3be-a6d4c994fd70: nextIndex: updateUnconditionally 1 -> 0
2019-08-29 11:55:39,470 [grpc-default-executor-0] WARN  server.GrpcLogAppender (LogUtils.java:warn(134)) - 07dabde0-c17e-46ed-9a55-144838a04ea2->4a332945-53dc-4c0b-b910-cfaf195ac63d: Failed appendEntries: org.apache.ratis.thirdparty.io.grpc.StatusRuntimeException: UNAVAILABLE: io exception
2019-08-29 11:55:39,476 [grpc-default-executor-0] INFO  impl.FollowerInfo (FollowerInfo.java:lambda$new$0(50)) - 07dabde0-c17e-46ed-9a55-144838a04ea2->4a332945-53dc-4c0b-b910-cfaf195ac63d: nextIndex: updateUnconditionally 0 -> 0
2019-08-29 11:55:39,478 [grpc-default-executor-1] WARN  server.GrpcLogAppender (LogUtils.java:warn(134)) - 07dabde0-c17e-46ed-9a55-144838a04ea2->bd7d2b3e-70a9-4c18-9e48-3057ca72b747: Failed appendEntries: org.apache.ratis.thirdparty.io.grpc.StatusRuntimeException: UNAVAILABLE: io exception
2019-08-29 11:55:39,479 [grpc-default-executor-1] INFO  impl.FollowerInfo (FollowerInfo.java:lambda$new$0(50)) - 07dabde0-c17e-46ed-9a55-144838a04ea2->bd7d2b3e-70a9-4c18-9e48-3057ca72b747: nextIndex: updateUnconditionally 1 -> 0
2019-08-29 11:55:39,782 [Thread-1124] INFO  impl.FollowerState (FollowerState.java:run(106)) - eec05b1d-f4e8-4418-a60c-420e12deef9f:group-A160427A8A7F changes to CANDIDATE, lastRpcTime:1101, electionTimeout:1101ms
2019-08-29 11:55:39,782 [Thread-1124] INFO  impl.RoleInfo (RoleInfo.java:shutdownFollowerState(121)) - eec05b1d-f4e8-4418-a60c-420e12deef9f: shutdown FollowerState
2019-08-29 11:55:39,782 [Thread-1124] INFO  impl.RaftServerImpl (RaftServerImpl.java:setRole(171)) - eec05b1d-f4e8-4418-a60c-420e12deef9f:group-A160427A8A7F changes role from FOLLOWER to CANDIDATE at term 5 for changeToCandidate
2019-08-29 11:55:39,782 [Thread-1124] INFO  impl.RoleInfo (RoleInfo.java:updateAndGet(143)) - eec05b1d-f4e8-4418-a60c-420e12deef9f: start LeaderElection
2019-08-29 11:55:39,808 [eec05b1d-f4e8-4418-a60c-420e12deef9f:group-A160427A8A7F:LeaderElection58] INFO  impl.LeaderElection (LeaderElection.java:askForVotes(181)) - eec05b1d-f4e8-4418-a60c-420e12deef9f:group-A160427A8A7F:LeaderElection58: begin an election at term 6 for 0: [03953c42-7b85-4ce6-8578-61fc97f729cc:192.168.5.166:36331, 7c3dea4a-666f-498f-b3ec-37d2b2f2aea0:192.168.5.166:44417, eec05b1d-f4e8-4418-a60c-420e12deef9f:192.168.5.166:42328], old=null
2019-08-29 11:55:39,809 [eec05b1d-f4e8-4418-a60c-420e12deef9f:group-A160427A8A7F:LeaderElection58] INFO  impl.LeaderElection (LogUtils.java:infoOrTrace(149)) - eec05b1d-f4e8-4418-a60c-420e12deef9f:group-A160427A8A7F:LeaderElection58 got exception when requesting votes: {}
java.util.concurrent.ExecutionException: org.apache.ratis.thirdparty.io.grpc.StatusRuntimeException: UNAVAILABLE: io exception
	at java.util.concurrent.FutureTask.report(FutureTask.java:122)
	at java.util.concurrent.FutureTask.get(FutureTask.java:192)
	at org.apache.ratis.server.impl.LeaderElection.waitForResults(LeaderElection.java:262)
	at org.apache.ratis.server.impl.LeaderElection.askForVotes(LeaderElection.java:200)
	at org.apache.ratis.server.impl.LeaderElection.run(LeaderElection.java:130)
	at java.lang.Thread.run(Thread.java:748)
Caused by: org.apache.ratis.thirdparty.io.grpc.StatusRuntimeException: UNAVAILABLE: io exception
	at org.apache.ratis.thirdparty.io.grpc.stub.ClientCalls.toStatusRuntimeException(ClientCalls.java:233)
	at org.apache.ratis.thirdparty.io.grpc.stub.ClientCalls.getUnchecked(ClientCalls.java:214)
	at org.apache.ratis.thirdparty.io.grpc.stub.ClientCalls.blockingUnaryCall(ClientCalls.java:139)
	at org.apache.ratis.proto.grpc.RaftServerProtocolServiceGrpc$RaftServerProtocolServiceBlockingStub.requestVote(RaftServerProtocolServiceGrpc.java:265)
	at org.apache.ratis.grpc.server.GrpcServerProtocolClient.requestVote(GrpcServerProtocolClient.java:83)
	at org.apache.ratis.grpc.server.GrpcService.requestVote(GrpcService.java:195)
	at org.apache.ratis.server.impl.LeaderElection.lambda$submitRequests$1(LeaderElection.java:237)
	at java.util.concurrent.FutureTask.run(FutureTask.java:266)
	at java.util.concurrent.Executors$RunnableAdapter.call(Executors.java:511)
	at java.util.concurrent.FutureTask.run(FutureTask.java:266)
	at java.util.concurrent.ThreadPoolExecutor.runWorker(ThreadPoolExecutor.java:1149)
	at java.util.concurrent.ThreadPoolExecutor$Worker.run(ThreadPoolExecutor.java:624)
	... 1 more
Caused by: org.apache.ratis.thirdparty.io.netty.channel.AbstractChannel$AnnotatedConnectException: Connection refused: /192.168.5.166:36331
	at sun.nio.ch.SocketChannelImpl.checkConnect(Native Method)
	at sun.nio.ch.SocketChannelImpl.finishConnect(SocketChannelImpl.java:717)
	at org.apache.ratis.thirdparty.io.netty.channel.socket.nio.NioSocketChannel.doFinishConnect(NioSocketChannel.java:327)
	at org.apache.ratis.thirdparty.io.netty.channel.nio.AbstractNioChannel$AbstractNioUnsafe.finishConnect(AbstractNioChannel.java:340)
	at org.apache.ratis.thirdparty.io.netty.channel.nio.NioEventLoop.processSelectedKey(NioEventLoop.java:632)
	at org.apache.ratis.thirdparty.io.netty.channel.nio.NioEventLoop.processSelectedKeysOptimized(NioEventLoop.java:579)
	at org.apache.ratis.thirdparty.io.netty.channel.nio.NioEventLoop.processSelectedKeys(NioEventLoop.java:496)
	at org.apache.ratis.thirdparty.io.netty.channel.nio.NioEventLoop.run(NioEventLoop.java:458)
	at org.apache.ratis.thirdparty.io.netty.util.concurrent.SingleThreadEventExecutor$5.run(SingleThreadEventExecutor.java:897)
	at org.apache.ratis.thirdparty.io.netty.util.concurrent.FastThreadLocalRunnable.run(FastThreadLocalRunnable.java:30)
	... 1 more
Caused by: java.net.ConnectException: Connection refused
	... 11 more
2019-08-29 11:55:39,811 [eec05b1d-f4e8-4418-a60c-420e12deef9f:group-A160427A8A7F:LeaderElection58] INFO  impl.LeaderElection (LogUtils.java:infoOrTrace(149)) - eec05b1d-f4e8-4418-a60c-420e12deef9f:group-A160427A8A7F:LeaderElection58 got exception when requesting votes: {}
java.util.concurrent.ExecutionException: org.apache.ratis.thirdparty.io.grpc.StatusRuntimeException: UNAVAILABLE: io exception
	at java.util.concurrent.FutureTask.report(FutureTask.java:122)
	at java.util.concurrent.FutureTask.get(FutureTask.java:192)
	at org.apache.ratis.server.impl.LeaderElection.waitForResults(LeaderElection.java:262)
	at org.apache.ratis.server.impl.LeaderElection.askForVotes(LeaderElection.java:200)
	at org.apache.ratis.server.impl.LeaderElection.run(LeaderElection.java:130)
	at java.lang.Thread.run(Thread.java:748)
Caused by: org.apache.ratis.thirdparty.io.grpc.StatusRuntimeException: UNAVAILABLE: io exception
	at org.apache.ratis.thirdparty.io.grpc.stub.ClientCalls.toStatusRuntimeException(ClientCalls.java:233)
	at org.apache.ratis.thirdparty.io.grpc.stub.ClientCalls.getUnchecked(ClientCalls.java:214)
	at org.apache.ratis.thirdparty.io.grpc.stub.ClientCalls.blockingUnaryCall(ClientCalls.java:139)
	at org.apache.ratis.proto.grpc.RaftServerProtocolServiceGrpc$RaftServerProtocolServiceBlockingStub.requestVote(RaftServerProtocolServiceGrpc.java:265)
	at org.apache.ratis.grpc.server.GrpcServerProtocolClient.requestVote(GrpcServerProtocolClient.java:83)
	at org.apache.ratis.grpc.server.GrpcService.requestVote(GrpcService.java:195)
	at org.apache.ratis.server.impl.LeaderElection.lambda$submitRequests$1(LeaderElection.java:237)
	at java.util.concurrent.FutureTask.run(FutureTask.java:266)
	at java.util.concurrent.Executors$RunnableAdapter.call(Executors.java:511)
	at java.util.concurrent.FutureTask.run(FutureTask.java:266)
	at java.util.concurrent.ThreadPoolExecutor.runWorker(ThreadPoolExecutor.java:1149)
	at java.util.concurrent.ThreadPoolExecutor$Worker.run(ThreadPoolExecutor.java:624)
	... 1 more
Caused by: org.apache.ratis.thirdparty.io.netty.channel.AbstractChannel$AnnotatedConnectException: Connection refused: /192.168.5.166:44417
	at sun.nio.ch.SocketChannelImpl.checkConnect(Native Method)
	at sun.nio.ch.SocketChannelImpl.finishConnect(SocketChannelImpl.java:717)
	at org.apache.ratis.thirdparty.io.netty.channel.socket.nio.NioSocketChannel.doFinishConnect(NioSocketChannel.java:327)
	at org.apache.ratis.thirdparty.io.netty.channel.nio.AbstractNioChannel$AbstractNioUnsafe.finishConnect(AbstractNioChannel.java:340)
	at org.apache.ratis.thirdparty.io.netty.channel.nio.NioEventLoop.processSelectedKey(NioEventLoop.java:632)
	at org.apache.ratis.thirdparty.io.netty.channel.nio.NioEventLoop.processSelectedKeysOptimized(NioEventLoop.java:579)
	at org.apache.ratis.thirdparty.io.netty.channel.nio.NioEventLoop.processSelectedKeys(NioEventLoop.java:496)
	at org.apache.ratis.thirdparty.io.netty.channel.nio.NioEventLoop.run(NioEventLoop.java:458)
	at org.apache.ratis.thirdparty.io.netty.util.concurrent.SingleThreadEventExecutor$5.run(SingleThreadEventExecutor.java:897)
	at org.apache.ratis.thirdparty.io.netty.util.concurrent.FastThreadLocalRunnable.run(FastThreadLocalRunnable.java:30)
	... 1 more
Caused by: java.net.ConnectException: Connection refused
	... 11 more
2019-08-29 11:55:39,814 [eec05b1d-f4e8-4418-a60c-420e12deef9f:group-A160427A8A7F:LeaderElection58] INFO  impl.LeaderElection (LeaderElection.java:logAndReturn(56)) - eec05b1d-f4e8-4418-a60c-420e12deef9f:group-A160427A8A7F:LeaderElection58: Election REJECTED; received 0 response(s) [] and 2 exception(s); eec05b1d-f4e8-4418-a60c-420e12deef9f:t6, leader=null, voted=eec05b1d-f4e8-4418-a60c-420e12deef9f, raftlog=eec05b1d-f4e8-4418-a60c-420e12deef9f-SegmentedRaftLog:OPENED:c2,f2,i2, conf=0: [03953c42-7b85-4ce6-8578-61fc97f729cc:192.168.5.166:36331, 7c3dea4a-666f-498f-b3ec-37d2b2f2aea0:192.168.5.166:44417, eec05b1d-f4e8-4418-a60c-420e12deef9f:192.168.5.166:42328], old=null
2019-08-29 11:55:39,814 [eec05b1d-f4e8-4418-a60c-420e12deef9f:group-A160427A8A7F:LeaderElection58] INFO  impl.LeaderElection (LogUtils.java:infoOrTrace(149)) -   Exception 0: {}
java.util.concurrent.ExecutionException: org.apache.ratis.thirdparty.io.grpc.StatusRuntimeException: UNAVAILABLE: io exception
	at java.util.concurrent.FutureTask.report(FutureTask.java:122)
	at java.util.concurrent.FutureTask.get(FutureTask.java:192)
	at org.apache.ratis.server.impl.LeaderElection.waitForResults(LeaderElection.java:262)
	at org.apache.ratis.server.impl.LeaderElection.askForVotes(LeaderElection.java:200)
	at org.apache.ratis.server.impl.LeaderElection.run(LeaderElection.java:130)
	at java.lang.Thread.run(Thread.java:748)
Caused by: org.apache.ratis.thirdparty.io.grpc.StatusRuntimeException: UNAVAILABLE: io exception
	at org.apache.ratis.thirdparty.io.grpc.stub.ClientCalls.toStatusRuntimeException(ClientCalls.java:233)
	at org.apache.ratis.thirdparty.io.grpc.stub.ClientCalls.getUnchecked(ClientCalls.java:214)
	at org.apache.ratis.thirdparty.io.grpc.stub.ClientCalls.blockingUnaryCall(ClientCalls.java:139)
	at org.apache.ratis.proto.grpc.RaftServerProtocolServiceGrpc$RaftServerProtocolServiceBlockingStub.requestVote(RaftServerProtocolServiceGrpc.java:265)
	at org.apache.ratis.grpc.server.GrpcServerProtocolClient.requestVote(GrpcServerProtocolClient.java:83)
	at org.apache.ratis.grpc.server.GrpcService.requestVote(GrpcService.java:195)
	at org.apache.ratis.server.impl.LeaderElection.lambda$submitRequests$1(LeaderElection.java:237)
	at java.util.concurrent.FutureTask.run(FutureTask.java:266)
	at java.util.concurrent.Executors$RunnableAdapter.call(Executors.java:511)
	at java.util.concurrent.FutureTask.run(FutureTask.java:266)
	at java.util.concurrent.ThreadPoolExecutor.runWorker(ThreadPoolExecutor.java:1149)
	at java.util.concurrent.ThreadPoolExecutor$Worker.run(ThreadPoolExecutor.java:624)
	... 1 more
Caused by: org.apache.ratis.thirdparty.io.netty.channel.AbstractChannel$AnnotatedConnectException: Connection refused: /192.168.5.166:36331
	at sun.nio.ch.SocketChannelImpl.checkConnect(Native Method)
	at sun.nio.ch.SocketChannelImpl.finishConnect(SocketChannelImpl.java:717)
	at org.apache.ratis.thirdparty.io.netty.channel.socket.nio.NioSocketChannel.doFinishConnect(NioSocketChannel.java:327)
	at org.apache.ratis.thirdparty.io.netty.channel.nio.AbstractNioChannel$AbstractNioUnsafe.finishConnect(AbstractNioChannel.java:340)
	at org.apache.ratis.thirdparty.io.netty.channel.nio.NioEventLoop.processSelectedKey(NioEventLoop.java:632)
	at org.apache.ratis.thirdparty.io.netty.channel.nio.NioEventLoop.processSelectedKeysOptimized(NioEventLoop.java:579)
	at org.apache.ratis.thirdparty.io.netty.channel.nio.NioEventLoop.processSelectedKeys(NioEventLoop.java:496)
	at org.apache.ratis.thirdparty.io.netty.channel.nio.NioEventLoop.run(NioEventLoop.java:458)
	at org.apache.ratis.thirdparty.io.netty.util.concurrent.SingleThreadEventExecutor$5.run(SingleThreadEventExecutor.java:897)
	at org.apache.ratis.thirdparty.io.netty.util.concurrent.FastThreadLocalRunnable.run(FastThreadLocalRunnable.java:30)
	... 1 more
Caused by: java.net.ConnectException: Connection refused
	... 11 more
2019-08-29 11:55:39,814 [eec05b1d-f4e8-4418-a60c-420e12deef9f:group-A160427A8A7F:LeaderElection58] INFO  impl.LeaderElection (LogUtils.java:infoOrTrace(149)) -   Exception 1: {}
java.util.concurrent.ExecutionException: org.apache.ratis.thirdparty.io.grpc.StatusRuntimeException: UNAVAILABLE: io exception
	at java.util.concurrent.FutureTask.report(FutureTask.java:122)
	at java.util.concurrent.FutureTask.get(FutureTask.java:192)
	at org.apache.ratis.server.impl.LeaderElection.waitForResults(LeaderElection.java:262)
	at org.apache.ratis.server.impl.LeaderElection.askForVotes(LeaderElection.java:200)
	at org.apache.ratis.server.impl.LeaderElection.run(LeaderElection.java:130)
	at java.lang.Thread.run(Thread.java:748)
Caused by: org.apache.ratis.thirdparty.io.grpc.StatusRuntimeException: UNAVAILABLE: io exception
	at org.apache.ratis.thirdparty.io.grpc.stub.ClientCalls.toStatusRuntimeException(ClientCalls.java:233)
	at org.apache.ratis.thirdparty.io.grpc.stub.ClientCalls.getUnchecked(ClientCalls.java:214)
	at org.apache.ratis.thirdparty.io.grpc.stub.ClientCalls.blockingUnaryCall(ClientCalls.java:139)
	at org.apache.ratis.proto.grpc.RaftServerProtocolServiceGrpc$RaftServerProtocolServiceBlockingStub.requestVote(RaftServerProtocolServiceGrpc.java:265)
	at org.apache.ratis.grpc.server.GrpcServerProtocolClient.requestVote(GrpcServerProtocolClient.java:83)
	at org.apache.ratis.grpc.server.GrpcService.requestVote(GrpcService.java:195)
	at org.apache.ratis.server.impl.LeaderElection.lambda$submitRequests$1(LeaderElection.java:237)
	at java.util.concurrent.FutureTask.run(FutureTask.java:266)
	at java.util.concurrent.Executors$RunnableAdapter.call(Executors.java:511)
	at java.util.concurrent.FutureTask.run(FutureTask.java:266)
	at java.util.concurrent.ThreadPoolExecutor.runWorker(ThreadPoolExecutor.java:1149)
	at java.util.concurrent.ThreadPoolExecutor$Worker.run(ThreadPoolExecutor.java:624)
	... 1 more
Caused by: org.apache.ratis.thirdparty.io.netty.channel.AbstractChannel$AnnotatedConnectException: Connection refused: /192.168.5.166:44417
	at sun.nio.ch.SocketChannelImpl.checkConnect(Native Method)
	at sun.nio.ch.SocketChannelImpl.finishConnect(SocketChannelImpl.java:717)
	at org.apache.ratis.thirdparty.io.netty.channel.socket.nio.NioSocketChannel.doFinishConnect(NioSocketChannel.java:327)
	at org.apache.ratis.thirdparty.io.netty.channel.nio.AbstractNioChannel$AbstractNioUnsafe.finishConnect(AbstractNioChannel.java:340)
	at org.apache.ratis.thirdparty.io.netty.channel.nio.NioEventLoop.processSelectedKey(NioEventLoop.java:632)
	at org.apache.ratis.thirdparty.io.netty.channel.nio.NioEventLoop.processSelectedKeysOptimized(NioEventLoop.java:579)
	at org.apache.ratis.thirdparty.io.netty.channel.nio.NioEventLoop.processSelectedKeys(NioEventLoop.java:496)
	at org.apache.ratis.thirdparty.io.netty.channel.nio.NioEventLoop.run(NioEventLoop.java:458)
	at org.apache.ratis.thirdparty.io.netty.util.concurrent.SingleThreadEventExecutor$5.run(SingleThreadEventExecutor.java:897)
	at org.apache.ratis.thirdparty.io.netty.util.concurrent.FastThreadLocalRunnable.run(FastThreadLocalRunnable.java:30)
	... 1 more
Caused by: java.net.ConnectException: Connection refused
	... 11 more
2019-08-29 11:55:39,815 [eec05b1d-f4e8-4418-a60c-420e12deef9f:group-A160427A8A7F:LeaderElection58] INFO  impl.RaftServerImpl (RaftServerImpl.java:setRole(171)) - eec05b1d-f4e8-4418-a60c-420e12deef9f:group-A160427A8A7F changes role from CANDIDATE to FOLLOWER at term 6 for DISCOVERED_A_NEW_TERM
2019-08-29 11:55:39,815 [eec05b1d-f4e8-4418-a60c-420e12deef9f:group-A160427A8A7F:LeaderElection58] INFO  impl.RoleInfo (RoleInfo.java:shutdownLeaderElection(134)) - eec05b1d-f4e8-4418-a60c-420e12deef9f: shutdown LeaderElection
2019-08-29 11:55:39,815 [eec05b1d-f4e8-4418-a60c-420e12deef9f:group-A160427A8A7F:LeaderElection58] INFO  impl.RoleInfo (RoleInfo.java:updateAndGet(143)) - eec05b1d-f4e8-4418-a60c-420e12deef9f: start FollowerState
2019-08-29 11:55:39,855 | INFO  | SCMAudit | user=jenkins1000 | ip=192.168.5.166 | op=SEND_HEARTBEAT {datanodeUUID=07dabde0-c17e-46ed-9a55-144838a04ea2, command=[]} | ret=SUCCESS |  
2019-08-29 11:55:39,935 [grpc-default-executor-2] WARN  server.GrpcLogAppender (LogUtils.java:warn(134)) - 42efee89-99fa-4c75-b2bf-b3a1b636c7a3->b34bc477-f594-4894-b3be-a6d4c994fd70: Failed appendEntries: org.apache.ratis.thirdparty.io.grpc.StatusRuntimeException: UNAVAILABLE: io exception
2019-08-29 11:55:39,937 [grpc-default-executor-2] INFO  impl.FollowerInfo (FollowerInfo.java:lambda$new$0(50)) - 42efee89-99fa-4c75-b2bf-b3a1b636c7a3->b34bc477-f594-4894-b3be-a6d4c994fd70: nextIndex: updateUnconditionally 0 -> 0
2019-08-29 11:55:39,961 [grpc-default-executor-0] WARN  server.GrpcLogAppender (LogUtils.java:warn(134)) - 07dabde0-c17e-46ed-9a55-144838a04ea2->4a332945-53dc-4c0b-b910-cfaf195ac63d: Failed appendEntries: org.apache.ratis.thirdparty.io.grpc.StatusRuntimeException: UNAVAILABLE: io exception
2019-08-29 11:55:39,962 [grpc-default-executor-0] INFO  impl.FollowerInfo (FollowerInfo.java:lambda$new$0(50)) - 07dabde0-c17e-46ed-9a55-144838a04ea2->4a332945-53dc-4c0b-b910-cfaf195ac63d: nextIndex: updateUnconditionally 0 -> 0
2019-08-29 11:55:39,979 [grpc-default-executor-1] WARN  server.GrpcLogAppender (LogUtils.java:warn(134)) - 07dabde0-c17e-46ed-9a55-144838a04ea2->bd7d2b3e-70a9-4c18-9e48-3057ca72b747: Failed appendEntries: org.apache.ratis.thirdparty.io.grpc.StatusRuntimeException: UNAVAILABLE: io exception
2019-08-29 11:55:39,980 [grpc-default-executor-1] INFO  impl.FollowerInfo (FollowerInfo.java:lambda$new$0(50)) - 07dabde0-c17e-46ed-9a55-144838a04ea2->bd7d2b3e-70a9-4c18-9e48-3057ca72b747: nextIndex: updateUnconditionally 0 -> 0
2019-08-29 11:55:40,124 | INFO  | SCMAudit | user=jenkins1000 | ip=192.168.5.166 | op=SEND_HEARTBEAT {datanodeUUID=42efee89-99fa-4c75-b2bf-b3a1b636c7a3, command=[]} | ret=SUCCESS |  
2019-08-29 11:55:40,435 [grpc-default-executor-2] WARN  server.GrpcLogAppender (LogUtils.java:warn(134)) - 42efee89-99fa-4c75-b2bf-b3a1b636c7a3->b34bc477-f594-4894-b3be-a6d4c994fd70: Failed appendEntries: org.apache.ratis.thirdparty.io.grpc.StatusRuntimeException: UNAVAILABLE: io exception
2019-08-29 11:55:40,437 [grpc-default-executor-2] INFO  impl.FollowerInfo (FollowerInfo.java:lambda$new$0(50)) - 42efee89-99fa-4c75-b2bf-b3a1b636c7a3->b34bc477-f594-4894-b3be-a6d4c994fd70: nextIndex: updateUnconditionally 0 -> 0
2019-08-29 11:55:40,462 [grpc-default-executor-0] WARN  server.GrpcLogAppender (LogUtils.java:warn(134)) - 07dabde0-c17e-46ed-9a55-144838a04ea2->4a332945-53dc-4c0b-b910-cfaf195ac63d: Failed appendEntries: org.apache.ratis.thirdparty.io.grpc.StatusRuntimeException: UNAVAILABLE: io exception
2019-08-29 11:55:40,464 [grpc-default-executor-0] INFO  impl.FollowerInfo (FollowerInfo.java:lambda$new$0(50)) - 07dabde0-c17e-46ed-9a55-144838a04ea2->4a332945-53dc-4c0b-b910-cfaf195ac63d: nextIndex: updateUnconditionally 0 -> 0
2019-08-29 11:55:40,480 [grpc-default-executor-1] WARN  server.GrpcLogAppender (LogUtils.java:warn(134)) - 07dabde0-c17e-46ed-9a55-144838a04ea2->bd7d2b3e-70a9-4c18-9e48-3057ca72b747: Failed appendEntries: org.apache.ratis.thirdparty.io.grpc.StatusRuntimeException: UNAVAILABLE: io exception
2019-08-29 11:55:40,482 [grpc-default-executor-1] INFO  impl.FollowerInfo (FollowerInfo.java:lambda$new$0(50)) - 07dabde0-c17e-46ed-9a55-144838a04ea2->bd7d2b3e-70a9-4c18-9e48-3057ca72b747: nextIndex: updateUnconditionally 0 -> 0
2019-08-29 11:55:40,855 | INFO  | SCMAudit | user=jenkins1000 | ip=192.168.5.166 | op=SEND_HEARTBEAT {datanodeUUID=07dabde0-c17e-46ed-9a55-144838a04ea2, command=[]} | ret=SUCCESS |  
2019-08-29 11:55:40,925 [Thread-1130] INFO  impl.FollowerState (FollowerState.java:run(106)) - eec05b1d-f4e8-4418-a60c-420e12deef9f:group-A160427A8A7F changes to CANDIDATE, lastRpcTime:1109, electionTimeout:1109ms
2019-08-29 11:55:40,925 [Thread-1130] INFO  impl.RoleInfo (RoleInfo.java:shutdownFollowerState(121)) - eec05b1d-f4e8-4418-a60c-420e12deef9f: shutdown FollowerState
2019-08-29 11:55:40,925 [Thread-1130] INFO  impl.RaftServerImpl (RaftServerImpl.java:setRole(171)) - eec05b1d-f4e8-4418-a60c-420e12deef9f:group-A160427A8A7F changes role from FOLLOWER to CANDIDATE at term 6 for changeToCandidate
2019-08-29 11:55:40,925 [Thread-1130] INFO  impl.RoleInfo (RoleInfo.java:updateAndGet(143)) - eec05b1d-f4e8-4418-a60c-420e12deef9f: start LeaderElection
2019-08-29 11:55:40,936 [grpc-default-executor-2] WARN  server.GrpcLogAppender (LogUtils.java:warn(134)) - 42efee89-99fa-4c75-b2bf-b3a1b636c7a3->b34bc477-f594-4894-b3be-a6d4c994fd70: Failed appendEntries: org.apache.ratis.thirdparty.io.grpc.StatusRuntimeException: UNAVAILABLE: io exception
2019-08-29 11:55:40,938 [grpc-default-executor-2] INFO  impl.FollowerInfo (FollowerInfo.java:lambda$new$0(50)) - 42efee89-99fa-4c75-b2bf-b3a1b636c7a3->b34bc477-f594-4894-b3be-a6d4c994fd70: nextIndex: updateUnconditionally 0 -> 0
2019-08-29 11:55:40,942 [eec05b1d-f4e8-4418-a60c-420e12deef9f:group-A160427A8A7F:LeaderElection59] INFO  impl.LeaderElection (LeaderElection.java:askForVotes(181)) - eec05b1d-f4e8-4418-a60c-420e12deef9f:group-A160427A8A7F:LeaderElection59: begin an election at term 7 for 0: [03953c42-7b85-4ce6-8578-61fc97f729cc:192.168.5.166:36331, 7c3dea4a-666f-498f-b3ec-37d2b2f2aea0:192.168.5.166:44417, eec05b1d-f4e8-4418-a60c-420e12deef9f:192.168.5.166:42328], old=null
2019-08-29 11:55:40,943 [eec05b1d-f4e8-4418-a60c-420e12deef9f:group-A160427A8A7F:LeaderElection59] INFO  impl.LeaderElection (LogUtils.java:infoOrTrace(149)) - eec05b1d-f4e8-4418-a60c-420e12deef9f:group-A160427A8A7F:LeaderElection59 got exception when requesting votes: {}
java.util.concurrent.ExecutionException: org.apache.ratis.thirdparty.io.grpc.StatusRuntimeException: UNAVAILABLE: io exception
	at java.util.concurrent.FutureTask.report(FutureTask.java:122)
	at java.util.concurrent.FutureTask.get(FutureTask.java:192)
	at org.apache.ratis.server.impl.LeaderElection.waitForResults(LeaderElection.java:262)
	at org.apache.ratis.server.impl.LeaderElection.askForVotes(LeaderElection.java:200)
	at org.apache.ratis.server.impl.LeaderElection.run(LeaderElection.java:130)
	at java.lang.Thread.run(Thread.java:748)
Caused by: org.apache.ratis.thirdparty.io.grpc.StatusRuntimeException: UNAVAILABLE: io exception
	at org.apache.ratis.thirdparty.io.grpc.stub.ClientCalls.toStatusRuntimeException(ClientCalls.java:233)
	at org.apache.ratis.thirdparty.io.grpc.stub.ClientCalls.getUnchecked(ClientCalls.java:214)
	at org.apache.ratis.thirdparty.io.grpc.stub.ClientCalls.blockingUnaryCall(ClientCalls.java:139)
	at org.apache.ratis.proto.grpc.RaftServerProtocolServiceGrpc$RaftServerProtocolServiceBlockingStub.requestVote(RaftServerProtocolServiceGrpc.java:265)
	at org.apache.ratis.grpc.server.GrpcServerProtocolClient.requestVote(GrpcServerProtocolClient.java:83)
	at org.apache.ratis.grpc.server.GrpcService.requestVote(GrpcService.java:195)
	at org.apache.ratis.server.impl.LeaderElection.lambda$submitRequests$1(LeaderElection.java:237)
	at java.util.concurrent.FutureTask.run(FutureTask.java:266)
	at java.util.concurrent.Executors$RunnableAdapter.call(Executors.java:511)
	at java.util.concurrent.FutureTask.run(FutureTask.java:266)
	at java.util.concurrent.ThreadPoolExecutor.runWorker(ThreadPoolExecutor.java:1149)
	at java.util.concurrent.ThreadPoolExecutor$Worker.run(ThreadPoolExecutor.java:624)
	... 1 more
Caused by: org.apache.ratis.thirdparty.io.netty.channel.AbstractChannel$AnnotatedConnectException: Connection refused: /192.168.5.166:44417
	at sun.nio.ch.SocketChannelImpl.checkConnect(Native Method)
	at sun.nio.ch.SocketChannelImpl.finishConnect(SocketChannelImpl.java:717)
	at org.apache.ratis.thirdparty.io.netty.channel.socket.nio.NioSocketChannel.doFinishConnect(NioSocketChannel.java:327)
	at org.apache.ratis.thirdparty.io.netty.channel.nio.AbstractNioChannel$AbstractNioUnsafe.finishConnect(AbstractNioChannel.java:340)
	at org.apache.ratis.thirdparty.io.netty.channel.nio.NioEventLoop.processSelectedKey(NioEventLoop.java:632)
	at org.apache.ratis.thirdparty.io.netty.channel.nio.NioEventLoop.processSelectedKeysOptimized(NioEventLoop.java:579)
	at org.apache.ratis.thirdparty.io.netty.channel.nio.NioEventLoop.processSelectedKeys(NioEventLoop.java:496)
	at org.apache.ratis.thirdparty.io.netty.channel.nio.NioEventLoop.run(NioEventLoop.java:458)
	at org.apache.ratis.thirdparty.io.netty.util.concurrent.SingleThreadEventExecutor$5.run(SingleThreadEventExecutor.java:897)
	at org.apache.ratis.thirdparty.io.netty.util.concurrent.FastThreadLocalRunnable.run(FastThreadLocalRunnable.java:30)
	... 1 more
Caused by: java.net.ConnectException: Connection refused
	... 11 more
2019-08-29 11:55:40,945 [eec05b1d-f4e8-4418-a60c-420e12deef9f:group-A160427A8A7F:LeaderElection59] INFO  impl.LeaderElection (LogUtils.java:infoOrTrace(149)) - eec05b1d-f4e8-4418-a60c-420e12deef9f:group-A160427A8A7F:LeaderElection59 got exception when requesting votes: {}
java.util.concurrent.ExecutionException: org.apache.ratis.thirdparty.io.grpc.StatusRuntimeException: UNAVAILABLE: io exception
	at java.util.concurrent.FutureTask.report(FutureTask.java:122)
	at java.util.concurrent.FutureTask.get(FutureTask.java:192)
	at org.apache.ratis.server.impl.LeaderElection.waitForResults(LeaderElection.java:262)
	at org.apache.ratis.server.impl.LeaderElection.askForVotes(LeaderElection.java:200)
	at org.apache.ratis.server.impl.LeaderElection.run(LeaderElection.java:130)
	at java.lang.Thread.run(Thread.java:748)
Caused by: org.apache.ratis.thirdparty.io.grpc.StatusRuntimeException: UNAVAILABLE: io exception
	at org.apache.ratis.thirdparty.io.grpc.stub.ClientCalls.toStatusRuntimeException(ClientCalls.java:233)
	at org.apache.ratis.thirdparty.io.grpc.stub.ClientCalls.getUnchecked(ClientCalls.java:214)
	at org.apache.ratis.thirdparty.io.grpc.stub.ClientCalls.blockingUnaryCall(ClientCalls.java:139)
	at org.apache.ratis.proto.grpc.RaftServerProtocolServiceGrpc$RaftServerProtocolServiceBlockingStub.requestVote(RaftServerProtocolServiceGrpc.java:265)
	at org.apache.ratis.grpc.server.GrpcServerProtocolClient.requestVote(GrpcServerProtocolClient.java:83)
	at org.apache.ratis.grpc.server.GrpcService.requestVote(GrpcService.java:195)
	at org.apache.ratis.server.impl.LeaderElection.lambda$submitRequests$1(LeaderElection.java:237)
	at java.util.concurrent.FutureTask.run(FutureTask.java:266)
	at java.util.concurrent.Executors$RunnableAdapter.call(Executors.java:511)
	at java.util.concurrent.FutureTask.run(FutureTask.java:266)
	at java.util.concurrent.ThreadPoolExecutor.runWorker(ThreadPoolExecutor.java:1149)
	at java.util.concurrent.ThreadPoolExecutor$Worker.run(ThreadPoolExecutor.java:624)
	... 1 more
Caused by: org.apache.ratis.thirdparty.io.netty.channel.AbstractChannel$AnnotatedConnectException: Connection refused: /192.168.5.166:36331
	at sun.nio.ch.SocketChannelImpl.checkConnect(Native Method)
	at sun.nio.ch.SocketChannelImpl.finishConnect(SocketChannelImpl.java:717)
	at org.apache.ratis.thirdparty.io.netty.channel.socket.nio.NioSocketChannel.doFinishConnect(NioSocketChannel.java:327)
	at org.apache.ratis.thirdparty.io.netty.channel.nio.AbstractNioChannel$AbstractNioUnsafe.finishConnect(AbstractNioChannel.java:340)
	at org.apache.ratis.thirdparty.io.netty.channel.nio.NioEventLoop.processSelectedKey(NioEventLoop.java:632)
	at org.apache.ratis.thirdparty.io.netty.channel.nio.NioEventLoop.processSelectedKeysOptimized(NioEventLoop.java:579)
	at org.apache.ratis.thirdparty.io.netty.channel.nio.NioEventLoop.processSelectedKeys(NioEventLoop.java:496)
	at org.apache.ratis.thirdparty.io.netty.channel.nio.NioEventLoop.run(NioEventLoop.java:458)
	at org.apache.ratis.thirdparty.io.netty.util.concurrent.SingleThreadEventExecutor$5.run(SingleThreadEventExecutor.java:897)
	at org.apache.ratis.thirdparty.io.netty.util.concurrent.FastThreadLocalRunnable.run(FastThreadLocalRunnable.java:30)
	... 1 more
Caused by: java.net.ConnectException: Connection refused
	... 11 more
2019-08-29 11:55:40,947 [eec05b1d-f4e8-4418-a60c-420e12deef9f:group-A160427A8A7F:LeaderElection59] INFO  impl.LeaderElection (LeaderElection.java:logAndReturn(56)) - eec05b1d-f4e8-4418-a60c-420e12deef9f:group-A160427A8A7F:LeaderElection59: Election REJECTED; received 0 response(s) [] and 2 exception(s); eec05b1d-f4e8-4418-a60c-420e12deef9f:t7, leader=null, voted=eec05b1d-f4e8-4418-a60c-420e12deef9f, raftlog=eec05b1d-f4e8-4418-a60c-420e12deef9f-SegmentedRaftLog:OPENED:c2,f2,i2, conf=0: [03953c42-7b85-4ce6-8578-61fc97f729cc:192.168.5.166:36331, 7c3dea4a-666f-498f-b3ec-37d2b2f2aea0:192.168.5.166:44417, eec05b1d-f4e8-4418-a60c-420e12deef9f:192.168.5.166:42328], old=null
2019-08-29 11:55:40,947 [eec05b1d-f4e8-4418-a60c-420e12deef9f:group-A160427A8A7F:LeaderElection59] INFO  impl.LeaderElection (LogUtils.java:infoOrTrace(149)) -   Exception 0: {}
java.util.concurrent.ExecutionException: org.apache.ratis.thirdparty.io.grpc.StatusRuntimeException: UNAVAILABLE: io exception
	at java.util.concurrent.FutureTask.report(FutureTask.java:122)
	at java.util.concurrent.FutureTask.get(FutureTask.java:192)
	at org.apache.ratis.server.impl.LeaderElection.waitForResults(LeaderElection.java:262)
	at org.apache.ratis.server.impl.LeaderElection.askForVotes(LeaderElection.java:200)
	at org.apache.ratis.server.impl.LeaderElection.run(LeaderElection.java:130)
	at java.lang.Thread.run(Thread.java:748)
Caused by: org.apache.ratis.thirdparty.io.grpc.StatusRuntimeException: UNAVAILABLE: io exception
	at org.apache.ratis.thirdparty.io.grpc.stub.ClientCalls.toStatusRuntimeException(ClientCalls.java:233)
	at org.apache.ratis.thirdparty.io.grpc.stub.ClientCalls.getUnchecked(ClientCalls.java:214)
	at org.apache.ratis.thirdparty.io.grpc.stub.ClientCalls.blockingUnaryCall(ClientCalls.java:139)
	at org.apache.ratis.proto.grpc.RaftServerProtocolServiceGrpc$RaftServerProtocolServiceBlockingStub.requestVote(RaftServerProtocolServiceGrpc.java:265)
	at org.apache.ratis.grpc.server.GrpcServerProtocolClient.requestVote(GrpcServerProtocolClient.java:83)
	at org.apache.ratis.grpc.server.GrpcService.requestVote(GrpcService.java:195)
	at org.apache.ratis.server.impl.LeaderElection.lambda$submitRequests$1(LeaderElection.java:237)
	at java.util.concurrent.FutureTask.run(FutureTask.java:266)
	at java.util.concurrent.Executors$RunnableAdapter.call(Executors.java:511)
	at java.util.concurrent.FutureTask.run(FutureTask.java:266)
	at java.util.concurrent.ThreadPoolExecutor.runWorker(ThreadPoolExecutor.java:1149)
	at java.util.concurrent.ThreadPoolExecutor$Worker.run(ThreadPoolExecutor.java:624)
	... 1 more
Caused by: org.apache.ratis.thirdparty.io.netty.channel.AbstractChannel$AnnotatedConnectException: Connection refused: /192.168.5.166:44417
	at sun.nio.ch.SocketChannelImpl.checkConnect(Native Method)
	at sun.nio.ch.SocketChannelImpl.finishConnect(SocketChannelImpl.java:717)
	at org.apache.ratis.thirdparty.io.netty.channel.socket.nio.NioSocketChannel.doFinishConnect(NioSocketChannel.java:327)
	at org.apache.ratis.thirdparty.io.netty.channel.nio.AbstractNioChannel$AbstractNioUnsafe.finishConnect(AbstractNioChannel.java:340)
	at org.apache.ratis.thirdparty.io.netty.channel.nio.NioEventLoop.processSelectedKey(NioEventLoop.java:632)
	at org.apache.ratis.thirdparty.io.netty.channel.nio.NioEventLoop.processSelectedKeysOptimized(NioEventLoop.java:579)
	at org.apache.ratis.thirdparty.io.netty.channel.nio.NioEventLoop.processSelectedKeys(NioEventLoop.java:496)
	at org.apache.ratis.thirdparty.io.netty.channel.nio.NioEventLoop.run(NioEventLoop.java:458)
	at org.apache.ratis.thirdparty.io.netty.util.concurrent.SingleThreadEventExecutor$5.run(SingleThreadEventExecutor.java:897)
	at org.apache.ratis.thirdparty.io.netty.util.concurrent.FastThreadLocalRunnable.run(FastThreadLocalRunnable.java:30)
	... 1 more
Caused by: java.net.ConnectException: Connection refused
	... 11 more
2019-08-29 11:55:40,947 [eec05b1d-f4e8-4418-a60c-420e12deef9f:group-A160427A8A7F:LeaderElection59] INFO  impl.LeaderElection (LogUtils.java:infoOrTrace(149)) -   Exception 1: {}
java.util.concurrent.ExecutionException: org.apache.ratis.thirdparty.io.grpc.StatusRuntimeException: UNAVAILABLE: io exception
	at java.util.concurrent.FutureTask.report(FutureTask.java:122)
	at java.util.concurrent.FutureTask.get(FutureTask.java:192)
	at org.apache.ratis.server.impl.LeaderElection.waitForResults(LeaderElection.java:262)
	at org.apache.ratis.server.impl.LeaderElection.askForVotes(LeaderElection.java:200)
	at org.apache.ratis.server.impl.LeaderElection.run(LeaderElection.java:130)
	at java.lang.Thread.run(Thread.java:748)
Caused by: org.apache.ratis.thirdparty.io.grpc.StatusRuntimeException: UNAVAILABLE: io exception
	at org.apache.ratis.thirdparty.io.grpc.stub.ClientCalls.toStatusRuntimeException(ClientCalls.java:233)
	at org.apache.ratis.thirdparty.io.grpc.stub.ClientCalls.getUnchecked(ClientCalls.java:214)
	at org.apache.ratis.thirdparty.io.grpc.stub.ClientCalls.blockingUnaryCall(ClientCalls.java:139)
	at org.apache.ratis.proto.grpc.RaftServerProtocolServiceGrpc$RaftServerProtocolServiceBlockingStub.requestVote(RaftServerProtocolServiceGrpc.java:265)
	at org.apache.ratis.grpc.server.GrpcServerProtocolClient.requestVote(GrpcServerProtocolClient.java:83)
	at org.apache.ratis.grpc.server.GrpcService.requestVote(GrpcService.java:195)
	at org.apache.ratis.server.impl.LeaderElection.lambda$submitRequests$1(LeaderElection.java:237)
	at java.util.concurrent.FutureTask.run(FutureTask.java:266)
	at java.util.concurrent.Executors$RunnableAdapter.call(Executors.java:511)
	at java.util.concurrent.FutureTask.run(FutureTask.java:266)
	at java.util.concurrent.ThreadPoolExecutor.runWorker(ThreadPoolExecutor.java:1149)
	at java.util.concurrent.ThreadPoolExecutor$Worker.run(ThreadPoolExecutor.java:624)
	... 1 more
Caused by: org.apache.ratis.thirdparty.io.netty.channel.AbstractChannel$AnnotatedConnectException: Connection refused: /192.168.5.166:36331
	at sun.nio.ch.SocketChannelImpl.checkConnect(Native Method)
	at sun.nio.ch.SocketChannelImpl.finishConnect(SocketChannelImpl.java:717)
	at org.apache.ratis.thirdparty.io.netty.channel.socket.nio.NioSocketChannel.doFinishConnect(NioSocketChannel.java:327)
	at org.apache.ratis.thirdparty.io.netty.channel.nio.AbstractNioChannel$AbstractNioUnsafe.finishConnect(AbstractNioChannel.java:340)
	at org.apache.ratis.thirdparty.io.netty.channel.nio.NioEventLoop.processSelectedKey(NioEventLoop.java:632)
	at org.apache.ratis.thirdparty.io.netty.channel.nio.NioEventLoop.processSelectedKeysOptimized(NioEventLoop.java:579)
	at org.apache.ratis.thirdparty.io.netty.channel.nio.NioEventLoop.processSelectedKeys(NioEventLoop.java:496)
	at org.apache.ratis.thirdparty.io.netty.channel.nio.NioEventLoop.run(NioEventLoop.java:458)
	at org.apache.ratis.thirdparty.io.netty.util.concurrent.SingleThreadEventExecutor$5.run(SingleThreadEventExecutor.java:897)
	at org.apache.ratis.thirdparty.io.netty.util.concurrent.FastThreadLocalRunnable.run(FastThreadLocalRunnable.java:30)
	... 1 more
Caused by: java.net.ConnectException: Connection refused
	... 11 more
2019-08-29 11:55:40,948 [eec05b1d-f4e8-4418-a60c-420e12deef9f:group-A160427A8A7F:LeaderElection59] INFO  impl.RaftServerImpl (RaftServerImpl.java:setRole(171)) - eec05b1d-f4e8-4418-a60c-420e12deef9f:group-A160427A8A7F changes role from CANDIDATE to FOLLOWER at term 7 for DISCOVERED_A_NEW_TERM
2019-08-29 11:55:40,948 [eec05b1d-f4e8-4418-a60c-420e12deef9f:group-A160427A8A7F:LeaderElection59] INFO  impl.RoleInfo (RoleInfo.java:shutdownLeaderElection(134)) - eec05b1d-f4e8-4418-a60c-420e12deef9f: shutdown LeaderElection
2019-08-29 11:55:40,948 [eec05b1d-f4e8-4418-a60c-420e12deef9f:group-A160427A8A7F:LeaderElection59] INFO  impl.RoleInfo (RoleInfo.java:updateAndGet(143)) - eec05b1d-f4e8-4418-a60c-420e12deef9f: start FollowerState
2019-08-29 11:55:40,963 [grpc-default-executor-1] WARN  server.GrpcLogAppender (LogUtils.java:warn(134)) - 07dabde0-c17e-46ed-9a55-144838a04ea2->4a332945-53dc-4c0b-b910-cfaf195ac63d: Failed appendEntries: org.apache.ratis.thirdparty.io.grpc.StatusRuntimeException: UNAVAILABLE: io exception
2019-08-29 11:55:40,964 [grpc-default-executor-1] INFO  impl.FollowerInfo (FollowerInfo.java:lambda$new$0(50)) - 07dabde0-c17e-46ed-9a55-144838a04ea2->4a332945-53dc-4c0b-b910-cfaf195ac63d: nextIndex: updateUnconditionally 0 -> 0
2019-08-29 11:55:40,980 [grpc-default-executor-1] WARN  server.GrpcLogAppender (LogUtils.java:warn(134)) - 07dabde0-c17e-46ed-9a55-144838a04ea2->bd7d2b3e-70a9-4c18-9e48-3057ca72b747: Failed appendEntries: org.apache.ratis.thirdparty.io.grpc.StatusRuntimeException: UNAVAILABLE: io exception
2019-08-29 11:55:40,982 [grpc-default-executor-1] INFO  impl.FollowerInfo (FollowerInfo.java:lambda$new$0(50)) - 07dabde0-c17e-46ed-9a55-144838a04ea2->bd7d2b3e-70a9-4c18-9e48-3057ca72b747: nextIndex: updateUnconditionally 0 -> 0
2019-08-29 11:55:41,125 | INFO  | SCMAudit | user=jenkins1000 | ip=192.168.5.166 | op=SEND_HEARTBEAT {datanodeUUID=42efee89-99fa-4c75-b2bf-b3a1b636c7a3, command=[]} | ret=SUCCESS |  
2019-08-29 11:55:41,437 [grpc-default-executor-0] WARN  server.GrpcLogAppender (LogUtils.java:warn(134)) - 42efee89-99fa-4c75-b2bf-b3a1b636c7a3->b34bc477-f594-4894-b3be-a6d4c994fd70: Failed appendEntries: org.apache.ratis.thirdparty.io.grpc.StatusRuntimeException: UNAVAILABLE: io exception
2019-08-29 11:55:41,439 [grpc-default-executor-0] INFO  impl.FollowerInfo (FollowerInfo.java:lambda$new$0(50)) - 42efee89-99fa-4c75-b2bf-b3a1b636c7a3->b34bc477-f594-4894-b3be-a6d4c994fd70: nextIndex: updateUnconditionally 0 -> 0
2019-08-29 11:55:41,464 [grpc-default-executor-2] WARN  server.GrpcLogAppender (LogUtils.java:warn(134)) - 07dabde0-c17e-46ed-9a55-144838a04ea2->4a332945-53dc-4c0b-b910-cfaf195ac63d: Failed appendEntries: org.apache.ratis.thirdparty.io.grpc.StatusRuntimeException: UNAVAILABLE: io exception
2019-08-29 11:55:41,466 [grpc-default-executor-2] INFO  impl.FollowerInfo (FollowerInfo.java:lambda$new$0(50)) - 07dabde0-c17e-46ed-9a55-144838a04ea2->4a332945-53dc-4c0b-b910-cfaf195ac63d: nextIndex: updateUnconditionally 0 -> 0
2019-08-29 11:55:41,482 [grpc-default-executor-2] WARN  server.GrpcLogAppender (LogUtils.java:warn(134)) - 07dabde0-c17e-46ed-9a55-144838a04ea2->bd7d2b3e-70a9-4c18-9e48-3057ca72b747: Failed appendEntries: org.apache.ratis.thirdparty.io.grpc.StatusRuntimeException: UNAVAILABLE: io exception
2019-08-29 11:55:41,484 [grpc-default-executor-2] INFO  impl.FollowerInfo (FollowerInfo.java:lambda$new$0(50)) - 07dabde0-c17e-46ed-9a55-144838a04ea2->bd7d2b3e-70a9-4c18-9e48-3057ca72b747: nextIndex: updateUnconditionally 0 -> 0
2019-08-29 11:55:41,855 | INFO  | SCMAudit | user=jenkins1000 | ip=192.168.5.166 | op=SEND_HEARTBEAT {datanodeUUID=07dabde0-c17e-46ed-9a55-144838a04ea2, command=[]} | ret=SUCCESS |  
2019-08-29 11:55:41,938 [grpc-default-executor-1] WARN  server.GrpcLogAppender (LogUtils.java:warn(134)) - 42efee89-99fa-4c75-b2bf-b3a1b636c7a3->b34bc477-f594-4894-b3be-a6d4c994fd70: Failed appendEntries: org.apache.ratis.thirdparty.io.grpc.StatusRuntimeException: UNAVAILABLE: io exception
2019-08-29 11:55:41,941 [grpc-default-executor-1] INFO  impl.FollowerInfo (FollowerInfo.java:lambda$new$0(50)) - 42efee89-99fa-4c75-b2bf-b3a1b636c7a3->b34bc477-f594-4894-b3be-a6d4c994fd70: nextIndex: updateUnconditionally 0 -> 0
2019-08-29 11:55:41,965 [grpc-default-executor-0] WARN  server.GrpcLogAppender (LogUtils.java:warn(134)) - 07dabde0-c17e-46ed-9a55-144838a04ea2->4a332945-53dc-4c0b-b910-cfaf195ac63d: Failed appendEntries: org.apache.ratis.thirdparty.io.grpc.StatusRuntimeException: UNAVAILABLE: io exception
2019-08-29 11:55:41,967 [grpc-default-executor-0] INFO  impl.FollowerInfo (FollowerInfo.java:lambda$new$0(50)) - 07dabde0-c17e-46ed-9a55-144838a04ea2->4a332945-53dc-4c0b-b910-cfaf195ac63d: nextIndex: updateUnconditionally 0 -> 0
2019-08-29 11:55:41,982 [grpc-default-executor-2] WARN  server.GrpcLogAppender (LogUtils.java:warn(134)) - 07dabde0-c17e-46ed-9a55-144838a04ea2->bd7d2b3e-70a9-4c18-9e48-3057ca72b747: Failed appendEntries: org.apache.ratis.thirdparty.io.grpc.StatusRuntimeException: UNAVAILABLE: io exception
2019-08-29 11:55:41,985 [grpc-default-executor-2] INFO  impl.FollowerInfo (FollowerInfo.java:lambda$new$0(50)) - 07dabde0-c17e-46ed-9a55-144838a04ea2->bd7d2b3e-70a9-4c18-9e48-3057ca72b747: nextIndex: updateUnconditionally 0 -> 0
2019-08-29 11:55:42,029 [Thread-1137] INFO  impl.FollowerState (FollowerState.java:run(106)) - eec05b1d-f4e8-4418-a60c-420e12deef9f:group-A160427A8A7F changes to CANDIDATE, lastRpcTime:1080, electionTimeout:1080ms
2019-08-29 11:55:42,029 [Thread-1137] INFO  impl.RoleInfo (RoleInfo.java:shutdownFollowerState(121)) - eec05b1d-f4e8-4418-a60c-420e12deef9f: shutdown FollowerState
2019-08-29 11:55:42,029 [Thread-1137] INFO  impl.RaftServerImpl (RaftServerImpl.java:setRole(171)) - eec05b1d-f4e8-4418-a60c-420e12deef9f:group-A160427A8A7F changes role from FOLLOWER to CANDIDATE at term 7 for changeToCandidate
2019-08-29 11:55:42,029 [Thread-1137] INFO  impl.RoleInfo (RoleInfo.java:updateAndGet(143)) - eec05b1d-f4e8-4418-a60c-420e12deef9f: start LeaderElection
2019-08-29 11:55:42,047 [eec05b1d-f4e8-4418-a60c-420e12deef9f:group-A160427A8A7F:LeaderElection60] INFO  impl.LeaderElection (LeaderElection.java:askForVotes(181)) - eec05b1d-f4e8-4418-a60c-420e12deef9f:group-A160427A8A7F:LeaderElection60: begin an election at term 8 for 0: [03953c42-7b85-4ce6-8578-61fc97f729cc:192.168.5.166:36331, 7c3dea4a-666f-498f-b3ec-37d2b2f2aea0:192.168.5.166:44417, eec05b1d-f4e8-4418-a60c-420e12deef9f:192.168.5.166:42328], old=null
2019-08-29 11:55:42,048 [eec05b1d-f4e8-4418-a60c-420e12deef9f:group-A160427A8A7F:LeaderElection60] INFO  impl.LeaderElection (LogUtils.java:infoOrTrace(149)) - eec05b1d-f4e8-4418-a60c-420e12deef9f:group-A160427A8A7F:LeaderElection60 got exception when requesting votes: {}
java.util.concurrent.ExecutionException: org.apache.ratis.thirdparty.io.grpc.StatusRuntimeException: UNAVAILABLE: io exception
	at java.util.concurrent.FutureTask.report(FutureTask.java:122)
	at java.util.concurrent.FutureTask.get(FutureTask.java:192)
	at org.apache.ratis.server.impl.LeaderElection.waitForResults(LeaderElection.java:262)
	at org.apache.ratis.server.impl.LeaderElection.askForVotes(LeaderElection.java:200)
	at org.apache.ratis.server.impl.LeaderElection.run(LeaderElection.java:130)
	at java.lang.Thread.run(Thread.java:748)
Caused by: org.apache.ratis.thirdparty.io.grpc.StatusRuntimeException: UNAVAILABLE: io exception
	at org.apache.ratis.thirdparty.io.grpc.stub.ClientCalls.toStatusRuntimeException(ClientCalls.java:233)
	at org.apache.ratis.thirdparty.io.grpc.stub.ClientCalls.getUnchecked(ClientCalls.java:214)
	at org.apache.ratis.thirdparty.io.grpc.stub.ClientCalls.blockingUnaryCall(ClientCalls.java:139)
	at org.apache.ratis.proto.grpc.RaftServerProtocolServiceGrpc$RaftServerProtocolServiceBlockingStub.requestVote(RaftServerProtocolServiceGrpc.java:265)
	at org.apache.ratis.grpc.server.GrpcServerProtocolClient.requestVote(GrpcServerProtocolClient.java:83)
	at org.apache.ratis.grpc.server.GrpcService.requestVote(GrpcService.java:195)
	at org.apache.ratis.server.impl.LeaderElection.lambda$submitRequests$1(LeaderElection.java:237)
	at java.util.concurrent.FutureTask.run(FutureTask.java:266)
	at java.util.concurrent.Executors$RunnableAdapter.call(Executors.java:511)
	at java.util.concurrent.FutureTask.run(FutureTask.java:266)
	at java.util.concurrent.ThreadPoolExecutor.runWorker(ThreadPoolExecutor.java:1149)
	at java.util.concurrent.ThreadPoolExecutor$Worker.run(ThreadPoolExecutor.java:624)
	... 1 more
Caused by: org.apache.ratis.thirdparty.io.netty.channel.AbstractChannel$AnnotatedConnectException: Connection refused: /192.168.5.166:44417
	at sun.nio.ch.SocketChannelImpl.checkConnect(Native Method)
	at sun.nio.ch.SocketChannelImpl.finishConnect(SocketChannelImpl.java:717)
	at org.apache.ratis.thirdparty.io.netty.channel.socket.nio.NioSocketChannel.doFinishConnect(NioSocketChannel.java:327)
	at org.apache.ratis.thirdparty.io.netty.channel.nio.AbstractNioChannel$AbstractNioUnsafe.finishConnect(AbstractNioChannel.java:340)
	at org.apache.ratis.thirdparty.io.netty.channel.nio.NioEventLoop.processSelectedKey(NioEventLoop.java:632)
	at org.apache.ratis.thirdparty.io.netty.channel.nio.NioEventLoop.processSelectedKeysOptimized(NioEventLoop.java:579)
	at org.apache.ratis.thirdparty.io.netty.channel.nio.NioEventLoop.processSelectedKeys(NioEventLoop.java:496)
	at org.apache.ratis.thirdparty.io.netty.channel.nio.NioEventLoop.run(NioEventLoop.java:458)
	at org.apache.ratis.thirdparty.io.netty.util.concurrent.SingleThreadEventExecutor$5.run(SingleThreadEventExecutor.java:897)
	at org.apache.ratis.thirdparty.io.netty.util.concurrent.FastThreadLocalRunnable.run(FastThreadLocalRunnable.java:30)
	... 1 more
Caused by: java.net.ConnectException: Connection refused
	... 11 more
2019-08-29 11:55:42,051 [eec05b1d-f4e8-4418-a60c-420e12deef9f:group-A160427A8A7F:LeaderElection60] INFO  impl.LeaderElection (LogUtils.java:infoOrTrace(149)) - eec05b1d-f4e8-4418-a60c-420e12deef9f:group-A160427A8A7F:LeaderElection60 got exception when requesting votes: {}
java.util.concurrent.ExecutionException: org.apache.ratis.thirdparty.io.grpc.StatusRuntimeException: UNAVAILABLE: io exception
	at java.util.concurrent.FutureTask.report(FutureTask.java:122)
	at java.util.concurrent.FutureTask.get(FutureTask.java:192)
	at org.apache.ratis.server.impl.LeaderElection.waitForResults(LeaderElection.java:262)
	at org.apache.ratis.server.impl.LeaderElection.askForVotes(LeaderElection.java:200)
	at org.apache.ratis.server.impl.LeaderElection.run(LeaderElection.java:130)
	at java.lang.Thread.run(Thread.java:748)
Caused by: org.apache.ratis.thirdparty.io.grpc.StatusRuntimeException: UNAVAILABLE: io exception
	at org.apache.ratis.thirdparty.io.grpc.stub.ClientCalls.toStatusRuntimeException(ClientCalls.java:233)
	at org.apache.ratis.thirdparty.io.grpc.stub.ClientCalls.getUnchecked(ClientCalls.java:214)
	at org.apache.ratis.thirdparty.io.grpc.stub.ClientCalls.blockingUnaryCall(ClientCalls.java:139)
	at org.apache.ratis.proto.grpc.RaftServerProtocolServiceGrpc$RaftServerProtocolServiceBlockingStub.requestVote(RaftServerProtocolServiceGrpc.java:265)
	at org.apache.ratis.grpc.server.GrpcServerProtocolClient.requestVote(GrpcServerProtocolClient.java:83)
	at org.apache.ratis.grpc.server.GrpcService.requestVote(GrpcService.java:195)
	at org.apache.ratis.server.impl.LeaderElection.lambda$submitRequests$1(LeaderElection.java:237)
	at java.util.concurrent.FutureTask.run(FutureTask.java:266)
	at java.util.concurrent.Executors$RunnableAdapter.call(Executors.java:511)
	at java.util.concurrent.FutureTask.run(FutureTask.java:266)
	at java.util.concurrent.ThreadPoolExecutor.runWorker(ThreadPoolExecutor.java:1149)
	at java.util.concurrent.ThreadPoolExecutor$Worker.run(ThreadPoolExecutor.java:624)
	... 1 more
Caused by: org.apache.ratis.thirdparty.io.netty.channel.AbstractChannel$AnnotatedConnectException: Connection refused: /192.168.5.166:36331
	at sun.nio.ch.SocketChannelImpl.checkConnect(Native Method)
	at sun.nio.ch.SocketChannelImpl.finishConnect(SocketChannelImpl.java:717)
	at org.apache.ratis.thirdparty.io.netty.channel.socket.nio.NioSocketChannel.doFinishConnect(NioSocketChannel.java:327)
	at org.apache.ratis.thirdparty.io.netty.channel.nio.AbstractNioChannel$AbstractNioUnsafe.finishConnect(AbstractNioChannel.java:340)
	at org.apache.ratis.thirdparty.io.netty.channel.nio.NioEventLoop.processSelectedKey(NioEventLoop.java:632)
	at org.apache.ratis.thirdparty.io.netty.channel.nio.NioEventLoop.processSelectedKeysOptimized(NioEventLoop.java:579)
	at org.apache.ratis.thirdparty.io.netty.channel.nio.NioEventLoop.processSelectedKeys(NioEventLoop.java:496)
	at org.apache.ratis.thirdparty.io.netty.channel.nio.NioEventLoop.run(NioEventLoop.java:458)
	at org.apache.ratis.thirdparty.io.netty.util.concurrent.SingleThreadEventExecutor$5.run(SingleThreadEventExecutor.java:897)
	at org.apache.ratis.thirdparty.io.netty.util.concurrent.FastThreadLocalRunnable.run(FastThreadLocalRunnable.java:30)
	... 1 more
Caused by: java.net.ConnectException: Connection refused
	... 11 more
2019-08-29 11:55:42,058 [eec05b1d-f4e8-4418-a60c-420e12deef9f:group-A160427A8A7F:LeaderElection60] INFO  impl.LeaderElection (LeaderElection.java:logAndReturn(56)) - eec05b1d-f4e8-4418-a60c-420e12deef9f:group-A160427A8A7F:LeaderElection60: Election REJECTED; received 0 response(s) [] and 2 exception(s); eec05b1d-f4e8-4418-a60c-420e12deef9f:t8, leader=null, voted=eec05b1d-f4e8-4418-a60c-420e12deef9f, raftlog=eec05b1d-f4e8-4418-a60c-420e12deef9f-SegmentedRaftLog:OPENED:c2,f2,i2, conf=0: [03953c42-7b85-4ce6-8578-61fc97f729cc:192.168.5.166:36331, 7c3dea4a-666f-498f-b3ec-37d2b2f2aea0:192.168.5.166:44417, eec05b1d-f4e8-4418-a60c-420e12deef9f:192.168.5.166:42328], old=null
2019-08-29 11:55:42,058 [eec05b1d-f4e8-4418-a60c-420e12deef9f:group-A160427A8A7F:LeaderElection60] INFO  impl.LeaderElection (LogUtils.java:infoOrTrace(149)) -   Exception 0: {}
java.util.concurrent.ExecutionException: org.apache.ratis.thirdparty.io.grpc.StatusRuntimeException: UNAVAILABLE: io exception
	at java.util.concurrent.FutureTask.report(FutureTask.java:122)
	at java.util.concurrent.FutureTask.get(FutureTask.java:192)
	at org.apache.ratis.server.impl.LeaderElection.waitForResults(LeaderElection.java:262)
	at org.apache.ratis.server.impl.LeaderElection.askForVotes(LeaderElection.java:200)
	at org.apache.ratis.server.impl.LeaderElection.run(LeaderElection.java:130)
	at java.lang.Thread.run(Thread.java:748)
Caused by: org.apache.ratis.thirdparty.io.grpc.StatusRuntimeException: UNAVAILABLE: io exception
	at org.apache.ratis.thirdparty.io.grpc.stub.ClientCalls.toStatusRuntimeException(ClientCalls.java:233)
	at org.apache.ratis.thirdparty.io.grpc.stub.ClientCalls.getUnchecked(ClientCalls.java:214)
	at org.apache.ratis.thirdparty.io.grpc.stub.ClientCalls.blockingUnaryCall(ClientCalls.java:139)
	at org.apache.ratis.proto.grpc.RaftServerProtocolServiceGrpc$RaftServerProtocolServiceBlockingStub.requestVote(RaftServerProtocolServiceGrpc.java:265)
	at org.apache.ratis.grpc.server.GrpcServerProtocolClient.requestVote(GrpcServerProtocolClient.java:83)
	at org.apache.ratis.grpc.server.GrpcService.requestVote(GrpcService.java:195)
	at org.apache.ratis.server.impl.LeaderElection.lambda$submitRequests$1(LeaderElection.java:237)
	at java.util.concurrent.FutureTask.run(FutureTask.java:266)
	at java.util.concurrent.Executors$RunnableAdapter.call(Executors.java:511)
	at java.util.concurrent.FutureTask.run(FutureTask.java:266)
	at java.util.concurrent.ThreadPoolExecutor.runWorker(ThreadPoolExecutor.java:1149)
	at java.util.concurrent.ThreadPoolExecutor$Worker.run(ThreadPoolExecutor.java:624)
	... 1 more
Caused by: org.apache.ratis.thirdparty.io.netty.channel.AbstractChannel$AnnotatedConnectException: Connection refused: /192.168.5.166:44417
	at sun.nio.ch.SocketChannelImpl.checkConnect(Native Method)
	at sun.nio.ch.SocketChannelImpl.finishConnect(SocketChannelImpl.java:717)
	at org.apache.ratis.thirdparty.io.netty.channel.socket.nio.NioSocketChannel.doFinishConnect(NioSocketChannel.java:327)
	at org.apache.ratis.thirdparty.io.netty.channel.nio.AbstractNioChannel$AbstractNioUnsafe.finishConnect(AbstractNioChannel.java:340)
	at org.apache.ratis.thirdparty.io.netty.channel.nio.NioEventLoop.processSelectedKey(NioEventLoop.java:632)
	at org.apache.ratis.thirdparty.io.netty.channel.nio.NioEventLoop.processSelectedKeysOptimized(NioEventLoop.java:579)
	at org.apache.ratis.thirdparty.io.netty.channel.nio.NioEventLoop.processSelectedKeys(NioEventLoop.java:496)
	at org.apache.ratis.thirdparty.io.netty.channel.nio.NioEventLoop.run(NioEventLoop.java:458)
	at org.apache.ratis.thirdparty.io.netty.util.concurrent.SingleThreadEventExecutor$5.run(SingleThreadEventExecutor.java:897)
	at org.apache.ratis.thirdparty.io.netty.util.concurrent.FastThreadLocalRunnable.run(FastThreadLocalRunnable.java:30)
	... 1 more
Caused by: java.net.ConnectException: Connection refused
	... 11 more
2019-08-29 11:55:42,059 [eec05b1d-f4e8-4418-a60c-420e12deef9f:group-A160427A8A7F:LeaderElection60] INFO  impl.LeaderElection (LogUtils.java:infoOrTrace(149)) -   Exception 1: {}
java.util.concurrent.ExecutionException: org.apache.ratis.thirdparty.io.grpc.StatusRuntimeException: UNAVAILABLE: io exception
	at java.util.concurrent.FutureTask.report(FutureTask.java:122)
	at java.util.concurrent.FutureTask.get(FutureTask.java:192)
	at org.apache.ratis.server.impl.LeaderElection.waitForResults(LeaderElection.java:262)
	at org.apache.ratis.server.impl.LeaderElection.askForVotes(LeaderElection.java:200)
	at org.apache.ratis.server.impl.LeaderElection.run(LeaderElection.java:130)
	at java.lang.Thread.run(Thread.java:748)
Caused by: org.apache.ratis.thirdparty.io.grpc.StatusRuntimeException: UNAVAILABLE: io exception
	at org.apache.ratis.thirdparty.io.grpc.stub.ClientCalls.toStatusRuntimeException(ClientCalls.java:233)
	at org.apache.ratis.thirdparty.io.grpc.stub.ClientCalls.getUnchecked(ClientCalls.java:214)
	at org.apache.ratis.thirdparty.io.grpc.stub.ClientCalls.blockingUnaryCall(ClientCalls.java:139)
	at org.apache.ratis.proto.grpc.RaftServerProtocolServiceGrpc$RaftServerProtocolServiceBlockingStub.requestVote(RaftServerProtocolServiceGrpc.java:265)
	at org.apache.ratis.grpc.server.GrpcServerProtocolClient.requestVote(GrpcServerProtocolClient.java:83)
	at org.apache.ratis.grpc.server.GrpcService.requestVote(GrpcService.java:195)
	at org.apache.ratis.server.impl.LeaderElection.lambda$submitRequests$1(LeaderElection.java:237)
	at java.util.concurrent.FutureTask.run(FutureTask.java:266)
	at java.util.concurrent.Executors$RunnableAdapter.call(Executors.java:511)
	at java.util.concurrent.FutureTask.run(FutureTask.java:266)
	at java.util.concurrent.ThreadPoolExecutor.runWorker(ThreadPoolExecutor.java:1149)
	at java.util.concurrent.ThreadPoolExecutor$Worker.run(ThreadPoolExecutor.java:624)
	... 1 more
Caused by: org.apache.ratis.thirdparty.io.netty.channel.AbstractChannel$AnnotatedConnectException: Connection refused: /192.168.5.166:36331
	at sun.nio.ch.SocketChannelImpl.checkConnect(Native Method)
	at sun.nio.ch.SocketChannelImpl.finishConnect(SocketChannelImpl.java:717)
	at org.apache.ratis.thirdparty.io.netty.channel.socket.nio.NioSocketChannel.doFinishConnect(NioSocketChannel.java:327)
	at org.apache.ratis.thirdparty.io.netty.channel.nio.AbstractNioChannel$AbstractNioUnsafe.finishConnect(AbstractNioChannel.java:340)
	at org.apache.ratis.thirdparty.io.netty.channel.nio.NioEventLoop.processSelectedKey(NioEventLoop.java:632)
	at org.apache.ratis.thirdparty.io.netty.channel.nio.NioEventLoop.processSelectedKeysOptimized(NioEventLoop.java:579)
	at org.apache.ratis.thirdparty.io.netty.channel.nio.NioEventLoop.processSelectedKeys(NioEventLoop.java:496)
	at org.apache.ratis.thirdparty.io.netty.channel.nio.NioEventLoop.run(NioEventLoop.java:458)
	at org.apache.ratis.thirdparty.io.netty.util.concurrent.SingleThreadEventExecutor$5.run(SingleThreadEventExecutor.java:897)
	at org.apache.ratis.thirdparty.io.netty.util.concurrent.FastThreadLocalRunnable.run(FastThreadLocalRunnable.java:30)
	... 1 more
Caused by: java.net.ConnectException: Connection refused
	... 11 more
2019-08-29 11:55:42,059 [eec05b1d-f4e8-4418-a60c-420e12deef9f:group-A160427A8A7F:LeaderElection60] INFO  impl.RaftServerImpl (RaftServerImpl.java:setRole(171)) - eec05b1d-f4e8-4418-a60c-420e12deef9f:group-A160427A8A7F changes role from CANDIDATE to FOLLOWER at term 8 for DISCOVERED_A_NEW_TERM
2019-08-29 11:55:42,059 [eec05b1d-f4e8-4418-a60c-420e12deef9f:group-A160427A8A7F:LeaderElection60] INFO  impl.RoleInfo (RoleInfo.java:shutdownLeaderElection(134)) - eec05b1d-f4e8-4418-a60c-420e12deef9f: shutdown LeaderElection
2019-08-29 11:55:42,059 [eec05b1d-f4e8-4418-a60c-420e12deef9f:group-A160427A8A7F:LeaderElection60] INFO  impl.RoleInfo (RoleInfo.java:updateAndGet(143)) - eec05b1d-f4e8-4418-a60c-420e12deef9f: start FollowerState
2019-08-29 11:55:42,124 | INFO  | SCMAudit | user=jenkins1000 | ip=192.168.5.166 | op=SEND_HEARTBEAT {datanodeUUID=42efee89-99fa-4c75-b2bf-b3a1b636c7a3, command=[]} | ret=SUCCESS |  
2019-08-29 11:55:42,439 [grpc-default-executor-2] WARN  server.GrpcLogAppender (LogUtils.java:warn(134)) - 42efee89-99fa-4c75-b2bf-b3a1b636c7a3->b34bc477-f594-4894-b3be-a6d4c994fd70: Failed appendEntries: org.apache.ratis.thirdparty.io.grpc.StatusRuntimeException: UNAVAILABLE: io exception
2019-08-29 11:55:42,441 [grpc-default-executor-2] INFO  impl.FollowerInfo (FollowerInfo.java:lambda$new$0(50)) - 42efee89-99fa-4c75-b2bf-b3a1b636c7a3->b34bc477-f594-4894-b3be-a6d4c994fd70: nextIndex: updateUnconditionally 0 -> 0
2019-08-29 11:55:42,465 [grpc-default-executor-2] WARN  server.GrpcLogAppender (LogUtils.java:warn(134)) - 07dabde0-c17e-46ed-9a55-144838a04ea2->4a332945-53dc-4c0b-b910-cfaf195ac63d: Failed appendEntries: org.apache.ratis.thirdparty.io.grpc.StatusRuntimeException: UNAVAILABLE: io exception
2019-08-29 11:55:42,468 [grpc-default-executor-2] INFO  impl.FollowerInfo (FollowerInfo.java:lambda$new$0(50)) - 07dabde0-c17e-46ed-9a55-144838a04ea2->4a332945-53dc-4c0b-b910-cfaf195ac63d: nextIndex: updateUnconditionally 0 -> 0
2019-08-29 11:55:42,483 [grpc-default-executor-1] WARN  server.GrpcLogAppender (LogUtils.java:warn(134)) - 07dabde0-c17e-46ed-9a55-144838a04ea2->bd7d2b3e-70a9-4c18-9e48-3057ca72b747: Failed appendEntries: org.apache.ratis.thirdparty.io.grpc.StatusRuntimeException: UNAVAILABLE: io exception
2019-08-29 11:55:42,486 [grpc-default-executor-1] INFO  impl.FollowerInfo (FollowerInfo.java:lambda$new$0(50)) - 07dabde0-c17e-46ed-9a55-144838a04ea2->bd7d2b3e-70a9-4c18-9e48-3057ca72b747: nextIndex: updateUnconditionally 0 -> 0
2019-08-29 11:55:42,856 | INFO  | SCMAudit | user=jenkins1000 | ip=192.168.5.166 | op=SEND_HEARTBEAT {datanodeUUID=07dabde0-c17e-46ed-9a55-144838a04ea2, command=[]} | ret=SUCCESS |  
2019-08-29 11:55:42,940 [grpc-default-executor-2] WARN  server.GrpcLogAppender (LogUtils.java:warn(134)) - 42efee89-99fa-4c75-b2bf-b3a1b636c7a3->b34bc477-f594-4894-b3be-a6d4c994fd70: Failed appendEntries: org.apache.ratis.thirdparty.io.grpc.StatusRuntimeException: UNAVAILABLE: io exception
2019-08-29 11:55:42,946 [grpc-default-executor-2] INFO  impl.FollowerInfo (FollowerInfo.java:lambda$new$0(50)) - 42efee89-99fa-4c75-b2bf-b3a1b636c7a3->b34bc477-f594-4894-b3be-a6d4c994fd70: nextIndex: updateUnconditionally 0 -> 0
2019-08-29 11:55:42,966 [grpc-default-executor-0] WARN  server.GrpcLogAppender (LogUtils.java:warn(134)) - 07dabde0-c17e-46ed-9a55-144838a04ea2->4a332945-53dc-4c0b-b910-cfaf195ac63d: Failed appendEntries: org.apache.ratis.thirdparty.io.grpc.StatusRuntimeException: UNAVAILABLE: io exception
2019-08-29 11:55:42,967 [grpc-default-executor-0] INFO  impl.FollowerInfo (FollowerInfo.java:lambda$new$0(50)) - 07dabde0-c17e-46ed-9a55-144838a04ea2->4a332945-53dc-4c0b-b910-cfaf195ac63d: nextIndex: updateUnconditionally 0 -> 0
2019-08-29 11:55:42,984 [grpc-default-executor-1] WARN  server.GrpcLogAppender (LogUtils.java:warn(134)) - 07dabde0-c17e-46ed-9a55-144838a04ea2->bd7d2b3e-70a9-4c18-9e48-3057ca72b747: Failed appendEntries: org.apache.ratis.thirdparty.io.grpc.StatusRuntimeException: UNAVAILABLE: io exception
2019-08-29 11:55:42,984 [grpc-default-executor-1] INFO  impl.FollowerInfo (FollowerInfo.java:lambda$new$0(50)) - 07dabde0-c17e-46ed-9a55-144838a04ea2->bd7d2b3e-70a9-4c18-9e48-3057ca72b747: nextIndex: updateUnconditionally 0 -> 0
2019-08-29 11:55:43,064 [Thread-1143] INFO  impl.FollowerState (FollowerState.java:run(106)) - eec05b1d-f4e8-4418-a60c-420e12deef9f:group-A160427A8A7F changes to CANDIDATE, lastRpcTime:1004, electionTimeout:1004ms
2019-08-29 11:55:43,064 [Thread-1143] INFO  impl.RoleInfo (RoleInfo.java:shutdownFollowerState(121)) - eec05b1d-f4e8-4418-a60c-420e12deef9f: shutdown FollowerState
2019-08-29 11:55:43,064 [Thread-1143] INFO  impl.RaftServerImpl (RaftServerImpl.java:setRole(171)) - eec05b1d-f4e8-4418-a60c-420e12deef9f:group-A160427A8A7F changes role from FOLLOWER to CANDIDATE at term 8 for changeToCandidate
2019-08-29 11:55:43,065 [Thread-1143] INFO  impl.RoleInfo (RoleInfo.java:updateAndGet(143)) - eec05b1d-f4e8-4418-a60c-420e12deef9f: start LeaderElection
2019-08-29 11:55:43,100 [eec05b1d-f4e8-4418-a60c-420e12deef9f:group-A160427A8A7F:LeaderElection61] INFO  impl.LeaderElection (LeaderElection.java:askForVotes(181)) - eec05b1d-f4e8-4418-a60c-420e12deef9f:group-A160427A8A7F:LeaderElection61: begin an election at term 9 for 0: [03953c42-7b85-4ce6-8578-61fc97f729cc:192.168.5.166:36331, 7c3dea4a-666f-498f-b3ec-37d2b2f2aea0:192.168.5.166:44417, eec05b1d-f4e8-4418-a60c-420e12deef9f:192.168.5.166:42328], old=null
2019-08-29 11:55:43,101 [eec05b1d-f4e8-4418-a60c-420e12deef9f:group-A160427A8A7F:LeaderElection61] INFO  impl.LeaderElection (LogUtils.java:infoOrTrace(149)) - eec05b1d-f4e8-4418-a60c-420e12deef9f:group-A160427A8A7F:LeaderElection61 got exception when requesting votes: {}
java.util.concurrent.ExecutionException: org.apache.ratis.thirdparty.io.grpc.StatusRuntimeException: UNAVAILABLE: io exception
	at java.util.concurrent.FutureTask.report(FutureTask.java:122)
	at java.util.concurrent.FutureTask.get(FutureTask.java:192)
	at org.apache.ratis.server.impl.LeaderElection.waitForResults(LeaderElection.java:262)
	at org.apache.ratis.server.impl.LeaderElection.askForVotes(LeaderElection.java:200)
	at org.apache.ratis.server.impl.LeaderElection.run(LeaderElection.java:130)
	at java.lang.Thread.run(Thread.java:748)
Caused by: org.apache.ratis.thirdparty.io.grpc.StatusRuntimeException: UNAVAILABLE: io exception
	at org.apache.ratis.thirdparty.io.grpc.stub.ClientCalls.toStatusRuntimeException(ClientCalls.java:233)
	at org.apache.ratis.thirdparty.io.grpc.stub.ClientCalls.getUnchecked(ClientCalls.java:214)
	at org.apache.ratis.thirdparty.io.grpc.stub.ClientCalls.blockingUnaryCall(ClientCalls.java:139)
	at org.apache.ratis.proto.grpc.RaftServerProtocolServiceGrpc$RaftServerProtocolServiceBlockingStub.requestVote(RaftServerProtocolServiceGrpc.java:265)
	at org.apache.ratis.grpc.server.GrpcServerProtocolClient.requestVote(GrpcServerProtocolClient.java:83)
	at org.apache.ratis.grpc.server.GrpcService.requestVote(GrpcService.java:195)
	at org.apache.ratis.server.impl.LeaderElection.lambda$submitRequests$1(LeaderElection.java:237)
	at java.util.concurrent.FutureTask.run(FutureTask.java:266)
	at java.util.concurrent.Executors$RunnableAdapter.call(Executors.java:511)
	at java.util.concurrent.FutureTask.run(FutureTask.java:266)
	at java.util.concurrent.ThreadPoolExecutor.runWorker(ThreadPoolExecutor.java:1149)
	at java.util.concurrent.ThreadPoolExecutor$Worker.run(ThreadPoolExecutor.java:624)
	... 1 more
Caused by: org.apache.ratis.thirdparty.io.netty.channel.AbstractChannel$AnnotatedConnectException: Connection refused: /192.168.5.166:44417
	at sun.nio.ch.SocketChannelImpl.checkConnect(Native Method)
	at sun.nio.ch.SocketChannelImpl.finishConnect(SocketChannelImpl.java:717)
	at org.apache.ratis.thirdparty.io.netty.channel.socket.nio.NioSocketChannel.doFinishConnect(NioSocketChannel.java:327)
	at org.apache.ratis.thirdparty.io.netty.channel.nio.AbstractNioChannel$AbstractNioUnsafe.finishConnect(AbstractNioChannel.java:340)
	at org.apache.ratis.thirdparty.io.netty.channel.nio.NioEventLoop.processSelectedKey(NioEventLoop.java:632)
	at org.apache.ratis.thirdparty.io.netty.channel.nio.NioEventLoop.processSelectedKeysOptimized(NioEventLoop.java:579)
	at org.apache.ratis.thirdparty.io.netty.channel.nio.NioEventLoop.processSelectedKeys(NioEventLoop.java:496)
	at org.apache.ratis.thirdparty.io.netty.channel.nio.NioEventLoop.run(NioEventLoop.java:458)
	at org.apache.ratis.thirdparty.io.netty.util.concurrent.SingleThreadEventExecutor$5.run(SingleThreadEventExecutor.java:897)
	at org.apache.ratis.thirdparty.io.netty.util.concurrent.FastThreadLocalRunnable.run(FastThreadLocalRunnable.java:30)
	... 1 more
Caused by: java.net.ConnectException: Connection refused
	... 11 more
2019-08-29 11:55:43,110 [eec05b1d-f4e8-4418-a60c-420e12deef9f:group-A160427A8A7F:LeaderElection61] INFO  impl.LeaderElection (LogUtils.java:infoOrTrace(149)) - eec05b1d-f4e8-4418-a60c-420e12deef9f:group-A160427A8A7F:LeaderElection61 got exception when requesting votes: {}
java.util.concurrent.ExecutionException: org.apache.ratis.thirdparty.io.grpc.StatusRuntimeException: UNAVAILABLE: io exception
	at java.util.concurrent.FutureTask.report(FutureTask.java:122)
	at java.util.concurrent.FutureTask.get(FutureTask.java:192)
	at org.apache.ratis.server.impl.LeaderElection.waitForResults(LeaderElection.java:262)
	at org.apache.ratis.server.impl.LeaderElection.askForVotes(LeaderElection.java:200)
	at org.apache.ratis.server.impl.LeaderElection.run(LeaderElection.java:130)
	at java.lang.Thread.run(Thread.java:748)
Caused by: org.apache.ratis.thirdparty.io.grpc.StatusRuntimeException: UNAVAILABLE: io exception
	at org.apache.ratis.thirdparty.io.grpc.stub.ClientCalls.toStatusRuntimeException(ClientCalls.java:233)
	at org.apache.ratis.thirdparty.io.grpc.stub.ClientCalls.getUnchecked(ClientCalls.java:214)
	at org.apache.ratis.thirdparty.io.grpc.stub.ClientCalls.blockingUnaryCall(ClientCalls.java:139)
	at org.apache.ratis.proto.grpc.RaftServerProtocolServiceGrpc$RaftServerProtocolServiceBlockingStub.requestVote(RaftServerProtocolServiceGrpc.java:265)
	at org.apache.ratis.grpc.server.GrpcServerProtocolClient.requestVote(GrpcServerProtocolClient.java:83)
	at org.apache.ratis.grpc.server.GrpcService.requestVote(GrpcService.java:195)
	at org.apache.ratis.server.impl.LeaderElection.lambda$submitRequests$1(LeaderElection.java:237)
	at java.util.concurrent.FutureTask.run(FutureTask.java:266)
	at java.util.concurrent.Executors$RunnableAdapter.call(Executors.java:511)
	at java.util.concurrent.FutureTask.run(FutureTask.java:266)
	at java.util.concurrent.ThreadPoolExecutor.runWorker(ThreadPoolExecutor.java:1149)
	at java.util.concurrent.ThreadPoolExecutor$Worker.run(ThreadPoolExecutor.java:624)
	... 1 more
Caused by: org.apache.ratis.thirdparty.io.netty.channel.AbstractChannel$AnnotatedConnectException: Connection refused: /192.168.5.166:36331
	at sun.nio.ch.SocketChannelImpl.checkConnect(Native Method)
	at sun.nio.ch.SocketChannelImpl.finishConnect(SocketChannelImpl.java:717)
	at org.apache.ratis.thirdparty.io.netty.channel.socket.nio.NioSocketChannel.doFinishConnect(NioSocketChannel.java:327)
	at org.apache.ratis.thirdparty.io.netty.channel.nio.AbstractNioChannel$AbstractNioUnsafe.finishConnect(AbstractNioChannel.java:340)
	at org.apache.ratis.thirdparty.io.netty.channel.nio.NioEventLoop.processSelectedKey(NioEventLoop.java:632)
	at org.apache.ratis.thirdparty.io.netty.channel.nio.NioEventLoop.processSelectedKeysOptimized(NioEventLoop.java:579)
	at org.apache.ratis.thirdparty.io.netty.channel.nio.NioEventLoop.processSelectedKeys(NioEventLoop.java:496)
	at org.apache.ratis.thirdparty.io.netty.channel.nio.NioEventLoop.run(NioEventLoop.java:458)
	at org.apache.ratis.thirdparty.io.netty.util.concurrent.SingleThreadEventExecutor$5.run(SingleThreadEventExecutor.java:897)
	at org.apache.ratis.thirdparty.io.netty.util.concurrent.FastThreadLocalRunnable.run(FastThreadLocalRunnable.java:30)
	... 1 more
Caused by: java.net.ConnectException: Connection refused
	... 11 more
2019-08-29 11:55:43,112 [eec05b1d-f4e8-4418-a60c-420e12deef9f:group-A160427A8A7F:LeaderElection61] INFO  impl.LeaderElection (LeaderElection.java:logAndReturn(56)) - eec05b1d-f4e8-4418-a60c-420e12deef9f:group-A160427A8A7F:LeaderElection61: Election REJECTED; received 0 response(s) [] and 2 exception(s); eec05b1d-f4e8-4418-a60c-420e12deef9f:t9, leader=null, voted=eec05b1d-f4e8-4418-a60c-420e12deef9f, raftlog=eec05b1d-f4e8-4418-a60c-420e12deef9f-SegmentedRaftLog:OPENED:c2,f2,i2, conf=0: [03953c42-7b85-4ce6-8578-61fc97f729cc:192.168.5.166:36331, 7c3dea4a-666f-498f-b3ec-37d2b2f2aea0:192.168.5.166:44417, eec05b1d-f4e8-4418-a60c-420e12deef9f:192.168.5.166:42328], old=null
2019-08-29 11:55:43,112 [eec05b1d-f4e8-4418-a60c-420e12deef9f:group-A160427A8A7F:LeaderElection61] INFO  impl.LeaderElection (LogUtils.java:infoOrTrace(149)) -   Exception 0: {}
java.util.concurrent.ExecutionException: org.apache.ratis.thirdparty.io.grpc.StatusRuntimeException: UNAVAILABLE: io exception
	at java.util.concurrent.FutureTask.report(FutureTask.java:122)
	at java.util.concurrent.FutureTask.get(FutureTask.java:192)
	at org.apache.ratis.server.impl.LeaderElection.waitForResults(LeaderElection.java:262)
	at org.apache.ratis.server.impl.LeaderElection.askForVotes(LeaderElection.java:200)
	at org.apache.ratis.server.impl.LeaderElection.run(LeaderElection.java:130)
	at java.lang.Thread.run(Thread.java:748)
Caused by: org.apache.ratis.thirdparty.io.grpc.StatusRuntimeException: UNAVAILABLE: io exception
	at org.apache.ratis.thirdparty.io.grpc.stub.ClientCalls.toStatusRuntimeException(ClientCalls.java:233)
	at org.apache.ratis.thirdparty.io.grpc.stub.ClientCalls.getUnchecked(ClientCalls.java:214)
	at org.apache.ratis.thirdparty.io.grpc.stub.ClientCalls.blockingUnaryCall(ClientCalls.java:139)
	at org.apache.ratis.proto.grpc.RaftServerProtocolServiceGrpc$RaftServerProtocolServiceBlockingStub.requestVote(RaftServerProtocolServiceGrpc.java:265)
	at org.apache.ratis.grpc.server.GrpcServerProtocolClient.requestVote(GrpcServerProtocolClient.java:83)
	at org.apache.ratis.grpc.server.GrpcService.requestVote(GrpcService.java:195)
	at org.apache.ratis.server.impl.LeaderElection.lambda$submitRequests$1(LeaderElection.java:237)
	at java.util.concurrent.FutureTask.run(FutureTask.java:266)
	at java.util.concurrent.Executors$RunnableAdapter.call(Executors.java:511)
	at java.util.concurrent.FutureTask.run(FutureTask.java:266)
	at java.util.concurrent.ThreadPoolExecutor.runWorker(ThreadPoolExecutor.java:1149)
	at java.util.concurrent.ThreadPoolExecutor$Worker.run(ThreadPoolExecutor.java:624)
	... 1 more
Caused by: org.apache.ratis.thirdparty.io.netty.channel.AbstractChannel$AnnotatedConnectException: Connection refused: /192.168.5.166:44417
	at sun.nio.ch.SocketChannelImpl.checkConnect(Native Method)
	at sun.nio.ch.SocketChannelImpl.finishConnect(SocketChannelImpl.java:717)
	at org.apache.ratis.thirdparty.io.netty.channel.socket.nio.NioSocketChannel.doFinishConnect(NioSocketChannel.java:327)
	at org.apache.ratis.thirdparty.io.netty.channel.nio.AbstractNioChannel$AbstractNioUnsafe.finishConnect(AbstractNioChannel.java:340)
	at org.apache.ratis.thirdparty.io.netty.channel.nio.NioEventLoop.processSelectedKey(NioEventLoop.java:632)
	at org.apache.ratis.thirdparty.io.netty.channel.nio.NioEventLoop.processSelectedKeysOptimized(NioEventLoop.java:579)
	at org.apache.ratis.thirdparty.io.netty.channel.nio.NioEventLoop.processSelectedKeys(NioEventLoop.java:496)
	at org.apache.ratis.thirdparty.io.netty.channel.nio.NioEventLoop.run(NioEventLoop.java:458)
	at org.apache.ratis.thirdparty.io.netty.util.concurrent.SingleThreadEventExecutor$5.run(SingleThreadEventExecutor.java:897)
	at org.apache.ratis.thirdparty.io.netty.util.concurrent.FastThreadLocalRunnable.run(FastThreadLocalRunnable.java:30)
	... 1 more
Caused by: java.net.ConnectException: Connection refused
	... 11 more
2019-08-29 11:55:43,113 [eec05b1d-f4e8-4418-a60c-420e12deef9f:group-A160427A8A7F:LeaderElection61] INFO  impl.LeaderElection (LogUtils.java:infoOrTrace(149)) -   Exception 1: {}
java.util.concurrent.ExecutionException: org.apache.ratis.thirdparty.io.grpc.StatusRuntimeException: UNAVAILABLE: io exception
	at java.util.concurrent.FutureTask.report(FutureTask.java:122)
	at java.util.concurrent.FutureTask.get(FutureTask.java:192)
	at org.apache.ratis.server.impl.LeaderElection.waitForResults(LeaderElection.java:262)
	at org.apache.ratis.server.impl.LeaderElection.askForVotes(LeaderElection.java:200)
	at org.apache.ratis.server.impl.LeaderElection.run(LeaderElection.java:130)
	at java.lang.Thread.run(Thread.java:748)
Caused by: org.apache.ratis.thirdparty.io.grpc.StatusRuntimeException: UNAVAILABLE: io exception
	at org.apache.ratis.thirdparty.io.grpc.stub.ClientCalls.toStatusRuntimeException(ClientCalls.java:233)
	at org.apache.ratis.thirdparty.io.grpc.stub.ClientCalls.getUnchecked(ClientCalls.java:214)
	at org.apache.ratis.thirdparty.io.grpc.stub.ClientCalls.blockingUnaryCall(ClientCalls.java:139)
	at org.apache.ratis.proto.grpc.RaftServerProtocolServiceGrpc$RaftServerProtocolServiceBlockingStub.requestVote(RaftServerProtocolServiceGrpc.java:265)
	at org.apache.ratis.grpc.server.GrpcServerProtocolClient.requestVote(GrpcServerProtocolClient.java:83)
	at org.apache.ratis.grpc.server.GrpcService.requestVote(GrpcService.java:195)
	at org.apache.ratis.server.impl.LeaderElection.lambda$submitRequests$1(LeaderElection.java:237)
	at java.util.concurrent.FutureTask.run(FutureTask.java:266)
	at java.util.concurrent.Executors$RunnableAdapter.call(Executors.java:511)
	at java.util.concurrent.FutureTask.run(FutureTask.java:266)
	at java.util.concurrent.ThreadPoolExecutor.runWorker(ThreadPoolExecutor.java:1149)
	at java.util.concurrent.ThreadPoolExecutor$Worker.run(ThreadPoolExecutor.java:624)
	... 1 more
Caused by: org.apache.ratis.thirdparty.io.netty.channel.AbstractChannel$AnnotatedConnectException: Connection refused: /192.168.5.166:36331
	at sun.nio.ch.SocketChannelImpl.checkConnect(Native Method)
	at sun.nio.ch.SocketChannelImpl.finishConnect(SocketChannelImpl.java:717)
	at org.apache.ratis.thirdparty.io.netty.channel.socket.nio.NioSocketChannel.doFinishConnect(NioSocketChannel.java:327)
	at org.apache.ratis.thirdparty.io.netty.channel.nio.AbstractNioChannel$AbstractNioUnsafe.finishConnect(AbstractNioChannel.java:340)
	at org.apache.ratis.thirdparty.io.netty.channel.nio.NioEventLoop.processSelectedKey(NioEventLoop.java:632)
	at org.apache.ratis.thirdparty.io.netty.channel.nio.NioEventLoop.processSelectedKeysOptimized(NioEventLoop.java:579)
	at org.apache.ratis.thirdparty.io.netty.channel.nio.NioEventLoop.processSelectedKeys(NioEventLoop.java:496)
	at org.apache.ratis.thirdparty.io.netty.channel.nio.NioEventLoop.run(NioEventLoop.java:458)
	at org.apache.ratis.thirdparty.io.netty.util.concurrent.SingleThreadEventExecutor$5.run(SingleThreadEventExecutor.java:897)
	at org.apache.ratis.thirdparty.io.netty.util.concurrent.FastThreadLocalRunnable.run(FastThreadLocalRunnable.java:30)
	... 1 more
Caused by: java.net.ConnectException: Connection refused
	... 11 more
2019-08-29 11:55:43,113 [eec05b1d-f4e8-4418-a60c-420e12deef9f:group-A160427A8A7F:LeaderElection61] INFO  impl.RaftServerImpl (RaftServerImpl.java:setRole(171)) - eec05b1d-f4e8-4418-a60c-420e12deef9f:group-A160427A8A7F changes role from CANDIDATE to FOLLOWER at term 9 for DISCOVERED_A_NEW_TERM
2019-08-29 11:55:43,114 [eec05b1d-f4e8-4418-a60c-420e12deef9f:group-A160427A8A7F:LeaderElection61] INFO  impl.RoleInfo (RoleInfo.java:shutdownLeaderElection(134)) - eec05b1d-f4e8-4418-a60c-420e12deef9f: shutdown LeaderElection
2019-08-29 11:55:43,114 [eec05b1d-f4e8-4418-a60c-420e12deef9f:group-A160427A8A7F:LeaderElection61] INFO  impl.RoleInfo (RoleInfo.java:updateAndGet(143)) - eec05b1d-f4e8-4418-a60c-420e12deef9f: start FollowerState
2019-08-29 11:55:43,124 | INFO  | SCMAudit | user=jenkins1000 | ip=192.168.5.166 | op=SEND_HEARTBEAT {datanodeUUID=42efee89-99fa-4c75-b2bf-b3a1b636c7a3, command=[]} | ret=SUCCESS |  
2019-08-29 11:55:43,440 [grpc-default-executor-1] WARN  server.GrpcLogAppender (LogUtils.java:warn(134)) - 42efee89-99fa-4c75-b2bf-b3a1b636c7a3->b34bc477-f594-4894-b3be-a6d4c994fd70: Failed appendEntries: org.apache.ratis.thirdparty.io.grpc.StatusRuntimeException: UNAVAILABLE: io exception
2019-08-29 11:55:43,441 [grpc-default-executor-1] INFO  impl.FollowerInfo (FollowerInfo.java:lambda$new$0(50)) - 42efee89-99fa-4c75-b2bf-b3a1b636c7a3->b34bc477-f594-4894-b3be-a6d4c994fd70: nextIndex: updateUnconditionally 0 -> 0
2019-08-29 11:55:43,467 [grpc-default-executor-2] WARN  server.GrpcLogAppender (LogUtils.java:warn(134)) - 07dabde0-c17e-46ed-9a55-144838a04ea2->4a332945-53dc-4c0b-b910-cfaf195ac63d: Failed appendEntries: org.apache.ratis.thirdparty.io.grpc.StatusRuntimeException: UNAVAILABLE: io exception
2019-08-29 11:55:43,468 [grpc-default-executor-2] INFO  impl.FollowerInfo (FollowerInfo.java:lambda$new$0(50)) - 07dabde0-c17e-46ed-9a55-144838a04ea2->4a332945-53dc-4c0b-b910-cfaf195ac63d: nextIndex: updateUnconditionally 0 -> 0
2019-08-29 11:55:43,485 [grpc-default-executor-1] WARN  server.GrpcLogAppender (LogUtils.java:warn(134)) - 07dabde0-c17e-46ed-9a55-144838a04ea2->bd7d2b3e-70a9-4c18-9e48-3057ca72b747: Failed appendEntries: org.apache.ratis.thirdparty.io.grpc.StatusRuntimeException: UNAVAILABLE: io exception
2019-08-29 11:55:43,485 [grpc-default-executor-1] INFO  impl.FollowerInfo (FollowerInfo.java:lambda$new$0(50)) - 07dabde0-c17e-46ed-9a55-144838a04ea2->bd7d2b3e-70a9-4c18-9e48-3057ca72b747: nextIndex: updateUnconditionally 0 -> 0
2019-08-29 11:55:43,754 [ForkJoinPool.commonPool-worker-1] INFO  ozoneimpl.OzoneContainer (OzoneContainer.java:stop(199)) - Attempting to stop container services.
2019-08-29 11:55:43,755 [ForkJoinPool.commonPool-worker-1] INFO  impl.RaftServerProxy (RaftServerProxy.java:lambda$close$4(314)) - 920b05f1-a92b-459a-a000-361715d4ee3d: close
2019-08-29 11:55:43,755 [ForkJoinPool.commonPool-worker-1] INFO  impl.RaftServerImpl (RaftServerImpl.java:lambda$shutdown$3(245)) - 920b05f1-a92b-459a-a000-361715d4ee3d: shutdown group-2DD3C3757259
2019-08-29 11:55:43,755 [ForkJoinPool.commonPool-worker-1] INFO  util.JmxRegister (JmxRegister.java:unregister(73)) - Successfully un-registered JMX Bean with object name Ratis:service=RaftServer,group=group-2DD3C3757259,id=920b05f1-a92b-459a-a000-361715d4ee3d
2019-08-29 11:55:43,756 [ForkJoinPool.commonPool-worker-1] INFO  impl.RoleInfo (RoleInfo.java:shutdownFollowerState(121)) - 920b05f1-a92b-459a-a000-361715d4ee3d: shutdown FollowerState
2019-08-29 11:55:43,756 [ForkJoinPool.commonPool-worker-1] INFO  impl.StateMachineUpdater (StateMachineUpdater.java:stopAndJoin(115)) - StateMachineUpdater:920b05f1-a92b-459a-a000-361715d4ee3d:group-2DD3C3757259: set stopIndex = 2
2019-08-29 11:55:43,756 [Thread-416] INFO  impl.FollowerState (FollowerState.java:run(114)) - 920b05f1-a92b-459a-a000-361715d4ee3d: FollowerState was interrupted: java.lang.InterruptedException: sleep interrupted
2019-08-29 11:55:43,756 [StateMachineUpdater:920b05f1-a92b-459a-a000-361715d4ee3d:group-2DD3C3757259] INFO  ratis.ContainerStateMachine (ContainerStateMachine.java:takeSnapshot(283)) - group-2DD3C3757259: Taking a snapshot at:(t:2, i:1) file /workdir/hadoop-ozone/integration-test/target/test-dir/MiniOzoneClusterImpl-d5645d28-46c2-4d7d-99f2-1f02fc29b8b0/datanode-0/data/ratis/096fcd2b-786a-4a64-996f-2dd3c3757259/sm/snapshot.2_1
2019-08-29 11:55:43,787 [main] INFO  ozoneimpl.OzoneContainer (OzoneContainer.java:stop(199)) - Attempting to stop container services.
2019-08-29 11:55:43,788 [main] INFO  impl.RaftServerProxy (RaftServerProxy.java:lambda$close$4(314)) - eec05b1d-f4e8-4418-a60c-420e12deef9f: close
2019-08-29 11:55:43,788 [main] INFO  impl.RaftServerImpl (RaftServerImpl.java:lambda$shutdown$3(245)) - eec05b1d-f4e8-4418-a60c-420e12deef9f: shutdown group-A160427A8A7F
2019-08-29 11:55:43,788 [main] INFO  util.JmxRegister (JmxRegister.java:unregister(73)) - Successfully un-registered JMX Bean with object name Ratis:service=RaftServer,group=group-A160427A8A7F,id=eec05b1d-f4e8-4418-a60c-420e12deef9f
2019-08-29 11:55:43,788 [main] INFO  impl.RoleInfo (RoleInfo.java:shutdownFollowerState(121)) - eec05b1d-f4e8-4418-a60c-420e12deef9f: shutdown FollowerState
2019-08-29 11:55:43,789 [main] INFO  impl.StateMachineUpdater (StateMachineUpdater.java:stopAndJoin(115)) - StateMachineUpdater:eec05b1d-f4e8-4418-a60c-420e12deef9f:group-A160427A8A7F: set stopIndex = 2
2019-08-29 11:55:43,789 [StateMachineUpdater:eec05b1d-f4e8-4418-a60c-420e12deef9f:group-A160427A8A7F] INFO  ratis.ContainerStateMachine (ContainerStateMachine.java:takeSnapshot(283)) - group-A160427A8A7F: Taking a snapshot at:(t:1, i:1) file /workdir/hadoop-ozone/integration-test/target/test-dir/MiniOzoneClusterImpl-d5645d28-46c2-4d7d-99f2-1f02fc29b8b0/datanode-9/data/ratis/3e734320-d6b4-447e-b544-a160427a8a7f/sm/snapshot.1_1
2019-08-29 11:55:43,789 [Thread-1149] INFO  impl.FollowerState (FollowerState.java:run(114)) - eec05b1d-f4e8-4418-a60c-420e12deef9f: FollowerState was interrupted: java.lang.InterruptedException: sleep interrupted
2019-08-29 11:55:43,822 [StateMachineUpdater:920b05f1-a92b-459a-a000-361715d4ee3d:group-2DD3C3757259] INFO  ratis.ContainerStateMachine (ContainerStateMachine.java:takeSnapshot(294)) - group-2DD3C3757259: Finished taking a snapshot at:(t:2, i:1) file:/workdir/hadoop-ozone/integration-test/target/test-dir/MiniOzoneClusterImpl-d5645d28-46c2-4d7d-99f2-1f02fc29b8b0/datanode-0/data/ratis/096fcd2b-786a-4a64-996f-2dd3c3757259/sm/snapshot.2_1 time:66
2019-08-29 11:55:43,822 [StateMachineUpdater:eec05b1d-f4e8-4418-a60c-420e12deef9f:group-A160427A8A7F] INFO  ratis.ContainerStateMachine (ContainerStateMachine.java:takeSnapshot(294)) - group-A160427A8A7F: Finished taking a snapshot at:(t:1, i:1) file:/workdir/hadoop-ozone/integration-test/target/test-dir/MiniOzoneClusterImpl-d5645d28-46c2-4d7d-99f2-1f02fc29b8b0/datanode-9/data/ratis/3e734320-d6b4-447e-b544-a160427a8a7f/sm/snapshot.1_1 time:33
2019-08-29 11:55:43,822 [StateMachineUpdater:eec05b1d-f4e8-4418-a60c-420e12deef9f:group-A160427A8A7F] INFO  impl.StateMachineUpdater (StateMachineUpdater.java:takeSnapshot(242)) - StateMachineUpdater:eec05b1d-f4e8-4418-a60c-420e12deef9f:group-A160427A8A7F: Took a snapshot at index 1
2019-08-29 11:55:43,822 [StateMachineUpdater:920b05f1-a92b-459a-a000-361715d4ee3d:group-2DD3C3757259] INFO  impl.StateMachineUpdater (StateMachineUpdater.java:takeSnapshot(242)) - StateMachineUpdater:920b05f1-a92b-459a-a000-361715d4ee3d:group-2DD3C3757259: Took a snapshot at index 1
2019-08-29 11:55:43,822 [StateMachineUpdater:eec05b1d-f4e8-4418-a60c-420e12deef9f:group-A160427A8A7F] INFO  impl.StateMachineUpdater (StateMachineUpdater.java:lambda$new$0(80)) - StateMachineUpdater:eec05b1d-f4e8-4418-a60c-420e12deef9f:group-A160427A8A7F: snapshotIndex: updateIncreasingly -1 -> 1
2019-08-29 11:55:43,823 [StateMachineUpdater:920b05f1-a92b-459a-a000-361715d4ee3d:group-2DD3C3757259] INFO  impl.StateMachineUpdater (StateMachineUpdater.java:lambda$new$0(80)) - StateMachineUpdater:920b05f1-a92b-459a-a000-361715d4ee3d:group-2DD3C3757259: snapshotIndex: updateIncreasingly -1 -> 1
2019-08-29 11:55:43,823 [main] INFO  impl.RaftServerImpl (ServerState.java:close(394)) - eec05b1d-f4e8-4418-a60c-420e12deef9f:group-A160427A8A7F closes. The last applied log index is 2
2019-08-29 11:55:43,823 [ForkJoinPool.commonPool-worker-1] INFO  impl.RaftServerImpl (ServerState.java:close(394)) - 920b05f1-a92b-459a-a000-361715d4ee3d:group-2DD3C3757259 closes. The last applied log index is 2
2019-08-29 11:55:43,824 [eec05b1d-f4e8-4418-a60c-420e12deef9f-SegmentedRaftLogWorker:Storage Directory /workdir/hadoop-ozone/integration-test/target/test-dir/MiniOzoneClusterImpl-d5645d28-46c2-4d7d-99f2-1f02fc29b8b0/datanode-9/data/ratis/3e734320-d6b4-447e-b544-a160427a8a7f] INFO  segmented.SegmentedRaftLogWorker (SegmentedRaftLogWorker.java:run(313)) - eec05b1d-f4e8-4418-a60c-420e12deef9f-SegmentedRaftLogWorker:Storage Directory /workdir/hadoop-ozone/integration-test/target/test-dir/MiniOzoneClusterImpl-d5645d28-46c2-4d7d-99f2-1f02fc29b8b0/datanode-9/data/ratis/3e734320-d6b4-447e-b544-a160427a8a7f was interrupted, exiting. There are 0 tasks remaining in the queue.
2019-08-29 11:55:43,824 [920b05f1-a92b-459a-a000-361715d4ee3d-SegmentedRaftLogWorker:Storage Directory /workdir/hadoop-ozone/integration-test/target/test-dir/MiniOzoneClusterImpl-d5645d28-46c2-4d7d-99f2-1f02fc29b8b0/datanode-0/data/ratis/096fcd2b-786a-4a64-996f-2dd3c3757259] INFO  segmented.SegmentedRaftLogWorker (SegmentedRaftLogWorker.java:run(313)) - 920b05f1-a92b-459a-a000-361715d4ee3d-SegmentedRaftLogWorker:Storage Directory /workdir/hadoop-ozone/integration-test/target/test-dir/MiniOzoneClusterImpl-d5645d28-46c2-4d7d-99f2-1f02fc29b8b0/datanode-0/data/ratis/096fcd2b-786a-4a64-996f-2dd3c3757259 was interrupted, exiting. There are 0 tasks remaining in the queue.
2019-08-29 11:55:43,824 [main] INFO  segmented.SegmentedRaftLogWorker (SegmentedRaftLogWorker.java:close(228)) - eec05b1d-f4e8-4418-a60c-420e12deef9f-SegmentedRaftLogWorker:Storage Directory /workdir/hadoop-ozone/integration-test/target/test-dir/MiniOzoneClusterImpl-d5645d28-46c2-4d7d-99f2-1f02fc29b8b0/datanode-9/data/ratis/3e734320-d6b4-447e-b544-a160427a8a7f close()
2019-08-29 11:55:43,824 [ForkJoinPool.commonPool-worker-1] INFO  segmented.SegmentedRaftLogWorker (SegmentedRaftLogWorker.java:close(228)) - 920b05f1-a92b-459a-a000-361715d4ee3d-SegmentedRaftLogWorker:Storage Directory /workdir/hadoop-ozone/integration-test/target/test-dir/MiniOzoneClusterImpl-d5645d28-46c2-4d7d-99f2-1f02fc29b8b0/datanode-0/data/ratis/096fcd2b-786a-4a64-996f-2dd3c3757259 close()
2019-08-29 11:55:43,827 [main] INFO  impl.RaftServerImpl (RaftServerImpl.java:lambda$shutdown$3(245)) - eec05b1d-f4e8-4418-a60c-420e12deef9f: shutdown group-B5B936F5A539
2019-08-29 11:55:43,828 [ForkJoinPool.commonPool-worker-1] INFO  impl.RaftServerImpl (RaftServerImpl.java:lambda$shutdown$3(245)) - 920b05f1-a92b-459a-a000-361715d4ee3d: shutdown group-0DACE7A3AF8B
2019-08-29 11:55:43,829 [main] INFO  util.JmxRegister (JmxRegister.java:unregister(73)) - Successfully un-registered JMX Bean with object name Ratis:service=RaftServer,group=group-B5B936F5A539,id=eec05b1d-f4e8-4418-a60c-420e12deef9f
2019-08-29 11:55:43,829 [ForkJoinPool.commonPool-worker-1] INFO  util.JmxRegister (JmxRegister.java:unregister(73)) - Successfully un-registered JMX Bean with object name Ratis:service=RaftServer,group=group-0DACE7A3AF8B,id=920b05f1-a92b-459a-a000-361715d4ee3d
2019-08-29 11:55:43,830 [main] INFO  impl.RoleInfo (RoleInfo.java:shutdownLeaderState(104)) - eec05b1d-f4e8-4418-a60c-420e12deef9f: shutdown LeaderState
2019-08-29 11:55:43,830 [ForkJoinPool.commonPool-worker-1] INFO  impl.RoleInfo (RoleInfo.java:shutdownLeaderState(104)) - 920b05f1-a92b-459a-a000-361715d4ee3d: shutdown LeaderState
2019-08-29 11:55:43,831 [main] INFO  impl.PendingRequests (PendingRequests.java:sendNotLeaderResponses(202)) - eec05b1d-f4e8-4418-a60c-420e12deef9f-PendingRequests: sendNotLeaderResponses
2019-08-29 11:55:43,831 [ForkJoinPool.commonPool-worker-1] INFO  impl.PendingRequests (PendingRequests.java:sendNotLeaderResponses(202)) - 920b05f1-a92b-459a-a000-361715d4ee3d-PendingRequests: sendNotLeaderResponses
2019-08-29 11:55:43,831 [ForkJoinPool.commonPool-worker-1] INFO  impl.StateMachineUpdater (StateMachineUpdater.java:stopAndJoin(115)) - StateMachineUpdater:920b05f1-a92b-459a-a000-361715d4ee3d:group-0DACE7A3AF8B: set stopIndex = 0
2019-08-29 11:55:43,831 [main] INFO  impl.StateMachineUpdater (StateMachineUpdater.java:stopAndJoin(115)) - StateMachineUpdater:eec05b1d-f4e8-4418-a60c-420e12deef9f:group-B5B936F5A539: set stopIndex = 0
2019-08-29 11:55:43,832 [ForkJoinPool.commonPool-worker-1] INFO  impl.RaftServerImpl (ServerState.java:close(394)) - 920b05f1-a92b-459a-a000-361715d4ee3d:group-0DACE7A3AF8B closes. The last applied log index is 0
2019-08-29 11:55:43,832 [main] INFO  impl.RaftServerImpl (ServerState.java:close(394)) - eec05b1d-f4e8-4418-a60c-420e12deef9f:group-B5B936F5A539 closes. The last applied log index is 0
2019-08-29 11:55:43,832 [920b05f1-a92b-459a-a000-361715d4ee3d-SegmentedRaftLogWorker:Storage Directory /workdir/hadoop-ozone/integration-test/target/test-dir/MiniOzoneClusterImpl-d5645d28-46c2-4d7d-99f2-1f02fc29b8b0/datanode-0/data/ratis/f7939979-c7d6-4c52-bfb6-0dace7a3af8b] INFO  segmented.SegmentedRaftLogWorker (SegmentedRaftLogWorker.java:run(313)) - 920b05f1-a92b-459a-a000-361715d4ee3d-SegmentedRaftLogWorker:Storage Directory /workdir/hadoop-ozone/integration-test/target/test-dir/MiniOzoneClusterImpl-d5645d28-46c2-4d7d-99f2-1f02fc29b8b0/datanode-0/data/ratis/f7939979-c7d6-4c52-bfb6-0dace7a3af8b was interrupted, exiting. There are 0 tasks remaining in the queue.
2019-08-29 11:55:43,833 [eec05b1d-f4e8-4418-a60c-420e12deef9f-SegmentedRaftLogWorker:Storage Directory /workdir/hadoop-ozone/integration-test/target/test-dir/MiniOzoneClusterImpl-d5645d28-46c2-4d7d-99f2-1f02fc29b8b0/datanode-9/data/ratis/7cc759fb-19bc-4b5c-a522-b5b936f5a539] INFO  segmented.SegmentedRaftLogWorker (SegmentedRaftLogWorker.java:run(313)) - eec05b1d-f4e8-4418-a60c-420e12deef9f-SegmentedRaftLogWorker:Storage Directory /workdir/hadoop-ozone/integration-test/target/test-dir/MiniOzoneClusterImpl-d5645d28-46c2-4d7d-99f2-1f02fc29b8b0/datanode-9/data/ratis/7cc759fb-19bc-4b5c-a522-b5b936f5a539 was interrupted, exiting. There are 0 tasks remaining in the queue.
2019-08-29 11:55:43,833 [ForkJoinPool.commonPool-worker-1] INFO  segmented.SegmentedRaftLogWorker (SegmentedRaftLogWorker.java:close(228)) - 920b05f1-a92b-459a-a000-361715d4ee3d-SegmentedRaftLogWorker:Storage Directory /workdir/hadoop-ozone/integration-test/target/test-dir/MiniOzoneClusterImpl-d5645d28-46c2-4d7d-99f2-1f02fc29b8b0/datanode-0/data/ratis/f7939979-c7d6-4c52-bfb6-0dace7a3af8b close()
2019-08-29 11:55:43,833 [main] INFO  segmented.SegmentedRaftLogWorker (SegmentedRaftLogWorker.java:close(228)) - eec05b1d-f4e8-4418-a60c-420e12deef9f-SegmentedRaftLogWorker:Storage Directory /workdir/hadoop-ozone/integration-test/target/test-dir/MiniOzoneClusterImpl-d5645d28-46c2-4d7d-99f2-1f02fc29b8b0/datanode-9/data/ratis/7cc759fb-19bc-4b5c-a522-b5b936f5a539 close()
2019-08-29 11:55:43,835 [ForkJoinPool.commonPool-worker-1] INFO  server.GrpcService (GrpcService.java:closeImpl(155)) - 920b05f1-a92b-459a-a000-361715d4ee3d: shutdown server with port 36887 now
2019-08-29 11:55:43,837 [main] INFO  server.GrpcService (GrpcService.java:closeImpl(155)) - eec05b1d-f4e8-4418-a60c-420e12deef9f: shutdown server with port 42328 now
2019-08-29 11:55:43,838 [grpc-default-executor-2] WARN  server.GrpcServerProtocolService (LogUtils.java:warn(134)) - 920b05f1-a92b-459a-a000-361715d4ee3d: appendEntries onError: org.apache.ratis.thirdparty.io.grpc.StatusRuntimeException: CANCELLED: cancelled before receiving half close
2019-08-29 11:55:43,838 [main] INFO  server.GrpcService (GrpcService.java:closeImpl(163)) - eec05b1d-f4e8-4418-a60c-420e12deef9f: shutdown server with port 42328 successfully
2019-08-29 11:55:43,838 [grpc-default-executor-2] WARN  server.GrpcLogAppender (LogUtils.java:warn(134)) - 42efee89-99fa-4c75-b2bf-b3a1b636c7a3->920b05f1-a92b-459a-a000-361715d4ee3d: Failed appendEntries: org.apache.ratis.thirdparty.io.grpc.StatusRuntimeException: CANCELLED: HTTP/2 error code: CANCEL
Received Rst Stream
2019-08-29 11:55:43,838 [ForkJoinPool.commonPool-worker-1] INFO  server.GrpcService (GrpcService.java:closeImpl(163)) - 920b05f1-a92b-459a-a000-361715d4ee3d: shutdown server with port 36887 successfully
2019-08-29 11:55:43,839 [grpc-default-executor-2] INFO  impl.FollowerInfo (FollowerInfo.java:lambda$new$0(50)) - 42efee89-99fa-4c75-b2bf-b3a1b636c7a3->920b05f1-a92b-459a-a000-361715d4ee3d: nextIndex: updateUnconditionally 3 -> 2
2019-08-29 11:55:43,839 [grpc-default-executor-3] WARN  client.GrpcClientProtocolService (LogUtils.java:warn(134)) - 0-OrderedRequestStreamObserver0: onError: org.apache.ratis.thirdparty.io.grpc.StatusRuntimeException: CANCELLED: cancelled before receiving half close
2019-08-29 11:55:43,839 [main] INFO  utils.BackgroundService (BackgroundService.java:shutdown(148)) - Shutting down service BlockDeletingService
2019-08-29 11:55:43,842 [refreshUsed-/workdir/hadoop-ozone/integration-test/target/test-dir/MiniOzoneClusterImpl-d5645d28-46c2-4d7d-99f2-1f02fc29b8b0/datanode-9/data/containers] WARN  fs.CachingGetSpaceUsed (CachingGetSpaceUsed.java:run(183)) - Thread Interrupted waiting to refresh disk information: sleep interrupted
2019-08-29 11:55:44,103 | INFO  | SCMAudit | user=jenkins1000 | ip=192.168.5.166 | op=SEND_HEARTBEAT {datanodeUUID=07dabde0-c17e-46ed-9a55-144838a04ea2, command=[]} | ret=SUCCESS |  
2019-08-29 11:55:44,103 [grpc-default-executor-0] WARN  server.GrpcLogAppender (LogUtils.java:warn(134)) - 42efee89-99fa-4c75-b2bf-b3a1b636c7a3->b34bc477-f594-4894-b3be-a6d4c994fd70: Failed appendEntries: org.apache.ratis.thirdparty.io.grpc.StatusRuntimeException: UNAVAILABLE: io exception
2019-08-29 11:55:44,103 [grpc-default-executor-6] WARN  server.GrpcLogAppender (LogUtils.java:warn(134)) - 07dabde0-c17e-46ed-9a55-144838a04ea2->bd7d2b3e-70a9-4c18-9e48-3057ca72b747: Failed appendEntries: org.apache.ratis.thirdparty.io.grpc.StatusRuntimeException: UNAVAILABLE: io exception
2019-08-29 11:55:44,103 [grpc-default-executor-5] WARN  server.GrpcLogAppender (LogUtils.java:warn(134)) - 42efee89-99fa-4c75-b2bf-b3a1b636c7a3->920b05f1-a92b-459a-a000-361715d4ee3d: Failed appendEntries: org.apache.ratis.thirdparty.io.grpc.StatusRuntimeException: UNAVAILABLE: io exception
2019-08-29 11:55:44,104 [grpc-default-executor-6] INFO  impl.FollowerInfo (FollowerInfo.java:lambda$new$0(50)) - 07dabde0-c17e-46ed-9a55-144838a04ea2->bd7d2b3e-70a9-4c18-9e48-3057ca72b747: nextIndex: updateUnconditionally 0 -> 0
2019-08-29 11:55:44,103 [grpc-default-executor-4] WARN  server.GrpcLogAppender (LogUtils.java:warn(134)) - 07dabde0-c17e-46ed-9a55-144838a04ea2->4a332945-53dc-4c0b-b910-cfaf195ac63d: Failed appendEntries: org.apache.ratis.thirdparty.io.grpc.StatusRuntimeException: UNAVAILABLE: io exception
2019-08-29 11:55:44,104 [grpc-default-executor-5] INFO  impl.FollowerInfo (FollowerInfo.java:lambda$new$0(50)) - 42efee89-99fa-4c75-b2bf-b3a1b636c7a3->920b05f1-a92b-459a-a000-361715d4ee3d: nextIndex: updateUnconditionally 2 -> 1
2019-08-29 11:55:44,104 [grpc-default-executor-0] INFO  impl.FollowerInfo (FollowerInfo.java:lambda$new$0(50)) - 42efee89-99fa-4c75-b2bf-b3a1b636c7a3->b34bc477-f594-4894-b3be-a6d4c994fd70: nextIndex: updateUnconditionally 0 -> 0
2019-08-29 11:55:44,104 [grpc-default-executor-4] INFO  impl.FollowerInfo (FollowerInfo.java:lambda$new$0(50)) - 07dabde0-c17e-46ed-9a55-144838a04ea2->4a332945-53dc-4c0b-b910-cfaf195ac63d: nextIndex: updateUnconditionally 0 -> 0
2019-08-29 11:55:44,106 [ForkJoinPool.commonPool-worker-1] INFO  utils.BackgroundService (BackgroundService.java:shutdown(148)) - Shutting down service BlockDeletingService
2019-08-29 11:55:44,110 [refreshUsed-/workdir/hadoop-ozone/integration-test/target/test-dir/MiniOzoneClusterImpl-d5645d28-46c2-4d7d-99f2-1f02fc29b8b0/datanode-0/data/containers] WARN  fs.CachingGetSpaceUsed (CachingGetSpaceUsed.java:run(183)) - Thread Interrupted waiting to refresh disk information: sleep interrupted
2019-08-29 11:55:44,116 [main] INFO  statemachine.DatanodeStateMachine (DatanodeStateMachine.java:stopDaemon(395)) - Ozone container server stopped.
2019-08-29 11:55:44,117 [main] INFO  handler.ContextHandler (ContextHandler.java:doStop(910)) - Stopped o.e.j.w.WebAppContext@6ac756b{/,null,UNAVAILABLE}{/hddsDatanode}
2019-08-29 11:55:44,118 [main] INFO  server.AbstractConnector (AbstractConnector.java:doStop(318)) - Stopped ServerConnector@156324b{HTTP/1.1,[http/1.1]}{0.0.0.0:0}
2019-08-29 11:55:44,118 [main] INFO  handler.ContextHandler (ContextHandler.java:doStop(910)) - Stopped o.e.j.s.ServletContextHandler@6248cfab{/static,jar:file:/home/user/.m2/repository/org/apache/hadoop/hadoop-hdds-container-service/0.5.0-SNAPSHOT/hadoop-hdds-container-service-0.5.0-SNAPSHOT.jar!/webapps/static,UNAVAILABLE}
2019-08-29 11:55:44,118 [main] INFO  handler.ContextHandler (ContextHandler.java:doStop(910)) - Stopped o.e.j.s.ServletContextHandler@37e55819{/logs,file:///workdir/hadoop-ozone/integration-test/target/log,UNAVAILABLE}
2019-08-29 11:55:44,119 [main] INFO  datanode.ObjectStoreHandler (ObjectStoreHandler.java:close(155)) - Closing ObjectStoreHandler.
2019-08-29 11:55:44,120 [main] INFO  ozone.HddsDatanodeService (HddsDatanodeService.java:stop(451)) - Stopped plug-in org.apache.hadoop.ozone.web.OzoneHddsDatanodeService@67e6eb52
2019-08-29 11:55:44,123 [Datanode State Machine Thread - 0] INFO  statemachine.DatanodeStateMachine (DatanodeStateMachine.java:lambda$startDaemon$0(350)) - Ozone container server started.
2019-08-29 11:55:44,130 [ForkJoinPool.commonPool-worker-1] INFO  statemachine.DatanodeStateMachine (DatanodeStateMachine.java:stopDaemon(395)) - Ozone container server stopped.
2019-08-29 11:55:44,133 [ForkJoinPool.commonPool-worker-1] INFO  handler.ContextHandler (ContextHandler.java:doStop(910)) - Stopped o.e.j.w.WebAppContext@10b1a751{/,null,UNAVAILABLE}{/hddsDatanode}
2019-08-29 11:55:44,134 [ForkJoinPool.commonPool-worker-1] INFO  server.AbstractConnector (AbstractConnector.java:doStop(318)) - Stopped ServerConnector@53cf9c99{HTTP/1.1,[http/1.1]}{0.0.0.0:0}
2019-08-29 11:55:44,135 [ForkJoinPool.commonPool-worker-1] INFO  handler.ContextHandler (ContextHandler.java:doStop(910)) - Stopped o.e.j.s.ServletContextHandler@1457fde{/static,jar:file:/home/user/.m2/repository/org/apache/hadoop/hadoop-hdds-container-service/0.5.0-SNAPSHOT/hadoop-hdds-container-service-0.5.0-SNAPSHOT.jar!/webapps/static,UNAVAILABLE}
2019-08-29 11:55:44,136 [ForkJoinPool.commonPool-worker-1] INFO  handler.ContextHandler (ContextHandler.java:doStop(910)) - Stopped o.e.j.s.ServletContextHandler@50fb33a{/logs,file:///workdir/hadoop-ozone/integration-test/target/log,UNAVAILABLE}
2019-08-29 11:55:44,137 [ForkJoinPool.commonPool-worker-1] INFO  datanode.ObjectStoreHandler (ObjectStoreHandler.java:close(155)) - Closing ObjectStoreHandler.
2019-08-29 11:55:44,137 [ForkJoinPool.commonPool-worker-1] INFO  ozone.HddsDatanodeService (HddsDatanodeService.java:stop(451)) - Stopped plug-in org.apache.hadoop.ozone.web.OzoneHddsDatanodeService@2dff7085
2019-08-29 11:55:44,527 [grpc-default-executor-7] WARN  server.GrpcLogAppender (LogUtils.java:warn(134)) - 42efee89-99fa-4c75-b2bf-b3a1b636c7a3->920b05f1-a92b-459a-a000-361715d4ee3d: Failed appendEntries: org.apache.ratis.thirdparty.io.grpc.StatusRuntimeException: UNAVAILABLE: io exception
2019-08-29 11:55:44,527 [grpc-default-executor-5] WARN  server.GrpcLogAppender (LogUtils.java:warn(134)) - 42efee89-99fa-4c75-b2bf-b3a1b636c7a3->b34bc477-f594-4894-b3be-a6d4c994fd70: Failed appendEntries: org.apache.ratis.thirdparty.io.grpc.StatusRuntimeException: UNAVAILABLE: io exception
2019-08-29 11:55:44,527 [grpc-default-executor-7] INFO  impl.FollowerInfo (FollowerInfo.java:lambda$new$0(50)) - 42efee89-99fa-4c75-b2bf-b3a1b636c7a3->920b05f1-a92b-459a-a000-361715d4ee3d: nextIndex: updateUnconditionally 1 -> 0
2019-08-29 11:55:44,527 [grpc-default-executor-2] WARN  server.GrpcLogAppender (LogUtils.java:warn(134)) - 07dabde0-c17e-46ed-9a55-144838a04ea2->4a332945-53dc-4c0b-b910-cfaf195ac63d: Failed appendEntries: org.apache.ratis.thirdparty.io.grpc.StatusRuntimeException: UNAVAILABLE: io exception
2019-08-29 11:55:44,527 [grpc-default-executor-0] WARN  server.GrpcLogAppender (LogUtils.java:warn(134)) - 07dabde0-c17e-46ed-9a55-144838a04ea2->bd7d2b3e-70a9-4c18-9e48-3057ca72b747: Failed appendEntries: org.apache.ratis.thirdparty.io.grpc.StatusRuntimeException: UNAVAILABLE: io exception
2019-08-29 11:55:44,528 [grpc-default-executor-2] INFO  impl.FollowerInfo (FollowerInfo.java:lambda$new$0(50)) - 07dabde0-c17e-46ed-9a55-144838a04ea2->4a332945-53dc-4c0b-b910-cfaf195ac63d: nextIndex: updateUnconditionally 0 -> 0
2019-08-29 11:55:44,527 [grpc-default-executor-5] INFO  impl.FollowerInfo (FollowerInfo.java:lambda$new$0(50)) - 42efee89-99fa-4c75-b2bf-b3a1b636c7a3->b34bc477-f594-4894-b3be-a6d4c994fd70: nextIndex: updateUnconditionally 0 -> 0
2019-08-29 11:55:44,528 [grpc-default-executor-0] INFO  impl.FollowerInfo (FollowerInfo.java:lambda$new$0(50)) - 07dabde0-c17e-46ed-9a55-144838a04ea2->bd7d2b3e-70a9-4c18-9e48-3057ca72b747: nextIndex: updateUnconditionally 0 -> 0
2019-08-29 11:55:45,021 [Datanode State Machine Thread - 0] INFO  statemachine.DatanodeStateMachine (DatanodeStateMachine.java:lambda$startDaemon$0(350)) - Ozone container server started.
2019-08-29 11:55:45,027 [grpc-default-executor-7] WARN  server.GrpcLogAppender (LogUtils.java:warn(134)) - 07dabde0-c17e-46ed-9a55-144838a04ea2->4a332945-53dc-4c0b-b910-cfaf195ac63d: Failed appendEntries: org.apache.ratis.thirdparty.io.grpc.StatusRuntimeException: UNAVAILABLE: io exception
2019-08-29 11:55:45,027 [grpc-default-executor-0] WARN  server.GrpcLogAppender (LogUtils.java:warn(134)) - 42efee89-99fa-4c75-b2bf-b3a1b636c7a3->b34bc477-f594-4894-b3be-a6d4c994fd70: Failed appendEntries: org.apache.ratis.thirdparty.io.grpc.StatusRuntimeException: UNAVAILABLE: io exception
2019-08-29 11:55:45,027 [grpc-default-executor-8] WARN  server.GrpcLogAppender (LogUtils.java:warn(134)) - 42efee89-99fa-4c75-b2bf-b3a1b636c7a3->920b05f1-a92b-459a-a000-361715d4ee3d: Failed appendEntries: org.apache.ratis.thirdparty.io.grpc.StatusRuntimeException: UNAVAILABLE: io exception
2019-08-29 11:55:45,027 [grpc-default-executor-7] INFO  impl.FollowerInfo (FollowerInfo.java:lambda$new$0(50)) - 07dabde0-c17e-46ed-9a55-144838a04ea2->4a332945-53dc-4c0b-b910-cfaf195ac63d: nextIndex: updateUnconditionally 0 -> 0
2019-08-29 11:55:45,027 [grpc-default-executor-9] WARN  server.GrpcLogAppender (LogUtils.java:warn(134)) - 07dabde0-c17e-46ed-9a55-144838a04ea2->bd7d2b3e-70a9-4c18-9e48-3057ca72b747: Failed appendEntries: org.apache.ratis.thirdparty.io.grpc.StatusRuntimeException: UNAVAILABLE: io exception
2019-08-29 11:55:45,028 [grpc-default-executor-8] INFO  impl.FollowerInfo (FollowerInfo.java:lambda$new$0(50)) - 42efee89-99fa-4c75-b2bf-b3a1b636c7a3->920b05f1-a92b-459a-a000-361715d4ee3d: nextIndex: updateUnconditionally 0 -> 0
2019-08-29 11:55:45,028 [grpc-default-executor-0] INFO  impl.FollowerInfo (FollowerInfo.java:lambda$new$0(50)) - 42efee89-99fa-4c75-b2bf-b3a1b636c7a3->b34bc477-f594-4894-b3be-a6d4c994fd70: nextIndex: updateUnconditionally 0 -> 0
2019-08-29 11:55:45,028 [grpc-default-executor-9] INFO  impl.FollowerInfo (FollowerInfo.java:lambda$new$0(50)) - 07dabde0-c17e-46ed-9a55-144838a04ea2->bd7d2b3e-70a9-4c18-9e48-3057ca72b747: nextIndex: updateUnconditionally 0 -> 0
2019-08-29 11:55:45,528 [grpc-default-executor-5] WARN  server.GrpcLogAppender (LogUtils.java:warn(134)) - 42efee89-99fa-4c75-b2bf-b3a1b636c7a3->b34bc477-f594-4894-b3be-a6d4c994fd70: Failed appendEntries: org.apache.ratis.thirdparty.io.grpc.StatusRuntimeException: UNAVAILABLE: io exception
2019-08-29 11:55:45,528 [grpc-default-executor-3] WARN  server.GrpcLogAppender (LogUtils.java:warn(134)) - 42efee89-99fa-4c75-b2bf-b3a1b636c7a3->920b05f1-a92b-459a-a000-361715d4ee3d: Failed appendEntries: org.apache.ratis.thirdparty.io.grpc.StatusRuntimeException: UNAVAILABLE: io exception
2019-08-29 11:55:45,529 [grpc-default-executor-5] INFO  impl.FollowerInfo (FollowerInfo.java:lambda$new$0(50)) - 42efee89-99fa-4c75-b2bf-b3a1b636c7a3->b34bc477-f594-4894-b3be-a6d4c994fd70: nextIndex: updateUnconditionally 0 -> 0
2019-08-29 11:55:45,529 [grpc-default-executor-3] INFO  impl.FollowerInfo (FollowerInfo.java:lambda$new$0(50)) - 42efee89-99fa-4c75-b2bf-b3a1b636c7a3->920b05f1-a92b-459a-a000-361715d4ee3d: nextIndex: updateUnconditionally 0 -> 0
2019-08-29 11:55:45,528 [grpc-default-executor-7] WARN  server.GrpcLogAppender (LogUtils.java:warn(134)) - 07dabde0-c17e-46ed-9a55-144838a04ea2->4a332945-53dc-4c0b-b910-cfaf195ac63d: Failed appendEntries: org.apache.ratis.thirdparty.io.grpc.StatusRuntimeException: UNAVAILABLE: io exception
2019-08-29 11:55:45,528 [grpc-default-executor-2] WARN  server.GrpcLogAppender (LogUtils.java:warn(134)) - 07dabde0-c17e-46ed-9a55-144838a04ea2->bd7d2b3e-70a9-4c18-9e48-3057ca72b747: Failed appendEntries: org.apache.ratis.thirdparty.io.grpc.StatusRuntimeException: UNAVAILABLE: io exception
2019-08-29 11:55:45,530 [grpc-default-executor-7] INFO  impl.FollowerInfo (FollowerInfo.java:lambda$new$0(50)) - 07dabde0-c17e-46ed-9a55-144838a04ea2->4a332945-53dc-4c0b-b910-cfaf195ac63d: nextIndex: updateUnconditionally 0 -> 0
2019-08-29 11:55:45,530 [grpc-default-executor-2] INFO  impl.FollowerInfo (FollowerInfo.java:lambda$new$0(50)) - 07dabde0-c17e-46ed-9a55-144838a04ea2->bd7d2b3e-70a9-4c18-9e48-3057ca72b747: nextIndex: updateUnconditionally 0 -> 0
2019-08-29 11:55:46,029 [grpc-default-executor-8] WARN  server.GrpcLogAppender (LogUtils.java:warn(134)) - 07dabde0-c17e-46ed-9a55-144838a04ea2->4a332945-53dc-4c0b-b910-cfaf195ac63d: Failed appendEntries: org.apache.ratis.thirdparty.io.grpc.StatusRuntimeException: UNAVAILABLE: io exception
2019-08-29 11:55:46,029 [grpc-default-executor-5] WARN  server.GrpcLogAppender (LogUtils.java:warn(134)) - 42efee89-99fa-4c75-b2bf-b3a1b636c7a3->920b05f1-a92b-459a-a000-361715d4ee3d: Failed appendEntries: org.apache.ratis.thirdparty.io.grpc.StatusRuntimeException: UNAVAILABLE: io exception
2019-08-29 11:55:46,029 [grpc-default-executor-0] WARN  server.GrpcLogAppender (LogUtils.java:warn(134)) - 42efee89-99fa-4c75-b2bf-b3a1b636c7a3->b34bc477-f594-4894-b3be-a6d4c994fd70: Failed appendEntries: org.apache.ratis.thirdparty.io.grpc.StatusRuntimeException: UNAVAILABLE: io exception
2019-08-29 11:55:46,029 [grpc-default-executor-2] WARN  server.GrpcLogAppender (LogUtils.java:warn(134)) - 07dabde0-c17e-46ed-9a55-144838a04ea2->bd7d2b3e-70a9-4c18-9e48-3057ca72b747: Failed appendEntries: org.apache.ratis.thirdparty.io.grpc.StatusRuntimeException: UNAVAILABLE: io exception
2019-08-29 11:55:46,030 [grpc-default-executor-0] INFO  impl.FollowerInfo (FollowerInfo.java:lambda$new$0(50)) - 42efee89-99fa-4c75-b2bf-b3a1b636c7a3->b34bc477-f594-4894-b3be-a6d4c994fd70: nextIndex: updateUnconditionally 0 -> 0
2019-08-29 11:55:46,030 [grpc-default-executor-5] INFO  impl.FollowerInfo (FollowerInfo.java:lambda$new$0(50)) - 42efee89-99fa-4c75-b2bf-b3a1b636c7a3->920b05f1-a92b-459a-a000-361715d4ee3d: nextIndex: updateUnconditionally 0 -> 0
2019-08-29 11:55:46,030 [grpc-default-executor-8] INFO  impl.FollowerInfo (FollowerInfo.java:lambda$new$0(50)) - 07dabde0-c17e-46ed-9a55-144838a04ea2->4a332945-53dc-4c0b-b910-cfaf195ac63d: nextIndex: updateUnconditionally 0 -> 0
2019-08-29 11:55:46,031 [grpc-default-executor-2] INFO  impl.FollowerInfo (FollowerInfo.java:lambda$new$0(50)) - 07dabde0-c17e-46ed-9a55-144838a04ea2->bd7d2b3e-70a9-4c18-9e48-3057ca72b747: nextIndex: updateUnconditionally 0 -> 0
2019-08-29 11:55:46,530 [grpc-default-executor-3] WARN  server.GrpcLogAppender (LogUtils.java:warn(134)) - 07dabde0-c17e-46ed-9a55-144838a04ea2->4a332945-53dc-4c0b-b910-cfaf195ac63d: Failed appendEntries: org.apache.ratis.thirdparty.io.grpc.StatusRuntimeException: UNAVAILABLE: io exception
2019-08-29 11:55:46,530 [grpc-default-executor-9] WARN  server.GrpcLogAppender (LogUtils.java:warn(134)) - 42efee89-99fa-4c75-b2bf-b3a1b636c7a3->920b05f1-a92b-459a-a000-361715d4ee3d: Failed appendEntries: org.apache.ratis.thirdparty.io.grpc.StatusRuntimeException: UNAVAILABLE: io exception
2019-08-29 11:55:46,530 [grpc-default-executor-4] WARN  server.GrpcLogAppender (LogUtils.java:warn(134)) - 07dabde0-c17e-46ed-9a55-144838a04ea2->bd7d2b3e-70a9-4c18-9e48-3057ca72b747: Failed appendEntries: org.apache.ratis.thirdparty.io.grpc.StatusRuntimeException: UNAVAILABLE: io exception
2019-08-29 11:55:46,530 [grpc-default-executor-1] WARN  server.GrpcLogAppender (LogUtils.java:warn(134)) - 42efee89-99fa-4c75-b2bf-b3a1b636c7a3->b34bc477-f594-4894-b3be-a6d4c994fd70: Failed appendEntries: org.apache.ratis.thirdparty.io.grpc.StatusRuntimeException: UNAVAILABLE: io exception
2019-08-29 11:55:46,530 [grpc-default-executor-4] INFO  impl.FollowerInfo (FollowerInfo.java:lambda$new$0(50)) - 07dabde0-c17e-46ed-9a55-144838a04ea2->bd7d2b3e-70a9-4c18-9e48-3057ca72b747: nextIndex: updateUnconditionally 0 -> 0
2019-08-29 11:55:46,530 [grpc-default-executor-9] INFO  impl.FollowerInfo (FollowerInfo.java:lambda$new$0(50)) - 42efee89-99fa-4c75-b2bf-b3a1b636c7a3->920b05f1-a92b-459a-a000-361715d4ee3d: nextIndex: updateUnconditionally 0 -> 0
2019-08-29 11:55:46,530 [grpc-default-executor-3] INFO  impl.FollowerInfo (FollowerInfo.java:lambda$new$0(50)) - 07dabde0-c17e-46ed-9a55-144838a04ea2->4a332945-53dc-4c0b-b910-cfaf195ac63d: nextIndex: updateUnconditionally 0 -> 0
2019-08-29 11:55:46,531 [grpc-default-executor-1] INFO  impl.FollowerInfo (FollowerInfo.java:lambda$new$0(50)) - 42efee89-99fa-4c75-b2bf-b3a1b636c7a3->b34bc477-f594-4894-b3be-a6d4c994fd70: nextIndex: updateUnconditionally 0 -> 0
2019-08-29 11:55:47,030 [grpc-default-executor-1] WARN  server.GrpcLogAppender (LogUtils.java:warn(134)) - 07dabde0-c17e-46ed-9a55-144838a04ea2->bd7d2b3e-70a9-4c18-9e48-3057ca72b747: Failed appendEntries: org.apache.ratis.thirdparty.io.grpc.StatusRuntimeException: UNAVAILABLE: io exception
2019-08-29 11:55:47,030 [grpc-default-executor-0] WARN  server.GrpcLogAppender (LogUtils.java:warn(134)) - 07dabde0-c17e-46ed-9a55-144838a04ea2->4a332945-53dc-4c0b-b910-cfaf195ac63d: Failed appendEntries: org.apache.ratis.thirdparty.io.grpc.StatusRuntimeException: UNAVAILABLE: io exception
2019-08-29 11:55:47,030 [grpc-default-executor-6] WARN  server.GrpcLogAppender (LogUtils.java:warn(134)) - 42efee89-99fa-4c75-b2bf-b3a1b636c7a3->920b05f1-a92b-459a-a000-361715d4ee3d: Failed appendEntries: org.apache.ratis.thirdparty.io.grpc.StatusRuntimeException: UNAVAILABLE: io exception
2019-08-29 11:55:47,030 [grpc-default-executor-1] INFO  impl.FollowerInfo (FollowerInfo.java:lambda$new$0(50)) - 07dabde0-c17e-46ed-9a55-144838a04ea2->bd7d2b3e-70a9-4c18-9e48-3057ca72b747: nextIndex: updateUnconditionally 0 -> 0
2019-08-29 11:55:47,030 [grpc-default-executor-9] WARN  server.GrpcLogAppender (LogUtils.java:warn(134)) - 42efee89-99fa-4c75-b2bf-b3a1b636c7a3->b34bc477-f594-4894-b3be-a6d4c994fd70: Failed appendEntries: org.apache.ratis.thirdparty.io.grpc.StatusRuntimeException: UNAVAILABLE: io exception
2019-08-29 11:55:47,031 [grpc-default-executor-0] INFO  impl.FollowerInfo (FollowerInfo.java:lambda$new$0(50)) - 07dabde0-c17e-46ed-9a55-144838a04ea2->4a332945-53dc-4c0b-b910-cfaf195ac63d: nextIndex: updateUnconditionally 0 -> 0
2019-08-29 11:55:47,031 [grpc-default-executor-6] INFO  impl.FollowerInfo (FollowerInfo.java:lambda$new$0(50)) - 42efee89-99fa-4c75-b2bf-b3a1b636c7a3->920b05f1-a92b-459a-a000-361715d4ee3d: nextIndex: updateUnconditionally 0 -> 0
2019-08-29 11:55:47,031 [grpc-default-executor-9] INFO  impl.FollowerInfo (FollowerInfo.java:lambda$new$0(50)) - 42efee89-99fa-4c75-b2bf-b3a1b636c7a3->b34bc477-f594-4894-b3be-a6d4c994fd70: nextIndex: updateUnconditionally 0 -> 0
2019-08-29 11:55:47,531 [grpc-default-executor-8] WARN  server.GrpcLogAppender (LogUtils.java:warn(134)) - 42efee89-99fa-4c75-b2bf-b3a1b636c7a3->920b05f1-a92b-459a-a000-361715d4ee3d: Failed appendEntries: org.apache.ratis.thirdparty.io.grpc.StatusRuntimeException: UNAVAILABLE: io exception
2019-08-29 11:55:47,531 [grpc-default-executor-5] WARN  server.GrpcLogAppender (LogUtils.java:warn(134)) - 07dabde0-c17e-46ed-9a55-144838a04ea2->bd7d2b3e-70a9-4c18-9e48-3057ca72b747: Failed appendEntries: org.apache.ratis.thirdparty.io.grpc.StatusRuntimeException: UNAVAILABLE: io exception
2019-08-29 11:55:47,532 [grpc-default-executor-8] INFO  impl.FollowerInfo (FollowerInfo.java:lambda$new$0(50)) - 42efee89-99fa-4c75-b2bf-b3a1b636c7a3->920b05f1-a92b-459a-a000-361715d4ee3d: nextIndex: updateUnconditionally 0 -> 0
2019-08-29 11:55:47,532 [grpc-default-executor-5] INFO  impl.FollowerInfo (FollowerInfo.java:lambda$new$0(50)) - 07dabde0-c17e-46ed-9a55-144838a04ea2->bd7d2b3e-70a9-4c18-9e48-3057ca72b747: nextIndex: updateUnconditionally 0 -> 0
2019-08-29 11:55:47,532 [grpc-default-executor-11] WARN  server.GrpcLogAppender (LogUtils.java:warn(134)) - 07dabde0-c17e-46ed-9a55-144838a04ea2->4a332945-53dc-4c0b-b910-cfaf195ac63d: Failed appendEntries: org.apache.ratis.thirdparty.io.grpc.StatusRuntimeException: UNAVAILABLE: io exception
2019-08-29 11:55:47,532 [grpc-default-executor-10] WARN  server.GrpcLogAppender (LogUtils.java:warn(134)) - 42efee89-99fa-4c75-b2bf-b3a1b636c7a3->b34bc477-f594-4894-b3be-a6d4c994fd70: Failed appendEntries: org.apache.ratis.thirdparty.io.grpc.StatusRuntimeException: UNAVAILABLE: io exception
2019-08-29 11:55:47,533 [grpc-default-executor-11] INFO  impl.FollowerInfo (FollowerInfo.java:lambda$new$0(50)) - 07dabde0-c17e-46ed-9a55-144838a04ea2->4a332945-53dc-4c0b-b910-cfaf195ac63d: nextIndex: updateUnconditionally 0 -> 0
2019-08-29 11:55:47,533 [grpc-default-executor-10] INFO  impl.FollowerInfo (FollowerInfo.java:lambda$new$0(50)) - 42efee89-99fa-4c75-b2bf-b3a1b636c7a3->b34bc477-f594-4894-b3be-a6d4c994fd70: nextIndex: updateUnconditionally 0 -> 0
2019-08-29 11:55:48,032 [grpc-default-executor-5] WARN  server.GrpcLogAppender (LogUtils.java:warn(134)) - 42efee89-99fa-4c75-b2bf-b3a1b636c7a3->b34bc477-f594-4894-b3be-a6d4c994fd70: Failed appendEntries: org.apache.ratis.thirdparty.io.grpc.StatusRuntimeException: UNAVAILABLE: io exception
2019-08-29 11:55:48,032 [grpc-default-executor-1] WARN  server.GrpcLogAppender (LogUtils.java:warn(134)) - 42efee89-99fa-4c75-b2bf-b3a1b636c7a3->920b05f1-a92b-459a-a000-361715d4ee3d: Failed appendEntries: org.apache.ratis.thirdparty.io.grpc.StatusRuntimeException: UNAVAILABLE: io exception
2019-08-29 11:55:48,033 [grpc-default-executor-5] INFO  impl.FollowerInfo (FollowerInfo.java:lambda$new$0(50)) - 42efee89-99fa-4c75-b2bf-b3a1b636c7a3->b34bc477-f594-4894-b3be-a6d4c994fd70: nextIndex: updateUnconditionally 0 -> 0
2019-08-29 11:55:48,032 [grpc-default-executor-6] WARN  server.GrpcLogAppender (LogUtils.java:warn(134)) - 07dabde0-c17e-46ed-9a55-144838a04ea2->4a332945-53dc-4c0b-b910-cfaf195ac63d: Failed appendEntries: org.apache.ratis.thirdparty.io.grpc.StatusRuntimeException: UNAVAILABLE: io exception
2019-08-29 11:55:48,032 [grpc-default-executor-2] WARN  server.GrpcLogAppender (LogUtils.java:warn(134)) - 07dabde0-c17e-46ed-9a55-144838a04ea2->bd7d2b3e-70a9-4c18-9e48-3057ca72b747: Failed appendEntries: org.apache.ratis.thirdparty.io.grpc.StatusRuntimeException: UNAVAILABLE: io exception
2019-08-29 11:55:48,033 [grpc-default-executor-6] INFO  impl.FollowerInfo (FollowerInfo.java:lambda$new$0(50)) - 07dabde0-c17e-46ed-9a55-144838a04ea2->4a332945-53dc-4c0b-b910-cfaf195ac63d: nextIndex: updateUnconditionally 0 -> 0
2019-08-29 11:55:48,033 [grpc-default-executor-1] INFO  impl.FollowerInfo (FollowerInfo.java:lambda$new$0(50)) - 42efee89-99fa-4c75-b2bf-b3a1b636c7a3->920b05f1-a92b-459a-a000-361715d4ee3d: nextIndex: updateUnconditionally 0 -> 0
2019-08-29 11:55:48,033 [grpc-default-executor-2] INFO  impl.FollowerInfo (FollowerInfo.java:lambda$new$0(50)) - 07dabde0-c17e-46ed-9a55-144838a04ea2->bd7d2b3e-70a9-4c18-9e48-3057ca72b747: nextIndex: updateUnconditionally 0 -> 0
2019-08-29 11:55:48,533 [grpc-default-executor-2] WARN  server.GrpcLogAppender (LogUtils.java:warn(134)) - 07dabde0-c17e-46ed-9a55-144838a04ea2->4a332945-53dc-4c0b-b910-cfaf195ac63d: Failed appendEntries: org.apache.ratis.thirdparty.io.grpc.StatusRuntimeException: UNAVAILABLE: io exception
2019-08-29 11:55:48,533 [grpc-default-executor-10] WARN  server.GrpcLogAppender (LogUtils.java:warn(134)) - 07dabde0-c17e-46ed-9a55-144838a04ea2->bd7d2b3e-70a9-4c18-9e48-3057ca72b747: Failed appendEntries: org.apache.ratis.thirdparty.io.grpc.StatusRuntimeException: UNAVAILABLE: io exception
2019-08-29 11:55:48,533 [grpc-default-executor-2] INFO  impl.FollowerInfo (FollowerInfo.java:lambda$new$0(50)) - 07dabde0-c17e-46ed-9a55-144838a04ea2->4a332945-53dc-4c0b-b910-cfaf195ac63d: nextIndex: updateUnconditionally 0 -> 0
2019-08-29 11:55:48,534 [grpc-default-executor-10] INFO  impl.FollowerInfo (FollowerInfo.java:lambda$new$0(50)) - 07dabde0-c17e-46ed-9a55-144838a04ea2->bd7d2b3e-70a9-4c18-9e48-3057ca72b747: nextIndex: updateUnconditionally 0 -> 0
2019-08-29 11:55:48,533 [grpc-default-executor-5] WARN  server.GrpcLogAppender (LogUtils.java:warn(134)) - 42efee89-99fa-4c75-b2bf-b3a1b636c7a3->b34bc477-f594-4894-b3be-a6d4c994fd70: Failed appendEntries: org.apache.ratis.thirdparty.io.grpc.StatusRuntimeException: UNAVAILABLE: io exception
2019-08-29 11:55:48,533 [grpc-default-executor-3] WARN  server.GrpcLogAppender (LogUtils.java:warn(134)) - 42efee89-99fa-4c75-b2bf-b3a1b636c7a3->920b05f1-a92b-459a-a000-361715d4ee3d: Failed appendEntries: org.apache.ratis.thirdparty.io.grpc.StatusRuntimeException: UNAVAILABLE: io exception
2019-08-29 11:55:48,534 [grpc-default-executor-5] INFO  impl.FollowerInfo (FollowerInfo.java:lambda$new$0(50)) - 42efee89-99fa-4c75-b2bf-b3a1b636c7a3->b34bc477-f594-4894-b3be-a6d4c994fd70: nextIndex: updateUnconditionally 0 -> 0
2019-08-29 11:55:48,535 [grpc-default-executor-3] INFO  impl.FollowerInfo (FollowerInfo.java:lambda$new$0(50)) - 42efee89-99fa-4c75-b2bf-b3a1b636c7a3->920b05f1-a92b-459a-a000-361715d4ee3d: nextIndex: updateUnconditionally 0 -> 0
2019-08-29 11:55:49,033 [grpc-default-executor-6] WARN  server.GrpcLogAppender (LogUtils.java:warn(134)) - 07dabde0-c17e-46ed-9a55-144838a04ea2->bd7d2b3e-70a9-4c18-9e48-3057ca72b747: Failed appendEntries: org.apache.ratis.thirdparty.io.grpc.StatusRuntimeException: UNAVAILABLE: io exception
2019-08-29 11:55:49,033 [grpc-default-executor-10] WARN  server.GrpcLogAppender (LogUtils.java:warn(134)) - 42efee89-99fa-4c75-b2bf-b3a1b636c7a3->920b05f1-a92b-459a-a000-361715d4ee3d: Failed appendEntries: org.apache.ratis.thirdparty.io.grpc.StatusRuntimeException: UNAVAILABLE: io exception
2019-08-29 11:55:49,033 [grpc-default-executor-8] WARN  server.GrpcLogAppender (LogUtils.java:warn(134)) - 07dabde0-c17e-46ed-9a55-144838a04ea2->4a332945-53dc-4c0b-b910-cfaf195ac63d: Failed appendEntries: org.apache.ratis.thirdparty.io.grpc.StatusRuntimeException: UNAVAILABLE: io exception
2019-08-29 11:55:49,034 [grpc-default-executor-10] INFO  impl.FollowerInfo (FollowerInfo.java:lambda$new$0(50)) - 42efee89-99fa-4c75-b2bf-b3a1b636c7a3->920b05f1-a92b-459a-a000-361715d4ee3d: nextIndex: updateUnconditionally 0 -> 0
2019-08-29 11:55:49,034 [grpc-default-executor-6] INFO  impl.FollowerInfo (FollowerInfo.java:lambda$new$0(50)) - 07dabde0-c17e-46ed-9a55-144838a04ea2->bd7d2b3e-70a9-4c18-9e48-3057ca72b747: nextIndex: updateUnconditionally 0 -> 0
2019-08-29 11:55:49,034 [grpc-default-executor-8] INFO  impl.FollowerInfo (FollowerInfo.java:lambda$new$0(50)) - 07dabde0-c17e-46ed-9a55-144838a04ea2->4a332945-53dc-4c0b-b910-cfaf195ac63d: nextIndex: updateUnconditionally 0 -> 0
2019-08-29 11:55:49,034 [grpc-default-executor-2] WARN  server.GrpcLogAppender (LogUtils.java:warn(134)) - 42efee89-99fa-4c75-b2bf-b3a1b636c7a3->b34bc477-f594-4894-b3be-a6d4c994fd70: Failed appendEntries: org.apache.ratis.thirdparty.io.grpc.StatusRuntimeException: UNAVAILABLE: io exception
2019-08-29 11:55:49,035 [grpc-default-executor-2] INFO  impl.FollowerInfo (FollowerInfo.java:lambda$new$0(50)) - 42efee89-99fa-4c75-b2bf-b3a1b636c7a3->b34bc477-f594-4894-b3be-a6d4c994fd70: nextIndex: updateUnconditionally 0 -> 0
2019-08-29 11:55:49,121 [main] INFO  ozoneimpl.OzoneContainer (OzoneContainer.java:stop(199)) - Attempting to stop container services.
2019-08-29 11:55:49,121 [main] INFO  impl.RaftServerProxy (RaftServerProxy.java:lambda$close$4(314)) - 42efee89-99fa-4c75-b2bf-b3a1b636c7a3: close
2019-08-29 11:55:49,121 [main] INFO  impl.RaftServerImpl (RaftServerImpl.java:lambda$shutdown$3(245)) - 42efee89-99fa-4c75-b2bf-b3a1b636c7a3: shutdown group-BB9F13E11506
2019-08-29 11:55:49,122 [main] INFO  util.JmxRegister (JmxRegister.java:unregister(73)) - Successfully un-registered JMX Bean with object name Ratis:service=RaftServer,group=group-BB9F13E11506,id=42efee89-99fa-4c75-b2bf-b3a1b636c7a3
2019-08-29 11:55:49,122 [main] INFO  impl.RoleInfo (RoleInfo.java:shutdownLeaderState(104)) - 42efee89-99fa-4c75-b2bf-b3a1b636c7a3: shutdown LeaderState
2019-08-29 11:55:49,122 [main] INFO  impl.PendingRequests (PendingRequests.java:sendNotLeaderResponses(202)) - 42efee89-99fa-4c75-b2bf-b3a1b636c7a3-PendingRequests: sendNotLeaderResponses
2019-08-29 11:55:49,122 [main] INFO  impl.StateMachineUpdater (StateMachineUpdater.java:stopAndJoin(115)) - StateMachineUpdater:42efee89-99fa-4c75-b2bf-b3a1b636c7a3:group-BB9F13E11506: set stopIndex = 0
2019-08-29 11:55:49,123 [main] INFO  impl.RaftServerImpl (ServerState.java:close(394)) - 42efee89-99fa-4c75-b2bf-b3a1b636c7a3:group-BB9F13E11506 closes. The last applied log index is 0
2019-08-29 11:55:49,123 [42efee89-99fa-4c75-b2bf-b3a1b636c7a3-SegmentedRaftLogWorker:Storage Directory /workdir/hadoop-ozone/integration-test/target/test-dir/MiniOzoneClusterImpl-d5645d28-46c2-4d7d-99f2-1f02fc29b8b0/datanode-7/data/ratis/8f995859-67f3-43e1-864f-bb9f13e11506] INFO  segmented.SegmentedRaftLogWorker (SegmentedRaftLogWorker.java:run(313)) - 42efee89-99fa-4c75-b2bf-b3a1b636c7a3-SegmentedRaftLogWorker:Storage Directory /workdir/hadoop-ozone/integration-test/target/test-dir/MiniOzoneClusterImpl-d5645d28-46c2-4d7d-99f2-1f02fc29b8b0/datanode-7/data/ratis/8f995859-67f3-43e1-864f-bb9f13e11506 was interrupted, exiting. There are 0 tasks remaining in the queue.
2019-08-29 11:55:49,123 [main] INFO  segmented.SegmentedRaftLogWorker (SegmentedRaftLogWorker.java:close(228)) - 42efee89-99fa-4c75-b2bf-b3a1b636c7a3-SegmentedRaftLogWorker:Storage Directory /workdir/hadoop-ozone/integration-test/target/test-dir/MiniOzoneClusterImpl-d5645d28-46c2-4d7d-99f2-1f02fc29b8b0/datanode-7/data/ratis/8f995859-67f3-43e1-864f-bb9f13e11506 close()
2019-08-29 11:55:49,125 [main] INFO  impl.RaftServerImpl (RaftServerImpl.java:lambda$shutdown$3(245)) - 42efee89-99fa-4c75-b2bf-b3a1b636c7a3: shutdown group-2DD3C3757259
2019-08-29 11:55:49,125 [main] INFO  util.JmxRegister (JmxRegister.java:unregister(73)) - Successfully un-registered JMX Bean with object name Ratis:service=RaftServer,group=group-2DD3C3757259,id=42efee89-99fa-4c75-b2bf-b3a1b636c7a3
2019-08-29 11:55:49,125 [main] INFO  impl.RoleInfo (RoleInfo.java:shutdownLeaderState(104)) - 42efee89-99fa-4c75-b2bf-b3a1b636c7a3: shutdown LeaderState
2019-08-29 11:55:49,128 [main] INFO  impl.PendingRequests (PendingRequests.java:sendNotLeaderResponses(202)) - 42efee89-99fa-4c75-b2bf-b3a1b636c7a3-PendingRequests: sendNotLeaderResponses
2019-08-29 11:55:49,129 [org.apache.ratis.server.impl.LogAppender$AppenderDaemon$$Lambda$510/1889478639@29451a0b] WARN  server.GrpcLogAppender (GrpcLogAppender.java:mayWait(143)) - GrpcLogAppender(42efee89-99fa-4c75-b2bf-b3a1b636c7a3->920b05f1-a92b-459a-a000-361715d4ee3d): Wait interrupted by java.lang.InterruptedException
2019-08-29 11:55:49,129 [org.apache.ratis.server.impl.LogAppender$AppenderDaemon$$Lambda$510/1889478639@6c4799e7] WARN  server.GrpcLogAppender (GrpcLogAppender.java:mayWait(143)) - GrpcLogAppender(42efee89-99fa-4c75-b2bf-b3a1b636c7a3->b34bc477-f594-4894-b3be-a6d4c994fd70): Wait interrupted by java.lang.InterruptedException
2019-08-29 11:55:49,134 [StateMachineUpdater:42efee89-99fa-4c75-b2bf-b3a1b636c7a3:group-2DD3C3757259] INFO  ratis.ContainerStateMachine (ContainerStateMachine.java:takeSnapshot(283)) - group-2DD3C3757259: Taking a snapshot at:(t:2, i:1) file /workdir/hadoop-ozone/integration-test/target/test-dir/MiniOzoneClusterImpl-d5645d28-46c2-4d7d-99f2-1f02fc29b8b0/datanode-7/data/ratis/096fcd2b-786a-4a64-996f-2dd3c3757259/sm/snapshot.2_1
2019-08-29 11:55:49,134 [main] INFO  impl.StateMachineUpdater (StateMachineUpdater.java:stopAndJoin(115)) - StateMachineUpdater:42efee89-99fa-4c75-b2bf-b3a1b636c7a3:group-2DD3C3757259: set stopIndex = 2
2019-08-29 11:55:49,138 [ForkJoinPool.commonPool-worker-1] INFO  ozoneimpl.OzoneContainer (OzoneContainer.java:stop(199)) - Attempting to stop container services.
2019-08-29 11:55:49,138 [ForkJoinPool.commonPool-worker-1] INFO  impl.RaftServerProxy (RaftServerProxy.java:lambda$close$4(314)) - 07dabde0-c17e-46ed-9a55-144838a04ea2: close
2019-08-29 11:55:49,138 [ForkJoinPool.commonPool-worker-1] INFO  impl.RaftServerImpl (RaftServerImpl.java:lambda$shutdown$3(245)) - 07dabde0-c17e-46ed-9a55-144838a04ea2: shutdown group-3DEB20923187
2019-08-29 11:55:49,139 [ForkJoinPool.commonPool-worker-1] INFO  util.JmxRegister (JmxRegister.java:unregister(73)) - Successfully un-registered JMX Bean with object name Ratis:service=RaftServer,group=group-3DEB20923187,id=07dabde0-c17e-46ed-9a55-144838a04ea2
2019-08-29 11:55:49,139 [ForkJoinPool.commonPool-worker-1] INFO  impl.RoleInfo (RoleInfo.java:shutdownLeaderState(104)) - 07dabde0-c17e-46ed-9a55-144838a04ea2: shutdown LeaderState
2019-08-29 11:55:49,139 [ForkJoinPool.commonPool-worker-1] INFO  impl.PendingRequests (PendingRequests.java:sendNotLeaderResponses(202)) - 07dabde0-c17e-46ed-9a55-144838a04ea2-PendingRequests: sendNotLeaderResponses
2019-08-29 11:55:49,139 [ForkJoinPool.commonPool-worker-1] INFO  impl.StateMachineUpdater (StateMachineUpdater.java:stopAndJoin(115)) - StateMachineUpdater:07dabde0-c17e-46ed-9a55-144838a04ea2:group-3DEB20923187: set stopIndex = 0
2019-08-29 11:55:49,139 [ForkJoinPool.commonPool-worker-1] INFO  impl.RaftServerImpl (ServerState.java:close(394)) - 07dabde0-c17e-46ed-9a55-144838a04ea2:group-3DEB20923187 closes. The last applied log index is 0
2019-08-29 11:55:49,140 [07dabde0-c17e-46ed-9a55-144838a04ea2-SegmentedRaftLogWorker:Storage Directory /workdir/hadoop-ozone/integration-test/target/test-dir/MiniOzoneClusterImpl-d5645d28-46c2-4d7d-99f2-1f02fc29b8b0/datanode-1/data/ratis/c9d00459-23b8-41f1-8dee-3deb20923187] INFO  segmented.SegmentedRaftLogWorker (SegmentedRaftLogWorker.java:run(313)) - 07dabde0-c17e-46ed-9a55-144838a04ea2-SegmentedRaftLogWorker:Storage Directory /workdir/hadoop-ozone/integration-test/target/test-dir/MiniOzoneClusterImpl-d5645d28-46c2-4d7d-99f2-1f02fc29b8b0/datanode-1/data/ratis/c9d00459-23b8-41f1-8dee-3deb20923187 was interrupted, exiting. There are 0 tasks remaining in the queue.
2019-08-29 11:55:49,140 [ForkJoinPool.commonPool-worker-1] INFO  segmented.SegmentedRaftLogWorker (SegmentedRaftLogWorker.java:close(228)) - 07dabde0-c17e-46ed-9a55-144838a04ea2-SegmentedRaftLogWorker:Storage Directory /workdir/hadoop-ozone/integration-test/target/test-dir/MiniOzoneClusterImpl-d5645d28-46c2-4d7d-99f2-1f02fc29b8b0/datanode-1/data/ratis/c9d00459-23b8-41f1-8dee-3deb20923187 close()
2019-08-29 11:55:49,141 [ForkJoinPool.commonPool-worker-1] INFO  impl.RaftServerImpl (RaftServerImpl.java:lambda$shutdown$3(245)) - 07dabde0-c17e-46ed-9a55-144838a04ea2: shutdown group-39336B115318
2019-08-29 11:55:49,141 [ForkJoinPool.commonPool-worker-1] INFO  util.JmxRegister (JmxRegister.java:unregister(73)) - Successfully un-registered JMX Bean with object name Ratis:service=RaftServer,group=group-39336B115318,id=07dabde0-c17e-46ed-9a55-144838a04ea2
2019-08-29 11:55:49,141 [ForkJoinPool.commonPool-worker-1] INFO  impl.RoleInfo (RoleInfo.java:shutdownLeaderState(104)) - 07dabde0-c17e-46ed-9a55-144838a04ea2: shutdown LeaderState
2019-08-29 11:55:49,144 [org.apache.ratis.server.impl.LogAppender$AppenderDaemon$$Lambda$510/1889478639@39e7f66e] WARN  server.GrpcLogAppender (GrpcLogAppender.java:mayWait(143)) - GrpcLogAppender(07dabde0-c17e-46ed-9a55-144838a04ea2->4a332945-53dc-4c0b-b910-cfaf195ac63d): Wait interrupted by java.lang.InterruptedException
2019-08-29 11:55:49,144 [org.apache.ratis.server.impl.LogAppender$AppenderDaemon$$Lambda$510/1889478639@400f0b20] WARN  server.GrpcLogAppender (GrpcLogAppender.java:mayWait(143)) - GrpcLogAppender(07dabde0-c17e-46ed-9a55-144838a04ea2->bd7d2b3e-70a9-4c18-9e48-3057ca72b747): Wait interrupted by java.lang.InterruptedException
2019-08-29 11:55:49,144 [ForkJoinPool.commonPool-worker-1] INFO  impl.PendingRequests (PendingRequests.java:sendNotLeaderResponses(202)) - 07dabde0-c17e-46ed-9a55-144838a04ea2-PendingRequests: sendNotLeaderResponses
2019-08-29 11:55:49,145 [ForkJoinPool.commonPool-worker-1] INFO  impl.StateMachineUpdater (StateMachineUpdater.java:stopAndJoin(115)) - StateMachineUpdater:07dabde0-c17e-46ed-9a55-144838a04ea2:group-39336B115318: set stopIndex = 2
2019-08-29 11:55:49,145 [ForkJoinPool.commonPool-worker-1] INFO  impl.RaftServerImpl (ServerState.java:close(394)) - 07dabde0-c17e-46ed-9a55-144838a04ea2:group-39336B115318 closes. The last applied log index is 2
2019-08-29 11:55:49,146 [07dabde0-c17e-46ed-9a55-144838a04ea2-SegmentedRaftLogWorker:Storage Directory /workdir/hadoop-ozone/integration-test/target/test-dir/MiniOzoneClusterImpl-d5645d28-46c2-4d7d-99f2-1f02fc29b8b0/datanode-1/data/ratis/de5feacf-52c6-40b2-b983-39336b115318] INFO  segmented.SegmentedRaftLogWorker (SegmentedRaftLogWorker.java:run(313)) - 07dabde0-c17e-46ed-9a55-144838a04ea2-SegmentedRaftLogWorker:Storage Directory /workdir/hadoop-ozone/integration-test/target/test-dir/MiniOzoneClusterImpl-d5645d28-46c2-4d7d-99f2-1f02fc29b8b0/datanode-1/data/ratis/de5feacf-52c6-40b2-b983-39336b115318 was interrupted, exiting. There are 0 tasks remaining in the queue.
2019-08-29 11:55:49,147 [ForkJoinPool.commonPool-worker-1] INFO  segmented.SegmentedRaftLogWorker (SegmentedRaftLogWorker.java:close(228)) - 07dabde0-c17e-46ed-9a55-144838a04ea2-SegmentedRaftLogWorker:Storage Directory /workdir/hadoop-ozone/integration-test/target/test-dir/MiniOzoneClusterImpl-d5645d28-46c2-4d7d-99f2-1f02fc29b8b0/datanode-1/data/ratis/de5feacf-52c6-40b2-b983-39336b115318 close()
2019-08-29 11:55:49,148 [StateMachineUpdater:42efee89-99fa-4c75-b2bf-b3a1b636c7a3:group-2DD3C3757259] INFO  ratis.ContainerStateMachine (ContainerStateMachine.java:takeSnapshot(294)) - group-2DD3C3757259: Finished taking a snapshot at:(t:2, i:1) file:/workdir/hadoop-ozone/integration-test/target/test-dir/MiniOzoneClusterImpl-d5645d28-46c2-4d7d-99f2-1f02fc29b8b0/datanode-7/data/ratis/096fcd2b-786a-4a64-996f-2dd3c3757259/sm/snapshot.2_1 time:15
2019-08-29 11:55:49,148 [ForkJoinPool.commonPool-worker-1] INFO  server.GrpcService (GrpcService.java:closeImpl(155)) - 07dabde0-c17e-46ed-9a55-144838a04ea2: shutdown server with port 46770 now
2019-08-29 11:55:49,148 [StateMachineUpdater:42efee89-99fa-4c75-b2bf-b3a1b636c7a3:group-2DD3C3757259] INFO  impl.StateMachineUpdater (StateMachineUpdater.java:takeSnapshot(242)) - StateMachineUpdater:42efee89-99fa-4c75-b2bf-b3a1b636c7a3:group-2DD3C3757259: Took a snapshot at index 1
2019-08-29 11:55:49,149 [StateMachineUpdater:42efee89-99fa-4c75-b2bf-b3a1b636c7a3:group-2DD3C3757259] INFO  impl.StateMachineUpdater (StateMachineUpdater.java:lambda$new$0(80)) - StateMachineUpdater:42efee89-99fa-4c75-b2bf-b3a1b636c7a3:group-2DD3C3757259: snapshotIndex: updateIncreasingly -1 -> 1
2019-08-29 11:55:49,149 [ForkJoinPool.commonPool-worker-1] INFO  server.GrpcService (GrpcService.java:closeImpl(163)) - 07dabde0-c17e-46ed-9a55-144838a04ea2: shutdown server with port 46770 successfully
2019-08-29 11:55:49,149 [main] INFO  impl.RaftServerImpl (ServerState.java:close(394)) - 42efee89-99fa-4c75-b2bf-b3a1b636c7a3:group-2DD3C3757259 closes. The last applied log index is 2
2019-08-29 11:55:49,149 [42efee89-99fa-4c75-b2bf-b3a1b636c7a3-SegmentedRaftLogWorker:Storage Directory /workdir/hadoop-ozone/integration-test/target/test-dir/MiniOzoneClusterImpl-d5645d28-46c2-4d7d-99f2-1f02fc29b8b0/datanode-7/data/ratis/096fcd2b-786a-4a64-996f-2dd3c3757259] INFO  segmented.SegmentedRaftLogWorker (SegmentedRaftLogWorker.java:run(313)) - 42efee89-99fa-4c75-b2bf-b3a1b636c7a3-SegmentedRaftLogWorker:Storage Directory /workdir/hadoop-ozone/integration-test/target/test-dir/MiniOzoneClusterImpl-d5645d28-46c2-4d7d-99f2-1f02fc29b8b0/datanode-7/data/ratis/096fcd2b-786a-4a64-996f-2dd3c3757259 was interrupted, exiting. There are 0 tasks remaining in the queue.
2019-08-29 11:55:49,150 [main] INFO  segmented.SegmentedRaftLogWorker (SegmentedRaftLogWorker.java:close(228)) - 42efee89-99fa-4c75-b2bf-b3a1b636c7a3-SegmentedRaftLogWorker:Storage Directory /workdir/hadoop-ozone/integration-test/target/test-dir/MiniOzoneClusterImpl-d5645d28-46c2-4d7d-99f2-1f02fc29b8b0/datanode-7/data/ratis/096fcd2b-786a-4a64-996f-2dd3c3757259 close()
2019-08-29 11:55:49,151 [main] INFO  server.GrpcService (GrpcService.java:closeImpl(155)) - 42efee89-99fa-4c75-b2bf-b3a1b636c7a3: shutdown server with port 34186 now
2019-08-29 11:55:49,152 [main] INFO  server.GrpcService (GrpcService.java:closeImpl(163)) - 42efee89-99fa-4c75-b2bf-b3a1b636c7a3: shutdown server with port 34186 successfully
2019-08-29 11:55:49,155 [main] INFO  utils.BackgroundService (BackgroundService.java:shutdown(148)) - Shutting down service BlockDeletingService
2019-08-29 11:55:49,157 [refreshUsed-/workdir/hadoop-ozone/integration-test/target/test-dir/MiniOzoneClusterImpl-d5645d28-46c2-4d7d-99f2-1f02fc29b8b0/datanode-7/data/containers] WARN  fs.CachingGetSpaceUsed (CachingGetSpaceUsed.java:run(183)) - Thread Interrupted waiting to refresh disk information: sleep interrupted
2019-08-29 11:55:49,160 [ForkJoinPool.commonPool-worker-1] INFO  utils.BackgroundService (BackgroundService.java:shutdown(148)) - Shutting down service BlockDeletingService
2019-08-29 11:55:49,161 [refreshUsed-/workdir/hadoop-ozone/integration-test/target/test-dir/MiniOzoneClusterImpl-d5645d28-46c2-4d7d-99f2-1f02fc29b8b0/datanode-1/data/containers] WARN  fs.CachingGetSpaceUsed (CachingGetSpaceUsed.java:run(183)) - Thread Interrupted waiting to refresh disk information: sleep interrupted
2019-08-29 11:55:49,176 [ForkJoinPool.commonPool-worker-1] INFO  statemachine.DatanodeStateMachine (DatanodeStateMachine.java:stopDaemon(395)) - Ozone container server stopped.
2019-08-29 11:55:49,179 [ForkJoinPool.commonPool-worker-1] INFO  handler.ContextHandler (ContextHandler.java:doStop(910)) - Stopped o.e.j.w.WebAppContext@4776e209{/,null,UNAVAILABLE}{/hddsDatanode}
2019-08-29 11:55:49,179 [ForkJoinPool.commonPool-worker-1] INFO  server.AbstractConnector (AbstractConnector.java:doStop(318)) - Stopped ServerConnector@265a094b{HTTP/1.1,[http/1.1]}{0.0.0.0:0}
2019-08-29 11:55:49,180 [ForkJoinPool.commonPool-worker-1] INFO  handler.ContextHandler (ContextHandler.java:doStop(910)) - Stopped o.e.j.s.ServletContextHandler@22ead351{/static,jar:file:/home/user/.m2/repository/org/apache/hadoop/hadoop-hdds-container-service/0.5.0-SNAPSHOT/hadoop-hdds-container-service-0.5.0-SNAPSHOT.jar!/webapps/static,UNAVAILABLE}
2019-08-29 11:55:49,183 [ForkJoinPool.commonPool-worker-1] INFO  handler.ContextHandler (ContextHandler.java:doStop(910)) - Stopped o.e.j.s.ServletContextHandler@31834a2b{/logs,file:///workdir/hadoop-ozone/integration-test/target/log,UNAVAILABLE}
2019-08-29 11:55:49,183 [main] INFO  statemachine.DatanodeStateMachine (DatanodeStateMachine.java:stopDaemon(395)) - Ozone container server stopped.
2019-08-29 11:55:49,185 [main] INFO  handler.ContextHandler (ContextHandler.java:doStop(910)) - Stopped o.e.j.w.WebAppContext@547aaa32{/,null,UNAVAILABLE}{/hddsDatanode}
2019-08-29 11:55:49,186 [main] INFO  server.AbstractConnector (AbstractConnector.java:doStop(318)) - Stopped ServerConnector@472c9f88{HTTP/1.1,[http/1.1]}{0.0.0.0:0}
2019-08-29 11:55:49,186 [main] INFO  handler.ContextHandler (ContextHandler.java:doStop(910)) - Stopped o.e.j.s.ServletContextHandler@4228f269{/static,jar:file:/home/user/.m2/repository/org/apache/hadoop/hadoop-hdds-container-service/0.5.0-SNAPSHOT/hadoop-hdds-container-service-0.5.0-SNAPSHOT.jar!/webapps/static,UNAVAILABLE}
2019-08-29 11:55:49,186 [main] INFO  handler.ContextHandler (ContextHandler.java:doStop(910)) - Stopped o.e.j.s.ServletContextHandler@3686389{/logs,file:///workdir/hadoop-ozone/integration-test/target/log,UNAVAILABLE}
2019-08-29 11:55:49,187 [main] INFO  ozone.MiniOzoneClusterImpl (MiniOzoneClusterImpl.java:stop(353)) - Stopping the StorageContainerManager
2019-08-29 11:55:49,187 [main] INFO  server.StorageContainerManager (StorageContainerManager.java:stop(797)) - Stopping Replication Manager Service.
2019-08-29 11:55:49,188 [main] INFO  container.ReplicationManager (ReplicationManager.java:stop(193)) - Stopping Replication Monitor Thread.
2019-08-29 11:55:49,188 [main] INFO  server.StorageContainerManager (StorageContainerManager.java:stop(804)) - Stopping Lease Manager of the command watchers
2019-08-29 11:55:49,188 [main] INFO  server.StorageContainerManager (StorageContainerManager.java:stop(811)) - Stopping datanode service RPC server
2019-08-29 11:55:49,188 [main] INFO  server.SCMDatanodeProtocolServer (SCMDatanodeProtocolServer.java:stop(367)) - Stopping the RPC server for DataNodes
2019-08-29 11:55:49,188 [main] INFO  ipc.Server (Server.java:stop(3082)) - Stopping server on 35431
2019-08-29 11:55:49,191 [IPC Server Responder] INFO  ipc.Server (Server.java:run(1319)) - Stopping IPC Server Responder
2019-08-29 11:55:49,191 [IPC Server listener on 35431] INFO  ipc.Server (Server.java:run(1185)) - Stopping IPC Server listener on 35431
2019-08-29 11:55:49,229 [SCM Heartbeat Processing Thread - 0] WARN  node.NodeStateManager (NodeStateManager.java:scheduleNextHealthCheck(646)) - Current Thread is interrupted, shutting down HB processing thread for Node Manager.
2019-08-29 11:55:49,229 [main] INFO  server.StorageContainerManager (StorageContainerManager.java:stop(819)) - Stopping block service RPC server
2019-08-29 11:55:49,229 [main] INFO  server.SCMBlockProtocolServer (SCMBlockProtocolServer.java:stop(148)) - Stopping the RPC server for Block Protocol
2019-08-29 11:55:49,229 [main] INFO  ipc.Server (Server.java:stop(3082)) - Stopping server on 42514
2019-08-29 11:55:49,231 [IPC Server listener on 42514] INFO  ipc.Server (Server.java:run(1185)) - Stopping IPC Server listener on 42514
2019-08-29 11:55:49,231 [main] INFO  server.StorageContainerManager (StorageContainerManager.java:stop(826)) - Stopping the StorageContainerLocationProtocol RPC server
2019-08-29 11:55:49,233 [IPC Server Responder] INFO  ipc.Server (Server.java:run(1319)) - Stopping IPC Server Responder
2019-08-29 11:55:49,233 [main] INFO  server.SCMClientProtocolServer (SCMClientProtocolServer.java:stop(159)) - Stopping the RPC server for Client Protocol
2019-08-29 11:55:49,233 [main] INFO  ipc.Server (Server.java:stop(3082)) - Stopping server on 35677
2019-08-29 11:55:49,235 [IPC Server listener on 35677] INFO  ipc.Server (Server.java:run(1185)) - Stopping IPC Server listener on 35677
2019-08-29 11:55:49,235 [IPC Server Responder] INFO  ipc.Server (Server.java:run(1319)) - Stopping IPC Server Responder
2019-08-29 11:55:49,235 [main] INFO  server.StorageContainerManager (StorageContainerManager.java:stop(833)) - Stopping Storage Container Manager HTTP server.
2019-08-29 11:55:49,237 [main] INFO  handler.ContextHandler (ContextHandler.java:doStop(910)) - Stopped o.e.j.w.WebAppContext@30b34287{/,null,UNAVAILABLE}{/scm}
2019-08-29 11:55:49,238 [main] INFO  server.AbstractConnector (AbstractConnector.java:doStop(318)) - Stopped ServerConnector@672f11c2{HTTP/1.1,[http/1.1]}{0.0.0.0:0}
2019-08-29 11:55:49,239 [main] INFO  handler.ContextHandler (ContextHandler.java:doStop(910)) - Stopped o.e.j.s.ServletContextHandler@38f116f6{/static,file:///workdir/hadoop-ozone/integration-test/target/test-classes/webapps/static,UNAVAILABLE}
2019-08-29 11:55:49,240 [main] INFO  handler.ContextHandler (ContextHandler.java:doStop(910)) - Stopped o.e.j.s.ServletContextHandler@424fd310{/logs,file:///workdir/hadoop-ozone/integration-test/target/log,UNAVAILABLE}
2019-08-29 11:55:49,241 [main] INFO  server.StorageContainerManager (StorageContainerManager.java:stop(844)) - Stopping Block Manager Service.
2019-08-29 11:55:49,241 [main] INFO  utils.BackgroundService (BackgroundService.java:shutdown(148)) - Shutting down service SCMBlockDeletingService
2019-08-29 11:55:49,242 [main] INFO  utils.BackgroundService (BackgroundService.java:shutdown(148)) - Shutting down service SCMBlockDeletingService
2019-08-29 11:55:49,242 [main] INFO  server.StorageContainerManager (StorageContainerManager.java:stop(866)) - Stopping SCM Event Queue.
2019-08-29 11:55:49,250 [main] INFO  impl.MetricsSystemImpl (MetricsSystemImpl.java:stop(210)) - Stopping XceiverClientMetrics metrics system...
2019-08-29 11:55:49,260 [main] INFO  impl.MetricsSystemImpl (MetricsSystemImpl.java:stop(216)) - XceiverClientMetrics metrics system stopped.
]]></system-out>
    <system-err><![CDATA[Aug 29, 2019 11:54:30 AM com.sun.jersey.server.impl.application.WebApplicationImpl _initiate
INFO: Initiating Jersey application, version 'Jersey: 1.19 02/11/2015 03:25 AM'
Aug 29, 2019 11:54:31 AM com.sun.jersey.server.impl.application.WebApplicationImpl _initiate
INFO: Initiating Jersey application, version 'Jersey: 1.19 02/11/2015 03:25 AM'
Aug 29, 2019 11:54:31 AM com.sun.jersey.server.impl.application.WebApplicationImpl _initiate
INFO: Initiating Jersey application, version 'Jersey: 1.19 02/11/2015 03:25 AM'
Aug 29, 2019 11:54:32 AM com.sun.jersey.server.impl.application.WebApplicationImpl _initiate
INFO: Initiating Jersey application, version 'Jersey: 1.19 02/11/2015 03:25 AM'
Aug 29, 2019 11:54:32 AM com.sun.jersey.server.impl.application.WebApplicationImpl _initiate
INFO: Initiating Jersey application, version 'Jersey: 1.19 02/11/2015 03:25 AM'
Aug 29, 2019 11:54:32 AM com.sun.jersey.server.impl.application.WebApplicationImpl _initiate
INFO: Initiating Jersey application, version 'Jersey: 1.19 02/11/2015 03:25 AM'
Aug 29, 2019 11:54:33 AM com.sun.jersey.server.impl.application.WebApplicationImpl _initiate
INFO: Initiating Jersey application, version 'Jersey: 1.19 02/11/2015 03:25 AM'
Aug 29, 2019 11:54:33 AM com.sun.jersey.server.impl.application.WebApplicationImpl _initiate
INFO: Initiating Jersey application, version 'Jersey: 1.19 02/11/2015 03:25 AM'
Aug 29, 2019 11:54:33 AM com.sun.jersey.server.impl.application.WebApplicationImpl _initiate
INFO: Initiating Jersey application, version 'Jersey: 1.19 02/11/2015 03:25 AM'
Aug 29, 2019 11:54:34 AM com.sun.jersey.server.impl.application.WebApplicationImpl _initiate
INFO: Initiating Jersey application, version 'Jersey: 1.19 02/11/2015 03:25 AM'
]]></system-err>
  </testcase>
  <testcase name="testMultiBlockWritesWithDnFailures" classname="org.apache.hadoop.ozone.client.rpc.TestMultiBlockWritesWithDnFailures" time="39.874"/>
</testsuite>