<?xml version="1.0" encoding="UTF-8"?>
<testsuite xmlns:xsi="http://www.w3.org/2001/XMLSchema-instance" xsi:noNamespaceSchemaLocation="https://maven.apache.org/surefire/maven-surefire-plugin/xsd/surefire-test-report.xsd" name="org.apache.hadoop.ozone.client.rpc.TestBlockOutputStreamWithFailures" time="688.299" tests="8" errors="0" skipped="0" failures="2">
  <properties>
    <property name="awt.toolkit" value="sun.awt.X11.XToolkit"/>
    <property name="file.encoding.pkg" value="sun.io"/>
    <property name="java.specification.version" value="1.8"/>
    <property name="sun.cpu.isalist" value=""/>
    <property name="sun.jnu.encoding" value="UTF-8"/>
    <property name="java.class.path" value="/workdir/hadoop-ozone/integration-test/target/test-classes:/workdir/hadoop-ozone/integration-test/target/classes:/home/user/.m2/repository/org/apache/hadoop/hadoop-ozone-common/0.5.0-SNAPSHOT/hadoop-ozone-common-0.5.0-SNAPSHOT.jar:/home/user/.m2/repository/org/apache/commons/commons-compress/1.4.1/commons-compress-1.4.1.jar:/home/user/.m2/repository/org/tukaani/xz/1.0/xz-1.0.jar:/home/user/.m2/repository/org/apache/hadoop/hadoop-common/3.2.0/hadoop-common-3.2.0.jar:/home/user/.m2/repository/org/apache/hadoop/hadoop-hdfs/3.2.0/hadoop-hdfs-3.2.0.jar:/home/user/.m2/repository/org/apache/hadoop/hadoop-hdfs-client/3.2.0/hadoop-hdfs-client-3.2.0.jar:/home/user/.m2/repository/com/fasterxml/jackson/core/jackson-annotations/2.9.5/jackson-annotations-2.9.5.jar:/home/user/.m2/repository/org/apache/hadoop/hadoop-hdds-common/0.5.0-SNAPSHOT/hadoop-hdds-common-0.5.0-SNAPSHOT.jar:/home/user/.m2/repository/javax/annotation/javax.annotation-api/1.2/javax.annotation-api-1.2.jar:/home/user/.m2/repository/org/apache/ratis/ratis-server/0.4.0-2337318-SNAPSHOT/ratis-server-0.4.0-2337318-SNAPSHOT.jar:/home/user/.m2/repository/org/apache/ratis/ratis-thirdparty-misc/0.2.0/ratis-thirdparty-misc-0.2.0.jar:/home/user/.m2/repository/org/apache/ratis/ratis-proto/0.4.0-2337318-SNAPSHOT/ratis-proto-0.4.0-2337318-SNAPSHOT.jar:/home/user/.m2/repository/org/apache/ratis/ratis-common/0.4.0-2337318-SNAPSHOT/ratis-common-0.4.0-2337318-SNAPSHOT.jar:/home/user/.m2/repository/org/apache/ratis/ratis-client/0.4.0-2337318-SNAPSHOT/ratis-client-0.4.0-2337318-SNAPSHOT.jar:/home/user/.m2/repository/org/apache/ratis/ratis-metrics/0.4.0-2337318-SNAPSHOT/ratis-metrics-0.4.0-2337318-SNAPSHOT.jar:/home/user/.m2/repository/org/apache/ratis/ratis-netty/0.4.0-2337318-SNAPSHOT/ratis-netty-0.4.0-2337318-SNAPSHOT.jar:/home/user/.m2/repository/org/apache/ratis/ratis-grpc/0.4.0-2337318-SNAPSHOT/ratis-grpc-0.4.0-2337318-SNAPSHOT.jar:/home/user/.m2/repository/org/rocksdb/rocksdbjni/6.0.1/rocksdbjni-6.0.1.jar:/home/user/.m2/repository/org/apache/logging/log4j/log4j-api/2.11.0/log4j-api-2.11.0.jar:/home/user/.m2/repository/org/apache/logging/log4j/log4j-core/2.11.0/log4j-core-2.11.0.jar:/home/user/.m2/repository/com/lmax/disruptor/3.4.2/disruptor-3.4.2.jar:/home/user/.m2/repository/org/apache/commons/commons-pool2/2.6.0/commons-pool2-2.6.0.jar:/home/user/.m2/repository/org/bouncycastle/bcpkix-jdk15on/1.60/bcpkix-jdk15on-1.60.jar:/home/user/.m2/repository/commons-validator/commons-validator/1.6/commons-validator-1.6.jar:/home/user/.m2/repository/commons-digester/commons-digester/1.8.1/commons-digester-1.8.1.jar:/home/user/.m2/repository/io/jaegertracing/jaeger-client/0.33.1/jaeger-client-0.33.1.jar:/home/user/.m2/repository/io/jaegertracing/jaeger-thrift/0.33.1/jaeger-thrift-0.33.1.jar:/home/user/.m2/repository/org/apache/thrift/libthrift/0.11.0/libthrift-0.11.0.jar:/home/user/.m2/repository/com/squareup/okhttp3/okhttp/3.9.0/okhttp-3.9.0.jar:/home/user/.m2/repository/com/squareup/okio/okio/1.13.0/okio-1.13.0.jar:/home/user/.m2/repository/io/jaegertracing/jaeger-core/0.33.1/jaeger-core-0.33.1.jar:/home/user/.m2/repository/io/jaegertracing/jaeger-tracerresolver/0.33.1/jaeger-tracerresolver-0.33.1.jar:/home/user/.m2/repository/io/opentracing/contrib/opentracing-tracerresolver/0.1.5/opentracing-tracerresolver-0.1.5.jar:/home/user/.m2/repository/io/opentracing/opentracing-util/0.31.0/opentracing-util-0.31.0.jar:/home/user/.m2/repository/io/opentracing/opentracing-api/0.31.0/opentracing-api-0.31.0.jar:/home/user/.m2/repository/io/opentracing/opentracing-noop/0.31.0/opentracing-noop-0.31.0.jar:/home/user/.m2/repository/org/apache/hadoop/hadoop-hdds-server-framework/0.5.0-SNAPSHOT/hadoop-hdds-server-framework-0.5.0-SNAPSHOT.jar:/home/user/.m2/repository/org/apache/hadoop/hadoop-hdds-container-service/0.5.0-SNAPSHOT/hadoop-hdds-container-service-0.5.0-SNAPSHOT.jar:/home/user/.m2/repository/org/apache/hadoop/hadoop-hdds-client/0.5.0-SNAPSHOT/hadoop-hdds-client-0.5.0-SNAPSHOT.jar:/home/user/.m2/repository/org/apache/hadoop/hadoop-hdds-tools/0.5.0-SNAPSHOT/hadoop-hdds-tools-0.5.0-SNAPSHOT.jar:/home/user/.m2/repository/org/apache/hadoop/hadoop-hdds-server-scm/0.5.0-SNAPSHOT/hadoop-hdds-server-scm-0.5.0-SNAPSHOT.jar:/home/user/.m2/repository/org/apache/hadoop/hadoop-hdds-docs/0.5.0-SNAPSHOT/hadoop-hdds-docs-0.5.0-SNAPSHOT.jar:/home/user/.m2/repository/io/dropwizard/metrics/metrics-core/3.2.4/metrics-core-3.2.4.jar:/home/user/.m2/repository/org/hamcrest/hamcrest-all/1.3/hamcrest-all-1.3.jar:/home/user/.m2/repository/org/bouncycastle/bcprov-jdk15on/1.60/bcprov-jdk15on-1.60.jar:/home/user/.m2/repository/info/picocli/picocli/3.9.6/picocli-3.9.6.jar:/home/user/.m2/repository/com/google/protobuf/protobuf-java/2.5.0/protobuf-java-2.5.0.jar:/home/user/.m2/repository/com/google/guava/guava/11.0.2/guava-11.0.2.jar:/home/user/.m2/repository/org/apache/hadoop/hadoop-ozone-ozone-manager/0.5.0-SNAPSHOT/hadoop-ozone-ozone-manager-0.5.0-SNAPSHOT.jar:/home/user/.m2/repository/org/apache/hadoop/hadoop-minikdc/3.2.0/hadoop-minikdc-3.2.0.jar:/home/user/.m2/repository/commons-io/commons-io/2.5/commons-io-2.5.jar:/home/user/.m2/repository/org/apache/kerby/kerb-simplekdc/1.0.1/kerb-simplekdc-1.0.1.jar:/home/user/.m2/repository/org/apache/kerby/kerb-client/1.0.1/kerb-client-1.0.1.jar:/home/user/.m2/repository/org/apache/kerby/kerby-config/1.0.1/kerby-config-1.0.1.jar:/home/user/.m2/repository/org/apache/kerby/kerb-core/1.0.1/kerb-core-1.0.1.jar:/home/user/.m2/repository/org/apache/kerby/kerby-pkix/1.0.1/kerby-pkix-1.0.1.jar:/home/user/.m2/repository/org/apache/kerby/kerby-asn1/1.0.1/kerby-asn1-1.0.1.jar:/home/user/.m2/repository/org/apache/kerby/kerby-util/1.0.1/kerby-util-1.0.1.jar:/home/user/.m2/repository/org/apache/kerby/kerb-common/1.0.1/kerb-common-1.0.1.jar:/home/user/.m2/repository/org/apache/kerby/kerb-crypto/1.0.1/kerb-crypto-1.0.1.jar:/home/user/.m2/repository/org/apache/kerby/kerb-util/1.0.1/kerb-util-1.0.1.jar:/home/user/.m2/repository/org/apache/kerby/token-provider/1.0.1/token-provider-1.0.1.jar:/home/user/.m2/repository/org/apache/kerby/kerb-admin/1.0.1/kerb-admin-1.0.1.jar:/home/user/.m2/repository/org/apache/kerby/kerb-server/1.0.1/kerb-server-1.0.1.jar:/home/user/.m2/repository/org/apache/kerby/kerb-identity/1.0.1/kerb-identity-1.0.1.jar:/home/user/.m2/repository/org/apache/kerby/kerby-xdr/1.0.1/kerby-xdr-1.0.1.jar:/home/user/.m2/repository/org/slf4j/slf4j-log4j12/1.7.25/slf4j-log4j12-1.7.25.jar:/home/user/.m2/repository/org/apache/hadoop/hadoop-ozone-objectstore-service/0.5.0-SNAPSHOT/hadoop-ozone-objectstore-service-0.5.0-SNAPSHOT.jar:/home/user/.m2/repository/org/apache/hadoop/hadoop-ozone-s3gateway/0.5.0-SNAPSHOT/hadoop-ozone-s3gateway-0.5.0-SNAPSHOT.jar:/home/user/.m2/repository/org/jboss/weld/servlet/weld-servlet/2.4.7.Final/weld-servlet-2.4.7.Final.jar:/home/user/.m2/repository/org/glassfish/jersey/containers/jersey-container-servlet-core/2.27/jersey-container-servlet-core-2.27.jar:/home/user/.m2/repository/org/glassfish/hk2/external/javax.inject/2.5.0-b42/javax.inject-2.5.0-b42.jar:/home/user/.m2/repository/org/glassfish/jersey/core/jersey-common/2.27/jersey-common-2.27.jar:/home/user/.m2/repository/org/glassfish/hk2/osgi-resource-locator/1.0.1/osgi-resource-locator-1.0.1.jar:/home/user/.m2/repository/javax/ws/rs/javax.ws.rs-api/2.1/javax.ws.rs-api-2.1.jar:/home/user/.m2/repository/org/glassfish/jersey/ext/cdi/jersey-cdi1x/2.27/jersey-cdi1x-2.27.jar:/home/user/.m2/repository/org/glassfish/jersey/inject/jersey-hk2/2.27/jersey-hk2-2.27.jar:/home/user/.m2/repository/org/glassfish/hk2/hk2-locator/2.5.0-b42/hk2-locator-2.5.0-b42.jar:/home/user/.m2/repository/org/javassist/javassist/3.22.0-CR2/javassist-3.22.0-CR2.jar:/home/user/.m2/repository/org/glassfish/hk2/hk2-api/2.5.0/hk2-api-2.5.0.jar:/home/user/.m2/repository/org/glassfish/hk2/external/jakarta.inject/2.5.0/jakarta.inject-2.5.0.jar:/home/user/.m2/repository/org/glassfish/hk2/hk2-utils/2.5.0/hk2-utils-2.5.0.jar:/home/user/.m2/repository/jakarta/annotation/jakarta.annotation-api/1.3.4/jakarta.annotation-api-1.3.4.jar:/home/user/.m2/repository/org/glassfish/hk2/external/aopalliance-repackaged/2.5.0/aopalliance-repackaged-2.5.0.jar:/home/user/.m2/repository/com/fasterxml/jackson/dataformat/jackson-dataformat-xml/2.9.0/jackson-dataformat-xml-2.9.0.jar:/home/user/.m2/repository/com/fasterxml/jackson/core/jackson-core/2.9.5/jackson-core-2.9.5.jar:/home/user/.m2/repository/com/fasterxml/jackson/module/jackson-module-jaxb-annotations/2.9.5/jackson-module-jaxb-annotations-2.9.5.jar:/home/user/.m2/repository/javax/enterprise/cdi-api/1.2/cdi-api-1.2.jar:/home/user/.m2/repository/javax/el/javax.el-api/3.0.0/javax.el-api-3.0.0.jar:/home/user/.m2/repository/javax/interceptor/javax.interceptor-api/1.2/javax.interceptor-api-1.2.jar:/home/user/.m2/repository/javax/inject/javax.inject/1/javax.inject-1.jar:/home/user/.m2/repository/com/sun/xml/bind/jaxb-impl/2.3.0.1/jaxb-impl-2.3.0.1.jar:/home/user/.m2/repository/com/sun/xml/bind/jaxb-core/2.3.0.1/jaxb-core-2.3.0.1.jar:/home/user/.m2/repository/javax/xml/bind/jaxb-api/2.3.0/jaxb-api-2.3.0.jar:/home/user/.m2/repository/javax/activation/activation/1.1.1/activation-1.1.1.jar:/home/user/.m2/repository/org/apache/hadoop/hadoop-ozone-csi/0.5.0-SNAPSHOT/hadoop-ozone-csi-0.5.0-SNAPSHOT.jar:/home/user/.m2/repository/com/google/protobuf/protobuf-java-util/3.5.1/protobuf-java-util-3.5.1.jar:/home/user/.m2/repository/org/apache/hadoop/hadoop-hdds-config/0.5.0-SNAPSHOT/hadoop-hdds-config-0.5.0-SNAPSHOT.jar:/home/user/.m2/repository/io/grpc/grpc-netty/1.17.1/grpc-netty-1.17.1.jar:/home/user/.m2/repository/io/grpc/grpc-core/1.17.1/grpc-core-1.17.1.jar:/home/user/.m2/repository/io/grpc/grpc-context/1.17.1/grpc-context-1.17.1.jar:/home/user/.m2/repository/com/google/errorprone/error_prone_annotations/2.2.0/error_prone_annotations-2.2.0.jar:/home/user/.m2/repository/org/codehaus/mojo/animal-sniffer-annotations/1.17/animal-sniffer-annotations-1.17.jar:/home/user/.m2/repository/io/opencensus/opencensus-api/0.17.0/opencensus-api-0.17.0.jar:/home/user/.m2/repository/io/opencensus/opencensus-contrib-grpc-metrics/0.17.0/opencensus-contrib-grpc-metrics-0.17.0.jar:/home/user/.m2/repository/io/netty/netty-codec-http2/4.1.30.Final/netty-codec-http2-4.1.30.Final.jar:/home/user/.m2/repository/io/netty/netty-codec-http/4.1.30.Final/netty-codec-http-4.1.30.Final.jar:/home/user/.m2/repository/io/netty/netty-codec/4.1.30.Final/netty-codec-4.1.30.Final.jar:/home/user/.m2/repository/io/netty/netty-handler/4.1.30.Final/netty-handler-4.1.30.Final.jar:/home/user/.m2/repository/io/netty/netty-handler-proxy/4.1.30.Final/netty-handler-proxy-4.1.30.Final.jar:/home/user/.m2/repository/io/netty/netty-codec-socks/4.1.30.Final/netty-codec-socks-4.1.30.Final.jar:/home/user/.m2/repository/io/netty/netty-transport-native-epoll/4.1.30.Final/netty-transport-native-epoll-4.1.30.Final.jar:/home/user/.m2/repository/io/netty/netty-common/4.1.30.Final/netty-common-4.1.30.Final.jar:/home/user/.m2/repository/io/netty/netty-buffer/4.1.30.Final/netty-buffer-4.1.30.Final.jar:/home/user/.m2/repository/io/netty/netty-transport/4.1.30.Final/netty-transport-4.1.30.Final.jar:/home/user/.m2/repository/io/netty/netty-resolver/4.1.30.Final/netty-resolver-4.1.30.Final.jar:/home/user/.m2/repository/io/netty/netty-transport-native-unix-common/4.1.30.Final/netty-transport-native-unix-common-4.1.30.Final.jar:/home/user/.m2/repository/io/grpc/grpc-protobuf/1.17.1/grpc-protobuf-1.17.1.jar:/home/user/.m2/repository/com/google/api/grpc/proto-google-common-protos/1.0.0/proto-google-common-protos-1.0.0.jar:/home/user/.m2/repository/io/grpc/grpc-protobuf-lite/1.17.1/grpc-protobuf-lite-1.17.1.jar:/home/user/.m2/repository/io/grpc/grpc-stub/1.17.1/grpc-stub-1.17.1.jar:/home/user/.m2/repository/org/apache/hadoop/hadoop-ozone-recon/0.5.0-SNAPSHOT/hadoop-ozone-recon-0.5.0-SNAPSHOT.jar:/home/user/.m2/repository/org/apache/hadoop/hadoop-ozone-reconcodegen/0.5.0-SNAPSHOT/hadoop-ozone-reconcodegen-0.5.0-SNAPSHOT.jar:/home/user/.m2/repository/com/google/inject/extensions/guice-multibindings/4.0/guice-multibindings-4.0.jar:/home/user/.m2/repository/com/google/inject/guice/4.0/guice-4.0.jar:/home/user/.m2/repository/aopalliance/aopalliance/1.0/aopalliance-1.0.jar:/home/user/.m2/repository/com/google/inject/extensions/guice-servlet/4.0/guice-servlet-4.0.jar:/home/user/.m2/repository/org/glassfish/jersey/containers/jersey-container-servlet/2.27/jersey-container-servlet-2.27.jar:/home/user/.m2/repository/org/glassfish/hk2/guice-bridge/2.5.0/guice-bridge-2.5.0.jar:/home/user/.m2/repository/org/glassfish/jersey/core/jersey-server/2.27/jersey-server-2.27.jar:/home/user/.m2/repository/org/glassfish/jersey/core/jersey-client/2.27/jersey-client-2.27.jar:/home/user/.m2/repository/org/glassfish/jersey/media/jersey-media-jaxb/2.27/jersey-media-jaxb-2.27.jar:/home/user/.m2/repository/javax/validation/validation-api/1.1.0.Final/validation-api-1.1.0.Final.jar:/home/user/.m2/repository/org/glassfish/jersey/media/jersey-media-json-jackson/2.27/jersey-media-json-jackson-2.27.jar:/home/user/.m2/repository/org/glassfish/jersey/ext/jersey-entity-filtering/2.27/jersey-entity-filtering-2.27.jar:/home/user/.m2/repository/com/google/inject/extensions/guice-assistedinject/4.0/guice-assistedinject-4.0.jar:/home/user/.m2/repository/org/jooq/jooq/3.11.10/jooq-3.11.10.jar:/home/user/.m2/repository/org/jooq/jooq-meta/3.11.10/jooq-meta-3.11.10.jar:/home/user/.m2/repository/org/jooq/jooq-codegen/3.11.10/jooq-codegen-3.11.10.jar:/home/user/.m2/repository/com/jolbox/bonecp/0.8.0.RELEASE/bonecp-0.8.0.RELEASE.jar:/home/user/.m2/repository/org/xerial/sqlite-jdbc/3.25.2/sqlite-jdbc-3.25.2.jar:/home/user/.m2/repository/org/springframework/spring-jdbc/5.1.3.RELEASE/spring-jdbc-5.1.3.RELEASE.jar:/home/user/.m2/repository/org/springframework/spring-beans/5.1.3.RELEASE/spring-beans-5.1.3.RELEASE.jar:/home/user/.m2/repository/org/springframework/spring-core/5.1.3.RELEASE/spring-core-5.1.3.RELEASE.jar:/home/user/.m2/repository/org/springframework/spring-jcl/5.1.3.RELEASE/spring-jcl-5.1.3.RELEASE.jar:/home/user/.m2/repository/org/springframework/spring-tx/5.1.3.RELEASE/spring-tx-5.1.3.RELEASE.jar:/home/user/.m2/repository/org/apache/hadoop/hadoop-ozone-client/0.5.0-SNAPSHOT/hadoop-ozone-client-0.5.0-SNAPSHOT.jar:/home/user/.m2/repository/commons-lang/commons-lang/2.6/commons-lang-2.6.jar:/home/user/.m2/repository/org/apache/hadoop/hadoop-ozone-ozone-manager/0.5.0-SNAPSHOT/hadoop-ozone-ozone-manager-0.5.0-SNAPSHOT-tests.jar:/home/user/.m2/repository/junit/junit/4.11/junit-4.11.jar:/home/user/.m2/repository/org/hamcrest/hamcrest-core/1.3/hamcrest-core-1.3.jar:/home/user/.m2/repository/org/openjdk/jmh/jmh-core/1.19/jmh-core-1.19.jar:/home/user/.m2/repository/net/sf/jopt-simple/jopt-simple/4.6/jopt-simple-4.6.jar:/home/user/.m2/repository/org/apache/commons/commons-math3/3.1.1/commons-math3-3.1.1.jar:/home/user/.m2/repository/org/openjdk/jmh/jmh-generator-annprocess/1.19/jmh-generator-annprocess-1.19.jar:/home/user/.m2/repository/org/mockito/mockito-all/1.8.5/mockito-all-1.8.5.jar:/home/user/.m2/repository/org/apache/hadoop/hadoop-kms/3.2.0/hadoop-kms-3.2.0.jar:/home/user/.m2/repository/org/apache/hadoop/hadoop-auth/3.2.0/hadoop-auth-3.2.0.jar:/home/user/.m2/repository/com/nimbusds/nimbus-jose-jwt/4.41.1/nimbus-jose-jwt-4.41.1.jar:/home/user/.m2/repository/com/github/stephenc/jcip/jcip-annotations/1.0-1/jcip-annotations-1.0-1.jar:/home/user/.m2/repository/net/minidev/json-smart/2.3/json-smart-2.3.jar:/home/user/.m2/repository/net/minidev/accessors-smart/1.2/accessors-smart-1.2.jar:/home/user/.m2/repository/org/ow2/asm/asm/5.0.4/asm-5.0.4.jar:/home/user/.m2/repository/org/apache/curator/curator-framework/2.12.0/curator-framework-2.12.0.jar:/home/user/.m2/repository/com/sun/jersey/jersey-core/1.19/jersey-core-1.19.jar:/home/user/.m2/repository/javax/ws/rs/jsr311-api/1.1.1/jsr311-api-1.1.1.jar:/home/user/.m2/repository/com/sun/jersey/jersey-server/1.19/jersey-server-1.19.jar:/home/user/.m2/repository/javax/servlet/javax.servlet-api/3.1.0/javax.servlet-api-3.1.0.jar:/home/user/.m2/repository/org/eclipse/jetty/jetty-server/9.3.24.v20180605/jetty-server-9.3.24.v20180605.jar:/home/user/.m2/repository/org/eclipse/jetty/jetty-http/9.3.24.v20180605/jetty-http-9.3.24.v20180605.jar:/home/user/.m2/repository/org/eclipse/jetty/jetty-io/9.3.24.v20180605/jetty-io-9.3.24.v20180605.jar:/home/user/.m2/repository/org/eclipse/jetty/jetty-webapp/9.3.24.v20180605/jetty-webapp-9.3.24.v20180605.jar:/home/user/.m2/repository/org/eclipse/jetty/jetty-xml/9.3.24.v20180605/jetty-xml-9.3.24.v20180605.jar:/home/user/.m2/repository/log4j/log4j/1.2.17/log4j-1.2.17.jar:/home/user/.m2/repository/org/slf4j/slf4j-api/1.7.25/slf4j-api-1.7.25.jar:/home/user/.m2/repository/org/slf4j/jul-to-slf4j/1.7.25/jul-to-slf4j-1.7.25.jar:/home/user/.m2/repository/org/eclipse/jetty/jetty-util/9.3.24.v20180605/jetty-util-9.3.24.v20180605.jar:/home/user/.m2/repository/com/fasterxml/jackson/core/jackson-databind/2.9.5/jackson-databind-2.9.5.jar:/home/user/.m2/repository/org/apache/hadoop/hadoop-kms/3.2.0/hadoop-kms-3.2.0-tests.jar:/home/user/.m2/repository/org/apache/hadoop/hadoop-hdds-server-scm/0.5.0-SNAPSHOT/hadoop-hdds-server-scm-0.5.0-SNAPSHOT-tests.jar:/home/user/.m2/repository/org/apache/hadoop/hadoop-hdds-container-service/0.5.0-SNAPSHOT/hadoop-hdds-container-service-0.5.0-SNAPSHOT-tests.jar:/home/user/.m2/repository/org/yaml/snakeyaml/1.16/snakeyaml-1.16.jar:/home/user/.m2/repository/org/apache/hadoop/hadoop-common/3.2.0/hadoop-common-3.2.0-tests.jar:/home/user/.m2/repository/org/apache/hadoop/hadoop-annotations/3.2.0/hadoop-annotations-3.2.0.jar:/usr/lib/jvm/java-1.8-openjdk/jre/../lib/tools.jar:/home/user/.m2/repository/commons-cli/commons-cli/1.2/commons-cli-1.2.jar:/home/user/.m2/repository/org/apache/httpcomponents/httpclient/4.5.2/httpclient-4.5.2.jar:/home/user/.m2/repository/org/apache/httpcomponents/httpcore/4.4.4/httpcore-4.4.4.jar:/home/user/.m2/repository/commons-codec/commons-codec/1.11/commons-codec-1.11.jar:/home/user/.m2/repository/commons-net/commons-net/3.6/commons-net-3.6.jar:/home/user/.m2/repository/commons-collections/commons-collections/3.2.2/commons-collections-3.2.2.jar:/home/user/.m2/repository/org/eclipse/jetty/jetty-servlet/9.3.24.v20180605/jetty-servlet-9.3.24.v20180605.jar:/home/user/.m2/repository/org/eclipse/jetty/jetty-security/9.3.24.v20180605/jetty-security-9.3.24.v20180605.jar:/home/user/.m2/repository/javax/servlet/jsp/jsp-api/2.1/jsp-api-2.1.jar:/home/user/.m2/repository/com/sun/jersey/jersey-servlet/1.19/jersey-servlet-1.19.jar:/home/user/.m2/repository/com/sun/jersey/jersey-json/1.19/jersey-json-1.19.jar:/home/user/.m2/repository/org/codehaus/jettison/jettison/1.1/jettison-1.1.jar:/home/user/.m2/repository/org/codehaus/jackson/jackson-core-asl/1.9.13/jackson-core-asl-1.9.13.jar:/home/user/.m2/repository/org/codehaus/jackson/jackson-mapper-asl/1.9.13/jackson-mapper-asl-1.9.13.jar:/home/user/.m2/repository/org/codehaus/jackson/jackson-jaxrs/1.9.13/jackson-jaxrs-1.9.13.jar:/home/user/.m2/repository/org/codehaus/jackson/jackson-xc/1.9.13/jackson-xc-1.9.13.jar:/home/user/.m2/repository/commons-logging/commons-logging/1.1.3/commons-logging-1.1.3.jar:/home/user/.m2/repository/commons-beanutils/commons-beanutils/1.9.3/commons-beanutils-1.9.3.jar:/home/user/.m2/repository/org/apache/commons/commons-configuration2/2.1.1/commons-configuration2-2.1.1.jar:/home/user/.m2/repository/org/apache/commons/commons-lang3/3.7/commons-lang3-3.7.jar:/home/user/.m2/repository/org/apache/commons/commons-text/1.4/commons-text-1.4.jar:/home/user/.m2/repository/org/apache/avro/avro/1.7.7/avro-1.7.7.jar:/home/user/.m2/repository/com/thoughtworks/paranamer/paranamer/2.3/paranamer-2.3.jar:/home/user/.m2/repository/org/xerial/snappy/snappy-java/1.0.5/snappy-java-1.0.5.jar:/home/user/.m2/repository/com/google/re2j/re2j/1.1/re2j-1.1.jar:/home/user/.m2/repository/com/google/code/gson/gson/2.2.4/gson-2.2.4.jar:/home/user/.m2/repository/com/jcraft/jsch/0.1.54/jsch-0.1.54.jar:/home/user/.m2/repository/org/apache/curator/curator-client/2.12.0/curator-client-2.12.0.jar:/home/user/.m2/repository/org/apache/curator/curator-recipes/2.12.0/curator-recipes-2.12.0.jar:/home/user/.m2/repository/com/google/code/findbugs/jsr305/3.0.0/jsr305-3.0.0.jar:/home/user/.m2/repository/org/apache/htrace/htrace-core4/4.1.0-incubating/htrace-core4-4.1.0-incubating.jar:/home/user/.m2/repository/org/apache/zookeeper/zookeeper/3.4.13/zookeeper-3.4.13.jar:/home/user/.m2/repository/org/apache/yetus/audience-annotations/0.5.0/audience-annotations-0.5.0.jar:/home/user/.m2/repository/org/codehaus/woodstox/stax2-api/3.1.4/stax2-api-3.1.4.jar:/home/user/.m2/repository/com/fasterxml/woodstox/woodstox-core/5.0.3/woodstox-core-5.0.3.jar:/home/user/.m2/repository/dnsjava/dnsjava/2.1.7/dnsjava-2.1.7.jar:/home/user/.m2/repository/org/apache/hadoop/hadoop-hdfs/3.2.0/hadoop-hdfs-3.2.0-tests.jar:/home/user/.m2/repository/org/eclipse/jetty/jetty-util-ajax/9.3.24.v20180605/jetty-util-ajax-9.3.24.v20180605.jar:/home/user/.m2/repository/commons-daemon/commons-daemon/1.0.13/commons-daemon-1.0.13.jar:/home/user/.m2/repository/io/netty/netty/3.10.5.Final/netty-3.10.5.Final.jar:/home/user/.m2/repository/io/netty/netty-all/4.0.52.Final/netty-all-4.0.52.Final.jar:/home/user/.m2/repository/org/fusesource/leveldbjni/leveldbjni-all/1.8/leveldbjni-all-1.8.jar:"/>
    <property name="java.vm.vendor" value="IcedTea"/>
    <property name="sun.arch.data.model" value="64"/>
    <property name="test.build.dir" value="/workdir/hadoop-ozone/integration-test/target/test-dir"/>
    <property name="test.cache.data" value=""/>
    <property name="java.vendor.url" value="https://icedtea.classpath.org"/>
    <property name="user.timezone" value=""/>
    <property name="java.vm.specification.version" value="1.8"/>
    <property name="os.name" value="Linux"/>
    <property name="test.build.data" value="/workdir/hadoop-ozone/integration-test/target/test-dir"/>
    <property name="user.country" value="US"/>
    <property name="sun.java.launcher" value="SUN_STANDARD"/>
    <property name="sun.boot.library.path" value="/usr/lib/jvm/java-1.8-openjdk/jre/lib/amd64"/>
    <property name="sun.java.command" value="/workdir/hadoop-ozone/integration-test/target/surefire/surefirebooter5707826510703442589.jar /workdir/hadoop-ozone/integration-test/target/surefire 2019-08-29T11-11-28_563-jvmRun1 surefire8481402538991677091tmp surefire_20692285614711067095tmp"/>
    <property name="test" value="!TestMiniChaosOzoneCluster"/>
    <property name="surefire.test.class.path" value="/workdir/hadoop-ozone/integration-test/target/test-classes:/workdir/hadoop-ozone/integration-test/target/classes:/home/user/.m2/repository/org/apache/hadoop/hadoop-ozone-common/0.5.0-SNAPSHOT/hadoop-ozone-common-0.5.0-SNAPSHOT.jar:/home/user/.m2/repository/org/apache/commons/commons-compress/1.4.1/commons-compress-1.4.1.jar:/home/user/.m2/repository/org/tukaani/xz/1.0/xz-1.0.jar:/home/user/.m2/repository/org/apache/hadoop/hadoop-common/3.2.0/hadoop-common-3.2.0.jar:/home/user/.m2/repository/org/apache/hadoop/hadoop-hdfs/3.2.0/hadoop-hdfs-3.2.0.jar:/home/user/.m2/repository/org/apache/hadoop/hadoop-hdfs-client/3.2.0/hadoop-hdfs-client-3.2.0.jar:/home/user/.m2/repository/com/fasterxml/jackson/core/jackson-annotations/2.9.5/jackson-annotations-2.9.5.jar:/home/user/.m2/repository/org/apache/hadoop/hadoop-hdds-common/0.5.0-SNAPSHOT/hadoop-hdds-common-0.5.0-SNAPSHOT.jar:/home/user/.m2/repository/javax/annotation/javax.annotation-api/1.2/javax.annotation-api-1.2.jar:/home/user/.m2/repository/org/apache/ratis/ratis-server/0.4.0-2337318-SNAPSHOT/ratis-server-0.4.0-2337318-SNAPSHOT.jar:/home/user/.m2/repository/org/apache/ratis/ratis-thirdparty-misc/0.2.0/ratis-thirdparty-misc-0.2.0.jar:/home/user/.m2/repository/org/apache/ratis/ratis-proto/0.4.0-2337318-SNAPSHOT/ratis-proto-0.4.0-2337318-SNAPSHOT.jar:/home/user/.m2/repository/org/apache/ratis/ratis-common/0.4.0-2337318-SNAPSHOT/ratis-common-0.4.0-2337318-SNAPSHOT.jar:/home/user/.m2/repository/org/apache/ratis/ratis-client/0.4.0-2337318-SNAPSHOT/ratis-client-0.4.0-2337318-SNAPSHOT.jar:/home/user/.m2/repository/org/apache/ratis/ratis-metrics/0.4.0-2337318-SNAPSHOT/ratis-metrics-0.4.0-2337318-SNAPSHOT.jar:/home/user/.m2/repository/org/apache/ratis/ratis-netty/0.4.0-2337318-SNAPSHOT/ratis-netty-0.4.0-2337318-SNAPSHOT.jar:/home/user/.m2/repository/org/apache/ratis/ratis-grpc/0.4.0-2337318-SNAPSHOT/ratis-grpc-0.4.0-2337318-SNAPSHOT.jar:/home/user/.m2/repository/org/rocksdb/rocksdbjni/6.0.1/rocksdbjni-6.0.1.jar:/home/user/.m2/repository/org/apache/logging/log4j/log4j-api/2.11.0/log4j-api-2.11.0.jar:/home/user/.m2/repository/org/apache/logging/log4j/log4j-core/2.11.0/log4j-core-2.11.0.jar:/home/user/.m2/repository/com/lmax/disruptor/3.4.2/disruptor-3.4.2.jar:/home/user/.m2/repository/org/apache/commons/commons-pool2/2.6.0/commons-pool2-2.6.0.jar:/home/user/.m2/repository/org/bouncycastle/bcpkix-jdk15on/1.60/bcpkix-jdk15on-1.60.jar:/home/user/.m2/repository/commons-validator/commons-validator/1.6/commons-validator-1.6.jar:/home/user/.m2/repository/commons-digester/commons-digester/1.8.1/commons-digester-1.8.1.jar:/home/user/.m2/repository/io/jaegertracing/jaeger-client/0.33.1/jaeger-client-0.33.1.jar:/home/user/.m2/repository/io/jaegertracing/jaeger-thrift/0.33.1/jaeger-thrift-0.33.1.jar:/home/user/.m2/repository/org/apache/thrift/libthrift/0.11.0/libthrift-0.11.0.jar:/home/user/.m2/repository/com/squareup/okhttp3/okhttp/3.9.0/okhttp-3.9.0.jar:/home/user/.m2/repository/com/squareup/okio/okio/1.13.0/okio-1.13.0.jar:/home/user/.m2/repository/io/jaegertracing/jaeger-core/0.33.1/jaeger-core-0.33.1.jar:/home/user/.m2/repository/io/jaegertracing/jaeger-tracerresolver/0.33.1/jaeger-tracerresolver-0.33.1.jar:/home/user/.m2/repository/io/opentracing/contrib/opentracing-tracerresolver/0.1.5/opentracing-tracerresolver-0.1.5.jar:/home/user/.m2/repository/io/opentracing/opentracing-util/0.31.0/opentracing-util-0.31.0.jar:/home/user/.m2/repository/io/opentracing/opentracing-api/0.31.0/opentracing-api-0.31.0.jar:/home/user/.m2/repository/io/opentracing/opentracing-noop/0.31.0/opentracing-noop-0.31.0.jar:/home/user/.m2/repository/org/apache/hadoop/hadoop-hdds-server-framework/0.5.0-SNAPSHOT/hadoop-hdds-server-framework-0.5.0-SNAPSHOT.jar:/home/user/.m2/repository/org/apache/hadoop/hadoop-hdds-container-service/0.5.0-SNAPSHOT/hadoop-hdds-container-service-0.5.0-SNAPSHOT.jar:/home/user/.m2/repository/org/apache/hadoop/hadoop-hdds-client/0.5.0-SNAPSHOT/hadoop-hdds-client-0.5.0-SNAPSHOT.jar:/home/user/.m2/repository/org/apache/hadoop/hadoop-hdds-tools/0.5.0-SNAPSHOT/hadoop-hdds-tools-0.5.0-SNAPSHOT.jar:/home/user/.m2/repository/org/apache/hadoop/hadoop-hdds-server-scm/0.5.0-SNAPSHOT/hadoop-hdds-server-scm-0.5.0-SNAPSHOT.jar:/home/user/.m2/repository/org/apache/hadoop/hadoop-hdds-docs/0.5.0-SNAPSHOT/hadoop-hdds-docs-0.5.0-SNAPSHOT.jar:/home/user/.m2/repository/io/dropwizard/metrics/metrics-core/3.2.4/metrics-core-3.2.4.jar:/home/user/.m2/repository/org/hamcrest/hamcrest-all/1.3/hamcrest-all-1.3.jar:/home/user/.m2/repository/org/bouncycastle/bcprov-jdk15on/1.60/bcprov-jdk15on-1.60.jar:/home/user/.m2/repository/info/picocli/picocli/3.9.6/picocli-3.9.6.jar:/home/user/.m2/repository/com/google/protobuf/protobuf-java/2.5.0/protobuf-java-2.5.0.jar:/home/user/.m2/repository/com/google/guava/guava/11.0.2/guava-11.0.2.jar:/home/user/.m2/repository/org/apache/hadoop/hadoop-ozone-ozone-manager/0.5.0-SNAPSHOT/hadoop-ozone-ozone-manager-0.5.0-SNAPSHOT.jar:/home/user/.m2/repository/org/apache/hadoop/hadoop-minikdc/3.2.0/hadoop-minikdc-3.2.0.jar:/home/user/.m2/repository/commons-io/commons-io/2.5/commons-io-2.5.jar:/home/user/.m2/repository/org/apache/kerby/kerb-simplekdc/1.0.1/kerb-simplekdc-1.0.1.jar:/home/user/.m2/repository/org/apache/kerby/kerb-client/1.0.1/kerb-client-1.0.1.jar:/home/user/.m2/repository/org/apache/kerby/kerby-config/1.0.1/kerby-config-1.0.1.jar:/home/user/.m2/repository/org/apache/kerby/kerb-core/1.0.1/kerb-core-1.0.1.jar:/home/user/.m2/repository/org/apache/kerby/kerby-pkix/1.0.1/kerby-pkix-1.0.1.jar:/home/user/.m2/repository/org/apache/kerby/kerby-asn1/1.0.1/kerby-asn1-1.0.1.jar:/home/user/.m2/repository/org/apache/kerby/kerby-util/1.0.1/kerby-util-1.0.1.jar:/home/user/.m2/repository/org/apache/kerby/kerb-common/1.0.1/kerb-common-1.0.1.jar:/home/user/.m2/repository/org/apache/kerby/kerb-crypto/1.0.1/kerb-crypto-1.0.1.jar:/home/user/.m2/repository/org/apache/kerby/kerb-util/1.0.1/kerb-util-1.0.1.jar:/home/user/.m2/repository/org/apache/kerby/token-provider/1.0.1/token-provider-1.0.1.jar:/home/user/.m2/repository/org/apache/kerby/kerb-admin/1.0.1/kerb-admin-1.0.1.jar:/home/user/.m2/repository/org/apache/kerby/kerb-server/1.0.1/kerb-server-1.0.1.jar:/home/user/.m2/repository/org/apache/kerby/kerb-identity/1.0.1/kerb-identity-1.0.1.jar:/home/user/.m2/repository/org/apache/kerby/kerby-xdr/1.0.1/kerby-xdr-1.0.1.jar:/home/user/.m2/repository/org/slf4j/slf4j-log4j12/1.7.25/slf4j-log4j12-1.7.25.jar:/home/user/.m2/repository/org/apache/hadoop/hadoop-ozone-objectstore-service/0.5.0-SNAPSHOT/hadoop-ozone-objectstore-service-0.5.0-SNAPSHOT.jar:/home/user/.m2/repository/org/apache/hadoop/hadoop-ozone-s3gateway/0.5.0-SNAPSHOT/hadoop-ozone-s3gateway-0.5.0-SNAPSHOT.jar:/home/user/.m2/repository/org/jboss/weld/servlet/weld-servlet/2.4.7.Final/weld-servlet-2.4.7.Final.jar:/home/user/.m2/repository/org/glassfish/jersey/containers/jersey-container-servlet-core/2.27/jersey-container-servlet-core-2.27.jar:/home/user/.m2/repository/org/glassfish/hk2/external/javax.inject/2.5.0-b42/javax.inject-2.5.0-b42.jar:/home/user/.m2/repository/org/glassfish/jersey/core/jersey-common/2.27/jersey-common-2.27.jar:/home/user/.m2/repository/org/glassfish/hk2/osgi-resource-locator/1.0.1/osgi-resource-locator-1.0.1.jar:/home/user/.m2/repository/javax/ws/rs/javax.ws.rs-api/2.1/javax.ws.rs-api-2.1.jar:/home/user/.m2/repository/org/glassfish/jersey/ext/cdi/jersey-cdi1x/2.27/jersey-cdi1x-2.27.jar:/home/user/.m2/repository/org/glassfish/jersey/inject/jersey-hk2/2.27/jersey-hk2-2.27.jar:/home/user/.m2/repository/org/glassfish/hk2/hk2-locator/2.5.0-b42/hk2-locator-2.5.0-b42.jar:/home/user/.m2/repository/org/javassist/javassist/3.22.0-CR2/javassist-3.22.0-CR2.jar:/home/user/.m2/repository/org/glassfish/hk2/hk2-api/2.5.0/hk2-api-2.5.0.jar:/home/user/.m2/repository/org/glassfish/hk2/external/jakarta.inject/2.5.0/jakarta.inject-2.5.0.jar:/home/user/.m2/repository/org/glassfish/hk2/hk2-utils/2.5.0/hk2-utils-2.5.0.jar:/home/user/.m2/repository/jakarta/annotation/jakarta.annotation-api/1.3.4/jakarta.annotation-api-1.3.4.jar:/home/user/.m2/repository/org/glassfish/hk2/external/aopalliance-repackaged/2.5.0/aopalliance-repackaged-2.5.0.jar:/home/user/.m2/repository/com/fasterxml/jackson/dataformat/jackson-dataformat-xml/2.9.0/jackson-dataformat-xml-2.9.0.jar:/home/user/.m2/repository/com/fasterxml/jackson/core/jackson-core/2.9.5/jackson-core-2.9.5.jar:/home/user/.m2/repository/com/fasterxml/jackson/module/jackson-module-jaxb-annotations/2.9.5/jackson-module-jaxb-annotations-2.9.5.jar:/home/user/.m2/repository/javax/enterprise/cdi-api/1.2/cdi-api-1.2.jar:/home/user/.m2/repository/javax/el/javax.el-api/3.0.0/javax.el-api-3.0.0.jar:/home/user/.m2/repository/javax/interceptor/javax.interceptor-api/1.2/javax.interceptor-api-1.2.jar:/home/user/.m2/repository/javax/inject/javax.inject/1/javax.inject-1.jar:/home/user/.m2/repository/com/sun/xml/bind/jaxb-impl/2.3.0.1/jaxb-impl-2.3.0.1.jar:/home/user/.m2/repository/com/sun/xml/bind/jaxb-core/2.3.0.1/jaxb-core-2.3.0.1.jar:/home/user/.m2/repository/javax/xml/bind/jaxb-api/2.3.0/jaxb-api-2.3.0.jar:/home/user/.m2/repository/javax/activation/activation/1.1.1/activation-1.1.1.jar:/home/user/.m2/repository/org/apache/hadoop/hadoop-ozone-csi/0.5.0-SNAPSHOT/hadoop-ozone-csi-0.5.0-SNAPSHOT.jar:/home/user/.m2/repository/com/google/protobuf/protobuf-java-util/3.5.1/protobuf-java-util-3.5.1.jar:/home/user/.m2/repository/org/apache/hadoop/hadoop-hdds-config/0.5.0-SNAPSHOT/hadoop-hdds-config-0.5.0-SNAPSHOT.jar:/home/user/.m2/repository/io/grpc/grpc-netty/1.17.1/grpc-netty-1.17.1.jar:/home/user/.m2/repository/io/grpc/grpc-core/1.17.1/grpc-core-1.17.1.jar:/home/user/.m2/repository/io/grpc/grpc-context/1.17.1/grpc-context-1.17.1.jar:/home/user/.m2/repository/com/google/errorprone/error_prone_annotations/2.2.0/error_prone_annotations-2.2.0.jar:/home/user/.m2/repository/org/codehaus/mojo/animal-sniffer-annotations/1.17/animal-sniffer-annotations-1.17.jar:/home/user/.m2/repository/io/opencensus/opencensus-api/0.17.0/opencensus-api-0.17.0.jar:/home/user/.m2/repository/io/opencensus/opencensus-contrib-grpc-metrics/0.17.0/opencensus-contrib-grpc-metrics-0.17.0.jar:/home/user/.m2/repository/io/netty/netty-codec-http2/4.1.30.Final/netty-codec-http2-4.1.30.Final.jar:/home/user/.m2/repository/io/netty/netty-codec-http/4.1.30.Final/netty-codec-http-4.1.30.Final.jar:/home/user/.m2/repository/io/netty/netty-codec/4.1.30.Final/netty-codec-4.1.30.Final.jar:/home/user/.m2/repository/io/netty/netty-handler/4.1.30.Final/netty-handler-4.1.30.Final.jar:/home/user/.m2/repository/io/netty/netty-handler-proxy/4.1.30.Final/netty-handler-proxy-4.1.30.Final.jar:/home/user/.m2/repository/io/netty/netty-codec-socks/4.1.30.Final/netty-codec-socks-4.1.30.Final.jar:/home/user/.m2/repository/io/netty/netty-transport-native-epoll/4.1.30.Final/netty-transport-native-epoll-4.1.30.Final.jar:/home/user/.m2/repository/io/netty/netty-common/4.1.30.Final/netty-common-4.1.30.Final.jar:/home/user/.m2/repository/io/netty/netty-buffer/4.1.30.Final/netty-buffer-4.1.30.Final.jar:/home/user/.m2/repository/io/netty/netty-transport/4.1.30.Final/netty-transport-4.1.30.Final.jar:/home/user/.m2/repository/io/netty/netty-resolver/4.1.30.Final/netty-resolver-4.1.30.Final.jar:/home/user/.m2/repository/io/netty/netty-transport-native-unix-common/4.1.30.Final/netty-transport-native-unix-common-4.1.30.Final.jar:/home/user/.m2/repository/io/grpc/grpc-protobuf/1.17.1/grpc-protobuf-1.17.1.jar:/home/user/.m2/repository/com/google/api/grpc/proto-google-common-protos/1.0.0/proto-google-common-protos-1.0.0.jar:/home/user/.m2/repository/io/grpc/grpc-protobuf-lite/1.17.1/grpc-protobuf-lite-1.17.1.jar:/home/user/.m2/repository/io/grpc/grpc-stub/1.17.1/grpc-stub-1.17.1.jar:/home/user/.m2/repository/org/apache/hadoop/hadoop-ozone-recon/0.5.0-SNAPSHOT/hadoop-ozone-recon-0.5.0-SNAPSHOT.jar:/home/user/.m2/repository/org/apache/hadoop/hadoop-ozone-reconcodegen/0.5.0-SNAPSHOT/hadoop-ozone-reconcodegen-0.5.0-SNAPSHOT.jar:/home/user/.m2/repository/com/google/inject/extensions/guice-multibindings/4.0/guice-multibindings-4.0.jar:/home/user/.m2/repository/com/google/inject/guice/4.0/guice-4.0.jar:/home/user/.m2/repository/aopalliance/aopalliance/1.0/aopalliance-1.0.jar:/home/user/.m2/repository/com/google/inject/extensions/guice-servlet/4.0/guice-servlet-4.0.jar:/home/user/.m2/repository/org/glassfish/jersey/containers/jersey-container-servlet/2.27/jersey-container-servlet-2.27.jar:/home/user/.m2/repository/org/glassfish/hk2/guice-bridge/2.5.0/guice-bridge-2.5.0.jar:/home/user/.m2/repository/org/glassfish/jersey/core/jersey-server/2.27/jersey-server-2.27.jar:/home/user/.m2/repository/org/glassfish/jersey/core/jersey-client/2.27/jersey-client-2.27.jar:/home/user/.m2/repository/org/glassfish/jersey/media/jersey-media-jaxb/2.27/jersey-media-jaxb-2.27.jar:/home/user/.m2/repository/javax/validation/validation-api/1.1.0.Final/validation-api-1.1.0.Final.jar:/home/user/.m2/repository/org/glassfish/jersey/media/jersey-media-json-jackson/2.27/jersey-media-json-jackson-2.27.jar:/home/user/.m2/repository/org/glassfish/jersey/ext/jersey-entity-filtering/2.27/jersey-entity-filtering-2.27.jar:/home/user/.m2/repository/com/google/inject/extensions/guice-assistedinject/4.0/guice-assistedinject-4.0.jar:/home/user/.m2/repository/org/jooq/jooq/3.11.10/jooq-3.11.10.jar:/home/user/.m2/repository/org/jooq/jooq-meta/3.11.10/jooq-meta-3.11.10.jar:/home/user/.m2/repository/org/jooq/jooq-codegen/3.11.10/jooq-codegen-3.11.10.jar:/home/user/.m2/repository/com/jolbox/bonecp/0.8.0.RELEASE/bonecp-0.8.0.RELEASE.jar:/home/user/.m2/repository/org/xerial/sqlite-jdbc/3.25.2/sqlite-jdbc-3.25.2.jar:/home/user/.m2/repository/org/springframework/spring-jdbc/5.1.3.RELEASE/spring-jdbc-5.1.3.RELEASE.jar:/home/user/.m2/repository/org/springframework/spring-beans/5.1.3.RELEASE/spring-beans-5.1.3.RELEASE.jar:/home/user/.m2/repository/org/springframework/spring-core/5.1.3.RELEASE/spring-core-5.1.3.RELEASE.jar:/home/user/.m2/repository/org/springframework/spring-jcl/5.1.3.RELEASE/spring-jcl-5.1.3.RELEASE.jar:/home/user/.m2/repository/org/springframework/spring-tx/5.1.3.RELEASE/spring-tx-5.1.3.RELEASE.jar:/home/user/.m2/repository/org/apache/hadoop/hadoop-ozone-client/0.5.0-SNAPSHOT/hadoop-ozone-client-0.5.0-SNAPSHOT.jar:/home/user/.m2/repository/commons-lang/commons-lang/2.6/commons-lang-2.6.jar:/home/user/.m2/repository/org/apache/hadoop/hadoop-ozone-ozone-manager/0.5.0-SNAPSHOT/hadoop-ozone-ozone-manager-0.5.0-SNAPSHOT-tests.jar:/home/user/.m2/repository/junit/junit/4.11/junit-4.11.jar:/home/user/.m2/repository/org/hamcrest/hamcrest-core/1.3/hamcrest-core-1.3.jar:/home/user/.m2/repository/org/openjdk/jmh/jmh-core/1.19/jmh-core-1.19.jar:/home/user/.m2/repository/net/sf/jopt-simple/jopt-simple/4.6/jopt-simple-4.6.jar:/home/user/.m2/repository/org/apache/commons/commons-math3/3.1.1/commons-math3-3.1.1.jar:/home/user/.m2/repository/org/openjdk/jmh/jmh-generator-annprocess/1.19/jmh-generator-annprocess-1.19.jar:/home/user/.m2/repository/org/mockito/mockito-all/1.8.5/mockito-all-1.8.5.jar:/home/user/.m2/repository/org/apache/hadoop/hadoop-kms/3.2.0/hadoop-kms-3.2.0.jar:/home/user/.m2/repository/org/apache/hadoop/hadoop-auth/3.2.0/hadoop-auth-3.2.0.jar:/home/user/.m2/repository/com/nimbusds/nimbus-jose-jwt/4.41.1/nimbus-jose-jwt-4.41.1.jar:/home/user/.m2/repository/com/github/stephenc/jcip/jcip-annotations/1.0-1/jcip-annotations-1.0-1.jar:/home/user/.m2/repository/net/minidev/json-smart/2.3/json-smart-2.3.jar:/home/user/.m2/repository/net/minidev/accessors-smart/1.2/accessors-smart-1.2.jar:/home/user/.m2/repository/org/ow2/asm/asm/5.0.4/asm-5.0.4.jar:/home/user/.m2/repository/org/apache/curator/curator-framework/2.12.0/curator-framework-2.12.0.jar:/home/user/.m2/repository/com/sun/jersey/jersey-core/1.19/jersey-core-1.19.jar:/home/user/.m2/repository/javax/ws/rs/jsr311-api/1.1.1/jsr311-api-1.1.1.jar:/home/user/.m2/repository/com/sun/jersey/jersey-server/1.19/jersey-server-1.19.jar:/home/user/.m2/repository/javax/servlet/javax.servlet-api/3.1.0/javax.servlet-api-3.1.0.jar:/home/user/.m2/repository/org/eclipse/jetty/jetty-server/9.3.24.v20180605/jetty-server-9.3.24.v20180605.jar:/home/user/.m2/repository/org/eclipse/jetty/jetty-http/9.3.24.v20180605/jetty-http-9.3.24.v20180605.jar:/home/user/.m2/repository/org/eclipse/jetty/jetty-io/9.3.24.v20180605/jetty-io-9.3.24.v20180605.jar:/home/user/.m2/repository/org/eclipse/jetty/jetty-webapp/9.3.24.v20180605/jetty-webapp-9.3.24.v20180605.jar:/home/user/.m2/repository/org/eclipse/jetty/jetty-xml/9.3.24.v20180605/jetty-xml-9.3.24.v20180605.jar:/home/user/.m2/repository/log4j/log4j/1.2.17/log4j-1.2.17.jar:/home/user/.m2/repository/org/slf4j/slf4j-api/1.7.25/slf4j-api-1.7.25.jar:/home/user/.m2/repository/org/slf4j/jul-to-slf4j/1.7.25/jul-to-slf4j-1.7.25.jar:/home/user/.m2/repository/org/eclipse/jetty/jetty-util/9.3.24.v20180605/jetty-util-9.3.24.v20180605.jar:/home/user/.m2/repository/com/fasterxml/jackson/core/jackson-databind/2.9.5/jackson-databind-2.9.5.jar:/home/user/.m2/repository/org/apache/hadoop/hadoop-kms/3.2.0/hadoop-kms-3.2.0-tests.jar:/home/user/.m2/repository/org/apache/hadoop/hadoop-hdds-server-scm/0.5.0-SNAPSHOT/hadoop-hdds-server-scm-0.5.0-SNAPSHOT-tests.jar:/home/user/.m2/repository/org/apache/hadoop/hadoop-hdds-container-service/0.5.0-SNAPSHOT/hadoop-hdds-container-service-0.5.0-SNAPSHOT-tests.jar:/home/user/.m2/repository/org/yaml/snakeyaml/1.16/snakeyaml-1.16.jar:/home/user/.m2/repository/org/apache/hadoop/hadoop-common/3.2.0/hadoop-common-3.2.0-tests.jar:/home/user/.m2/repository/org/apache/hadoop/hadoop-annotations/3.2.0/hadoop-annotations-3.2.0.jar:/usr/lib/jvm/java-1.8-openjdk/jre/../lib/tools.jar:/home/user/.m2/repository/commons-cli/commons-cli/1.2/commons-cli-1.2.jar:/home/user/.m2/repository/org/apache/httpcomponents/httpclient/4.5.2/httpclient-4.5.2.jar:/home/user/.m2/repository/org/apache/httpcomponents/httpcore/4.4.4/httpcore-4.4.4.jar:/home/user/.m2/repository/commons-codec/commons-codec/1.11/commons-codec-1.11.jar:/home/user/.m2/repository/commons-net/commons-net/3.6/commons-net-3.6.jar:/home/user/.m2/repository/commons-collections/commons-collections/3.2.2/commons-collections-3.2.2.jar:/home/user/.m2/repository/org/eclipse/jetty/jetty-servlet/9.3.24.v20180605/jetty-servlet-9.3.24.v20180605.jar:/home/user/.m2/repository/org/eclipse/jetty/jetty-security/9.3.24.v20180605/jetty-security-9.3.24.v20180605.jar:/home/user/.m2/repository/javax/servlet/jsp/jsp-api/2.1/jsp-api-2.1.jar:/home/user/.m2/repository/com/sun/jersey/jersey-servlet/1.19/jersey-servlet-1.19.jar:/home/user/.m2/repository/com/sun/jersey/jersey-json/1.19/jersey-json-1.19.jar:/home/user/.m2/repository/org/codehaus/jettison/jettison/1.1/jettison-1.1.jar:/home/user/.m2/repository/org/codehaus/jackson/jackson-core-asl/1.9.13/jackson-core-asl-1.9.13.jar:/home/user/.m2/repository/org/codehaus/jackson/jackson-mapper-asl/1.9.13/jackson-mapper-asl-1.9.13.jar:/home/user/.m2/repository/org/codehaus/jackson/jackson-jaxrs/1.9.13/jackson-jaxrs-1.9.13.jar:/home/user/.m2/repository/org/codehaus/jackson/jackson-xc/1.9.13/jackson-xc-1.9.13.jar:/home/user/.m2/repository/commons-logging/commons-logging/1.1.3/commons-logging-1.1.3.jar:/home/user/.m2/repository/commons-beanutils/commons-beanutils/1.9.3/commons-beanutils-1.9.3.jar:/home/user/.m2/repository/org/apache/commons/commons-configuration2/2.1.1/commons-configuration2-2.1.1.jar:/home/user/.m2/repository/org/apache/commons/commons-lang3/3.7/commons-lang3-3.7.jar:/home/user/.m2/repository/org/apache/commons/commons-text/1.4/commons-text-1.4.jar:/home/user/.m2/repository/org/apache/avro/avro/1.7.7/avro-1.7.7.jar:/home/user/.m2/repository/com/thoughtworks/paranamer/paranamer/2.3/paranamer-2.3.jar:/home/user/.m2/repository/org/xerial/snappy/snappy-java/1.0.5/snappy-java-1.0.5.jar:/home/user/.m2/repository/com/google/re2j/re2j/1.1/re2j-1.1.jar:/home/user/.m2/repository/com/google/code/gson/gson/2.2.4/gson-2.2.4.jar:/home/user/.m2/repository/com/jcraft/jsch/0.1.54/jsch-0.1.54.jar:/home/user/.m2/repository/org/apache/curator/curator-client/2.12.0/curator-client-2.12.0.jar:/home/user/.m2/repository/org/apache/curator/curator-recipes/2.12.0/curator-recipes-2.12.0.jar:/home/user/.m2/repository/com/google/code/findbugs/jsr305/3.0.0/jsr305-3.0.0.jar:/home/user/.m2/repository/org/apache/htrace/htrace-core4/4.1.0-incubating/htrace-core4-4.1.0-incubating.jar:/home/user/.m2/repository/org/apache/zookeeper/zookeeper/3.4.13/zookeeper-3.4.13.jar:/home/user/.m2/repository/org/apache/yetus/audience-annotations/0.5.0/audience-annotations-0.5.0.jar:/home/user/.m2/repository/org/codehaus/woodstox/stax2-api/3.1.4/stax2-api-3.1.4.jar:/home/user/.m2/repository/com/fasterxml/woodstox/woodstox-core/5.0.3/woodstox-core-5.0.3.jar:/home/user/.m2/repository/dnsjava/dnsjava/2.1.7/dnsjava-2.1.7.jar:/home/user/.m2/repository/org/apache/hadoop/hadoop-hdfs/3.2.0/hadoop-hdfs-3.2.0-tests.jar:/home/user/.m2/repository/org/eclipse/jetty/jetty-util-ajax/9.3.24.v20180605/jetty-util-ajax-9.3.24.v20180605.jar:/home/user/.m2/repository/commons-daemon/commons-daemon/1.0.13/commons-daemon-1.0.13.jar:/home/user/.m2/repository/io/netty/netty/3.10.5.Final/netty-3.10.5.Final.jar:/home/user/.m2/repository/io/netty/netty-all/4.0.52.Final/netty-all-4.0.52.Final.jar:/home/user/.m2/repository/org/fusesource/leveldbjni/leveldbjni-all/1.8/leveldbjni-all-1.8.jar:"/>
    <property name="sun.cpu.endian" value="little"/>
    <property name="user.home" value="/home/user"/>
    <property name="user.language" value="en"/>
    <property name="java.specification.vendor" value="Oracle Corporation"/>
    <property name="java.home" value="/usr/lib/jvm/java-1.8-openjdk/jre"/>
    <property name="java.security.krb5.conf" value="/workdir/hadoop-ozone/integration-test/target/test-classes/krb5.conf"/>
    <property name="basedir" value="/workdir/hadoop-ozone/integration-test"/>
    <property name="file.separator" value="/"/>
    <property name="line.separator" value="&#10;"/>
    <property name="java.vm.specification.vendor" value="Oracle Corporation"/>
    <property name="java.specification.name" value="Java Platform API Specification"/>
    <property name="java.awt.graphicsenv" value="sun.awt.X11GraphicsEnvironment"/>
    <property name="surefire.real.class.path" value="/workdir/hadoop-ozone/integration-test/target/surefire/surefirebooter5707826510703442589.jar"/>
    <property name="hadoop.log.dir" value="/workdir/hadoop-ozone/integration-test/target/log"/>
    <property name="sun.boot.class.path" value="/usr/lib/jvm/java-1.8-openjdk/jre/lib/resources.jar:/usr/lib/jvm/java-1.8-openjdk/jre/lib/rt.jar:/usr/lib/jvm/java-1.8-openjdk/jre/lib/sunrsasign.jar:/usr/lib/jvm/java-1.8-openjdk/jre/lib/jsse.jar:/usr/lib/jvm/java-1.8-openjdk/jre/lib/jce.jar:/usr/lib/jvm/java-1.8-openjdk/jre/lib/charsets.jar:/usr/lib/jvm/java-1.8-openjdk/jre/lib/jfr.jar:/usr/lib/jvm/java-1.8-openjdk/jre/classes"/>
    <property name="sun.management.compiler" value="HotSpot 64-Bit Tiered Compilers"/>
    <property name="java.runtime.version" value="1.8.0_212-b04"/>
    <property name="java.net.preferIPv4Stack" value="true"/>
    <property name="user.name" value="jenkins1000"/>
    <property name="path.separator" value=":"/>
    <property name="java.security.egd" value="file:///dev/urandom"/>
    <property name="os.version" value="3.10.0-957.12.2.el7.x86_64"/>
    <property name="java.endorsed.dirs" value="/usr/lib/jvm/java-1.8-openjdk/jre/lib/endorsed"/>
    <property name="java.runtime.name" value="OpenJDK Runtime Environment"/>
    <property name="file.encoding" value="UTF-8"/>
    <property name="java.vm.name" value="OpenJDK 64-Bit Server VM"/>
    <property name="test.build.webapps" value=""/>
    <property name="localRepository" value="/home/user/.m2/repository"/>
    <property name="java.vendor.url.bug" value="https://icedtea.classpath.org/bugzilla"/>
    <property name="java.io.tmpdir" value="/tmp"/>
    <property name="require.test.libhadoop" value=""/>
    <property name="java.version" value="1.8.0_212"/>
    <property name="user.dir" value="/workdir/hadoop-ozone/integration-test"/>
    <property name="os.arch" value="amd64"/>
    <property name="java.vm.specification.name" value="Java Virtual Machine Specification"/>
    <property name="test.build.classes" value="/workdir/hadoop-ozone/integration-test/target/test-classes"/>
    <property name="java.awt.printerjob" value="sun.print.PSPrinterJob"/>
    <property name="sun.os.patch.level" value="unknown"/>
    <property name="hadoop.tmp.dir" value="/workdir/hadoop-ozone/integration-test/target/tmp"/>
    <property name="java.library.path" value="/usr/lib/jvm/java-1.8-openjdk/jre/lib/amd64/server:/usr/lib/jvm/java-1.8-openjdk/jre/lib/amd64:/usr/lib/jvm/java-1.8-openjdk/jre/../lib/amd64:/workdir/hadoop-ozone/integration-test/target/native/target/usr/local/lib:/workdir/hadoop-ozone/integration-test/../../hadoop-common-project/hadoop-common/target/native/target/usr/local/lib:/usr/java/packages/lib/amd64:/usr/lib64:/lib64:/lib:/usr/lib"/>
    <property name="java.vm.info" value="mixed mode"/>
    <property name="java.vendor" value="IcedTea"/>
    <property name="java.vm.version" value="25.212-b04"/>
    <property name="java.ext.dirs" value="/usr/lib/jvm/java-1.8-openjdk/jre/lib/ext:/usr/java/packages/lib/ext"/>
    <property name="sun.io.unicode.encoding" value="UnicodeLittle"/>
    <property name="java.class.version" value="52.0"/>
  </properties>
  <testcase name="test2DatanodesFailure" classname="org.apache.hadoop.ozone.client.rpc.TestBlockOutputStreamWithFailures" time="47.219">
    <failure message="expected:&lt;5&gt; but was:&lt;6&gt;" type="java.lang.AssertionError"><![CDATA[java.lang.AssertionError: expected:<5> but was:<6>
	at org.junit.Assert.fail(Assert.java:88)
	at org.junit.Assert.failNotEquals(Assert.java:743)
	at org.junit.Assert.assertEquals(Assert.java:118)
	at org.junit.Assert.assertEquals(Assert.java:555)
	at org.junit.Assert.assertEquals(Assert.java:542)
	at org.apache.hadoop.ozone.client.rpc.TestBlockOutputStreamWithFailures.test2DatanodesFailure(TestBlockOutputStreamWithFailures.java:467)
	at sun.reflect.NativeMethodAccessorImpl.invoke0(Native Method)
	at sun.reflect.NativeMethodAccessorImpl.invoke(NativeMethodAccessorImpl.java:62)
	at sun.reflect.DelegatingMethodAccessorImpl.invoke(DelegatingMethodAccessorImpl.java:43)
	at java.lang.reflect.Method.invoke(Method.java:498)
	at org.junit.runners.model.FrameworkMethod$1.runReflectiveCall(FrameworkMethod.java:47)
	at org.junit.internal.runners.model.ReflectiveCallable.run(ReflectiveCallable.java:12)
	at org.junit.runners.model.FrameworkMethod.invokeExplosively(FrameworkMethod.java:44)
	at org.junit.internal.runners.statements.InvokeMethod.evaluate(InvokeMethod.java:17)
	at org.junit.internal.runners.statements.RunBefores.evaluate(RunBefores.java:26)
	at org.junit.internal.runners.statements.RunAfters.evaluate(RunAfters.java:27)
	at org.junit.runners.ParentRunner.runLeaf(ParentRunner.java:271)
	at org.junit.runners.BlockJUnit4ClassRunner.runChild(BlockJUnit4ClassRunner.java:70)
	at org.junit.runners.BlockJUnit4ClassRunner.runChild(BlockJUnit4ClassRunner.java:50)
	at org.junit.runners.ParentRunner$3.run(ParentRunner.java:238)
	at org.junit.runners.ParentRunner$1.schedule(ParentRunner.java:63)
	at org.junit.runners.ParentRunner.runChildren(ParentRunner.java:236)
	at org.junit.runners.ParentRunner.access$000(ParentRunner.java:53)
	at org.junit.runners.ParentRunner$2.evaluate(ParentRunner.java:229)
	at org.junit.runners.ParentRunner.run(ParentRunner.java:309)
	at org.apache.maven.surefire.junit4.JUnit4Provider.execute(JUnit4Provider.java:365)
	at org.apache.maven.surefire.junit4.JUnit4Provider.executeWithRerun(JUnit4Provider.java:273)
	at org.apache.maven.surefire.junit4.JUnit4Provider.executeTestSet(JUnit4Provider.java:238)
	at org.apache.maven.surefire.junit4.JUnit4Provider.invoke(JUnit4Provider.java:159)
	at org.apache.maven.surefire.booter.ForkedBooter.invokeProviderInSameClassLoader(ForkedBooter.java:384)
	at org.apache.maven.surefire.booter.ForkedBooter.runSuitesInProcess(ForkedBooter.java:345)
	at org.apache.maven.surefire.booter.ForkedBooter.execute(ForkedBooter.java:126)
	at org.apache.maven.surefire.booter.ForkedBooter.main(ForkedBooter.java:418)
]]></failure>
    <system-out><![CDATA[2019-08-29 11:31:10,246 [main] WARN  server.ServerUtils (ServerUtils.java:getScmDbDir(145)) - ozone.scm.db.dirs is not configured. We recommend adding this setting. Falling back to ozone.metadata.dirs instead.
2019-08-29 11:31:10,399 [main] WARN  server.ServerUtils (ServerUtils.java:getScmDbDir(145)) - ozone.scm.db.dirs is not configured. We recommend adding this setting. Falling back to ozone.metadata.dirs instead.
2019-08-29 11:31:10,403 [main] WARN  server.ServerUtils (ServerUtils.java:getScmDbDir(145)) - ozone.scm.db.dirs is not configured. We recommend adding this setting. Falling back to ozone.metadata.dirs instead.
2019-08-29 11:31:10,423 [main] INFO  util.log (Log.java:initialized(192)) - Logging initialized @892ms
2019-08-29 11:31:10,556 [main] INFO  db.DBStoreBuilder (DBStoreBuilder.java:addTable(110)) - using custom profile for table: deletedBlocks
2019-08-29 11:31:10,556 [main] INFO  db.DBStoreBuilder (DBStoreBuilder.java:processTables(161)) - Using default column profile:DBProfile.DISK for Table:deletedBlocks
2019-08-29 11:31:10,557 [main] INFO  db.DBStoreBuilder (DBStoreBuilder.java:addTable(110)) - using custom profile for table: validCerts
2019-08-29 11:31:10,557 [main] INFO  db.DBStoreBuilder (DBStoreBuilder.java:processTables(161)) - Using default column profile:DBProfile.DISK for Table:validCerts
2019-08-29 11:31:10,557 [main] INFO  db.DBStoreBuilder (DBStoreBuilder.java:addTable(110)) - using custom profile for table: revokedCerts
2019-08-29 11:31:10,558 [main] INFO  db.DBStoreBuilder (DBStoreBuilder.java:processTables(161)) - Using default column profile:DBProfile.DISK for Table:revokedCerts
2019-08-29 11:31:10,572 [main] INFO  db.DBStoreBuilder (DBStoreBuilder.java:addTable(110)) - using custom profile for table: default
2019-08-29 11:31:10,572 [main] INFO  db.DBStoreBuilder (DBStoreBuilder.java:processTables(167)) - Using default column profile:DBProfile.DISK for Table:default
2019-08-29 11:31:10,573 [main] INFO  db.DBStoreBuilder (DBStoreBuilder.java:getDbProfile(198)) - Using default options. DBProfile.DISK
2019-08-29 11:31:10,900 [main] INFO  net.NodeSchemaLoader (NodeSchemaLoader.java:loadSchemaFromFile(125)) - Loading file from sun.misc.CompoundEnumeration@5f058f00
2019-08-29 11:31:10,904 [main] INFO  net.NodeSchemaLoader (NodeSchemaLoader.java:loadSchema(171)) - Loading network topology layer schema file
2019-08-29 11:31:10,984 [main] INFO  node.SCMNodeManager (SCMNodeManager.java:<init>(121)) - Entering startup safe mode.
2019-08-29 11:31:11,057 [main] INFO  algorithms.ContainerPlacementPolicyFactory (ContainerPlacementPolicyFactory.java:getPolicy(55)) - Create container placement policy of type org.apache.hadoop.hdds.scm.container.placement.algorithms.SCMContainerPlacementRandom
2019-08-29 11:31:11,072 [main] WARN  server.ServerUtils (ServerUtils.java:getScmDbDir(145)) - ozone.scm.db.dirs is not configured. We recommend adding this setting. Falling back to ozone.metadata.dirs instead.
2019-08-29 11:31:11,133 [main] INFO  pipeline.SCMPipelineManager (SCMPipelineManager.java:initializePipelineState(126)) - No pipeline exists in current db
2019-08-29 11:31:11,135 [main] WARN  server.ServerUtils (ServerUtils.java:getScmDbDir(145)) - ozone.scm.db.dirs is not configured. We recommend adding this setting. Falling back to ozone.metadata.dirs instead.
2019-08-29 11:31:11,291 [main] WARN  events.EventQueue (EventQueue.java:fireEvent(175)) - No event handler registered for event TypedEvent{payloadType=SafeModeStatus, name='SafeModeStatus'}
2019-08-29 11:31:11,806 [main] INFO  ipc.CallQueueManager (CallQueueManager.java:<init>(84)) - Using callQueue: class java.util.concurrent.LinkedBlockingQueue, queueCapacity: 2000, scheduler: class org.apache.hadoop.ipc.DefaultRpcScheduler, ipcBackoff: false.
2019-08-29 11:31:12,128 [Socket Reader #1 for port 35214] INFO  ipc.Server (Server.java:run(1074)) - Starting Socket Reader #1 for port 35214
2019-08-29 11:31:12,157 [main] INFO  ipc.CallQueueManager (CallQueueManager.java:<init>(84)) - Using callQueue: class java.util.concurrent.LinkedBlockingQueue, queueCapacity: 2000, scheduler: class org.apache.hadoop.ipc.DefaultRpcScheduler, ipcBackoff: false.
2019-08-29 11:31:12,158 [Socket Reader #1 for port 32931] INFO  ipc.Server (Server.java:run(1074)) - Starting Socket Reader #1 for port 32931
2019-08-29 11:31:12,169 [main] INFO  ipc.CallQueueManager (CallQueueManager.java:<init>(84)) - Using callQueue: class java.util.concurrent.LinkedBlockingQueue, queueCapacity: 2000, scheduler: class org.apache.hadoop.ipc.DefaultRpcScheduler, ipcBackoff: false.
2019-08-29 11:31:12,170 [Socket Reader #1 for port 34834] INFO  ipc.Server (Server.java:run(1074)) - Starting Socket Reader #1 for port 34834
2019-08-29 11:31:12,195 [main] INFO  hdfs.DFSUtil (DFSUtil.java:httpServerTemplateForNNAndJN(1641)) - Starting Web-server for scm at: http://0.0.0.0:0
2019-08-29 11:31:12,357 [main] INFO  server.AuthenticationFilter (AuthenticationFilter.java:constructSecretProvider(240)) - Unable to initialize FileSignerSecretProvider, falling back to use random secrets.
2019-08-29 11:31:12,367 [main] WARN  http.HttpRequestLog (HttpRequestLog.java:getRequestLog(97)) - Jetty request log can only be enabled using Log4j
2019-08-29 11:31:12,376 [main] INFO  http.HttpServer2 (HttpServer2.java:addGlobalFilter(975)) - Added global filter 'safety' (class=org.apache.hadoop.http.HttpServer2$QuotingInputFilter)
2019-08-29 11:31:12,379 [main] INFO  http.HttpServer2 (HttpServer2.java:addFilter(948)) - Added filter static_user_filter (class=org.apache.hadoop.http.lib.StaticUserWebFilter$StaticUserFilter) to context scm
2019-08-29 11:31:12,380 [main] INFO  http.HttpServer2 (HttpServer2.java:addFilter(958)) - Added filter static_user_filter (class=org.apache.hadoop.http.lib.StaticUserWebFilter$StaticUserFilter) to context logs
2019-08-29 11:31:12,380 [main] INFO  http.HttpServer2 (HttpServer2.java:addFilter(958)) - Added filter static_user_filter (class=org.apache.hadoop.http.lib.StaticUserWebFilter$StaticUserFilter) to context static
2019-08-29 11:31:12,415 [main] INFO  server.StorageContainerManager (StorageContainerManager.java:start(759)) - StorageContainerLocationProtocol RPC server is listening at /0.0.0.0:34834
2019-08-29 11:31:12,494 [main] WARN  impl.MetricsConfig (MetricsConfig.java:loadFirst(134)) - Cannot locate configuration: tried hadoop-metrics2-storagecontainermanager.properties,hadoop-metrics2.properties
2019-08-29 11:31:12,509 [main] INFO  impl.MetricsSystemImpl (MetricsSystemImpl.java:startTimer(374)) - Scheduled Metric snapshot period at 10 second(s).
2019-08-29 11:31:12,509 [main] INFO  impl.MetricsSystemImpl (MetricsSystemImpl.java:start(191)) - StorageContainerManager metrics system started
2019-08-29 11:31:12,800 [main] INFO  server.SCMClientProtocolServer (SCMClientProtocolServer.java:start(151)) - RPC server for Client  is listening at /0.0.0.0:34834
2019-08-29 11:31:12,801 [IPC Server listener on 34834] INFO  ipc.Server (Server.java:run(1153)) - IPC Server listener on 34834: starting
2019-08-29 11:31:12,801 [IPC Server Responder] INFO  ipc.Server (Server.java:run(1314)) - IPC Server Responder: starting
2019-08-29 11:31:12,804 [main] INFO  server.StorageContainerManager (StorageContainerManager.java:start(769)) - ScmBlockLocationProtocol RPC server is listening at /0.0.0.0:32931
2019-08-29 11:31:12,804 [main] INFO  server.SCMBlockProtocolServer (SCMBlockProtocolServer.java:start(140)) - RPC server for Block Protocol is listening at /0.0.0.0:32931
2019-08-29 11:31:12,804 [IPC Server listener on 32931] INFO  ipc.Server (Server.java:run(1153)) - IPC Server listener on 32931: starting
2019-08-29 11:31:12,804 [IPC Server Responder] INFO  ipc.Server (Server.java:run(1314)) - IPC Server Responder: starting
2019-08-29 11:31:12,807 [main] INFO  server.StorageContainerManager (StorageContainerManager.java:start(773)) - ScmDatanodeProtocl RPC server is listening at /0.0.0.0:35214
2019-08-29 11:31:12,807 [main] INFO  server.SCMDatanodeProtocolServer (SCMDatanodeProtocolServer.java:start(191)) - RPC server for DataNodes is listening at /0.0.0.0:35214
2019-08-29 11:31:12,808 [IPC Server Responder] INFO  ipc.Server (Server.java:run(1314)) - IPC Server Responder: starting
2019-08-29 11:31:12,808 [IPC Server listener on 35214] INFO  ipc.Server (Server.java:run(1153)) - IPC Server listener on 35214: starting
2019-08-29 11:31:12,812 [main] INFO  http.HttpServer2 (HttpServer2.java:bindListener(1191)) - Jetty bound to port 40263
2019-08-29 11:31:12,814 [main] INFO  server.Server (Server.java:doStart(351)) - jetty-9.3.24.v20180605, build timestamp: 2018-06-05T17:11:56Z, git hash: 84205aa28f11a4f31f2a3b86d1bba2cc8ab69827
2019-08-29 11:31:12,854 [main] INFO  handler.ContextHandler (ContextHandler.java:doStart(781)) - Started o.e.j.s.ServletContextHandler@5286c33a{/logs,file:///workdir/hadoop-ozone/integration-test/target/log,AVAILABLE}
2019-08-29 11:31:12,855 [main] INFO  handler.ContextHandler (ContextHandler.java:doStart(781)) - Started o.e.j.s.ServletContextHandler@5c530d1e{/static,file:///workdir/hadoop-ozone/integration-test/target/test-classes/webapps/static,AVAILABLE}
2019-08-29 11:31:12,891 [main] INFO  handler.ContextHandler (ContextHandler.java:doStart(781)) - Started o.e.j.w.WebAppContext@48f5bde6{/,file:///workdir/hadoop-ozone/integration-test/target/test-classes/webapps/scm/,AVAILABLE}{/scm}
2019-08-29 11:31:12,898 [main] INFO  server.AbstractConnector (AbstractConnector.java:doStart(278)) - Started ServerConnector@6d511b5f{HTTP/1.1,[http/1.1]}{0.0.0.0:40263}
2019-08-29 11:31:12,898 [main] INFO  server.Server (Server.java:doStart(419)) - Started @3367ms
2019-08-29 11:31:12,899 [main] INFO  server.BaseHttpServer (BaseHttpServer.java:updateConnectorAddress(213)) - HTTP server of SCM is listening at http://0.0.0.0:40263
2019-08-29 11:31:12,905 [org.apache.hadoop.util.JvmPauseMonitor$Monitor@3b1bb3ab] INFO  util.JvmPauseMonitor (JvmPauseMonitor.java:run(188)) - Starting JVM pause monitor
2019-08-29 11:31:12,908 [main] WARN  server.ServerUtils (ServerUtils.java:getDBPath(222)) - ozone.om.db.dirs is not configured. We recommend adding this setting. Falling back to ozone.metadata.dirs instead.
2019-08-29 11:31:13,016 [main] WARN  server.ServerUtils (ServerUtils.java:getDBPath(222)) - ozone.om.db.dirs is not configured. We recommend adding this setting. Falling back to ozone.metadata.dirs instead.
2019-08-29 11:31:13,016 [main] WARN  server.ServerUtils (ServerUtils.java:getDBPath(222)) - ozone.om.db.dirs is not configured. We recommend adding this setting. Falling back to ozone.metadata.dirs instead.
2019-08-29 11:31:13,017 [main] INFO  om.OzoneManager (OzoneManager.java:setOMNodeDetails(648)) - OM Service ID is not set. Setting it to the default ID: omServiceIdDefault
2019-08-29 11:31:13,018 [main] INFO  om.OzoneManager (OzoneManager.java:setOMNodeDetails(654)) - OM Node ID is not set. Setting it to the OmStorage's OmID: 7342beae-4183-46be-a9ca-7ad6af38ee8a
2019-08-29 11:31:13,019 [main] INFO  om.OzoneManager (OzoneManager.java:loadOMHAConfigs(605)) - Found matching OM address with OMServiceId: null, OMNodeId: null, RPC Address: localhost:0 and Ratis port: 9872
2019-08-29 11:31:13,286 | INFO  | SCMAudit | user=jenkins1000 | ip=192.168.5.166 | op=GET_SCM_INFO null | ret=SUCCESS |  
2019-08-29 11:31:13,741 [main] WARN  server.ServerUtils (ServerUtils.java:getDBPath(222)) - ozone.om.db.dirs is not configured. We recommend adding this setting. Falling back to ozone.metadata.dirs instead.
2019-08-29 11:31:13,752 [main] INFO  db.DBStoreBuilder (DBStoreBuilder.java:addTable(110)) - using custom profile for table: userTable
2019-08-29 11:31:13,753 [main] INFO  db.DBStoreBuilder (DBStoreBuilder.java:processTables(161)) - Using default column profile:DBProfile.DISK for Table:userTable
2019-08-29 11:31:13,753 [main] INFO  db.DBStoreBuilder (DBStoreBuilder.java:addTable(110)) - using custom profile for table: volumeTable
2019-08-29 11:31:13,753 [main] INFO  db.DBStoreBuilder (DBStoreBuilder.java:processTables(161)) - Using default column profile:DBProfile.DISK for Table:volumeTable
2019-08-29 11:31:13,754 [main] INFO  db.DBStoreBuilder (DBStoreBuilder.java:addTable(110)) - using custom profile for table: bucketTable
2019-08-29 11:31:13,754 [main] INFO  db.DBStoreBuilder (DBStoreBuilder.java:processTables(161)) - Using default column profile:DBProfile.DISK for Table:bucketTable
2019-08-29 11:31:13,755 [main] INFO  db.DBStoreBuilder (DBStoreBuilder.java:addTable(110)) - using custom profile for table: keyTable
2019-08-29 11:31:13,755 [main] INFO  db.DBStoreBuilder (DBStoreBuilder.java:processTables(161)) - Using default column profile:DBProfile.DISK for Table:keyTable
2019-08-29 11:31:13,755 [main] INFO  db.DBStoreBuilder (DBStoreBuilder.java:addTable(110)) - using custom profile for table: deletedTable
2019-08-29 11:31:13,756 [main] INFO  db.DBStoreBuilder (DBStoreBuilder.java:processTables(161)) - Using default column profile:DBProfile.DISK for Table:deletedTable
2019-08-29 11:31:13,756 [main] INFO  db.DBStoreBuilder (DBStoreBuilder.java:addTable(110)) - using custom profile for table: openKeyTable
2019-08-29 11:31:13,756 [main] INFO  db.DBStoreBuilder (DBStoreBuilder.java:processTables(161)) - Using default column profile:DBProfile.DISK for Table:openKeyTable
2019-08-29 11:31:13,757 [main] INFO  db.DBStoreBuilder (DBStoreBuilder.java:addTable(110)) - using custom profile for table: s3Table
2019-08-29 11:31:13,757 [main] INFO  db.DBStoreBuilder (DBStoreBuilder.java:processTables(161)) - Using default column profile:DBProfile.DISK for Table:s3Table
2019-08-29 11:31:13,757 [main] INFO  db.DBStoreBuilder (DBStoreBuilder.java:addTable(110)) - using custom profile for table: multipartInfoTable
2019-08-29 11:31:13,758 [main] INFO  db.DBStoreBuilder (DBStoreBuilder.java:processTables(161)) - Using default column profile:DBProfile.DISK for Table:multipartInfoTable
2019-08-29 11:31:13,758 [main] INFO  db.DBStoreBuilder (DBStoreBuilder.java:addTable(110)) - using custom profile for table: dTokenTable
2019-08-29 11:31:13,758 [main] INFO  db.DBStoreBuilder (DBStoreBuilder.java:processTables(161)) - Using default column profile:DBProfile.DISK for Table:dTokenTable
2019-08-29 11:31:13,759 [main] INFO  db.DBStoreBuilder (DBStoreBuilder.java:addTable(110)) - using custom profile for table: s3SecretTable
2019-08-29 11:31:13,759 [main] INFO  db.DBStoreBuilder (DBStoreBuilder.java:processTables(161)) - Using default column profile:DBProfile.DISK for Table:s3SecretTable
2019-08-29 11:31:13,760 [main] INFO  db.DBStoreBuilder (DBStoreBuilder.java:addTable(110)) - using custom profile for table: prefixTable
2019-08-29 11:31:13,760 [main] INFO  db.DBStoreBuilder (DBStoreBuilder.java:processTables(161)) - Using default column profile:DBProfile.DISK for Table:prefixTable
2019-08-29 11:31:13,760 [main] INFO  db.DBStoreBuilder (DBStoreBuilder.java:addTable(110)) - using custom profile for table: default
2019-08-29 11:31:13,761 [main] INFO  db.DBStoreBuilder (DBStoreBuilder.java:processTables(167)) - Using default column profile:DBProfile.DISK for Table:default
2019-08-29 11:31:13,761 [main] INFO  db.DBStoreBuilder (DBStoreBuilder.java:getDbProfile(198)) - Using default options. DBProfile.DISK
2019-08-29 11:31:14,381 [main] INFO  ipc.CallQueueManager (CallQueueManager.java:<init>(84)) - Using callQueue: class java.util.concurrent.LinkedBlockingQueue, queueCapacity: 2000, scheduler: class org.apache.hadoop.ipc.DefaultRpcScheduler, ipcBackoff: false.
2019-08-29 11:31:14,383 [Socket Reader #1 for port 45010] INFO  ipc.Server (Server.java:run(1074)) - Starting Socket Reader #1 for port 45010
2019-08-29 11:31:14,420 [main] INFO  om.OzoneManager (OzoneManager.java:start(1259)) - OzoneManager RPC server is listening at localhost/127.0.0.1:45010
2019-08-29 11:31:14,421 [main] INFO  impl.MetricsSystemImpl (MetricsSystemImpl.java:init(158)) - OzoneManager metrics system started (again)
2019-08-29 11:31:14,422 [IPC Server Responder] INFO  ipc.Server (Server.java:run(1314)) - IPC Server Responder: starting
2019-08-29 11:31:14,422 [IPC Server listener on 45010] INFO  ipc.Server (Server.java:run(1153)) - IPC Server listener on 45010: starting
2019-08-29 11:31:14,429 [main] INFO  hdfs.DFSUtil (DFSUtil.java:httpServerTemplateForNNAndJN(1641)) - Starting Web-server for ozoneManager at: http://0.0.0.0:0
2019-08-29 11:31:14,430 [main] INFO  server.AuthenticationFilter (AuthenticationFilter.java:constructSecretProvider(240)) - Unable to initialize FileSignerSecretProvider, falling back to use random secrets.
2019-08-29 11:31:14,431 [main] WARN  http.HttpRequestLog (HttpRequestLog.java:getRequestLog(97)) - Jetty request log can only be enabled using Log4j
2019-08-29 11:31:14,627 [main] INFO  http.HttpServer2 (HttpServer2.java:addGlobalFilter(975)) - Added global filter 'safety' (class=org.apache.hadoop.http.HttpServer2$QuotingInputFilter)
2019-08-29 11:31:14,629 [main] INFO  http.HttpServer2 (HttpServer2.java:addFilter(948)) - Added filter static_user_filter (class=org.apache.hadoop.http.lib.StaticUserWebFilter$StaticUserFilter) to context ozoneManager
2019-08-29 11:31:14,629 [main] INFO  http.HttpServer2 (HttpServer2.java:addFilter(958)) - Added filter static_user_filter (class=org.apache.hadoop.http.lib.StaticUserWebFilter$StaticUserFilter) to context logs
2019-08-29 11:31:14,629 [main] INFO  http.HttpServer2 (HttpServer2.java:addFilter(958)) - Added filter static_user_filter (class=org.apache.hadoop.http.lib.StaticUserWebFilter$StaticUserFilter) to context static
2019-08-29 11:31:14,631 [main] INFO  http.HttpServer2 (HttpServer2.java:bindListener(1191)) - Jetty bound to port 42448
2019-08-29 11:31:14,631 [main] INFO  server.Server (Server.java:doStart(351)) - jetty-9.3.24.v20180605, build timestamp: 2018-06-05T17:11:56Z, git hash: 84205aa28f11a4f31f2a3b86d1bba2cc8ab69827
2019-08-29 11:31:14,638 [main] INFO  handler.ContextHandler (ContextHandler.java:doStart(781)) - Started o.e.j.s.ServletContextHandler@15fa55a6{/logs,file:///workdir/hadoop-ozone/integration-test/target/log,AVAILABLE}
2019-08-29 11:31:14,638 [main] INFO  handler.ContextHandler (ContextHandler.java:doStart(781)) - Started o.e.j.s.ServletContextHandler@7fab4be7{/static,file:///workdir/hadoop-ozone/integration-test/target/test-classes/webapps/static,AVAILABLE}
2019-08-29 11:31:14,643 [main] INFO  handler.ContextHandler (ContextHandler.java:doStart(781)) - Started o.e.j.w.WebAppContext@432034a{/,file:///workdir/hadoop-ozone/integration-test/target/test-classes/webapps/ozoneManager/,AVAILABLE}{/ozoneManager}
2019-08-29 11:31:14,644 [main] INFO  server.AbstractConnector (AbstractConnector.java:doStart(278)) - Started ServerConnector@78de58ea{HTTP/1.1,[http/1.1]}{0.0.0.0:42448}
2019-08-29 11:31:14,644 [main] INFO  server.Server (Server.java:doStart(419)) - Started @5114ms
2019-08-29 11:31:14,646 [main] INFO  server.BaseHttpServer (BaseHttpServer.java:updateConnectorAddress(213)) - HTTP server of OZONEMANAGER is listening at http://0.0.0.0:42448
2019-08-29 11:31:14,804 [main] INFO  impl.MetricsSystemImpl (MetricsSystemImpl.java:init(158)) - HddsDatanode metrics system started (again)
2019-08-29 11:31:14,925 [main] INFO  ozone.HddsDatanodeService (HddsDatanodeService.java:start(184)) - HddsDatanodeService host:pr-hdds-2030-qplxq-3692370286 ip:192.168.5.166
2019-08-29 11:31:14,964 [main] INFO  volume.HddsVolume (HddsVolume.java:<init>(176)) - Creating Volume: /workdir/hadoop-ozone/integration-test/target/test-dir/MiniOzoneClusterImpl-4cec5eff-4947-4a55-927f-c543e94153ec/datanode-0/data/containers/hdds of  storage type : DISK and capacity : 1482555576320
2019-08-29 11:31:14,966 [main] INFO  volume.VolumeSet (VolumeSet.java:initializeVolumeSet(170)) - Added Volume : /workdir/hadoop-ozone/integration-test/target/test-dir/MiniOzoneClusterImpl-4cec5eff-4947-4a55-927f-c543e94153ec/datanode-0/data/containers/hdds to VolumeSet
2019-08-29 11:31:14,970 [main] INFO  volume.ThrottledAsyncChecker (ThrottledAsyncChecker.java:schedule(140)) - Scheduling a check for org.apache.hadoop.ozone.container.common.volume.HddsVolume@3f49e266
2019-08-29 11:31:14,989 [main] INFO  volume.HddsVolumeChecker (HddsVolumeChecker.java:checkAllVolumes(203)) - Scheduled health check for volume org.apache.hadoop.ozone.container.common.volume.HddsVolume@3f49e266
2019-08-29 11:31:15,094 [main] INFO  impl.RaftServerProxy (ConfUtils.java:logGet(43)) - raft.rpc.type = GRPC (default)
2019-08-29 11:31:15,163 [main] INFO  grpc.GrpcFactory (GrpcFactory.java:checkPooledByteBufAllocatorUseCacheForAllThreads(45)) - PERFORMANCE WARNING: useCacheForAllThreads is true that may cause Netty to create a lot garbage objects and, as a result, trigger GC.
	It is recommended to disable useCacheForAllThreads by setting -Dorg.apache.ratis.thirdparty.io.netty.allocator.useCacheForAllThreads=false in command line.
2019-08-29 11:31:15,168 [main] INFO  grpc.GrpcConfigKeys$Server (ConfUtils.java:logGet(43)) - raft.grpc.server.port = 0 (default)
2019-08-29 11:31:15,169 [main] INFO  server.GrpcService (ConfUtils.java:logGet(43)) - raft.grpc.message.size.max = 33570816 (custom)
2019-08-29 11:31:15,170 [main] INFO  server.RaftServerConfigKeys (ConfUtils.java:logGet(43)) - raft.server.log.appender.buffer.byte-limit = 33554432 (custom)
2019-08-29 11:31:15,171 [main] INFO  server.GrpcService (ConfUtils.java:logGet(43)) - raft.grpc.flow.control.window = 1MB (=1048576) (default)
2019-08-29 11:31:15,172 [main] INFO  server.RaftServerConfigKeys (ConfUtils.java:logGet(43)) - raft.server.rpc.request.timeout = 3000ms (default)
2019-08-29 11:31:15,365 [main] INFO  server.RaftServerConfigKeys (ConfUtils.java:logGet(43)) - raft.server.storage.dir = [/workdir/hadoop-ozone/integration-test/target/test-dir/MiniOzoneClusterImpl-4cec5eff-4947-4a55-927f-c543e94153ec/datanode-0/data/ratis] (custom)
2019-08-29 11:31:15,413 [main] INFO  replication.SimpleContainerDownloader (SimpleContainerDownloader.java:<init>(72)) - Starting container downloader service to copy containers to replicate.
2019-08-29 11:31:15,430 [main] INFO  hdfs.DFSUtil (DFSUtil.java:httpServerTemplateForNNAndJN(1641)) - Starting Web-server for hddsDatanode at: http://0.0.0.0:0
2019-08-29 11:31:15,433 [main] INFO  server.AuthenticationFilter (AuthenticationFilter.java:constructSecretProvider(240)) - Unable to initialize FileSignerSecretProvider, falling back to use random secrets.
2019-08-29 11:31:15,434 [main] WARN  http.HttpRequestLog (HttpRequestLog.java:getRequestLog(97)) - Jetty request log can only be enabled using Log4j
2019-08-29 11:31:15,437 [main] INFO  http.HttpServer2 (HttpServer2.java:addGlobalFilter(975)) - Added global filter 'safety' (class=org.apache.hadoop.http.HttpServer2$QuotingInputFilter)
2019-08-29 11:31:15,439 [main] INFO  http.HttpServer2 (HttpServer2.java:addFilter(948)) - Added filter static_user_filter (class=org.apache.hadoop.http.lib.StaticUserWebFilter$StaticUserFilter) to context hddsDatanode
2019-08-29 11:31:15,439 [main] INFO  http.HttpServer2 (HttpServer2.java:addFilter(958)) - Added filter static_user_filter (class=org.apache.hadoop.http.lib.StaticUserWebFilter$StaticUserFilter) to context static
2019-08-29 11:31:15,439 [main] INFO  http.HttpServer2 (HttpServer2.java:addFilter(958)) - Added filter static_user_filter (class=org.apache.hadoop.http.lib.StaticUserWebFilter$StaticUserFilter) to context logs
2019-08-29 11:31:15,441 [main] INFO  http.HttpServer2 (HttpServer2.java:bindListener(1191)) - Jetty bound to port 43052
2019-08-29 11:31:15,441 [main] INFO  server.Server (Server.java:doStart(351)) - jetty-9.3.24.v20180605, build timestamp: 2018-06-05T17:11:56Z, git hash: 84205aa28f11a4f31f2a3b86d1bba2cc8ab69827
2019-08-29 11:31:15,444 [main] INFO  handler.ContextHandler (ContextHandler.java:doStart(781)) - Started o.e.j.s.ServletContextHandler@6a1d3225{/logs,file:///workdir/hadoop-ozone/integration-test/target/log,AVAILABLE}
2019-08-29 11:31:15,445 [main] INFO  handler.ContextHandler (ContextHandler.java:doStart(781)) - Started o.e.j.s.ServletContextHandler@50fb33a{/static,jar:file:/home/user/.m2/repository/org/apache/hadoop/hadoop-hdds-container-service/0.5.0-SNAPSHOT/hadoop-hdds-container-service-0.5.0-SNAPSHOT.jar!/webapps/static,AVAILABLE}
2019-08-29 11:31:15,493 [main] INFO  handler.ContextHandler (ContextHandler.java:doStart(781)) - Started o.e.j.w.WebAppContext@4c58255{/,file:///tmp/jetty-0.0.0.0-43052-hddsDatanode-_-any-306230450024979885.dir/webapp/,AVAILABLE}{/hddsDatanode}
2019-08-29 11:31:15,494 [main] INFO  server.AbstractConnector (AbstractConnector.java:doStart(278)) - Started ServerConnector@eac3a26{HTTP/1.1,[http/1.1]}{0.0.0.0:43052}
2019-08-29 11:31:15,495 [main] INFO  server.Server (Server.java:doStart(419)) - Started @5964ms
2019-08-29 11:31:15,497 [main] INFO  server.BaseHttpServer (BaseHttpServer.java:updateConnectorAddress(213)) - HTTP server of HDDSDATANODE is listening at http://0.0.0.0:43052
2019-08-29 11:31:16,730 | INFO  | ObjectStoreRestHttpServer | Listening HDDS REST traffic on /0.0.0.0:40093 |  
2019-08-29 11:31:16,733 [main] INFO  ozone.HddsDatanodeService (HddsDatanodeService.java:startPlugins(395)) - Started plug-in org.apache.hadoop.ozone.web.OzoneHddsDatanodeService@27976390
2019-08-29 11:31:16,734 [main] INFO  impl.MetricsSystemImpl (MetricsSystemImpl.java:init(158)) - HddsDatanode metrics system started (again)
2019-08-29 11:31:16,740 [main] INFO  ozone.HddsDatanodeService (HddsDatanodeService.java:start(184)) - HddsDatanodeService host:pr-hdds-2030-qplxq-3692370286 ip:192.168.5.166
2019-08-29 11:31:16,742 [org.apache.hadoop.util.JvmPauseMonitor$Monitor@2d9db56c] INFO  util.JvmPauseMonitor (JvmPauseMonitor.java:run(188)) - Starting JVM pause monitor
2019-08-29 11:31:16,755 [main] INFO  volume.HddsVolume (HddsVolume.java:<init>(176)) - Creating Volume: /workdir/hadoop-ozone/integration-test/target/test-dir/MiniOzoneClusterImpl-4cec5eff-4947-4a55-927f-c543e94153ec/datanode-1/data/containers/hdds of  storage type : DISK and capacity : 1482555576320
2019-08-29 11:31:16,755 [main] INFO  volume.VolumeSet (VolumeSet.java:initializeVolumeSet(170)) - Added Volume : /workdir/hadoop-ozone/integration-test/target/test-dir/MiniOzoneClusterImpl-4cec5eff-4947-4a55-927f-c543e94153ec/datanode-1/data/containers/hdds to VolumeSet
2019-08-29 11:31:16,756 [main] INFO  volume.ThrottledAsyncChecker (ThrottledAsyncChecker.java:schedule(140)) - Scheduling a check for org.apache.hadoop.ozone.container.common.volume.HddsVolume@528c8c1
2019-08-29 11:31:16,758 [main] INFO  volume.HddsVolumeChecker (HddsVolumeChecker.java:checkAllVolumes(203)) - Scheduled health check for volume org.apache.hadoop.ozone.container.common.volume.HddsVolume@528c8c1
2019-08-29 11:31:16,791 [main] INFO  impl.RaftServerProxy (ConfUtils.java:logGet(43)) - raft.rpc.type = GRPC (default)
2019-08-29 11:31:16,792 [main] INFO  grpc.GrpcFactory (GrpcFactory.java:checkPooledByteBufAllocatorUseCacheForAllThreads(45)) - PERFORMANCE WARNING: useCacheForAllThreads is true that may cause Netty to create a lot garbage objects and, as a result, trigger GC.
	It is recommended to disable useCacheForAllThreads by setting -Dorg.apache.ratis.thirdparty.io.netty.allocator.useCacheForAllThreads=false in command line.
2019-08-29 11:31:16,793 [main] INFO  grpc.GrpcConfigKeys$Server (ConfUtils.java:logGet(43)) - raft.grpc.server.port = 0 (default)
2019-08-29 11:31:16,793 [main] INFO  server.GrpcService (ConfUtils.java:logGet(43)) - raft.grpc.message.size.max = 33570816 (custom)
2019-08-29 11:31:16,794 [main] INFO  server.RaftServerConfigKeys (ConfUtils.java:logGet(43)) - raft.server.log.appender.buffer.byte-limit = 33554432 (custom)
2019-08-29 11:31:16,794 [main] INFO  server.GrpcService (ConfUtils.java:logGet(43)) - raft.grpc.flow.control.window = 1MB (=1048576) (default)
2019-08-29 11:31:16,795 [main] INFO  server.RaftServerConfigKeys (ConfUtils.java:logGet(43)) - raft.server.rpc.request.timeout = 3000ms (default)
2019-08-29 11:31:16,796 [main] INFO  server.RaftServerConfigKeys (ConfUtils.java:logGet(43)) - raft.server.storage.dir = [/workdir/hadoop-ozone/integration-test/target/test-dir/MiniOzoneClusterImpl-4cec5eff-4947-4a55-927f-c543e94153ec/datanode-1/data/ratis] (custom)
2019-08-29 11:31:16,796 [main] INFO  replication.SimpleContainerDownloader (SimpleContainerDownloader.java:<init>(72)) - Starting container downloader service to copy containers to replicate.
2019-08-29 11:31:16,799 [main] INFO  hdfs.DFSUtil (DFSUtil.java:httpServerTemplateForNNAndJN(1641)) - Starting Web-server for hddsDatanode at: http://0.0.0.0:0
2019-08-29 11:31:16,801 [main] INFO  server.AuthenticationFilter (AuthenticationFilter.java:constructSecretProvider(240)) - Unable to initialize FileSignerSecretProvider, falling back to use random secrets.
2019-08-29 11:31:16,803 [main] WARN  http.HttpRequestLog (HttpRequestLog.java:getRequestLog(97)) - Jetty request log can only be enabled using Log4j
2019-08-29 11:31:16,806 [main] INFO  http.HttpServer2 (HttpServer2.java:addGlobalFilter(975)) - Added global filter 'safety' (class=org.apache.hadoop.http.HttpServer2$QuotingInputFilter)
2019-08-29 11:31:16,807 [main] INFO  http.HttpServer2 (HttpServer2.java:addFilter(948)) - Added filter static_user_filter (class=org.apache.hadoop.http.lib.StaticUserWebFilter$StaticUserFilter) to context hddsDatanode
2019-08-29 11:31:16,807 [main] INFO  http.HttpServer2 (HttpServer2.java:addFilter(958)) - Added filter static_user_filter (class=org.apache.hadoop.http.lib.StaticUserWebFilter$StaticUserFilter) to context logs
2019-08-29 11:31:16,807 [main] INFO  http.HttpServer2 (HttpServer2.java:addFilter(958)) - Added filter static_user_filter (class=org.apache.hadoop.http.lib.StaticUserWebFilter$StaticUserFilter) to context static
2019-08-29 11:31:16,808 [main] INFO  http.HttpServer2 (HttpServer2.java:bindListener(1191)) - Jetty bound to port 46682
2019-08-29 11:31:16,809 [main] INFO  server.Server (Server.java:doStart(351)) - jetty-9.3.24.v20180605, build timestamp: 2018-06-05T17:11:56Z, git hash: 84205aa28f11a4f31f2a3b86d1bba2cc8ab69827
2019-08-29 11:31:16,813 [main] INFO  handler.ContextHandler (ContextHandler.java:doStart(781)) - Started o.e.j.s.ServletContextHandler@2f3928ac{/logs,file:///workdir/hadoop-ozone/integration-test/target/log,AVAILABLE}
2019-08-29 11:31:16,814 [main] INFO  handler.ContextHandler (ContextHandler.java:doStart(781)) - Started o.e.j.s.ServletContextHandler@31834a2b{/static,jar:file:/home/user/.m2/repository/org/apache/hadoop/hadoop-hdds-container-service/0.5.0-SNAPSHOT/hadoop-hdds-container-service-0.5.0-SNAPSHOT.jar!/webapps/static,AVAILABLE}
2019-08-29 11:31:16,856 [main] INFO  handler.ContextHandler (ContextHandler.java:doStart(781)) - Started o.e.j.w.WebAppContext@697a0948{/,file:///tmp/jetty-0.0.0.0-46682-hddsDatanode-_-any-845139765133580410.dir/webapp/,AVAILABLE}{/hddsDatanode}
2019-08-29 11:31:16,857 [main] INFO  server.AbstractConnector (AbstractConnector.java:doStart(278)) - Started ServerConnector@7cf63b9a{HTTP/1.1,[http/1.1]}{0.0.0.0:46682}
2019-08-29 11:31:16,858 [main] INFO  server.Server (Server.java:doStart(419)) - Started @7327ms
2019-08-29 11:31:16,861 [main] INFO  server.BaseHttpServer (BaseHttpServer.java:updateConnectorAddress(213)) - HTTP server of HDDSDATANODE is listening at http://0.0.0.0:46682
2019-08-29 11:31:16,900 [Datanode State Machine Thread - 0] INFO  datanode.InitDatanodeState (InitDatanodeState.java:persistContainerDatanodeDetails(140)) - DatanodeDetails is persisted to /workdir/hadoop-ozone/integration-test/target/test-dir/MiniOzoneClusterImpl-4cec5eff-4947-4a55-927f-c543e94153ec/datanode-0/meta/datanode.id
2019-08-29 11:31:17,072 | INFO  | ObjectStoreRestHttpServer | Listening HDDS REST traffic on /0.0.0.0:38678 |  
2019-08-29 11:31:17,072 [main] INFO  ozone.HddsDatanodeService (HddsDatanodeService.java:startPlugins(395)) - Started plug-in org.apache.hadoop.ozone.web.OzoneHddsDatanodeService@57151b3a
2019-08-29 11:31:17,073 [main] INFO  impl.MetricsSystemImpl (MetricsSystemImpl.java:init(158)) - HddsDatanode metrics system started (again)
2019-08-29 11:31:17,077 [org.apache.hadoop.util.JvmPauseMonitor$Monitor@7a3bd9b7] INFO  util.JvmPauseMonitor (JvmPauseMonitor.java:run(188)) - Starting JVM pause monitor
2019-08-29 11:31:17,078 [main] INFO  ozone.HddsDatanodeService (HddsDatanodeService.java:start(184)) - HddsDatanodeService host:pr-hdds-2030-qplxq-3692370286 ip:192.168.5.166
2019-08-29 11:31:17,085 [Datanode State Machine Thread - 0] INFO  datanode.InitDatanodeState (InitDatanodeState.java:persistContainerDatanodeDetails(140)) - DatanodeDetails is persisted to /workdir/hadoop-ozone/integration-test/target/test-dir/MiniOzoneClusterImpl-4cec5eff-4947-4a55-927f-c543e94153ec/datanode-1/meta/datanode.id
2019-08-29 11:31:17,091 [main] INFO  volume.HddsVolume (HddsVolume.java:<init>(176)) - Creating Volume: /workdir/hadoop-ozone/integration-test/target/test-dir/MiniOzoneClusterImpl-4cec5eff-4947-4a55-927f-c543e94153ec/datanode-2/data/containers/hdds of  storage type : DISK and capacity : 1482555576320
2019-08-29 11:31:17,091 [main] INFO  volume.VolumeSet (VolumeSet.java:initializeVolumeSet(170)) - Added Volume : /workdir/hadoop-ozone/integration-test/target/test-dir/MiniOzoneClusterImpl-4cec5eff-4947-4a55-927f-c543e94153ec/datanode-2/data/containers/hdds to VolumeSet
2019-08-29 11:31:17,092 [main] INFO  volume.ThrottledAsyncChecker (ThrottledAsyncChecker.java:schedule(140)) - Scheduling a check for org.apache.hadoop.ozone.container.common.volume.HddsVolume@3c7279a5
2019-08-29 11:31:17,093 [main] INFO  volume.HddsVolumeChecker (HddsVolumeChecker.java:checkAllVolumes(203)) - Scheduled health check for volume org.apache.hadoop.ozone.container.common.volume.HddsVolume@3c7279a5
2019-08-29 11:31:17,112 [main] INFO  impl.RaftServerProxy (ConfUtils.java:logGet(43)) - raft.rpc.type = GRPC (default)
2019-08-29 11:31:17,112 [main] INFO  grpc.GrpcFactory (GrpcFactory.java:checkPooledByteBufAllocatorUseCacheForAllThreads(45)) - PERFORMANCE WARNING: useCacheForAllThreads is true that may cause Netty to create a lot garbage objects and, as a result, trigger GC.
	It is recommended to disable useCacheForAllThreads by setting -Dorg.apache.ratis.thirdparty.io.netty.allocator.useCacheForAllThreads=false in command line.
2019-08-29 11:31:17,113 [main] INFO  grpc.GrpcConfigKeys$Server (ConfUtils.java:logGet(43)) - raft.grpc.server.port = 0 (default)
2019-08-29 11:31:17,113 [main] INFO  server.GrpcService (ConfUtils.java:logGet(43)) - raft.grpc.message.size.max = 33570816 (custom)
2019-08-29 11:31:17,113 [main] INFO  server.RaftServerConfigKeys (ConfUtils.java:logGet(43)) - raft.server.log.appender.buffer.byte-limit = 33554432 (custom)
2019-08-29 11:31:17,114 [main] INFO  server.GrpcService (ConfUtils.java:logGet(43)) - raft.grpc.flow.control.window = 1MB (=1048576) (default)
2019-08-29 11:31:17,114 [main] INFO  server.RaftServerConfigKeys (ConfUtils.java:logGet(43)) - raft.server.rpc.request.timeout = 3000ms (default)
2019-08-29 11:31:17,115 [main] INFO  server.RaftServerConfigKeys (ConfUtils.java:logGet(43)) - raft.server.storage.dir = [/workdir/hadoop-ozone/integration-test/target/test-dir/MiniOzoneClusterImpl-4cec5eff-4947-4a55-927f-c543e94153ec/datanode-2/data/ratis] (custom)
2019-08-29 11:31:17,116 [main] INFO  replication.SimpleContainerDownloader (SimpleContainerDownloader.java:<init>(72)) - Starting container downloader service to copy containers to replicate.
2019-08-29 11:31:17,118 [main] INFO  hdfs.DFSUtil (DFSUtil.java:httpServerTemplateForNNAndJN(1641)) - Starting Web-server for hddsDatanode at: http://0.0.0.0:0
2019-08-29 11:31:17,120 [main] INFO  server.AuthenticationFilter (AuthenticationFilter.java:constructSecretProvider(240)) - Unable to initialize FileSignerSecretProvider, falling back to use random secrets.
2019-08-29 11:31:17,120 [main] WARN  http.HttpRequestLog (HttpRequestLog.java:getRequestLog(97)) - Jetty request log can only be enabled using Log4j
2019-08-29 11:31:17,122 [main] INFO  http.HttpServer2 (HttpServer2.java:addGlobalFilter(975)) - Added global filter 'safety' (class=org.apache.hadoop.http.HttpServer2$QuotingInputFilter)
2019-08-29 11:31:17,123 [main] INFO  http.HttpServer2 (HttpServer2.java:addFilter(948)) - Added filter static_user_filter (class=org.apache.hadoop.http.lib.StaticUserWebFilter$StaticUserFilter) to context hddsDatanode
2019-08-29 11:31:17,123 [main] INFO  http.HttpServer2 (HttpServer2.java:addFilter(958)) - Added filter static_user_filter (class=org.apache.hadoop.http.lib.StaticUserWebFilter$StaticUserFilter) to context logs
2019-08-29 11:31:17,124 [main] INFO  http.HttpServer2 (HttpServer2.java:addFilter(958)) - Added filter static_user_filter (class=org.apache.hadoop.http.lib.StaticUserWebFilter$StaticUserFilter) to context static
2019-08-29 11:31:17,125 [main] INFO  http.HttpServer2 (HttpServer2.java:bindListener(1191)) - Jetty bound to port 41866
2019-08-29 11:31:17,125 [main] INFO  server.Server (Server.java:doStart(351)) - jetty-9.3.24.v20180605, build timestamp: 2018-06-05T17:11:56Z, git hash: 84205aa28f11a4f31f2a3b86d1bba2cc8ab69827
2019-08-29 11:31:17,127 [main] INFO  handler.ContextHandler (ContextHandler.java:doStart(781)) - Started o.e.j.s.ServletContextHandler@5aa76ad2{/logs,file:///workdir/hadoop-ozone/integration-test/target/log,AVAILABLE}
2019-08-29 11:31:17,128 [main] INFO  handler.ContextHandler (ContextHandler.java:doStart(781)) - Started o.e.j.s.ServletContextHandler@25791d40{/static,jar:file:/home/user/.m2/repository/org/apache/hadoop/hadoop-hdds-container-service/0.5.0-SNAPSHOT/hadoop-hdds-container-service-0.5.0-SNAPSHOT.jar!/webapps/static,AVAILABLE}
2019-08-29 11:31:17,165 [main] INFO  handler.ContextHandler (ContextHandler.java:doStart(781)) - Started o.e.j.w.WebAppContext@45801322{/,file:///tmp/jetty-0.0.0.0-41866-hddsDatanode-_-any-4217407633546436875.dir/webapp/,AVAILABLE}{/hddsDatanode}
2019-08-29 11:31:17,166 [main] INFO  server.AbstractConnector (AbstractConnector.java:doStart(278)) - Started ServerConnector@756b2d90{HTTP/1.1,[http/1.1]}{0.0.0.0:41866}
2019-08-29 11:31:17,166 [main] INFO  server.Server (Server.java:doStart(419)) - Started @7636ms
2019-08-29 11:31:17,167 [main] INFO  server.BaseHttpServer (BaseHttpServer.java:updateConnectorAddress(213)) - HTTP server of HDDSDATANODE is listening at http://0.0.0.0:41866
2019-08-29 11:31:17,311 | INFO  | ObjectStoreRestHttpServer | Listening HDDS REST traffic on /0.0.0.0:35471 |  
2019-08-29 11:31:17,311 [main] INFO  ozone.HddsDatanodeService (HddsDatanodeService.java:startPlugins(395)) - Started plug-in org.apache.hadoop.ozone.web.OzoneHddsDatanodeService@6b0f266e
2019-08-29 11:31:17,312 [main] INFO  impl.MetricsSystemImpl (MetricsSystemImpl.java:init(158)) - HddsDatanode metrics system started (again)
2019-08-29 11:31:17,315 [main] INFO  ozone.HddsDatanodeService (HddsDatanodeService.java:start(184)) - HddsDatanodeService host:pr-hdds-2030-qplxq-3692370286 ip:192.168.5.166
2019-08-29 11:31:17,316 [org.apache.hadoop.util.JvmPauseMonitor$Monitor@3b5c9480] INFO  util.JvmPauseMonitor (JvmPauseMonitor.java:run(188)) - Starting JVM pause monitor
2019-08-29 11:31:17,318 [Datanode State Machine Thread - 0] INFO  datanode.InitDatanodeState (InitDatanodeState.java:persistContainerDatanodeDetails(140)) - DatanodeDetails is persisted to /workdir/hadoop-ozone/integration-test/target/test-dir/MiniOzoneClusterImpl-4cec5eff-4947-4a55-927f-c543e94153ec/datanode-2/meta/datanode.id
2019-08-29 11:31:17,323 [main] INFO  volume.HddsVolume (HddsVolume.java:<init>(176)) - Creating Volume: /workdir/hadoop-ozone/integration-test/target/test-dir/MiniOzoneClusterImpl-4cec5eff-4947-4a55-927f-c543e94153ec/datanode-3/data/containers/hdds of  storage type : DISK and capacity : 1482555576320
2019-08-29 11:31:17,323 [main] INFO  volume.VolumeSet (VolumeSet.java:initializeVolumeSet(170)) - Added Volume : /workdir/hadoop-ozone/integration-test/target/test-dir/MiniOzoneClusterImpl-4cec5eff-4947-4a55-927f-c543e94153ec/datanode-3/data/containers/hdds to VolumeSet
2019-08-29 11:31:17,324 [main] INFO  volume.ThrottledAsyncChecker (ThrottledAsyncChecker.java:schedule(140)) - Scheduling a check for org.apache.hadoop.ozone.container.common.volume.HddsVolume@5d7dd549
2019-08-29 11:31:17,324 [main] INFO  volume.HddsVolumeChecker (HddsVolumeChecker.java:checkAllVolumes(203)) - Scheduled health check for volume org.apache.hadoop.ozone.container.common.volume.HddsVolume@5d7dd549
2019-08-29 11:31:17,339 [main] INFO  impl.RaftServerProxy (ConfUtils.java:logGet(43)) - raft.rpc.type = GRPC (default)
2019-08-29 11:31:17,339 [main] INFO  grpc.GrpcFactory (GrpcFactory.java:checkPooledByteBufAllocatorUseCacheForAllThreads(45)) - PERFORMANCE WARNING: useCacheForAllThreads is true that may cause Netty to create a lot garbage objects and, as a result, trigger GC.
	It is recommended to disable useCacheForAllThreads by setting -Dorg.apache.ratis.thirdparty.io.netty.allocator.useCacheForAllThreads=false in command line.
2019-08-29 11:31:17,340 [main] INFO  grpc.GrpcConfigKeys$Server (ConfUtils.java:logGet(43)) - raft.grpc.server.port = 0 (default)
2019-08-29 11:31:17,340 [main] INFO  server.GrpcService (ConfUtils.java:logGet(43)) - raft.grpc.message.size.max = 33570816 (custom)
2019-08-29 11:31:17,340 [main] INFO  server.RaftServerConfigKeys (ConfUtils.java:logGet(43)) - raft.server.log.appender.buffer.byte-limit = 33554432 (custom)
2019-08-29 11:31:17,340 [main] INFO  server.GrpcService (ConfUtils.java:logGet(43)) - raft.grpc.flow.control.window = 1MB (=1048576) (default)
2019-08-29 11:31:17,341 [main] INFO  server.RaftServerConfigKeys (ConfUtils.java:logGet(43)) - raft.server.rpc.request.timeout = 3000ms (default)
2019-08-29 11:31:17,341 [main] INFO  server.RaftServerConfigKeys (ConfUtils.java:logGet(43)) - raft.server.storage.dir = [/workdir/hadoop-ozone/integration-test/target/test-dir/MiniOzoneClusterImpl-4cec5eff-4947-4a55-927f-c543e94153ec/datanode-3/data/ratis] (custom)
2019-08-29 11:31:17,342 [main] INFO  replication.SimpleContainerDownloader (SimpleContainerDownloader.java:<init>(72)) - Starting container downloader service to copy containers to replicate.
2019-08-29 11:31:17,343 [main] INFO  hdfs.DFSUtil (DFSUtil.java:httpServerTemplateForNNAndJN(1641)) - Starting Web-server for hddsDatanode at: http://0.0.0.0:0
2019-08-29 11:31:17,344 [main] INFO  server.AuthenticationFilter (AuthenticationFilter.java:constructSecretProvider(240)) - Unable to initialize FileSignerSecretProvider, falling back to use random secrets.
2019-08-29 11:31:17,345 [main] WARN  http.HttpRequestLog (HttpRequestLog.java:getRequestLog(97)) - Jetty request log can only be enabled using Log4j
2019-08-29 11:31:17,346 [main] INFO  http.HttpServer2 (HttpServer2.java:addGlobalFilter(975)) - Added global filter 'safety' (class=org.apache.hadoop.http.HttpServer2$QuotingInputFilter)
2019-08-29 11:31:17,347 [main] INFO  http.HttpServer2 (HttpServer2.java:addFilter(948)) - Added filter static_user_filter (class=org.apache.hadoop.http.lib.StaticUserWebFilter$StaticUserFilter) to context hddsDatanode
2019-08-29 11:31:17,347 [main] INFO  http.HttpServer2 (HttpServer2.java:addFilter(958)) - Added filter static_user_filter (class=org.apache.hadoop.http.lib.StaticUserWebFilter$StaticUserFilter) to context logs
2019-08-29 11:31:17,347 [main] INFO  http.HttpServer2 (HttpServer2.java:addFilter(958)) - Added filter static_user_filter (class=org.apache.hadoop.http.lib.StaticUserWebFilter$StaticUserFilter) to context static
2019-08-29 11:31:17,348 [main] INFO  http.HttpServer2 (HttpServer2.java:bindListener(1191)) - Jetty bound to port 33717
2019-08-29 11:31:17,348 [main] INFO  server.Server (Server.java:doStart(351)) - jetty-9.3.24.v20180605, build timestamp: 2018-06-05T17:11:56Z, git hash: 84205aa28f11a4f31f2a3b86d1bba2cc8ab69827
2019-08-29 11:31:17,353 [main] INFO  handler.ContextHandler (ContextHandler.java:doStart(781)) - Started o.e.j.s.ServletContextHandler@14f060b8{/logs,file:///workdir/hadoop-ozone/integration-test/target/log,AVAILABLE}
2019-08-29 11:31:17,354 [main] INFO  handler.ContextHandler (ContextHandler.java:doStart(781)) - Started o.e.j.s.ServletContextHandler@79df80a4{/static,jar:file:/home/user/.m2/repository/org/apache/hadoop/hadoop-hdds-container-service/0.5.0-SNAPSHOT/hadoop-hdds-container-service-0.5.0-SNAPSHOT.jar!/webapps/static,AVAILABLE}
2019-08-29 11:31:17,385 [main] INFO  handler.ContextHandler (ContextHandler.java:doStart(781)) - Started o.e.j.w.WebAppContext@5fb3111a{/,file:///tmp/jetty-0.0.0.0-33717-hddsDatanode-_-any-5942894493944742318.dir/webapp/,AVAILABLE}{/hddsDatanode}
2019-08-29 11:31:17,387 [main] INFO  server.AbstractConnector (AbstractConnector.java:doStart(278)) - Started ServerConnector@4aaecabd{HTTP/1.1,[http/1.1]}{0.0.0.0:33717}
2019-08-29 11:31:17,387 [main] INFO  server.Server (Server.java:doStart(419)) - Started @7856ms
2019-08-29 11:31:17,388 [main] INFO  server.BaseHttpServer (BaseHttpServer.java:updateConnectorAddress(213)) - HTTP server of HDDSDATANODE is listening at http://0.0.0.0:33717
2019-08-29 11:31:17,583 | INFO  | ObjectStoreRestHttpServer | Listening HDDS REST traffic on /0.0.0.0:39079 |  
2019-08-29 11:31:17,584 [main] INFO  ozone.HddsDatanodeService (HddsDatanodeService.java:startPlugins(395)) - Started plug-in org.apache.hadoop.ozone.web.OzoneHddsDatanodeService@3344d163
2019-08-29 11:31:17,584 [main] INFO  impl.MetricsSystemImpl (MetricsSystemImpl.java:init(158)) - HddsDatanode metrics system started (again)
2019-08-29 11:31:17,589 [org.apache.hadoop.util.JvmPauseMonitor$Monitor@75eb60da] INFO  util.JvmPauseMonitor (JvmPauseMonitor.java:run(188)) - Starting JVM pause monitor
2019-08-29 11:31:17,590 [main] INFO  ozone.HddsDatanodeService (HddsDatanodeService.java:start(184)) - HddsDatanodeService host:pr-hdds-2030-qplxq-3692370286 ip:192.168.5.166
2019-08-29 11:31:17,592 [Datanode State Machine Thread - 0] INFO  datanode.InitDatanodeState (InitDatanodeState.java:persistContainerDatanodeDetails(140)) - DatanodeDetails is persisted to /workdir/hadoop-ozone/integration-test/target/test-dir/MiniOzoneClusterImpl-4cec5eff-4947-4a55-927f-c543e94153ec/datanode-3/meta/datanode.id
2019-08-29 11:31:17,598 [main] INFO  volume.HddsVolume (HddsVolume.java:<init>(176)) - Creating Volume: /workdir/hadoop-ozone/integration-test/target/test-dir/MiniOzoneClusterImpl-4cec5eff-4947-4a55-927f-c543e94153ec/datanode-4/data/containers/hdds of  storage type : DISK and capacity : 1482555576320
2019-08-29 11:31:17,599 [main] INFO  volume.VolumeSet (VolumeSet.java:initializeVolumeSet(170)) - Added Volume : /workdir/hadoop-ozone/integration-test/target/test-dir/MiniOzoneClusterImpl-4cec5eff-4947-4a55-927f-c543e94153ec/datanode-4/data/containers/hdds to VolumeSet
2019-08-29 11:31:17,599 [main] INFO  volume.ThrottledAsyncChecker (ThrottledAsyncChecker.java:schedule(140)) - Scheduling a check for org.apache.hadoop.ozone.container.common.volume.HddsVolume@73a845cb
2019-08-29 11:31:17,599 [main] INFO  volume.HddsVolumeChecker (HddsVolumeChecker.java:checkAllVolumes(203)) - Scheduled health check for volume org.apache.hadoop.ozone.container.common.volume.HddsVolume@73a845cb
2019-08-29 11:31:17,617 [main] INFO  impl.RaftServerProxy (ConfUtils.java:logGet(43)) - raft.rpc.type = GRPC (default)
2019-08-29 11:31:17,618 [main] INFO  grpc.GrpcFactory (GrpcFactory.java:checkPooledByteBufAllocatorUseCacheForAllThreads(45)) - PERFORMANCE WARNING: useCacheForAllThreads is true that may cause Netty to create a lot garbage objects and, as a result, trigger GC.
	It is recommended to disable useCacheForAllThreads by setting -Dorg.apache.ratis.thirdparty.io.netty.allocator.useCacheForAllThreads=false in command line.
2019-08-29 11:31:17,618 [main] INFO  grpc.GrpcConfigKeys$Server (ConfUtils.java:logGet(43)) - raft.grpc.server.port = 0 (default)
2019-08-29 11:31:17,618 [main] INFO  server.GrpcService (ConfUtils.java:logGet(43)) - raft.grpc.message.size.max = 33570816 (custom)
2019-08-29 11:31:17,619 [main] INFO  server.RaftServerConfigKeys (ConfUtils.java:logGet(43)) - raft.server.log.appender.buffer.byte-limit = 33554432 (custom)
2019-08-29 11:31:17,619 [main] INFO  server.GrpcService (ConfUtils.java:logGet(43)) - raft.grpc.flow.control.window = 1MB (=1048576) (default)
2019-08-29 11:31:17,619 [main] INFO  server.RaftServerConfigKeys (ConfUtils.java:logGet(43)) - raft.server.rpc.request.timeout = 3000ms (default)
2019-08-29 11:31:17,620 [main] INFO  server.RaftServerConfigKeys (ConfUtils.java:logGet(43)) - raft.server.storage.dir = [/workdir/hadoop-ozone/integration-test/target/test-dir/MiniOzoneClusterImpl-4cec5eff-4947-4a55-927f-c543e94153ec/datanode-4/data/ratis] (custom)
2019-08-29 11:31:17,620 [main] INFO  replication.SimpleContainerDownloader (SimpleContainerDownloader.java:<init>(72)) - Starting container downloader service to copy containers to replicate.
2019-08-29 11:31:17,621 [main] INFO  hdfs.DFSUtil (DFSUtil.java:httpServerTemplateForNNAndJN(1641)) - Starting Web-server for hddsDatanode at: http://0.0.0.0:0
2019-08-29 11:31:17,623 [main] INFO  server.AuthenticationFilter (AuthenticationFilter.java:constructSecretProvider(240)) - Unable to initialize FileSignerSecretProvider, falling back to use random secrets.
2019-08-29 11:31:17,623 [main] WARN  http.HttpRequestLog (HttpRequestLog.java:getRequestLog(97)) - Jetty request log can only be enabled using Log4j
2019-08-29 11:31:17,625 [main] INFO  http.HttpServer2 (HttpServer2.java:addGlobalFilter(975)) - Added global filter 'safety' (class=org.apache.hadoop.http.HttpServer2$QuotingInputFilter)
2019-08-29 11:31:17,626 [main] INFO  http.HttpServer2 (HttpServer2.java:addFilter(948)) - Added filter static_user_filter (class=org.apache.hadoop.http.lib.StaticUserWebFilter$StaticUserFilter) to context hddsDatanode
2019-08-29 11:31:17,626 [main] INFO  http.HttpServer2 (HttpServer2.java:addFilter(958)) - Added filter static_user_filter (class=org.apache.hadoop.http.lib.StaticUserWebFilter$StaticUserFilter) to context static
2019-08-29 11:31:17,626 [main] INFO  http.HttpServer2 (HttpServer2.java:addFilter(958)) - Added filter static_user_filter (class=org.apache.hadoop.http.lib.StaticUserWebFilter$StaticUserFilter) to context logs
2019-08-29 11:31:17,627 [main] INFO  http.HttpServer2 (HttpServer2.java:bindListener(1191)) - Jetty bound to port 33047
2019-08-29 11:31:17,627 [main] INFO  server.Server (Server.java:doStart(351)) - jetty-9.3.24.v20180605, build timestamp: 2018-06-05T17:11:56Z, git hash: 84205aa28f11a4f31f2a3b86d1bba2cc8ab69827
2019-08-29 11:31:17,630 [main] INFO  handler.ContextHandler (ContextHandler.java:doStart(781)) - Started o.e.j.s.ServletContextHandler@7d50f2a8{/logs,file:///workdir/hadoop-ozone/integration-test/target/log,AVAILABLE}
2019-08-29 11:31:17,630 [main] INFO  handler.ContextHandler (ContextHandler.java:doStart(781)) - Started o.e.j.s.ServletContextHandler@37ca3ca8{/static,jar:file:/home/user/.m2/repository/org/apache/hadoop/hadoop-hdds-container-service/0.5.0-SNAPSHOT/hadoop-hdds-container-service-0.5.0-SNAPSHOT.jar!/webapps/static,AVAILABLE}
2019-08-29 11:31:17,659 [main] INFO  handler.ContextHandler (ContextHandler.java:doStart(781)) - Started o.e.j.w.WebAppContext@621f23ac{/,file:///tmp/jetty-0.0.0.0-33047-hddsDatanode-_-any-3178667235272536675.dir/webapp/,AVAILABLE}{/hddsDatanode}
2019-08-29 11:31:17,659 [main] INFO  server.AbstractConnector (AbstractConnector.java:doStart(278)) - Started ServerConnector@7761e342{HTTP/1.1,[http/1.1]}{0.0.0.0:33047}
2019-08-29 11:31:17,660 [main] INFO  server.Server (Server.java:doStart(419)) - Started @8129ms
2019-08-29 11:31:17,661 [main] INFO  server.BaseHttpServer (BaseHttpServer.java:updateConnectorAddress(213)) - HTTP server of HDDSDATANODE is listening at http://0.0.0.0:33047
2019-08-29 11:31:17,803 | INFO  | ObjectStoreRestHttpServer | Listening HDDS REST traffic on /0.0.0.0:34180 |  
2019-08-29 11:31:17,803 [main] INFO  ozone.HddsDatanodeService (HddsDatanodeService.java:startPlugins(395)) - Started plug-in org.apache.hadoop.ozone.web.OzoneHddsDatanodeService@6818fd48
2019-08-29 11:31:17,803 [main] INFO  impl.MetricsSystemImpl (MetricsSystemImpl.java:init(158)) - HddsDatanode metrics system started (again)
2019-08-29 11:31:17,808 [org.apache.hadoop.util.JvmPauseMonitor$Monitor@2fbcbfd0] INFO  util.JvmPauseMonitor (JvmPauseMonitor.java:run(188)) - Starting JVM pause monitor
2019-08-29 11:31:17,808 [main] INFO  ozone.HddsDatanodeService (HddsDatanodeService.java:start(184)) - HddsDatanodeService host:pr-hdds-2030-qplxq-3692370286 ip:192.168.5.166
2019-08-29 11:31:17,811 [Datanode State Machine Thread - 0] INFO  datanode.InitDatanodeState (InitDatanodeState.java:persistContainerDatanodeDetails(140)) - DatanodeDetails is persisted to /workdir/hadoop-ozone/integration-test/target/test-dir/MiniOzoneClusterImpl-4cec5eff-4947-4a55-927f-c543e94153ec/datanode-4/meta/datanode.id
2019-08-29 11:31:17,820 [main] INFO  volume.HddsVolume (HddsVolume.java:<init>(176)) - Creating Volume: /workdir/hadoop-ozone/integration-test/target/test-dir/MiniOzoneClusterImpl-4cec5eff-4947-4a55-927f-c543e94153ec/datanode-5/data/containers/hdds of  storage type : DISK and capacity : 1482555576320
2019-08-29 11:31:17,820 [main] INFO  volume.VolumeSet (VolumeSet.java:initializeVolumeSet(170)) - Added Volume : /workdir/hadoop-ozone/integration-test/target/test-dir/MiniOzoneClusterImpl-4cec5eff-4947-4a55-927f-c543e94153ec/datanode-5/data/containers/hdds to VolumeSet
2019-08-29 11:31:17,820 [main] INFO  volume.ThrottledAsyncChecker (ThrottledAsyncChecker.java:schedule(140)) - Scheduling a check for org.apache.hadoop.ozone.container.common.volume.HddsVolume@3ace6346
2019-08-29 11:31:17,821 [main] INFO  volume.HddsVolumeChecker (HddsVolumeChecker.java:checkAllVolumes(203)) - Scheduled health check for volume org.apache.hadoop.ozone.container.common.volume.HddsVolume@3ace6346
2019-08-29 11:31:17,836 [main] INFO  impl.RaftServerProxy (ConfUtils.java:logGet(43)) - raft.rpc.type = GRPC (default)
2019-08-29 11:31:17,837 [main] INFO  grpc.GrpcFactory (GrpcFactory.java:checkPooledByteBufAllocatorUseCacheForAllThreads(45)) - PERFORMANCE WARNING: useCacheForAllThreads is true that may cause Netty to create a lot garbage objects and, as a result, trigger GC.
	It is recommended to disable useCacheForAllThreads by setting -Dorg.apache.ratis.thirdparty.io.netty.allocator.useCacheForAllThreads=false in command line.
2019-08-29 11:31:17,837 [main] INFO  grpc.GrpcConfigKeys$Server (ConfUtils.java:logGet(43)) - raft.grpc.server.port = 0 (default)
2019-08-29 11:31:17,837 [main] INFO  server.GrpcService (ConfUtils.java:logGet(43)) - raft.grpc.message.size.max = 33570816 (custom)
2019-08-29 11:31:17,837 [main] INFO  server.RaftServerConfigKeys (ConfUtils.java:logGet(43)) - raft.server.log.appender.buffer.byte-limit = 33554432 (custom)
2019-08-29 11:31:17,838 [main] INFO  server.GrpcService (ConfUtils.java:logGet(43)) - raft.grpc.flow.control.window = 1MB (=1048576) (default)
2019-08-29 11:31:17,838 [main] INFO  server.RaftServerConfigKeys (ConfUtils.java:logGet(43)) - raft.server.rpc.request.timeout = 3000ms (default)
2019-08-29 11:31:17,838 [main] INFO  server.RaftServerConfigKeys (ConfUtils.java:logGet(43)) - raft.server.storage.dir = [/workdir/hadoop-ozone/integration-test/target/test-dir/MiniOzoneClusterImpl-4cec5eff-4947-4a55-927f-c543e94153ec/datanode-5/data/ratis] (custom)
2019-08-29 11:31:17,839 [main] INFO  replication.SimpleContainerDownloader (SimpleContainerDownloader.java:<init>(72)) - Starting container downloader service to copy containers to replicate.
2019-08-29 11:31:17,840 [main] INFO  hdfs.DFSUtil (DFSUtil.java:httpServerTemplateForNNAndJN(1641)) - Starting Web-server for hddsDatanode at: http://0.0.0.0:0
2019-08-29 11:31:17,842 [main] INFO  server.AuthenticationFilter (AuthenticationFilter.java:constructSecretProvider(240)) - Unable to initialize FileSignerSecretProvider, falling back to use random secrets.
2019-08-29 11:31:17,842 [main] WARN  http.HttpRequestLog (HttpRequestLog.java:getRequestLog(97)) - Jetty request log can only be enabled using Log4j
2019-08-29 11:31:17,844 [main] INFO  http.HttpServer2 (HttpServer2.java:addGlobalFilter(975)) - Added global filter 'safety' (class=org.apache.hadoop.http.HttpServer2$QuotingInputFilter)
2019-08-29 11:31:17,844 [main] INFO  http.HttpServer2 (HttpServer2.java:addFilter(948)) - Added filter static_user_filter (class=org.apache.hadoop.http.lib.StaticUserWebFilter$StaticUserFilter) to context hddsDatanode
2019-08-29 11:31:17,844 [main] INFO  http.HttpServer2 (HttpServer2.java:addFilter(958)) - Added filter static_user_filter (class=org.apache.hadoop.http.lib.StaticUserWebFilter$StaticUserFilter) to context logs
2019-08-29 11:31:17,845 [main] INFO  http.HttpServer2 (HttpServer2.java:addFilter(958)) - Added filter static_user_filter (class=org.apache.hadoop.http.lib.StaticUserWebFilter$StaticUserFilter) to context static
2019-08-29 11:31:17,845 [main] INFO  http.HttpServer2 (HttpServer2.java:bindListener(1191)) - Jetty bound to port 38387
2019-08-29 11:31:17,846 [main] INFO  server.Server (Server.java:doStart(351)) - jetty-9.3.24.v20180605, build timestamp: 2018-06-05T17:11:56Z, git hash: 84205aa28f11a4f31f2a3b86d1bba2cc8ab69827
2019-08-29 11:31:17,848 [main] INFO  handler.ContextHandler (ContextHandler.java:doStart(781)) - Started o.e.j.s.ServletContextHandler@63f9ddf9{/logs,file:///workdir/hadoop-ozone/integration-test/target/log,AVAILABLE}
2019-08-29 11:31:17,848 [main] INFO  handler.ContextHandler (ContextHandler.java:doStart(781)) - Started o.e.j.s.ServletContextHandler@4e17442f{/static,jar:file:/home/user/.m2/repository/org/apache/hadoop/hadoop-hdds-container-service/0.5.0-SNAPSHOT/hadoop-hdds-container-service-0.5.0-SNAPSHOT.jar!/webapps/static,AVAILABLE}
2019-08-29 11:31:17,877 [main] INFO  handler.ContextHandler (ContextHandler.java:doStart(781)) - Started o.e.j.w.WebAppContext@5c82031b{/,file:///tmp/jetty-0.0.0.0-38387-hddsDatanode-_-any-3278515568090512575.dir/webapp/,AVAILABLE}{/hddsDatanode}
2019-08-29 11:31:17,878 [main] INFO  server.AbstractConnector (AbstractConnector.java:doStart(278)) - Started ServerConnector@274fdea6{HTTP/1.1,[http/1.1]}{0.0.0.0:38387}
2019-08-29 11:31:17,878 [main] INFO  server.Server (Server.java:doStart(419)) - Started @8347ms
2019-08-29 11:31:17,879 [main] INFO  server.BaseHttpServer (BaseHttpServer.java:updateConnectorAddress(213)) - HTTP server of HDDSDATANODE is listening at http://0.0.0.0:38387
2019-08-29 11:31:18,174 | INFO  | ObjectStoreRestHttpServer | Listening HDDS REST traffic on /0.0.0.0:42238 |  
2019-08-29 11:31:18,174 [main] INFO  ozone.HddsDatanodeService (HddsDatanodeService.java:startPlugins(395)) - Started plug-in org.apache.hadoop.ozone.web.OzoneHddsDatanodeService@221b77d7
2019-08-29 11:31:18,174 [main] INFO  impl.MetricsSystemImpl (MetricsSystemImpl.java:init(158)) - HddsDatanode metrics system started (again)
2019-08-29 11:31:18,179 [org.apache.hadoop.util.JvmPauseMonitor$Monitor@2b65de3a] INFO  util.JvmPauseMonitor (JvmPauseMonitor.java:run(188)) - Starting JVM pause monitor
2019-08-29 11:31:18,179 [main] INFO  ozone.HddsDatanodeService (HddsDatanodeService.java:start(184)) - HddsDatanodeService host:pr-hdds-2030-qplxq-3692370286 ip:192.168.5.166
2019-08-29 11:31:18,181 [Datanode State Machine Thread - 0] INFO  datanode.InitDatanodeState (InitDatanodeState.java:persistContainerDatanodeDetails(140)) - DatanodeDetails is persisted to /workdir/hadoop-ozone/integration-test/target/test-dir/MiniOzoneClusterImpl-4cec5eff-4947-4a55-927f-c543e94153ec/datanode-5/meta/datanode.id
2019-08-29 11:31:18,188 [main] INFO  volume.HddsVolume (HddsVolume.java:<init>(176)) - Creating Volume: /workdir/hadoop-ozone/integration-test/target/test-dir/MiniOzoneClusterImpl-4cec5eff-4947-4a55-927f-c543e94153ec/datanode-6/data/containers/hdds of  storage type : DISK and capacity : 1482555576320
2019-08-29 11:31:18,188 [main] INFO  volume.VolumeSet (VolumeSet.java:initializeVolumeSet(170)) - Added Volume : /workdir/hadoop-ozone/integration-test/target/test-dir/MiniOzoneClusterImpl-4cec5eff-4947-4a55-927f-c543e94153ec/datanode-6/data/containers/hdds to VolumeSet
2019-08-29 11:31:18,188 [main] INFO  volume.ThrottledAsyncChecker (ThrottledAsyncChecker.java:schedule(140)) - Scheduling a check for org.apache.hadoop.ozone.container.common.volume.HddsVolume@55adcf9e
2019-08-29 11:31:18,189 [main] INFO  volume.HddsVolumeChecker (HddsVolumeChecker.java:checkAllVolumes(203)) - Scheduled health check for volume org.apache.hadoop.ozone.container.common.volume.HddsVolume@55adcf9e
2019-08-29 11:31:18,204 [main] INFO  impl.RaftServerProxy (ConfUtils.java:logGet(43)) - raft.rpc.type = GRPC (default)
2019-08-29 11:31:18,204 [main] INFO  grpc.GrpcFactory (GrpcFactory.java:checkPooledByteBufAllocatorUseCacheForAllThreads(45)) - PERFORMANCE WARNING: useCacheForAllThreads is true that may cause Netty to create a lot garbage objects and, as a result, trigger GC.
	It is recommended to disable useCacheForAllThreads by setting -Dorg.apache.ratis.thirdparty.io.netty.allocator.useCacheForAllThreads=false in command line.
2019-08-29 11:31:18,204 [main] INFO  grpc.GrpcConfigKeys$Server (ConfUtils.java:logGet(43)) - raft.grpc.server.port = 0 (default)
2019-08-29 11:31:18,205 [main] INFO  server.GrpcService (ConfUtils.java:logGet(43)) - raft.grpc.message.size.max = 33570816 (custom)
2019-08-29 11:31:18,205 [main] INFO  server.RaftServerConfigKeys (ConfUtils.java:logGet(43)) - raft.server.log.appender.buffer.byte-limit = 33554432 (custom)
2019-08-29 11:31:18,205 [main] INFO  server.GrpcService (ConfUtils.java:logGet(43)) - raft.grpc.flow.control.window = 1MB (=1048576) (default)
2019-08-29 11:31:18,205 [main] INFO  server.RaftServerConfigKeys (ConfUtils.java:logGet(43)) - raft.server.rpc.request.timeout = 3000ms (default)
2019-08-29 11:31:18,206 [main] INFO  server.RaftServerConfigKeys (ConfUtils.java:logGet(43)) - raft.server.storage.dir = [/workdir/hadoop-ozone/integration-test/target/test-dir/MiniOzoneClusterImpl-4cec5eff-4947-4a55-927f-c543e94153ec/datanode-6/data/ratis] (custom)
2019-08-29 11:31:18,207 [main] INFO  replication.SimpleContainerDownloader (SimpleContainerDownloader.java:<init>(72)) - Starting container downloader service to copy containers to replicate.
2019-08-29 11:31:18,208 [main] INFO  hdfs.DFSUtil (DFSUtil.java:httpServerTemplateForNNAndJN(1641)) - Starting Web-server for hddsDatanode at: http://0.0.0.0:0
2019-08-29 11:31:18,210 [main] INFO  server.AuthenticationFilter (AuthenticationFilter.java:constructSecretProvider(240)) - Unable to initialize FileSignerSecretProvider, falling back to use random secrets.
2019-08-29 11:31:18,211 [main] WARN  http.HttpRequestLog (HttpRequestLog.java:getRequestLog(97)) - Jetty request log can only be enabled using Log4j
2019-08-29 11:31:18,213 [main] INFO  http.HttpServer2 (HttpServer2.java:addGlobalFilter(975)) - Added global filter 'safety' (class=org.apache.hadoop.http.HttpServer2$QuotingInputFilter)
2019-08-29 11:31:18,215 [main] INFO  http.HttpServer2 (HttpServer2.java:addFilter(948)) - Added filter static_user_filter (class=org.apache.hadoop.http.lib.StaticUserWebFilter$StaticUserFilter) to context hddsDatanode
2019-08-29 11:31:18,215 [main] INFO  http.HttpServer2 (HttpServer2.java:addFilter(958)) - Added filter static_user_filter (class=org.apache.hadoop.http.lib.StaticUserWebFilter$StaticUserFilter) to context logs
2019-08-29 11:31:18,215 [main] INFO  http.HttpServer2 (HttpServer2.java:addFilter(958)) - Added filter static_user_filter (class=org.apache.hadoop.http.lib.StaticUserWebFilter$StaticUserFilter) to context static
2019-08-29 11:31:18,217 [main] INFO  http.HttpServer2 (HttpServer2.java:bindListener(1191)) - Jetty bound to port 35314
2019-08-29 11:31:18,217 [main] INFO  server.Server (Server.java:doStart(351)) - jetty-9.3.24.v20180605, build timestamp: 2018-06-05T17:11:56Z, git hash: 84205aa28f11a4f31f2a3b86d1bba2cc8ab69827
2019-08-29 11:31:18,219 [main] INFO  handler.ContextHandler (ContextHandler.java:doStart(781)) - Started o.e.j.s.ServletContextHandler@59f45950{/logs,file:///workdir/hadoop-ozone/integration-test/target/log,AVAILABLE}
2019-08-29 11:31:18,220 [main] INFO  handler.ContextHandler (ContextHandler.java:doStart(781)) - Started o.e.j.s.ServletContextHandler@58164e9a{/static,jar:file:/home/user/.m2/repository/org/apache/hadoop/hadoop-hdds-container-service/0.5.0-SNAPSHOT/hadoop-hdds-container-service-0.5.0-SNAPSHOT.jar!/webapps/static,AVAILABLE}
2019-08-29 11:31:18,266 [main] INFO  handler.ContextHandler (ContextHandler.java:doStart(781)) - Started o.e.j.w.WebAppContext@6734ff92{/,file:///tmp/jetty-0.0.0.0-35314-hddsDatanode-_-any-8620697515457431329.dir/webapp/,AVAILABLE}{/hddsDatanode}
2019-08-29 11:31:18,266 [main] INFO  server.AbstractConnector (AbstractConnector.java:doStart(278)) - Started ServerConnector@51eb0e84{HTTP/1.1,[http/1.1]}{0.0.0.0:35314}
2019-08-29 11:31:18,267 [main] INFO  server.Server (Server.java:doStart(419)) - Started @8736ms
2019-08-29 11:31:18,274 [main] INFO  server.BaseHttpServer (BaseHttpServer.java:updateConnectorAddress(213)) - HTTP server of HDDSDATANODE is listening at http://0.0.0.0:35314
2019-08-29 11:31:18,428 | INFO  | ObjectStoreRestHttpServer | Listening HDDS REST traffic on /0.0.0.0:40310 |  
2019-08-29 11:31:18,428 [main] INFO  ozone.HddsDatanodeService (HddsDatanodeService.java:startPlugins(395)) - Started plug-in org.apache.hadoop.ozone.web.OzoneHddsDatanodeService@786a3477
2019-08-29 11:31:18,431 [main] INFO  ozone.MiniOzoneClusterImpl (MiniOzoneClusterImpl.java:lambda$waitForClusterToBeReady$0(142)) - Waiting for cluster to be ready. Got 0 of 7 DN Heartbeats.
2019-08-29 11:31:18,432 [org.apache.hadoop.util.JvmPauseMonitor$Monitor@22fe123c] INFO  util.JvmPauseMonitor (JvmPauseMonitor.java:run(188)) - Starting JVM pause monitor
2019-08-29 11:31:18,435 [Datanode State Machine Thread - 0] INFO  datanode.InitDatanodeState (InitDatanodeState.java:persistContainerDatanodeDetails(140)) - DatanodeDetails is persisted to /workdir/hadoop-ozone/integration-test/target/test-dir/MiniOzoneClusterImpl-4cec5eff-4947-4a55-927f-c543e94153ec/datanode-6/meta/datanode.id
2019-08-29 11:31:18,780 | INFO  | SCMAudit | user=jenkins1000 | ip=192.168.5.166 | op=GET_VERSION null | ret=SUCCESS |  
2019-08-29 11:31:18,824 [Datanode State Machine Thread - 0] INFO  ozoneimpl.OzoneContainer (OzoneContainer.java:start(186)) - Attempting to start container services.
2019-08-29 11:31:18,827 [Datanode State Machine Thread - 0] INFO  ozoneimpl.OzoneContainer (OzoneContainer.java:startContainerScrub(160)) - Background container scrubber has been disabled by hdds.containerscrub.enabled
2019-08-29 11:31:18,827 [Datanode State Machine Thread - 0] INFO  ratis.XceiverServerRatis (XceiverServerRatis.java:start(404)) - Starting XceiverServerRatis bc10beaa-b051-4e0a-9a79-ede145ae6c9d at port 0
2019-08-29 11:31:18,851 [Datanode State Machine Thread - 0] INFO  impl.RaftServerProxy (RaftServerProxy.java:lambda$start$3(299)) - bc10beaa-b051-4e0a-9a79-ede145ae6c9d: start RPC server
2019-08-29 11:31:18,997 [Datanode State Machine Thread - 0] INFO  server.GrpcService (GrpcService.java:startImpl(149)) - bc10beaa-b051-4e0a-9a79-ede145ae6c9d: GrpcService started, listening on 0.0.0.0/0.0.0.0:34425
2019-08-29 11:31:18,998 [Datanode State Machine Thread - 0] INFO  ratis.XceiverServerRatis (XceiverServerRatis.java:start(414)) - XceiverServerRatis bc10beaa-b051-4e0a-9a79-ede145ae6c9d is started using port 34425
2019-08-29 11:31:19,000 [Datanode State Machine Thread - 0] INFO  server.XceiverServerGrpc (XceiverServerGrpc.java:start(161)) - XceiverServerGrpc bc10beaa-b051-4e0a-9a79-ede145ae6c9d is started using port 39196
2019-08-29 11:31:19,079 | INFO  | SCMAudit | user=jenkins1000 | ip=192.168.5.166 | op=GET_VERSION null | ret=SUCCESS |  
2019-08-29 11:31:19,105 [Datanode State Machine Thread - 0] INFO  ozoneimpl.OzoneContainer (OzoneContainer.java:start(186)) - Attempting to start container services.
2019-08-29 11:31:19,108 [Datanode State Machine Thread - 0] INFO  ozoneimpl.OzoneContainer (OzoneContainer.java:startContainerScrub(160)) - Background container scrubber has been disabled by hdds.containerscrub.enabled
2019-08-29 11:31:19,108 [Datanode State Machine Thread - 0] INFO  ratis.XceiverServerRatis (XceiverServerRatis.java:start(404)) - Starting XceiverServerRatis a068682e-110e-41da-8a67-801fcdf01cfd at port 0
2019-08-29 11:31:19,116 [Datanode State Machine Thread - 0] INFO  impl.RaftServerProxy (RaftServerProxy.java:lambda$start$3(299)) - a068682e-110e-41da-8a67-801fcdf01cfd: start RPC server
2019-08-29 11:31:19,120 [Datanode State Machine Thread - 0] INFO  server.GrpcService (GrpcService.java:startImpl(149)) - a068682e-110e-41da-8a67-801fcdf01cfd: GrpcService started, listening on 0.0.0.0/0.0.0.0:45244
2019-08-29 11:31:19,120 [Datanode State Machine Thread - 0] INFO  ratis.XceiverServerRatis (XceiverServerRatis.java:start(414)) - XceiverServerRatis a068682e-110e-41da-8a67-801fcdf01cfd is started using port 45244
2019-08-29 11:31:19,122 [Datanode State Machine Thread - 0] INFO  server.XceiverServerGrpc (XceiverServerGrpc.java:start(161)) - XceiverServerGrpc a068682e-110e-41da-8a67-801fcdf01cfd is started using port 40399
2019-08-29 11:31:19,318 | INFO  | SCMAudit | user=jenkins1000 | ip=192.168.5.166 | op=GET_VERSION null | ret=SUCCESS |  
2019-08-29 11:31:19,334 [Datanode State Machine Thread - 0] INFO  ozoneimpl.OzoneContainer (OzoneContainer.java:start(186)) - Attempting to start container services.
2019-08-29 11:31:19,339 [Datanode State Machine Thread - 0] INFO  ozoneimpl.OzoneContainer (OzoneContainer.java:startContainerScrub(160)) - Background container scrubber has been disabled by hdds.containerscrub.enabled
2019-08-29 11:31:19,340 [Datanode State Machine Thread - 0] INFO  ratis.XceiverServerRatis (XceiverServerRatis.java:start(404)) - Starting XceiverServerRatis 4a086508-4c3b-4d76-b3f3-073e8bcfee64 at port 0
2019-08-29 11:31:19,351 [Datanode State Machine Thread - 0] INFO  impl.RaftServerProxy (RaftServerProxy.java:lambda$start$3(299)) - 4a086508-4c3b-4d76-b3f3-073e8bcfee64: start RPC server
2019-08-29 11:31:19,355 [Datanode State Machine Thread - 0] INFO  server.GrpcService (GrpcService.java:startImpl(149)) - 4a086508-4c3b-4d76-b3f3-073e8bcfee64: GrpcService started, listening on 0.0.0.0/0.0.0.0:45804
2019-08-29 11:31:19,355 [Datanode State Machine Thread - 0] INFO  ratis.XceiverServerRatis (XceiverServerRatis.java:start(414)) - XceiverServerRatis 4a086508-4c3b-4d76-b3f3-073e8bcfee64 is started using port 45804
2019-08-29 11:31:19,358 [Datanode State Machine Thread - 0] INFO  server.XceiverServerGrpc (XceiverServerGrpc.java:start(161)) - XceiverServerGrpc 4a086508-4c3b-4d76-b3f3-073e8bcfee64 is started using port 39455
2019-08-29 11:31:19,432 [main] INFO  ozone.MiniOzoneClusterImpl (MiniOzoneClusterImpl.java:lambda$waitForClusterToBeReady$0(142)) - Waiting for cluster to be ready. Got 0 of 7 DN Heartbeats.
2019-08-29 11:31:19,592 | INFO  | SCMAudit | user=jenkins1000 | ip=192.168.5.166 | op=GET_VERSION null | ret=SUCCESS |  
2019-08-29 11:31:19,618 [Datanode State Machine Thread - 0] INFO  ozoneimpl.OzoneContainer (OzoneContainer.java:start(186)) - Attempting to start container services.
2019-08-29 11:31:19,618 [Datanode State Machine Thread - 0] INFO  ozoneimpl.OzoneContainer (OzoneContainer.java:startContainerScrub(160)) - Background container scrubber has been disabled by hdds.containerscrub.enabled
2019-08-29 11:31:19,619 [Datanode State Machine Thread - 0] INFO  ratis.XceiverServerRatis (XceiverServerRatis.java:start(404)) - Starting XceiverServerRatis 687fa99e-0a29-471b-8d5d-2536fcd66185 at port 0
2019-08-29 11:31:19,630 [Datanode State Machine Thread - 0] INFO  impl.RaftServerProxy (RaftServerProxy.java:lambda$start$3(299)) - 687fa99e-0a29-471b-8d5d-2536fcd66185: start RPC server
2019-08-29 11:31:19,634 [Datanode State Machine Thread - 0] INFO  server.GrpcService (GrpcService.java:startImpl(149)) - 687fa99e-0a29-471b-8d5d-2536fcd66185: GrpcService started, listening on 0.0.0.0/0.0.0.0:42900
2019-08-29 11:31:19,635 [Datanode State Machine Thread - 0] INFO  ratis.XceiverServerRatis (XceiverServerRatis.java:start(414)) - XceiverServerRatis 687fa99e-0a29-471b-8d5d-2536fcd66185 is started using port 42900
2019-08-29 11:31:19,638 [Datanode State Machine Thread - 0] INFO  server.XceiverServerGrpc (XceiverServerGrpc.java:start(161)) - XceiverServerGrpc 687fa99e-0a29-471b-8d5d-2536fcd66185 is started using port 33469
2019-08-29 11:31:19,812 | INFO  | SCMAudit | user=jenkins1000 | ip=192.168.5.166 | op=GET_VERSION null | ret=SUCCESS |  
2019-08-29 11:31:19,826 [Datanode State Machine Thread - 0] INFO  ozoneimpl.OzoneContainer (OzoneContainer.java:start(186)) - Attempting to start container services.
2019-08-29 11:31:19,826 [Datanode State Machine Thread - 0] INFO  ozoneimpl.OzoneContainer (OzoneContainer.java:startContainerScrub(160)) - Background container scrubber has been disabled by hdds.containerscrub.enabled
2019-08-29 11:31:19,826 [Datanode State Machine Thread - 0] INFO  ratis.XceiverServerRatis (XceiverServerRatis.java:start(404)) - Starting XceiverServerRatis c5b6e20d-bcff-49ea-8dae-ad65ffde277e at port 0
2019-08-29 11:31:19,834 [Datanode State Machine Thread - 0] INFO  impl.RaftServerProxy (RaftServerProxy.java:lambda$start$3(299)) - c5b6e20d-bcff-49ea-8dae-ad65ffde277e: start RPC server
2019-08-29 11:31:19,839 [Datanode State Machine Thread - 0] INFO  server.GrpcService (GrpcService.java:startImpl(149)) - c5b6e20d-bcff-49ea-8dae-ad65ffde277e: GrpcService started, listening on 0.0.0.0/0.0.0.0:44152
2019-08-29 11:31:19,839 [Datanode State Machine Thread - 0] INFO  ratis.XceiverServerRatis (XceiverServerRatis.java:start(414)) - XceiverServerRatis c5b6e20d-bcff-49ea-8dae-ad65ffde277e is started using port 44152
2019-08-29 11:31:19,842 [Datanode State Machine Thread - 0] INFO  server.XceiverServerGrpc (XceiverServerGrpc.java:start(161)) - XceiverServerGrpc c5b6e20d-bcff-49ea-8dae-ad65ffde277e is started using port 44085
2019-08-29 11:31:20,181 | INFO  | SCMAudit | user=jenkins1000 | ip=192.168.5.166 | op=GET_VERSION null | ret=SUCCESS |  
2019-08-29 11:31:20,203 [Datanode State Machine Thread - 0] INFO  ozoneimpl.OzoneContainer (OzoneContainer.java:start(186)) - Attempting to start container services.
2019-08-29 11:31:20,204 [Datanode State Machine Thread - 0] INFO  ozoneimpl.OzoneContainer (OzoneContainer.java:startContainerScrub(160)) - Background container scrubber has been disabled by hdds.containerscrub.enabled
2019-08-29 11:31:20,204 [Datanode State Machine Thread - 0] INFO  ratis.XceiverServerRatis (XceiverServerRatis.java:start(404)) - Starting XceiverServerRatis 3948bd19-9220-440d-91f9-f47c403594d9 at port 0
2019-08-29 11:31:20,212 [Datanode State Machine Thread - 0] INFO  impl.RaftServerProxy (RaftServerProxy.java:lambda$start$3(299)) - 3948bd19-9220-440d-91f9-f47c403594d9: start RPC server
2019-08-29 11:31:20,216 [Datanode State Machine Thread - 0] INFO  server.GrpcService (GrpcService.java:startImpl(149)) - 3948bd19-9220-440d-91f9-f47c403594d9: GrpcService started, listening on 0.0.0.0/0.0.0.0:42416
2019-08-29 11:31:20,217 [Datanode State Machine Thread - 0] INFO  ratis.XceiverServerRatis (XceiverServerRatis.java:start(414)) - XceiverServerRatis 3948bd19-9220-440d-91f9-f47c403594d9 is started using port 42416
2019-08-29 11:31:20,221 [Datanode State Machine Thread - 0] INFO  server.XceiverServerGrpc (XceiverServerGrpc.java:start(161)) - XceiverServerGrpc 3948bd19-9220-440d-91f9-f47c403594d9 is started using port 45540
2019-08-29 11:31:20,432 [main] INFO  ozone.MiniOzoneClusterImpl (MiniOzoneClusterImpl.java:lambda$waitForClusterToBeReady$0(142)) - Waiting for cluster to be ready. Got 0 of 7 DN Heartbeats.
2019-08-29 11:31:20,437 | INFO  | SCMAudit | user=jenkins1000 | ip=192.168.5.166 | op=GET_VERSION null | ret=SUCCESS |  
2019-08-29 11:31:20,452 [Datanode State Machine Thread - 0] INFO  ozoneimpl.OzoneContainer (OzoneContainer.java:start(186)) - Attempting to start container services.
2019-08-29 11:31:20,452 [Datanode State Machine Thread - 0] INFO  ozoneimpl.OzoneContainer (OzoneContainer.java:startContainerScrub(160)) - Background container scrubber has been disabled by hdds.containerscrub.enabled
2019-08-29 11:31:20,452 [Datanode State Machine Thread - 0] INFO  ratis.XceiverServerRatis (XceiverServerRatis.java:start(404)) - Starting XceiverServerRatis 49e00add-b79b-4596-9305-1bdf7934a5c8 at port 0
2019-08-29 11:31:20,461 [Datanode State Machine Thread - 0] INFO  impl.RaftServerProxy (RaftServerProxy.java:lambda$start$3(299)) - 49e00add-b79b-4596-9305-1bdf7934a5c8: start RPC server
2019-08-29 11:31:20,466 [Datanode State Machine Thread - 0] INFO  server.GrpcService (GrpcService.java:startImpl(149)) - 49e00add-b79b-4596-9305-1bdf7934a5c8: GrpcService started, listening on 0.0.0.0/0.0.0.0:36944
2019-08-29 11:31:20,466 [Datanode State Machine Thread - 0] INFO  ratis.XceiverServerRatis (XceiverServerRatis.java:start(414)) - XceiverServerRatis 49e00add-b79b-4596-9305-1bdf7934a5c8 is started using port 36944
2019-08-29 11:31:20,471 [Datanode State Machine Thread - 0] INFO  server.XceiverServerGrpc (XceiverServerGrpc.java:start(161)) - XceiverServerGrpc 49e00add-b79b-4596-9305-1bdf7934a5c8 is started using port 35279
2019-08-29 11:31:20,789 [IPC Server handler 6 on 35214] INFO  net.NetworkTopology (NetworkTopologyImpl.java:add(110)) - Added a new node: /default-rack/bc10beaa-b051-4e0a-9a79-ede145ae6c9d
2019-08-29 11:31:20,790 [IPC Server handler 6 on 35214] INFO  node.SCMNodeManager (SCMNodeManager.java:register(273)) - Registered Data node : bc10beaa-b051-4e0a-9a79-ede145ae6c9d{ip: 192.168.5.166, host: pr-hdds-2030-qplxq-3692370286, networkLocation: /default-rack, certSerialId: null}
2019-08-29 11:31:20,797 [EventQueue-NodeRegistrationContainerReportForDataNodeSafeModeRule] INFO  safemode.SCMSafeModeManager (DataNodeSafeModeRule.java:process(71)) - SCM in safe mode. 1 DataNodes registered, 1 required.
2019-08-29 11:31:20,798 [EventQueue-NodeRegistrationContainerReportForDataNodeSafeModeRule] INFO  safemode.SCMSafeModeManager (SCMSafeModeManager.java:validateSafeModeExitRules(177)) - ScmSafeModeManager, all rules are successfully validated
2019-08-29 11:31:20,798 [EventQueue-NodeRegistrationContainerReportForDataNodeSafeModeRule] INFO  safemode.SCMSafeModeManager (SCMSafeModeManager.java:exitSafeMode(193)) - SCM exiting safe mode.
2019-08-29 11:31:20,808 | INFO  | SCMAudit | user=jenkins1000 | ip=192.168.5.166 | op=REGISTER {datanodeDetails=bc10beaa-b051-4e0a-9a79-ede145ae6c9d{ip: 192.168.5.166, host: pr-hdds-2030-qplxq-3692370286, networkLocation: /default-rack, certSerialId: null}} | ret=SUCCESS |  
2019-08-29 11:31:21,081 [IPC Server handler 1 on 35214] INFO  net.NetworkTopology (NetworkTopologyImpl.java:add(110)) - Added a new node: /default-rack/a068682e-110e-41da-8a67-801fcdf01cfd
2019-08-29 11:31:21,081 [IPC Server handler 1 on 35214] INFO  node.SCMNodeManager (SCMNodeManager.java:register(273)) - Registered Data node : a068682e-110e-41da-8a67-801fcdf01cfd{ip: 192.168.5.166, host: pr-hdds-2030-qplxq-3692370286, networkLocation: /default-rack, certSerialId: null}
2019-08-29 11:31:21,081 | INFO  | SCMAudit | user=jenkins1000 | ip=192.168.5.166 | op=REGISTER {datanodeDetails=a068682e-110e-41da-8a67-801fcdf01cfd{ip: 192.168.5.166, host: pr-hdds-2030-qplxq-3692370286, networkLocation: /default-rack, certSerialId: null}} | ret=SUCCESS |  
2019-08-29 11:31:21,643 [main] INFO  ozone.MiniOzoneClusterImpl (MiniOzoneClusterImpl.java:lambda$waitForClusterToBeReady$0(142)) - Waiting for cluster to be ready. Got 2 of 7 DN Heartbeats.
2019-08-29 11:31:21,651 [IPC Server handler 6 on 35214] INFO  net.NetworkTopology (NetworkTopologyImpl.java:add(110)) - Added a new node: /default-rack/687fa99e-0a29-471b-8d5d-2536fcd66185
2019-08-29 11:31:21,652 [IPC Server handler 6 on 35214] INFO  node.SCMNodeManager (SCMNodeManager.java:register(273)) - Registered Data node : 687fa99e-0a29-471b-8d5d-2536fcd66185{ip: 192.168.5.166, host: pr-hdds-2030-qplxq-3692370286, networkLocation: /default-rack, certSerialId: null}
2019-08-29 11:31:21,652 [IPC Server handler 7 on 35214] INFO  net.NetworkTopology (NetworkTopologyImpl.java:add(110)) - Added a new node: /default-rack/4a086508-4c3b-4d76-b3f3-073e8bcfee64
2019-08-29 11:31:21,652 | INFO  | SCMAudit | user=jenkins1000 | ip=192.168.5.166 | op=REGISTER {datanodeDetails=687fa99e-0a29-471b-8d5d-2536fcd66185{ip: 192.168.5.166, host: pr-hdds-2030-qplxq-3692370286, networkLocation: /default-rack, certSerialId: null}} | ret=SUCCESS |  
2019-08-29 11:31:21,652 [IPC Server handler 7 on 35214] INFO  node.SCMNodeManager (SCMNodeManager.java:register(273)) - Registered Data node : 4a086508-4c3b-4d76-b3f3-073e8bcfee64{ip: 192.168.5.166, host: pr-hdds-2030-qplxq-3692370286, networkLocation: /default-rack, certSerialId: null}
2019-08-29 11:31:21,653 | INFO  | SCMAudit | user=jenkins1000 | ip=192.168.5.166 | op=REGISTER {datanodeDetails=4a086508-4c3b-4d76-b3f3-073e8bcfee64{ip: 192.168.5.166, host: pr-hdds-2030-qplxq-3692370286, networkLocation: /default-rack, certSerialId: null}} | ret=SUCCESS |  
2019-08-29 11:31:21,812 [IPC Server handler 17 on 35214] INFO  net.NetworkTopology (NetworkTopologyImpl.java:add(110)) - Added a new node: /default-rack/c5b6e20d-bcff-49ea-8dae-ad65ffde277e
2019-08-29 11:31:21,813 [IPC Server handler 17 on 35214] INFO  node.SCMNodeManager (SCMNodeManager.java:register(273)) - Registered Data node : c5b6e20d-bcff-49ea-8dae-ad65ffde277e{ip: 192.168.5.166, host: pr-hdds-2030-qplxq-3692370286, networkLocation: /default-rack, certSerialId: null}
2019-08-29 11:31:21,813 | INFO  | SCMAudit | user=jenkins1000 | ip=192.168.5.166 | op=REGISTER {datanodeDetails=c5b6e20d-bcff-49ea-8dae-ad65ffde277e{ip: 192.168.5.166, host: pr-hdds-2030-qplxq-3692370286, networkLocation: /default-rack, certSerialId: null}} | ret=SUCCESS |  
2019-08-29 11:31:21,910 [grpc-default-executor-0] INFO  impl.RaftServerProxy (RaftServerProxy.java:addNew(89)) - bc10beaa-b051-4e0a-9a79-ede145ae6c9d: addNew group-E3126C636DEB:[bc10beaa-b051-4e0a-9a79-ede145ae6c9d:192.168.5.166:34425] returns group-E3126C636DEB:java.util.concurrent.CompletableFuture@1741866a[Not completed]
2019-08-29 11:31:21,934 [pool-27-thread-1] INFO  impl.RaftServerImpl (RaftServerImpl.java:<init>(93)) - bc10beaa-b051-4e0a-9a79-ede145ae6c9d: new RaftServerImpl for group-E3126C636DEB:[bc10beaa-b051-4e0a-9a79-ede145ae6c9d:192.168.5.166:34425] with ContainerStateMachine:uninitialized
2019-08-29 11:31:21,936 [pool-27-thread-1] INFO  server.RaftServerConfigKeys (ConfUtils.java:logGet(43)) - raft.server.rpc.timeout.min = 5s (custom)
2019-08-29 11:31:21,937 [pool-27-thread-1] INFO  server.RaftServerConfigKeys (ConfUtils.java:logGet(43)) - raft.server.rpc.timeout.max = 5200ms (custom)
2019-08-29 11:31:21,937 [pool-27-thread-1] INFO  server.RaftServerConfigKeys (ConfUtils.java:logGet(43)) - raft.server.rpcslowness.timeout = 120s (custom)
2019-08-29 11:31:21,938 [pool-27-thread-1] INFO  server.RaftServerConfigKeys (ConfUtils.java:logGet(43)) - raft.server.sleep.deviation.threshold = 300 (default)
2019-08-29 11:31:21,939 [pool-27-thread-1] INFO  server.RaftServerConfigKeys (ConfUtils.java:logGet(43)) - raft.server.log.appender.install.snapshot.enabled = false (custom)
2019-08-29 11:31:21,946 [pool-27-thread-1] INFO  impl.RaftServerImpl (ServerState.java:<init>(105)) - bc10beaa-b051-4e0a-9a79-ede145ae6c9d:group-E3126C636DEB ConfigurationManager, init=-1: [bc10beaa-b051-4e0a-9a79-ede145ae6c9d:192.168.5.166:34425], old=null, confs=<EMPTY_MAP>
2019-08-29 11:31:21,946 [pool-27-thread-1] INFO  server.RaftServerConfigKeys (ConfUtils.java:logGet(43)) - raft.server.storage.dir = [/workdir/hadoop-ozone/integration-test/target/test-dir/MiniOzoneClusterImpl-4cec5eff-4947-4a55-927f-c543e94153ec/datanode-0/data/ratis] (custom)
2019-08-29 11:31:21,952 [pool-27-thread-1] INFO  storage.RaftStorageDirectory (RaftStorageDirectory.java:analyzeStorage(246)) - The storage directory /workdir/hadoop-ozone/integration-test/target/test-dir/MiniOzoneClusterImpl-4cec5eff-4947-4a55-927f-c543e94153ec/datanode-0/data/ratis/cd830538-49a6-424f-a196-e3126c636deb does not exist. Creating ...
2019-08-29 11:31:21,969 [pool-27-thread-1] INFO  storage.RaftStorageDirectory (RaftStorageDirectory.java:tryLock(328)) - Lock on /workdir/hadoop-ozone/integration-test/target/test-dir/MiniOzoneClusterImpl-4cec5eff-4947-4a55-927f-c543e94153ec/datanode-0/data/ratis/cd830538-49a6-424f-a196-e3126c636deb/in_use.lock acquired by nodename 29018@pr-hdds-2030-qplxq-3692370286
2019-08-29 11:31:21,985 [pool-27-thread-1] INFO  storage.RaftStorage (RaftStorage.java:format(72)) - Storage directory /workdir/hadoop-ozone/integration-test/target/test-dir/MiniOzoneClusterImpl-4cec5eff-4947-4a55-927f-c543e94153ec/datanode-0/data/ratis/cd830538-49a6-424f-a196-e3126c636deb has been successfully formatted.
2019-08-29 11:31:21,988 [pool-27-thread-1] INFO  ratis.ContainerStateMachine (ContainerStateMachine.java:loadSnapshot(226)) - group-E3126C636DEB: The snapshot info is null. Setting the last applied indexto:(t:0, i:~)
2019-08-29 11:31:21,988 [pool-27-thread-1] INFO  server.RaftServerConfigKeys (ConfUtils.java:logGet(43)) - raft.server.leader.election.timeout = 120s (custom)
2019-08-29 11:31:21,991 [pool-27-thread-1] INFO  server.RaftServerConfigKeys (ConfUtils.java:logGet(43)) - raft.server.log.use.memory = false (default)
2019-08-29 11:31:21,998 [pool-27-thread-1] INFO  server.RaftServerConfigKeys (ConfUtils.java:logGet(43)) - raft.server.log.purge.gap = 1000000 (custom)
2019-08-29 11:31:21,998 [pool-27-thread-1] INFO  server.RaftServerConfigKeys (ConfUtils.java:logGet(43)) - raft.server.log.appender.buffer.byte-limit = 33554432 (custom)
2019-08-29 11:31:22,000 [pool-27-thread-1] INFO  server.RaftServerConfigKeys (ConfUtils.java:logGet(43)) - raft.server.log.segment.size.max = 1048576 (custom)
2019-08-29 11:31:22,005 [pool-27-thread-1] INFO  server.RaftServerConfigKeys (ConfUtils.java:logGet(43)) - raft.server.log.segment.cache.num.max = 2 (custom)
2019-08-29 11:31:22,011 [pool-27-thread-1] INFO  segmented.SegmentedRaftLogWorker (SegmentedRaftLogWorker.java:<init>(172)) - new bc10beaa-b051-4e0a-9a79-ede145ae6c9d-SegmentedRaftLogWorker:Storage Directory /workdir/hadoop-ozone/integration-test/target/test-dir/MiniOzoneClusterImpl-4cec5eff-4947-4a55-927f-c543e94153ec/datanode-0/data/ratis/cd830538-49a6-424f-a196-e3126c636deb for RaftStorage:Storage Directory /workdir/hadoop-ozone/integration-test/target/test-dir/MiniOzoneClusterImpl-4cec5eff-4947-4a55-927f-c543e94153ec/datanode-0/data/ratis/cd830538-49a6-424f-a196-e3126c636deb
2019-08-29 11:31:22,025 [pool-27-thread-1] INFO  server.RaftServerConfigKeys (ConfUtils.java:logGet(43)) - raft.server.log.queue.byte-limit = 2147483647 (custom)
2019-08-29 11:31:22,025 [pool-27-thread-1] INFO  server.RaftServerConfigKeys (ConfUtils.java:logGet(43)) - raft.server.log.queue.element-limit = 1024 (custom)
2019-08-29 11:31:22,030 [pool-27-thread-1] INFO  server.RaftServerConfigKeys (ConfUtils.java:logGet(43)) - raft.server.log.segment.size.max = 1048576 (custom)
2019-08-29 11:31:22,031 [pool-27-thread-1] INFO  server.RaftServerConfigKeys (ConfUtils.java:logGet(43)) - raft.server.log.preallocated.size = 16384 (custom)
2019-08-29 11:31:22,031 [pool-27-thread-1] INFO  server.RaftServerConfigKeys (ConfUtils.java:logGet(43)) - raft.server.log.write.buffer.size = 33554432 (custom)
2019-08-29 11:31:22,031 [pool-27-thread-1] INFO  server.RaftServerConfigKeys (ConfUtils.java:logGet(43)) - raft.server.log.force.sync.num = 128 (default)
2019-08-29 11:31:22,032 [pool-27-thread-1] INFO  server.RaftServerConfigKeys (ConfUtils.java:logGet(43)) - raft.server.log.statemachine.data.sync = true (default)
2019-08-29 11:31:22,033 [pool-27-thread-1] INFO  server.RaftServerConfigKeys (ConfUtils.java:logGet(43)) - raft.server.log.statemachine.data.sync.timeout = 10s (default)
2019-08-29 11:31:22,033 [pool-27-thread-1] INFO  server.RaftServerConfigKeys (ConfUtils.java:logGet(43)) - raft.server.log.statemachine.data.sync.timeout.retry = -1 (default)
2019-08-29 11:31:22,042 [pool-27-thread-1] INFO  server.RaftServerConfigKeys (ConfUtils.java:logGet(43)) - raft.server.log.statemachine.data.caching.enabled = true (custom)
2019-08-29 11:31:22,046 [pool-27-thread-1] INFO  segmented.SegmentedRaftLogWorker (SegmentedRaftLogWorker.java:lambda$new$0(132)) - bc10beaa-b051-4e0a-9a79-ede145ae6c9d-SegmentedRaftLogWorker:Storage Directory /workdir/hadoop-ozone/integration-test/target/test-dir/MiniOzoneClusterImpl-4cec5eff-4947-4a55-927f-c543e94153ec/datanode-0/data/ratis/cd830538-49a6-424f-a196-e3126c636deb: flushIndex: setUnconditionally 0 -> -1
2019-08-29 11:31:22,050 [pool-27-thread-1] INFO  server.RaftServerConfigKeys (ConfUtils.java:logGet(43)) - raft.server.snapshot.auto.trigger.enabled = true (custom)
2019-08-29 11:31:22,051 [pool-27-thread-1] INFO  server.RaftServerConfigKeys (ConfUtils.java:logGet(43)) - raft.server.snapshot.auto.trigger.threshold = 10000 (custom)
2019-08-29 11:31:22,051 [pool-27-thread-1] INFO  server.RaftServerConfigKeys (ConfUtils.java:logGet(43)) - raft.server.retrycache.expirytime = 600000ms (custom)
2019-08-29 11:31:22,070 [pool-27-thread-1] INFO  impl.RaftServerImpl (RaftServerImpl.java:start(180)) - bc10beaa-b051-4e0a-9a79-ede145ae6c9d: start group-E3126C636DEB
2019-08-29 11:31:22,071 [pool-27-thread-1] INFO  impl.RaftServerImpl (RaftServerImpl.java:setRole(171)) - bc10beaa-b051-4e0a-9a79-ede145ae6c9d:group-E3126C636DEB changes role from null to FOLLOWER at term 0 for startAsFollower
2019-08-29 11:31:22,072 [pool-27-thread-1] INFO  impl.RoleInfo (RoleInfo.java:updateAndGet(143)) - bc10beaa-b051-4e0a-9a79-ede145ae6c9d: start FollowerState
2019-08-29 11:31:22,074 [pool-27-thread-1] INFO  util.JmxRegister (JmxRegister.java:tryRegister(44)) - Successfully registered JMX Bean with object name Ratis:service=RaftServer,group=group-E3126C636DEB,id=bc10beaa-b051-4e0a-9a79-ede145ae6c9d
2019-08-29 11:31:22,134 [RatisPipelineUtilsThread] INFO  pipeline.PipelineStateManager (PipelineStateManager.java:addPipeline(56)) - Created pipeline Pipeline[ Id: cd830538-49a6-424f-a196-e3126c636deb, Nodes: bc10beaa-b051-4e0a-9a79-ede145ae6c9d{ip: 192.168.5.166, host: pr-hdds-2030-qplxq-3692370286, networkLocation: /default-rack, certSerialId: null}, Type:RATIS, Factor:ONE, State:OPEN]
2019-08-29 11:31:22,159 [grpc-default-executor-0] INFO  impl.RaftServerProxy (RaftServerProxy.java:addNew(89)) - c5b6e20d-bcff-49ea-8dae-ad65ffde277e: addNew group-C3A79D8E4100:[c5b6e20d-bcff-49ea-8dae-ad65ffde277e:192.168.5.166:44152] returns group-C3A79D8E4100:java.util.concurrent.CompletableFuture@781bce83[Not completed]
2019-08-29 11:31:22,220 [pool-71-thread-1] INFO  impl.RaftServerImpl (RaftServerImpl.java:<init>(93)) - c5b6e20d-bcff-49ea-8dae-ad65ffde277e: new RaftServerImpl for group-C3A79D8E4100:[c5b6e20d-bcff-49ea-8dae-ad65ffde277e:192.168.5.166:44152] with ContainerStateMachine:uninitialized
2019-08-29 11:31:22,222 [IPC Server handler 2 on 35214] INFO  net.NetworkTopology (NetworkTopologyImpl.java:add(110)) - Added a new node: /default-rack/3948bd19-9220-440d-91f9-f47c403594d9
2019-08-29 11:31:22,222 [pool-71-thread-1] INFO  server.RaftServerConfigKeys (ConfUtils.java:logGet(43)) - raft.server.rpc.timeout.min = 5s (custom)
2019-08-29 11:31:22,222 [IPC Server handler 2 on 35214] INFO  node.SCMNodeManager (SCMNodeManager.java:register(273)) - Registered Data node : 3948bd19-9220-440d-91f9-f47c403594d9{ip: 192.168.5.166, host: pr-hdds-2030-qplxq-3692370286, networkLocation: /default-rack, certSerialId: null}
2019-08-29 11:31:22,222 [pool-71-thread-1] INFO  server.RaftServerConfigKeys (ConfUtils.java:logGet(43)) - raft.server.rpc.timeout.max = 5200ms (custom)
2019-08-29 11:31:22,223 [pool-71-thread-1] INFO  server.RaftServerConfigKeys (ConfUtils.java:logGet(43)) - raft.server.rpcslowness.timeout = 120s (custom)
2019-08-29 11:31:22,223 | INFO  | SCMAudit | user=jenkins1000 | ip=192.168.5.166 | op=REGISTER {datanodeDetails=3948bd19-9220-440d-91f9-f47c403594d9{ip: 192.168.5.166, host: pr-hdds-2030-qplxq-3692370286, networkLocation: /default-rack, certSerialId: null}} | ret=SUCCESS |  
2019-08-29 11:31:22,223 [pool-71-thread-1] INFO  server.RaftServerConfigKeys (ConfUtils.java:logGet(43)) - raft.server.sleep.deviation.threshold = 300 (default)
2019-08-29 11:31:22,223 [pool-71-thread-1] INFO  server.RaftServerConfigKeys (ConfUtils.java:logGet(43)) - raft.server.log.appender.install.snapshot.enabled = false (custom)
2019-08-29 11:31:22,223 [pool-71-thread-1] INFO  impl.RaftServerImpl (ServerState.java:<init>(105)) - c5b6e20d-bcff-49ea-8dae-ad65ffde277e:group-C3A79D8E4100 ConfigurationManager, init=-1: [c5b6e20d-bcff-49ea-8dae-ad65ffde277e:192.168.5.166:44152], old=null, confs=<EMPTY_MAP>
2019-08-29 11:31:22,223 [pool-71-thread-1] INFO  server.RaftServerConfigKeys (ConfUtils.java:logGet(43)) - raft.server.storage.dir = [/workdir/hadoop-ozone/integration-test/target/test-dir/MiniOzoneClusterImpl-4cec5eff-4947-4a55-927f-c543e94153ec/datanode-4/data/ratis] (custom)
2019-08-29 11:31:22,224 [pool-71-thread-1] INFO  storage.RaftStorageDirectory (RaftStorageDirectory.java:analyzeStorage(246)) - The storage directory /workdir/hadoop-ozone/integration-test/target/test-dir/MiniOzoneClusterImpl-4cec5eff-4947-4a55-927f-c543e94153ec/datanode-4/data/ratis/a6b0c7a5-1b95-4a55-9ff3-c3a79d8e4100 does not exist. Creating ...
2019-08-29 11:31:22,259 [pool-71-thread-1] INFO  storage.RaftStorageDirectory (RaftStorageDirectory.java:tryLock(328)) - Lock on /workdir/hadoop-ozone/integration-test/target/test-dir/MiniOzoneClusterImpl-4cec5eff-4947-4a55-927f-c543e94153ec/datanode-4/data/ratis/a6b0c7a5-1b95-4a55-9ff3-c3a79d8e4100/in_use.lock acquired by nodename 29018@pr-hdds-2030-qplxq-3692370286
2019-08-29 11:31:22,272 [pool-71-thread-1] INFO  storage.RaftStorage (RaftStorage.java:format(72)) - Storage directory /workdir/hadoop-ozone/integration-test/target/test-dir/MiniOzoneClusterImpl-4cec5eff-4947-4a55-927f-c543e94153ec/datanode-4/data/ratis/a6b0c7a5-1b95-4a55-9ff3-c3a79d8e4100 has been successfully formatted.
2019-08-29 11:31:22,274 [pool-71-thread-1] INFO  ratis.ContainerStateMachine (ContainerStateMachine.java:loadSnapshot(226)) - group-C3A79D8E4100: The snapshot info is null. Setting the last applied indexto:(t:0, i:~)
2019-08-29 11:31:22,276 [pool-71-thread-1] INFO  server.RaftServerConfigKeys (ConfUtils.java:logGet(43)) - raft.server.leader.election.timeout = 120s (custom)
2019-08-29 11:31:22,276 [pool-71-thread-1] INFO  server.RaftServerConfigKeys (ConfUtils.java:logGet(43)) - raft.server.log.use.memory = false (default)
2019-08-29 11:31:22,276 [pool-71-thread-1] INFO  server.RaftServerConfigKeys (ConfUtils.java:logGet(43)) - raft.server.log.purge.gap = 1000000 (custom)
2019-08-29 11:31:22,276 [pool-71-thread-1] INFO  server.RaftServerConfigKeys (ConfUtils.java:logGet(43)) - raft.server.log.appender.buffer.byte-limit = 33554432 (custom)
2019-08-29 11:31:22,276 [pool-71-thread-1] INFO  server.RaftServerConfigKeys (ConfUtils.java:logGet(43)) - raft.server.log.segment.size.max = 1048576 (custom)
2019-08-29 11:31:22,276 [pool-71-thread-1] INFO  server.RaftServerConfigKeys (ConfUtils.java:logGet(43)) - raft.server.log.segment.cache.num.max = 2 (custom)
2019-08-29 11:31:22,277 [pool-71-thread-1] INFO  segmented.SegmentedRaftLogWorker (SegmentedRaftLogWorker.java:<init>(172)) - new c5b6e20d-bcff-49ea-8dae-ad65ffde277e-SegmentedRaftLogWorker:Storage Directory /workdir/hadoop-ozone/integration-test/target/test-dir/MiniOzoneClusterImpl-4cec5eff-4947-4a55-927f-c543e94153ec/datanode-4/data/ratis/a6b0c7a5-1b95-4a55-9ff3-c3a79d8e4100 for RaftStorage:Storage Directory /workdir/hadoop-ozone/integration-test/target/test-dir/MiniOzoneClusterImpl-4cec5eff-4947-4a55-927f-c543e94153ec/datanode-4/data/ratis/a6b0c7a5-1b95-4a55-9ff3-c3a79d8e4100
2019-08-29 11:31:22,278 [pool-71-thread-1] INFO  server.RaftServerConfigKeys (ConfUtils.java:logGet(43)) - raft.server.log.queue.byte-limit = 2147483647 (custom)
2019-08-29 11:31:22,279 [pool-71-thread-1] INFO  server.RaftServerConfigKeys (ConfUtils.java:logGet(43)) - raft.server.log.queue.element-limit = 1024 (custom)
2019-08-29 11:31:22,279 [pool-71-thread-1] INFO  server.RaftServerConfigKeys (ConfUtils.java:logGet(43)) - raft.server.log.segment.size.max = 1048576 (custom)
2019-08-29 11:31:22,279 [pool-71-thread-1] INFO  server.RaftServerConfigKeys (ConfUtils.java:logGet(43)) - raft.server.log.preallocated.size = 16384 (custom)
2019-08-29 11:31:22,279 [pool-71-thread-1] INFO  server.RaftServerConfigKeys (ConfUtils.java:logGet(43)) - raft.server.log.write.buffer.size = 33554432 (custom)
2019-08-29 11:31:22,279 [pool-71-thread-1] INFO  server.RaftServerConfigKeys (ConfUtils.java:logGet(43)) - raft.server.log.force.sync.num = 128 (default)
2019-08-29 11:31:22,280 [pool-71-thread-1] INFO  server.RaftServerConfigKeys (ConfUtils.java:logGet(43)) - raft.server.log.statemachine.data.sync = true (default)
2019-08-29 11:31:22,280 [pool-71-thread-1] INFO  server.RaftServerConfigKeys (ConfUtils.java:logGet(43)) - raft.server.log.statemachine.data.sync.timeout = 10s (default)
2019-08-29 11:31:22,280 [pool-71-thread-1] INFO  server.RaftServerConfigKeys (ConfUtils.java:logGet(43)) - raft.server.log.statemachine.data.sync.timeout.retry = -1 (default)
2019-08-29 11:31:22,280 [pool-71-thread-1] INFO  server.RaftServerConfigKeys (ConfUtils.java:logGet(43)) - raft.server.log.statemachine.data.caching.enabled = true (custom)
2019-08-29 11:31:22,281 [pool-71-thread-1] INFO  segmented.SegmentedRaftLogWorker (SegmentedRaftLogWorker.java:lambda$new$0(132)) - c5b6e20d-bcff-49ea-8dae-ad65ffde277e-SegmentedRaftLogWorker:Storage Directory /workdir/hadoop-ozone/integration-test/target/test-dir/MiniOzoneClusterImpl-4cec5eff-4947-4a55-927f-c543e94153ec/datanode-4/data/ratis/a6b0c7a5-1b95-4a55-9ff3-c3a79d8e4100: flushIndex: setUnconditionally 0 -> -1
2019-08-29 11:31:22,281 [pool-71-thread-1] INFO  server.RaftServerConfigKeys (ConfUtils.java:logGet(43)) - raft.server.snapshot.auto.trigger.enabled = true (custom)
2019-08-29 11:31:22,281 [pool-71-thread-1] INFO  server.RaftServerConfigKeys (ConfUtils.java:logGet(43)) - raft.server.snapshot.auto.trigger.threshold = 10000 (custom)
2019-08-29 11:31:22,282 [pool-71-thread-1] INFO  server.RaftServerConfigKeys (ConfUtils.java:logGet(43)) - raft.server.retrycache.expirytime = 600000ms (custom)
2019-08-29 11:31:22,282 [pool-71-thread-1] INFO  impl.RaftServerImpl (RaftServerImpl.java:start(180)) - c5b6e20d-bcff-49ea-8dae-ad65ffde277e: start group-C3A79D8E4100
2019-08-29 11:31:22,282 [pool-71-thread-1] INFO  impl.RaftServerImpl (RaftServerImpl.java:setRole(171)) - c5b6e20d-bcff-49ea-8dae-ad65ffde277e:group-C3A79D8E4100 changes role from null to FOLLOWER at term 0 for startAsFollower
2019-08-29 11:31:22,282 [pool-71-thread-1] INFO  impl.RoleInfo (RoleInfo.java:updateAndGet(143)) - c5b6e20d-bcff-49ea-8dae-ad65ffde277e: start FollowerState
2019-08-29 11:31:22,284 [pool-71-thread-1] INFO  util.JmxRegister (JmxRegister.java:tryRegister(44)) - Successfully registered JMX Bean with object name Ratis:service=RaftServer,group=group-C3A79D8E4100,id=c5b6e20d-bcff-49ea-8dae-ad65ffde277e
2019-08-29 11:31:22,300 [RatisPipelineUtilsThread] INFO  pipeline.PipelineStateManager (PipelineStateManager.java:addPipeline(56)) - Created pipeline Pipeline[ Id: a6b0c7a5-1b95-4a55-9ff3-c3a79d8e4100, Nodes: c5b6e20d-bcff-49ea-8dae-ad65ffde277e{ip: 192.168.5.166, host: pr-hdds-2030-qplxq-3692370286, networkLocation: /default-rack, certSerialId: null}, Type:RATIS, Factor:ONE, State:OPEN]
2019-08-29 11:31:22,331 [grpc-default-executor-0] INFO  impl.RaftServerProxy (RaftServerProxy.java:addNew(89)) - 3948bd19-9220-440d-91f9-f47c403594d9: addNew group-3ABC2766971E:[3948bd19-9220-440d-91f9-f47c403594d9:192.168.5.166:42416] returns group-3ABC2766971E:java.util.concurrent.CompletableFuture@51c99e1[Not completed]
2019-08-29 11:31:22,347 [pool-82-thread-1] INFO  impl.RaftServerImpl (RaftServerImpl.java:<init>(93)) - 3948bd19-9220-440d-91f9-f47c403594d9: new RaftServerImpl for group-3ABC2766971E:[3948bd19-9220-440d-91f9-f47c403594d9:192.168.5.166:42416] with ContainerStateMachine:uninitialized
2019-08-29 11:31:22,348 [pool-82-thread-1] INFO  server.RaftServerConfigKeys (ConfUtils.java:logGet(43)) - raft.server.rpc.timeout.min = 5s (custom)
2019-08-29 11:31:22,348 [pool-82-thread-1] INFO  server.RaftServerConfigKeys (ConfUtils.java:logGet(43)) - raft.server.rpc.timeout.max = 5200ms (custom)
2019-08-29 11:31:22,348 [pool-82-thread-1] INFO  server.RaftServerConfigKeys (ConfUtils.java:logGet(43)) - raft.server.rpcslowness.timeout = 120s (custom)
2019-08-29 11:31:22,348 [pool-82-thread-1] INFO  server.RaftServerConfigKeys (ConfUtils.java:logGet(43)) - raft.server.sleep.deviation.threshold = 300 (default)
2019-08-29 11:31:22,349 [pool-82-thread-1] INFO  server.RaftServerConfigKeys (ConfUtils.java:logGet(43)) - raft.server.log.appender.install.snapshot.enabled = false (custom)
2019-08-29 11:31:22,349 [pool-82-thread-1] INFO  impl.RaftServerImpl (ServerState.java:<init>(105)) - 3948bd19-9220-440d-91f9-f47c403594d9:group-3ABC2766971E ConfigurationManager, init=-1: [3948bd19-9220-440d-91f9-f47c403594d9:192.168.5.166:42416], old=null, confs=<EMPTY_MAP>
2019-08-29 11:31:22,349 [pool-82-thread-1] INFO  server.RaftServerConfigKeys (ConfUtils.java:logGet(43)) - raft.server.storage.dir = [/workdir/hadoop-ozone/integration-test/target/test-dir/MiniOzoneClusterImpl-4cec5eff-4947-4a55-927f-c543e94153ec/datanode-5/data/ratis] (custom)
2019-08-29 11:31:22,350 [pool-82-thread-1] INFO  storage.RaftStorageDirectory (RaftStorageDirectory.java:analyzeStorage(246)) - The storage directory /workdir/hadoop-ozone/integration-test/target/test-dir/MiniOzoneClusterImpl-4cec5eff-4947-4a55-927f-c543e94153ec/datanode-5/data/ratis/c51ca5f9-ba80-4956-a34e-3abc2766971e does not exist. Creating ...
2019-08-29 11:31:22,363 [pool-82-thread-1] INFO  storage.RaftStorageDirectory (RaftStorageDirectory.java:tryLock(328)) - Lock on /workdir/hadoop-ozone/integration-test/target/test-dir/MiniOzoneClusterImpl-4cec5eff-4947-4a55-927f-c543e94153ec/datanode-5/data/ratis/c51ca5f9-ba80-4956-a34e-3abc2766971e/in_use.lock acquired by nodename 29018@pr-hdds-2030-qplxq-3692370286
2019-08-29 11:31:22,376 [pool-82-thread-1] INFO  storage.RaftStorage (RaftStorage.java:format(72)) - Storage directory /workdir/hadoop-ozone/integration-test/target/test-dir/MiniOzoneClusterImpl-4cec5eff-4947-4a55-927f-c543e94153ec/datanode-5/data/ratis/c51ca5f9-ba80-4956-a34e-3abc2766971e has been successfully formatted.
2019-08-29 11:31:22,377 [pool-82-thread-1] INFO  ratis.ContainerStateMachine (ContainerStateMachine.java:loadSnapshot(226)) - group-3ABC2766971E: The snapshot info is null. Setting the last applied indexto:(t:0, i:~)
2019-08-29 11:31:22,377 [pool-82-thread-1] INFO  server.RaftServerConfigKeys (ConfUtils.java:logGet(43)) - raft.server.leader.election.timeout = 120s (custom)
2019-08-29 11:31:22,377 [pool-82-thread-1] INFO  server.RaftServerConfigKeys (ConfUtils.java:logGet(43)) - raft.server.log.use.memory = false (default)
2019-08-29 11:31:22,377 [pool-82-thread-1] INFO  server.RaftServerConfigKeys (ConfUtils.java:logGet(43)) - raft.server.log.purge.gap = 1000000 (custom)
2019-08-29 11:31:22,378 [pool-82-thread-1] INFO  server.RaftServerConfigKeys (ConfUtils.java:logGet(43)) - raft.server.log.appender.buffer.byte-limit = 33554432 (custom)
2019-08-29 11:31:22,378 [pool-82-thread-1] INFO  server.RaftServerConfigKeys (ConfUtils.java:logGet(43)) - raft.server.log.segment.size.max = 1048576 (custom)
2019-08-29 11:31:22,378 [pool-82-thread-1] INFO  server.RaftServerConfigKeys (ConfUtils.java:logGet(43)) - raft.server.log.segment.cache.num.max = 2 (custom)
2019-08-29 11:31:22,378 [pool-82-thread-1] INFO  segmented.SegmentedRaftLogWorker (SegmentedRaftLogWorker.java:<init>(172)) - new 3948bd19-9220-440d-91f9-f47c403594d9-SegmentedRaftLogWorker:Storage Directory /workdir/hadoop-ozone/integration-test/target/test-dir/MiniOzoneClusterImpl-4cec5eff-4947-4a55-927f-c543e94153ec/datanode-5/data/ratis/c51ca5f9-ba80-4956-a34e-3abc2766971e for RaftStorage:Storage Directory /workdir/hadoop-ozone/integration-test/target/test-dir/MiniOzoneClusterImpl-4cec5eff-4947-4a55-927f-c543e94153ec/datanode-5/data/ratis/c51ca5f9-ba80-4956-a34e-3abc2766971e
2019-08-29 11:31:22,378 [pool-82-thread-1] INFO  server.RaftServerConfigKeys (ConfUtils.java:logGet(43)) - raft.server.log.queue.byte-limit = 2147483647 (custom)
2019-08-29 11:31:22,379 [pool-82-thread-1] INFO  server.RaftServerConfigKeys (ConfUtils.java:logGet(43)) - raft.server.log.queue.element-limit = 1024 (custom)
2019-08-29 11:31:22,379 [pool-82-thread-1] INFO  server.RaftServerConfigKeys (ConfUtils.java:logGet(43)) - raft.server.log.segment.size.max = 1048576 (custom)
2019-08-29 11:31:22,379 [pool-82-thread-1] INFO  server.RaftServerConfigKeys (ConfUtils.java:logGet(43)) - raft.server.log.preallocated.size = 16384 (custom)
2019-08-29 11:31:22,380 [pool-82-thread-1] INFO  server.RaftServerConfigKeys (ConfUtils.java:logGet(43)) - raft.server.log.write.buffer.size = 33554432 (custom)
2019-08-29 11:31:22,380 [pool-82-thread-1] INFO  server.RaftServerConfigKeys (ConfUtils.java:logGet(43)) - raft.server.log.force.sync.num = 128 (default)
2019-08-29 11:31:22,380 [pool-82-thread-1] INFO  server.RaftServerConfigKeys (ConfUtils.java:logGet(43)) - raft.server.log.statemachine.data.sync = true (default)
2019-08-29 11:31:22,380 [pool-82-thread-1] INFO  server.RaftServerConfigKeys (ConfUtils.java:logGet(43)) - raft.server.log.statemachine.data.sync.timeout = 10s (default)
2019-08-29 11:31:22,380 [pool-82-thread-1] INFO  server.RaftServerConfigKeys (ConfUtils.java:logGet(43)) - raft.server.log.statemachine.data.sync.timeout.retry = -1 (default)
2019-08-29 11:31:22,381 [pool-82-thread-1] INFO  server.RaftServerConfigKeys (ConfUtils.java:logGet(43)) - raft.server.log.statemachine.data.caching.enabled = true (custom)
2019-08-29 11:31:22,381 [pool-82-thread-1] INFO  segmented.SegmentedRaftLogWorker (SegmentedRaftLogWorker.java:lambda$new$0(132)) - 3948bd19-9220-440d-91f9-f47c403594d9-SegmentedRaftLogWorker:Storage Directory /workdir/hadoop-ozone/integration-test/target/test-dir/MiniOzoneClusterImpl-4cec5eff-4947-4a55-927f-c543e94153ec/datanode-5/data/ratis/c51ca5f9-ba80-4956-a34e-3abc2766971e: flushIndex: setUnconditionally 0 -> -1
2019-08-29 11:31:22,382 [pool-82-thread-1] INFO  server.RaftServerConfigKeys (ConfUtils.java:logGet(43)) - raft.server.snapshot.auto.trigger.enabled = true (custom)
2019-08-29 11:31:22,382 [pool-82-thread-1] INFO  server.RaftServerConfigKeys (ConfUtils.java:logGet(43)) - raft.server.snapshot.auto.trigger.threshold = 10000 (custom)
2019-08-29 11:31:22,382 [pool-82-thread-1] INFO  server.RaftServerConfigKeys (ConfUtils.java:logGet(43)) - raft.server.retrycache.expirytime = 600000ms (custom)
2019-08-29 11:31:22,383 [pool-82-thread-1] INFO  impl.RaftServerImpl (RaftServerImpl.java:start(180)) - 3948bd19-9220-440d-91f9-f47c403594d9: start group-3ABC2766971E
2019-08-29 11:31:22,383 [pool-82-thread-1] INFO  impl.RaftServerImpl (RaftServerImpl.java:setRole(171)) - 3948bd19-9220-440d-91f9-f47c403594d9:group-3ABC2766971E changes role from null to FOLLOWER at term 0 for startAsFollower
2019-08-29 11:31:22,383 [pool-82-thread-1] INFO  impl.RoleInfo (RoleInfo.java:updateAndGet(143)) - 3948bd19-9220-440d-91f9-f47c403594d9: start FollowerState
2019-08-29 11:31:22,383 [pool-82-thread-1] INFO  util.JmxRegister (JmxRegister.java:tryRegister(44)) - Successfully registered JMX Bean with object name Ratis:service=RaftServer,group=group-3ABC2766971E,id=3948bd19-9220-440d-91f9-f47c403594d9
2019-08-29 11:31:22,402 [RatisPipelineUtilsThread] INFO  pipeline.PipelineStateManager (PipelineStateManager.java:addPipeline(56)) - Created pipeline Pipeline[ Id: c51ca5f9-ba80-4956-a34e-3abc2766971e, Nodes: 3948bd19-9220-440d-91f9-f47c403594d9{ip: 192.168.5.166, host: pr-hdds-2030-qplxq-3692370286, networkLocation: /default-rack, certSerialId: null}, Type:RATIS, Factor:ONE, State:OPEN]
2019-08-29 11:31:22,428 [grpc-default-executor-0] INFO  impl.RaftServerProxy (RaftServerProxy.java:addNew(89)) - a068682e-110e-41da-8a67-801fcdf01cfd: addNew group-7400C127C722:[a068682e-110e-41da-8a67-801fcdf01cfd:192.168.5.166:45244] returns group-7400C127C722:java.util.concurrent.CompletableFuture@28a695a9[Not completed]
2019-08-29 11:31:22,432 [pool-38-thread-1] INFO  impl.RaftServerImpl (RaftServerImpl.java:<init>(93)) - a068682e-110e-41da-8a67-801fcdf01cfd: new RaftServerImpl for group-7400C127C722:[a068682e-110e-41da-8a67-801fcdf01cfd:192.168.5.166:45244] with ContainerStateMachine:uninitialized
2019-08-29 11:31:22,432 [pool-38-thread-1] INFO  server.RaftServerConfigKeys (ConfUtils.java:logGet(43)) - raft.server.rpc.timeout.min = 5s (custom)
2019-08-29 11:31:22,433 [pool-38-thread-1] INFO  server.RaftServerConfigKeys (ConfUtils.java:logGet(43)) - raft.server.rpc.timeout.max = 5200ms (custom)
2019-08-29 11:31:22,433 [pool-38-thread-1] INFO  server.RaftServerConfigKeys (ConfUtils.java:logGet(43)) - raft.server.rpcslowness.timeout = 120s (custom)
2019-08-29 11:31:22,435 [pool-38-thread-1] INFO  server.RaftServerConfigKeys (ConfUtils.java:logGet(43)) - raft.server.sleep.deviation.threshold = 300 (default)
2019-08-29 11:31:22,435 [pool-38-thread-1] INFO  server.RaftServerConfigKeys (ConfUtils.java:logGet(43)) - raft.server.log.appender.install.snapshot.enabled = false (custom)
2019-08-29 11:31:22,436 [pool-38-thread-1] INFO  impl.RaftServerImpl (ServerState.java:<init>(105)) - a068682e-110e-41da-8a67-801fcdf01cfd:group-7400C127C722 ConfigurationManager, init=-1: [a068682e-110e-41da-8a67-801fcdf01cfd:192.168.5.166:45244], old=null, confs=<EMPTY_MAP>
2019-08-29 11:31:22,436 [pool-38-thread-1] INFO  server.RaftServerConfigKeys (ConfUtils.java:logGet(43)) - raft.server.storage.dir = [/workdir/hadoop-ozone/integration-test/target/test-dir/MiniOzoneClusterImpl-4cec5eff-4947-4a55-927f-c543e94153ec/datanode-1/data/ratis] (custom)
2019-08-29 11:31:22,436 [IPC Server handler 6 on 35214] INFO  net.NetworkTopology (NetworkTopologyImpl.java:add(110)) - Added a new node: /default-rack/49e00add-b79b-4596-9305-1bdf7934a5c8
2019-08-29 11:31:22,437 [IPC Server handler 6 on 35214] INFO  node.SCMNodeManager (SCMNodeManager.java:register(273)) - Registered Data node : 49e00add-b79b-4596-9305-1bdf7934a5c8{ip: 192.168.5.166, host: pr-hdds-2030-qplxq-3692370286, networkLocation: /default-rack, certSerialId: null}
2019-08-29 11:31:22,437 [pool-38-thread-1] INFO  storage.RaftStorageDirectory (RaftStorageDirectory.java:analyzeStorage(246)) - The storage directory /workdir/hadoop-ozone/integration-test/target/test-dir/MiniOzoneClusterImpl-4cec5eff-4947-4a55-927f-c543e94153ec/datanode-1/data/ratis/60c6bd2f-f4db-49d2-9e0f-7400c127c722 does not exist. Creating ...
2019-08-29 11:31:22,437 | INFO  | SCMAudit | user=jenkins1000 | ip=192.168.5.166 | op=REGISTER {datanodeDetails=49e00add-b79b-4596-9305-1bdf7934a5c8{ip: 192.168.5.166, host: pr-hdds-2030-qplxq-3692370286, networkLocation: /default-rack, certSerialId: null}} | ret=SUCCESS |  
2019-08-29 11:31:22,451 [pool-38-thread-1] INFO  storage.RaftStorageDirectory (RaftStorageDirectory.java:tryLock(328)) - Lock on /workdir/hadoop-ozone/integration-test/target/test-dir/MiniOzoneClusterImpl-4cec5eff-4947-4a55-927f-c543e94153ec/datanode-1/data/ratis/60c6bd2f-f4db-49d2-9e0f-7400c127c722/in_use.lock acquired by nodename 29018@pr-hdds-2030-qplxq-3692370286
2019-08-29 11:31:22,464 [pool-38-thread-1] INFO  storage.RaftStorage (RaftStorage.java:format(72)) - Storage directory /workdir/hadoop-ozone/integration-test/target/test-dir/MiniOzoneClusterImpl-4cec5eff-4947-4a55-927f-c543e94153ec/datanode-1/data/ratis/60c6bd2f-f4db-49d2-9e0f-7400c127c722 has been successfully formatted.
2019-08-29 11:31:22,464 [pool-38-thread-1] INFO  ratis.ContainerStateMachine (ContainerStateMachine.java:loadSnapshot(226)) - group-7400C127C722: The snapshot info is null. Setting the last applied indexto:(t:0, i:~)
2019-08-29 11:31:22,465 [pool-38-thread-1] INFO  server.RaftServerConfigKeys (ConfUtils.java:logGet(43)) - raft.server.leader.election.timeout = 120s (custom)
2019-08-29 11:31:22,465 [pool-38-thread-1] INFO  server.RaftServerConfigKeys (ConfUtils.java:logGet(43)) - raft.server.log.use.memory = false (default)
2019-08-29 11:31:22,465 [pool-38-thread-1] INFO  server.RaftServerConfigKeys (ConfUtils.java:logGet(43)) - raft.server.log.purge.gap = 1000000 (custom)
2019-08-29 11:31:22,465 [pool-38-thread-1] INFO  server.RaftServerConfigKeys (ConfUtils.java:logGet(43)) - raft.server.log.appender.buffer.byte-limit = 33554432 (custom)
2019-08-29 11:31:22,465 [pool-38-thread-1] INFO  server.RaftServerConfigKeys (ConfUtils.java:logGet(43)) - raft.server.log.segment.size.max = 1048576 (custom)
2019-08-29 11:31:22,466 [pool-38-thread-1] INFO  server.RaftServerConfigKeys (ConfUtils.java:logGet(43)) - raft.server.log.segment.cache.num.max = 2 (custom)
2019-08-29 11:31:22,466 [pool-38-thread-1] INFO  segmented.SegmentedRaftLogWorker (SegmentedRaftLogWorker.java:<init>(172)) - new a068682e-110e-41da-8a67-801fcdf01cfd-SegmentedRaftLogWorker:Storage Directory /workdir/hadoop-ozone/integration-test/target/test-dir/MiniOzoneClusterImpl-4cec5eff-4947-4a55-927f-c543e94153ec/datanode-1/data/ratis/60c6bd2f-f4db-49d2-9e0f-7400c127c722 for RaftStorage:Storage Directory /workdir/hadoop-ozone/integration-test/target/test-dir/MiniOzoneClusterImpl-4cec5eff-4947-4a55-927f-c543e94153ec/datanode-1/data/ratis/60c6bd2f-f4db-49d2-9e0f-7400c127c722
2019-08-29 11:31:22,466 [pool-38-thread-1] INFO  server.RaftServerConfigKeys (ConfUtils.java:logGet(43)) - raft.server.log.queue.byte-limit = 2147483647 (custom)
2019-08-29 11:31:22,467 [pool-38-thread-1] INFO  server.RaftServerConfigKeys (ConfUtils.java:logGet(43)) - raft.server.log.queue.element-limit = 1024 (custom)
2019-08-29 11:31:22,467 [pool-38-thread-1] INFO  server.RaftServerConfigKeys (ConfUtils.java:logGet(43)) - raft.server.log.segment.size.max = 1048576 (custom)
2019-08-29 11:31:22,467 [pool-38-thread-1] INFO  server.RaftServerConfigKeys (ConfUtils.java:logGet(43)) - raft.server.log.preallocated.size = 16384 (custom)
2019-08-29 11:31:22,468 [pool-38-thread-1] INFO  server.RaftServerConfigKeys (ConfUtils.java:logGet(43)) - raft.server.log.write.buffer.size = 33554432 (custom)
2019-08-29 11:31:22,468 [pool-38-thread-1] INFO  server.RaftServerConfigKeys (ConfUtils.java:logGet(43)) - raft.server.log.force.sync.num = 128 (default)
2019-08-29 11:31:22,468 [pool-38-thread-1] INFO  server.RaftServerConfigKeys (ConfUtils.java:logGet(43)) - raft.server.log.statemachine.data.sync = true (default)
2019-08-29 11:31:22,468 [pool-38-thread-1] INFO  server.RaftServerConfigKeys (ConfUtils.java:logGet(43)) - raft.server.log.statemachine.data.sync.timeout = 10s (default)
2019-08-29 11:31:22,468 [pool-38-thread-1] INFO  server.RaftServerConfigKeys (ConfUtils.java:logGet(43)) - raft.server.log.statemachine.data.sync.timeout.retry = -1 (default)
2019-08-29 11:31:22,469 [pool-38-thread-1] INFO  server.RaftServerConfigKeys (ConfUtils.java:logGet(43)) - raft.server.log.statemachine.data.caching.enabled = true (custom)
2019-08-29 11:31:22,470 [pool-38-thread-1] INFO  segmented.SegmentedRaftLogWorker (SegmentedRaftLogWorker.java:lambda$new$0(132)) - a068682e-110e-41da-8a67-801fcdf01cfd-SegmentedRaftLogWorker:Storage Directory /workdir/hadoop-ozone/integration-test/target/test-dir/MiniOzoneClusterImpl-4cec5eff-4947-4a55-927f-c543e94153ec/datanode-1/data/ratis/60c6bd2f-f4db-49d2-9e0f-7400c127c722: flushIndex: setUnconditionally 0 -> -1
2019-08-29 11:31:22,470 [pool-38-thread-1] INFO  server.RaftServerConfigKeys (ConfUtils.java:logGet(43)) - raft.server.snapshot.auto.trigger.enabled = true (custom)
2019-08-29 11:31:22,470 [pool-38-thread-1] INFO  server.RaftServerConfigKeys (ConfUtils.java:logGet(43)) - raft.server.snapshot.auto.trigger.threshold = 10000 (custom)
2019-08-29 11:31:22,471 [pool-38-thread-1] INFO  server.RaftServerConfigKeys (ConfUtils.java:logGet(43)) - raft.server.retrycache.expirytime = 600000ms (custom)
2019-08-29 11:31:22,471 [pool-38-thread-1] INFO  impl.RaftServerImpl (RaftServerImpl.java:start(180)) - a068682e-110e-41da-8a67-801fcdf01cfd: start group-7400C127C722
2019-08-29 11:31:22,471 [pool-38-thread-1] INFO  impl.RaftServerImpl (RaftServerImpl.java:setRole(171)) - a068682e-110e-41da-8a67-801fcdf01cfd:group-7400C127C722 changes role from null to FOLLOWER at term 0 for startAsFollower
2019-08-29 11:31:22,471 [pool-38-thread-1] INFO  impl.RoleInfo (RoleInfo.java:updateAndGet(143)) - a068682e-110e-41da-8a67-801fcdf01cfd: start FollowerState
2019-08-29 11:31:22,472 [pool-38-thread-1] INFO  util.JmxRegister (JmxRegister.java:tryRegister(44)) - Successfully registered JMX Bean with object name Ratis:service=RaftServer,group=group-7400C127C722,id=a068682e-110e-41da-8a67-801fcdf01cfd
2019-08-29 11:31:22,489 [RatisPipelineUtilsThread] INFO  pipeline.PipelineStateManager (PipelineStateManager.java:addPipeline(56)) - Created pipeline Pipeline[ Id: 60c6bd2f-f4db-49d2-9e0f-7400c127c722, Nodes: a068682e-110e-41da-8a67-801fcdf01cfd{ip: 192.168.5.166, host: pr-hdds-2030-qplxq-3692370286, networkLocation: /default-rack, certSerialId: null}, Type:RATIS, Factor:ONE, State:OPEN]
2019-08-29 11:31:22,514 [grpc-default-executor-0] INFO  impl.RaftServerProxy (RaftServerProxy.java:addNew(89)) - 49e00add-b79b-4596-9305-1bdf7934a5c8: addNew group-44E9C607277A:[49e00add-b79b-4596-9305-1bdf7934a5c8:192.168.5.166:36944] returns group-44E9C607277A:java.util.concurrent.CompletableFuture@f9f67a1[Not completed]
2019-08-29 11:31:22,519 [pool-93-thread-1] INFO  impl.RaftServerImpl (RaftServerImpl.java:<init>(93)) - 49e00add-b79b-4596-9305-1bdf7934a5c8: new RaftServerImpl for group-44E9C607277A:[49e00add-b79b-4596-9305-1bdf7934a5c8:192.168.5.166:36944] with ContainerStateMachine:uninitialized
2019-08-29 11:31:22,519 [pool-93-thread-1] INFO  server.RaftServerConfigKeys (ConfUtils.java:logGet(43)) - raft.server.rpc.timeout.min = 5s (custom)
2019-08-29 11:31:22,520 [pool-93-thread-1] INFO  server.RaftServerConfigKeys (ConfUtils.java:logGet(43)) - raft.server.rpc.timeout.max = 5200ms (custom)
2019-08-29 11:31:22,520 [pool-93-thread-1] INFO  server.RaftServerConfigKeys (ConfUtils.java:logGet(43)) - raft.server.rpcslowness.timeout = 120s (custom)
2019-08-29 11:31:22,520 [pool-93-thread-1] INFO  server.RaftServerConfigKeys (ConfUtils.java:logGet(43)) - raft.server.sleep.deviation.threshold = 300 (default)
2019-08-29 11:31:22,520 [pool-93-thread-1] INFO  server.RaftServerConfigKeys (ConfUtils.java:logGet(43)) - raft.server.log.appender.install.snapshot.enabled = false (custom)
2019-08-29 11:31:22,520 [pool-93-thread-1] INFO  impl.RaftServerImpl (ServerState.java:<init>(105)) - 49e00add-b79b-4596-9305-1bdf7934a5c8:group-44E9C607277A ConfigurationManager, init=-1: [49e00add-b79b-4596-9305-1bdf7934a5c8:192.168.5.166:36944], old=null, confs=<EMPTY_MAP>
2019-08-29 11:31:22,521 [pool-93-thread-1] INFO  server.RaftServerConfigKeys (ConfUtils.java:logGet(43)) - raft.server.storage.dir = [/workdir/hadoop-ozone/integration-test/target/test-dir/MiniOzoneClusterImpl-4cec5eff-4947-4a55-927f-c543e94153ec/datanode-6/data/ratis] (custom)
2019-08-29 11:31:22,521 [pool-93-thread-1] INFO  storage.RaftStorageDirectory (RaftStorageDirectory.java:analyzeStorage(246)) - The storage directory /workdir/hadoop-ozone/integration-test/target/test-dir/MiniOzoneClusterImpl-4cec5eff-4947-4a55-927f-c543e94153ec/datanode-6/data/ratis/fe61a212-8142-4b6c-a151-44e9c607277a does not exist. Creating ...
2019-08-29 11:31:22,537 [pool-93-thread-1] INFO  storage.RaftStorageDirectory (RaftStorageDirectory.java:tryLock(328)) - Lock on /workdir/hadoop-ozone/integration-test/target/test-dir/MiniOzoneClusterImpl-4cec5eff-4947-4a55-927f-c543e94153ec/datanode-6/data/ratis/fe61a212-8142-4b6c-a151-44e9c607277a/in_use.lock acquired by nodename 29018@pr-hdds-2030-qplxq-3692370286
2019-08-29 11:31:22,552 [pool-93-thread-1] INFO  storage.RaftStorage (RaftStorage.java:format(72)) - Storage directory /workdir/hadoop-ozone/integration-test/target/test-dir/MiniOzoneClusterImpl-4cec5eff-4947-4a55-927f-c543e94153ec/datanode-6/data/ratis/fe61a212-8142-4b6c-a151-44e9c607277a has been successfully formatted.
2019-08-29 11:31:22,552 [pool-93-thread-1] INFO  ratis.ContainerStateMachine (ContainerStateMachine.java:loadSnapshot(226)) - group-44E9C607277A: The snapshot info is null. Setting the last applied indexto:(t:0, i:~)
2019-08-29 11:31:22,552 [pool-93-thread-1] INFO  server.RaftServerConfigKeys (ConfUtils.java:logGet(43)) - raft.server.leader.election.timeout = 120s (custom)
2019-08-29 11:31:22,552 [pool-93-thread-1] INFO  server.RaftServerConfigKeys (ConfUtils.java:logGet(43)) - raft.server.log.use.memory = false (default)
2019-08-29 11:31:22,553 [pool-93-thread-1] INFO  server.RaftServerConfigKeys (ConfUtils.java:logGet(43)) - raft.server.log.purge.gap = 1000000 (custom)
2019-08-29 11:31:22,553 [pool-93-thread-1] INFO  server.RaftServerConfigKeys (ConfUtils.java:logGet(43)) - raft.server.log.appender.buffer.byte-limit = 33554432 (custom)
2019-08-29 11:31:22,553 [pool-93-thread-1] INFO  server.RaftServerConfigKeys (ConfUtils.java:logGet(43)) - raft.server.log.segment.size.max = 1048576 (custom)
2019-08-29 11:31:22,553 [pool-93-thread-1] INFO  server.RaftServerConfigKeys (ConfUtils.java:logGet(43)) - raft.server.log.segment.cache.num.max = 2 (custom)
2019-08-29 11:31:22,553 [pool-93-thread-1] INFO  segmented.SegmentedRaftLogWorker (SegmentedRaftLogWorker.java:<init>(172)) - new 49e00add-b79b-4596-9305-1bdf7934a5c8-SegmentedRaftLogWorker:Storage Directory /workdir/hadoop-ozone/integration-test/target/test-dir/MiniOzoneClusterImpl-4cec5eff-4947-4a55-927f-c543e94153ec/datanode-6/data/ratis/fe61a212-8142-4b6c-a151-44e9c607277a for RaftStorage:Storage Directory /workdir/hadoop-ozone/integration-test/target/test-dir/MiniOzoneClusterImpl-4cec5eff-4947-4a55-927f-c543e94153ec/datanode-6/data/ratis/fe61a212-8142-4b6c-a151-44e9c607277a
2019-08-29 11:31:22,553 [pool-93-thread-1] INFO  server.RaftServerConfigKeys (ConfUtils.java:logGet(43)) - raft.server.log.queue.byte-limit = 2147483647 (custom)
2019-08-29 11:31:22,553 [pool-93-thread-1] INFO  server.RaftServerConfigKeys (ConfUtils.java:logGet(43)) - raft.server.log.queue.element-limit = 1024 (custom)
2019-08-29 11:31:22,554 [pool-93-thread-1] INFO  server.RaftServerConfigKeys (ConfUtils.java:logGet(43)) - raft.server.log.segment.size.max = 1048576 (custom)
2019-08-29 11:31:22,554 [pool-93-thread-1] INFO  server.RaftServerConfigKeys (ConfUtils.java:logGet(43)) - raft.server.log.preallocated.size = 16384 (custom)
2019-08-29 11:31:22,554 [pool-93-thread-1] INFO  server.RaftServerConfigKeys (ConfUtils.java:logGet(43)) - raft.server.log.write.buffer.size = 33554432 (custom)
2019-08-29 11:31:22,554 [pool-93-thread-1] INFO  server.RaftServerConfigKeys (ConfUtils.java:logGet(43)) - raft.server.log.force.sync.num = 128 (default)
2019-08-29 11:31:22,554 [pool-93-thread-1] INFO  server.RaftServerConfigKeys (ConfUtils.java:logGet(43)) - raft.server.log.statemachine.data.sync = true (default)
2019-08-29 11:31:22,554 [pool-93-thread-1] INFO  server.RaftServerConfigKeys (ConfUtils.java:logGet(43)) - raft.server.log.statemachine.data.sync.timeout = 10s (default)
2019-08-29 11:31:22,554 [pool-93-thread-1] INFO  server.RaftServerConfigKeys (ConfUtils.java:logGet(43)) - raft.server.log.statemachine.data.sync.timeout.retry = -1 (default)
2019-08-29 11:31:22,555 [pool-93-thread-1] INFO  server.RaftServerConfigKeys (ConfUtils.java:logGet(43)) - raft.server.log.statemachine.data.caching.enabled = true (custom)
2019-08-29 11:31:22,555 [pool-93-thread-1] INFO  segmented.SegmentedRaftLogWorker (SegmentedRaftLogWorker.java:lambda$new$0(132)) - 49e00add-b79b-4596-9305-1bdf7934a5c8-SegmentedRaftLogWorker:Storage Directory /workdir/hadoop-ozone/integration-test/target/test-dir/MiniOzoneClusterImpl-4cec5eff-4947-4a55-927f-c543e94153ec/datanode-6/data/ratis/fe61a212-8142-4b6c-a151-44e9c607277a: flushIndex: setUnconditionally 0 -> -1
2019-08-29 11:31:22,555 [pool-93-thread-1] INFO  server.RaftServerConfigKeys (ConfUtils.java:logGet(43)) - raft.server.snapshot.auto.trigger.enabled = true (custom)
2019-08-29 11:31:22,555 [pool-93-thread-1] INFO  server.RaftServerConfigKeys (ConfUtils.java:logGet(43)) - raft.server.snapshot.auto.trigger.threshold = 10000 (custom)
2019-08-29 11:31:22,555 [pool-93-thread-1] INFO  server.RaftServerConfigKeys (ConfUtils.java:logGet(43)) - raft.server.retrycache.expirytime = 600000ms (custom)
2019-08-29 11:31:22,556 [pool-93-thread-1] INFO  impl.RaftServerImpl (RaftServerImpl.java:start(180)) - 49e00add-b79b-4596-9305-1bdf7934a5c8: start group-44E9C607277A
2019-08-29 11:31:22,556 [pool-93-thread-1] INFO  impl.RaftServerImpl (RaftServerImpl.java:setRole(171)) - 49e00add-b79b-4596-9305-1bdf7934a5c8:group-44E9C607277A changes role from null to FOLLOWER at term 0 for startAsFollower
2019-08-29 11:31:22,556 [pool-93-thread-1] INFO  impl.RoleInfo (RoleInfo.java:updateAndGet(143)) - 49e00add-b79b-4596-9305-1bdf7934a5c8: start FollowerState
2019-08-29 11:31:22,556 [pool-93-thread-1] INFO  util.JmxRegister (JmxRegister.java:tryRegister(44)) - Successfully registered JMX Bean with object name Ratis:service=RaftServer,group=group-44E9C607277A,id=49e00add-b79b-4596-9305-1bdf7934a5c8
2019-08-29 11:31:22,572 [RatisPipelineUtilsThread] INFO  pipeline.PipelineStateManager (PipelineStateManager.java:addPipeline(56)) - Created pipeline Pipeline[ Id: fe61a212-8142-4b6c-a151-44e9c607277a, Nodes: 49e00add-b79b-4596-9305-1bdf7934a5c8{ip: 192.168.5.166, host: pr-hdds-2030-qplxq-3692370286, networkLocation: /default-rack, certSerialId: null}, Type:RATIS, Factor:ONE, State:OPEN]
2019-08-29 11:31:22,599 [grpc-default-executor-0] INFO  impl.RaftServerProxy (RaftServerProxy.java:addNew(89)) - 687fa99e-0a29-471b-8d5d-2536fcd66185: addNew group-72EF7A267FC1:[687fa99e-0a29-471b-8d5d-2536fcd66185:192.168.5.166:42900] returns group-72EF7A267FC1:java.util.concurrent.CompletableFuture@6786eb4a[Not completed]
2019-08-29 11:31:22,604 [pool-60-thread-1] INFO  impl.RaftServerImpl (RaftServerImpl.java:<init>(93)) - 687fa99e-0a29-471b-8d5d-2536fcd66185: new RaftServerImpl for group-72EF7A267FC1:[687fa99e-0a29-471b-8d5d-2536fcd66185:192.168.5.166:42900] with ContainerStateMachine:uninitialized
2019-08-29 11:31:22,605 [pool-60-thread-1] INFO  server.RaftServerConfigKeys (ConfUtils.java:logGet(43)) - raft.server.rpc.timeout.min = 5s (custom)
2019-08-29 11:31:22,605 [pool-60-thread-1] INFO  server.RaftServerConfigKeys (ConfUtils.java:logGet(43)) - raft.server.rpc.timeout.max = 5200ms (custom)
2019-08-29 11:31:22,605 [pool-60-thread-1] INFO  server.RaftServerConfigKeys (ConfUtils.java:logGet(43)) - raft.server.rpcslowness.timeout = 120s (custom)
2019-08-29 11:31:22,605 [pool-60-thread-1] INFO  server.RaftServerConfigKeys (ConfUtils.java:logGet(43)) - raft.server.sleep.deviation.threshold = 300 (default)
2019-08-29 11:31:22,605 [pool-60-thread-1] INFO  server.RaftServerConfigKeys (ConfUtils.java:logGet(43)) - raft.server.log.appender.install.snapshot.enabled = false (custom)
2019-08-29 11:31:22,606 [pool-60-thread-1] INFO  impl.RaftServerImpl (ServerState.java:<init>(105)) - 687fa99e-0a29-471b-8d5d-2536fcd66185:group-72EF7A267FC1 ConfigurationManager, init=-1: [687fa99e-0a29-471b-8d5d-2536fcd66185:192.168.5.166:42900], old=null, confs=<EMPTY_MAP>
2019-08-29 11:31:22,606 [pool-60-thread-1] INFO  server.RaftServerConfigKeys (ConfUtils.java:logGet(43)) - raft.server.storage.dir = [/workdir/hadoop-ozone/integration-test/target/test-dir/MiniOzoneClusterImpl-4cec5eff-4947-4a55-927f-c543e94153ec/datanode-3/data/ratis] (custom)
2019-08-29 11:31:22,606 [pool-60-thread-1] INFO  storage.RaftStorageDirectory (RaftStorageDirectory.java:analyzeStorage(246)) - The storage directory /workdir/hadoop-ozone/integration-test/target/test-dir/MiniOzoneClusterImpl-4cec5eff-4947-4a55-927f-c543e94153ec/datanode-3/data/ratis/09ef74b6-7452-4b57-b494-72ef7a267fc1 does not exist. Creating ...
2019-08-29 11:31:22,619 [pool-60-thread-1] INFO  storage.RaftStorageDirectory (RaftStorageDirectory.java:tryLock(328)) - Lock on /workdir/hadoop-ozone/integration-test/target/test-dir/MiniOzoneClusterImpl-4cec5eff-4947-4a55-927f-c543e94153ec/datanode-3/data/ratis/09ef74b6-7452-4b57-b494-72ef7a267fc1/in_use.lock acquired by nodename 29018@pr-hdds-2030-qplxq-3692370286
2019-08-29 11:31:22,633 [pool-60-thread-1] INFO  storage.RaftStorage (RaftStorage.java:format(72)) - Storage directory /workdir/hadoop-ozone/integration-test/target/test-dir/MiniOzoneClusterImpl-4cec5eff-4947-4a55-927f-c543e94153ec/datanode-3/data/ratis/09ef74b6-7452-4b57-b494-72ef7a267fc1 has been successfully formatted.
2019-08-29 11:31:22,634 [pool-60-thread-1] INFO  ratis.ContainerStateMachine (ContainerStateMachine.java:loadSnapshot(226)) - group-72EF7A267FC1: The snapshot info is null. Setting the last applied indexto:(t:0, i:~)
2019-08-29 11:31:22,634 [pool-60-thread-1] INFO  server.RaftServerConfigKeys (ConfUtils.java:logGet(43)) - raft.server.leader.election.timeout = 120s (custom)
2019-08-29 11:31:22,634 [pool-60-thread-1] INFO  server.RaftServerConfigKeys (ConfUtils.java:logGet(43)) - raft.server.log.use.memory = false (default)
2019-08-29 11:31:22,634 [pool-60-thread-1] INFO  server.RaftServerConfigKeys (ConfUtils.java:logGet(43)) - raft.server.log.purge.gap = 1000000 (custom)
2019-08-29 11:31:22,634 [pool-60-thread-1] INFO  server.RaftServerConfigKeys (ConfUtils.java:logGet(43)) - raft.server.log.appender.buffer.byte-limit = 33554432 (custom)
2019-08-29 11:31:22,634 [pool-60-thread-1] INFO  server.RaftServerConfigKeys (ConfUtils.java:logGet(43)) - raft.server.log.segment.size.max = 1048576 (custom)
2019-08-29 11:31:22,634 [pool-60-thread-1] INFO  server.RaftServerConfigKeys (ConfUtils.java:logGet(43)) - raft.server.log.segment.cache.num.max = 2 (custom)
2019-08-29 11:31:22,635 [pool-60-thread-1] INFO  segmented.SegmentedRaftLogWorker (SegmentedRaftLogWorker.java:<init>(172)) - new 687fa99e-0a29-471b-8d5d-2536fcd66185-SegmentedRaftLogWorker:Storage Directory /workdir/hadoop-ozone/integration-test/target/test-dir/MiniOzoneClusterImpl-4cec5eff-4947-4a55-927f-c543e94153ec/datanode-3/data/ratis/09ef74b6-7452-4b57-b494-72ef7a267fc1 for RaftStorage:Storage Directory /workdir/hadoop-ozone/integration-test/target/test-dir/MiniOzoneClusterImpl-4cec5eff-4947-4a55-927f-c543e94153ec/datanode-3/data/ratis/09ef74b6-7452-4b57-b494-72ef7a267fc1
2019-08-29 11:31:22,635 [pool-60-thread-1] INFO  server.RaftServerConfigKeys (ConfUtils.java:logGet(43)) - raft.server.log.queue.byte-limit = 2147483647 (custom)
2019-08-29 11:31:22,635 [pool-60-thread-1] INFO  server.RaftServerConfigKeys (ConfUtils.java:logGet(43)) - raft.server.log.queue.element-limit = 1024 (custom)
2019-08-29 11:31:22,635 [pool-60-thread-1] INFO  server.RaftServerConfigKeys (ConfUtils.java:logGet(43)) - raft.server.log.segment.size.max = 1048576 (custom)
2019-08-29 11:31:22,635 [pool-60-thread-1] INFO  server.RaftServerConfigKeys (ConfUtils.java:logGet(43)) - raft.server.log.preallocated.size = 16384 (custom)
2019-08-29 11:31:22,635 [pool-60-thread-1] INFO  server.RaftServerConfigKeys (ConfUtils.java:logGet(43)) - raft.server.log.write.buffer.size = 33554432 (custom)
2019-08-29 11:31:22,636 [pool-60-thread-1] INFO  server.RaftServerConfigKeys (ConfUtils.java:logGet(43)) - raft.server.log.force.sync.num = 128 (default)
2019-08-29 11:31:22,636 [pool-60-thread-1] INFO  server.RaftServerConfigKeys (ConfUtils.java:logGet(43)) - raft.server.log.statemachine.data.sync = true (default)
2019-08-29 11:31:22,636 [pool-60-thread-1] INFO  server.RaftServerConfigKeys (ConfUtils.java:logGet(43)) - raft.server.log.statemachine.data.sync.timeout = 10s (default)
2019-08-29 11:31:22,636 [pool-60-thread-1] INFO  server.RaftServerConfigKeys (ConfUtils.java:logGet(43)) - raft.server.log.statemachine.data.sync.timeout.retry = -1 (default)
2019-08-29 11:31:22,636 [pool-60-thread-1] INFO  server.RaftServerConfigKeys (ConfUtils.java:logGet(43)) - raft.server.log.statemachine.data.caching.enabled = true (custom)
2019-08-29 11:31:22,637 [pool-60-thread-1] INFO  segmented.SegmentedRaftLogWorker (SegmentedRaftLogWorker.java:lambda$new$0(132)) - 687fa99e-0a29-471b-8d5d-2536fcd66185-SegmentedRaftLogWorker:Storage Directory /workdir/hadoop-ozone/integration-test/target/test-dir/MiniOzoneClusterImpl-4cec5eff-4947-4a55-927f-c543e94153ec/datanode-3/data/ratis/09ef74b6-7452-4b57-b494-72ef7a267fc1: flushIndex: setUnconditionally 0 -> -1
2019-08-29 11:31:22,637 [pool-60-thread-1] INFO  server.RaftServerConfigKeys (ConfUtils.java:logGet(43)) - raft.server.snapshot.auto.trigger.enabled = true (custom)
2019-08-29 11:31:22,637 [pool-60-thread-1] INFO  server.RaftServerConfigKeys (ConfUtils.java:logGet(43)) - raft.server.snapshot.auto.trigger.threshold = 10000 (custom)
2019-08-29 11:31:22,637 [pool-60-thread-1] INFO  server.RaftServerConfigKeys (ConfUtils.java:logGet(43)) - raft.server.retrycache.expirytime = 600000ms (custom)
2019-08-29 11:31:22,638 [pool-60-thread-1] INFO  impl.RaftServerImpl (RaftServerImpl.java:start(180)) - 687fa99e-0a29-471b-8d5d-2536fcd66185: start group-72EF7A267FC1
2019-08-29 11:31:22,638 [pool-60-thread-1] INFO  impl.RaftServerImpl (RaftServerImpl.java:setRole(171)) - 687fa99e-0a29-471b-8d5d-2536fcd66185:group-72EF7A267FC1 changes role from null to FOLLOWER at term 0 for startAsFollower
2019-08-29 11:31:22,638 [pool-60-thread-1] INFO  impl.RoleInfo (RoleInfo.java:updateAndGet(143)) - 687fa99e-0a29-471b-8d5d-2536fcd66185: start FollowerState
2019-08-29 11:31:22,638 [pool-60-thread-1] INFO  util.JmxRegister (JmxRegister.java:tryRegister(44)) - Successfully registered JMX Bean with object name Ratis:service=RaftServer,group=group-72EF7A267FC1,id=687fa99e-0a29-471b-8d5d-2536fcd66185
2019-08-29 11:31:22,645 [main] INFO  ozone.MiniOzoneClusterImpl (MiniOzoneClusterImpl.java:lambda$waitForClusterToBeReady$0(142)) - Cluster is ready. Got 7 of 7 DN Heartbeats.
2019-08-29 11:31:22,653 [RatisPipelineUtilsThread] INFO  pipeline.PipelineStateManager (PipelineStateManager.java:addPipeline(56)) - Created pipeline Pipeline[ Id: 09ef74b6-7452-4b57-b494-72ef7a267fc1, Nodes: 687fa99e-0a29-471b-8d5d-2536fcd66185{ip: 192.168.5.166, host: pr-hdds-2030-qplxq-3692370286, networkLocation: /default-rack, certSerialId: null}, Type:RATIS, Factor:ONE, State:OPEN]
2019-08-29 11:31:22,669 [grpc-default-executor-0] INFO  impl.RaftServerProxy (RaftServerProxy.java:addNew(89)) - 4a086508-4c3b-4d76-b3f3-073e8bcfee64: addNew group-C297590CC8A7:[4a086508-4c3b-4d76-b3f3-073e8bcfee64:192.168.5.166:45804] returns group-C297590CC8A7:java.util.concurrent.CompletableFuture@116f8723[Not completed]
2019-08-29 11:31:22,673 [pool-49-thread-1] INFO  impl.RaftServerImpl (RaftServerImpl.java:<init>(93)) - 4a086508-4c3b-4d76-b3f3-073e8bcfee64: new RaftServerImpl for group-C297590CC8A7:[4a086508-4c3b-4d76-b3f3-073e8bcfee64:192.168.5.166:45804] with ContainerStateMachine:uninitialized
2019-08-29 11:31:22,673 [pool-49-thread-1] INFO  server.RaftServerConfigKeys (ConfUtils.java:logGet(43)) - raft.server.rpc.timeout.min = 5s (custom)
2019-08-29 11:31:22,673 [pool-49-thread-1] INFO  server.RaftServerConfigKeys (ConfUtils.java:logGet(43)) - raft.server.rpc.timeout.max = 5200ms (custom)
2019-08-29 11:31:22,673 [pool-49-thread-1] INFO  server.RaftServerConfigKeys (ConfUtils.java:logGet(43)) - raft.server.rpcslowness.timeout = 120s (custom)
2019-08-29 11:31:22,673 [pool-49-thread-1] INFO  server.RaftServerConfigKeys (ConfUtils.java:logGet(43)) - raft.server.sleep.deviation.threshold = 300 (default)
2019-08-29 11:31:22,674 [pool-49-thread-1] INFO  server.RaftServerConfigKeys (ConfUtils.java:logGet(43)) - raft.server.log.appender.install.snapshot.enabled = false (custom)
2019-08-29 11:31:22,674 [pool-49-thread-1] INFO  impl.RaftServerImpl (ServerState.java:<init>(105)) - 4a086508-4c3b-4d76-b3f3-073e8bcfee64:group-C297590CC8A7 ConfigurationManager, init=-1: [4a086508-4c3b-4d76-b3f3-073e8bcfee64:192.168.5.166:45804], old=null, confs=<EMPTY_MAP>
2019-08-29 11:31:22,674 [pool-49-thread-1] INFO  server.RaftServerConfigKeys (ConfUtils.java:logGet(43)) - raft.server.storage.dir = [/workdir/hadoop-ozone/integration-test/target/test-dir/MiniOzoneClusterImpl-4cec5eff-4947-4a55-927f-c543e94153ec/datanode-2/data/ratis] (custom)
2019-08-29 11:31:22,675 [pool-49-thread-1] INFO  storage.RaftStorageDirectory (RaftStorageDirectory.java:analyzeStorage(246)) - The storage directory /workdir/hadoop-ozone/integration-test/target/test-dir/MiniOzoneClusterImpl-4cec5eff-4947-4a55-927f-c543e94153ec/datanode-2/data/ratis/9c1b407b-0514-411d-919e-c297590cc8a7 does not exist. Creating ...
2019-08-29 11:31:22,688 [pool-49-thread-1] INFO  storage.RaftStorageDirectory (RaftStorageDirectory.java:tryLock(328)) - Lock on /workdir/hadoop-ozone/integration-test/target/test-dir/MiniOzoneClusterImpl-4cec5eff-4947-4a55-927f-c543e94153ec/datanode-2/data/ratis/9c1b407b-0514-411d-919e-c297590cc8a7/in_use.lock acquired by nodename 29018@pr-hdds-2030-qplxq-3692370286
2019-08-29 11:31:22,701 [pool-49-thread-1] INFO  storage.RaftStorage (RaftStorage.java:format(72)) - Storage directory /workdir/hadoop-ozone/integration-test/target/test-dir/MiniOzoneClusterImpl-4cec5eff-4947-4a55-927f-c543e94153ec/datanode-2/data/ratis/9c1b407b-0514-411d-919e-c297590cc8a7 has been successfully formatted.
2019-08-29 11:31:22,701 [pool-49-thread-1] INFO  ratis.ContainerStateMachine (ContainerStateMachine.java:loadSnapshot(226)) - group-C297590CC8A7: The snapshot info is null. Setting the last applied indexto:(t:0, i:~)
2019-08-29 11:31:22,701 [pool-49-thread-1] INFO  server.RaftServerConfigKeys (ConfUtils.java:logGet(43)) - raft.server.leader.election.timeout = 120s (custom)
2019-08-29 11:31:22,701 [pool-49-thread-1] INFO  server.RaftServerConfigKeys (ConfUtils.java:logGet(43)) - raft.server.log.use.memory = false (default)
2019-08-29 11:31:22,702 [pool-49-thread-1] INFO  server.RaftServerConfigKeys (ConfUtils.java:logGet(43)) - raft.server.log.purge.gap = 1000000 (custom)
2019-08-29 11:31:22,702 [pool-49-thread-1] INFO  server.RaftServerConfigKeys (ConfUtils.java:logGet(43)) - raft.server.log.appender.buffer.byte-limit = 33554432 (custom)
2019-08-29 11:31:22,702 [pool-49-thread-1] INFO  server.RaftServerConfigKeys (ConfUtils.java:logGet(43)) - raft.server.log.segment.size.max = 1048576 (custom)
2019-08-29 11:31:22,702 [pool-49-thread-1] INFO  server.RaftServerConfigKeys (ConfUtils.java:logGet(43)) - raft.server.log.segment.cache.num.max = 2 (custom)
2019-08-29 11:31:22,702 [pool-49-thread-1] INFO  segmented.SegmentedRaftLogWorker (SegmentedRaftLogWorker.java:<init>(172)) - new 4a086508-4c3b-4d76-b3f3-073e8bcfee64-SegmentedRaftLogWorker:Storage Directory /workdir/hadoop-ozone/integration-test/target/test-dir/MiniOzoneClusterImpl-4cec5eff-4947-4a55-927f-c543e94153ec/datanode-2/data/ratis/9c1b407b-0514-411d-919e-c297590cc8a7 for RaftStorage:Storage Directory /workdir/hadoop-ozone/integration-test/target/test-dir/MiniOzoneClusterImpl-4cec5eff-4947-4a55-927f-c543e94153ec/datanode-2/data/ratis/9c1b407b-0514-411d-919e-c297590cc8a7
2019-08-29 11:31:22,702 [pool-49-thread-1] INFO  server.RaftServerConfigKeys (ConfUtils.java:logGet(43)) - raft.server.log.queue.byte-limit = 2147483647 (custom)
2019-08-29 11:31:22,702 [pool-49-thread-1] INFO  server.RaftServerConfigKeys (ConfUtils.java:logGet(43)) - raft.server.log.queue.element-limit = 1024 (custom)
2019-08-29 11:31:22,703 [pool-49-thread-1] INFO  server.RaftServerConfigKeys (ConfUtils.java:logGet(43)) - raft.server.log.segment.size.max = 1048576 (custom)
2019-08-29 11:31:22,703 [pool-49-thread-1] INFO  server.RaftServerConfigKeys (ConfUtils.java:logGet(43)) - raft.server.log.preallocated.size = 16384 (custom)
2019-08-29 11:31:22,703 [pool-49-thread-1] INFO  server.RaftServerConfigKeys (ConfUtils.java:logGet(43)) - raft.server.log.write.buffer.size = 33554432 (custom)
2019-08-29 11:31:22,703 [pool-49-thread-1] INFO  server.RaftServerConfigKeys (ConfUtils.java:logGet(43)) - raft.server.log.force.sync.num = 128 (default)
2019-08-29 11:31:22,703 [pool-49-thread-1] INFO  server.RaftServerConfigKeys (ConfUtils.java:logGet(43)) - raft.server.log.statemachine.data.sync = true (default)
2019-08-29 11:31:22,703 [pool-49-thread-1] INFO  server.RaftServerConfigKeys (ConfUtils.java:logGet(43)) - raft.server.log.statemachine.data.sync.timeout = 10s (default)
2019-08-29 11:31:22,703 [pool-49-thread-1] INFO  server.RaftServerConfigKeys (ConfUtils.java:logGet(43)) - raft.server.log.statemachine.data.sync.timeout.retry = -1 (default)
2019-08-29 11:31:22,704 [pool-49-thread-1] INFO  server.RaftServerConfigKeys (ConfUtils.java:logGet(43)) - raft.server.log.statemachine.data.caching.enabled = true (custom)
2019-08-29 11:31:22,704 [pool-49-thread-1] INFO  segmented.SegmentedRaftLogWorker (SegmentedRaftLogWorker.java:lambda$new$0(132)) - 4a086508-4c3b-4d76-b3f3-073e8bcfee64-SegmentedRaftLogWorker:Storage Directory /workdir/hadoop-ozone/integration-test/target/test-dir/MiniOzoneClusterImpl-4cec5eff-4947-4a55-927f-c543e94153ec/datanode-2/data/ratis/9c1b407b-0514-411d-919e-c297590cc8a7: flushIndex: setUnconditionally 0 -> -1
2019-08-29 11:31:22,704 [pool-49-thread-1] INFO  server.RaftServerConfigKeys (ConfUtils.java:logGet(43)) - raft.server.snapshot.auto.trigger.enabled = true (custom)
2019-08-29 11:31:22,704 [pool-49-thread-1] INFO  server.RaftServerConfigKeys (ConfUtils.java:logGet(43)) - raft.server.snapshot.auto.trigger.threshold = 10000 (custom)
2019-08-29 11:31:22,704 [pool-49-thread-1] INFO  server.RaftServerConfigKeys (ConfUtils.java:logGet(43)) - raft.server.retrycache.expirytime = 600000ms (custom)
2019-08-29 11:31:22,705 [pool-49-thread-1] INFO  impl.RaftServerImpl (RaftServerImpl.java:start(180)) - 4a086508-4c3b-4d76-b3f3-073e8bcfee64: start group-C297590CC8A7
2019-08-29 11:31:22,705 [pool-49-thread-1] INFO  impl.RaftServerImpl (RaftServerImpl.java:setRole(171)) - 4a086508-4c3b-4d76-b3f3-073e8bcfee64:group-C297590CC8A7 changes role from null to FOLLOWER at term 0 for startAsFollower
2019-08-29 11:31:22,705 [pool-49-thread-1] INFO  impl.RoleInfo (RoleInfo.java:updateAndGet(143)) - 4a086508-4c3b-4d76-b3f3-073e8bcfee64: start FollowerState
2019-08-29 11:31:22,705 [pool-49-thread-1] INFO  util.JmxRegister (JmxRegister.java:tryRegister(44)) - Successfully registered JMX Bean with object name Ratis:service=RaftServer,group=group-C297590CC8A7,id=4a086508-4c3b-4d76-b3f3-073e8bcfee64
2019-08-29 11:31:22,721 [RatisPipelineUtilsThread] INFO  pipeline.PipelineStateManager (PipelineStateManager.java:addPipeline(56)) - Created pipeline Pipeline[ Id: 9c1b407b-0514-411d-919e-c297590cc8a7, Nodes: 4a086508-4c3b-4d76-b3f3-073e8bcfee64{ip: 192.168.5.166, host: pr-hdds-2030-qplxq-3692370286, networkLocation: /default-rack, certSerialId: null}, Type:RATIS, Factor:ONE, State:OPEN]
2019-08-29 11:31:22,748 [grpc-default-executor-2] INFO  impl.RaftServerProxy (RaftServerProxy.java:addNew(89)) - 3948bd19-9220-440d-91f9-f47c403594d9: addNew group-ACC73D870F8C:[c5b6e20d-bcff-49ea-8dae-ad65ffde277e:192.168.5.166:44152, 3948bd19-9220-440d-91f9-f47c403594d9:192.168.5.166:42416, 49e00add-b79b-4596-9305-1bdf7934a5c8:192.168.5.166:36944] returns group-ACC73D870F8C:java.util.concurrent.CompletableFuture@2470440c[Not completed]
2019-08-29 11:31:22,757 [grpc-default-executor-2] INFO  impl.RaftServerProxy (RaftServerProxy.java:addNew(89)) - c5b6e20d-bcff-49ea-8dae-ad65ffde277e: addNew group-ACC73D870F8C:[c5b6e20d-bcff-49ea-8dae-ad65ffde277e:192.168.5.166:44152, 3948bd19-9220-440d-91f9-f47c403594d9:192.168.5.166:42416, 49e00add-b79b-4596-9305-1bdf7934a5c8:192.168.5.166:36944] returns group-ACC73D870F8C:java.util.concurrent.CompletableFuture@e6efe7b[Not completed]
2019-08-29 11:31:22,757 [grpc-default-executor-1] INFO  impl.RaftServerProxy (RaftServerProxy.java:addNew(89)) - 49e00add-b79b-4596-9305-1bdf7934a5c8: addNew group-ACC73D870F8C:[c5b6e20d-bcff-49ea-8dae-ad65ffde277e:192.168.5.166:44152, 3948bd19-9220-440d-91f9-f47c403594d9:192.168.5.166:42416, 49e00add-b79b-4596-9305-1bdf7934a5c8:192.168.5.166:36944] returns group-ACC73D870F8C:java.util.concurrent.CompletableFuture@29198886[Not completed]
2019-08-29 11:31:22,759 [pool-82-thread-1] INFO  impl.RaftServerImpl (RaftServerImpl.java:<init>(93)) - 3948bd19-9220-440d-91f9-f47c403594d9: new RaftServerImpl for group-ACC73D870F8C:[c5b6e20d-bcff-49ea-8dae-ad65ffde277e:192.168.5.166:44152, 3948bd19-9220-440d-91f9-f47c403594d9:192.168.5.166:42416, 49e00add-b79b-4596-9305-1bdf7934a5c8:192.168.5.166:36944] with ContainerStateMachine:uninitialized
2019-08-29 11:31:22,760 [pool-82-thread-1] INFO  server.RaftServerConfigKeys (ConfUtils.java:logGet(43)) - raft.server.rpc.timeout.min = 5s (custom)
2019-08-29 11:31:22,760 [pool-82-thread-1] INFO  server.RaftServerConfigKeys (ConfUtils.java:logGet(43)) - raft.server.rpc.timeout.max = 5200ms (custom)
2019-08-29 11:31:22,760 [pool-82-thread-1] INFO  server.RaftServerConfigKeys (ConfUtils.java:logGet(43)) - raft.server.rpcslowness.timeout = 120s (custom)
2019-08-29 11:31:22,760 [pool-93-thread-1] INFO  impl.RaftServerImpl (RaftServerImpl.java:<init>(93)) - 49e00add-b79b-4596-9305-1bdf7934a5c8: new RaftServerImpl for group-ACC73D870F8C:[c5b6e20d-bcff-49ea-8dae-ad65ffde277e:192.168.5.166:44152, 3948bd19-9220-440d-91f9-f47c403594d9:192.168.5.166:42416, 49e00add-b79b-4596-9305-1bdf7934a5c8:192.168.5.166:36944] with ContainerStateMachine:uninitialized
2019-08-29 11:31:22,760 [pool-82-thread-1] INFO  server.RaftServerConfigKeys (ConfUtils.java:logGet(43)) - raft.server.sleep.deviation.threshold = 300 (default)
2019-08-29 11:31:22,760 [pool-93-thread-1] INFO  server.RaftServerConfigKeys (ConfUtils.java:logGet(43)) - raft.server.rpc.timeout.min = 5s (custom)
2019-08-29 11:31:22,760 [pool-82-thread-1] INFO  server.RaftServerConfigKeys (ConfUtils.java:logGet(43)) - raft.server.log.appender.install.snapshot.enabled = false (custom)
2019-08-29 11:31:22,760 [pool-93-thread-1] INFO  server.RaftServerConfigKeys (ConfUtils.java:logGet(43)) - raft.server.rpc.timeout.max = 5200ms (custom)
2019-08-29 11:31:22,761 [pool-82-thread-1] INFO  impl.RaftServerImpl (ServerState.java:<init>(105)) - 3948bd19-9220-440d-91f9-f47c403594d9:group-ACC73D870F8C ConfigurationManager, init=-1: [c5b6e20d-bcff-49ea-8dae-ad65ffde277e:192.168.5.166:44152, 3948bd19-9220-440d-91f9-f47c403594d9:192.168.5.166:42416, 49e00add-b79b-4596-9305-1bdf7934a5c8:192.168.5.166:36944], old=null, confs=<EMPTY_MAP>
2019-08-29 11:31:22,761 [pool-93-thread-1] INFO  server.RaftServerConfigKeys (ConfUtils.java:logGet(43)) - raft.server.rpcslowness.timeout = 120s (custom)
2019-08-29 11:31:22,761 [pool-93-thread-1] INFO  server.RaftServerConfigKeys (ConfUtils.java:logGet(43)) - raft.server.sleep.deviation.threshold = 300 (default)
2019-08-29 11:31:22,761 [pool-82-thread-1] INFO  server.RaftServerConfigKeys (ConfUtils.java:logGet(43)) - raft.server.storage.dir = [/workdir/hadoop-ozone/integration-test/target/test-dir/MiniOzoneClusterImpl-4cec5eff-4947-4a55-927f-c543e94153ec/datanode-5/data/ratis] (custom)
2019-08-29 11:31:22,761 [pool-93-thread-1] INFO  server.RaftServerConfigKeys (ConfUtils.java:logGet(43)) - raft.server.log.appender.install.snapshot.enabled = false (custom)
2019-08-29 11:31:22,761 [pool-93-thread-1] INFO  impl.RaftServerImpl (ServerState.java:<init>(105)) - 49e00add-b79b-4596-9305-1bdf7934a5c8:group-ACC73D870F8C ConfigurationManager, init=-1: [c5b6e20d-bcff-49ea-8dae-ad65ffde277e:192.168.5.166:44152, 3948bd19-9220-440d-91f9-f47c403594d9:192.168.5.166:42416, 49e00add-b79b-4596-9305-1bdf7934a5c8:192.168.5.166:36944], old=null, confs=<EMPTY_MAP>
2019-08-29 11:31:22,761 [pool-71-thread-1] INFO  impl.RaftServerImpl (RaftServerImpl.java:<init>(93)) - c5b6e20d-bcff-49ea-8dae-ad65ffde277e: new RaftServerImpl for group-ACC73D870F8C:[c5b6e20d-bcff-49ea-8dae-ad65ffde277e:192.168.5.166:44152, 3948bd19-9220-440d-91f9-f47c403594d9:192.168.5.166:42416, 49e00add-b79b-4596-9305-1bdf7934a5c8:192.168.5.166:36944] with ContainerStateMachine:uninitialized
2019-08-29 11:31:22,762 [pool-82-thread-1] INFO  storage.RaftStorageDirectory (RaftStorageDirectory.java:analyzeStorage(246)) - The storage directory /workdir/hadoop-ozone/integration-test/target/test-dir/MiniOzoneClusterImpl-4cec5eff-4947-4a55-927f-c543e94153ec/datanode-5/data/ratis/e696cc5c-b9f4-4e90-95c6-acc73d870f8c does not exist. Creating ...
2019-08-29 11:31:22,761 [pool-93-thread-1] INFO  server.RaftServerConfigKeys (ConfUtils.java:logGet(43)) - raft.server.storage.dir = [/workdir/hadoop-ozone/integration-test/target/test-dir/MiniOzoneClusterImpl-4cec5eff-4947-4a55-927f-c543e94153ec/datanode-6/data/ratis] (custom)
2019-08-29 11:31:22,762 [pool-71-thread-1] INFO  server.RaftServerConfigKeys (ConfUtils.java:logGet(43)) - raft.server.rpc.timeout.min = 5s (custom)
2019-08-29 11:31:22,762 [pool-93-thread-1] INFO  storage.RaftStorageDirectory (RaftStorageDirectory.java:analyzeStorage(246)) - The storage directory /workdir/hadoop-ozone/integration-test/target/test-dir/MiniOzoneClusterImpl-4cec5eff-4947-4a55-927f-c543e94153ec/datanode-6/data/ratis/e696cc5c-b9f4-4e90-95c6-acc73d870f8c does not exist. Creating ...
2019-08-29 11:31:22,762 [pool-71-thread-1] INFO  server.RaftServerConfigKeys (ConfUtils.java:logGet(43)) - raft.server.rpc.timeout.max = 5200ms (custom)
2019-08-29 11:31:22,762 [pool-71-thread-1] INFO  server.RaftServerConfigKeys (ConfUtils.java:logGet(43)) - raft.server.rpcslowness.timeout = 120s (custom)
2019-08-29 11:31:22,762 [pool-71-thread-1] INFO  server.RaftServerConfigKeys (ConfUtils.java:logGet(43)) - raft.server.sleep.deviation.threshold = 300 (default)
2019-08-29 11:31:22,763 [pool-71-thread-1] INFO  server.RaftServerConfigKeys (ConfUtils.java:logGet(43)) - raft.server.log.appender.install.snapshot.enabled = false (custom)
2019-08-29 11:31:22,763 [pool-71-thread-1] INFO  impl.RaftServerImpl (ServerState.java:<init>(105)) - c5b6e20d-bcff-49ea-8dae-ad65ffde277e:group-ACC73D870F8C ConfigurationManager, init=-1: [c5b6e20d-bcff-49ea-8dae-ad65ffde277e:192.168.5.166:44152, 3948bd19-9220-440d-91f9-f47c403594d9:192.168.5.166:42416, 49e00add-b79b-4596-9305-1bdf7934a5c8:192.168.5.166:36944], old=null, confs=<EMPTY_MAP>
2019-08-29 11:31:22,763 [pool-71-thread-1] INFO  server.RaftServerConfigKeys (ConfUtils.java:logGet(43)) - raft.server.storage.dir = [/workdir/hadoop-ozone/integration-test/target/test-dir/MiniOzoneClusterImpl-4cec5eff-4947-4a55-927f-c543e94153ec/datanode-4/data/ratis] (custom)
2019-08-29 11:31:22,763 [pool-71-thread-1] INFO  storage.RaftStorageDirectory (RaftStorageDirectory.java:analyzeStorage(246)) - The storage directory /workdir/hadoop-ozone/integration-test/target/test-dir/MiniOzoneClusterImpl-4cec5eff-4947-4a55-927f-c543e94153ec/datanode-4/data/ratis/e696cc5c-b9f4-4e90-95c6-acc73d870f8c does not exist. Creating ...
2019-08-29 11:31:22,767 | INFO  | SCMAudit | user=jenkins1000 | ip=192.168.5.166 | op=SEND_HEARTBEAT {datanodeUUID=bc10beaa-b051-4e0a-9a79-ede145ae6c9d, command=[]} | ret=SUCCESS |  
2019-08-29 11:31:22,786 [pool-93-thread-1] INFO  storage.RaftStorageDirectory (RaftStorageDirectory.java:tryLock(328)) - Lock on /workdir/hadoop-ozone/integration-test/target/test-dir/MiniOzoneClusterImpl-4cec5eff-4947-4a55-927f-c543e94153ec/datanode-6/data/ratis/e696cc5c-b9f4-4e90-95c6-acc73d870f8c/in_use.lock acquired by nodename 29018@pr-hdds-2030-qplxq-3692370286
2019-08-29 11:31:22,786 [pool-71-thread-1] INFO  storage.RaftStorageDirectory (RaftStorageDirectory.java:tryLock(328)) - Lock on /workdir/hadoop-ozone/integration-test/target/test-dir/MiniOzoneClusterImpl-4cec5eff-4947-4a55-927f-c543e94153ec/datanode-4/data/ratis/e696cc5c-b9f4-4e90-95c6-acc73d870f8c/in_use.lock acquired by nodename 29018@pr-hdds-2030-qplxq-3692370286
2019-08-29 11:31:22,786 [pool-82-thread-1] INFO  storage.RaftStorageDirectory (RaftStorageDirectory.java:tryLock(328)) - Lock on /workdir/hadoop-ozone/integration-test/target/test-dir/MiniOzoneClusterImpl-4cec5eff-4947-4a55-927f-c543e94153ec/datanode-5/data/ratis/e696cc5c-b9f4-4e90-95c6-acc73d870f8c/in_use.lock acquired by nodename 29018@pr-hdds-2030-qplxq-3692370286
2019-08-29 11:31:22,806 [pool-93-thread-1] INFO  storage.RaftStorage (RaftStorage.java:format(72)) - Storage directory /workdir/hadoop-ozone/integration-test/target/test-dir/MiniOzoneClusterImpl-4cec5eff-4947-4a55-927f-c543e94153ec/datanode-6/data/ratis/e696cc5c-b9f4-4e90-95c6-acc73d870f8c has been successfully formatted.
2019-08-29 11:31:22,806 [pool-71-thread-1] INFO  storage.RaftStorage (RaftStorage.java:format(72)) - Storage directory /workdir/hadoop-ozone/integration-test/target/test-dir/MiniOzoneClusterImpl-4cec5eff-4947-4a55-927f-c543e94153ec/datanode-4/data/ratis/e696cc5c-b9f4-4e90-95c6-acc73d870f8c has been successfully formatted.
2019-08-29 11:31:22,806 [pool-93-thread-1] INFO  ratis.ContainerStateMachine (ContainerStateMachine.java:loadSnapshot(226)) - group-ACC73D870F8C: The snapshot info is null. Setting the last applied indexto:(t:0, i:~)
2019-08-29 11:31:22,806 [pool-82-thread-1] INFO  storage.RaftStorage (RaftStorage.java:format(72)) - Storage directory /workdir/hadoop-ozone/integration-test/target/test-dir/MiniOzoneClusterImpl-4cec5eff-4947-4a55-927f-c543e94153ec/datanode-5/data/ratis/e696cc5c-b9f4-4e90-95c6-acc73d870f8c has been successfully formatted.
2019-08-29 11:31:22,806 [pool-71-thread-1] INFO  ratis.ContainerStateMachine (ContainerStateMachine.java:loadSnapshot(226)) - group-ACC73D870F8C: The snapshot info is null. Setting the last applied indexto:(t:0, i:~)
2019-08-29 11:31:22,806 [pool-82-thread-1] INFO  ratis.ContainerStateMachine (ContainerStateMachine.java:loadSnapshot(226)) - group-ACC73D870F8C: The snapshot info is null. Setting the last applied indexto:(t:0, i:~)
2019-08-29 11:31:22,806 [pool-93-thread-1] INFO  server.RaftServerConfigKeys (ConfUtils.java:logGet(43)) - raft.server.leader.election.timeout = 120s (custom)
2019-08-29 11:31:22,807 [pool-82-thread-1] INFO  server.RaftServerConfigKeys (ConfUtils.java:logGet(43)) - raft.server.leader.election.timeout = 120s (custom)
2019-08-29 11:31:22,806 [pool-71-thread-1] INFO  server.RaftServerConfigKeys (ConfUtils.java:logGet(43)) - raft.server.leader.election.timeout = 120s (custom)
2019-08-29 11:31:22,807 [pool-82-thread-1] INFO  server.RaftServerConfigKeys (ConfUtils.java:logGet(43)) - raft.server.log.use.memory = false (default)
2019-08-29 11:31:22,807 [pool-93-thread-1] INFO  server.RaftServerConfigKeys (ConfUtils.java:logGet(43)) - raft.server.log.use.memory = false (default)
2019-08-29 11:31:22,807 [pool-82-thread-1] INFO  server.RaftServerConfigKeys (ConfUtils.java:logGet(43)) - raft.server.log.purge.gap = 1000000 (custom)
2019-08-29 11:31:22,807 [pool-71-thread-1] INFO  server.RaftServerConfigKeys (ConfUtils.java:logGet(43)) - raft.server.log.use.memory = false (default)
2019-08-29 11:31:22,807 [pool-82-thread-1] INFO  server.RaftServerConfigKeys (ConfUtils.java:logGet(43)) - raft.server.log.appender.buffer.byte-limit = 33554432 (custom)
2019-08-29 11:31:22,807 [pool-93-thread-1] INFO  server.RaftServerConfigKeys (ConfUtils.java:logGet(43)) - raft.server.log.purge.gap = 1000000 (custom)
2019-08-29 11:31:22,808 [pool-82-thread-1] INFO  server.RaftServerConfigKeys (ConfUtils.java:logGet(43)) - raft.server.log.segment.size.max = 1048576 (custom)
2019-08-29 11:31:22,808 [pool-71-thread-1] INFO  server.RaftServerConfigKeys (ConfUtils.java:logGet(43)) - raft.server.log.purge.gap = 1000000 (custom)
2019-08-29 11:31:22,808 [pool-82-thread-1] INFO  server.RaftServerConfigKeys (ConfUtils.java:logGet(43)) - raft.server.log.segment.cache.num.max = 2 (custom)
2019-08-29 11:31:22,808 [pool-93-thread-1] INFO  server.RaftServerConfigKeys (ConfUtils.java:logGet(43)) - raft.server.log.appender.buffer.byte-limit = 33554432 (custom)
2019-08-29 11:31:22,808 [pool-82-thread-1] INFO  segmented.SegmentedRaftLogWorker (SegmentedRaftLogWorker.java:<init>(172)) - new 3948bd19-9220-440d-91f9-f47c403594d9-SegmentedRaftLogWorker:Storage Directory /workdir/hadoop-ozone/integration-test/target/test-dir/MiniOzoneClusterImpl-4cec5eff-4947-4a55-927f-c543e94153ec/datanode-5/data/ratis/e696cc5c-b9f4-4e90-95c6-acc73d870f8c for RaftStorage:Storage Directory /workdir/hadoop-ozone/integration-test/target/test-dir/MiniOzoneClusterImpl-4cec5eff-4947-4a55-927f-c543e94153ec/datanode-5/data/ratis/e696cc5c-b9f4-4e90-95c6-acc73d870f8c
2019-08-29 11:31:22,808 [pool-71-thread-1] INFO  server.RaftServerConfigKeys (ConfUtils.java:logGet(43)) - raft.server.log.appender.buffer.byte-limit = 33554432 (custom)
2019-08-29 11:31:22,808 [pool-82-thread-1] INFO  server.RaftServerConfigKeys (ConfUtils.java:logGet(43)) - raft.server.log.queue.byte-limit = 2147483647 (custom)
2019-08-29 11:31:22,808 [pool-93-thread-1] INFO  server.RaftServerConfigKeys (ConfUtils.java:logGet(43)) - raft.server.log.segment.size.max = 1048576 (custom)
2019-08-29 11:31:22,811 [pool-82-thread-1] INFO  server.RaftServerConfigKeys (ConfUtils.java:logGet(43)) - raft.server.log.queue.element-limit = 1024 (custom)
2019-08-29 11:31:22,811 [pool-71-thread-1] INFO  server.RaftServerConfigKeys (ConfUtils.java:logGet(43)) - raft.server.log.segment.size.max = 1048576 (custom)
2019-08-29 11:31:22,812 [pool-82-thread-1] INFO  server.RaftServerConfigKeys (ConfUtils.java:logGet(43)) - raft.server.log.segment.size.max = 1048576 (custom)
2019-08-29 11:31:22,812 [pool-93-thread-1] INFO  server.RaftServerConfigKeys (ConfUtils.java:logGet(43)) - raft.server.log.segment.cache.num.max = 2 (custom)
2019-08-29 11:31:22,812 [pool-82-thread-1] INFO  server.RaftServerConfigKeys (ConfUtils.java:logGet(43)) - raft.server.log.preallocated.size = 16384 (custom)
2019-08-29 11:31:22,812 [pool-71-thread-1] INFO  server.RaftServerConfigKeys (ConfUtils.java:logGet(43)) - raft.server.log.segment.cache.num.max = 2 (custom)
2019-08-29 11:31:22,812 [pool-82-thread-1] INFO  server.RaftServerConfigKeys (ConfUtils.java:logGet(43)) - raft.server.log.write.buffer.size = 33554432 (custom)
2019-08-29 11:31:22,812 [pool-93-thread-1] INFO  segmented.SegmentedRaftLogWorker (SegmentedRaftLogWorker.java:<init>(172)) - new 49e00add-b79b-4596-9305-1bdf7934a5c8-SegmentedRaftLogWorker:Storage Directory /workdir/hadoop-ozone/integration-test/target/test-dir/MiniOzoneClusterImpl-4cec5eff-4947-4a55-927f-c543e94153ec/datanode-6/data/ratis/e696cc5c-b9f4-4e90-95c6-acc73d870f8c for RaftStorage:Storage Directory /workdir/hadoop-ozone/integration-test/target/test-dir/MiniOzoneClusterImpl-4cec5eff-4947-4a55-927f-c543e94153ec/datanode-6/data/ratis/e696cc5c-b9f4-4e90-95c6-acc73d870f8c
2019-08-29 11:31:22,813 [pool-82-thread-1] INFO  server.RaftServerConfigKeys (ConfUtils.java:logGet(43)) - raft.server.log.force.sync.num = 128 (default)
2019-08-29 11:31:22,812 [pool-71-thread-1] INFO  segmented.SegmentedRaftLogWorker (SegmentedRaftLogWorker.java:<init>(172)) - new c5b6e20d-bcff-49ea-8dae-ad65ffde277e-SegmentedRaftLogWorker:Storage Directory /workdir/hadoop-ozone/integration-test/target/test-dir/MiniOzoneClusterImpl-4cec5eff-4947-4a55-927f-c543e94153ec/datanode-4/data/ratis/e696cc5c-b9f4-4e90-95c6-acc73d870f8c for RaftStorage:Storage Directory /workdir/hadoop-ozone/integration-test/target/test-dir/MiniOzoneClusterImpl-4cec5eff-4947-4a55-927f-c543e94153ec/datanode-4/data/ratis/e696cc5c-b9f4-4e90-95c6-acc73d870f8c
2019-08-29 11:31:22,813 [pool-82-thread-1] INFO  server.RaftServerConfigKeys (ConfUtils.java:logGet(43)) - raft.server.log.statemachine.data.sync = true (default)
2019-08-29 11:31:22,813 [pool-93-thread-1] INFO  server.RaftServerConfigKeys (ConfUtils.java:logGet(43)) - raft.server.log.queue.byte-limit = 2147483647 (custom)
2019-08-29 11:31:22,818 [pool-82-thread-1] INFO  server.RaftServerConfigKeys (ConfUtils.java:logGet(43)) - raft.server.log.statemachine.data.sync.timeout = 10s (default)
2019-08-29 11:31:22,816 [pool-71-thread-1] INFO  server.RaftServerConfigKeys (ConfUtils.java:logGet(43)) - raft.server.log.queue.byte-limit = 2147483647 (custom)
2019-08-29 11:31:22,819 [pool-82-thread-1] INFO  server.RaftServerConfigKeys (ConfUtils.java:logGet(43)) - raft.server.log.statemachine.data.sync.timeout.retry = -1 (default)
2019-08-29 11:31:22,818 [pool-93-thread-1] INFO  server.RaftServerConfigKeys (ConfUtils.java:logGet(43)) - raft.server.log.queue.element-limit = 1024 (custom)
2019-08-29 11:31:22,819 [pool-82-thread-1] INFO  server.RaftServerConfigKeys (ConfUtils.java:logGet(43)) - raft.server.log.statemachine.data.caching.enabled = true (custom)
2019-08-29 11:31:22,819 [pool-71-thread-1] INFO  server.RaftServerConfigKeys (ConfUtils.java:logGet(43)) - raft.server.log.queue.element-limit = 1024 (custom)
2019-08-29 11:31:22,819 [pool-93-thread-1] INFO  server.RaftServerConfigKeys (ConfUtils.java:logGet(43)) - raft.server.log.segment.size.max = 1048576 (custom)
2019-08-29 11:31:22,819 [pool-71-thread-1] INFO  server.RaftServerConfigKeys (ConfUtils.java:logGet(43)) - raft.server.log.segment.size.max = 1048576 (custom)
2019-08-29 11:31:22,819 [pool-82-thread-1] INFO  segmented.SegmentedRaftLogWorker (SegmentedRaftLogWorker.java:lambda$new$0(132)) - 3948bd19-9220-440d-91f9-f47c403594d9-SegmentedRaftLogWorker:Storage Directory /workdir/hadoop-ozone/integration-test/target/test-dir/MiniOzoneClusterImpl-4cec5eff-4947-4a55-927f-c543e94153ec/datanode-5/data/ratis/e696cc5c-b9f4-4e90-95c6-acc73d870f8c: flushIndex: setUnconditionally 0 -> -1
2019-08-29 11:31:22,820 [pool-71-thread-1] INFO  server.RaftServerConfigKeys (ConfUtils.java:logGet(43)) - raft.server.log.preallocated.size = 16384 (custom)
2019-08-29 11:31:22,820 [pool-93-thread-1] INFO  server.RaftServerConfigKeys (ConfUtils.java:logGet(43)) - raft.server.log.preallocated.size = 16384 (custom)
2019-08-29 11:31:22,820 [pool-71-thread-1] INFO  server.RaftServerConfigKeys (ConfUtils.java:logGet(43)) - raft.server.log.write.buffer.size = 33554432 (custom)
2019-08-29 11:31:22,820 [pool-82-thread-1] INFO  server.RaftServerConfigKeys (ConfUtils.java:logGet(43)) - raft.server.snapshot.auto.trigger.enabled = true (custom)
2019-08-29 11:31:22,820 [pool-71-thread-1] INFO  server.RaftServerConfigKeys (ConfUtils.java:logGet(43)) - raft.server.log.force.sync.num = 128 (default)
2019-08-29 11:31:22,820 [pool-93-thread-1] INFO  server.RaftServerConfigKeys (ConfUtils.java:logGet(43)) - raft.server.log.write.buffer.size = 33554432 (custom)
2019-08-29 11:31:22,821 [pool-71-thread-1] INFO  server.RaftServerConfigKeys (ConfUtils.java:logGet(43)) - raft.server.log.statemachine.data.sync = true (default)
2019-08-29 11:31:22,820 [pool-82-thread-1] INFO  server.RaftServerConfigKeys (ConfUtils.java:logGet(43)) - raft.server.snapshot.auto.trigger.threshold = 10000 (custom)
2019-08-29 11:31:22,821 [pool-71-thread-1] INFO  server.RaftServerConfigKeys (ConfUtils.java:logGet(43)) - raft.server.log.statemachine.data.sync.timeout = 10s (default)
2019-08-29 11:31:22,821 [pool-93-thread-1] INFO  server.RaftServerConfigKeys (ConfUtils.java:logGet(43)) - raft.server.log.force.sync.num = 128 (default)
2019-08-29 11:31:22,821 [pool-71-thread-1] INFO  server.RaftServerConfigKeys (ConfUtils.java:logGet(43)) - raft.server.log.statemachine.data.sync.timeout.retry = -1 (default)
2019-08-29 11:31:22,821 [pool-82-thread-1] INFO  server.RaftServerConfigKeys (ConfUtils.java:logGet(43)) - raft.server.retrycache.expirytime = 600000ms (custom)
2019-08-29 11:31:22,822 [pool-71-thread-1] INFO  server.RaftServerConfigKeys (ConfUtils.java:logGet(43)) - raft.server.log.statemachine.data.caching.enabled = true (custom)
2019-08-29 11:31:22,822 [pool-82-thread-1] INFO  impl.RaftServerImpl (RaftServerImpl.java:start(180)) - 3948bd19-9220-440d-91f9-f47c403594d9: start group-ACC73D870F8C
2019-08-29 11:31:22,821 [pool-93-thread-1] INFO  server.RaftServerConfigKeys (ConfUtils.java:logGet(43)) - raft.server.log.statemachine.data.sync = true (default)
2019-08-29 11:31:22,822 [pool-71-thread-1] INFO  segmented.SegmentedRaftLogWorker (SegmentedRaftLogWorker.java:lambda$new$0(132)) - c5b6e20d-bcff-49ea-8dae-ad65ffde277e-SegmentedRaftLogWorker:Storage Directory /workdir/hadoop-ozone/integration-test/target/test-dir/MiniOzoneClusterImpl-4cec5eff-4947-4a55-927f-c543e94153ec/datanode-4/data/ratis/e696cc5c-b9f4-4e90-95c6-acc73d870f8c: flushIndex: setUnconditionally 0 -> -1
2019-08-29 11:31:22,822 [pool-82-thread-1] INFO  impl.RaftServerImpl (RaftServerImpl.java:setRole(171)) - 3948bd19-9220-440d-91f9-f47c403594d9:group-ACC73D870F8C changes role from null to FOLLOWER at term 0 for startAsFollower
2019-08-29 11:31:22,822 [pool-93-thread-1] INFO  server.RaftServerConfigKeys (ConfUtils.java:logGet(43)) - raft.server.log.statemachine.data.sync.timeout = 10s (default)
2019-08-29 11:31:22,822 [pool-71-thread-1] INFO  server.RaftServerConfigKeys (ConfUtils.java:logGet(43)) - raft.server.snapshot.auto.trigger.enabled = true (custom)
2019-08-29 11:31:22,822 [pool-82-thread-1] INFO  impl.RoleInfo (RoleInfo.java:updateAndGet(143)) - 3948bd19-9220-440d-91f9-f47c403594d9: start FollowerState
2019-08-29 11:31:22,823 [pool-71-thread-1] INFO  server.RaftServerConfigKeys (ConfUtils.java:logGet(43)) - raft.server.snapshot.auto.trigger.threshold = 10000 (custom)
2019-08-29 11:31:22,822 [pool-93-thread-1] INFO  server.RaftServerConfigKeys (ConfUtils.java:logGet(43)) - raft.server.log.statemachine.data.sync.timeout.retry = -1 (default)
2019-08-29 11:31:22,823 [pool-71-thread-1] INFO  server.RaftServerConfigKeys (ConfUtils.java:logGet(43)) - raft.server.retrycache.expirytime = 600000ms (custom)
2019-08-29 11:31:22,823 [pool-93-thread-1] INFO  server.RaftServerConfigKeys (ConfUtils.java:logGet(43)) - raft.server.log.statemachine.data.caching.enabled = true (custom)
2019-08-29 11:31:22,823 [pool-82-thread-1] INFO  util.JmxRegister (JmxRegister.java:tryRegister(44)) - Successfully registered JMX Bean with object name Ratis:service=RaftServer,group=group-ACC73D870F8C,id=3948bd19-9220-440d-91f9-f47c403594d9
2019-08-29 11:31:22,823 [pool-71-thread-1] INFO  impl.RaftServerImpl (RaftServerImpl.java:start(180)) - c5b6e20d-bcff-49ea-8dae-ad65ffde277e: start group-ACC73D870F8C
2019-08-29 11:31:22,823 [pool-93-thread-1] INFO  segmented.SegmentedRaftLogWorker (SegmentedRaftLogWorker.java:lambda$new$0(132)) - 49e00add-b79b-4596-9305-1bdf7934a5c8-SegmentedRaftLogWorker:Storage Directory /workdir/hadoop-ozone/integration-test/target/test-dir/MiniOzoneClusterImpl-4cec5eff-4947-4a55-927f-c543e94153ec/datanode-6/data/ratis/e696cc5c-b9f4-4e90-95c6-acc73d870f8c: flushIndex: setUnconditionally 0 -> -1
2019-08-29 11:31:22,823 [pool-71-thread-1] INFO  impl.RaftServerImpl (RaftServerImpl.java:setRole(171)) - c5b6e20d-bcff-49ea-8dae-ad65ffde277e:group-ACC73D870F8C changes role from null to FOLLOWER at term 0 for startAsFollower
2019-08-29 11:31:22,824 [pool-93-thread-1] INFO  server.RaftServerConfigKeys (ConfUtils.java:logGet(43)) - raft.server.snapshot.auto.trigger.enabled = true (custom)
2019-08-29 11:31:22,824 [pool-71-thread-1] INFO  impl.RoleInfo (RoleInfo.java:updateAndGet(143)) - c5b6e20d-bcff-49ea-8dae-ad65ffde277e: start FollowerState
2019-08-29 11:31:22,824 [pool-93-thread-1] INFO  server.RaftServerConfigKeys (ConfUtils.java:logGet(43)) - raft.server.snapshot.auto.trigger.threshold = 10000 (custom)
2019-08-29 11:31:22,824 [pool-93-thread-1] INFO  server.RaftServerConfigKeys (ConfUtils.java:logGet(43)) - raft.server.retrycache.expirytime = 600000ms (custom)
2019-08-29 11:31:22,824 [pool-71-thread-1] INFO  util.JmxRegister (JmxRegister.java:tryRegister(44)) - Successfully registered JMX Bean with object name Ratis:service=RaftServer,group=group-ACC73D870F8C,id=c5b6e20d-bcff-49ea-8dae-ad65ffde277e
2019-08-29 11:31:22,824 [pool-93-thread-1] INFO  impl.RaftServerImpl (RaftServerImpl.java:start(180)) - 49e00add-b79b-4596-9305-1bdf7934a5c8: start group-ACC73D870F8C
2019-08-29 11:31:22,825 [pool-93-thread-1] INFO  impl.RaftServerImpl (RaftServerImpl.java:setRole(171)) - 49e00add-b79b-4596-9305-1bdf7934a5c8:group-ACC73D870F8C changes role from null to FOLLOWER at term 0 for startAsFollower
2019-08-29 11:31:22,825 [pool-93-thread-1] INFO  impl.RoleInfo (RoleInfo.java:updateAndGet(143)) - 49e00add-b79b-4596-9305-1bdf7934a5c8: start FollowerState
2019-08-29 11:31:22,825 [pool-93-thread-1] INFO  util.JmxRegister (JmxRegister.java:tryRegister(44)) - Successfully registered JMX Bean with object name Ratis:service=RaftServer,group=group-ACC73D870F8C,id=49e00add-b79b-4596-9305-1bdf7934a5c8
2019-08-29 11:31:22,848 [RatisPipelineUtilsThread] INFO  pipeline.PipelineStateManager (PipelineStateManager.java:addPipeline(56)) - Created pipeline Pipeline[ Id: e696cc5c-b9f4-4e90-95c6-acc73d870f8c, Nodes: c5b6e20d-bcff-49ea-8dae-ad65ffde277e{ip: 192.168.5.166, host: pr-hdds-2030-qplxq-3692370286, networkLocation: /default-rack, certSerialId: null}3948bd19-9220-440d-91f9-f47c403594d9{ip: 192.168.5.166, host: pr-hdds-2030-qplxq-3692370286, networkLocation: /default-rack, certSerialId: null}49e00add-b79b-4596-9305-1bdf7934a5c8{ip: 192.168.5.166, host: pr-hdds-2030-qplxq-3692370286, networkLocation: /default-rack, certSerialId: null}, Type:RATIS, Factor:THREE, State:OPEN]
2019-08-29 11:31:22,888 [grpc-default-executor-1] INFO  impl.RaftServerProxy (RaftServerProxy.java:addNew(89)) - bc10beaa-b051-4e0a-9a79-ede145ae6c9d: addNew group-B389B6013009:[687fa99e-0a29-471b-8d5d-2536fcd66185:192.168.5.166:42900, a068682e-110e-41da-8a67-801fcdf01cfd:192.168.5.166:45244, bc10beaa-b051-4e0a-9a79-ede145ae6c9d:192.168.5.166:34425] returns group-B389B6013009:java.util.concurrent.CompletableFuture@682482bd[Not completed]
2019-08-29 11:31:22,888 [grpc-default-executor-0] INFO  impl.RaftServerProxy (RaftServerProxy.java:addNew(89)) - a068682e-110e-41da-8a67-801fcdf01cfd: addNew group-B389B6013009:[687fa99e-0a29-471b-8d5d-2536fcd66185:192.168.5.166:42900, a068682e-110e-41da-8a67-801fcdf01cfd:192.168.5.166:45244, bc10beaa-b051-4e0a-9a79-ede145ae6c9d:192.168.5.166:34425] returns group-B389B6013009:java.util.concurrent.CompletableFuture@6f4c1a9a[Not completed]
2019-08-29 11:31:22,889 [grpc-default-executor-2] INFO  impl.RaftServerProxy (RaftServerProxy.java:addNew(89)) - 687fa99e-0a29-471b-8d5d-2536fcd66185: addNew group-B389B6013009:[687fa99e-0a29-471b-8d5d-2536fcd66185:192.168.5.166:42900, a068682e-110e-41da-8a67-801fcdf01cfd:192.168.5.166:45244, bc10beaa-b051-4e0a-9a79-ede145ae6c9d:192.168.5.166:34425] returns group-B389B6013009:java.util.concurrent.CompletableFuture@76afc464[Not completed]
2019-08-29 11:31:22,892 [pool-27-thread-1] INFO  impl.RaftServerImpl (RaftServerImpl.java:<init>(93)) - bc10beaa-b051-4e0a-9a79-ede145ae6c9d: new RaftServerImpl for group-B389B6013009:[687fa99e-0a29-471b-8d5d-2536fcd66185:192.168.5.166:42900, a068682e-110e-41da-8a67-801fcdf01cfd:192.168.5.166:45244, bc10beaa-b051-4e0a-9a79-ede145ae6c9d:192.168.5.166:34425] with ContainerStateMachine:uninitialized
2019-08-29 11:31:22,892 [pool-27-thread-1] INFO  server.RaftServerConfigKeys (ConfUtils.java:logGet(43)) - raft.server.rpc.timeout.min = 5s (custom)
2019-08-29 11:31:22,892 [pool-27-thread-1] INFO  server.RaftServerConfigKeys (ConfUtils.java:logGet(43)) - raft.server.rpc.timeout.max = 5200ms (custom)
2019-08-29 11:31:22,893 [pool-27-thread-1] INFO  server.RaftServerConfigKeys (ConfUtils.java:logGet(43)) - raft.server.rpcslowness.timeout = 120s (custom)
2019-08-29 11:31:22,893 [pool-27-thread-1] INFO  server.RaftServerConfigKeys (ConfUtils.java:logGet(43)) - raft.server.sleep.deviation.threshold = 300 (default)
2019-08-29 11:31:22,893 [pool-27-thread-1] INFO  server.RaftServerConfigKeys (ConfUtils.java:logGet(43)) - raft.server.log.appender.install.snapshot.enabled = false (custom)
2019-08-29 11:31:22,893 [pool-27-thread-1] INFO  impl.RaftServerImpl (ServerState.java:<init>(105)) - bc10beaa-b051-4e0a-9a79-ede145ae6c9d:group-B389B6013009 ConfigurationManager, init=-1: [687fa99e-0a29-471b-8d5d-2536fcd66185:192.168.5.166:42900, a068682e-110e-41da-8a67-801fcdf01cfd:192.168.5.166:45244, bc10beaa-b051-4e0a-9a79-ede145ae6c9d:192.168.5.166:34425], old=null, confs=<EMPTY_MAP>
2019-08-29 11:31:22,893 [pool-60-thread-1] INFO  impl.RaftServerImpl (RaftServerImpl.java:<init>(93)) - 687fa99e-0a29-471b-8d5d-2536fcd66185: new RaftServerImpl for group-B389B6013009:[687fa99e-0a29-471b-8d5d-2536fcd66185:192.168.5.166:42900, a068682e-110e-41da-8a67-801fcdf01cfd:192.168.5.166:45244, bc10beaa-b051-4e0a-9a79-ede145ae6c9d:192.168.5.166:34425] with ContainerStateMachine:uninitialized
2019-08-29 11:31:22,893 [pool-27-thread-1] INFO  server.RaftServerConfigKeys (ConfUtils.java:logGet(43)) - raft.server.storage.dir = [/workdir/hadoop-ozone/integration-test/target/test-dir/MiniOzoneClusterImpl-4cec5eff-4947-4a55-927f-c543e94153ec/datanode-0/data/ratis] (custom)
2019-08-29 11:31:22,894 [pool-60-thread-1] INFO  server.RaftServerConfigKeys (ConfUtils.java:logGet(43)) - raft.server.rpc.timeout.min = 5s (custom)
2019-08-29 11:31:22,894 [pool-60-thread-1] INFO  server.RaftServerConfigKeys (ConfUtils.java:logGet(43)) - raft.server.rpc.timeout.max = 5200ms (custom)
2019-08-29 11:31:22,894 [pool-27-thread-1] INFO  storage.RaftStorageDirectory (RaftStorageDirectory.java:analyzeStorage(246)) - The storage directory /workdir/hadoop-ozone/integration-test/target/test-dir/MiniOzoneClusterImpl-4cec5eff-4947-4a55-927f-c543e94153ec/datanode-0/data/ratis/13008043-b313-4d2b-b5a8-b389b6013009 does not exist. Creating ...
2019-08-29 11:31:22,894 [pool-60-thread-1] INFO  server.RaftServerConfigKeys (ConfUtils.java:logGet(43)) - raft.server.rpcslowness.timeout = 120s (custom)
2019-08-29 11:31:22,894 [pool-38-thread-1] INFO  impl.RaftServerImpl (RaftServerImpl.java:<init>(93)) - a068682e-110e-41da-8a67-801fcdf01cfd: new RaftServerImpl for group-B389B6013009:[687fa99e-0a29-471b-8d5d-2536fcd66185:192.168.5.166:42900, a068682e-110e-41da-8a67-801fcdf01cfd:192.168.5.166:45244, bc10beaa-b051-4e0a-9a79-ede145ae6c9d:192.168.5.166:34425] with ContainerStateMachine:uninitialized
2019-08-29 11:31:22,894 [pool-60-thread-1] INFO  server.RaftServerConfigKeys (ConfUtils.java:logGet(43)) - raft.server.sleep.deviation.threshold = 300 (default)
2019-08-29 11:31:22,895 [pool-38-thread-1] INFO  server.RaftServerConfigKeys (ConfUtils.java:logGet(43)) - raft.server.rpc.timeout.min = 5s (custom)
2019-08-29 11:31:22,895 [pool-60-thread-1] INFO  server.RaftServerConfigKeys (ConfUtils.java:logGet(43)) - raft.server.log.appender.install.snapshot.enabled = false (custom)
2019-08-29 11:31:22,895 [pool-38-thread-1] INFO  server.RaftServerConfigKeys (ConfUtils.java:logGet(43)) - raft.server.rpc.timeout.max = 5200ms (custom)
2019-08-29 11:31:22,895 [pool-60-thread-1] INFO  impl.RaftServerImpl (ServerState.java:<init>(105)) - 687fa99e-0a29-471b-8d5d-2536fcd66185:group-B389B6013009 ConfigurationManager, init=-1: [687fa99e-0a29-471b-8d5d-2536fcd66185:192.168.5.166:42900, a068682e-110e-41da-8a67-801fcdf01cfd:192.168.5.166:45244, bc10beaa-b051-4e0a-9a79-ede145ae6c9d:192.168.5.166:34425], old=null, confs=<EMPTY_MAP>
2019-08-29 11:31:22,895 [pool-38-thread-1] INFO  server.RaftServerConfigKeys (ConfUtils.java:logGet(43)) - raft.server.rpcslowness.timeout = 120s (custom)
2019-08-29 11:31:22,895 [pool-60-thread-1] INFO  server.RaftServerConfigKeys (ConfUtils.java:logGet(43)) - raft.server.storage.dir = [/workdir/hadoop-ozone/integration-test/target/test-dir/MiniOzoneClusterImpl-4cec5eff-4947-4a55-927f-c543e94153ec/datanode-3/data/ratis] (custom)
2019-08-29 11:31:22,896 [pool-38-thread-1] INFO  server.RaftServerConfigKeys (ConfUtils.java:logGet(43)) - raft.server.sleep.deviation.threshold = 300 (default)
2019-08-29 11:31:22,896 [pool-38-thread-1] INFO  server.RaftServerConfigKeys (ConfUtils.java:logGet(43)) - raft.server.log.appender.install.snapshot.enabled = false (custom)
2019-08-29 11:31:22,896 [pool-38-thread-1] INFO  impl.RaftServerImpl (ServerState.java:<init>(105)) - a068682e-110e-41da-8a67-801fcdf01cfd:group-B389B6013009 ConfigurationManager, init=-1: [687fa99e-0a29-471b-8d5d-2536fcd66185:192.168.5.166:42900, a068682e-110e-41da-8a67-801fcdf01cfd:192.168.5.166:45244, bc10beaa-b051-4e0a-9a79-ede145ae6c9d:192.168.5.166:34425], old=null, confs=<EMPTY_MAP>
2019-08-29 11:31:22,896 [pool-60-thread-1] INFO  storage.RaftStorageDirectory (RaftStorageDirectory.java:analyzeStorage(246)) - The storage directory /workdir/hadoop-ozone/integration-test/target/test-dir/MiniOzoneClusterImpl-4cec5eff-4947-4a55-927f-c543e94153ec/datanode-3/data/ratis/13008043-b313-4d2b-b5a8-b389b6013009 does not exist. Creating ...
2019-08-29 11:31:22,896 [pool-38-thread-1] INFO  server.RaftServerConfigKeys (ConfUtils.java:logGet(43)) - raft.server.storage.dir = [/workdir/hadoop-ozone/integration-test/target/test-dir/MiniOzoneClusterImpl-4cec5eff-4947-4a55-927f-c543e94153ec/datanode-1/data/ratis] (custom)
2019-08-29 11:31:22,897 [pool-38-thread-1] INFO  storage.RaftStorageDirectory (RaftStorageDirectory.java:analyzeStorage(246)) - The storage directory /workdir/hadoop-ozone/integration-test/target/test-dir/MiniOzoneClusterImpl-4cec5eff-4947-4a55-927f-c543e94153ec/datanode-1/data/ratis/13008043-b313-4d2b-b5a8-b389b6013009 does not exist. Creating ...
2019-08-29 11:31:22,908 [pool-27-thread-1] INFO  storage.RaftStorageDirectory (RaftStorageDirectory.java:tryLock(328)) - Lock on /workdir/hadoop-ozone/integration-test/target/test-dir/MiniOzoneClusterImpl-4cec5eff-4947-4a55-927f-c543e94153ec/datanode-0/data/ratis/13008043-b313-4d2b-b5a8-b389b6013009/in_use.lock acquired by nodename 29018@pr-hdds-2030-qplxq-3692370286
2019-08-29 11:31:22,908 [pool-38-thread-1] INFO  storage.RaftStorageDirectory (RaftStorageDirectory.java:tryLock(328)) - Lock on /workdir/hadoop-ozone/integration-test/target/test-dir/MiniOzoneClusterImpl-4cec5eff-4947-4a55-927f-c543e94153ec/datanode-1/data/ratis/13008043-b313-4d2b-b5a8-b389b6013009/in_use.lock acquired by nodename 29018@pr-hdds-2030-qplxq-3692370286
2019-08-29 11:31:22,908 [pool-60-thread-1] INFO  storage.RaftStorageDirectory (RaftStorageDirectory.java:tryLock(328)) - Lock on /workdir/hadoop-ozone/integration-test/target/test-dir/MiniOzoneClusterImpl-4cec5eff-4947-4a55-927f-c543e94153ec/datanode-3/data/ratis/13008043-b313-4d2b-b5a8-b389b6013009/in_use.lock acquired by nodename 29018@pr-hdds-2030-qplxq-3692370286
2019-08-29 11:31:22,923 [pool-27-thread-1] INFO  storage.RaftStorage (RaftStorage.java:format(72)) - Storage directory /workdir/hadoop-ozone/integration-test/target/test-dir/MiniOzoneClusterImpl-4cec5eff-4947-4a55-927f-c543e94153ec/datanode-0/data/ratis/13008043-b313-4d2b-b5a8-b389b6013009 has been successfully formatted.
2019-08-29 11:31:22,923 [pool-60-thread-1] INFO  storage.RaftStorage (RaftStorage.java:format(72)) - Storage directory /workdir/hadoop-ozone/integration-test/target/test-dir/MiniOzoneClusterImpl-4cec5eff-4947-4a55-927f-c543e94153ec/datanode-3/data/ratis/13008043-b313-4d2b-b5a8-b389b6013009 has been successfully formatted.
2019-08-29 11:31:22,923 [pool-38-thread-1] INFO  storage.RaftStorage (RaftStorage.java:format(72)) - Storage directory /workdir/hadoop-ozone/integration-test/target/test-dir/MiniOzoneClusterImpl-4cec5eff-4947-4a55-927f-c543e94153ec/datanode-1/data/ratis/13008043-b313-4d2b-b5a8-b389b6013009 has been successfully formatted.
2019-08-29 11:31:22,923 [pool-27-thread-1] INFO  ratis.ContainerStateMachine (ContainerStateMachine.java:loadSnapshot(226)) - group-B389B6013009: The snapshot info is null. Setting the last applied indexto:(t:0, i:~)
2019-08-29 11:31:22,923 [pool-60-thread-1] INFO  ratis.ContainerStateMachine (ContainerStateMachine.java:loadSnapshot(226)) - group-B389B6013009: The snapshot info is null. Setting the last applied indexto:(t:0, i:~)
2019-08-29 11:31:22,923 [pool-27-thread-1] INFO  server.RaftServerConfigKeys (ConfUtils.java:logGet(43)) - raft.server.leader.election.timeout = 120s (custom)
2019-08-29 11:31:22,923 [pool-38-thread-1] INFO  ratis.ContainerStateMachine (ContainerStateMachine.java:loadSnapshot(226)) - group-B389B6013009: The snapshot info is null. Setting the last applied indexto:(t:0, i:~)
2019-08-29 11:31:22,924 [pool-60-thread-1] INFO  server.RaftServerConfigKeys (ConfUtils.java:logGet(43)) - raft.server.leader.election.timeout = 120s (custom)
2019-08-29 11:31:22,924 [pool-27-thread-1] INFO  server.RaftServerConfigKeys (ConfUtils.java:logGet(43)) - raft.server.log.use.memory = false (default)
2019-08-29 11:31:22,924 [pool-60-thread-1] INFO  server.RaftServerConfigKeys (ConfUtils.java:logGet(43)) - raft.server.log.use.memory = false (default)
2019-08-29 11:31:22,924 [pool-38-thread-1] INFO  server.RaftServerConfigKeys (ConfUtils.java:logGet(43)) - raft.server.leader.election.timeout = 120s (custom)
2019-08-29 11:31:22,924 [pool-60-thread-1] INFO  server.RaftServerConfigKeys (ConfUtils.java:logGet(43)) - raft.server.log.purge.gap = 1000000 (custom)
2019-08-29 11:31:22,924 [pool-27-thread-1] INFO  server.RaftServerConfigKeys (ConfUtils.java:logGet(43)) - raft.server.log.purge.gap = 1000000 (custom)
2019-08-29 11:31:22,924 [pool-60-thread-1] INFO  server.RaftServerConfigKeys (ConfUtils.java:logGet(43)) - raft.server.log.appender.buffer.byte-limit = 33554432 (custom)
2019-08-29 11:31:22,924 [pool-38-thread-1] INFO  server.RaftServerConfigKeys (ConfUtils.java:logGet(43)) - raft.server.log.use.memory = false (default)
2019-08-29 11:31:22,924 [pool-60-thread-1] INFO  server.RaftServerConfigKeys (ConfUtils.java:logGet(43)) - raft.server.log.segment.size.max = 1048576 (custom)
2019-08-29 11:31:22,925 [pool-38-thread-1] INFO  server.RaftServerConfigKeys (ConfUtils.java:logGet(43)) - raft.server.log.purge.gap = 1000000 (custom)
2019-08-29 11:31:22,924 [pool-27-thread-1] INFO  server.RaftServerConfigKeys (ConfUtils.java:logGet(43)) - raft.server.log.appender.buffer.byte-limit = 33554432 (custom)
2019-08-29 11:31:22,925 [pool-38-thread-1] INFO  server.RaftServerConfigKeys (ConfUtils.java:logGet(43)) - raft.server.log.appender.buffer.byte-limit = 33554432 (custom)
2019-08-29 11:31:22,925 [pool-60-thread-1] INFO  server.RaftServerConfigKeys (ConfUtils.java:logGet(43)) - raft.server.log.segment.cache.num.max = 2 (custom)
2019-08-29 11:31:22,925 [pool-38-thread-1] INFO  server.RaftServerConfigKeys (ConfUtils.java:logGet(43)) - raft.server.log.segment.size.max = 1048576 (custom)
2019-08-29 11:31:22,925 [pool-27-thread-1] INFO  server.RaftServerConfigKeys (ConfUtils.java:logGet(43)) - raft.server.log.segment.size.max = 1048576 (custom)
2019-08-29 11:31:22,925 [pool-38-thread-1] INFO  server.RaftServerConfigKeys (ConfUtils.java:logGet(43)) - raft.server.log.segment.cache.num.max = 2 (custom)
2019-08-29 11:31:22,925 [pool-60-thread-1] INFO  segmented.SegmentedRaftLogWorker (SegmentedRaftLogWorker.java:<init>(172)) - new 687fa99e-0a29-471b-8d5d-2536fcd66185-SegmentedRaftLogWorker:Storage Directory /workdir/hadoop-ozone/integration-test/target/test-dir/MiniOzoneClusterImpl-4cec5eff-4947-4a55-927f-c543e94153ec/datanode-3/data/ratis/13008043-b313-4d2b-b5a8-b389b6013009 for RaftStorage:Storage Directory /workdir/hadoop-ozone/integration-test/target/test-dir/MiniOzoneClusterImpl-4cec5eff-4947-4a55-927f-c543e94153ec/datanode-3/data/ratis/13008043-b313-4d2b-b5a8-b389b6013009
2019-08-29 11:31:22,926 [pool-38-thread-1] INFO  segmented.SegmentedRaftLogWorker (SegmentedRaftLogWorker.java:<init>(172)) - new a068682e-110e-41da-8a67-801fcdf01cfd-SegmentedRaftLogWorker:Storage Directory /workdir/hadoop-ozone/integration-test/target/test-dir/MiniOzoneClusterImpl-4cec5eff-4947-4a55-927f-c543e94153ec/datanode-1/data/ratis/13008043-b313-4d2b-b5a8-b389b6013009 for RaftStorage:Storage Directory /workdir/hadoop-ozone/integration-test/target/test-dir/MiniOzoneClusterImpl-4cec5eff-4947-4a55-927f-c543e94153ec/datanode-1/data/ratis/13008043-b313-4d2b-b5a8-b389b6013009
2019-08-29 11:31:22,925 [pool-27-thread-1] INFO  server.RaftServerConfigKeys (ConfUtils.java:logGet(43)) - raft.server.log.segment.cache.num.max = 2 (custom)
2019-08-29 11:31:22,934 [pool-38-thread-1] INFO  server.RaftServerConfigKeys (ConfUtils.java:logGet(43)) - raft.server.log.queue.byte-limit = 2147483647 (custom)
2019-08-29 11:31:22,926 [pool-60-thread-1] INFO  server.RaftServerConfigKeys (ConfUtils.java:logGet(43)) - raft.server.log.queue.byte-limit = 2147483647 (custom)
2019-08-29 11:31:22,935 [pool-38-thread-1] INFO  server.RaftServerConfigKeys (ConfUtils.java:logGet(43)) - raft.server.log.queue.element-limit = 1024 (custom)
2019-08-29 11:31:22,935 [pool-27-thread-1] INFO  segmented.SegmentedRaftLogWorker (SegmentedRaftLogWorker.java:<init>(172)) - new bc10beaa-b051-4e0a-9a79-ede145ae6c9d-SegmentedRaftLogWorker:Storage Directory /workdir/hadoop-ozone/integration-test/target/test-dir/MiniOzoneClusterImpl-4cec5eff-4947-4a55-927f-c543e94153ec/datanode-0/data/ratis/13008043-b313-4d2b-b5a8-b389b6013009 for RaftStorage:Storage Directory /workdir/hadoop-ozone/integration-test/target/test-dir/MiniOzoneClusterImpl-4cec5eff-4947-4a55-927f-c543e94153ec/datanode-0/data/ratis/13008043-b313-4d2b-b5a8-b389b6013009
2019-08-29 11:31:22,936 [pool-38-thread-1] INFO  server.RaftServerConfigKeys (ConfUtils.java:logGet(43)) - raft.server.log.segment.size.max = 1048576 (custom)
2019-08-29 11:31:22,935 [pool-60-thread-1] INFO  server.RaftServerConfigKeys (ConfUtils.java:logGet(43)) - raft.server.log.queue.element-limit = 1024 (custom)
2019-08-29 11:31:22,936 [pool-38-thread-1] INFO  server.RaftServerConfigKeys (ConfUtils.java:logGet(43)) - raft.server.log.preallocated.size = 16384 (custom)
2019-08-29 11:31:22,936 [pool-27-thread-1] INFO  server.RaftServerConfigKeys (ConfUtils.java:logGet(43)) - raft.server.log.queue.byte-limit = 2147483647 (custom)
2019-08-29 11:31:22,938 [pool-38-thread-1] INFO  server.RaftServerConfigKeys (ConfUtils.java:logGet(43)) - raft.server.log.write.buffer.size = 33554432 (custom)
2019-08-29 11:31:22,938 [pool-60-thread-1] INFO  server.RaftServerConfigKeys (ConfUtils.java:logGet(43)) - raft.server.log.segment.size.max = 1048576 (custom)
2019-08-29 11:31:22,938 [pool-38-thread-1] INFO  server.RaftServerConfigKeys (ConfUtils.java:logGet(43)) - raft.server.log.force.sync.num = 128 (default)
2019-08-29 11:31:22,938 [pool-27-thread-1] INFO  server.RaftServerConfigKeys (ConfUtils.java:logGet(43)) - raft.server.log.queue.element-limit = 1024 (custom)
2019-08-29 11:31:22,938 [pool-38-thread-1] INFO  server.RaftServerConfigKeys (ConfUtils.java:logGet(43)) - raft.server.log.statemachine.data.sync = true (default)
2019-08-29 11:31:22,938 [pool-60-thread-1] INFO  server.RaftServerConfigKeys (ConfUtils.java:logGet(43)) - raft.server.log.preallocated.size = 16384 (custom)
2019-08-29 11:31:22,939 [pool-38-thread-1] INFO  server.RaftServerConfigKeys (ConfUtils.java:logGet(43)) - raft.server.log.statemachine.data.sync.timeout = 10s (default)
2019-08-29 11:31:22,939 [pool-38-thread-1] INFO  server.RaftServerConfigKeys (ConfUtils.java:logGet(43)) - raft.server.log.statemachine.data.sync.timeout.retry = -1 (default)
2019-08-29 11:31:22,938 [pool-27-thread-1] INFO  server.RaftServerConfigKeys (ConfUtils.java:logGet(43)) - raft.server.log.segment.size.max = 1048576 (custom)
2019-08-29 11:31:22,939 [pool-38-thread-1] INFO  server.RaftServerConfigKeys (ConfUtils.java:logGet(43)) - raft.server.log.statemachine.data.caching.enabled = true (custom)
2019-08-29 11:31:22,939 [pool-60-thread-1] INFO  server.RaftServerConfigKeys (ConfUtils.java:logGet(43)) - raft.server.log.write.buffer.size = 33554432 (custom)
2019-08-29 11:31:22,939 [pool-27-thread-1] INFO  server.RaftServerConfigKeys (ConfUtils.java:logGet(43)) - raft.server.log.preallocated.size = 16384 (custom)
2019-08-29 11:31:22,939 [pool-38-thread-1] INFO  segmented.SegmentedRaftLogWorker (SegmentedRaftLogWorker.java:lambda$new$0(132)) - a068682e-110e-41da-8a67-801fcdf01cfd-SegmentedRaftLogWorker:Storage Directory /workdir/hadoop-ozone/integration-test/target/test-dir/MiniOzoneClusterImpl-4cec5eff-4947-4a55-927f-c543e94153ec/datanode-1/data/ratis/13008043-b313-4d2b-b5a8-b389b6013009: flushIndex: setUnconditionally 0 -> -1
2019-08-29 11:31:22,939 [pool-60-thread-1] INFO  server.RaftServerConfigKeys (ConfUtils.java:logGet(43)) - raft.server.log.force.sync.num = 128 (default)
2019-08-29 11:31:22,939 [pool-27-thread-1] INFO  server.RaftServerConfigKeys (ConfUtils.java:logGet(43)) - raft.server.log.write.buffer.size = 33554432 (custom)
2019-08-29 11:31:22,940 [pool-38-thread-1] INFO  server.RaftServerConfigKeys (ConfUtils.java:logGet(43)) - raft.server.snapshot.auto.trigger.enabled = true (custom)
2019-08-29 11:31:22,940 [pool-60-thread-1] INFO  server.RaftServerConfigKeys (ConfUtils.java:logGet(43)) - raft.server.log.statemachine.data.sync = true (default)
2019-08-29 11:31:22,940 [pool-38-thread-1] INFO  server.RaftServerConfigKeys (ConfUtils.java:logGet(43)) - raft.server.snapshot.auto.trigger.threshold = 10000 (custom)
2019-08-29 11:31:22,940 [pool-27-thread-1] INFO  server.RaftServerConfigKeys (ConfUtils.java:logGet(43)) - raft.server.log.force.sync.num = 128 (default)
2019-08-29 11:31:22,940 [pool-38-thread-1] INFO  server.RaftServerConfigKeys (ConfUtils.java:logGet(43)) - raft.server.retrycache.expirytime = 600000ms (custom)
2019-08-29 11:31:22,940 [pool-60-thread-1] INFO  server.RaftServerConfigKeys (ConfUtils.java:logGet(43)) - raft.server.log.statemachine.data.sync.timeout = 10s (default)
2019-08-29 11:31:22,941 [pool-38-thread-1] INFO  impl.RaftServerImpl (RaftServerImpl.java:start(180)) - a068682e-110e-41da-8a67-801fcdf01cfd: start group-B389B6013009
2019-08-29 11:31:22,940 [pool-27-thread-1] INFO  server.RaftServerConfigKeys (ConfUtils.java:logGet(43)) - raft.server.log.statemachine.data.sync = true (default)
2019-08-29 11:31:22,941 [pool-38-thread-1] INFO  impl.RaftServerImpl (RaftServerImpl.java:setRole(171)) - a068682e-110e-41da-8a67-801fcdf01cfd:group-B389B6013009 changes role from null to FOLLOWER at term 0 for startAsFollower
2019-08-29 11:31:22,941 [pool-60-thread-1] INFO  server.RaftServerConfigKeys (ConfUtils.java:logGet(43)) - raft.server.log.statemachine.data.sync.timeout.retry = -1 (default)
2019-08-29 11:31:22,941 [pool-38-thread-1] INFO  impl.RoleInfo (RoleInfo.java:updateAndGet(143)) - a068682e-110e-41da-8a67-801fcdf01cfd: start FollowerState
2019-08-29 11:31:22,941 [pool-27-thread-1] INFO  server.RaftServerConfigKeys (ConfUtils.java:logGet(43)) - raft.server.log.statemachine.data.sync.timeout = 10s (default)
2019-08-29 11:31:22,941 [pool-60-thread-1] INFO  server.RaftServerConfigKeys (ConfUtils.java:logGet(43)) - raft.server.log.statemachine.data.caching.enabled = true (custom)
2019-08-29 11:31:22,942 [pool-38-thread-1] INFO  util.JmxRegister (JmxRegister.java:tryRegister(44)) - Successfully registered JMX Bean with object name Ratis:service=RaftServer,group=group-B389B6013009,id=a068682e-110e-41da-8a67-801fcdf01cfd
2019-08-29 11:31:22,942 [pool-27-thread-1] INFO  server.RaftServerConfigKeys (ConfUtils.java:logGet(43)) - raft.server.log.statemachine.data.sync.timeout.retry = -1 (default)
2019-08-29 11:31:22,942 [pool-60-thread-1] INFO  segmented.SegmentedRaftLogWorker (SegmentedRaftLogWorker.java:lambda$new$0(132)) - 687fa99e-0a29-471b-8d5d-2536fcd66185-SegmentedRaftLogWorker:Storage Directory /workdir/hadoop-ozone/integration-test/target/test-dir/MiniOzoneClusterImpl-4cec5eff-4947-4a55-927f-c543e94153ec/datanode-3/data/ratis/13008043-b313-4d2b-b5a8-b389b6013009: flushIndex: setUnconditionally 0 -> -1
2019-08-29 11:31:22,942 [pool-27-thread-1] INFO  server.RaftServerConfigKeys (ConfUtils.java:logGet(43)) - raft.server.log.statemachine.data.caching.enabled = true (custom)
2019-08-29 11:31:22,942 [pool-60-thread-1] INFO  server.RaftServerConfigKeys (ConfUtils.java:logGet(43)) - raft.server.snapshot.auto.trigger.enabled = true (custom)
2019-08-29 11:31:22,942 [pool-27-thread-1] INFO  segmented.SegmentedRaftLogWorker (SegmentedRaftLogWorker.java:lambda$new$0(132)) - bc10beaa-b051-4e0a-9a79-ede145ae6c9d-SegmentedRaftLogWorker:Storage Directory /workdir/hadoop-ozone/integration-test/target/test-dir/MiniOzoneClusterImpl-4cec5eff-4947-4a55-927f-c543e94153ec/datanode-0/data/ratis/13008043-b313-4d2b-b5a8-b389b6013009: flushIndex: setUnconditionally 0 -> -1
2019-08-29 11:31:22,943 [pool-60-thread-1] INFO  server.RaftServerConfigKeys (ConfUtils.java:logGet(43)) - raft.server.snapshot.auto.trigger.threshold = 10000 (custom)
2019-08-29 11:31:22,943 [pool-27-thread-1] INFO  server.RaftServerConfigKeys (ConfUtils.java:logGet(43)) - raft.server.snapshot.auto.trigger.enabled = true (custom)
2019-08-29 11:31:22,943 [pool-27-thread-1] INFO  server.RaftServerConfigKeys (ConfUtils.java:logGet(43)) - raft.server.snapshot.auto.trigger.threshold = 10000 (custom)
2019-08-29 11:31:22,943 [pool-60-thread-1] INFO  server.RaftServerConfigKeys (ConfUtils.java:logGet(43)) - raft.server.retrycache.expirytime = 600000ms (custom)
2019-08-29 11:31:22,943 [pool-27-thread-1] INFO  server.RaftServerConfigKeys (ConfUtils.java:logGet(43)) - raft.server.retrycache.expirytime = 600000ms (custom)
2019-08-29 11:31:22,943 [pool-60-thread-1] INFO  impl.RaftServerImpl (RaftServerImpl.java:start(180)) - 687fa99e-0a29-471b-8d5d-2536fcd66185: start group-B389B6013009
2019-08-29 11:31:22,944 [pool-27-thread-1] INFO  impl.RaftServerImpl (RaftServerImpl.java:start(180)) - bc10beaa-b051-4e0a-9a79-ede145ae6c9d: start group-B389B6013009
2019-08-29 11:31:22,944 [pool-60-thread-1] INFO  impl.RaftServerImpl (RaftServerImpl.java:setRole(171)) - 687fa99e-0a29-471b-8d5d-2536fcd66185:group-B389B6013009 changes role from null to FOLLOWER at term 0 for startAsFollower
2019-08-29 11:31:22,945 [pool-27-thread-1] INFO  impl.RaftServerImpl (RaftServerImpl.java:setRole(171)) - bc10beaa-b051-4e0a-9a79-ede145ae6c9d:group-B389B6013009 changes role from null to FOLLOWER at term 0 for startAsFollower
2019-08-29 11:31:22,945 [pool-60-thread-1] INFO  impl.RoleInfo (RoleInfo.java:updateAndGet(143)) - 687fa99e-0a29-471b-8d5d-2536fcd66185: start FollowerState
2019-08-29 11:31:22,945 [pool-27-thread-1] INFO  impl.RoleInfo (RoleInfo.java:updateAndGet(143)) - bc10beaa-b051-4e0a-9a79-ede145ae6c9d: start FollowerState
2019-08-29 11:31:22,946 [pool-60-thread-1] INFO  util.JmxRegister (JmxRegister.java:tryRegister(44)) - Successfully registered JMX Bean with object name Ratis:service=RaftServer,group=group-B389B6013009,id=687fa99e-0a29-471b-8d5d-2536fcd66185
2019-08-29 11:31:22,946 [pool-27-thread-1] INFO  util.JmxRegister (JmxRegister.java:tryRegister(44)) - Successfully registered JMX Bean with object name Ratis:service=RaftServer,group=group-B389B6013009,id=bc10beaa-b051-4e0a-9a79-ede145ae6c9d
2019-08-29 11:31:22,967 [RatisPipelineUtilsThread] INFO  pipeline.PipelineStateManager (PipelineStateManager.java:addPipeline(56)) - Created pipeline Pipeline[ Id: 13008043-b313-4d2b-b5a8-b389b6013009, Nodes: a068682e-110e-41da-8a67-801fcdf01cfd{ip: 192.168.5.166, host: pr-hdds-2030-qplxq-3692370286, networkLocation: /default-rack, certSerialId: null}bc10beaa-b051-4e0a-9a79-ede145ae6c9d{ip: 192.168.5.166, host: pr-hdds-2030-qplxq-3692370286, networkLocation: /default-rack, certSerialId: null}687fa99e-0a29-471b-8d5d-2536fcd66185{ip: 192.168.5.166, host: pr-hdds-2030-qplxq-3692370286, networkLocation: /default-rack, certSerialId: null}, Type:RATIS, Factor:THREE, State:OPEN]
2019-08-29 11:31:23,062 [main] INFO  rpc.RpcClient (RpcClient.java:createVolume(293)) - Creating Volume: testblockoutputstream, with jenkins1000 as owner.
2019-08-29 11:31:23,080 | INFO  | SCMAudit | user=jenkins1000 | ip=192.168.5.166 | op=SEND_HEARTBEAT {datanodeUUID=a068682e-110e-41da-8a67-801fcdf01cfd, command=[]} | ret=SUCCESS |  
2019-08-29 11:31:23,082 | INFO  | OMAudit | user=jenkins1000 | ip=127.0.0.1 | op=CREATE_VOLUME {admin=jenkins1000, owner=jenkins1000, volume=testblockoutputstream, creationTime=1567078283077, quotaInBytes=1152921504606846976} | ret=SUCCESS |  
2019-08-29 11:31:23,105 | INFO  | OMAudit | user=jenkins1000 | ip=127.0.0.1 | op=READ_VOLUME {volume=testblockoutputstream} | ret=SUCCESS |  
2019-08-29 11:31:23,111 [main] INFO  rpc.RpcClient (RpcClient.java:createBucket(432)) - Creating Bucket: testblockoutputstream/testblockoutputstream, with Versioning false and Storage Type set to DISK and Encryption set to false 
2019-08-29 11:31:23,129 | INFO  | OMAudit | user=jenkins1000 | ip=127.0.0.1 | op=CREATE_BUCKET {volume=testblockoutputstream, bucket=testblockoutputstream, acls=[user:jenkins1000:a[ACCESS], group:default:a[ACCESS]], isVersionEnabled=false, storageType=DISK, creationTime=0} | ret=SUCCESS |  
2019-08-29 11:31:23,130 [main] INFO  impl.MetricsSystemImpl (MetricsSystemImpl.java:init(158)) - XceiverClientMetrics metrics system started (again)
2019-08-29 11:31:23,140 | INFO  | OMAudit | user=jenkins1000 | ip=127.0.0.1 | op=READ_VOLUME {volume=testblockoutputstream} | ret=SUCCESS |  
2019-08-29 11:31:23,148 | INFO  | OMAudit | user=jenkins1000 | ip=127.0.0.1 | op=READ_BUCKET {volume=testblockoutputstream, bucket=testblockoutputstream} | ret=SUCCESS |  
2019-08-29 11:31:23,195 | INFO  | SCMAudit | user=jenkins1000 | ip=192.168.5.166 | op=ALLOCATE_BLOCK {owner=7342beae-4183-46be-a9ca-7ad6af38ee8a, size=800, type=RATIS, factor=THREE} | ret=SUCCESS |  
2019-08-29 11:31:23,217 | INFO  | OMAudit | user=jenkins1000 | ip=127.0.0.1 | op=ALLOCATE_KEY {volume=testblockoutputstream, bucket=testblockoutputstream, key=2868af16-8cea-43c6-99cf-e300b58f8a9e, dataSize=0, replicationType=RATIS, replicationFactor=THREE, keyLocationInfo=null} | ret=SUCCESS |  
2019-08-29 11:31:23,334 [grpc-default-executor-2] INFO  client.GrpcClientProtocolClient (GrpcClientProtocolClient.java:onNext(255)) - client-C20A3CB75F5C->a068682e-110e-41da-8a67-801fcdf01cfd: receive RaftClientReply:client-C20A3CB75F5C->a068682e-110e-41da-8a67-801fcdf01cfd@group-B389B6013009, cid=13, FAILED org.apache.ratis.protocol.NotLeaderException: Server a068682e-110e-41da-8a67-801fcdf01cfd is not the leader (null). Request must be sent to leader., logIndex=0, commits[a068682e-110e-41da-8a67-801fcdf01cfd:c-1]
2019-08-29 11:31:23,650 | INFO  | SCMAudit | user=jenkins1000 | ip=192.168.5.166 | op=SEND_HEARTBEAT {datanodeUUID=687fa99e-0a29-471b-8d5d-2536fcd66185, command=[]} | ret=SUCCESS |  
2019-08-29 11:31:23,650 | INFO  | SCMAudit | user=jenkins1000 | ip=192.168.5.166 | op=SEND_HEARTBEAT {datanodeUUID=4a086508-4c3b-4d76-b3f3-073e8bcfee64, command=[]} | ret=SUCCESS |  
2019-08-29 11:31:23,747 | INFO  | SCMAudit | user=jenkins1000 | ip=192.168.5.166 | op=SEND_HEARTBEAT {datanodeUUID=bc10beaa-b051-4e0a-9a79-ede145ae6c9d, command=[]} | ret=SUCCESS |  
2019-08-29 11:31:23,800 [Thread-237] INFO  container.ReplicationManager (ReplicationManager.java:start(152)) - Starting Replication Monitor Thread.
2019-08-29 11:31:23,806 [ReplicationMonitor] INFO  container.ReplicationManager (ReplicationManager.java:run(215)) - Replication Monitor Thread took 5 milliseconds for processing 1 containers.
2019-08-29 11:31:23,812 | INFO  | SCMAudit | user=jenkins1000 | ip=192.168.5.166 | op=SEND_HEARTBEAT {datanodeUUID=c5b6e20d-bcff-49ea-8dae-ad65ffde277e, command=[]} | ret=SUCCESS |  
2019-08-29 11:31:24,082 | INFO  | SCMAudit | user=jenkins1000 | ip=192.168.5.166 | op=SEND_HEARTBEAT {datanodeUUID=a068682e-110e-41da-8a67-801fcdf01cfd, command=[]} | ret=SUCCESS |  
2019-08-29 11:31:24,183 | INFO  | SCMAudit | user=jenkins1000 | ip=192.168.5.166 | op=SEND_HEARTBEAT {datanodeUUID=3948bd19-9220-440d-91f9-f47c403594d9, command=[]} | ret=SUCCESS |  
2019-08-29 11:31:24,378 [grpc-default-executor-0] INFO  client.GrpcClientProtocolClient (GrpcClientProtocolClient.java:onNext(255)) - client-C20A3CB75F5C->687fa99e-0a29-471b-8d5d-2536fcd66185: receive RaftClientReply:client-C20A3CB75F5C->687fa99e-0a29-471b-8d5d-2536fcd66185@group-B389B6013009, cid=13, FAILED org.apache.ratis.protocol.NotLeaderException: Server 687fa99e-0a29-471b-8d5d-2536fcd66185 is not the leader (null). Request must be sent to leader., logIndex=0, commits[687fa99e-0a29-471b-8d5d-2536fcd66185:c-1]
2019-08-29 11:31:24,436 | INFO  | SCMAudit | user=jenkins1000 | ip=192.168.5.166 | op=SEND_HEARTBEAT {datanodeUUID=49e00add-b79b-4596-9305-1bdf7934a5c8, command=[]} | ret=SUCCESS |  
2019-08-29 11:31:24,651 | INFO  | SCMAudit | user=jenkins1000 | ip=192.168.5.166 | op=SEND_HEARTBEAT {datanodeUUID=687fa99e-0a29-471b-8d5d-2536fcd66185, command=[]} | ret=SUCCESS |  
2019-08-29 11:31:24,651 | INFO  | SCMAudit | user=jenkins1000 | ip=192.168.5.166 | op=SEND_HEARTBEAT {datanodeUUID=4a086508-4c3b-4d76-b3f3-073e8bcfee64, command=[]} | ret=SUCCESS |  
2019-08-29 11:31:24,748 | INFO  | SCMAudit | user=jenkins1000 | ip=192.168.5.166 | op=SEND_HEARTBEAT {datanodeUUID=bc10beaa-b051-4e0a-9a79-ede145ae6c9d, command=[]} | ret=SUCCESS |  
2019-08-29 11:31:24,812 | INFO  | SCMAudit | user=jenkins1000 | ip=192.168.5.166 | op=SEND_HEARTBEAT {datanodeUUID=c5b6e20d-bcff-49ea-8dae-ad65ffde277e, command=[]} | ret=SUCCESS |  
2019-08-29 11:31:25,082 | INFO  | SCMAudit | user=jenkins1000 | ip=192.168.5.166 | op=SEND_HEARTBEAT {datanodeUUID=a068682e-110e-41da-8a67-801fcdf01cfd, command=[]} | ret=SUCCESS |  
2019-08-29 11:31:25,183 | INFO  | SCMAudit | user=jenkins1000 | ip=192.168.5.166 | op=SEND_HEARTBEAT {datanodeUUID=3948bd19-9220-440d-91f9-f47c403594d9, command=[]} | ret=SUCCESS |  
2019-08-29 11:31:25,408 [grpc-default-executor-2] INFO  client.GrpcClientProtocolClient (GrpcClientProtocolClient.java:onNext(255)) - client-C20A3CB75F5C->a068682e-110e-41da-8a67-801fcdf01cfd: receive RaftClientReply:client-C20A3CB75F5C->a068682e-110e-41da-8a67-801fcdf01cfd@group-B389B6013009, cid=13, FAILED org.apache.ratis.protocol.NotLeaderException: Server a068682e-110e-41da-8a67-801fcdf01cfd is not the leader (null). Request must be sent to leader., logIndex=0, commits[a068682e-110e-41da-8a67-801fcdf01cfd:c-1]
2019-08-29 11:31:25,435 | INFO  | SCMAudit | user=jenkins1000 | ip=192.168.5.166 | op=SEND_HEARTBEAT {datanodeUUID=49e00add-b79b-4596-9305-1bdf7934a5c8, command=[]} | ret=SUCCESS |  
2019-08-29 11:31:25,662 | INFO  | SCMAudit | user=jenkins1000 | ip=192.168.5.166 | op=SEND_HEARTBEAT {datanodeUUID=687fa99e-0a29-471b-8d5d-2536fcd66185, command=[]} | ret=SUCCESS |  
2019-08-29 11:31:25,663 | INFO  | SCMAudit | user=jenkins1000 | ip=192.168.5.166 | op=SEND_HEARTBEAT {datanodeUUID=4a086508-4c3b-4d76-b3f3-073e8bcfee64, command=[]} | ret=SUCCESS |  
2019-08-29 11:31:25,745 | INFO  | SCMAudit | user=jenkins1000 | ip=192.168.5.166 | op=SEND_HEARTBEAT {datanodeUUID=bc10beaa-b051-4e0a-9a79-ede145ae6c9d, command=[]} | ret=SUCCESS |  
2019-08-29 11:31:25,810 | INFO  | SCMAudit | user=jenkins1000 | ip=192.168.5.166 | op=SEND_HEARTBEAT {datanodeUUID=c5b6e20d-bcff-49ea-8dae-ad65ffde277e, command=[]} | ret=SUCCESS |  
2019-08-29 11:31:26,079 | INFO  | SCMAudit | user=jenkins1000 | ip=192.168.5.166 | op=SEND_HEARTBEAT {datanodeUUID=a068682e-110e-41da-8a67-801fcdf01cfd, command=[]} | ret=SUCCESS |  
2019-08-29 11:31:26,180 | INFO  | SCMAudit | user=jenkins1000 | ip=192.168.5.166 | op=SEND_HEARTBEAT {datanodeUUID=3948bd19-9220-440d-91f9-f47c403594d9, command=[]} | ret=SUCCESS |  
2019-08-29 11:31:26,434 [grpc-default-executor-0] INFO  client.GrpcClientProtocolClient (GrpcClientProtocolClient.java:onNext(255)) - client-C20A3CB75F5C->687fa99e-0a29-471b-8d5d-2536fcd66185: receive RaftClientReply:client-C20A3CB75F5C->687fa99e-0a29-471b-8d5d-2536fcd66185@group-B389B6013009, cid=13, FAILED org.apache.ratis.protocol.NotLeaderException: Server 687fa99e-0a29-471b-8d5d-2536fcd66185 is not the leader (null). Request must be sent to leader., logIndex=0, commits[687fa99e-0a29-471b-8d5d-2536fcd66185:c-1]
2019-08-29 11:31:26,444 | INFO  | SCMAudit | user=jenkins1000 | ip=192.168.5.166 | op=SEND_HEARTBEAT {datanodeUUID=49e00add-b79b-4596-9305-1bdf7934a5c8, command=[]} | ret=SUCCESS |  
2019-08-29 11:31:26,646 | INFO  | SCMAudit | user=jenkins1000 | ip=192.168.5.166 | op=SEND_HEARTBEAT {datanodeUUID=687fa99e-0a29-471b-8d5d-2536fcd66185, command=[]} | ret=SUCCESS |  
2019-08-29 11:31:26,663 | INFO  | SCMAudit | user=jenkins1000 | ip=192.168.5.166 | op=SEND_HEARTBEAT {datanodeUUID=4a086508-4c3b-4d76-b3f3-073e8bcfee64, command=[]} | ret=SUCCESS |  
2019-08-29 11:31:26,745 | INFO  | SCMAudit | user=jenkins1000 | ip=192.168.5.166 | op=SEND_HEARTBEAT {datanodeUUID=bc10beaa-b051-4e0a-9a79-ede145ae6c9d, command=[]} | ret=SUCCESS |  
2019-08-29 11:31:26,811 | INFO  | SCMAudit | user=jenkins1000 | ip=192.168.5.166 | op=SEND_HEARTBEAT {datanodeUUID=c5b6e20d-bcff-49ea-8dae-ad65ffde277e, command=[]} | ret=SUCCESS |  
2019-08-29 11:31:27,079 | INFO  | SCMAudit | user=jenkins1000 | ip=192.168.5.166 | op=SEND_HEARTBEAT {datanodeUUID=a068682e-110e-41da-8a67-801fcdf01cfd, command=[]} | ret=SUCCESS |  
2019-08-29 11:31:27,119 [Thread-239] INFO  impl.FollowerState (FollowerState.java:run(106)) - bc10beaa-b051-4e0a-9a79-ede145ae6c9d:group-E3126C636DEB changes to CANDIDATE, lastRpcTime:5047, electionTimeout:5046ms
2019-08-29 11:31:27,122 [Thread-239] INFO  impl.RoleInfo (RoleInfo.java:shutdownFollowerState(121)) - bc10beaa-b051-4e0a-9a79-ede145ae6c9d: shutdown FollowerState
2019-08-29 11:31:27,122 [Thread-239] INFO  impl.RaftServerImpl (RaftServerImpl.java:setRole(171)) - bc10beaa-b051-4e0a-9a79-ede145ae6c9d:group-E3126C636DEB changes role from FOLLOWER to CANDIDATE at term 0 for changeToCandidate
2019-08-29 11:31:27,128 [Thread-239] INFO  impl.RoleInfo (RoleInfo.java:updateAndGet(143)) - bc10beaa-b051-4e0a-9a79-ede145ae6c9d: start LeaderElection
2019-08-29 11:31:27,147 [bc10beaa-b051-4e0a-9a79-ede145ae6c9d:group-E3126C636DEB:LeaderElection1] INFO  impl.LeaderElection (LeaderElection.java:askForVotes(181)) - bc10beaa-b051-4e0a-9a79-ede145ae6c9d:group-E3126C636DEB:LeaderElection1: begin an election at term 1 for -1: [bc10beaa-b051-4e0a-9a79-ede145ae6c9d:192.168.5.166:34425], old=null
2019-08-29 11:31:27,150 [bc10beaa-b051-4e0a-9a79-ede145ae6c9d:group-E3126C636DEB:LeaderElection1] INFO  impl.RoleInfo (RoleInfo.java:shutdownLeaderElection(134)) - bc10beaa-b051-4e0a-9a79-ede145ae6c9d: shutdown LeaderElection
2019-08-29 11:31:27,151 [bc10beaa-b051-4e0a-9a79-ede145ae6c9d:group-E3126C636DEB:LeaderElection1] INFO  impl.RaftServerImpl (RaftServerImpl.java:setRole(171)) - bc10beaa-b051-4e0a-9a79-ede145ae6c9d:group-E3126C636DEB changes role from CANDIDATE to LEADER at term 1 for changeToLeader
2019-08-29 11:31:27,151 [bc10beaa-b051-4e0a-9a79-ede145ae6c9d:group-E3126C636DEB:LeaderElection1] INFO  impl.RaftServerImpl (ServerState.java:setLeader(263)) - bc10beaa-b051-4e0a-9a79-ede145ae6c9d:group-E3126C636DEB change Leader from null to bc10beaa-b051-4e0a-9a79-ede145ae6c9d at term 1 for becomeLeader, leader elected after 5162ms
2019-08-29 11:31:27,160 [bc10beaa-b051-4e0a-9a79-ede145ae6c9d:group-E3126C636DEB:LeaderElection1] INFO  server.RaftServerConfigKeys (ConfUtils.java:logGet(43)) - raft.server.staging.catchup.gap = 1000 (default)
2019-08-29 11:31:27,161 [bc10beaa-b051-4e0a-9a79-ede145ae6c9d:group-E3126C636DEB:LeaderElection1] INFO  server.RaftServerConfigKeys (ConfUtils.java:logGet(43)) - raft.server.rpc.sleep.time = 25ms (default)
2019-08-29 11:31:27,164 [bc10beaa-b051-4e0a-9a79-ede145ae6c9d:group-E3126C636DEB:LeaderElection1] INFO  server.RaftServerConfigKeys (ConfUtils.java:logGet(43)) - raft.server.write.element-limit = 4096 (default)
2019-08-29 11:31:27,168 [bc10beaa-b051-4e0a-9a79-ede145ae6c9d:group-E3126C636DEB:LeaderElection1] INFO  server.RaftServerConfigKeys (ConfUtils.java:logGet(43)) - raft.server.watch.timeout = 10s (default)
2019-08-29 11:31:27,168 [bc10beaa-b051-4e0a-9a79-ede145ae6c9d:group-E3126C636DEB:LeaderElection1] INFO  server.RaftServerConfigKeys (ConfUtils.java:logGet(43)) - raft.server.watch.timeout.denomination = 1s (default)
2019-08-29 11:31:27,169 [bc10beaa-b051-4e0a-9a79-ede145ae6c9d:group-E3126C636DEB:LeaderElection1] INFO  server.RaftServerConfigKeys (ConfUtils.java:logGet(43)) - raft.server.watch.element-limit = 65536 (default)
2019-08-29 11:31:27,180 [bc10beaa-b051-4e0a-9a79-ede145ae6c9d:group-E3126C636DEB:LeaderElection1] INFO  impl.RoleInfo (RoleInfo.java:updateAndGet(143)) - bc10beaa-b051-4e0a-9a79-ede145ae6c9d: start LeaderState
2019-08-29 11:31:27,181 | INFO  | SCMAudit | user=jenkins1000 | ip=192.168.5.166 | op=SEND_HEARTBEAT {datanodeUUID=3948bd19-9220-440d-91f9-f47c403594d9, command=[]} | ret=SUCCESS |  
2019-08-29 11:31:27,211 [bc10beaa-b051-4e0a-9a79-ede145ae6c9d:group-E3126C636DEB:LeaderElection1] INFO  segmented.SegmentedRaftLogWorker (SegmentedRaftLogWorker.java:startLogSegment(380)) - bc10beaa-b051-4e0a-9a79-ede145ae6c9d-SegmentedRaftLogWorker:Storage Directory /workdir/hadoop-ozone/integration-test/target/test-dir/MiniOzoneClusterImpl-4cec5eff-4947-4a55-927f-c543e94153ec/datanode-0/data/ratis/cd830538-49a6-424f-a196-e3126c636deb: Starting segment from index:0
2019-08-29 11:31:27,219 [bc10beaa-b051-4e0a-9a79-ede145ae6c9d:group-E3126C636DEB:LeaderElection1] INFO  impl.RaftServerImpl (ServerState.java:setRaftConf(361)) - bc10beaa-b051-4e0a-9a79-ede145ae6c9d:group-E3126C636DEB set configuration 0: [bc10beaa-b051-4e0a-9a79-ede145ae6c9d:192.168.5.166:34425], old=null at 0
2019-08-29 11:31:27,393 [Thread-245] INFO  impl.FollowerState (FollowerState.java:run(106)) - 3948bd19-9220-440d-91f9-f47c403594d9:group-3ABC2766971E changes to CANDIDATE, lastRpcTime:5009, electionTimeout:5009ms
2019-08-29 11:31:27,398 [Thread-245] INFO  impl.RoleInfo (RoleInfo.java:shutdownFollowerState(121)) - 3948bd19-9220-440d-91f9-f47c403594d9: shutdown FollowerState
2019-08-29 11:31:27,399 [Thread-245] INFO  impl.RaftServerImpl (RaftServerImpl.java:setRole(171)) - 3948bd19-9220-440d-91f9-f47c403594d9:group-3ABC2766971E changes role from FOLLOWER to CANDIDATE at term 0 for changeToCandidate
2019-08-29 11:31:27,399 [Thread-245] INFO  impl.RoleInfo (RoleInfo.java:updateAndGet(143)) - 3948bd19-9220-440d-91f9-f47c403594d9: start LeaderElection
2019-08-29 11:31:27,417 [bc10beaa-b051-4e0a-9a79-ede145ae6c9d-SegmentedRaftLogWorker:Storage Directory /workdir/hadoop-ozone/integration-test/target/test-dir/MiniOzoneClusterImpl-4cec5eff-4947-4a55-927f-c543e94153ec/datanode-0/data/ratis/cd830538-49a6-424f-a196-e3126c636deb] INFO  segmented.SegmentedRaftLogWorker (SegmentedRaftLogWorker.java:execute(569)) - bc10beaa-b051-4e0a-9a79-ede145ae6c9d-SegmentedRaftLogWorker:Storage Directory /workdir/hadoop-ozone/integration-test/target/test-dir/MiniOzoneClusterImpl-4cec5eff-4947-4a55-927f-c543e94153ec/datanode-0/data/ratis/cd830538-49a6-424f-a196-e3126c636deb: created new log segment /workdir/hadoop-ozone/integration-test/target/test-dir/MiniOzoneClusterImpl-4cec5eff-4947-4a55-927f-c543e94153ec/datanode-0/data/ratis/cd830538-49a6-424f-a196-e3126c636deb/current/log_inprogress_0
2019-08-29 11:31:27,417 [3948bd19-9220-440d-91f9-f47c403594d9:group-3ABC2766971E:LeaderElection2] INFO  impl.LeaderElection (LeaderElection.java:askForVotes(181)) - 3948bd19-9220-440d-91f9-f47c403594d9:group-3ABC2766971E:LeaderElection2: begin an election at term 1 for -1: [3948bd19-9220-440d-91f9-f47c403594d9:192.168.5.166:42416], old=null
2019-08-29 11:31:27,419 [3948bd19-9220-440d-91f9-f47c403594d9:group-3ABC2766971E:LeaderElection2] INFO  impl.RoleInfo (RoleInfo.java:shutdownLeaderElection(134)) - 3948bd19-9220-440d-91f9-f47c403594d9: shutdown LeaderElection
2019-08-29 11:31:27,419 [3948bd19-9220-440d-91f9-f47c403594d9:group-3ABC2766971E:LeaderElection2] INFO  impl.RaftServerImpl (RaftServerImpl.java:setRole(171)) - 3948bd19-9220-440d-91f9-f47c403594d9:group-3ABC2766971E changes role from CANDIDATE to LEADER at term 1 for changeToLeader
2019-08-29 11:31:27,419 [3948bd19-9220-440d-91f9-f47c403594d9:group-3ABC2766971E:LeaderElection2] INFO  impl.RaftServerImpl (ServerState.java:setLeader(263)) - 3948bd19-9220-440d-91f9-f47c403594d9:group-3ABC2766971E change Leader from null to 3948bd19-9220-440d-91f9-f47c403594d9 at term 1 for becomeLeader, leader elected after 5042ms
2019-08-29 11:31:27,421 [3948bd19-9220-440d-91f9-f47c403594d9:group-3ABC2766971E:LeaderElection2] INFO  server.RaftServerConfigKeys (ConfUtils.java:logGet(43)) - raft.server.staging.catchup.gap = 1000 (default)
2019-08-29 11:31:27,421 [3948bd19-9220-440d-91f9-f47c403594d9:group-3ABC2766971E:LeaderElection2] INFO  server.RaftServerConfigKeys (ConfUtils.java:logGet(43)) - raft.server.rpc.sleep.time = 25ms (default)
2019-08-29 11:31:27,421 [3948bd19-9220-440d-91f9-f47c403594d9:group-3ABC2766971E:LeaderElection2] INFO  server.RaftServerConfigKeys (ConfUtils.java:logGet(43)) - raft.server.write.element-limit = 4096 (default)
2019-08-29 11:31:27,421 [3948bd19-9220-440d-91f9-f47c403594d9:group-3ABC2766971E:LeaderElection2] INFO  server.RaftServerConfigKeys (ConfUtils.java:logGet(43)) - raft.server.watch.timeout = 10s (default)
2019-08-29 11:31:27,421 [3948bd19-9220-440d-91f9-f47c403594d9:group-3ABC2766971E:LeaderElection2] INFO  server.RaftServerConfigKeys (ConfUtils.java:logGet(43)) - raft.server.watch.timeout.denomination = 1s (default)
2019-08-29 11:31:27,422 [3948bd19-9220-440d-91f9-f47c403594d9:group-3ABC2766971E:LeaderElection2] INFO  server.RaftServerConfigKeys (ConfUtils.java:logGet(43)) - raft.server.watch.element-limit = 65536 (default)
2019-08-29 11:31:27,422 [3948bd19-9220-440d-91f9-f47c403594d9:group-3ABC2766971E:LeaderElection2] INFO  impl.RoleInfo (RoleInfo.java:updateAndGet(143)) - 3948bd19-9220-440d-91f9-f47c403594d9: start LeaderState
2019-08-29 11:31:27,422 [3948bd19-9220-440d-91f9-f47c403594d9:group-3ABC2766971E:LeaderElection2] INFO  segmented.SegmentedRaftLogWorker (SegmentedRaftLogWorker.java:startLogSegment(380)) - 3948bd19-9220-440d-91f9-f47c403594d9-SegmentedRaftLogWorker:Storage Directory /workdir/hadoop-ozone/integration-test/target/test-dir/MiniOzoneClusterImpl-4cec5eff-4947-4a55-927f-c543e94153ec/datanode-5/data/ratis/c51ca5f9-ba80-4956-a34e-3abc2766971e: Starting segment from index:0
2019-08-29 11:31:27,423 [3948bd19-9220-440d-91f9-f47c403594d9:group-3ABC2766971E:LeaderElection2] INFO  impl.RaftServerImpl (ServerState.java:setRaftConf(361)) - 3948bd19-9220-440d-91f9-f47c403594d9:group-3ABC2766971E set configuration 0: [3948bd19-9220-440d-91f9-f47c403594d9:192.168.5.166:42416], old=null at 0
2019-08-29 11:31:27,466 | INFO  | SCMAudit | user=jenkins1000 | ip=192.168.5.166 | op=SEND_HEARTBEAT {datanodeUUID=49e00add-b79b-4596-9305-1bdf7934a5c8, command=[]} | ret=SUCCESS |  
2019-08-29 11:31:27,470 [Thread-242] INFO  impl.FollowerState (FollowerState.java:run(106)) - c5b6e20d-bcff-49ea-8dae-ad65ffde277e:group-C3A79D8E4100 changes to CANDIDATE, lastRpcTime:5188, electionTimeout:5186ms
2019-08-29 11:31:27,478 [3948bd19-9220-440d-91f9-f47c403594d9-SegmentedRaftLogWorker:Storage Directory /workdir/hadoop-ozone/integration-test/target/test-dir/MiniOzoneClusterImpl-4cec5eff-4947-4a55-927f-c543e94153ec/datanode-5/data/ratis/c51ca5f9-ba80-4956-a34e-3abc2766971e] INFO  segmented.SegmentedRaftLogWorker (SegmentedRaftLogWorker.java:execute(569)) - 3948bd19-9220-440d-91f9-f47c403594d9-SegmentedRaftLogWorker:Storage Directory /workdir/hadoop-ozone/integration-test/target/test-dir/MiniOzoneClusterImpl-4cec5eff-4947-4a55-927f-c543e94153ec/datanode-5/data/ratis/c51ca5f9-ba80-4956-a34e-3abc2766971e: created new log segment /workdir/hadoop-ozone/integration-test/target/test-dir/MiniOzoneClusterImpl-4cec5eff-4947-4a55-927f-c543e94153ec/datanode-5/data/ratis/c51ca5f9-ba80-4956-a34e-3abc2766971e/current/log_inprogress_0
2019-08-29 11:31:27,480 [Thread-242] INFO  impl.RoleInfo (RoleInfo.java:shutdownFollowerState(121)) - c5b6e20d-bcff-49ea-8dae-ad65ffde277e: shutdown FollowerState
2019-08-29 11:31:27,481 [Thread-242] INFO  impl.RaftServerImpl (RaftServerImpl.java:setRole(171)) - c5b6e20d-bcff-49ea-8dae-ad65ffde277e:group-C3A79D8E4100 changes role from FOLLOWER to CANDIDATE at term 0 for changeToCandidate
2019-08-29 11:31:27,481 [Thread-242] INFO  impl.RoleInfo (RoleInfo.java:updateAndGet(143)) - c5b6e20d-bcff-49ea-8dae-ad65ffde277e: start LeaderElection
2019-08-29 11:31:27,495 [c5b6e20d-bcff-49ea-8dae-ad65ffde277e:group-C3A79D8E4100:LeaderElection3] INFO  impl.LeaderElection (LeaderElection.java:askForVotes(181)) - c5b6e20d-bcff-49ea-8dae-ad65ffde277e:group-C3A79D8E4100:LeaderElection3: begin an election at term 1 for -1: [c5b6e20d-bcff-49ea-8dae-ad65ffde277e:192.168.5.166:44152], old=null
2019-08-29 11:31:27,496 [c5b6e20d-bcff-49ea-8dae-ad65ffde277e:group-C3A79D8E4100:LeaderElection3] INFO  impl.RoleInfo (RoleInfo.java:shutdownLeaderElection(134)) - c5b6e20d-bcff-49ea-8dae-ad65ffde277e: shutdown LeaderElection
2019-08-29 11:31:27,496 [c5b6e20d-bcff-49ea-8dae-ad65ffde277e:group-C3A79D8E4100:LeaderElection3] INFO  impl.RaftServerImpl (RaftServerImpl.java:setRole(171)) - c5b6e20d-bcff-49ea-8dae-ad65ffde277e:group-C3A79D8E4100 changes role from CANDIDATE to LEADER at term 1 for changeToLeader
2019-08-29 11:31:27,497 [c5b6e20d-bcff-49ea-8dae-ad65ffde277e:group-C3A79D8E4100:LeaderElection3] INFO  impl.RaftServerImpl (ServerState.java:setLeader(263)) - c5b6e20d-bcff-49ea-8dae-ad65ffde277e:group-C3A79D8E4100 change Leader from null to c5b6e20d-bcff-49ea-8dae-ad65ffde277e at term 1 for becomeLeader, leader elected after 5221ms
2019-08-29 11:31:27,498 [c5b6e20d-bcff-49ea-8dae-ad65ffde277e:group-C3A79D8E4100:LeaderElection3] INFO  server.RaftServerConfigKeys (ConfUtils.java:logGet(43)) - raft.server.staging.catchup.gap = 1000 (default)
2019-08-29 11:31:27,498 [c5b6e20d-bcff-49ea-8dae-ad65ffde277e:group-C3A79D8E4100:LeaderElection3] INFO  server.RaftServerConfigKeys (ConfUtils.java:logGet(43)) - raft.server.rpc.sleep.time = 25ms (default)
2019-08-29 11:31:27,498 [grpc-default-executor-0] INFO  client.GrpcClientProtocolClient (GrpcClientProtocolClient.java:onNext(255)) - client-C20A3CB75F5C->bc10beaa-b051-4e0a-9a79-ede145ae6c9d: receive RaftClientReply:client-C20A3CB75F5C->bc10beaa-b051-4e0a-9a79-ede145ae6c9d@group-B389B6013009, cid=13, FAILED org.apache.ratis.protocol.NotLeaderException: Server bc10beaa-b051-4e0a-9a79-ede145ae6c9d is not the leader (null). Request must be sent to leader., logIndex=0, commits[bc10beaa-b051-4e0a-9a79-ede145ae6c9d:c-1]
2019-08-29 11:31:27,499 [c5b6e20d-bcff-49ea-8dae-ad65ffde277e:group-C3A79D8E4100:LeaderElection3] INFO  server.RaftServerConfigKeys (ConfUtils.java:logGet(43)) - raft.server.write.element-limit = 4096 (default)
2019-08-29 11:31:27,500 [c5b6e20d-bcff-49ea-8dae-ad65ffde277e:group-C3A79D8E4100:LeaderElection3] INFO  server.RaftServerConfigKeys (ConfUtils.java:logGet(43)) - raft.server.watch.timeout = 10s (default)
2019-08-29 11:31:27,503 [c5b6e20d-bcff-49ea-8dae-ad65ffde277e:group-C3A79D8E4100:LeaderElection3] INFO  server.RaftServerConfigKeys (ConfUtils.java:logGet(43)) - raft.server.watch.timeout.denomination = 1s (default)
2019-08-29 11:31:27,503 [c5b6e20d-bcff-49ea-8dae-ad65ffde277e:group-C3A79D8E4100:LeaderElection3] INFO  server.RaftServerConfigKeys (ConfUtils.java:logGet(43)) - raft.server.watch.element-limit = 65536 (default)
2019-08-29 11:31:27,504 [c5b6e20d-bcff-49ea-8dae-ad65ffde277e:group-C3A79D8E4100:LeaderElection3] INFO  impl.RoleInfo (RoleInfo.java:updateAndGet(143)) - c5b6e20d-bcff-49ea-8dae-ad65ffde277e: start LeaderState
2019-08-29 11:31:27,506 [c5b6e20d-bcff-49ea-8dae-ad65ffde277e:group-C3A79D8E4100:LeaderElection3] INFO  segmented.SegmentedRaftLogWorker (SegmentedRaftLogWorker.java:startLogSegment(380)) - c5b6e20d-bcff-49ea-8dae-ad65ffde277e-SegmentedRaftLogWorker:Storage Directory /workdir/hadoop-ozone/integration-test/target/test-dir/MiniOzoneClusterImpl-4cec5eff-4947-4a55-927f-c543e94153ec/datanode-4/data/ratis/a6b0c7a5-1b95-4a55-9ff3-c3a79d8e4100: Starting segment from index:0
2019-08-29 11:31:27,508 [c5b6e20d-bcff-49ea-8dae-ad65ffde277e:group-C3A79D8E4100:LeaderElection3] INFO  impl.RaftServerImpl (ServerState.java:setRaftConf(361)) - c5b6e20d-bcff-49ea-8dae-ad65ffde277e:group-C3A79D8E4100 set configuration 0: [c5b6e20d-bcff-49ea-8dae-ad65ffde277e:192.168.5.166:44152], old=null at 0
2019-08-29 11:31:27,556 [Thread-248] INFO  impl.FollowerState (FollowerState.java:run(106)) - a068682e-110e-41da-8a67-801fcdf01cfd:group-7400C127C722 changes to CANDIDATE, lastRpcTime:5084, electionTimeout:5084ms
2019-08-29 11:31:27,558 [Thread-248] INFO  impl.RoleInfo (RoleInfo.java:shutdownFollowerState(121)) - a068682e-110e-41da-8a67-801fcdf01cfd: shutdown FollowerState
2019-08-29 11:31:27,558 [Thread-248] INFO  impl.RaftServerImpl (RaftServerImpl.java:setRole(171)) - a068682e-110e-41da-8a67-801fcdf01cfd:group-7400C127C722 changes role from FOLLOWER to CANDIDATE at term 0 for changeToCandidate
2019-08-29 11:31:27,558 [Thread-248] INFO  impl.RoleInfo (RoleInfo.java:updateAndGet(143)) - a068682e-110e-41da-8a67-801fcdf01cfd: start LeaderElection
2019-08-29 11:31:27,568 [c5b6e20d-bcff-49ea-8dae-ad65ffde277e-SegmentedRaftLogWorker:Storage Directory /workdir/hadoop-ozone/integration-test/target/test-dir/MiniOzoneClusterImpl-4cec5eff-4947-4a55-927f-c543e94153ec/datanode-4/data/ratis/a6b0c7a5-1b95-4a55-9ff3-c3a79d8e4100] INFO  segmented.SegmentedRaftLogWorker (SegmentedRaftLogWorker.java:execute(569)) - c5b6e20d-bcff-49ea-8dae-ad65ffde277e-SegmentedRaftLogWorker:Storage Directory /workdir/hadoop-ozone/integration-test/target/test-dir/MiniOzoneClusterImpl-4cec5eff-4947-4a55-927f-c543e94153ec/datanode-4/data/ratis/a6b0c7a5-1b95-4a55-9ff3-c3a79d8e4100: created new log segment /workdir/hadoop-ozone/integration-test/target/test-dir/MiniOzoneClusterImpl-4cec5eff-4947-4a55-927f-c543e94153ec/datanode-4/data/ratis/a6b0c7a5-1b95-4a55-9ff3-c3a79d8e4100/current/log_inprogress_0
2019-08-29 11:31:27,570 [a068682e-110e-41da-8a67-801fcdf01cfd:group-7400C127C722:LeaderElection4] INFO  impl.LeaderElection (LeaderElection.java:askForVotes(181)) - a068682e-110e-41da-8a67-801fcdf01cfd:group-7400C127C722:LeaderElection4: begin an election at term 1 for -1: [a068682e-110e-41da-8a67-801fcdf01cfd:192.168.5.166:45244], old=null
2019-08-29 11:31:27,570 [a068682e-110e-41da-8a67-801fcdf01cfd:group-7400C127C722:LeaderElection4] INFO  impl.RoleInfo (RoleInfo.java:shutdownLeaderElection(134)) - a068682e-110e-41da-8a67-801fcdf01cfd: shutdown LeaderElection
2019-08-29 11:31:27,570 [a068682e-110e-41da-8a67-801fcdf01cfd:group-7400C127C722:LeaderElection4] INFO  impl.RaftServerImpl (RaftServerImpl.java:setRole(171)) - a068682e-110e-41da-8a67-801fcdf01cfd:group-7400C127C722 changes role from CANDIDATE to LEADER at term 1 for changeToLeader
2019-08-29 11:31:27,570 [a068682e-110e-41da-8a67-801fcdf01cfd:group-7400C127C722:LeaderElection4] INFO  impl.RaftServerImpl (ServerState.java:setLeader(263)) - a068682e-110e-41da-8a67-801fcdf01cfd:group-7400C127C722 change Leader from null to a068682e-110e-41da-8a67-801fcdf01cfd at term 1 for becomeLeader, leader elected after 5105ms
2019-08-29 11:31:27,572 [a068682e-110e-41da-8a67-801fcdf01cfd:group-7400C127C722:LeaderElection4] INFO  server.RaftServerConfigKeys (ConfUtils.java:logGet(43)) - raft.server.staging.catchup.gap = 1000 (default)
2019-08-29 11:31:27,572 [a068682e-110e-41da-8a67-801fcdf01cfd:group-7400C127C722:LeaderElection4] INFO  server.RaftServerConfigKeys (ConfUtils.java:logGet(43)) - raft.server.rpc.sleep.time = 25ms (default)
2019-08-29 11:31:27,572 [a068682e-110e-41da-8a67-801fcdf01cfd:group-7400C127C722:LeaderElection4] INFO  server.RaftServerConfigKeys (ConfUtils.java:logGet(43)) - raft.server.write.element-limit = 4096 (default)
2019-08-29 11:31:27,572 [a068682e-110e-41da-8a67-801fcdf01cfd:group-7400C127C722:LeaderElection4] INFO  server.RaftServerConfigKeys (ConfUtils.java:logGet(43)) - raft.server.watch.timeout = 10s (default)
2019-08-29 11:31:27,572 [a068682e-110e-41da-8a67-801fcdf01cfd:group-7400C127C722:LeaderElection4] INFO  server.RaftServerConfigKeys (ConfUtils.java:logGet(43)) - raft.server.watch.timeout.denomination = 1s (default)
2019-08-29 11:31:27,572 [a068682e-110e-41da-8a67-801fcdf01cfd:group-7400C127C722:LeaderElection4] INFO  server.RaftServerConfigKeys (ConfUtils.java:logGet(43)) - raft.server.watch.element-limit = 65536 (default)
2019-08-29 11:31:27,573 [a068682e-110e-41da-8a67-801fcdf01cfd:group-7400C127C722:LeaderElection4] INFO  impl.RoleInfo (RoleInfo.java:updateAndGet(143)) - a068682e-110e-41da-8a67-801fcdf01cfd: start LeaderState
2019-08-29 11:31:27,573 [a068682e-110e-41da-8a67-801fcdf01cfd:group-7400C127C722:LeaderElection4] INFO  segmented.SegmentedRaftLogWorker (SegmentedRaftLogWorker.java:startLogSegment(380)) - a068682e-110e-41da-8a67-801fcdf01cfd-SegmentedRaftLogWorker:Storage Directory /workdir/hadoop-ozone/integration-test/target/test-dir/MiniOzoneClusterImpl-4cec5eff-4947-4a55-927f-c543e94153ec/datanode-1/data/ratis/60c6bd2f-f4db-49d2-9e0f-7400c127c722: Starting segment from index:0
2019-08-29 11:31:27,573 [a068682e-110e-41da-8a67-801fcdf01cfd:group-7400C127C722:LeaderElection4] INFO  impl.RaftServerImpl (ServerState.java:setRaftConf(361)) - a068682e-110e-41da-8a67-801fcdf01cfd:group-7400C127C722 set configuration 0: [a068682e-110e-41da-8a67-801fcdf01cfd:192.168.5.166:45244], old=null at 0
2019-08-29 11:31:27,624 [a068682e-110e-41da-8a67-801fcdf01cfd-SegmentedRaftLogWorker:Storage Directory /workdir/hadoop-ozone/integration-test/target/test-dir/MiniOzoneClusterImpl-4cec5eff-4947-4a55-927f-c543e94153ec/datanode-1/data/ratis/60c6bd2f-f4db-49d2-9e0f-7400c127c722] INFO  segmented.SegmentedRaftLogWorker (SegmentedRaftLogWorker.java:execute(569)) - a068682e-110e-41da-8a67-801fcdf01cfd-SegmentedRaftLogWorker:Storage Directory /workdir/hadoop-ozone/integration-test/target/test-dir/MiniOzoneClusterImpl-4cec5eff-4947-4a55-927f-c543e94153ec/datanode-1/data/ratis/60c6bd2f-f4db-49d2-9e0f-7400c127c722: created new log segment /workdir/hadoop-ozone/integration-test/target/test-dir/MiniOzoneClusterImpl-4cec5eff-4947-4a55-927f-c543e94153ec/datanode-1/data/ratis/60c6bd2f-f4db-49d2-9e0f-7400c127c722/current/log_inprogress_0
2019-08-29 11:31:27,642 [Thread-251] INFO  impl.FollowerState (FollowerState.java:run(106)) - 49e00add-b79b-4596-9305-1bdf7934a5c8:group-44E9C607277A changes to CANDIDATE, lastRpcTime:5086, electionTimeout:5086ms
2019-08-29 11:31:27,643 [Thread-251] INFO  impl.RoleInfo (RoleInfo.java:shutdownFollowerState(121)) - 49e00add-b79b-4596-9305-1bdf7934a5c8: shutdown FollowerState
2019-08-29 11:31:27,643 [Thread-251] INFO  impl.RaftServerImpl (RaftServerImpl.java:setRole(171)) - 49e00add-b79b-4596-9305-1bdf7934a5c8:group-44E9C607277A changes role from FOLLOWER to CANDIDATE at term 0 for changeToCandidate
2019-08-29 11:31:27,643 [Thread-251] INFO  impl.RoleInfo (RoleInfo.java:updateAndGet(143)) - 49e00add-b79b-4596-9305-1bdf7934a5c8: start LeaderElection
2019-08-29 11:31:27,648 | INFO  | SCMAudit | user=jenkins1000 | ip=192.168.5.166 | op=SEND_HEARTBEAT {datanodeUUID=687fa99e-0a29-471b-8d5d-2536fcd66185, command=[]} | ret=SUCCESS |  
2019-08-29 11:31:27,660 [49e00add-b79b-4596-9305-1bdf7934a5c8:group-44E9C607277A:LeaderElection5] INFO  impl.LeaderElection (LeaderElection.java:askForVotes(181)) - 49e00add-b79b-4596-9305-1bdf7934a5c8:group-44E9C607277A:LeaderElection5: begin an election at term 1 for -1: [49e00add-b79b-4596-9305-1bdf7934a5c8:192.168.5.166:36944], old=null
2019-08-29 11:31:27,662 [49e00add-b79b-4596-9305-1bdf7934a5c8:group-44E9C607277A:LeaderElection5] INFO  impl.RoleInfo (RoleInfo.java:shutdownLeaderElection(134)) - 49e00add-b79b-4596-9305-1bdf7934a5c8: shutdown LeaderElection
2019-08-29 11:31:27,662 [49e00add-b79b-4596-9305-1bdf7934a5c8:group-44E9C607277A:LeaderElection5] INFO  impl.RaftServerImpl (RaftServerImpl.java:setRole(171)) - 49e00add-b79b-4596-9305-1bdf7934a5c8:group-44E9C607277A changes role from CANDIDATE to LEADER at term 1 for changeToLeader
2019-08-29 11:31:27,662 [49e00add-b79b-4596-9305-1bdf7934a5c8:group-44E9C607277A:LeaderElection5] INFO  impl.RaftServerImpl (ServerState.java:setLeader(263)) - 49e00add-b79b-4596-9305-1bdf7934a5c8:group-44E9C607277A change Leader from null to 49e00add-b79b-4596-9305-1bdf7934a5c8 at term 1 for becomeLeader, leader elected after 5109ms
2019-08-29 11:31:27,664 [49e00add-b79b-4596-9305-1bdf7934a5c8:group-44E9C607277A:LeaderElection5] INFO  server.RaftServerConfigKeys (ConfUtils.java:logGet(43)) - raft.server.staging.catchup.gap = 1000 (default)
2019-08-29 11:31:27,664 [49e00add-b79b-4596-9305-1bdf7934a5c8:group-44E9C607277A:LeaderElection5] INFO  server.RaftServerConfigKeys (ConfUtils.java:logGet(43)) - raft.server.rpc.sleep.time = 25ms (default)
2019-08-29 11:31:27,664 [49e00add-b79b-4596-9305-1bdf7934a5c8:group-44E9C607277A:LeaderElection5] INFO  server.RaftServerConfigKeys (ConfUtils.java:logGet(43)) - raft.server.write.element-limit = 4096 (default)
2019-08-29 11:31:27,665 [49e00add-b79b-4596-9305-1bdf7934a5c8:group-44E9C607277A:LeaderElection5] INFO  server.RaftServerConfigKeys (ConfUtils.java:logGet(43)) - raft.server.watch.timeout = 10s (default)
2019-08-29 11:31:27,665 | INFO  | SCMAudit | user=jenkins1000 | ip=192.168.5.166 | op=SEND_HEARTBEAT {datanodeUUID=4a086508-4c3b-4d76-b3f3-073e8bcfee64, command=[]} | ret=SUCCESS |  
2019-08-29 11:31:27,665 [49e00add-b79b-4596-9305-1bdf7934a5c8:group-44E9C607277A:LeaderElection5] INFO  server.RaftServerConfigKeys (ConfUtils.java:logGet(43)) - raft.server.watch.timeout.denomination = 1s (default)
2019-08-29 11:31:27,665 [49e00add-b79b-4596-9305-1bdf7934a5c8:group-44E9C607277A:LeaderElection5] INFO  server.RaftServerConfigKeys (ConfUtils.java:logGet(43)) - raft.server.watch.element-limit = 65536 (default)
2019-08-29 11:31:27,665 [49e00add-b79b-4596-9305-1bdf7934a5c8:group-44E9C607277A:LeaderElection5] INFO  impl.RoleInfo (RoleInfo.java:updateAndGet(143)) - 49e00add-b79b-4596-9305-1bdf7934a5c8: start LeaderState
2019-08-29 11:31:27,666 [49e00add-b79b-4596-9305-1bdf7934a5c8:group-44E9C607277A:LeaderElection5] INFO  segmented.SegmentedRaftLogWorker (SegmentedRaftLogWorker.java:startLogSegment(380)) - 49e00add-b79b-4596-9305-1bdf7934a5c8-SegmentedRaftLogWorker:Storage Directory /workdir/hadoop-ozone/integration-test/target/test-dir/MiniOzoneClusterImpl-4cec5eff-4947-4a55-927f-c543e94153ec/datanode-6/data/ratis/fe61a212-8142-4b6c-a151-44e9c607277a: Starting segment from index:0
2019-08-29 11:31:27,666 [49e00add-b79b-4596-9305-1bdf7934a5c8:group-44E9C607277A:LeaderElection5] INFO  impl.RaftServerImpl (ServerState.java:setRaftConf(361)) - 49e00add-b79b-4596-9305-1bdf7934a5c8:group-44E9C607277A set configuration 0: [49e00add-b79b-4596-9305-1bdf7934a5c8:192.168.5.166:36944], old=null at 0
2019-08-29 11:31:27,708 [Thread-254] INFO  impl.FollowerState (FollowerState.java:run(106)) - 687fa99e-0a29-471b-8d5d-2536fcd66185:group-72EF7A267FC1 changes to CANDIDATE, lastRpcTime:5070, electionTimeout:5070ms
2019-08-29 11:31:27,709 [Thread-254] INFO  impl.RoleInfo (RoleInfo.java:shutdownFollowerState(121)) - 687fa99e-0a29-471b-8d5d-2536fcd66185: shutdown FollowerState
2019-08-29 11:31:27,709 [Thread-254] INFO  impl.RaftServerImpl (RaftServerImpl.java:setRole(171)) - 687fa99e-0a29-471b-8d5d-2536fcd66185:group-72EF7A267FC1 changes role from FOLLOWER to CANDIDATE at term 0 for changeToCandidate
2019-08-29 11:31:27,709 [Thread-254] INFO  impl.RoleInfo (RoleInfo.java:updateAndGet(143)) - 687fa99e-0a29-471b-8d5d-2536fcd66185: start LeaderElection
2019-08-29 11:31:27,726 [49e00add-b79b-4596-9305-1bdf7934a5c8-SegmentedRaftLogWorker:Storage Directory /workdir/hadoop-ozone/integration-test/target/test-dir/MiniOzoneClusterImpl-4cec5eff-4947-4a55-927f-c543e94153ec/datanode-6/data/ratis/fe61a212-8142-4b6c-a151-44e9c607277a] INFO  segmented.SegmentedRaftLogWorker (SegmentedRaftLogWorker.java:execute(569)) - 49e00add-b79b-4596-9305-1bdf7934a5c8-SegmentedRaftLogWorker:Storage Directory /workdir/hadoop-ozone/integration-test/target/test-dir/MiniOzoneClusterImpl-4cec5eff-4947-4a55-927f-c543e94153ec/datanode-6/data/ratis/fe61a212-8142-4b6c-a151-44e9c607277a: created new log segment /workdir/hadoop-ozone/integration-test/target/test-dir/MiniOzoneClusterImpl-4cec5eff-4947-4a55-927f-c543e94153ec/datanode-6/data/ratis/fe61a212-8142-4b6c-a151-44e9c607277a/current/log_inprogress_0
2019-08-29 11:31:27,740 [687fa99e-0a29-471b-8d5d-2536fcd66185:group-72EF7A267FC1:LeaderElection6] INFO  impl.LeaderElection (LeaderElection.java:askForVotes(181)) - 687fa99e-0a29-471b-8d5d-2536fcd66185:group-72EF7A267FC1:LeaderElection6: begin an election at term 1 for -1: [687fa99e-0a29-471b-8d5d-2536fcd66185:192.168.5.166:42900], old=null
2019-08-29 11:31:27,741 [687fa99e-0a29-471b-8d5d-2536fcd66185:group-72EF7A267FC1:LeaderElection6] INFO  impl.RoleInfo (RoleInfo.java:shutdownLeaderElection(134)) - 687fa99e-0a29-471b-8d5d-2536fcd66185: shutdown LeaderElection
2019-08-29 11:31:27,741 [687fa99e-0a29-471b-8d5d-2536fcd66185:group-72EF7A267FC1:LeaderElection6] INFO  impl.RaftServerImpl (RaftServerImpl.java:setRole(171)) - 687fa99e-0a29-471b-8d5d-2536fcd66185:group-72EF7A267FC1 changes role from CANDIDATE to LEADER at term 1 for changeToLeader
2019-08-29 11:31:27,741 [687fa99e-0a29-471b-8d5d-2536fcd66185:group-72EF7A267FC1:LeaderElection6] INFO  impl.RaftServerImpl (ServerState.java:setLeader(263)) - 687fa99e-0a29-471b-8d5d-2536fcd66185:group-72EF7A267FC1 change Leader from null to 687fa99e-0a29-471b-8d5d-2536fcd66185 at term 1 for becomeLeader, leader elected after 5107ms
2019-08-29 11:31:27,743 [687fa99e-0a29-471b-8d5d-2536fcd66185:group-72EF7A267FC1:LeaderElection6] INFO  server.RaftServerConfigKeys (ConfUtils.java:logGet(43)) - raft.server.staging.catchup.gap = 1000 (default)
2019-08-29 11:31:27,743 [687fa99e-0a29-471b-8d5d-2536fcd66185:group-72EF7A267FC1:LeaderElection6] INFO  server.RaftServerConfigKeys (ConfUtils.java:logGet(43)) - raft.server.rpc.sleep.time = 25ms (default)
2019-08-29 11:31:27,744 [687fa99e-0a29-471b-8d5d-2536fcd66185:group-72EF7A267FC1:LeaderElection6] INFO  server.RaftServerConfigKeys (ConfUtils.java:logGet(43)) - raft.server.write.element-limit = 4096 (default)
2019-08-29 11:31:27,744 [687fa99e-0a29-471b-8d5d-2536fcd66185:group-72EF7A267FC1:LeaderElection6] INFO  server.RaftServerConfigKeys (ConfUtils.java:logGet(43)) - raft.server.watch.timeout = 10s (default)
2019-08-29 11:31:27,744 [687fa99e-0a29-471b-8d5d-2536fcd66185:group-72EF7A267FC1:LeaderElection6] INFO  server.RaftServerConfigKeys (ConfUtils.java:logGet(43)) - raft.server.watch.timeout.denomination = 1s (default)
2019-08-29 11:31:27,744 [687fa99e-0a29-471b-8d5d-2536fcd66185:group-72EF7A267FC1:LeaderElection6] INFO  server.RaftServerConfigKeys (ConfUtils.java:logGet(43)) - raft.server.watch.element-limit = 65536 (default)
2019-08-29 11:31:27,744 [687fa99e-0a29-471b-8d5d-2536fcd66185:group-72EF7A267FC1:LeaderElection6] INFO  impl.RoleInfo (RoleInfo.java:updateAndGet(143)) - 687fa99e-0a29-471b-8d5d-2536fcd66185: start LeaderState
2019-08-29 11:31:27,745 [687fa99e-0a29-471b-8d5d-2536fcd66185:group-72EF7A267FC1:LeaderElection6] INFO  segmented.SegmentedRaftLogWorker (SegmentedRaftLogWorker.java:startLogSegment(380)) - 687fa99e-0a29-471b-8d5d-2536fcd66185-SegmentedRaftLogWorker:Storage Directory /workdir/hadoop-ozone/integration-test/target/test-dir/MiniOzoneClusterImpl-4cec5eff-4947-4a55-927f-c543e94153ec/datanode-3/data/ratis/09ef74b6-7452-4b57-b494-72ef7a267fc1: Starting segment from index:0
2019-08-29 11:31:27,745 | INFO  | SCMAudit | user=jenkins1000 | ip=192.168.5.166 | op=SEND_HEARTBEAT {datanodeUUID=bc10beaa-b051-4e0a-9a79-ede145ae6c9d, command=[]} | ret=SUCCESS |  
2019-08-29 11:31:27,745 [687fa99e-0a29-471b-8d5d-2536fcd66185:group-72EF7A267FC1:LeaderElection6] INFO  impl.RaftServerImpl (ServerState.java:setRaftConf(361)) - 687fa99e-0a29-471b-8d5d-2536fcd66185:group-72EF7A267FC1 set configuration 0: [687fa99e-0a29-471b-8d5d-2536fcd66185:192.168.5.166:42900], old=null at 0
2019-08-29 11:31:27,785 [Thread-258] INFO  impl.FollowerState (FollowerState.java:run(106)) - 4a086508-4c3b-4d76-b3f3-073e8bcfee64:group-C297590CC8A7 changes to CANDIDATE, lastRpcTime:5080, electionTimeout:5045ms
2019-08-29 11:31:27,787 [Thread-258] INFO  impl.RoleInfo (RoleInfo.java:shutdownFollowerState(121)) - 4a086508-4c3b-4d76-b3f3-073e8bcfee64: shutdown FollowerState
2019-08-29 11:31:27,787 [Thread-258] INFO  impl.RaftServerImpl (RaftServerImpl.java:setRole(171)) - 4a086508-4c3b-4d76-b3f3-073e8bcfee64:group-C297590CC8A7 changes role from FOLLOWER to CANDIDATE at term 0 for changeToCandidate
2019-08-29 11:31:27,787 [Thread-258] INFO  impl.RoleInfo (RoleInfo.java:updateAndGet(143)) - 4a086508-4c3b-4d76-b3f3-073e8bcfee64: start LeaderElection
2019-08-29 11:31:27,798 [687fa99e-0a29-471b-8d5d-2536fcd66185-SegmentedRaftLogWorker:Storage Directory /workdir/hadoop-ozone/integration-test/target/test-dir/MiniOzoneClusterImpl-4cec5eff-4947-4a55-927f-c543e94153ec/datanode-3/data/ratis/09ef74b6-7452-4b57-b494-72ef7a267fc1] INFO  segmented.SegmentedRaftLogWorker (SegmentedRaftLogWorker.java:execute(569)) - 687fa99e-0a29-471b-8d5d-2536fcd66185-SegmentedRaftLogWorker:Storage Directory /workdir/hadoop-ozone/integration-test/target/test-dir/MiniOzoneClusterImpl-4cec5eff-4947-4a55-927f-c543e94153ec/datanode-3/data/ratis/09ef74b6-7452-4b57-b494-72ef7a267fc1: created new log segment /workdir/hadoop-ozone/integration-test/target/test-dir/MiniOzoneClusterImpl-4cec5eff-4947-4a55-927f-c543e94153ec/datanode-3/data/ratis/09ef74b6-7452-4b57-b494-72ef7a267fc1/current/log_inprogress_0
2019-08-29 11:31:27,798 [4a086508-4c3b-4d76-b3f3-073e8bcfee64:group-C297590CC8A7:LeaderElection7] INFO  impl.LeaderElection (LeaderElection.java:askForVotes(181)) - 4a086508-4c3b-4d76-b3f3-073e8bcfee64:group-C297590CC8A7:LeaderElection7: begin an election at term 1 for -1: [4a086508-4c3b-4d76-b3f3-073e8bcfee64:192.168.5.166:45804], old=null
2019-08-29 11:31:27,799 [4a086508-4c3b-4d76-b3f3-073e8bcfee64:group-C297590CC8A7:LeaderElection7] INFO  impl.RoleInfo (RoleInfo.java:shutdownLeaderElection(134)) - 4a086508-4c3b-4d76-b3f3-073e8bcfee64: shutdown LeaderElection
2019-08-29 11:31:27,799 [4a086508-4c3b-4d76-b3f3-073e8bcfee64:group-C297590CC8A7:LeaderElection7] INFO  impl.RaftServerImpl (RaftServerImpl.java:setRole(171)) - 4a086508-4c3b-4d76-b3f3-073e8bcfee64:group-C297590CC8A7 changes role from CANDIDATE to LEADER at term 1 for changeToLeader
2019-08-29 11:31:27,799 [4a086508-4c3b-4d76-b3f3-073e8bcfee64:group-C297590CC8A7:LeaderElection7] INFO  impl.RaftServerImpl (ServerState.java:setLeader(263)) - 4a086508-4c3b-4d76-b3f3-073e8bcfee64:group-C297590CC8A7 change Leader from null to 4a086508-4c3b-4d76-b3f3-073e8bcfee64 at term 1 for becomeLeader, leader elected after 5097ms
2019-08-29 11:31:27,800 [4a086508-4c3b-4d76-b3f3-073e8bcfee64:group-C297590CC8A7:LeaderElection7] INFO  server.RaftServerConfigKeys (ConfUtils.java:logGet(43)) - raft.server.staging.catchup.gap = 1000 (default)
2019-08-29 11:31:27,800 [4a086508-4c3b-4d76-b3f3-073e8bcfee64:group-C297590CC8A7:LeaderElection7] INFO  server.RaftServerConfigKeys (ConfUtils.java:logGet(43)) - raft.server.rpc.sleep.time = 25ms (default)
2019-08-29 11:31:27,801 [4a086508-4c3b-4d76-b3f3-073e8bcfee64:group-C297590CC8A7:LeaderElection7] INFO  server.RaftServerConfigKeys (ConfUtils.java:logGet(43)) - raft.server.write.element-limit = 4096 (default)
2019-08-29 11:31:27,801 [4a086508-4c3b-4d76-b3f3-073e8bcfee64:group-C297590CC8A7:LeaderElection7] INFO  server.RaftServerConfigKeys (ConfUtils.java:logGet(43)) - raft.server.watch.timeout = 10s (default)
2019-08-29 11:31:27,801 [4a086508-4c3b-4d76-b3f3-073e8bcfee64:group-C297590CC8A7:LeaderElection7] INFO  server.RaftServerConfigKeys (ConfUtils.java:logGet(43)) - raft.server.watch.timeout.denomination = 1s (default)
2019-08-29 11:31:27,801 [4a086508-4c3b-4d76-b3f3-073e8bcfee64:group-C297590CC8A7:LeaderElection7] INFO  server.RaftServerConfigKeys (ConfUtils.java:logGet(43)) - raft.server.watch.element-limit = 65536 (default)
2019-08-29 11:31:27,801 [4a086508-4c3b-4d76-b3f3-073e8bcfee64:group-C297590CC8A7:LeaderElection7] INFO  impl.RoleInfo (RoleInfo.java:updateAndGet(143)) - 4a086508-4c3b-4d76-b3f3-073e8bcfee64: start LeaderState
2019-08-29 11:31:27,801 [4a086508-4c3b-4d76-b3f3-073e8bcfee64:group-C297590CC8A7:LeaderElection7] INFO  segmented.SegmentedRaftLogWorker (SegmentedRaftLogWorker.java:startLogSegment(380)) - 4a086508-4c3b-4d76-b3f3-073e8bcfee64-SegmentedRaftLogWorker:Storage Directory /workdir/hadoop-ozone/integration-test/target/test-dir/MiniOzoneClusterImpl-4cec5eff-4947-4a55-927f-c543e94153ec/datanode-2/data/ratis/9c1b407b-0514-411d-919e-c297590cc8a7: Starting segment from index:0
2019-08-29 11:31:27,802 [4a086508-4c3b-4d76-b3f3-073e8bcfee64:group-C297590CC8A7:LeaderElection7] INFO  impl.RaftServerImpl (ServerState.java:setRaftConf(361)) - 4a086508-4c3b-4d76-b3f3-073e8bcfee64:group-C297590CC8A7 set configuration 0: [4a086508-4c3b-4d76-b3f3-073e8bcfee64:192.168.5.166:45804], old=null at 0
2019-08-29 11:31:27,843 [Thread-267] INFO  impl.FollowerState (FollowerState.java:run(106)) - 49e00add-b79b-4596-9305-1bdf7934a5c8:group-ACC73D870F8C changes to CANDIDATE, lastRpcTime:5017, electionTimeout:5015ms
2019-08-29 11:31:27,844 [Thread-267] INFO  impl.RoleInfo (RoleInfo.java:shutdownFollowerState(121)) - 49e00add-b79b-4596-9305-1bdf7934a5c8: shutdown FollowerState
2019-08-29 11:31:27,844 [Thread-267] INFO  impl.RaftServerImpl (RaftServerImpl.java:setRole(171)) - 49e00add-b79b-4596-9305-1bdf7934a5c8:group-ACC73D870F8C changes role from FOLLOWER to CANDIDATE at term 0 for changeToCandidate
2019-08-29 11:31:27,845 [Thread-267] INFO  impl.RoleInfo (RoleInfo.java:updateAndGet(143)) - 49e00add-b79b-4596-9305-1bdf7934a5c8: start LeaderElection
2019-08-29 11:31:27,843 [Thread-261] INFO  impl.FollowerState (FollowerState.java:run(106)) - 3948bd19-9220-440d-91f9-f47c403594d9:group-ACC73D870F8C changes to CANDIDATE, lastRpcTime:5020, electionTimeout:5016ms
2019-08-29 11:31:27,849 [Thread-261] INFO  impl.RoleInfo (RoleInfo.java:shutdownFollowerState(121)) - 3948bd19-9220-440d-91f9-f47c403594d9: shutdown FollowerState
2019-08-29 11:31:27,849 [Thread-261] INFO  impl.RaftServerImpl (RaftServerImpl.java:setRole(171)) - 3948bd19-9220-440d-91f9-f47c403594d9:group-ACC73D870F8C changes role from FOLLOWER to CANDIDATE at term 0 for changeToCandidate
2019-08-29 11:31:27,849 [Thread-261] INFO  impl.RoleInfo (RoleInfo.java:updateAndGet(143)) - 3948bd19-9220-440d-91f9-f47c403594d9: start LeaderElection
2019-08-29 11:31:27,850 | INFO  | SCMAudit | user=jenkins1000 | ip=192.168.5.166 | op=SEND_HEARTBEAT {datanodeUUID=c5b6e20d-bcff-49ea-8dae-ad65ffde277e, command=[]} | ret=SUCCESS |  
2019-08-29 11:31:27,861 [4a086508-4c3b-4d76-b3f3-073e8bcfee64-SegmentedRaftLogWorker:Storage Directory /workdir/hadoop-ozone/integration-test/target/test-dir/MiniOzoneClusterImpl-4cec5eff-4947-4a55-927f-c543e94153ec/datanode-2/data/ratis/9c1b407b-0514-411d-919e-c297590cc8a7] INFO  segmented.SegmentedRaftLogWorker (SegmentedRaftLogWorker.java:execute(569)) - 4a086508-4c3b-4d76-b3f3-073e8bcfee64-SegmentedRaftLogWorker:Storage Directory /workdir/hadoop-ozone/integration-test/target/test-dir/MiniOzoneClusterImpl-4cec5eff-4947-4a55-927f-c543e94153ec/datanode-2/data/ratis/9c1b407b-0514-411d-919e-c297590cc8a7: created new log segment /workdir/hadoop-ozone/integration-test/target/test-dir/MiniOzoneClusterImpl-4cec5eff-4947-4a55-927f-c543e94153ec/datanode-2/data/ratis/9c1b407b-0514-411d-919e-c297590cc8a7/current/log_inprogress_0
2019-08-29 11:31:27,861 [3948bd19-9220-440d-91f9-f47c403594d9:group-ACC73D870F8C:LeaderElection9] INFO  impl.LeaderElection (LeaderElection.java:askForVotes(181)) - 3948bd19-9220-440d-91f9-f47c403594d9:group-ACC73D870F8C:LeaderElection9: begin an election at term 1 for -1: [c5b6e20d-bcff-49ea-8dae-ad65ffde277e:192.168.5.166:44152, 3948bd19-9220-440d-91f9-f47c403594d9:192.168.5.166:42416, 49e00add-b79b-4596-9305-1bdf7934a5c8:192.168.5.166:36944], old=null
2019-08-29 11:31:27,861 [49e00add-b79b-4596-9305-1bdf7934a5c8:group-ACC73D870F8C:LeaderElection8] INFO  impl.LeaderElection (LeaderElection.java:askForVotes(181)) - 49e00add-b79b-4596-9305-1bdf7934a5c8:group-ACC73D870F8C:LeaderElection8: begin an election at term 1 for -1: [c5b6e20d-bcff-49ea-8dae-ad65ffde277e:192.168.5.166:44152, 3948bd19-9220-440d-91f9-f47c403594d9:192.168.5.166:42416, 49e00add-b79b-4596-9305-1bdf7934a5c8:192.168.5.166:36944], old=null
2019-08-29 11:31:27,909 [grpc-default-executor-3] INFO  impl.RaftServerImpl (RaftServerImpl.java:setRole(171)) - c5b6e20d-bcff-49ea-8dae-ad65ffde277e:group-ACC73D870F8C changes role from FOLLOWER to FOLLOWER at term 1 for recognizeCandidate:49e00add-b79b-4596-9305-1bdf7934a5c8
2019-08-29 11:31:27,909 [grpc-default-executor-3] INFO  impl.RoleInfo (RoleInfo.java:shutdownFollowerState(121)) - c5b6e20d-bcff-49ea-8dae-ad65ffde277e: shutdown FollowerState
2019-08-29 11:31:27,910 [grpc-default-executor-3] INFO  impl.RoleInfo (RoleInfo.java:updateAndGet(143)) - c5b6e20d-bcff-49ea-8dae-ad65ffde277e: start FollowerState
2019-08-29 11:31:27,910 [Thread-264] INFO  impl.FollowerState (FollowerState.java:run(114)) - c5b6e20d-bcff-49ea-8dae-ad65ffde277e: FollowerState was interrupted: java.lang.InterruptedException: sleep interrupted
2019-08-29 11:31:27,944 [49e00add-b79b-4596-9305-1bdf7934a5c8:group-ACC73D870F8C:LeaderElection8] INFO  impl.LeaderElection (LeaderElection.java:logAndReturn(56)) - 49e00add-b79b-4596-9305-1bdf7934a5c8:group-ACC73D870F8C:LeaderElection8: Election PASSED; received 2 response(s) [49e00add-b79b-4596-9305-1bdf7934a5c8<-c5b6e20d-bcff-49ea-8dae-ad65ffde277e#0:OK-t1, 49e00add-b79b-4596-9305-1bdf7934a5c8<-3948bd19-9220-440d-91f9-f47c403594d9#0:FAIL-t1] and 0 exception(s); 49e00add-b79b-4596-9305-1bdf7934a5c8:t1, leader=null, voted=49e00add-b79b-4596-9305-1bdf7934a5c8, raftlog=49e00add-b79b-4596-9305-1bdf7934a5c8-SegmentedRaftLog:OPENED:c-1,f-1,i0, conf=-1: [c5b6e20d-bcff-49ea-8dae-ad65ffde277e:192.168.5.166:44152, 3948bd19-9220-440d-91f9-f47c403594d9:192.168.5.166:42416, 49e00add-b79b-4596-9305-1bdf7934a5c8:192.168.5.166:36944], old=null
2019-08-29 11:31:27,944 [3948bd19-9220-440d-91f9-f47c403594d9:group-ACC73D870F8C:LeaderElection9] INFO  impl.LeaderElection (LeaderElection.java:logAndReturn(56)) - 3948bd19-9220-440d-91f9-f47c403594d9:group-ACC73D870F8C:LeaderElection9: Election REJECTED; received 2 response(s) [3948bd19-9220-440d-91f9-f47c403594d9<-c5b6e20d-bcff-49ea-8dae-ad65ffde277e#0:FAIL-t1, 3948bd19-9220-440d-91f9-f47c403594d9<-49e00add-b79b-4596-9305-1bdf7934a5c8#0:FAIL-t1] and 0 exception(s); 3948bd19-9220-440d-91f9-f47c403594d9:t1, leader=null, voted=3948bd19-9220-440d-91f9-f47c403594d9, raftlog=3948bd19-9220-440d-91f9-f47c403594d9-SegmentedRaftLog:OPENED:c-1,f-1,i0, conf=-1: [c5b6e20d-bcff-49ea-8dae-ad65ffde277e:192.168.5.166:44152, 3948bd19-9220-440d-91f9-f47c403594d9:192.168.5.166:42416, 49e00add-b79b-4596-9305-1bdf7934a5c8:192.168.5.166:36944], old=null
2019-08-29 11:31:27,944 [49e00add-b79b-4596-9305-1bdf7934a5c8:group-ACC73D870F8C:LeaderElection8] INFO  impl.RoleInfo (RoleInfo.java:shutdownLeaderElection(134)) - 49e00add-b79b-4596-9305-1bdf7934a5c8: shutdown LeaderElection
2019-08-29 11:31:27,946 [3948bd19-9220-440d-91f9-f47c403594d9:group-ACC73D870F8C:LeaderElection9] INFO  impl.RaftServerImpl (RaftServerImpl.java:setRole(171)) - 3948bd19-9220-440d-91f9-f47c403594d9:group-ACC73D870F8C changes role from CANDIDATE to FOLLOWER at term 1 for DISCOVERED_A_NEW_TERM
2019-08-29 11:31:27,948 [3948bd19-9220-440d-91f9-f47c403594d9:group-ACC73D870F8C:LeaderElection9] INFO  impl.RoleInfo (RoleInfo.java:shutdownLeaderElection(134)) - 3948bd19-9220-440d-91f9-f47c403594d9: shutdown LeaderElection
2019-08-29 11:31:27,950 [49e00add-b79b-4596-9305-1bdf7934a5c8:group-ACC73D870F8C:LeaderElection8] INFO  impl.RaftServerImpl (RaftServerImpl.java:setRole(171)) - 49e00add-b79b-4596-9305-1bdf7934a5c8:group-ACC73D870F8C changes role from CANDIDATE to LEADER at term 1 for changeToLeader
2019-08-29 11:31:27,952 [3948bd19-9220-440d-91f9-f47c403594d9:group-ACC73D870F8C:LeaderElection9] INFO  impl.RoleInfo (RoleInfo.java:updateAndGet(143)) - 3948bd19-9220-440d-91f9-f47c403594d9: start FollowerState
2019-08-29 11:31:27,954 [49e00add-b79b-4596-9305-1bdf7934a5c8:group-ACC73D870F8C:LeaderElection8] INFO  impl.RaftServerImpl (ServerState.java:setLeader(263)) - 49e00add-b79b-4596-9305-1bdf7934a5c8:group-ACC73D870F8C change Leader from null to 49e00add-b79b-4596-9305-1bdf7934a5c8 at term 1 for becomeLeader, leader elected after 5148ms
2019-08-29 11:31:27,957 [49e00add-b79b-4596-9305-1bdf7934a5c8:group-ACC73D870F8C:LeaderElection8] INFO  server.RaftServerConfigKeys (ConfUtils.java:logGet(43)) - raft.server.staging.catchup.gap = 1000 (default)
2019-08-29 11:31:27,959 [49e00add-b79b-4596-9305-1bdf7934a5c8:group-ACC73D870F8C:LeaderElection8] INFO  server.RaftServerConfigKeys (ConfUtils.java:logGet(43)) - raft.server.rpc.sleep.time = 25ms (default)
2019-08-29 11:31:27,959 [49e00add-b79b-4596-9305-1bdf7934a5c8:group-ACC73D870F8C:LeaderElection8] INFO  server.RaftServerConfigKeys (ConfUtils.java:logGet(43)) - raft.server.write.element-limit = 4096 (default)
2019-08-29 11:31:27,959 [49e00add-b79b-4596-9305-1bdf7934a5c8:group-ACC73D870F8C:LeaderElection8] INFO  server.RaftServerConfigKeys (ConfUtils.java:logGet(43)) - raft.server.watch.timeout = 10s (default)
2019-08-29 11:31:27,959 [49e00add-b79b-4596-9305-1bdf7934a5c8:group-ACC73D870F8C:LeaderElection8] INFO  server.RaftServerConfigKeys (ConfUtils.java:logGet(43)) - raft.server.watch.timeout.denomination = 1s (default)
2019-08-29 11:31:27,960 [49e00add-b79b-4596-9305-1bdf7934a5c8:group-ACC73D870F8C:LeaderElection8] INFO  server.RaftServerConfigKeys (ConfUtils.java:logGet(43)) - raft.server.watch.element-limit = 65536 (default)
2019-08-29 11:31:27,963 [49e00add-b79b-4596-9305-1bdf7934a5c8:group-ACC73D870F8C:LeaderElection8] INFO  server.RaftServerConfigKeys (ConfUtils.java:logGet(43)) - raft.server.log.appender.snapshot.chunk.size.max = 16MB (=16777216) (default)
2019-08-29 11:31:27,963 [49e00add-b79b-4596-9305-1bdf7934a5c8:group-ACC73D870F8C:LeaderElection8] INFO  server.RaftServerConfigKeys (ConfUtils.java:logGet(43)) - raft.server.log.appender.buffer.byte-limit = 33554432 (custom)
2019-08-29 11:31:27,964 [49e00add-b79b-4596-9305-1bdf7934a5c8:group-ACC73D870F8C:LeaderElection8] INFO  server.RaftServerConfigKeys (ConfUtils.java:logGet(43)) - raft.server.log.appender.buffer.element-limit = 1 (custom)
2019-08-29 11:31:27,968 [49e00add-b79b-4596-9305-1bdf7934a5c8:group-ACC73D870F8C:LeaderElection8] INFO  grpc.GrpcConfigKeys$Server (ConfUtils.java:logGet(43)) - raft.grpc.server.leader.outstanding.appends.max = 128 (default)
2019-08-29 11:31:27,970 [49e00add-b79b-4596-9305-1bdf7934a5c8:group-ACC73D870F8C:LeaderElection8] INFO  server.RaftServerConfigKeys (ConfUtils.java:logGet(43)) - raft.server.rpc.request.timeout = 3000ms (default)
2019-08-29 11:31:27,970 [49e00add-b79b-4596-9305-1bdf7934a5c8:group-ACC73D870F8C:LeaderElection8] INFO  server.RaftServerConfigKeys (ConfUtils.java:logGet(43)) - raft.server.log.appender.install.snapshot.enabled = false (custom)
2019-08-29 11:31:27,970 [49e00add-b79b-4596-9305-1bdf7934a5c8:group-ACC73D870F8C:LeaderElection8] INFO  server.RaftServerConfigKeys (ConfUtils.java:logGet(43)) - raft.server.log.appender.snapshot.chunk.size.max = 16MB (=16777216) (default)
2019-08-29 11:31:27,970 [49e00add-b79b-4596-9305-1bdf7934a5c8:group-ACC73D870F8C:LeaderElection8] INFO  server.RaftServerConfigKeys (ConfUtils.java:logGet(43)) - raft.server.log.appender.buffer.byte-limit = 33554432 (custom)
2019-08-29 11:31:27,971 [49e00add-b79b-4596-9305-1bdf7934a5c8:group-ACC73D870F8C:LeaderElection8] INFO  server.RaftServerConfigKeys (ConfUtils.java:logGet(43)) - raft.server.log.appender.buffer.element-limit = 1 (custom)
2019-08-29 11:31:27,971 [49e00add-b79b-4596-9305-1bdf7934a5c8:group-ACC73D870F8C:LeaderElection8] INFO  grpc.GrpcConfigKeys$Server (ConfUtils.java:logGet(43)) - raft.grpc.server.leader.outstanding.appends.max = 128 (default)
2019-08-29 11:31:27,971 [49e00add-b79b-4596-9305-1bdf7934a5c8:group-ACC73D870F8C:LeaderElection8] INFO  server.RaftServerConfigKeys (ConfUtils.java:logGet(43)) - raft.server.rpc.request.timeout = 3000ms (default)
2019-08-29 11:31:27,971 [49e00add-b79b-4596-9305-1bdf7934a5c8:group-ACC73D870F8C:LeaderElection8] INFO  server.RaftServerConfigKeys (ConfUtils.java:logGet(43)) - raft.server.log.appender.install.snapshot.enabled = false (custom)
2019-08-29 11:31:27,973 [49e00add-b79b-4596-9305-1bdf7934a5c8:group-ACC73D870F8C:LeaderElection8] INFO  impl.RoleInfo (RoleInfo.java:updateAndGet(143)) - 49e00add-b79b-4596-9305-1bdf7934a5c8: start LeaderState
2019-08-29 11:31:27,973 [49e00add-b79b-4596-9305-1bdf7934a5c8:group-ACC73D870F8C:LeaderElection8] INFO  segmented.SegmentedRaftLogWorker (SegmentedRaftLogWorker.java:startLogSegment(380)) - 49e00add-b79b-4596-9305-1bdf7934a5c8-SegmentedRaftLogWorker:Storage Directory /workdir/hadoop-ozone/integration-test/target/test-dir/MiniOzoneClusterImpl-4cec5eff-4947-4a55-927f-c543e94153ec/datanode-6/data/ratis/e696cc5c-b9f4-4e90-95c6-acc73d870f8c: Starting segment from index:0
2019-08-29 11:31:27,974 [49e00add-b79b-4596-9305-1bdf7934a5c8:group-ACC73D870F8C:LeaderElection8] INFO  impl.RaftServerImpl (ServerState.java:setRaftConf(361)) - 49e00add-b79b-4596-9305-1bdf7934a5c8:group-ACC73D870F8C set configuration 0: [c5b6e20d-bcff-49ea-8dae-ad65ffde277e:192.168.5.166:44152, 3948bd19-9220-440d-91f9-f47c403594d9:192.168.5.166:42416, 49e00add-b79b-4596-9305-1bdf7934a5c8:192.168.5.166:36944], old=null at 0
2019-08-29 11:31:28,016 [Thread-270] INFO  impl.FollowerState (FollowerState.java:run(106)) - a068682e-110e-41da-8a67-801fcdf01cfd:group-B389B6013009 changes to CANDIDATE, lastRpcTime:5075, electionTimeout:5055ms
2019-08-29 11:31:28,017 [Thread-270] INFO  impl.RoleInfo (RoleInfo.java:shutdownFollowerState(121)) - a068682e-110e-41da-8a67-801fcdf01cfd: shutdown FollowerState
2019-08-29 11:31:28,017 [Thread-270] INFO  impl.RaftServerImpl (RaftServerImpl.java:setRole(171)) - a068682e-110e-41da-8a67-801fcdf01cfd:group-B389B6013009 changes role from FOLLOWER to CANDIDATE at term 0 for changeToCandidate
2019-08-29 11:31:28,017 [Thread-270] INFO  impl.RoleInfo (RoleInfo.java:updateAndGet(143)) - a068682e-110e-41da-8a67-801fcdf01cfd: start LeaderElection
2019-08-29 11:31:28,035 [49e00add-b79b-4596-9305-1bdf7934a5c8-SegmentedRaftLogWorker:Storage Directory /workdir/hadoop-ozone/integration-test/target/test-dir/MiniOzoneClusterImpl-4cec5eff-4947-4a55-927f-c543e94153ec/datanode-6/data/ratis/e696cc5c-b9f4-4e90-95c6-acc73d870f8c] INFO  segmented.SegmentedRaftLogWorker (SegmentedRaftLogWorker.java:execute(569)) - 49e00add-b79b-4596-9305-1bdf7934a5c8-SegmentedRaftLogWorker:Storage Directory /workdir/hadoop-ozone/integration-test/target/test-dir/MiniOzoneClusterImpl-4cec5eff-4947-4a55-927f-c543e94153ec/datanode-6/data/ratis/e696cc5c-b9f4-4e90-95c6-acc73d870f8c: created new log segment /workdir/hadoop-ozone/integration-test/target/test-dir/MiniOzoneClusterImpl-4cec5eff-4947-4a55-927f-c543e94153ec/datanode-6/data/ratis/e696cc5c-b9f4-4e90-95c6-acc73d870f8c/current/log_inprogress_0
2019-08-29 11:31:28,035 [a068682e-110e-41da-8a67-801fcdf01cfd:group-B389B6013009:LeaderElection10] INFO  impl.LeaderElection (LeaderElection.java:askForVotes(181)) - a068682e-110e-41da-8a67-801fcdf01cfd:group-B389B6013009:LeaderElection10: begin an election at term 1 for -1: [687fa99e-0a29-471b-8d5d-2536fcd66185:192.168.5.166:42900, a068682e-110e-41da-8a67-801fcdf01cfd:192.168.5.166:45244, bc10beaa-b051-4e0a-9a79-ede145ae6c9d:192.168.5.166:34425], old=null
2019-08-29 11:31:28,055 [grpc-default-executor-2] INFO  impl.RaftServerImpl (RaftServerImpl.java:setRole(171)) - bc10beaa-b051-4e0a-9a79-ede145ae6c9d:group-B389B6013009 changes role from FOLLOWER to FOLLOWER at term 1 for recognizeCandidate:a068682e-110e-41da-8a67-801fcdf01cfd
2019-08-29 11:31:28,059 [grpc-default-executor-1] INFO  impl.RaftServerImpl (ServerState.java:setLeader(263)) - c5b6e20d-bcff-49ea-8dae-ad65ffde277e:group-ACC73D870F8C change Leader from null to 49e00add-b79b-4596-9305-1bdf7934a5c8 at term 1 for appendEntries, leader elected after 5252ms
2019-08-29 11:31:28,059 [grpc-default-executor-2] INFO  impl.RoleInfo (RoleInfo.java:shutdownFollowerState(121)) - bc10beaa-b051-4e0a-9a79-ede145ae6c9d: shutdown FollowerState
2019-08-29 11:31:28,059 [grpc-default-executor-3] INFO  impl.RaftServerImpl (ServerState.java:setLeader(263)) - 3948bd19-9220-440d-91f9-f47c403594d9:group-ACC73D870F8C change Leader from null to 49e00add-b79b-4596-9305-1bdf7934a5c8 at term 1 for appendEntries, leader elected after 5252ms
2019-08-29 11:31:28,057 [Thread-274] INFO  impl.FollowerState (FollowerState.java:run(106)) - 687fa99e-0a29-471b-8d5d-2536fcd66185:group-B389B6013009 changes to CANDIDATE, lastRpcTime:5111, electionTimeout:5110ms
2019-08-29 11:31:28,062 [Thread-275] INFO  impl.FollowerState (FollowerState.java:run(114)) - bc10beaa-b051-4e0a-9a79-ede145ae6c9d: FollowerState was interrupted: java.lang.InterruptedException: sleep interrupted
2019-08-29 11:31:28,062 [grpc-default-executor-2] INFO  impl.RoleInfo (RoleInfo.java:updateAndGet(143)) - bc10beaa-b051-4e0a-9a79-ede145ae6c9d: start FollowerState
2019-08-29 11:31:28,062 [Thread-274] INFO  impl.RoleInfo (RoleInfo.java:shutdownFollowerState(121)) - 687fa99e-0a29-471b-8d5d-2536fcd66185: shutdown FollowerState
2019-08-29 11:31:28,064 [Thread-274] INFO  impl.RaftServerImpl (RaftServerImpl.java:setRole(171)) - 687fa99e-0a29-471b-8d5d-2536fcd66185:group-B389B6013009 changes role from FOLLOWER to CANDIDATE at term 0 for changeToCandidate
2019-08-29 11:31:28,065 [Thread-274] INFO  impl.RoleInfo (RoleInfo.java:updateAndGet(143)) - 687fa99e-0a29-471b-8d5d-2536fcd66185: start LeaderElection
2019-08-29 11:31:28,067 [grpc-default-executor-0] INFO  impl.RaftServerImpl (RaftServerImpl.java:setRole(171)) - 687fa99e-0a29-471b-8d5d-2536fcd66185:group-B389B6013009 changes role from CANDIDATE to FOLLOWER at term 1 for recognizeCandidate:a068682e-110e-41da-8a67-801fcdf01cfd
2019-08-29 11:31:28,067 [grpc-default-executor-0] INFO  impl.RoleInfo (RoleInfo.java:shutdownLeaderElection(134)) - 687fa99e-0a29-471b-8d5d-2536fcd66185: shutdown LeaderElection
2019-08-29 11:31:28,067 [grpc-default-executor-0] INFO  impl.RoleInfo (RoleInfo.java:updateAndGet(143)) - 687fa99e-0a29-471b-8d5d-2536fcd66185: start FollowerState
2019-08-29 11:31:28,079 | INFO  | SCMAudit | user=jenkins1000 | ip=192.168.5.166 | op=SEND_HEARTBEAT {datanodeUUID=a068682e-110e-41da-8a67-801fcdf01cfd, command=[]} | ret=SUCCESS |  
2019-08-29 11:31:28,087 [a068682e-110e-41da-8a67-801fcdf01cfd:group-B389B6013009:LeaderElection10] INFO  impl.LeaderElection (LeaderElection.java:logAndReturn(56)) - a068682e-110e-41da-8a67-801fcdf01cfd:group-B389B6013009:LeaderElection10: Election PASSED; received 1 response(s) [a068682e-110e-41da-8a67-801fcdf01cfd<-bc10beaa-b051-4e0a-9a79-ede145ae6c9d#0:OK-t1] and 0 exception(s); a068682e-110e-41da-8a67-801fcdf01cfd:t1, leader=null, voted=a068682e-110e-41da-8a67-801fcdf01cfd, raftlog=a068682e-110e-41da-8a67-801fcdf01cfd-SegmentedRaftLog:OPENED:c-1,f-1,i0, conf=-1: [687fa99e-0a29-471b-8d5d-2536fcd66185:192.168.5.166:42900, a068682e-110e-41da-8a67-801fcdf01cfd:192.168.5.166:45244, bc10beaa-b051-4e0a-9a79-ede145ae6c9d:192.168.5.166:34425], old=null
2019-08-29 11:31:28,087 [a068682e-110e-41da-8a67-801fcdf01cfd:group-B389B6013009:LeaderElection10] INFO  impl.RoleInfo (RoleInfo.java:shutdownLeaderElection(134)) - a068682e-110e-41da-8a67-801fcdf01cfd: shutdown LeaderElection
2019-08-29 11:31:28,087 [a068682e-110e-41da-8a67-801fcdf01cfd:group-B389B6013009:LeaderElection10] INFO  impl.RaftServerImpl (RaftServerImpl.java:setRole(171)) - a068682e-110e-41da-8a67-801fcdf01cfd:group-B389B6013009 changes role from CANDIDATE to LEADER at term 1 for changeToLeader
2019-08-29 11:31:28,091 [a068682e-110e-41da-8a67-801fcdf01cfd:group-B389B6013009:LeaderElection10] INFO  impl.RaftServerImpl (ServerState.java:setLeader(263)) - a068682e-110e-41da-8a67-801fcdf01cfd:group-B389B6013009 change Leader from null to a068682e-110e-41da-8a67-801fcdf01cfd at term 1 for becomeLeader, leader elected after 5167ms
2019-08-29 11:31:28,091 [a068682e-110e-41da-8a67-801fcdf01cfd:group-B389B6013009:LeaderElection10] INFO  server.RaftServerConfigKeys (ConfUtils.java:logGet(43)) - raft.server.staging.catchup.gap = 1000 (default)
2019-08-29 11:31:28,092 [a068682e-110e-41da-8a67-801fcdf01cfd:group-B389B6013009:LeaderElection10] INFO  server.RaftServerConfigKeys (ConfUtils.java:logGet(43)) - raft.server.rpc.sleep.time = 25ms (default)
2019-08-29 11:31:28,092 [a068682e-110e-41da-8a67-801fcdf01cfd:group-B389B6013009:LeaderElection10] INFO  server.RaftServerConfigKeys (ConfUtils.java:logGet(43)) - raft.server.write.element-limit = 4096 (default)
2019-08-29 11:31:28,092 [a068682e-110e-41da-8a67-801fcdf01cfd:group-B389B6013009:LeaderElection10] INFO  server.RaftServerConfigKeys (ConfUtils.java:logGet(43)) - raft.server.watch.timeout = 10s (default)
2019-08-29 11:31:28,092 [a068682e-110e-41da-8a67-801fcdf01cfd:group-B389B6013009:LeaderElection10] INFO  server.RaftServerConfigKeys (ConfUtils.java:logGet(43)) - raft.server.watch.timeout.denomination = 1s (default)
2019-08-29 11:31:28,093 [a068682e-110e-41da-8a67-801fcdf01cfd:group-B389B6013009:LeaderElection10] INFO  server.RaftServerConfigKeys (ConfUtils.java:logGet(43)) - raft.server.watch.element-limit = 65536 (default)
2019-08-29 11:31:28,093 [a068682e-110e-41da-8a67-801fcdf01cfd:group-B389B6013009:LeaderElection10] INFO  server.RaftServerConfigKeys (ConfUtils.java:logGet(43)) - raft.server.log.appender.snapshot.chunk.size.max = 16MB (=16777216) (default)
2019-08-29 11:31:28,093 [a068682e-110e-41da-8a67-801fcdf01cfd:group-B389B6013009:LeaderElection10] INFO  server.RaftServerConfigKeys (ConfUtils.java:logGet(43)) - raft.server.log.appender.buffer.byte-limit = 33554432 (custom)
2019-08-29 11:31:28,094 [a068682e-110e-41da-8a67-801fcdf01cfd:group-B389B6013009:LeaderElection10] INFO  server.RaftServerConfigKeys (ConfUtils.java:logGet(43)) - raft.server.log.appender.buffer.element-limit = 1 (custom)
2019-08-29 11:31:28,094 [687fa99e-0a29-471b-8d5d-2536fcd66185:group-B389B6013009:LeaderElection11] INFO  impl.LeaderElection (LeaderElection.java:askForVotes(181)) - 687fa99e-0a29-471b-8d5d-2536fcd66185:group-B389B6013009:LeaderElection11: begin an election at term 2 for -1: [687fa99e-0a29-471b-8d5d-2536fcd66185:192.168.5.166:42900, a068682e-110e-41da-8a67-801fcdf01cfd:192.168.5.166:45244, bc10beaa-b051-4e0a-9a79-ede145ae6c9d:192.168.5.166:34425], old=null
2019-08-29 11:31:28,096 [a068682e-110e-41da-8a67-801fcdf01cfd:group-B389B6013009:LeaderElection10] INFO  grpc.GrpcConfigKeys$Server (ConfUtils.java:logGet(43)) - raft.grpc.server.leader.outstanding.appends.max = 128 (default)
2019-08-29 11:31:28,096 [a068682e-110e-41da-8a67-801fcdf01cfd:group-B389B6013009:LeaderElection10] INFO  server.RaftServerConfigKeys (ConfUtils.java:logGet(43)) - raft.server.rpc.request.timeout = 3000ms (default)
2019-08-29 11:31:28,096 [a068682e-110e-41da-8a67-801fcdf01cfd:group-B389B6013009:LeaderElection10] INFO  server.RaftServerConfigKeys (ConfUtils.java:logGet(43)) - raft.server.log.appender.install.snapshot.enabled = false (custom)
2019-08-29 11:31:28,097 [687fa99e-0a29-471b-8d5d-2536fcd66185:group-B389B6013009:LeaderElection11] INFO  impl.LeaderElection (LeaderElection.java:logAndReturn(56)) - 687fa99e-0a29-471b-8d5d-2536fcd66185:group-B389B6013009:LeaderElection11: Election REJECTED; received 0 response(s) [] and 0 exception(s); 687fa99e-0a29-471b-8d5d-2536fcd66185:t2, leader=null, voted=687fa99e-0a29-471b-8d5d-2536fcd66185, raftlog=687fa99e-0a29-471b-8d5d-2536fcd66185-SegmentedRaftLog:OPENED:c-1,f-1,i0, conf=-1: [687fa99e-0a29-471b-8d5d-2536fcd66185:192.168.5.166:42900, a068682e-110e-41da-8a67-801fcdf01cfd:192.168.5.166:45244, bc10beaa-b051-4e0a-9a79-ede145ae6c9d:192.168.5.166:34425], old=null
2019-08-29 11:31:28,097 [a068682e-110e-41da-8a67-801fcdf01cfd:group-B389B6013009:LeaderElection10] INFO  server.RaftServerConfigKeys (ConfUtils.java:logGet(43)) - raft.server.log.appender.snapshot.chunk.size.max = 16MB (=16777216) (default)
2019-08-29 11:31:28,099 [a068682e-110e-41da-8a67-801fcdf01cfd:group-B389B6013009:LeaderElection10] INFO  server.RaftServerConfigKeys (ConfUtils.java:logGet(43)) - raft.server.log.appender.buffer.byte-limit = 33554432 (custom)
2019-08-29 11:31:28,099 [a068682e-110e-41da-8a67-801fcdf01cfd:group-B389B6013009:LeaderElection10] INFO  server.RaftServerConfigKeys (ConfUtils.java:logGet(43)) - raft.server.log.appender.buffer.element-limit = 1 (custom)
2019-08-29 11:31:28,101 [a068682e-110e-41da-8a67-801fcdf01cfd:group-B389B6013009:LeaderElection10] INFO  grpc.GrpcConfigKeys$Server (ConfUtils.java:logGet(43)) - raft.grpc.server.leader.outstanding.appends.max = 128 (default)
2019-08-29 11:31:28,103 [a068682e-110e-41da-8a67-801fcdf01cfd:group-B389B6013009:LeaderElection10] INFO  server.RaftServerConfigKeys (ConfUtils.java:logGet(43)) - raft.server.rpc.request.timeout = 3000ms (default)
2019-08-29 11:31:28,103 [a068682e-110e-41da-8a67-801fcdf01cfd:group-B389B6013009:LeaderElection10] INFO  server.RaftServerConfigKeys (ConfUtils.java:logGet(43)) - raft.server.log.appender.install.snapshot.enabled = false (custom)
2019-08-29 11:31:28,105 [a068682e-110e-41da-8a67-801fcdf01cfd:group-B389B6013009:LeaderElection10] INFO  impl.RoleInfo (RoleInfo.java:updateAndGet(143)) - a068682e-110e-41da-8a67-801fcdf01cfd: start LeaderState
2019-08-29 11:31:28,106 [a068682e-110e-41da-8a67-801fcdf01cfd:group-B389B6013009:LeaderElection10] INFO  segmented.SegmentedRaftLogWorker (SegmentedRaftLogWorker.java:startLogSegment(380)) - a068682e-110e-41da-8a67-801fcdf01cfd-SegmentedRaftLogWorker:Storage Directory /workdir/hadoop-ozone/integration-test/target/test-dir/MiniOzoneClusterImpl-4cec5eff-4947-4a55-927f-c543e94153ec/datanode-1/data/ratis/13008043-b313-4d2b-b5a8-b389b6013009: Starting segment from index:0
2019-08-29 11:31:28,107 [a068682e-110e-41da-8a67-801fcdf01cfd:group-B389B6013009:LeaderElection10] INFO  impl.RaftServerImpl (ServerState.java:setRaftConf(361)) - a068682e-110e-41da-8a67-801fcdf01cfd:group-B389B6013009 set configuration 0: [687fa99e-0a29-471b-8d5d-2536fcd66185:192.168.5.166:42900, a068682e-110e-41da-8a67-801fcdf01cfd:192.168.5.166:45244, bc10beaa-b051-4e0a-9a79-ede145ae6c9d:192.168.5.166:34425], old=null at 0
2019-08-29 11:31:28,162 [grpc-default-executor-1] INFO  impl.RaftServerImpl (RaftServerImpl.java:setRole(171)) - bc10beaa-b051-4e0a-9a79-ede145ae6c9d:group-B389B6013009 changes role from FOLLOWER to FOLLOWER at term 2 for recognizeCandidate:687fa99e-0a29-471b-8d5d-2536fcd66185
2019-08-29 11:31:28,164 [grpc-default-executor-1] INFO  impl.RoleInfo (RoleInfo.java:shutdownFollowerState(121)) - bc10beaa-b051-4e0a-9a79-ede145ae6c9d: shutdown FollowerState
2019-08-29 11:31:28,164 [grpc-default-executor-1] INFO  impl.RoleInfo (RoleInfo.java:updateAndGet(143)) - bc10beaa-b051-4e0a-9a79-ede145ae6c9d: start FollowerState
2019-08-29 11:31:28,164 [Thread-326] INFO  impl.FollowerState (FollowerState.java:run(114)) - bc10beaa-b051-4e0a-9a79-ede145ae6c9d: FollowerState was interrupted: java.lang.InterruptedException: sleep interrupted
2019-08-29 11:31:28,168 [Thread-331] INFO  impl.RaftServerImpl (ServerState.java:setLeader(263)) - a068682e-110e-41da-8a67-801fcdf01cfd:group-B389B6013009 change Leader from a068682e-110e-41da-8a67-801fcdf01cfd to null at term 2 for updateCurrentTerm
2019-08-29 11:31:28,168 [Thread-331] INFO  impl.RaftServerImpl (RaftServerImpl.java:setRole(171)) - a068682e-110e-41da-8a67-801fcdf01cfd:group-B389B6013009 changes role from LEADER to FOLLOWER at term 2 for stepDown
2019-08-29 11:31:28,170 [a068682e-110e-41da-8a67-801fcdf01cfd-SegmentedRaftLogWorker:Storage Directory /workdir/hadoop-ozone/integration-test/target/test-dir/MiniOzoneClusterImpl-4cec5eff-4947-4a55-927f-c543e94153ec/datanode-1/data/ratis/13008043-b313-4d2b-b5a8-b389b6013009] INFO  segmented.SegmentedRaftLogWorker (SegmentedRaftLogWorker.java:execute(569)) - a068682e-110e-41da-8a67-801fcdf01cfd-SegmentedRaftLogWorker:Storage Directory /workdir/hadoop-ozone/integration-test/target/test-dir/MiniOzoneClusterImpl-4cec5eff-4947-4a55-927f-c543e94153ec/datanode-1/data/ratis/13008043-b313-4d2b-b5a8-b389b6013009: created new log segment /workdir/hadoop-ozone/integration-test/target/test-dir/MiniOzoneClusterImpl-4cec5eff-4947-4a55-927f-c543e94153ec/datanode-1/data/ratis/13008043-b313-4d2b-b5a8-b389b6013009/current/log_inprogress_0
2019-08-29 11:31:28,170 [Thread-331] INFO  impl.RoleInfo (RoleInfo.java:shutdownLeaderState(104)) - a068682e-110e-41da-8a67-801fcdf01cfd: shutdown LeaderState
2019-08-29 11:31:28,175 [org.apache.ratis.server.impl.LogAppender$AppenderDaemon$$Lambda$468/1042246684@49b09719] WARN  server.GrpcLogAppender (GrpcLogAppender.java:mayWait(143)) - GrpcLogAppender(a068682e-110e-41da-8a67-801fcdf01cfd->687fa99e-0a29-471b-8d5d-2536fcd66185): Wait interrupted by java.lang.InterruptedException
2019-08-29 11:31:28,175 [org.apache.ratis.server.impl.LogAppender$AppenderDaemon$$Lambda$468/1042246684@cb2004b] WARN  server.GrpcLogAppender (GrpcLogAppender.java:mayWait(143)) - GrpcLogAppender(a068682e-110e-41da-8a67-801fcdf01cfd->bc10beaa-b051-4e0a-9a79-ede145ae6c9d): Wait interrupted by java.lang.InterruptedException
2019-08-29 11:31:28,177 [Thread-331] INFO  impl.PendingRequests (PendingRequests.java:sendNotLeaderResponses(202)) - a068682e-110e-41da-8a67-801fcdf01cfd-PendingRequests: sendNotLeaderResponses
2019-08-29 11:31:28,183 [grpc-default-executor-5] INFO  server.GrpcServerProtocolService (GrpcServerProtocolService.java:onCompleted(104)) - 687fa99e-0a29-471b-8d5d-2536fcd66185: appendEntries completed
2019-08-29 11:31:28,183 | INFO  | SCMAudit | user=jenkins1000 | ip=192.168.5.166 | op=SEND_HEARTBEAT {datanodeUUID=3948bd19-9220-440d-91f9-f47c403594d9, command=[]} | ret=SUCCESS |  
2019-08-29 11:31:28,186 [Thread-331] INFO  impl.RoleInfo (RoleInfo.java:updateAndGet(143)) - a068682e-110e-41da-8a67-801fcdf01cfd: start FollowerState
2019-08-29 11:31:28,186 [grpc-default-executor-3] INFO  server.GrpcServerProtocolService (GrpcServerProtocolService.java:onCompleted(104)) - bc10beaa-b051-4e0a-9a79-ede145ae6c9d: appendEntries completed
2019-08-29 11:31:28,186 [grpc-default-executor-5] INFO  server.GrpcLogAppender (GrpcLogAppender.java:onCompleted(292)) - a068682e-110e-41da-8a67-801fcdf01cfd->687fa99e-0a29-471b-8d5d-2536fcd66185: follower responses appendEntries COMPLETED
2019-08-29 11:31:28,186 [grpc-default-executor-4] INFO  impl.RaftServerImpl (ServerState.java:setRaftConf(361)) - c5b6e20d-bcff-49ea-8dae-ad65ffde277e:group-ACC73D870F8C set configuration 0: [c5b6e20d-bcff-49ea-8dae-ad65ffde277e:192.168.5.166:44152, 3948bd19-9220-440d-91f9-f47c403594d9:192.168.5.166:42416, 49e00add-b79b-4596-9305-1bdf7934a5c8:192.168.5.166:36944], old=null at 0
2019-08-29 11:31:28,196 [grpc-default-executor-2] INFO  impl.RaftServerImpl (ServerState.java:setRaftConf(361)) - 3948bd19-9220-440d-91f9-f47c403594d9:group-ACC73D870F8C set configuration 0: [c5b6e20d-bcff-49ea-8dae-ad65ffde277e:192.168.5.166:44152, 3948bd19-9220-440d-91f9-f47c403594d9:192.168.5.166:42416, 49e00add-b79b-4596-9305-1bdf7934a5c8:192.168.5.166:36944], old=null at 0
2019-08-29 11:31:28,198 [grpc-default-executor-4] INFO  segmented.SegmentedRaftLogWorker (SegmentedRaftLogWorker.java:startLogSegment(380)) - c5b6e20d-bcff-49ea-8dae-ad65ffde277e-SegmentedRaftLogWorker:Storage Directory /workdir/hadoop-ozone/integration-test/target/test-dir/MiniOzoneClusterImpl-4cec5eff-4947-4a55-927f-c543e94153ec/datanode-4/data/ratis/e696cc5c-b9f4-4e90-95c6-acc73d870f8c: Starting segment from index:0
2019-08-29 11:31:28,201 [grpc-default-executor-2] INFO  segmented.SegmentedRaftLogWorker (SegmentedRaftLogWorker.java:startLogSegment(380)) - 3948bd19-9220-440d-91f9-f47c403594d9-SegmentedRaftLogWorker:Storage Directory /workdir/hadoop-ozone/integration-test/target/test-dir/MiniOzoneClusterImpl-4cec5eff-4947-4a55-927f-c543e94153ec/datanode-5/data/ratis/e696cc5c-b9f4-4e90-95c6-acc73d870f8c: Starting segment from index:0
2019-08-29 11:31:28,248 [grpc-default-executor-5] INFO  impl.FollowerInfo (FollowerInfo.java:lambda$new$0(50)) - a068682e-110e-41da-8a67-801fcdf01cfd->687fa99e-0a29-471b-8d5d-2536fcd66185: nextIndex: updateUnconditionally 0 -> 0
2019-08-29 11:31:28,248 [grpc-default-executor-3] INFO  server.GrpcLogAppender (GrpcLogAppender.java:onCompleted(292)) - a068682e-110e-41da-8a67-801fcdf01cfd->bc10beaa-b051-4e0a-9a79-ede145ae6c9d: follower responses appendEntries COMPLETED
2019-08-29 11:31:28,248 [grpc-default-executor-0] INFO  impl.RaftServerImpl (RaftServerImpl.java:setRole(171)) - a068682e-110e-41da-8a67-801fcdf01cfd:group-B389B6013009 changes role from FOLLOWER to FOLLOWER at term 2 for recognizeCandidate:687fa99e-0a29-471b-8d5d-2536fcd66185
2019-08-29 11:31:28,287 [c5b6e20d-bcff-49ea-8dae-ad65ffde277e-SegmentedRaftLogWorker:Storage Directory /workdir/hadoop-ozone/integration-test/target/test-dir/MiniOzoneClusterImpl-4cec5eff-4947-4a55-927f-c543e94153ec/datanode-4/data/ratis/e696cc5c-b9f4-4e90-95c6-acc73d870f8c] INFO  segmented.SegmentedRaftLogWorker (SegmentedRaftLogWorker.java:execute(569)) - c5b6e20d-bcff-49ea-8dae-ad65ffde277e-SegmentedRaftLogWorker:Storage Directory /workdir/hadoop-ozone/integration-test/target/test-dir/MiniOzoneClusterImpl-4cec5eff-4947-4a55-927f-c543e94153ec/datanode-4/data/ratis/e696cc5c-b9f4-4e90-95c6-acc73d870f8c: created new log segment /workdir/hadoop-ozone/integration-test/target/test-dir/MiniOzoneClusterImpl-4cec5eff-4947-4a55-927f-c543e94153ec/datanode-4/data/ratis/e696cc5c-b9f4-4e90-95c6-acc73d870f8c/current/log_inprogress_0
2019-08-29 11:31:28,287 [grpc-default-executor-3] INFO  impl.FollowerInfo (FollowerInfo.java:lambda$new$0(50)) - a068682e-110e-41da-8a67-801fcdf01cfd->bc10beaa-b051-4e0a-9a79-ede145ae6c9d: nextIndex: updateUnconditionally 0 -> 0
2019-08-29 11:31:28,287 [grpc-default-executor-0] INFO  impl.RoleInfo (RoleInfo.java:shutdownFollowerState(121)) - a068682e-110e-41da-8a67-801fcdf01cfd: shutdown FollowerState
2019-08-29 11:31:28,292 [grpc-default-executor-0] INFO  impl.RoleInfo (RoleInfo.java:updateAndGet(143)) - a068682e-110e-41da-8a67-801fcdf01cfd: start FollowerState
2019-08-29 11:31:28,292 [Thread-339] INFO  impl.FollowerState (FollowerState.java:run(114)) - a068682e-110e-41da-8a67-801fcdf01cfd: FollowerState was interrupted: java.lang.InterruptedException: sleep interrupted
2019-08-29 11:31:28,300 [3948bd19-9220-440d-91f9-f47c403594d9-SegmentedRaftLogWorker:Storage Directory /workdir/hadoop-ozone/integration-test/target/test-dir/MiniOzoneClusterImpl-4cec5eff-4947-4a55-927f-c543e94153ec/datanode-5/data/ratis/e696cc5c-b9f4-4e90-95c6-acc73d870f8c] INFO  segmented.SegmentedRaftLogWorker (SegmentedRaftLogWorker.java:execute(569)) - 3948bd19-9220-440d-91f9-f47c403594d9-SegmentedRaftLogWorker:Storage Directory /workdir/hadoop-ozone/integration-test/target/test-dir/MiniOzoneClusterImpl-4cec5eff-4947-4a55-927f-c543e94153ec/datanode-5/data/ratis/e696cc5c-b9f4-4e90-95c6-acc73d870f8c: created new log segment /workdir/hadoop-ozone/integration-test/target/test-dir/MiniOzoneClusterImpl-4cec5eff-4947-4a55-927f-c543e94153ec/datanode-5/data/ratis/e696cc5c-b9f4-4e90-95c6-acc73d870f8c/current/log_inprogress_0
2019-08-29 11:31:28,464 | INFO  | SCMAudit | user=jenkins1000 | ip=192.168.5.166 | op=SEND_HEARTBEAT {datanodeUUID=49e00add-b79b-4596-9305-1bdf7934a5c8, command=[]} | ret=SUCCESS |  
2019-08-29 11:31:28,522 [grpc-default-executor-0] INFO  client.GrpcClientProtocolClient (GrpcClientProtocolClient.java:onNext(255)) - client-C20A3CB75F5C->687fa99e-0a29-471b-8d5d-2536fcd66185: receive RaftClientReply:client-C20A3CB75F5C->687fa99e-0a29-471b-8d5d-2536fcd66185@group-B389B6013009, cid=13, FAILED org.apache.ratis.protocol.NotLeaderException: Server 687fa99e-0a29-471b-8d5d-2536fcd66185 is not the leader (null). Request must be sent to leader., logIndex=0, commits[687fa99e-0a29-471b-8d5d-2536fcd66185:c-1]
2019-08-29 11:31:28,649 | INFO  | SCMAudit | user=jenkins1000 | ip=192.168.5.166 | op=SEND_HEARTBEAT {datanodeUUID=687fa99e-0a29-471b-8d5d-2536fcd66185, command=[]} | ret=SUCCESS |  
2019-08-29 11:31:28,664 | INFO  | SCMAudit | user=jenkins1000 | ip=192.168.5.166 | op=SEND_HEARTBEAT {datanodeUUID=4a086508-4c3b-4d76-b3f3-073e8bcfee64, command=[]} | ret=SUCCESS |  
2019-08-29 11:31:28,784 | INFO  | SCMAudit | user=jenkins1000 | ip=192.168.5.166 | op=SEND_HEARTBEAT {datanodeUUID=bc10beaa-b051-4e0a-9a79-ede145ae6c9d, command=[]} | ret=SUCCESS |  
2019-08-29 11:31:28,848 | INFO  | SCMAudit | user=jenkins1000 | ip=192.168.5.166 | op=SEND_HEARTBEAT {datanodeUUID=c5b6e20d-bcff-49ea-8dae-ad65ffde277e, command=[]} | ret=SUCCESS |  
2019-08-29 11:31:29,079 | INFO  | SCMAudit | user=jenkins1000 | ip=192.168.5.166 | op=SEND_HEARTBEAT {datanodeUUID=a068682e-110e-41da-8a67-801fcdf01cfd, command=[]} | ret=SUCCESS |  
2019-08-29 11:31:29,180 | INFO  | SCMAudit | user=jenkins1000 | ip=192.168.5.166 | op=SEND_HEARTBEAT {datanodeUUID=3948bd19-9220-440d-91f9-f47c403594d9, command=[]} | ret=SUCCESS |  
2019-08-29 11:31:29,463 | INFO  | SCMAudit | user=jenkins1000 | ip=192.168.5.166 | op=SEND_HEARTBEAT {datanodeUUID=49e00add-b79b-4596-9305-1bdf7934a5c8, command=[]} | ret=SUCCESS |  
2019-08-29 11:31:29,546 [grpc-default-executor-3] INFO  client.GrpcClientProtocolClient (GrpcClientProtocolClient.java:onNext(255)) - client-C20A3CB75F5C->a068682e-110e-41da-8a67-801fcdf01cfd: receive RaftClientReply:client-C20A3CB75F5C->a068682e-110e-41da-8a67-801fcdf01cfd@group-B389B6013009, cid=13, FAILED org.apache.ratis.protocol.NotLeaderException: Server a068682e-110e-41da-8a67-801fcdf01cfd is not the leader (null). Request must be sent to leader., logIndex=0, commits[a068682e-110e-41da-8a67-801fcdf01cfd:c-1, 687fa99e-0a29-471b-8d5d-2536fcd66185:c-1, bc10beaa-b051-4e0a-9a79-ede145ae6c9d:c-1]
2019-08-29 11:31:29,649 | INFO  | SCMAudit | user=jenkins1000 | ip=192.168.5.166 | op=SEND_HEARTBEAT {datanodeUUID=687fa99e-0a29-471b-8d5d-2536fcd66185, command=[]} | ret=SUCCESS |  
2019-08-29 11:31:29,663 | INFO  | SCMAudit | user=jenkins1000 | ip=192.168.5.166 | op=SEND_HEARTBEAT {datanodeUUID=4a086508-4c3b-4d76-b3f3-073e8bcfee64, command=[]} | ret=SUCCESS |  
2019-08-29 11:31:29,784 | INFO  | SCMAudit | user=jenkins1000 | ip=192.168.5.166 | op=SEND_HEARTBEAT {datanodeUUID=bc10beaa-b051-4e0a-9a79-ede145ae6c9d, command=[]} | ret=SUCCESS |  
2019-08-29 11:31:29,848 | INFO  | SCMAudit | user=jenkins1000 | ip=192.168.5.166 | op=SEND_HEARTBEAT {datanodeUUID=c5b6e20d-bcff-49ea-8dae-ad65ffde277e, command=[]} | ret=SUCCESS |  
2019-08-29 11:31:30,079 | INFO  | SCMAudit | user=jenkins1000 | ip=192.168.5.166 | op=SEND_HEARTBEAT {datanodeUUID=a068682e-110e-41da-8a67-801fcdf01cfd, command=[]} | ret=SUCCESS |  
2019-08-29 11:31:30,180 | INFO  | SCMAudit | user=jenkins1000 | ip=192.168.5.166 | op=SEND_HEARTBEAT {datanodeUUID=3948bd19-9220-440d-91f9-f47c403594d9, command=[]} | ret=SUCCESS |  
2019-08-29 11:31:30,464 | INFO  | SCMAudit | user=jenkins1000 | ip=192.168.5.166 | op=SEND_HEARTBEAT {datanodeUUID=49e00add-b79b-4596-9305-1bdf7934a5c8, command=[]} | ret=SUCCESS |  
2019-08-29 11:31:30,582 [grpc-default-executor-3] INFO  client.GrpcClientProtocolClient (GrpcClientProtocolClient.java:onNext(255)) - client-C20A3CB75F5C->687fa99e-0a29-471b-8d5d-2536fcd66185: receive RaftClientReply:client-C20A3CB75F5C->687fa99e-0a29-471b-8d5d-2536fcd66185@group-B389B6013009, cid=13, FAILED org.apache.ratis.protocol.NotLeaderException: Server 687fa99e-0a29-471b-8d5d-2536fcd66185 is not the leader (null). Request must be sent to leader., logIndex=0, commits[687fa99e-0a29-471b-8d5d-2536fcd66185:c-1]
2019-08-29 11:31:30,649 | INFO  | SCMAudit | user=jenkins1000 | ip=192.168.5.166 | op=SEND_HEARTBEAT {datanodeUUID=687fa99e-0a29-471b-8d5d-2536fcd66185, command=[]} | ret=SUCCESS |  
2019-08-29 11:31:30,663 | INFO  | SCMAudit | user=jenkins1000 | ip=192.168.5.166 | op=SEND_HEARTBEAT {datanodeUUID=4a086508-4c3b-4d76-b3f3-073e8bcfee64, command=[]} | ret=SUCCESS |  
2019-08-29 11:31:30,784 | INFO  | SCMAudit | user=jenkins1000 | ip=192.168.5.166 | op=SEND_HEARTBEAT {datanodeUUID=bc10beaa-b051-4e0a-9a79-ede145ae6c9d, command=[]} | ret=SUCCESS |  
2019-08-29 11:31:30,848 | INFO  | SCMAudit | user=jenkins1000 | ip=192.168.5.166 | op=SEND_HEARTBEAT {datanodeUUID=c5b6e20d-bcff-49ea-8dae-ad65ffde277e, command=[]} | ret=SUCCESS |  
2019-08-29 11:31:31,079 | INFO  | SCMAudit | user=jenkins1000 | ip=192.168.5.166 | op=SEND_HEARTBEAT {datanodeUUID=a068682e-110e-41da-8a67-801fcdf01cfd, command=[]} | ret=SUCCESS |  
2019-08-29 11:31:31,181 | INFO  | SCMAudit | user=jenkins1000 | ip=192.168.5.166 | op=SEND_HEARTBEAT {datanodeUUID=3948bd19-9220-440d-91f9-f47c403594d9, command=[]} | ret=SUCCESS |  
2019-08-29 11:31:31,464 | INFO  | SCMAudit | user=jenkins1000 | ip=192.168.5.166 | op=SEND_HEARTBEAT {datanodeUUID=49e00add-b79b-4596-9305-1bdf7934a5c8, command=[]} | ret=SUCCESS |  
2019-08-29 11:31:31,610 [grpc-default-executor-0] INFO  client.GrpcClientProtocolClient (GrpcClientProtocolClient.java:onNext(255)) - client-C20A3CB75F5C->bc10beaa-b051-4e0a-9a79-ede145ae6c9d: receive RaftClientReply:client-C20A3CB75F5C->bc10beaa-b051-4e0a-9a79-ede145ae6c9d@group-B389B6013009, cid=13, FAILED org.apache.ratis.protocol.NotLeaderException: Server bc10beaa-b051-4e0a-9a79-ede145ae6c9d is not the leader (null). Request must be sent to leader., logIndex=0, commits[bc10beaa-b051-4e0a-9a79-ede145ae6c9d:c-1]
2019-08-29 11:31:31,649 | INFO  | SCMAudit | user=jenkins1000 | ip=192.168.5.166 | op=SEND_HEARTBEAT {datanodeUUID=687fa99e-0a29-471b-8d5d-2536fcd66185, command=[]} | ret=SUCCESS |  
2019-08-29 11:31:31,663 | INFO  | SCMAudit | user=jenkins1000 | ip=192.168.5.166 | op=SEND_HEARTBEAT {datanodeUUID=4a086508-4c3b-4d76-b3f3-073e8bcfee64, command=[]} | ret=SUCCESS |  
2019-08-29 11:31:31,785 | INFO  | SCMAudit | user=jenkins1000 | ip=192.168.5.166 | op=SEND_HEARTBEAT {datanodeUUID=bc10beaa-b051-4e0a-9a79-ede145ae6c9d, command=[]} | ret=SUCCESS |  
2019-08-29 11:31:31,849 | INFO  | SCMAudit | user=jenkins1000 | ip=192.168.5.166 | op=SEND_HEARTBEAT {datanodeUUID=c5b6e20d-bcff-49ea-8dae-ad65ffde277e, command=[]} | ret=SUCCESS |  
2019-08-29 11:31:32,078 | INFO  | SCMAudit | user=jenkins1000 | ip=192.168.5.166 | op=SEND_HEARTBEAT {datanodeUUID=a068682e-110e-41da-8a67-801fcdf01cfd, command=[]} | ret=SUCCESS |  
2019-08-29 11:31:32,181 | INFO  | SCMAudit | user=jenkins1000 | ip=192.168.5.166 | op=SEND_HEARTBEAT {datanodeUUID=3948bd19-9220-440d-91f9-f47c403594d9, command=[]} | ret=SUCCESS |  
2019-08-29 11:31:32,464 | INFO  | SCMAudit | user=jenkins1000 | ip=192.168.5.166 | op=SEND_HEARTBEAT {datanodeUUID=49e00add-b79b-4596-9305-1bdf7934a5c8, command=[]} | ret=SUCCESS |  
2019-08-29 11:31:32,635 [grpc-default-executor-3] INFO  client.GrpcClientProtocolClient (GrpcClientProtocolClient.java:onNext(255)) - client-C20A3CB75F5C->a068682e-110e-41da-8a67-801fcdf01cfd: receive RaftClientReply:client-C20A3CB75F5C->a068682e-110e-41da-8a67-801fcdf01cfd@group-B389B6013009, cid=13, FAILED org.apache.ratis.protocol.NotLeaderException: Server a068682e-110e-41da-8a67-801fcdf01cfd is not the leader (null). Request must be sent to leader., logIndex=0, commits[a068682e-110e-41da-8a67-801fcdf01cfd:c-1, 687fa99e-0a29-471b-8d5d-2536fcd66185:c-1, bc10beaa-b051-4e0a-9a79-ede145ae6c9d:c-1]
2019-08-29 11:31:32,649 | INFO  | SCMAudit | user=jenkins1000 | ip=192.168.5.166 | op=SEND_HEARTBEAT {datanodeUUID=687fa99e-0a29-471b-8d5d-2536fcd66185, command=[]} | ret=SUCCESS |  
2019-08-29 11:31:32,663 | INFO  | SCMAudit | user=jenkins1000 | ip=192.168.5.166 | op=SEND_HEARTBEAT {datanodeUUID=4a086508-4c3b-4d76-b3f3-073e8bcfee64, command=[]} | ret=SUCCESS |  
2019-08-29 11:31:32,785 | INFO  | SCMAudit | user=jenkins1000 | ip=192.168.5.166 | op=SEND_HEARTBEAT {datanodeUUID=bc10beaa-b051-4e0a-9a79-ede145ae6c9d, command=[]} | ret=SUCCESS |  
2019-08-29 11:31:32,848 | INFO  | SCMAudit | user=jenkins1000 | ip=192.168.5.166 | op=SEND_HEARTBEAT {datanodeUUID=c5b6e20d-bcff-49ea-8dae-ad65ffde277e, command=[]} | ret=SUCCESS |  
2019-08-29 11:31:33,079 | INFO  | SCMAudit | user=jenkins1000 | ip=192.168.5.166 | op=SEND_HEARTBEAT {datanodeUUID=a068682e-110e-41da-8a67-801fcdf01cfd, command=[]} | ret=SUCCESS |  
2019-08-29 11:31:33,152 [Thread-330] INFO  impl.FollowerState (FollowerState.java:run(106)) - 687fa99e-0a29-471b-8d5d-2536fcd66185:group-B389B6013009 changes to CANDIDATE, lastRpcTime:5084, electionTimeout:5084ms
2019-08-29 11:31:33,155 [Thread-330] INFO  impl.RoleInfo (RoleInfo.java:shutdownFollowerState(121)) - 687fa99e-0a29-471b-8d5d-2536fcd66185: shutdown FollowerState
2019-08-29 11:31:33,156 [Thread-330] INFO  impl.RaftServerImpl (RaftServerImpl.java:setRole(171)) - 687fa99e-0a29-471b-8d5d-2536fcd66185:group-B389B6013009 changes role from FOLLOWER to CANDIDATE at term 2 for changeToCandidate
2019-08-29 11:31:33,156 [Thread-330] INFO  impl.RoleInfo (RoleInfo.java:updateAndGet(143)) - 687fa99e-0a29-471b-8d5d-2536fcd66185: start LeaderElection
2019-08-29 11:31:33,172 [687fa99e-0a29-471b-8d5d-2536fcd66185:group-B389B6013009:LeaderElection12] INFO  impl.LeaderElection (LeaderElection.java:askForVotes(181)) - 687fa99e-0a29-471b-8d5d-2536fcd66185:group-B389B6013009:LeaderElection12: begin an election at term 3 for -1: [687fa99e-0a29-471b-8d5d-2536fcd66185:192.168.5.166:42900, a068682e-110e-41da-8a67-801fcdf01cfd:192.168.5.166:45244, bc10beaa-b051-4e0a-9a79-ede145ae6c9d:192.168.5.166:34425], old=null
2019-08-29 11:31:33,183 | INFO  | SCMAudit | user=jenkins1000 | ip=192.168.5.166 | op=SEND_HEARTBEAT {datanodeUUID=3948bd19-9220-440d-91f9-f47c403594d9, command=[]} | ret=SUCCESS |  
2019-08-29 11:31:33,189 [grpc-default-executor-3] INFO  impl.RaftServerImpl (RaftServerImpl.java:setRole(171)) - bc10beaa-b051-4e0a-9a79-ede145ae6c9d:group-B389B6013009 changes role from FOLLOWER to FOLLOWER at term 3 for recognizeCandidate:687fa99e-0a29-471b-8d5d-2536fcd66185
2019-08-29 11:31:33,189 [grpc-default-executor-0] INFO  impl.RaftServerImpl (RaftServerImpl.java:setRole(171)) - a068682e-110e-41da-8a67-801fcdf01cfd:group-B389B6013009 changes role from FOLLOWER to FOLLOWER at term 3 for recognizeCandidate:687fa99e-0a29-471b-8d5d-2536fcd66185
2019-08-29 11:31:33,190 [grpc-default-executor-3] INFO  impl.RoleInfo (RoleInfo.java:shutdownFollowerState(121)) - bc10beaa-b051-4e0a-9a79-ede145ae6c9d: shutdown FollowerState
2019-08-29 11:31:33,190 [grpc-default-executor-0] INFO  impl.RoleInfo (RoleInfo.java:shutdownFollowerState(121)) - a068682e-110e-41da-8a67-801fcdf01cfd: shutdown FollowerState
2019-08-29 11:31:33,190 [Thread-338] INFO  impl.FollowerState (FollowerState.java:run(114)) - bc10beaa-b051-4e0a-9a79-ede145ae6c9d: FollowerState was interrupted: java.lang.InterruptedException: sleep interrupted
2019-08-29 11:31:33,190 [Thread-340] INFO  impl.FollowerState (FollowerState.java:run(114)) - a068682e-110e-41da-8a67-801fcdf01cfd: FollowerState was interrupted: java.lang.InterruptedException: sleep interrupted
2019-08-29 11:31:33,190 [grpc-default-executor-3] INFO  impl.RoleInfo (RoleInfo.java:updateAndGet(143)) - bc10beaa-b051-4e0a-9a79-ede145ae6c9d: start FollowerState
2019-08-29 11:31:33,190 [grpc-default-executor-0] INFO  impl.RoleInfo (RoleInfo.java:updateAndGet(143)) - a068682e-110e-41da-8a67-801fcdf01cfd: start FollowerState
2019-08-29 11:31:33,208 [687fa99e-0a29-471b-8d5d-2536fcd66185:group-B389B6013009:LeaderElection12] INFO  impl.LeaderElection (LeaderElection.java:logAndReturn(56)) - 687fa99e-0a29-471b-8d5d-2536fcd66185:group-B389B6013009:LeaderElection12: Election PASSED; received 1 response(s) [687fa99e-0a29-471b-8d5d-2536fcd66185<-bc10beaa-b051-4e0a-9a79-ede145ae6c9d#0:OK-t3] and 0 exception(s); 687fa99e-0a29-471b-8d5d-2536fcd66185:t3, leader=null, voted=687fa99e-0a29-471b-8d5d-2536fcd66185, raftlog=687fa99e-0a29-471b-8d5d-2536fcd66185-SegmentedRaftLog:OPENED:c-1,f-1,i0, conf=-1: [687fa99e-0a29-471b-8d5d-2536fcd66185:192.168.5.166:42900, a068682e-110e-41da-8a67-801fcdf01cfd:192.168.5.166:45244, bc10beaa-b051-4e0a-9a79-ede145ae6c9d:192.168.5.166:34425], old=null
2019-08-29 11:31:33,208 [687fa99e-0a29-471b-8d5d-2536fcd66185:group-B389B6013009:LeaderElection12] INFO  impl.RoleInfo (RoleInfo.java:shutdownLeaderElection(134)) - 687fa99e-0a29-471b-8d5d-2536fcd66185: shutdown LeaderElection
2019-08-29 11:31:33,210 [687fa99e-0a29-471b-8d5d-2536fcd66185:group-B389B6013009:LeaderElection12] INFO  impl.RaftServerImpl (RaftServerImpl.java:setRole(171)) - 687fa99e-0a29-471b-8d5d-2536fcd66185:group-B389B6013009 changes role from CANDIDATE to LEADER at term 3 for changeToLeader
2019-08-29 11:31:33,210 [687fa99e-0a29-471b-8d5d-2536fcd66185:group-B389B6013009:LeaderElection12] INFO  impl.RaftServerImpl (ServerState.java:setLeader(263)) - 687fa99e-0a29-471b-8d5d-2536fcd66185:group-B389B6013009 change Leader from null to 687fa99e-0a29-471b-8d5d-2536fcd66185 at term 3 for becomeLeader, leader elected after 10286ms
2019-08-29 11:31:33,210 [687fa99e-0a29-471b-8d5d-2536fcd66185:group-B389B6013009:LeaderElection12] INFO  server.RaftServerConfigKeys (ConfUtils.java:logGet(43)) - raft.server.staging.catchup.gap = 1000 (default)
2019-08-29 11:31:33,210 [687fa99e-0a29-471b-8d5d-2536fcd66185:group-B389B6013009:LeaderElection12] INFO  server.RaftServerConfigKeys (ConfUtils.java:logGet(43)) - raft.server.rpc.sleep.time = 25ms (default)
2019-08-29 11:31:33,211 [687fa99e-0a29-471b-8d5d-2536fcd66185:group-B389B6013009:LeaderElection12] INFO  server.RaftServerConfigKeys (ConfUtils.java:logGet(43)) - raft.server.write.element-limit = 4096 (default)
2019-08-29 11:31:33,211 [687fa99e-0a29-471b-8d5d-2536fcd66185:group-B389B6013009:LeaderElection12] INFO  server.RaftServerConfigKeys (ConfUtils.java:logGet(43)) - raft.server.watch.timeout = 10s (default)
2019-08-29 11:31:33,211 [687fa99e-0a29-471b-8d5d-2536fcd66185:group-B389B6013009:LeaderElection12] INFO  server.RaftServerConfigKeys (ConfUtils.java:logGet(43)) - raft.server.watch.timeout.denomination = 1s (default)
2019-08-29 11:31:33,211 [687fa99e-0a29-471b-8d5d-2536fcd66185:group-B389B6013009:LeaderElection12] INFO  server.RaftServerConfigKeys (ConfUtils.java:logGet(43)) - raft.server.watch.element-limit = 65536 (default)
2019-08-29 11:31:33,211 [687fa99e-0a29-471b-8d5d-2536fcd66185:group-B389B6013009:LeaderElection12] INFO  server.RaftServerConfigKeys (ConfUtils.java:logGet(43)) - raft.server.log.appender.snapshot.chunk.size.max = 16MB (=16777216) (default)
2019-08-29 11:31:33,212 [687fa99e-0a29-471b-8d5d-2536fcd66185:group-B389B6013009:LeaderElection12] INFO  server.RaftServerConfigKeys (ConfUtils.java:logGet(43)) - raft.server.log.appender.buffer.byte-limit = 33554432 (custom)
2019-08-29 11:31:33,212 [687fa99e-0a29-471b-8d5d-2536fcd66185:group-B389B6013009:LeaderElection12] INFO  server.RaftServerConfigKeys (ConfUtils.java:logGet(43)) - raft.server.log.appender.buffer.element-limit = 1 (custom)
2019-08-29 11:31:33,212 [687fa99e-0a29-471b-8d5d-2536fcd66185:group-B389B6013009:LeaderElection12] INFO  grpc.GrpcConfigKeys$Server (ConfUtils.java:logGet(43)) - raft.grpc.server.leader.outstanding.appends.max = 128 (default)
2019-08-29 11:31:33,212 [687fa99e-0a29-471b-8d5d-2536fcd66185:group-B389B6013009:LeaderElection12] INFO  server.RaftServerConfigKeys (ConfUtils.java:logGet(43)) - raft.server.rpc.request.timeout = 3000ms (default)
2019-08-29 11:31:33,212 [687fa99e-0a29-471b-8d5d-2536fcd66185:group-B389B6013009:LeaderElection12] INFO  server.RaftServerConfigKeys (ConfUtils.java:logGet(43)) - raft.server.log.appender.install.snapshot.enabled = false (custom)
2019-08-29 11:31:33,213 [687fa99e-0a29-471b-8d5d-2536fcd66185:group-B389B6013009:LeaderElection12] INFO  server.RaftServerConfigKeys (ConfUtils.java:logGet(43)) - raft.server.log.appender.snapshot.chunk.size.max = 16MB (=16777216) (default)
2019-08-29 11:31:33,213 [687fa99e-0a29-471b-8d5d-2536fcd66185:group-B389B6013009:LeaderElection12] INFO  server.RaftServerConfigKeys (ConfUtils.java:logGet(43)) - raft.server.log.appender.buffer.byte-limit = 33554432 (custom)
2019-08-29 11:31:33,213 [687fa99e-0a29-471b-8d5d-2536fcd66185:group-B389B6013009:LeaderElection12] INFO  server.RaftServerConfigKeys (ConfUtils.java:logGet(43)) - raft.server.log.appender.buffer.element-limit = 1 (custom)
2019-08-29 11:31:33,213 [687fa99e-0a29-471b-8d5d-2536fcd66185:group-B389B6013009:LeaderElection12] INFO  grpc.GrpcConfigKeys$Server (ConfUtils.java:logGet(43)) - raft.grpc.server.leader.outstanding.appends.max = 128 (default)
2019-08-29 11:31:33,213 [687fa99e-0a29-471b-8d5d-2536fcd66185:group-B389B6013009:LeaderElection12] INFO  server.RaftServerConfigKeys (ConfUtils.java:logGet(43)) - raft.server.rpc.request.timeout = 3000ms (default)
2019-08-29 11:31:33,214 [687fa99e-0a29-471b-8d5d-2536fcd66185:group-B389B6013009:LeaderElection12] INFO  server.RaftServerConfigKeys (ConfUtils.java:logGet(43)) - raft.server.log.appender.install.snapshot.enabled = false (custom)
2019-08-29 11:31:33,214 [687fa99e-0a29-471b-8d5d-2536fcd66185:group-B389B6013009:LeaderElection12] INFO  impl.RoleInfo (RoleInfo.java:updateAndGet(143)) - 687fa99e-0a29-471b-8d5d-2536fcd66185: start LeaderState
2019-08-29 11:31:33,214 [687fa99e-0a29-471b-8d5d-2536fcd66185:group-B389B6013009:LeaderElection12] INFO  segmented.SegmentedRaftLogWorker (SegmentedRaftLogWorker.java:startLogSegment(380)) - 687fa99e-0a29-471b-8d5d-2536fcd66185-SegmentedRaftLogWorker:Storage Directory /workdir/hadoop-ozone/integration-test/target/test-dir/MiniOzoneClusterImpl-4cec5eff-4947-4a55-927f-c543e94153ec/datanode-3/data/ratis/13008043-b313-4d2b-b5a8-b389b6013009: Starting segment from index:0
2019-08-29 11:31:33,215 [687fa99e-0a29-471b-8d5d-2536fcd66185:group-B389B6013009:LeaderElection12] INFO  impl.RaftServerImpl (ServerState.java:setRaftConf(361)) - 687fa99e-0a29-471b-8d5d-2536fcd66185:group-B389B6013009 set configuration 0: [687fa99e-0a29-471b-8d5d-2536fcd66185:192.168.5.166:42900, a068682e-110e-41da-8a67-801fcdf01cfd:192.168.5.166:45244, bc10beaa-b051-4e0a-9a79-ede145ae6c9d:192.168.5.166:34425], old=null at 0
2019-08-29 11:31:33,255 [grpc-default-executor-0] INFO  impl.RaftServerImpl (ServerState.java:setLeader(263)) - a068682e-110e-41da-8a67-801fcdf01cfd:group-B389B6013009 change Leader from null to 687fa99e-0a29-471b-8d5d-2536fcd66185 at term 3 for appendEntries, leader elected after 5086ms
2019-08-29 11:31:33,255 [grpc-default-executor-3] INFO  impl.RaftServerImpl (ServerState.java:setLeader(263)) - bc10beaa-b051-4e0a-9a79-ede145ae6c9d:group-B389B6013009 change Leader from null to 687fa99e-0a29-471b-8d5d-2536fcd66185 at term 3 for appendEntries, leader elected after 10331ms
2019-08-29 11:31:33,260 [grpc-default-executor-3] INFO  impl.RaftServerImpl (ServerState.java:setRaftConf(361)) - a068682e-110e-41da-8a67-801fcdf01cfd:group-B389B6013009 set configuration 0: [687fa99e-0a29-471b-8d5d-2536fcd66185:192.168.5.166:42900, a068682e-110e-41da-8a67-801fcdf01cfd:192.168.5.166:45244, bc10beaa-b051-4e0a-9a79-ede145ae6c9d:192.168.5.166:34425], old=null at 0
2019-08-29 11:31:33,260 [grpc-default-executor-0] INFO  impl.RaftServerImpl (ServerState.java:setRaftConf(361)) - bc10beaa-b051-4e0a-9a79-ede145ae6c9d:group-B389B6013009 set configuration 0: [687fa99e-0a29-471b-8d5d-2536fcd66185:192.168.5.166:42900, a068682e-110e-41da-8a67-801fcdf01cfd:192.168.5.166:45244, bc10beaa-b051-4e0a-9a79-ede145ae6c9d:192.168.5.166:34425], old=null at 0
2019-08-29 11:31:33,260 [grpc-default-executor-0] INFO  segmented.SegmentedRaftLogWorker (SegmentedRaftLogWorker.java:startLogSegment(380)) - bc10beaa-b051-4e0a-9a79-ede145ae6c9d-SegmentedRaftLogWorker:Storage Directory /workdir/hadoop-ozone/integration-test/target/test-dir/MiniOzoneClusterImpl-4cec5eff-4947-4a55-927f-c543e94153ec/datanode-0/data/ratis/13008043-b313-4d2b-b5a8-b389b6013009: Starting segment from index:0
2019-08-29 11:31:33,264 [grpc-default-executor-3] INFO  segmented.SegmentedRaftLogWorker (SegmentedRaftLogWorker.java:truncate(396)) - a068682e-110e-41da-8a67-801fcdf01cfd-SegmentedRaftLogWorker:Storage Directory /workdir/hadoop-ozone/integration-test/target/test-dir/MiniOzoneClusterImpl-4cec5eff-4947-4a55-927f-c543e94153ec/datanode-1/data/ratis/13008043-b313-4d2b-b5a8-b389b6013009: Truncating segments toTruncate: null
  toDelete: [(0, 0) isOpen? true, length=0, newEndIndex=-1], start index 0
2019-08-29 11:31:33,265 [grpc-default-executor-3] INFO  segmented.SegmentedRaftLogWorker (SegmentedRaftLogWorker.java:startLogSegment(380)) - a068682e-110e-41da-8a67-801fcdf01cfd-SegmentedRaftLogWorker:Storage Directory /workdir/hadoop-ozone/integration-test/target/test-dir/MiniOzoneClusterImpl-4cec5eff-4947-4a55-927f-c543e94153ec/datanode-1/data/ratis/13008043-b313-4d2b-b5a8-b389b6013009: Starting segment from index:0
2019-08-29 11:31:33,267 [a068682e-110e-41da-8a67-801fcdf01cfd-SegmentedRaftLogWorker:Storage Directory /workdir/hadoop-ozone/integration-test/target/test-dir/MiniOzoneClusterImpl-4cec5eff-4947-4a55-927f-c543e94153ec/datanode-1/data/ratis/13008043-b313-4d2b-b5a8-b389b6013009] INFO  segmented.SegmentedRaftLogWorker (SegmentedRaftLogWorker.java:execute(633)) - a068682e-110e-41da-8a67-801fcdf01cfd-SegmentedRaftLogWorker:Storage Directory /workdir/hadoop-ozone/integration-test/target/test-dir/MiniOzoneClusterImpl-4cec5eff-4947-4a55-927f-c543e94153ec/datanode-1/data/ratis/13008043-b313-4d2b-b5a8-b389b6013009: Deleted log file /workdir/hadoop-ozone/integration-test/target/test-dir/MiniOzoneClusterImpl-4cec5eff-4947-4a55-927f-c543e94153ec/datanode-1/data/ratis/13008043-b313-4d2b-b5a8-b389b6013009/current/log_inprogress_0
2019-08-29 11:31:33,267 [a068682e-110e-41da-8a67-801fcdf01cfd-SegmentedRaftLogWorker:Storage Directory /workdir/hadoop-ozone/integration-test/target/test-dir/MiniOzoneClusterImpl-4cec5eff-4947-4a55-927f-c543e94153ec/datanode-1/data/ratis/13008043-b313-4d2b-b5a8-b389b6013009] INFO  segmented.SegmentedRaftLogWorker (SegmentedRaftLogWorker.java:lambda$new$0(132)) - a068682e-110e-41da-8a67-801fcdf01cfd-SegmentedRaftLogWorker:Storage Directory /workdir/hadoop-ozone/integration-test/target/test-dir/MiniOzoneClusterImpl-4cec5eff-4947-4a55-927f-c543e94153ec/datanode-1/data/ratis/13008043-b313-4d2b-b5a8-b389b6013009: flushIndex: setUnconditionally 0 -> -1
2019-08-29 11:31:33,276 [687fa99e-0a29-471b-8d5d-2536fcd66185-SegmentedRaftLogWorker:Storage Directory /workdir/hadoop-ozone/integration-test/target/test-dir/MiniOzoneClusterImpl-4cec5eff-4947-4a55-927f-c543e94153ec/datanode-3/data/ratis/13008043-b313-4d2b-b5a8-b389b6013009] INFO  segmented.SegmentedRaftLogWorker (SegmentedRaftLogWorker.java:execute(569)) - 687fa99e-0a29-471b-8d5d-2536fcd66185-SegmentedRaftLogWorker:Storage Directory /workdir/hadoop-ozone/integration-test/target/test-dir/MiniOzoneClusterImpl-4cec5eff-4947-4a55-927f-c543e94153ec/datanode-3/data/ratis/13008043-b313-4d2b-b5a8-b389b6013009: created new log segment /workdir/hadoop-ozone/integration-test/target/test-dir/MiniOzoneClusterImpl-4cec5eff-4947-4a55-927f-c543e94153ec/datanode-3/data/ratis/13008043-b313-4d2b-b5a8-b389b6013009/current/log_inprogress_0
2019-08-29 11:31:33,320 [bc10beaa-b051-4e0a-9a79-ede145ae6c9d-SegmentedRaftLogWorker:Storage Directory /workdir/hadoop-ozone/integration-test/target/test-dir/MiniOzoneClusterImpl-4cec5eff-4947-4a55-927f-c543e94153ec/datanode-0/data/ratis/13008043-b313-4d2b-b5a8-b389b6013009] INFO  segmented.SegmentedRaftLogWorker (SegmentedRaftLogWorker.java:execute(569)) - bc10beaa-b051-4e0a-9a79-ede145ae6c9d-SegmentedRaftLogWorker:Storage Directory /workdir/hadoop-ozone/integration-test/target/test-dir/MiniOzoneClusterImpl-4cec5eff-4947-4a55-927f-c543e94153ec/datanode-0/data/ratis/13008043-b313-4d2b-b5a8-b389b6013009: created new log segment /workdir/hadoop-ozone/integration-test/target/test-dir/MiniOzoneClusterImpl-4cec5eff-4947-4a55-927f-c543e94153ec/datanode-0/data/ratis/13008043-b313-4d2b-b5a8-b389b6013009/current/log_inprogress_0
2019-08-29 11:31:33,320 [a068682e-110e-41da-8a67-801fcdf01cfd-SegmentedRaftLogWorker:Storage Directory /workdir/hadoop-ozone/integration-test/target/test-dir/MiniOzoneClusterImpl-4cec5eff-4947-4a55-927f-c543e94153ec/datanode-1/data/ratis/13008043-b313-4d2b-b5a8-b389b6013009] INFO  segmented.SegmentedRaftLogWorker (SegmentedRaftLogWorker.java:execute(569)) - a068682e-110e-41da-8a67-801fcdf01cfd-SegmentedRaftLogWorker:Storage Directory /workdir/hadoop-ozone/integration-test/target/test-dir/MiniOzoneClusterImpl-4cec5eff-4947-4a55-927f-c543e94153ec/datanode-1/data/ratis/13008043-b313-4d2b-b5a8-b389b6013009: created new log segment /workdir/hadoop-ozone/integration-test/target/test-dir/MiniOzoneClusterImpl-4cec5eff-4947-4a55-927f-c543e94153ec/datanode-1/data/ratis/13008043-b313-4d2b-b5a8-b389b6013009/current/log_inprogress_0
2019-08-29 11:31:33,464 | INFO  | SCMAudit | user=jenkins1000 | ip=192.168.5.166 | op=SEND_HEARTBEAT {datanodeUUID=49e00add-b79b-4596-9305-1bdf7934a5c8, command=[]} | ret=SUCCESS |  
2019-08-29 11:31:33,649 | INFO  | SCMAudit | user=jenkins1000 | ip=192.168.5.166 | op=SEND_HEARTBEAT {datanodeUUID=687fa99e-0a29-471b-8d5d-2536fcd66185, command=[]} | ret=SUCCESS |  
2019-08-29 11:31:33,661 [grpc-default-executor-3] INFO  client.GrpcClientProtocolClient (GrpcClientProtocolClient.java:onNext(255)) - client-C20A3CB75F5C->bc10beaa-b051-4e0a-9a79-ede145ae6c9d: receive RaftClientReply:client-C20A3CB75F5C->bc10beaa-b051-4e0a-9a79-ede145ae6c9d@group-B389B6013009, cid=13, FAILED org.apache.ratis.protocol.NotLeaderException: Server bc10beaa-b051-4e0a-9a79-ede145ae6c9d is not the leader (687fa99e-0a29-471b-8d5d-2536fcd66185:192.168.5.166:42900). Request must be sent to leader., logIndex=0, commits[bc10beaa-b051-4e0a-9a79-ede145ae6c9d:c-1, 687fa99e-0a29-471b-8d5d-2536fcd66185:c-1, a068682e-110e-41da-8a67-801fcdf01cfd:c-1]
2019-08-29 11:31:33,676 | INFO  | SCMAudit | user=jenkins1000 | ip=192.168.5.166 | op=SEND_HEARTBEAT {datanodeUUID=4a086508-4c3b-4d76-b3f3-073e8bcfee64, command=[]} | ret=SUCCESS |  
2019-08-29 11:31:33,786 | INFO  | SCMAudit | user=jenkins1000 | ip=192.168.5.166 | op=SEND_HEARTBEAT {datanodeUUID=bc10beaa-b051-4e0a-9a79-ede145ae6c9d, command=[]} | ret=SUCCESS |  
2019-08-29 11:31:33,849 | INFO  | SCMAudit | user=jenkins1000 | ip=192.168.5.166 | op=SEND_HEARTBEAT {datanodeUUID=c5b6e20d-bcff-49ea-8dae-ad65ffde277e, command=[]} | ret=SUCCESS |  
2019-08-29 11:31:33,915 | INFO  | SCMAudit | user=jenkins1000 | ip=192.168.5.166 | op=SEND_HEARTBEAT {datanodeUUID=687fa99e-0a29-471b-8d5d-2536fcd66185, command=[]} | ret=SUCCESS |  
2019-08-29 11:31:33,938 | INFO  | DNAudit | user=null | ip=null | op=WRITE_CHUNK {blockData=conID: 1 locID: 102700042367336449 bcsId: 0} | ret=SUCCESS |  
2019-08-29 11:31:33,961 | INFO  | DNAudit | user=null | ip=null | op=WRITE_CHUNK {blockData=conID: 1 locID: 102700042367336449 bcsId: 0} | ret=SUCCESS |  
2019-08-29 11:31:33,961 | INFO  | DNAudit | user=null | ip=null | op=WRITE_CHUNK {blockData=conID: 1 locID: 102700042367336449 bcsId: 0} | ret=SUCCESS |  
2019-08-29 11:31:33,962 | INFO  | SCMAudit | user=jenkins1000 | ip=192.168.5.166 | op=SEND_HEARTBEAT {datanodeUUID=a068682e-110e-41da-8a67-801fcdf01cfd, command=[]} | ret=SUCCESS |  
2019-08-29 11:31:33,962 | INFO  | SCMAudit | user=jenkins1000 | ip=192.168.5.166 | op=SEND_HEARTBEAT {datanodeUUID=bc10beaa-b051-4e0a-9a79-ede145ae6c9d, command=[]} | ret=SUCCESS |  
2019-08-29 11:31:33,979 | INFO  | DNAudit | user=null | ip=null | op=WRITE_CHUNK {blockData=conID: 1 locID: 102700042367336449 bcsId: 0} | ret=SUCCESS |  
2019-08-29 11:31:33,997 [grpc-default-executor-0] INFO  client.GrpcClientProtocolClient (GrpcClientProtocolClient.java:onNext(255)) - client-C20A3CB75F5C->687fa99e-0a29-471b-8d5d-2536fcd66185: receive RaftClientReply:client-C20A3CB75F5C->687fa99e-0a29-471b-8d5d-2536fcd66185@group-B389B6013009, cid=13, SUCCESS, logIndex=1, commits[687fa99e-0a29-471b-8d5d-2536fcd66185:c1, a068682e-110e-41da-8a67-801fcdf01cfd:c0, bc10beaa-b051-4e0a-9a79-ede145ae6c9d:c0]
2019-08-29 11:31:33,998 | INFO  | DNAudit | user=null | ip=null | op=WRITE_CHUNK {blockData=conID: 1 locID: 102700042367336449 bcsId: 0} | ret=SUCCESS |  
2019-08-29 11:31:33,998 | INFO  | DNAudit | user=null | ip=null | op=WRITE_CHUNK {blockData=conID: 1 locID: 102700042367336449 bcsId: 0} | ret=SUCCESS |  
2019-08-29 11:31:34,018 | INFO  | DNAudit | user=null | ip=null | op=WRITE_CHUNK {blockData=conID: 1 locID: 102700042367336449 bcsId: 0} | ret=SUCCESS |  
2019-08-29 11:31:34,021 | INFO  | DNAudit | user=null | ip=null | op=WRITE_CHUNK {blockData=conID: 1 locID: 102700042367336449 bcsId: 0} | ret=SUCCESS |  
2019-08-29 11:31:34,021 | INFO  | DNAudit | user=null | ip=null | op=WRITE_CHUNK {blockData=conID: 1 locID: 102700042367336449 bcsId: 0} | ret=SUCCESS |  
2019-08-29 11:31:34,029 | INFO  | DNAudit | user=null | ip=null | op=WRITE_CHUNK {blockData=conID: 1 locID: 102700042367336449 bcsId: 0} | ret=SUCCESS |  
2019-08-29 11:31:34,030 | INFO  | DNAudit | user=null | ip=null | op=WRITE_CHUNK {blockData=conID: 1 locID: 102700042367336449 bcsId: 0} | ret=SUCCESS |  
2019-08-29 11:31:34,034 | INFO  | DNAudit | user=null | ip=null | op=WRITE_CHUNK {blockData=conID: 1 locID: 102700042367336449 bcsId: 0} | ret=SUCCESS |  
2019-08-29 11:31:34,035 | INFO  | DNAudit | user=null | ip=null | op=WRITE_CHUNK {blockData=conID: 1 locID: 102700042367336449 bcsId: 0} | ret=SUCCESS |  
2019-08-29 11:31:34,037 | INFO  | DNAudit | user=null | ip=null | op=WRITE_CHUNK {blockData=conID: 1 locID: 102700042367336449 bcsId: 0} | ret=SUCCESS |  
2019-08-29 11:31:34,037 | INFO  | DNAudit | user=null | ip=null | op=WRITE_CHUNK {blockData=conID: 1 locID: 102700042367336449 bcsId: 0} | ret=SUCCESS |  
2019-08-29 11:31:34,039 | INFO  | DNAudit | user=null | ip=null | op=WRITE_CHUNK {blockData=conID: 1 locID: 102700042367336449 bcsId: 0} | ret=SUCCESS |  
2019-08-29 11:31:34,053 [grpc-default-executor-5] INFO  client.GrpcClientProtocolClient (GrpcClientProtocolClient.java:onNext(255)) - client-C20A3CB75F5C->687fa99e-0a29-471b-8d5d-2536fcd66185: receive RaftClientReply:client-C20A3CB75F5C->687fa99e-0a29-471b-8d5d-2536fcd66185@group-B389B6013009, cid=14, SUCCESS, logIndex=3, commits[687fa99e-0a29-471b-8d5d-2536fcd66185:c4, a068682e-110e-41da-8a67-801fcdf01cfd:c2, bc10beaa-b051-4e0a-9a79-ede145ae6c9d:c1]
2019-08-29 11:31:34,065 | INFO  | DNAudit | user=null | ip=null | op=WRITE_CHUNK {blockData=conID: 1 locID: 102700042367336449 bcsId: 0} | ret=SUCCESS |  
2019-08-29 11:31:34,075 | INFO  | DNAudit | user=null | ip=null | op=WRITE_CHUNK {blockData=conID: 1 locID: 102700042367336449 bcsId: 0} | ret=SUCCESS |  
2019-08-29 11:31:34,141 | INFO  | DNAudit | user=null | ip=null | op=PUT_BLOCK {blockData=[blockId=conID: 1 locID: 102700042367336449 bcsId: 0,size=200]} | ret=SUCCESS |  
2019-08-29 11:31:34,144 | INFO  | DNAudit | user=null | ip=null | op=WRITE_CHUNK {blockData=conID: 1 locID: 102700042367336449 bcsId: 0} | ret=SUCCESS |  
2019-08-29 11:31:34,145 | INFO  | DNAudit | user=null | ip=null | op=WRITE_CHUNK {blockData=conID: 1 locID: 102700042367336449 bcsId: 0} | ret=SUCCESS |  
2019-08-29 11:31:34,146 [grpc-default-executor-0] INFO  client.GrpcClientProtocolClient (GrpcClientProtocolClient.java:onNext(255)) - client-C20A3CB75F5C->687fa99e-0a29-471b-8d5d-2536fcd66185: receive RaftClientReply:client-C20A3CB75F5C->687fa99e-0a29-471b-8d5d-2536fcd66185@group-B389B6013009, cid=15, SUCCESS, logIndex=4, commits[687fa99e-0a29-471b-8d5d-2536fcd66185:c12, a068682e-110e-41da-8a67-801fcdf01cfd:c7, bc10beaa-b051-4e0a-9a79-ede145ae6c9d:c7]
2019-08-29 11:31:34,149 [grpc-default-executor-0] INFO  client.GrpcClientProtocolClient (GrpcClientProtocolClient.java:onNext(255)) - client-C20A3CB75F5C->687fa99e-0a29-471b-8d5d-2536fcd66185: receive RaftClientReply:client-C20A3CB75F5C->687fa99e-0a29-471b-8d5d-2536fcd66185@group-B389B6013009, cid=16, SUCCESS, logIndex=5, commits[687fa99e-0a29-471b-8d5d-2536fcd66185:c12, a068682e-110e-41da-8a67-801fcdf01cfd:c7, bc10beaa-b051-4e0a-9a79-ede145ae6c9d:c7]
2019-08-29 11:31:34,150 [grpc-default-executor-0] INFO  client.GrpcClientProtocolClient (GrpcClientProtocolClient.java:onNext(255)) - client-C20A3CB75F5C->687fa99e-0a29-471b-8d5d-2536fcd66185: receive RaftClientReply:client-C20A3CB75F5C->687fa99e-0a29-471b-8d5d-2536fcd66185@group-B389B6013009, cid=17, SUCCESS, logIndex=6, commits[687fa99e-0a29-471b-8d5d-2536fcd66185:c12, a068682e-110e-41da-8a67-801fcdf01cfd:c7, bc10beaa-b051-4e0a-9a79-ede145ae6c9d:c7]
2019-08-29 11:31:34,178 | INFO  | DNAudit | user=null | ip=null | op=PUT_BLOCK {blockData=[blockId=conID: 1 locID: 102700042367336449 bcsId: 0,size=200]} | ret=SUCCESS |  
2019-08-29 11:31:34,179 | INFO  | DNAudit | user=null | ip=null | op=WRITE_CHUNK {blockData=conID: 1 locID: 102700042367336449 bcsId: 0} | ret=SUCCESS |  
2019-08-29 11:31:34,180 | INFO  | DNAudit | user=null | ip=null | op=WRITE_CHUNK {blockData=conID: 1 locID: 102700042367336449 bcsId: 0} | ret=SUCCESS |  
2019-08-29 11:31:34,183 | INFO  | SCMAudit | user=jenkins1000 | ip=192.168.5.166 | op=SEND_HEARTBEAT {datanodeUUID=3948bd19-9220-440d-91f9-f47c403594d9, command=[]} | ret=SUCCESS |  
2019-08-29 11:31:34,216 | INFO  | DNAudit | user=null | ip=null | op=PUT_BLOCK {blockData=[blockId=conID: 1 locID: 102700042367336449 bcsId: 0,size=400]} | ret=SUCCESS |  
2019-08-29 11:31:34,216 | INFO  | DNAudit | user=null | ip=null | op=PUT_BLOCK {blockData=[blockId=conID: 1 locID: 102700042367336449 bcsId: 0,size=400]} | ret=SUCCESS |  
2019-08-29 11:31:34,218 | INFO  | DNAudit | user=null | ip=null | op=PUT_BLOCK {blockData=[blockId=conID: 1 locID: 102700042367336449 bcsId: 0,size=200]} | ret=SUCCESS |  
2019-08-29 11:31:34,219 | INFO  | DNAudit | user=null | ip=null | op=WRITE_CHUNK {blockData=conID: 1 locID: 102700042367336449 bcsId: 0} | ret=SUCCESS |  
2019-08-29 11:31:34,219 | INFO  | DNAudit | user=null | ip=null | op=WRITE_CHUNK {blockData=conID: 1 locID: 102700042367336449 bcsId: 0} | ret=SUCCESS |  
2019-08-29 11:31:34,220 | INFO  | DNAudit | user=null | ip=null | op=PUT_BLOCK {blockData=[blockId=conID: 1 locID: 102700042367336449 bcsId: 0,size=400]} | ret=SUCCESS |  
2019-08-29 11:31:34,220 [grpc-default-executor-0] INFO  client.GrpcClientProtocolClient (GrpcClientProtocolClient.java:onNext(255)) - client-C20A3CB75F5C->687fa99e-0a29-471b-8d5d-2536fcd66185: receive RaftClientReply:client-C20A3CB75F5C->687fa99e-0a29-471b-8d5d-2536fcd66185@group-B389B6013009, cid=18, SUCCESS, logIndex=7, commits[687fa99e-0a29-471b-8d5d-2536fcd66185:c12, a068682e-110e-41da-8a67-801fcdf01cfd:c7, bc10beaa-b051-4e0a-9a79-ede145ae6c9d:c7]
2019-08-29 11:31:34,230 | INFO  | DNAudit | user=null | ip=null | op=WRITE_CHUNK {blockData=conID: 1 locID: 102700042367336449 bcsId: 7} | ret=SUCCESS |  
2019-08-29 11:31:34,232 | INFO  | DNAudit | user=null | ip=null | op=WRITE_CHUNK {blockData=conID: 1 locID: 102700042367336449 bcsId: 7} | ret=SUCCESS |  
2019-08-29 11:31:34,232 | INFO  | DNAudit | user=null | ip=null | op=WRITE_CHUNK {blockData=conID: 1 locID: 102700042367336449 bcsId: 7} | ret=SUCCESS |  
2019-08-29 11:31:34,245 | INFO  | DNAudit | user=null | ip=null | op=WRITE_CHUNK {blockData=conID: 1 locID: 102700042367336449 bcsId: 7} | ret=SUCCESS |  
2019-08-29 11:31:34,248 [grpc-default-executor-0] INFO  client.GrpcClientProtocolClient (GrpcClientProtocolClient.java:onNext(255)) - client-C20A3CB75F5C->687fa99e-0a29-471b-8d5d-2536fcd66185: receive RaftClientReply:client-C20A3CB75F5C->687fa99e-0a29-471b-8d5d-2536fcd66185@group-B389B6013009, cid=19, SUCCESS, logIndex=13, commits[687fa99e-0a29-471b-8d5d-2536fcd66185:c13, a068682e-110e-41da-8a67-801fcdf01cfd:c12, bc10beaa-b051-4e0a-9a79-ede145ae6c9d:c12]
2019-08-29 11:31:34,252 | INFO  | DNAudit | user=null | ip=null | op=PUT_BLOCK {blockData=[blockId=conID: 1 locID: 102700042367336449 bcsId: 0,size=450]} | ret=SUCCESS |  
2019-08-29 11:31:34,252 | INFO  | DNAudit | user=null | ip=null | op=WRITE_CHUNK {blockData=conID: 1 locID: 102700042367336449 bcsId: 7} | ret=SUCCESS |  
2019-08-29 11:31:34,253 | INFO  | DNAudit | user=null | ip=null | op=WRITE_CHUNK {blockData=conID: 1 locID: 102700042367336449 bcsId: 7} | ret=SUCCESS |  
2019-08-29 11:31:34,254 [grpc-default-executor-0] INFO  client.GrpcClientProtocolClient (GrpcClientProtocolClient.java:onNext(255)) - client-C20A3CB75F5C->687fa99e-0a29-471b-8d5d-2536fcd66185: receive RaftClientReply:client-C20A3CB75F5C->687fa99e-0a29-471b-8d5d-2536fcd66185@group-B389B6013009, cid=20, SUCCESS, logIndex=14, commits[687fa99e-0a29-471b-8d5d-2536fcd66185:c14, a068682e-110e-41da-8a67-801fcdf01cfd:c12, bc10beaa-b051-4e0a-9a79-ede145ae6c9d:c12]
2019-08-29 11:31:34,464 | INFO  | SCMAudit | user=jenkins1000 | ip=192.168.5.166 | op=SEND_HEARTBEAT {datanodeUUID=49e00add-b79b-4596-9305-1bdf7934a5c8, command=[]} | ret=SUCCESS |  
2019-08-29 11:31:34,665 | INFO  | SCMAudit | user=jenkins1000 | ip=192.168.5.166 | op=SEND_HEARTBEAT {datanodeUUID=4a086508-4c3b-4d76-b3f3-073e8bcfee64, command=[]} | ret=SUCCESS |  
2019-08-29 11:31:34,849 | INFO  | SCMAudit | user=jenkins1000 | ip=192.168.5.166 | op=SEND_HEARTBEAT {datanodeUUID=c5b6e20d-bcff-49ea-8dae-ad65ffde277e, command=[]} | ret=SUCCESS |  
2019-08-29 11:31:34,895 | INFO  | SCMAudit | user=jenkins1000 | ip=192.168.5.166 | op=SEND_HEARTBEAT {datanodeUUID=687fa99e-0a29-471b-8d5d-2536fcd66185, command=[]} | ret=SUCCESS |  
2019-08-29 11:31:34,959 | INFO  | SCMAudit | user=jenkins1000 | ip=192.168.5.166 | op=SEND_HEARTBEAT {datanodeUUID=a068682e-110e-41da-8a67-801fcdf01cfd, command=[]} | ret=SUCCESS |  
2019-08-29 11:31:34,959 | INFO  | SCMAudit | user=jenkins1000 | ip=192.168.5.166 | op=SEND_HEARTBEAT {datanodeUUID=bc10beaa-b051-4e0a-9a79-ede145ae6c9d, command=[]} | ret=SUCCESS |  
2019-08-29 11:31:35,185 | INFO  | SCMAudit | user=jenkins1000 | ip=192.168.5.166 | op=SEND_HEARTBEAT {datanodeUUID=3948bd19-9220-440d-91f9-f47c403594d9, command=[]} | ret=SUCCESS |  
2019-08-29 11:31:35,266 [main] WARN  scm.XceiverClientRatis (XceiverClientRatis.java:watchForCommit(262)) - 3 way commit failed on pipeline Pipeline[ Id: 13008043-b313-4d2b-b5a8-b389b6013009, Nodes: a068682e-110e-41da-8a67-801fcdf01cfd{ip: 192.168.5.166, host: pr-hdds-2030-qplxq-3692370286, networkLocation: /default-rack, certSerialId: null}bc10beaa-b051-4e0a-9a79-ede145ae6c9d{ip: 192.168.5.166, host: pr-hdds-2030-qplxq-3692370286, networkLocation: /default-rack, certSerialId: null}687fa99e-0a29-471b-8d5d-2536fcd66185{ip: 192.168.5.166, host: pr-hdds-2030-qplxq-3692370286, networkLocation: /default-rack, certSerialId: null}, Type:RATIS, Factor:THREE, State:OPEN]
java.util.concurrent.TimeoutException
	at java.util.concurrent.CompletableFuture.timedGet(CompletableFuture.java:1771)
	at java.util.concurrent.CompletableFuture.get(CompletableFuture.java:1915)
	at org.apache.hadoop.hdds.scm.XceiverClientRatis.watchForCommit(XceiverClientRatis.java:259)
	at org.apache.hadoop.hdds.scm.storage.CommitWatcher.watchForCommit(CommitWatcher.java:194)
	at org.apache.hadoop.hdds.scm.storage.CommitWatcher.watchOnLastIndex(CommitWatcher.java:157)
	at org.apache.hadoop.hdds.scm.storage.BlockOutputStream.watchForCommit(BlockOutputStream.java:347)
	at org.apache.hadoop.hdds.scm.storage.BlockOutputStream.handleFlush(BlockOutputStream.java:479)
	at org.apache.hadoop.hdds.scm.storage.BlockOutputStream.flush(BlockOutputStream.java:428)
	at org.apache.hadoop.ozone.client.io.BlockOutputStreamEntry.flush(BlockOutputStreamEntry.java:136)
	at org.apache.hadoop.ozone.client.io.KeyOutputStream.handleFlushOrClose(KeyOutputStream.java:442)
	at org.apache.hadoop.ozone.client.io.KeyOutputStream.flush(KeyOutputStream.java:396)
	at org.apache.hadoop.ozone.client.io.OzoneOutputStream.flush(OzoneOutputStream.java:54)
	at org.apache.hadoop.ozone.client.rpc.TestBlockOutputStreamWithFailures.test2DatanodesFailure(TestBlockOutputStreamWithFailures.java:461)
	at sun.reflect.NativeMethodAccessorImpl.invoke0(Native Method)
	at sun.reflect.NativeMethodAccessorImpl.invoke(NativeMethodAccessorImpl.java:62)
	at sun.reflect.DelegatingMethodAccessorImpl.invoke(DelegatingMethodAccessorImpl.java:43)
	at java.lang.reflect.Method.invoke(Method.java:498)
	at org.junit.runners.model.FrameworkMethod$1.runReflectiveCall(FrameworkMethod.java:47)
	at org.junit.internal.runners.model.ReflectiveCallable.run(ReflectiveCallable.java:12)
	at org.junit.runners.model.FrameworkMethod.invokeExplosively(FrameworkMethod.java:44)
	at org.junit.internal.runners.statements.InvokeMethod.evaluate(InvokeMethod.java:17)
	at org.junit.internal.runners.statements.RunBefores.evaluate(RunBefores.java:26)
	at org.junit.internal.runners.statements.RunAfters.evaluate(RunAfters.java:27)
	at org.junit.runners.ParentRunner.runLeaf(ParentRunner.java:271)
	at org.junit.runners.BlockJUnit4ClassRunner.runChild(BlockJUnit4ClassRunner.java:70)
	at org.junit.runners.BlockJUnit4ClassRunner.runChild(BlockJUnit4ClassRunner.java:50)
	at org.junit.runners.ParentRunner$3.run(ParentRunner.java:238)
	at org.junit.runners.ParentRunner$1.schedule(ParentRunner.java:63)
	at org.junit.runners.ParentRunner.runChildren(ParentRunner.java:236)
	at org.junit.runners.ParentRunner.access$000(ParentRunner.java:53)
	at org.junit.runners.ParentRunner$2.evaluate(ParentRunner.java:229)
	at org.junit.runners.ParentRunner.run(ParentRunner.java:309)
	at org.apache.maven.surefire.junit4.JUnit4Provider.execute(JUnit4Provider.java:365)
	at org.apache.maven.surefire.junit4.JUnit4Provider.executeWithRerun(JUnit4Provider.java:273)
	at org.apache.maven.surefire.junit4.JUnit4Provider.executeTestSet(JUnit4Provider.java:238)
	at org.apache.maven.surefire.junit4.JUnit4Provider.invoke(JUnit4Provider.java:159)
	at org.apache.maven.surefire.booter.ForkedBooter.invokeProviderInSameClassLoader(ForkedBooter.java:384)
	at org.apache.maven.surefire.booter.ForkedBooter.runSuitesInProcess(ForkedBooter.java:345)
	at org.apache.maven.surefire.booter.ForkedBooter.execute(ForkedBooter.java:126)
	at org.apache.maven.surefire.booter.ForkedBooter.main(ForkedBooter.java:418)
2019-08-29 11:31:35,463 | INFO  | SCMAudit | user=jenkins1000 | ip=192.168.5.166 | op=SEND_HEARTBEAT {datanodeUUID=49e00add-b79b-4596-9305-1bdf7934a5c8, command=[]} | ret=SUCCESS |  
2019-08-29 11:31:35,665 | INFO  | SCMAudit | user=jenkins1000 | ip=192.168.5.166 | op=SEND_HEARTBEAT {datanodeUUID=4a086508-4c3b-4d76-b3f3-073e8bcfee64, command=[]} | ret=SUCCESS |  
2019-08-29 11:31:35,849 | INFO  | SCMAudit | user=jenkins1000 | ip=192.168.5.166 | op=SEND_HEARTBEAT {datanodeUUID=c5b6e20d-bcff-49ea-8dae-ad65ffde277e, command=[]} | ret=SUCCESS |  
2019-08-29 11:31:35,895 | INFO  | SCMAudit | user=jenkins1000 | ip=192.168.5.166 | op=SEND_HEARTBEAT {datanodeUUID=687fa99e-0a29-471b-8d5d-2536fcd66185, command=[]} | ret=SUCCESS |  
2019-08-29 11:31:35,959 | INFO  | SCMAudit | user=jenkins1000 | ip=192.168.5.166 | op=SEND_HEARTBEAT {datanodeUUID=a068682e-110e-41da-8a67-801fcdf01cfd, command=[]} | ret=SUCCESS |  
2019-08-29 11:31:35,959 | INFO  | SCMAudit | user=jenkins1000 | ip=192.168.5.166 | op=SEND_HEARTBEAT {datanodeUUID=bc10beaa-b051-4e0a-9a79-ede145ae6c9d, command=[]} | ret=SUCCESS |  
2019-08-29 11:31:36,185 | INFO  | SCMAudit | user=jenkins1000 | ip=192.168.5.166 | op=SEND_HEARTBEAT {datanodeUUID=3948bd19-9220-440d-91f9-f47c403594d9, command=[]} | ret=SUCCESS |  
2019-08-29 11:31:36,270 [main] WARN  storage.CommitWatcher (CommitWatcher.java:watchForCommit(203)) - watchForCommit failed for index 14
java.util.concurrent.TimeoutException
	at java.util.concurrent.CompletableFuture.timedGet(CompletableFuture.java:1771)
	at java.util.concurrent.CompletableFuture.get(CompletableFuture.java:1915)
	at org.apache.hadoop.hdds.scm.XceiverClientRatis.watchForCommit(XceiverClientRatis.java:268)
	at org.apache.hadoop.hdds.scm.storage.CommitWatcher.watchForCommit(CommitWatcher.java:194)
	at org.apache.hadoop.hdds.scm.storage.CommitWatcher.watchOnLastIndex(CommitWatcher.java:157)
	at org.apache.hadoop.hdds.scm.storage.BlockOutputStream.watchForCommit(BlockOutputStream.java:347)
	at org.apache.hadoop.hdds.scm.storage.BlockOutputStream.handleFlush(BlockOutputStream.java:479)
	at org.apache.hadoop.hdds.scm.storage.BlockOutputStream.flush(BlockOutputStream.java:428)
	at org.apache.hadoop.ozone.client.io.BlockOutputStreamEntry.flush(BlockOutputStreamEntry.java:136)
	at org.apache.hadoop.ozone.client.io.KeyOutputStream.handleFlushOrClose(KeyOutputStream.java:442)
	at org.apache.hadoop.ozone.client.io.KeyOutputStream.flush(KeyOutputStream.java:396)
	at org.apache.hadoop.ozone.client.io.OzoneOutputStream.flush(OzoneOutputStream.java:54)
	at org.apache.hadoop.ozone.client.rpc.TestBlockOutputStreamWithFailures.test2DatanodesFailure(TestBlockOutputStreamWithFailures.java:461)
	at sun.reflect.NativeMethodAccessorImpl.invoke0(Native Method)
	at sun.reflect.NativeMethodAccessorImpl.invoke(NativeMethodAccessorImpl.java:62)
	at sun.reflect.DelegatingMethodAccessorImpl.invoke(DelegatingMethodAccessorImpl.java:43)
	at java.lang.reflect.Method.invoke(Method.java:498)
	at org.junit.runners.model.FrameworkMethod$1.runReflectiveCall(FrameworkMethod.java:47)
	at org.junit.internal.runners.model.ReflectiveCallable.run(ReflectiveCallable.java:12)
	at org.junit.runners.model.FrameworkMethod.invokeExplosively(FrameworkMethod.java:44)
	at org.junit.internal.runners.statements.InvokeMethod.evaluate(InvokeMethod.java:17)
	at org.junit.internal.runners.statements.RunBefores.evaluate(RunBefores.java:26)
	at org.junit.internal.runners.statements.RunAfters.evaluate(RunAfters.java:27)
	at org.junit.runners.ParentRunner.runLeaf(ParentRunner.java:271)
	at org.junit.runners.BlockJUnit4ClassRunner.runChild(BlockJUnit4ClassRunner.java:70)
	at org.junit.runners.BlockJUnit4ClassRunner.runChild(BlockJUnit4ClassRunner.java:50)
	at org.junit.runners.ParentRunner$3.run(ParentRunner.java:238)
	at org.junit.runners.ParentRunner$1.schedule(ParentRunner.java:63)
	at org.junit.runners.ParentRunner.runChildren(ParentRunner.java:236)
	at org.junit.runners.ParentRunner.access$000(ParentRunner.java:53)
	at org.junit.runners.ParentRunner$2.evaluate(ParentRunner.java:229)
	at org.junit.runners.ParentRunner.run(ParentRunner.java:309)
	at org.apache.maven.surefire.junit4.JUnit4Provider.execute(JUnit4Provider.java:365)
	at org.apache.maven.surefire.junit4.JUnit4Provider.executeWithRerun(JUnit4Provider.java:273)
	at org.apache.maven.surefire.junit4.JUnit4Provider.executeTestSet(JUnit4Provider.java:238)
	at org.apache.maven.surefire.junit4.JUnit4Provider.invoke(JUnit4Provider.java:159)
	at org.apache.maven.surefire.booter.ForkedBooter.invokeProviderInSameClassLoader(ForkedBooter.java:384)
	at org.apache.maven.surefire.booter.ForkedBooter.runSuitesInProcess(ForkedBooter.java:345)
	at org.apache.maven.surefire.booter.ForkedBooter.execute(ForkedBooter.java:126)
	at org.apache.maven.surefire.booter.ForkedBooter.main(ForkedBooter.java:418)
2019-08-29 11:31:36,272 [main] WARN  io.KeyOutputStream (KeyOutputStream.java:handleException(276)) - Encountered exception java.io.IOException: Unexpected Storage Container Exception: java.io.IOException: Unexpected Storage Container Exception: java.util.concurrent.TimeoutException on the pipeline Pipeline[ Id: 13008043-b313-4d2b-b5a8-b389b6013009, Nodes: a068682e-110e-41da-8a67-801fcdf01cfd{ip: 192.168.5.166, host: pr-hdds-2030-qplxq-3692370286, networkLocation: /default-rack, certSerialId: null}bc10beaa-b051-4e0a-9a79-ede145ae6c9d{ip: 192.168.5.166, host: pr-hdds-2030-qplxq-3692370286, networkLocation: /default-rack, certSerialId: null}687fa99e-0a29-471b-8d5d-2536fcd66185{ip: 192.168.5.166, host: pr-hdds-2030-qplxq-3692370286, networkLocation: /default-rack, certSerialId: null}, Type:RATIS, Factor:THREE, State:OPEN]. The last committed block length is 400, uncommitted data length is 50 retry count 0
2019-08-29 11:31:36,309 | INFO  | SCMAudit | user=jenkins1000 | ip=192.168.5.166 | op=ALLOCATE_BLOCK {owner=7342beae-4183-46be-a9ca-7ad6af38ee8a, size=800, type=RATIS, factor=THREE} | ret=SUCCESS |  
2019-08-29 11:31:36,312 | INFO  | OMAudit | user=jenkins1000 | ip=127.0.0.1 | op=ALLOCATE_BLOCK {volume=testblockoutputstream, bucket=testblockoutputstream, key=2868af16-8cea-43c6-99cf-e300b58f8a9e, dataSize=0, replicationType=null, replicationFactor=null, keyLocationInfo=null, clientID=102700042365501440} | ret=SUCCESS |  
2019-08-29 11:31:36,330 [grpc-default-executor-0] INFO  client.GrpcClientProtocolClient (GrpcClientProtocolClient.java:onNext(255)) - client-903D5D8B4551->c5b6e20d-bcff-49ea-8dae-ad65ffde277e: receive RaftClientReply:client-903D5D8B4551->c5b6e20d-bcff-49ea-8dae-ad65ffde277e@group-ACC73D870F8C, cid=23, FAILED org.apache.ratis.protocol.NotLeaderException: Server c5b6e20d-bcff-49ea-8dae-ad65ffde277e is not the leader (49e00add-b79b-4596-9305-1bdf7934a5c8:192.168.5.166:36944). Request must be sent to leader., logIndex=0, commits[c5b6e20d-bcff-49ea-8dae-ad65ffde277e:c0, 3948bd19-9220-440d-91f9-f47c403594d9:c0, 49e00add-b79b-4596-9305-1bdf7934a5c8:c0]
2019-08-29 11:31:36,464 | INFO  | SCMAudit | user=jenkins1000 | ip=192.168.5.166 | op=SEND_HEARTBEAT {datanodeUUID=49e00add-b79b-4596-9305-1bdf7934a5c8, command=[]} | ret=SUCCESS |  
2019-08-29 11:31:36,558 | INFO  | DNAudit | user=null | ip=null | op=WRITE_CHUNK {blockData=conID: 2 locID: 102700043226906626 bcsId: 0} | ret=SUCCESS |  
2019-08-29 11:31:36,558 | INFO  | DNAudit | user=null | ip=null | op=WRITE_CHUNK {blockData=conID: 2 locID: 102700043226906626 bcsId: 0} | ret=SUCCESS |  
2019-08-29 11:31:36,558 | INFO  | DNAudit | user=null | ip=null | op=WRITE_CHUNK {blockData=conID: 2 locID: 102700043226906626 bcsId: 0} | ret=SUCCESS |  
2019-08-29 11:31:36,559 | INFO  | SCMAudit | user=jenkins1000 | ip=192.168.5.166 | op=SEND_HEARTBEAT {datanodeUUID=49e00add-b79b-4596-9305-1bdf7934a5c8, command=[]} | ret=SUCCESS |  
2019-08-29 11:31:36,559 | INFO  | SCMAudit | user=jenkins1000 | ip=192.168.5.166 | op=SEND_HEARTBEAT {datanodeUUID=c5b6e20d-bcff-49ea-8dae-ad65ffde277e, command=[]} | ret=SUCCESS |  
2019-08-29 11:31:36,559 | INFO  | SCMAudit | user=jenkins1000 | ip=192.168.5.166 | op=SEND_HEARTBEAT {datanodeUUID=3948bd19-9220-440d-91f9-f47c403594d9, command=[]} | ret=SUCCESS |  
2019-08-29 11:31:36,574 | INFO  | DNAudit | user=null | ip=null | op=WRITE_CHUNK {blockData=conID: 2 locID: 102700043226906626 bcsId: 0} | ret=SUCCESS |  
2019-08-29 11:31:36,585 [grpc-default-executor-3] INFO  client.GrpcClientProtocolClient (GrpcClientProtocolClient.java:onNext(255)) - client-903D5D8B4551->49e00add-b79b-4596-9305-1bdf7934a5c8: receive RaftClientReply:client-903D5D8B4551->49e00add-b79b-4596-9305-1bdf7934a5c8@group-ACC73D870F8C, cid=23, SUCCESS, logIndex=1, commits[49e00add-b79b-4596-9305-1bdf7934a5c8:c1, c5b6e20d-bcff-49ea-8dae-ad65ffde277e:c0, 3948bd19-9220-440d-91f9-f47c403594d9:c0]
2019-08-29 11:31:36,604 | INFO  | DNAudit | user=null | ip=null | op=WRITE_CHUNK {blockData=conID: 2 locID: 102700043226906626 bcsId: 0} | ret=SUCCESS |  
2019-08-29 11:31:36,604 | INFO  | DNAudit | user=null | ip=null | op=WRITE_CHUNK {blockData=conID: 2 locID: 102700043226906626 bcsId: 0} | ret=SUCCESS |  
2019-08-29 11:31:36,665 | INFO  | SCMAudit | user=jenkins1000 | ip=192.168.5.166 | op=SEND_HEARTBEAT {datanodeUUID=4a086508-4c3b-4d76-b3f3-073e8bcfee64, command=[]} | ret=SUCCESS |  
2019-08-29 11:31:36,679 | INFO  | DNAudit | user=null | ip=null | op=PUT_BLOCK {blockData=[blockId=conID: 2 locID: 102700043226906626 bcsId: 0,size=50]} | ret=SUCCESS |  
2019-08-29 11:31:36,691 [grpc-default-executor-3] INFO  client.GrpcClientProtocolClient (GrpcClientProtocolClient.java:onNext(255)) - client-903D5D8B4551->49e00add-b79b-4596-9305-1bdf7934a5c8: receive RaftClientReply:client-903D5D8B4551->49e00add-b79b-4596-9305-1bdf7934a5c8@group-ACC73D870F8C, cid=24, SUCCESS, logIndex=3, commits[49e00add-b79b-4596-9305-1bdf7934a5c8:c4, c5b6e20d-bcff-49ea-8dae-ad65ffde277e:c3, 3948bd19-9220-440d-91f9-f47c403594d9:c3]
2019-08-29 11:31:36,699 [main] INFO  ozone.MiniOzoneClusterImpl (MiniOzoneClusterImpl.java:shutdown(321)) - Shutting down the Mini Ozone Cluster
2019-08-29 11:31:36,700 | INFO  | SCMAudit | user=null | ip=null | op=GET_SCM_INFO null | ret=SUCCESS |  
2019-08-29 11:31:36,700 [main] INFO  ozone.MiniOzoneClusterImpl (MiniOzoneClusterImpl.java:stop(336)) - Stopping the Mini Ozone Cluster
2019-08-29 11:31:36,700 [main] INFO  ozone.MiniOzoneClusterImpl (MiniOzoneClusterImpl.java:stop(338)) - Stopping the OzoneManager
2019-08-29 11:31:36,701 [main] INFO  ipc.Server (Server.java:stop(3082)) - Stopping server on 45010
2019-08-29 11:31:36,713 [main] INFO  ratis.OzoneManagerDoubleBuffer (OzoneManagerDoubleBuffer.java:stop(248)) - Stopping OMDoubleBuffer flush thread
2019-08-29 11:31:36,714 [IPC Server listener on 45010] INFO  ipc.Server (Server.java:run(1185)) - Stopping IPC Server listener on 45010
2019-08-29 11:31:36,714 [IPC Server Responder] INFO  ipc.Server (Server.java:run(1319)) - Stopping IPC Server Responder
2019-08-29 11:31:36,724 [OMDoubleBufferFlushThread] INFO  ratis.OzoneManagerDoubleBuffer (OzoneManagerDoubleBuffer.java:flushTransactions(191)) - OMDoubleBuffer flush thread OMDoubleBufferFlushThread is interrupted and will exit. OMDoubleBufferFlushThread
2019-08-29 11:31:36,738 [main] INFO  utils.BackgroundService (BackgroundService.java:shutdown(148)) - Shutting down service KeyDeletingService
2019-08-29 11:31:36,743 [main] INFO  handler.ContextHandler (ContextHandler.java:doStop(910)) - Stopped o.e.j.w.WebAppContext@432034a{/,null,UNAVAILABLE}{/ozoneManager}
2019-08-29 11:31:36,749 [main] INFO  server.AbstractConnector (AbstractConnector.java:doStop(318)) - Stopped ServerConnector@78de58ea{HTTP/1.1,[http/1.1]}{0.0.0.0:0}
2019-08-29 11:31:36,750 [main] INFO  handler.ContextHandler (ContextHandler.java:doStop(910)) - Stopped o.e.j.s.ServletContextHandler@7fab4be7{/static,file:///workdir/hadoop-ozone/integration-test/target/test-classes/webapps/static,UNAVAILABLE}
2019-08-29 11:31:36,750 [main] INFO  handler.ContextHandler (ContextHandler.java:doStop(910)) - Stopped o.e.j.s.ServletContextHandler@15fa55a6{/logs,file:///workdir/hadoop-ozone/integration-test/target/log,UNAVAILABLE}
2019-08-29 11:31:36,757 [main] INFO  ozone.MiniOzoneClusterImpl (MiniOzoneClusterImpl.java:stop(344)) - Shutting the HddsDatanodes
2019-08-29 11:31:36,758 [main] INFO  datanode.ObjectStoreHandler (ObjectStoreHandler.java:close(155)) - Closing ObjectStoreHandler.
2019-08-29 11:31:36,758 [ForkJoinPool.commonPool-worker-1] INFO  datanode.ObjectStoreHandler (ObjectStoreHandler.java:close(155)) - Closing ObjectStoreHandler.
2019-08-29 11:31:36,760 [main] INFO  ozone.HddsDatanodeService (HddsDatanodeService.java:stop(451)) - Stopped plug-in org.apache.hadoop.ozone.web.OzoneHddsDatanodeService@6818fd48
2019-08-29 11:31:36,761 [ForkJoinPool.commonPool-worker-1] INFO  ozone.HddsDatanodeService (HddsDatanodeService.java:stop(451)) - Stopped plug-in org.apache.hadoop.ozone.web.OzoneHddsDatanodeService@57151b3a
2019-08-29 11:31:36,767 [grpc-default-executor-3] INFO  client.GrpcClientProtocolClient (GrpcClientProtocolClient.java:onNext(255)) - client-C20A3CB75F5C->687fa99e-0a29-471b-8d5d-2536fcd66185: receive RaftClientReply:client-C20A3CB75F5C->687fa99e-0a29-471b-8d5d-2536fcd66185@group-B389B6013009, cid=22, SUCCESS, logIndex=0, commits[687fa99e-0a29-471b-8d5d-2536fcd66185:c16, a068682e-110e-41da-8a67-801fcdf01cfd:c16, bc10beaa-b051-4e0a-9a79-ede145ae6c9d:c13]
2019-08-29 11:31:36,768 [grpc-default-executor-3] INFO  client.GrpcClientProtocolClient (GrpcClientProtocolClient.java:onNext(255)) - client-C20A3CB75F5C->687fa99e-0a29-471b-8d5d-2536fcd66185: receive RaftClientReply:client-C20A3CB75F5C->687fa99e-0a29-471b-8d5d-2536fcd66185@group-B389B6013009, cid=21, SUCCESS, logIndex=0, commits[687fa99e-0a29-471b-8d5d-2536fcd66185:c16, a068682e-110e-41da-8a67-801fcdf01cfd:c16, bc10beaa-b051-4e0a-9a79-ede145ae6c9d:c16]
2019-08-29 11:31:36,769 | INFO  | DNAudit | user=null | ip=null | op=PUT_BLOCK {blockData=[blockId=conID: 2 locID: 102700043226906626 bcsId: 0,size=50]} | ret=SUCCESS |  
2019-08-29 11:31:36,826 | INFO  | DNAudit | user=null | ip=null | op=PUT_BLOCK {blockData=[blockId=conID: 1 locID: 102700042367336449 bcsId: 0,size=450]} | ret=SUCCESS |  
2019-08-29 11:31:36,826 | INFO  | DNAudit | user=null | ip=null | op=PUT_BLOCK {blockData=[blockId=conID: 1 locID: 102700042367336449 bcsId: 0,size=450]} | ret=SUCCESS |  
2019-08-29 11:31:36,826 | INFO  | DNAudit | user=null | ip=null | op=PUT_BLOCK {blockData=[blockId=conID: 2 locID: 102700043226906626 bcsId: 0,size=50]} | ret=SUCCESS |  
2019-08-29 11:31:36,894 | INFO  | SCMAudit | user=jenkins1000 | ip=192.168.5.166 | op=SEND_HEARTBEAT {datanodeUUID=687fa99e-0a29-471b-8d5d-2536fcd66185, command=[]} | ret=SUCCESS |  
2019-08-29 11:31:36,958 [Datanode State Machine Thread - 0] INFO  statemachine.DatanodeStateMachine (DatanodeStateMachine.java:lambda$startDaemon$0(350)) - Ozone container server started.
2019-08-29 11:31:36,960 | INFO  | SCMAudit | user=jenkins1000 | ip=192.168.5.166 | op=SEND_HEARTBEAT {datanodeUUID=bc10beaa-b051-4e0a-9a79-ede145ae6c9d, command=[]} | ret=SUCCESS |  
2019-08-29 11:31:37,553 [Datanode State Machine Thread - 0] INFO  statemachine.DatanodeStateMachine (DatanodeStateMachine.java:lambda$startDaemon$0(350)) - Ozone container server started.
2019-08-29 11:31:37,558 | INFO  | SCMAudit | user=jenkins1000 | ip=192.168.5.166 | op=SEND_HEARTBEAT {datanodeUUID=49e00add-b79b-4596-9305-1bdf7934a5c8, command=[]} | ret=SUCCESS |  
2019-08-29 11:31:37,558 | INFO  | SCMAudit | user=jenkins1000 | ip=192.168.5.166 | op=SEND_HEARTBEAT {datanodeUUID=3948bd19-9220-440d-91f9-f47c403594d9, command=[]} | ret=SUCCESS |  
2019-08-29 11:31:37,664 | INFO  | SCMAudit | user=jenkins1000 | ip=192.168.5.166 | op=SEND_HEARTBEAT {datanodeUUID=4a086508-4c3b-4d76-b3f3-073e8bcfee64, command=[]} | ret=SUCCESS |  
2019-08-29 11:31:37,894 | INFO  | SCMAudit | user=jenkins1000 | ip=192.168.5.166 | op=SEND_HEARTBEAT {datanodeUUID=687fa99e-0a29-471b-8d5d-2536fcd66185, command=[]} | ret=SUCCESS |  
2019-08-29 11:31:37,960 | INFO  | SCMAudit | user=jenkins1000 | ip=192.168.5.166 | op=SEND_HEARTBEAT {datanodeUUID=bc10beaa-b051-4e0a-9a79-ede145ae6c9d, command=[]} | ret=SUCCESS |  
2019-08-29 11:31:38,555 | INFO  | SCMAudit | user=jenkins1000 | ip=192.168.5.166 | op=SEND_HEARTBEAT {datanodeUUID=3948bd19-9220-440d-91f9-f47c403594d9, command=[]} | ret=SUCCESS |  
2019-08-29 11:31:38,555 | INFO  | SCMAudit | user=jenkins1000 | ip=192.168.5.166 | op=SEND_HEARTBEAT {datanodeUUID=49e00add-b79b-4596-9305-1bdf7934a5c8, command=[]} | ret=SUCCESS |  
2019-08-29 11:31:38,665 | INFO  | SCMAudit | user=jenkins1000 | ip=192.168.5.166 | op=SEND_HEARTBEAT {datanodeUUID=4a086508-4c3b-4d76-b3f3-073e8bcfee64, command=[]} | ret=SUCCESS |  
2019-08-29 11:31:38,895 | INFO  | SCMAudit | user=jenkins1000 | ip=192.168.5.166 | op=SEND_HEARTBEAT {datanodeUUID=687fa99e-0a29-471b-8d5d-2536fcd66185, command=[]} | ret=SUCCESS |  
2019-08-29 11:31:38,960 | INFO  | SCMAudit | user=jenkins1000 | ip=192.168.5.166 | op=SEND_HEARTBEAT {datanodeUUID=bc10beaa-b051-4e0a-9a79-ede145ae6c9d, command=[]} | ret=SUCCESS |  
2019-08-29 11:31:39,555 | INFO  | SCMAudit | user=jenkins1000 | ip=192.168.5.166 | op=SEND_HEARTBEAT {datanodeUUID=3948bd19-9220-440d-91f9-f47c403594d9, command=[]} | ret=SUCCESS |  
2019-08-29 11:31:39,555 | INFO  | SCMAudit | user=jenkins1000 | ip=192.168.5.166 | op=SEND_HEARTBEAT {datanodeUUID=49e00add-b79b-4596-9305-1bdf7934a5c8, command=[]} | ret=SUCCESS |  
2019-08-29 11:31:39,665 | INFO  | SCMAudit | user=jenkins1000 | ip=192.168.5.166 | op=SEND_HEARTBEAT {datanodeUUID=4a086508-4c3b-4d76-b3f3-073e8bcfee64, command=[]} | ret=SUCCESS |  
2019-08-29 11:31:39,895 | INFO  | SCMAudit | user=jenkins1000 | ip=192.168.5.166 | op=SEND_HEARTBEAT {datanodeUUID=687fa99e-0a29-471b-8d5d-2536fcd66185, command=[]} | ret=SUCCESS |  
2019-08-29 11:31:39,960 | INFO  | SCMAudit | user=jenkins1000 | ip=192.168.5.166 | op=SEND_HEARTBEAT {datanodeUUID=bc10beaa-b051-4e0a-9a79-ede145ae6c9d, command=[]} | ret=SUCCESS |  
2019-08-29 11:31:40,555 | INFO  | SCMAudit | user=jenkins1000 | ip=192.168.5.166 | op=SEND_HEARTBEAT {datanodeUUID=3948bd19-9220-440d-91f9-f47c403594d9, command=[]} | ret=SUCCESS |  
2019-08-29 11:31:40,555 | INFO  | SCMAudit | user=jenkins1000 | ip=192.168.5.166 | op=SEND_HEARTBEAT {datanodeUUID=49e00add-b79b-4596-9305-1bdf7934a5c8, command=[]} | ret=SUCCESS |  
2019-08-29 11:31:40,664 | INFO  | SCMAudit | user=jenkins1000 | ip=192.168.5.166 | op=SEND_HEARTBEAT {datanodeUUID=4a086508-4c3b-4d76-b3f3-073e8bcfee64, command=[]} | ret=SUCCESS |  
2019-08-29 11:31:40,895 | INFO  | SCMAudit | user=jenkins1000 | ip=192.168.5.166 | op=SEND_HEARTBEAT {datanodeUUID=687fa99e-0a29-471b-8d5d-2536fcd66185, command=[]} | ret=SUCCESS |  
2019-08-29 11:31:40,961 | INFO  | SCMAudit | user=jenkins1000 | ip=192.168.5.166 | op=SEND_HEARTBEAT {datanodeUUID=bc10beaa-b051-4e0a-9a79-ede145ae6c9d, command=[]} | ret=SUCCESS |  
2019-08-29 11:31:41,017 [EventQueue-StaleNodeForStaleNodeHandler] INFO  node.StaleNodeHandler (StaleNodeHandler.java:onMessage(58)) - Datanode a068682e-110e-41da-8a67-801fcdf01cfd{ip: 192.168.5.166, host: pr-hdds-2030-qplxq-3692370286, networkLocation: /default-rack, certSerialId: null} moved to stale state. Finalizing its pipelines [PipelineID=13008043-b313-4d2b-b5a8-b389b6013009, PipelineID=60c6bd2f-f4db-49d2-9e0f-7400c127c722]
2019-08-29 11:31:41,018 [EventQueue-StaleNodeForStaleNodeHandler] INFO  pipeline.SCMPipelineManager (SCMPipelineManager.java:finalizeAndDestroyPipeline(309)) - destroying pipeline:Pipeline[ Id: 13008043-b313-4d2b-b5a8-b389b6013009, Nodes: a068682e-110e-41da-8a67-801fcdf01cfd{ip: 192.168.5.166, host: pr-hdds-2030-qplxq-3692370286, networkLocation: /default-rack, certSerialId: null}bc10beaa-b051-4e0a-9a79-ede145ae6c9d{ip: 192.168.5.166, host: pr-hdds-2030-qplxq-3692370286, networkLocation: /default-rack, certSerialId: null}687fa99e-0a29-471b-8d5d-2536fcd66185{ip: 192.168.5.166, host: pr-hdds-2030-qplxq-3692370286, networkLocation: /default-rack, certSerialId: null}, Type:RATIS, Factor:THREE, State:OPEN]
2019-08-29 11:31:41,020 [EventQueue-StaleNodeForStaleNodeHandler] INFO  pipeline.PipelineStateManager (PipelineStateManager.java:finalizePipeline(123)) - Pipeline Pipeline[ Id: 13008043-b313-4d2b-b5a8-b389b6013009, Nodes: a068682e-110e-41da-8a67-801fcdf01cfd{ip: 192.168.5.166, host: pr-hdds-2030-qplxq-3692370286, networkLocation: /default-rack, certSerialId: null}bc10beaa-b051-4e0a-9a79-ede145ae6c9d{ip: 192.168.5.166, host: pr-hdds-2030-qplxq-3692370286, networkLocation: /default-rack, certSerialId: null}687fa99e-0a29-471b-8d5d-2536fcd66185{ip: 192.168.5.166, host: pr-hdds-2030-qplxq-3692370286, networkLocation: /default-rack, certSerialId: null}, Type:RATIS, Factor:THREE, State:CLOSED] moved to CLOSED state
2019-08-29 11:31:41,021 [EventQueue-CloseContainerForCloseContainerEventHandler] INFO  container.CloseContainerEventHandler (CloseContainerEventHandler.java:onMessage(61)) - Close container Event triggered for container : #1
2019-08-29 11:31:41,022 [EventQueue-StaleNodeForStaleNodeHandler] INFO  pipeline.SCMPipelineManager (SCMPipelineManager.java:finalizeAndDestroyPipeline(309)) - destroying pipeline:Pipeline[ Id: 60c6bd2f-f4db-49d2-9e0f-7400c127c722, Nodes: a068682e-110e-41da-8a67-801fcdf01cfd{ip: 192.168.5.166, host: pr-hdds-2030-qplxq-3692370286, networkLocation: /default-rack, certSerialId: null}, Type:RATIS, Factor:ONE, State:OPEN]
2019-08-29 11:31:41,022 [EventQueue-StaleNodeForStaleNodeHandler] INFO  pipeline.PipelineStateManager (PipelineStateManager.java:finalizePipeline(123)) - Pipeline Pipeline[ Id: 60c6bd2f-f4db-49d2-9e0f-7400c127c722, Nodes: a068682e-110e-41da-8a67-801fcdf01cfd{ip: 192.168.5.166, host: pr-hdds-2030-qplxq-3692370286, networkLocation: /default-rack, certSerialId: null}, Type:RATIS, Factor:ONE, State:CLOSED] moved to CLOSED state
2019-08-29 11:31:41,555 | INFO  | SCMAudit | user=jenkins1000 | ip=192.168.5.166 | op=SEND_HEARTBEAT {datanodeUUID=49e00add-b79b-4596-9305-1bdf7934a5c8, command=[]} | ret=SUCCESS |  
2019-08-29 11:31:41,555 | INFO  | SCMAudit | user=jenkins1000 | ip=192.168.5.166 | op=SEND_HEARTBEAT {datanodeUUID=3948bd19-9220-440d-91f9-f47c403594d9, command=[]} | ret=SUCCESS |  
2019-08-29 11:31:41,618 [EventQueue-StaleNodeForStaleNodeHandler] INFO  node.StaleNodeHandler (StaleNodeHandler.java:onMessage(58)) - Datanode c5b6e20d-bcff-49ea-8dae-ad65ffde277e{ip: 192.168.5.166, host: pr-hdds-2030-qplxq-3692370286, networkLocation: /default-rack, certSerialId: null} moved to stale state. Finalizing its pipelines [PipelineID=e696cc5c-b9f4-4e90-95c6-acc73d870f8c, PipelineID=a6b0c7a5-1b95-4a55-9ff3-c3a79d8e4100]
2019-08-29 11:31:41,618 [EventQueue-StaleNodeForStaleNodeHandler] INFO  pipeline.SCMPipelineManager (SCMPipelineManager.java:finalizeAndDestroyPipeline(309)) - destroying pipeline:Pipeline[ Id: e696cc5c-b9f4-4e90-95c6-acc73d870f8c, Nodes: c5b6e20d-bcff-49ea-8dae-ad65ffde277e{ip: 192.168.5.166, host: pr-hdds-2030-qplxq-3692370286, networkLocation: /default-rack, certSerialId: null}3948bd19-9220-440d-91f9-f47c403594d9{ip: 192.168.5.166, host: pr-hdds-2030-qplxq-3692370286, networkLocation: /default-rack, certSerialId: null}49e00add-b79b-4596-9305-1bdf7934a5c8{ip: 192.168.5.166, host: pr-hdds-2030-qplxq-3692370286, networkLocation: /default-rack, certSerialId: null}, Type:RATIS, Factor:THREE, State:OPEN]
2019-08-29 11:31:41,619 [EventQueue-StaleNodeForStaleNodeHandler] INFO  pipeline.PipelineStateManager (PipelineStateManager.java:finalizePipeline(123)) - Pipeline Pipeline[ Id: e696cc5c-b9f4-4e90-95c6-acc73d870f8c, Nodes: c5b6e20d-bcff-49ea-8dae-ad65ffde277e{ip: 192.168.5.166, host: pr-hdds-2030-qplxq-3692370286, networkLocation: /default-rack, certSerialId: null}3948bd19-9220-440d-91f9-f47c403594d9{ip: 192.168.5.166, host: pr-hdds-2030-qplxq-3692370286, networkLocation: /default-rack, certSerialId: null}49e00add-b79b-4596-9305-1bdf7934a5c8{ip: 192.168.5.166, host: pr-hdds-2030-qplxq-3692370286, networkLocation: /default-rack, certSerialId: null}, Type:RATIS, Factor:THREE, State:CLOSED] moved to CLOSED state
2019-08-29 11:31:41,619 [EventQueue-CloseContainerForCloseContainerEventHandler] INFO  container.CloseContainerEventHandler (CloseContainerEventHandler.java:onMessage(61)) - Close container Event triggered for container : #2
2019-08-29 11:31:41,619 [EventQueue-StaleNodeForStaleNodeHandler] INFO  pipeline.SCMPipelineManager (SCMPipelineManager.java:finalizeAndDestroyPipeline(309)) - destroying pipeline:Pipeline[ Id: a6b0c7a5-1b95-4a55-9ff3-c3a79d8e4100, Nodes: c5b6e20d-bcff-49ea-8dae-ad65ffde277e{ip: 192.168.5.166, host: pr-hdds-2030-qplxq-3692370286, networkLocation: /default-rack, certSerialId: null}, Type:RATIS, Factor:ONE, State:OPEN]
2019-08-29 11:31:41,620 [EventQueue-StaleNodeForStaleNodeHandler] INFO  pipeline.PipelineStateManager (PipelineStateManager.java:finalizePipeline(123)) - Pipeline Pipeline[ Id: a6b0c7a5-1b95-4a55-9ff3-c3a79d8e4100, Nodes: c5b6e20d-bcff-49ea-8dae-ad65ffde277e{ip: 192.168.5.166, host: pr-hdds-2030-qplxq-3692370286, networkLocation: /default-rack, certSerialId: null}, Type:RATIS, Factor:ONE, State:CLOSED] moved to CLOSED state
2019-08-29 11:31:41,665 | INFO  | SCMAudit | user=jenkins1000 | ip=192.168.5.166 | op=SEND_HEARTBEAT {datanodeUUID=4a086508-4c3b-4d76-b3f3-073e8bcfee64, command=[]} | ret=SUCCESS |  
2019-08-29 11:31:41,763 [main] INFO  ozoneimpl.OzoneContainer (OzoneContainer.java:stop(199)) - Attempting to stop container services.
2019-08-29 11:31:41,764 [main] INFO  impl.RaftServerProxy (RaftServerProxy.java:lambda$close$4(314)) - c5b6e20d-bcff-49ea-8dae-ad65ffde277e: close
2019-08-29 11:31:41,766 [main] INFO  impl.RaftServerImpl (RaftServerImpl.java:lambda$shutdown$3(245)) - c5b6e20d-bcff-49ea-8dae-ad65ffde277e: shutdown group-ACC73D870F8C
2019-08-29 11:31:41,766 [ForkJoinPool.commonPool-worker-1] INFO  ozoneimpl.OzoneContainer (OzoneContainer.java:stop(199)) - Attempting to stop container services.
2019-08-29 11:31:41,767 [main] INFO  util.JmxRegister (JmxRegister.java:unregister(73)) - Successfully un-registered JMX Bean with object name Ratis:service=RaftServer,group=group-ACC73D870F8C,id=c5b6e20d-bcff-49ea-8dae-ad65ffde277e
2019-08-29 11:31:41,767 [ForkJoinPool.commonPool-worker-1] INFO  impl.RaftServerProxy (RaftServerProxy.java:lambda$close$4(314)) - a068682e-110e-41da-8a67-801fcdf01cfd: close
2019-08-29 11:31:41,767 [main] INFO  impl.RoleInfo (RoleInfo.java:shutdownFollowerState(121)) - c5b6e20d-bcff-49ea-8dae-ad65ffde277e: shutdown FollowerState
2019-08-29 11:31:41,768 [ForkJoinPool.commonPool-worker-1] INFO  impl.RaftServerImpl (RaftServerImpl.java:lambda$shutdown$3(245)) - a068682e-110e-41da-8a67-801fcdf01cfd: shutdown group-B389B6013009
2019-08-29 11:31:41,768 [Thread-316] INFO  impl.FollowerState (FollowerState.java:run(114)) - c5b6e20d-bcff-49ea-8dae-ad65ffde277e: FollowerState was interrupted: java.lang.InterruptedException: sleep interrupted
2019-08-29 11:31:41,768 [main] INFO  impl.StateMachineUpdater (StateMachineUpdater.java:stopAndJoin(115)) - StateMachineUpdater:c5b6e20d-bcff-49ea-8dae-ad65ffde277e:group-ACC73D870F8C: set stopIndex = 4
2019-08-29 11:31:41,768 [StateMachineUpdater:c5b6e20d-bcff-49ea-8dae-ad65ffde277e:group-ACC73D870F8C] INFO  ratis.ContainerStateMachine (ContainerStateMachine.java:takeSnapshot(283)) - group-ACC73D870F8C: Taking a snapshot at:(t:1, i:3) file /workdir/hadoop-ozone/integration-test/target/test-dir/MiniOzoneClusterImpl-4cec5eff-4947-4a55-927f-c543e94153ec/datanode-4/data/ratis/e696cc5c-b9f4-4e90-95c6-acc73d870f8c/sm/snapshot.1_3
2019-08-29 11:31:41,768 [ForkJoinPool.commonPool-worker-1] INFO  util.JmxRegister (JmxRegister.java:unregister(73)) - Successfully un-registered JMX Bean with object name Ratis:service=RaftServer,group=group-B389B6013009,id=a068682e-110e-41da-8a67-801fcdf01cfd
2019-08-29 11:31:41,773 [ForkJoinPool.commonPool-worker-1] INFO  impl.RoleInfo (RoleInfo.java:shutdownFollowerState(121)) - a068682e-110e-41da-8a67-801fcdf01cfd: shutdown FollowerState
2019-08-29 11:31:41,773 [ForkJoinPool.commonPool-worker-1] INFO  impl.StateMachineUpdater (StateMachineUpdater.java:stopAndJoin(115)) - StateMachineUpdater:a068682e-110e-41da-8a67-801fcdf01cfd:group-B389B6013009: set stopIndex = 16
2019-08-29 11:31:41,775 [StateMachineUpdater:a068682e-110e-41da-8a67-801fcdf01cfd:group-B389B6013009] INFO  ratis.ContainerStateMachine (ContainerStateMachine.java:takeSnapshot(283)) - group-B389B6013009: Taking a snapshot at:(t:3, i:16) file /workdir/hadoop-ozone/integration-test/target/test-dir/MiniOzoneClusterImpl-4cec5eff-4947-4a55-927f-c543e94153ec/datanode-1/data/ratis/13008043-b313-4d2b-b5a8-b389b6013009/sm/snapshot.3_16
2019-08-29 11:31:41,775 [Thread-364] INFO  impl.FollowerState (FollowerState.java:run(114)) - a068682e-110e-41da-8a67-801fcdf01cfd: FollowerState was interrupted: java.lang.InterruptedException: sleep interrupted
2019-08-29 11:31:41,819 [StateMachineUpdater:c5b6e20d-bcff-49ea-8dae-ad65ffde277e:group-ACC73D870F8C] INFO  ratis.ContainerStateMachine (ContainerStateMachine.java:takeSnapshot(294)) - group-ACC73D870F8C: Finished taking a snapshot at:(t:1, i:3) file:/workdir/hadoop-ozone/integration-test/target/test-dir/MiniOzoneClusterImpl-4cec5eff-4947-4a55-927f-c543e94153ec/datanode-4/data/ratis/e696cc5c-b9f4-4e90-95c6-acc73d870f8c/sm/snapshot.1_3 time:51
2019-08-29 11:31:41,819 [StateMachineUpdater:a068682e-110e-41da-8a67-801fcdf01cfd:group-B389B6013009] INFO  ratis.ContainerStateMachine (ContainerStateMachine.java:takeSnapshot(294)) - group-B389B6013009: Finished taking a snapshot at:(t:3, i:16) file:/workdir/hadoop-ozone/integration-test/target/test-dir/MiniOzoneClusterImpl-4cec5eff-4947-4a55-927f-c543e94153ec/datanode-1/data/ratis/13008043-b313-4d2b-b5a8-b389b6013009/sm/snapshot.3_16 time:46
2019-08-29 11:31:41,820 [StateMachineUpdater:c5b6e20d-bcff-49ea-8dae-ad65ffde277e:group-ACC73D870F8C] INFO  impl.StateMachineUpdater (StateMachineUpdater.java:takeSnapshot(242)) - StateMachineUpdater:c5b6e20d-bcff-49ea-8dae-ad65ffde277e:group-ACC73D870F8C: Took a snapshot at index 3
2019-08-29 11:31:41,820 [StateMachineUpdater:a068682e-110e-41da-8a67-801fcdf01cfd:group-B389B6013009] INFO  impl.StateMachineUpdater (StateMachineUpdater.java:takeSnapshot(242)) - StateMachineUpdater:a068682e-110e-41da-8a67-801fcdf01cfd:group-B389B6013009: Took a snapshot at index 16
2019-08-29 11:31:41,820 [StateMachineUpdater:c5b6e20d-bcff-49ea-8dae-ad65ffde277e:group-ACC73D870F8C] INFO  impl.StateMachineUpdater (StateMachineUpdater.java:lambda$new$0(80)) - StateMachineUpdater:c5b6e20d-bcff-49ea-8dae-ad65ffde277e:group-ACC73D870F8C: snapshotIndex: updateIncreasingly -1 -> 3
2019-08-29 11:31:41,820 [StateMachineUpdater:a068682e-110e-41da-8a67-801fcdf01cfd:group-B389B6013009] INFO  impl.StateMachineUpdater (StateMachineUpdater.java:lambda$new$0(80)) - StateMachineUpdater:a068682e-110e-41da-8a67-801fcdf01cfd:group-B389B6013009: snapshotIndex: updateIncreasingly -1 -> 16
2019-08-29 11:31:41,834 [main] INFO  impl.RaftServerImpl (ServerState.java:close(394)) - c5b6e20d-bcff-49ea-8dae-ad65ffde277e:group-ACC73D870F8C closes. The last applied log index is 4
2019-08-29 11:31:41,834 [ForkJoinPool.commonPool-worker-1] INFO  impl.RaftServerImpl (ServerState.java:close(394)) - a068682e-110e-41da-8a67-801fcdf01cfd:group-B389B6013009 closes. The last applied log index is 16
2019-08-29 11:31:41,836 [a068682e-110e-41da-8a67-801fcdf01cfd-SegmentedRaftLogWorker:Storage Directory /workdir/hadoop-ozone/integration-test/target/test-dir/MiniOzoneClusterImpl-4cec5eff-4947-4a55-927f-c543e94153ec/datanode-1/data/ratis/13008043-b313-4d2b-b5a8-b389b6013009] INFO  segmented.SegmentedRaftLogWorker (SegmentedRaftLogWorker.java:run(313)) - a068682e-110e-41da-8a67-801fcdf01cfd-SegmentedRaftLogWorker:Storage Directory /workdir/hadoop-ozone/integration-test/target/test-dir/MiniOzoneClusterImpl-4cec5eff-4947-4a55-927f-c543e94153ec/datanode-1/data/ratis/13008043-b313-4d2b-b5a8-b389b6013009 was interrupted, exiting. There are 0 tasks remaining in the queue.
2019-08-29 11:31:41,836 [c5b6e20d-bcff-49ea-8dae-ad65ffde277e-SegmentedRaftLogWorker:Storage Directory /workdir/hadoop-ozone/integration-test/target/test-dir/MiniOzoneClusterImpl-4cec5eff-4947-4a55-927f-c543e94153ec/datanode-4/data/ratis/e696cc5c-b9f4-4e90-95c6-acc73d870f8c] INFO  segmented.SegmentedRaftLogWorker (SegmentedRaftLogWorker.java:run(313)) - c5b6e20d-bcff-49ea-8dae-ad65ffde277e-SegmentedRaftLogWorker:Storage Directory /workdir/hadoop-ozone/integration-test/target/test-dir/MiniOzoneClusterImpl-4cec5eff-4947-4a55-927f-c543e94153ec/datanode-4/data/ratis/e696cc5c-b9f4-4e90-95c6-acc73d870f8c was interrupted, exiting. There are 0 tasks remaining in the queue.
2019-08-29 11:31:41,840 [ForkJoinPool.commonPool-worker-1] INFO  segmented.SegmentedRaftLogWorker (SegmentedRaftLogWorker.java:close(228)) - a068682e-110e-41da-8a67-801fcdf01cfd-SegmentedRaftLogWorker:Storage Directory /workdir/hadoop-ozone/integration-test/target/test-dir/MiniOzoneClusterImpl-4cec5eff-4947-4a55-927f-c543e94153ec/datanode-1/data/ratis/13008043-b313-4d2b-b5a8-b389b6013009 close()
2019-08-29 11:31:41,840 [main] INFO  segmented.SegmentedRaftLogWorker (SegmentedRaftLogWorker.java:close(228)) - c5b6e20d-bcff-49ea-8dae-ad65ffde277e-SegmentedRaftLogWorker:Storage Directory /workdir/hadoop-ozone/integration-test/target/test-dir/MiniOzoneClusterImpl-4cec5eff-4947-4a55-927f-c543e94153ec/datanode-4/data/ratis/e696cc5c-b9f4-4e90-95c6-acc73d870f8c close()
2019-08-29 11:31:41,844 [ForkJoinPool.commonPool-worker-1] INFO  impl.RaftServerImpl (RaftServerImpl.java:lambda$shutdown$3(245)) - a068682e-110e-41da-8a67-801fcdf01cfd: shutdown group-7400C127C722
2019-08-29 11:31:41,847 [main] INFO  impl.RaftServerImpl (RaftServerImpl.java:lambda$shutdown$3(245)) - c5b6e20d-bcff-49ea-8dae-ad65ffde277e: shutdown group-C3A79D8E4100
2019-08-29 11:31:41,848 [ForkJoinPool.commonPool-worker-1] INFO  util.JmxRegister (JmxRegister.java:unregister(73)) - Successfully un-registered JMX Bean with object name Ratis:service=RaftServer,group=group-7400C127C722,id=a068682e-110e-41da-8a67-801fcdf01cfd
2019-08-29 11:31:41,849 [main] INFO  util.JmxRegister (JmxRegister.java:unregister(73)) - Successfully un-registered JMX Bean with object name Ratis:service=RaftServer,group=group-C3A79D8E4100,id=c5b6e20d-bcff-49ea-8dae-ad65ffde277e
2019-08-29 11:31:41,849 [ForkJoinPool.commonPool-worker-1] INFO  impl.RoleInfo (RoleInfo.java:shutdownLeaderState(104)) - a068682e-110e-41da-8a67-801fcdf01cfd: shutdown LeaderState
2019-08-29 11:31:41,849 [main] INFO  impl.RoleInfo (RoleInfo.java:shutdownLeaderState(104)) - c5b6e20d-bcff-49ea-8dae-ad65ffde277e: shutdown LeaderState
2019-08-29 11:31:41,850 [ForkJoinPool.commonPool-worker-1] INFO  impl.PendingRequests (PendingRequests.java:sendNotLeaderResponses(202)) - a068682e-110e-41da-8a67-801fcdf01cfd-PendingRequests: sendNotLeaderResponses
2019-08-29 11:31:41,850 [main] INFO  impl.PendingRequests (PendingRequests.java:sendNotLeaderResponses(202)) - c5b6e20d-bcff-49ea-8dae-ad65ffde277e-PendingRequests: sendNotLeaderResponses
2019-08-29 11:31:41,852 [ForkJoinPool.commonPool-worker-1] INFO  impl.StateMachineUpdater (StateMachineUpdater.java:stopAndJoin(115)) - StateMachineUpdater:a068682e-110e-41da-8a67-801fcdf01cfd:group-7400C127C722: set stopIndex = 0
2019-08-29 11:31:41,853 [main] INFO  impl.StateMachineUpdater (StateMachineUpdater.java:stopAndJoin(115)) - StateMachineUpdater:c5b6e20d-bcff-49ea-8dae-ad65ffde277e:group-C3A79D8E4100: set stopIndex = 0
2019-08-29 11:31:41,853 [ForkJoinPool.commonPool-worker-1] INFO  impl.RaftServerImpl (ServerState.java:close(394)) - a068682e-110e-41da-8a67-801fcdf01cfd:group-7400C127C722 closes. The last applied log index is 0
2019-08-29 11:31:41,853 [main] INFO  impl.RaftServerImpl (ServerState.java:close(394)) - c5b6e20d-bcff-49ea-8dae-ad65ffde277e:group-C3A79D8E4100 closes. The last applied log index is 0
2019-08-29 11:31:41,854 [a068682e-110e-41da-8a67-801fcdf01cfd-SegmentedRaftLogWorker:Storage Directory /workdir/hadoop-ozone/integration-test/target/test-dir/MiniOzoneClusterImpl-4cec5eff-4947-4a55-927f-c543e94153ec/datanode-1/data/ratis/60c6bd2f-f4db-49d2-9e0f-7400c127c722] INFO  segmented.SegmentedRaftLogWorker (SegmentedRaftLogWorker.java:run(313)) - a068682e-110e-41da-8a67-801fcdf01cfd-SegmentedRaftLogWorker:Storage Directory /workdir/hadoop-ozone/integration-test/target/test-dir/MiniOzoneClusterImpl-4cec5eff-4947-4a55-927f-c543e94153ec/datanode-1/data/ratis/60c6bd2f-f4db-49d2-9e0f-7400c127c722 was interrupted, exiting. There are 0 tasks remaining in the queue.
2019-08-29 11:31:41,854 [c5b6e20d-bcff-49ea-8dae-ad65ffde277e-SegmentedRaftLogWorker:Storage Directory /workdir/hadoop-ozone/integration-test/target/test-dir/MiniOzoneClusterImpl-4cec5eff-4947-4a55-927f-c543e94153ec/datanode-4/data/ratis/a6b0c7a5-1b95-4a55-9ff3-c3a79d8e4100] INFO  segmented.SegmentedRaftLogWorker (SegmentedRaftLogWorker.java:run(313)) - c5b6e20d-bcff-49ea-8dae-ad65ffde277e-SegmentedRaftLogWorker:Storage Directory /workdir/hadoop-ozone/integration-test/target/test-dir/MiniOzoneClusterImpl-4cec5eff-4947-4a55-927f-c543e94153ec/datanode-4/data/ratis/a6b0c7a5-1b95-4a55-9ff3-c3a79d8e4100 was interrupted, exiting. There are 0 tasks remaining in the queue.
2019-08-29 11:31:41,856 [ForkJoinPool.commonPool-worker-1] INFO  segmented.SegmentedRaftLogWorker (SegmentedRaftLogWorker.java:close(228)) - a068682e-110e-41da-8a67-801fcdf01cfd-SegmentedRaftLogWorker:Storage Directory /workdir/hadoop-ozone/integration-test/target/test-dir/MiniOzoneClusterImpl-4cec5eff-4947-4a55-927f-c543e94153ec/datanode-1/data/ratis/60c6bd2f-f4db-49d2-9e0f-7400c127c722 close()
2019-08-29 11:31:41,858 [main] INFO  segmented.SegmentedRaftLogWorker (SegmentedRaftLogWorker.java:close(228)) - c5b6e20d-bcff-49ea-8dae-ad65ffde277e-SegmentedRaftLogWorker:Storage Directory /workdir/hadoop-ozone/integration-test/target/test-dir/MiniOzoneClusterImpl-4cec5eff-4947-4a55-927f-c543e94153ec/datanode-4/data/ratis/a6b0c7a5-1b95-4a55-9ff3-c3a79d8e4100 close()
2019-08-29 11:31:41,865 [ForkJoinPool.commonPool-worker-1] INFO  server.GrpcService (GrpcService.java:closeImpl(155)) - a068682e-110e-41da-8a67-801fcdf01cfd: shutdown server with port 45244 now
2019-08-29 11:31:41,865 [main] INFO  server.GrpcService (GrpcService.java:closeImpl(155)) - c5b6e20d-bcff-49ea-8dae-ad65ffde277e: shutdown server with port 44152 now
2019-08-29 11:31:41,874 [ForkJoinPool.commonPool-worker-1] INFO  server.GrpcService (GrpcService.java:closeImpl(163)) - a068682e-110e-41da-8a67-801fcdf01cfd: shutdown server with port 45244 successfully
2019-08-29 11:31:41,874 [main] INFO  server.GrpcService (GrpcService.java:closeImpl(163)) - c5b6e20d-bcff-49ea-8dae-ad65ffde277e: shutdown server with port 44152 successfully
2019-08-29 11:31:41,874 [grpc-default-executor-5] WARN  server.GrpcServerProtocolService (LogUtils.java:warn(134)) - a068682e-110e-41da-8a67-801fcdf01cfd: appendEntries onError: org.apache.ratis.thirdparty.io.grpc.StatusRuntimeException: CANCELLED: cancelled before receiving half close
2019-08-29 11:31:41,874 [grpc-default-executor-3] WARN  server.GrpcServerProtocolService (LogUtils.java:warn(134)) - c5b6e20d-bcff-49ea-8dae-ad65ffde277e: appendEntries onError: org.apache.ratis.thirdparty.io.grpc.StatusRuntimeException: CANCELLED: cancelled before receiving half close
2019-08-29 11:31:41,878 [grpc-default-executor-4] WARN  server.GrpcLogAppender (LogUtils.java:warn(134)) - 49e00add-b79b-4596-9305-1bdf7934a5c8->c5b6e20d-bcff-49ea-8dae-ad65ffde277e: Failed appendEntries: org.apache.ratis.thirdparty.io.grpc.StatusRuntimeException: CANCELLED: HTTP/2 error code: CANCEL
Received Rst Stream
2019-08-29 11:31:41,878 [grpc-default-executor-2] WARN  server.GrpcLogAppender (LogUtils.java:warn(134)) - 687fa99e-0a29-471b-8d5d-2536fcd66185->a068682e-110e-41da-8a67-801fcdf01cfd: Failed appendEntries: org.apache.ratis.thirdparty.io.grpc.StatusRuntimeException: CANCELLED: HTTP/2 error code: CANCEL
Received Rst Stream
2019-08-29 11:31:41,884 [grpc-default-executor-2] INFO  impl.FollowerInfo (FollowerInfo.java:lambda$new$0(50)) - 687fa99e-0a29-471b-8d5d-2536fcd66185->a068682e-110e-41da-8a67-801fcdf01cfd: nextIndex: updateUnconditionally 17 -> 16
2019-08-29 11:31:41,884 [grpc-default-executor-4] INFO  impl.FollowerInfo (FollowerInfo.java:lambda$new$0(50)) - 49e00add-b79b-4596-9305-1bdf7934a5c8->c5b6e20d-bcff-49ea-8dae-ad65ffde277e: nextIndex: updateUnconditionally 5 -> 4
2019-08-29 11:31:41,885 [main] INFO  utils.BackgroundService (BackgroundService.java:shutdown(148)) - Shutting down service BlockDeletingService
2019-08-29 11:31:41,887 [refreshUsed-/workdir/hadoop-ozone/integration-test/target/test-dir/MiniOzoneClusterImpl-4cec5eff-4947-4a55-927f-c543e94153ec/datanode-4/data/containers] WARN  fs.CachingGetSpaceUsed (CachingGetSpaceUsed.java:run(183)) - Thread Interrupted waiting to refresh disk information: sleep interrupted
2019-08-29 11:31:41,892 [ForkJoinPool.commonPool-worker-1] INFO  utils.BackgroundService (BackgroundService.java:shutdown(148)) - Shutting down service BlockDeletingService
2019-08-29 11:31:41,896 [refreshUsed-/workdir/hadoop-ozone/integration-test/target/test-dir/MiniOzoneClusterImpl-4cec5eff-4947-4a55-927f-c543e94153ec/datanode-1/data/containers] WARN  fs.CachingGetSpaceUsed (CachingGetSpaceUsed.java:run(183)) - Thread Interrupted waiting to refresh disk information: sleep interrupted
2019-08-29 11:31:41,919 [main] INFO  statemachine.DatanodeStateMachine (DatanodeStateMachine.java:stopDaemon(395)) - Ozone container server stopped.
2019-08-29 11:31:41,921 [main] INFO  handler.ContextHandler (ContextHandler.java:doStop(910)) - Stopped o.e.j.w.WebAppContext@621f23ac{/,null,UNAVAILABLE}{/hddsDatanode}
2019-08-29 11:31:41,922 [main] INFO  server.AbstractConnector (AbstractConnector.java:doStop(318)) - Stopped ServerConnector@7761e342{HTTP/1.1,[http/1.1]}{0.0.0.0:0}
2019-08-29 11:31:41,929 [main] INFO  handler.ContextHandler (ContextHandler.java:doStop(910)) - Stopped o.e.j.s.ServletContextHandler@37ca3ca8{/static,jar:file:/home/user/.m2/repository/org/apache/hadoop/hadoop-hdds-container-service/0.5.0-SNAPSHOT/hadoop-hdds-container-service-0.5.0-SNAPSHOT.jar!/webapps/static,UNAVAILABLE}
2019-08-29 11:31:41,931 [ForkJoinPool.commonPool-worker-1] INFO  statemachine.DatanodeStateMachine (DatanodeStateMachine.java:stopDaemon(395)) - Ozone container server stopped.
2019-08-29 11:31:41,931 [main] INFO  handler.ContextHandler (ContextHandler.java:doStop(910)) - Stopped o.e.j.s.ServletContextHandler@7d50f2a8{/logs,file:///workdir/hadoop-ozone/integration-test/target/log,UNAVAILABLE}
2019-08-29 11:31:41,935 [main] INFO  datanode.ObjectStoreHandler (ObjectStoreHandler.java:close(155)) - Closing ObjectStoreHandler.
2019-08-29 11:31:41,937 [ForkJoinPool.commonPool-worker-1] INFO  handler.ContextHandler (ContextHandler.java:doStop(910)) - Stopped o.e.j.w.WebAppContext@697a0948{/,null,UNAVAILABLE}{/hddsDatanode}
2019-08-29 11:31:41,938 [main] INFO  ozone.HddsDatanodeService (HddsDatanodeService.java:stop(451)) - Stopped plug-in org.apache.hadoop.ozone.web.OzoneHddsDatanodeService@3344d163
2019-08-29 11:31:41,938 [ForkJoinPool.commonPool-worker-1] INFO  server.AbstractConnector (AbstractConnector.java:doStop(318)) - Stopped ServerConnector@7cf63b9a{HTTP/1.1,[http/1.1]}{0.0.0.0:0}
2019-08-29 11:31:41,941 [ForkJoinPool.commonPool-worker-1] INFO  handler.ContextHandler (ContextHandler.java:doStop(910)) - Stopped o.e.j.s.ServletContextHandler@31834a2b{/static,jar:file:/home/user/.m2/repository/org/apache/hadoop/hadoop-hdds-container-service/0.5.0-SNAPSHOT/hadoop-hdds-container-service-0.5.0-SNAPSHOT.jar!/webapps/static,UNAVAILABLE}
2019-08-29 11:31:41,943 [ForkJoinPool.commonPool-worker-1] INFO  handler.ContextHandler (ContextHandler.java:doStop(910)) - Stopped o.e.j.s.ServletContextHandler@2f3928ac{/logs,file:///workdir/hadoop-ozone/integration-test/target/log,UNAVAILABLE}
2019-08-29 11:31:41,944 [ForkJoinPool.commonPool-worker-1] INFO  datanode.ObjectStoreHandler (ObjectStoreHandler.java:close(155)) - Closing ObjectStoreHandler.
2019-08-29 11:31:41,945 [ForkJoinPool.commonPool-worker-1] INFO  ozone.HddsDatanodeService (HddsDatanodeService.java:stop(451)) - Stopped plug-in org.apache.hadoop.ozone.web.OzoneHddsDatanodeService@6b0f266e
2019-08-29 11:31:41,954 | INFO  | SCMAudit | user=jenkins1000 | ip=192.168.5.166 | op=SEND_HEARTBEAT {datanodeUUID=687fa99e-0a29-471b-8d5d-2536fcd66185, command=[commandType: closeContainerCommand closeContainerCommandProto { containerID: 1 pipelineID { id: "13008043-b313-4d2b-b5a8-b389b6013009" } cmdId: 1 force: false } ]} | ret=SUCCESS |  
2019-08-29 11:31:41,961 | INFO  | SCMAudit | user=jenkins1000 | ip=192.168.5.166 | op=SEND_HEARTBEAT {datanodeUUID=bc10beaa-b051-4e0a-9a79-ede145ae6c9d, command=[commandType: closeContainerCommand closeContainerCommandProto { containerID: 1 pipelineID { id: "13008043-b313-4d2b-b5a8-b389b6013009" } cmdId: 1 force: false } ]} | ret=SUCCESS |  
2019-08-29 11:31:42,555 | INFO  | SCMAudit | user=jenkins1000 | ip=192.168.5.166 | op=SEND_HEARTBEAT {datanodeUUID=3948bd19-9220-440d-91f9-f47c403594d9, command=[commandType: closeContainerCommand closeContainerCommandProto { containerID: 2 pipelineID { id: "e696cc5c-b9f4-4e90-95c6-acc73d870f8c" } cmdId: 2 force: false } ]} | ret=SUCCESS |  
2019-08-29 11:31:42,555 | INFO  | SCMAudit | user=jenkins1000 | ip=192.168.5.166 | op=SEND_HEARTBEAT {datanodeUUID=49e00add-b79b-4596-9305-1bdf7934a5c8, command=[commandType: closeContainerCommand closeContainerCommandProto { containerID: 2 pipelineID { id: "e696cc5c-b9f4-4e90-95c6-acc73d870f8c" } cmdId: 2 force: false } ]} | ret=SUCCESS |  
2019-08-29 11:31:42,664 [Datanode State Machine Thread - 0] INFO  statemachine.DatanodeStateMachine (DatanodeStateMachine.java:lambda$startDaemon$0(350)) - Ozone container server started.
2019-08-29 11:31:42,896 | INFO  | SCMAudit | user=jenkins1000 | ip=192.168.5.166 | op=SEND_HEARTBEAT {datanodeUUID=687fa99e-0a29-471b-8d5d-2536fcd66185, command=[]} | ret=SUCCESS |  
2019-08-29 11:31:42,929 | INFO  | SCMAudit | user=jenkins1000 | ip=192.168.5.166 | op=SEND_HEARTBEAT {datanodeUUID=687fa99e-0a29-471b-8d5d-2536fcd66185, command=[]} | ret=SUCCESS |  
2019-08-29 11:31:42,945 [grpc-default-executor-4] WARN  server.GrpcLogAppender (LogUtils.java:warn(134)) - 687fa99e-0a29-471b-8d5d-2536fcd66185->a068682e-110e-41da-8a67-801fcdf01cfd: Failed appendEntries: org.apache.ratis.thirdparty.io.grpc.StatusRuntimeException: UNAVAILABLE: io exception
2019-08-29 11:31:42,948 [grpc-default-executor-4] INFO  impl.FollowerInfo (FollowerInfo.java:lambda$new$0(50)) - 687fa99e-0a29-471b-8d5d-2536fcd66185->a068682e-110e-41da-8a67-801fcdf01cfd: nextIndex: updateUnconditionally 17 -> 16
2019-08-29 11:31:42,961 | INFO  | SCMAudit | user=jenkins1000 | ip=192.168.5.166 | op=SEND_HEARTBEAT {datanodeUUID=bc10beaa-b051-4e0a-9a79-ede145ae6c9d, command=[]} | ret=SUCCESS |  
2019-08-29 11:31:42,965 [grpc-default-executor-3] WARN  server.GrpcLogAppender (LogUtils.java:warn(134)) - 687fa99e-0a29-471b-8d5d-2536fcd66185->a068682e-110e-41da-8a67-801fcdf01cfd: Failed appendEntries: org.apache.ratis.thirdparty.io.grpc.StatusRuntimeException: UNAVAILABLE: io exception
2019-08-29 11:31:42,967 [grpc-default-executor-3] INFO  impl.FollowerInfo (FollowerInfo.java:lambda$new$0(50)) - 687fa99e-0a29-471b-8d5d-2536fcd66185->a068682e-110e-41da-8a67-801fcdf01cfd: nextIndex: updateUnconditionally 17 -> 16
2019-08-29 11:31:42,999 | INFO  | SCMAudit | user=jenkins1000 | ip=192.168.5.166 | op=SEND_HEARTBEAT {datanodeUUID=bc10beaa-b051-4e0a-9a79-ede145ae6c9d, command=[]} | ret=SUCCESS |  
2019-08-29 11:31:43,039 [RatisApplyTransactionExecutor 1] INFO  interfaces.Container (KeyValueContainer.java:compactDB(356)) - Container 1 is closed with bcsId 14.
2019-08-29 11:31:43,040 | INFO  | DNAudit | user=null | ip=null | op=CLOSE_CONTAINER {containerID=1} | ret=SUCCESS |  
2019-08-29 11:31:43,041 | INFO  | SCMAudit | user=jenkins1000 | ip=192.168.5.166 | op=SEND_HEARTBEAT {datanodeUUID=687fa99e-0a29-471b-8d5d-2536fcd66185, command=[]} | ret=SUCCESS |  
2019-08-29 11:31:43,041 [EventQueue-IncrementalContainerReportForIncrementalContainerReportHandler] INFO  container.IncrementalContainerReportHandler (AbstractContainerReportHandler.java:updateContainerState(176)) - Moving container #1 to CLOSED state, datanode 687fa99e-0a29-471b-8d5d-2536fcd66185{ip: 192.168.5.166, host: pr-hdds-2030-qplxq-3692370286, networkLocation: /default-rack, certSerialId: null} reported CLOSED replica.
2019-08-29 11:31:43,100 [RatisApplyTransactionExecutor 1] INFO  interfaces.Container (KeyValueContainer.java:compactDB(356)) - Container 1 is closed with bcsId 14.
2019-08-29 11:31:43,104 | INFO  | DNAudit | user=null | ip=null | op=CLOSE_CONTAINER {containerID=1} | ret=SUCCESS |  
2019-08-29 11:31:43,105 | INFO  | SCMAudit | user=jenkins1000 | ip=192.168.5.166 | op=SEND_HEARTBEAT {datanodeUUID=bc10beaa-b051-4e0a-9a79-ede145ae6c9d, command=[]} | ret=SUCCESS |  
2019-08-29 11:31:43,555 | INFO  | SCMAudit | user=jenkins1000 | ip=192.168.5.166 | op=SEND_HEARTBEAT {datanodeUUID=3948bd19-9220-440d-91f9-f47c403594d9, command=[]} | ret=SUCCESS |  
2019-08-29 11:31:43,555 | INFO  | SCMAudit | user=jenkins1000 | ip=192.168.5.166 | op=SEND_HEARTBEAT {datanodeUUID=49e00add-b79b-4596-9305-1bdf7934a5c8, command=[]} | ret=SUCCESS |  
2019-08-29 11:31:44,042 | INFO  | SCMAudit | user=jenkins1000 | ip=192.168.5.166 | op=SEND_HEARTBEAT {datanodeUUID=687fa99e-0a29-471b-8d5d-2536fcd66185, command=[]} | ret=SUCCESS |  
2019-08-29 11:31:44,106 | INFO  | SCMAudit | user=jenkins1000 | ip=192.168.5.166 | op=SEND_HEARTBEAT {datanodeUUID=bc10beaa-b051-4e0a-9a79-ede145ae6c9d, command=[]} | ret=SUCCESS |  
2019-08-29 11:31:44,152 [grpc-default-executor-2] WARN  server.GrpcLogAppender (LogUtils.java:warn(134)) - 49e00add-b79b-4596-9305-1bdf7934a5c8->c5b6e20d-bcff-49ea-8dae-ad65ffde277e: Failed appendEntries: org.apache.ratis.thirdparty.io.grpc.StatusRuntimeException: UNAVAILABLE: io exception
2019-08-29 11:31:44,154 [grpc-default-executor-2] INFO  impl.FollowerInfo (FollowerInfo.java:lambda$new$0(50)) - 49e00add-b79b-4596-9305-1bdf7934a5c8->c5b6e20d-bcff-49ea-8dae-ad65ffde277e: nextIndex: updateUnconditionally 4 -> 3
2019-08-29 11:31:44,555 | INFO  | SCMAudit | user=jenkins1000 | ip=192.168.5.166 | op=SEND_HEARTBEAT {datanodeUUID=49e00add-b79b-4596-9305-1bdf7934a5c8, command=[]} | ret=SUCCESS |  
2019-08-29 11:31:44,555 | INFO  | SCMAudit | user=jenkins1000 | ip=192.168.5.166 | op=SEND_HEARTBEAT {datanodeUUID=3948bd19-9220-440d-91f9-f47c403594d9, command=[]} | ret=SUCCESS |  
2019-08-29 11:31:44,587 | INFO  | SCMAudit | user=jenkins1000 | ip=192.168.5.166 | op=SEND_HEARTBEAT {datanodeUUID=49e00add-b79b-4596-9305-1bdf7934a5c8, command=[]} | ret=SUCCESS |  
2019-08-29 11:31:44,587 | INFO  | SCMAudit | user=jenkins1000 | ip=192.168.5.166 | op=SEND_HEARTBEAT {datanodeUUID=3948bd19-9220-440d-91f9-f47c403594d9, command=[]} | ret=SUCCESS |  
2019-08-29 11:31:44,593 [grpc-default-executor-3] WARN  server.GrpcLogAppender (LogUtils.java:warn(134)) - 49e00add-b79b-4596-9305-1bdf7934a5c8->c5b6e20d-bcff-49ea-8dae-ad65ffde277e: Failed appendEntries: org.apache.ratis.thirdparty.io.grpc.StatusRuntimeException: UNAVAILABLE: io exception
2019-08-29 11:31:44,606 [grpc-default-executor-3] INFO  impl.FollowerInfo (FollowerInfo.java:lambda$new$0(50)) - 49e00add-b79b-4596-9305-1bdf7934a5c8->c5b6e20d-bcff-49ea-8dae-ad65ffde277e: nextIndex: updateUnconditionally 4 -> 3
2019-08-29 11:31:44,619 [grpc-default-executor-4] WARN  server.GrpcLogAppender (LogUtils.java:warn(134)) - 49e00add-b79b-4596-9305-1bdf7934a5c8->c5b6e20d-bcff-49ea-8dae-ad65ffde277e: Failed appendEntries: org.apache.ratis.thirdparty.io.grpc.StatusRuntimeException: UNAVAILABLE: io exception
2019-08-29 11:31:44,621 [grpc-default-executor-4] INFO  impl.FollowerInfo (FollowerInfo.java:lambda$new$0(50)) - 49e00add-b79b-4596-9305-1bdf7934a5c8->c5b6e20d-bcff-49ea-8dae-ad65ffde277e: nextIndex: updateUnconditionally 4 -> 3
2019-08-29 11:31:44,635 [grpc-default-executor-3] WARN  server.GrpcLogAppender (LogUtils.java:warn(134)) - 49e00add-b79b-4596-9305-1bdf7934a5c8->c5b6e20d-bcff-49ea-8dae-ad65ffde277e: Failed appendEntries: org.apache.ratis.thirdparty.io.grpc.StatusRuntimeException: UNAVAILABLE: io exception
2019-08-29 11:31:44,636 [grpc-default-executor-3] INFO  impl.FollowerInfo (FollowerInfo.java:lambda$new$0(50)) - 49e00add-b79b-4596-9305-1bdf7934a5c8->c5b6e20d-bcff-49ea-8dae-ad65ffde277e: nextIndex: updateUnconditionally 4 -> 3
2019-08-29 11:31:44,713 [RatisApplyTransactionExecutor 2] INFO  interfaces.Container (KeyValueContainer.java:compactDB(356)) - Container 2 is closed with bcsId 3.
2019-08-29 11:31:44,714 | INFO  | DNAudit | user=null | ip=null | op=CLOSE_CONTAINER {containerID=2} | ret=SUCCESS |  
2019-08-29 11:31:44,715 | INFO  | SCMAudit | user=jenkins1000 | ip=192.168.5.166 | op=SEND_HEARTBEAT {datanodeUUID=49e00add-b79b-4596-9305-1bdf7934a5c8, command=[]} | ret=SUCCESS |  
2019-08-29 11:31:44,716 [EventQueue-IncrementalContainerReportForIncrementalContainerReportHandler] INFO  container.IncrementalContainerReportHandler (AbstractContainerReportHandler.java:updateContainerState(176)) - Moving container #2 to CLOSED state, datanode 49e00add-b79b-4596-9305-1bdf7934a5c8{ip: 192.168.5.166, host: pr-hdds-2030-qplxq-3692370286, networkLocation: /default-rack, certSerialId: null} reported CLOSED replica.
2019-08-29 11:31:44,738 [RatisApplyTransactionExecutor 2] INFO  interfaces.Container (KeyValueContainer.java:compactDB(356)) - Container 2 is closed with bcsId 3.
2019-08-29 11:31:44,738 | INFO  | DNAudit | user=null | ip=null | op=CLOSE_CONTAINER {containerID=2} | ret=SUCCESS |  
2019-08-29 11:31:44,739 | INFO  | SCMAudit | user=jenkins1000 | ip=192.168.5.166 | op=SEND_HEARTBEAT {datanodeUUID=3948bd19-9220-440d-91f9-f47c403594d9, command=[]} | ret=SUCCESS |  
2019-08-29 11:31:45,043 | INFO  | SCMAudit | user=jenkins1000 | ip=192.168.5.166 | op=SEND_HEARTBEAT {datanodeUUID=687fa99e-0a29-471b-8d5d-2536fcd66185, command=[]} | ret=SUCCESS |  
2019-08-29 11:31:45,106 | INFO  | SCMAudit | user=jenkins1000 | ip=192.168.5.166 | op=SEND_HEARTBEAT {datanodeUUID=bc10beaa-b051-4e0a-9a79-ede145ae6c9d, command=[]} | ret=SUCCESS |  
2019-08-29 11:31:45,467 [grpc-default-executor-2] WARN  server.GrpcLogAppender (LogUtils.java:warn(134)) - 687fa99e-0a29-471b-8d5d-2536fcd66185->a068682e-110e-41da-8a67-801fcdf01cfd: Failed appendEntries: org.apache.ratis.thirdparty.io.grpc.StatusRuntimeException: UNAVAILABLE: io exception
2019-08-29 11:31:45,470 [grpc-default-executor-2] INFO  impl.FollowerInfo (FollowerInfo.java:lambda$new$0(50)) - 687fa99e-0a29-471b-8d5d-2536fcd66185->a068682e-110e-41da-8a67-801fcdf01cfd: nextIndex: updateUnconditionally 16 -> 15
2019-08-29 11:31:45,716 | INFO  | SCMAudit | user=jenkins1000 | ip=192.168.5.166 | op=SEND_HEARTBEAT {datanodeUUID=49e00add-b79b-4596-9305-1bdf7934a5c8, command=[]} | ret=SUCCESS |  
2019-08-29 11:31:45,740 | INFO  | SCMAudit | user=jenkins1000 | ip=192.168.5.166 | op=SEND_HEARTBEAT {datanodeUUID=3948bd19-9220-440d-91f9-f47c403594d9, command=[]} | ret=SUCCESS |  
2019-08-29 11:31:46,042 | INFO  | SCMAudit | user=jenkins1000 | ip=192.168.5.166 | op=SEND_HEARTBEAT {datanodeUUID=687fa99e-0a29-471b-8d5d-2536fcd66185, command=[]} | ret=SUCCESS |  
2019-08-29 11:31:46,105 | INFO  | SCMAudit | user=jenkins1000 | ip=192.168.5.166 | op=SEND_HEARTBEAT {datanodeUUID=bc10beaa-b051-4e0a-9a79-ede145ae6c9d, command=[]} | ret=SUCCESS |  
2019-08-29 11:31:46,716 | INFO  | SCMAudit | user=jenkins1000 | ip=192.168.5.166 | op=SEND_HEARTBEAT {datanodeUUID=49e00add-b79b-4596-9305-1bdf7934a5c8, command=[]} | ret=SUCCESS |  
2019-08-29 11:31:46,728 [EventQueue-StaleNodeForStaleNodeHandler] INFO  node.StaleNodeHandler (StaleNodeHandler.java:onMessage(58)) - Datanode 4a086508-4c3b-4d76-b3f3-073e8bcfee64{ip: 192.168.5.166, host: pr-hdds-2030-qplxq-3692370286, networkLocation: /default-rack, certSerialId: null} moved to stale state. Finalizing its pipelines [PipelineID=9c1b407b-0514-411d-919e-c297590cc8a7]
2019-08-29 11:31:46,728 [EventQueue-StaleNodeForStaleNodeHandler] INFO  pipeline.SCMPipelineManager (SCMPipelineManager.java:finalizeAndDestroyPipeline(309)) - destroying pipeline:Pipeline[ Id: 9c1b407b-0514-411d-919e-c297590cc8a7, Nodes: 4a086508-4c3b-4d76-b3f3-073e8bcfee64{ip: 192.168.5.166, host: pr-hdds-2030-qplxq-3692370286, networkLocation: /default-rack, certSerialId: null}, Type:RATIS, Factor:ONE, State:OPEN]
2019-08-29 11:31:46,728 [EventQueue-StaleNodeForStaleNodeHandler] INFO  pipeline.PipelineStateManager (PipelineStateManager.java:finalizePipeline(123)) - Pipeline Pipeline[ Id: 9c1b407b-0514-411d-919e-c297590cc8a7, Nodes: 4a086508-4c3b-4d76-b3f3-073e8bcfee64{ip: 192.168.5.166, host: pr-hdds-2030-qplxq-3692370286, networkLocation: /default-rack, certSerialId: null}, Type:RATIS, Factor:ONE, State:CLOSED] moved to CLOSED state
2019-08-29 11:31:46,739 | INFO  | SCMAudit | user=jenkins1000 | ip=192.168.5.166 | op=SEND_HEARTBEAT {datanodeUUID=3948bd19-9220-440d-91f9-f47c403594d9, command=[]} | ret=SUCCESS |  
2019-08-29 11:31:46,938 [Datanode State Machine Thread - 0] INFO  statemachine.DatanodeStateMachine (DatanodeStateMachine.java:lambda$startDaemon$0(350)) - Ozone container server started.
2019-08-29 11:31:46,938 [main] INFO  ozoneimpl.OzoneContainer (OzoneContainer.java:stop(199)) - Attempting to stop container services.
2019-08-29 11:31:46,939 [main] INFO  impl.RaftServerProxy (RaftServerProxy.java:lambda$close$4(314)) - 687fa99e-0a29-471b-8d5d-2536fcd66185: close
2019-08-29 11:31:46,939 [main] INFO  impl.RaftServerImpl (RaftServerImpl.java:lambda$shutdown$3(245)) - 687fa99e-0a29-471b-8d5d-2536fcd66185: shutdown group-72EF7A267FC1
2019-08-29 11:31:46,940 [main] INFO  util.JmxRegister (JmxRegister.java:unregister(73)) - Successfully un-registered JMX Bean with object name Ratis:service=RaftServer,group=group-72EF7A267FC1,id=687fa99e-0a29-471b-8d5d-2536fcd66185
2019-08-29 11:31:46,940 [main] INFO  impl.RoleInfo (RoleInfo.java:shutdownLeaderState(104)) - 687fa99e-0a29-471b-8d5d-2536fcd66185: shutdown LeaderState
2019-08-29 11:31:46,941 [main] INFO  impl.PendingRequests (PendingRequests.java:sendNotLeaderResponses(202)) - 687fa99e-0a29-471b-8d5d-2536fcd66185-PendingRequests: sendNotLeaderResponses
2019-08-29 11:31:46,941 [main] INFO  impl.StateMachineUpdater (StateMachineUpdater.java:stopAndJoin(115)) - StateMachineUpdater:687fa99e-0a29-471b-8d5d-2536fcd66185:group-72EF7A267FC1: set stopIndex = 0
2019-08-29 11:31:46,942 [main] INFO  impl.RaftServerImpl (ServerState.java:close(394)) - 687fa99e-0a29-471b-8d5d-2536fcd66185:group-72EF7A267FC1 closes. The last applied log index is 0
2019-08-29 11:31:46,943 [687fa99e-0a29-471b-8d5d-2536fcd66185-SegmentedRaftLogWorker:Storage Directory /workdir/hadoop-ozone/integration-test/target/test-dir/MiniOzoneClusterImpl-4cec5eff-4947-4a55-927f-c543e94153ec/datanode-3/data/ratis/09ef74b6-7452-4b57-b494-72ef7a267fc1] INFO  segmented.SegmentedRaftLogWorker (SegmentedRaftLogWorker.java:run(313)) - 687fa99e-0a29-471b-8d5d-2536fcd66185-SegmentedRaftLogWorker:Storage Directory /workdir/hadoop-ozone/integration-test/target/test-dir/MiniOzoneClusterImpl-4cec5eff-4947-4a55-927f-c543e94153ec/datanode-3/data/ratis/09ef74b6-7452-4b57-b494-72ef7a267fc1 was interrupted, exiting. There are 0 tasks remaining in the queue.
2019-08-29 11:31:46,946 [main] INFO  segmented.SegmentedRaftLogWorker (SegmentedRaftLogWorker.java:close(228)) - 687fa99e-0a29-471b-8d5d-2536fcd66185-SegmentedRaftLogWorker:Storage Directory /workdir/hadoop-ozone/integration-test/target/test-dir/MiniOzoneClusterImpl-4cec5eff-4947-4a55-927f-c543e94153ec/datanode-3/data/ratis/09ef74b6-7452-4b57-b494-72ef7a267fc1 close()
2019-08-29 11:31:46,946 [ForkJoinPool.commonPool-worker-1] INFO  ozoneimpl.OzoneContainer (OzoneContainer.java:stop(199)) - Attempting to stop container services.
2019-08-29 11:31:46,949 [main] INFO  impl.RaftServerImpl (RaftServerImpl.java:lambda$shutdown$3(245)) - 687fa99e-0a29-471b-8d5d-2536fcd66185: shutdown group-B389B6013009
2019-08-29 11:31:46,949 [ForkJoinPool.commonPool-worker-1] INFO  impl.RaftServerProxy (RaftServerProxy.java:lambda$close$4(314)) - 4a086508-4c3b-4d76-b3f3-073e8bcfee64: close
2019-08-29 11:31:46,949 [main] INFO  util.JmxRegister (JmxRegister.java:unregister(73)) - Successfully un-registered JMX Bean with object name Ratis:service=RaftServer,group=group-B389B6013009,id=687fa99e-0a29-471b-8d5d-2536fcd66185
2019-08-29 11:31:46,949 [ForkJoinPool.commonPool-worker-1] INFO  impl.RaftServerImpl (RaftServerImpl.java:lambda$shutdown$3(245)) - 4a086508-4c3b-4d76-b3f3-073e8bcfee64: shutdown group-C297590CC8A7
2019-08-29 11:31:46,950 [main] INFO  impl.RoleInfo (RoleInfo.java:shutdownLeaderState(104)) - 687fa99e-0a29-471b-8d5d-2536fcd66185: shutdown LeaderState
2019-08-29 11:31:46,950 [ForkJoinPool.commonPool-worker-1] INFO  util.JmxRegister (JmxRegister.java:unregister(73)) - Successfully un-registered JMX Bean with object name Ratis:service=RaftServer,group=group-C297590CC8A7,id=4a086508-4c3b-4d76-b3f3-073e8bcfee64
2019-08-29 11:31:46,953 [org.apache.ratis.server.impl.LogAppender$AppenderDaemon$$Lambda$468/1042246684@eb06eb] WARN  server.GrpcLogAppender (GrpcLogAppender.java:mayWait(143)) - GrpcLogAppender(687fa99e-0a29-471b-8d5d-2536fcd66185->a068682e-110e-41da-8a67-801fcdf01cfd): Wait interrupted by java.lang.InterruptedException
2019-08-29 11:31:46,953 [main] INFO  impl.PendingRequests (PendingRequests.java:sendNotLeaderResponses(202)) - 687fa99e-0a29-471b-8d5d-2536fcd66185-PendingRequests: sendNotLeaderResponses
2019-08-29 11:31:46,953 [org.apache.ratis.server.impl.LogAppender$AppenderDaemon$$Lambda$468/1042246684@45e99892] WARN  server.GrpcLogAppender (GrpcLogAppender.java:mayWait(143)) - GrpcLogAppender(687fa99e-0a29-471b-8d5d-2536fcd66185->bc10beaa-b051-4e0a-9a79-ede145ae6c9d): Wait interrupted by java.lang.InterruptedException
2019-08-29 11:31:46,953 [ForkJoinPool.commonPool-worker-1] INFO  impl.RoleInfo (RoleInfo.java:shutdownLeaderState(104)) - 4a086508-4c3b-4d76-b3f3-073e8bcfee64: shutdown LeaderState
2019-08-29 11:31:46,957 [ForkJoinPool.commonPool-worker-1] INFO  impl.PendingRequests (PendingRequests.java:sendNotLeaderResponses(202)) - 4a086508-4c3b-4d76-b3f3-073e8bcfee64-PendingRequests: sendNotLeaderResponses
2019-08-29 11:31:46,958 [ForkJoinPool.commonPool-worker-1] INFO  impl.StateMachineUpdater (StateMachineUpdater.java:stopAndJoin(115)) - StateMachineUpdater:4a086508-4c3b-4d76-b3f3-073e8bcfee64:group-C297590CC8A7: set stopIndex = 0
2019-08-29 11:31:46,958 [grpc-default-executor-2] INFO  server.GrpcServerProtocolService (GrpcServerProtocolService.java:onCompleted(104)) - bc10beaa-b051-4e0a-9a79-ede145ae6c9d: appendEntries completed
2019-08-29 11:31:46,958 [ForkJoinPool.commonPool-worker-1] INFO  impl.RaftServerImpl (ServerState.java:close(394)) - 4a086508-4c3b-4d76-b3f3-073e8bcfee64:group-C297590CC8A7 closes. The last applied log index is 0
2019-08-29 11:31:46,959 [4a086508-4c3b-4d76-b3f3-073e8bcfee64-SegmentedRaftLogWorker:Storage Directory /workdir/hadoop-ozone/integration-test/target/test-dir/MiniOzoneClusterImpl-4cec5eff-4947-4a55-927f-c543e94153ec/datanode-2/data/ratis/9c1b407b-0514-411d-919e-c297590cc8a7] INFO  segmented.SegmentedRaftLogWorker (SegmentedRaftLogWorker.java:run(313)) - 4a086508-4c3b-4d76-b3f3-073e8bcfee64-SegmentedRaftLogWorker:Storage Directory /workdir/hadoop-ozone/integration-test/target/test-dir/MiniOzoneClusterImpl-4cec5eff-4947-4a55-927f-c543e94153ec/datanode-2/data/ratis/9c1b407b-0514-411d-919e-c297590cc8a7 was interrupted, exiting. There are 0 tasks remaining in the queue.
2019-08-29 11:31:46,962 [ForkJoinPool.commonPool-worker-1] INFO  segmented.SegmentedRaftLogWorker (SegmentedRaftLogWorker.java:close(228)) - 4a086508-4c3b-4d76-b3f3-073e8bcfee64-SegmentedRaftLogWorker:Storage Directory /workdir/hadoop-ozone/integration-test/target/test-dir/MiniOzoneClusterImpl-4cec5eff-4947-4a55-927f-c543e94153ec/datanode-2/data/ratis/9c1b407b-0514-411d-919e-c297590cc8a7 close()
2019-08-29 11:31:46,962 [grpc-default-executor-2] INFO  server.GrpcLogAppender (GrpcLogAppender.java:onCompleted(292)) - 687fa99e-0a29-471b-8d5d-2536fcd66185->bc10beaa-b051-4e0a-9a79-ede145ae6c9d: follower responses appendEntries COMPLETED
2019-08-29 11:31:46,975 [main] INFO  impl.StateMachineUpdater (StateMachineUpdater.java:stopAndJoin(115)) - StateMachineUpdater:687fa99e-0a29-471b-8d5d-2536fcd66185:group-B389B6013009: set stopIndex = 18
2019-08-29 11:31:46,975 [grpc-default-executor-2] INFO  impl.FollowerInfo (FollowerInfo.java:lambda$new$0(50)) - 687fa99e-0a29-471b-8d5d-2536fcd66185->bc10beaa-b051-4e0a-9a79-ede145ae6c9d: nextIndex: updateUnconditionally 19 -> 18
2019-08-29 11:31:46,975 [ForkJoinPool.commonPool-worker-1] INFO  server.GrpcService (GrpcService.java:closeImpl(155)) - 4a086508-4c3b-4d76-b3f3-073e8bcfee64: shutdown server with port 45804 now
2019-08-29 11:31:46,975 [StateMachineUpdater:687fa99e-0a29-471b-8d5d-2536fcd66185:group-B389B6013009] INFO  ratis.ContainerStateMachine (ContainerStateMachine.java:takeSnapshot(283)) - group-B389B6013009: Taking a snapshot at:(t:3, i:18) file /workdir/hadoop-ozone/integration-test/target/test-dir/MiniOzoneClusterImpl-4cec5eff-4947-4a55-927f-c543e94153ec/datanode-3/data/ratis/13008043-b313-4d2b-b5a8-b389b6013009/sm/snapshot.3_18
2019-08-29 11:31:46,979 [ForkJoinPool.commonPool-worker-1] INFO  server.GrpcService (GrpcService.java:closeImpl(163)) - 4a086508-4c3b-4d76-b3f3-073e8bcfee64: shutdown server with port 45804 successfully
2019-08-29 11:31:46,982 [ForkJoinPool.commonPool-worker-1] INFO  utils.BackgroundService (BackgroundService.java:shutdown(148)) - Shutting down service BlockDeletingService
2019-08-29 11:31:46,982 [refreshUsed-/workdir/hadoop-ozone/integration-test/target/test-dir/MiniOzoneClusterImpl-4cec5eff-4947-4a55-927f-c543e94153ec/datanode-2/data/containers] WARN  fs.CachingGetSpaceUsed (CachingGetSpaceUsed.java:run(183)) - Thread Interrupted waiting to refresh disk information: sleep interrupted
2019-08-29 11:31:47,001 [ForkJoinPool.commonPool-worker-1] INFO  statemachine.DatanodeStateMachine (DatanodeStateMachine.java:stopDaemon(395)) - Ozone container server stopped.
2019-08-29 11:31:47,004 [StateMachineUpdater:687fa99e-0a29-471b-8d5d-2536fcd66185:group-B389B6013009] INFO  ratis.ContainerStateMachine (ContainerStateMachine.java:takeSnapshot(294)) - group-B389B6013009: Finished taking a snapshot at:(t:3, i:18) file:/workdir/hadoop-ozone/integration-test/target/test-dir/MiniOzoneClusterImpl-4cec5eff-4947-4a55-927f-c543e94153ec/datanode-3/data/ratis/13008043-b313-4d2b-b5a8-b389b6013009/sm/snapshot.3_18 time:29
2019-08-29 11:31:47,004 [StateMachineUpdater:687fa99e-0a29-471b-8d5d-2536fcd66185:group-B389B6013009] INFO  impl.StateMachineUpdater (StateMachineUpdater.java:takeSnapshot(242)) - StateMachineUpdater:687fa99e-0a29-471b-8d5d-2536fcd66185:group-B389B6013009: Took a snapshot at index 18
2019-08-29 11:31:47,006 [StateMachineUpdater:687fa99e-0a29-471b-8d5d-2536fcd66185:group-B389B6013009] INFO  impl.StateMachineUpdater (StateMachineUpdater.java:lambda$new$0(80)) - StateMachineUpdater:687fa99e-0a29-471b-8d5d-2536fcd66185:group-B389B6013009: snapshotIndex: updateIncreasingly -1 -> 18
2019-08-29 11:31:47,006 [ForkJoinPool.commonPool-worker-1] INFO  handler.ContextHandler (ContextHandler.java:doStop(910)) - Stopped o.e.j.w.WebAppContext@45801322{/,null,UNAVAILABLE}{/hddsDatanode}
2019-08-29 11:31:47,006 [main] INFO  impl.RaftServerImpl (ServerState.java:close(394)) - 687fa99e-0a29-471b-8d5d-2536fcd66185:group-B389B6013009 closes. The last applied log index is 18
2019-08-29 11:31:47,006 [ForkJoinPool.commonPool-worker-1] INFO  server.AbstractConnector (AbstractConnector.java:doStop(318)) - Stopped ServerConnector@756b2d90{HTTP/1.1,[http/1.1]}{0.0.0.0:0}
2019-08-29 11:31:47,008 [687fa99e-0a29-471b-8d5d-2536fcd66185-SegmentedRaftLogWorker:Storage Directory /workdir/hadoop-ozone/integration-test/target/test-dir/MiniOzoneClusterImpl-4cec5eff-4947-4a55-927f-c543e94153ec/datanode-3/data/ratis/13008043-b313-4d2b-b5a8-b389b6013009] INFO  segmented.SegmentedRaftLogWorker (SegmentedRaftLogWorker.java:run(313)) - 687fa99e-0a29-471b-8d5d-2536fcd66185-SegmentedRaftLogWorker:Storage Directory /workdir/hadoop-ozone/integration-test/target/test-dir/MiniOzoneClusterImpl-4cec5eff-4947-4a55-927f-c543e94153ec/datanode-3/data/ratis/13008043-b313-4d2b-b5a8-b389b6013009 was interrupted, exiting. There are 0 tasks remaining in the queue.
2019-08-29 11:31:47,008 [ForkJoinPool.commonPool-worker-1] INFO  handler.ContextHandler (ContextHandler.java:doStop(910)) - Stopped o.e.j.s.ServletContextHandler@25791d40{/static,jar:file:/home/user/.m2/repository/org/apache/hadoop/hadoop-hdds-container-service/0.5.0-SNAPSHOT/hadoop-hdds-container-service-0.5.0-SNAPSHOT.jar!/webapps/static,UNAVAILABLE}
2019-08-29 11:31:47,009 [main] INFO  segmented.SegmentedRaftLogWorker (SegmentedRaftLogWorker.java:close(228)) - 687fa99e-0a29-471b-8d5d-2536fcd66185-SegmentedRaftLogWorker:Storage Directory /workdir/hadoop-ozone/integration-test/target/test-dir/MiniOzoneClusterImpl-4cec5eff-4947-4a55-927f-c543e94153ec/datanode-3/data/ratis/13008043-b313-4d2b-b5a8-b389b6013009 close()
2019-08-29 11:31:47,010 [ForkJoinPool.commonPool-worker-1] INFO  handler.ContextHandler (ContextHandler.java:doStop(910)) - Stopped o.e.j.s.ServletContextHandler@5aa76ad2{/logs,file:///workdir/hadoop-ozone/integration-test/target/log,UNAVAILABLE}
2019-08-29 11:31:47,013 [main] INFO  server.GrpcService (GrpcService.java:closeImpl(155)) - 687fa99e-0a29-471b-8d5d-2536fcd66185: shutdown server with port 42900 now
2019-08-29 11:31:47,013 [ForkJoinPool.commonPool-worker-1] INFO  datanode.ObjectStoreHandler (ObjectStoreHandler.java:close(155)) - Closing ObjectStoreHandler.
2019-08-29 11:31:47,019 [ForkJoinPool.commonPool-worker-1] INFO  ozone.HddsDatanodeService (HddsDatanodeService.java:stop(451)) - Stopped plug-in org.apache.hadoop.ozone.web.OzoneHddsDatanodeService@27976390
2019-08-29 11:31:47,019 [main] INFO  server.GrpcService (GrpcService.java:closeImpl(163)) - 687fa99e-0a29-471b-8d5d-2536fcd66185: shutdown server with port 42900 successfully
2019-08-29 11:31:47,021 [grpc-default-executor-4] WARN  client.GrpcClientProtocolService (LogUtils.java:warn(134)) - 5-UnorderedRequestStreamObserver5: onError: org.apache.ratis.thirdparty.io.grpc.StatusRuntimeException: CANCELLED: cancelled before receiving half close
2019-08-29 11:31:47,021 [main] INFO  utils.BackgroundService (BackgroundService.java:shutdown(148)) - Shutting down service BlockDeletingService
2019-08-29 11:31:47,022 [refreshUsed-/workdir/hadoop-ozone/integration-test/target/test-dir/MiniOzoneClusterImpl-4cec5eff-4947-4a55-927f-c543e94153ec/datanode-3/data/containers] WARN  fs.CachingGetSpaceUsed (CachingGetSpaceUsed.java:run(183)) - Thread Interrupted waiting to refresh disk information: sleep interrupted
2019-08-29 11:31:47,040 [main] INFO  statemachine.DatanodeStateMachine (DatanodeStateMachine.java:stopDaemon(395)) - Ozone container server stopped.
2019-08-29 11:31:47,041 [main] INFO  handler.ContextHandler (ContextHandler.java:doStop(910)) - Stopped o.e.j.w.WebAppContext@5fb3111a{/,null,UNAVAILABLE}{/hddsDatanode}
2019-08-29 11:31:47,042 [main] INFO  server.AbstractConnector (AbstractConnector.java:doStop(318)) - Stopped ServerConnector@4aaecabd{HTTP/1.1,[http/1.1]}{0.0.0.0:0}
2019-08-29 11:31:47,042 [main] INFO  handler.ContextHandler (ContextHandler.java:doStop(910)) - Stopped o.e.j.s.ServletContextHandler@79df80a4{/static,jar:file:/home/user/.m2/repository/org/apache/hadoop/hadoop-hdds-container-service/0.5.0-SNAPSHOT/hadoop-hdds-container-service-0.5.0-SNAPSHOT.jar!/webapps/static,UNAVAILABLE}
2019-08-29 11:31:47,043 [main] INFO  handler.ContextHandler (ContextHandler.java:doStop(910)) - Stopped o.e.j.s.ServletContextHandler@14f060b8{/logs,file:///workdir/hadoop-ozone/integration-test/target/log,UNAVAILABLE}
2019-08-29 11:31:47,044 [main] INFO  datanode.ObjectStoreHandler (ObjectStoreHandler.java:close(155)) - Closing ObjectStoreHandler.
2019-08-29 11:31:47,044 [main] INFO  ozone.HddsDatanodeService (HddsDatanodeService.java:stop(451)) - Stopped plug-in org.apache.hadoop.ozone.web.OzoneHddsDatanodeService@786a3477
2019-08-29 11:31:47,104 [Datanode State Machine Thread - 0] INFO  statemachine.DatanodeStateMachine (DatanodeStateMachine.java:lambda$startDaemon$0(350)) - Ozone container server started.
2019-08-29 11:31:47,136 [grpc-default-executor-3] WARN  server.GrpcLogAppender (LogUtils.java:warn(134)) - 49e00add-b79b-4596-9305-1bdf7934a5c8->c5b6e20d-bcff-49ea-8dae-ad65ffde277e: Failed appendEntries: org.apache.ratis.thirdparty.io.grpc.StatusRuntimeException: UNAVAILABLE: io exception
2019-08-29 11:31:47,138 [grpc-default-executor-3] INFO  impl.FollowerInfo (FollowerInfo.java:lambda$new$0(50)) - 49e00add-b79b-4596-9305-1bdf7934a5c8->c5b6e20d-bcff-49ea-8dae-ad65ffde277e: nextIndex: updateUnconditionally 3 -> 2
2019-08-29 11:31:47,715 [Datanode State Machine Thread - 0] INFO  statemachine.DatanodeStateMachine (DatanodeStateMachine.java:lambda$startDaemon$0(350)) - Ozone container server started.
2019-08-29 11:31:47,740 | INFO  | SCMAudit | user=jenkins1000 | ip=192.168.5.166 | op=SEND_HEARTBEAT {datanodeUUID=3948bd19-9220-440d-91f9-f47c403594d9, command=[]} | ret=SUCCESS |  
2019-08-29 11:31:48,740 | INFO  | SCMAudit | user=jenkins1000 | ip=192.168.5.166 | op=SEND_HEARTBEAT {datanodeUUID=3948bd19-9220-440d-91f9-f47c403594d9, command=[]} | ret=SUCCESS |  
2019-08-29 11:31:49,638 [grpc-default-executor-2] WARN  server.GrpcLogAppender (LogUtils.java:warn(134)) - 49e00add-b79b-4596-9305-1bdf7934a5c8->c5b6e20d-bcff-49ea-8dae-ad65ffde277e: Failed appendEntries: org.apache.ratis.thirdparty.io.grpc.StatusRuntimeException: UNAVAILABLE: io exception
2019-08-29 11:31:49,641 [grpc-default-executor-2] INFO  impl.FollowerInfo (FollowerInfo.java:lambda$new$0(50)) - 49e00add-b79b-4596-9305-1bdf7934a5c8->c5b6e20d-bcff-49ea-8dae-ad65ffde277e: nextIndex: updateUnconditionally 2 -> 1
2019-08-29 11:31:49,740 | INFO  | SCMAudit | user=jenkins1000 | ip=192.168.5.166 | op=SEND_HEARTBEAT {datanodeUUID=3948bd19-9220-440d-91f9-f47c403594d9, command=[]} | ret=SUCCESS |  
2019-08-29 11:31:50,740 | INFO  | SCMAudit | user=jenkins1000 | ip=192.168.5.166 | op=SEND_HEARTBEAT {datanodeUUID=3948bd19-9220-440d-91f9-f47c403594d9, command=[]} | ret=SUCCESS |  
2019-08-29 11:31:51,136 [EventQueue-StaleNodeForStaleNodeHandler] INFO  node.StaleNodeHandler (StaleNodeHandler.java:onMessage(58)) - Datanode bc10beaa-b051-4e0a-9a79-ede145ae6c9d{ip: 192.168.5.166, host: pr-hdds-2030-qplxq-3692370286, networkLocation: /default-rack, certSerialId: null} moved to stale state. Finalizing its pipelines [PipelineID=13008043-b313-4d2b-b5a8-b389b6013009, PipelineID=cd830538-49a6-424f-a196-e3126c636deb]
2019-08-29 11:31:51,136 [EventQueue-StaleNodeForStaleNodeHandler] INFO  pipeline.SCMPipelineManager (SCMPipelineManager.java:finalizeAndDestroyPipeline(309)) - destroying pipeline:Pipeline[ Id: 13008043-b313-4d2b-b5a8-b389b6013009, Nodes: a068682e-110e-41da-8a67-801fcdf01cfd{ip: 192.168.5.166, host: pr-hdds-2030-qplxq-3692370286, networkLocation: /default-rack, certSerialId: null}bc10beaa-b051-4e0a-9a79-ede145ae6c9d{ip: 192.168.5.166, host: pr-hdds-2030-qplxq-3692370286, networkLocation: /default-rack, certSerialId: null}687fa99e-0a29-471b-8d5d-2536fcd66185{ip: 192.168.5.166, host: pr-hdds-2030-qplxq-3692370286, networkLocation: /default-rack, certSerialId: null}, Type:RATIS, Factor:THREE, State:CLOSED]
2019-08-29 11:31:51,136 [EventQueue-StaleNodeForStaleNodeHandler] INFO  pipeline.SCMPipelineManager (SCMPipelineManager.java:finalizeAndDestroyPipeline(309)) - destroying pipeline:Pipeline[ Id: cd830538-49a6-424f-a196-e3126c636deb, Nodes: bc10beaa-b051-4e0a-9a79-ede145ae6c9d{ip: 192.168.5.166, host: pr-hdds-2030-qplxq-3692370286, networkLocation: /default-rack, certSerialId: null}, Type:RATIS, Factor:ONE, State:OPEN]
2019-08-29 11:31:51,137 [EventQueue-StaleNodeForStaleNodeHandler] INFO  pipeline.PipelineStateManager (PipelineStateManager.java:finalizePipeline(123)) - Pipeline Pipeline[ Id: cd830538-49a6-424f-a196-e3126c636deb, Nodes: bc10beaa-b051-4e0a-9a79-ede145ae6c9d{ip: 192.168.5.166, host: pr-hdds-2030-qplxq-3692370286, networkLocation: /default-rack, certSerialId: null}, Type:RATIS, Factor:ONE, State:CLOSED] moved to CLOSED state
2019-08-29 11:31:51,137 [EventQueue-StaleNodeForStaleNodeHandler] INFO  node.StaleNodeHandler (StaleNodeHandler.java:onMessage(58)) - Datanode 687fa99e-0a29-471b-8d5d-2536fcd66185{ip: 192.168.5.166, host: pr-hdds-2030-qplxq-3692370286, networkLocation: /default-rack, certSerialId: null} moved to stale state. Finalizing its pipelines [PipelineID=09ef74b6-7452-4b57-b494-72ef7a267fc1, PipelineID=13008043-b313-4d2b-b5a8-b389b6013009]
2019-08-29 11:31:51,137 [EventQueue-StaleNodeForStaleNodeHandler] INFO  pipeline.SCMPipelineManager (SCMPipelineManager.java:finalizeAndDestroyPipeline(309)) - destroying pipeline:Pipeline[ Id: 09ef74b6-7452-4b57-b494-72ef7a267fc1, Nodes: 687fa99e-0a29-471b-8d5d-2536fcd66185{ip: 192.168.5.166, host: pr-hdds-2030-qplxq-3692370286, networkLocation: /default-rack, certSerialId: null}, Type:RATIS, Factor:ONE, State:OPEN]
2019-08-29 11:31:51,138 [EventQueue-StaleNodeForStaleNodeHandler] INFO  pipeline.PipelineStateManager (PipelineStateManager.java:finalizePipeline(123)) - Pipeline Pipeline[ Id: 09ef74b6-7452-4b57-b494-72ef7a267fc1, Nodes: 687fa99e-0a29-471b-8d5d-2536fcd66185{ip: 192.168.5.166, host: pr-hdds-2030-qplxq-3692370286, networkLocation: /default-rack, certSerialId: null}, Type:RATIS, Factor:ONE, State:CLOSED] moved to CLOSED state
2019-08-29 11:31:51,138 [EventQueue-StaleNodeForStaleNodeHandler] INFO  pipeline.SCMPipelineManager (SCMPipelineManager.java:finalizeAndDestroyPipeline(309)) - destroying pipeline:Pipeline[ Id: 13008043-b313-4d2b-b5a8-b389b6013009, Nodes: a068682e-110e-41da-8a67-801fcdf01cfd{ip: 192.168.5.166, host: pr-hdds-2030-qplxq-3692370286, networkLocation: /default-rack, certSerialId: null}bc10beaa-b051-4e0a-9a79-ede145ae6c9d{ip: 192.168.5.166, host: pr-hdds-2030-qplxq-3692370286, networkLocation: /default-rack, certSerialId: null}687fa99e-0a29-471b-8d5d-2536fcd66185{ip: 192.168.5.166, host: pr-hdds-2030-qplxq-3692370286, networkLocation: /default-rack, certSerialId: null}, Type:RATIS, Factor:THREE, State:CLOSED]
2019-08-29 11:31:51,737 [EventQueue-StaleNodeForStaleNodeHandler] INFO  node.StaleNodeHandler (StaleNodeHandler.java:onMessage(58)) - Datanode 49e00add-b79b-4596-9305-1bdf7934a5c8{ip: 192.168.5.166, host: pr-hdds-2030-qplxq-3692370286, networkLocation: /default-rack, certSerialId: null} moved to stale state. Finalizing its pipelines [PipelineID=e696cc5c-b9f4-4e90-95c6-acc73d870f8c, PipelineID=fe61a212-8142-4b6c-a151-44e9c607277a]
2019-08-29 11:31:51,737 [EventQueue-StaleNodeForStaleNodeHandler] INFO  pipeline.SCMPipelineManager (SCMPipelineManager.java:finalizeAndDestroyPipeline(309)) - destroying pipeline:Pipeline[ Id: e696cc5c-b9f4-4e90-95c6-acc73d870f8c, Nodes: c5b6e20d-bcff-49ea-8dae-ad65ffde277e{ip: 192.168.5.166, host: pr-hdds-2030-qplxq-3692370286, networkLocation: /default-rack, certSerialId: null}3948bd19-9220-440d-91f9-f47c403594d9{ip: 192.168.5.166, host: pr-hdds-2030-qplxq-3692370286, networkLocation: /default-rack, certSerialId: null}49e00add-b79b-4596-9305-1bdf7934a5c8{ip: 192.168.5.166, host: pr-hdds-2030-qplxq-3692370286, networkLocation: /default-rack, certSerialId: null}, Type:RATIS, Factor:THREE, State:CLOSED]
2019-08-29 11:31:51,738 [EventQueue-StaleNodeForStaleNodeHandler] INFO  pipeline.SCMPipelineManager (SCMPipelineManager.java:finalizeAndDestroyPipeline(309)) - destroying pipeline:Pipeline[ Id: fe61a212-8142-4b6c-a151-44e9c607277a, Nodes: 49e00add-b79b-4596-9305-1bdf7934a5c8{ip: 192.168.5.166, host: pr-hdds-2030-qplxq-3692370286, networkLocation: /default-rack, certSerialId: null}, Type:RATIS, Factor:ONE, State:OPEN]
2019-08-29 11:31:51,738 [EventQueue-StaleNodeForStaleNodeHandler] INFO  pipeline.PipelineStateManager (PipelineStateManager.java:finalizePipeline(123)) - Pipeline Pipeline[ Id: fe61a212-8142-4b6c-a151-44e9c607277a, Nodes: 49e00add-b79b-4596-9305-1bdf7934a5c8{ip: 192.168.5.166, host: pr-hdds-2030-qplxq-3692370286, networkLocation: /default-rack, certSerialId: null}, Type:RATIS, Factor:ONE, State:CLOSED] moved to CLOSED state
2019-08-29 11:31:51,740 | INFO  | SCMAudit | user=jenkins1000 | ip=192.168.5.166 | op=SEND_HEARTBEAT {datanodeUUID=3948bd19-9220-440d-91f9-f47c403594d9, command=[]} | ret=SUCCESS |  
2019-08-29 11:31:52,021 [ForkJoinPool.commonPool-worker-1] INFO  ozoneimpl.OzoneContainer (OzoneContainer.java:stop(199)) - Attempting to stop container services.
2019-08-29 11:31:52,022 [ForkJoinPool.commonPool-worker-1] INFO  impl.RaftServerProxy (RaftServerProxy.java:lambda$close$4(314)) - bc10beaa-b051-4e0a-9a79-ede145ae6c9d: close
2019-08-29 11:31:52,022 [ForkJoinPool.commonPool-worker-1] INFO  impl.RaftServerImpl (RaftServerImpl.java:lambda$shutdown$3(245)) - bc10beaa-b051-4e0a-9a79-ede145ae6c9d: shutdown group-B389B6013009
2019-08-29 11:31:52,023 [ForkJoinPool.commonPool-worker-1] INFO  util.JmxRegister (JmxRegister.java:unregister(73)) - Successfully un-registered JMX Bean with object name Ratis:service=RaftServer,group=group-B389B6013009,id=bc10beaa-b051-4e0a-9a79-ede145ae6c9d
2019-08-29 11:31:52,023 [ForkJoinPool.commonPool-worker-1] INFO  impl.RoleInfo (RoleInfo.java:shutdownFollowerState(121)) - bc10beaa-b051-4e0a-9a79-ede145ae6c9d: shutdown FollowerState
2019-08-29 11:31:52,023 [ForkJoinPool.commonPool-worker-1] INFO  impl.StateMachineUpdater (StateMachineUpdater.java:stopAndJoin(115)) - StateMachineUpdater:bc10beaa-b051-4e0a-9a79-ede145ae6c9d:group-B389B6013009: set stopIndex = 18
2019-08-29 11:31:52,023 [Thread-363] INFO  impl.FollowerState (FollowerState.java:run(114)) - bc10beaa-b051-4e0a-9a79-ede145ae6c9d: FollowerState was interrupted: java.lang.InterruptedException: sleep interrupted
2019-08-29 11:31:52,023 [StateMachineUpdater:bc10beaa-b051-4e0a-9a79-ede145ae6c9d:group-B389B6013009] INFO  ratis.ContainerStateMachine (ContainerStateMachine.java:takeSnapshot(283)) - group-B389B6013009: Taking a snapshot at:(t:3, i:17) file /workdir/hadoop-ozone/integration-test/target/test-dir/MiniOzoneClusterImpl-4cec5eff-4947-4a55-927f-c543e94153ec/datanode-0/data/ratis/13008043-b313-4d2b-b5a8-b389b6013009/sm/snapshot.3_17
2019-08-29 11:31:52,038 [StateMachineUpdater:bc10beaa-b051-4e0a-9a79-ede145ae6c9d:group-B389B6013009] INFO  ratis.ContainerStateMachine (ContainerStateMachine.java:takeSnapshot(294)) - group-B389B6013009: Finished taking a snapshot at:(t:3, i:17) file:/workdir/hadoop-ozone/integration-test/target/test-dir/MiniOzoneClusterImpl-4cec5eff-4947-4a55-927f-c543e94153ec/datanode-0/data/ratis/13008043-b313-4d2b-b5a8-b389b6013009/sm/snapshot.3_17 time:15
2019-08-29 11:31:52,038 [StateMachineUpdater:bc10beaa-b051-4e0a-9a79-ede145ae6c9d:group-B389B6013009] INFO  impl.StateMachineUpdater (StateMachineUpdater.java:takeSnapshot(242)) - StateMachineUpdater:bc10beaa-b051-4e0a-9a79-ede145ae6c9d:group-B389B6013009: Took a snapshot at index 17
2019-08-29 11:31:52,038 [StateMachineUpdater:bc10beaa-b051-4e0a-9a79-ede145ae6c9d:group-B389B6013009] INFO  impl.StateMachineUpdater (StateMachineUpdater.java:lambda$new$0(80)) - StateMachineUpdater:bc10beaa-b051-4e0a-9a79-ede145ae6c9d:group-B389B6013009: snapshotIndex: updateIncreasingly -1 -> 17
2019-08-29 11:31:52,039 [ForkJoinPool.commonPool-worker-1] INFO  impl.RaftServerImpl (ServerState.java:close(394)) - bc10beaa-b051-4e0a-9a79-ede145ae6c9d:group-B389B6013009 closes. The last applied log index is 18
2019-08-29 11:31:52,039 [bc10beaa-b051-4e0a-9a79-ede145ae6c9d-SegmentedRaftLogWorker:Storage Directory /workdir/hadoop-ozone/integration-test/target/test-dir/MiniOzoneClusterImpl-4cec5eff-4947-4a55-927f-c543e94153ec/datanode-0/data/ratis/13008043-b313-4d2b-b5a8-b389b6013009] INFO  segmented.SegmentedRaftLogWorker (SegmentedRaftLogWorker.java:run(313)) - bc10beaa-b051-4e0a-9a79-ede145ae6c9d-SegmentedRaftLogWorker:Storage Directory /workdir/hadoop-ozone/integration-test/target/test-dir/MiniOzoneClusterImpl-4cec5eff-4947-4a55-927f-c543e94153ec/datanode-0/data/ratis/13008043-b313-4d2b-b5a8-b389b6013009 was interrupted, exiting. There are 0 tasks remaining in the queue.
2019-08-29 11:31:52,042 [ForkJoinPool.commonPool-worker-1] INFO  segmented.SegmentedRaftLogWorker (SegmentedRaftLogWorker.java:close(228)) - bc10beaa-b051-4e0a-9a79-ede145ae6c9d-SegmentedRaftLogWorker:Storage Directory /workdir/hadoop-ozone/integration-test/target/test-dir/MiniOzoneClusterImpl-4cec5eff-4947-4a55-927f-c543e94153ec/datanode-0/data/ratis/13008043-b313-4d2b-b5a8-b389b6013009 close()
2019-08-29 11:31:52,046 [ForkJoinPool.commonPool-worker-1] INFO  impl.RaftServerImpl (RaftServerImpl.java:lambda$shutdown$3(245)) - bc10beaa-b051-4e0a-9a79-ede145ae6c9d: shutdown group-E3126C636DEB
2019-08-29 11:31:52,046 [main] INFO  ozoneimpl.OzoneContainer (OzoneContainer.java:stop(199)) - Attempting to stop container services.
2019-08-29 11:31:52,047 [ForkJoinPool.commonPool-worker-1] INFO  util.JmxRegister (JmxRegister.java:unregister(73)) - Successfully un-registered JMX Bean with object name Ratis:service=RaftServer,group=group-E3126C636DEB,id=bc10beaa-b051-4e0a-9a79-ede145ae6c9d
2019-08-29 11:31:52,047 [main] INFO  impl.RaftServerProxy (RaftServerProxy.java:lambda$close$4(314)) - 49e00add-b79b-4596-9305-1bdf7934a5c8: close
2019-08-29 11:31:52,047 [ForkJoinPool.commonPool-worker-1] INFO  impl.RoleInfo (RoleInfo.java:shutdownLeaderState(104)) - bc10beaa-b051-4e0a-9a79-ede145ae6c9d: shutdown LeaderState
2019-08-29 11:31:52,048 [main] INFO  impl.RaftServerImpl (RaftServerImpl.java:lambda$shutdown$3(245)) - 49e00add-b79b-4596-9305-1bdf7934a5c8: shutdown group-ACC73D870F8C
2019-08-29 11:31:52,048 [ForkJoinPool.commonPool-worker-1] INFO  impl.PendingRequests (PendingRequests.java:sendNotLeaderResponses(202)) - bc10beaa-b051-4e0a-9a79-ede145ae6c9d-PendingRequests: sendNotLeaderResponses
2019-08-29 11:31:52,048 [main] INFO  util.JmxRegister (JmxRegister.java:unregister(73)) - Successfully un-registered JMX Bean with object name Ratis:service=RaftServer,group=group-ACC73D870F8C,id=49e00add-b79b-4596-9305-1bdf7934a5c8
2019-08-29 11:31:52,049 [ForkJoinPool.commonPool-worker-1] INFO  impl.StateMachineUpdater (StateMachineUpdater.java:stopAndJoin(115)) - StateMachineUpdater:bc10beaa-b051-4e0a-9a79-ede145ae6c9d:group-E3126C636DEB: set stopIndex = 0
2019-08-29 11:31:52,049 [main] INFO  impl.RoleInfo (RoleInfo.java:shutdownLeaderState(104)) - 49e00add-b79b-4596-9305-1bdf7934a5c8: shutdown LeaderState
2019-08-29 11:31:52,050 [ForkJoinPool.commonPool-worker-1] INFO  impl.RaftServerImpl (ServerState.java:close(394)) - bc10beaa-b051-4e0a-9a79-ede145ae6c9d:group-E3126C636DEB closes. The last applied log index is 0
2019-08-29 11:31:52,053 [org.apache.ratis.server.impl.LogAppender$AppenderDaemon$$Lambda$468/1042246684@7120b41d] WARN  server.GrpcLogAppender (GrpcLogAppender.java:mayWait(143)) - GrpcLogAppender(49e00add-b79b-4596-9305-1bdf7934a5c8->3948bd19-9220-440d-91f9-f47c403594d9): Wait interrupted by java.lang.InterruptedException
2019-08-29 11:31:52,054 [bc10beaa-b051-4e0a-9a79-ede145ae6c9d-SegmentedRaftLogWorker:Storage Directory /workdir/hadoop-ozone/integration-test/target/test-dir/MiniOzoneClusterImpl-4cec5eff-4947-4a55-927f-c543e94153ec/datanode-0/data/ratis/cd830538-49a6-424f-a196-e3126c636deb] INFO  segmented.SegmentedRaftLogWorker (SegmentedRaftLogWorker.java:run(313)) - bc10beaa-b051-4e0a-9a79-ede145ae6c9d-SegmentedRaftLogWorker:Storage Directory /workdir/hadoop-ozone/integration-test/target/test-dir/MiniOzoneClusterImpl-4cec5eff-4947-4a55-927f-c543e94153ec/datanode-0/data/ratis/cd830538-49a6-424f-a196-e3126c636deb was interrupted, exiting. There are 0 tasks remaining in the queue.
2019-08-29 11:31:52,053 [org.apache.ratis.server.impl.LogAppender$AppenderDaemon$$Lambda$468/1042246684@5cd113] WARN  server.GrpcLogAppender (GrpcLogAppender.java:mayWait(143)) - GrpcLogAppender(49e00add-b79b-4596-9305-1bdf7934a5c8->c5b6e20d-bcff-49ea-8dae-ad65ffde277e): Wait interrupted by java.lang.InterruptedException
2019-08-29 11:31:52,053 [main] INFO  impl.PendingRequests (PendingRequests.java:sendNotLeaderResponses(202)) - 49e00add-b79b-4596-9305-1bdf7934a5c8-PendingRequests: sendNotLeaderResponses
2019-08-29 11:31:52,056 [ForkJoinPool.commonPool-worker-1] INFO  segmented.SegmentedRaftLogWorker (SegmentedRaftLogWorker.java:close(228)) - bc10beaa-b051-4e0a-9a79-ede145ae6c9d-SegmentedRaftLogWorker:Storage Directory /workdir/hadoop-ozone/integration-test/target/test-dir/MiniOzoneClusterImpl-4cec5eff-4947-4a55-927f-c543e94153ec/datanode-0/data/ratis/cd830538-49a6-424f-a196-e3126c636deb close()
2019-08-29 11:31:52,059 [main] INFO  impl.StateMachineUpdater (StateMachineUpdater.java:stopAndJoin(115)) - StateMachineUpdater:49e00add-b79b-4596-9305-1bdf7934a5c8:group-ACC73D870F8C: set stopIndex = 6
2019-08-29 11:31:52,056 [grpc-default-executor-2] INFO  server.GrpcServerProtocolService (GrpcServerProtocolService.java:onCompleted(104)) - 3948bd19-9220-440d-91f9-f47c403594d9: appendEntries completed
2019-08-29 11:31:52,062 [StateMachineUpdater:49e00add-b79b-4596-9305-1bdf7934a5c8:group-ACC73D870F8C] INFO  ratis.ContainerStateMachine (ContainerStateMachine.java:takeSnapshot(283)) - group-ACC73D870F8C: Taking a snapshot at:(t:1, i:6) file /workdir/hadoop-ozone/integration-test/target/test-dir/MiniOzoneClusterImpl-4cec5eff-4947-4a55-927f-c543e94153ec/datanode-6/data/ratis/e696cc5c-b9f4-4e90-95c6-acc73d870f8c/sm/snapshot.1_6
2019-08-29 11:31:52,062 [ForkJoinPool.commonPool-worker-1] INFO  server.GrpcService (GrpcService.java:closeImpl(155)) - bc10beaa-b051-4e0a-9a79-ede145ae6c9d: shutdown server with port 34425 now
2019-08-29 11:31:52,063 [ForkJoinPool.commonPool-worker-1] INFO  server.GrpcService (GrpcService.java:closeImpl(163)) - bc10beaa-b051-4e0a-9a79-ede145ae6c9d: shutdown server with port 34425 successfully
2019-08-29 11:31:52,063 [grpc-default-executor-2] INFO  server.GrpcLogAppender (GrpcLogAppender.java:onCompleted(292)) - 49e00add-b79b-4596-9305-1bdf7934a5c8->3948bd19-9220-440d-91f9-f47c403594d9: follower responses appendEntries COMPLETED
2019-08-29 11:31:52,064 [grpc-default-executor-2] INFO  impl.FollowerInfo (FollowerInfo.java:lambda$new$0(50)) - 49e00add-b79b-4596-9305-1bdf7934a5c8->3948bd19-9220-440d-91f9-f47c403594d9: nextIndex: updateUnconditionally 7 -> 6
2019-08-29 11:31:52,069 [ForkJoinPool.commonPool-worker-1] INFO  utils.BackgroundService (BackgroundService.java:shutdown(148)) - Shutting down service BlockDeletingService
2019-08-29 11:31:52,074 [refreshUsed-/workdir/hadoop-ozone/integration-test/target/test-dir/MiniOzoneClusterImpl-4cec5eff-4947-4a55-927f-c543e94153ec/datanode-0/data/containers] WARN  fs.CachingGetSpaceUsed (CachingGetSpaceUsed.java:run(183)) - Thread Interrupted waiting to refresh disk information: sleep interrupted
2019-08-29 11:31:52,076 [StateMachineUpdater:49e00add-b79b-4596-9305-1bdf7934a5c8:group-ACC73D870F8C] INFO  ratis.ContainerStateMachine (ContainerStateMachine.java:takeSnapshot(294)) - group-ACC73D870F8C: Finished taking a snapshot at:(t:1, i:6) file:/workdir/hadoop-ozone/integration-test/target/test-dir/MiniOzoneClusterImpl-4cec5eff-4947-4a55-927f-c543e94153ec/datanode-6/data/ratis/e696cc5c-b9f4-4e90-95c6-acc73d870f8c/sm/snapshot.1_6 time:17
2019-08-29 11:31:52,076 [StateMachineUpdater:49e00add-b79b-4596-9305-1bdf7934a5c8:group-ACC73D870F8C] INFO  impl.StateMachineUpdater (StateMachineUpdater.java:takeSnapshot(242)) - StateMachineUpdater:49e00add-b79b-4596-9305-1bdf7934a5c8:group-ACC73D870F8C: Took a snapshot at index 6
2019-08-29 11:31:52,077 [StateMachineUpdater:49e00add-b79b-4596-9305-1bdf7934a5c8:group-ACC73D870F8C] INFO  impl.StateMachineUpdater (StateMachineUpdater.java:lambda$new$0(80)) - StateMachineUpdater:49e00add-b79b-4596-9305-1bdf7934a5c8:group-ACC73D870F8C: snapshotIndex: updateIncreasingly -1 -> 6
2019-08-29 11:31:52,077 [main] INFO  impl.RaftServerImpl (ServerState.java:close(394)) - 49e00add-b79b-4596-9305-1bdf7934a5c8:group-ACC73D870F8C closes. The last applied log index is 6
2019-08-29 11:31:52,078 [49e00add-b79b-4596-9305-1bdf7934a5c8-SegmentedRaftLogWorker:Storage Directory /workdir/hadoop-ozone/integration-test/target/test-dir/MiniOzoneClusterImpl-4cec5eff-4947-4a55-927f-c543e94153ec/datanode-6/data/ratis/e696cc5c-b9f4-4e90-95c6-acc73d870f8c] INFO  segmented.SegmentedRaftLogWorker (SegmentedRaftLogWorker.java:run(313)) - 49e00add-b79b-4596-9305-1bdf7934a5c8-SegmentedRaftLogWorker:Storage Directory /workdir/hadoop-ozone/integration-test/target/test-dir/MiniOzoneClusterImpl-4cec5eff-4947-4a55-927f-c543e94153ec/datanode-6/data/ratis/e696cc5c-b9f4-4e90-95c6-acc73d870f8c was interrupted, exiting. There are 0 tasks remaining in the queue.
2019-08-29 11:31:52,079 [main] INFO  segmented.SegmentedRaftLogWorker (SegmentedRaftLogWorker.java:close(228)) - 49e00add-b79b-4596-9305-1bdf7934a5c8-SegmentedRaftLogWorker:Storage Directory /workdir/hadoop-ozone/integration-test/target/test-dir/MiniOzoneClusterImpl-4cec5eff-4947-4a55-927f-c543e94153ec/datanode-6/data/ratis/e696cc5c-b9f4-4e90-95c6-acc73d870f8c close()
2019-08-29 11:31:52,086 [main] INFO  impl.RaftServerImpl (RaftServerImpl.java:lambda$shutdown$3(245)) - 49e00add-b79b-4596-9305-1bdf7934a5c8: shutdown group-44E9C607277A
2019-08-29 11:31:52,086 [main] INFO  util.JmxRegister (JmxRegister.java:unregister(73)) - Successfully un-registered JMX Bean with object name Ratis:service=RaftServer,group=group-44E9C607277A,id=49e00add-b79b-4596-9305-1bdf7934a5c8
2019-08-29 11:31:52,087 [main] INFO  impl.RoleInfo (RoleInfo.java:shutdownLeaderState(104)) - 49e00add-b79b-4596-9305-1bdf7934a5c8: shutdown LeaderState
2019-08-29 11:31:52,087 [main] INFO  impl.PendingRequests (PendingRequests.java:sendNotLeaderResponses(202)) - 49e00add-b79b-4596-9305-1bdf7934a5c8-PendingRequests: sendNotLeaderResponses
2019-08-29 11:31:52,088 [main] INFO  impl.StateMachineUpdater (StateMachineUpdater.java:stopAndJoin(115)) - StateMachineUpdater:49e00add-b79b-4596-9305-1bdf7934a5c8:group-44E9C607277A: set stopIndex = 0
2019-08-29 11:31:52,088 [main] INFO  impl.RaftServerImpl (ServerState.java:close(394)) - 49e00add-b79b-4596-9305-1bdf7934a5c8:group-44E9C607277A closes. The last applied log index is 0
2019-08-29 11:31:52,089 [49e00add-b79b-4596-9305-1bdf7934a5c8-SegmentedRaftLogWorker:Storage Directory /workdir/hadoop-ozone/integration-test/target/test-dir/MiniOzoneClusterImpl-4cec5eff-4947-4a55-927f-c543e94153ec/datanode-6/data/ratis/fe61a212-8142-4b6c-a151-44e9c607277a] INFO  segmented.SegmentedRaftLogWorker (SegmentedRaftLogWorker.java:run(313)) - 49e00add-b79b-4596-9305-1bdf7934a5c8-SegmentedRaftLogWorker:Storage Directory /workdir/hadoop-ozone/integration-test/target/test-dir/MiniOzoneClusterImpl-4cec5eff-4947-4a55-927f-c543e94153ec/datanode-6/data/ratis/fe61a212-8142-4b6c-a151-44e9c607277a was interrupted, exiting. There are 0 tasks remaining in the queue.
2019-08-29 11:31:52,089 [main] INFO  segmented.SegmentedRaftLogWorker (SegmentedRaftLogWorker.java:close(228)) - 49e00add-b79b-4596-9305-1bdf7934a5c8-SegmentedRaftLogWorker:Storage Directory /workdir/hadoop-ozone/integration-test/target/test-dir/MiniOzoneClusterImpl-4cec5eff-4947-4a55-927f-c543e94153ec/datanode-6/data/ratis/fe61a212-8142-4b6c-a151-44e9c607277a close()
2019-08-29 11:31:52,091 [main] INFO  server.GrpcService (GrpcService.java:closeImpl(155)) - 49e00add-b79b-4596-9305-1bdf7934a5c8: shutdown server with port 36944 now
2019-08-29 11:31:52,092 [main] INFO  server.GrpcService (GrpcService.java:closeImpl(163)) - 49e00add-b79b-4596-9305-1bdf7934a5c8: shutdown server with port 36944 successfully
2019-08-29 11:31:52,102 [main] INFO  utils.BackgroundService (BackgroundService.java:shutdown(148)) - Shutting down service BlockDeletingService
2019-08-29 11:31:52,106 [ForkJoinPool.commonPool-worker-1] INFO  statemachine.DatanodeStateMachine (DatanodeStateMachine.java:stopDaemon(395)) - Ozone container server stopped.
2019-08-29 11:31:52,109 [refreshUsed-/workdir/hadoop-ozone/integration-test/target/test-dir/MiniOzoneClusterImpl-4cec5eff-4947-4a55-927f-c543e94153ec/datanode-6/data/containers] WARN  fs.CachingGetSpaceUsed (CachingGetSpaceUsed.java:run(183)) - Thread Interrupted waiting to refresh disk information: sleep interrupted
2019-08-29 11:31:52,124 [ForkJoinPool.commonPool-worker-1] INFO  handler.ContextHandler (ContextHandler.java:doStop(910)) - Stopped o.e.j.w.WebAppContext@4c58255{/,null,UNAVAILABLE}{/hddsDatanode}
2019-08-29 11:31:52,125 [main] INFO  statemachine.DatanodeStateMachine (DatanodeStateMachine.java:stopDaemon(395)) - Ozone container server stopped.
2019-08-29 11:31:52,126 [ForkJoinPool.commonPool-worker-1] INFO  server.AbstractConnector (AbstractConnector.java:doStop(318)) - Stopped ServerConnector@eac3a26{HTTP/1.1,[http/1.1]}{0.0.0.0:0}
2019-08-29 11:31:52,128 [main] INFO  handler.ContextHandler (ContextHandler.java:doStop(910)) - Stopped o.e.j.w.WebAppContext@6734ff92{/,null,UNAVAILABLE}{/hddsDatanode}
2019-08-29 11:31:52,128 [ForkJoinPool.commonPool-worker-1] INFO  handler.ContextHandler (ContextHandler.java:doStop(910)) - Stopped o.e.j.s.ServletContextHandler@50fb33a{/static,jar:file:/home/user/.m2/repository/org/apache/hadoop/hadoop-hdds-container-service/0.5.0-SNAPSHOT/hadoop-hdds-container-service-0.5.0-SNAPSHOT.jar!/webapps/static,UNAVAILABLE}
2019-08-29 11:31:52,130 [main] INFO  server.AbstractConnector (AbstractConnector.java:doStop(318)) - Stopped ServerConnector@51eb0e84{HTTP/1.1,[http/1.1]}{0.0.0.0:0}
2019-08-29 11:31:52,130 [ForkJoinPool.commonPool-worker-1] INFO  handler.ContextHandler (ContextHandler.java:doStop(910)) - Stopped o.e.j.s.ServletContextHandler@6a1d3225{/logs,file:///workdir/hadoop-ozone/integration-test/target/log,UNAVAILABLE}
2019-08-29 11:31:52,130 [main] INFO  handler.ContextHandler (ContextHandler.java:doStop(910)) - Stopped o.e.j.s.ServletContextHandler@58164e9a{/static,jar:file:/home/user/.m2/repository/org/apache/hadoop/hadoop-hdds-container-service/0.5.0-SNAPSHOT/hadoop-hdds-container-service-0.5.0-SNAPSHOT.jar!/webapps/static,UNAVAILABLE}
2019-08-29 11:31:52,131 [main] INFO  handler.ContextHandler (ContextHandler.java:doStop(910)) - Stopped o.e.j.s.ServletContextHandler@59f45950{/logs,file:///workdir/hadoop-ozone/integration-test/target/log,UNAVAILABLE}
2019-08-29 11:31:52,133 [main] INFO  datanode.ObjectStoreHandler (ObjectStoreHandler.java:close(155)) - Closing ObjectStoreHandler.
2019-08-29 11:31:52,133 [main] INFO  ozone.HddsDatanodeService (HddsDatanodeService.java:stop(451)) - Stopped plug-in org.apache.hadoop.ozone.web.OzoneHddsDatanodeService@221b77d7
2019-08-29 11:31:52,739 [Datanode State Machine Thread - 0] INFO  statemachine.DatanodeStateMachine (DatanodeStateMachine.java:lambda$startDaemon$0(350)) - Ozone container server started.
2019-08-29 11:31:56,746 [EventQueue-StaleNodeForStaleNodeHandler] INFO  node.StaleNodeHandler (StaleNodeHandler.java:onMessage(58)) - Datanode 3948bd19-9220-440d-91f9-f47c403594d9{ip: 192.168.5.166, host: pr-hdds-2030-qplxq-3692370286, networkLocation: /default-rack, certSerialId: null} moved to stale state. Finalizing its pipelines [PipelineID=e696cc5c-b9f4-4e90-95c6-acc73d870f8c, PipelineID=c51ca5f9-ba80-4956-a34e-3abc2766971e]
2019-08-29 11:31:56,746 [EventQueue-StaleNodeForStaleNodeHandler] INFO  pipeline.SCMPipelineManager (SCMPipelineManager.java:finalizeAndDestroyPipeline(309)) - destroying pipeline:Pipeline[ Id: e696cc5c-b9f4-4e90-95c6-acc73d870f8c, Nodes: c5b6e20d-bcff-49ea-8dae-ad65ffde277e{ip: 192.168.5.166, host: pr-hdds-2030-qplxq-3692370286, networkLocation: /default-rack, certSerialId: null}3948bd19-9220-440d-91f9-f47c403594d9{ip: 192.168.5.166, host: pr-hdds-2030-qplxq-3692370286, networkLocation: /default-rack, certSerialId: null}49e00add-b79b-4596-9305-1bdf7934a5c8{ip: 192.168.5.166, host: pr-hdds-2030-qplxq-3692370286, networkLocation: /default-rack, certSerialId: null}, Type:RATIS, Factor:THREE, State:CLOSED]
2019-08-29 11:31:56,747 [EventQueue-StaleNodeForStaleNodeHandler] INFO  pipeline.SCMPipelineManager (SCMPipelineManager.java:finalizeAndDestroyPipeline(309)) - destroying pipeline:Pipeline[ Id: c51ca5f9-ba80-4956-a34e-3abc2766971e, Nodes: 3948bd19-9220-440d-91f9-f47c403594d9{ip: 192.168.5.166, host: pr-hdds-2030-qplxq-3692370286, networkLocation: /default-rack, certSerialId: null}, Type:RATIS, Factor:ONE, State:OPEN]
2019-08-29 11:31:56,747 [EventQueue-StaleNodeForStaleNodeHandler] INFO  pipeline.PipelineStateManager (PipelineStateManager.java:finalizePipeline(123)) - Pipeline Pipeline[ Id: c51ca5f9-ba80-4956-a34e-3abc2766971e, Nodes: 3948bd19-9220-440d-91f9-f47c403594d9{ip: 192.168.5.166, host: pr-hdds-2030-qplxq-3692370286, networkLocation: /default-rack, certSerialId: null}, Type:RATIS, Factor:ONE, State:CLOSED] moved to CLOSED state
2019-08-29 11:31:57,135 [main] INFO  ozoneimpl.OzoneContainer (OzoneContainer.java:stop(199)) - Attempting to stop container services.
2019-08-29 11:31:57,135 [main] INFO  impl.RaftServerProxy (RaftServerProxy.java:lambda$close$4(314)) - 3948bd19-9220-440d-91f9-f47c403594d9: close
2019-08-29 11:31:57,136 [main] INFO  impl.RaftServerImpl (RaftServerImpl.java:lambda$shutdown$3(245)) - 3948bd19-9220-440d-91f9-f47c403594d9: shutdown group-ACC73D870F8C
2019-08-29 11:31:57,136 [ForkJoinPool.commonPool-worker-0] INFO  impl.RaftServerImpl (RaftServerImpl.java:lambda$shutdown$3(245)) - 3948bd19-9220-440d-91f9-f47c403594d9: shutdown group-3ABC2766971E
2019-08-29 11:31:57,136 [main] INFO  util.JmxRegister (JmxRegister.java:unregister(73)) - Successfully un-registered JMX Bean with object name Ratis:service=RaftServer,group=group-ACC73D870F8C,id=3948bd19-9220-440d-91f9-f47c403594d9
2019-08-29 11:31:57,137 [ForkJoinPool.commonPool-worker-0] INFO  util.JmxRegister (JmxRegister.java:unregister(73)) - Successfully un-registered JMX Bean with object name Ratis:service=RaftServer,group=group-3ABC2766971E,id=3948bd19-9220-440d-91f9-f47c403594d9
2019-08-29 11:31:57,137 [main] INFO  impl.RoleInfo (RoleInfo.java:shutdownFollowerState(121)) - 3948bd19-9220-440d-91f9-f47c403594d9: shutdown FollowerState
2019-08-29 11:31:57,137 [ForkJoinPool.commonPool-worker-0] INFO  impl.RoleInfo (RoleInfo.java:shutdownLeaderState(104)) - 3948bd19-9220-440d-91f9-f47c403594d9: shutdown LeaderState
2019-08-29 11:31:57,138 [Thread-317] INFO  impl.FollowerState (FollowerState.java:run(114)) - 3948bd19-9220-440d-91f9-f47c403594d9: FollowerState was interrupted: java.lang.InterruptedException: sleep interrupted
2019-08-29 11:31:57,138 [main] INFO  impl.StateMachineUpdater (StateMachineUpdater.java:stopAndJoin(115)) - StateMachineUpdater:3948bd19-9220-440d-91f9-f47c403594d9:group-ACC73D870F8C: set stopIndex = 6
2019-08-29 11:31:57,138 [ForkJoinPool.commonPool-worker-0] INFO  impl.PendingRequests (PendingRequests.java:sendNotLeaderResponses(202)) - 3948bd19-9220-440d-91f9-f47c403594d9-PendingRequests: sendNotLeaderResponses
2019-08-29 11:31:57,138 [StateMachineUpdater:3948bd19-9220-440d-91f9-f47c403594d9:group-ACC73D870F8C] INFO  ratis.ContainerStateMachine (ContainerStateMachine.java:takeSnapshot(283)) - group-ACC73D870F8C: Taking a snapshot at:(t:1, i:5) file /workdir/hadoop-ozone/integration-test/target/test-dir/MiniOzoneClusterImpl-4cec5eff-4947-4a55-927f-c543e94153ec/datanode-5/data/ratis/e696cc5c-b9f4-4e90-95c6-acc73d870f8c/sm/snapshot.1_5
2019-08-29 11:31:57,139 [ForkJoinPool.commonPool-worker-0] INFO  impl.StateMachineUpdater (StateMachineUpdater.java:stopAndJoin(115)) - StateMachineUpdater:3948bd19-9220-440d-91f9-f47c403594d9:group-3ABC2766971E: set stopIndex = 0
2019-08-29 11:31:57,141 [ForkJoinPool.commonPool-worker-0] INFO  impl.RaftServerImpl (ServerState.java:close(394)) - 3948bd19-9220-440d-91f9-f47c403594d9:group-3ABC2766971E closes. The last applied log index is 0
2019-08-29 11:31:57,141 [3948bd19-9220-440d-91f9-f47c403594d9-SegmentedRaftLogWorker:Storage Directory /workdir/hadoop-ozone/integration-test/target/test-dir/MiniOzoneClusterImpl-4cec5eff-4947-4a55-927f-c543e94153ec/datanode-5/data/ratis/c51ca5f9-ba80-4956-a34e-3abc2766971e] INFO  segmented.SegmentedRaftLogWorker (SegmentedRaftLogWorker.java:run(313)) - 3948bd19-9220-440d-91f9-f47c403594d9-SegmentedRaftLogWorker:Storage Directory /workdir/hadoop-ozone/integration-test/target/test-dir/MiniOzoneClusterImpl-4cec5eff-4947-4a55-927f-c543e94153ec/datanode-5/data/ratis/c51ca5f9-ba80-4956-a34e-3abc2766971e was interrupted, exiting. There are 0 tasks remaining in the queue.
2019-08-29 11:31:57,141 [ForkJoinPool.commonPool-worker-0] INFO  segmented.SegmentedRaftLogWorker (SegmentedRaftLogWorker.java:close(228)) - 3948bd19-9220-440d-91f9-f47c403594d9-SegmentedRaftLogWorker:Storage Directory /workdir/hadoop-ozone/integration-test/target/test-dir/MiniOzoneClusterImpl-4cec5eff-4947-4a55-927f-c543e94153ec/datanode-5/data/ratis/c51ca5f9-ba80-4956-a34e-3abc2766971e close()
2019-08-29 11:31:57,204 [StateMachineUpdater:3948bd19-9220-440d-91f9-f47c403594d9:group-ACC73D870F8C] INFO  ratis.ContainerStateMachine (ContainerStateMachine.java:takeSnapshot(294)) - group-ACC73D870F8C: Finished taking a snapshot at:(t:1, i:5) file:/workdir/hadoop-ozone/integration-test/target/test-dir/MiniOzoneClusterImpl-4cec5eff-4947-4a55-927f-c543e94153ec/datanode-5/data/ratis/e696cc5c-b9f4-4e90-95c6-acc73d870f8c/sm/snapshot.1_5 time:66
2019-08-29 11:31:57,204 [StateMachineUpdater:3948bd19-9220-440d-91f9-f47c403594d9:group-ACC73D870F8C] INFO  impl.StateMachineUpdater (StateMachineUpdater.java:takeSnapshot(242)) - StateMachineUpdater:3948bd19-9220-440d-91f9-f47c403594d9:group-ACC73D870F8C: Took a snapshot at index 5
2019-08-29 11:31:57,204 [StateMachineUpdater:3948bd19-9220-440d-91f9-f47c403594d9:group-ACC73D870F8C] INFO  impl.StateMachineUpdater (StateMachineUpdater.java:lambda$new$0(80)) - StateMachineUpdater:3948bd19-9220-440d-91f9-f47c403594d9:group-ACC73D870F8C: snapshotIndex: updateIncreasingly -1 -> 5
2019-08-29 11:31:57,205 [main] INFO  impl.RaftServerImpl (ServerState.java:close(394)) - 3948bd19-9220-440d-91f9-f47c403594d9:group-ACC73D870F8C closes. The last applied log index is 6
2019-08-29 11:31:57,206 [3948bd19-9220-440d-91f9-f47c403594d9-SegmentedRaftLogWorker:Storage Directory /workdir/hadoop-ozone/integration-test/target/test-dir/MiniOzoneClusterImpl-4cec5eff-4947-4a55-927f-c543e94153ec/datanode-5/data/ratis/e696cc5c-b9f4-4e90-95c6-acc73d870f8c] INFO  segmented.SegmentedRaftLogWorker (SegmentedRaftLogWorker.java:run(313)) - 3948bd19-9220-440d-91f9-f47c403594d9-SegmentedRaftLogWorker:Storage Directory /workdir/hadoop-ozone/integration-test/target/test-dir/MiniOzoneClusterImpl-4cec5eff-4947-4a55-927f-c543e94153ec/datanode-5/data/ratis/e696cc5c-b9f4-4e90-95c6-acc73d870f8c was interrupted, exiting. There are 0 tasks remaining in the queue.
2019-08-29 11:31:57,206 [main] INFO  segmented.SegmentedRaftLogWorker (SegmentedRaftLogWorker.java:close(228)) - 3948bd19-9220-440d-91f9-f47c403594d9-SegmentedRaftLogWorker:Storage Directory /workdir/hadoop-ozone/integration-test/target/test-dir/MiniOzoneClusterImpl-4cec5eff-4947-4a55-927f-c543e94153ec/datanode-5/data/ratis/e696cc5c-b9f4-4e90-95c6-acc73d870f8c close()
2019-08-29 11:31:57,208 [main] INFO  server.GrpcService (GrpcService.java:closeImpl(155)) - 3948bd19-9220-440d-91f9-f47c403594d9: shutdown server with port 42416 now
2019-08-29 11:31:57,209 [main] INFO  server.GrpcService (GrpcService.java:closeImpl(163)) - 3948bd19-9220-440d-91f9-f47c403594d9: shutdown server with port 42416 successfully
2019-08-29 11:31:57,213 [main] INFO  utils.BackgroundService (BackgroundService.java:shutdown(148)) - Shutting down service BlockDeletingService
2019-08-29 11:31:57,216 [refreshUsed-/workdir/hadoop-ozone/integration-test/target/test-dir/MiniOzoneClusterImpl-4cec5eff-4947-4a55-927f-c543e94153ec/datanode-5/data/containers] WARN  fs.CachingGetSpaceUsed (CachingGetSpaceUsed.java:run(183)) - Thread Interrupted waiting to refresh disk information: sleep interrupted
2019-08-29 11:31:57,229 [main] INFO  statemachine.DatanodeStateMachine (DatanodeStateMachine.java:stopDaemon(395)) - Ozone container server stopped.
2019-08-29 11:31:57,230 [main] INFO  handler.ContextHandler (ContextHandler.java:doStop(910)) - Stopped o.e.j.w.WebAppContext@5c82031b{/,null,UNAVAILABLE}{/hddsDatanode}
2019-08-29 11:31:57,236 [main] INFO  server.AbstractConnector (AbstractConnector.java:doStop(318)) - Stopped ServerConnector@274fdea6{HTTP/1.1,[http/1.1]}{0.0.0.0:0}
2019-08-29 11:31:57,236 [main] INFO  handler.ContextHandler (ContextHandler.java:doStop(910)) - Stopped o.e.j.s.ServletContextHandler@4e17442f{/static,jar:file:/home/user/.m2/repository/org/apache/hadoop/hadoop-hdds-container-service/0.5.0-SNAPSHOT/hadoop-hdds-container-service-0.5.0-SNAPSHOT.jar!/webapps/static,UNAVAILABLE}
2019-08-29 11:31:57,236 [main] INFO  handler.ContextHandler (ContextHandler.java:doStop(910)) - Stopped o.e.j.s.ServletContextHandler@63f9ddf9{/logs,file:///workdir/hadoop-ozone/integration-test/target/log,UNAVAILABLE}
2019-08-29 11:31:57,237 [main] INFO  ozone.MiniOzoneClusterImpl (MiniOzoneClusterImpl.java:stop(353)) - Stopping the StorageContainerManager
2019-08-29 11:31:57,237 [main] INFO  server.StorageContainerManager (StorageContainerManager.java:stop(797)) - Stopping Replication Manager Service.
2019-08-29 11:31:57,237 [main] INFO  container.ReplicationManager (ReplicationManager.java:stop(193)) - Stopping Replication Monitor Thread.
2019-08-29 11:31:57,238 [main] INFO  server.StorageContainerManager (StorageContainerManager.java:stop(804)) - Stopping Lease Manager of the command watchers
2019-08-29 11:31:57,238 [main] INFO  server.StorageContainerManager (StorageContainerManager.java:stop(811)) - Stopping datanode service RPC server
2019-08-29 11:31:57,238 [main] INFO  server.SCMDatanodeProtocolServer (SCMDatanodeProtocolServer.java:stop(367)) - Stopping the RPC server for DataNodes
2019-08-29 11:31:57,238 [main] INFO  ipc.Server (Server.java:stop(3082)) - Stopping server on 35214
2019-08-29 11:31:57,239 [IPC Server listener on 35214] INFO  ipc.Server (Server.java:run(1185)) - Stopping IPC Server listener on 35214
2019-08-29 11:31:57,240 [IPC Server Responder] INFO  ipc.Server (Server.java:run(1319)) - Stopping IPC Server Responder
2019-08-29 11:31:57,247 [SCM Heartbeat Processing Thread - 0] WARN  node.NodeStateManager (NodeStateManager.java:scheduleNextHealthCheck(646)) - Current Thread is interrupted, shutting down HB processing thread for Node Manager.
2019-08-29 11:31:57,247 [main] INFO  server.StorageContainerManager (StorageContainerManager.java:stop(819)) - Stopping block service RPC server
2019-08-29 11:31:57,247 [main] INFO  server.SCMBlockProtocolServer (SCMBlockProtocolServer.java:stop(148)) - Stopping the RPC server for Block Protocol
2019-08-29 11:31:57,248 [main] INFO  ipc.Server (Server.java:stop(3082)) - Stopping server on 32931
2019-08-29 11:31:57,248 [IPC Server listener on 32931] INFO  ipc.Server (Server.java:run(1185)) - Stopping IPC Server listener on 32931
2019-08-29 11:31:57,248 [main] INFO  server.StorageContainerManager (StorageContainerManager.java:stop(826)) - Stopping the StorageContainerLocationProtocol RPC server
2019-08-29 11:31:57,249 [main] INFO  server.SCMClientProtocolServer (SCMClientProtocolServer.java:stop(159)) - Stopping the RPC server for Client Protocol
2019-08-29 11:31:57,250 [IPC Server Responder] INFO  ipc.Server (Server.java:run(1319)) - Stopping IPC Server Responder
2019-08-29 11:31:57,250 [main] INFO  ipc.Server (Server.java:stop(3082)) - Stopping server on 34834
2019-08-29 11:31:57,251 [IPC Server listener on 34834] INFO  ipc.Server (Server.java:run(1185)) - Stopping IPC Server listener on 34834
2019-08-29 11:31:57,251 [main] INFO  server.StorageContainerManager (StorageContainerManager.java:stop(833)) - Stopping Storage Container Manager HTTP server.
2019-08-29 11:31:57,252 [IPC Server Responder] INFO  ipc.Server (Server.java:run(1319)) - Stopping IPC Server Responder
2019-08-29 11:31:57,252 [main] INFO  handler.ContextHandler (ContextHandler.java:doStop(910)) - Stopped o.e.j.w.WebAppContext@48f5bde6{/,null,UNAVAILABLE}{/scm}
2019-08-29 11:31:57,253 [main] INFO  server.AbstractConnector (AbstractConnector.java:doStop(318)) - Stopped ServerConnector@6d511b5f{HTTP/1.1,[http/1.1]}{0.0.0.0:0}
2019-08-29 11:31:57,253 [main] INFO  handler.ContextHandler (ContextHandler.java:doStop(910)) - Stopped o.e.j.s.ServletContextHandler@5c530d1e{/static,file:///workdir/hadoop-ozone/integration-test/target/test-classes/webapps/static,UNAVAILABLE}
2019-08-29 11:31:57,254 [main] INFO  handler.ContextHandler (ContextHandler.java:doStop(910)) - Stopped o.e.j.s.ServletContextHandler@5286c33a{/logs,file:///workdir/hadoop-ozone/integration-test/target/log,UNAVAILABLE}
2019-08-29 11:31:57,255 [main] INFO  server.StorageContainerManager (StorageContainerManager.java:stop(844)) - Stopping Block Manager Service.
2019-08-29 11:31:57,255 [main] INFO  utils.BackgroundService (BackgroundService.java:shutdown(148)) - Shutting down service SCMBlockDeletingService
2019-08-29 11:31:57,255 [main] INFO  utils.BackgroundService (BackgroundService.java:shutdown(148)) - Shutting down service SCMBlockDeletingService
2019-08-29 11:31:57,256 [main] INFO  server.StorageContainerManager (StorageContainerManager.java:stop(866)) - Stopping SCM Event Queue.
2019-08-29 11:31:57,261 [main] INFO  impl.MetricsSystemImpl (MetricsSystemImpl.java:stop(210)) - Stopping XceiverClientMetrics metrics system...
2019-08-29 11:31:57,267 [main] INFO  impl.MetricsSystemImpl (MetricsSystemImpl.java:stop(216)) - XceiverClientMetrics metrics system stopped.
]]></system-out>
    <system-err><![CDATA[Aug 29, 2019 11:31:15 AM com.sun.jersey.server.impl.application.WebApplicationImpl _initiate
INFO: Initiating Jersey application, version 'Jersey: 1.19 02/11/2015 03:25 AM'
Aug 29, 2019 11:31:16 AM com.sun.jersey.server.impl.application.WebApplicationImpl _initiate
INFO: Initiating Jersey application, version 'Jersey: 1.19 02/11/2015 03:25 AM'
Aug 29, 2019 11:31:17 AM com.sun.jersey.server.impl.application.WebApplicationImpl _initiate
INFO: Initiating Jersey application, version 'Jersey: 1.19 02/11/2015 03:25 AM'
Aug 29, 2019 11:31:17 AM com.sun.jersey.server.impl.application.WebApplicationImpl _initiate
INFO: Initiating Jersey application, version 'Jersey: 1.19 02/11/2015 03:25 AM'
Aug 29, 2019 11:31:17 AM com.sun.jersey.server.impl.application.WebApplicationImpl _initiate
INFO: Initiating Jersey application, version 'Jersey: 1.19 02/11/2015 03:25 AM'
Aug 29, 2019 11:31:17 AM com.sun.jersey.server.impl.application.WebApplicationImpl _initiate
INFO: Initiating Jersey application, version 'Jersey: 1.19 02/11/2015 03:25 AM'
Aug 29, 2019 11:31:18 AM com.sun.jersey.server.impl.application.WebApplicationImpl _initiate
INFO: Initiating Jersey application, version 'Jersey: 1.19 02/11/2015 03:25 AM'
]]></system-err>
  </testcase>
  <testcase name="testDatanodeFailureWithPreAllocation" classname="org.apache.hadoop.ozone.client.rpc.TestBlockOutputStreamWithFailures" time="226.235"/>
  <testcase name="testDatanodeFailureWithSingleNodeRatis" classname="org.apache.hadoop.ozone.client.rpc.TestBlockOutputStreamWithFailures" time="227.131"/>
  <testcase name="testWatchForCommitWithSingleNodeRatis" classname="org.apache.hadoop.ozone.client.rpc.TestBlockOutputStreamWithFailures" time="34.936"/>
  <testcase name="testWatchForCommitDatanodeFailure" classname="org.apache.hadoop.ozone.client.rpc.TestBlockOutputStreamWithFailures" time="49.584">
    <failure message="expected:&lt;2&gt; but was:&lt;3&gt;" type="java.lang.AssertionError"><![CDATA[java.lang.AssertionError: expected:<2> but was:<3>
	at org.junit.Assert.fail(Assert.java:88)
	at org.junit.Assert.failNotEquals(Assert.java:743)
	at org.junit.Assert.assertEquals(Assert.java:118)
	at org.junit.Assert.assertEquals(Assert.java:555)
	at org.junit.Assert.assertEquals(Assert.java:542)
	at org.apache.hadoop.ozone.client.rpc.TestBlockOutputStreamWithFailures.testWatchForCommitDatanodeFailure(TestBlockOutputStreamWithFailures.java:366)
	at sun.reflect.NativeMethodAccessorImpl.invoke0(Native Method)
	at sun.reflect.NativeMethodAccessorImpl.invoke(NativeMethodAccessorImpl.java:62)
	at sun.reflect.DelegatingMethodAccessorImpl.invoke(DelegatingMethodAccessorImpl.java:43)
	at java.lang.reflect.Method.invoke(Method.java:498)
	at org.junit.runners.model.FrameworkMethod$1.runReflectiveCall(FrameworkMethod.java:47)
	at org.junit.internal.runners.model.ReflectiveCallable.run(ReflectiveCallable.java:12)
	at org.junit.runners.model.FrameworkMethod.invokeExplosively(FrameworkMethod.java:44)
	at org.junit.internal.runners.statements.InvokeMethod.evaluate(InvokeMethod.java:17)
	at org.junit.internal.runners.statements.RunBefores.evaluate(RunBefores.java:26)
	at org.junit.internal.runners.statements.RunAfters.evaluate(RunAfters.java:27)
	at org.junit.runners.ParentRunner.runLeaf(ParentRunner.java:271)
	at org.junit.runners.BlockJUnit4ClassRunner.runChild(BlockJUnit4ClassRunner.java:70)
	at org.junit.runners.BlockJUnit4ClassRunner.runChild(BlockJUnit4ClassRunner.java:50)
	at org.junit.runners.ParentRunner$3.run(ParentRunner.java:238)
	at org.junit.runners.ParentRunner$1.schedule(ParentRunner.java:63)
	at org.junit.runners.ParentRunner.runChildren(ParentRunner.java:236)
	at org.junit.runners.ParentRunner.access$000(ParentRunner.java:53)
	at org.junit.runners.ParentRunner$2.evaluate(ParentRunner.java:229)
	at org.junit.runners.ParentRunner.run(ParentRunner.java:309)
	at org.apache.maven.surefire.junit4.JUnit4Provider.execute(JUnit4Provider.java:365)
	at org.apache.maven.surefire.junit4.JUnit4Provider.executeWithRerun(JUnit4Provider.java:273)
	at org.apache.maven.surefire.junit4.JUnit4Provider.executeTestSet(JUnit4Provider.java:238)
	at org.apache.maven.surefire.junit4.JUnit4Provider.invoke(JUnit4Provider.java:159)
	at org.apache.maven.surefire.booter.ForkedBooter.invokeProviderInSameClassLoader(ForkedBooter.java:384)
	at org.apache.maven.surefire.booter.ForkedBooter.runSuitesInProcess(ForkedBooter.java:345)
	at org.apache.maven.surefire.booter.ForkedBooter.execute(ForkedBooter.java:126)
	at org.apache.maven.surefire.booter.ForkedBooter.main(ForkedBooter.java:418)
]]></failure>
    <system-out><![CDATA[2019-08-29 11:40:05,649 [main] WARN  server.ServerUtils (ServerUtils.java:getScmDbDir(145)) - ozone.scm.db.dirs is not configured. We recommend adding this setting. Falling back to ozone.metadata.dirs instead.
2019-08-29 11:40:05,676 [main] WARN  server.ServerUtils (ServerUtils.java:getScmDbDir(145)) - ozone.scm.db.dirs is not configured. We recommend adding this setting. Falling back to ozone.metadata.dirs instead.
2019-08-29 11:40:05,676 [main] WARN  server.ServerUtils (ServerUtils.java:getScmDbDir(145)) - ozone.scm.db.dirs is not configured. We recommend adding this setting. Falling back to ozone.metadata.dirs instead.
2019-08-29 11:40:05,677 [main] INFO  db.DBStoreBuilder (DBStoreBuilder.java:addTable(110)) - using custom profile for table: deletedBlocks
2019-08-29 11:40:05,677 [main] INFO  db.DBStoreBuilder (DBStoreBuilder.java:processTables(161)) - Using default column profile:DBProfile.DISK for Table:deletedBlocks
2019-08-29 11:40:05,678 [main] INFO  db.DBStoreBuilder (DBStoreBuilder.java:addTable(110)) - using custom profile for table: validCerts
2019-08-29 11:40:05,678 [main] INFO  db.DBStoreBuilder (DBStoreBuilder.java:processTables(161)) - Using default column profile:DBProfile.DISK for Table:validCerts
2019-08-29 11:40:05,678 [main] INFO  db.DBStoreBuilder (DBStoreBuilder.java:addTable(110)) - using custom profile for table: revokedCerts
2019-08-29 11:40:05,678 [main] INFO  db.DBStoreBuilder (DBStoreBuilder.java:processTables(161)) - Using default column profile:DBProfile.DISK for Table:revokedCerts
2019-08-29 11:40:05,679 [main] INFO  db.DBStoreBuilder (DBStoreBuilder.java:addTable(110)) - using custom profile for table: default
2019-08-29 11:40:05,679 [main] INFO  db.DBStoreBuilder (DBStoreBuilder.java:processTables(167)) - Using default column profile:DBProfile.DISK for Table:default
2019-08-29 11:40:05,679 [main] INFO  db.DBStoreBuilder (DBStoreBuilder.java:getDbProfile(198)) - Using default options. DBProfile.DISK
2019-08-29 11:40:05,904 [main] INFO  net.NodeSchemaLoader (NodeSchemaLoader.java:loadSchemaFromFile(125)) - Loading file from sun.misc.CompoundEnumeration@3f3abe67
2019-08-29 11:40:05,904 [main] INFO  net.NodeSchemaLoader (NodeSchemaLoader.java:loadSchema(171)) - Loading network topology layer schema file
2019-08-29 11:40:05,912 [main] INFO  node.SCMNodeManager (SCMNodeManager.java:<init>(121)) - Entering startup safe mode.
2019-08-29 11:40:05,913 [main] INFO  algorithms.ContainerPlacementPolicyFactory (ContainerPlacementPolicyFactory.java:getPolicy(55)) - Create container placement policy of type org.apache.hadoop.hdds.scm.container.placement.algorithms.SCMContainerPlacementRandom
2019-08-29 11:40:05,913 [main] WARN  server.ServerUtils (ServerUtils.java:getScmDbDir(145)) - ozone.scm.db.dirs is not configured. We recommend adding this setting. Falling back to ozone.metadata.dirs instead.
2019-08-29 11:40:05,984 [main] INFO  pipeline.SCMPipelineManager (SCMPipelineManager.java:initializePipelineState(126)) - No pipeline exists in current db
2019-08-29 11:40:05,985 [main] WARN  server.ServerUtils (ServerUtils.java:getScmDbDir(145)) - ozone.scm.db.dirs is not configured. We recommend adding this setting. Falling back to ozone.metadata.dirs instead.
2019-08-29 11:40:06,028 [main] WARN  events.EventQueue (EventQueue.java:fireEvent(175)) - No event handler registered for event TypedEvent{payloadType=SafeModeStatus, name='SafeModeStatus'}
2019-08-29 11:40:06,030 [main] INFO  ipc.CallQueueManager (CallQueueManager.java:<init>(84)) - Using callQueue: class java.util.concurrent.LinkedBlockingQueue, queueCapacity: 2000, scheduler: class org.apache.hadoop.ipc.DefaultRpcScheduler, ipcBackoff: false.
2019-08-29 11:40:06,031 [Socket Reader #1 for port 43974] INFO  ipc.Server (Server.java:run(1074)) - Starting Socket Reader #1 for port 43974
2019-08-29 11:40:06,033 [main] INFO  ipc.CallQueueManager (CallQueueManager.java:<init>(84)) - Using callQueue: class java.util.concurrent.LinkedBlockingQueue, queueCapacity: 2000, scheduler: class org.apache.hadoop.ipc.DefaultRpcScheduler, ipcBackoff: false.
2019-08-29 11:40:06,034 [Socket Reader #1 for port 35639] INFO  ipc.Server (Server.java:run(1074)) - Starting Socket Reader #1 for port 35639
2019-08-29 11:40:06,035 [main] INFO  ipc.CallQueueManager (CallQueueManager.java:<init>(84)) - Using callQueue: class java.util.concurrent.LinkedBlockingQueue, queueCapacity: 2000, scheduler: class org.apache.hadoop.ipc.DefaultRpcScheduler, ipcBackoff: false.
2019-08-29 11:40:06,035 [Socket Reader #1 for port 46136] INFO  ipc.Server (Server.java:run(1074)) - Starting Socket Reader #1 for port 46136
2019-08-29 11:40:06,038 [main] INFO  hdfs.DFSUtil (DFSUtil.java:httpServerTemplateForNNAndJN(1641)) - Starting Web-server for scm at: http://0.0.0.0:0
2019-08-29 11:40:06,039 [main] INFO  server.AuthenticationFilter (AuthenticationFilter.java:constructSecretProvider(240)) - Unable to initialize FileSignerSecretProvider, falling back to use random secrets.
2019-08-29 11:40:06,040 [main] WARN  http.HttpRequestLog (HttpRequestLog.java:getRequestLog(97)) - Jetty request log can only be enabled using Log4j
2019-08-29 11:40:06,041 [main] INFO  http.HttpServer2 (HttpServer2.java:addGlobalFilter(975)) - Added global filter 'safety' (class=org.apache.hadoop.http.HttpServer2$QuotingInputFilter)
2019-08-29 11:40:06,042 [main] INFO  http.HttpServer2 (HttpServer2.java:addFilter(948)) - Added filter static_user_filter (class=org.apache.hadoop.http.lib.StaticUserWebFilter$StaticUserFilter) to context scm
2019-08-29 11:40:06,042 [main] INFO  http.HttpServer2 (HttpServer2.java:addFilter(958)) - Added filter static_user_filter (class=org.apache.hadoop.http.lib.StaticUserWebFilter$StaticUserFilter) to context logs
2019-08-29 11:40:06,042 [main] INFO  http.HttpServer2 (HttpServer2.java:addFilter(958)) - Added filter static_user_filter (class=org.apache.hadoop.http.lib.StaticUserWebFilter$StaticUserFilter) to context static
2019-08-29 11:40:06,044 [main] INFO  server.StorageContainerManager (StorageContainerManager.java:start(759)) - StorageContainerLocationProtocol RPC server is listening at /0.0.0.0:46136
2019-08-29 11:40:06,046 [main] WARN  impl.MetricsConfig (MetricsConfig.java:loadFirst(134)) - Cannot locate configuration: tried hadoop-metrics2-storagecontainermanager.properties,hadoop-metrics2.properties
2019-08-29 11:40:06,047 [main] INFO  impl.MetricsSystemImpl (MetricsSystemImpl.java:startTimer(374)) - Scheduled Metric snapshot period at 10 second(s).
2019-08-29 11:40:06,047 [main] INFO  impl.MetricsSystemImpl (MetricsSystemImpl.java:start(191)) - StorageContainerManager metrics system started
2019-08-29 11:40:06,115 [main] INFO  server.SCMClientProtocolServer (SCMClientProtocolServer.java:start(151)) - RPC server for Client  is listening at /0.0.0.0:46136
2019-08-29 11:40:06,116 [IPC Server Responder] INFO  ipc.Server (Server.java:run(1314)) - IPC Server Responder: starting
2019-08-29 11:40:06,116 [IPC Server listener on 46136] INFO  ipc.Server (Server.java:run(1153)) - IPC Server listener on 46136: starting
2019-08-29 11:40:06,119 [main] INFO  server.StorageContainerManager (StorageContainerManager.java:start(769)) - ScmBlockLocationProtocol RPC server is listening at /0.0.0.0:35639
2019-08-29 11:40:06,119 [main] INFO  server.SCMBlockProtocolServer (SCMBlockProtocolServer.java:start(140)) - RPC server for Block Protocol is listening at /0.0.0.0:35639
2019-08-29 11:40:06,119 [IPC Server Responder] INFO  ipc.Server (Server.java:run(1314)) - IPC Server Responder: starting
2019-08-29 11:40:06,119 [IPC Server listener on 35639] INFO  ipc.Server (Server.java:run(1153)) - IPC Server listener on 35639: starting
2019-08-29 11:40:06,122 [main] INFO  server.StorageContainerManager (StorageContainerManager.java:start(773)) - ScmDatanodeProtocl RPC server is listening at /0.0.0.0:43974
2019-08-29 11:40:06,122 [main] INFO  server.SCMDatanodeProtocolServer (SCMDatanodeProtocolServer.java:start(191)) - RPC server for DataNodes is listening at /0.0.0.0:43974
2019-08-29 11:40:06,122 [IPC Server Responder] INFO  ipc.Server (Server.java:run(1314)) - IPC Server Responder: starting
2019-08-29 11:40:06,122 [IPC Server listener on 43974] INFO  ipc.Server (Server.java:run(1153)) - IPC Server listener on 43974: starting
2019-08-29 11:40:06,126 [main] INFO  http.HttpServer2 (HttpServer2.java:bindListener(1191)) - Jetty bound to port 41320
2019-08-29 11:40:06,126 [main] INFO  server.Server (Server.java:doStart(351)) - jetty-9.3.24.v20180605, build timestamp: 2018-06-05T17:11:56Z, git hash: 84205aa28f11a4f31f2a3b86d1bba2cc8ab69827
2019-08-29 11:40:06,128 [main] INFO  handler.ContextHandler (ContextHandler.java:doStart(781)) - Started o.e.j.s.ServletContextHandler@655875bb{/logs,file:///workdir/hadoop-ozone/integration-test/target/log,AVAILABLE}
2019-08-29 11:40:06,129 [main] INFO  handler.ContextHandler (ContextHandler.java:doStart(781)) - Started o.e.j.s.ServletContextHandler@6b72c62{/static,file:///workdir/hadoop-ozone/integration-test/target/test-classes/webapps/static,AVAILABLE}
2019-08-29 11:40:06,134 [main] INFO  handler.ContextHandler (ContextHandler.java:doStart(781)) - Started o.e.j.w.WebAppContext@530aa75c{/,file:///workdir/hadoop-ozone/integration-test/target/test-classes/webapps/scm/,AVAILABLE}{/scm}
2019-08-29 11:40:06,135 [main] INFO  server.AbstractConnector (AbstractConnector.java:doStart(278)) - Started ServerConnector@593d0173{HTTP/1.1,[http/1.1]}{0.0.0.0:41320}
2019-08-29 11:40:06,136 [main] INFO  server.Server (Server.java:doStart(419)) - Started @536605ms
2019-08-29 11:40:06,136 [main] INFO  server.BaseHttpServer (BaseHttpServer.java:updateConnectorAddress(213)) - HTTP server of SCM is listening at http://0.0.0.0:41320
2019-08-29 11:40:06,138 [main] WARN  server.ServerUtils (ServerUtils.java:getDBPath(222)) - ozone.om.db.dirs is not configured. We recommend adding this setting. Falling back to ozone.metadata.dirs instead.
2019-08-29 11:40:06,138 [org.apache.hadoop.util.JvmPauseMonitor$Monitor@64404db6] INFO  util.JvmPauseMonitor (JvmPauseMonitor.java:run(188)) - Starting JVM pause monitor
2019-08-29 11:40:06,150 [main] WARN  server.ServerUtils (ServerUtils.java:getDBPath(222)) - ozone.om.db.dirs is not configured. We recommend adding this setting. Falling back to ozone.metadata.dirs instead.
2019-08-29 11:40:06,150 [main] WARN  server.ServerUtils (ServerUtils.java:getDBPath(222)) - ozone.om.db.dirs is not configured. We recommend adding this setting. Falling back to ozone.metadata.dirs instead.
2019-08-29 11:40:06,151 [main] INFO  om.OzoneManager (OzoneManager.java:setOMNodeDetails(648)) - OM Service ID is not set. Setting it to the default ID: omServiceIdDefault
2019-08-29 11:40:06,151 [main] INFO  om.OzoneManager (OzoneManager.java:setOMNodeDetails(654)) - OM Node ID is not set. Setting it to the OmStorage's OmID: fe0a8d44-659e-4a49-a607-a102126211ae
2019-08-29 11:40:06,151 [main] INFO  om.OzoneManager (OzoneManager.java:loadOMHAConfigs(605)) - Found matching OM address with OMServiceId: null, OMNodeId: null, RPC Address: localhost:0 and Ratis port: 9872
2019-08-29 11:40:06,157 | INFO  | SCMAudit | user=jenkins1000 | ip=192.168.5.166 | op=GET_SCM_INFO null | ret=SUCCESS |  
2019-08-29 11:40:06,159 [main] WARN  server.ServerUtils (ServerUtils.java:getDBPath(222)) - ozone.om.db.dirs is not configured. We recommend adding this setting. Falling back to ozone.metadata.dirs instead.
2019-08-29 11:40:06,160 [main] INFO  db.DBStoreBuilder (DBStoreBuilder.java:addTable(110)) - using custom profile for table: userTable
2019-08-29 11:40:06,160 [main] INFO  db.DBStoreBuilder (DBStoreBuilder.java:processTables(161)) - Using default column profile:DBProfile.DISK for Table:userTable
2019-08-29 11:40:06,161 [main] INFO  db.DBStoreBuilder (DBStoreBuilder.java:addTable(110)) - using custom profile for table: volumeTable
2019-08-29 11:40:06,161 [main] INFO  db.DBStoreBuilder (DBStoreBuilder.java:processTables(161)) - Using default column profile:DBProfile.DISK for Table:volumeTable
2019-08-29 11:40:06,161 [main] INFO  db.DBStoreBuilder (DBStoreBuilder.java:addTable(110)) - using custom profile for table: bucketTable
2019-08-29 11:40:06,161 [main] INFO  db.DBStoreBuilder (DBStoreBuilder.java:processTables(161)) - Using default column profile:DBProfile.DISK for Table:bucketTable
2019-08-29 11:40:06,162 [main] INFO  db.DBStoreBuilder (DBStoreBuilder.java:addTable(110)) - using custom profile for table: keyTable
2019-08-29 11:40:06,162 [main] INFO  db.DBStoreBuilder (DBStoreBuilder.java:processTables(161)) - Using default column profile:DBProfile.DISK for Table:keyTable
2019-08-29 11:40:06,162 [main] INFO  db.DBStoreBuilder (DBStoreBuilder.java:addTable(110)) - using custom profile for table: deletedTable
2019-08-29 11:40:06,162 [main] INFO  db.DBStoreBuilder (DBStoreBuilder.java:processTables(161)) - Using default column profile:DBProfile.DISK for Table:deletedTable
2019-08-29 11:40:06,163 [main] INFO  db.DBStoreBuilder (DBStoreBuilder.java:addTable(110)) - using custom profile for table: openKeyTable
2019-08-29 11:40:06,163 [main] INFO  db.DBStoreBuilder (DBStoreBuilder.java:processTables(161)) - Using default column profile:DBProfile.DISK for Table:openKeyTable
2019-08-29 11:40:06,163 [main] INFO  db.DBStoreBuilder (DBStoreBuilder.java:addTable(110)) - using custom profile for table: s3Table
2019-08-29 11:40:06,163 [main] INFO  db.DBStoreBuilder (DBStoreBuilder.java:processTables(161)) - Using default column profile:DBProfile.DISK for Table:s3Table
2019-08-29 11:40:06,164 [main] INFO  db.DBStoreBuilder (DBStoreBuilder.java:addTable(110)) - using custom profile for table: multipartInfoTable
2019-08-29 11:40:06,164 [main] INFO  db.DBStoreBuilder (DBStoreBuilder.java:processTables(161)) - Using default column profile:DBProfile.DISK for Table:multipartInfoTable
2019-08-29 11:40:06,164 [main] INFO  db.DBStoreBuilder (DBStoreBuilder.java:addTable(110)) - using custom profile for table: dTokenTable
2019-08-29 11:40:06,165 [main] INFO  db.DBStoreBuilder (DBStoreBuilder.java:processTables(161)) - Using default column profile:DBProfile.DISK for Table:dTokenTable
2019-08-29 11:40:06,165 [main] INFO  db.DBStoreBuilder (DBStoreBuilder.java:addTable(110)) - using custom profile for table: s3SecretTable
2019-08-29 11:40:06,165 [main] INFO  db.DBStoreBuilder (DBStoreBuilder.java:processTables(161)) - Using default column profile:DBProfile.DISK for Table:s3SecretTable
2019-08-29 11:40:06,165 [main] INFO  db.DBStoreBuilder (DBStoreBuilder.java:addTable(110)) - using custom profile for table: prefixTable
2019-08-29 11:40:06,166 [main] INFO  db.DBStoreBuilder (DBStoreBuilder.java:processTables(161)) - Using default column profile:DBProfile.DISK for Table:prefixTable
2019-08-29 11:40:06,166 [main] INFO  db.DBStoreBuilder (DBStoreBuilder.java:addTable(110)) - using custom profile for table: default
2019-08-29 11:40:06,166 [main] INFO  db.DBStoreBuilder (DBStoreBuilder.java:processTables(167)) - Using default column profile:DBProfile.DISK for Table:default
2019-08-29 11:40:06,166 [main] INFO  db.DBStoreBuilder (DBStoreBuilder.java:getDbProfile(198)) - Using default options. DBProfile.DISK
2019-08-29 11:40:06,727 [main] INFO  ipc.CallQueueManager (CallQueueManager.java:<init>(84)) - Using callQueue: class java.util.concurrent.LinkedBlockingQueue, queueCapacity: 2000, scheduler: class org.apache.hadoop.ipc.DefaultRpcScheduler, ipcBackoff: false.
2019-08-29 11:40:06,728 [Socket Reader #1 for port 42644] INFO  ipc.Server (Server.java:run(1074)) - Starting Socket Reader #1 for port 42644
2019-08-29 11:40:06,742 [main] INFO  om.OzoneManager (OzoneManager.java:start(1259)) - OzoneManager RPC server is listening at localhost/127.0.0.1:42644
2019-08-29 11:40:06,742 [main] INFO  impl.MetricsSystemImpl (MetricsSystemImpl.java:init(158)) - OzoneManager metrics system started (again)
2019-08-29 11:40:06,743 [IPC Server Responder] INFO  ipc.Server (Server.java:run(1314)) - IPC Server Responder: starting
2019-08-29 11:40:06,744 [IPC Server listener on 42644] INFO  ipc.Server (Server.java:run(1153)) - IPC Server listener on 42644: starting
2019-08-29 11:40:06,748 [main] INFO  hdfs.DFSUtil (DFSUtil.java:httpServerTemplateForNNAndJN(1641)) - Starting Web-server for ozoneManager at: http://0.0.0.0:0
2019-08-29 11:40:06,750 [main] INFO  server.AuthenticationFilter (AuthenticationFilter.java:constructSecretProvider(240)) - Unable to initialize FileSignerSecretProvider, falling back to use random secrets.
2019-08-29 11:40:06,750 [main] WARN  http.HttpRequestLog (HttpRequestLog.java:getRequestLog(97)) - Jetty request log can only be enabled using Log4j
2019-08-29 11:40:06,752 [main] INFO  http.HttpServer2 (HttpServer2.java:addGlobalFilter(975)) - Added global filter 'safety' (class=org.apache.hadoop.http.HttpServer2$QuotingInputFilter)
2019-08-29 11:40:06,753 [main] INFO  http.HttpServer2 (HttpServer2.java:addFilter(948)) - Added filter static_user_filter (class=org.apache.hadoop.http.lib.StaticUserWebFilter$StaticUserFilter) to context ozoneManager
2019-08-29 11:40:06,753 [main] INFO  http.HttpServer2 (HttpServer2.java:addFilter(958)) - Added filter static_user_filter (class=org.apache.hadoop.http.lib.StaticUserWebFilter$StaticUserFilter) to context static
2019-08-29 11:40:06,753 [main] INFO  http.HttpServer2 (HttpServer2.java:addFilter(958)) - Added filter static_user_filter (class=org.apache.hadoop.http.lib.StaticUserWebFilter$StaticUserFilter) to context logs
2019-08-29 11:40:06,754 [main] INFO  http.HttpServer2 (HttpServer2.java:bindListener(1191)) - Jetty bound to port 44808
2019-08-29 11:40:06,754 [main] INFO  server.Server (Server.java:doStart(351)) - jetty-9.3.24.v20180605, build timestamp: 2018-06-05T17:11:56Z, git hash: 84205aa28f11a4f31f2a3b86d1bba2cc8ab69827
2019-08-29 11:40:06,755 [main] INFO  handler.ContextHandler (ContextHandler.java:doStart(781)) - Started o.e.j.s.ServletContextHandler@13ac1657{/logs,file:///workdir/hadoop-ozone/integration-test/target/log,AVAILABLE}
2019-08-29 11:40:06,756 [main] INFO  handler.ContextHandler (ContextHandler.java:doStart(781)) - Started o.e.j.s.ServletContextHandler@1a557a52{/static,file:///workdir/hadoop-ozone/integration-test/target/test-classes/webapps/static,AVAILABLE}
2019-08-29 11:40:06,760 [main] INFO  handler.ContextHandler (ContextHandler.java:doStart(781)) - Started o.e.j.w.WebAppContext@51179fad{/,file:///workdir/hadoop-ozone/integration-test/target/test-classes/webapps/ozoneManager/,AVAILABLE}{/ozoneManager}
2019-08-29 11:40:06,760 [main] INFO  server.AbstractConnector (AbstractConnector.java:doStart(278)) - Started ServerConnector@2afa1b1a{HTTP/1.1,[http/1.1]}{0.0.0.0:44808}
2019-08-29 11:40:06,761 [main] INFO  server.Server (Server.java:doStart(419)) - Started @537231ms
2019-08-29 11:40:06,762 [main] INFO  server.BaseHttpServer (BaseHttpServer.java:updateConnectorAddress(213)) - HTTP server of OZONEMANAGER is listening at http://0.0.0.0:44808
2019-08-29 11:40:06,777 [main] INFO  impl.MetricsSystemImpl (MetricsSystemImpl.java:init(158)) - HddsDatanode metrics system started (again)
2019-08-29 11:40:06,779 [main] INFO  ozone.HddsDatanodeService (HddsDatanodeService.java:start(184)) - HddsDatanodeService host:pr-hdds-2030-qplxq-3692370286 ip:192.168.5.166
2019-08-29 11:40:06,788 [main] INFO  volume.HddsVolume (HddsVolume.java:<init>(176)) - Creating Volume: /workdir/hadoop-ozone/integration-test/target/test-dir/MiniOzoneClusterImpl-60a45d56-0b46-4bc8-bc0f-04071af02df0/datanode-0/data/containers/hdds of  storage type : DISK and capacity : 1482555576320
2019-08-29 11:40:06,789 [main] INFO  volume.VolumeSet (VolumeSet.java:initializeVolumeSet(170)) - Added Volume : /workdir/hadoop-ozone/integration-test/target/test-dir/MiniOzoneClusterImpl-60a45d56-0b46-4bc8-bc0f-04071af02df0/datanode-0/data/containers/hdds to VolumeSet
2019-08-29 11:40:06,789 [main] INFO  volume.ThrottledAsyncChecker (ThrottledAsyncChecker.java:schedule(140)) - Scheduling a check for org.apache.hadoop.ozone.container.common.volume.HddsVolume@3e866323
2019-08-29 11:40:06,790 [main] INFO  volume.HddsVolumeChecker (HddsVolumeChecker.java:checkAllVolumes(203)) - Scheduled health check for volume org.apache.hadoop.ozone.container.common.volume.HddsVolume@3e866323
2019-08-29 11:40:06,806 [main] INFO  impl.RaftServerProxy (ConfUtils.java:logGet(43)) - raft.rpc.type = GRPC (default)
2019-08-29 11:40:06,806 [main] INFO  grpc.GrpcFactory (GrpcFactory.java:checkPooledByteBufAllocatorUseCacheForAllThreads(45)) - PERFORMANCE WARNING: useCacheForAllThreads is true that may cause Netty to create a lot garbage objects and, as a result, trigger GC.
	It is recommended to disable useCacheForAllThreads by setting -Dorg.apache.ratis.thirdparty.io.netty.allocator.useCacheForAllThreads=false in command line.
2019-08-29 11:40:06,807 [main] INFO  grpc.GrpcConfigKeys$Server (ConfUtils.java:logGet(43)) - raft.grpc.server.port = 0 (default)
2019-08-29 11:40:06,807 [main] INFO  server.GrpcService (ConfUtils.java:logGet(43)) - raft.grpc.message.size.max = 33570816 (custom)
2019-08-29 11:40:06,807 [main] INFO  server.RaftServerConfigKeys (ConfUtils.java:logGet(43)) - raft.server.log.appender.buffer.byte-limit = 33554432 (custom)
2019-08-29 11:40:06,807 [main] INFO  server.GrpcService (ConfUtils.java:logGet(43)) - raft.grpc.flow.control.window = 1MB (=1048576) (default)
2019-08-29 11:40:06,807 [main] INFO  server.RaftServerConfigKeys (ConfUtils.java:logGet(43)) - raft.server.rpc.request.timeout = 3000ms (default)
2019-08-29 11:40:06,808 [main] INFO  server.RaftServerConfigKeys (ConfUtils.java:logGet(43)) - raft.server.storage.dir = [/workdir/hadoop-ozone/integration-test/target/test-dir/MiniOzoneClusterImpl-60a45d56-0b46-4bc8-bc0f-04071af02df0/datanode-0/data/ratis] (custom)
2019-08-29 11:40:06,808 [main] INFO  replication.SimpleContainerDownloader (SimpleContainerDownloader.java:<init>(72)) - Starting container downloader service to copy containers to replicate.
2019-08-29 11:40:06,810 [main] INFO  hdfs.DFSUtil (DFSUtil.java:httpServerTemplateForNNAndJN(1641)) - Starting Web-server for hddsDatanode at: http://0.0.0.0:0
2019-08-29 11:40:06,811 [main] INFO  server.AuthenticationFilter (AuthenticationFilter.java:constructSecretProvider(240)) - Unable to initialize FileSignerSecretProvider, falling back to use random secrets.
2019-08-29 11:40:06,811 [main] WARN  http.HttpRequestLog (HttpRequestLog.java:getRequestLog(97)) - Jetty request log can only be enabled using Log4j
2019-08-29 11:40:06,813 [main] INFO  http.HttpServer2 (HttpServer2.java:addGlobalFilter(975)) - Added global filter 'safety' (class=org.apache.hadoop.http.HttpServer2$QuotingInputFilter)
2019-08-29 11:40:06,813 [main] INFO  http.HttpServer2 (HttpServer2.java:addFilter(948)) - Added filter static_user_filter (class=org.apache.hadoop.http.lib.StaticUserWebFilter$StaticUserFilter) to context hddsDatanode
2019-08-29 11:40:06,814 [main] INFO  http.HttpServer2 (HttpServer2.java:addFilter(958)) - Added filter static_user_filter (class=org.apache.hadoop.http.lib.StaticUserWebFilter$StaticUserFilter) to context logs
2019-08-29 11:40:06,814 [main] INFO  http.HttpServer2 (HttpServer2.java:addFilter(958)) - Added filter static_user_filter (class=org.apache.hadoop.http.lib.StaticUserWebFilter$StaticUserFilter) to context static
2019-08-29 11:40:06,814 [main] INFO  http.HttpServer2 (HttpServer2.java:bindListener(1191)) - Jetty bound to port 43501
2019-08-29 11:40:06,815 [main] INFO  server.Server (Server.java:doStart(351)) - jetty-9.3.24.v20180605, build timestamp: 2018-06-05T17:11:56Z, git hash: 84205aa28f11a4f31f2a3b86d1bba2cc8ab69827
2019-08-29 11:40:06,816 [main] INFO  handler.ContextHandler (ContextHandler.java:doStart(781)) - Started o.e.j.s.ServletContextHandler@77732366{/logs,file:///workdir/hadoop-ozone/integration-test/target/log,AVAILABLE}
2019-08-29 11:40:06,816 [main] INFO  handler.ContextHandler (ContextHandler.java:doStart(781)) - Started o.e.j.s.ServletContextHandler@5c883b3f{/static,jar:file:/home/user/.m2/repository/org/apache/hadoop/hadoop-hdds-container-service/0.5.0-SNAPSHOT/hadoop-hdds-container-service-0.5.0-SNAPSHOT.jar!/webapps/static,AVAILABLE}
2019-08-29 11:40:06,845 [main] INFO  handler.ContextHandler (ContextHandler.java:doStart(781)) - Started o.e.j.w.WebAppContext@172ca6a{/,file:///tmp/jetty-0.0.0.0-43501-hddsDatanode-_-any-5801018072035030830.dir/webapp/,AVAILABLE}{/hddsDatanode}
2019-08-29 11:40:06,846 [main] INFO  server.AbstractConnector (AbstractConnector.java:doStart(278)) - Started ServerConnector@174e5929{HTTP/1.1,[http/1.1]}{0.0.0.0:43501}
2019-08-29 11:40:06,846 [main] INFO  server.Server (Server.java:doStart(419)) - Started @537315ms
2019-08-29 11:40:06,847 [main] INFO  server.BaseHttpServer (BaseHttpServer.java:updateConnectorAddress(213)) - HTTP server of HDDSDATANODE is listening at http://0.0.0.0:43501
2019-08-29 11:40:06,997 | INFO  | ObjectStoreRestHttpServer | Listening HDDS REST traffic on /0.0.0.0:41653 |  
2019-08-29 11:40:06,997 [main] INFO  ozone.HddsDatanodeService (HddsDatanodeService.java:startPlugins(395)) - Started plug-in org.apache.hadoop.ozone.web.OzoneHddsDatanodeService@3e09067
2019-08-29 11:40:06,998 [main] INFO  impl.MetricsSystemImpl (MetricsSystemImpl.java:init(158)) - HddsDatanode metrics system started (again)
2019-08-29 11:40:07,000 [org.apache.hadoop.util.JvmPauseMonitor$Monitor@6180bf6d] INFO  util.JvmPauseMonitor (JvmPauseMonitor.java:run(188)) - Starting JVM pause monitor
2019-08-29 11:40:07,001 [main] INFO  ozone.HddsDatanodeService (HddsDatanodeService.java:start(184)) - HddsDatanodeService host:pr-hdds-2030-qplxq-3692370286 ip:192.168.5.166
2019-08-29 11:40:07,002 [Datanode State Machine Thread - 0] INFO  datanode.InitDatanodeState (InitDatanodeState.java:persistContainerDatanodeDetails(140)) - DatanodeDetails is persisted to /workdir/hadoop-ozone/integration-test/target/test-dir/MiniOzoneClusterImpl-60a45d56-0b46-4bc8-bc0f-04071af02df0/datanode-0/meta/datanode.id
2019-08-29 11:40:07,010 [main] INFO  volume.HddsVolume (HddsVolume.java:<init>(176)) - Creating Volume: /workdir/hadoop-ozone/integration-test/target/test-dir/MiniOzoneClusterImpl-60a45d56-0b46-4bc8-bc0f-04071af02df0/datanode-1/data/containers/hdds of  storage type : DISK and capacity : 1482555576320
2019-08-29 11:40:07,010 [main] INFO  volume.VolumeSet (VolumeSet.java:initializeVolumeSet(170)) - Added Volume : /workdir/hadoop-ozone/integration-test/target/test-dir/MiniOzoneClusterImpl-60a45d56-0b46-4bc8-bc0f-04071af02df0/datanode-1/data/containers/hdds to VolumeSet
2019-08-29 11:40:07,011 [main] INFO  volume.ThrottledAsyncChecker (ThrottledAsyncChecker.java:schedule(140)) - Scheduling a check for org.apache.hadoop.ozone.container.common.volume.HddsVolume@6be865c1
2019-08-29 11:40:07,011 [main] INFO  volume.HddsVolumeChecker (HddsVolumeChecker.java:checkAllVolumes(203)) - Scheduled health check for volume org.apache.hadoop.ozone.container.common.volume.HddsVolume@6be865c1
2019-08-29 11:40:07,025 [main] INFO  impl.RaftServerProxy (ConfUtils.java:logGet(43)) - raft.rpc.type = GRPC (default)
2019-08-29 11:40:07,025 [main] INFO  grpc.GrpcFactory (GrpcFactory.java:checkPooledByteBufAllocatorUseCacheForAllThreads(45)) - PERFORMANCE WARNING: useCacheForAllThreads is true that may cause Netty to create a lot garbage objects and, as a result, trigger GC.
	It is recommended to disable useCacheForAllThreads by setting -Dorg.apache.ratis.thirdparty.io.netty.allocator.useCacheForAllThreads=false in command line.
2019-08-29 11:40:07,025 [main] INFO  grpc.GrpcConfigKeys$Server (ConfUtils.java:logGet(43)) - raft.grpc.server.port = 0 (default)
2019-08-29 11:40:07,026 [main] INFO  server.GrpcService (ConfUtils.java:logGet(43)) - raft.grpc.message.size.max = 33570816 (custom)
2019-08-29 11:40:07,026 [main] INFO  server.RaftServerConfigKeys (ConfUtils.java:logGet(43)) - raft.server.log.appender.buffer.byte-limit = 33554432 (custom)
2019-08-29 11:40:07,026 [main] INFO  server.GrpcService (ConfUtils.java:logGet(43)) - raft.grpc.flow.control.window = 1MB (=1048576) (default)
2019-08-29 11:40:07,026 [main] INFO  server.RaftServerConfigKeys (ConfUtils.java:logGet(43)) - raft.server.rpc.request.timeout = 3000ms (default)
2019-08-29 11:40:07,027 [main] INFO  server.RaftServerConfigKeys (ConfUtils.java:logGet(43)) - raft.server.storage.dir = [/workdir/hadoop-ozone/integration-test/target/test-dir/MiniOzoneClusterImpl-60a45d56-0b46-4bc8-bc0f-04071af02df0/datanode-1/data/ratis] (custom)
2019-08-29 11:40:07,027 [main] INFO  replication.SimpleContainerDownloader (SimpleContainerDownloader.java:<init>(72)) - Starting container downloader service to copy containers to replicate.
2019-08-29 11:40:07,028 [main] INFO  hdfs.DFSUtil (DFSUtil.java:httpServerTemplateForNNAndJN(1641)) - Starting Web-server for hddsDatanode at: http://0.0.0.0:0
2019-08-29 11:40:07,029 [main] INFO  server.AuthenticationFilter (AuthenticationFilter.java:constructSecretProvider(240)) - Unable to initialize FileSignerSecretProvider, falling back to use random secrets.
2019-08-29 11:40:07,030 [main] WARN  http.HttpRequestLog (HttpRequestLog.java:getRequestLog(97)) - Jetty request log can only be enabled using Log4j
2019-08-29 11:40:07,031 [main] INFO  http.HttpServer2 (HttpServer2.java:addGlobalFilter(975)) - Added global filter 'safety' (class=org.apache.hadoop.http.HttpServer2$QuotingInputFilter)
2019-08-29 11:40:07,032 [main] INFO  http.HttpServer2 (HttpServer2.java:addFilter(948)) - Added filter static_user_filter (class=org.apache.hadoop.http.lib.StaticUserWebFilter$StaticUserFilter) to context hddsDatanode
2019-08-29 11:40:07,032 [main] INFO  http.HttpServer2 (HttpServer2.java:addFilter(958)) - Added filter static_user_filter (class=org.apache.hadoop.http.lib.StaticUserWebFilter$StaticUserFilter) to context static
2019-08-29 11:40:07,032 [main] INFO  http.HttpServer2 (HttpServer2.java:addFilter(958)) - Added filter static_user_filter (class=org.apache.hadoop.http.lib.StaticUserWebFilter$StaticUserFilter) to context logs
2019-08-29 11:40:07,032 [main] INFO  http.HttpServer2 (HttpServer2.java:bindListener(1191)) - Jetty bound to port 42391
2019-08-29 11:40:07,033 [main] INFO  server.Server (Server.java:doStart(351)) - jetty-9.3.24.v20180605, build timestamp: 2018-06-05T17:11:56Z, git hash: 84205aa28f11a4f31f2a3b86d1bba2cc8ab69827
2019-08-29 11:40:07,034 [main] INFO  handler.ContextHandler (ContextHandler.java:doStart(781)) - Started o.e.j.s.ServletContextHandler@520034a{/logs,file:///workdir/hadoop-ozone/integration-test/target/log,AVAILABLE}
2019-08-29 11:40:07,035 [main] INFO  handler.ContextHandler (ContextHandler.java:doStart(781)) - Started o.e.j.s.ServletContextHandler@6592a73b{/static,jar:file:/home/user/.m2/repository/org/apache/hadoop/hadoop-hdds-container-service/0.5.0-SNAPSHOT/hadoop-hdds-container-service-0.5.0-SNAPSHOT.jar!/webapps/static,AVAILABLE}
2019-08-29 11:40:07,062 [main] INFO  handler.ContextHandler (ContextHandler.java:doStart(781)) - Started o.e.j.w.WebAppContext@1cd4082a{/,file:///tmp/jetty-0.0.0.0-42391-hddsDatanode-_-any-8928869249762754791.dir/webapp/,AVAILABLE}{/hddsDatanode}
2019-08-29 11:40:07,063 [main] INFO  server.AbstractConnector (AbstractConnector.java:doStart(278)) - Started ServerConnector@78c34153{HTTP/1.1,[http/1.1]}{0.0.0.0:42391}
2019-08-29 11:40:07,064 [main] INFO  server.Server (Server.java:doStart(419)) - Started @537534ms
2019-08-29 11:40:07,065 [main] INFO  server.BaseHttpServer (BaseHttpServer.java:updateConnectorAddress(213)) - HTTP server of HDDSDATANODE is listening at http://0.0.0.0:42391
2019-08-29 11:40:07,185 | INFO  | ObjectStoreRestHttpServer | Listening HDDS REST traffic on /0.0.0.0:45276 |  
2019-08-29 11:40:07,185 [main] INFO  ozone.HddsDatanodeService (HddsDatanodeService.java:startPlugins(395)) - Started plug-in org.apache.hadoop.ozone.web.OzoneHddsDatanodeService@5d9639bb
2019-08-29 11:40:07,185 [main] INFO  impl.MetricsSystemImpl (MetricsSystemImpl.java:init(158)) - HddsDatanode metrics system started (again)
2019-08-29 11:40:07,188 [org.apache.hadoop.util.JvmPauseMonitor$Monitor@3bece7fb] INFO  util.JvmPauseMonitor (JvmPauseMonitor.java:run(188)) - Starting JVM pause monitor
2019-08-29 11:40:07,188 [main] INFO  ozone.HddsDatanodeService (HddsDatanodeService.java:start(184)) - HddsDatanodeService host:pr-hdds-2030-qplxq-3692370286 ip:192.168.5.166
2019-08-29 11:40:07,189 [Datanode State Machine Thread - 0] INFO  datanode.InitDatanodeState (InitDatanodeState.java:persistContainerDatanodeDetails(140)) - DatanodeDetails is persisted to /workdir/hadoop-ozone/integration-test/target/test-dir/MiniOzoneClusterImpl-60a45d56-0b46-4bc8-bc0f-04071af02df0/datanode-1/meta/datanode.id
2019-08-29 11:40:07,199 [main] INFO  volume.HddsVolume (HddsVolume.java:<init>(176)) - Creating Volume: /workdir/hadoop-ozone/integration-test/target/test-dir/MiniOzoneClusterImpl-60a45d56-0b46-4bc8-bc0f-04071af02df0/datanode-2/data/containers/hdds of  storage type : DISK and capacity : 1482555576320
2019-08-29 11:40:07,199 [main] INFO  volume.VolumeSet (VolumeSet.java:initializeVolumeSet(170)) - Added Volume : /workdir/hadoop-ozone/integration-test/target/test-dir/MiniOzoneClusterImpl-60a45d56-0b46-4bc8-bc0f-04071af02df0/datanode-2/data/containers/hdds to VolumeSet
2019-08-29 11:40:07,199 [main] INFO  volume.ThrottledAsyncChecker (ThrottledAsyncChecker.java:schedule(140)) - Scheduling a check for org.apache.hadoop.ozone.container.common.volume.HddsVolume@6e3552b0
2019-08-29 11:40:07,200 [main] INFO  volume.HddsVolumeChecker (HddsVolumeChecker.java:checkAllVolumes(203)) - Scheduled health check for volume org.apache.hadoop.ozone.container.common.volume.HddsVolume@6e3552b0
2019-08-29 11:40:07,213 [main] INFO  impl.RaftServerProxy (ConfUtils.java:logGet(43)) - raft.rpc.type = GRPC (default)
2019-08-29 11:40:07,213 [main] INFO  grpc.GrpcFactory (GrpcFactory.java:checkPooledByteBufAllocatorUseCacheForAllThreads(45)) - PERFORMANCE WARNING: useCacheForAllThreads is true that may cause Netty to create a lot garbage objects and, as a result, trigger GC.
	It is recommended to disable useCacheForAllThreads by setting -Dorg.apache.ratis.thirdparty.io.netty.allocator.useCacheForAllThreads=false in command line.
2019-08-29 11:40:07,213 [main] INFO  grpc.GrpcConfigKeys$Server (ConfUtils.java:logGet(43)) - raft.grpc.server.port = 0 (default)
2019-08-29 11:40:07,213 [main] INFO  server.GrpcService (ConfUtils.java:logGet(43)) - raft.grpc.message.size.max = 33570816 (custom)
2019-08-29 11:40:07,214 [main] INFO  server.RaftServerConfigKeys (ConfUtils.java:logGet(43)) - raft.server.log.appender.buffer.byte-limit = 33554432 (custom)
2019-08-29 11:40:07,214 [main] INFO  server.GrpcService (ConfUtils.java:logGet(43)) - raft.grpc.flow.control.window = 1MB (=1048576) (default)
2019-08-29 11:40:07,214 [main] INFO  server.RaftServerConfigKeys (ConfUtils.java:logGet(43)) - raft.server.rpc.request.timeout = 3000ms (default)
2019-08-29 11:40:07,214 [main] INFO  server.RaftServerConfigKeys (ConfUtils.java:logGet(43)) - raft.server.storage.dir = [/workdir/hadoop-ozone/integration-test/target/test-dir/MiniOzoneClusterImpl-60a45d56-0b46-4bc8-bc0f-04071af02df0/datanode-2/data/ratis] (custom)
2019-08-29 11:40:07,215 [main] INFO  replication.SimpleContainerDownloader (SimpleContainerDownloader.java:<init>(72)) - Starting container downloader service to copy containers to replicate.
2019-08-29 11:40:07,216 [main] INFO  hdfs.DFSUtil (DFSUtil.java:httpServerTemplateForNNAndJN(1641)) - Starting Web-server for hddsDatanode at: http://0.0.0.0:0
2019-08-29 11:40:07,217 [main] INFO  server.AuthenticationFilter (AuthenticationFilter.java:constructSecretProvider(240)) - Unable to initialize FileSignerSecretProvider, falling back to use random secrets.
2019-08-29 11:40:07,217 [main] WARN  http.HttpRequestLog (HttpRequestLog.java:getRequestLog(97)) - Jetty request log can only be enabled using Log4j
2019-08-29 11:40:07,218 [main] INFO  http.HttpServer2 (HttpServer2.java:addGlobalFilter(975)) - Added global filter 'safety' (class=org.apache.hadoop.http.HttpServer2$QuotingInputFilter)
2019-08-29 11:40:07,219 [main] INFO  http.HttpServer2 (HttpServer2.java:addFilter(948)) - Added filter static_user_filter (class=org.apache.hadoop.http.lib.StaticUserWebFilter$StaticUserFilter) to context hddsDatanode
2019-08-29 11:40:07,219 [main] INFO  http.HttpServer2 (HttpServer2.java:addFilter(958)) - Added filter static_user_filter (class=org.apache.hadoop.http.lib.StaticUserWebFilter$StaticUserFilter) to context logs
2019-08-29 11:40:07,219 [main] INFO  http.HttpServer2 (HttpServer2.java:addFilter(958)) - Added filter static_user_filter (class=org.apache.hadoop.http.lib.StaticUserWebFilter$StaticUserFilter) to context static
2019-08-29 11:40:07,220 [main] INFO  http.HttpServer2 (HttpServer2.java:bindListener(1191)) - Jetty bound to port 35619
2019-08-29 11:40:07,220 [main] INFO  server.Server (Server.java:doStart(351)) - jetty-9.3.24.v20180605, build timestamp: 2018-06-05T17:11:56Z, git hash: 84205aa28f11a4f31f2a3b86d1bba2cc8ab69827
2019-08-29 11:40:07,221 [main] INFO  handler.ContextHandler (ContextHandler.java:doStart(781)) - Started o.e.j.s.ServletContextHandler@2c69ea30{/logs,file:///workdir/hadoop-ozone/integration-test/target/log,AVAILABLE}
2019-08-29 11:40:07,222 [main] INFO  handler.ContextHandler (ContextHandler.java:doStart(781)) - Started o.e.j.s.ServletContextHandler@35800dea{/static,jar:file:/home/user/.m2/repository/org/apache/hadoop/hadoop-hdds-container-service/0.5.0-SNAPSHOT/hadoop-hdds-container-service-0.5.0-SNAPSHOT.jar!/webapps/static,AVAILABLE}
2019-08-29 11:40:07,248 [main] INFO  handler.ContextHandler (ContextHandler.java:doStart(781)) - Started o.e.j.w.WebAppContext@306a9cd8{/,file:///tmp/jetty-0.0.0.0-35619-hddsDatanode-_-any-849858059453405864.dir/webapp/,AVAILABLE}{/hddsDatanode}
2019-08-29 11:40:07,249 [main] INFO  server.AbstractConnector (AbstractConnector.java:doStart(278)) - Started ServerConnector@7c52df60{HTTP/1.1,[http/1.1]}{0.0.0.0:35619}
2019-08-29 11:40:07,250 [main] INFO  server.Server (Server.java:doStart(419)) - Started @537719ms
2019-08-29 11:40:07,251 [main] INFO  server.BaseHttpServer (BaseHttpServer.java:updateConnectorAddress(213)) - HTTP server of HDDSDATANODE is listening at http://0.0.0.0:35619
2019-08-29 11:40:07,575 | INFO  | ObjectStoreRestHttpServer | Listening HDDS REST traffic on /0.0.0.0:36962 |  
2019-08-29 11:40:07,581 [main] INFO  ozone.HddsDatanodeService (HddsDatanodeService.java:startPlugins(395)) - Started plug-in org.apache.hadoop.ozone.web.OzoneHddsDatanodeService@314b0d53
2019-08-29 11:40:07,593 [main] INFO  impl.MetricsSystemImpl (MetricsSystemImpl.java:init(158)) - HddsDatanode metrics system started (again)
2019-08-29 11:40:07,639 [main] INFO  ozone.HddsDatanodeService (HddsDatanodeService.java:start(184)) - HddsDatanodeService host:pr-hdds-2030-qplxq-3692370286 ip:192.168.5.166
2019-08-29 11:40:07,639 [org.apache.hadoop.util.JvmPauseMonitor$Monitor@1eb7728b] INFO  util.JvmPauseMonitor (JvmPauseMonitor.java:run(188)) - Starting JVM pause monitor
2019-08-29 11:40:07,641 [Datanode State Machine Thread - 0] INFO  datanode.InitDatanodeState (InitDatanodeState.java:persistContainerDatanodeDetails(140)) - DatanodeDetails is persisted to /workdir/hadoop-ozone/integration-test/target/test-dir/MiniOzoneClusterImpl-60a45d56-0b46-4bc8-bc0f-04071af02df0/datanode-2/meta/datanode.id
2019-08-29 11:40:07,651 [main] INFO  volume.HddsVolume (HddsVolume.java:<init>(176)) - Creating Volume: /workdir/hadoop-ozone/integration-test/target/test-dir/MiniOzoneClusterImpl-60a45d56-0b46-4bc8-bc0f-04071af02df0/datanode-3/data/containers/hdds of  storage type : DISK and capacity : 1482555576320
2019-08-29 11:40:07,652 [main] INFO  volume.VolumeSet (VolumeSet.java:initializeVolumeSet(170)) - Added Volume : /workdir/hadoop-ozone/integration-test/target/test-dir/MiniOzoneClusterImpl-60a45d56-0b46-4bc8-bc0f-04071af02df0/datanode-3/data/containers/hdds to VolumeSet
2019-08-29 11:40:07,653 [main] INFO  volume.ThrottledAsyncChecker (ThrottledAsyncChecker.java:schedule(140)) - Scheduling a check for org.apache.hadoop.ozone.container.common.volume.HddsVolume@31d327b6
2019-08-29 11:40:07,653 [main] INFO  volume.HddsVolumeChecker (HddsVolumeChecker.java:checkAllVolumes(203)) - Scheduled health check for volume org.apache.hadoop.ozone.container.common.volume.HddsVolume@31d327b6
2019-08-29 11:40:07,670 [main] INFO  impl.RaftServerProxy (ConfUtils.java:logGet(43)) - raft.rpc.type = GRPC (default)
2019-08-29 11:40:07,670 [main] INFO  grpc.GrpcFactory (GrpcFactory.java:checkPooledByteBufAllocatorUseCacheForAllThreads(45)) - PERFORMANCE WARNING: useCacheForAllThreads is true that may cause Netty to create a lot garbage objects and, as a result, trigger GC.
	It is recommended to disable useCacheForAllThreads by setting -Dorg.apache.ratis.thirdparty.io.netty.allocator.useCacheForAllThreads=false in command line.
2019-08-29 11:40:07,671 [main] INFO  grpc.GrpcConfigKeys$Server (ConfUtils.java:logGet(43)) - raft.grpc.server.port = 0 (default)
2019-08-29 11:40:07,671 [main] INFO  server.GrpcService (ConfUtils.java:logGet(43)) - raft.grpc.message.size.max = 33570816 (custom)
2019-08-29 11:40:07,671 [main] INFO  server.RaftServerConfigKeys (ConfUtils.java:logGet(43)) - raft.server.log.appender.buffer.byte-limit = 33554432 (custom)
2019-08-29 11:40:07,671 [main] INFO  server.GrpcService (ConfUtils.java:logGet(43)) - raft.grpc.flow.control.window = 1MB (=1048576) (default)
2019-08-29 11:40:07,672 [main] INFO  server.RaftServerConfigKeys (ConfUtils.java:logGet(43)) - raft.server.rpc.request.timeout = 3000ms (default)
2019-08-29 11:40:07,672 [main] INFO  server.RaftServerConfigKeys (ConfUtils.java:logGet(43)) - raft.server.storage.dir = [/workdir/hadoop-ozone/integration-test/target/test-dir/MiniOzoneClusterImpl-60a45d56-0b46-4bc8-bc0f-04071af02df0/datanode-3/data/ratis] (custom)
2019-08-29 11:40:07,673 [main] INFO  replication.SimpleContainerDownloader (SimpleContainerDownloader.java:<init>(72)) - Starting container downloader service to copy containers to replicate.
2019-08-29 11:40:07,674 [main] INFO  hdfs.DFSUtil (DFSUtil.java:httpServerTemplateForNNAndJN(1641)) - Starting Web-server for hddsDatanode at: http://0.0.0.0:0
2019-08-29 11:40:07,675 [main] INFO  server.AuthenticationFilter (AuthenticationFilter.java:constructSecretProvider(240)) - Unable to initialize FileSignerSecretProvider, falling back to use random secrets.
2019-08-29 11:40:07,676 [main] WARN  http.HttpRequestLog (HttpRequestLog.java:getRequestLog(97)) - Jetty request log can only be enabled using Log4j
2019-08-29 11:40:07,677 [main] INFO  http.HttpServer2 (HttpServer2.java:addGlobalFilter(975)) - Added global filter 'safety' (class=org.apache.hadoop.http.HttpServer2$QuotingInputFilter)
2019-08-29 11:40:07,678 [main] INFO  http.HttpServer2 (HttpServer2.java:addFilter(948)) - Added filter static_user_filter (class=org.apache.hadoop.http.lib.StaticUserWebFilter$StaticUserFilter) to context hddsDatanode
2019-08-29 11:40:07,678 [main] INFO  http.HttpServer2 (HttpServer2.java:addFilter(958)) - Added filter static_user_filter (class=org.apache.hadoop.http.lib.StaticUserWebFilter$StaticUserFilter) to context static
2019-08-29 11:40:07,678 [main] INFO  http.HttpServer2 (HttpServer2.java:addFilter(958)) - Added filter static_user_filter (class=org.apache.hadoop.http.lib.StaticUserWebFilter$StaticUserFilter) to context logs
2019-08-29 11:40:07,679 [main] INFO  http.HttpServer2 (HttpServer2.java:bindListener(1191)) - Jetty bound to port 36972
2019-08-29 11:40:07,679 [main] INFO  server.Server (Server.java:doStart(351)) - jetty-9.3.24.v20180605, build timestamp: 2018-06-05T17:11:56Z, git hash: 84205aa28f11a4f31f2a3b86d1bba2cc8ab69827
2019-08-29 11:40:07,681 [main] INFO  handler.ContextHandler (ContextHandler.java:doStart(781)) - Started o.e.j.s.ServletContextHandler@517d68b8{/logs,file:///workdir/hadoop-ozone/integration-test/target/log,AVAILABLE}
2019-08-29 11:40:07,681 [main] INFO  handler.ContextHandler (ContextHandler.java:doStart(781)) - Started o.e.j.s.ServletContextHandler@24710e61{/static,jar:file:/home/user/.m2/repository/org/apache/hadoop/hadoop-hdds-container-service/0.5.0-SNAPSHOT/hadoop-hdds-container-service-0.5.0-SNAPSHOT.jar!/webapps/static,AVAILABLE}
2019-08-29 11:40:07,712 [main] INFO  handler.ContextHandler (ContextHandler.java:doStart(781)) - Started o.e.j.w.WebAppContext@37f687c1{/,file:///tmp/jetty-0.0.0.0-36972-hddsDatanode-_-any-7022102463737533146.dir/webapp/,AVAILABLE}{/hddsDatanode}
2019-08-29 11:40:07,712 [main] INFO  server.AbstractConnector (AbstractConnector.java:doStart(278)) - Started ServerConnector@297da2c3{HTTP/1.1,[http/1.1]}{0.0.0.0:36972}
2019-08-29 11:40:07,714 [main] INFO  server.Server (Server.java:doStart(419)) - Started @538183ms
2019-08-29 11:40:07,715 [main] INFO  server.BaseHttpServer (BaseHttpServer.java:updateConnectorAddress(213)) - HTTP server of HDDSDATANODE is listening at http://0.0.0.0:36972
2019-08-29 11:40:07,827 | INFO  | ObjectStoreRestHttpServer | Listening HDDS REST traffic on /0.0.0.0:41930 |  
2019-08-29 11:40:07,827 [main] INFO  ozone.HddsDatanodeService (HddsDatanodeService.java:startPlugins(395)) - Started plug-in org.apache.hadoop.ozone.web.OzoneHddsDatanodeService@53141d3f
2019-08-29 11:40:07,827 [main] INFO  impl.MetricsSystemImpl (MetricsSystemImpl.java:init(158)) - HddsDatanode metrics system started (again)
2019-08-29 11:40:07,830 [org.apache.hadoop.util.JvmPauseMonitor$Monitor@43f29e58] INFO  util.JvmPauseMonitor (JvmPauseMonitor.java:run(188)) - Starting JVM pause monitor
2019-08-29 11:40:07,831 [main] INFO  ozone.HddsDatanodeService (HddsDatanodeService.java:start(184)) - HddsDatanodeService host:pr-hdds-2030-qplxq-3692370286 ip:192.168.5.166
2019-08-29 11:40:07,832 [Datanode State Machine Thread - 0] INFO  datanode.InitDatanodeState (InitDatanodeState.java:persistContainerDatanodeDetails(140)) - DatanodeDetails is persisted to /workdir/hadoop-ozone/integration-test/target/test-dir/MiniOzoneClusterImpl-60a45d56-0b46-4bc8-bc0f-04071af02df0/datanode-3/meta/datanode.id
2019-08-29 11:40:07,842 [main] INFO  volume.HddsVolume (HddsVolume.java:<init>(176)) - Creating Volume: /workdir/hadoop-ozone/integration-test/target/test-dir/MiniOzoneClusterImpl-60a45d56-0b46-4bc8-bc0f-04071af02df0/datanode-4/data/containers/hdds of  storage type : DISK and capacity : 1482555576320
2019-08-29 11:40:07,842 [main] INFO  volume.VolumeSet (VolumeSet.java:initializeVolumeSet(170)) - Added Volume : /workdir/hadoop-ozone/integration-test/target/test-dir/MiniOzoneClusterImpl-60a45d56-0b46-4bc8-bc0f-04071af02df0/datanode-4/data/containers/hdds to VolumeSet
2019-08-29 11:40:07,842 [main] INFO  volume.ThrottledAsyncChecker (ThrottledAsyncChecker.java:schedule(140)) - Scheduling a check for org.apache.hadoop.ozone.container.common.volume.HddsVolume@76afb9d
2019-08-29 11:40:07,844 [main] INFO  volume.HddsVolumeChecker (HddsVolumeChecker.java:checkAllVolumes(203)) - Scheduled health check for volume org.apache.hadoop.ozone.container.common.volume.HddsVolume@76afb9d
2019-08-29 11:40:07,856 [main] INFO  impl.RaftServerProxy (ConfUtils.java:logGet(43)) - raft.rpc.type = GRPC (default)
2019-08-29 11:40:07,856 [main] INFO  grpc.GrpcFactory (GrpcFactory.java:checkPooledByteBufAllocatorUseCacheForAllThreads(45)) - PERFORMANCE WARNING: useCacheForAllThreads is true that may cause Netty to create a lot garbage objects and, as a result, trigger GC.
	It is recommended to disable useCacheForAllThreads by setting -Dorg.apache.ratis.thirdparty.io.netty.allocator.useCacheForAllThreads=false in command line.
2019-08-29 11:40:07,856 [main] INFO  grpc.GrpcConfigKeys$Server (ConfUtils.java:logGet(43)) - raft.grpc.server.port = 0 (default)
2019-08-29 11:40:07,856 [main] INFO  server.GrpcService (ConfUtils.java:logGet(43)) - raft.grpc.message.size.max = 33570816 (custom)
2019-08-29 11:40:07,856 [main] INFO  server.RaftServerConfigKeys (ConfUtils.java:logGet(43)) - raft.server.log.appender.buffer.byte-limit = 33554432 (custom)
2019-08-29 11:40:07,857 [main] INFO  server.GrpcService (ConfUtils.java:logGet(43)) - raft.grpc.flow.control.window = 1MB (=1048576) (default)
2019-08-29 11:40:07,857 [main] INFO  server.RaftServerConfigKeys (ConfUtils.java:logGet(43)) - raft.server.rpc.request.timeout = 3000ms (default)
2019-08-29 11:40:07,857 [main] INFO  server.RaftServerConfigKeys (ConfUtils.java:logGet(43)) - raft.server.storage.dir = [/workdir/hadoop-ozone/integration-test/target/test-dir/MiniOzoneClusterImpl-60a45d56-0b46-4bc8-bc0f-04071af02df0/datanode-4/data/ratis] (custom)
2019-08-29 11:40:07,858 [main] INFO  replication.SimpleContainerDownloader (SimpleContainerDownloader.java:<init>(72)) - Starting container downloader service to copy containers to replicate.
2019-08-29 11:40:07,859 [main] INFO  hdfs.DFSUtil (DFSUtil.java:httpServerTemplateForNNAndJN(1641)) - Starting Web-server for hddsDatanode at: http://0.0.0.0:0
2019-08-29 11:40:07,860 [main] INFO  server.AuthenticationFilter (AuthenticationFilter.java:constructSecretProvider(240)) - Unable to initialize FileSignerSecretProvider, falling back to use random secrets.
2019-08-29 11:40:07,860 [main] WARN  http.HttpRequestLog (HttpRequestLog.java:getRequestLog(97)) - Jetty request log can only be enabled using Log4j
2019-08-29 11:40:07,861 [main] INFO  http.HttpServer2 (HttpServer2.java:addGlobalFilter(975)) - Added global filter 'safety' (class=org.apache.hadoop.http.HttpServer2$QuotingInputFilter)
2019-08-29 11:40:07,861 [main] INFO  http.HttpServer2 (HttpServer2.java:addFilter(948)) - Added filter static_user_filter (class=org.apache.hadoop.http.lib.StaticUserWebFilter$StaticUserFilter) to context hddsDatanode
2019-08-29 11:40:07,861 [main] INFO  http.HttpServer2 (HttpServer2.java:addFilter(958)) - Added filter static_user_filter (class=org.apache.hadoop.http.lib.StaticUserWebFilter$StaticUserFilter) to context static
2019-08-29 11:40:07,862 [main] INFO  http.HttpServer2 (HttpServer2.java:addFilter(958)) - Added filter static_user_filter (class=org.apache.hadoop.http.lib.StaticUserWebFilter$StaticUserFilter) to context logs
2019-08-29 11:40:07,862 [main] INFO  http.HttpServer2 (HttpServer2.java:bindListener(1191)) - Jetty bound to port 35622
2019-08-29 11:40:07,862 [main] INFO  server.Server (Server.java:doStart(351)) - jetty-9.3.24.v20180605, build timestamp: 2018-06-05T17:11:56Z, git hash: 84205aa28f11a4f31f2a3b86d1bba2cc8ab69827
2019-08-29 11:40:07,864 [main] INFO  handler.ContextHandler (ContextHandler.java:doStart(781)) - Started o.e.j.s.ServletContextHandler@29471e3e{/logs,file:///workdir/hadoop-ozone/integration-test/target/log,AVAILABLE}
2019-08-29 11:40:07,864 [main] INFO  handler.ContextHandler (ContextHandler.java:doStart(781)) - Started o.e.j.s.ServletContextHandler@93fb20b{/static,jar:file:/home/user/.m2/repository/org/apache/hadoop/hadoop-hdds-container-service/0.5.0-SNAPSHOT/hadoop-hdds-container-service-0.5.0-SNAPSHOT.jar!/webapps/static,AVAILABLE}
2019-08-29 11:40:07,890 [main] INFO  handler.ContextHandler (ContextHandler.java:doStart(781)) - Started o.e.j.w.WebAppContext@7720334e{/,file:///tmp/jetty-0.0.0.0-35622-hddsDatanode-_-any-6092412671274990181.dir/webapp/,AVAILABLE}{/hddsDatanode}
2019-08-29 11:40:07,890 [main] INFO  server.AbstractConnector (AbstractConnector.java:doStart(278)) - Started ServerConnector@2c78771b{HTTP/1.1,[http/1.1]}{0.0.0.0:35622}
2019-08-29 11:40:07,891 [main] INFO  server.Server (Server.java:doStart(419)) - Started @538360ms
2019-08-29 11:40:07,892 [main] INFO  server.BaseHttpServer (BaseHttpServer.java:updateConnectorAddress(213)) - HTTP server of HDDSDATANODE is listening at http://0.0.0.0:35622
2019-08-29 11:40:08,002 | INFO  | ObjectStoreRestHttpServer | Listening HDDS REST traffic on /0.0.0.0:41394 |  
2019-08-29 11:40:08,002 [main] INFO  ozone.HddsDatanodeService (HddsDatanodeService.java:startPlugins(395)) - Started plug-in org.apache.hadoop.ozone.web.OzoneHddsDatanodeService@6945fdb8
2019-08-29 11:40:08,002 [main] INFO  impl.MetricsSystemImpl (MetricsSystemImpl.java:init(158)) - HddsDatanode metrics system started (again)
2019-08-29 11:40:08,006 [org.apache.hadoop.util.JvmPauseMonitor$Monitor@7ea6a5de] INFO  util.JvmPauseMonitor (JvmPauseMonitor.java:run(188)) - Starting JVM pause monitor
2019-08-29 11:40:08,006 [main] INFO  ozone.HddsDatanodeService (HddsDatanodeService.java:start(184)) - HddsDatanodeService host:pr-hdds-2030-qplxq-3692370286 ip:192.168.5.166
2019-08-29 11:40:08,007 [Datanode State Machine Thread - 0] INFO  datanode.InitDatanodeState (InitDatanodeState.java:persistContainerDatanodeDetails(140)) - DatanodeDetails is persisted to /workdir/hadoop-ozone/integration-test/target/test-dir/MiniOzoneClusterImpl-60a45d56-0b46-4bc8-bc0f-04071af02df0/datanode-4/meta/datanode.id
2019-08-29 11:40:08,019 [main] INFO  volume.HddsVolume (HddsVolume.java:<init>(176)) - Creating Volume: /workdir/hadoop-ozone/integration-test/target/test-dir/MiniOzoneClusterImpl-60a45d56-0b46-4bc8-bc0f-04071af02df0/datanode-5/data/containers/hdds of  storage type : DISK and capacity : 1482555576320
2019-08-29 11:40:08,019 [main] INFO  volume.VolumeSet (VolumeSet.java:initializeVolumeSet(170)) - Added Volume : /workdir/hadoop-ozone/integration-test/target/test-dir/MiniOzoneClusterImpl-60a45d56-0b46-4bc8-bc0f-04071af02df0/datanode-5/data/containers/hdds to VolumeSet
2019-08-29 11:40:08,020 [main] INFO  volume.ThrottledAsyncChecker (ThrottledAsyncChecker.java:schedule(140)) - Scheduling a check for org.apache.hadoop.ozone.container.common.volume.HddsVolume@65b17373
2019-08-29 11:40:08,020 [main] INFO  volume.HddsVolumeChecker (HddsVolumeChecker.java:checkAllVolumes(203)) - Scheduled health check for volume org.apache.hadoop.ozone.container.common.volume.HddsVolume@65b17373
2019-08-29 11:40:08,041 [main] INFO  impl.RaftServerProxy (ConfUtils.java:logGet(43)) - raft.rpc.type = GRPC (default)
2019-08-29 11:40:08,041 [main] INFO  grpc.GrpcFactory (GrpcFactory.java:checkPooledByteBufAllocatorUseCacheForAllThreads(45)) - PERFORMANCE WARNING: useCacheForAllThreads is true that may cause Netty to create a lot garbage objects and, as a result, trigger GC.
	It is recommended to disable useCacheForAllThreads by setting -Dorg.apache.ratis.thirdparty.io.netty.allocator.useCacheForAllThreads=false in command line.
2019-08-29 11:40:08,041 [main] INFO  grpc.GrpcConfigKeys$Server (ConfUtils.java:logGet(43)) - raft.grpc.server.port = 0 (default)
2019-08-29 11:40:08,041 [main] INFO  server.GrpcService (ConfUtils.java:logGet(43)) - raft.grpc.message.size.max = 33570816 (custom)
2019-08-29 11:40:08,042 [main] INFO  server.RaftServerConfigKeys (ConfUtils.java:logGet(43)) - raft.server.log.appender.buffer.byte-limit = 33554432 (custom)
2019-08-29 11:40:08,042 [main] INFO  server.GrpcService (ConfUtils.java:logGet(43)) - raft.grpc.flow.control.window = 1MB (=1048576) (default)
2019-08-29 11:40:08,042 [main] INFO  server.RaftServerConfigKeys (ConfUtils.java:logGet(43)) - raft.server.rpc.request.timeout = 3000ms (default)
2019-08-29 11:40:08,043 [main] INFO  server.RaftServerConfigKeys (ConfUtils.java:logGet(43)) - raft.server.storage.dir = [/workdir/hadoop-ozone/integration-test/target/test-dir/MiniOzoneClusterImpl-60a45d56-0b46-4bc8-bc0f-04071af02df0/datanode-5/data/ratis] (custom)
2019-08-29 11:40:08,043 [main] INFO  replication.SimpleContainerDownloader (SimpleContainerDownloader.java:<init>(72)) - Starting container downloader service to copy containers to replicate.
2019-08-29 11:40:08,045 [main] INFO  hdfs.DFSUtil (DFSUtil.java:httpServerTemplateForNNAndJN(1641)) - Starting Web-server for hddsDatanode at: http://0.0.0.0:0
2019-08-29 11:40:08,046 [main] INFO  server.AuthenticationFilter (AuthenticationFilter.java:constructSecretProvider(240)) - Unable to initialize FileSignerSecretProvider, falling back to use random secrets.
2019-08-29 11:40:08,047 [main] WARN  http.HttpRequestLog (HttpRequestLog.java:getRequestLog(97)) - Jetty request log can only be enabled using Log4j
2019-08-29 11:40:08,048 [main] INFO  http.HttpServer2 (HttpServer2.java:addGlobalFilter(975)) - Added global filter 'safety' (class=org.apache.hadoop.http.HttpServer2$QuotingInputFilter)
2019-08-29 11:40:08,049 [main] INFO  http.HttpServer2 (HttpServer2.java:addFilter(948)) - Added filter static_user_filter (class=org.apache.hadoop.http.lib.StaticUserWebFilter$StaticUserFilter) to context hddsDatanode
2019-08-29 11:40:08,049 [main] INFO  http.HttpServer2 (HttpServer2.java:addFilter(958)) - Added filter static_user_filter (class=org.apache.hadoop.http.lib.StaticUserWebFilter$StaticUserFilter) to context logs
2019-08-29 11:40:08,049 [main] INFO  http.HttpServer2 (HttpServer2.java:addFilter(958)) - Added filter static_user_filter (class=org.apache.hadoop.http.lib.StaticUserWebFilter$StaticUserFilter) to context static
2019-08-29 11:40:08,050 [main] INFO  http.HttpServer2 (HttpServer2.java:bindListener(1191)) - Jetty bound to port 36658
2019-08-29 11:40:08,050 [main] INFO  server.Server (Server.java:doStart(351)) - jetty-9.3.24.v20180605, build timestamp: 2018-06-05T17:11:56Z, git hash: 84205aa28f11a4f31f2a3b86d1bba2cc8ab69827
2019-08-29 11:40:08,051 [main] INFO  handler.ContextHandler (ContextHandler.java:doStart(781)) - Started o.e.j.s.ServletContextHandler@6dabad5c{/logs,file:///workdir/hadoop-ozone/integration-test/target/log,AVAILABLE}
2019-08-29 11:40:08,052 [main] INFO  handler.ContextHandler (ContextHandler.java:doStart(781)) - Started o.e.j.s.ServletContextHandler@1203c259{/static,jar:file:/home/user/.m2/repository/org/apache/hadoop/hadoop-hdds-container-service/0.5.0-SNAPSHOT/hadoop-hdds-container-service-0.5.0-SNAPSHOT.jar!/webapps/static,AVAILABLE}
2019-08-29 11:40:08,079 [main] INFO  handler.ContextHandler (ContextHandler.java:doStart(781)) - Started o.e.j.w.WebAppContext@52db9036{/,file:///tmp/jetty-0.0.0.0-36658-hddsDatanode-_-any-5463473051647873103.dir/webapp/,AVAILABLE}{/hddsDatanode}
2019-08-29 11:40:08,079 [main] INFO  server.AbstractConnector (AbstractConnector.java:doStart(278)) - Started ServerConnector@76a90ecb{HTTP/1.1,[http/1.1]}{0.0.0.0:36658}
2019-08-29 11:40:08,081 [main] INFO  server.Server (Server.java:doStart(419)) - Started @538550ms
2019-08-29 11:40:08,081 [main] INFO  server.BaseHttpServer (BaseHttpServer.java:updateConnectorAddress(213)) - HTTP server of HDDSDATANODE is listening at http://0.0.0.0:36658
2019-08-29 11:40:08,197 | INFO  | ObjectStoreRestHttpServer | Listening HDDS REST traffic on /0.0.0.0:39513 |  
2019-08-29 11:40:08,197 [main] INFO  ozone.HddsDatanodeService (HddsDatanodeService.java:startPlugins(395)) - Started plug-in org.apache.hadoop.ozone.web.OzoneHddsDatanodeService@68abf2ad
2019-08-29 11:40:08,198 [main] INFO  impl.MetricsSystemImpl (MetricsSystemImpl.java:init(158)) - HddsDatanode metrics system started (again)
2019-08-29 11:40:08,202 [org.apache.hadoop.util.JvmPauseMonitor$Monitor@5cd28dcc] INFO  util.JvmPauseMonitor (JvmPauseMonitor.java:run(188)) - Starting JVM pause monitor
2019-08-29 11:40:08,202 [main] INFO  ozone.HddsDatanodeService (HddsDatanodeService.java:start(184)) - HddsDatanodeService host:pr-hdds-2030-qplxq-3692370286 ip:192.168.5.166
2019-08-29 11:40:08,204 [Datanode State Machine Thread - 0] INFO  datanode.InitDatanodeState (InitDatanodeState.java:persistContainerDatanodeDetails(140)) - DatanodeDetails is persisted to /workdir/hadoop-ozone/integration-test/target/test-dir/MiniOzoneClusterImpl-60a45d56-0b46-4bc8-bc0f-04071af02df0/datanode-5/meta/datanode.id
2019-08-29 11:40:08,215 [main] INFO  volume.HddsVolume (HddsVolume.java:<init>(176)) - Creating Volume: /workdir/hadoop-ozone/integration-test/target/test-dir/MiniOzoneClusterImpl-60a45d56-0b46-4bc8-bc0f-04071af02df0/datanode-6/data/containers/hdds of  storage type : DISK and capacity : 1482555576320
2019-08-29 11:40:08,216 [main] INFO  volume.VolumeSet (VolumeSet.java:initializeVolumeSet(170)) - Added Volume : /workdir/hadoop-ozone/integration-test/target/test-dir/MiniOzoneClusterImpl-60a45d56-0b46-4bc8-bc0f-04071af02df0/datanode-6/data/containers/hdds to VolumeSet
2019-08-29 11:40:08,216 [main] INFO  volume.ThrottledAsyncChecker (ThrottledAsyncChecker.java:schedule(140)) - Scheduling a check for org.apache.hadoop.ozone.container.common.volume.HddsVolume@35cf7e98
2019-08-29 11:40:08,216 [main] INFO  volume.HddsVolumeChecker (HddsVolumeChecker.java:checkAllVolumes(203)) - Scheduled health check for volume org.apache.hadoop.ozone.container.common.volume.HddsVolume@35cf7e98
2019-08-29 11:40:08,232 [main] INFO  impl.RaftServerProxy (ConfUtils.java:logGet(43)) - raft.rpc.type = GRPC (default)
2019-08-29 11:40:08,232 [main] INFO  grpc.GrpcFactory (GrpcFactory.java:checkPooledByteBufAllocatorUseCacheForAllThreads(45)) - PERFORMANCE WARNING: useCacheForAllThreads is true that may cause Netty to create a lot garbage objects and, as a result, trigger GC.
	It is recommended to disable useCacheForAllThreads by setting -Dorg.apache.ratis.thirdparty.io.netty.allocator.useCacheForAllThreads=false in command line.
2019-08-29 11:40:08,232 [main] INFO  grpc.GrpcConfigKeys$Server (ConfUtils.java:logGet(43)) - raft.grpc.server.port = 0 (default)
2019-08-29 11:40:08,232 [main] INFO  server.GrpcService (ConfUtils.java:logGet(43)) - raft.grpc.message.size.max = 33570816 (custom)
2019-08-29 11:40:08,232 [main] INFO  server.RaftServerConfigKeys (ConfUtils.java:logGet(43)) - raft.server.log.appender.buffer.byte-limit = 33554432 (custom)
2019-08-29 11:40:08,233 [main] INFO  server.GrpcService (ConfUtils.java:logGet(43)) - raft.grpc.flow.control.window = 1MB (=1048576) (default)
2019-08-29 11:40:08,233 [main] INFO  server.RaftServerConfigKeys (ConfUtils.java:logGet(43)) - raft.server.rpc.request.timeout = 3000ms (default)
2019-08-29 11:40:08,233 [main] INFO  server.RaftServerConfigKeys (ConfUtils.java:logGet(43)) - raft.server.storage.dir = [/workdir/hadoop-ozone/integration-test/target/test-dir/MiniOzoneClusterImpl-60a45d56-0b46-4bc8-bc0f-04071af02df0/datanode-6/data/ratis] (custom)
2019-08-29 11:40:08,234 [main] INFO  replication.SimpleContainerDownloader (SimpleContainerDownloader.java:<init>(72)) - Starting container downloader service to copy containers to replicate.
2019-08-29 11:40:08,235 [main] INFO  hdfs.DFSUtil (DFSUtil.java:httpServerTemplateForNNAndJN(1641)) - Starting Web-server for hddsDatanode at: http://0.0.0.0:0
2019-08-29 11:40:08,236 [main] INFO  server.AuthenticationFilter (AuthenticationFilter.java:constructSecretProvider(240)) - Unable to initialize FileSignerSecretProvider, falling back to use random secrets.
2019-08-29 11:40:08,237 [main] WARN  http.HttpRequestLog (HttpRequestLog.java:getRequestLog(97)) - Jetty request log can only be enabled using Log4j
2019-08-29 11:40:08,238 [main] INFO  http.HttpServer2 (HttpServer2.java:addGlobalFilter(975)) - Added global filter 'safety' (class=org.apache.hadoop.http.HttpServer2$QuotingInputFilter)
2019-08-29 11:40:08,238 [main] INFO  http.HttpServer2 (HttpServer2.java:addFilter(948)) - Added filter static_user_filter (class=org.apache.hadoop.http.lib.StaticUserWebFilter$StaticUserFilter) to context hddsDatanode
2019-08-29 11:40:08,238 [main] INFO  http.HttpServer2 (HttpServer2.java:addFilter(958)) - Added filter static_user_filter (class=org.apache.hadoop.http.lib.StaticUserWebFilter$StaticUserFilter) to context logs
2019-08-29 11:40:08,239 [main] INFO  http.HttpServer2 (HttpServer2.java:addFilter(958)) - Added filter static_user_filter (class=org.apache.hadoop.http.lib.StaticUserWebFilter$StaticUserFilter) to context static
2019-08-29 11:40:08,239 [main] INFO  http.HttpServer2 (HttpServer2.java:bindListener(1191)) - Jetty bound to port 40327
2019-08-29 11:40:08,239 [main] INFO  server.Server (Server.java:doStart(351)) - jetty-9.3.24.v20180605, build timestamp: 2018-06-05T17:11:56Z, git hash: 84205aa28f11a4f31f2a3b86d1bba2cc8ab69827
2019-08-29 11:40:08,241 [main] INFO  handler.ContextHandler (ContextHandler.java:doStart(781)) - Started o.e.j.s.ServletContextHandler@5c452e69{/logs,file:///workdir/hadoop-ozone/integration-test/target/log,AVAILABLE}
2019-08-29 11:40:08,241 [main] INFO  handler.ContextHandler (ContextHandler.java:doStart(781)) - Started o.e.j.s.ServletContextHandler@5d6d6533{/static,jar:file:/home/user/.m2/repository/org/apache/hadoop/hadoop-hdds-container-service/0.5.0-SNAPSHOT/hadoop-hdds-container-service-0.5.0-SNAPSHOT.jar!/webapps/static,AVAILABLE}
2019-08-29 11:40:08,268 [main] INFO  handler.ContextHandler (ContextHandler.java:doStart(781)) - Started o.e.j.w.WebAppContext@4eda5325{/,file:///tmp/jetty-0.0.0.0-40327-hddsDatanode-_-any-4532068954253979373.dir/webapp/,AVAILABLE}{/hddsDatanode}
2019-08-29 11:40:08,269 [main] INFO  server.AbstractConnector (AbstractConnector.java:doStart(278)) - Started ServerConnector@4eef8498{HTTP/1.1,[http/1.1]}{0.0.0.0:40327}
2019-08-29 11:40:08,269 [main] INFO  server.Server (Server.java:doStart(419)) - Started @538738ms
2019-08-29 11:40:08,274 [main] INFO  server.BaseHttpServer (BaseHttpServer.java:updateConnectorAddress(213)) - HTTP server of HDDSDATANODE is listening at http://0.0.0.0:40327
2019-08-29 11:40:08,388 | INFO  | ObjectStoreRestHttpServer | Listening HDDS REST traffic on /0.0.0.0:45055 |  
2019-08-29 11:40:08,388 [main] INFO  ozone.HddsDatanodeService (HddsDatanodeService.java:startPlugins(395)) - Started plug-in org.apache.hadoop.ozone.web.OzoneHddsDatanodeService@ecc5101
2019-08-29 11:40:08,389 [main] INFO  ozone.MiniOzoneClusterImpl (MiniOzoneClusterImpl.java:lambda$waitForClusterToBeReady$0(142)) - Waiting for cluster to be ready. Got 0 of 7 DN Heartbeats.
2019-08-29 11:40:08,390 [org.apache.hadoop.util.JvmPauseMonitor$Monitor@60bddfc9] INFO  util.JvmPauseMonitor (JvmPauseMonitor.java:run(188)) - Starting JVM pause monitor
2019-08-29 11:40:08,391 [Datanode State Machine Thread - 0] INFO  datanode.InitDatanodeState (InitDatanodeState.java:persistContainerDatanodeDetails(140)) - DatanodeDetails is persisted to /workdir/hadoop-ozone/integration-test/target/test-dir/MiniOzoneClusterImpl-60a45d56-0b46-4bc8-bc0f-04071af02df0/datanode-6/meta/datanode.id
2019-08-29 11:40:09,005 | INFO  | SCMAudit | user=jenkins1000 | ip=192.168.5.166 | op=GET_VERSION null | ret=SUCCESS |  
2019-08-29 11:40:09,030 [Datanode State Machine Thread - 0] INFO  ozoneimpl.OzoneContainer (OzoneContainer.java:start(186)) - Attempting to start container services.
2019-08-29 11:40:09,030 [Datanode State Machine Thread - 0] INFO  ozoneimpl.OzoneContainer (OzoneContainer.java:startContainerScrub(160)) - Background container scrubber has been disabled by hdds.containerscrub.enabled
2019-08-29 11:40:09,030 [Datanode State Machine Thread - 0] INFO  ratis.XceiverServerRatis (XceiverServerRatis.java:start(404)) - Starting XceiverServerRatis b53f6902-efbc-4527-b99b-6ae0f6edb4d4 at port 0
2019-08-29 11:40:09,042 [Datanode State Machine Thread - 0] INFO  impl.RaftServerProxy (RaftServerProxy.java:lambda$start$3(299)) - b53f6902-efbc-4527-b99b-6ae0f6edb4d4: start RPC server
2019-08-29 11:40:09,045 [Datanode State Machine Thread - 0] INFO  server.GrpcService (GrpcService.java:startImpl(149)) - b53f6902-efbc-4527-b99b-6ae0f6edb4d4: GrpcService started, listening on 0.0.0.0/0.0.0.0:41080
2019-08-29 11:40:09,045 [Datanode State Machine Thread - 0] INFO  ratis.XceiverServerRatis (XceiverServerRatis.java:start(414)) - XceiverServerRatis b53f6902-efbc-4527-b99b-6ae0f6edb4d4 is started using port 41080
2019-08-29 11:40:09,046 [Datanode State Machine Thread - 0] INFO  server.XceiverServerGrpc (XceiverServerGrpc.java:start(161)) - XceiverServerGrpc b53f6902-efbc-4527-b99b-6ae0f6edb4d4 is started using port 45131
2019-08-29 11:40:09,189 | INFO  | SCMAudit | user=jenkins1000 | ip=192.168.5.166 | op=GET_VERSION null | ret=SUCCESS |  
2019-08-29 11:40:09,202 [Datanode State Machine Thread - 0] INFO  ozoneimpl.OzoneContainer (OzoneContainer.java:start(186)) - Attempting to start container services.
2019-08-29 11:40:09,203 [Datanode State Machine Thread - 0] INFO  ozoneimpl.OzoneContainer (OzoneContainer.java:startContainerScrub(160)) - Background container scrubber has been disabled by hdds.containerscrub.enabled
2019-08-29 11:40:09,203 [Datanode State Machine Thread - 0] INFO  ratis.XceiverServerRatis (XceiverServerRatis.java:start(404)) - Starting XceiverServerRatis c03e1c2a-de54-4f45-8368-f772dadfbdb1 at port 0
2019-08-29 11:40:09,209 [Datanode State Machine Thread - 0] INFO  impl.RaftServerProxy (RaftServerProxy.java:lambda$start$3(299)) - c03e1c2a-de54-4f45-8368-f772dadfbdb1: start RPC server
2019-08-29 11:40:09,210 [Datanode State Machine Thread - 0] INFO  server.GrpcService (GrpcService.java:startImpl(149)) - c03e1c2a-de54-4f45-8368-f772dadfbdb1: GrpcService started, listening on 0.0.0.0/0.0.0.0:37728
2019-08-29 11:40:09,210 [Datanode State Machine Thread - 0] INFO  ratis.XceiverServerRatis (XceiverServerRatis.java:start(414)) - XceiverServerRatis c03e1c2a-de54-4f45-8368-f772dadfbdb1 is started using port 37728
2019-08-29 11:40:09,211 [Datanode State Machine Thread - 0] INFO  server.XceiverServerGrpc (XceiverServerGrpc.java:start(161)) - XceiverServerGrpc c03e1c2a-de54-4f45-8368-f772dadfbdb1 is started using port 35864
2019-08-29 11:40:09,389 [main] INFO  ozone.MiniOzoneClusterImpl (MiniOzoneClusterImpl.java:lambda$waitForClusterToBeReady$0(142)) - Waiting for cluster to be ready. Got 0 of 7 DN Heartbeats.
2019-08-29 11:40:09,640 | INFO  | SCMAudit | user=jenkins1000 | ip=192.168.5.166 | op=GET_VERSION null | ret=SUCCESS |  
2019-08-29 11:40:09,656 [Datanode State Machine Thread - 0] INFO  ozoneimpl.OzoneContainer (OzoneContainer.java:start(186)) - Attempting to start container services.
2019-08-29 11:40:09,656 [Datanode State Machine Thread - 0] INFO  ozoneimpl.OzoneContainer (OzoneContainer.java:startContainerScrub(160)) - Background container scrubber has been disabled by hdds.containerscrub.enabled
2019-08-29 11:40:09,657 [Datanode State Machine Thread - 0] INFO  ratis.XceiverServerRatis (XceiverServerRatis.java:start(404)) - Starting XceiverServerRatis d426621c-da0b-4728-bc06-17a58ad6bb29 at port 0
2019-08-29 11:40:09,663 [Datanode State Machine Thread - 0] INFO  impl.RaftServerProxy (RaftServerProxy.java:lambda$start$3(299)) - d426621c-da0b-4728-bc06-17a58ad6bb29: start RPC server
2019-08-29 11:40:09,664 [Datanode State Machine Thread - 0] INFO  server.GrpcService (GrpcService.java:startImpl(149)) - d426621c-da0b-4728-bc06-17a58ad6bb29: GrpcService started, listening on 0.0.0.0/0.0.0.0:35970
2019-08-29 11:40:09,664 [Datanode State Machine Thread - 0] INFO  ratis.XceiverServerRatis (XceiverServerRatis.java:start(414)) - XceiverServerRatis d426621c-da0b-4728-bc06-17a58ad6bb29 is started using port 35970
2019-08-29 11:40:09,666 [Datanode State Machine Thread - 0] INFO  server.XceiverServerGrpc (XceiverServerGrpc.java:start(161)) - XceiverServerGrpc d426621c-da0b-4728-bc06-17a58ad6bb29 is started using port 37025
2019-08-29 11:40:09,831 | INFO  | SCMAudit | user=jenkins1000 | ip=192.168.5.166 | op=GET_VERSION null | ret=SUCCESS |  
2019-08-29 11:40:09,846 [Datanode State Machine Thread - 0] INFO  ozoneimpl.OzoneContainer (OzoneContainer.java:start(186)) - Attempting to start container services.
2019-08-29 11:40:09,846 [Datanode State Machine Thread - 0] INFO  ozoneimpl.OzoneContainer (OzoneContainer.java:startContainerScrub(160)) - Background container scrubber has been disabled by hdds.containerscrub.enabled
2019-08-29 11:40:09,846 [Datanode State Machine Thread - 0] INFO  ratis.XceiverServerRatis (XceiverServerRatis.java:start(404)) - Starting XceiverServerRatis 080d8b78-b76d-4b3c-b093-271222147c90 at port 0
2019-08-29 11:40:09,854 [Datanode State Machine Thread - 0] INFO  impl.RaftServerProxy (RaftServerProxy.java:lambda$start$3(299)) - 080d8b78-b76d-4b3c-b093-271222147c90: start RPC server
2019-08-29 11:40:09,854 [Datanode State Machine Thread - 0] INFO  server.GrpcService (GrpcService.java:startImpl(149)) - 080d8b78-b76d-4b3c-b093-271222147c90: GrpcService started, listening on 0.0.0.0/0.0.0.0:36691
2019-08-29 11:40:09,855 [Datanode State Machine Thread - 0] INFO  ratis.XceiverServerRatis (XceiverServerRatis.java:start(414)) - XceiverServerRatis 080d8b78-b76d-4b3c-b093-271222147c90 is started using port 36691
2019-08-29 11:40:09,855 [Datanode State Machine Thread - 0] INFO  server.XceiverServerGrpc (XceiverServerGrpc.java:start(161)) - XceiverServerGrpc 080d8b78-b76d-4b3c-b093-271222147c90 is started using port 44917
2019-08-29 11:40:10,006 | INFO  | SCMAudit | user=jenkins1000 | ip=192.168.5.166 | op=GET_VERSION null | ret=SUCCESS |  
2019-08-29 11:40:10,020 [Datanode State Machine Thread - 0] INFO  ozoneimpl.OzoneContainer (OzoneContainer.java:start(186)) - Attempting to start container services.
2019-08-29 11:40:10,020 [Datanode State Machine Thread - 0] INFO  ozoneimpl.OzoneContainer (OzoneContainer.java:startContainerScrub(160)) - Background container scrubber has been disabled by hdds.containerscrub.enabled
2019-08-29 11:40:10,020 [Datanode State Machine Thread - 0] INFO  ratis.XceiverServerRatis (XceiverServerRatis.java:start(404)) - Starting XceiverServerRatis c2005dcb-bacc-4d06-90c0-f8ae32e9f9ba at port 0
2019-08-29 11:40:10,028 [Datanode State Machine Thread - 0] INFO  impl.RaftServerProxy (RaftServerProxy.java:lambda$start$3(299)) - c2005dcb-bacc-4d06-90c0-f8ae32e9f9ba: start RPC server
2019-08-29 11:40:10,029 [Datanode State Machine Thread - 0] INFO  server.GrpcService (GrpcService.java:startImpl(149)) - c2005dcb-bacc-4d06-90c0-f8ae32e9f9ba: GrpcService started, listening on 0.0.0.0/0.0.0.0:33305
2019-08-29 11:40:10,029 [Datanode State Machine Thread - 0] INFO  ratis.XceiverServerRatis (XceiverServerRatis.java:start(414)) - XceiverServerRatis c2005dcb-bacc-4d06-90c0-f8ae32e9f9ba is started using port 33305
2019-08-29 11:40:10,030 [Datanode State Machine Thread - 0] INFO  server.XceiverServerGrpc (XceiverServerGrpc.java:start(161)) - XceiverServerGrpc c2005dcb-bacc-4d06-90c0-f8ae32e9f9ba is started using port 33791
2019-08-29 11:40:10,202 | INFO  | SCMAudit | user=jenkins1000 | ip=192.168.5.166 | op=GET_VERSION null | ret=SUCCESS |  
2019-08-29 11:40:10,227 [Datanode State Machine Thread - 0] INFO  ozoneimpl.OzoneContainer (OzoneContainer.java:start(186)) - Attempting to start container services.
2019-08-29 11:40:10,227 [Datanode State Machine Thread - 0] INFO  ozoneimpl.OzoneContainer (OzoneContainer.java:startContainerScrub(160)) - Background container scrubber has been disabled by hdds.containerscrub.enabled
2019-08-29 11:40:10,227 [Datanode State Machine Thread - 0] INFO  ratis.XceiverServerRatis (XceiverServerRatis.java:start(404)) - Starting XceiverServerRatis 173b4405-db9a-4ec1-ad57-661f797ffe9b at port 0
2019-08-29 11:40:10,234 [Datanode State Machine Thread - 0] INFO  impl.RaftServerProxy (RaftServerProxy.java:lambda$start$3(299)) - 173b4405-db9a-4ec1-ad57-661f797ffe9b: start RPC server
2019-08-29 11:40:10,238 [Datanode State Machine Thread - 0] INFO  server.GrpcService (GrpcService.java:startImpl(149)) - 173b4405-db9a-4ec1-ad57-661f797ffe9b: GrpcService started, listening on 0.0.0.0/0.0.0.0:42293
2019-08-29 11:40:10,238 [Datanode State Machine Thread - 0] INFO  ratis.XceiverServerRatis (XceiverServerRatis.java:start(414)) - XceiverServerRatis 173b4405-db9a-4ec1-ad57-661f797ffe9b is started using port 42293
2019-08-29 11:40:10,239 [Datanode State Machine Thread - 0] INFO  server.XceiverServerGrpc (XceiverServerGrpc.java:start(161)) - XceiverServerGrpc 173b4405-db9a-4ec1-ad57-661f797ffe9b is started using port 34926
2019-08-29 11:40:10,389 [main] INFO  ozone.MiniOzoneClusterImpl (MiniOzoneClusterImpl.java:lambda$waitForClusterToBeReady$0(142)) - Waiting for cluster to be ready. Got 0 of 7 DN Heartbeats.
2019-08-29 11:40:10,390 | INFO  | SCMAudit | user=jenkins1000 | ip=192.168.5.166 | op=GET_VERSION null | ret=SUCCESS |  
2019-08-29 11:40:10,416 [Datanode State Machine Thread - 0] INFO  ozoneimpl.OzoneContainer (OzoneContainer.java:start(186)) - Attempting to start container services.
2019-08-29 11:40:10,417 [Datanode State Machine Thread - 0] INFO  ozoneimpl.OzoneContainer (OzoneContainer.java:startContainerScrub(160)) - Background container scrubber has been disabled by hdds.containerscrub.enabled
2019-08-29 11:40:10,417 [Datanode State Machine Thread - 0] INFO  ratis.XceiverServerRatis (XceiverServerRatis.java:start(404)) - Starting XceiverServerRatis eec2788d-61ce-476f-8498-1c0940795640 at port 0
2019-08-29 11:40:10,424 [Datanode State Machine Thread - 0] INFO  impl.RaftServerProxy (RaftServerProxy.java:lambda$start$3(299)) - eec2788d-61ce-476f-8498-1c0940795640: start RPC server
2019-08-29 11:40:10,425 [Datanode State Machine Thread - 0] INFO  server.GrpcService (GrpcService.java:startImpl(149)) - eec2788d-61ce-476f-8498-1c0940795640: GrpcService started, listening on 0.0.0.0/0.0.0.0:44773
2019-08-29 11:40:10,425 [Datanode State Machine Thread - 0] INFO  ratis.XceiverServerRatis (XceiverServerRatis.java:start(414)) - XceiverServerRatis eec2788d-61ce-476f-8498-1c0940795640 is started using port 44773
2019-08-29 11:40:10,425 [Datanode State Machine Thread - 0] INFO  server.XceiverServerGrpc (XceiverServerGrpc.java:start(161)) - XceiverServerGrpc eec2788d-61ce-476f-8498-1c0940795640 is started using port 41211
2019-08-29 11:40:11,004 [IPC Server handler 3 on 43974] INFO  net.NetworkTopology (NetworkTopologyImpl.java:add(110)) - Added a new node: /default-rack/b53f6902-efbc-4527-b99b-6ae0f6edb4d4
2019-08-29 11:40:11,006 [IPC Server handler 3 on 43974] INFO  node.SCMNodeManager (SCMNodeManager.java:register(273)) - Registered Data node : b53f6902-efbc-4527-b99b-6ae0f6edb4d4{ip: 192.168.5.166, host: pr-hdds-2030-qplxq-3692370286, networkLocation: /default-rack, certSerialId: null}
2019-08-29 11:40:11,007 [EventQueue-NodeRegistrationContainerReportForDataNodeSafeModeRule] INFO  safemode.SCMSafeModeManager (DataNodeSafeModeRule.java:process(71)) - SCM in safe mode. 1 DataNodes registered, 1 required.
2019-08-29 11:40:11,007 | INFO  | SCMAudit | user=jenkins1000 | ip=192.168.5.166 | op=REGISTER {datanodeDetails=b53f6902-efbc-4527-b99b-6ae0f6edb4d4{ip: 192.168.5.166, host: pr-hdds-2030-qplxq-3692370286, networkLocation: /default-rack, certSerialId: null}} | ret=SUCCESS |  
2019-08-29 11:40:11,009 [EventQueue-NodeRegistrationContainerReportForDataNodeSafeModeRule] INFO  safemode.SCMSafeModeManager (SCMSafeModeManager.java:validateSafeModeExitRules(177)) - ScmSafeModeManager, all rules are successfully validated
2019-08-29 11:40:11,009 [EventQueue-NodeRegistrationContainerReportForDataNodeSafeModeRule] INFO  safemode.SCMSafeModeManager (SCMSafeModeManager.java:exitSafeMode(193)) - SCM exiting safe mode.
2019-08-29 11:40:11,027 [grpc-default-executor-5] INFO  impl.RaftServerProxy (RaftServerProxy.java:addNew(89)) - b53f6902-efbc-4527-b99b-6ae0f6edb4d4: addNew group-A95AA32445B4:[b53f6902-efbc-4527-b99b-6ae0f6edb4d4:192.168.5.166:41080] returns group-A95AA32445B4:java.util.concurrent.CompletableFuture@52f17596[Not completed]
2019-08-29 11:40:11,029 [pool-439-thread-1] INFO  impl.RaftServerImpl (RaftServerImpl.java:<init>(93)) - b53f6902-efbc-4527-b99b-6ae0f6edb4d4: new RaftServerImpl for group-A95AA32445B4:[b53f6902-efbc-4527-b99b-6ae0f6edb4d4:192.168.5.166:41080] with ContainerStateMachine:uninitialized
2019-08-29 11:40:11,029 [pool-439-thread-1] INFO  server.RaftServerConfigKeys (ConfUtils.java:logGet(43)) - raft.server.rpc.timeout.min = 5s (custom)
2019-08-29 11:40:11,029 [pool-439-thread-1] INFO  server.RaftServerConfigKeys (ConfUtils.java:logGet(43)) - raft.server.rpc.timeout.max = 5200ms (custom)
2019-08-29 11:40:11,030 [pool-439-thread-1] INFO  server.RaftServerConfigKeys (ConfUtils.java:logGet(43)) - raft.server.rpcslowness.timeout = 120s (custom)
2019-08-29 11:40:11,030 [pool-439-thread-1] INFO  server.RaftServerConfigKeys (ConfUtils.java:logGet(43)) - raft.server.sleep.deviation.threshold = 300 (default)
2019-08-29 11:40:11,030 [pool-439-thread-1] INFO  server.RaftServerConfigKeys (ConfUtils.java:logGet(43)) - raft.server.log.appender.install.snapshot.enabled = false (custom)
2019-08-29 11:40:11,030 [pool-439-thread-1] INFO  impl.RaftServerImpl (ServerState.java:<init>(105)) - b53f6902-efbc-4527-b99b-6ae0f6edb4d4:group-A95AA32445B4 ConfigurationManager, init=-1: [b53f6902-efbc-4527-b99b-6ae0f6edb4d4:192.168.5.166:41080], old=null, confs=<EMPTY_MAP>
2019-08-29 11:40:11,030 [pool-439-thread-1] INFO  server.RaftServerConfigKeys (ConfUtils.java:logGet(43)) - raft.server.storage.dir = [/workdir/hadoop-ozone/integration-test/target/test-dir/MiniOzoneClusterImpl-60a45d56-0b46-4bc8-bc0f-04071af02df0/datanode-0/data/ratis] (custom)
2019-08-29 11:40:11,031 [pool-439-thread-1] INFO  storage.RaftStorageDirectory (RaftStorageDirectory.java:analyzeStorage(246)) - The storage directory /workdir/hadoop-ozone/integration-test/target/test-dir/MiniOzoneClusterImpl-60a45d56-0b46-4bc8-bc0f-04071af02df0/datanode-0/data/ratis/558e2696-cba3-4565-bb99-a95aa32445b4 does not exist. Creating ...
2019-08-29 11:40:11,052 [pool-439-thread-1] INFO  storage.RaftStorageDirectory (RaftStorageDirectory.java:tryLock(328)) - Lock on /workdir/hadoop-ozone/integration-test/target/test-dir/MiniOzoneClusterImpl-60a45d56-0b46-4bc8-bc0f-04071af02df0/datanode-0/data/ratis/558e2696-cba3-4565-bb99-a95aa32445b4/in_use.lock acquired by nodename 29018@pr-hdds-2030-qplxq-3692370286
2019-08-29 11:40:11,066 [pool-439-thread-1] INFO  storage.RaftStorage (RaftStorage.java:format(72)) - Storage directory /workdir/hadoop-ozone/integration-test/target/test-dir/MiniOzoneClusterImpl-60a45d56-0b46-4bc8-bc0f-04071af02df0/datanode-0/data/ratis/558e2696-cba3-4565-bb99-a95aa32445b4 has been successfully formatted.
2019-08-29 11:40:11,066 [pool-439-thread-1] INFO  ratis.ContainerStateMachine (ContainerStateMachine.java:loadSnapshot(226)) - group-A95AA32445B4: The snapshot info is null. Setting the last applied indexto:(t:0, i:~)
2019-08-29 11:40:11,066 [pool-439-thread-1] INFO  server.RaftServerConfigKeys (ConfUtils.java:logGet(43)) - raft.server.leader.election.timeout = 120s (custom)
2019-08-29 11:40:11,066 [pool-439-thread-1] INFO  server.RaftServerConfigKeys (ConfUtils.java:logGet(43)) - raft.server.log.use.memory = false (default)
2019-08-29 11:40:11,067 [pool-439-thread-1] INFO  server.RaftServerConfigKeys (ConfUtils.java:logGet(43)) - raft.server.log.purge.gap = 1000000 (custom)
2019-08-29 11:40:11,067 [pool-439-thread-1] INFO  server.RaftServerConfigKeys (ConfUtils.java:logGet(43)) - raft.server.log.appender.buffer.byte-limit = 33554432 (custom)
2019-08-29 11:40:11,067 [pool-439-thread-1] INFO  server.RaftServerConfigKeys (ConfUtils.java:logGet(43)) - raft.server.log.segment.size.max = 1048576 (custom)
2019-08-29 11:40:11,067 [pool-439-thread-1] INFO  server.RaftServerConfigKeys (ConfUtils.java:logGet(43)) - raft.server.log.segment.cache.num.max = 2 (custom)
2019-08-29 11:40:11,067 [pool-439-thread-1] INFO  segmented.SegmentedRaftLogWorker (SegmentedRaftLogWorker.java:<init>(172)) - new b53f6902-efbc-4527-b99b-6ae0f6edb4d4-SegmentedRaftLogWorker:Storage Directory /workdir/hadoop-ozone/integration-test/target/test-dir/MiniOzoneClusterImpl-60a45d56-0b46-4bc8-bc0f-04071af02df0/datanode-0/data/ratis/558e2696-cba3-4565-bb99-a95aa32445b4 for RaftStorage:Storage Directory /workdir/hadoop-ozone/integration-test/target/test-dir/MiniOzoneClusterImpl-60a45d56-0b46-4bc8-bc0f-04071af02df0/datanode-0/data/ratis/558e2696-cba3-4565-bb99-a95aa32445b4
2019-08-29 11:40:11,068 [pool-439-thread-1] INFO  server.RaftServerConfigKeys (ConfUtils.java:logGet(43)) - raft.server.log.queue.byte-limit = 2147483647 (custom)
2019-08-29 11:40:11,068 [pool-439-thread-1] INFO  server.RaftServerConfigKeys (ConfUtils.java:logGet(43)) - raft.server.log.queue.element-limit = 1024 (custom)
2019-08-29 11:40:11,068 [pool-439-thread-1] INFO  server.RaftServerConfigKeys (ConfUtils.java:logGet(43)) - raft.server.log.segment.size.max = 1048576 (custom)
2019-08-29 11:40:11,068 [pool-439-thread-1] INFO  server.RaftServerConfigKeys (ConfUtils.java:logGet(43)) - raft.server.log.preallocated.size = 16384 (custom)
2019-08-29 11:40:11,068 [pool-439-thread-1] INFO  server.RaftServerConfigKeys (ConfUtils.java:logGet(43)) - raft.server.log.write.buffer.size = 33554432 (custom)
2019-08-29 11:40:11,068 [pool-439-thread-1] INFO  server.RaftServerConfigKeys (ConfUtils.java:logGet(43)) - raft.server.log.force.sync.num = 128 (default)
2019-08-29 11:40:11,069 [pool-439-thread-1] INFO  server.RaftServerConfigKeys (ConfUtils.java:logGet(43)) - raft.server.log.statemachine.data.sync = true (default)
2019-08-29 11:40:11,069 [pool-439-thread-1] INFO  server.RaftServerConfigKeys (ConfUtils.java:logGet(43)) - raft.server.log.statemachine.data.sync.timeout = 10s (default)
2019-08-29 11:40:11,069 [pool-439-thread-1] INFO  server.RaftServerConfigKeys (ConfUtils.java:logGet(43)) - raft.server.log.statemachine.data.sync.timeout.retry = -1 (default)
2019-08-29 11:40:11,069 [pool-439-thread-1] INFO  server.RaftServerConfigKeys (ConfUtils.java:logGet(43)) - raft.server.log.statemachine.data.caching.enabled = true (custom)
2019-08-29 11:40:11,070 [pool-439-thread-1] INFO  segmented.SegmentedRaftLogWorker (SegmentedRaftLogWorker.java:lambda$new$0(132)) - b53f6902-efbc-4527-b99b-6ae0f6edb4d4-SegmentedRaftLogWorker:Storage Directory /workdir/hadoop-ozone/integration-test/target/test-dir/MiniOzoneClusterImpl-60a45d56-0b46-4bc8-bc0f-04071af02df0/datanode-0/data/ratis/558e2696-cba3-4565-bb99-a95aa32445b4: flushIndex: setUnconditionally 0 -> -1
2019-08-29 11:40:11,070 [pool-439-thread-1] INFO  server.RaftServerConfigKeys (ConfUtils.java:logGet(43)) - raft.server.snapshot.auto.trigger.enabled = true (custom)
2019-08-29 11:40:11,070 [pool-439-thread-1] INFO  server.RaftServerConfigKeys (ConfUtils.java:logGet(43)) - raft.server.snapshot.auto.trigger.threshold = 10000 (custom)
2019-08-29 11:40:11,070 [pool-439-thread-1] INFO  server.RaftServerConfigKeys (ConfUtils.java:logGet(43)) - raft.server.retrycache.expirytime = 600000ms (custom)
2019-08-29 11:40:11,071 [pool-439-thread-1] INFO  impl.RaftServerImpl (RaftServerImpl.java:start(180)) - b53f6902-efbc-4527-b99b-6ae0f6edb4d4: start group-A95AA32445B4
2019-08-29 11:40:11,071 [pool-439-thread-1] INFO  impl.RaftServerImpl (RaftServerImpl.java:setRole(171)) - b53f6902-efbc-4527-b99b-6ae0f6edb4d4:group-A95AA32445B4 changes role from null to FOLLOWER at term 0 for startAsFollower
2019-08-29 11:40:11,071 [pool-439-thread-1] INFO  impl.RoleInfo (RoleInfo.java:updateAndGet(143)) - b53f6902-efbc-4527-b99b-6ae0f6edb4d4: start FollowerState
2019-08-29 11:40:11,072 [pool-439-thread-1] INFO  util.JmxRegister (JmxRegister.java:tryRegister(44)) - Successfully registered JMX Bean with object name Ratis:service=RaftServer,group=group-A95AA32445B4,id=b53f6902-efbc-4527-b99b-6ae0f6edb4d4
2019-08-29 11:40:11,076 [RatisPipelineUtilsThread] INFO  pipeline.PipelineStateManager (PipelineStateManager.java:addPipeline(56)) - Created pipeline Pipeline[ Id: 558e2696-cba3-4565-bb99-a95aa32445b4, Nodes: b53f6902-efbc-4527-b99b-6ae0f6edb4d4{ip: 192.168.5.166, host: pr-hdds-2030-qplxq-3692370286, networkLocation: /default-rack, certSerialId: null}, Type:RATIS, Factor:ONE, State:OPEN]
2019-08-29 11:40:11,189 [IPC Server handler 0 on 43974] INFO  net.NetworkTopology (NetworkTopologyImpl.java:add(110)) - Added a new node: /default-rack/c03e1c2a-de54-4f45-8368-f772dadfbdb1
2019-08-29 11:40:11,189 [IPC Server handler 0 on 43974] INFO  node.SCMNodeManager (SCMNodeManager.java:register(273)) - Registered Data node : c03e1c2a-de54-4f45-8368-f772dadfbdb1{ip: 192.168.5.166, host: pr-hdds-2030-qplxq-3692370286, networkLocation: /default-rack, certSerialId: null}
2019-08-29 11:40:11,189 | INFO  | SCMAudit | user=jenkins1000 | ip=192.168.5.166 | op=REGISTER {datanodeDetails=c03e1c2a-de54-4f45-8368-f772dadfbdb1{ip: 192.168.5.166, host: pr-hdds-2030-qplxq-3692370286, networkLocation: /default-rack, certSerialId: null}} | ret=SUCCESS |  
2019-08-29 11:40:11,197 [grpc-default-executor-5] INFO  impl.RaftServerProxy (RaftServerProxy.java:addNew(89)) - c03e1c2a-de54-4f45-8368-f772dadfbdb1: addNew group-92DF9322B7A9:[c03e1c2a-de54-4f45-8368-f772dadfbdb1:192.168.5.166:37728] returns group-92DF9322B7A9:java.util.concurrent.CompletableFuture@6464078a[Not completed]
2019-08-29 11:40:11,199 [pool-450-thread-1] INFO  impl.RaftServerImpl (RaftServerImpl.java:<init>(93)) - c03e1c2a-de54-4f45-8368-f772dadfbdb1: new RaftServerImpl for group-92DF9322B7A9:[c03e1c2a-de54-4f45-8368-f772dadfbdb1:192.168.5.166:37728] with ContainerStateMachine:uninitialized
2019-08-29 11:40:11,199 [pool-450-thread-1] INFO  server.RaftServerConfigKeys (ConfUtils.java:logGet(43)) - raft.server.rpc.timeout.min = 5s (custom)
2019-08-29 11:40:11,199 [pool-450-thread-1] INFO  server.RaftServerConfigKeys (ConfUtils.java:logGet(43)) - raft.server.rpc.timeout.max = 5200ms (custom)
2019-08-29 11:40:11,199 [pool-450-thread-1] INFO  server.RaftServerConfigKeys (ConfUtils.java:logGet(43)) - raft.server.rpcslowness.timeout = 120s (custom)
2019-08-29 11:40:11,200 [pool-450-thread-1] INFO  server.RaftServerConfigKeys (ConfUtils.java:logGet(43)) - raft.server.sleep.deviation.threshold = 300 (default)
2019-08-29 11:40:11,200 [pool-450-thread-1] INFO  server.RaftServerConfigKeys (ConfUtils.java:logGet(43)) - raft.server.log.appender.install.snapshot.enabled = false (custom)
2019-08-29 11:40:11,200 [pool-450-thread-1] INFO  impl.RaftServerImpl (ServerState.java:<init>(105)) - c03e1c2a-de54-4f45-8368-f772dadfbdb1:group-92DF9322B7A9 ConfigurationManager, init=-1: [c03e1c2a-de54-4f45-8368-f772dadfbdb1:192.168.5.166:37728], old=null, confs=<EMPTY_MAP>
2019-08-29 11:40:11,200 [pool-450-thread-1] INFO  server.RaftServerConfigKeys (ConfUtils.java:logGet(43)) - raft.server.storage.dir = [/workdir/hadoop-ozone/integration-test/target/test-dir/MiniOzoneClusterImpl-60a45d56-0b46-4bc8-bc0f-04071af02df0/datanode-1/data/ratis] (custom)
2019-08-29 11:40:11,200 [pool-450-thread-1] INFO  storage.RaftStorageDirectory (RaftStorageDirectory.java:analyzeStorage(246)) - The storage directory /workdir/hadoop-ozone/integration-test/target/test-dir/MiniOzoneClusterImpl-60a45d56-0b46-4bc8-bc0f-04071af02df0/datanode-1/data/ratis/40040fab-a7b9-4a2d-b86e-92df9322b7a9 does not exist. Creating ...
2019-08-29 11:40:11,225 [pool-450-thread-1] INFO  storage.RaftStorageDirectory (RaftStorageDirectory.java:tryLock(328)) - Lock on /workdir/hadoop-ozone/integration-test/target/test-dir/MiniOzoneClusterImpl-60a45d56-0b46-4bc8-bc0f-04071af02df0/datanode-1/data/ratis/40040fab-a7b9-4a2d-b86e-92df9322b7a9/in_use.lock acquired by nodename 29018@pr-hdds-2030-qplxq-3692370286
2019-08-29 11:40:11,258 [pool-450-thread-1] INFO  storage.RaftStorage (RaftStorage.java:format(72)) - Storage directory /workdir/hadoop-ozone/integration-test/target/test-dir/MiniOzoneClusterImpl-60a45d56-0b46-4bc8-bc0f-04071af02df0/datanode-1/data/ratis/40040fab-a7b9-4a2d-b86e-92df9322b7a9 has been successfully formatted.
2019-08-29 11:40:11,258 [pool-450-thread-1] INFO  ratis.ContainerStateMachine (ContainerStateMachine.java:loadSnapshot(226)) - group-92DF9322B7A9: The snapshot info is null. Setting the last applied indexto:(t:0, i:~)
2019-08-29 11:40:11,258 [pool-450-thread-1] INFO  server.RaftServerConfigKeys (ConfUtils.java:logGet(43)) - raft.server.leader.election.timeout = 120s (custom)
2019-08-29 11:40:11,258 [pool-450-thread-1] INFO  server.RaftServerConfigKeys (ConfUtils.java:logGet(43)) - raft.server.log.use.memory = false (default)
2019-08-29 11:40:11,259 [pool-450-thread-1] INFO  server.RaftServerConfigKeys (ConfUtils.java:logGet(43)) - raft.server.log.purge.gap = 1000000 (custom)
2019-08-29 11:40:11,259 [pool-450-thread-1] INFO  server.RaftServerConfigKeys (ConfUtils.java:logGet(43)) - raft.server.log.appender.buffer.byte-limit = 33554432 (custom)
2019-08-29 11:40:11,259 [pool-450-thread-1] INFO  server.RaftServerConfigKeys (ConfUtils.java:logGet(43)) - raft.server.log.segment.size.max = 1048576 (custom)
2019-08-29 11:40:11,259 [pool-450-thread-1] INFO  server.RaftServerConfigKeys (ConfUtils.java:logGet(43)) - raft.server.log.segment.cache.num.max = 2 (custom)
2019-08-29 11:40:11,259 [pool-450-thread-1] INFO  segmented.SegmentedRaftLogWorker (SegmentedRaftLogWorker.java:<init>(172)) - new c03e1c2a-de54-4f45-8368-f772dadfbdb1-SegmentedRaftLogWorker:Storage Directory /workdir/hadoop-ozone/integration-test/target/test-dir/MiniOzoneClusterImpl-60a45d56-0b46-4bc8-bc0f-04071af02df0/datanode-1/data/ratis/40040fab-a7b9-4a2d-b86e-92df9322b7a9 for RaftStorage:Storage Directory /workdir/hadoop-ozone/integration-test/target/test-dir/MiniOzoneClusterImpl-60a45d56-0b46-4bc8-bc0f-04071af02df0/datanode-1/data/ratis/40040fab-a7b9-4a2d-b86e-92df9322b7a9
2019-08-29 11:40:11,259 [pool-450-thread-1] INFO  server.RaftServerConfigKeys (ConfUtils.java:logGet(43)) - raft.server.log.queue.byte-limit = 2147483647 (custom)
2019-08-29 11:40:11,260 [pool-450-thread-1] INFO  server.RaftServerConfigKeys (ConfUtils.java:logGet(43)) - raft.server.log.queue.element-limit = 1024 (custom)
2019-08-29 11:40:11,260 [pool-450-thread-1] INFO  server.RaftServerConfigKeys (ConfUtils.java:logGet(43)) - raft.server.log.segment.size.max = 1048576 (custom)
2019-08-29 11:40:11,260 [pool-450-thread-1] INFO  server.RaftServerConfigKeys (ConfUtils.java:logGet(43)) - raft.server.log.preallocated.size = 16384 (custom)
2019-08-29 11:40:11,260 [pool-450-thread-1] INFO  server.RaftServerConfigKeys (ConfUtils.java:logGet(43)) - raft.server.log.write.buffer.size = 33554432 (custom)
2019-08-29 11:40:11,260 [pool-450-thread-1] INFO  server.RaftServerConfigKeys (ConfUtils.java:logGet(43)) - raft.server.log.force.sync.num = 128 (default)
2019-08-29 11:40:11,260 [pool-450-thread-1] INFO  server.RaftServerConfigKeys (ConfUtils.java:logGet(43)) - raft.server.log.statemachine.data.sync = true (default)
2019-08-29 11:40:11,260 [pool-450-thread-1] INFO  server.RaftServerConfigKeys (ConfUtils.java:logGet(43)) - raft.server.log.statemachine.data.sync.timeout = 10s (default)
2019-08-29 11:40:11,261 [pool-450-thread-1] INFO  server.RaftServerConfigKeys (ConfUtils.java:logGet(43)) - raft.server.log.statemachine.data.sync.timeout.retry = -1 (default)
2019-08-29 11:40:11,261 [pool-450-thread-1] INFO  server.RaftServerConfigKeys (ConfUtils.java:logGet(43)) - raft.server.log.statemachine.data.caching.enabled = true (custom)
2019-08-29 11:40:11,261 [pool-450-thread-1] INFO  segmented.SegmentedRaftLogWorker (SegmentedRaftLogWorker.java:lambda$new$0(132)) - c03e1c2a-de54-4f45-8368-f772dadfbdb1-SegmentedRaftLogWorker:Storage Directory /workdir/hadoop-ozone/integration-test/target/test-dir/MiniOzoneClusterImpl-60a45d56-0b46-4bc8-bc0f-04071af02df0/datanode-1/data/ratis/40040fab-a7b9-4a2d-b86e-92df9322b7a9: flushIndex: setUnconditionally 0 -> -1
2019-08-29 11:40:11,262 [pool-450-thread-1] INFO  server.RaftServerConfigKeys (ConfUtils.java:logGet(43)) - raft.server.snapshot.auto.trigger.enabled = true (custom)
2019-08-29 11:40:11,262 [pool-450-thread-1] INFO  server.RaftServerConfigKeys (ConfUtils.java:logGet(43)) - raft.server.snapshot.auto.trigger.threshold = 10000 (custom)
2019-08-29 11:40:11,262 [pool-450-thread-1] INFO  server.RaftServerConfigKeys (ConfUtils.java:logGet(43)) - raft.server.retrycache.expirytime = 600000ms (custom)
2019-08-29 11:40:11,262 [pool-450-thread-1] INFO  impl.RaftServerImpl (RaftServerImpl.java:start(180)) - c03e1c2a-de54-4f45-8368-f772dadfbdb1: start group-92DF9322B7A9
2019-08-29 11:40:11,262 [pool-450-thread-1] INFO  impl.RaftServerImpl (RaftServerImpl.java:setRole(171)) - c03e1c2a-de54-4f45-8368-f772dadfbdb1:group-92DF9322B7A9 changes role from null to FOLLOWER at term 0 for startAsFollower
2019-08-29 11:40:11,262 [pool-450-thread-1] INFO  impl.RoleInfo (RoleInfo.java:updateAndGet(143)) - c03e1c2a-de54-4f45-8368-f772dadfbdb1: start FollowerState
2019-08-29 11:40:11,263 [pool-450-thread-1] INFO  util.JmxRegister (JmxRegister.java:tryRegister(44)) - Successfully registered JMX Bean with object name Ratis:service=RaftServer,group=group-92DF9322B7A9,id=c03e1c2a-de54-4f45-8368-f772dadfbdb1
2019-08-29 11:40:11,268 [RatisPipelineUtilsThread] INFO  pipeline.PipelineStateManager (PipelineStateManager.java:addPipeline(56)) - Created pipeline Pipeline[ Id: 40040fab-a7b9-4a2d-b86e-92df9322b7a9, Nodes: c03e1c2a-de54-4f45-8368-f772dadfbdb1{ip: 192.168.5.166, host: pr-hdds-2030-qplxq-3692370286, networkLocation: /default-rack, certSerialId: null}, Type:RATIS, Factor:ONE, State:OPEN]
2019-08-29 11:40:11,390 [main] INFO  ozone.MiniOzoneClusterImpl (MiniOzoneClusterImpl.java:lambda$waitForClusterToBeReady$0(142)) - Waiting for cluster to be ready. Got 2 of 7 DN Heartbeats.
2019-08-29 11:40:11,641 [IPC Server handler 3 on 43974] INFO  net.NetworkTopology (NetworkTopologyImpl.java:add(110)) - Added a new node: /default-rack/d426621c-da0b-4728-bc06-17a58ad6bb29
2019-08-29 11:40:11,641 [IPC Server handler 3 on 43974] INFO  node.SCMNodeManager (SCMNodeManager.java:register(273)) - Registered Data node : d426621c-da0b-4728-bc06-17a58ad6bb29{ip: 192.168.5.166, host: pr-hdds-2030-qplxq-3692370286, networkLocation: /default-rack, certSerialId: null}
2019-08-29 11:40:11,641 | INFO  | SCMAudit | user=jenkins1000 | ip=192.168.5.166 | op=REGISTER {datanodeDetails=d426621c-da0b-4728-bc06-17a58ad6bb29{ip: 192.168.5.166, host: pr-hdds-2030-qplxq-3692370286, networkLocation: /default-rack, certSerialId: null}} | ret=SUCCESS |  
2019-08-29 11:40:11,649 [grpc-default-executor-5] INFO  impl.RaftServerProxy (RaftServerProxy.java:addNew(89)) - d426621c-da0b-4728-bc06-17a58ad6bb29: addNew group-7CAFFEEEE779:[d426621c-da0b-4728-bc06-17a58ad6bb29:192.168.5.166:35970] returns group-7CAFFEEEE779:java.util.concurrent.CompletableFuture@f48f28f[Not completed]
2019-08-29 11:40:11,651 [pool-461-thread-1] INFO  impl.RaftServerImpl (RaftServerImpl.java:<init>(93)) - d426621c-da0b-4728-bc06-17a58ad6bb29: new RaftServerImpl for group-7CAFFEEEE779:[d426621c-da0b-4728-bc06-17a58ad6bb29:192.168.5.166:35970] with ContainerStateMachine:uninitialized
2019-08-29 11:40:11,651 [pool-461-thread-1] INFO  server.RaftServerConfigKeys (ConfUtils.java:logGet(43)) - raft.server.rpc.timeout.min = 5s (custom)
2019-08-29 11:40:11,651 [pool-461-thread-1] INFO  server.RaftServerConfigKeys (ConfUtils.java:logGet(43)) - raft.server.rpc.timeout.max = 5200ms (custom)
2019-08-29 11:40:11,651 [pool-461-thread-1] INFO  server.RaftServerConfigKeys (ConfUtils.java:logGet(43)) - raft.server.rpcslowness.timeout = 120s (custom)
2019-08-29 11:40:11,651 [pool-461-thread-1] INFO  server.RaftServerConfigKeys (ConfUtils.java:logGet(43)) - raft.server.sleep.deviation.threshold = 300 (default)
2019-08-29 11:40:11,652 [pool-461-thread-1] INFO  server.RaftServerConfigKeys (ConfUtils.java:logGet(43)) - raft.server.log.appender.install.snapshot.enabled = false (custom)
2019-08-29 11:40:11,652 [pool-461-thread-1] INFO  impl.RaftServerImpl (ServerState.java:<init>(105)) - d426621c-da0b-4728-bc06-17a58ad6bb29:group-7CAFFEEEE779 ConfigurationManager, init=-1: [d426621c-da0b-4728-bc06-17a58ad6bb29:192.168.5.166:35970], old=null, confs=<EMPTY_MAP>
2019-08-29 11:40:11,652 [pool-461-thread-1] INFO  server.RaftServerConfigKeys (ConfUtils.java:logGet(43)) - raft.server.storage.dir = [/workdir/hadoop-ozone/integration-test/target/test-dir/MiniOzoneClusterImpl-60a45d56-0b46-4bc8-bc0f-04071af02df0/datanode-2/data/ratis] (custom)
2019-08-29 11:40:11,652 [pool-461-thread-1] INFO  storage.RaftStorageDirectory (RaftStorageDirectory.java:analyzeStorage(246)) - The storage directory /workdir/hadoop-ozone/integration-test/target/test-dir/MiniOzoneClusterImpl-60a45d56-0b46-4bc8-bc0f-04071af02df0/datanode-2/data/ratis/b02bfae4-6bac-4609-ac9e-7caffeeee779 does not exist. Creating ...
2019-08-29 11:40:11,666 [pool-461-thread-1] INFO  storage.RaftStorageDirectory (RaftStorageDirectory.java:tryLock(328)) - Lock on /workdir/hadoop-ozone/integration-test/target/test-dir/MiniOzoneClusterImpl-60a45d56-0b46-4bc8-bc0f-04071af02df0/datanode-2/data/ratis/b02bfae4-6bac-4609-ac9e-7caffeeee779/in_use.lock acquired by nodename 29018@pr-hdds-2030-qplxq-3692370286
2019-08-29 11:40:11,691 [pool-461-thread-1] INFO  storage.RaftStorage (RaftStorage.java:format(72)) - Storage directory /workdir/hadoop-ozone/integration-test/target/test-dir/MiniOzoneClusterImpl-60a45d56-0b46-4bc8-bc0f-04071af02df0/datanode-2/data/ratis/b02bfae4-6bac-4609-ac9e-7caffeeee779 has been successfully formatted.
2019-08-29 11:40:11,691 [pool-461-thread-1] INFO  ratis.ContainerStateMachine (ContainerStateMachine.java:loadSnapshot(226)) - group-7CAFFEEEE779: The snapshot info is null. Setting the last applied indexto:(t:0, i:~)
2019-08-29 11:40:11,691 [pool-461-thread-1] INFO  server.RaftServerConfigKeys (ConfUtils.java:logGet(43)) - raft.server.leader.election.timeout = 120s (custom)
2019-08-29 11:40:11,692 [pool-461-thread-1] INFO  server.RaftServerConfigKeys (ConfUtils.java:logGet(43)) - raft.server.log.use.memory = false (default)
2019-08-29 11:40:11,692 [pool-461-thread-1] INFO  server.RaftServerConfigKeys (ConfUtils.java:logGet(43)) - raft.server.log.purge.gap = 1000000 (custom)
2019-08-29 11:40:11,692 [pool-461-thread-1] INFO  server.RaftServerConfigKeys (ConfUtils.java:logGet(43)) - raft.server.log.appender.buffer.byte-limit = 33554432 (custom)
2019-08-29 11:40:11,692 [pool-461-thread-1] INFO  server.RaftServerConfigKeys (ConfUtils.java:logGet(43)) - raft.server.log.segment.size.max = 1048576 (custom)
2019-08-29 11:40:11,692 [pool-461-thread-1] INFO  server.RaftServerConfigKeys (ConfUtils.java:logGet(43)) - raft.server.log.segment.cache.num.max = 2 (custom)
2019-08-29 11:40:11,692 [pool-461-thread-1] INFO  segmented.SegmentedRaftLogWorker (SegmentedRaftLogWorker.java:<init>(172)) - new d426621c-da0b-4728-bc06-17a58ad6bb29-SegmentedRaftLogWorker:Storage Directory /workdir/hadoop-ozone/integration-test/target/test-dir/MiniOzoneClusterImpl-60a45d56-0b46-4bc8-bc0f-04071af02df0/datanode-2/data/ratis/b02bfae4-6bac-4609-ac9e-7caffeeee779 for RaftStorage:Storage Directory /workdir/hadoop-ozone/integration-test/target/test-dir/MiniOzoneClusterImpl-60a45d56-0b46-4bc8-bc0f-04071af02df0/datanode-2/data/ratis/b02bfae4-6bac-4609-ac9e-7caffeeee779
2019-08-29 11:40:11,693 [pool-461-thread-1] INFO  server.RaftServerConfigKeys (ConfUtils.java:logGet(43)) - raft.server.log.queue.byte-limit = 2147483647 (custom)
2019-08-29 11:40:11,693 [pool-461-thread-1] INFO  server.RaftServerConfigKeys (ConfUtils.java:logGet(43)) - raft.server.log.queue.element-limit = 1024 (custom)
2019-08-29 11:40:11,693 [pool-461-thread-1] INFO  server.RaftServerConfigKeys (ConfUtils.java:logGet(43)) - raft.server.log.segment.size.max = 1048576 (custom)
2019-08-29 11:40:11,693 [pool-461-thread-1] INFO  server.RaftServerConfigKeys (ConfUtils.java:logGet(43)) - raft.server.log.preallocated.size = 16384 (custom)
2019-08-29 11:40:11,693 [pool-461-thread-1] INFO  server.RaftServerConfigKeys (ConfUtils.java:logGet(43)) - raft.server.log.write.buffer.size = 33554432 (custom)
2019-08-29 11:40:11,693 [pool-461-thread-1] INFO  server.RaftServerConfigKeys (ConfUtils.java:logGet(43)) - raft.server.log.force.sync.num = 128 (default)
2019-08-29 11:40:11,693 [pool-461-thread-1] INFO  server.RaftServerConfigKeys (ConfUtils.java:logGet(43)) - raft.server.log.statemachine.data.sync = true (default)
2019-08-29 11:40:11,694 [pool-461-thread-1] INFO  server.RaftServerConfigKeys (ConfUtils.java:logGet(43)) - raft.server.log.statemachine.data.sync.timeout = 10s (default)
2019-08-29 11:40:11,694 [pool-461-thread-1] INFO  server.RaftServerConfigKeys (ConfUtils.java:logGet(43)) - raft.server.log.statemachine.data.sync.timeout.retry = -1 (default)
2019-08-29 11:40:11,694 [pool-461-thread-1] INFO  server.RaftServerConfigKeys (ConfUtils.java:logGet(43)) - raft.server.log.statemachine.data.caching.enabled = true (custom)
2019-08-29 11:40:11,694 [pool-461-thread-1] INFO  segmented.SegmentedRaftLogWorker (SegmentedRaftLogWorker.java:lambda$new$0(132)) - d426621c-da0b-4728-bc06-17a58ad6bb29-SegmentedRaftLogWorker:Storage Directory /workdir/hadoop-ozone/integration-test/target/test-dir/MiniOzoneClusterImpl-60a45d56-0b46-4bc8-bc0f-04071af02df0/datanode-2/data/ratis/b02bfae4-6bac-4609-ac9e-7caffeeee779: flushIndex: setUnconditionally 0 -> -1
2019-08-29 11:40:11,695 [pool-461-thread-1] INFO  server.RaftServerConfigKeys (ConfUtils.java:logGet(43)) - raft.server.snapshot.auto.trigger.enabled = true (custom)
2019-08-29 11:40:11,695 [pool-461-thread-1] INFO  server.RaftServerConfigKeys (ConfUtils.java:logGet(43)) - raft.server.snapshot.auto.trigger.threshold = 10000 (custom)
2019-08-29 11:40:11,695 [pool-461-thread-1] INFO  server.RaftServerConfigKeys (ConfUtils.java:logGet(43)) - raft.server.retrycache.expirytime = 600000ms (custom)
2019-08-29 11:40:11,695 [pool-461-thread-1] INFO  impl.RaftServerImpl (RaftServerImpl.java:start(180)) - d426621c-da0b-4728-bc06-17a58ad6bb29: start group-7CAFFEEEE779
2019-08-29 11:40:11,695 [pool-461-thread-1] INFO  impl.RaftServerImpl (RaftServerImpl.java:setRole(171)) - d426621c-da0b-4728-bc06-17a58ad6bb29:group-7CAFFEEEE779 changes role from null to FOLLOWER at term 0 for startAsFollower
2019-08-29 11:40:11,696 [pool-461-thread-1] INFO  impl.RoleInfo (RoleInfo.java:updateAndGet(143)) - d426621c-da0b-4728-bc06-17a58ad6bb29: start FollowerState
2019-08-29 11:40:11,696 [pool-461-thread-1] INFO  util.JmxRegister (JmxRegister.java:tryRegister(44)) - Successfully registered JMX Bean with object name Ratis:service=RaftServer,group=group-7CAFFEEEE779,id=d426621c-da0b-4728-bc06-17a58ad6bb29
2019-08-29 11:40:11,701 [RatisPipelineUtilsThread] INFO  pipeline.PipelineStateManager (PipelineStateManager.java:addPipeline(56)) - Created pipeline Pipeline[ Id: b02bfae4-6bac-4609-ac9e-7caffeeee779, Nodes: d426621c-da0b-4728-bc06-17a58ad6bb29{ip: 192.168.5.166, host: pr-hdds-2030-qplxq-3692370286, networkLocation: /default-rack, certSerialId: null}, Type:RATIS, Factor:ONE, State:OPEN]
2019-08-29 11:40:11,712 [grpc-default-executor-8] INFO  impl.RaftServerProxy (RaftServerProxy.java:addNew(89)) - b53f6902-efbc-4527-b99b-6ae0f6edb4d4: addNew group-125E9A69CB37:[b53f6902-efbc-4527-b99b-6ae0f6edb4d4:192.168.5.166:41080, d426621c-da0b-4728-bc06-17a58ad6bb29:192.168.5.166:35970, c03e1c2a-de54-4f45-8368-f772dadfbdb1:192.168.5.166:37728] returns group-125E9A69CB37:java.util.concurrent.CompletableFuture@6f617dbf[Not completed]
2019-08-29 11:40:11,712 [grpc-default-executor-7] INFO  impl.RaftServerProxy (RaftServerProxy.java:addNew(89)) - d426621c-da0b-4728-bc06-17a58ad6bb29: addNew group-125E9A69CB37:[b53f6902-efbc-4527-b99b-6ae0f6edb4d4:192.168.5.166:41080, d426621c-da0b-4728-bc06-17a58ad6bb29:192.168.5.166:35970, c03e1c2a-de54-4f45-8368-f772dadfbdb1:192.168.5.166:37728] returns group-125E9A69CB37:java.util.concurrent.CompletableFuture@34455a8[Not completed]
2019-08-29 11:40:11,712 [grpc-default-executor-5] INFO  impl.RaftServerProxy (RaftServerProxy.java:addNew(89)) - c03e1c2a-de54-4f45-8368-f772dadfbdb1: addNew group-125E9A69CB37:[b53f6902-efbc-4527-b99b-6ae0f6edb4d4:192.168.5.166:41080, d426621c-da0b-4728-bc06-17a58ad6bb29:192.168.5.166:35970, c03e1c2a-de54-4f45-8368-f772dadfbdb1:192.168.5.166:37728] returns group-125E9A69CB37:java.util.concurrent.CompletableFuture@7297b4bf[Not completed]
2019-08-29 11:40:11,715 [pool-439-thread-1] INFO  impl.RaftServerImpl (RaftServerImpl.java:<init>(93)) - b53f6902-efbc-4527-b99b-6ae0f6edb4d4: new RaftServerImpl for group-125E9A69CB37:[b53f6902-efbc-4527-b99b-6ae0f6edb4d4:192.168.5.166:41080, d426621c-da0b-4728-bc06-17a58ad6bb29:192.168.5.166:35970, c03e1c2a-de54-4f45-8368-f772dadfbdb1:192.168.5.166:37728] with ContainerStateMachine:uninitialized
2019-08-29 11:40:11,715 [pool-439-thread-1] INFO  server.RaftServerConfigKeys (ConfUtils.java:logGet(43)) - raft.server.rpc.timeout.min = 5s (custom)
2019-08-29 11:40:11,715 [pool-439-thread-1] INFO  server.RaftServerConfigKeys (ConfUtils.java:logGet(43)) - raft.server.rpc.timeout.max = 5200ms (custom)
2019-08-29 11:40:11,715 [pool-439-thread-1] INFO  server.RaftServerConfigKeys (ConfUtils.java:logGet(43)) - raft.server.rpcslowness.timeout = 120s (custom)
2019-08-29 11:40:11,715 [pool-439-thread-1] INFO  server.RaftServerConfigKeys (ConfUtils.java:logGet(43)) - raft.server.sleep.deviation.threshold = 300 (default)
2019-08-29 11:40:11,715 [pool-461-thread-1] INFO  impl.RaftServerImpl (RaftServerImpl.java:<init>(93)) - d426621c-da0b-4728-bc06-17a58ad6bb29: new RaftServerImpl for group-125E9A69CB37:[b53f6902-efbc-4527-b99b-6ae0f6edb4d4:192.168.5.166:41080, d426621c-da0b-4728-bc06-17a58ad6bb29:192.168.5.166:35970, c03e1c2a-de54-4f45-8368-f772dadfbdb1:192.168.5.166:37728] with ContainerStateMachine:uninitialized
2019-08-29 11:40:11,715 [pool-439-thread-1] INFO  server.RaftServerConfigKeys (ConfUtils.java:logGet(43)) - raft.server.log.appender.install.snapshot.enabled = false (custom)
2019-08-29 11:40:11,715 [pool-461-thread-1] INFO  server.RaftServerConfigKeys (ConfUtils.java:logGet(43)) - raft.server.rpc.timeout.min = 5s (custom)
2019-08-29 11:40:11,716 [pool-439-thread-1] INFO  impl.RaftServerImpl (ServerState.java:<init>(105)) - b53f6902-efbc-4527-b99b-6ae0f6edb4d4:group-125E9A69CB37 ConfigurationManager, init=-1: [b53f6902-efbc-4527-b99b-6ae0f6edb4d4:192.168.5.166:41080, d426621c-da0b-4728-bc06-17a58ad6bb29:192.168.5.166:35970, c03e1c2a-de54-4f45-8368-f772dadfbdb1:192.168.5.166:37728], old=null, confs=<EMPTY_MAP>
2019-08-29 11:40:11,716 [pool-461-thread-1] INFO  server.RaftServerConfigKeys (ConfUtils.java:logGet(43)) - raft.server.rpc.timeout.max = 5200ms (custom)
2019-08-29 11:40:11,716 [pool-439-thread-1] INFO  server.RaftServerConfigKeys (ConfUtils.java:logGet(43)) - raft.server.storage.dir = [/workdir/hadoop-ozone/integration-test/target/test-dir/MiniOzoneClusterImpl-60a45d56-0b46-4bc8-bc0f-04071af02df0/datanode-0/data/ratis] (custom)
2019-08-29 11:40:11,716 [pool-450-thread-1] INFO  impl.RaftServerImpl (RaftServerImpl.java:<init>(93)) - c03e1c2a-de54-4f45-8368-f772dadfbdb1: new RaftServerImpl for group-125E9A69CB37:[b53f6902-efbc-4527-b99b-6ae0f6edb4d4:192.168.5.166:41080, d426621c-da0b-4728-bc06-17a58ad6bb29:192.168.5.166:35970, c03e1c2a-de54-4f45-8368-f772dadfbdb1:192.168.5.166:37728] with ContainerStateMachine:uninitialized
2019-08-29 11:40:11,716 [pool-461-thread-1] INFO  server.RaftServerConfigKeys (ConfUtils.java:logGet(43)) - raft.server.rpcslowness.timeout = 120s (custom)
2019-08-29 11:40:11,716 [pool-439-thread-1] INFO  storage.RaftStorageDirectory (RaftStorageDirectory.java:analyzeStorage(246)) - The storage directory /workdir/hadoop-ozone/integration-test/target/test-dir/MiniOzoneClusterImpl-60a45d56-0b46-4bc8-bc0f-04071af02df0/datanode-0/data/ratis/aa76d3f7-f15b-4203-b110-125e9a69cb37 does not exist. Creating ...
2019-08-29 11:40:11,716 [pool-450-thread-1] INFO  server.RaftServerConfigKeys (ConfUtils.java:logGet(43)) - raft.server.rpc.timeout.min = 5s (custom)
2019-08-29 11:40:11,716 [pool-461-thread-1] INFO  server.RaftServerConfigKeys (ConfUtils.java:logGet(43)) - raft.server.sleep.deviation.threshold = 300 (default)
2019-08-29 11:40:11,717 [pool-450-thread-1] INFO  server.RaftServerConfigKeys (ConfUtils.java:logGet(43)) - raft.server.rpc.timeout.max = 5200ms (custom)
2019-08-29 11:40:11,717 [pool-461-thread-1] INFO  server.RaftServerConfigKeys (ConfUtils.java:logGet(43)) - raft.server.log.appender.install.snapshot.enabled = false (custom)
2019-08-29 11:40:11,717 [pool-450-thread-1] INFO  server.RaftServerConfigKeys (ConfUtils.java:logGet(43)) - raft.server.rpcslowness.timeout = 120s (custom)
2019-08-29 11:40:11,717 [pool-461-thread-1] INFO  impl.RaftServerImpl (ServerState.java:<init>(105)) - d426621c-da0b-4728-bc06-17a58ad6bb29:group-125E9A69CB37 ConfigurationManager, init=-1: [b53f6902-efbc-4527-b99b-6ae0f6edb4d4:192.168.5.166:41080, d426621c-da0b-4728-bc06-17a58ad6bb29:192.168.5.166:35970, c03e1c2a-de54-4f45-8368-f772dadfbdb1:192.168.5.166:37728], old=null, confs=<EMPTY_MAP>
2019-08-29 11:40:11,718 [pool-450-thread-1] INFO  server.RaftServerConfigKeys (ConfUtils.java:logGet(43)) - raft.server.sleep.deviation.threshold = 300 (default)
2019-08-29 11:40:11,718 [pool-461-thread-1] INFO  server.RaftServerConfigKeys (ConfUtils.java:logGet(43)) - raft.server.storage.dir = [/workdir/hadoop-ozone/integration-test/target/test-dir/MiniOzoneClusterImpl-60a45d56-0b46-4bc8-bc0f-04071af02df0/datanode-2/data/ratis] (custom)
2019-08-29 11:40:11,718 [pool-450-thread-1] INFO  server.RaftServerConfigKeys (ConfUtils.java:logGet(43)) - raft.server.log.appender.install.snapshot.enabled = false (custom)
2019-08-29 11:40:11,718 [pool-450-thread-1] INFO  impl.RaftServerImpl (ServerState.java:<init>(105)) - c03e1c2a-de54-4f45-8368-f772dadfbdb1:group-125E9A69CB37 ConfigurationManager, init=-1: [b53f6902-efbc-4527-b99b-6ae0f6edb4d4:192.168.5.166:41080, d426621c-da0b-4728-bc06-17a58ad6bb29:192.168.5.166:35970, c03e1c2a-de54-4f45-8368-f772dadfbdb1:192.168.5.166:37728], old=null, confs=<EMPTY_MAP>
2019-08-29 11:40:11,718 [pool-461-thread-1] INFO  storage.RaftStorageDirectory (RaftStorageDirectory.java:analyzeStorage(246)) - The storage directory /workdir/hadoop-ozone/integration-test/target/test-dir/MiniOzoneClusterImpl-60a45d56-0b46-4bc8-bc0f-04071af02df0/datanode-2/data/ratis/aa76d3f7-f15b-4203-b110-125e9a69cb37 does not exist. Creating ...
2019-08-29 11:40:11,719 [pool-450-thread-1] INFO  server.RaftServerConfigKeys (ConfUtils.java:logGet(43)) - raft.server.storage.dir = [/workdir/hadoop-ozone/integration-test/target/test-dir/MiniOzoneClusterImpl-60a45d56-0b46-4bc8-bc0f-04071af02df0/datanode-1/data/ratis] (custom)
2019-08-29 11:40:11,719 [pool-450-thread-1] INFO  storage.RaftStorageDirectory (RaftStorageDirectory.java:analyzeStorage(246)) - The storage directory /workdir/hadoop-ozone/integration-test/target/test-dir/MiniOzoneClusterImpl-60a45d56-0b46-4bc8-bc0f-04071af02df0/datanode-1/data/ratis/aa76d3f7-f15b-4203-b110-125e9a69cb37 does not exist. Creating ...
2019-08-29 11:40:11,742 [pool-450-thread-1] INFO  storage.RaftStorageDirectory (RaftStorageDirectory.java:tryLock(328)) - Lock on /workdir/hadoop-ozone/integration-test/target/test-dir/MiniOzoneClusterImpl-60a45d56-0b46-4bc8-bc0f-04071af02df0/datanode-1/data/ratis/aa76d3f7-f15b-4203-b110-125e9a69cb37/in_use.lock acquired by nodename 29018@pr-hdds-2030-qplxq-3692370286
2019-08-29 11:40:11,742 [pool-461-thread-1] INFO  storage.RaftStorageDirectory (RaftStorageDirectory.java:tryLock(328)) - Lock on /workdir/hadoop-ozone/integration-test/target/test-dir/MiniOzoneClusterImpl-60a45d56-0b46-4bc8-bc0f-04071af02df0/datanode-2/data/ratis/aa76d3f7-f15b-4203-b110-125e9a69cb37/in_use.lock acquired by nodename 29018@pr-hdds-2030-qplxq-3692370286
2019-08-29 11:40:11,742 [pool-439-thread-1] INFO  storage.RaftStorageDirectory (RaftStorageDirectory.java:tryLock(328)) - Lock on /workdir/hadoop-ozone/integration-test/target/test-dir/MiniOzoneClusterImpl-60a45d56-0b46-4bc8-bc0f-04071af02df0/datanode-0/data/ratis/aa76d3f7-f15b-4203-b110-125e9a69cb37/in_use.lock acquired by nodename 29018@pr-hdds-2030-qplxq-3692370286
2019-08-29 11:40:11,768 [pool-461-thread-1] INFO  storage.RaftStorage (RaftStorage.java:format(72)) - Storage directory /workdir/hadoop-ozone/integration-test/target/test-dir/MiniOzoneClusterImpl-60a45d56-0b46-4bc8-bc0f-04071af02df0/datanode-2/data/ratis/aa76d3f7-f15b-4203-b110-125e9a69cb37 has been successfully formatted.
2019-08-29 11:40:11,768 [pool-450-thread-1] INFO  storage.RaftStorage (RaftStorage.java:format(72)) - Storage directory /workdir/hadoop-ozone/integration-test/target/test-dir/MiniOzoneClusterImpl-60a45d56-0b46-4bc8-bc0f-04071af02df0/datanode-1/data/ratis/aa76d3f7-f15b-4203-b110-125e9a69cb37 has been successfully formatted.
2019-08-29 11:40:11,768 [pool-439-thread-1] INFO  storage.RaftStorage (RaftStorage.java:format(72)) - Storage directory /workdir/hadoop-ozone/integration-test/target/test-dir/MiniOzoneClusterImpl-60a45d56-0b46-4bc8-bc0f-04071af02df0/datanode-0/data/ratis/aa76d3f7-f15b-4203-b110-125e9a69cb37 has been successfully formatted.
2019-08-29 11:40:11,768 [pool-450-thread-1] INFO  ratis.ContainerStateMachine (ContainerStateMachine.java:loadSnapshot(226)) - group-125E9A69CB37: The snapshot info is null. Setting the last applied indexto:(t:0, i:~)
2019-08-29 11:40:11,768 [pool-439-thread-1] INFO  ratis.ContainerStateMachine (ContainerStateMachine.java:loadSnapshot(226)) - group-125E9A69CB37: The snapshot info is null. Setting the last applied indexto:(t:0, i:~)
2019-08-29 11:40:11,768 [pool-461-thread-1] INFO  ratis.ContainerStateMachine (ContainerStateMachine.java:loadSnapshot(226)) - group-125E9A69CB37: The snapshot info is null. Setting the last applied indexto:(t:0, i:~)
2019-08-29 11:40:11,769 [pool-439-thread-1] INFO  server.RaftServerConfigKeys (ConfUtils.java:logGet(43)) - raft.server.leader.election.timeout = 120s (custom)
2019-08-29 11:40:11,768 [pool-450-thread-1] INFO  server.RaftServerConfigKeys (ConfUtils.java:logGet(43)) - raft.server.leader.election.timeout = 120s (custom)
2019-08-29 11:40:11,769 [pool-439-thread-1] INFO  server.RaftServerConfigKeys (ConfUtils.java:logGet(43)) - raft.server.log.use.memory = false (default)
2019-08-29 11:40:11,769 [pool-461-thread-1] INFO  server.RaftServerConfigKeys (ConfUtils.java:logGet(43)) - raft.server.leader.election.timeout = 120s (custom)
2019-08-29 11:40:11,769 [pool-439-thread-1] INFO  server.RaftServerConfigKeys (ConfUtils.java:logGet(43)) - raft.server.log.purge.gap = 1000000 (custom)
2019-08-29 11:40:11,769 [pool-450-thread-1] INFO  server.RaftServerConfigKeys (ConfUtils.java:logGet(43)) - raft.server.log.use.memory = false (default)
2019-08-29 11:40:11,770 [pool-439-thread-1] INFO  server.RaftServerConfigKeys (ConfUtils.java:logGet(43)) - raft.server.log.appender.buffer.byte-limit = 33554432 (custom)
2019-08-29 11:40:11,769 [pool-461-thread-1] INFO  server.RaftServerConfigKeys (ConfUtils.java:logGet(43)) - raft.server.log.use.memory = false (default)
2019-08-29 11:40:11,770 [pool-439-thread-1] INFO  server.RaftServerConfigKeys (ConfUtils.java:logGet(43)) - raft.server.log.segment.size.max = 1048576 (custom)
2019-08-29 11:40:11,770 [pool-450-thread-1] INFO  server.RaftServerConfigKeys (ConfUtils.java:logGet(43)) - raft.server.log.purge.gap = 1000000 (custom)
2019-08-29 11:40:11,770 [pool-439-thread-1] INFO  server.RaftServerConfigKeys (ConfUtils.java:logGet(43)) - raft.server.log.segment.cache.num.max = 2 (custom)
2019-08-29 11:40:11,770 [pool-461-thread-1] INFO  server.RaftServerConfigKeys (ConfUtils.java:logGet(43)) - raft.server.log.purge.gap = 1000000 (custom)
2019-08-29 11:40:11,771 [pool-439-thread-1] INFO  segmented.SegmentedRaftLogWorker (SegmentedRaftLogWorker.java:<init>(172)) - new b53f6902-efbc-4527-b99b-6ae0f6edb4d4-SegmentedRaftLogWorker:Storage Directory /workdir/hadoop-ozone/integration-test/target/test-dir/MiniOzoneClusterImpl-60a45d56-0b46-4bc8-bc0f-04071af02df0/datanode-0/data/ratis/aa76d3f7-f15b-4203-b110-125e9a69cb37 for RaftStorage:Storage Directory /workdir/hadoop-ozone/integration-test/target/test-dir/MiniOzoneClusterImpl-60a45d56-0b46-4bc8-bc0f-04071af02df0/datanode-0/data/ratis/aa76d3f7-f15b-4203-b110-125e9a69cb37
2019-08-29 11:40:11,770 [pool-450-thread-1] INFO  server.RaftServerConfigKeys (ConfUtils.java:logGet(43)) - raft.server.log.appender.buffer.byte-limit = 33554432 (custom)
2019-08-29 11:40:11,771 [pool-439-thread-1] INFO  server.RaftServerConfigKeys (ConfUtils.java:logGet(43)) - raft.server.log.queue.byte-limit = 2147483647 (custom)
2019-08-29 11:40:11,771 [pool-461-thread-1] INFO  server.RaftServerConfigKeys (ConfUtils.java:logGet(43)) - raft.server.log.appender.buffer.byte-limit = 33554432 (custom)
2019-08-29 11:40:11,771 [pool-439-thread-1] INFO  server.RaftServerConfigKeys (ConfUtils.java:logGet(43)) - raft.server.log.queue.element-limit = 1024 (custom)
2019-08-29 11:40:11,771 [pool-450-thread-1] INFO  server.RaftServerConfigKeys (ConfUtils.java:logGet(43)) - raft.server.log.segment.size.max = 1048576 (custom)
2019-08-29 11:40:11,772 [pool-450-thread-1] INFO  server.RaftServerConfigKeys (ConfUtils.java:logGet(43)) - raft.server.log.segment.cache.num.max = 2 (custom)
2019-08-29 11:40:11,772 [pool-439-thread-1] INFO  server.RaftServerConfigKeys (ConfUtils.java:logGet(43)) - raft.server.log.segment.size.max = 1048576 (custom)
2019-08-29 11:40:11,772 [pool-439-thread-1] INFO  server.RaftServerConfigKeys (ConfUtils.java:logGet(43)) - raft.server.log.preallocated.size = 16384 (custom)
2019-08-29 11:40:11,771 [pool-461-thread-1] INFO  server.RaftServerConfigKeys (ConfUtils.java:logGet(43)) - raft.server.log.segment.size.max = 1048576 (custom)
2019-08-29 11:40:11,772 [pool-439-thread-1] INFO  server.RaftServerConfigKeys (ConfUtils.java:logGet(43)) - raft.server.log.write.buffer.size = 33554432 (custom)
2019-08-29 11:40:11,772 [pool-450-thread-1] INFO  segmented.SegmentedRaftLogWorker (SegmentedRaftLogWorker.java:<init>(172)) - new c03e1c2a-de54-4f45-8368-f772dadfbdb1-SegmentedRaftLogWorker:Storage Directory /workdir/hadoop-ozone/integration-test/target/test-dir/MiniOzoneClusterImpl-60a45d56-0b46-4bc8-bc0f-04071af02df0/datanode-1/data/ratis/aa76d3f7-f15b-4203-b110-125e9a69cb37 for RaftStorage:Storage Directory /workdir/hadoop-ozone/integration-test/target/test-dir/MiniOzoneClusterImpl-60a45d56-0b46-4bc8-bc0f-04071af02df0/datanode-1/data/ratis/aa76d3f7-f15b-4203-b110-125e9a69cb37
2019-08-29 11:40:11,773 [pool-439-thread-1] INFO  server.RaftServerConfigKeys (ConfUtils.java:logGet(43)) - raft.server.log.force.sync.num = 128 (default)
2019-08-29 11:40:11,773 [pool-439-thread-1] INFO  server.RaftServerConfigKeys (ConfUtils.java:logGet(43)) - raft.server.log.statemachine.data.sync = true (default)
2019-08-29 11:40:11,773 [pool-461-thread-1] INFO  server.RaftServerConfigKeys (ConfUtils.java:logGet(43)) - raft.server.log.segment.cache.num.max = 2 (custom)
2019-08-29 11:40:11,773 [pool-439-thread-1] INFO  server.RaftServerConfigKeys (ConfUtils.java:logGet(43)) - raft.server.log.statemachine.data.sync.timeout = 10s (default)
2019-08-29 11:40:11,773 [pool-450-thread-1] INFO  server.RaftServerConfigKeys (ConfUtils.java:logGet(43)) - raft.server.log.queue.byte-limit = 2147483647 (custom)
2019-08-29 11:40:11,774 [pool-439-thread-1] INFO  server.RaftServerConfigKeys (ConfUtils.java:logGet(43)) - raft.server.log.statemachine.data.sync.timeout.retry = -1 (default)
2019-08-29 11:40:11,773 [pool-461-thread-1] INFO  segmented.SegmentedRaftLogWorker (SegmentedRaftLogWorker.java:<init>(172)) - new d426621c-da0b-4728-bc06-17a58ad6bb29-SegmentedRaftLogWorker:Storage Directory /workdir/hadoop-ozone/integration-test/target/test-dir/MiniOzoneClusterImpl-60a45d56-0b46-4bc8-bc0f-04071af02df0/datanode-2/data/ratis/aa76d3f7-f15b-4203-b110-125e9a69cb37 for RaftStorage:Storage Directory /workdir/hadoop-ozone/integration-test/target/test-dir/MiniOzoneClusterImpl-60a45d56-0b46-4bc8-bc0f-04071af02df0/datanode-2/data/ratis/aa76d3f7-f15b-4203-b110-125e9a69cb37
2019-08-29 11:40:11,774 [pool-439-thread-1] INFO  server.RaftServerConfigKeys (ConfUtils.java:logGet(43)) - raft.server.log.statemachine.data.caching.enabled = true (custom)
2019-08-29 11:40:11,774 [pool-450-thread-1] INFO  server.RaftServerConfigKeys (ConfUtils.java:logGet(43)) - raft.server.log.queue.element-limit = 1024 (custom)
2019-08-29 11:40:11,774 [pool-461-thread-1] INFO  server.RaftServerConfigKeys (ConfUtils.java:logGet(43)) - raft.server.log.queue.byte-limit = 2147483647 (custom)
2019-08-29 11:40:11,775 [pool-439-thread-1] INFO  segmented.SegmentedRaftLogWorker (SegmentedRaftLogWorker.java:lambda$new$0(132)) - b53f6902-efbc-4527-b99b-6ae0f6edb4d4-SegmentedRaftLogWorker:Storage Directory /workdir/hadoop-ozone/integration-test/target/test-dir/MiniOzoneClusterImpl-60a45d56-0b46-4bc8-bc0f-04071af02df0/datanode-0/data/ratis/aa76d3f7-f15b-4203-b110-125e9a69cb37: flushIndex: setUnconditionally 0 -> -1
2019-08-29 11:40:11,774 [pool-450-thread-1] INFO  server.RaftServerConfigKeys (ConfUtils.java:logGet(43)) - raft.server.log.segment.size.max = 1048576 (custom)
2019-08-29 11:40:11,775 [pool-450-thread-1] INFO  server.RaftServerConfigKeys (ConfUtils.java:logGet(43)) - raft.server.log.preallocated.size = 16384 (custom)
2019-08-29 11:40:11,775 [pool-461-thread-1] INFO  server.RaftServerConfigKeys (ConfUtils.java:logGet(43)) - raft.server.log.queue.element-limit = 1024 (custom)
2019-08-29 11:40:11,775 [pool-450-thread-1] INFO  server.RaftServerConfigKeys (ConfUtils.java:logGet(43)) - raft.server.log.write.buffer.size = 33554432 (custom)
2019-08-29 11:40:11,775 [pool-439-thread-1] INFO  server.RaftServerConfigKeys (ConfUtils.java:logGet(43)) - raft.server.snapshot.auto.trigger.enabled = true (custom)
2019-08-29 11:40:11,775 [pool-450-thread-1] INFO  server.RaftServerConfigKeys (ConfUtils.java:logGet(43)) - raft.server.log.force.sync.num = 128 (default)
2019-08-29 11:40:11,776 [pool-450-thread-1] INFO  server.RaftServerConfigKeys (ConfUtils.java:logGet(43)) - raft.server.log.statemachine.data.sync = true (default)
2019-08-29 11:40:11,775 [pool-461-thread-1] INFO  server.RaftServerConfigKeys (ConfUtils.java:logGet(43)) - raft.server.log.segment.size.max = 1048576 (custom)
2019-08-29 11:40:11,776 [pool-450-thread-1] INFO  server.RaftServerConfigKeys (ConfUtils.java:logGet(43)) - raft.server.log.statemachine.data.sync.timeout = 10s (default)
2019-08-29 11:40:11,776 [pool-450-thread-1] INFO  server.RaftServerConfigKeys (ConfUtils.java:logGet(43)) - raft.server.log.statemachine.data.sync.timeout.retry = -1 (default)
2019-08-29 11:40:11,776 [pool-439-thread-1] INFO  server.RaftServerConfigKeys (ConfUtils.java:logGet(43)) - raft.server.snapshot.auto.trigger.threshold = 10000 (custom)
2019-08-29 11:40:11,776 [pool-450-thread-1] INFO  server.RaftServerConfigKeys (ConfUtils.java:logGet(43)) - raft.server.log.statemachine.data.caching.enabled = true (custom)
2019-08-29 11:40:11,776 [pool-461-thread-1] INFO  server.RaftServerConfigKeys (ConfUtils.java:logGet(43)) - raft.server.log.preallocated.size = 16384 (custom)
2019-08-29 11:40:11,777 [pool-450-thread-1] INFO  segmented.SegmentedRaftLogWorker (SegmentedRaftLogWorker.java:lambda$new$0(132)) - c03e1c2a-de54-4f45-8368-f772dadfbdb1-SegmentedRaftLogWorker:Storage Directory /workdir/hadoop-ozone/integration-test/target/test-dir/MiniOzoneClusterImpl-60a45d56-0b46-4bc8-bc0f-04071af02df0/datanode-1/data/ratis/aa76d3f7-f15b-4203-b110-125e9a69cb37: flushIndex: setUnconditionally 0 -> -1
2019-08-29 11:40:11,777 [pool-439-thread-1] INFO  server.RaftServerConfigKeys (ConfUtils.java:logGet(43)) - raft.server.retrycache.expirytime = 600000ms (custom)
2019-08-29 11:40:11,777 [pool-450-thread-1] INFO  server.RaftServerConfigKeys (ConfUtils.java:logGet(43)) - raft.server.snapshot.auto.trigger.enabled = true (custom)
2019-08-29 11:40:11,777 [pool-461-thread-1] INFO  server.RaftServerConfigKeys (ConfUtils.java:logGet(43)) - raft.server.log.write.buffer.size = 33554432 (custom)
2019-08-29 11:40:11,777 [pool-450-thread-1] INFO  server.RaftServerConfigKeys (ConfUtils.java:logGet(43)) - raft.server.snapshot.auto.trigger.threshold = 10000 (custom)
2019-08-29 11:40:11,777 [pool-439-thread-1] INFO  impl.RaftServerImpl (RaftServerImpl.java:start(180)) - b53f6902-efbc-4527-b99b-6ae0f6edb4d4: start group-125E9A69CB37
2019-08-29 11:40:11,778 [pool-450-thread-1] INFO  server.RaftServerConfigKeys (ConfUtils.java:logGet(43)) - raft.server.retrycache.expirytime = 600000ms (custom)
2019-08-29 11:40:11,778 [pool-461-thread-1] INFO  server.RaftServerConfigKeys (ConfUtils.java:logGet(43)) - raft.server.log.force.sync.num = 128 (default)
2019-08-29 11:40:11,778 [pool-450-thread-1] INFO  impl.RaftServerImpl (RaftServerImpl.java:start(180)) - c03e1c2a-de54-4f45-8368-f772dadfbdb1: start group-125E9A69CB37
2019-08-29 11:40:11,778 [pool-439-thread-1] INFO  impl.RaftServerImpl (RaftServerImpl.java:setRole(171)) - b53f6902-efbc-4527-b99b-6ae0f6edb4d4:group-125E9A69CB37 changes role from null to FOLLOWER at term 0 for startAsFollower
2019-08-29 11:40:11,778 [pool-450-thread-1] INFO  impl.RaftServerImpl (RaftServerImpl.java:setRole(171)) - c03e1c2a-de54-4f45-8368-f772dadfbdb1:group-125E9A69CB37 changes role from null to FOLLOWER at term 0 for startAsFollower
2019-08-29 11:40:11,778 [pool-461-thread-1] INFO  server.RaftServerConfigKeys (ConfUtils.java:logGet(43)) - raft.server.log.statemachine.data.sync = true (default)
2019-08-29 11:40:11,779 [pool-450-thread-1] INFO  impl.RoleInfo (RoleInfo.java:updateAndGet(143)) - c03e1c2a-de54-4f45-8368-f772dadfbdb1: start FollowerState
2019-08-29 11:40:11,779 [pool-439-thread-1] INFO  impl.RoleInfo (RoleInfo.java:updateAndGet(143)) - b53f6902-efbc-4527-b99b-6ae0f6edb4d4: start FollowerState
2019-08-29 11:40:11,779 [pool-461-thread-1] INFO  server.RaftServerConfigKeys (ConfUtils.java:logGet(43)) - raft.server.log.statemachine.data.sync.timeout = 10s (default)
2019-08-29 11:40:11,779 [pool-461-thread-1] INFO  server.RaftServerConfigKeys (ConfUtils.java:logGet(43)) - raft.server.log.statemachine.data.sync.timeout.retry = -1 (default)
2019-08-29 11:40:11,797 [pool-439-thread-1] INFO  util.JmxRegister (JmxRegister.java:tryRegister(44)) - Successfully registered JMX Bean with object name Ratis:service=RaftServer,group=group-125E9A69CB37,id=b53f6902-efbc-4527-b99b-6ae0f6edb4d4
2019-08-29 11:40:11,797 [pool-450-thread-1] INFO  util.JmxRegister (JmxRegister.java:tryRegister(44)) - Successfully registered JMX Bean with object name Ratis:service=RaftServer,group=group-125E9A69CB37,id=c03e1c2a-de54-4f45-8368-f772dadfbdb1
2019-08-29 11:40:11,798 [pool-461-thread-1] INFO  server.RaftServerConfigKeys (ConfUtils.java:logGet(43)) - raft.server.log.statemachine.data.caching.enabled = true (custom)
2019-08-29 11:40:11,807 [pool-461-thread-1] INFO  segmented.SegmentedRaftLogWorker (SegmentedRaftLogWorker.java:lambda$new$0(132)) - d426621c-da0b-4728-bc06-17a58ad6bb29-SegmentedRaftLogWorker:Storage Directory /workdir/hadoop-ozone/integration-test/target/test-dir/MiniOzoneClusterImpl-60a45d56-0b46-4bc8-bc0f-04071af02df0/datanode-2/data/ratis/aa76d3f7-f15b-4203-b110-125e9a69cb37: flushIndex: setUnconditionally 0 -> -1
2019-08-29 11:40:11,807 [pool-461-thread-1] INFO  server.RaftServerConfigKeys (ConfUtils.java:logGet(43)) - raft.server.snapshot.auto.trigger.enabled = true (custom)
2019-08-29 11:40:11,810 [pool-461-thread-1] INFO  server.RaftServerConfigKeys (ConfUtils.java:logGet(43)) - raft.server.snapshot.auto.trigger.threshold = 10000 (custom)
2019-08-29 11:40:11,812 [pool-461-thread-1] INFO  server.RaftServerConfigKeys (ConfUtils.java:logGet(43)) - raft.server.retrycache.expirytime = 600000ms (custom)
2019-08-29 11:40:11,812 [pool-461-thread-1] INFO  impl.RaftServerImpl (RaftServerImpl.java:start(180)) - d426621c-da0b-4728-bc06-17a58ad6bb29: start group-125E9A69CB37
2019-08-29 11:40:11,812 [pool-461-thread-1] INFO  impl.RaftServerImpl (RaftServerImpl.java:setRole(171)) - d426621c-da0b-4728-bc06-17a58ad6bb29:group-125E9A69CB37 changes role from null to FOLLOWER at term 0 for startAsFollower
2019-08-29 11:40:11,812 [pool-461-thread-1] INFO  impl.RoleInfo (RoleInfo.java:updateAndGet(143)) - d426621c-da0b-4728-bc06-17a58ad6bb29: start FollowerState
2019-08-29 11:40:11,813 [pool-461-thread-1] INFO  util.JmxRegister (JmxRegister.java:tryRegister(44)) - Successfully registered JMX Bean with object name Ratis:service=RaftServer,group=group-125E9A69CB37,id=d426621c-da0b-4728-bc06-17a58ad6bb29
2019-08-29 11:40:11,817 [RatisPipelineUtilsThread] INFO  pipeline.PipelineStateManager (PipelineStateManager.java:addPipeline(56)) - Created pipeline Pipeline[ Id: aa76d3f7-f15b-4203-b110-125e9a69cb37, Nodes: c03e1c2a-de54-4f45-8368-f772dadfbdb1{ip: 192.168.5.166, host: pr-hdds-2030-qplxq-3692370286, networkLocation: /default-rack, certSerialId: null}b53f6902-efbc-4527-b99b-6ae0f6edb4d4{ip: 192.168.5.166, host: pr-hdds-2030-qplxq-3692370286, networkLocation: /default-rack, certSerialId: null}d426621c-da0b-4728-bc06-17a58ad6bb29{ip: 192.168.5.166, host: pr-hdds-2030-qplxq-3692370286, networkLocation: /default-rack, certSerialId: null}, Type:RATIS, Factor:THREE, State:OPEN]
2019-08-29 11:40:11,832 [IPC Server handler 4 on 43974] INFO  net.NetworkTopology (NetworkTopologyImpl.java:add(110)) - Added a new node: /default-rack/080d8b78-b76d-4b3c-b093-271222147c90
2019-08-29 11:40:11,832 [IPC Server handler 4 on 43974] INFO  node.SCMNodeManager (SCMNodeManager.java:register(273)) - Registered Data node : 080d8b78-b76d-4b3c-b093-271222147c90{ip: 192.168.5.166, host: pr-hdds-2030-qplxq-3692370286, networkLocation: /default-rack, certSerialId: null}
2019-08-29 11:40:11,832 | INFO  | SCMAudit | user=jenkins1000 | ip=192.168.5.166 | op=REGISTER {datanodeDetails=080d8b78-b76d-4b3c-b093-271222147c90{ip: 192.168.5.166, host: pr-hdds-2030-qplxq-3692370286, networkLocation: /default-rack, certSerialId: null}} | ret=SUCCESS |  
2019-08-29 11:40:11,839 [grpc-default-executor-5] INFO  impl.RaftServerProxy (RaftServerProxy.java:addNew(89)) - 080d8b78-b76d-4b3c-b093-271222147c90: addNew group-6B313B842511:[080d8b78-b76d-4b3c-b093-271222147c90:192.168.5.166:36691] returns group-6B313B842511:java.util.concurrent.CompletableFuture@665895a3[Not completed]
2019-08-29 11:40:11,840 [pool-472-thread-1] INFO  impl.RaftServerImpl (RaftServerImpl.java:<init>(93)) - 080d8b78-b76d-4b3c-b093-271222147c90: new RaftServerImpl for group-6B313B842511:[080d8b78-b76d-4b3c-b093-271222147c90:192.168.5.166:36691] with ContainerStateMachine:uninitialized
2019-08-29 11:40:11,840 [pool-472-thread-1] INFO  server.RaftServerConfigKeys (ConfUtils.java:logGet(43)) - raft.server.rpc.timeout.min = 5s (custom)
2019-08-29 11:40:11,840 [pool-472-thread-1] INFO  server.RaftServerConfigKeys (ConfUtils.java:logGet(43)) - raft.server.rpc.timeout.max = 5200ms (custom)
2019-08-29 11:40:11,840 [pool-472-thread-1] INFO  server.RaftServerConfigKeys (ConfUtils.java:logGet(43)) - raft.server.rpcslowness.timeout = 120s (custom)
2019-08-29 11:40:11,840 [pool-472-thread-1] INFO  server.RaftServerConfigKeys (ConfUtils.java:logGet(43)) - raft.server.sleep.deviation.threshold = 300 (default)
2019-08-29 11:40:11,840 [pool-472-thread-1] INFO  server.RaftServerConfigKeys (ConfUtils.java:logGet(43)) - raft.server.log.appender.install.snapshot.enabled = false (custom)
2019-08-29 11:40:11,841 [pool-472-thread-1] INFO  impl.RaftServerImpl (ServerState.java:<init>(105)) - 080d8b78-b76d-4b3c-b093-271222147c90:group-6B313B842511 ConfigurationManager, init=-1: [080d8b78-b76d-4b3c-b093-271222147c90:192.168.5.166:36691], old=null, confs=<EMPTY_MAP>
2019-08-29 11:40:11,841 [pool-472-thread-1] INFO  server.RaftServerConfigKeys (ConfUtils.java:logGet(43)) - raft.server.storage.dir = [/workdir/hadoop-ozone/integration-test/target/test-dir/MiniOzoneClusterImpl-60a45d56-0b46-4bc8-bc0f-04071af02df0/datanode-3/data/ratis] (custom)
2019-08-29 11:40:11,841 [pool-472-thread-1] INFO  storage.RaftStorageDirectory (RaftStorageDirectory.java:analyzeStorage(246)) - The storage directory /workdir/hadoop-ozone/integration-test/target/test-dir/MiniOzoneClusterImpl-60a45d56-0b46-4bc8-bc0f-04071af02df0/datanode-3/data/ratis/8f8da91e-1bb0-4f40-88c1-6b313b842511 does not exist. Creating ...
2019-08-29 11:40:11,851 [pool-472-thread-1] INFO  storage.RaftStorageDirectory (RaftStorageDirectory.java:tryLock(328)) - Lock on /workdir/hadoop-ozone/integration-test/target/test-dir/MiniOzoneClusterImpl-60a45d56-0b46-4bc8-bc0f-04071af02df0/datanode-3/data/ratis/8f8da91e-1bb0-4f40-88c1-6b313b842511/in_use.lock acquired by nodename 29018@pr-hdds-2030-qplxq-3692370286
2019-08-29 11:40:11,866 [pool-472-thread-1] INFO  storage.RaftStorage (RaftStorage.java:format(72)) - Storage directory /workdir/hadoop-ozone/integration-test/target/test-dir/MiniOzoneClusterImpl-60a45d56-0b46-4bc8-bc0f-04071af02df0/datanode-3/data/ratis/8f8da91e-1bb0-4f40-88c1-6b313b842511 has been successfully formatted.
2019-08-29 11:40:11,867 [pool-472-thread-1] INFO  ratis.ContainerStateMachine (ContainerStateMachine.java:loadSnapshot(226)) - group-6B313B842511: The snapshot info is null. Setting the last applied indexto:(t:0, i:~)
2019-08-29 11:40:11,867 [pool-472-thread-1] INFO  server.RaftServerConfigKeys (ConfUtils.java:logGet(43)) - raft.server.leader.election.timeout = 120s (custom)
2019-08-29 11:40:11,867 [pool-472-thread-1] INFO  server.RaftServerConfigKeys (ConfUtils.java:logGet(43)) - raft.server.log.use.memory = false (default)
2019-08-29 11:40:11,867 [pool-472-thread-1] INFO  server.RaftServerConfigKeys (ConfUtils.java:logGet(43)) - raft.server.log.purge.gap = 1000000 (custom)
2019-08-29 11:40:11,867 [pool-472-thread-1] INFO  server.RaftServerConfigKeys (ConfUtils.java:logGet(43)) - raft.server.log.appender.buffer.byte-limit = 33554432 (custom)
2019-08-29 11:40:11,867 [pool-472-thread-1] INFO  server.RaftServerConfigKeys (ConfUtils.java:logGet(43)) - raft.server.log.segment.size.max = 1048576 (custom)
2019-08-29 11:40:11,868 [pool-472-thread-1] INFO  server.RaftServerConfigKeys (ConfUtils.java:logGet(43)) - raft.server.log.segment.cache.num.max = 2 (custom)
2019-08-29 11:40:11,868 [pool-472-thread-1] INFO  segmented.SegmentedRaftLogWorker (SegmentedRaftLogWorker.java:<init>(172)) - new 080d8b78-b76d-4b3c-b093-271222147c90-SegmentedRaftLogWorker:Storage Directory /workdir/hadoop-ozone/integration-test/target/test-dir/MiniOzoneClusterImpl-60a45d56-0b46-4bc8-bc0f-04071af02df0/datanode-3/data/ratis/8f8da91e-1bb0-4f40-88c1-6b313b842511 for RaftStorage:Storage Directory /workdir/hadoop-ozone/integration-test/target/test-dir/MiniOzoneClusterImpl-60a45d56-0b46-4bc8-bc0f-04071af02df0/datanode-3/data/ratis/8f8da91e-1bb0-4f40-88c1-6b313b842511
2019-08-29 11:40:11,868 [pool-472-thread-1] INFO  server.RaftServerConfigKeys (ConfUtils.java:logGet(43)) - raft.server.log.queue.byte-limit = 2147483647 (custom)
2019-08-29 11:40:11,868 [pool-472-thread-1] INFO  server.RaftServerConfigKeys (ConfUtils.java:logGet(43)) - raft.server.log.queue.element-limit = 1024 (custom)
2019-08-29 11:40:11,868 [pool-472-thread-1] INFO  server.RaftServerConfigKeys (ConfUtils.java:logGet(43)) - raft.server.log.segment.size.max = 1048576 (custom)
2019-08-29 11:40:11,869 [pool-472-thread-1] INFO  server.RaftServerConfigKeys (ConfUtils.java:logGet(43)) - raft.server.log.preallocated.size = 16384 (custom)
2019-08-29 11:40:11,869 [pool-472-thread-1] INFO  server.RaftServerConfigKeys (ConfUtils.java:logGet(43)) - raft.server.log.write.buffer.size = 33554432 (custom)
2019-08-29 11:40:11,869 [pool-472-thread-1] INFO  server.RaftServerConfigKeys (ConfUtils.java:logGet(43)) - raft.server.log.force.sync.num = 128 (default)
2019-08-29 11:40:11,869 [pool-472-thread-1] INFO  server.RaftServerConfigKeys (ConfUtils.java:logGet(43)) - raft.server.log.statemachine.data.sync = true (default)
2019-08-29 11:40:11,869 [pool-472-thread-1] INFO  server.RaftServerConfigKeys (ConfUtils.java:logGet(43)) - raft.server.log.statemachine.data.sync.timeout = 10s (default)
2019-08-29 11:40:11,869 [pool-472-thread-1] INFO  server.RaftServerConfigKeys (ConfUtils.java:logGet(43)) - raft.server.log.statemachine.data.sync.timeout.retry = -1 (default)
2019-08-29 11:40:11,870 [pool-472-thread-1] INFO  server.RaftServerConfigKeys (ConfUtils.java:logGet(43)) - raft.server.log.statemachine.data.caching.enabled = true (custom)
2019-08-29 11:40:11,870 [pool-472-thread-1] INFO  segmented.SegmentedRaftLogWorker (SegmentedRaftLogWorker.java:lambda$new$0(132)) - 080d8b78-b76d-4b3c-b093-271222147c90-SegmentedRaftLogWorker:Storage Directory /workdir/hadoop-ozone/integration-test/target/test-dir/MiniOzoneClusterImpl-60a45d56-0b46-4bc8-bc0f-04071af02df0/datanode-3/data/ratis/8f8da91e-1bb0-4f40-88c1-6b313b842511: flushIndex: setUnconditionally 0 -> -1
2019-08-29 11:40:11,870 [pool-472-thread-1] INFO  server.RaftServerConfigKeys (ConfUtils.java:logGet(43)) - raft.server.snapshot.auto.trigger.enabled = true (custom)
2019-08-29 11:40:11,870 [pool-472-thread-1] INFO  server.RaftServerConfigKeys (ConfUtils.java:logGet(43)) - raft.server.snapshot.auto.trigger.threshold = 10000 (custom)
2019-08-29 11:40:11,871 [pool-472-thread-1] INFO  server.RaftServerConfigKeys (ConfUtils.java:logGet(43)) - raft.server.retrycache.expirytime = 600000ms (custom)
2019-08-29 11:40:11,871 [pool-472-thread-1] INFO  impl.RaftServerImpl (RaftServerImpl.java:start(180)) - 080d8b78-b76d-4b3c-b093-271222147c90: start group-6B313B842511
2019-08-29 11:40:11,871 [pool-472-thread-1] INFO  impl.RaftServerImpl (RaftServerImpl.java:setRole(171)) - 080d8b78-b76d-4b3c-b093-271222147c90:group-6B313B842511 changes role from null to FOLLOWER at term 0 for startAsFollower
2019-08-29 11:40:11,871 [pool-472-thread-1] INFO  impl.RoleInfo (RoleInfo.java:updateAndGet(143)) - 080d8b78-b76d-4b3c-b093-271222147c90: start FollowerState
2019-08-29 11:40:11,872 [pool-472-thread-1] INFO  util.JmxRegister (JmxRegister.java:tryRegister(44)) - Successfully registered JMX Bean with object name Ratis:service=RaftServer,group=group-6B313B842511,id=080d8b78-b76d-4b3c-b093-271222147c90
2019-08-29 11:40:11,877 [RatisPipelineUtilsThread] INFO  pipeline.PipelineStateManager (PipelineStateManager.java:addPipeline(56)) - Created pipeline Pipeline[ Id: 8f8da91e-1bb0-4f40-88c1-6b313b842511, Nodes: 080d8b78-b76d-4b3c-b093-271222147c90{ip: 192.168.5.166, host: pr-hdds-2030-qplxq-3692370286, networkLocation: /default-rack, certSerialId: null}, Type:RATIS, Factor:ONE, State:OPEN]
2019-08-29 11:40:12,006 [IPC Server handler 5 on 43974] INFO  net.NetworkTopology (NetworkTopologyImpl.java:add(110)) - Added a new node: /default-rack/c2005dcb-bacc-4d06-90c0-f8ae32e9f9ba
2019-08-29 11:40:12,007 [IPC Server handler 5 on 43974] INFO  node.SCMNodeManager (SCMNodeManager.java:register(273)) - Registered Data node : c2005dcb-bacc-4d06-90c0-f8ae32e9f9ba{ip: 192.168.5.166, host: pr-hdds-2030-qplxq-3692370286, networkLocation: /default-rack, certSerialId: null}
2019-08-29 11:40:12,009 | INFO  | SCMAudit | user=jenkins1000 | ip=192.168.5.166 | op=REGISTER {datanodeDetails=c2005dcb-bacc-4d06-90c0-f8ae32e9f9ba{ip: 192.168.5.166, host: pr-hdds-2030-qplxq-3692370286, networkLocation: /default-rack, certSerialId: null}} | ret=SUCCESS |  
2019-08-29 11:40:12,015 [grpc-default-executor-5] INFO  impl.RaftServerProxy (RaftServerProxy.java:addNew(89)) - c2005dcb-bacc-4d06-90c0-f8ae32e9f9ba: addNew group-2EC14A54D04F:[c2005dcb-bacc-4d06-90c0-f8ae32e9f9ba:192.168.5.166:33305] returns group-2EC14A54D04F:java.util.concurrent.CompletableFuture@43a96e3e[Not completed]
2019-08-29 11:40:12,016 [pool-483-thread-1] INFO  impl.RaftServerImpl (RaftServerImpl.java:<init>(93)) - c2005dcb-bacc-4d06-90c0-f8ae32e9f9ba: new RaftServerImpl for group-2EC14A54D04F:[c2005dcb-bacc-4d06-90c0-f8ae32e9f9ba:192.168.5.166:33305] with ContainerStateMachine:uninitialized
2019-08-29 11:40:12,016 [pool-483-thread-1] INFO  server.RaftServerConfigKeys (ConfUtils.java:logGet(43)) - raft.server.rpc.timeout.min = 5s (custom)
2019-08-29 11:40:12,016 [pool-483-thread-1] INFO  server.RaftServerConfigKeys (ConfUtils.java:logGet(43)) - raft.server.rpc.timeout.max = 5200ms (custom)
2019-08-29 11:40:12,017 [pool-483-thread-1] INFO  server.RaftServerConfigKeys (ConfUtils.java:logGet(43)) - raft.server.rpcslowness.timeout = 120s (custom)
2019-08-29 11:40:12,017 [pool-483-thread-1] INFO  server.RaftServerConfigKeys (ConfUtils.java:logGet(43)) - raft.server.sleep.deviation.threshold = 300 (default)
2019-08-29 11:40:12,017 [pool-483-thread-1] INFO  server.RaftServerConfigKeys (ConfUtils.java:logGet(43)) - raft.server.log.appender.install.snapshot.enabled = false (custom)
2019-08-29 11:40:12,017 [pool-483-thread-1] INFO  impl.RaftServerImpl (ServerState.java:<init>(105)) - c2005dcb-bacc-4d06-90c0-f8ae32e9f9ba:group-2EC14A54D04F ConfigurationManager, init=-1: [c2005dcb-bacc-4d06-90c0-f8ae32e9f9ba:192.168.5.166:33305], old=null, confs=<EMPTY_MAP>
2019-08-29 11:40:12,017 [pool-483-thread-1] INFO  server.RaftServerConfigKeys (ConfUtils.java:logGet(43)) - raft.server.storage.dir = [/workdir/hadoop-ozone/integration-test/target/test-dir/MiniOzoneClusterImpl-60a45d56-0b46-4bc8-bc0f-04071af02df0/datanode-4/data/ratis] (custom)
2019-08-29 11:40:12,018 [pool-483-thread-1] INFO  storage.RaftStorageDirectory (RaftStorageDirectory.java:analyzeStorage(246)) - The storage directory /workdir/hadoop-ozone/integration-test/target/test-dir/MiniOzoneClusterImpl-60a45d56-0b46-4bc8-bc0f-04071af02df0/datanode-4/data/ratis/c2ca6ecb-085e-458b-8446-2ec14a54d04f does not exist. Creating ...
2019-08-29 11:40:12,030 [pool-483-thread-1] INFO  storage.RaftStorageDirectory (RaftStorageDirectory.java:tryLock(328)) - Lock on /workdir/hadoop-ozone/integration-test/target/test-dir/MiniOzoneClusterImpl-60a45d56-0b46-4bc8-bc0f-04071af02df0/datanode-4/data/ratis/c2ca6ecb-085e-458b-8446-2ec14a54d04f/in_use.lock acquired by nodename 29018@pr-hdds-2030-qplxq-3692370286
2019-08-29 11:40:12,043 [pool-483-thread-1] INFO  storage.RaftStorage (RaftStorage.java:format(72)) - Storage directory /workdir/hadoop-ozone/integration-test/target/test-dir/MiniOzoneClusterImpl-60a45d56-0b46-4bc8-bc0f-04071af02df0/datanode-4/data/ratis/c2ca6ecb-085e-458b-8446-2ec14a54d04f has been successfully formatted.
2019-08-29 11:40:12,043 [pool-483-thread-1] INFO  ratis.ContainerStateMachine (ContainerStateMachine.java:loadSnapshot(226)) - group-2EC14A54D04F: The snapshot info is null. Setting the last applied indexto:(t:0, i:~)
2019-08-29 11:40:12,043 [pool-483-thread-1] INFO  server.RaftServerConfigKeys (ConfUtils.java:logGet(43)) - raft.server.leader.election.timeout = 120s (custom)
2019-08-29 11:40:12,043 [pool-483-thread-1] INFO  server.RaftServerConfigKeys (ConfUtils.java:logGet(43)) - raft.server.log.use.memory = false (default)
2019-08-29 11:40:12,043 [pool-483-thread-1] INFO  server.RaftServerConfigKeys (ConfUtils.java:logGet(43)) - raft.server.log.purge.gap = 1000000 (custom)
2019-08-29 11:40:12,044 [pool-483-thread-1] INFO  server.RaftServerConfigKeys (ConfUtils.java:logGet(43)) - raft.server.log.appender.buffer.byte-limit = 33554432 (custom)
2019-08-29 11:40:12,044 [pool-483-thread-1] INFO  server.RaftServerConfigKeys (ConfUtils.java:logGet(43)) - raft.server.log.segment.size.max = 1048576 (custom)
2019-08-29 11:40:12,044 [pool-483-thread-1] INFO  server.RaftServerConfigKeys (ConfUtils.java:logGet(43)) - raft.server.log.segment.cache.num.max = 2 (custom)
2019-08-29 11:40:12,044 [pool-483-thread-1] INFO  segmented.SegmentedRaftLogWorker (SegmentedRaftLogWorker.java:<init>(172)) - new c2005dcb-bacc-4d06-90c0-f8ae32e9f9ba-SegmentedRaftLogWorker:Storage Directory /workdir/hadoop-ozone/integration-test/target/test-dir/MiniOzoneClusterImpl-60a45d56-0b46-4bc8-bc0f-04071af02df0/datanode-4/data/ratis/c2ca6ecb-085e-458b-8446-2ec14a54d04f for RaftStorage:Storage Directory /workdir/hadoop-ozone/integration-test/target/test-dir/MiniOzoneClusterImpl-60a45d56-0b46-4bc8-bc0f-04071af02df0/datanode-4/data/ratis/c2ca6ecb-085e-458b-8446-2ec14a54d04f
2019-08-29 11:40:12,044 [pool-483-thread-1] INFO  server.RaftServerConfigKeys (ConfUtils.java:logGet(43)) - raft.server.log.queue.byte-limit = 2147483647 (custom)
2019-08-29 11:40:12,044 [pool-483-thread-1] INFO  server.RaftServerConfigKeys (ConfUtils.java:logGet(43)) - raft.server.log.queue.element-limit = 1024 (custom)
2019-08-29 11:40:12,045 [pool-483-thread-1] INFO  server.RaftServerConfigKeys (ConfUtils.java:logGet(43)) - raft.server.log.segment.size.max = 1048576 (custom)
2019-08-29 11:40:12,045 [pool-483-thread-1] INFO  server.RaftServerConfigKeys (ConfUtils.java:logGet(43)) - raft.server.log.preallocated.size = 16384 (custom)
2019-08-29 11:40:12,045 [pool-483-thread-1] INFO  server.RaftServerConfigKeys (ConfUtils.java:logGet(43)) - raft.server.log.write.buffer.size = 33554432 (custom)
2019-08-29 11:40:12,045 [pool-483-thread-1] INFO  server.RaftServerConfigKeys (ConfUtils.java:logGet(43)) - raft.server.log.force.sync.num = 128 (default)
2019-08-29 11:40:12,045 [pool-483-thread-1] INFO  server.RaftServerConfigKeys (ConfUtils.java:logGet(43)) - raft.server.log.statemachine.data.sync = true (default)
2019-08-29 11:40:12,045 [pool-483-thread-1] INFO  server.RaftServerConfigKeys (ConfUtils.java:logGet(43)) - raft.server.log.statemachine.data.sync.timeout = 10s (default)
2019-08-29 11:40:12,045 [pool-483-thread-1] INFO  server.RaftServerConfigKeys (ConfUtils.java:logGet(43)) - raft.server.log.statemachine.data.sync.timeout.retry = -1 (default)
2019-08-29 11:40:12,046 [pool-483-thread-1] INFO  server.RaftServerConfigKeys (ConfUtils.java:logGet(43)) - raft.server.log.statemachine.data.caching.enabled = true (custom)
2019-08-29 11:40:12,046 [pool-483-thread-1] INFO  segmented.SegmentedRaftLogWorker (SegmentedRaftLogWorker.java:lambda$new$0(132)) - c2005dcb-bacc-4d06-90c0-f8ae32e9f9ba-SegmentedRaftLogWorker:Storage Directory /workdir/hadoop-ozone/integration-test/target/test-dir/MiniOzoneClusterImpl-60a45d56-0b46-4bc8-bc0f-04071af02df0/datanode-4/data/ratis/c2ca6ecb-085e-458b-8446-2ec14a54d04f: flushIndex: setUnconditionally 0 -> -1
2019-08-29 11:40:12,046 [pool-483-thread-1] INFO  server.RaftServerConfigKeys (ConfUtils.java:logGet(43)) - raft.server.snapshot.auto.trigger.enabled = true (custom)
2019-08-29 11:40:12,046 [pool-483-thread-1] INFO  server.RaftServerConfigKeys (ConfUtils.java:logGet(43)) - raft.server.snapshot.auto.trigger.threshold = 10000 (custom)
2019-08-29 11:40:12,047 [pool-483-thread-1] INFO  server.RaftServerConfigKeys (ConfUtils.java:logGet(43)) - raft.server.retrycache.expirytime = 600000ms (custom)
2019-08-29 11:40:12,047 [pool-483-thread-1] INFO  impl.RaftServerImpl (RaftServerImpl.java:start(180)) - c2005dcb-bacc-4d06-90c0-f8ae32e9f9ba: start group-2EC14A54D04F
2019-08-29 11:40:12,047 [pool-483-thread-1] INFO  impl.RaftServerImpl (RaftServerImpl.java:setRole(171)) - c2005dcb-bacc-4d06-90c0-f8ae32e9f9ba:group-2EC14A54D04F changes role from null to FOLLOWER at term 0 for startAsFollower
2019-08-29 11:40:12,047 [pool-483-thread-1] INFO  impl.RoleInfo (RoleInfo.java:updateAndGet(143)) - c2005dcb-bacc-4d06-90c0-f8ae32e9f9ba: start FollowerState
2019-08-29 11:40:12,047 [pool-483-thread-1] INFO  util.JmxRegister (JmxRegister.java:tryRegister(44)) - Successfully registered JMX Bean with object name Ratis:service=RaftServer,group=group-2EC14A54D04F,id=c2005dcb-bacc-4d06-90c0-f8ae32e9f9ba
2019-08-29 11:40:12,052 [RatisPipelineUtilsThread] INFO  pipeline.PipelineStateManager (PipelineStateManager.java:addPipeline(56)) - Created pipeline Pipeline[ Id: c2ca6ecb-085e-458b-8446-2ec14a54d04f, Nodes: c2005dcb-bacc-4d06-90c0-f8ae32e9f9ba{ip: 192.168.5.166, host: pr-hdds-2030-qplxq-3692370286, networkLocation: /default-rack, certSerialId: null}, Type:RATIS, Factor:ONE, State:OPEN]
2019-08-29 11:40:12,202 [IPC Server handler 2 on 43974] INFO  net.NetworkTopology (NetworkTopologyImpl.java:add(110)) - Added a new node: /default-rack/173b4405-db9a-4ec1-ad57-661f797ffe9b
2019-08-29 11:40:12,203 [IPC Server handler 2 on 43974] INFO  node.SCMNodeManager (SCMNodeManager.java:register(273)) - Registered Data node : 173b4405-db9a-4ec1-ad57-661f797ffe9b{ip: 192.168.5.166, host: pr-hdds-2030-qplxq-3692370286, networkLocation: /default-rack, certSerialId: null}
2019-08-29 11:40:12,203 | INFO  | SCMAudit | user=jenkins1000 | ip=192.168.5.166 | op=REGISTER {datanodeDetails=173b4405-db9a-4ec1-ad57-661f797ffe9b{ip: 192.168.5.166, host: pr-hdds-2030-qplxq-3692370286, networkLocation: /default-rack, certSerialId: null}} | ret=SUCCESS |  
2019-08-29 11:40:12,211 [grpc-default-executor-5] INFO  impl.RaftServerProxy (RaftServerProxy.java:addNew(89)) - 173b4405-db9a-4ec1-ad57-661f797ffe9b: addNew group-BB9433E9564F:[173b4405-db9a-4ec1-ad57-661f797ffe9b:192.168.5.166:42293] returns group-BB9433E9564F:java.util.concurrent.CompletableFuture@2ac54494[Not completed]
2019-08-29 11:40:12,212 [pool-494-thread-1] INFO  impl.RaftServerImpl (RaftServerImpl.java:<init>(93)) - 173b4405-db9a-4ec1-ad57-661f797ffe9b: new RaftServerImpl for group-BB9433E9564F:[173b4405-db9a-4ec1-ad57-661f797ffe9b:192.168.5.166:42293] with ContainerStateMachine:uninitialized
2019-08-29 11:40:12,212 [pool-494-thread-1] INFO  server.RaftServerConfigKeys (ConfUtils.java:logGet(43)) - raft.server.rpc.timeout.min = 5s (custom)
2019-08-29 11:40:12,212 [pool-494-thread-1] INFO  server.RaftServerConfigKeys (ConfUtils.java:logGet(43)) - raft.server.rpc.timeout.max = 5200ms (custom)
2019-08-29 11:40:12,212 [pool-494-thread-1] INFO  server.RaftServerConfigKeys (ConfUtils.java:logGet(43)) - raft.server.rpcslowness.timeout = 120s (custom)
2019-08-29 11:40:12,212 [pool-494-thread-1] INFO  server.RaftServerConfigKeys (ConfUtils.java:logGet(43)) - raft.server.sleep.deviation.threshold = 300 (default)
2019-08-29 11:40:12,212 [pool-494-thread-1] INFO  server.RaftServerConfigKeys (ConfUtils.java:logGet(43)) - raft.server.log.appender.install.snapshot.enabled = false (custom)
2019-08-29 11:40:12,212 [pool-494-thread-1] INFO  impl.RaftServerImpl (ServerState.java:<init>(105)) - 173b4405-db9a-4ec1-ad57-661f797ffe9b:group-BB9433E9564F ConfigurationManager, init=-1: [173b4405-db9a-4ec1-ad57-661f797ffe9b:192.168.5.166:42293], old=null, confs=<EMPTY_MAP>
2019-08-29 11:40:12,212 [pool-494-thread-1] INFO  server.RaftServerConfigKeys (ConfUtils.java:logGet(43)) - raft.server.storage.dir = [/workdir/hadoop-ozone/integration-test/target/test-dir/MiniOzoneClusterImpl-60a45d56-0b46-4bc8-bc0f-04071af02df0/datanode-5/data/ratis] (custom)
2019-08-29 11:40:12,213 [pool-494-thread-1] INFO  storage.RaftStorageDirectory (RaftStorageDirectory.java:analyzeStorage(246)) - The storage directory /workdir/hadoop-ozone/integration-test/target/test-dir/MiniOzoneClusterImpl-60a45d56-0b46-4bc8-bc0f-04071af02df0/datanode-5/data/ratis/ee6a0d4c-a679-4a7f-84f1-bb9433e9564f does not exist. Creating ...
2019-08-29 11:40:12,226 [pool-494-thread-1] INFO  storage.RaftStorageDirectory (RaftStorageDirectory.java:tryLock(328)) - Lock on /workdir/hadoop-ozone/integration-test/target/test-dir/MiniOzoneClusterImpl-60a45d56-0b46-4bc8-bc0f-04071af02df0/datanode-5/data/ratis/ee6a0d4c-a679-4a7f-84f1-bb9433e9564f/in_use.lock acquired by nodename 29018@pr-hdds-2030-qplxq-3692370286
2019-08-29 11:40:12,240 [pool-494-thread-1] INFO  storage.RaftStorage (RaftStorage.java:format(72)) - Storage directory /workdir/hadoop-ozone/integration-test/target/test-dir/MiniOzoneClusterImpl-60a45d56-0b46-4bc8-bc0f-04071af02df0/datanode-5/data/ratis/ee6a0d4c-a679-4a7f-84f1-bb9433e9564f has been successfully formatted.
2019-08-29 11:40:12,240 [pool-494-thread-1] INFO  ratis.ContainerStateMachine (ContainerStateMachine.java:loadSnapshot(226)) - group-BB9433E9564F: The snapshot info is null. Setting the last applied indexto:(t:0, i:~)
2019-08-29 11:40:12,240 [pool-494-thread-1] INFO  server.RaftServerConfigKeys (ConfUtils.java:logGet(43)) - raft.server.leader.election.timeout = 120s (custom)
2019-08-29 11:40:12,240 [pool-494-thread-1] INFO  server.RaftServerConfigKeys (ConfUtils.java:logGet(43)) - raft.server.log.use.memory = false (default)
2019-08-29 11:40:12,240 [pool-494-thread-1] INFO  server.RaftServerConfigKeys (ConfUtils.java:logGet(43)) - raft.server.log.purge.gap = 1000000 (custom)
2019-08-29 11:40:12,241 [pool-494-thread-1] INFO  server.RaftServerConfigKeys (ConfUtils.java:logGet(43)) - raft.server.log.appender.buffer.byte-limit = 33554432 (custom)
2019-08-29 11:40:12,241 [pool-494-thread-1] INFO  server.RaftServerConfigKeys (ConfUtils.java:logGet(43)) - raft.server.log.segment.size.max = 1048576 (custom)
2019-08-29 11:40:12,241 [pool-494-thread-1] INFO  server.RaftServerConfigKeys (ConfUtils.java:logGet(43)) - raft.server.log.segment.cache.num.max = 2 (custom)
2019-08-29 11:40:12,241 [pool-494-thread-1] INFO  segmented.SegmentedRaftLogWorker (SegmentedRaftLogWorker.java:<init>(172)) - new 173b4405-db9a-4ec1-ad57-661f797ffe9b-SegmentedRaftLogWorker:Storage Directory /workdir/hadoop-ozone/integration-test/target/test-dir/MiniOzoneClusterImpl-60a45d56-0b46-4bc8-bc0f-04071af02df0/datanode-5/data/ratis/ee6a0d4c-a679-4a7f-84f1-bb9433e9564f for RaftStorage:Storage Directory /workdir/hadoop-ozone/integration-test/target/test-dir/MiniOzoneClusterImpl-60a45d56-0b46-4bc8-bc0f-04071af02df0/datanode-5/data/ratis/ee6a0d4c-a679-4a7f-84f1-bb9433e9564f
2019-08-29 11:40:12,241 [pool-494-thread-1] INFO  server.RaftServerConfigKeys (ConfUtils.java:logGet(43)) - raft.server.log.queue.byte-limit = 2147483647 (custom)
2019-08-29 11:40:12,241 [pool-494-thread-1] INFO  server.RaftServerConfigKeys (ConfUtils.java:logGet(43)) - raft.server.log.queue.element-limit = 1024 (custom)
2019-08-29 11:40:12,241 [pool-494-thread-1] INFO  server.RaftServerConfigKeys (ConfUtils.java:logGet(43)) - raft.server.log.segment.size.max = 1048576 (custom)
2019-08-29 11:40:12,242 [pool-494-thread-1] INFO  server.RaftServerConfigKeys (ConfUtils.java:logGet(43)) - raft.server.log.preallocated.size = 16384 (custom)
2019-08-29 11:40:12,242 [pool-494-thread-1] INFO  server.RaftServerConfigKeys (ConfUtils.java:logGet(43)) - raft.server.log.write.buffer.size = 33554432 (custom)
2019-08-29 11:40:12,242 [pool-494-thread-1] INFO  server.RaftServerConfigKeys (ConfUtils.java:logGet(43)) - raft.server.log.force.sync.num = 128 (default)
2019-08-29 11:40:12,242 [pool-494-thread-1] INFO  server.RaftServerConfigKeys (ConfUtils.java:logGet(43)) - raft.server.log.statemachine.data.sync = true (default)
2019-08-29 11:40:12,242 [pool-494-thread-1] INFO  server.RaftServerConfigKeys (ConfUtils.java:logGet(43)) - raft.server.log.statemachine.data.sync.timeout = 10s (default)
2019-08-29 11:40:12,242 [pool-494-thread-1] INFO  server.RaftServerConfigKeys (ConfUtils.java:logGet(43)) - raft.server.log.statemachine.data.sync.timeout.retry = -1 (default)
2019-08-29 11:40:12,242 [pool-494-thread-1] INFO  server.RaftServerConfigKeys (ConfUtils.java:logGet(43)) - raft.server.log.statemachine.data.caching.enabled = true (custom)
2019-08-29 11:40:12,243 [pool-494-thread-1] INFO  segmented.SegmentedRaftLogWorker (SegmentedRaftLogWorker.java:lambda$new$0(132)) - 173b4405-db9a-4ec1-ad57-661f797ffe9b-SegmentedRaftLogWorker:Storage Directory /workdir/hadoop-ozone/integration-test/target/test-dir/MiniOzoneClusterImpl-60a45d56-0b46-4bc8-bc0f-04071af02df0/datanode-5/data/ratis/ee6a0d4c-a679-4a7f-84f1-bb9433e9564f: flushIndex: setUnconditionally 0 -> -1
2019-08-29 11:40:12,243 [pool-494-thread-1] INFO  server.RaftServerConfigKeys (ConfUtils.java:logGet(43)) - raft.server.snapshot.auto.trigger.enabled = true (custom)
2019-08-29 11:40:12,243 [pool-494-thread-1] INFO  server.RaftServerConfigKeys (ConfUtils.java:logGet(43)) - raft.server.snapshot.auto.trigger.threshold = 10000 (custom)
2019-08-29 11:40:12,243 [pool-494-thread-1] INFO  server.RaftServerConfigKeys (ConfUtils.java:logGet(43)) - raft.server.retrycache.expirytime = 600000ms (custom)
2019-08-29 11:40:12,243 [pool-494-thread-1] INFO  impl.RaftServerImpl (RaftServerImpl.java:start(180)) - 173b4405-db9a-4ec1-ad57-661f797ffe9b: start group-BB9433E9564F
2019-08-29 11:40:12,244 [pool-494-thread-1] INFO  impl.RaftServerImpl (RaftServerImpl.java:setRole(171)) - 173b4405-db9a-4ec1-ad57-661f797ffe9b:group-BB9433E9564F changes role from null to FOLLOWER at term 0 for startAsFollower
2019-08-29 11:40:12,244 [pool-494-thread-1] INFO  impl.RoleInfo (RoleInfo.java:updateAndGet(143)) - 173b4405-db9a-4ec1-ad57-661f797ffe9b: start FollowerState
2019-08-29 11:40:12,244 [pool-494-thread-1] INFO  util.JmxRegister (JmxRegister.java:tryRegister(44)) - Successfully registered JMX Bean with object name Ratis:service=RaftServer,group=group-BB9433E9564F,id=173b4405-db9a-4ec1-ad57-661f797ffe9b
2019-08-29 11:40:12,248 [RatisPipelineUtilsThread] INFO  pipeline.PipelineStateManager (PipelineStateManager.java:addPipeline(56)) - Created pipeline Pipeline[ Id: ee6a0d4c-a679-4a7f-84f1-bb9433e9564f, Nodes: 173b4405-db9a-4ec1-ad57-661f797ffe9b{ip: 192.168.5.166, host: pr-hdds-2030-qplxq-3692370286, networkLocation: /default-rack, certSerialId: null}, Type:RATIS, Factor:ONE, State:OPEN]
2019-08-29 11:40:12,257 [grpc-default-executor-7] INFO  impl.RaftServerProxy (RaftServerProxy.java:addNew(89)) - c2005dcb-bacc-4d06-90c0-f8ae32e9f9ba: addNew group-0B6529596DFA:[080d8b78-b76d-4b3c-b093-271222147c90:192.168.5.166:36691, 173b4405-db9a-4ec1-ad57-661f797ffe9b:192.168.5.166:42293, c2005dcb-bacc-4d06-90c0-f8ae32e9f9ba:192.168.5.166:33305] returns group-0B6529596DFA:java.util.concurrent.CompletableFuture@64a4505[Not completed]
2019-08-29 11:40:12,257 [grpc-default-executor-8] INFO  impl.RaftServerProxy (RaftServerProxy.java:addNew(89)) - 080d8b78-b76d-4b3c-b093-271222147c90: addNew group-0B6529596DFA:[080d8b78-b76d-4b3c-b093-271222147c90:192.168.5.166:36691, 173b4405-db9a-4ec1-ad57-661f797ffe9b:192.168.5.166:42293, c2005dcb-bacc-4d06-90c0-f8ae32e9f9ba:192.168.5.166:33305] returns group-0B6529596DFA:java.util.concurrent.CompletableFuture@27ed827c[Not completed]
2019-08-29 11:40:12,257 [grpc-default-executor-5] INFO  impl.RaftServerProxy (RaftServerProxy.java:addNew(89)) - 173b4405-db9a-4ec1-ad57-661f797ffe9b: addNew group-0B6529596DFA:[080d8b78-b76d-4b3c-b093-271222147c90:192.168.5.166:36691, 173b4405-db9a-4ec1-ad57-661f797ffe9b:192.168.5.166:42293, c2005dcb-bacc-4d06-90c0-f8ae32e9f9ba:192.168.5.166:33305] returns group-0B6529596DFA:java.util.concurrent.CompletableFuture@3309b87d[Not completed]
2019-08-29 11:40:12,259 [pool-494-thread-1] INFO  impl.RaftServerImpl (RaftServerImpl.java:<init>(93)) - 173b4405-db9a-4ec1-ad57-661f797ffe9b: new RaftServerImpl for group-0B6529596DFA:[080d8b78-b76d-4b3c-b093-271222147c90:192.168.5.166:36691, 173b4405-db9a-4ec1-ad57-661f797ffe9b:192.168.5.166:42293, c2005dcb-bacc-4d06-90c0-f8ae32e9f9ba:192.168.5.166:33305] with ContainerStateMachine:uninitialized
2019-08-29 11:40:12,259 [pool-494-thread-1] INFO  server.RaftServerConfigKeys (ConfUtils.java:logGet(43)) - raft.server.rpc.timeout.min = 5s (custom)
2019-08-29 11:40:12,259 [pool-494-thread-1] INFO  server.RaftServerConfigKeys (ConfUtils.java:logGet(43)) - raft.server.rpc.timeout.max = 5200ms (custom)
2019-08-29 11:40:12,259 [pool-494-thread-1] INFO  server.RaftServerConfigKeys (ConfUtils.java:logGet(43)) - raft.server.rpcslowness.timeout = 120s (custom)
2019-08-29 11:40:12,259 [pool-472-thread-1] INFO  impl.RaftServerImpl (RaftServerImpl.java:<init>(93)) - 080d8b78-b76d-4b3c-b093-271222147c90: new RaftServerImpl for group-0B6529596DFA:[080d8b78-b76d-4b3c-b093-271222147c90:192.168.5.166:36691, 173b4405-db9a-4ec1-ad57-661f797ffe9b:192.168.5.166:42293, c2005dcb-bacc-4d06-90c0-f8ae32e9f9ba:192.168.5.166:33305] with ContainerStateMachine:uninitialized
2019-08-29 11:40:12,259 [pool-494-thread-1] INFO  server.RaftServerConfigKeys (ConfUtils.java:logGet(43)) - raft.server.sleep.deviation.threshold = 300 (default)
2019-08-29 11:40:12,259 [pool-472-thread-1] INFO  server.RaftServerConfigKeys (ConfUtils.java:logGet(43)) - raft.server.rpc.timeout.min = 5s (custom)
2019-08-29 11:40:12,259 [pool-483-thread-1] INFO  impl.RaftServerImpl (RaftServerImpl.java:<init>(93)) - c2005dcb-bacc-4d06-90c0-f8ae32e9f9ba: new RaftServerImpl for group-0B6529596DFA:[080d8b78-b76d-4b3c-b093-271222147c90:192.168.5.166:36691, 173b4405-db9a-4ec1-ad57-661f797ffe9b:192.168.5.166:42293, c2005dcb-bacc-4d06-90c0-f8ae32e9f9ba:192.168.5.166:33305] with ContainerStateMachine:uninitialized
2019-08-29 11:40:12,259 [pool-494-thread-1] INFO  server.RaftServerConfigKeys (ConfUtils.java:logGet(43)) - raft.server.log.appender.install.snapshot.enabled = false (custom)
2019-08-29 11:40:12,260 [pool-483-thread-1] INFO  server.RaftServerConfigKeys (ConfUtils.java:logGet(43)) - raft.server.rpc.timeout.min = 5s (custom)
2019-08-29 11:40:12,259 [pool-472-thread-1] INFO  server.RaftServerConfigKeys (ConfUtils.java:logGet(43)) - raft.server.rpc.timeout.max = 5200ms (custom)
2019-08-29 11:40:12,260 [pool-483-thread-1] INFO  server.RaftServerConfigKeys (ConfUtils.java:logGet(43)) - raft.server.rpc.timeout.max = 5200ms (custom)
2019-08-29 11:40:12,260 [pool-483-thread-1] INFO  server.RaftServerConfigKeys (ConfUtils.java:logGet(43)) - raft.server.rpcslowness.timeout = 120s (custom)
2019-08-29 11:40:12,260 [pool-494-thread-1] INFO  impl.RaftServerImpl (ServerState.java:<init>(105)) - 173b4405-db9a-4ec1-ad57-661f797ffe9b:group-0B6529596DFA ConfigurationManager, init=-1: [080d8b78-b76d-4b3c-b093-271222147c90:192.168.5.166:36691, 173b4405-db9a-4ec1-ad57-661f797ffe9b:192.168.5.166:42293, c2005dcb-bacc-4d06-90c0-f8ae32e9f9ba:192.168.5.166:33305], old=null, confs=<EMPTY_MAP>
2019-08-29 11:40:12,260 [pool-483-thread-1] INFO  server.RaftServerConfigKeys (ConfUtils.java:logGet(43)) - raft.server.sleep.deviation.threshold = 300 (default)
2019-08-29 11:40:12,260 [pool-483-thread-1] INFO  server.RaftServerConfigKeys (ConfUtils.java:logGet(43)) - raft.server.log.appender.install.snapshot.enabled = false (custom)
2019-08-29 11:40:12,260 [pool-472-thread-1] INFO  server.RaftServerConfigKeys (ConfUtils.java:logGet(43)) - raft.server.rpcslowness.timeout = 120s (custom)
2019-08-29 11:40:12,261 [pool-483-thread-1] INFO  impl.RaftServerImpl (ServerState.java:<init>(105)) - c2005dcb-bacc-4d06-90c0-f8ae32e9f9ba:group-0B6529596DFA ConfigurationManager, init=-1: [080d8b78-b76d-4b3c-b093-271222147c90:192.168.5.166:36691, 173b4405-db9a-4ec1-ad57-661f797ffe9b:192.168.5.166:42293, c2005dcb-bacc-4d06-90c0-f8ae32e9f9ba:192.168.5.166:33305], old=null, confs=<EMPTY_MAP>
2019-08-29 11:40:12,260 [pool-494-thread-1] INFO  server.RaftServerConfigKeys (ConfUtils.java:logGet(43)) - raft.server.storage.dir = [/workdir/hadoop-ozone/integration-test/target/test-dir/MiniOzoneClusterImpl-60a45d56-0b46-4bc8-bc0f-04071af02df0/datanode-5/data/ratis] (custom)
2019-08-29 11:40:12,261 [pool-483-thread-1] INFO  server.RaftServerConfigKeys (ConfUtils.java:logGet(43)) - raft.server.storage.dir = [/workdir/hadoop-ozone/integration-test/target/test-dir/MiniOzoneClusterImpl-60a45d56-0b46-4bc8-bc0f-04071af02df0/datanode-4/data/ratis] (custom)
2019-08-29 11:40:12,261 [pool-472-thread-1] INFO  server.RaftServerConfigKeys (ConfUtils.java:logGet(43)) - raft.server.sleep.deviation.threshold = 300 (default)
2019-08-29 11:40:12,261 [pool-483-thread-1] INFO  storage.RaftStorageDirectory (RaftStorageDirectory.java:analyzeStorage(246)) - The storage directory /workdir/hadoop-ozone/integration-test/target/test-dir/MiniOzoneClusterImpl-60a45d56-0b46-4bc8-bc0f-04071af02df0/datanode-4/data/ratis/7816c560-67b6-4f08-beeb-0b6529596dfa does not exist. Creating ...
2019-08-29 11:40:12,261 [pool-494-thread-1] INFO  storage.RaftStorageDirectory (RaftStorageDirectory.java:analyzeStorage(246)) - The storage directory /workdir/hadoop-ozone/integration-test/target/test-dir/MiniOzoneClusterImpl-60a45d56-0b46-4bc8-bc0f-04071af02df0/datanode-5/data/ratis/7816c560-67b6-4f08-beeb-0b6529596dfa does not exist. Creating ...
2019-08-29 11:40:12,261 [pool-472-thread-1] INFO  server.RaftServerConfigKeys (ConfUtils.java:logGet(43)) - raft.server.log.appender.install.snapshot.enabled = false (custom)
2019-08-29 11:40:12,262 [pool-472-thread-1] INFO  impl.RaftServerImpl (ServerState.java:<init>(105)) - 080d8b78-b76d-4b3c-b093-271222147c90:group-0B6529596DFA ConfigurationManager, init=-1: [080d8b78-b76d-4b3c-b093-271222147c90:192.168.5.166:36691, 173b4405-db9a-4ec1-ad57-661f797ffe9b:192.168.5.166:42293, c2005dcb-bacc-4d06-90c0-f8ae32e9f9ba:192.168.5.166:33305], old=null, confs=<EMPTY_MAP>
2019-08-29 11:40:12,262 [pool-472-thread-1] INFO  server.RaftServerConfigKeys (ConfUtils.java:logGet(43)) - raft.server.storage.dir = [/workdir/hadoop-ozone/integration-test/target/test-dir/MiniOzoneClusterImpl-60a45d56-0b46-4bc8-bc0f-04071af02df0/datanode-3/data/ratis] (custom)
2019-08-29 11:40:12,262 [pool-472-thread-1] INFO  storage.RaftStorageDirectory (RaftStorageDirectory.java:analyzeStorage(246)) - The storage directory /workdir/hadoop-ozone/integration-test/target/test-dir/MiniOzoneClusterImpl-60a45d56-0b46-4bc8-bc0f-04071af02df0/datanode-3/data/ratis/7816c560-67b6-4f08-beeb-0b6529596dfa does not exist. Creating ...
2019-08-29 11:40:12,286 [pool-494-thread-1] INFO  storage.RaftStorageDirectory (RaftStorageDirectory.java:tryLock(328)) - Lock on /workdir/hadoop-ozone/integration-test/target/test-dir/MiniOzoneClusterImpl-60a45d56-0b46-4bc8-bc0f-04071af02df0/datanode-5/data/ratis/7816c560-67b6-4f08-beeb-0b6529596dfa/in_use.lock acquired by nodename 29018@pr-hdds-2030-qplxq-3692370286
2019-08-29 11:40:12,286 [pool-483-thread-1] INFO  storage.RaftStorageDirectory (RaftStorageDirectory.java:tryLock(328)) - Lock on /workdir/hadoop-ozone/integration-test/target/test-dir/MiniOzoneClusterImpl-60a45d56-0b46-4bc8-bc0f-04071af02df0/datanode-4/data/ratis/7816c560-67b6-4f08-beeb-0b6529596dfa/in_use.lock acquired by nodename 29018@pr-hdds-2030-qplxq-3692370286
2019-08-29 11:40:12,286 [pool-472-thread-1] INFO  storage.RaftStorageDirectory (RaftStorageDirectory.java:tryLock(328)) - Lock on /workdir/hadoop-ozone/integration-test/target/test-dir/MiniOzoneClusterImpl-60a45d56-0b46-4bc8-bc0f-04071af02df0/datanode-3/data/ratis/7816c560-67b6-4f08-beeb-0b6529596dfa/in_use.lock acquired by nodename 29018@pr-hdds-2030-qplxq-3692370286
2019-08-29 11:40:12,301 [pool-472-thread-1] INFO  storage.RaftStorage (RaftStorage.java:format(72)) - Storage directory /workdir/hadoop-ozone/integration-test/target/test-dir/MiniOzoneClusterImpl-60a45d56-0b46-4bc8-bc0f-04071af02df0/datanode-3/data/ratis/7816c560-67b6-4f08-beeb-0b6529596dfa has been successfully formatted.
2019-08-29 11:40:12,301 [pool-483-thread-1] INFO  storage.RaftStorage (RaftStorage.java:format(72)) - Storage directory /workdir/hadoop-ozone/integration-test/target/test-dir/MiniOzoneClusterImpl-60a45d56-0b46-4bc8-bc0f-04071af02df0/datanode-4/data/ratis/7816c560-67b6-4f08-beeb-0b6529596dfa has been successfully formatted.
2019-08-29 11:40:12,301 [pool-494-thread-1] INFO  storage.RaftStorage (RaftStorage.java:format(72)) - Storage directory /workdir/hadoop-ozone/integration-test/target/test-dir/MiniOzoneClusterImpl-60a45d56-0b46-4bc8-bc0f-04071af02df0/datanode-5/data/ratis/7816c560-67b6-4f08-beeb-0b6529596dfa has been successfully formatted.
2019-08-29 11:40:12,302 [pool-483-thread-1] INFO  ratis.ContainerStateMachine (ContainerStateMachine.java:loadSnapshot(226)) - group-0B6529596DFA: The snapshot info is null. Setting the last applied indexto:(t:0, i:~)
2019-08-29 11:40:12,302 [pool-472-thread-1] INFO  ratis.ContainerStateMachine (ContainerStateMachine.java:loadSnapshot(226)) - group-0B6529596DFA: The snapshot info is null. Setting the last applied indexto:(t:0, i:~)
2019-08-29 11:40:12,302 [pool-483-thread-1] INFO  server.RaftServerConfigKeys (ConfUtils.java:logGet(43)) - raft.server.leader.election.timeout = 120s (custom)
2019-08-29 11:40:12,302 [pool-472-thread-1] INFO  server.RaftServerConfigKeys (ConfUtils.java:logGet(43)) - raft.server.leader.election.timeout = 120s (custom)
2019-08-29 11:40:12,302 [pool-483-thread-1] INFO  server.RaftServerConfigKeys (ConfUtils.java:logGet(43)) - raft.server.log.use.memory = false (default)
2019-08-29 11:40:12,302 [pool-472-thread-1] INFO  server.RaftServerConfigKeys (ConfUtils.java:logGet(43)) - raft.server.log.use.memory = false (default)
2019-08-29 11:40:12,302 [pool-483-thread-1] INFO  server.RaftServerConfigKeys (ConfUtils.java:logGet(43)) - raft.server.log.purge.gap = 1000000 (custom)
2019-08-29 11:40:12,303 [pool-472-thread-1] INFO  server.RaftServerConfigKeys (ConfUtils.java:logGet(43)) - raft.server.log.purge.gap = 1000000 (custom)
2019-08-29 11:40:12,303 [pool-494-thread-1] INFO  ratis.ContainerStateMachine (ContainerStateMachine.java:loadSnapshot(226)) - group-0B6529596DFA: The snapshot info is null. Setting the last applied indexto:(t:0, i:~)
2019-08-29 11:40:12,303 [pool-483-thread-1] INFO  server.RaftServerConfigKeys (ConfUtils.java:logGet(43)) - raft.server.log.appender.buffer.byte-limit = 33554432 (custom)
2019-08-29 11:40:12,303 [pool-494-thread-1] INFO  server.RaftServerConfigKeys (ConfUtils.java:logGet(43)) - raft.server.leader.election.timeout = 120s (custom)
2019-08-29 11:40:12,303 [pool-472-thread-1] INFO  server.RaftServerConfigKeys (ConfUtils.java:logGet(43)) - raft.server.log.appender.buffer.byte-limit = 33554432 (custom)
2019-08-29 11:40:12,303 [pool-494-thread-1] INFO  server.RaftServerConfigKeys (ConfUtils.java:logGet(43)) - raft.server.log.use.memory = false (default)
2019-08-29 11:40:12,303 [pool-483-thread-1] INFO  server.RaftServerConfigKeys (ConfUtils.java:logGet(43)) - raft.server.log.segment.size.max = 1048576 (custom)
2019-08-29 11:40:12,303 [pool-494-thread-1] INFO  server.RaftServerConfigKeys (ConfUtils.java:logGet(43)) - raft.server.log.purge.gap = 1000000 (custom)
2019-08-29 11:40:12,303 [pool-472-thread-1] INFO  server.RaftServerConfigKeys (ConfUtils.java:logGet(43)) - raft.server.log.segment.size.max = 1048576 (custom)
2019-08-29 11:40:12,304 [pool-494-thread-1] INFO  server.RaftServerConfigKeys (ConfUtils.java:logGet(43)) - raft.server.log.appender.buffer.byte-limit = 33554432 (custom)
2019-08-29 11:40:12,304 [pool-483-thread-1] INFO  server.RaftServerConfigKeys (ConfUtils.java:logGet(43)) - raft.server.log.segment.cache.num.max = 2 (custom)
2019-08-29 11:40:12,304 [pool-494-thread-1] INFO  server.RaftServerConfigKeys (ConfUtils.java:logGet(43)) - raft.server.log.segment.size.max = 1048576 (custom)
2019-08-29 11:40:12,304 [pool-472-thread-1] INFO  server.RaftServerConfigKeys (ConfUtils.java:logGet(43)) - raft.server.log.segment.cache.num.max = 2 (custom)
2019-08-29 11:40:12,304 [pool-494-thread-1] INFO  server.RaftServerConfigKeys (ConfUtils.java:logGet(43)) - raft.server.log.segment.cache.num.max = 2 (custom)
2019-08-29 11:40:12,304 [pool-483-thread-1] INFO  segmented.SegmentedRaftLogWorker (SegmentedRaftLogWorker.java:<init>(172)) - new c2005dcb-bacc-4d06-90c0-f8ae32e9f9ba-SegmentedRaftLogWorker:Storage Directory /workdir/hadoop-ozone/integration-test/target/test-dir/MiniOzoneClusterImpl-60a45d56-0b46-4bc8-bc0f-04071af02df0/datanode-4/data/ratis/7816c560-67b6-4f08-beeb-0b6529596dfa for RaftStorage:Storage Directory /workdir/hadoop-ozone/integration-test/target/test-dir/MiniOzoneClusterImpl-60a45d56-0b46-4bc8-bc0f-04071af02df0/datanode-4/data/ratis/7816c560-67b6-4f08-beeb-0b6529596dfa
2019-08-29 11:40:12,305 [pool-494-thread-1] INFO  segmented.SegmentedRaftLogWorker (SegmentedRaftLogWorker.java:<init>(172)) - new 173b4405-db9a-4ec1-ad57-661f797ffe9b-SegmentedRaftLogWorker:Storage Directory /workdir/hadoop-ozone/integration-test/target/test-dir/MiniOzoneClusterImpl-60a45d56-0b46-4bc8-bc0f-04071af02df0/datanode-5/data/ratis/7816c560-67b6-4f08-beeb-0b6529596dfa for RaftStorage:Storage Directory /workdir/hadoop-ozone/integration-test/target/test-dir/MiniOzoneClusterImpl-60a45d56-0b46-4bc8-bc0f-04071af02df0/datanode-5/data/ratis/7816c560-67b6-4f08-beeb-0b6529596dfa
2019-08-29 11:40:12,304 [pool-472-thread-1] INFO  segmented.SegmentedRaftLogWorker (SegmentedRaftLogWorker.java:<init>(172)) - new 080d8b78-b76d-4b3c-b093-271222147c90-SegmentedRaftLogWorker:Storage Directory /workdir/hadoop-ozone/integration-test/target/test-dir/MiniOzoneClusterImpl-60a45d56-0b46-4bc8-bc0f-04071af02df0/datanode-3/data/ratis/7816c560-67b6-4f08-beeb-0b6529596dfa for RaftStorage:Storage Directory /workdir/hadoop-ozone/integration-test/target/test-dir/MiniOzoneClusterImpl-60a45d56-0b46-4bc8-bc0f-04071af02df0/datanode-3/data/ratis/7816c560-67b6-4f08-beeb-0b6529596dfa
2019-08-29 11:40:12,305 [pool-494-thread-1] INFO  server.RaftServerConfigKeys (ConfUtils.java:logGet(43)) - raft.server.log.queue.byte-limit = 2147483647 (custom)
2019-08-29 11:40:12,305 [pool-483-thread-1] INFO  server.RaftServerConfigKeys (ConfUtils.java:logGet(43)) - raft.server.log.queue.byte-limit = 2147483647 (custom)
2019-08-29 11:40:12,305 [pool-494-thread-1] INFO  server.RaftServerConfigKeys (ConfUtils.java:logGet(43)) - raft.server.log.queue.element-limit = 1024 (custom)
2019-08-29 11:40:12,305 [pool-472-thread-1] INFO  server.RaftServerConfigKeys (ConfUtils.java:logGet(43)) - raft.server.log.queue.byte-limit = 2147483647 (custom)
2019-08-29 11:40:12,305 [pool-494-thread-1] INFO  server.RaftServerConfigKeys (ConfUtils.java:logGet(43)) - raft.server.log.segment.size.max = 1048576 (custom)
2019-08-29 11:40:12,305 [pool-483-thread-1] INFO  server.RaftServerConfigKeys (ConfUtils.java:logGet(43)) - raft.server.log.queue.element-limit = 1024 (custom)
2019-08-29 11:40:12,306 [pool-494-thread-1] INFO  server.RaftServerConfigKeys (ConfUtils.java:logGet(43)) - raft.server.log.preallocated.size = 16384 (custom)
2019-08-29 11:40:12,306 [pool-472-thread-1] INFO  server.RaftServerConfigKeys (ConfUtils.java:logGet(43)) - raft.server.log.queue.element-limit = 1024 (custom)
2019-08-29 11:40:12,306 [pool-494-thread-1] INFO  server.RaftServerConfigKeys (ConfUtils.java:logGet(43)) - raft.server.log.write.buffer.size = 33554432 (custom)
2019-08-29 11:40:12,306 [pool-483-thread-1] INFO  server.RaftServerConfigKeys (ConfUtils.java:logGet(43)) - raft.server.log.segment.size.max = 1048576 (custom)
2019-08-29 11:40:12,306 [pool-494-thread-1] INFO  server.RaftServerConfigKeys (ConfUtils.java:logGet(43)) - raft.server.log.force.sync.num = 128 (default)
2019-08-29 11:40:12,306 [pool-472-thread-1] INFO  server.RaftServerConfigKeys (ConfUtils.java:logGet(43)) - raft.server.log.segment.size.max = 1048576 (custom)
2019-08-29 11:40:12,306 [pool-494-thread-1] INFO  server.RaftServerConfigKeys (ConfUtils.java:logGet(43)) - raft.server.log.statemachine.data.sync = true (default)
2019-08-29 11:40:12,306 [pool-483-thread-1] INFO  server.RaftServerConfigKeys (ConfUtils.java:logGet(43)) - raft.server.log.preallocated.size = 16384 (custom)
2019-08-29 11:40:12,307 [pool-494-thread-1] INFO  server.RaftServerConfigKeys (ConfUtils.java:logGet(43)) - raft.server.log.statemachine.data.sync.timeout = 10s (default)
2019-08-29 11:40:12,307 [pool-472-thread-1] INFO  server.RaftServerConfigKeys (ConfUtils.java:logGet(43)) - raft.server.log.preallocated.size = 16384 (custom)
2019-08-29 11:40:12,307 [pool-494-thread-1] INFO  server.RaftServerConfigKeys (ConfUtils.java:logGet(43)) - raft.server.log.statemachine.data.sync.timeout.retry = -1 (default)
2019-08-29 11:40:12,307 [pool-483-thread-1] INFO  server.RaftServerConfigKeys (ConfUtils.java:logGet(43)) - raft.server.log.write.buffer.size = 33554432 (custom)
2019-08-29 11:40:12,307 [pool-494-thread-1] INFO  server.RaftServerConfigKeys (ConfUtils.java:logGet(43)) - raft.server.log.statemachine.data.caching.enabled = true (custom)
2019-08-29 11:40:12,307 [pool-472-thread-1] INFO  server.RaftServerConfigKeys (ConfUtils.java:logGet(43)) - raft.server.log.write.buffer.size = 33554432 (custom)
2019-08-29 11:40:12,307 [pool-483-thread-1] INFO  server.RaftServerConfigKeys (ConfUtils.java:logGet(43)) - raft.server.log.force.sync.num = 128 (default)
2019-08-29 11:40:12,308 [pool-494-thread-1] INFO  segmented.SegmentedRaftLogWorker (SegmentedRaftLogWorker.java:lambda$new$0(132)) - 173b4405-db9a-4ec1-ad57-661f797ffe9b-SegmentedRaftLogWorker:Storage Directory /workdir/hadoop-ozone/integration-test/target/test-dir/MiniOzoneClusterImpl-60a45d56-0b46-4bc8-bc0f-04071af02df0/datanode-5/data/ratis/7816c560-67b6-4f08-beeb-0b6529596dfa: flushIndex: setUnconditionally 0 -> -1
2019-08-29 11:40:12,308 [pool-472-thread-1] INFO  server.RaftServerConfigKeys (ConfUtils.java:logGet(43)) - raft.server.log.force.sync.num = 128 (default)
2019-08-29 11:40:12,308 [pool-483-thread-1] INFO  server.RaftServerConfigKeys (ConfUtils.java:logGet(43)) - raft.server.log.statemachine.data.sync = true (default)
2019-08-29 11:40:12,308 [pool-494-thread-1] INFO  server.RaftServerConfigKeys (ConfUtils.java:logGet(43)) - raft.server.snapshot.auto.trigger.enabled = true (custom)
2019-08-29 11:40:12,308 [pool-472-thread-1] INFO  server.RaftServerConfigKeys (ConfUtils.java:logGet(43)) - raft.server.log.statemachine.data.sync = true (default)
2019-08-29 11:40:12,308 [pool-494-thread-1] INFO  server.RaftServerConfigKeys (ConfUtils.java:logGet(43)) - raft.server.snapshot.auto.trigger.threshold = 10000 (custom)
2019-08-29 11:40:12,308 [pool-483-thread-1] INFO  server.RaftServerConfigKeys (ConfUtils.java:logGet(43)) - raft.server.log.statemachine.data.sync.timeout = 10s (default)
2019-08-29 11:40:12,309 [pool-494-thread-1] INFO  server.RaftServerConfigKeys (ConfUtils.java:logGet(43)) - raft.server.retrycache.expirytime = 600000ms (custom)
2019-08-29 11:40:12,308 [pool-472-thread-1] INFO  server.RaftServerConfigKeys (ConfUtils.java:logGet(43)) - raft.server.log.statemachine.data.sync.timeout = 10s (default)
2019-08-29 11:40:12,309 [pool-494-thread-1] INFO  impl.RaftServerImpl (RaftServerImpl.java:start(180)) - 173b4405-db9a-4ec1-ad57-661f797ffe9b: start group-0B6529596DFA
2019-08-29 11:40:12,309 [pool-483-thread-1] INFO  server.RaftServerConfigKeys (ConfUtils.java:logGet(43)) - raft.server.log.statemachine.data.sync.timeout.retry = -1 (default)
2019-08-29 11:40:12,309 [pool-494-thread-1] INFO  impl.RaftServerImpl (RaftServerImpl.java:setRole(171)) - 173b4405-db9a-4ec1-ad57-661f797ffe9b:group-0B6529596DFA changes role from null to FOLLOWER at term 0 for startAsFollower
2019-08-29 11:40:12,309 [pool-472-thread-1] INFO  server.RaftServerConfigKeys (ConfUtils.java:logGet(43)) - raft.server.log.statemachine.data.sync.timeout.retry = -1 (default)
2019-08-29 11:40:12,309 [pool-494-thread-1] INFO  impl.RoleInfo (RoleInfo.java:updateAndGet(143)) - 173b4405-db9a-4ec1-ad57-661f797ffe9b: start FollowerState
2019-08-29 11:40:12,309 [pool-483-thread-1] INFO  server.RaftServerConfigKeys (ConfUtils.java:logGet(43)) - raft.server.log.statemachine.data.caching.enabled = true (custom)
2019-08-29 11:40:12,309 [pool-472-thread-1] INFO  server.RaftServerConfigKeys (ConfUtils.java:logGet(43)) - raft.server.log.statemachine.data.caching.enabled = true (custom)
2019-08-29 11:40:12,310 [pool-483-thread-1] INFO  segmented.SegmentedRaftLogWorker (SegmentedRaftLogWorker.java:lambda$new$0(132)) - c2005dcb-bacc-4d06-90c0-f8ae32e9f9ba-SegmentedRaftLogWorker:Storage Directory /workdir/hadoop-ozone/integration-test/target/test-dir/MiniOzoneClusterImpl-60a45d56-0b46-4bc8-bc0f-04071af02df0/datanode-4/data/ratis/7816c560-67b6-4f08-beeb-0b6529596dfa: flushIndex: setUnconditionally 0 -> -1
2019-08-29 11:40:12,310 [pool-494-thread-1] INFO  util.JmxRegister (JmxRegister.java:tryRegister(44)) - Successfully registered JMX Bean with object name Ratis:service=RaftServer,group=group-0B6529596DFA,id=173b4405-db9a-4ec1-ad57-661f797ffe9b
2019-08-29 11:40:12,310 [pool-483-thread-1] INFO  server.RaftServerConfigKeys (ConfUtils.java:logGet(43)) - raft.server.snapshot.auto.trigger.enabled = true (custom)
2019-08-29 11:40:12,310 [pool-483-thread-1] INFO  server.RaftServerConfigKeys (ConfUtils.java:logGet(43)) - raft.server.snapshot.auto.trigger.threshold = 10000 (custom)
2019-08-29 11:40:12,311 [pool-483-thread-1] INFO  server.RaftServerConfigKeys (ConfUtils.java:logGet(43)) - raft.server.retrycache.expirytime = 600000ms (custom)
2019-08-29 11:40:12,311 [pool-472-thread-1] INFO  segmented.SegmentedRaftLogWorker (SegmentedRaftLogWorker.java:lambda$new$0(132)) - 080d8b78-b76d-4b3c-b093-271222147c90-SegmentedRaftLogWorker:Storage Directory /workdir/hadoop-ozone/integration-test/target/test-dir/MiniOzoneClusterImpl-60a45d56-0b46-4bc8-bc0f-04071af02df0/datanode-3/data/ratis/7816c560-67b6-4f08-beeb-0b6529596dfa: flushIndex: setUnconditionally 0 -> -1
2019-08-29 11:40:12,311 [pool-483-thread-1] INFO  impl.RaftServerImpl (RaftServerImpl.java:start(180)) - c2005dcb-bacc-4d06-90c0-f8ae32e9f9ba: start group-0B6529596DFA
2019-08-29 11:40:12,311 [pool-483-thread-1] INFO  impl.RaftServerImpl (RaftServerImpl.java:setRole(171)) - c2005dcb-bacc-4d06-90c0-f8ae32e9f9ba:group-0B6529596DFA changes role from null to FOLLOWER at term 0 for startAsFollower
2019-08-29 11:40:12,311 [pool-472-thread-1] INFO  server.RaftServerConfigKeys (ConfUtils.java:logGet(43)) - raft.server.snapshot.auto.trigger.enabled = true (custom)
2019-08-29 11:40:12,311 [pool-483-thread-1] INFO  impl.RoleInfo (RoleInfo.java:updateAndGet(143)) - c2005dcb-bacc-4d06-90c0-f8ae32e9f9ba: start FollowerState
2019-08-29 11:40:12,311 [pool-472-thread-1] INFO  server.RaftServerConfigKeys (ConfUtils.java:logGet(43)) - raft.server.snapshot.auto.trigger.threshold = 10000 (custom)
2019-08-29 11:40:12,315 [pool-472-thread-1] INFO  server.RaftServerConfigKeys (ConfUtils.java:logGet(43)) - raft.server.retrycache.expirytime = 600000ms (custom)
2019-08-29 11:40:12,315 [pool-483-thread-1] INFO  util.JmxRegister (JmxRegister.java:tryRegister(44)) - Successfully registered JMX Bean with object name Ratis:service=RaftServer,group=group-0B6529596DFA,id=c2005dcb-bacc-4d06-90c0-f8ae32e9f9ba
2019-08-29 11:40:12,315 [pool-472-thread-1] INFO  impl.RaftServerImpl (RaftServerImpl.java:start(180)) - 080d8b78-b76d-4b3c-b093-271222147c90: start group-0B6529596DFA
2019-08-29 11:40:12,315 [pool-472-thread-1] INFO  impl.RaftServerImpl (RaftServerImpl.java:setRole(171)) - 080d8b78-b76d-4b3c-b093-271222147c90:group-0B6529596DFA changes role from null to FOLLOWER at term 0 for startAsFollower
2019-08-29 11:40:12,316 [pool-472-thread-1] INFO  impl.RoleInfo (RoleInfo.java:updateAndGet(143)) - 080d8b78-b76d-4b3c-b093-271222147c90: start FollowerState
2019-08-29 11:40:12,316 [pool-472-thread-1] INFO  util.JmxRegister (JmxRegister.java:tryRegister(44)) - Successfully registered JMX Bean with object name Ratis:service=RaftServer,group=group-0B6529596DFA,id=080d8b78-b76d-4b3c-b093-271222147c90
2019-08-29 11:40:12,325 [RatisPipelineUtilsThread] INFO  pipeline.PipelineStateManager (PipelineStateManager.java:addPipeline(56)) - Created pipeline Pipeline[ Id: 7816c560-67b6-4f08-beeb-0b6529596dfa, Nodes: 080d8b78-b76d-4b3c-b093-271222147c90{ip: 192.168.5.166, host: pr-hdds-2030-qplxq-3692370286, networkLocation: /default-rack, certSerialId: null}173b4405-db9a-4ec1-ad57-661f797ffe9b{ip: 192.168.5.166, host: pr-hdds-2030-qplxq-3692370286, networkLocation: /default-rack, certSerialId: null}c2005dcb-bacc-4d06-90c0-f8ae32e9f9ba{ip: 192.168.5.166, host: pr-hdds-2030-qplxq-3692370286, networkLocation: /default-rack, certSerialId: null}, Type:RATIS, Factor:THREE, State:OPEN]
2019-08-29 11:40:12,390 [main] INFO  ozone.MiniOzoneClusterImpl (MiniOzoneClusterImpl.java:lambda$waitForClusterToBeReady$0(142)) - Waiting for cluster to be ready. Got 6 of 7 DN Heartbeats.
2019-08-29 11:40:12,391 [IPC Server handler 3 on 43974] INFO  net.NetworkTopology (NetworkTopologyImpl.java:add(110)) - Added a new node: /default-rack/eec2788d-61ce-476f-8498-1c0940795640
2019-08-29 11:40:12,391 [IPC Server handler 3 on 43974] INFO  node.SCMNodeManager (SCMNodeManager.java:register(273)) - Registered Data node : eec2788d-61ce-476f-8498-1c0940795640{ip: 192.168.5.166, host: pr-hdds-2030-qplxq-3692370286, networkLocation: /default-rack, certSerialId: null}
2019-08-29 11:40:12,391 | INFO  | SCMAudit | user=jenkins1000 | ip=192.168.5.166 | op=REGISTER {datanodeDetails=eec2788d-61ce-476f-8498-1c0940795640{ip: 192.168.5.166, host: pr-hdds-2030-qplxq-3692370286, networkLocation: /default-rack, certSerialId: null}} | ret=SUCCESS |  
2019-08-29 11:40:12,398 [grpc-default-executor-5] INFO  impl.RaftServerProxy (RaftServerProxy.java:addNew(89)) - eec2788d-61ce-476f-8498-1c0940795640: addNew group-216C9DD6AD67:[eec2788d-61ce-476f-8498-1c0940795640:192.168.5.166:44773] returns group-216C9DD6AD67:java.util.concurrent.CompletableFuture@536060d1[Not completed]
2019-08-29 11:40:12,399 [pool-505-thread-1] INFO  impl.RaftServerImpl (RaftServerImpl.java:<init>(93)) - eec2788d-61ce-476f-8498-1c0940795640: new RaftServerImpl for group-216C9DD6AD67:[eec2788d-61ce-476f-8498-1c0940795640:192.168.5.166:44773] with ContainerStateMachine:uninitialized
2019-08-29 11:40:12,399 [pool-505-thread-1] INFO  server.RaftServerConfigKeys (ConfUtils.java:logGet(43)) - raft.server.rpc.timeout.min = 5s (custom)
2019-08-29 11:40:12,399 [pool-505-thread-1] INFO  server.RaftServerConfigKeys (ConfUtils.java:logGet(43)) - raft.server.rpc.timeout.max = 5200ms (custom)
2019-08-29 11:40:12,399 [pool-505-thread-1] INFO  server.RaftServerConfigKeys (ConfUtils.java:logGet(43)) - raft.server.rpcslowness.timeout = 120s (custom)
2019-08-29 11:40:12,399 [pool-505-thread-1] INFO  server.RaftServerConfigKeys (ConfUtils.java:logGet(43)) - raft.server.sleep.deviation.threshold = 300 (default)
2019-08-29 11:40:12,399 [pool-505-thread-1] INFO  server.RaftServerConfigKeys (ConfUtils.java:logGet(43)) - raft.server.log.appender.install.snapshot.enabled = false (custom)
2019-08-29 11:40:12,399 [pool-505-thread-1] INFO  impl.RaftServerImpl (ServerState.java:<init>(105)) - eec2788d-61ce-476f-8498-1c0940795640:group-216C9DD6AD67 ConfigurationManager, init=-1: [eec2788d-61ce-476f-8498-1c0940795640:192.168.5.166:44773], old=null, confs=<EMPTY_MAP>
2019-08-29 11:40:12,399 [pool-505-thread-1] INFO  server.RaftServerConfigKeys (ConfUtils.java:logGet(43)) - raft.server.storage.dir = [/workdir/hadoop-ozone/integration-test/target/test-dir/MiniOzoneClusterImpl-60a45d56-0b46-4bc8-bc0f-04071af02df0/datanode-6/data/ratis] (custom)
2019-08-29 11:40:12,399 [pool-505-thread-1] INFO  storage.RaftStorageDirectory (RaftStorageDirectory.java:analyzeStorage(246)) - The storage directory /workdir/hadoop-ozone/integration-test/target/test-dir/MiniOzoneClusterImpl-60a45d56-0b46-4bc8-bc0f-04071af02df0/datanode-6/data/ratis/ecc0bf4c-1431-424d-83ca-216c9dd6ad67 does not exist. Creating ...
2019-08-29 11:40:12,418 [pool-505-thread-1] INFO  storage.RaftStorageDirectory (RaftStorageDirectory.java:tryLock(328)) - Lock on /workdir/hadoop-ozone/integration-test/target/test-dir/MiniOzoneClusterImpl-60a45d56-0b46-4bc8-bc0f-04071af02df0/datanode-6/data/ratis/ecc0bf4c-1431-424d-83ca-216c9dd6ad67/in_use.lock acquired by nodename 29018@pr-hdds-2030-qplxq-3692370286
2019-08-29 11:40:12,451 [pool-505-thread-1] INFO  storage.RaftStorage (RaftStorage.java:format(72)) - Storage directory /workdir/hadoop-ozone/integration-test/target/test-dir/MiniOzoneClusterImpl-60a45d56-0b46-4bc8-bc0f-04071af02df0/datanode-6/data/ratis/ecc0bf4c-1431-424d-83ca-216c9dd6ad67 has been successfully formatted.
2019-08-29 11:40:12,451 [pool-505-thread-1] INFO  ratis.ContainerStateMachine (ContainerStateMachine.java:loadSnapshot(226)) - group-216C9DD6AD67: The snapshot info is null. Setting the last applied indexto:(t:0, i:~)
2019-08-29 11:40:12,451 [pool-505-thread-1] INFO  server.RaftServerConfigKeys (ConfUtils.java:logGet(43)) - raft.server.leader.election.timeout = 120s (custom)
2019-08-29 11:40:12,451 [pool-505-thread-1] INFO  server.RaftServerConfigKeys (ConfUtils.java:logGet(43)) - raft.server.log.use.memory = false (default)
2019-08-29 11:40:12,451 [pool-505-thread-1] INFO  server.RaftServerConfigKeys (ConfUtils.java:logGet(43)) - raft.server.log.purge.gap = 1000000 (custom)
2019-08-29 11:40:12,451 [pool-505-thread-1] INFO  server.RaftServerConfigKeys (ConfUtils.java:logGet(43)) - raft.server.log.appender.buffer.byte-limit = 33554432 (custom)
2019-08-29 11:40:12,451 [pool-505-thread-1] INFO  server.RaftServerConfigKeys (ConfUtils.java:logGet(43)) - raft.server.log.segment.size.max = 1048576 (custom)
2019-08-29 11:40:12,452 [pool-505-thread-1] INFO  server.RaftServerConfigKeys (ConfUtils.java:logGet(43)) - raft.server.log.segment.cache.num.max = 2 (custom)
2019-08-29 11:40:12,452 [pool-505-thread-1] INFO  segmented.SegmentedRaftLogWorker (SegmentedRaftLogWorker.java:<init>(172)) - new eec2788d-61ce-476f-8498-1c0940795640-SegmentedRaftLogWorker:Storage Directory /workdir/hadoop-ozone/integration-test/target/test-dir/MiniOzoneClusterImpl-60a45d56-0b46-4bc8-bc0f-04071af02df0/datanode-6/data/ratis/ecc0bf4c-1431-424d-83ca-216c9dd6ad67 for RaftStorage:Storage Directory /workdir/hadoop-ozone/integration-test/target/test-dir/MiniOzoneClusterImpl-60a45d56-0b46-4bc8-bc0f-04071af02df0/datanode-6/data/ratis/ecc0bf4c-1431-424d-83ca-216c9dd6ad67
2019-08-29 11:40:12,452 [pool-505-thread-1] INFO  server.RaftServerConfigKeys (ConfUtils.java:logGet(43)) - raft.server.log.queue.byte-limit = 2147483647 (custom)
2019-08-29 11:40:12,452 [pool-505-thread-1] INFO  server.RaftServerConfigKeys (ConfUtils.java:logGet(43)) - raft.server.log.queue.element-limit = 1024 (custom)
2019-08-29 11:40:12,452 [pool-505-thread-1] INFO  server.RaftServerConfigKeys (ConfUtils.java:logGet(43)) - raft.server.log.segment.size.max = 1048576 (custom)
2019-08-29 11:40:12,452 [pool-505-thread-1] INFO  server.RaftServerConfigKeys (ConfUtils.java:logGet(43)) - raft.server.log.preallocated.size = 16384 (custom)
2019-08-29 11:40:12,453 [pool-505-thread-1] INFO  server.RaftServerConfigKeys (ConfUtils.java:logGet(43)) - raft.server.log.write.buffer.size = 33554432 (custom)
2019-08-29 11:40:12,453 [pool-505-thread-1] INFO  server.RaftServerConfigKeys (ConfUtils.java:logGet(43)) - raft.server.log.force.sync.num = 128 (default)
2019-08-29 11:40:12,453 [pool-505-thread-1] INFO  server.RaftServerConfigKeys (ConfUtils.java:logGet(43)) - raft.server.log.statemachine.data.sync = true (default)
2019-08-29 11:40:12,453 [pool-505-thread-1] INFO  server.RaftServerConfigKeys (ConfUtils.java:logGet(43)) - raft.server.log.statemachine.data.sync.timeout = 10s (default)
2019-08-29 11:40:12,453 [pool-505-thread-1] INFO  server.RaftServerConfigKeys (ConfUtils.java:logGet(43)) - raft.server.log.statemachine.data.sync.timeout.retry = -1 (default)
2019-08-29 11:40:12,453 [pool-505-thread-1] INFO  server.RaftServerConfigKeys (ConfUtils.java:logGet(43)) - raft.server.log.statemachine.data.caching.enabled = true (custom)
2019-08-29 11:40:12,454 [pool-505-thread-1] INFO  segmented.SegmentedRaftLogWorker (SegmentedRaftLogWorker.java:lambda$new$0(132)) - eec2788d-61ce-476f-8498-1c0940795640-SegmentedRaftLogWorker:Storage Directory /workdir/hadoop-ozone/integration-test/target/test-dir/MiniOzoneClusterImpl-60a45d56-0b46-4bc8-bc0f-04071af02df0/datanode-6/data/ratis/ecc0bf4c-1431-424d-83ca-216c9dd6ad67: flushIndex: setUnconditionally 0 -> -1
2019-08-29 11:40:12,454 [pool-505-thread-1] INFO  server.RaftServerConfigKeys (ConfUtils.java:logGet(43)) - raft.server.snapshot.auto.trigger.enabled = true (custom)
2019-08-29 11:40:12,454 [pool-505-thread-1] INFO  server.RaftServerConfigKeys (ConfUtils.java:logGet(43)) - raft.server.snapshot.auto.trigger.threshold = 10000 (custom)
2019-08-29 11:40:12,454 [pool-505-thread-1] INFO  server.RaftServerConfigKeys (ConfUtils.java:logGet(43)) - raft.server.retrycache.expirytime = 600000ms (custom)
2019-08-29 11:40:12,454 [pool-505-thread-1] INFO  impl.RaftServerImpl (RaftServerImpl.java:start(180)) - eec2788d-61ce-476f-8498-1c0940795640: start group-216C9DD6AD67
2019-08-29 11:40:12,455 [pool-505-thread-1] INFO  impl.RaftServerImpl (RaftServerImpl.java:setRole(171)) - eec2788d-61ce-476f-8498-1c0940795640:group-216C9DD6AD67 changes role from null to FOLLOWER at term 0 for startAsFollower
2019-08-29 11:40:12,455 [pool-505-thread-1] INFO  impl.RoleInfo (RoleInfo.java:updateAndGet(143)) - eec2788d-61ce-476f-8498-1c0940795640: start FollowerState
2019-08-29 11:40:12,455 [pool-505-thread-1] INFO  util.JmxRegister (JmxRegister.java:tryRegister(44)) - Successfully registered JMX Bean with object name Ratis:service=RaftServer,group=group-216C9DD6AD67,id=eec2788d-61ce-476f-8498-1c0940795640
2019-08-29 11:40:12,460 [RatisPipelineUtilsThread] INFO  pipeline.PipelineStateManager (PipelineStateManager.java:addPipeline(56)) - Created pipeline Pipeline[ Id: ecc0bf4c-1431-424d-83ca-216c9dd6ad67, Nodes: eec2788d-61ce-476f-8498-1c0940795640{ip: 192.168.5.166, host: pr-hdds-2030-qplxq-3692370286, networkLocation: /default-rack, certSerialId: null}, Type:RATIS, Factor:ONE, State:OPEN]
2019-08-29 11:40:13,001 | INFO  | SCMAudit | user=jenkins1000 | ip=192.168.5.166 | op=SEND_HEARTBEAT {datanodeUUID=b53f6902-efbc-4527-b99b-6ae0f6edb4d4, command=[]} | ret=SUCCESS |  
2019-08-29 11:40:13,188 | INFO  | SCMAudit | user=jenkins1000 | ip=192.168.5.166 | op=SEND_HEARTBEAT {datanodeUUID=c03e1c2a-de54-4f45-8368-f772dadfbdb1, command=[]} | ret=SUCCESS |  
2019-08-29 11:40:13,391 [main] INFO  ozone.MiniOzoneClusterImpl (MiniOzoneClusterImpl.java:lambda$waitForClusterToBeReady$0(142)) - Cluster is ready. Got 7 of 7 DN Heartbeats.
2019-08-29 11:40:13,425 [main] INFO  rpc.RpcClient (RpcClient.java:createVolume(293)) - Creating Volume: testblockoutputstream, with jenkins1000 as owner.
2019-08-29 11:40:13,427 | INFO  | OMAudit | user=jenkins1000 | ip=127.0.0.1 | op=CREATE_VOLUME {admin=jenkins1000, owner=jenkins1000, volume=testblockoutputstream, creationTime=1567078813427, quotaInBytes=1152921504606846976} | ret=SUCCESS |  
2019-08-29 11:40:13,439 | INFO  | OMAudit | user=jenkins1000 | ip=127.0.0.1 | op=READ_VOLUME {volume=testblockoutputstream} | ret=SUCCESS |  
2019-08-29 11:40:13,439 [main] INFO  rpc.RpcClient (RpcClient.java:createBucket(432)) - Creating Bucket: testblockoutputstream/testblockoutputstream, with Versioning false and Storage Type set to DISK and Encryption set to false 
2019-08-29 11:40:13,443 | INFO  | OMAudit | user=jenkins1000 | ip=127.0.0.1 | op=CREATE_BUCKET {volume=testblockoutputstream, bucket=testblockoutputstream, acls=[user:jenkins1000:a[ACCESS], group:default:a[ACCESS]], isVersionEnabled=false, storageType=DISK, creationTime=0} | ret=SUCCESS |  
2019-08-29 11:40:13,444 | INFO  | OMAudit | user=jenkins1000 | ip=127.0.0.1 | op=READ_VOLUME {volume=testblockoutputstream} | ret=SUCCESS |  
2019-08-29 11:40:13,446 | INFO  | OMAudit | user=jenkins1000 | ip=127.0.0.1 | op=READ_BUCKET {volume=testblockoutputstream, bucket=testblockoutputstream} | ret=SUCCESS |  
2019-08-29 11:40:13,450 | INFO  | SCMAudit | user=jenkins1000 | ip=192.168.5.166 | op=ALLOCATE_BLOCK {owner=fe0a8d44-659e-4a49-a607-a102126211ae, size=800, type=RATIS, factor=THREE} | ret=SUCCESS |  
2019-08-29 11:40:13,453 | INFO  | OMAudit | user=jenkins1000 | ip=127.0.0.1 | op=ALLOCATE_KEY {volume=testblockoutputstream, bucket=testblockoutputstream, key=caebadd2-8f95-4497-8723-a9ef2d647c22, dataSize=0, replicationType=RATIS, replicationFactor=THREE, keyLocationInfo=null} | ret=SUCCESS |  
2019-08-29 11:40:13,475 [grpc-default-executor-5] INFO  client.GrpcClientProtocolClient (GrpcClientProtocolClient.java:onNext(255)) - client-C6D552CAD27F->c03e1c2a-de54-4f45-8368-f772dadfbdb1: receive RaftClientReply:client-C6D552CAD27F->c03e1c2a-de54-4f45-8368-f772dadfbdb1@group-125E9A69CB37, cid=163, FAILED org.apache.ratis.protocol.NotLeaderException: Server c03e1c2a-de54-4f45-8368-f772dadfbdb1 is not the leader (null). Request must be sent to leader., logIndex=0, commits[c03e1c2a-de54-4f45-8368-f772dadfbdb1:c-1]
2019-08-29 11:40:13,640 | INFO  | SCMAudit | user=jenkins1000 | ip=192.168.5.166 | op=SEND_HEARTBEAT {datanodeUUID=d426621c-da0b-4728-bc06-17a58ad6bb29, command=[]} | ret=SUCCESS |  
2019-08-29 11:40:13,832 | INFO  | SCMAudit | user=jenkins1000 | ip=192.168.5.166 | op=SEND_HEARTBEAT {datanodeUUID=080d8b78-b76d-4b3c-b093-271222147c90, command=[]} | ret=SUCCESS |  
2019-08-29 11:40:14,001 | INFO  | SCMAudit | user=jenkins1000 | ip=192.168.5.166 | op=SEND_HEARTBEAT {datanodeUUID=b53f6902-efbc-4527-b99b-6ae0f6edb4d4, command=[]} | ret=SUCCESS |  
2019-08-29 11:40:14,006 | INFO  | SCMAudit | user=jenkins1000 | ip=192.168.5.166 | op=SEND_HEARTBEAT {datanodeUUID=c2005dcb-bacc-4d06-90c0-f8ae32e9f9ba, command=[]} | ret=SUCCESS |  
2019-08-29 11:40:14,010 [Thread-3282] INFO  container.ReplicationManager (ReplicationManager.java:start(152)) - Starting Replication Monitor Thread.
2019-08-29 11:40:14,014 [ReplicationMonitor] INFO  container.ReplicationManager (ReplicationManager.java:run(215)) - Replication Monitor Thread took 0 milliseconds for processing 1 containers.
2019-08-29 11:40:14,188 | INFO  | SCMAudit | user=jenkins1000 | ip=192.168.5.166 | op=SEND_HEARTBEAT {datanodeUUID=c03e1c2a-de54-4f45-8368-f772dadfbdb1, command=[]} | ret=SUCCESS |  
2019-08-29 11:40:14,202 | INFO  | SCMAudit | user=jenkins1000 | ip=192.168.5.166 | op=SEND_HEARTBEAT {datanodeUUID=173b4405-db9a-4ec1-ad57-661f797ffe9b, command=[]} | ret=SUCCESS |  
2019-08-29 11:40:14,390 | INFO  | SCMAudit | user=jenkins1000 | ip=192.168.5.166 | op=SEND_HEARTBEAT {datanodeUUID=eec2788d-61ce-476f-8498-1c0940795640, command=[]} | ret=SUCCESS |  
2019-08-29 11:40:14,489 [grpc-default-executor-8] INFO  client.GrpcClientProtocolClient (GrpcClientProtocolClient.java:onNext(255)) - client-C6D552CAD27F->b53f6902-efbc-4527-b99b-6ae0f6edb4d4: receive RaftClientReply:client-C6D552CAD27F->b53f6902-efbc-4527-b99b-6ae0f6edb4d4@group-125E9A69CB37, cid=163, FAILED org.apache.ratis.protocol.NotLeaderException: Server b53f6902-efbc-4527-b99b-6ae0f6edb4d4 is not the leader (null). Request must be sent to leader., logIndex=0, commits[b53f6902-efbc-4527-b99b-6ae0f6edb4d4:c-1]
2019-08-29 11:40:14,641 | INFO  | SCMAudit | user=jenkins1000 | ip=192.168.5.166 | op=SEND_HEARTBEAT {datanodeUUID=d426621c-da0b-4728-bc06-17a58ad6bb29, command=[]} | ret=SUCCESS |  
2019-08-29 11:40:14,832 | INFO  | SCMAudit | user=jenkins1000 | ip=192.168.5.166 | op=SEND_HEARTBEAT {datanodeUUID=080d8b78-b76d-4b3c-b093-271222147c90, command=[]} | ret=SUCCESS |  
2019-08-29 11:40:15,002 | INFO  | SCMAudit | user=jenkins1000 | ip=192.168.5.166 | op=SEND_HEARTBEAT {datanodeUUID=b53f6902-efbc-4527-b99b-6ae0f6edb4d4, command=[]} | ret=SUCCESS |  
2019-08-29 11:40:15,006 | INFO  | SCMAudit | user=jenkins1000 | ip=192.168.5.166 | op=SEND_HEARTBEAT {datanodeUUID=c2005dcb-bacc-4d06-90c0-f8ae32e9f9ba, command=[]} | ret=SUCCESS |  
2019-08-29 11:40:15,189 | INFO  | SCMAudit | user=jenkins1000 | ip=192.168.5.166 | op=SEND_HEARTBEAT {datanodeUUID=c03e1c2a-de54-4f45-8368-f772dadfbdb1, command=[]} | ret=SUCCESS |  
2019-08-29 11:40:15,202 | INFO  | SCMAudit | user=jenkins1000 | ip=192.168.5.166 | op=SEND_HEARTBEAT {datanodeUUID=173b4405-db9a-4ec1-ad57-661f797ffe9b, command=[]} | ret=SUCCESS |  
2019-08-29 11:40:15,390 | INFO  | SCMAudit | user=jenkins1000 | ip=192.168.5.166 | op=SEND_HEARTBEAT {datanodeUUID=eec2788d-61ce-476f-8498-1c0940795640, command=[]} | ret=SUCCESS |  
2019-08-29 11:40:15,504 [grpc-default-executor-8] INFO  client.GrpcClientProtocolClient (GrpcClientProtocolClient.java:onNext(255)) - client-C6D552CAD27F->c03e1c2a-de54-4f45-8368-f772dadfbdb1: receive RaftClientReply:client-C6D552CAD27F->c03e1c2a-de54-4f45-8368-f772dadfbdb1@group-125E9A69CB37, cid=163, FAILED org.apache.ratis.protocol.NotLeaderException: Server c03e1c2a-de54-4f45-8368-f772dadfbdb1 is not the leader (null). Request must be sent to leader., logIndex=0, commits[c03e1c2a-de54-4f45-8368-f772dadfbdb1:c-1]
2019-08-29 11:40:15,641 | INFO  | SCMAudit | user=jenkins1000 | ip=192.168.5.166 | op=SEND_HEARTBEAT {datanodeUUID=d426621c-da0b-4728-bc06-17a58ad6bb29, command=[]} | ret=SUCCESS |  
2019-08-29 11:40:15,833 | INFO  | SCMAudit | user=jenkins1000 | ip=192.168.5.166 | op=SEND_HEARTBEAT {datanodeUUID=080d8b78-b76d-4b3c-b093-271222147c90, command=[]} | ret=SUCCESS |  
2019-08-29 11:40:16,002 | INFO  | SCMAudit | user=jenkins1000 | ip=192.168.5.166 | op=SEND_HEARTBEAT {datanodeUUID=b53f6902-efbc-4527-b99b-6ae0f6edb4d4, command=[]} | ret=SUCCESS |  
2019-08-29 11:40:16,006 | INFO  | SCMAudit | user=jenkins1000 | ip=192.168.5.166 | op=SEND_HEARTBEAT {datanodeUUID=c2005dcb-bacc-4d06-90c0-f8ae32e9f9ba, command=[]} | ret=SUCCESS |  
2019-08-29 11:40:16,189 | INFO  | SCMAudit | user=jenkins1000 | ip=192.168.5.166 | op=SEND_HEARTBEAT {datanodeUUID=c03e1c2a-de54-4f45-8368-f772dadfbdb1, command=[]} | ret=SUCCESS |  
2019-08-29 11:40:16,202 | INFO  | SCMAudit | user=jenkins1000 | ip=192.168.5.166 | op=SEND_HEARTBEAT {datanodeUUID=173b4405-db9a-4ec1-ad57-661f797ffe9b, command=[]} | ret=SUCCESS |  
2019-08-29 11:40:16,249 [Thread-3284] INFO  impl.FollowerState (FollowerState.java:run(106)) - b53f6902-efbc-4527-b99b-6ae0f6edb4d4:group-A95AA32445B4 changes to CANDIDATE, lastRpcTime:5178, electionTimeout:5178ms
2019-08-29 11:40:16,250 [Thread-3284] INFO  impl.RoleInfo (RoleInfo.java:shutdownFollowerState(121)) - b53f6902-efbc-4527-b99b-6ae0f6edb4d4: shutdown FollowerState
2019-08-29 11:40:16,250 [Thread-3284] INFO  impl.RaftServerImpl (RaftServerImpl.java:setRole(171)) - b53f6902-efbc-4527-b99b-6ae0f6edb4d4:group-A95AA32445B4 changes role from FOLLOWER to CANDIDATE at term 0 for changeToCandidate
2019-08-29 11:40:16,250 [Thread-3284] INFO  impl.RoleInfo (RoleInfo.java:updateAndGet(143)) - b53f6902-efbc-4527-b99b-6ae0f6edb4d4: start LeaderElection
2019-08-29 11:40:16,282 [b53f6902-efbc-4527-b99b-6ae0f6edb4d4:group-A95AA32445B4:LeaderElection55] INFO  impl.LeaderElection (LeaderElection.java:askForVotes(181)) - b53f6902-efbc-4527-b99b-6ae0f6edb4d4:group-A95AA32445B4:LeaderElection55: begin an election at term 1 for -1: [b53f6902-efbc-4527-b99b-6ae0f6edb4d4:192.168.5.166:41080], old=null
2019-08-29 11:40:16,282 [b53f6902-efbc-4527-b99b-6ae0f6edb4d4:group-A95AA32445B4:LeaderElection55] INFO  impl.RoleInfo (RoleInfo.java:shutdownLeaderElection(134)) - b53f6902-efbc-4527-b99b-6ae0f6edb4d4: shutdown LeaderElection
2019-08-29 11:40:16,282 [b53f6902-efbc-4527-b99b-6ae0f6edb4d4:group-A95AA32445B4:LeaderElection55] INFO  impl.RaftServerImpl (RaftServerImpl.java:setRole(171)) - b53f6902-efbc-4527-b99b-6ae0f6edb4d4:group-A95AA32445B4 changes role from CANDIDATE to LEADER at term 1 for changeToLeader
2019-08-29 11:40:16,282 [b53f6902-efbc-4527-b99b-6ae0f6edb4d4:group-A95AA32445B4:LeaderElection55] INFO  impl.RaftServerImpl (ServerState.java:setLeader(263)) - b53f6902-efbc-4527-b99b-6ae0f6edb4d4:group-A95AA32445B4 change Leader from null to b53f6902-efbc-4527-b99b-6ae0f6edb4d4 at term 1 for becomeLeader, leader elected after 5216ms
2019-08-29 11:40:16,283 [b53f6902-efbc-4527-b99b-6ae0f6edb4d4:group-A95AA32445B4:LeaderElection55] INFO  server.RaftServerConfigKeys (ConfUtils.java:logGet(43)) - raft.server.staging.catchup.gap = 1000 (default)
2019-08-29 11:40:16,283 [b53f6902-efbc-4527-b99b-6ae0f6edb4d4:group-A95AA32445B4:LeaderElection55] INFO  server.RaftServerConfigKeys (ConfUtils.java:logGet(43)) - raft.server.rpc.sleep.time = 25ms (default)
2019-08-29 11:40:16,283 [b53f6902-efbc-4527-b99b-6ae0f6edb4d4:group-A95AA32445B4:LeaderElection55] INFO  server.RaftServerConfigKeys (ConfUtils.java:logGet(43)) - raft.server.write.element-limit = 4096 (default)
2019-08-29 11:40:16,283 [b53f6902-efbc-4527-b99b-6ae0f6edb4d4:group-A95AA32445B4:LeaderElection55] INFO  server.RaftServerConfigKeys (ConfUtils.java:logGet(43)) - raft.server.watch.timeout = 10s (default)
2019-08-29 11:40:16,283 [b53f6902-efbc-4527-b99b-6ae0f6edb4d4:group-A95AA32445B4:LeaderElection55] INFO  server.RaftServerConfigKeys (ConfUtils.java:logGet(43)) - raft.server.watch.timeout.denomination = 1s (default)
2019-08-29 11:40:16,284 [b53f6902-efbc-4527-b99b-6ae0f6edb4d4:group-A95AA32445B4:LeaderElection55] INFO  server.RaftServerConfigKeys (ConfUtils.java:logGet(43)) - raft.server.watch.element-limit = 65536 (default)
2019-08-29 11:40:16,284 [b53f6902-efbc-4527-b99b-6ae0f6edb4d4:group-A95AA32445B4:LeaderElection55] INFO  impl.RoleInfo (RoleInfo.java:updateAndGet(143)) - b53f6902-efbc-4527-b99b-6ae0f6edb4d4: start LeaderState
2019-08-29 11:40:16,285 [b53f6902-efbc-4527-b99b-6ae0f6edb4d4:group-A95AA32445B4:LeaderElection55] INFO  segmented.SegmentedRaftLogWorker (SegmentedRaftLogWorker.java:startLogSegment(380)) - b53f6902-efbc-4527-b99b-6ae0f6edb4d4-SegmentedRaftLogWorker:Storage Directory /workdir/hadoop-ozone/integration-test/target/test-dir/MiniOzoneClusterImpl-60a45d56-0b46-4bc8-bc0f-04071af02df0/datanode-0/data/ratis/558e2696-cba3-4565-bb99-a95aa32445b4: Starting segment from index:0
2019-08-29 11:40:16,285 [b53f6902-efbc-4527-b99b-6ae0f6edb4d4:group-A95AA32445B4:LeaderElection55] INFO  impl.RaftServerImpl (ServerState.java:setRaftConf(361)) - b53f6902-efbc-4527-b99b-6ae0f6edb4d4:group-A95AA32445B4 set configuration 0: [b53f6902-efbc-4527-b99b-6ae0f6edb4d4:192.168.5.166:41080], old=null at 0
2019-08-29 11:40:16,344 [b53f6902-efbc-4527-b99b-6ae0f6edb4d4-SegmentedRaftLogWorker:Storage Directory /workdir/hadoop-ozone/integration-test/target/test-dir/MiniOzoneClusterImpl-60a45d56-0b46-4bc8-bc0f-04071af02df0/datanode-0/data/ratis/558e2696-cba3-4565-bb99-a95aa32445b4] INFO  segmented.SegmentedRaftLogWorker (SegmentedRaftLogWorker.java:execute(569)) - b53f6902-efbc-4527-b99b-6ae0f6edb4d4-SegmentedRaftLogWorker:Storage Directory /workdir/hadoop-ozone/integration-test/target/test-dir/MiniOzoneClusterImpl-60a45d56-0b46-4bc8-bc0f-04071af02df0/datanode-0/data/ratis/558e2696-cba3-4565-bb99-a95aa32445b4: created new log segment /workdir/hadoop-ozone/integration-test/target/test-dir/MiniOzoneClusterImpl-60a45d56-0b46-4bc8-bc0f-04071af02df0/datanode-0/data/ratis/558e2696-cba3-4565-bb99-a95aa32445b4/current/log_inprogress_0
2019-08-29 11:40:16,387 [Thread-3287] INFO  impl.FollowerState (FollowerState.java:run(106)) - c03e1c2a-de54-4f45-8368-f772dadfbdb1:group-92DF9322B7A9 changes to CANDIDATE, lastRpcTime:5124, electionTimeout:5124ms
2019-08-29 11:40:16,387 [Thread-3287] INFO  impl.RoleInfo (RoleInfo.java:shutdownFollowerState(121)) - c03e1c2a-de54-4f45-8368-f772dadfbdb1: shutdown FollowerState
2019-08-29 11:40:16,387 [Thread-3287] INFO  impl.RaftServerImpl (RaftServerImpl.java:setRole(171)) - c03e1c2a-de54-4f45-8368-f772dadfbdb1:group-92DF9322B7A9 changes role from FOLLOWER to CANDIDATE at term 0 for changeToCandidate
2019-08-29 11:40:16,387 [Thread-3287] INFO  impl.RoleInfo (RoleInfo.java:updateAndGet(143)) - c03e1c2a-de54-4f45-8368-f772dadfbdb1: start LeaderElection
2019-08-29 11:40:16,407 | INFO  | SCMAudit | user=jenkins1000 | ip=192.168.5.166 | op=SEND_HEARTBEAT {datanodeUUID=eec2788d-61ce-476f-8498-1c0940795640, command=[]} | ret=SUCCESS |  
2019-08-29 11:40:16,417 [c03e1c2a-de54-4f45-8368-f772dadfbdb1:group-92DF9322B7A9:LeaderElection56] INFO  impl.LeaderElection (LeaderElection.java:askForVotes(181)) - c03e1c2a-de54-4f45-8368-f772dadfbdb1:group-92DF9322B7A9:LeaderElection56: begin an election at term 1 for -1: [c03e1c2a-de54-4f45-8368-f772dadfbdb1:192.168.5.166:37728], old=null
2019-08-29 11:40:16,418 [c03e1c2a-de54-4f45-8368-f772dadfbdb1:group-92DF9322B7A9:LeaderElection56] INFO  impl.RoleInfo (RoleInfo.java:shutdownLeaderElection(134)) - c03e1c2a-de54-4f45-8368-f772dadfbdb1: shutdown LeaderElection
2019-08-29 11:40:16,418 [c03e1c2a-de54-4f45-8368-f772dadfbdb1:group-92DF9322B7A9:LeaderElection56] INFO  impl.RaftServerImpl (RaftServerImpl.java:setRole(171)) - c03e1c2a-de54-4f45-8368-f772dadfbdb1:group-92DF9322B7A9 changes role from CANDIDATE to LEADER at term 1 for changeToLeader
2019-08-29 11:40:16,418 [c03e1c2a-de54-4f45-8368-f772dadfbdb1:group-92DF9322B7A9:LeaderElection56] INFO  impl.RaftServerImpl (ServerState.java:setLeader(263)) - c03e1c2a-de54-4f45-8368-f772dadfbdb1:group-92DF9322B7A9 change Leader from null to c03e1c2a-de54-4f45-8368-f772dadfbdb1 at term 1 for becomeLeader, leader elected after 5159ms
2019-08-29 11:40:16,418 [c03e1c2a-de54-4f45-8368-f772dadfbdb1:group-92DF9322B7A9:LeaderElection56] INFO  server.RaftServerConfigKeys (ConfUtils.java:logGet(43)) - raft.server.staging.catchup.gap = 1000 (default)
2019-08-29 11:40:16,418 [c03e1c2a-de54-4f45-8368-f772dadfbdb1:group-92DF9322B7A9:LeaderElection56] INFO  server.RaftServerConfigKeys (ConfUtils.java:logGet(43)) - raft.server.rpc.sleep.time = 25ms (default)
2019-08-29 11:40:16,418 [c03e1c2a-de54-4f45-8368-f772dadfbdb1:group-92DF9322B7A9:LeaderElection56] INFO  server.RaftServerConfigKeys (ConfUtils.java:logGet(43)) - raft.server.write.element-limit = 4096 (default)
2019-08-29 11:40:16,419 [c03e1c2a-de54-4f45-8368-f772dadfbdb1:group-92DF9322B7A9:LeaderElection56] INFO  server.RaftServerConfigKeys (ConfUtils.java:logGet(43)) - raft.server.watch.timeout = 10s (default)
2019-08-29 11:40:16,419 [c03e1c2a-de54-4f45-8368-f772dadfbdb1:group-92DF9322B7A9:LeaderElection56] INFO  server.RaftServerConfigKeys (ConfUtils.java:logGet(43)) - raft.server.watch.timeout.denomination = 1s (default)
2019-08-29 11:40:16,419 [c03e1c2a-de54-4f45-8368-f772dadfbdb1:group-92DF9322B7A9:LeaderElection56] INFO  server.RaftServerConfigKeys (ConfUtils.java:logGet(43)) - raft.server.watch.element-limit = 65536 (default)
2019-08-29 11:40:16,419 [c03e1c2a-de54-4f45-8368-f772dadfbdb1:group-92DF9322B7A9:LeaderElection56] INFO  impl.RoleInfo (RoleInfo.java:updateAndGet(143)) - c03e1c2a-de54-4f45-8368-f772dadfbdb1: start LeaderState
2019-08-29 11:40:16,419 [c03e1c2a-de54-4f45-8368-f772dadfbdb1:group-92DF9322B7A9:LeaderElection56] INFO  segmented.SegmentedRaftLogWorker (SegmentedRaftLogWorker.java:startLogSegment(380)) - c03e1c2a-de54-4f45-8368-f772dadfbdb1-SegmentedRaftLogWorker:Storage Directory /workdir/hadoop-ozone/integration-test/target/test-dir/MiniOzoneClusterImpl-60a45d56-0b46-4bc8-bc0f-04071af02df0/datanode-1/data/ratis/40040fab-a7b9-4a2d-b86e-92df9322b7a9: Starting segment from index:0
2019-08-29 11:40:16,420 [c03e1c2a-de54-4f45-8368-f772dadfbdb1:group-92DF9322B7A9:LeaderElection56] INFO  impl.RaftServerImpl (ServerState.java:setRaftConf(361)) - c03e1c2a-de54-4f45-8368-f772dadfbdb1:group-92DF9322B7A9 set configuration 0: [c03e1c2a-de54-4f45-8368-f772dadfbdb1:192.168.5.166:37728], old=null at 0
2019-08-29 11:40:16,471 [c03e1c2a-de54-4f45-8368-f772dadfbdb1-SegmentedRaftLogWorker:Storage Directory /workdir/hadoop-ozone/integration-test/target/test-dir/MiniOzoneClusterImpl-60a45d56-0b46-4bc8-bc0f-04071af02df0/datanode-1/data/ratis/40040fab-a7b9-4a2d-b86e-92df9322b7a9] INFO  segmented.SegmentedRaftLogWorker (SegmentedRaftLogWorker.java:execute(569)) - c03e1c2a-de54-4f45-8368-f772dadfbdb1-SegmentedRaftLogWorker:Storage Directory /workdir/hadoop-ozone/integration-test/target/test-dir/MiniOzoneClusterImpl-60a45d56-0b46-4bc8-bc0f-04071af02df0/datanode-1/data/ratis/40040fab-a7b9-4a2d-b86e-92df9322b7a9: created new log segment /workdir/hadoop-ozone/integration-test/target/test-dir/MiniOzoneClusterImpl-60a45d56-0b46-4bc8-bc0f-04071af02df0/datanode-1/data/ratis/40040fab-a7b9-4a2d-b86e-92df9322b7a9/current/log_inprogress_0
2019-08-29 11:40:16,516 [grpc-default-executor-8] INFO  client.GrpcClientProtocolClient (GrpcClientProtocolClient.java:onNext(255)) - client-C6D552CAD27F->d426621c-da0b-4728-bc06-17a58ad6bb29: receive RaftClientReply:client-C6D552CAD27F->d426621c-da0b-4728-bc06-17a58ad6bb29@group-125E9A69CB37, cid=163, FAILED org.apache.ratis.protocol.NotLeaderException: Server d426621c-da0b-4728-bc06-17a58ad6bb29 is not the leader (null). Request must be sent to leader., logIndex=0, commits[d426621c-da0b-4728-bc06-17a58ad6bb29:c-1]
2019-08-29 11:40:16,641 | INFO  | SCMAudit | user=jenkins1000 | ip=192.168.5.166 | op=SEND_HEARTBEAT {datanodeUUID=d426621c-da0b-4728-bc06-17a58ad6bb29, command=[]} | ret=SUCCESS |  
2019-08-29 11:40:16,751 [Thread-3290] INFO  impl.FollowerState (FollowerState.java:run(106)) - d426621c-da0b-4728-bc06-17a58ad6bb29:group-7CAFFEEEE779 changes to CANDIDATE, lastRpcTime:5055, electionTimeout:5055ms
2019-08-29 11:40:16,751 [Thread-3290] INFO  impl.RoleInfo (RoleInfo.java:shutdownFollowerState(121)) - d426621c-da0b-4728-bc06-17a58ad6bb29: shutdown FollowerState
2019-08-29 11:40:16,751 [Thread-3290] INFO  impl.RaftServerImpl (RaftServerImpl.java:setRole(171)) - d426621c-da0b-4728-bc06-17a58ad6bb29:group-7CAFFEEEE779 changes role from FOLLOWER to CANDIDATE at term 0 for changeToCandidate
2019-08-29 11:40:16,751 [Thread-3290] INFO  impl.RoleInfo (RoleInfo.java:updateAndGet(143)) - d426621c-da0b-4728-bc06-17a58ad6bb29: start LeaderElection
2019-08-29 11:40:16,771 [d426621c-da0b-4728-bc06-17a58ad6bb29:group-7CAFFEEEE779:LeaderElection57] INFO  impl.LeaderElection (LeaderElection.java:askForVotes(181)) - d426621c-da0b-4728-bc06-17a58ad6bb29:group-7CAFFEEEE779:LeaderElection57: begin an election at term 1 for -1: [d426621c-da0b-4728-bc06-17a58ad6bb29:192.168.5.166:35970], old=null
2019-08-29 11:40:16,771 [d426621c-da0b-4728-bc06-17a58ad6bb29:group-7CAFFEEEE779:LeaderElection57] INFO  impl.RoleInfo (RoleInfo.java:shutdownLeaderElection(134)) - d426621c-da0b-4728-bc06-17a58ad6bb29: shutdown LeaderElection
2019-08-29 11:40:16,771 [d426621c-da0b-4728-bc06-17a58ad6bb29:group-7CAFFEEEE779:LeaderElection57] INFO  impl.RaftServerImpl (RaftServerImpl.java:setRole(171)) - d426621c-da0b-4728-bc06-17a58ad6bb29:group-7CAFFEEEE779 changes role from CANDIDATE to LEADER at term 1 for changeToLeader
2019-08-29 11:40:16,771 [d426621c-da0b-4728-bc06-17a58ad6bb29:group-7CAFFEEEE779:LeaderElection57] INFO  impl.RaftServerImpl (ServerState.java:setLeader(263)) - d426621c-da0b-4728-bc06-17a58ad6bb29:group-7CAFFEEEE779 change Leader from null to d426621c-da0b-4728-bc06-17a58ad6bb29 at term 1 for becomeLeader, leader elected after 5079ms
2019-08-29 11:40:16,771 [d426621c-da0b-4728-bc06-17a58ad6bb29:group-7CAFFEEEE779:LeaderElection57] INFO  server.RaftServerConfigKeys (ConfUtils.java:logGet(43)) - raft.server.staging.catchup.gap = 1000 (default)
2019-08-29 11:40:16,771 [d426621c-da0b-4728-bc06-17a58ad6bb29:group-7CAFFEEEE779:LeaderElection57] INFO  server.RaftServerConfigKeys (ConfUtils.java:logGet(43)) - raft.server.rpc.sleep.time = 25ms (default)
2019-08-29 11:40:16,772 [d426621c-da0b-4728-bc06-17a58ad6bb29:group-7CAFFEEEE779:LeaderElection57] INFO  server.RaftServerConfigKeys (ConfUtils.java:logGet(43)) - raft.server.write.element-limit = 4096 (default)
2019-08-29 11:40:16,772 [d426621c-da0b-4728-bc06-17a58ad6bb29:group-7CAFFEEEE779:LeaderElection57] INFO  server.RaftServerConfigKeys (ConfUtils.java:logGet(43)) - raft.server.watch.timeout = 10s (default)
2019-08-29 11:40:16,772 [d426621c-da0b-4728-bc06-17a58ad6bb29:group-7CAFFEEEE779:LeaderElection57] INFO  server.RaftServerConfigKeys (ConfUtils.java:logGet(43)) - raft.server.watch.timeout.denomination = 1s (default)
2019-08-29 11:40:16,772 [d426621c-da0b-4728-bc06-17a58ad6bb29:group-7CAFFEEEE779:LeaderElection57] INFO  server.RaftServerConfigKeys (ConfUtils.java:logGet(43)) - raft.server.watch.element-limit = 65536 (default)
2019-08-29 11:40:16,772 [d426621c-da0b-4728-bc06-17a58ad6bb29:group-7CAFFEEEE779:LeaderElection57] INFO  impl.RoleInfo (RoleInfo.java:updateAndGet(143)) - d426621c-da0b-4728-bc06-17a58ad6bb29: start LeaderState
2019-08-29 11:40:16,772 [d426621c-da0b-4728-bc06-17a58ad6bb29:group-7CAFFEEEE779:LeaderElection57] INFO  segmented.SegmentedRaftLogWorker (SegmentedRaftLogWorker.java:startLogSegment(380)) - d426621c-da0b-4728-bc06-17a58ad6bb29-SegmentedRaftLogWorker:Storage Directory /workdir/hadoop-ozone/integration-test/target/test-dir/MiniOzoneClusterImpl-60a45d56-0b46-4bc8-bc0f-04071af02df0/datanode-2/data/ratis/b02bfae4-6bac-4609-ac9e-7caffeeee779: Starting segment from index:0
2019-08-29 11:40:16,773 [d426621c-da0b-4728-bc06-17a58ad6bb29:group-7CAFFEEEE779:LeaderElection57] INFO  impl.RaftServerImpl (ServerState.java:setRaftConf(361)) - d426621c-da0b-4728-bc06-17a58ad6bb29:group-7CAFFEEEE779 set configuration 0: [d426621c-da0b-4728-bc06-17a58ad6bb29:192.168.5.166:35970], old=null at 0
2019-08-29 11:40:16,827 [d426621c-da0b-4728-bc06-17a58ad6bb29-SegmentedRaftLogWorker:Storage Directory /workdir/hadoop-ozone/integration-test/target/test-dir/MiniOzoneClusterImpl-60a45d56-0b46-4bc8-bc0f-04071af02df0/datanode-2/data/ratis/b02bfae4-6bac-4609-ac9e-7caffeeee779] INFO  segmented.SegmentedRaftLogWorker (SegmentedRaftLogWorker.java:execute(569)) - d426621c-da0b-4728-bc06-17a58ad6bb29-SegmentedRaftLogWorker:Storage Directory /workdir/hadoop-ozone/integration-test/target/test-dir/MiniOzoneClusterImpl-60a45d56-0b46-4bc8-bc0f-04071af02df0/datanode-2/data/ratis/b02bfae4-6bac-4609-ac9e-7caffeeee779: created new log segment /workdir/hadoop-ozone/integration-test/target/test-dir/MiniOzoneClusterImpl-60a45d56-0b46-4bc8-bc0f-04071af02df0/datanode-2/data/ratis/b02bfae4-6bac-4609-ac9e-7caffeeee779/current/log_inprogress_0
2019-08-29 11:40:16,833 | INFO  | SCMAudit | user=jenkins1000 | ip=192.168.5.166 | op=SEND_HEARTBEAT {datanodeUUID=080d8b78-b76d-4b3c-b093-271222147c90, command=[]} | ret=SUCCESS |  
2019-08-29 11:40:16,845 [Thread-3295] INFO  impl.FollowerState (FollowerState.java:run(106)) - c03e1c2a-de54-4f45-8368-f772dadfbdb1:group-125E9A69CB37 changes to CANDIDATE, lastRpcTime:5065, electionTimeout:5065ms
2019-08-29 11:40:16,845 [Thread-3295] INFO  impl.RoleInfo (RoleInfo.java:shutdownFollowerState(121)) - c03e1c2a-de54-4f45-8368-f772dadfbdb1: shutdown FollowerState
2019-08-29 11:40:16,845 [Thread-3295] INFO  impl.RaftServerImpl (RaftServerImpl.java:setRole(171)) - c03e1c2a-de54-4f45-8368-f772dadfbdb1:group-125E9A69CB37 changes role from FOLLOWER to CANDIDATE at term 0 for changeToCandidate
2019-08-29 11:40:16,845 [Thread-3295] INFO  impl.RoleInfo (RoleInfo.java:updateAndGet(143)) - c03e1c2a-de54-4f45-8368-f772dadfbdb1: start LeaderElection
2019-08-29 11:40:16,869 [c03e1c2a-de54-4f45-8368-f772dadfbdb1:group-125E9A69CB37:LeaderElection58] INFO  impl.LeaderElection (LeaderElection.java:askForVotes(181)) - c03e1c2a-de54-4f45-8368-f772dadfbdb1:group-125E9A69CB37:LeaderElection58: begin an election at term 1 for -1: [b53f6902-efbc-4527-b99b-6ae0f6edb4d4:192.168.5.166:41080, d426621c-da0b-4728-bc06-17a58ad6bb29:192.168.5.166:35970, c03e1c2a-de54-4f45-8368-f772dadfbdb1:192.168.5.166:37728], old=null
2019-08-29 11:40:16,873 [grpc-default-executor-5] INFO  impl.RaftServerImpl (RaftServerImpl.java:setRole(171)) - b53f6902-efbc-4527-b99b-6ae0f6edb4d4:group-125E9A69CB37 changes role from FOLLOWER to FOLLOWER at term 1 for recognizeCandidate:c03e1c2a-de54-4f45-8368-f772dadfbdb1
2019-08-29 11:40:16,873 [grpc-default-executor-8] INFO  impl.RaftServerImpl (RaftServerImpl.java:setRole(171)) - d426621c-da0b-4728-bc06-17a58ad6bb29:group-125E9A69CB37 changes role from FOLLOWER to FOLLOWER at term 1 for recognizeCandidate:c03e1c2a-de54-4f45-8368-f772dadfbdb1
2019-08-29 11:40:16,874 [grpc-default-executor-5] INFO  impl.RoleInfo (RoleInfo.java:shutdownFollowerState(121)) - b53f6902-efbc-4527-b99b-6ae0f6edb4d4: shutdown FollowerState
2019-08-29 11:40:16,874 [grpc-default-executor-8] INFO  impl.RoleInfo (RoleInfo.java:shutdownFollowerState(121)) - d426621c-da0b-4728-bc06-17a58ad6bb29: shutdown FollowerState
2019-08-29 11:40:16,874 [grpc-default-executor-5] INFO  impl.RoleInfo (RoleInfo.java:updateAndGet(143)) - b53f6902-efbc-4527-b99b-6ae0f6edb4d4: start FollowerState
2019-08-29 11:40:16,874 [Thread-3299] INFO  impl.FollowerState (FollowerState.java:run(114)) - d426621c-da0b-4728-bc06-17a58ad6bb29: FollowerState was interrupted: java.lang.InterruptedException: sleep interrupted
2019-08-29 11:40:16,874 [grpc-default-executor-8] INFO  impl.RoleInfo (RoleInfo.java:updateAndGet(143)) - d426621c-da0b-4728-bc06-17a58ad6bb29: start FollowerState
2019-08-29 11:40:16,874 [Thread-3294] INFO  impl.FollowerState (FollowerState.java:run(114)) - b53f6902-efbc-4527-b99b-6ae0f6edb4d4: FollowerState was interrupted: java.lang.InterruptedException: sleep interrupted
2019-08-29 11:40:16,896 [c03e1c2a-de54-4f45-8368-f772dadfbdb1:group-125E9A69CB37:LeaderElection58] INFO  impl.LeaderElection (LeaderElection.java:logAndReturn(56)) - c03e1c2a-de54-4f45-8368-f772dadfbdb1:group-125E9A69CB37:LeaderElection58: Election PASSED; received 1 response(s) [c03e1c2a-de54-4f45-8368-f772dadfbdb1<-b53f6902-efbc-4527-b99b-6ae0f6edb4d4#0:OK-t1] and 0 exception(s); c03e1c2a-de54-4f45-8368-f772dadfbdb1:t1, leader=null, voted=c03e1c2a-de54-4f45-8368-f772dadfbdb1, raftlog=c03e1c2a-de54-4f45-8368-f772dadfbdb1-SegmentedRaftLog:OPENED:c-1,f-1,i0, conf=-1: [b53f6902-efbc-4527-b99b-6ae0f6edb4d4:192.168.5.166:41080, d426621c-da0b-4728-bc06-17a58ad6bb29:192.168.5.166:35970, c03e1c2a-de54-4f45-8368-f772dadfbdb1:192.168.5.166:37728], old=null
2019-08-29 11:40:16,896 [c03e1c2a-de54-4f45-8368-f772dadfbdb1:group-125E9A69CB37:LeaderElection58] INFO  impl.RoleInfo (RoleInfo.java:shutdownLeaderElection(134)) - c03e1c2a-de54-4f45-8368-f772dadfbdb1: shutdown LeaderElection
2019-08-29 11:40:16,896 [c03e1c2a-de54-4f45-8368-f772dadfbdb1:group-125E9A69CB37:LeaderElection58] INFO  impl.RaftServerImpl (RaftServerImpl.java:setRole(171)) - c03e1c2a-de54-4f45-8368-f772dadfbdb1:group-125E9A69CB37 changes role from CANDIDATE to LEADER at term 1 for changeToLeader
2019-08-29 11:40:16,896 [c03e1c2a-de54-4f45-8368-f772dadfbdb1:group-125E9A69CB37:LeaderElection58] INFO  impl.RaftServerImpl (ServerState.java:setLeader(263)) - c03e1c2a-de54-4f45-8368-f772dadfbdb1:group-125E9A69CB37 change Leader from null to c03e1c2a-de54-4f45-8368-f772dadfbdb1 at term 1 for becomeLeader, leader elected after 5127ms
2019-08-29 11:40:16,897 [c03e1c2a-de54-4f45-8368-f772dadfbdb1:group-125E9A69CB37:LeaderElection58] INFO  server.RaftServerConfigKeys (ConfUtils.java:logGet(43)) - raft.server.staging.catchup.gap = 1000 (default)
2019-08-29 11:40:16,897 [c03e1c2a-de54-4f45-8368-f772dadfbdb1:group-125E9A69CB37:LeaderElection58] INFO  server.RaftServerConfigKeys (ConfUtils.java:logGet(43)) - raft.server.rpc.sleep.time = 25ms (default)
2019-08-29 11:40:16,897 [c03e1c2a-de54-4f45-8368-f772dadfbdb1:group-125E9A69CB37:LeaderElection58] INFO  server.RaftServerConfigKeys (ConfUtils.java:logGet(43)) - raft.server.write.element-limit = 4096 (default)
2019-08-29 11:40:16,897 [c03e1c2a-de54-4f45-8368-f772dadfbdb1:group-125E9A69CB37:LeaderElection58] INFO  server.RaftServerConfigKeys (ConfUtils.java:logGet(43)) - raft.server.watch.timeout = 10s (default)
2019-08-29 11:40:16,897 [c03e1c2a-de54-4f45-8368-f772dadfbdb1:group-125E9A69CB37:LeaderElection58] INFO  server.RaftServerConfigKeys (ConfUtils.java:logGet(43)) - raft.server.watch.timeout.denomination = 1s (default)
2019-08-29 11:40:16,897 [c03e1c2a-de54-4f45-8368-f772dadfbdb1:group-125E9A69CB37:LeaderElection58] INFO  server.RaftServerConfigKeys (ConfUtils.java:logGet(43)) - raft.server.watch.element-limit = 65536 (default)
2019-08-29 11:40:16,897 [c03e1c2a-de54-4f45-8368-f772dadfbdb1:group-125E9A69CB37:LeaderElection58] INFO  server.RaftServerConfigKeys (ConfUtils.java:logGet(43)) - raft.server.log.appender.snapshot.chunk.size.max = 16MB (=16777216) (default)
2019-08-29 11:40:16,898 [c03e1c2a-de54-4f45-8368-f772dadfbdb1:group-125E9A69CB37:LeaderElection58] INFO  server.RaftServerConfigKeys (ConfUtils.java:logGet(43)) - raft.server.log.appender.buffer.byte-limit = 33554432 (custom)
2019-08-29 11:40:16,898 [c03e1c2a-de54-4f45-8368-f772dadfbdb1:group-125E9A69CB37:LeaderElection58] INFO  server.RaftServerConfigKeys (ConfUtils.java:logGet(43)) - raft.server.log.appender.buffer.element-limit = 1 (custom)
2019-08-29 11:40:16,898 [c03e1c2a-de54-4f45-8368-f772dadfbdb1:group-125E9A69CB37:LeaderElection58] INFO  grpc.GrpcConfigKeys$Server (ConfUtils.java:logGet(43)) - raft.grpc.server.leader.outstanding.appends.max = 128 (default)
2019-08-29 11:40:16,898 [c03e1c2a-de54-4f45-8368-f772dadfbdb1:group-125E9A69CB37:LeaderElection58] INFO  server.RaftServerConfigKeys (ConfUtils.java:logGet(43)) - raft.server.rpc.request.timeout = 3000ms (default)
2019-08-29 11:40:16,898 [c03e1c2a-de54-4f45-8368-f772dadfbdb1:group-125E9A69CB37:LeaderElection58] INFO  server.RaftServerConfigKeys (ConfUtils.java:logGet(43)) - raft.server.log.appender.install.snapshot.enabled = false (custom)
2019-08-29 11:40:16,898 [c03e1c2a-de54-4f45-8368-f772dadfbdb1:group-125E9A69CB37:LeaderElection58] INFO  server.RaftServerConfigKeys (ConfUtils.java:logGet(43)) - raft.server.log.appender.snapshot.chunk.size.max = 16MB (=16777216) (default)
2019-08-29 11:40:16,898 [c03e1c2a-de54-4f45-8368-f772dadfbdb1:group-125E9A69CB37:LeaderElection58] INFO  server.RaftServerConfigKeys (ConfUtils.java:logGet(43)) - raft.server.log.appender.buffer.byte-limit = 33554432 (custom)
2019-08-29 11:40:16,898 [c03e1c2a-de54-4f45-8368-f772dadfbdb1:group-125E9A69CB37:LeaderElection58] INFO  server.RaftServerConfigKeys (ConfUtils.java:logGet(43)) - raft.server.log.appender.buffer.element-limit = 1 (custom)
2019-08-29 11:40:16,899 [c03e1c2a-de54-4f45-8368-f772dadfbdb1:group-125E9A69CB37:LeaderElection58] INFO  grpc.GrpcConfigKeys$Server (ConfUtils.java:logGet(43)) - raft.grpc.server.leader.outstanding.appends.max = 128 (default)
2019-08-29 11:40:16,899 [c03e1c2a-de54-4f45-8368-f772dadfbdb1:group-125E9A69CB37:LeaderElection58] INFO  server.RaftServerConfigKeys (ConfUtils.java:logGet(43)) - raft.server.rpc.request.timeout = 3000ms (default)
2019-08-29 11:40:16,899 [c03e1c2a-de54-4f45-8368-f772dadfbdb1:group-125E9A69CB37:LeaderElection58] INFO  server.RaftServerConfigKeys (ConfUtils.java:logGet(43)) - raft.server.log.appender.install.snapshot.enabled = false (custom)
2019-08-29 11:40:16,899 [c03e1c2a-de54-4f45-8368-f772dadfbdb1:group-125E9A69CB37:LeaderElection58] INFO  impl.RoleInfo (RoleInfo.java:updateAndGet(143)) - c03e1c2a-de54-4f45-8368-f772dadfbdb1: start LeaderState
2019-08-29 11:40:16,899 [c03e1c2a-de54-4f45-8368-f772dadfbdb1:group-125E9A69CB37:LeaderElection58] INFO  segmented.SegmentedRaftLogWorker (SegmentedRaftLogWorker.java:startLogSegment(380)) - c03e1c2a-de54-4f45-8368-f772dadfbdb1-SegmentedRaftLogWorker:Storage Directory /workdir/hadoop-ozone/integration-test/target/test-dir/MiniOzoneClusterImpl-60a45d56-0b46-4bc8-bc0f-04071af02df0/datanode-1/data/ratis/aa76d3f7-f15b-4203-b110-125e9a69cb37: Starting segment from index:0
2019-08-29 11:40:16,900 [c03e1c2a-de54-4f45-8368-f772dadfbdb1:group-125E9A69CB37:LeaderElection58] INFO  impl.RaftServerImpl (ServerState.java:setRaftConf(361)) - c03e1c2a-de54-4f45-8368-f772dadfbdb1:group-125E9A69CB37 set configuration 0: [b53f6902-efbc-4527-b99b-6ae0f6edb4d4:192.168.5.166:41080, d426621c-da0b-4728-bc06-17a58ad6bb29:192.168.5.166:35970, c03e1c2a-de54-4f45-8368-f772dadfbdb1:192.168.5.166:37728], old=null at 0
2019-08-29 11:40:16,935 [grpc-default-executor-8] INFO  impl.RaftServerImpl (ServerState.java:setLeader(263)) - d426621c-da0b-4728-bc06-17a58ad6bb29:group-125E9A69CB37 change Leader from null to c03e1c2a-de54-4f45-8368-f772dadfbdb1 at term 1 for appendEntries, leader elected after 5166ms
2019-08-29 11:40:16,935 [grpc-default-executor-5] INFO  impl.RaftServerImpl (ServerState.java:setLeader(263)) - b53f6902-efbc-4527-b99b-6ae0f6edb4d4:group-125E9A69CB37 change Leader from null to c03e1c2a-de54-4f45-8368-f772dadfbdb1 at term 1 for appendEntries, leader elected after 5166ms
2019-08-29 11:40:16,949 [c03e1c2a-de54-4f45-8368-f772dadfbdb1-SegmentedRaftLogWorker:Storage Directory /workdir/hadoop-ozone/integration-test/target/test-dir/MiniOzoneClusterImpl-60a45d56-0b46-4bc8-bc0f-04071af02df0/datanode-1/data/ratis/aa76d3f7-f15b-4203-b110-125e9a69cb37] INFO  segmented.SegmentedRaftLogWorker (SegmentedRaftLogWorker.java:execute(569)) - c03e1c2a-de54-4f45-8368-f772dadfbdb1-SegmentedRaftLogWorker:Storage Directory /workdir/hadoop-ozone/integration-test/target/test-dir/MiniOzoneClusterImpl-60a45d56-0b46-4bc8-bc0f-04071af02df0/datanode-1/data/ratis/aa76d3f7-f15b-4203-b110-125e9a69cb37: created new log segment /workdir/hadoop-ozone/integration-test/target/test-dir/MiniOzoneClusterImpl-60a45d56-0b46-4bc8-bc0f-04071af02df0/datanode-1/data/ratis/aa76d3f7-f15b-4203-b110-125e9a69cb37/current/log_inprogress_0
2019-08-29 11:40:16,953 [grpc-default-executor-5] INFO  impl.RaftServerImpl (ServerState.java:setRaftConf(361)) - d426621c-da0b-4728-bc06-17a58ad6bb29:group-125E9A69CB37 set configuration 0: [b53f6902-efbc-4527-b99b-6ae0f6edb4d4:192.168.5.166:41080, d426621c-da0b-4728-bc06-17a58ad6bb29:192.168.5.166:35970, c03e1c2a-de54-4f45-8368-f772dadfbdb1:192.168.5.166:37728], old=null at 0
2019-08-29 11:40:16,955 [grpc-default-executor-8] INFO  impl.RaftServerImpl (ServerState.java:setRaftConf(361)) - b53f6902-efbc-4527-b99b-6ae0f6edb4d4:group-125E9A69CB37 set configuration 0: [b53f6902-efbc-4527-b99b-6ae0f6edb4d4:192.168.5.166:41080, d426621c-da0b-4728-bc06-17a58ad6bb29:192.168.5.166:35970, c03e1c2a-de54-4f45-8368-f772dadfbdb1:192.168.5.166:37728], old=null at 0
2019-08-29 11:40:16,955 [grpc-default-executor-5] INFO  segmented.SegmentedRaftLogWorker (SegmentedRaftLogWorker.java:startLogSegment(380)) - d426621c-da0b-4728-bc06-17a58ad6bb29-SegmentedRaftLogWorker:Storage Directory /workdir/hadoop-ozone/integration-test/target/test-dir/MiniOzoneClusterImpl-60a45d56-0b46-4bc8-bc0f-04071af02df0/datanode-2/data/ratis/aa76d3f7-f15b-4203-b110-125e9a69cb37: Starting segment from index:0
2019-08-29 11:40:16,956 [grpc-default-executor-8] INFO  segmented.SegmentedRaftLogWorker (SegmentedRaftLogWorker.java:startLogSegment(380)) - b53f6902-efbc-4527-b99b-6ae0f6edb4d4-SegmentedRaftLogWorker:Storage Directory /workdir/hadoop-ozone/integration-test/target/test-dir/MiniOzoneClusterImpl-60a45d56-0b46-4bc8-bc0f-04071af02df0/datanode-0/data/ratis/aa76d3f7-f15b-4203-b110-125e9a69cb37: Starting segment from index:0
2019-08-29 11:40:17,002 | INFO  | SCMAudit | user=jenkins1000 | ip=192.168.5.166 | op=SEND_HEARTBEAT {datanodeUUID=b53f6902-efbc-4527-b99b-6ae0f6edb4d4, command=[]} | ret=SUCCESS |  
2019-08-29 11:40:17,004 [d426621c-da0b-4728-bc06-17a58ad6bb29-SegmentedRaftLogWorker:Storage Directory /workdir/hadoop-ozone/integration-test/target/test-dir/MiniOzoneClusterImpl-60a45d56-0b46-4bc8-bc0f-04071af02df0/datanode-2/data/ratis/aa76d3f7-f15b-4203-b110-125e9a69cb37] INFO  segmented.SegmentedRaftLogWorker (SegmentedRaftLogWorker.java:execute(569)) - d426621c-da0b-4728-bc06-17a58ad6bb29-SegmentedRaftLogWorker:Storage Directory /workdir/hadoop-ozone/integration-test/target/test-dir/MiniOzoneClusterImpl-60a45d56-0b46-4bc8-bc0f-04071af02df0/datanode-2/data/ratis/aa76d3f7-f15b-4203-b110-125e9a69cb37: created new log segment /workdir/hadoop-ozone/integration-test/target/test-dir/MiniOzoneClusterImpl-60a45d56-0b46-4bc8-bc0f-04071af02df0/datanode-2/data/ratis/aa76d3f7-f15b-4203-b110-125e9a69cb37/current/log_inprogress_0
2019-08-29 11:40:17,004 [b53f6902-efbc-4527-b99b-6ae0f6edb4d4-SegmentedRaftLogWorker:Storage Directory /workdir/hadoop-ozone/integration-test/target/test-dir/MiniOzoneClusterImpl-60a45d56-0b46-4bc8-bc0f-04071af02df0/datanode-0/data/ratis/aa76d3f7-f15b-4203-b110-125e9a69cb37] INFO  segmented.SegmentedRaftLogWorker (SegmentedRaftLogWorker.java:execute(569)) - b53f6902-efbc-4527-b99b-6ae0f6edb4d4-SegmentedRaftLogWorker:Storage Directory /workdir/hadoop-ozone/integration-test/target/test-dir/MiniOzoneClusterImpl-60a45d56-0b46-4bc8-bc0f-04071af02df0/datanode-0/data/ratis/aa76d3f7-f15b-4203-b110-125e9a69cb37: created new log segment /workdir/hadoop-ozone/integration-test/target/test-dir/MiniOzoneClusterImpl-60a45d56-0b46-4bc8-bc0f-04071af02df0/datanode-0/data/ratis/aa76d3f7-f15b-4203-b110-125e9a69cb37/current/log_inprogress_0
2019-08-29 11:40:17,006 | INFO  | SCMAudit | user=jenkins1000 | ip=192.168.5.166 | op=SEND_HEARTBEAT {datanodeUUID=c2005dcb-bacc-4d06-90c0-f8ae32e9f9ba, command=[]} | ret=SUCCESS |  
2019-08-29 11:40:17,069 [Thread-3302] INFO  impl.FollowerState (FollowerState.java:run(106)) - 080d8b78-b76d-4b3c-b093-271222147c90:group-6B313B842511 changes to CANDIDATE, lastRpcTime:5197, electionTimeout:5197ms
2019-08-29 11:40:17,069 [Thread-3302] INFO  impl.RoleInfo (RoleInfo.java:shutdownFollowerState(121)) - 080d8b78-b76d-4b3c-b093-271222147c90: shutdown FollowerState
2019-08-29 11:40:17,069 [Thread-3302] INFO  impl.RaftServerImpl (RaftServerImpl.java:setRole(171)) - 080d8b78-b76d-4b3c-b093-271222147c90:group-6B313B842511 changes role from FOLLOWER to CANDIDATE at term 0 for changeToCandidate
2019-08-29 11:40:17,069 [Thread-3302] INFO  impl.RoleInfo (RoleInfo.java:updateAndGet(143)) - 080d8b78-b76d-4b3c-b093-271222147c90: start LeaderElection
2019-08-29 11:40:17,103 [080d8b78-b76d-4b3c-b093-271222147c90:group-6B313B842511:LeaderElection59] INFO  impl.LeaderElection (LeaderElection.java:askForVotes(181)) - 080d8b78-b76d-4b3c-b093-271222147c90:group-6B313B842511:LeaderElection59: begin an election at term 1 for -1: [080d8b78-b76d-4b3c-b093-271222147c90:192.168.5.166:36691], old=null
2019-08-29 11:40:17,103 [080d8b78-b76d-4b3c-b093-271222147c90:group-6B313B842511:LeaderElection59] INFO  impl.RoleInfo (RoleInfo.java:shutdownLeaderElection(134)) - 080d8b78-b76d-4b3c-b093-271222147c90: shutdown LeaderElection
2019-08-29 11:40:17,103 [080d8b78-b76d-4b3c-b093-271222147c90:group-6B313B842511:LeaderElection59] INFO  impl.RaftServerImpl (RaftServerImpl.java:setRole(171)) - 080d8b78-b76d-4b3c-b093-271222147c90:group-6B313B842511 changes role from CANDIDATE to LEADER at term 1 for changeToLeader
2019-08-29 11:40:17,103 [080d8b78-b76d-4b3c-b093-271222147c90:group-6B313B842511:LeaderElection59] INFO  impl.RaftServerImpl (ServerState.java:setLeader(263)) - 080d8b78-b76d-4b3c-b093-271222147c90:group-6B313B842511 change Leader from null to 080d8b78-b76d-4b3c-b093-271222147c90 at term 1 for becomeLeader, leader elected after 5236ms
2019-08-29 11:40:17,103 [080d8b78-b76d-4b3c-b093-271222147c90:group-6B313B842511:LeaderElection59] INFO  server.RaftServerConfigKeys (ConfUtils.java:logGet(43)) - raft.server.staging.catchup.gap = 1000 (default)
2019-08-29 11:40:17,104 [080d8b78-b76d-4b3c-b093-271222147c90:group-6B313B842511:LeaderElection59] INFO  server.RaftServerConfigKeys (ConfUtils.java:logGet(43)) - raft.server.rpc.sleep.time = 25ms (default)
2019-08-29 11:40:17,104 [080d8b78-b76d-4b3c-b093-271222147c90:group-6B313B842511:LeaderElection59] INFO  server.RaftServerConfigKeys (ConfUtils.java:logGet(43)) - raft.server.write.element-limit = 4096 (default)
2019-08-29 11:40:17,104 [080d8b78-b76d-4b3c-b093-271222147c90:group-6B313B842511:LeaderElection59] INFO  server.RaftServerConfigKeys (ConfUtils.java:logGet(43)) - raft.server.watch.timeout = 10s (default)
2019-08-29 11:40:17,104 [080d8b78-b76d-4b3c-b093-271222147c90:group-6B313B842511:LeaderElection59] INFO  server.RaftServerConfigKeys (ConfUtils.java:logGet(43)) - raft.server.watch.timeout.denomination = 1s (default)
2019-08-29 11:40:17,104 [080d8b78-b76d-4b3c-b093-271222147c90:group-6B313B842511:LeaderElection59] INFO  server.RaftServerConfigKeys (ConfUtils.java:logGet(43)) - raft.server.watch.element-limit = 65536 (default)
2019-08-29 11:40:17,104 [080d8b78-b76d-4b3c-b093-271222147c90:group-6B313B842511:LeaderElection59] INFO  impl.RoleInfo (RoleInfo.java:updateAndGet(143)) - 080d8b78-b76d-4b3c-b093-271222147c90: start LeaderState
2019-08-29 11:40:17,105 [080d8b78-b76d-4b3c-b093-271222147c90:group-6B313B842511:LeaderElection59] INFO  segmented.SegmentedRaftLogWorker (SegmentedRaftLogWorker.java:startLogSegment(380)) - 080d8b78-b76d-4b3c-b093-271222147c90-SegmentedRaftLogWorker:Storage Directory /workdir/hadoop-ozone/integration-test/target/test-dir/MiniOzoneClusterImpl-60a45d56-0b46-4bc8-bc0f-04071af02df0/datanode-3/data/ratis/8f8da91e-1bb0-4f40-88c1-6b313b842511: Starting segment from index:0
2019-08-29 11:40:17,105 [080d8b78-b76d-4b3c-b093-271222147c90:group-6B313B842511:LeaderElection59] INFO  impl.RaftServerImpl (ServerState.java:setRaftConf(361)) - 080d8b78-b76d-4b3c-b093-271222147c90:group-6B313B842511 set configuration 0: [080d8b78-b76d-4b3c-b093-271222147c90:192.168.5.166:36691], old=null at 0
2019-08-29 11:40:17,143 [Thread-3305] INFO  impl.FollowerState (FollowerState.java:run(106)) - c2005dcb-bacc-4d06-90c0-f8ae32e9f9ba:group-2EC14A54D04F changes to CANDIDATE, lastRpcTime:5096, electionTimeout:5080ms
2019-08-29 11:40:17,143 [Thread-3305] INFO  impl.RoleInfo (RoleInfo.java:shutdownFollowerState(121)) - c2005dcb-bacc-4d06-90c0-f8ae32e9f9ba: shutdown FollowerState
2019-08-29 11:40:17,144 [Thread-3305] INFO  impl.RaftServerImpl (RaftServerImpl.java:setRole(171)) - c2005dcb-bacc-4d06-90c0-f8ae32e9f9ba:group-2EC14A54D04F changes role from FOLLOWER to CANDIDATE at term 0 for changeToCandidate
2019-08-29 11:40:17,144 [Thread-3305] INFO  impl.RoleInfo (RoleInfo.java:updateAndGet(143)) - c2005dcb-bacc-4d06-90c0-f8ae32e9f9ba: start LeaderElection
2019-08-29 11:40:17,156 [080d8b78-b76d-4b3c-b093-271222147c90-SegmentedRaftLogWorker:Storage Directory /workdir/hadoop-ozone/integration-test/target/test-dir/MiniOzoneClusterImpl-60a45d56-0b46-4bc8-bc0f-04071af02df0/datanode-3/data/ratis/8f8da91e-1bb0-4f40-88c1-6b313b842511] INFO  segmented.SegmentedRaftLogWorker (SegmentedRaftLogWorker.java:execute(569)) - 080d8b78-b76d-4b3c-b093-271222147c90-SegmentedRaftLogWorker:Storage Directory /workdir/hadoop-ozone/integration-test/target/test-dir/MiniOzoneClusterImpl-60a45d56-0b46-4bc8-bc0f-04071af02df0/datanode-3/data/ratis/8f8da91e-1bb0-4f40-88c1-6b313b842511: created new log segment /workdir/hadoop-ozone/integration-test/target/test-dir/MiniOzoneClusterImpl-60a45d56-0b46-4bc8-bc0f-04071af02df0/datanode-3/data/ratis/8f8da91e-1bb0-4f40-88c1-6b313b842511/current/log_inprogress_0
2019-08-29 11:40:17,156 [c2005dcb-bacc-4d06-90c0-f8ae32e9f9ba:group-2EC14A54D04F:LeaderElection60] INFO  impl.LeaderElection (LeaderElection.java:askForVotes(181)) - c2005dcb-bacc-4d06-90c0-f8ae32e9f9ba:group-2EC14A54D04F:LeaderElection60: begin an election at term 1 for -1: [c2005dcb-bacc-4d06-90c0-f8ae32e9f9ba:192.168.5.166:33305], old=null
2019-08-29 11:40:17,157 [c2005dcb-bacc-4d06-90c0-f8ae32e9f9ba:group-2EC14A54D04F:LeaderElection60] INFO  impl.RoleInfo (RoleInfo.java:shutdownLeaderElection(134)) - c2005dcb-bacc-4d06-90c0-f8ae32e9f9ba: shutdown LeaderElection
2019-08-29 11:40:17,157 [c2005dcb-bacc-4d06-90c0-f8ae32e9f9ba:group-2EC14A54D04F:LeaderElection60] INFO  impl.RaftServerImpl (RaftServerImpl.java:setRole(171)) - c2005dcb-bacc-4d06-90c0-f8ae32e9f9ba:group-2EC14A54D04F changes role from CANDIDATE to LEADER at term 1 for changeToLeader
2019-08-29 11:40:17,157 [c2005dcb-bacc-4d06-90c0-f8ae32e9f9ba:group-2EC14A54D04F:LeaderElection60] INFO  impl.RaftServerImpl (ServerState.java:setLeader(263)) - c2005dcb-bacc-4d06-90c0-f8ae32e9f9ba:group-2EC14A54D04F change Leader from null to c2005dcb-bacc-4d06-90c0-f8ae32e9f9ba at term 1 for becomeLeader, leader elected after 5113ms
2019-08-29 11:40:17,157 [c2005dcb-bacc-4d06-90c0-f8ae32e9f9ba:group-2EC14A54D04F:LeaderElection60] INFO  server.RaftServerConfigKeys (ConfUtils.java:logGet(43)) - raft.server.staging.catchup.gap = 1000 (default)
2019-08-29 11:40:17,157 [c2005dcb-bacc-4d06-90c0-f8ae32e9f9ba:group-2EC14A54D04F:LeaderElection60] INFO  server.RaftServerConfigKeys (ConfUtils.java:logGet(43)) - raft.server.rpc.sleep.time = 25ms (default)
2019-08-29 11:40:17,157 [c2005dcb-bacc-4d06-90c0-f8ae32e9f9ba:group-2EC14A54D04F:LeaderElection60] INFO  server.RaftServerConfigKeys (ConfUtils.java:logGet(43)) - raft.server.write.element-limit = 4096 (default)
2019-08-29 11:40:17,158 [c2005dcb-bacc-4d06-90c0-f8ae32e9f9ba:group-2EC14A54D04F:LeaderElection60] INFO  server.RaftServerConfigKeys (ConfUtils.java:logGet(43)) - raft.server.watch.timeout = 10s (default)
2019-08-29 11:40:17,158 [c2005dcb-bacc-4d06-90c0-f8ae32e9f9ba:group-2EC14A54D04F:LeaderElection60] INFO  server.RaftServerConfigKeys (ConfUtils.java:logGet(43)) - raft.server.watch.timeout.denomination = 1s (default)
2019-08-29 11:40:17,158 [c2005dcb-bacc-4d06-90c0-f8ae32e9f9ba:group-2EC14A54D04F:LeaderElection60] INFO  server.RaftServerConfigKeys (ConfUtils.java:logGet(43)) - raft.server.watch.element-limit = 65536 (default)
2019-08-29 11:40:17,158 [c2005dcb-bacc-4d06-90c0-f8ae32e9f9ba:group-2EC14A54D04F:LeaderElection60] INFO  impl.RoleInfo (RoleInfo.java:updateAndGet(143)) - c2005dcb-bacc-4d06-90c0-f8ae32e9f9ba: start LeaderState
2019-08-29 11:40:17,158 [c2005dcb-bacc-4d06-90c0-f8ae32e9f9ba:group-2EC14A54D04F:LeaderElection60] INFO  segmented.SegmentedRaftLogWorker (SegmentedRaftLogWorker.java:startLogSegment(380)) - c2005dcb-bacc-4d06-90c0-f8ae32e9f9ba-SegmentedRaftLogWorker:Storage Directory /workdir/hadoop-ozone/integration-test/target/test-dir/MiniOzoneClusterImpl-60a45d56-0b46-4bc8-bc0f-04071af02df0/datanode-4/data/ratis/c2ca6ecb-085e-458b-8446-2ec14a54d04f: Starting segment from index:0
2019-08-29 11:40:17,159 [c2005dcb-bacc-4d06-90c0-f8ae32e9f9ba:group-2EC14A54D04F:LeaderElection60] INFO  impl.RaftServerImpl (ServerState.java:setRaftConf(361)) - c2005dcb-bacc-4d06-90c0-f8ae32e9f9ba:group-2EC14A54D04F set configuration 0: [c2005dcb-bacc-4d06-90c0-f8ae32e9f9ba:192.168.5.166:33305], old=null at 0
2019-08-29 11:40:17,202 | INFO  | SCMAudit | user=jenkins1000 | ip=192.168.5.166 | op=SEND_HEARTBEAT {datanodeUUID=c03e1c2a-de54-4f45-8368-f772dadfbdb1, command=[]} | ret=SUCCESS |  
2019-08-29 11:40:17,203 | INFO  | SCMAudit | user=jenkins1000 | ip=192.168.5.166 | op=SEND_HEARTBEAT {datanodeUUID=173b4405-db9a-4ec1-ad57-661f797ffe9b, command=[]} | ret=SUCCESS |  
2019-08-29 11:40:17,208 [c2005dcb-bacc-4d06-90c0-f8ae32e9f9ba-SegmentedRaftLogWorker:Storage Directory /workdir/hadoop-ozone/integration-test/target/test-dir/MiniOzoneClusterImpl-60a45d56-0b46-4bc8-bc0f-04071af02df0/datanode-4/data/ratis/c2ca6ecb-085e-458b-8446-2ec14a54d04f] INFO  segmented.SegmentedRaftLogWorker (SegmentedRaftLogWorker.java:execute(569)) - c2005dcb-bacc-4d06-90c0-f8ae32e9f9ba-SegmentedRaftLogWorker:Storage Directory /workdir/hadoop-ozone/integration-test/target/test-dir/MiniOzoneClusterImpl-60a45d56-0b46-4bc8-bc0f-04071af02df0/datanode-4/data/ratis/c2ca6ecb-085e-458b-8446-2ec14a54d04f: created new log segment /workdir/hadoop-ozone/integration-test/target/test-dir/MiniOzoneClusterImpl-60a45d56-0b46-4bc8-bc0f-04071af02df0/datanode-4/data/ratis/c2ca6ecb-085e-458b-8446-2ec14a54d04f/current/log_inprogress_0
2019-08-29 11:40:17,355 [Thread-3311] INFO  impl.FollowerState (FollowerState.java:run(106)) - 173b4405-db9a-4ec1-ad57-661f797ffe9b:group-0B6529596DFA changes to CANDIDATE, lastRpcTime:5045, electionTimeout:5045ms
2019-08-29 11:40:17,355 [Thread-3311] INFO  impl.RoleInfo (RoleInfo.java:shutdownFollowerState(121)) - 173b4405-db9a-4ec1-ad57-661f797ffe9b: shutdown FollowerState
2019-08-29 11:40:17,355 [Thread-3311] INFO  impl.RaftServerImpl (RaftServerImpl.java:setRole(171)) - 173b4405-db9a-4ec1-ad57-661f797ffe9b:group-0B6529596DFA changes role from FOLLOWER to CANDIDATE at term 0 for changeToCandidate
2019-08-29 11:40:17,355 [Thread-3311] INFO  impl.RoleInfo (RoleInfo.java:updateAndGet(143)) - 173b4405-db9a-4ec1-ad57-661f797ffe9b: start LeaderElection
2019-08-29 11:40:17,375 [173b4405-db9a-4ec1-ad57-661f797ffe9b:group-0B6529596DFA:LeaderElection61] INFO  impl.LeaderElection (LeaderElection.java:askForVotes(181)) - 173b4405-db9a-4ec1-ad57-661f797ffe9b:group-0B6529596DFA:LeaderElection61: begin an election at term 1 for -1: [080d8b78-b76d-4b3c-b093-271222147c90:192.168.5.166:36691, 173b4405-db9a-4ec1-ad57-661f797ffe9b:192.168.5.166:42293, c2005dcb-bacc-4d06-90c0-f8ae32e9f9ba:192.168.5.166:33305], old=null
2019-08-29 11:40:17,379 [grpc-default-executor-8] INFO  impl.RaftServerImpl (RaftServerImpl.java:setRole(171)) - 080d8b78-b76d-4b3c-b093-271222147c90:group-0B6529596DFA changes role from FOLLOWER to FOLLOWER at term 1 for recognizeCandidate:173b4405-db9a-4ec1-ad57-661f797ffe9b
2019-08-29 11:40:17,379 [grpc-default-executor-5] INFO  impl.RaftServerImpl (RaftServerImpl.java:setRole(171)) - c2005dcb-bacc-4d06-90c0-f8ae32e9f9ba:group-0B6529596DFA changes role from FOLLOWER to FOLLOWER at term 1 for recognizeCandidate:173b4405-db9a-4ec1-ad57-661f797ffe9b
2019-08-29 11:40:17,379 [grpc-default-executor-8] INFO  impl.RoleInfo (RoleInfo.java:shutdownFollowerState(121)) - 080d8b78-b76d-4b3c-b093-271222147c90: shutdown FollowerState
2019-08-29 11:40:17,380 [grpc-default-executor-5] INFO  impl.RoleInfo (RoleInfo.java:shutdownFollowerState(121)) - c2005dcb-bacc-4d06-90c0-f8ae32e9f9ba: shutdown FollowerState
2019-08-29 11:40:17,380 [Thread-3317] INFO  impl.FollowerState (FollowerState.java:run(114)) - 080d8b78-b76d-4b3c-b093-271222147c90: FollowerState was interrupted: java.lang.InterruptedException: sleep interrupted
2019-08-29 11:40:17,380 [grpc-default-executor-8] INFO  impl.RoleInfo (RoleInfo.java:updateAndGet(143)) - 080d8b78-b76d-4b3c-b093-271222147c90: start FollowerState
2019-08-29 11:40:17,380 [Thread-3314] INFO  impl.FollowerState (FollowerState.java:run(114)) - c2005dcb-bacc-4d06-90c0-f8ae32e9f9ba: FollowerState was interrupted: java.lang.InterruptedException: sleep interrupted
2019-08-29 11:40:17,380 [grpc-default-executor-5] INFO  impl.RoleInfo (RoleInfo.java:updateAndGet(143)) - c2005dcb-bacc-4d06-90c0-f8ae32e9f9ba: start FollowerState
2019-08-29 11:40:17,392 | INFO  | SCMAudit | user=jenkins1000 | ip=192.168.5.166 | op=SEND_HEARTBEAT {datanodeUUID=eec2788d-61ce-476f-8498-1c0940795640, command=[]} | ret=SUCCESS |  
2019-08-29 11:40:17,406 [Thread-3308] INFO  impl.FollowerState (FollowerState.java:run(106)) - 173b4405-db9a-4ec1-ad57-661f797ffe9b:group-BB9433E9564F changes to CANDIDATE, lastRpcTime:5162, electionTimeout:5162ms
2019-08-29 11:40:17,406 [173b4405-db9a-4ec1-ad57-661f797ffe9b:group-0B6529596DFA:LeaderElection61] INFO  impl.LeaderElection (LeaderElection.java:logAndReturn(56)) - 173b4405-db9a-4ec1-ad57-661f797ffe9b:group-0B6529596DFA:LeaderElection61: Election PASSED; received 1 response(s) [173b4405-db9a-4ec1-ad57-661f797ffe9b<-080d8b78-b76d-4b3c-b093-271222147c90#0:OK-t1] and 0 exception(s); 173b4405-db9a-4ec1-ad57-661f797ffe9b:t1, leader=null, voted=173b4405-db9a-4ec1-ad57-661f797ffe9b, raftlog=173b4405-db9a-4ec1-ad57-661f797ffe9b-SegmentedRaftLog:OPENED:c-1,f-1,i0, conf=-1: [080d8b78-b76d-4b3c-b093-271222147c90:192.168.5.166:36691, 173b4405-db9a-4ec1-ad57-661f797ffe9b:192.168.5.166:42293, c2005dcb-bacc-4d06-90c0-f8ae32e9f9ba:192.168.5.166:33305], old=null
2019-08-29 11:40:17,406 [Thread-3308] INFO  impl.RoleInfo (RoleInfo.java:shutdownFollowerState(121)) - 173b4405-db9a-4ec1-ad57-661f797ffe9b: shutdown FollowerState
2019-08-29 11:40:17,406 [173b4405-db9a-4ec1-ad57-661f797ffe9b:group-0B6529596DFA:LeaderElection61] INFO  impl.RoleInfo (RoleInfo.java:shutdownLeaderElection(134)) - 173b4405-db9a-4ec1-ad57-661f797ffe9b: shutdown LeaderElection
2019-08-29 11:40:17,407 [Thread-3308] INFO  impl.RaftServerImpl (RaftServerImpl.java:setRole(171)) - 173b4405-db9a-4ec1-ad57-661f797ffe9b:group-BB9433E9564F changes role from FOLLOWER to CANDIDATE at term 0 for changeToCandidate
2019-08-29 11:40:17,407 [173b4405-db9a-4ec1-ad57-661f797ffe9b:group-0B6529596DFA:LeaderElection61] INFO  impl.RaftServerImpl (RaftServerImpl.java:setRole(171)) - 173b4405-db9a-4ec1-ad57-661f797ffe9b:group-0B6529596DFA changes role from CANDIDATE to LEADER at term 1 for changeToLeader
2019-08-29 11:40:17,407 [Thread-3308] INFO  impl.RoleInfo (RoleInfo.java:updateAndGet(143)) - 173b4405-db9a-4ec1-ad57-661f797ffe9b: start LeaderElection
2019-08-29 11:40:17,407 [173b4405-db9a-4ec1-ad57-661f797ffe9b:group-0B6529596DFA:LeaderElection61] INFO  impl.RaftServerImpl (ServerState.java:setLeader(263)) - 173b4405-db9a-4ec1-ad57-661f797ffe9b:group-0B6529596DFA change Leader from null to 173b4405-db9a-4ec1-ad57-661f797ffe9b at term 1 for becomeLeader, leader elected after 5104ms
2019-08-29 11:40:17,409 [173b4405-db9a-4ec1-ad57-661f797ffe9b:group-0B6529596DFA:LeaderElection61] INFO  server.RaftServerConfigKeys (ConfUtils.java:logGet(43)) - raft.server.staging.catchup.gap = 1000 (default)
2019-08-29 11:40:17,412 [173b4405-db9a-4ec1-ad57-661f797ffe9b:group-0B6529596DFA:LeaderElection61] INFO  server.RaftServerConfigKeys (ConfUtils.java:logGet(43)) - raft.server.rpc.sleep.time = 25ms (default)
2019-08-29 11:40:17,412 [173b4405-db9a-4ec1-ad57-661f797ffe9b:group-0B6529596DFA:LeaderElection61] INFO  server.RaftServerConfigKeys (ConfUtils.java:logGet(43)) - raft.server.write.element-limit = 4096 (default)
2019-08-29 11:40:17,412 [173b4405-db9a-4ec1-ad57-661f797ffe9b:group-0B6529596DFA:LeaderElection61] INFO  server.RaftServerConfigKeys (ConfUtils.java:logGet(43)) - raft.server.watch.timeout = 10s (default)
2019-08-29 11:40:17,412 [173b4405-db9a-4ec1-ad57-661f797ffe9b:group-0B6529596DFA:LeaderElection61] INFO  server.RaftServerConfigKeys (ConfUtils.java:logGet(43)) - raft.server.watch.timeout.denomination = 1s (default)
2019-08-29 11:40:17,412 [173b4405-db9a-4ec1-ad57-661f797ffe9b:group-0B6529596DFA:LeaderElection61] INFO  server.RaftServerConfigKeys (ConfUtils.java:logGet(43)) - raft.server.watch.element-limit = 65536 (default)
2019-08-29 11:40:17,413 [173b4405-db9a-4ec1-ad57-661f797ffe9b:group-0B6529596DFA:LeaderElection61] INFO  server.RaftServerConfigKeys (ConfUtils.java:logGet(43)) - raft.server.log.appender.snapshot.chunk.size.max = 16MB (=16777216) (default)
2019-08-29 11:40:17,413 [173b4405-db9a-4ec1-ad57-661f797ffe9b:group-0B6529596DFA:LeaderElection61] INFO  server.RaftServerConfigKeys (ConfUtils.java:logGet(43)) - raft.server.log.appender.buffer.byte-limit = 33554432 (custom)
2019-08-29 11:40:17,413 [173b4405-db9a-4ec1-ad57-661f797ffe9b:group-0B6529596DFA:LeaderElection61] INFO  server.RaftServerConfigKeys (ConfUtils.java:logGet(43)) - raft.server.log.appender.buffer.element-limit = 1 (custom)
2019-08-29 11:40:17,413 [173b4405-db9a-4ec1-ad57-661f797ffe9b:group-0B6529596DFA:LeaderElection61] INFO  grpc.GrpcConfigKeys$Server (ConfUtils.java:logGet(43)) - raft.grpc.server.leader.outstanding.appends.max = 128 (default)
2019-08-29 11:40:17,413 [173b4405-db9a-4ec1-ad57-661f797ffe9b:group-0B6529596DFA:LeaderElection61] INFO  server.RaftServerConfigKeys (ConfUtils.java:logGet(43)) - raft.server.rpc.request.timeout = 3000ms (default)
2019-08-29 11:40:17,414 [173b4405-db9a-4ec1-ad57-661f797ffe9b:group-0B6529596DFA:LeaderElection61] INFO  server.RaftServerConfigKeys (ConfUtils.java:logGet(43)) - raft.server.log.appender.install.snapshot.enabled = false (custom)
2019-08-29 11:40:17,414 [173b4405-db9a-4ec1-ad57-661f797ffe9b:group-0B6529596DFA:LeaderElection61] INFO  server.RaftServerConfigKeys (ConfUtils.java:logGet(43)) - raft.server.log.appender.snapshot.chunk.size.max = 16MB (=16777216) (default)
2019-08-29 11:40:17,414 [173b4405-db9a-4ec1-ad57-661f797ffe9b:group-0B6529596DFA:LeaderElection61] INFO  server.RaftServerConfigKeys (ConfUtils.java:logGet(43)) - raft.server.log.appender.buffer.byte-limit = 33554432 (custom)
2019-08-29 11:40:17,414 [173b4405-db9a-4ec1-ad57-661f797ffe9b:group-0B6529596DFA:LeaderElection61] INFO  server.RaftServerConfigKeys (ConfUtils.java:logGet(43)) - raft.server.log.appender.buffer.element-limit = 1 (custom)
2019-08-29 11:40:17,414 [173b4405-db9a-4ec1-ad57-661f797ffe9b:group-0B6529596DFA:LeaderElection61] INFO  grpc.GrpcConfigKeys$Server (ConfUtils.java:logGet(43)) - raft.grpc.server.leader.outstanding.appends.max = 128 (default)
2019-08-29 11:40:17,415 [173b4405-db9a-4ec1-ad57-661f797ffe9b:group-0B6529596DFA:LeaderElection61] INFO  server.RaftServerConfigKeys (ConfUtils.java:logGet(43)) - raft.server.rpc.request.timeout = 3000ms (default)
2019-08-29 11:40:17,415 [173b4405-db9a-4ec1-ad57-661f797ffe9b:group-0B6529596DFA:LeaderElection61] INFO  server.RaftServerConfigKeys (ConfUtils.java:logGet(43)) - raft.server.log.appender.install.snapshot.enabled = false (custom)
2019-08-29 11:40:17,415 [173b4405-db9a-4ec1-ad57-661f797ffe9b:group-0B6529596DFA:LeaderElection61] INFO  impl.RoleInfo (RoleInfo.java:updateAndGet(143)) - 173b4405-db9a-4ec1-ad57-661f797ffe9b: start LeaderState
2019-08-29 11:40:17,415 [173b4405-db9a-4ec1-ad57-661f797ffe9b:group-0B6529596DFA:LeaderElection61] INFO  segmented.SegmentedRaftLogWorker (SegmentedRaftLogWorker.java:startLogSegment(380)) - 173b4405-db9a-4ec1-ad57-661f797ffe9b-SegmentedRaftLogWorker:Storage Directory /workdir/hadoop-ozone/integration-test/target/test-dir/MiniOzoneClusterImpl-60a45d56-0b46-4bc8-bc0f-04071af02df0/datanode-5/data/ratis/7816c560-67b6-4f08-beeb-0b6529596dfa: Starting segment from index:0
2019-08-29 11:40:17,416 [173b4405-db9a-4ec1-ad57-661f797ffe9b:group-0B6529596DFA:LeaderElection61] INFO  impl.RaftServerImpl (ServerState.java:setRaftConf(361)) - 173b4405-db9a-4ec1-ad57-661f797ffe9b:group-0B6529596DFA set configuration 0: [080d8b78-b76d-4b3c-b093-271222147c90:192.168.5.166:36691, 173b4405-db9a-4ec1-ad57-661f797ffe9b:192.168.5.166:42293, c2005dcb-bacc-4d06-90c0-f8ae32e9f9ba:192.168.5.166:33305], old=null at 0
2019-08-29 11:40:17,453 [173b4405-db9a-4ec1-ad57-661f797ffe9b:group-BB9433E9564F:LeaderElection62] INFO  impl.LeaderElection (LeaderElection.java:askForVotes(181)) - 173b4405-db9a-4ec1-ad57-661f797ffe9b:group-BB9433E9564F:LeaderElection62: begin an election at term 1 for -1: [173b4405-db9a-4ec1-ad57-661f797ffe9b:192.168.5.166:42293], old=null
2019-08-29 11:40:17,453 [173b4405-db9a-4ec1-ad57-661f797ffe9b:group-BB9433E9564F:LeaderElection62] INFO  impl.RoleInfo (RoleInfo.java:shutdownLeaderElection(134)) - 173b4405-db9a-4ec1-ad57-661f797ffe9b: shutdown LeaderElection
2019-08-29 11:40:17,453 [173b4405-db9a-4ec1-ad57-661f797ffe9b:group-BB9433E9564F:LeaderElection62] INFO  impl.RaftServerImpl (RaftServerImpl.java:setRole(171)) - 173b4405-db9a-4ec1-ad57-661f797ffe9b:group-BB9433E9564F changes role from CANDIDATE to LEADER at term 1 for changeToLeader
2019-08-29 11:40:17,453 [173b4405-db9a-4ec1-ad57-661f797ffe9b:group-BB9433E9564F:LeaderElection62] INFO  impl.RaftServerImpl (ServerState.java:setLeader(263)) - 173b4405-db9a-4ec1-ad57-661f797ffe9b:group-BB9433E9564F change Leader from null to 173b4405-db9a-4ec1-ad57-661f797ffe9b at term 1 for becomeLeader, leader elected after 5213ms
2019-08-29 11:40:17,454 [173b4405-db9a-4ec1-ad57-661f797ffe9b:group-BB9433E9564F:LeaderElection62] INFO  server.RaftServerConfigKeys (ConfUtils.java:logGet(43)) - raft.server.staging.catchup.gap = 1000 (default)
2019-08-29 11:40:17,454 [grpc-default-executor-8] INFO  impl.RaftServerImpl (ServerState.java:setLeader(263)) - 080d8b78-b76d-4b3c-b093-271222147c90:group-0B6529596DFA change Leader from null to 173b4405-db9a-4ec1-ad57-661f797ffe9b at term 1 for appendEntries, leader elected after 5151ms
2019-08-29 11:40:17,454 [grpc-default-executor-5] INFO  impl.RaftServerImpl (ServerState.java:setLeader(263)) - c2005dcb-bacc-4d06-90c0-f8ae32e9f9ba:group-0B6529596DFA change Leader from null to 173b4405-db9a-4ec1-ad57-661f797ffe9b at term 1 for appendEntries, leader elected after 5151ms
2019-08-29 11:40:17,454 [173b4405-db9a-4ec1-ad57-661f797ffe9b:group-BB9433E9564F:LeaderElection62] INFO  server.RaftServerConfigKeys (ConfUtils.java:logGet(43)) - raft.server.rpc.sleep.time = 25ms (default)
2019-08-29 11:40:17,458 [173b4405-db9a-4ec1-ad57-661f797ffe9b:group-BB9433E9564F:LeaderElection62] INFO  server.RaftServerConfigKeys (ConfUtils.java:logGet(43)) - raft.server.write.element-limit = 4096 (default)
2019-08-29 11:40:17,459 [173b4405-db9a-4ec1-ad57-661f797ffe9b:group-BB9433E9564F:LeaderElection62] INFO  server.RaftServerConfigKeys (ConfUtils.java:logGet(43)) - raft.server.watch.timeout = 10s (default)
2019-08-29 11:40:17,459 [173b4405-db9a-4ec1-ad57-661f797ffe9b:group-BB9433E9564F:LeaderElection62] INFO  server.RaftServerConfigKeys (ConfUtils.java:logGet(43)) - raft.server.watch.timeout.denomination = 1s (default)
2019-08-29 11:40:17,459 [173b4405-db9a-4ec1-ad57-661f797ffe9b:group-BB9433E9564F:LeaderElection62] INFO  server.RaftServerConfigKeys (ConfUtils.java:logGet(43)) - raft.server.watch.element-limit = 65536 (default)
2019-08-29 11:40:17,459 [173b4405-db9a-4ec1-ad57-661f797ffe9b:group-BB9433E9564F:LeaderElection62] INFO  impl.RoleInfo (RoleInfo.java:updateAndGet(143)) - 173b4405-db9a-4ec1-ad57-661f797ffe9b: start LeaderState
2019-08-29 11:40:17,460 [173b4405-db9a-4ec1-ad57-661f797ffe9b:group-BB9433E9564F:LeaderElection62] INFO  segmented.SegmentedRaftLogWorker (SegmentedRaftLogWorker.java:startLogSegment(380)) - 173b4405-db9a-4ec1-ad57-661f797ffe9b-SegmentedRaftLogWorker:Storage Directory /workdir/hadoop-ozone/integration-test/target/test-dir/MiniOzoneClusterImpl-60a45d56-0b46-4bc8-bc0f-04071af02df0/datanode-5/data/ratis/ee6a0d4c-a679-4a7f-84f1-bb9433e9564f: Starting segment from index:0
2019-08-29 11:40:17,460 [grpc-default-executor-8] INFO  impl.RaftServerImpl (ServerState.java:setRaftConf(361)) - 080d8b78-b76d-4b3c-b093-271222147c90:group-0B6529596DFA set configuration 0: [080d8b78-b76d-4b3c-b093-271222147c90:192.168.5.166:36691, 173b4405-db9a-4ec1-ad57-661f797ffe9b:192.168.5.166:42293, c2005dcb-bacc-4d06-90c0-f8ae32e9f9ba:192.168.5.166:33305], old=null at 0
2019-08-29 11:40:17,460 [173b4405-db9a-4ec1-ad57-661f797ffe9b:group-BB9433E9564F:LeaderElection62] INFO  impl.RaftServerImpl (ServerState.java:setRaftConf(361)) - 173b4405-db9a-4ec1-ad57-661f797ffe9b:group-BB9433E9564F set configuration 0: [173b4405-db9a-4ec1-ad57-661f797ffe9b:192.168.5.166:42293], old=null at 0
2019-08-29 11:40:17,460 [grpc-default-executor-8] INFO  segmented.SegmentedRaftLogWorker (SegmentedRaftLogWorker.java:startLogSegment(380)) - 080d8b78-b76d-4b3c-b093-271222147c90-SegmentedRaftLogWorker:Storage Directory /workdir/hadoop-ozone/integration-test/target/test-dir/MiniOzoneClusterImpl-60a45d56-0b46-4bc8-bc0f-04071af02df0/datanode-3/data/ratis/7816c560-67b6-4f08-beeb-0b6529596dfa: Starting segment from index:0
2019-08-29 11:40:17,461 [grpc-default-executor-5] INFO  impl.RaftServerImpl (ServerState.java:setRaftConf(361)) - c2005dcb-bacc-4d06-90c0-f8ae32e9f9ba:group-0B6529596DFA set configuration 0: [080d8b78-b76d-4b3c-b093-271222147c90:192.168.5.166:36691, 173b4405-db9a-4ec1-ad57-661f797ffe9b:192.168.5.166:42293, c2005dcb-bacc-4d06-90c0-f8ae32e9f9ba:192.168.5.166:33305], old=null at 0
2019-08-29 11:40:17,494 [173b4405-db9a-4ec1-ad57-661f797ffe9b-SegmentedRaftLogWorker:Storage Directory /workdir/hadoop-ozone/integration-test/target/test-dir/MiniOzoneClusterImpl-60a45d56-0b46-4bc8-bc0f-04071af02df0/datanode-5/data/ratis/7816c560-67b6-4f08-beeb-0b6529596dfa] INFO  segmented.SegmentedRaftLogWorker (SegmentedRaftLogWorker.java:execute(569)) - 173b4405-db9a-4ec1-ad57-661f797ffe9b-SegmentedRaftLogWorker:Storage Directory /workdir/hadoop-ozone/integration-test/target/test-dir/MiniOzoneClusterImpl-60a45d56-0b46-4bc8-bc0f-04071af02df0/datanode-5/data/ratis/7816c560-67b6-4f08-beeb-0b6529596dfa: created new log segment /workdir/hadoop-ozone/integration-test/target/test-dir/MiniOzoneClusterImpl-60a45d56-0b46-4bc8-bc0f-04071af02df0/datanode-5/data/ratis/7816c560-67b6-4f08-beeb-0b6529596dfa/current/log_inprogress_0
2019-08-29 11:40:17,494 [Thread-3320] INFO  impl.FollowerState (FollowerState.java:run(106)) - eec2788d-61ce-476f-8498-1c0940795640:group-216C9DD6AD67 changes to CANDIDATE, lastRpcTime:5038, electionTimeout:5027ms
2019-08-29 11:40:17,494 [grpc-default-executor-5] INFO  segmented.SegmentedRaftLogWorker (SegmentedRaftLogWorker.java:startLogSegment(380)) - c2005dcb-bacc-4d06-90c0-f8ae32e9f9ba-SegmentedRaftLogWorker:Storage Directory /workdir/hadoop-ozone/integration-test/target/test-dir/MiniOzoneClusterImpl-60a45d56-0b46-4bc8-bc0f-04071af02df0/datanode-4/data/ratis/7816c560-67b6-4f08-beeb-0b6529596dfa: Starting segment from index:0
2019-08-29 11:40:17,495 [Thread-3320] INFO  impl.RoleInfo (RoleInfo.java:shutdownFollowerState(121)) - eec2788d-61ce-476f-8498-1c0940795640: shutdown FollowerState
2019-08-29 11:40:17,495 [Thread-3320] INFO  impl.RaftServerImpl (RaftServerImpl.java:setRole(171)) - eec2788d-61ce-476f-8498-1c0940795640:group-216C9DD6AD67 changes role from FOLLOWER to CANDIDATE at term 0 for changeToCandidate
2019-08-29 11:40:17,495 [Thread-3320] INFO  impl.RoleInfo (RoleInfo.java:updateAndGet(143)) - eec2788d-61ce-476f-8498-1c0940795640: start LeaderElection
2019-08-29 11:40:17,532 [173b4405-db9a-4ec1-ad57-661f797ffe9b-SegmentedRaftLogWorker:Storage Directory /workdir/hadoop-ozone/integration-test/target/test-dir/MiniOzoneClusterImpl-60a45d56-0b46-4bc8-bc0f-04071af02df0/datanode-5/data/ratis/ee6a0d4c-a679-4a7f-84f1-bb9433e9564f] INFO  segmented.SegmentedRaftLogWorker (SegmentedRaftLogWorker.java:execute(569)) - 173b4405-db9a-4ec1-ad57-661f797ffe9b-SegmentedRaftLogWorker:Storage Directory /workdir/hadoop-ozone/integration-test/target/test-dir/MiniOzoneClusterImpl-60a45d56-0b46-4bc8-bc0f-04071af02df0/datanode-5/data/ratis/ee6a0d4c-a679-4a7f-84f1-bb9433e9564f: created new log segment /workdir/hadoop-ozone/integration-test/target/test-dir/MiniOzoneClusterImpl-60a45d56-0b46-4bc8-bc0f-04071af02df0/datanode-5/data/ratis/ee6a0d4c-a679-4a7f-84f1-bb9433e9564f/current/log_inprogress_0
2019-08-29 11:40:17,542 [grpc-default-executor-5] INFO  client.GrpcClientProtocolClient (GrpcClientProtocolClient.java:onNext(255)) - client-C6D552CAD27F->b53f6902-efbc-4527-b99b-6ae0f6edb4d4: receive RaftClientReply:client-C6D552CAD27F->b53f6902-efbc-4527-b99b-6ae0f6edb4d4@group-125E9A69CB37, cid=163, FAILED org.apache.ratis.protocol.NotLeaderException: Server b53f6902-efbc-4527-b99b-6ae0f6edb4d4 is not the leader (c03e1c2a-de54-4f45-8368-f772dadfbdb1:192.168.5.166:37728). Request must be sent to leader., logIndex=0, commits[b53f6902-efbc-4527-b99b-6ae0f6edb4d4:c-1, d426621c-da0b-4728-bc06-17a58ad6bb29:c-1, c03e1c2a-de54-4f45-8368-f772dadfbdb1:c-1]
2019-08-29 11:40:17,545 [080d8b78-b76d-4b3c-b093-271222147c90-SegmentedRaftLogWorker:Storage Directory /workdir/hadoop-ozone/integration-test/target/test-dir/MiniOzoneClusterImpl-60a45d56-0b46-4bc8-bc0f-04071af02df0/datanode-3/data/ratis/7816c560-67b6-4f08-beeb-0b6529596dfa] INFO  segmented.SegmentedRaftLogWorker (SegmentedRaftLogWorker.java:execute(569)) - 080d8b78-b76d-4b3c-b093-271222147c90-SegmentedRaftLogWorker:Storage Directory /workdir/hadoop-ozone/integration-test/target/test-dir/MiniOzoneClusterImpl-60a45d56-0b46-4bc8-bc0f-04071af02df0/datanode-3/data/ratis/7816c560-67b6-4f08-beeb-0b6529596dfa: created new log segment /workdir/hadoop-ozone/integration-test/target/test-dir/MiniOzoneClusterImpl-60a45d56-0b46-4bc8-bc0f-04071af02df0/datanode-3/data/ratis/7816c560-67b6-4f08-beeb-0b6529596dfa/current/log_inprogress_0
2019-08-29 11:40:17,545 [c2005dcb-bacc-4d06-90c0-f8ae32e9f9ba-SegmentedRaftLogWorker:Storage Directory /workdir/hadoop-ozone/integration-test/target/test-dir/MiniOzoneClusterImpl-60a45d56-0b46-4bc8-bc0f-04071af02df0/datanode-4/data/ratis/7816c560-67b6-4f08-beeb-0b6529596dfa] INFO  segmented.SegmentedRaftLogWorker (SegmentedRaftLogWorker.java:execute(569)) - c2005dcb-bacc-4d06-90c0-f8ae32e9f9ba-SegmentedRaftLogWorker:Storage Directory /workdir/hadoop-ozone/integration-test/target/test-dir/MiniOzoneClusterImpl-60a45d56-0b46-4bc8-bc0f-04071af02df0/datanode-4/data/ratis/7816c560-67b6-4f08-beeb-0b6529596dfa: created new log segment /workdir/hadoop-ozone/integration-test/target/test-dir/MiniOzoneClusterImpl-60a45d56-0b46-4bc8-bc0f-04071af02df0/datanode-4/data/ratis/7816c560-67b6-4f08-beeb-0b6529596dfa/current/log_inprogress_0
2019-08-29 11:40:17,545 [eec2788d-61ce-476f-8498-1c0940795640:group-216C9DD6AD67:LeaderElection63] INFO  impl.LeaderElection (LeaderElection.java:askForVotes(181)) - eec2788d-61ce-476f-8498-1c0940795640:group-216C9DD6AD67:LeaderElection63: begin an election at term 1 for -1: [eec2788d-61ce-476f-8498-1c0940795640:192.168.5.166:44773], old=null
2019-08-29 11:40:17,545 [eec2788d-61ce-476f-8498-1c0940795640:group-216C9DD6AD67:LeaderElection63] INFO  impl.RoleInfo (RoleInfo.java:shutdownLeaderElection(134)) - eec2788d-61ce-476f-8498-1c0940795640: shutdown LeaderElection
2019-08-29 11:40:17,545 [eec2788d-61ce-476f-8498-1c0940795640:group-216C9DD6AD67:LeaderElection63] INFO  impl.RaftServerImpl (RaftServerImpl.java:setRole(171)) - eec2788d-61ce-476f-8498-1c0940795640:group-216C9DD6AD67 changes role from CANDIDATE to LEADER at term 1 for changeToLeader
2019-08-29 11:40:17,545 [eec2788d-61ce-476f-8498-1c0940795640:group-216C9DD6AD67:LeaderElection63] INFO  impl.RaftServerImpl (ServerState.java:setLeader(263)) - eec2788d-61ce-476f-8498-1c0940795640:group-216C9DD6AD67 change Leader from null to eec2788d-61ce-476f-8498-1c0940795640 at term 1 for becomeLeader, leader elected after 5094ms
2019-08-29 11:40:17,546 [eec2788d-61ce-476f-8498-1c0940795640:group-216C9DD6AD67:LeaderElection63] INFO  server.RaftServerConfigKeys (ConfUtils.java:logGet(43)) - raft.server.staging.catchup.gap = 1000 (default)
2019-08-29 11:40:17,546 [eec2788d-61ce-476f-8498-1c0940795640:group-216C9DD6AD67:LeaderElection63] INFO  server.RaftServerConfigKeys (ConfUtils.java:logGet(43)) - raft.server.rpc.sleep.time = 25ms (default)
2019-08-29 11:40:17,546 [eec2788d-61ce-476f-8498-1c0940795640:group-216C9DD6AD67:LeaderElection63] INFO  server.RaftServerConfigKeys (ConfUtils.java:logGet(43)) - raft.server.write.element-limit = 4096 (default)
2019-08-29 11:40:17,546 [eec2788d-61ce-476f-8498-1c0940795640:group-216C9DD6AD67:LeaderElection63] INFO  server.RaftServerConfigKeys (ConfUtils.java:logGet(43)) - raft.server.watch.timeout = 10s (default)
2019-08-29 11:40:17,546 [eec2788d-61ce-476f-8498-1c0940795640:group-216C9DD6AD67:LeaderElection63] INFO  server.RaftServerConfigKeys (ConfUtils.java:logGet(43)) - raft.server.watch.timeout.denomination = 1s (default)
2019-08-29 11:40:17,546 [eec2788d-61ce-476f-8498-1c0940795640:group-216C9DD6AD67:LeaderElection63] INFO  server.RaftServerConfigKeys (ConfUtils.java:logGet(43)) - raft.server.watch.element-limit = 65536 (default)
2019-08-29 11:40:17,547 [eec2788d-61ce-476f-8498-1c0940795640:group-216C9DD6AD67:LeaderElection63] INFO  impl.RoleInfo (RoleInfo.java:updateAndGet(143)) - eec2788d-61ce-476f-8498-1c0940795640: start LeaderState
2019-08-29 11:40:17,547 [eec2788d-61ce-476f-8498-1c0940795640:group-216C9DD6AD67:LeaderElection63] INFO  segmented.SegmentedRaftLogWorker (SegmentedRaftLogWorker.java:startLogSegment(380)) - eec2788d-61ce-476f-8498-1c0940795640-SegmentedRaftLogWorker:Storage Directory /workdir/hadoop-ozone/integration-test/target/test-dir/MiniOzoneClusterImpl-60a45d56-0b46-4bc8-bc0f-04071af02df0/datanode-6/data/ratis/ecc0bf4c-1431-424d-83ca-216c9dd6ad67: Starting segment from index:0
2019-08-29 11:40:17,547 [eec2788d-61ce-476f-8498-1c0940795640:group-216C9DD6AD67:LeaderElection63] INFO  impl.RaftServerImpl (ServerState.java:setRaftConf(361)) - eec2788d-61ce-476f-8498-1c0940795640:group-216C9DD6AD67 set configuration 0: [eec2788d-61ce-476f-8498-1c0940795640:192.168.5.166:44773], old=null at 0
2019-08-29 11:40:17,588 [eec2788d-61ce-476f-8498-1c0940795640-SegmentedRaftLogWorker:Storage Directory /workdir/hadoop-ozone/integration-test/target/test-dir/MiniOzoneClusterImpl-60a45d56-0b46-4bc8-bc0f-04071af02df0/datanode-6/data/ratis/ecc0bf4c-1431-424d-83ca-216c9dd6ad67] INFO  segmented.SegmentedRaftLogWorker (SegmentedRaftLogWorker.java:execute(569)) - eec2788d-61ce-476f-8498-1c0940795640-SegmentedRaftLogWorker:Storage Directory /workdir/hadoop-ozone/integration-test/target/test-dir/MiniOzoneClusterImpl-60a45d56-0b46-4bc8-bc0f-04071af02df0/datanode-6/data/ratis/ecc0bf4c-1431-424d-83ca-216c9dd6ad67: created new log segment /workdir/hadoop-ozone/integration-test/target/test-dir/MiniOzoneClusterImpl-60a45d56-0b46-4bc8-bc0f-04071af02df0/datanode-6/data/ratis/ecc0bf4c-1431-424d-83ca-216c9dd6ad67/current/log_inprogress_0
2019-08-29 11:40:17,641 | INFO  | SCMAudit | user=jenkins1000 | ip=192.168.5.166 | op=SEND_HEARTBEAT {datanodeUUID=d426621c-da0b-4728-bc06-17a58ad6bb29, command=[]} | ret=SUCCESS |  
2019-08-29 11:40:17,696 | INFO  | DNAudit | user=null | ip=null | op=WRITE_CHUNK {blockData=conID: 1 locID: 102700077118259214 bcsId: 0} | ret=SUCCESS |  
2019-08-29 11:40:17,696 | INFO  | SCMAudit | user=jenkins1000 | ip=192.168.5.166 | op=SEND_HEARTBEAT {datanodeUUID=d426621c-da0b-4728-bc06-17a58ad6bb29, command=[]} | ret=SUCCESS |  
2019-08-29 11:40:17,715 | INFO  | DNAudit | user=null | ip=null | op=WRITE_CHUNK {blockData=conID: 1 locID: 102700077118259214 bcsId: 0} | ret=SUCCESS |  
2019-08-29 11:40:17,715 | INFO  | DNAudit | user=null | ip=null | op=WRITE_CHUNK {blockData=conID: 1 locID: 102700077118259214 bcsId: 0} | ret=SUCCESS |  
2019-08-29 11:40:17,715 | INFO  | SCMAudit | user=jenkins1000 | ip=192.168.5.166 | op=SEND_HEARTBEAT {datanodeUUID=b53f6902-efbc-4527-b99b-6ae0f6edb4d4, command=[]} | ret=SUCCESS |  
2019-08-29 11:40:17,715 | INFO  | SCMAudit | user=jenkins1000 | ip=192.168.5.166 | op=SEND_HEARTBEAT {datanodeUUID=c03e1c2a-de54-4f45-8368-f772dadfbdb1, command=[]} | ret=SUCCESS |  
2019-08-29 11:40:17,724 | INFO  | DNAudit | user=null | ip=null | op=WRITE_CHUNK {blockData=conID: 1 locID: 102700077118259214 bcsId: 0} | ret=SUCCESS |  
2019-08-29 11:40:17,730 [grpc-default-executor-7] INFO  client.GrpcClientProtocolClient (GrpcClientProtocolClient.java:onNext(255)) - client-C6D552CAD27F->c03e1c2a-de54-4f45-8368-f772dadfbdb1: receive RaftClientReply:client-C6D552CAD27F->c03e1c2a-de54-4f45-8368-f772dadfbdb1@group-125E9A69CB37, cid=163, SUCCESS, logIndex=1, commits[c03e1c2a-de54-4f45-8368-f772dadfbdb1:c1, b53f6902-efbc-4527-b99b-6ae0f6edb4d4:c0, d426621c-da0b-4728-bc06-17a58ad6bb29:c0]
2019-08-29 11:40:17,734 | INFO  | DNAudit | user=null | ip=null | op=WRITE_CHUNK {blockData=conID: 1 locID: 102700077118259214 bcsId: 0} | ret=SUCCESS |  
2019-08-29 11:40:17,736 | INFO  | DNAudit | user=null | ip=null | op=WRITE_CHUNK {blockData=conID: 1 locID: 102700077118259214 bcsId: 0} | ret=SUCCESS |  
2019-08-29 11:40:17,736 | INFO  | DNAudit | user=null | ip=null | op=WRITE_CHUNK {blockData=conID: 1 locID: 102700077118259214 bcsId: 0} | ret=SUCCESS |  
2019-08-29 11:40:17,736 | INFO  | DNAudit | user=null | ip=null | op=WRITE_CHUNK {blockData=conID: 1 locID: 102700077118259214 bcsId: 0} | ret=SUCCESS |  
2019-08-29 11:40:17,738 | INFO  | DNAudit | user=null | ip=null | op=WRITE_CHUNK {blockData=conID: 1 locID: 102700077118259214 bcsId: 0} | ret=SUCCESS |  
2019-08-29 11:40:17,741 | INFO  | DNAudit | user=null | ip=null | op=WRITE_CHUNK {blockData=conID: 1 locID: 102700077118259214 bcsId: 0} | ret=SUCCESS |  
2019-08-29 11:40:17,741 | INFO  | DNAudit | user=null | ip=null | op=WRITE_CHUNK {blockData=conID: 1 locID: 102700077118259214 bcsId: 0} | ret=SUCCESS |  
2019-08-29 11:40:17,741 | INFO  | DNAudit | user=null | ip=null | op=WRITE_CHUNK {blockData=conID: 1 locID: 102700077118259214 bcsId: 0} | ret=SUCCESS |  
2019-08-29 11:40:17,742 | INFO  | DNAudit | user=null | ip=null | op=WRITE_CHUNK {blockData=conID: 1 locID: 102700077118259214 bcsId: 0} | ret=SUCCESS |  
2019-08-29 11:40:17,742 | INFO  | DNAudit | user=null | ip=null | op=WRITE_CHUNK {blockData=conID: 1 locID: 102700077118259214 bcsId: 0} | ret=SUCCESS |  
2019-08-29 11:40:17,742 | INFO  | DNAudit | user=null | ip=null | op=WRITE_CHUNK {blockData=conID: 1 locID: 102700077118259214 bcsId: 0} | ret=SUCCESS |  
2019-08-29 11:40:17,751 | INFO  | DNAudit | user=null | ip=null | op=WRITE_CHUNK {blockData=conID: 1 locID: 102700077118259214 bcsId: 0} | ret=SUCCESS |  
2019-08-29 11:40:17,758 | INFO  | DNAudit | user=null | ip=null | op=WRITE_CHUNK {blockData=conID: 1 locID: 102700077118259214 bcsId: 0} | ret=SUCCESS |  
2019-08-29 11:40:17,759 [grpc-default-executor-5] INFO  client.GrpcClientProtocolClient (GrpcClientProtocolClient.java:onNext(255)) - client-C6D552CAD27F->c03e1c2a-de54-4f45-8368-f772dadfbdb1: receive RaftClientReply:client-C6D552CAD27F->c03e1c2a-de54-4f45-8368-f772dadfbdb1@group-125E9A69CB37, cid=164, SUCCESS, logIndex=3, commits[c03e1c2a-de54-4f45-8368-f772dadfbdb1:c7, b53f6902-efbc-4527-b99b-6ae0f6edb4d4:c1, d426621c-da0b-4728-bc06-17a58ad6bb29:c1]
2019-08-29 11:40:17,763 | INFO  | DNAudit | user=null | ip=null | op=WRITE_CHUNK {blockData=conID: 1 locID: 102700077118259214 bcsId: 0} | ret=SUCCESS |  
2019-08-29 11:40:17,805 | INFO  | DNAudit | user=null | ip=null | op=PUT_BLOCK {blockData=[blockId=conID: 1 locID: 102700077118259214 bcsId: 0,size=200]} | ret=SUCCESS |  
2019-08-29 11:40:17,806 | INFO  | DNAudit | user=null | ip=null | op=WRITE_CHUNK {blockData=conID: 1 locID: 102700077118259214 bcsId: 0} | ret=SUCCESS |  
2019-08-29 11:40:17,807 | INFO  | DNAudit | user=null | ip=null | op=WRITE_CHUNK {blockData=conID: 1 locID: 102700077118259214 bcsId: 0} | ret=SUCCESS |  
2019-08-29 11:40:17,807 [grpc-default-executor-5] INFO  client.GrpcClientProtocolClient (GrpcClientProtocolClient.java:onNext(255)) - client-C6D552CAD27F->c03e1c2a-de54-4f45-8368-f772dadfbdb1: receive RaftClientReply:client-C6D552CAD27F->c03e1c2a-de54-4f45-8368-f772dadfbdb1@group-125E9A69CB37, cid=165, SUCCESS, logIndex=4, commits[c03e1c2a-de54-4f45-8368-f772dadfbdb1:c11, b53f6902-efbc-4527-b99b-6ae0f6edb4d4:c7, d426621c-da0b-4728-bc06-17a58ad6bb29:c7]
2019-08-29 11:40:17,808 [grpc-default-executor-5] INFO  client.GrpcClientProtocolClient (GrpcClientProtocolClient.java:onNext(255)) - client-C6D552CAD27F->c03e1c2a-de54-4f45-8368-f772dadfbdb1: receive RaftClientReply:client-C6D552CAD27F->c03e1c2a-de54-4f45-8368-f772dadfbdb1@group-125E9A69CB37, cid=166, SUCCESS, logIndex=5, commits[c03e1c2a-de54-4f45-8368-f772dadfbdb1:c11, b53f6902-efbc-4527-b99b-6ae0f6edb4d4:c7, d426621c-da0b-4728-bc06-17a58ad6bb29:c7]
2019-08-29 11:40:17,812 [grpc-default-executor-5] INFO  client.GrpcClientProtocolClient (GrpcClientProtocolClient.java:onNext(255)) - client-C6D552CAD27F->c03e1c2a-de54-4f45-8368-f772dadfbdb1: receive RaftClientReply:client-C6D552CAD27F->c03e1c2a-de54-4f45-8368-f772dadfbdb1@group-125E9A69CB37, cid=167, SUCCESS, logIndex=6, commits[c03e1c2a-de54-4f45-8368-f772dadfbdb1:c11, b53f6902-efbc-4527-b99b-6ae0f6edb4d4:c7, d426621c-da0b-4728-bc06-17a58ad6bb29:c7]
2019-08-29 11:40:17,833 | INFO  | SCMAudit | user=jenkins1000 | ip=192.168.5.166 | op=SEND_HEARTBEAT {datanodeUUID=080d8b78-b76d-4b3c-b093-271222147c90, command=[]} | ret=SUCCESS |  
2019-08-29 11:40:17,855 | INFO  | DNAudit | user=null | ip=null | op=PUT_BLOCK {blockData=[blockId=conID: 1 locID: 102700077118259214 bcsId: 0,size=200]} | ret=SUCCESS |  
2019-08-29 11:40:17,856 | INFO  | DNAudit | user=null | ip=null | op=WRITE_CHUNK {blockData=conID: 1 locID: 102700077118259214 bcsId: 0} | ret=SUCCESS |  
2019-08-29 11:40:17,856 | INFO  | DNAudit | user=null | ip=null | op=WRITE_CHUNK {blockData=conID: 1 locID: 102700077118259214 bcsId: 0} | ret=SUCCESS |  
2019-08-29 11:40:17,941 | INFO  | DNAudit | user=null | ip=null | op=PUT_BLOCK {blockData=[blockId=conID: 1 locID: 102700077118259214 bcsId: 0,size=400]} | ret=SUCCESS |  
2019-08-29 11:40:17,941 | INFO  | DNAudit | user=null | ip=null | op=PUT_BLOCK {blockData=[blockId=conID: 1 locID: 102700077118259214 bcsId: 0,size=200]} | ret=SUCCESS |  
2019-08-29 11:40:17,941 | INFO  | DNAudit | user=null | ip=null | op=PUT_BLOCK {blockData=[blockId=conID: 1 locID: 102700077118259214 bcsId: 0,size=400]} | ret=SUCCESS |  
2019-08-29 11:40:17,942 | INFO  | DNAudit | user=null | ip=null | op=WRITE_CHUNK {blockData=conID: 1 locID: 102700077118259214 bcsId: 0} | ret=SUCCESS |  
2019-08-29 11:40:17,942 | INFO  | DNAudit | user=null | ip=null | op=WRITE_CHUNK {blockData=conID: 1 locID: 102700077118259214 bcsId: 0} | ret=SUCCESS |  
2019-08-29 11:40:17,946 [grpc-default-executor-5] INFO  client.GrpcClientProtocolClient (GrpcClientProtocolClient.java:onNext(255)) - client-C6D552CAD27F->c03e1c2a-de54-4f45-8368-f772dadfbdb1: receive RaftClientReply:client-C6D552CAD27F->c03e1c2a-de54-4f45-8368-f772dadfbdb1@group-125E9A69CB37, cid=168, SUCCESS, logIndex=7, commits[c03e1c2a-de54-4f45-8368-f772dadfbdb1:c11, b53f6902-efbc-4527-b99b-6ae0f6edb4d4:c7, d426621c-da0b-4728-bc06-17a58ad6bb29:c7]
2019-08-29 11:40:17,947 | INFO  | DNAudit | user=null | ip=null | op=PUT_BLOCK {blockData=[blockId=conID: 1 locID: 102700077118259214 bcsId: 0,size=400]} | ret=SUCCESS |  
2019-08-29 11:40:17,950 | INFO  | DNAudit | user=null | ip=null | op=WRITE_CHUNK {blockData=conID: 1 locID: 102700077118259214 bcsId: 7} | ret=SUCCESS |  
2019-08-29 11:40:17,952 | INFO  | DNAudit | user=null | ip=null | op=WRITE_CHUNK {blockData=conID: 1 locID: 102700077118259214 bcsId: 7} | ret=SUCCESS |  
2019-08-29 11:40:17,952 | INFO  | DNAudit | user=null | ip=null | op=WRITE_CHUNK {blockData=conID: 1 locID: 102700077118259214 bcsId: 7} | ret=SUCCESS |  
2019-08-29 11:40:17,958 | INFO  | DNAudit | user=null | ip=null | op=WRITE_CHUNK {blockData=conID: 1 locID: 102700077118259214 bcsId: 7} | ret=SUCCESS |  
2019-08-29 11:40:17,962 | INFO  | DNAudit | user=null | ip=null | op=PUT_BLOCK {blockData=[blockId=conID: 1 locID: 102700077118259214 bcsId: 0,size=450]} | ret=SUCCESS |  
2019-08-29 11:40:17,962 [grpc-default-executor-6] INFO  client.GrpcClientProtocolClient (GrpcClientProtocolClient.java:onNext(255)) - client-C6D552CAD27F->c03e1c2a-de54-4f45-8368-f772dadfbdb1: receive RaftClientReply:client-C6D552CAD27F->c03e1c2a-de54-4f45-8368-f772dadfbdb1@group-125E9A69CB37, cid=169, SUCCESS, logIndex=12, commits[c03e1c2a-de54-4f45-8368-f772dadfbdb1:c13, b53f6902-efbc-4527-b99b-6ae0f6edb4d4:c11, d426621c-da0b-4728-bc06-17a58ad6bb29:c11]
2019-08-29 11:40:17,963 [grpc-default-executor-6] INFO  client.GrpcClientProtocolClient (GrpcClientProtocolClient.java:onNext(255)) - client-C6D552CAD27F->c03e1c2a-de54-4f45-8368-f772dadfbdb1: receive RaftClientReply:client-C6D552CAD27F->c03e1c2a-de54-4f45-8368-f772dadfbdb1@group-125E9A69CB37, cid=170, SUCCESS, logIndex=13, commits[c03e1c2a-de54-4f45-8368-f772dadfbdb1:c13, b53f6902-efbc-4527-b99b-6ae0f6edb4d4:c11, d426621c-da0b-4728-bc06-17a58ad6bb29:c11]
2019-08-29 11:40:17,970 | INFO  | DNAudit | user=null | ip=null | op=WRITE_CHUNK {blockData=conID: 1 locID: 102700077118259214 bcsId: 7} | ret=SUCCESS |  
2019-08-29 11:40:17,970 | INFO  | DNAudit | user=null | ip=null | op=WRITE_CHUNK {blockData=conID: 1 locID: 102700077118259214 bcsId: 7} | ret=SUCCESS |  
2019-08-29 11:40:17,984 | INFO  | DNAudit | user=null | ip=null | op=PUT_BLOCK {blockData=[blockId=conID: 1 locID: 102700077118259214 bcsId: 0,size=450]} | ret=SUCCESS |  
2019-08-29 11:40:17,988 | INFO  | DNAudit | user=null | ip=null | op=PUT_BLOCK {blockData=[blockId=conID: 1 locID: 102700077118259214 bcsId: 0,size=450]} | ret=SUCCESS |  
2019-08-29 11:40:17,991 [grpc-default-executor-6] INFO  client.GrpcClientProtocolClient (GrpcClientProtocolClient.java:onNext(255)) - client-C6D552CAD27F->c03e1c2a-de54-4f45-8368-f772dadfbdb1: receive RaftClientReply:client-C6D552CAD27F->c03e1c2a-de54-4f45-8368-f772dadfbdb1@group-125E9A69CB37, cid=171, SUCCESS, logIndex=0, commits[c03e1c2a-de54-4f45-8368-f772dadfbdb1:c15, b53f6902-efbc-4527-b99b-6ae0f6edb4d4:c13, d426621c-da0b-4728-bc06-17a58ad6bb29:c13]
2019-08-29 11:40:17,991 [main] INFO  datanode.ObjectStoreHandler (ObjectStoreHandler.java:close(155)) - Closing ObjectStoreHandler.
2019-08-29 11:40:17,992 [main] INFO  ozone.HddsDatanodeService (HddsDatanodeService.java:stop(451)) - Stopped plug-in org.apache.hadoop.ozone.web.OzoneHddsDatanodeService@5d9639bb
2019-08-29 11:40:18,006 | INFO  | SCMAudit | user=jenkins1000 | ip=192.168.5.166 | op=SEND_HEARTBEAT {datanodeUUID=c2005dcb-bacc-4d06-90c0-f8ae32e9f9ba, command=[]} | ret=SUCCESS |  
2019-08-29 11:40:18,203 | INFO  | SCMAudit | user=jenkins1000 | ip=192.168.5.166 | op=SEND_HEARTBEAT {datanodeUUID=173b4405-db9a-4ec1-ad57-661f797ffe9b, command=[]} | ret=SUCCESS |  
2019-08-29 11:40:18,392 | INFO  | SCMAudit | user=jenkins1000 | ip=192.168.5.166 | op=SEND_HEARTBEAT {datanodeUUID=eec2788d-61ce-476f-8498-1c0940795640, command=[]} | ret=SUCCESS |  
2019-08-29 11:40:18,695 | INFO  | SCMAudit | user=jenkins1000 | ip=192.168.5.166 | op=SEND_HEARTBEAT {datanodeUUID=d426621c-da0b-4728-bc06-17a58ad6bb29, command=[]} | ret=SUCCESS |  
2019-08-29 11:40:18,715 [Datanode State Machine Thread - 0] INFO  statemachine.DatanodeStateMachine (DatanodeStateMachine.java:lambda$startDaemon$0(350)) - Ozone container server started.
2019-08-29 11:40:18,715 | INFO  | SCMAudit | user=jenkins1000 | ip=192.168.5.166 | op=SEND_HEARTBEAT {datanodeUUID=b53f6902-efbc-4527-b99b-6ae0f6edb4d4, command=[]} | ret=SUCCESS |  
2019-08-29 11:40:18,834 | INFO  | SCMAudit | user=jenkins1000 | ip=192.168.5.166 | op=SEND_HEARTBEAT {datanodeUUID=080d8b78-b76d-4b3c-b093-271222147c90, command=[]} | ret=SUCCESS |  
2019-08-29 11:40:19,007 | INFO  | SCMAudit | user=jenkins1000 | ip=192.168.5.166 | op=SEND_HEARTBEAT {datanodeUUID=c2005dcb-bacc-4d06-90c0-f8ae32e9f9ba, command=[]} | ret=SUCCESS |  
2019-08-29 11:40:19,203 | INFO  | SCMAudit | user=jenkins1000 | ip=192.168.5.166 | op=SEND_HEARTBEAT {datanodeUUID=173b4405-db9a-4ec1-ad57-661f797ffe9b, command=[]} | ret=SUCCESS |  
2019-08-29 11:40:19,392 | INFO  | SCMAudit | user=jenkins1000 | ip=192.168.5.166 | op=SEND_HEARTBEAT {datanodeUUID=eec2788d-61ce-476f-8498-1c0940795640, command=[]} | ret=SUCCESS |  
2019-08-29 11:40:19,695 | INFO  | SCMAudit | user=jenkins1000 | ip=192.168.5.166 | op=SEND_HEARTBEAT {datanodeUUID=d426621c-da0b-4728-bc06-17a58ad6bb29, command=[]} | ret=SUCCESS |  
2019-08-29 11:40:19,715 | INFO  | SCMAudit | user=jenkins1000 | ip=192.168.5.166 | op=SEND_HEARTBEAT {datanodeUUID=b53f6902-efbc-4527-b99b-6ae0f6edb4d4, command=[]} | ret=SUCCESS |  
2019-08-29 11:40:19,834 | INFO  | SCMAudit | user=jenkins1000 | ip=192.168.5.166 | op=SEND_HEARTBEAT {datanodeUUID=080d8b78-b76d-4b3c-b093-271222147c90, command=[]} | ret=SUCCESS |  
2019-08-29 11:40:20,007 | INFO  | SCMAudit | user=jenkins1000 | ip=192.168.5.166 | op=SEND_HEARTBEAT {datanodeUUID=c2005dcb-bacc-4d06-90c0-f8ae32e9f9ba, command=[]} | ret=SUCCESS |  
2019-08-29 11:40:20,203 | INFO  | SCMAudit | user=jenkins1000 | ip=192.168.5.166 | op=SEND_HEARTBEAT {datanodeUUID=173b4405-db9a-4ec1-ad57-661f797ffe9b, command=[]} | ret=SUCCESS |  
2019-08-29 11:40:20,392 | INFO  | SCMAudit | user=jenkins1000 | ip=192.168.5.166 | op=SEND_HEARTBEAT {datanodeUUID=eec2788d-61ce-476f-8498-1c0940795640, command=[]} | ret=SUCCESS |  
2019-08-29 11:40:20,695 | INFO  | SCMAudit | user=jenkins1000 | ip=192.168.5.166 | op=SEND_HEARTBEAT {datanodeUUID=d426621c-da0b-4728-bc06-17a58ad6bb29, command=[]} | ret=SUCCESS |  
2019-08-29 11:40:20,716 | INFO  | SCMAudit | user=jenkins1000 | ip=192.168.5.166 | op=SEND_HEARTBEAT {datanodeUUID=b53f6902-efbc-4527-b99b-6ae0f6edb4d4, command=[]} | ret=SUCCESS |  
2019-08-29 11:40:20,834 | INFO  | SCMAudit | user=jenkins1000 | ip=192.168.5.166 | op=SEND_HEARTBEAT {datanodeUUID=080d8b78-b76d-4b3c-b093-271222147c90, command=[]} | ret=SUCCESS |  
2019-08-29 11:40:21,007 | INFO  | SCMAudit | user=jenkins1000 | ip=192.168.5.166 | op=SEND_HEARTBEAT {datanodeUUID=c2005dcb-bacc-4d06-90c0-f8ae32e9f9ba, command=[]} | ret=SUCCESS |  
2019-08-29 11:40:21,204 | INFO  | SCMAudit | user=jenkins1000 | ip=192.168.5.166 | op=SEND_HEARTBEAT {datanodeUUID=173b4405-db9a-4ec1-ad57-661f797ffe9b, command=[]} | ret=SUCCESS |  
2019-08-29 11:40:21,393 | INFO  | SCMAudit | user=jenkins1000 | ip=192.168.5.166 | op=SEND_HEARTBEAT {datanodeUUID=eec2788d-61ce-476f-8498-1c0940795640, command=[]} | ret=SUCCESS |  
2019-08-29 11:40:21,695 | INFO  | SCMAudit | user=jenkins1000 | ip=192.168.5.166 | op=SEND_HEARTBEAT {datanodeUUID=d426621c-da0b-4728-bc06-17a58ad6bb29, command=[]} | ret=SUCCESS |  
2019-08-29 11:40:21,717 | INFO  | SCMAudit | user=jenkins1000 | ip=192.168.5.166 | op=SEND_HEARTBEAT {datanodeUUID=b53f6902-efbc-4527-b99b-6ae0f6edb4d4, command=[]} | ret=SUCCESS |  
2019-08-29 11:40:21,835 | INFO  | SCMAudit | user=jenkins1000 | ip=192.168.5.166 | op=SEND_HEARTBEAT {datanodeUUID=080d8b78-b76d-4b3c-b093-271222147c90, command=[]} | ret=SUCCESS |  
2019-08-29 11:40:22,007 | INFO  | SCMAudit | user=jenkins1000 | ip=192.168.5.166 | op=SEND_HEARTBEAT {datanodeUUID=c2005dcb-bacc-4d06-90c0-f8ae32e9f9ba, command=[]} | ret=SUCCESS |  
2019-08-29 11:40:22,204 | INFO  | SCMAudit | user=jenkins1000 | ip=192.168.5.166 | op=SEND_HEARTBEAT {datanodeUUID=173b4405-db9a-4ec1-ad57-661f797ffe9b, command=[]} | ret=SUCCESS |  
2019-08-29 11:40:22,393 | INFO  | SCMAudit | user=jenkins1000 | ip=192.168.5.166 | op=SEND_HEARTBEAT {datanodeUUID=eec2788d-61ce-476f-8498-1c0940795640, command=[]} | ret=SUCCESS |  
2019-08-29 11:40:22,695 | INFO  | SCMAudit | user=jenkins1000 | ip=192.168.5.166 | op=SEND_HEARTBEAT {datanodeUUID=d426621c-da0b-4728-bc06-17a58ad6bb29, command=[]} | ret=SUCCESS |  
2019-08-29 11:40:22,718 | INFO  | SCMAudit | user=jenkins1000 | ip=192.168.5.166 | op=SEND_HEARTBEAT {datanodeUUID=b53f6902-efbc-4527-b99b-6ae0f6edb4d4, command=[]} | ret=SUCCESS |  
2019-08-29 11:40:22,796 [EventQueue-StaleNodeForStaleNodeHandler] INFO  node.StaleNodeHandler (StaleNodeHandler.java:onMessage(58)) - Datanode c03e1c2a-de54-4f45-8368-f772dadfbdb1{ip: 192.168.5.166, host: pr-hdds-2030-qplxq-3692370286, networkLocation: /default-rack, certSerialId: null} moved to stale state. Finalizing its pipelines [PipelineID=40040fab-a7b9-4a2d-b86e-92df9322b7a9, PipelineID=aa76d3f7-f15b-4203-b110-125e9a69cb37]
2019-08-29 11:40:22,796 [EventQueue-StaleNodeForStaleNodeHandler] INFO  pipeline.SCMPipelineManager (SCMPipelineManager.java:finalizeAndDestroyPipeline(309)) - destroying pipeline:Pipeline[ Id: 40040fab-a7b9-4a2d-b86e-92df9322b7a9, Nodes: c03e1c2a-de54-4f45-8368-f772dadfbdb1{ip: 192.168.5.166, host: pr-hdds-2030-qplxq-3692370286, networkLocation: /default-rack, certSerialId: null}, Type:RATIS, Factor:ONE, State:OPEN]
2019-08-29 11:40:22,797 [EventQueue-StaleNodeForStaleNodeHandler] INFO  pipeline.PipelineStateManager (PipelineStateManager.java:finalizePipeline(123)) - Pipeline Pipeline[ Id: 40040fab-a7b9-4a2d-b86e-92df9322b7a9, Nodes: c03e1c2a-de54-4f45-8368-f772dadfbdb1{ip: 192.168.5.166, host: pr-hdds-2030-qplxq-3692370286, networkLocation: /default-rack, certSerialId: null}, Type:RATIS, Factor:ONE, State:CLOSED] moved to CLOSED state
2019-08-29 11:40:22,797 [EventQueue-StaleNodeForStaleNodeHandler] INFO  pipeline.SCMPipelineManager (SCMPipelineManager.java:finalizeAndDestroyPipeline(309)) - destroying pipeline:Pipeline[ Id: aa76d3f7-f15b-4203-b110-125e9a69cb37, Nodes: c03e1c2a-de54-4f45-8368-f772dadfbdb1{ip: 192.168.5.166, host: pr-hdds-2030-qplxq-3692370286, networkLocation: /default-rack, certSerialId: null}b53f6902-efbc-4527-b99b-6ae0f6edb4d4{ip: 192.168.5.166, host: pr-hdds-2030-qplxq-3692370286, networkLocation: /default-rack, certSerialId: null}d426621c-da0b-4728-bc06-17a58ad6bb29{ip: 192.168.5.166, host: pr-hdds-2030-qplxq-3692370286, networkLocation: /default-rack, certSerialId: null}, Type:RATIS, Factor:THREE, State:OPEN]
2019-08-29 11:40:22,798 [EventQueue-StaleNodeForStaleNodeHandler] INFO  pipeline.PipelineStateManager (PipelineStateManager.java:finalizePipeline(123)) - Pipeline Pipeline[ Id: aa76d3f7-f15b-4203-b110-125e9a69cb37, Nodes: c03e1c2a-de54-4f45-8368-f772dadfbdb1{ip: 192.168.5.166, host: pr-hdds-2030-qplxq-3692370286, networkLocation: /default-rack, certSerialId: null}b53f6902-efbc-4527-b99b-6ae0f6edb4d4{ip: 192.168.5.166, host: pr-hdds-2030-qplxq-3692370286, networkLocation: /default-rack, certSerialId: null}d426621c-da0b-4728-bc06-17a58ad6bb29{ip: 192.168.5.166, host: pr-hdds-2030-qplxq-3692370286, networkLocation: /default-rack, certSerialId: null}, Type:RATIS, Factor:THREE, State:CLOSED] moved to CLOSED state
2019-08-29 11:40:22,798 [EventQueue-CloseContainerForCloseContainerEventHandler] INFO  container.CloseContainerEventHandler (CloseContainerEventHandler.java:onMessage(61)) - Close container Event triggered for container : #1
2019-08-29 11:40:22,835 | INFO  | SCMAudit | user=jenkins1000 | ip=192.168.5.166 | op=SEND_HEARTBEAT {datanodeUUID=080d8b78-b76d-4b3c-b093-271222147c90, command=[]} | ret=SUCCESS |  
2019-08-29 11:40:22,993 [main] INFO  ozoneimpl.OzoneContainer (OzoneContainer.java:stop(199)) - Attempting to stop container services.
2019-08-29 11:40:22,997 [main] INFO  impl.RaftServerProxy (RaftServerProxy.java:lambda$close$4(314)) - c03e1c2a-de54-4f45-8368-f772dadfbdb1: close
2019-08-29 11:40:22,998 [main] INFO  impl.RaftServerImpl (RaftServerImpl.java:lambda$shutdown$3(245)) - c03e1c2a-de54-4f45-8368-f772dadfbdb1: shutdown group-92DF9322B7A9
2019-08-29 11:40:22,998 [ForkJoinPool.commonPool-worker-1] INFO  impl.RaftServerImpl (RaftServerImpl.java:lambda$shutdown$3(245)) - c03e1c2a-de54-4f45-8368-f772dadfbdb1: shutdown group-125E9A69CB37
2019-08-29 11:40:22,999 [main] INFO  util.JmxRegister (JmxRegister.java:unregister(73)) - Successfully un-registered JMX Bean with object name Ratis:service=RaftServer,group=group-92DF9322B7A9,id=c03e1c2a-de54-4f45-8368-f772dadfbdb1
2019-08-29 11:40:22,999 [ForkJoinPool.commonPool-worker-1] INFO  util.JmxRegister (JmxRegister.java:unregister(73)) - Successfully un-registered JMX Bean with object name Ratis:service=RaftServer,group=group-125E9A69CB37,id=c03e1c2a-de54-4f45-8368-f772dadfbdb1
2019-08-29 11:40:22,999 [main] INFO  impl.RoleInfo (RoleInfo.java:shutdownLeaderState(104)) - c03e1c2a-de54-4f45-8368-f772dadfbdb1: shutdown LeaderState
2019-08-29 11:40:23,000 [ForkJoinPool.commonPool-worker-1] INFO  impl.RoleInfo (RoleInfo.java:shutdownLeaderState(104)) - c03e1c2a-de54-4f45-8368-f772dadfbdb1: shutdown LeaderState
2019-08-29 11:40:23,000 [main] INFO  impl.PendingRequests (PendingRequests.java:sendNotLeaderResponses(202)) - c03e1c2a-de54-4f45-8368-f772dadfbdb1-PendingRequests: sendNotLeaderResponses
2019-08-29 11:40:23,005 [org.apache.ratis.server.impl.LogAppender$AppenderDaemon$$Lambda$468/1042246684@2698218d] WARN  server.GrpcLogAppender (GrpcLogAppender.java:mayWait(143)) - GrpcLogAppender(c03e1c2a-de54-4f45-8368-f772dadfbdb1->b53f6902-efbc-4527-b99b-6ae0f6edb4d4): Wait interrupted by java.lang.InterruptedException
2019-08-29 11:40:23,005 [ForkJoinPool.commonPool-worker-1] INFO  impl.PendingRequests (PendingRequests.java:sendNotLeaderResponses(202)) - c03e1c2a-de54-4f45-8368-f772dadfbdb1-PendingRequests: sendNotLeaderResponses
2019-08-29 11:40:23,006 [grpc-default-executor-6] INFO  server.GrpcServerProtocolService (GrpcServerProtocolService.java:onCompleted(104)) - b53f6902-efbc-4527-b99b-6ae0f6edb4d4: appendEntries completed
2019-08-29 11:40:23,005 [org.apache.ratis.server.impl.LogAppender$AppenderDaemon$$Lambda$468/1042246684@639abb3a] WARN  server.GrpcLogAppender (GrpcLogAppender.java:mayWait(143)) - GrpcLogAppender(c03e1c2a-de54-4f45-8368-f772dadfbdb1->d426621c-da0b-4728-bc06-17a58ad6bb29): Wait interrupted by java.lang.InterruptedException
2019-08-29 11:40:23,011 [ForkJoinPool.commonPool-worker-1] INFO  impl.StateMachineUpdater (StateMachineUpdater.java:stopAndJoin(115)) - StateMachineUpdater:c03e1c2a-de54-4f45-8368-f772dadfbdb1:group-125E9A69CB37: set stopIndex = 15
2019-08-29 11:40:23,006 [main] INFO  impl.StateMachineUpdater (StateMachineUpdater.java:stopAndJoin(115)) - StateMachineUpdater:c03e1c2a-de54-4f45-8368-f772dadfbdb1:group-92DF9322B7A9: set stopIndex = 0
2019-08-29 11:40:23,011 [grpc-default-executor-5] INFO  server.GrpcServerProtocolService (GrpcServerProtocolService.java:onCompleted(104)) - d426621c-da0b-4728-bc06-17a58ad6bb29: appendEntries completed
2019-08-29 11:40:23,011 [grpc-default-executor-6] INFO  server.GrpcLogAppender (GrpcLogAppender.java:onCompleted(292)) - c03e1c2a-de54-4f45-8368-f772dadfbdb1->b53f6902-efbc-4527-b99b-6ae0f6edb4d4: follower responses appendEntries COMPLETED
2019-08-29 11:40:23,012 | INFO  | SCMAudit | user=jenkins1000 | ip=192.168.5.166 | op=SEND_HEARTBEAT {datanodeUUID=c2005dcb-bacc-4d06-90c0-f8ae32e9f9ba, command=[]} | ret=SUCCESS |  
2019-08-29 11:40:23,011 [StateMachineUpdater:c03e1c2a-de54-4f45-8368-f772dadfbdb1:group-125E9A69CB37] INFO  ratis.ContainerStateMachine (ContainerStateMachine.java:takeSnapshot(283)) - group-125E9A69CB37: Taking a snapshot at:(t:1, i:13) file /workdir/hadoop-ozone/integration-test/target/test-dir/MiniOzoneClusterImpl-60a45d56-0b46-4bc8-bc0f-04071af02df0/datanode-1/data/ratis/aa76d3f7-f15b-4203-b110-125e9a69cb37/sm/snapshot.1_13
2019-08-29 11:40:23,012 [grpc-default-executor-5] INFO  server.GrpcLogAppender (GrpcLogAppender.java:onCompleted(292)) - c03e1c2a-de54-4f45-8368-f772dadfbdb1->d426621c-da0b-4728-bc06-17a58ad6bb29: follower responses appendEntries COMPLETED
2019-08-29 11:40:23,011 [main] INFO  impl.RaftServerImpl (ServerState.java:close(394)) - c03e1c2a-de54-4f45-8368-f772dadfbdb1:group-92DF9322B7A9 closes. The last applied log index is 0
2019-08-29 11:40:23,012 [grpc-default-executor-5] INFO  impl.FollowerInfo (FollowerInfo.java:lambda$new$0(50)) - c03e1c2a-de54-4f45-8368-f772dadfbdb1->d426621c-da0b-4728-bc06-17a58ad6bb29: nextIndex: updateUnconditionally 16 -> 15
2019-08-29 11:40:23,012 [grpc-default-executor-6] INFO  impl.FollowerInfo (FollowerInfo.java:lambda$new$0(50)) - c03e1c2a-de54-4f45-8368-f772dadfbdb1->b53f6902-efbc-4527-b99b-6ae0f6edb4d4: nextIndex: updateUnconditionally 16 -> 15
2019-08-29 11:40:23,013 [c03e1c2a-de54-4f45-8368-f772dadfbdb1-SegmentedRaftLogWorker:Storage Directory /workdir/hadoop-ozone/integration-test/target/test-dir/MiniOzoneClusterImpl-60a45d56-0b46-4bc8-bc0f-04071af02df0/datanode-1/data/ratis/40040fab-a7b9-4a2d-b86e-92df9322b7a9] INFO  segmented.SegmentedRaftLogWorker (SegmentedRaftLogWorker.java:run(313)) - c03e1c2a-de54-4f45-8368-f772dadfbdb1-SegmentedRaftLogWorker:Storage Directory /workdir/hadoop-ozone/integration-test/target/test-dir/MiniOzoneClusterImpl-60a45d56-0b46-4bc8-bc0f-04071af02df0/datanode-1/data/ratis/40040fab-a7b9-4a2d-b86e-92df9322b7a9 was interrupted, exiting. There are 0 tasks remaining in the queue.
2019-08-29 11:40:23,016 [main] INFO  segmented.SegmentedRaftLogWorker (SegmentedRaftLogWorker.java:close(228)) - c03e1c2a-de54-4f45-8368-f772dadfbdb1-SegmentedRaftLogWorker:Storage Directory /workdir/hadoop-ozone/integration-test/target/test-dir/MiniOzoneClusterImpl-60a45d56-0b46-4bc8-bc0f-04071af02df0/datanode-1/data/ratis/40040fab-a7b9-4a2d-b86e-92df9322b7a9 close()
2019-08-29 11:40:23,044 [StateMachineUpdater:c03e1c2a-de54-4f45-8368-f772dadfbdb1:group-125E9A69CB37] INFO  ratis.ContainerStateMachine (ContainerStateMachine.java:takeSnapshot(294)) - group-125E9A69CB37: Finished taking a snapshot at:(t:1, i:13) file:/workdir/hadoop-ozone/integration-test/target/test-dir/MiniOzoneClusterImpl-60a45d56-0b46-4bc8-bc0f-04071af02df0/datanode-1/data/ratis/aa76d3f7-f15b-4203-b110-125e9a69cb37/sm/snapshot.1_13 time:32
2019-08-29 11:40:23,044 [StateMachineUpdater:c03e1c2a-de54-4f45-8368-f772dadfbdb1:group-125E9A69CB37] INFO  impl.StateMachineUpdater (StateMachineUpdater.java:takeSnapshot(242)) - StateMachineUpdater:c03e1c2a-de54-4f45-8368-f772dadfbdb1:group-125E9A69CB37: Took a snapshot at index 13
2019-08-29 11:40:23,044 [StateMachineUpdater:c03e1c2a-de54-4f45-8368-f772dadfbdb1:group-125E9A69CB37] INFO  impl.StateMachineUpdater (StateMachineUpdater.java:lambda$new$0(80)) - StateMachineUpdater:c03e1c2a-de54-4f45-8368-f772dadfbdb1:group-125E9A69CB37: snapshotIndex: updateIncreasingly -1 -> 13
2019-08-29 11:40:23,044 [ForkJoinPool.commonPool-worker-1] INFO  impl.RaftServerImpl (ServerState.java:close(394)) - c03e1c2a-de54-4f45-8368-f772dadfbdb1:group-125E9A69CB37 closes. The last applied log index is 15
2019-08-29 11:40:23,045 [c03e1c2a-de54-4f45-8368-f772dadfbdb1-SegmentedRaftLogWorker:Storage Directory /workdir/hadoop-ozone/integration-test/target/test-dir/MiniOzoneClusterImpl-60a45d56-0b46-4bc8-bc0f-04071af02df0/datanode-1/data/ratis/aa76d3f7-f15b-4203-b110-125e9a69cb37] INFO  segmented.SegmentedRaftLogWorker (SegmentedRaftLogWorker.java:run(313)) - c03e1c2a-de54-4f45-8368-f772dadfbdb1-SegmentedRaftLogWorker:Storage Directory /workdir/hadoop-ozone/integration-test/target/test-dir/MiniOzoneClusterImpl-60a45d56-0b46-4bc8-bc0f-04071af02df0/datanode-1/data/ratis/aa76d3f7-f15b-4203-b110-125e9a69cb37 was interrupted, exiting. There are 0 tasks remaining in the queue.
2019-08-29 11:40:23,047 [ForkJoinPool.commonPool-worker-1] INFO  segmented.SegmentedRaftLogWorker (SegmentedRaftLogWorker.java:close(228)) - c03e1c2a-de54-4f45-8368-f772dadfbdb1-SegmentedRaftLogWorker:Storage Directory /workdir/hadoop-ozone/integration-test/target/test-dir/MiniOzoneClusterImpl-60a45d56-0b46-4bc8-bc0f-04071af02df0/datanode-1/data/ratis/aa76d3f7-f15b-4203-b110-125e9a69cb37 close()
2019-08-29 11:40:23,052 [main] INFO  server.GrpcService (GrpcService.java:closeImpl(155)) - c03e1c2a-de54-4f45-8368-f772dadfbdb1: shutdown server with port 37728 now
2019-08-29 11:40:23,053 [grpc-default-executor-5] WARN  client.GrpcClientProtocolService (LogUtils.java:warn(134)) - 3-UnorderedRequestStreamObserver3: onError: org.apache.ratis.thirdparty.io.grpc.StatusRuntimeException: CANCELLED: cancelled before receiving half close
2019-08-29 11:40:23,056 [main] INFO  server.GrpcService (GrpcService.java:closeImpl(163)) - c03e1c2a-de54-4f45-8368-f772dadfbdb1: shutdown server with port 37728 successfully
2019-08-29 11:40:23,057 [main] INFO  utils.BackgroundService (BackgroundService.java:shutdown(148)) - Shutting down service BlockDeletingService
2019-08-29 11:40:23,059 [refreshUsed-/workdir/hadoop-ozone/integration-test/target/test-dir/MiniOzoneClusterImpl-60a45d56-0b46-4bc8-bc0f-04071af02df0/datanode-1/data/containers] WARN  fs.CachingGetSpaceUsed (CachingGetSpaceUsed.java:run(183)) - Thread Interrupted waiting to refresh disk information: sleep interrupted
2019-08-29 11:40:23,084 [main] INFO  statemachine.DatanodeStateMachine (DatanodeStateMachine.java:stopDaemon(395)) - Ozone container server stopped.
2019-08-29 11:40:23,085 [main] INFO  handler.ContextHandler (ContextHandler.java:doStop(910)) - Stopped o.e.j.w.WebAppContext@1cd4082a{/,null,UNAVAILABLE}{/hddsDatanode}
2019-08-29 11:40:23,086 [main] INFO  server.AbstractConnector (AbstractConnector.java:doStop(318)) - Stopped ServerConnector@78c34153{HTTP/1.1,[http/1.1]}{0.0.0.0:0}
2019-08-29 11:40:23,086 [main] INFO  handler.ContextHandler (ContextHandler.java:doStop(910)) - Stopped o.e.j.s.ServletContextHandler@6592a73b{/static,jar:file:/home/user/.m2/repository/org/apache/hadoop/hadoop-hdds-container-service/0.5.0-SNAPSHOT/hadoop-hdds-container-service-0.5.0-SNAPSHOT.jar!/webapps/static,UNAVAILABLE}
2019-08-29 11:40:23,087 [main] INFO  handler.ContextHandler (ContextHandler.java:doStop(910)) - Stopped o.e.j.s.ServletContextHandler@520034a{/logs,file:///workdir/hadoop-ozone/integration-test/target/log,UNAVAILABLE}
2019-08-29 11:40:23,204 | INFO  | SCMAudit | user=jenkins1000 | ip=192.168.5.166 | op=SEND_HEARTBEAT {datanodeUUID=173b4405-db9a-4ec1-ad57-661f797ffe9b, command=[]} | ret=SUCCESS |  
2019-08-29 11:40:23,393 | INFO  | SCMAudit | user=jenkins1000 | ip=192.168.5.166 | op=SEND_HEARTBEAT {datanodeUUID=eec2788d-61ce-476f-8498-1c0940795640, command=[]} | ret=SUCCESS |  
2019-08-29 11:40:23,696 | INFO  | SCMAudit | user=jenkins1000 | ip=192.168.5.166 | op=SEND_HEARTBEAT {datanodeUUID=d426621c-da0b-4728-bc06-17a58ad6bb29, command=[commandType: closeContainerCommand closeContainerCommandProto { containerID: 1 pipelineID { id: "aa76d3f7-f15b-4203-b110-125e9a69cb37" } cmdId: 1 force: false } ]} | ret=SUCCESS |  
2019-08-29 11:40:23,718 | INFO  | SCMAudit | user=jenkins1000 | ip=192.168.5.166 | op=SEND_HEARTBEAT {datanodeUUID=b53f6902-efbc-4527-b99b-6ae0f6edb4d4, command=[commandType: closeContainerCommand closeContainerCommandProto { containerID: 1 pipelineID { id: "aa76d3f7-f15b-4203-b110-125e9a69cb37" } cmdId: 1 force: false } ]} | ret=SUCCESS |  
2019-08-29 11:40:23,835 | INFO  | SCMAudit | user=jenkins1000 | ip=192.168.5.166 | op=SEND_HEARTBEAT {datanodeUUID=080d8b78-b76d-4b3c-b093-271222147c90, command=[]} | ret=SUCCESS |  
2019-08-29 11:40:24,012 | INFO  | SCMAudit | user=jenkins1000 | ip=192.168.5.166 | op=SEND_HEARTBEAT {datanodeUUID=c2005dcb-bacc-4d06-90c0-f8ae32e9f9ba, command=[]} | ret=SUCCESS |  
2019-08-29 11:40:24,204 | INFO  | SCMAudit | user=jenkins1000 | ip=192.168.5.166 | op=SEND_HEARTBEAT {datanodeUUID=173b4405-db9a-4ec1-ad57-661f797ffe9b, command=[]} | ret=SUCCESS |  
2019-08-29 11:40:24,393 | INFO  | SCMAudit | user=jenkins1000 | ip=192.168.5.166 | op=SEND_HEARTBEAT {datanodeUUID=eec2788d-61ce-476f-8498-1c0940795640, command=[]} | ret=SUCCESS |  
2019-08-29 11:40:24,695 | INFO  | SCMAudit | user=jenkins1000 | ip=192.168.5.166 | op=SEND_HEARTBEAT {datanodeUUID=d426621c-da0b-4728-bc06-17a58ad6bb29, command=[]} | ret=SUCCESS |  
2019-08-29 11:40:24,718 | INFO  | SCMAudit | user=jenkins1000 | ip=192.168.5.166 | op=SEND_HEARTBEAT {datanodeUUID=b53f6902-efbc-4527-b99b-6ae0f6edb4d4, command=[]} | ret=SUCCESS |  
2019-08-29 11:40:24,836 | INFO  | SCMAudit | user=jenkins1000 | ip=192.168.5.166 | op=SEND_HEARTBEAT {datanodeUUID=080d8b78-b76d-4b3c-b093-271222147c90, command=[]} | ret=SUCCESS |  
2019-08-29 11:40:25,013 | INFO  | SCMAudit | user=jenkins1000 | ip=192.168.5.166 | op=SEND_HEARTBEAT {datanodeUUID=c2005dcb-bacc-4d06-90c0-f8ae32e9f9ba, command=[]} | ret=SUCCESS |  
2019-08-29 11:40:25,102 [grpc-default-executor-6] INFO  client.GrpcClientProtocolClient (GrpcClientProtocolClient.java:onNext(255)) - client-C6D552CAD27F->d426621c-da0b-4728-bc06-17a58ad6bb29: receive RaftClientReply:client-C6D552CAD27F->d426621c-da0b-4728-bc06-17a58ad6bb29@group-125E9A69CB37, cid=172, FAILED org.apache.ratis.protocol.NotLeaderException: Server d426621c-da0b-4728-bc06-17a58ad6bb29 is not the leader (c03e1c2a-de54-4f45-8368-f772dadfbdb1:192.168.5.166:37728). Request must be sent to leader., logIndex=0, commits[d426621c-da0b-4728-bc06-17a58ad6bb29:c15, b53f6902-efbc-4527-b99b-6ae0f6edb4d4:c15, c03e1c2a-de54-4f45-8368-f772dadfbdb1:c15]
2019-08-29 11:40:25,204 | INFO  | SCMAudit | user=jenkins1000 | ip=192.168.5.166 | op=SEND_HEARTBEAT {datanodeUUID=173b4405-db9a-4ec1-ad57-661f797ffe9b, command=[]} | ret=SUCCESS |  
2019-08-29 11:40:25,394 | INFO  | SCMAudit | user=jenkins1000 | ip=192.168.5.166 | op=SEND_HEARTBEAT {datanodeUUID=eec2788d-61ce-476f-8498-1c0940795640, command=[]} | ret=SUCCESS |  
2019-08-29 11:40:25,695 | INFO  | SCMAudit | user=jenkins1000 | ip=192.168.5.166 | op=SEND_HEARTBEAT {datanodeUUID=d426621c-da0b-4728-bc06-17a58ad6bb29, command=[]} | ret=SUCCESS |  
2019-08-29 11:40:25,711 | INFO  | SCMAudit | user=jenkins1000 | ip=192.168.5.166 | op=SEND_HEARTBEAT {datanodeUUID=d426621c-da0b-4728-bc06-17a58ad6bb29, command=[]} | ret=SUCCESS |  
2019-08-29 11:40:25,718 | INFO  | SCMAudit | user=jenkins1000 | ip=192.168.5.166 | op=SEND_HEARTBEAT {datanodeUUID=b53f6902-efbc-4527-b99b-6ae0f6edb4d4, command=[]} | ret=SUCCESS |  
2019-08-29 11:40:25,733 | INFO  | SCMAudit | user=jenkins1000 | ip=192.168.5.166 | op=SEND_HEARTBEAT {datanodeUUID=b53f6902-efbc-4527-b99b-6ae0f6edb4d4, command=[]} | ret=SUCCESS |  
2019-08-29 11:40:25,835 | INFO  | SCMAudit | user=jenkins1000 | ip=192.168.5.166 | op=SEND_HEARTBEAT {datanodeUUID=080d8b78-b76d-4b3c-b093-271222147c90, command=[]} | ret=SUCCESS |  
2019-08-29 11:40:26,013 | INFO  | SCMAudit | user=jenkins1000 | ip=192.168.5.166 | op=SEND_HEARTBEAT {datanodeUUID=c2005dcb-bacc-4d06-90c0-f8ae32e9f9ba, command=[]} | ret=SUCCESS |  
2019-08-29 11:40:26,117 [grpc-default-executor-7] INFO  client.GrpcClientProtocolClient (GrpcClientProtocolClient.java:onNext(255)) - client-C6D552CAD27F->d426621c-da0b-4728-bc06-17a58ad6bb29: receive RaftClientReply:client-C6D552CAD27F->d426621c-da0b-4728-bc06-17a58ad6bb29@group-125E9A69CB37, cid=172, FAILED org.apache.ratis.protocol.NotLeaderException: Server d426621c-da0b-4728-bc06-17a58ad6bb29 is not the leader (c03e1c2a-de54-4f45-8368-f772dadfbdb1:192.168.5.166:37728). Request must be sent to leader., logIndex=0, commits[d426621c-da0b-4728-bc06-17a58ad6bb29:c15, b53f6902-efbc-4527-b99b-6ae0f6edb4d4:c15, c03e1c2a-de54-4f45-8368-f772dadfbdb1:c15]
2019-08-29 11:40:26,204 | INFO  | SCMAudit | user=jenkins1000 | ip=192.168.5.166 | op=SEND_HEARTBEAT {datanodeUUID=173b4405-db9a-4ec1-ad57-661f797ffe9b, command=[]} | ret=SUCCESS |  
2019-08-29 11:40:26,395 | INFO  | SCMAudit | user=jenkins1000 | ip=192.168.5.166 | op=SEND_HEARTBEAT {datanodeUUID=eec2788d-61ce-476f-8498-1c0940795640, command=[]} | ret=SUCCESS |  
2019-08-29 11:40:26,711 | INFO  | SCMAudit | user=jenkins1000 | ip=192.168.5.166 | op=SEND_HEARTBEAT {datanodeUUID=d426621c-da0b-4728-bc06-17a58ad6bb29, command=[]} | ret=SUCCESS |  
2019-08-29 11:40:26,733 | INFO  | SCMAudit | user=jenkins1000 | ip=192.168.5.166 | op=SEND_HEARTBEAT {datanodeUUID=b53f6902-efbc-4527-b99b-6ae0f6edb4d4, command=[]} | ret=SUCCESS |  
2019-08-29 11:40:26,835 | INFO  | SCMAudit | user=jenkins1000 | ip=192.168.5.166 | op=SEND_HEARTBEAT {datanodeUUID=080d8b78-b76d-4b3c-b093-271222147c90, command=[]} | ret=SUCCESS |  
2019-08-29 11:40:27,013 | INFO  | SCMAudit | user=jenkins1000 | ip=192.168.5.166 | op=SEND_HEARTBEAT {datanodeUUID=c2005dcb-bacc-4d06-90c0-f8ae32e9f9ba, command=[]} | ret=SUCCESS |  
2019-08-29 11:40:27,132 [grpc-default-executor-5] INFO  client.GrpcClientProtocolClient (GrpcClientProtocolClient.java:onNext(255)) - client-C6D552CAD27F->b53f6902-efbc-4527-b99b-6ae0f6edb4d4: receive RaftClientReply:client-C6D552CAD27F->b53f6902-efbc-4527-b99b-6ae0f6edb4d4@group-125E9A69CB37, cid=172, FAILED org.apache.ratis.protocol.NotLeaderException: Server b53f6902-efbc-4527-b99b-6ae0f6edb4d4 is not the leader (c03e1c2a-de54-4f45-8368-f772dadfbdb1:192.168.5.166:37728). Request must be sent to leader., logIndex=0, commits[b53f6902-efbc-4527-b99b-6ae0f6edb4d4:c15, d426621c-da0b-4728-bc06-17a58ad6bb29:c15, c03e1c2a-de54-4f45-8368-f772dadfbdb1:c15]
2019-08-29 11:40:27,204 | INFO  | SCMAudit | user=jenkins1000 | ip=192.168.5.166 | op=SEND_HEARTBEAT {datanodeUUID=173b4405-db9a-4ec1-ad57-661f797ffe9b, command=[]} | ret=SUCCESS |  
2019-08-29 11:40:27,395 | INFO  | SCMAudit | user=jenkins1000 | ip=192.168.5.166 | op=SEND_HEARTBEAT {datanodeUUID=eec2788d-61ce-476f-8498-1c0940795640, command=[]} | ret=SUCCESS |  
2019-08-29 11:40:27,711 | INFO  | SCMAudit | user=jenkins1000 | ip=192.168.5.166 | op=SEND_HEARTBEAT {datanodeUUID=d426621c-da0b-4728-bc06-17a58ad6bb29, command=[]} | ret=SUCCESS |  
2019-08-29 11:40:27,733 | INFO  | SCMAudit | user=jenkins1000 | ip=192.168.5.166 | op=SEND_HEARTBEAT {datanodeUUID=b53f6902-efbc-4527-b99b-6ae0f6edb4d4, command=[]} | ret=SUCCESS |  
2019-08-29 11:40:27,835 | INFO  | SCMAudit | user=jenkins1000 | ip=192.168.5.166 | op=SEND_HEARTBEAT {datanodeUUID=080d8b78-b76d-4b3c-b093-271222147c90, command=[]} | ret=SUCCESS |  
2019-08-29 11:40:28,014 | INFO  | SCMAudit | user=jenkins1000 | ip=192.168.5.166 | op=SEND_HEARTBEAT {datanodeUUID=c2005dcb-bacc-4d06-90c0-f8ae32e9f9ba, command=[]} | ret=SUCCESS |  
2019-08-29 11:40:28,147 [grpc-default-executor-7] INFO  client.GrpcClientProtocolClient (GrpcClientProtocolClient.java:onNext(255)) - client-C6D552CAD27F->d426621c-da0b-4728-bc06-17a58ad6bb29: receive RaftClientReply:client-C6D552CAD27F->d426621c-da0b-4728-bc06-17a58ad6bb29@group-125E9A69CB37, cid=172, FAILED org.apache.ratis.protocol.NotLeaderException: Server d426621c-da0b-4728-bc06-17a58ad6bb29 is not the leader (c03e1c2a-de54-4f45-8368-f772dadfbdb1:192.168.5.166:37728). Request must be sent to leader., logIndex=0, commits[d426621c-da0b-4728-bc06-17a58ad6bb29:c15, b53f6902-efbc-4527-b99b-6ae0f6edb4d4:c15, c03e1c2a-de54-4f45-8368-f772dadfbdb1:c15]
2019-08-29 11:40:28,204 | INFO  | SCMAudit | user=jenkins1000 | ip=192.168.5.166 | op=SEND_HEARTBEAT {datanodeUUID=173b4405-db9a-4ec1-ad57-661f797ffe9b, command=[]} | ret=SUCCESS |  
2019-08-29 11:40:28,395 | INFO  | SCMAudit | user=jenkins1000 | ip=192.168.5.166 | op=SEND_HEARTBEAT {datanodeUUID=eec2788d-61ce-476f-8498-1c0940795640, command=[]} | ret=SUCCESS |  
2019-08-29 11:40:28,712 | INFO  | SCMAudit | user=jenkins1000 | ip=192.168.5.166 | op=SEND_HEARTBEAT {datanodeUUID=d426621c-da0b-4728-bc06-17a58ad6bb29, command=[]} | ret=SUCCESS |  
2019-08-29 11:40:28,733 | INFO  | SCMAudit | user=jenkins1000 | ip=192.168.5.166 | op=SEND_HEARTBEAT {datanodeUUID=b53f6902-efbc-4527-b99b-6ae0f6edb4d4, command=[]} | ret=SUCCESS |  
2019-08-29 11:40:28,836 | INFO  | SCMAudit | user=jenkins1000 | ip=192.168.5.166 | op=SEND_HEARTBEAT {datanodeUUID=080d8b78-b76d-4b3c-b093-271222147c90, command=[]} | ret=SUCCESS |  
2019-08-29 11:40:29,014 | INFO  | SCMAudit | user=jenkins1000 | ip=192.168.5.166 | op=SEND_HEARTBEAT {datanodeUUID=c2005dcb-bacc-4d06-90c0-f8ae32e9f9ba, command=[]} | ret=SUCCESS |  
2019-08-29 11:40:29,163 [grpc-default-executor-5] INFO  client.GrpcClientProtocolClient (GrpcClientProtocolClient.java:onNext(255)) - client-C6D552CAD27F->b53f6902-efbc-4527-b99b-6ae0f6edb4d4: receive RaftClientReply:client-C6D552CAD27F->b53f6902-efbc-4527-b99b-6ae0f6edb4d4@group-125E9A69CB37, cid=172, FAILED org.apache.ratis.protocol.NotLeaderException: Server b53f6902-efbc-4527-b99b-6ae0f6edb4d4 is not the leader (c03e1c2a-de54-4f45-8368-f772dadfbdb1:192.168.5.166:37728). Request must be sent to leader., logIndex=0, commits[b53f6902-efbc-4527-b99b-6ae0f6edb4d4:c15, d426621c-da0b-4728-bc06-17a58ad6bb29:c15, c03e1c2a-de54-4f45-8368-f772dadfbdb1:c15]
2019-08-29 11:40:29,204 | INFO  | SCMAudit | user=jenkins1000 | ip=192.168.5.166 | op=SEND_HEARTBEAT {datanodeUUID=173b4405-db9a-4ec1-ad57-661f797ffe9b, command=[]} | ret=SUCCESS |  
2019-08-29 11:40:29,396 | INFO  | SCMAudit | user=jenkins1000 | ip=192.168.5.166 | op=SEND_HEARTBEAT {datanodeUUID=eec2788d-61ce-476f-8498-1c0940795640, command=[]} | ret=SUCCESS |  
2019-08-29 11:40:29,712 | INFO  | SCMAudit | user=jenkins1000 | ip=192.168.5.166 | op=SEND_HEARTBEAT {datanodeUUID=d426621c-da0b-4728-bc06-17a58ad6bb29, command=[]} | ret=SUCCESS |  
2019-08-29 11:40:29,734 | INFO  | SCMAudit | user=jenkins1000 | ip=192.168.5.166 | op=SEND_HEARTBEAT {datanodeUUID=b53f6902-efbc-4527-b99b-6ae0f6edb4d4, command=[]} | ret=SUCCESS |  
2019-08-29 11:40:29,836 | INFO  | SCMAudit | user=jenkins1000 | ip=192.168.5.166 | op=SEND_HEARTBEAT {datanodeUUID=080d8b78-b76d-4b3c-b093-271222147c90, command=[]} | ret=SUCCESS |  
2019-08-29 11:40:30,014 | INFO  | SCMAudit | user=jenkins1000 | ip=192.168.5.166 | op=SEND_HEARTBEAT {datanodeUUID=c2005dcb-bacc-4d06-90c0-f8ae32e9f9ba, command=[]} | ret=SUCCESS |  
2019-08-29 11:40:30,183 [grpc-default-executor-6] INFO  client.GrpcClientProtocolClient (GrpcClientProtocolClient.java:onNext(255)) - client-C6D552CAD27F->b53f6902-efbc-4527-b99b-6ae0f6edb4d4: receive RaftClientReply:client-C6D552CAD27F->b53f6902-efbc-4527-b99b-6ae0f6edb4d4@group-125E9A69CB37, cid=172, FAILED org.apache.ratis.protocol.NotLeaderException: Server b53f6902-efbc-4527-b99b-6ae0f6edb4d4 is not the leader (c03e1c2a-de54-4f45-8368-f772dadfbdb1:192.168.5.166:37728). Request must be sent to leader., logIndex=0, commits[b53f6902-efbc-4527-b99b-6ae0f6edb4d4:c15, d426621c-da0b-4728-bc06-17a58ad6bb29:c15, c03e1c2a-de54-4f45-8368-f772dadfbdb1:c15]
2019-08-29 11:40:30,204 | INFO  | SCMAudit | user=jenkins1000 | ip=192.168.5.166 | op=SEND_HEARTBEAT {datanodeUUID=173b4405-db9a-4ec1-ad57-661f797ffe9b, command=[]} | ret=SUCCESS |  
2019-08-29 11:40:30,396 | INFO  | SCMAudit | user=jenkins1000 | ip=192.168.5.166 | op=SEND_HEARTBEAT {datanodeUUID=eec2788d-61ce-476f-8498-1c0940795640, command=[]} | ret=SUCCESS |  
2019-08-29 11:40:30,712 | INFO  | SCMAudit | user=jenkins1000 | ip=192.168.5.166 | op=SEND_HEARTBEAT {datanodeUUID=d426621c-da0b-4728-bc06-17a58ad6bb29, command=[]} | ret=SUCCESS |  
2019-08-29 11:40:30,734 | INFO  | SCMAudit | user=jenkins1000 | ip=192.168.5.166 | op=SEND_HEARTBEAT {datanodeUUID=b53f6902-efbc-4527-b99b-6ae0f6edb4d4, command=[]} | ret=SUCCESS |  
2019-08-29 11:40:30,836 | INFO  | SCMAudit | user=jenkins1000 | ip=192.168.5.166 | op=SEND_HEARTBEAT {datanodeUUID=080d8b78-b76d-4b3c-b093-271222147c90, command=[]} | ret=SUCCESS |  
2019-08-29 11:40:31,015 | INFO  | SCMAudit | user=jenkins1000 | ip=192.168.5.166 | op=SEND_HEARTBEAT {datanodeUUID=c2005dcb-bacc-4d06-90c0-f8ae32e9f9ba, command=[]} | ret=SUCCESS |  
2019-08-29 11:40:31,199 [grpc-default-executor-5] INFO  client.GrpcClientProtocolClient (GrpcClientProtocolClient.java:onNext(255)) - client-C6D552CAD27F->b53f6902-efbc-4527-b99b-6ae0f6edb4d4: receive RaftClientReply:client-C6D552CAD27F->b53f6902-efbc-4527-b99b-6ae0f6edb4d4@group-125E9A69CB37, cid=172, FAILED org.apache.ratis.protocol.NotLeaderException: Server b53f6902-efbc-4527-b99b-6ae0f6edb4d4 is not the leader (c03e1c2a-de54-4f45-8368-f772dadfbdb1:192.168.5.166:37728). Request must be sent to leader., logIndex=0, commits[b53f6902-efbc-4527-b99b-6ae0f6edb4d4:c15, d426621c-da0b-4728-bc06-17a58ad6bb29:c15, c03e1c2a-de54-4f45-8368-f772dadfbdb1:c15]
2019-08-29 11:40:31,204 | INFO  | SCMAudit | user=jenkins1000 | ip=192.168.5.166 | op=SEND_HEARTBEAT {datanodeUUID=173b4405-db9a-4ec1-ad57-661f797ffe9b, command=[]} | ret=SUCCESS |  
2019-08-29 11:40:31,396 | INFO  | SCMAudit | user=jenkins1000 | ip=192.168.5.166 | op=SEND_HEARTBEAT {datanodeUUID=eec2788d-61ce-476f-8498-1c0940795640, command=[]} | ret=SUCCESS |  
2019-08-29 11:40:31,712 | INFO  | SCMAudit | user=jenkins1000 | ip=192.168.5.166 | op=SEND_HEARTBEAT {datanodeUUID=d426621c-da0b-4728-bc06-17a58ad6bb29, command=[]} | ret=SUCCESS |  
2019-08-29 11:40:31,734 | INFO  | SCMAudit | user=jenkins1000 | ip=192.168.5.166 | op=SEND_HEARTBEAT {datanodeUUID=b53f6902-efbc-4527-b99b-6ae0f6edb4d4, command=[]} | ret=SUCCESS |  
2019-08-29 11:40:31,836 | INFO  | SCMAudit | user=jenkins1000 | ip=192.168.5.166 | op=SEND_HEARTBEAT {datanodeUUID=080d8b78-b76d-4b3c-b093-271222147c90, command=[]} | ret=SUCCESS |  
2019-08-29 11:40:32,015 | INFO  | SCMAudit | user=jenkins1000 | ip=192.168.5.166 | op=SEND_HEARTBEAT {datanodeUUID=c2005dcb-bacc-4d06-90c0-f8ae32e9f9ba, command=[]} | ret=SUCCESS |  
2019-08-29 11:40:32,204 | INFO  | SCMAudit | user=jenkins1000 | ip=192.168.5.166 | op=SEND_HEARTBEAT {datanodeUUID=173b4405-db9a-4ec1-ad57-661f797ffe9b, command=[]} | ret=SUCCESS |  
2019-08-29 11:40:32,214 [grpc-default-executor-7] INFO  client.GrpcClientProtocolClient (GrpcClientProtocolClient.java:onNext(255)) - client-C6D552CAD27F->d426621c-da0b-4728-bc06-17a58ad6bb29: receive RaftClientReply:client-C6D552CAD27F->d426621c-da0b-4728-bc06-17a58ad6bb29@group-125E9A69CB37, cid=172, FAILED org.apache.ratis.protocol.NotLeaderException: Server d426621c-da0b-4728-bc06-17a58ad6bb29 is not the leader (c03e1c2a-de54-4f45-8368-f772dadfbdb1:192.168.5.166:37728). Request must be sent to leader., logIndex=0, commits[d426621c-da0b-4728-bc06-17a58ad6bb29:c15, b53f6902-efbc-4527-b99b-6ae0f6edb4d4:c15, c03e1c2a-de54-4f45-8368-f772dadfbdb1:c15]
2019-08-29 11:40:32,309 [Thread-3346] INFO  impl.FollowerState (FollowerState.java:run(106)) - b53f6902-efbc-4527-b99b-6ae0f6edb4d4:group-125E9A69CB37 changes to CANDIDATE, lastRpcTime:9319, electionTimeout:5148ms
2019-08-29 11:40:32,309 [Thread-3346] INFO  impl.RoleInfo (RoleInfo.java:shutdownFollowerState(121)) - b53f6902-efbc-4527-b99b-6ae0f6edb4d4: shutdown FollowerState
2019-08-29 11:40:32,309 [Thread-3346] INFO  impl.RaftServerImpl (RaftServerImpl.java:setRole(171)) - b53f6902-efbc-4527-b99b-6ae0f6edb4d4:group-125E9A69CB37 changes role from FOLLOWER to CANDIDATE at term 1 for changeToCandidate
2019-08-29 11:40:32,309 [Thread-3346] INFO  impl.RoleInfo (RoleInfo.java:updateAndGet(143)) - b53f6902-efbc-4527-b99b-6ae0f6edb4d4: start LeaderElection
2019-08-29 11:40:32,312 [b53f6902-efbc-4527-b99b-6ae0f6edb4d4:group-125E9A69CB37:LeaderElection64] INFO  impl.RaftServerImpl (ServerState.java:setLeader(263)) - b53f6902-efbc-4527-b99b-6ae0f6edb4d4:group-125E9A69CB37 change Leader from c03e1c2a-de54-4f45-8368-f772dadfbdb1 to null at term 1 for initElection
2019-08-29 11:40:32,320 [Thread-3347] INFO  impl.FollowerState (FollowerState.java:run(106)) - d426621c-da0b-4728-bc06-17a58ad6bb29:group-125E9A69CB37 changes to CANDIDATE, lastRpcTime:9329, electionTimeout:5149ms
2019-08-29 11:40:32,320 [Thread-3347] INFO  impl.RoleInfo (RoleInfo.java:shutdownFollowerState(121)) - d426621c-da0b-4728-bc06-17a58ad6bb29: shutdown FollowerState
2019-08-29 11:40:32,320 [Thread-3347] INFO  impl.RaftServerImpl (RaftServerImpl.java:setRole(171)) - d426621c-da0b-4728-bc06-17a58ad6bb29:group-125E9A69CB37 changes role from FOLLOWER to CANDIDATE at term 1 for changeToCandidate
2019-08-29 11:40:32,321 [Thread-3347] INFO  impl.RoleInfo (RoleInfo.java:updateAndGet(143)) - d426621c-da0b-4728-bc06-17a58ad6bb29: start LeaderElection
2019-08-29 11:40:32,322 [d426621c-da0b-4728-bc06-17a58ad6bb29:group-125E9A69CB37:LeaderElection65] INFO  impl.RaftServerImpl (ServerState.java:setLeader(263)) - d426621c-da0b-4728-bc06-17a58ad6bb29:group-125E9A69CB37 change Leader from c03e1c2a-de54-4f45-8368-f772dadfbdb1 to null at term 1 for initElection
2019-08-29 11:40:32,326 [d426621c-da0b-4728-bc06-17a58ad6bb29:group-125E9A69CB37:LeaderElection65] INFO  impl.LeaderElection (LeaderElection.java:askForVotes(181)) - d426621c-da0b-4728-bc06-17a58ad6bb29:group-125E9A69CB37:LeaderElection65: begin an election at term 2 for 0: [b53f6902-efbc-4527-b99b-6ae0f6edb4d4:192.168.5.166:41080, d426621c-da0b-4728-bc06-17a58ad6bb29:192.168.5.166:35970, c03e1c2a-de54-4f45-8368-f772dadfbdb1:192.168.5.166:37728], old=null
2019-08-29 11:40:32,326 [b53f6902-efbc-4527-b99b-6ae0f6edb4d4:group-125E9A69CB37:LeaderElection64] INFO  impl.LeaderElection (LeaderElection.java:askForVotes(181)) - b53f6902-efbc-4527-b99b-6ae0f6edb4d4:group-125E9A69CB37:LeaderElection64: begin an election at term 2 for 0: [b53f6902-efbc-4527-b99b-6ae0f6edb4d4:192.168.5.166:41080, d426621c-da0b-4728-bc06-17a58ad6bb29:192.168.5.166:35970, c03e1c2a-de54-4f45-8368-f772dadfbdb1:192.168.5.166:37728], old=null
2019-08-29 11:40:32,329 [b53f6902-efbc-4527-b99b-6ae0f6edb4d4:group-125E9A69CB37:LeaderElection64] INFO  impl.LeaderElection (LogUtils.java:infoOrTrace(149)) - b53f6902-efbc-4527-b99b-6ae0f6edb4d4:group-125E9A69CB37:LeaderElection64 got exception when requesting votes: {}
java.util.concurrent.ExecutionException: org.apache.ratis.thirdparty.io.grpc.StatusRuntimeException: UNAVAILABLE: io exception
	at java.util.concurrent.FutureTask.report(FutureTask.java:122)
	at java.util.concurrent.FutureTask.get(FutureTask.java:192)
	at org.apache.ratis.server.impl.LeaderElection.waitForResults(LeaderElection.java:262)
	at org.apache.ratis.server.impl.LeaderElection.askForVotes(LeaderElection.java:200)
	at org.apache.ratis.server.impl.LeaderElection.run(LeaderElection.java:130)
	at java.lang.Thread.run(Thread.java:748)
Caused by: org.apache.ratis.thirdparty.io.grpc.StatusRuntimeException: UNAVAILABLE: io exception
	at org.apache.ratis.thirdparty.io.grpc.stub.ClientCalls.toStatusRuntimeException(ClientCalls.java:233)
	at org.apache.ratis.thirdparty.io.grpc.stub.ClientCalls.getUnchecked(ClientCalls.java:214)
	at org.apache.ratis.thirdparty.io.grpc.stub.ClientCalls.blockingUnaryCall(ClientCalls.java:139)
	at org.apache.ratis.proto.grpc.RaftServerProtocolServiceGrpc$RaftServerProtocolServiceBlockingStub.requestVote(RaftServerProtocolServiceGrpc.java:265)
	at org.apache.ratis.grpc.server.GrpcServerProtocolClient.requestVote(GrpcServerProtocolClient.java:83)
	at org.apache.ratis.grpc.server.GrpcService.requestVote(GrpcService.java:195)
	at org.apache.ratis.server.impl.LeaderElection.lambda$submitRequests$1(LeaderElection.java:237)
	at java.util.concurrent.FutureTask.run(FutureTask.java:266)
	at java.util.concurrent.Executors$RunnableAdapter.call(Executors.java:511)
	at java.util.concurrent.FutureTask.run(FutureTask.java:266)
	at java.util.concurrent.ThreadPoolExecutor.runWorker(ThreadPoolExecutor.java:1149)
	at java.util.concurrent.ThreadPoolExecutor$Worker.run(ThreadPoolExecutor.java:624)
	... 1 more
Caused by: org.apache.ratis.thirdparty.io.netty.channel.AbstractChannel$AnnotatedConnectException: Connection refused: /192.168.5.166:37728
	at sun.nio.ch.SocketChannelImpl.checkConnect(Native Method)
	at sun.nio.ch.SocketChannelImpl.finishConnect(SocketChannelImpl.java:717)
	at org.apache.ratis.thirdparty.io.netty.channel.socket.nio.NioSocketChannel.doFinishConnect(NioSocketChannel.java:327)
	at org.apache.ratis.thirdparty.io.netty.channel.nio.AbstractNioChannel$AbstractNioUnsafe.finishConnect(AbstractNioChannel.java:340)
	at org.apache.ratis.thirdparty.io.netty.channel.nio.NioEventLoop.processSelectedKey(NioEventLoop.java:632)
	at org.apache.ratis.thirdparty.io.netty.channel.nio.NioEventLoop.processSelectedKeysOptimized(NioEventLoop.java:579)
	at org.apache.ratis.thirdparty.io.netty.channel.nio.NioEventLoop.processSelectedKeys(NioEventLoop.java:496)
	at org.apache.ratis.thirdparty.io.netty.channel.nio.NioEventLoop.run(NioEventLoop.java:458)
	at org.apache.ratis.thirdparty.io.netty.util.concurrent.SingleThreadEventExecutor$5.run(SingleThreadEventExecutor.java:897)
	at org.apache.ratis.thirdparty.io.netty.util.concurrent.FastThreadLocalRunnable.run(FastThreadLocalRunnable.java:30)
	... 1 more
Caused by: java.net.ConnectException: Connection refused
	... 11 more
2019-08-29 11:40:32,329 [d426621c-da0b-4728-bc06-17a58ad6bb29:group-125E9A69CB37:LeaderElection65] INFO  impl.LeaderElection (LogUtils.java:infoOrTrace(149)) - d426621c-da0b-4728-bc06-17a58ad6bb29:group-125E9A69CB37:LeaderElection65 got exception when requesting votes: {}
java.util.concurrent.ExecutionException: org.apache.ratis.thirdparty.io.grpc.StatusRuntimeException: UNAVAILABLE: io exception
	at java.util.concurrent.FutureTask.report(FutureTask.java:122)
	at java.util.concurrent.FutureTask.get(FutureTask.java:192)
	at org.apache.ratis.server.impl.LeaderElection.waitForResults(LeaderElection.java:262)
	at org.apache.ratis.server.impl.LeaderElection.askForVotes(LeaderElection.java:200)
	at org.apache.ratis.server.impl.LeaderElection.run(LeaderElection.java:130)
	at java.lang.Thread.run(Thread.java:748)
Caused by: org.apache.ratis.thirdparty.io.grpc.StatusRuntimeException: UNAVAILABLE: io exception
	at org.apache.ratis.thirdparty.io.grpc.stub.ClientCalls.toStatusRuntimeException(ClientCalls.java:233)
	at org.apache.ratis.thirdparty.io.grpc.stub.ClientCalls.getUnchecked(ClientCalls.java:214)
	at org.apache.ratis.thirdparty.io.grpc.stub.ClientCalls.blockingUnaryCall(ClientCalls.java:139)
	at org.apache.ratis.proto.grpc.RaftServerProtocolServiceGrpc$RaftServerProtocolServiceBlockingStub.requestVote(RaftServerProtocolServiceGrpc.java:265)
	at org.apache.ratis.grpc.server.GrpcServerProtocolClient.requestVote(GrpcServerProtocolClient.java:83)
	at org.apache.ratis.grpc.server.GrpcService.requestVote(GrpcService.java:195)
	at org.apache.ratis.server.impl.LeaderElection.lambda$submitRequests$1(LeaderElection.java:237)
	at java.util.concurrent.FutureTask.run(FutureTask.java:266)
	at java.util.concurrent.Executors$RunnableAdapter.call(Executors.java:511)
	at java.util.concurrent.FutureTask.run(FutureTask.java:266)
	at java.util.concurrent.ThreadPoolExecutor.runWorker(ThreadPoolExecutor.java:1149)
	at java.util.concurrent.ThreadPoolExecutor$Worker.run(ThreadPoolExecutor.java:624)
	... 1 more
Caused by: org.apache.ratis.thirdparty.io.netty.channel.AbstractChannel$AnnotatedConnectException: Connection refused: /192.168.5.166:37728
	at sun.nio.ch.SocketChannelImpl.checkConnect(Native Method)
	at sun.nio.ch.SocketChannelImpl.finishConnect(SocketChannelImpl.java:717)
	at org.apache.ratis.thirdparty.io.netty.channel.socket.nio.NioSocketChannel.doFinishConnect(NioSocketChannel.java:327)
	at org.apache.ratis.thirdparty.io.netty.channel.nio.AbstractNioChannel$AbstractNioUnsafe.finishConnect(AbstractNioChannel.java:340)
	at org.apache.ratis.thirdparty.io.netty.channel.nio.NioEventLoop.processSelectedKey(NioEventLoop.java:632)
	at org.apache.ratis.thirdparty.io.netty.channel.nio.NioEventLoop.processSelectedKeysOptimized(NioEventLoop.java:579)
	at org.apache.ratis.thirdparty.io.netty.channel.nio.NioEventLoop.processSelectedKeys(NioEventLoop.java:496)
	at org.apache.ratis.thirdparty.io.netty.channel.nio.NioEventLoop.run(NioEventLoop.java:458)
	at org.apache.ratis.thirdparty.io.netty.util.concurrent.SingleThreadEventExecutor$5.run(SingleThreadEventExecutor.java:897)
	at org.apache.ratis.thirdparty.io.netty.util.concurrent.FastThreadLocalRunnable.run(FastThreadLocalRunnable.java:30)
	... 1 more
Caused by: java.net.ConnectException: Connection refused
	... 11 more
2019-08-29 11:40:32,338 [b53f6902-efbc-4527-b99b-6ae0f6edb4d4:group-125E9A69CB37:LeaderElection64] INFO  impl.LeaderElection (LeaderElection.java:logAndReturn(56)) - b53f6902-efbc-4527-b99b-6ae0f6edb4d4:group-125E9A69CB37:LeaderElection64: Election REJECTED; received 1 response(s) [b53f6902-efbc-4527-b99b-6ae0f6edb4d4<-d426621c-da0b-4728-bc06-17a58ad6bb29#0:FAIL-t2] and 1 exception(s); b53f6902-efbc-4527-b99b-6ae0f6edb4d4:t2, leader=null, voted=b53f6902-efbc-4527-b99b-6ae0f6edb4d4, raftlog=b53f6902-efbc-4527-b99b-6ae0f6edb4d4-SegmentedRaftLog:OPENED:c15,f15,i15, conf=0: [b53f6902-efbc-4527-b99b-6ae0f6edb4d4:192.168.5.166:41080, d426621c-da0b-4728-bc06-17a58ad6bb29:192.168.5.166:35970, c03e1c2a-de54-4f45-8368-f772dadfbdb1:192.168.5.166:37728], old=null
2019-08-29 11:40:32,338 [d426621c-da0b-4728-bc06-17a58ad6bb29:group-125E9A69CB37:LeaderElection65] INFO  impl.LeaderElection (LeaderElection.java:logAndReturn(56)) - d426621c-da0b-4728-bc06-17a58ad6bb29:group-125E9A69CB37:LeaderElection65: Election REJECTED; received 1 response(s) [d426621c-da0b-4728-bc06-17a58ad6bb29<-b53f6902-efbc-4527-b99b-6ae0f6edb4d4#0:FAIL-t2] and 1 exception(s); d426621c-da0b-4728-bc06-17a58ad6bb29:t2, leader=null, voted=d426621c-da0b-4728-bc06-17a58ad6bb29, raftlog=d426621c-da0b-4728-bc06-17a58ad6bb29-SegmentedRaftLog:OPENED:c15,f15,i15, conf=0: [b53f6902-efbc-4527-b99b-6ae0f6edb4d4:192.168.5.166:41080, d426621c-da0b-4728-bc06-17a58ad6bb29:192.168.5.166:35970, c03e1c2a-de54-4f45-8368-f772dadfbdb1:192.168.5.166:37728], old=null
2019-08-29 11:40:32,338 [b53f6902-efbc-4527-b99b-6ae0f6edb4d4:group-125E9A69CB37:LeaderElection64] INFO  impl.LeaderElection (LogUtils.java:infoOrTrace(149)) -   Exception 0: {}
java.util.concurrent.ExecutionException: org.apache.ratis.thirdparty.io.grpc.StatusRuntimeException: UNAVAILABLE: io exception
	at java.util.concurrent.FutureTask.report(FutureTask.java:122)
	at java.util.concurrent.FutureTask.get(FutureTask.java:192)
	at org.apache.ratis.server.impl.LeaderElection.waitForResults(LeaderElection.java:262)
	at org.apache.ratis.server.impl.LeaderElection.askForVotes(LeaderElection.java:200)
	at org.apache.ratis.server.impl.LeaderElection.run(LeaderElection.java:130)
	at java.lang.Thread.run(Thread.java:748)
Caused by: org.apache.ratis.thirdparty.io.grpc.StatusRuntimeException: UNAVAILABLE: io exception
	at org.apache.ratis.thirdparty.io.grpc.stub.ClientCalls.toStatusRuntimeException(ClientCalls.java:233)
	at org.apache.ratis.thirdparty.io.grpc.stub.ClientCalls.getUnchecked(ClientCalls.java:214)
	at org.apache.ratis.thirdparty.io.grpc.stub.ClientCalls.blockingUnaryCall(ClientCalls.java:139)
	at org.apache.ratis.proto.grpc.RaftServerProtocolServiceGrpc$RaftServerProtocolServiceBlockingStub.requestVote(RaftServerProtocolServiceGrpc.java:265)
	at org.apache.ratis.grpc.server.GrpcServerProtocolClient.requestVote(GrpcServerProtocolClient.java:83)
	at org.apache.ratis.grpc.server.GrpcService.requestVote(GrpcService.java:195)
	at org.apache.ratis.server.impl.LeaderElection.lambda$submitRequests$1(LeaderElection.java:237)
	at java.util.concurrent.FutureTask.run(FutureTask.java:266)
	at java.util.concurrent.Executors$RunnableAdapter.call(Executors.java:511)
	at java.util.concurrent.FutureTask.run(FutureTask.java:266)
	at java.util.concurrent.ThreadPoolExecutor.runWorker(ThreadPoolExecutor.java:1149)
	at java.util.concurrent.ThreadPoolExecutor$Worker.run(ThreadPoolExecutor.java:624)
	... 1 more
Caused by: org.apache.ratis.thirdparty.io.netty.channel.AbstractChannel$AnnotatedConnectException: Connection refused: /192.168.5.166:37728
	at sun.nio.ch.SocketChannelImpl.checkConnect(Native Method)
	at sun.nio.ch.SocketChannelImpl.finishConnect(SocketChannelImpl.java:717)
	at org.apache.ratis.thirdparty.io.netty.channel.socket.nio.NioSocketChannel.doFinishConnect(NioSocketChannel.java:327)
	at org.apache.ratis.thirdparty.io.netty.channel.nio.AbstractNioChannel$AbstractNioUnsafe.finishConnect(AbstractNioChannel.java:340)
	at org.apache.ratis.thirdparty.io.netty.channel.nio.NioEventLoop.processSelectedKey(NioEventLoop.java:632)
	at org.apache.ratis.thirdparty.io.netty.channel.nio.NioEventLoop.processSelectedKeysOptimized(NioEventLoop.java:579)
	at org.apache.ratis.thirdparty.io.netty.channel.nio.NioEventLoop.processSelectedKeys(NioEventLoop.java:496)
	at org.apache.ratis.thirdparty.io.netty.channel.nio.NioEventLoop.run(NioEventLoop.java:458)
	at org.apache.ratis.thirdparty.io.netty.util.concurrent.SingleThreadEventExecutor$5.run(SingleThreadEventExecutor.java:897)
	at org.apache.ratis.thirdparty.io.netty.util.concurrent.FastThreadLocalRunnable.run(FastThreadLocalRunnable.java:30)
	... 1 more
Caused by: java.net.ConnectException: Connection refused
	... 11 more
2019-08-29 11:40:32,338 [b53f6902-efbc-4527-b99b-6ae0f6edb4d4:group-125E9A69CB37:LeaderElection64] INFO  impl.RaftServerImpl (RaftServerImpl.java:setRole(171)) - b53f6902-efbc-4527-b99b-6ae0f6edb4d4:group-125E9A69CB37 changes role from CANDIDATE to FOLLOWER at term 2 for DISCOVERED_A_NEW_TERM
2019-08-29 11:40:32,338 [d426621c-da0b-4728-bc06-17a58ad6bb29:group-125E9A69CB37:LeaderElection65] INFO  impl.LeaderElection (LogUtils.java:infoOrTrace(149)) -   Exception 0: {}
java.util.concurrent.ExecutionException: org.apache.ratis.thirdparty.io.grpc.StatusRuntimeException: UNAVAILABLE: io exception
	at java.util.concurrent.FutureTask.report(FutureTask.java:122)
	at java.util.concurrent.FutureTask.get(FutureTask.java:192)
	at org.apache.ratis.server.impl.LeaderElection.waitForResults(LeaderElection.java:262)
	at org.apache.ratis.server.impl.LeaderElection.askForVotes(LeaderElection.java:200)
	at org.apache.ratis.server.impl.LeaderElection.run(LeaderElection.java:130)
	at java.lang.Thread.run(Thread.java:748)
Caused by: org.apache.ratis.thirdparty.io.grpc.StatusRuntimeException: UNAVAILABLE: io exception
	at org.apache.ratis.thirdparty.io.grpc.stub.ClientCalls.toStatusRuntimeException(ClientCalls.java:233)
	at org.apache.ratis.thirdparty.io.grpc.stub.ClientCalls.getUnchecked(ClientCalls.java:214)
	at org.apache.ratis.thirdparty.io.grpc.stub.ClientCalls.blockingUnaryCall(ClientCalls.java:139)
	at org.apache.ratis.proto.grpc.RaftServerProtocolServiceGrpc$RaftServerProtocolServiceBlockingStub.requestVote(RaftServerProtocolServiceGrpc.java:265)
	at org.apache.ratis.grpc.server.GrpcServerProtocolClient.requestVote(GrpcServerProtocolClient.java:83)
	at org.apache.ratis.grpc.server.GrpcService.requestVote(GrpcService.java:195)
	at org.apache.ratis.server.impl.LeaderElection.lambda$submitRequests$1(LeaderElection.java:237)
	at java.util.concurrent.FutureTask.run(FutureTask.java:266)
	at java.util.concurrent.Executors$RunnableAdapter.call(Executors.java:511)
	at java.util.concurrent.FutureTask.run(FutureTask.java:266)
	at java.util.concurrent.ThreadPoolExecutor.runWorker(ThreadPoolExecutor.java:1149)
	at java.util.concurrent.ThreadPoolExecutor$Worker.run(ThreadPoolExecutor.java:624)
	... 1 more
Caused by: org.apache.ratis.thirdparty.io.netty.channel.AbstractChannel$AnnotatedConnectException: Connection refused: /192.168.5.166:37728
	at sun.nio.ch.SocketChannelImpl.checkConnect(Native Method)
	at sun.nio.ch.SocketChannelImpl.finishConnect(SocketChannelImpl.java:717)
	at org.apache.ratis.thirdparty.io.netty.channel.socket.nio.NioSocketChannel.doFinishConnect(NioSocketChannel.java:327)
	at org.apache.ratis.thirdparty.io.netty.channel.nio.AbstractNioChannel$AbstractNioUnsafe.finishConnect(AbstractNioChannel.java:340)
	at org.apache.ratis.thirdparty.io.netty.channel.nio.NioEventLoop.processSelectedKey(NioEventLoop.java:632)
	at org.apache.ratis.thirdparty.io.netty.channel.nio.NioEventLoop.processSelectedKeysOptimized(NioEventLoop.java:579)
	at org.apache.ratis.thirdparty.io.netty.channel.nio.NioEventLoop.processSelectedKeys(NioEventLoop.java:496)
	at org.apache.ratis.thirdparty.io.netty.channel.nio.NioEventLoop.run(NioEventLoop.java:458)
	at org.apache.ratis.thirdparty.io.netty.util.concurrent.SingleThreadEventExecutor$5.run(SingleThreadEventExecutor.java:897)
	at org.apache.ratis.thirdparty.io.netty.util.concurrent.FastThreadLocalRunnable.run(FastThreadLocalRunnable.java:30)
	... 1 more
Caused by: java.net.ConnectException: Connection refused
	... 11 more
2019-08-29 11:40:32,339 [b53f6902-efbc-4527-b99b-6ae0f6edb4d4:group-125E9A69CB37:LeaderElection64] INFO  impl.RoleInfo (RoleInfo.java:shutdownLeaderElection(134)) - b53f6902-efbc-4527-b99b-6ae0f6edb4d4: shutdown LeaderElection
2019-08-29 11:40:32,339 [d426621c-da0b-4728-bc06-17a58ad6bb29:group-125E9A69CB37:LeaderElection65] INFO  impl.RaftServerImpl (RaftServerImpl.java:setRole(171)) - d426621c-da0b-4728-bc06-17a58ad6bb29:group-125E9A69CB37 changes role from CANDIDATE to FOLLOWER at term 2 for DISCOVERED_A_NEW_TERM
2019-08-29 11:40:32,339 [b53f6902-efbc-4527-b99b-6ae0f6edb4d4:group-125E9A69CB37:LeaderElection64] INFO  impl.RoleInfo (RoleInfo.java:updateAndGet(143)) - b53f6902-efbc-4527-b99b-6ae0f6edb4d4: start FollowerState
2019-08-29 11:40:32,339 [d426621c-da0b-4728-bc06-17a58ad6bb29:group-125E9A69CB37:LeaderElection65] INFO  impl.RoleInfo (RoleInfo.java:shutdownLeaderElection(134)) - d426621c-da0b-4728-bc06-17a58ad6bb29: shutdown LeaderElection
2019-08-29 11:40:32,339 [d426621c-da0b-4728-bc06-17a58ad6bb29:group-125E9A69CB37:LeaderElection65] INFO  impl.RoleInfo (RoleInfo.java:updateAndGet(143)) - d426621c-da0b-4728-bc06-17a58ad6bb29: start FollowerState
2019-08-29 11:40:32,397 | INFO  | SCMAudit | user=jenkins1000 | ip=192.168.5.166 | op=SEND_HEARTBEAT {datanodeUUID=eec2788d-61ce-476f-8498-1c0940795640, command=[]} | ret=SUCCESS |  
2019-08-29 11:40:32,713 | INFO  | SCMAudit | user=jenkins1000 | ip=192.168.5.166 | op=SEND_HEARTBEAT {datanodeUUID=d426621c-da0b-4728-bc06-17a58ad6bb29, command=[]} | ret=SUCCESS |  
2019-08-29 11:40:32,734 | INFO  | SCMAudit | user=jenkins1000 | ip=192.168.5.166 | op=SEND_HEARTBEAT {datanodeUUID=b53f6902-efbc-4527-b99b-6ae0f6edb4d4, command=[]} | ret=SUCCESS |  
2019-08-29 11:40:32,836 | INFO  | SCMAudit | user=jenkins1000 | ip=192.168.5.166 | op=SEND_HEARTBEAT {datanodeUUID=080d8b78-b76d-4b3c-b093-271222147c90, command=[]} | ret=SUCCESS |  
2019-08-29 11:40:33,015 | INFO  | SCMAudit | user=jenkins1000 | ip=192.168.5.166 | op=SEND_HEARTBEAT {datanodeUUID=c2005dcb-bacc-4d06-90c0-f8ae32e9f9ba, command=[]} | ret=SUCCESS |  
2019-08-29 11:40:33,204 | INFO  | SCMAudit | user=jenkins1000 | ip=192.168.5.166 | op=SEND_HEARTBEAT {datanodeUUID=173b4405-db9a-4ec1-ad57-661f797ffe9b, command=[]} | ret=SUCCESS |  
2019-08-29 11:40:33,234 [grpc-default-executor-8] INFO  client.GrpcClientProtocolClient (GrpcClientProtocolClient.java:onNext(255)) - client-C6D552CAD27F->d426621c-da0b-4728-bc06-17a58ad6bb29: receive RaftClientReply:client-C6D552CAD27F->d426621c-da0b-4728-bc06-17a58ad6bb29@group-125E9A69CB37, cid=172, FAILED org.apache.ratis.protocol.NotLeaderException: Server d426621c-da0b-4728-bc06-17a58ad6bb29 is not the leader (null). Request must be sent to leader., logIndex=0, commits[d426621c-da0b-4728-bc06-17a58ad6bb29:c15, b53f6902-efbc-4527-b99b-6ae0f6edb4d4:c15, c03e1c2a-de54-4f45-8368-f772dadfbdb1:c15]
2019-08-29 11:40:33,397 | INFO  | SCMAudit | user=jenkins1000 | ip=192.168.5.166 | op=SEND_HEARTBEAT {datanodeUUID=eec2788d-61ce-476f-8498-1c0940795640, command=[]} | ret=SUCCESS |  
2019-08-29 11:40:33,713 | INFO  | SCMAudit | user=jenkins1000 | ip=192.168.5.166 | op=SEND_HEARTBEAT {datanodeUUID=d426621c-da0b-4728-bc06-17a58ad6bb29, command=[]} | ret=SUCCESS |  
2019-08-29 11:40:33,734 | INFO  | SCMAudit | user=jenkins1000 | ip=192.168.5.166 | op=SEND_HEARTBEAT {datanodeUUID=b53f6902-efbc-4527-b99b-6ae0f6edb4d4, command=[]} | ret=SUCCESS |  
2019-08-29 11:40:33,836 | INFO  | SCMAudit | user=jenkins1000 | ip=192.168.5.166 | op=SEND_HEARTBEAT {datanodeUUID=080d8b78-b76d-4b3c-b093-271222147c90, command=[]} | ret=SUCCESS |  
2019-08-29 11:40:34,016 | INFO  | SCMAudit | user=jenkins1000 | ip=192.168.5.166 | op=SEND_HEARTBEAT {datanodeUUID=c2005dcb-bacc-4d06-90c0-f8ae32e9f9ba, command=[]} | ret=SUCCESS |  
2019-08-29 11:40:34,204 | INFO  | SCMAudit | user=jenkins1000 | ip=192.168.5.166 | op=SEND_HEARTBEAT {datanodeUUID=173b4405-db9a-4ec1-ad57-661f797ffe9b, command=[]} | ret=SUCCESS |  
2019-08-29 11:40:34,244 [grpc-default-executor-8] INFO  client.GrpcClientProtocolClient (GrpcClientProtocolClient.java:onNext(255)) - client-C6D552CAD27F->b53f6902-efbc-4527-b99b-6ae0f6edb4d4: receive RaftClientReply:client-C6D552CAD27F->b53f6902-efbc-4527-b99b-6ae0f6edb4d4@group-125E9A69CB37, cid=172, FAILED org.apache.ratis.protocol.NotLeaderException: Server b53f6902-efbc-4527-b99b-6ae0f6edb4d4 is not the leader (null). Request must be sent to leader., logIndex=0, commits[b53f6902-efbc-4527-b99b-6ae0f6edb4d4:c15, d426621c-da0b-4728-bc06-17a58ad6bb29:c15, c03e1c2a-de54-4f45-8368-f772dadfbdb1:c15]
2019-08-29 11:40:34,397 | INFO  | SCMAudit | user=jenkins1000 | ip=192.168.5.166 | op=SEND_HEARTBEAT {datanodeUUID=eec2788d-61ce-476f-8498-1c0940795640, command=[]} | ret=SUCCESS |  
2019-08-29 11:40:34,713 | INFO  | SCMAudit | user=jenkins1000 | ip=192.168.5.166 | op=SEND_HEARTBEAT {datanodeUUID=d426621c-da0b-4728-bc06-17a58ad6bb29, command=[]} | ret=SUCCESS |  
2019-08-29 11:40:34,734 | INFO  | SCMAudit | user=jenkins1000 | ip=192.168.5.166 | op=SEND_HEARTBEAT {datanodeUUID=b53f6902-efbc-4527-b99b-6ae0f6edb4d4, command=[]} | ret=SUCCESS |  
2019-08-29 11:40:34,836 | INFO  | SCMAudit | user=jenkins1000 | ip=192.168.5.166 | op=SEND_HEARTBEAT {datanodeUUID=080d8b78-b76d-4b3c-b093-271222147c90, command=[]} | ret=SUCCESS |  
2019-08-29 11:40:35,016 | INFO  | SCMAudit | user=jenkins1000 | ip=192.168.5.166 | op=SEND_HEARTBEAT {datanodeUUID=c2005dcb-bacc-4d06-90c0-f8ae32e9f9ba, command=[]} | ret=SUCCESS |  
2019-08-29 11:40:35,204 | INFO  | SCMAudit | user=jenkins1000 | ip=192.168.5.166 | op=SEND_HEARTBEAT {datanodeUUID=173b4405-db9a-4ec1-ad57-661f797ffe9b, command=[]} | ret=SUCCESS |  
2019-08-29 11:40:35,397 | INFO  | SCMAudit | user=jenkins1000 | ip=192.168.5.166 | op=SEND_HEARTBEAT {datanodeUUID=eec2788d-61ce-476f-8498-1c0940795640, command=[]} | ret=SUCCESS |  
2019-08-29 11:40:35,713 | INFO  | SCMAudit | user=jenkins1000 | ip=192.168.5.166 | op=SEND_HEARTBEAT {datanodeUUID=d426621c-da0b-4728-bc06-17a58ad6bb29, command=[]} | ret=SUCCESS |  
2019-08-29 11:40:35,734 | INFO  | SCMAudit | user=jenkins1000 | ip=192.168.5.166 | op=SEND_HEARTBEAT {datanodeUUID=b53f6902-efbc-4527-b99b-6ae0f6edb4d4, command=[]} | ret=SUCCESS |  
2019-08-29 11:40:35,836 | INFO  | SCMAudit | user=jenkins1000 | ip=192.168.5.166 | op=SEND_HEARTBEAT {datanodeUUID=080d8b78-b76d-4b3c-b093-271222147c90, command=[]} | ret=SUCCESS |  
2019-08-29 11:40:36,016 | INFO  | SCMAudit | user=jenkins1000 | ip=192.168.5.166 | op=SEND_HEARTBEAT {datanodeUUID=c2005dcb-bacc-4d06-90c0-f8ae32e9f9ba, command=[]} | ret=SUCCESS |  
2019-08-29 11:40:36,204 | INFO  | SCMAudit | user=jenkins1000 | ip=192.168.5.166 | op=SEND_HEARTBEAT {datanodeUUID=173b4405-db9a-4ec1-ad57-661f797ffe9b, command=[]} | ret=SUCCESS |  
2019-08-29 11:40:36,260 [grpc-default-executor-6] INFO  client.GrpcClientProtocolClient (GrpcClientProtocolClient.java:onNext(255)) - client-C6D552CAD27F->d426621c-da0b-4728-bc06-17a58ad6bb29: receive RaftClientReply:client-C6D552CAD27F->d426621c-da0b-4728-bc06-17a58ad6bb29@group-125E9A69CB37, cid=172, FAILED org.apache.ratis.protocol.NotLeaderException: Server d426621c-da0b-4728-bc06-17a58ad6bb29 is not the leader (null). Request must be sent to leader., logIndex=0, commits[d426621c-da0b-4728-bc06-17a58ad6bb29:c15, b53f6902-efbc-4527-b99b-6ae0f6edb4d4:c15, c03e1c2a-de54-4f45-8368-f772dadfbdb1:c15]
2019-08-29 11:40:36,397 | INFO  | SCMAudit | user=jenkins1000 | ip=192.168.5.166 | op=SEND_HEARTBEAT {datanodeUUID=eec2788d-61ce-476f-8498-1c0940795640, command=[]} | ret=SUCCESS |  
2019-08-29 11:40:36,713 | INFO  | SCMAudit | user=jenkins1000 | ip=192.168.5.166 | op=SEND_HEARTBEAT {datanodeUUID=d426621c-da0b-4728-bc06-17a58ad6bb29, command=[]} | ret=SUCCESS |  
2019-08-29 11:40:36,734 | INFO  | SCMAudit | user=jenkins1000 | ip=192.168.5.166 | op=SEND_HEARTBEAT {datanodeUUID=b53f6902-efbc-4527-b99b-6ae0f6edb4d4, command=[]} | ret=SUCCESS |  
2019-08-29 11:40:36,836 | INFO  | SCMAudit | user=jenkins1000 | ip=192.168.5.166 | op=SEND_HEARTBEAT {datanodeUUID=080d8b78-b76d-4b3c-b093-271222147c90, command=[]} | ret=SUCCESS |  
2019-08-29 11:40:37,016 | INFO  | SCMAudit | user=jenkins1000 | ip=192.168.5.166 | op=SEND_HEARTBEAT {datanodeUUID=c2005dcb-bacc-4d06-90c0-f8ae32e9f9ba, command=[]} | ret=SUCCESS |  
2019-08-29 11:40:37,204 | INFO  | SCMAudit | user=jenkins1000 | ip=192.168.5.166 | op=SEND_HEARTBEAT {datanodeUUID=173b4405-db9a-4ec1-ad57-661f797ffe9b, command=[]} | ret=SUCCESS |  
2019-08-29 11:40:37,274 [grpc-default-executor-6] INFO  client.GrpcClientProtocolClient (GrpcClientProtocolClient.java:onNext(255)) - client-C6D552CAD27F->b53f6902-efbc-4527-b99b-6ae0f6edb4d4: receive RaftClientReply:client-C6D552CAD27F->b53f6902-efbc-4527-b99b-6ae0f6edb4d4@group-125E9A69CB37, cid=172, FAILED org.apache.ratis.protocol.NotLeaderException: Server b53f6902-efbc-4527-b99b-6ae0f6edb4d4 is not the leader (null). Request must be sent to leader., logIndex=0, commits[b53f6902-efbc-4527-b99b-6ae0f6edb4d4:c15, d426621c-da0b-4728-bc06-17a58ad6bb29:c15, c03e1c2a-de54-4f45-8368-f772dadfbdb1:c15]
2019-08-29 11:40:37,380 [Thread-3494] INFO  impl.FollowerState (FollowerState.java:run(106)) - d426621c-da0b-4728-bc06-17a58ad6bb29:group-125E9A69CB37 changes to CANDIDATE, lastRpcTime:5040, electionTimeout:5040ms
2019-08-29 11:40:37,380 [Thread-3494] INFO  impl.RoleInfo (RoleInfo.java:shutdownFollowerState(121)) - d426621c-da0b-4728-bc06-17a58ad6bb29: shutdown FollowerState
2019-08-29 11:40:37,380 [Thread-3494] INFO  impl.RaftServerImpl (RaftServerImpl.java:setRole(171)) - d426621c-da0b-4728-bc06-17a58ad6bb29:group-125E9A69CB37 changes role from FOLLOWER to CANDIDATE at term 2 for changeToCandidate
2019-08-29 11:40:37,380 [Thread-3494] INFO  impl.RoleInfo (RoleInfo.java:updateAndGet(143)) - d426621c-da0b-4728-bc06-17a58ad6bb29: start LeaderElection
2019-08-29 11:40:37,397 | INFO  | SCMAudit | user=jenkins1000 | ip=192.168.5.166 | op=SEND_HEARTBEAT {datanodeUUID=eec2788d-61ce-476f-8498-1c0940795640, command=[]} | ret=SUCCESS |  
2019-08-29 11:40:37,413 [d426621c-da0b-4728-bc06-17a58ad6bb29:group-125E9A69CB37:LeaderElection66] INFO  impl.LeaderElection (LeaderElection.java:askForVotes(181)) - d426621c-da0b-4728-bc06-17a58ad6bb29:group-125E9A69CB37:LeaderElection66: begin an election at term 3 for 0: [b53f6902-efbc-4527-b99b-6ae0f6edb4d4:192.168.5.166:41080, d426621c-da0b-4728-bc06-17a58ad6bb29:192.168.5.166:35970, c03e1c2a-de54-4f45-8368-f772dadfbdb1:192.168.5.166:37728], old=null
2019-08-29 11:40:37,414 [d426621c-da0b-4728-bc06-17a58ad6bb29:group-125E9A69CB37:LeaderElection66] INFO  impl.LeaderElection (LogUtils.java:infoOrTrace(149)) - d426621c-da0b-4728-bc06-17a58ad6bb29:group-125E9A69CB37:LeaderElection66 got exception when requesting votes: {}
java.util.concurrent.ExecutionException: org.apache.ratis.thirdparty.io.grpc.StatusRuntimeException: UNAVAILABLE: io exception
	at java.util.concurrent.FutureTask.report(FutureTask.java:122)
	at java.util.concurrent.FutureTask.get(FutureTask.java:192)
	at org.apache.ratis.server.impl.LeaderElection.waitForResults(LeaderElection.java:262)
	at org.apache.ratis.server.impl.LeaderElection.askForVotes(LeaderElection.java:200)
	at org.apache.ratis.server.impl.LeaderElection.run(LeaderElection.java:130)
	at java.lang.Thread.run(Thread.java:748)
Caused by: org.apache.ratis.thirdparty.io.grpc.StatusRuntimeException: UNAVAILABLE: io exception
	at org.apache.ratis.thirdparty.io.grpc.stub.ClientCalls.toStatusRuntimeException(ClientCalls.java:233)
	at org.apache.ratis.thirdparty.io.grpc.stub.ClientCalls.getUnchecked(ClientCalls.java:214)
	at org.apache.ratis.thirdparty.io.grpc.stub.ClientCalls.blockingUnaryCall(ClientCalls.java:139)
	at org.apache.ratis.proto.grpc.RaftServerProtocolServiceGrpc$RaftServerProtocolServiceBlockingStub.requestVote(RaftServerProtocolServiceGrpc.java:265)
	at org.apache.ratis.grpc.server.GrpcServerProtocolClient.requestVote(GrpcServerProtocolClient.java:83)
	at org.apache.ratis.grpc.server.GrpcService.requestVote(GrpcService.java:195)
	at org.apache.ratis.server.impl.LeaderElection.lambda$submitRequests$1(LeaderElection.java:237)
	at java.util.concurrent.FutureTask.run(FutureTask.java:266)
	at java.util.concurrent.Executors$RunnableAdapter.call(Executors.java:511)
	at java.util.concurrent.FutureTask.run(FutureTask.java:266)
	at java.util.concurrent.ThreadPoolExecutor.runWorker(ThreadPoolExecutor.java:1149)
	at java.util.concurrent.ThreadPoolExecutor$Worker.run(ThreadPoolExecutor.java:624)
	... 1 more
Caused by: org.apache.ratis.thirdparty.io.netty.channel.AbstractChannel$AnnotatedConnectException: Connection refused: /192.168.5.166:37728
	at sun.nio.ch.SocketChannelImpl.checkConnect(Native Method)
	at sun.nio.ch.SocketChannelImpl.finishConnect(SocketChannelImpl.java:717)
	at org.apache.ratis.thirdparty.io.netty.channel.socket.nio.NioSocketChannel.doFinishConnect(NioSocketChannel.java:327)
	at org.apache.ratis.thirdparty.io.netty.channel.nio.AbstractNioChannel$AbstractNioUnsafe.finishConnect(AbstractNioChannel.java:340)
	at org.apache.ratis.thirdparty.io.netty.channel.nio.NioEventLoop.processSelectedKey(NioEventLoop.java:632)
	at org.apache.ratis.thirdparty.io.netty.channel.nio.NioEventLoop.processSelectedKeysOptimized(NioEventLoop.java:579)
	at org.apache.ratis.thirdparty.io.netty.channel.nio.NioEventLoop.processSelectedKeys(NioEventLoop.java:496)
	at org.apache.ratis.thirdparty.io.netty.channel.nio.NioEventLoop.run(NioEventLoop.java:458)
	at org.apache.ratis.thirdparty.io.netty.util.concurrent.SingleThreadEventExecutor$5.run(SingleThreadEventExecutor.java:897)
	at org.apache.ratis.thirdparty.io.netty.util.concurrent.FastThreadLocalRunnable.run(FastThreadLocalRunnable.java:30)
	... 1 more
Caused by: java.net.ConnectException: Connection refused
	... 11 more
2019-08-29 11:40:37,419 [grpc-default-executor-5] INFO  impl.RaftServerImpl (RaftServerImpl.java:setRole(171)) - b53f6902-efbc-4527-b99b-6ae0f6edb4d4:group-125E9A69CB37 changes role from FOLLOWER to FOLLOWER at term 3 for recognizeCandidate:d426621c-da0b-4728-bc06-17a58ad6bb29
2019-08-29 11:40:37,419 [grpc-default-executor-5] INFO  impl.RoleInfo (RoleInfo.java:shutdownFollowerState(121)) - b53f6902-efbc-4527-b99b-6ae0f6edb4d4: shutdown FollowerState
2019-08-29 11:40:37,419 [grpc-default-executor-5] INFO  impl.RoleInfo (RoleInfo.java:updateAndGet(143)) - b53f6902-efbc-4527-b99b-6ae0f6edb4d4: start FollowerState
2019-08-29 11:40:37,419 [Thread-3493] INFO  impl.FollowerState (FollowerState.java:run(114)) - b53f6902-efbc-4527-b99b-6ae0f6edb4d4: FollowerState was interrupted: java.lang.InterruptedException: sleep interrupted
2019-08-29 11:40:37,435 [d426621c-da0b-4728-bc06-17a58ad6bb29:group-125E9A69CB37:LeaderElection66] INFO  impl.LeaderElection (LeaderElection.java:logAndReturn(56)) - d426621c-da0b-4728-bc06-17a58ad6bb29:group-125E9A69CB37:LeaderElection66: Election PASSED; received 1 response(s) [d426621c-da0b-4728-bc06-17a58ad6bb29<-b53f6902-efbc-4527-b99b-6ae0f6edb4d4#0:OK-t3] and 1 exception(s); d426621c-da0b-4728-bc06-17a58ad6bb29:t3, leader=null, voted=d426621c-da0b-4728-bc06-17a58ad6bb29, raftlog=d426621c-da0b-4728-bc06-17a58ad6bb29-SegmentedRaftLog:OPENED:c15,f15,i15, conf=0: [b53f6902-efbc-4527-b99b-6ae0f6edb4d4:192.168.5.166:41080, d426621c-da0b-4728-bc06-17a58ad6bb29:192.168.5.166:35970, c03e1c2a-de54-4f45-8368-f772dadfbdb1:192.168.5.166:37728], old=null
2019-08-29 11:40:37,435 [d426621c-da0b-4728-bc06-17a58ad6bb29:group-125E9A69CB37:LeaderElection66] INFO  impl.LeaderElection (LogUtils.java:infoOrTrace(149)) -   Exception 0: {}
java.util.concurrent.ExecutionException: org.apache.ratis.thirdparty.io.grpc.StatusRuntimeException: UNAVAILABLE: io exception
	at java.util.concurrent.FutureTask.report(FutureTask.java:122)
	at java.util.concurrent.FutureTask.get(FutureTask.java:192)
	at org.apache.ratis.server.impl.LeaderElection.waitForResults(LeaderElection.java:262)
	at org.apache.ratis.server.impl.LeaderElection.askForVotes(LeaderElection.java:200)
	at org.apache.ratis.server.impl.LeaderElection.run(LeaderElection.java:130)
	at java.lang.Thread.run(Thread.java:748)
Caused by: org.apache.ratis.thirdparty.io.grpc.StatusRuntimeException: UNAVAILABLE: io exception
	at org.apache.ratis.thirdparty.io.grpc.stub.ClientCalls.toStatusRuntimeException(ClientCalls.java:233)
	at org.apache.ratis.thirdparty.io.grpc.stub.ClientCalls.getUnchecked(ClientCalls.java:214)
	at org.apache.ratis.thirdparty.io.grpc.stub.ClientCalls.blockingUnaryCall(ClientCalls.java:139)
	at org.apache.ratis.proto.grpc.RaftServerProtocolServiceGrpc$RaftServerProtocolServiceBlockingStub.requestVote(RaftServerProtocolServiceGrpc.java:265)
	at org.apache.ratis.grpc.server.GrpcServerProtocolClient.requestVote(GrpcServerProtocolClient.java:83)
	at org.apache.ratis.grpc.server.GrpcService.requestVote(GrpcService.java:195)
	at org.apache.ratis.server.impl.LeaderElection.lambda$submitRequests$1(LeaderElection.java:237)
	at java.util.concurrent.FutureTask.run(FutureTask.java:266)
	at java.util.concurrent.Executors$RunnableAdapter.call(Executors.java:511)
	at java.util.concurrent.FutureTask.run(FutureTask.java:266)
	at java.util.concurrent.ThreadPoolExecutor.runWorker(ThreadPoolExecutor.java:1149)
	at java.util.concurrent.ThreadPoolExecutor$Worker.run(ThreadPoolExecutor.java:624)
	... 1 more
Caused by: org.apache.ratis.thirdparty.io.netty.channel.AbstractChannel$AnnotatedConnectException: Connection refused: /192.168.5.166:37728
	at sun.nio.ch.SocketChannelImpl.checkConnect(Native Method)
	at sun.nio.ch.SocketChannelImpl.finishConnect(SocketChannelImpl.java:717)
	at org.apache.ratis.thirdparty.io.netty.channel.socket.nio.NioSocketChannel.doFinishConnect(NioSocketChannel.java:327)
	at org.apache.ratis.thirdparty.io.netty.channel.nio.AbstractNioChannel$AbstractNioUnsafe.finishConnect(AbstractNioChannel.java:340)
	at org.apache.ratis.thirdparty.io.netty.channel.nio.NioEventLoop.processSelectedKey(NioEventLoop.java:632)
	at org.apache.ratis.thirdparty.io.netty.channel.nio.NioEventLoop.processSelectedKeysOptimized(NioEventLoop.java:579)
	at org.apache.ratis.thirdparty.io.netty.channel.nio.NioEventLoop.processSelectedKeys(NioEventLoop.java:496)
	at org.apache.ratis.thirdparty.io.netty.channel.nio.NioEventLoop.run(NioEventLoop.java:458)
	at org.apache.ratis.thirdparty.io.netty.util.concurrent.SingleThreadEventExecutor$5.run(SingleThreadEventExecutor.java:897)
	at org.apache.ratis.thirdparty.io.netty.util.concurrent.FastThreadLocalRunnable.run(FastThreadLocalRunnable.java:30)
	... 1 more
Caused by: java.net.ConnectException: Connection refused
	... 11 more
2019-08-29 11:40:37,436 [d426621c-da0b-4728-bc06-17a58ad6bb29:group-125E9A69CB37:LeaderElection66] INFO  impl.RoleInfo (RoleInfo.java:shutdownLeaderElection(134)) - d426621c-da0b-4728-bc06-17a58ad6bb29: shutdown LeaderElection
2019-08-29 11:40:37,436 [d426621c-da0b-4728-bc06-17a58ad6bb29:group-125E9A69CB37:LeaderElection66] INFO  impl.RaftServerImpl (RaftServerImpl.java:setRole(171)) - d426621c-da0b-4728-bc06-17a58ad6bb29:group-125E9A69CB37 changes role from CANDIDATE to LEADER at term 3 for changeToLeader
2019-08-29 11:40:37,436 [d426621c-da0b-4728-bc06-17a58ad6bb29:group-125E9A69CB37:LeaderElection66] INFO  impl.RaftServerImpl (ServerState.java:setLeader(263)) - d426621c-da0b-4728-bc06-17a58ad6bb29:group-125E9A69CB37 change Leader from null to d426621c-da0b-4728-bc06-17a58ad6bb29 at term 3 for becomeLeader, leader elected after 5113ms
2019-08-29 11:40:37,436 [d426621c-da0b-4728-bc06-17a58ad6bb29:group-125E9A69CB37:LeaderElection66] INFO  server.RaftServerConfigKeys (ConfUtils.java:logGet(43)) - raft.server.staging.catchup.gap = 1000 (default)
2019-08-29 11:40:37,436 [d426621c-da0b-4728-bc06-17a58ad6bb29:group-125E9A69CB37:LeaderElection66] INFO  server.RaftServerConfigKeys (ConfUtils.java:logGet(43)) - raft.server.rpc.sleep.time = 25ms (default)
2019-08-29 11:40:37,436 [d426621c-da0b-4728-bc06-17a58ad6bb29:group-125E9A69CB37:LeaderElection66] INFO  server.RaftServerConfigKeys (ConfUtils.java:logGet(43)) - raft.server.write.element-limit = 4096 (default)
2019-08-29 11:40:37,436 [d426621c-da0b-4728-bc06-17a58ad6bb29:group-125E9A69CB37:LeaderElection66] INFO  server.RaftServerConfigKeys (ConfUtils.java:logGet(43)) - raft.server.watch.timeout = 10s (default)
2019-08-29 11:40:37,437 [d426621c-da0b-4728-bc06-17a58ad6bb29:group-125E9A69CB37:LeaderElection66] INFO  server.RaftServerConfigKeys (ConfUtils.java:logGet(43)) - raft.server.watch.timeout.denomination = 1s (default)
2019-08-29 11:40:37,437 [d426621c-da0b-4728-bc06-17a58ad6bb29:group-125E9A69CB37:LeaderElection66] INFO  server.RaftServerConfigKeys (ConfUtils.java:logGet(43)) - raft.server.watch.element-limit = 65536 (default)
2019-08-29 11:40:37,437 [d426621c-da0b-4728-bc06-17a58ad6bb29:group-125E9A69CB37:LeaderElection66] INFO  server.RaftServerConfigKeys (ConfUtils.java:logGet(43)) - raft.server.log.appender.snapshot.chunk.size.max = 16MB (=16777216) (default)
2019-08-29 11:40:37,437 [d426621c-da0b-4728-bc06-17a58ad6bb29:group-125E9A69CB37:LeaderElection66] INFO  server.RaftServerConfigKeys (ConfUtils.java:logGet(43)) - raft.server.log.appender.buffer.byte-limit = 33554432 (custom)
2019-08-29 11:40:37,437 [d426621c-da0b-4728-bc06-17a58ad6bb29:group-125E9A69CB37:LeaderElection66] INFO  server.RaftServerConfigKeys (ConfUtils.java:logGet(43)) - raft.server.log.appender.buffer.element-limit = 1 (custom)
2019-08-29 11:40:37,438 [d426621c-da0b-4728-bc06-17a58ad6bb29:group-125E9A69CB37:LeaderElection66] INFO  grpc.GrpcConfigKeys$Server (ConfUtils.java:logGet(43)) - raft.grpc.server.leader.outstanding.appends.max = 128 (default)
2019-08-29 11:40:37,438 [d426621c-da0b-4728-bc06-17a58ad6bb29:group-125E9A69CB37:LeaderElection66] INFO  server.RaftServerConfigKeys (ConfUtils.java:logGet(43)) - raft.server.rpc.request.timeout = 3000ms (default)
2019-08-29 11:40:37,438 [d426621c-da0b-4728-bc06-17a58ad6bb29:group-125E9A69CB37:LeaderElection66] INFO  server.RaftServerConfigKeys (ConfUtils.java:logGet(43)) - raft.server.log.appender.install.snapshot.enabled = false (custom)
2019-08-29 11:40:37,438 [d426621c-da0b-4728-bc06-17a58ad6bb29:group-125E9A69CB37:LeaderElection66] INFO  server.RaftServerConfigKeys (ConfUtils.java:logGet(43)) - raft.server.log.appender.snapshot.chunk.size.max = 16MB (=16777216) (default)
2019-08-29 11:40:37,438 [d426621c-da0b-4728-bc06-17a58ad6bb29:group-125E9A69CB37:LeaderElection66] INFO  server.RaftServerConfigKeys (ConfUtils.java:logGet(43)) - raft.server.log.appender.buffer.byte-limit = 33554432 (custom)
2019-08-29 11:40:37,438 [d426621c-da0b-4728-bc06-17a58ad6bb29:group-125E9A69CB37:LeaderElection66] INFO  server.RaftServerConfigKeys (ConfUtils.java:logGet(43)) - raft.server.log.appender.buffer.element-limit = 1 (custom)
2019-08-29 11:40:37,438 [d426621c-da0b-4728-bc06-17a58ad6bb29:group-125E9A69CB37:LeaderElection66] INFO  grpc.GrpcConfigKeys$Server (ConfUtils.java:logGet(43)) - raft.grpc.server.leader.outstanding.appends.max = 128 (default)
2019-08-29 11:40:37,439 [d426621c-da0b-4728-bc06-17a58ad6bb29:group-125E9A69CB37:LeaderElection66] INFO  server.RaftServerConfigKeys (ConfUtils.java:logGet(43)) - raft.server.rpc.request.timeout = 3000ms (default)
2019-08-29 11:40:37,439 [d426621c-da0b-4728-bc06-17a58ad6bb29:group-125E9A69CB37:LeaderElection66] INFO  server.RaftServerConfigKeys (ConfUtils.java:logGet(43)) - raft.server.log.appender.install.snapshot.enabled = false (custom)
2019-08-29 11:40:37,439 [d426621c-da0b-4728-bc06-17a58ad6bb29:group-125E9A69CB37:LeaderElection66] INFO  impl.RoleInfo (RoleInfo.java:updateAndGet(143)) - d426621c-da0b-4728-bc06-17a58ad6bb29: start LeaderState
2019-08-29 11:40:37,439 [d426621c-da0b-4728-bc06-17a58ad6bb29:group-125E9A69CB37:LeaderElection66] INFO  segmented.SegmentedRaftLogWorker (SegmentedRaftLogWorker.java:rollLogSegment(385)) - d426621c-da0b-4728-bc06-17a58ad6bb29-SegmentedRaftLogWorker:Storage Directory /workdir/hadoop-ozone/integration-test/target/test-dir/MiniOzoneClusterImpl-60a45d56-0b46-4bc8-bc0f-04071af02df0/datanode-2/data/ratis/aa76d3f7-f15b-4203-b110-125e9a69cb37: Rolling segment log-0_15 to index:15
2019-08-29 11:40:37,440 [d426621c-da0b-4728-bc06-17a58ad6bb29-SegmentedRaftLogWorker:Storage Directory /workdir/hadoop-ozone/integration-test/target/test-dir/MiniOzoneClusterImpl-60a45d56-0b46-4bc8-bc0f-04071af02df0/datanode-2/data/ratis/aa76d3f7-f15b-4203-b110-125e9a69cb37] INFO  segmented.SegmentedRaftLogWorker (SegmentedRaftLogWorker.java:execute(526)) - d426621c-da0b-4728-bc06-17a58ad6bb29-SegmentedRaftLogWorker:Storage Directory /workdir/hadoop-ozone/integration-test/target/test-dir/MiniOzoneClusterImpl-60a45d56-0b46-4bc8-bc0f-04071af02df0/datanode-2/data/ratis/aa76d3f7-f15b-4203-b110-125e9a69cb37: Rolled log segment from /workdir/hadoop-ozone/integration-test/target/test-dir/MiniOzoneClusterImpl-60a45d56-0b46-4bc8-bc0f-04071af02df0/datanode-2/data/ratis/aa76d3f7-f15b-4203-b110-125e9a69cb37/current/log_inprogress_0 to /workdir/hadoop-ozone/integration-test/target/test-dir/MiniOzoneClusterImpl-60a45d56-0b46-4bc8-bc0f-04071af02df0/datanode-2/data/ratis/aa76d3f7-f15b-4203-b110-125e9a69cb37/current/log_0-15
2019-08-29 11:40:37,440 [d426621c-da0b-4728-bc06-17a58ad6bb29:group-125E9A69CB37:LeaderElection66] INFO  impl.RaftServerImpl (ServerState.java:setRaftConf(361)) - d426621c-da0b-4728-bc06-17a58ad6bb29:group-125E9A69CB37 set configuration 16: [b53f6902-efbc-4527-b99b-6ae0f6edb4d4:192.168.5.166:41080, d426621c-da0b-4728-bc06-17a58ad6bb29:192.168.5.166:35970, c03e1c2a-de54-4f45-8368-f772dadfbdb1:192.168.5.166:37728], old=null at 16
2019-08-29 11:40:37,440 [grpc-default-executor-5] WARN  server.GrpcLogAppender (LogUtils.java:warn(134)) - d426621c-da0b-4728-bc06-17a58ad6bb29->c03e1c2a-de54-4f45-8368-f772dadfbdb1: Failed appendEntries: org.apache.ratis.thirdparty.io.grpc.StatusRuntimeException: UNAVAILABLE: io exception
2019-08-29 11:40:37,441 [grpc-default-executor-5] INFO  impl.FollowerInfo (FollowerInfo.java:lambda$new$0(50)) - d426621c-da0b-4728-bc06-17a58ad6bb29->c03e1c2a-de54-4f45-8368-f772dadfbdb1: nextIndex: updateUnconditionally 16 -> 1
2019-08-29 11:40:37,441 [grpc-default-executor-6] INFO  impl.RaftServerImpl (ServerState.java:setLeader(263)) - b53f6902-efbc-4527-b99b-6ae0f6edb4d4:group-125E9A69CB37 change Leader from null to d426621c-da0b-4728-bc06-17a58ad6bb29 at term 3 for appendEntries, leader elected after 5128ms
2019-08-29 11:40:37,443 [grpc-default-executor-6] INFO  impl.RaftServerImpl (ServerState.java:setRaftConf(361)) - b53f6902-efbc-4527-b99b-6ae0f6edb4d4:group-125E9A69CB37 set configuration 16: [b53f6902-efbc-4527-b99b-6ae0f6edb4d4:192.168.5.166:41080, d426621c-da0b-4728-bc06-17a58ad6bb29:192.168.5.166:35970, c03e1c2a-de54-4f45-8368-f772dadfbdb1:192.168.5.166:37728], old=null at 16
2019-08-29 11:40:37,443 [grpc-default-executor-6] INFO  segmented.SegmentedRaftLogWorker (SegmentedRaftLogWorker.java:rollLogSegment(385)) - b53f6902-efbc-4527-b99b-6ae0f6edb4d4-SegmentedRaftLogWorker:Storage Directory /workdir/hadoop-ozone/integration-test/target/test-dir/MiniOzoneClusterImpl-60a45d56-0b46-4bc8-bc0f-04071af02df0/datanode-0/data/ratis/aa76d3f7-f15b-4203-b110-125e9a69cb37: Rolling segment log-0_15 to index:15
2019-08-29 11:40:37,444 [b53f6902-efbc-4527-b99b-6ae0f6edb4d4-SegmentedRaftLogWorker:Storage Directory /workdir/hadoop-ozone/integration-test/target/test-dir/MiniOzoneClusterImpl-60a45d56-0b46-4bc8-bc0f-04071af02df0/datanode-0/data/ratis/aa76d3f7-f15b-4203-b110-125e9a69cb37] INFO  segmented.SegmentedRaftLogWorker (SegmentedRaftLogWorker.java:execute(526)) - b53f6902-efbc-4527-b99b-6ae0f6edb4d4-SegmentedRaftLogWorker:Storage Directory /workdir/hadoop-ozone/integration-test/target/test-dir/MiniOzoneClusterImpl-60a45d56-0b46-4bc8-bc0f-04071af02df0/datanode-0/data/ratis/aa76d3f7-f15b-4203-b110-125e9a69cb37: Rolled log segment from /workdir/hadoop-ozone/integration-test/target/test-dir/MiniOzoneClusterImpl-60a45d56-0b46-4bc8-bc0f-04071af02df0/datanode-0/data/ratis/aa76d3f7-f15b-4203-b110-125e9a69cb37/current/log_inprogress_0 to /workdir/hadoop-ozone/integration-test/target/test-dir/MiniOzoneClusterImpl-60a45d56-0b46-4bc8-bc0f-04071af02df0/datanode-0/data/ratis/aa76d3f7-f15b-4203-b110-125e9a69cb37/current/log_0-15
2019-08-29 11:40:37,496 [b53f6902-efbc-4527-b99b-6ae0f6edb4d4-SegmentedRaftLogWorker:Storage Directory /workdir/hadoop-ozone/integration-test/target/test-dir/MiniOzoneClusterImpl-60a45d56-0b46-4bc8-bc0f-04071af02df0/datanode-0/data/ratis/aa76d3f7-f15b-4203-b110-125e9a69cb37] INFO  segmented.SegmentedRaftLogWorker (SegmentedRaftLogWorker.java:execute(569)) - b53f6902-efbc-4527-b99b-6ae0f6edb4d4-SegmentedRaftLogWorker:Storage Directory /workdir/hadoop-ozone/integration-test/target/test-dir/MiniOzoneClusterImpl-60a45d56-0b46-4bc8-bc0f-04071af02df0/datanode-0/data/ratis/aa76d3f7-f15b-4203-b110-125e9a69cb37: created new log segment /workdir/hadoop-ozone/integration-test/target/test-dir/MiniOzoneClusterImpl-60a45d56-0b46-4bc8-bc0f-04071af02df0/datanode-0/data/ratis/aa76d3f7-f15b-4203-b110-125e9a69cb37/current/log_inprogress_16
2019-08-29 11:40:37,496 [d426621c-da0b-4728-bc06-17a58ad6bb29-SegmentedRaftLogWorker:Storage Directory /workdir/hadoop-ozone/integration-test/target/test-dir/MiniOzoneClusterImpl-60a45d56-0b46-4bc8-bc0f-04071af02df0/datanode-2/data/ratis/aa76d3f7-f15b-4203-b110-125e9a69cb37] INFO  segmented.SegmentedRaftLogWorker (SegmentedRaftLogWorker.java:execute(569)) - d426621c-da0b-4728-bc06-17a58ad6bb29-SegmentedRaftLogWorker:Storage Directory /workdir/hadoop-ozone/integration-test/target/test-dir/MiniOzoneClusterImpl-60a45d56-0b46-4bc8-bc0f-04071af02df0/datanode-2/data/ratis/aa76d3f7-f15b-4203-b110-125e9a69cb37: created new log segment /workdir/hadoop-ozone/integration-test/target/test-dir/MiniOzoneClusterImpl-60a45d56-0b46-4bc8-bc0f-04071af02df0/datanode-2/data/ratis/aa76d3f7-f15b-4203-b110-125e9a69cb37/current/log_inprogress_16
2019-08-29 11:40:37,519 | INFO  | DNAudit | user=null | ip=null | op=READ_CHUNK {blockData=conID: 1 locID: 102700077118259214 bcsId: 0} | ret=SUCCESS |  
2019-08-29 11:40:37,521 [grpc-default-executor-8] WARN  server.GrpcLogAppender (LogUtils.java:warn(134)) - d426621c-da0b-4728-bc06-17a58ad6bb29->c03e1c2a-de54-4f45-8368-f772dadfbdb1: Failed appendEntries: org.apache.ratis.thirdparty.io.grpc.StatusRuntimeException: UNAVAILABLE: io exception
2019-08-29 11:40:37,522 [grpc-default-executor-8] INFO  impl.FollowerInfo (FollowerInfo.java:lambda$new$0(50)) - d426621c-da0b-4728-bc06-17a58ad6bb29->c03e1c2a-de54-4f45-8368-f772dadfbdb1: nextIndex: updateUnconditionally 2 -> 1
2019-08-29 11:40:37,529 [grpc-default-executor-6] WARN  server.GrpcLogAppender (LogUtils.java:warn(134)) - d426621c-da0b-4728-bc06-17a58ad6bb29->c03e1c2a-de54-4f45-8368-f772dadfbdb1: Failed appendEntries: org.apache.ratis.thirdparty.io.grpc.StatusRuntimeException: UNAVAILABLE: io exception
2019-08-29 11:40:37,529 [grpc-default-executor-6] INFO  impl.FollowerInfo (FollowerInfo.java:lambda$new$0(50)) - d426621c-da0b-4728-bc06-17a58ad6bb29->c03e1c2a-de54-4f45-8368-f772dadfbdb1: nextIndex: updateUnconditionally 2 -> 1
2019-08-29 11:40:37,713 | INFO  | SCMAudit | user=jenkins1000 | ip=192.168.5.166 | op=SEND_HEARTBEAT {datanodeUUID=d426621c-da0b-4728-bc06-17a58ad6bb29, command=[]} | ret=SUCCESS |  
2019-08-29 11:40:37,735 | INFO  | SCMAudit | user=jenkins1000 | ip=192.168.5.166 | op=SEND_HEARTBEAT {datanodeUUID=b53f6902-efbc-4527-b99b-6ae0f6edb4d4, command=[]} | ret=SUCCESS |  
2019-08-29 11:40:37,836 | INFO  | SCMAudit | user=jenkins1000 | ip=192.168.5.166 | op=SEND_HEARTBEAT {datanodeUUID=080d8b78-b76d-4b3c-b093-271222147c90, command=[]} | ret=SUCCESS |  
2019-08-29 11:40:38,016 | INFO  | SCMAudit | user=jenkins1000 | ip=192.168.5.166 | op=SEND_HEARTBEAT {datanodeUUID=c2005dcb-bacc-4d06-90c0-f8ae32e9f9ba, command=[]} | ret=SUCCESS |  
2019-08-29 11:40:38,204 | INFO  | SCMAudit | user=jenkins1000 | ip=192.168.5.166 | op=SEND_HEARTBEAT {datanodeUUID=173b4405-db9a-4ec1-ad57-661f797ffe9b, command=[]} | ret=SUCCESS |  
2019-08-29 11:40:38,397 | INFO  | SCMAudit | user=jenkins1000 | ip=192.168.5.166 | op=SEND_HEARTBEAT {datanodeUUID=eec2788d-61ce-476f-8498-1c0940795640, command=[]} | ret=SUCCESS |  
2019-08-29 11:40:38,713 | INFO  | SCMAudit | user=jenkins1000 | ip=192.168.5.166 | op=SEND_HEARTBEAT {datanodeUUID=d426621c-da0b-4728-bc06-17a58ad6bb29, command=[]} | ret=SUCCESS |  
2019-08-29 11:40:38,734 | INFO  | SCMAudit | user=jenkins1000 | ip=192.168.5.166 | op=SEND_HEARTBEAT {datanodeUUID=b53f6902-efbc-4527-b99b-6ae0f6edb4d4, command=[]} | ret=SUCCESS |  
2019-08-29 11:40:38,836 | INFO  | SCMAudit | user=jenkins1000 | ip=192.168.5.166 | op=SEND_HEARTBEAT {datanodeUUID=080d8b78-b76d-4b3c-b093-271222147c90, command=[]} | ret=SUCCESS |  
2019-08-29 11:40:39,017 | INFO  | SCMAudit | user=jenkins1000 | ip=192.168.5.166 | op=SEND_HEARTBEAT {datanodeUUID=c2005dcb-bacc-4d06-90c0-f8ae32e9f9ba, command=[]} | ret=SUCCESS |  
2019-08-29 11:40:39,204 | INFO  | SCMAudit | user=jenkins1000 | ip=192.168.5.166 | op=SEND_HEARTBEAT {datanodeUUID=173b4405-db9a-4ec1-ad57-661f797ffe9b, command=[]} | ret=SUCCESS |  
2019-08-29 11:40:39,281 | ERROR | DNAudit | user=null | ip=null | op=WRITE_CHUNK {blockData=conID: 1 locID: 102700077118259214 bcsId: 13} | ret=FAILURE | org.apache.hadoop.hdds.scm.container.common.helpers.ContainerNotOpenException: Container 1 in CLOSING state
	at org.apache.hadoop.ozone.container.common.impl.HddsDispatcher.validateContainerCommand(HddsDispatcher.java:408)
	at org.apache.hadoop.ozone.container.common.transport.server.ratis.ContainerStateMachine.startTransaction(ContainerStateMachine.java:309) 
2019-08-29 11:40:39,294 [grpc-default-executor-8] INFO  client.GrpcClientProtocolClient (GrpcClientProtocolClient.java:onNext(255)) - client-C6D552CAD27F->d426621c-da0b-4728-bc06-17a58ad6bb29: receive RaftClientReply:client-C6D552CAD27F->d426621c-da0b-4728-bc06-17a58ad6bb29@group-125E9A69CB37, cid=172, FAILED org.apache.ratis.protocol.StateMachineException: org.apache.hadoop.hdds.scm.container.common.helpers.ContainerNotOpenException from Server d426621c-da0b-4728-bc06-17a58ad6bb29: Container 1 in CLOSING state, logIndex=0, commits[d426621c-da0b-4728-bc06-17a58ad6bb29:c17, b53f6902-efbc-4527-b99b-6ae0f6edb4d4:c16, c03e1c2a-de54-4f45-8368-f772dadfbdb1:c15]
2019-08-29 11:40:39,295 | ERROR | DNAudit | user=null | ip=null | op=WRITE_CHUNK {blockData=conID: 1 locID: 102700077118259214 bcsId: 13} | ret=FAILURE | org.apache.hadoop.hdds.scm.container.common.helpers.ContainerNotOpenException: Container 1 in CLOSING state
	at org.apache.hadoop.ozone.container.common.impl.HddsDispatcher.validateContainerCommand(HddsDispatcher.java:408)
	at org.apache.hadoop.ozone.container.common.transport.server.ratis.ContainerStateMachine.startTransaction(ContainerStateMachine.java:309) 
2019-08-29 11:40:39,303 | ERROR | DNAudit | user=null | ip=null | op=PUT_BLOCK {blockData=[blockId=conID: 1 locID: 102700077118259214 bcsId: 0,size=650]} | ret=FAILURE | org.apache.hadoop.hdds.scm.container.common.helpers.ContainerNotOpenException: Container 1 in CLOSING state
	at org.apache.hadoop.ozone.container.common.impl.HddsDispatcher.validateContainerCommand(HddsDispatcher.java:408)
	at org.apache.hadoop.ozone.container.common.transport.server.ratis.ContainerStateMachine.startTransaction(ContainerStateMachine.java:309) 
2019-08-29 11:40:39,304 [grpc-default-executor-8] INFO  client.GrpcClientProtocolClient (GrpcClientProtocolClient.java:onNext(255)) - client-C6D552CAD27F->d426621c-da0b-4728-bc06-17a58ad6bb29: receive RaftClientReply:client-C6D552CAD27F->d426621c-da0b-4728-bc06-17a58ad6bb29@group-125E9A69CB37, cid=173, FAILED org.apache.ratis.protocol.StateMachineException: org.apache.hadoop.hdds.scm.container.common.helpers.ContainerNotOpenException from Server d426621c-da0b-4728-bc06-17a58ad6bb29: Container 1 in CLOSING state, logIndex=0, commits[d426621c-da0b-4728-bc06-17a58ad6bb29:c17, b53f6902-efbc-4527-b99b-6ae0f6edb4d4:c16, c03e1c2a-de54-4f45-8368-f772dadfbdb1:c15]
2019-08-29 11:40:39,307 | ERROR | DNAudit | user=null | ip=null | op=WRITE_CHUNK {blockData=conID: 1 locID: 102700077118259214 bcsId: 13} | ret=FAILURE | org.apache.hadoop.hdds.scm.container.common.helpers.ContainerNotOpenException: Container 1 in CLOSING state
	at org.apache.hadoop.ozone.container.common.impl.HddsDispatcher.validateContainerCommand(HddsDispatcher.java:408)
	at org.apache.hadoop.ozone.container.common.transport.server.ratis.ContainerStateMachine.startTransaction(ContainerStateMachine.java:309) 
2019-08-29 11:40:39,311 [grpc-default-executor-8] INFO  client.GrpcClientProtocolClient (GrpcClientProtocolClient.java:onNext(255)) - client-C6D552CAD27F->d426621c-da0b-4728-bc06-17a58ad6bb29: receive RaftClientReply:client-C6D552CAD27F->d426621c-da0b-4728-bc06-17a58ad6bb29@group-125E9A69CB37, cid=174, FAILED org.apache.ratis.protocol.StateMachineException: org.apache.hadoop.hdds.scm.container.common.helpers.ContainerNotOpenException from Server d426621c-da0b-4728-bc06-17a58ad6bb29: Container 1 in CLOSING state, logIndex=0, commits[d426621c-da0b-4728-bc06-17a58ad6bb29:c17, b53f6902-efbc-4527-b99b-6ae0f6edb4d4:c16, c03e1c2a-de54-4f45-8368-f772dadfbdb1:c15]
2019-08-29 11:40:39,312 | ERROR | DNAudit | user=null | ip=null | op=WRITE_CHUNK {blockData=conID: 1 locID: 102700077118259214 bcsId: 13} | ret=FAILURE | org.apache.hadoop.hdds.scm.container.common.helpers.ContainerNotOpenException: Container 1 in CLOSING state
	at org.apache.hadoop.ozone.container.common.impl.HddsDispatcher.validateContainerCommand(HddsDispatcher.java:408)
	at org.apache.hadoop.ozone.container.common.transport.server.ratis.ContainerStateMachine.startTransaction(ContainerStateMachine.java:309) 
2019-08-29 11:40:39,315 [grpc-default-executor-8] INFO  client.GrpcClientProtocolClient (GrpcClientProtocolClient.java:onNext(255)) - client-C6D552CAD27F->d426621c-da0b-4728-bc06-17a58ad6bb29: receive RaftClientReply:client-C6D552CAD27F->d426621c-da0b-4728-bc06-17a58ad6bb29@group-125E9A69CB37, cid=175, FAILED org.apache.ratis.protocol.StateMachineException: org.apache.hadoop.hdds.scm.container.common.helpers.ContainerNotOpenException from Server d426621c-da0b-4728-bc06-17a58ad6bb29: Container 1 in CLOSING state, logIndex=0, commits[d426621c-da0b-4728-bc06-17a58ad6bb29:c17, b53f6902-efbc-4527-b99b-6ae0f6edb4d4:c16, c03e1c2a-de54-4f45-8368-f772dadfbdb1:c15]
2019-08-29 11:40:39,319 | ERROR | DNAudit | user=null | ip=null | op=PUT_BLOCK {blockData=[blockId=conID: 1 locID: 102700077118259214 bcsId: 0,size=800]} | ret=FAILURE | org.apache.hadoop.hdds.scm.container.common.helpers.ContainerNotOpenException: Container 1 in CLOSING state
	at org.apache.hadoop.ozone.container.common.impl.HddsDispatcher.validateContainerCommand(HddsDispatcher.java:408)
	at org.apache.hadoop.ozone.container.common.transport.server.ratis.ContainerStateMachine.startTransaction(ContainerStateMachine.java:309) 
2019-08-29 11:40:39,319 [grpc-default-executor-8] INFO  client.GrpcClientProtocolClient (GrpcClientProtocolClient.java:onNext(255)) - client-C6D552CAD27F->d426621c-da0b-4728-bc06-17a58ad6bb29: receive RaftClientReply:client-C6D552CAD27F->d426621c-da0b-4728-bc06-17a58ad6bb29@group-125E9A69CB37, cid=176, FAILED org.apache.ratis.protocol.StateMachineException: org.apache.hadoop.hdds.scm.container.common.helpers.ContainerNotOpenException from Server d426621c-da0b-4728-bc06-17a58ad6bb29: Container 1 in CLOSING state, logIndex=0, commits[d426621c-da0b-4728-bc06-17a58ad6bb29:c17, b53f6902-efbc-4527-b99b-6ae0f6edb4d4:c16, c03e1c2a-de54-4f45-8368-f772dadfbdb1:c15]
2019-08-29 11:40:39,324 [grpc-default-executor-8] INFO  client.GrpcClientProtocolClient (GrpcClientProtocolClient.java:onNext(255)) - client-C6D552CAD27F->d426621c-da0b-4728-bc06-17a58ad6bb29: receive RaftClientReply:client-C6D552CAD27F->d426621c-da0b-4728-bc06-17a58ad6bb29@group-125E9A69CB37, cid=177, FAILED org.apache.ratis.protocol.StateMachineException: org.apache.hadoop.hdds.scm.container.common.helpers.ContainerNotOpenException from Server d426621c-da0b-4728-bc06-17a58ad6bb29: Container 1 in CLOSING state, logIndex=0, commits[d426621c-da0b-4728-bc06-17a58ad6bb29:c17, b53f6902-efbc-4527-b99b-6ae0f6edb4d4:c16, c03e1c2a-de54-4f45-8368-f772dadfbdb1:c15]
2019-08-29 11:40:39,356 | INFO  | SCMAudit | user=jenkins1000 | ip=192.168.5.166 | op=ALLOCATE_BLOCK {owner=fe0a8d44-659e-4a49-a607-a102126211ae, size=800, type=RATIS, factor=THREE} | ret=SUCCESS |  
2019-08-29 11:40:39,358 | INFO  | OMAudit | user=jenkins1000 | ip=127.0.0.1 | op=ALLOCATE_BLOCK {volume=testblockoutputstream, bucket=testblockoutputstream, key=caebadd2-8f95-4497-8723-a9ef2d647c22, dataSize=0, replicationType=null, replicationFactor=null, keyLocationInfo=null, clientID=102700077118128141} | ret=SUCCESS |  
2019-08-29 11:40:39,368 [grpc-default-executor-8] INFO  client.GrpcClientProtocolClient (GrpcClientProtocolClient.java:onNext(255)) - client-E45888693E03->080d8b78-b76d-4b3c-b093-271222147c90: receive RaftClientReply:client-E45888693E03->080d8b78-b76d-4b3c-b093-271222147c90@group-0B6529596DFA, cid=178, FAILED org.apache.ratis.protocol.NotLeaderException: Server 080d8b78-b76d-4b3c-b093-271222147c90 is not the leader (173b4405-db9a-4ec1-ad57-661f797ffe9b:192.168.5.166:42293). Request must be sent to leader., logIndex=0, commits[080d8b78-b76d-4b3c-b093-271222147c90:c0, 173b4405-db9a-4ec1-ad57-661f797ffe9b:c0, c2005dcb-bacc-4d06-90c0-f8ae32e9f9ba:c0]
2019-08-29 11:40:39,397 | INFO  | SCMAudit | user=jenkins1000 | ip=192.168.5.166 | op=SEND_HEARTBEAT {datanodeUUID=eec2788d-61ce-476f-8498-1c0940795640, command=[]} | ret=SUCCESS |  
2019-08-29 11:40:39,485 | INFO  | DNAudit | user=null | ip=null | op=WRITE_CHUNK {blockData=conID: 2 locID: 102700078816034831 bcsId: 0} | ret=SUCCESS |  
2019-08-29 11:40:39,485 | INFO  | SCMAudit | user=jenkins1000 | ip=192.168.5.166 | op=SEND_HEARTBEAT {datanodeUUID=c2005dcb-bacc-4d06-90c0-f8ae32e9f9ba, command=[]} | ret=SUCCESS |  
2019-08-29 11:40:39,502 | INFO  | DNAudit | user=null | ip=null | op=WRITE_CHUNK {blockData=conID: 2 locID: 102700078816034831 bcsId: 0} | ret=SUCCESS |  
2019-08-29 11:40:39,502 | INFO  | DNAudit | user=null | ip=null | op=WRITE_CHUNK {blockData=conID: 2 locID: 102700078816034831 bcsId: 0} | ret=SUCCESS |  
2019-08-29 11:40:39,502 | INFO  | SCMAudit | user=jenkins1000 | ip=192.168.5.166 | op=SEND_HEARTBEAT {datanodeUUID=173b4405-db9a-4ec1-ad57-661f797ffe9b, command=[]} | ret=SUCCESS |  
2019-08-29 11:40:39,502 | INFO  | SCMAudit | user=jenkins1000 | ip=192.168.5.166 | op=SEND_HEARTBEAT {datanodeUUID=080d8b78-b76d-4b3c-b093-271222147c90, command=[]} | ret=SUCCESS |  
2019-08-29 11:40:39,513 | INFO  | DNAudit | user=null | ip=null | op=WRITE_CHUNK {blockData=conID: 2 locID: 102700078816034831 bcsId: 0} | ret=SUCCESS |  
2019-08-29 11:40:39,530 [grpc-default-executor-5] INFO  client.GrpcClientProtocolClient (GrpcClientProtocolClient.java:onNext(255)) - client-E45888693E03->173b4405-db9a-4ec1-ad57-661f797ffe9b: receive RaftClientReply:client-E45888693E03->173b4405-db9a-4ec1-ad57-661f797ffe9b@group-0B6529596DFA, cid=178, SUCCESS, logIndex=1, commits[173b4405-db9a-4ec1-ad57-661f797ffe9b:c1, 080d8b78-b76d-4b3c-b093-271222147c90:c0, c2005dcb-bacc-4d06-90c0-f8ae32e9f9ba:c0]
2019-08-29 11:40:39,531 | INFO  | DNAudit | user=null | ip=null | op=WRITE_CHUNK {blockData=conID: 2 locID: 102700078816034831 bcsId: 0} | ret=SUCCESS |  
2019-08-29 11:40:39,534 | INFO  | DNAudit | user=null | ip=null | op=WRITE_CHUNK {blockData=conID: 2 locID: 102700078816034831 bcsId: 0} | ret=SUCCESS |  
2019-08-29 11:40:39,535 | INFO  | DNAudit | user=null | ip=null | op=WRITE_CHUNK {blockData=conID: 2 locID: 102700078816034831 bcsId: 0} | ret=SUCCESS |  
2019-08-29 11:40:39,538 | INFO  | DNAudit | user=null | ip=null | op=WRITE_CHUNK {blockData=conID: 2 locID: 102700078816034831 bcsId: 0} | ret=SUCCESS |  
2019-08-29 11:40:39,538 | INFO  | DNAudit | user=null | ip=null | op=WRITE_CHUNK {blockData=conID: 2 locID: 102700078816034831 bcsId: 0} | ret=SUCCESS |  
2019-08-29 11:40:39,538 | INFO  | DNAudit | user=null | ip=null | op=WRITE_CHUNK {blockData=conID: 2 locID: 102700078816034831 bcsId: 0} | ret=SUCCESS |  
2019-08-29 11:40:39,539 | INFO  | DNAudit | user=null | ip=null | op=WRITE_CHUNK {blockData=conID: 2 locID: 102700078816034831 bcsId: 0} | ret=SUCCESS |  
2019-08-29 11:40:39,541 | INFO  | DNAudit | user=null | ip=null | op=WRITE_CHUNK {blockData=conID: 2 locID: 102700078816034831 bcsId: 0} | ret=SUCCESS |  
2019-08-29 11:40:39,542 | INFO  | DNAudit | user=null | ip=null | op=WRITE_CHUNK {blockData=conID: 2 locID: 102700078816034831 bcsId: 0} | ret=SUCCESS |  
2019-08-29 11:40:39,542 | INFO  | DNAudit | user=null | ip=null | op=WRITE_CHUNK {blockData=conID: 2 locID: 102700078816034831 bcsId: 0} | ret=SUCCESS |  
2019-08-29 11:40:39,543 | INFO  | DNAudit | user=null | ip=null | op=WRITE_CHUNK {blockData=conID: 2 locID: 102700078816034831 bcsId: 0} | ret=SUCCESS |  
2019-08-29 11:40:39,550 | INFO  | DNAudit | user=null | ip=null | op=WRITE_CHUNK {blockData=conID: 2 locID: 102700078816034831 bcsId: 0} | ret=SUCCESS |  
2019-08-29 11:40:39,554 [grpc-default-executor-8] INFO  client.GrpcClientProtocolClient (GrpcClientProtocolClient.java:onNext(255)) - client-E45888693E03->173b4405-db9a-4ec1-ad57-661f797ffe9b: receive RaftClientReply:client-E45888693E03->173b4405-db9a-4ec1-ad57-661f797ffe9b@group-0B6529596DFA, cid=179, SUCCESS, logIndex=3, commits[173b4405-db9a-4ec1-ad57-661f797ffe9b:c4, 080d8b78-b76d-4b3c-b093-271222147c90:c2, c2005dcb-bacc-4d06-90c0-f8ae32e9f9ba:c2]
2019-08-29 11:40:39,561 | INFO  | DNAudit | user=null | ip=null | op=WRITE_CHUNK {blockData=conID: 2 locID: 102700078816034831 bcsId: 0} | ret=SUCCESS |  
2019-08-29 11:40:39,561 | INFO  | DNAudit | user=null | ip=null | op=WRITE_CHUNK {blockData=conID: 2 locID: 102700078816034831 bcsId: 0} | ret=SUCCESS |  
2019-08-29 11:40:39,591 | INFO  | DNAudit | user=null | ip=null | op=PUT_BLOCK {blockData=[blockId=conID: 2 locID: 102700078816034831 bcsId: 0,size=200]} | ret=SUCCESS |  
2019-08-29 11:40:39,592 | INFO  | DNAudit | user=null | ip=null | op=WRITE_CHUNK {blockData=conID: 2 locID: 102700078816034831 bcsId: 0} | ret=SUCCESS |  
2019-08-29 11:40:39,592 | INFO  | DNAudit | user=null | ip=null | op=WRITE_CHUNK {blockData=conID: 2 locID: 102700078816034831 bcsId: 0} | ret=SUCCESS |  
2019-08-29 11:40:39,593 [grpc-default-executor-8] INFO  client.GrpcClientProtocolClient (GrpcClientProtocolClient.java:onNext(255)) - client-E45888693E03->173b4405-db9a-4ec1-ad57-661f797ffe9b: receive RaftClientReply:client-E45888693E03->173b4405-db9a-4ec1-ad57-661f797ffe9b@group-0B6529596DFA, cid=180, SUCCESS, logIndex=4, commits[173b4405-db9a-4ec1-ad57-661f797ffe9b:c11, 080d8b78-b76d-4b3c-b093-271222147c90:c7, c2005dcb-bacc-4d06-90c0-f8ae32e9f9ba:c7]
2019-08-29 11:40:39,594 [grpc-default-executor-8] INFO  client.GrpcClientProtocolClient (GrpcClientProtocolClient.java:onNext(255)) - client-E45888693E03->173b4405-db9a-4ec1-ad57-661f797ffe9b: receive RaftClientReply:client-E45888693E03->173b4405-db9a-4ec1-ad57-661f797ffe9b@group-0B6529596DFA, cid=181, SUCCESS, logIndex=5, commits[173b4405-db9a-4ec1-ad57-661f797ffe9b:c11, 080d8b78-b76d-4b3c-b093-271222147c90:c7, c2005dcb-bacc-4d06-90c0-f8ae32e9f9ba:c7]
2019-08-29 11:40:39,594 [grpc-default-executor-8] INFO  client.GrpcClientProtocolClient (GrpcClientProtocolClient.java:onNext(255)) - client-E45888693E03->173b4405-db9a-4ec1-ad57-661f797ffe9b: receive RaftClientReply:client-E45888693E03->173b4405-db9a-4ec1-ad57-661f797ffe9b@group-0B6529596DFA, cid=182, SUCCESS, logIndex=6, commits[173b4405-db9a-4ec1-ad57-661f797ffe9b:c11, 080d8b78-b76d-4b3c-b093-271222147c90:c7, c2005dcb-bacc-4d06-90c0-f8ae32e9f9ba:c7]
2019-08-29 11:40:39,631 | INFO  | DNAudit | user=null | ip=null | op=PUT_BLOCK {blockData=[blockId=conID: 2 locID: 102700078816034831 bcsId: 0,size=200]} | ret=SUCCESS |  
2019-08-29 11:40:39,632 | INFO  | DNAudit | user=null | ip=null | op=WRITE_CHUNK {blockData=conID: 2 locID: 102700078816034831 bcsId: 0} | ret=SUCCESS |  
2019-08-29 11:40:39,632 | INFO  | DNAudit | user=null | ip=null | op=WRITE_CHUNK {blockData=conID: 2 locID: 102700078816034831 bcsId: 0} | ret=SUCCESS |  
2019-08-29 11:40:39,691 | INFO  | DNAudit | user=null | ip=null | op=PUT_BLOCK {blockData=[blockId=conID: 2 locID: 102700078816034831 bcsId: 0,size=400]} | ret=SUCCESS |  
2019-08-29 11:40:39,691 | INFO  | DNAudit | user=null | ip=null | op=PUT_BLOCK {blockData=[blockId=conID: 2 locID: 102700078816034831 bcsId: 0,size=400]} | ret=SUCCESS |  
2019-08-29 11:40:39,691 | INFO  | DNAudit | user=null | ip=null | op=PUT_BLOCK {blockData=[blockId=conID: 2 locID: 102700078816034831 bcsId: 0,size=200]} | ret=SUCCESS |  
2019-08-29 11:40:39,692 | INFO  | DNAudit | user=null | ip=null | op=WRITE_CHUNK {blockData=conID: 2 locID: 102700078816034831 bcsId: 0} | ret=SUCCESS |  
2019-08-29 11:40:39,692 | INFO  | DNAudit | user=null | ip=null | op=WRITE_CHUNK {blockData=conID: 2 locID: 102700078816034831 bcsId: 0} | ret=SUCCESS |  
2019-08-29 11:40:39,692 [grpc-default-executor-8] INFO  client.GrpcClientProtocolClient (GrpcClientProtocolClient.java:onNext(255)) - client-E45888693E03->173b4405-db9a-4ec1-ad57-661f797ffe9b: receive RaftClientReply:client-E45888693E03->173b4405-db9a-4ec1-ad57-661f797ffe9b@group-0B6529596DFA, cid=183, SUCCESS, logIndex=7, commits[173b4405-db9a-4ec1-ad57-661f797ffe9b:c11, 080d8b78-b76d-4b3c-b093-271222147c90:c7, c2005dcb-bacc-4d06-90c0-f8ae32e9f9ba:c7]
2019-08-29 11:40:39,693 | INFO  | DNAudit | user=null | ip=null | op=PUT_BLOCK {blockData=[blockId=conID: 2 locID: 102700078816034831 bcsId: 0,size=400]} | ret=SUCCESS |  
2019-08-29 11:40:39,696 | INFO  | DNAudit | user=null | ip=null | op=WRITE_CHUNK {blockData=conID: 2 locID: 102700078816034831 bcsId: 7} | ret=SUCCESS |  
2019-08-29 11:40:39,698 | INFO  | DNAudit | user=null | ip=null | op=WRITE_CHUNK {blockData=conID: 2 locID: 102700078816034831 bcsId: 7} | ret=SUCCESS |  
2019-08-29 11:40:39,698 | INFO  | DNAudit | user=null | ip=null | op=WRITE_CHUNK {blockData=conID: 2 locID: 102700078816034831 bcsId: 7} | ret=SUCCESS |  
2019-08-29 11:40:39,714 | INFO  | SCMAudit | user=jenkins1000 | ip=192.168.5.166 | op=SEND_HEARTBEAT {datanodeUUID=d426621c-da0b-4728-bc06-17a58ad6bb29, command=[]} | ret=SUCCESS |  
2019-08-29 11:40:39,714 | INFO  | DNAudit | user=null | ip=null | op=WRITE_CHUNK {blockData=conID: 2 locID: 102700078816034831 bcsId: 7} | ret=SUCCESS |  
2019-08-29 11:40:39,720 | INFO  | DNAudit | user=null | ip=null | op=PUT_BLOCK {blockData=[blockId=conID: 2 locID: 102700078816034831 bcsId: 0,size=450]} | ret=SUCCESS |  
2019-08-29 11:40:39,720 [grpc-default-executor-6] INFO  client.GrpcClientProtocolClient (GrpcClientProtocolClient.java:onNext(255)) - client-E45888693E03->173b4405-db9a-4ec1-ad57-661f797ffe9b: receive RaftClientReply:client-E45888693E03->173b4405-db9a-4ec1-ad57-661f797ffe9b@group-0B6529596DFA, cid=184, SUCCESS, logIndex=12, commits[173b4405-db9a-4ec1-ad57-661f797ffe9b:c13, 080d8b78-b76d-4b3c-b093-271222147c90:c11, c2005dcb-bacc-4d06-90c0-f8ae32e9f9ba:c11]
2019-08-29 11:40:39,721 [grpc-default-executor-6] INFO  client.GrpcClientProtocolClient (GrpcClientProtocolClient.java:onNext(255)) - client-E45888693E03->173b4405-db9a-4ec1-ad57-661f797ffe9b: receive RaftClientReply:client-E45888693E03->173b4405-db9a-4ec1-ad57-661f797ffe9b@group-0B6529596DFA, cid=185, SUCCESS, logIndex=13, commits[173b4405-db9a-4ec1-ad57-661f797ffe9b:c13, 080d8b78-b76d-4b3c-b093-271222147c90:c11, c2005dcb-bacc-4d06-90c0-f8ae32e9f9ba:c11]
2019-08-29 11:40:39,726 | INFO  | DNAudit | user=null | ip=null | op=WRITE_CHUNK {blockData=conID: 2 locID: 102700078816034831 bcsId: 7} | ret=SUCCESS |  
2019-08-29 11:40:39,727 | INFO  | DNAudit | user=null | ip=null | op=WRITE_CHUNK {blockData=conID: 2 locID: 102700078816034831 bcsId: 7} | ret=SUCCESS |  
2019-08-29 11:40:39,735 | INFO  | DNAudit | user=null | ip=null | op=PUT_BLOCK {blockData=[blockId=conID: 2 locID: 102700078816034831 bcsId: 0,size=450]} | ret=SUCCESS |  
2019-08-29 11:40:39,735 | INFO  | DNAudit | user=null | ip=null | op=PUT_BLOCK {blockData=[blockId=conID: 2 locID: 102700078816034831 bcsId: 0,size=450]} | ret=SUCCESS |  
2019-08-29 11:40:39,735 | INFO  | SCMAudit | user=jenkins1000 | ip=192.168.5.166 | op=SEND_HEARTBEAT {datanodeUUID=b53f6902-efbc-4527-b99b-6ae0f6edb4d4, command=[]} | ret=SUCCESS |  
2019-08-29 11:40:39,738 [grpc-default-executor-6] INFO  client.GrpcClientProtocolClient (GrpcClientProtocolClient.java:onNext(255)) - client-E45888693E03->173b4405-db9a-4ec1-ad57-661f797ffe9b: receive RaftClientReply:client-E45888693E03->173b4405-db9a-4ec1-ad57-661f797ffe9b@group-0B6529596DFA, cid=186, SUCCESS, logIndex=0, commits[173b4405-db9a-4ec1-ad57-661f797ffe9b:c15, 080d8b78-b76d-4b3c-b093-271222147c90:c13, c2005dcb-bacc-4d06-90c0-f8ae32e9f9ba:c13]
2019-08-29 11:40:39,739 [main] INFO  ozone.MiniOzoneClusterImpl (MiniOzoneClusterImpl.java:shutdown(321)) - Shutting down the Mini Ozone Cluster
2019-08-29 11:40:39,739 | INFO  | SCMAudit | user=null | ip=null | op=GET_SCM_INFO null | ret=SUCCESS |  
2019-08-29 11:40:39,739 [main] INFO  ozone.MiniOzoneClusterImpl (MiniOzoneClusterImpl.java:stop(336)) - Stopping the Mini Ozone Cluster
2019-08-29 11:40:39,739 [main] INFO  ozone.MiniOzoneClusterImpl (MiniOzoneClusterImpl.java:stop(338)) - Stopping the OzoneManager
2019-08-29 11:40:39,740 [main] INFO  ipc.Server (Server.java:stop(3082)) - Stopping server on 42644
2019-08-29 11:40:39,754 [IPC Server listener on 42644] INFO  ipc.Server (Server.java:run(1185)) - Stopping IPC Server listener on 42644
2019-08-29 11:40:39,759 [main] INFO  ratis.OzoneManagerDoubleBuffer (OzoneManagerDoubleBuffer.java:stop(248)) - Stopping OMDoubleBuffer flush thread
2019-08-29 11:40:39,759 [IPC Server Responder] INFO  ipc.Server (Server.java:run(1319)) - Stopping IPC Server Responder
2019-08-29 11:40:39,762 [OMDoubleBufferFlushThread] INFO  ratis.OzoneManagerDoubleBuffer (OzoneManagerDoubleBuffer.java:flushTransactions(191)) - OMDoubleBuffer flush thread OMDoubleBufferFlushThread is interrupted and will exit. OMDoubleBufferFlushThread
2019-08-29 11:40:39,779 [main] INFO  utils.BackgroundService (BackgroundService.java:shutdown(148)) - Shutting down service KeyDeletingService
2019-08-29 11:40:39,780 [main] INFO  handler.ContextHandler (ContextHandler.java:doStop(910)) - Stopped o.e.j.w.WebAppContext@51179fad{/,null,UNAVAILABLE}{/ozoneManager}
2019-08-29 11:40:39,781 [main] INFO  server.AbstractConnector (AbstractConnector.java:doStop(318)) - Stopped ServerConnector@2afa1b1a{HTTP/1.1,[http/1.1]}{0.0.0.0:0}
2019-08-29 11:40:39,782 [main] INFO  handler.ContextHandler (ContextHandler.java:doStop(910)) - Stopped o.e.j.s.ServletContextHandler@1a557a52{/static,file:///workdir/hadoop-ozone/integration-test/target/test-classes/webapps/static,UNAVAILABLE}
2019-08-29 11:40:39,782 [main] INFO  handler.ContextHandler (ContextHandler.java:doStop(910)) - Stopped o.e.j.s.ServletContextHandler@13ac1657{/logs,file:///workdir/hadoop-ozone/integration-test/target/log,UNAVAILABLE}
2019-08-29 11:40:39,785 [main] INFO  ozone.MiniOzoneClusterImpl (MiniOzoneClusterImpl.java:stop(344)) - Shutting the HddsDatanodes
2019-08-29 11:40:39,785 [main] INFO  datanode.ObjectStoreHandler (ObjectStoreHandler.java:close(155)) - Closing ObjectStoreHandler.
2019-08-29 11:40:39,785 [ForkJoinPool.commonPool-worker-0] INFO  datanode.ObjectStoreHandler (ObjectStoreHandler.java:close(155)) - Closing ObjectStoreHandler.
2019-08-29 11:40:39,786 [main] INFO  ozone.HddsDatanodeService (HddsDatanodeService.java:stop(451)) - Stopped plug-in org.apache.hadoop.ozone.web.OzoneHddsDatanodeService@6945fdb8
2019-08-29 11:40:39,786 [ForkJoinPool.commonPool-worker-0] INFO  ozone.HddsDatanodeService (HddsDatanodeService.java:stop(451)) - Stopped plug-in org.apache.hadoop.ozone.web.OzoneHddsDatanodeService@314b0d53
2019-08-29 11:40:40,030 [grpc-default-executor-6] WARN  server.GrpcLogAppender (LogUtils.java:warn(134)) - d426621c-da0b-4728-bc06-17a58ad6bb29->c03e1c2a-de54-4f45-8368-f772dadfbdb1: Failed appendEntries: org.apache.ratis.thirdparty.io.grpc.StatusRuntimeException: UNAVAILABLE: io exception
2019-08-29 11:40:40,030 [grpc-default-executor-6] INFO  impl.FollowerInfo (FollowerInfo.java:lambda$new$0(50)) - d426621c-da0b-4728-bc06-17a58ad6bb29->c03e1c2a-de54-4f45-8368-f772dadfbdb1: nextIndex: updateUnconditionally 1 -> 0
2019-08-29 11:40:40,397 | INFO  | SCMAudit | user=jenkins1000 | ip=192.168.5.166 | op=SEND_HEARTBEAT {datanodeUUID=eec2788d-61ce-476f-8498-1c0940795640, command=[]} | ret=SUCCESS |  
2019-08-29 11:40:40,484 [Datanode State Machine Thread - 0] INFO  statemachine.DatanodeStateMachine (DatanodeStateMachine.java:lambda$startDaemon$0(350)) - Ozone container server started.
2019-08-29 11:40:40,502 | INFO  | SCMAudit | user=jenkins1000 | ip=192.168.5.166 | op=SEND_HEARTBEAT {datanodeUUID=173b4405-db9a-4ec1-ad57-661f797ffe9b, command=[]} | ret=SUCCESS |  
2019-08-29 11:40:40,502 | INFO  | SCMAudit | user=jenkins1000 | ip=192.168.5.166 | op=SEND_HEARTBEAT {datanodeUUID=080d8b78-b76d-4b3c-b093-271222147c90, command=[]} | ret=SUCCESS |  
2019-08-29 11:40:40,713 [Datanode State Machine Thread - 0] INFO  statemachine.DatanodeStateMachine (DatanodeStateMachine.java:lambda$startDaemon$0(350)) - Ozone container server started.
2019-08-29 11:40:40,735 | INFO  | SCMAudit | user=jenkins1000 | ip=192.168.5.166 | op=SEND_HEARTBEAT {datanodeUUID=b53f6902-efbc-4527-b99b-6ae0f6edb4d4, command=[]} | ret=SUCCESS |  
2019-08-29 11:40:41,397 | INFO  | SCMAudit | user=jenkins1000 | ip=192.168.5.166 | op=SEND_HEARTBEAT {datanodeUUID=eec2788d-61ce-476f-8498-1c0940795640, command=[]} | ret=SUCCESS |  
2019-08-29 11:40:41,502 | INFO  | SCMAudit | user=jenkins1000 | ip=192.168.5.166 | op=SEND_HEARTBEAT {datanodeUUID=080d8b78-b76d-4b3c-b093-271222147c90, command=[]} | ret=SUCCESS |  
2019-08-29 11:40:41,502 | INFO  | SCMAudit | user=jenkins1000 | ip=192.168.5.166 | op=SEND_HEARTBEAT {datanodeUUID=173b4405-db9a-4ec1-ad57-661f797ffe9b, command=[]} | ret=SUCCESS |  
2019-08-29 11:40:41,735 | INFO  | SCMAudit | user=jenkins1000 | ip=192.168.5.166 | op=SEND_HEARTBEAT {datanodeUUID=b53f6902-efbc-4527-b99b-6ae0f6edb4d4, command=[]} | ret=SUCCESS |  
2019-08-29 11:40:42,397 | INFO  | SCMAudit | user=jenkins1000 | ip=192.168.5.166 | op=SEND_HEARTBEAT {datanodeUUID=eec2788d-61ce-476f-8498-1c0940795640, command=[]} | ret=SUCCESS |  
2019-08-29 11:40:42,502 | INFO  | SCMAudit | user=jenkins1000 | ip=192.168.5.166 | op=SEND_HEARTBEAT {datanodeUUID=080d8b78-b76d-4b3c-b093-271222147c90, command=[]} | ret=SUCCESS |  
2019-08-29 11:40:42,503 | INFO  | SCMAudit | user=jenkins1000 | ip=192.168.5.166 | op=SEND_HEARTBEAT {datanodeUUID=173b4405-db9a-4ec1-ad57-661f797ffe9b, command=[]} | ret=SUCCESS |  
2019-08-29 11:40:42,530 [grpc-default-executor-5] WARN  server.GrpcLogAppender (LogUtils.java:warn(134)) - d426621c-da0b-4728-bc06-17a58ad6bb29->c03e1c2a-de54-4f45-8368-f772dadfbdb1: Failed appendEntries: org.apache.ratis.thirdparty.io.grpc.StatusRuntimeException: UNAVAILABLE: io exception
2019-08-29 11:40:42,531 [grpc-default-executor-5] INFO  impl.FollowerInfo (FollowerInfo.java:lambda$new$0(50)) - d426621c-da0b-4728-bc06-17a58ad6bb29->c03e1c2a-de54-4f45-8368-f772dadfbdb1: nextIndex: updateUnconditionally 0 -> 0
2019-08-29 11:40:42,736 | INFO  | SCMAudit | user=jenkins1000 | ip=192.168.5.166 | op=SEND_HEARTBEAT {datanodeUUID=b53f6902-efbc-4527-b99b-6ae0f6edb4d4, command=[]} | ret=SUCCESS |  
2019-08-29 11:40:43,397 | INFO  | SCMAudit | user=jenkins1000 | ip=192.168.5.166 | op=SEND_HEARTBEAT {datanodeUUID=eec2788d-61ce-476f-8498-1c0940795640, command=[]} | ret=SUCCESS |  
2019-08-29 11:40:43,502 | INFO  | SCMAudit | user=jenkins1000 | ip=192.168.5.166 | op=SEND_HEARTBEAT {datanodeUUID=080d8b78-b76d-4b3c-b093-271222147c90, command=[]} | ret=SUCCESS |  
2019-08-29 11:40:43,504 | INFO  | SCMAudit | user=jenkins1000 | ip=192.168.5.166 | op=SEND_HEARTBEAT {datanodeUUID=173b4405-db9a-4ec1-ad57-661f797ffe9b, command=[]} | ret=SUCCESS |  
2019-08-29 11:40:43,736 | INFO  | SCMAudit | user=jenkins1000 | ip=192.168.5.166 | op=SEND_HEARTBEAT {datanodeUUID=b53f6902-efbc-4527-b99b-6ae0f6edb4d4, command=[]} | ret=SUCCESS |  
2019-08-29 11:40:44,397 | INFO  | SCMAudit | user=jenkins1000 | ip=192.168.5.166 | op=SEND_HEARTBEAT {datanodeUUID=eec2788d-61ce-476f-8498-1c0940795640, command=[]} | ret=SUCCESS |  
2019-08-29 11:40:44,502 | INFO  | SCMAudit | user=jenkins1000 | ip=192.168.5.166 | op=SEND_HEARTBEAT {datanodeUUID=080d8b78-b76d-4b3c-b093-271222147c90, command=[]} | ret=SUCCESS |  
2019-08-29 11:40:44,504 | INFO  | SCMAudit | user=jenkins1000 | ip=192.168.5.166 | op=SEND_HEARTBEAT {datanodeUUID=173b4405-db9a-4ec1-ad57-661f797ffe9b, command=[]} | ret=SUCCESS |  
2019-08-29 11:40:44,538 [EventQueue-StaleNodeForStaleNodeHandler] INFO  node.StaleNodeHandler (StaleNodeHandler.java:onMessage(58)) - Datanode c2005dcb-bacc-4d06-90c0-f8ae32e9f9ba{ip: 192.168.5.166, host: pr-hdds-2030-qplxq-3692370286, networkLocation: /default-rack, certSerialId: null} moved to stale state. Finalizing its pipelines [PipelineID=7816c560-67b6-4f08-beeb-0b6529596dfa, PipelineID=c2ca6ecb-085e-458b-8446-2ec14a54d04f]
2019-08-29 11:40:44,538 [EventQueue-StaleNodeForStaleNodeHandler] INFO  pipeline.SCMPipelineManager (SCMPipelineManager.java:finalizeAndDestroyPipeline(309)) - destroying pipeline:Pipeline[ Id: 7816c560-67b6-4f08-beeb-0b6529596dfa, Nodes: 080d8b78-b76d-4b3c-b093-271222147c90{ip: 192.168.5.166, host: pr-hdds-2030-qplxq-3692370286, networkLocation: /default-rack, certSerialId: null}173b4405-db9a-4ec1-ad57-661f797ffe9b{ip: 192.168.5.166, host: pr-hdds-2030-qplxq-3692370286, networkLocation: /default-rack, certSerialId: null}c2005dcb-bacc-4d06-90c0-f8ae32e9f9ba{ip: 192.168.5.166, host: pr-hdds-2030-qplxq-3692370286, networkLocation: /default-rack, certSerialId: null}, Type:RATIS, Factor:THREE, State:OPEN]
2019-08-29 11:40:44,539 [EventQueue-StaleNodeForStaleNodeHandler] INFO  pipeline.PipelineStateManager (PipelineStateManager.java:finalizePipeline(123)) - Pipeline Pipeline[ Id: 7816c560-67b6-4f08-beeb-0b6529596dfa, Nodes: 080d8b78-b76d-4b3c-b093-271222147c90{ip: 192.168.5.166, host: pr-hdds-2030-qplxq-3692370286, networkLocation: /default-rack, certSerialId: null}173b4405-db9a-4ec1-ad57-661f797ffe9b{ip: 192.168.5.166, host: pr-hdds-2030-qplxq-3692370286, networkLocation: /default-rack, certSerialId: null}c2005dcb-bacc-4d06-90c0-f8ae32e9f9ba{ip: 192.168.5.166, host: pr-hdds-2030-qplxq-3692370286, networkLocation: /default-rack, certSerialId: null}, Type:RATIS, Factor:THREE, State:CLOSED] moved to CLOSED state
2019-08-29 11:40:44,539 [EventQueue-CloseContainerForCloseContainerEventHandler] INFO  container.CloseContainerEventHandler (CloseContainerEventHandler.java:onMessage(61)) - Close container Event triggered for container : #2
2019-08-29 11:40:44,539 [EventQueue-StaleNodeForStaleNodeHandler] INFO  pipeline.SCMPipelineManager (SCMPipelineManager.java:finalizeAndDestroyPipeline(309)) - destroying pipeline:Pipeline[ Id: c2ca6ecb-085e-458b-8446-2ec14a54d04f, Nodes: c2005dcb-bacc-4d06-90c0-f8ae32e9f9ba{ip: 192.168.5.166, host: pr-hdds-2030-qplxq-3692370286, networkLocation: /default-rack, certSerialId: null}, Type:RATIS, Factor:ONE, State:OPEN]
2019-08-29 11:40:44,539 [EventQueue-StaleNodeForStaleNodeHandler] INFO  pipeline.PipelineStateManager (PipelineStateManager.java:finalizePipeline(123)) - Pipeline Pipeline[ Id: c2ca6ecb-085e-458b-8446-2ec14a54d04f, Nodes: c2005dcb-bacc-4d06-90c0-f8ae32e9f9ba{ip: 192.168.5.166, host: pr-hdds-2030-qplxq-3692370286, networkLocation: /default-rack, certSerialId: null}, Type:RATIS, Factor:ONE, State:CLOSED] moved to CLOSED state
2019-08-29 11:40:44,736 | INFO  | SCMAudit | user=jenkins1000 | ip=192.168.5.166 | op=SEND_HEARTBEAT {datanodeUUID=b53f6902-efbc-4527-b99b-6ae0f6edb4d4, command=[]} | ret=SUCCESS |  
2019-08-29 11:40:44,739 [EventQueue-StaleNodeForStaleNodeHandler] INFO  node.StaleNodeHandler (StaleNodeHandler.java:onMessage(58)) - Datanode d426621c-da0b-4728-bc06-17a58ad6bb29{ip: 192.168.5.166, host: pr-hdds-2030-qplxq-3692370286, networkLocation: /default-rack, certSerialId: null} moved to stale state. Finalizing its pipelines [PipelineID=aa76d3f7-f15b-4203-b110-125e9a69cb37, PipelineID=b02bfae4-6bac-4609-ac9e-7caffeeee779]
2019-08-29 11:40:44,739 [EventQueue-StaleNodeForStaleNodeHandler] INFO  pipeline.SCMPipelineManager (SCMPipelineManager.java:finalizeAndDestroyPipeline(309)) - destroying pipeline:Pipeline[ Id: aa76d3f7-f15b-4203-b110-125e9a69cb37, Nodes: c03e1c2a-de54-4f45-8368-f772dadfbdb1{ip: 192.168.5.166, host: pr-hdds-2030-qplxq-3692370286, networkLocation: /default-rack, certSerialId: null}b53f6902-efbc-4527-b99b-6ae0f6edb4d4{ip: 192.168.5.166, host: pr-hdds-2030-qplxq-3692370286, networkLocation: /default-rack, certSerialId: null}d426621c-da0b-4728-bc06-17a58ad6bb29{ip: 192.168.5.166, host: pr-hdds-2030-qplxq-3692370286, networkLocation: /default-rack, certSerialId: null}, Type:RATIS, Factor:THREE, State:CLOSED]
2019-08-29 11:40:44,739 [EventQueue-StaleNodeForStaleNodeHandler] INFO  pipeline.SCMPipelineManager (SCMPipelineManager.java:finalizeAndDestroyPipeline(309)) - destroying pipeline:Pipeline[ Id: b02bfae4-6bac-4609-ac9e-7caffeeee779, Nodes: d426621c-da0b-4728-bc06-17a58ad6bb29{ip: 192.168.5.166, host: pr-hdds-2030-qplxq-3692370286, networkLocation: /default-rack, certSerialId: null}, Type:RATIS, Factor:ONE, State:OPEN]
2019-08-29 11:40:44,740 [EventQueue-StaleNodeForStaleNodeHandler] INFO  pipeline.PipelineStateManager (PipelineStateManager.java:finalizePipeline(123)) - Pipeline Pipeline[ Id: b02bfae4-6bac-4609-ac9e-7caffeeee779, Nodes: d426621c-da0b-4728-bc06-17a58ad6bb29{ip: 192.168.5.166, host: pr-hdds-2030-qplxq-3692370286, networkLocation: /default-rack, certSerialId: null}, Type:RATIS, Factor:ONE, State:CLOSED] moved to CLOSED state
2019-08-29 11:40:44,788 [ForkJoinPool.commonPool-worker-0] INFO  ozoneimpl.OzoneContainer (OzoneContainer.java:stop(199)) - Attempting to stop container services.
2019-08-29 11:40:44,788 [main] INFO  ozoneimpl.OzoneContainer (OzoneContainer.java:stop(199)) - Attempting to stop container services.
2019-08-29 11:40:44,788 [ForkJoinPool.commonPool-worker-0] INFO  impl.RaftServerProxy (RaftServerProxy.java:lambda$close$4(314)) - d426621c-da0b-4728-bc06-17a58ad6bb29: close
2019-08-29 11:40:44,789 [main] INFO  impl.RaftServerProxy (RaftServerProxy.java:lambda$close$4(314)) - c2005dcb-bacc-4d06-90c0-f8ae32e9f9ba: close
2019-08-29 11:40:44,789 [ForkJoinPool.commonPool-worker-0] INFO  impl.RaftServerImpl (RaftServerImpl.java:lambda$shutdown$3(245)) - d426621c-da0b-4728-bc06-17a58ad6bb29: shutdown group-125E9A69CB37
2019-08-29 11:40:44,790 [main] INFO  impl.RaftServerImpl (RaftServerImpl.java:lambda$shutdown$3(245)) - c2005dcb-bacc-4d06-90c0-f8ae32e9f9ba: shutdown group-0B6529596DFA
2019-08-29 11:40:44,790 [ForkJoinPool.commonPool-worker-0] INFO  util.JmxRegister (JmxRegister.java:unregister(73)) - Successfully un-registered JMX Bean with object name Ratis:service=RaftServer,group=group-125E9A69CB37,id=d426621c-da0b-4728-bc06-17a58ad6bb29
2019-08-29 11:40:44,790 [main] INFO  util.JmxRegister (JmxRegister.java:unregister(73)) - Successfully un-registered JMX Bean with object name Ratis:service=RaftServer,group=group-0B6529596DFA,id=c2005dcb-bacc-4d06-90c0-f8ae32e9f9ba
2019-08-29 11:40:44,791 [ForkJoinPool.commonPool-worker-0] INFO  impl.RoleInfo (RoleInfo.java:shutdownLeaderState(104)) - d426621c-da0b-4728-bc06-17a58ad6bb29: shutdown LeaderState
2019-08-29 11:40:44,791 [main] INFO  impl.RoleInfo (RoleInfo.java:shutdownFollowerState(121)) - c2005dcb-bacc-4d06-90c0-f8ae32e9f9ba: shutdown FollowerState
2019-08-29 11:40:44,796 [org.apache.ratis.server.impl.LogAppender$AppenderDaemon$$Lambda$468/1042246684@28370606] WARN  server.GrpcLogAppender (GrpcLogAppender.java:mayWait(143)) - GrpcLogAppender(d426621c-da0b-4728-bc06-17a58ad6bb29->b53f6902-efbc-4527-b99b-6ae0f6edb4d4): Wait interrupted by java.lang.InterruptedException
2019-08-29 11:40:44,796 [Thread-3365] INFO  impl.FollowerState (FollowerState.java:run(114)) - c2005dcb-bacc-4d06-90c0-f8ae32e9f9ba: FollowerState was interrupted: java.lang.InterruptedException: sleep interrupted
2019-08-29 11:40:44,796 [org.apache.ratis.server.impl.LogAppender$AppenderDaemon$$Lambda$468/1042246684@436e525c] WARN  server.GrpcLogAppender (GrpcLogAppender.java:mayWait(143)) - GrpcLogAppender(d426621c-da0b-4728-bc06-17a58ad6bb29->c03e1c2a-de54-4f45-8368-f772dadfbdb1): Wait interrupted by java.lang.InterruptedException
2019-08-29 11:40:44,796 [ForkJoinPool.commonPool-worker-0] INFO  impl.PendingRequests (PendingRequests.java:sendNotLeaderResponses(202)) - d426621c-da0b-4728-bc06-17a58ad6bb29-PendingRequests: sendNotLeaderResponses
2019-08-29 11:40:44,799 [grpc-default-executor-5] INFO  server.GrpcServerProtocolService (GrpcServerProtocolService.java:onCompleted(104)) - b53f6902-efbc-4527-b99b-6ae0f6edb4d4: appendEntries completed
2019-08-29 11:40:44,796 [StateMachineUpdater:c2005dcb-bacc-4d06-90c0-f8ae32e9f9ba:group-0B6529596DFA] INFO  ratis.ContainerStateMachine (ContainerStateMachine.java:takeSnapshot(283)) - group-0B6529596DFA: Taking a snapshot at:(t:1, i:13) file /workdir/hadoop-ozone/integration-test/target/test-dir/MiniOzoneClusterImpl-60a45d56-0b46-4bc8-bc0f-04071af02df0/datanode-4/data/ratis/7816c560-67b6-4f08-beeb-0b6529596dfa/sm/snapshot.1_13
2019-08-29 11:40:44,796 [main] INFO  impl.StateMachineUpdater (StateMachineUpdater.java:stopAndJoin(115)) - StateMachineUpdater:c2005dcb-bacc-4d06-90c0-f8ae32e9f9ba:group-0B6529596DFA: set stopIndex = 15
2019-08-29 11:40:44,799 [grpc-default-executor-6] INFO  server.GrpcLogAppender (GrpcLogAppender.java:onCompleted(292)) - d426621c-da0b-4728-bc06-17a58ad6bb29->b53f6902-efbc-4527-b99b-6ae0f6edb4d4: follower responses appendEntries COMPLETED
2019-08-29 11:40:44,799 [StateMachineUpdater:d426621c-da0b-4728-bc06-17a58ad6bb29:group-125E9A69CB37] INFO  ratis.ContainerStateMachine (ContainerStateMachine.java:takeSnapshot(283)) - group-125E9A69CB37: Taking a snapshot at:(t:1, i:13) file /workdir/hadoop-ozone/integration-test/target/test-dir/MiniOzoneClusterImpl-60a45d56-0b46-4bc8-bc0f-04071af02df0/datanode-2/data/ratis/aa76d3f7-f15b-4203-b110-125e9a69cb37/sm/snapshot.1_13
2019-08-29 11:40:44,799 [ForkJoinPool.commonPool-worker-0] INFO  impl.StateMachineUpdater (StateMachineUpdater.java:stopAndJoin(115)) - StateMachineUpdater:d426621c-da0b-4728-bc06-17a58ad6bb29:group-125E9A69CB37: set stopIndex = 17
2019-08-29 11:40:44,800 [grpc-default-executor-6] INFO  impl.FollowerInfo (FollowerInfo.java:lambda$new$0(50)) - d426621c-da0b-4728-bc06-17a58ad6bb29->b53f6902-efbc-4527-b99b-6ae0f6edb4d4: nextIndex: updateUnconditionally 18 -> 17
2019-08-29 11:40:44,812 [StateMachineUpdater:d426621c-da0b-4728-bc06-17a58ad6bb29:group-125E9A69CB37] INFO  ratis.ContainerStateMachine (ContainerStateMachine.java:takeSnapshot(294)) - group-125E9A69CB37: Finished taking a snapshot at:(t:1, i:13) file:/workdir/hadoop-ozone/integration-test/target/test-dir/MiniOzoneClusterImpl-60a45d56-0b46-4bc8-bc0f-04071af02df0/datanode-2/data/ratis/aa76d3f7-f15b-4203-b110-125e9a69cb37/sm/snapshot.1_13 time:13
2019-08-29 11:40:44,813 [StateMachineUpdater:d426621c-da0b-4728-bc06-17a58ad6bb29:group-125E9A69CB37] INFO  impl.StateMachineUpdater (StateMachineUpdater.java:takeSnapshot(242)) - StateMachineUpdater:d426621c-da0b-4728-bc06-17a58ad6bb29:group-125E9A69CB37: Took a snapshot at index 13
2019-08-29 11:40:44,812 [StateMachineUpdater:c2005dcb-bacc-4d06-90c0-f8ae32e9f9ba:group-0B6529596DFA] INFO  ratis.ContainerStateMachine (ContainerStateMachine.java:takeSnapshot(294)) - group-0B6529596DFA: Finished taking a snapshot at:(t:1, i:13) file:/workdir/hadoop-ozone/integration-test/target/test-dir/MiniOzoneClusterImpl-60a45d56-0b46-4bc8-bc0f-04071af02df0/datanode-4/data/ratis/7816c560-67b6-4f08-beeb-0b6529596dfa/sm/snapshot.1_13 time:16
2019-08-29 11:40:44,813 [StateMachineUpdater:d426621c-da0b-4728-bc06-17a58ad6bb29:group-125E9A69CB37] INFO  impl.StateMachineUpdater (StateMachineUpdater.java:lambda$new$0(80)) - StateMachineUpdater:d426621c-da0b-4728-bc06-17a58ad6bb29:group-125E9A69CB37: snapshotIndex: updateIncreasingly -1 -> 13
2019-08-29 11:40:44,813 [StateMachineUpdater:c2005dcb-bacc-4d06-90c0-f8ae32e9f9ba:group-0B6529596DFA] INFO  impl.StateMachineUpdater (StateMachineUpdater.java:takeSnapshot(242)) - StateMachineUpdater:c2005dcb-bacc-4d06-90c0-f8ae32e9f9ba:group-0B6529596DFA: Took a snapshot at index 13
2019-08-29 11:40:44,813 [StateMachineUpdater:c2005dcb-bacc-4d06-90c0-f8ae32e9f9ba:group-0B6529596DFA] INFO  impl.StateMachineUpdater (StateMachineUpdater.java:lambda$new$0(80)) - StateMachineUpdater:c2005dcb-bacc-4d06-90c0-f8ae32e9f9ba:group-0B6529596DFA: snapshotIndex: updateIncreasingly -1 -> 13
2019-08-29 11:40:44,813 [ForkJoinPool.commonPool-worker-0] INFO  impl.RaftServerImpl (ServerState.java:close(394)) - d426621c-da0b-4728-bc06-17a58ad6bb29:group-125E9A69CB37 closes. The last applied log index is 17
2019-08-29 11:40:44,814 [main] INFO  impl.RaftServerImpl (ServerState.java:close(394)) - c2005dcb-bacc-4d06-90c0-f8ae32e9f9ba:group-0B6529596DFA closes. The last applied log index is 15
2019-08-29 11:40:44,814 [d426621c-da0b-4728-bc06-17a58ad6bb29-SegmentedRaftLogWorker:Storage Directory /workdir/hadoop-ozone/integration-test/target/test-dir/MiniOzoneClusterImpl-60a45d56-0b46-4bc8-bc0f-04071af02df0/datanode-2/data/ratis/aa76d3f7-f15b-4203-b110-125e9a69cb37] INFO  segmented.SegmentedRaftLogWorker (SegmentedRaftLogWorker.java:run(313)) - d426621c-da0b-4728-bc06-17a58ad6bb29-SegmentedRaftLogWorker:Storage Directory /workdir/hadoop-ozone/integration-test/target/test-dir/MiniOzoneClusterImpl-60a45d56-0b46-4bc8-bc0f-04071af02df0/datanode-2/data/ratis/aa76d3f7-f15b-4203-b110-125e9a69cb37 was interrupted, exiting. There are 0 tasks remaining in the queue.
2019-08-29 11:40:44,814 [c2005dcb-bacc-4d06-90c0-f8ae32e9f9ba-SegmentedRaftLogWorker:Storage Directory /workdir/hadoop-ozone/integration-test/target/test-dir/MiniOzoneClusterImpl-60a45d56-0b46-4bc8-bc0f-04071af02df0/datanode-4/data/ratis/7816c560-67b6-4f08-beeb-0b6529596dfa] INFO  segmented.SegmentedRaftLogWorker (SegmentedRaftLogWorker.java:run(313)) - c2005dcb-bacc-4d06-90c0-f8ae32e9f9ba-SegmentedRaftLogWorker:Storage Directory /workdir/hadoop-ozone/integration-test/target/test-dir/MiniOzoneClusterImpl-60a45d56-0b46-4bc8-bc0f-04071af02df0/datanode-4/data/ratis/7816c560-67b6-4f08-beeb-0b6529596dfa was interrupted, exiting. There are 0 tasks remaining in the queue.
2019-08-29 11:40:44,817 [ForkJoinPool.commonPool-worker-0] INFO  segmented.SegmentedRaftLogWorker (SegmentedRaftLogWorker.java:close(228)) - d426621c-da0b-4728-bc06-17a58ad6bb29-SegmentedRaftLogWorker:Storage Directory /workdir/hadoop-ozone/integration-test/target/test-dir/MiniOzoneClusterImpl-60a45d56-0b46-4bc8-bc0f-04071af02df0/datanode-2/data/ratis/aa76d3f7-f15b-4203-b110-125e9a69cb37 close()
2019-08-29 11:40:44,819 [main] INFO  segmented.SegmentedRaftLogWorker (SegmentedRaftLogWorker.java:close(228)) - c2005dcb-bacc-4d06-90c0-f8ae32e9f9ba-SegmentedRaftLogWorker:Storage Directory /workdir/hadoop-ozone/integration-test/target/test-dir/MiniOzoneClusterImpl-60a45d56-0b46-4bc8-bc0f-04071af02df0/datanode-4/data/ratis/7816c560-67b6-4f08-beeb-0b6529596dfa close()
2019-08-29 11:40:44,823 [ForkJoinPool.commonPool-worker-0] INFO  impl.RaftServerImpl (RaftServerImpl.java:lambda$shutdown$3(245)) - d426621c-da0b-4728-bc06-17a58ad6bb29: shutdown group-7CAFFEEEE779
2019-08-29 11:40:44,828 [main] INFO  impl.RaftServerImpl (RaftServerImpl.java:lambda$shutdown$3(245)) - c2005dcb-bacc-4d06-90c0-f8ae32e9f9ba: shutdown group-2EC14A54D04F
2019-08-29 11:40:44,828 [ForkJoinPool.commonPool-worker-0] INFO  util.JmxRegister (JmxRegister.java:unregister(73)) - Successfully un-registered JMX Bean with object name Ratis:service=RaftServer,group=group-7CAFFEEEE779,id=d426621c-da0b-4728-bc06-17a58ad6bb29
2019-08-29 11:40:44,828 [main] INFO  util.JmxRegister (JmxRegister.java:unregister(73)) - Successfully un-registered JMX Bean with object name Ratis:service=RaftServer,group=group-2EC14A54D04F,id=c2005dcb-bacc-4d06-90c0-f8ae32e9f9ba
2019-08-29 11:40:44,829 [ForkJoinPool.commonPool-worker-0] INFO  impl.RoleInfo (RoleInfo.java:shutdownLeaderState(104)) - d426621c-da0b-4728-bc06-17a58ad6bb29: shutdown LeaderState
2019-08-29 11:40:44,829 [main] INFO  impl.RoleInfo (RoleInfo.java:shutdownLeaderState(104)) - c2005dcb-bacc-4d06-90c0-f8ae32e9f9ba: shutdown LeaderState
2019-08-29 11:40:44,829 [ForkJoinPool.commonPool-worker-0] INFO  impl.PendingRequests (PendingRequests.java:sendNotLeaderResponses(202)) - d426621c-da0b-4728-bc06-17a58ad6bb29-PendingRequests: sendNotLeaderResponses
2019-08-29 11:40:44,830 [main] INFO  impl.PendingRequests (PendingRequests.java:sendNotLeaderResponses(202)) - c2005dcb-bacc-4d06-90c0-f8ae32e9f9ba-PendingRequests: sendNotLeaderResponses
2019-08-29 11:40:44,830 [ForkJoinPool.commonPool-worker-0] INFO  impl.StateMachineUpdater (StateMachineUpdater.java:stopAndJoin(115)) - StateMachineUpdater:d426621c-da0b-4728-bc06-17a58ad6bb29:group-7CAFFEEEE779: set stopIndex = 0
2019-08-29 11:40:44,831 [main] INFO  impl.StateMachineUpdater (StateMachineUpdater.java:stopAndJoin(115)) - StateMachineUpdater:c2005dcb-bacc-4d06-90c0-f8ae32e9f9ba:group-2EC14A54D04F: set stopIndex = 0
2019-08-29 11:40:44,831 [ForkJoinPool.commonPool-worker-0] INFO  impl.RaftServerImpl (ServerState.java:close(394)) - d426621c-da0b-4728-bc06-17a58ad6bb29:group-7CAFFEEEE779 closes. The last applied log index is 0
2019-08-29 11:40:44,831 [main] INFO  impl.RaftServerImpl (ServerState.java:close(394)) - c2005dcb-bacc-4d06-90c0-f8ae32e9f9ba:group-2EC14A54D04F closes. The last applied log index is 0
2019-08-29 11:40:44,832 [d426621c-da0b-4728-bc06-17a58ad6bb29-SegmentedRaftLogWorker:Storage Directory /workdir/hadoop-ozone/integration-test/target/test-dir/MiniOzoneClusterImpl-60a45d56-0b46-4bc8-bc0f-04071af02df0/datanode-2/data/ratis/b02bfae4-6bac-4609-ac9e-7caffeeee779] INFO  segmented.SegmentedRaftLogWorker (SegmentedRaftLogWorker.java:run(313)) - d426621c-da0b-4728-bc06-17a58ad6bb29-SegmentedRaftLogWorker:Storage Directory /workdir/hadoop-ozone/integration-test/target/test-dir/MiniOzoneClusterImpl-60a45d56-0b46-4bc8-bc0f-04071af02df0/datanode-2/data/ratis/b02bfae4-6bac-4609-ac9e-7caffeeee779 was interrupted, exiting. There are 0 tasks remaining in the queue.
2019-08-29 11:40:44,832 [c2005dcb-bacc-4d06-90c0-f8ae32e9f9ba-SegmentedRaftLogWorker:Storage Directory /workdir/hadoop-ozone/integration-test/target/test-dir/MiniOzoneClusterImpl-60a45d56-0b46-4bc8-bc0f-04071af02df0/datanode-4/data/ratis/c2ca6ecb-085e-458b-8446-2ec14a54d04f] INFO  segmented.SegmentedRaftLogWorker (SegmentedRaftLogWorker.java:run(313)) - c2005dcb-bacc-4d06-90c0-f8ae32e9f9ba-SegmentedRaftLogWorker:Storage Directory /workdir/hadoop-ozone/integration-test/target/test-dir/MiniOzoneClusterImpl-60a45d56-0b46-4bc8-bc0f-04071af02df0/datanode-4/data/ratis/c2ca6ecb-085e-458b-8446-2ec14a54d04f was interrupted, exiting. There are 0 tasks remaining in the queue.
2019-08-29 11:40:44,834 [ForkJoinPool.commonPool-worker-0] INFO  segmented.SegmentedRaftLogWorker (SegmentedRaftLogWorker.java:close(228)) - d426621c-da0b-4728-bc06-17a58ad6bb29-SegmentedRaftLogWorker:Storage Directory /workdir/hadoop-ozone/integration-test/target/test-dir/MiniOzoneClusterImpl-60a45d56-0b46-4bc8-bc0f-04071af02df0/datanode-2/data/ratis/b02bfae4-6bac-4609-ac9e-7caffeeee779 close()
2019-08-29 11:40:44,836 [main] INFO  segmented.SegmentedRaftLogWorker (SegmentedRaftLogWorker.java:close(228)) - c2005dcb-bacc-4d06-90c0-f8ae32e9f9ba-SegmentedRaftLogWorker:Storage Directory /workdir/hadoop-ozone/integration-test/target/test-dir/MiniOzoneClusterImpl-60a45d56-0b46-4bc8-bc0f-04071af02df0/datanode-4/data/ratis/c2ca6ecb-085e-458b-8446-2ec14a54d04f close()
2019-08-29 11:40:44,840 [ForkJoinPool.commonPool-worker-0] INFO  server.GrpcService (GrpcService.java:closeImpl(155)) - d426621c-da0b-4728-bc06-17a58ad6bb29: shutdown server with port 35970 now
2019-08-29 11:40:44,844 [main] INFO  server.GrpcService (GrpcService.java:closeImpl(155)) - c2005dcb-bacc-4d06-90c0-f8ae32e9f9ba: shutdown server with port 33305 now
2019-08-29 11:40:44,845 [ForkJoinPool.commonPool-worker-0] INFO  server.GrpcService (GrpcService.java:closeImpl(163)) - d426621c-da0b-4728-bc06-17a58ad6bb29: shutdown server with port 35970 successfully
2019-08-29 11:40:44,845 [grpc-default-executor-7] WARN  server.GrpcServerProtocolService (LogUtils.java:warn(134)) - c2005dcb-bacc-4d06-90c0-f8ae32e9f9ba: appendEntries onError: org.apache.ratis.thirdparty.io.grpc.StatusRuntimeException: CANCELLED: cancelled before receiving half close
2019-08-29 11:40:44,846 [grpc-default-executor-6] WARN  server.GrpcLogAppender (LogUtils.java:warn(134)) - 173b4405-db9a-4ec1-ad57-661f797ffe9b->c2005dcb-bacc-4d06-90c0-f8ae32e9f9ba: Failed appendEntries: org.apache.ratis.thirdparty.io.grpc.StatusRuntimeException: CANCELLED: HTTP/2 error code: CANCEL
Received Rst Stream
2019-08-29 11:40:44,846 [main] INFO  server.GrpcService (GrpcService.java:closeImpl(163)) - c2005dcb-bacc-4d06-90c0-f8ae32e9f9ba: shutdown server with port 33305 successfully
2019-08-29 11:40:44,846 [ForkJoinPool.commonPool-worker-0] INFO  utils.BackgroundService (BackgroundService.java:shutdown(148)) - Shutting down service BlockDeletingService
2019-08-29 11:40:44,846 [grpc-default-executor-6] INFO  impl.FollowerInfo (FollowerInfo.java:lambda$new$0(50)) - 173b4405-db9a-4ec1-ad57-661f797ffe9b->c2005dcb-bacc-4d06-90c0-f8ae32e9f9ba: nextIndex: updateUnconditionally 16 -> 15
2019-08-29 11:40:44,847 [refreshUsed-/workdir/hadoop-ozone/integration-test/target/test-dir/MiniOzoneClusterImpl-60a45d56-0b46-4bc8-bc0f-04071af02df0/datanode-2/data/containers] WARN  fs.CachingGetSpaceUsed (CachingGetSpaceUsed.java:run(183)) - Thread Interrupted waiting to refresh disk information: sleep interrupted
2019-08-29 11:40:44,848 [main] INFO  utils.BackgroundService (BackgroundService.java:shutdown(148)) - Shutting down service BlockDeletingService
2019-08-29 11:40:44,850 [refreshUsed-/workdir/hadoop-ozone/integration-test/target/test-dir/MiniOzoneClusterImpl-60a45d56-0b46-4bc8-bc0f-04071af02df0/datanode-4/data/containers] WARN  fs.CachingGetSpaceUsed (CachingGetSpaceUsed.java:run(183)) - Thread Interrupted waiting to refresh disk information: sleep interrupted
2019-08-29 11:40:44,875 [ForkJoinPool.commonPool-worker-0] INFO  statemachine.DatanodeStateMachine (DatanodeStateMachine.java:stopDaemon(395)) - Ozone container server stopped.
2019-08-29 11:40:44,875 [main] INFO  statemachine.DatanodeStateMachine (DatanodeStateMachine.java:stopDaemon(395)) - Ozone container server stopped.
2019-08-29 11:40:44,881 [ForkJoinPool.commonPool-worker-0] INFO  handler.ContextHandler (ContextHandler.java:doStop(910)) - Stopped o.e.j.w.WebAppContext@306a9cd8{/,null,UNAVAILABLE}{/hddsDatanode}
2019-08-29 11:40:44,881 [main] INFO  handler.ContextHandler (ContextHandler.java:doStop(910)) - Stopped o.e.j.w.WebAppContext@7720334e{/,null,UNAVAILABLE}{/hddsDatanode}
2019-08-29 11:40:44,882 [ForkJoinPool.commonPool-worker-0] INFO  server.AbstractConnector (AbstractConnector.java:doStop(318)) - Stopped ServerConnector@7c52df60{HTTP/1.1,[http/1.1]}{0.0.0.0:0}
2019-08-29 11:40:44,882 [main] INFO  server.AbstractConnector (AbstractConnector.java:doStop(318)) - Stopped ServerConnector@2c78771b{HTTP/1.1,[http/1.1]}{0.0.0.0:0}
2019-08-29 11:40:44,884 [ForkJoinPool.commonPool-worker-0] INFO  handler.ContextHandler (ContextHandler.java:doStop(910)) - Stopped o.e.j.s.ServletContextHandler@35800dea{/static,jar:file:/home/user/.m2/repository/org/apache/hadoop/hadoop-hdds-container-service/0.5.0-SNAPSHOT/hadoop-hdds-container-service-0.5.0-SNAPSHOT.jar!/webapps/static,UNAVAILABLE}
2019-08-29 11:40:44,884 [main] INFO  handler.ContextHandler (ContextHandler.java:doStop(910)) - Stopped o.e.j.s.ServletContextHandler@93fb20b{/static,jar:file:/home/user/.m2/repository/org/apache/hadoop/hadoop-hdds-container-service/0.5.0-SNAPSHOT/hadoop-hdds-container-service-0.5.0-SNAPSHOT.jar!/webapps/static,UNAVAILABLE}
2019-08-29 11:40:44,886 [ForkJoinPool.commonPool-worker-0] INFO  handler.ContextHandler (ContextHandler.java:doStop(910)) - Stopped o.e.j.s.ServletContextHandler@2c69ea30{/logs,file:///workdir/hadoop-ozone/integration-test/target/log,UNAVAILABLE}
2019-08-29 11:40:44,886 [main] INFO  handler.ContextHandler (ContextHandler.java:doStop(910)) - Stopped o.e.j.s.ServletContextHandler@29471e3e{/logs,file:///workdir/hadoop-ozone/integration-test/target/log,UNAVAILABLE}
2019-08-29 11:40:44,887 [main] INFO  datanode.ObjectStoreHandler (ObjectStoreHandler.java:close(155)) - Closing ObjectStoreHandler.
2019-08-29 11:40:44,887 [ForkJoinPool.commonPool-worker-0] INFO  datanode.ObjectStoreHandler (ObjectStoreHandler.java:close(155)) - Closing ObjectStoreHandler.
2019-08-29 11:40:44,888 [main] INFO  ozone.HddsDatanodeService (HddsDatanodeService.java:stop(451)) - Stopped plug-in org.apache.hadoop.ozone.web.OzoneHddsDatanodeService@53141d3f
2019-08-29 11:40:44,888 [ForkJoinPool.commonPool-worker-0] INFO  ozone.HddsDatanodeService (HddsDatanodeService.java:stop(451)) - Stopped plug-in org.apache.hadoop.ozone.web.OzoneHddsDatanodeService@3e09067
2019-08-29 11:40:45,397 | INFO  | SCMAudit | user=jenkins1000 | ip=192.168.5.166 | op=SEND_HEARTBEAT {datanodeUUID=eec2788d-61ce-476f-8498-1c0940795640, command=[]} | ret=SUCCESS |  
2019-08-29 11:40:45,501 [Datanode State Machine Thread - 0] INFO  statemachine.DatanodeStateMachine (DatanodeStateMachine.java:lambda$startDaemon$0(350)) - Ozone container server started.
2019-08-29 11:40:45,505 | INFO  | SCMAudit | user=jenkins1000 | ip=192.168.5.166 | op=SEND_HEARTBEAT {datanodeUUID=173b4405-db9a-4ec1-ad57-661f797ffe9b, command=[commandType: closeContainerCommand closeContainerCommandProto { containerID: 2 pipelineID { id: "7816c560-67b6-4f08-beeb-0b6529596dfa" } cmdId: 2 force: false } ]} | ret=SUCCESS |  
2019-08-29 11:40:45,736 [Datanode State Machine Thread - 0] INFO  statemachine.DatanodeStateMachine (DatanodeStateMachine.java:lambda$startDaemon$0(350)) - Ozone container server started.
2019-08-29 11:40:46,397 | INFO  | SCMAudit | user=jenkins1000 | ip=192.168.5.166 | op=SEND_HEARTBEAT {datanodeUUID=eec2788d-61ce-476f-8498-1c0940795640, command=[]} | ret=SUCCESS |  
2019-08-29 11:40:46,504 | INFO  | SCMAudit | user=jenkins1000 | ip=192.168.5.166 | op=SEND_HEARTBEAT {datanodeUUID=173b4405-db9a-4ec1-ad57-661f797ffe9b, command=[]} | ret=SUCCESS |  
2019-08-29 11:40:47,241 [grpc-default-executor-8] WARN  server.GrpcLogAppender (LogUtils.java:warn(134)) - 173b4405-db9a-4ec1-ad57-661f797ffe9b->c2005dcb-bacc-4d06-90c0-f8ae32e9f9ba: Failed appendEntries: org.apache.ratis.thirdparty.io.grpc.StatusRuntimeException: UNAVAILABLE: io exception
2019-08-29 11:40:47,241 [grpc-default-executor-8] INFO  impl.FollowerInfo (FollowerInfo.java:lambda$new$0(50)) - 173b4405-db9a-4ec1-ad57-661f797ffe9b->c2005dcb-bacc-4d06-90c0-f8ae32e9f9ba: nextIndex: updateUnconditionally 15 -> 14
2019-08-29 11:40:47,397 | INFO  | SCMAudit | user=jenkins1000 | ip=192.168.5.166 | op=SEND_HEARTBEAT {datanodeUUID=eec2788d-61ce-476f-8498-1c0940795640, command=[]} | ret=SUCCESS |  
2019-08-29 11:40:47,504 | INFO  | SCMAudit | user=jenkins1000 | ip=192.168.5.166 | op=SEND_HEARTBEAT {datanodeUUID=173b4405-db9a-4ec1-ad57-661f797ffe9b, command=[]} | ret=SUCCESS |  
2019-08-29 11:40:47,532 | INFO  | SCMAudit | user=jenkins1000 | ip=192.168.5.166 | op=SEND_HEARTBEAT {datanodeUUID=173b4405-db9a-4ec1-ad57-661f797ffe9b, command=[]} | ret=SUCCESS |  
2019-08-29 11:40:47,534 [grpc-default-executor-7] WARN  server.GrpcLogAppender (LogUtils.java:warn(134)) - 173b4405-db9a-4ec1-ad57-661f797ffe9b->c2005dcb-bacc-4d06-90c0-f8ae32e9f9ba: Failed appendEntries: org.apache.ratis.thirdparty.io.grpc.StatusRuntimeException: UNAVAILABLE: io exception
2019-08-29 11:40:47,535 [grpc-default-executor-7] INFO  impl.FollowerInfo (FollowerInfo.java:lambda$new$0(50)) - 173b4405-db9a-4ec1-ad57-661f797ffe9b->c2005dcb-bacc-4d06-90c0-f8ae32e9f9ba: nextIndex: updateUnconditionally 15 -> 14
2019-08-29 11:40:47,547 [grpc-default-executor-8] WARN  server.GrpcLogAppender (LogUtils.java:warn(134)) - 173b4405-db9a-4ec1-ad57-661f797ffe9b->c2005dcb-bacc-4d06-90c0-f8ae32e9f9ba: Failed appendEntries: org.apache.ratis.thirdparty.io.grpc.StatusRuntimeException: UNAVAILABLE: io exception
2019-08-29 11:40:47,547 [grpc-default-executor-8] INFO  impl.FollowerInfo (FollowerInfo.java:lambda$new$0(50)) - 173b4405-db9a-4ec1-ad57-661f797ffe9b->c2005dcb-bacc-4d06-90c0-f8ae32e9f9ba: nextIndex: updateUnconditionally 15 -> 14
2019-08-29 11:40:47,559 [grpc-default-executor-8] WARN  server.GrpcLogAppender (LogUtils.java:warn(134)) - 173b4405-db9a-4ec1-ad57-661f797ffe9b->c2005dcb-bacc-4d06-90c0-f8ae32e9f9ba: Failed appendEntries: org.apache.ratis.thirdparty.io.grpc.StatusRuntimeException: UNAVAILABLE: io exception
2019-08-29 11:40:47,560 [grpc-default-executor-8] INFO  impl.FollowerInfo (FollowerInfo.java:lambda$new$0(50)) - 173b4405-db9a-4ec1-ad57-661f797ffe9b->c2005dcb-bacc-4d06-90c0-f8ae32e9f9ba: nextIndex: updateUnconditionally 15 -> 14
2019-08-29 11:40:47,590 [RatisApplyTransactionExecutor 2] INFO  interfaces.Container (KeyValueContainer.java:compactDB(356)) - Container 2 is closed with bcsId 13.
2019-08-29 11:40:47,591 | INFO  | DNAudit | user=null | ip=null | op=CLOSE_CONTAINER {containerID=2} | ret=SUCCESS |  
2019-08-29 11:40:47,591 | INFO  | SCMAudit | user=jenkins1000 | ip=192.168.5.166 | op=SEND_HEARTBEAT {datanodeUUID=173b4405-db9a-4ec1-ad57-661f797ffe9b, command=[]} | ret=SUCCESS |  
2019-08-29 11:40:47,591 [EventQueue-IncrementalContainerReportForIncrementalContainerReportHandler] INFO  container.IncrementalContainerReportHandler (AbstractContainerReportHandler.java:updateContainerState(176)) - Moving container #2 to CLOSED state, datanode 173b4405-db9a-4ec1-ad57-661f797ffe9b{ip: 192.168.5.166, host: pr-hdds-2030-qplxq-3692370286, networkLocation: /default-rack, certSerialId: null} reported CLOSED replica.
2019-08-29 11:40:47,619 [RatisApplyTransactionExecutor 2] INFO  interfaces.Container (KeyValueContainer.java:compactDB(356)) - Container 2 is closed with bcsId 13.
2019-08-29 11:40:47,619 | INFO  | DNAudit | user=null | ip=null | op=CLOSE_CONTAINER {containerID=2} | ret=SUCCESS |  
2019-08-29 11:40:48,397 | INFO  | SCMAudit | user=jenkins1000 | ip=192.168.5.166 | op=SEND_HEARTBEAT {datanodeUUID=eec2788d-61ce-476f-8498-1c0940795640, command=[]} | ret=SUCCESS |  
2019-08-29 11:40:48,591 | INFO  | SCMAudit | user=jenkins1000 | ip=192.168.5.166 | op=SEND_HEARTBEAT {datanodeUUID=173b4405-db9a-4ec1-ad57-661f797ffe9b, command=[]} | ret=SUCCESS |  
2019-08-29 11:40:49,397 | INFO  | SCMAudit | user=jenkins1000 | ip=192.168.5.166 | op=SEND_HEARTBEAT {datanodeUUID=eec2788d-61ce-476f-8498-1c0940795640, command=[]} | ret=SUCCESS |  
2019-08-29 11:40:49,546 [EventQueue-StaleNodeForStaleNodeHandler] INFO  node.StaleNodeHandler (StaleNodeHandler.java:onMessage(58)) - Datanode 080d8b78-b76d-4b3c-b093-271222147c90{ip: 192.168.5.166, host: pr-hdds-2030-qplxq-3692370286, networkLocation: /default-rack, certSerialId: null} moved to stale state. Finalizing its pipelines [PipelineID=7816c560-67b6-4f08-beeb-0b6529596dfa, PipelineID=8f8da91e-1bb0-4f40-88c1-6b313b842511]
2019-08-29 11:40:49,547 [EventQueue-StaleNodeForStaleNodeHandler] INFO  pipeline.SCMPipelineManager (SCMPipelineManager.java:finalizeAndDestroyPipeline(309)) - destroying pipeline:Pipeline[ Id: 7816c560-67b6-4f08-beeb-0b6529596dfa, Nodes: 080d8b78-b76d-4b3c-b093-271222147c90{ip: 192.168.5.166, host: pr-hdds-2030-qplxq-3692370286, networkLocation: /default-rack, certSerialId: null}173b4405-db9a-4ec1-ad57-661f797ffe9b{ip: 192.168.5.166, host: pr-hdds-2030-qplxq-3692370286, networkLocation: /default-rack, certSerialId: null}c2005dcb-bacc-4d06-90c0-f8ae32e9f9ba{ip: 192.168.5.166, host: pr-hdds-2030-qplxq-3692370286, networkLocation: /default-rack, certSerialId: null}, Type:RATIS, Factor:THREE, State:CLOSED]
2019-08-29 11:40:49,547 [EventQueue-StaleNodeForStaleNodeHandler] INFO  pipeline.SCMPipelineManager (SCMPipelineManager.java:finalizeAndDestroyPipeline(309)) - destroying pipeline:Pipeline[ Id: 8f8da91e-1bb0-4f40-88c1-6b313b842511, Nodes: 080d8b78-b76d-4b3c-b093-271222147c90{ip: 192.168.5.166, host: pr-hdds-2030-qplxq-3692370286, networkLocation: /default-rack, certSerialId: null}, Type:RATIS, Factor:ONE, State:OPEN]
2019-08-29 11:40:49,547 [EventQueue-StaleNodeForStaleNodeHandler] INFO  pipeline.PipelineStateManager (PipelineStateManager.java:finalizePipeline(123)) - Pipeline Pipeline[ Id: 8f8da91e-1bb0-4f40-88c1-6b313b842511, Nodes: 080d8b78-b76d-4b3c-b093-271222147c90{ip: 192.168.5.166, host: pr-hdds-2030-qplxq-3692370286, networkLocation: /default-rack, certSerialId: null}, Type:RATIS, Factor:ONE, State:CLOSED] moved to CLOSED state
2019-08-29 11:40:49,590 | INFO  | SCMAudit | user=jenkins1000 | ip=192.168.5.166 | op=SEND_HEARTBEAT {datanodeUUID=173b4405-db9a-4ec1-ad57-661f797ffe9b, command=[]} | ret=SUCCESS |  
2019-08-29 11:40:49,746 [EventQueue-StaleNodeForStaleNodeHandler] INFO  node.StaleNodeHandler (StaleNodeHandler.java:onMessage(58)) - Datanode b53f6902-efbc-4527-b99b-6ae0f6edb4d4{ip: 192.168.5.166, host: pr-hdds-2030-qplxq-3692370286, networkLocation: /default-rack, certSerialId: null} moved to stale state. Finalizing its pipelines [PipelineID=aa76d3f7-f15b-4203-b110-125e9a69cb37, PipelineID=558e2696-cba3-4565-bb99-a95aa32445b4]
2019-08-29 11:40:49,747 [EventQueue-StaleNodeForStaleNodeHandler] INFO  pipeline.SCMPipelineManager (SCMPipelineManager.java:finalizeAndDestroyPipeline(309)) - destroying pipeline:Pipeline[ Id: aa76d3f7-f15b-4203-b110-125e9a69cb37, Nodes: c03e1c2a-de54-4f45-8368-f772dadfbdb1{ip: 192.168.5.166, host: pr-hdds-2030-qplxq-3692370286, networkLocation: /default-rack, certSerialId: null}b53f6902-efbc-4527-b99b-6ae0f6edb4d4{ip: 192.168.5.166, host: pr-hdds-2030-qplxq-3692370286, networkLocation: /default-rack, certSerialId: null}d426621c-da0b-4728-bc06-17a58ad6bb29{ip: 192.168.5.166, host: pr-hdds-2030-qplxq-3692370286, networkLocation: /default-rack, certSerialId: null}, Type:RATIS, Factor:THREE, State:CLOSED]
2019-08-29 11:40:49,747 [EventQueue-StaleNodeForStaleNodeHandler] INFO  pipeline.SCMPipelineManager (SCMPipelineManager.java:finalizeAndDestroyPipeline(309)) - destroying pipeline:Pipeline[ Id: 558e2696-cba3-4565-bb99-a95aa32445b4, Nodes: b53f6902-efbc-4527-b99b-6ae0f6edb4d4{ip: 192.168.5.166, host: pr-hdds-2030-qplxq-3692370286, networkLocation: /default-rack, certSerialId: null}, Type:RATIS, Factor:ONE, State:OPEN]
2019-08-29 11:40:49,747 [EventQueue-StaleNodeForStaleNodeHandler] INFO  pipeline.PipelineStateManager (PipelineStateManager.java:finalizePipeline(123)) - Pipeline Pipeline[ Id: 558e2696-cba3-4565-bb99-a95aa32445b4, Nodes: b53f6902-efbc-4527-b99b-6ae0f6edb4d4{ip: 192.168.5.166, host: pr-hdds-2030-qplxq-3692370286, networkLocation: /default-rack, certSerialId: null}, Type:RATIS, Factor:ONE, State:CLOSED] moved to CLOSED state
2019-08-29 11:40:49,889 [main] INFO  ozoneimpl.OzoneContainer (OzoneContainer.java:stop(199)) - Attempting to stop container services.
2019-08-29 11:40:49,889 [ForkJoinPool.commonPool-worker-0] INFO  ozoneimpl.OzoneContainer (OzoneContainer.java:stop(199)) - Attempting to stop container services.
2019-08-29 11:40:49,889 [main] INFO  impl.RaftServerProxy (RaftServerProxy.java:lambda$close$4(314)) - 080d8b78-b76d-4b3c-b093-271222147c90: close
2019-08-29 11:40:49,889 [ForkJoinPool.commonPool-worker-0] INFO  impl.RaftServerProxy (RaftServerProxy.java:lambda$close$4(314)) - b53f6902-efbc-4527-b99b-6ae0f6edb4d4: close
2019-08-29 11:40:49,890 [main] INFO  impl.RaftServerImpl (RaftServerImpl.java:lambda$shutdown$3(245)) - 080d8b78-b76d-4b3c-b093-271222147c90: shutdown group-0B6529596DFA
2019-08-29 11:40:49,890 [ForkJoinPool.commonPool-worker-0] INFO  impl.RaftServerImpl (RaftServerImpl.java:lambda$shutdown$3(245)) - b53f6902-efbc-4527-b99b-6ae0f6edb4d4: shutdown group-125E9A69CB37
2019-08-29 11:40:49,890 [main] INFO  util.JmxRegister (JmxRegister.java:unregister(73)) - Successfully un-registered JMX Bean with object name Ratis:service=RaftServer,group=group-0B6529596DFA,id=080d8b78-b76d-4b3c-b093-271222147c90
2019-08-29 11:40:49,891 [ForkJoinPool.commonPool-worker-0] INFO  util.JmxRegister (JmxRegister.java:unregister(73)) - Successfully un-registered JMX Bean with object name Ratis:service=RaftServer,group=group-125E9A69CB37,id=b53f6902-efbc-4527-b99b-6ae0f6edb4d4
2019-08-29 11:40:49,891 [main] INFO  impl.RoleInfo (RoleInfo.java:shutdownFollowerState(121)) - 080d8b78-b76d-4b3c-b093-271222147c90: shutdown FollowerState
2019-08-29 11:40:49,891 [ForkJoinPool.commonPool-worker-0] INFO  impl.RoleInfo (RoleInfo.java:shutdownFollowerState(121)) - b53f6902-efbc-4527-b99b-6ae0f6edb4d4: shutdown FollowerState
2019-08-29 11:40:49,892 [StateMachineUpdater:080d8b78-b76d-4b3c-b093-271222147c90:group-0B6529596DFA] INFO  ratis.ContainerStateMachine (ContainerStateMachine.java:takeSnapshot(283)) - group-0B6529596DFA: Taking a snapshot at:(t:1, i:16) file /workdir/hadoop-ozone/integration-test/target/test-dir/MiniOzoneClusterImpl-60a45d56-0b46-4bc8-bc0f-04071af02df0/datanode-3/data/ratis/7816c560-67b6-4f08-beeb-0b6529596dfa/sm/snapshot.1_16
2019-08-29 11:40:49,892 [Thread-3364] INFO  impl.FollowerState (FollowerState.java:run(114)) - 080d8b78-b76d-4b3c-b093-271222147c90: FollowerState was interrupted: java.lang.InterruptedException: sleep interrupted
2019-08-29 11:40:49,892 [main] INFO  impl.StateMachineUpdater (StateMachineUpdater.java:stopAndJoin(115)) - StateMachineUpdater:080d8b78-b76d-4b3c-b093-271222147c90:group-0B6529596DFA: set stopIndex = 16
2019-08-29 11:40:49,892 [StateMachineUpdater:b53f6902-efbc-4527-b99b-6ae0f6edb4d4:group-125E9A69CB37] INFO  ratis.ContainerStateMachine (ContainerStateMachine.java:takeSnapshot(283)) - group-125E9A69CB37: Taking a snapshot at:(t:1, i:13) file /workdir/hadoop-ozone/integration-test/target/test-dir/MiniOzoneClusterImpl-60a45d56-0b46-4bc8-bc0f-04071af02df0/datanode-0/data/ratis/aa76d3f7-f15b-4203-b110-125e9a69cb37/sm/snapshot.1_13
2019-08-29 11:40:49,892 [Thread-3519] INFO  impl.FollowerState (FollowerState.java:run(114)) - b53f6902-efbc-4527-b99b-6ae0f6edb4d4: FollowerState was interrupted: java.lang.InterruptedException: sleep interrupted
2019-08-29 11:40:49,892 [ForkJoinPool.commonPool-worker-0] INFO  impl.StateMachineUpdater (StateMachineUpdater.java:stopAndJoin(115)) - StateMachineUpdater:b53f6902-efbc-4527-b99b-6ae0f6edb4d4:group-125E9A69CB37: set stopIndex = 17
2019-08-29 11:40:49,908 [StateMachineUpdater:b53f6902-efbc-4527-b99b-6ae0f6edb4d4:group-125E9A69CB37] INFO  ratis.ContainerStateMachine (ContainerStateMachine.java:takeSnapshot(294)) - group-125E9A69CB37: Finished taking a snapshot at:(t:1, i:13) file:/workdir/hadoop-ozone/integration-test/target/test-dir/MiniOzoneClusterImpl-60a45d56-0b46-4bc8-bc0f-04071af02df0/datanode-0/data/ratis/aa76d3f7-f15b-4203-b110-125e9a69cb37/sm/snapshot.1_13 time:16
2019-08-29 11:40:49,908 [StateMachineUpdater:080d8b78-b76d-4b3c-b093-271222147c90:group-0B6529596DFA] INFO  ratis.ContainerStateMachine (ContainerStateMachine.java:takeSnapshot(294)) - group-0B6529596DFA: Finished taking a snapshot at:(t:1, i:16) file:/workdir/hadoop-ozone/integration-test/target/test-dir/MiniOzoneClusterImpl-60a45d56-0b46-4bc8-bc0f-04071af02df0/datanode-3/data/ratis/7816c560-67b6-4f08-beeb-0b6529596dfa/sm/snapshot.1_16 time:16
2019-08-29 11:40:49,908 [StateMachineUpdater:b53f6902-efbc-4527-b99b-6ae0f6edb4d4:group-125E9A69CB37] INFO  impl.StateMachineUpdater (StateMachineUpdater.java:takeSnapshot(242)) - StateMachineUpdater:b53f6902-efbc-4527-b99b-6ae0f6edb4d4:group-125E9A69CB37: Took a snapshot at index 13
2019-08-29 11:40:49,908 [StateMachineUpdater:080d8b78-b76d-4b3c-b093-271222147c90:group-0B6529596DFA] INFO  impl.StateMachineUpdater (StateMachineUpdater.java:takeSnapshot(242)) - StateMachineUpdater:080d8b78-b76d-4b3c-b093-271222147c90:group-0B6529596DFA: Took a snapshot at index 16
2019-08-29 11:40:49,908 [StateMachineUpdater:b53f6902-efbc-4527-b99b-6ae0f6edb4d4:group-125E9A69CB37] INFO  impl.StateMachineUpdater (StateMachineUpdater.java:lambda$new$0(80)) - StateMachineUpdater:b53f6902-efbc-4527-b99b-6ae0f6edb4d4:group-125E9A69CB37: snapshotIndex: updateIncreasingly -1 -> 13
2019-08-29 11:40:49,909 [StateMachineUpdater:080d8b78-b76d-4b3c-b093-271222147c90:group-0B6529596DFA] INFO  impl.StateMachineUpdater (StateMachineUpdater.java:lambda$new$0(80)) - StateMachineUpdater:080d8b78-b76d-4b3c-b093-271222147c90:group-0B6529596DFA: snapshotIndex: updateIncreasingly -1 -> 16
2019-08-29 11:40:49,909 [ForkJoinPool.commonPool-worker-0] INFO  impl.RaftServerImpl (ServerState.java:close(394)) - b53f6902-efbc-4527-b99b-6ae0f6edb4d4:group-125E9A69CB37 closes. The last applied log index is 17
2019-08-29 11:40:49,909 [main] INFO  impl.RaftServerImpl (ServerState.java:close(394)) - 080d8b78-b76d-4b3c-b093-271222147c90:group-0B6529596DFA closes. The last applied log index is 16
2019-08-29 11:40:49,910 [b53f6902-efbc-4527-b99b-6ae0f6edb4d4-SegmentedRaftLogWorker:Storage Directory /workdir/hadoop-ozone/integration-test/target/test-dir/MiniOzoneClusterImpl-60a45d56-0b46-4bc8-bc0f-04071af02df0/datanode-0/data/ratis/aa76d3f7-f15b-4203-b110-125e9a69cb37] INFO  segmented.SegmentedRaftLogWorker (SegmentedRaftLogWorker.java:run(313)) - b53f6902-efbc-4527-b99b-6ae0f6edb4d4-SegmentedRaftLogWorker:Storage Directory /workdir/hadoop-ozone/integration-test/target/test-dir/MiniOzoneClusterImpl-60a45d56-0b46-4bc8-bc0f-04071af02df0/datanode-0/data/ratis/aa76d3f7-f15b-4203-b110-125e9a69cb37 was interrupted, exiting. There are 0 tasks remaining in the queue.
2019-08-29 11:40:49,910 [080d8b78-b76d-4b3c-b093-271222147c90-SegmentedRaftLogWorker:Storage Directory /workdir/hadoop-ozone/integration-test/target/test-dir/MiniOzoneClusterImpl-60a45d56-0b46-4bc8-bc0f-04071af02df0/datanode-3/data/ratis/7816c560-67b6-4f08-beeb-0b6529596dfa] INFO  segmented.SegmentedRaftLogWorker (SegmentedRaftLogWorker.java:run(313)) - 080d8b78-b76d-4b3c-b093-271222147c90-SegmentedRaftLogWorker:Storage Directory /workdir/hadoop-ozone/integration-test/target/test-dir/MiniOzoneClusterImpl-60a45d56-0b46-4bc8-bc0f-04071af02df0/datanode-3/data/ratis/7816c560-67b6-4f08-beeb-0b6529596dfa was interrupted, exiting. There are 0 tasks remaining in the queue.
2019-08-29 11:40:49,912 [ForkJoinPool.commonPool-worker-0] INFO  segmented.SegmentedRaftLogWorker (SegmentedRaftLogWorker.java:close(228)) - b53f6902-efbc-4527-b99b-6ae0f6edb4d4-SegmentedRaftLogWorker:Storage Directory /workdir/hadoop-ozone/integration-test/target/test-dir/MiniOzoneClusterImpl-60a45d56-0b46-4bc8-bc0f-04071af02df0/datanode-0/data/ratis/aa76d3f7-f15b-4203-b110-125e9a69cb37 close()
2019-08-29 11:40:49,914 [main] INFO  segmented.SegmentedRaftLogWorker (SegmentedRaftLogWorker.java:close(228)) - 080d8b78-b76d-4b3c-b093-271222147c90-SegmentedRaftLogWorker:Storage Directory /workdir/hadoop-ozone/integration-test/target/test-dir/MiniOzoneClusterImpl-60a45d56-0b46-4bc8-bc0f-04071af02df0/datanode-3/data/ratis/7816c560-67b6-4f08-beeb-0b6529596dfa close()
2019-08-29 11:40:49,917 [ForkJoinPool.commonPool-worker-0] INFO  impl.RaftServerImpl (RaftServerImpl.java:lambda$shutdown$3(245)) - b53f6902-efbc-4527-b99b-6ae0f6edb4d4: shutdown group-A95AA32445B4
2019-08-29 11:40:49,921 [main] INFO  impl.RaftServerImpl (RaftServerImpl.java:lambda$shutdown$3(245)) - 080d8b78-b76d-4b3c-b093-271222147c90: shutdown group-6B313B842511
2019-08-29 11:40:49,921 [ForkJoinPool.commonPool-worker-0] INFO  util.JmxRegister (JmxRegister.java:unregister(73)) - Successfully un-registered JMX Bean with object name Ratis:service=RaftServer,group=group-A95AA32445B4,id=b53f6902-efbc-4527-b99b-6ae0f6edb4d4
2019-08-29 11:40:49,921 [main] INFO  util.JmxRegister (JmxRegister.java:unregister(73)) - Successfully un-registered JMX Bean with object name Ratis:service=RaftServer,group=group-6B313B842511,id=080d8b78-b76d-4b3c-b093-271222147c90
2019-08-29 11:40:49,922 [ForkJoinPool.commonPool-worker-0] INFO  impl.RoleInfo (RoleInfo.java:shutdownLeaderState(104)) - b53f6902-efbc-4527-b99b-6ae0f6edb4d4: shutdown LeaderState
2019-08-29 11:40:49,922 [main] INFO  impl.RoleInfo (RoleInfo.java:shutdownLeaderState(104)) - 080d8b78-b76d-4b3c-b093-271222147c90: shutdown LeaderState
2019-08-29 11:40:49,923 [ForkJoinPool.commonPool-worker-0] INFO  impl.PendingRequests (PendingRequests.java:sendNotLeaderResponses(202)) - b53f6902-efbc-4527-b99b-6ae0f6edb4d4-PendingRequests: sendNotLeaderResponses
2019-08-29 11:40:49,923 [main] INFO  impl.PendingRequests (PendingRequests.java:sendNotLeaderResponses(202)) - 080d8b78-b76d-4b3c-b093-271222147c90-PendingRequests: sendNotLeaderResponses
2019-08-29 11:40:49,923 [ForkJoinPool.commonPool-worker-0] INFO  impl.StateMachineUpdater (StateMachineUpdater.java:stopAndJoin(115)) - StateMachineUpdater:b53f6902-efbc-4527-b99b-6ae0f6edb4d4:group-A95AA32445B4: set stopIndex = 0
2019-08-29 11:40:49,924 [main] INFO  impl.StateMachineUpdater (StateMachineUpdater.java:stopAndJoin(115)) - StateMachineUpdater:080d8b78-b76d-4b3c-b093-271222147c90:group-6B313B842511: set stopIndex = 0
2019-08-29 11:40:49,924 [ForkJoinPool.commonPool-worker-0] INFO  impl.RaftServerImpl (ServerState.java:close(394)) - b53f6902-efbc-4527-b99b-6ae0f6edb4d4:group-A95AA32445B4 closes. The last applied log index is 0
2019-08-29 11:40:49,924 [main] INFO  impl.RaftServerImpl (ServerState.java:close(394)) - 080d8b78-b76d-4b3c-b093-271222147c90:group-6B313B842511 closes. The last applied log index is 0
2019-08-29 11:40:49,925 [b53f6902-efbc-4527-b99b-6ae0f6edb4d4-SegmentedRaftLogWorker:Storage Directory /workdir/hadoop-ozone/integration-test/target/test-dir/MiniOzoneClusterImpl-60a45d56-0b46-4bc8-bc0f-04071af02df0/datanode-0/data/ratis/558e2696-cba3-4565-bb99-a95aa32445b4] INFO  segmented.SegmentedRaftLogWorker (SegmentedRaftLogWorker.java:run(313)) - b53f6902-efbc-4527-b99b-6ae0f6edb4d4-SegmentedRaftLogWorker:Storage Directory /workdir/hadoop-ozone/integration-test/target/test-dir/MiniOzoneClusterImpl-60a45d56-0b46-4bc8-bc0f-04071af02df0/datanode-0/data/ratis/558e2696-cba3-4565-bb99-a95aa32445b4 was interrupted, exiting. There are 0 tasks remaining in the queue.
2019-08-29 11:40:49,925 [080d8b78-b76d-4b3c-b093-271222147c90-SegmentedRaftLogWorker:Storage Directory /workdir/hadoop-ozone/integration-test/target/test-dir/MiniOzoneClusterImpl-60a45d56-0b46-4bc8-bc0f-04071af02df0/datanode-3/data/ratis/8f8da91e-1bb0-4f40-88c1-6b313b842511] INFO  segmented.SegmentedRaftLogWorker (SegmentedRaftLogWorker.java:run(313)) - 080d8b78-b76d-4b3c-b093-271222147c90-SegmentedRaftLogWorker:Storage Directory /workdir/hadoop-ozone/integration-test/target/test-dir/MiniOzoneClusterImpl-60a45d56-0b46-4bc8-bc0f-04071af02df0/datanode-3/data/ratis/8f8da91e-1bb0-4f40-88c1-6b313b842511 was interrupted, exiting. There are 0 tasks remaining in the queue.
2019-08-29 11:40:49,927 [ForkJoinPool.commonPool-worker-0] INFO  segmented.SegmentedRaftLogWorker (SegmentedRaftLogWorker.java:close(228)) - b53f6902-efbc-4527-b99b-6ae0f6edb4d4-SegmentedRaftLogWorker:Storage Directory /workdir/hadoop-ozone/integration-test/target/test-dir/MiniOzoneClusterImpl-60a45d56-0b46-4bc8-bc0f-04071af02df0/datanode-0/data/ratis/558e2696-cba3-4565-bb99-a95aa32445b4 close()
2019-08-29 11:40:49,929 [main] INFO  segmented.SegmentedRaftLogWorker (SegmentedRaftLogWorker.java:close(228)) - 080d8b78-b76d-4b3c-b093-271222147c90-SegmentedRaftLogWorker:Storage Directory /workdir/hadoop-ozone/integration-test/target/test-dir/MiniOzoneClusterImpl-60a45d56-0b46-4bc8-bc0f-04071af02df0/datanode-3/data/ratis/8f8da91e-1bb0-4f40-88c1-6b313b842511 close()
2019-08-29 11:40:49,937 [ForkJoinPool.commonPool-worker-0] INFO  server.GrpcService (GrpcService.java:closeImpl(155)) - b53f6902-efbc-4527-b99b-6ae0f6edb4d4: shutdown server with port 41080 now
2019-08-29 11:40:49,939 [main] INFO  server.GrpcService (GrpcService.java:closeImpl(155)) - 080d8b78-b76d-4b3c-b093-271222147c90: shutdown server with port 36691 now
2019-08-29 11:40:49,939 [ForkJoinPool.commonPool-worker-0] INFO  server.GrpcService (GrpcService.java:closeImpl(163)) - b53f6902-efbc-4527-b99b-6ae0f6edb4d4: shutdown server with port 41080 successfully
2019-08-29 11:40:49,942 [grpc-default-executor-6] WARN  server.GrpcServerProtocolService (LogUtils.java:warn(134)) - 080d8b78-b76d-4b3c-b093-271222147c90: appendEntries onError: org.apache.ratis.thirdparty.io.grpc.StatusRuntimeException: CANCELLED: cancelled before receiving half close
2019-08-29 11:40:49,942 [grpc-default-executor-7] WARN  server.GrpcLogAppender (LogUtils.java:warn(134)) - 173b4405-db9a-4ec1-ad57-661f797ffe9b->080d8b78-b76d-4b3c-b093-271222147c90: Failed appendEntries: org.apache.ratis.thirdparty.io.grpc.StatusRuntimeException: CANCELLED: HTTP/2 error code: CANCEL
Received Rst Stream
2019-08-29 11:40:49,942 [main] INFO  server.GrpcService (GrpcService.java:closeImpl(163)) - 080d8b78-b76d-4b3c-b093-271222147c90: shutdown server with port 36691 successfully
2019-08-29 11:40:49,942 [grpc-default-executor-7] INFO  impl.FollowerInfo (FollowerInfo.java:lambda$new$0(50)) - 173b4405-db9a-4ec1-ad57-661f797ffe9b->080d8b78-b76d-4b3c-b093-271222147c90: nextIndex: updateUnconditionally 18 -> 17
2019-08-29 11:40:49,942 [ForkJoinPool.commonPool-worker-0] INFO  utils.BackgroundService (BackgroundService.java:shutdown(148)) - Shutting down service BlockDeletingService
2019-08-29 11:40:49,944 [refreshUsed-/workdir/hadoop-ozone/integration-test/target/test-dir/MiniOzoneClusterImpl-60a45d56-0b46-4bc8-bc0f-04071af02df0/datanode-0/data/containers] WARN  fs.CachingGetSpaceUsed (CachingGetSpaceUsed.java:run(183)) - Thread Interrupted waiting to refresh disk information: sleep interrupted
2019-08-29 11:40:49,949 [main] INFO  utils.BackgroundService (BackgroundService.java:shutdown(148)) - Shutting down service BlockDeletingService
2019-08-29 11:40:49,951 [refreshUsed-/workdir/hadoop-ozone/integration-test/target/test-dir/MiniOzoneClusterImpl-60a45d56-0b46-4bc8-bc0f-04071af02df0/datanode-3/data/containers] WARN  fs.CachingGetSpaceUsed (CachingGetSpaceUsed.java:run(183)) - Thread Interrupted waiting to refresh disk information: sleep interrupted
2019-08-29 11:40:49,969 [ForkJoinPool.commonPool-worker-0] INFO  statemachine.DatanodeStateMachine (DatanodeStateMachine.java:stopDaemon(395)) - Ozone container server stopped.
2019-08-29 11:40:49,973 [ForkJoinPool.commonPool-worker-0] INFO  handler.ContextHandler (ContextHandler.java:doStop(910)) - Stopped o.e.j.w.WebAppContext@172ca6a{/,null,UNAVAILABLE}{/hddsDatanode}
2019-08-29 11:40:49,974 [ForkJoinPool.commonPool-worker-0] INFO  server.AbstractConnector (AbstractConnector.java:doStop(318)) - Stopped ServerConnector@174e5929{HTTP/1.1,[http/1.1]}{0.0.0.0:0}
2019-08-29 11:40:49,977 [main] INFO  statemachine.DatanodeStateMachine (DatanodeStateMachine.java:stopDaemon(395)) - Ozone container server stopped.
2019-08-29 11:40:49,979 [ForkJoinPool.commonPool-worker-0] INFO  handler.ContextHandler (ContextHandler.java:doStop(910)) - Stopped o.e.j.s.ServletContextHandler@5c883b3f{/static,jar:file:/home/user/.m2/repository/org/apache/hadoop/hadoop-hdds-container-service/0.5.0-SNAPSHOT/hadoop-hdds-container-service-0.5.0-SNAPSHOT.jar!/webapps/static,UNAVAILABLE}
2019-08-29 11:40:49,981 [ForkJoinPool.commonPool-worker-0] INFO  handler.ContextHandler (ContextHandler.java:doStop(910)) - Stopped o.e.j.s.ServletContextHandler@77732366{/logs,file:///workdir/hadoop-ozone/integration-test/target/log,UNAVAILABLE}
2019-08-29 11:40:49,981 [main] INFO  handler.ContextHandler (ContextHandler.java:doStop(910)) - Stopped o.e.j.w.WebAppContext@37f687c1{/,null,UNAVAILABLE}{/hddsDatanode}
2019-08-29 11:40:49,981 [ForkJoinPool.commonPool-worker-0] INFO  datanode.ObjectStoreHandler (ObjectStoreHandler.java:close(155)) - Closing ObjectStoreHandler.
2019-08-29 11:40:49,982 [ForkJoinPool.commonPool-worker-0] INFO  ozone.HddsDatanodeService (HddsDatanodeService.java:stop(451)) - Stopped plug-in org.apache.hadoop.ozone.web.OzoneHddsDatanodeService@ecc5101
2019-08-29 11:40:49,982 [main] INFO  server.AbstractConnector (AbstractConnector.java:doStop(318)) - Stopped ServerConnector@297da2c3{HTTP/1.1,[http/1.1]}{0.0.0.0:0}
2019-08-29 11:40:49,982 [main] INFO  handler.ContextHandler (ContextHandler.java:doStop(910)) - Stopped o.e.j.s.ServletContextHandler@24710e61{/static,jar:file:/home/user/.m2/repository/org/apache/hadoop/hadoop-hdds-container-service/0.5.0-SNAPSHOT/hadoop-hdds-container-service-0.5.0-SNAPSHOT.jar!/webapps/static,UNAVAILABLE}
2019-08-29 11:40:49,982 [main] INFO  handler.ContextHandler (ContextHandler.java:doStop(910)) - Stopped o.e.j.s.ServletContextHandler@517d68b8{/logs,file:///workdir/hadoop-ozone/integration-test/target/log,UNAVAILABLE}
2019-08-29 11:40:49,983 [main] INFO  datanode.ObjectStoreHandler (ObjectStoreHandler.java:close(155)) - Closing ObjectStoreHandler.
2019-08-29 11:40:49,984 [main] INFO  ozone.HddsDatanodeService (HddsDatanodeService.java:stop(451)) - Stopped plug-in org.apache.hadoop.ozone.web.OzoneHddsDatanodeService@68abf2ad
2019-08-29 11:40:50,060 [grpc-default-executor-10] WARN  server.GrpcLogAppender (LogUtils.java:warn(134)) - 173b4405-db9a-4ec1-ad57-661f797ffe9b->c2005dcb-bacc-4d06-90c0-f8ae32e9f9ba: Failed appendEntries: org.apache.ratis.thirdparty.io.grpc.StatusRuntimeException: UNAVAILABLE: io exception
2019-08-29 11:40:50,060 [grpc-default-executor-9] WARN  server.GrpcLogAppender (LogUtils.java:warn(134)) - 173b4405-db9a-4ec1-ad57-661f797ffe9b->080d8b78-b76d-4b3c-b093-271222147c90: Failed appendEntries: org.apache.ratis.thirdparty.io.grpc.StatusRuntimeException: UNAVAILABLE: io exception
2019-08-29 11:40:50,061 [grpc-default-executor-10] INFO  impl.FollowerInfo (FollowerInfo.java:lambda$new$0(50)) - 173b4405-db9a-4ec1-ad57-661f797ffe9b->c2005dcb-bacc-4d06-90c0-f8ae32e9f9ba: nextIndex: updateUnconditionally 14 -> 13
2019-08-29 11:40:50,061 [grpc-default-executor-9] INFO  impl.FollowerInfo (FollowerInfo.java:lambda$new$0(50)) - 173b4405-db9a-4ec1-ad57-661f797ffe9b->080d8b78-b76d-4b3c-b093-271222147c90: nextIndex: updateUnconditionally 17 -> 16
2019-08-29 11:40:50,397 [Datanode State Machine Thread - 0] INFO  statemachine.DatanodeStateMachine (DatanodeStateMachine.java:lambda$startDaemon$0(350)) - Ozone container server started.
2019-08-29 11:40:50,590 [Datanode State Machine Thread - 0] INFO  statemachine.DatanodeStateMachine (DatanodeStateMachine.java:lambda$startDaemon$0(350)) - Ozone container server started.
2019-08-29 11:40:52,560 [grpc-default-executor-9] WARN  server.GrpcLogAppender (LogUtils.java:warn(134)) - 173b4405-db9a-4ec1-ad57-661f797ffe9b->c2005dcb-bacc-4d06-90c0-f8ae32e9f9ba: Failed appendEntries: org.apache.ratis.thirdparty.io.grpc.StatusRuntimeException: UNAVAILABLE: io exception
2019-08-29 11:40:52,561 [grpc-default-executor-5] WARN  server.GrpcLogAppender (LogUtils.java:warn(134)) - 173b4405-db9a-4ec1-ad57-661f797ffe9b->080d8b78-b76d-4b3c-b093-271222147c90: Failed appendEntries: org.apache.ratis.thirdparty.io.grpc.StatusRuntimeException: UNAVAILABLE: io exception
2019-08-29 11:40:52,561 [grpc-default-executor-9] INFO  impl.FollowerInfo (FollowerInfo.java:lambda$new$0(50)) - 173b4405-db9a-4ec1-ad57-661f797ffe9b->c2005dcb-bacc-4d06-90c0-f8ae32e9f9ba: nextIndex: updateUnconditionally 13 -> 12
2019-08-29 11:40:52,561 [grpc-default-executor-5] INFO  impl.FollowerInfo (FollowerInfo.java:lambda$new$0(50)) - 173b4405-db9a-4ec1-ad57-661f797ffe9b->080d8b78-b76d-4b3c-b093-271222147c90: nextIndex: updateUnconditionally 16 -> 15
2019-08-29 11:40:54,453 [EventQueue-StaleNodeForStaleNodeHandler] INFO  node.StaleNodeHandler (StaleNodeHandler.java:onMessage(58)) - Datanode eec2788d-61ce-476f-8498-1c0940795640{ip: 192.168.5.166, host: pr-hdds-2030-qplxq-3692370286, networkLocation: /default-rack, certSerialId: null} moved to stale state. Finalizing its pipelines [PipelineID=ecc0bf4c-1431-424d-83ca-216c9dd6ad67]
2019-08-29 11:40:54,453 [EventQueue-StaleNodeForStaleNodeHandler] INFO  pipeline.SCMPipelineManager (SCMPipelineManager.java:finalizeAndDestroyPipeline(309)) - destroying pipeline:Pipeline[ Id: ecc0bf4c-1431-424d-83ca-216c9dd6ad67, Nodes: eec2788d-61ce-476f-8498-1c0940795640{ip: 192.168.5.166, host: pr-hdds-2030-qplxq-3692370286, networkLocation: /default-rack, certSerialId: null}, Type:RATIS, Factor:ONE, State:OPEN]
2019-08-29 11:40:54,453 [EventQueue-StaleNodeForStaleNodeHandler] INFO  pipeline.PipelineStateManager (PipelineStateManager.java:finalizePipeline(123)) - Pipeline Pipeline[ Id: ecc0bf4c-1431-424d-83ca-216c9dd6ad67, Nodes: eec2788d-61ce-476f-8498-1c0940795640{ip: 192.168.5.166, host: pr-hdds-2030-qplxq-3692370286, networkLocation: /default-rack, certSerialId: null}, Type:RATIS, Factor:ONE, State:CLOSED] moved to CLOSED state
2019-08-29 11:40:54,653 [EventQueue-StaleNodeForStaleNodeHandler] INFO  node.StaleNodeHandler (StaleNodeHandler.java:onMessage(58)) - Datanode 173b4405-db9a-4ec1-ad57-661f797ffe9b{ip: 192.168.5.166, host: pr-hdds-2030-qplxq-3692370286, networkLocation: /default-rack, certSerialId: null} moved to stale state. Finalizing its pipelines [PipelineID=ee6a0d4c-a679-4a7f-84f1-bb9433e9564f, PipelineID=7816c560-67b6-4f08-beeb-0b6529596dfa]
2019-08-29 11:40:54,653 [EventQueue-StaleNodeForStaleNodeHandler] INFO  pipeline.SCMPipelineManager (SCMPipelineManager.java:finalizeAndDestroyPipeline(309)) - destroying pipeline:Pipeline[ Id: ee6a0d4c-a679-4a7f-84f1-bb9433e9564f, Nodes: 173b4405-db9a-4ec1-ad57-661f797ffe9b{ip: 192.168.5.166, host: pr-hdds-2030-qplxq-3692370286, networkLocation: /default-rack, certSerialId: null}, Type:RATIS, Factor:ONE, State:OPEN]
2019-08-29 11:40:54,654 [EventQueue-StaleNodeForStaleNodeHandler] INFO  pipeline.PipelineStateManager (PipelineStateManager.java:finalizePipeline(123)) - Pipeline Pipeline[ Id: ee6a0d4c-a679-4a7f-84f1-bb9433e9564f, Nodes: 173b4405-db9a-4ec1-ad57-661f797ffe9b{ip: 192.168.5.166, host: pr-hdds-2030-qplxq-3692370286, networkLocation: /default-rack, certSerialId: null}, Type:RATIS, Factor:ONE, State:CLOSED] moved to CLOSED state
2019-08-29 11:40:54,654 [EventQueue-StaleNodeForStaleNodeHandler] INFO  pipeline.SCMPipelineManager (SCMPipelineManager.java:finalizeAndDestroyPipeline(309)) - destroying pipeline:Pipeline[ Id: 7816c560-67b6-4f08-beeb-0b6529596dfa, Nodes: 080d8b78-b76d-4b3c-b093-271222147c90{ip: 192.168.5.166, host: pr-hdds-2030-qplxq-3692370286, networkLocation: /default-rack, certSerialId: null}173b4405-db9a-4ec1-ad57-661f797ffe9b{ip: 192.168.5.166, host: pr-hdds-2030-qplxq-3692370286, networkLocation: /default-rack, certSerialId: null}c2005dcb-bacc-4d06-90c0-f8ae32e9f9ba{ip: 192.168.5.166, host: pr-hdds-2030-qplxq-3692370286, networkLocation: /default-rack, certSerialId: null}, Type:RATIS, Factor:THREE, State:CLOSED]
2019-08-29 11:40:54,982 [ForkJoinPool.commonPool-worker-0] INFO  ozoneimpl.OzoneContainer (OzoneContainer.java:stop(199)) - Attempting to stop container services.
2019-08-29 11:40:54,983 [ForkJoinPool.commonPool-worker-0] INFO  impl.RaftServerProxy (RaftServerProxy.java:lambda$close$4(314)) - eec2788d-61ce-476f-8498-1c0940795640: close
2019-08-29 11:40:54,983 [ForkJoinPool.commonPool-worker-0] INFO  impl.RaftServerImpl (RaftServerImpl.java:lambda$shutdown$3(245)) - eec2788d-61ce-476f-8498-1c0940795640: shutdown group-216C9DD6AD67
2019-08-29 11:40:54,983 [ForkJoinPool.commonPool-worker-0] INFO  util.JmxRegister (JmxRegister.java:unregister(73)) - Successfully un-registered JMX Bean with object name Ratis:service=RaftServer,group=group-216C9DD6AD67,id=eec2788d-61ce-476f-8498-1c0940795640
2019-08-29 11:40:54,984 [ForkJoinPool.commonPool-worker-0] INFO  impl.RoleInfo (RoleInfo.java:shutdownLeaderState(104)) - eec2788d-61ce-476f-8498-1c0940795640: shutdown LeaderState
2019-08-29 11:40:54,984 [ForkJoinPool.commonPool-worker-0] INFO  impl.PendingRequests (PendingRequests.java:sendNotLeaderResponses(202)) - eec2788d-61ce-476f-8498-1c0940795640-PendingRequests: sendNotLeaderResponses
2019-08-29 11:40:54,984 [main] INFO  ozoneimpl.OzoneContainer (OzoneContainer.java:stop(199)) - Attempting to stop container services.
2019-08-29 11:40:54,984 [ForkJoinPool.commonPool-worker-0] INFO  impl.StateMachineUpdater (StateMachineUpdater.java:stopAndJoin(115)) - StateMachineUpdater:eec2788d-61ce-476f-8498-1c0940795640:group-216C9DD6AD67: set stopIndex = 0
2019-08-29 11:40:54,985 [main] INFO  impl.RaftServerProxy (RaftServerProxy.java:lambda$close$4(314)) - 173b4405-db9a-4ec1-ad57-661f797ffe9b: close
2019-08-29 11:40:54,985 [ForkJoinPool.commonPool-worker-0] INFO  impl.RaftServerImpl (ServerState.java:close(394)) - eec2788d-61ce-476f-8498-1c0940795640:group-216C9DD6AD67 closes. The last applied log index is 0
2019-08-29 11:40:54,985 [main] INFO  impl.RaftServerImpl (RaftServerImpl.java:lambda$shutdown$3(245)) - 173b4405-db9a-4ec1-ad57-661f797ffe9b: shutdown group-BB9433E9564F
2019-08-29 11:40:54,986 [eec2788d-61ce-476f-8498-1c0940795640-SegmentedRaftLogWorker:Storage Directory /workdir/hadoop-ozone/integration-test/target/test-dir/MiniOzoneClusterImpl-60a45d56-0b46-4bc8-bc0f-04071af02df0/datanode-6/data/ratis/ecc0bf4c-1431-424d-83ca-216c9dd6ad67] INFO  segmented.SegmentedRaftLogWorker (SegmentedRaftLogWorker.java:run(313)) - eec2788d-61ce-476f-8498-1c0940795640-SegmentedRaftLogWorker:Storage Directory /workdir/hadoop-ozone/integration-test/target/test-dir/MiniOzoneClusterImpl-60a45d56-0b46-4bc8-bc0f-04071af02df0/datanode-6/data/ratis/ecc0bf4c-1431-424d-83ca-216c9dd6ad67 was interrupted, exiting. There are 0 tasks remaining in the queue.
2019-08-29 11:40:54,986 [main] INFO  util.JmxRegister (JmxRegister.java:unregister(73)) - Successfully un-registered JMX Bean with object name Ratis:service=RaftServer,group=group-BB9433E9564F,id=173b4405-db9a-4ec1-ad57-661f797ffe9b
2019-08-29 11:40:54,986 [ForkJoinPool.commonPool-worker-0] INFO  segmented.SegmentedRaftLogWorker (SegmentedRaftLogWorker.java:close(228)) - eec2788d-61ce-476f-8498-1c0940795640-SegmentedRaftLogWorker:Storage Directory /workdir/hadoop-ozone/integration-test/target/test-dir/MiniOzoneClusterImpl-60a45d56-0b46-4bc8-bc0f-04071af02df0/datanode-6/data/ratis/ecc0bf4c-1431-424d-83ca-216c9dd6ad67 close()
2019-08-29 11:40:54,986 [main] INFO  impl.RoleInfo (RoleInfo.java:shutdownLeaderState(104)) - 173b4405-db9a-4ec1-ad57-661f797ffe9b: shutdown LeaderState
2019-08-29 11:40:54,989 [ForkJoinPool.commonPool-worker-0] INFO  server.GrpcService (GrpcService.java:closeImpl(155)) - eec2788d-61ce-476f-8498-1c0940795640: shutdown server with port 44773 now
2019-08-29 11:40:54,989 [main] INFO  impl.PendingRequests (PendingRequests.java:sendNotLeaderResponses(202)) - 173b4405-db9a-4ec1-ad57-661f797ffe9b-PendingRequests: sendNotLeaderResponses
2019-08-29 11:40:54,989 [ForkJoinPool.commonPool-worker-0] INFO  server.GrpcService (GrpcService.java:closeImpl(163)) - eec2788d-61ce-476f-8498-1c0940795640: shutdown server with port 44773 successfully
2019-08-29 11:40:54,990 [main] INFO  impl.StateMachineUpdater (StateMachineUpdater.java:stopAndJoin(115)) - StateMachineUpdater:173b4405-db9a-4ec1-ad57-661f797ffe9b:group-BB9433E9564F: set stopIndex = 0
2019-08-29 11:40:54,990 [main] INFO  impl.RaftServerImpl (ServerState.java:close(394)) - 173b4405-db9a-4ec1-ad57-661f797ffe9b:group-BB9433E9564F closes. The last applied log index is 0
2019-08-29 11:40:54,991 [173b4405-db9a-4ec1-ad57-661f797ffe9b-SegmentedRaftLogWorker:Storage Directory /workdir/hadoop-ozone/integration-test/target/test-dir/MiniOzoneClusterImpl-60a45d56-0b46-4bc8-bc0f-04071af02df0/datanode-5/data/ratis/ee6a0d4c-a679-4a7f-84f1-bb9433e9564f] INFO  segmented.SegmentedRaftLogWorker (SegmentedRaftLogWorker.java:run(313)) - 173b4405-db9a-4ec1-ad57-661f797ffe9b-SegmentedRaftLogWorker:Storage Directory /workdir/hadoop-ozone/integration-test/target/test-dir/MiniOzoneClusterImpl-60a45d56-0b46-4bc8-bc0f-04071af02df0/datanode-5/data/ratis/ee6a0d4c-a679-4a7f-84f1-bb9433e9564f was interrupted, exiting. There are 0 tasks remaining in the queue.
2019-08-29 11:40:54,991 [ForkJoinPool.commonPool-worker-0] INFO  utils.BackgroundService (BackgroundService.java:shutdown(148)) - Shutting down service BlockDeletingService
2019-08-29 11:40:54,991 [main] INFO  segmented.SegmentedRaftLogWorker (SegmentedRaftLogWorker.java:close(228)) - 173b4405-db9a-4ec1-ad57-661f797ffe9b-SegmentedRaftLogWorker:Storage Directory /workdir/hadoop-ozone/integration-test/target/test-dir/MiniOzoneClusterImpl-60a45d56-0b46-4bc8-bc0f-04071af02df0/datanode-5/data/ratis/ee6a0d4c-a679-4a7f-84f1-bb9433e9564f close()
2019-08-29 11:40:54,993 [main] INFO  impl.RaftServerImpl (RaftServerImpl.java:lambda$shutdown$3(245)) - 173b4405-db9a-4ec1-ad57-661f797ffe9b: shutdown group-0B6529596DFA
2019-08-29 11:40:54,993 [main] INFO  util.JmxRegister (JmxRegister.java:unregister(73)) - Successfully un-registered JMX Bean with object name Ratis:service=RaftServer,group=group-0B6529596DFA,id=173b4405-db9a-4ec1-ad57-661f797ffe9b
2019-08-29 11:40:54,993 [main] INFO  impl.RoleInfo (RoleInfo.java:shutdownLeaderState(104)) - 173b4405-db9a-4ec1-ad57-661f797ffe9b: shutdown LeaderState
2019-08-29 11:40:54,993 [refreshUsed-/workdir/hadoop-ozone/integration-test/target/test-dir/MiniOzoneClusterImpl-60a45d56-0b46-4bc8-bc0f-04071af02df0/datanode-6/data/containers] WARN  fs.CachingGetSpaceUsed (CachingGetSpaceUsed.java:run(183)) - Thread Interrupted waiting to refresh disk information: sleep interrupted
2019-08-29 11:40:54,996 [org.apache.ratis.server.impl.LogAppender$AppenderDaemon$$Lambda$468/1042246684@7f7e7e80] WARN  server.GrpcLogAppender (GrpcLogAppender.java:mayWait(143)) - GrpcLogAppender(173b4405-db9a-4ec1-ad57-661f797ffe9b->c2005dcb-bacc-4d06-90c0-f8ae32e9f9ba): Wait interrupted by java.lang.InterruptedException
2019-08-29 11:40:54,996 [main] INFO  impl.PendingRequests (PendingRequests.java:sendNotLeaderResponses(202)) - 173b4405-db9a-4ec1-ad57-661f797ffe9b-PendingRequests: sendNotLeaderResponses
2019-08-29 11:40:54,996 [org.apache.ratis.server.impl.LogAppender$AppenderDaemon$$Lambda$468/1042246684@3a7ce7ab] WARN  server.GrpcLogAppender (GrpcLogAppender.java:mayWait(143)) - GrpcLogAppender(173b4405-db9a-4ec1-ad57-661f797ffe9b->080d8b78-b76d-4b3c-b093-271222147c90): Wait interrupted by java.lang.InterruptedException
2019-08-29 11:40:54,998 [main] INFO  impl.StateMachineUpdater (StateMachineUpdater.java:stopAndJoin(115)) - StateMachineUpdater:173b4405-db9a-4ec1-ad57-661f797ffe9b:group-0B6529596DFA: set stopIndex = 17
2019-08-29 11:40:54,998 [StateMachineUpdater:173b4405-db9a-4ec1-ad57-661f797ffe9b:group-0B6529596DFA] INFO  ratis.ContainerStateMachine (ContainerStateMachine.java:takeSnapshot(283)) - group-0B6529596DFA: Taking a snapshot at:(t:1, i:17) file /workdir/hadoop-ozone/integration-test/target/test-dir/MiniOzoneClusterImpl-60a45d56-0b46-4bc8-bc0f-04071af02df0/datanode-5/data/ratis/7816c560-67b6-4f08-beeb-0b6529596dfa/sm/snapshot.1_17
2019-08-29 11:40:55,017 [ForkJoinPool.commonPool-worker-0] INFO  statemachine.DatanodeStateMachine (DatanodeStateMachine.java:stopDaemon(395)) - Ozone container server stopped.
2019-08-29 11:40:55,022 [ForkJoinPool.commonPool-worker-0] INFO  handler.ContextHandler (ContextHandler.java:doStop(910)) - Stopped o.e.j.w.WebAppContext@4eda5325{/,null,UNAVAILABLE}{/hddsDatanode}
2019-08-29 11:40:55,023 [ForkJoinPool.commonPool-worker-0] INFO  server.AbstractConnector (AbstractConnector.java:doStop(318)) - Stopped ServerConnector@4eef8498{HTTP/1.1,[http/1.1]}{0.0.0.0:0}
2019-08-29 11:40:55,024 [StateMachineUpdater:173b4405-db9a-4ec1-ad57-661f797ffe9b:group-0B6529596DFA] INFO  ratis.ContainerStateMachine (ContainerStateMachine.java:takeSnapshot(294)) - group-0B6529596DFA: Finished taking a snapshot at:(t:1, i:17) file:/workdir/hadoop-ozone/integration-test/target/test-dir/MiniOzoneClusterImpl-60a45d56-0b46-4bc8-bc0f-04071af02df0/datanode-5/data/ratis/7816c560-67b6-4f08-beeb-0b6529596dfa/sm/snapshot.1_17 time:25
2019-08-29 11:40:55,025 [StateMachineUpdater:173b4405-db9a-4ec1-ad57-661f797ffe9b:group-0B6529596DFA] INFO  impl.StateMachineUpdater (StateMachineUpdater.java:takeSnapshot(242)) - StateMachineUpdater:173b4405-db9a-4ec1-ad57-661f797ffe9b:group-0B6529596DFA: Took a snapshot at index 17
2019-08-29 11:40:55,025 [StateMachineUpdater:173b4405-db9a-4ec1-ad57-661f797ffe9b:group-0B6529596DFA] INFO  impl.StateMachineUpdater (StateMachineUpdater.java:lambda$new$0(80)) - StateMachineUpdater:173b4405-db9a-4ec1-ad57-661f797ffe9b:group-0B6529596DFA: snapshotIndex: updateIncreasingly -1 -> 17
2019-08-29 11:40:55,025 [ForkJoinPool.commonPool-worker-0] INFO  handler.ContextHandler (ContextHandler.java:doStop(910)) - Stopped o.e.j.s.ServletContextHandler@5d6d6533{/static,jar:file:/home/user/.m2/repository/org/apache/hadoop/hadoop-hdds-container-service/0.5.0-SNAPSHOT/hadoop-hdds-container-service-0.5.0-SNAPSHOT.jar!/webapps/static,UNAVAILABLE}
2019-08-29 11:40:55,025 [main] INFO  impl.RaftServerImpl (ServerState.java:close(394)) - 173b4405-db9a-4ec1-ad57-661f797ffe9b:group-0B6529596DFA closes. The last applied log index is 17
2019-08-29 11:40:55,029 [ForkJoinPool.commonPool-worker-0] INFO  handler.ContextHandler (ContextHandler.java:doStop(910)) - Stopped o.e.j.s.ServletContextHandler@5c452e69{/logs,file:///workdir/hadoop-ozone/integration-test/target/log,UNAVAILABLE}
2019-08-29 11:40:55,030 [173b4405-db9a-4ec1-ad57-661f797ffe9b-SegmentedRaftLogWorker:Storage Directory /workdir/hadoop-ozone/integration-test/target/test-dir/MiniOzoneClusterImpl-60a45d56-0b46-4bc8-bc0f-04071af02df0/datanode-5/data/ratis/7816c560-67b6-4f08-beeb-0b6529596dfa] INFO  segmented.SegmentedRaftLogWorker (SegmentedRaftLogWorker.java:run(313)) - 173b4405-db9a-4ec1-ad57-661f797ffe9b-SegmentedRaftLogWorker:Storage Directory /workdir/hadoop-ozone/integration-test/target/test-dir/MiniOzoneClusterImpl-60a45d56-0b46-4bc8-bc0f-04071af02df0/datanode-5/data/ratis/7816c560-67b6-4f08-beeb-0b6529596dfa was interrupted, exiting. There are 0 tasks remaining in the queue.
2019-08-29 11:40:55,030 [main] INFO  segmented.SegmentedRaftLogWorker (SegmentedRaftLogWorker.java:close(228)) - 173b4405-db9a-4ec1-ad57-661f797ffe9b-SegmentedRaftLogWorker:Storage Directory /workdir/hadoop-ozone/integration-test/target/test-dir/MiniOzoneClusterImpl-60a45d56-0b46-4bc8-bc0f-04071af02df0/datanode-5/data/ratis/7816c560-67b6-4f08-beeb-0b6529596dfa close()
2019-08-29 11:40:55,035 [main] INFO  server.GrpcService (GrpcService.java:closeImpl(155)) - 173b4405-db9a-4ec1-ad57-661f797ffe9b: shutdown server with port 42293 now
2019-08-29 11:40:55,036 [grpc-default-executor-9] WARN  client.GrpcClientProtocolService (LogUtils.java:warn(134)) - 1-UnorderedRequestStreamObserver1: onError: org.apache.ratis.thirdparty.io.grpc.StatusRuntimeException: CANCELLED: cancelled before receiving half close
2019-08-29 11:40:55,036 [main] INFO  server.GrpcService (GrpcService.java:closeImpl(163)) - 173b4405-db9a-4ec1-ad57-661f797ffe9b: shutdown server with port 42293 successfully
2019-08-29 11:40:55,037 [main] INFO  utils.BackgroundService (BackgroundService.java:shutdown(148)) - Shutting down service BlockDeletingService
2019-08-29 11:40:55,040 [refreshUsed-/workdir/hadoop-ozone/integration-test/target/test-dir/MiniOzoneClusterImpl-60a45d56-0b46-4bc8-bc0f-04071af02df0/datanode-5/data/containers] WARN  fs.CachingGetSpaceUsed (CachingGetSpaceUsed.java:run(183)) - Thread Interrupted waiting to refresh disk information: sleep interrupted
2019-08-29 11:40:55,053 [main] INFO  statemachine.DatanodeStateMachine (DatanodeStateMachine.java:stopDaemon(395)) - Ozone container server stopped.
2019-08-29 11:40:55,054 [main] INFO  handler.ContextHandler (ContextHandler.java:doStop(910)) - Stopped o.e.j.w.WebAppContext@52db9036{/,null,UNAVAILABLE}{/hddsDatanode}
2019-08-29 11:40:55,055 [main] INFO  server.AbstractConnector (AbstractConnector.java:doStop(318)) - Stopped ServerConnector@76a90ecb{HTTP/1.1,[http/1.1]}{0.0.0.0:0}
2019-08-29 11:40:55,055 [main] INFO  handler.ContextHandler (ContextHandler.java:doStop(910)) - Stopped o.e.j.s.ServletContextHandler@1203c259{/static,jar:file:/home/user/.m2/repository/org/apache/hadoop/hadoop-hdds-container-service/0.5.0-SNAPSHOT/hadoop-hdds-container-service-0.5.0-SNAPSHOT.jar!/webapps/static,UNAVAILABLE}
2019-08-29 11:40:55,055 [main] INFO  handler.ContextHandler (ContextHandler.java:doStop(910)) - Stopped o.e.j.s.ServletContextHandler@6dabad5c{/logs,file:///workdir/hadoop-ozone/integration-test/target/log,UNAVAILABLE}
2019-08-29 11:40:55,056 [main] INFO  ozone.MiniOzoneClusterImpl (MiniOzoneClusterImpl.java:stop(353)) - Stopping the StorageContainerManager
2019-08-29 11:40:55,057 [main] INFO  server.StorageContainerManager (StorageContainerManager.java:stop(797)) - Stopping Replication Manager Service.
2019-08-29 11:40:55,057 [main] INFO  container.ReplicationManager (ReplicationManager.java:stop(193)) - Stopping Replication Monitor Thread.
2019-08-29 11:40:55,057 [main] INFO  server.StorageContainerManager (StorageContainerManager.java:stop(804)) - Stopping Lease Manager of the command watchers
2019-08-29 11:40:55,057 [main] INFO  server.StorageContainerManager (StorageContainerManager.java:stop(811)) - Stopping datanode service RPC server
2019-08-29 11:40:55,057 [main] INFO  server.SCMDatanodeProtocolServer (SCMDatanodeProtocolServer.java:stop(367)) - Stopping the RPC server for DataNodes
2019-08-29 11:40:55,057 [main] INFO  ipc.Server (Server.java:stop(3082)) - Stopping server on 43974
2019-08-29 11:40:55,059 [IPC Server listener on 43974] INFO  ipc.Server (Server.java:run(1185)) - Stopping IPC Server listener on 43974
2019-08-29 11:40:55,059 [IPC Server Responder] INFO  ipc.Server (Server.java:run(1319)) - Stopping IPC Server Responder
2019-08-29 11:40:55,154 [SCM Heartbeat Processing Thread - 0] WARN  node.NodeStateManager (NodeStateManager.java:scheduleNextHealthCheck(646)) - Current Thread is interrupted, shutting down HB processing thread for Node Manager.
2019-08-29 11:40:55,154 [main] INFO  server.StorageContainerManager (StorageContainerManager.java:stop(819)) - Stopping block service RPC server
2019-08-29 11:40:55,154 [main] INFO  server.SCMBlockProtocolServer (SCMBlockProtocolServer.java:stop(148)) - Stopping the RPC server for Block Protocol
2019-08-29 11:40:55,155 [main] INFO  ipc.Server (Server.java:stop(3082)) - Stopping server on 35639
2019-08-29 11:40:55,156 [IPC Server listener on 35639] INFO  ipc.Server (Server.java:run(1185)) - Stopping IPC Server listener on 35639
2019-08-29 11:40:55,156 [main] INFO  server.StorageContainerManager (StorageContainerManager.java:stop(826)) - Stopping the StorageContainerLocationProtocol RPC server
2019-08-29 11:40:55,158 [main] INFO  server.SCMClientProtocolServer (SCMClientProtocolServer.java:stop(159)) - Stopping the RPC server for Client Protocol
2019-08-29 11:40:55,158 [main] INFO  ipc.Server (Server.java:stop(3082)) - Stopping server on 46136
2019-08-29 11:40:55,158 [IPC Server Responder] INFO  ipc.Server (Server.java:run(1319)) - Stopping IPC Server Responder
2019-08-29 11:40:55,159 [IPC Server listener on 46136] INFO  ipc.Server (Server.java:run(1185)) - Stopping IPC Server listener on 46136
2019-08-29 11:40:55,159 [main] INFO  server.StorageContainerManager (StorageContainerManager.java:stop(833)) - Stopping Storage Container Manager HTTP server.
2019-08-29 11:40:55,161 [IPC Server Responder] INFO  ipc.Server (Server.java:run(1319)) - Stopping IPC Server Responder
2019-08-29 11:40:55,162 [main] INFO  handler.ContextHandler (ContextHandler.java:doStop(910)) - Stopped o.e.j.w.WebAppContext@530aa75c{/,null,UNAVAILABLE}{/scm}
2019-08-29 11:40:55,162 [main] INFO  server.AbstractConnector (AbstractConnector.java:doStop(318)) - Stopped ServerConnector@593d0173{HTTP/1.1,[http/1.1]}{0.0.0.0:0}
2019-08-29 11:40:55,163 [main] INFO  handler.ContextHandler (ContextHandler.java:doStop(910)) - Stopped o.e.j.s.ServletContextHandler@6b72c62{/static,file:///workdir/hadoop-ozone/integration-test/target/test-classes/webapps/static,UNAVAILABLE}
2019-08-29 11:40:55,163 [main] INFO  handler.ContextHandler (ContextHandler.java:doStop(910)) - Stopped o.e.j.s.ServletContextHandler@655875bb{/logs,file:///workdir/hadoop-ozone/integration-test/target/log,UNAVAILABLE}
2019-08-29 11:40:55,164 [main] INFO  server.StorageContainerManager (StorageContainerManager.java:stop(844)) - Stopping Block Manager Service.
2019-08-29 11:40:55,164 [main] INFO  utils.BackgroundService (BackgroundService.java:shutdown(148)) - Shutting down service SCMBlockDeletingService
2019-08-29 11:40:55,164 [main] INFO  utils.BackgroundService (BackgroundService.java:shutdown(148)) - Shutting down service SCMBlockDeletingService
2019-08-29 11:40:55,165 [main] INFO  server.StorageContainerManager (StorageContainerManager.java:stop(866)) - Stopping SCM Event Queue.
2019-08-29 11:40:55,169 [main] INFO  impl.MetricsSystemImpl (MetricsSystemImpl.java:stop(210)) - Stopping HddsDatanode metrics system...
2019-08-29 11:40:55,177 [main] INFO  impl.MetricsSystemImpl (MetricsSystemImpl.java:stop(216)) - HddsDatanode metrics system stopped.
]]></system-out>
    <system-err><![CDATA[Aug 29, 2019 11:40:06 AM com.sun.jersey.server.impl.application.WebApplicationImpl _initiate
INFO: Initiating Jersey application, version 'Jersey: 1.19 02/11/2015 03:25 AM'
Aug 29, 2019 11:40:07 AM com.sun.jersey.server.impl.application.WebApplicationImpl _initiate
INFO: Initiating Jersey application, version 'Jersey: 1.19 02/11/2015 03:25 AM'
Aug 29, 2019 11:40:07 AM com.sun.jersey.server.impl.application.WebApplicationImpl _initiate
INFO: Initiating Jersey application, version 'Jersey: 1.19 02/11/2015 03:25 AM'
Aug 29, 2019 11:40:07 AM com.sun.jersey.server.impl.application.WebApplicationImpl _initiate
INFO: Initiating Jersey application, version 'Jersey: 1.19 02/11/2015 03:25 AM'
Aug 29, 2019 11:40:07 AM com.sun.jersey.server.impl.application.WebApplicationImpl _initiate
INFO: Initiating Jersey application, version 'Jersey: 1.19 02/11/2015 03:25 AM'
Aug 29, 2019 11:40:08 AM com.sun.jersey.server.impl.application.WebApplicationImpl _initiate
INFO: Initiating Jersey application, version 'Jersey: 1.19 02/11/2015 03:25 AM'
Aug 29, 2019 11:40:08 AM com.sun.jersey.server.impl.application.WebApplicationImpl _initiate
INFO: Initiating Jersey application, version 'Jersey: 1.19 02/11/2015 03:25 AM'
Aug 29, 2019 11:40:11 AM org.apache.ratis.thirdparty.io.grpc.internal.ManagedChannelOrphanWrapper$ManagedChannelReference cleanQueue
SEVERE: *~*~*~ Channel ManagedChannelImpl{logId=2617, target=192.168.5.166:42564} was not shutdown properly!!! ~*~*~*
    Make sure to call shutdown()/shutdownNow() and wait until awaitTermination() returns true.
java.lang.RuntimeException: ManagedChannel allocation site
	at org.apache.ratis.thirdparty.io.grpc.internal.ManagedChannelOrphanWrapper$ManagedChannelReference.<init>(ManagedChannelOrphanWrapper.java:103)
	at org.apache.ratis.thirdparty.io.grpc.internal.ManagedChannelOrphanWrapper.<init>(ManagedChannelOrphanWrapper.java:53)
	at org.apache.ratis.thirdparty.io.grpc.internal.ManagedChannelOrphanWrapper.<init>(ManagedChannelOrphanWrapper.java:44)
	at org.apache.ratis.thirdparty.io.grpc.internal.AbstractManagedChannelImplBuilder.build(AbstractManagedChannelImplBuilder.java:411)
	at org.apache.hadoop.hdds.scm.XceiverClientGrpc.connectToDatanode(XceiverClientGrpc.java:174)
	at org.apache.hadoop.hdds.scm.XceiverClientGrpc.reconnect(XceiverClientGrpc.java:422)
	at org.apache.hadoop.hdds.scm.XceiverClientGrpc.sendCommandAsync(XceiverClientGrpc.java:371)
	at org.apache.hadoop.hdds.scm.XceiverClientGrpc.sendCommandWithRetry(XceiverClientGrpc.java:284)
	at org.apache.hadoop.hdds.scm.XceiverClientGrpc.sendCommandWithTraceIDAndRetry(XceiverClientGrpc.java:250)
	at org.apache.hadoop.hdds.scm.XceiverClientGrpc.sendCommand(XceiverClientGrpc.java:233)
	at org.apache.hadoop.hdds.scm.storage.ContainerProtocolCalls.getBlock(ContainerProtocolCalls.java:118)
	at org.apache.hadoop.hdds.scm.storage.BlockInputStream.getChunkInfos(BlockInputStream.java:167)
	at org.apache.hadoop.hdds.scm.storage.BlockInputStream.initialize(BlockInputStream.java:118)
	at org.apache.hadoop.hdds.scm.storage.BlockInputStream.read(BlockInputStream.java:222)
	at org.apache.hadoop.ozone.client.io.KeyInputStream.read(KeyInputStream.java:171)
	at org.apache.hadoop.ozone.client.io.OzoneInputStream.read(OzoneInputStream.java:47)
	at java.io.InputStream.read(InputStream.java:101)
	at org.apache.hadoop.ozone.container.ContainerTestHelper.validateData(ContainerTestHelper.java:713)
	at org.apache.hadoop.ozone.client.rpc.TestBlockOutputStreamWithFailures.validateData(TestBlockOutputStreamWithFailures.java:1216)
	at org.apache.hadoop.ozone.client.rpc.TestBlockOutputStreamWithFailures.testWatchForCommitWithSingleNodeRatis(TestBlockOutputStreamWithFailures.java:918)
	at sun.reflect.NativeMethodAccessorImpl.invoke0(Native Method)
	at sun.reflect.NativeMethodAccessorImpl.invoke(NativeMethodAccessorImpl.java:62)
	at sun.reflect.DelegatingMethodAccessorImpl.invoke(DelegatingMethodAccessorImpl.java:43)
	at java.lang.reflect.Method.invoke(Method.java:498)
	at org.junit.runners.model.FrameworkMethod$1.runReflectiveCall(FrameworkMethod.java:47)
	at org.junit.internal.runners.model.ReflectiveCallable.run(ReflectiveCallable.java:12)
	at org.junit.runners.model.FrameworkMethod.invokeExplosively(FrameworkMethod.java:44)
	at org.junit.internal.runners.statements.InvokeMethod.evaluate(InvokeMethod.java:17)
	at org.junit.internal.runners.statements.RunBefores.evaluate(RunBefores.java:26)
	at org.junit.internal.runners.statements.RunAfters.evaluate(RunAfters.java:27)
	at org.junit.runners.ParentRunner.runLeaf(ParentRunner.java:271)
	at org.junit.runners.BlockJUnit4ClassRunner.runChild(BlockJUnit4ClassRunner.java:70)
	at org.junit.runners.BlockJUnit4ClassRunner.runChild(BlockJUnit4ClassRunner.java:50)
	at org.junit.runners.ParentRunner$3.run(ParentRunner.java:238)
	at org.junit.runners.ParentRunner$1.schedule(ParentRunner.java:63)
	at org.junit.runners.ParentRunner.runChildren(ParentRunner.java:236)
	at org.junit.runners.ParentRunner.access$000(ParentRunner.java:53)
	at org.junit.runners.ParentRunner$2.evaluate(ParentRunner.java:229)
	at org.junit.runners.ParentRunner.run(ParentRunner.java:309)
	at org.apache.maven.surefire.junit4.JUnit4Provider.execute(JUnit4Provider.java:365)
	at org.apache.maven.surefire.junit4.JUnit4Provider.executeWithRerun(JUnit4Provider.java:273)
	at org.apache.maven.surefire.junit4.JUnit4Provider.executeTestSet(JUnit4Provider.java:238)
	at org.apache.maven.surefire.junit4.JUnit4Provider.invoke(JUnit4Provider.java:159)
	at org.apache.maven.surefire.booter.ForkedBooter.invokeProviderInSameClassLoader(ForkedBooter.java:384)
	at org.apache.maven.surefire.booter.ForkedBooter.runSuitesInProcess(ForkedBooter.java:345)
	at org.apache.maven.surefire.booter.ForkedBooter.execute(ForkedBooter.java:126)
	at org.apache.maven.surefire.booter.ForkedBooter.main(ForkedBooter.java:418)

Aug 29, 2019 11:40:11 AM org.apache.ratis.thirdparty.io.grpc.internal.ManagedChannelOrphanWrapper$ManagedChannelReference cleanQueue
SEVERE: *~*~*~ Channel ManagedChannelImpl{logId=2612, target=192.168.5.166:40636} was not shutdown properly!!! ~*~*~*
    Make sure to call shutdown()/shutdownNow() and wait until awaitTermination() returns true.
java.lang.RuntimeException: ManagedChannel allocation site
	at org.apache.ratis.thirdparty.io.grpc.internal.ManagedChannelOrphanWrapper$ManagedChannelReference.<init>(ManagedChannelOrphanWrapper.java:103)
	at org.apache.ratis.thirdparty.io.grpc.internal.ManagedChannelOrphanWrapper.<init>(ManagedChannelOrphanWrapper.java:53)
	at org.apache.ratis.thirdparty.io.grpc.internal.ManagedChannelOrphanWrapper.<init>(ManagedChannelOrphanWrapper.java:44)
	at org.apache.ratis.thirdparty.io.grpc.internal.AbstractManagedChannelImplBuilder.build(AbstractManagedChannelImplBuilder.java:411)
	at org.apache.hadoop.hdds.scm.XceiverClientGrpc.connectToDatanode(XceiverClientGrpc.java:174)
	at org.apache.hadoop.hdds.scm.XceiverClientGrpc.reconnect(XceiverClientGrpc.java:422)
	at org.apache.hadoop.hdds.scm.XceiverClientGrpc.sendCommandAsync(XceiverClientGrpc.java:371)
	at org.apache.hadoop.hdds.scm.XceiverClientGrpc.sendCommandWithRetry(XceiverClientGrpc.java:284)
	at org.apache.hadoop.hdds.scm.XceiverClientGrpc.sendCommandWithTraceIDAndRetry(XceiverClientGrpc.java:250)
	at org.apache.hadoop.hdds.scm.XceiverClientGrpc.sendCommand(XceiverClientGrpc.java:233)
	at org.apache.hadoop.hdds.scm.storage.ContainerProtocolCalls.getBlock(ContainerProtocolCalls.java:118)
	at org.apache.hadoop.hdds.scm.storage.BlockInputStream.getChunkInfos(BlockInputStream.java:167)
	at org.apache.hadoop.hdds.scm.storage.BlockInputStream.initialize(BlockInputStream.java:118)
	at org.apache.hadoop.hdds.scm.storage.BlockInputStream.read(BlockInputStream.java:222)
	at org.apache.hadoop.ozone.client.io.KeyInputStream.read(KeyInputStream.java:171)
	at org.apache.hadoop.ozone.client.io.OzoneInputStream.read(OzoneInputStream.java:47)
	at java.io.InputStream.read(InputStream.java:101)
	at org.apache.hadoop.ozone.container.ContainerTestHelper.validateData(ContainerTestHelper.java:713)
	at org.apache.hadoop.ozone.client.rpc.TestBlockOutputStreamWithFailures.validateData(TestBlockOutputStreamWithFailures.java:1216)
	at org.apache.hadoop.ozone.client.rpc.TestBlockOutputStreamWithFailures.testWatchForCommitWithSingleNodeRatis(TestBlockOutputStreamWithFailures.java:918)
	at sun.reflect.NativeMethodAccessorImpl.invoke0(Native Method)
	at sun.reflect.NativeMethodAccessorImpl.invoke(NativeMethodAccessorImpl.java:62)
	at sun.reflect.DelegatingMethodAccessorImpl.invoke(DelegatingMethodAccessorImpl.java:43)
	at java.lang.reflect.Method.invoke(Method.java:498)
	at org.junit.runners.model.FrameworkMethod$1.runReflectiveCall(FrameworkMethod.java:47)
	at org.junit.internal.runners.model.ReflectiveCallable.run(ReflectiveCallable.java:12)
	at org.junit.runners.model.FrameworkMethod.invokeExplosively(FrameworkMethod.java:44)
	at org.junit.internal.runners.statements.InvokeMethod.evaluate(InvokeMethod.java:17)
	at org.junit.internal.runners.statements.RunBefores.evaluate(RunBefores.java:26)
	at org.junit.internal.runners.statements.RunAfters.evaluate(RunAfters.java:27)
	at org.junit.runners.ParentRunner.runLeaf(ParentRunner.java:271)
	at org.junit.runners.BlockJUnit4ClassRunner.runChild(BlockJUnit4ClassRunner.java:70)
	at org.junit.runners.BlockJUnit4ClassRunner.runChild(BlockJUnit4ClassRunner.java:50)
	at org.junit.runners.ParentRunner$3.run(ParentRunner.java:238)
	at org.junit.runners.ParentRunner$1.schedule(ParentRunner.java:63)
	at org.junit.runners.ParentRunner.runChildren(ParentRunner.java:236)
	at org.junit.runners.ParentRunner.access$000(ParentRunner.java:53)
	at org.junit.runners.ParentRunner$2.evaluate(ParentRunner.java:229)
	at org.junit.runners.ParentRunner.run(ParentRunner.java:309)
	at org.apache.maven.surefire.junit4.JUnit4Provider.execute(JUnit4Provider.java:365)
	at org.apache.maven.surefire.junit4.JUnit4Provider.executeWithRerun(JUnit4Provider.java:273)
	at org.apache.maven.surefire.junit4.JUnit4Provider.executeTestSet(JUnit4Provider.java:238)
	at org.apache.maven.surefire.junit4.JUnit4Provider.invoke(JUnit4Provider.java:159)
	at org.apache.maven.surefire.booter.ForkedBooter.invokeProviderInSameClassLoader(ForkedBooter.java:384)
	at org.apache.maven.surefire.booter.ForkedBooter.runSuitesInProcess(ForkedBooter.java:345)
	at org.apache.maven.surefire.booter.ForkedBooter.execute(ForkedBooter.java:126)
	at org.apache.maven.surefire.booter.ForkedBooter.main(ForkedBooter.java:418)

Aug 29, 2019 11:40:11 AM org.apache.ratis.thirdparty.io.grpc.internal.ManagedChannelOrphanWrapper$ManagedChannelReference cleanQueue
SEVERE: *~*~*~ Channel ManagedChannelImpl{logId=2602, target=192.168.5.166:44696} was not shutdown properly!!! ~*~*~*
    Make sure to call shutdown()/shutdownNow() and wait until awaitTermination() returns true.
java.lang.RuntimeException: ManagedChannel allocation site
	at org.apache.ratis.thirdparty.io.grpc.internal.ManagedChannelOrphanWrapper$ManagedChannelReference.<init>(ManagedChannelOrphanWrapper.java:103)
	at org.apache.ratis.thirdparty.io.grpc.internal.ManagedChannelOrphanWrapper.<init>(ManagedChannelOrphanWrapper.java:53)
	at org.apache.ratis.thirdparty.io.grpc.internal.ManagedChannelOrphanWrapper.<init>(ManagedChannelOrphanWrapper.java:44)
	at org.apache.ratis.thirdparty.io.grpc.internal.AbstractManagedChannelImplBuilder.build(AbstractManagedChannelImplBuilder.java:411)
	at org.apache.ratis.grpc.client.GrpcClientProtocolClient.<init>(GrpcClientProtocolClient.java:119)
	at org.apache.ratis.grpc.client.GrpcClientRpc.lambda$new$0(GrpcClientRpc.java:55)
	at org.apache.ratis.util.PeerProxyMap$PeerAndProxy.lambda$getProxy$0(PeerProxyMap.java:61)
	at org.apache.ratis.util.LifeCycle.startAndTransition(LifeCycle.java:202)
	at org.apache.ratis.util.PeerProxyMap$PeerAndProxy.getProxy(PeerProxyMap.java:60)
	at org.apache.ratis.util.PeerProxyMap.getProxy(PeerProxyMap.java:107)
	at org.apache.ratis.grpc.client.GrpcClientRpc.sendRequestAsync(GrpcClientRpc.java:66)
	at org.apache.ratis.client.impl.OrderedAsync.sendRequest(OrderedAsync.java:208)
	at org.apache.ratis.client.impl.OrderedAsync.sendRequestWithRetry(OrderedAsync.java:169)
	at org.apache.ratis.util.SlidingWindow$Client.sendOrDelayRequest(SlidingWindow.java:278)
	at org.apache.ratis.util.SlidingWindow$Client.retry(SlidingWindow.java:294)
	at org.apache.ratis.client.impl.OrderedAsync.lambda$scheduleWithTimeout$7(OrderedAsync.java:195)
	at org.apache.ratis.util.TimeoutScheduler.lambda$onTimeout$0(TimeoutScheduler.java:85)
	at org.apache.ratis.util.TimeoutScheduler.lambda$onTimeout$1(TimeoutScheduler.java:104)
	at org.apache.ratis.util.LogUtils.runAndLog(LogUtils.java:50)
	at org.apache.ratis.util.LogUtils$1.run(LogUtils.java:91)
	at java.util.concurrent.Executors$RunnableAdapter.call(Executors.java:511)
	at java.util.concurrent.FutureTask.run(FutureTask.java:266)
	at java.util.concurrent.ScheduledThreadPoolExecutor$ScheduledFutureTask.access$201(ScheduledThreadPoolExecutor.java:180)
	at java.util.concurrent.ScheduledThreadPoolExecutor$ScheduledFutureTask.run(ScheduledThreadPoolExecutor.java:293)
	at java.util.concurrent.ThreadPoolExecutor.runWorker(ThreadPoolExecutor.java:1149)
	at java.util.concurrent.ThreadPoolExecutor$Worker.run(ThreadPoolExecutor.java:624)
	at java.lang.Thread.run(Thread.java:748)

Aug 29, 2019 11:40:11 AM org.apache.ratis.thirdparty.io.grpc.internal.ManagedChannelOrphanWrapper$ManagedChannelReference cleanQueue
SEVERE: *~*~*~ Channel ManagedChannelImpl{logId=2607, target=192.168.5.166:35869} was not shutdown properly!!! ~*~*~*
    Make sure to call shutdown()/shutdownNow() and wait until awaitTermination() returns true.
java.lang.RuntimeException: ManagedChannel allocation site
	at org.apache.ratis.thirdparty.io.grpc.internal.ManagedChannelOrphanWrapper$ManagedChannelReference.<init>(ManagedChannelOrphanWrapper.java:103)
	at org.apache.ratis.thirdparty.io.grpc.internal.ManagedChannelOrphanWrapper.<init>(ManagedChannelOrphanWrapper.java:53)
	at org.apache.ratis.thirdparty.io.grpc.internal.ManagedChannelOrphanWrapper.<init>(ManagedChannelOrphanWrapper.java:44)
	at org.apache.ratis.thirdparty.io.grpc.internal.AbstractManagedChannelImplBuilder.build(AbstractManagedChannelImplBuilder.java:411)
	at org.apache.ratis.grpc.client.GrpcClientProtocolClient.<init>(GrpcClientProtocolClient.java:119)
	at org.apache.ratis.grpc.client.GrpcClientRpc.lambda$new$0(GrpcClientRpc.java:55)
	at org.apache.ratis.util.PeerProxyMap$PeerAndProxy.lambda$getProxy$0(PeerProxyMap.java:61)
	at org.apache.ratis.util.LifeCycle.startAndTransition(LifeCycle.java:202)
	at org.apache.ratis.util.PeerProxyMap$PeerAndProxy.getProxy(PeerProxyMap.java:60)
	at org.apache.ratis.util.PeerProxyMap.getProxy(PeerProxyMap.java:107)
	at org.apache.ratis.grpc.client.GrpcClientRpc.sendRequestAsync(GrpcClientRpc.java:66)
	at org.apache.ratis.client.impl.OrderedAsync.sendRequest(OrderedAsync.java:208)
	at org.apache.ratis.client.impl.OrderedAsync.sendRequestWithRetry(OrderedAsync.java:169)
	at org.apache.ratis.util.SlidingWindow$Client.sendOrDelayRequest(SlidingWindow.java:278)
	at org.apache.ratis.util.SlidingWindow$Client.submitNewRequest(SlidingWindow.java:257)
	at org.apache.ratis.client.impl.OrderedAsync.send(OrderedAsync.java:155)
	at org.apache.ratis.client.impl.RaftClientImpl.sendAsync(RaftClientImpl.java:145)
	at org.apache.ratis.client.impl.RaftClientImpl.sendAsync(RaftClientImpl.java:125)
	at org.apache.hadoop.hdds.scm.XceiverClientRatis.sendRequestAsync(XceiverClientRatis.java:224)
	at org.apache.hadoop.hdds.scm.XceiverClientRatis.sendCommandAsync(XceiverClientRatis.java:302)
	at org.apache.hadoop.hdds.scm.storage.ContainerProtocolCalls.writeChunkAsync(ContainerProtocolCalls.java:310)
	at org.apache.hadoop.hdds.scm.storage.BlockOutputStream.writeChunkToContainer(BlockOutputStream.java:601)
	at org.apache.hadoop.hdds.scm.storage.BlockOutputStream.writeChunk(BlockOutputStream.java:459)
	at org.apache.hadoop.hdds.scm.storage.BlockOutputStream.writeOnRetry(BlockOutputStream.java:285)
	at org.apache.hadoop.ozone.client.io.BlockOutputStreamEntry.writeOnRetry(BlockOutputStreamEntry.java:200)
	at org.apache.hadoop.ozone.client.io.KeyOutputStream.handleWrite(KeyOutputStream.java:209)
	at org.apache.hadoop.ozone.client.io.KeyOutputStream.handleRetry(KeyOutputStream.java:376)
	at org.apache.hadoop.ozone.client.io.KeyOutputStream.handleException(KeyOutputStream.java:325)
	at org.apache.hadoop.ozone.client.io.KeyOutputStream.handleFlushOrClose(KeyOutputStream.java:448)
	at org.apache.hadoop.ozone.client.io.KeyOutputStream.handleWrite(KeyOutputStream.java:235)
	at org.apache.hadoop.ozone.client.io.KeyOutputStream.write(KeyOutputStream.java:193)
	at org.apache.hadoop.ozone.client.io.OzoneOutputStream.write(OzoneOutputStream.java:49)
	at java.io.OutputStream.write(OutputStream.java:75)
	at org.apache.hadoop.ozone.client.rpc.TestBlockOutputStreamWithFailures.testWatchForCommitWithSingleNodeRatis(TestBlockOutputStreamWithFailures.java:885)
	at sun.reflect.NativeMethodAccessorImpl.invoke0(Native Method)
	at sun.reflect.NativeMethodAccessorImpl.invoke(NativeMethodAccessorImpl.java:62)
	at sun.reflect.DelegatingMethodAccessorImpl.invoke(DelegatingMethodAccessorImpl.java:43)
	at java.lang.reflect.Method.invoke(Method.java:498)
	at org.junit.runners.model.FrameworkMethod$1.runReflectiveCall(FrameworkMethod.java:47)
	at org.junit.internal.runners.model.ReflectiveCallable.run(ReflectiveCallable.java:12)
	at org.junit.runners.model.FrameworkMethod.invokeExplosively(FrameworkMethod.java:44)
	at org.junit.internal.runners.statements.InvokeMethod.evaluate(InvokeMethod.java:17)
	at org.junit.internal.runners.statements.RunBefores.evaluate(RunBefores.java:26)
	at org.junit.internal.runners.statements.RunAfters.evaluate(RunAfters.java:27)
	at org.junit.runners.ParentRunner.runLeaf(ParentRunner.java:271)
	at org.junit.runners.BlockJUnit4ClassRunner.runChild(BlockJUnit4ClassRunner.java:70)
	at org.junit.runners.BlockJUnit4ClassRunner.runChild(BlockJUnit4ClassRunner.java:50)
	at org.junit.runners.ParentRunner$3.run(ParentRunner.java:238)
	at org.junit.runners.ParentRunner$1.schedule(ParentRunner.java:63)
	at org.junit.runners.ParentRunner.runChildren(ParentRunner.java:236)
	at org.junit.runners.ParentRunner.access$000(ParentRunner.java:53)
	at org.junit.runners.ParentRunner$2.evaluate(ParentRunner.java:229)
	at org.junit.runners.ParentRunner.run(ParentRunner.java:309)
	at org.apache.maven.surefire.junit4.JUnit4Provider.execute(JUnit4Provider.java:365)
	at org.apache.maven.surefire.junit4.JUnit4Provider.executeWithRerun(JUnit4Provider.java:273)
	at org.apache.maven.surefire.junit4.JUnit4Provider.executeTestSet(JUnit4Provider.java:238)
	at org.apache.maven.surefire.junit4.JUnit4Provider.invoke(JUnit4Provider.java:159)
	at org.apache.maven.surefire.booter.ForkedBooter.invokeProviderInSameClassLoader(ForkedBooter.java:384)
	at org.apache.maven.surefire.booter.ForkedBooter.runSuitesInProcess(ForkedBooter.java:345)
	at org.apache.maven.surefire.booter.ForkedBooter.execute(ForkedBooter.java:126)
	at org.apache.maven.surefire.booter.ForkedBooter.main(ForkedBooter.java:418)

]]></system-err>
  </testcase>
  <testcase name="testFailureWithPrimeSizedData" classname="org.apache.hadoop.ozone.client.rpc.TestBlockOutputStreamWithFailures" time="34.887"/>
  <testcase name="testWatchForCommitWithCloseContainerException" classname="org.apache.hadoop.ozone.client.rpc.TestBlockOutputStreamWithFailures" time="34.204"/>
  <testcase name="testExceptionDuringClose" classname="org.apache.hadoop.ozone.client.rpc.TestBlockOutputStreamWithFailures" time="33.855"/>
</testsuite>