<?xml version="1.0" encoding="UTF-8"?>
<testsuite xmlns:xsi="http://www.w3.org/2001/XMLSchema-instance" xsi:noNamespaceSchemaLocation="https://maven.apache.org/surefire/maven-surefire-plugin/xsd/surefire-test-report.xsd" name="org.apache.hadoop.ozone.client.rpc.TestBlockOutputStreamWithFailures" time="727.907" tests="8" errors="1" skipped="0" failures="0">
  <properties>
    <property name="awt.toolkit" value="sun.awt.X11.XToolkit"/>
    <property name="file.encoding.pkg" value="sun.io"/>
    <property name="java.specification.version" value="1.8"/>
    <property name="sun.cpu.isalist" value=""/>
    <property name="sun.jnu.encoding" value="UTF-8"/>
    <property name="java.class.path" value="/workdir/hadoop-ozone/integration-test/target/test-classes:/workdir/hadoop-ozone/integration-test/target/classes:/home/user/.m2/repository/org/apache/hadoop/hadoop-ozone-common/0.5.0-SNAPSHOT/hadoop-ozone-common-0.5.0-SNAPSHOT.jar:/home/user/.m2/repository/org/apache/commons/commons-compress/1.4.1/commons-compress-1.4.1.jar:/home/user/.m2/repository/org/tukaani/xz/1.0/xz-1.0.jar:/home/user/.m2/repository/org/apache/hadoop/hadoop-common/3.2.0/hadoop-common-3.2.0.jar:/home/user/.m2/repository/org/apache/hadoop/hadoop-hdfs/3.2.0/hadoop-hdfs-3.2.0.jar:/home/user/.m2/repository/org/apache/hadoop/hadoop-hdfs-client/3.2.0/hadoop-hdfs-client-3.2.0.jar:/home/user/.m2/repository/com/fasterxml/jackson/core/jackson-annotations/2.9.5/jackson-annotations-2.9.5.jar:/home/user/.m2/repository/org/apache/hadoop/hadoop-hdds-common/0.5.0-SNAPSHOT/hadoop-hdds-common-0.5.0-SNAPSHOT.jar:/home/user/.m2/repository/javax/annotation/javax.annotation-api/1.2/javax.annotation-api-1.2.jar:/home/user/.m2/repository/org/apache/ratis/ratis-server/0.4.0-78e95b9-SNAPSHOT/ratis-server-0.4.0-78e95b9-SNAPSHOT.jar:/home/user/.m2/repository/org/apache/ratis/ratis-thirdparty-misc/0.2.0/ratis-thirdparty-misc-0.2.0.jar:/home/user/.m2/repository/org/apache/ratis/ratis-proto/0.4.0-78e95b9-SNAPSHOT/ratis-proto-0.4.0-78e95b9-SNAPSHOT.jar:/home/user/.m2/repository/org/apache/ratis/ratis-common/0.4.0-78e95b9-SNAPSHOT/ratis-common-0.4.0-78e95b9-SNAPSHOT.jar:/home/user/.m2/repository/org/apache/ratis/ratis-client/0.4.0-78e95b9-SNAPSHOT/ratis-client-0.4.0-78e95b9-SNAPSHOT.jar:/home/user/.m2/repository/org/apache/ratis/ratis-metrics/0.4.0-78e95b9-SNAPSHOT/ratis-metrics-0.4.0-78e95b9-SNAPSHOT.jar:/home/user/.m2/repository/com/github/joshelser/dropwizard-metrics-hadoop-metrics2-reporter/0.1.2/dropwizard-metrics-hadoop-metrics2-reporter-0.1.2.jar:/home/user/.m2/repository/io/dropwizard/metrics/metrics-jvm/3.2.5/metrics-jvm-3.2.5.jar:/home/user/.m2/repository/io/dropwizard/metrics/metrics-ganglia/3.2.5/metrics-ganglia-3.2.5.jar:/home/user/.m2/repository/info/ganglia/gmetric4j/gmetric4j/1.0.7/gmetric4j-1.0.7.jar:/home/user/.m2/repository/org/apache/ratis/ratis-netty/0.4.0-78e95b9-SNAPSHOT/ratis-netty-0.4.0-78e95b9-SNAPSHOT.jar:/home/user/.m2/repository/org/apache/ratis/ratis-grpc/0.4.0-78e95b9-SNAPSHOT/ratis-grpc-0.4.0-78e95b9-SNAPSHOT.jar:/home/user/.m2/repository/org/rocksdb/rocksdbjni/6.0.1/rocksdbjni-6.0.1.jar:/home/user/.m2/repository/org/apache/logging/log4j/log4j-api/2.11.0/log4j-api-2.11.0.jar:/home/user/.m2/repository/org/apache/logging/log4j/log4j-core/2.11.0/log4j-core-2.11.0.jar:/home/user/.m2/repository/com/lmax/disruptor/3.4.2/disruptor-3.4.2.jar:/home/user/.m2/repository/org/apache/commons/commons-pool2/2.6.0/commons-pool2-2.6.0.jar:/home/user/.m2/repository/org/bouncycastle/bcpkix-jdk15on/1.60/bcpkix-jdk15on-1.60.jar:/home/user/.m2/repository/commons-validator/commons-validator/1.6/commons-validator-1.6.jar:/home/user/.m2/repository/commons-digester/commons-digester/1.8.1/commons-digester-1.8.1.jar:/home/user/.m2/repository/io/jaegertracing/jaeger-client/0.33.1/jaeger-client-0.33.1.jar:/home/user/.m2/repository/io/jaegertracing/jaeger-thrift/0.33.1/jaeger-thrift-0.33.1.jar:/home/user/.m2/repository/org/apache/thrift/libthrift/0.11.0/libthrift-0.11.0.jar:/home/user/.m2/repository/com/squareup/okhttp3/okhttp/3.9.0/okhttp-3.9.0.jar:/home/user/.m2/repository/com/squareup/okio/okio/1.13.0/okio-1.13.0.jar:/home/user/.m2/repository/io/jaegertracing/jaeger-core/0.33.1/jaeger-core-0.33.1.jar:/home/user/.m2/repository/io/jaegertracing/jaeger-tracerresolver/0.33.1/jaeger-tracerresolver-0.33.1.jar:/home/user/.m2/repository/io/opentracing/contrib/opentracing-tracerresolver/0.1.5/opentracing-tracerresolver-0.1.5.jar:/home/user/.m2/repository/io/opentracing/opentracing-util/0.31.0/opentracing-util-0.31.0.jar:/home/user/.m2/repository/io/opentracing/opentracing-api/0.31.0/opentracing-api-0.31.0.jar:/home/user/.m2/repository/io/opentracing/opentracing-noop/0.31.0/opentracing-noop-0.31.0.jar:/home/user/.m2/repository/org/apache/hadoop/hadoop-hdds-server-framework/0.5.0-SNAPSHOT/hadoop-hdds-server-framework-0.5.0-SNAPSHOT.jar:/home/user/.m2/repository/org/apache/hadoop/hadoop-hdds-container-service/0.5.0-SNAPSHOT/hadoop-hdds-container-service-0.5.0-SNAPSHOT.jar:/home/user/.m2/repository/org/apache/hadoop/hadoop-hdds-client/0.5.0-SNAPSHOT/hadoop-hdds-client-0.5.0-SNAPSHOT.jar:/home/user/.m2/repository/org/apache/hadoop/hadoop-hdds-tools/0.5.0-SNAPSHOT/hadoop-hdds-tools-0.5.0-SNAPSHOT.jar:/home/user/.m2/repository/org/apache/hadoop/hadoop-hdds-server-scm/0.5.0-SNAPSHOT/hadoop-hdds-server-scm-0.5.0-SNAPSHOT.jar:/home/user/.m2/repository/org/apache/hadoop/hadoop-hdds-docs/0.5.0-SNAPSHOT/hadoop-hdds-docs-0.5.0-SNAPSHOT.jar:/home/user/.m2/repository/io/dropwizard/metrics/metrics-core/3.2.4/metrics-core-3.2.4.jar:/home/user/.m2/repository/org/hamcrest/hamcrest-all/1.3/hamcrest-all-1.3.jar:/home/user/.m2/repository/org/bouncycastle/bcprov-jdk15on/1.60/bcprov-jdk15on-1.60.jar:/home/user/.m2/repository/info/picocli/picocli/3.9.6/picocli-3.9.6.jar:/home/user/.m2/repository/com/google/protobuf/protobuf-java/2.5.0/protobuf-java-2.5.0.jar:/home/user/.m2/repository/com/google/guava/guava/11.0.2/guava-11.0.2.jar:/home/user/.m2/repository/org/apache/hadoop/hadoop-ozone-ozone-manager/0.5.0-SNAPSHOT/hadoop-ozone-ozone-manager-0.5.0-SNAPSHOT.jar:/home/user/.m2/repository/org/apache/hadoop/hadoop-minikdc/3.2.0/hadoop-minikdc-3.2.0.jar:/home/user/.m2/repository/commons-io/commons-io/2.5/commons-io-2.5.jar:/home/user/.m2/repository/org/apache/kerby/kerb-simplekdc/1.0.1/kerb-simplekdc-1.0.1.jar:/home/user/.m2/repository/org/apache/kerby/kerb-client/1.0.1/kerb-client-1.0.1.jar:/home/user/.m2/repository/org/apache/kerby/kerby-config/1.0.1/kerby-config-1.0.1.jar:/home/user/.m2/repository/org/apache/kerby/kerb-core/1.0.1/kerb-core-1.0.1.jar:/home/user/.m2/repository/org/apache/kerby/kerby-pkix/1.0.1/kerby-pkix-1.0.1.jar:/home/user/.m2/repository/org/apache/kerby/kerby-asn1/1.0.1/kerby-asn1-1.0.1.jar:/home/user/.m2/repository/org/apache/kerby/kerby-util/1.0.1/kerby-util-1.0.1.jar:/home/user/.m2/repository/org/apache/kerby/kerb-common/1.0.1/kerb-common-1.0.1.jar:/home/user/.m2/repository/org/apache/kerby/kerb-crypto/1.0.1/kerb-crypto-1.0.1.jar:/home/user/.m2/repository/org/apache/kerby/kerb-util/1.0.1/kerb-util-1.0.1.jar:/home/user/.m2/repository/org/apache/kerby/token-provider/1.0.1/token-provider-1.0.1.jar:/home/user/.m2/repository/org/apache/kerby/kerb-admin/1.0.1/kerb-admin-1.0.1.jar:/home/user/.m2/repository/org/apache/kerby/kerb-server/1.0.1/kerb-server-1.0.1.jar:/home/user/.m2/repository/org/apache/kerby/kerb-identity/1.0.1/kerb-identity-1.0.1.jar:/home/user/.m2/repository/org/apache/kerby/kerby-xdr/1.0.1/kerby-xdr-1.0.1.jar:/home/user/.m2/repository/org/slf4j/slf4j-log4j12/1.7.25/slf4j-log4j12-1.7.25.jar:/home/user/.m2/repository/org/apache/hadoop/hadoop-ozone-s3gateway/0.5.0-SNAPSHOT/hadoop-ozone-s3gateway-0.5.0-SNAPSHOT.jar:/home/user/.m2/repository/org/jboss/weld/servlet/weld-servlet/2.4.7.Final/weld-servlet-2.4.7.Final.jar:/home/user/.m2/repository/org/glassfish/jersey/containers/jersey-container-servlet-core/2.27/jersey-container-servlet-core-2.27.jar:/home/user/.m2/repository/org/glassfish/hk2/external/javax.inject/2.5.0-b42/javax.inject-2.5.0-b42.jar:/home/user/.m2/repository/org/glassfish/jersey/core/jersey-common/2.27/jersey-common-2.27.jar:/home/user/.m2/repository/org/glassfish/hk2/osgi-resource-locator/1.0.1/osgi-resource-locator-1.0.1.jar:/home/user/.m2/repository/javax/ws/rs/javax.ws.rs-api/2.1/javax.ws.rs-api-2.1.jar:/home/user/.m2/repository/org/glassfish/jersey/ext/cdi/jersey-cdi1x/2.27/jersey-cdi1x-2.27.jar:/home/user/.m2/repository/org/glassfish/jersey/inject/jersey-hk2/2.27/jersey-hk2-2.27.jar:/home/user/.m2/repository/org/glassfish/hk2/hk2-locator/2.5.0-b42/hk2-locator-2.5.0-b42.jar:/home/user/.m2/repository/org/javassist/javassist/3.22.0-CR2/javassist-3.22.0-CR2.jar:/home/user/.m2/repository/org/glassfish/hk2/hk2-api/2.5.0/hk2-api-2.5.0.jar:/home/user/.m2/repository/org/glassfish/hk2/external/jakarta.inject/2.5.0/jakarta.inject-2.5.0.jar:/home/user/.m2/repository/org/glassfish/hk2/hk2-utils/2.5.0/hk2-utils-2.5.0.jar:/home/user/.m2/repository/jakarta/annotation/jakarta.annotation-api/1.3.4/jakarta.annotation-api-1.3.4.jar:/home/user/.m2/repository/org/glassfish/hk2/external/aopalliance-repackaged/2.5.0/aopalliance-repackaged-2.5.0.jar:/home/user/.m2/repository/com/fasterxml/jackson/dataformat/jackson-dataformat-xml/2.9.0/jackson-dataformat-xml-2.9.0.jar:/home/user/.m2/repository/com/fasterxml/jackson/core/jackson-core/2.9.5/jackson-core-2.9.5.jar:/home/user/.m2/repository/com/fasterxml/jackson/module/jackson-module-jaxb-annotations/2.9.5/jackson-module-jaxb-annotations-2.9.5.jar:/home/user/.m2/repository/javax/enterprise/cdi-api/1.2/cdi-api-1.2.jar:/home/user/.m2/repository/javax/el/javax.el-api/3.0.0/javax.el-api-3.0.0.jar:/home/user/.m2/repository/javax/interceptor/javax.interceptor-api/1.2/javax.interceptor-api-1.2.jar:/home/user/.m2/repository/javax/inject/javax.inject/1/javax.inject-1.jar:/home/user/.m2/repository/com/sun/xml/bind/jaxb-impl/2.3.0.1/jaxb-impl-2.3.0.1.jar:/home/user/.m2/repository/com/sun/xml/bind/jaxb-core/2.3.0.1/jaxb-core-2.3.0.1.jar:/home/user/.m2/repository/javax/xml/bind/jaxb-api/2.3.0/jaxb-api-2.3.0.jar:/home/user/.m2/repository/javax/activation/activation/1.1.1/activation-1.1.1.jar:/home/user/.m2/repository/org/apache/hadoop/hadoop-ozone-csi/0.5.0-SNAPSHOT/hadoop-ozone-csi-0.5.0-SNAPSHOT.jar:/home/user/.m2/repository/com/google/protobuf/protobuf-java-util/3.5.1/protobuf-java-util-3.5.1.jar:/home/user/.m2/repository/org/apache/hadoop/hadoop-hdds-config/0.5.0-SNAPSHOT/hadoop-hdds-config-0.5.0-SNAPSHOT.jar:/home/user/.m2/repository/io/grpc/grpc-netty/1.17.1/grpc-netty-1.17.1.jar:/home/user/.m2/repository/io/grpc/grpc-core/1.17.1/grpc-core-1.17.1.jar:/home/user/.m2/repository/io/grpc/grpc-context/1.17.1/grpc-context-1.17.1.jar:/home/user/.m2/repository/com/google/errorprone/error_prone_annotations/2.2.0/error_prone_annotations-2.2.0.jar:/home/user/.m2/repository/org/codehaus/mojo/animal-sniffer-annotations/1.17/animal-sniffer-annotations-1.17.jar:/home/user/.m2/repository/io/opencensus/opencensus-api/0.17.0/opencensus-api-0.17.0.jar:/home/user/.m2/repository/io/opencensus/opencensus-contrib-grpc-metrics/0.17.0/opencensus-contrib-grpc-metrics-0.17.0.jar:/home/user/.m2/repository/io/netty/netty-codec-http2/4.1.30.Final/netty-codec-http2-4.1.30.Final.jar:/home/user/.m2/repository/io/netty/netty-codec-http/4.1.30.Final/netty-codec-http-4.1.30.Final.jar:/home/user/.m2/repository/io/netty/netty-codec/4.1.30.Final/netty-codec-4.1.30.Final.jar:/home/user/.m2/repository/io/netty/netty-handler/4.1.30.Final/netty-handler-4.1.30.Final.jar:/home/user/.m2/repository/io/netty/netty-handler-proxy/4.1.30.Final/netty-handler-proxy-4.1.30.Final.jar:/home/user/.m2/repository/io/netty/netty-codec-socks/4.1.30.Final/netty-codec-socks-4.1.30.Final.jar:/home/user/.m2/repository/io/netty/netty-transport-native-epoll/4.1.30.Final/netty-transport-native-epoll-4.1.30.Final.jar:/home/user/.m2/repository/io/netty/netty-common/4.1.30.Final/netty-common-4.1.30.Final.jar:/home/user/.m2/repository/io/netty/netty-buffer/4.1.30.Final/netty-buffer-4.1.30.Final.jar:/home/user/.m2/repository/io/netty/netty-transport/4.1.30.Final/netty-transport-4.1.30.Final.jar:/home/user/.m2/repository/io/netty/netty-resolver/4.1.30.Final/netty-resolver-4.1.30.Final.jar:/home/user/.m2/repository/io/netty/netty-transport-native-unix-common/4.1.30.Final/netty-transport-native-unix-common-4.1.30.Final.jar:/home/user/.m2/repository/io/grpc/grpc-protobuf/1.17.1/grpc-protobuf-1.17.1.jar:/home/user/.m2/repository/com/google/api/grpc/proto-google-common-protos/1.0.0/proto-google-common-protos-1.0.0.jar:/home/user/.m2/repository/io/grpc/grpc-protobuf-lite/1.17.1/grpc-protobuf-lite-1.17.1.jar:/home/user/.m2/repository/io/grpc/grpc-stub/1.17.1/grpc-stub-1.17.1.jar:/home/user/.m2/repository/org/apache/hadoop/hadoop-ozone-recon/0.5.0-SNAPSHOT/hadoop-ozone-recon-0.5.0-SNAPSHOT.jar:/home/user/.m2/repository/org/apache/hadoop/hadoop-ozone-reconcodegen/0.5.0-SNAPSHOT/hadoop-ozone-reconcodegen-0.5.0-SNAPSHOT.jar:/home/user/.m2/repository/com/google/inject/extensions/guice-multibindings/4.0/guice-multibindings-4.0.jar:/home/user/.m2/repository/com/google/inject/guice/4.0/guice-4.0.jar:/home/user/.m2/repository/aopalliance/aopalliance/1.0/aopalliance-1.0.jar:/home/user/.m2/repository/com/google/inject/extensions/guice-servlet/4.0/guice-servlet-4.0.jar:/home/user/.m2/repository/org/glassfish/jersey/containers/jersey-container-servlet/2.27/jersey-container-servlet-2.27.jar:/home/user/.m2/repository/org/glassfish/hk2/guice-bridge/2.5.0/guice-bridge-2.5.0.jar:/home/user/.m2/repository/org/glassfish/jersey/core/jersey-server/2.27/jersey-server-2.27.jar:/home/user/.m2/repository/org/glassfish/jersey/core/jersey-client/2.27/jersey-client-2.27.jar:/home/user/.m2/repository/org/glassfish/jersey/media/jersey-media-jaxb/2.27/jersey-media-jaxb-2.27.jar:/home/user/.m2/repository/javax/validation/validation-api/1.1.0.Final/validation-api-1.1.0.Final.jar:/home/user/.m2/repository/org/glassfish/jersey/media/jersey-media-json-jackson/2.27/jersey-media-json-jackson-2.27.jar:/home/user/.m2/repository/org/glassfish/jersey/ext/jersey-entity-filtering/2.27/jersey-entity-filtering-2.27.jar:/home/user/.m2/repository/com/google/inject/extensions/guice-assistedinject/4.0/guice-assistedinject-4.0.jar:/home/user/.m2/repository/org/jooq/jooq/3.11.10/jooq-3.11.10.jar:/home/user/.m2/repository/org/jooq/jooq-meta/3.11.10/jooq-meta-3.11.10.jar:/home/user/.m2/repository/org/jooq/jooq-codegen/3.11.10/jooq-codegen-3.11.10.jar:/home/user/.m2/repository/com/jolbox/bonecp/0.8.0.RELEASE/bonecp-0.8.0.RELEASE.jar:/home/user/.m2/repository/org/xerial/sqlite-jdbc/3.25.2/sqlite-jdbc-3.25.2.jar:/home/user/.m2/repository/org/springframework/spring-jdbc/5.1.3.RELEASE/spring-jdbc-5.1.3.RELEASE.jar:/home/user/.m2/repository/org/springframework/spring-beans/5.1.3.RELEASE/spring-beans-5.1.3.RELEASE.jar:/home/user/.m2/repository/org/springframework/spring-core/5.1.3.RELEASE/spring-core-5.1.3.RELEASE.jar:/home/user/.m2/repository/org/springframework/spring-jcl/5.1.3.RELEASE/spring-jcl-5.1.3.RELEASE.jar:/home/user/.m2/repository/org/springframework/spring-tx/5.1.3.RELEASE/spring-tx-5.1.3.RELEASE.jar:/home/user/.m2/repository/org/apache/hadoop/hadoop-ozone-client/0.5.0-SNAPSHOT/hadoop-ozone-client-0.5.0-SNAPSHOT.jar:/home/user/.m2/repository/commons-lang/commons-lang/2.6/commons-lang-2.6.jar:/home/user/.m2/repository/org/apache/hadoop/hadoop-ozone-ozone-manager/0.5.0-SNAPSHOT/hadoop-ozone-ozone-manager-0.5.0-SNAPSHOT-tests.jar:/home/user/.m2/repository/junit/junit/4.11/junit-4.11.jar:/home/user/.m2/repository/org/hamcrest/hamcrest-core/1.3/hamcrest-core-1.3.jar:/home/user/.m2/repository/org/openjdk/jmh/jmh-core/1.19/jmh-core-1.19.jar:/home/user/.m2/repository/net/sf/jopt-simple/jopt-simple/4.6/jopt-simple-4.6.jar:/home/user/.m2/repository/org/apache/commons/commons-math3/3.1.1/commons-math3-3.1.1.jar:/home/user/.m2/repository/org/openjdk/jmh/jmh-generator-annprocess/1.19/jmh-generator-annprocess-1.19.jar:/home/user/.m2/repository/org/mockito/mockito-all/1.8.5/mockito-all-1.8.5.jar:/home/user/.m2/repository/org/apache/hadoop/hadoop-kms/3.2.0/hadoop-kms-3.2.0.jar:/home/user/.m2/repository/org/apache/hadoop/hadoop-auth/3.2.0/hadoop-auth-3.2.0.jar:/home/user/.m2/repository/com/nimbusds/nimbus-jose-jwt/4.41.1/nimbus-jose-jwt-4.41.1.jar:/home/user/.m2/repository/com/github/stephenc/jcip/jcip-annotations/1.0-1/jcip-annotations-1.0-1.jar:/home/user/.m2/repository/net/minidev/json-smart/2.3/json-smart-2.3.jar:/home/user/.m2/repository/net/minidev/accessors-smart/1.2/accessors-smart-1.2.jar:/home/user/.m2/repository/org/ow2/asm/asm/5.0.4/asm-5.0.4.jar:/home/user/.m2/repository/org/apache/curator/curator-framework/2.12.0/curator-framework-2.12.0.jar:/home/user/.m2/repository/com/sun/jersey/jersey-core/1.19/jersey-core-1.19.jar:/home/user/.m2/repository/javax/ws/rs/jsr311-api/1.1.1/jsr311-api-1.1.1.jar:/home/user/.m2/repository/com/sun/jersey/jersey-server/1.19/jersey-server-1.19.jar:/home/user/.m2/repository/javax/servlet/javax.servlet-api/3.1.0/javax.servlet-api-3.1.0.jar:/home/user/.m2/repository/org/eclipse/jetty/jetty-server/9.3.24.v20180605/jetty-server-9.3.24.v20180605.jar:/home/user/.m2/repository/org/eclipse/jetty/jetty-http/9.3.24.v20180605/jetty-http-9.3.24.v20180605.jar:/home/user/.m2/repository/org/eclipse/jetty/jetty-io/9.3.24.v20180605/jetty-io-9.3.24.v20180605.jar:/home/user/.m2/repository/org/eclipse/jetty/jetty-webapp/9.3.24.v20180605/jetty-webapp-9.3.24.v20180605.jar:/home/user/.m2/repository/org/eclipse/jetty/jetty-xml/9.3.24.v20180605/jetty-xml-9.3.24.v20180605.jar:/home/user/.m2/repository/log4j/log4j/1.2.17/log4j-1.2.17.jar:/home/user/.m2/repository/org/slf4j/slf4j-api/1.7.25/slf4j-api-1.7.25.jar:/home/user/.m2/repository/org/slf4j/jul-to-slf4j/1.7.25/jul-to-slf4j-1.7.25.jar:/home/user/.m2/repository/org/eclipse/jetty/jetty-util/9.3.24.v20180605/jetty-util-9.3.24.v20180605.jar:/home/user/.m2/repository/com/fasterxml/jackson/core/jackson-databind/2.9.5/jackson-databind-2.9.5.jar:/home/user/.m2/repository/org/apache/hadoop/hadoop-kms/3.2.0/hadoop-kms-3.2.0-tests.jar:/home/user/.m2/repository/org/apache/hadoop/hadoop-hdds-server-scm/0.5.0-SNAPSHOT/hadoop-hdds-server-scm-0.5.0-SNAPSHOT-tests.jar:/home/user/.m2/repository/org/apache/hadoop/hadoop-hdds-container-service/0.5.0-SNAPSHOT/hadoop-hdds-container-service-0.5.0-SNAPSHOT-tests.jar:/home/user/.m2/repository/org/yaml/snakeyaml/1.16/snakeyaml-1.16.jar:/home/user/.m2/repository/org/apache/hadoop/hadoop-common/3.2.0/hadoop-common-3.2.0-tests.jar:/home/user/.m2/repository/org/apache/hadoop/hadoop-annotations/3.2.0/hadoop-annotations-3.2.0.jar:/usr/lib/jvm/java-1.8-openjdk/jre/../lib/tools.jar:/home/user/.m2/repository/commons-cli/commons-cli/1.2/commons-cli-1.2.jar:/home/user/.m2/repository/org/apache/httpcomponents/httpclient/4.5.2/httpclient-4.5.2.jar:/home/user/.m2/repository/org/apache/httpcomponents/httpcore/4.4.4/httpcore-4.4.4.jar:/home/user/.m2/repository/commons-codec/commons-codec/1.11/commons-codec-1.11.jar:/home/user/.m2/repository/commons-net/commons-net/3.6/commons-net-3.6.jar:/home/user/.m2/repository/commons-collections/commons-collections/3.2.2/commons-collections-3.2.2.jar:/home/user/.m2/repository/org/eclipse/jetty/jetty-servlet/9.3.24.v20180605/jetty-servlet-9.3.24.v20180605.jar:/home/user/.m2/repository/org/eclipse/jetty/jetty-security/9.3.24.v20180605/jetty-security-9.3.24.v20180605.jar:/home/user/.m2/repository/javax/servlet/jsp/jsp-api/2.1/jsp-api-2.1.jar:/home/user/.m2/repository/com/sun/jersey/jersey-servlet/1.19/jersey-servlet-1.19.jar:/home/user/.m2/repository/com/sun/jersey/jersey-json/1.19/jersey-json-1.19.jar:/home/user/.m2/repository/org/codehaus/jettison/jettison/1.1/jettison-1.1.jar:/home/user/.m2/repository/org/codehaus/jackson/jackson-core-asl/1.9.13/jackson-core-asl-1.9.13.jar:/home/user/.m2/repository/org/codehaus/jackson/jackson-mapper-asl/1.9.13/jackson-mapper-asl-1.9.13.jar:/home/user/.m2/repository/org/codehaus/jackson/jackson-jaxrs/1.9.13/jackson-jaxrs-1.9.13.jar:/home/user/.m2/repository/org/codehaus/jackson/jackson-xc/1.9.13/jackson-xc-1.9.13.jar:/home/user/.m2/repository/commons-logging/commons-logging/1.1.3/commons-logging-1.1.3.jar:/home/user/.m2/repository/commons-beanutils/commons-beanutils/1.9.3/commons-beanutils-1.9.3.jar:/home/user/.m2/repository/org/apache/commons/commons-configuration2/2.1.1/commons-configuration2-2.1.1.jar:/home/user/.m2/repository/org/apache/commons/commons-lang3/3.7/commons-lang3-3.7.jar:/home/user/.m2/repository/org/apache/commons/commons-text/1.4/commons-text-1.4.jar:/home/user/.m2/repository/org/apache/avro/avro/1.7.7/avro-1.7.7.jar:/home/user/.m2/repository/com/thoughtworks/paranamer/paranamer/2.3/paranamer-2.3.jar:/home/user/.m2/repository/org/xerial/snappy/snappy-java/1.0.5/snappy-java-1.0.5.jar:/home/user/.m2/repository/com/google/re2j/re2j/1.1/re2j-1.1.jar:/home/user/.m2/repository/com/google/code/gson/gson/2.2.4/gson-2.2.4.jar:/home/user/.m2/repository/com/jcraft/jsch/0.1.54/jsch-0.1.54.jar:/home/user/.m2/repository/org/apache/curator/curator-client/2.12.0/curator-client-2.12.0.jar:/home/user/.m2/repository/org/apache/curator/curator-recipes/2.12.0/curator-recipes-2.12.0.jar:/home/user/.m2/repository/com/google/code/findbugs/jsr305/3.0.0/jsr305-3.0.0.jar:/home/user/.m2/repository/org/apache/htrace/htrace-core4/4.1.0-incubating/htrace-core4-4.1.0-incubating.jar:/home/user/.m2/repository/org/apache/zookeeper/zookeeper/3.4.13/zookeeper-3.4.13.jar:/home/user/.m2/repository/org/apache/yetus/audience-annotations/0.5.0/audience-annotations-0.5.0.jar:/home/user/.m2/repository/org/codehaus/woodstox/stax2-api/3.1.4/stax2-api-3.1.4.jar:/home/user/.m2/repository/com/fasterxml/woodstox/woodstox-core/5.0.3/woodstox-core-5.0.3.jar:/home/user/.m2/repository/dnsjava/dnsjava/2.1.7/dnsjava-2.1.7.jar:/home/user/.m2/repository/org/apache/hadoop/hadoop-hdfs/3.2.0/hadoop-hdfs-3.2.0-tests.jar:/home/user/.m2/repository/org/eclipse/jetty/jetty-util-ajax/9.3.24.v20180605/jetty-util-ajax-9.3.24.v20180605.jar:/home/user/.m2/repository/commons-daemon/commons-daemon/1.0.13/commons-daemon-1.0.13.jar:/home/user/.m2/repository/io/netty/netty/3.10.5.Final/netty-3.10.5.Final.jar:/home/user/.m2/repository/io/netty/netty-all/4.0.52.Final/netty-all-4.0.52.Final.jar:/home/user/.m2/repository/org/fusesource/leveldbjni/leveldbjni-all/1.8/leveldbjni-all-1.8.jar:"/>
    <property name="java.vm.vendor" value="IcedTea"/>
    <property name="sun.arch.data.model" value="64"/>
    <property name="test.build.dir" value="/workdir/hadoop-ozone/integration-test/target/test-dir"/>
    <property name="test.cache.data" value=""/>
    <property name="java.vendor.url" value="https://icedtea.classpath.org"/>
    <property name="user.timezone" value=""/>
    <property name="java.vm.specification.version" value="1.8"/>
    <property name="os.name" value="Linux"/>
    <property name="test.build.data" value="/workdir/hadoop-ozone/integration-test/target/test-dir"/>
    <property name="user.country" value="US"/>
    <property name="sun.java.launcher" value="SUN_STANDARD"/>
    <property name="sun.boot.library.path" value="/usr/lib/jvm/java-1.8-openjdk/jre/lib/amd64"/>
    <property name="sun.java.command" value="/workdir/hadoop-ozone/integration-test/target/surefire/surefirebooter8384288905016140190.jar /workdir/hadoop-ozone/integration-test/target/surefire 2019-09-06T22-08-23_189-jvmRun1 surefire403064429621961200tmp surefire_166534633944459324523tmp"/>
    <property name="test" value="!TestMiniChaosOzoneCluster"/>
    <property name="surefire.test.class.path" value="/workdir/hadoop-ozone/integration-test/target/test-classes:/workdir/hadoop-ozone/integration-test/target/classes:/home/user/.m2/repository/org/apache/hadoop/hadoop-ozone-common/0.5.0-SNAPSHOT/hadoop-ozone-common-0.5.0-SNAPSHOT.jar:/home/user/.m2/repository/org/apache/commons/commons-compress/1.4.1/commons-compress-1.4.1.jar:/home/user/.m2/repository/org/tukaani/xz/1.0/xz-1.0.jar:/home/user/.m2/repository/org/apache/hadoop/hadoop-common/3.2.0/hadoop-common-3.2.0.jar:/home/user/.m2/repository/org/apache/hadoop/hadoop-hdfs/3.2.0/hadoop-hdfs-3.2.0.jar:/home/user/.m2/repository/org/apache/hadoop/hadoop-hdfs-client/3.2.0/hadoop-hdfs-client-3.2.0.jar:/home/user/.m2/repository/com/fasterxml/jackson/core/jackson-annotations/2.9.5/jackson-annotations-2.9.5.jar:/home/user/.m2/repository/org/apache/hadoop/hadoop-hdds-common/0.5.0-SNAPSHOT/hadoop-hdds-common-0.5.0-SNAPSHOT.jar:/home/user/.m2/repository/javax/annotation/javax.annotation-api/1.2/javax.annotation-api-1.2.jar:/home/user/.m2/repository/org/apache/ratis/ratis-server/0.4.0-78e95b9-SNAPSHOT/ratis-server-0.4.0-78e95b9-SNAPSHOT.jar:/home/user/.m2/repository/org/apache/ratis/ratis-thirdparty-misc/0.2.0/ratis-thirdparty-misc-0.2.0.jar:/home/user/.m2/repository/org/apache/ratis/ratis-proto/0.4.0-78e95b9-SNAPSHOT/ratis-proto-0.4.0-78e95b9-SNAPSHOT.jar:/home/user/.m2/repository/org/apache/ratis/ratis-common/0.4.0-78e95b9-SNAPSHOT/ratis-common-0.4.0-78e95b9-SNAPSHOT.jar:/home/user/.m2/repository/org/apache/ratis/ratis-client/0.4.0-78e95b9-SNAPSHOT/ratis-client-0.4.0-78e95b9-SNAPSHOT.jar:/home/user/.m2/repository/org/apache/ratis/ratis-metrics/0.4.0-78e95b9-SNAPSHOT/ratis-metrics-0.4.0-78e95b9-SNAPSHOT.jar:/home/user/.m2/repository/com/github/joshelser/dropwizard-metrics-hadoop-metrics2-reporter/0.1.2/dropwizard-metrics-hadoop-metrics2-reporter-0.1.2.jar:/home/user/.m2/repository/io/dropwizard/metrics/metrics-jvm/3.2.5/metrics-jvm-3.2.5.jar:/home/user/.m2/repository/io/dropwizard/metrics/metrics-ganglia/3.2.5/metrics-ganglia-3.2.5.jar:/home/user/.m2/repository/info/ganglia/gmetric4j/gmetric4j/1.0.7/gmetric4j-1.0.7.jar:/home/user/.m2/repository/org/apache/ratis/ratis-netty/0.4.0-78e95b9-SNAPSHOT/ratis-netty-0.4.0-78e95b9-SNAPSHOT.jar:/home/user/.m2/repository/org/apache/ratis/ratis-grpc/0.4.0-78e95b9-SNAPSHOT/ratis-grpc-0.4.0-78e95b9-SNAPSHOT.jar:/home/user/.m2/repository/org/rocksdb/rocksdbjni/6.0.1/rocksdbjni-6.0.1.jar:/home/user/.m2/repository/org/apache/logging/log4j/log4j-api/2.11.0/log4j-api-2.11.0.jar:/home/user/.m2/repository/org/apache/logging/log4j/log4j-core/2.11.0/log4j-core-2.11.0.jar:/home/user/.m2/repository/com/lmax/disruptor/3.4.2/disruptor-3.4.2.jar:/home/user/.m2/repository/org/apache/commons/commons-pool2/2.6.0/commons-pool2-2.6.0.jar:/home/user/.m2/repository/org/bouncycastle/bcpkix-jdk15on/1.60/bcpkix-jdk15on-1.60.jar:/home/user/.m2/repository/commons-validator/commons-validator/1.6/commons-validator-1.6.jar:/home/user/.m2/repository/commons-digester/commons-digester/1.8.1/commons-digester-1.8.1.jar:/home/user/.m2/repository/io/jaegertracing/jaeger-client/0.33.1/jaeger-client-0.33.1.jar:/home/user/.m2/repository/io/jaegertracing/jaeger-thrift/0.33.1/jaeger-thrift-0.33.1.jar:/home/user/.m2/repository/org/apache/thrift/libthrift/0.11.0/libthrift-0.11.0.jar:/home/user/.m2/repository/com/squareup/okhttp3/okhttp/3.9.0/okhttp-3.9.0.jar:/home/user/.m2/repository/com/squareup/okio/okio/1.13.0/okio-1.13.0.jar:/home/user/.m2/repository/io/jaegertracing/jaeger-core/0.33.1/jaeger-core-0.33.1.jar:/home/user/.m2/repository/io/jaegertracing/jaeger-tracerresolver/0.33.1/jaeger-tracerresolver-0.33.1.jar:/home/user/.m2/repository/io/opentracing/contrib/opentracing-tracerresolver/0.1.5/opentracing-tracerresolver-0.1.5.jar:/home/user/.m2/repository/io/opentracing/opentracing-util/0.31.0/opentracing-util-0.31.0.jar:/home/user/.m2/repository/io/opentracing/opentracing-api/0.31.0/opentracing-api-0.31.0.jar:/home/user/.m2/repository/io/opentracing/opentracing-noop/0.31.0/opentracing-noop-0.31.0.jar:/home/user/.m2/repository/org/apache/hadoop/hadoop-hdds-server-framework/0.5.0-SNAPSHOT/hadoop-hdds-server-framework-0.5.0-SNAPSHOT.jar:/home/user/.m2/repository/org/apache/hadoop/hadoop-hdds-container-service/0.5.0-SNAPSHOT/hadoop-hdds-container-service-0.5.0-SNAPSHOT.jar:/home/user/.m2/repository/org/apache/hadoop/hadoop-hdds-client/0.5.0-SNAPSHOT/hadoop-hdds-client-0.5.0-SNAPSHOT.jar:/home/user/.m2/repository/org/apache/hadoop/hadoop-hdds-tools/0.5.0-SNAPSHOT/hadoop-hdds-tools-0.5.0-SNAPSHOT.jar:/home/user/.m2/repository/org/apache/hadoop/hadoop-hdds-server-scm/0.5.0-SNAPSHOT/hadoop-hdds-server-scm-0.5.0-SNAPSHOT.jar:/home/user/.m2/repository/org/apache/hadoop/hadoop-hdds-docs/0.5.0-SNAPSHOT/hadoop-hdds-docs-0.5.0-SNAPSHOT.jar:/home/user/.m2/repository/io/dropwizard/metrics/metrics-core/3.2.4/metrics-core-3.2.4.jar:/home/user/.m2/repository/org/hamcrest/hamcrest-all/1.3/hamcrest-all-1.3.jar:/home/user/.m2/repository/org/bouncycastle/bcprov-jdk15on/1.60/bcprov-jdk15on-1.60.jar:/home/user/.m2/repository/info/picocli/picocli/3.9.6/picocli-3.9.6.jar:/home/user/.m2/repository/com/google/protobuf/protobuf-java/2.5.0/protobuf-java-2.5.0.jar:/home/user/.m2/repository/com/google/guava/guava/11.0.2/guava-11.0.2.jar:/home/user/.m2/repository/org/apache/hadoop/hadoop-ozone-ozone-manager/0.5.0-SNAPSHOT/hadoop-ozone-ozone-manager-0.5.0-SNAPSHOT.jar:/home/user/.m2/repository/org/apache/hadoop/hadoop-minikdc/3.2.0/hadoop-minikdc-3.2.0.jar:/home/user/.m2/repository/commons-io/commons-io/2.5/commons-io-2.5.jar:/home/user/.m2/repository/org/apache/kerby/kerb-simplekdc/1.0.1/kerb-simplekdc-1.0.1.jar:/home/user/.m2/repository/org/apache/kerby/kerb-client/1.0.1/kerb-client-1.0.1.jar:/home/user/.m2/repository/org/apache/kerby/kerby-config/1.0.1/kerby-config-1.0.1.jar:/home/user/.m2/repository/org/apache/kerby/kerb-core/1.0.1/kerb-core-1.0.1.jar:/home/user/.m2/repository/org/apache/kerby/kerby-pkix/1.0.1/kerby-pkix-1.0.1.jar:/home/user/.m2/repository/org/apache/kerby/kerby-asn1/1.0.1/kerby-asn1-1.0.1.jar:/home/user/.m2/repository/org/apache/kerby/kerby-util/1.0.1/kerby-util-1.0.1.jar:/home/user/.m2/repository/org/apache/kerby/kerb-common/1.0.1/kerb-common-1.0.1.jar:/home/user/.m2/repository/org/apache/kerby/kerb-crypto/1.0.1/kerb-crypto-1.0.1.jar:/home/user/.m2/repository/org/apache/kerby/kerb-util/1.0.1/kerb-util-1.0.1.jar:/home/user/.m2/repository/org/apache/kerby/token-provider/1.0.1/token-provider-1.0.1.jar:/home/user/.m2/repository/org/apache/kerby/kerb-admin/1.0.1/kerb-admin-1.0.1.jar:/home/user/.m2/repository/org/apache/kerby/kerb-server/1.0.1/kerb-server-1.0.1.jar:/home/user/.m2/repository/org/apache/kerby/kerb-identity/1.0.1/kerb-identity-1.0.1.jar:/home/user/.m2/repository/org/apache/kerby/kerby-xdr/1.0.1/kerby-xdr-1.0.1.jar:/home/user/.m2/repository/org/slf4j/slf4j-log4j12/1.7.25/slf4j-log4j12-1.7.25.jar:/home/user/.m2/repository/org/apache/hadoop/hadoop-ozone-s3gateway/0.5.0-SNAPSHOT/hadoop-ozone-s3gateway-0.5.0-SNAPSHOT.jar:/home/user/.m2/repository/org/jboss/weld/servlet/weld-servlet/2.4.7.Final/weld-servlet-2.4.7.Final.jar:/home/user/.m2/repository/org/glassfish/jersey/containers/jersey-container-servlet-core/2.27/jersey-container-servlet-core-2.27.jar:/home/user/.m2/repository/org/glassfish/hk2/external/javax.inject/2.5.0-b42/javax.inject-2.5.0-b42.jar:/home/user/.m2/repository/org/glassfish/jersey/core/jersey-common/2.27/jersey-common-2.27.jar:/home/user/.m2/repository/org/glassfish/hk2/osgi-resource-locator/1.0.1/osgi-resource-locator-1.0.1.jar:/home/user/.m2/repository/javax/ws/rs/javax.ws.rs-api/2.1/javax.ws.rs-api-2.1.jar:/home/user/.m2/repository/org/glassfish/jersey/ext/cdi/jersey-cdi1x/2.27/jersey-cdi1x-2.27.jar:/home/user/.m2/repository/org/glassfish/jersey/inject/jersey-hk2/2.27/jersey-hk2-2.27.jar:/home/user/.m2/repository/org/glassfish/hk2/hk2-locator/2.5.0-b42/hk2-locator-2.5.0-b42.jar:/home/user/.m2/repository/org/javassist/javassist/3.22.0-CR2/javassist-3.22.0-CR2.jar:/home/user/.m2/repository/org/glassfish/hk2/hk2-api/2.5.0/hk2-api-2.5.0.jar:/home/user/.m2/repository/org/glassfish/hk2/external/jakarta.inject/2.5.0/jakarta.inject-2.5.0.jar:/home/user/.m2/repository/org/glassfish/hk2/hk2-utils/2.5.0/hk2-utils-2.5.0.jar:/home/user/.m2/repository/jakarta/annotation/jakarta.annotation-api/1.3.4/jakarta.annotation-api-1.3.4.jar:/home/user/.m2/repository/org/glassfish/hk2/external/aopalliance-repackaged/2.5.0/aopalliance-repackaged-2.5.0.jar:/home/user/.m2/repository/com/fasterxml/jackson/dataformat/jackson-dataformat-xml/2.9.0/jackson-dataformat-xml-2.9.0.jar:/home/user/.m2/repository/com/fasterxml/jackson/core/jackson-core/2.9.5/jackson-core-2.9.5.jar:/home/user/.m2/repository/com/fasterxml/jackson/module/jackson-module-jaxb-annotations/2.9.5/jackson-module-jaxb-annotations-2.9.5.jar:/home/user/.m2/repository/javax/enterprise/cdi-api/1.2/cdi-api-1.2.jar:/home/user/.m2/repository/javax/el/javax.el-api/3.0.0/javax.el-api-3.0.0.jar:/home/user/.m2/repository/javax/interceptor/javax.interceptor-api/1.2/javax.interceptor-api-1.2.jar:/home/user/.m2/repository/javax/inject/javax.inject/1/javax.inject-1.jar:/home/user/.m2/repository/com/sun/xml/bind/jaxb-impl/2.3.0.1/jaxb-impl-2.3.0.1.jar:/home/user/.m2/repository/com/sun/xml/bind/jaxb-core/2.3.0.1/jaxb-core-2.3.0.1.jar:/home/user/.m2/repository/javax/xml/bind/jaxb-api/2.3.0/jaxb-api-2.3.0.jar:/home/user/.m2/repository/javax/activation/activation/1.1.1/activation-1.1.1.jar:/home/user/.m2/repository/org/apache/hadoop/hadoop-ozone-csi/0.5.0-SNAPSHOT/hadoop-ozone-csi-0.5.0-SNAPSHOT.jar:/home/user/.m2/repository/com/google/protobuf/protobuf-java-util/3.5.1/protobuf-java-util-3.5.1.jar:/home/user/.m2/repository/org/apache/hadoop/hadoop-hdds-config/0.5.0-SNAPSHOT/hadoop-hdds-config-0.5.0-SNAPSHOT.jar:/home/user/.m2/repository/io/grpc/grpc-netty/1.17.1/grpc-netty-1.17.1.jar:/home/user/.m2/repository/io/grpc/grpc-core/1.17.1/grpc-core-1.17.1.jar:/home/user/.m2/repository/io/grpc/grpc-context/1.17.1/grpc-context-1.17.1.jar:/home/user/.m2/repository/com/google/errorprone/error_prone_annotations/2.2.0/error_prone_annotations-2.2.0.jar:/home/user/.m2/repository/org/codehaus/mojo/animal-sniffer-annotations/1.17/animal-sniffer-annotations-1.17.jar:/home/user/.m2/repository/io/opencensus/opencensus-api/0.17.0/opencensus-api-0.17.0.jar:/home/user/.m2/repository/io/opencensus/opencensus-contrib-grpc-metrics/0.17.0/opencensus-contrib-grpc-metrics-0.17.0.jar:/home/user/.m2/repository/io/netty/netty-codec-http2/4.1.30.Final/netty-codec-http2-4.1.30.Final.jar:/home/user/.m2/repository/io/netty/netty-codec-http/4.1.30.Final/netty-codec-http-4.1.30.Final.jar:/home/user/.m2/repository/io/netty/netty-codec/4.1.30.Final/netty-codec-4.1.30.Final.jar:/home/user/.m2/repository/io/netty/netty-handler/4.1.30.Final/netty-handler-4.1.30.Final.jar:/home/user/.m2/repository/io/netty/netty-handler-proxy/4.1.30.Final/netty-handler-proxy-4.1.30.Final.jar:/home/user/.m2/repository/io/netty/netty-codec-socks/4.1.30.Final/netty-codec-socks-4.1.30.Final.jar:/home/user/.m2/repository/io/netty/netty-transport-native-epoll/4.1.30.Final/netty-transport-native-epoll-4.1.30.Final.jar:/home/user/.m2/repository/io/netty/netty-common/4.1.30.Final/netty-common-4.1.30.Final.jar:/home/user/.m2/repository/io/netty/netty-buffer/4.1.30.Final/netty-buffer-4.1.30.Final.jar:/home/user/.m2/repository/io/netty/netty-transport/4.1.30.Final/netty-transport-4.1.30.Final.jar:/home/user/.m2/repository/io/netty/netty-resolver/4.1.30.Final/netty-resolver-4.1.30.Final.jar:/home/user/.m2/repository/io/netty/netty-transport-native-unix-common/4.1.30.Final/netty-transport-native-unix-common-4.1.30.Final.jar:/home/user/.m2/repository/io/grpc/grpc-protobuf/1.17.1/grpc-protobuf-1.17.1.jar:/home/user/.m2/repository/com/google/api/grpc/proto-google-common-protos/1.0.0/proto-google-common-protos-1.0.0.jar:/home/user/.m2/repository/io/grpc/grpc-protobuf-lite/1.17.1/grpc-protobuf-lite-1.17.1.jar:/home/user/.m2/repository/io/grpc/grpc-stub/1.17.1/grpc-stub-1.17.1.jar:/home/user/.m2/repository/org/apache/hadoop/hadoop-ozone-recon/0.5.0-SNAPSHOT/hadoop-ozone-recon-0.5.0-SNAPSHOT.jar:/home/user/.m2/repository/org/apache/hadoop/hadoop-ozone-reconcodegen/0.5.0-SNAPSHOT/hadoop-ozone-reconcodegen-0.5.0-SNAPSHOT.jar:/home/user/.m2/repository/com/google/inject/extensions/guice-multibindings/4.0/guice-multibindings-4.0.jar:/home/user/.m2/repository/com/google/inject/guice/4.0/guice-4.0.jar:/home/user/.m2/repository/aopalliance/aopalliance/1.0/aopalliance-1.0.jar:/home/user/.m2/repository/com/google/inject/extensions/guice-servlet/4.0/guice-servlet-4.0.jar:/home/user/.m2/repository/org/glassfish/jersey/containers/jersey-container-servlet/2.27/jersey-container-servlet-2.27.jar:/home/user/.m2/repository/org/glassfish/hk2/guice-bridge/2.5.0/guice-bridge-2.5.0.jar:/home/user/.m2/repository/org/glassfish/jersey/core/jersey-server/2.27/jersey-server-2.27.jar:/home/user/.m2/repository/org/glassfish/jersey/core/jersey-client/2.27/jersey-client-2.27.jar:/home/user/.m2/repository/org/glassfish/jersey/media/jersey-media-jaxb/2.27/jersey-media-jaxb-2.27.jar:/home/user/.m2/repository/javax/validation/validation-api/1.1.0.Final/validation-api-1.1.0.Final.jar:/home/user/.m2/repository/org/glassfish/jersey/media/jersey-media-json-jackson/2.27/jersey-media-json-jackson-2.27.jar:/home/user/.m2/repository/org/glassfish/jersey/ext/jersey-entity-filtering/2.27/jersey-entity-filtering-2.27.jar:/home/user/.m2/repository/com/google/inject/extensions/guice-assistedinject/4.0/guice-assistedinject-4.0.jar:/home/user/.m2/repository/org/jooq/jooq/3.11.10/jooq-3.11.10.jar:/home/user/.m2/repository/org/jooq/jooq-meta/3.11.10/jooq-meta-3.11.10.jar:/home/user/.m2/repository/org/jooq/jooq-codegen/3.11.10/jooq-codegen-3.11.10.jar:/home/user/.m2/repository/com/jolbox/bonecp/0.8.0.RELEASE/bonecp-0.8.0.RELEASE.jar:/home/user/.m2/repository/org/xerial/sqlite-jdbc/3.25.2/sqlite-jdbc-3.25.2.jar:/home/user/.m2/repository/org/springframework/spring-jdbc/5.1.3.RELEASE/spring-jdbc-5.1.3.RELEASE.jar:/home/user/.m2/repository/org/springframework/spring-beans/5.1.3.RELEASE/spring-beans-5.1.3.RELEASE.jar:/home/user/.m2/repository/org/springframework/spring-core/5.1.3.RELEASE/spring-core-5.1.3.RELEASE.jar:/home/user/.m2/repository/org/springframework/spring-jcl/5.1.3.RELEASE/spring-jcl-5.1.3.RELEASE.jar:/home/user/.m2/repository/org/springframework/spring-tx/5.1.3.RELEASE/spring-tx-5.1.3.RELEASE.jar:/home/user/.m2/repository/org/apache/hadoop/hadoop-ozone-client/0.5.0-SNAPSHOT/hadoop-ozone-client-0.5.0-SNAPSHOT.jar:/home/user/.m2/repository/commons-lang/commons-lang/2.6/commons-lang-2.6.jar:/home/user/.m2/repository/org/apache/hadoop/hadoop-ozone-ozone-manager/0.5.0-SNAPSHOT/hadoop-ozone-ozone-manager-0.5.0-SNAPSHOT-tests.jar:/home/user/.m2/repository/junit/junit/4.11/junit-4.11.jar:/home/user/.m2/repository/org/hamcrest/hamcrest-core/1.3/hamcrest-core-1.3.jar:/home/user/.m2/repository/org/openjdk/jmh/jmh-core/1.19/jmh-core-1.19.jar:/home/user/.m2/repository/net/sf/jopt-simple/jopt-simple/4.6/jopt-simple-4.6.jar:/home/user/.m2/repository/org/apache/commons/commons-math3/3.1.1/commons-math3-3.1.1.jar:/home/user/.m2/repository/org/openjdk/jmh/jmh-generator-annprocess/1.19/jmh-generator-annprocess-1.19.jar:/home/user/.m2/repository/org/mockito/mockito-all/1.8.5/mockito-all-1.8.5.jar:/home/user/.m2/repository/org/apache/hadoop/hadoop-kms/3.2.0/hadoop-kms-3.2.0.jar:/home/user/.m2/repository/org/apache/hadoop/hadoop-auth/3.2.0/hadoop-auth-3.2.0.jar:/home/user/.m2/repository/com/nimbusds/nimbus-jose-jwt/4.41.1/nimbus-jose-jwt-4.41.1.jar:/home/user/.m2/repository/com/github/stephenc/jcip/jcip-annotations/1.0-1/jcip-annotations-1.0-1.jar:/home/user/.m2/repository/net/minidev/json-smart/2.3/json-smart-2.3.jar:/home/user/.m2/repository/net/minidev/accessors-smart/1.2/accessors-smart-1.2.jar:/home/user/.m2/repository/org/ow2/asm/asm/5.0.4/asm-5.0.4.jar:/home/user/.m2/repository/org/apache/curator/curator-framework/2.12.0/curator-framework-2.12.0.jar:/home/user/.m2/repository/com/sun/jersey/jersey-core/1.19/jersey-core-1.19.jar:/home/user/.m2/repository/javax/ws/rs/jsr311-api/1.1.1/jsr311-api-1.1.1.jar:/home/user/.m2/repository/com/sun/jersey/jersey-server/1.19/jersey-server-1.19.jar:/home/user/.m2/repository/javax/servlet/javax.servlet-api/3.1.0/javax.servlet-api-3.1.0.jar:/home/user/.m2/repository/org/eclipse/jetty/jetty-server/9.3.24.v20180605/jetty-server-9.3.24.v20180605.jar:/home/user/.m2/repository/org/eclipse/jetty/jetty-http/9.3.24.v20180605/jetty-http-9.3.24.v20180605.jar:/home/user/.m2/repository/org/eclipse/jetty/jetty-io/9.3.24.v20180605/jetty-io-9.3.24.v20180605.jar:/home/user/.m2/repository/org/eclipse/jetty/jetty-webapp/9.3.24.v20180605/jetty-webapp-9.3.24.v20180605.jar:/home/user/.m2/repository/org/eclipse/jetty/jetty-xml/9.3.24.v20180605/jetty-xml-9.3.24.v20180605.jar:/home/user/.m2/repository/log4j/log4j/1.2.17/log4j-1.2.17.jar:/home/user/.m2/repository/org/slf4j/slf4j-api/1.7.25/slf4j-api-1.7.25.jar:/home/user/.m2/repository/org/slf4j/jul-to-slf4j/1.7.25/jul-to-slf4j-1.7.25.jar:/home/user/.m2/repository/org/eclipse/jetty/jetty-util/9.3.24.v20180605/jetty-util-9.3.24.v20180605.jar:/home/user/.m2/repository/com/fasterxml/jackson/core/jackson-databind/2.9.5/jackson-databind-2.9.5.jar:/home/user/.m2/repository/org/apache/hadoop/hadoop-kms/3.2.0/hadoop-kms-3.2.0-tests.jar:/home/user/.m2/repository/org/apache/hadoop/hadoop-hdds-server-scm/0.5.0-SNAPSHOT/hadoop-hdds-server-scm-0.5.0-SNAPSHOT-tests.jar:/home/user/.m2/repository/org/apache/hadoop/hadoop-hdds-container-service/0.5.0-SNAPSHOT/hadoop-hdds-container-service-0.5.0-SNAPSHOT-tests.jar:/home/user/.m2/repository/org/yaml/snakeyaml/1.16/snakeyaml-1.16.jar:/home/user/.m2/repository/org/apache/hadoop/hadoop-common/3.2.0/hadoop-common-3.2.0-tests.jar:/home/user/.m2/repository/org/apache/hadoop/hadoop-annotations/3.2.0/hadoop-annotations-3.2.0.jar:/usr/lib/jvm/java-1.8-openjdk/jre/../lib/tools.jar:/home/user/.m2/repository/commons-cli/commons-cli/1.2/commons-cli-1.2.jar:/home/user/.m2/repository/org/apache/httpcomponents/httpclient/4.5.2/httpclient-4.5.2.jar:/home/user/.m2/repository/org/apache/httpcomponents/httpcore/4.4.4/httpcore-4.4.4.jar:/home/user/.m2/repository/commons-codec/commons-codec/1.11/commons-codec-1.11.jar:/home/user/.m2/repository/commons-net/commons-net/3.6/commons-net-3.6.jar:/home/user/.m2/repository/commons-collections/commons-collections/3.2.2/commons-collections-3.2.2.jar:/home/user/.m2/repository/org/eclipse/jetty/jetty-servlet/9.3.24.v20180605/jetty-servlet-9.3.24.v20180605.jar:/home/user/.m2/repository/org/eclipse/jetty/jetty-security/9.3.24.v20180605/jetty-security-9.3.24.v20180605.jar:/home/user/.m2/repository/javax/servlet/jsp/jsp-api/2.1/jsp-api-2.1.jar:/home/user/.m2/repository/com/sun/jersey/jersey-servlet/1.19/jersey-servlet-1.19.jar:/home/user/.m2/repository/com/sun/jersey/jersey-json/1.19/jersey-json-1.19.jar:/home/user/.m2/repository/org/codehaus/jettison/jettison/1.1/jettison-1.1.jar:/home/user/.m2/repository/org/codehaus/jackson/jackson-core-asl/1.9.13/jackson-core-asl-1.9.13.jar:/home/user/.m2/repository/org/codehaus/jackson/jackson-mapper-asl/1.9.13/jackson-mapper-asl-1.9.13.jar:/home/user/.m2/repository/org/codehaus/jackson/jackson-jaxrs/1.9.13/jackson-jaxrs-1.9.13.jar:/home/user/.m2/repository/org/codehaus/jackson/jackson-xc/1.9.13/jackson-xc-1.9.13.jar:/home/user/.m2/repository/commons-logging/commons-logging/1.1.3/commons-logging-1.1.3.jar:/home/user/.m2/repository/commons-beanutils/commons-beanutils/1.9.3/commons-beanutils-1.9.3.jar:/home/user/.m2/repository/org/apache/commons/commons-configuration2/2.1.1/commons-configuration2-2.1.1.jar:/home/user/.m2/repository/org/apache/commons/commons-lang3/3.7/commons-lang3-3.7.jar:/home/user/.m2/repository/org/apache/commons/commons-text/1.4/commons-text-1.4.jar:/home/user/.m2/repository/org/apache/avro/avro/1.7.7/avro-1.7.7.jar:/home/user/.m2/repository/com/thoughtworks/paranamer/paranamer/2.3/paranamer-2.3.jar:/home/user/.m2/repository/org/xerial/snappy/snappy-java/1.0.5/snappy-java-1.0.5.jar:/home/user/.m2/repository/com/google/re2j/re2j/1.1/re2j-1.1.jar:/home/user/.m2/repository/com/google/code/gson/gson/2.2.4/gson-2.2.4.jar:/home/user/.m2/repository/com/jcraft/jsch/0.1.54/jsch-0.1.54.jar:/home/user/.m2/repository/org/apache/curator/curator-client/2.12.0/curator-client-2.12.0.jar:/home/user/.m2/repository/org/apache/curator/curator-recipes/2.12.0/curator-recipes-2.12.0.jar:/home/user/.m2/repository/com/google/code/findbugs/jsr305/3.0.0/jsr305-3.0.0.jar:/home/user/.m2/repository/org/apache/htrace/htrace-core4/4.1.0-incubating/htrace-core4-4.1.0-incubating.jar:/home/user/.m2/repository/org/apache/zookeeper/zookeeper/3.4.13/zookeeper-3.4.13.jar:/home/user/.m2/repository/org/apache/yetus/audience-annotations/0.5.0/audience-annotations-0.5.0.jar:/home/user/.m2/repository/org/codehaus/woodstox/stax2-api/3.1.4/stax2-api-3.1.4.jar:/home/user/.m2/repository/com/fasterxml/woodstox/woodstox-core/5.0.3/woodstox-core-5.0.3.jar:/home/user/.m2/repository/dnsjava/dnsjava/2.1.7/dnsjava-2.1.7.jar:/home/user/.m2/repository/org/apache/hadoop/hadoop-hdfs/3.2.0/hadoop-hdfs-3.2.0-tests.jar:/home/user/.m2/repository/org/eclipse/jetty/jetty-util-ajax/9.3.24.v20180605/jetty-util-ajax-9.3.24.v20180605.jar:/home/user/.m2/repository/commons-daemon/commons-daemon/1.0.13/commons-daemon-1.0.13.jar:/home/user/.m2/repository/io/netty/netty/3.10.5.Final/netty-3.10.5.Final.jar:/home/user/.m2/repository/io/netty/netty-all/4.0.52.Final/netty-all-4.0.52.Final.jar:/home/user/.m2/repository/org/fusesource/leveldbjni/leveldbjni-all/1.8/leveldbjni-all-1.8.jar:"/>
    <property name="sun.cpu.endian" value="little"/>
    <property name="user.home" value="/home/user"/>
    <property name="user.language" value="en"/>
    <property name="java.specification.vendor" value="Oracle Corporation"/>
    <property name="java.home" value="/usr/lib/jvm/java-1.8-openjdk/jre"/>
    <property name="java.security.krb5.conf" value="/workdir/hadoop-ozone/integration-test/target/test-classes/krb5.conf"/>
    <property name="basedir" value="/workdir/hadoop-ozone/integration-test"/>
    <property name="file.separator" value="/"/>
    <property name="line.separator" value="&#10;"/>
    <property name="java.vm.specification.vendor" value="Oracle Corporation"/>
    <property name="java.specification.name" value="Java Platform API Specification"/>
    <property name="java.awt.graphicsenv" value="sun.awt.X11GraphicsEnvironment"/>
    <property name="surefire.real.class.path" value="/workdir/hadoop-ozone/integration-test/target/surefire/surefirebooter8384288905016140190.jar"/>
    <property name="hadoop.log.dir" value="/workdir/hadoop-ozone/integration-test/target/log"/>
    <property name="sun.boot.class.path" value="/usr/lib/jvm/java-1.8-openjdk/jre/lib/resources.jar:/usr/lib/jvm/java-1.8-openjdk/jre/lib/rt.jar:/usr/lib/jvm/java-1.8-openjdk/jre/lib/sunrsasign.jar:/usr/lib/jvm/java-1.8-openjdk/jre/lib/jsse.jar:/usr/lib/jvm/java-1.8-openjdk/jre/lib/jce.jar:/usr/lib/jvm/java-1.8-openjdk/jre/lib/charsets.jar:/usr/lib/jvm/java-1.8-openjdk/jre/lib/jfr.jar:/usr/lib/jvm/java-1.8-openjdk/jre/classes"/>
    <property name="sun.management.compiler" value="HotSpot 64-Bit Tiered Compilers"/>
    <property name="java.runtime.version" value="1.8.0_212-b04"/>
    <property name="java.net.preferIPv4Stack" value="true"/>
    <property name="user.name" value="jenkins1000"/>
    <property name="path.separator" value=":"/>
    <property name="java.security.egd" value="file:///dev/urandom"/>
    <property name="os.version" value="3.10.0-957.12.2.el7.x86_64"/>
    <property name="java.endorsed.dirs" value="/usr/lib/jvm/java-1.8-openjdk/jre/lib/endorsed"/>
    <property name="java.runtime.name" value="OpenJDK Runtime Environment"/>
    <property name="file.encoding" value="UTF-8"/>
    <property name="java.vm.name" value="OpenJDK 64-Bit Server VM"/>
    <property name="test.build.webapps" value=""/>
    <property name="localRepository" value="/home/user/.m2/repository"/>
    <property name="java.vendor.url.bug" value="https://icedtea.classpath.org/bugzilla"/>
    <property name="java.io.tmpdir" value="/tmp"/>
    <property name="require.test.libhadoop" value=""/>
    <property name="java.version" value="1.8.0_212"/>
    <property name="user.dir" value="/workdir/hadoop-ozone/integration-test"/>
    <property name="os.arch" value="amd64"/>
    <property name="java.vm.specification.name" value="Java Virtual Machine Specification"/>
    <property name="test.build.classes" value="/workdir/hadoop-ozone/integration-test/target/test-classes"/>
    <property name="java.awt.printerjob" value="sun.print.PSPrinterJob"/>
    <property name="sun.os.patch.level" value="unknown"/>
    <property name="hadoop.tmp.dir" value="/workdir/hadoop-ozone/integration-test/target/tmp"/>
    <property name="java.library.path" value="/usr/lib/jvm/java-1.8-openjdk/jre/lib/amd64/server:/usr/lib/jvm/java-1.8-openjdk/jre/lib/amd64:/usr/lib/jvm/java-1.8-openjdk/jre/../lib/amd64:/workdir/hadoop-ozone/integration-test/target/native/target/usr/local/lib:/workdir/hadoop-ozone/integration-test/../../hadoop-common-project/hadoop-common/target/native/target/usr/local/lib:/usr/java/packages/lib/amd64:/usr/lib64:/lib64:/lib:/usr/lib"/>
    <property name="java.vm.info" value="mixed mode"/>
    <property name="java.vendor" value="IcedTea"/>
    <property name="java.vm.version" value="25.212-b04"/>
    <property name="java.ext.dirs" value="/usr/lib/jvm/java-1.8-openjdk/jre/lib/ext:/usr/java/packages/lib/ext"/>
    <property name="sun.io.unicode.encoding" value="UnicodeLittle"/>
    <property name="java.class.version" value="52.0"/>
  </properties>
  <testcase name="test2DatanodesFailure" classname="org.apache.hadoop.ozone.client.rpc.TestBlockOutputStreamWithFailures" time="111.675">
    <error message="Allocated 0 blocks. Requested 1 blocks" type="INTERNAL_ERROR org.apache.hadoop.ozone.om.exceptions.OMException">INTERNAL_ERROR org.apache.hadoop.ozone.om.exceptions.OMException: Allocated 0 blocks. Requested 1 blocks
	at org.apache.hadoop.ozone.om.protocolPB.OzoneManagerProtocolClientSideTranslatorPB.handleError(OzoneManagerProtocolClientSideTranslatorPB.java:725)
	at org.apache.hadoop.ozone.om.protocolPB.OzoneManagerProtocolClientSideTranslatorPB.allocateBlock(OzoneManagerProtocolClientSideTranslatorPB.java:757)
	at org.apache.hadoop.ozone.client.io.BlockOutputStreamEntryPool.allocateNewBlock(BlockOutputStreamEntryPool.java:248)
	at org.apache.hadoop.ozone.client.io.BlockOutputStreamEntryPool.allocateBlockIfNeeded(BlockOutputStreamEntryPool.java:296)
	at org.apache.hadoop.ozone.client.io.KeyOutputStream.handleWrite(KeyOutputStream.java:201)
	at org.apache.hadoop.ozone.client.io.KeyOutputStream.handleRetry(KeyOutputStream.java:376)
	at org.apache.hadoop.ozone.client.io.KeyOutputStream.handleException(KeyOutputStream.java:325)
	at org.apache.hadoop.ozone.client.io.KeyOutputStream.handleFlushOrClose(KeyOutputStream.java:448)
	at org.apache.hadoop.ozone.client.io.KeyOutputStream.flush(KeyOutputStream.java:396)
	at org.apache.hadoop.ozone.client.io.OzoneOutputStream.flush(OzoneOutputStream.java:54)
	at org.apache.hadoop.ozone.client.rpc.TestBlockOutputStreamWithFailures.test2DatanodesFailure(TestBlockOutputStreamWithFailures.java:502)
	at sun.reflect.NativeMethodAccessorImpl.invoke0(Native Method)
	at sun.reflect.NativeMethodAccessorImpl.invoke(NativeMethodAccessorImpl.java:62)
	at sun.reflect.DelegatingMethodAccessorImpl.invoke(DelegatingMethodAccessorImpl.java:43)
	at java.lang.reflect.Method.invoke(Method.java:498)
	at org.junit.runners.model.FrameworkMethod$1.runReflectiveCall(FrameworkMethod.java:47)
	at org.junit.internal.runners.model.ReflectiveCallable.run(ReflectiveCallable.java:12)
	at org.junit.runners.model.FrameworkMethod.invokeExplosively(FrameworkMethod.java:44)
	at org.junit.internal.runners.statements.InvokeMethod.evaluate(InvokeMethod.java:17)
	at org.junit.internal.runners.statements.RunBefores.evaluate(RunBefores.java:26)
	at org.junit.internal.runners.statements.RunAfters.evaluate(RunAfters.java:27)
	at org.junit.runners.ParentRunner.runLeaf(ParentRunner.java:271)
	at org.junit.runners.BlockJUnit4ClassRunner.runChild(BlockJUnit4ClassRunner.java:70)
	at org.junit.runners.BlockJUnit4ClassRunner.runChild(BlockJUnit4ClassRunner.java:50)
	at org.junit.runners.ParentRunner$3.run(ParentRunner.java:238)
	at org.junit.runners.ParentRunner$1.schedule(ParentRunner.java:63)
	at org.junit.runners.ParentRunner.runChildren(ParentRunner.java:236)
	at org.junit.runners.ParentRunner.access$000(ParentRunner.java:53)
	at org.junit.runners.ParentRunner$2.evaluate(ParentRunner.java:229)
	at org.junit.runners.ParentRunner.run(ParentRunner.java:309)
	at org.apache.maven.surefire.junit4.JUnit4Provider.execute(JUnit4Provider.java:365)
	at org.apache.maven.surefire.junit4.JUnit4Provider.executeWithRerun(JUnit4Provider.java:273)
	at org.apache.maven.surefire.junit4.JUnit4Provider.executeTestSet(JUnit4Provider.java:238)
	at org.apache.maven.surefire.junit4.JUnit4Provider.invoke(JUnit4Provider.java:159)
	at org.apache.maven.surefire.booter.ForkedBooter.invokeProviderInSameClassLoader(ForkedBooter.java:384)
	at org.apache.maven.surefire.booter.ForkedBooter.runSuitesInProcess(ForkedBooter.java:345)
	at org.apache.maven.surefire.booter.ForkedBooter.execute(ForkedBooter.java:126)
	at org.apache.maven.surefire.booter.ForkedBooter.main(ForkedBooter.java:418)
</error>
    <system-out><![CDATA[2019-09-06 22:20:19,424 [main] WARN  server.ServerUtils (ServerUtils.java:getScmDbDir(145)) - ozone.scm.db.dirs is not configured. We recommend adding this setting. Falling back to ozone.metadata.dirs instead.
2019-09-06 22:20:19,580 [main] WARN  server.ServerUtils (ServerUtils.java:getScmDbDir(145)) - ozone.scm.db.dirs is not configured. We recommend adding this setting. Falling back to ozone.metadata.dirs instead.
2019-09-06 22:20:19,583 [main] WARN  server.ServerUtils (ServerUtils.java:getScmDbDir(145)) - ozone.scm.db.dirs is not configured. We recommend adding this setting. Falling back to ozone.metadata.dirs instead.
2019-09-06 22:20:19,602 [main] INFO  util.log (Log.java:initialized(192)) - Logging initialized @865ms
2019-09-06 22:20:19,733 [main] INFO  db.DBStoreBuilder (DBStoreBuilder.java:addTable(110)) - using custom profile for table: deletedBlocks
2019-09-06 22:20:19,733 [main] INFO  db.DBStoreBuilder (DBStoreBuilder.java:processTables(161)) - Using default column profile:DBProfile.DISK for Table:deletedBlocks
2019-09-06 22:20:19,734 [main] INFO  db.DBStoreBuilder (DBStoreBuilder.java:addTable(110)) - using custom profile for table: validCerts
2019-09-06 22:20:19,734 [main] INFO  db.DBStoreBuilder (DBStoreBuilder.java:processTables(161)) - Using default column profile:DBProfile.DISK for Table:validCerts
2019-09-06 22:20:19,734 [main] INFO  db.DBStoreBuilder (DBStoreBuilder.java:addTable(110)) - using custom profile for table: revokedCerts
2019-09-06 22:20:19,735 [main] INFO  db.DBStoreBuilder (DBStoreBuilder.java:processTables(161)) - Using default column profile:DBProfile.DISK for Table:revokedCerts
2019-09-06 22:20:19,747 [main] INFO  db.DBStoreBuilder (DBStoreBuilder.java:addTable(110)) - using custom profile for table: default
2019-09-06 22:20:19,747 [main] INFO  db.DBStoreBuilder (DBStoreBuilder.java:processTables(167)) - Using default column profile:DBProfile.DISK for Table:default
2019-09-06 22:20:19,749 [main] INFO  db.DBStoreBuilder (DBStoreBuilder.java:getDbProfile(198)) - Using default options. DBProfile.DISK
2019-09-06 22:20:20,036 [main] INFO  net.NodeSchemaLoader (NodeSchemaLoader.java:loadSchemaFromFile(125)) - Loading file from sun.misc.CompoundEnumeration@4218d6a3
2019-09-06 22:20:20,038 [main] INFO  net.NodeSchemaLoader (NodeSchemaLoader.java:loadSchema(171)) - Loading network topology layer schema file
2019-09-06 22:20:20,109 [main] INFO  node.SCMNodeManager (SCMNodeManager.java:<init>(114)) - Entering startup safe mode.
2019-09-06 22:20:20,182 [main] INFO  algorithms.ContainerPlacementPolicyFactory (ContainerPlacementPolicyFactory.java:getPolicy(55)) - Create container placement policy of type org.apache.hadoop.hdds.scm.container.placement.algorithms.SCMContainerPlacementRandom
2019-09-06 22:20:20,197 [main] WARN  server.ServerUtils (ServerUtils.java:getScmDbDir(145)) - ozone.scm.db.dirs is not configured. We recommend adding this setting. Falling back to ozone.metadata.dirs instead.
2019-09-06 22:20:20,270 [main] INFO  pipeline.SCMPipelineManager (SCMPipelineManager.java:initializePipelineState(128)) - No pipeline exists in current db
2019-09-06 22:20:20,273 [main] WARN  server.ServerUtils (ServerUtils.java:getScmDbDir(145)) - ozone.scm.db.dirs is not configured. We recommend adding this setting. Falling back to ozone.metadata.dirs instead.
2019-09-06 22:20:20,384 [main] WARN  events.EventQueue (EventQueue.java:fireEvent(183)) - No event handler registered for event TypedEvent{payloadType=SafeModeStatus, name='SafeModeStatus'}
2019-09-06 22:20:20,748 [main] INFO  ipc.CallQueueManager (CallQueueManager.java:<init>(84)) - Using callQueue: class java.util.concurrent.LinkedBlockingQueue, queueCapacity: 2000, scheduler: class org.apache.hadoop.ipc.DefaultRpcScheduler, ipcBackoff: false.
2019-09-06 22:20:20,777 [Socket Reader #1 for port 39639] INFO  ipc.Server (Server.java:run(1074)) - Starting Socket Reader #1 for port 39639
2019-09-06 22:20:20,929 [main] INFO  ipc.CallQueueManager (CallQueueManager.java:<init>(84)) - Using callQueue: class java.util.concurrent.LinkedBlockingQueue, queueCapacity: 2000, scheduler: class org.apache.hadoop.ipc.DefaultRpcScheduler, ipcBackoff: false.
2019-09-06 22:20:20,930 [Socket Reader #1 for port 36804] INFO  ipc.Server (Server.java:run(1074)) - Starting Socket Reader #1 for port 36804
2019-09-06 22:20:20,941 [main] INFO  ipc.CallQueueManager (CallQueueManager.java:<init>(84)) - Using callQueue: class java.util.concurrent.LinkedBlockingQueue, queueCapacity: 2000, scheduler: class org.apache.hadoop.ipc.DefaultRpcScheduler, ipcBackoff: false.
2019-09-06 22:20:20,943 [Socket Reader #1 for port 39542] INFO  ipc.Server (Server.java:run(1074)) - Starting Socket Reader #1 for port 39542
2019-09-06 22:20:20,969 [main] INFO  hdfs.DFSUtil (DFSUtil.java:httpServerTemplateForNNAndJN(1641)) - Starting Web-server for scm at: http://0.0.0.0:0
2019-09-06 22:20:21,151 [main] INFO  server.AuthenticationFilter (AuthenticationFilter.java:constructSecretProvider(240)) - Unable to initialize FileSignerSecretProvider, falling back to use random secrets.
2019-09-06 22:20:21,159 [main] WARN  http.HttpRequestLog (HttpRequestLog.java:getRequestLog(97)) - Jetty request log can only be enabled using Log4j
2019-09-06 22:20:21,168 [main] INFO  http.HttpServer2 (HttpServer2.java:addGlobalFilter(975)) - Added global filter 'safety' (class=org.apache.hadoop.http.HttpServer2$QuotingInputFilter)
2019-09-06 22:20:21,171 [main] INFO  http.HttpServer2 (HttpServer2.java:addFilter(948)) - Added filter static_user_filter (class=org.apache.hadoop.http.lib.StaticUserWebFilter$StaticUserFilter) to context scm
2019-09-06 22:20:21,172 [main] INFO  http.HttpServer2 (HttpServer2.java:addFilter(958)) - Added filter static_user_filter (class=org.apache.hadoop.http.lib.StaticUserWebFilter$StaticUserFilter) to context logs
2019-09-06 22:20:21,172 [main] INFO  http.HttpServer2 (HttpServer2.java:addFilter(958)) - Added filter static_user_filter (class=org.apache.hadoop.http.lib.StaticUserWebFilter$StaticUserFilter) to context static
2019-09-06 22:20:21,208 [main] INFO  server.StorageContainerManager (StorageContainerManager.java:start(759)) - StorageContainerLocationProtocol RPC server is listening at /0.0.0.0:39542
2019-09-06 22:20:21,307 [main] WARN  impl.MetricsConfig (MetricsConfig.java:loadFirst(134)) - Cannot locate configuration: tried hadoop-metrics2-storagecontainermanager.properties,hadoop-metrics2.properties
2019-09-06 22:20:21,323 [main] INFO  impl.MetricsSystemImpl (MetricsSystemImpl.java:startTimer(374)) - Scheduled Metric snapshot period at 10 second(s).
2019-09-06 22:20:21,323 [main] INFO  impl.MetricsSystemImpl (MetricsSystemImpl.java:start(191)) - StorageContainerManager metrics system started
2019-09-06 22:20:21,564 [main] INFO  server.SCMClientProtocolServer (SCMClientProtocolServer.java:start(151)) - RPC server for Client  is listening at /0.0.0.0:39542
2019-09-06 22:20:21,564 [IPC Server Responder] INFO  ipc.Server (Server.java:run(1314)) - IPC Server Responder: starting
2019-09-06 22:20:21,564 [IPC Server listener on 39542] INFO  ipc.Server (Server.java:run(1153)) - IPC Server listener on 39542: starting
2019-09-06 22:20:21,568 [main] INFO  server.StorageContainerManager (StorageContainerManager.java:start(769)) - ScmBlockLocationProtocol RPC server is listening at /0.0.0.0:36804
2019-09-06 22:20:21,569 [main] INFO  server.SCMBlockProtocolServer (SCMBlockProtocolServer.java:start(146)) - RPC server for Block Protocol is listening at /0.0.0.0:36804
2019-09-06 22:20:21,570 [IPC Server Responder] INFO  ipc.Server (Server.java:run(1314)) - IPC Server Responder: starting
2019-09-06 22:20:21,570 [IPC Server listener on 36804] INFO  ipc.Server (Server.java:run(1153)) - IPC Server listener on 36804: starting
2019-09-06 22:20:21,572 [main] INFO  server.StorageContainerManager (StorageContainerManager.java:start(773)) - ScmDatanodeProtocl RPC server is listening at /0.0.0.0:39639
2019-09-06 22:20:21,573 [main] INFO  server.SCMDatanodeProtocolServer (SCMDatanodeProtocolServer.java:start(191)) - RPC server for DataNodes is listening at /0.0.0.0:39639
2019-09-06 22:20:21,573 [IPC Server Responder] INFO  ipc.Server (Server.java:run(1314)) - IPC Server Responder: starting
2019-09-06 22:20:21,573 [IPC Server listener on 39639] INFO  ipc.Server (Server.java:run(1153)) - IPC Server listener on 39639: starting
2019-09-06 22:20:21,577 [main] INFO  http.HttpServer2 (HttpServer2.java:bindListener(1191)) - Jetty bound to port 40151
2019-09-06 22:20:21,579 [main] INFO  server.Server (Server.java:doStart(351)) - jetty-9.3.24.v20180605, build timestamp: 2018-06-05T17:11:56Z, git hash: 84205aa28f11a4f31f2a3b86d1bba2cc8ab69827
2019-09-06 22:20:21,629 [main] INFO  handler.ContextHandler (ContextHandler.java:doStart(781)) - Started o.e.j.s.ServletContextHandler@732f29af{/logs,file:///workdir/hadoop-ozone/integration-test/target/log,AVAILABLE}
2019-09-06 22:20:21,630 [main] INFO  handler.ContextHandler (ContextHandler.java:doStart(781)) - Started o.e.j.s.ServletContextHandler@6622fc65{/static,file:///workdir/hadoop-ozone/integration-test/target/test-classes/webapps/static,AVAILABLE}
2019-09-06 22:20:21,667 [main] INFO  handler.ContextHandler (ContextHandler.java:doStart(781)) - Started o.e.j.w.WebAppContext@7555b920{/,file:///workdir/hadoop-ozone/integration-test/target/test-classes/webapps/scm/,AVAILABLE}{/scm}
2019-09-06 22:20:21,673 [main] INFO  server.AbstractConnector (AbstractConnector.java:doStart(278)) - Started ServerConnector@6db66836{HTTP/1.1,[http/1.1]}{0.0.0.0:40151}
2019-09-06 22:20:21,674 [main] INFO  server.Server (Server.java:doStart(419)) - Started @2937ms
2019-09-06 22:20:21,676 [main] INFO  impl.MetricsSinkAdapter (MetricsSinkAdapter.java:start(204)) - Sink prometheus started
2019-09-06 22:20:21,676 [main] INFO  impl.MetricsSystemImpl (MetricsSystemImpl.java:registerSink(301)) - Registered sink prometheus
2019-09-06 22:20:21,677 [main] INFO  server.BaseHttpServer (BaseHttpServer.java:updateConnectorAddress(215)) - HTTP server of SCM is listening at http://0.0.0.0:40151
2019-09-06 22:20:21,683 [org.apache.hadoop.util.JvmPauseMonitor$Monitor@78461bc4] INFO  util.JvmPauseMonitor (JvmPauseMonitor.java:run(188)) - Starting JVM pause monitor
2019-09-06 22:20:21,685 [main] WARN  server.ServerUtils (ServerUtils.java:getDBPath(222)) - ozone.om.db.dirs is not configured. We recommend adding this setting. Falling back to ozone.metadata.dirs instead.
2019-09-06 22:20:21,804 [main] WARN  server.ServerUtils (ServerUtils.java:getDBPath(222)) - ozone.om.db.dirs is not configured. We recommend adding this setting. Falling back to ozone.metadata.dirs instead.
2019-09-06 22:20:21,805 [main] WARN  server.ServerUtils (ServerUtils.java:getDBPath(222)) - ozone.om.db.dirs is not configured. We recommend adding this setting. Falling back to ozone.metadata.dirs instead.
2019-09-06 22:20:21,806 [main] INFO  om.OzoneManager (OzoneManager.java:setOMNodeDetails(649)) - OM Service ID is not set. Setting it to the default ID: omServiceIdDefault
2019-09-06 22:20:21,806 [main] INFO  om.OzoneManager (OzoneManager.java:setOMNodeDetails(655)) - OM Node ID is not set. Setting it to the OmStorage's OmID: 9424ee5b-a881-4b28-966b-458a77601dd0
2019-09-06 22:20:21,807 [main] INFO  om.OzoneManager (OzoneManager.java:loadOMHAConfigs(606)) - Found matching OM address with OMServiceId: null, OMNodeId: null, RPC Address: localhost:0 and Ratis port: 9872
2019-09-06 22:20:22,550 [main] WARN  server.ServerUtils (ServerUtils.java:getDBPath(222)) - ozone.om.db.dirs is not configured. We recommend adding this setting. Falling back to ozone.metadata.dirs instead.
2019-09-06 22:20:22,558 [main] INFO  db.DBStoreBuilder (DBStoreBuilder.java:addTable(110)) - using custom profile for table: userTable
2019-09-06 22:20:22,558 [main] INFO  db.DBStoreBuilder (DBStoreBuilder.java:processTables(161)) - Using default column profile:DBProfile.DISK for Table:userTable
2019-09-06 22:20:22,559 [main] INFO  db.DBStoreBuilder (DBStoreBuilder.java:addTable(110)) - using custom profile for table: volumeTable
2019-09-06 22:20:22,559 [main] INFO  db.DBStoreBuilder (DBStoreBuilder.java:processTables(161)) - Using default column profile:DBProfile.DISK for Table:volumeTable
2019-09-06 22:20:22,559 [main] INFO  db.DBStoreBuilder (DBStoreBuilder.java:addTable(110)) - using custom profile for table: bucketTable
2019-09-06 22:20:22,559 [main] INFO  db.DBStoreBuilder (DBStoreBuilder.java:processTables(161)) - Using default column profile:DBProfile.DISK for Table:bucketTable
2019-09-06 22:20:22,560 [main] INFO  db.DBStoreBuilder (DBStoreBuilder.java:addTable(110)) - using custom profile for table: keyTable
2019-09-06 22:20:22,560 [main] INFO  db.DBStoreBuilder (DBStoreBuilder.java:processTables(161)) - Using default column profile:DBProfile.DISK for Table:keyTable
2019-09-06 22:20:22,560 [main] INFO  db.DBStoreBuilder (DBStoreBuilder.java:addTable(110)) - using custom profile for table: deletedTable
2019-09-06 22:20:22,560 [main] INFO  db.DBStoreBuilder (DBStoreBuilder.java:processTables(161)) - Using default column profile:DBProfile.DISK for Table:deletedTable
2019-09-06 22:20:22,561 [main] INFO  db.DBStoreBuilder (DBStoreBuilder.java:addTable(110)) - using custom profile for table: openKeyTable
2019-09-06 22:20:22,561 [main] INFO  db.DBStoreBuilder (DBStoreBuilder.java:processTables(161)) - Using default column profile:DBProfile.DISK for Table:openKeyTable
2019-09-06 22:20:22,561 [main] INFO  db.DBStoreBuilder (DBStoreBuilder.java:addTable(110)) - using custom profile for table: s3Table
2019-09-06 22:20:22,561 [main] INFO  db.DBStoreBuilder (DBStoreBuilder.java:processTables(161)) - Using default column profile:DBProfile.DISK for Table:s3Table
2019-09-06 22:20:22,562 [main] INFO  db.DBStoreBuilder (DBStoreBuilder.java:addTable(110)) - using custom profile for table: multipartInfoTable
2019-09-06 22:20:22,562 [main] INFO  db.DBStoreBuilder (DBStoreBuilder.java:processTables(161)) - Using default column profile:DBProfile.DISK for Table:multipartInfoTable
2019-09-06 22:20:22,562 [main] INFO  db.DBStoreBuilder (DBStoreBuilder.java:addTable(110)) - using custom profile for table: dTokenTable
2019-09-06 22:20:22,563 [main] INFO  db.DBStoreBuilder (DBStoreBuilder.java:processTables(161)) - Using default column profile:DBProfile.DISK for Table:dTokenTable
2019-09-06 22:20:22,563 [main] INFO  db.DBStoreBuilder (DBStoreBuilder.java:addTable(110)) - using custom profile for table: s3SecretTable
2019-09-06 22:20:22,563 [main] INFO  db.DBStoreBuilder (DBStoreBuilder.java:processTables(161)) - Using default column profile:DBProfile.DISK for Table:s3SecretTable
2019-09-06 22:20:22,563 [main] INFO  db.DBStoreBuilder (DBStoreBuilder.java:addTable(110)) - using custom profile for table: prefixTable
2019-09-06 22:20:22,564 [main] INFO  db.DBStoreBuilder (DBStoreBuilder.java:processTables(161)) - Using default column profile:DBProfile.DISK for Table:prefixTable
2019-09-06 22:20:22,564 [main] INFO  db.DBStoreBuilder (DBStoreBuilder.java:addTable(110)) - using custom profile for table: default
2019-09-06 22:20:22,564 [main] INFO  db.DBStoreBuilder (DBStoreBuilder.java:processTables(167)) - Using default column profile:DBProfile.DISK for Table:default
2019-09-06 22:20:22,564 [main] INFO  db.DBStoreBuilder (DBStoreBuilder.java:getDbProfile(198)) - Using default options. DBProfile.DISK
2019-09-06 22:20:23,651 [main] INFO  ipc.CallQueueManager (CallQueueManager.java:<init>(84)) - Using callQueue: class java.util.concurrent.LinkedBlockingQueue, queueCapacity: 2000, scheduler: class org.apache.hadoop.ipc.DefaultRpcScheduler, ipcBackoff: false.
2019-09-06 22:20:23,652 [Socket Reader #1 for port 46440] INFO  ipc.Server (Server.java:run(1074)) - Starting Socket Reader #1 for port 46440
2019-09-06 22:20:23,688 [main] INFO  om.OzoneManager (OzoneManager.java:start(1240)) - OzoneManager RPC server is listening at localhost/127.0.0.1:46440
2019-09-06 22:20:23,689 [main] INFO  impl.MetricsSystemImpl (MetricsSystemImpl.java:init(158)) - OzoneManager metrics system started (again)
2019-09-06 22:20:23,693 [IPC Server Responder] INFO  ipc.Server (Server.java:run(1314)) - IPC Server Responder: starting
2019-09-06 22:20:23,694 [IPC Server listener on 46440] INFO  ipc.Server (Server.java:run(1153)) - IPC Server listener on 46440: starting
2019-09-06 22:20:23,702 [main] INFO  hdfs.DFSUtil (DFSUtil.java:httpServerTemplateForNNAndJN(1641)) - Starting Web-server for ozoneManager at: http://0.0.0.0:0
2019-09-06 22:20:23,705 [main] INFO  server.AuthenticationFilter (AuthenticationFilter.java:constructSecretProvider(240)) - Unable to initialize FileSignerSecretProvider, falling back to use random secrets.
2019-09-06 22:20:23,706 [main] WARN  http.HttpRequestLog (HttpRequestLog.java:getRequestLog(97)) - Jetty request log can only be enabled using Log4j
2019-09-06 22:20:23,710 [main] INFO  http.HttpServer2 (HttpServer2.java:addGlobalFilter(975)) - Added global filter 'safety' (class=org.apache.hadoop.http.HttpServer2$QuotingInputFilter)
2019-09-06 22:20:23,711 [main] INFO  http.HttpServer2 (HttpServer2.java:addFilter(948)) - Added filter static_user_filter (class=org.apache.hadoop.http.lib.StaticUserWebFilter$StaticUserFilter) to context ozoneManager
2019-09-06 22:20:23,711 [main] INFO  http.HttpServer2 (HttpServer2.java:addFilter(958)) - Added filter static_user_filter (class=org.apache.hadoop.http.lib.StaticUserWebFilter$StaticUserFilter) to context logs
2019-09-06 22:20:23,711 [main] INFO  http.HttpServer2 (HttpServer2.java:addFilter(958)) - Added filter static_user_filter (class=org.apache.hadoop.http.lib.StaticUserWebFilter$StaticUserFilter) to context static
2019-09-06 22:20:23,714 [main] INFO  http.HttpServer2 (HttpServer2.java:bindListener(1191)) - Jetty bound to port 36602
2019-09-06 22:20:23,715 [main] INFO  server.Server (Server.java:doStart(351)) - jetty-9.3.24.v20180605, build timestamp: 2018-06-05T17:11:56Z, git hash: 84205aa28f11a4f31f2a3b86d1bba2cc8ab69827
2019-09-06 22:20:23,717 [main] INFO  handler.ContextHandler (ContextHandler.java:doStart(781)) - Started o.e.j.s.ServletContextHandler@25d3cfc8{/logs,file:///workdir/hadoop-ozone/integration-test/target/log,AVAILABLE}
2019-09-06 22:20:23,718 [main] INFO  handler.ContextHandler (ContextHandler.java:doStart(781)) - Started o.e.j.s.ServletContextHandler@2571066a{/static,file:///workdir/hadoop-ozone/integration-test/target/test-classes/webapps/static,AVAILABLE}
2019-09-06 22:20:23,723 [main] INFO  handler.ContextHandler (ContextHandler.java:doStart(781)) - Started o.e.j.w.WebAppContext@444548a0{/,file:///workdir/hadoop-ozone/integration-test/target/test-classes/webapps/ozoneManager/,AVAILABLE}{/ozoneManager}
2019-09-06 22:20:23,725 [main] INFO  server.AbstractConnector (AbstractConnector.java:doStart(278)) - Started ServerConnector@3766c667{HTTP/1.1,[http/1.1]}{0.0.0.0:36602}
2019-09-06 22:20:23,726 [main] INFO  server.Server (Server.java:doStart(419)) - Started @4989ms
2019-09-06 22:20:23,727 [main] WARN  impl.MetricsSystemImpl (MetricsSystemImpl.java:register(276)) - Sink prometheus already exists!
2019-09-06 22:20:23,727 [main] INFO  server.BaseHttpServer (BaseHttpServer.java:updateConnectorAddress(215)) - HTTP server of OZONEMANAGER is listening at http://0.0.0.0:36602
2019-09-06 22:20:24,141 [main] INFO  impl.MetricsSystemImpl (MetricsSystemImpl.java:init(158)) - HddsDatanode metrics system started (again)
2019-09-06 22:20:24,194 [main] INFO  ozone.HddsDatanodeService (HddsDatanodeService.java:start(184)) - HddsDatanodeService host:pr-hdds-2098-trunk-xjcqn-842104287 ip:192.168.36.96
2019-09-06 22:20:24,231 [main] INFO  volume.HddsVolume (HddsVolume.java:<init>(176)) - Creating Volume: /workdir/hadoop-ozone/integration-test/target/test-dir/MiniOzoneClusterImpl-b49f5193-ee3f-4e8d-9086-94cc8b6e630b/datanode-0/data/containers/hdds of  storage type : DISK and capacity : 1482555576320
2019-09-06 22:20:24,233 [main] INFO  volume.VolumeSet (VolumeSet.java:initializeVolumeSet(170)) - Added Volume : /workdir/hadoop-ozone/integration-test/target/test-dir/MiniOzoneClusterImpl-b49f5193-ee3f-4e8d-9086-94cc8b6e630b/datanode-0/data/containers/hdds to VolumeSet
2019-09-06 22:20:24,236 [main] INFO  volume.ThrottledAsyncChecker (ThrottledAsyncChecker.java:schedule(140)) - Scheduling a check for org.apache.hadoop.ozone.container.common.volume.HddsVolume@7ce9e05a
2019-09-06 22:20:24,255 [main] INFO  volume.HddsVolumeChecker (HddsVolumeChecker.java:checkAllVolumes(203)) - Scheduled health check for volume org.apache.hadoop.ozone.container.common.volume.HddsVolume@7ce9e05a
2019-09-06 22:20:24,380 [main] INFO  impl.RaftServerProxy (ConfUtils.java:logGet(43)) - raft.rpc.type = GRPC (default)
2019-09-06 22:20:24,454 [main] INFO  grpc.GrpcFactory (GrpcFactory.java:checkPooledByteBufAllocatorUseCacheForAllThreads(45)) - PERFORMANCE WARNING: useCacheForAllThreads is true that may cause Netty to create a lot garbage objects and, as a result, trigger GC.
	It is recommended to disable useCacheForAllThreads by setting -Dorg.apache.ratis.thirdparty.io.netty.allocator.useCacheForAllThreads=false in command line.
2019-09-06 22:20:24,464 [main] INFO  grpc.GrpcConfigKeys$Server (ConfUtils.java:logGet(43)) - raft.grpc.server.port = 0 (default)
2019-09-06 22:20:24,466 [main] INFO  server.GrpcService (ConfUtils.java:logGet(43)) - raft.grpc.message.size.max = 33570816 (custom)
2019-09-06 22:20:24,469 [main] INFO  server.RaftServerConfigKeys (ConfUtils.java:logGet(43)) - raft.server.log.appender.buffer.byte-limit = 33554432 (custom)
2019-09-06 22:20:24,471 [main] INFO  server.GrpcService (ConfUtils.java:logGet(43)) - raft.grpc.flow.control.window = 1MB (=1048576) (default)
2019-09-06 22:20:24,472 [main] INFO  server.RaftServerConfigKeys (ConfUtils.java:logGet(43)) - raft.server.rpc.request.timeout = 3000ms (default)
2019-09-06 22:20:24,695 [main] INFO  server.RaftServerConfigKeys (ConfUtils.java:logGet(43)) - raft.server.storage.dir = [/workdir/hadoop-ozone/integration-test/target/test-dir/MiniOzoneClusterImpl-b49f5193-ee3f-4e8d-9086-94cc8b6e630b/datanode-0/data/ratis] (custom)
2019-09-06 22:20:24,768 [main] INFO  hdfs.DFSUtil (DFSUtil.java:httpServerTemplateForNNAndJN(1641)) - Starting Web-server for hddsDatanode at: http://0.0.0.0:0
2019-09-06 22:20:24,771 [main] INFO  server.AuthenticationFilter (AuthenticationFilter.java:constructSecretProvider(240)) - Unable to initialize FileSignerSecretProvider, falling back to use random secrets.
2019-09-06 22:20:24,772 [main] WARN  http.HttpRequestLog (HttpRequestLog.java:getRequestLog(97)) - Jetty request log can only be enabled using Log4j
2019-09-06 22:20:24,775 [main] INFO  http.HttpServer2 (HttpServer2.java:addGlobalFilter(975)) - Added global filter 'safety' (class=org.apache.hadoop.http.HttpServer2$QuotingInputFilter)
2019-09-06 22:20:24,776 [main] INFO  http.HttpServer2 (HttpServer2.java:addFilter(948)) - Added filter static_user_filter (class=org.apache.hadoop.http.lib.StaticUserWebFilter$StaticUserFilter) to context hddsDatanode
2019-09-06 22:20:24,777 [main] INFO  http.HttpServer2 (HttpServer2.java:addFilter(958)) - Added filter static_user_filter (class=org.apache.hadoop.http.lib.StaticUserWebFilter$StaticUserFilter) to context static
2019-09-06 22:20:24,777 [main] INFO  http.HttpServer2 (HttpServer2.java:addFilter(958)) - Added filter static_user_filter (class=org.apache.hadoop.http.lib.StaticUserWebFilter$StaticUserFilter) to context logs
2019-09-06 22:20:24,779 [main] INFO  http.HttpServer2 (HttpServer2.java:bindListener(1191)) - Jetty bound to port 42196
2019-09-06 22:20:24,779 [main] INFO  server.Server (Server.java:doStart(351)) - jetty-9.3.24.v20180605, build timestamp: 2018-06-05T17:11:56Z, git hash: 84205aa28f11a4f31f2a3b86d1bba2cc8ab69827
2019-09-06 22:20:24,782 [main] INFO  handler.ContextHandler (ContextHandler.java:doStart(781)) - Started o.e.j.s.ServletContextHandler@46c269e0{/logs,file:///workdir/hadoop-ozone/integration-test/target/log,AVAILABLE}
2019-09-06 22:20:24,783 [main] INFO  handler.ContextHandler (ContextHandler.java:doStart(781)) - Started o.e.j.s.ServletContextHandler@6069dd38{/static,jar:file:/home/user/.m2/repository/org/apache/hadoop/hadoop-hdds-container-service/0.5.0-SNAPSHOT/hadoop-hdds-container-service-0.5.0-SNAPSHOT.jar!/webapps/static,AVAILABLE}
2019-09-06 22:20:24,832 [main] INFO  handler.ContextHandler (ContextHandler.java:doStart(781)) - Started o.e.j.w.WebAppContext@7a0e7ecd{/,file:///tmp/jetty-0.0.0.0-42196-hddsDatanode-_-any-3219295181032063250.dir/webapp/,AVAILABLE}{/hddsDatanode}
2019-09-06 22:20:24,832 [main] INFO  server.AbstractConnector (AbstractConnector.java:doStart(278)) - Started ServerConnector@54e3658c{HTTP/1.1,[http/1.1]}{0.0.0.0:42196}
2019-09-06 22:20:24,833 [main] INFO  server.Server (Server.java:doStart(419)) - Started @6096ms
2019-09-06 22:20:24,834 [main] WARN  impl.MetricsSystemImpl (MetricsSystemImpl.java:register(276)) - Sink prometheus already exists!
2019-09-06 22:20:24,835 [main] INFO  server.BaseHttpServer (BaseHttpServer.java:updateConnectorAddress(215)) - HTTP server of HDDSDATANODE is listening at http://0.0.0.0:42196
2019-09-06 22:20:24,836 [main] INFO  impl.MetricsSystemImpl (MetricsSystemImpl.java:init(158)) - HddsDatanode metrics system started (again)
2019-09-06 22:20:24,839 [main] INFO  ozone.HddsDatanodeService (HddsDatanodeService.java:start(184)) - HddsDatanodeService host:pr-hdds-2098-trunk-xjcqn-842104287 ip:192.168.36.96
2019-09-06 22:20:24,842 [org.apache.hadoop.util.JvmPauseMonitor$Monitor@69bd98e4] INFO  util.JvmPauseMonitor (JvmPauseMonitor.java:run(188)) - Starting JVM pause monitor
2019-09-06 22:20:24,848 [main] INFO  volume.HddsVolume (HddsVolume.java:<init>(176)) - Creating Volume: /workdir/hadoop-ozone/integration-test/target/test-dir/MiniOzoneClusterImpl-b49f5193-ee3f-4e8d-9086-94cc8b6e630b/datanode-1/data/containers/hdds of  storage type : DISK and capacity : 1482555576320
2019-09-06 22:20:24,849 [main] INFO  volume.VolumeSet (VolumeSet.java:initializeVolumeSet(170)) - Added Volume : /workdir/hadoop-ozone/integration-test/target/test-dir/MiniOzoneClusterImpl-b49f5193-ee3f-4e8d-9086-94cc8b6e630b/datanode-1/data/containers/hdds to VolumeSet
2019-09-06 22:20:24,849 [main] INFO  volume.ThrottledAsyncChecker (ThrottledAsyncChecker.java:schedule(140)) - Scheduling a check for org.apache.hadoop.ozone.container.common.volume.HddsVolume@2eae4349
2019-09-06 22:20:24,850 [main] INFO  volume.HddsVolumeChecker (HddsVolumeChecker.java:checkAllVolumes(203)) - Scheduled health check for volume org.apache.hadoop.ozone.container.common.volume.HddsVolume@2eae4349
2019-09-06 22:20:24,867 [main] INFO  impl.RaftServerProxy (ConfUtils.java:logGet(43)) - raft.rpc.type = GRPC (default)
2019-09-06 22:20:24,867 [main] INFO  grpc.GrpcFactory (GrpcFactory.java:checkPooledByteBufAllocatorUseCacheForAllThreads(45)) - PERFORMANCE WARNING: useCacheForAllThreads is true that may cause Netty to create a lot garbage objects and, as a result, trigger GC.
	It is recommended to disable useCacheForAllThreads by setting -Dorg.apache.ratis.thirdparty.io.netty.allocator.useCacheForAllThreads=false in command line.
2019-09-06 22:20:24,868 [main] INFO  grpc.GrpcConfigKeys$Server (ConfUtils.java:logGet(43)) - raft.grpc.server.port = 0 (default)
2019-09-06 22:20:24,868 [main] INFO  server.GrpcService (ConfUtils.java:logGet(43)) - raft.grpc.message.size.max = 33570816 (custom)
2019-09-06 22:20:24,868 [main] INFO  server.RaftServerConfigKeys (ConfUtils.java:logGet(43)) - raft.server.log.appender.buffer.byte-limit = 33554432 (custom)
2019-09-06 22:20:24,869 [main] INFO  server.GrpcService (ConfUtils.java:logGet(43)) - raft.grpc.flow.control.window = 1MB (=1048576) (default)
2019-09-06 22:20:24,869 [main] INFO  server.RaftServerConfigKeys (ConfUtils.java:logGet(43)) - raft.server.rpc.request.timeout = 3000ms (default)
2019-09-06 22:20:24,870 [main] INFO  server.RaftServerConfigKeys (ConfUtils.java:logGet(43)) - raft.server.storage.dir = [/workdir/hadoop-ozone/integration-test/target/test-dir/MiniOzoneClusterImpl-b49f5193-ee3f-4e8d-9086-94cc8b6e630b/datanode-1/data/ratis] (custom)
2019-09-06 22:20:24,871 [main] INFO  hdfs.DFSUtil (DFSUtil.java:httpServerTemplateForNNAndJN(1641)) - Starting Web-server for hddsDatanode at: http://0.0.0.0:0
2019-09-06 22:20:24,873 [main] INFO  server.AuthenticationFilter (AuthenticationFilter.java:constructSecretProvider(240)) - Unable to initialize FileSignerSecretProvider, falling back to use random secrets.
2019-09-06 22:20:24,874 [main] WARN  http.HttpRequestLog (HttpRequestLog.java:getRequestLog(97)) - Jetty request log can only be enabled using Log4j
2019-09-06 22:20:24,875 [main] INFO  http.HttpServer2 (HttpServer2.java:addGlobalFilter(975)) - Added global filter 'safety' (class=org.apache.hadoop.http.HttpServer2$QuotingInputFilter)
2019-09-06 22:20:24,876 [main] INFO  http.HttpServer2 (HttpServer2.java:addFilter(948)) - Added filter static_user_filter (class=org.apache.hadoop.http.lib.StaticUserWebFilter$StaticUserFilter) to context hddsDatanode
2019-09-06 22:20:24,876 [main] INFO  http.HttpServer2 (HttpServer2.java:addFilter(958)) - Added filter static_user_filter (class=org.apache.hadoop.http.lib.StaticUserWebFilter$StaticUserFilter) to context static
2019-09-06 22:20:24,877 [main] INFO  http.HttpServer2 (HttpServer2.java:addFilter(958)) - Added filter static_user_filter (class=org.apache.hadoop.http.lib.StaticUserWebFilter$StaticUserFilter) to context logs
2019-09-06 22:20:24,877 [main] INFO  http.HttpServer2 (HttpServer2.java:bindListener(1191)) - Jetty bound to port 44395
2019-09-06 22:20:24,878 [main] INFO  server.Server (Server.java:doStart(351)) - jetty-9.3.24.v20180605, build timestamp: 2018-06-05T17:11:56Z, git hash: 84205aa28f11a4f31f2a3b86d1bba2cc8ab69827
2019-09-06 22:20:24,881 [main] INFO  handler.ContextHandler (ContextHandler.java:doStart(781)) - Started o.e.j.s.ServletContextHandler@26cb5207{/logs,file:///workdir/hadoop-ozone/integration-test/target/log,AVAILABLE}
2019-09-06 22:20:24,882 [main] INFO  handler.ContextHandler (ContextHandler.java:doStart(781)) - Started o.e.j.s.ServletContextHandler@18d910b3{/static,jar:file:/home/user/.m2/repository/org/apache/hadoop/hadoop-hdds-container-service/0.5.0-SNAPSHOT/hadoop-hdds-container-service-0.5.0-SNAPSHOT.jar!/webapps/static,AVAILABLE}
2019-09-06 22:20:24,918 [main] INFO  handler.ContextHandler (ContextHandler.java:doStart(781)) - Started o.e.j.w.WebAppContext@49faf066{/,file:///tmp/jetty-0.0.0.0-44395-hddsDatanode-_-any-5669250630412565424.dir/webapp/,AVAILABLE}{/hddsDatanode}
2019-09-06 22:20:24,919 [main] INFO  server.AbstractConnector (AbstractConnector.java:doStart(278)) - Started ServerConnector@6f94a5a5{HTTP/1.1,[http/1.1]}{0.0.0.0:44395}
2019-09-06 22:20:24,920 [main] INFO  server.Server (Server.java:doStart(419)) - Started @6183ms
2019-09-06 22:20:24,920 [main] WARN  impl.MetricsSystemImpl (MetricsSystemImpl.java:register(276)) - Sink prometheus already exists!
2019-09-06 22:20:24,921 [main] INFO  server.BaseHttpServer (BaseHttpServer.java:updateConnectorAddress(215)) - HTTP server of HDDSDATANODE is listening at http://0.0.0.0:44395
2019-09-06 22:20:24,922 [main] INFO  impl.MetricsSystemImpl (MetricsSystemImpl.java:init(158)) - HddsDatanode metrics system started (again)
2019-09-06 22:20:24,924 [org.apache.hadoop.util.JvmPauseMonitor$Monitor@3855ef6a] INFO  util.JvmPauseMonitor (JvmPauseMonitor.java:run(188)) - Starting JVM pause monitor
2019-09-06 22:20:24,927 [main] INFO  ozone.HddsDatanodeService (HddsDatanodeService.java:start(184)) - HddsDatanodeService host:pr-hdds-2098-trunk-xjcqn-842104287 ip:192.168.36.96
2019-09-06 22:20:24,936 [main] INFO  volume.HddsVolume (HddsVolume.java:<init>(176)) - Creating Volume: /workdir/hadoop-ozone/integration-test/target/test-dir/MiniOzoneClusterImpl-b49f5193-ee3f-4e8d-9086-94cc8b6e630b/datanode-2/data/containers/hdds of  storage type : DISK and capacity : 1482555576320
2019-09-06 22:20:24,936 [main] INFO  volume.VolumeSet (VolumeSet.java:initializeVolumeSet(170)) - Added Volume : /workdir/hadoop-ozone/integration-test/target/test-dir/MiniOzoneClusterImpl-b49f5193-ee3f-4e8d-9086-94cc8b6e630b/datanode-2/data/containers/hdds to VolumeSet
2019-09-06 22:20:24,937 [main] INFO  volume.ThrottledAsyncChecker (ThrottledAsyncChecker.java:schedule(140)) - Scheduling a check for org.apache.hadoop.ozone.container.common.volume.HddsVolume@62dbe64e
2019-09-06 22:20:24,938 [main] INFO  volume.HddsVolumeChecker (HddsVolumeChecker.java:checkAllVolumes(203)) - Scheduled health check for volume org.apache.hadoop.ozone.container.common.volume.HddsVolume@62dbe64e
2019-09-06 22:20:24,957 [main] INFO  impl.RaftServerProxy (ConfUtils.java:logGet(43)) - raft.rpc.type = GRPC (default)
2019-09-06 22:20:24,958 [main] INFO  grpc.GrpcFactory (GrpcFactory.java:checkPooledByteBufAllocatorUseCacheForAllThreads(45)) - PERFORMANCE WARNING: useCacheForAllThreads is true that may cause Netty to create a lot garbage objects and, as a result, trigger GC.
	It is recommended to disable useCacheForAllThreads by setting -Dorg.apache.ratis.thirdparty.io.netty.allocator.useCacheForAllThreads=false in command line.
2019-09-06 22:20:24,958 [main] INFO  grpc.GrpcConfigKeys$Server (ConfUtils.java:logGet(43)) - raft.grpc.server.port = 0 (default)
2019-09-06 22:20:24,958 [main] INFO  server.GrpcService (ConfUtils.java:logGet(43)) - raft.grpc.message.size.max = 33570816 (custom)
2019-09-06 22:20:24,959 [main] INFO  server.RaftServerConfigKeys (ConfUtils.java:logGet(43)) - raft.server.log.appender.buffer.byte-limit = 33554432 (custom)
2019-09-06 22:20:24,960 [main] INFO  server.GrpcService (ConfUtils.java:logGet(43)) - raft.grpc.flow.control.window = 1MB (=1048576) (default)
2019-09-06 22:20:24,960 [main] INFO  server.RaftServerConfigKeys (ConfUtils.java:logGet(43)) - raft.server.rpc.request.timeout = 3000ms (default)
2019-09-06 22:20:24,961 [main] INFO  server.RaftServerConfigKeys (ConfUtils.java:logGet(43)) - raft.server.storage.dir = [/workdir/hadoop-ozone/integration-test/target/test-dir/MiniOzoneClusterImpl-b49f5193-ee3f-4e8d-9086-94cc8b6e630b/datanode-2/data/ratis] (custom)
2019-09-06 22:20:24,964 [main] INFO  hdfs.DFSUtil (DFSUtil.java:httpServerTemplateForNNAndJN(1641)) - Starting Web-server for hddsDatanode at: http://0.0.0.0:0
2019-09-06 22:20:24,965 [main] INFO  server.AuthenticationFilter (AuthenticationFilter.java:constructSecretProvider(240)) - Unable to initialize FileSignerSecretProvider, falling back to use random secrets.
2019-09-06 22:20:24,966 [main] WARN  http.HttpRequestLog (HttpRequestLog.java:getRequestLog(97)) - Jetty request log can only be enabled using Log4j
2019-09-06 22:20:24,967 [main] INFO  http.HttpServer2 (HttpServer2.java:addGlobalFilter(975)) - Added global filter 'safety' (class=org.apache.hadoop.http.HttpServer2$QuotingInputFilter)
2019-09-06 22:20:24,968 [Datanode State Machine Thread - 0] INFO  datanode.InitDatanodeState (InitDatanodeState.java:persistContainerDatanodeDetails(140)) - DatanodeDetails is persisted to /workdir/hadoop-ozone/integration-test/target/test-dir/MiniOzoneClusterImpl-b49f5193-ee3f-4e8d-9086-94cc8b6e630b/datanode-0/meta/datanode.id
2019-09-06 22:20:24,968 [main] INFO  http.HttpServer2 (HttpServer2.java:addFilter(948)) - Added filter static_user_filter (class=org.apache.hadoop.http.lib.StaticUserWebFilter$StaticUserFilter) to context hddsDatanode
2019-09-06 22:20:24,968 [main] INFO  http.HttpServer2 (HttpServer2.java:addFilter(958)) - Added filter static_user_filter (class=org.apache.hadoop.http.lib.StaticUserWebFilter$StaticUserFilter) to context logs
2019-09-06 22:20:24,968 [main] INFO  http.HttpServer2 (HttpServer2.java:addFilter(958)) - Added filter static_user_filter (class=org.apache.hadoop.http.lib.StaticUserWebFilter$StaticUserFilter) to context static
2019-09-06 22:20:24,971 [main] INFO  http.HttpServer2 (HttpServer2.java:bindListener(1191)) - Jetty bound to port 43769
2019-09-06 22:20:24,971 [main] INFO  server.Server (Server.java:doStart(351)) - jetty-9.3.24.v20180605, build timestamp: 2018-06-05T17:11:56Z, git hash: 84205aa28f11a4f31f2a3b86d1bba2cc8ab69827
2019-09-06 22:20:24,971 [Datanode State Machine Thread - 0] INFO  datanode.InitDatanodeState (InitDatanodeState.java:persistContainerDatanodeDetails(140)) - DatanodeDetails is persisted to /workdir/hadoop-ozone/integration-test/target/test-dir/MiniOzoneClusterImpl-b49f5193-ee3f-4e8d-9086-94cc8b6e630b/datanode-1/meta/datanode.id
2019-09-06 22:20:24,973 [main] INFO  handler.ContextHandler (ContextHandler.java:doStart(781)) - Started o.e.j.s.ServletContextHandler@4b65d9f4{/logs,file:///workdir/hadoop-ozone/integration-test/target/log,AVAILABLE}
2019-09-06 22:20:24,973 [main] INFO  handler.ContextHandler (ContextHandler.java:doStart(781)) - Started o.e.j.s.ServletContextHandler@5fcfde70{/static,jar:file:/home/user/.m2/repository/org/apache/hadoop/hadoop-hdds-container-service/0.5.0-SNAPSHOT/hadoop-hdds-container-service-0.5.0-SNAPSHOT.jar!/webapps/static,AVAILABLE}
2019-09-06 22:20:25,003 [main] INFO  handler.ContextHandler (ContextHandler.java:doStart(781)) - Started o.e.j.w.WebAppContext@75de29c0{/,file:///tmp/jetty-0.0.0.0-43769-hddsDatanode-_-any-3602770027614260935.dir/webapp/,AVAILABLE}{/hddsDatanode}
2019-09-06 22:20:25,004 [main] INFO  server.AbstractConnector (AbstractConnector.java:doStart(278)) - Started ServerConnector@fc807c1{HTTP/1.1,[http/1.1]}{0.0.0.0:43769}
2019-09-06 22:20:25,005 [main] INFO  server.Server (Server.java:doStart(419)) - Started @6268ms
2019-09-06 22:20:25,006 [main] WARN  impl.MetricsSystemImpl (MetricsSystemImpl.java:register(276)) - Sink prometheus already exists!
2019-09-06 22:20:25,007 [main] INFO  server.BaseHttpServer (BaseHttpServer.java:updateConnectorAddress(215)) - HTTP server of HDDSDATANODE is listening at http://0.0.0.0:43769
2019-09-06 22:20:25,007 [main] INFO  impl.MetricsSystemImpl (MetricsSystemImpl.java:init(158)) - HddsDatanode metrics system started (again)
2019-09-06 22:20:25,010 [main] INFO  ozone.HddsDatanodeService (HddsDatanodeService.java:start(184)) - HddsDatanodeService host:pr-hdds-2098-trunk-xjcqn-842104287 ip:192.168.36.96
2019-09-06 22:20:25,010 [org.apache.hadoop.util.JvmPauseMonitor$Monitor@4d87f215] INFO  util.JvmPauseMonitor (JvmPauseMonitor.java:run(188)) - Starting JVM pause monitor
2019-09-06 22:20:25,013 [Datanode State Machine Thread - 0] INFO  datanode.InitDatanodeState (InitDatanodeState.java:persistContainerDatanodeDetails(140)) - DatanodeDetails is persisted to /workdir/hadoop-ozone/integration-test/target/test-dir/MiniOzoneClusterImpl-b49f5193-ee3f-4e8d-9086-94cc8b6e630b/datanode-2/meta/datanode.id
2019-09-06 22:20:25,017 [main] INFO  volume.HddsVolume (HddsVolume.java:<init>(176)) - Creating Volume: /workdir/hadoop-ozone/integration-test/target/test-dir/MiniOzoneClusterImpl-b49f5193-ee3f-4e8d-9086-94cc8b6e630b/datanode-3/data/containers/hdds of  storage type : DISK and capacity : 1482555576320
2019-09-06 22:20:25,018 [main] INFO  volume.VolumeSet (VolumeSet.java:initializeVolumeSet(170)) - Added Volume : /workdir/hadoop-ozone/integration-test/target/test-dir/MiniOzoneClusterImpl-b49f5193-ee3f-4e8d-9086-94cc8b6e630b/datanode-3/data/containers/hdds to VolumeSet
2019-09-06 22:20:25,018 [main] INFO  volume.ThrottledAsyncChecker (ThrottledAsyncChecker.java:schedule(140)) - Scheduling a check for org.apache.hadoop.ozone.container.common.volume.HddsVolume@784abd3e
2019-09-06 22:20:25,018 [main] INFO  volume.HddsVolumeChecker (HddsVolumeChecker.java:checkAllVolumes(203)) - Scheduled health check for volume org.apache.hadoop.ozone.container.common.volume.HddsVolume@784abd3e
2019-09-06 22:20:25,033 [main] INFO  impl.RaftServerProxy (ConfUtils.java:logGet(43)) - raft.rpc.type = GRPC (default)
2019-09-06 22:20:25,033 [main] INFO  grpc.GrpcFactory (GrpcFactory.java:checkPooledByteBufAllocatorUseCacheForAllThreads(45)) - PERFORMANCE WARNING: useCacheForAllThreads is true that may cause Netty to create a lot garbage objects and, as a result, trigger GC.
	It is recommended to disable useCacheForAllThreads by setting -Dorg.apache.ratis.thirdparty.io.netty.allocator.useCacheForAllThreads=false in command line.
2019-09-06 22:20:25,034 [main] INFO  grpc.GrpcConfigKeys$Server (ConfUtils.java:logGet(43)) - raft.grpc.server.port = 0 (default)
2019-09-06 22:20:25,034 [main] INFO  server.GrpcService (ConfUtils.java:logGet(43)) - raft.grpc.message.size.max = 33570816 (custom)
2019-09-06 22:20:25,034 [main] INFO  server.RaftServerConfigKeys (ConfUtils.java:logGet(43)) - raft.server.log.appender.buffer.byte-limit = 33554432 (custom)
2019-09-06 22:20:25,034 [main] INFO  server.GrpcService (ConfUtils.java:logGet(43)) - raft.grpc.flow.control.window = 1MB (=1048576) (default)
2019-09-06 22:20:25,035 [main] INFO  server.RaftServerConfigKeys (ConfUtils.java:logGet(43)) - raft.server.rpc.request.timeout = 3000ms (default)
2019-09-06 22:20:25,035 [main] INFO  server.RaftServerConfigKeys (ConfUtils.java:logGet(43)) - raft.server.storage.dir = [/workdir/hadoop-ozone/integration-test/target/test-dir/MiniOzoneClusterImpl-b49f5193-ee3f-4e8d-9086-94cc8b6e630b/datanode-3/data/ratis] (custom)
2019-09-06 22:20:25,037 [main] INFO  hdfs.DFSUtil (DFSUtil.java:httpServerTemplateForNNAndJN(1641)) - Starting Web-server for hddsDatanode at: http://0.0.0.0:0
2019-09-06 22:20:25,038 [main] INFO  server.AuthenticationFilter (AuthenticationFilter.java:constructSecretProvider(240)) - Unable to initialize FileSignerSecretProvider, falling back to use random secrets.
2019-09-06 22:20:25,039 [main] WARN  http.HttpRequestLog (HttpRequestLog.java:getRequestLog(97)) - Jetty request log can only be enabled using Log4j
2019-09-06 22:20:25,040 [main] INFO  http.HttpServer2 (HttpServer2.java:addGlobalFilter(975)) - Added global filter 'safety' (class=org.apache.hadoop.http.HttpServer2$QuotingInputFilter)
2019-09-06 22:20:25,041 [main] INFO  http.HttpServer2 (HttpServer2.java:addFilter(948)) - Added filter static_user_filter (class=org.apache.hadoop.http.lib.StaticUserWebFilter$StaticUserFilter) to context hddsDatanode
2019-09-06 22:20:25,041 [main] INFO  http.HttpServer2 (HttpServer2.java:addFilter(958)) - Added filter static_user_filter (class=org.apache.hadoop.http.lib.StaticUserWebFilter$StaticUserFilter) to context static
2019-09-06 22:20:25,041 [main] INFO  http.HttpServer2 (HttpServer2.java:addFilter(958)) - Added filter static_user_filter (class=org.apache.hadoop.http.lib.StaticUserWebFilter$StaticUserFilter) to context logs
2019-09-06 22:20:25,042 [main] INFO  http.HttpServer2 (HttpServer2.java:bindListener(1191)) - Jetty bound to port 36927
2019-09-06 22:20:25,042 [main] INFO  server.Server (Server.java:doStart(351)) - jetty-9.3.24.v20180605, build timestamp: 2018-06-05T17:11:56Z, git hash: 84205aa28f11a4f31f2a3b86d1bba2cc8ab69827
2019-09-06 22:20:25,046 [main] INFO  handler.ContextHandler (ContextHandler.java:doStart(781)) - Started o.e.j.s.ServletContextHandler@53b7ce6{/logs,file:///workdir/hadoop-ozone/integration-test/target/log,AVAILABLE}
2019-09-06 22:20:25,046 [main] INFO  handler.ContextHandler (ContextHandler.java:doStart(781)) - Started o.e.j.s.ServletContextHandler@27d33393{/static,jar:file:/home/user/.m2/repository/org/apache/hadoop/hadoop-hdds-container-service/0.5.0-SNAPSHOT/hadoop-hdds-container-service-0.5.0-SNAPSHOT.jar!/webapps/static,AVAILABLE}
2019-09-06 22:20:25,076 [main] INFO  handler.ContextHandler (ContextHandler.java:doStart(781)) - Started o.e.j.w.WebAppContext@1716e8c5{/,file:///tmp/jetty-0.0.0.0-36927-hddsDatanode-_-any-3558138623652613896.dir/webapp/,AVAILABLE}{/hddsDatanode}
2019-09-06 22:20:25,077 [main] INFO  server.AbstractConnector (AbstractConnector.java:doStart(278)) - Started ServerConnector@6573d2f7{HTTP/1.1,[http/1.1]}{0.0.0.0:36927}
2019-09-06 22:20:25,077 [main] INFO  server.Server (Server.java:doStart(419)) - Started @6340ms
2019-09-06 22:20:25,078 [main] WARN  impl.MetricsSystemImpl (MetricsSystemImpl.java:register(276)) - Sink prometheus already exists!
2019-09-06 22:20:25,080 [main] INFO  server.BaseHttpServer (BaseHttpServer.java:updateConnectorAddress(215)) - HTTP server of HDDSDATANODE is listening at http://0.0.0.0:36927
2019-09-06 22:20:25,085 [main] INFO  impl.MetricsSystemImpl (MetricsSystemImpl.java:init(158)) - HddsDatanode metrics system started (again)
2019-09-06 22:20:25,091 [org.apache.hadoop.util.JvmPauseMonitor$Monitor@55b5badb] INFO  util.JvmPauseMonitor (JvmPauseMonitor.java:run(188)) - Starting JVM pause monitor
2019-09-06 22:20:25,091 [main] INFO  ozone.HddsDatanodeService (HddsDatanodeService.java:start(184)) - HddsDatanodeService host:pr-hdds-2098-trunk-xjcqn-842104287 ip:192.168.36.96
2019-09-06 22:20:25,093 [Datanode State Machine Thread - 0] INFO  datanode.InitDatanodeState (InitDatanodeState.java:persistContainerDatanodeDetails(140)) - DatanodeDetails is persisted to /workdir/hadoop-ozone/integration-test/target/test-dir/MiniOzoneClusterImpl-b49f5193-ee3f-4e8d-9086-94cc8b6e630b/datanode-3/meta/datanode.id
2019-09-06 22:20:25,101 [main] INFO  volume.HddsVolume (HddsVolume.java:<init>(176)) - Creating Volume: /workdir/hadoop-ozone/integration-test/target/test-dir/MiniOzoneClusterImpl-b49f5193-ee3f-4e8d-9086-94cc8b6e630b/datanode-4/data/containers/hdds of  storage type : DISK and capacity : 1482555576320
2019-09-06 22:20:25,101 [main] INFO  volume.VolumeSet (VolumeSet.java:initializeVolumeSet(170)) - Added Volume : /workdir/hadoop-ozone/integration-test/target/test-dir/MiniOzoneClusterImpl-b49f5193-ee3f-4e8d-9086-94cc8b6e630b/datanode-4/data/containers/hdds to VolumeSet
2019-09-06 22:20:25,102 [main] INFO  volume.ThrottledAsyncChecker (ThrottledAsyncChecker.java:schedule(140)) - Scheduling a check for org.apache.hadoop.ozone.container.common.volume.HddsVolume@1859e2a4
2019-09-06 22:20:25,103 [main] INFO  volume.HddsVolumeChecker (HddsVolumeChecker.java:checkAllVolumes(203)) - Scheduled health check for volume org.apache.hadoop.ozone.container.common.volume.HddsVolume@1859e2a4
2019-09-06 22:20:25,126 [main] INFO  impl.RaftServerProxy (ConfUtils.java:logGet(43)) - raft.rpc.type = GRPC (default)
2019-09-06 22:20:25,126 [main] INFO  grpc.GrpcFactory (GrpcFactory.java:checkPooledByteBufAllocatorUseCacheForAllThreads(45)) - PERFORMANCE WARNING: useCacheForAllThreads is true that may cause Netty to create a lot garbage objects and, as a result, trigger GC.
	It is recommended to disable useCacheForAllThreads by setting -Dorg.apache.ratis.thirdparty.io.netty.allocator.useCacheForAllThreads=false in command line.
2019-09-06 22:20:25,126 [main] INFO  grpc.GrpcConfigKeys$Server (ConfUtils.java:logGet(43)) - raft.grpc.server.port = 0 (default)
2019-09-06 22:20:25,127 [main] INFO  server.GrpcService (ConfUtils.java:logGet(43)) - raft.grpc.message.size.max = 33570816 (custom)
2019-09-06 22:20:25,127 [main] INFO  server.RaftServerConfigKeys (ConfUtils.java:logGet(43)) - raft.server.log.appender.buffer.byte-limit = 33554432 (custom)
2019-09-06 22:20:25,127 [main] INFO  server.GrpcService (ConfUtils.java:logGet(43)) - raft.grpc.flow.control.window = 1MB (=1048576) (default)
2019-09-06 22:20:25,128 [main] INFO  server.RaftServerConfigKeys (ConfUtils.java:logGet(43)) - raft.server.rpc.request.timeout = 3000ms (default)
2019-09-06 22:20:25,128 [main] INFO  server.RaftServerConfigKeys (ConfUtils.java:logGet(43)) - raft.server.storage.dir = [/workdir/hadoop-ozone/integration-test/target/test-dir/MiniOzoneClusterImpl-b49f5193-ee3f-4e8d-9086-94cc8b6e630b/datanode-4/data/ratis] (custom)
2019-09-06 22:20:25,130 [main] INFO  hdfs.DFSUtil (DFSUtil.java:httpServerTemplateForNNAndJN(1641)) - Starting Web-server for hddsDatanode at: http://0.0.0.0:0
2019-09-06 22:20:25,132 [main] INFO  server.AuthenticationFilter (AuthenticationFilter.java:constructSecretProvider(240)) - Unable to initialize FileSignerSecretProvider, falling back to use random secrets.
2019-09-06 22:20:25,133 [main] WARN  http.HttpRequestLog (HttpRequestLog.java:getRequestLog(97)) - Jetty request log can only be enabled using Log4j
2019-09-06 22:20:25,134 [main] INFO  http.HttpServer2 (HttpServer2.java:addGlobalFilter(975)) - Added global filter 'safety' (class=org.apache.hadoop.http.HttpServer2$QuotingInputFilter)
2019-09-06 22:20:25,135 [main] INFO  http.HttpServer2 (HttpServer2.java:addFilter(948)) - Added filter static_user_filter (class=org.apache.hadoop.http.lib.StaticUserWebFilter$StaticUserFilter) to context hddsDatanode
2019-09-06 22:20:25,135 [main] INFO  http.HttpServer2 (HttpServer2.java:addFilter(958)) - Added filter static_user_filter (class=org.apache.hadoop.http.lib.StaticUserWebFilter$StaticUserFilter) to context static
2019-09-06 22:20:25,135 [main] INFO  http.HttpServer2 (HttpServer2.java:addFilter(958)) - Added filter static_user_filter (class=org.apache.hadoop.http.lib.StaticUserWebFilter$StaticUserFilter) to context logs
2019-09-06 22:20:25,136 [main] INFO  http.HttpServer2 (HttpServer2.java:bindListener(1191)) - Jetty bound to port 44521
2019-09-06 22:20:25,136 [main] INFO  server.Server (Server.java:doStart(351)) - jetty-9.3.24.v20180605, build timestamp: 2018-06-05T17:11:56Z, git hash: 84205aa28f11a4f31f2a3b86d1bba2cc8ab69827
2019-09-06 22:20:25,140 [main] INFO  handler.ContextHandler (ContextHandler.java:doStart(781)) - Started o.e.j.s.ServletContextHandler@6c0e13b7{/logs,file:///workdir/hadoop-ozone/integration-test/target/log,AVAILABLE}
2019-09-06 22:20:25,142 [main] INFO  handler.ContextHandler (ContextHandler.java:doStart(781)) - Started o.e.j.s.ServletContextHandler@561b7d53{/static,jar:file:/home/user/.m2/repository/org/apache/hadoop/hadoop-hdds-container-service/0.5.0-SNAPSHOT/hadoop-hdds-container-service-0.5.0-SNAPSHOT.jar!/webapps/static,AVAILABLE}
2019-09-06 22:20:25,188 [main] INFO  handler.ContextHandler (ContextHandler.java:doStart(781)) - Started o.e.j.w.WebAppContext@58ba5b30{/,file:///tmp/jetty-0.0.0.0-44521-hddsDatanode-_-any-5233647468874573128.dir/webapp/,AVAILABLE}{/hddsDatanode}
2019-09-06 22:20:25,189 [main] INFO  server.AbstractConnector (AbstractConnector.java:doStart(278)) - Started ServerConnector@4dba773d{HTTP/1.1,[http/1.1]}{0.0.0.0:44521}
2019-09-06 22:20:25,190 [main] INFO  server.Server (Server.java:doStart(419)) - Started @6453ms
2019-09-06 22:20:25,190 [main] WARN  impl.MetricsSystemImpl (MetricsSystemImpl.java:register(276)) - Sink prometheus already exists!
2019-09-06 22:20:25,191 [main] INFO  server.BaseHttpServer (BaseHttpServer.java:updateConnectorAddress(215)) - HTTP server of HDDSDATANODE is listening at http://0.0.0.0:44521
2019-09-06 22:20:25,191 [main] INFO  impl.MetricsSystemImpl (MetricsSystemImpl.java:init(158)) - HddsDatanode metrics system started (again)
2019-09-06 22:20:25,195 [org.apache.hadoop.util.JvmPauseMonitor$Monitor@10c17de5] INFO  util.JvmPauseMonitor (JvmPauseMonitor.java:run(188)) - Starting JVM pause monitor
2019-09-06 22:20:25,196 [main] INFO  ozone.HddsDatanodeService (HddsDatanodeService.java:start(184)) - HddsDatanodeService host:pr-hdds-2098-trunk-xjcqn-842104287 ip:192.168.36.96
2019-09-06 22:20:25,200 [Datanode State Machine Thread - 0] INFO  datanode.InitDatanodeState (InitDatanodeState.java:persistContainerDatanodeDetails(140)) - DatanodeDetails is persisted to /workdir/hadoop-ozone/integration-test/target/test-dir/MiniOzoneClusterImpl-b49f5193-ee3f-4e8d-9086-94cc8b6e630b/datanode-4/meta/datanode.id
2019-09-06 22:20:25,205 [main] INFO  volume.HddsVolume (HddsVolume.java:<init>(176)) - Creating Volume: /workdir/hadoop-ozone/integration-test/target/test-dir/MiniOzoneClusterImpl-b49f5193-ee3f-4e8d-9086-94cc8b6e630b/datanode-5/data/containers/hdds of  storage type : DISK and capacity : 1482555576320
2019-09-06 22:20:25,206 [main] INFO  volume.VolumeSet (VolumeSet.java:initializeVolumeSet(170)) - Added Volume : /workdir/hadoop-ozone/integration-test/target/test-dir/MiniOzoneClusterImpl-b49f5193-ee3f-4e8d-9086-94cc8b6e630b/datanode-5/data/containers/hdds to VolumeSet
2019-09-06 22:20:25,206 [main] INFO  volume.ThrottledAsyncChecker (ThrottledAsyncChecker.java:schedule(140)) - Scheduling a check for org.apache.hadoop.ozone.container.common.volume.HddsVolume@ff23ae7
2019-09-06 22:20:25,207 [main] INFO  volume.HddsVolumeChecker (HddsVolumeChecker.java:checkAllVolumes(203)) - Scheduled health check for volume org.apache.hadoop.ozone.container.common.volume.HddsVolume@ff23ae7
2019-09-06 22:20:25,227 [main] INFO  impl.RaftServerProxy (ConfUtils.java:logGet(43)) - raft.rpc.type = GRPC (default)
2019-09-06 22:20:25,228 [main] INFO  grpc.GrpcFactory (GrpcFactory.java:checkPooledByteBufAllocatorUseCacheForAllThreads(45)) - PERFORMANCE WARNING: useCacheForAllThreads is true that may cause Netty to create a lot garbage objects and, as a result, trigger GC.
	It is recommended to disable useCacheForAllThreads by setting -Dorg.apache.ratis.thirdparty.io.netty.allocator.useCacheForAllThreads=false in command line.
2019-09-06 22:20:25,228 [main] INFO  grpc.GrpcConfigKeys$Server (ConfUtils.java:logGet(43)) - raft.grpc.server.port = 0 (default)
2019-09-06 22:20:25,228 [main] INFO  server.GrpcService (ConfUtils.java:logGet(43)) - raft.grpc.message.size.max = 33570816 (custom)
2019-09-06 22:20:25,228 [main] INFO  server.RaftServerConfigKeys (ConfUtils.java:logGet(43)) - raft.server.log.appender.buffer.byte-limit = 33554432 (custom)
2019-09-06 22:20:25,229 [main] INFO  server.GrpcService (ConfUtils.java:logGet(43)) - raft.grpc.flow.control.window = 1MB (=1048576) (default)
2019-09-06 22:20:25,229 [main] INFO  server.RaftServerConfigKeys (ConfUtils.java:logGet(43)) - raft.server.rpc.request.timeout = 3000ms (default)
2019-09-06 22:20:25,230 [main] INFO  server.RaftServerConfigKeys (ConfUtils.java:logGet(43)) - raft.server.storage.dir = [/workdir/hadoop-ozone/integration-test/target/test-dir/MiniOzoneClusterImpl-b49f5193-ee3f-4e8d-9086-94cc8b6e630b/datanode-5/data/ratis] (custom)
2019-09-06 22:20:25,232 [main] INFO  hdfs.DFSUtil (DFSUtil.java:httpServerTemplateForNNAndJN(1641)) - Starting Web-server for hddsDatanode at: http://0.0.0.0:0
2019-09-06 22:20:25,234 [main] INFO  server.AuthenticationFilter (AuthenticationFilter.java:constructSecretProvider(240)) - Unable to initialize FileSignerSecretProvider, falling back to use random secrets.
2019-09-06 22:20:25,235 [main] WARN  http.HttpRequestLog (HttpRequestLog.java:getRequestLog(97)) - Jetty request log can only be enabled using Log4j
2019-09-06 22:20:25,237 [main] INFO  http.HttpServer2 (HttpServer2.java:addGlobalFilter(975)) - Added global filter 'safety' (class=org.apache.hadoop.http.HttpServer2$QuotingInputFilter)
2019-09-06 22:20:25,238 [main] INFO  http.HttpServer2 (HttpServer2.java:addFilter(948)) - Added filter static_user_filter (class=org.apache.hadoop.http.lib.StaticUserWebFilter$StaticUserFilter) to context hddsDatanode
2019-09-06 22:20:25,238 [main] INFO  http.HttpServer2 (HttpServer2.java:addFilter(958)) - Added filter static_user_filter (class=org.apache.hadoop.http.lib.StaticUserWebFilter$StaticUserFilter) to context logs
2019-09-06 22:20:25,239 [main] INFO  http.HttpServer2 (HttpServer2.java:addFilter(958)) - Added filter static_user_filter (class=org.apache.hadoop.http.lib.StaticUserWebFilter$StaticUserFilter) to context static
2019-09-06 22:20:25,240 [main] INFO  http.HttpServer2 (HttpServer2.java:bindListener(1191)) - Jetty bound to port 45840
2019-09-06 22:20:25,240 [main] INFO  server.Server (Server.java:doStart(351)) - jetty-9.3.24.v20180605, build timestamp: 2018-06-05T17:11:56Z, git hash: 84205aa28f11a4f31f2a3b86d1bba2cc8ab69827
2019-09-06 22:20:25,242 [main] INFO  handler.ContextHandler (ContextHandler.java:doStart(781)) - Started o.e.j.s.ServletContextHandler@ccf91df{/logs,file:///workdir/hadoop-ozone/integration-test/target/log,AVAILABLE}
2019-09-06 22:20:25,243 [main] INFO  handler.ContextHandler (ContextHandler.java:doStart(781)) - Started o.e.j.s.ServletContextHandler@51d387d3{/static,jar:file:/home/user/.m2/repository/org/apache/hadoop/hadoop-hdds-container-service/0.5.0-SNAPSHOT/hadoop-hdds-container-service-0.5.0-SNAPSHOT.jar!/webapps/static,AVAILABLE}
2019-09-06 22:20:25,281 [main] INFO  handler.ContextHandler (ContextHandler.java:doStart(781)) - Started o.e.j.w.WebAppContext@3d7fb838{/,file:///tmp/jetty-0.0.0.0-45840-hddsDatanode-_-any-322055242043771970.dir/webapp/,AVAILABLE}{/hddsDatanode}
2019-09-06 22:20:25,282 [main] INFO  server.AbstractConnector (AbstractConnector.java:doStart(278)) - Started ServerConnector@1c26273d{HTTP/1.1,[http/1.1]}{0.0.0.0:45840}
2019-09-06 22:20:25,283 [main] INFO  server.Server (Server.java:doStart(419)) - Started @6546ms
2019-09-06 22:20:25,283 [main] WARN  impl.MetricsSystemImpl (MetricsSystemImpl.java:register(276)) - Sink prometheus already exists!
2019-09-06 22:20:25,284 [main] INFO  server.BaseHttpServer (BaseHttpServer.java:updateConnectorAddress(215)) - HTTP server of HDDSDATANODE is listening at http://0.0.0.0:45840
2019-09-06 22:20:25,284 [main] INFO  impl.MetricsSystemImpl (MetricsSystemImpl.java:init(158)) - HddsDatanode metrics system started (again)
2019-09-06 22:20:25,289 [main] INFO  ozone.HddsDatanodeService (HddsDatanodeService.java:start(184)) - HddsDatanodeService host:pr-hdds-2098-trunk-xjcqn-842104287 ip:192.168.36.96
2019-09-06 22:20:25,289 [org.apache.hadoop.util.JvmPauseMonitor$Monitor@29aa82df] INFO  util.JvmPauseMonitor (JvmPauseMonitor.java:run(188)) - Starting JVM pause monitor
2019-09-06 22:20:25,292 [Datanode State Machine Thread - 0] INFO  datanode.InitDatanodeState (InitDatanodeState.java:persistContainerDatanodeDetails(140)) - DatanodeDetails is persisted to /workdir/hadoop-ozone/integration-test/target/test-dir/MiniOzoneClusterImpl-b49f5193-ee3f-4e8d-9086-94cc8b6e630b/datanode-5/meta/datanode.id
2019-09-06 22:20:25,297 [main] INFO  volume.HddsVolume (HddsVolume.java:<init>(176)) - Creating Volume: /workdir/hadoop-ozone/integration-test/target/test-dir/MiniOzoneClusterImpl-b49f5193-ee3f-4e8d-9086-94cc8b6e630b/datanode-6/data/containers/hdds of  storage type : DISK and capacity : 1482555576320
2019-09-06 22:20:25,298 [main] INFO  volume.VolumeSet (VolumeSet.java:initializeVolumeSet(170)) - Added Volume : /workdir/hadoop-ozone/integration-test/target/test-dir/MiniOzoneClusterImpl-b49f5193-ee3f-4e8d-9086-94cc8b6e630b/datanode-6/data/containers/hdds to VolumeSet
2019-09-06 22:20:25,298 [main] INFO  volume.ThrottledAsyncChecker (ThrottledAsyncChecker.java:schedule(140)) - Scheduling a check for org.apache.hadoop.ozone.container.common.volume.HddsVolume@254f906e
2019-09-06 22:20:25,299 [main] INFO  volume.HddsVolumeChecker (HddsVolumeChecker.java:checkAllVolumes(203)) - Scheduled health check for volume org.apache.hadoop.ozone.container.common.volume.HddsVolume@254f906e
2019-09-06 22:20:25,312 [main] INFO  impl.RaftServerProxy (ConfUtils.java:logGet(43)) - raft.rpc.type = GRPC (default)
2019-09-06 22:20:25,313 [main] INFO  grpc.GrpcFactory (GrpcFactory.java:checkPooledByteBufAllocatorUseCacheForAllThreads(45)) - PERFORMANCE WARNING: useCacheForAllThreads is true that may cause Netty to create a lot garbage objects and, as a result, trigger GC.
	It is recommended to disable useCacheForAllThreads by setting -Dorg.apache.ratis.thirdparty.io.netty.allocator.useCacheForAllThreads=false in command line.
2019-09-06 22:20:25,313 [main] INFO  grpc.GrpcConfigKeys$Server (ConfUtils.java:logGet(43)) - raft.grpc.server.port = 0 (default)
2019-09-06 22:20:25,313 [main] INFO  server.GrpcService (ConfUtils.java:logGet(43)) - raft.grpc.message.size.max = 33570816 (custom)
2019-09-06 22:20:25,313 [main] INFO  server.RaftServerConfigKeys (ConfUtils.java:logGet(43)) - raft.server.log.appender.buffer.byte-limit = 33554432 (custom)
2019-09-06 22:20:25,314 [main] INFO  server.GrpcService (ConfUtils.java:logGet(43)) - raft.grpc.flow.control.window = 1MB (=1048576) (default)
2019-09-06 22:20:25,314 [main] INFO  server.RaftServerConfigKeys (ConfUtils.java:logGet(43)) - raft.server.rpc.request.timeout = 3000ms (default)
2019-09-06 22:20:25,314 [main] INFO  server.RaftServerConfigKeys (ConfUtils.java:logGet(43)) - raft.server.storage.dir = [/workdir/hadoop-ozone/integration-test/target/test-dir/MiniOzoneClusterImpl-b49f5193-ee3f-4e8d-9086-94cc8b6e630b/datanode-6/data/ratis] (custom)
2019-09-06 22:20:25,316 [main] INFO  hdfs.DFSUtil (DFSUtil.java:httpServerTemplateForNNAndJN(1641)) - Starting Web-server for hddsDatanode at: http://0.0.0.0:0
2019-09-06 22:20:25,317 [main] INFO  server.AuthenticationFilter (AuthenticationFilter.java:constructSecretProvider(240)) - Unable to initialize FileSignerSecretProvider, falling back to use random secrets.
2019-09-06 22:20:25,317 [main] WARN  http.HttpRequestLog (HttpRequestLog.java:getRequestLog(97)) - Jetty request log can only be enabled using Log4j
2019-09-06 22:20:25,319 [main] INFO  http.HttpServer2 (HttpServer2.java:addGlobalFilter(975)) - Added global filter 'safety' (class=org.apache.hadoop.http.HttpServer2$QuotingInputFilter)
2019-09-06 22:20:25,319 [main] INFO  http.HttpServer2 (HttpServer2.java:addFilter(948)) - Added filter static_user_filter (class=org.apache.hadoop.http.lib.StaticUserWebFilter$StaticUserFilter) to context hddsDatanode
2019-09-06 22:20:25,319 [main] INFO  http.HttpServer2 (HttpServer2.java:addFilter(958)) - Added filter static_user_filter (class=org.apache.hadoop.http.lib.StaticUserWebFilter$StaticUserFilter) to context static
2019-09-06 22:20:25,320 [main] INFO  http.HttpServer2 (HttpServer2.java:addFilter(958)) - Added filter static_user_filter (class=org.apache.hadoop.http.lib.StaticUserWebFilter$StaticUserFilter) to context logs
2019-09-06 22:20:25,320 [main] INFO  http.HttpServer2 (HttpServer2.java:bindListener(1191)) - Jetty bound to port 35705
2019-09-06 22:20:25,321 [main] INFO  server.Server (Server.java:doStart(351)) - jetty-9.3.24.v20180605, build timestamp: 2018-06-05T17:11:56Z, git hash: 84205aa28f11a4f31f2a3b86d1bba2cc8ab69827
2019-09-06 22:20:25,322 [main] INFO  handler.ContextHandler (ContextHandler.java:doStart(781)) - Started o.e.j.s.ServletContextHandler@67514bdd{/logs,file:///workdir/hadoop-ozone/integration-test/target/log,AVAILABLE}
2019-09-06 22:20:25,323 [main] INFO  handler.ContextHandler (ContextHandler.java:doStart(781)) - Started o.e.j.s.ServletContextHandler@7f5538a1{/static,jar:file:/home/user/.m2/repository/org/apache/hadoop/hadoop-hdds-container-service/0.5.0-SNAPSHOT/hadoop-hdds-container-service-0.5.0-SNAPSHOT.jar!/webapps/static,AVAILABLE}
2019-09-06 22:20:25,355 [main] INFO  handler.ContextHandler (ContextHandler.java:doStart(781)) - Started o.e.j.w.WebAppContext@3e3315d9{/,file:///tmp/jetty-0.0.0.0-35705-hddsDatanode-_-any-8622343190466827065.dir/webapp/,AVAILABLE}{/hddsDatanode}
2019-09-06 22:20:25,357 [main] INFO  server.AbstractConnector (AbstractConnector.java:doStart(278)) - Started ServerConnector@64db4967{HTTP/1.1,[http/1.1]}{0.0.0.0:35705}
2019-09-06 22:20:25,357 [main] INFO  server.Server (Server.java:doStart(419)) - Started @6620ms
2019-09-06 22:20:25,357 [main] WARN  impl.MetricsSystemImpl (MetricsSystemImpl.java:register(276)) - Sink prometheus already exists!
2019-09-06 22:20:25,359 [main] INFO  server.BaseHttpServer (BaseHttpServer.java:updateConnectorAddress(215)) - HTTP server of HDDSDATANODE is listening at http://0.0.0.0:35705
2019-09-06 22:20:25,362 [main] INFO  ozone.MiniOzoneClusterImpl (MiniOzoneClusterImpl.java:lambda$waitForClusterToBeReady$0(140)) - Waiting for cluster to be ready. Got 0 of 7 DN Heartbeats.
2019-09-06 22:20:25,363 [org.apache.hadoop.util.JvmPauseMonitor$Monitor@1108dd6a] INFO  util.JvmPauseMonitor (JvmPauseMonitor.java:run(188)) - Starting JVM pause monitor
2019-09-06 22:20:25,366 [Datanode State Machine Thread - 0] INFO  datanode.InitDatanodeState (InitDatanodeState.java:persistContainerDatanodeDetails(140)) - DatanodeDetails is persisted to /workdir/hadoop-ozone/integration-test/target/test-dir/MiniOzoneClusterImpl-b49f5193-ee3f-4e8d-9086-94cc8b6e630b/datanode-6/meta/datanode.id
2019-09-06 22:20:26,363 [main] INFO  ozone.MiniOzoneClusterImpl (MiniOzoneClusterImpl.java:lambda$waitForClusterToBeReady$0(140)) - Waiting for cluster to be ready. Got 0 of 7 DN Heartbeats.
2019-09-06 22:20:26,915 [Datanode State Machine Thread - 0] INFO  ozoneimpl.OzoneContainer (OzoneContainer.java:start(217)) - Attempting to start container services.
2019-09-06 22:20:26,919 [Datanode State Machine Thread - 0] INFO  ozoneimpl.OzoneContainer (OzoneContainer.java:startContainerScrub(179)) - Background container scanner has been disabled.
2019-09-06 22:20:26,920 [Datanode State Machine Thread - 0] INFO  ratis.XceiverServerRatis (XceiverServerRatis.java:start(404)) - Starting XceiverServerRatis f13d7bf8-acc3-4dce-9eab-24b819c340c4 at port 0
2019-09-06 22:20:26,941 [Datanode State Machine Thread - 0] INFO  ozoneimpl.OzoneContainer (OzoneContainer.java:start(217)) - Attempting to start container services.
2019-09-06 22:20:26,947 [Datanode State Machine Thread - 0] INFO  ozoneimpl.OzoneContainer (OzoneContainer.java:startContainerScrub(179)) - Background container scanner has been disabled.
2019-09-06 22:20:26,947 [Datanode State Machine Thread - 0] INFO  ratis.XceiverServerRatis (XceiverServerRatis.java:start(404)) - Starting XceiverServerRatis ad70433b-1210-4bb9-81f9-b06ec219c166 at port 0
2019-09-06 22:20:26,963 [Datanode State Machine Thread - 0] INFO  impl.RaftServerProxy (RaftServerProxy.java:lambda$start$3(299)) - f13d7bf8-acc3-4dce-9eab-24b819c340c4: start RPC server
2019-09-06 22:20:26,968 [Datanode State Machine Thread - 0] INFO  impl.RaftServerProxy (RaftServerProxy.java:lambda$start$3(299)) - ad70433b-1210-4bb9-81f9-b06ec219c166: start RPC server
2019-09-06 22:20:27,025 [Datanode State Machine Thread - 0] INFO  ozoneimpl.OzoneContainer (OzoneContainer.java:start(217)) - Attempting to start container services.
2019-09-06 22:20:27,030 [Datanode State Machine Thread - 0] INFO  ozoneimpl.OzoneContainer (OzoneContainer.java:startContainerScrub(179)) - Background container scanner has been disabled.
2019-09-06 22:20:27,031 [Datanode State Machine Thread - 0] INFO  ratis.XceiverServerRatis (XceiverServerRatis.java:start(404)) - Starting XceiverServerRatis bc6fdb93-666a-4701-ac8e-a64642c98c17 at port 0
2019-09-06 22:20:27,040 [Datanode State Machine Thread - 0] INFO  impl.RaftServerProxy (RaftServerProxy.java:lambda$start$3(299)) - bc6fdb93-666a-4701-ac8e-a64642c98c17: start RPC server
2019-09-06 22:20:27,112 [Datanode State Machine Thread - 0] INFO  ozoneimpl.OzoneContainer (OzoneContainer.java:start(217)) - Attempting to start container services.
2019-09-06 22:20:27,112 [Datanode State Machine Thread - 0] INFO  ozoneimpl.OzoneContainer (OzoneContainer.java:startContainerScrub(179)) - Background container scanner has been disabled.
2019-09-06 22:20:27,112 [Datanode State Machine Thread - 0] INFO  ratis.XceiverServerRatis (XceiverServerRatis.java:start(404)) - Starting XceiverServerRatis 5072e8e2-7bfc-44bb-b681-1eb056823a99 at port 0
2019-09-06 22:20:27,141 [Datanode State Machine Thread - 0] INFO  impl.RaftServerProxy (RaftServerProxy.java:lambda$start$3(299)) - 5072e8e2-7bfc-44bb-b681-1eb056823a99: start RPC server
2019-09-06 22:20:27,156 [Datanode State Machine Thread - 0] INFO  server.GrpcService (GrpcService.java:startImpl(158)) - bc6fdb93-666a-4701-ac8e-a64642c98c17: GrpcService started, listening on 0.0.0.0/0.0.0.0:46741
2019-09-06 22:20:27,156 [Datanode State Machine Thread - 0] INFO  server.GrpcService (GrpcService.java:startImpl(158)) - 5072e8e2-7bfc-44bb-b681-1eb056823a99: GrpcService started, listening on 0.0.0.0/0.0.0.0:41305
2019-09-06 22:20:27,156 [Datanode State Machine Thread - 0] INFO  server.GrpcService (GrpcService.java:startImpl(158)) - f13d7bf8-acc3-4dce-9eab-24b819c340c4: GrpcService started, listening on 0.0.0.0/0.0.0.0:35732
2019-09-06 22:20:27,156 [Datanode State Machine Thread - 0] INFO  server.GrpcService (GrpcService.java:startImpl(158)) - ad70433b-1210-4bb9-81f9-b06ec219c166: GrpcService started, listening on 0.0.0.0/0.0.0.0:32887
2019-09-06 22:20:27,158 [Datanode State Machine Thread - 0] INFO  ratis.XceiverServerRatis (XceiverServerRatis.java:start(414)) - XceiverServerRatis f13d7bf8-acc3-4dce-9eab-24b819c340c4 is started using port 35732
2019-09-06 22:20:27,158 [Datanode State Machine Thread - 0] INFO  ratis.XceiverServerRatis (XceiverServerRatis.java:start(414)) - XceiverServerRatis 5072e8e2-7bfc-44bb-b681-1eb056823a99 is started using port 41305
2019-09-06 22:20:27,157 [Datanode State Machine Thread - 0] INFO  ratis.XceiverServerRatis (XceiverServerRatis.java:start(414)) - XceiverServerRatis bc6fdb93-666a-4701-ac8e-a64642c98c17 is started using port 46741
2019-09-06 22:20:27,158 [Datanode State Machine Thread - 0] INFO  ratis.XceiverServerRatis (XceiverServerRatis.java:start(414)) - XceiverServerRatis ad70433b-1210-4bb9-81f9-b06ec219c166 is started using port 32887
2019-09-06 22:20:27,168 [Datanode State Machine Thread - 0] INFO  server.XceiverServerGrpc (XceiverServerGrpc.java:start(163)) - XceiverServerGrpc bc6fdb93-666a-4701-ac8e-a64642c98c17 is started using port 33180
2019-09-06 22:20:27,168 [Datanode State Machine Thread - 0] INFO  server.XceiverServerGrpc (XceiverServerGrpc.java:start(163)) - XceiverServerGrpc 5072e8e2-7bfc-44bb-b681-1eb056823a99 is started using port 37481
2019-09-06 22:20:27,168 [Datanode State Machine Thread - 0] INFO  server.XceiverServerGrpc (XceiverServerGrpc.java:start(163)) - XceiverServerGrpc f13d7bf8-acc3-4dce-9eab-24b819c340c4 is started using port 43343
2019-09-06 22:20:27,168 [Datanode State Machine Thread - 0] INFO  server.XceiverServerGrpc (XceiverServerGrpc.java:start(163)) - XceiverServerGrpc ad70433b-1210-4bb9-81f9-b06ec219c166 is started using port 39411
2019-09-06 22:20:27,213 [Datanode State Machine Thread - 0] INFO  ozoneimpl.OzoneContainer (OzoneContainer.java:start(217)) - Attempting to start container services.
2019-09-06 22:20:27,214 [Datanode State Machine Thread - 0] INFO  ozoneimpl.OzoneContainer (OzoneContainer.java:startContainerScrub(179)) - Background container scanner has been disabled.
2019-09-06 22:20:27,214 [Datanode State Machine Thread - 0] INFO  ratis.XceiverServerRatis (XceiverServerRatis.java:start(404)) - Starting XceiverServerRatis 2cb2dc0f-84fd-4521-9ecc-d803f12e81ea at port 0
2019-09-06 22:20:27,223 [Datanode State Machine Thread - 0] INFO  impl.RaftServerProxy (RaftServerProxy.java:lambda$start$3(299)) - 2cb2dc0f-84fd-4521-9ecc-d803f12e81ea: start RPC server
2019-09-06 22:20:27,227 [Datanode State Machine Thread - 0] INFO  server.GrpcService (GrpcService.java:startImpl(158)) - 2cb2dc0f-84fd-4521-9ecc-d803f12e81ea: GrpcService started, listening on 0.0.0.0/0.0.0.0:41878
2019-09-06 22:20:27,227 [Datanode State Machine Thread - 0] INFO  ratis.XceiverServerRatis (XceiverServerRatis.java:start(414)) - XceiverServerRatis 2cb2dc0f-84fd-4521-9ecc-d803f12e81ea is started using port 41878
2019-09-06 22:20:27,231 [Datanode State Machine Thread - 0] INFO  server.XceiverServerGrpc (XceiverServerGrpc.java:start(163)) - XceiverServerGrpc 2cb2dc0f-84fd-4521-9ecc-d803f12e81ea is started using port 44479
2019-09-06 22:20:27,305 [Datanode State Machine Thread - 0] INFO  ozoneimpl.OzoneContainer (OzoneContainer.java:start(217)) - Attempting to start container services.
2019-09-06 22:20:27,305 [Datanode State Machine Thread - 0] INFO  ozoneimpl.OzoneContainer (OzoneContainer.java:startContainerScrub(179)) - Background container scanner has been disabled.
2019-09-06 22:20:27,305 [Datanode State Machine Thread - 0] INFO  ratis.XceiverServerRatis (XceiverServerRatis.java:start(404)) - Starting XceiverServerRatis 42d29a8d-ec6e-4d7b-90f4-90463a45c878 at port 0
2019-09-06 22:20:27,314 [Datanode State Machine Thread - 0] INFO  impl.RaftServerProxy (RaftServerProxy.java:lambda$start$3(299)) - 42d29a8d-ec6e-4d7b-90f4-90463a45c878: start RPC server
2019-09-06 22:20:27,318 [Datanode State Machine Thread - 0] INFO  server.GrpcService (GrpcService.java:startImpl(158)) - 42d29a8d-ec6e-4d7b-90f4-90463a45c878: GrpcService started, listening on 0.0.0.0/0.0.0.0:45962
2019-09-06 22:20:27,318 [Datanode State Machine Thread - 0] INFO  ratis.XceiverServerRatis (XceiverServerRatis.java:start(414)) - XceiverServerRatis 42d29a8d-ec6e-4d7b-90f4-90463a45c878 is started using port 45962
2019-09-06 22:20:27,321 [Datanode State Machine Thread - 0] INFO  server.XceiverServerGrpc (XceiverServerGrpc.java:start(163)) - XceiverServerGrpc 42d29a8d-ec6e-4d7b-90f4-90463a45c878 is started using port 44720
2019-09-06 22:20:27,365 [main] INFO  ozone.MiniOzoneClusterImpl (MiniOzoneClusterImpl.java:lambda$waitForClusterToBeReady$0(140)) - Waiting for cluster to be ready. Got 0 of 7 DN Heartbeats.
2019-09-06 22:20:27,379 [Datanode State Machine Thread - 0] INFO  ozoneimpl.OzoneContainer (OzoneContainer.java:start(217)) - Attempting to start container services.
2019-09-06 22:20:27,380 [Datanode State Machine Thread - 0] INFO  ozoneimpl.OzoneContainer (OzoneContainer.java:startContainerScrub(179)) - Background container scanner has been disabled.
2019-09-06 22:20:27,380 [Datanode State Machine Thread - 0] INFO  ratis.XceiverServerRatis (XceiverServerRatis.java:start(404)) - Starting XceiverServerRatis df3d14c4-da09-4933-9de6-7132a09f046b at port 0
2019-09-06 22:20:27,391 [Datanode State Machine Thread - 0] INFO  impl.RaftServerProxy (RaftServerProxy.java:lambda$start$3(299)) - df3d14c4-da09-4933-9de6-7132a09f046b: start RPC server
2019-09-06 22:20:27,396 [Datanode State Machine Thread - 0] INFO  server.GrpcService (GrpcService.java:startImpl(158)) - df3d14c4-da09-4933-9de6-7132a09f046b: GrpcService started, listening on 0.0.0.0/0.0.0.0:46580
2019-09-06 22:20:27,396 [Datanode State Machine Thread - 0] INFO  ratis.XceiverServerRatis (XceiverServerRatis.java:start(414)) - XceiverServerRatis df3d14c4-da09-4933-9de6-7132a09f046b is started using port 46580
2019-09-06 22:20:27,400 [Datanode State Machine Thread - 0] INFO  server.XceiverServerGrpc (XceiverServerGrpc.java:start(163)) - XceiverServerGrpc df3d14c4-da09-4933-9de6-7132a09f046b is started using port 38908
2019-09-06 22:20:28,366 [main] INFO  ozone.MiniOzoneClusterImpl (MiniOzoneClusterImpl.java:lambda$waitForClusterToBeReady$0(140)) - Waiting for cluster to be ready. Got 0 of 7 DN Heartbeats.
2019-09-06 22:20:28,896 [IPC Server handler 1 on 39639] INFO  net.NetworkTopology (NetworkTopologyImpl.java:add(110)) - Added a new node: /default-rack/f13d7bf8-acc3-4dce-9eab-24b819c340c4
2019-09-06 22:20:28,897 [IPC Server handler 1 on 39639] INFO  node.SCMNodeManager (SCMNodeManager.java:register(266)) - Registered Data node : f13d7bf8-acc3-4dce-9eab-24b819c340c4{ip: 192.168.36.96, host: pr-hdds-2098-trunk-xjcqn-842104287, networkLocation: /default-rack, certSerialId: null}
2019-09-06 22:20:28,904 [EventQueue-NodeRegistrationContainerReportForDataNodeSafeModeRule] INFO  safemode.SCMSafeModeManager (DataNodeSafeModeRule.java:process(71)) - SCM in safe mode. 1 DataNodes registered, 1 required.
2019-09-06 22:20:28,905 [EventQueue-NodeRegistrationContainerReportForDataNodeSafeModeRule] INFO  safemode.SCMSafeModeManager (SCMSafeModeManager.java:validateSafeModeExitRules(177)) - ScmSafeModeManager, all rules are successfully validated
2019-09-06 22:20:28,905 [EventQueue-NodeRegistrationContainerReportForDataNodeSafeModeRule] INFO  safemode.SCMSafeModeManager (SCMSafeModeManager.java:exitSafeMode(193)) - SCM exiting safe mode.
2019-09-06 22:20:28,928 [IPC Server handler 2 on 39639] INFO  net.NetworkTopology (NetworkTopologyImpl.java:add(110)) - Added a new node: /default-rack/ad70433b-1210-4bb9-81f9-b06ec219c166
2019-09-06 22:20:28,930 [IPC Server handler 2 on 39639] INFO  node.SCMNodeManager (SCMNodeManager.java:register(266)) - Registered Data node : ad70433b-1210-4bb9-81f9-b06ec219c166{ip: 192.168.36.96, host: pr-hdds-2098-trunk-xjcqn-842104287, networkLocation: /default-rack, certSerialId: null}
2019-09-06 22:20:29,015 [IPC Server handler 3 on 39639] INFO  net.NetworkTopology (NetworkTopologyImpl.java:add(110)) - Added a new node: /default-rack/bc6fdb93-666a-4701-ac8e-a64642c98c17
2019-09-06 22:20:29,016 [IPC Server handler 3 on 39639] INFO  node.SCMNodeManager (SCMNodeManager.java:register(266)) - Registered Data node : bc6fdb93-666a-4701-ac8e-a64642c98c17{ip: 192.168.36.96, host: pr-hdds-2098-trunk-xjcqn-842104287, networkLocation: /default-rack, certSerialId: null}
2019-09-06 22:20:29,096 [IPC Server handler 4 on 39639] INFO  net.NetworkTopology (NetworkTopologyImpl.java:add(110)) - Added a new node: /default-rack/5072e8e2-7bfc-44bb-b681-1eb056823a99
2019-09-06 22:20:29,096 [IPC Server handler 4 on 39639] INFO  node.SCMNodeManager (SCMNodeManager.java:register(266)) - Registered Data node : 5072e8e2-7bfc-44bb-b681-1eb056823a99{ip: 192.168.36.96, host: pr-hdds-2098-trunk-xjcqn-842104287, networkLocation: /default-rack, certSerialId: null}
2019-09-06 22:20:29,201 [IPC Server handler 5 on 39639] INFO  net.NetworkTopology (NetworkTopologyImpl.java:add(110)) - Added a new node: /default-rack/2cb2dc0f-84fd-4521-9ecc-d803f12e81ea
2019-09-06 22:20:29,201 [IPC Server handler 5 on 39639] INFO  node.SCMNodeManager (SCMNodeManager.java:register(266)) - Registered Data node : 2cb2dc0f-84fd-4521-9ecc-d803f12e81ea{ip: 192.168.36.96, host: pr-hdds-2098-trunk-xjcqn-842104287, networkLocation: /default-rack, certSerialId: null}
2019-09-06 22:20:29,294 [IPC Server handler 6 on 39639] INFO  net.NetworkTopology (NetworkTopologyImpl.java:add(110)) - Added a new node: /default-rack/42d29a8d-ec6e-4d7b-90f4-90463a45c878
2019-09-06 22:20:29,294 [IPC Server handler 6 on 39639] INFO  node.SCMNodeManager (SCMNodeManager.java:register(266)) - Registered Data node : 42d29a8d-ec6e-4d7b-90f4-90463a45c878{ip: 192.168.36.96, host: pr-hdds-2098-trunk-xjcqn-842104287, networkLocation: /default-rack, certSerialId: null}
2019-09-06 22:20:29,366 [main] INFO  ozone.MiniOzoneClusterImpl (MiniOzoneClusterImpl.java:lambda$waitForClusterToBeReady$0(140)) - Waiting for cluster to be ready. Got 6 of 7 DN Heartbeats.
2019-09-06 22:20:29,367 [IPC Server handler 8 on 39639] INFO  net.NetworkTopology (NetworkTopologyImpl.java:add(110)) - Added a new node: /default-rack/df3d14c4-da09-4933-9de6-7132a09f046b
2019-09-06 22:20:29,368 [IPC Server handler 8 on 39639] INFO  node.SCMNodeManager (SCMNodeManager.java:register(266)) - Registered Data node : df3d14c4-da09-4933-9de6-7132a09f046b{ip: 192.168.36.96, host: pr-hdds-2098-trunk-xjcqn-842104287, networkLocation: /default-rack, certSerialId: null}
2019-09-06 22:20:29,509 [grpc-default-executor-0] INFO  impl.RaftServerProxy (RaftServerProxy.java:addNew(89)) - f13d7bf8-acc3-4dce-9eab-24b819c340c4: addNew group-6FEDDA7E2C7D:[f13d7bf8-acc3-4dce-9eab-24b819c340c4:192.168.36.96:35732] returns group-6FEDDA7E2C7D:java.util.concurrent.CompletableFuture@7df2ef6d[Not completed]
2019-09-06 22:20:29,526 [pool-27-thread-1] INFO  impl.RaftServerImpl (RaftServerImpl.java:<init>(95)) - f13d7bf8-acc3-4dce-9eab-24b819c340c4: new RaftServerImpl for group-6FEDDA7E2C7D:[f13d7bf8-acc3-4dce-9eab-24b819c340c4:192.168.36.96:35732] with ContainerStateMachine:uninitialized
2019-09-06 22:20:29,529 [pool-27-thread-1] INFO  server.RaftServerConfigKeys (ConfUtils.java:logGet(43)) - raft.server.rpc.timeout.min = 5s (custom)
2019-09-06 22:20:29,531 [pool-27-thread-1] INFO  server.RaftServerConfigKeys (ConfUtils.java:logGet(43)) - raft.server.rpc.timeout.max = 5200ms (custom)
2019-09-06 22:20:29,531 [pool-27-thread-1] INFO  server.RaftServerConfigKeys (ConfUtils.java:logGet(43)) - raft.server.rpcslowness.timeout = 120s (custom)
2019-09-06 22:20:29,532 [pool-27-thread-1] INFO  server.RaftServerConfigKeys (ConfUtils.java:logGet(43)) - raft.server.sleep.deviation.threshold = 300 (default)
2019-09-06 22:20:29,533 [pool-27-thread-1] INFO  server.RaftServerConfigKeys (ConfUtils.java:logGet(43)) - raft.server.log.appender.install.snapshot.enabled = false (custom)
2019-09-06 22:20:29,543 [pool-27-thread-1] INFO  impl.RaftServerImpl (ServerState.java:<init>(103)) - f13d7bf8-acc3-4dce-9eab-24b819c340c4@group-6FEDDA7E2C7D: ConfigurationManager, init=-1: [f13d7bf8-acc3-4dce-9eab-24b819c340c4:192.168.36.96:35732], old=null, confs=<EMPTY_MAP>
2019-09-06 22:20:29,543 [pool-27-thread-1] INFO  server.RaftServerConfigKeys (ConfUtils.java:logGet(43)) - raft.server.storage.dir = [/workdir/hadoop-ozone/integration-test/target/test-dir/MiniOzoneClusterImpl-b49f5193-ee3f-4e8d-9086-94cc8b6e630b/datanode-0/data/ratis] (custom)
2019-09-06 22:20:29,553 [pool-27-thread-1] INFO  storage.RaftStorageDirectory (RaftStorageDirectory.java:analyzeStorage(246)) - The storage directory /workdir/hadoop-ozone/integration-test/target/test-dir/MiniOzoneClusterImpl-b49f5193-ee3f-4e8d-9086-94cc8b6e630b/datanode-0/data/ratis/eb5f8c2e-a87d-43bf-a908-6fedda7e2c7d does not exist. Creating ...
2019-09-06 22:20:29,570 [pool-27-thread-1] INFO  storage.RaftStorageDirectory (RaftStorageDirectory.java:tryLock(328)) - Lock on /workdir/hadoop-ozone/integration-test/target/test-dir/MiniOzoneClusterImpl-b49f5193-ee3f-4e8d-9086-94cc8b6e630b/datanode-0/data/ratis/eb5f8c2e-a87d-43bf-a908-6fedda7e2c7d/in_use.lock acquired by nodename 23625@pr-hdds-2098-trunk-xjcqn-842104287
2019-09-06 22:20:29,587 [pool-27-thread-1] INFO  storage.RaftStorage (RaftStorage.java:format(72)) - Storage directory /workdir/hadoop-ozone/integration-test/target/test-dir/MiniOzoneClusterImpl-b49f5193-ee3f-4e8d-9086-94cc8b6e630b/datanode-0/data/ratis/eb5f8c2e-a87d-43bf-a908-6fedda7e2c7d has been successfully formatted.
2019-09-06 22:20:29,591 [pool-27-thread-1] INFO  ratis.ContainerStateMachine (ContainerStateMachine.java:loadSnapshot(232)) - group-6FEDDA7E2C7D: The snapshot info is null. Setting the last applied indexto:(t:0, i:~)
2019-09-06 22:20:29,592 [pool-27-thread-1] INFO  server.RaftServerConfigKeys (ConfUtils.java:logGet(43)) - raft.server.notification.no-leader.timeout = 120s (custom)
2019-09-06 22:20:29,595 [pool-27-thread-1] INFO  server.RaftServerConfigKeys (ConfUtils.java:logGet(43)) - raft.server.log.use.memory = false (default)
2019-09-06 22:20:29,603 [pool-27-thread-1] INFO  server.RaftServerConfigKeys (ConfUtils.java:logGet(43)) - raft.server.log.purge.gap = 1000000 (custom)
2019-09-06 22:20:29,604 [pool-27-thread-1] INFO  server.RaftServerConfigKeys (ConfUtils.java:logGet(43)) - raft.server.log.appender.buffer.byte-limit = 33554432 (custom)
2019-09-06 22:20:29,607 [pool-27-thread-1] INFO  server.RaftServerConfigKeys (ConfUtils.java:logGet(43)) - raft.server.log.segment.size.max = 1048576 (custom)
2019-09-06 22:20:29,613 [pool-27-thread-1] INFO  server.RaftServerConfigKeys (ConfUtils.java:logGet(43)) - raft.server.log.segment.cache.num.max = 2 (custom)
2019-09-06 22:20:29,621 [pool-27-thread-1] INFO  segmented.SegmentedRaftLogWorker (SegmentedRaftLogWorker.java:<init>(172)) - new f13d7bf8-acc3-4dce-9eab-24b819c340c4@group-6FEDDA7E2C7D-SegmentedRaftLogWorker for RaftStorage:Storage Directory /workdir/hadoop-ozone/integration-test/target/test-dir/MiniOzoneClusterImpl-b49f5193-ee3f-4e8d-9086-94cc8b6e630b/datanode-0/data/ratis/eb5f8c2e-a87d-43bf-a908-6fedda7e2c7d
2019-09-06 22:20:29,622 [pool-27-thread-1] INFO  impl.MetricsSystemImpl (MetricsSystemImpl.java:init(158)) - ratis metrics system started (again)
2019-09-06 22:20:29,669 [pool-27-thread-1] INFO  server.RaftServerConfigKeys (ConfUtils.java:logGet(43)) - raft.server.log.queue.byte-limit = 2147483647 (custom)
2019-09-06 22:20:29,670 [pool-27-thread-1] INFO  server.RaftServerConfigKeys (ConfUtils.java:logGet(43)) - raft.server.log.queue.element-limit = 1024 (custom)
2019-09-06 22:20:29,674 [pool-27-thread-1] INFO  server.RaftServerConfigKeys (ConfUtils.java:logGet(43)) - raft.server.log.segment.size.max = 1048576 (custom)
2019-09-06 22:20:29,674 [pool-27-thread-1] INFO  server.RaftServerConfigKeys (ConfUtils.java:logGet(43)) - raft.server.log.preallocated.size = 16384 (custom)
2019-09-06 22:20:29,675 [pool-27-thread-1] INFO  server.RaftServerConfigKeys (ConfUtils.java:logGet(43)) - raft.server.log.write.buffer.size = 33554432 (custom)
2019-09-06 22:20:29,675 [pool-27-thread-1] INFO  server.RaftServerConfigKeys (ConfUtils.java:logGet(43)) - raft.server.log.force.sync.num = 128 (default)
2019-09-06 22:20:29,676 [pool-27-thread-1] INFO  server.RaftServerConfigKeys (ConfUtils.java:logGet(43)) - raft.server.log.statemachine.data.sync = true (default)
2019-09-06 22:20:29,677 [pool-27-thread-1] INFO  server.RaftServerConfigKeys (ConfUtils.java:logGet(43)) - raft.server.log.statemachine.data.sync.timeout = 10s (default)
2019-09-06 22:20:29,677 [pool-27-thread-1] INFO  server.RaftServerConfigKeys (ConfUtils.java:logGet(43)) - raft.server.log.statemachine.data.sync.timeout.retry = -1 (default)
2019-09-06 22:20:29,688 [pool-27-thread-1] INFO  server.RaftServerConfigKeys (ConfUtils.java:logGet(43)) - raft.server.log.statemachine.data.caching.enabled = true (custom)
2019-09-06 22:20:29,692 [pool-27-thread-1] INFO  segmented.SegmentedRaftLogWorker (SegmentedRaftLogWorker.java:lambda$new$0(132)) - f13d7bf8-acc3-4dce-9eab-24b819c340c4@group-6FEDDA7E2C7D-SegmentedRaftLogWorker: flushIndex: setUnconditionally 0 -> -1
2019-09-06 22:20:29,697 [pool-27-thread-1] INFO  server.RaftServerConfigKeys (ConfUtils.java:logGet(43)) - raft.server.snapshot.auto.trigger.enabled = true (custom)
2019-09-06 22:20:29,698 [pool-27-thread-1] INFO  server.RaftServerConfigKeys (ConfUtils.java:logGet(43)) - raft.server.snapshot.auto.trigger.threshold = 10000 (custom)
2019-09-06 22:20:29,699 [pool-27-thread-1] INFO  server.RaftServerConfigKeys (ConfUtils.java:logGet(43)) - raft.server.snapshot.retention.num.files = -1 (default)
2019-09-06 22:20:29,700 [pool-27-thread-1] INFO  server.RaftServerConfigKeys (ConfUtils.java:logGet(43)) - raft.server.retrycache.expirytime = 600000ms (custom)
2019-09-06 22:20:29,727 [pool-27-thread-1] INFO  impl.RaftServerImpl (RaftServerImpl.java:start(185)) - f13d7bf8-acc3-4dce-9eab-24b819c340c4@group-6FEDDA7E2C7D: start as a follower, conf=-1: [f13d7bf8-acc3-4dce-9eab-24b819c340c4:192.168.36.96:35732], old=null
2019-09-06 22:20:29,728 [pool-27-thread-1] INFO  impl.RaftServerImpl (RaftServerImpl.java:setRole(174)) - f13d7bf8-acc3-4dce-9eab-24b819c340c4@group-6FEDDA7E2C7D: changes role from      null to FOLLOWER at term 0 for startAsFollower
2019-09-06 22:20:29,729 [pool-27-thread-1] INFO  impl.RoleInfo (RoleInfo.java:updateAndGet(143)) - f13d7bf8-acc3-4dce-9eab-24b819c340c4: start FollowerState
2019-09-06 22:20:29,731 [pool-27-thread-1] INFO  util.JmxRegister (JmxRegister.java:tryRegister(44)) - Successfully registered JMX Bean with object name Ratis:service=RaftServer,group=group-6FEDDA7E2C7D,id=f13d7bf8-acc3-4dce-9eab-24b819c340c4
2019-09-06 22:20:29,812 [RatisPipelineUtilsThread] INFO  pipeline.PipelineStateManager (PipelineStateManager.java:addPipeline(56)) - Created pipeline Pipeline[ Id: eb5f8c2e-a87d-43bf-a908-6fedda7e2c7d, Nodes: f13d7bf8-acc3-4dce-9eab-24b819c340c4{ip: 192.168.36.96, host: pr-hdds-2098-trunk-xjcqn-842104287, networkLocation: /default-rack, certSerialId: null}, Type:RATIS, Factor:ONE, State:OPEN]
2019-09-06 22:20:29,845 [grpc-default-executor-0] INFO  impl.RaftServerProxy (RaftServerProxy.java:addNew(89)) - bc6fdb93-666a-4701-ac8e-a64642c98c17: addNew group-D3A0162BCC4C:[bc6fdb93-666a-4701-ac8e-a64642c98c17:192.168.36.96:46741] returns group-D3A0162BCC4C:java.util.concurrent.CompletableFuture@1faf298f[Not completed]
2019-09-06 22:20:29,897 [pool-47-thread-1] INFO  impl.RaftServerImpl (RaftServerImpl.java:<init>(95)) - bc6fdb93-666a-4701-ac8e-a64642c98c17: new RaftServerImpl for group-D3A0162BCC4C:[bc6fdb93-666a-4701-ac8e-a64642c98c17:192.168.36.96:46741] with ContainerStateMachine:uninitialized
2019-09-06 22:20:29,898 [pool-47-thread-1] INFO  server.RaftServerConfigKeys (ConfUtils.java:logGet(43)) - raft.server.rpc.timeout.min = 5s (custom)
2019-09-06 22:20:29,898 [pool-47-thread-1] INFO  server.RaftServerConfigKeys (ConfUtils.java:logGet(43)) - raft.server.rpc.timeout.max = 5200ms (custom)
2019-09-06 22:20:29,899 [pool-47-thread-1] INFO  server.RaftServerConfigKeys (ConfUtils.java:logGet(43)) - raft.server.rpcslowness.timeout = 120s (custom)
2019-09-06 22:20:29,899 [pool-47-thread-1] INFO  server.RaftServerConfigKeys (ConfUtils.java:logGet(43)) - raft.server.sleep.deviation.threshold = 300 (default)
2019-09-06 22:20:29,899 [pool-47-thread-1] INFO  server.RaftServerConfigKeys (ConfUtils.java:logGet(43)) - raft.server.log.appender.install.snapshot.enabled = false (custom)
2019-09-06 22:20:29,899 [pool-47-thread-1] INFO  impl.RaftServerImpl (ServerState.java:<init>(103)) - bc6fdb93-666a-4701-ac8e-a64642c98c17@group-D3A0162BCC4C: ConfigurationManager, init=-1: [bc6fdb93-666a-4701-ac8e-a64642c98c17:192.168.36.96:46741], old=null, confs=<EMPTY_MAP>
2019-09-06 22:20:29,900 [pool-47-thread-1] INFO  server.RaftServerConfigKeys (ConfUtils.java:logGet(43)) - raft.server.storage.dir = [/workdir/hadoop-ozone/integration-test/target/test-dir/MiniOzoneClusterImpl-b49f5193-ee3f-4e8d-9086-94cc8b6e630b/datanode-2/data/ratis] (custom)
2019-09-06 22:20:29,900 [pool-47-thread-1] INFO  storage.RaftStorageDirectory (RaftStorageDirectory.java:analyzeStorage(246)) - The storage directory /workdir/hadoop-ozone/integration-test/target/test-dir/MiniOzoneClusterImpl-b49f5193-ee3f-4e8d-9086-94cc8b6e630b/datanode-2/data/ratis/4aeecf48-0d27-491d-a40f-d3a0162bcc4c does not exist. Creating ...
2019-09-06 22:20:29,914 [pool-47-thread-1] INFO  storage.RaftStorageDirectory (RaftStorageDirectory.java:tryLock(328)) - Lock on /workdir/hadoop-ozone/integration-test/target/test-dir/MiniOzoneClusterImpl-b49f5193-ee3f-4e8d-9086-94cc8b6e630b/datanode-2/data/ratis/4aeecf48-0d27-491d-a40f-d3a0162bcc4c/in_use.lock acquired by nodename 23625@pr-hdds-2098-trunk-xjcqn-842104287
2019-09-06 22:20:29,929 [pool-47-thread-1] INFO  storage.RaftStorage (RaftStorage.java:format(72)) - Storage directory /workdir/hadoop-ozone/integration-test/target/test-dir/MiniOzoneClusterImpl-b49f5193-ee3f-4e8d-9086-94cc8b6e630b/datanode-2/data/ratis/4aeecf48-0d27-491d-a40f-d3a0162bcc4c has been successfully formatted.
2019-09-06 22:20:29,931 [pool-47-thread-1] INFO  ratis.ContainerStateMachine (ContainerStateMachine.java:loadSnapshot(232)) - group-D3A0162BCC4C: The snapshot info is null. Setting the last applied indexto:(t:0, i:~)
2019-09-06 22:20:29,932 [pool-47-thread-1] INFO  server.RaftServerConfigKeys (ConfUtils.java:logGet(43)) - raft.server.notification.no-leader.timeout = 120s (custom)
2019-09-06 22:20:29,932 [pool-47-thread-1] INFO  server.RaftServerConfigKeys (ConfUtils.java:logGet(43)) - raft.server.log.use.memory = false (default)
2019-09-06 22:20:29,932 [pool-47-thread-1] INFO  server.RaftServerConfigKeys (ConfUtils.java:logGet(43)) - raft.server.log.purge.gap = 1000000 (custom)
2019-09-06 22:20:29,933 [pool-47-thread-1] INFO  server.RaftServerConfigKeys (ConfUtils.java:logGet(43)) - raft.server.log.appender.buffer.byte-limit = 33554432 (custom)
2019-09-06 22:20:29,933 [pool-47-thread-1] INFO  server.RaftServerConfigKeys (ConfUtils.java:logGet(43)) - raft.server.log.segment.size.max = 1048576 (custom)
2019-09-06 22:20:29,933 [pool-47-thread-1] INFO  server.RaftServerConfigKeys (ConfUtils.java:logGet(43)) - raft.server.log.segment.cache.num.max = 2 (custom)
2019-09-06 22:20:29,933 [pool-47-thread-1] INFO  segmented.SegmentedRaftLogWorker (SegmentedRaftLogWorker.java:<init>(172)) - new bc6fdb93-666a-4701-ac8e-a64642c98c17@group-D3A0162BCC4C-SegmentedRaftLogWorker for RaftStorage:Storage Directory /workdir/hadoop-ozone/integration-test/target/test-dir/MiniOzoneClusterImpl-b49f5193-ee3f-4e8d-9086-94cc8b6e630b/datanode-2/data/ratis/4aeecf48-0d27-491d-a40f-d3a0162bcc4c
2019-09-06 22:20:29,941 [pool-47-thread-1] INFO  server.RaftServerConfigKeys (ConfUtils.java:logGet(43)) - raft.server.log.queue.byte-limit = 2147483647 (custom)
2019-09-06 22:20:29,942 [pool-47-thread-1] INFO  server.RaftServerConfigKeys (ConfUtils.java:logGet(43)) - raft.server.log.queue.element-limit = 1024 (custom)
2019-09-06 22:20:29,942 [pool-47-thread-1] INFO  server.RaftServerConfigKeys (ConfUtils.java:logGet(43)) - raft.server.log.segment.size.max = 1048576 (custom)
2019-09-06 22:20:29,942 [pool-47-thread-1] INFO  server.RaftServerConfigKeys (ConfUtils.java:logGet(43)) - raft.server.log.preallocated.size = 16384 (custom)
2019-09-06 22:20:29,943 [pool-47-thread-1] INFO  server.RaftServerConfigKeys (ConfUtils.java:logGet(43)) - raft.server.log.write.buffer.size = 33554432 (custom)
2019-09-06 22:20:29,943 [pool-47-thread-1] INFO  server.RaftServerConfigKeys (ConfUtils.java:logGet(43)) - raft.server.log.force.sync.num = 128 (default)
2019-09-06 22:20:29,943 [pool-47-thread-1] INFO  server.RaftServerConfigKeys (ConfUtils.java:logGet(43)) - raft.server.log.statemachine.data.sync = true (default)
2019-09-06 22:20:29,943 [pool-47-thread-1] INFO  server.RaftServerConfigKeys (ConfUtils.java:logGet(43)) - raft.server.log.statemachine.data.sync.timeout = 10s (default)
2019-09-06 22:20:29,943 [pool-47-thread-1] INFO  server.RaftServerConfigKeys (ConfUtils.java:logGet(43)) - raft.server.log.statemachine.data.sync.timeout.retry = -1 (default)
2019-09-06 22:20:29,944 [pool-47-thread-1] INFO  server.RaftServerConfigKeys (ConfUtils.java:logGet(43)) - raft.server.log.statemachine.data.caching.enabled = true (custom)
2019-09-06 22:20:29,944 [pool-47-thread-1] INFO  segmented.SegmentedRaftLogWorker (SegmentedRaftLogWorker.java:lambda$new$0(132)) - bc6fdb93-666a-4701-ac8e-a64642c98c17@group-D3A0162BCC4C-SegmentedRaftLogWorker: flushIndex: setUnconditionally 0 -> -1
2019-09-06 22:20:29,945 [pool-47-thread-1] INFO  server.RaftServerConfigKeys (ConfUtils.java:logGet(43)) - raft.server.snapshot.auto.trigger.enabled = true (custom)
2019-09-06 22:20:29,945 [pool-47-thread-1] INFO  server.RaftServerConfigKeys (ConfUtils.java:logGet(43)) - raft.server.snapshot.auto.trigger.threshold = 10000 (custom)
2019-09-06 22:20:29,945 [pool-47-thread-1] INFO  server.RaftServerConfigKeys (ConfUtils.java:logGet(43)) - raft.server.snapshot.retention.num.files = -1 (default)
2019-09-06 22:20:29,946 [pool-47-thread-1] INFO  server.RaftServerConfigKeys (ConfUtils.java:logGet(43)) - raft.server.retrycache.expirytime = 600000ms (custom)
2019-09-06 22:20:29,954 [pool-47-thread-1] INFO  impl.RaftServerImpl (RaftServerImpl.java:start(185)) - bc6fdb93-666a-4701-ac8e-a64642c98c17@group-D3A0162BCC4C: start as a follower, conf=-1: [bc6fdb93-666a-4701-ac8e-a64642c98c17:192.168.36.96:46741], old=null
2019-09-06 22:20:29,954 [pool-47-thread-1] INFO  impl.RaftServerImpl (RaftServerImpl.java:setRole(174)) - bc6fdb93-666a-4701-ac8e-a64642c98c17@group-D3A0162BCC4C: changes role from      null to FOLLOWER at term 0 for startAsFollower
2019-09-06 22:20:29,955 [pool-47-thread-1] INFO  impl.RoleInfo (RoleInfo.java:updateAndGet(143)) - bc6fdb93-666a-4701-ac8e-a64642c98c17: start FollowerState
2019-09-06 22:20:29,959 [pool-47-thread-1] INFO  util.JmxRegister (JmxRegister.java:tryRegister(44)) - Successfully registered JMX Bean with object name Ratis:service=RaftServer,group=group-D3A0162BCC4C,id=bc6fdb93-666a-4701-ac8e-a64642c98c17
2019-09-06 22:20:29,978 [RatisPipelineUtilsThread] INFO  pipeline.PipelineStateManager (PipelineStateManager.java:addPipeline(56)) - Created pipeline Pipeline[ Id: 4aeecf48-0d27-491d-a40f-d3a0162bcc4c, Nodes: bc6fdb93-666a-4701-ac8e-a64642c98c17{ip: 192.168.36.96, host: pr-hdds-2098-trunk-xjcqn-842104287, networkLocation: /default-rack, certSerialId: null}, Type:RATIS, Factor:ONE, State:OPEN]
2019-09-06 22:20:29,998 [grpc-default-executor-0] INFO  impl.RaftServerProxy (RaftServerProxy.java:addNew(89)) - df3d14c4-da09-4933-9de6-7132a09f046b: addNew group-3D978949FED6:[df3d14c4-da09-4933-9de6-7132a09f046b:192.168.36.96:46580] returns group-3D978949FED6:java.util.concurrent.CompletableFuture@69dd05b1[Not completed]
2019-09-06 22:20:30,020 [pool-87-thread-1] INFO  impl.RaftServerImpl (RaftServerImpl.java:<init>(95)) - df3d14c4-da09-4933-9de6-7132a09f046b: new RaftServerImpl for group-3D978949FED6:[df3d14c4-da09-4933-9de6-7132a09f046b:192.168.36.96:46580] with ContainerStateMachine:uninitialized
2019-09-06 22:20:30,021 [pool-87-thread-1] INFO  server.RaftServerConfigKeys (ConfUtils.java:logGet(43)) - raft.server.rpc.timeout.min = 5s (custom)
2019-09-06 22:20:30,021 [pool-87-thread-1] INFO  server.RaftServerConfigKeys (ConfUtils.java:logGet(43)) - raft.server.rpc.timeout.max = 5200ms (custom)
2019-09-06 22:20:30,021 [pool-87-thread-1] INFO  server.RaftServerConfigKeys (ConfUtils.java:logGet(43)) - raft.server.rpcslowness.timeout = 120s (custom)
2019-09-06 22:20:30,021 [pool-87-thread-1] INFO  server.RaftServerConfigKeys (ConfUtils.java:logGet(43)) - raft.server.sleep.deviation.threshold = 300 (default)
2019-09-06 22:20:30,021 [pool-87-thread-1] INFO  server.RaftServerConfigKeys (ConfUtils.java:logGet(43)) - raft.server.log.appender.install.snapshot.enabled = false (custom)
2019-09-06 22:20:30,021 [pool-87-thread-1] INFO  impl.RaftServerImpl (ServerState.java:<init>(103)) - df3d14c4-da09-4933-9de6-7132a09f046b@group-3D978949FED6: ConfigurationManager, init=-1: [df3d14c4-da09-4933-9de6-7132a09f046b:192.168.36.96:46580], old=null, confs=<EMPTY_MAP>
2019-09-06 22:20:30,021 [pool-87-thread-1] INFO  server.RaftServerConfigKeys (ConfUtils.java:logGet(43)) - raft.server.storage.dir = [/workdir/hadoop-ozone/integration-test/target/test-dir/MiniOzoneClusterImpl-b49f5193-ee3f-4e8d-9086-94cc8b6e630b/datanode-6/data/ratis] (custom)
2019-09-06 22:20:30,022 [pool-87-thread-1] INFO  storage.RaftStorageDirectory (RaftStorageDirectory.java:analyzeStorage(246)) - The storage directory /workdir/hadoop-ozone/integration-test/target/test-dir/MiniOzoneClusterImpl-b49f5193-ee3f-4e8d-9086-94cc8b6e630b/datanode-6/data/ratis/2e3f848c-7f58-4caa-a8b5-3d978949fed6 does not exist. Creating ...
2019-09-06 22:20:30,046 [pool-87-thread-1] INFO  storage.RaftStorageDirectory (RaftStorageDirectory.java:tryLock(328)) - Lock on /workdir/hadoop-ozone/integration-test/target/test-dir/MiniOzoneClusterImpl-b49f5193-ee3f-4e8d-9086-94cc8b6e630b/datanode-6/data/ratis/2e3f848c-7f58-4caa-a8b5-3d978949fed6/in_use.lock acquired by nodename 23625@pr-hdds-2098-trunk-xjcqn-842104287
2019-09-06 22:20:30,060 [pool-87-thread-1] INFO  storage.RaftStorage (RaftStorage.java:format(72)) - Storage directory /workdir/hadoop-ozone/integration-test/target/test-dir/MiniOzoneClusterImpl-b49f5193-ee3f-4e8d-9086-94cc8b6e630b/datanode-6/data/ratis/2e3f848c-7f58-4caa-a8b5-3d978949fed6 has been successfully formatted.
2019-09-06 22:20:30,060 [pool-87-thread-1] INFO  ratis.ContainerStateMachine (ContainerStateMachine.java:loadSnapshot(232)) - group-3D978949FED6: The snapshot info is null. Setting the last applied indexto:(t:0, i:~)
2019-09-06 22:20:30,060 [pool-87-thread-1] INFO  server.RaftServerConfigKeys (ConfUtils.java:logGet(43)) - raft.server.notification.no-leader.timeout = 120s (custom)
2019-09-06 22:20:30,061 [pool-87-thread-1] INFO  server.RaftServerConfigKeys (ConfUtils.java:logGet(43)) - raft.server.log.use.memory = false (default)
2019-09-06 22:20:30,061 [pool-87-thread-1] INFO  server.RaftServerConfigKeys (ConfUtils.java:logGet(43)) - raft.server.log.purge.gap = 1000000 (custom)
2019-09-06 22:20:30,061 [pool-87-thread-1] INFO  server.RaftServerConfigKeys (ConfUtils.java:logGet(43)) - raft.server.log.appender.buffer.byte-limit = 33554432 (custom)
2019-09-06 22:20:30,061 [pool-87-thread-1] INFO  server.RaftServerConfigKeys (ConfUtils.java:logGet(43)) - raft.server.log.segment.size.max = 1048576 (custom)
2019-09-06 22:20:30,062 [pool-87-thread-1] INFO  server.RaftServerConfigKeys (ConfUtils.java:logGet(43)) - raft.server.log.segment.cache.num.max = 2 (custom)
2019-09-06 22:20:30,062 [pool-87-thread-1] INFO  segmented.SegmentedRaftLogWorker (SegmentedRaftLogWorker.java:<init>(172)) - new df3d14c4-da09-4933-9de6-7132a09f046b@group-3D978949FED6-SegmentedRaftLogWorker for RaftStorage:Storage Directory /workdir/hadoop-ozone/integration-test/target/test-dir/MiniOzoneClusterImpl-b49f5193-ee3f-4e8d-9086-94cc8b6e630b/datanode-6/data/ratis/2e3f848c-7f58-4caa-a8b5-3d978949fed6
2019-09-06 22:20:30,107 [pool-87-thread-1] INFO  server.RaftServerConfigKeys (ConfUtils.java:logGet(43)) - raft.server.log.queue.byte-limit = 2147483647 (custom)
2019-09-06 22:20:30,107 [pool-87-thread-1] INFO  server.RaftServerConfigKeys (ConfUtils.java:logGet(43)) - raft.server.log.queue.element-limit = 1024 (custom)
2019-09-06 22:20:30,108 [pool-87-thread-1] INFO  server.RaftServerConfigKeys (ConfUtils.java:logGet(43)) - raft.server.log.segment.size.max = 1048576 (custom)
2019-09-06 22:20:30,108 [pool-87-thread-1] INFO  server.RaftServerConfigKeys (ConfUtils.java:logGet(43)) - raft.server.log.preallocated.size = 16384 (custom)
2019-09-06 22:20:30,108 [pool-87-thread-1] INFO  server.RaftServerConfigKeys (ConfUtils.java:logGet(43)) - raft.server.log.write.buffer.size = 33554432 (custom)
2019-09-06 22:20:30,108 [pool-87-thread-1] INFO  server.RaftServerConfigKeys (ConfUtils.java:logGet(43)) - raft.server.log.force.sync.num = 128 (default)
2019-09-06 22:20:30,108 [pool-87-thread-1] INFO  server.RaftServerConfigKeys (ConfUtils.java:logGet(43)) - raft.server.log.statemachine.data.sync = true (default)
2019-09-06 22:20:30,108 [pool-87-thread-1] INFO  server.RaftServerConfigKeys (ConfUtils.java:logGet(43)) - raft.server.log.statemachine.data.sync.timeout = 10s (default)
2019-09-06 22:20:30,108 [pool-87-thread-1] INFO  server.RaftServerConfigKeys (ConfUtils.java:logGet(43)) - raft.server.log.statemachine.data.sync.timeout.retry = -1 (default)
2019-09-06 22:20:30,109 [pool-87-thread-1] INFO  server.RaftServerConfigKeys (ConfUtils.java:logGet(43)) - raft.server.log.statemachine.data.caching.enabled = true (custom)
2019-09-06 22:20:30,109 [pool-87-thread-1] INFO  segmented.SegmentedRaftLogWorker (SegmentedRaftLogWorker.java:lambda$new$0(132)) - df3d14c4-da09-4933-9de6-7132a09f046b@group-3D978949FED6-SegmentedRaftLogWorker: flushIndex: setUnconditionally 0 -> -1
2019-09-06 22:20:30,109 [pool-87-thread-1] INFO  server.RaftServerConfigKeys (ConfUtils.java:logGet(43)) - raft.server.snapshot.auto.trigger.enabled = true (custom)
2019-09-06 22:20:30,109 [pool-87-thread-1] INFO  server.RaftServerConfigKeys (ConfUtils.java:logGet(43)) - raft.server.snapshot.auto.trigger.threshold = 10000 (custom)
2019-09-06 22:20:30,110 [pool-87-thread-1] INFO  server.RaftServerConfigKeys (ConfUtils.java:logGet(43)) - raft.server.snapshot.retention.num.files = -1 (default)
2019-09-06 22:20:30,110 [pool-87-thread-1] INFO  server.RaftServerConfigKeys (ConfUtils.java:logGet(43)) - raft.server.retrycache.expirytime = 600000ms (custom)
2019-09-06 22:20:30,113 [pool-87-thread-1] INFO  impl.RaftServerImpl (RaftServerImpl.java:start(185)) - df3d14c4-da09-4933-9de6-7132a09f046b@group-3D978949FED6: start as a follower, conf=-1: [df3d14c4-da09-4933-9de6-7132a09f046b:192.168.36.96:46580], old=null
2019-09-06 22:20:30,113 [pool-87-thread-1] INFO  impl.RaftServerImpl (RaftServerImpl.java:setRole(174)) - df3d14c4-da09-4933-9de6-7132a09f046b@group-3D978949FED6: changes role from      null to FOLLOWER at term 0 for startAsFollower
2019-09-06 22:20:30,114 [pool-87-thread-1] INFO  impl.RoleInfo (RoleInfo.java:updateAndGet(143)) - df3d14c4-da09-4933-9de6-7132a09f046b: start FollowerState
2019-09-06 22:20:30,114 [pool-87-thread-1] INFO  util.JmxRegister (JmxRegister.java:tryRegister(44)) - Successfully registered JMX Bean with object name Ratis:service=RaftServer,group=group-3D978949FED6,id=df3d14c4-da09-4933-9de6-7132a09f046b
2019-09-06 22:20:30,126 [RatisPipelineUtilsThread] INFO  pipeline.PipelineStateManager (PipelineStateManager.java:addPipeline(56)) - Created pipeline Pipeline[ Id: 2e3f848c-7f58-4caa-a8b5-3d978949fed6, Nodes: df3d14c4-da09-4933-9de6-7132a09f046b{ip: 192.168.36.96, host: pr-hdds-2098-trunk-xjcqn-842104287, networkLocation: /default-rack, certSerialId: null}, Type:RATIS, Factor:ONE, State:OPEN]
2019-09-06 22:20:30,147 [grpc-default-executor-0] INFO  impl.RaftServerProxy (RaftServerProxy.java:addNew(89)) - 42d29a8d-ec6e-4d7b-90f4-90463a45c878: addNew group-6F2B0BCE3A0C:[42d29a8d-ec6e-4d7b-90f4-90463a45c878:192.168.36.96:45962] returns group-6F2B0BCE3A0C:java.util.concurrent.CompletableFuture@474a63ad[Not completed]
2019-09-06 22:20:30,152 [pool-77-thread-1] INFO  impl.RaftServerImpl (RaftServerImpl.java:<init>(95)) - 42d29a8d-ec6e-4d7b-90f4-90463a45c878: new RaftServerImpl for group-6F2B0BCE3A0C:[42d29a8d-ec6e-4d7b-90f4-90463a45c878:192.168.36.96:45962] with ContainerStateMachine:uninitialized
2019-09-06 22:20:30,152 [pool-77-thread-1] INFO  server.RaftServerConfigKeys (ConfUtils.java:logGet(43)) - raft.server.rpc.timeout.min = 5s (custom)
2019-09-06 22:20:30,152 [pool-77-thread-1] INFO  server.RaftServerConfigKeys (ConfUtils.java:logGet(43)) - raft.server.rpc.timeout.max = 5200ms (custom)
2019-09-06 22:20:30,152 [pool-77-thread-1] INFO  server.RaftServerConfigKeys (ConfUtils.java:logGet(43)) - raft.server.rpcslowness.timeout = 120s (custom)
2019-09-06 22:20:30,152 [pool-77-thread-1] INFO  server.RaftServerConfigKeys (ConfUtils.java:logGet(43)) - raft.server.sleep.deviation.threshold = 300 (default)
2019-09-06 22:20:30,153 [pool-77-thread-1] INFO  server.RaftServerConfigKeys (ConfUtils.java:logGet(43)) - raft.server.log.appender.install.snapshot.enabled = false (custom)
2019-09-06 22:20:30,153 [pool-77-thread-1] INFO  impl.RaftServerImpl (ServerState.java:<init>(103)) - 42d29a8d-ec6e-4d7b-90f4-90463a45c878@group-6F2B0BCE3A0C: ConfigurationManager, init=-1: [42d29a8d-ec6e-4d7b-90f4-90463a45c878:192.168.36.96:45962], old=null, confs=<EMPTY_MAP>
2019-09-06 22:20:30,153 [pool-77-thread-1] INFO  server.RaftServerConfigKeys (ConfUtils.java:logGet(43)) - raft.server.storage.dir = [/workdir/hadoop-ozone/integration-test/target/test-dir/MiniOzoneClusterImpl-b49f5193-ee3f-4e8d-9086-94cc8b6e630b/datanode-5/data/ratis] (custom)
2019-09-06 22:20:30,153 [pool-77-thread-1] INFO  storage.RaftStorageDirectory (RaftStorageDirectory.java:analyzeStorage(246)) - The storage directory /workdir/hadoop-ozone/integration-test/target/test-dir/MiniOzoneClusterImpl-b49f5193-ee3f-4e8d-9086-94cc8b6e630b/datanode-5/data/ratis/dcaf15fd-916a-49c7-91f7-6f2b0bce3a0c does not exist. Creating ...
2019-09-06 22:20:30,166 [pool-77-thread-1] INFO  storage.RaftStorageDirectory (RaftStorageDirectory.java:tryLock(328)) - Lock on /workdir/hadoop-ozone/integration-test/target/test-dir/MiniOzoneClusterImpl-b49f5193-ee3f-4e8d-9086-94cc8b6e630b/datanode-5/data/ratis/dcaf15fd-916a-49c7-91f7-6f2b0bce3a0c/in_use.lock acquired by nodename 23625@pr-hdds-2098-trunk-xjcqn-842104287
2019-09-06 22:20:30,181 [pool-77-thread-1] INFO  storage.RaftStorage (RaftStorage.java:format(72)) - Storage directory /workdir/hadoop-ozone/integration-test/target/test-dir/MiniOzoneClusterImpl-b49f5193-ee3f-4e8d-9086-94cc8b6e630b/datanode-5/data/ratis/dcaf15fd-916a-49c7-91f7-6f2b0bce3a0c has been successfully formatted.
2019-09-06 22:20:30,181 [pool-77-thread-1] INFO  ratis.ContainerStateMachine (ContainerStateMachine.java:loadSnapshot(232)) - group-6F2B0BCE3A0C: The snapshot info is null. Setting the last applied indexto:(t:0, i:~)
2019-09-06 22:20:30,181 [pool-77-thread-1] INFO  server.RaftServerConfigKeys (ConfUtils.java:logGet(43)) - raft.server.notification.no-leader.timeout = 120s (custom)
2019-09-06 22:20:30,181 [pool-77-thread-1] INFO  server.RaftServerConfigKeys (ConfUtils.java:logGet(43)) - raft.server.log.use.memory = false (default)
2019-09-06 22:20:30,182 [pool-77-thread-1] INFO  server.RaftServerConfigKeys (ConfUtils.java:logGet(43)) - raft.server.log.purge.gap = 1000000 (custom)
2019-09-06 22:20:30,182 [pool-77-thread-1] INFO  server.RaftServerConfigKeys (ConfUtils.java:logGet(43)) - raft.server.log.appender.buffer.byte-limit = 33554432 (custom)
2019-09-06 22:20:30,182 [pool-77-thread-1] INFO  server.RaftServerConfigKeys (ConfUtils.java:logGet(43)) - raft.server.log.segment.size.max = 1048576 (custom)
2019-09-06 22:20:30,182 [pool-77-thread-1] INFO  server.RaftServerConfigKeys (ConfUtils.java:logGet(43)) - raft.server.log.segment.cache.num.max = 2 (custom)
2019-09-06 22:20:30,182 [pool-77-thread-1] INFO  segmented.SegmentedRaftLogWorker (SegmentedRaftLogWorker.java:<init>(172)) - new 42d29a8d-ec6e-4d7b-90f4-90463a45c878@group-6F2B0BCE3A0C-SegmentedRaftLogWorker for RaftStorage:Storage Directory /workdir/hadoop-ozone/integration-test/target/test-dir/MiniOzoneClusterImpl-b49f5193-ee3f-4e8d-9086-94cc8b6e630b/datanode-5/data/ratis/dcaf15fd-916a-49c7-91f7-6f2b0bce3a0c
2019-09-06 22:20:30,187 [pool-77-thread-1] INFO  server.RaftServerConfigKeys (ConfUtils.java:logGet(43)) - raft.server.log.queue.byte-limit = 2147483647 (custom)
2019-09-06 22:20:30,187 [pool-77-thread-1] INFO  server.RaftServerConfigKeys (ConfUtils.java:logGet(43)) - raft.server.log.queue.element-limit = 1024 (custom)
2019-09-06 22:20:30,188 [pool-77-thread-1] INFO  server.RaftServerConfigKeys (ConfUtils.java:logGet(43)) - raft.server.log.segment.size.max = 1048576 (custom)
2019-09-06 22:20:30,188 [pool-77-thread-1] INFO  server.RaftServerConfigKeys (ConfUtils.java:logGet(43)) - raft.server.log.preallocated.size = 16384 (custom)
2019-09-06 22:20:30,188 [pool-77-thread-1] INFO  server.RaftServerConfigKeys (ConfUtils.java:logGet(43)) - raft.server.log.write.buffer.size = 33554432 (custom)
2019-09-06 22:20:30,188 [pool-77-thread-1] INFO  server.RaftServerConfigKeys (ConfUtils.java:logGet(43)) - raft.server.log.force.sync.num = 128 (default)
2019-09-06 22:20:30,188 [pool-77-thread-1] INFO  server.RaftServerConfigKeys (ConfUtils.java:logGet(43)) - raft.server.log.statemachine.data.sync = true (default)
2019-09-06 22:20:30,188 [pool-77-thread-1] INFO  server.RaftServerConfigKeys (ConfUtils.java:logGet(43)) - raft.server.log.statemachine.data.sync.timeout = 10s (default)
2019-09-06 22:20:30,189 [pool-77-thread-1] INFO  server.RaftServerConfigKeys (ConfUtils.java:logGet(43)) - raft.server.log.statemachine.data.sync.timeout.retry = -1 (default)
2019-09-06 22:20:30,189 [pool-77-thread-1] INFO  server.RaftServerConfigKeys (ConfUtils.java:logGet(43)) - raft.server.log.statemachine.data.caching.enabled = true (custom)
2019-09-06 22:20:30,189 [pool-77-thread-1] INFO  segmented.SegmentedRaftLogWorker (SegmentedRaftLogWorker.java:lambda$new$0(132)) - 42d29a8d-ec6e-4d7b-90f4-90463a45c878@group-6F2B0BCE3A0C-SegmentedRaftLogWorker: flushIndex: setUnconditionally 0 -> -1
2019-09-06 22:20:30,189 [pool-77-thread-1] INFO  server.RaftServerConfigKeys (ConfUtils.java:logGet(43)) - raft.server.snapshot.auto.trigger.enabled = true (custom)
2019-09-06 22:20:30,190 [pool-77-thread-1] INFO  server.RaftServerConfigKeys (ConfUtils.java:logGet(43)) - raft.server.snapshot.auto.trigger.threshold = 10000 (custom)
2019-09-06 22:20:30,190 [pool-77-thread-1] INFO  server.RaftServerConfigKeys (ConfUtils.java:logGet(43)) - raft.server.snapshot.retention.num.files = -1 (default)
2019-09-06 22:20:30,190 [pool-77-thread-1] INFO  server.RaftServerConfigKeys (ConfUtils.java:logGet(43)) - raft.server.retrycache.expirytime = 600000ms (custom)
2019-09-06 22:20:30,195 [pool-77-thread-1] INFO  impl.RaftServerImpl (RaftServerImpl.java:start(185)) - 42d29a8d-ec6e-4d7b-90f4-90463a45c878@group-6F2B0BCE3A0C: start as a follower, conf=-1: [42d29a8d-ec6e-4d7b-90f4-90463a45c878:192.168.36.96:45962], old=null
2019-09-06 22:20:30,195 [pool-77-thread-1] INFO  impl.RaftServerImpl (RaftServerImpl.java:setRole(174)) - 42d29a8d-ec6e-4d7b-90f4-90463a45c878@group-6F2B0BCE3A0C: changes role from      null to FOLLOWER at term 0 for startAsFollower
2019-09-06 22:20:30,195 [pool-77-thread-1] INFO  impl.RoleInfo (RoleInfo.java:updateAndGet(143)) - 42d29a8d-ec6e-4d7b-90f4-90463a45c878: start FollowerState
2019-09-06 22:20:30,195 [pool-77-thread-1] INFO  util.JmxRegister (JmxRegister.java:tryRegister(44)) - Successfully registered JMX Bean with object name Ratis:service=RaftServer,group=group-6F2B0BCE3A0C,id=42d29a8d-ec6e-4d7b-90f4-90463a45c878
2019-09-06 22:20:30,207 [RatisPipelineUtilsThread] INFO  pipeline.PipelineStateManager (PipelineStateManager.java:addPipeline(56)) - Created pipeline Pipeline[ Id: dcaf15fd-916a-49c7-91f7-6f2b0bce3a0c, Nodes: 42d29a8d-ec6e-4d7b-90f4-90463a45c878{ip: 192.168.36.96, host: pr-hdds-2098-trunk-xjcqn-842104287, networkLocation: /default-rack, certSerialId: null}, Type:RATIS, Factor:ONE, State:OPEN]
2019-09-06 22:20:30,228 [grpc-default-executor-0] INFO  impl.RaftServerProxy (RaftServerProxy.java:addNew(89)) - ad70433b-1210-4bb9-81f9-b06ec219c166: addNew group-2DBC794D4140:[ad70433b-1210-4bb9-81f9-b06ec219c166:192.168.36.96:32887] returns group-2DBC794D4140:java.util.concurrent.CompletableFuture@589cf0ab[Not completed]
2019-09-06 22:20:30,231 [pool-37-thread-1] INFO  impl.RaftServerImpl (RaftServerImpl.java:<init>(95)) - ad70433b-1210-4bb9-81f9-b06ec219c166: new RaftServerImpl for group-2DBC794D4140:[ad70433b-1210-4bb9-81f9-b06ec219c166:192.168.36.96:32887] with ContainerStateMachine:uninitialized
2019-09-06 22:20:30,231 [pool-37-thread-1] INFO  server.RaftServerConfigKeys (ConfUtils.java:logGet(43)) - raft.server.rpc.timeout.min = 5s (custom)
2019-09-06 22:20:30,231 [pool-37-thread-1] INFO  server.RaftServerConfigKeys (ConfUtils.java:logGet(43)) - raft.server.rpc.timeout.max = 5200ms (custom)
2019-09-06 22:20:30,231 [pool-37-thread-1] INFO  server.RaftServerConfigKeys (ConfUtils.java:logGet(43)) - raft.server.rpcslowness.timeout = 120s (custom)
2019-09-06 22:20:30,232 [pool-37-thread-1] INFO  server.RaftServerConfigKeys (ConfUtils.java:logGet(43)) - raft.server.sleep.deviation.threshold = 300 (default)
2019-09-06 22:20:30,232 [pool-37-thread-1] INFO  server.RaftServerConfigKeys (ConfUtils.java:logGet(43)) - raft.server.log.appender.install.snapshot.enabled = false (custom)
2019-09-06 22:20:30,232 [pool-37-thread-1] INFO  impl.RaftServerImpl (ServerState.java:<init>(103)) - ad70433b-1210-4bb9-81f9-b06ec219c166@group-2DBC794D4140: ConfigurationManager, init=-1: [ad70433b-1210-4bb9-81f9-b06ec219c166:192.168.36.96:32887], old=null, confs=<EMPTY_MAP>
2019-09-06 22:20:30,232 [pool-37-thread-1] INFO  server.RaftServerConfigKeys (ConfUtils.java:logGet(43)) - raft.server.storage.dir = [/workdir/hadoop-ozone/integration-test/target/test-dir/MiniOzoneClusterImpl-b49f5193-ee3f-4e8d-9086-94cc8b6e630b/datanode-1/data/ratis] (custom)
2019-09-06 22:20:30,233 [pool-37-thread-1] INFO  storage.RaftStorageDirectory (RaftStorageDirectory.java:analyzeStorage(246)) - The storage directory /workdir/hadoop-ozone/integration-test/target/test-dir/MiniOzoneClusterImpl-b49f5193-ee3f-4e8d-9086-94cc8b6e630b/datanode-1/data/ratis/403b3e0f-51cd-4a0a-965c-2dbc794d4140 does not exist. Creating ...
2019-09-06 22:20:30,247 [pool-37-thread-1] INFO  storage.RaftStorageDirectory (RaftStorageDirectory.java:tryLock(328)) - Lock on /workdir/hadoop-ozone/integration-test/target/test-dir/MiniOzoneClusterImpl-b49f5193-ee3f-4e8d-9086-94cc8b6e630b/datanode-1/data/ratis/403b3e0f-51cd-4a0a-965c-2dbc794d4140/in_use.lock acquired by nodename 23625@pr-hdds-2098-trunk-xjcqn-842104287
2019-09-06 22:20:30,261 [pool-37-thread-1] INFO  storage.RaftStorage (RaftStorage.java:format(72)) - Storage directory /workdir/hadoop-ozone/integration-test/target/test-dir/MiniOzoneClusterImpl-b49f5193-ee3f-4e8d-9086-94cc8b6e630b/datanode-1/data/ratis/403b3e0f-51cd-4a0a-965c-2dbc794d4140 has been successfully formatted.
2019-09-06 22:20:30,261 [pool-37-thread-1] INFO  ratis.ContainerStateMachine (ContainerStateMachine.java:loadSnapshot(232)) - group-2DBC794D4140: The snapshot info is null. Setting the last applied indexto:(t:0, i:~)
2019-09-06 22:20:30,261 [pool-37-thread-1] INFO  server.RaftServerConfigKeys (ConfUtils.java:logGet(43)) - raft.server.notification.no-leader.timeout = 120s (custom)
2019-09-06 22:20:30,261 [pool-37-thread-1] INFO  server.RaftServerConfigKeys (ConfUtils.java:logGet(43)) - raft.server.log.use.memory = false (default)
2019-09-06 22:20:30,262 [pool-37-thread-1] INFO  server.RaftServerConfigKeys (ConfUtils.java:logGet(43)) - raft.server.log.purge.gap = 1000000 (custom)
2019-09-06 22:20:30,262 [pool-37-thread-1] INFO  server.RaftServerConfigKeys (ConfUtils.java:logGet(43)) - raft.server.log.appender.buffer.byte-limit = 33554432 (custom)
2019-09-06 22:20:30,262 [pool-37-thread-1] INFO  server.RaftServerConfigKeys (ConfUtils.java:logGet(43)) - raft.server.log.segment.size.max = 1048576 (custom)
2019-09-06 22:20:30,262 [pool-37-thread-1] INFO  server.RaftServerConfigKeys (ConfUtils.java:logGet(43)) - raft.server.log.segment.cache.num.max = 2 (custom)
2019-09-06 22:20:30,263 [pool-37-thread-1] INFO  segmented.SegmentedRaftLogWorker (SegmentedRaftLogWorker.java:<init>(172)) - new ad70433b-1210-4bb9-81f9-b06ec219c166@group-2DBC794D4140-SegmentedRaftLogWorker for RaftStorage:Storage Directory /workdir/hadoop-ozone/integration-test/target/test-dir/MiniOzoneClusterImpl-b49f5193-ee3f-4e8d-9086-94cc8b6e630b/datanode-1/data/ratis/403b3e0f-51cd-4a0a-965c-2dbc794d4140
2019-09-06 22:20:30,268 [pool-37-thread-1] INFO  server.RaftServerConfigKeys (ConfUtils.java:logGet(43)) - raft.server.log.queue.byte-limit = 2147483647 (custom)
2019-09-06 22:20:30,268 [pool-37-thread-1] INFO  server.RaftServerConfigKeys (ConfUtils.java:logGet(43)) - raft.server.log.queue.element-limit = 1024 (custom)
2019-09-06 22:20:30,268 [pool-37-thread-1] INFO  server.RaftServerConfigKeys (ConfUtils.java:logGet(43)) - raft.server.log.segment.size.max = 1048576 (custom)
2019-09-06 22:20:30,269 [pool-37-thread-1] INFO  server.RaftServerConfigKeys (ConfUtils.java:logGet(43)) - raft.server.log.preallocated.size = 16384 (custom)
2019-09-06 22:20:30,269 [pool-37-thread-1] INFO  server.RaftServerConfigKeys (ConfUtils.java:logGet(43)) - raft.server.log.write.buffer.size = 33554432 (custom)
2019-09-06 22:20:30,269 [pool-37-thread-1] INFO  server.RaftServerConfigKeys (ConfUtils.java:logGet(43)) - raft.server.log.force.sync.num = 128 (default)
2019-09-06 22:20:30,269 [pool-37-thread-1] INFO  server.RaftServerConfigKeys (ConfUtils.java:logGet(43)) - raft.server.log.statemachine.data.sync = true (default)
2019-09-06 22:20:30,269 [pool-37-thread-1] INFO  server.RaftServerConfigKeys (ConfUtils.java:logGet(43)) - raft.server.log.statemachine.data.sync.timeout = 10s (default)
2019-09-06 22:20:30,270 [pool-37-thread-1] INFO  server.RaftServerConfigKeys (ConfUtils.java:logGet(43)) - raft.server.log.statemachine.data.sync.timeout.retry = -1 (default)
2019-09-06 22:20:30,270 [pool-37-thread-1] INFO  server.RaftServerConfigKeys (ConfUtils.java:logGet(43)) - raft.server.log.statemachine.data.caching.enabled = true (custom)
2019-09-06 22:20:30,271 [pool-37-thread-1] INFO  segmented.SegmentedRaftLogWorker (SegmentedRaftLogWorker.java:lambda$new$0(132)) - ad70433b-1210-4bb9-81f9-b06ec219c166@group-2DBC794D4140-SegmentedRaftLogWorker: flushIndex: setUnconditionally 0 -> -1
2019-09-06 22:20:30,271 [pool-37-thread-1] INFO  server.RaftServerConfigKeys (ConfUtils.java:logGet(43)) - raft.server.snapshot.auto.trigger.enabled = true (custom)
2019-09-06 22:20:30,271 [pool-37-thread-1] INFO  server.RaftServerConfigKeys (ConfUtils.java:logGet(43)) - raft.server.snapshot.auto.trigger.threshold = 10000 (custom)
2019-09-06 22:20:30,271 [pool-37-thread-1] INFO  server.RaftServerConfigKeys (ConfUtils.java:logGet(43)) - raft.server.snapshot.retention.num.files = -1 (default)
2019-09-06 22:20:30,272 [pool-37-thread-1] INFO  server.RaftServerConfigKeys (ConfUtils.java:logGet(43)) - raft.server.retrycache.expirytime = 600000ms (custom)
2019-09-06 22:20:30,276 [pool-37-thread-1] INFO  impl.RaftServerImpl (RaftServerImpl.java:start(185)) - ad70433b-1210-4bb9-81f9-b06ec219c166@group-2DBC794D4140: start as a follower, conf=-1: [ad70433b-1210-4bb9-81f9-b06ec219c166:192.168.36.96:32887], old=null
2019-09-06 22:20:30,277 [pool-37-thread-1] INFO  impl.RaftServerImpl (RaftServerImpl.java:setRole(174)) - ad70433b-1210-4bb9-81f9-b06ec219c166@group-2DBC794D4140: changes role from      null to FOLLOWER at term 0 for startAsFollower
2019-09-06 22:20:30,277 [pool-37-thread-1] INFO  impl.RoleInfo (RoleInfo.java:updateAndGet(143)) - ad70433b-1210-4bb9-81f9-b06ec219c166: start FollowerState
2019-09-06 22:20:30,277 [pool-37-thread-1] INFO  util.JmxRegister (JmxRegister.java:tryRegister(44)) - Successfully registered JMX Bean with object name Ratis:service=RaftServer,group=group-2DBC794D4140,id=ad70433b-1210-4bb9-81f9-b06ec219c166
2019-09-06 22:20:30,289 [RatisPipelineUtilsThread] INFO  pipeline.PipelineStateManager (PipelineStateManager.java:addPipeline(56)) - Created pipeline Pipeline[ Id: 403b3e0f-51cd-4a0a-965c-2dbc794d4140, Nodes: ad70433b-1210-4bb9-81f9-b06ec219c166{ip: 192.168.36.96, host: pr-hdds-2098-trunk-xjcqn-842104287, networkLocation: /default-rack, certSerialId: null}, Type:RATIS, Factor:ONE, State:OPEN]
2019-09-06 22:20:30,314 [grpc-default-executor-0] INFO  impl.RaftServerProxy (RaftServerProxy.java:addNew(89)) - 2cb2dc0f-84fd-4521-9ecc-d803f12e81ea: addNew group-A04F5FDC1205:[2cb2dc0f-84fd-4521-9ecc-d803f12e81ea:192.168.36.96:41878] returns group-A04F5FDC1205:java.util.concurrent.CompletableFuture@691f005[Not completed]
2019-09-06 22:20:30,319 [pool-67-thread-1] INFO  impl.RaftServerImpl (RaftServerImpl.java:<init>(95)) - 2cb2dc0f-84fd-4521-9ecc-d803f12e81ea: new RaftServerImpl for group-A04F5FDC1205:[2cb2dc0f-84fd-4521-9ecc-d803f12e81ea:192.168.36.96:41878] with ContainerStateMachine:uninitialized
2019-09-06 22:20:30,320 [pool-67-thread-1] INFO  server.RaftServerConfigKeys (ConfUtils.java:logGet(43)) - raft.server.rpc.timeout.min = 5s (custom)
2019-09-06 22:20:30,320 [pool-67-thread-1] INFO  server.RaftServerConfigKeys (ConfUtils.java:logGet(43)) - raft.server.rpc.timeout.max = 5200ms (custom)
2019-09-06 22:20:30,320 [pool-67-thread-1] INFO  server.RaftServerConfigKeys (ConfUtils.java:logGet(43)) - raft.server.rpcslowness.timeout = 120s (custom)
2019-09-06 22:20:30,320 [pool-67-thread-1] INFO  server.RaftServerConfigKeys (ConfUtils.java:logGet(43)) - raft.server.sleep.deviation.threshold = 300 (default)
2019-09-06 22:20:30,321 [pool-67-thread-1] INFO  server.RaftServerConfigKeys (ConfUtils.java:logGet(43)) - raft.server.log.appender.install.snapshot.enabled = false (custom)
2019-09-06 22:20:30,321 [pool-67-thread-1] INFO  impl.RaftServerImpl (ServerState.java:<init>(103)) - 2cb2dc0f-84fd-4521-9ecc-d803f12e81ea@group-A04F5FDC1205: ConfigurationManager, init=-1: [2cb2dc0f-84fd-4521-9ecc-d803f12e81ea:192.168.36.96:41878], old=null, confs=<EMPTY_MAP>
2019-09-06 22:20:30,321 [pool-67-thread-1] INFO  server.RaftServerConfigKeys (ConfUtils.java:logGet(43)) - raft.server.storage.dir = [/workdir/hadoop-ozone/integration-test/target/test-dir/MiniOzoneClusterImpl-b49f5193-ee3f-4e8d-9086-94cc8b6e630b/datanode-4/data/ratis] (custom)
2019-09-06 22:20:30,322 [pool-67-thread-1] INFO  storage.RaftStorageDirectory (RaftStorageDirectory.java:analyzeStorage(246)) - The storage directory /workdir/hadoop-ozone/integration-test/target/test-dir/MiniOzoneClusterImpl-b49f5193-ee3f-4e8d-9086-94cc8b6e630b/datanode-4/data/ratis/2d7015e8-2ff5-47b5-a482-a04f5fdc1205 does not exist. Creating ...
2019-09-06 22:20:30,336 [pool-67-thread-1] INFO  storage.RaftStorageDirectory (RaftStorageDirectory.java:tryLock(328)) - Lock on /workdir/hadoop-ozone/integration-test/target/test-dir/MiniOzoneClusterImpl-b49f5193-ee3f-4e8d-9086-94cc8b6e630b/datanode-4/data/ratis/2d7015e8-2ff5-47b5-a482-a04f5fdc1205/in_use.lock acquired by nodename 23625@pr-hdds-2098-trunk-xjcqn-842104287
2019-09-06 22:20:30,348 [pool-67-thread-1] INFO  storage.RaftStorage (RaftStorage.java:format(72)) - Storage directory /workdir/hadoop-ozone/integration-test/target/test-dir/MiniOzoneClusterImpl-b49f5193-ee3f-4e8d-9086-94cc8b6e630b/datanode-4/data/ratis/2d7015e8-2ff5-47b5-a482-a04f5fdc1205 has been successfully formatted.
2019-09-06 22:20:30,349 [pool-67-thread-1] INFO  ratis.ContainerStateMachine (ContainerStateMachine.java:loadSnapshot(232)) - group-A04F5FDC1205: The snapshot info is null. Setting the last applied indexto:(t:0, i:~)
2019-09-06 22:20:30,349 [pool-67-thread-1] INFO  server.RaftServerConfigKeys (ConfUtils.java:logGet(43)) - raft.server.notification.no-leader.timeout = 120s (custom)
2019-09-06 22:20:30,349 [pool-67-thread-1] INFO  server.RaftServerConfigKeys (ConfUtils.java:logGet(43)) - raft.server.log.use.memory = false (default)
2019-09-06 22:20:30,349 [pool-67-thread-1] INFO  server.RaftServerConfigKeys (ConfUtils.java:logGet(43)) - raft.server.log.purge.gap = 1000000 (custom)
2019-09-06 22:20:30,349 [pool-67-thread-1] INFO  server.RaftServerConfigKeys (ConfUtils.java:logGet(43)) - raft.server.log.appender.buffer.byte-limit = 33554432 (custom)
2019-09-06 22:20:30,350 [pool-67-thread-1] INFO  server.RaftServerConfigKeys (ConfUtils.java:logGet(43)) - raft.server.log.segment.size.max = 1048576 (custom)
2019-09-06 22:20:30,350 [pool-67-thread-1] INFO  server.RaftServerConfigKeys (ConfUtils.java:logGet(43)) - raft.server.log.segment.cache.num.max = 2 (custom)
2019-09-06 22:20:30,350 [pool-67-thread-1] INFO  segmented.SegmentedRaftLogWorker (SegmentedRaftLogWorker.java:<init>(172)) - new 2cb2dc0f-84fd-4521-9ecc-d803f12e81ea@group-A04F5FDC1205-SegmentedRaftLogWorker for RaftStorage:Storage Directory /workdir/hadoop-ozone/integration-test/target/test-dir/MiniOzoneClusterImpl-b49f5193-ee3f-4e8d-9086-94cc8b6e630b/datanode-4/data/ratis/2d7015e8-2ff5-47b5-a482-a04f5fdc1205
2019-09-06 22:20:30,353 [pool-67-thread-1] INFO  server.RaftServerConfigKeys (ConfUtils.java:logGet(43)) - raft.server.log.queue.byte-limit = 2147483647 (custom)
2019-09-06 22:20:30,353 [pool-67-thread-1] INFO  server.RaftServerConfigKeys (ConfUtils.java:logGet(43)) - raft.server.log.queue.element-limit = 1024 (custom)
2019-09-06 22:20:30,354 [pool-67-thread-1] INFO  server.RaftServerConfigKeys (ConfUtils.java:logGet(43)) - raft.server.log.segment.size.max = 1048576 (custom)
2019-09-06 22:20:30,354 [pool-67-thread-1] INFO  server.RaftServerConfigKeys (ConfUtils.java:logGet(43)) - raft.server.log.preallocated.size = 16384 (custom)
2019-09-06 22:20:30,354 [pool-67-thread-1] INFO  server.RaftServerConfigKeys (ConfUtils.java:logGet(43)) - raft.server.log.write.buffer.size = 33554432 (custom)
2019-09-06 22:20:30,354 [pool-67-thread-1] INFO  server.RaftServerConfigKeys (ConfUtils.java:logGet(43)) - raft.server.log.force.sync.num = 128 (default)
2019-09-06 22:20:30,354 [pool-67-thread-1] INFO  server.RaftServerConfigKeys (ConfUtils.java:logGet(43)) - raft.server.log.statemachine.data.sync = true (default)
2019-09-06 22:20:30,354 [pool-67-thread-1] INFO  server.RaftServerConfigKeys (ConfUtils.java:logGet(43)) - raft.server.log.statemachine.data.sync.timeout = 10s (default)
2019-09-06 22:20:30,355 [pool-67-thread-1] INFO  server.RaftServerConfigKeys (ConfUtils.java:logGet(43)) - raft.server.log.statemachine.data.sync.timeout.retry = -1 (default)
2019-09-06 22:20:30,355 [pool-67-thread-1] INFO  server.RaftServerConfigKeys (ConfUtils.java:logGet(43)) - raft.server.log.statemachine.data.caching.enabled = true (custom)
2019-09-06 22:20:30,355 [pool-67-thread-1] INFO  segmented.SegmentedRaftLogWorker (SegmentedRaftLogWorker.java:lambda$new$0(132)) - 2cb2dc0f-84fd-4521-9ecc-d803f12e81ea@group-A04F5FDC1205-SegmentedRaftLogWorker: flushIndex: setUnconditionally 0 -> -1
2019-09-06 22:20:30,356 [pool-67-thread-1] INFO  server.RaftServerConfigKeys (ConfUtils.java:logGet(43)) - raft.server.snapshot.auto.trigger.enabled = true (custom)
2019-09-06 22:20:30,356 [pool-67-thread-1] INFO  server.RaftServerConfigKeys (ConfUtils.java:logGet(43)) - raft.server.snapshot.auto.trigger.threshold = 10000 (custom)
2019-09-06 22:20:30,356 [pool-67-thread-1] INFO  server.RaftServerConfigKeys (ConfUtils.java:logGet(43)) - raft.server.snapshot.retention.num.files = -1 (default)
2019-09-06 22:20:30,356 [pool-67-thread-1] INFO  server.RaftServerConfigKeys (ConfUtils.java:logGet(43)) - raft.server.retrycache.expirytime = 600000ms (custom)
2019-09-06 22:20:30,359 [pool-67-thread-1] INFO  impl.RaftServerImpl (RaftServerImpl.java:start(185)) - 2cb2dc0f-84fd-4521-9ecc-d803f12e81ea@group-A04F5FDC1205: start as a follower, conf=-1: [2cb2dc0f-84fd-4521-9ecc-d803f12e81ea:192.168.36.96:41878], old=null
2019-09-06 22:20:30,359 [pool-67-thread-1] INFO  impl.RaftServerImpl (RaftServerImpl.java:setRole(174)) - 2cb2dc0f-84fd-4521-9ecc-d803f12e81ea@group-A04F5FDC1205: changes role from      null to FOLLOWER at term 0 for startAsFollower
2019-09-06 22:20:30,360 [pool-67-thread-1] INFO  impl.RoleInfo (RoleInfo.java:updateAndGet(143)) - 2cb2dc0f-84fd-4521-9ecc-d803f12e81ea: start FollowerState
2019-09-06 22:20:30,360 [pool-67-thread-1] INFO  util.JmxRegister (JmxRegister.java:tryRegister(44)) - Successfully registered JMX Bean with object name Ratis:service=RaftServer,group=group-A04F5FDC1205,id=2cb2dc0f-84fd-4521-9ecc-d803f12e81ea
2019-09-06 22:20:30,367 [main] INFO  ozone.MiniOzoneClusterImpl (MiniOzoneClusterImpl.java:lambda$waitForClusterToBeReady$0(140)) - Cluster is ready. Got 7 of 7 DN Heartbeats.
2019-09-06 22:20:30,374 [RatisPipelineUtilsThread] INFO  pipeline.PipelineStateManager (PipelineStateManager.java:addPipeline(56)) - Created pipeline Pipeline[ Id: 2d7015e8-2ff5-47b5-a482-a04f5fdc1205, Nodes: 2cb2dc0f-84fd-4521-9ecc-d803f12e81ea{ip: 192.168.36.96, host: pr-hdds-2098-trunk-xjcqn-842104287, networkLocation: /default-rack, certSerialId: null}, Type:RATIS, Factor:ONE, State:OPEN]
2019-09-06 22:20:30,393 [grpc-default-executor-0] INFO  impl.RaftServerProxy (RaftServerProxy.java:addNew(89)) - 5072e8e2-7bfc-44bb-b681-1eb056823a99: addNew group-3AAAE8FF5D7B:[5072e8e2-7bfc-44bb-b681-1eb056823a99:192.168.36.96:41305] returns group-3AAAE8FF5D7B:java.util.concurrent.CompletableFuture@15b41724[Not completed]
2019-09-06 22:20:30,398 [pool-57-thread-1] INFO  impl.RaftServerImpl (RaftServerImpl.java:<init>(95)) - 5072e8e2-7bfc-44bb-b681-1eb056823a99: new RaftServerImpl for group-3AAAE8FF5D7B:[5072e8e2-7bfc-44bb-b681-1eb056823a99:192.168.36.96:41305] with ContainerStateMachine:uninitialized
2019-09-06 22:20:30,398 [pool-57-thread-1] INFO  server.RaftServerConfigKeys (ConfUtils.java:logGet(43)) - raft.server.rpc.timeout.min = 5s (custom)
2019-09-06 22:20:30,399 [pool-57-thread-1] INFO  server.RaftServerConfigKeys (ConfUtils.java:logGet(43)) - raft.server.rpc.timeout.max = 5200ms (custom)
2019-09-06 22:20:30,399 [pool-57-thread-1] INFO  server.RaftServerConfigKeys (ConfUtils.java:logGet(43)) - raft.server.rpcslowness.timeout = 120s (custom)
2019-09-06 22:20:30,399 [pool-57-thread-1] INFO  server.RaftServerConfigKeys (ConfUtils.java:logGet(43)) - raft.server.sleep.deviation.threshold = 300 (default)
2019-09-06 22:20:30,399 [pool-57-thread-1] INFO  server.RaftServerConfigKeys (ConfUtils.java:logGet(43)) - raft.server.log.appender.install.snapshot.enabled = false (custom)
2019-09-06 22:20:30,399 [pool-57-thread-1] INFO  impl.RaftServerImpl (ServerState.java:<init>(103)) - 5072e8e2-7bfc-44bb-b681-1eb056823a99@group-3AAAE8FF5D7B: ConfigurationManager, init=-1: [5072e8e2-7bfc-44bb-b681-1eb056823a99:192.168.36.96:41305], old=null, confs=<EMPTY_MAP>
2019-09-06 22:20:30,399 [pool-57-thread-1] INFO  server.RaftServerConfigKeys (ConfUtils.java:logGet(43)) - raft.server.storage.dir = [/workdir/hadoop-ozone/integration-test/target/test-dir/MiniOzoneClusterImpl-b49f5193-ee3f-4e8d-9086-94cc8b6e630b/datanode-3/data/ratis] (custom)
2019-09-06 22:20:30,400 [pool-57-thread-1] INFO  storage.RaftStorageDirectory (RaftStorageDirectory.java:analyzeStorage(246)) - The storage directory /workdir/hadoop-ozone/integration-test/target/test-dir/MiniOzoneClusterImpl-b49f5193-ee3f-4e8d-9086-94cc8b6e630b/datanode-3/data/ratis/ce4cd999-01e9-4b48-9625-3aaae8ff5d7b does not exist. Creating ...
2019-09-06 22:20:30,413 [pool-57-thread-1] INFO  storage.RaftStorageDirectory (RaftStorageDirectory.java:tryLock(328)) - Lock on /workdir/hadoop-ozone/integration-test/target/test-dir/MiniOzoneClusterImpl-b49f5193-ee3f-4e8d-9086-94cc8b6e630b/datanode-3/data/ratis/ce4cd999-01e9-4b48-9625-3aaae8ff5d7b/in_use.lock acquired by nodename 23625@pr-hdds-2098-trunk-xjcqn-842104287
2019-09-06 22:20:30,430 [pool-57-thread-1] INFO  storage.RaftStorage (RaftStorage.java:format(72)) - Storage directory /workdir/hadoop-ozone/integration-test/target/test-dir/MiniOzoneClusterImpl-b49f5193-ee3f-4e8d-9086-94cc8b6e630b/datanode-3/data/ratis/ce4cd999-01e9-4b48-9625-3aaae8ff5d7b has been successfully formatted.
2019-09-06 22:20:30,430 [pool-57-thread-1] INFO  ratis.ContainerStateMachine (ContainerStateMachine.java:loadSnapshot(232)) - group-3AAAE8FF5D7B: The snapshot info is null. Setting the last applied indexto:(t:0, i:~)
2019-09-06 22:20:30,430 [pool-57-thread-1] INFO  server.RaftServerConfigKeys (ConfUtils.java:logGet(43)) - raft.server.notification.no-leader.timeout = 120s (custom)
2019-09-06 22:20:30,430 [pool-57-thread-1] INFO  server.RaftServerConfigKeys (ConfUtils.java:logGet(43)) - raft.server.log.use.memory = false (default)
2019-09-06 22:20:30,431 [pool-57-thread-1] INFO  server.RaftServerConfigKeys (ConfUtils.java:logGet(43)) - raft.server.log.purge.gap = 1000000 (custom)
2019-09-06 22:20:30,431 [pool-57-thread-1] INFO  server.RaftServerConfigKeys (ConfUtils.java:logGet(43)) - raft.server.log.appender.buffer.byte-limit = 33554432 (custom)
2019-09-06 22:20:30,431 [pool-57-thread-1] INFO  server.RaftServerConfigKeys (ConfUtils.java:logGet(43)) - raft.server.log.segment.size.max = 1048576 (custom)
2019-09-06 22:20:30,431 [pool-57-thread-1] INFO  server.RaftServerConfigKeys (ConfUtils.java:logGet(43)) - raft.server.log.segment.cache.num.max = 2 (custom)
2019-09-06 22:20:30,431 [pool-57-thread-1] INFO  segmented.SegmentedRaftLogWorker (SegmentedRaftLogWorker.java:<init>(172)) - new 5072e8e2-7bfc-44bb-b681-1eb056823a99@group-3AAAE8FF5D7B-SegmentedRaftLogWorker for RaftStorage:Storage Directory /workdir/hadoop-ozone/integration-test/target/test-dir/MiniOzoneClusterImpl-b49f5193-ee3f-4e8d-9086-94cc8b6e630b/datanode-3/data/ratis/ce4cd999-01e9-4b48-9625-3aaae8ff5d7b
2019-09-06 22:20:30,433 [pool-57-thread-1] INFO  server.RaftServerConfigKeys (ConfUtils.java:logGet(43)) - raft.server.log.queue.byte-limit = 2147483647 (custom)
2019-09-06 22:20:30,434 [pool-57-thread-1] INFO  server.RaftServerConfigKeys (ConfUtils.java:logGet(43)) - raft.server.log.queue.element-limit = 1024 (custom)
2019-09-06 22:20:30,434 [pool-57-thread-1] INFO  server.RaftServerConfigKeys (ConfUtils.java:logGet(43)) - raft.server.log.segment.size.max = 1048576 (custom)
2019-09-06 22:20:30,434 [pool-57-thread-1] INFO  server.RaftServerConfigKeys (ConfUtils.java:logGet(43)) - raft.server.log.preallocated.size = 16384 (custom)
2019-09-06 22:20:30,434 [pool-57-thread-1] INFO  server.RaftServerConfigKeys (ConfUtils.java:logGet(43)) - raft.server.log.write.buffer.size = 33554432 (custom)
2019-09-06 22:20:30,434 [pool-57-thread-1] INFO  server.RaftServerConfigKeys (ConfUtils.java:logGet(43)) - raft.server.log.force.sync.num = 128 (default)
2019-09-06 22:20:30,434 [pool-57-thread-1] INFO  server.RaftServerConfigKeys (ConfUtils.java:logGet(43)) - raft.server.log.statemachine.data.sync = true (default)
2019-09-06 22:20:30,434 [pool-57-thread-1] INFO  server.RaftServerConfigKeys (ConfUtils.java:logGet(43)) - raft.server.log.statemachine.data.sync.timeout = 10s (default)
2019-09-06 22:20:30,434 [pool-57-thread-1] INFO  server.RaftServerConfigKeys (ConfUtils.java:logGet(43)) - raft.server.log.statemachine.data.sync.timeout.retry = -1 (default)
2019-09-06 22:20:30,435 [pool-57-thread-1] INFO  server.RaftServerConfigKeys (ConfUtils.java:logGet(43)) - raft.server.log.statemachine.data.caching.enabled = true (custom)
2019-09-06 22:20:30,435 [pool-57-thread-1] INFO  segmented.SegmentedRaftLogWorker (SegmentedRaftLogWorker.java:lambda$new$0(132)) - 5072e8e2-7bfc-44bb-b681-1eb056823a99@group-3AAAE8FF5D7B-SegmentedRaftLogWorker: flushIndex: setUnconditionally 0 -> -1
2019-09-06 22:20:30,435 [pool-57-thread-1] INFO  server.RaftServerConfigKeys (ConfUtils.java:logGet(43)) - raft.server.snapshot.auto.trigger.enabled = true (custom)
2019-09-06 22:20:30,435 [pool-57-thread-1] INFO  server.RaftServerConfigKeys (ConfUtils.java:logGet(43)) - raft.server.snapshot.auto.trigger.threshold = 10000 (custom)
2019-09-06 22:20:30,435 [pool-57-thread-1] INFO  server.RaftServerConfigKeys (ConfUtils.java:logGet(43)) - raft.server.snapshot.retention.num.files = -1 (default)
2019-09-06 22:20:30,438 [pool-57-thread-1] INFO  server.RaftServerConfigKeys (ConfUtils.java:logGet(43)) - raft.server.retrycache.expirytime = 600000ms (custom)
2019-09-06 22:20:30,440 [pool-57-thread-1] INFO  impl.RaftServerImpl (RaftServerImpl.java:start(185)) - 5072e8e2-7bfc-44bb-b681-1eb056823a99@group-3AAAE8FF5D7B: start as a follower, conf=-1: [5072e8e2-7bfc-44bb-b681-1eb056823a99:192.168.36.96:41305], old=null
2019-09-06 22:20:30,440 [pool-57-thread-1] INFO  impl.RaftServerImpl (RaftServerImpl.java:setRole(174)) - 5072e8e2-7bfc-44bb-b681-1eb056823a99@group-3AAAE8FF5D7B: changes role from      null to FOLLOWER at term 0 for startAsFollower
2019-09-06 22:20:30,440 [pool-57-thread-1] INFO  impl.RoleInfo (RoleInfo.java:updateAndGet(143)) - 5072e8e2-7bfc-44bb-b681-1eb056823a99: start FollowerState
2019-09-06 22:20:30,440 [pool-57-thread-1] INFO  util.JmxRegister (JmxRegister.java:tryRegister(44)) - Successfully registered JMX Bean with object name Ratis:service=RaftServer,group=group-3AAAE8FF5D7B,id=5072e8e2-7bfc-44bb-b681-1eb056823a99
2019-09-06 22:20:30,463 [RatisPipelineUtilsThread] INFO  pipeline.PipelineStateManager (PipelineStateManager.java:addPipeline(56)) - Created pipeline Pipeline[ Id: ce4cd999-01e9-4b48-9625-3aaae8ff5d7b, Nodes: 5072e8e2-7bfc-44bb-b681-1eb056823a99{ip: 192.168.36.96, host: pr-hdds-2098-trunk-xjcqn-842104287, networkLocation: /default-rack, certSerialId: null}, Type:RATIS, Factor:ONE, State:OPEN]
2019-09-06 22:20:30,498 [grpc-default-executor-2] INFO  impl.RaftServerProxy (RaftServerProxy.java:addNew(89)) - df3d14c4-da09-4933-9de6-7132a09f046b: addNew group-59362D9BDB11:[df3d14c4-da09-4933-9de6-7132a09f046b:192.168.36.96:46580, 42d29a8d-ec6e-4d7b-90f4-90463a45c878:192.168.36.96:45962, bc6fdb93-666a-4701-ac8e-a64642c98c17:192.168.36.96:46741] returns group-59362D9BDB11:java.util.concurrent.CompletableFuture@5840d96b[Not completed]
2019-09-06 22:20:30,500 [pool-87-thread-1] INFO  impl.RaftServerImpl (RaftServerImpl.java:<init>(95)) - df3d14c4-da09-4933-9de6-7132a09f046b: new RaftServerImpl for group-59362D9BDB11:[df3d14c4-da09-4933-9de6-7132a09f046b:192.168.36.96:46580, 42d29a8d-ec6e-4d7b-90f4-90463a45c878:192.168.36.96:45962, bc6fdb93-666a-4701-ac8e-a64642c98c17:192.168.36.96:46741] with ContainerStateMachine:uninitialized
2019-09-06 22:20:30,500 [pool-87-thread-1] INFO  server.RaftServerConfigKeys (ConfUtils.java:logGet(43)) - raft.server.rpc.timeout.min = 5s (custom)
2019-09-06 22:20:30,500 [pool-87-thread-1] INFO  server.RaftServerConfigKeys (ConfUtils.java:logGet(43)) - raft.server.rpc.timeout.max = 5200ms (custom)
2019-09-06 22:20:30,500 [pool-87-thread-1] INFO  server.RaftServerConfigKeys (ConfUtils.java:logGet(43)) - raft.server.rpcslowness.timeout = 120s (custom)
2019-09-06 22:20:30,501 [pool-87-thread-1] INFO  server.RaftServerConfigKeys (ConfUtils.java:logGet(43)) - raft.server.sleep.deviation.threshold = 300 (default)
2019-09-06 22:20:30,501 [pool-87-thread-1] INFO  server.RaftServerConfigKeys (ConfUtils.java:logGet(43)) - raft.server.log.appender.install.snapshot.enabled = false (custom)
2019-09-06 22:20:30,501 [pool-87-thread-1] INFO  impl.RaftServerImpl (ServerState.java:<init>(103)) - df3d14c4-da09-4933-9de6-7132a09f046b@group-59362D9BDB11: ConfigurationManager, init=-1: [df3d14c4-da09-4933-9de6-7132a09f046b:192.168.36.96:46580, 42d29a8d-ec6e-4d7b-90f4-90463a45c878:192.168.36.96:45962, bc6fdb93-666a-4701-ac8e-a64642c98c17:192.168.36.96:46741], old=null, confs=<EMPTY_MAP>
2019-09-06 22:20:30,501 [pool-87-thread-1] INFO  server.RaftServerConfigKeys (ConfUtils.java:logGet(43)) - raft.server.storage.dir = [/workdir/hadoop-ozone/integration-test/target/test-dir/MiniOzoneClusterImpl-b49f5193-ee3f-4e8d-9086-94cc8b6e630b/datanode-6/data/ratis] (custom)
2019-09-06 22:20:30,501 [pool-87-thread-1] INFO  storage.RaftStorageDirectory (RaftStorageDirectory.java:analyzeStorage(246)) - The storage directory /workdir/hadoop-ozone/integration-test/target/test-dir/MiniOzoneClusterImpl-b49f5193-ee3f-4e8d-9086-94cc8b6e630b/datanode-6/data/ratis/b042aa4d-092c-4cf3-92a3-59362d9bdb11 does not exist. Creating ...
2019-09-06 22:20:30,504 [grpc-default-executor-2] INFO  impl.RaftServerProxy (RaftServerProxy.java:addNew(89)) - bc6fdb93-666a-4701-ac8e-a64642c98c17: addNew group-59362D9BDB11:[df3d14c4-da09-4933-9de6-7132a09f046b:192.168.36.96:46580, 42d29a8d-ec6e-4d7b-90f4-90463a45c878:192.168.36.96:45962, bc6fdb93-666a-4701-ac8e-a64642c98c17:192.168.36.96:46741] returns group-59362D9BDB11:java.util.concurrent.CompletableFuture@a7d1dde[Not completed]
2019-09-06 22:20:30,506 [pool-47-thread-1] INFO  impl.RaftServerImpl (RaftServerImpl.java:<init>(95)) - bc6fdb93-666a-4701-ac8e-a64642c98c17: new RaftServerImpl for group-59362D9BDB11:[df3d14c4-da09-4933-9de6-7132a09f046b:192.168.36.96:46580, 42d29a8d-ec6e-4d7b-90f4-90463a45c878:192.168.36.96:45962, bc6fdb93-666a-4701-ac8e-a64642c98c17:192.168.36.96:46741] with ContainerStateMachine:uninitialized
2019-09-06 22:20:30,507 [pool-47-thread-1] INFO  server.RaftServerConfigKeys (ConfUtils.java:logGet(43)) - raft.server.rpc.timeout.min = 5s (custom)
2019-09-06 22:20:30,507 [pool-47-thread-1] INFO  server.RaftServerConfigKeys (ConfUtils.java:logGet(43)) - raft.server.rpc.timeout.max = 5200ms (custom)
2019-09-06 22:20:30,507 [pool-47-thread-1] INFO  server.RaftServerConfigKeys (ConfUtils.java:logGet(43)) - raft.server.rpcslowness.timeout = 120s (custom)
2019-09-06 22:20:30,508 [grpc-default-executor-2] INFO  impl.RaftServerProxy (RaftServerProxy.java:addNew(89)) - 42d29a8d-ec6e-4d7b-90f4-90463a45c878: addNew group-59362D9BDB11:[df3d14c4-da09-4933-9de6-7132a09f046b:192.168.36.96:46580, 42d29a8d-ec6e-4d7b-90f4-90463a45c878:192.168.36.96:45962, bc6fdb93-666a-4701-ac8e-a64642c98c17:192.168.36.96:46741] returns group-59362D9BDB11:java.util.concurrent.CompletableFuture@2c15641b[Not completed]
2019-09-06 22:20:30,508 [pool-47-thread-1] INFO  server.RaftServerConfigKeys (ConfUtils.java:logGet(43)) - raft.server.sleep.deviation.threshold = 300 (default)
2019-09-06 22:20:30,508 [pool-47-thread-1] INFO  server.RaftServerConfigKeys (ConfUtils.java:logGet(43)) - raft.server.log.appender.install.snapshot.enabled = false (custom)
2019-09-06 22:20:30,508 [pool-47-thread-1] INFO  impl.RaftServerImpl (ServerState.java:<init>(103)) - bc6fdb93-666a-4701-ac8e-a64642c98c17@group-59362D9BDB11: ConfigurationManager, init=-1: [df3d14c4-da09-4933-9de6-7132a09f046b:192.168.36.96:46580, 42d29a8d-ec6e-4d7b-90f4-90463a45c878:192.168.36.96:45962, bc6fdb93-666a-4701-ac8e-a64642c98c17:192.168.36.96:46741], old=null, confs=<EMPTY_MAP>
2019-09-06 22:20:30,508 [pool-47-thread-1] INFO  server.RaftServerConfigKeys (ConfUtils.java:logGet(43)) - raft.server.storage.dir = [/workdir/hadoop-ozone/integration-test/target/test-dir/MiniOzoneClusterImpl-b49f5193-ee3f-4e8d-9086-94cc8b6e630b/datanode-2/data/ratis] (custom)
2019-09-06 22:20:30,509 [pool-47-thread-1] INFO  storage.RaftStorageDirectory (RaftStorageDirectory.java:analyzeStorage(246)) - The storage directory /workdir/hadoop-ozone/integration-test/target/test-dir/MiniOzoneClusterImpl-b49f5193-ee3f-4e8d-9086-94cc8b6e630b/datanode-2/data/ratis/b042aa4d-092c-4cf3-92a3-59362d9bdb11 does not exist. Creating ...
2019-09-06 22:20:30,509 [pool-77-thread-1] INFO  impl.RaftServerImpl (RaftServerImpl.java:<init>(95)) - 42d29a8d-ec6e-4d7b-90f4-90463a45c878: new RaftServerImpl for group-59362D9BDB11:[df3d14c4-da09-4933-9de6-7132a09f046b:192.168.36.96:46580, 42d29a8d-ec6e-4d7b-90f4-90463a45c878:192.168.36.96:45962, bc6fdb93-666a-4701-ac8e-a64642c98c17:192.168.36.96:46741] with ContainerStateMachine:uninitialized
2019-09-06 22:20:30,509 [pool-77-thread-1] INFO  server.RaftServerConfigKeys (ConfUtils.java:logGet(43)) - raft.server.rpc.timeout.min = 5s (custom)
2019-09-06 22:20:30,509 [pool-77-thread-1] INFO  server.RaftServerConfigKeys (ConfUtils.java:logGet(43)) - raft.server.rpc.timeout.max = 5200ms (custom)
2019-09-06 22:20:30,509 [pool-77-thread-1] INFO  server.RaftServerConfigKeys (ConfUtils.java:logGet(43)) - raft.server.rpcslowness.timeout = 120s (custom)
2019-09-06 22:20:30,509 [pool-77-thread-1] INFO  server.RaftServerConfigKeys (ConfUtils.java:logGet(43)) - raft.server.sleep.deviation.threshold = 300 (default)
2019-09-06 22:20:30,510 [pool-77-thread-1] INFO  server.RaftServerConfigKeys (ConfUtils.java:logGet(43)) - raft.server.log.appender.install.snapshot.enabled = false (custom)
2019-09-06 22:20:30,510 [pool-77-thread-1] INFO  impl.RaftServerImpl (ServerState.java:<init>(103)) - 42d29a8d-ec6e-4d7b-90f4-90463a45c878@group-59362D9BDB11: ConfigurationManager, init=-1: [df3d14c4-da09-4933-9de6-7132a09f046b:192.168.36.96:46580, 42d29a8d-ec6e-4d7b-90f4-90463a45c878:192.168.36.96:45962, bc6fdb93-666a-4701-ac8e-a64642c98c17:192.168.36.96:46741], old=null, confs=<EMPTY_MAP>
2019-09-06 22:20:30,510 [pool-77-thread-1] INFO  server.RaftServerConfigKeys (ConfUtils.java:logGet(43)) - raft.server.storage.dir = [/workdir/hadoop-ozone/integration-test/target/test-dir/MiniOzoneClusterImpl-b49f5193-ee3f-4e8d-9086-94cc8b6e630b/datanode-5/data/ratis] (custom)
2019-09-06 22:20:30,510 [pool-77-thread-1] INFO  storage.RaftStorageDirectory (RaftStorageDirectory.java:analyzeStorage(246)) - The storage directory /workdir/hadoop-ozone/integration-test/target/test-dir/MiniOzoneClusterImpl-b49f5193-ee3f-4e8d-9086-94cc8b6e630b/datanode-5/data/ratis/b042aa4d-092c-4cf3-92a3-59362d9bdb11 does not exist. Creating ...
2019-09-06 22:20:30,527 [pool-47-thread-1] INFO  storage.RaftStorageDirectory (RaftStorageDirectory.java:tryLock(328)) - Lock on /workdir/hadoop-ozone/integration-test/target/test-dir/MiniOzoneClusterImpl-b49f5193-ee3f-4e8d-9086-94cc8b6e630b/datanode-2/data/ratis/b042aa4d-092c-4cf3-92a3-59362d9bdb11/in_use.lock acquired by nodename 23625@pr-hdds-2098-trunk-xjcqn-842104287
2019-09-06 22:20:30,527 [pool-77-thread-1] INFO  storage.RaftStorageDirectory (RaftStorageDirectory.java:tryLock(328)) - Lock on /workdir/hadoop-ozone/integration-test/target/test-dir/MiniOzoneClusterImpl-b49f5193-ee3f-4e8d-9086-94cc8b6e630b/datanode-5/data/ratis/b042aa4d-092c-4cf3-92a3-59362d9bdb11/in_use.lock acquired by nodename 23625@pr-hdds-2098-trunk-xjcqn-842104287
2019-09-06 22:20:30,527 [pool-87-thread-1] INFO  storage.RaftStorageDirectory (RaftStorageDirectory.java:tryLock(328)) - Lock on /workdir/hadoop-ozone/integration-test/target/test-dir/MiniOzoneClusterImpl-b49f5193-ee3f-4e8d-9086-94cc8b6e630b/datanode-6/data/ratis/b042aa4d-092c-4cf3-92a3-59362d9bdb11/in_use.lock acquired by nodename 23625@pr-hdds-2098-trunk-xjcqn-842104287
2019-09-06 22:20:30,551 [pool-77-thread-1] INFO  storage.RaftStorage (RaftStorage.java:format(72)) - Storage directory /workdir/hadoop-ozone/integration-test/target/test-dir/MiniOzoneClusterImpl-b49f5193-ee3f-4e8d-9086-94cc8b6e630b/datanode-5/data/ratis/b042aa4d-092c-4cf3-92a3-59362d9bdb11 has been successfully formatted.
2019-09-06 22:20:30,551 [pool-87-thread-1] INFO  storage.RaftStorage (RaftStorage.java:format(72)) - Storage directory /workdir/hadoop-ozone/integration-test/target/test-dir/MiniOzoneClusterImpl-b49f5193-ee3f-4e8d-9086-94cc8b6e630b/datanode-6/data/ratis/b042aa4d-092c-4cf3-92a3-59362d9bdb11 has been successfully formatted.
2019-09-06 22:20:30,551 [pool-47-thread-1] INFO  storage.RaftStorage (RaftStorage.java:format(72)) - Storage directory /workdir/hadoop-ozone/integration-test/target/test-dir/MiniOzoneClusterImpl-b49f5193-ee3f-4e8d-9086-94cc8b6e630b/datanode-2/data/ratis/b042aa4d-092c-4cf3-92a3-59362d9bdb11 has been successfully formatted.
2019-09-06 22:20:30,552 [pool-77-thread-1] INFO  ratis.ContainerStateMachine (ContainerStateMachine.java:loadSnapshot(232)) - group-59362D9BDB11: The snapshot info is null. Setting the last applied indexto:(t:0, i:~)
2019-09-06 22:20:30,552 [pool-87-thread-1] INFO  ratis.ContainerStateMachine (ContainerStateMachine.java:loadSnapshot(232)) - group-59362D9BDB11: The snapshot info is null. Setting the last applied indexto:(t:0, i:~)
2019-09-06 22:20:30,552 [pool-47-thread-1] INFO  ratis.ContainerStateMachine (ContainerStateMachine.java:loadSnapshot(232)) - group-59362D9BDB11: The snapshot info is null. Setting the last applied indexto:(t:0, i:~)
2019-09-06 22:20:30,552 [pool-77-thread-1] INFO  server.RaftServerConfigKeys (ConfUtils.java:logGet(43)) - raft.server.notification.no-leader.timeout = 120s (custom)
2019-09-06 22:20:30,552 [pool-47-thread-1] INFO  server.RaftServerConfigKeys (ConfUtils.java:logGet(43)) - raft.server.notification.no-leader.timeout = 120s (custom)
2019-09-06 22:20:30,552 [pool-87-thread-1] INFO  server.RaftServerConfigKeys (ConfUtils.java:logGet(43)) - raft.server.notification.no-leader.timeout = 120s (custom)
2019-09-06 22:20:30,553 [pool-47-thread-1] INFO  server.RaftServerConfigKeys (ConfUtils.java:logGet(43)) - raft.server.log.use.memory = false (default)
2019-09-06 22:20:30,552 [pool-77-thread-1] INFO  server.RaftServerConfigKeys (ConfUtils.java:logGet(43)) - raft.server.log.use.memory = false (default)
2019-09-06 22:20:30,553 [pool-47-thread-1] INFO  server.RaftServerConfigKeys (ConfUtils.java:logGet(43)) - raft.server.log.purge.gap = 1000000 (custom)
2019-09-06 22:20:30,553 [pool-87-thread-1] INFO  server.RaftServerConfigKeys (ConfUtils.java:logGet(43)) - raft.server.log.use.memory = false (default)
2019-09-06 22:20:30,553 [pool-47-thread-1] INFO  server.RaftServerConfigKeys (ConfUtils.java:logGet(43)) - raft.server.log.appender.buffer.byte-limit = 33554432 (custom)
2019-09-06 22:20:30,553 [pool-77-thread-1] INFO  server.RaftServerConfigKeys (ConfUtils.java:logGet(43)) - raft.server.log.purge.gap = 1000000 (custom)
2019-09-06 22:20:30,554 [pool-47-thread-1] INFO  server.RaftServerConfigKeys (ConfUtils.java:logGet(43)) - raft.server.log.segment.size.max = 1048576 (custom)
2019-09-06 22:20:30,553 [pool-87-thread-1] INFO  server.RaftServerConfigKeys (ConfUtils.java:logGet(43)) - raft.server.log.purge.gap = 1000000 (custom)
2019-09-06 22:20:30,554 [pool-47-thread-1] INFO  server.RaftServerConfigKeys (ConfUtils.java:logGet(43)) - raft.server.log.segment.cache.num.max = 2 (custom)
2019-09-06 22:20:30,554 [pool-77-thread-1] INFO  server.RaftServerConfigKeys (ConfUtils.java:logGet(43)) - raft.server.log.appender.buffer.byte-limit = 33554432 (custom)
2019-09-06 22:20:30,554 [pool-47-thread-1] INFO  segmented.SegmentedRaftLogWorker (SegmentedRaftLogWorker.java:<init>(172)) - new bc6fdb93-666a-4701-ac8e-a64642c98c17@group-59362D9BDB11-SegmentedRaftLogWorker for RaftStorage:Storage Directory /workdir/hadoop-ozone/integration-test/target/test-dir/MiniOzoneClusterImpl-b49f5193-ee3f-4e8d-9086-94cc8b6e630b/datanode-2/data/ratis/b042aa4d-092c-4cf3-92a3-59362d9bdb11
2019-09-06 22:20:30,554 [pool-87-thread-1] INFO  server.RaftServerConfigKeys (ConfUtils.java:logGet(43)) - raft.server.log.appender.buffer.byte-limit = 33554432 (custom)
2019-09-06 22:20:30,555 [pool-47-thread-1] INFO  server.RaftServerConfigKeys (ConfUtils.java:logGet(43)) - raft.server.log.queue.byte-limit = 2147483647 (custom)
2019-09-06 22:20:30,554 [pool-77-thread-1] INFO  server.RaftServerConfigKeys (ConfUtils.java:logGet(43)) - raft.server.log.segment.size.max = 1048576 (custom)
2019-09-06 22:20:30,555 [pool-47-thread-1] INFO  server.RaftServerConfigKeys (ConfUtils.java:logGet(43)) - raft.server.log.queue.element-limit = 1024 (custom)
2019-09-06 22:20:30,555 [pool-87-thread-1] INFO  server.RaftServerConfigKeys (ConfUtils.java:logGet(43)) - raft.server.log.segment.size.max = 1048576 (custom)
2019-09-06 22:20:30,555 [pool-47-thread-1] INFO  server.RaftServerConfigKeys (ConfUtils.java:logGet(43)) - raft.server.log.segment.size.max = 1048576 (custom)
2019-09-06 22:20:30,555 [pool-77-thread-1] INFO  server.RaftServerConfigKeys (ConfUtils.java:logGet(43)) - raft.server.log.segment.cache.num.max = 2 (custom)
2019-09-06 22:20:30,556 [pool-47-thread-1] INFO  server.RaftServerConfigKeys (ConfUtils.java:logGet(43)) - raft.server.log.preallocated.size = 16384 (custom)
2019-09-06 22:20:30,555 [pool-87-thread-1] INFO  server.RaftServerConfigKeys (ConfUtils.java:logGet(43)) - raft.server.log.segment.cache.num.max = 2 (custom)
2019-09-06 22:20:30,556 [pool-47-thread-1] INFO  server.RaftServerConfigKeys (ConfUtils.java:logGet(43)) - raft.server.log.write.buffer.size = 33554432 (custom)
2019-09-06 22:20:30,556 [pool-77-thread-1] INFO  segmented.SegmentedRaftLogWorker (SegmentedRaftLogWorker.java:<init>(172)) - new 42d29a8d-ec6e-4d7b-90f4-90463a45c878@group-59362D9BDB11-SegmentedRaftLogWorker for RaftStorage:Storage Directory /workdir/hadoop-ozone/integration-test/target/test-dir/MiniOzoneClusterImpl-b49f5193-ee3f-4e8d-9086-94cc8b6e630b/datanode-5/data/ratis/b042aa4d-092c-4cf3-92a3-59362d9bdb11
2019-09-06 22:20:30,556 [pool-47-thread-1] INFO  server.RaftServerConfigKeys (ConfUtils.java:logGet(43)) - raft.server.log.force.sync.num = 128 (default)
2019-09-06 22:20:30,556 [pool-87-thread-1] INFO  segmented.SegmentedRaftLogWorker (SegmentedRaftLogWorker.java:<init>(172)) - new df3d14c4-da09-4933-9de6-7132a09f046b@group-59362D9BDB11-SegmentedRaftLogWorker for RaftStorage:Storage Directory /workdir/hadoop-ozone/integration-test/target/test-dir/MiniOzoneClusterImpl-b49f5193-ee3f-4e8d-9086-94cc8b6e630b/datanode-6/data/ratis/b042aa4d-092c-4cf3-92a3-59362d9bdb11
2019-09-06 22:20:30,556 [pool-47-thread-1] INFO  server.RaftServerConfigKeys (ConfUtils.java:logGet(43)) - raft.server.log.statemachine.data.sync = true (default)
2019-09-06 22:20:30,556 [pool-77-thread-1] INFO  server.RaftServerConfigKeys (ConfUtils.java:logGet(43)) - raft.server.log.queue.byte-limit = 2147483647 (custom)
2019-09-06 22:20:30,557 [pool-47-thread-1] INFO  server.RaftServerConfigKeys (ConfUtils.java:logGet(43)) - raft.server.log.statemachine.data.sync.timeout = 10s (default)
2019-09-06 22:20:30,557 [pool-87-thread-1] INFO  server.RaftServerConfigKeys (ConfUtils.java:logGet(43)) - raft.server.log.queue.byte-limit = 2147483647 (custom)
2019-09-06 22:20:30,557 [pool-47-thread-1] INFO  server.RaftServerConfigKeys (ConfUtils.java:logGet(43)) - raft.server.log.statemachine.data.sync.timeout.retry = -1 (default)
2019-09-06 22:20:30,557 [pool-77-thread-1] INFO  server.RaftServerConfigKeys (ConfUtils.java:logGet(43)) - raft.server.log.queue.element-limit = 1024 (custom)
2019-09-06 22:20:30,557 [pool-47-thread-1] INFO  server.RaftServerConfigKeys (ConfUtils.java:logGet(43)) - raft.server.log.statemachine.data.caching.enabled = true (custom)
2019-09-06 22:20:30,557 [pool-87-thread-1] INFO  server.RaftServerConfigKeys (ConfUtils.java:logGet(43)) - raft.server.log.queue.element-limit = 1024 (custom)
2019-09-06 22:20:30,558 [pool-77-thread-1] INFO  server.RaftServerConfigKeys (ConfUtils.java:logGet(43)) - raft.server.log.segment.size.max = 1048576 (custom)
2019-09-06 22:20:30,558 [pool-47-thread-1] INFO  segmented.SegmentedRaftLogWorker (SegmentedRaftLogWorker.java:lambda$new$0(132)) - bc6fdb93-666a-4701-ac8e-a64642c98c17@group-59362D9BDB11-SegmentedRaftLogWorker: flushIndex: setUnconditionally 0 -> -1
2019-09-06 22:20:30,558 [pool-87-thread-1] INFO  server.RaftServerConfigKeys (ConfUtils.java:logGet(43)) - raft.server.log.segment.size.max = 1048576 (custom)
2019-09-06 22:20:30,558 [pool-47-thread-1] INFO  server.RaftServerConfigKeys (ConfUtils.java:logGet(43)) - raft.server.snapshot.auto.trigger.enabled = true (custom)
2019-09-06 22:20:30,558 [pool-77-thread-1] INFO  server.RaftServerConfigKeys (ConfUtils.java:logGet(43)) - raft.server.log.preallocated.size = 16384 (custom)
2019-09-06 22:20:30,559 [pool-47-thread-1] INFO  server.RaftServerConfigKeys (ConfUtils.java:logGet(43)) - raft.server.snapshot.auto.trigger.threshold = 10000 (custom)
2019-09-06 22:20:30,558 [pool-87-thread-1] INFO  server.RaftServerConfigKeys (ConfUtils.java:logGet(43)) - raft.server.log.preallocated.size = 16384 (custom)
2019-09-06 22:20:30,559 [pool-47-thread-1] INFO  server.RaftServerConfigKeys (ConfUtils.java:logGet(43)) - raft.server.snapshot.retention.num.files = -1 (default)
2019-09-06 22:20:30,559 [pool-77-thread-1] INFO  server.RaftServerConfigKeys (ConfUtils.java:logGet(43)) - raft.server.log.write.buffer.size = 33554432 (custom)
2019-09-06 22:20:30,559 [pool-87-thread-1] INFO  server.RaftServerConfigKeys (ConfUtils.java:logGet(43)) - raft.server.log.write.buffer.size = 33554432 (custom)
2019-09-06 22:20:30,559 [pool-47-thread-1] INFO  server.RaftServerConfigKeys (ConfUtils.java:logGet(43)) - raft.server.retrycache.expirytime = 600000ms (custom)
2019-09-06 22:20:30,559 [pool-77-thread-1] INFO  server.RaftServerConfigKeys (ConfUtils.java:logGet(43)) - raft.server.log.force.sync.num = 128 (default)
2019-09-06 22:20:30,559 [pool-87-thread-1] INFO  server.RaftServerConfigKeys (ConfUtils.java:logGet(43)) - raft.server.log.force.sync.num = 128 (default)
2019-09-06 22:20:30,560 [pool-77-thread-1] INFO  server.RaftServerConfigKeys (ConfUtils.java:logGet(43)) - raft.server.log.statemachine.data.sync = true (default)
2019-09-06 22:20:30,560 [pool-87-thread-1] INFO  server.RaftServerConfigKeys (ConfUtils.java:logGet(43)) - raft.server.log.statemachine.data.sync = true (default)
2019-09-06 22:20:30,560 [pool-77-thread-1] INFO  server.RaftServerConfigKeys (ConfUtils.java:logGet(43)) - raft.server.log.statemachine.data.sync.timeout = 10s (default)
2019-09-06 22:20:30,560 [pool-87-thread-1] INFO  server.RaftServerConfigKeys (ConfUtils.java:logGet(43)) - raft.server.log.statemachine.data.sync.timeout = 10s (default)
2019-09-06 22:20:30,560 [pool-77-thread-1] INFO  server.RaftServerConfigKeys (ConfUtils.java:logGet(43)) - raft.server.log.statemachine.data.sync.timeout.retry = -1 (default)
2019-09-06 22:20:30,560 [pool-87-thread-1] INFO  server.RaftServerConfigKeys (ConfUtils.java:logGet(43)) - raft.server.log.statemachine.data.sync.timeout.retry = -1 (default)
2019-09-06 22:20:30,560 [pool-77-thread-1] INFO  server.RaftServerConfigKeys (ConfUtils.java:logGet(43)) - raft.server.log.statemachine.data.caching.enabled = true (custom)
2019-09-06 22:20:30,561 [pool-87-thread-1] INFO  server.RaftServerConfigKeys (ConfUtils.java:logGet(43)) - raft.server.log.statemachine.data.caching.enabled = true (custom)
2019-09-06 22:20:30,561 [pool-77-thread-1] INFO  segmented.SegmentedRaftLogWorker (SegmentedRaftLogWorker.java:lambda$new$0(132)) - 42d29a8d-ec6e-4d7b-90f4-90463a45c878@group-59362D9BDB11-SegmentedRaftLogWorker: flushIndex: setUnconditionally 0 -> -1
2019-09-06 22:20:30,561 [pool-87-thread-1] INFO  segmented.SegmentedRaftLogWorker (SegmentedRaftLogWorker.java:lambda$new$0(132)) - df3d14c4-da09-4933-9de6-7132a09f046b@group-59362D9BDB11-SegmentedRaftLogWorker: flushIndex: setUnconditionally 0 -> -1
2019-09-06 22:20:30,561 [pool-77-thread-1] INFO  server.RaftServerConfigKeys (ConfUtils.java:logGet(43)) - raft.server.snapshot.auto.trigger.enabled = true (custom)
2019-09-06 22:20:30,561 [pool-77-thread-1] INFO  server.RaftServerConfigKeys (ConfUtils.java:logGet(43)) - raft.server.snapshot.auto.trigger.threshold = 10000 (custom)
2019-09-06 22:20:30,561 [pool-87-thread-1] INFO  server.RaftServerConfigKeys (ConfUtils.java:logGet(43)) - raft.server.snapshot.auto.trigger.enabled = true (custom)
2019-09-06 22:20:30,561 [pool-77-thread-1] INFO  server.RaftServerConfigKeys (ConfUtils.java:logGet(43)) - raft.server.snapshot.retention.num.files = -1 (default)
2019-09-06 22:20:30,562 [pool-87-thread-1] INFO  server.RaftServerConfigKeys (ConfUtils.java:logGet(43)) - raft.server.snapshot.auto.trigger.threshold = 10000 (custom)
2019-09-06 22:20:30,562 [pool-87-thread-1] INFO  server.RaftServerConfigKeys (ConfUtils.java:logGet(43)) - raft.server.snapshot.retention.num.files = -1 (default)
2019-09-06 22:20:30,562 [pool-77-thread-1] INFO  server.RaftServerConfigKeys (ConfUtils.java:logGet(43)) - raft.server.retrycache.expirytime = 600000ms (custom)
2019-09-06 22:20:30,562 [pool-87-thread-1] INFO  server.RaftServerConfigKeys (ConfUtils.java:logGet(43)) - raft.server.retrycache.expirytime = 600000ms (custom)
2019-09-06 22:20:30,563 [pool-47-thread-1] INFO  impl.RaftServerImpl (RaftServerImpl.java:start(185)) - bc6fdb93-666a-4701-ac8e-a64642c98c17@group-59362D9BDB11: start as a follower, conf=-1: [df3d14c4-da09-4933-9de6-7132a09f046b:192.168.36.96:46580, 42d29a8d-ec6e-4d7b-90f4-90463a45c878:192.168.36.96:45962, bc6fdb93-666a-4701-ac8e-a64642c98c17:192.168.36.96:46741], old=null
2019-09-06 22:20:30,563 [pool-47-thread-1] INFO  impl.RaftServerImpl (RaftServerImpl.java:setRole(174)) - bc6fdb93-666a-4701-ac8e-a64642c98c17@group-59362D9BDB11: changes role from      null to FOLLOWER at term 0 for startAsFollower
2019-09-06 22:20:30,563 [pool-47-thread-1] INFO  impl.RoleInfo (RoleInfo.java:updateAndGet(143)) - bc6fdb93-666a-4701-ac8e-a64642c98c17: start FollowerState
2019-09-06 22:20:30,563 [pool-47-thread-1] INFO  util.JmxRegister (JmxRegister.java:tryRegister(44)) - Successfully registered JMX Bean with object name Ratis:service=RaftServer,group=group-59362D9BDB11,id=bc6fdb93-666a-4701-ac8e-a64642c98c17
2019-09-06 22:20:30,565 [pool-77-thread-1] INFO  impl.RaftServerImpl (RaftServerImpl.java:start(185)) - 42d29a8d-ec6e-4d7b-90f4-90463a45c878@group-59362D9BDB11: start as a follower, conf=-1: [df3d14c4-da09-4933-9de6-7132a09f046b:192.168.36.96:46580, 42d29a8d-ec6e-4d7b-90f4-90463a45c878:192.168.36.96:45962, bc6fdb93-666a-4701-ac8e-a64642c98c17:192.168.36.96:46741], old=null
2019-09-06 22:20:30,565 [pool-77-thread-1] INFO  impl.RaftServerImpl (RaftServerImpl.java:setRole(174)) - 42d29a8d-ec6e-4d7b-90f4-90463a45c878@group-59362D9BDB11: changes role from      null to FOLLOWER at term 0 for startAsFollower
2019-09-06 22:20:30,565 [pool-77-thread-1] INFO  impl.RoleInfo (RoleInfo.java:updateAndGet(143)) - 42d29a8d-ec6e-4d7b-90f4-90463a45c878: start FollowerState
2019-09-06 22:20:30,565 [pool-87-thread-1] INFO  impl.RaftServerImpl (RaftServerImpl.java:start(185)) - df3d14c4-da09-4933-9de6-7132a09f046b@group-59362D9BDB11: start as a follower, conf=-1: [df3d14c4-da09-4933-9de6-7132a09f046b:192.168.36.96:46580, 42d29a8d-ec6e-4d7b-90f4-90463a45c878:192.168.36.96:45962, bc6fdb93-666a-4701-ac8e-a64642c98c17:192.168.36.96:46741], old=null
2019-09-06 22:20:30,565 [pool-87-thread-1] INFO  impl.RaftServerImpl (RaftServerImpl.java:setRole(174)) - df3d14c4-da09-4933-9de6-7132a09f046b@group-59362D9BDB11: changes role from      null to FOLLOWER at term 0 for startAsFollower
2019-09-06 22:20:30,565 [pool-77-thread-1] INFO  util.JmxRegister (JmxRegister.java:tryRegister(44)) - Successfully registered JMX Bean with object name Ratis:service=RaftServer,group=group-59362D9BDB11,id=42d29a8d-ec6e-4d7b-90f4-90463a45c878
2019-09-06 22:20:30,565 [pool-87-thread-1] INFO  impl.RoleInfo (RoleInfo.java:updateAndGet(143)) - df3d14c4-da09-4933-9de6-7132a09f046b: start FollowerState
2019-09-06 22:20:30,566 [pool-87-thread-1] INFO  util.JmxRegister (JmxRegister.java:tryRegister(44)) - Successfully registered JMX Bean with object name Ratis:service=RaftServer,group=group-59362D9BDB11,id=df3d14c4-da09-4933-9de6-7132a09f046b
2019-09-06 22:20:30,588 [RatisPipelineUtilsThread] INFO  pipeline.PipelineStateManager (PipelineStateManager.java:addPipeline(56)) - Created pipeline Pipeline[ Id: b042aa4d-092c-4cf3-92a3-59362d9bdb11, Nodes: bc6fdb93-666a-4701-ac8e-a64642c98c17{ip: 192.168.36.96, host: pr-hdds-2098-trunk-xjcqn-842104287, networkLocation: /default-rack, certSerialId: null}df3d14c4-da09-4933-9de6-7132a09f046b{ip: 192.168.36.96, host: pr-hdds-2098-trunk-xjcqn-842104287, networkLocation: /default-rack, certSerialId: null}42d29a8d-ec6e-4d7b-90f4-90463a45c878{ip: 192.168.36.96, host: pr-hdds-2098-trunk-xjcqn-842104287, networkLocation: /default-rack, certSerialId: null}, Type:RATIS, Factor:THREE, State:OPEN]
2019-09-06 22:20:30,616 [grpc-default-executor-1] INFO  impl.RaftServerProxy (RaftServerProxy.java:addNew(89)) - 2cb2dc0f-84fd-4521-9ecc-d803f12e81ea: addNew group-24BA1F3C5290:[f13d7bf8-acc3-4dce-9eab-24b819c340c4:192.168.36.96:35732, 2cb2dc0f-84fd-4521-9ecc-d803f12e81ea:192.168.36.96:41878, ad70433b-1210-4bb9-81f9-b06ec219c166:192.168.36.96:32887] returns group-24BA1F3C5290:java.util.concurrent.CompletableFuture@163b0df8[Not completed]
2019-09-06 22:20:30,619 [grpc-default-executor-1] INFO  impl.RaftServerProxy (RaftServerProxy.java:addNew(89)) - ad70433b-1210-4bb9-81f9-b06ec219c166: addNew group-24BA1F3C5290:[f13d7bf8-acc3-4dce-9eab-24b819c340c4:192.168.36.96:35732, 2cb2dc0f-84fd-4521-9ecc-d803f12e81ea:192.168.36.96:41878, ad70433b-1210-4bb9-81f9-b06ec219c166:192.168.36.96:32887] returns group-24BA1F3C5290:java.util.concurrent.CompletableFuture@5339915b[Not completed]
2019-09-06 22:20:30,619 [grpc-default-executor-0] INFO  impl.RaftServerProxy (RaftServerProxy.java:addNew(89)) - f13d7bf8-acc3-4dce-9eab-24b819c340c4: addNew group-24BA1F3C5290:[f13d7bf8-acc3-4dce-9eab-24b819c340c4:192.168.36.96:35732, 2cb2dc0f-84fd-4521-9ecc-d803f12e81ea:192.168.36.96:41878, ad70433b-1210-4bb9-81f9-b06ec219c166:192.168.36.96:32887] returns group-24BA1F3C5290:java.util.concurrent.CompletableFuture@1cc17e08[Not completed]
2019-09-06 22:20:30,621 [pool-67-thread-1] INFO  impl.RaftServerImpl (RaftServerImpl.java:<init>(95)) - 2cb2dc0f-84fd-4521-9ecc-d803f12e81ea: new RaftServerImpl for group-24BA1F3C5290:[f13d7bf8-acc3-4dce-9eab-24b819c340c4:192.168.36.96:35732, 2cb2dc0f-84fd-4521-9ecc-d803f12e81ea:192.168.36.96:41878, ad70433b-1210-4bb9-81f9-b06ec219c166:192.168.36.96:32887] with ContainerStateMachine:uninitialized
2019-09-06 22:20:30,621 [pool-67-thread-1] INFO  server.RaftServerConfigKeys (ConfUtils.java:logGet(43)) - raft.server.rpc.timeout.min = 5s (custom)
2019-09-06 22:20:30,621 [pool-67-thread-1] INFO  server.RaftServerConfigKeys (ConfUtils.java:logGet(43)) - raft.server.rpc.timeout.max = 5200ms (custom)
2019-09-06 22:20:30,621 [pool-67-thread-1] INFO  server.RaftServerConfigKeys (ConfUtils.java:logGet(43)) - raft.server.rpcslowness.timeout = 120s (custom)
2019-09-06 22:20:30,622 [pool-67-thread-1] INFO  server.RaftServerConfigKeys (ConfUtils.java:logGet(43)) - raft.server.sleep.deviation.threshold = 300 (default)
2019-09-06 22:20:30,622 [pool-67-thread-1] INFO  server.RaftServerConfigKeys (ConfUtils.java:logGet(43)) - raft.server.log.appender.install.snapshot.enabled = false (custom)
2019-09-06 22:20:30,622 [pool-67-thread-1] INFO  impl.RaftServerImpl (ServerState.java:<init>(103)) - 2cb2dc0f-84fd-4521-9ecc-d803f12e81ea@group-24BA1F3C5290: ConfigurationManager, init=-1: [f13d7bf8-acc3-4dce-9eab-24b819c340c4:192.168.36.96:35732, 2cb2dc0f-84fd-4521-9ecc-d803f12e81ea:192.168.36.96:41878, ad70433b-1210-4bb9-81f9-b06ec219c166:192.168.36.96:32887], old=null, confs=<EMPTY_MAP>
2019-09-06 22:20:30,622 [pool-67-thread-1] INFO  server.RaftServerConfigKeys (ConfUtils.java:logGet(43)) - raft.server.storage.dir = [/workdir/hadoop-ozone/integration-test/target/test-dir/MiniOzoneClusterImpl-b49f5193-ee3f-4e8d-9086-94cc8b6e630b/datanode-4/data/ratis] (custom)
2019-09-06 22:20:30,622 [pool-37-thread-1] INFO  impl.RaftServerImpl (RaftServerImpl.java:<init>(95)) - ad70433b-1210-4bb9-81f9-b06ec219c166: new RaftServerImpl for group-24BA1F3C5290:[f13d7bf8-acc3-4dce-9eab-24b819c340c4:192.168.36.96:35732, 2cb2dc0f-84fd-4521-9ecc-d803f12e81ea:192.168.36.96:41878, ad70433b-1210-4bb9-81f9-b06ec219c166:192.168.36.96:32887] with ContainerStateMachine:uninitialized
2019-09-06 22:20:30,622 [pool-37-thread-1] INFO  server.RaftServerConfigKeys (ConfUtils.java:logGet(43)) - raft.server.rpc.timeout.min = 5s (custom)
2019-09-06 22:20:30,622 [pool-67-thread-1] INFO  storage.RaftStorageDirectory (RaftStorageDirectory.java:analyzeStorage(246)) - The storage directory /workdir/hadoop-ozone/integration-test/target/test-dir/MiniOzoneClusterImpl-b49f5193-ee3f-4e8d-9086-94cc8b6e630b/datanode-4/data/ratis/1ea5e6a7-19e6-43b9-be20-24ba1f3c5290 does not exist. Creating ...
2019-09-06 22:20:30,623 [pool-37-thread-1] INFO  server.RaftServerConfigKeys (ConfUtils.java:logGet(43)) - raft.server.rpc.timeout.max = 5200ms (custom)
2019-09-06 22:20:30,623 [pool-37-thread-1] INFO  server.RaftServerConfigKeys (ConfUtils.java:logGet(43)) - raft.server.rpcslowness.timeout = 120s (custom)
2019-09-06 22:20:30,623 [pool-37-thread-1] INFO  server.RaftServerConfigKeys (ConfUtils.java:logGet(43)) - raft.server.sleep.deviation.threshold = 300 (default)
2019-09-06 22:20:30,623 [pool-37-thread-1] INFO  server.RaftServerConfigKeys (ConfUtils.java:logGet(43)) - raft.server.log.appender.install.snapshot.enabled = false (custom)
2019-09-06 22:20:30,623 [pool-37-thread-1] INFO  impl.RaftServerImpl (ServerState.java:<init>(103)) - ad70433b-1210-4bb9-81f9-b06ec219c166@group-24BA1F3C5290: ConfigurationManager, init=-1: [f13d7bf8-acc3-4dce-9eab-24b819c340c4:192.168.36.96:35732, 2cb2dc0f-84fd-4521-9ecc-d803f12e81ea:192.168.36.96:41878, ad70433b-1210-4bb9-81f9-b06ec219c166:192.168.36.96:32887], old=null, confs=<EMPTY_MAP>
2019-09-06 22:20:30,623 [pool-27-thread-1] INFO  impl.RaftServerImpl (RaftServerImpl.java:<init>(95)) - f13d7bf8-acc3-4dce-9eab-24b819c340c4: new RaftServerImpl for group-24BA1F3C5290:[f13d7bf8-acc3-4dce-9eab-24b819c340c4:192.168.36.96:35732, 2cb2dc0f-84fd-4521-9ecc-d803f12e81ea:192.168.36.96:41878, ad70433b-1210-4bb9-81f9-b06ec219c166:192.168.36.96:32887] with ContainerStateMachine:uninitialized
2019-09-06 22:20:30,623 [pool-37-thread-1] INFO  server.RaftServerConfigKeys (ConfUtils.java:logGet(43)) - raft.server.storage.dir = [/workdir/hadoop-ozone/integration-test/target/test-dir/MiniOzoneClusterImpl-b49f5193-ee3f-4e8d-9086-94cc8b6e630b/datanode-1/data/ratis] (custom)
2019-09-06 22:20:30,624 [pool-27-thread-1] INFO  server.RaftServerConfigKeys (ConfUtils.java:logGet(43)) - raft.server.rpc.timeout.min = 5s (custom)
2019-09-06 22:20:30,624 [pool-27-thread-1] INFO  server.RaftServerConfigKeys (ConfUtils.java:logGet(43)) - raft.server.rpc.timeout.max = 5200ms (custom)
2019-09-06 22:20:30,624 [pool-37-thread-1] INFO  storage.RaftStorageDirectory (RaftStorageDirectory.java:analyzeStorage(246)) - The storage directory /workdir/hadoop-ozone/integration-test/target/test-dir/MiniOzoneClusterImpl-b49f5193-ee3f-4e8d-9086-94cc8b6e630b/datanode-1/data/ratis/1ea5e6a7-19e6-43b9-be20-24ba1f3c5290 does not exist. Creating ...
2019-09-06 22:20:30,624 [pool-27-thread-1] INFO  server.RaftServerConfigKeys (ConfUtils.java:logGet(43)) - raft.server.rpcslowness.timeout = 120s (custom)
2019-09-06 22:20:30,624 [pool-27-thread-1] INFO  server.RaftServerConfigKeys (ConfUtils.java:logGet(43)) - raft.server.sleep.deviation.threshold = 300 (default)
2019-09-06 22:20:30,624 [pool-27-thread-1] INFO  server.RaftServerConfigKeys (ConfUtils.java:logGet(43)) - raft.server.log.appender.install.snapshot.enabled = false (custom)
2019-09-06 22:20:30,624 [pool-27-thread-1] INFO  impl.RaftServerImpl (ServerState.java:<init>(103)) - f13d7bf8-acc3-4dce-9eab-24b819c340c4@group-24BA1F3C5290: ConfigurationManager, init=-1: [f13d7bf8-acc3-4dce-9eab-24b819c340c4:192.168.36.96:35732, 2cb2dc0f-84fd-4521-9ecc-d803f12e81ea:192.168.36.96:41878, ad70433b-1210-4bb9-81f9-b06ec219c166:192.168.36.96:32887], old=null, confs=<EMPTY_MAP>
2019-09-06 22:20:30,625 [pool-27-thread-1] INFO  server.RaftServerConfigKeys (ConfUtils.java:logGet(43)) - raft.server.storage.dir = [/workdir/hadoop-ozone/integration-test/target/test-dir/MiniOzoneClusterImpl-b49f5193-ee3f-4e8d-9086-94cc8b6e630b/datanode-0/data/ratis] (custom)
2019-09-06 22:20:30,625 [pool-27-thread-1] INFO  storage.RaftStorageDirectory (RaftStorageDirectory.java:analyzeStorage(246)) - The storage directory /workdir/hadoop-ozone/integration-test/target/test-dir/MiniOzoneClusterImpl-b49f5193-ee3f-4e8d-9086-94cc8b6e630b/datanode-0/data/ratis/1ea5e6a7-19e6-43b9-be20-24ba1f3c5290 does not exist. Creating ...
2019-09-06 22:20:30,647 [pool-37-thread-1] INFO  storage.RaftStorageDirectory (RaftStorageDirectory.java:tryLock(328)) - Lock on /workdir/hadoop-ozone/integration-test/target/test-dir/MiniOzoneClusterImpl-b49f5193-ee3f-4e8d-9086-94cc8b6e630b/datanode-1/data/ratis/1ea5e6a7-19e6-43b9-be20-24ba1f3c5290/in_use.lock acquired by nodename 23625@pr-hdds-2098-trunk-xjcqn-842104287
2019-09-06 22:20:30,647 [pool-67-thread-1] INFO  storage.RaftStorageDirectory (RaftStorageDirectory.java:tryLock(328)) - Lock on /workdir/hadoop-ozone/integration-test/target/test-dir/MiniOzoneClusterImpl-b49f5193-ee3f-4e8d-9086-94cc8b6e630b/datanode-4/data/ratis/1ea5e6a7-19e6-43b9-be20-24ba1f3c5290/in_use.lock acquired by nodename 23625@pr-hdds-2098-trunk-xjcqn-842104287
2019-09-06 22:20:30,647 [pool-27-thread-1] INFO  storage.RaftStorageDirectory (RaftStorageDirectory.java:tryLock(328)) - Lock on /workdir/hadoop-ozone/integration-test/target/test-dir/MiniOzoneClusterImpl-b49f5193-ee3f-4e8d-9086-94cc8b6e630b/datanode-0/data/ratis/1ea5e6a7-19e6-43b9-be20-24ba1f3c5290/in_use.lock acquired by nodename 23625@pr-hdds-2098-trunk-xjcqn-842104287
2019-09-06 22:20:30,674 [pool-27-thread-1] INFO  storage.RaftStorage (RaftStorage.java:format(72)) - Storage directory /workdir/hadoop-ozone/integration-test/target/test-dir/MiniOzoneClusterImpl-b49f5193-ee3f-4e8d-9086-94cc8b6e630b/datanode-0/data/ratis/1ea5e6a7-19e6-43b9-be20-24ba1f3c5290 has been successfully formatted.
2019-09-06 22:20:30,674 [pool-37-thread-1] INFO  storage.RaftStorage (RaftStorage.java:format(72)) - Storage directory /workdir/hadoop-ozone/integration-test/target/test-dir/MiniOzoneClusterImpl-b49f5193-ee3f-4e8d-9086-94cc8b6e630b/datanode-1/data/ratis/1ea5e6a7-19e6-43b9-be20-24ba1f3c5290 has been successfully formatted.
2019-09-06 22:20:30,674 [pool-67-thread-1] INFO  storage.RaftStorage (RaftStorage.java:format(72)) - Storage directory /workdir/hadoop-ozone/integration-test/target/test-dir/MiniOzoneClusterImpl-b49f5193-ee3f-4e8d-9086-94cc8b6e630b/datanode-4/data/ratis/1ea5e6a7-19e6-43b9-be20-24ba1f3c5290 has been successfully formatted.
2019-09-06 22:20:30,674 [pool-27-thread-1] INFO  ratis.ContainerStateMachine (ContainerStateMachine.java:loadSnapshot(232)) - group-24BA1F3C5290: The snapshot info is null. Setting the last applied indexto:(t:0, i:~)
2019-09-06 22:20:30,675 [pool-37-thread-1] INFO  ratis.ContainerStateMachine (ContainerStateMachine.java:loadSnapshot(232)) - group-24BA1F3C5290: The snapshot info is null. Setting the last applied indexto:(t:0, i:~)
2019-09-06 22:20:30,675 [pool-67-thread-1] INFO  ratis.ContainerStateMachine (ContainerStateMachine.java:loadSnapshot(232)) - group-24BA1F3C5290: The snapshot info is null. Setting the last applied indexto:(t:0, i:~)
2019-09-06 22:20:30,675 [pool-27-thread-1] INFO  server.RaftServerConfigKeys (ConfUtils.java:logGet(43)) - raft.server.notification.no-leader.timeout = 120s (custom)
2019-09-06 22:20:30,675 [pool-67-thread-1] INFO  server.RaftServerConfigKeys (ConfUtils.java:logGet(43)) - raft.server.notification.no-leader.timeout = 120s (custom)
2019-09-06 22:20:30,675 [pool-37-thread-1] INFO  server.RaftServerConfigKeys (ConfUtils.java:logGet(43)) - raft.server.notification.no-leader.timeout = 120s (custom)
2019-09-06 22:20:30,675 [pool-67-thread-1] INFO  server.RaftServerConfigKeys (ConfUtils.java:logGet(43)) - raft.server.log.use.memory = false (default)
2019-09-06 22:20:30,675 [pool-27-thread-1] INFO  server.RaftServerConfigKeys (ConfUtils.java:logGet(43)) - raft.server.log.use.memory = false (default)
2019-09-06 22:20:30,675 [pool-37-thread-1] INFO  server.RaftServerConfigKeys (ConfUtils.java:logGet(43)) - raft.server.log.use.memory = false (default)
2019-09-06 22:20:30,675 [pool-27-thread-1] INFO  server.RaftServerConfigKeys (ConfUtils.java:logGet(43)) - raft.server.log.purge.gap = 1000000 (custom)
2019-09-06 22:20:30,675 [pool-67-thread-1] INFO  server.RaftServerConfigKeys (ConfUtils.java:logGet(43)) - raft.server.log.purge.gap = 1000000 (custom)
2019-09-06 22:20:30,676 [pool-27-thread-1] INFO  server.RaftServerConfigKeys (ConfUtils.java:logGet(43)) - raft.server.log.appender.buffer.byte-limit = 33554432 (custom)
2019-09-06 22:20:30,676 [pool-37-thread-1] INFO  server.RaftServerConfigKeys (ConfUtils.java:logGet(43)) - raft.server.log.purge.gap = 1000000 (custom)
2019-09-06 22:20:30,676 [pool-27-thread-1] INFO  server.RaftServerConfigKeys (ConfUtils.java:logGet(43)) - raft.server.log.segment.size.max = 1048576 (custom)
2019-09-06 22:20:30,676 [pool-67-thread-1] INFO  server.RaftServerConfigKeys (ConfUtils.java:logGet(43)) - raft.server.log.appender.buffer.byte-limit = 33554432 (custom)
2019-09-06 22:20:30,676 [pool-27-thread-1] INFO  server.RaftServerConfigKeys (ConfUtils.java:logGet(43)) - raft.server.log.segment.cache.num.max = 2 (custom)
2019-09-06 22:20:30,676 [pool-37-thread-1] INFO  server.RaftServerConfigKeys (ConfUtils.java:logGet(43)) - raft.server.log.appender.buffer.byte-limit = 33554432 (custom)
2019-09-06 22:20:30,676 [pool-27-thread-1] INFO  segmented.SegmentedRaftLogWorker (SegmentedRaftLogWorker.java:<init>(172)) - new f13d7bf8-acc3-4dce-9eab-24b819c340c4@group-24BA1F3C5290-SegmentedRaftLogWorker for RaftStorage:Storage Directory /workdir/hadoop-ozone/integration-test/target/test-dir/MiniOzoneClusterImpl-b49f5193-ee3f-4e8d-9086-94cc8b6e630b/datanode-0/data/ratis/1ea5e6a7-19e6-43b9-be20-24ba1f3c5290
2019-09-06 22:20:30,676 [pool-67-thread-1] INFO  server.RaftServerConfigKeys (ConfUtils.java:logGet(43)) - raft.server.log.segment.size.max = 1048576 (custom)
2019-09-06 22:20:30,677 [pool-27-thread-1] INFO  server.RaftServerConfigKeys (ConfUtils.java:logGet(43)) - raft.server.log.queue.byte-limit = 2147483647 (custom)
2019-09-06 22:20:30,676 [pool-37-thread-1] INFO  server.RaftServerConfigKeys (ConfUtils.java:logGet(43)) - raft.server.log.segment.size.max = 1048576 (custom)
2019-09-06 22:20:30,677 [pool-27-thread-1] INFO  server.RaftServerConfigKeys (ConfUtils.java:logGet(43)) - raft.server.log.queue.element-limit = 1024 (custom)
2019-09-06 22:20:30,677 [pool-67-thread-1] INFO  server.RaftServerConfigKeys (ConfUtils.java:logGet(43)) - raft.server.log.segment.cache.num.max = 2 (custom)
2019-09-06 22:20:30,677 [pool-27-thread-1] INFO  server.RaftServerConfigKeys (ConfUtils.java:logGet(43)) - raft.server.log.segment.size.max = 1048576 (custom)
2019-09-06 22:20:30,677 [pool-37-thread-1] INFO  server.RaftServerConfigKeys (ConfUtils.java:logGet(43)) - raft.server.log.segment.cache.num.max = 2 (custom)
2019-09-06 22:20:30,677 [pool-27-thread-1] INFO  server.RaftServerConfigKeys (ConfUtils.java:logGet(43)) - raft.server.log.preallocated.size = 16384 (custom)
2019-09-06 22:20:30,677 [pool-67-thread-1] INFO  segmented.SegmentedRaftLogWorker (SegmentedRaftLogWorker.java:<init>(172)) - new 2cb2dc0f-84fd-4521-9ecc-d803f12e81ea@group-24BA1F3C5290-SegmentedRaftLogWorker for RaftStorage:Storage Directory /workdir/hadoop-ozone/integration-test/target/test-dir/MiniOzoneClusterImpl-b49f5193-ee3f-4e8d-9086-94cc8b6e630b/datanode-4/data/ratis/1ea5e6a7-19e6-43b9-be20-24ba1f3c5290
2019-09-06 22:20:30,677 [pool-27-thread-1] INFO  server.RaftServerConfigKeys (ConfUtils.java:logGet(43)) - raft.server.log.write.buffer.size = 33554432 (custom)
2019-09-06 22:20:30,677 [pool-37-thread-1] INFO  segmented.SegmentedRaftLogWorker (SegmentedRaftLogWorker.java:<init>(172)) - new ad70433b-1210-4bb9-81f9-b06ec219c166@group-24BA1F3C5290-SegmentedRaftLogWorker for RaftStorage:Storage Directory /workdir/hadoop-ozone/integration-test/target/test-dir/MiniOzoneClusterImpl-b49f5193-ee3f-4e8d-9086-94cc8b6e630b/datanode-1/data/ratis/1ea5e6a7-19e6-43b9-be20-24ba1f3c5290
2019-09-06 22:20:30,678 [pool-27-thread-1] INFO  server.RaftServerConfigKeys (ConfUtils.java:logGet(43)) - raft.server.log.force.sync.num = 128 (default)
2019-09-06 22:20:30,678 [pool-67-thread-1] INFO  server.RaftServerConfigKeys (ConfUtils.java:logGet(43)) - raft.server.log.queue.byte-limit = 2147483647 (custom)
2019-09-06 22:20:30,678 [pool-27-thread-1] INFO  server.RaftServerConfigKeys (ConfUtils.java:logGet(43)) - raft.server.log.statemachine.data.sync = true (default)
2019-09-06 22:20:30,678 [pool-37-thread-1] INFO  server.RaftServerConfigKeys (ConfUtils.java:logGet(43)) - raft.server.log.queue.byte-limit = 2147483647 (custom)
2019-09-06 22:20:30,678 [pool-27-thread-1] INFO  server.RaftServerConfigKeys (ConfUtils.java:logGet(43)) - raft.server.log.statemachine.data.sync.timeout = 10s (default)
2019-09-06 22:20:30,678 [pool-67-thread-1] INFO  server.RaftServerConfigKeys (ConfUtils.java:logGet(43)) - raft.server.log.queue.element-limit = 1024 (custom)
2019-09-06 22:20:30,678 [pool-27-thread-1] INFO  server.RaftServerConfigKeys (ConfUtils.java:logGet(43)) - raft.server.log.statemachine.data.sync.timeout.retry = -1 (default)
2019-09-06 22:20:30,678 [pool-37-thread-1] INFO  server.RaftServerConfigKeys (ConfUtils.java:logGet(43)) - raft.server.log.queue.element-limit = 1024 (custom)
2019-09-06 22:20:30,679 [pool-27-thread-1] INFO  server.RaftServerConfigKeys (ConfUtils.java:logGet(43)) - raft.server.log.statemachine.data.caching.enabled = true (custom)
2019-09-06 22:20:30,678 [pool-67-thread-1] INFO  server.RaftServerConfigKeys (ConfUtils.java:logGet(43)) - raft.server.log.segment.size.max = 1048576 (custom)
2019-09-06 22:20:30,679 [pool-37-thread-1] INFO  server.RaftServerConfigKeys (ConfUtils.java:logGet(43)) - raft.server.log.segment.size.max = 1048576 (custom)
2019-09-06 22:20:30,679 [pool-27-thread-1] INFO  segmented.SegmentedRaftLogWorker (SegmentedRaftLogWorker.java:lambda$new$0(132)) - f13d7bf8-acc3-4dce-9eab-24b819c340c4@group-24BA1F3C5290-SegmentedRaftLogWorker: flushIndex: setUnconditionally 0 -> -1
2019-09-06 22:20:30,679 [pool-67-thread-1] INFO  server.RaftServerConfigKeys (ConfUtils.java:logGet(43)) - raft.server.log.preallocated.size = 16384 (custom)
2019-09-06 22:20:30,679 [pool-37-thread-1] INFO  server.RaftServerConfigKeys (ConfUtils.java:logGet(43)) - raft.server.log.preallocated.size = 16384 (custom)
2019-09-06 22:20:30,679 [pool-27-thread-1] INFO  server.RaftServerConfigKeys (ConfUtils.java:logGet(43)) - raft.server.snapshot.auto.trigger.enabled = true (custom)
2019-09-06 22:20:30,679 [pool-67-thread-1] INFO  server.RaftServerConfigKeys (ConfUtils.java:logGet(43)) - raft.server.log.write.buffer.size = 33554432 (custom)
2019-09-06 22:20:30,679 [pool-27-thread-1] INFO  server.RaftServerConfigKeys (ConfUtils.java:logGet(43)) - raft.server.snapshot.auto.trigger.threshold = 10000 (custom)
2019-09-06 22:20:30,679 [pool-37-thread-1] INFO  server.RaftServerConfigKeys (ConfUtils.java:logGet(43)) - raft.server.log.write.buffer.size = 33554432 (custom)
2019-09-06 22:20:30,680 [pool-27-thread-1] INFO  server.RaftServerConfigKeys (ConfUtils.java:logGet(43)) - raft.server.snapshot.retention.num.files = -1 (default)
2019-09-06 22:20:30,679 [pool-67-thread-1] INFO  server.RaftServerConfigKeys (ConfUtils.java:logGet(43)) - raft.server.log.force.sync.num = 128 (default)
2019-09-06 22:20:30,680 [pool-27-thread-1] INFO  server.RaftServerConfigKeys (ConfUtils.java:logGet(43)) - raft.server.retrycache.expirytime = 600000ms (custom)
2019-09-06 22:20:30,680 [pool-37-thread-1] INFO  server.RaftServerConfigKeys (ConfUtils.java:logGet(43)) - raft.server.log.force.sync.num = 128 (default)
2019-09-06 22:20:30,680 [pool-67-thread-1] INFO  server.RaftServerConfigKeys (ConfUtils.java:logGet(43)) - raft.server.log.statemachine.data.sync = true (default)
2019-09-06 22:20:30,680 [pool-37-thread-1] INFO  server.RaftServerConfigKeys (ConfUtils.java:logGet(43)) - raft.server.log.statemachine.data.sync = true (default)
2019-09-06 22:20:30,680 [pool-67-thread-1] INFO  server.RaftServerConfigKeys (ConfUtils.java:logGet(43)) - raft.server.log.statemachine.data.sync.timeout = 10s (default)
2019-09-06 22:20:30,680 [pool-37-thread-1] INFO  server.RaftServerConfigKeys (ConfUtils.java:logGet(43)) - raft.server.log.statemachine.data.sync.timeout = 10s (default)
2019-09-06 22:20:30,680 [pool-67-thread-1] INFO  server.RaftServerConfigKeys (ConfUtils.java:logGet(43)) - raft.server.log.statemachine.data.sync.timeout.retry = -1 (default)
2019-09-06 22:20:30,681 [pool-37-thread-1] INFO  server.RaftServerConfigKeys (ConfUtils.java:logGet(43)) - raft.server.log.statemachine.data.sync.timeout.retry = -1 (default)
2019-09-06 22:20:30,681 [pool-67-thread-1] INFO  server.RaftServerConfigKeys (ConfUtils.java:logGet(43)) - raft.server.log.statemachine.data.caching.enabled = true (custom)
2019-09-06 22:20:30,681 [pool-37-thread-1] INFO  server.RaftServerConfigKeys (ConfUtils.java:logGet(43)) - raft.server.log.statemachine.data.caching.enabled = true (custom)
2019-09-06 22:20:30,681 [pool-67-thread-1] INFO  segmented.SegmentedRaftLogWorker (SegmentedRaftLogWorker.java:lambda$new$0(132)) - 2cb2dc0f-84fd-4521-9ecc-d803f12e81ea@group-24BA1F3C5290-SegmentedRaftLogWorker: flushIndex: setUnconditionally 0 -> -1
2019-09-06 22:20:30,681 [pool-37-thread-1] INFO  segmented.SegmentedRaftLogWorker (SegmentedRaftLogWorker.java:lambda$new$0(132)) - ad70433b-1210-4bb9-81f9-b06ec219c166@group-24BA1F3C5290-SegmentedRaftLogWorker: flushIndex: setUnconditionally 0 -> -1
2019-09-06 22:20:30,681 [pool-67-thread-1] INFO  server.RaftServerConfigKeys (ConfUtils.java:logGet(43)) - raft.server.snapshot.auto.trigger.enabled = true (custom)
2019-09-06 22:20:30,681 [pool-67-thread-1] INFO  server.RaftServerConfigKeys (ConfUtils.java:logGet(43)) - raft.server.snapshot.auto.trigger.threshold = 10000 (custom)
2019-09-06 22:20:30,682 [pool-37-thread-1] INFO  server.RaftServerConfigKeys (ConfUtils.java:logGet(43)) - raft.server.snapshot.auto.trigger.enabled = true (custom)
2019-09-06 22:20:30,682 [pool-67-thread-1] INFO  server.RaftServerConfigKeys (ConfUtils.java:logGet(43)) - raft.server.snapshot.retention.num.files = -1 (default)
2019-09-06 22:20:30,682 [pool-37-thread-1] INFO  server.RaftServerConfigKeys (ConfUtils.java:logGet(43)) - raft.server.snapshot.auto.trigger.threshold = 10000 (custom)
2019-09-06 22:20:30,682 [pool-67-thread-1] INFO  server.RaftServerConfigKeys (ConfUtils.java:logGet(43)) - raft.server.retrycache.expirytime = 600000ms (custom)
2019-09-06 22:20:30,682 [pool-37-thread-1] INFO  server.RaftServerConfigKeys (ConfUtils.java:logGet(43)) - raft.server.snapshot.retention.num.files = -1 (default)
2019-09-06 22:20:30,682 [pool-37-thread-1] INFO  server.RaftServerConfigKeys (ConfUtils.java:logGet(43)) - raft.server.retrycache.expirytime = 600000ms (custom)
2019-09-06 22:20:30,682 [pool-27-thread-1] INFO  impl.RaftServerImpl (RaftServerImpl.java:start(185)) - f13d7bf8-acc3-4dce-9eab-24b819c340c4@group-24BA1F3C5290: start as a follower, conf=-1: [f13d7bf8-acc3-4dce-9eab-24b819c340c4:192.168.36.96:35732, 2cb2dc0f-84fd-4521-9ecc-d803f12e81ea:192.168.36.96:41878, ad70433b-1210-4bb9-81f9-b06ec219c166:192.168.36.96:32887], old=null
2019-09-06 22:20:30,682 [pool-27-thread-1] INFO  impl.RaftServerImpl (RaftServerImpl.java:setRole(174)) - f13d7bf8-acc3-4dce-9eab-24b819c340c4@group-24BA1F3C5290: changes role from      null to FOLLOWER at term 0 for startAsFollower
2019-09-06 22:20:30,683 [pool-27-thread-1] INFO  impl.RoleInfo (RoleInfo.java:updateAndGet(143)) - f13d7bf8-acc3-4dce-9eab-24b819c340c4: start FollowerState
2019-09-06 22:20:30,683 [pool-27-thread-1] INFO  util.JmxRegister (JmxRegister.java:tryRegister(44)) - Successfully registered JMX Bean with object name Ratis:service=RaftServer,group=group-24BA1F3C5290,id=f13d7bf8-acc3-4dce-9eab-24b819c340c4
2019-09-06 22:20:30,686 [pool-67-thread-1] INFO  impl.RaftServerImpl (RaftServerImpl.java:start(185)) - 2cb2dc0f-84fd-4521-9ecc-d803f12e81ea@group-24BA1F3C5290: start as a follower, conf=-1: [f13d7bf8-acc3-4dce-9eab-24b819c340c4:192.168.36.96:35732, 2cb2dc0f-84fd-4521-9ecc-d803f12e81ea:192.168.36.96:41878, ad70433b-1210-4bb9-81f9-b06ec219c166:192.168.36.96:32887], old=null
2019-09-06 22:20:30,689 [pool-67-thread-1] INFO  impl.RaftServerImpl (RaftServerImpl.java:setRole(174)) - 2cb2dc0f-84fd-4521-9ecc-d803f12e81ea@group-24BA1F3C5290: changes role from      null to FOLLOWER at term 0 for startAsFollower
2019-09-06 22:20:30,689 [pool-67-thread-1] INFO  impl.RoleInfo (RoleInfo.java:updateAndGet(143)) - 2cb2dc0f-84fd-4521-9ecc-d803f12e81ea: start FollowerState
2019-09-06 22:20:30,691 [pool-37-thread-1] INFO  impl.RaftServerImpl (RaftServerImpl.java:start(185)) - ad70433b-1210-4bb9-81f9-b06ec219c166@group-24BA1F3C5290: start as a follower, conf=-1: [f13d7bf8-acc3-4dce-9eab-24b819c340c4:192.168.36.96:35732, 2cb2dc0f-84fd-4521-9ecc-d803f12e81ea:192.168.36.96:41878, ad70433b-1210-4bb9-81f9-b06ec219c166:192.168.36.96:32887], old=null
2019-09-06 22:20:30,692 [pool-37-thread-1] INFO  impl.RaftServerImpl (RaftServerImpl.java:setRole(174)) - ad70433b-1210-4bb9-81f9-b06ec219c166@group-24BA1F3C5290: changes role from      null to FOLLOWER at term 0 for startAsFollower
2019-09-06 22:20:30,692 [pool-67-thread-1] INFO  util.JmxRegister (JmxRegister.java:tryRegister(44)) - Successfully registered JMX Bean with object name Ratis:service=RaftServer,group=group-24BA1F3C5290,id=2cb2dc0f-84fd-4521-9ecc-d803f12e81ea
2019-09-06 22:20:30,693 [pool-37-thread-1] INFO  impl.RoleInfo (RoleInfo.java:updateAndGet(143)) - ad70433b-1210-4bb9-81f9-b06ec219c166: start FollowerState
2019-09-06 22:20:30,696 [pool-37-thread-1] INFO  util.JmxRegister (JmxRegister.java:tryRegister(44)) - Successfully registered JMX Bean with object name Ratis:service=RaftServer,group=group-24BA1F3C5290,id=ad70433b-1210-4bb9-81f9-b06ec219c166
2019-09-06 22:20:30,708 [RatisPipelineUtilsThread] INFO  pipeline.PipelineStateManager (PipelineStateManager.java:addPipeline(56)) - Created pipeline Pipeline[ Id: 1ea5e6a7-19e6-43b9-be20-24ba1f3c5290, Nodes: ad70433b-1210-4bb9-81f9-b06ec219c166{ip: 192.168.36.96, host: pr-hdds-2098-trunk-xjcqn-842104287, networkLocation: /default-rack, certSerialId: null}2cb2dc0f-84fd-4521-9ecc-d803f12e81ea{ip: 192.168.36.96, host: pr-hdds-2098-trunk-xjcqn-842104287, networkLocation: /default-rack, certSerialId: null}f13d7bf8-acc3-4dce-9eab-24b819c340c4{ip: 192.168.36.96, host: pr-hdds-2098-trunk-xjcqn-842104287, networkLocation: /default-rack, certSerialId: null}, Type:RATIS, Factor:THREE, State:OPEN]
2019-09-06 22:20:30,971 [main] INFO  rpc.RpcClient (RpcClient.java:createVolume(293)) - Creating Volume: testblockoutputstream, with jenkins1000 as owner.
2019-09-06 22:20:31,085 [IPC Server handler 2 on 46440] INFO  volume.OMVolumeCreateRequest (OMVolumeCreateRequest.java:validateAndUpdateCache(189)) - created volume:testblockoutputstream for user:jenkins1000
2019-09-06 22:20:31,114 [main] INFO  rpc.RpcClient (RpcClient.java:createBucket(432)) - Creating Bucket: testblockoutputstream/testblockoutputstream, with Versioning false and Storage Type set to DISK and Encryption set to false 
2019-09-06 22:20:31,139 [main] INFO  impl.MetricsSystemImpl (MetricsSystemImpl.java:init(158)) - XceiverClientMetrics metrics system started (again)
2019-09-06 22:20:31,904 [grpc-default-executor-0] INFO  client.GrpcClientProtocolClient (GrpcClientProtocolClient.java:onNext(264)) - client-21ADCD270D8F->bc6fdb93-666a-4701-ac8e-a64642c98c17: receive RaftClientReply:client-21ADCD270D8F->bc6fdb93-666a-4701-ac8e-a64642c98c17@group-59362D9BDB11, cid=13, FAILED org.apache.ratis.protocol.NotLeaderException: Server bc6fdb93-666a-4701-ac8e-a64642c98c17@group-59362D9BDB11 is not the leader, logIndex=0, commits[bc6fdb93-666a-4701-ac8e-a64642c98c17:c-1]
2019-09-06 22:20:31,913 [Thread-238] INFO  container.ReplicationManager (ReplicationManager.java:start(162)) - Starting Replication Monitor Thread.
2019-09-06 22:20:31,936 [ReplicationMonitor] INFO  container.ReplicationManager (ReplicationManager.java:run(225)) - Replication Monitor Thread took 10 milliseconds for processing 1 containers.
2019-09-06 22:20:32,956 [grpc-default-executor-0] INFO  client.GrpcClientProtocolClient (GrpcClientProtocolClient.java:onNext(264)) - client-21ADCD270D8F->42d29a8d-ec6e-4d7b-90f4-90463a45c878: receive RaftClientReply:client-21ADCD270D8F->42d29a8d-ec6e-4d7b-90f4-90463a45c878@group-59362D9BDB11, cid=13, FAILED org.apache.ratis.protocol.NotLeaderException: Server 42d29a8d-ec6e-4d7b-90f4-90463a45c878@group-59362D9BDB11 is not the leader, logIndex=0, commits[42d29a8d-ec6e-4d7b-90f4-90463a45c878:c-1]
2019-09-06 22:20:33,982 [grpc-default-executor-1] INFO  client.GrpcClientProtocolClient (GrpcClientProtocolClient.java:onNext(264)) - client-21ADCD270D8F->bc6fdb93-666a-4701-ac8e-a64642c98c17: receive RaftClientReply:client-21ADCD270D8F->bc6fdb93-666a-4701-ac8e-a64642c98c17@group-59362D9BDB11, cid=13, FAILED org.apache.ratis.protocol.NotLeaderException: Server bc6fdb93-666a-4701-ac8e-a64642c98c17@group-59362D9BDB11 is not the leader, logIndex=0, commits[bc6fdb93-666a-4701-ac8e-a64642c98c17:c-1]
2019-09-06 22:20:34,823 [Thread-240] INFO  impl.FollowerState (FollowerState.java:run(106)) - f13d7bf8-acc3-4dce-9eab-24b819c340c4:group-6FEDDA7E2C7D changes to CANDIDATE, lastRpcTime:5094, electionTimeout:5093ms
2019-09-06 22:20:34,828 [Thread-240] INFO  impl.RoleInfo (RoleInfo.java:shutdownFollowerState(121)) - f13d7bf8-acc3-4dce-9eab-24b819c340c4: shutdown FollowerState
2019-09-06 22:20:34,829 [Thread-240] INFO  impl.RaftServerImpl (RaftServerImpl.java:setRole(174)) - f13d7bf8-acc3-4dce-9eab-24b819c340c4@group-6FEDDA7E2C7D: changes role from  FOLLOWER to CANDIDATE at term 0 for changeToCandidate
2019-09-06 22:20:34,837 [Thread-240] INFO  impl.RoleInfo (RoleInfo.java:updateAndGet(143)) - f13d7bf8-acc3-4dce-9eab-24b819c340c4: start LeaderElection
2019-09-06 22:20:34,867 [f13d7bf8-acc3-4dce-9eab-24b819c340c4@group-6FEDDA7E2C7D:LeaderElection1] INFO  impl.LeaderElection (LeaderElection.java:askForVotes(182)) - f13d7bf8-acc3-4dce-9eab-24b819c340c4@group-6FEDDA7E2C7D:LeaderElection1: begin an election at term 1 for -1: [f13d7bf8-acc3-4dce-9eab-24b819c340c4:192.168.36.96:35732], old=null
2019-09-06 22:20:34,869 [f13d7bf8-acc3-4dce-9eab-24b819c340c4@group-6FEDDA7E2C7D:LeaderElection1] INFO  impl.RoleInfo (RoleInfo.java:shutdownLeaderElection(134)) - f13d7bf8-acc3-4dce-9eab-24b819c340c4: shutdown LeaderElection
2019-09-06 22:20:34,870 [f13d7bf8-acc3-4dce-9eab-24b819c340c4@group-6FEDDA7E2C7D:LeaderElection1] INFO  impl.RaftServerImpl (RaftServerImpl.java:setRole(174)) - f13d7bf8-acc3-4dce-9eab-24b819c340c4@group-6FEDDA7E2C7D: changes role from CANDIDATE to LEADER at term 1 for changeToLeader
2019-09-06 22:20:34,870 [f13d7bf8-acc3-4dce-9eab-24b819c340c4@group-6FEDDA7E2C7D:LeaderElection1] INFO  impl.RaftServerImpl (ServerState.java:setLeader(253)) - f13d7bf8-acc3-4dce-9eab-24b819c340c4@group-6FEDDA7E2C7D: change Leader from null to f13d7bf8-acc3-4dce-9eab-24b819c340c4 at term 1 for becomeLeader, leader elected after 5278ms
2019-09-06 22:20:34,879 [f13d7bf8-acc3-4dce-9eab-24b819c340c4@group-6FEDDA7E2C7D:LeaderElection1] INFO  server.RaftServerConfigKeys (ConfUtils.java:logGet(43)) - raft.server.staging.catchup.gap = 1000 (default)
2019-09-06 22:20:34,879 [f13d7bf8-acc3-4dce-9eab-24b819c340c4@group-6FEDDA7E2C7D:LeaderElection1] INFO  server.RaftServerConfigKeys (ConfUtils.java:logGet(43)) - raft.server.rpc.sleep.time = 25ms (default)
2019-09-06 22:20:34,883 [f13d7bf8-acc3-4dce-9eab-24b819c340c4@group-6FEDDA7E2C7D:LeaderElection1] INFO  server.RaftServerConfigKeys (ConfUtils.java:logGet(43)) - raft.server.write.element-limit = 4096 (default)
2019-09-06 22:20:34,887 [f13d7bf8-acc3-4dce-9eab-24b819c340c4@group-6FEDDA7E2C7D:LeaderElection1] INFO  server.RaftServerConfigKeys (ConfUtils.java:logGet(43)) - raft.server.watch.timeout = 10s (default)
2019-09-06 22:20:34,887 [f13d7bf8-acc3-4dce-9eab-24b819c340c4@group-6FEDDA7E2C7D:LeaderElection1] INFO  server.RaftServerConfigKeys (ConfUtils.java:logGet(43)) - raft.server.watch.timeout.denomination = 1s (default)
2019-09-06 22:20:34,888 [f13d7bf8-acc3-4dce-9eab-24b819c340c4@group-6FEDDA7E2C7D:LeaderElection1] INFO  server.RaftServerConfigKeys (ConfUtils.java:logGet(43)) - raft.server.watch.element-limit = 65536 (default)
2019-09-06 22:20:34,905 [f13d7bf8-acc3-4dce-9eab-24b819c340c4@group-6FEDDA7E2C7D:LeaderElection1] INFO  impl.RoleInfo (RoleInfo.java:updateAndGet(143)) - f13d7bf8-acc3-4dce-9eab-24b819c340c4: start LeaderState
2019-09-06 22:20:34,933 [f13d7bf8-acc3-4dce-9eab-24b819c340c4@group-6FEDDA7E2C7D:LeaderElection1] INFO  segmented.SegmentedRaftLogWorker (SegmentedRaftLogWorker.java:startLogSegment(380)) - f13d7bf8-acc3-4dce-9eab-24b819c340c4@group-6FEDDA7E2C7D-SegmentedRaftLogWorker: Starting segment from index:0
2019-09-06 22:20:34,944 [f13d7bf8-acc3-4dce-9eab-24b819c340c4@group-6FEDDA7E2C7D:LeaderElection1] INFO  impl.RaftServerImpl (ServerState.java:setRaftConf(354)) - f13d7bf8-acc3-4dce-9eab-24b819c340c4@group-6FEDDA7E2C7D: set configuration 0: [f13d7bf8-acc3-4dce-9eab-24b819c340c4:192.168.36.96:35732], old=null at 0
2019-09-06 22:20:35,022 [grpc-default-executor-0] INFO  client.GrpcClientProtocolClient (GrpcClientProtocolClient.java:onNext(264)) - client-21ADCD270D8F->df3d14c4-da09-4933-9de6-7132a09f046b: receive RaftClientReply:client-21ADCD270D8F->df3d14c4-da09-4933-9de6-7132a09f046b@group-59362D9BDB11, cid=13, FAILED org.apache.ratis.protocol.NotLeaderException: Server df3d14c4-da09-4933-9de6-7132a09f046b@group-59362D9BDB11 is not the leader, logIndex=0, commits[df3d14c4-da09-4933-9de6-7132a09f046b:c-1]
2019-09-06 22:20:35,039 [Thread-243] INFO  impl.FollowerState (FollowerState.java:run(106)) - bc6fdb93-666a-4701-ac8e-a64642c98c17:group-D3A0162BCC4C changes to CANDIDATE, lastRpcTime:5083, electionTimeout:5080ms
2019-09-06 22:20:35,041 [Thread-243] INFO  impl.RoleInfo (RoleInfo.java:shutdownFollowerState(121)) - bc6fdb93-666a-4701-ac8e-a64642c98c17: shutdown FollowerState
2019-09-06 22:20:35,041 [Thread-243] INFO  impl.RaftServerImpl (RaftServerImpl.java:setRole(174)) - bc6fdb93-666a-4701-ac8e-a64642c98c17@group-D3A0162BCC4C: changes role from  FOLLOWER to CANDIDATE at term 0 for changeToCandidate
2019-09-06 22:20:35,041 [Thread-243] INFO  impl.RoleInfo (RoleInfo.java:updateAndGet(143)) - bc6fdb93-666a-4701-ac8e-a64642c98c17: start LeaderElection
2019-09-06 22:20:35,062 [bc6fdb93-666a-4701-ac8e-a64642c98c17@group-D3A0162BCC4C:LeaderElection2] INFO  impl.LeaderElection (LeaderElection.java:askForVotes(182)) - bc6fdb93-666a-4701-ac8e-a64642c98c17@group-D3A0162BCC4C:LeaderElection2: begin an election at term 1 for -1: [bc6fdb93-666a-4701-ac8e-a64642c98c17:192.168.36.96:46741], old=null
2019-09-06 22:20:35,068 [bc6fdb93-666a-4701-ac8e-a64642c98c17@group-D3A0162BCC4C:LeaderElection2] INFO  impl.RoleInfo (RoleInfo.java:shutdownLeaderElection(134)) - bc6fdb93-666a-4701-ac8e-a64642c98c17: shutdown LeaderElection
2019-09-06 22:20:35,068 [bc6fdb93-666a-4701-ac8e-a64642c98c17@group-D3A0162BCC4C:LeaderElection2] INFO  impl.RaftServerImpl (RaftServerImpl.java:setRole(174)) - bc6fdb93-666a-4701-ac8e-a64642c98c17@group-D3A0162BCC4C: changes role from CANDIDATE to LEADER at term 1 for changeToLeader
2019-09-06 22:20:35,068 [bc6fdb93-666a-4701-ac8e-a64642c98c17@group-D3A0162BCC4C:LeaderElection2] INFO  impl.RaftServerImpl (ServerState.java:setLeader(253)) - bc6fdb93-666a-4701-ac8e-a64642c98c17@group-D3A0162BCC4C: change Leader from null to bc6fdb93-666a-4701-ac8e-a64642c98c17 at term 1 for becomeLeader, leader elected after 5136ms
2019-09-06 22:20:35,070 [bc6fdb93-666a-4701-ac8e-a64642c98c17@group-D3A0162BCC4C:LeaderElection2] INFO  server.RaftServerConfigKeys (ConfUtils.java:logGet(43)) - raft.server.staging.catchup.gap = 1000 (default)
2019-09-06 22:20:35,070 [bc6fdb93-666a-4701-ac8e-a64642c98c17@group-D3A0162BCC4C:LeaderElection2] INFO  server.RaftServerConfigKeys (ConfUtils.java:logGet(43)) - raft.server.rpc.sleep.time = 25ms (default)
2019-09-06 22:20:35,070 [bc6fdb93-666a-4701-ac8e-a64642c98c17@group-D3A0162BCC4C:LeaderElection2] INFO  server.RaftServerConfigKeys (ConfUtils.java:logGet(43)) - raft.server.write.element-limit = 4096 (default)
2019-09-06 22:20:35,071 [bc6fdb93-666a-4701-ac8e-a64642c98c17@group-D3A0162BCC4C:LeaderElection2] INFO  server.RaftServerConfigKeys (ConfUtils.java:logGet(43)) - raft.server.watch.timeout = 10s (default)
2019-09-06 22:20:35,071 [bc6fdb93-666a-4701-ac8e-a64642c98c17@group-D3A0162BCC4C:LeaderElection2] INFO  server.RaftServerConfigKeys (ConfUtils.java:logGet(43)) - raft.server.watch.timeout.denomination = 1s (default)
2019-09-06 22:20:35,071 [bc6fdb93-666a-4701-ac8e-a64642c98c17@group-D3A0162BCC4C:LeaderElection2] INFO  server.RaftServerConfigKeys (ConfUtils.java:logGet(43)) - raft.server.watch.element-limit = 65536 (default)
2019-09-06 22:20:35,073 [bc6fdb93-666a-4701-ac8e-a64642c98c17@group-D3A0162BCC4C:LeaderElection2] INFO  impl.RoleInfo (RoleInfo.java:updateAndGet(143)) - bc6fdb93-666a-4701-ac8e-a64642c98c17: start LeaderState
2019-09-06 22:20:35,074 [bc6fdb93-666a-4701-ac8e-a64642c98c17@group-D3A0162BCC4C:LeaderElection2] INFO  segmented.SegmentedRaftLogWorker (SegmentedRaftLogWorker.java:startLogSegment(380)) - bc6fdb93-666a-4701-ac8e-a64642c98c17@group-D3A0162BCC4C-SegmentedRaftLogWorker: Starting segment from index:0
2019-09-06 22:20:35,074 [bc6fdb93-666a-4701-ac8e-a64642c98c17@group-D3A0162BCC4C:LeaderElection2] INFO  impl.RaftServerImpl (ServerState.java:setRaftConf(354)) - bc6fdb93-666a-4701-ac8e-a64642c98c17@group-D3A0162BCC4C: set configuration 0: [bc6fdb93-666a-4701-ac8e-a64642c98c17:192.168.36.96:46741], old=null at 0
2019-09-06 22:20:35,191 [f13d7bf8-acc3-4dce-9eab-24b819c340c4@group-6FEDDA7E2C7D-SegmentedRaftLogWorker] INFO  segmented.SegmentedRaftLogWorker (SegmentedRaftLogWorker.java:execute(569)) - f13d7bf8-acc3-4dce-9eab-24b819c340c4@group-6FEDDA7E2C7D-SegmentedRaftLogWorker: created new log segment /workdir/hadoop-ozone/integration-test/target/test-dir/MiniOzoneClusterImpl-b49f5193-ee3f-4e8d-9086-94cc8b6e630b/datanode-0/data/ratis/eb5f8c2e-a87d-43bf-a908-6fedda7e2c7d/current/log_inprogress_0
2019-09-06 22:20:35,191 [bc6fdb93-666a-4701-ac8e-a64642c98c17@group-D3A0162BCC4C-SegmentedRaftLogWorker] INFO  segmented.SegmentedRaftLogWorker (SegmentedRaftLogWorker.java:execute(569)) - bc6fdb93-666a-4701-ac8e-a64642c98c17@group-D3A0162BCC4C-SegmentedRaftLogWorker: created new log segment /workdir/hadoop-ozone/integration-test/target/test-dir/MiniOzoneClusterImpl-b49f5193-ee3f-4e8d-9086-94cc8b6e630b/datanode-2/data/ratis/4aeecf48-0d27-491d-a40f-d3a0162bcc4c/current/log_inprogress_0
2019-09-06 22:20:35,258 [Thread-249] INFO  impl.FollowerState (FollowerState.java:run(106)) - 42d29a8d-ec6e-4d7b-90f4-90463a45c878:group-6F2B0BCE3A0C changes to CANDIDATE, lastRpcTime:5062, electionTimeout:5062ms
2019-09-06 22:20:35,258 [Thread-249] INFO  impl.RoleInfo (RoleInfo.java:shutdownFollowerState(121)) - 42d29a8d-ec6e-4d7b-90f4-90463a45c878: shutdown FollowerState
2019-09-06 22:20:35,259 [Thread-249] INFO  impl.RaftServerImpl (RaftServerImpl.java:setRole(174)) - 42d29a8d-ec6e-4d7b-90f4-90463a45c878@group-6F2B0BCE3A0C: changes role from  FOLLOWER to CANDIDATE at term 0 for changeToCandidate
2019-09-06 22:20:35,259 [Thread-249] INFO  impl.RoleInfo (RoleInfo.java:updateAndGet(143)) - 42d29a8d-ec6e-4d7b-90f4-90463a45c878: start LeaderElection
2019-09-06 22:20:35,272 [Thread-246] INFO  impl.FollowerState (FollowerState.java:run(106)) - df3d14c4-da09-4933-9de6-7132a09f046b:group-3D978949FED6 changes to CANDIDATE, lastRpcTime:5158, electionTimeout:5158ms
2019-09-06 22:20:35,272 [Thread-246] INFO  impl.RoleInfo (RoleInfo.java:shutdownFollowerState(121)) - df3d14c4-da09-4933-9de6-7132a09f046b: shutdown FollowerState
2019-09-06 22:20:35,273 [Thread-246] INFO  impl.RaftServerImpl (RaftServerImpl.java:setRole(174)) - df3d14c4-da09-4933-9de6-7132a09f046b@group-3D978949FED6: changes role from  FOLLOWER to CANDIDATE at term 0 for changeToCandidate
2019-09-06 22:20:35,273 [Thread-246] INFO  impl.RoleInfo (RoleInfo.java:updateAndGet(143)) - df3d14c4-da09-4933-9de6-7132a09f046b: start LeaderElection
2019-09-06 22:20:35,292 [df3d14c4-da09-4933-9de6-7132a09f046b@group-3D978949FED6:LeaderElection4] INFO  impl.LeaderElection (LeaderElection.java:askForVotes(182)) - df3d14c4-da09-4933-9de6-7132a09f046b@group-3D978949FED6:LeaderElection4: begin an election at term 1 for -1: [df3d14c4-da09-4933-9de6-7132a09f046b:192.168.36.96:46580], old=null
2019-09-06 22:20:35,292 [42d29a8d-ec6e-4d7b-90f4-90463a45c878@group-6F2B0BCE3A0C:LeaderElection3] INFO  impl.LeaderElection (LeaderElection.java:askForVotes(182)) - 42d29a8d-ec6e-4d7b-90f4-90463a45c878@group-6F2B0BCE3A0C:LeaderElection3: begin an election at term 1 for -1: [42d29a8d-ec6e-4d7b-90f4-90463a45c878:192.168.36.96:45962], old=null
2019-09-06 22:20:35,293 [df3d14c4-da09-4933-9de6-7132a09f046b@group-3D978949FED6:LeaderElection4] INFO  impl.RoleInfo (RoleInfo.java:shutdownLeaderElection(134)) - df3d14c4-da09-4933-9de6-7132a09f046b: shutdown LeaderElection
2019-09-06 22:20:35,293 [42d29a8d-ec6e-4d7b-90f4-90463a45c878@group-6F2B0BCE3A0C:LeaderElection3] INFO  impl.RoleInfo (RoleInfo.java:shutdownLeaderElection(134)) - 42d29a8d-ec6e-4d7b-90f4-90463a45c878: shutdown LeaderElection
2019-09-06 22:20:35,293 [df3d14c4-da09-4933-9de6-7132a09f046b@group-3D978949FED6:LeaderElection4] INFO  impl.RaftServerImpl (RaftServerImpl.java:setRole(174)) - df3d14c4-da09-4933-9de6-7132a09f046b@group-3D978949FED6: changes role from CANDIDATE to LEADER at term 1 for changeToLeader
2019-09-06 22:20:35,293 [42d29a8d-ec6e-4d7b-90f4-90463a45c878@group-6F2B0BCE3A0C:LeaderElection3] INFO  impl.RaftServerImpl (RaftServerImpl.java:setRole(174)) - 42d29a8d-ec6e-4d7b-90f4-90463a45c878@group-6F2B0BCE3A0C: changes role from CANDIDATE to LEADER at term 1 for changeToLeader
2019-09-06 22:20:35,293 [df3d14c4-da09-4933-9de6-7132a09f046b@group-3D978949FED6:LeaderElection4] INFO  impl.RaftServerImpl (ServerState.java:setLeader(253)) - df3d14c4-da09-4933-9de6-7132a09f046b@group-3D978949FED6: change Leader from null to df3d14c4-da09-4933-9de6-7132a09f046b at term 1 for becomeLeader, leader elected after 5232ms
2019-09-06 22:20:35,293 [42d29a8d-ec6e-4d7b-90f4-90463a45c878@group-6F2B0BCE3A0C:LeaderElection3] INFO  impl.RaftServerImpl (ServerState.java:setLeader(253)) - 42d29a8d-ec6e-4d7b-90f4-90463a45c878@group-6F2B0BCE3A0C: change Leader from null to 42d29a8d-ec6e-4d7b-90f4-90463a45c878 at term 1 for becomeLeader, leader elected after 5111ms
2019-09-06 22:20:35,295 [df3d14c4-da09-4933-9de6-7132a09f046b@group-3D978949FED6:LeaderElection4] INFO  server.RaftServerConfigKeys (ConfUtils.java:logGet(43)) - raft.server.staging.catchup.gap = 1000 (default)
2019-09-06 22:20:35,295 [42d29a8d-ec6e-4d7b-90f4-90463a45c878@group-6F2B0BCE3A0C:LeaderElection3] INFO  server.RaftServerConfigKeys (ConfUtils.java:logGet(43)) - raft.server.staging.catchup.gap = 1000 (default)
2019-09-06 22:20:35,295 [df3d14c4-da09-4933-9de6-7132a09f046b@group-3D978949FED6:LeaderElection4] INFO  server.RaftServerConfigKeys (ConfUtils.java:logGet(43)) - raft.server.rpc.sleep.time = 25ms (default)
2019-09-06 22:20:35,296 [42d29a8d-ec6e-4d7b-90f4-90463a45c878@group-6F2B0BCE3A0C:LeaderElection3] INFO  server.RaftServerConfigKeys (ConfUtils.java:logGet(43)) - raft.server.rpc.sleep.time = 25ms (default)
2019-09-06 22:20:35,296 [df3d14c4-da09-4933-9de6-7132a09f046b@group-3D978949FED6:LeaderElection4] INFO  server.RaftServerConfigKeys (ConfUtils.java:logGet(43)) - raft.server.write.element-limit = 4096 (default)
2019-09-06 22:20:35,296 [42d29a8d-ec6e-4d7b-90f4-90463a45c878@group-6F2B0BCE3A0C:LeaderElection3] INFO  server.RaftServerConfigKeys (ConfUtils.java:logGet(43)) - raft.server.write.element-limit = 4096 (default)
2019-09-06 22:20:35,296 [df3d14c4-da09-4933-9de6-7132a09f046b@group-3D978949FED6:LeaderElection4] INFO  server.RaftServerConfigKeys (ConfUtils.java:logGet(43)) - raft.server.watch.timeout = 10s (default)
2019-09-06 22:20:35,296 [42d29a8d-ec6e-4d7b-90f4-90463a45c878@group-6F2B0BCE3A0C:LeaderElection3] INFO  server.RaftServerConfigKeys (ConfUtils.java:logGet(43)) - raft.server.watch.timeout = 10s (default)
2019-09-06 22:20:35,296 [df3d14c4-da09-4933-9de6-7132a09f046b@group-3D978949FED6:LeaderElection4] INFO  server.RaftServerConfigKeys (ConfUtils.java:logGet(43)) - raft.server.watch.timeout.denomination = 1s (default)
2019-09-06 22:20:35,296 [42d29a8d-ec6e-4d7b-90f4-90463a45c878@group-6F2B0BCE3A0C:LeaderElection3] INFO  server.RaftServerConfigKeys (ConfUtils.java:logGet(43)) - raft.server.watch.timeout.denomination = 1s (default)
2019-09-06 22:20:35,296 [df3d14c4-da09-4933-9de6-7132a09f046b@group-3D978949FED6:LeaderElection4] INFO  server.RaftServerConfigKeys (ConfUtils.java:logGet(43)) - raft.server.watch.element-limit = 65536 (default)
2019-09-06 22:20:35,297 [42d29a8d-ec6e-4d7b-90f4-90463a45c878@group-6F2B0BCE3A0C:LeaderElection3] INFO  server.RaftServerConfigKeys (ConfUtils.java:logGet(43)) - raft.server.watch.element-limit = 65536 (default)
2019-09-06 22:20:35,300 [df3d14c4-da09-4933-9de6-7132a09f046b@group-3D978949FED6:LeaderElection4] INFO  impl.RoleInfo (RoleInfo.java:updateAndGet(143)) - df3d14c4-da09-4933-9de6-7132a09f046b: start LeaderState
2019-09-06 22:20:35,301 [df3d14c4-da09-4933-9de6-7132a09f046b@group-3D978949FED6:LeaderElection4] INFO  segmented.SegmentedRaftLogWorker (SegmentedRaftLogWorker.java:startLogSegment(380)) - df3d14c4-da09-4933-9de6-7132a09f046b@group-3D978949FED6-SegmentedRaftLogWorker: Starting segment from index:0
2019-09-06 22:20:35,302 [df3d14c4-da09-4933-9de6-7132a09f046b@group-3D978949FED6:LeaderElection4] INFO  impl.RaftServerImpl (ServerState.java:setRaftConf(354)) - df3d14c4-da09-4933-9de6-7132a09f046b@group-3D978949FED6: set configuration 0: [df3d14c4-da09-4933-9de6-7132a09f046b:192.168.36.96:46580], old=null at 0
2019-09-06 22:20:35,336 [42d29a8d-ec6e-4d7b-90f4-90463a45c878@group-6F2B0BCE3A0C:LeaderElection3] INFO  impl.RoleInfo (RoleInfo.java:updateAndGet(143)) - 42d29a8d-ec6e-4d7b-90f4-90463a45c878: start LeaderState
2019-09-06 22:20:35,336 [42d29a8d-ec6e-4d7b-90f4-90463a45c878@group-6F2B0BCE3A0C:LeaderElection3] INFO  segmented.SegmentedRaftLogWorker (SegmentedRaftLogWorker.java:startLogSegment(380)) - 42d29a8d-ec6e-4d7b-90f4-90463a45c878@group-6F2B0BCE3A0C-SegmentedRaftLogWorker: Starting segment from index:0
2019-09-06 22:20:35,337 [42d29a8d-ec6e-4d7b-90f4-90463a45c878@group-6F2B0BCE3A0C:LeaderElection3] INFO  impl.RaftServerImpl (ServerState.java:setRaftConf(354)) - 42d29a8d-ec6e-4d7b-90f4-90463a45c878@group-6F2B0BCE3A0C: set configuration 0: [42d29a8d-ec6e-4d7b-90f4-90463a45c878:192.168.36.96:45962], old=null at 0
2019-09-06 22:20:35,350 [df3d14c4-da09-4933-9de6-7132a09f046b@group-3D978949FED6-SegmentedRaftLogWorker] INFO  segmented.SegmentedRaftLogWorker (SegmentedRaftLogWorker.java:execute(569)) - df3d14c4-da09-4933-9de6-7132a09f046b@group-3D978949FED6-SegmentedRaftLogWorker: created new log segment /workdir/hadoop-ozone/integration-test/target/test-dir/MiniOzoneClusterImpl-b49f5193-ee3f-4e8d-9086-94cc8b6e630b/datanode-6/data/ratis/2e3f848c-7f58-4caa-a8b5-3d978949fed6/current/log_inprogress_0
2019-09-06 22:20:35,404 [42d29a8d-ec6e-4d7b-90f4-90463a45c878@group-6F2B0BCE3A0C-SegmentedRaftLogWorker] INFO  segmented.SegmentedRaftLogWorker (SegmentedRaftLogWorker.java:execute(569)) - 42d29a8d-ec6e-4d7b-90f4-90463a45c878@group-6F2B0BCE3A0C-SegmentedRaftLogWorker: created new log segment /workdir/hadoop-ozone/integration-test/target/test-dir/MiniOzoneClusterImpl-b49f5193-ee3f-4e8d-9086-94cc8b6e630b/datanode-5/data/ratis/dcaf15fd-916a-49c7-91f7-6f2b0bce3a0c/current/log_inprogress_0
2019-09-06 22:20:35,437 [Thread-252] INFO  impl.FollowerState (FollowerState.java:run(106)) - ad70433b-1210-4bb9-81f9-b06ec219c166:group-2DBC794D4140 changes to CANDIDATE, lastRpcTime:5160, electionTimeout:5160ms
2019-09-06 22:20:35,438 [Thread-252] INFO  impl.RoleInfo (RoleInfo.java:shutdownFollowerState(121)) - ad70433b-1210-4bb9-81f9-b06ec219c166: shutdown FollowerState
2019-09-06 22:20:35,438 [Thread-252] INFO  impl.RaftServerImpl (RaftServerImpl.java:setRole(174)) - ad70433b-1210-4bb9-81f9-b06ec219c166@group-2DBC794D4140: changes role from  FOLLOWER to CANDIDATE at term 0 for changeToCandidate
2019-09-06 22:20:35,440 [Thread-252] INFO  impl.RoleInfo (RoleInfo.java:updateAndGet(143)) - ad70433b-1210-4bb9-81f9-b06ec219c166: start LeaderElection
2019-09-06 22:20:35,468 [ad70433b-1210-4bb9-81f9-b06ec219c166@group-2DBC794D4140:LeaderElection5] INFO  impl.LeaderElection (LeaderElection.java:askForVotes(182)) - ad70433b-1210-4bb9-81f9-b06ec219c166@group-2DBC794D4140:LeaderElection5: begin an election at term 1 for -1: [ad70433b-1210-4bb9-81f9-b06ec219c166:192.168.36.96:32887], old=null
2019-09-06 22:20:35,468 [Thread-255] INFO  impl.FollowerState (FollowerState.java:run(106)) - 2cb2dc0f-84fd-4521-9ecc-d803f12e81ea:group-A04F5FDC1205 changes to CANDIDATE, lastRpcTime:5108, electionTimeout:5108ms
2019-09-06 22:20:35,469 [ad70433b-1210-4bb9-81f9-b06ec219c166@group-2DBC794D4140:LeaderElection5] INFO  impl.RoleInfo (RoleInfo.java:shutdownLeaderElection(134)) - ad70433b-1210-4bb9-81f9-b06ec219c166: shutdown LeaderElection
2019-09-06 22:20:35,469 [Thread-255] INFO  impl.RoleInfo (RoleInfo.java:shutdownFollowerState(121)) - 2cb2dc0f-84fd-4521-9ecc-d803f12e81ea: shutdown FollowerState
2019-09-06 22:20:35,469 [ad70433b-1210-4bb9-81f9-b06ec219c166@group-2DBC794D4140:LeaderElection5] INFO  impl.RaftServerImpl (RaftServerImpl.java:setRole(174)) - ad70433b-1210-4bb9-81f9-b06ec219c166@group-2DBC794D4140: changes role from CANDIDATE to LEADER at term 1 for changeToLeader
2019-09-06 22:20:35,469 [Thread-255] INFO  impl.RaftServerImpl (RaftServerImpl.java:setRole(174)) - 2cb2dc0f-84fd-4521-9ecc-d803f12e81ea@group-A04F5FDC1205: changes role from  FOLLOWER to CANDIDATE at term 0 for changeToCandidate
2019-09-06 22:20:35,469 [ad70433b-1210-4bb9-81f9-b06ec219c166@group-2DBC794D4140:LeaderElection5] INFO  impl.RaftServerImpl (ServerState.java:setLeader(253)) - ad70433b-1210-4bb9-81f9-b06ec219c166@group-2DBC794D4140: change Leader from null to ad70433b-1210-4bb9-81f9-b06ec219c166 at term 1 for becomeLeader, leader elected after 5207ms
2019-09-06 22:20:35,469 [Thread-255] INFO  impl.RoleInfo (RoleInfo.java:updateAndGet(143)) - 2cb2dc0f-84fd-4521-9ecc-d803f12e81ea: start LeaderElection
2019-09-06 22:20:35,471 [ad70433b-1210-4bb9-81f9-b06ec219c166@group-2DBC794D4140:LeaderElection5] INFO  server.RaftServerConfigKeys (ConfUtils.java:logGet(43)) - raft.server.staging.catchup.gap = 1000 (default)
2019-09-06 22:20:35,472 [ad70433b-1210-4bb9-81f9-b06ec219c166@group-2DBC794D4140:LeaderElection5] INFO  server.RaftServerConfigKeys (ConfUtils.java:logGet(43)) - raft.server.rpc.sleep.time = 25ms (default)
2019-09-06 22:20:35,476 [ad70433b-1210-4bb9-81f9-b06ec219c166@group-2DBC794D4140:LeaderElection5] INFO  server.RaftServerConfigKeys (ConfUtils.java:logGet(43)) - raft.server.write.element-limit = 4096 (default)
2019-09-06 22:20:35,476 [ad70433b-1210-4bb9-81f9-b06ec219c166@group-2DBC794D4140:LeaderElection5] INFO  server.RaftServerConfigKeys (ConfUtils.java:logGet(43)) - raft.server.watch.timeout = 10s (default)
2019-09-06 22:20:35,476 [ad70433b-1210-4bb9-81f9-b06ec219c166@group-2DBC794D4140:LeaderElection5] INFO  server.RaftServerConfigKeys (ConfUtils.java:logGet(43)) - raft.server.watch.timeout.denomination = 1s (default)
2019-09-06 22:20:35,476 [ad70433b-1210-4bb9-81f9-b06ec219c166@group-2DBC794D4140:LeaderElection5] INFO  server.RaftServerConfigKeys (ConfUtils.java:logGet(43)) - raft.server.watch.element-limit = 65536 (default)
2019-09-06 22:20:35,480 [ad70433b-1210-4bb9-81f9-b06ec219c166@group-2DBC794D4140:LeaderElection5] INFO  impl.RoleInfo (RoleInfo.java:updateAndGet(143)) - ad70433b-1210-4bb9-81f9-b06ec219c166: start LeaderState
2019-09-06 22:20:35,480 [ad70433b-1210-4bb9-81f9-b06ec219c166@group-2DBC794D4140:LeaderElection5] INFO  segmented.SegmentedRaftLogWorker (SegmentedRaftLogWorker.java:startLogSegment(380)) - ad70433b-1210-4bb9-81f9-b06ec219c166@group-2DBC794D4140-SegmentedRaftLogWorker: Starting segment from index:0
2019-09-06 22:20:35,481 [ad70433b-1210-4bb9-81f9-b06ec219c166@group-2DBC794D4140:LeaderElection5] INFO  impl.RaftServerImpl (ServerState.java:setRaftConf(354)) - ad70433b-1210-4bb9-81f9-b06ec219c166@group-2DBC794D4140: set configuration 0: [ad70433b-1210-4bb9-81f9-b06ec219c166:192.168.36.96:32887], old=null at 0
2019-09-06 22:20:35,518 [2cb2dc0f-84fd-4521-9ecc-d803f12e81ea@group-A04F5FDC1205:LeaderElection6] INFO  impl.LeaderElection (LeaderElection.java:askForVotes(182)) - 2cb2dc0f-84fd-4521-9ecc-d803f12e81ea@group-A04F5FDC1205:LeaderElection6: begin an election at term 1 for -1: [2cb2dc0f-84fd-4521-9ecc-d803f12e81ea:192.168.36.96:41878], old=null
2019-09-06 22:20:35,518 [2cb2dc0f-84fd-4521-9ecc-d803f12e81ea@group-A04F5FDC1205:LeaderElection6] INFO  impl.RoleInfo (RoleInfo.java:shutdownLeaderElection(134)) - 2cb2dc0f-84fd-4521-9ecc-d803f12e81ea: shutdown LeaderElection
2019-09-06 22:20:35,518 [2cb2dc0f-84fd-4521-9ecc-d803f12e81ea@group-A04F5FDC1205:LeaderElection6] INFO  impl.RaftServerImpl (RaftServerImpl.java:setRole(174)) - 2cb2dc0f-84fd-4521-9ecc-d803f12e81ea@group-A04F5FDC1205: changes role from CANDIDATE to LEADER at term 1 for changeToLeader
2019-09-06 22:20:35,518 [2cb2dc0f-84fd-4521-9ecc-d803f12e81ea@group-A04F5FDC1205:LeaderElection6] INFO  impl.RaftServerImpl (ServerState.java:setLeader(253)) - 2cb2dc0f-84fd-4521-9ecc-d803f12e81ea@group-A04F5FDC1205: change Leader from null to 2cb2dc0f-84fd-4521-9ecc-d803f12e81ea at term 1 for becomeLeader, leader elected after 5169ms
2019-09-06 22:20:35,520 [2cb2dc0f-84fd-4521-9ecc-d803f12e81ea@group-A04F5FDC1205:LeaderElection6] INFO  server.RaftServerConfigKeys (ConfUtils.java:logGet(43)) - raft.server.staging.catchup.gap = 1000 (default)
2019-09-06 22:20:35,521 [2cb2dc0f-84fd-4521-9ecc-d803f12e81ea@group-A04F5FDC1205:LeaderElection6] INFO  server.RaftServerConfigKeys (ConfUtils.java:logGet(43)) - raft.server.rpc.sleep.time = 25ms (default)
2019-09-06 22:20:35,521 [2cb2dc0f-84fd-4521-9ecc-d803f12e81ea@group-A04F5FDC1205:LeaderElection6] INFO  server.RaftServerConfigKeys (ConfUtils.java:logGet(43)) - raft.server.write.element-limit = 4096 (default)
2019-09-06 22:20:35,521 [2cb2dc0f-84fd-4521-9ecc-d803f12e81ea@group-A04F5FDC1205:LeaderElection6] INFO  server.RaftServerConfigKeys (ConfUtils.java:logGet(43)) - raft.server.watch.timeout = 10s (default)
2019-09-06 22:20:35,521 [2cb2dc0f-84fd-4521-9ecc-d803f12e81ea@group-A04F5FDC1205:LeaderElection6] INFO  server.RaftServerConfigKeys (ConfUtils.java:logGet(43)) - raft.server.watch.timeout.denomination = 1s (default)
2019-09-06 22:20:35,521 [2cb2dc0f-84fd-4521-9ecc-d803f12e81ea@group-A04F5FDC1205:LeaderElection6] INFO  server.RaftServerConfigKeys (ConfUtils.java:logGet(43)) - raft.server.watch.element-limit = 65536 (default)
2019-09-06 22:20:35,524 [2cb2dc0f-84fd-4521-9ecc-d803f12e81ea@group-A04F5FDC1205:LeaderElection6] INFO  impl.RoleInfo (RoleInfo.java:updateAndGet(143)) - 2cb2dc0f-84fd-4521-9ecc-d803f12e81ea: start LeaderState
2019-09-06 22:20:35,525 [2cb2dc0f-84fd-4521-9ecc-d803f12e81ea@group-A04F5FDC1205:LeaderElection6] INFO  segmented.SegmentedRaftLogWorker (SegmentedRaftLogWorker.java:startLogSegment(380)) - 2cb2dc0f-84fd-4521-9ecc-d803f12e81ea@group-A04F5FDC1205-SegmentedRaftLogWorker: Starting segment from index:0
2019-09-06 22:20:35,525 [2cb2dc0f-84fd-4521-9ecc-d803f12e81ea@group-A04F5FDC1205:LeaderElection6] INFO  impl.RaftServerImpl (ServerState.java:setRaftConf(354)) - 2cb2dc0f-84fd-4521-9ecc-d803f12e81ea@group-A04F5FDC1205: set configuration 0: [2cb2dc0f-84fd-4521-9ecc-d803f12e81ea:192.168.36.96:41878], old=null at 0
2019-09-06 22:20:35,565 [Thread-258] INFO  impl.FollowerState (FollowerState.java:run(106)) - 5072e8e2-7bfc-44bb-b681-1eb056823a99:group-3AAAE8FF5D7B changes to CANDIDATE, lastRpcTime:5124, electionTimeout:5109ms
2019-09-06 22:20:35,565 [ad70433b-1210-4bb9-81f9-b06ec219c166@group-2DBC794D4140-SegmentedRaftLogWorker] INFO  segmented.SegmentedRaftLogWorker (SegmentedRaftLogWorker.java:execute(569)) - ad70433b-1210-4bb9-81f9-b06ec219c166@group-2DBC794D4140-SegmentedRaftLogWorker: created new log segment /workdir/hadoop-ozone/integration-test/target/test-dir/MiniOzoneClusterImpl-b49f5193-ee3f-4e8d-9086-94cc8b6e630b/datanode-1/data/ratis/403b3e0f-51cd-4a0a-965c-2dbc794d4140/current/log_inprogress_0
2019-09-06 22:20:35,565 [Thread-258] INFO  impl.RoleInfo (RoleInfo.java:shutdownFollowerState(121)) - 5072e8e2-7bfc-44bb-b681-1eb056823a99: shutdown FollowerState
2019-09-06 22:20:35,565 [Thread-258] INFO  impl.RaftServerImpl (RaftServerImpl.java:setRole(174)) - 5072e8e2-7bfc-44bb-b681-1eb056823a99@group-3AAAE8FF5D7B: changes role from  FOLLOWER to CANDIDATE at term 0 for changeToCandidate
2019-09-06 22:20:35,566 [Thread-258] INFO  impl.RoleInfo (RoleInfo.java:updateAndGet(143)) - 5072e8e2-7bfc-44bb-b681-1eb056823a99: start LeaderElection
2019-09-06 22:20:35,577 [2cb2dc0f-84fd-4521-9ecc-d803f12e81ea@group-A04F5FDC1205-SegmentedRaftLogWorker] INFO  segmented.SegmentedRaftLogWorker (SegmentedRaftLogWorker.java:execute(569)) - 2cb2dc0f-84fd-4521-9ecc-d803f12e81ea@group-A04F5FDC1205-SegmentedRaftLogWorker: created new log segment /workdir/hadoop-ozone/integration-test/target/test-dir/MiniOzoneClusterImpl-b49f5193-ee3f-4e8d-9086-94cc8b6e630b/datanode-4/data/ratis/2d7015e8-2ff5-47b5-a482-a04f5fdc1205/current/log_inprogress_0
2019-09-06 22:20:35,577 [5072e8e2-7bfc-44bb-b681-1eb056823a99@group-3AAAE8FF5D7B:LeaderElection7] INFO  impl.LeaderElection (LeaderElection.java:askForVotes(182)) - 5072e8e2-7bfc-44bb-b681-1eb056823a99@group-3AAAE8FF5D7B:LeaderElection7: begin an election at term 1 for -1: [5072e8e2-7bfc-44bb-b681-1eb056823a99:192.168.36.96:41305], old=null
2019-09-06 22:20:35,578 [5072e8e2-7bfc-44bb-b681-1eb056823a99@group-3AAAE8FF5D7B:LeaderElection7] INFO  impl.RoleInfo (RoleInfo.java:shutdownLeaderElection(134)) - 5072e8e2-7bfc-44bb-b681-1eb056823a99: shutdown LeaderElection
2019-09-06 22:20:35,578 [5072e8e2-7bfc-44bb-b681-1eb056823a99@group-3AAAE8FF5D7B:LeaderElection7] INFO  impl.RaftServerImpl (RaftServerImpl.java:setRole(174)) - 5072e8e2-7bfc-44bb-b681-1eb056823a99@group-3AAAE8FF5D7B: changes role from CANDIDATE to LEADER at term 1 for changeToLeader
2019-09-06 22:20:35,578 [5072e8e2-7bfc-44bb-b681-1eb056823a99@group-3AAAE8FF5D7B:LeaderElection7] INFO  impl.RaftServerImpl (ServerState.java:setLeader(253)) - 5072e8e2-7bfc-44bb-b681-1eb056823a99@group-3AAAE8FF5D7B: change Leader from null to 5072e8e2-7bfc-44bb-b681-1eb056823a99 at term 1 for becomeLeader, leader elected after 5147ms
2019-09-06 22:20:35,580 [5072e8e2-7bfc-44bb-b681-1eb056823a99@group-3AAAE8FF5D7B:LeaderElection7] INFO  server.RaftServerConfigKeys (ConfUtils.java:logGet(43)) - raft.server.staging.catchup.gap = 1000 (default)
2019-09-06 22:20:35,580 [5072e8e2-7bfc-44bb-b681-1eb056823a99@group-3AAAE8FF5D7B:LeaderElection7] INFO  server.RaftServerConfigKeys (ConfUtils.java:logGet(43)) - raft.server.rpc.sleep.time = 25ms (default)
2019-09-06 22:20:35,581 [5072e8e2-7bfc-44bb-b681-1eb056823a99@group-3AAAE8FF5D7B:LeaderElection7] INFO  server.RaftServerConfigKeys (ConfUtils.java:logGet(43)) - raft.server.write.element-limit = 4096 (default)
2019-09-06 22:20:35,581 [5072e8e2-7bfc-44bb-b681-1eb056823a99@group-3AAAE8FF5D7B:LeaderElection7] INFO  server.RaftServerConfigKeys (ConfUtils.java:logGet(43)) - raft.server.watch.timeout = 10s (default)
2019-09-06 22:20:35,581 [5072e8e2-7bfc-44bb-b681-1eb056823a99@group-3AAAE8FF5D7B:LeaderElection7] INFO  server.RaftServerConfigKeys (ConfUtils.java:logGet(43)) - raft.server.watch.timeout.denomination = 1s (default)
2019-09-06 22:20:35,581 [5072e8e2-7bfc-44bb-b681-1eb056823a99@group-3AAAE8FF5D7B:LeaderElection7] INFO  server.RaftServerConfigKeys (ConfUtils.java:logGet(43)) - raft.server.watch.element-limit = 65536 (default)
2019-09-06 22:20:35,585 [5072e8e2-7bfc-44bb-b681-1eb056823a99@group-3AAAE8FF5D7B:LeaderElection7] INFO  impl.RoleInfo (RoleInfo.java:updateAndGet(143)) - 5072e8e2-7bfc-44bb-b681-1eb056823a99: start LeaderState
2019-09-06 22:20:35,586 [5072e8e2-7bfc-44bb-b681-1eb056823a99@group-3AAAE8FF5D7B:LeaderElection7] INFO  segmented.SegmentedRaftLogWorker (SegmentedRaftLogWorker.java:startLogSegment(380)) - 5072e8e2-7bfc-44bb-b681-1eb056823a99@group-3AAAE8FF5D7B-SegmentedRaftLogWorker: Starting segment from index:0
2019-09-06 22:20:35,586 [5072e8e2-7bfc-44bb-b681-1eb056823a99@group-3AAAE8FF5D7B:LeaderElection7] INFO  impl.RaftServerImpl (ServerState.java:setRaftConf(354)) - 5072e8e2-7bfc-44bb-b681-1eb056823a99@group-3AAAE8FF5D7B: set configuration 0: [5072e8e2-7bfc-44bb-b681-1eb056823a99:192.168.36.96:41305], old=null at 0
2019-09-06 22:20:35,623 [Thread-263] INFO  impl.FollowerState (FollowerState.java:run(106)) - bc6fdb93-666a-4701-ac8e-a64642c98c17:group-59362D9BDB11 changes to CANDIDATE, lastRpcTime:5060, electionTimeout:5058ms
2019-09-06 22:20:35,624 [Thread-263] INFO  impl.RoleInfo (RoleInfo.java:shutdownFollowerState(121)) - bc6fdb93-666a-4701-ac8e-a64642c98c17: shutdown FollowerState
2019-09-06 22:20:35,624 [Thread-263] INFO  impl.RaftServerImpl (RaftServerImpl.java:setRole(174)) - bc6fdb93-666a-4701-ac8e-a64642c98c17@group-59362D9BDB11: changes role from  FOLLOWER to CANDIDATE at term 0 for changeToCandidate
2019-09-06 22:20:35,625 [Thread-263] INFO  impl.RoleInfo (RoleInfo.java:updateAndGet(143)) - bc6fdb93-666a-4701-ac8e-a64642c98c17: start LeaderElection
2019-09-06 22:20:35,648 [5072e8e2-7bfc-44bb-b681-1eb056823a99@group-3AAAE8FF5D7B-SegmentedRaftLogWorker] INFO  segmented.SegmentedRaftLogWorker (SegmentedRaftLogWorker.java:execute(569)) - 5072e8e2-7bfc-44bb-b681-1eb056823a99@group-3AAAE8FF5D7B-SegmentedRaftLogWorker: created new log segment /workdir/hadoop-ozone/integration-test/target/test-dir/MiniOzoneClusterImpl-b49f5193-ee3f-4e8d-9086-94cc8b6e630b/datanode-3/data/ratis/ce4cd999-01e9-4b48-9625-3aaae8ff5d7b/current/log_inprogress_0
2019-09-06 22:20:35,648 [bc6fdb93-666a-4701-ac8e-a64642c98c17@group-59362D9BDB11:LeaderElection8] INFO  impl.LeaderElection (LeaderElection.java:askForVotes(182)) - bc6fdb93-666a-4701-ac8e-a64642c98c17@group-59362D9BDB11:LeaderElection8: begin an election at term 1 for -1: [df3d14c4-da09-4933-9de6-7132a09f046b:192.168.36.96:46580, 42d29a8d-ec6e-4d7b-90f4-90463a45c878:192.168.36.96:45962, bc6fdb93-666a-4701-ac8e-a64642c98c17:192.168.36.96:46741], old=null
2019-09-06 22:20:35,682 [grpc-default-executor-1] INFO  impl.RaftServerImpl (RaftServerImpl.java:setRole(174)) - 42d29a8d-ec6e-4d7b-90f4-90463a45c878@group-59362D9BDB11: changes role from  FOLLOWER to FOLLOWER at term 1 for recognizeCandidate:bc6fdb93-666a-4701-ac8e-a64642c98c17
2019-09-06 22:20:35,682 [grpc-default-executor-0] INFO  impl.RaftServerImpl (RaftServerImpl.java:setRole(174)) - df3d14c4-da09-4933-9de6-7132a09f046b@group-59362D9BDB11: changes role from  FOLLOWER to FOLLOWER at term 1 for recognizeCandidate:bc6fdb93-666a-4701-ac8e-a64642c98c17
2019-09-06 22:20:35,682 [grpc-default-executor-1] INFO  impl.RoleInfo (RoleInfo.java:shutdownFollowerState(121)) - 42d29a8d-ec6e-4d7b-90f4-90463a45c878: shutdown FollowerState
2019-09-06 22:20:35,683 [grpc-default-executor-0] INFO  impl.RoleInfo (RoleInfo.java:shutdownFollowerState(121)) - df3d14c4-da09-4933-9de6-7132a09f046b: shutdown FollowerState
2019-09-06 22:20:35,683 [grpc-default-executor-1] INFO  impl.RoleInfo (RoleInfo.java:updateAndGet(143)) - 42d29a8d-ec6e-4d7b-90f4-90463a45c878: start FollowerState
2019-09-06 22:20:35,683 [grpc-default-executor-0] INFO  impl.RoleInfo (RoleInfo.java:updateAndGet(143)) - df3d14c4-da09-4933-9de6-7132a09f046b: start FollowerState
2019-09-06 22:20:35,683 [Thread-265] INFO  impl.FollowerState (FollowerState.java:run(115)) - 42d29a8d-ec6e-4d7b-90f4-90463a45c878: FollowerState was interrupted: java.lang.InterruptedException: sleep interrupted
2019-09-06 22:20:35,685 [Thread-266] INFO  impl.FollowerState (FollowerState.java:run(115)) - df3d14c4-da09-4933-9de6-7132a09f046b: FollowerState was interrupted: java.lang.InterruptedException: sleep interrupted
2019-09-06 22:20:35,716 [bc6fdb93-666a-4701-ac8e-a64642c98c17@group-59362D9BDB11:LeaderElection8] INFO  impl.LeaderElection (LeaderElection.java:logAndReturn(56)) - bc6fdb93-666a-4701-ac8e-a64642c98c17@group-59362D9BDB11:LeaderElection8: Election PASSED; received 1 response(s) [bc6fdb93-666a-4701-ac8e-a64642c98c17<-42d29a8d-ec6e-4d7b-90f4-90463a45c878#0:OK-t1] and 0 exception(s); bc6fdb93-666a-4701-ac8e-a64642c98c17@group-59362D9BDB11:t1, leader=null, voted=bc6fdb93-666a-4701-ac8e-a64642c98c17, raftlog=bc6fdb93-666a-4701-ac8e-a64642c98c17@group-59362D9BDB11-SegmentedRaftLog:OPENED:c-1,f-1,i0, conf=-1: [df3d14c4-da09-4933-9de6-7132a09f046b:192.168.36.96:46580, 42d29a8d-ec6e-4d7b-90f4-90463a45c878:192.168.36.96:45962, bc6fdb93-666a-4701-ac8e-a64642c98c17:192.168.36.96:46741], old=null
2019-09-06 22:20:35,716 [bc6fdb93-666a-4701-ac8e-a64642c98c17@group-59362D9BDB11:LeaderElection8] INFO  impl.RoleInfo (RoleInfo.java:shutdownLeaderElection(134)) - bc6fdb93-666a-4701-ac8e-a64642c98c17: shutdown LeaderElection
2019-09-06 22:20:35,719 [bc6fdb93-666a-4701-ac8e-a64642c98c17@group-59362D9BDB11:LeaderElection8] INFO  impl.RaftServerImpl (RaftServerImpl.java:setRole(174)) - bc6fdb93-666a-4701-ac8e-a64642c98c17@group-59362D9BDB11: changes role from CANDIDATE to LEADER at term 1 for changeToLeader
2019-09-06 22:20:35,720 [bc6fdb93-666a-4701-ac8e-a64642c98c17@group-59362D9BDB11:LeaderElection8] INFO  impl.RaftServerImpl (ServerState.java:setLeader(253)) - bc6fdb93-666a-4701-ac8e-a64642c98c17@group-59362D9BDB11: change Leader from null to bc6fdb93-666a-4701-ac8e-a64642c98c17 at term 1 for becomeLeader, leader elected after 5167ms
2019-09-06 22:20:35,720 [bc6fdb93-666a-4701-ac8e-a64642c98c17@group-59362D9BDB11:LeaderElection8] INFO  server.RaftServerConfigKeys (ConfUtils.java:logGet(43)) - raft.server.staging.catchup.gap = 1000 (default)
2019-09-06 22:20:35,720 [bc6fdb93-666a-4701-ac8e-a64642c98c17@group-59362D9BDB11:LeaderElection8] INFO  server.RaftServerConfigKeys (ConfUtils.java:logGet(43)) - raft.server.rpc.sleep.time = 25ms (default)
2019-09-06 22:20:35,720 [bc6fdb93-666a-4701-ac8e-a64642c98c17@group-59362D9BDB11:LeaderElection8] INFO  server.RaftServerConfigKeys (ConfUtils.java:logGet(43)) - raft.server.write.element-limit = 4096 (default)
2019-09-06 22:20:35,721 [bc6fdb93-666a-4701-ac8e-a64642c98c17@group-59362D9BDB11:LeaderElection8] INFO  server.RaftServerConfigKeys (ConfUtils.java:logGet(43)) - raft.server.watch.timeout = 10s (default)
2019-09-06 22:20:35,721 [bc6fdb93-666a-4701-ac8e-a64642c98c17@group-59362D9BDB11:LeaderElection8] INFO  server.RaftServerConfigKeys (ConfUtils.java:logGet(43)) - raft.server.watch.timeout.denomination = 1s (default)
2019-09-06 22:20:35,721 [bc6fdb93-666a-4701-ac8e-a64642c98c17@group-59362D9BDB11:LeaderElection8] INFO  server.RaftServerConfigKeys (ConfUtils.java:logGet(43)) - raft.server.watch.element-limit = 65536 (default)
2019-09-06 22:20:35,723 [Thread-275] INFO  impl.FollowerState (FollowerState.java:run(106)) - 2cb2dc0f-84fd-4521-9ecc-d803f12e81ea:group-24BA1F3C5290 changes to CANDIDATE, lastRpcTime:5033, electionTimeout:5032ms
2019-09-06 22:20:35,724 [Thread-275] INFO  impl.RoleInfo (RoleInfo.java:shutdownFollowerState(121)) - 2cb2dc0f-84fd-4521-9ecc-d803f12e81ea: shutdown FollowerState
2019-09-06 22:20:35,725 [Thread-275] INFO  impl.RaftServerImpl (RaftServerImpl.java:setRole(174)) - 2cb2dc0f-84fd-4521-9ecc-d803f12e81ea@group-24BA1F3C5290: changes role from  FOLLOWER to CANDIDATE at term 0 for changeToCandidate
2019-09-06 22:20:35,725 [Thread-275] INFO  impl.RoleInfo (RoleInfo.java:updateAndGet(143)) - 2cb2dc0f-84fd-4521-9ecc-d803f12e81ea: start LeaderElection
2019-09-06 22:20:35,735 [bc6fdb93-666a-4701-ac8e-a64642c98c17@group-59362D9BDB11:LeaderElection8] INFO  server.RaftServerConfigKeys (ConfUtils.java:logGet(43)) - raft.server.log.appender.snapshot.chunk.size.max = 16MB (=16777216) (default)
2019-09-06 22:20:35,735 [bc6fdb93-666a-4701-ac8e-a64642c98c17@group-59362D9BDB11:LeaderElection8] INFO  server.RaftServerConfigKeys (ConfUtils.java:logGet(43)) - raft.server.log.appender.buffer.byte-limit = 33554432 (custom)
2019-09-06 22:20:35,736 [bc6fdb93-666a-4701-ac8e-a64642c98c17@group-59362D9BDB11:LeaderElection8] INFO  server.RaftServerConfigKeys (ConfUtils.java:logGet(43)) - raft.server.log.appender.buffer.element-limit = 1 (custom)
2019-09-06 22:20:35,742 [bc6fdb93-666a-4701-ac8e-a64642c98c17@group-59362D9BDB11:LeaderElection8] INFO  grpc.GrpcConfigKeys$Server (ConfUtils.java:logGet(43)) - raft.grpc.server.leader.outstanding.appends.max = 128 (default)
2019-09-06 22:20:35,742 [bc6fdb93-666a-4701-ac8e-a64642c98c17@group-59362D9BDB11:LeaderElection8] INFO  server.RaftServerConfigKeys (ConfUtils.java:logGet(43)) - raft.server.rpc.request.timeout = 3000ms (default)
2019-09-06 22:20:35,742 [bc6fdb93-666a-4701-ac8e-a64642c98c17@group-59362D9BDB11:LeaderElection8] INFO  server.RaftServerConfigKeys (ConfUtils.java:logGet(43)) - raft.server.log.appender.install.snapshot.enabled = false (custom)
2019-09-06 22:20:35,744 [bc6fdb93-666a-4701-ac8e-a64642c98c17@group-59362D9BDB11:LeaderElection8] INFO  server.RaftServerConfigKeys (ConfUtils.java:logGet(43)) - raft.server.log.appender.snapshot.chunk.size.max = 16MB (=16777216) (default)
2019-09-06 22:20:35,744 [bc6fdb93-666a-4701-ac8e-a64642c98c17@group-59362D9BDB11:LeaderElection8] INFO  server.RaftServerConfigKeys (ConfUtils.java:logGet(43)) - raft.server.log.appender.buffer.byte-limit = 33554432 (custom)
2019-09-06 22:20:35,745 [bc6fdb93-666a-4701-ac8e-a64642c98c17@group-59362D9BDB11:LeaderElection8] INFO  server.RaftServerConfigKeys (ConfUtils.java:logGet(43)) - raft.server.log.appender.buffer.element-limit = 1 (custom)
2019-09-06 22:20:35,745 [bc6fdb93-666a-4701-ac8e-a64642c98c17@group-59362D9BDB11:LeaderElection8] INFO  grpc.GrpcConfigKeys$Server (ConfUtils.java:logGet(43)) - raft.grpc.server.leader.outstanding.appends.max = 128 (default)
2019-09-06 22:20:35,745 [bc6fdb93-666a-4701-ac8e-a64642c98c17@group-59362D9BDB11:LeaderElection8] INFO  server.RaftServerConfigKeys (ConfUtils.java:logGet(43)) - raft.server.rpc.request.timeout = 3000ms (default)
2019-09-06 22:20:35,745 [2cb2dc0f-84fd-4521-9ecc-d803f12e81ea@group-24BA1F3C5290:LeaderElection9] INFO  impl.LeaderElection (LeaderElection.java:askForVotes(182)) - 2cb2dc0f-84fd-4521-9ecc-d803f12e81ea@group-24BA1F3C5290:LeaderElection9: begin an election at term 1 for -1: [f13d7bf8-acc3-4dce-9eab-24b819c340c4:192.168.36.96:35732, 2cb2dc0f-84fd-4521-9ecc-d803f12e81ea:192.168.36.96:41878, ad70433b-1210-4bb9-81f9-b06ec219c166:192.168.36.96:32887], old=null
2019-09-06 22:20:35,745 [bc6fdb93-666a-4701-ac8e-a64642c98c17@group-59362D9BDB11:LeaderElection8] INFO  server.RaftServerConfigKeys (ConfUtils.java:logGet(43)) - raft.server.log.appender.install.snapshot.enabled = false (custom)
2019-09-06 22:20:35,757 [Thread-273] INFO  impl.FollowerState (FollowerState.java:run(106)) - f13d7bf8-acc3-4dce-9eab-24b819c340c4:group-24BA1F3C5290 changes to CANDIDATE, lastRpcTime:5074, electionTimeout:5073ms
2019-09-06 22:20:35,758 [Thread-273] INFO  impl.RoleInfo (RoleInfo.java:shutdownFollowerState(121)) - f13d7bf8-acc3-4dce-9eab-24b819c340c4: shutdown FollowerState
2019-09-06 22:20:35,758 [Thread-273] INFO  impl.RaftServerImpl (RaftServerImpl.java:setRole(174)) - f13d7bf8-acc3-4dce-9eab-24b819c340c4@group-24BA1F3C5290: changes role from  FOLLOWER to CANDIDATE at term 0 for changeToCandidate
2019-09-06 22:20:35,758 [Thread-273] INFO  impl.RoleInfo (RoleInfo.java:updateAndGet(143)) - f13d7bf8-acc3-4dce-9eab-24b819c340c4: start LeaderElection
2019-09-06 22:20:35,758 [bc6fdb93-666a-4701-ac8e-a64642c98c17@group-59362D9BDB11:LeaderElection8] INFO  impl.RoleInfo (RoleInfo.java:updateAndGet(143)) - bc6fdb93-666a-4701-ac8e-a64642c98c17: start LeaderState
2019-09-06 22:20:35,762 [bc6fdb93-666a-4701-ac8e-a64642c98c17@group-59362D9BDB11:LeaderElection8] INFO  segmented.SegmentedRaftLogWorker (SegmentedRaftLogWorker.java:startLogSegment(380)) - bc6fdb93-666a-4701-ac8e-a64642c98c17@group-59362D9BDB11-SegmentedRaftLogWorker: Starting segment from index:0
2019-09-06 22:20:35,764 [bc6fdb93-666a-4701-ac8e-a64642c98c17@group-59362D9BDB11:LeaderElection8] INFO  impl.RaftServerImpl (ServerState.java:setRaftConf(354)) - bc6fdb93-666a-4701-ac8e-a64642c98c17@group-59362D9BDB11: set configuration 0: [df3d14c4-da09-4933-9de6-7132a09f046b:192.168.36.96:46580, 42d29a8d-ec6e-4d7b-90f4-90463a45c878:192.168.36.96:45962, bc6fdb93-666a-4701-ac8e-a64642c98c17:192.168.36.96:46741], old=null at 0
2019-09-06 22:20:35,790 [Thread-276] INFO  impl.FollowerState (FollowerState.java:run(106)) - ad70433b-1210-4bb9-81f9-b06ec219c166:group-24BA1F3C5290 changes to CANDIDATE, lastRpcTime:5097, electionTimeout:5089ms
2019-09-06 22:20:35,790 [f13d7bf8-acc3-4dce-9eab-24b819c340c4@group-24BA1F3C5290:LeaderElection10] INFO  impl.LeaderElection (LeaderElection.java:askForVotes(182)) - f13d7bf8-acc3-4dce-9eab-24b819c340c4@group-24BA1F3C5290:LeaderElection10: begin an election at term 1 for -1: [f13d7bf8-acc3-4dce-9eab-24b819c340c4:192.168.36.96:35732, 2cb2dc0f-84fd-4521-9ecc-d803f12e81ea:192.168.36.96:41878, ad70433b-1210-4bb9-81f9-b06ec219c166:192.168.36.96:32887], old=null
2019-09-06 22:20:35,791 [Thread-276] INFO  impl.RoleInfo (RoleInfo.java:shutdownFollowerState(121)) - ad70433b-1210-4bb9-81f9-b06ec219c166: shutdown FollowerState
2019-09-06 22:20:35,791 [Thread-276] INFO  impl.RaftServerImpl (RaftServerImpl.java:setRole(174)) - ad70433b-1210-4bb9-81f9-b06ec219c166@group-24BA1F3C5290: changes role from  FOLLOWER to CANDIDATE at term 0 for changeToCandidate
2019-09-06 22:20:35,791 [Thread-276] INFO  impl.RoleInfo (RoleInfo.java:updateAndGet(143)) - ad70433b-1210-4bb9-81f9-b06ec219c166: start LeaderElection
2019-09-06 22:20:35,804 [bc6fdb93-666a-4701-ac8e-a64642c98c17@group-59362D9BDB11-SegmentedRaftLogWorker] INFO  segmented.SegmentedRaftLogWorker (SegmentedRaftLogWorker.java:execute(569)) - bc6fdb93-666a-4701-ac8e-a64642c98c17@group-59362D9BDB11-SegmentedRaftLogWorker: created new log segment /workdir/hadoop-ozone/integration-test/target/test-dir/MiniOzoneClusterImpl-b49f5193-ee3f-4e8d-9086-94cc8b6e630b/datanode-2/data/ratis/b042aa4d-092c-4cf3-92a3-59362d9bdb11/current/log_inprogress_0
2019-09-06 22:20:35,822 [ad70433b-1210-4bb9-81f9-b06ec219c166@group-24BA1F3C5290:LeaderElection11] INFO  impl.LeaderElection (LeaderElection.java:askForVotes(182)) - ad70433b-1210-4bb9-81f9-b06ec219c166@group-24BA1F3C5290:LeaderElection11: begin an election at term 1 for -1: [f13d7bf8-acc3-4dce-9eab-24b819c340c4:192.168.36.96:35732, 2cb2dc0f-84fd-4521-9ecc-d803f12e81ea:192.168.36.96:41878, ad70433b-1210-4bb9-81f9-b06ec219c166:192.168.36.96:32887], old=null
2019-09-06 22:20:35,846 [2cb2dc0f-84fd-4521-9ecc-d803f12e81ea@group-24BA1F3C5290:LeaderElection9] INFO  impl.LeaderElection (LeaderElection.java:logAndReturn(56)) - 2cb2dc0f-84fd-4521-9ecc-d803f12e81ea@group-24BA1F3C5290:LeaderElection9: Election REJECTED; received 2 response(s) [2cb2dc0f-84fd-4521-9ecc-d803f12e81ea<-f13d7bf8-acc3-4dce-9eab-24b819c340c4#0:FAIL-t1, 2cb2dc0f-84fd-4521-9ecc-d803f12e81ea<-ad70433b-1210-4bb9-81f9-b06ec219c166#0:FAIL-t1] and 0 exception(s); 2cb2dc0f-84fd-4521-9ecc-d803f12e81ea@group-24BA1F3C5290:t1, leader=null, voted=2cb2dc0f-84fd-4521-9ecc-d803f12e81ea, raftlog=2cb2dc0f-84fd-4521-9ecc-d803f12e81ea@group-24BA1F3C5290-SegmentedRaftLog:OPENED:c-1,f-1,i0, conf=-1: [f13d7bf8-acc3-4dce-9eab-24b819c340c4:192.168.36.96:35732, 2cb2dc0f-84fd-4521-9ecc-d803f12e81ea:192.168.36.96:41878, ad70433b-1210-4bb9-81f9-b06ec219c166:192.168.36.96:32887], old=null
2019-09-06 22:20:35,847 [2cb2dc0f-84fd-4521-9ecc-d803f12e81ea@group-24BA1F3C5290:LeaderElection9] INFO  impl.RaftServerImpl (RaftServerImpl.java:setRole(174)) - 2cb2dc0f-84fd-4521-9ecc-d803f12e81ea@group-24BA1F3C5290: changes role from CANDIDATE to FOLLOWER at term 1 for DISCOVERED_A_NEW_TERM
2019-09-06 22:20:35,850 [2cb2dc0f-84fd-4521-9ecc-d803f12e81ea@group-24BA1F3C5290:LeaderElection9] INFO  impl.RoleInfo (RoleInfo.java:shutdownLeaderElection(134)) - 2cb2dc0f-84fd-4521-9ecc-d803f12e81ea: shutdown LeaderElection
2019-09-06 22:20:35,851 [2cb2dc0f-84fd-4521-9ecc-d803f12e81ea@group-24BA1F3C5290:LeaderElection9] INFO  impl.RoleInfo (RoleInfo.java:updateAndGet(143)) - 2cb2dc0f-84fd-4521-9ecc-d803f12e81ea: start FollowerState
2019-09-06 22:20:35,857 [f13d7bf8-acc3-4dce-9eab-24b819c340c4@group-24BA1F3C5290:LeaderElection10] INFO  impl.LeaderElection (LeaderElection.java:logAndReturn(56)) - f13d7bf8-acc3-4dce-9eab-24b819c340c4@group-24BA1F3C5290:LeaderElection10: Election REJECTED; received 2 response(s) [f13d7bf8-acc3-4dce-9eab-24b819c340c4<-2cb2dc0f-84fd-4521-9ecc-d803f12e81ea#0:FAIL-t1, f13d7bf8-acc3-4dce-9eab-24b819c340c4<-ad70433b-1210-4bb9-81f9-b06ec219c166#0:FAIL-t1] and 0 exception(s); f13d7bf8-acc3-4dce-9eab-24b819c340c4@group-24BA1F3C5290:t1, leader=null, voted=f13d7bf8-acc3-4dce-9eab-24b819c340c4, raftlog=f13d7bf8-acc3-4dce-9eab-24b819c340c4@group-24BA1F3C5290-SegmentedRaftLog:OPENED:c-1,f-1,i0, conf=-1: [f13d7bf8-acc3-4dce-9eab-24b819c340c4:192.168.36.96:35732, 2cb2dc0f-84fd-4521-9ecc-d803f12e81ea:192.168.36.96:41878, ad70433b-1210-4bb9-81f9-b06ec219c166:192.168.36.96:32887], old=null
2019-09-06 22:20:35,859 [f13d7bf8-acc3-4dce-9eab-24b819c340c4@group-24BA1F3C5290:LeaderElection10] INFO  impl.RaftServerImpl (RaftServerImpl.java:setRole(174)) - f13d7bf8-acc3-4dce-9eab-24b819c340c4@group-24BA1F3C5290: changes role from CANDIDATE to FOLLOWER at term 1 for DISCOVERED_A_NEW_TERM
2019-09-06 22:20:35,859 [f13d7bf8-acc3-4dce-9eab-24b819c340c4@group-24BA1F3C5290:LeaderElection10] INFO  impl.RoleInfo (RoleInfo.java:shutdownLeaderElection(134)) - f13d7bf8-acc3-4dce-9eab-24b819c340c4: shutdown LeaderElection
2019-09-06 22:20:35,863 [f13d7bf8-acc3-4dce-9eab-24b819c340c4@group-24BA1F3C5290:LeaderElection10] INFO  impl.RoleInfo (RoleInfo.java:updateAndGet(143)) - f13d7bf8-acc3-4dce-9eab-24b819c340c4: start FollowerState
2019-09-06 22:20:35,877 [ad70433b-1210-4bb9-81f9-b06ec219c166@group-24BA1F3C5290:LeaderElection11] INFO  impl.LeaderElection (LeaderElection.java:logAndReturn(56)) - ad70433b-1210-4bb9-81f9-b06ec219c166@group-24BA1F3C5290:LeaderElection11: Election REJECTED; received 2 response(s) [ad70433b-1210-4bb9-81f9-b06ec219c166<-f13d7bf8-acc3-4dce-9eab-24b819c340c4#0:FAIL-t1, ad70433b-1210-4bb9-81f9-b06ec219c166<-2cb2dc0f-84fd-4521-9ecc-d803f12e81ea#0:FAIL-t1] and 0 exception(s); ad70433b-1210-4bb9-81f9-b06ec219c166@group-24BA1F3C5290:t1, leader=null, voted=ad70433b-1210-4bb9-81f9-b06ec219c166, raftlog=ad70433b-1210-4bb9-81f9-b06ec219c166@group-24BA1F3C5290-SegmentedRaftLog:OPENED:c-1,f-1,i0, conf=-1: [f13d7bf8-acc3-4dce-9eab-24b819c340c4:192.168.36.96:35732, 2cb2dc0f-84fd-4521-9ecc-d803f12e81ea:192.168.36.96:41878, ad70433b-1210-4bb9-81f9-b06ec219c166:192.168.36.96:32887], old=null
2019-09-06 22:20:35,878 [ad70433b-1210-4bb9-81f9-b06ec219c166@group-24BA1F3C5290:LeaderElection11] INFO  impl.RaftServerImpl (RaftServerImpl.java:setRole(174)) - ad70433b-1210-4bb9-81f9-b06ec219c166@group-24BA1F3C5290: changes role from CANDIDATE to FOLLOWER at term 1 for DISCOVERED_A_NEW_TERM
2019-09-06 22:20:35,879 [ad70433b-1210-4bb9-81f9-b06ec219c166@group-24BA1F3C5290:LeaderElection11] INFO  impl.RoleInfo (RoleInfo.java:shutdownLeaderElection(134)) - ad70433b-1210-4bb9-81f9-b06ec219c166: shutdown LeaderElection
2019-09-06 22:20:35,880 [ad70433b-1210-4bb9-81f9-b06ec219c166@group-24BA1F3C5290:LeaderElection11] INFO  impl.RoleInfo (RoleInfo.java:updateAndGet(143)) - ad70433b-1210-4bb9-81f9-b06ec219c166: start FollowerState
2019-09-06 22:20:35,885 [grpc-default-executor-0] INFO  impl.RaftServerImpl (ServerState.java:setLeader(253)) - df3d14c4-da09-4933-9de6-7132a09f046b@group-59362D9BDB11: change Leader from null to bc6fdb93-666a-4701-ac8e-a64642c98c17 at term 1 for appendEntries, leader elected after 5332ms
2019-09-06 22:20:35,887 [grpc-default-executor-2] INFO  impl.RaftServerImpl (ServerState.java:setLeader(253)) - 42d29a8d-ec6e-4d7b-90f4-90463a45c878@group-59362D9BDB11: change Leader from null to bc6fdb93-666a-4701-ac8e-a64642c98c17 at term 1 for appendEntries, leader elected after 5333ms
2019-09-06 22:20:35,917 [grpc-default-executor-0] INFO  impl.RaftServerImpl (ServerState.java:setRaftConf(354)) - 42d29a8d-ec6e-4d7b-90f4-90463a45c878@group-59362D9BDB11: set configuration 0: [df3d14c4-da09-4933-9de6-7132a09f046b:192.168.36.96:46580, 42d29a8d-ec6e-4d7b-90f4-90463a45c878:192.168.36.96:45962, bc6fdb93-666a-4701-ac8e-a64642c98c17:192.168.36.96:46741], old=null at 0
2019-09-06 22:20:35,918 [grpc-default-executor-2] INFO  impl.RaftServerImpl (ServerState.java:setRaftConf(354)) - df3d14c4-da09-4933-9de6-7132a09f046b@group-59362D9BDB11: set configuration 0: [df3d14c4-da09-4933-9de6-7132a09f046b:192.168.36.96:46580, 42d29a8d-ec6e-4d7b-90f4-90463a45c878:192.168.36.96:45962, bc6fdb93-666a-4701-ac8e-a64642c98c17:192.168.36.96:46741], old=null at 0
2019-09-06 22:20:35,918 [grpc-default-executor-0] INFO  segmented.SegmentedRaftLogWorker (SegmentedRaftLogWorker.java:startLogSegment(380)) - 42d29a8d-ec6e-4d7b-90f4-90463a45c878@group-59362D9BDB11-SegmentedRaftLogWorker: Starting segment from index:0
2019-09-06 22:20:35,918 [grpc-default-executor-2] INFO  segmented.SegmentedRaftLogWorker (SegmentedRaftLogWorker.java:startLogSegment(380)) - df3d14c4-da09-4933-9de6-7132a09f046b@group-59362D9BDB11-SegmentedRaftLogWorker: Starting segment from index:0
2019-09-06 22:20:35,966 [df3d14c4-da09-4933-9de6-7132a09f046b@group-59362D9BDB11-SegmentedRaftLogWorker] INFO  segmented.SegmentedRaftLogWorker (SegmentedRaftLogWorker.java:execute(569)) - df3d14c4-da09-4933-9de6-7132a09f046b@group-59362D9BDB11-SegmentedRaftLogWorker: created new log segment /workdir/hadoop-ozone/integration-test/target/test-dir/MiniOzoneClusterImpl-b49f5193-ee3f-4e8d-9086-94cc8b6e630b/datanode-6/data/ratis/b042aa4d-092c-4cf3-92a3-59362d9bdb11/current/log_inprogress_0
2019-09-06 22:20:35,966 [42d29a8d-ec6e-4d7b-90f4-90463a45c878@group-59362D9BDB11-SegmentedRaftLogWorker] INFO  segmented.SegmentedRaftLogWorker (SegmentedRaftLogWorker.java:execute(569)) - 42d29a8d-ec6e-4d7b-90f4-90463a45c878@group-59362D9BDB11-SegmentedRaftLogWorker: created new log segment /workdir/hadoop-ozone/integration-test/target/test-dir/MiniOzoneClusterImpl-b49f5193-ee3f-4e8d-9086-94cc8b6e630b/datanode-5/data/ratis/b042aa4d-092c-4cf3-92a3-59362d9bdb11/current/log_inprogress_0
2019-09-06 22:20:36,049 [grpc-default-executor-0] INFO  client.GrpcClientProtocolClient (GrpcClientProtocolClient.java:onNext(264)) - client-21ADCD270D8F->42d29a8d-ec6e-4d7b-90f4-90463a45c878: receive RaftClientReply:client-21ADCD270D8F->42d29a8d-ec6e-4d7b-90f4-90463a45c878@group-59362D9BDB11, cid=13, FAILED org.apache.ratis.protocol.NotLeaderException: Server 42d29a8d-ec6e-4d7b-90f4-90463a45c878@group-59362D9BDB11 is not the leader bc6fdb93-666a-4701-ac8e-a64642c98c17:192.168.36.96:46741, logIndex=0, commits[42d29a8d-ec6e-4d7b-90f4-90463a45c878:c0, df3d14c4-da09-4933-9de6-7132a09f046b:c-1, bc6fdb93-666a-4701-ac8e-a64642c98c17:c0]
2019-09-06 22:20:36,322 [grpc-default-executor-0] INFO  client.GrpcClientProtocolClient (GrpcClientProtocolClient.java:onNext(264)) - client-21ADCD270D8F->bc6fdb93-666a-4701-ac8e-a64642c98c17: receive RaftClientReply:client-21ADCD270D8F->bc6fdb93-666a-4701-ac8e-a64642c98c17@group-59362D9BDB11, cid=13, SUCCESS, logIndex=1, commits[bc6fdb93-666a-4701-ac8e-a64642c98c17:c1, df3d14c4-da09-4933-9de6-7132a09f046b:c0, 42d29a8d-ec6e-4d7b-90f4-90463a45c878:c0]
2019-09-06 22:20:36,360 [grpc-default-executor-4] INFO  client.GrpcClientProtocolClient (GrpcClientProtocolClient.java:onNext(264)) - client-21ADCD270D8F->bc6fdb93-666a-4701-ac8e-a64642c98c17: receive RaftClientReply:client-21ADCD270D8F->bc6fdb93-666a-4701-ac8e-a64642c98c17@group-59362D9BDB11, cid=14, SUCCESS, logIndex=3, commits[bc6fdb93-666a-4701-ac8e-a64642c98c17:c3, df3d14c4-da09-4933-9de6-7132a09f046b:c2, 42d29a8d-ec6e-4d7b-90f4-90463a45c878:c2]
2019-09-06 22:20:36,433 [grpc-default-executor-1] INFO  client.GrpcClientProtocolClient (GrpcClientProtocolClient.java:onNext(264)) - client-21ADCD270D8F->bc6fdb93-666a-4701-ac8e-a64642c98c17: receive RaftClientReply:client-21ADCD270D8F->bc6fdb93-666a-4701-ac8e-a64642c98c17@group-59362D9BDB11, cid=15, SUCCESS, logIndex=4, commits[bc6fdb93-666a-4701-ac8e-a64642c98c17:c12, df3d14c4-da09-4933-9de6-7132a09f046b:c7, 42d29a8d-ec6e-4d7b-90f4-90463a45c878:c7]
2019-09-06 22:20:36,438 [grpc-default-executor-1] INFO  client.GrpcClientProtocolClient (GrpcClientProtocolClient.java:onNext(264)) - client-21ADCD270D8F->bc6fdb93-666a-4701-ac8e-a64642c98c17: receive RaftClientReply:client-21ADCD270D8F->bc6fdb93-666a-4701-ac8e-a64642c98c17@group-59362D9BDB11, cid=16, SUCCESS, logIndex=5, commits[bc6fdb93-666a-4701-ac8e-a64642c98c17:c12, df3d14c4-da09-4933-9de6-7132a09f046b:c7, 42d29a8d-ec6e-4d7b-90f4-90463a45c878:c7]
2019-09-06 22:20:36,439 [grpc-default-executor-1] INFO  client.GrpcClientProtocolClient (GrpcClientProtocolClient.java:onNext(264)) - client-21ADCD270D8F->bc6fdb93-666a-4701-ac8e-a64642c98c17: receive RaftClientReply:client-21ADCD270D8F->bc6fdb93-666a-4701-ac8e-a64642c98c17@group-59362D9BDB11, cid=17, SUCCESS, logIndex=6, commits[bc6fdb93-666a-4701-ac8e-a64642c98c17:c12, df3d14c4-da09-4933-9de6-7132a09f046b:c7, 42d29a8d-ec6e-4d7b-90f4-90463a45c878:c7]
2019-09-06 22:20:36,501 [grpc-default-executor-1] INFO  client.GrpcClientProtocolClient (GrpcClientProtocolClient.java:onNext(264)) - client-21ADCD270D8F->bc6fdb93-666a-4701-ac8e-a64642c98c17: receive RaftClientReply:client-21ADCD270D8F->bc6fdb93-666a-4701-ac8e-a64642c98c17@group-59362D9BDB11, cid=18, SUCCESS, logIndex=7, commits[bc6fdb93-666a-4701-ac8e-a64642c98c17:c12, df3d14c4-da09-4933-9de6-7132a09f046b:c7, 42d29a8d-ec6e-4d7b-90f4-90463a45c878:c7]
2019-09-06 22:20:36,540 [grpc-default-executor-4] INFO  client.GrpcClientProtocolClient (GrpcClientProtocolClient.java:onNext(264)) - client-21ADCD270D8F->bc6fdb93-666a-4701-ac8e-a64642c98c17: receive RaftClientReply:client-21ADCD270D8F->bc6fdb93-666a-4701-ac8e-a64642c98c17@group-59362D9BDB11, cid=19, SUCCESS, logIndex=13, commits[bc6fdb93-666a-4701-ac8e-a64642c98c17:c14, df3d14c4-da09-4933-9de6-7132a09f046b:c12, 42d29a8d-ec6e-4d7b-90f4-90463a45c878:c12]
2019-09-06 22:20:36,541 [grpc-default-executor-4] INFO  client.GrpcClientProtocolClient (GrpcClientProtocolClient.java:onNext(264)) - client-21ADCD270D8F->bc6fdb93-666a-4701-ac8e-a64642c98c17: receive RaftClientReply:client-21ADCD270D8F->bc6fdb93-666a-4701-ac8e-a64642c98c17@group-59362D9BDB11, cid=20, SUCCESS, logIndex=14, commits[bc6fdb93-666a-4701-ac8e-a64642c98c17:c14, df3d14c4-da09-4933-9de6-7132a09f046b:c12, 42d29a8d-ec6e-4d7b-90f4-90463a45c878:c12]
2019-09-06 22:20:36,563 [grpc-default-executor-4] INFO  client.GrpcClientProtocolClient (GrpcClientProtocolClient.java:onNext(264)) - client-21ADCD270D8F->bc6fdb93-666a-4701-ac8e-a64642c98c17: receive RaftClientReply:client-21ADCD270D8F->bc6fdb93-666a-4701-ac8e-a64642c98c17@group-59362D9BDB11, cid=21, SUCCESS, logIndex=0, commits[bc6fdb93-666a-4701-ac8e-a64642c98c17:c16, df3d14c4-da09-4933-9de6-7132a09f046b:c14, 42d29a8d-ec6e-4d7b-90f4-90463a45c878:c14]
2019-09-06 22:20:37,217 [Datanode State Machine Thread - 0] INFO  statemachine.DatanodeStateMachine (DatanodeStateMachine.java:lambda$startDaemon$0(350)) - Ozone container server started.
2019-09-06 22:20:40,948 [Thread-325] INFO  impl.FollowerState (FollowerState.java:run(106)) - f13d7bf8-acc3-4dce-9eab-24b819c340c4:group-24BA1F3C5290 changes to CANDIDATE, lastRpcTime:5084, electionTimeout:5078ms
2019-09-06 22:20:40,948 [Thread-325] INFO  impl.RoleInfo (RoleInfo.java:shutdownFollowerState(121)) - f13d7bf8-acc3-4dce-9eab-24b819c340c4: shutdown FollowerState
2019-09-06 22:20:40,948 [Thread-325] INFO  impl.RaftServerImpl (RaftServerImpl.java:setRole(174)) - f13d7bf8-acc3-4dce-9eab-24b819c340c4@group-24BA1F3C5290: changes role from  FOLLOWER to CANDIDATE at term 1 for changeToCandidate
2019-09-06 22:20:40,949 [Thread-325] INFO  impl.RoleInfo (RoleInfo.java:updateAndGet(143)) - f13d7bf8-acc3-4dce-9eab-24b819c340c4: start LeaderElection
2019-09-06 22:20:40,952 [Thread-322] INFO  impl.FollowerState (FollowerState.java:run(106)) - 2cb2dc0f-84fd-4521-9ecc-d803f12e81ea:group-24BA1F3C5290 changes to CANDIDATE, lastRpcTime:5100, electionTimeout:5096ms
2019-09-06 22:20:40,952 [Thread-322] INFO  impl.RoleInfo (RoleInfo.java:shutdownFollowerState(121)) - 2cb2dc0f-84fd-4521-9ecc-d803f12e81ea: shutdown FollowerState
2019-09-06 22:20:40,952 [Thread-322] INFO  impl.RaftServerImpl (RaftServerImpl.java:setRole(174)) - 2cb2dc0f-84fd-4521-9ecc-d803f12e81ea@group-24BA1F3C5290: changes role from  FOLLOWER to CANDIDATE at term 1 for changeToCandidate
2019-09-06 22:20:40,952 [Thread-322] INFO  impl.RoleInfo (RoleInfo.java:updateAndGet(143)) - 2cb2dc0f-84fd-4521-9ecc-d803f12e81ea: start LeaderElection
2019-09-06 22:20:40,977 [f13d7bf8-acc3-4dce-9eab-24b819c340c4@group-24BA1F3C5290:LeaderElection12] INFO  impl.LeaderElection (LeaderElection.java:askForVotes(182)) - f13d7bf8-acc3-4dce-9eab-24b819c340c4@group-24BA1F3C5290:LeaderElection12: begin an election at term 2 for -1: [f13d7bf8-acc3-4dce-9eab-24b819c340c4:192.168.36.96:35732, 2cb2dc0f-84fd-4521-9ecc-d803f12e81ea:192.168.36.96:41878, ad70433b-1210-4bb9-81f9-b06ec219c166:192.168.36.96:32887], old=null
2019-09-06 22:20:40,977 [2cb2dc0f-84fd-4521-9ecc-d803f12e81ea@group-24BA1F3C5290:LeaderElection13] INFO  impl.LeaderElection (LeaderElection.java:askForVotes(182)) - 2cb2dc0f-84fd-4521-9ecc-d803f12e81ea@group-24BA1F3C5290:LeaderElection13: begin an election at term 2 for -1: [f13d7bf8-acc3-4dce-9eab-24b819c340c4:192.168.36.96:35732, 2cb2dc0f-84fd-4521-9ecc-d803f12e81ea:192.168.36.96:41878, ad70433b-1210-4bb9-81f9-b06ec219c166:192.168.36.96:32887], old=null
2019-09-06 22:20:40,989 [grpc-default-executor-1] INFO  impl.RaftServerImpl (RaftServerImpl.java:setRole(174)) - ad70433b-1210-4bb9-81f9-b06ec219c166@group-24BA1F3C5290: changes role from  FOLLOWER to FOLLOWER at term 2 for recognizeCandidate:f13d7bf8-acc3-4dce-9eab-24b819c340c4
2019-09-06 22:20:40,990 [grpc-default-executor-1] INFO  impl.RoleInfo (RoleInfo.java:shutdownFollowerState(121)) - ad70433b-1210-4bb9-81f9-b06ec219c166: shutdown FollowerState
2019-09-06 22:20:40,990 [grpc-default-executor-1] INFO  impl.RoleInfo (RoleInfo.java:updateAndGet(143)) - ad70433b-1210-4bb9-81f9-b06ec219c166: start FollowerState
2019-09-06 22:20:40,990 [Thread-326] INFO  impl.FollowerState (FollowerState.java:run(115)) - ad70433b-1210-4bb9-81f9-b06ec219c166: FollowerState was interrupted: java.lang.InterruptedException: sleep interrupted
2019-09-06 22:20:41,005 [f13d7bf8-acc3-4dce-9eab-24b819c340c4@group-24BA1F3C5290:LeaderElection12] INFO  impl.LeaderElection (LeaderElection.java:logAndReturn(56)) - f13d7bf8-acc3-4dce-9eab-24b819c340c4@group-24BA1F3C5290:LeaderElection12: Election PASSED; received 2 response(s) [f13d7bf8-acc3-4dce-9eab-24b819c340c4<-2cb2dc0f-84fd-4521-9ecc-d803f12e81ea#0:FAIL-t2, f13d7bf8-acc3-4dce-9eab-24b819c340c4<-ad70433b-1210-4bb9-81f9-b06ec219c166#0:OK-t2] and 0 exception(s); f13d7bf8-acc3-4dce-9eab-24b819c340c4@group-24BA1F3C5290:t2, leader=null, voted=f13d7bf8-acc3-4dce-9eab-24b819c340c4, raftlog=f13d7bf8-acc3-4dce-9eab-24b819c340c4@group-24BA1F3C5290-SegmentedRaftLog:OPENED:c-1,f-1,i0, conf=-1: [f13d7bf8-acc3-4dce-9eab-24b819c340c4:192.168.36.96:35732, 2cb2dc0f-84fd-4521-9ecc-d803f12e81ea:192.168.36.96:41878, ad70433b-1210-4bb9-81f9-b06ec219c166:192.168.36.96:32887], old=null
2019-09-06 22:20:41,005 [2cb2dc0f-84fd-4521-9ecc-d803f12e81ea@group-24BA1F3C5290:LeaderElection13] INFO  impl.LeaderElection (LeaderElection.java:logAndReturn(56)) - 2cb2dc0f-84fd-4521-9ecc-d803f12e81ea@group-24BA1F3C5290:LeaderElection13: Election REJECTED; received 2 response(s) [2cb2dc0f-84fd-4521-9ecc-d803f12e81ea<-f13d7bf8-acc3-4dce-9eab-24b819c340c4#0:FAIL-t2, 2cb2dc0f-84fd-4521-9ecc-d803f12e81ea<-ad70433b-1210-4bb9-81f9-b06ec219c166#0:FAIL-t2] and 0 exception(s); 2cb2dc0f-84fd-4521-9ecc-d803f12e81ea@group-24BA1F3C5290:t2, leader=null, voted=2cb2dc0f-84fd-4521-9ecc-d803f12e81ea, raftlog=2cb2dc0f-84fd-4521-9ecc-d803f12e81ea@group-24BA1F3C5290-SegmentedRaftLog:OPENED:c-1,f-1,i0, conf=-1: [f13d7bf8-acc3-4dce-9eab-24b819c340c4:192.168.36.96:35732, 2cb2dc0f-84fd-4521-9ecc-d803f12e81ea:192.168.36.96:41878, ad70433b-1210-4bb9-81f9-b06ec219c166:192.168.36.96:32887], old=null
2019-09-06 22:20:41,006 [f13d7bf8-acc3-4dce-9eab-24b819c340c4@group-24BA1F3C5290:LeaderElection12] INFO  impl.RoleInfo (RoleInfo.java:shutdownLeaderElection(134)) - f13d7bf8-acc3-4dce-9eab-24b819c340c4: shutdown LeaderElection
2019-09-06 22:20:41,013 [2cb2dc0f-84fd-4521-9ecc-d803f12e81ea@group-24BA1F3C5290:LeaderElection13] INFO  impl.RaftServerImpl (RaftServerImpl.java:setRole(174)) - 2cb2dc0f-84fd-4521-9ecc-d803f12e81ea@group-24BA1F3C5290: changes role from CANDIDATE to FOLLOWER at term 2 for DISCOVERED_A_NEW_TERM
2019-09-06 22:20:41,015 [f13d7bf8-acc3-4dce-9eab-24b819c340c4@group-24BA1F3C5290:LeaderElection12] INFO  impl.RaftServerImpl (RaftServerImpl.java:setRole(174)) - f13d7bf8-acc3-4dce-9eab-24b819c340c4@group-24BA1F3C5290: changes role from CANDIDATE to LEADER at term 2 for changeToLeader
2019-09-06 22:20:41,015 [2cb2dc0f-84fd-4521-9ecc-d803f12e81ea@group-24BA1F3C5290:LeaderElection13] INFO  impl.RoleInfo (RoleInfo.java:shutdownLeaderElection(134)) - 2cb2dc0f-84fd-4521-9ecc-d803f12e81ea: shutdown LeaderElection
2019-09-06 22:20:41,015 [f13d7bf8-acc3-4dce-9eab-24b819c340c4@group-24BA1F3C5290:LeaderElection12] INFO  impl.RaftServerImpl (ServerState.java:setLeader(253)) - f13d7bf8-acc3-4dce-9eab-24b819c340c4@group-24BA1F3C5290: change Leader from null to f13d7bf8-acc3-4dce-9eab-24b819c340c4 at term 2 for becomeLeader, leader elected after 10340ms
2019-09-06 22:20:41,015 [2cb2dc0f-84fd-4521-9ecc-d803f12e81ea@group-24BA1F3C5290:LeaderElection13] INFO  impl.RoleInfo (RoleInfo.java:updateAndGet(143)) - 2cb2dc0f-84fd-4521-9ecc-d803f12e81ea: start FollowerState
2019-09-06 22:20:41,015 [f13d7bf8-acc3-4dce-9eab-24b819c340c4@group-24BA1F3C5290:LeaderElection12] INFO  server.RaftServerConfigKeys (ConfUtils.java:logGet(43)) - raft.server.staging.catchup.gap = 1000 (default)
2019-09-06 22:20:41,017 [f13d7bf8-acc3-4dce-9eab-24b819c340c4@group-24BA1F3C5290:LeaderElection12] INFO  server.RaftServerConfigKeys (ConfUtils.java:logGet(43)) - raft.server.rpc.sleep.time = 25ms (default)
2019-09-06 22:20:41,018 [f13d7bf8-acc3-4dce-9eab-24b819c340c4@group-24BA1F3C5290:LeaderElection12] INFO  server.RaftServerConfigKeys (ConfUtils.java:logGet(43)) - raft.server.write.element-limit = 4096 (default)
2019-09-06 22:20:41,018 [f13d7bf8-acc3-4dce-9eab-24b819c340c4@group-24BA1F3C5290:LeaderElection12] INFO  server.RaftServerConfigKeys (ConfUtils.java:logGet(43)) - raft.server.watch.timeout = 10s (default)
2019-09-06 22:20:41,018 [f13d7bf8-acc3-4dce-9eab-24b819c340c4@group-24BA1F3C5290:LeaderElection12] INFO  server.RaftServerConfigKeys (ConfUtils.java:logGet(43)) - raft.server.watch.timeout.denomination = 1s (default)
2019-09-06 22:20:41,018 [f13d7bf8-acc3-4dce-9eab-24b819c340c4@group-24BA1F3C5290:LeaderElection12] INFO  server.RaftServerConfigKeys (ConfUtils.java:logGet(43)) - raft.server.watch.element-limit = 65536 (default)
2019-09-06 22:20:41,023 [f13d7bf8-acc3-4dce-9eab-24b819c340c4@group-24BA1F3C5290:LeaderElection12] INFO  server.RaftServerConfigKeys (ConfUtils.java:logGet(43)) - raft.server.log.appender.snapshot.chunk.size.max = 16MB (=16777216) (default)
2019-09-06 22:20:41,023 [f13d7bf8-acc3-4dce-9eab-24b819c340c4@group-24BA1F3C5290:LeaderElection12] INFO  server.RaftServerConfigKeys (ConfUtils.java:logGet(43)) - raft.server.log.appender.buffer.byte-limit = 33554432 (custom)
2019-09-06 22:20:41,023 [f13d7bf8-acc3-4dce-9eab-24b819c340c4@group-24BA1F3C5290:LeaderElection12] INFO  server.RaftServerConfigKeys (ConfUtils.java:logGet(43)) - raft.server.log.appender.buffer.element-limit = 1 (custom)
2019-09-06 22:20:41,024 [f13d7bf8-acc3-4dce-9eab-24b819c340c4@group-24BA1F3C5290:LeaderElection12] INFO  grpc.GrpcConfigKeys$Server (ConfUtils.java:logGet(43)) - raft.grpc.server.leader.outstanding.appends.max = 128 (default)
2019-09-06 22:20:41,026 [f13d7bf8-acc3-4dce-9eab-24b819c340c4@group-24BA1F3C5290:LeaderElection12] INFO  server.RaftServerConfigKeys (ConfUtils.java:logGet(43)) - raft.server.rpc.request.timeout = 3000ms (default)
2019-09-06 22:20:41,026 [f13d7bf8-acc3-4dce-9eab-24b819c340c4@group-24BA1F3C5290:LeaderElection12] INFO  server.RaftServerConfigKeys (ConfUtils.java:logGet(43)) - raft.server.log.appender.install.snapshot.enabled = false (custom)
2019-09-06 22:20:41,026 [f13d7bf8-acc3-4dce-9eab-24b819c340c4@group-24BA1F3C5290:LeaderElection12] INFO  server.RaftServerConfigKeys (ConfUtils.java:logGet(43)) - raft.server.log.appender.snapshot.chunk.size.max = 16MB (=16777216) (default)
2019-09-06 22:20:41,027 [f13d7bf8-acc3-4dce-9eab-24b819c340c4@group-24BA1F3C5290:LeaderElection12] INFO  server.RaftServerConfigKeys (ConfUtils.java:logGet(43)) - raft.server.log.appender.buffer.byte-limit = 33554432 (custom)
2019-09-06 22:20:41,027 [f13d7bf8-acc3-4dce-9eab-24b819c340c4@group-24BA1F3C5290:LeaderElection12] INFO  server.RaftServerConfigKeys (ConfUtils.java:logGet(43)) - raft.server.log.appender.buffer.element-limit = 1 (custom)
2019-09-06 22:20:41,027 [f13d7bf8-acc3-4dce-9eab-24b819c340c4@group-24BA1F3C5290:LeaderElection12] INFO  grpc.GrpcConfigKeys$Server (ConfUtils.java:logGet(43)) - raft.grpc.server.leader.outstanding.appends.max = 128 (default)
2019-09-06 22:20:41,027 [f13d7bf8-acc3-4dce-9eab-24b819c340c4@group-24BA1F3C5290:LeaderElection12] INFO  server.RaftServerConfigKeys (ConfUtils.java:logGet(43)) - raft.server.rpc.request.timeout = 3000ms (default)
2019-09-06 22:20:41,028 [f13d7bf8-acc3-4dce-9eab-24b819c340c4@group-24BA1F3C5290:LeaderElection12] INFO  server.RaftServerConfigKeys (ConfUtils.java:logGet(43)) - raft.server.log.appender.install.snapshot.enabled = false (custom)
2019-09-06 22:20:41,028 [f13d7bf8-acc3-4dce-9eab-24b819c340c4@group-24BA1F3C5290:LeaderElection12] INFO  impl.RoleInfo (RoleInfo.java:updateAndGet(143)) - f13d7bf8-acc3-4dce-9eab-24b819c340c4: start LeaderState
2019-09-06 22:20:41,028 [f13d7bf8-acc3-4dce-9eab-24b819c340c4@group-24BA1F3C5290:LeaderElection12] INFO  segmented.SegmentedRaftLogWorker (SegmentedRaftLogWorker.java:startLogSegment(380)) - f13d7bf8-acc3-4dce-9eab-24b819c340c4@group-24BA1F3C5290-SegmentedRaftLogWorker: Starting segment from index:0
2019-09-06 22:20:41,029 [f13d7bf8-acc3-4dce-9eab-24b819c340c4@group-24BA1F3C5290:LeaderElection12] INFO  impl.RaftServerImpl (ServerState.java:setRaftConf(354)) - f13d7bf8-acc3-4dce-9eab-24b819c340c4@group-24BA1F3C5290: set configuration 0: [f13d7bf8-acc3-4dce-9eab-24b819c340c4:192.168.36.96:35732, 2cb2dc0f-84fd-4521-9ecc-d803f12e81ea:192.168.36.96:41878, ad70433b-1210-4bb9-81f9-b06ec219c166:192.168.36.96:32887], old=null at 0
2019-09-06 22:20:41,072 [grpc-default-executor-1] INFO  impl.RaftServerImpl (ServerState.java:setLeader(253)) - ad70433b-1210-4bb9-81f9-b06ec219c166@group-24BA1F3C5290: change Leader from null to f13d7bf8-acc3-4dce-9eab-24b819c340c4 at term 2 for appendEntries, leader elected after 10397ms
2019-09-06 22:20:41,072 [grpc-default-executor-4] INFO  impl.RaftServerImpl (ServerState.java:setLeader(253)) - 2cb2dc0f-84fd-4521-9ecc-d803f12e81ea@group-24BA1F3C5290: change Leader from null to f13d7bf8-acc3-4dce-9eab-24b819c340c4 at term 2 for appendEntries, leader elected after 10397ms
2019-09-06 22:20:41,076 [grpc-default-executor-4] INFO  impl.RaftServerImpl (ServerState.java:setRaftConf(354)) - ad70433b-1210-4bb9-81f9-b06ec219c166@group-24BA1F3C5290: set configuration 0: [f13d7bf8-acc3-4dce-9eab-24b819c340c4:192.168.36.96:35732, 2cb2dc0f-84fd-4521-9ecc-d803f12e81ea:192.168.36.96:41878, ad70433b-1210-4bb9-81f9-b06ec219c166:192.168.36.96:32887], old=null at 0
2019-09-06 22:20:41,077 [grpc-default-executor-1] INFO  impl.RaftServerImpl (ServerState.java:setRaftConf(354)) - 2cb2dc0f-84fd-4521-9ecc-d803f12e81ea@group-24BA1F3C5290: set configuration 0: [f13d7bf8-acc3-4dce-9eab-24b819c340c4:192.168.36.96:35732, 2cb2dc0f-84fd-4521-9ecc-d803f12e81ea:192.168.36.96:41878, ad70433b-1210-4bb9-81f9-b06ec219c166:192.168.36.96:32887], old=null at 0
2019-09-06 22:20:41,077 [grpc-default-executor-4] INFO  segmented.SegmentedRaftLogWorker (SegmentedRaftLogWorker.java:startLogSegment(380)) - ad70433b-1210-4bb9-81f9-b06ec219c166@group-24BA1F3C5290-SegmentedRaftLogWorker: Starting segment from index:0
2019-09-06 22:20:41,077 [grpc-default-executor-1] INFO  segmented.SegmentedRaftLogWorker (SegmentedRaftLogWorker.java:startLogSegment(380)) - 2cb2dc0f-84fd-4521-9ecc-d803f12e81ea@group-24BA1F3C5290-SegmentedRaftLogWorker: Starting segment from index:0
2019-09-06 22:20:41,079 [f13d7bf8-acc3-4dce-9eab-24b819c340c4@group-24BA1F3C5290-SegmentedRaftLogWorker] INFO  segmented.SegmentedRaftLogWorker (SegmentedRaftLogWorker.java:execute(569)) - f13d7bf8-acc3-4dce-9eab-24b819c340c4@group-24BA1F3C5290-SegmentedRaftLogWorker: created new log segment /workdir/hadoop-ozone/integration-test/target/test-dir/MiniOzoneClusterImpl-b49f5193-ee3f-4e8d-9086-94cc8b6e630b/datanode-0/data/ratis/1ea5e6a7-19e6-43b9-be20-24ba1f3c5290/current/log_inprogress_0
2019-09-06 22:20:41,114 [ad70433b-1210-4bb9-81f9-b06ec219c166@group-24BA1F3C5290-SegmentedRaftLogWorker] INFO  segmented.SegmentedRaftLogWorker (SegmentedRaftLogWorker.java:execute(569)) - ad70433b-1210-4bb9-81f9-b06ec219c166@group-24BA1F3C5290-SegmentedRaftLogWorker: created new log segment /workdir/hadoop-ozone/integration-test/target/test-dir/MiniOzoneClusterImpl-b49f5193-ee3f-4e8d-9086-94cc8b6e630b/datanode-1/data/ratis/1ea5e6a7-19e6-43b9-be20-24ba1f3c5290/current/log_inprogress_0
2019-09-06 22:20:41,117 [2cb2dc0f-84fd-4521-9ecc-d803f12e81ea@group-24BA1F3C5290-SegmentedRaftLogWorker] INFO  segmented.SegmentedRaftLogWorker (SegmentedRaftLogWorker.java:execute(569)) - 2cb2dc0f-84fd-4521-9ecc-d803f12e81ea@group-24BA1F3C5290-SegmentedRaftLogWorker: created new log segment /workdir/hadoop-ozone/integration-test/target/test-dir/MiniOzoneClusterImpl-b49f5193-ee3f-4e8d-9086-94cc8b6e630b/datanode-4/data/ratis/1ea5e6a7-19e6-43b9-be20-24ba1f3c5290/current/log_inprogress_0
2019-09-06 22:20:41,301 [EventQueue-StaleNodeForStaleNodeHandler] INFO  node.StaleNodeHandler (StaleNodeHandler.java:onMessage(58)) - Datanode bc6fdb93-666a-4701-ac8e-a64642c98c17{ip: 192.168.36.96, host: pr-hdds-2098-trunk-xjcqn-842104287, networkLocation: /default-rack, certSerialId: null} moved to stale state. Finalizing its pipelines [PipelineID=4aeecf48-0d27-491d-a40f-d3a0162bcc4c, PipelineID=b042aa4d-092c-4cf3-92a3-59362d9bdb11]
2019-09-06 22:20:41,301 [EventQueue-StaleNodeForStaleNodeHandler] INFO  pipeline.SCMPipelineManager (SCMPipelineManager.java:finalizeAndDestroyPipeline(311)) - destroying pipeline:Pipeline[ Id: 4aeecf48-0d27-491d-a40f-d3a0162bcc4c, Nodes: bc6fdb93-666a-4701-ac8e-a64642c98c17{ip: 192.168.36.96, host: pr-hdds-2098-trunk-xjcqn-842104287, networkLocation: /default-rack, certSerialId: null}, Type:RATIS, Factor:ONE, State:OPEN]
2019-09-06 22:20:41,303 [EventQueue-StaleNodeForStaleNodeHandler] INFO  pipeline.PipelineStateManager (PipelineStateManager.java:finalizePipeline(123)) - Pipeline Pipeline[ Id: 4aeecf48-0d27-491d-a40f-d3a0162bcc4c, Nodes: bc6fdb93-666a-4701-ac8e-a64642c98c17{ip: 192.168.36.96, host: pr-hdds-2098-trunk-xjcqn-842104287, networkLocation: /default-rack, certSerialId: null}, Type:RATIS, Factor:ONE, State:CLOSED] moved to CLOSED state
2019-09-06 22:20:41,304 [EventQueue-StaleNodeForStaleNodeHandler] INFO  pipeline.SCMPipelineManager (SCMPipelineManager.java:finalizeAndDestroyPipeline(311)) - destroying pipeline:Pipeline[ Id: b042aa4d-092c-4cf3-92a3-59362d9bdb11, Nodes: bc6fdb93-666a-4701-ac8e-a64642c98c17{ip: 192.168.36.96, host: pr-hdds-2098-trunk-xjcqn-842104287, networkLocation: /default-rack, certSerialId: null}df3d14c4-da09-4933-9de6-7132a09f046b{ip: 192.168.36.96, host: pr-hdds-2098-trunk-xjcqn-842104287, networkLocation: /default-rack, certSerialId: null}42d29a8d-ec6e-4d7b-90f4-90463a45c878{ip: 192.168.36.96, host: pr-hdds-2098-trunk-xjcqn-842104287, networkLocation: /default-rack, certSerialId: null}, Type:RATIS, Factor:THREE, State:OPEN]
2019-09-06 22:20:41,304 [EventQueue-StaleNodeForStaleNodeHandler] INFO  pipeline.PipelineStateManager (PipelineStateManager.java:finalizePipeline(123)) - Pipeline Pipeline[ Id: b042aa4d-092c-4cf3-92a3-59362d9bdb11, Nodes: bc6fdb93-666a-4701-ac8e-a64642c98c17{ip: 192.168.36.96, host: pr-hdds-2098-trunk-xjcqn-842104287, networkLocation: /default-rack, certSerialId: null}df3d14c4-da09-4933-9de6-7132a09f046b{ip: 192.168.36.96, host: pr-hdds-2098-trunk-xjcqn-842104287, networkLocation: /default-rack, certSerialId: null}42d29a8d-ec6e-4d7b-90f4-90463a45c878{ip: 192.168.36.96, host: pr-hdds-2098-trunk-xjcqn-842104287, networkLocation: /default-rack, certSerialId: null}, Type:RATIS, Factor:THREE, State:CLOSED] moved to CLOSED state
2019-09-06 22:20:41,305 [EventQueue-CloseContainerForCloseContainerEventHandler] INFO  container.CloseContainerEventHandler (CloseContainerEventHandler.java:onMessage(61)) - Close container Event triggered for container : #1
2019-09-06 22:20:41,567 [main] INFO  ozoneimpl.OzoneContainer (OzoneContainer.java:stop(231)) - Attempting to stop container services.
2019-09-06 22:20:41,571 [main] INFO  impl.RaftServerProxy (RaftServerProxy.java:lambda$close$4(314)) - bc6fdb93-666a-4701-ac8e-a64642c98c17: close
2019-09-06 22:20:41,573 [main] INFO  impl.RaftServerImpl (RaftServerImpl.java:lambda$shutdown$3(251)) - bc6fdb93-666a-4701-ac8e-a64642c98c17@group-D3A0162BCC4C: shutdown
2019-09-06 22:20:41,573 [ForkJoinPool.commonPool-worker-1] INFO  impl.RaftServerImpl (RaftServerImpl.java:lambda$shutdown$3(251)) - bc6fdb93-666a-4701-ac8e-a64642c98c17@group-59362D9BDB11: shutdown
2019-09-06 22:20:41,573 [main] INFO  util.JmxRegister (JmxRegister.java:unregister(73)) - Successfully un-registered JMX Bean with object name Ratis:service=RaftServer,group=group-D3A0162BCC4C,id=bc6fdb93-666a-4701-ac8e-a64642c98c17
2019-09-06 22:20:41,574 [ForkJoinPool.commonPool-worker-1] INFO  util.JmxRegister (JmxRegister.java:unregister(73)) - Successfully un-registered JMX Bean with object name Ratis:service=RaftServer,group=group-59362D9BDB11,id=bc6fdb93-666a-4701-ac8e-a64642c98c17
2019-09-06 22:20:41,574 [main] INFO  impl.RoleInfo (RoleInfo.java:shutdownLeaderState(104)) - bc6fdb93-666a-4701-ac8e-a64642c98c17: shutdown LeaderState
2019-09-06 22:20:41,574 [ForkJoinPool.commonPool-worker-1] INFO  impl.RoleInfo (RoleInfo.java:shutdownLeaderState(104)) - bc6fdb93-666a-4701-ac8e-a64642c98c17: shutdown LeaderState
2019-09-06 22:20:41,575 [main] INFO  impl.PendingRequests (PendingRequests.java:sendNotLeaderResponses(202)) - bc6fdb93-666a-4701-ac8e-a64642c98c17-PendingRequests: sendNotLeaderResponses
2019-09-06 22:20:41,579 [ForkJoinPool.commonPool-worker-1] INFO  impl.PendingRequests (PendingRequests.java:sendNotLeaderResponses(202)) - bc6fdb93-666a-4701-ac8e-a64642c98c17-PendingRequests: sendNotLeaderResponses
2019-09-06 22:20:41,581 [org.apache.ratis.server.impl.LogAppender$AppenderDaemon$$Lambda$509/101710845@64d0591a] WARN  server.GrpcLogAppender (GrpcLogAppender.java:mayWait(143)) - bc6fdb93-666a-4701-ac8e-a64642c98c17@group-59362D9BDB11->42d29a8d-ec6e-4d7b-90f4-90463a45c878-GrpcLogAppender: Wait interrupted by java.lang.InterruptedException
2019-09-06 22:20:41,581 [org.apache.ratis.server.impl.LogAppender$AppenderDaemon$$Lambda$509/101710845@93a0f89] WARN  server.GrpcLogAppender (GrpcLogAppender.java:mayWait(143)) - bc6fdb93-666a-4701-ac8e-a64642c98c17@group-59362D9BDB11->df3d14c4-da09-4933-9de6-7132a09f046b-GrpcLogAppender: Wait interrupted by java.lang.InterruptedException
2019-09-06 22:20:41,584 [main] INFO  impl.StateMachineUpdater (StateMachineUpdater.java:stopAndJoin(125)) - bc6fdb93-666a-4701-ac8e-a64642c98c17@group-D3A0162BCC4C-StateMachineUpdater: set stopIndex = 0
2019-09-06 22:20:41,586 [main] INFO  impl.RaftServerImpl (ServerState.java:close(385)) - bc6fdb93-666a-4701-ac8e-a64642c98c17@group-D3A0162BCC4C: closes. applyIndex: 0
2019-09-06 22:20:41,587 [grpc-default-executor-4] INFO  server.GrpcServerProtocolService (GrpcServerProtocolService.java:onCompleted(113)) - df3d14c4-da09-4933-9de6-7132a09f046b: Completed APPEND_ENTRIES, lastRequest: bc6fdb93-666a-4701-ac8e-a64642c98c17->df3d14c4-da09-4933-9de6-7132a09f046b#19-t1, previous=(t:1, i:16), leaderCommit=16, initializing? false, entries: <empty>
2019-09-06 22:20:41,587 [grpc-default-executor-1] INFO  server.GrpcServerProtocolService (GrpcServerProtocolService.java:onCompleted(113)) - 42d29a8d-ec6e-4d7b-90f4-90463a45c878: Completed APPEND_ENTRIES, lastRequest: bc6fdb93-666a-4701-ac8e-a64642c98c17->42d29a8d-ec6e-4d7b-90f4-90463a45c878#19-t1, previous=(t:1, i:16), leaderCommit=16, initializing? false, entries: <empty>
2019-09-06 22:20:41,593 [ForkJoinPool.commonPool-worker-1] INFO  impl.StateMachineUpdater (StateMachineUpdater.java:stopAndJoin(125)) - bc6fdb93-666a-4701-ac8e-a64642c98c17@group-59362D9BDB11-StateMachineUpdater: set stopIndex = 16
2019-09-06 22:20:41,595 [bc6fdb93-666a-4701-ac8e-a64642c98c17@group-59362D9BDB11-StateMachineUpdater] INFO  ratis.ContainerStateMachine (ContainerStateMachine.java:takeSnapshot(289)) - group-59362D9BDB11: Taking a snapshot at:(t:1, i:14) file /workdir/hadoop-ozone/integration-test/target/test-dir/MiniOzoneClusterImpl-b49f5193-ee3f-4e8d-9086-94cc8b6e630b/datanode-2/data/ratis/b042aa4d-092c-4cf3-92a3-59362d9bdb11/sm/snapshot.1_14
2019-09-06 22:20:41,597 [grpc-default-executor-1] INFO  server.GrpcLogAppender (GrpcLogAppender.java:onCompleted(293)) - bc6fdb93-666a-4701-ac8e-a64642c98c17@group-59362D9BDB11->42d29a8d-ec6e-4d7b-90f4-90463a45c878-AppendLogResponseHandler: follower responses appendEntries COMPLETED
2019-09-06 22:20:41,599 [bc6fdb93-666a-4701-ac8e-a64642c98c17@group-D3A0162BCC4C-SegmentedRaftLogWorker] INFO  segmented.SegmentedRaftLogWorker (SegmentedRaftLogWorker.java:run(313)) - bc6fdb93-666a-4701-ac8e-a64642c98c17@group-D3A0162BCC4C-SegmentedRaftLogWorker was interrupted, exiting. There are 0 tasks remaining in the queue.
2019-09-06 22:20:41,603 [main] INFO  segmented.SegmentedRaftLogWorker (SegmentedRaftLogWorker.java:close(228)) - bc6fdb93-666a-4701-ac8e-a64642c98c17@group-D3A0162BCC4C-SegmentedRaftLogWorker close()
2019-09-06 22:20:41,603 [grpc-default-executor-2] INFO  server.GrpcLogAppender (GrpcLogAppender.java:onCompleted(293)) - bc6fdb93-666a-4701-ac8e-a64642c98c17@group-59362D9BDB11->df3d14c4-da09-4933-9de6-7132a09f046b-AppendLogResponseHandler: follower responses appendEntries COMPLETED
2019-09-06 22:20:41,610 [grpc-default-executor-2] INFO  impl.FollowerInfo (FollowerInfo.java:lambda$new$0(51)) - bc6fdb93-666a-4701-ac8e-a64642c98c17@group-59362D9BDB11->df3d14c4-da09-4933-9de6-7132a09f046b: nextIndex: updateUnconditionally 17 -> 16
2019-09-06 22:20:41,610 [grpc-default-executor-1] INFO  impl.FollowerInfo (FollowerInfo.java:lambda$new$0(51)) - bc6fdb93-666a-4701-ac8e-a64642c98c17@group-59362D9BDB11->42d29a8d-ec6e-4d7b-90f4-90463a45c878: nextIndex: updateUnconditionally 17 -> 16
2019-09-06 22:20:41,635 [bc6fdb93-666a-4701-ac8e-a64642c98c17@group-59362D9BDB11-StateMachineUpdater] INFO  ratis.ContainerStateMachine (ContainerStateMachine.java:takeSnapshot(300)) - group-59362D9BDB11: Finished taking a snapshot at:(t:1, i:14) file:/workdir/hadoop-ozone/integration-test/target/test-dir/MiniOzoneClusterImpl-b49f5193-ee3f-4e8d-9086-94cc8b6e630b/datanode-2/data/ratis/b042aa4d-092c-4cf3-92a3-59362d9bdb11/sm/snapshot.1_14 time:41
2019-09-06 22:20:41,636 [bc6fdb93-666a-4701-ac8e-a64642c98c17@group-59362D9BDB11-StateMachineUpdater] INFO  impl.StateMachineUpdater (StateMachineUpdater.java:takeSnapshot(258)) - bc6fdb93-666a-4701-ac8e-a64642c98c17@group-59362D9BDB11-StateMachineUpdater: Took a snapshot at index 14
2019-09-06 22:20:41,636 [bc6fdb93-666a-4701-ac8e-a64642c98c17@group-59362D9BDB11-StateMachineUpdater] INFO  impl.StateMachineUpdater (StateMachineUpdater.java:lambda$new$0(83)) - bc6fdb93-666a-4701-ac8e-a64642c98c17@group-59362D9BDB11-StateMachineUpdater: snapshotIndex: updateIncreasingly -1 -> 14
2019-09-06 22:20:41,643 [bc6fdb93-666a-4701-ac8e-a64642c98c17@group-59362D9BDB11-StateMachineUpdater] INFO  ratis.ContainerStateMachine (ContainerStateMachine.java:takeSnapshot(289)) - group-59362D9BDB11: Taking a snapshot at:(t:1, i:14) file /workdir/hadoop-ozone/integration-test/target/test-dir/MiniOzoneClusterImpl-b49f5193-ee3f-4e8d-9086-94cc8b6e630b/datanode-2/data/ratis/b042aa4d-092c-4cf3-92a3-59362d9bdb11/sm/snapshot.1_14
2019-09-06 22:20:41,655 [bc6fdb93-666a-4701-ac8e-a64642c98c17@group-59362D9BDB11-StateMachineUpdater] INFO  ratis.ContainerStateMachine (ContainerStateMachine.java:takeSnapshot(300)) - group-59362D9BDB11: Finished taking a snapshot at:(t:1, i:14) file:/workdir/hadoop-ozone/integration-test/target/test-dir/MiniOzoneClusterImpl-b49f5193-ee3f-4e8d-9086-94cc8b6e630b/datanode-2/data/ratis/b042aa4d-092c-4cf3-92a3-59362d9bdb11/sm/snapshot.1_14 time:12
2019-09-06 22:20:41,656 [bc6fdb93-666a-4701-ac8e-a64642c98c17@group-59362D9BDB11-StateMachineUpdater] INFO  impl.StateMachineUpdater (StateMachineUpdater.java:takeSnapshot(258)) - bc6fdb93-666a-4701-ac8e-a64642c98c17@group-59362D9BDB11-StateMachineUpdater: Took a snapshot at index 14
2019-09-06 22:20:41,656 [bc6fdb93-666a-4701-ac8e-a64642c98c17@group-59362D9BDB11-StateMachineUpdater] INFO  impl.StateMachineUpdater (StateMachineUpdater.java:lambda$new$0(83)) - bc6fdb93-666a-4701-ac8e-a64642c98c17@group-59362D9BDB11-StateMachineUpdater: snapshotIndex: updateIncreasingly 14 -> 14
2019-09-06 22:20:41,656 [ForkJoinPool.commonPool-worker-1] INFO  impl.RaftServerImpl (ServerState.java:close(385)) - bc6fdb93-666a-4701-ac8e-a64642c98c17@group-59362D9BDB11: closes. applyIndex: 16
2019-09-06 22:20:41,656 [bc6fdb93-666a-4701-ac8e-a64642c98c17@group-59362D9BDB11-SegmentedRaftLogWorker] INFO  segmented.SegmentedRaftLogWorker (SegmentedRaftLogWorker.java:run(313)) - bc6fdb93-666a-4701-ac8e-a64642c98c17@group-59362D9BDB11-SegmentedRaftLogWorker was interrupted, exiting. There are 0 tasks remaining in the queue.
2019-09-06 22:20:41,659 [ForkJoinPool.commonPool-worker-1] INFO  segmented.SegmentedRaftLogWorker (SegmentedRaftLogWorker.java:close(228)) - bc6fdb93-666a-4701-ac8e-a64642c98c17@group-59362D9BDB11-SegmentedRaftLogWorker close()
2019-09-06 22:20:41,663 [main] INFO  server.GrpcService (GrpcService.java:closeImpl(164)) - bc6fdb93-666a-4701-ac8e-a64642c98c17: shutdown server with port 46741 now
2019-09-06 22:20:41,671 [main] INFO  server.GrpcService (GrpcService.java:closeImpl(172)) - bc6fdb93-666a-4701-ac8e-a64642c98c17: shutdown server with port 46741 successfully
2019-09-06 22:20:41,671 [grpc-default-executor-2] WARN  client.GrpcClientProtocolService (LogUtils.java:warn(134)) - 3-UnorderedRequestStreamObserver3: onError: org.apache.ratis.thirdparty.io.grpc.StatusRuntimeException: CANCELLED: cancelled before receiving half close
2019-09-06 22:20:41,690 [refreshUsed-/workdir/hadoop-ozone/integration-test/target/test-dir/MiniOzoneClusterImpl-b49f5193-ee3f-4e8d-9086-94cc8b6e630b/datanode-2/data/containers] WARN  fs.CachingGetSpaceUsed (CachingGetSpaceUsed.java:run(183)) - Thread Interrupted waiting to refresh disk information: sleep interrupted
2019-09-06 22:20:41,703 [main] INFO  utils.BackgroundService (BackgroundService.java:shutdown(148)) - Shutting down service BlockDeletingService
2019-09-06 22:20:41,710 [main] INFO  statemachine.DatanodeStateMachine (DatanodeStateMachine.java:stopDaemon(395)) - Ozone container server stopped.
2019-09-06 22:20:41,715 [main] INFO  handler.ContextHandler (ContextHandler.java:doStop(910)) - Stopped o.e.j.w.WebAppContext@75de29c0{/,null,UNAVAILABLE}{/hddsDatanode}
2019-09-06 22:20:41,724 [main] INFO  server.AbstractConnector (AbstractConnector.java:doStop(318)) - Stopped ServerConnector@fc807c1{HTTP/1.1,[http/1.1]}{0.0.0.0:0}
2019-09-06 22:20:41,725 [main] INFO  handler.ContextHandler (ContextHandler.java:doStop(910)) - Stopped o.e.j.s.ServletContextHandler@5fcfde70{/static,jar:file:/home/user/.m2/repository/org/apache/hadoop/hadoop-hdds-container-service/0.5.0-SNAPSHOT/hadoop-hdds-container-service-0.5.0-SNAPSHOT.jar!/webapps/static,UNAVAILABLE}
2019-09-06 22:20:41,725 [main] INFO  handler.ContextHandler (ContextHandler.java:doStop(910)) - Stopped o.e.j.s.ServletContextHandler@4b65d9f4{/logs,file:///workdir/hadoop-ozone/integration-test/target/log,UNAVAILABLE}
2019-09-06 22:20:42,285 [Datanode State Machine Thread - 0] INFO  statemachine.DatanodeStateMachine (DatanodeStateMachine.java:lambda$startDaemon$0(350)) - Ozone container server started.
2019-09-06 22:20:46,313 [EventQueue-StaleNodeForStaleNodeHandler] INFO  node.StaleNodeHandler (StaleNodeHandler.java:onMessage(58)) - Datanode df3d14c4-da09-4933-9de6-7132a09f046b{ip: 192.168.36.96, host: pr-hdds-2098-trunk-xjcqn-842104287, networkLocation: /default-rack, certSerialId: null} moved to stale state. Finalizing its pipelines [PipelineID=2e3f848c-7f58-4caa-a8b5-3d978949fed6, PipelineID=b042aa4d-092c-4cf3-92a3-59362d9bdb11]
2019-09-06 22:20:46,314 [EventQueue-StaleNodeForStaleNodeHandler] INFO  pipeline.SCMPipelineManager (SCMPipelineManager.java:finalizeAndDestroyPipeline(311)) - destroying pipeline:Pipeline[ Id: 2e3f848c-7f58-4caa-a8b5-3d978949fed6, Nodes: df3d14c4-da09-4933-9de6-7132a09f046b{ip: 192.168.36.96, host: pr-hdds-2098-trunk-xjcqn-842104287, networkLocation: /default-rack, certSerialId: null}, Type:RATIS, Factor:ONE, State:OPEN]
2019-09-06 22:20:46,314 [EventQueue-StaleNodeForStaleNodeHandler] INFO  pipeline.PipelineStateManager (PipelineStateManager.java:finalizePipeline(123)) - Pipeline Pipeline[ Id: 2e3f848c-7f58-4caa-a8b5-3d978949fed6, Nodes: df3d14c4-da09-4933-9de6-7132a09f046b{ip: 192.168.36.96, host: pr-hdds-2098-trunk-xjcqn-842104287, networkLocation: /default-rack, certSerialId: null}, Type:RATIS, Factor:ONE, State:CLOSED] moved to CLOSED state
2019-09-06 22:20:46,314 [EventQueue-StaleNodeForStaleNodeHandler] INFO  pipeline.SCMPipelineManager (SCMPipelineManager.java:finalizeAndDestroyPipeline(311)) - destroying pipeline:Pipeline[ Id: b042aa4d-092c-4cf3-92a3-59362d9bdb11, Nodes: bc6fdb93-666a-4701-ac8e-a64642c98c17{ip: 192.168.36.96, host: pr-hdds-2098-trunk-xjcqn-842104287, networkLocation: /default-rack, certSerialId: null}df3d14c4-da09-4933-9de6-7132a09f046b{ip: 192.168.36.96, host: pr-hdds-2098-trunk-xjcqn-842104287, networkLocation: /default-rack, certSerialId: null}42d29a8d-ec6e-4d7b-90f4-90463a45c878{ip: 192.168.36.96, host: pr-hdds-2098-trunk-xjcqn-842104287, networkLocation: /default-rack, certSerialId: null}, Type:RATIS, Factor:THREE, State:CLOSED]
2019-09-06 22:20:46,729 [main] INFO  ozoneimpl.OzoneContainer (OzoneContainer.java:stop(231)) - Attempting to stop container services.
2019-09-06 22:20:46,729 [main] INFO  impl.RaftServerProxy (RaftServerProxy.java:lambda$close$4(314)) - df3d14c4-da09-4933-9de6-7132a09f046b: close
2019-09-06 22:20:46,730 [main] INFO  impl.RaftServerImpl (RaftServerImpl.java:lambda$shutdown$3(251)) - df3d14c4-da09-4933-9de6-7132a09f046b@group-3D978949FED6: shutdown
2019-09-06 22:20:46,731 [main] INFO  util.JmxRegister (JmxRegister.java:unregister(73)) - Successfully un-registered JMX Bean with object name Ratis:service=RaftServer,group=group-3D978949FED6,id=df3d14c4-da09-4933-9de6-7132a09f046b
2019-09-06 22:20:46,731 [main] INFO  impl.RoleInfo (RoleInfo.java:shutdownLeaderState(104)) - df3d14c4-da09-4933-9de6-7132a09f046b: shutdown LeaderState
2019-09-06 22:20:46,731 [main] INFO  impl.PendingRequests (PendingRequests.java:sendNotLeaderResponses(202)) - df3d14c4-da09-4933-9de6-7132a09f046b-PendingRequests: sendNotLeaderResponses
2019-09-06 22:20:46,732 [main] INFO  impl.StateMachineUpdater (StateMachineUpdater.java:stopAndJoin(125)) - df3d14c4-da09-4933-9de6-7132a09f046b@group-3D978949FED6-StateMachineUpdater: set stopIndex = 0
2019-09-06 22:20:46,732 [main] INFO  impl.RaftServerImpl (ServerState.java:close(385)) - df3d14c4-da09-4933-9de6-7132a09f046b@group-3D978949FED6: closes. applyIndex: 0
2019-09-06 22:20:46,733 [df3d14c4-da09-4933-9de6-7132a09f046b@group-3D978949FED6-SegmentedRaftLogWorker] INFO  segmented.SegmentedRaftLogWorker (SegmentedRaftLogWorker.java:run(313)) - df3d14c4-da09-4933-9de6-7132a09f046b@group-3D978949FED6-SegmentedRaftLogWorker was interrupted, exiting. There are 0 tasks remaining in the queue.
2019-09-06 22:20:46,738 [main] INFO  segmented.SegmentedRaftLogWorker (SegmentedRaftLogWorker.java:close(228)) - df3d14c4-da09-4933-9de6-7132a09f046b@group-3D978949FED6-SegmentedRaftLogWorker close()
2019-09-06 22:20:46,741 [main] INFO  impl.RaftServerImpl (RaftServerImpl.java:lambda$shutdown$3(251)) - df3d14c4-da09-4933-9de6-7132a09f046b@group-59362D9BDB11: shutdown
2019-09-06 22:20:46,741 [main] INFO  util.JmxRegister (JmxRegister.java:unregister(73)) - Successfully un-registered JMX Bean with object name Ratis:service=RaftServer,group=group-59362D9BDB11,id=df3d14c4-da09-4933-9de6-7132a09f046b
2019-09-06 22:20:46,742 [main] INFO  impl.RoleInfo (RoleInfo.java:shutdownFollowerState(121)) - df3d14c4-da09-4933-9de6-7132a09f046b: shutdown FollowerState
2019-09-06 22:20:46,742 [main] INFO  impl.StateMachineUpdater (StateMachineUpdater.java:stopAndJoin(125)) - df3d14c4-da09-4933-9de6-7132a09f046b@group-59362D9BDB11-StateMachineUpdater: set stopIndex = 16
2019-09-06 22:20:46,742 [df3d14c4-da09-4933-9de6-7132a09f046b@group-59362D9BDB11-StateMachineUpdater] INFO  ratis.ContainerStateMachine (ContainerStateMachine.java:takeSnapshot(289)) - group-59362D9BDB11: Taking a snapshot at:(t:1, i:14) file /workdir/hadoop-ozone/integration-test/target/test-dir/MiniOzoneClusterImpl-b49f5193-ee3f-4e8d-9086-94cc8b6e630b/datanode-6/data/ratis/b042aa4d-092c-4cf3-92a3-59362d9bdb11/sm/snapshot.1_14
2019-09-06 22:20:46,742 [Thread-309] INFO  impl.FollowerState (FollowerState.java:run(115)) - df3d14c4-da09-4933-9de6-7132a09f046b: FollowerState was interrupted: java.lang.InterruptedException: sleep interrupted
2019-09-06 22:20:46,784 [df3d14c4-da09-4933-9de6-7132a09f046b@group-59362D9BDB11-StateMachineUpdater] INFO  ratis.ContainerStateMachine (ContainerStateMachine.java:takeSnapshot(300)) - group-59362D9BDB11: Finished taking a snapshot at:(t:1, i:14) file:/workdir/hadoop-ozone/integration-test/target/test-dir/MiniOzoneClusterImpl-b49f5193-ee3f-4e8d-9086-94cc8b6e630b/datanode-6/data/ratis/b042aa4d-092c-4cf3-92a3-59362d9bdb11/sm/snapshot.1_14 time:40
2019-09-06 22:20:46,784 [df3d14c4-da09-4933-9de6-7132a09f046b@group-59362D9BDB11-StateMachineUpdater] INFO  impl.StateMachineUpdater (StateMachineUpdater.java:takeSnapshot(258)) - df3d14c4-da09-4933-9de6-7132a09f046b@group-59362D9BDB11-StateMachineUpdater: Took a snapshot at index 14
2019-09-06 22:20:46,784 [df3d14c4-da09-4933-9de6-7132a09f046b@group-59362D9BDB11-StateMachineUpdater] INFO  impl.StateMachineUpdater (StateMachineUpdater.java:lambda$new$0(83)) - df3d14c4-da09-4933-9de6-7132a09f046b@group-59362D9BDB11-StateMachineUpdater: snapshotIndex: updateIncreasingly -1 -> 14
2019-09-06 22:20:46,784 [df3d14c4-da09-4933-9de6-7132a09f046b@group-59362D9BDB11-StateMachineUpdater] INFO  ratis.ContainerStateMachine (ContainerStateMachine.java:takeSnapshot(289)) - group-59362D9BDB11: Taking a snapshot at:(t:1, i:14) file /workdir/hadoop-ozone/integration-test/target/test-dir/MiniOzoneClusterImpl-b49f5193-ee3f-4e8d-9086-94cc8b6e630b/datanode-6/data/ratis/b042aa4d-092c-4cf3-92a3-59362d9bdb11/sm/snapshot.1_14
2019-09-06 22:20:46,797 [df3d14c4-da09-4933-9de6-7132a09f046b@group-59362D9BDB11-StateMachineUpdater] INFO  ratis.ContainerStateMachine (ContainerStateMachine.java:takeSnapshot(300)) - group-59362D9BDB11: Finished taking a snapshot at:(t:1, i:14) file:/workdir/hadoop-ozone/integration-test/target/test-dir/MiniOzoneClusterImpl-b49f5193-ee3f-4e8d-9086-94cc8b6e630b/datanode-6/data/ratis/b042aa4d-092c-4cf3-92a3-59362d9bdb11/sm/snapshot.1_14 time:12
2019-09-06 22:20:46,797 [df3d14c4-da09-4933-9de6-7132a09f046b@group-59362D9BDB11-StateMachineUpdater] INFO  impl.StateMachineUpdater (StateMachineUpdater.java:takeSnapshot(258)) - df3d14c4-da09-4933-9de6-7132a09f046b@group-59362D9BDB11-StateMachineUpdater: Took a snapshot at index 14
2019-09-06 22:20:46,797 [df3d14c4-da09-4933-9de6-7132a09f046b@group-59362D9BDB11-StateMachineUpdater] INFO  impl.StateMachineUpdater (StateMachineUpdater.java:lambda$new$0(83)) - df3d14c4-da09-4933-9de6-7132a09f046b@group-59362D9BDB11-StateMachineUpdater: snapshotIndex: updateIncreasingly 14 -> 14
2019-09-06 22:20:46,797 [main] INFO  impl.RaftServerImpl (ServerState.java:close(385)) - df3d14c4-da09-4933-9de6-7132a09f046b@group-59362D9BDB11: closes. applyIndex: 16
2019-09-06 22:20:46,798 [df3d14c4-da09-4933-9de6-7132a09f046b@group-59362D9BDB11-SegmentedRaftLogWorker] INFO  segmented.SegmentedRaftLogWorker (SegmentedRaftLogWorker.java:run(313)) - df3d14c4-da09-4933-9de6-7132a09f046b@group-59362D9BDB11-SegmentedRaftLogWorker was interrupted, exiting. There are 0 tasks remaining in the queue.
2019-09-06 22:20:46,800 [main] INFO  segmented.SegmentedRaftLogWorker (SegmentedRaftLogWorker.java:close(228)) - df3d14c4-da09-4933-9de6-7132a09f046b@group-59362D9BDB11-SegmentedRaftLogWorker close()
2019-09-06 22:20:46,804 [main] INFO  server.GrpcService (GrpcService.java:closeImpl(164)) - df3d14c4-da09-4933-9de6-7132a09f046b: shutdown server with port 46580 now
2019-09-06 22:20:46,804 [main] INFO  server.GrpcService (GrpcService.java:closeImpl(172)) - df3d14c4-da09-4933-9de6-7132a09f046b: shutdown server with port 46580 successfully
2019-09-06 22:20:46,817 [refreshUsed-/workdir/hadoop-ozone/integration-test/target/test-dir/MiniOzoneClusterImpl-b49f5193-ee3f-4e8d-9086-94cc8b6e630b/datanode-6/data/containers] WARN  fs.CachingGetSpaceUsed (CachingGetSpaceUsed.java:run(183)) - Thread Interrupted waiting to refresh disk information: sleep interrupted
2019-09-06 22:20:46,836 [main] INFO  utils.BackgroundService (BackgroundService.java:shutdown(148)) - Shutting down service BlockDeletingService
2019-09-06 22:20:46,842 [main] INFO  statemachine.DatanodeStateMachine (DatanodeStateMachine.java:stopDaemon(395)) - Ozone container server stopped.
2019-09-06 22:20:46,856 [main] INFO  handler.ContextHandler (ContextHandler.java:doStop(910)) - Stopped o.e.j.w.WebAppContext@3e3315d9{/,null,UNAVAILABLE}{/hddsDatanode}
2019-09-06 22:20:46,857 [main] INFO  server.AbstractConnector (AbstractConnector.java:doStop(318)) - Stopped ServerConnector@64db4967{HTTP/1.1,[http/1.1]}{0.0.0.0:0}
2019-09-06 22:20:46,857 [main] INFO  handler.ContextHandler (ContextHandler.java:doStop(910)) - Stopped o.e.j.s.ServletContextHandler@7f5538a1{/static,jar:file:/home/user/.m2/repository/org/apache/hadoop/hadoop-hdds-container-service/0.5.0-SNAPSHOT/hadoop-hdds-container-service-0.5.0-SNAPSHOT.jar!/webapps/static,UNAVAILABLE}
2019-09-06 22:20:46,858 [main] INFO  handler.ContextHandler (ContextHandler.java:doStop(910)) - Stopped o.e.j.s.ServletContextHandler@67514bdd{/logs,file:///workdir/hadoop-ozone/integration-test/target/log,UNAVAILABLE}
2019-09-06 22:20:48,903 [grpc-default-executor-1] INFO  client.GrpcClientProtocolClient (GrpcClientProtocolClient.java:onNext(264)) - client-21ADCD270D8F->42d29a8d-ec6e-4d7b-90f4-90463a45c878: receive RaftClientReply:client-21ADCD270D8F->42d29a8d-ec6e-4d7b-90f4-90463a45c878@group-59362D9BDB11, cid=22, FAILED org.apache.ratis.protocol.NotLeaderException: Server 42d29a8d-ec6e-4d7b-90f4-90463a45c878@group-59362D9BDB11 is not the leader bc6fdb93-666a-4701-ac8e-a64642c98c17:192.168.36.96:46741, logIndex=0, commits[42d29a8d-ec6e-4d7b-90f4-90463a45c878:c16, df3d14c4-da09-4933-9de6-7132a09f046b:c16, bc6fdb93-666a-4701-ac8e-a64642c98c17:c16]
2019-09-06 22:20:50,746 [Thread-308] INFO  impl.FollowerState (FollowerState.java:run(106)) - 42d29a8d-ec6e-4d7b-90f4-90463a45c878:group-59362D9BDB11 changes to CANDIDATE, lastRpcTime:9180, electionTimeout:5007ms
2019-09-06 22:20:50,747 [Thread-308] INFO  impl.RoleInfo (RoleInfo.java:shutdownFollowerState(121)) - 42d29a8d-ec6e-4d7b-90f4-90463a45c878: shutdown FollowerState
2019-09-06 22:20:50,747 [Thread-308] INFO  impl.RaftServerImpl (RaftServerImpl.java:setRole(174)) - 42d29a8d-ec6e-4d7b-90f4-90463a45c878@group-59362D9BDB11: changes role from  FOLLOWER to CANDIDATE at term 1 for changeToCandidate
2019-09-06 22:20:50,747 [Thread-308] INFO  impl.RoleInfo (RoleInfo.java:updateAndGet(143)) - 42d29a8d-ec6e-4d7b-90f4-90463a45c878: start LeaderElection
2019-09-06 22:20:50,751 [42d29a8d-ec6e-4d7b-90f4-90463a45c878@group-59362D9BDB11:LeaderElection14] INFO  impl.RaftServerImpl (ServerState.java:setLeader(253)) - 42d29a8d-ec6e-4d7b-90f4-90463a45c878@group-59362D9BDB11: change Leader from bc6fdb93-666a-4701-ac8e-a64642c98c17 to null at term 1 for initElection
2019-09-06 22:20:50,767 [42d29a8d-ec6e-4d7b-90f4-90463a45c878@group-59362D9BDB11:LeaderElection14] INFO  impl.LeaderElection (LeaderElection.java:askForVotes(182)) - 42d29a8d-ec6e-4d7b-90f4-90463a45c878@group-59362D9BDB11:LeaderElection14: begin an election at term 2 for 0: [df3d14c4-da09-4933-9de6-7132a09f046b:192.168.36.96:46580, 42d29a8d-ec6e-4d7b-90f4-90463a45c878:192.168.36.96:45962, bc6fdb93-666a-4701-ac8e-a64642c98c17:192.168.36.96:46741], old=null
2019-09-06 22:20:50,783 [42d29a8d-ec6e-4d7b-90f4-90463a45c878@group-59362D9BDB11:LeaderElection14] INFO  impl.LeaderElection (LogUtils.java:infoOrTrace(149)) - 42d29a8d-ec6e-4d7b-90f4-90463a45c878@group-59362D9BDB11:LeaderElection14 got exception when requesting votes: {}
java.util.concurrent.ExecutionException: org.apache.ratis.thirdparty.io.grpc.StatusRuntimeException: UNAVAILABLE: io exception
	at java.util.concurrent.FutureTask.report(FutureTask.java:122)
	at java.util.concurrent.FutureTask.get(FutureTask.java:192)
	at org.apache.ratis.server.impl.LeaderElection.waitForResults(LeaderElection.java:263)
	at org.apache.ratis.server.impl.LeaderElection.askForVotes(LeaderElection.java:201)
	at org.apache.ratis.server.impl.LeaderElection.run(LeaderElection.java:133)
	at java.lang.Thread.run(Thread.java:748)
Caused by: org.apache.ratis.thirdparty.io.grpc.StatusRuntimeException: UNAVAILABLE: io exception
	at org.apache.ratis.thirdparty.io.grpc.stub.ClientCalls.toStatusRuntimeException(ClientCalls.java:233)
	at org.apache.ratis.thirdparty.io.grpc.stub.ClientCalls.getUnchecked(ClientCalls.java:214)
	at org.apache.ratis.thirdparty.io.grpc.stub.ClientCalls.blockingUnaryCall(ClientCalls.java:139)
	at org.apache.ratis.proto.grpc.RaftServerProtocolServiceGrpc$RaftServerProtocolServiceBlockingStub.requestVote(RaftServerProtocolServiceGrpc.java:265)
	at org.apache.ratis.grpc.server.GrpcServerProtocolClient.requestVote(GrpcServerProtocolClient.java:90)
	at org.apache.ratis.grpc.server.GrpcService.requestVote(GrpcService.java:204)
	at org.apache.ratis.server.impl.LeaderElection.lambda$submitRequests$1(LeaderElection.java:238)
	at java.util.concurrent.FutureTask.run(FutureTask.java:266)
	at java.util.concurrent.Executors$RunnableAdapter.call(Executors.java:511)
	at java.util.concurrent.FutureTask.run(FutureTask.java:266)
	at java.util.concurrent.ThreadPoolExecutor.runWorker(ThreadPoolExecutor.java:1149)
	at java.util.concurrent.ThreadPoolExecutor$Worker.run(ThreadPoolExecutor.java:624)
	... 1 more
Caused by: org.apache.ratis.thirdparty.io.netty.channel.AbstractChannel$AnnotatedConnectException: Connection refused: /192.168.36.96:46580
	at sun.nio.ch.SocketChannelImpl.checkConnect(Native Method)
	at sun.nio.ch.SocketChannelImpl.finishConnect(SocketChannelImpl.java:717)
	at org.apache.ratis.thirdparty.io.netty.channel.socket.nio.NioSocketChannel.doFinishConnect(NioSocketChannel.java:327)
	at org.apache.ratis.thirdparty.io.netty.channel.nio.AbstractNioChannel$AbstractNioUnsafe.finishConnect(AbstractNioChannel.java:340)
	at org.apache.ratis.thirdparty.io.netty.channel.nio.NioEventLoop.processSelectedKey(NioEventLoop.java:632)
	at org.apache.ratis.thirdparty.io.netty.channel.nio.NioEventLoop.processSelectedKeysOptimized(NioEventLoop.java:579)
	at org.apache.ratis.thirdparty.io.netty.channel.nio.NioEventLoop.processSelectedKeys(NioEventLoop.java:496)
	at org.apache.ratis.thirdparty.io.netty.channel.nio.NioEventLoop.run(NioEventLoop.java:458)
	at org.apache.ratis.thirdparty.io.netty.util.concurrent.SingleThreadEventExecutor$5.run(SingleThreadEventExecutor.java:897)
	at org.apache.ratis.thirdparty.io.netty.util.concurrent.FastThreadLocalRunnable.run(FastThreadLocalRunnable.java:30)
	... 1 more
Caused by: java.net.ConnectException: Connection refused
	... 11 more
2019-09-06 22:20:50,789 [42d29a8d-ec6e-4d7b-90f4-90463a45c878@group-59362D9BDB11:LeaderElection14] INFO  impl.LeaderElection (LogUtils.java:infoOrTrace(149)) - 42d29a8d-ec6e-4d7b-90f4-90463a45c878@group-59362D9BDB11:LeaderElection14 got exception when requesting votes: {}
java.util.concurrent.ExecutionException: org.apache.ratis.thirdparty.io.grpc.StatusRuntimeException: UNAVAILABLE: io exception
	at java.util.concurrent.FutureTask.report(FutureTask.java:122)
	at java.util.concurrent.FutureTask.get(FutureTask.java:192)
	at org.apache.ratis.server.impl.LeaderElection.waitForResults(LeaderElection.java:263)
	at org.apache.ratis.server.impl.LeaderElection.askForVotes(LeaderElection.java:201)
	at org.apache.ratis.server.impl.LeaderElection.run(LeaderElection.java:133)
	at java.lang.Thread.run(Thread.java:748)
Caused by: org.apache.ratis.thirdparty.io.grpc.StatusRuntimeException: UNAVAILABLE: io exception
	at org.apache.ratis.thirdparty.io.grpc.stub.ClientCalls.toStatusRuntimeException(ClientCalls.java:233)
	at org.apache.ratis.thirdparty.io.grpc.stub.ClientCalls.getUnchecked(ClientCalls.java:214)
	at org.apache.ratis.thirdparty.io.grpc.stub.ClientCalls.blockingUnaryCall(ClientCalls.java:139)
	at org.apache.ratis.proto.grpc.RaftServerProtocolServiceGrpc$RaftServerProtocolServiceBlockingStub.requestVote(RaftServerProtocolServiceGrpc.java:265)
	at org.apache.ratis.grpc.server.GrpcServerProtocolClient.requestVote(GrpcServerProtocolClient.java:90)
	at org.apache.ratis.grpc.server.GrpcService.requestVote(GrpcService.java:204)
	at org.apache.ratis.server.impl.LeaderElection.lambda$submitRequests$1(LeaderElection.java:238)
	at java.util.concurrent.FutureTask.run(FutureTask.java:266)
	at java.util.concurrent.Executors$RunnableAdapter.call(Executors.java:511)
	at java.util.concurrent.FutureTask.run(FutureTask.java:266)
	at java.util.concurrent.ThreadPoolExecutor.runWorker(ThreadPoolExecutor.java:1149)
	at java.util.concurrent.ThreadPoolExecutor$Worker.run(ThreadPoolExecutor.java:624)
	... 1 more
Caused by: org.apache.ratis.thirdparty.io.netty.channel.AbstractChannel$AnnotatedConnectException: Connection refused: /192.168.36.96:46741
	at sun.nio.ch.SocketChannelImpl.checkConnect(Native Method)
	at sun.nio.ch.SocketChannelImpl.finishConnect(SocketChannelImpl.java:717)
	at org.apache.ratis.thirdparty.io.netty.channel.socket.nio.NioSocketChannel.doFinishConnect(NioSocketChannel.java:327)
	at org.apache.ratis.thirdparty.io.netty.channel.nio.AbstractNioChannel$AbstractNioUnsafe.finishConnect(AbstractNioChannel.java:340)
	at org.apache.ratis.thirdparty.io.netty.channel.nio.NioEventLoop.processSelectedKey(NioEventLoop.java:632)
	at org.apache.ratis.thirdparty.io.netty.channel.nio.NioEventLoop.processSelectedKeysOptimized(NioEventLoop.java:579)
	at org.apache.ratis.thirdparty.io.netty.channel.nio.NioEventLoop.processSelectedKeys(NioEventLoop.java:496)
	at org.apache.ratis.thirdparty.io.netty.channel.nio.NioEventLoop.run(NioEventLoop.java:458)
	at org.apache.ratis.thirdparty.io.netty.util.concurrent.SingleThreadEventExecutor$5.run(SingleThreadEventExecutor.java:897)
	at org.apache.ratis.thirdparty.io.netty.util.concurrent.FastThreadLocalRunnable.run(FastThreadLocalRunnable.java:30)
	... 1 more
Caused by: java.net.ConnectException: Connection refused
	... 11 more
2019-09-06 22:20:50,791 [42d29a8d-ec6e-4d7b-90f4-90463a45c878@group-59362D9BDB11:LeaderElection14] INFO  impl.LeaderElection (LeaderElection.java:logAndReturn(56)) - 42d29a8d-ec6e-4d7b-90f4-90463a45c878@group-59362D9BDB11:LeaderElection14: Election REJECTED; received 0 response(s) [] and 2 exception(s); 42d29a8d-ec6e-4d7b-90f4-90463a45c878@group-59362D9BDB11:t2, leader=null, voted=42d29a8d-ec6e-4d7b-90f4-90463a45c878, raftlog=42d29a8d-ec6e-4d7b-90f4-90463a45c878@group-59362D9BDB11-SegmentedRaftLog:OPENED:c16,f16,i16, conf=0: [df3d14c4-da09-4933-9de6-7132a09f046b:192.168.36.96:46580, 42d29a8d-ec6e-4d7b-90f4-90463a45c878:192.168.36.96:45962, bc6fdb93-666a-4701-ac8e-a64642c98c17:192.168.36.96:46741], old=null
2019-09-06 22:20:50,791 [42d29a8d-ec6e-4d7b-90f4-90463a45c878@group-59362D9BDB11:LeaderElection14] INFO  impl.LeaderElection (LogUtils.java:infoOrTrace(149)) -   Exception 0: {}
java.util.concurrent.ExecutionException: org.apache.ratis.thirdparty.io.grpc.StatusRuntimeException: UNAVAILABLE: io exception
	at java.util.concurrent.FutureTask.report(FutureTask.java:122)
	at java.util.concurrent.FutureTask.get(FutureTask.java:192)
	at org.apache.ratis.server.impl.LeaderElection.waitForResults(LeaderElection.java:263)
	at org.apache.ratis.server.impl.LeaderElection.askForVotes(LeaderElection.java:201)
	at org.apache.ratis.server.impl.LeaderElection.run(LeaderElection.java:133)
	at java.lang.Thread.run(Thread.java:748)
Caused by: org.apache.ratis.thirdparty.io.grpc.StatusRuntimeException: UNAVAILABLE: io exception
	at org.apache.ratis.thirdparty.io.grpc.stub.ClientCalls.toStatusRuntimeException(ClientCalls.java:233)
	at org.apache.ratis.thirdparty.io.grpc.stub.ClientCalls.getUnchecked(ClientCalls.java:214)
	at org.apache.ratis.thirdparty.io.grpc.stub.ClientCalls.blockingUnaryCall(ClientCalls.java:139)
	at org.apache.ratis.proto.grpc.RaftServerProtocolServiceGrpc$RaftServerProtocolServiceBlockingStub.requestVote(RaftServerProtocolServiceGrpc.java:265)
	at org.apache.ratis.grpc.server.GrpcServerProtocolClient.requestVote(GrpcServerProtocolClient.java:90)
	at org.apache.ratis.grpc.server.GrpcService.requestVote(GrpcService.java:204)
	at org.apache.ratis.server.impl.LeaderElection.lambda$submitRequests$1(LeaderElection.java:238)
	at java.util.concurrent.FutureTask.run(FutureTask.java:266)
	at java.util.concurrent.Executors$RunnableAdapter.call(Executors.java:511)
	at java.util.concurrent.FutureTask.run(FutureTask.java:266)
	at java.util.concurrent.ThreadPoolExecutor.runWorker(ThreadPoolExecutor.java:1149)
	at java.util.concurrent.ThreadPoolExecutor$Worker.run(ThreadPoolExecutor.java:624)
	... 1 more
Caused by: org.apache.ratis.thirdparty.io.netty.channel.AbstractChannel$AnnotatedConnectException: Connection refused: /192.168.36.96:46580
	at sun.nio.ch.SocketChannelImpl.checkConnect(Native Method)
	at sun.nio.ch.SocketChannelImpl.finishConnect(SocketChannelImpl.java:717)
	at org.apache.ratis.thirdparty.io.netty.channel.socket.nio.NioSocketChannel.doFinishConnect(NioSocketChannel.java:327)
	at org.apache.ratis.thirdparty.io.netty.channel.nio.AbstractNioChannel$AbstractNioUnsafe.finishConnect(AbstractNioChannel.java:340)
	at org.apache.ratis.thirdparty.io.netty.channel.nio.NioEventLoop.processSelectedKey(NioEventLoop.java:632)
	at org.apache.ratis.thirdparty.io.netty.channel.nio.NioEventLoop.processSelectedKeysOptimized(NioEventLoop.java:579)
	at org.apache.ratis.thirdparty.io.netty.channel.nio.NioEventLoop.processSelectedKeys(NioEventLoop.java:496)
	at org.apache.ratis.thirdparty.io.netty.channel.nio.NioEventLoop.run(NioEventLoop.java:458)
	at org.apache.ratis.thirdparty.io.netty.util.concurrent.SingleThreadEventExecutor$5.run(SingleThreadEventExecutor.java:897)
	at org.apache.ratis.thirdparty.io.netty.util.concurrent.FastThreadLocalRunnable.run(FastThreadLocalRunnable.java:30)
	... 1 more
Caused by: java.net.ConnectException: Connection refused
	... 11 more
2019-09-06 22:20:50,792 [42d29a8d-ec6e-4d7b-90f4-90463a45c878@group-59362D9BDB11:LeaderElection14] INFO  impl.LeaderElection (LogUtils.java:infoOrTrace(149)) -   Exception 1: {}
java.util.concurrent.ExecutionException: org.apache.ratis.thirdparty.io.grpc.StatusRuntimeException: UNAVAILABLE: io exception
	at java.util.concurrent.FutureTask.report(FutureTask.java:122)
	at java.util.concurrent.FutureTask.get(FutureTask.java:192)
	at org.apache.ratis.server.impl.LeaderElection.waitForResults(LeaderElection.java:263)
	at org.apache.ratis.server.impl.LeaderElection.askForVotes(LeaderElection.java:201)
	at org.apache.ratis.server.impl.LeaderElection.run(LeaderElection.java:133)
	at java.lang.Thread.run(Thread.java:748)
Caused by: org.apache.ratis.thirdparty.io.grpc.StatusRuntimeException: UNAVAILABLE: io exception
	at org.apache.ratis.thirdparty.io.grpc.stub.ClientCalls.toStatusRuntimeException(ClientCalls.java:233)
	at org.apache.ratis.thirdparty.io.grpc.stub.ClientCalls.getUnchecked(ClientCalls.java:214)
	at org.apache.ratis.thirdparty.io.grpc.stub.ClientCalls.blockingUnaryCall(ClientCalls.java:139)
	at org.apache.ratis.proto.grpc.RaftServerProtocolServiceGrpc$RaftServerProtocolServiceBlockingStub.requestVote(RaftServerProtocolServiceGrpc.java:265)
	at org.apache.ratis.grpc.server.GrpcServerProtocolClient.requestVote(GrpcServerProtocolClient.java:90)
	at org.apache.ratis.grpc.server.GrpcService.requestVote(GrpcService.java:204)
	at org.apache.ratis.server.impl.LeaderElection.lambda$submitRequests$1(LeaderElection.java:238)
	at java.util.concurrent.FutureTask.run(FutureTask.java:266)
	at java.util.concurrent.Executors$RunnableAdapter.call(Executors.java:511)
	at java.util.concurrent.FutureTask.run(FutureTask.java:266)
	at java.util.concurrent.ThreadPoolExecutor.runWorker(ThreadPoolExecutor.java:1149)
	at java.util.concurrent.ThreadPoolExecutor$Worker.run(ThreadPoolExecutor.java:624)
	... 1 more
Caused by: org.apache.ratis.thirdparty.io.netty.channel.AbstractChannel$AnnotatedConnectException: Connection refused: /192.168.36.96:46741
	at sun.nio.ch.SocketChannelImpl.checkConnect(Native Method)
	at sun.nio.ch.SocketChannelImpl.finishConnect(SocketChannelImpl.java:717)
	at org.apache.ratis.thirdparty.io.netty.channel.socket.nio.NioSocketChannel.doFinishConnect(NioSocketChannel.java:327)
	at org.apache.ratis.thirdparty.io.netty.channel.nio.AbstractNioChannel$AbstractNioUnsafe.finishConnect(AbstractNioChannel.java:340)
	at org.apache.ratis.thirdparty.io.netty.channel.nio.NioEventLoop.processSelectedKey(NioEventLoop.java:632)
	at org.apache.ratis.thirdparty.io.netty.channel.nio.NioEventLoop.processSelectedKeysOptimized(NioEventLoop.java:579)
	at org.apache.ratis.thirdparty.io.netty.channel.nio.NioEventLoop.processSelectedKeys(NioEventLoop.java:496)
	at org.apache.ratis.thirdparty.io.netty.channel.nio.NioEventLoop.run(NioEventLoop.java:458)
	at org.apache.ratis.thirdparty.io.netty.util.concurrent.SingleThreadEventExecutor$5.run(SingleThreadEventExecutor.java:897)
	at org.apache.ratis.thirdparty.io.netty.util.concurrent.FastThreadLocalRunnable.run(FastThreadLocalRunnable.java:30)
	... 1 more
Caused by: java.net.ConnectException: Connection refused
	... 11 more
2019-09-06 22:20:50,793 [42d29a8d-ec6e-4d7b-90f4-90463a45c878@group-59362D9BDB11:LeaderElection14] INFO  impl.RaftServerImpl (RaftServerImpl.java:setRole(174)) - 42d29a8d-ec6e-4d7b-90f4-90463a45c878@group-59362D9BDB11: changes role from CANDIDATE to FOLLOWER at term 2 for DISCOVERED_A_NEW_TERM
2019-09-06 22:20:50,794 [42d29a8d-ec6e-4d7b-90f4-90463a45c878@group-59362D9BDB11:LeaderElection14] INFO  impl.RoleInfo (RoleInfo.java:shutdownLeaderElection(134)) - 42d29a8d-ec6e-4d7b-90f4-90463a45c878: shutdown LeaderElection
2019-09-06 22:20:50,794 [42d29a8d-ec6e-4d7b-90f4-90463a45c878@group-59362D9BDB11:LeaderElection14] INFO  impl.RoleInfo (RoleInfo.java:updateAndGet(143)) - 42d29a8d-ec6e-4d7b-90f4-90463a45c878: start FollowerState
2019-09-06 22:20:50,953 [grpc-default-executor-2] INFO  client.GrpcClientProtocolClient (GrpcClientProtocolClient.java:onNext(264)) - client-21ADCD270D8F->42d29a8d-ec6e-4d7b-90f4-90463a45c878: receive RaftClientReply:client-21ADCD270D8F->42d29a8d-ec6e-4d7b-90f4-90463a45c878@group-59362D9BDB11, cid=22, FAILED org.apache.ratis.protocol.NotLeaderException: Server 42d29a8d-ec6e-4d7b-90f4-90463a45c878@group-59362D9BDB11 is not the leader, logIndex=0, commits[42d29a8d-ec6e-4d7b-90f4-90463a45c878:c16, df3d14c4-da09-4933-9de6-7132a09f046b:c16, bc6fdb93-666a-4701-ac8e-a64642c98c17:c16]
2019-09-06 22:20:55,946 [Thread-418] INFO  impl.FollowerState (FollowerState.java:run(106)) - 42d29a8d-ec6e-4d7b-90f4-90463a45c878:group-59362D9BDB11 changes to CANDIDATE, lastRpcTime:5151, electionTimeout:5150ms
2019-09-06 22:20:55,947 [Thread-418] INFO  impl.RoleInfo (RoleInfo.java:shutdownFollowerState(121)) - 42d29a8d-ec6e-4d7b-90f4-90463a45c878: shutdown FollowerState
2019-09-06 22:20:55,947 [Thread-418] INFO  impl.RaftServerImpl (RaftServerImpl.java:setRole(174)) - 42d29a8d-ec6e-4d7b-90f4-90463a45c878@group-59362D9BDB11: changes role from  FOLLOWER to CANDIDATE at term 2 for changeToCandidate
2019-09-06 22:20:55,948 [Thread-418] INFO  impl.RoleInfo (RoleInfo.java:updateAndGet(143)) - 42d29a8d-ec6e-4d7b-90f4-90463a45c878: start LeaderElection
2019-09-06 22:20:55,961 [42d29a8d-ec6e-4d7b-90f4-90463a45c878@group-59362D9BDB11:LeaderElection15] INFO  impl.LeaderElection (LeaderElection.java:askForVotes(182)) - 42d29a8d-ec6e-4d7b-90f4-90463a45c878@group-59362D9BDB11:LeaderElection15: begin an election at term 3 for 0: [df3d14c4-da09-4933-9de6-7132a09f046b:192.168.36.96:46580, 42d29a8d-ec6e-4d7b-90f4-90463a45c878:192.168.36.96:45962, bc6fdb93-666a-4701-ac8e-a64642c98c17:192.168.36.96:46741], old=null
2019-09-06 22:20:55,964 [42d29a8d-ec6e-4d7b-90f4-90463a45c878@group-59362D9BDB11:LeaderElection15] INFO  impl.LeaderElection (LogUtils.java:infoOrTrace(149)) - 42d29a8d-ec6e-4d7b-90f4-90463a45c878@group-59362D9BDB11:LeaderElection15 got exception when requesting votes: {}
java.util.concurrent.ExecutionException: org.apache.ratis.thirdparty.io.grpc.StatusRuntimeException: UNAVAILABLE: io exception
	at java.util.concurrent.FutureTask.report(FutureTask.java:122)
	at java.util.concurrent.FutureTask.get(FutureTask.java:192)
	at org.apache.ratis.server.impl.LeaderElection.waitForResults(LeaderElection.java:263)
	at org.apache.ratis.server.impl.LeaderElection.askForVotes(LeaderElection.java:201)
	at org.apache.ratis.server.impl.LeaderElection.run(LeaderElection.java:133)
	at java.lang.Thread.run(Thread.java:748)
Caused by: org.apache.ratis.thirdparty.io.grpc.StatusRuntimeException: UNAVAILABLE: io exception
	at org.apache.ratis.thirdparty.io.grpc.stub.ClientCalls.toStatusRuntimeException(ClientCalls.java:233)
	at org.apache.ratis.thirdparty.io.grpc.stub.ClientCalls.getUnchecked(ClientCalls.java:214)
	at org.apache.ratis.thirdparty.io.grpc.stub.ClientCalls.blockingUnaryCall(ClientCalls.java:139)
	at org.apache.ratis.proto.grpc.RaftServerProtocolServiceGrpc$RaftServerProtocolServiceBlockingStub.requestVote(RaftServerProtocolServiceGrpc.java:265)
	at org.apache.ratis.grpc.server.GrpcServerProtocolClient.requestVote(GrpcServerProtocolClient.java:90)
	at org.apache.ratis.grpc.server.GrpcService.requestVote(GrpcService.java:204)
	at org.apache.ratis.server.impl.LeaderElection.lambda$submitRequests$1(LeaderElection.java:238)
	at java.util.concurrent.FutureTask.run(FutureTask.java:266)
	at java.util.concurrent.Executors$RunnableAdapter.call(Executors.java:511)
	at java.util.concurrent.FutureTask.run(FutureTask.java:266)
	at java.util.concurrent.ThreadPoolExecutor.runWorker(ThreadPoolExecutor.java:1149)
	at java.util.concurrent.ThreadPoolExecutor$Worker.run(ThreadPoolExecutor.java:624)
	... 1 more
Caused by: org.apache.ratis.thirdparty.io.netty.channel.AbstractChannel$AnnotatedConnectException: Connection refused: /192.168.36.96:46580
	at sun.nio.ch.SocketChannelImpl.checkConnect(Native Method)
	at sun.nio.ch.SocketChannelImpl.finishConnect(SocketChannelImpl.java:717)
	at org.apache.ratis.thirdparty.io.netty.channel.socket.nio.NioSocketChannel.doFinishConnect(NioSocketChannel.java:327)
	at org.apache.ratis.thirdparty.io.netty.channel.nio.AbstractNioChannel$AbstractNioUnsafe.finishConnect(AbstractNioChannel.java:340)
	at org.apache.ratis.thirdparty.io.netty.channel.nio.NioEventLoop.processSelectedKey(NioEventLoop.java:632)
	at org.apache.ratis.thirdparty.io.netty.channel.nio.NioEventLoop.processSelectedKeysOptimized(NioEventLoop.java:579)
	at org.apache.ratis.thirdparty.io.netty.channel.nio.NioEventLoop.processSelectedKeys(NioEventLoop.java:496)
	at org.apache.ratis.thirdparty.io.netty.channel.nio.NioEventLoop.run(NioEventLoop.java:458)
	at org.apache.ratis.thirdparty.io.netty.util.concurrent.SingleThreadEventExecutor$5.run(SingleThreadEventExecutor.java:897)
	at org.apache.ratis.thirdparty.io.netty.util.concurrent.FastThreadLocalRunnable.run(FastThreadLocalRunnable.java:30)
	... 1 more
Caused by: java.net.ConnectException: Connection refused
	... 11 more
2019-09-06 22:20:55,967 [42d29a8d-ec6e-4d7b-90f4-90463a45c878@group-59362D9BDB11:LeaderElection15] INFO  impl.LeaderElection (LogUtils.java:infoOrTrace(149)) - 42d29a8d-ec6e-4d7b-90f4-90463a45c878@group-59362D9BDB11:LeaderElection15 got exception when requesting votes: {}
java.util.concurrent.ExecutionException: org.apache.ratis.thirdparty.io.grpc.StatusRuntimeException: UNAVAILABLE: io exception
	at java.util.concurrent.FutureTask.report(FutureTask.java:122)
	at java.util.concurrent.FutureTask.get(FutureTask.java:192)
	at org.apache.ratis.server.impl.LeaderElection.waitForResults(LeaderElection.java:263)
	at org.apache.ratis.server.impl.LeaderElection.askForVotes(LeaderElection.java:201)
	at org.apache.ratis.server.impl.LeaderElection.run(LeaderElection.java:133)
	at java.lang.Thread.run(Thread.java:748)
Caused by: org.apache.ratis.thirdparty.io.grpc.StatusRuntimeException: UNAVAILABLE: io exception
	at org.apache.ratis.thirdparty.io.grpc.stub.ClientCalls.toStatusRuntimeException(ClientCalls.java:233)
	at org.apache.ratis.thirdparty.io.grpc.stub.ClientCalls.getUnchecked(ClientCalls.java:214)
	at org.apache.ratis.thirdparty.io.grpc.stub.ClientCalls.blockingUnaryCall(ClientCalls.java:139)
	at org.apache.ratis.proto.grpc.RaftServerProtocolServiceGrpc$RaftServerProtocolServiceBlockingStub.requestVote(RaftServerProtocolServiceGrpc.java:265)
	at org.apache.ratis.grpc.server.GrpcServerProtocolClient.requestVote(GrpcServerProtocolClient.java:90)
	at org.apache.ratis.grpc.server.GrpcService.requestVote(GrpcService.java:204)
	at org.apache.ratis.server.impl.LeaderElection.lambda$submitRequests$1(LeaderElection.java:238)
	at java.util.concurrent.FutureTask.run(FutureTask.java:266)
	at java.util.concurrent.Executors$RunnableAdapter.call(Executors.java:511)
	at java.util.concurrent.FutureTask.run(FutureTask.java:266)
	at java.util.concurrent.ThreadPoolExecutor.runWorker(ThreadPoolExecutor.java:1149)
	at java.util.concurrent.ThreadPoolExecutor$Worker.run(ThreadPoolExecutor.java:624)
	... 1 more
Caused by: org.apache.ratis.thirdparty.io.netty.channel.AbstractChannel$AnnotatedConnectException: Connection refused: /192.168.36.96:46741
	at sun.nio.ch.SocketChannelImpl.checkConnect(Native Method)
	at sun.nio.ch.SocketChannelImpl.finishConnect(SocketChannelImpl.java:717)
	at org.apache.ratis.thirdparty.io.netty.channel.socket.nio.NioSocketChannel.doFinishConnect(NioSocketChannel.java:327)
	at org.apache.ratis.thirdparty.io.netty.channel.nio.AbstractNioChannel$AbstractNioUnsafe.finishConnect(AbstractNioChannel.java:340)
	at org.apache.ratis.thirdparty.io.netty.channel.nio.NioEventLoop.processSelectedKey(NioEventLoop.java:632)
	at org.apache.ratis.thirdparty.io.netty.channel.nio.NioEventLoop.processSelectedKeysOptimized(NioEventLoop.java:579)
	at org.apache.ratis.thirdparty.io.netty.channel.nio.NioEventLoop.processSelectedKeys(NioEventLoop.java:496)
	at org.apache.ratis.thirdparty.io.netty.channel.nio.NioEventLoop.run(NioEventLoop.java:458)
	at org.apache.ratis.thirdparty.io.netty.util.concurrent.SingleThreadEventExecutor$5.run(SingleThreadEventExecutor.java:897)
	at org.apache.ratis.thirdparty.io.netty.util.concurrent.FastThreadLocalRunnable.run(FastThreadLocalRunnable.java:30)
	... 1 more
Caused by: java.net.ConnectException: Connection refused
	... 11 more
2019-09-06 22:20:55,970 [42d29a8d-ec6e-4d7b-90f4-90463a45c878@group-59362D9BDB11:LeaderElection15] INFO  impl.LeaderElection (LeaderElection.java:logAndReturn(56)) - 42d29a8d-ec6e-4d7b-90f4-90463a45c878@group-59362D9BDB11:LeaderElection15: Election REJECTED; received 0 response(s) [] and 2 exception(s); 42d29a8d-ec6e-4d7b-90f4-90463a45c878@group-59362D9BDB11:t3, leader=null, voted=42d29a8d-ec6e-4d7b-90f4-90463a45c878, raftlog=42d29a8d-ec6e-4d7b-90f4-90463a45c878@group-59362D9BDB11-SegmentedRaftLog:OPENED:c16,f16,i16, conf=0: [df3d14c4-da09-4933-9de6-7132a09f046b:192.168.36.96:46580, 42d29a8d-ec6e-4d7b-90f4-90463a45c878:192.168.36.96:45962, bc6fdb93-666a-4701-ac8e-a64642c98c17:192.168.36.96:46741], old=null
2019-09-06 22:20:55,970 [42d29a8d-ec6e-4d7b-90f4-90463a45c878@group-59362D9BDB11:LeaderElection15] INFO  impl.LeaderElection (LogUtils.java:infoOrTrace(149)) -   Exception 0: {}
java.util.concurrent.ExecutionException: org.apache.ratis.thirdparty.io.grpc.StatusRuntimeException: UNAVAILABLE: io exception
	at java.util.concurrent.FutureTask.report(FutureTask.java:122)
	at java.util.concurrent.FutureTask.get(FutureTask.java:192)
	at org.apache.ratis.server.impl.LeaderElection.waitForResults(LeaderElection.java:263)
	at org.apache.ratis.server.impl.LeaderElection.askForVotes(LeaderElection.java:201)
	at org.apache.ratis.server.impl.LeaderElection.run(LeaderElection.java:133)
	at java.lang.Thread.run(Thread.java:748)
Caused by: org.apache.ratis.thirdparty.io.grpc.StatusRuntimeException: UNAVAILABLE: io exception
	at org.apache.ratis.thirdparty.io.grpc.stub.ClientCalls.toStatusRuntimeException(ClientCalls.java:233)
	at org.apache.ratis.thirdparty.io.grpc.stub.ClientCalls.getUnchecked(ClientCalls.java:214)
	at org.apache.ratis.thirdparty.io.grpc.stub.ClientCalls.blockingUnaryCall(ClientCalls.java:139)
	at org.apache.ratis.proto.grpc.RaftServerProtocolServiceGrpc$RaftServerProtocolServiceBlockingStub.requestVote(RaftServerProtocolServiceGrpc.java:265)
	at org.apache.ratis.grpc.server.GrpcServerProtocolClient.requestVote(GrpcServerProtocolClient.java:90)
	at org.apache.ratis.grpc.server.GrpcService.requestVote(GrpcService.java:204)
	at org.apache.ratis.server.impl.LeaderElection.lambda$submitRequests$1(LeaderElection.java:238)
	at java.util.concurrent.FutureTask.run(FutureTask.java:266)
	at java.util.concurrent.Executors$RunnableAdapter.call(Executors.java:511)
	at java.util.concurrent.FutureTask.run(FutureTask.java:266)
	at java.util.concurrent.ThreadPoolExecutor.runWorker(ThreadPoolExecutor.java:1149)
	at java.util.concurrent.ThreadPoolExecutor$Worker.run(ThreadPoolExecutor.java:624)
	... 1 more
Caused by: org.apache.ratis.thirdparty.io.netty.channel.AbstractChannel$AnnotatedConnectException: Connection refused: /192.168.36.96:46580
	at sun.nio.ch.SocketChannelImpl.checkConnect(Native Method)
	at sun.nio.ch.SocketChannelImpl.finishConnect(SocketChannelImpl.java:717)
	at org.apache.ratis.thirdparty.io.netty.channel.socket.nio.NioSocketChannel.doFinishConnect(NioSocketChannel.java:327)
	at org.apache.ratis.thirdparty.io.netty.channel.nio.AbstractNioChannel$AbstractNioUnsafe.finishConnect(AbstractNioChannel.java:340)
	at org.apache.ratis.thirdparty.io.netty.channel.nio.NioEventLoop.processSelectedKey(NioEventLoop.java:632)
	at org.apache.ratis.thirdparty.io.netty.channel.nio.NioEventLoop.processSelectedKeysOptimized(NioEventLoop.java:579)
	at org.apache.ratis.thirdparty.io.netty.channel.nio.NioEventLoop.processSelectedKeys(NioEventLoop.java:496)
	at org.apache.ratis.thirdparty.io.netty.channel.nio.NioEventLoop.run(NioEventLoop.java:458)
	at org.apache.ratis.thirdparty.io.netty.util.concurrent.SingleThreadEventExecutor$5.run(SingleThreadEventExecutor.java:897)
	at org.apache.ratis.thirdparty.io.netty.util.concurrent.FastThreadLocalRunnable.run(FastThreadLocalRunnable.java:30)
	... 1 more
Caused by: java.net.ConnectException: Connection refused
	... 11 more
2019-09-06 22:20:55,971 [42d29a8d-ec6e-4d7b-90f4-90463a45c878@group-59362D9BDB11:LeaderElection15] INFO  impl.LeaderElection (LogUtils.java:infoOrTrace(149)) -   Exception 1: {}
java.util.concurrent.ExecutionException: org.apache.ratis.thirdparty.io.grpc.StatusRuntimeException: UNAVAILABLE: io exception
	at java.util.concurrent.FutureTask.report(FutureTask.java:122)
	at java.util.concurrent.FutureTask.get(FutureTask.java:192)
	at org.apache.ratis.server.impl.LeaderElection.waitForResults(LeaderElection.java:263)
	at org.apache.ratis.server.impl.LeaderElection.askForVotes(LeaderElection.java:201)
	at org.apache.ratis.server.impl.LeaderElection.run(LeaderElection.java:133)
	at java.lang.Thread.run(Thread.java:748)
Caused by: org.apache.ratis.thirdparty.io.grpc.StatusRuntimeException: UNAVAILABLE: io exception
	at org.apache.ratis.thirdparty.io.grpc.stub.ClientCalls.toStatusRuntimeException(ClientCalls.java:233)
	at org.apache.ratis.thirdparty.io.grpc.stub.ClientCalls.getUnchecked(ClientCalls.java:214)
	at org.apache.ratis.thirdparty.io.grpc.stub.ClientCalls.blockingUnaryCall(ClientCalls.java:139)
	at org.apache.ratis.proto.grpc.RaftServerProtocolServiceGrpc$RaftServerProtocolServiceBlockingStub.requestVote(RaftServerProtocolServiceGrpc.java:265)
	at org.apache.ratis.grpc.server.GrpcServerProtocolClient.requestVote(GrpcServerProtocolClient.java:90)
	at org.apache.ratis.grpc.server.GrpcService.requestVote(GrpcService.java:204)
	at org.apache.ratis.server.impl.LeaderElection.lambda$submitRequests$1(LeaderElection.java:238)
	at java.util.concurrent.FutureTask.run(FutureTask.java:266)
	at java.util.concurrent.Executors$RunnableAdapter.call(Executors.java:511)
	at java.util.concurrent.FutureTask.run(FutureTask.java:266)
	at java.util.concurrent.ThreadPoolExecutor.runWorker(ThreadPoolExecutor.java:1149)
	at java.util.concurrent.ThreadPoolExecutor$Worker.run(ThreadPoolExecutor.java:624)
	... 1 more
Caused by: org.apache.ratis.thirdparty.io.netty.channel.AbstractChannel$AnnotatedConnectException: Connection refused: /192.168.36.96:46741
	at sun.nio.ch.SocketChannelImpl.checkConnect(Native Method)
	at sun.nio.ch.SocketChannelImpl.finishConnect(SocketChannelImpl.java:717)
	at org.apache.ratis.thirdparty.io.netty.channel.socket.nio.NioSocketChannel.doFinishConnect(NioSocketChannel.java:327)
	at org.apache.ratis.thirdparty.io.netty.channel.nio.AbstractNioChannel$AbstractNioUnsafe.finishConnect(AbstractNioChannel.java:340)
	at org.apache.ratis.thirdparty.io.netty.channel.nio.NioEventLoop.processSelectedKey(NioEventLoop.java:632)
	at org.apache.ratis.thirdparty.io.netty.channel.nio.NioEventLoop.processSelectedKeysOptimized(NioEventLoop.java:579)
	at org.apache.ratis.thirdparty.io.netty.channel.nio.NioEventLoop.processSelectedKeys(NioEventLoop.java:496)
	at org.apache.ratis.thirdparty.io.netty.channel.nio.NioEventLoop.run(NioEventLoop.java:458)
	at org.apache.ratis.thirdparty.io.netty.util.concurrent.SingleThreadEventExecutor$5.run(SingleThreadEventExecutor.java:897)
	at org.apache.ratis.thirdparty.io.netty.util.concurrent.FastThreadLocalRunnable.run(FastThreadLocalRunnable.java:30)
	... 1 more
Caused by: java.net.ConnectException: Connection refused
	... 11 more
2019-09-06 22:20:55,972 [42d29a8d-ec6e-4d7b-90f4-90463a45c878@group-59362D9BDB11:LeaderElection15] INFO  impl.RaftServerImpl (RaftServerImpl.java:setRole(174)) - 42d29a8d-ec6e-4d7b-90f4-90463a45c878@group-59362D9BDB11: changes role from CANDIDATE to FOLLOWER at term 3 for DISCOVERED_A_NEW_TERM
2019-09-06 22:20:55,972 [42d29a8d-ec6e-4d7b-90f4-90463a45c878@group-59362D9BDB11:LeaderElection15] INFO  impl.RoleInfo (RoleInfo.java:shutdownLeaderElection(134)) - 42d29a8d-ec6e-4d7b-90f4-90463a45c878: shutdown LeaderElection
2019-09-06 22:20:55,972 [42d29a8d-ec6e-4d7b-90f4-90463a45c878@group-59362D9BDB11:LeaderElection15] INFO  impl.RoleInfo (RoleInfo.java:updateAndGet(143)) - 42d29a8d-ec6e-4d7b-90f4-90463a45c878: start FollowerState
2019-09-06 22:20:56,044 [grpc-default-executor-2] INFO  client.GrpcClientProtocolClient (GrpcClientProtocolClient.java:onNext(264)) - client-21ADCD270D8F->42d29a8d-ec6e-4d7b-90f4-90463a45c878: receive RaftClientReply:client-21ADCD270D8F->42d29a8d-ec6e-4d7b-90f4-90463a45c878@group-59362D9BDB11, cid=22, FAILED org.apache.ratis.protocol.NotLeaderException: Server 42d29a8d-ec6e-4d7b-90f4-90463a45c878@group-59362D9BDB11 is not the leader, logIndex=0, commits[42d29a8d-ec6e-4d7b-90f4-90463a45c878:c16, df3d14c4-da09-4933-9de6-7132a09f046b:c16, bc6fdb93-666a-4701-ac8e-a64642c98c17:c16]
2019-09-06 22:20:59,105 [grpc-default-executor-4] INFO  client.GrpcClientProtocolClient (GrpcClientProtocolClient.java:onNext(264)) - client-21ADCD270D8F->42d29a8d-ec6e-4d7b-90f4-90463a45c878: receive RaftClientReply:client-21ADCD270D8F->42d29a8d-ec6e-4d7b-90f4-90463a45c878@group-59362D9BDB11, cid=22, FAILED org.apache.ratis.protocol.NotLeaderException: Server 42d29a8d-ec6e-4d7b-90f4-90463a45c878@group-59362D9BDB11 is not the leader, logIndex=0, commits[42d29a8d-ec6e-4d7b-90f4-90463a45c878:c16, df3d14c4-da09-4933-9de6-7132a09f046b:c16, bc6fdb93-666a-4701-ac8e-a64642c98c17:c16]
2019-09-06 22:21:01,078 [Thread-432] INFO  impl.FollowerState (FollowerState.java:run(106)) - 42d29a8d-ec6e-4d7b-90f4-90463a45c878:group-59362D9BDB11 changes to CANDIDATE, lastRpcTime:5105, electionTimeout:5105ms
2019-09-06 22:21:01,081 [Thread-432] INFO  impl.RoleInfo (RoleInfo.java:shutdownFollowerState(121)) - 42d29a8d-ec6e-4d7b-90f4-90463a45c878: shutdown FollowerState
2019-09-06 22:21:01,082 [Thread-432] INFO  impl.RaftServerImpl (RaftServerImpl.java:setRole(174)) - 42d29a8d-ec6e-4d7b-90f4-90463a45c878@group-59362D9BDB11: changes role from  FOLLOWER to CANDIDATE at term 3 for changeToCandidate
2019-09-06 22:21:01,082 [Thread-432] INFO  impl.RoleInfo (RoleInfo.java:updateAndGet(143)) - 42d29a8d-ec6e-4d7b-90f4-90463a45c878: start LeaderElection
2019-09-06 22:21:01,135 [42d29a8d-ec6e-4d7b-90f4-90463a45c878@group-59362D9BDB11:LeaderElection16] INFO  impl.LeaderElection (LeaderElection.java:askForVotes(182)) - 42d29a8d-ec6e-4d7b-90f4-90463a45c878@group-59362D9BDB11:LeaderElection16: begin an election at term 4 for 0: [df3d14c4-da09-4933-9de6-7132a09f046b:192.168.36.96:46580, 42d29a8d-ec6e-4d7b-90f4-90463a45c878:192.168.36.96:45962, bc6fdb93-666a-4701-ac8e-a64642c98c17:192.168.36.96:46741], old=null
2019-09-06 22:21:01,140 [42d29a8d-ec6e-4d7b-90f4-90463a45c878@group-59362D9BDB11:LeaderElection16] INFO  impl.LeaderElection (LogUtils.java:infoOrTrace(149)) - 42d29a8d-ec6e-4d7b-90f4-90463a45c878@group-59362D9BDB11:LeaderElection16 got exception when requesting votes: {}
java.util.concurrent.ExecutionException: org.apache.ratis.thirdparty.io.grpc.StatusRuntimeException: UNAVAILABLE: io exception
	at java.util.concurrent.FutureTask.report(FutureTask.java:122)
	at java.util.concurrent.FutureTask.get(FutureTask.java:192)
	at org.apache.ratis.server.impl.LeaderElection.waitForResults(LeaderElection.java:263)
	at org.apache.ratis.server.impl.LeaderElection.askForVotes(LeaderElection.java:201)
	at org.apache.ratis.server.impl.LeaderElection.run(LeaderElection.java:133)
	at java.lang.Thread.run(Thread.java:748)
Caused by: org.apache.ratis.thirdparty.io.grpc.StatusRuntimeException: UNAVAILABLE: io exception
	at org.apache.ratis.thirdparty.io.grpc.stub.ClientCalls.toStatusRuntimeException(ClientCalls.java:233)
	at org.apache.ratis.thirdparty.io.grpc.stub.ClientCalls.getUnchecked(ClientCalls.java:214)
	at org.apache.ratis.thirdparty.io.grpc.stub.ClientCalls.blockingUnaryCall(ClientCalls.java:139)
	at org.apache.ratis.proto.grpc.RaftServerProtocolServiceGrpc$RaftServerProtocolServiceBlockingStub.requestVote(RaftServerProtocolServiceGrpc.java:265)
	at org.apache.ratis.grpc.server.GrpcServerProtocolClient.requestVote(GrpcServerProtocolClient.java:90)
	at org.apache.ratis.grpc.server.GrpcService.requestVote(GrpcService.java:204)
	at org.apache.ratis.server.impl.LeaderElection.lambda$submitRequests$1(LeaderElection.java:238)
	at java.util.concurrent.FutureTask.run(FutureTask.java:266)
	at java.util.concurrent.Executors$RunnableAdapter.call(Executors.java:511)
	at java.util.concurrent.FutureTask.run(FutureTask.java:266)
	at java.util.concurrent.ThreadPoolExecutor.runWorker(ThreadPoolExecutor.java:1149)
	at java.util.concurrent.ThreadPoolExecutor$Worker.run(ThreadPoolExecutor.java:624)
	... 1 more
Caused by: org.apache.ratis.thirdparty.io.netty.channel.AbstractChannel$AnnotatedConnectException: Connection refused: /192.168.36.96:46580
	at sun.nio.ch.SocketChannelImpl.checkConnect(Native Method)
	at sun.nio.ch.SocketChannelImpl.finishConnect(SocketChannelImpl.java:717)
	at org.apache.ratis.thirdparty.io.netty.channel.socket.nio.NioSocketChannel.doFinishConnect(NioSocketChannel.java:327)
	at org.apache.ratis.thirdparty.io.netty.channel.nio.AbstractNioChannel$AbstractNioUnsafe.finishConnect(AbstractNioChannel.java:340)
	at org.apache.ratis.thirdparty.io.netty.channel.nio.NioEventLoop.processSelectedKey(NioEventLoop.java:632)
	at org.apache.ratis.thirdparty.io.netty.channel.nio.NioEventLoop.processSelectedKeysOptimized(NioEventLoop.java:579)
	at org.apache.ratis.thirdparty.io.netty.channel.nio.NioEventLoop.processSelectedKeys(NioEventLoop.java:496)
	at org.apache.ratis.thirdparty.io.netty.channel.nio.NioEventLoop.run(NioEventLoop.java:458)
	at org.apache.ratis.thirdparty.io.netty.util.concurrent.SingleThreadEventExecutor$5.run(SingleThreadEventExecutor.java:897)
	at org.apache.ratis.thirdparty.io.netty.util.concurrent.FastThreadLocalRunnable.run(FastThreadLocalRunnable.java:30)
	... 1 more
Caused by: java.net.ConnectException: Connection refused
	... 11 more
2019-09-06 22:21:01,141 [42d29a8d-ec6e-4d7b-90f4-90463a45c878@group-59362D9BDB11:LeaderElection16] INFO  impl.LeaderElection (LogUtils.java:infoOrTrace(149)) - 42d29a8d-ec6e-4d7b-90f4-90463a45c878@group-59362D9BDB11:LeaderElection16 got exception when requesting votes: {}
java.util.concurrent.ExecutionException: org.apache.ratis.thirdparty.io.grpc.StatusRuntimeException: UNAVAILABLE: io exception
	at java.util.concurrent.FutureTask.report(FutureTask.java:122)
	at java.util.concurrent.FutureTask.get(FutureTask.java:192)
	at org.apache.ratis.server.impl.LeaderElection.waitForResults(LeaderElection.java:263)
	at org.apache.ratis.server.impl.LeaderElection.askForVotes(LeaderElection.java:201)
	at org.apache.ratis.server.impl.LeaderElection.run(LeaderElection.java:133)
	at java.lang.Thread.run(Thread.java:748)
Caused by: org.apache.ratis.thirdparty.io.grpc.StatusRuntimeException: UNAVAILABLE: io exception
	at org.apache.ratis.thirdparty.io.grpc.stub.ClientCalls.toStatusRuntimeException(ClientCalls.java:233)
	at org.apache.ratis.thirdparty.io.grpc.stub.ClientCalls.getUnchecked(ClientCalls.java:214)
	at org.apache.ratis.thirdparty.io.grpc.stub.ClientCalls.blockingUnaryCall(ClientCalls.java:139)
	at org.apache.ratis.proto.grpc.RaftServerProtocolServiceGrpc$RaftServerProtocolServiceBlockingStub.requestVote(RaftServerProtocolServiceGrpc.java:265)
	at org.apache.ratis.grpc.server.GrpcServerProtocolClient.requestVote(GrpcServerProtocolClient.java:90)
	at org.apache.ratis.grpc.server.GrpcService.requestVote(GrpcService.java:204)
	at org.apache.ratis.server.impl.LeaderElection.lambda$submitRequests$1(LeaderElection.java:238)
	at java.util.concurrent.FutureTask.run(FutureTask.java:266)
	at java.util.concurrent.Executors$RunnableAdapter.call(Executors.java:511)
	at java.util.concurrent.FutureTask.run(FutureTask.java:266)
	at java.util.concurrent.ThreadPoolExecutor.runWorker(ThreadPoolExecutor.java:1149)
	at java.util.concurrent.ThreadPoolExecutor$Worker.run(ThreadPoolExecutor.java:624)
	... 1 more
Caused by: org.apache.ratis.thirdparty.io.netty.channel.AbstractChannel$AnnotatedConnectException: Connection refused: /192.168.36.96:46741
	at sun.nio.ch.SocketChannelImpl.checkConnect(Native Method)
	at sun.nio.ch.SocketChannelImpl.finishConnect(SocketChannelImpl.java:717)
	at org.apache.ratis.thirdparty.io.netty.channel.socket.nio.NioSocketChannel.doFinishConnect(NioSocketChannel.java:327)
	at org.apache.ratis.thirdparty.io.netty.channel.nio.AbstractNioChannel$AbstractNioUnsafe.finishConnect(AbstractNioChannel.java:340)
	at org.apache.ratis.thirdparty.io.netty.channel.nio.NioEventLoop.processSelectedKey(NioEventLoop.java:632)
	at org.apache.ratis.thirdparty.io.netty.channel.nio.NioEventLoop.processSelectedKeysOptimized(NioEventLoop.java:579)
	at org.apache.ratis.thirdparty.io.netty.channel.nio.NioEventLoop.processSelectedKeys(NioEventLoop.java:496)
	at org.apache.ratis.thirdparty.io.netty.channel.nio.NioEventLoop.run(NioEventLoop.java:458)
	at org.apache.ratis.thirdparty.io.netty.util.concurrent.SingleThreadEventExecutor$5.run(SingleThreadEventExecutor.java:897)
	at org.apache.ratis.thirdparty.io.netty.util.concurrent.FastThreadLocalRunnable.run(FastThreadLocalRunnable.java:30)
	... 1 more
Caused by: java.net.ConnectException: Connection refused
	... 11 more
2019-09-06 22:21:01,143 [42d29a8d-ec6e-4d7b-90f4-90463a45c878@group-59362D9BDB11:LeaderElection16] INFO  impl.LeaderElection (LeaderElection.java:logAndReturn(56)) - 42d29a8d-ec6e-4d7b-90f4-90463a45c878@group-59362D9BDB11:LeaderElection16: Election REJECTED; received 0 response(s) [] and 2 exception(s); 42d29a8d-ec6e-4d7b-90f4-90463a45c878@group-59362D9BDB11:t4, leader=null, voted=42d29a8d-ec6e-4d7b-90f4-90463a45c878, raftlog=42d29a8d-ec6e-4d7b-90f4-90463a45c878@group-59362D9BDB11-SegmentedRaftLog:OPENED:c16,f16,i16, conf=0: [df3d14c4-da09-4933-9de6-7132a09f046b:192.168.36.96:46580, 42d29a8d-ec6e-4d7b-90f4-90463a45c878:192.168.36.96:45962, bc6fdb93-666a-4701-ac8e-a64642c98c17:192.168.36.96:46741], old=null
2019-09-06 22:21:01,143 [42d29a8d-ec6e-4d7b-90f4-90463a45c878@group-59362D9BDB11:LeaderElection16] INFO  impl.LeaderElection (LogUtils.java:infoOrTrace(149)) -   Exception 0: {}
java.util.concurrent.ExecutionException: org.apache.ratis.thirdparty.io.grpc.StatusRuntimeException: UNAVAILABLE: io exception
	at java.util.concurrent.FutureTask.report(FutureTask.java:122)
	at java.util.concurrent.FutureTask.get(FutureTask.java:192)
	at org.apache.ratis.server.impl.LeaderElection.waitForResults(LeaderElection.java:263)
	at org.apache.ratis.server.impl.LeaderElection.askForVotes(LeaderElection.java:201)
	at org.apache.ratis.server.impl.LeaderElection.run(LeaderElection.java:133)
	at java.lang.Thread.run(Thread.java:748)
Caused by: org.apache.ratis.thirdparty.io.grpc.StatusRuntimeException: UNAVAILABLE: io exception
	at org.apache.ratis.thirdparty.io.grpc.stub.ClientCalls.toStatusRuntimeException(ClientCalls.java:233)
	at org.apache.ratis.thirdparty.io.grpc.stub.ClientCalls.getUnchecked(ClientCalls.java:214)
	at org.apache.ratis.thirdparty.io.grpc.stub.ClientCalls.blockingUnaryCall(ClientCalls.java:139)
	at org.apache.ratis.proto.grpc.RaftServerProtocolServiceGrpc$RaftServerProtocolServiceBlockingStub.requestVote(RaftServerProtocolServiceGrpc.java:265)
	at org.apache.ratis.grpc.server.GrpcServerProtocolClient.requestVote(GrpcServerProtocolClient.java:90)
	at org.apache.ratis.grpc.server.GrpcService.requestVote(GrpcService.java:204)
	at org.apache.ratis.server.impl.LeaderElection.lambda$submitRequests$1(LeaderElection.java:238)
	at java.util.concurrent.FutureTask.run(FutureTask.java:266)
	at java.util.concurrent.Executors$RunnableAdapter.call(Executors.java:511)
	at java.util.concurrent.FutureTask.run(FutureTask.java:266)
	at java.util.concurrent.ThreadPoolExecutor.runWorker(ThreadPoolExecutor.java:1149)
	at java.util.concurrent.ThreadPoolExecutor$Worker.run(ThreadPoolExecutor.java:624)
	... 1 more
Caused by: org.apache.ratis.thirdparty.io.netty.channel.AbstractChannel$AnnotatedConnectException: Connection refused: /192.168.36.96:46580
	at sun.nio.ch.SocketChannelImpl.checkConnect(Native Method)
	at sun.nio.ch.SocketChannelImpl.finishConnect(SocketChannelImpl.java:717)
	at org.apache.ratis.thirdparty.io.netty.channel.socket.nio.NioSocketChannel.doFinishConnect(NioSocketChannel.java:327)
	at org.apache.ratis.thirdparty.io.netty.channel.nio.AbstractNioChannel$AbstractNioUnsafe.finishConnect(AbstractNioChannel.java:340)
	at org.apache.ratis.thirdparty.io.netty.channel.nio.NioEventLoop.processSelectedKey(NioEventLoop.java:632)
	at org.apache.ratis.thirdparty.io.netty.channel.nio.NioEventLoop.processSelectedKeysOptimized(NioEventLoop.java:579)
	at org.apache.ratis.thirdparty.io.netty.channel.nio.NioEventLoop.processSelectedKeys(NioEventLoop.java:496)
	at org.apache.ratis.thirdparty.io.netty.channel.nio.NioEventLoop.run(NioEventLoop.java:458)
	at org.apache.ratis.thirdparty.io.netty.util.concurrent.SingleThreadEventExecutor$5.run(SingleThreadEventExecutor.java:897)
	at org.apache.ratis.thirdparty.io.netty.util.concurrent.FastThreadLocalRunnable.run(FastThreadLocalRunnable.java:30)
	... 1 more
Caused by: java.net.ConnectException: Connection refused
	... 11 more
2019-09-06 22:21:01,143 [42d29a8d-ec6e-4d7b-90f4-90463a45c878@group-59362D9BDB11:LeaderElection16] INFO  impl.LeaderElection (LogUtils.java:infoOrTrace(149)) -   Exception 1: {}
java.util.concurrent.ExecutionException: org.apache.ratis.thirdparty.io.grpc.StatusRuntimeException: UNAVAILABLE: io exception
	at java.util.concurrent.FutureTask.report(FutureTask.java:122)
	at java.util.concurrent.FutureTask.get(FutureTask.java:192)
	at org.apache.ratis.server.impl.LeaderElection.waitForResults(LeaderElection.java:263)
	at org.apache.ratis.server.impl.LeaderElection.askForVotes(LeaderElection.java:201)
	at org.apache.ratis.server.impl.LeaderElection.run(LeaderElection.java:133)
	at java.lang.Thread.run(Thread.java:748)
Caused by: org.apache.ratis.thirdparty.io.grpc.StatusRuntimeException: UNAVAILABLE: io exception
	at org.apache.ratis.thirdparty.io.grpc.stub.ClientCalls.toStatusRuntimeException(ClientCalls.java:233)
	at org.apache.ratis.thirdparty.io.grpc.stub.ClientCalls.getUnchecked(ClientCalls.java:214)
	at org.apache.ratis.thirdparty.io.grpc.stub.ClientCalls.blockingUnaryCall(ClientCalls.java:139)
	at org.apache.ratis.proto.grpc.RaftServerProtocolServiceGrpc$RaftServerProtocolServiceBlockingStub.requestVote(RaftServerProtocolServiceGrpc.java:265)
	at org.apache.ratis.grpc.server.GrpcServerProtocolClient.requestVote(GrpcServerProtocolClient.java:90)
	at org.apache.ratis.grpc.server.GrpcService.requestVote(GrpcService.java:204)
	at org.apache.ratis.server.impl.LeaderElection.lambda$submitRequests$1(LeaderElection.java:238)
	at java.util.concurrent.FutureTask.run(FutureTask.java:266)
	at java.util.concurrent.Executors$RunnableAdapter.call(Executors.java:511)
	at java.util.concurrent.FutureTask.run(FutureTask.java:266)
	at java.util.concurrent.ThreadPoolExecutor.runWorker(ThreadPoolExecutor.java:1149)
	at java.util.concurrent.ThreadPoolExecutor$Worker.run(ThreadPoolExecutor.java:624)
	... 1 more
Caused by: org.apache.ratis.thirdparty.io.netty.channel.AbstractChannel$AnnotatedConnectException: Connection refused: /192.168.36.96:46741
	at sun.nio.ch.SocketChannelImpl.checkConnect(Native Method)
	at sun.nio.ch.SocketChannelImpl.finishConnect(SocketChannelImpl.java:717)
	at org.apache.ratis.thirdparty.io.netty.channel.socket.nio.NioSocketChannel.doFinishConnect(NioSocketChannel.java:327)
	at org.apache.ratis.thirdparty.io.netty.channel.nio.AbstractNioChannel$AbstractNioUnsafe.finishConnect(AbstractNioChannel.java:340)
	at org.apache.ratis.thirdparty.io.netty.channel.nio.NioEventLoop.processSelectedKey(NioEventLoop.java:632)
	at org.apache.ratis.thirdparty.io.netty.channel.nio.NioEventLoop.processSelectedKeysOptimized(NioEventLoop.java:579)
	at org.apache.ratis.thirdparty.io.netty.channel.nio.NioEventLoop.processSelectedKeys(NioEventLoop.java:496)
	at org.apache.ratis.thirdparty.io.netty.channel.nio.NioEventLoop.run(NioEventLoop.java:458)
	at org.apache.ratis.thirdparty.io.netty.util.concurrent.SingleThreadEventExecutor$5.run(SingleThreadEventExecutor.java:897)
	at org.apache.ratis.thirdparty.io.netty.util.concurrent.FastThreadLocalRunnable.run(FastThreadLocalRunnable.java:30)
	... 1 more
Caused by: java.net.ConnectException: Connection refused
	... 11 more
2019-09-06 22:21:01,144 [42d29a8d-ec6e-4d7b-90f4-90463a45c878@group-59362D9BDB11:LeaderElection16] INFO  impl.RaftServerImpl (RaftServerImpl.java:setRole(174)) - 42d29a8d-ec6e-4d7b-90f4-90463a45c878@group-59362D9BDB11: changes role from CANDIDATE to FOLLOWER at term 4 for DISCOVERED_A_NEW_TERM
2019-09-06 22:21:01,144 [42d29a8d-ec6e-4d7b-90f4-90463a45c878@group-59362D9BDB11:LeaderElection16] INFO  impl.RoleInfo (RoleInfo.java:shutdownLeaderElection(134)) - 42d29a8d-ec6e-4d7b-90f4-90463a45c878: shutdown LeaderElection
2019-09-06 22:21:01,144 [42d29a8d-ec6e-4d7b-90f4-90463a45c878@group-59362D9BDB11:LeaderElection16] INFO  impl.RoleInfo (RoleInfo.java:updateAndGet(143)) - 42d29a8d-ec6e-4d7b-90f4-90463a45c878: start FollowerState
2019-09-06 22:21:02,174 [grpc-default-executor-1] INFO  client.GrpcClientProtocolClient (GrpcClientProtocolClient.java:onNext(264)) - client-21ADCD270D8F->42d29a8d-ec6e-4d7b-90f4-90463a45c878: receive RaftClientReply:client-21ADCD270D8F->42d29a8d-ec6e-4d7b-90f4-90463a45c878@group-59362D9BDB11, cid=22, FAILED org.apache.ratis.protocol.NotLeaderException: Server 42d29a8d-ec6e-4d7b-90f4-90463a45c878@group-59362D9BDB11 is not the leader, logIndex=0, commits[42d29a8d-ec6e-4d7b-90f4-90463a45c878:c16, df3d14c4-da09-4933-9de6-7132a09f046b:c16, bc6fdb93-666a-4701-ac8e-a64642c98c17:c16]
2019-09-06 22:21:06,239 [Thread-447] INFO  impl.FollowerState (FollowerState.java:run(106)) - 42d29a8d-ec6e-4d7b-90f4-90463a45c878:group-59362D9BDB11 changes to CANDIDATE, lastRpcTime:5094, electionTimeout:5094ms
2019-09-06 22:21:06,240 [Thread-447] INFO  impl.RoleInfo (RoleInfo.java:shutdownFollowerState(121)) - 42d29a8d-ec6e-4d7b-90f4-90463a45c878: shutdown FollowerState
2019-09-06 22:21:06,240 [Thread-447] INFO  impl.RaftServerImpl (RaftServerImpl.java:setRole(174)) - 42d29a8d-ec6e-4d7b-90f4-90463a45c878@group-59362D9BDB11: changes role from  FOLLOWER to CANDIDATE at term 4 for changeToCandidate
2019-09-06 22:21:06,241 [Thread-447] INFO  impl.RoleInfo (RoleInfo.java:updateAndGet(143)) - 42d29a8d-ec6e-4d7b-90f4-90463a45c878: start LeaderElection
2019-09-06 22:21:06,250 [grpc-default-executor-4] INFO  client.GrpcClientProtocolClient (GrpcClientProtocolClient.java:onNext(264)) - client-21ADCD270D8F->42d29a8d-ec6e-4d7b-90f4-90463a45c878: receive RaftClientReply:client-21ADCD270D8F->42d29a8d-ec6e-4d7b-90f4-90463a45c878@group-59362D9BDB11, cid=22, FAILED org.apache.ratis.protocol.NotLeaderException: Server 42d29a8d-ec6e-4d7b-90f4-90463a45c878@group-59362D9BDB11 is not the leader, logIndex=0, commits[42d29a8d-ec6e-4d7b-90f4-90463a45c878:c16, df3d14c4-da09-4933-9de6-7132a09f046b:c16, bc6fdb93-666a-4701-ac8e-a64642c98c17:c16]
2019-09-06 22:21:06,277 [42d29a8d-ec6e-4d7b-90f4-90463a45c878@group-59362D9BDB11:LeaderElection17] INFO  impl.LeaderElection (LeaderElection.java:askForVotes(182)) - 42d29a8d-ec6e-4d7b-90f4-90463a45c878@group-59362D9BDB11:LeaderElection17: begin an election at term 5 for 0: [df3d14c4-da09-4933-9de6-7132a09f046b:192.168.36.96:46580, 42d29a8d-ec6e-4d7b-90f4-90463a45c878:192.168.36.96:45962, bc6fdb93-666a-4701-ac8e-a64642c98c17:192.168.36.96:46741], old=null
2019-09-06 22:21:06,280 [42d29a8d-ec6e-4d7b-90f4-90463a45c878@group-59362D9BDB11:LeaderElection17] INFO  impl.LeaderElection (LogUtils.java:infoOrTrace(149)) - 42d29a8d-ec6e-4d7b-90f4-90463a45c878@group-59362D9BDB11:LeaderElection17 got exception when requesting votes: {}
java.util.concurrent.ExecutionException: org.apache.ratis.thirdparty.io.grpc.StatusRuntimeException: UNAVAILABLE: io exception
	at java.util.concurrent.FutureTask.report(FutureTask.java:122)
	at java.util.concurrent.FutureTask.get(FutureTask.java:192)
	at org.apache.ratis.server.impl.LeaderElection.waitForResults(LeaderElection.java:263)
	at org.apache.ratis.server.impl.LeaderElection.askForVotes(LeaderElection.java:201)
	at org.apache.ratis.server.impl.LeaderElection.run(LeaderElection.java:133)
	at java.lang.Thread.run(Thread.java:748)
Caused by: org.apache.ratis.thirdparty.io.grpc.StatusRuntimeException: UNAVAILABLE: io exception
	at org.apache.ratis.thirdparty.io.grpc.stub.ClientCalls.toStatusRuntimeException(ClientCalls.java:233)
	at org.apache.ratis.thirdparty.io.grpc.stub.ClientCalls.getUnchecked(ClientCalls.java:214)
	at org.apache.ratis.thirdparty.io.grpc.stub.ClientCalls.blockingUnaryCall(ClientCalls.java:139)
	at org.apache.ratis.proto.grpc.RaftServerProtocolServiceGrpc$RaftServerProtocolServiceBlockingStub.requestVote(RaftServerProtocolServiceGrpc.java:265)
	at org.apache.ratis.grpc.server.GrpcServerProtocolClient.requestVote(GrpcServerProtocolClient.java:90)
	at org.apache.ratis.grpc.server.GrpcService.requestVote(GrpcService.java:204)
	at org.apache.ratis.server.impl.LeaderElection.lambda$submitRequests$1(LeaderElection.java:238)
	at java.util.concurrent.FutureTask.run(FutureTask.java:266)
	at java.util.concurrent.Executors$RunnableAdapter.call(Executors.java:511)
	at java.util.concurrent.FutureTask.run(FutureTask.java:266)
	at java.util.concurrent.ThreadPoolExecutor.runWorker(ThreadPoolExecutor.java:1149)
	at java.util.concurrent.ThreadPoolExecutor$Worker.run(ThreadPoolExecutor.java:624)
	... 1 more
Caused by: org.apache.ratis.thirdparty.io.netty.channel.AbstractChannel$AnnotatedConnectException: Connection refused: /192.168.36.96:46580
	at sun.nio.ch.SocketChannelImpl.checkConnect(Native Method)
	at sun.nio.ch.SocketChannelImpl.finishConnect(SocketChannelImpl.java:717)
	at org.apache.ratis.thirdparty.io.netty.channel.socket.nio.NioSocketChannel.doFinishConnect(NioSocketChannel.java:327)
	at org.apache.ratis.thirdparty.io.netty.channel.nio.AbstractNioChannel$AbstractNioUnsafe.finishConnect(AbstractNioChannel.java:340)
	at org.apache.ratis.thirdparty.io.netty.channel.nio.NioEventLoop.processSelectedKey(NioEventLoop.java:632)
	at org.apache.ratis.thirdparty.io.netty.channel.nio.NioEventLoop.processSelectedKeysOptimized(NioEventLoop.java:579)
	at org.apache.ratis.thirdparty.io.netty.channel.nio.NioEventLoop.processSelectedKeys(NioEventLoop.java:496)
	at org.apache.ratis.thirdparty.io.netty.channel.nio.NioEventLoop.run(NioEventLoop.java:458)
	at org.apache.ratis.thirdparty.io.netty.util.concurrent.SingleThreadEventExecutor$5.run(SingleThreadEventExecutor.java:897)
	at org.apache.ratis.thirdparty.io.netty.util.concurrent.FastThreadLocalRunnable.run(FastThreadLocalRunnable.java:30)
	... 1 more
Caused by: java.net.ConnectException: Connection refused
	... 11 more
2019-09-06 22:21:06,282 [42d29a8d-ec6e-4d7b-90f4-90463a45c878@group-59362D9BDB11:LeaderElection17] INFO  impl.LeaderElection (LogUtils.java:infoOrTrace(149)) - 42d29a8d-ec6e-4d7b-90f4-90463a45c878@group-59362D9BDB11:LeaderElection17 got exception when requesting votes: {}
java.util.concurrent.ExecutionException: org.apache.ratis.thirdparty.io.grpc.StatusRuntimeException: UNAVAILABLE: io exception
	at java.util.concurrent.FutureTask.report(FutureTask.java:122)
	at java.util.concurrent.FutureTask.get(FutureTask.java:192)
	at org.apache.ratis.server.impl.LeaderElection.waitForResults(LeaderElection.java:263)
	at org.apache.ratis.server.impl.LeaderElection.askForVotes(LeaderElection.java:201)
	at org.apache.ratis.server.impl.LeaderElection.run(LeaderElection.java:133)
	at java.lang.Thread.run(Thread.java:748)
Caused by: org.apache.ratis.thirdparty.io.grpc.StatusRuntimeException: UNAVAILABLE: io exception
	at org.apache.ratis.thirdparty.io.grpc.stub.ClientCalls.toStatusRuntimeException(ClientCalls.java:233)
	at org.apache.ratis.thirdparty.io.grpc.stub.ClientCalls.getUnchecked(ClientCalls.java:214)
	at org.apache.ratis.thirdparty.io.grpc.stub.ClientCalls.blockingUnaryCall(ClientCalls.java:139)
	at org.apache.ratis.proto.grpc.RaftServerProtocolServiceGrpc$RaftServerProtocolServiceBlockingStub.requestVote(RaftServerProtocolServiceGrpc.java:265)
	at org.apache.ratis.grpc.server.GrpcServerProtocolClient.requestVote(GrpcServerProtocolClient.java:90)
	at org.apache.ratis.grpc.server.GrpcService.requestVote(GrpcService.java:204)
	at org.apache.ratis.server.impl.LeaderElection.lambda$submitRequests$1(LeaderElection.java:238)
	at java.util.concurrent.FutureTask.run(FutureTask.java:266)
	at java.util.concurrent.Executors$RunnableAdapter.call(Executors.java:511)
	at java.util.concurrent.FutureTask.run(FutureTask.java:266)
	at java.util.concurrent.ThreadPoolExecutor.runWorker(ThreadPoolExecutor.java:1149)
	at java.util.concurrent.ThreadPoolExecutor$Worker.run(ThreadPoolExecutor.java:624)
	... 1 more
Caused by: org.apache.ratis.thirdparty.io.netty.channel.AbstractChannel$AnnotatedConnectException: Connection refused: /192.168.36.96:46741
	at sun.nio.ch.SocketChannelImpl.checkConnect(Native Method)
	at sun.nio.ch.SocketChannelImpl.finishConnect(SocketChannelImpl.java:717)
	at org.apache.ratis.thirdparty.io.netty.channel.socket.nio.NioSocketChannel.doFinishConnect(NioSocketChannel.java:327)
	at org.apache.ratis.thirdparty.io.netty.channel.nio.AbstractNioChannel$AbstractNioUnsafe.finishConnect(AbstractNioChannel.java:340)
	at org.apache.ratis.thirdparty.io.netty.channel.nio.NioEventLoop.processSelectedKey(NioEventLoop.java:632)
	at org.apache.ratis.thirdparty.io.netty.channel.nio.NioEventLoop.processSelectedKeysOptimized(NioEventLoop.java:579)
	at org.apache.ratis.thirdparty.io.netty.channel.nio.NioEventLoop.processSelectedKeys(NioEventLoop.java:496)
	at org.apache.ratis.thirdparty.io.netty.channel.nio.NioEventLoop.run(NioEventLoop.java:458)
	at org.apache.ratis.thirdparty.io.netty.util.concurrent.SingleThreadEventExecutor$5.run(SingleThreadEventExecutor.java:897)
	at org.apache.ratis.thirdparty.io.netty.util.concurrent.FastThreadLocalRunnable.run(FastThreadLocalRunnable.java:30)
	... 1 more
Caused by: java.net.ConnectException: Connection refused
	... 11 more
2019-09-06 22:21:06,285 [42d29a8d-ec6e-4d7b-90f4-90463a45c878@group-59362D9BDB11:LeaderElection17] INFO  impl.LeaderElection (LeaderElection.java:logAndReturn(56)) - 42d29a8d-ec6e-4d7b-90f4-90463a45c878@group-59362D9BDB11:LeaderElection17: Election REJECTED; received 0 response(s) [] and 2 exception(s); 42d29a8d-ec6e-4d7b-90f4-90463a45c878@group-59362D9BDB11:t5, leader=null, voted=42d29a8d-ec6e-4d7b-90f4-90463a45c878, raftlog=42d29a8d-ec6e-4d7b-90f4-90463a45c878@group-59362D9BDB11-SegmentedRaftLog:OPENED:c16,f16,i16, conf=0: [df3d14c4-da09-4933-9de6-7132a09f046b:192.168.36.96:46580, 42d29a8d-ec6e-4d7b-90f4-90463a45c878:192.168.36.96:45962, bc6fdb93-666a-4701-ac8e-a64642c98c17:192.168.36.96:46741], old=null
2019-09-06 22:21:06,286 [42d29a8d-ec6e-4d7b-90f4-90463a45c878@group-59362D9BDB11:LeaderElection17] INFO  impl.LeaderElection (LogUtils.java:infoOrTrace(149)) -   Exception 0: {}
java.util.concurrent.ExecutionException: org.apache.ratis.thirdparty.io.grpc.StatusRuntimeException: UNAVAILABLE: io exception
	at java.util.concurrent.FutureTask.report(FutureTask.java:122)
	at java.util.concurrent.FutureTask.get(FutureTask.java:192)
	at org.apache.ratis.server.impl.LeaderElection.waitForResults(LeaderElection.java:263)
	at org.apache.ratis.server.impl.LeaderElection.askForVotes(LeaderElection.java:201)
	at org.apache.ratis.server.impl.LeaderElection.run(LeaderElection.java:133)
	at java.lang.Thread.run(Thread.java:748)
Caused by: org.apache.ratis.thirdparty.io.grpc.StatusRuntimeException: UNAVAILABLE: io exception
	at org.apache.ratis.thirdparty.io.grpc.stub.ClientCalls.toStatusRuntimeException(ClientCalls.java:233)
	at org.apache.ratis.thirdparty.io.grpc.stub.ClientCalls.getUnchecked(ClientCalls.java:214)
	at org.apache.ratis.thirdparty.io.grpc.stub.ClientCalls.blockingUnaryCall(ClientCalls.java:139)
	at org.apache.ratis.proto.grpc.RaftServerProtocolServiceGrpc$RaftServerProtocolServiceBlockingStub.requestVote(RaftServerProtocolServiceGrpc.java:265)
	at org.apache.ratis.grpc.server.GrpcServerProtocolClient.requestVote(GrpcServerProtocolClient.java:90)
	at org.apache.ratis.grpc.server.GrpcService.requestVote(GrpcService.java:204)
	at org.apache.ratis.server.impl.LeaderElection.lambda$submitRequests$1(LeaderElection.java:238)
	at java.util.concurrent.FutureTask.run(FutureTask.java:266)
	at java.util.concurrent.Executors$RunnableAdapter.call(Executors.java:511)
	at java.util.concurrent.FutureTask.run(FutureTask.java:266)
	at java.util.concurrent.ThreadPoolExecutor.runWorker(ThreadPoolExecutor.java:1149)
	at java.util.concurrent.ThreadPoolExecutor$Worker.run(ThreadPoolExecutor.java:624)
	... 1 more
Caused by: org.apache.ratis.thirdparty.io.netty.channel.AbstractChannel$AnnotatedConnectException: Connection refused: /192.168.36.96:46580
	at sun.nio.ch.SocketChannelImpl.checkConnect(Native Method)
	at sun.nio.ch.SocketChannelImpl.finishConnect(SocketChannelImpl.java:717)
	at org.apache.ratis.thirdparty.io.netty.channel.socket.nio.NioSocketChannel.doFinishConnect(NioSocketChannel.java:327)
	at org.apache.ratis.thirdparty.io.netty.channel.nio.AbstractNioChannel$AbstractNioUnsafe.finishConnect(AbstractNioChannel.java:340)
	at org.apache.ratis.thirdparty.io.netty.channel.nio.NioEventLoop.processSelectedKey(NioEventLoop.java:632)
	at org.apache.ratis.thirdparty.io.netty.channel.nio.NioEventLoop.processSelectedKeysOptimized(NioEventLoop.java:579)
	at org.apache.ratis.thirdparty.io.netty.channel.nio.NioEventLoop.processSelectedKeys(NioEventLoop.java:496)
	at org.apache.ratis.thirdparty.io.netty.channel.nio.NioEventLoop.run(NioEventLoop.java:458)
	at org.apache.ratis.thirdparty.io.netty.util.concurrent.SingleThreadEventExecutor$5.run(SingleThreadEventExecutor.java:897)
	at org.apache.ratis.thirdparty.io.netty.util.concurrent.FastThreadLocalRunnable.run(FastThreadLocalRunnable.java:30)
	... 1 more
Caused by: java.net.ConnectException: Connection refused
	... 11 more
2019-09-06 22:21:06,286 [42d29a8d-ec6e-4d7b-90f4-90463a45c878@group-59362D9BDB11:LeaderElection17] INFO  impl.LeaderElection (LogUtils.java:infoOrTrace(149)) -   Exception 1: {}
java.util.concurrent.ExecutionException: org.apache.ratis.thirdparty.io.grpc.StatusRuntimeException: UNAVAILABLE: io exception
	at java.util.concurrent.FutureTask.report(FutureTask.java:122)
	at java.util.concurrent.FutureTask.get(FutureTask.java:192)
	at org.apache.ratis.server.impl.LeaderElection.waitForResults(LeaderElection.java:263)
	at org.apache.ratis.server.impl.LeaderElection.askForVotes(LeaderElection.java:201)
	at org.apache.ratis.server.impl.LeaderElection.run(LeaderElection.java:133)
	at java.lang.Thread.run(Thread.java:748)
Caused by: org.apache.ratis.thirdparty.io.grpc.StatusRuntimeException: UNAVAILABLE: io exception
	at org.apache.ratis.thirdparty.io.grpc.stub.ClientCalls.toStatusRuntimeException(ClientCalls.java:233)
	at org.apache.ratis.thirdparty.io.grpc.stub.ClientCalls.getUnchecked(ClientCalls.java:214)
	at org.apache.ratis.thirdparty.io.grpc.stub.ClientCalls.blockingUnaryCall(ClientCalls.java:139)
	at org.apache.ratis.proto.grpc.RaftServerProtocolServiceGrpc$RaftServerProtocolServiceBlockingStub.requestVote(RaftServerProtocolServiceGrpc.java:265)
	at org.apache.ratis.grpc.server.GrpcServerProtocolClient.requestVote(GrpcServerProtocolClient.java:90)
	at org.apache.ratis.grpc.server.GrpcService.requestVote(GrpcService.java:204)
	at org.apache.ratis.server.impl.LeaderElection.lambda$submitRequests$1(LeaderElection.java:238)
	at java.util.concurrent.FutureTask.run(FutureTask.java:266)
	at java.util.concurrent.Executors$RunnableAdapter.call(Executors.java:511)
	at java.util.concurrent.FutureTask.run(FutureTask.java:266)
	at java.util.concurrent.ThreadPoolExecutor.runWorker(ThreadPoolExecutor.java:1149)
	at java.util.concurrent.ThreadPoolExecutor$Worker.run(ThreadPoolExecutor.java:624)
	... 1 more
Caused by: org.apache.ratis.thirdparty.io.netty.channel.AbstractChannel$AnnotatedConnectException: Connection refused: /192.168.36.96:46741
	at sun.nio.ch.SocketChannelImpl.checkConnect(Native Method)
	at sun.nio.ch.SocketChannelImpl.finishConnect(SocketChannelImpl.java:717)
	at org.apache.ratis.thirdparty.io.netty.channel.socket.nio.NioSocketChannel.doFinishConnect(NioSocketChannel.java:327)
	at org.apache.ratis.thirdparty.io.netty.channel.nio.AbstractNioChannel$AbstractNioUnsafe.finishConnect(AbstractNioChannel.java:340)
	at org.apache.ratis.thirdparty.io.netty.channel.nio.NioEventLoop.processSelectedKey(NioEventLoop.java:632)
	at org.apache.ratis.thirdparty.io.netty.channel.nio.NioEventLoop.processSelectedKeysOptimized(NioEventLoop.java:579)
	at org.apache.ratis.thirdparty.io.netty.channel.nio.NioEventLoop.processSelectedKeys(NioEventLoop.java:496)
	at org.apache.ratis.thirdparty.io.netty.channel.nio.NioEventLoop.run(NioEventLoop.java:458)
	at org.apache.ratis.thirdparty.io.netty.util.concurrent.SingleThreadEventExecutor$5.run(SingleThreadEventExecutor.java:897)
	at org.apache.ratis.thirdparty.io.netty.util.concurrent.FastThreadLocalRunnable.run(FastThreadLocalRunnable.java:30)
	... 1 more
Caused by: java.net.ConnectException: Connection refused
	... 11 more
2019-09-06 22:21:06,287 [42d29a8d-ec6e-4d7b-90f4-90463a45c878@group-59362D9BDB11:LeaderElection17] INFO  impl.RaftServerImpl (RaftServerImpl.java:setRole(174)) - 42d29a8d-ec6e-4d7b-90f4-90463a45c878@group-59362D9BDB11: changes role from CANDIDATE to FOLLOWER at term 5 for DISCOVERED_A_NEW_TERM
2019-09-06 22:21:06,287 [42d29a8d-ec6e-4d7b-90f4-90463a45c878@group-59362D9BDB11:LeaderElection17] INFO  impl.RoleInfo (RoleInfo.java:shutdownLeaderElection(134)) - 42d29a8d-ec6e-4d7b-90f4-90463a45c878: shutdown LeaderElection
2019-09-06 22:21:06,287 [42d29a8d-ec6e-4d7b-90f4-90463a45c878@group-59362D9BDB11:LeaderElection17] INFO  impl.RoleInfo (RoleInfo.java:updateAndGet(143)) - 42d29a8d-ec6e-4d7b-90f4-90463a45c878: start FollowerState
2019-09-06 22:21:10,332 [grpc-default-executor-4] INFO  client.GrpcClientProtocolClient (GrpcClientProtocolClient.java:onNext(264)) - client-21ADCD270D8F->42d29a8d-ec6e-4d7b-90f4-90463a45c878: receive RaftClientReply:client-21ADCD270D8F->42d29a8d-ec6e-4d7b-90f4-90463a45c878@group-59362D9BDB11, cid=22, FAILED org.apache.ratis.protocol.NotLeaderException: Server 42d29a8d-ec6e-4d7b-90f4-90463a45c878@group-59362D9BDB11 is not the leader, logIndex=0, commits[42d29a8d-ec6e-4d7b-90f4-90463a45c878:c16, df3d14c4-da09-4933-9de6-7132a09f046b:c16, bc6fdb93-666a-4701-ac8e-a64642c98c17:c16]
2019-09-06 22:21:11,465 [Thread-465] INFO  impl.FollowerState (FollowerState.java:run(106)) - 42d29a8d-ec6e-4d7b-90f4-90463a45c878:group-59362D9BDB11 changes to CANDIDATE, lastRpcTime:5177, electionTimeout:5177ms
2019-09-06 22:21:11,465 [Thread-465] INFO  impl.RoleInfo (RoleInfo.java:shutdownFollowerState(121)) - 42d29a8d-ec6e-4d7b-90f4-90463a45c878: shutdown FollowerState
2019-09-06 22:21:11,465 [Thread-465] INFO  impl.RaftServerImpl (RaftServerImpl.java:setRole(174)) - 42d29a8d-ec6e-4d7b-90f4-90463a45c878@group-59362D9BDB11: changes role from  FOLLOWER to CANDIDATE at term 5 for changeToCandidate
2019-09-06 22:21:11,466 [Thread-465] INFO  impl.RoleInfo (RoleInfo.java:updateAndGet(143)) - 42d29a8d-ec6e-4d7b-90f4-90463a45c878: start LeaderElection
2019-09-06 22:21:11,483 [42d29a8d-ec6e-4d7b-90f4-90463a45c878@group-59362D9BDB11:LeaderElection18] INFO  impl.LeaderElection (LeaderElection.java:askForVotes(182)) - 42d29a8d-ec6e-4d7b-90f4-90463a45c878@group-59362D9BDB11:LeaderElection18: begin an election at term 6 for 0: [df3d14c4-da09-4933-9de6-7132a09f046b:192.168.36.96:46580, 42d29a8d-ec6e-4d7b-90f4-90463a45c878:192.168.36.96:45962, bc6fdb93-666a-4701-ac8e-a64642c98c17:192.168.36.96:46741], old=null
2019-09-06 22:21:11,486 [42d29a8d-ec6e-4d7b-90f4-90463a45c878@group-59362D9BDB11:LeaderElection18] INFO  impl.LeaderElection (LogUtils.java:infoOrTrace(149)) - 42d29a8d-ec6e-4d7b-90f4-90463a45c878@group-59362D9BDB11:LeaderElection18 got exception when requesting votes: {}
java.util.concurrent.ExecutionException: org.apache.ratis.thirdparty.io.grpc.StatusRuntimeException: UNAVAILABLE: io exception
	at java.util.concurrent.FutureTask.report(FutureTask.java:122)
	at java.util.concurrent.FutureTask.get(FutureTask.java:192)
	at org.apache.ratis.server.impl.LeaderElection.waitForResults(LeaderElection.java:263)
	at org.apache.ratis.server.impl.LeaderElection.askForVotes(LeaderElection.java:201)
	at org.apache.ratis.server.impl.LeaderElection.run(LeaderElection.java:133)
	at java.lang.Thread.run(Thread.java:748)
Caused by: org.apache.ratis.thirdparty.io.grpc.StatusRuntimeException: UNAVAILABLE: io exception
	at org.apache.ratis.thirdparty.io.grpc.stub.ClientCalls.toStatusRuntimeException(ClientCalls.java:233)
	at org.apache.ratis.thirdparty.io.grpc.stub.ClientCalls.getUnchecked(ClientCalls.java:214)
	at org.apache.ratis.thirdparty.io.grpc.stub.ClientCalls.blockingUnaryCall(ClientCalls.java:139)
	at org.apache.ratis.proto.grpc.RaftServerProtocolServiceGrpc$RaftServerProtocolServiceBlockingStub.requestVote(RaftServerProtocolServiceGrpc.java:265)
	at org.apache.ratis.grpc.server.GrpcServerProtocolClient.requestVote(GrpcServerProtocolClient.java:90)
	at org.apache.ratis.grpc.server.GrpcService.requestVote(GrpcService.java:204)
	at org.apache.ratis.server.impl.LeaderElection.lambda$submitRequests$1(LeaderElection.java:238)
	at java.util.concurrent.FutureTask.run(FutureTask.java:266)
	at java.util.concurrent.Executors$RunnableAdapter.call(Executors.java:511)
	at java.util.concurrent.FutureTask.run(FutureTask.java:266)
	at java.util.concurrent.ThreadPoolExecutor.runWorker(ThreadPoolExecutor.java:1149)
	at java.util.concurrent.ThreadPoolExecutor$Worker.run(ThreadPoolExecutor.java:624)
	... 1 more
Caused by: org.apache.ratis.thirdparty.io.netty.channel.AbstractChannel$AnnotatedConnectException: Connection refused: /192.168.36.96:46580
	at sun.nio.ch.SocketChannelImpl.checkConnect(Native Method)
	at sun.nio.ch.SocketChannelImpl.finishConnect(SocketChannelImpl.java:717)
	at org.apache.ratis.thirdparty.io.netty.channel.socket.nio.NioSocketChannel.doFinishConnect(NioSocketChannel.java:327)
	at org.apache.ratis.thirdparty.io.netty.channel.nio.AbstractNioChannel$AbstractNioUnsafe.finishConnect(AbstractNioChannel.java:340)
	at org.apache.ratis.thirdparty.io.netty.channel.nio.NioEventLoop.processSelectedKey(NioEventLoop.java:632)
	at org.apache.ratis.thirdparty.io.netty.channel.nio.NioEventLoop.processSelectedKeysOptimized(NioEventLoop.java:579)
	at org.apache.ratis.thirdparty.io.netty.channel.nio.NioEventLoop.processSelectedKeys(NioEventLoop.java:496)
	at org.apache.ratis.thirdparty.io.netty.channel.nio.NioEventLoop.run(NioEventLoop.java:458)
	at org.apache.ratis.thirdparty.io.netty.util.concurrent.SingleThreadEventExecutor$5.run(SingleThreadEventExecutor.java:897)
	at org.apache.ratis.thirdparty.io.netty.util.concurrent.FastThreadLocalRunnable.run(FastThreadLocalRunnable.java:30)
	... 1 more
Caused by: java.net.ConnectException: Connection refused
	... 11 more
2019-09-06 22:21:11,489 [42d29a8d-ec6e-4d7b-90f4-90463a45c878@group-59362D9BDB11:LeaderElection18] INFO  impl.LeaderElection (LogUtils.java:infoOrTrace(149)) - 42d29a8d-ec6e-4d7b-90f4-90463a45c878@group-59362D9BDB11:LeaderElection18 got exception when requesting votes: {}
java.util.concurrent.ExecutionException: org.apache.ratis.thirdparty.io.grpc.StatusRuntimeException: UNAVAILABLE: io exception
	at java.util.concurrent.FutureTask.report(FutureTask.java:122)
	at java.util.concurrent.FutureTask.get(FutureTask.java:192)
	at org.apache.ratis.server.impl.LeaderElection.waitForResults(LeaderElection.java:263)
	at org.apache.ratis.server.impl.LeaderElection.askForVotes(LeaderElection.java:201)
	at org.apache.ratis.server.impl.LeaderElection.run(LeaderElection.java:133)
	at java.lang.Thread.run(Thread.java:748)
Caused by: org.apache.ratis.thirdparty.io.grpc.StatusRuntimeException: UNAVAILABLE: io exception
	at org.apache.ratis.thirdparty.io.grpc.stub.ClientCalls.toStatusRuntimeException(ClientCalls.java:233)
	at org.apache.ratis.thirdparty.io.grpc.stub.ClientCalls.getUnchecked(ClientCalls.java:214)
	at org.apache.ratis.thirdparty.io.grpc.stub.ClientCalls.blockingUnaryCall(ClientCalls.java:139)
	at org.apache.ratis.proto.grpc.RaftServerProtocolServiceGrpc$RaftServerProtocolServiceBlockingStub.requestVote(RaftServerProtocolServiceGrpc.java:265)
	at org.apache.ratis.grpc.server.GrpcServerProtocolClient.requestVote(GrpcServerProtocolClient.java:90)
	at org.apache.ratis.grpc.server.GrpcService.requestVote(GrpcService.java:204)
	at org.apache.ratis.server.impl.LeaderElection.lambda$submitRequests$1(LeaderElection.java:238)
	at java.util.concurrent.FutureTask.run(FutureTask.java:266)
	at java.util.concurrent.Executors$RunnableAdapter.call(Executors.java:511)
	at java.util.concurrent.FutureTask.run(FutureTask.java:266)
	at java.util.concurrent.ThreadPoolExecutor.runWorker(ThreadPoolExecutor.java:1149)
	at java.util.concurrent.ThreadPoolExecutor$Worker.run(ThreadPoolExecutor.java:624)
	... 1 more
Caused by: org.apache.ratis.thirdparty.io.netty.channel.AbstractChannel$AnnotatedConnectException: Connection refused: /192.168.36.96:46741
	at sun.nio.ch.SocketChannelImpl.checkConnect(Native Method)
	at sun.nio.ch.SocketChannelImpl.finishConnect(SocketChannelImpl.java:717)
	at org.apache.ratis.thirdparty.io.netty.channel.socket.nio.NioSocketChannel.doFinishConnect(NioSocketChannel.java:327)
	at org.apache.ratis.thirdparty.io.netty.channel.nio.AbstractNioChannel$AbstractNioUnsafe.finishConnect(AbstractNioChannel.java:340)
	at org.apache.ratis.thirdparty.io.netty.channel.nio.NioEventLoop.processSelectedKey(NioEventLoop.java:632)
	at org.apache.ratis.thirdparty.io.netty.channel.nio.NioEventLoop.processSelectedKeysOptimized(NioEventLoop.java:579)
	at org.apache.ratis.thirdparty.io.netty.channel.nio.NioEventLoop.processSelectedKeys(NioEventLoop.java:496)
	at org.apache.ratis.thirdparty.io.netty.channel.nio.NioEventLoop.run(NioEventLoop.java:458)
	at org.apache.ratis.thirdparty.io.netty.util.concurrent.SingleThreadEventExecutor$5.run(SingleThreadEventExecutor.java:897)
	at org.apache.ratis.thirdparty.io.netty.util.concurrent.FastThreadLocalRunnable.run(FastThreadLocalRunnable.java:30)
	... 1 more
Caused by: java.net.ConnectException: Connection refused
	... 11 more
2019-09-06 22:21:11,490 [42d29a8d-ec6e-4d7b-90f4-90463a45c878@group-59362D9BDB11:LeaderElection18] INFO  impl.LeaderElection (LeaderElection.java:logAndReturn(56)) - 42d29a8d-ec6e-4d7b-90f4-90463a45c878@group-59362D9BDB11:LeaderElection18: Election REJECTED; received 0 response(s) [] and 2 exception(s); 42d29a8d-ec6e-4d7b-90f4-90463a45c878@group-59362D9BDB11:t6, leader=null, voted=42d29a8d-ec6e-4d7b-90f4-90463a45c878, raftlog=42d29a8d-ec6e-4d7b-90f4-90463a45c878@group-59362D9BDB11-SegmentedRaftLog:OPENED:c16,f16,i16, conf=0: [df3d14c4-da09-4933-9de6-7132a09f046b:192.168.36.96:46580, 42d29a8d-ec6e-4d7b-90f4-90463a45c878:192.168.36.96:45962, bc6fdb93-666a-4701-ac8e-a64642c98c17:192.168.36.96:46741], old=null
2019-09-06 22:21:11,490 [42d29a8d-ec6e-4d7b-90f4-90463a45c878@group-59362D9BDB11:LeaderElection18] INFO  impl.LeaderElection (LogUtils.java:infoOrTrace(149)) -   Exception 0: {}
java.util.concurrent.ExecutionException: org.apache.ratis.thirdparty.io.grpc.StatusRuntimeException: UNAVAILABLE: io exception
	at java.util.concurrent.FutureTask.report(FutureTask.java:122)
	at java.util.concurrent.FutureTask.get(FutureTask.java:192)
	at org.apache.ratis.server.impl.LeaderElection.waitForResults(LeaderElection.java:263)
	at org.apache.ratis.server.impl.LeaderElection.askForVotes(LeaderElection.java:201)
	at org.apache.ratis.server.impl.LeaderElection.run(LeaderElection.java:133)
	at java.lang.Thread.run(Thread.java:748)
Caused by: org.apache.ratis.thirdparty.io.grpc.StatusRuntimeException: UNAVAILABLE: io exception
	at org.apache.ratis.thirdparty.io.grpc.stub.ClientCalls.toStatusRuntimeException(ClientCalls.java:233)
	at org.apache.ratis.thirdparty.io.grpc.stub.ClientCalls.getUnchecked(ClientCalls.java:214)
	at org.apache.ratis.thirdparty.io.grpc.stub.ClientCalls.blockingUnaryCall(ClientCalls.java:139)
	at org.apache.ratis.proto.grpc.RaftServerProtocolServiceGrpc$RaftServerProtocolServiceBlockingStub.requestVote(RaftServerProtocolServiceGrpc.java:265)
	at org.apache.ratis.grpc.server.GrpcServerProtocolClient.requestVote(GrpcServerProtocolClient.java:90)
	at org.apache.ratis.grpc.server.GrpcService.requestVote(GrpcService.java:204)
	at org.apache.ratis.server.impl.LeaderElection.lambda$submitRequests$1(LeaderElection.java:238)
	at java.util.concurrent.FutureTask.run(FutureTask.java:266)
	at java.util.concurrent.Executors$RunnableAdapter.call(Executors.java:511)
	at java.util.concurrent.FutureTask.run(FutureTask.java:266)
	at java.util.concurrent.ThreadPoolExecutor.runWorker(ThreadPoolExecutor.java:1149)
	at java.util.concurrent.ThreadPoolExecutor$Worker.run(ThreadPoolExecutor.java:624)
	... 1 more
Caused by: org.apache.ratis.thirdparty.io.netty.channel.AbstractChannel$AnnotatedConnectException: Connection refused: /192.168.36.96:46580
	at sun.nio.ch.SocketChannelImpl.checkConnect(Native Method)
	at sun.nio.ch.SocketChannelImpl.finishConnect(SocketChannelImpl.java:717)
	at org.apache.ratis.thirdparty.io.netty.channel.socket.nio.NioSocketChannel.doFinishConnect(NioSocketChannel.java:327)
	at org.apache.ratis.thirdparty.io.netty.channel.nio.AbstractNioChannel$AbstractNioUnsafe.finishConnect(AbstractNioChannel.java:340)
	at org.apache.ratis.thirdparty.io.netty.channel.nio.NioEventLoop.processSelectedKey(NioEventLoop.java:632)
	at org.apache.ratis.thirdparty.io.netty.channel.nio.NioEventLoop.processSelectedKeysOptimized(NioEventLoop.java:579)
	at org.apache.ratis.thirdparty.io.netty.channel.nio.NioEventLoop.processSelectedKeys(NioEventLoop.java:496)
	at org.apache.ratis.thirdparty.io.netty.channel.nio.NioEventLoop.run(NioEventLoop.java:458)
	at org.apache.ratis.thirdparty.io.netty.util.concurrent.SingleThreadEventExecutor$5.run(SingleThreadEventExecutor.java:897)
	at org.apache.ratis.thirdparty.io.netty.util.concurrent.FastThreadLocalRunnable.run(FastThreadLocalRunnable.java:30)
	... 1 more
Caused by: java.net.ConnectException: Connection refused
	... 11 more
2019-09-06 22:21:11,491 [42d29a8d-ec6e-4d7b-90f4-90463a45c878@group-59362D9BDB11:LeaderElection18] INFO  impl.LeaderElection (LogUtils.java:infoOrTrace(149)) -   Exception 1: {}
java.util.concurrent.ExecutionException: org.apache.ratis.thirdparty.io.grpc.StatusRuntimeException: UNAVAILABLE: io exception
	at java.util.concurrent.FutureTask.report(FutureTask.java:122)
	at java.util.concurrent.FutureTask.get(FutureTask.java:192)
	at org.apache.ratis.server.impl.LeaderElection.waitForResults(LeaderElection.java:263)
	at org.apache.ratis.server.impl.LeaderElection.askForVotes(LeaderElection.java:201)
	at org.apache.ratis.server.impl.LeaderElection.run(LeaderElection.java:133)
	at java.lang.Thread.run(Thread.java:748)
Caused by: org.apache.ratis.thirdparty.io.grpc.StatusRuntimeException: UNAVAILABLE: io exception
	at org.apache.ratis.thirdparty.io.grpc.stub.ClientCalls.toStatusRuntimeException(ClientCalls.java:233)
	at org.apache.ratis.thirdparty.io.grpc.stub.ClientCalls.getUnchecked(ClientCalls.java:214)
	at org.apache.ratis.thirdparty.io.grpc.stub.ClientCalls.blockingUnaryCall(ClientCalls.java:139)
	at org.apache.ratis.proto.grpc.RaftServerProtocolServiceGrpc$RaftServerProtocolServiceBlockingStub.requestVote(RaftServerProtocolServiceGrpc.java:265)
	at org.apache.ratis.grpc.server.GrpcServerProtocolClient.requestVote(GrpcServerProtocolClient.java:90)
	at org.apache.ratis.grpc.server.GrpcService.requestVote(GrpcService.java:204)
	at org.apache.ratis.server.impl.LeaderElection.lambda$submitRequests$1(LeaderElection.java:238)
	at java.util.concurrent.FutureTask.run(FutureTask.java:266)
	at java.util.concurrent.Executors$RunnableAdapter.call(Executors.java:511)
	at java.util.concurrent.FutureTask.run(FutureTask.java:266)
	at java.util.concurrent.ThreadPoolExecutor.runWorker(ThreadPoolExecutor.java:1149)
	at java.util.concurrent.ThreadPoolExecutor$Worker.run(ThreadPoolExecutor.java:624)
	... 1 more
Caused by: org.apache.ratis.thirdparty.io.netty.channel.AbstractChannel$AnnotatedConnectException: Connection refused: /192.168.36.96:46741
	at sun.nio.ch.SocketChannelImpl.checkConnect(Native Method)
	at sun.nio.ch.SocketChannelImpl.finishConnect(SocketChannelImpl.java:717)
	at org.apache.ratis.thirdparty.io.netty.channel.socket.nio.NioSocketChannel.doFinishConnect(NioSocketChannel.java:327)
	at org.apache.ratis.thirdparty.io.netty.channel.nio.AbstractNioChannel$AbstractNioUnsafe.finishConnect(AbstractNioChannel.java:340)
	at org.apache.ratis.thirdparty.io.netty.channel.nio.NioEventLoop.processSelectedKey(NioEventLoop.java:632)
	at org.apache.ratis.thirdparty.io.netty.channel.nio.NioEventLoop.processSelectedKeysOptimized(NioEventLoop.java:579)
	at org.apache.ratis.thirdparty.io.netty.channel.nio.NioEventLoop.processSelectedKeys(NioEventLoop.java:496)
	at org.apache.ratis.thirdparty.io.netty.channel.nio.NioEventLoop.run(NioEventLoop.java:458)
	at org.apache.ratis.thirdparty.io.netty.util.concurrent.SingleThreadEventExecutor$5.run(SingleThreadEventExecutor.java:897)
	at org.apache.ratis.thirdparty.io.netty.util.concurrent.FastThreadLocalRunnable.run(FastThreadLocalRunnable.java:30)
	... 1 more
Caused by: java.net.ConnectException: Connection refused
	... 11 more
2019-09-06 22:21:11,491 [42d29a8d-ec6e-4d7b-90f4-90463a45c878@group-59362D9BDB11:LeaderElection18] INFO  impl.RaftServerImpl (RaftServerImpl.java:setRole(174)) - 42d29a8d-ec6e-4d7b-90f4-90463a45c878@group-59362D9BDB11: changes role from CANDIDATE to FOLLOWER at term 6 for DISCOVERED_A_NEW_TERM
2019-09-06 22:21:11,491 [42d29a8d-ec6e-4d7b-90f4-90463a45c878@group-59362D9BDB11:LeaderElection18] INFO  impl.RoleInfo (RoleInfo.java:shutdownLeaderElection(134)) - 42d29a8d-ec6e-4d7b-90f4-90463a45c878: shutdown LeaderElection
2019-09-06 22:21:11,491 [42d29a8d-ec6e-4d7b-90f4-90463a45c878@group-59362D9BDB11:LeaderElection18] INFO  impl.RoleInfo (RoleInfo.java:updateAndGet(143)) - 42d29a8d-ec6e-4d7b-90f4-90463a45c878: start FollowerState
2019-09-06 22:21:12,363 [grpc-default-executor-4] INFO  client.GrpcClientProtocolClient (GrpcClientProtocolClient.java:onNext(264)) - client-21ADCD270D8F->42d29a8d-ec6e-4d7b-90f4-90463a45c878: receive RaftClientReply:client-21ADCD270D8F->42d29a8d-ec6e-4d7b-90f4-90463a45c878@group-59362D9BDB11, cid=22, FAILED org.apache.ratis.protocol.NotLeaderException: Server 42d29a8d-ec6e-4d7b-90f4-90463a45c878@group-59362D9BDB11 is not the leader, logIndex=0, commits[42d29a8d-ec6e-4d7b-90f4-90463a45c878:c16, df3d14c4-da09-4933-9de6-7132a09f046b:c16, bc6fdb93-666a-4701-ac8e-a64642c98c17:c16]
2019-09-06 22:21:16,444 [grpc-default-executor-1] INFO  client.GrpcClientProtocolClient (GrpcClientProtocolClient.java:onNext(264)) - client-21ADCD270D8F->42d29a8d-ec6e-4d7b-90f4-90463a45c878: receive RaftClientReply:client-21ADCD270D8F->42d29a8d-ec6e-4d7b-90f4-90463a45c878@group-59362D9BDB11, cid=22, FAILED org.apache.ratis.protocol.NotLeaderException: Server 42d29a8d-ec6e-4d7b-90f4-90463a45c878@group-59362D9BDB11 is not the leader, logIndex=0, commits[42d29a8d-ec6e-4d7b-90f4-90463a45c878:c16, df3d14c4-da09-4933-9de6-7132a09f046b:c16, bc6fdb93-666a-4701-ac8e-a64642c98c17:c16]
2019-09-06 22:21:16,568 [Thread-479] INFO  impl.FollowerState (FollowerState.java:run(106)) - 42d29a8d-ec6e-4d7b-90f4-90463a45c878:group-59362D9BDB11 changes to CANDIDATE, lastRpcTime:5076, electionTimeout:5076ms
2019-09-06 22:21:16,571 [Thread-479] INFO  impl.RoleInfo (RoleInfo.java:shutdownFollowerState(121)) - 42d29a8d-ec6e-4d7b-90f4-90463a45c878: shutdown FollowerState
2019-09-06 22:21:16,571 [Thread-479] INFO  impl.RaftServerImpl (RaftServerImpl.java:setRole(174)) - 42d29a8d-ec6e-4d7b-90f4-90463a45c878@group-59362D9BDB11: changes role from  FOLLOWER to CANDIDATE at term 6 for changeToCandidate
2019-09-06 22:21:16,572 [Thread-479] INFO  impl.RoleInfo (RoleInfo.java:updateAndGet(143)) - 42d29a8d-ec6e-4d7b-90f4-90463a45c878: start LeaderElection
2019-09-06 22:21:16,599 [42d29a8d-ec6e-4d7b-90f4-90463a45c878@group-59362D9BDB11:LeaderElection19] INFO  impl.LeaderElection (LeaderElection.java:askForVotes(182)) - 42d29a8d-ec6e-4d7b-90f4-90463a45c878@group-59362D9BDB11:LeaderElection19: begin an election at term 7 for 0: [df3d14c4-da09-4933-9de6-7132a09f046b:192.168.36.96:46580, 42d29a8d-ec6e-4d7b-90f4-90463a45c878:192.168.36.96:45962, bc6fdb93-666a-4701-ac8e-a64642c98c17:192.168.36.96:46741], old=null
2019-09-06 22:21:16,603 [42d29a8d-ec6e-4d7b-90f4-90463a45c878@group-59362D9BDB11:LeaderElection19] INFO  impl.LeaderElection (LogUtils.java:infoOrTrace(149)) - 42d29a8d-ec6e-4d7b-90f4-90463a45c878@group-59362D9BDB11:LeaderElection19 got exception when requesting votes: {}
java.util.concurrent.ExecutionException: org.apache.ratis.thirdparty.io.grpc.StatusRuntimeException: UNAVAILABLE: io exception
	at java.util.concurrent.FutureTask.report(FutureTask.java:122)
	at java.util.concurrent.FutureTask.get(FutureTask.java:192)
	at org.apache.ratis.server.impl.LeaderElection.waitForResults(LeaderElection.java:263)
	at org.apache.ratis.server.impl.LeaderElection.askForVotes(LeaderElection.java:201)
	at org.apache.ratis.server.impl.LeaderElection.run(LeaderElection.java:133)
	at java.lang.Thread.run(Thread.java:748)
Caused by: org.apache.ratis.thirdparty.io.grpc.StatusRuntimeException: UNAVAILABLE: io exception
	at org.apache.ratis.thirdparty.io.grpc.stub.ClientCalls.toStatusRuntimeException(ClientCalls.java:233)
	at org.apache.ratis.thirdparty.io.grpc.stub.ClientCalls.getUnchecked(ClientCalls.java:214)
	at org.apache.ratis.thirdparty.io.grpc.stub.ClientCalls.blockingUnaryCall(ClientCalls.java:139)
	at org.apache.ratis.proto.grpc.RaftServerProtocolServiceGrpc$RaftServerProtocolServiceBlockingStub.requestVote(RaftServerProtocolServiceGrpc.java:265)
	at org.apache.ratis.grpc.server.GrpcServerProtocolClient.requestVote(GrpcServerProtocolClient.java:90)
	at org.apache.ratis.grpc.server.GrpcService.requestVote(GrpcService.java:204)
	at org.apache.ratis.server.impl.LeaderElection.lambda$submitRequests$1(LeaderElection.java:238)
	at java.util.concurrent.FutureTask.run(FutureTask.java:266)
	at java.util.concurrent.Executors$RunnableAdapter.call(Executors.java:511)
	at java.util.concurrent.FutureTask.run(FutureTask.java:266)
	at java.util.concurrent.ThreadPoolExecutor.runWorker(ThreadPoolExecutor.java:1149)
	at java.util.concurrent.ThreadPoolExecutor$Worker.run(ThreadPoolExecutor.java:624)
	... 1 more
Caused by: org.apache.ratis.thirdparty.io.netty.channel.AbstractChannel$AnnotatedConnectException: Connection refused: /192.168.36.96:46580
	at sun.nio.ch.SocketChannelImpl.checkConnect(Native Method)
	at sun.nio.ch.SocketChannelImpl.finishConnect(SocketChannelImpl.java:717)
	at org.apache.ratis.thirdparty.io.netty.channel.socket.nio.NioSocketChannel.doFinishConnect(NioSocketChannel.java:327)
	at org.apache.ratis.thirdparty.io.netty.channel.nio.AbstractNioChannel$AbstractNioUnsafe.finishConnect(AbstractNioChannel.java:340)
	at org.apache.ratis.thirdparty.io.netty.channel.nio.NioEventLoop.processSelectedKey(NioEventLoop.java:632)
	at org.apache.ratis.thirdparty.io.netty.channel.nio.NioEventLoop.processSelectedKeysOptimized(NioEventLoop.java:579)
	at org.apache.ratis.thirdparty.io.netty.channel.nio.NioEventLoop.processSelectedKeys(NioEventLoop.java:496)
	at org.apache.ratis.thirdparty.io.netty.channel.nio.NioEventLoop.run(NioEventLoop.java:458)
	at org.apache.ratis.thirdparty.io.netty.util.concurrent.SingleThreadEventExecutor$5.run(SingleThreadEventExecutor.java:897)
	at org.apache.ratis.thirdparty.io.netty.util.concurrent.FastThreadLocalRunnable.run(FastThreadLocalRunnable.java:30)
	... 1 more
Caused by: java.net.ConnectException: Connection refused
	... 11 more
2019-09-06 22:21:16,606 [42d29a8d-ec6e-4d7b-90f4-90463a45c878@group-59362D9BDB11:LeaderElection19] INFO  impl.LeaderElection (LogUtils.java:infoOrTrace(149)) - 42d29a8d-ec6e-4d7b-90f4-90463a45c878@group-59362D9BDB11:LeaderElection19 got exception when requesting votes: {}
java.util.concurrent.ExecutionException: org.apache.ratis.thirdparty.io.grpc.StatusRuntimeException: UNAVAILABLE: io exception
	at java.util.concurrent.FutureTask.report(FutureTask.java:122)
	at java.util.concurrent.FutureTask.get(FutureTask.java:192)
	at org.apache.ratis.server.impl.LeaderElection.waitForResults(LeaderElection.java:263)
	at org.apache.ratis.server.impl.LeaderElection.askForVotes(LeaderElection.java:201)
	at org.apache.ratis.server.impl.LeaderElection.run(LeaderElection.java:133)
	at java.lang.Thread.run(Thread.java:748)
Caused by: org.apache.ratis.thirdparty.io.grpc.StatusRuntimeException: UNAVAILABLE: io exception
	at org.apache.ratis.thirdparty.io.grpc.stub.ClientCalls.toStatusRuntimeException(ClientCalls.java:233)
	at org.apache.ratis.thirdparty.io.grpc.stub.ClientCalls.getUnchecked(ClientCalls.java:214)
	at org.apache.ratis.thirdparty.io.grpc.stub.ClientCalls.blockingUnaryCall(ClientCalls.java:139)
	at org.apache.ratis.proto.grpc.RaftServerProtocolServiceGrpc$RaftServerProtocolServiceBlockingStub.requestVote(RaftServerProtocolServiceGrpc.java:265)
	at org.apache.ratis.grpc.server.GrpcServerProtocolClient.requestVote(GrpcServerProtocolClient.java:90)
	at org.apache.ratis.grpc.server.GrpcService.requestVote(GrpcService.java:204)
	at org.apache.ratis.server.impl.LeaderElection.lambda$submitRequests$1(LeaderElection.java:238)
	at java.util.concurrent.FutureTask.run(FutureTask.java:266)
	at java.util.concurrent.Executors$RunnableAdapter.call(Executors.java:511)
	at java.util.concurrent.FutureTask.run(FutureTask.java:266)
	at java.util.concurrent.ThreadPoolExecutor.runWorker(ThreadPoolExecutor.java:1149)
	at java.util.concurrent.ThreadPoolExecutor$Worker.run(ThreadPoolExecutor.java:624)
	... 1 more
Caused by: org.apache.ratis.thirdparty.io.netty.channel.AbstractChannel$AnnotatedConnectException: Connection refused: /192.168.36.96:46741
	at sun.nio.ch.SocketChannelImpl.checkConnect(Native Method)
	at sun.nio.ch.SocketChannelImpl.finishConnect(SocketChannelImpl.java:717)
	at org.apache.ratis.thirdparty.io.netty.channel.socket.nio.NioSocketChannel.doFinishConnect(NioSocketChannel.java:327)
	at org.apache.ratis.thirdparty.io.netty.channel.nio.AbstractNioChannel$AbstractNioUnsafe.finishConnect(AbstractNioChannel.java:340)
	at org.apache.ratis.thirdparty.io.netty.channel.nio.NioEventLoop.processSelectedKey(NioEventLoop.java:632)
	at org.apache.ratis.thirdparty.io.netty.channel.nio.NioEventLoop.processSelectedKeysOptimized(NioEventLoop.java:579)
	at org.apache.ratis.thirdparty.io.netty.channel.nio.NioEventLoop.processSelectedKeys(NioEventLoop.java:496)
	at org.apache.ratis.thirdparty.io.netty.channel.nio.NioEventLoop.run(NioEventLoop.java:458)
	at org.apache.ratis.thirdparty.io.netty.util.concurrent.SingleThreadEventExecutor$5.run(SingleThreadEventExecutor.java:897)
	at org.apache.ratis.thirdparty.io.netty.util.concurrent.FastThreadLocalRunnable.run(FastThreadLocalRunnable.java:30)
	... 1 more
Caused by: java.net.ConnectException: Connection refused
	... 11 more
2019-09-06 22:21:16,608 [42d29a8d-ec6e-4d7b-90f4-90463a45c878@group-59362D9BDB11:LeaderElection19] INFO  impl.LeaderElection (LeaderElection.java:logAndReturn(56)) - 42d29a8d-ec6e-4d7b-90f4-90463a45c878@group-59362D9BDB11:LeaderElection19: Election REJECTED; received 0 response(s) [] and 2 exception(s); 42d29a8d-ec6e-4d7b-90f4-90463a45c878@group-59362D9BDB11:t7, leader=null, voted=42d29a8d-ec6e-4d7b-90f4-90463a45c878, raftlog=42d29a8d-ec6e-4d7b-90f4-90463a45c878@group-59362D9BDB11-SegmentedRaftLog:OPENED:c16,f16,i16, conf=0: [df3d14c4-da09-4933-9de6-7132a09f046b:192.168.36.96:46580, 42d29a8d-ec6e-4d7b-90f4-90463a45c878:192.168.36.96:45962, bc6fdb93-666a-4701-ac8e-a64642c98c17:192.168.36.96:46741], old=null
2019-09-06 22:21:16,609 [42d29a8d-ec6e-4d7b-90f4-90463a45c878@group-59362D9BDB11:LeaderElection19] INFO  impl.LeaderElection (LogUtils.java:infoOrTrace(149)) -   Exception 0: {}
java.util.concurrent.ExecutionException: org.apache.ratis.thirdparty.io.grpc.StatusRuntimeException: UNAVAILABLE: io exception
	at java.util.concurrent.FutureTask.report(FutureTask.java:122)
	at java.util.concurrent.FutureTask.get(FutureTask.java:192)
	at org.apache.ratis.server.impl.LeaderElection.waitForResults(LeaderElection.java:263)
	at org.apache.ratis.server.impl.LeaderElection.askForVotes(LeaderElection.java:201)
	at org.apache.ratis.server.impl.LeaderElection.run(LeaderElection.java:133)
	at java.lang.Thread.run(Thread.java:748)
Caused by: org.apache.ratis.thirdparty.io.grpc.StatusRuntimeException: UNAVAILABLE: io exception
	at org.apache.ratis.thirdparty.io.grpc.stub.ClientCalls.toStatusRuntimeException(ClientCalls.java:233)
	at org.apache.ratis.thirdparty.io.grpc.stub.ClientCalls.getUnchecked(ClientCalls.java:214)
	at org.apache.ratis.thirdparty.io.grpc.stub.ClientCalls.blockingUnaryCall(ClientCalls.java:139)
	at org.apache.ratis.proto.grpc.RaftServerProtocolServiceGrpc$RaftServerProtocolServiceBlockingStub.requestVote(RaftServerProtocolServiceGrpc.java:265)
	at org.apache.ratis.grpc.server.GrpcServerProtocolClient.requestVote(GrpcServerProtocolClient.java:90)
	at org.apache.ratis.grpc.server.GrpcService.requestVote(GrpcService.java:204)
	at org.apache.ratis.server.impl.LeaderElection.lambda$submitRequests$1(LeaderElection.java:238)
	at java.util.concurrent.FutureTask.run(FutureTask.java:266)
	at java.util.concurrent.Executors$RunnableAdapter.call(Executors.java:511)
	at java.util.concurrent.FutureTask.run(FutureTask.java:266)
	at java.util.concurrent.ThreadPoolExecutor.runWorker(ThreadPoolExecutor.java:1149)
	at java.util.concurrent.ThreadPoolExecutor$Worker.run(ThreadPoolExecutor.java:624)
	... 1 more
Caused by: org.apache.ratis.thirdparty.io.netty.channel.AbstractChannel$AnnotatedConnectException: Connection refused: /192.168.36.96:46580
	at sun.nio.ch.SocketChannelImpl.checkConnect(Native Method)
	at sun.nio.ch.SocketChannelImpl.finishConnect(SocketChannelImpl.java:717)
	at org.apache.ratis.thirdparty.io.netty.channel.socket.nio.NioSocketChannel.doFinishConnect(NioSocketChannel.java:327)
	at org.apache.ratis.thirdparty.io.netty.channel.nio.AbstractNioChannel$AbstractNioUnsafe.finishConnect(AbstractNioChannel.java:340)
	at org.apache.ratis.thirdparty.io.netty.channel.nio.NioEventLoop.processSelectedKey(NioEventLoop.java:632)
	at org.apache.ratis.thirdparty.io.netty.channel.nio.NioEventLoop.processSelectedKeysOptimized(NioEventLoop.java:579)
	at org.apache.ratis.thirdparty.io.netty.channel.nio.NioEventLoop.processSelectedKeys(NioEventLoop.java:496)
	at org.apache.ratis.thirdparty.io.netty.channel.nio.NioEventLoop.run(NioEventLoop.java:458)
	at org.apache.ratis.thirdparty.io.netty.util.concurrent.SingleThreadEventExecutor$5.run(SingleThreadEventExecutor.java:897)
	at org.apache.ratis.thirdparty.io.netty.util.concurrent.FastThreadLocalRunnable.run(FastThreadLocalRunnable.java:30)
	... 1 more
Caused by: java.net.ConnectException: Connection refused
	... 11 more
2019-09-06 22:21:16,609 [42d29a8d-ec6e-4d7b-90f4-90463a45c878@group-59362D9BDB11:LeaderElection19] INFO  impl.LeaderElection (LogUtils.java:infoOrTrace(149)) -   Exception 1: {}
java.util.concurrent.ExecutionException: org.apache.ratis.thirdparty.io.grpc.StatusRuntimeException: UNAVAILABLE: io exception
	at java.util.concurrent.FutureTask.report(FutureTask.java:122)
	at java.util.concurrent.FutureTask.get(FutureTask.java:192)
	at org.apache.ratis.server.impl.LeaderElection.waitForResults(LeaderElection.java:263)
	at org.apache.ratis.server.impl.LeaderElection.askForVotes(LeaderElection.java:201)
	at org.apache.ratis.server.impl.LeaderElection.run(LeaderElection.java:133)
	at java.lang.Thread.run(Thread.java:748)
Caused by: org.apache.ratis.thirdparty.io.grpc.StatusRuntimeException: UNAVAILABLE: io exception
	at org.apache.ratis.thirdparty.io.grpc.stub.ClientCalls.toStatusRuntimeException(ClientCalls.java:233)
	at org.apache.ratis.thirdparty.io.grpc.stub.ClientCalls.getUnchecked(ClientCalls.java:214)
	at org.apache.ratis.thirdparty.io.grpc.stub.ClientCalls.blockingUnaryCall(ClientCalls.java:139)
	at org.apache.ratis.proto.grpc.RaftServerProtocolServiceGrpc$RaftServerProtocolServiceBlockingStub.requestVote(RaftServerProtocolServiceGrpc.java:265)
	at org.apache.ratis.grpc.server.GrpcServerProtocolClient.requestVote(GrpcServerProtocolClient.java:90)
	at org.apache.ratis.grpc.server.GrpcService.requestVote(GrpcService.java:204)
	at org.apache.ratis.server.impl.LeaderElection.lambda$submitRequests$1(LeaderElection.java:238)
	at java.util.concurrent.FutureTask.run(FutureTask.java:266)
	at java.util.concurrent.Executors$RunnableAdapter.call(Executors.java:511)
	at java.util.concurrent.FutureTask.run(FutureTask.java:266)
	at java.util.concurrent.ThreadPoolExecutor.runWorker(ThreadPoolExecutor.java:1149)
	at java.util.concurrent.ThreadPoolExecutor$Worker.run(ThreadPoolExecutor.java:624)
	... 1 more
Caused by: org.apache.ratis.thirdparty.io.netty.channel.AbstractChannel$AnnotatedConnectException: Connection refused: /192.168.36.96:46741
	at sun.nio.ch.SocketChannelImpl.checkConnect(Native Method)
	at sun.nio.ch.SocketChannelImpl.finishConnect(SocketChannelImpl.java:717)
	at org.apache.ratis.thirdparty.io.netty.channel.socket.nio.NioSocketChannel.doFinishConnect(NioSocketChannel.java:327)
	at org.apache.ratis.thirdparty.io.netty.channel.nio.AbstractNioChannel$AbstractNioUnsafe.finishConnect(AbstractNioChannel.java:340)
	at org.apache.ratis.thirdparty.io.netty.channel.nio.NioEventLoop.processSelectedKey(NioEventLoop.java:632)
	at org.apache.ratis.thirdparty.io.netty.channel.nio.NioEventLoop.processSelectedKeysOptimized(NioEventLoop.java:579)
	at org.apache.ratis.thirdparty.io.netty.channel.nio.NioEventLoop.processSelectedKeys(NioEventLoop.java:496)
	at org.apache.ratis.thirdparty.io.netty.channel.nio.NioEventLoop.run(NioEventLoop.java:458)
	at org.apache.ratis.thirdparty.io.netty.util.concurrent.SingleThreadEventExecutor$5.run(SingleThreadEventExecutor.java:897)
	at org.apache.ratis.thirdparty.io.netty.util.concurrent.FastThreadLocalRunnable.run(FastThreadLocalRunnable.java:30)
	... 1 more
Caused by: java.net.ConnectException: Connection refused
	... 11 more
2019-09-06 22:21:16,610 [42d29a8d-ec6e-4d7b-90f4-90463a45c878@group-59362D9BDB11:LeaderElection19] INFO  impl.RaftServerImpl (RaftServerImpl.java:setRole(174)) - 42d29a8d-ec6e-4d7b-90f4-90463a45c878@group-59362D9BDB11: changes role from CANDIDATE to FOLLOWER at term 7 for DISCOVERED_A_NEW_TERM
2019-09-06 22:21:16,610 [42d29a8d-ec6e-4d7b-90f4-90463a45c878@group-59362D9BDB11:LeaderElection19] INFO  impl.RoleInfo (RoleInfo.java:shutdownLeaderElection(134)) - 42d29a8d-ec6e-4d7b-90f4-90463a45c878: shutdown LeaderElection
2019-09-06 22:21:16,611 [42d29a8d-ec6e-4d7b-90f4-90463a45c878@group-59362D9BDB11:LeaderElection19] INFO  impl.RoleInfo (RoleInfo.java:updateAndGet(143)) - 42d29a8d-ec6e-4d7b-90f4-90463a45c878: start FollowerState
2019-09-06 22:21:20,489 [grpc-default-executor-1] INFO  client.GrpcClientProtocolClient (GrpcClientProtocolClient.java:onNext(264)) - client-21ADCD270D8F->42d29a8d-ec6e-4d7b-90f4-90463a45c878: receive RaftClientReply:client-21ADCD270D8F->42d29a8d-ec6e-4d7b-90f4-90463a45c878@group-59362D9BDB11, cid=22, FAILED org.apache.ratis.protocol.NotLeaderException: Server 42d29a8d-ec6e-4d7b-90f4-90463a45c878@group-59362D9BDB11 is not the leader, logIndex=0, commits[42d29a8d-ec6e-4d7b-90f4-90463a45c878:c16, df3d14c4-da09-4933-9de6-7132a09f046b:c16, bc6fdb93-666a-4701-ac8e-a64642c98c17:c16]
2019-09-06 22:21:21,676 [Thread-494] INFO  impl.FollowerState (FollowerState.java:run(106)) - 42d29a8d-ec6e-4d7b-90f4-90463a45c878:group-59362D9BDB11 changes to CANDIDATE, lastRpcTime:5065, electionTimeout:5065ms
2019-09-06 22:21:21,677 [Thread-494] INFO  impl.RoleInfo (RoleInfo.java:shutdownFollowerState(121)) - 42d29a8d-ec6e-4d7b-90f4-90463a45c878: shutdown FollowerState
2019-09-06 22:21:21,677 [Thread-494] INFO  impl.RaftServerImpl (RaftServerImpl.java:setRole(174)) - 42d29a8d-ec6e-4d7b-90f4-90463a45c878@group-59362D9BDB11: changes role from  FOLLOWER to CANDIDATE at term 7 for changeToCandidate
2019-09-06 22:21:21,677 [Thread-494] INFO  impl.RoleInfo (RoleInfo.java:updateAndGet(143)) - 42d29a8d-ec6e-4d7b-90f4-90463a45c878: start LeaderElection
2019-09-06 22:21:21,694 [42d29a8d-ec6e-4d7b-90f4-90463a45c878@group-59362D9BDB11:LeaderElection20] INFO  impl.LeaderElection (LeaderElection.java:askForVotes(182)) - 42d29a8d-ec6e-4d7b-90f4-90463a45c878@group-59362D9BDB11:LeaderElection20: begin an election at term 8 for 0: [df3d14c4-da09-4933-9de6-7132a09f046b:192.168.36.96:46580, 42d29a8d-ec6e-4d7b-90f4-90463a45c878:192.168.36.96:45962, bc6fdb93-666a-4701-ac8e-a64642c98c17:192.168.36.96:46741], old=null
2019-09-06 22:21:21,697 [42d29a8d-ec6e-4d7b-90f4-90463a45c878@group-59362D9BDB11:LeaderElection20] INFO  impl.LeaderElection (LogUtils.java:infoOrTrace(149)) - 42d29a8d-ec6e-4d7b-90f4-90463a45c878@group-59362D9BDB11:LeaderElection20 got exception when requesting votes: {}
java.util.concurrent.ExecutionException: org.apache.ratis.thirdparty.io.grpc.StatusRuntimeException: UNAVAILABLE: io exception
	at java.util.concurrent.FutureTask.report(FutureTask.java:122)
	at java.util.concurrent.FutureTask.get(FutureTask.java:192)
	at org.apache.ratis.server.impl.LeaderElection.waitForResults(LeaderElection.java:263)
	at org.apache.ratis.server.impl.LeaderElection.askForVotes(LeaderElection.java:201)
	at org.apache.ratis.server.impl.LeaderElection.run(LeaderElection.java:133)
	at java.lang.Thread.run(Thread.java:748)
Caused by: org.apache.ratis.thirdparty.io.grpc.StatusRuntimeException: UNAVAILABLE: io exception
	at org.apache.ratis.thirdparty.io.grpc.stub.ClientCalls.toStatusRuntimeException(ClientCalls.java:233)
	at org.apache.ratis.thirdparty.io.grpc.stub.ClientCalls.getUnchecked(ClientCalls.java:214)
	at org.apache.ratis.thirdparty.io.grpc.stub.ClientCalls.blockingUnaryCall(ClientCalls.java:139)
	at org.apache.ratis.proto.grpc.RaftServerProtocolServiceGrpc$RaftServerProtocolServiceBlockingStub.requestVote(RaftServerProtocolServiceGrpc.java:265)
	at org.apache.ratis.grpc.server.GrpcServerProtocolClient.requestVote(GrpcServerProtocolClient.java:90)
	at org.apache.ratis.grpc.server.GrpcService.requestVote(GrpcService.java:204)
	at org.apache.ratis.server.impl.LeaderElection.lambda$submitRequests$1(LeaderElection.java:238)
	at java.util.concurrent.FutureTask.run(FutureTask.java:266)
	at java.util.concurrent.Executors$RunnableAdapter.call(Executors.java:511)
	at java.util.concurrent.FutureTask.run(FutureTask.java:266)
	at java.util.concurrent.ThreadPoolExecutor.runWorker(ThreadPoolExecutor.java:1149)
	at java.util.concurrent.ThreadPoolExecutor$Worker.run(ThreadPoolExecutor.java:624)
	... 1 more
Caused by: org.apache.ratis.thirdparty.io.netty.channel.AbstractChannel$AnnotatedConnectException: Connection refused: /192.168.36.96:46580
	at sun.nio.ch.SocketChannelImpl.checkConnect(Native Method)
	at sun.nio.ch.SocketChannelImpl.finishConnect(SocketChannelImpl.java:717)
	at org.apache.ratis.thirdparty.io.netty.channel.socket.nio.NioSocketChannel.doFinishConnect(NioSocketChannel.java:327)
	at org.apache.ratis.thirdparty.io.netty.channel.nio.AbstractNioChannel$AbstractNioUnsafe.finishConnect(AbstractNioChannel.java:340)
	at org.apache.ratis.thirdparty.io.netty.channel.nio.NioEventLoop.processSelectedKey(NioEventLoop.java:632)
	at org.apache.ratis.thirdparty.io.netty.channel.nio.NioEventLoop.processSelectedKeysOptimized(NioEventLoop.java:579)
	at org.apache.ratis.thirdparty.io.netty.channel.nio.NioEventLoop.processSelectedKeys(NioEventLoop.java:496)
	at org.apache.ratis.thirdparty.io.netty.channel.nio.NioEventLoop.run(NioEventLoop.java:458)
	at org.apache.ratis.thirdparty.io.netty.util.concurrent.SingleThreadEventExecutor$5.run(SingleThreadEventExecutor.java:897)
	at org.apache.ratis.thirdparty.io.netty.util.concurrent.FastThreadLocalRunnable.run(FastThreadLocalRunnable.java:30)
	... 1 more
Caused by: java.net.ConnectException: Connection refused
	... 11 more
2019-09-06 22:21:21,700 [42d29a8d-ec6e-4d7b-90f4-90463a45c878@group-59362D9BDB11:LeaderElection20] INFO  impl.LeaderElection (LogUtils.java:infoOrTrace(149)) - 42d29a8d-ec6e-4d7b-90f4-90463a45c878@group-59362D9BDB11:LeaderElection20 got exception when requesting votes: {}
java.util.concurrent.ExecutionException: org.apache.ratis.thirdparty.io.grpc.StatusRuntimeException: UNAVAILABLE: io exception
	at java.util.concurrent.FutureTask.report(FutureTask.java:122)
	at java.util.concurrent.FutureTask.get(FutureTask.java:192)
	at org.apache.ratis.server.impl.LeaderElection.waitForResults(LeaderElection.java:263)
	at org.apache.ratis.server.impl.LeaderElection.askForVotes(LeaderElection.java:201)
	at org.apache.ratis.server.impl.LeaderElection.run(LeaderElection.java:133)
	at java.lang.Thread.run(Thread.java:748)
Caused by: org.apache.ratis.thirdparty.io.grpc.StatusRuntimeException: UNAVAILABLE: io exception
	at org.apache.ratis.thirdparty.io.grpc.stub.ClientCalls.toStatusRuntimeException(ClientCalls.java:233)
	at org.apache.ratis.thirdparty.io.grpc.stub.ClientCalls.getUnchecked(ClientCalls.java:214)
	at org.apache.ratis.thirdparty.io.grpc.stub.ClientCalls.blockingUnaryCall(ClientCalls.java:139)
	at org.apache.ratis.proto.grpc.RaftServerProtocolServiceGrpc$RaftServerProtocolServiceBlockingStub.requestVote(RaftServerProtocolServiceGrpc.java:265)
	at org.apache.ratis.grpc.server.GrpcServerProtocolClient.requestVote(GrpcServerProtocolClient.java:90)
	at org.apache.ratis.grpc.server.GrpcService.requestVote(GrpcService.java:204)
	at org.apache.ratis.server.impl.LeaderElection.lambda$submitRequests$1(LeaderElection.java:238)
	at java.util.concurrent.FutureTask.run(FutureTask.java:266)
	at java.util.concurrent.Executors$RunnableAdapter.call(Executors.java:511)
	at java.util.concurrent.FutureTask.run(FutureTask.java:266)
	at java.util.concurrent.ThreadPoolExecutor.runWorker(ThreadPoolExecutor.java:1149)
	at java.util.concurrent.ThreadPoolExecutor$Worker.run(ThreadPoolExecutor.java:624)
	... 1 more
Caused by: org.apache.ratis.thirdparty.io.netty.channel.AbstractChannel$AnnotatedConnectException: Connection refused: /192.168.36.96:46741
	at sun.nio.ch.SocketChannelImpl.checkConnect(Native Method)
	at sun.nio.ch.SocketChannelImpl.finishConnect(SocketChannelImpl.java:717)
	at org.apache.ratis.thirdparty.io.netty.channel.socket.nio.NioSocketChannel.doFinishConnect(NioSocketChannel.java:327)
	at org.apache.ratis.thirdparty.io.netty.channel.nio.AbstractNioChannel$AbstractNioUnsafe.finishConnect(AbstractNioChannel.java:340)
	at org.apache.ratis.thirdparty.io.netty.channel.nio.NioEventLoop.processSelectedKey(NioEventLoop.java:632)
	at org.apache.ratis.thirdparty.io.netty.channel.nio.NioEventLoop.processSelectedKeysOptimized(NioEventLoop.java:579)
	at org.apache.ratis.thirdparty.io.netty.channel.nio.NioEventLoop.processSelectedKeys(NioEventLoop.java:496)
	at org.apache.ratis.thirdparty.io.netty.channel.nio.NioEventLoop.run(NioEventLoop.java:458)
	at org.apache.ratis.thirdparty.io.netty.util.concurrent.SingleThreadEventExecutor$5.run(SingleThreadEventExecutor.java:897)
	at org.apache.ratis.thirdparty.io.netty.util.concurrent.FastThreadLocalRunnable.run(FastThreadLocalRunnable.java:30)
	... 1 more
Caused by: java.net.ConnectException: Connection refused
	... 11 more
2019-09-06 22:21:21,703 [42d29a8d-ec6e-4d7b-90f4-90463a45c878@group-59362D9BDB11:LeaderElection20] INFO  impl.LeaderElection (LeaderElection.java:logAndReturn(56)) - 42d29a8d-ec6e-4d7b-90f4-90463a45c878@group-59362D9BDB11:LeaderElection20: Election REJECTED; received 0 response(s) [] and 2 exception(s); 42d29a8d-ec6e-4d7b-90f4-90463a45c878@group-59362D9BDB11:t8, leader=null, voted=42d29a8d-ec6e-4d7b-90f4-90463a45c878, raftlog=42d29a8d-ec6e-4d7b-90f4-90463a45c878@group-59362D9BDB11-SegmentedRaftLog:OPENED:c16,f16,i16, conf=0: [df3d14c4-da09-4933-9de6-7132a09f046b:192.168.36.96:46580, 42d29a8d-ec6e-4d7b-90f4-90463a45c878:192.168.36.96:45962, bc6fdb93-666a-4701-ac8e-a64642c98c17:192.168.36.96:46741], old=null
2019-09-06 22:21:21,703 [42d29a8d-ec6e-4d7b-90f4-90463a45c878@group-59362D9BDB11:LeaderElection20] INFO  impl.LeaderElection (LogUtils.java:infoOrTrace(149)) -   Exception 0: {}
java.util.concurrent.ExecutionException: org.apache.ratis.thirdparty.io.grpc.StatusRuntimeException: UNAVAILABLE: io exception
	at java.util.concurrent.FutureTask.report(FutureTask.java:122)
	at java.util.concurrent.FutureTask.get(FutureTask.java:192)
	at org.apache.ratis.server.impl.LeaderElection.waitForResults(LeaderElection.java:263)
	at org.apache.ratis.server.impl.LeaderElection.askForVotes(LeaderElection.java:201)
	at org.apache.ratis.server.impl.LeaderElection.run(LeaderElection.java:133)
	at java.lang.Thread.run(Thread.java:748)
Caused by: org.apache.ratis.thirdparty.io.grpc.StatusRuntimeException: UNAVAILABLE: io exception
	at org.apache.ratis.thirdparty.io.grpc.stub.ClientCalls.toStatusRuntimeException(ClientCalls.java:233)
	at org.apache.ratis.thirdparty.io.grpc.stub.ClientCalls.getUnchecked(ClientCalls.java:214)
	at org.apache.ratis.thirdparty.io.grpc.stub.ClientCalls.blockingUnaryCall(ClientCalls.java:139)
	at org.apache.ratis.proto.grpc.RaftServerProtocolServiceGrpc$RaftServerProtocolServiceBlockingStub.requestVote(RaftServerProtocolServiceGrpc.java:265)
	at org.apache.ratis.grpc.server.GrpcServerProtocolClient.requestVote(GrpcServerProtocolClient.java:90)
	at org.apache.ratis.grpc.server.GrpcService.requestVote(GrpcService.java:204)
	at org.apache.ratis.server.impl.LeaderElection.lambda$submitRequests$1(LeaderElection.java:238)
	at java.util.concurrent.FutureTask.run(FutureTask.java:266)
	at java.util.concurrent.Executors$RunnableAdapter.call(Executors.java:511)
	at java.util.concurrent.FutureTask.run(FutureTask.java:266)
	at java.util.concurrent.ThreadPoolExecutor.runWorker(ThreadPoolExecutor.java:1149)
	at java.util.concurrent.ThreadPoolExecutor$Worker.run(ThreadPoolExecutor.java:624)
	... 1 more
Caused by: org.apache.ratis.thirdparty.io.netty.channel.AbstractChannel$AnnotatedConnectException: Connection refused: /192.168.36.96:46580
	at sun.nio.ch.SocketChannelImpl.checkConnect(Native Method)
	at sun.nio.ch.SocketChannelImpl.finishConnect(SocketChannelImpl.java:717)
	at org.apache.ratis.thirdparty.io.netty.channel.socket.nio.NioSocketChannel.doFinishConnect(NioSocketChannel.java:327)
	at org.apache.ratis.thirdparty.io.netty.channel.nio.AbstractNioChannel$AbstractNioUnsafe.finishConnect(AbstractNioChannel.java:340)
	at org.apache.ratis.thirdparty.io.netty.channel.nio.NioEventLoop.processSelectedKey(NioEventLoop.java:632)
	at org.apache.ratis.thirdparty.io.netty.channel.nio.NioEventLoop.processSelectedKeysOptimized(NioEventLoop.java:579)
	at org.apache.ratis.thirdparty.io.netty.channel.nio.NioEventLoop.processSelectedKeys(NioEventLoop.java:496)
	at org.apache.ratis.thirdparty.io.netty.channel.nio.NioEventLoop.run(NioEventLoop.java:458)
	at org.apache.ratis.thirdparty.io.netty.util.concurrent.SingleThreadEventExecutor$5.run(SingleThreadEventExecutor.java:897)
	at org.apache.ratis.thirdparty.io.netty.util.concurrent.FastThreadLocalRunnable.run(FastThreadLocalRunnable.java:30)
	... 1 more
Caused by: java.net.ConnectException: Connection refused
	... 11 more
2019-09-06 22:21:21,704 [42d29a8d-ec6e-4d7b-90f4-90463a45c878@group-59362D9BDB11:LeaderElection20] INFO  impl.LeaderElection (LogUtils.java:infoOrTrace(149)) -   Exception 1: {}
java.util.concurrent.ExecutionException: org.apache.ratis.thirdparty.io.grpc.StatusRuntimeException: UNAVAILABLE: io exception
	at java.util.concurrent.FutureTask.report(FutureTask.java:122)
	at java.util.concurrent.FutureTask.get(FutureTask.java:192)
	at org.apache.ratis.server.impl.LeaderElection.waitForResults(LeaderElection.java:263)
	at org.apache.ratis.server.impl.LeaderElection.askForVotes(LeaderElection.java:201)
	at org.apache.ratis.server.impl.LeaderElection.run(LeaderElection.java:133)
	at java.lang.Thread.run(Thread.java:748)
Caused by: org.apache.ratis.thirdparty.io.grpc.StatusRuntimeException: UNAVAILABLE: io exception
	at org.apache.ratis.thirdparty.io.grpc.stub.ClientCalls.toStatusRuntimeException(ClientCalls.java:233)
	at org.apache.ratis.thirdparty.io.grpc.stub.ClientCalls.getUnchecked(ClientCalls.java:214)
	at org.apache.ratis.thirdparty.io.grpc.stub.ClientCalls.blockingUnaryCall(ClientCalls.java:139)
	at org.apache.ratis.proto.grpc.RaftServerProtocolServiceGrpc$RaftServerProtocolServiceBlockingStub.requestVote(RaftServerProtocolServiceGrpc.java:265)
	at org.apache.ratis.grpc.server.GrpcServerProtocolClient.requestVote(GrpcServerProtocolClient.java:90)
	at org.apache.ratis.grpc.server.GrpcService.requestVote(GrpcService.java:204)
	at org.apache.ratis.server.impl.LeaderElection.lambda$submitRequests$1(LeaderElection.java:238)
	at java.util.concurrent.FutureTask.run(FutureTask.java:266)
	at java.util.concurrent.Executors$RunnableAdapter.call(Executors.java:511)
	at java.util.concurrent.FutureTask.run(FutureTask.java:266)
	at java.util.concurrent.ThreadPoolExecutor.runWorker(ThreadPoolExecutor.java:1149)
	at java.util.concurrent.ThreadPoolExecutor$Worker.run(ThreadPoolExecutor.java:624)
	... 1 more
Caused by: org.apache.ratis.thirdparty.io.netty.channel.AbstractChannel$AnnotatedConnectException: Connection refused: /192.168.36.96:46741
	at sun.nio.ch.SocketChannelImpl.checkConnect(Native Method)
	at sun.nio.ch.SocketChannelImpl.finishConnect(SocketChannelImpl.java:717)
	at org.apache.ratis.thirdparty.io.netty.channel.socket.nio.NioSocketChannel.doFinishConnect(NioSocketChannel.java:327)
	at org.apache.ratis.thirdparty.io.netty.channel.nio.AbstractNioChannel$AbstractNioUnsafe.finishConnect(AbstractNioChannel.java:340)
	at org.apache.ratis.thirdparty.io.netty.channel.nio.NioEventLoop.processSelectedKey(NioEventLoop.java:632)
	at org.apache.ratis.thirdparty.io.netty.channel.nio.NioEventLoop.processSelectedKeysOptimized(NioEventLoop.java:579)
	at org.apache.ratis.thirdparty.io.netty.channel.nio.NioEventLoop.processSelectedKeys(NioEventLoop.java:496)
	at org.apache.ratis.thirdparty.io.netty.channel.nio.NioEventLoop.run(NioEventLoop.java:458)
	at org.apache.ratis.thirdparty.io.netty.util.concurrent.SingleThreadEventExecutor$5.run(SingleThreadEventExecutor.java:897)
	at org.apache.ratis.thirdparty.io.netty.util.concurrent.FastThreadLocalRunnable.run(FastThreadLocalRunnable.java:30)
	... 1 more
Caused by: java.net.ConnectException: Connection refused
	... 11 more
2019-09-06 22:21:21,705 [42d29a8d-ec6e-4d7b-90f4-90463a45c878@group-59362D9BDB11:LeaderElection20] INFO  impl.RaftServerImpl (RaftServerImpl.java:setRole(174)) - 42d29a8d-ec6e-4d7b-90f4-90463a45c878@group-59362D9BDB11: changes role from CANDIDATE to FOLLOWER at term 8 for DISCOVERED_A_NEW_TERM
2019-09-06 22:21:21,705 [42d29a8d-ec6e-4d7b-90f4-90463a45c878@group-59362D9BDB11:LeaderElection20] INFO  impl.RoleInfo (RoleInfo.java:shutdownLeaderElection(134)) - 42d29a8d-ec6e-4d7b-90f4-90463a45c878: shutdown LeaderElection
2019-09-06 22:21:21,705 [42d29a8d-ec6e-4d7b-90f4-90463a45c878@group-59362D9BDB11:LeaderElection20] INFO  impl.RoleInfo (RoleInfo.java:updateAndGet(143)) - 42d29a8d-ec6e-4d7b-90f4-90463a45c878: start FollowerState
2019-09-06 22:21:22,514 [grpc-default-executor-2] INFO  client.GrpcClientProtocolClient (GrpcClientProtocolClient.java:onNext(264)) - client-21ADCD270D8F->42d29a8d-ec6e-4d7b-90f4-90463a45c878: receive RaftClientReply:client-21ADCD270D8F->42d29a8d-ec6e-4d7b-90f4-90463a45c878@group-59362D9BDB11, cid=22, FAILED org.apache.ratis.protocol.NotLeaderException: Server 42d29a8d-ec6e-4d7b-90f4-90463a45c878@group-59362D9BDB11 is not the leader, logIndex=0, commits[42d29a8d-ec6e-4d7b-90f4-90463a45c878:c16, df3d14c4-da09-4933-9de6-7132a09f046b:c16, bc6fdb93-666a-4701-ac8e-a64642c98c17:c16]
2019-09-06 22:21:24,545 [grpc-default-executor-4] INFO  client.GrpcClientProtocolClient (GrpcClientProtocolClient.java:onNext(264)) - client-21ADCD270D8F->42d29a8d-ec6e-4d7b-90f4-90463a45c878: receive RaftClientReply:client-21ADCD270D8F->42d29a8d-ec6e-4d7b-90f4-90463a45c878@group-59362D9BDB11, cid=22, FAILED org.apache.ratis.protocol.NotLeaderException: Server 42d29a8d-ec6e-4d7b-90f4-90463a45c878@group-59362D9BDB11 is not the leader, logIndex=0, commits[42d29a8d-ec6e-4d7b-90f4-90463a45c878:c16, df3d14c4-da09-4933-9de6-7132a09f046b:c16, bc6fdb93-666a-4701-ac8e-a64642c98c17:c16]
2019-09-06 22:21:26,561 [grpc-default-executor-2] INFO  client.GrpcClientProtocolClient (GrpcClientProtocolClient.java:onNext(264)) - client-21ADCD270D8F->42d29a8d-ec6e-4d7b-90f4-90463a45c878: receive RaftClientReply:client-21ADCD270D8F->42d29a8d-ec6e-4d7b-90f4-90463a45c878@group-59362D9BDB11, cid=22, FAILED org.apache.ratis.protocol.NotLeaderException: Server 42d29a8d-ec6e-4d7b-90f4-90463a45c878@group-59362D9BDB11 is not the leader, logIndex=0, commits[42d29a8d-ec6e-4d7b-90f4-90463a45c878:c16, df3d14c4-da09-4933-9de6-7132a09f046b:c16, bc6fdb93-666a-4701-ac8e-a64642c98c17:c16]
2019-09-06 22:21:26,837 [Thread-508] INFO  impl.FollowerState (FollowerState.java:run(106)) - 42d29a8d-ec6e-4d7b-90f4-90463a45c878:group-59362D9BDB11 changes to CANDIDATE, lastRpcTime:5131, electionTimeout:5131ms
2019-09-06 22:21:26,840 [Thread-508] INFO  impl.RoleInfo (RoleInfo.java:shutdownFollowerState(121)) - 42d29a8d-ec6e-4d7b-90f4-90463a45c878: shutdown FollowerState
2019-09-06 22:21:26,840 [Thread-508] INFO  impl.RaftServerImpl (RaftServerImpl.java:setRole(174)) - 42d29a8d-ec6e-4d7b-90f4-90463a45c878@group-59362D9BDB11: changes role from  FOLLOWER to CANDIDATE at term 8 for changeToCandidate
2019-09-06 22:21:26,840 [Thread-508] INFO  impl.RoleInfo (RoleInfo.java:updateAndGet(143)) - 42d29a8d-ec6e-4d7b-90f4-90463a45c878: start LeaderElection
2019-09-06 22:21:26,890 [42d29a8d-ec6e-4d7b-90f4-90463a45c878@group-59362D9BDB11:LeaderElection21] INFO  impl.LeaderElection (LeaderElection.java:askForVotes(182)) - 42d29a8d-ec6e-4d7b-90f4-90463a45c878@group-59362D9BDB11:LeaderElection21: begin an election at term 9 for 0: [df3d14c4-da09-4933-9de6-7132a09f046b:192.168.36.96:46580, 42d29a8d-ec6e-4d7b-90f4-90463a45c878:192.168.36.96:45962, bc6fdb93-666a-4701-ac8e-a64642c98c17:192.168.36.96:46741], old=null
2019-09-06 22:21:26,894 [42d29a8d-ec6e-4d7b-90f4-90463a45c878@group-59362D9BDB11:LeaderElection21] INFO  impl.LeaderElection (LogUtils.java:infoOrTrace(149)) - 42d29a8d-ec6e-4d7b-90f4-90463a45c878@group-59362D9BDB11:LeaderElection21 got exception when requesting votes: {}
java.util.concurrent.ExecutionException: org.apache.ratis.thirdparty.io.grpc.StatusRuntimeException: UNAVAILABLE: io exception
	at java.util.concurrent.FutureTask.report(FutureTask.java:122)
	at java.util.concurrent.FutureTask.get(FutureTask.java:192)
	at org.apache.ratis.server.impl.LeaderElection.waitForResults(LeaderElection.java:263)
	at org.apache.ratis.server.impl.LeaderElection.askForVotes(LeaderElection.java:201)
	at org.apache.ratis.server.impl.LeaderElection.run(LeaderElection.java:133)
	at java.lang.Thread.run(Thread.java:748)
Caused by: org.apache.ratis.thirdparty.io.grpc.StatusRuntimeException: UNAVAILABLE: io exception
	at org.apache.ratis.thirdparty.io.grpc.stub.ClientCalls.toStatusRuntimeException(ClientCalls.java:233)
	at org.apache.ratis.thirdparty.io.grpc.stub.ClientCalls.getUnchecked(ClientCalls.java:214)
	at org.apache.ratis.thirdparty.io.grpc.stub.ClientCalls.blockingUnaryCall(ClientCalls.java:139)
	at org.apache.ratis.proto.grpc.RaftServerProtocolServiceGrpc$RaftServerProtocolServiceBlockingStub.requestVote(RaftServerProtocolServiceGrpc.java:265)
	at org.apache.ratis.grpc.server.GrpcServerProtocolClient.requestVote(GrpcServerProtocolClient.java:90)
	at org.apache.ratis.grpc.server.GrpcService.requestVote(GrpcService.java:204)
	at org.apache.ratis.server.impl.LeaderElection.lambda$submitRequests$1(LeaderElection.java:238)
	at java.util.concurrent.FutureTask.run(FutureTask.java:266)
	at java.util.concurrent.Executors$RunnableAdapter.call(Executors.java:511)
	at java.util.concurrent.FutureTask.run(FutureTask.java:266)
	at java.util.concurrent.ThreadPoolExecutor.runWorker(ThreadPoolExecutor.java:1149)
	at java.util.concurrent.ThreadPoolExecutor$Worker.run(ThreadPoolExecutor.java:624)
	... 1 more
Caused by: org.apache.ratis.thirdparty.io.netty.channel.AbstractChannel$AnnotatedConnectException: Connection refused: /192.168.36.96:46580
	at sun.nio.ch.SocketChannelImpl.checkConnect(Native Method)
	at sun.nio.ch.SocketChannelImpl.finishConnect(SocketChannelImpl.java:717)
	at org.apache.ratis.thirdparty.io.netty.channel.socket.nio.NioSocketChannel.doFinishConnect(NioSocketChannel.java:327)
	at org.apache.ratis.thirdparty.io.netty.channel.nio.AbstractNioChannel$AbstractNioUnsafe.finishConnect(AbstractNioChannel.java:340)
	at org.apache.ratis.thirdparty.io.netty.channel.nio.NioEventLoop.processSelectedKey(NioEventLoop.java:632)
	at org.apache.ratis.thirdparty.io.netty.channel.nio.NioEventLoop.processSelectedKeysOptimized(NioEventLoop.java:579)
	at org.apache.ratis.thirdparty.io.netty.channel.nio.NioEventLoop.processSelectedKeys(NioEventLoop.java:496)
	at org.apache.ratis.thirdparty.io.netty.channel.nio.NioEventLoop.run(NioEventLoop.java:458)
	at org.apache.ratis.thirdparty.io.netty.util.concurrent.SingleThreadEventExecutor$5.run(SingleThreadEventExecutor.java:897)
	at org.apache.ratis.thirdparty.io.netty.util.concurrent.FastThreadLocalRunnable.run(FastThreadLocalRunnable.java:30)
	... 1 more
Caused by: java.net.ConnectException: Connection refused
	... 11 more
2019-09-06 22:21:26,896 [42d29a8d-ec6e-4d7b-90f4-90463a45c878@group-59362D9BDB11:LeaderElection21] INFO  impl.LeaderElection (LogUtils.java:infoOrTrace(149)) - 42d29a8d-ec6e-4d7b-90f4-90463a45c878@group-59362D9BDB11:LeaderElection21 got exception when requesting votes: {}
java.util.concurrent.ExecutionException: org.apache.ratis.thirdparty.io.grpc.StatusRuntimeException: UNAVAILABLE: io exception
	at java.util.concurrent.FutureTask.report(FutureTask.java:122)
	at java.util.concurrent.FutureTask.get(FutureTask.java:192)
	at org.apache.ratis.server.impl.LeaderElection.waitForResults(LeaderElection.java:263)
	at org.apache.ratis.server.impl.LeaderElection.askForVotes(LeaderElection.java:201)
	at org.apache.ratis.server.impl.LeaderElection.run(LeaderElection.java:133)
	at java.lang.Thread.run(Thread.java:748)
Caused by: org.apache.ratis.thirdparty.io.grpc.StatusRuntimeException: UNAVAILABLE: io exception
	at org.apache.ratis.thirdparty.io.grpc.stub.ClientCalls.toStatusRuntimeException(ClientCalls.java:233)
	at org.apache.ratis.thirdparty.io.grpc.stub.ClientCalls.getUnchecked(ClientCalls.java:214)
	at org.apache.ratis.thirdparty.io.grpc.stub.ClientCalls.blockingUnaryCall(ClientCalls.java:139)
	at org.apache.ratis.proto.grpc.RaftServerProtocolServiceGrpc$RaftServerProtocolServiceBlockingStub.requestVote(RaftServerProtocolServiceGrpc.java:265)
	at org.apache.ratis.grpc.server.GrpcServerProtocolClient.requestVote(GrpcServerProtocolClient.java:90)
	at org.apache.ratis.grpc.server.GrpcService.requestVote(GrpcService.java:204)
	at org.apache.ratis.server.impl.LeaderElection.lambda$submitRequests$1(LeaderElection.java:238)
	at java.util.concurrent.FutureTask.run(FutureTask.java:266)
	at java.util.concurrent.Executors$RunnableAdapter.call(Executors.java:511)
	at java.util.concurrent.FutureTask.run(FutureTask.java:266)
	at java.util.concurrent.ThreadPoolExecutor.runWorker(ThreadPoolExecutor.java:1149)
	at java.util.concurrent.ThreadPoolExecutor$Worker.run(ThreadPoolExecutor.java:624)
	... 1 more
Caused by: org.apache.ratis.thirdparty.io.netty.channel.AbstractChannel$AnnotatedConnectException: Connection refused: /192.168.36.96:46741
	at sun.nio.ch.SocketChannelImpl.checkConnect(Native Method)
	at sun.nio.ch.SocketChannelImpl.finishConnect(SocketChannelImpl.java:717)
	at org.apache.ratis.thirdparty.io.netty.channel.socket.nio.NioSocketChannel.doFinishConnect(NioSocketChannel.java:327)
	at org.apache.ratis.thirdparty.io.netty.channel.nio.AbstractNioChannel$AbstractNioUnsafe.finishConnect(AbstractNioChannel.java:340)
	at org.apache.ratis.thirdparty.io.netty.channel.nio.NioEventLoop.processSelectedKey(NioEventLoop.java:632)
	at org.apache.ratis.thirdparty.io.netty.channel.nio.NioEventLoop.processSelectedKeysOptimized(NioEventLoop.java:579)
	at org.apache.ratis.thirdparty.io.netty.channel.nio.NioEventLoop.processSelectedKeys(NioEventLoop.java:496)
	at org.apache.ratis.thirdparty.io.netty.channel.nio.NioEventLoop.run(NioEventLoop.java:458)
	at org.apache.ratis.thirdparty.io.netty.util.concurrent.SingleThreadEventExecutor$5.run(SingleThreadEventExecutor.java:897)
	at org.apache.ratis.thirdparty.io.netty.util.concurrent.FastThreadLocalRunnable.run(FastThreadLocalRunnable.java:30)
	... 1 more
Caused by: java.net.ConnectException: Connection refused
	... 11 more
2019-09-06 22:21:26,899 [42d29a8d-ec6e-4d7b-90f4-90463a45c878@group-59362D9BDB11:LeaderElection21] INFO  impl.LeaderElection (LeaderElection.java:logAndReturn(56)) - 42d29a8d-ec6e-4d7b-90f4-90463a45c878@group-59362D9BDB11:LeaderElection21: Election REJECTED; received 0 response(s) [] and 2 exception(s); 42d29a8d-ec6e-4d7b-90f4-90463a45c878@group-59362D9BDB11:t9, leader=null, voted=42d29a8d-ec6e-4d7b-90f4-90463a45c878, raftlog=42d29a8d-ec6e-4d7b-90f4-90463a45c878@group-59362D9BDB11-SegmentedRaftLog:OPENED:c16,f16,i16, conf=0: [df3d14c4-da09-4933-9de6-7132a09f046b:192.168.36.96:46580, 42d29a8d-ec6e-4d7b-90f4-90463a45c878:192.168.36.96:45962, bc6fdb93-666a-4701-ac8e-a64642c98c17:192.168.36.96:46741], old=null
2019-09-06 22:21:26,899 [42d29a8d-ec6e-4d7b-90f4-90463a45c878@group-59362D9BDB11:LeaderElection21] INFO  impl.LeaderElection (LogUtils.java:infoOrTrace(149)) -   Exception 0: {}
java.util.concurrent.ExecutionException: org.apache.ratis.thirdparty.io.grpc.StatusRuntimeException: UNAVAILABLE: io exception
	at java.util.concurrent.FutureTask.report(FutureTask.java:122)
	at java.util.concurrent.FutureTask.get(FutureTask.java:192)
	at org.apache.ratis.server.impl.LeaderElection.waitForResults(LeaderElection.java:263)
	at org.apache.ratis.server.impl.LeaderElection.askForVotes(LeaderElection.java:201)
	at org.apache.ratis.server.impl.LeaderElection.run(LeaderElection.java:133)
	at java.lang.Thread.run(Thread.java:748)
Caused by: org.apache.ratis.thirdparty.io.grpc.StatusRuntimeException: UNAVAILABLE: io exception
	at org.apache.ratis.thirdparty.io.grpc.stub.ClientCalls.toStatusRuntimeException(ClientCalls.java:233)
	at org.apache.ratis.thirdparty.io.grpc.stub.ClientCalls.getUnchecked(ClientCalls.java:214)
	at org.apache.ratis.thirdparty.io.grpc.stub.ClientCalls.blockingUnaryCall(ClientCalls.java:139)
	at org.apache.ratis.proto.grpc.RaftServerProtocolServiceGrpc$RaftServerProtocolServiceBlockingStub.requestVote(RaftServerProtocolServiceGrpc.java:265)
	at org.apache.ratis.grpc.server.GrpcServerProtocolClient.requestVote(GrpcServerProtocolClient.java:90)
	at org.apache.ratis.grpc.server.GrpcService.requestVote(GrpcService.java:204)
	at org.apache.ratis.server.impl.LeaderElection.lambda$submitRequests$1(LeaderElection.java:238)
	at java.util.concurrent.FutureTask.run(FutureTask.java:266)
	at java.util.concurrent.Executors$RunnableAdapter.call(Executors.java:511)
	at java.util.concurrent.FutureTask.run(FutureTask.java:266)
	at java.util.concurrent.ThreadPoolExecutor.runWorker(ThreadPoolExecutor.java:1149)
	at java.util.concurrent.ThreadPoolExecutor$Worker.run(ThreadPoolExecutor.java:624)
	... 1 more
Caused by: org.apache.ratis.thirdparty.io.netty.channel.AbstractChannel$AnnotatedConnectException: Connection refused: /192.168.36.96:46580
	at sun.nio.ch.SocketChannelImpl.checkConnect(Native Method)
	at sun.nio.ch.SocketChannelImpl.finishConnect(SocketChannelImpl.java:717)
	at org.apache.ratis.thirdparty.io.netty.channel.socket.nio.NioSocketChannel.doFinishConnect(NioSocketChannel.java:327)
	at org.apache.ratis.thirdparty.io.netty.channel.nio.AbstractNioChannel$AbstractNioUnsafe.finishConnect(AbstractNioChannel.java:340)
	at org.apache.ratis.thirdparty.io.netty.channel.nio.NioEventLoop.processSelectedKey(NioEventLoop.java:632)
	at org.apache.ratis.thirdparty.io.netty.channel.nio.NioEventLoop.processSelectedKeysOptimized(NioEventLoop.java:579)
	at org.apache.ratis.thirdparty.io.netty.channel.nio.NioEventLoop.processSelectedKeys(NioEventLoop.java:496)
	at org.apache.ratis.thirdparty.io.netty.channel.nio.NioEventLoop.run(NioEventLoop.java:458)
	at org.apache.ratis.thirdparty.io.netty.util.concurrent.SingleThreadEventExecutor$5.run(SingleThreadEventExecutor.java:897)
	at org.apache.ratis.thirdparty.io.netty.util.concurrent.FastThreadLocalRunnable.run(FastThreadLocalRunnable.java:30)
	... 1 more
Caused by: java.net.ConnectException: Connection refused
	... 11 more
2019-09-06 22:21:26,900 [42d29a8d-ec6e-4d7b-90f4-90463a45c878@group-59362D9BDB11:LeaderElection21] INFO  impl.LeaderElection (LogUtils.java:infoOrTrace(149)) -   Exception 1: {}
java.util.concurrent.ExecutionException: org.apache.ratis.thirdparty.io.grpc.StatusRuntimeException: UNAVAILABLE: io exception
	at java.util.concurrent.FutureTask.report(FutureTask.java:122)
	at java.util.concurrent.FutureTask.get(FutureTask.java:192)
	at org.apache.ratis.server.impl.LeaderElection.waitForResults(LeaderElection.java:263)
	at org.apache.ratis.server.impl.LeaderElection.askForVotes(LeaderElection.java:201)
	at org.apache.ratis.server.impl.LeaderElection.run(LeaderElection.java:133)
	at java.lang.Thread.run(Thread.java:748)
Caused by: org.apache.ratis.thirdparty.io.grpc.StatusRuntimeException: UNAVAILABLE: io exception
	at org.apache.ratis.thirdparty.io.grpc.stub.ClientCalls.toStatusRuntimeException(ClientCalls.java:233)
	at org.apache.ratis.thirdparty.io.grpc.stub.ClientCalls.getUnchecked(ClientCalls.java:214)
	at org.apache.ratis.thirdparty.io.grpc.stub.ClientCalls.blockingUnaryCall(ClientCalls.java:139)
	at org.apache.ratis.proto.grpc.RaftServerProtocolServiceGrpc$RaftServerProtocolServiceBlockingStub.requestVote(RaftServerProtocolServiceGrpc.java:265)
	at org.apache.ratis.grpc.server.GrpcServerProtocolClient.requestVote(GrpcServerProtocolClient.java:90)
	at org.apache.ratis.grpc.server.GrpcService.requestVote(GrpcService.java:204)
	at org.apache.ratis.server.impl.LeaderElection.lambda$submitRequests$1(LeaderElection.java:238)
	at java.util.concurrent.FutureTask.run(FutureTask.java:266)
	at java.util.concurrent.Executors$RunnableAdapter.call(Executors.java:511)
	at java.util.concurrent.FutureTask.run(FutureTask.java:266)
	at java.util.concurrent.ThreadPoolExecutor.runWorker(ThreadPoolExecutor.java:1149)
	at java.util.concurrent.ThreadPoolExecutor$Worker.run(ThreadPoolExecutor.java:624)
	... 1 more
Caused by: org.apache.ratis.thirdparty.io.netty.channel.AbstractChannel$AnnotatedConnectException: Connection refused: /192.168.36.96:46741
	at sun.nio.ch.SocketChannelImpl.checkConnect(Native Method)
	at sun.nio.ch.SocketChannelImpl.finishConnect(SocketChannelImpl.java:717)
	at org.apache.ratis.thirdparty.io.netty.channel.socket.nio.NioSocketChannel.doFinishConnect(NioSocketChannel.java:327)
	at org.apache.ratis.thirdparty.io.netty.channel.nio.AbstractNioChannel$AbstractNioUnsafe.finishConnect(AbstractNioChannel.java:340)
	at org.apache.ratis.thirdparty.io.netty.channel.nio.NioEventLoop.processSelectedKey(NioEventLoop.java:632)
	at org.apache.ratis.thirdparty.io.netty.channel.nio.NioEventLoop.processSelectedKeysOptimized(NioEventLoop.java:579)
	at org.apache.ratis.thirdparty.io.netty.channel.nio.NioEventLoop.processSelectedKeys(NioEventLoop.java:496)
	at org.apache.ratis.thirdparty.io.netty.channel.nio.NioEventLoop.run(NioEventLoop.java:458)
	at org.apache.ratis.thirdparty.io.netty.util.concurrent.SingleThreadEventExecutor$5.run(SingleThreadEventExecutor.java:897)
	at org.apache.ratis.thirdparty.io.netty.util.concurrent.FastThreadLocalRunnable.run(FastThreadLocalRunnable.java:30)
	... 1 more
Caused by: java.net.ConnectException: Connection refused
	... 11 more
2019-09-06 22:21:26,901 [42d29a8d-ec6e-4d7b-90f4-90463a45c878@group-59362D9BDB11:LeaderElection21] INFO  impl.RaftServerImpl (RaftServerImpl.java:setRole(174)) - 42d29a8d-ec6e-4d7b-90f4-90463a45c878@group-59362D9BDB11: changes role from CANDIDATE to FOLLOWER at term 9 for DISCOVERED_A_NEW_TERM
2019-09-06 22:21:26,901 [42d29a8d-ec6e-4d7b-90f4-90463a45c878@group-59362D9BDB11:LeaderElection21] INFO  impl.RoleInfo (RoleInfo.java:shutdownLeaderElection(134)) - 42d29a8d-ec6e-4d7b-90f4-90463a45c878: shutdown LeaderElection
2019-09-06 22:21:26,901 [42d29a8d-ec6e-4d7b-90f4-90463a45c878@group-59362D9BDB11:LeaderElection21] INFO  impl.RoleInfo (RoleInfo.java:updateAndGet(143)) - 42d29a8d-ec6e-4d7b-90f4-90463a45c878: start FollowerState
2019-09-06 22:21:31,902 [Thread-525] INFO  impl.FollowerState (FollowerState.java:run(106)) - 42d29a8d-ec6e-4d7b-90f4-90463a45c878:group-59362D9BDB11 changes to CANDIDATE, lastRpcTime:5000, electionTimeout:5000ms
2019-09-06 22:21:31,907 [Thread-525] INFO  impl.RoleInfo (RoleInfo.java:shutdownFollowerState(121)) - 42d29a8d-ec6e-4d7b-90f4-90463a45c878: shutdown FollowerState
2019-09-06 22:21:31,908 [Thread-525] INFO  impl.RaftServerImpl (RaftServerImpl.java:setRole(174)) - 42d29a8d-ec6e-4d7b-90f4-90463a45c878@group-59362D9BDB11: changes role from  FOLLOWER to CANDIDATE at term 9 for changeToCandidate
2019-09-06 22:21:31,909 [Thread-525] INFO  impl.RoleInfo (RoleInfo.java:updateAndGet(143)) - 42d29a8d-ec6e-4d7b-90f4-90463a45c878: start LeaderElection
2019-09-06 22:21:31,937 [42d29a8d-ec6e-4d7b-90f4-90463a45c878@group-59362D9BDB11:LeaderElection22] INFO  impl.LeaderElection (LeaderElection.java:askForVotes(182)) - 42d29a8d-ec6e-4d7b-90f4-90463a45c878@group-59362D9BDB11:LeaderElection22: begin an election at term 10 for 0: [df3d14c4-da09-4933-9de6-7132a09f046b:192.168.36.96:46580, 42d29a8d-ec6e-4d7b-90f4-90463a45c878:192.168.36.96:45962, bc6fdb93-666a-4701-ac8e-a64642c98c17:192.168.36.96:46741], old=null
2019-09-06 22:21:31,939 [42d29a8d-ec6e-4d7b-90f4-90463a45c878@group-59362D9BDB11:LeaderElection22] INFO  impl.LeaderElection (LogUtils.java:infoOrTrace(149)) - 42d29a8d-ec6e-4d7b-90f4-90463a45c878@group-59362D9BDB11:LeaderElection22 got exception when requesting votes: {}
java.util.concurrent.ExecutionException: org.apache.ratis.thirdparty.io.grpc.StatusRuntimeException: UNAVAILABLE: io exception
	at java.util.concurrent.FutureTask.report(FutureTask.java:122)
	at java.util.concurrent.FutureTask.get(FutureTask.java:192)
	at org.apache.ratis.server.impl.LeaderElection.waitForResults(LeaderElection.java:263)
	at org.apache.ratis.server.impl.LeaderElection.askForVotes(LeaderElection.java:201)
	at org.apache.ratis.server.impl.LeaderElection.run(LeaderElection.java:133)
	at java.lang.Thread.run(Thread.java:748)
Caused by: org.apache.ratis.thirdparty.io.grpc.StatusRuntimeException: UNAVAILABLE: io exception
	at org.apache.ratis.thirdparty.io.grpc.stub.ClientCalls.toStatusRuntimeException(ClientCalls.java:233)
	at org.apache.ratis.thirdparty.io.grpc.stub.ClientCalls.getUnchecked(ClientCalls.java:214)
	at org.apache.ratis.thirdparty.io.grpc.stub.ClientCalls.blockingUnaryCall(ClientCalls.java:139)
	at org.apache.ratis.proto.grpc.RaftServerProtocolServiceGrpc$RaftServerProtocolServiceBlockingStub.requestVote(RaftServerProtocolServiceGrpc.java:265)
	at org.apache.ratis.grpc.server.GrpcServerProtocolClient.requestVote(GrpcServerProtocolClient.java:90)
	at org.apache.ratis.grpc.server.GrpcService.requestVote(GrpcService.java:204)
	at org.apache.ratis.server.impl.LeaderElection.lambda$submitRequests$1(LeaderElection.java:238)
	at java.util.concurrent.FutureTask.run(FutureTask.java:266)
	at java.util.concurrent.Executors$RunnableAdapter.call(Executors.java:511)
	at java.util.concurrent.FutureTask.run(FutureTask.java:266)
	at java.util.concurrent.ThreadPoolExecutor.runWorker(ThreadPoolExecutor.java:1149)
	at java.util.concurrent.ThreadPoolExecutor$Worker.run(ThreadPoolExecutor.java:624)
	... 1 more
Caused by: org.apache.ratis.thirdparty.io.netty.channel.AbstractChannel$AnnotatedConnectException: Connection refused: /192.168.36.96:46741
	at sun.nio.ch.SocketChannelImpl.checkConnect(Native Method)
	at sun.nio.ch.SocketChannelImpl.finishConnect(SocketChannelImpl.java:717)
	at org.apache.ratis.thirdparty.io.netty.channel.socket.nio.NioSocketChannel.doFinishConnect(NioSocketChannel.java:327)
	at org.apache.ratis.thirdparty.io.netty.channel.nio.AbstractNioChannel$AbstractNioUnsafe.finishConnect(AbstractNioChannel.java:340)
	at org.apache.ratis.thirdparty.io.netty.channel.nio.NioEventLoop.processSelectedKey(NioEventLoop.java:632)
	at org.apache.ratis.thirdparty.io.netty.channel.nio.NioEventLoop.processSelectedKeysOptimized(NioEventLoop.java:579)
	at org.apache.ratis.thirdparty.io.netty.channel.nio.NioEventLoop.processSelectedKeys(NioEventLoop.java:496)
	at org.apache.ratis.thirdparty.io.netty.channel.nio.NioEventLoop.run(NioEventLoop.java:458)
	at org.apache.ratis.thirdparty.io.netty.util.concurrent.SingleThreadEventExecutor$5.run(SingleThreadEventExecutor.java:897)
	at org.apache.ratis.thirdparty.io.netty.util.concurrent.FastThreadLocalRunnable.run(FastThreadLocalRunnable.java:30)
	... 1 more
Caused by: java.net.ConnectException: Connection refused
	... 11 more
2019-09-06 22:21:31,942 [42d29a8d-ec6e-4d7b-90f4-90463a45c878@group-59362D9BDB11:LeaderElection22] INFO  impl.LeaderElection (LogUtils.java:infoOrTrace(149)) - 42d29a8d-ec6e-4d7b-90f4-90463a45c878@group-59362D9BDB11:LeaderElection22 got exception when requesting votes: {}
java.util.concurrent.ExecutionException: org.apache.ratis.thirdparty.io.grpc.StatusRuntimeException: UNAVAILABLE: io exception
	at java.util.concurrent.FutureTask.report(FutureTask.java:122)
	at java.util.concurrent.FutureTask.get(FutureTask.java:192)
	at org.apache.ratis.server.impl.LeaderElection.waitForResults(LeaderElection.java:263)
	at org.apache.ratis.server.impl.LeaderElection.askForVotes(LeaderElection.java:201)
	at org.apache.ratis.server.impl.LeaderElection.run(LeaderElection.java:133)
	at java.lang.Thread.run(Thread.java:748)
Caused by: org.apache.ratis.thirdparty.io.grpc.StatusRuntimeException: UNAVAILABLE: io exception
	at org.apache.ratis.thirdparty.io.grpc.stub.ClientCalls.toStatusRuntimeException(ClientCalls.java:233)
	at org.apache.ratis.thirdparty.io.grpc.stub.ClientCalls.getUnchecked(ClientCalls.java:214)
	at org.apache.ratis.thirdparty.io.grpc.stub.ClientCalls.blockingUnaryCall(ClientCalls.java:139)
	at org.apache.ratis.proto.grpc.RaftServerProtocolServiceGrpc$RaftServerProtocolServiceBlockingStub.requestVote(RaftServerProtocolServiceGrpc.java:265)
	at org.apache.ratis.grpc.server.GrpcServerProtocolClient.requestVote(GrpcServerProtocolClient.java:90)
	at org.apache.ratis.grpc.server.GrpcService.requestVote(GrpcService.java:204)
	at org.apache.ratis.server.impl.LeaderElection.lambda$submitRequests$1(LeaderElection.java:238)
	at java.util.concurrent.FutureTask.run(FutureTask.java:266)
	at java.util.concurrent.Executors$RunnableAdapter.call(Executors.java:511)
	at java.util.concurrent.FutureTask.run(FutureTask.java:266)
	at java.util.concurrent.ThreadPoolExecutor.runWorker(ThreadPoolExecutor.java:1149)
	at java.util.concurrent.ThreadPoolExecutor$Worker.run(ThreadPoolExecutor.java:624)
	... 1 more
Caused by: org.apache.ratis.thirdparty.io.netty.channel.AbstractChannel$AnnotatedConnectException: Connection refused: /192.168.36.96:46580
	at sun.nio.ch.SocketChannelImpl.checkConnect(Native Method)
	at sun.nio.ch.SocketChannelImpl.finishConnect(SocketChannelImpl.java:717)
	at org.apache.ratis.thirdparty.io.netty.channel.socket.nio.NioSocketChannel.doFinishConnect(NioSocketChannel.java:327)
	at org.apache.ratis.thirdparty.io.netty.channel.nio.AbstractNioChannel$AbstractNioUnsafe.finishConnect(AbstractNioChannel.java:340)
	at org.apache.ratis.thirdparty.io.netty.channel.nio.NioEventLoop.processSelectedKey(NioEventLoop.java:632)
	at org.apache.ratis.thirdparty.io.netty.channel.nio.NioEventLoop.processSelectedKeysOptimized(NioEventLoop.java:579)
	at org.apache.ratis.thirdparty.io.netty.channel.nio.NioEventLoop.processSelectedKeys(NioEventLoop.java:496)
	at org.apache.ratis.thirdparty.io.netty.channel.nio.NioEventLoop.run(NioEventLoop.java:458)
	at org.apache.ratis.thirdparty.io.netty.util.concurrent.SingleThreadEventExecutor$5.run(SingleThreadEventExecutor.java:897)
	at org.apache.ratis.thirdparty.io.netty.util.concurrent.FastThreadLocalRunnable.run(FastThreadLocalRunnable.java:30)
	... 1 more
Caused by: java.net.ConnectException: Connection refused
	... 11 more
2019-09-06 22:21:31,944 [42d29a8d-ec6e-4d7b-90f4-90463a45c878@group-59362D9BDB11:LeaderElection22] INFO  impl.LeaderElection (LeaderElection.java:logAndReturn(56)) - 42d29a8d-ec6e-4d7b-90f4-90463a45c878@group-59362D9BDB11:LeaderElection22: Election REJECTED; received 0 response(s) [] and 2 exception(s); 42d29a8d-ec6e-4d7b-90f4-90463a45c878@group-59362D9BDB11:t10, leader=null, voted=42d29a8d-ec6e-4d7b-90f4-90463a45c878, raftlog=42d29a8d-ec6e-4d7b-90f4-90463a45c878@group-59362D9BDB11-SegmentedRaftLog:OPENED:c16,f16,i16, conf=0: [df3d14c4-da09-4933-9de6-7132a09f046b:192.168.36.96:46580, 42d29a8d-ec6e-4d7b-90f4-90463a45c878:192.168.36.96:45962, bc6fdb93-666a-4701-ac8e-a64642c98c17:192.168.36.96:46741], old=null
2019-09-06 22:21:31,944 [42d29a8d-ec6e-4d7b-90f4-90463a45c878@group-59362D9BDB11:LeaderElection22] INFO  impl.LeaderElection (LogUtils.java:infoOrTrace(149)) -   Exception 0: {}
java.util.concurrent.ExecutionException: org.apache.ratis.thirdparty.io.grpc.StatusRuntimeException: UNAVAILABLE: io exception
	at java.util.concurrent.FutureTask.report(FutureTask.java:122)
	at java.util.concurrent.FutureTask.get(FutureTask.java:192)
	at org.apache.ratis.server.impl.LeaderElection.waitForResults(LeaderElection.java:263)
	at org.apache.ratis.server.impl.LeaderElection.askForVotes(LeaderElection.java:201)
	at org.apache.ratis.server.impl.LeaderElection.run(LeaderElection.java:133)
	at java.lang.Thread.run(Thread.java:748)
Caused by: org.apache.ratis.thirdparty.io.grpc.StatusRuntimeException: UNAVAILABLE: io exception
	at org.apache.ratis.thirdparty.io.grpc.stub.ClientCalls.toStatusRuntimeException(ClientCalls.java:233)
	at org.apache.ratis.thirdparty.io.grpc.stub.ClientCalls.getUnchecked(ClientCalls.java:214)
	at org.apache.ratis.thirdparty.io.grpc.stub.ClientCalls.blockingUnaryCall(ClientCalls.java:139)
	at org.apache.ratis.proto.grpc.RaftServerProtocolServiceGrpc$RaftServerProtocolServiceBlockingStub.requestVote(RaftServerProtocolServiceGrpc.java:265)
	at org.apache.ratis.grpc.server.GrpcServerProtocolClient.requestVote(GrpcServerProtocolClient.java:90)
	at org.apache.ratis.grpc.server.GrpcService.requestVote(GrpcService.java:204)
	at org.apache.ratis.server.impl.LeaderElection.lambda$submitRequests$1(LeaderElection.java:238)
	at java.util.concurrent.FutureTask.run(FutureTask.java:266)
	at java.util.concurrent.Executors$RunnableAdapter.call(Executors.java:511)
	at java.util.concurrent.FutureTask.run(FutureTask.java:266)
	at java.util.concurrent.ThreadPoolExecutor.runWorker(ThreadPoolExecutor.java:1149)
	at java.util.concurrent.ThreadPoolExecutor$Worker.run(ThreadPoolExecutor.java:624)
	... 1 more
Caused by: org.apache.ratis.thirdparty.io.netty.channel.AbstractChannel$AnnotatedConnectException: Connection refused: /192.168.36.96:46741
	at sun.nio.ch.SocketChannelImpl.checkConnect(Native Method)
	at sun.nio.ch.SocketChannelImpl.finishConnect(SocketChannelImpl.java:717)
	at org.apache.ratis.thirdparty.io.netty.channel.socket.nio.NioSocketChannel.doFinishConnect(NioSocketChannel.java:327)
	at org.apache.ratis.thirdparty.io.netty.channel.nio.AbstractNioChannel$AbstractNioUnsafe.finishConnect(AbstractNioChannel.java:340)
	at org.apache.ratis.thirdparty.io.netty.channel.nio.NioEventLoop.processSelectedKey(NioEventLoop.java:632)
	at org.apache.ratis.thirdparty.io.netty.channel.nio.NioEventLoop.processSelectedKeysOptimized(NioEventLoop.java:579)
	at org.apache.ratis.thirdparty.io.netty.channel.nio.NioEventLoop.processSelectedKeys(NioEventLoop.java:496)
	at org.apache.ratis.thirdparty.io.netty.channel.nio.NioEventLoop.run(NioEventLoop.java:458)
	at org.apache.ratis.thirdparty.io.netty.util.concurrent.SingleThreadEventExecutor$5.run(SingleThreadEventExecutor.java:897)
	at org.apache.ratis.thirdparty.io.netty.util.concurrent.FastThreadLocalRunnable.run(FastThreadLocalRunnable.java:30)
	... 1 more
Caused by: java.net.ConnectException: Connection refused
	... 11 more
2019-09-06 22:21:31,945 [42d29a8d-ec6e-4d7b-90f4-90463a45c878@group-59362D9BDB11:LeaderElection22] INFO  impl.LeaderElection (LogUtils.java:infoOrTrace(149)) -   Exception 1: {}
java.util.concurrent.ExecutionException: org.apache.ratis.thirdparty.io.grpc.StatusRuntimeException: UNAVAILABLE: io exception
	at java.util.concurrent.FutureTask.report(FutureTask.java:122)
	at java.util.concurrent.FutureTask.get(FutureTask.java:192)
	at org.apache.ratis.server.impl.LeaderElection.waitForResults(LeaderElection.java:263)
	at org.apache.ratis.server.impl.LeaderElection.askForVotes(LeaderElection.java:201)
	at org.apache.ratis.server.impl.LeaderElection.run(LeaderElection.java:133)
	at java.lang.Thread.run(Thread.java:748)
Caused by: org.apache.ratis.thirdparty.io.grpc.StatusRuntimeException: UNAVAILABLE: io exception
	at org.apache.ratis.thirdparty.io.grpc.stub.ClientCalls.toStatusRuntimeException(ClientCalls.java:233)
	at org.apache.ratis.thirdparty.io.grpc.stub.ClientCalls.getUnchecked(ClientCalls.java:214)
	at org.apache.ratis.thirdparty.io.grpc.stub.ClientCalls.blockingUnaryCall(ClientCalls.java:139)
	at org.apache.ratis.proto.grpc.RaftServerProtocolServiceGrpc$RaftServerProtocolServiceBlockingStub.requestVote(RaftServerProtocolServiceGrpc.java:265)
	at org.apache.ratis.grpc.server.GrpcServerProtocolClient.requestVote(GrpcServerProtocolClient.java:90)
	at org.apache.ratis.grpc.server.GrpcService.requestVote(GrpcService.java:204)
	at org.apache.ratis.server.impl.LeaderElection.lambda$submitRequests$1(LeaderElection.java:238)
	at java.util.concurrent.FutureTask.run(FutureTask.java:266)
	at java.util.concurrent.Executors$RunnableAdapter.call(Executors.java:511)
	at java.util.concurrent.FutureTask.run(FutureTask.java:266)
	at java.util.concurrent.ThreadPoolExecutor.runWorker(ThreadPoolExecutor.java:1149)
	at java.util.concurrent.ThreadPoolExecutor$Worker.run(ThreadPoolExecutor.java:624)
	... 1 more
Caused by: org.apache.ratis.thirdparty.io.netty.channel.AbstractChannel$AnnotatedConnectException: Connection refused: /192.168.36.96:46580
	at sun.nio.ch.SocketChannelImpl.checkConnect(Native Method)
	at sun.nio.ch.SocketChannelImpl.finishConnect(SocketChannelImpl.java:717)
	at org.apache.ratis.thirdparty.io.netty.channel.socket.nio.NioSocketChannel.doFinishConnect(NioSocketChannel.java:327)
	at org.apache.ratis.thirdparty.io.netty.channel.nio.AbstractNioChannel$AbstractNioUnsafe.finishConnect(AbstractNioChannel.java:340)
	at org.apache.ratis.thirdparty.io.netty.channel.nio.NioEventLoop.processSelectedKey(NioEventLoop.java:632)
	at org.apache.ratis.thirdparty.io.netty.channel.nio.NioEventLoop.processSelectedKeysOptimized(NioEventLoop.java:579)
	at org.apache.ratis.thirdparty.io.netty.channel.nio.NioEventLoop.processSelectedKeys(NioEventLoop.java:496)
	at org.apache.ratis.thirdparty.io.netty.channel.nio.NioEventLoop.run(NioEventLoop.java:458)
	at org.apache.ratis.thirdparty.io.netty.util.concurrent.SingleThreadEventExecutor$5.run(SingleThreadEventExecutor.java:897)
	at org.apache.ratis.thirdparty.io.netty.util.concurrent.FastThreadLocalRunnable.run(FastThreadLocalRunnable.java:30)
	... 1 more
Caused by: java.net.ConnectException: Connection refused
	... 11 more
2019-09-06 22:21:31,945 [42d29a8d-ec6e-4d7b-90f4-90463a45c878@group-59362D9BDB11:LeaderElection22] INFO  impl.RaftServerImpl (RaftServerImpl.java:setRole(174)) - 42d29a8d-ec6e-4d7b-90f4-90463a45c878@group-59362D9BDB11: changes role from CANDIDATE to FOLLOWER at term 10 for DISCOVERED_A_NEW_TERM
2019-09-06 22:21:31,945 [42d29a8d-ec6e-4d7b-90f4-90463a45c878@group-59362D9BDB11:LeaderElection22] INFO  impl.RoleInfo (RoleInfo.java:shutdownLeaderElection(134)) - 42d29a8d-ec6e-4d7b-90f4-90463a45c878: shutdown LeaderElection
2019-09-06 22:21:31,946 [42d29a8d-ec6e-4d7b-90f4-90463a45c878@group-59362D9BDB11:LeaderElection22] INFO  impl.RoleInfo (RoleInfo.java:updateAndGet(143)) - 42d29a8d-ec6e-4d7b-90f4-90463a45c878: start FollowerState
2019-09-06 22:21:33,612 [grpc-default-executor-1] INFO  client.GrpcClientProtocolClient (GrpcClientProtocolClient.java:onNext(264)) - client-21ADCD270D8F->42d29a8d-ec6e-4d7b-90f4-90463a45c878: receive RaftClientReply:client-21ADCD270D8F->42d29a8d-ec6e-4d7b-90f4-90463a45c878@group-59362D9BDB11, cid=22, FAILED org.apache.ratis.protocol.NotLeaderException: Server 42d29a8d-ec6e-4d7b-90f4-90463a45c878@group-59362D9BDB11 is not the leader, logIndex=0, commits[42d29a8d-ec6e-4d7b-90f4-90463a45c878:c16, df3d14c4-da09-4933-9de6-7132a09f046b:c16, bc6fdb93-666a-4701-ac8e-a64642c98c17:c16]
2019-09-06 22:21:35,639 [grpc-default-executor-1] INFO  client.GrpcClientProtocolClient (GrpcClientProtocolClient.java:onNext(264)) - client-21ADCD270D8F->42d29a8d-ec6e-4d7b-90f4-90463a45c878: receive RaftClientReply:client-21ADCD270D8F->42d29a8d-ec6e-4d7b-90f4-90463a45c878@group-59362D9BDB11, cid=22, FAILED org.apache.ratis.protocol.NotLeaderException: Server 42d29a8d-ec6e-4d7b-90f4-90463a45c878@group-59362D9BDB11 is not the leader, logIndex=0, commits[42d29a8d-ec6e-4d7b-90f4-90463a45c878:c16, df3d14c4-da09-4933-9de6-7132a09f046b:c16, bc6fdb93-666a-4701-ac8e-a64642c98c17:c16]
2019-09-06 22:21:37,064 [Thread-543] INFO  impl.FollowerState (FollowerState.java:run(106)) - 42d29a8d-ec6e-4d7b-90f4-90463a45c878:group-59362D9BDB11 changes to CANDIDATE, lastRpcTime:5117, electionTimeout:5114ms
2019-09-06 22:21:37,068 [Thread-543] INFO  impl.RoleInfo (RoleInfo.java:shutdownFollowerState(121)) - 42d29a8d-ec6e-4d7b-90f4-90463a45c878: shutdown FollowerState
2019-09-06 22:21:37,068 [Thread-543] INFO  impl.RaftServerImpl (RaftServerImpl.java:setRole(174)) - 42d29a8d-ec6e-4d7b-90f4-90463a45c878@group-59362D9BDB11: changes role from  FOLLOWER to CANDIDATE at term 10 for changeToCandidate
2019-09-06 22:21:37,068 [Thread-543] INFO  impl.RoleInfo (RoleInfo.java:updateAndGet(143)) - 42d29a8d-ec6e-4d7b-90f4-90463a45c878: start LeaderElection
2019-09-06 22:21:37,095 [42d29a8d-ec6e-4d7b-90f4-90463a45c878@group-59362D9BDB11:LeaderElection23] INFO  impl.LeaderElection (LeaderElection.java:askForVotes(182)) - 42d29a8d-ec6e-4d7b-90f4-90463a45c878@group-59362D9BDB11:LeaderElection23: begin an election at term 11 for 0: [df3d14c4-da09-4933-9de6-7132a09f046b:192.168.36.96:46580, 42d29a8d-ec6e-4d7b-90f4-90463a45c878:192.168.36.96:45962, bc6fdb93-666a-4701-ac8e-a64642c98c17:192.168.36.96:46741], old=null
2019-09-06 22:21:37,099 [42d29a8d-ec6e-4d7b-90f4-90463a45c878@group-59362D9BDB11:LeaderElection23] INFO  impl.LeaderElection (LogUtils.java:infoOrTrace(149)) - 42d29a8d-ec6e-4d7b-90f4-90463a45c878@group-59362D9BDB11:LeaderElection23 got exception when requesting votes: {}
java.util.concurrent.ExecutionException: org.apache.ratis.thirdparty.io.grpc.StatusRuntimeException: UNAVAILABLE: io exception
	at java.util.concurrent.FutureTask.report(FutureTask.java:122)
	at java.util.concurrent.FutureTask.get(FutureTask.java:192)
	at org.apache.ratis.server.impl.LeaderElection.waitForResults(LeaderElection.java:263)
	at org.apache.ratis.server.impl.LeaderElection.askForVotes(LeaderElection.java:201)
	at org.apache.ratis.server.impl.LeaderElection.run(LeaderElection.java:133)
	at java.lang.Thread.run(Thread.java:748)
Caused by: org.apache.ratis.thirdparty.io.grpc.StatusRuntimeException: UNAVAILABLE: io exception
	at org.apache.ratis.thirdparty.io.grpc.stub.ClientCalls.toStatusRuntimeException(ClientCalls.java:233)
	at org.apache.ratis.thirdparty.io.grpc.stub.ClientCalls.getUnchecked(ClientCalls.java:214)
	at org.apache.ratis.thirdparty.io.grpc.stub.ClientCalls.blockingUnaryCall(ClientCalls.java:139)
	at org.apache.ratis.proto.grpc.RaftServerProtocolServiceGrpc$RaftServerProtocolServiceBlockingStub.requestVote(RaftServerProtocolServiceGrpc.java:265)
	at org.apache.ratis.grpc.server.GrpcServerProtocolClient.requestVote(GrpcServerProtocolClient.java:90)
	at org.apache.ratis.grpc.server.GrpcService.requestVote(GrpcService.java:204)
	at org.apache.ratis.server.impl.LeaderElection.lambda$submitRequests$1(LeaderElection.java:238)
	at java.util.concurrent.FutureTask.run(FutureTask.java:266)
	at java.util.concurrent.Executors$RunnableAdapter.call(Executors.java:511)
	at java.util.concurrent.FutureTask.run(FutureTask.java:266)
	at java.util.concurrent.ThreadPoolExecutor.runWorker(ThreadPoolExecutor.java:1149)
	at java.util.concurrent.ThreadPoolExecutor$Worker.run(ThreadPoolExecutor.java:624)
	... 1 more
Caused by: org.apache.ratis.thirdparty.io.netty.channel.AbstractChannel$AnnotatedConnectException: Connection refused: /192.168.36.96:46580
	at sun.nio.ch.SocketChannelImpl.checkConnect(Native Method)
	at sun.nio.ch.SocketChannelImpl.finishConnect(SocketChannelImpl.java:717)
	at org.apache.ratis.thirdparty.io.netty.channel.socket.nio.NioSocketChannel.doFinishConnect(NioSocketChannel.java:327)
	at org.apache.ratis.thirdparty.io.netty.channel.nio.AbstractNioChannel$AbstractNioUnsafe.finishConnect(AbstractNioChannel.java:340)
	at org.apache.ratis.thirdparty.io.netty.channel.nio.NioEventLoop.processSelectedKey(NioEventLoop.java:632)
	at org.apache.ratis.thirdparty.io.netty.channel.nio.NioEventLoop.processSelectedKeysOptimized(NioEventLoop.java:579)
	at org.apache.ratis.thirdparty.io.netty.channel.nio.NioEventLoop.processSelectedKeys(NioEventLoop.java:496)
	at org.apache.ratis.thirdparty.io.netty.channel.nio.NioEventLoop.run(NioEventLoop.java:458)
	at org.apache.ratis.thirdparty.io.netty.util.concurrent.SingleThreadEventExecutor$5.run(SingleThreadEventExecutor.java:897)
	at org.apache.ratis.thirdparty.io.netty.util.concurrent.FastThreadLocalRunnable.run(FastThreadLocalRunnable.java:30)
	... 1 more
Caused by: java.net.ConnectException: Connection refused
	... 11 more
2019-09-06 22:21:37,101 [42d29a8d-ec6e-4d7b-90f4-90463a45c878@group-59362D9BDB11:LeaderElection23] INFO  impl.LeaderElection (LogUtils.java:infoOrTrace(149)) - 42d29a8d-ec6e-4d7b-90f4-90463a45c878@group-59362D9BDB11:LeaderElection23 got exception when requesting votes: {}
java.util.concurrent.ExecutionException: org.apache.ratis.thirdparty.io.grpc.StatusRuntimeException: UNAVAILABLE: io exception
	at java.util.concurrent.FutureTask.report(FutureTask.java:122)
	at java.util.concurrent.FutureTask.get(FutureTask.java:192)
	at org.apache.ratis.server.impl.LeaderElection.waitForResults(LeaderElection.java:263)
	at org.apache.ratis.server.impl.LeaderElection.askForVotes(LeaderElection.java:201)
	at org.apache.ratis.server.impl.LeaderElection.run(LeaderElection.java:133)
	at java.lang.Thread.run(Thread.java:748)
Caused by: org.apache.ratis.thirdparty.io.grpc.StatusRuntimeException: UNAVAILABLE: io exception
	at org.apache.ratis.thirdparty.io.grpc.stub.ClientCalls.toStatusRuntimeException(ClientCalls.java:233)
	at org.apache.ratis.thirdparty.io.grpc.stub.ClientCalls.getUnchecked(ClientCalls.java:214)
	at org.apache.ratis.thirdparty.io.grpc.stub.ClientCalls.blockingUnaryCall(ClientCalls.java:139)
	at org.apache.ratis.proto.grpc.RaftServerProtocolServiceGrpc$RaftServerProtocolServiceBlockingStub.requestVote(RaftServerProtocolServiceGrpc.java:265)
	at org.apache.ratis.grpc.server.GrpcServerProtocolClient.requestVote(GrpcServerProtocolClient.java:90)
	at org.apache.ratis.grpc.server.GrpcService.requestVote(GrpcService.java:204)
	at org.apache.ratis.server.impl.LeaderElection.lambda$submitRequests$1(LeaderElection.java:238)
	at java.util.concurrent.FutureTask.run(FutureTask.java:266)
	at java.util.concurrent.Executors$RunnableAdapter.call(Executors.java:511)
	at java.util.concurrent.FutureTask.run(FutureTask.java:266)
	at java.util.concurrent.ThreadPoolExecutor.runWorker(ThreadPoolExecutor.java:1149)
	at java.util.concurrent.ThreadPoolExecutor$Worker.run(ThreadPoolExecutor.java:624)
	... 1 more
Caused by: org.apache.ratis.thirdparty.io.netty.channel.AbstractChannel$AnnotatedConnectException: Connection refused: /192.168.36.96:46741
	at sun.nio.ch.SocketChannelImpl.checkConnect(Native Method)
	at sun.nio.ch.SocketChannelImpl.finishConnect(SocketChannelImpl.java:717)
	at org.apache.ratis.thirdparty.io.netty.channel.socket.nio.NioSocketChannel.doFinishConnect(NioSocketChannel.java:327)
	at org.apache.ratis.thirdparty.io.netty.channel.nio.AbstractNioChannel$AbstractNioUnsafe.finishConnect(AbstractNioChannel.java:340)
	at org.apache.ratis.thirdparty.io.netty.channel.nio.NioEventLoop.processSelectedKey(NioEventLoop.java:632)
	at org.apache.ratis.thirdparty.io.netty.channel.nio.NioEventLoop.processSelectedKeysOptimized(NioEventLoop.java:579)
	at org.apache.ratis.thirdparty.io.netty.channel.nio.NioEventLoop.processSelectedKeys(NioEventLoop.java:496)
	at org.apache.ratis.thirdparty.io.netty.channel.nio.NioEventLoop.run(NioEventLoop.java:458)
	at org.apache.ratis.thirdparty.io.netty.util.concurrent.SingleThreadEventExecutor$5.run(SingleThreadEventExecutor.java:897)
	at org.apache.ratis.thirdparty.io.netty.util.concurrent.FastThreadLocalRunnable.run(FastThreadLocalRunnable.java:30)
	... 1 more
Caused by: java.net.ConnectException: Connection refused
	... 11 more
2019-09-06 22:21:37,120 [42d29a8d-ec6e-4d7b-90f4-90463a45c878@group-59362D9BDB11:LeaderElection23] INFO  impl.LeaderElection (LeaderElection.java:logAndReturn(56)) - 42d29a8d-ec6e-4d7b-90f4-90463a45c878@group-59362D9BDB11:LeaderElection23: Election REJECTED; received 0 response(s) [] and 2 exception(s); 42d29a8d-ec6e-4d7b-90f4-90463a45c878@group-59362D9BDB11:t11, leader=null, voted=42d29a8d-ec6e-4d7b-90f4-90463a45c878, raftlog=42d29a8d-ec6e-4d7b-90f4-90463a45c878@group-59362D9BDB11-SegmentedRaftLog:OPENED:c16,f16,i16, conf=0: [df3d14c4-da09-4933-9de6-7132a09f046b:192.168.36.96:46580, 42d29a8d-ec6e-4d7b-90f4-90463a45c878:192.168.36.96:45962, bc6fdb93-666a-4701-ac8e-a64642c98c17:192.168.36.96:46741], old=null
2019-09-06 22:21:37,120 [42d29a8d-ec6e-4d7b-90f4-90463a45c878@group-59362D9BDB11:LeaderElection23] INFO  impl.LeaderElection (LogUtils.java:infoOrTrace(149)) -   Exception 0: {}
java.util.concurrent.ExecutionException: org.apache.ratis.thirdparty.io.grpc.StatusRuntimeException: UNAVAILABLE: io exception
	at java.util.concurrent.FutureTask.report(FutureTask.java:122)
	at java.util.concurrent.FutureTask.get(FutureTask.java:192)
	at org.apache.ratis.server.impl.LeaderElection.waitForResults(LeaderElection.java:263)
	at org.apache.ratis.server.impl.LeaderElection.askForVotes(LeaderElection.java:201)
	at org.apache.ratis.server.impl.LeaderElection.run(LeaderElection.java:133)
	at java.lang.Thread.run(Thread.java:748)
Caused by: org.apache.ratis.thirdparty.io.grpc.StatusRuntimeException: UNAVAILABLE: io exception
	at org.apache.ratis.thirdparty.io.grpc.stub.ClientCalls.toStatusRuntimeException(ClientCalls.java:233)
	at org.apache.ratis.thirdparty.io.grpc.stub.ClientCalls.getUnchecked(ClientCalls.java:214)
	at org.apache.ratis.thirdparty.io.grpc.stub.ClientCalls.blockingUnaryCall(ClientCalls.java:139)
	at org.apache.ratis.proto.grpc.RaftServerProtocolServiceGrpc$RaftServerProtocolServiceBlockingStub.requestVote(RaftServerProtocolServiceGrpc.java:265)
	at org.apache.ratis.grpc.server.GrpcServerProtocolClient.requestVote(GrpcServerProtocolClient.java:90)
	at org.apache.ratis.grpc.server.GrpcService.requestVote(GrpcService.java:204)
	at org.apache.ratis.server.impl.LeaderElection.lambda$submitRequests$1(LeaderElection.java:238)
	at java.util.concurrent.FutureTask.run(FutureTask.java:266)
	at java.util.concurrent.Executors$RunnableAdapter.call(Executors.java:511)
	at java.util.concurrent.FutureTask.run(FutureTask.java:266)
	at java.util.concurrent.ThreadPoolExecutor.runWorker(ThreadPoolExecutor.java:1149)
	at java.util.concurrent.ThreadPoolExecutor$Worker.run(ThreadPoolExecutor.java:624)
	... 1 more
Caused by: org.apache.ratis.thirdparty.io.netty.channel.AbstractChannel$AnnotatedConnectException: Connection refused: /192.168.36.96:46580
	at sun.nio.ch.SocketChannelImpl.checkConnect(Native Method)
	at sun.nio.ch.SocketChannelImpl.finishConnect(SocketChannelImpl.java:717)
	at org.apache.ratis.thirdparty.io.netty.channel.socket.nio.NioSocketChannel.doFinishConnect(NioSocketChannel.java:327)
	at org.apache.ratis.thirdparty.io.netty.channel.nio.AbstractNioChannel$AbstractNioUnsafe.finishConnect(AbstractNioChannel.java:340)
	at org.apache.ratis.thirdparty.io.netty.channel.nio.NioEventLoop.processSelectedKey(NioEventLoop.java:632)
	at org.apache.ratis.thirdparty.io.netty.channel.nio.NioEventLoop.processSelectedKeysOptimized(NioEventLoop.java:579)
	at org.apache.ratis.thirdparty.io.netty.channel.nio.NioEventLoop.processSelectedKeys(NioEventLoop.java:496)
	at org.apache.ratis.thirdparty.io.netty.channel.nio.NioEventLoop.run(NioEventLoop.java:458)
	at org.apache.ratis.thirdparty.io.netty.util.concurrent.SingleThreadEventExecutor$5.run(SingleThreadEventExecutor.java:897)
	at org.apache.ratis.thirdparty.io.netty.util.concurrent.FastThreadLocalRunnable.run(FastThreadLocalRunnable.java:30)
	... 1 more
Caused by: java.net.ConnectException: Connection refused
	... 11 more
2019-09-06 22:21:37,120 [42d29a8d-ec6e-4d7b-90f4-90463a45c878@group-59362D9BDB11:LeaderElection23] INFO  impl.LeaderElection (LogUtils.java:infoOrTrace(149)) -   Exception 1: {}
java.util.concurrent.ExecutionException: org.apache.ratis.thirdparty.io.grpc.StatusRuntimeException: UNAVAILABLE: io exception
	at java.util.concurrent.FutureTask.report(FutureTask.java:122)
	at java.util.concurrent.FutureTask.get(FutureTask.java:192)
	at org.apache.ratis.server.impl.LeaderElection.waitForResults(LeaderElection.java:263)
	at org.apache.ratis.server.impl.LeaderElection.askForVotes(LeaderElection.java:201)
	at org.apache.ratis.server.impl.LeaderElection.run(LeaderElection.java:133)
	at java.lang.Thread.run(Thread.java:748)
Caused by: org.apache.ratis.thirdparty.io.grpc.StatusRuntimeException: UNAVAILABLE: io exception
	at org.apache.ratis.thirdparty.io.grpc.stub.ClientCalls.toStatusRuntimeException(ClientCalls.java:233)
	at org.apache.ratis.thirdparty.io.grpc.stub.ClientCalls.getUnchecked(ClientCalls.java:214)
	at org.apache.ratis.thirdparty.io.grpc.stub.ClientCalls.blockingUnaryCall(ClientCalls.java:139)
	at org.apache.ratis.proto.grpc.RaftServerProtocolServiceGrpc$RaftServerProtocolServiceBlockingStub.requestVote(RaftServerProtocolServiceGrpc.java:265)
	at org.apache.ratis.grpc.server.GrpcServerProtocolClient.requestVote(GrpcServerProtocolClient.java:90)
	at org.apache.ratis.grpc.server.GrpcService.requestVote(GrpcService.java:204)
	at org.apache.ratis.server.impl.LeaderElection.lambda$submitRequests$1(LeaderElection.java:238)
	at java.util.concurrent.FutureTask.run(FutureTask.java:266)
	at java.util.concurrent.Executors$RunnableAdapter.call(Executors.java:511)
	at java.util.concurrent.FutureTask.run(FutureTask.java:266)
	at java.util.concurrent.ThreadPoolExecutor.runWorker(ThreadPoolExecutor.java:1149)
	at java.util.concurrent.ThreadPoolExecutor$Worker.run(ThreadPoolExecutor.java:624)
	... 1 more
Caused by: org.apache.ratis.thirdparty.io.netty.channel.AbstractChannel$AnnotatedConnectException: Connection refused: /192.168.36.96:46741
	at sun.nio.ch.SocketChannelImpl.checkConnect(Native Method)
	at sun.nio.ch.SocketChannelImpl.finishConnect(SocketChannelImpl.java:717)
	at org.apache.ratis.thirdparty.io.netty.channel.socket.nio.NioSocketChannel.doFinishConnect(NioSocketChannel.java:327)
	at org.apache.ratis.thirdparty.io.netty.channel.nio.AbstractNioChannel$AbstractNioUnsafe.finishConnect(AbstractNioChannel.java:340)
	at org.apache.ratis.thirdparty.io.netty.channel.nio.NioEventLoop.processSelectedKey(NioEventLoop.java:632)
	at org.apache.ratis.thirdparty.io.netty.channel.nio.NioEventLoop.processSelectedKeysOptimized(NioEventLoop.java:579)
	at org.apache.ratis.thirdparty.io.netty.channel.nio.NioEventLoop.processSelectedKeys(NioEventLoop.java:496)
	at org.apache.ratis.thirdparty.io.netty.channel.nio.NioEventLoop.run(NioEventLoop.java:458)
	at org.apache.ratis.thirdparty.io.netty.util.concurrent.SingleThreadEventExecutor$5.run(SingleThreadEventExecutor.java:897)
	at org.apache.ratis.thirdparty.io.netty.util.concurrent.FastThreadLocalRunnable.run(FastThreadLocalRunnable.java:30)
	... 1 more
Caused by: java.net.ConnectException: Connection refused
	... 11 more
2019-09-06 22:21:37,121 [42d29a8d-ec6e-4d7b-90f4-90463a45c878@group-59362D9BDB11:LeaderElection23] INFO  impl.RaftServerImpl (RaftServerImpl.java:setRole(174)) - 42d29a8d-ec6e-4d7b-90f4-90463a45c878@group-59362D9BDB11: changes role from CANDIDATE to FOLLOWER at term 11 for DISCOVERED_A_NEW_TERM
2019-09-06 22:21:37,121 [42d29a8d-ec6e-4d7b-90f4-90463a45c878@group-59362D9BDB11:LeaderElection23] INFO  impl.RoleInfo (RoleInfo.java:shutdownLeaderElection(134)) - 42d29a8d-ec6e-4d7b-90f4-90463a45c878: shutdown LeaderElection
2019-09-06 22:21:37,121 [42d29a8d-ec6e-4d7b-90f4-90463a45c878@group-59362D9BDB11:LeaderElection23] INFO  impl.RoleInfo (RoleInfo.java:updateAndGet(143)) - 42d29a8d-ec6e-4d7b-90f4-90463a45c878: start FollowerState
2019-09-06 22:21:37,664 [grpc-default-executor-2] INFO  client.GrpcClientProtocolClient (GrpcClientProtocolClient.java:onNext(264)) - client-21ADCD270D8F->42d29a8d-ec6e-4d7b-90f4-90463a45c878: receive RaftClientReply:client-21ADCD270D8F->42d29a8d-ec6e-4d7b-90f4-90463a45c878@group-59362D9BDB11, cid=22, FAILED org.apache.ratis.protocol.NotLeaderException: Server 42d29a8d-ec6e-4d7b-90f4-90463a45c878@group-59362D9BDB11 is not the leader, logIndex=0, commits[42d29a8d-ec6e-4d7b-90f4-90463a45c878:c16, df3d14c4-da09-4933-9de6-7132a09f046b:c16, bc6fdb93-666a-4701-ac8e-a64642c98c17:c16]
2019-09-06 22:21:42,225 [Thread-558] INFO  impl.FollowerState (FollowerState.java:run(106)) - 42d29a8d-ec6e-4d7b-90f4-90463a45c878:group-59362D9BDB11 changes to CANDIDATE, lastRpcTime:5103, electionTimeout:5103ms
2019-09-06 22:21:42,226 [Thread-558] INFO  impl.RoleInfo (RoleInfo.java:shutdownFollowerState(121)) - 42d29a8d-ec6e-4d7b-90f4-90463a45c878: shutdown FollowerState
2019-09-06 22:21:42,226 [Thread-558] INFO  impl.RaftServerImpl (RaftServerImpl.java:setRole(174)) - 42d29a8d-ec6e-4d7b-90f4-90463a45c878@group-59362D9BDB11: changes role from  FOLLOWER to CANDIDATE at term 11 for changeToCandidate
2019-09-06 22:21:42,227 [Thread-558] INFO  impl.RoleInfo (RoleInfo.java:updateAndGet(143)) - 42d29a8d-ec6e-4d7b-90f4-90463a45c878: start LeaderElection
2019-09-06 22:21:42,245 [42d29a8d-ec6e-4d7b-90f4-90463a45c878@group-59362D9BDB11:LeaderElection24] INFO  impl.LeaderElection (LeaderElection.java:askForVotes(182)) - 42d29a8d-ec6e-4d7b-90f4-90463a45c878@group-59362D9BDB11:LeaderElection24: begin an election at term 12 for 0: [df3d14c4-da09-4933-9de6-7132a09f046b:192.168.36.96:46580, 42d29a8d-ec6e-4d7b-90f4-90463a45c878:192.168.36.96:45962, bc6fdb93-666a-4701-ac8e-a64642c98c17:192.168.36.96:46741], old=null
2019-09-06 22:21:42,249 [42d29a8d-ec6e-4d7b-90f4-90463a45c878@group-59362D9BDB11:LeaderElection24] INFO  impl.LeaderElection (LogUtils.java:infoOrTrace(149)) - 42d29a8d-ec6e-4d7b-90f4-90463a45c878@group-59362D9BDB11:LeaderElection24 got exception when requesting votes: {}
java.util.concurrent.ExecutionException: org.apache.ratis.thirdparty.io.grpc.StatusRuntimeException: UNAVAILABLE: io exception
	at java.util.concurrent.FutureTask.report(FutureTask.java:122)
	at java.util.concurrent.FutureTask.get(FutureTask.java:192)
	at org.apache.ratis.server.impl.LeaderElection.waitForResults(LeaderElection.java:263)
	at org.apache.ratis.server.impl.LeaderElection.askForVotes(LeaderElection.java:201)
	at org.apache.ratis.server.impl.LeaderElection.run(LeaderElection.java:133)
	at java.lang.Thread.run(Thread.java:748)
Caused by: org.apache.ratis.thirdparty.io.grpc.StatusRuntimeException: UNAVAILABLE: io exception
	at org.apache.ratis.thirdparty.io.grpc.stub.ClientCalls.toStatusRuntimeException(ClientCalls.java:233)
	at org.apache.ratis.thirdparty.io.grpc.stub.ClientCalls.getUnchecked(ClientCalls.java:214)
	at org.apache.ratis.thirdparty.io.grpc.stub.ClientCalls.blockingUnaryCall(ClientCalls.java:139)
	at org.apache.ratis.proto.grpc.RaftServerProtocolServiceGrpc$RaftServerProtocolServiceBlockingStub.requestVote(RaftServerProtocolServiceGrpc.java:265)
	at org.apache.ratis.grpc.server.GrpcServerProtocolClient.requestVote(GrpcServerProtocolClient.java:90)
	at org.apache.ratis.grpc.server.GrpcService.requestVote(GrpcService.java:204)
	at org.apache.ratis.server.impl.LeaderElection.lambda$submitRequests$1(LeaderElection.java:238)
	at java.util.concurrent.FutureTask.run(FutureTask.java:266)
	at java.util.concurrent.Executors$RunnableAdapter.call(Executors.java:511)
	at java.util.concurrent.FutureTask.run(FutureTask.java:266)
	at java.util.concurrent.ThreadPoolExecutor.runWorker(ThreadPoolExecutor.java:1149)
	at java.util.concurrent.ThreadPoolExecutor$Worker.run(ThreadPoolExecutor.java:624)
	... 1 more
Caused by: org.apache.ratis.thirdparty.io.netty.channel.AbstractChannel$AnnotatedConnectException: Connection refused: /192.168.36.96:46580
	at sun.nio.ch.SocketChannelImpl.checkConnect(Native Method)
	at sun.nio.ch.SocketChannelImpl.finishConnect(SocketChannelImpl.java:717)
	at org.apache.ratis.thirdparty.io.netty.channel.socket.nio.NioSocketChannel.doFinishConnect(NioSocketChannel.java:327)
	at org.apache.ratis.thirdparty.io.netty.channel.nio.AbstractNioChannel$AbstractNioUnsafe.finishConnect(AbstractNioChannel.java:340)
	at org.apache.ratis.thirdparty.io.netty.channel.nio.NioEventLoop.processSelectedKey(NioEventLoop.java:632)
	at org.apache.ratis.thirdparty.io.netty.channel.nio.NioEventLoop.processSelectedKeysOptimized(NioEventLoop.java:579)
	at org.apache.ratis.thirdparty.io.netty.channel.nio.NioEventLoop.processSelectedKeys(NioEventLoop.java:496)
	at org.apache.ratis.thirdparty.io.netty.channel.nio.NioEventLoop.run(NioEventLoop.java:458)
	at org.apache.ratis.thirdparty.io.netty.util.concurrent.SingleThreadEventExecutor$5.run(SingleThreadEventExecutor.java:897)
	at org.apache.ratis.thirdparty.io.netty.util.concurrent.FastThreadLocalRunnable.run(FastThreadLocalRunnable.java:30)
	... 1 more
Caused by: java.net.ConnectException: Connection refused
	... 11 more
2019-09-06 22:21:42,251 [42d29a8d-ec6e-4d7b-90f4-90463a45c878@group-59362D9BDB11:LeaderElection24] INFO  impl.LeaderElection (LogUtils.java:infoOrTrace(149)) - 42d29a8d-ec6e-4d7b-90f4-90463a45c878@group-59362D9BDB11:LeaderElection24 got exception when requesting votes: {}
java.util.concurrent.ExecutionException: org.apache.ratis.thirdparty.io.grpc.StatusRuntimeException: UNAVAILABLE: io exception
	at java.util.concurrent.FutureTask.report(FutureTask.java:122)
	at java.util.concurrent.FutureTask.get(FutureTask.java:192)
	at org.apache.ratis.server.impl.LeaderElection.waitForResults(LeaderElection.java:263)
	at org.apache.ratis.server.impl.LeaderElection.askForVotes(LeaderElection.java:201)
	at org.apache.ratis.server.impl.LeaderElection.run(LeaderElection.java:133)
	at java.lang.Thread.run(Thread.java:748)
Caused by: org.apache.ratis.thirdparty.io.grpc.StatusRuntimeException: UNAVAILABLE: io exception
	at org.apache.ratis.thirdparty.io.grpc.stub.ClientCalls.toStatusRuntimeException(ClientCalls.java:233)
	at org.apache.ratis.thirdparty.io.grpc.stub.ClientCalls.getUnchecked(ClientCalls.java:214)
	at org.apache.ratis.thirdparty.io.grpc.stub.ClientCalls.blockingUnaryCall(ClientCalls.java:139)
	at org.apache.ratis.proto.grpc.RaftServerProtocolServiceGrpc$RaftServerProtocolServiceBlockingStub.requestVote(RaftServerProtocolServiceGrpc.java:265)
	at org.apache.ratis.grpc.server.GrpcServerProtocolClient.requestVote(GrpcServerProtocolClient.java:90)
	at org.apache.ratis.grpc.server.GrpcService.requestVote(GrpcService.java:204)
	at org.apache.ratis.server.impl.LeaderElection.lambda$submitRequests$1(LeaderElection.java:238)
	at java.util.concurrent.FutureTask.run(FutureTask.java:266)
	at java.util.concurrent.Executors$RunnableAdapter.call(Executors.java:511)
	at java.util.concurrent.FutureTask.run(FutureTask.java:266)
	at java.util.concurrent.ThreadPoolExecutor.runWorker(ThreadPoolExecutor.java:1149)
	at java.util.concurrent.ThreadPoolExecutor$Worker.run(ThreadPoolExecutor.java:624)
	... 1 more
Caused by: org.apache.ratis.thirdparty.io.netty.channel.AbstractChannel$AnnotatedConnectException: Connection refused: /192.168.36.96:46741
	at sun.nio.ch.SocketChannelImpl.checkConnect(Native Method)
	at sun.nio.ch.SocketChannelImpl.finishConnect(SocketChannelImpl.java:717)
	at org.apache.ratis.thirdparty.io.netty.channel.socket.nio.NioSocketChannel.doFinishConnect(NioSocketChannel.java:327)
	at org.apache.ratis.thirdparty.io.netty.channel.nio.AbstractNioChannel$AbstractNioUnsafe.finishConnect(AbstractNioChannel.java:340)
	at org.apache.ratis.thirdparty.io.netty.channel.nio.NioEventLoop.processSelectedKey(NioEventLoop.java:632)
	at org.apache.ratis.thirdparty.io.netty.channel.nio.NioEventLoop.processSelectedKeysOptimized(NioEventLoop.java:579)
	at org.apache.ratis.thirdparty.io.netty.channel.nio.NioEventLoop.processSelectedKeys(NioEventLoop.java:496)
	at org.apache.ratis.thirdparty.io.netty.channel.nio.NioEventLoop.run(NioEventLoop.java:458)
	at org.apache.ratis.thirdparty.io.netty.util.concurrent.SingleThreadEventExecutor$5.run(SingleThreadEventExecutor.java:897)
	at org.apache.ratis.thirdparty.io.netty.util.concurrent.FastThreadLocalRunnable.run(FastThreadLocalRunnable.java:30)
	... 1 more
Caused by: java.net.ConnectException: Connection refused
	... 11 more
2019-09-06 22:21:42,254 [42d29a8d-ec6e-4d7b-90f4-90463a45c878@group-59362D9BDB11:LeaderElection24] INFO  impl.LeaderElection (LeaderElection.java:logAndReturn(56)) - 42d29a8d-ec6e-4d7b-90f4-90463a45c878@group-59362D9BDB11:LeaderElection24: Election REJECTED; received 0 response(s) [] and 2 exception(s); 42d29a8d-ec6e-4d7b-90f4-90463a45c878@group-59362D9BDB11:t12, leader=null, voted=42d29a8d-ec6e-4d7b-90f4-90463a45c878, raftlog=42d29a8d-ec6e-4d7b-90f4-90463a45c878@group-59362D9BDB11-SegmentedRaftLog:OPENED:c16,f16,i16, conf=0: [df3d14c4-da09-4933-9de6-7132a09f046b:192.168.36.96:46580, 42d29a8d-ec6e-4d7b-90f4-90463a45c878:192.168.36.96:45962, bc6fdb93-666a-4701-ac8e-a64642c98c17:192.168.36.96:46741], old=null
2019-09-06 22:21:42,254 [42d29a8d-ec6e-4d7b-90f4-90463a45c878@group-59362D9BDB11:LeaderElection24] INFO  impl.LeaderElection (LogUtils.java:infoOrTrace(149)) -   Exception 0: {}
java.util.concurrent.ExecutionException: org.apache.ratis.thirdparty.io.grpc.StatusRuntimeException: UNAVAILABLE: io exception
	at java.util.concurrent.FutureTask.report(FutureTask.java:122)
	at java.util.concurrent.FutureTask.get(FutureTask.java:192)
	at org.apache.ratis.server.impl.LeaderElection.waitForResults(LeaderElection.java:263)
	at org.apache.ratis.server.impl.LeaderElection.askForVotes(LeaderElection.java:201)
	at org.apache.ratis.server.impl.LeaderElection.run(LeaderElection.java:133)
	at java.lang.Thread.run(Thread.java:748)
Caused by: org.apache.ratis.thirdparty.io.grpc.StatusRuntimeException: UNAVAILABLE: io exception
	at org.apache.ratis.thirdparty.io.grpc.stub.ClientCalls.toStatusRuntimeException(ClientCalls.java:233)
	at org.apache.ratis.thirdparty.io.grpc.stub.ClientCalls.getUnchecked(ClientCalls.java:214)
	at org.apache.ratis.thirdparty.io.grpc.stub.ClientCalls.blockingUnaryCall(ClientCalls.java:139)
	at org.apache.ratis.proto.grpc.RaftServerProtocolServiceGrpc$RaftServerProtocolServiceBlockingStub.requestVote(RaftServerProtocolServiceGrpc.java:265)
	at org.apache.ratis.grpc.server.GrpcServerProtocolClient.requestVote(GrpcServerProtocolClient.java:90)
	at org.apache.ratis.grpc.server.GrpcService.requestVote(GrpcService.java:204)
	at org.apache.ratis.server.impl.LeaderElection.lambda$submitRequests$1(LeaderElection.java:238)
	at java.util.concurrent.FutureTask.run(FutureTask.java:266)
	at java.util.concurrent.Executors$RunnableAdapter.call(Executors.java:511)
	at java.util.concurrent.FutureTask.run(FutureTask.java:266)
	at java.util.concurrent.ThreadPoolExecutor.runWorker(ThreadPoolExecutor.java:1149)
	at java.util.concurrent.ThreadPoolExecutor$Worker.run(ThreadPoolExecutor.java:624)
	... 1 more
Caused by: org.apache.ratis.thirdparty.io.netty.channel.AbstractChannel$AnnotatedConnectException: Connection refused: /192.168.36.96:46580
	at sun.nio.ch.SocketChannelImpl.checkConnect(Native Method)
	at sun.nio.ch.SocketChannelImpl.finishConnect(SocketChannelImpl.java:717)
	at org.apache.ratis.thirdparty.io.netty.channel.socket.nio.NioSocketChannel.doFinishConnect(NioSocketChannel.java:327)
	at org.apache.ratis.thirdparty.io.netty.channel.nio.AbstractNioChannel$AbstractNioUnsafe.finishConnect(AbstractNioChannel.java:340)
	at org.apache.ratis.thirdparty.io.netty.channel.nio.NioEventLoop.processSelectedKey(NioEventLoop.java:632)
	at org.apache.ratis.thirdparty.io.netty.channel.nio.NioEventLoop.processSelectedKeysOptimized(NioEventLoop.java:579)
	at org.apache.ratis.thirdparty.io.netty.channel.nio.NioEventLoop.processSelectedKeys(NioEventLoop.java:496)
	at org.apache.ratis.thirdparty.io.netty.channel.nio.NioEventLoop.run(NioEventLoop.java:458)
	at org.apache.ratis.thirdparty.io.netty.util.concurrent.SingleThreadEventExecutor$5.run(SingleThreadEventExecutor.java:897)
	at org.apache.ratis.thirdparty.io.netty.util.concurrent.FastThreadLocalRunnable.run(FastThreadLocalRunnable.java:30)
	... 1 more
Caused by: java.net.ConnectException: Connection refused
	... 11 more
2019-09-06 22:21:42,255 [42d29a8d-ec6e-4d7b-90f4-90463a45c878@group-59362D9BDB11:LeaderElection24] INFO  impl.LeaderElection (LogUtils.java:infoOrTrace(149)) -   Exception 1: {}
java.util.concurrent.ExecutionException: org.apache.ratis.thirdparty.io.grpc.StatusRuntimeException: UNAVAILABLE: io exception
	at java.util.concurrent.FutureTask.report(FutureTask.java:122)
	at java.util.concurrent.FutureTask.get(FutureTask.java:192)
	at org.apache.ratis.server.impl.LeaderElection.waitForResults(LeaderElection.java:263)
	at org.apache.ratis.server.impl.LeaderElection.askForVotes(LeaderElection.java:201)
	at org.apache.ratis.server.impl.LeaderElection.run(LeaderElection.java:133)
	at java.lang.Thread.run(Thread.java:748)
Caused by: org.apache.ratis.thirdparty.io.grpc.StatusRuntimeException: UNAVAILABLE: io exception
	at org.apache.ratis.thirdparty.io.grpc.stub.ClientCalls.toStatusRuntimeException(ClientCalls.java:233)
	at org.apache.ratis.thirdparty.io.grpc.stub.ClientCalls.getUnchecked(ClientCalls.java:214)
	at org.apache.ratis.thirdparty.io.grpc.stub.ClientCalls.blockingUnaryCall(ClientCalls.java:139)
	at org.apache.ratis.proto.grpc.RaftServerProtocolServiceGrpc$RaftServerProtocolServiceBlockingStub.requestVote(RaftServerProtocolServiceGrpc.java:265)
	at org.apache.ratis.grpc.server.GrpcServerProtocolClient.requestVote(GrpcServerProtocolClient.java:90)
	at org.apache.ratis.grpc.server.GrpcService.requestVote(GrpcService.java:204)
	at org.apache.ratis.server.impl.LeaderElection.lambda$submitRequests$1(LeaderElection.java:238)
	at java.util.concurrent.FutureTask.run(FutureTask.java:266)
	at java.util.concurrent.Executors$RunnableAdapter.call(Executors.java:511)
	at java.util.concurrent.FutureTask.run(FutureTask.java:266)
	at java.util.concurrent.ThreadPoolExecutor.runWorker(ThreadPoolExecutor.java:1149)
	at java.util.concurrent.ThreadPoolExecutor$Worker.run(ThreadPoolExecutor.java:624)
	... 1 more
Caused by: org.apache.ratis.thirdparty.io.netty.channel.AbstractChannel$AnnotatedConnectException: Connection refused: /192.168.36.96:46741
	at sun.nio.ch.SocketChannelImpl.checkConnect(Native Method)
	at sun.nio.ch.SocketChannelImpl.finishConnect(SocketChannelImpl.java:717)
	at org.apache.ratis.thirdparty.io.netty.channel.socket.nio.NioSocketChannel.doFinishConnect(NioSocketChannel.java:327)
	at org.apache.ratis.thirdparty.io.netty.channel.nio.AbstractNioChannel$AbstractNioUnsafe.finishConnect(AbstractNioChannel.java:340)
	at org.apache.ratis.thirdparty.io.netty.channel.nio.NioEventLoop.processSelectedKey(NioEventLoop.java:632)
	at org.apache.ratis.thirdparty.io.netty.channel.nio.NioEventLoop.processSelectedKeysOptimized(NioEventLoop.java:579)
	at org.apache.ratis.thirdparty.io.netty.channel.nio.NioEventLoop.processSelectedKeys(NioEventLoop.java:496)
	at org.apache.ratis.thirdparty.io.netty.channel.nio.NioEventLoop.run(NioEventLoop.java:458)
	at org.apache.ratis.thirdparty.io.netty.util.concurrent.SingleThreadEventExecutor$5.run(SingleThreadEventExecutor.java:897)
	at org.apache.ratis.thirdparty.io.netty.util.concurrent.FastThreadLocalRunnable.run(FastThreadLocalRunnable.java:30)
	... 1 more
Caused by: java.net.ConnectException: Connection refused
	... 11 more
2019-09-06 22:21:42,255 [42d29a8d-ec6e-4d7b-90f4-90463a45c878@group-59362D9BDB11:LeaderElection24] INFO  impl.RaftServerImpl (RaftServerImpl.java:setRole(174)) - 42d29a8d-ec6e-4d7b-90f4-90463a45c878@group-59362D9BDB11: changes role from CANDIDATE to FOLLOWER at term 12 for DISCOVERED_A_NEW_TERM
2019-09-06 22:21:42,255 [42d29a8d-ec6e-4d7b-90f4-90463a45c878@group-59362D9BDB11:LeaderElection24] INFO  impl.RoleInfo (RoleInfo.java:shutdownLeaderElection(134)) - 42d29a8d-ec6e-4d7b-90f4-90463a45c878: shutdown LeaderElection
2019-09-06 22:21:42,256 [42d29a8d-ec6e-4d7b-90f4-90463a45c878@group-59362D9BDB11:LeaderElection24] INFO  impl.RoleInfo (RoleInfo.java:updateAndGet(143)) - 42d29a8d-ec6e-4d7b-90f4-90463a45c878: start FollowerState
2019-09-06 22:21:43,705 [grpc-default-executor-1] INFO  client.GrpcClientProtocolClient (GrpcClientProtocolClient.java:onNext(264)) - client-21ADCD270D8F->42d29a8d-ec6e-4d7b-90f4-90463a45c878: receive RaftClientReply:client-21ADCD270D8F->42d29a8d-ec6e-4d7b-90f4-90463a45c878@group-59362D9BDB11, cid=22, FAILED org.apache.ratis.protocol.NotLeaderException: Server 42d29a8d-ec6e-4d7b-90f4-90463a45c878@group-59362D9BDB11 is not the leader, logIndex=0, commits[42d29a8d-ec6e-4d7b-90f4-90463a45c878:c16, df3d14c4-da09-4933-9de6-7132a09f046b:c16, bc6fdb93-666a-4701-ac8e-a64642c98c17:c16]
2019-09-06 22:21:46,728 [grpc-default-executor-2] INFO  client.GrpcClientProtocolClient (GrpcClientProtocolClient.java:onNext(264)) - client-21ADCD270D8F->42d29a8d-ec6e-4d7b-90f4-90463a45c878: receive RaftClientReply:client-21ADCD270D8F->42d29a8d-ec6e-4d7b-90f4-90463a45c878@group-59362D9BDB11, cid=22, FAILED org.apache.ratis.protocol.NotLeaderException: Server 42d29a8d-ec6e-4d7b-90f4-90463a45c878@group-59362D9BDB11 is not the leader, logIndex=0, commits[42d29a8d-ec6e-4d7b-90f4-90463a45c878:c16, df3d14c4-da09-4933-9de6-7132a09f046b:c16, bc6fdb93-666a-4701-ac8e-a64642c98c17:c16]
2019-09-06 22:21:47,316 [RatisPipelineUtilsThread] WARN  pipeline.RatisPipelineUtils (RatisPipelineUtils.java:destroyPipeline(66)) - Pipeline destroy failed for pipeline=PipelineID=4aeecf48-0d27-491d-a40f-d3a0162bcc4c dn=bc6fdb93-666a-4701-ac8e-a64642c98c17{ip: 192.168.36.96, host: pr-hdds-2098-trunk-xjcqn-842104287, networkLocation: /default-rack, certSerialId: null}
2019-09-06 22:21:47,322 [RatisPipelineUtilsThread] INFO  pipeline.PipelineStateManager (PipelineStateManager.java:removePipeline(108)) - Pipeline Pipeline[ Id: 4aeecf48-0d27-491d-a40f-d3a0162bcc4c, Nodes: bc6fdb93-666a-4701-ac8e-a64642c98c17{ip: 192.168.36.96, host: pr-hdds-2098-trunk-xjcqn-842104287, networkLocation: /default-rack, certSerialId: null}, Type:RATIS, Factor:ONE, State:CLOSED] removed from db
2019-09-06 22:21:47,325 [RatisPipelineUtilsThread] WARN  pipeline.RatisPipelineUtils (RatisPipelineUtils.java:destroyPipeline(66)) - Pipeline destroy failed for pipeline=PipelineID=b042aa4d-092c-4cf3-92a3-59362d9bdb11 dn=bc6fdb93-666a-4701-ac8e-a64642c98c17{ip: 192.168.36.96, host: pr-hdds-2098-trunk-xjcqn-842104287, networkLocation: /default-rack, certSerialId: null}
2019-09-06 22:21:47,327 [RatisPipelineUtilsThread] WARN  pipeline.RatisPipelineUtils (RatisPipelineUtils.java:destroyPipeline(66)) - Pipeline destroy failed for pipeline=PipelineID=b042aa4d-092c-4cf3-92a3-59362d9bdb11 dn=df3d14c4-da09-4933-9de6-7132a09f046b{ip: 192.168.36.96, host: pr-hdds-2098-trunk-xjcqn-842104287, networkLocation: /default-rack, certSerialId: null}
2019-09-06 22:21:47,335 [grpc-default-executor-2] INFO  impl.RaftServerProxy (RaftServerProxy.java:remove(95)) - 42d29a8d-ec6e-4d7b-90f4-90463a45c878: remove  FOLLOWER 42d29a8d-ec6e-4d7b-90f4-90463a45c878@group-59362D9BDB11:t12, leader=null, voted=42d29a8d-ec6e-4d7b-90f4-90463a45c878, raftlog=42d29a8d-ec6e-4d7b-90f4-90463a45c878@group-59362D9BDB11-SegmentedRaftLog:OPENED:c16,f16,i16, conf=0: [df3d14c4-da09-4933-9de6-7132a09f046b:192.168.36.96:46580, 42d29a8d-ec6e-4d7b-90f4-90463a45c878:192.168.36.96:45962, bc6fdb93-666a-4701-ac8e-a64642c98c17:192.168.36.96:46741], old=null RUNNING
2019-09-06 22:21:47,341 [grpc-default-executor-2] INFO  impl.RaftServerImpl (RaftServerImpl.java:lambda$shutdown$3(251)) - 42d29a8d-ec6e-4d7b-90f4-90463a45c878@group-59362D9BDB11: shutdown
2019-09-06 22:21:47,342 [grpc-default-executor-2] INFO  util.JmxRegister (JmxRegister.java:unregister(73)) - Successfully un-registered JMX Bean with object name Ratis:service=RaftServer,group=group-59362D9BDB11,id=42d29a8d-ec6e-4d7b-90f4-90463a45c878
2019-09-06 22:21:47,342 [grpc-default-executor-2] INFO  impl.RoleInfo (RoleInfo.java:shutdownFollowerState(121)) - 42d29a8d-ec6e-4d7b-90f4-90463a45c878: shutdown FollowerState
2019-09-06 22:21:47,342 [grpc-default-executor-2] INFO  impl.StateMachineUpdater (StateMachineUpdater.java:stopAndJoin(125)) - 42d29a8d-ec6e-4d7b-90f4-90463a45c878@group-59362D9BDB11-StateMachineUpdater: set stopIndex = 16
2019-09-06 22:21:47,342 [42d29a8d-ec6e-4d7b-90f4-90463a45c878@group-59362D9BDB11-StateMachineUpdater] INFO  ratis.ContainerStateMachine (ContainerStateMachine.java:takeSnapshot(289)) - group-59362D9BDB11: Taking a snapshot at:(t:1, i:14) file /workdir/hadoop-ozone/integration-test/target/test-dir/MiniOzoneClusterImpl-b49f5193-ee3f-4e8d-9086-94cc8b6e630b/datanode-5/data/ratis/b042aa4d-092c-4cf3-92a3-59362d9bdb11/sm/snapshot.1_14
2019-09-06 22:21:47,342 [Thread-572] INFO  impl.FollowerState (FollowerState.java:run(115)) - 42d29a8d-ec6e-4d7b-90f4-90463a45c878: FollowerState was interrupted: java.lang.InterruptedException: sleep interrupted
2019-09-06 22:21:47,369 [42d29a8d-ec6e-4d7b-90f4-90463a45c878@group-59362D9BDB11-StateMachineUpdater] INFO  ratis.ContainerStateMachine (ContainerStateMachine.java:takeSnapshot(300)) - group-59362D9BDB11: Finished taking a snapshot at:(t:1, i:14) file:/workdir/hadoop-ozone/integration-test/target/test-dir/MiniOzoneClusterImpl-b49f5193-ee3f-4e8d-9086-94cc8b6e630b/datanode-5/data/ratis/b042aa4d-092c-4cf3-92a3-59362d9bdb11/sm/snapshot.1_14 time:27
2019-09-06 22:21:47,369 [42d29a8d-ec6e-4d7b-90f4-90463a45c878@group-59362D9BDB11-StateMachineUpdater] INFO  impl.StateMachineUpdater (StateMachineUpdater.java:takeSnapshot(258)) - 42d29a8d-ec6e-4d7b-90f4-90463a45c878@group-59362D9BDB11-StateMachineUpdater: Took a snapshot at index 14
2019-09-06 22:21:47,369 [42d29a8d-ec6e-4d7b-90f4-90463a45c878@group-59362D9BDB11-StateMachineUpdater] INFO  impl.StateMachineUpdater (StateMachineUpdater.java:lambda$new$0(83)) - 42d29a8d-ec6e-4d7b-90f4-90463a45c878@group-59362D9BDB11-StateMachineUpdater: snapshotIndex: updateIncreasingly -1 -> 14
2019-09-06 22:21:47,370 [42d29a8d-ec6e-4d7b-90f4-90463a45c878@group-59362D9BDB11-StateMachineUpdater] INFO  ratis.ContainerStateMachine (ContainerStateMachine.java:takeSnapshot(289)) - group-59362D9BDB11: Taking a snapshot at:(t:1, i:14) file /workdir/hadoop-ozone/integration-test/target/test-dir/MiniOzoneClusterImpl-b49f5193-ee3f-4e8d-9086-94cc8b6e630b/datanode-5/data/ratis/b042aa4d-092c-4cf3-92a3-59362d9bdb11/sm/snapshot.1_14
2019-09-06 22:21:47,394 [42d29a8d-ec6e-4d7b-90f4-90463a45c878@group-59362D9BDB11-StateMachineUpdater] INFO  ratis.ContainerStateMachine (ContainerStateMachine.java:takeSnapshot(300)) - group-59362D9BDB11: Finished taking a snapshot at:(t:1, i:14) file:/workdir/hadoop-ozone/integration-test/target/test-dir/MiniOzoneClusterImpl-b49f5193-ee3f-4e8d-9086-94cc8b6e630b/datanode-5/data/ratis/b042aa4d-092c-4cf3-92a3-59362d9bdb11/sm/snapshot.1_14 time:24
2019-09-06 22:21:47,394 [42d29a8d-ec6e-4d7b-90f4-90463a45c878@group-59362D9BDB11-StateMachineUpdater] INFO  impl.StateMachineUpdater (StateMachineUpdater.java:takeSnapshot(258)) - 42d29a8d-ec6e-4d7b-90f4-90463a45c878@group-59362D9BDB11-StateMachineUpdater: Took a snapshot at index 14
2019-09-06 22:21:47,394 [42d29a8d-ec6e-4d7b-90f4-90463a45c878@group-59362D9BDB11-StateMachineUpdater] INFO  impl.StateMachineUpdater (StateMachineUpdater.java:lambda$new$0(83)) - 42d29a8d-ec6e-4d7b-90f4-90463a45c878@group-59362D9BDB11-StateMachineUpdater: snapshotIndex: updateIncreasingly 14 -> 14
2019-09-06 22:21:47,395 [grpc-default-executor-2] INFO  impl.RaftServerImpl (ServerState.java:close(385)) - 42d29a8d-ec6e-4d7b-90f4-90463a45c878@group-59362D9BDB11: closes. applyIndex: 16
2019-09-06 22:21:47,395 [42d29a8d-ec6e-4d7b-90f4-90463a45c878@group-59362D9BDB11-SegmentedRaftLogWorker] INFO  segmented.SegmentedRaftLogWorker (SegmentedRaftLogWorker.java:run(313)) - 42d29a8d-ec6e-4d7b-90f4-90463a45c878@group-59362D9BDB11-SegmentedRaftLogWorker was interrupted, exiting. There are 0 tasks remaining in the queue.
2019-09-06 22:21:47,397 [grpc-default-executor-2] INFO  segmented.SegmentedRaftLogWorker (SegmentedRaftLogWorker.java:close(228)) - 42d29a8d-ec6e-4d7b-90f4-90463a45c878@group-59362D9BDB11-SegmentedRaftLogWorker close()
2019-09-06 22:21:47,420 [grpc-default-executor-2] INFO  interfaces.Container (KeyValueContainer.java:flushAndSyncDB(384)) - Container 1 is synced with bcsId 14.
2019-09-06 22:21:47,420 [grpc-default-executor-2] INFO  interfaces.Container (KeyValueContainer.java:flushAndSyncDB(384)) - Container 1 is synced with bcsId 14.
2019-09-06 22:21:47,442 [EventQueue-IncrementalContainerReportForIncrementalContainerReportHandler] INFO  container.IncrementalContainerReportHandler (AbstractContainerReportHandler.java:updateContainerState(169)) - Moving container #1 to QUASI_CLOSED state, datanode 42d29a8d-ec6e-4d7b-90f4-90463a45c878{ip: 192.168.36.96, host: pr-hdds-2098-trunk-xjcqn-842104287, networkLocation: /default-rack, certSerialId: null} reported QUASI_CLOSED replica.
2019-09-06 22:21:47,443 [RatisPipelineUtilsThread] INFO  pipeline.PipelineStateManager (PipelineStateManager.java:removePipeline(108)) - Pipeline Pipeline[ Id: b042aa4d-092c-4cf3-92a3-59362d9bdb11, Nodes: bc6fdb93-666a-4701-ac8e-a64642c98c17{ip: 192.168.36.96, host: pr-hdds-2098-trunk-xjcqn-842104287, networkLocation: /default-rack, certSerialId: null}df3d14c4-da09-4933-9de6-7132a09f046b{ip: 192.168.36.96, host: pr-hdds-2098-trunk-xjcqn-842104287, networkLocation: /default-rack, certSerialId: null}42d29a8d-ec6e-4d7b-90f4-90463a45c878{ip: 192.168.36.96, host: pr-hdds-2098-trunk-xjcqn-842104287, networkLocation: /default-rack, certSerialId: null}, Type:RATIS, Factor:THREE, State:CLOSED] removed from db
2019-09-06 22:21:52,319 [RatisPipelineUtilsThread] WARN  pipeline.RatisPipelineUtils (RatisPipelineUtils.java:destroyPipeline(66)) - Pipeline destroy failed for pipeline=PipelineID=2e3f848c-7f58-4caa-a8b5-3d978949fed6 dn=df3d14c4-da09-4933-9de6-7132a09f046b{ip: 192.168.36.96, host: pr-hdds-2098-trunk-xjcqn-842104287, networkLocation: /default-rack, certSerialId: null}
2019-09-06 22:21:52,320 [RatisPipelineUtilsThread] INFO  pipeline.PipelineStateManager (PipelineStateManager.java:removePipeline(108)) - Pipeline Pipeline[ Id: 2e3f848c-7f58-4caa-a8b5-3d978949fed6, Nodes: df3d14c4-da09-4933-9de6-7132a09f046b{ip: 192.168.36.96, host: pr-hdds-2098-trunk-xjcqn-842104287, networkLocation: /default-rack, certSerialId: null}, Type:RATIS, Factor:ONE, State:CLOSED] removed from db
2019-09-06 22:21:52,323 [RatisPipelineUtilsThread] WARN  pipeline.RatisPipelineUtils (RatisPipelineUtils.java:destroyPipeline(66)) - Pipeline destroy failed for pipeline=PipelineID=b042aa4d-092c-4cf3-92a3-59362d9bdb11 dn=bc6fdb93-666a-4701-ac8e-a64642c98c17{ip: 192.168.36.96, host: pr-hdds-2098-trunk-xjcqn-842104287, networkLocation: /default-rack, certSerialId: null}
2019-09-06 22:21:52,326 [RatisPipelineUtilsThread] WARN  pipeline.RatisPipelineUtils (RatisPipelineUtils.java:destroyPipeline(66)) - Pipeline destroy failed for pipeline=PipelineID=b042aa4d-092c-4cf3-92a3-59362d9bdb11 dn=df3d14c4-da09-4933-9de6-7132a09f046b{ip: 192.168.36.96, host: pr-hdds-2098-trunk-xjcqn-842104287, networkLocation: /default-rack, certSerialId: null}
2019-09-06 22:21:52,337 [grpc-default-executor-4] INFO  impl.RaftServerProxy (RaftServerProxy.java:remove(95)) - 42d29a8d-ec6e-4d7b-90f4-90463a45c878: remove group-59362D9BDB11:null
2019-09-06 22:21:52,394 [RatisPipelineUtilsThread] WARN  pipeline.RatisPipelineUtils (RatisPipelineUtils.java:destroyPipeline(66)) - Pipeline destroy failed for pipeline=PipelineID=b042aa4d-092c-4cf3-92a3-59362d9bdb11 dn=42d29a8d-ec6e-4d7b-90f4-90463a45c878{ip: 192.168.36.96, host: pr-hdds-2098-trunk-xjcqn-842104287, networkLocation: /default-rack, certSerialId: null}
2019-09-06 22:21:52,395 [RatisPipelineUtilsThread] ERROR pipeline.SCMPipelineManager (Scheduler.java:lambda$schedule$1(70)) - Destroy pipeline failed for pipeline:Pipeline[ Id: b042aa4d-092c-4cf3-92a3-59362d9bdb11, Nodes: bc6fdb93-666a-4701-ac8e-a64642c98c17{ip: 192.168.36.96, host: pr-hdds-2098-trunk-xjcqn-842104287, networkLocation: /default-rack, certSerialId: null}df3d14c4-da09-4933-9de6-7132a09f046b{ip: 192.168.36.96, host: pr-hdds-2098-trunk-xjcqn-842104287, networkLocation: /default-rack, certSerialId: null}42d29a8d-ec6e-4d7b-90f4-90463a45c878{ip: 192.168.36.96, host: pr-hdds-2098-trunk-xjcqn-842104287, networkLocation: /default-rack, certSerialId: null}, Type:RATIS, Factor:THREE, State:CLOSED]
org.apache.hadoop.hdds.scm.pipeline.PipelineNotFoundException: PipelineID=b042aa4d-092c-4cf3-92a3-59362d9bdb11 not found
	at org.apache.hadoop.hdds.scm.pipeline.PipelineStateMap.getPipeline(PipelineStateMap.java:132)
	at org.apache.hadoop.hdds.scm.pipeline.PipelineStateMap.removePipeline(PipelineStateMap.java:322)
	at org.apache.hadoop.hdds.scm.pipeline.PipelineStateManager.removePipeline(PipelineStateManager.java:107)
	at org.apache.hadoop.hdds.scm.pipeline.SCMPipelineManager.removePipeline(SCMPipelineManager.java:423)
	at org.apache.hadoop.hdds.scm.pipeline.SCMPipelineManager.destroyPipeline(SCMPipelineManager.java:409)
	at org.apache.hadoop.hdds.scm.pipeline.SCMPipelineManager.lambda$finalizeAndDestroyPipeline$0(SCMPipelineManager.java:318)
	at org.apache.hadoop.utils.Scheduler.lambda$schedule$1(Scheduler.java:68)
	at java.util.concurrent.Executors$RunnableAdapter.call(Executors.java:511)
	at java.util.concurrent.FutureTask.run(FutureTask.java:266)
	at java.util.concurrent.ScheduledThreadPoolExecutor$ScheduledFutureTask.access$201(ScheduledThreadPoolExecutor.java:180)
	at java.util.concurrent.ScheduledThreadPoolExecutor$ScheduledFutureTask.run(ScheduledThreadPoolExecutor.java:293)
	at java.util.concurrent.ThreadPoolExecutor.runWorker(ThreadPoolExecutor.java:1149)
	at java.util.concurrent.ThreadPoolExecutor$Worker.run(ThreadPoolExecutor.java:624)
	at java.lang.Thread.run(Thread.java:748)
2019-09-06 22:21:52,771 [main] WARN  io.KeyOutputStream (KeyOutputStream.java:handleException(276)) - Encountered exception java.io.IOException: Unexpected Storage Container Exception: java.util.concurrent.CompletionException: java.util.concurrent.CompletionException: org.apache.ratis.protocol.GroupMismatchException: 42d29a8d-ec6e-4d7b-90f4-90463a45c878: group-59362D9BDB11 not found. on the pipeline Pipeline[ Id: b042aa4d-092c-4cf3-92a3-59362d9bdb11, Nodes: bc6fdb93-666a-4701-ac8e-a64642c98c17{ip: 192.168.36.96, host: pr-hdds-2098-trunk-xjcqn-842104287, networkLocation: /default-rack, certSerialId: null}df3d14c4-da09-4933-9de6-7132a09f046b{ip: 192.168.36.96, host: pr-hdds-2098-trunk-xjcqn-842104287, networkLocation: /default-rack, certSerialId: null}42d29a8d-ec6e-4d7b-90f4-90463a45c878{ip: 192.168.36.96, host: pr-hdds-2098-trunk-xjcqn-842104287, networkLocation: /default-rack, certSerialId: null}, Type:RATIS, Factor:THREE, State:OPEN]. The last committed block length is 450, uncommitted data length is 350 retry count 0
2019-09-06 22:21:52,827 [grpc-default-executor-4] INFO  client.GrpcClientProtocolClient (GrpcClientProtocolClient.java:onNext(264)) - client-31E6971A38F9->ad70433b-1210-4bb9-81f9-b06ec219c166: receive RaftClientReply:client-31E6971A38F9->ad70433b-1210-4bb9-81f9-b06ec219c166@group-24BA1F3C5290, cid=36, FAILED org.apache.ratis.protocol.NotLeaderException: Server ad70433b-1210-4bb9-81f9-b06ec219c166@group-24BA1F3C5290 is not the leader f13d7bf8-acc3-4dce-9eab-24b819c340c4:192.168.36.96:35732, logIndex=0, commits[ad70433b-1210-4bb9-81f9-b06ec219c166:c0, f13d7bf8-acc3-4dce-9eab-24b819c340c4:c0, 2cb2dc0f-84fd-4521-9ecc-d803f12e81ea:c0]
2019-09-06 22:21:52,984 [grpc-default-executor-1] INFO  client.GrpcClientProtocolClient (GrpcClientProtocolClient.java:onNext(264)) - client-31E6971A38F9->f13d7bf8-acc3-4dce-9eab-24b819c340c4: receive RaftClientReply:client-31E6971A38F9->f13d7bf8-acc3-4dce-9eab-24b819c340c4@group-24BA1F3C5290, cid=36, SUCCESS, logIndex=1, commits[f13d7bf8-acc3-4dce-9eab-24b819c340c4:c1, 2cb2dc0f-84fd-4521-9ecc-d803f12e81ea:c0, ad70433b-1210-4bb9-81f9-b06ec219c166:c0]
2019-09-06 22:21:53,008 [grpc-default-executor-2] INFO  client.GrpcClientProtocolClient (GrpcClientProtocolClient.java:onNext(264)) - client-31E6971A38F9->f13d7bf8-acc3-4dce-9eab-24b819c340c4: receive RaftClientReply:client-31E6971A38F9->f13d7bf8-acc3-4dce-9eab-24b819c340c4@group-24BA1F3C5290, cid=37, SUCCESS, logIndex=3, commits[f13d7bf8-acc3-4dce-9eab-24b819c340c4:c4, 2cb2dc0f-84fd-4521-9ecc-d803f12e81ea:c1, ad70433b-1210-4bb9-81f9-b06ec219c166:c1]
2019-09-06 22:21:53,118 [grpc-default-executor-1] INFO  client.GrpcClientProtocolClient (GrpcClientProtocolClient.java:onNext(264)) - client-31E6971A38F9->f13d7bf8-acc3-4dce-9eab-24b819c340c4: receive RaftClientReply:client-31E6971A38F9->f13d7bf8-acc3-4dce-9eab-24b819c340c4@group-24BA1F3C5290, cid=38, SUCCESS, logIndex=4, commits[f13d7bf8-acc3-4dce-9eab-24b819c340c4:c12, 2cb2dc0f-84fd-4521-9ecc-d803f12e81ea:c7, ad70433b-1210-4bb9-81f9-b06ec219c166:c7]
2019-09-06 22:21:53,120 [grpc-default-executor-1] INFO  client.GrpcClientProtocolClient (GrpcClientProtocolClient.java:onNext(264)) - client-31E6971A38F9->f13d7bf8-acc3-4dce-9eab-24b819c340c4: receive RaftClientReply:client-31E6971A38F9->f13d7bf8-acc3-4dce-9eab-24b819c340c4@group-24BA1F3C5290, cid=39, SUCCESS, logIndex=5, commits[f13d7bf8-acc3-4dce-9eab-24b819c340c4:c12, 2cb2dc0f-84fd-4521-9ecc-d803f12e81ea:c7, ad70433b-1210-4bb9-81f9-b06ec219c166:c7]
2019-09-06 22:21:53,121 [grpc-default-executor-1] INFO  client.GrpcClientProtocolClient (GrpcClientProtocolClient.java:onNext(264)) - client-31E6971A38F9->f13d7bf8-acc3-4dce-9eab-24b819c340c4: receive RaftClientReply:client-31E6971A38F9->f13d7bf8-acc3-4dce-9eab-24b819c340c4@group-24BA1F3C5290, cid=40, SUCCESS, logIndex=6, commits[f13d7bf8-acc3-4dce-9eab-24b819c340c4:c12, 2cb2dc0f-84fd-4521-9ecc-d803f12e81ea:c7, ad70433b-1210-4bb9-81f9-b06ec219c166:c7]
2019-09-06 22:21:53,241 [grpc-default-executor-1] INFO  client.GrpcClientProtocolClient (GrpcClientProtocolClient.java:onNext(264)) - client-31E6971A38F9->f13d7bf8-acc3-4dce-9eab-24b819c340c4: receive RaftClientReply:client-31E6971A38F9->f13d7bf8-acc3-4dce-9eab-24b819c340c4@group-24BA1F3C5290, cid=41, SUCCESS, logIndex=7, commits[f13d7bf8-acc3-4dce-9eab-24b819c340c4:c12, 2cb2dc0f-84fd-4521-9ecc-d803f12e81ea:c7, ad70433b-1210-4bb9-81f9-b06ec219c166:c7]
2019-09-06 22:21:53,265 [grpc-default-executor-4] INFO  client.GrpcClientProtocolClient (GrpcClientProtocolClient.java:onNext(264)) - client-31E6971A38F9->f13d7bf8-acc3-4dce-9eab-24b819c340c4: receive RaftClientReply:client-31E6971A38F9->f13d7bf8-acc3-4dce-9eab-24b819c340c4@group-24BA1F3C5290, cid=42, SUCCESS, logIndex=13, commits[f13d7bf8-acc3-4dce-9eab-24b819c340c4:c13, 2cb2dc0f-84fd-4521-9ecc-d803f12e81ea:c12, ad70433b-1210-4bb9-81f9-b06ec219c166:c12]
2019-09-06 22:21:53,274 [grpc-default-executor-4] INFO  client.GrpcClientProtocolClient (GrpcClientProtocolClient.java:onNext(264)) - client-31E6971A38F9->f13d7bf8-acc3-4dce-9eab-24b819c340c4: receive RaftClientReply:client-31E6971A38F9->f13d7bf8-acc3-4dce-9eab-24b819c340c4@group-24BA1F3C5290, cid=43, SUCCESS, logIndex=14, commits[f13d7bf8-acc3-4dce-9eab-24b819c340c4:c14, 2cb2dc0f-84fd-4521-9ecc-d803f12e81ea:c12, ad70433b-1210-4bb9-81f9-b06ec219c166:c12]
2019-09-06 22:21:54,276 [main] WARN  scm.XceiverClientRatis (XceiverClientRatis.java:watchForCommit(262)) - 3 way commit failed on pipeline Pipeline[ Id: 1ea5e6a7-19e6-43b9-be20-24ba1f3c5290, Nodes: ad70433b-1210-4bb9-81f9-b06ec219c166{ip: 192.168.36.96, host: pr-hdds-2098-trunk-xjcqn-842104287, networkLocation: /default-rack, certSerialId: null}2cb2dc0f-84fd-4521-9ecc-d803f12e81ea{ip: 192.168.36.96, host: pr-hdds-2098-trunk-xjcqn-842104287, networkLocation: /default-rack, certSerialId: null}f13d7bf8-acc3-4dce-9eab-24b819c340c4{ip: 192.168.36.96, host: pr-hdds-2098-trunk-xjcqn-842104287, networkLocation: /default-rack, certSerialId: null}, Type:RATIS, Factor:THREE, State:OPEN]
java.util.concurrent.TimeoutException
	at java.util.concurrent.CompletableFuture.timedGet(CompletableFuture.java:1771)
	at java.util.concurrent.CompletableFuture.get(CompletableFuture.java:1915)
	at org.apache.hadoop.hdds.scm.XceiverClientRatis.watchForCommit(XceiverClientRatis.java:259)
	at org.apache.hadoop.hdds.scm.storage.CommitWatcher.watchForCommit(CommitWatcher.java:194)
	at org.apache.hadoop.hdds.scm.storage.CommitWatcher.watchOnLastIndex(CommitWatcher.java:157)
	at org.apache.hadoop.hdds.scm.storage.BlockOutputStream.watchForCommit(BlockOutputStream.java:347)
	at org.apache.hadoop.hdds.scm.storage.BlockOutputStream.handleFlush(BlockOutputStream.java:479)
	at org.apache.hadoop.hdds.scm.storage.BlockOutputStream.flush(BlockOutputStream.java:428)
	at org.apache.hadoop.ozone.client.io.BlockOutputStreamEntry.flush(BlockOutputStreamEntry.java:136)
	at org.apache.hadoop.ozone.client.io.KeyOutputStream.handleFlushOrClose(KeyOutputStream.java:442)
	at org.apache.hadoop.ozone.client.io.KeyOutputStream.flush(KeyOutputStream.java:396)
	at org.apache.hadoop.ozone.client.io.OzoneOutputStream.flush(OzoneOutputStream.java:54)
	at org.apache.hadoop.ozone.client.rpc.TestBlockOutputStreamWithFailures.test2DatanodesFailure(TestBlockOutputStreamWithFailures.java:502)
	at sun.reflect.NativeMethodAccessorImpl.invoke0(Native Method)
	at sun.reflect.NativeMethodAccessorImpl.invoke(NativeMethodAccessorImpl.java:62)
	at sun.reflect.DelegatingMethodAccessorImpl.invoke(DelegatingMethodAccessorImpl.java:43)
	at java.lang.reflect.Method.invoke(Method.java:498)
	at org.junit.runners.model.FrameworkMethod$1.runReflectiveCall(FrameworkMethod.java:47)
	at org.junit.internal.runners.model.ReflectiveCallable.run(ReflectiveCallable.java:12)
	at org.junit.runners.model.FrameworkMethod.invokeExplosively(FrameworkMethod.java:44)
	at org.junit.internal.runners.statements.InvokeMethod.evaluate(InvokeMethod.java:17)
	at org.junit.internal.runners.statements.RunBefores.evaluate(RunBefores.java:26)
	at org.junit.internal.runners.statements.RunAfters.evaluate(RunAfters.java:27)
	at org.junit.runners.ParentRunner.runLeaf(ParentRunner.java:271)
	at org.junit.runners.BlockJUnit4ClassRunner.runChild(BlockJUnit4ClassRunner.java:70)
	at org.junit.runners.BlockJUnit4ClassRunner.runChild(BlockJUnit4ClassRunner.java:50)
	at org.junit.runners.ParentRunner$3.run(ParentRunner.java:238)
	at org.junit.runners.ParentRunner$1.schedule(ParentRunner.java:63)
	at org.junit.runners.ParentRunner.runChildren(ParentRunner.java:236)
	at org.junit.runners.ParentRunner.access$000(ParentRunner.java:53)
	at org.junit.runners.ParentRunner$2.evaluate(ParentRunner.java:229)
	at org.junit.runners.ParentRunner.run(ParentRunner.java:309)
	at org.apache.maven.surefire.junit4.JUnit4Provider.execute(JUnit4Provider.java:365)
	at org.apache.maven.surefire.junit4.JUnit4Provider.executeWithRerun(JUnit4Provider.java:273)
	at org.apache.maven.surefire.junit4.JUnit4Provider.executeTestSet(JUnit4Provider.java:238)
	at org.apache.maven.surefire.junit4.JUnit4Provider.invoke(JUnit4Provider.java:159)
	at org.apache.maven.surefire.booter.ForkedBooter.invokeProviderInSameClassLoader(ForkedBooter.java:384)
	at org.apache.maven.surefire.booter.ForkedBooter.runSuitesInProcess(ForkedBooter.java:345)
	at org.apache.maven.surefire.booter.ForkedBooter.execute(ForkedBooter.java:126)
	at org.apache.maven.surefire.booter.ForkedBooter.main(ForkedBooter.java:418)
2019-09-06 22:21:55,279 [main] WARN  storage.CommitWatcher (CommitWatcher.java:watchForCommit(203)) - watchForCommit failed for index 14
java.util.concurrent.TimeoutException
	at java.util.concurrent.CompletableFuture.timedGet(CompletableFuture.java:1771)
	at java.util.concurrent.CompletableFuture.get(CompletableFuture.java:1915)
	at org.apache.hadoop.hdds.scm.XceiverClientRatis.watchForCommit(XceiverClientRatis.java:268)
	at org.apache.hadoop.hdds.scm.storage.CommitWatcher.watchForCommit(CommitWatcher.java:194)
	at org.apache.hadoop.hdds.scm.storage.CommitWatcher.watchOnLastIndex(CommitWatcher.java:157)
	at org.apache.hadoop.hdds.scm.storage.BlockOutputStream.watchForCommit(BlockOutputStream.java:347)
	at org.apache.hadoop.hdds.scm.storage.BlockOutputStream.handleFlush(BlockOutputStream.java:479)
	at org.apache.hadoop.hdds.scm.storage.BlockOutputStream.flush(BlockOutputStream.java:428)
	at org.apache.hadoop.ozone.client.io.BlockOutputStreamEntry.flush(BlockOutputStreamEntry.java:136)
	at org.apache.hadoop.ozone.client.io.KeyOutputStream.handleFlushOrClose(KeyOutputStream.java:442)
	at org.apache.hadoop.ozone.client.io.KeyOutputStream.flush(KeyOutputStream.java:396)
	at org.apache.hadoop.ozone.client.io.OzoneOutputStream.flush(OzoneOutputStream.java:54)
	at org.apache.hadoop.ozone.client.rpc.TestBlockOutputStreamWithFailures.test2DatanodesFailure(TestBlockOutputStreamWithFailures.java:502)
	at sun.reflect.NativeMethodAccessorImpl.invoke0(Native Method)
	at sun.reflect.NativeMethodAccessorImpl.invoke(NativeMethodAccessorImpl.java:62)
	at sun.reflect.DelegatingMethodAccessorImpl.invoke(DelegatingMethodAccessorImpl.java:43)
	at java.lang.reflect.Method.invoke(Method.java:498)
	at org.junit.runners.model.FrameworkMethod$1.runReflectiveCall(FrameworkMethod.java:47)
	at org.junit.internal.runners.model.ReflectiveCallable.run(ReflectiveCallable.java:12)
	at org.junit.runners.model.FrameworkMethod.invokeExplosively(FrameworkMethod.java:44)
	at org.junit.internal.runners.statements.InvokeMethod.evaluate(InvokeMethod.java:17)
	at org.junit.internal.runners.statements.RunBefores.evaluate(RunBefores.java:26)
	at org.junit.internal.runners.statements.RunAfters.evaluate(RunAfters.java:27)
	at org.junit.runners.ParentRunner.runLeaf(ParentRunner.java:271)
	at org.junit.runners.BlockJUnit4ClassRunner.runChild(BlockJUnit4ClassRunner.java:70)
	at org.junit.runners.BlockJUnit4ClassRunner.runChild(BlockJUnit4ClassRunner.java:50)
	at org.junit.runners.ParentRunner$3.run(ParentRunner.java:238)
	at org.junit.runners.ParentRunner$1.schedule(ParentRunner.java:63)
	at org.junit.runners.ParentRunner.runChildren(ParentRunner.java:236)
	at org.junit.runners.ParentRunner.access$000(ParentRunner.java:53)
	at org.junit.runners.ParentRunner$2.evaluate(ParentRunner.java:229)
	at org.junit.runners.ParentRunner.run(ParentRunner.java:309)
	at org.apache.maven.surefire.junit4.JUnit4Provider.execute(JUnit4Provider.java:365)
	at org.apache.maven.surefire.junit4.JUnit4Provider.executeWithRerun(JUnit4Provider.java:273)
	at org.apache.maven.surefire.junit4.JUnit4Provider.executeTestSet(JUnit4Provider.java:238)
	at org.apache.maven.surefire.junit4.JUnit4Provider.invoke(JUnit4Provider.java:159)
	at org.apache.maven.surefire.booter.ForkedBooter.invokeProviderInSameClassLoader(ForkedBooter.java:384)
	at org.apache.maven.surefire.booter.ForkedBooter.runSuitesInProcess(ForkedBooter.java:345)
	at org.apache.maven.surefire.booter.ForkedBooter.execute(ForkedBooter.java:126)
	at org.apache.maven.surefire.booter.ForkedBooter.main(ForkedBooter.java:418)
2019-09-06 22:21:55,282 [main] WARN  io.KeyOutputStream (KeyOutputStream.java:handleException(276)) - Encountered exception java.io.IOException: Unexpected Storage Container Exception: java.io.IOException: Unexpected Storage Container Exception: java.util.concurrent.TimeoutException on the pipeline Pipeline[ Id: 1ea5e6a7-19e6-43b9-be20-24ba1f3c5290, Nodes: ad70433b-1210-4bb9-81f9-b06ec219c166{ip: 192.168.36.96, host: pr-hdds-2098-trunk-xjcqn-842104287, networkLocation: /default-rack, certSerialId: null}2cb2dc0f-84fd-4521-9ecc-d803f12e81ea{ip: 192.168.36.96, host: pr-hdds-2098-trunk-xjcqn-842104287, networkLocation: /default-rack, certSerialId: null}f13d7bf8-acc3-4dce-9eab-24b819c340c4{ip: 192.168.36.96, host: pr-hdds-2098-trunk-xjcqn-842104287, networkLocation: /default-rack, certSerialId: null}, Type:RATIS, Factor:THREE, State:OPEN]. The last committed block length is 400, uncommitted data length is 50 retry count 0
2019-09-06 22:21:55,288 [IPC Server handler 8 on 36804] WARN  block.BlockManagerImpl (BlockManagerImpl.java:allocateBlock(192)) - Pipeline creation failed for type:RATIS factor:THREE. Retrying get pipelines call once.
org.apache.hadoop.hdds.scm.pipeline.InsufficientDatanodesException: Cannot create pipeline of factor 3 using 2 nodes.
	at org.apache.hadoop.hdds.scm.pipeline.RatisPipelineProvider.create(RatisPipelineProvider.java:152)
	at org.apache.hadoop.hdds.scm.pipeline.PipelineFactory.create(PipelineFactory.java:57)
	at org.apache.hadoop.hdds.scm.pipeline.SCMPipelineManager.createPipeline(SCMPipelineManager.java:151)
	at org.apache.hadoop.hdds.scm.block.BlockManagerImpl.allocateBlock(BlockManagerImpl.java:190)
	at org.apache.hadoop.hdds.scm.server.SCMBlockProtocolServer.allocateBlock(SCMBlockProtocolServer.java:182)
	at org.apache.hadoop.ozone.protocolPB.ScmBlockLocationProtocolServerSideTranslatorPB.allocateScmBlock(ScmBlockLocationProtocolServerSideTranslatorPB.java:183)
	at org.apache.hadoop.ozone.protocolPB.ScmBlockLocationProtocolServerSideTranslatorPB.processMessage(ScmBlockLocationProtocolServerSideTranslatorPB.java:141)
	at org.apache.hadoop.ozone.protocolPB.ScmBlockLocationProtocolServerSideTranslatorPB.send(ScmBlockLocationProtocolServerSideTranslatorPB.java:116)
	at org.apache.hadoop.hdds.protocol.proto.ScmBlockLocationProtocolProtos$ScmBlockLocationProtocolService$2.callBlockingMethod(ScmBlockLocationProtocolProtos.java:13157)
	at org.apache.hadoop.ipc.ProtobufRpcEngine$Server$ProtoBufRpcInvoker.call(ProtobufRpcEngine.java:524)
	at org.apache.hadoop.ipc.RPC$Server.call(RPC.java:1025)
	at org.apache.hadoop.ipc.Server$RpcCall.run(Server.java:876)
	at org.apache.hadoop.ipc.Server$RpcCall.run(Server.java:822)
	at java.security.AccessController.doPrivileged(Native Method)
	at javax.security.auth.Subject.doAs(Subject.java:422)
	at org.apache.hadoop.security.UserGroupInformation.doAs(UserGroupInformation.java:1730)
	at org.apache.hadoop.ipc.Server$Handler.run(Server.java:2682)
2019-09-06 22:21:55,290 [IPC Server handler 8 on 36804] INFO  block.BlockManagerImpl (BlockManagerImpl.java:allocateBlock(198)) - Could not find available pipeline of type:RATIS and factor:THREE even after retrying
2019-09-06 22:21:55,290 [IPC Server handler 8 on 36804] ERROR block.BlockManagerImpl (BlockManagerImpl.java:allocateBlock(222)) - Unable to allocate a block for the size: 800, type: RATIS, factor: THREE
2019-09-06 22:21:55,302 [main] ERROR io.BlockOutputStreamEntryPool (BlockOutputStreamEntryPool.java:allocateBlockIfNeeded(299)) - Try to allocate more blocks for write failed, already allocated 0 blocks for this write.
INTERNAL_ERROR org.apache.hadoop.ozone.om.exceptions.OMException: Allocated 0 blocks. Requested 1 blocks
	at org.apache.hadoop.ozone.om.protocolPB.OzoneManagerProtocolClientSideTranslatorPB.handleError(OzoneManagerProtocolClientSideTranslatorPB.java:725)
	at org.apache.hadoop.ozone.om.protocolPB.OzoneManagerProtocolClientSideTranslatorPB.allocateBlock(OzoneManagerProtocolClientSideTranslatorPB.java:757)
	at org.apache.hadoop.ozone.client.io.BlockOutputStreamEntryPool.allocateNewBlock(BlockOutputStreamEntryPool.java:248)
	at org.apache.hadoop.ozone.client.io.BlockOutputStreamEntryPool.allocateBlockIfNeeded(BlockOutputStreamEntryPool.java:296)
	at org.apache.hadoop.ozone.client.io.KeyOutputStream.handleWrite(KeyOutputStream.java:201)
	at org.apache.hadoop.ozone.client.io.KeyOutputStream.handleRetry(KeyOutputStream.java:376)
	at org.apache.hadoop.ozone.client.io.KeyOutputStream.handleException(KeyOutputStream.java:325)
	at org.apache.hadoop.ozone.client.io.KeyOutputStream.handleFlushOrClose(KeyOutputStream.java:448)
	at org.apache.hadoop.ozone.client.io.KeyOutputStream.flush(KeyOutputStream.java:396)
	at org.apache.hadoop.ozone.client.io.OzoneOutputStream.flush(OzoneOutputStream.java:54)
	at org.apache.hadoop.ozone.client.rpc.TestBlockOutputStreamWithFailures.test2DatanodesFailure(TestBlockOutputStreamWithFailures.java:502)
	at sun.reflect.NativeMethodAccessorImpl.invoke0(Native Method)
	at sun.reflect.NativeMethodAccessorImpl.invoke(NativeMethodAccessorImpl.java:62)
	at sun.reflect.DelegatingMethodAccessorImpl.invoke(DelegatingMethodAccessorImpl.java:43)
	at java.lang.reflect.Method.invoke(Method.java:498)
	at org.junit.runners.model.FrameworkMethod$1.runReflectiveCall(FrameworkMethod.java:47)
	at org.junit.internal.runners.model.ReflectiveCallable.run(ReflectiveCallable.java:12)
	at org.junit.runners.model.FrameworkMethod.invokeExplosively(FrameworkMethod.java:44)
	at org.junit.internal.runners.statements.InvokeMethod.evaluate(InvokeMethod.java:17)
	at org.junit.internal.runners.statements.RunBefores.evaluate(RunBefores.java:26)
	at org.junit.internal.runners.statements.RunAfters.evaluate(RunAfters.java:27)
	at org.junit.runners.ParentRunner.runLeaf(ParentRunner.java:271)
	at org.junit.runners.BlockJUnit4ClassRunner.runChild(BlockJUnit4ClassRunner.java:70)
	at org.junit.runners.BlockJUnit4ClassRunner.runChild(BlockJUnit4ClassRunner.java:50)
	at org.junit.runners.ParentRunner$3.run(ParentRunner.java:238)
	at org.junit.runners.ParentRunner$1.schedule(ParentRunner.java:63)
	at org.junit.runners.ParentRunner.runChildren(ParentRunner.java:236)
	at org.junit.runners.ParentRunner.access$000(ParentRunner.java:53)
	at org.junit.runners.ParentRunner$2.evaluate(ParentRunner.java:229)
	at org.junit.runners.ParentRunner.run(ParentRunner.java:309)
	at org.apache.maven.surefire.junit4.JUnit4Provider.execute(JUnit4Provider.java:365)
	at org.apache.maven.surefire.junit4.JUnit4Provider.executeWithRerun(JUnit4Provider.java:273)
	at org.apache.maven.surefire.junit4.JUnit4Provider.executeTestSet(JUnit4Provider.java:238)
	at org.apache.maven.surefire.junit4.JUnit4Provider.invoke(JUnit4Provider.java:159)
	at org.apache.maven.surefire.booter.ForkedBooter.invokeProviderInSameClassLoader(ForkedBooter.java:384)
	at org.apache.maven.surefire.booter.ForkedBooter.runSuitesInProcess(ForkedBooter.java:345)
	at org.apache.maven.surefire.booter.ForkedBooter.execute(ForkedBooter.java:126)
	at org.apache.maven.surefire.booter.ForkedBooter.main(ForkedBooter.java:418)
2019-09-06 22:21:55,306 [main] INFO  ozone.MiniOzoneClusterImpl (MiniOzoneClusterImpl.java:shutdown(307)) - Shutting down the Mini Ozone Cluster
2019-09-06 22:21:55,307 [main] INFO  ozone.MiniOzoneClusterImpl (MiniOzoneClusterImpl.java:stop(322)) - Stopping the Mini Ozone Cluster
2019-09-06 22:21:55,308 [main] INFO  ozone.MiniOzoneClusterImpl (MiniOzoneClusterImpl.java:stop(324)) - Stopping the OzoneManager
2019-09-06 22:21:55,308 [main] INFO  ipc.Server (Server.java:stop(3082)) - Stopping server on 46440
2019-09-06 22:21:55,321 [IPC Server listener on 46440] INFO  ipc.Server (Server.java:run(1185)) - Stopping IPC Server listener on 46440
2019-09-06 22:21:55,325 [main] INFO  ratis.OzoneManagerDoubleBuffer (OzoneManagerDoubleBuffer.java:stop(248)) - Stopping OMDoubleBuffer flush thread
2019-09-06 22:21:55,330 [IPC Server Responder] INFO  ipc.Server (Server.java:run(1319)) - Stopping IPC Server Responder
2019-09-06 22:21:55,330 [OMDoubleBufferFlushThread] INFO  ratis.OzoneManagerDoubleBuffer (OzoneManagerDoubleBuffer.java:flushTransactions(191)) - OMDoubleBuffer flush thread OMDoubleBufferFlushThread is interrupted and will exit. OMDoubleBufferFlushThread
2019-09-06 22:21:55,332 [main] INFO  utils.BackgroundService (BackgroundService.java:shutdown(148)) - Shutting down service KeyDeletingService
2019-09-06 22:21:55,334 [main] INFO  handler.ContextHandler (ContextHandler.java:doStop(910)) - Stopped o.e.j.w.WebAppContext@444548a0{/,null,UNAVAILABLE}{/ozoneManager}
2019-09-06 22:21:55,335 [main] INFO  server.AbstractConnector (AbstractConnector.java:doStop(318)) - Stopped ServerConnector@3766c667{HTTP/1.1,[http/1.1]}{0.0.0.0:0}
2019-09-06 22:21:55,335 [main] INFO  handler.ContextHandler (ContextHandler.java:doStop(910)) - Stopped o.e.j.s.ServletContextHandler@2571066a{/static,file:///workdir/hadoop-ozone/integration-test/target/test-classes/webapps/static,UNAVAILABLE}
2019-09-06 22:21:55,336 [main] INFO  handler.ContextHandler (ContextHandler.java:doStop(910)) - Stopped o.e.j.s.ServletContextHandler@25d3cfc8{/logs,file:///workdir/hadoop-ozone/integration-test/target/log,UNAVAILABLE}
2019-09-06 22:21:55,340 [main] INFO  ozone.MiniOzoneClusterImpl (MiniOzoneClusterImpl.java:stop(330)) - Shutting the HddsDatanodes
2019-09-06 22:21:55,795 [grpc-default-executor-4] INFO  client.GrpcClientProtocolClient (GrpcClientProtocolClient.java:onNext(264)) - client-31E6971A38F9->f13d7bf8-acc3-4dce-9eab-24b819c340c4: receive RaftClientReply:client-31E6971A38F9->f13d7bf8-acc3-4dce-9eab-24b819c340c4@group-24BA1F3C5290, cid=45, SUCCESS, logIndex=0, commits[f13d7bf8-acc3-4dce-9eab-24b819c340c4:c16, 2cb2dc0f-84fd-4521-9ecc-d803f12e81ea:c13, ad70433b-1210-4bb9-81f9-b06ec219c166:c16]
2019-09-06 22:21:55,796 [grpc-default-executor-4] INFO  client.GrpcClientProtocolClient (GrpcClientProtocolClient.java:onNext(264)) - client-31E6971A38F9->f13d7bf8-acc3-4dce-9eab-24b819c340c4: receive RaftClientReply:client-31E6971A38F9->f13d7bf8-acc3-4dce-9eab-24b819c340c4@group-24BA1F3C5290, cid=44, SUCCESS, logIndex=0, commits[f13d7bf8-acc3-4dce-9eab-24b819c340c4:c16, 2cb2dc0f-84fd-4521-9ecc-d803f12e81ea:c16, ad70433b-1210-4bb9-81f9-b06ec219c166:c16]
2019-09-06 22:21:55,963 [Datanode State Machine Thread - 0] INFO  statemachine.DatanodeStateMachine (DatanodeStateMachine.java:lambda$startDaemon$0(350)) - Ozone container server started.
2019-09-06 22:21:55,964 [Datanode State Machine Thread - 0] INFO  statemachine.DatanodeStateMachine (DatanodeStateMachine.java:lambda$startDaemon$0(350)) - Ozone container server started.
2019-09-06 22:21:59,968 [EventQueue-StaleNodeForStaleNodeHandler] INFO  node.StaleNodeHandler (StaleNodeHandler.java:onMessage(58)) - Datanode ad70433b-1210-4bb9-81f9-b06ec219c166{ip: 192.168.36.96, host: pr-hdds-2098-trunk-xjcqn-842104287, networkLocation: /default-rack, certSerialId: null} moved to stale state. Finalizing its pipelines [PipelineID=1ea5e6a7-19e6-43b9-be20-24ba1f3c5290, PipelineID=403b3e0f-51cd-4a0a-965c-2dbc794d4140]
2019-09-06 22:21:59,973 [EventQueue-StaleNodeForStaleNodeHandler] INFO  pipeline.SCMPipelineManager (SCMPipelineManager.java:finalizeAndDestroyPipeline(311)) - destroying pipeline:Pipeline[ Id: 1ea5e6a7-19e6-43b9-be20-24ba1f3c5290, Nodes: ad70433b-1210-4bb9-81f9-b06ec219c166{ip: 192.168.36.96, host: pr-hdds-2098-trunk-xjcqn-842104287, networkLocation: /default-rack, certSerialId: null}2cb2dc0f-84fd-4521-9ecc-d803f12e81ea{ip: 192.168.36.96, host: pr-hdds-2098-trunk-xjcqn-842104287, networkLocation: /default-rack, certSerialId: null}f13d7bf8-acc3-4dce-9eab-24b819c340c4{ip: 192.168.36.96, host: pr-hdds-2098-trunk-xjcqn-842104287, networkLocation: /default-rack, certSerialId: null}, Type:RATIS, Factor:THREE, State:OPEN]
2019-09-06 22:21:59,974 [EventQueue-StaleNodeForStaleNodeHandler] INFO  pipeline.PipelineStateManager (PipelineStateManager.java:finalizePipeline(123)) - Pipeline Pipeline[ Id: 1ea5e6a7-19e6-43b9-be20-24ba1f3c5290, Nodes: ad70433b-1210-4bb9-81f9-b06ec219c166{ip: 192.168.36.96, host: pr-hdds-2098-trunk-xjcqn-842104287, networkLocation: /default-rack, certSerialId: null}2cb2dc0f-84fd-4521-9ecc-d803f12e81ea{ip: 192.168.36.96, host: pr-hdds-2098-trunk-xjcqn-842104287, networkLocation: /default-rack, certSerialId: null}f13d7bf8-acc3-4dce-9eab-24b819c340c4{ip: 192.168.36.96, host: pr-hdds-2098-trunk-xjcqn-842104287, networkLocation: /default-rack, certSerialId: null}, Type:RATIS, Factor:THREE, State:CLOSED] moved to CLOSED state
2019-09-06 22:21:59,975 [EventQueue-CloseContainerForCloseContainerEventHandler] INFO  container.CloseContainerEventHandler (CloseContainerEventHandler.java:onMessage(61)) - Close container Event triggered for container : #2
2019-09-06 22:21:59,982 [EventQueue-StaleNodeForStaleNodeHandler] INFO  pipeline.SCMPipelineManager (SCMPipelineManager.java:finalizeAndDestroyPipeline(311)) - destroying pipeline:Pipeline[ Id: 403b3e0f-51cd-4a0a-965c-2dbc794d4140, Nodes: ad70433b-1210-4bb9-81f9-b06ec219c166{ip: 192.168.36.96, host: pr-hdds-2098-trunk-xjcqn-842104287, networkLocation: /default-rack, certSerialId: null}, Type:RATIS, Factor:ONE, State:OPEN]
2019-09-06 22:21:59,983 [EventQueue-StaleNodeForStaleNodeHandler] INFO  pipeline.PipelineStateManager (PipelineStateManager.java:finalizePipeline(123)) - Pipeline Pipeline[ Id: 403b3e0f-51cd-4a0a-965c-2dbc794d4140, Nodes: ad70433b-1210-4bb9-81f9-b06ec219c166{ip: 192.168.36.96, host: pr-hdds-2098-trunk-xjcqn-842104287, networkLocation: /default-rack, certSerialId: null}, Type:RATIS, Factor:ONE, State:CLOSED] moved to CLOSED state
2019-09-06 22:21:59,984 [EventQueue-StaleNodeForStaleNodeHandler] INFO  node.StaleNodeHandler (StaleNodeHandler.java:onMessage(58)) - Datanode 2cb2dc0f-84fd-4521-9ecc-d803f12e81ea{ip: 192.168.36.96, host: pr-hdds-2098-trunk-xjcqn-842104287, networkLocation: /default-rack, certSerialId: null} moved to stale state. Finalizing its pipelines [PipelineID=1ea5e6a7-19e6-43b9-be20-24ba1f3c5290, PipelineID=2d7015e8-2ff5-47b5-a482-a04f5fdc1205]
2019-09-06 22:21:59,985 [EventQueue-StaleNodeForStaleNodeHandler] INFO  pipeline.SCMPipelineManager (SCMPipelineManager.java:finalizeAndDestroyPipeline(311)) - destroying pipeline:Pipeline[ Id: 1ea5e6a7-19e6-43b9-be20-24ba1f3c5290, Nodes: ad70433b-1210-4bb9-81f9-b06ec219c166{ip: 192.168.36.96, host: pr-hdds-2098-trunk-xjcqn-842104287, networkLocation: /default-rack, certSerialId: null}2cb2dc0f-84fd-4521-9ecc-d803f12e81ea{ip: 192.168.36.96, host: pr-hdds-2098-trunk-xjcqn-842104287, networkLocation: /default-rack, certSerialId: null}f13d7bf8-acc3-4dce-9eab-24b819c340c4{ip: 192.168.36.96, host: pr-hdds-2098-trunk-xjcqn-842104287, networkLocation: /default-rack, certSerialId: null}, Type:RATIS, Factor:THREE, State:CLOSED]
2019-09-06 22:21:59,986 [EventQueue-StaleNodeForStaleNodeHandler] INFO  pipeline.SCMPipelineManager (SCMPipelineManager.java:finalizeAndDestroyPipeline(311)) - destroying pipeline:Pipeline[ Id: 2d7015e8-2ff5-47b5-a482-a04f5fdc1205, Nodes: 2cb2dc0f-84fd-4521-9ecc-d803f12e81ea{ip: 192.168.36.96, host: pr-hdds-2098-trunk-xjcqn-842104287, networkLocation: /default-rack, certSerialId: null}, Type:RATIS, Factor:ONE, State:OPEN]
2019-09-06 22:21:59,986 [EventQueue-StaleNodeForStaleNodeHandler] INFO  pipeline.PipelineStateManager (PipelineStateManager.java:finalizePipeline(123)) - Pipeline Pipeline[ Id: 2d7015e8-2ff5-47b5-a482-a04f5fdc1205, Nodes: 2cb2dc0f-84fd-4521-9ecc-d803f12e81ea{ip: 192.168.36.96, host: pr-hdds-2098-trunk-xjcqn-842104287, networkLocation: /default-rack, certSerialId: null}, Type:RATIS, Factor:ONE, State:CLOSED] moved to CLOSED state
2019-09-06 22:22:00,342 [main] INFO  ozoneimpl.OzoneContainer (OzoneContainer.java:stop(231)) - Attempting to stop container services.
2019-09-06 22:22:00,342 [ForkJoinPool.commonPool-worker-1] INFO  ozoneimpl.OzoneContainer (OzoneContainer.java:stop(231)) - Attempting to stop container services.
2019-09-06 22:22:00,345 [main] INFO  impl.RaftServerProxy (RaftServerProxy.java:lambda$close$4(314)) - 2cb2dc0f-84fd-4521-9ecc-d803f12e81ea: close
2019-09-06 22:22:00,345 [ForkJoinPool.commonPool-worker-1] INFO  impl.RaftServerProxy (RaftServerProxy.java:lambda$close$4(314)) - ad70433b-1210-4bb9-81f9-b06ec219c166: close
2019-09-06 22:22:00,345 [main] INFO  impl.RaftServerImpl (RaftServerImpl.java:lambda$shutdown$3(251)) - 2cb2dc0f-84fd-4521-9ecc-d803f12e81ea@group-24BA1F3C5290: shutdown
2019-09-06 22:22:00,345 [ForkJoinPool.commonPool-worker-1] INFO  impl.RaftServerImpl (RaftServerImpl.java:lambda$shutdown$3(251)) - ad70433b-1210-4bb9-81f9-b06ec219c166@group-24BA1F3C5290: shutdown
2019-09-06 22:22:00,346 [main] INFO  util.JmxRegister (JmxRegister.java:unregister(73)) - Successfully un-registered JMX Bean with object name Ratis:service=RaftServer,group=group-24BA1F3C5290,id=2cb2dc0f-84fd-4521-9ecc-d803f12e81ea
2019-09-06 22:22:00,346 [ForkJoinPool.commonPool-worker-1] INFO  util.JmxRegister (JmxRegister.java:unregister(73)) - Successfully un-registered JMX Bean with object name Ratis:service=RaftServer,group=group-24BA1F3C5290,id=ad70433b-1210-4bb9-81f9-b06ec219c166
2019-09-06 22:22:00,346 [main] INFO  impl.RoleInfo (RoleInfo.java:shutdownFollowerState(121)) - 2cb2dc0f-84fd-4521-9ecc-d803f12e81ea: shutdown FollowerState
2019-09-06 22:22:00,346 [ForkJoinPool.commonPool-worker-1] INFO  impl.RoleInfo (RoleInfo.java:shutdownFollowerState(121)) - ad70433b-1210-4bb9-81f9-b06ec219c166: shutdown FollowerState
2019-09-06 22:22:00,347 [Thread-389] INFO  impl.FollowerState (FollowerState.java:run(115)) - 2cb2dc0f-84fd-4521-9ecc-d803f12e81ea: FollowerState was interrupted: java.lang.InterruptedException: sleep interrupted
2019-09-06 22:22:00,347 [Thread-388] INFO  impl.FollowerState (FollowerState.java:run(115)) - ad70433b-1210-4bb9-81f9-b06ec219c166: FollowerState was interrupted: java.lang.InterruptedException: sleep interrupted
2019-09-06 22:22:00,347 [main] INFO  impl.StateMachineUpdater (StateMachineUpdater.java:stopAndJoin(125)) - 2cb2dc0f-84fd-4521-9ecc-d803f12e81ea@group-24BA1F3C5290-StateMachineUpdater: set stopIndex = 16
2019-09-06 22:22:00,347 [ad70433b-1210-4bb9-81f9-b06ec219c166@group-24BA1F3C5290-StateMachineUpdater] INFO  ratis.ContainerStateMachine (ContainerStateMachine.java:takeSnapshot(289)) - group-24BA1F3C5290: Taking a snapshot at:(t:2, i:16) file /workdir/hadoop-ozone/integration-test/target/test-dir/MiniOzoneClusterImpl-b49f5193-ee3f-4e8d-9086-94cc8b6e630b/datanode-1/data/ratis/1ea5e6a7-19e6-43b9-be20-24ba1f3c5290/sm/snapshot.2_16
2019-09-06 22:22:00,347 [ForkJoinPool.commonPool-worker-1] INFO  impl.StateMachineUpdater (StateMachineUpdater.java:stopAndJoin(125)) - ad70433b-1210-4bb9-81f9-b06ec219c166@group-24BA1F3C5290-StateMachineUpdater: set stopIndex = 16
2019-09-06 22:22:00,347 [2cb2dc0f-84fd-4521-9ecc-d803f12e81ea@group-24BA1F3C5290-StateMachineUpdater] INFO  ratis.ContainerStateMachine (ContainerStateMachine.java:takeSnapshot(289)) - group-24BA1F3C5290: Taking a snapshot at:(t:2, i:16) file /workdir/hadoop-ozone/integration-test/target/test-dir/MiniOzoneClusterImpl-b49f5193-ee3f-4e8d-9086-94cc8b6e630b/datanode-4/data/ratis/1ea5e6a7-19e6-43b9-be20-24ba1f3c5290/sm/snapshot.2_16
2019-09-06 22:22:00,361 [2cb2dc0f-84fd-4521-9ecc-d803f12e81ea@group-24BA1F3C5290-StateMachineUpdater] INFO  ratis.ContainerStateMachine (ContainerStateMachine.java:takeSnapshot(300)) - group-24BA1F3C5290: Finished taking a snapshot at:(t:2, i:16) file:/workdir/hadoop-ozone/integration-test/target/test-dir/MiniOzoneClusterImpl-b49f5193-ee3f-4e8d-9086-94cc8b6e630b/datanode-4/data/ratis/1ea5e6a7-19e6-43b9-be20-24ba1f3c5290/sm/snapshot.2_16 time:14
2019-09-06 22:22:00,361 [ad70433b-1210-4bb9-81f9-b06ec219c166@group-24BA1F3C5290-StateMachineUpdater] INFO  ratis.ContainerStateMachine (ContainerStateMachine.java:takeSnapshot(300)) - group-24BA1F3C5290: Finished taking a snapshot at:(t:2, i:16) file:/workdir/hadoop-ozone/integration-test/target/test-dir/MiniOzoneClusterImpl-b49f5193-ee3f-4e8d-9086-94cc8b6e630b/datanode-1/data/ratis/1ea5e6a7-19e6-43b9-be20-24ba1f3c5290/sm/snapshot.2_16 time:13
2019-09-06 22:22:00,361 [2cb2dc0f-84fd-4521-9ecc-d803f12e81ea@group-24BA1F3C5290-StateMachineUpdater] INFO  impl.StateMachineUpdater (StateMachineUpdater.java:takeSnapshot(258)) - 2cb2dc0f-84fd-4521-9ecc-d803f12e81ea@group-24BA1F3C5290-StateMachineUpdater: Took a snapshot at index 16
2019-09-06 22:22:00,362 [ad70433b-1210-4bb9-81f9-b06ec219c166@group-24BA1F3C5290-StateMachineUpdater] INFO  impl.StateMachineUpdater (StateMachineUpdater.java:takeSnapshot(258)) - ad70433b-1210-4bb9-81f9-b06ec219c166@group-24BA1F3C5290-StateMachineUpdater: Took a snapshot at index 16
2019-09-06 22:22:00,362 [2cb2dc0f-84fd-4521-9ecc-d803f12e81ea@group-24BA1F3C5290-StateMachineUpdater] INFO  impl.StateMachineUpdater (StateMachineUpdater.java:lambda$new$0(83)) - 2cb2dc0f-84fd-4521-9ecc-d803f12e81ea@group-24BA1F3C5290-StateMachineUpdater: snapshotIndex: updateIncreasingly -1 -> 16
2019-09-06 22:22:00,362 [ad70433b-1210-4bb9-81f9-b06ec219c166@group-24BA1F3C5290-StateMachineUpdater] INFO  impl.StateMachineUpdater (StateMachineUpdater.java:lambda$new$0(83)) - ad70433b-1210-4bb9-81f9-b06ec219c166@group-24BA1F3C5290-StateMachineUpdater: snapshotIndex: updateIncreasingly -1 -> 16
2019-09-06 22:22:00,363 [ForkJoinPool.commonPool-worker-1] INFO  impl.RaftServerImpl (ServerState.java:close(385)) - ad70433b-1210-4bb9-81f9-b06ec219c166@group-24BA1F3C5290: closes. applyIndex: 16
2019-09-06 22:22:00,363 [main] INFO  impl.RaftServerImpl (ServerState.java:close(385)) - 2cb2dc0f-84fd-4521-9ecc-d803f12e81ea@group-24BA1F3C5290: closes. applyIndex: 16
2019-09-06 22:22:00,364 [ad70433b-1210-4bb9-81f9-b06ec219c166@group-24BA1F3C5290-SegmentedRaftLogWorker] INFO  segmented.SegmentedRaftLogWorker (SegmentedRaftLogWorker.java:run(313)) - ad70433b-1210-4bb9-81f9-b06ec219c166@group-24BA1F3C5290-SegmentedRaftLogWorker was interrupted, exiting. There are 0 tasks remaining in the queue.
2019-09-06 22:22:00,364 [2cb2dc0f-84fd-4521-9ecc-d803f12e81ea@group-24BA1F3C5290-SegmentedRaftLogWorker] INFO  segmented.SegmentedRaftLogWorker (SegmentedRaftLogWorker.java:run(313)) - 2cb2dc0f-84fd-4521-9ecc-d803f12e81ea@group-24BA1F3C5290-SegmentedRaftLogWorker was interrupted, exiting. There are 0 tasks remaining in the queue.
2019-09-06 22:22:00,367 [main] INFO  segmented.SegmentedRaftLogWorker (SegmentedRaftLogWorker.java:close(228)) - 2cb2dc0f-84fd-4521-9ecc-d803f12e81ea@group-24BA1F3C5290-SegmentedRaftLogWorker close()
2019-09-06 22:22:00,367 [ForkJoinPool.commonPool-worker-1] INFO  segmented.SegmentedRaftLogWorker (SegmentedRaftLogWorker.java:close(228)) - ad70433b-1210-4bb9-81f9-b06ec219c166@group-24BA1F3C5290-SegmentedRaftLogWorker close()
2019-09-06 22:22:00,371 [main] INFO  impl.RaftServerImpl (RaftServerImpl.java:lambda$shutdown$3(251)) - 2cb2dc0f-84fd-4521-9ecc-d803f12e81ea@group-A04F5FDC1205: shutdown
2019-09-06 22:22:00,374 [ForkJoinPool.commonPool-worker-1] INFO  impl.RaftServerImpl (RaftServerImpl.java:lambda$shutdown$3(251)) - ad70433b-1210-4bb9-81f9-b06ec219c166@group-2DBC794D4140: shutdown
2019-09-06 22:22:00,374 [main] INFO  util.JmxRegister (JmxRegister.java:unregister(73)) - Successfully un-registered JMX Bean with object name Ratis:service=RaftServer,group=group-A04F5FDC1205,id=2cb2dc0f-84fd-4521-9ecc-d803f12e81ea
2019-09-06 22:22:00,374 [main] INFO  impl.RoleInfo (RoleInfo.java:shutdownLeaderState(104)) - 2cb2dc0f-84fd-4521-9ecc-d803f12e81ea: shutdown LeaderState
2019-09-06 22:22:00,374 [ForkJoinPool.commonPool-worker-1] INFO  util.JmxRegister (JmxRegister.java:unregister(73)) - Successfully un-registered JMX Bean with object name Ratis:service=RaftServer,group=group-2DBC794D4140,id=ad70433b-1210-4bb9-81f9-b06ec219c166
2019-09-06 22:22:00,375 [main] INFO  impl.PendingRequests (PendingRequests.java:sendNotLeaderResponses(202)) - 2cb2dc0f-84fd-4521-9ecc-d803f12e81ea-PendingRequests: sendNotLeaderResponses
2019-09-06 22:22:00,375 [ForkJoinPool.commonPool-worker-1] INFO  impl.RoleInfo (RoleInfo.java:shutdownLeaderState(104)) - ad70433b-1210-4bb9-81f9-b06ec219c166: shutdown LeaderState
2019-09-06 22:22:00,376 [main] INFO  impl.StateMachineUpdater (StateMachineUpdater.java:stopAndJoin(125)) - 2cb2dc0f-84fd-4521-9ecc-d803f12e81ea@group-A04F5FDC1205-StateMachineUpdater: set stopIndex = 0
2019-09-06 22:22:00,376 [ForkJoinPool.commonPool-worker-1] INFO  impl.PendingRequests (PendingRequests.java:sendNotLeaderResponses(202)) - ad70433b-1210-4bb9-81f9-b06ec219c166-PendingRequests: sendNotLeaderResponses
2019-09-06 22:22:00,376 [main] INFO  impl.RaftServerImpl (ServerState.java:close(385)) - 2cb2dc0f-84fd-4521-9ecc-d803f12e81ea@group-A04F5FDC1205: closes. applyIndex: 0
2019-09-06 22:22:00,377 [ForkJoinPool.commonPool-worker-1] INFO  impl.StateMachineUpdater (StateMachineUpdater.java:stopAndJoin(125)) - ad70433b-1210-4bb9-81f9-b06ec219c166@group-2DBC794D4140-StateMachineUpdater: set stopIndex = 0
2019-09-06 22:22:00,377 [ForkJoinPool.commonPool-worker-1] INFO  impl.RaftServerImpl (ServerState.java:close(385)) - ad70433b-1210-4bb9-81f9-b06ec219c166@group-2DBC794D4140: closes. applyIndex: 0
2019-09-06 22:22:00,377 [2cb2dc0f-84fd-4521-9ecc-d803f12e81ea@group-A04F5FDC1205-SegmentedRaftLogWorker] INFO  segmented.SegmentedRaftLogWorker (SegmentedRaftLogWorker.java:run(313)) - 2cb2dc0f-84fd-4521-9ecc-d803f12e81ea@group-A04F5FDC1205-SegmentedRaftLogWorker was interrupted, exiting. There are 0 tasks remaining in the queue.
2019-09-06 22:22:00,379 [ad70433b-1210-4bb9-81f9-b06ec219c166@group-2DBC794D4140-SegmentedRaftLogWorker] INFO  segmented.SegmentedRaftLogWorker (SegmentedRaftLogWorker.java:run(313)) - ad70433b-1210-4bb9-81f9-b06ec219c166@group-2DBC794D4140-SegmentedRaftLogWorker was interrupted, exiting. There are 0 tasks remaining in the queue.
2019-09-06 22:22:00,379 [main] INFO  segmented.SegmentedRaftLogWorker (SegmentedRaftLogWorker.java:close(228)) - 2cb2dc0f-84fd-4521-9ecc-d803f12e81ea@group-A04F5FDC1205-SegmentedRaftLogWorker close()
2019-09-06 22:22:00,380 [ForkJoinPool.commonPool-worker-1] INFO  segmented.SegmentedRaftLogWorker (SegmentedRaftLogWorker.java:close(228)) - ad70433b-1210-4bb9-81f9-b06ec219c166@group-2DBC794D4140-SegmentedRaftLogWorker close()
2019-09-06 22:22:00,383 [main] INFO  server.GrpcService (GrpcService.java:closeImpl(164)) - 2cb2dc0f-84fd-4521-9ecc-d803f12e81ea: shutdown server with port 41878 now
2019-09-06 22:22:00,386 [ForkJoinPool.commonPool-worker-1] INFO  server.GrpcService (GrpcService.java:closeImpl(164)) - ad70433b-1210-4bb9-81f9-b06ec219c166: shutdown server with port 32887 now
2019-09-06 22:22:00,390 [main] INFO  server.GrpcService (GrpcService.java:closeImpl(172)) - 2cb2dc0f-84fd-4521-9ecc-d803f12e81ea: shutdown server with port 41878 successfully
2019-09-06 22:22:00,390 [ForkJoinPool.commonPool-worker-1] INFO  server.GrpcService (GrpcService.java:closeImpl(172)) - ad70433b-1210-4bb9-81f9-b06ec219c166: shutdown server with port 32887 successfully
2019-09-06 22:22:00,392 [grpc-default-executor-4] WARN  server.GrpcServerProtocolService (LogUtils.java:warn(134)) - ad70433b-1210-4bb9-81f9-b06ec219c166: installSnapshot onError, lastRequest: f13d7bf8-acc3-4dce-9eab-24b819c340c4->ad70433b-1210-4bb9-81f9-b06ec219c166#47-t2, previous=(t:2, i:16), leaderCommit=16, initializing? false, entries: <empty>: org.apache.ratis.thirdparty.io.grpc.StatusRuntimeException: CANCELLED: cancelled before receiving half close
2019-09-06 22:22:00,392 [grpc-default-executor-7] WARN  server.GrpcLogAppender (LogUtils.java:warn(134)) - f13d7bf8-acc3-4dce-9eab-24b819c340c4@group-24BA1F3C5290->ad70433b-1210-4bb9-81f9-b06ec219c166-AppendLogResponseHandler: Failed appendEntries: org.apache.ratis.thirdparty.io.grpc.StatusRuntimeException: CANCELLED: HTTP/2 error code: CANCEL
Received Rst Stream
2019-09-06 22:22:00,392 [grpc-default-executor-6] WARN  server.GrpcLogAppender (LogUtils.java:warn(134)) - f13d7bf8-acc3-4dce-9eab-24b819c340c4@group-24BA1F3C5290->2cb2dc0f-84fd-4521-9ecc-d803f12e81ea-AppendLogResponseHandler: Failed appendEntries: org.apache.ratis.thirdparty.io.grpc.StatusRuntimeException: CANCELLED: HTTP/2 error code: CANCEL
Received Rst Stream
2019-09-06 22:22:00,392 [grpc-default-executor-2] WARN  server.GrpcServerProtocolService (LogUtils.java:warn(134)) - 2cb2dc0f-84fd-4521-9ecc-d803f12e81ea: installSnapshot onError, lastRequest: f13d7bf8-acc3-4dce-9eab-24b819c340c4->2cb2dc0f-84fd-4521-9ecc-d803f12e81ea#47-t2, previous=(t:2, i:16), leaderCommit=16, initializing? false, entries: <empty>: org.apache.ratis.thirdparty.io.grpc.StatusRuntimeException: CANCELLED: cancelled before receiving half close
2019-09-06 22:22:00,395 [grpc-default-executor-7] INFO  impl.FollowerInfo (FollowerInfo.java:lambda$new$0(51)) - f13d7bf8-acc3-4dce-9eab-24b819c340c4@group-24BA1F3C5290->ad70433b-1210-4bb9-81f9-b06ec219c166: nextIndex: updateUnconditionally 17 -> 16
2019-09-06 22:22:00,395 [grpc-default-executor-6] INFO  impl.FollowerInfo (FollowerInfo.java:lambda$new$0(51)) - f13d7bf8-acc3-4dce-9eab-24b819c340c4@group-24BA1F3C5290->2cb2dc0f-84fd-4521-9ecc-d803f12e81ea: nextIndex: updateUnconditionally 17 -> 16
2019-09-06 22:22:00,396 [refreshUsed-/workdir/hadoop-ozone/integration-test/target/test-dir/MiniOzoneClusterImpl-b49f5193-ee3f-4e8d-9086-94cc8b6e630b/datanode-4/data/containers] WARN  fs.CachingGetSpaceUsed (CachingGetSpaceUsed.java:run(183)) - Thread Interrupted waiting to refresh disk information: sleep interrupted
2019-09-06 22:22:00,411 [refreshUsed-/workdir/hadoop-ozone/integration-test/target/test-dir/MiniOzoneClusterImpl-b49f5193-ee3f-4e8d-9086-94cc8b6e630b/datanode-1/data/containers] WARN  fs.CachingGetSpaceUsed (CachingGetSpaceUsed.java:run(183)) - Thread Interrupted waiting to refresh disk information: sleep interrupted
2019-09-06 22:22:00,429 [ForkJoinPool.commonPool-worker-1] INFO  utils.BackgroundService (BackgroundService.java:shutdown(148)) - Shutting down service BlockDeletingService
2019-09-06 22:22:00,429 [main] INFO  utils.BackgroundService (BackgroundService.java:shutdown(148)) - Shutting down service BlockDeletingService
2019-09-06 22:22:00,433 [ForkJoinPool.commonPool-worker-1] INFO  statemachine.DatanodeStateMachine (DatanodeStateMachine.java:stopDaemon(395)) - Ozone container server stopped.
2019-09-06 22:22:00,436 [main] INFO  statemachine.DatanodeStateMachine (DatanodeStateMachine.java:stopDaemon(395)) - Ozone container server stopped.
2019-09-06 22:22:00,440 [ForkJoinPool.commonPool-worker-1] INFO  handler.ContextHandler (ContextHandler.java:doStop(910)) - Stopped o.e.j.w.WebAppContext@49faf066{/,null,UNAVAILABLE}{/hddsDatanode}
2019-09-06 22:22:00,440 [main] INFO  handler.ContextHandler (ContextHandler.java:doStop(910)) - Stopped o.e.j.w.WebAppContext@58ba5b30{/,null,UNAVAILABLE}{/hddsDatanode}
2019-09-06 22:22:00,440 [ForkJoinPool.commonPool-worker-1] INFO  server.AbstractConnector (AbstractConnector.java:doStop(318)) - Stopped ServerConnector@6f94a5a5{HTTP/1.1,[http/1.1]}{0.0.0.0:0}
2019-09-06 22:22:00,441 [main] INFO  server.AbstractConnector (AbstractConnector.java:doStop(318)) - Stopped ServerConnector@4dba773d{HTTP/1.1,[http/1.1]}{0.0.0.0:0}
2019-09-06 22:22:00,442 [ForkJoinPool.commonPool-worker-1] INFO  handler.ContextHandler (ContextHandler.java:doStop(910)) - Stopped o.e.j.s.ServletContextHandler@18d910b3{/static,jar:file:/home/user/.m2/repository/org/apache/hadoop/hadoop-hdds-container-service/0.5.0-SNAPSHOT/hadoop-hdds-container-service-0.5.0-SNAPSHOT.jar!/webapps/static,UNAVAILABLE}
2019-09-06 22:22:00,442 [main] INFO  handler.ContextHandler (ContextHandler.java:doStop(910)) - Stopped o.e.j.s.ServletContextHandler@561b7d53{/static,jar:file:/home/user/.m2/repository/org/apache/hadoop/hadoop-hdds-container-service/0.5.0-SNAPSHOT/hadoop-hdds-container-service-0.5.0-SNAPSHOT.jar!/webapps/static,UNAVAILABLE}
2019-09-06 22:22:00,443 [ForkJoinPool.commonPool-worker-1] INFO  handler.ContextHandler (ContextHandler.java:doStop(910)) - Stopped o.e.j.s.ServletContextHandler@26cb5207{/logs,file:///workdir/hadoop-ozone/integration-test/target/log,UNAVAILABLE}
2019-09-06 22:22:00,444 [main] INFO  handler.ContextHandler (ContextHandler.java:doStop(910)) - Stopped o.e.j.s.ServletContextHandler@6c0e13b7{/logs,file:///workdir/hadoop-ozone/integration-test/target/log,UNAVAILABLE}
2019-09-06 22:22:00,799 [grpc-default-executor-5] WARN  server.GrpcLogAppender (LogUtils.java:warn(134)) - f13d7bf8-acc3-4dce-9eab-24b819c340c4@group-24BA1F3C5290->2cb2dc0f-84fd-4521-9ecc-d803f12e81ea-AppendLogResponseHandler: Failed appendEntries: org.apache.ratis.thirdparty.io.grpc.StatusRuntimeException: UNAVAILABLE: io exception
2019-09-06 22:22:00,799 [grpc-default-executor-4] WARN  server.GrpcLogAppender (LogUtils.java:warn(134)) - f13d7bf8-acc3-4dce-9eab-24b819c340c4@group-24BA1F3C5290->ad70433b-1210-4bb9-81f9-b06ec219c166-AppendLogResponseHandler: Failed appendEntries: org.apache.ratis.thirdparty.io.grpc.StatusRuntimeException: UNAVAILABLE: io exception
2019-09-06 22:22:00,800 [grpc-default-executor-5] INFO  impl.FollowerInfo (FollowerInfo.java:lambda$new$0(51)) - f13d7bf8-acc3-4dce-9eab-24b819c340c4@group-24BA1F3C5290->2cb2dc0f-84fd-4521-9ecc-d803f12e81ea: nextIndex: updateUnconditionally 16 -> 15
2019-09-06 22:22:00,800 [grpc-default-executor-4] INFO  impl.FollowerInfo (FollowerInfo.java:lambda$new$0(51)) - f13d7bf8-acc3-4dce-9eab-24b819c340c4@group-24BA1F3C5290->ad70433b-1210-4bb9-81f9-b06ec219c166: nextIndex: updateUnconditionally 16 -> 15
2019-09-06 22:22:00,963 [Datanode State Machine Thread - 0] INFO  statemachine.DatanodeStateMachine (DatanodeStateMachine.java:lambda$startDaemon$0(350)) - Ozone container server started.
2019-09-06 22:22:01,104 [Datanode State Machine Thread - 0] INFO  statemachine.DatanodeStateMachine (DatanodeStateMachine.java:lambda$startDaemon$0(350)) - Ozone container server started.
2019-09-06 22:22:03,302 [grpc-default-executor-2] WARN  server.GrpcLogAppender (LogUtils.java:warn(134)) - f13d7bf8-acc3-4dce-9eab-24b819c340c4@group-24BA1F3C5290->ad70433b-1210-4bb9-81f9-b06ec219c166-AppendLogResponseHandler: Failed appendEntries: org.apache.ratis.thirdparty.io.grpc.StatusRuntimeException: UNAVAILABLE: io exception
2019-09-06 22:22:03,302 [grpc-default-executor-4] WARN  server.GrpcLogAppender (LogUtils.java:warn(134)) - f13d7bf8-acc3-4dce-9eab-24b819c340c4@group-24BA1F3C5290->2cb2dc0f-84fd-4521-9ecc-d803f12e81ea-AppendLogResponseHandler: Failed appendEntries: org.apache.ratis.thirdparty.io.grpc.StatusRuntimeException: UNAVAILABLE: io exception
2019-09-06 22:22:03,303 [grpc-default-executor-2] INFO  impl.FollowerInfo (FollowerInfo.java:lambda$new$0(51)) - f13d7bf8-acc3-4dce-9eab-24b819c340c4@group-24BA1F3C5290->ad70433b-1210-4bb9-81f9-b06ec219c166: nextIndex: updateUnconditionally 15 -> 14
2019-09-06 22:22:03,303 [grpc-default-executor-4] INFO  impl.FollowerInfo (FollowerInfo.java:lambda$new$0(51)) - f13d7bf8-acc3-4dce-9eab-24b819c340c4@group-24BA1F3C5290->2cb2dc0f-84fd-4521-9ecc-d803f12e81ea: nextIndex: updateUnconditionally 15 -> 14
2019-09-06 22:22:04,985 [EventQueue-StaleNodeForStaleNodeHandler] INFO  node.StaleNodeHandler (StaleNodeHandler.java:onMessage(58)) - Datanode f13d7bf8-acc3-4dce-9eab-24b819c340c4{ip: 192.168.36.96, host: pr-hdds-2098-trunk-xjcqn-842104287, networkLocation: /default-rack, certSerialId: null} moved to stale state. Finalizing its pipelines [PipelineID=eb5f8c2e-a87d-43bf-a908-6fedda7e2c7d, PipelineID=1ea5e6a7-19e6-43b9-be20-24ba1f3c5290]
2019-09-06 22:22:04,987 [EventQueue-StaleNodeForStaleNodeHandler] INFO  pipeline.SCMPipelineManager (SCMPipelineManager.java:finalizeAndDestroyPipeline(311)) - destroying pipeline:Pipeline[ Id: eb5f8c2e-a87d-43bf-a908-6fedda7e2c7d, Nodes: f13d7bf8-acc3-4dce-9eab-24b819c340c4{ip: 192.168.36.96, host: pr-hdds-2098-trunk-xjcqn-842104287, networkLocation: /default-rack, certSerialId: null}, Type:RATIS, Factor:ONE, State:OPEN]
2019-09-06 22:22:04,987 [EventQueue-StaleNodeForStaleNodeHandler] INFO  pipeline.PipelineStateManager (PipelineStateManager.java:finalizePipeline(123)) - Pipeline Pipeline[ Id: eb5f8c2e-a87d-43bf-a908-6fedda7e2c7d, Nodes: f13d7bf8-acc3-4dce-9eab-24b819c340c4{ip: 192.168.36.96, host: pr-hdds-2098-trunk-xjcqn-842104287, networkLocation: /default-rack, certSerialId: null}, Type:RATIS, Factor:ONE, State:CLOSED] moved to CLOSED state
2019-09-06 22:22:04,988 [EventQueue-StaleNodeForStaleNodeHandler] INFO  pipeline.SCMPipelineManager (SCMPipelineManager.java:finalizeAndDestroyPipeline(311)) - destroying pipeline:Pipeline[ Id: 1ea5e6a7-19e6-43b9-be20-24ba1f3c5290, Nodes: ad70433b-1210-4bb9-81f9-b06ec219c166{ip: 192.168.36.96, host: pr-hdds-2098-trunk-xjcqn-842104287, networkLocation: /default-rack, certSerialId: null}2cb2dc0f-84fd-4521-9ecc-d803f12e81ea{ip: 192.168.36.96, host: pr-hdds-2098-trunk-xjcqn-842104287, networkLocation: /default-rack, certSerialId: null}f13d7bf8-acc3-4dce-9eab-24b819c340c4{ip: 192.168.36.96, host: pr-hdds-2098-trunk-xjcqn-842104287, networkLocation: /default-rack, certSerialId: null}, Type:RATIS, Factor:THREE, State:CLOSED]
2019-09-06 22:22:05,185 [EventQueue-StaleNodeForStaleNodeHandler] INFO  node.StaleNodeHandler (StaleNodeHandler.java:onMessage(58)) - Datanode 5072e8e2-7bfc-44bb-b681-1eb056823a99{ip: 192.168.36.96, host: pr-hdds-2098-trunk-xjcqn-842104287, networkLocation: /default-rack, certSerialId: null} moved to stale state. Finalizing its pipelines [PipelineID=ce4cd999-01e9-4b48-9625-3aaae8ff5d7b]
2019-09-06 22:22:05,186 [EventQueue-StaleNodeForStaleNodeHandler] INFO  pipeline.SCMPipelineManager (SCMPipelineManager.java:finalizeAndDestroyPipeline(311)) - destroying pipeline:Pipeline[ Id: ce4cd999-01e9-4b48-9625-3aaae8ff5d7b, Nodes: 5072e8e2-7bfc-44bb-b681-1eb056823a99{ip: 192.168.36.96, host: pr-hdds-2098-trunk-xjcqn-842104287, networkLocation: /default-rack, certSerialId: null}, Type:RATIS, Factor:ONE, State:OPEN]
2019-09-06 22:22:05,186 [EventQueue-StaleNodeForStaleNodeHandler] INFO  pipeline.PipelineStateManager (PipelineStateManager.java:finalizePipeline(123)) - Pipeline Pipeline[ Id: ce4cd999-01e9-4b48-9625-3aaae8ff5d7b, Nodes: 5072e8e2-7bfc-44bb-b681-1eb056823a99{ip: 192.168.36.96, host: pr-hdds-2098-trunk-xjcqn-842104287, networkLocation: /default-rack, certSerialId: null}, Type:RATIS, Factor:ONE, State:CLOSED] moved to CLOSED state
2019-09-06 22:22:05,447 [main] INFO  ozoneimpl.OzoneContainer (OzoneContainer.java:stop(231)) - Attempting to stop container services.
2019-09-06 22:22:05,447 [ForkJoinPool.commonPool-worker-1] INFO  ozoneimpl.OzoneContainer (OzoneContainer.java:stop(231)) - Attempting to stop container services.
2019-09-06 22:22:05,455 [main] INFO  impl.RaftServerProxy (RaftServerProxy.java:lambda$close$4(314)) - 5072e8e2-7bfc-44bb-b681-1eb056823a99: close
2019-09-06 22:22:05,455 [ForkJoinPool.commonPool-worker-1] INFO  impl.RaftServerProxy (RaftServerProxy.java:lambda$close$4(314)) - f13d7bf8-acc3-4dce-9eab-24b819c340c4: close
2019-09-06 22:22:05,456 [main] INFO  impl.RaftServerImpl (RaftServerImpl.java:lambda$shutdown$3(251)) - 5072e8e2-7bfc-44bb-b681-1eb056823a99@group-3AAAE8FF5D7B: shutdown
2019-09-06 22:22:05,456 [ForkJoinPool.commonPool-worker-1] INFO  impl.RaftServerImpl (RaftServerImpl.java:lambda$shutdown$3(251)) - f13d7bf8-acc3-4dce-9eab-24b819c340c4@group-6FEDDA7E2C7D: shutdown
2019-09-06 22:22:05,456 [main] INFO  util.JmxRegister (JmxRegister.java:unregister(73)) - Successfully un-registered JMX Bean with object name Ratis:service=RaftServer,group=group-3AAAE8FF5D7B,id=5072e8e2-7bfc-44bb-b681-1eb056823a99
2019-09-06 22:22:05,456 [ForkJoinPool.commonPool-worker-1] INFO  util.JmxRegister (JmxRegister.java:unregister(73)) - Successfully un-registered JMX Bean with object name Ratis:service=RaftServer,group=group-6FEDDA7E2C7D,id=f13d7bf8-acc3-4dce-9eab-24b819c340c4
2019-09-06 22:22:05,457 [main] INFO  impl.RoleInfo (RoleInfo.java:shutdownLeaderState(104)) - 5072e8e2-7bfc-44bb-b681-1eb056823a99: shutdown LeaderState
2019-09-06 22:22:05,457 [ForkJoinPool.commonPool-worker-1] INFO  impl.RoleInfo (RoleInfo.java:shutdownLeaderState(104)) - f13d7bf8-acc3-4dce-9eab-24b819c340c4: shutdown LeaderState
2019-09-06 22:22:05,457 [main] INFO  impl.PendingRequests (PendingRequests.java:sendNotLeaderResponses(202)) - 5072e8e2-7bfc-44bb-b681-1eb056823a99-PendingRequests: sendNotLeaderResponses
2019-09-06 22:22:05,457 [ForkJoinPool.commonPool-worker-1] INFO  impl.PendingRequests (PendingRequests.java:sendNotLeaderResponses(202)) - f13d7bf8-acc3-4dce-9eab-24b819c340c4-PendingRequests: sendNotLeaderResponses
2019-09-06 22:22:05,458 [main] INFO  impl.StateMachineUpdater (StateMachineUpdater.java:stopAndJoin(125)) - 5072e8e2-7bfc-44bb-b681-1eb056823a99@group-3AAAE8FF5D7B-StateMachineUpdater: set stopIndex = 0
2019-09-06 22:22:05,458 [ForkJoinPool.commonPool-worker-1] INFO  impl.StateMachineUpdater (StateMachineUpdater.java:stopAndJoin(125)) - f13d7bf8-acc3-4dce-9eab-24b819c340c4@group-6FEDDA7E2C7D-StateMachineUpdater: set stopIndex = 0
2019-09-06 22:22:05,459 [main] INFO  impl.RaftServerImpl (ServerState.java:close(385)) - 5072e8e2-7bfc-44bb-b681-1eb056823a99@group-3AAAE8FF5D7B: closes. applyIndex: 0
2019-09-06 22:22:05,459 [ForkJoinPool.commonPool-worker-1] INFO  impl.RaftServerImpl (ServerState.java:close(385)) - f13d7bf8-acc3-4dce-9eab-24b819c340c4@group-6FEDDA7E2C7D: closes. applyIndex: 0
2019-09-06 22:22:05,459 [5072e8e2-7bfc-44bb-b681-1eb056823a99@group-3AAAE8FF5D7B-SegmentedRaftLogWorker] INFO  segmented.SegmentedRaftLogWorker (SegmentedRaftLogWorker.java:run(313)) - 5072e8e2-7bfc-44bb-b681-1eb056823a99@group-3AAAE8FF5D7B-SegmentedRaftLogWorker was interrupted, exiting. There are 0 tasks remaining in the queue.
2019-09-06 22:22:05,460 [f13d7bf8-acc3-4dce-9eab-24b819c340c4@group-6FEDDA7E2C7D-SegmentedRaftLogWorker] INFO  segmented.SegmentedRaftLogWorker (SegmentedRaftLogWorker.java:run(313)) - f13d7bf8-acc3-4dce-9eab-24b819c340c4@group-6FEDDA7E2C7D-SegmentedRaftLogWorker was interrupted, exiting. There are 0 tasks remaining in the queue.
2019-09-06 22:22:05,463 [main] INFO  segmented.SegmentedRaftLogWorker (SegmentedRaftLogWorker.java:close(228)) - 5072e8e2-7bfc-44bb-b681-1eb056823a99@group-3AAAE8FF5D7B-SegmentedRaftLogWorker close()
2019-09-06 22:22:05,463 [ForkJoinPool.commonPool-worker-1] INFO  segmented.SegmentedRaftLogWorker (SegmentedRaftLogWorker.java:close(228)) - f13d7bf8-acc3-4dce-9eab-24b819c340c4@group-6FEDDA7E2C7D-SegmentedRaftLogWorker close()
2019-09-06 22:22:05,464 [main] INFO  server.GrpcService (GrpcService.java:closeImpl(164)) - 5072e8e2-7bfc-44bb-b681-1eb056823a99: shutdown server with port 41305 now
2019-09-06 22:22:05,465 [ForkJoinPool.commonPool-worker-1] INFO  impl.RaftServerImpl (RaftServerImpl.java:lambda$shutdown$3(251)) - f13d7bf8-acc3-4dce-9eab-24b819c340c4@group-24BA1F3C5290: shutdown
2019-09-06 22:22:05,467 [ForkJoinPool.commonPool-worker-1] INFO  util.JmxRegister (JmxRegister.java:unregister(73)) - Successfully un-registered JMX Bean with object name Ratis:service=RaftServer,group=group-24BA1F3C5290,id=f13d7bf8-acc3-4dce-9eab-24b819c340c4
2019-09-06 22:22:05,467 [main] INFO  server.GrpcService (GrpcService.java:closeImpl(172)) - 5072e8e2-7bfc-44bb-b681-1eb056823a99: shutdown server with port 41305 successfully
2019-09-06 22:22:05,467 [ForkJoinPool.commonPool-worker-1] INFO  impl.RoleInfo (RoleInfo.java:shutdownLeaderState(104)) - f13d7bf8-acc3-4dce-9eab-24b819c340c4: shutdown LeaderState
2019-09-06 22:22:05,471 [ForkJoinPool.commonPool-worker-1] INFO  impl.PendingRequests (PendingRequests.java:sendNotLeaderResponses(202)) - f13d7bf8-acc3-4dce-9eab-24b819c340c4-PendingRequests: sendNotLeaderResponses
2019-09-06 22:22:05,471 [org.apache.ratis.server.impl.LogAppender$AppenderDaemon$$Lambda$509/101710845@3df13f84] WARN  server.GrpcLogAppender (GrpcLogAppender.java:mayWait(143)) - f13d7bf8-acc3-4dce-9eab-24b819c340c4@group-24BA1F3C5290->2cb2dc0f-84fd-4521-9ecc-d803f12e81ea-GrpcLogAppender: Wait interrupted by java.lang.InterruptedException
2019-09-06 22:22:05,471 [org.apache.ratis.server.impl.LogAppender$AppenderDaemon$$Lambda$509/101710845@11faba01] WARN  server.GrpcLogAppender (GrpcLogAppender.java:mayWait(143)) - f13d7bf8-acc3-4dce-9eab-24b819c340c4@group-24BA1F3C5290->ad70433b-1210-4bb9-81f9-b06ec219c166-GrpcLogAppender: Wait interrupted by java.lang.InterruptedException
2019-09-06 22:22:05,474 [ForkJoinPool.commonPool-worker-1] INFO  impl.StateMachineUpdater (StateMachineUpdater.java:stopAndJoin(125)) - f13d7bf8-acc3-4dce-9eab-24b819c340c4@group-24BA1F3C5290-StateMachineUpdater: set stopIndex = 16
2019-09-06 22:22:05,475 [f13d7bf8-acc3-4dce-9eab-24b819c340c4@group-24BA1F3C5290-StateMachineUpdater] INFO  ratis.ContainerStateMachine (ContainerStateMachine.java:takeSnapshot(289)) - group-24BA1F3C5290: Taking a snapshot at:(t:2, i:14) file /workdir/hadoop-ozone/integration-test/target/test-dir/MiniOzoneClusterImpl-b49f5193-ee3f-4e8d-9086-94cc8b6e630b/datanode-0/data/ratis/1ea5e6a7-19e6-43b9-be20-24ba1f3c5290/sm/snapshot.2_14
2019-09-06 22:22:05,479 [refreshUsed-/workdir/hadoop-ozone/integration-test/target/test-dir/MiniOzoneClusterImpl-b49f5193-ee3f-4e8d-9086-94cc8b6e630b/datanode-3/data/containers] WARN  fs.CachingGetSpaceUsed (CachingGetSpaceUsed.java:run(183)) - Thread Interrupted waiting to refresh disk information: sleep interrupted
2019-09-06 22:22:05,489 [f13d7bf8-acc3-4dce-9eab-24b819c340c4@group-24BA1F3C5290-StateMachineUpdater] INFO  ratis.ContainerStateMachine (ContainerStateMachine.java:takeSnapshot(300)) - group-24BA1F3C5290: Finished taking a snapshot at:(t:2, i:14) file:/workdir/hadoop-ozone/integration-test/target/test-dir/MiniOzoneClusterImpl-b49f5193-ee3f-4e8d-9086-94cc8b6e630b/datanode-0/data/ratis/1ea5e6a7-19e6-43b9-be20-24ba1f3c5290/sm/snapshot.2_14 time:14
2019-09-06 22:22:05,489 [f13d7bf8-acc3-4dce-9eab-24b819c340c4@group-24BA1F3C5290-StateMachineUpdater] INFO  impl.StateMachineUpdater (StateMachineUpdater.java:takeSnapshot(258)) - f13d7bf8-acc3-4dce-9eab-24b819c340c4@group-24BA1F3C5290-StateMachineUpdater: Took a snapshot at index 14
2019-09-06 22:22:05,489 [f13d7bf8-acc3-4dce-9eab-24b819c340c4@group-24BA1F3C5290-StateMachineUpdater] INFO  impl.StateMachineUpdater (StateMachineUpdater.java:lambda$new$0(83)) - f13d7bf8-acc3-4dce-9eab-24b819c340c4@group-24BA1F3C5290-StateMachineUpdater: snapshotIndex: updateIncreasingly -1 -> 14
2019-09-06 22:22:05,490 [f13d7bf8-acc3-4dce-9eab-24b819c340c4@group-24BA1F3C5290-StateMachineUpdater] INFO  ratis.ContainerStateMachine (ContainerStateMachine.java:takeSnapshot(289)) - group-24BA1F3C5290: Taking a snapshot at:(t:2, i:14) file /workdir/hadoop-ozone/integration-test/target/test-dir/MiniOzoneClusterImpl-b49f5193-ee3f-4e8d-9086-94cc8b6e630b/datanode-0/data/ratis/1ea5e6a7-19e6-43b9-be20-24ba1f3c5290/sm/snapshot.2_14
2019-09-06 22:22:05,496 [main] INFO  utils.BackgroundService (BackgroundService.java:shutdown(148)) - Shutting down service BlockDeletingService
2019-09-06 22:22:05,501 [main] INFO  statemachine.DatanodeStateMachine (DatanodeStateMachine.java:stopDaemon(395)) - Ozone container server stopped.
2019-09-06 22:22:05,502 [main] INFO  handler.ContextHandler (ContextHandler.java:doStop(910)) - Stopped o.e.j.w.WebAppContext@1716e8c5{/,null,UNAVAILABLE}{/hddsDatanode}
2019-09-06 22:22:05,502 [f13d7bf8-acc3-4dce-9eab-24b819c340c4@group-24BA1F3C5290-StateMachineUpdater] INFO  ratis.ContainerStateMachine (ContainerStateMachine.java:takeSnapshot(300)) - group-24BA1F3C5290: Finished taking a snapshot at:(t:2, i:14) file:/workdir/hadoop-ozone/integration-test/target/test-dir/MiniOzoneClusterImpl-b49f5193-ee3f-4e8d-9086-94cc8b6e630b/datanode-0/data/ratis/1ea5e6a7-19e6-43b9-be20-24ba1f3c5290/sm/snapshot.2_14 time:12
2019-09-06 22:22:05,502 [f13d7bf8-acc3-4dce-9eab-24b819c340c4@group-24BA1F3C5290-StateMachineUpdater] INFO  impl.StateMachineUpdater (StateMachineUpdater.java:takeSnapshot(258)) - f13d7bf8-acc3-4dce-9eab-24b819c340c4@group-24BA1F3C5290-StateMachineUpdater: Took a snapshot at index 14
2019-09-06 22:22:05,502 [f13d7bf8-acc3-4dce-9eab-24b819c340c4@group-24BA1F3C5290-StateMachineUpdater] INFO  impl.StateMachineUpdater (StateMachineUpdater.java:lambda$new$0(83)) - f13d7bf8-acc3-4dce-9eab-24b819c340c4@group-24BA1F3C5290-StateMachineUpdater: snapshotIndex: updateIncreasingly 14 -> 14
2019-09-06 22:22:05,503 [main] INFO  server.AbstractConnector (AbstractConnector.java:doStop(318)) - Stopped ServerConnector@6573d2f7{HTTP/1.1,[http/1.1]}{0.0.0.0:0}
2019-09-06 22:22:05,503 [ForkJoinPool.commonPool-worker-1] INFO  impl.RaftServerImpl (ServerState.java:close(385)) - f13d7bf8-acc3-4dce-9eab-24b819c340c4@group-24BA1F3C5290: closes. applyIndex: 16
2019-09-06 22:22:05,503 [main] INFO  handler.ContextHandler (ContextHandler.java:doStop(910)) - Stopped o.e.j.s.ServletContextHandler@27d33393{/static,jar:file:/home/user/.m2/repository/org/apache/hadoop/hadoop-hdds-container-service/0.5.0-SNAPSHOT/hadoop-hdds-container-service-0.5.0-SNAPSHOT.jar!/webapps/static,UNAVAILABLE}
2019-09-06 22:22:05,503 [f13d7bf8-acc3-4dce-9eab-24b819c340c4@group-24BA1F3C5290-SegmentedRaftLogWorker] INFO  segmented.SegmentedRaftLogWorker (SegmentedRaftLogWorker.java:run(313)) - f13d7bf8-acc3-4dce-9eab-24b819c340c4@group-24BA1F3C5290-SegmentedRaftLogWorker was interrupted, exiting. There are 0 tasks remaining in the queue.
2019-09-06 22:22:05,504 [main] INFO  handler.ContextHandler (ContextHandler.java:doStop(910)) - Stopped o.e.j.s.ServletContextHandler@53b7ce6{/logs,file:///workdir/hadoop-ozone/integration-test/target/log,UNAVAILABLE}
2019-09-06 22:22:05,504 [ForkJoinPool.commonPool-worker-1] INFO  segmented.SegmentedRaftLogWorker (SegmentedRaftLogWorker.java:close(228)) - f13d7bf8-acc3-4dce-9eab-24b819c340c4@group-24BA1F3C5290-SegmentedRaftLogWorker close()
2019-09-06 22:22:05,505 [ForkJoinPool.commonPool-worker-1] INFO  server.GrpcService (GrpcService.java:closeImpl(164)) - f13d7bf8-acc3-4dce-9eab-24b819c340c4: shutdown server with port 35732 now
2019-09-06 22:22:05,507 [grpc-default-executor-2] WARN  client.GrpcClientProtocolService (LogUtils.java:warn(134)) - 1-UnorderedRequestStreamObserver1: onError: org.apache.ratis.thirdparty.io.grpc.StatusRuntimeException: CANCELLED: cancelled before receiving half close
2019-09-06 22:22:05,507 [ForkJoinPool.commonPool-worker-1] INFO  server.GrpcService (GrpcService.java:closeImpl(172)) - f13d7bf8-acc3-4dce-9eab-24b819c340c4: shutdown server with port 35732 successfully
2019-09-06 22:22:05,511 [refreshUsed-/workdir/hadoop-ozone/integration-test/target/test-dir/MiniOzoneClusterImpl-b49f5193-ee3f-4e8d-9086-94cc8b6e630b/datanode-0/data/containers] WARN  fs.CachingGetSpaceUsed (CachingGetSpaceUsed.java:run(183)) - Thread Interrupted waiting to refresh disk information: sleep interrupted
2019-09-06 22:22:05,523 [ForkJoinPool.commonPool-worker-1] INFO  utils.BackgroundService (BackgroundService.java:shutdown(148)) - Shutting down service BlockDeletingService
2019-09-06 22:22:05,526 [ForkJoinPool.commonPool-worker-1] INFO  statemachine.DatanodeStateMachine (DatanodeStateMachine.java:stopDaemon(395)) - Ozone container server stopped.
2019-09-06 22:22:05,529 [ForkJoinPool.commonPool-worker-1] INFO  handler.ContextHandler (ContextHandler.java:doStop(910)) - Stopped o.e.j.w.WebAppContext@7a0e7ecd{/,null,UNAVAILABLE}{/hddsDatanode}
2019-09-06 22:22:05,529 [ForkJoinPool.commonPool-worker-1] INFO  server.AbstractConnector (AbstractConnector.java:doStop(318)) - Stopped ServerConnector@54e3658c{HTTP/1.1,[http/1.1]}{0.0.0.0:0}
2019-09-06 22:22:05,530 [ForkJoinPool.commonPool-worker-1] INFO  handler.ContextHandler (ContextHandler.java:doStop(910)) - Stopped o.e.j.s.ServletContextHandler@6069dd38{/static,jar:file:/home/user/.m2/repository/org/apache/hadoop/hadoop-hdds-container-service/0.5.0-SNAPSHOT/hadoop-hdds-container-service-0.5.0-SNAPSHOT.jar!/webapps/static,UNAVAILABLE}
2019-09-06 22:22:05,531 [ForkJoinPool.commonPool-worker-1] INFO  handler.ContextHandler (ContextHandler.java:doStop(910)) - Stopped o.e.j.s.ServletContextHandler@46c269e0{/logs,file:///workdir/hadoop-ozone/integration-test/target/log,UNAVAILABLE}
2019-09-06 22:22:06,444 [Datanode State Machine Thread - 0] INFO  statemachine.DatanodeStateMachine (DatanodeStateMachine.java:lambda$startDaemon$0(350)) - Ozone container server started.
2019-09-06 22:22:10,495 [EventQueue-StaleNodeForStaleNodeHandler] INFO  node.StaleNodeHandler (StaleNodeHandler.java:onMessage(58)) - Datanode 42d29a8d-ec6e-4d7b-90f4-90463a45c878{ip: 192.168.36.96, host: pr-hdds-2098-trunk-xjcqn-842104287, networkLocation: /default-rack, certSerialId: null} moved to stale state. Finalizing its pipelines [PipelineID=dcaf15fd-916a-49c7-91f7-6f2b0bce3a0c]
2019-09-06 22:22:10,497 [EventQueue-StaleNodeForStaleNodeHandler] INFO  pipeline.SCMPipelineManager (SCMPipelineManager.java:finalizeAndDestroyPipeline(311)) - destroying pipeline:Pipeline[ Id: dcaf15fd-916a-49c7-91f7-6f2b0bce3a0c, Nodes: 42d29a8d-ec6e-4d7b-90f4-90463a45c878{ip: 192.168.36.96, host: pr-hdds-2098-trunk-xjcqn-842104287, networkLocation: /default-rack, certSerialId: null}, Type:RATIS, Factor:ONE, State:OPEN]
2019-09-06 22:22:10,497 [EventQueue-StaleNodeForStaleNodeHandler] INFO  pipeline.PipelineStateManager (PipelineStateManager.java:finalizePipeline(123)) - Pipeline Pipeline[ Id: dcaf15fd-916a-49c7-91f7-6f2b0bce3a0c, Nodes: 42d29a8d-ec6e-4d7b-90f4-90463a45c878{ip: 192.168.36.96, host: pr-hdds-2098-trunk-xjcqn-842104287, networkLocation: /default-rack, certSerialId: null}, Type:RATIS, Factor:ONE, State:CLOSED] moved to CLOSED state
2019-09-06 22:22:10,508 [main] INFO  ozoneimpl.OzoneContainer (OzoneContainer.java:stop(231)) - Attempting to stop container services.
2019-09-06 22:22:10,510 [main] INFO  impl.RaftServerProxy (RaftServerProxy.java:lambda$close$4(314)) - 42d29a8d-ec6e-4d7b-90f4-90463a45c878: close
2019-09-06 22:22:10,511 [main] INFO  impl.RaftServerImpl (RaftServerImpl.java:lambda$shutdown$3(251)) - 42d29a8d-ec6e-4d7b-90f4-90463a45c878@group-6F2B0BCE3A0C: shutdown
2019-09-06 22:22:10,512 [main] INFO  util.JmxRegister (JmxRegister.java:unregister(73)) - Successfully un-registered JMX Bean with object name Ratis:service=RaftServer,group=group-6F2B0BCE3A0C,id=42d29a8d-ec6e-4d7b-90f4-90463a45c878
2019-09-06 22:22:10,512 [main] INFO  impl.RoleInfo (RoleInfo.java:shutdownLeaderState(104)) - 42d29a8d-ec6e-4d7b-90f4-90463a45c878: shutdown LeaderState
2019-09-06 22:22:10,513 [main] INFO  impl.PendingRequests (PendingRequests.java:sendNotLeaderResponses(202)) - 42d29a8d-ec6e-4d7b-90f4-90463a45c878-PendingRequests: sendNotLeaderResponses
2019-09-06 22:22:10,514 [main] INFO  impl.StateMachineUpdater (StateMachineUpdater.java:stopAndJoin(125)) - 42d29a8d-ec6e-4d7b-90f4-90463a45c878@group-6F2B0BCE3A0C-StateMachineUpdater: set stopIndex = 0
2019-09-06 22:22:10,514 [main] INFO  impl.RaftServerImpl (ServerState.java:close(385)) - 42d29a8d-ec6e-4d7b-90f4-90463a45c878@group-6F2B0BCE3A0C: closes. applyIndex: 0
2019-09-06 22:22:10,515 [42d29a8d-ec6e-4d7b-90f4-90463a45c878@group-6F2B0BCE3A0C-SegmentedRaftLogWorker] INFO  segmented.SegmentedRaftLogWorker (SegmentedRaftLogWorker.java:run(313)) - 42d29a8d-ec6e-4d7b-90f4-90463a45c878@group-6F2B0BCE3A0C-SegmentedRaftLogWorker was interrupted, exiting. There are 0 tasks remaining in the queue.
2019-09-06 22:22:10,516 [main] INFO  segmented.SegmentedRaftLogWorker (SegmentedRaftLogWorker.java:close(228)) - 42d29a8d-ec6e-4d7b-90f4-90463a45c878@group-6F2B0BCE3A0C-SegmentedRaftLogWorker close()
2019-09-06 22:22:10,520 [main] INFO  server.GrpcService (GrpcService.java:closeImpl(164)) - 42d29a8d-ec6e-4d7b-90f4-90463a45c878: shutdown server with port 45962 now
2019-09-06 22:22:10,521 [main] INFO  server.GrpcService (GrpcService.java:closeImpl(172)) - 42d29a8d-ec6e-4d7b-90f4-90463a45c878: shutdown server with port 45962 successfully
2019-09-06 22:22:10,729 [refreshUsed-/workdir/hadoop-ozone/integration-test/target/test-dir/MiniOzoneClusterImpl-b49f5193-ee3f-4e8d-9086-94cc8b6e630b/datanode-5/data/containers] WARN  fs.CachingGetSpaceUsed (CachingGetSpaceUsed.java:run(183)) - Thread Interrupted waiting to refresh disk information: sleep interrupted
2019-09-06 22:22:10,753 [main] INFO  utils.BackgroundService (BackgroundService.java:shutdown(148)) - Shutting down service BlockDeletingService
2019-09-06 22:22:10,756 [main] INFO  statemachine.DatanodeStateMachine (DatanodeStateMachine.java:stopDaemon(395)) - Ozone container server stopped.
2019-09-06 22:22:10,758 [main] INFO  handler.ContextHandler (ContextHandler.java:doStop(910)) - Stopped o.e.j.w.WebAppContext@3d7fb838{/,null,UNAVAILABLE}{/hddsDatanode}
2019-09-06 22:22:10,759 [main] INFO  server.AbstractConnector (AbstractConnector.java:doStop(318)) - Stopped ServerConnector@1c26273d{HTTP/1.1,[http/1.1]}{0.0.0.0:0}
2019-09-06 22:22:10,759 [main] INFO  handler.ContextHandler (ContextHandler.java:doStop(910)) - Stopped o.e.j.s.ServletContextHandler@51d387d3{/static,jar:file:/home/user/.m2/repository/org/apache/hadoop/hadoop-hdds-container-service/0.5.0-SNAPSHOT/hadoop-hdds-container-service-0.5.0-SNAPSHOT.jar!/webapps/static,UNAVAILABLE}
2019-09-06 22:22:10,759 [main] INFO  handler.ContextHandler (ContextHandler.java:doStop(910)) - Stopped o.e.j.s.ServletContextHandler@ccf91df{/logs,file:///workdir/hadoop-ozone/integration-test/target/log,UNAVAILABLE}
2019-09-06 22:22:10,761 [main] INFO  ozone.MiniOzoneClusterImpl (MiniOzoneClusterImpl.java:stop(339)) - Stopping the StorageContainerManager
2019-09-06 22:22:10,761 [main] INFO  server.StorageContainerManager (StorageContainerManager.java:stop(797)) - Stopping Replication Manager Service.
2019-09-06 22:22:10,761 [main] INFO  container.ReplicationManager (ReplicationManager.java:stop(203)) - Stopping Replication Monitor Thread.
2019-09-06 22:22:10,761 [main] INFO  server.StorageContainerManager (StorageContainerManager.java:stop(804)) - Stopping Lease Manager of the command watchers
2019-09-06 22:22:10,762 [main] INFO  server.StorageContainerManager (StorageContainerManager.java:stop(811)) - Stopping datanode service RPC server
2019-09-06 22:22:10,762 [main] INFO  server.SCMDatanodeProtocolServer (SCMDatanodeProtocolServer.java:stop(367)) - Stopping the RPC server for DataNodes
2019-09-06 22:22:10,762 [main] INFO  ipc.Server (Server.java:stop(3082)) - Stopping server on 39639
2019-09-06 22:22:10,762 [IPC Server listener on 39639] INFO  ipc.Server (Server.java:run(1185)) - Stopping IPC Server listener on 39639
2019-09-06 22:22:10,763 [IPC Server Responder] INFO  ipc.Server (Server.java:run(1319)) - Stopping IPC Server Responder
2019-09-06 22:22:10,857 [SCM Heartbeat Processing Thread - 0] WARN  node.NodeStateManager (NodeStateManager.java:scheduleNextHealthCheck(646)) - Current Thread is interrupted, shutting down HB processing thread for Node Manager.
2019-09-06 22:22:10,857 [main] INFO  server.StorageContainerManager (StorageContainerManager.java:stop(819)) - Stopping block service RPC server
2019-09-06 22:22:10,858 [main] INFO  server.SCMBlockProtocolServer (SCMBlockProtocolServer.java:stop(155)) - Stopping the RPC server for Block Protocol
2019-09-06 22:22:10,858 [main] INFO  ipc.Server (Server.java:stop(3082)) - Stopping server on 36804
2019-09-06 22:22:10,860 [IPC Server listener on 36804] INFO  ipc.Server (Server.java:run(1185)) - Stopping IPC Server listener on 36804
2019-09-06 22:22:10,860 [main] INFO  server.StorageContainerManager (StorageContainerManager.java:stop(826)) - Stopping the StorageContainerLocationProtocol RPC server
2019-09-06 22:22:10,860 [IPC Server Responder] INFO  ipc.Server (Server.java:run(1319)) - Stopping IPC Server Responder
2019-09-06 22:22:10,860 [main] INFO  server.SCMClientProtocolServer (SCMClientProtocolServer.java:stop(159)) - Stopping the RPC server for Client Protocol
2019-09-06 22:22:10,861 [main] INFO  ipc.Server (Server.java:stop(3082)) - Stopping server on 39542
2019-09-06 22:22:10,863 [IPC Server listener on 39542] INFO  ipc.Server (Server.java:run(1185)) - Stopping IPC Server listener on 39542
2019-09-06 22:22:10,863 [main] INFO  server.StorageContainerManager (StorageContainerManager.java:stop(833)) - Stopping Storage Container Manager HTTP server.
2019-09-06 22:22:10,863 [IPC Server Responder] INFO  ipc.Server (Server.java:run(1319)) - Stopping IPC Server Responder
2019-09-06 22:22:10,864 [main] INFO  handler.ContextHandler (ContextHandler.java:doStop(910)) - Stopped o.e.j.w.WebAppContext@7555b920{/,null,UNAVAILABLE}{/scm}
2019-09-06 22:22:10,864 [main] INFO  server.AbstractConnector (AbstractConnector.java:doStop(318)) - Stopped ServerConnector@6db66836{HTTP/1.1,[http/1.1]}{0.0.0.0:0}
2019-09-06 22:22:10,865 [main] INFO  handler.ContextHandler (ContextHandler.java:doStop(910)) - Stopped o.e.j.s.ServletContextHandler@6622fc65{/static,file:///workdir/hadoop-ozone/integration-test/target/test-classes/webapps/static,UNAVAILABLE}
2019-09-06 22:22:10,865 [main] INFO  handler.ContextHandler (ContextHandler.java:doStop(910)) - Stopped o.e.j.s.ServletContextHandler@732f29af{/logs,file:///workdir/hadoop-ozone/integration-test/target/log,UNAVAILABLE}
2019-09-06 22:22:10,866 [main] INFO  server.StorageContainerManager (StorageContainerManager.java:stop(844)) - Stopping Block Manager Service.
2019-09-06 22:22:10,866 [main] INFO  utils.BackgroundService (BackgroundService.java:shutdown(148)) - Shutting down service SCMBlockDeletingService
2019-09-06 22:22:10,866 [main] INFO  utils.BackgroundService (BackgroundService.java:shutdown(148)) - Shutting down service SCMBlockDeletingService
2019-09-06 22:22:10,867 [main] INFO  server.StorageContainerManager (StorageContainerManager.java:stop(866)) - Stopping SCM Event Queue.
2019-09-06 22:22:10,874 [main] INFO  impl.MetricsSystemImpl (MetricsSystemImpl.java:stop(210)) - Stopping XceiverClientMetrics metrics system...
2019-09-06 22:22:10,883 [prometheus] INFO  impl.MetricsSinkAdapter (MetricsSinkAdapter.java:publishMetricsFromQueue(141)) - prometheus thread interrupted.
2019-09-06 22:22:10,884 [main] INFO  impl.MetricsSystemImpl (MetricsSystemImpl.java:stop(216)) - XceiverClientMetrics metrics system stopped.
]]></system-out>
    <system-err><![CDATA[ERROR StatusLogger No Log4j 2 configuration file found. Using default configuration (logging only errors to the console), or user programmatically provided configurations. Set system property 'log4j2.debug' to show Log4j 2 internal initialization logging. See https://logging.apache.org/log4j/2.x/manual/configuration.html for instructions on how to configure Log4j 2
Sep 06, 2019 10:22:00 PM org.apache.ratis.thirdparty.io.grpc.internal.SerializingExecutor run
SEVERE: Exception while executing runnable org.apache.ratis.thirdparty.io.grpc.internal.ServerImpl$JumpToApplicationThreadServerStreamListener$1Closed@e9c0140
org.apache.ratis.thirdparty.io.grpc.StatusRuntimeException: CANCELLED: call already cancelled
	at org.apache.ratis.thirdparty.io.grpc.Status.asRuntimeException(Status.java:517)
	at org.apache.ratis.thirdparty.io.grpc.stub.ServerCalls$ServerCallStreamObserverImpl.onCompleted(ServerCalls.java:356)
	at org.apache.ratis.grpc.server.GrpcServerProtocolService$ServerRequestStreamObserver.onError(GrpcServerProtocolService.java:121)
	at org.apache.ratis.thirdparty.io.grpc.stub.ServerCalls$StreamingServerCallHandler$StreamingServerCallListener.onCancel(ServerCalls.java:269)
	at org.apache.ratis.thirdparty.io.grpc.internal.ServerCallImpl$ServerStreamListenerImpl.closed(ServerCallImpl.java:293)
	at org.apache.ratis.thirdparty.io.grpc.internal.ServerImpl$JumpToApplicationThreadServerStreamListener$1Closed.runInContext(ServerImpl.java:741)
	at org.apache.ratis.thirdparty.io.grpc.internal.ContextRunnable.run(ContextRunnable.java:37)
	at org.apache.ratis.thirdparty.io.grpc.internal.SerializingExecutor.run(SerializingExecutor.java:123)
	at java.util.concurrent.ThreadPoolExecutor.runWorker(ThreadPoolExecutor.java:1149)
	at java.util.concurrent.ThreadPoolExecutor$Worker.run(ThreadPoolExecutor.java:624)
	at java.lang.Thread.run(Thread.java:748)

Sep 06, 2019 10:22:00 PM org.apache.ratis.thirdparty.io.grpc.internal.SerializingExecutor run
SEVERE: Exception while executing runnable org.apache.ratis.thirdparty.io.grpc.internal.ServerImpl$JumpToApplicationThreadServerStreamListener$1Closed@38ddd4d3
org.apache.ratis.thirdparty.io.grpc.StatusRuntimeException: CANCELLED: call already cancelled
	at org.apache.ratis.thirdparty.io.grpc.Status.asRuntimeException(Status.java:517)
	at org.apache.ratis.thirdparty.io.grpc.stub.ServerCalls$ServerCallStreamObserverImpl.onCompleted(ServerCalls.java:356)
	at org.apache.ratis.grpc.server.GrpcServerProtocolService$ServerRequestStreamObserver.onError(GrpcServerProtocolService.java:121)
	at org.apache.ratis.thirdparty.io.grpc.stub.ServerCalls$StreamingServerCallHandler$StreamingServerCallListener.onCancel(ServerCalls.java:269)
	at org.apache.ratis.thirdparty.io.grpc.internal.ServerCallImpl$ServerStreamListenerImpl.closed(ServerCallImpl.java:293)
	at org.apache.ratis.thirdparty.io.grpc.internal.ServerImpl$JumpToApplicationThreadServerStreamListener$1Closed.runInContext(ServerImpl.java:741)
	at org.apache.ratis.thirdparty.io.grpc.internal.ContextRunnable.run(ContextRunnable.java:37)
	at org.apache.ratis.thirdparty.io.grpc.internal.SerializingExecutor.run(SerializingExecutor.java:123)
	at java.util.concurrent.ThreadPoolExecutor.runWorker(ThreadPoolExecutor.java:1149)
	at java.util.concurrent.ThreadPoolExecutor$Worker.run(ThreadPoolExecutor.java:624)
	at java.lang.Thread.run(Thread.java:748)

]]></system-err>
  </testcase>
  <testcase name="testDatanodeFailureWithPreAllocation" classname="org.apache.hadoop.ozone.client.rpc.TestBlockOutputStreamWithFailures" time="224.118"/>
  <testcase name="testDatanodeFailureWithSingleNodeRatis" classname="org.apache.hadoop.ozone.client.rpc.TestBlockOutputStreamWithFailures" time="223.094"/>
  <testcase name="testWatchForCommitWithSingleNodeRatis" classname="org.apache.hadoop.ozone.client.rpc.TestBlockOutputStreamWithFailures" time="34.87"/>
  <testcase name="testWatchForCommitDatanodeFailure" classname="org.apache.hadoop.ozone.client.rpc.TestBlockOutputStreamWithFailures" time="33.454"/>
  <testcase name="testFailureWithPrimeSizedData" classname="org.apache.hadoop.ozone.client.rpc.TestBlockOutputStreamWithFailures" time="33.339"/>
  <testcase name="testWatchForCommitWithCloseContainerException" classname="org.apache.hadoop.ozone.client.rpc.TestBlockOutputStreamWithFailures" time="33.576"/>
  <testcase name="testExceptionDuringClose" classname="org.apache.hadoop.ozone.client.rpc.TestBlockOutputStreamWithFailures" time="33.559"/>
</testsuite>