<?xml version="1.0" encoding="UTF-8"?>
<testsuite xmlns:xsi="http://www.w3.org/2001/XMLSchema-instance" xsi:noNamespaceSchemaLocation="https://maven.apache.org/surefire/maven-surefire-plugin/xsd/surefire-test-report.xsd" name="org.apache.hadoop.ozone.client.rpc.TestBlockOutputStreamWithFailures" time="748.605" tests="8" errors="0" skipped="0" failures="1">
  <properties>
    <property name="awt.toolkit" value="sun.awt.X11.XToolkit"/>
    <property name="file.encoding.pkg" value="sun.io"/>
    <property name="java.specification.version" value="1.8"/>
    <property name="sun.cpu.isalist" value=""/>
    <property name="sun.jnu.encoding" value="UTF-8"/>
    <property name="java.class.path" value="/workdir/hadoop-ozone/integration-test/target/test-classes:/workdir/hadoop-ozone/integration-test/target/classes:/home/user/.m2/repository/org/apache/hadoop/hadoop-ozone-common/0.5.0-SNAPSHOT/hadoop-ozone-common-0.5.0-SNAPSHOT.jar:/home/user/.m2/repository/org/apache/commons/commons-compress/1.4.1/commons-compress-1.4.1.jar:/home/user/.m2/repository/org/tukaani/xz/1.0/xz-1.0.jar:/home/user/.m2/repository/org/apache/hadoop/hadoop-common/3.2.0/hadoop-common-3.2.0.jar:/home/user/.m2/repository/org/apache/hadoop/hadoop-hdfs/3.2.0/hadoop-hdfs-3.2.0.jar:/home/user/.m2/repository/org/apache/hadoop/hadoop-hdfs-client/3.2.0/hadoop-hdfs-client-3.2.0.jar:/home/user/.m2/repository/com/fasterxml/jackson/core/jackson-annotations/2.9.5/jackson-annotations-2.9.5.jar:/home/user/.m2/repository/org/apache/hadoop/hadoop-hdds-common/0.5.0-SNAPSHOT/hadoop-hdds-common-0.5.0-SNAPSHOT.jar:/home/user/.m2/repository/javax/annotation/javax.annotation-api/1.2/javax.annotation-api-1.2.jar:/home/user/.m2/repository/org/apache/ratis/ratis-server/0.4.0-78e95b9-SNAPSHOT/ratis-server-0.4.0-78e95b9-SNAPSHOT.jar:/home/user/.m2/repository/org/apache/ratis/ratis-thirdparty-misc/0.2.0/ratis-thirdparty-misc-0.2.0.jar:/home/user/.m2/repository/org/apache/ratis/ratis-proto/0.4.0-78e95b9-SNAPSHOT/ratis-proto-0.4.0-78e95b9-SNAPSHOT.jar:/home/user/.m2/repository/org/apache/ratis/ratis-common/0.4.0-78e95b9-SNAPSHOT/ratis-common-0.4.0-78e95b9-SNAPSHOT.jar:/home/user/.m2/repository/org/apache/ratis/ratis-client/0.4.0-78e95b9-SNAPSHOT/ratis-client-0.4.0-78e95b9-SNAPSHOT.jar:/home/user/.m2/repository/org/apache/ratis/ratis-metrics/0.4.0-78e95b9-SNAPSHOT/ratis-metrics-0.4.0-78e95b9-SNAPSHOT.jar:/home/user/.m2/repository/com/github/joshelser/dropwizard-metrics-hadoop-metrics2-reporter/0.1.2/dropwizard-metrics-hadoop-metrics2-reporter-0.1.2.jar:/home/user/.m2/repository/io/dropwizard/metrics/metrics-jvm/3.2.5/metrics-jvm-3.2.5.jar:/home/user/.m2/repository/io/dropwizard/metrics/metrics-ganglia/3.2.5/metrics-ganglia-3.2.5.jar:/home/user/.m2/repository/info/ganglia/gmetric4j/gmetric4j/1.0.7/gmetric4j-1.0.7.jar:/home/user/.m2/repository/org/apache/ratis/ratis-netty/0.4.0-78e95b9-SNAPSHOT/ratis-netty-0.4.0-78e95b9-SNAPSHOT.jar:/home/user/.m2/repository/org/apache/ratis/ratis-grpc/0.4.0-78e95b9-SNAPSHOT/ratis-grpc-0.4.0-78e95b9-SNAPSHOT.jar:/home/user/.m2/repository/org/rocksdb/rocksdbjni/6.0.1/rocksdbjni-6.0.1.jar:/home/user/.m2/repository/org/apache/logging/log4j/log4j-api/2.11.0/log4j-api-2.11.0.jar:/home/user/.m2/repository/org/apache/logging/log4j/log4j-core/2.11.0/log4j-core-2.11.0.jar:/home/user/.m2/repository/com/lmax/disruptor/3.4.2/disruptor-3.4.2.jar:/home/user/.m2/repository/org/apache/commons/commons-pool2/2.6.0/commons-pool2-2.6.0.jar:/home/user/.m2/repository/org/bouncycastle/bcpkix-jdk15on/1.60/bcpkix-jdk15on-1.60.jar:/home/user/.m2/repository/commons-validator/commons-validator/1.6/commons-validator-1.6.jar:/home/user/.m2/repository/commons-digester/commons-digester/1.8.1/commons-digester-1.8.1.jar:/home/user/.m2/repository/io/jaegertracing/jaeger-client/0.33.1/jaeger-client-0.33.1.jar:/home/user/.m2/repository/io/jaegertracing/jaeger-thrift/0.33.1/jaeger-thrift-0.33.1.jar:/home/user/.m2/repository/org/apache/thrift/libthrift/0.11.0/libthrift-0.11.0.jar:/home/user/.m2/repository/com/squareup/okhttp3/okhttp/3.9.0/okhttp-3.9.0.jar:/home/user/.m2/repository/com/squareup/okio/okio/1.13.0/okio-1.13.0.jar:/home/user/.m2/repository/io/jaegertracing/jaeger-core/0.33.1/jaeger-core-0.33.1.jar:/home/user/.m2/repository/io/jaegertracing/jaeger-tracerresolver/0.33.1/jaeger-tracerresolver-0.33.1.jar:/home/user/.m2/repository/io/opentracing/contrib/opentracing-tracerresolver/0.1.5/opentracing-tracerresolver-0.1.5.jar:/home/user/.m2/repository/io/opentracing/opentracing-util/0.31.0/opentracing-util-0.31.0.jar:/home/user/.m2/repository/io/opentracing/opentracing-api/0.31.0/opentracing-api-0.31.0.jar:/home/user/.m2/repository/io/opentracing/opentracing-noop/0.31.0/opentracing-noop-0.31.0.jar:/home/user/.m2/repository/org/apache/hadoop/hadoop-hdds-server-framework/0.5.0-SNAPSHOT/hadoop-hdds-server-framework-0.5.0-SNAPSHOT.jar:/home/user/.m2/repository/org/apache/hadoop/hadoop-hdds-container-service/0.5.0-SNAPSHOT/hadoop-hdds-container-service-0.5.0-SNAPSHOT.jar:/home/user/.m2/repository/org/apache/hadoop/hadoop-hdds-client/0.5.0-SNAPSHOT/hadoop-hdds-client-0.5.0-SNAPSHOT.jar:/home/user/.m2/repository/org/apache/hadoop/hadoop-hdds-tools/0.5.0-SNAPSHOT/hadoop-hdds-tools-0.5.0-SNAPSHOT.jar:/home/user/.m2/repository/org/apache/hadoop/hadoop-hdds-server-scm/0.5.0-SNAPSHOT/hadoop-hdds-server-scm-0.5.0-SNAPSHOT.jar:/home/user/.m2/repository/org/apache/hadoop/hadoop-hdds-docs/0.5.0-SNAPSHOT/hadoop-hdds-docs-0.5.0-SNAPSHOT.jar:/home/user/.m2/repository/io/dropwizard/metrics/metrics-core/3.2.4/metrics-core-3.2.4.jar:/home/user/.m2/repository/org/hamcrest/hamcrest-all/1.3/hamcrest-all-1.3.jar:/home/user/.m2/repository/org/bouncycastle/bcprov-jdk15on/1.60/bcprov-jdk15on-1.60.jar:/home/user/.m2/repository/info/picocli/picocli/3.9.6/picocli-3.9.6.jar:/home/user/.m2/repository/com/google/protobuf/protobuf-java/2.5.0/protobuf-java-2.5.0.jar:/home/user/.m2/repository/com/google/guava/guava/11.0.2/guava-11.0.2.jar:/home/user/.m2/repository/org/apache/hadoop/hadoop-ozone-ozone-manager/0.5.0-SNAPSHOT/hadoop-ozone-ozone-manager-0.5.0-SNAPSHOT.jar:/home/user/.m2/repository/org/apache/hadoop/hadoop-minikdc/3.2.0/hadoop-minikdc-3.2.0.jar:/home/user/.m2/repository/commons-io/commons-io/2.5/commons-io-2.5.jar:/home/user/.m2/repository/org/apache/kerby/kerb-simplekdc/1.0.1/kerb-simplekdc-1.0.1.jar:/home/user/.m2/repository/org/apache/kerby/kerb-client/1.0.1/kerb-client-1.0.1.jar:/home/user/.m2/repository/org/apache/kerby/kerby-config/1.0.1/kerby-config-1.0.1.jar:/home/user/.m2/repository/org/apache/kerby/kerb-core/1.0.1/kerb-core-1.0.1.jar:/home/user/.m2/repository/org/apache/kerby/kerby-pkix/1.0.1/kerby-pkix-1.0.1.jar:/home/user/.m2/repository/org/apache/kerby/kerby-asn1/1.0.1/kerby-asn1-1.0.1.jar:/home/user/.m2/repository/org/apache/kerby/kerby-util/1.0.1/kerby-util-1.0.1.jar:/home/user/.m2/repository/org/apache/kerby/kerb-common/1.0.1/kerb-common-1.0.1.jar:/home/user/.m2/repository/org/apache/kerby/kerb-crypto/1.0.1/kerb-crypto-1.0.1.jar:/home/user/.m2/repository/org/apache/kerby/kerb-util/1.0.1/kerb-util-1.0.1.jar:/home/user/.m2/repository/org/apache/kerby/token-provider/1.0.1/token-provider-1.0.1.jar:/home/user/.m2/repository/org/apache/kerby/kerb-admin/1.0.1/kerb-admin-1.0.1.jar:/home/user/.m2/repository/org/apache/kerby/kerb-server/1.0.1/kerb-server-1.0.1.jar:/home/user/.m2/repository/org/apache/kerby/kerb-identity/1.0.1/kerb-identity-1.0.1.jar:/home/user/.m2/repository/org/apache/kerby/kerby-xdr/1.0.1/kerby-xdr-1.0.1.jar:/home/user/.m2/repository/org/slf4j/slf4j-log4j12/1.7.25/slf4j-log4j12-1.7.25.jar:/home/user/.m2/repository/org/apache/hadoop/hadoop-ozone-s3gateway/0.5.0-SNAPSHOT/hadoop-ozone-s3gateway-0.5.0-SNAPSHOT.jar:/home/user/.m2/repository/org/jboss/weld/servlet/weld-servlet/2.4.7.Final/weld-servlet-2.4.7.Final.jar:/home/user/.m2/repository/org/glassfish/jersey/containers/jersey-container-servlet-core/2.27/jersey-container-servlet-core-2.27.jar:/home/user/.m2/repository/org/glassfish/hk2/external/javax.inject/2.5.0-b42/javax.inject-2.5.0-b42.jar:/home/user/.m2/repository/org/glassfish/jersey/core/jersey-common/2.27/jersey-common-2.27.jar:/home/user/.m2/repository/org/glassfish/hk2/osgi-resource-locator/1.0.1/osgi-resource-locator-1.0.1.jar:/home/user/.m2/repository/javax/ws/rs/javax.ws.rs-api/2.1/javax.ws.rs-api-2.1.jar:/home/user/.m2/repository/org/glassfish/jersey/ext/cdi/jersey-cdi1x/2.27/jersey-cdi1x-2.27.jar:/home/user/.m2/repository/org/glassfish/jersey/inject/jersey-hk2/2.27/jersey-hk2-2.27.jar:/home/user/.m2/repository/org/glassfish/hk2/hk2-locator/2.5.0-b42/hk2-locator-2.5.0-b42.jar:/home/user/.m2/repository/org/javassist/javassist/3.22.0-CR2/javassist-3.22.0-CR2.jar:/home/user/.m2/repository/org/glassfish/hk2/hk2-api/2.5.0/hk2-api-2.5.0.jar:/home/user/.m2/repository/org/glassfish/hk2/external/jakarta.inject/2.5.0/jakarta.inject-2.5.0.jar:/home/user/.m2/repository/org/glassfish/hk2/hk2-utils/2.5.0/hk2-utils-2.5.0.jar:/home/user/.m2/repository/jakarta/annotation/jakarta.annotation-api/1.3.4/jakarta.annotation-api-1.3.4.jar:/home/user/.m2/repository/org/glassfish/hk2/external/aopalliance-repackaged/2.5.0/aopalliance-repackaged-2.5.0.jar:/home/user/.m2/repository/com/fasterxml/jackson/dataformat/jackson-dataformat-xml/2.9.0/jackson-dataformat-xml-2.9.0.jar:/home/user/.m2/repository/com/fasterxml/jackson/core/jackson-core/2.9.5/jackson-core-2.9.5.jar:/home/user/.m2/repository/com/fasterxml/jackson/module/jackson-module-jaxb-annotations/2.9.5/jackson-module-jaxb-annotations-2.9.5.jar:/home/user/.m2/repository/javax/enterprise/cdi-api/1.2/cdi-api-1.2.jar:/home/user/.m2/repository/javax/el/javax.el-api/3.0.0/javax.el-api-3.0.0.jar:/home/user/.m2/repository/javax/interceptor/javax.interceptor-api/1.2/javax.interceptor-api-1.2.jar:/home/user/.m2/repository/javax/inject/javax.inject/1/javax.inject-1.jar:/home/user/.m2/repository/com/sun/xml/bind/jaxb-impl/2.3.0.1/jaxb-impl-2.3.0.1.jar:/home/user/.m2/repository/com/sun/xml/bind/jaxb-core/2.3.0.1/jaxb-core-2.3.0.1.jar:/home/user/.m2/repository/javax/xml/bind/jaxb-api/2.3.0/jaxb-api-2.3.0.jar:/home/user/.m2/repository/javax/activation/activation/1.1.1/activation-1.1.1.jar:/home/user/.m2/repository/org/apache/hadoop/hadoop-ozone-csi/0.5.0-SNAPSHOT/hadoop-ozone-csi-0.5.0-SNAPSHOT.jar:/home/user/.m2/repository/com/google/protobuf/protobuf-java-util/3.5.1/protobuf-java-util-3.5.1.jar:/home/user/.m2/repository/org/apache/hadoop/hadoop-hdds-config/0.5.0-SNAPSHOT/hadoop-hdds-config-0.5.0-SNAPSHOT.jar:/home/user/.m2/repository/io/grpc/grpc-netty/1.17.1/grpc-netty-1.17.1.jar:/home/user/.m2/repository/io/grpc/grpc-core/1.17.1/grpc-core-1.17.1.jar:/home/user/.m2/repository/io/grpc/grpc-context/1.17.1/grpc-context-1.17.1.jar:/home/user/.m2/repository/com/google/errorprone/error_prone_annotations/2.2.0/error_prone_annotations-2.2.0.jar:/home/user/.m2/repository/org/codehaus/mojo/animal-sniffer-annotations/1.17/animal-sniffer-annotations-1.17.jar:/home/user/.m2/repository/io/opencensus/opencensus-api/0.17.0/opencensus-api-0.17.0.jar:/home/user/.m2/repository/io/opencensus/opencensus-contrib-grpc-metrics/0.17.0/opencensus-contrib-grpc-metrics-0.17.0.jar:/home/user/.m2/repository/io/netty/netty-codec-http2/4.1.30.Final/netty-codec-http2-4.1.30.Final.jar:/home/user/.m2/repository/io/netty/netty-codec-http/4.1.30.Final/netty-codec-http-4.1.30.Final.jar:/home/user/.m2/repository/io/netty/netty-codec/4.1.30.Final/netty-codec-4.1.30.Final.jar:/home/user/.m2/repository/io/netty/netty-handler/4.1.30.Final/netty-handler-4.1.30.Final.jar:/home/user/.m2/repository/io/netty/netty-handler-proxy/4.1.30.Final/netty-handler-proxy-4.1.30.Final.jar:/home/user/.m2/repository/io/netty/netty-codec-socks/4.1.30.Final/netty-codec-socks-4.1.30.Final.jar:/home/user/.m2/repository/io/netty/netty-transport-native-epoll/4.1.30.Final/netty-transport-native-epoll-4.1.30.Final.jar:/home/user/.m2/repository/io/netty/netty-common/4.1.30.Final/netty-common-4.1.30.Final.jar:/home/user/.m2/repository/io/netty/netty-buffer/4.1.30.Final/netty-buffer-4.1.30.Final.jar:/home/user/.m2/repository/io/netty/netty-transport/4.1.30.Final/netty-transport-4.1.30.Final.jar:/home/user/.m2/repository/io/netty/netty-resolver/4.1.30.Final/netty-resolver-4.1.30.Final.jar:/home/user/.m2/repository/io/netty/netty-transport-native-unix-common/4.1.30.Final/netty-transport-native-unix-common-4.1.30.Final.jar:/home/user/.m2/repository/io/grpc/grpc-protobuf/1.17.1/grpc-protobuf-1.17.1.jar:/home/user/.m2/repository/com/google/api/grpc/proto-google-common-protos/1.0.0/proto-google-common-protos-1.0.0.jar:/home/user/.m2/repository/io/grpc/grpc-protobuf-lite/1.17.1/grpc-protobuf-lite-1.17.1.jar:/home/user/.m2/repository/io/grpc/grpc-stub/1.17.1/grpc-stub-1.17.1.jar:/home/user/.m2/repository/org/apache/hadoop/hadoop-ozone-recon/0.5.0-SNAPSHOT/hadoop-ozone-recon-0.5.0-SNAPSHOT.jar:/home/user/.m2/repository/org/apache/hadoop/hadoop-ozone-reconcodegen/0.5.0-SNAPSHOT/hadoop-ozone-reconcodegen-0.5.0-SNAPSHOT.jar:/home/user/.m2/repository/com/google/inject/extensions/guice-multibindings/4.0/guice-multibindings-4.0.jar:/home/user/.m2/repository/com/google/inject/guice/4.0/guice-4.0.jar:/home/user/.m2/repository/aopalliance/aopalliance/1.0/aopalliance-1.0.jar:/home/user/.m2/repository/com/google/inject/extensions/guice-servlet/4.0/guice-servlet-4.0.jar:/home/user/.m2/repository/org/glassfish/jersey/containers/jersey-container-servlet/2.27/jersey-container-servlet-2.27.jar:/home/user/.m2/repository/org/glassfish/hk2/guice-bridge/2.5.0/guice-bridge-2.5.0.jar:/home/user/.m2/repository/org/glassfish/jersey/core/jersey-server/2.27/jersey-server-2.27.jar:/home/user/.m2/repository/org/glassfish/jersey/core/jersey-client/2.27/jersey-client-2.27.jar:/home/user/.m2/repository/org/glassfish/jersey/media/jersey-media-jaxb/2.27/jersey-media-jaxb-2.27.jar:/home/user/.m2/repository/javax/validation/validation-api/1.1.0.Final/validation-api-1.1.0.Final.jar:/home/user/.m2/repository/org/glassfish/jersey/media/jersey-media-json-jackson/2.27/jersey-media-json-jackson-2.27.jar:/home/user/.m2/repository/org/glassfish/jersey/ext/jersey-entity-filtering/2.27/jersey-entity-filtering-2.27.jar:/home/user/.m2/repository/com/google/inject/extensions/guice-assistedinject/4.0/guice-assistedinject-4.0.jar:/home/user/.m2/repository/org/jooq/jooq/3.11.10/jooq-3.11.10.jar:/home/user/.m2/repository/org/jooq/jooq-meta/3.11.10/jooq-meta-3.11.10.jar:/home/user/.m2/repository/org/jooq/jooq-codegen/3.11.10/jooq-codegen-3.11.10.jar:/home/user/.m2/repository/com/jolbox/bonecp/0.8.0.RELEASE/bonecp-0.8.0.RELEASE.jar:/home/user/.m2/repository/org/xerial/sqlite-jdbc/3.25.2/sqlite-jdbc-3.25.2.jar:/home/user/.m2/repository/org/springframework/spring-jdbc/5.1.3.RELEASE/spring-jdbc-5.1.3.RELEASE.jar:/home/user/.m2/repository/org/springframework/spring-beans/5.1.3.RELEASE/spring-beans-5.1.3.RELEASE.jar:/home/user/.m2/repository/org/springframework/spring-core/5.1.3.RELEASE/spring-core-5.1.3.RELEASE.jar:/home/user/.m2/repository/org/springframework/spring-jcl/5.1.3.RELEASE/spring-jcl-5.1.3.RELEASE.jar:/home/user/.m2/repository/org/springframework/spring-tx/5.1.3.RELEASE/spring-tx-5.1.3.RELEASE.jar:/home/user/.m2/repository/org/apache/hadoop/hadoop-ozone-client/0.5.0-SNAPSHOT/hadoop-ozone-client-0.5.0-SNAPSHOT.jar:/home/user/.m2/repository/commons-lang/commons-lang/2.6/commons-lang-2.6.jar:/home/user/.m2/repository/org/apache/hadoop/hadoop-ozone-ozone-manager/0.5.0-SNAPSHOT/hadoop-ozone-ozone-manager-0.5.0-SNAPSHOT-tests.jar:/home/user/.m2/repository/junit/junit/4.11/junit-4.11.jar:/home/user/.m2/repository/org/hamcrest/hamcrest-core/1.3/hamcrest-core-1.3.jar:/home/user/.m2/repository/org/openjdk/jmh/jmh-core/1.19/jmh-core-1.19.jar:/home/user/.m2/repository/net/sf/jopt-simple/jopt-simple/4.6/jopt-simple-4.6.jar:/home/user/.m2/repository/org/apache/commons/commons-math3/3.1.1/commons-math3-3.1.1.jar:/home/user/.m2/repository/org/openjdk/jmh/jmh-generator-annprocess/1.19/jmh-generator-annprocess-1.19.jar:/home/user/.m2/repository/org/mockito/mockito-all/1.8.5/mockito-all-1.8.5.jar:/home/user/.m2/repository/org/apache/hadoop/hadoop-kms/3.2.0/hadoop-kms-3.2.0.jar:/home/user/.m2/repository/org/apache/hadoop/hadoop-auth/3.2.0/hadoop-auth-3.2.0.jar:/home/user/.m2/repository/com/nimbusds/nimbus-jose-jwt/4.41.1/nimbus-jose-jwt-4.41.1.jar:/home/user/.m2/repository/com/github/stephenc/jcip/jcip-annotations/1.0-1/jcip-annotations-1.0-1.jar:/home/user/.m2/repository/net/minidev/json-smart/2.3/json-smart-2.3.jar:/home/user/.m2/repository/net/minidev/accessors-smart/1.2/accessors-smart-1.2.jar:/home/user/.m2/repository/org/ow2/asm/asm/5.0.4/asm-5.0.4.jar:/home/user/.m2/repository/org/apache/curator/curator-framework/2.12.0/curator-framework-2.12.0.jar:/home/user/.m2/repository/com/sun/jersey/jersey-core/1.19/jersey-core-1.19.jar:/home/user/.m2/repository/javax/ws/rs/jsr311-api/1.1.1/jsr311-api-1.1.1.jar:/home/user/.m2/repository/com/sun/jersey/jersey-server/1.19/jersey-server-1.19.jar:/home/user/.m2/repository/javax/servlet/javax.servlet-api/3.1.0/javax.servlet-api-3.1.0.jar:/home/user/.m2/repository/org/eclipse/jetty/jetty-server/9.3.24.v20180605/jetty-server-9.3.24.v20180605.jar:/home/user/.m2/repository/org/eclipse/jetty/jetty-http/9.3.24.v20180605/jetty-http-9.3.24.v20180605.jar:/home/user/.m2/repository/org/eclipse/jetty/jetty-io/9.3.24.v20180605/jetty-io-9.3.24.v20180605.jar:/home/user/.m2/repository/org/eclipse/jetty/jetty-webapp/9.3.24.v20180605/jetty-webapp-9.3.24.v20180605.jar:/home/user/.m2/repository/org/eclipse/jetty/jetty-xml/9.3.24.v20180605/jetty-xml-9.3.24.v20180605.jar:/home/user/.m2/repository/log4j/log4j/1.2.17/log4j-1.2.17.jar:/home/user/.m2/repository/org/slf4j/slf4j-api/1.7.25/slf4j-api-1.7.25.jar:/home/user/.m2/repository/org/slf4j/jul-to-slf4j/1.7.25/jul-to-slf4j-1.7.25.jar:/home/user/.m2/repository/org/eclipse/jetty/jetty-util/9.3.24.v20180605/jetty-util-9.3.24.v20180605.jar:/home/user/.m2/repository/com/fasterxml/jackson/core/jackson-databind/2.9.5/jackson-databind-2.9.5.jar:/home/user/.m2/repository/org/apache/hadoop/hadoop-kms/3.2.0/hadoop-kms-3.2.0-tests.jar:/home/user/.m2/repository/org/apache/hadoop/hadoop-hdds-server-scm/0.5.0-SNAPSHOT/hadoop-hdds-server-scm-0.5.0-SNAPSHOT-tests.jar:/home/user/.m2/repository/org/apache/hadoop/hadoop-hdds-container-service/0.5.0-SNAPSHOT/hadoop-hdds-container-service-0.5.0-SNAPSHOT-tests.jar:/home/user/.m2/repository/org/yaml/snakeyaml/1.16/snakeyaml-1.16.jar:/home/user/.m2/repository/org/apache/hadoop/hadoop-common/3.2.0/hadoop-common-3.2.0-tests.jar:/home/user/.m2/repository/org/apache/hadoop/hadoop-annotations/3.2.0/hadoop-annotations-3.2.0.jar:/usr/lib/jvm/java-1.8-openjdk/jre/../lib/tools.jar:/home/user/.m2/repository/commons-cli/commons-cli/1.2/commons-cli-1.2.jar:/home/user/.m2/repository/org/apache/httpcomponents/httpclient/4.5.2/httpclient-4.5.2.jar:/home/user/.m2/repository/org/apache/httpcomponents/httpcore/4.4.4/httpcore-4.4.4.jar:/home/user/.m2/repository/commons-codec/commons-codec/1.11/commons-codec-1.11.jar:/home/user/.m2/repository/commons-net/commons-net/3.6/commons-net-3.6.jar:/home/user/.m2/repository/commons-collections/commons-collections/3.2.2/commons-collections-3.2.2.jar:/home/user/.m2/repository/org/eclipse/jetty/jetty-servlet/9.3.24.v20180605/jetty-servlet-9.3.24.v20180605.jar:/home/user/.m2/repository/org/eclipse/jetty/jetty-security/9.3.24.v20180605/jetty-security-9.3.24.v20180605.jar:/home/user/.m2/repository/javax/servlet/jsp/jsp-api/2.1/jsp-api-2.1.jar:/home/user/.m2/repository/com/sun/jersey/jersey-servlet/1.19/jersey-servlet-1.19.jar:/home/user/.m2/repository/com/sun/jersey/jersey-json/1.19/jersey-json-1.19.jar:/home/user/.m2/repository/org/codehaus/jettison/jettison/1.1/jettison-1.1.jar:/home/user/.m2/repository/org/codehaus/jackson/jackson-core-asl/1.9.13/jackson-core-asl-1.9.13.jar:/home/user/.m2/repository/org/codehaus/jackson/jackson-mapper-asl/1.9.13/jackson-mapper-asl-1.9.13.jar:/home/user/.m2/repository/org/codehaus/jackson/jackson-jaxrs/1.9.13/jackson-jaxrs-1.9.13.jar:/home/user/.m2/repository/org/codehaus/jackson/jackson-xc/1.9.13/jackson-xc-1.9.13.jar:/home/user/.m2/repository/commons-logging/commons-logging/1.1.3/commons-logging-1.1.3.jar:/home/user/.m2/repository/commons-beanutils/commons-beanutils/1.9.3/commons-beanutils-1.9.3.jar:/home/user/.m2/repository/org/apache/commons/commons-configuration2/2.1.1/commons-configuration2-2.1.1.jar:/home/user/.m2/repository/org/apache/commons/commons-lang3/3.7/commons-lang3-3.7.jar:/home/user/.m2/repository/org/apache/commons/commons-text/1.4/commons-text-1.4.jar:/home/user/.m2/repository/org/apache/avro/avro/1.7.7/avro-1.7.7.jar:/home/user/.m2/repository/com/thoughtworks/paranamer/paranamer/2.3/paranamer-2.3.jar:/home/user/.m2/repository/org/xerial/snappy/snappy-java/1.0.5/snappy-java-1.0.5.jar:/home/user/.m2/repository/com/google/re2j/re2j/1.1/re2j-1.1.jar:/home/user/.m2/repository/com/google/code/gson/gson/2.2.4/gson-2.2.4.jar:/home/user/.m2/repository/com/jcraft/jsch/0.1.54/jsch-0.1.54.jar:/home/user/.m2/repository/org/apache/curator/curator-client/2.12.0/curator-client-2.12.0.jar:/home/user/.m2/repository/org/apache/curator/curator-recipes/2.12.0/curator-recipes-2.12.0.jar:/home/user/.m2/repository/com/google/code/findbugs/jsr305/3.0.0/jsr305-3.0.0.jar:/home/user/.m2/repository/org/apache/htrace/htrace-core4/4.1.0-incubating/htrace-core4-4.1.0-incubating.jar:/home/user/.m2/repository/org/apache/zookeeper/zookeeper/3.4.13/zookeeper-3.4.13.jar:/home/user/.m2/repository/org/apache/yetus/audience-annotations/0.5.0/audience-annotations-0.5.0.jar:/home/user/.m2/repository/org/codehaus/woodstox/stax2-api/3.1.4/stax2-api-3.1.4.jar:/home/user/.m2/repository/com/fasterxml/woodstox/woodstox-core/5.0.3/woodstox-core-5.0.3.jar:/home/user/.m2/repository/dnsjava/dnsjava/2.1.7/dnsjava-2.1.7.jar:/home/user/.m2/repository/org/apache/hadoop/hadoop-hdfs/3.2.0/hadoop-hdfs-3.2.0-tests.jar:/home/user/.m2/repository/org/eclipse/jetty/jetty-util-ajax/9.3.24.v20180605/jetty-util-ajax-9.3.24.v20180605.jar:/home/user/.m2/repository/commons-daemon/commons-daemon/1.0.13/commons-daemon-1.0.13.jar:/home/user/.m2/repository/io/netty/netty/3.10.5.Final/netty-3.10.5.Final.jar:/home/user/.m2/repository/io/netty/netty-all/4.0.52.Final/netty-all-4.0.52.Final.jar:/home/user/.m2/repository/org/fusesource/leveldbjni/leveldbjni-all/1.8/leveldbjni-all-1.8.jar:"/>
    <property name="java.vm.vendor" value="IcedTea"/>
    <property name="sun.arch.data.model" value="64"/>
    <property name="test.build.dir" value="/workdir/hadoop-ozone/integration-test/target/test-dir"/>
    <property name="test.cache.data" value=""/>
    <property name="java.vendor.url" value="https://icedtea.classpath.org"/>
    <property name="user.timezone" value=""/>
    <property name="java.vm.specification.version" value="1.8"/>
    <property name="os.name" value="Linux"/>
    <property name="test.build.data" value="/workdir/hadoop-ozone/integration-test/target/test-dir"/>
    <property name="user.country" value="US"/>
    <property name="sun.java.launcher" value="SUN_STANDARD"/>
    <property name="sun.boot.library.path" value="/usr/lib/jvm/java-1.8-openjdk/jre/lib/amd64"/>
    <property name="sun.java.command" value="/workdir/hadoop-ozone/integration-test/target/surefire/surefirebooter8931607892842528519.jar /workdir/hadoop-ozone/integration-test/target/surefire 2019-09-17T12-38-41_942-jvmRun1 surefire935404554639828610tmp surefire_382297689173896276658tmp"/>
    <property name="test" value="!TestMiniChaosOzoneCluster"/>
    <property name="surefire.test.class.path" value="/workdir/hadoop-ozone/integration-test/target/test-classes:/workdir/hadoop-ozone/integration-test/target/classes:/home/user/.m2/repository/org/apache/hadoop/hadoop-ozone-common/0.5.0-SNAPSHOT/hadoop-ozone-common-0.5.0-SNAPSHOT.jar:/home/user/.m2/repository/org/apache/commons/commons-compress/1.4.1/commons-compress-1.4.1.jar:/home/user/.m2/repository/org/tukaani/xz/1.0/xz-1.0.jar:/home/user/.m2/repository/org/apache/hadoop/hadoop-common/3.2.0/hadoop-common-3.2.0.jar:/home/user/.m2/repository/org/apache/hadoop/hadoop-hdfs/3.2.0/hadoop-hdfs-3.2.0.jar:/home/user/.m2/repository/org/apache/hadoop/hadoop-hdfs-client/3.2.0/hadoop-hdfs-client-3.2.0.jar:/home/user/.m2/repository/com/fasterxml/jackson/core/jackson-annotations/2.9.5/jackson-annotations-2.9.5.jar:/home/user/.m2/repository/org/apache/hadoop/hadoop-hdds-common/0.5.0-SNAPSHOT/hadoop-hdds-common-0.5.0-SNAPSHOT.jar:/home/user/.m2/repository/javax/annotation/javax.annotation-api/1.2/javax.annotation-api-1.2.jar:/home/user/.m2/repository/org/apache/ratis/ratis-server/0.4.0-78e95b9-SNAPSHOT/ratis-server-0.4.0-78e95b9-SNAPSHOT.jar:/home/user/.m2/repository/org/apache/ratis/ratis-thirdparty-misc/0.2.0/ratis-thirdparty-misc-0.2.0.jar:/home/user/.m2/repository/org/apache/ratis/ratis-proto/0.4.0-78e95b9-SNAPSHOT/ratis-proto-0.4.0-78e95b9-SNAPSHOT.jar:/home/user/.m2/repository/org/apache/ratis/ratis-common/0.4.0-78e95b9-SNAPSHOT/ratis-common-0.4.0-78e95b9-SNAPSHOT.jar:/home/user/.m2/repository/org/apache/ratis/ratis-client/0.4.0-78e95b9-SNAPSHOT/ratis-client-0.4.0-78e95b9-SNAPSHOT.jar:/home/user/.m2/repository/org/apache/ratis/ratis-metrics/0.4.0-78e95b9-SNAPSHOT/ratis-metrics-0.4.0-78e95b9-SNAPSHOT.jar:/home/user/.m2/repository/com/github/joshelser/dropwizard-metrics-hadoop-metrics2-reporter/0.1.2/dropwizard-metrics-hadoop-metrics2-reporter-0.1.2.jar:/home/user/.m2/repository/io/dropwizard/metrics/metrics-jvm/3.2.5/metrics-jvm-3.2.5.jar:/home/user/.m2/repository/io/dropwizard/metrics/metrics-ganglia/3.2.5/metrics-ganglia-3.2.5.jar:/home/user/.m2/repository/info/ganglia/gmetric4j/gmetric4j/1.0.7/gmetric4j-1.0.7.jar:/home/user/.m2/repository/org/apache/ratis/ratis-netty/0.4.0-78e95b9-SNAPSHOT/ratis-netty-0.4.0-78e95b9-SNAPSHOT.jar:/home/user/.m2/repository/org/apache/ratis/ratis-grpc/0.4.0-78e95b9-SNAPSHOT/ratis-grpc-0.4.0-78e95b9-SNAPSHOT.jar:/home/user/.m2/repository/org/rocksdb/rocksdbjni/6.0.1/rocksdbjni-6.0.1.jar:/home/user/.m2/repository/org/apache/logging/log4j/log4j-api/2.11.0/log4j-api-2.11.0.jar:/home/user/.m2/repository/org/apache/logging/log4j/log4j-core/2.11.0/log4j-core-2.11.0.jar:/home/user/.m2/repository/com/lmax/disruptor/3.4.2/disruptor-3.4.2.jar:/home/user/.m2/repository/org/apache/commons/commons-pool2/2.6.0/commons-pool2-2.6.0.jar:/home/user/.m2/repository/org/bouncycastle/bcpkix-jdk15on/1.60/bcpkix-jdk15on-1.60.jar:/home/user/.m2/repository/commons-validator/commons-validator/1.6/commons-validator-1.6.jar:/home/user/.m2/repository/commons-digester/commons-digester/1.8.1/commons-digester-1.8.1.jar:/home/user/.m2/repository/io/jaegertracing/jaeger-client/0.33.1/jaeger-client-0.33.1.jar:/home/user/.m2/repository/io/jaegertracing/jaeger-thrift/0.33.1/jaeger-thrift-0.33.1.jar:/home/user/.m2/repository/org/apache/thrift/libthrift/0.11.0/libthrift-0.11.0.jar:/home/user/.m2/repository/com/squareup/okhttp3/okhttp/3.9.0/okhttp-3.9.0.jar:/home/user/.m2/repository/com/squareup/okio/okio/1.13.0/okio-1.13.0.jar:/home/user/.m2/repository/io/jaegertracing/jaeger-core/0.33.1/jaeger-core-0.33.1.jar:/home/user/.m2/repository/io/jaegertracing/jaeger-tracerresolver/0.33.1/jaeger-tracerresolver-0.33.1.jar:/home/user/.m2/repository/io/opentracing/contrib/opentracing-tracerresolver/0.1.5/opentracing-tracerresolver-0.1.5.jar:/home/user/.m2/repository/io/opentracing/opentracing-util/0.31.0/opentracing-util-0.31.0.jar:/home/user/.m2/repository/io/opentracing/opentracing-api/0.31.0/opentracing-api-0.31.0.jar:/home/user/.m2/repository/io/opentracing/opentracing-noop/0.31.0/opentracing-noop-0.31.0.jar:/home/user/.m2/repository/org/apache/hadoop/hadoop-hdds-server-framework/0.5.0-SNAPSHOT/hadoop-hdds-server-framework-0.5.0-SNAPSHOT.jar:/home/user/.m2/repository/org/apache/hadoop/hadoop-hdds-container-service/0.5.0-SNAPSHOT/hadoop-hdds-container-service-0.5.0-SNAPSHOT.jar:/home/user/.m2/repository/org/apache/hadoop/hadoop-hdds-client/0.5.0-SNAPSHOT/hadoop-hdds-client-0.5.0-SNAPSHOT.jar:/home/user/.m2/repository/org/apache/hadoop/hadoop-hdds-tools/0.5.0-SNAPSHOT/hadoop-hdds-tools-0.5.0-SNAPSHOT.jar:/home/user/.m2/repository/org/apache/hadoop/hadoop-hdds-server-scm/0.5.0-SNAPSHOT/hadoop-hdds-server-scm-0.5.0-SNAPSHOT.jar:/home/user/.m2/repository/org/apache/hadoop/hadoop-hdds-docs/0.5.0-SNAPSHOT/hadoop-hdds-docs-0.5.0-SNAPSHOT.jar:/home/user/.m2/repository/io/dropwizard/metrics/metrics-core/3.2.4/metrics-core-3.2.4.jar:/home/user/.m2/repository/org/hamcrest/hamcrest-all/1.3/hamcrest-all-1.3.jar:/home/user/.m2/repository/org/bouncycastle/bcprov-jdk15on/1.60/bcprov-jdk15on-1.60.jar:/home/user/.m2/repository/info/picocli/picocli/3.9.6/picocli-3.9.6.jar:/home/user/.m2/repository/com/google/protobuf/protobuf-java/2.5.0/protobuf-java-2.5.0.jar:/home/user/.m2/repository/com/google/guava/guava/11.0.2/guava-11.0.2.jar:/home/user/.m2/repository/org/apache/hadoop/hadoop-ozone-ozone-manager/0.5.0-SNAPSHOT/hadoop-ozone-ozone-manager-0.5.0-SNAPSHOT.jar:/home/user/.m2/repository/org/apache/hadoop/hadoop-minikdc/3.2.0/hadoop-minikdc-3.2.0.jar:/home/user/.m2/repository/commons-io/commons-io/2.5/commons-io-2.5.jar:/home/user/.m2/repository/org/apache/kerby/kerb-simplekdc/1.0.1/kerb-simplekdc-1.0.1.jar:/home/user/.m2/repository/org/apache/kerby/kerb-client/1.0.1/kerb-client-1.0.1.jar:/home/user/.m2/repository/org/apache/kerby/kerby-config/1.0.1/kerby-config-1.0.1.jar:/home/user/.m2/repository/org/apache/kerby/kerb-core/1.0.1/kerb-core-1.0.1.jar:/home/user/.m2/repository/org/apache/kerby/kerby-pkix/1.0.1/kerby-pkix-1.0.1.jar:/home/user/.m2/repository/org/apache/kerby/kerby-asn1/1.0.1/kerby-asn1-1.0.1.jar:/home/user/.m2/repository/org/apache/kerby/kerby-util/1.0.1/kerby-util-1.0.1.jar:/home/user/.m2/repository/org/apache/kerby/kerb-common/1.0.1/kerb-common-1.0.1.jar:/home/user/.m2/repository/org/apache/kerby/kerb-crypto/1.0.1/kerb-crypto-1.0.1.jar:/home/user/.m2/repository/org/apache/kerby/kerb-util/1.0.1/kerb-util-1.0.1.jar:/home/user/.m2/repository/org/apache/kerby/token-provider/1.0.1/token-provider-1.0.1.jar:/home/user/.m2/repository/org/apache/kerby/kerb-admin/1.0.1/kerb-admin-1.0.1.jar:/home/user/.m2/repository/org/apache/kerby/kerb-server/1.0.1/kerb-server-1.0.1.jar:/home/user/.m2/repository/org/apache/kerby/kerb-identity/1.0.1/kerb-identity-1.0.1.jar:/home/user/.m2/repository/org/apache/kerby/kerby-xdr/1.0.1/kerby-xdr-1.0.1.jar:/home/user/.m2/repository/org/slf4j/slf4j-log4j12/1.7.25/slf4j-log4j12-1.7.25.jar:/home/user/.m2/repository/org/apache/hadoop/hadoop-ozone-s3gateway/0.5.0-SNAPSHOT/hadoop-ozone-s3gateway-0.5.0-SNAPSHOT.jar:/home/user/.m2/repository/org/jboss/weld/servlet/weld-servlet/2.4.7.Final/weld-servlet-2.4.7.Final.jar:/home/user/.m2/repository/org/glassfish/jersey/containers/jersey-container-servlet-core/2.27/jersey-container-servlet-core-2.27.jar:/home/user/.m2/repository/org/glassfish/hk2/external/javax.inject/2.5.0-b42/javax.inject-2.5.0-b42.jar:/home/user/.m2/repository/org/glassfish/jersey/core/jersey-common/2.27/jersey-common-2.27.jar:/home/user/.m2/repository/org/glassfish/hk2/osgi-resource-locator/1.0.1/osgi-resource-locator-1.0.1.jar:/home/user/.m2/repository/javax/ws/rs/javax.ws.rs-api/2.1/javax.ws.rs-api-2.1.jar:/home/user/.m2/repository/org/glassfish/jersey/ext/cdi/jersey-cdi1x/2.27/jersey-cdi1x-2.27.jar:/home/user/.m2/repository/org/glassfish/jersey/inject/jersey-hk2/2.27/jersey-hk2-2.27.jar:/home/user/.m2/repository/org/glassfish/hk2/hk2-locator/2.5.0-b42/hk2-locator-2.5.0-b42.jar:/home/user/.m2/repository/org/javassist/javassist/3.22.0-CR2/javassist-3.22.0-CR2.jar:/home/user/.m2/repository/org/glassfish/hk2/hk2-api/2.5.0/hk2-api-2.5.0.jar:/home/user/.m2/repository/org/glassfish/hk2/external/jakarta.inject/2.5.0/jakarta.inject-2.5.0.jar:/home/user/.m2/repository/org/glassfish/hk2/hk2-utils/2.5.0/hk2-utils-2.5.0.jar:/home/user/.m2/repository/jakarta/annotation/jakarta.annotation-api/1.3.4/jakarta.annotation-api-1.3.4.jar:/home/user/.m2/repository/org/glassfish/hk2/external/aopalliance-repackaged/2.5.0/aopalliance-repackaged-2.5.0.jar:/home/user/.m2/repository/com/fasterxml/jackson/dataformat/jackson-dataformat-xml/2.9.0/jackson-dataformat-xml-2.9.0.jar:/home/user/.m2/repository/com/fasterxml/jackson/core/jackson-core/2.9.5/jackson-core-2.9.5.jar:/home/user/.m2/repository/com/fasterxml/jackson/module/jackson-module-jaxb-annotations/2.9.5/jackson-module-jaxb-annotations-2.9.5.jar:/home/user/.m2/repository/javax/enterprise/cdi-api/1.2/cdi-api-1.2.jar:/home/user/.m2/repository/javax/el/javax.el-api/3.0.0/javax.el-api-3.0.0.jar:/home/user/.m2/repository/javax/interceptor/javax.interceptor-api/1.2/javax.interceptor-api-1.2.jar:/home/user/.m2/repository/javax/inject/javax.inject/1/javax.inject-1.jar:/home/user/.m2/repository/com/sun/xml/bind/jaxb-impl/2.3.0.1/jaxb-impl-2.3.0.1.jar:/home/user/.m2/repository/com/sun/xml/bind/jaxb-core/2.3.0.1/jaxb-core-2.3.0.1.jar:/home/user/.m2/repository/javax/xml/bind/jaxb-api/2.3.0/jaxb-api-2.3.0.jar:/home/user/.m2/repository/javax/activation/activation/1.1.1/activation-1.1.1.jar:/home/user/.m2/repository/org/apache/hadoop/hadoop-ozone-csi/0.5.0-SNAPSHOT/hadoop-ozone-csi-0.5.0-SNAPSHOT.jar:/home/user/.m2/repository/com/google/protobuf/protobuf-java-util/3.5.1/protobuf-java-util-3.5.1.jar:/home/user/.m2/repository/org/apache/hadoop/hadoop-hdds-config/0.5.0-SNAPSHOT/hadoop-hdds-config-0.5.0-SNAPSHOT.jar:/home/user/.m2/repository/io/grpc/grpc-netty/1.17.1/grpc-netty-1.17.1.jar:/home/user/.m2/repository/io/grpc/grpc-core/1.17.1/grpc-core-1.17.1.jar:/home/user/.m2/repository/io/grpc/grpc-context/1.17.1/grpc-context-1.17.1.jar:/home/user/.m2/repository/com/google/errorprone/error_prone_annotations/2.2.0/error_prone_annotations-2.2.0.jar:/home/user/.m2/repository/org/codehaus/mojo/animal-sniffer-annotations/1.17/animal-sniffer-annotations-1.17.jar:/home/user/.m2/repository/io/opencensus/opencensus-api/0.17.0/opencensus-api-0.17.0.jar:/home/user/.m2/repository/io/opencensus/opencensus-contrib-grpc-metrics/0.17.0/opencensus-contrib-grpc-metrics-0.17.0.jar:/home/user/.m2/repository/io/netty/netty-codec-http2/4.1.30.Final/netty-codec-http2-4.1.30.Final.jar:/home/user/.m2/repository/io/netty/netty-codec-http/4.1.30.Final/netty-codec-http-4.1.30.Final.jar:/home/user/.m2/repository/io/netty/netty-codec/4.1.30.Final/netty-codec-4.1.30.Final.jar:/home/user/.m2/repository/io/netty/netty-handler/4.1.30.Final/netty-handler-4.1.30.Final.jar:/home/user/.m2/repository/io/netty/netty-handler-proxy/4.1.30.Final/netty-handler-proxy-4.1.30.Final.jar:/home/user/.m2/repository/io/netty/netty-codec-socks/4.1.30.Final/netty-codec-socks-4.1.30.Final.jar:/home/user/.m2/repository/io/netty/netty-transport-native-epoll/4.1.30.Final/netty-transport-native-epoll-4.1.30.Final.jar:/home/user/.m2/repository/io/netty/netty-common/4.1.30.Final/netty-common-4.1.30.Final.jar:/home/user/.m2/repository/io/netty/netty-buffer/4.1.30.Final/netty-buffer-4.1.30.Final.jar:/home/user/.m2/repository/io/netty/netty-transport/4.1.30.Final/netty-transport-4.1.30.Final.jar:/home/user/.m2/repository/io/netty/netty-resolver/4.1.30.Final/netty-resolver-4.1.30.Final.jar:/home/user/.m2/repository/io/netty/netty-transport-native-unix-common/4.1.30.Final/netty-transport-native-unix-common-4.1.30.Final.jar:/home/user/.m2/repository/io/grpc/grpc-protobuf/1.17.1/grpc-protobuf-1.17.1.jar:/home/user/.m2/repository/com/google/api/grpc/proto-google-common-protos/1.0.0/proto-google-common-protos-1.0.0.jar:/home/user/.m2/repository/io/grpc/grpc-protobuf-lite/1.17.1/grpc-protobuf-lite-1.17.1.jar:/home/user/.m2/repository/io/grpc/grpc-stub/1.17.1/grpc-stub-1.17.1.jar:/home/user/.m2/repository/org/apache/hadoop/hadoop-ozone-recon/0.5.0-SNAPSHOT/hadoop-ozone-recon-0.5.0-SNAPSHOT.jar:/home/user/.m2/repository/org/apache/hadoop/hadoop-ozone-reconcodegen/0.5.0-SNAPSHOT/hadoop-ozone-reconcodegen-0.5.0-SNAPSHOT.jar:/home/user/.m2/repository/com/google/inject/extensions/guice-multibindings/4.0/guice-multibindings-4.0.jar:/home/user/.m2/repository/com/google/inject/guice/4.0/guice-4.0.jar:/home/user/.m2/repository/aopalliance/aopalliance/1.0/aopalliance-1.0.jar:/home/user/.m2/repository/com/google/inject/extensions/guice-servlet/4.0/guice-servlet-4.0.jar:/home/user/.m2/repository/org/glassfish/jersey/containers/jersey-container-servlet/2.27/jersey-container-servlet-2.27.jar:/home/user/.m2/repository/org/glassfish/hk2/guice-bridge/2.5.0/guice-bridge-2.5.0.jar:/home/user/.m2/repository/org/glassfish/jersey/core/jersey-server/2.27/jersey-server-2.27.jar:/home/user/.m2/repository/org/glassfish/jersey/core/jersey-client/2.27/jersey-client-2.27.jar:/home/user/.m2/repository/org/glassfish/jersey/media/jersey-media-jaxb/2.27/jersey-media-jaxb-2.27.jar:/home/user/.m2/repository/javax/validation/validation-api/1.1.0.Final/validation-api-1.1.0.Final.jar:/home/user/.m2/repository/org/glassfish/jersey/media/jersey-media-json-jackson/2.27/jersey-media-json-jackson-2.27.jar:/home/user/.m2/repository/org/glassfish/jersey/ext/jersey-entity-filtering/2.27/jersey-entity-filtering-2.27.jar:/home/user/.m2/repository/com/google/inject/extensions/guice-assistedinject/4.0/guice-assistedinject-4.0.jar:/home/user/.m2/repository/org/jooq/jooq/3.11.10/jooq-3.11.10.jar:/home/user/.m2/repository/org/jooq/jooq-meta/3.11.10/jooq-meta-3.11.10.jar:/home/user/.m2/repository/org/jooq/jooq-codegen/3.11.10/jooq-codegen-3.11.10.jar:/home/user/.m2/repository/com/jolbox/bonecp/0.8.0.RELEASE/bonecp-0.8.0.RELEASE.jar:/home/user/.m2/repository/org/xerial/sqlite-jdbc/3.25.2/sqlite-jdbc-3.25.2.jar:/home/user/.m2/repository/org/springframework/spring-jdbc/5.1.3.RELEASE/spring-jdbc-5.1.3.RELEASE.jar:/home/user/.m2/repository/org/springframework/spring-beans/5.1.3.RELEASE/spring-beans-5.1.3.RELEASE.jar:/home/user/.m2/repository/org/springframework/spring-core/5.1.3.RELEASE/spring-core-5.1.3.RELEASE.jar:/home/user/.m2/repository/org/springframework/spring-jcl/5.1.3.RELEASE/spring-jcl-5.1.3.RELEASE.jar:/home/user/.m2/repository/org/springframework/spring-tx/5.1.3.RELEASE/spring-tx-5.1.3.RELEASE.jar:/home/user/.m2/repository/org/apache/hadoop/hadoop-ozone-client/0.5.0-SNAPSHOT/hadoop-ozone-client-0.5.0-SNAPSHOT.jar:/home/user/.m2/repository/commons-lang/commons-lang/2.6/commons-lang-2.6.jar:/home/user/.m2/repository/org/apache/hadoop/hadoop-ozone-ozone-manager/0.5.0-SNAPSHOT/hadoop-ozone-ozone-manager-0.5.0-SNAPSHOT-tests.jar:/home/user/.m2/repository/junit/junit/4.11/junit-4.11.jar:/home/user/.m2/repository/org/hamcrest/hamcrest-core/1.3/hamcrest-core-1.3.jar:/home/user/.m2/repository/org/openjdk/jmh/jmh-core/1.19/jmh-core-1.19.jar:/home/user/.m2/repository/net/sf/jopt-simple/jopt-simple/4.6/jopt-simple-4.6.jar:/home/user/.m2/repository/org/apache/commons/commons-math3/3.1.1/commons-math3-3.1.1.jar:/home/user/.m2/repository/org/openjdk/jmh/jmh-generator-annprocess/1.19/jmh-generator-annprocess-1.19.jar:/home/user/.m2/repository/org/mockito/mockito-all/1.8.5/mockito-all-1.8.5.jar:/home/user/.m2/repository/org/apache/hadoop/hadoop-kms/3.2.0/hadoop-kms-3.2.0.jar:/home/user/.m2/repository/org/apache/hadoop/hadoop-auth/3.2.0/hadoop-auth-3.2.0.jar:/home/user/.m2/repository/com/nimbusds/nimbus-jose-jwt/4.41.1/nimbus-jose-jwt-4.41.1.jar:/home/user/.m2/repository/com/github/stephenc/jcip/jcip-annotations/1.0-1/jcip-annotations-1.0-1.jar:/home/user/.m2/repository/net/minidev/json-smart/2.3/json-smart-2.3.jar:/home/user/.m2/repository/net/minidev/accessors-smart/1.2/accessors-smart-1.2.jar:/home/user/.m2/repository/org/ow2/asm/asm/5.0.4/asm-5.0.4.jar:/home/user/.m2/repository/org/apache/curator/curator-framework/2.12.0/curator-framework-2.12.0.jar:/home/user/.m2/repository/com/sun/jersey/jersey-core/1.19/jersey-core-1.19.jar:/home/user/.m2/repository/javax/ws/rs/jsr311-api/1.1.1/jsr311-api-1.1.1.jar:/home/user/.m2/repository/com/sun/jersey/jersey-server/1.19/jersey-server-1.19.jar:/home/user/.m2/repository/javax/servlet/javax.servlet-api/3.1.0/javax.servlet-api-3.1.0.jar:/home/user/.m2/repository/org/eclipse/jetty/jetty-server/9.3.24.v20180605/jetty-server-9.3.24.v20180605.jar:/home/user/.m2/repository/org/eclipse/jetty/jetty-http/9.3.24.v20180605/jetty-http-9.3.24.v20180605.jar:/home/user/.m2/repository/org/eclipse/jetty/jetty-io/9.3.24.v20180605/jetty-io-9.3.24.v20180605.jar:/home/user/.m2/repository/org/eclipse/jetty/jetty-webapp/9.3.24.v20180605/jetty-webapp-9.3.24.v20180605.jar:/home/user/.m2/repository/org/eclipse/jetty/jetty-xml/9.3.24.v20180605/jetty-xml-9.3.24.v20180605.jar:/home/user/.m2/repository/log4j/log4j/1.2.17/log4j-1.2.17.jar:/home/user/.m2/repository/org/slf4j/slf4j-api/1.7.25/slf4j-api-1.7.25.jar:/home/user/.m2/repository/org/slf4j/jul-to-slf4j/1.7.25/jul-to-slf4j-1.7.25.jar:/home/user/.m2/repository/org/eclipse/jetty/jetty-util/9.3.24.v20180605/jetty-util-9.3.24.v20180605.jar:/home/user/.m2/repository/com/fasterxml/jackson/core/jackson-databind/2.9.5/jackson-databind-2.9.5.jar:/home/user/.m2/repository/org/apache/hadoop/hadoop-kms/3.2.0/hadoop-kms-3.2.0-tests.jar:/home/user/.m2/repository/org/apache/hadoop/hadoop-hdds-server-scm/0.5.0-SNAPSHOT/hadoop-hdds-server-scm-0.5.0-SNAPSHOT-tests.jar:/home/user/.m2/repository/org/apache/hadoop/hadoop-hdds-container-service/0.5.0-SNAPSHOT/hadoop-hdds-container-service-0.5.0-SNAPSHOT-tests.jar:/home/user/.m2/repository/org/yaml/snakeyaml/1.16/snakeyaml-1.16.jar:/home/user/.m2/repository/org/apache/hadoop/hadoop-common/3.2.0/hadoop-common-3.2.0-tests.jar:/home/user/.m2/repository/org/apache/hadoop/hadoop-annotations/3.2.0/hadoop-annotations-3.2.0.jar:/usr/lib/jvm/java-1.8-openjdk/jre/../lib/tools.jar:/home/user/.m2/repository/commons-cli/commons-cli/1.2/commons-cli-1.2.jar:/home/user/.m2/repository/org/apache/httpcomponents/httpclient/4.5.2/httpclient-4.5.2.jar:/home/user/.m2/repository/org/apache/httpcomponents/httpcore/4.4.4/httpcore-4.4.4.jar:/home/user/.m2/repository/commons-codec/commons-codec/1.11/commons-codec-1.11.jar:/home/user/.m2/repository/commons-net/commons-net/3.6/commons-net-3.6.jar:/home/user/.m2/repository/commons-collections/commons-collections/3.2.2/commons-collections-3.2.2.jar:/home/user/.m2/repository/org/eclipse/jetty/jetty-servlet/9.3.24.v20180605/jetty-servlet-9.3.24.v20180605.jar:/home/user/.m2/repository/org/eclipse/jetty/jetty-security/9.3.24.v20180605/jetty-security-9.3.24.v20180605.jar:/home/user/.m2/repository/javax/servlet/jsp/jsp-api/2.1/jsp-api-2.1.jar:/home/user/.m2/repository/com/sun/jersey/jersey-servlet/1.19/jersey-servlet-1.19.jar:/home/user/.m2/repository/com/sun/jersey/jersey-json/1.19/jersey-json-1.19.jar:/home/user/.m2/repository/org/codehaus/jettison/jettison/1.1/jettison-1.1.jar:/home/user/.m2/repository/org/codehaus/jackson/jackson-core-asl/1.9.13/jackson-core-asl-1.9.13.jar:/home/user/.m2/repository/org/codehaus/jackson/jackson-mapper-asl/1.9.13/jackson-mapper-asl-1.9.13.jar:/home/user/.m2/repository/org/codehaus/jackson/jackson-jaxrs/1.9.13/jackson-jaxrs-1.9.13.jar:/home/user/.m2/repository/org/codehaus/jackson/jackson-xc/1.9.13/jackson-xc-1.9.13.jar:/home/user/.m2/repository/commons-logging/commons-logging/1.1.3/commons-logging-1.1.3.jar:/home/user/.m2/repository/commons-beanutils/commons-beanutils/1.9.3/commons-beanutils-1.9.3.jar:/home/user/.m2/repository/org/apache/commons/commons-configuration2/2.1.1/commons-configuration2-2.1.1.jar:/home/user/.m2/repository/org/apache/commons/commons-lang3/3.7/commons-lang3-3.7.jar:/home/user/.m2/repository/org/apache/commons/commons-text/1.4/commons-text-1.4.jar:/home/user/.m2/repository/org/apache/avro/avro/1.7.7/avro-1.7.7.jar:/home/user/.m2/repository/com/thoughtworks/paranamer/paranamer/2.3/paranamer-2.3.jar:/home/user/.m2/repository/org/xerial/snappy/snappy-java/1.0.5/snappy-java-1.0.5.jar:/home/user/.m2/repository/com/google/re2j/re2j/1.1/re2j-1.1.jar:/home/user/.m2/repository/com/google/code/gson/gson/2.2.4/gson-2.2.4.jar:/home/user/.m2/repository/com/jcraft/jsch/0.1.54/jsch-0.1.54.jar:/home/user/.m2/repository/org/apache/curator/curator-client/2.12.0/curator-client-2.12.0.jar:/home/user/.m2/repository/org/apache/curator/curator-recipes/2.12.0/curator-recipes-2.12.0.jar:/home/user/.m2/repository/com/google/code/findbugs/jsr305/3.0.0/jsr305-3.0.0.jar:/home/user/.m2/repository/org/apache/htrace/htrace-core4/4.1.0-incubating/htrace-core4-4.1.0-incubating.jar:/home/user/.m2/repository/org/apache/zookeeper/zookeeper/3.4.13/zookeeper-3.4.13.jar:/home/user/.m2/repository/org/apache/yetus/audience-annotations/0.5.0/audience-annotations-0.5.0.jar:/home/user/.m2/repository/org/codehaus/woodstox/stax2-api/3.1.4/stax2-api-3.1.4.jar:/home/user/.m2/repository/com/fasterxml/woodstox/woodstox-core/5.0.3/woodstox-core-5.0.3.jar:/home/user/.m2/repository/dnsjava/dnsjava/2.1.7/dnsjava-2.1.7.jar:/home/user/.m2/repository/org/apache/hadoop/hadoop-hdfs/3.2.0/hadoop-hdfs-3.2.0-tests.jar:/home/user/.m2/repository/org/eclipse/jetty/jetty-util-ajax/9.3.24.v20180605/jetty-util-ajax-9.3.24.v20180605.jar:/home/user/.m2/repository/commons-daemon/commons-daemon/1.0.13/commons-daemon-1.0.13.jar:/home/user/.m2/repository/io/netty/netty/3.10.5.Final/netty-3.10.5.Final.jar:/home/user/.m2/repository/io/netty/netty-all/4.0.52.Final/netty-all-4.0.52.Final.jar:/home/user/.m2/repository/org/fusesource/leveldbjni/leveldbjni-all/1.8/leveldbjni-all-1.8.jar:"/>
    <property name="sun.cpu.endian" value="little"/>
    <property name="user.home" value="/home/user"/>
    <property name="user.language" value="en"/>
    <property name="java.specification.vendor" value="Oracle Corporation"/>
    <property name="java.home" value="/usr/lib/jvm/java-1.8-openjdk/jre"/>
    <property name="java.security.krb5.conf" value="/workdir/hadoop-ozone/integration-test/target/test-classes/krb5.conf"/>
    <property name="basedir" value="/workdir/hadoop-ozone/integration-test"/>
    <property name="file.separator" value="/"/>
    <property name="line.separator" value="&#10;"/>
    <property name="java.vm.specification.vendor" value="Oracle Corporation"/>
    <property name="java.specification.name" value="Java Platform API Specification"/>
    <property name="java.awt.graphicsenv" value="sun.awt.X11GraphicsEnvironment"/>
    <property name="surefire.real.class.path" value="/workdir/hadoop-ozone/integration-test/target/surefire/surefirebooter8931607892842528519.jar"/>
    <property name="hadoop.log.dir" value="/workdir/hadoop-ozone/integration-test/target/log"/>
    <property name="sun.boot.class.path" value="/usr/lib/jvm/java-1.8-openjdk/jre/lib/resources.jar:/usr/lib/jvm/java-1.8-openjdk/jre/lib/rt.jar:/usr/lib/jvm/java-1.8-openjdk/jre/lib/sunrsasign.jar:/usr/lib/jvm/java-1.8-openjdk/jre/lib/jsse.jar:/usr/lib/jvm/java-1.8-openjdk/jre/lib/jce.jar:/usr/lib/jvm/java-1.8-openjdk/jre/lib/charsets.jar:/usr/lib/jvm/java-1.8-openjdk/jre/lib/jfr.jar:/usr/lib/jvm/java-1.8-openjdk/jre/classes"/>
    <property name="sun.management.compiler" value="HotSpot 64-Bit Tiered Compilers"/>
    <property name="java.runtime.version" value="1.8.0_212-b04"/>
    <property name="java.net.preferIPv4Stack" value="true"/>
    <property name="user.name" value="jenkins1000"/>
    <property name="path.separator" value=":"/>
    <property name="java.security.egd" value="file:///dev/urandom"/>
    <property name="os.version" value="3.10.0-957.12.2.el7.x86_64"/>
    <property name="java.endorsed.dirs" value="/usr/lib/jvm/java-1.8-openjdk/jre/lib/endorsed"/>
    <property name="java.runtime.name" value="OpenJDK Runtime Environment"/>
    <property name="file.encoding" value="UTF-8"/>
    <property name="java.vm.name" value="OpenJDK 64-Bit Server VM"/>
    <property name="test.build.webapps" value=""/>
    <property name="localRepository" value="/home/user/.m2/repository"/>
    <property name="java.vendor.url.bug" value="https://icedtea.classpath.org/bugzilla"/>
    <property name="java.io.tmpdir" value="/tmp"/>
    <property name="require.test.libhadoop" value=""/>
    <property name="java.version" value="1.8.0_212"/>
    <property name="user.dir" value="/workdir/hadoop-ozone/integration-test"/>
    <property name="os.arch" value="amd64"/>
    <property name="java.vm.specification.name" value="Java Virtual Machine Specification"/>
    <property name="test.build.classes" value="/workdir/hadoop-ozone/integration-test/target/test-classes"/>
    <property name="java.awt.printerjob" value="sun.print.PSPrinterJob"/>
    <property name="sun.os.patch.level" value="unknown"/>
    <property name="hadoop.tmp.dir" value="/workdir/hadoop-ozone/integration-test/target/tmp"/>
    <property name="java.library.path" value="/usr/lib/jvm/java-1.8-openjdk/jre/lib/amd64/server:/usr/lib/jvm/java-1.8-openjdk/jre/lib/amd64:/usr/lib/jvm/java-1.8-openjdk/jre/../lib/amd64:/workdir/hadoop-ozone/integration-test/target/native/target/usr/local/lib:/workdir/hadoop-ozone/integration-test/../../hadoop-common-project/hadoop-common/target/native/target/usr/local/lib:/usr/java/packages/lib/amd64:/usr/lib64:/lib64:/lib:/usr/lib"/>
    <property name="java.vm.info" value="mixed mode"/>
    <property name="java.vendor" value="IcedTea"/>
    <property name="java.vm.version" value="25.212-b04"/>
    <property name="java.ext.dirs" value="/usr/lib/jvm/java-1.8-openjdk/jre/lib/ext:/usr/java/packages/lib/ext"/>
    <property name="sun.io.unicode.encoding" value="UnicodeLittle"/>
    <property name="java.class.version" value="52.0"/>
  </properties>
  <testcase name="test2DatanodesFailure" classname="org.apache.hadoop.ozone.client.rpc.TestBlockOutputStreamWithFailures" time="118.797"/>
  <testcase name="testDatanodeFailureWithPreAllocation" classname="org.apache.hadoop.ozone.client.rpc.TestBlockOutputStreamWithFailures" time="223.411"/>
  <testcase name="testDatanodeFailureWithSingleNodeRatis" classname="org.apache.hadoop.ozone.client.rpc.TestBlockOutputStreamWithFailures" time="223.419"/>
  <testcase name="testWatchForCommitWithSingleNodeRatis" classname="org.apache.hadoop.ozone.client.rpc.TestBlockOutputStreamWithFailures" time="33.509"/>
  <testcase name="testWatchForCommitDatanodeFailure" classname="org.apache.hadoop.ozone.client.rpc.TestBlockOutputStreamWithFailures" time="40.582"/>
  <testcase name="testFailureWithPrimeSizedData" classname="org.apache.hadoop.ozone.client.rpc.TestBlockOutputStreamWithFailures" time="37.325">
    <failure message="expected:&lt;68&gt; but was:&lt;70&gt;" type="java.lang.AssertionError"><![CDATA[java.lang.AssertionError: expected:<68> but was:<70>
	at org.junit.Assert.fail(Assert.java:88)
	at org.junit.Assert.failNotEquals(Assert.java:743)
	at org.junit.Assert.assertEquals(Assert.java:118)
	at org.junit.Assert.assertEquals(Assert.java:555)
	at org.junit.Assert.assertEquals(Assert.java:542)
	at org.apache.hadoop.ozone.client.rpc.TestBlockOutputStreamWithFailures.testFailureWithPrimeSizedData(TestBlockOutputStreamWithFailures.java:605)
	at sun.reflect.NativeMethodAccessorImpl.invoke0(Native Method)
	at sun.reflect.NativeMethodAccessorImpl.invoke(NativeMethodAccessorImpl.java:62)
	at sun.reflect.DelegatingMethodAccessorImpl.invoke(DelegatingMethodAccessorImpl.java:43)
	at java.lang.reflect.Method.invoke(Method.java:498)
	at org.junit.runners.model.FrameworkMethod$1.runReflectiveCall(FrameworkMethod.java:47)
	at org.junit.internal.runners.model.ReflectiveCallable.run(ReflectiveCallable.java:12)
	at org.junit.runners.model.FrameworkMethod.invokeExplosively(FrameworkMethod.java:44)
	at org.junit.internal.runners.statements.InvokeMethod.evaluate(InvokeMethod.java:17)
	at org.junit.internal.runners.statements.RunBefores.evaluate(RunBefores.java:26)
	at org.junit.internal.runners.statements.RunAfters.evaluate(RunAfters.java:27)
	at org.junit.runners.ParentRunner.runLeaf(ParentRunner.java:271)
	at org.junit.runners.BlockJUnit4ClassRunner.runChild(BlockJUnit4ClassRunner.java:70)
	at org.junit.runners.BlockJUnit4ClassRunner.runChild(BlockJUnit4ClassRunner.java:50)
	at org.junit.runners.ParentRunner$3.run(ParentRunner.java:238)
	at org.junit.runners.ParentRunner$1.schedule(ParentRunner.java:63)
	at org.junit.runners.ParentRunner.runChildren(ParentRunner.java:236)
	at org.junit.runners.ParentRunner.access$000(ParentRunner.java:53)
	at org.junit.runners.ParentRunner$2.evaluate(ParentRunner.java:229)
	at org.junit.runners.ParentRunner.run(ParentRunner.java:309)
	at org.apache.maven.surefire.junit4.JUnit4Provider.execute(JUnit4Provider.java:365)
	at org.apache.maven.surefire.junit4.JUnit4Provider.executeWithRerun(JUnit4Provider.java:273)
	at org.apache.maven.surefire.junit4.JUnit4Provider.executeTestSet(JUnit4Provider.java:238)
	at org.apache.maven.surefire.junit4.JUnit4Provider.invoke(JUnit4Provider.java:159)
	at org.apache.maven.surefire.booter.ForkedBooter.invokeProviderInSameClassLoader(ForkedBooter.java:384)
	at org.apache.maven.surefire.booter.ForkedBooter.runSuitesInProcess(ForkedBooter.java:345)
	at org.apache.maven.surefire.booter.ForkedBooter.execute(ForkedBooter.java:126)
	at org.apache.maven.surefire.booter.ForkedBooter.main(ForkedBooter.java:418)
]]></failure>
    <system-out><![CDATA[2019-09-17 13:07:59,101 [main] WARN  server.ServerUtils (ServerUtils.java:getScmDbDir(145)) - ozone.scm.db.dirs is not configured. We recommend adding this setting. Falling back to ozone.metadata.dirs instead.
2019-09-17 13:07:59,116 [main] WARN  server.ServerUtils (ServerUtils.java:getScmDbDir(145)) - ozone.scm.db.dirs is not configured. We recommend adding this setting. Falling back to ozone.metadata.dirs instead.
2019-09-17 13:07:59,117 [main] WARN  server.ServerUtils (ServerUtils.java:getScmDbDir(145)) - ozone.scm.db.dirs is not configured. We recommend adding this setting. Falling back to ozone.metadata.dirs instead.
2019-09-17 13:07:59,117 [main] INFO  db.DBStoreBuilder (DBStoreBuilder.java:addTable(110)) - using custom profile for table: deletedBlocks
2019-09-17 13:07:59,117 [main] INFO  db.DBStoreBuilder (DBStoreBuilder.java:processTables(161)) - Using default column profile:DBProfile.DISK for Table:deletedBlocks
2019-09-17 13:07:59,118 [main] INFO  db.DBStoreBuilder (DBStoreBuilder.java:addTable(110)) - using custom profile for table: validCerts
2019-09-17 13:07:59,118 [main] INFO  db.DBStoreBuilder (DBStoreBuilder.java:processTables(161)) - Using default column profile:DBProfile.DISK for Table:validCerts
2019-09-17 13:07:59,118 [main] INFO  db.DBStoreBuilder (DBStoreBuilder.java:addTable(110)) - using custom profile for table: revokedCerts
2019-09-17 13:07:59,118 [main] INFO  db.DBStoreBuilder (DBStoreBuilder.java:processTables(161)) - Using default column profile:DBProfile.DISK for Table:revokedCerts
2019-09-17 13:07:59,118 [main] INFO  db.DBStoreBuilder (DBStoreBuilder.java:addTable(110)) - using custom profile for table: default
2019-09-17 13:07:59,119 [main] INFO  db.DBStoreBuilder (DBStoreBuilder.java:processTables(167)) - Using default column profile:DBProfile.DISK for Table:default
2019-09-17 13:07:59,119 [main] INFO  db.DBStoreBuilder (DBStoreBuilder.java:getDbProfile(198)) - Using default options. DBProfile.DISK
2019-09-17 13:07:59,338 [main] INFO  net.NodeSchemaLoader (NodeSchemaLoader.java:loadSchemaFromFile(125)) - Loading file from sun.misc.CompoundEnumeration@46612bfc
2019-09-17 13:07:59,338 [main] INFO  net.NodeSchemaLoader (NodeSchemaLoader.java:loadSchema(171)) - Loading network topology layer schema file
2019-09-17 13:07:59,344 [main] INFO  node.SCMNodeManager (SCMNodeManager.java:<init>(114)) - Entering startup safe mode.
2019-09-17 13:07:59,344 [main] INFO  algorithms.ContainerPlacementPolicyFactory (ContainerPlacementPolicyFactory.java:getPolicy(57)) - Create container placement policy of type org.apache.hadoop.hdds.scm.container.placement.algorithms.SCMContainerPlacementRandom
2019-09-17 13:07:59,345 [main] WARN  server.ServerUtils (ServerUtils.java:getScmDbDir(145)) - ozone.scm.db.dirs is not configured. We recommend adding this setting. Falling back to ozone.metadata.dirs instead.
2019-09-17 13:07:59,426 [main] INFO  pipeline.SCMPipelineManager (SCMPipelineManager.java:initializePipelineState(128)) - No pipeline exists in current db
2019-09-17 13:07:59,426 [main] WARN  server.ServerUtils (ServerUtils.java:getScmDbDir(145)) - ozone.scm.db.dirs is not configured. We recommend adding this setting. Falling back to ozone.metadata.dirs instead.
2019-09-17 13:07:59,522 [main] WARN  events.EventQueue (EventQueue.java:fireEvent(183)) - No event handler registered for event TypedEvent{payloadType=SafeModeStatus, name='SafeModeStatus'}
2019-09-17 13:07:59,523 [main] INFO  ipc.CallQueueManager (CallQueueManager.java:<init>(84)) - Using callQueue: class java.util.concurrent.LinkedBlockingQueue, queueCapacity: 2000, scheduler: class org.apache.hadoop.ipc.DefaultRpcScheduler, ipcBackoff: false.
2019-09-17 13:07:59,524 [Socket Reader #1 for port 34254] INFO  ipc.Server (Server.java:run(1074)) - Starting Socket Reader #1 for port 34254
2019-09-17 13:07:59,526 [main] INFO  ipc.CallQueueManager (CallQueueManager.java:<init>(84)) - Using callQueue: class java.util.concurrent.LinkedBlockingQueue, queueCapacity: 2000, scheduler: class org.apache.hadoop.ipc.DefaultRpcScheduler, ipcBackoff: false.
2019-09-17 13:07:59,527 [Socket Reader #1 for port 34755] INFO  ipc.Server (Server.java:run(1074)) - Starting Socket Reader #1 for port 34755
2019-09-17 13:07:59,529 [main] INFO  ipc.CallQueueManager (CallQueueManager.java:<init>(84)) - Using callQueue: class java.util.concurrent.LinkedBlockingQueue, queueCapacity: 2000, scheduler: class org.apache.hadoop.ipc.DefaultRpcScheduler, ipcBackoff: false.
2019-09-17 13:07:59,530 [Socket Reader #1 for port 36602] INFO  ipc.Server (Server.java:run(1074)) - Starting Socket Reader #1 for port 36602
2019-09-17 13:07:59,536 [main] INFO  hdfs.DFSUtil (DFSUtil.java:httpServerTemplateForNNAndJN(1641)) - Starting Web-server for scm at: http://0.0.0.0:0
2019-09-17 13:07:59,540 [main] INFO  server.AuthenticationFilter (AuthenticationFilter.java:constructSecretProvider(240)) - Unable to initialize FileSignerSecretProvider, falling back to use random secrets.
2019-09-17 13:07:59,541 [main] WARN  http.HttpRequestLog (HttpRequestLog.java:getRequestLog(97)) - Jetty request log can only be enabled using Log4j
2019-09-17 13:07:59,543 [main] INFO  http.HttpServer2 (HttpServer2.java:addGlobalFilter(975)) - Added global filter 'safety' (class=org.apache.hadoop.http.HttpServer2$QuotingInputFilter)
2019-09-17 13:07:59,544 [main] INFO  http.HttpServer2 (HttpServer2.java:addFilter(948)) - Added filter static_user_filter (class=org.apache.hadoop.http.lib.StaticUserWebFilter$StaticUserFilter) to context scm
2019-09-17 13:07:59,544 [main] INFO  http.HttpServer2 (HttpServer2.java:addFilter(958)) - Added filter static_user_filter (class=org.apache.hadoop.http.lib.StaticUserWebFilter$StaticUserFilter) to context logs
2019-09-17 13:07:59,544 [main] INFO  http.HttpServer2 (HttpServer2.java:addFilter(958)) - Added filter static_user_filter (class=org.apache.hadoop.http.lib.StaticUserWebFilter$StaticUserFilter) to context static
2019-09-17 13:07:59,546 [main] INFO  server.StorageContainerManager (StorageContainerManager.java:start(763)) - StorageContainerLocationProtocol RPC server is listening at /0.0.0.0:36602
2019-09-17 13:07:59,549 [main] WARN  impl.MetricsConfig (MetricsConfig.java:loadFirst(134)) - Cannot locate configuration: tried hadoop-metrics2-storagecontainermanager.properties,hadoop-metrics2.properties
2019-09-17 13:07:59,550 [main] INFO  impl.MetricsSystemImpl (MetricsSystemImpl.java:startTimer(374)) - Scheduled Metric snapshot period at 10 second(s).
2019-09-17 13:07:59,550 [main] INFO  impl.MetricsSystemImpl (MetricsSystemImpl.java:start(191)) - StorageContainerManager metrics system started
2019-09-17 13:07:59,676 [main] WARN  impl.MetricsSystemImpl (MetricsSystemImpl.java:register(276)) - Sink prometheus already exists!
2019-09-17 13:07:59,727 [main] INFO  server.SCMClientProtocolServer (SCMClientProtocolServer.java:start(151)) - RPC server for Client  is listening at /0.0.0.0:36602
2019-09-17 13:07:59,728 [IPC Server listener on 36602] INFO  ipc.Server (Server.java:run(1153)) - IPC Server listener on 36602: starting
2019-09-17 13:07:59,728 [IPC Server Responder] INFO  ipc.Server (Server.java:run(1314)) - IPC Server Responder: starting
2019-09-17 13:07:59,732 [main] INFO  server.StorageContainerManager (StorageContainerManager.java:start(773)) - ScmBlockLocationProtocol RPC server is listening at /0.0.0.0:34755
2019-09-17 13:07:59,733 [main] INFO  server.SCMBlockProtocolServer (SCMBlockProtocolServer.java:start(146)) - RPC server for Block Protocol is listening at /0.0.0.0:34755
2019-09-17 13:07:59,733 [IPC Server Responder] INFO  ipc.Server (Server.java:run(1314)) - IPC Server Responder: starting
2019-09-17 13:07:59,733 [IPC Server listener on 34755] INFO  ipc.Server (Server.java:run(1153)) - IPC Server listener on 34755: starting
2019-09-17 13:07:59,738 [main] INFO  server.StorageContainerManager (StorageContainerManager.java:start(777)) - ScmDatanodeProtocl RPC server is listening at /0.0.0.0:34254
2019-09-17 13:07:59,738 [main] INFO  server.SCMDatanodeProtocolServer (SCMDatanodeProtocolServer.java:start(191)) - RPC server for DataNodes is listening at /0.0.0.0:34254
2019-09-17 13:07:59,739 [IPC Server Responder] INFO  ipc.Server (Server.java:run(1314)) - IPC Server Responder: starting
2019-09-17 13:07:59,739 [IPC Server listener on 34254] INFO  ipc.Server (Server.java:run(1153)) - IPC Server listener on 34254: starting
2019-09-17 13:07:59,749 [main] INFO  http.HttpServer2 (HttpServer2.java:bindListener(1191)) - Jetty bound to port 41499
2019-09-17 13:07:59,750 [main] INFO  server.Server (Server.java:doStart(351)) - jetty-9.3.24.v20180605, build timestamp: 2018-06-05T17:11:56Z, git hash: 84205aa28f11a4f31f2a3b86d1bba2cc8ab69827
2019-09-17 13:07:59,751 [main] INFO  handler.ContextHandler (ContextHandler.java:doStart(781)) - Started o.e.j.s.ServletContextHandler@7af1d072{/logs,file:///workdir/hadoop-ozone/integration-test/target/log,AVAILABLE}
2019-09-17 13:07:59,752 [main] INFO  handler.ContextHandler (ContextHandler.java:doStart(781)) - Started o.e.j.s.ServletContextHandler@642c6461{/static,file:///workdir/hadoop-ozone/integration-test/target/test-classes/webapps/static,AVAILABLE}
2019-09-17 13:07:59,756 [main] INFO  handler.ContextHandler (ContextHandler.java:doStart(781)) - Started o.e.j.w.WebAppContext@4e8598d9{/,file:///workdir/hadoop-ozone/integration-test/target/test-classes/webapps/scm/,AVAILABLE}{/scm}
2019-09-17 13:07:59,757 [main] INFO  server.AbstractConnector (AbstractConnector.java:doStart(278)) - Started ServerConnector@267ff4df{HTTP/1.1,[http/1.1]}{0.0.0.0:41499}
2019-09-17 13:07:59,758 [main] INFO  server.Server (Server.java:doStart(419)) - Started @640999ms
2019-09-17 13:07:59,758 [main] WARN  impl.MetricsSystemImpl (MetricsSystemImpl.java:register(276)) - Sink prometheus already exists!
2019-09-17 13:07:59,759 [main] INFO  server.BaseHttpServer (BaseHttpServer.java:updateConnectorAddress(215)) - HTTP server of SCM is listening at http://0.0.0.0:41499
2019-09-17 13:07:59,760 [main] WARN  server.ServerUtils (ServerUtils.java:getDBPath(222)) - ozone.om.db.dirs is not configured. We recommend adding this setting. Falling back to ozone.metadata.dirs instead.
2019-09-17 13:07:59,762 [org.apache.hadoop.util.JvmPauseMonitor$Monitor@6c07add6] INFO  util.JvmPauseMonitor (JvmPauseMonitor.java:run(188)) - Starting JVM pause monitor
2019-09-17 13:07:59,787 [main] WARN  server.ServerUtils (ServerUtils.java:getDBPath(222)) - ozone.om.db.dirs is not configured. We recommend adding this setting. Falling back to ozone.metadata.dirs instead.
2019-09-17 13:07:59,787 [main] WARN  server.ServerUtils (ServerUtils.java:getDBPath(222)) - ozone.om.db.dirs is not configured. We recommend adding this setting. Falling back to ozone.metadata.dirs instead.
2019-09-17 13:07:59,788 [main] INFO  om.OzoneManager (OzoneManager.java:setOMNodeDetails(649)) - OM Service ID is not set. Setting it to the default ID: omServiceIdDefault
2019-09-17 13:07:59,788 [main] INFO  om.OzoneManager (OzoneManager.java:setOMNodeDetails(655)) - OM Node ID is not set. Setting it to the OmStorage's OmID: cce77931-2eff-4ba9-aee2-9ab977d8ecff
2019-09-17 13:07:59,788 [main] INFO  om.OzoneManager (OzoneManager.java:loadOMHAConfigs(606)) - Found matching OM address with OMServiceId: null, OMNodeId: null, RPC Address: localhost:0 and Ratis port: 9872
2019-09-17 13:07:59,796 [main] WARN  server.ServerUtils (ServerUtils.java:getDBPath(222)) - ozone.om.db.dirs is not configured. We recommend adding this setting. Falling back to ozone.metadata.dirs instead.
2019-09-17 13:07:59,796 [main] INFO  db.DBStoreBuilder (DBStoreBuilder.java:addTable(110)) - using custom profile for table: userTable
2019-09-17 13:07:59,796 [main] INFO  db.DBStoreBuilder (DBStoreBuilder.java:processTables(161)) - Using default column profile:DBProfile.DISK for Table:userTable
2019-09-17 13:07:59,797 [main] INFO  db.DBStoreBuilder (DBStoreBuilder.java:addTable(110)) - using custom profile for table: volumeTable
2019-09-17 13:07:59,797 [main] INFO  db.DBStoreBuilder (DBStoreBuilder.java:processTables(161)) - Using default column profile:DBProfile.DISK for Table:volumeTable
2019-09-17 13:07:59,797 [main] INFO  db.DBStoreBuilder (DBStoreBuilder.java:addTable(110)) - using custom profile for table: bucketTable
2019-09-17 13:07:59,797 [main] INFO  db.DBStoreBuilder (DBStoreBuilder.java:processTables(161)) - Using default column profile:DBProfile.DISK for Table:bucketTable
2019-09-17 13:07:59,798 [main] INFO  db.DBStoreBuilder (DBStoreBuilder.java:addTable(110)) - using custom profile for table: keyTable
2019-09-17 13:07:59,798 [main] INFO  db.DBStoreBuilder (DBStoreBuilder.java:processTables(161)) - Using default column profile:DBProfile.DISK for Table:keyTable
2019-09-17 13:07:59,798 [main] INFO  db.DBStoreBuilder (DBStoreBuilder.java:addTable(110)) - using custom profile for table: deletedTable
2019-09-17 13:07:59,798 [main] INFO  db.DBStoreBuilder (DBStoreBuilder.java:processTables(161)) - Using default column profile:DBProfile.DISK for Table:deletedTable
2019-09-17 13:07:59,799 [main] INFO  db.DBStoreBuilder (DBStoreBuilder.java:addTable(110)) - using custom profile for table: openKeyTable
2019-09-17 13:07:59,799 [main] INFO  db.DBStoreBuilder (DBStoreBuilder.java:processTables(161)) - Using default column profile:DBProfile.DISK for Table:openKeyTable
2019-09-17 13:07:59,799 [main] INFO  db.DBStoreBuilder (DBStoreBuilder.java:addTable(110)) - using custom profile for table: s3Table
2019-09-17 13:07:59,799 [main] INFO  db.DBStoreBuilder (DBStoreBuilder.java:processTables(161)) - Using default column profile:DBProfile.DISK for Table:s3Table
2019-09-17 13:07:59,800 [main] INFO  db.DBStoreBuilder (DBStoreBuilder.java:addTable(110)) - using custom profile for table: multipartInfoTable
2019-09-17 13:07:59,800 [main] INFO  db.DBStoreBuilder (DBStoreBuilder.java:processTables(161)) - Using default column profile:DBProfile.DISK for Table:multipartInfoTable
2019-09-17 13:07:59,800 [main] INFO  db.DBStoreBuilder (DBStoreBuilder.java:addTable(110)) - using custom profile for table: dTokenTable
2019-09-17 13:07:59,800 [main] INFO  db.DBStoreBuilder (DBStoreBuilder.java:processTables(161)) - Using default column profile:DBProfile.DISK for Table:dTokenTable
2019-09-17 13:07:59,801 [main] INFO  db.DBStoreBuilder (DBStoreBuilder.java:addTable(110)) - using custom profile for table: s3SecretTable
2019-09-17 13:07:59,801 [main] INFO  db.DBStoreBuilder (DBStoreBuilder.java:processTables(161)) - Using default column profile:DBProfile.DISK for Table:s3SecretTable
2019-09-17 13:07:59,802 [main] INFO  db.DBStoreBuilder (DBStoreBuilder.java:addTable(110)) - using custom profile for table: prefixTable
2019-09-17 13:07:59,802 [main] INFO  db.DBStoreBuilder (DBStoreBuilder.java:processTables(161)) - Using default column profile:DBProfile.DISK for Table:prefixTable
2019-09-17 13:07:59,802 [main] INFO  db.DBStoreBuilder (DBStoreBuilder.java:addTable(110)) - using custom profile for table: default
2019-09-17 13:07:59,802 [main] INFO  db.DBStoreBuilder (DBStoreBuilder.java:processTables(167)) - Using default column profile:DBProfile.DISK for Table:default
2019-09-17 13:07:59,803 [main] INFO  db.DBStoreBuilder (DBStoreBuilder.java:getDbProfile(198)) - Using default options. DBProfile.DISK
2019-09-17 13:08:00,505 [main] INFO  ipc.CallQueueManager (CallQueueManager.java:<init>(84)) - Using callQueue: class java.util.concurrent.LinkedBlockingQueue, queueCapacity: 2000, scheduler: class org.apache.hadoop.ipc.DefaultRpcScheduler, ipcBackoff: false.
2019-09-17 13:08:00,508 [Socket Reader #1 for port 46162] INFO  ipc.Server (Server.java:run(1074)) - Starting Socket Reader #1 for port 46162
2019-09-17 13:08:00,520 [main] INFO  om.OzoneManager (OzoneManager.java:start(1240)) - OzoneManager RPC server is listening at localhost/127.0.0.1:46162
2019-09-17 13:08:00,520 [main] INFO  impl.MetricsSystemImpl (MetricsSystemImpl.java:init(158)) - OzoneManager metrics system started (again)
2019-09-17 13:08:00,521 [IPC Server Responder] INFO  ipc.Server (Server.java:run(1314)) - IPC Server Responder: starting
2019-09-17 13:08:00,521 [IPC Server listener on 46162] INFO  ipc.Server (Server.java:run(1153)) - IPC Server listener on 46162: starting
2019-09-17 13:08:00,528 [main] INFO  hdfs.DFSUtil (DFSUtil.java:httpServerTemplateForNNAndJN(1641)) - Starting Web-server for ozoneManager at: http://0.0.0.0:0
2019-09-17 13:08:00,529 [main] INFO  server.AuthenticationFilter (AuthenticationFilter.java:constructSecretProvider(240)) - Unable to initialize FileSignerSecretProvider, falling back to use random secrets.
2019-09-17 13:08:00,530 [main] WARN  http.HttpRequestLog (HttpRequestLog.java:getRequestLog(97)) - Jetty request log can only be enabled using Log4j
2019-09-17 13:08:00,532 [main] INFO  http.HttpServer2 (HttpServer2.java:addGlobalFilter(975)) - Added global filter 'safety' (class=org.apache.hadoop.http.HttpServer2$QuotingInputFilter)
2019-09-17 13:08:00,532 [main] INFO  http.HttpServer2 (HttpServer2.java:addFilter(948)) - Added filter static_user_filter (class=org.apache.hadoop.http.lib.StaticUserWebFilter$StaticUserFilter) to context ozoneManager
2019-09-17 13:08:00,533 [main] INFO  http.HttpServer2 (HttpServer2.java:addFilter(958)) - Added filter static_user_filter (class=org.apache.hadoop.http.lib.StaticUserWebFilter$StaticUserFilter) to context static
2019-09-17 13:08:00,533 [main] INFO  http.HttpServer2 (HttpServer2.java:addFilter(958)) - Added filter static_user_filter (class=org.apache.hadoop.http.lib.StaticUserWebFilter$StaticUserFilter) to context logs
2019-09-17 13:08:00,533 [main] INFO  http.HttpServer2 (HttpServer2.java:bindListener(1191)) - Jetty bound to port 38912
2019-09-17 13:08:00,534 [main] INFO  server.Server (Server.java:doStart(351)) - jetty-9.3.24.v20180605, build timestamp: 2018-06-05T17:11:56Z, git hash: 84205aa28f11a4f31f2a3b86d1bba2cc8ab69827
2019-09-17 13:08:00,535 [main] INFO  handler.ContextHandler (ContextHandler.java:doStart(781)) - Started o.e.j.s.ServletContextHandler@6b25ef1c{/logs,file:///workdir/hadoop-ozone/integration-test/target/log,AVAILABLE}
2019-09-17 13:08:00,536 [main] INFO  handler.ContextHandler (ContextHandler.java:doStart(781)) - Started o.e.j.s.ServletContextHandler@68c34db2{/static,file:///workdir/hadoop-ozone/integration-test/target/test-classes/webapps/static,AVAILABLE}
2019-09-17 13:08:00,540 [main] INFO  handler.ContextHandler (ContextHandler.java:doStart(781)) - Started o.e.j.w.WebAppContext@1192c925{/,file:///workdir/hadoop-ozone/integration-test/target/test-classes/webapps/ozoneManager/,AVAILABLE}{/ozoneManager}
2019-09-17 13:08:00,541 [main] INFO  server.AbstractConnector (AbstractConnector.java:doStart(278)) - Started ServerConnector@615b5480{HTTP/1.1,[http/1.1]}{0.0.0.0:38912}
2019-09-17 13:08:00,542 [main] INFO  server.Server (Server.java:doStart(419)) - Started @641783ms
2019-09-17 13:08:00,542 [main] WARN  impl.MetricsSystemImpl (MetricsSystemImpl.java:register(276)) - Sink prometheus already exists!
2019-09-17 13:08:00,543 [main] INFO  server.BaseHttpServer (BaseHttpServer.java:updateConnectorAddress(215)) - HTTP server of OZONEMANAGER is listening at http://0.0.0.0:38912
2019-09-17 13:08:00,558 [main] INFO  impl.MetricsSystemImpl (MetricsSystemImpl.java:init(158)) - HddsDatanode metrics system started (again)
2019-09-17 13:08:00,562 [main] INFO  ozone.HddsDatanodeService (HddsDatanodeService.java:start(184)) - HddsDatanodeService host:pr-hdds-2142-clczg-3805722443 ip:192.168.34.33
2019-09-17 13:08:00,570 [main] INFO  volume.HddsVolume (HddsVolume.java:<init>(176)) - Creating Volume: /workdir/hadoop-ozone/integration-test/target/test-dir/MiniOzoneClusterImpl-caf98cc2-320f-4cdb-8f1a-69abe353d978/datanode-0/data/containers/hdds of  storage type : DISK and capacity : 1482555576320
2019-09-17 13:08:00,570 [main] INFO  volume.VolumeSet (VolumeSet.java:initializeVolumeSet(170)) - Added Volume : /workdir/hadoop-ozone/integration-test/target/test-dir/MiniOzoneClusterImpl-caf98cc2-320f-4cdb-8f1a-69abe353d978/datanode-0/data/containers/hdds to VolumeSet
2019-09-17 13:08:00,570 [main] INFO  volume.ThrottledAsyncChecker (ThrottledAsyncChecker.java:schedule(139)) - Scheduling a check for org.apache.hadoop.ozone.container.common.volume.HddsVolume@65036e8d
2019-09-17 13:08:00,571 [main] INFO  volume.HddsVolumeChecker (HddsVolumeChecker.java:checkAllVolumes(202)) - Scheduled health check for volume org.apache.hadoop.ozone.container.common.volume.HddsVolume@65036e8d
2019-09-17 13:08:00,586 [main] INFO  impl.RaftServerProxy (ConfUtils.java:logGet(43)) - raft.rpc.type = GRPC (default)
2019-09-17 13:08:00,587 [main] INFO  grpc.GrpcFactory (GrpcFactory.java:checkPooledByteBufAllocatorUseCacheForAllThreads(45)) - PERFORMANCE WARNING: useCacheForAllThreads is true that may cause Netty to create a lot garbage objects and, as a result, trigger GC.
	It is recommended to disable useCacheForAllThreads by setting -Dorg.apache.ratis.thirdparty.io.netty.allocator.useCacheForAllThreads=false in command line.
2019-09-17 13:08:00,587 [main] INFO  grpc.GrpcConfigKeys$Server (ConfUtils.java:logGet(43)) - raft.grpc.server.port = 0 (default)
2019-09-17 13:08:00,587 [main] INFO  server.GrpcService (ConfUtils.java:logGet(43)) - raft.grpc.message.size.max = 33570816 (custom)
2019-09-17 13:08:00,587 [main] INFO  server.RaftServerConfigKeys (ConfUtils.java:logGet(43)) - raft.server.log.appender.buffer.byte-limit = 33554432 (custom)
2019-09-17 13:08:00,587 [main] INFO  server.GrpcService (ConfUtils.java:logGet(43)) - raft.grpc.flow.control.window = 1MB (=1048576) (default)
2019-09-17 13:08:00,588 [main] INFO  server.RaftServerConfigKeys (ConfUtils.java:logGet(43)) - raft.server.rpc.request.timeout = 3000ms (default)
2019-09-17 13:08:00,588 [main] INFO  server.RaftServerConfigKeys (ConfUtils.java:logGet(43)) - raft.server.storage.dir = [/workdir/hadoop-ozone/integration-test/target/test-dir/MiniOzoneClusterImpl-caf98cc2-320f-4cdb-8f1a-69abe353d978/datanode-0/data/ratis] (custom)
2019-09-17 13:08:00,591 [main] INFO  hdfs.DFSUtil (DFSUtil.java:httpServerTemplateForNNAndJN(1641)) - Starting Web-server for hddsDatanode at: http://0.0.0.0:0
2019-09-17 13:08:00,592 [main] INFO  server.AuthenticationFilter (AuthenticationFilter.java:constructSecretProvider(240)) - Unable to initialize FileSignerSecretProvider, falling back to use random secrets.
2019-09-17 13:08:00,593 [main] WARN  http.HttpRequestLog (HttpRequestLog.java:getRequestLog(97)) - Jetty request log can only be enabled using Log4j
2019-09-17 13:08:00,594 [main] INFO  http.HttpServer2 (HttpServer2.java:addGlobalFilter(975)) - Added global filter 'safety' (class=org.apache.hadoop.http.HttpServer2$QuotingInputFilter)
2019-09-17 13:08:00,594 [main] INFO  http.HttpServer2 (HttpServer2.java:addFilter(948)) - Added filter static_user_filter (class=org.apache.hadoop.http.lib.StaticUserWebFilter$StaticUserFilter) to context hddsDatanode
2019-09-17 13:08:00,595 [main] INFO  http.HttpServer2 (HttpServer2.java:addFilter(958)) - Added filter static_user_filter (class=org.apache.hadoop.http.lib.StaticUserWebFilter$StaticUserFilter) to context logs
2019-09-17 13:08:00,595 [main] INFO  http.HttpServer2 (HttpServer2.java:addFilter(958)) - Added filter static_user_filter (class=org.apache.hadoop.http.lib.StaticUserWebFilter$StaticUserFilter) to context static
2019-09-17 13:08:00,595 [main] INFO  http.HttpServer2 (HttpServer2.java:bindListener(1191)) - Jetty bound to port 44599
2019-09-17 13:08:00,595 [main] INFO  server.Server (Server.java:doStart(351)) - jetty-9.3.24.v20180605, build timestamp: 2018-06-05T17:11:56Z, git hash: 84205aa28f11a4f31f2a3b86d1bba2cc8ab69827
2019-09-17 13:08:00,597 [main] INFO  handler.ContextHandler (ContextHandler.java:doStart(781)) - Started o.e.j.s.ServletContextHandler@6826b70f{/logs,file:///workdir/hadoop-ozone/integration-test/target/log,AVAILABLE}
2019-09-17 13:08:00,597 [main] INFO  handler.ContextHandler (ContextHandler.java:doStart(781)) - Started o.e.j.s.ServletContextHandler@781dac73{/static,jar:file:/home/user/.m2/repository/org/apache/hadoop/hadoop-hdds-container-service/0.5.0-SNAPSHOT/hadoop-hdds-container-service-0.5.0-SNAPSHOT.jar!/webapps/static,AVAILABLE}
2019-09-17 13:08:00,627 [main] INFO  handler.ContextHandler (ContextHandler.java:doStart(781)) - Started o.e.j.w.WebAppContext@28b458e6{/,file:///tmp/jetty-0.0.0.0-44599-hddsDatanode-_-any-586655138462466710.dir/webapp/,AVAILABLE}{/hddsDatanode}
2019-09-17 13:08:00,627 [main] INFO  server.AbstractConnector (AbstractConnector.java:doStart(278)) - Started ServerConnector@221ca495{HTTP/1.1,[http/1.1]}{0.0.0.0:44599}
2019-09-17 13:08:00,629 [main] INFO  server.Server (Server.java:doStart(419)) - Started @641869ms
2019-09-17 13:08:00,629 [main] WARN  impl.MetricsSystemImpl (MetricsSystemImpl.java:register(276)) - Sink prometheus already exists!
2019-09-17 13:08:00,629 [main] INFO  server.BaseHttpServer (BaseHttpServer.java:updateConnectorAddress(215)) - HTTP server of HDDSDATANODE is listening at http://0.0.0.0:44599
2019-09-17 13:08:00,630 [main] INFO  impl.MetricsSystemImpl (MetricsSystemImpl.java:init(158)) - HddsDatanode metrics system started (again)
2019-09-17 13:08:00,633 [org.apache.hadoop.util.JvmPauseMonitor$Monitor@37872d6d] INFO  util.JvmPauseMonitor (JvmPauseMonitor.java:run(188)) - Starting JVM pause monitor
2019-09-17 13:08:00,634 [main] INFO  ozone.HddsDatanodeService (HddsDatanodeService.java:start(184)) - HddsDatanodeService host:pr-hdds-2142-clczg-3805722443 ip:192.168.34.33
2019-09-17 13:08:00,636 [Datanode State Machine Thread - 0] INFO  datanode.InitDatanodeState (InitDatanodeState.java:persistContainerDatanodeDetails(140)) - DatanodeDetails is persisted to /workdir/hadoop-ozone/integration-test/target/test-dir/MiniOzoneClusterImpl-caf98cc2-320f-4cdb-8f1a-69abe353d978/datanode-0/meta/datanode.id
2019-09-17 13:08:00,641 [main] INFO  volume.HddsVolume (HddsVolume.java:<init>(176)) - Creating Volume: /workdir/hadoop-ozone/integration-test/target/test-dir/MiniOzoneClusterImpl-caf98cc2-320f-4cdb-8f1a-69abe353d978/datanode-1/data/containers/hdds of  storage type : DISK and capacity : 1482555576320
2019-09-17 13:08:00,641 [main] INFO  volume.VolumeSet (VolumeSet.java:initializeVolumeSet(170)) - Added Volume : /workdir/hadoop-ozone/integration-test/target/test-dir/MiniOzoneClusterImpl-caf98cc2-320f-4cdb-8f1a-69abe353d978/datanode-1/data/containers/hdds to VolumeSet
2019-09-17 13:08:00,641 [main] INFO  volume.ThrottledAsyncChecker (ThrottledAsyncChecker.java:schedule(139)) - Scheduling a check for org.apache.hadoop.ozone.container.common.volume.HddsVolume@7336fd8f
2019-09-17 13:08:00,642 [main] INFO  volume.HddsVolumeChecker (HddsVolumeChecker.java:checkAllVolumes(202)) - Scheduled health check for volume org.apache.hadoop.ozone.container.common.volume.HddsVolume@7336fd8f
2019-09-17 13:08:00,655 [main] INFO  impl.RaftServerProxy (ConfUtils.java:logGet(43)) - raft.rpc.type = GRPC (default)
2019-09-17 13:08:00,655 [main] INFO  grpc.GrpcFactory (GrpcFactory.java:checkPooledByteBufAllocatorUseCacheForAllThreads(45)) - PERFORMANCE WARNING: useCacheForAllThreads is true that may cause Netty to create a lot garbage objects and, as a result, trigger GC.
	It is recommended to disable useCacheForAllThreads by setting -Dorg.apache.ratis.thirdparty.io.netty.allocator.useCacheForAllThreads=false in command line.
2019-09-17 13:08:00,655 [main] INFO  grpc.GrpcConfigKeys$Server (ConfUtils.java:logGet(43)) - raft.grpc.server.port = 0 (default)
2019-09-17 13:08:00,655 [main] INFO  server.GrpcService (ConfUtils.java:logGet(43)) - raft.grpc.message.size.max = 33570816 (custom)
2019-09-17 13:08:00,655 [main] INFO  server.RaftServerConfigKeys (ConfUtils.java:logGet(43)) - raft.server.log.appender.buffer.byte-limit = 33554432 (custom)
2019-09-17 13:08:00,655 [main] INFO  server.GrpcService (ConfUtils.java:logGet(43)) - raft.grpc.flow.control.window = 1MB (=1048576) (default)
2019-09-17 13:08:00,656 [main] INFO  server.RaftServerConfigKeys (ConfUtils.java:logGet(43)) - raft.server.rpc.request.timeout = 3000ms (default)
2019-09-17 13:08:00,656 [main] INFO  server.RaftServerConfigKeys (ConfUtils.java:logGet(43)) - raft.server.storage.dir = [/workdir/hadoop-ozone/integration-test/target/test-dir/MiniOzoneClusterImpl-caf98cc2-320f-4cdb-8f1a-69abe353d978/datanode-1/data/ratis] (custom)
2019-09-17 13:08:00,657 [main] INFO  hdfs.DFSUtil (DFSUtil.java:httpServerTemplateForNNAndJN(1641)) - Starting Web-server for hddsDatanode at: http://0.0.0.0:0
2019-09-17 13:08:00,658 [main] INFO  server.AuthenticationFilter (AuthenticationFilter.java:constructSecretProvider(240)) - Unable to initialize FileSignerSecretProvider, falling back to use random secrets.
2019-09-17 13:08:00,659 [main] WARN  http.HttpRequestLog (HttpRequestLog.java:getRequestLog(97)) - Jetty request log can only be enabled using Log4j
2019-09-17 13:08:00,660 [main] INFO  http.HttpServer2 (HttpServer2.java:addGlobalFilter(975)) - Added global filter 'safety' (class=org.apache.hadoop.http.HttpServer2$QuotingInputFilter)
2019-09-17 13:08:00,660 [main] INFO  http.HttpServer2 (HttpServer2.java:addFilter(948)) - Added filter static_user_filter (class=org.apache.hadoop.http.lib.StaticUserWebFilter$StaticUserFilter) to context hddsDatanode
2019-09-17 13:08:00,660 [main] INFO  http.HttpServer2 (HttpServer2.java:addFilter(958)) - Added filter static_user_filter (class=org.apache.hadoop.http.lib.StaticUserWebFilter$StaticUserFilter) to context logs
2019-09-17 13:08:00,660 [main] INFO  http.HttpServer2 (HttpServer2.java:addFilter(958)) - Added filter static_user_filter (class=org.apache.hadoop.http.lib.StaticUserWebFilter$StaticUserFilter) to context static
2019-09-17 13:08:00,661 [main] INFO  http.HttpServer2 (HttpServer2.java:bindListener(1191)) - Jetty bound to port 34530
2019-09-17 13:08:00,661 [main] INFO  server.Server (Server.java:doStart(351)) - jetty-9.3.24.v20180605, build timestamp: 2018-06-05T17:11:56Z, git hash: 84205aa28f11a4f31f2a3b86d1bba2cc8ab69827
2019-09-17 13:08:00,662 [main] INFO  handler.ContextHandler (ContextHandler.java:doStart(781)) - Started o.e.j.s.ServletContextHandler@639c7f9c{/logs,file:///workdir/hadoop-ozone/integration-test/target/log,AVAILABLE}
2019-09-17 13:08:00,663 [main] INFO  handler.ContextHandler (ContextHandler.java:doStart(781)) - Started o.e.j.s.ServletContextHandler@1815577b{/static,jar:file:/home/user/.m2/repository/org/apache/hadoop/hadoop-hdds-container-service/0.5.0-SNAPSHOT/hadoop-hdds-container-service-0.5.0-SNAPSHOT.jar!/webapps/static,AVAILABLE}
2019-09-17 13:08:00,689 [main] INFO  handler.ContextHandler (ContextHandler.java:doStart(781)) - Started o.e.j.w.WebAppContext@1f758e4f{/,file:///tmp/jetty-0.0.0.0-34530-hddsDatanode-_-any-8349906401416684518.dir/webapp/,AVAILABLE}{/hddsDatanode}
2019-09-17 13:08:00,689 [main] INFO  server.AbstractConnector (AbstractConnector.java:doStart(278)) - Started ServerConnector@733534f9{HTTP/1.1,[http/1.1]}{0.0.0.0:34530}
2019-09-17 13:08:00,691 [main] INFO  server.Server (Server.java:doStart(419)) - Started @641932ms
2019-09-17 13:08:00,691 [main] WARN  impl.MetricsSystemImpl (MetricsSystemImpl.java:register(276)) - Sink prometheus already exists!
2019-09-17 13:08:00,692 [main] INFO  server.BaseHttpServer (BaseHttpServer.java:updateConnectorAddress(215)) - HTTP server of HDDSDATANODE is listening at http://0.0.0.0:34530
2019-09-17 13:08:00,692 [main] INFO  impl.MetricsSystemImpl (MetricsSystemImpl.java:init(158)) - HddsDatanode metrics system started (again)
2019-09-17 13:08:00,696 [org.apache.hadoop.util.JvmPauseMonitor$Monitor@7e1c8372] INFO  util.JvmPauseMonitor (JvmPauseMonitor.java:run(188)) - Starting JVM pause monitor
2019-09-17 13:08:00,696 [main] INFO  ozone.HddsDatanodeService (HddsDatanodeService.java:start(184)) - HddsDatanodeService host:pr-hdds-2142-clczg-3805722443 ip:192.168.34.33
2019-09-17 13:08:00,697 [Datanode State Machine Thread - 0] INFO  datanode.InitDatanodeState (InitDatanodeState.java:persistContainerDatanodeDetails(140)) - DatanodeDetails is persisted to /workdir/hadoop-ozone/integration-test/target/test-dir/MiniOzoneClusterImpl-caf98cc2-320f-4cdb-8f1a-69abe353d978/datanode-1/meta/datanode.id
2019-09-17 13:08:00,703 [main] INFO  volume.HddsVolume (HddsVolume.java:<init>(176)) - Creating Volume: /workdir/hadoop-ozone/integration-test/target/test-dir/MiniOzoneClusterImpl-caf98cc2-320f-4cdb-8f1a-69abe353d978/datanode-2/data/containers/hdds of  storage type : DISK and capacity : 1482555576320
2019-09-17 13:08:00,703 [main] INFO  volume.VolumeSet (VolumeSet.java:initializeVolumeSet(170)) - Added Volume : /workdir/hadoop-ozone/integration-test/target/test-dir/MiniOzoneClusterImpl-caf98cc2-320f-4cdb-8f1a-69abe353d978/datanode-2/data/containers/hdds to VolumeSet
2019-09-17 13:08:00,704 [main] INFO  volume.ThrottledAsyncChecker (ThrottledAsyncChecker.java:schedule(139)) - Scheduling a check for org.apache.hadoop.ozone.container.common.volume.HddsVolume@4357524b
2019-09-17 13:08:00,704 [main] INFO  volume.HddsVolumeChecker (HddsVolumeChecker.java:checkAllVolumes(202)) - Scheduled health check for volume org.apache.hadoop.ozone.container.common.volume.HddsVolume@4357524b
2019-09-17 13:08:00,717 [main] INFO  impl.RaftServerProxy (ConfUtils.java:logGet(43)) - raft.rpc.type = GRPC (default)
2019-09-17 13:08:00,717 [main] INFO  grpc.GrpcFactory (GrpcFactory.java:checkPooledByteBufAllocatorUseCacheForAllThreads(45)) - PERFORMANCE WARNING: useCacheForAllThreads is true that may cause Netty to create a lot garbage objects and, as a result, trigger GC.
	It is recommended to disable useCacheForAllThreads by setting -Dorg.apache.ratis.thirdparty.io.netty.allocator.useCacheForAllThreads=false in command line.
2019-09-17 13:08:00,717 [main] INFO  grpc.GrpcConfigKeys$Server (ConfUtils.java:logGet(43)) - raft.grpc.server.port = 0 (default)
2019-09-17 13:08:00,717 [main] INFO  server.GrpcService (ConfUtils.java:logGet(43)) - raft.grpc.message.size.max = 33570816 (custom)
2019-09-17 13:08:00,718 [main] INFO  server.RaftServerConfigKeys (ConfUtils.java:logGet(43)) - raft.server.log.appender.buffer.byte-limit = 33554432 (custom)
2019-09-17 13:08:00,718 [main] INFO  server.GrpcService (ConfUtils.java:logGet(43)) - raft.grpc.flow.control.window = 1MB (=1048576) (default)
2019-09-17 13:08:00,718 [main] INFO  server.RaftServerConfigKeys (ConfUtils.java:logGet(43)) - raft.server.rpc.request.timeout = 3000ms (default)
2019-09-17 13:08:00,718 [main] INFO  server.RaftServerConfigKeys (ConfUtils.java:logGet(43)) - raft.server.storage.dir = [/workdir/hadoop-ozone/integration-test/target/test-dir/MiniOzoneClusterImpl-caf98cc2-320f-4cdb-8f1a-69abe353d978/datanode-2/data/ratis] (custom)
2019-09-17 13:08:00,719 [main] INFO  hdfs.DFSUtil (DFSUtil.java:httpServerTemplateForNNAndJN(1641)) - Starting Web-server for hddsDatanode at: http://0.0.0.0:0
2019-09-17 13:08:00,720 [main] INFO  server.AuthenticationFilter (AuthenticationFilter.java:constructSecretProvider(240)) - Unable to initialize FileSignerSecretProvider, falling back to use random secrets.
2019-09-17 13:08:00,721 [main] WARN  http.HttpRequestLog (HttpRequestLog.java:getRequestLog(97)) - Jetty request log can only be enabled using Log4j
2019-09-17 13:08:00,722 [main] INFO  http.HttpServer2 (HttpServer2.java:addGlobalFilter(975)) - Added global filter 'safety' (class=org.apache.hadoop.http.HttpServer2$QuotingInputFilter)
2019-09-17 13:08:00,722 [main] INFO  http.HttpServer2 (HttpServer2.java:addFilter(948)) - Added filter static_user_filter (class=org.apache.hadoop.http.lib.StaticUserWebFilter$StaticUserFilter) to context hddsDatanode
2019-09-17 13:08:00,722 [main] INFO  http.HttpServer2 (HttpServer2.java:addFilter(958)) - Added filter static_user_filter (class=org.apache.hadoop.http.lib.StaticUserWebFilter$StaticUserFilter) to context static
2019-09-17 13:08:00,722 [main] INFO  http.HttpServer2 (HttpServer2.java:addFilter(958)) - Added filter static_user_filter (class=org.apache.hadoop.http.lib.StaticUserWebFilter$StaticUserFilter) to context logs
2019-09-17 13:08:00,723 [main] INFO  http.HttpServer2 (HttpServer2.java:bindListener(1191)) - Jetty bound to port 38450
2019-09-17 13:08:00,723 [main] INFO  server.Server (Server.java:doStart(351)) - jetty-9.3.24.v20180605, build timestamp: 2018-06-05T17:11:56Z, git hash: 84205aa28f11a4f31f2a3b86d1bba2cc8ab69827
2019-09-17 13:08:00,724 [main] INFO  handler.ContextHandler (ContextHandler.java:doStart(781)) - Started o.e.j.s.ServletContextHandler@69a373fd{/logs,file:///workdir/hadoop-ozone/integration-test/target/log,AVAILABLE}
2019-09-17 13:08:00,725 [main] INFO  handler.ContextHandler (ContextHandler.java:doStart(781)) - Started o.e.j.s.ServletContextHandler@6735f210{/static,jar:file:/home/user/.m2/repository/org/apache/hadoop/hadoop-hdds-container-service/0.5.0-SNAPSHOT/hadoop-hdds-container-service-0.5.0-SNAPSHOT.jar!/webapps/static,AVAILABLE}
2019-09-17 13:08:00,752 [main] INFO  handler.ContextHandler (ContextHandler.java:doStart(781)) - Started o.e.j.w.WebAppContext@77fc19cf{/,file:///tmp/jetty-0.0.0.0-38450-hddsDatanode-_-any-6143536154798871935.dir/webapp/,AVAILABLE}{/hddsDatanode}
2019-09-17 13:08:00,752 [main] INFO  server.AbstractConnector (AbstractConnector.java:doStart(278)) - Started ServerConnector@643ecfef{HTTP/1.1,[http/1.1]}{0.0.0.0:38450}
2019-09-17 13:08:00,754 [main] INFO  server.Server (Server.java:doStart(419)) - Started @641995ms
2019-09-17 13:08:00,754 [main] WARN  impl.MetricsSystemImpl (MetricsSystemImpl.java:register(276)) - Sink prometheus already exists!
2019-09-17 13:08:00,755 [main] INFO  server.BaseHttpServer (BaseHttpServer.java:updateConnectorAddress(215)) - HTTP server of HDDSDATANODE is listening at http://0.0.0.0:38450
2019-09-17 13:08:00,755 [main] INFO  impl.MetricsSystemImpl (MetricsSystemImpl.java:init(158)) - HddsDatanode metrics system started (again)
2019-09-17 13:08:00,759 [org.apache.hadoop.util.JvmPauseMonitor$Monitor@6e847bbb] INFO  util.JvmPauseMonitor (JvmPauseMonitor.java:run(188)) - Starting JVM pause monitor
2019-09-17 13:08:00,760 [main] INFO  ozone.HddsDatanodeService (HddsDatanodeService.java:start(184)) - HddsDatanodeService host:pr-hdds-2142-clczg-3805722443 ip:192.168.34.33
2019-09-17 13:08:00,760 [Datanode State Machine Thread - 0] INFO  datanode.InitDatanodeState (InitDatanodeState.java:persistContainerDatanodeDetails(140)) - DatanodeDetails is persisted to /workdir/hadoop-ozone/integration-test/target/test-dir/MiniOzoneClusterImpl-caf98cc2-320f-4cdb-8f1a-69abe353d978/datanode-2/meta/datanode.id
2019-09-17 13:08:00,766 [main] INFO  volume.HddsVolume (HddsVolume.java:<init>(176)) - Creating Volume: /workdir/hadoop-ozone/integration-test/target/test-dir/MiniOzoneClusterImpl-caf98cc2-320f-4cdb-8f1a-69abe353d978/datanode-3/data/containers/hdds of  storage type : DISK and capacity : 1482555576320
2019-09-17 13:08:00,766 [main] INFO  volume.VolumeSet (VolumeSet.java:initializeVolumeSet(170)) - Added Volume : /workdir/hadoop-ozone/integration-test/target/test-dir/MiniOzoneClusterImpl-caf98cc2-320f-4cdb-8f1a-69abe353d978/datanode-3/data/containers/hdds to VolumeSet
2019-09-17 13:08:00,767 [main] INFO  volume.ThrottledAsyncChecker (ThrottledAsyncChecker.java:schedule(139)) - Scheduling a check for org.apache.hadoop.ozone.container.common.volume.HddsVolume@53cb0bcb
2019-09-17 13:08:00,767 [main] INFO  volume.HddsVolumeChecker (HddsVolumeChecker.java:checkAllVolumes(202)) - Scheduled health check for volume org.apache.hadoop.ozone.container.common.volume.HddsVolume@53cb0bcb
2019-09-17 13:08:00,779 [main] INFO  impl.RaftServerProxy (ConfUtils.java:logGet(43)) - raft.rpc.type = GRPC (default)
2019-09-17 13:08:00,779 [main] INFO  grpc.GrpcFactory (GrpcFactory.java:checkPooledByteBufAllocatorUseCacheForAllThreads(45)) - PERFORMANCE WARNING: useCacheForAllThreads is true that may cause Netty to create a lot garbage objects and, as a result, trigger GC.
	It is recommended to disable useCacheForAllThreads by setting -Dorg.apache.ratis.thirdparty.io.netty.allocator.useCacheForAllThreads=false in command line.
2019-09-17 13:08:00,779 [main] INFO  grpc.GrpcConfigKeys$Server (ConfUtils.java:logGet(43)) - raft.grpc.server.port = 0 (default)
2019-09-17 13:08:00,779 [main] INFO  server.GrpcService (ConfUtils.java:logGet(43)) - raft.grpc.message.size.max = 33570816 (custom)
2019-09-17 13:08:00,779 [main] INFO  server.RaftServerConfigKeys (ConfUtils.java:logGet(43)) - raft.server.log.appender.buffer.byte-limit = 33554432 (custom)
2019-09-17 13:08:00,779 [main] INFO  server.GrpcService (ConfUtils.java:logGet(43)) - raft.grpc.flow.control.window = 1MB (=1048576) (default)
2019-09-17 13:08:00,780 [main] INFO  server.RaftServerConfigKeys (ConfUtils.java:logGet(43)) - raft.server.rpc.request.timeout = 3000ms (default)
2019-09-17 13:08:00,780 [main] INFO  server.RaftServerConfigKeys (ConfUtils.java:logGet(43)) - raft.server.storage.dir = [/workdir/hadoop-ozone/integration-test/target/test-dir/MiniOzoneClusterImpl-caf98cc2-320f-4cdb-8f1a-69abe353d978/datanode-3/data/ratis] (custom)
2019-09-17 13:08:00,781 [main] INFO  hdfs.DFSUtil (DFSUtil.java:httpServerTemplateForNNAndJN(1641)) - Starting Web-server for hddsDatanode at: http://0.0.0.0:0
2019-09-17 13:08:00,782 [main] INFO  server.AuthenticationFilter (AuthenticationFilter.java:constructSecretProvider(240)) - Unable to initialize FileSignerSecretProvider, falling back to use random secrets.
2019-09-17 13:08:00,782 [main] WARN  http.HttpRequestLog (HttpRequestLog.java:getRequestLog(97)) - Jetty request log can only be enabled using Log4j
2019-09-17 13:08:00,784 [main] INFO  http.HttpServer2 (HttpServer2.java:addGlobalFilter(975)) - Added global filter 'safety' (class=org.apache.hadoop.http.HttpServer2$QuotingInputFilter)
2019-09-17 13:08:00,784 [main] INFO  http.HttpServer2 (HttpServer2.java:addFilter(948)) - Added filter static_user_filter (class=org.apache.hadoop.http.lib.StaticUserWebFilter$StaticUserFilter) to context hddsDatanode
2019-09-17 13:08:00,784 [main] INFO  http.HttpServer2 (HttpServer2.java:addFilter(958)) - Added filter static_user_filter (class=org.apache.hadoop.http.lib.StaticUserWebFilter$StaticUserFilter) to context static
2019-09-17 13:08:00,784 [main] INFO  http.HttpServer2 (HttpServer2.java:addFilter(958)) - Added filter static_user_filter (class=org.apache.hadoop.http.lib.StaticUserWebFilter$StaticUserFilter) to context logs
2019-09-17 13:08:00,785 [main] INFO  http.HttpServer2 (HttpServer2.java:bindListener(1191)) - Jetty bound to port 45712
2019-09-17 13:08:00,785 [main] INFO  server.Server (Server.java:doStart(351)) - jetty-9.3.24.v20180605, build timestamp: 2018-06-05T17:11:56Z, git hash: 84205aa28f11a4f31f2a3b86d1bba2cc8ab69827
2019-09-17 13:08:00,786 [main] INFO  handler.ContextHandler (ContextHandler.java:doStart(781)) - Started o.e.j.s.ServletContextHandler@2dcd0e41{/logs,file:///workdir/hadoop-ozone/integration-test/target/log,AVAILABLE}
2019-09-17 13:08:00,787 [main] INFO  handler.ContextHandler (ContextHandler.java:doStart(781)) - Started o.e.j.s.ServletContextHandler@1b409a79{/static,jar:file:/home/user/.m2/repository/org/apache/hadoop/hadoop-hdds-container-service/0.5.0-SNAPSHOT/hadoop-hdds-container-service-0.5.0-SNAPSHOT.jar!/webapps/static,AVAILABLE}
2019-09-17 13:08:00,813 [main] INFO  handler.ContextHandler (ContextHandler.java:doStart(781)) - Started o.e.j.w.WebAppContext@e01a26b{/,file:///tmp/jetty-0.0.0.0-45712-hddsDatanode-_-any-7023317553109149047.dir/webapp/,AVAILABLE}{/hddsDatanode}
2019-09-17 13:08:00,813 [main] INFO  server.AbstractConnector (AbstractConnector.java:doStart(278)) - Started ServerConnector@7604198a{HTTP/1.1,[http/1.1]}{0.0.0.0:45712}
2019-09-17 13:08:00,814 [main] INFO  server.Server (Server.java:doStart(419)) - Started @642055ms
2019-09-17 13:08:00,815 [main] WARN  impl.MetricsSystemImpl (MetricsSystemImpl.java:register(276)) - Sink prometheus already exists!
2019-09-17 13:08:00,816 [main] INFO  server.BaseHttpServer (BaseHttpServer.java:updateConnectorAddress(215)) - HTTP server of HDDSDATANODE is listening at http://0.0.0.0:45712
2019-09-17 13:08:00,816 [main] INFO  impl.MetricsSystemImpl (MetricsSystemImpl.java:init(158)) - HddsDatanode metrics system started (again)
2019-09-17 13:08:00,821 [org.apache.hadoop.util.JvmPauseMonitor$Monitor@66e53825] INFO  util.JvmPauseMonitor (JvmPauseMonitor.java:run(188)) - Starting JVM pause monitor
2019-09-17 13:08:00,821 [main] INFO  ozone.HddsDatanodeService (HddsDatanodeService.java:start(184)) - HddsDatanodeService host:pr-hdds-2142-clczg-3805722443 ip:192.168.34.33
2019-09-17 13:08:00,821 [Datanode State Machine Thread - 0] INFO  datanode.InitDatanodeState (InitDatanodeState.java:persistContainerDatanodeDetails(140)) - DatanodeDetails is persisted to /workdir/hadoop-ozone/integration-test/target/test-dir/MiniOzoneClusterImpl-caf98cc2-320f-4cdb-8f1a-69abe353d978/datanode-3/meta/datanode.id
2019-09-17 13:08:00,828 [main] INFO  volume.HddsVolume (HddsVolume.java:<init>(176)) - Creating Volume: /workdir/hadoop-ozone/integration-test/target/test-dir/MiniOzoneClusterImpl-caf98cc2-320f-4cdb-8f1a-69abe353d978/datanode-4/data/containers/hdds of  storage type : DISK and capacity : 1482555576320
2019-09-17 13:08:00,828 [main] INFO  volume.VolumeSet (VolumeSet.java:initializeVolumeSet(170)) - Added Volume : /workdir/hadoop-ozone/integration-test/target/test-dir/MiniOzoneClusterImpl-caf98cc2-320f-4cdb-8f1a-69abe353d978/datanode-4/data/containers/hdds to VolumeSet
2019-09-17 13:08:00,828 [main] INFO  volume.ThrottledAsyncChecker (ThrottledAsyncChecker.java:schedule(139)) - Scheduling a check for org.apache.hadoop.ozone.container.common.volume.HddsVolume@288728e
2019-09-17 13:08:00,828 [main] INFO  volume.HddsVolumeChecker (HddsVolumeChecker.java:checkAllVolumes(202)) - Scheduled health check for volume org.apache.hadoop.ozone.container.common.volume.HddsVolume@288728e
2019-09-17 13:08:00,842 [main] INFO  impl.RaftServerProxy (ConfUtils.java:logGet(43)) - raft.rpc.type = GRPC (default)
2019-09-17 13:08:00,842 [main] INFO  grpc.GrpcFactory (GrpcFactory.java:checkPooledByteBufAllocatorUseCacheForAllThreads(45)) - PERFORMANCE WARNING: useCacheForAllThreads is true that may cause Netty to create a lot garbage objects and, as a result, trigger GC.
	It is recommended to disable useCacheForAllThreads by setting -Dorg.apache.ratis.thirdparty.io.netty.allocator.useCacheForAllThreads=false in command line.
2019-09-17 13:08:00,842 [main] INFO  grpc.GrpcConfigKeys$Server (ConfUtils.java:logGet(43)) - raft.grpc.server.port = 0 (default)
2019-09-17 13:08:00,842 [main] INFO  server.GrpcService (ConfUtils.java:logGet(43)) - raft.grpc.message.size.max = 33570816 (custom)
2019-09-17 13:08:00,842 [main] INFO  server.RaftServerConfigKeys (ConfUtils.java:logGet(43)) - raft.server.log.appender.buffer.byte-limit = 33554432 (custom)
2019-09-17 13:08:00,842 [main] INFO  server.GrpcService (ConfUtils.java:logGet(43)) - raft.grpc.flow.control.window = 1MB (=1048576) (default)
2019-09-17 13:08:00,843 [main] INFO  server.RaftServerConfigKeys (ConfUtils.java:logGet(43)) - raft.server.rpc.request.timeout = 3000ms (default)
2019-09-17 13:08:00,843 [main] INFO  server.RaftServerConfigKeys (ConfUtils.java:logGet(43)) - raft.server.storage.dir = [/workdir/hadoop-ozone/integration-test/target/test-dir/MiniOzoneClusterImpl-caf98cc2-320f-4cdb-8f1a-69abe353d978/datanode-4/data/ratis] (custom)
2019-09-17 13:08:00,844 [main] INFO  hdfs.DFSUtil (DFSUtil.java:httpServerTemplateForNNAndJN(1641)) - Starting Web-server for hddsDatanode at: http://0.0.0.0:0
2019-09-17 13:08:00,845 [main] INFO  server.AuthenticationFilter (AuthenticationFilter.java:constructSecretProvider(240)) - Unable to initialize FileSignerSecretProvider, falling back to use random secrets.
2019-09-17 13:08:00,845 [main] WARN  http.HttpRequestLog (HttpRequestLog.java:getRequestLog(97)) - Jetty request log can only be enabled using Log4j
2019-09-17 13:08:00,846 [main] INFO  http.HttpServer2 (HttpServer2.java:addGlobalFilter(975)) - Added global filter 'safety' (class=org.apache.hadoop.http.HttpServer2$QuotingInputFilter)
2019-09-17 13:08:00,847 [main] INFO  http.HttpServer2 (HttpServer2.java:addFilter(948)) - Added filter static_user_filter (class=org.apache.hadoop.http.lib.StaticUserWebFilter$StaticUserFilter) to context hddsDatanode
2019-09-17 13:08:00,847 [main] INFO  http.HttpServer2 (HttpServer2.java:addFilter(958)) - Added filter static_user_filter (class=org.apache.hadoop.http.lib.StaticUserWebFilter$StaticUserFilter) to context logs
2019-09-17 13:08:00,847 [main] INFO  http.HttpServer2 (HttpServer2.java:addFilter(958)) - Added filter static_user_filter (class=org.apache.hadoop.http.lib.StaticUserWebFilter$StaticUserFilter) to context static
2019-09-17 13:08:00,848 [main] INFO  http.HttpServer2 (HttpServer2.java:bindListener(1191)) - Jetty bound to port 41180
2019-09-17 13:08:00,848 [main] INFO  server.Server (Server.java:doStart(351)) - jetty-9.3.24.v20180605, build timestamp: 2018-06-05T17:11:56Z, git hash: 84205aa28f11a4f31f2a3b86d1bba2cc8ab69827
2019-09-17 13:08:00,849 [main] INFO  handler.ContextHandler (ContextHandler.java:doStart(781)) - Started o.e.j.s.ServletContextHandler@3e74fd84{/logs,file:///workdir/hadoop-ozone/integration-test/target/log,AVAILABLE}
2019-09-17 13:08:00,849 [main] INFO  handler.ContextHandler (ContextHandler.java:doStart(781)) - Started o.e.j.s.ServletContextHandler@1e120628{/static,jar:file:/home/user/.m2/repository/org/apache/hadoop/hadoop-hdds-container-service/0.5.0-SNAPSHOT/hadoop-hdds-container-service-0.5.0-SNAPSHOT.jar!/webapps/static,AVAILABLE}
2019-09-17 13:08:00,876 [main] INFO  handler.ContextHandler (ContextHandler.java:doStart(781)) - Started o.e.j.w.WebAppContext@7e18ced7{/,file:///tmp/jetty-0.0.0.0-41180-hddsDatanode-_-any-5937049965512673860.dir/webapp/,AVAILABLE}{/hddsDatanode}
2019-09-17 13:08:00,876 [main] INFO  server.AbstractConnector (AbstractConnector.java:doStart(278)) - Started ServerConnector@305b43ca{HTTP/1.1,[http/1.1]}{0.0.0.0:41180}
2019-09-17 13:08:00,878 [main] INFO  server.Server (Server.java:doStart(419)) - Started @642119ms
2019-09-17 13:08:00,878 [main] WARN  impl.MetricsSystemImpl (MetricsSystemImpl.java:register(276)) - Sink prometheus already exists!
2019-09-17 13:08:00,879 [main] INFO  server.BaseHttpServer (BaseHttpServer.java:updateConnectorAddress(215)) - HTTP server of HDDSDATANODE is listening at http://0.0.0.0:41180
2019-09-17 13:08:00,879 [main] INFO  impl.MetricsSystemImpl (MetricsSystemImpl.java:init(158)) - HddsDatanode metrics system started (again)
2019-09-17 13:08:00,884 [org.apache.hadoop.util.JvmPauseMonitor$Monitor@b7b0e93] INFO  util.JvmPauseMonitor (JvmPauseMonitor.java:run(188)) - Starting JVM pause monitor
2019-09-17 13:08:00,884 [main] INFO  ozone.HddsDatanodeService (HddsDatanodeService.java:start(184)) - HddsDatanodeService host:pr-hdds-2142-clczg-3805722443 ip:192.168.34.33
2019-09-17 13:08:00,885 [Datanode State Machine Thread - 0] INFO  datanode.InitDatanodeState (InitDatanodeState.java:persistContainerDatanodeDetails(140)) - DatanodeDetails is persisted to /workdir/hadoop-ozone/integration-test/target/test-dir/MiniOzoneClusterImpl-caf98cc2-320f-4cdb-8f1a-69abe353d978/datanode-4/meta/datanode.id
2019-09-17 13:08:00,898 [main] INFO  volume.HddsVolume (HddsVolume.java:<init>(176)) - Creating Volume: /workdir/hadoop-ozone/integration-test/target/test-dir/MiniOzoneClusterImpl-caf98cc2-320f-4cdb-8f1a-69abe353d978/datanode-5/data/containers/hdds of  storage type : DISK and capacity : 1482555576320
2019-09-17 13:08:00,898 [main] INFO  volume.VolumeSet (VolumeSet.java:initializeVolumeSet(170)) - Added Volume : /workdir/hadoop-ozone/integration-test/target/test-dir/MiniOzoneClusterImpl-caf98cc2-320f-4cdb-8f1a-69abe353d978/datanode-5/data/containers/hdds to VolumeSet
2019-09-17 13:08:00,898 [main] INFO  volume.ThrottledAsyncChecker (ThrottledAsyncChecker.java:schedule(139)) - Scheduling a check for org.apache.hadoop.ozone.container.common.volume.HddsVolume@77663cd7
2019-09-17 13:08:00,899 [main] INFO  volume.HddsVolumeChecker (HddsVolumeChecker.java:checkAllVolumes(202)) - Scheduled health check for volume org.apache.hadoop.ozone.container.common.volume.HddsVolume@77663cd7
2019-09-17 13:08:00,911 [main] INFO  impl.RaftServerProxy (ConfUtils.java:logGet(43)) - raft.rpc.type = GRPC (default)
2019-09-17 13:08:00,911 [main] INFO  grpc.GrpcFactory (GrpcFactory.java:checkPooledByteBufAllocatorUseCacheForAllThreads(45)) - PERFORMANCE WARNING: useCacheForAllThreads is true that may cause Netty to create a lot garbage objects and, as a result, trigger GC.
	It is recommended to disable useCacheForAllThreads by setting -Dorg.apache.ratis.thirdparty.io.netty.allocator.useCacheForAllThreads=false in command line.
2019-09-17 13:08:00,911 [main] INFO  grpc.GrpcConfigKeys$Server (ConfUtils.java:logGet(43)) - raft.grpc.server.port = 0 (default)
2019-09-17 13:08:00,911 [main] INFO  server.GrpcService (ConfUtils.java:logGet(43)) - raft.grpc.message.size.max = 33570816 (custom)
2019-09-17 13:08:00,911 [main] INFO  server.RaftServerConfigKeys (ConfUtils.java:logGet(43)) - raft.server.log.appender.buffer.byte-limit = 33554432 (custom)
2019-09-17 13:08:00,911 [main] INFO  server.GrpcService (ConfUtils.java:logGet(43)) - raft.grpc.flow.control.window = 1MB (=1048576) (default)
2019-09-17 13:08:00,912 [main] INFO  server.RaftServerConfigKeys (ConfUtils.java:logGet(43)) - raft.server.rpc.request.timeout = 3000ms (default)
2019-09-17 13:08:00,912 [main] INFO  server.RaftServerConfigKeys (ConfUtils.java:logGet(43)) - raft.server.storage.dir = [/workdir/hadoop-ozone/integration-test/target/test-dir/MiniOzoneClusterImpl-caf98cc2-320f-4cdb-8f1a-69abe353d978/datanode-5/data/ratis] (custom)
2019-09-17 13:08:00,913 [main] INFO  hdfs.DFSUtil (DFSUtil.java:httpServerTemplateForNNAndJN(1641)) - Starting Web-server for hddsDatanode at: http://0.0.0.0:0
2019-09-17 13:08:00,914 [main] INFO  server.AuthenticationFilter (AuthenticationFilter.java:constructSecretProvider(240)) - Unable to initialize FileSignerSecretProvider, falling back to use random secrets.
2019-09-17 13:08:00,915 [main] WARN  http.HttpRequestLog (HttpRequestLog.java:getRequestLog(97)) - Jetty request log can only be enabled using Log4j
2019-09-17 13:08:00,916 [main] INFO  http.HttpServer2 (HttpServer2.java:addGlobalFilter(975)) - Added global filter 'safety' (class=org.apache.hadoop.http.HttpServer2$QuotingInputFilter)
2019-09-17 13:08:00,916 [main] INFO  http.HttpServer2 (HttpServer2.java:addFilter(948)) - Added filter static_user_filter (class=org.apache.hadoop.http.lib.StaticUserWebFilter$StaticUserFilter) to context hddsDatanode
2019-09-17 13:08:00,916 [main] INFO  http.HttpServer2 (HttpServer2.java:addFilter(958)) - Added filter static_user_filter (class=org.apache.hadoop.http.lib.StaticUserWebFilter$StaticUserFilter) to context static
2019-09-17 13:08:00,917 [main] INFO  http.HttpServer2 (HttpServer2.java:addFilter(958)) - Added filter static_user_filter (class=org.apache.hadoop.http.lib.StaticUserWebFilter$StaticUserFilter) to context logs
2019-09-17 13:08:00,917 [main] INFO  http.HttpServer2 (HttpServer2.java:bindListener(1191)) - Jetty bound to port 46347
2019-09-17 13:08:00,917 [main] INFO  server.Server (Server.java:doStart(351)) - jetty-9.3.24.v20180605, build timestamp: 2018-06-05T17:11:56Z, git hash: 84205aa28f11a4f31f2a3b86d1bba2cc8ab69827
2019-09-17 13:08:00,920 [main] INFO  handler.ContextHandler (ContextHandler.java:doStart(781)) - Started o.e.j.s.ServletContextHandler@675ec28b{/logs,file:///workdir/hadoop-ozone/integration-test/target/log,AVAILABLE}
2019-09-17 13:08:00,921 [main] INFO  handler.ContextHandler (ContextHandler.java:doStart(781)) - Started o.e.j.s.ServletContextHandler@610fbe1c{/static,jar:file:/home/user/.m2/repository/org/apache/hadoop/hadoop-hdds-container-service/0.5.0-SNAPSHOT/hadoop-hdds-container-service-0.5.0-SNAPSHOT.jar!/webapps/static,AVAILABLE}
2019-09-17 13:08:00,947 [main] INFO  handler.ContextHandler (ContextHandler.java:doStart(781)) - Started o.e.j.w.WebAppContext@629b780f{/,file:///tmp/jetty-0.0.0.0-46347-hddsDatanode-_-any-1581960844351946216.dir/webapp/,AVAILABLE}{/hddsDatanode}
2019-09-17 13:08:00,948 [main] INFO  server.AbstractConnector (AbstractConnector.java:doStart(278)) - Started ServerConnector@3af36922{HTTP/1.1,[http/1.1]}{0.0.0.0:46347}
2019-09-17 13:08:00,950 [main] INFO  server.Server (Server.java:doStart(419)) - Started @642190ms
2019-09-17 13:08:00,950 [main] WARN  impl.MetricsSystemImpl (MetricsSystemImpl.java:register(276)) - Sink prometheus already exists!
2019-09-17 13:08:00,950 [main] INFO  server.BaseHttpServer (BaseHttpServer.java:updateConnectorAddress(215)) - HTTP server of HDDSDATANODE is listening at http://0.0.0.0:46347
2019-09-17 13:08:00,951 [main] INFO  impl.MetricsSystemImpl (MetricsSystemImpl.java:init(158)) - HddsDatanode metrics system started (again)
2019-09-17 13:08:00,956 [org.apache.hadoop.util.JvmPauseMonitor$Monitor@7e240fc6] INFO  util.JvmPauseMonitor (JvmPauseMonitor.java:run(188)) - Starting JVM pause monitor
2019-09-17 13:08:00,957 [main] INFO  ozone.HddsDatanodeService (HddsDatanodeService.java:start(184)) - HddsDatanodeService host:pr-hdds-2142-clczg-3805722443 ip:192.168.34.33
2019-09-17 13:08:00,957 [Datanode State Machine Thread - 0] INFO  datanode.InitDatanodeState (InitDatanodeState.java:persistContainerDatanodeDetails(140)) - DatanodeDetails is persisted to /workdir/hadoop-ozone/integration-test/target/test-dir/MiniOzoneClusterImpl-caf98cc2-320f-4cdb-8f1a-69abe353d978/datanode-5/meta/datanode.id
2019-09-17 13:08:00,963 [main] INFO  volume.HddsVolume (HddsVolume.java:<init>(176)) - Creating Volume: /workdir/hadoop-ozone/integration-test/target/test-dir/MiniOzoneClusterImpl-caf98cc2-320f-4cdb-8f1a-69abe353d978/datanode-6/data/containers/hdds of  storage type : DISK and capacity : 1482555576320
2019-09-17 13:08:00,963 [main] INFO  volume.VolumeSet (VolumeSet.java:initializeVolumeSet(170)) - Added Volume : /workdir/hadoop-ozone/integration-test/target/test-dir/MiniOzoneClusterImpl-caf98cc2-320f-4cdb-8f1a-69abe353d978/datanode-6/data/containers/hdds to VolumeSet
2019-09-17 13:08:00,963 [main] INFO  volume.ThrottledAsyncChecker (ThrottledAsyncChecker.java:schedule(139)) - Scheduling a check for org.apache.hadoop.ozone.container.common.volume.HddsVolume@7fc7152e
2019-09-17 13:08:00,964 [main] INFO  volume.HddsVolumeChecker (HddsVolumeChecker.java:checkAllVolumes(202)) - Scheduled health check for volume org.apache.hadoop.ozone.container.common.volume.HddsVolume@7fc7152e
2019-09-17 13:08:00,976 [main] INFO  impl.RaftServerProxy (ConfUtils.java:logGet(43)) - raft.rpc.type = GRPC (default)
2019-09-17 13:08:00,976 [main] INFO  grpc.GrpcFactory (GrpcFactory.java:checkPooledByteBufAllocatorUseCacheForAllThreads(45)) - PERFORMANCE WARNING: useCacheForAllThreads is true that may cause Netty to create a lot garbage objects and, as a result, trigger GC.
	It is recommended to disable useCacheForAllThreads by setting -Dorg.apache.ratis.thirdparty.io.netty.allocator.useCacheForAllThreads=false in command line.
2019-09-17 13:08:00,976 [main] INFO  grpc.GrpcConfigKeys$Server (ConfUtils.java:logGet(43)) - raft.grpc.server.port = 0 (default)
2019-09-17 13:08:00,976 [main] INFO  server.GrpcService (ConfUtils.java:logGet(43)) - raft.grpc.message.size.max = 33570816 (custom)
2019-09-17 13:08:00,976 [main] INFO  server.RaftServerConfigKeys (ConfUtils.java:logGet(43)) - raft.server.log.appender.buffer.byte-limit = 33554432 (custom)
2019-09-17 13:08:00,976 [main] INFO  server.GrpcService (ConfUtils.java:logGet(43)) - raft.grpc.flow.control.window = 1MB (=1048576) (default)
2019-09-17 13:08:00,977 [main] INFO  server.RaftServerConfigKeys (ConfUtils.java:logGet(43)) - raft.server.rpc.request.timeout = 3000ms (default)
2019-09-17 13:08:00,977 [main] INFO  server.RaftServerConfigKeys (ConfUtils.java:logGet(43)) - raft.server.storage.dir = [/workdir/hadoop-ozone/integration-test/target/test-dir/MiniOzoneClusterImpl-caf98cc2-320f-4cdb-8f1a-69abe353d978/datanode-6/data/ratis] (custom)
2019-09-17 13:08:00,978 [main] INFO  hdfs.DFSUtil (DFSUtil.java:httpServerTemplateForNNAndJN(1641)) - Starting Web-server for hddsDatanode at: http://0.0.0.0:0
2019-09-17 13:08:00,979 [main] INFO  server.AuthenticationFilter (AuthenticationFilter.java:constructSecretProvider(240)) - Unable to initialize FileSignerSecretProvider, falling back to use random secrets.
2019-09-17 13:08:00,979 [main] WARN  http.HttpRequestLog (HttpRequestLog.java:getRequestLog(97)) - Jetty request log can only be enabled using Log4j
2019-09-17 13:08:00,981 [main] INFO  http.HttpServer2 (HttpServer2.java:addGlobalFilter(975)) - Added global filter 'safety' (class=org.apache.hadoop.http.HttpServer2$QuotingInputFilter)
2019-09-17 13:08:00,981 [main] INFO  http.HttpServer2 (HttpServer2.java:addFilter(948)) - Added filter static_user_filter (class=org.apache.hadoop.http.lib.StaticUserWebFilter$StaticUserFilter) to context hddsDatanode
2019-09-17 13:08:00,981 [main] INFO  http.HttpServer2 (HttpServer2.java:addFilter(958)) - Added filter static_user_filter (class=org.apache.hadoop.http.lib.StaticUserWebFilter$StaticUserFilter) to context logs
2019-09-17 13:08:00,981 [main] INFO  http.HttpServer2 (HttpServer2.java:addFilter(958)) - Added filter static_user_filter (class=org.apache.hadoop.http.lib.StaticUserWebFilter$StaticUserFilter) to context static
2019-09-17 13:08:00,982 [main] INFO  http.HttpServer2 (HttpServer2.java:bindListener(1191)) - Jetty bound to port 42556
2019-09-17 13:08:00,982 [main] INFO  server.Server (Server.java:doStart(351)) - jetty-9.3.24.v20180605, build timestamp: 2018-06-05T17:11:56Z, git hash: 84205aa28f11a4f31f2a3b86d1bba2cc8ab69827
2019-09-17 13:08:00,983 [main] INFO  handler.ContextHandler (ContextHandler.java:doStart(781)) - Started o.e.j.s.ServletContextHandler@748904e8{/logs,file:///workdir/hadoop-ozone/integration-test/target/log,AVAILABLE}
2019-09-17 13:08:00,984 [main] INFO  handler.ContextHandler (ContextHandler.java:doStart(781)) - Started o.e.j.s.ServletContextHandler@3b3056a6{/static,jar:file:/home/user/.m2/repository/org/apache/hadoop/hadoop-hdds-container-service/0.5.0-SNAPSHOT/hadoop-hdds-container-service-0.5.0-SNAPSHOT.jar!/webapps/static,AVAILABLE}
2019-09-17 13:08:01,011 [main] INFO  handler.ContextHandler (ContextHandler.java:doStart(781)) - Started o.e.j.w.WebAppContext@75ad30c1{/,file:///tmp/jetty-0.0.0.0-42556-hddsDatanode-_-any-6144330608417953682.dir/webapp/,AVAILABLE}{/hddsDatanode}
2019-09-17 13:08:01,011 [main] INFO  server.AbstractConnector (AbstractConnector.java:doStart(278)) - Started ServerConnector@fe8aaeb{HTTP/1.1,[http/1.1]}{0.0.0.0:42556}
2019-09-17 13:08:01,011 [main] INFO  server.Server (Server.java:doStart(419)) - Started @642252ms
2019-09-17 13:08:01,013 [main] WARN  impl.MetricsSystemImpl (MetricsSystemImpl.java:register(276)) - Sink prometheus already exists!
2019-09-17 13:08:01,014 [main] INFO  server.BaseHttpServer (BaseHttpServer.java:updateConnectorAddress(215)) - HTTP server of HDDSDATANODE is listening at http://0.0.0.0:42556
2019-09-17 13:08:01,014 [main] INFO  ozone.MiniOzoneClusterImpl (MiniOzoneClusterImpl.java:lambda$waitForClusterToBeReady$0(145)) - Waiting for cluster to be ready. Got 0 of 7 DN Heartbeats.
2019-09-17 13:08:01,015 [org.apache.hadoop.util.JvmPauseMonitor$Monitor@4d79fc7c] INFO  util.JvmPauseMonitor (JvmPauseMonitor.java:run(188)) - Starting JVM pause monitor
2019-09-17 13:08:01,016 [Datanode State Machine Thread - 0] INFO  datanode.InitDatanodeState (InitDatanodeState.java:persistContainerDatanodeDetails(140)) - DatanodeDetails is persisted to /workdir/hadoop-ozone/integration-test/target/test-dir/MiniOzoneClusterImpl-caf98cc2-320f-4cdb-8f1a-69abe353d978/datanode-6/meta/datanode.id
2019-09-17 13:08:02,015 [main] INFO  ozone.MiniOzoneClusterImpl (MiniOzoneClusterImpl.java:lambda$waitForClusterToBeReady$0(145)) - Waiting for cluster to be ready. Got 0 of 7 DN Heartbeats.
2019-09-17 13:08:02,668 [Datanode State Machine Thread - 0] INFO  ozoneimpl.OzoneContainer (OzoneContainer.java:start(217)) - Attempting to start container services.
2019-09-17 13:08:02,670 [Datanode State Machine Thread - 0] INFO  ozoneimpl.OzoneContainer (OzoneContainer.java:startContainerScrub(179)) - Background container scanner has been disabled.
2019-09-17 13:08:02,670 [Datanode State Machine Thread - 0] INFO  ratis.XceiverServerRatis (XceiverServerRatis.java:start(411)) - Starting XceiverServerRatis c786c601-e0a1-4ea9-8579-a25f069b88e9 at port 0
2019-09-17 13:08:02,679 [Datanode State Machine Thread - 0] INFO  impl.RaftServerProxy (RaftServerProxy.java:lambda$start$3(299)) - c786c601-e0a1-4ea9-8579-a25f069b88e9: start RPC server
2019-09-17 13:08:02,684 [Datanode State Machine Thread - 0] INFO  server.GrpcService (GrpcService.java:startImpl(158)) - c786c601-e0a1-4ea9-8579-a25f069b88e9: GrpcService started, listening on 0.0.0.0/0.0.0.0:34965
2019-09-17 13:08:02,684 [Datanode State Machine Thread - 0] INFO  ratis.XceiverServerRatis (XceiverServerRatis.java:start(421)) - XceiverServerRatis c786c601-e0a1-4ea9-8579-a25f069b88e9 is started using port 34965
2019-09-17 13:08:02,686 [Datanode State Machine Thread - 0] INFO  server.XceiverServerGrpc (XceiverServerGrpc.java:start(163)) - XceiverServerGrpc c786c601-e0a1-4ea9-8579-a25f069b88e9 is started using port 32866
2019-09-17 13:08:02,713 [Datanode State Machine Thread - 0] INFO  ozoneimpl.OzoneContainer (OzoneContainer.java:start(217)) - Attempting to start container services.
2019-09-17 13:08:02,713 [Datanode State Machine Thread - 0] INFO  ozoneimpl.OzoneContainer (OzoneContainer.java:startContainerScrub(179)) - Background container scanner has been disabled.
2019-09-17 13:08:02,713 [Datanode State Machine Thread - 0] INFO  ratis.XceiverServerRatis (XceiverServerRatis.java:start(411)) - Starting XceiverServerRatis 1a3d981f-7244-4107-b16e-282149130905 at port 0
2019-09-17 13:08:02,721 [Datanode State Machine Thread - 0] INFO  impl.RaftServerProxy (RaftServerProxy.java:lambda$start$3(299)) - 1a3d981f-7244-4107-b16e-282149130905: start RPC server
2019-09-17 13:08:02,723 [Datanode State Machine Thread - 0] INFO  server.GrpcService (GrpcService.java:startImpl(158)) - 1a3d981f-7244-4107-b16e-282149130905: GrpcService started, listening on 0.0.0.0/0.0.0.0:42152
2019-09-17 13:08:02,724 [Datanode State Machine Thread - 0] INFO  ratis.XceiverServerRatis (XceiverServerRatis.java:start(421)) - XceiverServerRatis 1a3d981f-7244-4107-b16e-282149130905 is started using port 42152
2019-09-17 13:08:02,724 [Datanode State Machine Thread - 0] INFO  server.XceiverServerGrpc (XceiverServerGrpc.java:start(163)) - XceiverServerGrpc 1a3d981f-7244-4107-b16e-282149130905 is started using port 45646
2019-09-17 13:08:02,774 [Datanode State Machine Thread - 0] INFO  ozoneimpl.OzoneContainer (OzoneContainer.java:start(217)) - Attempting to start container services.
2019-09-17 13:08:02,774 [Datanode State Machine Thread - 0] INFO  ozoneimpl.OzoneContainer (OzoneContainer.java:startContainerScrub(179)) - Background container scanner has been disabled.
2019-09-17 13:08:02,774 [Datanode State Machine Thread - 0] INFO  ratis.XceiverServerRatis (XceiverServerRatis.java:start(411)) - Starting XceiverServerRatis b30f90cd-ab04-4ed5-9a9b-61135d4290ae at port 0
2019-09-17 13:08:02,782 [Datanode State Machine Thread - 0] INFO  impl.RaftServerProxy (RaftServerProxy.java:lambda$start$3(299)) - b30f90cd-ab04-4ed5-9a9b-61135d4290ae: start RPC server
2019-09-17 13:08:02,783 [Datanode State Machine Thread - 0] INFO  server.GrpcService (GrpcService.java:startImpl(158)) - b30f90cd-ab04-4ed5-9a9b-61135d4290ae: GrpcService started, listening on 0.0.0.0/0.0.0.0:35399
2019-09-17 13:08:02,783 [Datanode State Machine Thread - 0] INFO  ratis.XceiverServerRatis (XceiverServerRatis.java:start(421)) - XceiverServerRatis b30f90cd-ab04-4ed5-9a9b-61135d4290ae is started using port 35399
2019-09-17 13:08:02,800 [Datanode State Machine Thread - 0] INFO  server.XceiverServerGrpc (XceiverServerGrpc.java:start(163)) - XceiverServerGrpc b30f90cd-ab04-4ed5-9a9b-61135d4290ae is started using port 37179
2019-09-17 13:08:02,833 [Datanode State Machine Thread - 0] INFO  ozoneimpl.OzoneContainer (OzoneContainer.java:start(217)) - Attempting to start container services.
2019-09-17 13:08:02,834 [Datanode State Machine Thread - 0] INFO  ozoneimpl.OzoneContainer (OzoneContainer.java:startContainerScrub(179)) - Background container scanner has been disabled.
2019-09-17 13:08:02,834 [Datanode State Machine Thread - 0] INFO  ratis.XceiverServerRatis (XceiverServerRatis.java:start(411)) - Starting XceiverServerRatis 8c5522c8-f35d-44ba-91f8-db341543b05d at port 0
2019-09-17 13:08:02,841 [Datanode State Machine Thread - 0] INFO  impl.RaftServerProxy (RaftServerProxy.java:lambda$start$3(299)) - 8c5522c8-f35d-44ba-91f8-db341543b05d: start RPC server
2019-09-17 13:08:02,841 [Datanode State Machine Thread - 0] INFO  server.GrpcService (GrpcService.java:startImpl(158)) - 8c5522c8-f35d-44ba-91f8-db341543b05d: GrpcService started, listening on 0.0.0.0/0.0.0.0:41999
2019-09-17 13:08:02,842 [Datanode State Machine Thread - 0] INFO  ratis.XceiverServerRatis (XceiverServerRatis.java:start(421)) - XceiverServerRatis 8c5522c8-f35d-44ba-91f8-db341543b05d is started using port 41999
2019-09-17 13:08:02,842 [Datanode State Machine Thread - 0] INFO  server.XceiverServerGrpc (XceiverServerGrpc.java:start(163)) - XceiverServerGrpc 8c5522c8-f35d-44ba-91f8-db341543b05d is started using port 36599
2019-09-17 13:08:02,898 [Datanode State Machine Thread - 0] INFO  ozoneimpl.OzoneContainer (OzoneContainer.java:start(217)) - Attempting to start container services.
2019-09-17 13:08:02,898 [Datanode State Machine Thread - 0] INFO  ozoneimpl.OzoneContainer (OzoneContainer.java:startContainerScrub(179)) - Background container scanner has been disabled.
2019-09-17 13:08:02,899 [Datanode State Machine Thread - 0] INFO  ratis.XceiverServerRatis (XceiverServerRatis.java:start(411)) - Starting XceiverServerRatis bafc845d-bbde-4f8f-86b6-115dec71aedb at port 0
2019-09-17 13:08:02,907 [Datanode State Machine Thread - 0] INFO  impl.RaftServerProxy (RaftServerProxy.java:lambda$start$3(299)) - bafc845d-bbde-4f8f-86b6-115dec71aedb: start RPC server
2019-09-17 13:08:02,907 [Datanode State Machine Thread - 0] INFO  server.GrpcService (GrpcService.java:startImpl(158)) - bafc845d-bbde-4f8f-86b6-115dec71aedb: GrpcService started, listening on 0.0.0.0/0.0.0.0:42454
2019-09-17 13:08:02,907 [Datanode State Machine Thread - 0] INFO  ratis.XceiverServerRatis (XceiverServerRatis.java:start(421)) - XceiverServerRatis bafc845d-bbde-4f8f-86b6-115dec71aedb is started using port 42454
2019-09-17 13:08:02,908 [Datanode State Machine Thread - 0] INFO  server.XceiverServerGrpc (XceiverServerGrpc.java:start(163)) - XceiverServerGrpc bafc845d-bbde-4f8f-86b6-115dec71aedb is started using port 36637
2019-09-17 13:08:02,963 [Datanode State Machine Thread - 0] INFO  ozoneimpl.OzoneContainer (OzoneContainer.java:start(217)) - Attempting to start container services.
2019-09-17 13:08:02,963 [Datanode State Machine Thread - 0] INFO  ozoneimpl.OzoneContainer (OzoneContainer.java:startContainerScrub(179)) - Background container scanner has been disabled.
2019-09-17 13:08:02,963 [Datanode State Machine Thread - 0] INFO  ratis.XceiverServerRatis (XceiverServerRatis.java:start(411)) - Starting XceiverServerRatis 50f49b90-e99d-4336-a11e-085101dab1f3 at port 0
2019-09-17 13:08:02,971 [Datanode State Machine Thread - 0] INFO  impl.RaftServerProxy (RaftServerProxy.java:lambda$start$3(299)) - 50f49b90-e99d-4336-a11e-085101dab1f3: start RPC server
2019-09-17 13:08:02,972 [Datanode State Machine Thread - 0] INFO  server.GrpcService (GrpcService.java:startImpl(158)) - 50f49b90-e99d-4336-a11e-085101dab1f3: GrpcService started, listening on 0.0.0.0/0.0.0.0:40121
2019-09-17 13:08:02,972 [Datanode State Machine Thread - 0] INFO  ratis.XceiverServerRatis (XceiverServerRatis.java:start(421)) - XceiverServerRatis 50f49b90-e99d-4336-a11e-085101dab1f3 is started using port 40121
2019-09-17 13:08:02,972 [Datanode State Machine Thread - 0] INFO  server.XceiverServerGrpc (XceiverServerGrpc.java:start(163)) - XceiverServerGrpc 50f49b90-e99d-4336-a11e-085101dab1f3 is started using port 35218
2019-09-17 13:08:03,016 [main] INFO  ozone.MiniOzoneClusterImpl (MiniOzoneClusterImpl.java:lambda$waitForClusterToBeReady$0(145)) - Waiting for cluster to be ready. Got 0 of 7 DN Heartbeats.
2019-09-17 13:08:03,039 [Datanode State Machine Thread - 0] INFO  ozoneimpl.OzoneContainer (OzoneContainer.java:start(217)) - Attempting to start container services.
2019-09-17 13:08:03,039 [Datanode State Machine Thread - 0] INFO  ozoneimpl.OzoneContainer (OzoneContainer.java:startContainerScrub(179)) - Background container scanner has been disabled.
2019-09-17 13:08:03,039 [Datanode State Machine Thread - 0] INFO  ratis.XceiverServerRatis (XceiverServerRatis.java:start(411)) - Starting XceiverServerRatis 76b382c4-29be-4015-813a-8e99538dd1de at port 0
2019-09-17 13:08:03,047 [Datanode State Machine Thread - 0] INFO  impl.RaftServerProxy (RaftServerProxy.java:lambda$start$3(299)) - 76b382c4-29be-4015-813a-8e99538dd1de: start RPC server
2019-09-17 13:08:03,051 [Datanode State Machine Thread - 0] INFO  server.GrpcService (GrpcService.java:startImpl(158)) - 76b382c4-29be-4015-813a-8e99538dd1de: GrpcService started, listening on 0.0.0.0/0.0.0.0:41941
2019-09-17 13:08:03,051 [Datanode State Machine Thread - 0] INFO  ratis.XceiverServerRatis (XceiverServerRatis.java:start(421)) - XceiverServerRatis 76b382c4-29be-4015-813a-8e99538dd1de is started using port 41941
2019-09-17 13:08:03,052 [Datanode State Machine Thread - 0] INFO  server.XceiverServerGrpc (XceiverServerGrpc.java:start(163)) - XceiverServerGrpc 76b382c4-29be-4015-813a-8e99538dd1de is started using port 41120
2019-09-17 13:08:04,017 [main] INFO  ozone.MiniOzoneClusterImpl (MiniOzoneClusterImpl.java:lambda$waitForClusterToBeReady$0(145)) - Waiting for cluster to be ready. Got 0 of 7 DN Heartbeats.
2019-09-17 13:08:04,641 [IPC Server handler 5 on 34254] INFO  net.NetworkTopology (NetworkTopologyImpl.java:add(111)) - Added a new node: /default-rack/c786c601-e0a1-4ea9-8579-a25f069b88e9
2019-09-17 13:08:04,644 [IPC Server handler 5 on 34254] INFO  node.SCMNodeManager (SCMNodeManager.java:register(266)) - Registered Data node : c786c601-e0a1-4ea9-8579-a25f069b88e9{ip: 192.168.34.33, host: pr-hdds-2142-clczg-3805722443, networkLocation: /default-rack, certSerialId: null}
2019-09-17 13:08:04,645 [EventQueue-NodeRegistrationContainerReportForDataNodeSafeModeRule] INFO  safemode.SCMSafeModeManager (DataNodeSafeModeRule.java:process(71)) - SCM in safe mode. 1 DataNodes registered, 1 required.
2019-09-17 13:08:04,648 [EventQueue-NodeRegistrationContainerReportForDataNodeSafeModeRule] INFO  safemode.SCMSafeModeManager (SCMSafeModeManager.java:validateSafeModeExitRules(177)) - ScmSafeModeManager, all rules are successfully validated
2019-09-17 13:08:04,648 [EventQueue-NodeRegistrationContainerReportForDataNodeSafeModeRule] INFO  safemode.SCMSafeModeManager (SCMSafeModeManager.java:exitSafeMode(193)) - SCM exiting safe mode.
2019-09-17 13:08:04,659 [grpc-default-executor-10] INFO  impl.RaftServerProxy (RaftServerProxy.java:addNew(89)) - c786c601-e0a1-4ea9-8579-a25f069b88e9: addNew group-3E12880957E6:[c786c601-e0a1-4ea9-8579-a25f069b88e9:192.168.34.33:34965] returns group-3E12880957E6:java.util.concurrent.CompletableFuture@1f3d7db6[Not completed]
2019-09-17 13:08:04,661 [pool-499-thread-1] INFO  impl.RaftServerImpl (RaftServerImpl.java:<init>(95)) - c786c601-e0a1-4ea9-8579-a25f069b88e9: new RaftServerImpl for group-3E12880957E6:[c786c601-e0a1-4ea9-8579-a25f069b88e9:192.168.34.33:34965] with ContainerStateMachine:uninitialized
2019-09-17 13:08:04,661 [pool-499-thread-1] INFO  server.RaftServerConfigKeys (ConfUtils.java:logGet(43)) - raft.server.rpc.timeout.min = 5s (custom)
2019-09-17 13:08:04,661 [pool-499-thread-1] INFO  server.RaftServerConfigKeys (ConfUtils.java:logGet(43)) - raft.server.rpc.timeout.max = 5200ms (custom)
2019-09-17 13:08:04,661 [pool-499-thread-1] INFO  server.RaftServerConfigKeys (ConfUtils.java:logGet(43)) - raft.server.rpcslowness.timeout = 120s (custom)
2019-09-17 13:08:04,662 [pool-499-thread-1] INFO  server.RaftServerConfigKeys (ConfUtils.java:logGet(43)) - raft.server.sleep.deviation.threshold = 300 (default)
2019-09-17 13:08:04,662 [pool-499-thread-1] INFO  server.RaftServerConfigKeys (ConfUtils.java:logGet(43)) - raft.server.log.appender.install.snapshot.enabled = false (custom)
2019-09-17 13:08:04,662 [pool-499-thread-1] INFO  impl.RaftServerImpl (ServerState.java:<init>(103)) - c786c601-e0a1-4ea9-8579-a25f069b88e9@group-3E12880957E6: ConfigurationManager, init=-1: [c786c601-e0a1-4ea9-8579-a25f069b88e9:192.168.34.33:34965], old=null, confs=<EMPTY_MAP>
2019-09-17 13:08:04,662 [pool-499-thread-1] INFO  server.RaftServerConfigKeys (ConfUtils.java:logGet(43)) - raft.server.storage.dir = [/workdir/hadoop-ozone/integration-test/target/test-dir/MiniOzoneClusterImpl-caf98cc2-320f-4cdb-8f1a-69abe353d978/datanode-0/data/ratis] (custom)
2019-09-17 13:08:04,663 [pool-499-thread-1] INFO  storage.RaftStorageDirectory (RaftStorageDirectory.java:analyzeStorage(246)) - The storage directory /workdir/hadoop-ozone/integration-test/target/test-dir/MiniOzoneClusterImpl-caf98cc2-320f-4cdb-8f1a-69abe353d978/datanode-0/data/ratis/bdd12618-ac89-4cd8-8084-3e12880957e6 does not exist. Creating ...
2019-09-17 13:08:04,677 [pool-499-thread-1] INFO  storage.RaftStorageDirectory (RaftStorageDirectory.java:tryLock(328)) - Lock on /workdir/hadoop-ozone/integration-test/target/test-dir/MiniOzoneClusterImpl-caf98cc2-320f-4cdb-8f1a-69abe353d978/datanode-0/data/ratis/bdd12618-ac89-4cd8-8084-3e12880957e6/in_use.lock acquired by nodename 3526@pr-hdds-2142-clczg-3805722443
2019-09-17 13:08:04,689 [pool-499-thread-1] INFO  storage.RaftStorage (RaftStorage.java:format(72)) - Storage directory /workdir/hadoop-ozone/integration-test/target/test-dir/MiniOzoneClusterImpl-caf98cc2-320f-4cdb-8f1a-69abe353d978/datanode-0/data/ratis/bdd12618-ac89-4cd8-8084-3e12880957e6 has been successfully formatted.
2019-09-17 13:08:04,690 [pool-499-thread-1] INFO  ratis.ContainerStateMachine (ContainerStateMachine.java:loadSnapshot(230)) - group-3E12880957E6: The snapshot info is null. Setting the last applied indexto:(t:0, i:~)
2019-09-17 13:08:04,690 [pool-499-thread-1] INFO  server.RaftServerConfigKeys (ConfUtils.java:logGet(43)) - raft.server.notification.no-leader.timeout = 120s (custom)
2019-09-17 13:08:04,690 [pool-499-thread-1] INFO  server.RaftServerConfigKeys (ConfUtils.java:logGet(43)) - raft.server.log.use.memory = false (default)
2019-09-17 13:08:04,690 [pool-499-thread-1] INFO  server.RaftServerConfigKeys (ConfUtils.java:logGet(43)) - raft.server.log.purge.gap = 1000000 (custom)
2019-09-17 13:08:04,690 [pool-499-thread-1] INFO  server.RaftServerConfigKeys (ConfUtils.java:logGet(43)) - raft.server.log.appender.buffer.byte-limit = 33554432 (custom)
2019-09-17 13:08:04,691 [pool-499-thread-1] INFO  server.RaftServerConfigKeys (ConfUtils.java:logGet(43)) - raft.server.log.segment.size.max = 1048576 (custom)
2019-09-17 13:08:04,691 [pool-499-thread-1] INFO  server.RaftServerConfigKeys (ConfUtils.java:logGet(43)) - raft.server.log.segment.cache.num.max = 2 (custom)
2019-09-17 13:08:04,691 [pool-499-thread-1] INFO  segmented.SegmentedRaftLogWorker (SegmentedRaftLogWorker.java:<init>(172)) - new c786c601-e0a1-4ea9-8579-a25f069b88e9@group-3E12880957E6-SegmentedRaftLogWorker for RaftStorage:Storage Directory /workdir/hadoop-ozone/integration-test/target/test-dir/MiniOzoneClusterImpl-caf98cc2-320f-4cdb-8f1a-69abe353d978/datanode-0/data/ratis/bdd12618-ac89-4cd8-8084-3e12880957e6
2019-09-17 13:08:04,693 [pool-499-thread-1] INFO  server.RaftServerConfigKeys (ConfUtils.java:logGet(43)) - raft.server.log.queue.byte-limit = 2147483647 (custom)
2019-09-17 13:08:04,693 [pool-499-thread-1] INFO  server.RaftServerConfigKeys (ConfUtils.java:logGet(43)) - raft.server.log.queue.element-limit = 1024 (custom)
2019-09-17 13:08:04,693 [pool-499-thread-1] INFO  server.RaftServerConfigKeys (ConfUtils.java:logGet(43)) - raft.server.log.segment.size.max = 1048576 (custom)
2019-09-17 13:08:04,693 [pool-499-thread-1] INFO  server.RaftServerConfigKeys (ConfUtils.java:logGet(43)) - raft.server.log.preallocated.size = 16384 (custom)
2019-09-17 13:08:04,693 [pool-499-thread-1] INFO  server.RaftServerConfigKeys (ConfUtils.java:logGet(43)) - raft.server.log.write.buffer.size = 33554432 (custom)
2019-09-17 13:08:04,693 [pool-499-thread-1] INFO  server.RaftServerConfigKeys (ConfUtils.java:logGet(43)) - raft.server.log.force.sync.num = 128 (default)
2019-09-17 13:08:04,694 [pool-499-thread-1] INFO  server.RaftServerConfigKeys (ConfUtils.java:logGet(43)) - raft.server.log.statemachine.data.sync = true (default)
2019-09-17 13:08:04,694 [pool-499-thread-1] INFO  server.RaftServerConfigKeys (ConfUtils.java:logGet(43)) - raft.server.log.statemachine.data.sync.timeout = 10s (default)
2019-09-17 13:08:04,694 [pool-499-thread-1] INFO  server.RaftServerConfigKeys (ConfUtils.java:logGet(43)) - raft.server.log.statemachine.data.sync.timeout.retry = -1 (default)
2019-09-17 13:08:04,694 [pool-499-thread-1] INFO  server.RaftServerConfigKeys (ConfUtils.java:logGet(43)) - raft.server.log.statemachine.data.caching.enabled = true (custom)
2019-09-17 13:08:04,695 [pool-499-thread-1] INFO  segmented.SegmentedRaftLogWorker (SegmentedRaftLogWorker.java:lambda$new$0(132)) - c786c601-e0a1-4ea9-8579-a25f069b88e9@group-3E12880957E6-SegmentedRaftLogWorker: flushIndex: setUnconditionally 0 -> -1
2019-09-17 13:08:04,695 [pool-499-thread-1] INFO  server.RaftServerConfigKeys (ConfUtils.java:logGet(43)) - raft.server.snapshot.auto.trigger.enabled = true (custom)
2019-09-17 13:08:04,696 [pool-499-thread-1] INFO  server.RaftServerConfigKeys (ConfUtils.java:logGet(43)) - raft.server.snapshot.auto.trigger.threshold = 10000 (custom)
2019-09-17 13:08:04,696 [pool-499-thread-1] INFO  server.RaftServerConfigKeys (ConfUtils.java:logGet(43)) - raft.server.snapshot.retention.num.files = 5 (custom)
2019-09-17 13:08:04,696 [pool-499-thread-1] INFO  server.RaftServerConfigKeys (ConfUtils.java:logGet(43)) - raft.server.retrycache.expirytime = 600000ms (custom)
2019-09-17 13:08:04,697 [IPC Server handler 6 on 34254] INFO  net.NetworkTopology (NetworkTopologyImpl.java:add(111)) - Added a new node: /default-rack/1a3d981f-7244-4107-b16e-282149130905
2019-09-17 13:08:04,697 [IPC Server handler 6 on 34254] INFO  node.SCMNodeManager (SCMNodeManager.java:register(266)) - Registered Data node : 1a3d981f-7244-4107-b16e-282149130905{ip: 192.168.34.33, host: pr-hdds-2142-clczg-3805722443, networkLocation: /default-rack, certSerialId: null}
2019-09-17 13:08:04,698 [pool-499-thread-1] INFO  impl.RaftServerImpl (RaftServerImpl.java:start(185)) - c786c601-e0a1-4ea9-8579-a25f069b88e9@group-3E12880957E6: start as a follower, conf=-1: [c786c601-e0a1-4ea9-8579-a25f069b88e9:192.168.34.33:34965], old=null
2019-09-17 13:08:04,698 [pool-499-thread-1] INFO  impl.RaftServerImpl (RaftServerImpl.java:setRole(174)) - c786c601-e0a1-4ea9-8579-a25f069b88e9@group-3E12880957E6: changes role from      null to FOLLOWER at term 0 for startAsFollower
2019-09-17 13:08:04,699 [pool-499-thread-1] INFO  impl.RoleInfo (RoleInfo.java:updateAndGet(143)) - c786c601-e0a1-4ea9-8579-a25f069b88e9: start FollowerState
2019-09-17 13:08:04,699 [pool-499-thread-1] INFO  util.JmxRegister (JmxRegister.java:tryRegister(44)) - Successfully registered JMX Bean with object name Ratis:service=RaftServer,group=group-3E12880957E6,id=c786c601-e0a1-4ea9-8579-a25f069b88e9
2019-09-17 13:08:04,703 [RatisPipelineUtilsThread] INFO  pipeline.PipelineStateManager (PipelineStateManager.java:addPipeline(56)) - Created pipeline Pipeline[ Id: bdd12618-ac89-4cd8-8084-3e12880957e6, Nodes: c786c601-e0a1-4ea9-8579-a25f069b88e9{ip: 192.168.34.33, host: pr-hdds-2142-clczg-3805722443, networkLocation: /default-rack, certSerialId: null}, Type:RATIS, Factor:ONE, State:OPEN]
2019-09-17 13:08:04,710 [grpc-default-executor-10] INFO  impl.RaftServerProxy (RaftServerProxy.java:addNew(89)) - 1a3d981f-7244-4107-b16e-282149130905: addNew group-B884D77A8744:[1a3d981f-7244-4107-b16e-282149130905:192.168.34.33:42152] returns group-B884D77A8744:java.util.concurrent.CompletableFuture@77cfe9bd[Not completed]
2019-09-17 13:08:04,711 [pool-509-thread-1] INFO  impl.RaftServerImpl (RaftServerImpl.java:<init>(95)) - 1a3d981f-7244-4107-b16e-282149130905: new RaftServerImpl for group-B884D77A8744:[1a3d981f-7244-4107-b16e-282149130905:192.168.34.33:42152] with ContainerStateMachine:uninitialized
2019-09-17 13:08:04,711 [pool-509-thread-1] INFO  server.RaftServerConfigKeys (ConfUtils.java:logGet(43)) - raft.server.rpc.timeout.min = 5s (custom)
2019-09-17 13:08:04,711 [pool-509-thread-1] INFO  server.RaftServerConfigKeys (ConfUtils.java:logGet(43)) - raft.server.rpc.timeout.max = 5200ms (custom)
2019-09-17 13:08:04,711 [pool-509-thread-1] INFO  server.RaftServerConfigKeys (ConfUtils.java:logGet(43)) - raft.server.rpcslowness.timeout = 120s (custom)
2019-09-17 13:08:04,711 [pool-509-thread-1] INFO  server.RaftServerConfigKeys (ConfUtils.java:logGet(43)) - raft.server.sleep.deviation.threshold = 300 (default)
2019-09-17 13:08:04,712 [pool-509-thread-1] INFO  server.RaftServerConfigKeys (ConfUtils.java:logGet(43)) - raft.server.log.appender.install.snapshot.enabled = false (custom)
2019-09-17 13:08:04,712 [pool-509-thread-1] INFO  impl.RaftServerImpl (ServerState.java:<init>(103)) - 1a3d981f-7244-4107-b16e-282149130905@group-B884D77A8744: ConfigurationManager, init=-1: [1a3d981f-7244-4107-b16e-282149130905:192.168.34.33:42152], old=null, confs=<EMPTY_MAP>
2019-09-17 13:08:04,712 [pool-509-thread-1] INFO  server.RaftServerConfigKeys (ConfUtils.java:logGet(43)) - raft.server.storage.dir = [/workdir/hadoop-ozone/integration-test/target/test-dir/MiniOzoneClusterImpl-caf98cc2-320f-4cdb-8f1a-69abe353d978/datanode-1/data/ratis] (custom)
2019-09-17 13:08:04,712 [pool-509-thread-1] INFO  storage.RaftStorageDirectory (RaftStorageDirectory.java:analyzeStorage(246)) - The storage directory /workdir/hadoop-ozone/integration-test/target/test-dir/MiniOzoneClusterImpl-caf98cc2-320f-4cdb-8f1a-69abe353d978/datanode-1/data/ratis/0f8ac12e-7aae-4c40-8cb1-b884d77a8744 does not exist. Creating ...
2019-09-17 13:08:04,726 [pool-509-thread-1] INFO  storage.RaftStorageDirectory (RaftStorageDirectory.java:tryLock(328)) - Lock on /workdir/hadoop-ozone/integration-test/target/test-dir/MiniOzoneClusterImpl-caf98cc2-320f-4cdb-8f1a-69abe353d978/datanode-1/data/ratis/0f8ac12e-7aae-4c40-8cb1-b884d77a8744/in_use.lock acquired by nodename 3526@pr-hdds-2142-clczg-3805722443
2019-09-17 13:08:04,738 [pool-509-thread-1] INFO  storage.RaftStorage (RaftStorage.java:format(72)) - Storage directory /workdir/hadoop-ozone/integration-test/target/test-dir/MiniOzoneClusterImpl-caf98cc2-320f-4cdb-8f1a-69abe353d978/datanode-1/data/ratis/0f8ac12e-7aae-4c40-8cb1-b884d77a8744 has been successfully formatted.
2019-09-17 13:08:04,738 [pool-509-thread-1] INFO  ratis.ContainerStateMachine (ContainerStateMachine.java:loadSnapshot(230)) - group-B884D77A8744: The snapshot info is null. Setting the last applied indexto:(t:0, i:~)
2019-09-17 13:08:04,739 [pool-509-thread-1] INFO  server.RaftServerConfigKeys (ConfUtils.java:logGet(43)) - raft.server.notification.no-leader.timeout = 120s (custom)
2019-09-17 13:08:04,739 [pool-509-thread-1] INFO  server.RaftServerConfigKeys (ConfUtils.java:logGet(43)) - raft.server.log.use.memory = false (default)
2019-09-17 13:08:04,739 [pool-509-thread-1] INFO  server.RaftServerConfigKeys (ConfUtils.java:logGet(43)) - raft.server.log.purge.gap = 1000000 (custom)
2019-09-17 13:08:04,739 [pool-509-thread-1] INFO  server.RaftServerConfigKeys (ConfUtils.java:logGet(43)) - raft.server.log.appender.buffer.byte-limit = 33554432 (custom)
2019-09-17 13:08:04,739 [pool-509-thread-1] INFO  server.RaftServerConfigKeys (ConfUtils.java:logGet(43)) - raft.server.log.segment.size.max = 1048576 (custom)
2019-09-17 13:08:04,739 [pool-509-thread-1] INFO  server.RaftServerConfigKeys (ConfUtils.java:logGet(43)) - raft.server.log.segment.cache.num.max = 2 (custom)
2019-09-17 13:08:04,739 [pool-509-thread-1] INFO  segmented.SegmentedRaftLogWorker (SegmentedRaftLogWorker.java:<init>(172)) - new 1a3d981f-7244-4107-b16e-282149130905@group-B884D77A8744-SegmentedRaftLogWorker for RaftStorage:Storage Directory /workdir/hadoop-ozone/integration-test/target/test-dir/MiniOzoneClusterImpl-caf98cc2-320f-4cdb-8f1a-69abe353d978/datanode-1/data/ratis/0f8ac12e-7aae-4c40-8cb1-b884d77a8744
2019-09-17 13:08:04,741 [pool-509-thread-1] INFO  server.RaftServerConfigKeys (ConfUtils.java:logGet(43)) - raft.server.log.queue.byte-limit = 2147483647 (custom)
2019-09-17 13:08:04,741 [pool-509-thread-1] INFO  server.RaftServerConfigKeys (ConfUtils.java:logGet(43)) - raft.server.log.queue.element-limit = 1024 (custom)
2019-09-17 13:08:04,741 [pool-509-thread-1] INFO  server.RaftServerConfigKeys (ConfUtils.java:logGet(43)) - raft.server.log.segment.size.max = 1048576 (custom)
2019-09-17 13:08:04,741 [pool-509-thread-1] INFO  server.RaftServerConfigKeys (ConfUtils.java:logGet(43)) - raft.server.log.preallocated.size = 16384 (custom)
2019-09-17 13:08:04,742 [pool-509-thread-1] INFO  server.RaftServerConfigKeys (ConfUtils.java:logGet(43)) - raft.server.log.write.buffer.size = 33554432 (custom)
2019-09-17 13:08:04,742 [pool-509-thread-1] INFO  server.RaftServerConfigKeys (ConfUtils.java:logGet(43)) - raft.server.log.force.sync.num = 128 (default)
2019-09-17 13:08:04,742 [pool-509-thread-1] INFO  server.RaftServerConfigKeys (ConfUtils.java:logGet(43)) - raft.server.log.statemachine.data.sync = true (default)
2019-09-17 13:08:04,742 [pool-509-thread-1] INFO  server.RaftServerConfigKeys (ConfUtils.java:logGet(43)) - raft.server.log.statemachine.data.sync.timeout = 10s (default)
2019-09-17 13:08:04,742 [pool-509-thread-1] INFO  server.RaftServerConfigKeys (ConfUtils.java:logGet(43)) - raft.server.log.statemachine.data.sync.timeout.retry = -1 (default)
2019-09-17 13:08:04,742 [pool-509-thread-1] INFO  server.RaftServerConfigKeys (ConfUtils.java:logGet(43)) - raft.server.log.statemachine.data.caching.enabled = true (custom)
2019-09-17 13:08:04,742 [pool-509-thread-1] INFO  segmented.SegmentedRaftLogWorker (SegmentedRaftLogWorker.java:lambda$new$0(132)) - 1a3d981f-7244-4107-b16e-282149130905@group-B884D77A8744-SegmentedRaftLogWorker: flushIndex: setUnconditionally 0 -> -1
2019-09-17 13:08:04,743 [pool-509-thread-1] INFO  server.RaftServerConfigKeys (ConfUtils.java:logGet(43)) - raft.server.snapshot.auto.trigger.enabled = true (custom)
2019-09-17 13:08:04,743 [pool-509-thread-1] INFO  server.RaftServerConfigKeys (ConfUtils.java:logGet(43)) - raft.server.snapshot.auto.trigger.threshold = 10000 (custom)
2019-09-17 13:08:04,743 [pool-509-thread-1] INFO  server.RaftServerConfigKeys (ConfUtils.java:logGet(43)) - raft.server.snapshot.retention.num.files = 5 (custom)
2019-09-17 13:08:04,743 [pool-509-thread-1] INFO  server.RaftServerConfigKeys (ConfUtils.java:logGet(43)) - raft.server.retrycache.expirytime = 600000ms (custom)
2019-09-17 13:08:04,745 [pool-509-thread-1] INFO  impl.RaftServerImpl (RaftServerImpl.java:start(185)) - 1a3d981f-7244-4107-b16e-282149130905@group-B884D77A8744: start as a follower, conf=-1: [1a3d981f-7244-4107-b16e-282149130905:192.168.34.33:42152], old=null
2019-09-17 13:08:04,745 [pool-509-thread-1] INFO  impl.RaftServerImpl (RaftServerImpl.java:setRole(174)) - 1a3d981f-7244-4107-b16e-282149130905@group-B884D77A8744: changes role from      null to FOLLOWER at term 0 for startAsFollower
2019-09-17 13:08:04,745 [pool-509-thread-1] INFO  impl.RoleInfo (RoleInfo.java:updateAndGet(143)) - 1a3d981f-7244-4107-b16e-282149130905: start FollowerState
2019-09-17 13:08:04,745 [pool-509-thread-1] INFO  util.JmxRegister (JmxRegister.java:tryRegister(44)) - Successfully registered JMX Bean with object name Ratis:service=RaftServer,group=group-B884D77A8744,id=1a3d981f-7244-4107-b16e-282149130905
2019-09-17 13:08:04,747 [RatisPipelineUtilsThread] INFO  pipeline.PipelineStateManager (PipelineStateManager.java:addPipeline(56)) - Created pipeline Pipeline[ Id: 0f8ac12e-7aae-4c40-8cb1-b884d77a8744, Nodes: 1a3d981f-7244-4107-b16e-282149130905{ip: 192.168.34.33, host: pr-hdds-2142-clczg-3805722443, networkLocation: /default-rack, certSerialId: null}, Type:RATIS, Factor:ONE, State:OPEN]
2019-09-17 13:08:04,760 [IPC Server handler 2 on 34254] INFO  net.NetworkTopology (NetworkTopologyImpl.java:add(111)) - Added a new node: /default-rack/b30f90cd-ab04-4ed5-9a9b-61135d4290ae
2019-09-17 13:08:04,760 [IPC Server handler 2 on 34254] INFO  node.SCMNodeManager (SCMNodeManager.java:register(266)) - Registered Data node : b30f90cd-ab04-4ed5-9a9b-61135d4290ae{ip: 192.168.34.33, host: pr-hdds-2142-clczg-3805722443, networkLocation: /default-rack, certSerialId: null}
2019-09-17 13:08:04,778 [grpc-default-executor-10] INFO  impl.RaftServerProxy (RaftServerProxy.java:addNew(89)) - b30f90cd-ab04-4ed5-9a9b-61135d4290ae: addNew group-F0088E4E71E5:[b30f90cd-ab04-4ed5-9a9b-61135d4290ae:192.168.34.33:35399] returns group-F0088E4E71E5:java.util.concurrent.CompletableFuture@14f0a3c0[Not completed]
2019-09-17 13:08:04,779 [pool-519-thread-1] INFO  impl.RaftServerImpl (RaftServerImpl.java:<init>(95)) - b30f90cd-ab04-4ed5-9a9b-61135d4290ae: new RaftServerImpl for group-F0088E4E71E5:[b30f90cd-ab04-4ed5-9a9b-61135d4290ae:192.168.34.33:35399] with ContainerStateMachine:uninitialized
2019-09-17 13:08:04,779 [pool-519-thread-1] INFO  server.RaftServerConfigKeys (ConfUtils.java:logGet(43)) - raft.server.rpc.timeout.min = 5s (custom)
2019-09-17 13:08:04,780 [pool-519-thread-1] INFO  server.RaftServerConfigKeys (ConfUtils.java:logGet(43)) - raft.server.rpc.timeout.max = 5200ms (custom)
2019-09-17 13:08:04,780 [pool-519-thread-1] INFO  server.RaftServerConfigKeys (ConfUtils.java:logGet(43)) - raft.server.rpcslowness.timeout = 120s (custom)
2019-09-17 13:08:04,780 [pool-519-thread-1] INFO  server.RaftServerConfigKeys (ConfUtils.java:logGet(43)) - raft.server.sleep.deviation.threshold = 300 (default)
2019-09-17 13:08:04,780 [pool-519-thread-1] INFO  server.RaftServerConfigKeys (ConfUtils.java:logGet(43)) - raft.server.log.appender.install.snapshot.enabled = false (custom)
2019-09-17 13:08:04,780 [pool-519-thread-1] INFO  impl.RaftServerImpl (ServerState.java:<init>(103)) - b30f90cd-ab04-4ed5-9a9b-61135d4290ae@group-F0088E4E71E5: ConfigurationManager, init=-1: [b30f90cd-ab04-4ed5-9a9b-61135d4290ae:192.168.34.33:35399], old=null, confs=<EMPTY_MAP>
2019-09-17 13:08:04,780 [pool-519-thread-1] INFO  server.RaftServerConfigKeys (ConfUtils.java:logGet(43)) - raft.server.storage.dir = [/workdir/hadoop-ozone/integration-test/target/test-dir/MiniOzoneClusterImpl-caf98cc2-320f-4cdb-8f1a-69abe353d978/datanode-2/data/ratis] (custom)
2019-09-17 13:08:04,781 [pool-519-thread-1] INFO  storage.RaftStorageDirectory (RaftStorageDirectory.java:analyzeStorage(246)) - The storage directory /workdir/hadoop-ozone/integration-test/target/test-dir/MiniOzoneClusterImpl-caf98cc2-320f-4cdb-8f1a-69abe353d978/datanode-2/data/ratis/07acef81-99bb-4ff3-aefa-f0088e4e71e5 does not exist. Creating ...
2019-09-17 13:08:04,793 [pool-519-thread-1] INFO  storage.RaftStorageDirectory (RaftStorageDirectory.java:tryLock(328)) - Lock on /workdir/hadoop-ozone/integration-test/target/test-dir/MiniOzoneClusterImpl-caf98cc2-320f-4cdb-8f1a-69abe353d978/datanode-2/data/ratis/07acef81-99bb-4ff3-aefa-f0088e4e71e5/in_use.lock acquired by nodename 3526@pr-hdds-2142-clczg-3805722443
2019-09-17 13:08:04,806 [pool-519-thread-1] INFO  storage.RaftStorage (RaftStorage.java:format(72)) - Storage directory /workdir/hadoop-ozone/integration-test/target/test-dir/MiniOzoneClusterImpl-caf98cc2-320f-4cdb-8f1a-69abe353d978/datanode-2/data/ratis/07acef81-99bb-4ff3-aefa-f0088e4e71e5 has been successfully formatted.
2019-09-17 13:08:04,806 [pool-519-thread-1] INFO  ratis.ContainerStateMachine (ContainerStateMachine.java:loadSnapshot(230)) - group-F0088E4E71E5: The snapshot info is null. Setting the last applied indexto:(t:0, i:~)
2019-09-17 13:08:04,807 [pool-519-thread-1] INFO  server.RaftServerConfigKeys (ConfUtils.java:logGet(43)) - raft.server.notification.no-leader.timeout = 120s (custom)
2019-09-17 13:08:04,807 [pool-519-thread-1] INFO  server.RaftServerConfigKeys (ConfUtils.java:logGet(43)) - raft.server.log.use.memory = false (default)
2019-09-17 13:08:04,807 [pool-519-thread-1] INFO  server.RaftServerConfigKeys (ConfUtils.java:logGet(43)) - raft.server.log.purge.gap = 1000000 (custom)
2019-09-17 13:08:04,807 [pool-519-thread-1] INFO  server.RaftServerConfigKeys (ConfUtils.java:logGet(43)) - raft.server.log.appender.buffer.byte-limit = 33554432 (custom)
2019-09-17 13:08:04,807 [pool-519-thread-1] INFO  server.RaftServerConfigKeys (ConfUtils.java:logGet(43)) - raft.server.log.segment.size.max = 1048576 (custom)
2019-09-17 13:08:04,807 [pool-519-thread-1] INFO  server.RaftServerConfigKeys (ConfUtils.java:logGet(43)) - raft.server.log.segment.cache.num.max = 2 (custom)
2019-09-17 13:08:04,807 [pool-519-thread-1] INFO  segmented.SegmentedRaftLogWorker (SegmentedRaftLogWorker.java:<init>(172)) - new b30f90cd-ab04-4ed5-9a9b-61135d4290ae@group-F0088E4E71E5-SegmentedRaftLogWorker for RaftStorage:Storage Directory /workdir/hadoop-ozone/integration-test/target/test-dir/MiniOzoneClusterImpl-caf98cc2-320f-4cdb-8f1a-69abe353d978/datanode-2/data/ratis/07acef81-99bb-4ff3-aefa-f0088e4e71e5
2019-09-17 13:08:04,809 [pool-519-thread-1] INFO  server.RaftServerConfigKeys (ConfUtils.java:logGet(43)) - raft.server.log.queue.byte-limit = 2147483647 (custom)
2019-09-17 13:08:04,809 [pool-519-thread-1] INFO  server.RaftServerConfigKeys (ConfUtils.java:logGet(43)) - raft.server.log.queue.element-limit = 1024 (custom)
2019-09-17 13:08:04,809 [pool-519-thread-1] INFO  server.RaftServerConfigKeys (ConfUtils.java:logGet(43)) - raft.server.log.segment.size.max = 1048576 (custom)
2019-09-17 13:08:04,809 [pool-519-thread-1] INFO  server.RaftServerConfigKeys (ConfUtils.java:logGet(43)) - raft.server.log.preallocated.size = 16384 (custom)
2019-09-17 13:08:04,809 [pool-519-thread-1] INFO  server.RaftServerConfigKeys (ConfUtils.java:logGet(43)) - raft.server.log.write.buffer.size = 33554432 (custom)
2019-09-17 13:08:04,810 [pool-519-thread-1] INFO  server.RaftServerConfigKeys (ConfUtils.java:logGet(43)) - raft.server.log.force.sync.num = 128 (default)
2019-09-17 13:08:04,810 [pool-519-thread-1] INFO  server.RaftServerConfigKeys (ConfUtils.java:logGet(43)) - raft.server.log.statemachine.data.sync = true (default)
2019-09-17 13:08:04,810 [pool-519-thread-1] INFO  server.RaftServerConfigKeys (ConfUtils.java:logGet(43)) - raft.server.log.statemachine.data.sync.timeout = 10s (default)
2019-09-17 13:08:04,810 [pool-519-thread-1] INFO  server.RaftServerConfigKeys (ConfUtils.java:logGet(43)) - raft.server.log.statemachine.data.sync.timeout.retry = -1 (default)
2019-09-17 13:08:04,810 [pool-519-thread-1] INFO  server.RaftServerConfigKeys (ConfUtils.java:logGet(43)) - raft.server.log.statemachine.data.caching.enabled = true (custom)
2019-09-17 13:08:04,811 [pool-519-thread-1] INFO  segmented.SegmentedRaftLogWorker (SegmentedRaftLogWorker.java:lambda$new$0(132)) - b30f90cd-ab04-4ed5-9a9b-61135d4290ae@group-F0088E4E71E5-SegmentedRaftLogWorker: flushIndex: setUnconditionally 0 -> -1
2019-09-17 13:08:04,811 [pool-519-thread-1] INFO  server.RaftServerConfigKeys (ConfUtils.java:logGet(43)) - raft.server.snapshot.auto.trigger.enabled = true (custom)
2019-09-17 13:08:04,811 [pool-519-thread-1] INFO  server.RaftServerConfigKeys (ConfUtils.java:logGet(43)) - raft.server.snapshot.auto.trigger.threshold = 10000 (custom)
2019-09-17 13:08:04,811 [pool-519-thread-1] INFO  server.RaftServerConfigKeys (ConfUtils.java:logGet(43)) - raft.server.snapshot.retention.num.files = 5 (custom)
2019-09-17 13:08:04,811 [pool-519-thread-1] INFO  server.RaftServerConfigKeys (ConfUtils.java:logGet(43)) - raft.server.retrycache.expirytime = 600000ms (custom)
2019-09-17 13:08:04,812 [pool-519-thread-1] INFO  impl.RaftServerImpl (RaftServerImpl.java:start(185)) - b30f90cd-ab04-4ed5-9a9b-61135d4290ae@group-F0088E4E71E5: start as a follower, conf=-1: [b30f90cd-ab04-4ed5-9a9b-61135d4290ae:192.168.34.33:35399], old=null
2019-09-17 13:08:04,813 [pool-519-thread-1] INFO  impl.RaftServerImpl (RaftServerImpl.java:setRole(174)) - b30f90cd-ab04-4ed5-9a9b-61135d4290ae@group-F0088E4E71E5: changes role from      null to FOLLOWER at term 0 for startAsFollower
2019-09-17 13:08:04,813 [pool-519-thread-1] INFO  impl.RoleInfo (RoleInfo.java:updateAndGet(143)) - b30f90cd-ab04-4ed5-9a9b-61135d4290ae: start FollowerState
2019-09-17 13:08:04,813 [pool-519-thread-1] INFO  util.JmxRegister (JmxRegister.java:tryRegister(44)) - Successfully registered JMX Bean with object name Ratis:service=RaftServer,group=group-F0088E4E71E5,id=b30f90cd-ab04-4ed5-9a9b-61135d4290ae
2019-09-17 13:08:04,815 [RatisPipelineUtilsThread] INFO  pipeline.PipelineStateManager (PipelineStateManager.java:addPipeline(56)) - Created pipeline Pipeline[ Id: 07acef81-99bb-4ff3-aefa-f0088e4e71e5, Nodes: b30f90cd-ab04-4ed5-9a9b-61135d4290ae{ip: 192.168.34.33, host: pr-hdds-2142-clczg-3805722443, networkLocation: /default-rack, certSerialId: null}, Type:RATIS, Factor:ONE, State:OPEN]
2019-09-17 13:08:04,821 [IPC Server handler 3 on 34254] INFO  net.NetworkTopology (NetworkTopologyImpl.java:add(111)) - Added a new node: /default-rack/8c5522c8-f35d-44ba-91f8-db341543b05d
2019-09-17 13:08:04,821 [IPC Server handler 3 on 34254] INFO  node.SCMNodeManager (SCMNodeManager.java:register(266)) - Registered Data node : 8c5522c8-f35d-44ba-91f8-db341543b05d{ip: 192.168.34.33, host: pr-hdds-2142-clczg-3805722443, networkLocation: /default-rack, certSerialId: null}
2019-09-17 13:08:04,829 [grpc-default-executor-1] INFO  impl.RaftServerProxy (RaftServerProxy.java:addNew(89)) - 1a3d981f-7244-4107-b16e-282149130905: addNew group-558E41E10F37:[b30f90cd-ab04-4ed5-9a9b-61135d4290ae:192.168.34.33:35399, 1a3d981f-7244-4107-b16e-282149130905:192.168.34.33:42152, c786c601-e0a1-4ea9-8579-a25f069b88e9:192.168.34.33:34965] returns group-558E41E10F37:java.util.concurrent.CompletableFuture@62904297[Not completed]
2019-09-17 13:08:04,830 [grpc-default-executor-10] INFO  impl.RaftServerProxy (RaftServerProxy.java:addNew(89)) - c786c601-e0a1-4ea9-8579-a25f069b88e9: addNew group-558E41E10F37:[b30f90cd-ab04-4ed5-9a9b-61135d4290ae:192.168.34.33:35399, 1a3d981f-7244-4107-b16e-282149130905:192.168.34.33:42152, c786c601-e0a1-4ea9-8579-a25f069b88e9:192.168.34.33:34965] returns group-558E41E10F37:java.util.concurrent.CompletableFuture@409c9950[Not completed]
2019-09-17 13:08:04,830 [grpc-default-executor-3] INFO  impl.RaftServerProxy (RaftServerProxy.java:addNew(89)) - b30f90cd-ab04-4ed5-9a9b-61135d4290ae: addNew group-558E41E10F37:[b30f90cd-ab04-4ed5-9a9b-61135d4290ae:192.168.34.33:35399, 1a3d981f-7244-4107-b16e-282149130905:192.168.34.33:42152, c786c601-e0a1-4ea9-8579-a25f069b88e9:192.168.34.33:34965] returns group-558E41E10F37:java.util.concurrent.CompletableFuture@6c812c3c[Not completed]
2019-09-17 13:08:04,831 [pool-509-thread-1] INFO  impl.RaftServerImpl (RaftServerImpl.java:<init>(95)) - 1a3d981f-7244-4107-b16e-282149130905: new RaftServerImpl for group-558E41E10F37:[b30f90cd-ab04-4ed5-9a9b-61135d4290ae:192.168.34.33:35399, 1a3d981f-7244-4107-b16e-282149130905:192.168.34.33:42152, c786c601-e0a1-4ea9-8579-a25f069b88e9:192.168.34.33:34965] with ContainerStateMachine:uninitialized
2019-09-17 13:08:04,832 [pool-509-thread-1] INFO  server.RaftServerConfigKeys (ConfUtils.java:logGet(43)) - raft.server.rpc.timeout.min = 5s (custom)
2019-09-17 13:08:04,832 [pool-509-thread-1] INFO  server.RaftServerConfigKeys (ConfUtils.java:logGet(43)) - raft.server.rpc.timeout.max = 5200ms (custom)
2019-09-17 13:08:04,832 [pool-509-thread-1] INFO  server.RaftServerConfigKeys (ConfUtils.java:logGet(43)) - raft.server.rpcslowness.timeout = 120s (custom)
2019-09-17 13:08:04,832 [pool-519-thread-1] INFO  impl.RaftServerImpl (RaftServerImpl.java:<init>(95)) - b30f90cd-ab04-4ed5-9a9b-61135d4290ae: new RaftServerImpl for group-558E41E10F37:[b30f90cd-ab04-4ed5-9a9b-61135d4290ae:192.168.34.33:35399, 1a3d981f-7244-4107-b16e-282149130905:192.168.34.33:42152, c786c601-e0a1-4ea9-8579-a25f069b88e9:192.168.34.33:34965] with ContainerStateMachine:uninitialized
2019-09-17 13:08:04,832 [pool-509-thread-1] INFO  server.RaftServerConfigKeys (ConfUtils.java:logGet(43)) - raft.server.sleep.deviation.threshold = 300 (default)
2019-09-17 13:08:04,832 [pool-519-thread-1] INFO  server.RaftServerConfigKeys (ConfUtils.java:logGet(43)) - raft.server.rpc.timeout.min = 5s (custom)
2019-09-17 13:08:04,832 [pool-499-thread-1] INFO  impl.RaftServerImpl (RaftServerImpl.java:<init>(95)) - c786c601-e0a1-4ea9-8579-a25f069b88e9: new RaftServerImpl for group-558E41E10F37:[b30f90cd-ab04-4ed5-9a9b-61135d4290ae:192.168.34.33:35399, 1a3d981f-7244-4107-b16e-282149130905:192.168.34.33:42152, c786c601-e0a1-4ea9-8579-a25f069b88e9:192.168.34.33:34965] with ContainerStateMachine:uninitialized
2019-09-17 13:08:04,832 [pool-509-thread-1] INFO  server.RaftServerConfigKeys (ConfUtils.java:logGet(43)) - raft.server.log.appender.install.snapshot.enabled = false (custom)
2019-09-17 13:08:04,832 [pool-499-thread-1] INFO  server.RaftServerConfigKeys (ConfUtils.java:logGet(43)) - raft.server.rpc.timeout.min = 5s (custom)
2019-09-17 13:08:04,832 [pool-519-thread-1] INFO  server.RaftServerConfigKeys (ConfUtils.java:logGet(43)) - raft.server.rpc.timeout.max = 5200ms (custom)
2019-09-17 13:08:04,832 [pool-499-thread-1] INFO  server.RaftServerConfigKeys (ConfUtils.java:logGet(43)) - raft.server.rpc.timeout.max = 5200ms (custom)
2019-09-17 13:08:04,832 [pool-509-thread-1] INFO  impl.RaftServerImpl (ServerState.java:<init>(103)) - 1a3d981f-7244-4107-b16e-282149130905@group-558E41E10F37: ConfigurationManager, init=-1: [b30f90cd-ab04-4ed5-9a9b-61135d4290ae:192.168.34.33:35399, 1a3d981f-7244-4107-b16e-282149130905:192.168.34.33:42152, c786c601-e0a1-4ea9-8579-a25f069b88e9:192.168.34.33:34965], old=null, confs=<EMPTY_MAP>
2019-09-17 13:08:04,833 [pool-499-thread-1] INFO  server.RaftServerConfigKeys (ConfUtils.java:logGet(43)) - raft.server.rpcslowness.timeout = 120s (custom)
2019-09-17 13:08:04,833 [pool-519-thread-1] INFO  server.RaftServerConfigKeys (ConfUtils.java:logGet(43)) - raft.server.rpcslowness.timeout = 120s (custom)
2019-09-17 13:08:04,833 [pool-509-thread-1] INFO  server.RaftServerConfigKeys (ConfUtils.java:logGet(43)) - raft.server.storage.dir = [/workdir/hadoop-ozone/integration-test/target/test-dir/MiniOzoneClusterImpl-caf98cc2-320f-4cdb-8f1a-69abe353d978/datanode-1/data/ratis] (custom)
2019-09-17 13:08:04,833 [pool-499-thread-1] INFO  server.RaftServerConfigKeys (ConfUtils.java:logGet(43)) - raft.server.sleep.deviation.threshold = 300 (default)
2019-09-17 13:08:04,833 [pool-519-thread-1] INFO  server.RaftServerConfigKeys (ConfUtils.java:logGet(43)) - raft.server.sleep.deviation.threshold = 300 (default)
2019-09-17 13:08:04,833 [pool-499-thread-1] INFO  server.RaftServerConfigKeys (ConfUtils.java:logGet(43)) - raft.server.log.appender.install.snapshot.enabled = false (custom)
2019-09-17 13:08:04,833 [pool-509-thread-1] INFO  storage.RaftStorageDirectory (RaftStorageDirectory.java:analyzeStorage(246)) - The storage directory /workdir/hadoop-ozone/integration-test/target/test-dir/MiniOzoneClusterImpl-caf98cc2-320f-4cdb-8f1a-69abe353d978/datanode-1/data/ratis/863094da-fc8c-4c55-b729-558e41e10f37 does not exist. Creating ...
2019-09-17 13:08:04,833 [pool-519-thread-1] INFO  server.RaftServerConfigKeys (ConfUtils.java:logGet(43)) - raft.server.log.appender.install.snapshot.enabled = false (custom)
2019-09-17 13:08:04,833 [pool-499-thread-1] INFO  impl.RaftServerImpl (ServerState.java:<init>(103)) - c786c601-e0a1-4ea9-8579-a25f069b88e9@group-558E41E10F37: ConfigurationManager, init=-1: [b30f90cd-ab04-4ed5-9a9b-61135d4290ae:192.168.34.33:35399, 1a3d981f-7244-4107-b16e-282149130905:192.168.34.33:42152, c786c601-e0a1-4ea9-8579-a25f069b88e9:192.168.34.33:34965], old=null, confs=<EMPTY_MAP>
2019-09-17 13:08:04,833 [pool-519-thread-1] INFO  impl.RaftServerImpl (ServerState.java:<init>(103)) - b30f90cd-ab04-4ed5-9a9b-61135d4290ae@group-558E41E10F37: ConfigurationManager, init=-1: [b30f90cd-ab04-4ed5-9a9b-61135d4290ae:192.168.34.33:35399, 1a3d981f-7244-4107-b16e-282149130905:192.168.34.33:42152, c786c601-e0a1-4ea9-8579-a25f069b88e9:192.168.34.33:34965], old=null, confs=<EMPTY_MAP>
2019-09-17 13:08:04,834 [pool-499-thread-1] INFO  server.RaftServerConfigKeys (ConfUtils.java:logGet(43)) - raft.server.storage.dir = [/workdir/hadoop-ozone/integration-test/target/test-dir/MiniOzoneClusterImpl-caf98cc2-320f-4cdb-8f1a-69abe353d978/datanode-0/data/ratis] (custom)
2019-09-17 13:08:04,834 [pool-519-thread-1] INFO  server.RaftServerConfigKeys (ConfUtils.java:logGet(43)) - raft.server.storage.dir = [/workdir/hadoop-ozone/integration-test/target/test-dir/MiniOzoneClusterImpl-caf98cc2-320f-4cdb-8f1a-69abe353d978/datanode-2/data/ratis] (custom)
2019-09-17 13:08:04,834 [pool-499-thread-1] INFO  storage.RaftStorageDirectory (RaftStorageDirectory.java:analyzeStorage(246)) - The storage directory /workdir/hadoop-ozone/integration-test/target/test-dir/MiniOzoneClusterImpl-caf98cc2-320f-4cdb-8f1a-69abe353d978/datanode-0/data/ratis/863094da-fc8c-4c55-b729-558e41e10f37 does not exist. Creating ...
2019-09-17 13:08:04,834 [pool-519-thread-1] INFO  storage.RaftStorageDirectory (RaftStorageDirectory.java:analyzeStorage(246)) - The storage directory /workdir/hadoop-ozone/integration-test/target/test-dir/MiniOzoneClusterImpl-caf98cc2-320f-4cdb-8f1a-69abe353d978/datanode-2/data/ratis/863094da-fc8c-4c55-b729-558e41e10f37 does not exist. Creating ...
2019-09-17 13:08:04,858 [pool-509-thread-1] INFO  storage.RaftStorageDirectory (RaftStorageDirectory.java:tryLock(328)) - Lock on /workdir/hadoop-ozone/integration-test/target/test-dir/MiniOzoneClusterImpl-caf98cc2-320f-4cdb-8f1a-69abe353d978/datanode-1/data/ratis/863094da-fc8c-4c55-b729-558e41e10f37/in_use.lock acquired by nodename 3526@pr-hdds-2142-clczg-3805722443
2019-09-17 13:08:04,858 [pool-499-thread-1] INFO  storage.RaftStorageDirectory (RaftStorageDirectory.java:tryLock(328)) - Lock on /workdir/hadoop-ozone/integration-test/target/test-dir/MiniOzoneClusterImpl-caf98cc2-320f-4cdb-8f1a-69abe353d978/datanode-0/data/ratis/863094da-fc8c-4c55-b729-558e41e10f37/in_use.lock acquired by nodename 3526@pr-hdds-2142-clczg-3805722443
2019-09-17 13:08:04,858 [pool-519-thread-1] INFO  storage.RaftStorageDirectory (RaftStorageDirectory.java:tryLock(328)) - Lock on /workdir/hadoop-ozone/integration-test/target/test-dir/MiniOzoneClusterImpl-caf98cc2-320f-4cdb-8f1a-69abe353d978/datanode-2/data/ratis/863094da-fc8c-4c55-b729-558e41e10f37/in_use.lock acquired by nodename 3526@pr-hdds-2142-clczg-3805722443
2019-09-17 13:08:04,883 [pool-519-thread-1] INFO  storage.RaftStorage (RaftStorage.java:format(72)) - Storage directory /workdir/hadoop-ozone/integration-test/target/test-dir/MiniOzoneClusterImpl-caf98cc2-320f-4cdb-8f1a-69abe353d978/datanode-2/data/ratis/863094da-fc8c-4c55-b729-558e41e10f37 has been successfully formatted.
2019-09-17 13:08:04,883 [pool-509-thread-1] INFO  storage.RaftStorage (RaftStorage.java:format(72)) - Storage directory /workdir/hadoop-ozone/integration-test/target/test-dir/MiniOzoneClusterImpl-caf98cc2-320f-4cdb-8f1a-69abe353d978/datanode-1/data/ratis/863094da-fc8c-4c55-b729-558e41e10f37 has been successfully formatted.
2019-09-17 13:08:04,883 [pool-499-thread-1] INFO  storage.RaftStorage (RaftStorage.java:format(72)) - Storage directory /workdir/hadoop-ozone/integration-test/target/test-dir/MiniOzoneClusterImpl-caf98cc2-320f-4cdb-8f1a-69abe353d978/datanode-0/data/ratis/863094da-fc8c-4c55-b729-558e41e10f37 has been successfully formatted.
2019-09-17 13:08:04,883 [pool-509-thread-1] INFO  ratis.ContainerStateMachine (ContainerStateMachine.java:loadSnapshot(230)) - group-558E41E10F37: The snapshot info is null. Setting the last applied indexto:(t:0, i:~)
2019-09-17 13:08:04,883 [pool-519-thread-1] INFO  ratis.ContainerStateMachine (ContainerStateMachine.java:loadSnapshot(230)) - group-558E41E10F37: The snapshot info is null. Setting the last applied indexto:(t:0, i:~)
2019-09-17 13:08:04,884 [pool-509-thread-1] INFO  server.RaftServerConfigKeys (ConfUtils.java:logGet(43)) - raft.server.notification.no-leader.timeout = 120s (custom)
2019-09-17 13:08:04,884 [pool-499-thread-1] INFO  ratis.ContainerStateMachine (ContainerStateMachine.java:loadSnapshot(230)) - group-558E41E10F37: The snapshot info is null. Setting the last applied indexto:(t:0, i:~)
2019-09-17 13:08:04,884 [pool-509-thread-1] INFO  server.RaftServerConfigKeys (ConfUtils.java:logGet(43)) - raft.server.log.use.memory = false (default)
2019-09-17 13:08:04,884 [pool-519-thread-1] INFO  server.RaftServerConfigKeys (ConfUtils.java:logGet(43)) - raft.server.notification.no-leader.timeout = 120s (custom)
2019-09-17 13:08:04,884 [pool-519-thread-1] INFO  server.RaftServerConfigKeys (ConfUtils.java:logGet(43)) - raft.server.log.use.memory = false (default)
2019-09-17 13:08:04,884 [pool-509-thread-1] INFO  server.RaftServerConfigKeys (ConfUtils.java:logGet(43)) - raft.server.log.purge.gap = 1000000 (custom)
2019-09-17 13:08:04,884 [pool-499-thread-1] INFO  server.RaftServerConfigKeys (ConfUtils.java:logGet(43)) - raft.server.notification.no-leader.timeout = 120s (custom)
2019-09-17 13:08:04,885 [pool-509-thread-1] INFO  server.RaftServerConfigKeys (ConfUtils.java:logGet(43)) - raft.server.log.appender.buffer.byte-limit = 33554432 (custom)
2019-09-17 13:08:04,885 [pool-519-thread-1] INFO  server.RaftServerConfigKeys (ConfUtils.java:logGet(43)) - raft.server.log.purge.gap = 1000000 (custom)
2019-09-17 13:08:04,885 [pool-509-thread-1] INFO  server.RaftServerConfigKeys (ConfUtils.java:logGet(43)) - raft.server.log.segment.size.max = 1048576 (custom)
2019-09-17 13:08:04,885 [pool-499-thread-1] INFO  server.RaftServerConfigKeys (ConfUtils.java:logGet(43)) - raft.server.log.use.memory = false (default)
2019-09-17 13:08:04,885 [pool-509-thread-1] INFO  server.RaftServerConfigKeys (ConfUtils.java:logGet(43)) - raft.server.log.segment.cache.num.max = 2 (custom)
2019-09-17 13:08:04,885 [pool-519-thread-1] INFO  server.RaftServerConfigKeys (ConfUtils.java:logGet(43)) - raft.server.log.appender.buffer.byte-limit = 33554432 (custom)
2019-09-17 13:08:04,886 [pool-509-thread-1] INFO  segmented.SegmentedRaftLogWorker (SegmentedRaftLogWorker.java:<init>(172)) - new 1a3d981f-7244-4107-b16e-282149130905@group-558E41E10F37-SegmentedRaftLogWorker for RaftStorage:Storage Directory /workdir/hadoop-ozone/integration-test/target/test-dir/MiniOzoneClusterImpl-caf98cc2-320f-4cdb-8f1a-69abe353d978/datanode-1/data/ratis/863094da-fc8c-4c55-b729-558e41e10f37
2019-09-17 13:08:04,886 [pool-499-thread-1] INFO  server.RaftServerConfigKeys (ConfUtils.java:logGet(43)) - raft.server.log.purge.gap = 1000000 (custom)
2019-09-17 13:08:04,886 [pool-509-thread-1] INFO  server.RaftServerConfigKeys (ConfUtils.java:logGet(43)) - raft.server.log.queue.byte-limit = 2147483647 (custom)
2019-09-17 13:08:04,886 [pool-519-thread-1] INFO  server.RaftServerConfigKeys (ConfUtils.java:logGet(43)) - raft.server.log.segment.size.max = 1048576 (custom)
2019-09-17 13:08:04,886 [pool-509-thread-1] INFO  server.RaftServerConfigKeys (ConfUtils.java:logGet(43)) - raft.server.log.queue.element-limit = 1024 (custom)
2019-09-17 13:08:04,886 [pool-499-thread-1] INFO  server.RaftServerConfigKeys (ConfUtils.java:logGet(43)) - raft.server.log.appender.buffer.byte-limit = 33554432 (custom)
2019-09-17 13:08:04,887 [pool-509-thread-1] INFO  server.RaftServerConfigKeys (ConfUtils.java:logGet(43)) - raft.server.log.segment.size.max = 1048576 (custom)
2019-09-17 13:08:04,887 [IPC Server handler 4 on 34254] INFO  net.NetworkTopology (NetworkTopologyImpl.java:add(111)) - Added a new node: /default-rack/bafc845d-bbde-4f8f-86b6-115dec71aedb
2019-09-17 13:08:04,887 [IPC Server handler 4 on 34254] INFO  node.SCMNodeManager (SCMNodeManager.java:register(266)) - Registered Data node : bafc845d-bbde-4f8f-86b6-115dec71aedb{ip: 192.168.34.33, host: pr-hdds-2142-clczg-3805722443, networkLocation: /default-rack, certSerialId: null}
2019-09-17 13:08:04,887 [pool-519-thread-1] INFO  server.RaftServerConfigKeys (ConfUtils.java:logGet(43)) - raft.server.log.segment.cache.num.max = 2 (custom)
2019-09-17 13:08:04,887 [pool-509-thread-1] INFO  server.RaftServerConfigKeys (ConfUtils.java:logGet(43)) - raft.server.log.preallocated.size = 16384 (custom)
2019-09-17 13:08:04,887 [pool-499-thread-1] INFO  server.RaftServerConfigKeys (ConfUtils.java:logGet(43)) - raft.server.log.segment.size.max = 1048576 (custom)
2019-09-17 13:08:04,888 [pool-509-thread-1] INFO  server.RaftServerConfigKeys (ConfUtils.java:logGet(43)) - raft.server.log.write.buffer.size = 33554432 (custom)
2019-09-17 13:08:04,888 [pool-519-thread-1] INFO  segmented.SegmentedRaftLogWorker (SegmentedRaftLogWorker.java:<init>(172)) - new b30f90cd-ab04-4ed5-9a9b-61135d4290ae@group-558E41E10F37-SegmentedRaftLogWorker for RaftStorage:Storage Directory /workdir/hadoop-ozone/integration-test/target/test-dir/MiniOzoneClusterImpl-caf98cc2-320f-4cdb-8f1a-69abe353d978/datanode-2/data/ratis/863094da-fc8c-4c55-b729-558e41e10f37
2019-09-17 13:08:04,888 [pool-509-thread-1] INFO  server.RaftServerConfigKeys (ConfUtils.java:logGet(43)) - raft.server.log.force.sync.num = 128 (default)
2019-09-17 13:08:04,888 [pool-499-thread-1] INFO  server.RaftServerConfigKeys (ConfUtils.java:logGet(43)) - raft.server.log.segment.cache.num.max = 2 (custom)
2019-09-17 13:08:04,889 [pool-509-thread-1] INFO  server.RaftServerConfigKeys (ConfUtils.java:logGet(43)) - raft.server.log.statemachine.data.sync = true (default)
2019-09-17 13:08:04,889 [pool-519-thread-1] INFO  server.RaftServerConfigKeys (ConfUtils.java:logGet(43)) - raft.server.log.queue.byte-limit = 2147483647 (custom)
2019-09-17 13:08:04,889 [pool-519-thread-1] INFO  server.RaftServerConfigKeys (ConfUtils.java:logGet(43)) - raft.server.log.queue.element-limit = 1024 (custom)
2019-09-17 13:08:04,889 [pool-509-thread-1] INFO  server.RaftServerConfigKeys (ConfUtils.java:logGet(43)) - raft.server.log.statemachine.data.sync.timeout = 10s (default)
2019-09-17 13:08:04,889 [pool-499-thread-1] INFO  segmented.SegmentedRaftLogWorker (SegmentedRaftLogWorker.java:<init>(172)) - new c786c601-e0a1-4ea9-8579-a25f069b88e9@group-558E41E10F37-SegmentedRaftLogWorker for RaftStorage:Storage Directory /workdir/hadoop-ozone/integration-test/target/test-dir/MiniOzoneClusterImpl-caf98cc2-320f-4cdb-8f1a-69abe353d978/datanode-0/data/ratis/863094da-fc8c-4c55-b729-558e41e10f37
2019-09-17 13:08:04,890 [pool-509-thread-1] INFO  server.RaftServerConfigKeys (ConfUtils.java:logGet(43)) - raft.server.log.statemachine.data.sync.timeout.retry = -1 (default)
2019-09-17 13:08:04,889 [pool-519-thread-1] INFO  server.RaftServerConfigKeys (ConfUtils.java:logGet(43)) - raft.server.log.segment.size.max = 1048576 (custom)
2019-09-17 13:08:04,890 [pool-519-thread-1] INFO  server.RaftServerConfigKeys (ConfUtils.java:logGet(43)) - raft.server.log.preallocated.size = 16384 (custom)
2019-09-17 13:08:04,890 [pool-519-thread-1] INFO  server.RaftServerConfigKeys (ConfUtils.java:logGet(43)) - raft.server.log.write.buffer.size = 33554432 (custom)
2019-09-17 13:08:04,890 [pool-519-thread-1] INFO  server.RaftServerConfigKeys (ConfUtils.java:logGet(43)) - raft.server.log.force.sync.num = 128 (default)
2019-09-17 13:08:04,891 [pool-519-thread-1] INFO  server.RaftServerConfigKeys (ConfUtils.java:logGet(43)) - raft.server.log.statemachine.data.sync = true (default)
2019-09-17 13:08:04,891 [pool-519-thread-1] INFO  server.RaftServerConfigKeys (ConfUtils.java:logGet(43)) - raft.server.log.statemachine.data.sync.timeout = 10s (default)
2019-09-17 13:08:04,891 [pool-519-thread-1] INFO  server.RaftServerConfigKeys (ConfUtils.java:logGet(43)) - raft.server.log.statemachine.data.sync.timeout.retry = -1 (default)
2019-09-17 13:08:04,891 [pool-519-thread-1] INFO  server.RaftServerConfigKeys (ConfUtils.java:logGet(43)) - raft.server.log.statemachine.data.caching.enabled = true (custom)
2019-09-17 13:08:04,892 [pool-519-thread-1] INFO  segmented.SegmentedRaftLogWorker (SegmentedRaftLogWorker.java:lambda$new$0(132)) - b30f90cd-ab04-4ed5-9a9b-61135d4290ae@group-558E41E10F37-SegmentedRaftLogWorker: flushIndex: setUnconditionally 0 -> -1
2019-09-17 13:08:04,890 [pool-509-thread-1] INFO  server.RaftServerConfigKeys (ConfUtils.java:logGet(43)) - raft.server.log.statemachine.data.caching.enabled = true (custom)
2019-09-17 13:08:04,890 [pool-499-thread-1] INFO  server.RaftServerConfigKeys (ConfUtils.java:logGet(43)) - raft.server.log.queue.byte-limit = 2147483647 (custom)
2019-09-17 13:08:04,892 [pool-519-thread-1] INFO  server.RaftServerConfigKeys (ConfUtils.java:logGet(43)) - raft.server.snapshot.auto.trigger.enabled = true (custom)
2019-09-17 13:08:04,892 [pool-509-thread-1] INFO  segmented.SegmentedRaftLogWorker (SegmentedRaftLogWorker.java:lambda$new$0(132)) - 1a3d981f-7244-4107-b16e-282149130905@group-558E41E10F37-SegmentedRaftLogWorker: flushIndex: setUnconditionally 0 -> -1
2019-09-17 13:08:04,892 [pool-499-thread-1] INFO  server.RaftServerConfigKeys (ConfUtils.java:logGet(43)) - raft.server.log.queue.element-limit = 1024 (custom)
2019-09-17 13:08:04,893 [pool-509-thread-1] INFO  server.RaftServerConfigKeys (ConfUtils.java:logGet(43)) - raft.server.snapshot.auto.trigger.enabled = true (custom)
2019-09-17 13:08:04,892 [pool-519-thread-1] INFO  server.RaftServerConfigKeys (ConfUtils.java:logGet(43)) - raft.server.snapshot.auto.trigger.threshold = 10000 (custom)
2019-09-17 13:08:04,893 [pool-509-thread-1] INFO  server.RaftServerConfigKeys (ConfUtils.java:logGet(43)) - raft.server.snapshot.auto.trigger.threshold = 10000 (custom)
2019-09-17 13:08:04,893 [pool-509-thread-1] INFO  server.RaftServerConfigKeys (ConfUtils.java:logGet(43)) - raft.server.snapshot.retention.num.files = 5 (custom)
2019-09-17 13:08:04,893 [pool-499-thread-1] INFO  server.RaftServerConfigKeys (ConfUtils.java:logGet(43)) - raft.server.log.segment.size.max = 1048576 (custom)
2019-09-17 13:08:04,893 [pool-509-thread-1] INFO  server.RaftServerConfigKeys (ConfUtils.java:logGet(43)) - raft.server.retrycache.expirytime = 600000ms (custom)
2019-09-17 13:08:04,893 [pool-519-thread-1] INFO  server.RaftServerConfigKeys (ConfUtils.java:logGet(43)) - raft.server.snapshot.retention.num.files = 5 (custom)
2019-09-17 13:08:04,894 [pool-499-thread-1] INFO  server.RaftServerConfigKeys (ConfUtils.java:logGet(43)) - raft.server.log.preallocated.size = 16384 (custom)
2019-09-17 13:08:04,895 [pool-519-thread-1] INFO  server.RaftServerConfigKeys (ConfUtils.java:logGet(43)) - raft.server.retrycache.expirytime = 600000ms (custom)
2019-09-17 13:08:04,895 [pool-499-thread-1] INFO  server.RaftServerConfigKeys (ConfUtils.java:logGet(43)) - raft.server.log.write.buffer.size = 33554432 (custom)
2019-09-17 13:08:04,896 [pool-499-thread-1] INFO  server.RaftServerConfigKeys (ConfUtils.java:logGet(43)) - raft.server.log.force.sync.num = 128 (default)
2019-09-17 13:08:04,896 [pool-499-thread-1] INFO  server.RaftServerConfigKeys (ConfUtils.java:logGet(43)) - raft.server.log.statemachine.data.sync = true (default)
2019-09-17 13:08:04,896 [pool-499-thread-1] INFO  server.RaftServerConfigKeys (ConfUtils.java:logGet(43)) - raft.server.log.statemachine.data.sync.timeout = 10s (default)
2019-09-17 13:08:04,896 [pool-499-thread-1] INFO  server.RaftServerConfigKeys (ConfUtils.java:logGet(43)) - raft.server.log.statemachine.data.sync.timeout.retry = -1 (default)
2019-09-17 13:08:04,896 [pool-509-thread-1] INFO  impl.RaftServerImpl (RaftServerImpl.java:start(185)) - 1a3d981f-7244-4107-b16e-282149130905@group-558E41E10F37: start as a follower, conf=-1: [b30f90cd-ab04-4ed5-9a9b-61135d4290ae:192.168.34.33:35399, 1a3d981f-7244-4107-b16e-282149130905:192.168.34.33:42152, c786c601-e0a1-4ea9-8579-a25f069b88e9:192.168.34.33:34965], old=null
2019-09-17 13:08:04,897 [pool-509-thread-1] INFO  impl.RaftServerImpl (RaftServerImpl.java:setRole(174)) - 1a3d981f-7244-4107-b16e-282149130905@group-558E41E10F37: changes role from      null to FOLLOWER at term 0 for startAsFollower
2019-09-17 13:08:04,897 [pool-509-thread-1] INFO  impl.RoleInfo (RoleInfo.java:updateAndGet(143)) - 1a3d981f-7244-4107-b16e-282149130905: start FollowerState
2019-09-17 13:08:04,897 [pool-509-thread-1] INFO  util.JmxRegister (JmxRegister.java:tryRegister(44)) - Successfully registered JMX Bean with object name Ratis:service=RaftServer,group=group-558E41E10F37,id=1a3d981f-7244-4107-b16e-282149130905
2019-09-17 13:08:04,898 [pool-519-thread-1] INFO  impl.RaftServerImpl (RaftServerImpl.java:start(185)) - b30f90cd-ab04-4ed5-9a9b-61135d4290ae@group-558E41E10F37: start as a follower, conf=-1: [b30f90cd-ab04-4ed5-9a9b-61135d4290ae:192.168.34.33:35399, 1a3d981f-7244-4107-b16e-282149130905:192.168.34.33:42152, c786c601-e0a1-4ea9-8579-a25f069b88e9:192.168.34.33:34965], old=null
2019-09-17 13:08:04,899 [pool-519-thread-1] INFO  impl.RaftServerImpl (RaftServerImpl.java:setRole(174)) - b30f90cd-ab04-4ed5-9a9b-61135d4290ae@group-558E41E10F37: changes role from      null to FOLLOWER at term 0 for startAsFollower
2019-09-17 13:08:04,899 [pool-519-thread-1] INFO  impl.RoleInfo (RoleInfo.java:updateAndGet(143)) - b30f90cd-ab04-4ed5-9a9b-61135d4290ae: start FollowerState
2019-09-17 13:08:04,897 [pool-499-thread-1] INFO  server.RaftServerConfigKeys (ConfUtils.java:logGet(43)) - raft.server.log.statemachine.data.caching.enabled = true (custom)
2019-09-17 13:08:04,900 [pool-499-thread-1] INFO  segmented.SegmentedRaftLogWorker (SegmentedRaftLogWorker.java:lambda$new$0(132)) - c786c601-e0a1-4ea9-8579-a25f069b88e9@group-558E41E10F37-SegmentedRaftLogWorker: flushIndex: setUnconditionally 0 -> -1
2019-09-17 13:08:04,900 [pool-519-thread-1] INFO  util.JmxRegister (JmxRegister.java:tryRegister(44)) - Successfully registered JMX Bean with object name Ratis:service=RaftServer,group=group-558E41E10F37,id=b30f90cd-ab04-4ed5-9a9b-61135d4290ae
2019-09-17 13:08:04,900 [pool-499-thread-1] INFO  server.RaftServerConfigKeys (ConfUtils.java:logGet(43)) - raft.server.snapshot.auto.trigger.enabled = true (custom)
2019-09-17 13:08:04,901 [pool-499-thread-1] INFO  server.RaftServerConfigKeys (ConfUtils.java:logGet(43)) - raft.server.snapshot.auto.trigger.threshold = 10000 (custom)
2019-09-17 13:08:04,901 [pool-499-thread-1] INFO  server.RaftServerConfigKeys (ConfUtils.java:logGet(43)) - raft.server.snapshot.retention.num.files = 5 (custom)
2019-09-17 13:08:04,901 [pool-499-thread-1] INFO  server.RaftServerConfigKeys (ConfUtils.java:logGet(43)) - raft.server.retrycache.expirytime = 600000ms (custom)
2019-09-17 13:08:04,903 [pool-499-thread-1] INFO  impl.RaftServerImpl (RaftServerImpl.java:start(185)) - c786c601-e0a1-4ea9-8579-a25f069b88e9@group-558E41E10F37: start as a follower, conf=-1: [b30f90cd-ab04-4ed5-9a9b-61135d4290ae:192.168.34.33:35399, 1a3d981f-7244-4107-b16e-282149130905:192.168.34.33:42152, c786c601-e0a1-4ea9-8579-a25f069b88e9:192.168.34.33:34965], old=null
2019-09-17 13:08:04,903 [pool-499-thread-1] INFO  impl.RaftServerImpl (RaftServerImpl.java:setRole(174)) - c786c601-e0a1-4ea9-8579-a25f069b88e9@group-558E41E10F37: changes role from      null to FOLLOWER at term 0 for startAsFollower
2019-09-17 13:08:04,903 [pool-499-thread-1] INFO  impl.RoleInfo (RoleInfo.java:updateAndGet(143)) - c786c601-e0a1-4ea9-8579-a25f069b88e9: start FollowerState
2019-09-17 13:08:04,904 [pool-499-thread-1] INFO  util.JmxRegister (JmxRegister.java:tryRegister(44)) - Successfully registered JMX Bean with object name Ratis:service=RaftServer,group=group-558E41E10F37,id=c786c601-e0a1-4ea9-8579-a25f069b88e9
2019-09-17 13:08:04,905 [RatisPipelineUtilsThread] INFO  pipeline.PipelineStateManager (PipelineStateManager.java:addPipeline(56)) - Created pipeline Pipeline[ Id: 863094da-fc8c-4c55-b729-558e41e10f37, Nodes: b30f90cd-ab04-4ed5-9a9b-61135d4290ae{ip: 192.168.34.33, host: pr-hdds-2142-clczg-3805722443, networkLocation: /default-rack, certSerialId: null}1a3d981f-7244-4107-b16e-282149130905{ip: 192.168.34.33, host: pr-hdds-2142-clczg-3805722443, networkLocation: /default-rack, certSerialId: null}c786c601-e0a1-4ea9-8579-a25f069b88e9{ip: 192.168.34.33, host: pr-hdds-2142-clczg-3805722443, networkLocation: /default-rack, certSerialId: null}, Type:RATIS, Factor:THREE, State:OPEN]
2019-09-17 13:08:04,958 [IPC Server handler 1 on 34254] INFO  net.NetworkTopology (NetworkTopologyImpl.java:add(111)) - Added a new node: /default-rack/50f49b90-e99d-4336-a11e-085101dab1f3
2019-09-17 13:08:04,958 [IPC Server handler 1 on 34254] INFO  node.SCMNodeManager (SCMNodeManager.java:register(266)) - Registered Data node : 50f49b90-e99d-4336-a11e-085101dab1f3{ip: 192.168.34.33, host: pr-hdds-2142-clczg-3805722443, networkLocation: /default-rack, certSerialId: null}
2019-09-17 13:08:04,965 [grpc-default-executor-3] INFO  impl.RaftServerProxy (RaftServerProxy.java:addNew(89)) - bafc845d-bbde-4f8f-86b6-115dec71aedb: addNew group-D74A9DB9B75A:[bafc845d-bbde-4f8f-86b6-115dec71aedb:192.168.34.33:42454] returns group-D74A9DB9B75A:java.util.concurrent.CompletableFuture@4ef2f4af[Not completed]
2019-09-17 13:08:04,968 [pool-539-thread-1] INFO  impl.RaftServerImpl (RaftServerImpl.java:<init>(95)) - bafc845d-bbde-4f8f-86b6-115dec71aedb: new RaftServerImpl for group-D74A9DB9B75A:[bafc845d-bbde-4f8f-86b6-115dec71aedb:192.168.34.33:42454] with ContainerStateMachine:uninitialized
2019-09-17 13:08:04,968 [pool-539-thread-1] INFO  server.RaftServerConfigKeys (ConfUtils.java:logGet(43)) - raft.server.rpc.timeout.min = 5s (custom)
2019-09-17 13:08:04,968 [pool-539-thread-1] INFO  server.RaftServerConfigKeys (ConfUtils.java:logGet(43)) - raft.server.rpc.timeout.max = 5200ms (custom)
2019-09-17 13:08:04,968 [pool-539-thread-1] INFO  server.RaftServerConfigKeys (ConfUtils.java:logGet(43)) - raft.server.rpcslowness.timeout = 120s (custom)
2019-09-17 13:08:04,968 [pool-539-thread-1] INFO  server.RaftServerConfigKeys (ConfUtils.java:logGet(43)) - raft.server.sleep.deviation.threshold = 300 (default)
2019-09-17 13:08:04,969 [pool-539-thread-1] INFO  server.RaftServerConfigKeys (ConfUtils.java:logGet(43)) - raft.server.log.appender.install.snapshot.enabled = false (custom)
2019-09-17 13:08:04,969 [pool-539-thread-1] INFO  impl.RaftServerImpl (ServerState.java:<init>(103)) - bafc845d-bbde-4f8f-86b6-115dec71aedb@group-D74A9DB9B75A: ConfigurationManager, init=-1: [bafc845d-bbde-4f8f-86b6-115dec71aedb:192.168.34.33:42454], old=null, confs=<EMPTY_MAP>
2019-09-17 13:08:04,969 [pool-539-thread-1] INFO  server.RaftServerConfigKeys (ConfUtils.java:logGet(43)) - raft.server.storage.dir = [/workdir/hadoop-ozone/integration-test/target/test-dir/MiniOzoneClusterImpl-caf98cc2-320f-4cdb-8f1a-69abe353d978/datanode-4/data/ratis] (custom)
2019-09-17 13:08:04,969 [pool-539-thread-1] INFO  storage.RaftStorageDirectory (RaftStorageDirectory.java:analyzeStorage(246)) - The storage directory /workdir/hadoop-ozone/integration-test/target/test-dir/MiniOzoneClusterImpl-caf98cc2-320f-4cdb-8f1a-69abe353d978/datanode-4/data/ratis/8609e337-cca5-4c31-9512-d74a9db9b75a does not exist. Creating ...
2019-09-17 13:08:04,992 [pool-539-thread-1] INFO  storage.RaftStorageDirectory (RaftStorageDirectory.java:tryLock(328)) - Lock on /workdir/hadoop-ozone/integration-test/target/test-dir/MiniOzoneClusterImpl-caf98cc2-320f-4cdb-8f1a-69abe353d978/datanode-4/data/ratis/8609e337-cca5-4c31-9512-d74a9db9b75a/in_use.lock acquired by nodename 3526@pr-hdds-2142-clczg-3805722443
2019-09-17 13:08:05,005 [pool-539-thread-1] INFO  storage.RaftStorage (RaftStorage.java:format(72)) - Storage directory /workdir/hadoop-ozone/integration-test/target/test-dir/MiniOzoneClusterImpl-caf98cc2-320f-4cdb-8f1a-69abe353d978/datanode-4/data/ratis/8609e337-cca5-4c31-9512-d74a9db9b75a has been successfully formatted.
2019-09-17 13:08:05,005 [pool-539-thread-1] INFO  ratis.ContainerStateMachine (ContainerStateMachine.java:loadSnapshot(230)) - group-D74A9DB9B75A: The snapshot info is null. Setting the last applied indexto:(t:0, i:~)
2019-09-17 13:08:05,005 [pool-539-thread-1] INFO  server.RaftServerConfigKeys (ConfUtils.java:logGet(43)) - raft.server.notification.no-leader.timeout = 120s (custom)
2019-09-17 13:08:05,006 [pool-539-thread-1] INFO  server.RaftServerConfigKeys (ConfUtils.java:logGet(43)) - raft.server.log.use.memory = false (default)
2019-09-17 13:08:05,006 [pool-539-thread-1] INFO  server.RaftServerConfigKeys (ConfUtils.java:logGet(43)) - raft.server.log.purge.gap = 1000000 (custom)
2019-09-17 13:08:05,006 [pool-539-thread-1] INFO  server.RaftServerConfigKeys (ConfUtils.java:logGet(43)) - raft.server.log.appender.buffer.byte-limit = 33554432 (custom)
2019-09-17 13:08:05,006 [pool-539-thread-1] INFO  server.RaftServerConfigKeys (ConfUtils.java:logGet(43)) - raft.server.log.segment.size.max = 1048576 (custom)
2019-09-17 13:08:05,006 [pool-539-thread-1] INFO  server.RaftServerConfigKeys (ConfUtils.java:logGet(43)) - raft.server.log.segment.cache.num.max = 2 (custom)
2019-09-17 13:08:05,006 [pool-539-thread-1] INFO  segmented.SegmentedRaftLogWorker (SegmentedRaftLogWorker.java:<init>(172)) - new bafc845d-bbde-4f8f-86b6-115dec71aedb@group-D74A9DB9B75A-SegmentedRaftLogWorker for RaftStorage:Storage Directory /workdir/hadoop-ozone/integration-test/target/test-dir/MiniOzoneClusterImpl-caf98cc2-320f-4cdb-8f1a-69abe353d978/datanode-4/data/ratis/8609e337-cca5-4c31-9512-d74a9db9b75a
2019-09-17 13:08:05,008 [pool-539-thread-1] INFO  server.RaftServerConfigKeys (ConfUtils.java:logGet(43)) - raft.server.log.queue.byte-limit = 2147483647 (custom)
2019-09-17 13:08:05,008 [pool-539-thread-1] INFO  server.RaftServerConfigKeys (ConfUtils.java:logGet(43)) - raft.server.log.queue.element-limit = 1024 (custom)
2019-09-17 13:08:05,009 [pool-539-thread-1] INFO  server.RaftServerConfigKeys (ConfUtils.java:logGet(43)) - raft.server.log.segment.size.max = 1048576 (custom)
2019-09-17 13:08:05,009 [pool-539-thread-1] INFO  server.RaftServerConfigKeys (ConfUtils.java:logGet(43)) - raft.server.log.preallocated.size = 16384 (custom)
2019-09-17 13:08:05,009 [pool-539-thread-1] INFO  server.RaftServerConfigKeys (ConfUtils.java:logGet(43)) - raft.server.log.write.buffer.size = 33554432 (custom)
2019-09-17 13:08:05,009 [pool-539-thread-1] INFO  server.RaftServerConfigKeys (ConfUtils.java:logGet(43)) - raft.server.log.force.sync.num = 128 (default)
2019-09-17 13:08:05,009 [pool-539-thread-1] INFO  server.RaftServerConfigKeys (ConfUtils.java:logGet(43)) - raft.server.log.statemachine.data.sync = true (default)
2019-09-17 13:08:05,009 [pool-539-thread-1] INFO  server.RaftServerConfigKeys (ConfUtils.java:logGet(43)) - raft.server.log.statemachine.data.sync.timeout = 10s (default)
2019-09-17 13:08:05,009 [pool-539-thread-1] INFO  server.RaftServerConfigKeys (ConfUtils.java:logGet(43)) - raft.server.log.statemachine.data.sync.timeout.retry = -1 (default)
2019-09-17 13:08:05,010 [pool-539-thread-1] INFO  server.RaftServerConfigKeys (ConfUtils.java:logGet(43)) - raft.server.log.statemachine.data.caching.enabled = true (custom)
2019-09-17 13:08:05,010 [pool-539-thread-1] INFO  segmented.SegmentedRaftLogWorker (SegmentedRaftLogWorker.java:lambda$new$0(132)) - bafc845d-bbde-4f8f-86b6-115dec71aedb@group-D74A9DB9B75A-SegmentedRaftLogWorker: flushIndex: setUnconditionally 0 -> -1
2019-09-17 13:08:05,010 [pool-539-thread-1] INFO  server.RaftServerConfigKeys (ConfUtils.java:logGet(43)) - raft.server.snapshot.auto.trigger.enabled = true (custom)
2019-09-17 13:08:05,010 [pool-539-thread-1] INFO  server.RaftServerConfigKeys (ConfUtils.java:logGet(43)) - raft.server.snapshot.auto.trigger.threshold = 10000 (custom)
2019-09-17 13:08:05,010 [pool-539-thread-1] INFO  server.RaftServerConfigKeys (ConfUtils.java:logGet(43)) - raft.server.snapshot.retention.num.files = 5 (custom)
2019-09-17 13:08:05,011 [pool-539-thread-1] INFO  server.RaftServerConfigKeys (ConfUtils.java:logGet(43)) - raft.server.retrycache.expirytime = 600000ms (custom)
2019-09-17 13:08:05,012 [pool-539-thread-1] INFO  impl.RaftServerImpl (RaftServerImpl.java:start(185)) - bafc845d-bbde-4f8f-86b6-115dec71aedb@group-D74A9DB9B75A: start as a follower, conf=-1: [bafc845d-bbde-4f8f-86b6-115dec71aedb:192.168.34.33:42454], old=null
2019-09-17 13:08:05,012 [pool-539-thread-1] INFO  impl.RaftServerImpl (RaftServerImpl.java:setRole(174)) - bafc845d-bbde-4f8f-86b6-115dec71aedb@group-D74A9DB9B75A: changes role from      null to FOLLOWER at term 0 for startAsFollower
2019-09-17 13:08:05,013 [pool-539-thread-1] INFO  impl.RoleInfo (RoleInfo.java:updateAndGet(143)) - bafc845d-bbde-4f8f-86b6-115dec71aedb: start FollowerState
2019-09-17 13:08:05,013 [pool-539-thread-1] INFO  util.JmxRegister (JmxRegister.java:tryRegister(44)) - Successfully registered JMX Bean with object name Ratis:service=RaftServer,group=group-D74A9DB9B75A,id=bafc845d-bbde-4f8f-86b6-115dec71aedb
2019-09-17 13:08:05,015 [RatisPipelineUtilsThread] INFO  pipeline.PipelineStateManager (PipelineStateManager.java:addPipeline(56)) - Created pipeline Pipeline[ Id: 8609e337-cca5-4c31-9512-d74a9db9b75a, Nodes: bafc845d-bbde-4f8f-86b6-115dec71aedb{ip: 192.168.34.33, host: pr-hdds-2142-clczg-3805722443, networkLocation: /default-rack, certSerialId: null}, Type:RATIS, Factor:ONE, State:OPEN]
2019-09-17 13:08:05,016 [IPC Server handler 5 on 34254] INFO  net.NetworkTopology (NetworkTopologyImpl.java:add(111)) - Added a new node: /default-rack/76b382c4-29be-4015-813a-8e99538dd1de
2019-09-17 13:08:05,017 [IPC Server handler 5 on 34254] INFO  node.SCMNodeManager (SCMNodeManager.java:register(266)) - Registered Data node : 76b382c4-29be-4015-813a-8e99538dd1de{ip: 192.168.34.33, host: pr-hdds-2142-clczg-3805722443, networkLocation: /default-rack, certSerialId: null}
2019-09-17 13:08:05,017 [main] INFO  ozone.MiniOzoneClusterImpl (MiniOzoneClusterImpl.java:lambda$waitForClusterToBeReady$0(145)) - Cluster is ready. Got 7 of 7 DN Heartbeats.
2019-09-17 13:08:05,021 [grpc-default-executor-3] INFO  impl.RaftServerProxy (RaftServerProxy.java:addNew(89)) - 8c5522c8-f35d-44ba-91f8-db341543b05d: addNew group-4C6F9BDD6A0A:[8c5522c8-f35d-44ba-91f8-db341543b05d:192.168.34.33:41999] returns group-4C6F9BDD6A0A:java.util.concurrent.CompletableFuture@2cb1c79b[Not completed]
2019-09-17 13:08:05,022 [pool-529-thread-1] INFO  impl.RaftServerImpl (RaftServerImpl.java:<init>(95)) - 8c5522c8-f35d-44ba-91f8-db341543b05d: new RaftServerImpl for group-4C6F9BDD6A0A:[8c5522c8-f35d-44ba-91f8-db341543b05d:192.168.34.33:41999] with ContainerStateMachine:uninitialized
2019-09-17 13:08:05,022 [pool-529-thread-1] INFO  server.RaftServerConfigKeys (ConfUtils.java:logGet(43)) - raft.server.rpc.timeout.min = 5s (custom)
2019-09-17 13:08:05,023 [pool-529-thread-1] INFO  server.RaftServerConfigKeys (ConfUtils.java:logGet(43)) - raft.server.rpc.timeout.max = 5200ms (custom)
2019-09-17 13:08:05,023 [pool-529-thread-1] INFO  server.RaftServerConfigKeys (ConfUtils.java:logGet(43)) - raft.server.rpcslowness.timeout = 120s (custom)
2019-09-17 13:08:05,023 [pool-529-thread-1] INFO  server.RaftServerConfigKeys (ConfUtils.java:logGet(43)) - raft.server.sleep.deviation.threshold = 300 (default)
2019-09-17 13:08:05,023 [pool-529-thread-1] INFO  server.RaftServerConfigKeys (ConfUtils.java:logGet(43)) - raft.server.log.appender.install.snapshot.enabled = false (custom)
2019-09-17 13:08:05,023 [pool-529-thread-1] INFO  impl.RaftServerImpl (ServerState.java:<init>(103)) - 8c5522c8-f35d-44ba-91f8-db341543b05d@group-4C6F9BDD6A0A: ConfigurationManager, init=-1: [8c5522c8-f35d-44ba-91f8-db341543b05d:192.168.34.33:41999], old=null, confs=<EMPTY_MAP>
2019-09-17 13:08:05,023 [pool-529-thread-1] INFO  server.RaftServerConfigKeys (ConfUtils.java:logGet(43)) - raft.server.storage.dir = [/workdir/hadoop-ozone/integration-test/target/test-dir/MiniOzoneClusterImpl-caf98cc2-320f-4cdb-8f1a-69abe353d978/datanode-3/data/ratis] (custom)
2019-09-17 13:08:05,024 [pool-529-thread-1] INFO  storage.RaftStorageDirectory (RaftStorageDirectory.java:analyzeStorage(246)) - The storage directory /workdir/hadoop-ozone/integration-test/target/test-dir/MiniOzoneClusterImpl-caf98cc2-320f-4cdb-8f1a-69abe353d978/datanode-3/data/ratis/1d0a534f-ec8b-4c59-8260-4c6f9bdd6a0a does not exist. Creating ...
2019-09-17 13:08:05,043 [pool-529-thread-1] INFO  storage.RaftStorageDirectory (RaftStorageDirectory.java:tryLock(328)) - Lock on /workdir/hadoop-ozone/integration-test/target/test-dir/MiniOzoneClusterImpl-caf98cc2-320f-4cdb-8f1a-69abe353d978/datanode-3/data/ratis/1d0a534f-ec8b-4c59-8260-4c6f9bdd6a0a/in_use.lock acquired by nodename 3526@pr-hdds-2142-clczg-3805722443
2019-09-17 13:08:05,051 [main] INFO  rpc.RpcClient (RpcClient.java:createVolume(302)) - Creating Volume: testblockoutputstream, with jenkins1000 as owner.
2019-09-17 13:08:05,055 [IPC Server handler 1 on 46162] INFO  volume.OMVolumeCreateRequest (OMVolumeCreateRequest.java:validateAndUpdateCache(189)) - created volume:testblockoutputstream for user:jenkins1000
2019-09-17 13:08:05,067 [pool-529-thread-1] INFO  storage.RaftStorage (RaftStorage.java:format(72)) - Storage directory /workdir/hadoop-ozone/integration-test/target/test-dir/MiniOzoneClusterImpl-caf98cc2-320f-4cdb-8f1a-69abe353d978/datanode-3/data/ratis/1d0a534f-ec8b-4c59-8260-4c6f9bdd6a0a has been successfully formatted.
2019-09-17 13:08:05,067 [pool-529-thread-1] INFO  ratis.ContainerStateMachine (ContainerStateMachine.java:loadSnapshot(230)) - group-4C6F9BDD6A0A: The snapshot info is null. Setting the last applied indexto:(t:0, i:~)
2019-09-17 13:08:05,067 [main] INFO  rpc.RpcClient (RpcClient.java:createBucket(441)) - Creating Bucket: testblockoutputstream/testblockoutputstream, with Versioning false and Storage Type set to DISK and Encryption set to false 
2019-09-17 13:08:05,067 [pool-529-thread-1] INFO  server.RaftServerConfigKeys (ConfUtils.java:logGet(43)) - raft.server.notification.no-leader.timeout = 120s (custom)
2019-09-17 13:08:05,067 [pool-529-thread-1] INFO  server.RaftServerConfigKeys (ConfUtils.java:logGet(43)) - raft.server.log.use.memory = false (default)
2019-09-17 13:08:05,068 [pool-529-thread-1] INFO  server.RaftServerConfigKeys (ConfUtils.java:logGet(43)) - raft.server.log.purge.gap = 1000000 (custom)
2019-09-17 13:08:05,068 [pool-529-thread-1] INFO  server.RaftServerConfigKeys (ConfUtils.java:logGet(43)) - raft.server.log.appender.buffer.byte-limit = 33554432 (custom)
2019-09-17 13:08:05,068 [pool-529-thread-1] INFO  server.RaftServerConfigKeys (ConfUtils.java:logGet(43)) - raft.server.log.segment.size.max = 1048576 (custom)
2019-09-17 13:08:05,068 [pool-529-thread-1] INFO  server.RaftServerConfigKeys (ConfUtils.java:logGet(43)) - raft.server.log.segment.cache.num.max = 2 (custom)
2019-09-17 13:08:05,068 [pool-529-thread-1] INFO  segmented.SegmentedRaftLogWorker (SegmentedRaftLogWorker.java:<init>(172)) - new 8c5522c8-f35d-44ba-91f8-db341543b05d@group-4C6F9BDD6A0A-SegmentedRaftLogWorker for RaftStorage:Storage Directory /workdir/hadoop-ozone/integration-test/target/test-dir/MiniOzoneClusterImpl-caf98cc2-320f-4cdb-8f1a-69abe353d978/datanode-3/data/ratis/1d0a534f-ec8b-4c59-8260-4c6f9bdd6a0a
2019-09-17 13:08:05,072 [pool-529-thread-1] INFO  server.RaftServerConfigKeys (ConfUtils.java:logGet(43)) - raft.server.log.queue.byte-limit = 2147483647 (custom)
2019-09-17 13:08:05,072 [pool-529-thread-1] INFO  server.RaftServerConfigKeys (ConfUtils.java:logGet(43)) - raft.server.log.queue.element-limit = 1024 (custom)
2019-09-17 13:08:05,072 [pool-529-thread-1] INFO  server.RaftServerConfigKeys (ConfUtils.java:logGet(43)) - raft.server.log.segment.size.max = 1048576 (custom)
2019-09-17 13:08:05,072 [pool-529-thread-1] INFO  server.RaftServerConfigKeys (ConfUtils.java:logGet(43)) - raft.server.log.preallocated.size = 16384 (custom)
2019-09-17 13:08:05,072 [pool-529-thread-1] INFO  server.RaftServerConfigKeys (ConfUtils.java:logGet(43)) - raft.server.log.write.buffer.size = 33554432 (custom)
2019-09-17 13:08:05,073 [pool-529-thread-1] INFO  server.RaftServerConfigKeys (ConfUtils.java:logGet(43)) - raft.server.log.force.sync.num = 128 (default)
2019-09-17 13:08:05,073 [pool-529-thread-1] INFO  server.RaftServerConfigKeys (ConfUtils.java:logGet(43)) - raft.server.log.statemachine.data.sync = true (default)
2019-09-17 13:08:05,073 [pool-529-thread-1] INFO  server.RaftServerConfigKeys (ConfUtils.java:logGet(43)) - raft.server.log.statemachine.data.sync.timeout = 10s (default)
2019-09-17 13:08:05,073 [pool-529-thread-1] INFO  server.RaftServerConfigKeys (ConfUtils.java:logGet(43)) - raft.server.log.statemachine.data.sync.timeout.retry = -1 (default)
2019-09-17 13:08:05,073 [pool-529-thread-1] INFO  server.RaftServerConfigKeys (ConfUtils.java:logGet(43)) - raft.server.log.statemachine.data.caching.enabled = true (custom)
2019-09-17 13:08:05,074 [pool-529-thread-1] INFO  segmented.SegmentedRaftLogWorker (SegmentedRaftLogWorker.java:lambda$new$0(132)) - 8c5522c8-f35d-44ba-91f8-db341543b05d@group-4C6F9BDD6A0A-SegmentedRaftLogWorker: flushIndex: setUnconditionally 0 -> -1
2019-09-17 13:08:05,074 [pool-529-thread-1] INFO  server.RaftServerConfigKeys (ConfUtils.java:logGet(43)) - raft.server.snapshot.auto.trigger.enabled = true (custom)
2019-09-17 13:08:05,074 [pool-529-thread-1] INFO  server.RaftServerConfigKeys (ConfUtils.java:logGet(43)) - raft.server.snapshot.auto.trigger.threshold = 10000 (custom)
2019-09-17 13:08:05,074 [pool-529-thread-1] INFO  server.RaftServerConfigKeys (ConfUtils.java:logGet(43)) - raft.server.snapshot.retention.num.files = 5 (custom)
2019-09-17 13:08:05,075 [pool-529-thread-1] INFO  server.RaftServerConfigKeys (ConfUtils.java:logGet(43)) - raft.server.retrycache.expirytime = 600000ms (custom)
2019-09-17 13:08:05,076 [pool-529-thread-1] INFO  impl.RaftServerImpl (RaftServerImpl.java:start(185)) - 8c5522c8-f35d-44ba-91f8-db341543b05d@group-4C6F9BDD6A0A: start as a follower, conf=-1: [8c5522c8-f35d-44ba-91f8-db341543b05d:192.168.34.33:41999], old=null
2019-09-17 13:08:05,076 [pool-529-thread-1] INFO  impl.RaftServerImpl (RaftServerImpl.java:setRole(174)) - 8c5522c8-f35d-44ba-91f8-db341543b05d@group-4C6F9BDD6A0A: changes role from      null to FOLLOWER at term 0 for startAsFollower
2019-09-17 13:08:05,077 [pool-529-thread-1] INFO  impl.RoleInfo (RoleInfo.java:updateAndGet(143)) - 8c5522c8-f35d-44ba-91f8-db341543b05d: start FollowerState
2019-09-17 13:08:05,077 [pool-529-thread-1] INFO  util.JmxRegister (JmxRegister.java:tryRegister(44)) - Successfully registered JMX Bean with object name Ratis:service=RaftServer,group=group-4C6F9BDD6A0A,id=8c5522c8-f35d-44ba-91f8-db341543b05d
2019-09-17 13:08:05,079 [RatisPipelineUtilsThread] INFO  pipeline.PipelineStateManager (PipelineStateManager.java:addPipeline(56)) - Created pipeline Pipeline[ Id: 1d0a534f-ec8b-4c59-8260-4c6f9bdd6a0a, Nodes: 8c5522c8-f35d-44ba-91f8-db341543b05d{ip: 192.168.34.33, host: pr-hdds-2142-clczg-3805722443, networkLocation: /default-rack, certSerialId: null}, Type:RATIS, Factor:ONE, State:OPEN]
2019-09-17 13:08:05,091 [grpc-default-executor-3] INFO  impl.RaftServerProxy (RaftServerProxy.java:addNew(89)) - 50f49b90-e99d-4336-a11e-085101dab1f3: addNew group-C35AFCB0D769:[50f49b90-e99d-4336-a11e-085101dab1f3:192.168.34.33:40121] returns group-C35AFCB0D769:java.util.concurrent.CompletableFuture@7bcfb122[Not completed]
2019-09-17 13:08:05,093 [pool-549-thread-1] INFO  impl.RaftServerImpl (RaftServerImpl.java:<init>(95)) - 50f49b90-e99d-4336-a11e-085101dab1f3: new RaftServerImpl for group-C35AFCB0D769:[50f49b90-e99d-4336-a11e-085101dab1f3:192.168.34.33:40121] with ContainerStateMachine:uninitialized
2019-09-17 13:08:05,093 [pool-549-thread-1] INFO  server.RaftServerConfigKeys (ConfUtils.java:logGet(43)) - raft.server.rpc.timeout.min = 5s (custom)
2019-09-17 13:08:05,093 [pool-549-thread-1] INFO  server.RaftServerConfigKeys (ConfUtils.java:logGet(43)) - raft.server.rpc.timeout.max = 5200ms (custom)
2019-09-17 13:08:05,093 [pool-549-thread-1] INFO  server.RaftServerConfigKeys (ConfUtils.java:logGet(43)) - raft.server.rpcslowness.timeout = 120s (custom)
2019-09-17 13:08:05,094 [pool-549-thread-1] INFO  server.RaftServerConfigKeys (ConfUtils.java:logGet(43)) - raft.server.sleep.deviation.threshold = 300 (default)
2019-09-17 13:08:05,094 [pool-549-thread-1] INFO  server.RaftServerConfigKeys (ConfUtils.java:logGet(43)) - raft.server.log.appender.install.snapshot.enabled = false (custom)
2019-09-17 13:08:05,094 [pool-549-thread-1] INFO  impl.RaftServerImpl (ServerState.java:<init>(103)) - 50f49b90-e99d-4336-a11e-085101dab1f3@group-C35AFCB0D769: ConfigurationManager, init=-1: [50f49b90-e99d-4336-a11e-085101dab1f3:192.168.34.33:40121], old=null, confs=<EMPTY_MAP>
2019-09-17 13:08:05,094 [pool-549-thread-1] INFO  server.RaftServerConfigKeys (ConfUtils.java:logGet(43)) - raft.server.storage.dir = [/workdir/hadoop-ozone/integration-test/target/test-dir/MiniOzoneClusterImpl-caf98cc2-320f-4cdb-8f1a-69abe353d978/datanode-5/data/ratis] (custom)
2019-09-17 13:08:05,095 [pool-549-thread-1] INFO  storage.RaftStorageDirectory (RaftStorageDirectory.java:analyzeStorage(246)) - The storage directory /workdir/hadoop-ozone/integration-test/target/test-dir/MiniOzoneClusterImpl-caf98cc2-320f-4cdb-8f1a-69abe353d978/datanode-5/data/ratis/74262589-91ee-42e5-8131-c35afcb0d769 does not exist. Creating ...
2019-09-17 13:08:05,098 [pool-549-thread-1] INFO  storage.RaftStorageDirectory (RaftStorageDirectory.java:tryLock(328)) - Lock on /workdir/hadoop-ozone/integration-test/target/test-dir/MiniOzoneClusterImpl-caf98cc2-320f-4cdb-8f1a-69abe353d978/datanode-5/data/ratis/74262589-91ee-42e5-8131-c35afcb0d769/in_use.lock acquired by nodename 3526@pr-hdds-2142-clczg-3805722443
2019-09-17 13:08:05,102 [pool-549-thread-1] INFO  storage.RaftStorage (RaftStorage.java:format(72)) - Storage directory /workdir/hadoop-ozone/integration-test/target/test-dir/MiniOzoneClusterImpl-caf98cc2-320f-4cdb-8f1a-69abe353d978/datanode-5/data/ratis/74262589-91ee-42e5-8131-c35afcb0d769 has been successfully formatted.
2019-09-17 13:08:05,102 [pool-549-thread-1] INFO  ratis.ContainerStateMachine (ContainerStateMachine.java:loadSnapshot(230)) - group-C35AFCB0D769: The snapshot info is null. Setting the last applied indexto:(t:0, i:~)
2019-09-17 13:08:05,103 [pool-549-thread-1] INFO  server.RaftServerConfigKeys (ConfUtils.java:logGet(43)) - raft.server.notification.no-leader.timeout = 120s (custom)
2019-09-17 13:08:05,103 [pool-549-thread-1] INFO  server.RaftServerConfigKeys (ConfUtils.java:logGet(43)) - raft.server.log.use.memory = false (default)
2019-09-17 13:08:05,103 [pool-549-thread-1] INFO  server.RaftServerConfigKeys (ConfUtils.java:logGet(43)) - raft.server.log.purge.gap = 1000000 (custom)
2019-09-17 13:08:05,103 [pool-549-thread-1] INFO  server.RaftServerConfigKeys (ConfUtils.java:logGet(43)) - raft.server.log.appender.buffer.byte-limit = 33554432 (custom)
2019-09-17 13:08:05,103 [pool-549-thread-1] INFO  server.RaftServerConfigKeys (ConfUtils.java:logGet(43)) - raft.server.log.segment.size.max = 1048576 (custom)
2019-09-17 13:08:05,103 [pool-549-thread-1] INFO  server.RaftServerConfigKeys (ConfUtils.java:logGet(43)) - raft.server.log.segment.cache.num.max = 2 (custom)
2019-09-17 13:08:05,104 [pool-549-thread-1] INFO  segmented.SegmentedRaftLogWorker (SegmentedRaftLogWorker.java:<init>(172)) - new 50f49b90-e99d-4336-a11e-085101dab1f3@group-C35AFCB0D769-SegmentedRaftLogWorker for RaftStorage:Storage Directory /workdir/hadoop-ozone/integration-test/target/test-dir/MiniOzoneClusterImpl-caf98cc2-320f-4cdb-8f1a-69abe353d978/datanode-5/data/ratis/74262589-91ee-42e5-8131-c35afcb0d769
2019-09-17 13:08:05,105 [pool-549-thread-1] INFO  server.RaftServerConfigKeys (ConfUtils.java:logGet(43)) - raft.server.log.queue.byte-limit = 2147483647 (custom)
2019-09-17 13:08:05,106 [pool-549-thread-1] INFO  server.RaftServerConfigKeys (ConfUtils.java:logGet(43)) - raft.server.log.queue.element-limit = 1024 (custom)
2019-09-17 13:08:05,106 [pool-549-thread-1] INFO  server.RaftServerConfigKeys (ConfUtils.java:logGet(43)) - raft.server.log.segment.size.max = 1048576 (custom)
2019-09-17 13:08:05,106 [pool-549-thread-1] INFO  server.RaftServerConfigKeys (ConfUtils.java:logGet(43)) - raft.server.log.preallocated.size = 16384 (custom)
2019-09-17 13:08:05,106 [pool-549-thread-1] INFO  server.RaftServerConfigKeys (ConfUtils.java:logGet(43)) - raft.server.log.write.buffer.size = 33554432 (custom)
2019-09-17 13:08:05,106 [pool-549-thread-1] INFO  server.RaftServerConfigKeys (ConfUtils.java:logGet(43)) - raft.server.log.force.sync.num = 128 (default)
2019-09-17 13:08:05,106 [pool-549-thread-1] INFO  server.RaftServerConfigKeys (ConfUtils.java:logGet(43)) - raft.server.log.statemachine.data.sync = true (default)
2019-09-17 13:08:05,107 [pool-549-thread-1] INFO  server.RaftServerConfigKeys (ConfUtils.java:logGet(43)) - raft.server.log.statemachine.data.sync.timeout = 10s (default)
2019-09-17 13:08:05,107 [pool-549-thread-1] INFO  server.RaftServerConfigKeys (ConfUtils.java:logGet(43)) - raft.server.log.statemachine.data.sync.timeout.retry = -1 (default)
2019-09-17 13:08:05,107 [pool-549-thread-1] INFO  server.RaftServerConfigKeys (ConfUtils.java:logGet(43)) - raft.server.log.statemachine.data.caching.enabled = true (custom)
2019-09-17 13:08:05,107 [pool-549-thread-1] INFO  segmented.SegmentedRaftLogWorker (SegmentedRaftLogWorker.java:lambda$new$0(132)) - 50f49b90-e99d-4336-a11e-085101dab1f3@group-C35AFCB0D769-SegmentedRaftLogWorker: flushIndex: setUnconditionally 0 -> -1
2019-09-17 13:08:05,108 [pool-549-thread-1] INFO  server.RaftServerConfigKeys (ConfUtils.java:logGet(43)) - raft.server.snapshot.auto.trigger.enabled = true (custom)
2019-09-17 13:08:05,108 [pool-549-thread-1] INFO  server.RaftServerConfigKeys (ConfUtils.java:logGet(43)) - raft.server.snapshot.auto.trigger.threshold = 10000 (custom)
2019-09-17 13:08:05,108 [pool-549-thread-1] INFO  server.RaftServerConfigKeys (ConfUtils.java:logGet(43)) - raft.server.snapshot.retention.num.files = 5 (custom)
2019-09-17 13:08:05,108 [pool-549-thread-1] INFO  server.RaftServerConfigKeys (ConfUtils.java:logGet(43)) - raft.server.retrycache.expirytime = 600000ms (custom)
2019-09-17 13:08:05,110 [pool-549-thread-1] INFO  impl.RaftServerImpl (RaftServerImpl.java:start(185)) - 50f49b90-e99d-4336-a11e-085101dab1f3@group-C35AFCB0D769: start as a follower, conf=-1: [50f49b90-e99d-4336-a11e-085101dab1f3:192.168.34.33:40121], old=null
2019-09-17 13:08:05,110 [pool-549-thread-1] INFO  impl.RaftServerImpl (RaftServerImpl.java:setRole(174)) - 50f49b90-e99d-4336-a11e-085101dab1f3@group-C35AFCB0D769: changes role from      null to FOLLOWER at term 0 for startAsFollower
2019-09-17 13:08:05,110 [pool-549-thread-1] INFO  impl.RoleInfo (RoleInfo.java:updateAndGet(143)) - 50f49b90-e99d-4336-a11e-085101dab1f3: start FollowerState
2019-09-17 13:08:05,110 [pool-549-thread-1] INFO  util.JmxRegister (JmxRegister.java:tryRegister(44)) - Successfully registered JMX Bean with object name Ratis:service=RaftServer,group=group-C35AFCB0D769,id=50f49b90-e99d-4336-a11e-085101dab1f3
2019-09-17 13:08:05,112 [RatisPipelineUtilsThread] INFO  pipeline.PipelineStateManager (PipelineStateManager.java:addPipeline(56)) - Created pipeline Pipeline[ Id: 74262589-91ee-42e5-8131-c35afcb0d769, Nodes: 50f49b90-e99d-4336-a11e-085101dab1f3{ip: 192.168.34.33, host: pr-hdds-2142-clczg-3805722443, networkLocation: /default-rack, certSerialId: null}, Type:RATIS, Factor:ONE, State:OPEN]
2019-09-17 13:08:05,119 [grpc-default-executor-3] INFO  impl.RaftServerProxy (RaftServerProxy.java:addNew(89)) - 76b382c4-29be-4015-813a-8e99538dd1de: addNew group-D229EFCD60F9:[76b382c4-29be-4015-813a-8e99538dd1de:192.168.34.33:41941] returns group-D229EFCD60F9:java.util.concurrent.CompletableFuture@3909e0db[Not completed]
2019-09-17 13:08:05,120 [pool-559-thread-1] INFO  impl.RaftServerImpl (RaftServerImpl.java:<init>(95)) - 76b382c4-29be-4015-813a-8e99538dd1de: new RaftServerImpl for group-D229EFCD60F9:[76b382c4-29be-4015-813a-8e99538dd1de:192.168.34.33:41941] with ContainerStateMachine:uninitialized
2019-09-17 13:08:05,120 [pool-559-thread-1] INFO  server.RaftServerConfigKeys (ConfUtils.java:logGet(43)) - raft.server.rpc.timeout.min = 5s (custom)
2019-09-17 13:08:05,120 [pool-559-thread-1] INFO  server.RaftServerConfigKeys (ConfUtils.java:logGet(43)) - raft.server.rpc.timeout.max = 5200ms (custom)
2019-09-17 13:08:05,120 [pool-559-thread-1] INFO  server.RaftServerConfigKeys (ConfUtils.java:logGet(43)) - raft.server.rpcslowness.timeout = 120s (custom)
2019-09-17 13:08:05,121 [pool-559-thread-1] INFO  server.RaftServerConfigKeys (ConfUtils.java:logGet(43)) - raft.server.sleep.deviation.threshold = 300 (default)
2019-09-17 13:08:05,121 [pool-559-thread-1] INFO  server.RaftServerConfigKeys (ConfUtils.java:logGet(43)) - raft.server.log.appender.install.snapshot.enabled = false (custom)
2019-09-17 13:08:05,121 [pool-559-thread-1] INFO  impl.RaftServerImpl (ServerState.java:<init>(103)) - 76b382c4-29be-4015-813a-8e99538dd1de@group-D229EFCD60F9: ConfigurationManager, init=-1: [76b382c4-29be-4015-813a-8e99538dd1de:192.168.34.33:41941], old=null, confs=<EMPTY_MAP>
2019-09-17 13:08:05,121 [pool-559-thread-1] INFO  server.RaftServerConfigKeys (ConfUtils.java:logGet(43)) - raft.server.storage.dir = [/workdir/hadoop-ozone/integration-test/target/test-dir/MiniOzoneClusterImpl-caf98cc2-320f-4cdb-8f1a-69abe353d978/datanode-6/data/ratis] (custom)
2019-09-17 13:08:05,121 [pool-559-thread-1] INFO  storage.RaftStorageDirectory (RaftStorageDirectory.java:analyzeStorage(246)) - The storage directory /workdir/hadoop-ozone/integration-test/target/test-dir/MiniOzoneClusterImpl-caf98cc2-320f-4cdb-8f1a-69abe353d978/datanode-6/data/ratis/b4ec864e-2b99-4bc9-9daa-d229efcd60f9 does not exist. Creating ...
2019-09-17 13:08:05,125 [pool-559-thread-1] INFO  storage.RaftStorageDirectory (RaftStorageDirectory.java:tryLock(328)) - Lock on /workdir/hadoop-ozone/integration-test/target/test-dir/MiniOzoneClusterImpl-caf98cc2-320f-4cdb-8f1a-69abe353d978/datanode-6/data/ratis/b4ec864e-2b99-4bc9-9daa-d229efcd60f9/in_use.lock acquired by nodename 3526@pr-hdds-2142-clczg-3805722443
2019-09-17 13:08:05,129 [pool-559-thread-1] INFO  storage.RaftStorage (RaftStorage.java:format(72)) - Storage directory /workdir/hadoop-ozone/integration-test/target/test-dir/MiniOzoneClusterImpl-caf98cc2-320f-4cdb-8f1a-69abe353d978/datanode-6/data/ratis/b4ec864e-2b99-4bc9-9daa-d229efcd60f9 has been successfully formatted.
2019-09-17 13:08:05,129 [pool-559-thread-1] INFO  ratis.ContainerStateMachine (ContainerStateMachine.java:loadSnapshot(230)) - group-D229EFCD60F9: The snapshot info is null. Setting the last applied indexto:(t:0, i:~)
2019-09-17 13:08:05,129 [pool-559-thread-1] INFO  server.RaftServerConfigKeys (ConfUtils.java:logGet(43)) - raft.server.notification.no-leader.timeout = 120s (custom)
2019-09-17 13:08:05,130 [pool-559-thread-1] INFO  server.RaftServerConfigKeys (ConfUtils.java:logGet(43)) - raft.server.log.use.memory = false (default)
2019-09-17 13:08:05,130 [pool-559-thread-1] INFO  server.RaftServerConfigKeys (ConfUtils.java:logGet(43)) - raft.server.log.purge.gap = 1000000 (custom)
2019-09-17 13:08:05,130 [pool-559-thread-1] INFO  server.RaftServerConfigKeys (ConfUtils.java:logGet(43)) - raft.server.log.appender.buffer.byte-limit = 33554432 (custom)
2019-09-17 13:08:05,130 [pool-559-thread-1] INFO  server.RaftServerConfigKeys (ConfUtils.java:logGet(43)) - raft.server.log.segment.size.max = 1048576 (custom)
2019-09-17 13:08:05,130 [pool-559-thread-1] INFO  server.RaftServerConfigKeys (ConfUtils.java:logGet(43)) - raft.server.log.segment.cache.num.max = 2 (custom)
2019-09-17 13:08:05,131 [pool-559-thread-1] INFO  segmented.SegmentedRaftLogWorker (SegmentedRaftLogWorker.java:<init>(172)) - new 76b382c4-29be-4015-813a-8e99538dd1de@group-D229EFCD60F9-SegmentedRaftLogWorker for RaftStorage:Storage Directory /workdir/hadoop-ozone/integration-test/target/test-dir/MiniOzoneClusterImpl-caf98cc2-320f-4cdb-8f1a-69abe353d978/datanode-6/data/ratis/b4ec864e-2b99-4bc9-9daa-d229efcd60f9
2019-09-17 13:08:05,133 [pool-559-thread-1] INFO  server.RaftServerConfigKeys (ConfUtils.java:logGet(43)) - raft.server.log.queue.byte-limit = 2147483647 (custom)
2019-09-17 13:08:05,133 [pool-559-thread-1] INFO  server.RaftServerConfigKeys (ConfUtils.java:logGet(43)) - raft.server.log.queue.element-limit = 1024 (custom)
2019-09-17 13:08:05,133 [pool-559-thread-1] INFO  server.RaftServerConfigKeys (ConfUtils.java:logGet(43)) - raft.server.log.segment.size.max = 1048576 (custom)
2019-09-17 13:08:05,133 [pool-559-thread-1] INFO  server.RaftServerConfigKeys (ConfUtils.java:logGet(43)) - raft.server.log.preallocated.size = 16384 (custom)
2019-09-17 13:08:05,134 [pool-559-thread-1] INFO  server.RaftServerConfigKeys (ConfUtils.java:logGet(43)) - raft.server.log.write.buffer.size = 33554432 (custom)
2019-09-17 13:08:05,134 [pool-559-thread-1] INFO  server.RaftServerConfigKeys (ConfUtils.java:logGet(43)) - raft.server.log.force.sync.num = 128 (default)
2019-09-17 13:08:05,134 [pool-559-thread-1] INFO  server.RaftServerConfigKeys (ConfUtils.java:logGet(43)) - raft.server.log.statemachine.data.sync = true (default)
2019-09-17 13:08:05,134 [pool-559-thread-1] INFO  server.RaftServerConfigKeys (ConfUtils.java:logGet(43)) - raft.server.log.statemachine.data.sync.timeout = 10s (default)
2019-09-17 13:08:05,134 [pool-559-thread-1] INFO  server.RaftServerConfigKeys (ConfUtils.java:logGet(43)) - raft.server.log.statemachine.data.sync.timeout.retry = -1 (default)
2019-09-17 13:08:05,134 [pool-559-thread-1] INFO  server.RaftServerConfigKeys (ConfUtils.java:logGet(43)) - raft.server.log.statemachine.data.caching.enabled = true (custom)
2019-09-17 13:08:05,135 [pool-559-thread-1] INFO  segmented.SegmentedRaftLogWorker (SegmentedRaftLogWorker.java:lambda$new$0(132)) - 76b382c4-29be-4015-813a-8e99538dd1de@group-D229EFCD60F9-SegmentedRaftLogWorker: flushIndex: setUnconditionally 0 -> -1
2019-09-17 13:08:05,135 [pool-559-thread-1] INFO  server.RaftServerConfigKeys (ConfUtils.java:logGet(43)) - raft.server.snapshot.auto.trigger.enabled = true (custom)
2019-09-17 13:08:05,135 [pool-559-thread-1] INFO  server.RaftServerConfigKeys (ConfUtils.java:logGet(43)) - raft.server.snapshot.auto.trigger.threshold = 10000 (custom)
2019-09-17 13:08:05,136 [pool-559-thread-1] INFO  server.RaftServerConfigKeys (ConfUtils.java:logGet(43)) - raft.server.snapshot.retention.num.files = 5 (custom)
2019-09-17 13:08:05,136 [pool-559-thread-1] INFO  server.RaftServerConfigKeys (ConfUtils.java:logGet(43)) - raft.server.retrycache.expirytime = 600000ms (custom)
2019-09-17 13:08:05,138 [pool-559-thread-1] INFO  impl.RaftServerImpl (RaftServerImpl.java:start(185)) - 76b382c4-29be-4015-813a-8e99538dd1de@group-D229EFCD60F9: start as a follower, conf=-1: [76b382c4-29be-4015-813a-8e99538dd1de:192.168.34.33:41941], old=null
2019-09-17 13:08:05,138 [pool-559-thread-1] INFO  impl.RaftServerImpl (RaftServerImpl.java:setRole(174)) - 76b382c4-29be-4015-813a-8e99538dd1de@group-D229EFCD60F9: changes role from      null to FOLLOWER at term 0 for startAsFollower
2019-09-17 13:08:05,138 [pool-559-thread-1] INFO  impl.RoleInfo (RoleInfo.java:updateAndGet(143)) - 76b382c4-29be-4015-813a-8e99538dd1de: start FollowerState
2019-09-17 13:08:05,139 [pool-559-thread-1] INFO  util.JmxRegister (JmxRegister.java:tryRegister(44)) - Successfully registered JMX Bean with object name Ratis:service=RaftServer,group=group-D229EFCD60F9,id=76b382c4-29be-4015-813a-8e99538dd1de
2019-09-17 13:08:05,140 [RatisPipelineUtilsThread] INFO  pipeline.PipelineStateManager (PipelineStateManager.java:addPipeline(56)) - Created pipeline Pipeline[ Id: b4ec864e-2b99-4bc9-9daa-d229efcd60f9, Nodes: 76b382c4-29be-4015-813a-8e99538dd1de{ip: 192.168.34.33, host: pr-hdds-2142-clczg-3805722443, networkLocation: /default-rack, certSerialId: null}, Type:RATIS, Factor:ONE, State:OPEN]
2019-09-17 13:08:05,151 [grpc-default-executor-10] INFO  impl.RaftServerProxy (RaftServerProxy.java:addNew(89)) - bafc845d-bbde-4f8f-86b6-115dec71aedb: addNew group-66CF6D82602C:[bafc845d-bbde-4f8f-86b6-115dec71aedb:192.168.34.33:42454, 8c5522c8-f35d-44ba-91f8-db341543b05d:192.168.34.33:41999, 50f49b90-e99d-4336-a11e-085101dab1f3:192.168.34.33:40121] returns group-66CF6D82602C:java.util.concurrent.CompletableFuture@3abc6a4d[Not completed]
2019-09-17 13:08:05,151 [grpc-default-executor-3] INFO  impl.RaftServerProxy (RaftServerProxy.java:addNew(89)) - 50f49b90-e99d-4336-a11e-085101dab1f3: addNew group-66CF6D82602C:[bafc845d-bbde-4f8f-86b6-115dec71aedb:192.168.34.33:42454, 8c5522c8-f35d-44ba-91f8-db341543b05d:192.168.34.33:41999, 50f49b90-e99d-4336-a11e-085101dab1f3:192.168.34.33:40121] returns group-66CF6D82602C:java.util.concurrent.CompletableFuture@6ac49fc5[Not completed]
2019-09-17 13:08:05,151 [grpc-default-executor-1] INFO  impl.RaftServerProxy (RaftServerProxy.java:addNew(89)) - 8c5522c8-f35d-44ba-91f8-db341543b05d: addNew group-66CF6D82602C:[bafc845d-bbde-4f8f-86b6-115dec71aedb:192.168.34.33:42454, 8c5522c8-f35d-44ba-91f8-db341543b05d:192.168.34.33:41999, 50f49b90-e99d-4336-a11e-085101dab1f3:192.168.34.33:40121] returns group-66CF6D82602C:java.util.concurrent.CompletableFuture@250d3e6[Not completed]
2019-09-17 13:08:05,152 [pool-539-thread-1] INFO  impl.RaftServerImpl (RaftServerImpl.java:<init>(95)) - bafc845d-bbde-4f8f-86b6-115dec71aedb: new RaftServerImpl for group-66CF6D82602C:[bafc845d-bbde-4f8f-86b6-115dec71aedb:192.168.34.33:42454, 8c5522c8-f35d-44ba-91f8-db341543b05d:192.168.34.33:41999, 50f49b90-e99d-4336-a11e-085101dab1f3:192.168.34.33:40121] with ContainerStateMachine:uninitialized
2019-09-17 13:08:05,152 [pool-539-thread-1] INFO  server.RaftServerConfigKeys (ConfUtils.java:logGet(43)) - raft.server.rpc.timeout.min = 5s (custom)
2019-09-17 13:08:05,152 [pool-539-thread-1] INFO  server.RaftServerConfigKeys (ConfUtils.java:logGet(43)) - raft.server.rpc.timeout.max = 5200ms (custom)
2019-09-17 13:08:05,152 [pool-539-thread-1] INFO  server.RaftServerConfigKeys (ConfUtils.java:logGet(43)) - raft.server.rpcslowness.timeout = 120s (custom)
2019-09-17 13:08:05,152 [pool-539-thread-1] INFO  server.RaftServerConfigKeys (ConfUtils.java:logGet(43)) - raft.server.sleep.deviation.threshold = 300 (default)
2019-09-17 13:08:05,152 [pool-539-thread-1] INFO  server.RaftServerConfigKeys (ConfUtils.java:logGet(43)) - raft.server.log.appender.install.snapshot.enabled = false (custom)
2019-09-17 13:08:05,152 [pool-529-thread-1] INFO  impl.RaftServerImpl (RaftServerImpl.java:<init>(95)) - 8c5522c8-f35d-44ba-91f8-db341543b05d: new RaftServerImpl for group-66CF6D82602C:[bafc845d-bbde-4f8f-86b6-115dec71aedb:192.168.34.33:42454, 8c5522c8-f35d-44ba-91f8-db341543b05d:192.168.34.33:41999, 50f49b90-e99d-4336-a11e-085101dab1f3:192.168.34.33:40121] with ContainerStateMachine:uninitialized
2019-09-17 13:08:05,152 [pool-539-thread-1] INFO  impl.RaftServerImpl (ServerState.java:<init>(103)) - bafc845d-bbde-4f8f-86b6-115dec71aedb@group-66CF6D82602C: ConfigurationManager, init=-1: [bafc845d-bbde-4f8f-86b6-115dec71aedb:192.168.34.33:42454, 8c5522c8-f35d-44ba-91f8-db341543b05d:192.168.34.33:41999, 50f49b90-e99d-4336-a11e-085101dab1f3:192.168.34.33:40121], old=null, confs=<EMPTY_MAP>
2019-09-17 13:08:05,152 [pool-529-thread-1] INFO  server.RaftServerConfigKeys (ConfUtils.java:logGet(43)) - raft.server.rpc.timeout.min = 5s (custom)
2019-09-17 13:08:05,152 [pool-539-thread-1] INFO  server.RaftServerConfigKeys (ConfUtils.java:logGet(43)) - raft.server.storage.dir = [/workdir/hadoop-ozone/integration-test/target/test-dir/MiniOzoneClusterImpl-caf98cc2-320f-4cdb-8f1a-69abe353d978/datanode-4/data/ratis] (custom)
2019-09-17 13:08:05,152 [pool-549-thread-1] INFO  impl.RaftServerImpl (RaftServerImpl.java:<init>(95)) - 50f49b90-e99d-4336-a11e-085101dab1f3: new RaftServerImpl for group-66CF6D82602C:[bafc845d-bbde-4f8f-86b6-115dec71aedb:192.168.34.33:42454, 8c5522c8-f35d-44ba-91f8-db341543b05d:192.168.34.33:41999, 50f49b90-e99d-4336-a11e-085101dab1f3:192.168.34.33:40121] with ContainerStateMachine:uninitialized
2019-09-17 13:08:05,152 [pool-529-thread-1] INFO  server.RaftServerConfigKeys (ConfUtils.java:logGet(43)) - raft.server.rpc.timeout.max = 5200ms (custom)
2019-09-17 13:08:05,153 [pool-539-thread-1] INFO  storage.RaftStorageDirectory (RaftStorageDirectory.java:analyzeStorage(246)) - The storage directory /workdir/hadoop-ozone/integration-test/target/test-dir/MiniOzoneClusterImpl-caf98cc2-320f-4cdb-8f1a-69abe353d978/datanode-4/data/ratis/57709775-457f-4b27-971d-66cf6d82602c does not exist. Creating ...
2019-09-17 13:08:05,153 [pool-529-thread-1] INFO  server.RaftServerConfigKeys (ConfUtils.java:logGet(43)) - raft.server.rpcslowness.timeout = 120s (custom)
2019-09-17 13:08:05,153 [pool-549-thread-1] INFO  server.RaftServerConfigKeys (ConfUtils.java:logGet(43)) - raft.server.rpc.timeout.min = 5s (custom)
2019-09-17 13:08:05,153 [pool-529-thread-1] INFO  server.RaftServerConfigKeys (ConfUtils.java:logGet(43)) - raft.server.sleep.deviation.threshold = 300 (default)
2019-09-17 13:08:05,153 [pool-549-thread-1] INFO  server.RaftServerConfigKeys (ConfUtils.java:logGet(43)) - raft.server.rpc.timeout.max = 5200ms (custom)
2019-09-17 13:08:05,153 [pool-529-thread-1] INFO  server.RaftServerConfigKeys (ConfUtils.java:logGet(43)) - raft.server.log.appender.install.snapshot.enabled = false (custom)
2019-09-17 13:08:05,153 [pool-549-thread-1] INFO  server.RaftServerConfigKeys (ConfUtils.java:logGet(43)) - raft.server.rpcslowness.timeout = 120s (custom)
2019-09-17 13:08:05,153 [pool-529-thread-1] INFO  impl.RaftServerImpl (ServerState.java:<init>(103)) - 8c5522c8-f35d-44ba-91f8-db341543b05d@group-66CF6D82602C: ConfigurationManager, init=-1: [bafc845d-bbde-4f8f-86b6-115dec71aedb:192.168.34.33:42454, 8c5522c8-f35d-44ba-91f8-db341543b05d:192.168.34.33:41999, 50f49b90-e99d-4336-a11e-085101dab1f3:192.168.34.33:40121], old=null, confs=<EMPTY_MAP>
2019-09-17 13:08:05,153 [pool-549-thread-1] INFO  server.RaftServerConfigKeys (ConfUtils.java:logGet(43)) - raft.server.sleep.deviation.threshold = 300 (default)
2019-09-17 13:08:05,153 [pool-529-thread-1] INFO  server.RaftServerConfigKeys (ConfUtils.java:logGet(43)) - raft.server.storage.dir = [/workdir/hadoop-ozone/integration-test/target/test-dir/MiniOzoneClusterImpl-caf98cc2-320f-4cdb-8f1a-69abe353d978/datanode-3/data/ratis] (custom)
2019-09-17 13:08:05,154 [pool-549-thread-1] INFO  server.RaftServerConfigKeys (ConfUtils.java:logGet(43)) - raft.server.log.appender.install.snapshot.enabled = false (custom)
2019-09-17 13:08:05,154 [pool-549-thread-1] INFO  impl.RaftServerImpl (ServerState.java:<init>(103)) - 50f49b90-e99d-4336-a11e-085101dab1f3@group-66CF6D82602C: ConfigurationManager, init=-1: [bafc845d-bbde-4f8f-86b6-115dec71aedb:192.168.34.33:42454, 8c5522c8-f35d-44ba-91f8-db341543b05d:192.168.34.33:41999, 50f49b90-e99d-4336-a11e-085101dab1f3:192.168.34.33:40121], old=null, confs=<EMPTY_MAP>
2019-09-17 13:08:05,154 [pool-529-thread-1] INFO  storage.RaftStorageDirectory (RaftStorageDirectory.java:analyzeStorage(246)) - The storage directory /workdir/hadoop-ozone/integration-test/target/test-dir/MiniOzoneClusterImpl-caf98cc2-320f-4cdb-8f1a-69abe353d978/datanode-3/data/ratis/57709775-457f-4b27-971d-66cf6d82602c does not exist. Creating ...
2019-09-17 13:08:05,154 [pool-549-thread-1] INFO  server.RaftServerConfigKeys (ConfUtils.java:logGet(43)) - raft.server.storage.dir = [/workdir/hadoop-ozone/integration-test/target/test-dir/MiniOzoneClusterImpl-caf98cc2-320f-4cdb-8f1a-69abe353d978/datanode-5/data/ratis] (custom)
2019-09-17 13:08:05,154 [pool-549-thread-1] INFO  storage.RaftStorageDirectory (RaftStorageDirectory.java:analyzeStorage(246)) - The storage directory /workdir/hadoop-ozone/integration-test/target/test-dir/MiniOzoneClusterImpl-caf98cc2-320f-4cdb-8f1a-69abe353d978/datanode-5/data/ratis/57709775-457f-4b27-971d-66cf6d82602c does not exist. Creating ...
2019-09-17 13:08:05,158 [pool-529-thread-1] INFO  storage.RaftStorageDirectory (RaftStorageDirectory.java:tryLock(328)) - Lock on /workdir/hadoop-ozone/integration-test/target/test-dir/MiniOzoneClusterImpl-caf98cc2-320f-4cdb-8f1a-69abe353d978/datanode-3/data/ratis/57709775-457f-4b27-971d-66cf6d82602c/in_use.lock acquired by nodename 3526@pr-hdds-2142-clczg-3805722443
2019-09-17 13:08:05,158 [pool-539-thread-1] INFO  storage.RaftStorageDirectory (RaftStorageDirectory.java:tryLock(328)) - Lock on /workdir/hadoop-ozone/integration-test/target/test-dir/MiniOzoneClusterImpl-caf98cc2-320f-4cdb-8f1a-69abe353d978/datanode-4/data/ratis/57709775-457f-4b27-971d-66cf6d82602c/in_use.lock acquired by nodename 3526@pr-hdds-2142-clczg-3805722443
2019-09-17 13:08:05,162 [pool-549-thread-1] INFO  storage.RaftStorageDirectory (RaftStorageDirectory.java:tryLock(328)) - Lock on /workdir/hadoop-ozone/integration-test/target/test-dir/MiniOzoneClusterImpl-caf98cc2-320f-4cdb-8f1a-69abe353d978/datanode-5/data/ratis/57709775-457f-4b27-971d-66cf6d82602c/in_use.lock acquired by nodename 3526@pr-hdds-2142-clczg-3805722443
2019-09-17 13:08:05,162 [pool-529-thread-1] INFO  storage.RaftStorage (RaftStorage.java:format(72)) - Storage directory /workdir/hadoop-ozone/integration-test/target/test-dir/MiniOzoneClusterImpl-caf98cc2-320f-4cdb-8f1a-69abe353d978/datanode-3/data/ratis/57709775-457f-4b27-971d-66cf6d82602c has been successfully formatted.
2019-09-17 13:08:05,162 [pool-539-thread-1] INFO  storage.RaftStorage (RaftStorage.java:format(72)) - Storage directory /workdir/hadoop-ozone/integration-test/target/test-dir/MiniOzoneClusterImpl-caf98cc2-320f-4cdb-8f1a-69abe353d978/datanode-4/data/ratis/57709775-457f-4b27-971d-66cf6d82602c has been successfully formatted.
2019-09-17 13:08:05,162 [pool-529-thread-1] INFO  ratis.ContainerStateMachine (ContainerStateMachine.java:loadSnapshot(230)) - group-66CF6D82602C: The snapshot info is null. Setting the last applied indexto:(t:0, i:~)
2019-09-17 13:08:05,162 [pool-539-thread-1] INFO  ratis.ContainerStateMachine (ContainerStateMachine.java:loadSnapshot(230)) - group-66CF6D82602C: The snapshot info is null. Setting the last applied indexto:(t:0, i:~)
2019-09-17 13:08:05,162 [pool-529-thread-1] INFO  server.RaftServerConfigKeys (ConfUtils.java:logGet(43)) - raft.server.notification.no-leader.timeout = 120s (custom)
2019-09-17 13:08:05,162 [pool-539-thread-1] INFO  server.RaftServerConfigKeys (ConfUtils.java:logGet(43)) - raft.server.notification.no-leader.timeout = 120s (custom)
2019-09-17 13:08:05,163 [pool-529-thread-1] INFO  server.RaftServerConfigKeys (ConfUtils.java:logGet(43)) - raft.server.log.use.memory = false (default)
2019-09-17 13:08:05,163 [pool-539-thread-1] INFO  server.RaftServerConfigKeys (ConfUtils.java:logGet(43)) - raft.server.log.use.memory = false (default)
2019-09-17 13:08:05,163 [pool-529-thread-1] INFO  server.RaftServerConfigKeys (ConfUtils.java:logGet(43)) - raft.server.log.purge.gap = 1000000 (custom)
2019-09-17 13:08:05,163 [pool-539-thread-1] INFO  server.RaftServerConfigKeys (ConfUtils.java:logGet(43)) - raft.server.log.purge.gap = 1000000 (custom)
2019-09-17 13:08:05,163 [pool-529-thread-1] INFO  server.RaftServerConfigKeys (ConfUtils.java:logGet(43)) - raft.server.log.appender.buffer.byte-limit = 33554432 (custom)
2019-09-17 13:08:05,163 [pool-539-thread-1] INFO  server.RaftServerConfigKeys (ConfUtils.java:logGet(43)) - raft.server.log.appender.buffer.byte-limit = 33554432 (custom)
2019-09-17 13:08:05,163 [pool-529-thread-1] INFO  server.RaftServerConfigKeys (ConfUtils.java:logGet(43)) - raft.server.log.segment.size.max = 1048576 (custom)
2019-09-17 13:08:05,163 [pool-539-thread-1] INFO  server.RaftServerConfigKeys (ConfUtils.java:logGet(43)) - raft.server.log.segment.size.max = 1048576 (custom)
2019-09-17 13:08:05,163 [pool-529-thread-1] INFO  server.RaftServerConfigKeys (ConfUtils.java:logGet(43)) - raft.server.log.segment.cache.num.max = 2 (custom)
2019-09-17 13:08:05,163 [pool-539-thread-1] INFO  server.RaftServerConfigKeys (ConfUtils.java:logGet(43)) - raft.server.log.segment.cache.num.max = 2 (custom)
2019-09-17 13:08:05,164 [pool-529-thread-1] INFO  segmented.SegmentedRaftLogWorker (SegmentedRaftLogWorker.java:<init>(172)) - new 8c5522c8-f35d-44ba-91f8-db341543b05d@group-66CF6D82602C-SegmentedRaftLogWorker for RaftStorage:Storage Directory /workdir/hadoop-ozone/integration-test/target/test-dir/MiniOzoneClusterImpl-caf98cc2-320f-4cdb-8f1a-69abe353d978/datanode-3/data/ratis/57709775-457f-4b27-971d-66cf6d82602c
2019-09-17 13:08:05,164 [pool-539-thread-1] INFO  segmented.SegmentedRaftLogWorker (SegmentedRaftLogWorker.java:<init>(172)) - new bafc845d-bbde-4f8f-86b6-115dec71aedb@group-66CF6D82602C-SegmentedRaftLogWorker for RaftStorage:Storage Directory /workdir/hadoop-ozone/integration-test/target/test-dir/MiniOzoneClusterImpl-caf98cc2-320f-4cdb-8f1a-69abe353d978/datanode-4/data/ratis/57709775-457f-4b27-971d-66cf6d82602c
2019-09-17 13:08:05,164 [pool-529-thread-1] INFO  server.RaftServerConfigKeys (ConfUtils.java:logGet(43)) - raft.server.log.queue.byte-limit = 2147483647 (custom)
2019-09-17 13:08:05,164 [pool-539-thread-1] INFO  server.RaftServerConfigKeys (ConfUtils.java:logGet(43)) - raft.server.log.queue.byte-limit = 2147483647 (custom)
2019-09-17 13:08:05,164 [pool-529-thread-1] INFO  server.RaftServerConfigKeys (ConfUtils.java:logGet(43)) - raft.server.log.queue.element-limit = 1024 (custom)
2019-09-17 13:08:05,164 [pool-539-thread-1] INFO  server.RaftServerConfigKeys (ConfUtils.java:logGet(43)) - raft.server.log.queue.element-limit = 1024 (custom)
2019-09-17 13:08:05,164 [pool-529-thread-1] INFO  server.RaftServerConfigKeys (ConfUtils.java:logGet(43)) - raft.server.log.segment.size.max = 1048576 (custom)
2019-09-17 13:08:05,164 [pool-539-thread-1] INFO  server.RaftServerConfigKeys (ConfUtils.java:logGet(43)) - raft.server.log.segment.size.max = 1048576 (custom)
2019-09-17 13:08:05,164 [pool-529-thread-1] INFO  server.RaftServerConfigKeys (ConfUtils.java:logGet(43)) - raft.server.log.preallocated.size = 16384 (custom)
2019-09-17 13:08:05,164 [pool-539-thread-1] INFO  server.RaftServerConfigKeys (ConfUtils.java:logGet(43)) - raft.server.log.preallocated.size = 16384 (custom)
2019-09-17 13:08:05,165 [pool-529-thread-1] INFO  server.RaftServerConfigKeys (ConfUtils.java:logGet(43)) - raft.server.log.write.buffer.size = 33554432 (custom)
2019-09-17 13:08:05,165 [pool-539-thread-1] INFO  server.RaftServerConfigKeys (ConfUtils.java:logGet(43)) - raft.server.log.write.buffer.size = 33554432 (custom)
2019-09-17 13:08:05,165 [pool-529-thread-1] INFO  server.RaftServerConfigKeys (ConfUtils.java:logGet(43)) - raft.server.log.force.sync.num = 128 (default)
2019-09-17 13:08:05,165 [pool-539-thread-1] INFO  server.RaftServerConfigKeys (ConfUtils.java:logGet(43)) - raft.server.log.force.sync.num = 128 (default)
2019-09-17 13:08:05,165 [pool-529-thread-1] INFO  server.RaftServerConfigKeys (ConfUtils.java:logGet(43)) - raft.server.log.statemachine.data.sync = true (default)
2019-09-17 13:08:05,165 [pool-539-thread-1] INFO  server.RaftServerConfigKeys (ConfUtils.java:logGet(43)) - raft.server.log.statemachine.data.sync = true (default)
2019-09-17 13:08:05,165 [pool-549-thread-1] INFO  storage.RaftStorage (RaftStorage.java:format(72)) - Storage directory /workdir/hadoop-ozone/integration-test/target/test-dir/MiniOzoneClusterImpl-caf98cc2-320f-4cdb-8f1a-69abe353d978/datanode-5/data/ratis/57709775-457f-4b27-971d-66cf6d82602c has been successfully formatted.
2019-09-17 13:08:05,165 [pool-529-thread-1] INFO  server.RaftServerConfigKeys (ConfUtils.java:logGet(43)) - raft.server.log.statemachine.data.sync.timeout = 10s (default)
2019-09-17 13:08:05,165 [pool-549-thread-1] INFO  ratis.ContainerStateMachine (ContainerStateMachine.java:loadSnapshot(230)) - group-66CF6D82602C: The snapshot info is null. Setting the last applied indexto:(t:0, i:~)
2019-09-17 13:08:05,165 [pool-539-thread-1] INFO  server.RaftServerConfigKeys (ConfUtils.java:logGet(43)) - raft.server.log.statemachine.data.sync.timeout = 10s (default)
2019-09-17 13:08:05,166 [pool-549-thread-1] INFO  server.RaftServerConfigKeys (ConfUtils.java:logGet(43)) - raft.server.notification.no-leader.timeout = 120s (custom)
2019-09-17 13:08:05,166 [pool-529-thread-1] INFO  server.RaftServerConfigKeys (ConfUtils.java:logGet(43)) - raft.server.log.statemachine.data.sync.timeout.retry = -1 (default)
2019-09-17 13:08:05,166 [pool-549-thread-1] INFO  server.RaftServerConfigKeys (ConfUtils.java:logGet(43)) - raft.server.log.use.memory = false (default)
2019-09-17 13:08:05,166 [pool-539-thread-1] INFO  server.RaftServerConfigKeys (ConfUtils.java:logGet(43)) - raft.server.log.statemachine.data.sync.timeout.retry = -1 (default)
2019-09-17 13:08:05,166 [pool-549-thread-1] INFO  server.RaftServerConfigKeys (ConfUtils.java:logGet(43)) - raft.server.log.purge.gap = 1000000 (custom)
2019-09-17 13:08:05,166 [pool-529-thread-1] INFO  server.RaftServerConfigKeys (ConfUtils.java:logGet(43)) - raft.server.log.statemachine.data.caching.enabled = true (custom)
2019-09-17 13:08:05,166 [pool-549-thread-1] INFO  server.RaftServerConfigKeys (ConfUtils.java:logGet(43)) - raft.server.log.appender.buffer.byte-limit = 33554432 (custom)
2019-09-17 13:08:05,166 [pool-539-thread-1] INFO  server.RaftServerConfigKeys (ConfUtils.java:logGet(43)) - raft.server.log.statemachine.data.caching.enabled = true (custom)
2019-09-17 13:08:05,167 [pool-529-thread-1] INFO  segmented.SegmentedRaftLogWorker (SegmentedRaftLogWorker.java:lambda$new$0(132)) - 8c5522c8-f35d-44ba-91f8-db341543b05d@group-66CF6D82602C-SegmentedRaftLogWorker: flushIndex: setUnconditionally 0 -> -1
2019-09-17 13:08:05,166 [pool-549-thread-1] INFO  server.RaftServerConfigKeys (ConfUtils.java:logGet(43)) - raft.server.log.segment.size.max = 1048576 (custom)
2019-09-17 13:08:05,167 [pool-539-thread-1] INFO  segmented.SegmentedRaftLogWorker (SegmentedRaftLogWorker.java:lambda$new$0(132)) - bafc845d-bbde-4f8f-86b6-115dec71aedb@group-66CF6D82602C-SegmentedRaftLogWorker: flushIndex: setUnconditionally 0 -> -1
2019-09-17 13:08:05,167 [pool-529-thread-1] INFO  server.RaftServerConfigKeys (ConfUtils.java:logGet(43)) - raft.server.snapshot.auto.trigger.enabled = true (custom)
2019-09-17 13:08:05,167 [pool-549-thread-1] INFO  server.RaftServerConfigKeys (ConfUtils.java:logGet(43)) - raft.server.log.segment.cache.num.max = 2 (custom)
2019-09-17 13:08:05,167 [pool-529-thread-1] INFO  server.RaftServerConfigKeys (ConfUtils.java:logGet(43)) - raft.server.snapshot.auto.trigger.threshold = 10000 (custom)
2019-09-17 13:08:05,167 [pool-539-thread-1] INFO  server.RaftServerConfigKeys (ConfUtils.java:logGet(43)) - raft.server.snapshot.auto.trigger.enabled = true (custom)
2019-09-17 13:08:05,167 [pool-529-thread-1] INFO  server.RaftServerConfigKeys (ConfUtils.java:logGet(43)) - raft.server.snapshot.retention.num.files = 5 (custom)
2019-09-17 13:08:05,167 [pool-549-thread-1] INFO  segmented.SegmentedRaftLogWorker (SegmentedRaftLogWorker.java:<init>(172)) - new 50f49b90-e99d-4336-a11e-085101dab1f3@group-66CF6D82602C-SegmentedRaftLogWorker for RaftStorage:Storage Directory /workdir/hadoop-ozone/integration-test/target/test-dir/MiniOzoneClusterImpl-caf98cc2-320f-4cdb-8f1a-69abe353d978/datanode-5/data/ratis/57709775-457f-4b27-971d-66cf6d82602c
2019-09-17 13:08:05,167 [pool-529-thread-1] INFO  server.RaftServerConfigKeys (ConfUtils.java:logGet(43)) - raft.server.retrycache.expirytime = 600000ms (custom)
2019-09-17 13:08:05,167 [pool-539-thread-1] INFO  server.RaftServerConfigKeys (ConfUtils.java:logGet(43)) - raft.server.snapshot.auto.trigger.threshold = 10000 (custom)
2019-09-17 13:08:05,168 [pool-549-thread-1] INFO  server.RaftServerConfigKeys (ConfUtils.java:logGet(43)) - raft.server.log.queue.byte-limit = 2147483647 (custom)
2019-09-17 13:08:05,168 [pool-539-thread-1] INFO  server.RaftServerConfigKeys (ConfUtils.java:logGet(43)) - raft.server.snapshot.retention.num.files = 5 (custom)
2019-09-17 13:08:05,168 [pool-549-thread-1] INFO  server.RaftServerConfigKeys (ConfUtils.java:logGet(43)) - raft.server.log.queue.element-limit = 1024 (custom)
2019-09-17 13:08:05,168 [pool-539-thread-1] INFO  server.RaftServerConfigKeys (ConfUtils.java:logGet(43)) - raft.server.retrycache.expirytime = 600000ms (custom)
2019-09-17 13:08:05,168 [pool-549-thread-1] INFO  server.RaftServerConfigKeys (ConfUtils.java:logGet(43)) - raft.server.log.segment.size.max = 1048576 (custom)
2019-09-17 13:08:05,168 [pool-549-thread-1] INFO  server.RaftServerConfigKeys (ConfUtils.java:logGet(43)) - raft.server.log.preallocated.size = 16384 (custom)
2019-09-17 13:08:05,168 [pool-549-thread-1] INFO  server.RaftServerConfigKeys (ConfUtils.java:logGet(43)) - raft.server.log.write.buffer.size = 33554432 (custom)
2019-09-17 13:08:05,168 [pool-549-thread-1] INFO  server.RaftServerConfigKeys (ConfUtils.java:logGet(43)) - raft.server.log.force.sync.num = 128 (default)
2019-09-17 13:08:05,168 [pool-549-thread-1] INFO  server.RaftServerConfigKeys (ConfUtils.java:logGet(43)) - raft.server.log.statemachine.data.sync = true (default)
2019-09-17 13:08:05,169 [pool-549-thread-1] INFO  server.RaftServerConfigKeys (ConfUtils.java:logGet(43)) - raft.server.log.statemachine.data.sync.timeout = 10s (default)
2019-09-17 13:08:05,169 [pool-549-thread-1] INFO  server.RaftServerConfigKeys (ConfUtils.java:logGet(43)) - raft.server.log.statemachine.data.sync.timeout.retry = -1 (default)
2019-09-17 13:08:05,169 [pool-549-thread-1] INFO  server.RaftServerConfigKeys (ConfUtils.java:logGet(43)) - raft.server.log.statemachine.data.caching.enabled = true (custom)
2019-09-17 13:08:05,169 [pool-549-thread-1] INFO  segmented.SegmentedRaftLogWorker (SegmentedRaftLogWorker.java:lambda$new$0(132)) - 50f49b90-e99d-4336-a11e-085101dab1f3@group-66CF6D82602C-SegmentedRaftLogWorker: flushIndex: setUnconditionally 0 -> -1
2019-09-17 13:08:05,169 [pool-549-thread-1] INFO  server.RaftServerConfigKeys (ConfUtils.java:logGet(43)) - raft.server.snapshot.auto.trigger.enabled = true (custom)
2019-09-17 13:08:05,169 [pool-549-thread-1] INFO  server.RaftServerConfigKeys (ConfUtils.java:logGet(43)) - raft.server.snapshot.auto.trigger.threshold = 10000 (custom)
2019-09-17 13:08:05,169 [pool-549-thread-1] INFO  server.RaftServerConfigKeys (ConfUtils.java:logGet(43)) - raft.server.snapshot.retention.num.files = 5 (custom)
2019-09-17 13:08:05,170 [pool-549-thread-1] INFO  server.RaftServerConfigKeys (ConfUtils.java:logGet(43)) - raft.server.retrycache.expirytime = 600000ms (custom)
2019-09-17 13:08:05,170 [pool-529-thread-1] INFO  impl.RaftServerImpl (RaftServerImpl.java:start(185)) - 8c5522c8-f35d-44ba-91f8-db341543b05d@group-66CF6D82602C: start as a follower, conf=-1: [bafc845d-bbde-4f8f-86b6-115dec71aedb:192.168.34.33:42454, 8c5522c8-f35d-44ba-91f8-db341543b05d:192.168.34.33:41999, 50f49b90-e99d-4336-a11e-085101dab1f3:192.168.34.33:40121], old=null
2019-09-17 13:08:05,170 [pool-539-thread-1] INFO  impl.RaftServerImpl (RaftServerImpl.java:start(185)) - bafc845d-bbde-4f8f-86b6-115dec71aedb@group-66CF6D82602C: start as a follower, conf=-1: [bafc845d-bbde-4f8f-86b6-115dec71aedb:192.168.34.33:42454, 8c5522c8-f35d-44ba-91f8-db341543b05d:192.168.34.33:41999, 50f49b90-e99d-4336-a11e-085101dab1f3:192.168.34.33:40121], old=null
2019-09-17 13:08:05,170 [pool-529-thread-1] INFO  impl.RaftServerImpl (RaftServerImpl.java:setRole(174)) - 8c5522c8-f35d-44ba-91f8-db341543b05d@group-66CF6D82602C: changes role from      null to FOLLOWER at term 0 for startAsFollower
2019-09-17 13:08:05,170 [pool-539-thread-1] INFO  impl.RaftServerImpl (RaftServerImpl.java:setRole(174)) - bafc845d-bbde-4f8f-86b6-115dec71aedb@group-66CF6D82602C: changes role from      null to FOLLOWER at term 0 for startAsFollower
2019-09-17 13:08:05,170 [pool-529-thread-1] INFO  impl.RoleInfo (RoleInfo.java:updateAndGet(143)) - 8c5522c8-f35d-44ba-91f8-db341543b05d: start FollowerState
2019-09-17 13:08:05,170 [pool-539-thread-1] INFO  impl.RoleInfo (RoleInfo.java:updateAndGet(143)) - bafc845d-bbde-4f8f-86b6-115dec71aedb: start FollowerState
2019-09-17 13:08:05,171 [pool-529-thread-1] INFO  util.JmxRegister (JmxRegister.java:tryRegister(44)) - Successfully registered JMX Bean with object name Ratis:service=RaftServer,group=group-66CF6D82602C,id=8c5522c8-f35d-44ba-91f8-db341543b05d
2019-09-17 13:08:05,171 [pool-539-thread-1] INFO  util.JmxRegister (JmxRegister.java:tryRegister(44)) - Successfully registered JMX Bean with object name Ratis:service=RaftServer,group=group-66CF6D82602C,id=bafc845d-bbde-4f8f-86b6-115dec71aedb
2019-09-17 13:08:05,171 [pool-549-thread-1] INFO  impl.RaftServerImpl (RaftServerImpl.java:start(185)) - 50f49b90-e99d-4336-a11e-085101dab1f3@group-66CF6D82602C: start as a follower, conf=-1: [bafc845d-bbde-4f8f-86b6-115dec71aedb:192.168.34.33:42454, 8c5522c8-f35d-44ba-91f8-db341543b05d:192.168.34.33:41999, 50f49b90-e99d-4336-a11e-085101dab1f3:192.168.34.33:40121], old=null
2019-09-17 13:08:05,171 [pool-549-thread-1] INFO  impl.RaftServerImpl (RaftServerImpl.java:setRole(174)) - 50f49b90-e99d-4336-a11e-085101dab1f3@group-66CF6D82602C: changes role from      null to FOLLOWER at term 0 for startAsFollower
2019-09-17 13:08:05,171 [pool-549-thread-1] INFO  impl.RoleInfo (RoleInfo.java:updateAndGet(143)) - 50f49b90-e99d-4336-a11e-085101dab1f3: start FollowerState
2019-09-17 13:08:05,172 [pool-549-thread-1] INFO  util.JmxRegister (JmxRegister.java:tryRegister(44)) - Successfully registered JMX Bean with object name Ratis:service=RaftServer,group=group-66CF6D82602C,id=50f49b90-e99d-4336-a11e-085101dab1f3
2019-09-17 13:08:05,173 [RatisPipelineUtilsThread] INFO  pipeline.PipelineStateManager (PipelineStateManager.java:addPipeline(56)) - Created pipeline Pipeline[ Id: 57709775-457f-4b27-971d-66cf6d82602c, Nodes: bafc845d-bbde-4f8f-86b6-115dec71aedb{ip: 192.168.34.33, host: pr-hdds-2142-clczg-3805722443, networkLocation: /default-rack, certSerialId: null}8c5522c8-f35d-44ba-91f8-db341543b05d{ip: 192.168.34.33, host: pr-hdds-2142-clczg-3805722443, networkLocation: /default-rack, certSerialId: null}50f49b90-e99d-4336-a11e-085101dab1f3{ip: 192.168.34.33, host: pr-hdds-2142-clczg-3805722443, networkLocation: /default-rack, certSerialId: null}, Type:RATIS, Factor:THREE, State:OPEN]
2019-09-17 13:08:05,208 [grpc-default-executor-1] INFO  client.GrpcClientProtocolClient (GrpcClientProtocolClient.java:onNext(264)) - client-819ADCC0D997->b30f90cd-ab04-4ed5-9a9b-61135d4290ae: receive RaftClientReply:client-819ADCC0D997->b30f90cd-ab04-4ed5-9a9b-61135d4290ae@group-558E41E10F37, cid=213, FAILED org.apache.ratis.protocol.NotLeaderException: Server b30f90cd-ab04-4ed5-9a9b-61135d4290ae@group-558E41E10F37 is not the leader, logIndex=0, commits[b30f90cd-ab04-4ed5-9a9b-61135d4290ae:c-1]
2019-09-17 13:08:06,222 [grpc-default-executor-1] INFO  client.GrpcClientProtocolClient (GrpcClientProtocolClient.java:onNext(264)) - client-819ADCC0D997->c786c601-e0a1-4ea9-8579-a25f069b88e9: receive RaftClientReply:client-819ADCC0D997->c786c601-e0a1-4ea9-8579-a25f069b88e9@group-558E41E10F37, cid=213, FAILED org.apache.ratis.protocol.NotLeaderException: Server c786c601-e0a1-4ea9-8579-a25f069b88e9@group-558E41E10F37 is not the leader, logIndex=0, commits[c786c601-e0a1-4ea9-8579-a25f069b88e9:c-1]
2019-09-17 13:08:07,261 [grpc-default-executor-3] INFO  client.GrpcClientProtocolClient (GrpcClientProtocolClient.java:onNext(264)) - client-819ADCC0D997->1a3d981f-7244-4107-b16e-282149130905: receive RaftClientReply:client-819ADCC0D997->1a3d981f-7244-4107-b16e-282149130905@group-558E41E10F37, cid=213, FAILED org.apache.ratis.protocol.NotLeaderException: Server 1a3d981f-7244-4107-b16e-282149130905@group-558E41E10F37 is not the leader, logIndex=0, commits[1a3d981f-7244-4107-b16e-282149130905:c-1]
2019-09-17 13:08:07,650 [Thread-3574] INFO  container.ReplicationManager (ReplicationManager.java:start(162)) - Starting Replication Monitor Thread.
2019-09-17 13:08:07,655 [ReplicationMonitor] INFO  container.ReplicationManager (ReplicationManager.java:run(225)) - Replication Monitor Thread took 0 milliseconds for processing 1 containers.
2019-09-17 13:08:08,282 [grpc-default-executor-3] INFO  client.GrpcClientProtocolClient (GrpcClientProtocolClient.java:onNext(264)) - client-819ADCC0D997->b30f90cd-ab04-4ed5-9a9b-61135d4290ae: receive RaftClientReply:client-819ADCC0D997->b30f90cd-ab04-4ed5-9a9b-61135d4290ae@group-558E41E10F37, cid=213, FAILED org.apache.ratis.protocol.NotLeaderException: Server b30f90cd-ab04-4ed5-9a9b-61135d4290ae@group-558E41E10F37 is not the leader, logIndex=0, commits[b30f90cd-ab04-4ed5-9a9b-61135d4290ae:c-1]
2019-09-17 13:08:09,297 [grpc-default-executor-3] INFO  client.GrpcClientProtocolClient (GrpcClientProtocolClient.java:onNext(264)) - client-819ADCC0D997->c786c601-e0a1-4ea9-8579-a25f069b88e9: receive RaftClientReply:client-819ADCC0D997->c786c601-e0a1-4ea9-8579-a25f069b88e9@group-558E41E10F37, cid=213, FAILED org.apache.ratis.protocol.NotLeaderException: Server c786c601-e0a1-4ea9-8579-a25f069b88e9@group-558E41E10F37 is not the leader, logIndex=0, commits[c786c601-e0a1-4ea9-8579-a25f069b88e9:c-1]
2019-09-17 13:08:09,821 [Thread-3576] INFO  impl.FollowerState (FollowerState.java:run(106)) - c786c601-e0a1-4ea9-8579-a25f069b88e9:group-3E12880957E6 changes to CANDIDATE, lastRpcTime:5121, electionTimeout:5121ms
2019-09-17 13:08:09,821 [Thread-3576] INFO  impl.RoleInfo (RoleInfo.java:shutdownFollowerState(121)) - c786c601-e0a1-4ea9-8579-a25f069b88e9: shutdown FollowerState
2019-09-17 13:08:09,822 [Thread-3576] INFO  impl.RaftServerImpl (RaftServerImpl.java:setRole(174)) - c786c601-e0a1-4ea9-8579-a25f069b88e9@group-3E12880957E6: changes role from  FOLLOWER to CANDIDATE at term 0 for changeToCandidate
2019-09-17 13:08:09,822 [Thread-3576] INFO  impl.RoleInfo (RoleInfo.java:updateAndGet(143)) - c786c601-e0a1-4ea9-8579-a25f069b88e9: start LeaderElection
2019-09-17 13:08:09,866 [c786c601-e0a1-4ea9-8579-a25f069b88e9@group-3E12880957E6:LeaderElection83] INFO  impl.LeaderElection (LeaderElection.java:askForVotes(182)) - c786c601-e0a1-4ea9-8579-a25f069b88e9@group-3E12880957E6:LeaderElection83: begin an election at term 1 for -1: [c786c601-e0a1-4ea9-8579-a25f069b88e9:192.168.34.33:34965], old=null
2019-09-17 13:08:09,866 [c786c601-e0a1-4ea9-8579-a25f069b88e9@group-3E12880957E6:LeaderElection83] INFO  impl.RoleInfo (RoleInfo.java:shutdownLeaderElection(134)) - c786c601-e0a1-4ea9-8579-a25f069b88e9: shutdown LeaderElection
2019-09-17 13:08:09,866 [c786c601-e0a1-4ea9-8579-a25f069b88e9@group-3E12880957E6:LeaderElection83] INFO  impl.RaftServerImpl (RaftServerImpl.java:setRole(174)) - c786c601-e0a1-4ea9-8579-a25f069b88e9@group-3E12880957E6: changes role from CANDIDATE to LEADER at term 1 for changeToLeader
2019-09-17 13:08:09,866 [c786c601-e0a1-4ea9-8579-a25f069b88e9@group-3E12880957E6:LeaderElection83] INFO  impl.RaftServerImpl (ServerState.java:setLeader(253)) - c786c601-e0a1-4ea9-8579-a25f069b88e9@group-3E12880957E6: change Leader from null to c786c601-e0a1-4ea9-8579-a25f069b88e9 at term 1 for becomeLeader, leader elected after 5176ms
2019-09-17 13:08:09,867 [c786c601-e0a1-4ea9-8579-a25f069b88e9@group-3E12880957E6:LeaderElection83] INFO  server.RaftServerConfigKeys (ConfUtils.java:logGet(43)) - raft.server.staging.catchup.gap = 1000 (default)
2019-09-17 13:08:09,867 [c786c601-e0a1-4ea9-8579-a25f069b88e9@group-3E12880957E6:LeaderElection83] INFO  server.RaftServerConfigKeys (ConfUtils.java:logGet(43)) - raft.server.rpc.sleep.time = 25ms (default)
2019-09-17 13:08:09,867 [c786c601-e0a1-4ea9-8579-a25f069b88e9@group-3E12880957E6:LeaderElection83] INFO  server.RaftServerConfigKeys (ConfUtils.java:logGet(43)) - raft.server.write.element-limit = 4096 (default)
2019-09-17 13:08:09,868 [c786c601-e0a1-4ea9-8579-a25f069b88e9@group-3E12880957E6:LeaderElection83] INFO  server.RaftServerConfigKeys (ConfUtils.java:logGet(43)) - raft.server.watch.timeout = 10s (default)
2019-09-17 13:08:09,868 [c786c601-e0a1-4ea9-8579-a25f069b88e9@group-3E12880957E6:LeaderElection83] INFO  server.RaftServerConfigKeys (ConfUtils.java:logGet(43)) - raft.server.watch.timeout.denomination = 1s (default)
2019-09-17 13:08:09,868 [c786c601-e0a1-4ea9-8579-a25f069b88e9@group-3E12880957E6:LeaderElection83] INFO  server.RaftServerConfigKeys (ConfUtils.java:logGet(43)) - raft.server.watch.element-limit = 65536 (default)
2019-09-17 13:08:09,872 [c786c601-e0a1-4ea9-8579-a25f069b88e9@group-3E12880957E6:LeaderElection83] INFO  impl.RoleInfo (RoleInfo.java:updateAndGet(143)) - c786c601-e0a1-4ea9-8579-a25f069b88e9: start LeaderState
2019-09-17 13:08:09,873 [c786c601-e0a1-4ea9-8579-a25f069b88e9@group-3E12880957E6:LeaderElection83] INFO  segmented.SegmentedRaftLogWorker (SegmentedRaftLogWorker.java:startLogSegment(380)) - c786c601-e0a1-4ea9-8579-a25f069b88e9@group-3E12880957E6-SegmentedRaftLogWorker: Starting segment from index:0
2019-09-17 13:08:09,874 [c786c601-e0a1-4ea9-8579-a25f069b88e9@group-3E12880957E6:LeaderElection83] INFO  impl.RaftServerImpl (ServerState.java:setRaftConf(354)) - c786c601-e0a1-4ea9-8579-a25f069b88e9@group-3E12880957E6: set configuration 0: [c786c601-e0a1-4ea9-8579-a25f069b88e9:192.168.34.33:34965], old=null at 0
2019-09-17 13:08:09,907 [Thread-3591] INFO  impl.FollowerState (FollowerState.java:run(106)) - c786c601-e0a1-4ea9-8579-a25f069b88e9:group-558E41E10F37 changes to CANDIDATE, lastRpcTime:5003, electionTimeout:5003ms
2019-09-17 13:08:09,907 [Thread-3591] INFO  impl.RoleInfo (RoleInfo.java:shutdownFollowerState(121)) - c786c601-e0a1-4ea9-8579-a25f069b88e9: shutdown FollowerState
2019-09-17 13:08:09,907 [Thread-3591] INFO  impl.RaftServerImpl (RaftServerImpl.java:setRole(174)) - c786c601-e0a1-4ea9-8579-a25f069b88e9@group-558E41E10F37: changes role from  FOLLOWER to CANDIDATE at term 0 for changeToCandidate
2019-09-17 13:08:09,907 [Thread-3591] INFO  impl.RoleInfo (RoleInfo.java:updateAndGet(143)) - c786c601-e0a1-4ea9-8579-a25f069b88e9: start LeaderElection
2019-09-17 13:08:09,926 [Thread-3588] INFO  impl.FollowerState (FollowerState.java:run(106)) - b30f90cd-ab04-4ed5-9a9b-61135d4290ae:group-558E41E10F37 changes to CANDIDATE, lastRpcTime:5027, electionTimeout:5018ms
2019-09-17 13:08:09,927 [Thread-3588] INFO  impl.RoleInfo (RoleInfo.java:shutdownFollowerState(121)) - b30f90cd-ab04-4ed5-9a9b-61135d4290ae: shutdown FollowerState
2019-09-17 13:08:09,927 [Thread-3588] INFO  impl.RaftServerImpl (RaftServerImpl.java:setRole(174)) - b30f90cd-ab04-4ed5-9a9b-61135d4290ae@group-558E41E10F37: changes role from  FOLLOWER to CANDIDATE at term 0 for changeToCandidate
2019-09-17 13:08:09,927 [Thread-3588] INFO  impl.RoleInfo (RoleInfo.java:updateAndGet(143)) - b30f90cd-ab04-4ed5-9a9b-61135d4290ae: start LeaderElection
2019-09-17 13:08:09,932 [Thread-3579] INFO  impl.FollowerState (FollowerState.java:run(106)) - 1a3d981f-7244-4107-b16e-282149130905:group-B884D77A8744 changes to CANDIDATE, lastRpcTime:5187, electionTimeout:5187ms
2019-09-17 13:08:09,932 [Thread-3579] INFO  impl.RoleInfo (RoleInfo.java:shutdownFollowerState(121)) - 1a3d981f-7244-4107-b16e-282149130905: shutdown FollowerState
2019-09-17 13:08:09,933 [Thread-3579] INFO  impl.RaftServerImpl (RaftServerImpl.java:setRole(174)) - 1a3d981f-7244-4107-b16e-282149130905@group-B884D77A8744: changes role from  FOLLOWER to CANDIDATE at term 0 for changeToCandidate
2019-09-17 13:08:09,933 [Thread-3579] INFO  impl.RoleInfo (RoleInfo.java:updateAndGet(143)) - 1a3d981f-7244-4107-b16e-282149130905: start LeaderElection
2019-09-17 13:08:09,940 [c786c601-e0a1-4ea9-8579-a25f069b88e9@group-3E12880957E6-SegmentedRaftLogWorker] INFO  segmented.SegmentedRaftLogWorker (SegmentedRaftLogWorker.java:execute(569)) - c786c601-e0a1-4ea9-8579-a25f069b88e9@group-3E12880957E6-SegmentedRaftLogWorker: created new log segment /workdir/hadoop-ozone/integration-test/target/test-dir/MiniOzoneClusterImpl-caf98cc2-320f-4cdb-8f1a-69abe353d978/datanode-0/data/ratis/bdd12618-ac89-4cd8-8084-3e12880957e6/current/log_inprogress_0
2019-09-17 13:08:09,940 [1a3d981f-7244-4107-b16e-282149130905@group-B884D77A8744:LeaderElection86] INFO  impl.LeaderElection (LeaderElection.java:askForVotes(182)) - 1a3d981f-7244-4107-b16e-282149130905@group-B884D77A8744:LeaderElection86: begin an election at term 1 for -1: [1a3d981f-7244-4107-b16e-282149130905:192.168.34.33:42152], old=null
2019-09-17 13:08:09,940 [b30f90cd-ab04-4ed5-9a9b-61135d4290ae@group-558E41E10F37:LeaderElection85] INFO  impl.LeaderElection (LeaderElection.java:askForVotes(182)) - b30f90cd-ab04-4ed5-9a9b-61135d4290ae@group-558E41E10F37:LeaderElection85: begin an election at term 1 for -1: [b30f90cd-ab04-4ed5-9a9b-61135d4290ae:192.168.34.33:35399, 1a3d981f-7244-4107-b16e-282149130905:192.168.34.33:42152, c786c601-e0a1-4ea9-8579-a25f069b88e9:192.168.34.33:34965], old=null
2019-09-17 13:08:09,940 [c786c601-e0a1-4ea9-8579-a25f069b88e9@group-558E41E10F37:LeaderElection84] INFO  impl.LeaderElection (LeaderElection.java:askForVotes(182)) - c786c601-e0a1-4ea9-8579-a25f069b88e9@group-558E41E10F37:LeaderElection84: begin an election at term 1 for -1: [b30f90cd-ab04-4ed5-9a9b-61135d4290ae:192.168.34.33:35399, 1a3d981f-7244-4107-b16e-282149130905:192.168.34.33:42152, c786c601-e0a1-4ea9-8579-a25f069b88e9:192.168.34.33:34965], old=null
2019-09-17 13:08:09,940 [1a3d981f-7244-4107-b16e-282149130905@group-B884D77A8744:LeaderElection86] INFO  impl.RoleInfo (RoleInfo.java:shutdownLeaderElection(134)) - 1a3d981f-7244-4107-b16e-282149130905: shutdown LeaderElection
2019-09-17 13:08:09,940 [1a3d981f-7244-4107-b16e-282149130905@group-B884D77A8744:LeaderElection86] INFO  impl.RaftServerImpl (RaftServerImpl.java:setRole(174)) - 1a3d981f-7244-4107-b16e-282149130905@group-B884D77A8744: changes role from CANDIDATE to LEADER at term 1 for changeToLeader
2019-09-17 13:08:09,940 [1a3d981f-7244-4107-b16e-282149130905@group-B884D77A8744:LeaderElection86] INFO  impl.RaftServerImpl (ServerState.java:setLeader(253)) - 1a3d981f-7244-4107-b16e-282149130905@group-B884D77A8744: change Leader from null to 1a3d981f-7244-4107-b16e-282149130905 at term 1 for becomeLeader, leader elected after 5201ms
2019-09-17 13:08:09,941 [1a3d981f-7244-4107-b16e-282149130905@group-B884D77A8744:LeaderElection86] INFO  server.RaftServerConfigKeys (ConfUtils.java:logGet(43)) - raft.server.staging.catchup.gap = 1000 (default)
2019-09-17 13:08:09,941 [1a3d981f-7244-4107-b16e-282149130905@group-B884D77A8744:LeaderElection86] INFO  server.RaftServerConfigKeys (ConfUtils.java:logGet(43)) - raft.server.rpc.sleep.time = 25ms (default)
2019-09-17 13:08:09,941 [1a3d981f-7244-4107-b16e-282149130905@group-B884D77A8744:LeaderElection86] INFO  server.RaftServerConfigKeys (ConfUtils.java:logGet(43)) - raft.server.write.element-limit = 4096 (default)
2019-09-17 13:08:09,941 [1a3d981f-7244-4107-b16e-282149130905@group-B884D77A8744:LeaderElection86] INFO  server.RaftServerConfigKeys (ConfUtils.java:logGet(43)) - raft.server.watch.timeout = 10s (default)
2019-09-17 13:08:09,941 [1a3d981f-7244-4107-b16e-282149130905@group-B884D77A8744:LeaderElection86] INFO  server.RaftServerConfigKeys (ConfUtils.java:logGet(43)) - raft.server.watch.timeout.denomination = 1s (default)
2019-09-17 13:08:09,941 [1a3d981f-7244-4107-b16e-282149130905@group-B884D77A8744:LeaderElection86] INFO  server.RaftServerConfigKeys (ConfUtils.java:logGet(43)) - raft.server.watch.element-limit = 65536 (default)
2019-09-17 13:08:09,943 [1a3d981f-7244-4107-b16e-282149130905@group-B884D77A8744:LeaderElection86] INFO  impl.RoleInfo (RoleInfo.java:updateAndGet(143)) - 1a3d981f-7244-4107-b16e-282149130905: start LeaderState
2019-09-17 13:08:09,943 [1a3d981f-7244-4107-b16e-282149130905@group-B884D77A8744:LeaderElection86] INFO  segmented.SegmentedRaftLogWorker (SegmentedRaftLogWorker.java:startLogSegment(380)) - 1a3d981f-7244-4107-b16e-282149130905@group-B884D77A8744-SegmentedRaftLogWorker: Starting segment from index:0
2019-09-17 13:08:09,944 [1a3d981f-7244-4107-b16e-282149130905@group-B884D77A8744:LeaderElection86] INFO  impl.RaftServerImpl (ServerState.java:setRaftConf(354)) - 1a3d981f-7244-4107-b16e-282149130905@group-B884D77A8744: set configuration 0: [1a3d981f-7244-4107-b16e-282149130905:192.168.34.33:42152], old=null at 0
2019-09-17 13:08:09,946 [grpc-default-executor-3] INFO  impl.RaftServerImpl (RaftServerImpl.java:setRole(174)) - 1a3d981f-7244-4107-b16e-282149130905@group-558E41E10F37: changes role from  FOLLOWER to FOLLOWER at term 1 for recognizeCandidate:c786c601-e0a1-4ea9-8579-a25f069b88e9
2019-09-17 13:08:09,983 [Thread-3582] INFO  impl.FollowerState (FollowerState.java:run(106)) - b30f90cd-ab04-4ed5-9a9b-61135d4290ae:group-F0088E4E71E5 changes to CANDIDATE, lastRpcTime:5170, electionTimeout:5135ms
2019-09-17 13:08:09,983 [grpc-default-executor-3] INFO  impl.RoleInfo (RoleInfo.java:shutdownFollowerState(121)) - 1a3d981f-7244-4107-b16e-282149130905: shutdown FollowerState
2019-09-17 13:08:09,984 [Thread-3582] INFO  impl.RoleInfo (RoleInfo.java:shutdownFollowerState(121)) - b30f90cd-ab04-4ed5-9a9b-61135d4290ae: shutdown FollowerState
2019-09-17 13:08:09,984 [Thread-3586] INFO  impl.FollowerState (FollowerState.java:run(115)) - 1a3d981f-7244-4107-b16e-282149130905: FollowerState was interrupted: java.lang.InterruptedException: sleep interrupted
2019-09-17 13:08:09,984 [grpc-default-executor-3] INFO  impl.RoleInfo (RoleInfo.java:updateAndGet(143)) - 1a3d981f-7244-4107-b16e-282149130905: start FollowerState
2019-09-17 13:08:09,984 [Thread-3582] INFO  impl.RaftServerImpl (RaftServerImpl.java:setRole(174)) - b30f90cd-ab04-4ed5-9a9b-61135d4290ae@group-F0088E4E71E5: changes role from  FOLLOWER to CANDIDATE at term 0 for changeToCandidate
2019-09-17 13:08:09,985 [Thread-3582] INFO  impl.RoleInfo (RoleInfo.java:updateAndGet(143)) - b30f90cd-ab04-4ed5-9a9b-61135d4290ae: start LeaderElection
2019-09-17 13:08:09,995 [1a3d981f-7244-4107-b16e-282149130905@group-B884D77A8744-SegmentedRaftLogWorker] INFO  segmented.SegmentedRaftLogWorker (SegmentedRaftLogWorker.java:execute(569)) - 1a3d981f-7244-4107-b16e-282149130905@group-B884D77A8744-SegmentedRaftLogWorker: created new log segment /workdir/hadoop-ozone/integration-test/target/test-dir/MiniOzoneClusterImpl-caf98cc2-320f-4cdb-8f1a-69abe353d978/datanode-1/data/ratis/0f8ac12e-7aae-4c40-8cb1-b884d77a8744/current/log_inprogress_0
2019-09-17 13:08:09,995 [b30f90cd-ab04-4ed5-9a9b-61135d4290ae@group-F0088E4E71E5:LeaderElection87] INFO  impl.LeaderElection (LeaderElection.java:askForVotes(182)) - b30f90cd-ab04-4ed5-9a9b-61135d4290ae@group-F0088E4E71E5:LeaderElection87: begin an election at term 1 for -1: [b30f90cd-ab04-4ed5-9a9b-61135d4290ae:192.168.34.33:35399], old=null
2019-09-17 13:08:09,995 [b30f90cd-ab04-4ed5-9a9b-61135d4290ae@group-F0088E4E71E5:LeaderElection87] INFO  impl.RoleInfo (RoleInfo.java:shutdownLeaderElection(134)) - b30f90cd-ab04-4ed5-9a9b-61135d4290ae: shutdown LeaderElection
2019-09-17 13:08:09,995 [b30f90cd-ab04-4ed5-9a9b-61135d4290ae@group-F0088E4E71E5:LeaderElection87] INFO  impl.RaftServerImpl (RaftServerImpl.java:setRole(174)) - b30f90cd-ab04-4ed5-9a9b-61135d4290ae@group-F0088E4E71E5: changes role from CANDIDATE to LEADER at term 1 for changeToLeader
2019-09-17 13:08:09,995 [b30f90cd-ab04-4ed5-9a9b-61135d4290ae@group-F0088E4E71E5:LeaderElection87] INFO  impl.RaftServerImpl (ServerState.java:setLeader(253)) - b30f90cd-ab04-4ed5-9a9b-61135d4290ae@group-F0088E4E71E5: change Leader from null to b30f90cd-ab04-4ed5-9a9b-61135d4290ae at term 1 for becomeLeader, leader elected after 5188ms
2019-09-17 13:08:09,995 [b30f90cd-ab04-4ed5-9a9b-61135d4290ae@group-F0088E4E71E5:LeaderElection87] INFO  server.RaftServerConfigKeys (ConfUtils.java:logGet(43)) - raft.server.staging.catchup.gap = 1000 (default)
2019-09-17 13:08:09,995 [c786c601-e0a1-4ea9-8579-a25f069b88e9@group-558E41E10F37:LeaderElection84] INFO  impl.LeaderElection (LeaderElection.java:logAndReturn(56)) - c786c601-e0a1-4ea9-8579-a25f069b88e9@group-558E41E10F37:LeaderElection84: Election PASSED; received 2 response(s) [c786c601-e0a1-4ea9-8579-a25f069b88e9<-b30f90cd-ab04-4ed5-9a9b-61135d4290ae#0:FAIL-t1, c786c601-e0a1-4ea9-8579-a25f069b88e9<-1a3d981f-7244-4107-b16e-282149130905#0:OK-t1] and 0 exception(s); c786c601-e0a1-4ea9-8579-a25f069b88e9@group-558E41E10F37:t1, leader=null, voted=c786c601-e0a1-4ea9-8579-a25f069b88e9, raftlog=c786c601-e0a1-4ea9-8579-a25f069b88e9@group-558E41E10F37-SegmentedRaftLog:OPENED:c-1,f-1,i0, conf=-1: [b30f90cd-ab04-4ed5-9a9b-61135d4290ae:192.168.34.33:35399, 1a3d981f-7244-4107-b16e-282149130905:192.168.34.33:42152, c786c601-e0a1-4ea9-8579-a25f069b88e9:192.168.34.33:34965], old=null
2019-09-17 13:08:09,996 [b30f90cd-ab04-4ed5-9a9b-61135d4290ae@group-558E41E10F37:LeaderElection85] INFO  impl.LeaderElection (LeaderElection.java:logAndReturn(56)) - b30f90cd-ab04-4ed5-9a9b-61135d4290ae@group-558E41E10F37:LeaderElection85: Election REJECTED; received 2 response(s) [b30f90cd-ab04-4ed5-9a9b-61135d4290ae<-1a3d981f-7244-4107-b16e-282149130905#0:FAIL-t1, b30f90cd-ab04-4ed5-9a9b-61135d4290ae<-c786c601-e0a1-4ea9-8579-a25f069b88e9#0:FAIL-t1] and 0 exception(s); b30f90cd-ab04-4ed5-9a9b-61135d4290ae@group-558E41E10F37:t1, leader=null, voted=b30f90cd-ab04-4ed5-9a9b-61135d4290ae, raftlog=b30f90cd-ab04-4ed5-9a9b-61135d4290ae@group-558E41E10F37-SegmentedRaftLog:OPENED:c-1,f-1,i0, conf=-1: [b30f90cd-ab04-4ed5-9a9b-61135d4290ae:192.168.34.33:35399, 1a3d981f-7244-4107-b16e-282149130905:192.168.34.33:42152, c786c601-e0a1-4ea9-8579-a25f069b88e9:192.168.34.33:34965], old=null
2019-09-17 13:08:09,995 [b30f90cd-ab04-4ed5-9a9b-61135d4290ae@group-F0088E4E71E5:LeaderElection87] INFO  server.RaftServerConfigKeys (ConfUtils.java:logGet(43)) - raft.server.rpc.sleep.time = 25ms (default)
2019-09-17 13:08:09,996 [b30f90cd-ab04-4ed5-9a9b-61135d4290ae@group-558E41E10F37:LeaderElection85] INFO  impl.RaftServerImpl (RaftServerImpl.java:setRole(174)) - b30f90cd-ab04-4ed5-9a9b-61135d4290ae@group-558E41E10F37: changes role from CANDIDATE to FOLLOWER at term 1 for DISCOVERED_A_NEW_TERM
2019-09-17 13:08:09,996 [c786c601-e0a1-4ea9-8579-a25f069b88e9@group-558E41E10F37:LeaderElection84] INFO  impl.RoleInfo (RoleInfo.java:shutdownLeaderElection(134)) - c786c601-e0a1-4ea9-8579-a25f069b88e9: shutdown LeaderElection
2019-09-17 13:08:10,000 [b30f90cd-ab04-4ed5-9a9b-61135d4290ae@group-F0088E4E71E5:LeaderElection87] INFO  server.RaftServerConfigKeys (ConfUtils.java:logGet(43)) - raft.server.write.element-limit = 4096 (default)
2019-09-17 13:08:10,000 [b30f90cd-ab04-4ed5-9a9b-61135d4290ae@group-558E41E10F37:LeaderElection85] INFO  impl.RoleInfo (RoleInfo.java:shutdownLeaderElection(134)) - b30f90cd-ab04-4ed5-9a9b-61135d4290ae: shutdown LeaderElection
2019-09-17 13:08:10,000 [b30f90cd-ab04-4ed5-9a9b-61135d4290ae@group-F0088E4E71E5:LeaderElection87] INFO  server.RaftServerConfigKeys (ConfUtils.java:logGet(43)) - raft.server.watch.timeout = 10s (default)
2019-09-17 13:08:10,000 [c786c601-e0a1-4ea9-8579-a25f069b88e9@group-558E41E10F37:LeaderElection84] INFO  impl.RaftServerImpl (RaftServerImpl.java:setRole(174)) - c786c601-e0a1-4ea9-8579-a25f069b88e9@group-558E41E10F37: changes role from CANDIDATE to LEADER at term 1 for changeToLeader
2019-09-17 13:08:10,000 [b30f90cd-ab04-4ed5-9a9b-61135d4290ae@group-F0088E4E71E5:LeaderElection87] INFO  server.RaftServerConfigKeys (ConfUtils.java:logGet(43)) - raft.server.watch.timeout.denomination = 1s (default)
2019-09-17 13:08:10,000 [b30f90cd-ab04-4ed5-9a9b-61135d4290ae@group-558E41E10F37:LeaderElection85] INFO  impl.RoleInfo (RoleInfo.java:updateAndGet(143)) - b30f90cd-ab04-4ed5-9a9b-61135d4290ae: start FollowerState
2019-09-17 13:08:10,000 [b30f90cd-ab04-4ed5-9a9b-61135d4290ae@group-F0088E4E71E5:LeaderElection87] INFO  server.RaftServerConfigKeys (ConfUtils.java:logGet(43)) - raft.server.watch.element-limit = 65536 (default)
2019-09-17 13:08:10,000 [c786c601-e0a1-4ea9-8579-a25f069b88e9@group-558E41E10F37:LeaderElection84] INFO  impl.RaftServerImpl (ServerState.java:setLeader(253)) - c786c601-e0a1-4ea9-8579-a25f069b88e9@group-558E41E10F37: change Leader from null to c786c601-e0a1-4ea9-8579-a25f069b88e9 at term 1 for becomeLeader, leader elected after 5116ms
2019-09-17 13:08:10,001 [c786c601-e0a1-4ea9-8579-a25f069b88e9@group-558E41E10F37:LeaderElection84] INFO  server.RaftServerConfigKeys (ConfUtils.java:logGet(43)) - raft.server.staging.catchup.gap = 1000 (default)
2019-09-17 13:08:10,001 [c786c601-e0a1-4ea9-8579-a25f069b88e9@group-558E41E10F37:LeaderElection84] INFO  server.RaftServerConfigKeys (ConfUtils.java:logGet(43)) - raft.server.rpc.sleep.time = 25ms (default)
2019-09-17 13:08:10,001 [c786c601-e0a1-4ea9-8579-a25f069b88e9@group-558E41E10F37:LeaderElection84] INFO  server.RaftServerConfigKeys (ConfUtils.java:logGet(43)) - raft.server.write.element-limit = 4096 (default)
2019-09-17 13:08:10,001 [c786c601-e0a1-4ea9-8579-a25f069b88e9@group-558E41E10F37:LeaderElection84] INFO  server.RaftServerConfigKeys (ConfUtils.java:logGet(43)) - raft.server.watch.timeout = 10s (default)
2019-09-17 13:08:10,001 [c786c601-e0a1-4ea9-8579-a25f069b88e9@group-558E41E10F37:LeaderElection84] INFO  server.RaftServerConfigKeys (ConfUtils.java:logGet(43)) - raft.server.watch.timeout.denomination = 1s (default)
2019-09-17 13:08:10,001 [c786c601-e0a1-4ea9-8579-a25f069b88e9@group-558E41E10F37:LeaderElection84] INFO  server.RaftServerConfigKeys (ConfUtils.java:logGet(43)) - raft.server.watch.element-limit = 65536 (default)
2019-09-17 13:08:10,003 [b30f90cd-ab04-4ed5-9a9b-61135d4290ae@group-F0088E4E71E5:LeaderElection87] INFO  impl.RoleInfo (RoleInfo.java:updateAndGet(143)) - b30f90cd-ab04-4ed5-9a9b-61135d4290ae: start LeaderState
2019-09-17 13:08:10,003 [b30f90cd-ab04-4ed5-9a9b-61135d4290ae@group-F0088E4E71E5:LeaderElection87] INFO  segmented.SegmentedRaftLogWorker (SegmentedRaftLogWorker.java:startLogSegment(380)) - b30f90cd-ab04-4ed5-9a9b-61135d4290ae@group-F0088E4E71E5-SegmentedRaftLogWorker: Starting segment from index:0
2019-09-17 13:08:10,004 [c786c601-e0a1-4ea9-8579-a25f069b88e9@group-558E41E10F37:LeaderElection84] INFO  server.RaftServerConfigKeys (ConfUtils.java:logGet(43)) - raft.server.log.appender.snapshot.chunk.size.max = 16MB (=16777216) (default)
2019-09-17 13:08:10,004 [b30f90cd-ab04-4ed5-9a9b-61135d4290ae@group-F0088E4E71E5:LeaderElection87] INFO  impl.RaftServerImpl (ServerState.java:setRaftConf(354)) - b30f90cd-ab04-4ed5-9a9b-61135d4290ae@group-F0088E4E71E5: set configuration 0: [b30f90cd-ab04-4ed5-9a9b-61135d4290ae:192.168.34.33:35399], old=null at 0
2019-09-17 13:08:10,004 [c786c601-e0a1-4ea9-8579-a25f069b88e9@group-558E41E10F37:LeaderElection84] INFO  server.RaftServerConfigKeys (ConfUtils.java:logGet(43)) - raft.server.log.appender.buffer.byte-limit = 33554432 (custom)
2019-09-17 13:08:10,004 [c786c601-e0a1-4ea9-8579-a25f069b88e9@group-558E41E10F37:LeaderElection84] INFO  server.RaftServerConfigKeys (ConfUtils.java:logGet(43)) - raft.server.log.appender.buffer.element-limit = 1 (custom)
2019-09-17 13:08:10,005 [c786c601-e0a1-4ea9-8579-a25f069b88e9@group-558E41E10F37:LeaderElection84] INFO  grpc.GrpcConfigKeys$Server (ConfUtils.java:logGet(43)) - raft.grpc.server.leader.outstanding.appends.max = 128 (default)
2019-09-17 13:08:10,005 [c786c601-e0a1-4ea9-8579-a25f069b88e9@group-558E41E10F37:LeaderElection84] INFO  server.RaftServerConfigKeys (ConfUtils.java:logGet(43)) - raft.server.rpc.request.timeout = 3000ms (default)
2019-09-17 13:08:10,005 [c786c601-e0a1-4ea9-8579-a25f069b88e9@group-558E41E10F37:LeaderElection84] INFO  server.RaftServerConfigKeys (ConfUtils.java:logGet(43)) - raft.server.log.appender.install.snapshot.enabled = false (custom)
2019-09-17 13:08:10,005 [c786c601-e0a1-4ea9-8579-a25f069b88e9@group-558E41E10F37:LeaderElection84] INFO  server.RaftServerConfigKeys (ConfUtils.java:logGet(43)) - raft.server.log.appender.snapshot.chunk.size.max = 16MB (=16777216) (default)
2019-09-17 13:08:10,005 [c786c601-e0a1-4ea9-8579-a25f069b88e9@group-558E41E10F37:LeaderElection84] INFO  server.RaftServerConfigKeys (ConfUtils.java:logGet(43)) - raft.server.log.appender.buffer.byte-limit = 33554432 (custom)
2019-09-17 13:08:10,005 [c786c601-e0a1-4ea9-8579-a25f069b88e9@group-558E41E10F37:LeaderElection84] INFO  server.RaftServerConfigKeys (ConfUtils.java:logGet(43)) - raft.server.log.appender.buffer.element-limit = 1 (custom)
2019-09-17 13:08:10,005 [c786c601-e0a1-4ea9-8579-a25f069b88e9@group-558E41E10F37:LeaderElection84] INFO  grpc.GrpcConfigKeys$Server (ConfUtils.java:logGet(43)) - raft.grpc.server.leader.outstanding.appends.max = 128 (default)
2019-09-17 13:08:10,005 [c786c601-e0a1-4ea9-8579-a25f069b88e9@group-558E41E10F37:LeaderElection84] INFO  server.RaftServerConfigKeys (ConfUtils.java:logGet(43)) - raft.server.rpc.request.timeout = 3000ms (default)
2019-09-17 13:08:10,006 [c786c601-e0a1-4ea9-8579-a25f069b88e9@group-558E41E10F37:LeaderElection84] INFO  server.RaftServerConfigKeys (ConfUtils.java:logGet(43)) - raft.server.log.appender.install.snapshot.enabled = false (custom)
2019-09-17 13:08:10,006 [c786c601-e0a1-4ea9-8579-a25f069b88e9@group-558E41E10F37:LeaderElection84] INFO  impl.RoleInfo (RoleInfo.java:updateAndGet(143)) - c786c601-e0a1-4ea9-8579-a25f069b88e9: start LeaderState
2019-09-17 13:08:10,006 [c786c601-e0a1-4ea9-8579-a25f069b88e9@group-558E41E10F37:LeaderElection84] INFO  segmented.SegmentedRaftLogWorker (SegmentedRaftLogWorker.java:startLogSegment(380)) - c786c601-e0a1-4ea9-8579-a25f069b88e9@group-558E41E10F37-SegmentedRaftLogWorker: Starting segment from index:0
2019-09-17 13:08:10,007 [c786c601-e0a1-4ea9-8579-a25f069b88e9@group-558E41E10F37:LeaderElection84] INFO  impl.RaftServerImpl (ServerState.java:setRaftConf(354)) - c786c601-e0a1-4ea9-8579-a25f069b88e9@group-558E41E10F37: set configuration 0: [b30f90cd-ab04-4ed5-9a9b-61135d4290ae:192.168.34.33:35399, 1a3d981f-7244-4107-b16e-282149130905:192.168.34.33:42152, c786c601-e0a1-4ea9-8579-a25f069b88e9:192.168.34.33:34965], old=null at 0
2019-09-17 13:08:10,008 [grpc-default-executor-3] INFO  impl.RaftServerImpl (ServerState.java:setLeader(253)) - b30f90cd-ab04-4ed5-9a9b-61135d4290ae@group-558E41E10F37: change Leader from null to c786c601-e0a1-4ea9-8579-a25f069b88e9 at term 1 for appendEntries, leader elected after 5123ms
2019-09-17 13:08:10,008 [grpc-default-executor-1] INFO  impl.RaftServerImpl (ServerState.java:setLeader(253)) - 1a3d981f-7244-4107-b16e-282149130905@group-558E41E10F37: change Leader from null to c786c601-e0a1-4ea9-8579-a25f069b88e9 at term 1 for appendEntries, leader elected after 5124ms
2019-09-17 13:08:10,010 [grpc-default-executor-1] INFO  impl.RaftServerImpl (ServerState.java:setRaftConf(354)) - b30f90cd-ab04-4ed5-9a9b-61135d4290ae@group-558E41E10F37: set configuration 0: [b30f90cd-ab04-4ed5-9a9b-61135d4290ae:192.168.34.33:35399, 1a3d981f-7244-4107-b16e-282149130905:192.168.34.33:42152, c786c601-e0a1-4ea9-8579-a25f069b88e9:192.168.34.33:34965], old=null at 0
2019-09-17 13:08:10,010 [grpc-default-executor-1] INFO  segmented.SegmentedRaftLogWorker (SegmentedRaftLogWorker.java:startLogSegment(380)) - b30f90cd-ab04-4ed5-9a9b-61135d4290ae@group-558E41E10F37-SegmentedRaftLogWorker: Starting segment from index:0
2019-09-17 13:08:10,011 [grpc-default-executor-3] INFO  impl.RaftServerImpl (ServerState.java:setRaftConf(354)) - 1a3d981f-7244-4107-b16e-282149130905@group-558E41E10F37: set configuration 0: [b30f90cd-ab04-4ed5-9a9b-61135d4290ae:192.168.34.33:35399, 1a3d981f-7244-4107-b16e-282149130905:192.168.34.33:42152, c786c601-e0a1-4ea9-8579-a25f069b88e9:192.168.34.33:34965], old=null at 0
2019-09-17 13:08:10,011 [grpc-default-executor-3] INFO  segmented.SegmentedRaftLogWorker (SegmentedRaftLogWorker.java:startLogSegment(380)) - 1a3d981f-7244-4107-b16e-282149130905@group-558E41E10F37-SegmentedRaftLogWorker: Starting segment from index:0
2019-09-17 13:08:10,054 [b30f90cd-ab04-4ed5-9a9b-61135d4290ae@group-F0088E4E71E5-SegmentedRaftLogWorker] INFO  segmented.SegmentedRaftLogWorker (SegmentedRaftLogWorker.java:execute(569)) - b30f90cd-ab04-4ed5-9a9b-61135d4290ae@group-F0088E4E71E5-SegmentedRaftLogWorker: created new log segment /workdir/hadoop-ozone/integration-test/target/test-dir/MiniOzoneClusterImpl-caf98cc2-320f-4cdb-8f1a-69abe353d978/datanode-2/data/ratis/07acef81-99bb-4ff3-aefa-f0088e4e71e5/current/log_inprogress_0
2019-09-17 13:08:10,068 [b30f90cd-ab04-4ed5-9a9b-61135d4290ae@group-558E41E10F37-SegmentedRaftLogWorker] INFO  segmented.SegmentedRaftLogWorker (SegmentedRaftLogWorker.java:execute(569)) - b30f90cd-ab04-4ed5-9a9b-61135d4290ae@group-558E41E10F37-SegmentedRaftLogWorker: created new log segment /workdir/hadoop-ozone/integration-test/target/test-dir/MiniOzoneClusterImpl-caf98cc2-320f-4cdb-8f1a-69abe353d978/datanode-2/data/ratis/863094da-fc8c-4c55-b729-558e41e10f37/current/log_inprogress_0
2019-09-17 13:08:10,068 [c786c601-e0a1-4ea9-8579-a25f069b88e9@group-558E41E10F37-SegmentedRaftLogWorker] INFO  segmented.SegmentedRaftLogWorker (SegmentedRaftLogWorker.java:execute(569)) - c786c601-e0a1-4ea9-8579-a25f069b88e9@group-558E41E10F37-SegmentedRaftLogWorker: created new log segment /workdir/hadoop-ozone/integration-test/target/test-dir/MiniOzoneClusterImpl-caf98cc2-320f-4cdb-8f1a-69abe353d978/datanode-0/data/ratis/863094da-fc8c-4c55-b729-558e41e10f37/current/log_inprogress_0
2019-09-17 13:08:10,068 [1a3d981f-7244-4107-b16e-282149130905@group-558E41E10F37-SegmentedRaftLogWorker] INFO  segmented.SegmentedRaftLogWorker (SegmentedRaftLogWorker.java:execute(569)) - 1a3d981f-7244-4107-b16e-282149130905@group-558E41E10F37-SegmentedRaftLogWorker: created new log segment /workdir/hadoop-ozone/integration-test/target/test-dir/MiniOzoneClusterImpl-caf98cc2-320f-4cdb-8f1a-69abe353d978/datanode-1/data/ratis/863094da-fc8c-4c55-b729-558e41e10f37/current/log_inprogress_0
2019-09-17 13:08:10,139 [Thread-3599] INFO  impl.FollowerState (FollowerState.java:run(106)) - 8c5522c8-f35d-44ba-91f8-db341543b05d:group-4C6F9BDD6A0A changes to CANDIDATE, lastRpcTime:5062, electionTimeout:5062ms
2019-09-17 13:08:10,139 [Thread-3599] INFO  impl.RoleInfo (RoleInfo.java:shutdownFollowerState(121)) - 8c5522c8-f35d-44ba-91f8-db341543b05d: shutdown FollowerState
2019-09-17 13:08:10,140 [Thread-3599] INFO  impl.RaftServerImpl (RaftServerImpl.java:setRole(174)) - 8c5522c8-f35d-44ba-91f8-db341543b05d@group-4C6F9BDD6A0A: changes role from  FOLLOWER to CANDIDATE at term 0 for changeToCandidate
2019-09-17 13:08:10,140 [Thread-3599] INFO  impl.RoleInfo (RoleInfo.java:updateAndGet(143)) - 8c5522c8-f35d-44ba-91f8-db341543b05d: start LeaderElection
2019-09-17 13:08:10,163 [8c5522c8-f35d-44ba-91f8-db341543b05d@group-4C6F9BDD6A0A:LeaderElection88] INFO  impl.LeaderElection (LeaderElection.java:askForVotes(182)) - 8c5522c8-f35d-44ba-91f8-db341543b05d@group-4C6F9BDD6A0A:LeaderElection88: begin an election at term 1 for -1: [8c5522c8-f35d-44ba-91f8-db341543b05d:192.168.34.33:41999], old=null
2019-09-17 13:08:10,164 [8c5522c8-f35d-44ba-91f8-db341543b05d@group-4C6F9BDD6A0A:LeaderElection88] INFO  impl.RoleInfo (RoleInfo.java:shutdownLeaderElection(134)) - 8c5522c8-f35d-44ba-91f8-db341543b05d: shutdown LeaderElection
2019-09-17 13:08:10,164 [8c5522c8-f35d-44ba-91f8-db341543b05d@group-4C6F9BDD6A0A:LeaderElection88] INFO  impl.RaftServerImpl (RaftServerImpl.java:setRole(174)) - 8c5522c8-f35d-44ba-91f8-db341543b05d@group-4C6F9BDD6A0A: changes role from CANDIDATE to LEADER at term 1 for changeToLeader
2019-09-17 13:08:10,164 [8c5522c8-f35d-44ba-91f8-db341543b05d@group-4C6F9BDD6A0A:LeaderElection88] INFO  impl.RaftServerImpl (ServerState.java:setLeader(253)) - 8c5522c8-f35d-44ba-91f8-db341543b05d@group-4C6F9BDD6A0A: change Leader from null to 8c5522c8-f35d-44ba-91f8-db341543b05d at term 1 for becomeLeader, leader elected after 5096ms
2019-09-17 13:08:10,164 [8c5522c8-f35d-44ba-91f8-db341543b05d@group-4C6F9BDD6A0A:LeaderElection88] INFO  server.RaftServerConfigKeys (ConfUtils.java:logGet(43)) - raft.server.staging.catchup.gap = 1000 (default)
2019-09-17 13:08:10,164 [8c5522c8-f35d-44ba-91f8-db341543b05d@group-4C6F9BDD6A0A:LeaderElection88] INFO  server.RaftServerConfigKeys (ConfUtils.java:logGet(43)) - raft.server.rpc.sleep.time = 25ms (default)
2019-09-17 13:08:10,164 [8c5522c8-f35d-44ba-91f8-db341543b05d@group-4C6F9BDD6A0A:LeaderElection88] INFO  server.RaftServerConfigKeys (ConfUtils.java:logGet(43)) - raft.server.write.element-limit = 4096 (default)
2019-09-17 13:08:10,165 [8c5522c8-f35d-44ba-91f8-db341543b05d@group-4C6F9BDD6A0A:LeaderElection88] INFO  server.RaftServerConfigKeys (ConfUtils.java:logGet(43)) - raft.server.watch.timeout = 10s (default)
2019-09-17 13:08:10,165 [8c5522c8-f35d-44ba-91f8-db341543b05d@group-4C6F9BDD6A0A:LeaderElection88] INFO  server.RaftServerConfigKeys (ConfUtils.java:logGet(43)) - raft.server.watch.timeout.denomination = 1s (default)
2019-09-17 13:08:10,165 [8c5522c8-f35d-44ba-91f8-db341543b05d@group-4C6F9BDD6A0A:LeaderElection88] INFO  server.RaftServerConfigKeys (ConfUtils.java:logGet(43)) - raft.server.watch.element-limit = 65536 (default)
2019-09-17 13:08:10,167 [Thread-3602] INFO  impl.FollowerState (FollowerState.java:run(106)) - 50f49b90-e99d-4336-a11e-085101dab1f3:group-C35AFCB0D769 changes to CANDIDATE, lastRpcTime:5056, electionTimeout:5056ms
2019-09-17 13:08:10,167 [Thread-3602] INFO  impl.RoleInfo (RoleInfo.java:shutdownFollowerState(121)) - 50f49b90-e99d-4336-a11e-085101dab1f3: shutdown FollowerState
2019-09-17 13:08:10,167 [Thread-3602] INFO  impl.RaftServerImpl (RaftServerImpl.java:setRole(174)) - 50f49b90-e99d-4336-a11e-085101dab1f3@group-C35AFCB0D769: changes role from  FOLLOWER to CANDIDATE at term 0 for changeToCandidate
2019-09-17 13:08:10,167 [Thread-3602] INFO  impl.RoleInfo (RoleInfo.java:updateAndGet(143)) - 50f49b90-e99d-4336-a11e-085101dab1f3: start LeaderElection
2019-09-17 13:08:10,167 [8c5522c8-f35d-44ba-91f8-db341543b05d@group-4C6F9BDD6A0A:LeaderElection88] INFO  impl.RoleInfo (RoleInfo.java:updateAndGet(143)) - 8c5522c8-f35d-44ba-91f8-db341543b05d: start LeaderState
2019-09-17 13:08:10,168 [8c5522c8-f35d-44ba-91f8-db341543b05d@group-4C6F9BDD6A0A:LeaderElection88] INFO  segmented.SegmentedRaftLogWorker (SegmentedRaftLogWorker.java:startLogSegment(380)) - 8c5522c8-f35d-44ba-91f8-db341543b05d@group-4C6F9BDD6A0A-SegmentedRaftLogWorker: Starting segment from index:0
2019-09-17 13:08:10,173 [8c5522c8-f35d-44ba-91f8-db341543b05d@group-4C6F9BDD6A0A:LeaderElection88] INFO  impl.RaftServerImpl (ServerState.java:setRaftConf(354)) - 8c5522c8-f35d-44ba-91f8-db341543b05d@group-4C6F9BDD6A0A: set configuration 0: [8c5522c8-f35d-44ba-91f8-db341543b05d:192.168.34.33:41999], old=null at 0
2019-09-17 13:08:10,184 [Thread-3605] INFO  impl.FollowerState (FollowerState.java:run(106)) - 76b382c4-29be-4015-813a-8e99538dd1de:group-D229EFCD60F9 changes to CANDIDATE, lastRpcTime:5045, electionTimeout:5045ms
2019-09-17 13:08:10,184 [Thread-3605] INFO  impl.RoleInfo (RoleInfo.java:shutdownFollowerState(121)) - 76b382c4-29be-4015-813a-8e99538dd1de: shutdown FollowerState
2019-09-17 13:08:10,184 [Thread-3605] INFO  impl.RaftServerImpl (RaftServerImpl.java:setRole(174)) - 76b382c4-29be-4015-813a-8e99538dd1de@group-D229EFCD60F9: changes role from  FOLLOWER to CANDIDATE at term 0 for changeToCandidate
2019-09-17 13:08:10,184 [Thread-3605] INFO  impl.RoleInfo (RoleInfo.java:updateAndGet(143)) - 76b382c4-29be-4015-813a-8e99538dd1de: start LeaderElection
2019-09-17 13:08:10,211 [Thread-3594] INFO  impl.FollowerState (FollowerState.java:run(106)) - bafc845d-bbde-4f8f-86b6-115dec71aedb:group-D74A9DB9B75A changes to CANDIDATE, lastRpcTime:5198, electionTimeout:5182ms
2019-09-17 13:08:10,211 [Thread-3594] INFO  impl.RoleInfo (RoleInfo.java:shutdownFollowerState(121)) - bafc845d-bbde-4f8f-86b6-115dec71aedb: shutdown FollowerState
2019-09-17 13:08:10,211 [50f49b90-e99d-4336-a11e-085101dab1f3@group-C35AFCB0D769:LeaderElection89] INFO  impl.LeaderElection (LeaderElection.java:askForVotes(182)) - 50f49b90-e99d-4336-a11e-085101dab1f3@group-C35AFCB0D769:LeaderElection89: begin an election at term 1 for -1: [50f49b90-e99d-4336-a11e-085101dab1f3:192.168.34.33:40121], old=null
2019-09-17 13:08:10,211 [Thread-3594] INFO  impl.RaftServerImpl (RaftServerImpl.java:setRole(174)) - bafc845d-bbde-4f8f-86b6-115dec71aedb@group-D74A9DB9B75A: changes role from  FOLLOWER to CANDIDATE at term 0 for changeToCandidate
2019-09-17 13:08:10,212 [50f49b90-e99d-4336-a11e-085101dab1f3@group-C35AFCB0D769:LeaderElection89] INFO  impl.RoleInfo (RoleInfo.java:shutdownLeaderElection(134)) - 50f49b90-e99d-4336-a11e-085101dab1f3: shutdown LeaderElection
2019-09-17 13:08:10,212 [Thread-3594] INFO  impl.RoleInfo (RoleInfo.java:updateAndGet(143)) - bafc845d-bbde-4f8f-86b6-115dec71aedb: start LeaderElection
2019-09-17 13:08:10,212 [50f49b90-e99d-4336-a11e-085101dab1f3@group-C35AFCB0D769:LeaderElection89] INFO  impl.RaftServerImpl (RaftServerImpl.java:setRole(174)) - 50f49b90-e99d-4336-a11e-085101dab1f3@group-C35AFCB0D769: changes role from CANDIDATE to LEADER at term 1 for changeToLeader
2019-09-17 13:08:10,212 [50f49b90-e99d-4336-a11e-085101dab1f3@group-C35AFCB0D769:LeaderElection89] INFO  impl.RaftServerImpl (ServerState.java:setLeader(253)) - 50f49b90-e99d-4336-a11e-085101dab1f3@group-C35AFCB0D769: change Leader from null to 50f49b90-e99d-4336-a11e-085101dab1f3 at term 1 for becomeLeader, leader elected after 5109ms
2019-09-17 13:08:10,212 [50f49b90-e99d-4336-a11e-085101dab1f3@group-C35AFCB0D769:LeaderElection89] INFO  server.RaftServerConfigKeys (ConfUtils.java:logGet(43)) - raft.server.staging.catchup.gap = 1000 (default)
2019-09-17 13:08:10,217 [50f49b90-e99d-4336-a11e-085101dab1f3@group-C35AFCB0D769:LeaderElection89] INFO  server.RaftServerConfigKeys (ConfUtils.java:logGet(43)) - raft.server.rpc.sleep.time = 25ms (default)
2019-09-17 13:08:10,218 [50f49b90-e99d-4336-a11e-085101dab1f3@group-C35AFCB0D769:LeaderElection89] INFO  server.RaftServerConfigKeys (ConfUtils.java:logGet(43)) - raft.server.write.element-limit = 4096 (default)
2019-09-17 13:08:10,218 [50f49b90-e99d-4336-a11e-085101dab1f3@group-C35AFCB0D769:LeaderElection89] INFO  server.RaftServerConfigKeys (ConfUtils.java:logGet(43)) - raft.server.watch.timeout = 10s (default)
2019-09-17 13:08:10,218 [50f49b90-e99d-4336-a11e-085101dab1f3@group-C35AFCB0D769:LeaderElection89] INFO  server.RaftServerConfigKeys (ConfUtils.java:logGet(43)) - raft.server.watch.timeout.denomination = 1s (default)
2019-09-17 13:08:10,218 [50f49b90-e99d-4336-a11e-085101dab1f3@group-C35AFCB0D769:LeaderElection89] INFO  server.RaftServerConfigKeys (ConfUtils.java:logGet(43)) - raft.server.watch.element-limit = 65536 (default)
2019-09-17 13:08:10,220 [50f49b90-e99d-4336-a11e-085101dab1f3@group-C35AFCB0D769:LeaderElection89] INFO  impl.RoleInfo (RoleInfo.java:updateAndGet(143)) - 50f49b90-e99d-4336-a11e-085101dab1f3: start LeaderState
2019-09-17 13:08:10,220 [50f49b90-e99d-4336-a11e-085101dab1f3@group-C35AFCB0D769:LeaderElection89] INFO  segmented.SegmentedRaftLogWorker (SegmentedRaftLogWorker.java:startLogSegment(380)) - 50f49b90-e99d-4336-a11e-085101dab1f3@group-C35AFCB0D769-SegmentedRaftLogWorker: Starting segment from index:0
2019-09-17 13:08:10,221 [50f49b90-e99d-4336-a11e-085101dab1f3@group-C35AFCB0D769:LeaderElection89] INFO  impl.RaftServerImpl (ServerState.java:setRaftConf(354)) - 50f49b90-e99d-4336-a11e-085101dab1f3@group-C35AFCB0D769: set configuration 0: [50f49b90-e99d-4336-a11e-085101dab1f3:192.168.34.33:40121], old=null at 0
2019-09-17 13:08:10,236 [8c5522c8-f35d-44ba-91f8-db341543b05d@group-4C6F9BDD6A0A-SegmentedRaftLogWorker] INFO  segmented.SegmentedRaftLogWorker (SegmentedRaftLogWorker.java:execute(569)) - 8c5522c8-f35d-44ba-91f8-db341543b05d@group-4C6F9BDD6A0A-SegmentedRaftLogWorker: created new log segment /workdir/hadoop-ozone/integration-test/target/test-dir/MiniOzoneClusterImpl-caf98cc2-320f-4cdb-8f1a-69abe353d978/datanode-3/data/ratis/1d0a534f-ec8b-4c59-8260-4c6f9bdd6a0a/current/log_inprogress_0
2019-09-17 13:08:10,236 [76b382c4-29be-4015-813a-8e99538dd1de@group-D229EFCD60F9:LeaderElection90] INFO  impl.LeaderElection (LeaderElection.java:askForVotes(182)) - 76b382c4-29be-4015-813a-8e99538dd1de@group-D229EFCD60F9:LeaderElection90: begin an election at term 1 for -1: [76b382c4-29be-4015-813a-8e99538dd1de:192.168.34.33:41941], old=null
2019-09-17 13:08:10,236 [bafc845d-bbde-4f8f-86b6-115dec71aedb@group-D74A9DB9B75A:LeaderElection91] INFO  impl.LeaderElection (LeaderElection.java:askForVotes(182)) - bafc845d-bbde-4f8f-86b6-115dec71aedb@group-D74A9DB9B75A:LeaderElection91: begin an election at term 1 for -1: [bafc845d-bbde-4f8f-86b6-115dec71aedb:192.168.34.33:42454], old=null
2019-09-17 13:08:10,236 [76b382c4-29be-4015-813a-8e99538dd1de@group-D229EFCD60F9:LeaderElection90] INFO  impl.RoleInfo (RoleInfo.java:shutdownLeaderElection(134)) - 76b382c4-29be-4015-813a-8e99538dd1de: shutdown LeaderElection
2019-09-17 13:08:10,237 [bafc845d-bbde-4f8f-86b6-115dec71aedb@group-D74A9DB9B75A:LeaderElection91] INFO  impl.RoleInfo (RoleInfo.java:shutdownLeaderElection(134)) - bafc845d-bbde-4f8f-86b6-115dec71aedb: shutdown LeaderElection
2019-09-17 13:08:10,237 [76b382c4-29be-4015-813a-8e99538dd1de@group-D229EFCD60F9:LeaderElection90] INFO  impl.RaftServerImpl (RaftServerImpl.java:setRole(174)) - 76b382c4-29be-4015-813a-8e99538dd1de@group-D229EFCD60F9: changes role from CANDIDATE to LEADER at term 1 for changeToLeader
2019-09-17 13:08:10,237 [bafc845d-bbde-4f8f-86b6-115dec71aedb@group-D74A9DB9B75A:LeaderElection91] INFO  impl.RaftServerImpl (RaftServerImpl.java:setRole(174)) - bafc845d-bbde-4f8f-86b6-115dec71aedb@group-D74A9DB9B75A: changes role from CANDIDATE to LEADER at term 1 for changeToLeader
2019-09-17 13:08:10,237 [76b382c4-29be-4015-813a-8e99538dd1de@group-D229EFCD60F9:LeaderElection90] INFO  impl.RaftServerImpl (ServerState.java:setLeader(253)) - 76b382c4-29be-4015-813a-8e99538dd1de@group-D229EFCD60F9: change Leader from null to 76b382c4-29be-4015-813a-8e99538dd1de at term 1 for becomeLeader, leader elected after 5107ms
2019-09-17 13:08:10,237 [bafc845d-bbde-4f8f-86b6-115dec71aedb@group-D74A9DB9B75A:LeaderElection91] INFO  impl.RaftServerImpl (ServerState.java:setLeader(253)) - bafc845d-bbde-4f8f-86b6-115dec71aedb@group-D74A9DB9B75A: change Leader from null to bafc845d-bbde-4f8f-86b6-115dec71aedb at term 1 for becomeLeader, leader elected after 5231ms
2019-09-17 13:08:10,237 [76b382c4-29be-4015-813a-8e99538dd1de@group-D229EFCD60F9:LeaderElection90] INFO  server.RaftServerConfigKeys (ConfUtils.java:logGet(43)) - raft.server.staging.catchup.gap = 1000 (default)
2019-09-17 13:08:10,237 [bafc845d-bbde-4f8f-86b6-115dec71aedb@group-D74A9DB9B75A:LeaderElection91] INFO  server.RaftServerConfigKeys (ConfUtils.java:logGet(43)) - raft.server.staging.catchup.gap = 1000 (default)
2019-09-17 13:08:10,237 [76b382c4-29be-4015-813a-8e99538dd1de@group-D229EFCD60F9:LeaderElection90] INFO  server.RaftServerConfigKeys (ConfUtils.java:logGet(43)) - raft.server.rpc.sleep.time = 25ms (default)
2019-09-17 13:08:10,238 [bafc845d-bbde-4f8f-86b6-115dec71aedb@group-D74A9DB9B75A:LeaderElection91] INFO  server.RaftServerConfigKeys (ConfUtils.java:logGet(43)) - raft.server.rpc.sleep.time = 25ms (default)
2019-09-17 13:08:10,238 [76b382c4-29be-4015-813a-8e99538dd1de@group-D229EFCD60F9:LeaderElection90] INFO  server.RaftServerConfigKeys (ConfUtils.java:logGet(43)) - raft.server.write.element-limit = 4096 (default)
2019-09-17 13:08:10,238 [bafc845d-bbde-4f8f-86b6-115dec71aedb@group-D74A9DB9B75A:LeaderElection91] INFO  server.RaftServerConfigKeys (ConfUtils.java:logGet(43)) - raft.server.write.element-limit = 4096 (default)
2019-09-17 13:08:10,238 [76b382c4-29be-4015-813a-8e99538dd1de@group-D229EFCD60F9:LeaderElection90] INFO  server.RaftServerConfigKeys (ConfUtils.java:logGet(43)) - raft.server.watch.timeout = 10s (default)
2019-09-17 13:08:10,238 [bafc845d-bbde-4f8f-86b6-115dec71aedb@group-D74A9DB9B75A:LeaderElection91] INFO  server.RaftServerConfigKeys (ConfUtils.java:logGet(43)) - raft.server.watch.timeout = 10s (default)
2019-09-17 13:08:10,238 [76b382c4-29be-4015-813a-8e99538dd1de@group-D229EFCD60F9:LeaderElection90] INFO  server.RaftServerConfigKeys (ConfUtils.java:logGet(43)) - raft.server.watch.timeout.denomination = 1s (default)
2019-09-17 13:08:10,238 [bafc845d-bbde-4f8f-86b6-115dec71aedb@group-D74A9DB9B75A:LeaderElection91] INFO  server.RaftServerConfigKeys (ConfUtils.java:logGet(43)) - raft.server.watch.timeout.denomination = 1s (default)
2019-09-17 13:08:10,239 [76b382c4-29be-4015-813a-8e99538dd1de@group-D229EFCD60F9:LeaderElection90] INFO  server.RaftServerConfigKeys (ConfUtils.java:logGet(43)) - raft.server.watch.element-limit = 65536 (default)
2019-09-17 13:08:10,239 [bafc845d-bbde-4f8f-86b6-115dec71aedb@group-D74A9DB9B75A:LeaderElection91] INFO  server.RaftServerConfigKeys (ConfUtils.java:logGet(43)) - raft.server.watch.element-limit = 65536 (default)
2019-09-17 13:08:10,242 [76b382c4-29be-4015-813a-8e99538dd1de@group-D229EFCD60F9:LeaderElection90] INFO  impl.RoleInfo (RoleInfo.java:updateAndGet(143)) - 76b382c4-29be-4015-813a-8e99538dd1de: start LeaderState
2019-09-17 13:08:10,242 [76b382c4-29be-4015-813a-8e99538dd1de@group-D229EFCD60F9:LeaderElection90] INFO  segmented.SegmentedRaftLogWorker (SegmentedRaftLogWorker.java:startLogSegment(380)) - 76b382c4-29be-4015-813a-8e99538dd1de@group-D229EFCD60F9-SegmentedRaftLogWorker: Starting segment from index:0
2019-09-17 13:08:10,242 [bafc845d-bbde-4f8f-86b6-115dec71aedb@group-D74A9DB9B75A:LeaderElection91] INFO  impl.RoleInfo (RoleInfo.java:updateAndGet(143)) - bafc845d-bbde-4f8f-86b6-115dec71aedb: start LeaderState
2019-09-17 13:08:10,242 [bafc845d-bbde-4f8f-86b6-115dec71aedb@group-D74A9DB9B75A:LeaderElection91] INFO  segmented.SegmentedRaftLogWorker (SegmentedRaftLogWorker.java:startLogSegment(380)) - bafc845d-bbde-4f8f-86b6-115dec71aedb@group-D74A9DB9B75A-SegmentedRaftLogWorker: Starting segment from index:0
2019-09-17 13:08:10,242 [76b382c4-29be-4015-813a-8e99538dd1de@group-D229EFCD60F9:LeaderElection90] INFO  impl.RaftServerImpl (ServerState.java:setRaftConf(354)) - 76b382c4-29be-4015-813a-8e99538dd1de@group-D229EFCD60F9: set configuration 0: [76b382c4-29be-4015-813a-8e99538dd1de:192.168.34.33:41941], old=null at 0
2019-09-17 13:08:10,243 [bafc845d-bbde-4f8f-86b6-115dec71aedb@group-D74A9DB9B75A:LeaderElection91] INFO  impl.RaftServerImpl (ServerState.java:setRaftConf(354)) - bafc845d-bbde-4f8f-86b6-115dec71aedb@group-D74A9DB9B75A: set configuration 0: [bafc845d-bbde-4f8f-86b6-115dec71aedb:192.168.34.33:42454], old=null at 0
2019-09-17 13:08:10,245 [Thread-3614] INFO  impl.FollowerState (FollowerState.java:run(106)) - 50f49b90-e99d-4336-a11e-085101dab1f3:group-66CF6D82602C changes to CANDIDATE, lastRpcTime:5073, electionTimeout:5073ms
2019-09-17 13:08:10,245 [Thread-3614] INFO  impl.RoleInfo (RoleInfo.java:shutdownFollowerState(121)) - 50f49b90-e99d-4336-a11e-085101dab1f3: shutdown FollowerState
2019-09-17 13:08:10,245 [Thread-3614] INFO  impl.RaftServerImpl (RaftServerImpl.java:setRole(174)) - 50f49b90-e99d-4336-a11e-085101dab1f3@group-66CF6D82602C: changes role from  FOLLOWER to CANDIDATE at term 0 for changeToCandidate
2019-09-17 13:08:10,245 [Thread-3614] INFO  impl.RoleInfo (RoleInfo.java:updateAndGet(143)) - 50f49b90-e99d-4336-a11e-085101dab1f3: start LeaderElection
2019-09-17 13:08:10,284 [Thread-3611] INFO  impl.FollowerState (FollowerState.java:run(106)) - bafc845d-bbde-4f8f-86b6-115dec71aedb:group-66CF6D82602C changes to CANDIDATE, lastRpcTime:5113, electionTimeout:5088ms
2019-09-17 13:08:10,284 [Thread-3610] INFO  impl.FollowerState (FollowerState.java:run(106)) - 8c5522c8-f35d-44ba-91f8-db341543b05d:group-66CF6D82602C changes to CANDIDATE, lastRpcTime:5111, electionTimeout:5108ms
2019-09-17 13:08:10,284 [Thread-3611] INFO  impl.RoleInfo (RoleInfo.java:shutdownFollowerState(121)) - bafc845d-bbde-4f8f-86b6-115dec71aedb: shutdown FollowerState
2019-09-17 13:08:10,284 [Thread-3610] INFO  impl.RoleInfo (RoleInfo.java:shutdownFollowerState(121)) - 8c5522c8-f35d-44ba-91f8-db341543b05d: shutdown FollowerState
2019-09-17 13:08:10,284 [Thread-3611] INFO  impl.RaftServerImpl (RaftServerImpl.java:setRole(174)) - bafc845d-bbde-4f8f-86b6-115dec71aedb@group-66CF6D82602C: changes role from  FOLLOWER to CANDIDATE at term 0 for changeToCandidate
2019-09-17 13:08:10,284 [Thread-3610] INFO  impl.RaftServerImpl (RaftServerImpl.java:setRole(174)) - 8c5522c8-f35d-44ba-91f8-db341543b05d@group-66CF6D82602C: changes role from  FOLLOWER to CANDIDATE at term 0 for changeToCandidate
2019-09-17 13:08:10,285 [Thread-3611] INFO  impl.RoleInfo (RoleInfo.java:updateAndGet(143)) - bafc845d-bbde-4f8f-86b6-115dec71aedb: start LeaderElection
2019-09-17 13:08:10,285 [Thread-3610] INFO  impl.RoleInfo (RoleInfo.java:updateAndGet(143)) - 8c5522c8-f35d-44ba-91f8-db341543b05d: start LeaderElection
2019-09-17 13:08:10,306 [grpc-default-executor-3] INFO  client.GrpcClientProtocolClient (GrpcClientProtocolClient.java:onNext(264)) - client-819ADCC0D997->1a3d981f-7244-4107-b16e-282149130905: receive RaftClientReply:client-819ADCC0D997->1a3d981f-7244-4107-b16e-282149130905@group-558E41E10F37, cid=213, FAILED org.apache.ratis.protocol.NotLeaderException: Server 1a3d981f-7244-4107-b16e-282149130905@group-558E41E10F37 is not the leader c786c601-e0a1-4ea9-8579-a25f069b88e9:192.168.34.33:34965, logIndex=0, commits[1a3d981f-7244-4107-b16e-282149130905:c-1, b30f90cd-ab04-4ed5-9a9b-61135d4290ae:c-1, c786c601-e0a1-4ea9-8579-a25f069b88e9:c-1]
2019-09-17 13:08:10,309 [76b382c4-29be-4015-813a-8e99538dd1de@group-D229EFCD60F9-SegmentedRaftLogWorker] INFO  segmented.SegmentedRaftLogWorker (SegmentedRaftLogWorker.java:execute(569)) - 76b382c4-29be-4015-813a-8e99538dd1de@group-D229EFCD60F9-SegmentedRaftLogWorker: created new log segment /workdir/hadoop-ozone/integration-test/target/test-dir/MiniOzoneClusterImpl-caf98cc2-320f-4cdb-8f1a-69abe353d978/datanode-6/data/ratis/b4ec864e-2b99-4bc9-9daa-d229efcd60f9/current/log_inprogress_0
2019-09-17 13:08:10,309 [50f49b90-e99d-4336-a11e-085101dab1f3@group-C35AFCB0D769-SegmentedRaftLogWorker] INFO  segmented.SegmentedRaftLogWorker (SegmentedRaftLogWorker.java:execute(569)) - 50f49b90-e99d-4336-a11e-085101dab1f3@group-C35AFCB0D769-SegmentedRaftLogWorker: created new log segment /workdir/hadoop-ozone/integration-test/target/test-dir/MiniOzoneClusterImpl-caf98cc2-320f-4cdb-8f1a-69abe353d978/datanode-5/data/ratis/74262589-91ee-42e5-8131-c35afcb0d769/current/log_inprogress_0
2019-09-17 13:08:10,309 [bafc845d-bbde-4f8f-86b6-115dec71aedb@group-D74A9DB9B75A-SegmentedRaftLogWorker] INFO  segmented.SegmentedRaftLogWorker (SegmentedRaftLogWorker.java:execute(569)) - bafc845d-bbde-4f8f-86b6-115dec71aedb@group-D74A9DB9B75A-SegmentedRaftLogWorker: created new log segment /workdir/hadoop-ozone/integration-test/target/test-dir/MiniOzoneClusterImpl-caf98cc2-320f-4cdb-8f1a-69abe353d978/datanode-4/data/ratis/8609e337-cca5-4c31-9512-d74a9db9b75a/current/log_inprogress_0
2019-09-17 13:08:10,312 [8c5522c8-f35d-44ba-91f8-db341543b05d@group-66CF6D82602C:LeaderElection94] INFO  impl.LeaderElection (LeaderElection.java:askForVotes(182)) - 8c5522c8-f35d-44ba-91f8-db341543b05d@group-66CF6D82602C:LeaderElection94: begin an election at term 1 for -1: [bafc845d-bbde-4f8f-86b6-115dec71aedb:192.168.34.33:42454, 8c5522c8-f35d-44ba-91f8-db341543b05d:192.168.34.33:41999, 50f49b90-e99d-4336-a11e-085101dab1f3:192.168.34.33:40121], old=null
2019-09-17 13:08:10,312 [50f49b90-e99d-4336-a11e-085101dab1f3@group-66CF6D82602C:LeaderElection92] INFO  impl.LeaderElection (LeaderElection.java:askForVotes(182)) - 50f49b90-e99d-4336-a11e-085101dab1f3@group-66CF6D82602C:LeaderElection92: begin an election at term 1 for -1: [bafc845d-bbde-4f8f-86b6-115dec71aedb:192.168.34.33:42454, 8c5522c8-f35d-44ba-91f8-db341543b05d:192.168.34.33:41999, 50f49b90-e99d-4336-a11e-085101dab1f3:192.168.34.33:40121], old=null
2019-09-17 13:08:10,312 [bafc845d-bbde-4f8f-86b6-115dec71aedb@group-66CF6D82602C:LeaderElection93] INFO  impl.LeaderElection (LeaderElection.java:askForVotes(182)) - bafc845d-bbde-4f8f-86b6-115dec71aedb@group-66CF6D82602C:LeaderElection93: begin an election at term 1 for -1: [bafc845d-bbde-4f8f-86b6-115dec71aedb:192.168.34.33:42454, 8c5522c8-f35d-44ba-91f8-db341543b05d:192.168.34.33:41999, 50f49b90-e99d-4336-a11e-085101dab1f3:192.168.34.33:40121], old=null
2019-09-17 13:08:10,319 [8c5522c8-f35d-44ba-91f8-db341543b05d@group-66CF6D82602C:LeaderElection94] INFO  impl.LeaderElection (LeaderElection.java:logAndReturn(56)) - 8c5522c8-f35d-44ba-91f8-db341543b05d@group-66CF6D82602C:LeaderElection94: Election REJECTED; received 2 response(s) [8c5522c8-f35d-44ba-91f8-db341543b05d<-bafc845d-bbde-4f8f-86b6-115dec71aedb#0:FAIL-t1, 8c5522c8-f35d-44ba-91f8-db341543b05d<-50f49b90-e99d-4336-a11e-085101dab1f3#0:FAIL-t1] and 0 exception(s); 8c5522c8-f35d-44ba-91f8-db341543b05d@group-66CF6D82602C:t1, leader=null, voted=8c5522c8-f35d-44ba-91f8-db341543b05d, raftlog=8c5522c8-f35d-44ba-91f8-db341543b05d@group-66CF6D82602C-SegmentedRaftLog:OPENED:c-1,f-1,i0, conf=-1: [bafc845d-bbde-4f8f-86b6-115dec71aedb:192.168.34.33:42454, 8c5522c8-f35d-44ba-91f8-db341543b05d:192.168.34.33:41999, 50f49b90-e99d-4336-a11e-085101dab1f3:192.168.34.33:40121], old=null
2019-09-17 13:08:10,319 [8c5522c8-f35d-44ba-91f8-db341543b05d@group-66CF6D82602C:LeaderElection94] INFO  impl.RaftServerImpl (RaftServerImpl.java:setRole(174)) - 8c5522c8-f35d-44ba-91f8-db341543b05d@group-66CF6D82602C: changes role from CANDIDATE to FOLLOWER at term 1 for DISCOVERED_A_NEW_TERM
2019-09-17 13:08:10,319 [8c5522c8-f35d-44ba-91f8-db341543b05d@group-66CF6D82602C:LeaderElection94] INFO  impl.RoleInfo (RoleInfo.java:shutdownLeaderElection(134)) - 8c5522c8-f35d-44ba-91f8-db341543b05d: shutdown LeaderElection
2019-09-17 13:08:10,320 [8c5522c8-f35d-44ba-91f8-db341543b05d@group-66CF6D82602C:LeaderElection94] INFO  impl.RoleInfo (RoleInfo.java:updateAndGet(143)) - 8c5522c8-f35d-44ba-91f8-db341543b05d: start FollowerState
2019-09-17 13:08:10,320 [50f49b90-e99d-4336-a11e-085101dab1f3@group-66CF6D82602C:LeaderElection92] INFO  impl.LeaderElection (LeaderElection.java:logAndReturn(56)) - 50f49b90-e99d-4336-a11e-085101dab1f3@group-66CF6D82602C:LeaderElection92: Election REJECTED; received 2 response(s) [50f49b90-e99d-4336-a11e-085101dab1f3<-bafc845d-bbde-4f8f-86b6-115dec71aedb#0:FAIL-t1, 50f49b90-e99d-4336-a11e-085101dab1f3<-8c5522c8-f35d-44ba-91f8-db341543b05d#0:FAIL-t1] and 0 exception(s); 50f49b90-e99d-4336-a11e-085101dab1f3@group-66CF6D82602C:t1, leader=null, voted=50f49b90-e99d-4336-a11e-085101dab1f3, raftlog=50f49b90-e99d-4336-a11e-085101dab1f3@group-66CF6D82602C-SegmentedRaftLog:OPENED:c-1,f-1,i0, conf=-1: [bafc845d-bbde-4f8f-86b6-115dec71aedb:192.168.34.33:42454, 8c5522c8-f35d-44ba-91f8-db341543b05d:192.168.34.33:41999, 50f49b90-e99d-4336-a11e-085101dab1f3:192.168.34.33:40121], old=null
2019-09-17 13:08:10,323 [50f49b90-e99d-4336-a11e-085101dab1f3@group-66CF6D82602C:LeaderElection92] INFO  impl.RaftServerImpl (RaftServerImpl.java:setRole(174)) - 50f49b90-e99d-4336-a11e-085101dab1f3@group-66CF6D82602C: changes role from CANDIDATE to FOLLOWER at term 1 for DISCOVERED_A_NEW_TERM
2019-09-17 13:08:10,323 [50f49b90-e99d-4336-a11e-085101dab1f3@group-66CF6D82602C:LeaderElection92] INFO  impl.RoleInfo (RoleInfo.java:shutdownLeaderElection(134)) - 50f49b90-e99d-4336-a11e-085101dab1f3: shutdown LeaderElection
2019-09-17 13:08:10,323 [50f49b90-e99d-4336-a11e-085101dab1f3@group-66CF6D82602C:LeaderElection92] INFO  impl.RoleInfo (RoleInfo.java:updateAndGet(143)) - 50f49b90-e99d-4336-a11e-085101dab1f3: start FollowerState
2019-09-17 13:08:10,323 [bafc845d-bbde-4f8f-86b6-115dec71aedb@group-66CF6D82602C:LeaderElection93] INFO  impl.LeaderElection (LeaderElection.java:logAndReturn(56)) - bafc845d-bbde-4f8f-86b6-115dec71aedb@group-66CF6D82602C:LeaderElection93: Election REJECTED; received 2 response(s) [bafc845d-bbde-4f8f-86b6-115dec71aedb<-8c5522c8-f35d-44ba-91f8-db341543b05d#0:FAIL-t1, bafc845d-bbde-4f8f-86b6-115dec71aedb<-50f49b90-e99d-4336-a11e-085101dab1f3#0:FAIL-t1] and 0 exception(s); bafc845d-bbde-4f8f-86b6-115dec71aedb@group-66CF6D82602C:t1, leader=null, voted=bafc845d-bbde-4f8f-86b6-115dec71aedb, raftlog=bafc845d-bbde-4f8f-86b6-115dec71aedb@group-66CF6D82602C-SegmentedRaftLog:OPENED:c-1,f-1,i0, conf=-1: [bafc845d-bbde-4f8f-86b6-115dec71aedb:192.168.34.33:42454, 8c5522c8-f35d-44ba-91f8-db341543b05d:192.168.34.33:41999, 50f49b90-e99d-4336-a11e-085101dab1f3:192.168.34.33:40121], old=null
2019-09-17 13:08:10,326 [bafc845d-bbde-4f8f-86b6-115dec71aedb@group-66CF6D82602C:LeaderElection93] INFO  impl.RaftServerImpl (RaftServerImpl.java:setRole(174)) - bafc845d-bbde-4f8f-86b6-115dec71aedb@group-66CF6D82602C: changes role from CANDIDATE to FOLLOWER at term 1 for DISCOVERED_A_NEW_TERM
2019-09-17 13:08:10,326 [bafc845d-bbde-4f8f-86b6-115dec71aedb@group-66CF6D82602C:LeaderElection93] INFO  impl.RoleInfo (RoleInfo.java:shutdownLeaderElection(134)) - bafc845d-bbde-4f8f-86b6-115dec71aedb: shutdown LeaderElection
2019-09-17 13:08:10,326 [bafc845d-bbde-4f8f-86b6-115dec71aedb@group-66CF6D82602C:LeaderElection93] INFO  impl.RoleInfo (RoleInfo.java:updateAndGet(143)) - bafc845d-bbde-4f8f-86b6-115dec71aedb: start FollowerState
2019-09-17 13:08:10,464 [grpc-default-executor-11] INFO  client.GrpcClientProtocolClient (GrpcClientProtocolClient.java:onNext(264)) - client-819ADCC0D997->c786c601-e0a1-4ea9-8579-a25f069b88e9: receive RaftClientReply:client-819ADCC0D997->c786c601-e0a1-4ea9-8579-a25f069b88e9@group-558E41E10F37, cid=213, SUCCESS, logIndex=1, commits[c786c601-e0a1-4ea9-8579-a25f069b88e9:c1, b30f90cd-ab04-4ed5-9a9b-61135d4290ae:c0, 1a3d981f-7244-4107-b16e-282149130905:c0]
2019-09-17 13:08:10,490 [grpc-default-executor-3] INFO  client.GrpcClientProtocolClient (GrpcClientProtocolClient.java:onNext(264)) - client-819ADCC0D997->c786c601-e0a1-4ea9-8579-a25f069b88e9: receive RaftClientReply:client-819ADCC0D997->c786c601-e0a1-4ea9-8579-a25f069b88e9@group-558E41E10F37, cid=214, SUCCESS, logIndex=3, commits[c786c601-e0a1-4ea9-8579-a25f069b88e9:c3, b30f90cd-ab04-4ed5-9a9b-61135d4290ae:c1, 1a3d981f-7244-4107-b16e-282149130905:c1]
2019-09-17 13:08:10,553 [grpc-default-executor-3] INFO  client.GrpcClientProtocolClient (GrpcClientProtocolClient.java:onNext(264)) - client-819ADCC0D997->c786c601-e0a1-4ea9-8579-a25f069b88e9: receive RaftClientReply:client-819ADCC0D997->c786c601-e0a1-4ea9-8579-a25f069b88e9@group-558E41E10F37, cid=215, SUCCESS, logIndex=4, commits[c786c601-e0a1-4ea9-8579-a25f069b88e9:c6, b30f90cd-ab04-4ed5-9a9b-61135d4290ae:c3, 1a3d981f-7244-4107-b16e-282149130905:c3]
2019-09-17 13:08:11,555 [main] WARN  scm.XceiverClientRatis (XceiverClientRatis.java:watchForCommit(262)) - 3 way commit failed on pipeline Pipeline[ Id: 863094da-fc8c-4c55-b729-558e41e10f37, Nodes: b30f90cd-ab04-4ed5-9a9b-61135d4290ae{ip: 192.168.34.33, host: pr-hdds-2142-clczg-3805722443, networkLocation: /default-rack, certSerialId: null}1a3d981f-7244-4107-b16e-282149130905{ip: 192.168.34.33, host: pr-hdds-2142-clczg-3805722443, networkLocation: /default-rack, certSerialId: null}c786c601-e0a1-4ea9-8579-a25f069b88e9{ip: 192.168.34.33, host: pr-hdds-2142-clczg-3805722443, networkLocation: /default-rack, certSerialId: null}, Type:RATIS, Factor:THREE, State:OPEN]
java.util.concurrent.TimeoutException
	at java.util.concurrent.CompletableFuture.timedGet(CompletableFuture.java:1771)
	at java.util.concurrent.CompletableFuture.get(CompletableFuture.java:1915)
	at org.apache.hadoop.hdds.scm.XceiverClientRatis.watchForCommit(XceiverClientRatis.java:259)
	at org.apache.hadoop.hdds.scm.storage.CommitWatcher.watchForCommit(CommitWatcher.java:194)
	at org.apache.hadoop.hdds.scm.storage.CommitWatcher.watchOnLastIndex(CommitWatcher.java:157)
	at org.apache.hadoop.hdds.scm.storage.BlockOutputStream.watchForCommit(BlockOutputStream.java:347)
	at org.apache.hadoop.hdds.scm.storage.BlockOutputStream.handleFlush(BlockOutputStream.java:479)
	at org.apache.hadoop.hdds.scm.storage.BlockOutputStream.flush(BlockOutputStream.java:428)
	at org.apache.hadoop.ozone.client.io.BlockOutputStreamEntry.flush(BlockOutputStreamEntry.java:136)
	at org.apache.hadoop.ozone.client.io.KeyOutputStream.handleFlushOrClose(KeyOutputStream.java:442)
	at org.apache.hadoop.ozone.client.io.KeyOutputStream.flush(KeyOutputStream.java:396)
	at org.apache.hadoop.ozone.client.io.OzoneOutputStream.flush(OzoneOutputStream.java:54)
	at org.apache.hadoop.ozone.client.rpc.TestBlockOutputStreamWithFailures.testFailureWithPrimeSizedData(TestBlockOutputStreamWithFailures.java:599)
	at sun.reflect.NativeMethodAccessorImpl.invoke0(Native Method)
	at sun.reflect.NativeMethodAccessorImpl.invoke(NativeMethodAccessorImpl.java:62)
	at sun.reflect.DelegatingMethodAccessorImpl.invoke(DelegatingMethodAccessorImpl.java:43)
	at java.lang.reflect.Method.invoke(Method.java:498)
	at org.junit.runners.model.FrameworkMethod$1.runReflectiveCall(FrameworkMethod.java:47)
	at org.junit.internal.runners.model.ReflectiveCallable.run(ReflectiveCallable.java:12)
	at org.junit.runners.model.FrameworkMethod.invokeExplosively(FrameworkMethod.java:44)
	at org.junit.internal.runners.statements.InvokeMethod.evaluate(InvokeMethod.java:17)
	at org.junit.internal.runners.statements.RunBefores.evaluate(RunBefores.java:26)
	at org.junit.internal.runners.statements.RunAfters.evaluate(RunAfters.java:27)
	at org.junit.runners.ParentRunner.runLeaf(ParentRunner.java:271)
	at org.junit.runners.BlockJUnit4ClassRunner.runChild(BlockJUnit4ClassRunner.java:70)
	at org.junit.runners.BlockJUnit4ClassRunner.runChild(BlockJUnit4ClassRunner.java:50)
	at org.junit.runners.ParentRunner$3.run(ParentRunner.java:238)
	at org.junit.runners.ParentRunner$1.schedule(ParentRunner.java:63)
	at org.junit.runners.ParentRunner.runChildren(ParentRunner.java:236)
	at org.junit.runners.ParentRunner.access$000(ParentRunner.java:53)
	at org.junit.runners.ParentRunner$2.evaluate(ParentRunner.java:229)
	at org.junit.runners.ParentRunner.run(ParentRunner.java:309)
	at org.apache.maven.surefire.junit4.JUnit4Provider.execute(JUnit4Provider.java:365)
	at org.apache.maven.surefire.junit4.JUnit4Provider.executeWithRerun(JUnit4Provider.java:273)
	at org.apache.maven.surefire.junit4.JUnit4Provider.executeTestSet(JUnit4Provider.java:238)
	at org.apache.maven.surefire.junit4.JUnit4Provider.invoke(JUnit4Provider.java:159)
	at org.apache.maven.surefire.booter.ForkedBooter.invokeProviderInSameClassLoader(ForkedBooter.java:384)
	at org.apache.maven.surefire.booter.ForkedBooter.runSuitesInProcess(ForkedBooter.java:345)
	at org.apache.maven.surefire.booter.ForkedBooter.execute(ForkedBooter.java:126)
	at org.apache.maven.surefire.booter.ForkedBooter.main(ForkedBooter.java:418)
2019-09-17 13:08:12,557 [main] WARN  storage.CommitWatcher (CommitWatcher.java:watchForCommit(203)) - watchForCommit failed for index 4
java.util.concurrent.TimeoutException
	at java.util.concurrent.CompletableFuture.timedGet(CompletableFuture.java:1771)
	at java.util.concurrent.CompletableFuture.get(CompletableFuture.java:1915)
	at org.apache.hadoop.hdds.scm.XceiverClientRatis.watchForCommit(XceiverClientRatis.java:268)
	at org.apache.hadoop.hdds.scm.storage.CommitWatcher.watchForCommit(CommitWatcher.java:194)
	at org.apache.hadoop.hdds.scm.storage.CommitWatcher.watchOnLastIndex(CommitWatcher.java:157)
	at org.apache.hadoop.hdds.scm.storage.BlockOutputStream.watchForCommit(BlockOutputStream.java:347)
	at org.apache.hadoop.hdds.scm.storage.BlockOutputStream.handleFlush(BlockOutputStream.java:479)
	at org.apache.hadoop.hdds.scm.storage.BlockOutputStream.flush(BlockOutputStream.java:428)
	at org.apache.hadoop.ozone.client.io.BlockOutputStreamEntry.flush(BlockOutputStreamEntry.java:136)
	at org.apache.hadoop.ozone.client.io.KeyOutputStream.handleFlushOrClose(KeyOutputStream.java:442)
	at org.apache.hadoop.ozone.client.io.KeyOutputStream.flush(KeyOutputStream.java:396)
	at org.apache.hadoop.ozone.client.io.OzoneOutputStream.flush(OzoneOutputStream.java:54)
	at org.apache.hadoop.ozone.client.rpc.TestBlockOutputStreamWithFailures.testFailureWithPrimeSizedData(TestBlockOutputStreamWithFailures.java:599)
	at sun.reflect.NativeMethodAccessorImpl.invoke0(Native Method)
	at sun.reflect.NativeMethodAccessorImpl.invoke(NativeMethodAccessorImpl.java:62)
	at sun.reflect.DelegatingMethodAccessorImpl.invoke(DelegatingMethodAccessorImpl.java:43)
	at java.lang.reflect.Method.invoke(Method.java:498)
	at org.junit.runners.model.FrameworkMethod$1.runReflectiveCall(FrameworkMethod.java:47)
	at org.junit.internal.runners.model.ReflectiveCallable.run(ReflectiveCallable.java:12)
	at org.junit.runners.model.FrameworkMethod.invokeExplosively(FrameworkMethod.java:44)
	at org.junit.internal.runners.statements.InvokeMethod.evaluate(InvokeMethod.java:17)
	at org.junit.internal.runners.statements.RunBefores.evaluate(RunBefores.java:26)
	at org.junit.internal.runners.statements.RunAfters.evaluate(RunAfters.java:27)
	at org.junit.runners.ParentRunner.runLeaf(ParentRunner.java:271)
	at org.junit.runners.BlockJUnit4ClassRunner.runChild(BlockJUnit4ClassRunner.java:70)
	at org.junit.runners.BlockJUnit4ClassRunner.runChild(BlockJUnit4ClassRunner.java:50)
	at org.junit.runners.ParentRunner$3.run(ParentRunner.java:238)
	at org.junit.runners.ParentRunner$1.schedule(ParentRunner.java:63)
	at org.junit.runners.ParentRunner.runChildren(ParentRunner.java:236)
	at org.junit.runners.ParentRunner.access$000(ParentRunner.java:53)
	at org.junit.runners.ParentRunner$2.evaluate(ParentRunner.java:229)
	at org.junit.runners.ParentRunner.run(ParentRunner.java:309)
	at org.apache.maven.surefire.junit4.JUnit4Provider.execute(JUnit4Provider.java:365)
	at org.apache.maven.surefire.junit4.JUnit4Provider.executeWithRerun(JUnit4Provider.java:273)
	at org.apache.maven.surefire.junit4.JUnit4Provider.executeTestSet(JUnit4Provider.java:238)
	at org.apache.maven.surefire.junit4.JUnit4Provider.invoke(JUnit4Provider.java:159)
	at org.apache.maven.surefire.booter.ForkedBooter.invokeProviderInSameClassLoader(ForkedBooter.java:384)
	at org.apache.maven.surefire.booter.ForkedBooter.runSuitesInProcess(ForkedBooter.java:345)
	at org.apache.maven.surefire.booter.ForkedBooter.execute(ForkedBooter.java:126)
	at org.apache.maven.surefire.booter.ForkedBooter.main(ForkedBooter.java:418)
2019-09-17 13:08:12,558 [main] WARN  io.KeyOutputStream (KeyOutputStream.java:handleException(276)) - Encountered exception java.io.IOException: Unexpected Storage Container Exception: java.io.IOException: Unexpected Storage Container Exception: java.util.concurrent.TimeoutException on the pipeline Pipeline[ Id: 863094da-fc8c-4c55-b729-558e41e10f37, Nodes: b30f90cd-ab04-4ed5-9a9b-61135d4290ae{ip: 192.168.34.33, host: pr-hdds-2142-clczg-3805722443, networkLocation: /default-rack, certSerialId: null}1a3d981f-7244-4107-b16e-282149130905{ip: 192.168.34.33, host: pr-hdds-2142-clczg-3805722443, networkLocation: /default-rack, certSerialId: null}c786c601-e0a1-4ea9-8579-a25f069b88e9{ip: 192.168.34.33, host: pr-hdds-2142-clczg-3805722443, networkLocation: /default-rack, certSerialId: null}, Type:RATIS, Factor:THREE, State:OPEN]. The last committed block length is 0, uncommitted data length is 167 retry count 0
2019-09-17 13:08:12,590 [grpc-default-executor-3] INFO  client.GrpcClientProtocolClient (GrpcClientProtocolClient.java:onNext(264)) - client-55F032E58759->bafc845d-bbde-4f8f-86b6-115dec71aedb: receive RaftClientReply:client-55F032E58759->bafc845d-bbde-4f8f-86b6-115dec71aedb@group-66CF6D82602C, cid=218, FAILED org.apache.ratis.protocol.NotLeaderException: Server bafc845d-bbde-4f8f-86b6-115dec71aedb@group-66CF6D82602C is not the leader, logIndex=0, commits[bafc845d-bbde-4f8f-86b6-115dec71aedb:c-1]
2019-09-17 13:08:13,018 [grpc-default-executor-10] INFO  client.GrpcClientProtocolClient (GrpcClientProtocolClient.java:onNext(264)) - client-819ADCC0D997->c786c601-e0a1-4ea9-8579-a25f069b88e9: receive RaftClientReply:client-819ADCC0D997->c786c601-e0a1-4ea9-8579-a25f069b88e9@group-558E41E10F37, cid=217, SUCCESS, logIndex=0, commits[c786c601-e0a1-4ea9-8579-a25f069b88e9:c6, b30f90cd-ab04-4ed5-9a9b-61135d4290ae:c3, 1a3d981f-7244-4107-b16e-282149130905:c6]
2019-09-17 13:08:13,020 [grpc-default-executor-10] INFO  client.GrpcClientProtocolClient (GrpcClientProtocolClient.java:onNext(264)) - client-819ADCC0D997->c786c601-e0a1-4ea9-8579-a25f069b88e9: receive RaftClientReply:client-819ADCC0D997->c786c601-e0a1-4ea9-8579-a25f069b88e9@group-558E41E10F37, cid=216, SUCCESS, logIndex=0, commits[c786c601-e0a1-4ea9-8579-a25f069b88e9:c6, b30f90cd-ab04-4ed5-9a9b-61135d4290ae:c6, 1a3d981f-7244-4107-b16e-282149130905:c6]
2019-09-17 13:08:13,613 [grpc-default-executor-10] INFO  client.GrpcClientProtocolClient (GrpcClientProtocolClient.java:onNext(264)) - client-55F032E58759->50f49b90-e99d-4336-a11e-085101dab1f3: receive RaftClientReply:client-55F032E58759->50f49b90-e99d-4336-a11e-085101dab1f3@group-66CF6D82602C, cid=218, FAILED org.apache.ratis.protocol.NotLeaderException: Server 50f49b90-e99d-4336-a11e-085101dab1f3@group-66CF6D82602C is not the leader, logIndex=0, commits[50f49b90-e99d-4336-a11e-085101dab1f3:c-1]
2019-09-17 13:08:14,630 [grpc-default-executor-10] INFO  client.GrpcClientProtocolClient (GrpcClientProtocolClient.java:onNext(264)) - client-55F032E58759->bafc845d-bbde-4f8f-86b6-115dec71aedb: receive RaftClientReply:client-55F032E58759->bafc845d-bbde-4f8f-86b6-115dec71aedb@group-66CF6D82602C, cid=218, FAILED org.apache.ratis.protocol.NotLeaderException: Server bafc845d-bbde-4f8f-86b6-115dec71aedb@group-66CF6D82602C is not the leader, logIndex=0, commits[bafc845d-bbde-4f8f-86b6-115dec71aedb:c-1]
2019-09-17 13:08:15,390 [Thread-3671] INFO  impl.FollowerState (FollowerState.java:run(106)) - 8c5522c8-f35d-44ba-91f8-db341543b05d:group-66CF6D82602C changes to CANDIDATE, lastRpcTime:5069, electionTimeout:5067ms
2019-09-17 13:08:15,390 [Thread-3671] INFO  impl.RoleInfo (RoleInfo.java:shutdownFollowerState(121)) - 8c5522c8-f35d-44ba-91f8-db341543b05d: shutdown FollowerState
2019-09-17 13:08:15,390 [Thread-3671] INFO  impl.RaftServerImpl (RaftServerImpl.java:setRole(174)) - 8c5522c8-f35d-44ba-91f8-db341543b05d@group-66CF6D82602C: changes role from  FOLLOWER to CANDIDATE at term 1 for changeToCandidate
2019-09-17 13:08:15,391 [Thread-3671] INFO  impl.RoleInfo (RoleInfo.java:updateAndGet(143)) - 8c5522c8-f35d-44ba-91f8-db341543b05d: start LeaderElection
2019-09-17 13:08:15,395 [Thread-3672] INFO  impl.FollowerState (FollowerState.java:run(106)) - 50f49b90-e99d-4336-a11e-085101dab1f3:group-66CF6D82602C changes to CANDIDATE, lastRpcTime:5072, electionTimeout:5068ms
2019-09-17 13:08:15,396 [Thread-3672] INFO  impl.RoleInfo (RoleInfo.java:shutdownFollowerState(121)) - 50f49b90-e99d-4336-a11e-085101dab1f3: shutdown FollowerState
2019-09-17 13:08:15,396 [Thread-3672] INFO  impl.RaftServerImpl (RaftServerImpl.java:setRole(174)) - 50f49b90-e99d-4336-a11e-085101dab1f3@group-66CF6D82602C: changes role from  FOLLOWER to CANDIDATE at term 1 for changeToCandidate
2019-09-17 13:08:15,396 [Thread-3672] INFO  impl.RoleInfo (RoleInfo.java:updateAndGet(143)) - 50f49b90-e99d-4336-a11e-085101dab1f3: start LeaderElection
2019-09-17 13:08:15,424 [8c5522c8-f35d-44ba-91f8-db341543b05d@group-66CF6D82602C:LeaderElection95] INFO  impl.LeaderElection (LeaderElection.java:askForVotes(182)) - 8c5522c8-f35d-44ba-91f8-db341543b05d@group-66CF6D82602C:LeaderElection95: begin an election at term 2 for -1: [bafc845d-bbde-4f8f-86b6-115dec71aedb:192.168.34.33:42454, 8c5522c8-f35d-44ba-91f8-db341543b05d:192.168.34.33:41999, 50f49b90-e99d-4336-a11e-085101dab1f3:192.168.34.33:40121], old=null
2019-09-17 13:08:15,424 [50f49b90-e99d-4336-a11e-085101dab1f3@group-66CF6D82602C:LeaderElection96] INFO  impl.LeaderElection (LeaderElection.java:askForVotes(182)) - 50f49b90-e99d-4336-a11e-085101dab1f3@group-66CF6D82602C:LeaderElection96: begin an election at term 2 for -1: [bafc845d-bbde-4f8f-86b6-115dec71aedb:192.168.34.33:42454, 8c5522c8-f35d-44ba-91f8-db341543b05d:192.168.34.33:41999, 50f49b90-e99d-4336-a11e-085101dab1f3:192.168.34.33:40121], old=null
2019-09-17 13:08:15,427 [grpc-default-executor-3] INFO  impl.RaftServerImpl (RaftServerImpl.java:setRole(174)) - bafc845d-bbde-4f8f-86b6-115dec71aedb@group-66CF6D82602C: changes role from  FOLLOWER to FOLLOWER at term 2 for recognizeCandidate:50f49b90-e99d-4336-a11e-085101dab1f3
2019-09-17 13:08:15,428 [grpc-default-executor-3] INFO  impl.RoleInfo (RoleInfo.java:shutdownFollowerState(121)) - bafc845d-bbde-4f8f-86b6-115dec71aedb: shutdown FollowerState
2019-09-17 13:08:15,428 [grpc-default-executor-3] INFO  impl.RoleInfo (RoleInfo.java:updateAndGet(143)) - bafc845d-bbde-4f8f-86b6-115dec71aedb: start FollowerState
2019-09-17 13:08:15,428 [Thread-3673] INFO  impl.FollowerState (FollowerState.java:run(115)) - bafc845d-bbde-4f8f-86b6-115dec71aedb: FollowerState was interrupted: java.lang.InterruptedException: sleep interrupted
2019-09-17 13:08:15,451 [8c5522c8-f35d-44ba-91f8-db341543b05d@group-66CF6D82602C:LeaderElection95] INFO  impl.LeaderElection (LeaderElection.java:logAndReturn(56)) - 8c5522c8-f35d-44ba-91f8-db341543b05d@group-66CF6D82602C:LeaderElection95: Election REJECTED; received 2 response(s) [8c5522c8-f35d-44ba-91f8-db341543b05d<-bafc845d-bbde-4f8f-86b6-115dec71aedb#0:FAIL-t2, 8c5522c8-f35d-44ba-91f8-db341543b05d<-50f49b90-e99d-4336-a11e-085101dab1f3#0:FAIL-t2] and 0 exception(s); 8c5522c8-f35d-44ba-91f8-db341543b05d@group-66CF6D82602C:t2, leader=null, voted=8c5522c8-f35d-44ba-91f8-db341543b05d, raftlog=8c5522c8-f35d-44ba-91f8-db341543b05d@group-66CF6D82602C-SegmentedRaftLog:OPENED:c-1,f-1,i0, conf=-1: [bafc845d-bbde-4f8f-86b6-115dec71aedb:192.168.34.33:42454, 8c5522c8-f35d-44ba-91f8-db341543b05d:192.168.34.33:41999, 50f49b90-e99d-4336-a11e-085101dab1f3:192.168.34.33:40121], old=null
2019-09-17 13:08:15,451 [50f49b90-e99d-4336-a11e-085101dab1f3@group-66CF6D82602C:LeaderElection96] INFO  impl.LeaderElection (LeaderElection.java:logAndReturn(56)) - 50f49b90-e99d-4336-a11e-085101dab1f3@group-66CF6D82602C:LeaderElection96: Election PASSED; received 2 response(s) [50f49b90-e99d-4336-a11e-085101dab1f3<-bafc845d-bbde-4f8f-86b6-115dec71aedb#0:OK-t2, 50f49b90-e99d-4336-a11e-085101dab1f3<-8c5522c8-f35d-44ba-91f8-db341543b05d#0:FAIL-t2] and 0 exception(s); 50f49b90-e99d-4336-a11e-085101dab1f3@group-66CF6D82602C:t2, leader=null, voted=50f49b90-e99d-4336-a11e-085101dab1f3, raftlog=50f49b90-e99d-4336-a11e-085101dab1f3@group-66CF6D82602C-SegmentedRaftLog:OPENED:c-1,f-1,i0, conf=-1: [bafc845d-bbde-4f8f-86b6-115dec71aedb:192.168.34.33:42454, 8c5522c8-f35d-44ba-91f8-db341543b05d:192.168.34.33:41999, 50f49b90-e99d-4336-a11e-085101dab1f3:192.168.34.33:40121], old=null
2019-09-17 13:08:15,452 [8c5522c8-f35d-44ba-91f8-db341543b05d@group-66CF6D82602C:LeaderElection95] INFO  impl.RaftServerImpl (RaftServerImpl.java:setRole(174)) - 8c5522c8-f35d-44ba-91f8-db341543b05d@group-66CF6D82602C: changes role from CANDIDATE to FOLLOWER at term 2 for DISCOVERED_A_NEW_TERM
2019-09-17 13:08:15,453 [8c5522c8-f35d-44ba-91f8-db341543b05d@group-66CF6D82602C:LeaderElection95] INFO  impl.RoleInfo (RoleInfo.java:shutdownLeaderElection(134)) - 8c5522c8-f35d-44ba-91f8-db341543b05d: shutdown LeaderElection
2019-09-17 13:08:15,453 [50f49b90-e99d-4336-a11e-085101dab1f3@group-66CF6D82602C:LeaderElection96] INFO  impl.RoleInfo (RoleInfo.java:shutdownLeaderElection(134)) - 50f49b90-e99d-4336-a11e-085101dab1f3: shutdown LeaderElection
2019-09-17 13:08:15,455 [8c5522c8-f35d-44ba-91f8-db341543b05d@group-66CF6D82602C:LeaderElection95] INFO  impl.RoleInfo (RoleInfo.java:updateAndGet(143)) - 8c5522c8-f35d-44ba-91f8-db341543b05d: start FollowerState
2019-09-17 13:08:15,455 [50f49b90-e99d-4336-a11e-085101dab1f3@group-66CF6D82602C:LeaderElection96] INFO  impl.RaftServerImpl (RaftServerImpl.java:setRole(174)) - 50f49b90-e99d-4336-a11e-085101dab1f3@group-66CF6D82602C: changes role from CANDIDATE to LEADER at term 2 for changeToLeader
2019-09-17 13:08:15,455 [50f49b90-e99d-4336-a11e-085101dab1f3@group-66CF6D82602C:LeaderElection96] INFO  impl.RaftServerImpl (ServerState.java:setLeader(253)) - 50f49b90-e99d-4336-a11e-085101dab1f3@group-66CF6D82602C: change Leader from null to 50f49b90-e99d-4336-a11e-085101dab1f3 at term 2 for becomeLeader, leader elected after 10289ms
2019-09-17 13:08:15,456 [50f49b90-e99d-4336-a11e-085101dab1f3@group-66CF6D82602C:LeaderElection96] INFO  server.RaftServerConfigKeys (ConfUtils.java:logGet(43)) - raft.server.staging.catchup.gap = 1000 (default)
2019-09-17 13:08:15,456 [50f49b90-e99d-4336-a11e-085101dab1f3@group-66CF6D82602C:LeaderElection96] INFO  server.RaftServerConfigKeys (ConfUtils.java:logGet(43)) - raft.server.rpc.sleep.time = 25ms (default)
2019-09-17 13:08:15,456 [50f49b90-e99d-4336-a11e-085101dab1f3@group-66CF6D82602C:LeaderElection96] INFO  server.RaftServerConfigKeys (ConfUtils.java:logGet(43)) - raft.server.write.element-limit = 4096 (default)
2019-09-17 13:08:15,456 [50f49b90-e99d-4336-a11e-085101dab1f3@group-66CF6D82602C:LeaderElection96] INFO  server.RaftServerConfigKeys (ConfUtils.java:logGet(43)) - raft.server.watch.timeout = 10s (default)
2019-09-17 13:08:15,457 [50f49b90-e99d-4336-a11e-085101dab1f3@group-66CF6D82602C:LeaderElection96] INFO  server.RaftServerConfigKeys (ConfUtils.java:logGet(43)) - raft.server.watch.timeout.denomination = 1s (default)
2019-09-17 13:08:15,457 [50f49b90-e99d-4336-a11e-085101dab1f3@group-66CF6D82602C:LeaderElection96] INFO  server.RaftServerConfigKeys (ConfUtils.java:logGet(43)) - raft.server.watch.element-limit = 65536 (default)
2019-09-17 13:08:15,460 [50f49b90-e99d-4336-a11e-085101dab1f3@group-66CF6D82602C:LeaderElection96] INFO  server.RaftServerConfigKeys (ConfUtils.java:logGet(43)) - raft.server.log.appender.snapshot.chunk.size.max = 16MB (=16777216) (default)
2019-09-17 13:08:15,460 [50f49b90-e99d-4336-a11e-085101dab1f3@group-66CF6D82602C:LeaderElection96] INFO  server.RaftServerConfigKeys (ConfUtils.java:logGet(43)) - raft.server.log.appender.buffer.byte-limit = 33554432 (custom)
2019-09-17 13:08:15,461 [50f49b90-e99d-4336-a11e-085101dab1f3@group-66CF6D82602C:LeaderElection96] INFO  server.RaftServerConfigKeys (ConfUtils.java:logGet(43)) - raft.server.log.appender.buffer.element-limit = 1 (custom)
2019-09-17 13:08:15,461 [50f49b90-e99d-4336-a11e-085101dab1f3@group-66CF6D82602C:LeaderElection96] INFO  grpc.GrpcConfigKeys$Server (ConfUtils.java:logGet(43)) - raft.grpc.server.leader.outstanding.appends.max = 128 (default)
2019-09-17 13:08:15,461 [50f49b90-e99d-4336-a11e-085101dab1f3@group-66CF6D82602C:LeaderElection96] INFO  server.RaftServerConfigKeys (ConfUtils.java:logGet(43)) - raft.server.rpc.request.timeout = 3000ms (default)
2019-09-17 13:08:15,461 [50f49b90-e99d-4336-a11e-085101dab1f3@group-66CF6D82602C:LeaderElection96] INFO  server.RaftServerConfigKeys (ConfUtils.java:logGet(43)) - raft.server.log.appender.install.snapshot.enabled = false (custom)
2019-09-17 13:08:15,462 [50f49b90-e99d-4336-a11e-085101dab1f3@group-66CF6D82602C:LeaderElection96] INFO  server.RaftServerConfigKeys (ConfUtils.java:logGet(43)) - raft.server.log.appender.snapshot.chunk.size.max = 16MB (=16777216) (default)
2019-09-17 13:08:15,462 [50f49b90-e99d-4336-a11e-085101dab1f3@group-66CF6D82602C:LeaderElection96] INFO  server.RaftServerConfigKeys (ConfUtils.java:logGet(43)) - raft.server.log.appender.buffer.byte-limit = 33554432 (custom)
2019-09-17 13:08:15,462 [50f49b90-e99d-4336-a11e-085101dab1f3@group-66CF6D82602C:LeaderElection96] INFO  server.RaftServerConfigKeys (ConfUtils.java:logGet(43)) - raft.server.log.appender.buffer.element-limit = 1 (custom)
2019-09-17 13:08:15,462 [50f49b90-e99d-4336-a11e-085101dab1f3@group-66CF6D82602C:LeaderElection96] INFO  grpc.GrpcConfigKeys$Server (ConfUtils.java:logGet(43)) - raft.grpc.server.leader.outstanding.appends.max = 128 (default)
2019-09-17 13:08:15,463 [50f49b90-e99d-4336-a11e-085101dab1f3@group-66CF6D82602C:LeaderElection96] INFO  server.RaftServerConfigKeys (ConfUtils.java:logGet(43)) - raft.server.rpc.request.timeout = 3000ms (default)
2019-09-17 13:08:15,463 [50f49b90-e99d-4336-a11e-085101dab1f3@group-66CF6D82602C:LeaderElection96] INFO  server.RaftServerConfigKeys (ConfUtils.java:logGet(43)) - raft.server.log.appender.install.snapshot.enabled = false (custom)
2019-09-17 13:08:15,463 [50f49b90-e99d-4336-a11e-085101dab1f3@group-66CF6D82602C:LeaderElection96] INFO  impl.RoleInfo (RoleInfo.java:updateAndGet(143)) - 50f49b90-e99d-4336-a11e-085101dab1f3: start LeaderState
2019-09-17 13:08:15,463 [50f49b90-e99d-4336-a11e-085101dab1f3@group-66CF6D82602C:LeaderElection96] INFO  segmented.SegmentedRaftLogWorker (SegmentedRaftLogWorker.java:startLogSegment(380)) - 50f49b90-e99d-4336-a11e-085101dab1f3@group-66CF6D82602C-SegmentedRaftLogWorker: Starting segment from index:0
2019-09-17 13:08:15,464 [50f49b90-e99d-4336-a11e-085101dab1f3@group-66CF6D82602C:LeaderElection96] INFO  impl.RaftServerImpl (ServerState.java:setRaftConf(354)) - 50f49b90-e99d-4336-a11e-085101dab1f3@group-66CF6D82602C: set configuration 0: [bafc845d-bbde-4f8f-86b6-115dec71aedb:192.168.34.33:42454, 8c5522c8-f35d-44ba-91f8-db341543b05d:192.168.34.33:41999, 50f49b90-e99d-4336-a11e-085101dab1f3:192.168.34.33:40121], old=null at 0
2019-09-17 13:08:15,467 [grpc-default-executor-3] INFO  impl.RaftServerImpl (ServerState.java:setLeader(253)) - bafc845d-bbde-4f8f-86b6-115dec71aedb@group-66CF6D82602C: change Leader from null to 50f49b90-e99d-4336-a11e-085101dab1f3 at term 2 for appendEntries, leader elected after 10304ms
2019-09-17 13:08:15,467 [grpc-default-executor-10] INFO  impl.RaftServerImpl (ServerState.java:setLeader(253)) - 8c5522c8-f35d-44ba-91f8-db341543b05d@group-66CF6D82602C: change Leader from null to 50f49b90-e99d-4336-a11e-085101dab1f3 at term 2 for appendEntries, leader elected after 10304ms
2019-09-17 13:08:15,470 [grpc-default-executor-3] INFO  impl.RaftServerImpl (ServerState.java:setRaftConf(354)) - 8c5522c8-f35d-44ba-91f8-db341543b05d@group-66CF6D82602C: set configuration 0: [bafc845d-bbde-4f8f-86b6-115dec71aedb:192.168.34.33:42454, 8c5522c8-f35d-44ba-91f8-db341543b05d:192.168.34.33:41999, 50f49b90-e99d-4336-a11e-085101dab1f3:192.168.34.33:40121], old=null at 0
2019-09-17 13:08:15,470 [grpc-default-executor-10] INFO  impl.RaftServerImpl (ServerState.java:setRaftConf(354)) - bafc845d-bbde-4f8f-86b6-115dec71aedb@group-66CF6D82602C: set configuration 0: [bafc845d-bbde-4f8f-86b6-115dec71aedb:192.168.34.33:42454, 8c5522c8-f35d-44ba-91f8-db341543b05d:192.168.34.33:41999, 50f49b90-e99d-4336-a11e-085101dab1f3:192.168.34.33:40121], old=null at 0
2019-09-17 13:08:15,470 [grpc-default-executor-3] INFO  segmented.SegmentedRaftLogWorker (SegmentedRaftLogWorker.java:startLogSegment(380)) - 8c5522c8-f35d-44ba-91f8-db341543b05d@group-66CF6D82602C-SegmentedRaftLogWorker: Starting segment from index:0
2019-09-17 13:08:15,470 [grpc-default-executor-10] INFO  segmented.SegmentedRaftLogWorker (SegmentedRaftLogWorker.java:startLogSegment(380)) - bafc845d-bbde-4f8f-86b6-115dec71aedb@group-66CF6D82602C-SegmentedRaftLogWorker: Starting segment from index:0
2019-09-17 13:08:15,514 [bafc845d-bbde-4f8f-86b6-115dec71aedb@group-66CF6D82602C-SegmentedRaftLogWorker] INFO  segmented.SegmentedRaftLogWorker (SegmentedRaftLogWorker.java:execute(569)) - bafc845d-bbde-4f8f-86b6-115dec71aedb@group-66CF6D82602C-SegmentedRaftLogWorker: created new log segment /workdir/hadoop-ozone/integration-test/target/test-dir/MiniOzoneClusterImpl-caf98cc2-320f-4cdb-8f1a-69abe353d978/datanode-4/data/ratis/57709775-457f-4b27-971d-66cf6d82602c/current/log_inprogress_0
2019-09-17 13:08:15,514 [8c5522c8-f35d-44ba-91f8-db341543b05d@group-66CF6D82602C-SegmentedRaftLogWorker] INFO  segmented.SegmentedRaftLogWorker (SegmentedRaftLogWorker.java:execute(569)) - 8c5522c8-f35d-44ba-91f8-db341543b05d@group-66CF6D82602C-SegmentedRaftLogWorker: created new log segment /workdir/hadoop-ozone/integration-test/target/test-dir/MiniOzoneClusterImpl-caf98cc2-320f-4cdb-8f1a-69abe353d978/datanode-3/data/ratis/57709775-457f-4b27-971d-66cf6d82602c/current/log_inprogress_0
2019-09-17 13:08:15,514 [50f49b90-e99d-4336-a11e-085101dab1f3@group-66CF6D82602C-SegmentedRaftLogWorker] INFO  segmented.SegmentedRaftLogWorker (SegmentedRaftLogWorker.java:execute(569)) - 50f49b90-e99d-4336-a11e-085101dab1f3@group-66CF6D82602C-SegmentedRaftLogWorker: created new log segment /workdir/hadoop-ozone/integration-test/target/test-dir/MiniOzoneClusterImpl-caf98cc2-320f-4cdb-8f1a-69abe353d978/datanode-5/data/ratis/57709775-457f-4b27-971d-66cf6d82602c/current/log_inprogress_0
2019-09-17 13:08:15,638 [grpc-default-executor-10] INFO  client.GrpcClientProtocolClient (GrpcClientProtocolClient.java:onNext(264)) - client-55F032E58759->8c5522c8-f35d-44ba-91f8-db341543b05d: receive RaftClientReply:client-55F032E58759->8c5522c8-f35d-44ba-91f8-db341543b05d@group-66CF6D82602C, cid=218, FAILED org.apache.ratis.protocol.NotLeaderException: Server 8c5522c8-f35d-44ba-91f8-db341543b05d@group-66CF6D82602C is not the leader 50f49b90-e99d-4336-a11e-085101dab1f3:192.168.34.33:40121, logIndex=0, commits[8c5522c8-f35d-44ba-91f8-db341543b05d:c-1, bafc845d-bbde-4f8f-86b6-115dec71aedb:c-1, 50f49b90-e99d-4336-a11e-085101dab1f3:c-1]
2019-09-17 13:08:15,782 [grpc-default-executor-10] INFO  client.GrpcClientProtocolClient (GrpcClientProtocolClient.java:onNext(264)) - client-55F032E58759->50f49b90-e99d-4336-a11e-085101dab1f3: receive RaftClientReply:client-55F032E58759->50f49b90-e99d-4336-a11e-085101dab1f3@group-66CF6D82602C, cid=218, SUCCESS, logIndex=1, commits[50f49b90-e99d-4336-a11e-085101dab1f3:c1, bafc845d-bbde-4f8f-86b6-115dec71aedb:c0, 8c5522c8-f35d-44ba-91f8-db341543b05d:c-1]
2019-09-17 13:08:15,793 [grpc-default-executor-10] INFO  client.GrpcClientProtocolClient (GrpcClientProtocolClient.java:onNext(264)) - client-55F032E58759->50f49b90-e99d-4336-a11e-085101dab1f3: receive RaftClientReply:client-55F032E58759->50f49b90-e99d-4336-a11e-085101dab1f3@group-66CF6D82602C, cid=219, SUCCESS, logIndex=3, commits[50f49b90-e99d-4336-a11e-085101dab1f3:c4, bafc845d-bbde-4f8f-86b6-115dec71aedb:c1, 8c5522c8-f35d-44ba-91f8-db341543b05d:c1]
2019-09-17 13:08:15,850 [grpc-default-executor-10] INFO  client.GrpcClientProtocolClient (GrpcClientProtocolClient.java:onNext(264)) - client-55F032E58759->50f49b90-e99d-4336-a11e-085101dab1f3: receive RaftClientReply:client-55F032E58759->50f49b90-e99d-4336-a11e-085101dab1f3@group-66CF6D82602C, cid=220, SUCCESS, logIndex=4, commits[50f49b90-e99d-4336-a11e-085101dab1f3:c6, bafc845d-bbde-4f8f-86b6-115dec71aedb:c4, 8c5522c8-f35d-44ba-91f8-db341543b05d:c4]
2019-09-17 13:08:15,851 [main] INFO  ozone.MiniOzoneClusterImpl (MiniOzoneClusterImpl.java:shutdown(312)) - Shutting down the Mini Ozone Cluster
2019-09-17 13:08:15,854 [main] INFO  ozone.MiniOzoneClusterImpl (MiniOzoneClusterImpl.java:stop(327)) - Stopping the Mini Ozone Cluster
2019-09-17 13:08:15,854 [main] INFO  ozone.MiniOzoneClusterImpl (MiniOzoneClusterImpl.java:stop(329)) - Stopping the OzoneManager
2019-09-17 13:08:15,854 [main] INFO  ipc.Server (Server.java:stop(3082)) - Stopping server on 46162
2019-09-17 13:08:15,865 [IPC Server listener on 46162] INFO  ipc.Server (Server.java:run(1185)) - Stopping IPC Server listener on 46162
2019-09-17 13:08:15,868 [IPC Server Responder] INFO  ipc.Server (Server.java:run(1319)) - Stopping IPC Server Responder
2019-09-17 13:08:15,871 [main] INFO  ratis.OzoneManagerDoubleBuffer (OzoneManagerDoubleBuffer.java:stop(248)) - Stopping OMDoubleBuffer flush thread
2019-09-17 13:08:15,876 [OMDoubleBufferFlushThread] INFO  ratis.OzoneManagerDoubleBuffer (OzoneManagerDoubleBuffer.java:flushTransactions(191)) - OMDoubleBuffer flush thread OMDoubleBufferFlushThread is interrupted and will exit. OMDoubleBufferFlushThread
2019-09-17 13:08:15,878 [main] INFO  utils.BackgroundService (BackgroundService.java:shutdown(148)) - Shutting down service KeyDeletingService
2019-09-17 13:08:15,886 [main] INFO  handler.ContextHandler (ContextHandler.java:doStop(910)) - Stopped o.e.j.w.WebAppContext@1192c925{/,null,UNAVAILABLE}{/ozoneManager}
2019-09-17 13:08:15,887 [main] INFO  server.AbstractConnector (AbstractConnector.java:doStop(318)) - Stopped ServerConnector@615b5480{HTTP/1.1,[http/1.1]}{0.0.0.0:0}
2019-09-17 13:08:15,888 [main] INFO  handler.ContextHandler (ContextHandler.java:doStop(910)) - Stopped o.e.j.s.ServletContextHandler@68c34db2{/static,file:///workdir/hadoop-ozone/integration-test/target/test-classes/webapps/static,UNAVAILABLE}
2019-09-17 13:08:15,888 [main] INFO  handler.ContextHandler (ContextHandler.java:doStop(910)) - Stopped o.e.j.s.ServletContextHandler@6b25ef1c{/logs,file:///workdir/hadoop-ozone/integration-test/target/log,UNAVAILABLE}
2019-09-17 13:08:15,891 [main] INFO  ozone.MiniOzoneClusterImpl (MiniOzoneClusterImpl.java:stop(335)) - Shutting the HddsDatanodes
2019-09-17 13:08:16,443 [Datanode State Machine Thread - 0] INFO  statemachine.DatanodeStateMachine (DatanodeStateMachine.java:lambda$startDaemon$0(350)) - Ozone container server started.
2019-09-17 13:08:16,762 [Datanode State Machine Thread - 0] INFO  statemachine.DatanodeStateMachine (DatanodeStateMachine.java:lambda$startDaemon$0(350)) - Ozone container server started.
2019-09-17 13:08:20,499 [EventQueue-StaleNodeForStaleNodeHandler] INFO  node.StaleNodeHandler (StaleNodeHandler.java:onMessage(58)) - Datanode 1a3d981f-7244-4107-b16e-282149130905{ip: 192.168.34.33, host: pr-hdds-2142-clczg-3805722443, networkLocation: /default-rack, certSerialId: null} moved to stale state. Finalizing its pipelines [PipelineID=0f8ac12e-7aae-4c40-8cb1-b884d77a8744, PipelineID=863094da-fc8c-4c55-b729-558e41e10f37]
2019-09-17 13:08:20,501 [EventQueue-StaleNodeForStaleNodeHandler] INFO  pipeline.SCMPipelineManager (SCMPipelineManager.java:finalizeAndDestroyPipeline(311)) - destroying pipeline:Pipeline[ Id: 0f8ac12e-7aae-4c40-8cb1-b884d77a8744, Nodes: 1a3d981f-7244-4107-b16e-282149130905{ip: 192.168.34.33, host: pr-hdds-2142-clczg-3805722443, networkLocation: /default-rack, certSerialId: null}, Type:RATIS, Factor:ONE, State:OPEN]
2019-09-17 13:08:20,502 [EventQueue-StaleNodeForStaleNodeHandler] INFO  pipeline.PipelineStateManager (PipelineStateManager.java:finalizePipeline(123)) - Pipeline Pipeline[ Id: 0f8ac12e-7aae-4c40-8cb1-b884d77a8744, Nodes: 1a3d981f-7244-4107-b16e-282149130905{ip: 192.168.34.33, host: pr-hdds-2142-clczg-3805722443, networkLocation: /default-rack, certSerialId: null}, Type:RATIS, Factor:ONE, State:CLOSED] moved to CLOSED state
2019-09-17 13:08:20,503 [EventQueue-StaleNodeForStaleNodeHandler] INFO  pipeline.SCMPipelineManager (SCMPipelineManager.java:finalizeAndDestroyPipeline(311)) - destroying pipeline:Pipeline[ Id: 863094da-fc8c-4c55-b729-558e41e10f37, Nodes: b30f90cd-ab04-4ed5-9a9b-61135d4290ae{ip: 192.168.34.33, host: pr-hdds-2142-clczg-3805722443, networkLocation: /default-rack, certSerialId: null}1a3d981f-7244-4107-b16e-282149130905{ip: 192.168.34.33, host: pr-hdds-2142-clczg-3805722443, networkLocation: /default-rack, certSerialId: null}c786c601-e0a1-4ea9-8579-a25f069b88e9{ip: 192.168.34.33, host: pr-hdds-2142-clczg-3805722443, networkLocation: /default-rack, certSerialId: null}, Type:RATIS, Factor:THREE, State:OPEN]
2019-09-17 13:08:20,503 [EventQueue-StaleNodeForStaleNodeHandler] INFO  pipeline.PipelineStateManager (PipelineStateManager.java:finalizePipeline(123)) - Pipeline Pipeline[ Id: 863094da-fc8c-4c55-b729-558e41e10f37, Nodes: b30f90cd-ab04-4ed5-9a9b-61135d4290ae{ip: 192.168.34.33, host: pr-hdds-2142-clczg-3805722443, networkLocation: /default-rack, certSerialId: null}1a3d981f-7244-4107-b16e-282149130905{ip: 192.168.34.33, host: pr-hdds-2142-clczg-3805722443, networkLocation: /default-rack, certSerialId: null}c786c601-e0a1-4ea9-8579-a25f069b88e9{ip: 192.168.34.33, host: pr-hdds-2142-clczg-3805722443, networkLocation: /default-rack, certSerialId: null}, Type:RATIS, Factor:THREE, State:CLOSED] moved to CLOSED state
2019-09-17 13:08:20,504 [EventQueue-CloseContainerForCloseContainerEventHandler] INFO  container.CloseContainerEventHandler (CloseContainerEventHandler.java:onMessage(61)) - Close container Event triggered for container : #1
2019-09-17 13:08:20,799 [EventQueue-StaleNodeForStaleNodeHandler] INFO  node.StaleNodeHandler (StaleNodeHandler.java:onMessage(58)) - Datanode bafc845d-bbde-4f8f-86b6-115dec71aedb{ip: 192.168.34.33, host: pr-hdds-2142-clczg-3805722443, networkLocation: /default-rack, certSerialId: null} moved to stale state. Finalizing its pipelines [PipelineID=8609e337-cca5-4c31-9512-d74a9db9b75a, PipelineID=57709775-457f-4b27-971d-66cf6d82602c]
2019-09-17 13:08:20,802 [EventQueue-StaleNodeForStaleNodeHandler] INFO  pipeline.SCMPipelineManager (SCMPipelineManager.java:finalizeAndDestroyPipeline(311)) - destroying pipeline:Pipeline[ Id: 8609e337-cca5-4c31-9512-d74a9db9b75a, Nodes: bafc845d-bbde-4f8f-86b6-115dec71aedb{ip: 192.168.34.33, host: pr-hdds-2142-clczg-3805722443, networkLocation: /default-rack, certSerialId: null}, Type:RATIS, Factor:ONE, State:OPEN]
2019-09-17 13:08:20,802 [EventQueue-StaleNodeForStaleNodeHandler] INFO  pipeline.PipelineStateManager (PipelineStateManager.java:finalizePipeline(123)) - Pipeline Pipeline[ Id: 8609e337-cca5-4c31-9512-d74a9db9b75a, Nodes: bafc845d-bbde-4f8f-86b6-115dec71aedb{ip: 192.168.34.33, host: pr-hdds-2142-clczg-3805722443, networkLocation: /default-rack, certSerialId: null}, Type:RATIS, Factor:ONE, State:CLOSED] moved to CLOSED state
2019-09-17 13:08:20,803 [EventQueue-StaleNodeForStaleNodeHandler] INFO  pipeline.SCMPipelineManager (SCMPipelineManager.java:finalizeAndDestroyPipeline(311)) - destroying pipeline:Pipeline[ Id: 57709775-457f-4b27-971d-66cf6d82602c, Nodes: bafc845d-bbde-4f8f-86b6-115dec71aedb{ip: 192.168.34.33, host: pr-hdds-2142-clczg-3805722443, networkLocation: /default-rack, certSerialId: null}8c5522c8-f35d-44ba-91f8-db341543b05d{ip: 192.168.34.33, host: pr-hdds-2142-clczg-3805722443, networkLocation: /default-rack, certSerialId: null}50f49b90-e99d-4336-a11e-085101dab1f3{ip: 192.168.34.33, host: pr-hdds-2142-clczg-3805722443, networkLocation: /default-rack, certSerialId: null}, Type:RATIS, Factor:THREE, State:OPEN]
2019-09-17 13:08:20,803 [EventQueue-StaleNodeForStaleNodeHandler] INFO  pipeline.PipelineStateManager (PipelineStateManager.java:finalizePipeline(123)) - Pipeline Pipeline[ Id: 57709775-457f-4b27-971d-66cf6d82602c, Nodes: bafc845d-bbde-4f8f-86b6-115dec71aedb{ip: 192.168.34.33, host: pr-hdds-2142-clczg-3805722443, networkLocation: /default-rack, certSerialId: null}8c5522c8-f35d-44ba-91f8-db341543b05d{ip: 192.168.34.33, host: pr-hdds-2142-clczg-3805722443, networkLocation: /default-rack, certSerialId: null}50f49b90-e99d-4336-a11e-085101dab1f3{ip: 192.168.34.33, host: pr-hdds-2142-clczg-3805722443, networkLocation: /default-rack, certSerialId: null}, Type:RATIS, Factor:THREE, State:CLOSED] moved to CLOSED state
2019-09-17 13:08:20,803 [EventQueue-CloseContainerForCloseContainerEventHandler] INFO  container.CloseContainerEventHandler (CloseContainerEventHandler.java:onMessage(61)) - Close container Event triggered for container : #2
2019-09-17 13:08:20,892 [ForkJoinPool.commonPool-worker-0] INFO  ozoneimpl.OzoneContainer (OzoneContainer.java:stop(231)) - Attempting to stop container services.
2019-09-17 13:08:20,892 [main] INFO  ozoneimpl.OzoneContainer (OzoneContainer.java:stop(231)) - Attempting to stop container services.
2019-09-17 13:08:20,896 [ForkJoinPool.commonPool-worker-0] INFO  impl.RaftServerProxy (RaftServerProxy.java:lambda$close$4(314)) - 1a3d981f-7244-4107-b16e-282149130905: close
2019-09-17 13:08:20,897 [main] INFO  impl.RaftServerProxy (RaftServerProxy.java:lambda$close$4(314)) - bafc845d-bbde-4f8f-86b6-115dec71aedb: close
2019-09-17 13:08:20,897 [ForkJoinPool.commonPool-worker-0] INFO  impl.RaftServerImpl (RaftServerImpl.java:lambda$shutdown$3(251)) - 1a3d981f-7244-4107-b16e-282149130905@group-B884D77A8744: shutdown
2019-09-17 13:08:20,897 [main] INFO  impl.RaftServerImpl (RaftServerImpl.java:lambda$shutdown$3(251)) - bafc845d-bbde-4f8f-86b6-115dec71aedb@group-D74A9DB9B75A: shutdown
2019-09-17 13:08:20,898 [ForkJoinPool.commonPool-worker-0] INFO  util.JmxRegister (JmxRegister.java:unregister(73)) - Successfully un-registered JMX Bean with object name Ratis:service=RaftServer,group=group-B884D77A8744,id=1a3d981f-7244-4107-b16e-282149130905
2019-09-17 13:08:20,898 [main] INFO  util.JmxRegister (JmxRegister.java:unregister(73)) - Successfully un-registered JMX Bean with object name Ratis:service=RaftServer,group=group-D74A9DB9B75A,id=bafc845d-bbde-4f8f-86b6-115dec71aedb
2019-09-17 13:08:20,898 [ForkJoinPool.commonPool-worker-0] INFO  impl.RoleInfo (RoleInfo.java:shutdownLeaderState(104)) - 1a3d981f-7244-4107-b16e-282149130905: shutdown LeaderState
2019-09-17 13:08:20,899 [main] INFO  impl.RoleInfo (RoleInfo.java:shutdownLeaderState(104)) - bafc845d-bbde-4f8f-86b6-115dec71aedb: shutdown LeaderState
2019-09-17 13:08:20,899 [ForkJoinPool.commonPool-worker-0] INFO  impl.PendingRequests (PendingRequests.java:sendNotLeaderResponses(202)) - 1a3d981f-7244-4107-b16e-282149130905-PendingRequests: sendNotLeaderResponses
2019-09-17 13:08:20,899 [main] INFO  impl.PendingRequests (PendingRequests.java:sendNotLeaderResponses(202)) - bafc845d-bbde-4f8f-86b6-115dec71aedb-PendingRequests: sendNotLeaderResponses
2019-09-17 13:08:20,900 [ForkJoinPool.commonPool-worker-0] INFO  impl.StateMachineUpdater (StateMachineUpdater.java:stopAndJoin(125)) - 1a3d981f-7244-4107-b16e-282149130905@group-B884D77A8744-StateMachineUpdater: set stopIndex = 0
2019-09-17 13:08:20,900 [main] INFO  impl.StateMachineUpdater (StateMachineUpdater.java:stopAndJoin(125)) - bafc845d-bbde-4f8f-86b6-115dec71aedb@group-D74A9DB9B75A-StateMachineUpdater: set stopIndex = 0
2019-09-17 13:08:20,901 [ForkJoinPool.commonPool-worker-0] INFO  impl.RaftServerImpl (ServerState.java:close(385)) - 1a3d981f-7244-4107-b16e-282149130905@group-B884D77A8744: closes. applyIndex: 0
2019-09-17 13:08:20,901 [main] INFO  impl.RaftServerImpl (ServerState.java:close(385)) - bafc845d-bbde-4f8f-86b6-115dec71aedb@group-D74A9DB9B75A: closes. applyIndex: 0
2019-09-17 13:08:20,902 [1a3d981f-7244-4107-b16e-282149130905@group-B884D77A8744-SegmentedRaftLogWorker] INFO  segmented.SegmentedRaftLogWorker (SegmentedRaftLogWorker.java:run(313)) - 1a3d981f-7244-4107-b16e-282149130905@group-B884D77A8744-SegmentedRaftLogWorker was interrupted, exiting. There are 0 tasks remaining in the queue.
2019-09-17 13:08:20,902 [bafc845d-bbde-4f8f-86b6-115dec71aedb@group-D74A9DB9B75A-SegmentedRaftLogWorker] INFO  segmented.SegmentedRaftLogWorker (SegmentedRaftLogWorker.java:run(313)) - bafc845d-bbde-4f8f-86b6-115dec71aedb@group-D74A9DB9B75A-SegmentedRaftLogWorker was interrupted, exiting. There are 0 tasks remaining in the queue.
2019-09-17 13:08:20,907 [main] INFO  segmented.SegmentedRaftLogWorker (SegmentedRaftLogWorker.java:close(228)) - bafc845d-bbde-4f8f-86b6-115dec71aedb@group-D74A9DB9B75A-SegmentedRaftLogWorker close()
2019-09-17 13:08:20,908 [ForkJoinPool.commonPool-worker-0] INFO  segmented.SegmentedRaftLogWorker (SegmentedRaftLogWorker.java:close(228)) - 1a3d981f-7244-4107-b16e-282149130905@group-B884D77A8744-SegmentedRaftLogWorker close()
2019-09-17 13:08:20,912 [main] INFO  impl.RaftServerImpl (RaftServerImpl.java:lambda$shutdown$3(251)) - bafc845d-bbde-4f8f-86b6-115dec71aedb@group-66CF6D82602C: shutdown
2019-09-17 13:08:20,917 [ForkJoinPool.commonPool-worker-0] INFO  impl.RaftServerImpl (RaftServerImpl.java:lambda$shutdown$3(251)) - 1a3d981f-7244-4107-b16e-282149130905@group-558E41E10F37: shutdown
2019-09-17 13:08:20,918 [main] INFO  util.JmxRegister (JmxRegister.java:unregister(73)) - Successfully un-registered JMX Bean with object name Ratis:service=RaftServer,group=group-66CF6D82602C,id=bafc845d-bbde-4f8f-86b6-115dec71aedb
2019-09-17 13:08:20,918 [ForkJoinPool.commonPool-worker-0] INFO  util.JmxRegister (JmxRegister.java:unregister(73)) - Successfully un-registered JMX Bean with object name Ratis:service=RaftServer,group=group-558E41E10F37,id=1a3d981f-7244-4107-b16e-282149130905
2019-09-17 13:08:20,918 [main] INFO  impl.RoleInfo (RoleInfo.java:shutdownFollowerState(121)) - bafc845d-bbde-4f8f-86b6-115dec71aedb: shutdown FollowerState
2019-09-17 13:08:20,918 [ForkJoinPool.commonPool-worker-0] INFO  impl.RoleInfo (RoleInfo.java:shutdownFollowerState(121)) - 1a3d981f-7244-4107-b16e-282149130905: shutdown FollowerState
2019-09-17 13:08:20,919 [bafc845d-bbde-4f8f-86b6-115dec71aedb@group-66CF6D82602C-StateMachineUpdater] INFO  ratis.ContainerStateMachine (ContainerStateMachine.java:takeSnapshot(289)) - group-66CF6D82602C: Taking a snapshot at:(t:2, i:4) file /workdir/hadoop-ozone/integration-test/target/test-dir/MiniOzoneClusterImpl-caf98cc2-320f-4cdb-8f1a-69abe353d978/datanode-4/data/ratis/57709775-457f-4b27-971d-66cf6d82602c/sm/snapshot.2_4
2019-09-17 13:08:20,919 [Thread-3713] INFO  impl.FollowerState (FollowerState.java:run(115)) - bafc845d-bbde-4f8f-86b6-115dec71aedb: FollowerState was interrupted: java.lang.InterruptedException: sleep interrupted
2019-09-17 13:08:20,919 [main] INFO  impl.StateMachineUpdater (StateMachineUpdater.java:stopAndJoin(125)) - bafc845d-bbde-4f8f-86b6-115dec71aedb@group-66CF6D82602C-StateMachineUpdater: set stopIndex = 6
2019-09-17 13:08:20,919 [1a3d981f-7244-4107-b16e-282149130905@group-558E41E10F37-StateMachineUpdater] INFO  ratis.ContainerStateMachine (ContainerStateMachine.java:takeSnapshot(289)) - group-558E41E10F37: Taking a snapshot at:(t:1, i:6) file /workdir/hadoop-ozone/integration-test/target/test-dir/MiniOzoneClusterImpl-caf98cc2-320f-4cdb-8f1a-69abe353d978/datanode-1/data/ratis/863094da-fc8c-4c55-b729-558e41e10f37/sm/snapshot.1_6
2019-09-17 13:08:20,919 [Thread-3638] INFO  impl.FollowerState (FollowerState.java:run(115)) - 1a3d981f-7244-4107-b16e-282149130905: FollowerState was interrupted: java.lang.InterruptedException: sleep interrupted
2019-09-17 13:08:20,919 [ForkJoinPool.commonPool-worker-0] INFO  impl.StateMachineUpdater (StateMachineUpdater.java:stopAndJoin(125)) - 1a3d981f-7244-4107-b16e-282149130905@group-558E41E10F37-StateMachineUpdater: set stopIndex = 6
2019-09-17 13:08:20,935 [1a3d981f-7244-4107-b16e-282149130905@group-558E41E10F37-StateMachineUpdater] INFO  ratis.ContainerStateMachine (ContainerStateMachine.java:takeSnapshot(300)) - group-558E41E10F37: Finished taking a snapshot at:(t:1, i:6) file:/workdir/hadoop-ozone/integration-test/target/test-dir/MiniOzoneClusterImpl-caf98cc2-320f-4cdb-8f1a-69abe353d978/datanode-1/data/ratis/863094da-fc8c-4c55-b729-558e41e10f37/sm/snapshot.1_6 time:16
2019-09-17 13:08:20,935 [bafc845d-bbde-4f8f-86b6-115dec71aedb@group-66CF6D82602C-StateMachineUpdater] INFO  ratis.ContainerStateMachine (ContainerStateMachine.java:takeSnapshot(300)) - group-66CF6D82602C: Finished taking a snapshot at:(t:2, i:4) file:/workdir/hadoop-ozone/integration-test/target/test-dir/MiniOzoneClusterImpl-caf98cc2-320f-4cdb-8f1a-69abe353d978/datanode-4/data/ratis/57709775-457f-4b27-971d-66cf6d82602c/sm/snapshot.2_4 time:17
2019-09-17 13:08:20,936 [1a3d981f-7244-4107-b16e-282149130905@group-558E41E10F37-StateMachineUpdater] INFO  impl.StateMachineUpdater (StateMachineUpdater.java:takeSnapshot(258)) - 1a3d981f-7244-4107-b16e-282149130905@group-558E41E10F37-StateMachineUpdater: Took a snapshot at index 6
2019-09-17 13:08:20,936 [bafc845d-bbde-4f8f-86b6-115dec71aedb@group-66CF6D82602C-StateMachineUpdater] INFO  impl.StateMachineUpdater (StateMachineUpdater.java:takeSnapshot(258)) - bafc845d-bbde-4f8f-86b6-115dec71aedb@group-66CF6D82602C-StateMachineUpdater: Took a snapshot at index 4
2019-09-17 13:08:20,936 [1a3d981f-7244-4107-b16e-282149130905@group-558E41E10F37-StateMachineUpdater] INFO  impl.StateMachineUpdater (StateMachineUpdater.java:lambda$new$0(83)) - 1a3d981f-7244-4107-b16e-282149130905@group-558E41E10F37-StateMachineUpdater: snapshotIndex: updateIncreasingly -1 -> 6
2019-09-17 13:08:20,936 [bafc845d-bbde-4f8f-86b6-115dec71aedb@group-66CF6D82602C-StateMachineUpdater] INFO  impl.StateMachineUpdater (StateMachineUpdater.java:lambda$new$0(83)) - bafc845d-bbde-4f8f-86b6-115dec71aedb@group-66CF6D82602C-StateMachineUpdater: snapshotIndex: updateIncreasingly -1 -> 4
2019-09-17 13:08:20,937 [bafc845d-bbde-4f8f-86b6-115dec71aedb@group-66CF6D82602C-StateMachineUpdater] INFO  ratis.ContainerStateMachine (ContainerStateMachine.java:takeSnapshot(289)) - group-66CF6D82602C: Taking a snapshot at:(t:2, i:4) file /workdir/hadoop-ozone/integration-test/target/test-dir/MiniOzoneClusterImpl-caf98cc2-320f-4cdb-8f1a-69abe353d978/datanode-4/data/ratis/57709775-457f-4b27-971d-66cf6d82602c/sm/snapshot.2_4
2019-09-17 13:08:20,937 [ForkJoinPool.commonPool-worker-0] INFO  impl.RaftServerImpl (ServerState.java:close(385)) - 1a3d981f-7244-4107-b16e-282149130905@group-558E41E10F37: closes. applyIndex: 6
2019-09-17 13:08:20,938 [1a3d981f-7244-4107-b16e-282149130905@group-558E41E10F37-SegmentedRaftLogWorker] INFO  segmented.SegmentedRaftLogWorker (SegmentedRaftLogWorker.java:run(313)) - 1a3d981f-7244-4107-b16e-282149130905@group-558E41E10F37-SegmentedRaftLogWorker was interrupted, exiting. There are 0 tasks remaining in the queue.
2019-09-17 13:08:20,947 [ForkJoinPool.commonPool-worker-0] INFO  segmented.SegmentedRaftLogWorker (SegmentedRaftLogWorker.java:close(228)) - 1a3d981f-7244-4107-b16e-282149130905@group-558E41E10F37-SegmentedRaftLogWorker close()
2019-09-17 13:08:20,953 [bafc845d-bbde-4f8f-86b6-115dec71aedb@group-66CF6D82602C-StateMachineUpdater] INFO  ratis.ContainerStateMachine (ContainerStateMachine.java:takeSnapshot(300)) - group-66CF6D82602C: Finished taking a snapshot at:(t:2, i:4) file:/workdir/hadoop-ozone/integration-test/target/test-dir/MiniOzoneClusterImpl-caf98cc2-320f-4cdb-8f1a-69abe353d978/datanode-4/data/ratis/57709775-457f-4b27-971d-66cf6d82602c/sm/snapshot.2_4 time:16
2019-09-17 13:08:20,953 [ForkJoinPool.commonPool-worker-0] INFO  server.GrpcService (GrpcService.java:closeImpl(164)) - 1a3d981f-7244-4107-b16e-282149130905: shutdown server with port 42152 now
2019-09-17 13:08:20,954 [bafc845d-bbde-4f8f-86b6-115dec71aedb@group-66CF6D82602C-StateMachineUpdater] INFO  impl.StateMachineUpdater (StateMachineUpdater.java:takeSnapshot(258)) - bafc845d-bbde-4f8f-86b6-115dec71aedb@group-66CF6D82602C-StateMachineUpdater: Took a snapshot at index 4
2019-09-17 13:08:20,954 [bafc845d-bbde-4f8f-86b6-115dec71aedb@group-66CF6D82602C-StateMachineUpdater] INFO  impl.StateMachineUpdater (StateMachineUpdater.java:lambda$new$0(83)) - bafc845d-bbde-4f8f-86b6-115dec71aedb@group-66CF6D82602C-StateMachineUpdater: snapshotIndex: updateIncreasingly 4 -> 4
2019-09-17 13:08:20,954 [main] INFO  impl.RaftServerImpl (ServerState.java:close(385)) - bafc845d-bbde-4f8f-86b6-115dec71aedb@group-66CF6D82602C: closes. applyIndex: 6
2019-09-17 13:08:20,955 [bafc845d-bbde-4f8f-86b6-115dec71aedb@group-66CF6D82602C-SegmentedRaftLogWorker] INFO  segmented.SegmentedRaftLogWorker (SegmentedRaftLogWorker.java:run(313)) - bafc845d-bbde-4f8f-86b6-115dec71aedb@group-66CF6D82602C-SegmentedRaftLogWorker was interrupted, exiting. There are 0 tasks remaining in the queue.
2019-09-17 13:08:20,957 [main] INFO  segmented.SegmentedRaftLogWorker (SegmentedRaftLogWorker.java:close(228)) - bafc845d-bbde-4f8f-86b6-115dec71aedb@group-66CF6D82602C-SegmentedRaftLogWorker close()
2019-09-17 13:08:20,957 [grpc-default-executor-1] WARN  server.GrpcServerProtocolService (LogUtils.java:warn(134)) - 1a3d981f-7244-4107-b16e-282149130905: installSnapshot onError, lastRequest: c786c601-e0a1-4ea9-8579-a25f069b88e9->1a3d981f-7244-4107-b16e-282149130905#11-t1, previous=(t:1, i:6), leaderCommit=6, initializing? false, entries: <empty>: org.apache.ratis.thirdparty.io.grpc.StatusRuntimeException: CANCELLED: cancelled before receiving half close
2019-09-17 13:08:20,961 [main] INFO  server.GrpcService (GrpcService.java:closeImpl(164)) - bafc845d-bbde-4f8f-86b6-115dec71aedb: shutdown server with port 42454 now
2019-09-17 13:08:20,957 [ForkJoinPool.commonPool-worker-0] INFO  server.GrpcService (GrpcService.java:closeImpl(172)) - 1a3d981f-7244-4107-b16e-282149130905: shutdown server with port 42152 successfully
2019-09-17 13:08:20,962 [grpc-default-executor-3] WARN  server.GrpcLogAppender (LogUtils.java:warn(134)) - c786c601-e0a1-4ea9-8579-a25f069b88e9@group-558E41E10F37->1a3d981f-7244-4107-b16e-282149130905-AppendLogResponseHandler: Failed appendEntries: org.apache.ratis.thirdparty.io.grpc.StatusRuntimeException: CANCELLED: HTTP/2 error code: CANCEL
Received Rst Stream
2019-09-17 13:08:20,962 [main] INFO  server.GrpcService (GrpcService.java:closeImpl(172)) - bafc845d-bbde-4f8f-86b6-115dec71aedb: shutdown server with port 42454 successfully
2019-09-17 13:08:20,962 [grpc-default-executor-11] WARN  server.GrpcServerProtocolService (LogUtils.java:warn(134)) - bafc845d-bbde-4f8f-86b6-115dec71aedb: installSnapshot onError, lastRequest: 50f49b90-e99d-4336-a11e-085101dab1f3->bafc845d-bbde-4f8f-86b6-115dec71aedb#9-t2, previous=(t:2, i:6), leaderCommit=6, initializing? false, entries: <empty>: org.apache.ratis.thirdparty.io.grpc.StatusRuntimeException: CANCELLED: cancelled before receiving half close
2019-09-17 13:08:20,963 [grpc-default-executor-3] INFO  impl.FollowerInfo (FollowerInfo.java:lambda$new$0(51)) - c786c601-e0a1-4ea9-8579-a25f069b88e9@group-558E41E10F37->1a3d981f-7244-4107-b16e-282149130905: nextIndex: updateUnconditionally 7 -> 6
2019-09-17 13:08:20,963 [grpc-default-executor-10] WARN  server.GrpcLogAppender (LogUtils.java:warn(134)) - 50f49b90-e99d-4336-a11e-085101dab1f3@group-66CF6D82602C->bafc845d-bbde-4f8f-86b6-115dec71aedb-AppendLogResponseHandler: Failed appendEntries: org.apache.ratis.thirdparty.io.grpc.StatusRuntimeException: CANCELLED: HTTP/2 error code: CANCEL
Received Rst Stream
2019-09-17 13:08:20,964 [grpc-default-executor-10] INFO  impl.FollowerInfo (FollowerInfo.java:lambda$new$0(51)) - 50f49b90-e99d-4336-a11e-085101dab1f3@group-66CF6D82602C->bafc845d-bbde-4f8f-86b6-115dec71aedb: nextIndex: updateUnconditionally 7 -> 6
2019-09-17 13:08:20,965 [refreshUsed-/workdir/hadoop-ozone/integration-test/target/test-dir/MiniOzoneClusterImpl-caf98cc2-320f-4cdb-8f1a-69abe353d978/datanode-1/data/containers] WARN  fs.CachingGetSpaceUsed (CachingGetSpaceUsed.java:run(183)) - Thread Interrupted waiting to refresh disk information: sleep interrupted
2019-09-17 13:08:20,966 [refreshUsed-/workdir/hadoop-ozone/integration-test/target/test-dir/MiniOzoneClusterImpl-caf98cc2-320f-4cdb-8f1a-69abe353d978/datanode-4/data/containers] WARN  fs.CachingGetSpaceUsed (CachingGetSpaceUsed.java:run(183)) - Thread Interrupted waiting to refresh disk information: sleep interrupted
2019-09-17 13:08:20,985 [main] INFO  utils.BackgroundService (BackgroundService.java:shutdown(148)) - Shutting down service BlockDeletingService
2019-09-17 13:08:20,985 [ForkJoinPool.commonPool-worker-0] INFO  utils.BackgroundService (BackgroundService.java:shutdown(148)) - Shutting down service BlockDeletingService
2019-09-17 13:08:21,001 [ForkJoinPool.commonPool-worker-0] INFO  statemachine.DatanodeStateMachine (DatanodeStateMachine.java:stopDaemon(395)) - Ozone container server stopped.
2019-09-17 13:08:21,001 [main] INFO  statemachine.DatanodeStateMachine (DatanodeStateMachine.java:stopDaemon(395)) - Ozone container server stopped.
2019-09-17 13:08:21,009 [ForkJoinPool.commonPool-worker-0] INFO  handler.ContextHandler (ContextHandler.java:doStop(910)) - Stopped o.e.j.w.WebAppContext@1f758e4f{/,null,UNAVAILABLE}{/hddsDatanode}
2019-09-17 13:08:21,009 [main] INFO  handler.ContextHandler (ContextHandler.java:doStop(910)) - Stopped o.e.j.w.WebAppContext@7e18ced7{/,null,UNAVAILABLE}{/hddsDatanode}
2019-09-17 13:08:21,009 [ForkJoinPool.commonPool-worker-0] INFO  server.AbstractConnector (AbstractConnector.java:doStop(318)) - Stopped ServerConnector@733534f9{HTTP/1.1,[http/1.1]}{0.0.0.0:0}
2019-09-17 13:08:21,009 [main] INFO  server.AbstractConnector (AbstractConnector.java:doStop(318)) - Stopped ServerConnector@305b43ca{HTTP/1.1,[http/1.1]}{0.0.0.0:0}
2019-09-17 13:08:21,015 [ForkJoinPool.commonPool-worker-0] INFO  handler.ContextHandler (ContextHandler.java:doStop(910)) - Stopped o.e.j.s.ServletContextHandler@1815577b{/static,jar:file:/home/user/.m2/repository/org/apache/hadoop/hadoop-hdds-container-service/0.5.0-SNAPSHOT/hadoop-hdds-container-service-0.5.0-SNAPSHOT.jar!/webapps/static,UNAVAILABLE}
2019-09-17 13:08:21,015 [main] INFO  handler.ContextHandler (ContextHandler.java:doStop(910)) - Stopped o.e.j.s.ServletContextHandler@1e120628{/static,jar:file:/home/user/.m2/repository/org/apache/hadoop/hadoop-hdds-container-service/0.5.0-SNAPSHOT/hadoop-hdds-container-service-0.5.0-SNAPSHOT.jar!/webapps/static,UNAVAILABLE}
2019-09-17 13:08:21,015 [ForkJoinPool.commonPool-worker-0] INFO  handler.ContextHandler (ContextHandler.java:doStop(910)) - Stopped o.e.j.s.ServletContextHandler@639c7f9c{/logs,file:///workdir/hadoop-ozone/integration-test/target/log,UNAVAILABLE}
2019-09-17 13:08:21,016 [main] INFO  handler.ContextHandler (ContextHandler.java:doStop(910)) - Stopped o.e.j.s.ServletContextHandler@3e74fd84{/logs,file:///workdir/hadoop-ozone/integration-test/target/log,UNAVAILABLE}
2019-09-17 13:08:21,442 [Datanode State Machine Thread - 0] INFO  statemachine.DatanodeStateMachine (DatanodeStateMachine.java:lambda$startDaemon$0(350)) - Ozone container server started.
2019-09-17 13:08:21,780 [Datanode State Machine Thread - 0] INFO  statemachine.DatanodeStateMachine (DatanodeStateMachine.java:lambda$startDaemon$0(350)) - Ozone container server started.
2019-09-17 13:08:22,469 [grpc-default-executor-10] WARN  server.GrpcLogAppender (LogUtils.java:warn(134)) - c786c601-e0a1-4ea9-8579-a25f069b88e9@group-558E41E10F37->1a3d981f-7244-4107-b16e-282149130905-AppendLogResponseHandler: Failed appendEntries: org.apache.ratis.thirdparty.io.grpc.StatusRuntimeException: UNAVAILABLE: io exception
2019-09-17 13:08:22,469 [grpc-default-executor-10] INFO  impl.FollowerInfo (FollowerInfo.java:lambda$new$0(51)) - c786c601-e0a1-4ea9-8579-a25f069b88e9@group-558E41E10F37->1a3d981f-7244-4107-b16e-282149130905: nextIndex: updateUnconditionally 7 -> 6
2019-09-17 13:08:22,480 [grpc-default-executor-1] WARN  server.GrpcLogAppender (LogUtils.java:warn(134)) - c786c601-e0a1-4ea9-8579-a25f069b88e9@group-558E41E10F37->1a3d981f-7244-4107-b16e-282149130905-AppendLogResponseHandler: Failed appendEntries: org.apache.ratis.thirdparty.io.grpc.StatusRuntimeException: UNAVAILABLE: io exception
2019-09-17 13:08:22,480 [grpc-default-executor-1] INFO  impl.FollowerInfo (FollowerInfo.java:lambda$new$0(51)) - c786c601-e0a1-4ea9-8579-a25f069b88e9@group-558E41E10F37->1a3d981f-7244-4107-b16e-282149130905: nextIndex: updateUnconditionally 7 -> 6
2019-09-17 13:08:22,492 [grpc-default-executor-10] WARN  server.GrpcLogAppender (LogUtils.java:warn(134)) - c786c601-e0a1-4ea9-8579-a25f069b88e9@group-558E41E10F37->1a3d981f-7244-4107-b16e-282149130905-AppendLogResponseHandler: Failed appendEntries: org.apache.ratis.thirdparty.io.grpc.StatusRuntimeException: UNAVAILABLE: io exception
2019-09-17 13:08:22,492 [grpc-default-executor-10] INFO  impl.FollowerInfo (FollowerInfo.java:lambda$new$0(51)) - c786c601-e0a1-4ea9-8579-a25f069b88e9@group-558E41E10F37->1a3d981f-7244-4107-b16e-282149130905: nextIndex: updateUnconditionally 7 -> 6
2019-09-17 13:08:22,503 [RatisApplyTransactionExecutor 1] INFO  interfaces.Container (KeyValueContainer.java:flushAndSyncDB(386)) - Container 1 is synced with bcsId 4.
2019-09-17 13:08:22,503 [RatisApplyTransactionExecutor 1] INFO  interfaces.Container (KeyValueContainer.java:flushAndSyncDB(386)) - Container 1 is synced with bcsId 4.
2019-09-17 13:08:22,518 [RatisApplyTransactionExecutor 1] INFO  interfaces.Container (KeyValueContainer.java:close(335)) - Container 1 is closed with bcsId 4.
2019-09-17 13:08:22,519 [RatisApplyTransactionExecutor 1] INFO  interfaces.Container (KeyValueContainer.java:flushAndSyncDB(386)) - Container 1 is synced with bcsId 4.
2019-09-17 13:08:22,519 [RatisApplyTransactionExecutor 1] INFO  interfaces.Container (KeyValueContainer.java:flushAndSyncDB(386)) - Container 1 is synced with bcsId 4.
2019-09-17 13:08:22,519 [EventQueue-IncrementalContainerReportForIncrementalContainerReportHandler] INFO  container.IncrementalContainerReportHandler (AbstractContainerReportHandler.java:updateContainerState(176)) - Moving container #1 to CLOSED state, datanode c786c601-e0a1-4ea9-8579-a25f069b88e9{ip: 192.168.34.33, host: pr-hdds-2142-clczg-3805722443, networkLocation: /default-rack, certSerialId: null} reported CLOSED replica.
2019-09-17 13:08:22,533 [RatisApplyTransactionExecutor 1] INFO  interfaces.Container (KeyValueContainer.java:close(335)) - Container 1 is closed with bcsId 4.
2019-09-17 13:08:22,792 [grpc-default-executor-11] WARN  server.GrpcLogAppender (LogUtils.java:warn(134)) - 50f49b90-e99d-4336-a11e-085101dab1f3@group-66CF6D82602C->bafc845d-bbde-4f8f-86b6-115dec71aedb-AppendLogResponseHandler: Failed appendEntries: org.apache.ratis.thirdparty.io.grpc.StatusRuntimeException: UNAVAILABLE: io exception
2019-09-17 13:08:22,793 [grpc-default-executor-11] INFO  impl.FollowerInfo (FollowerInfo.java:lambda$new$0(51)) - 50f49b90-e99d-4336-a11e-085101dab1f3@group-66CF6D82602C->bafc845d-bbde-4f8f-86b6-115dec71aedb: nextIndex: updateUnconditionally 7 -> 6
2019-09-17 13:08:22,805 [grpc-default-executor-10] WARN  server.GrpcLogAppender (LogUtils.java:warn(134)) - 50f49b90-e99d-4336-a11e-085101dab1f3@group-66CF6D82602C->bafc845d-bbde-4f8f-86b6-115dec71aedb-AppendLogResponseHandler: Failed appendEntries: org.apache.ratis.thirdparty.io.grpc.StatusRuntimeException: UNAVAILABLE: io exception
2019-09-17 13:08:22,805 [grpc-default-executor-10] INFO  impl.FollowerInfo (FollowerInfo.java:lambda$new$0(51)) - 50f49b90-e99d-4336-a11e-085101dab1f3@group-66CF6D82602C->bafc845d-bbde-4f8f-86b6-115dec71aedb: nextIndex: updateUnconditionally 7 -> 6
2019-09-17 13:08:22,818 [grpc-default-executor-11] WARN  server.GrpcLogAppender (LogUtils.java:warn(134)) - 50f49b90-e99d-4336-a11e-085101dab1f3@group-66CF6D82602C->bafc845d-bbde-4f8f-86b6-115dec71aedb-AppendLogResponseHandler: Failed appendEntries: org.apache.ratis.thirdparty.io.grpc.StatusRuntimeException: UNAVAILABLE: io exception
2019-09-17 13:08:22,818 [grpc-default-executor-11] INFO  impl.FollowerInfo (FollowerInfo.java:lambda$new$0(51)) - 50f49b90-e99d-4336-a11e-085101dab1f3@group-66CF6D82602C->bafc845d-bbde-4f8f-86b6-115dec71aedb: nextIndex: updateUnconditionally 7 -> 6
2019-09-17 13:08:22,830 [RatisApplyTransactionExecutor 2] INFO  interfaces.Container (KeyValueContainer.java:flushAndSyncDB(386)) - Container 2 is synced with bcsId 4.
2019-09-17 13:08:22,830 [RatisApplyTransactionExecutor 2] INFO  interfaces.Container (KeyValueContainer.java:flushAndSyncDB(386)) - Container 2 is synced with bcsId 4.
2019-09-17 13:08:22,844 [RatisApplyTransactionExecutor 2] INFO  interfaces.Container (KeyValueContainer.java:flushAndSyncDB(386)) - Container 2 is synced with bcsId 4.
2019-09-17 13:08:22,845 [RatisApplyTransactionExecutor 2] INFO  interfaces.Container (KeyValueContainer.java:close(335)) - Container 2 is closed with bcsId 4.
2019-09-17 13:08:22,845 [RatisApplyTransactionExecutor 2] INFO  interfaces.Container (KeyValueContainer.java:flushAndSyncDB(386)) - Container 2 is synced with bcsId 4.
2019-09-17 13:08:22,846 [EventQueue-IncrementalContainerReportForIncrementalContainerReportHandler] INFO  container.IncrementalContainerReportHandler (AbstractContainerReportHandler.java:updateContainerState(176)) - Moving container #2 to CLOSED state, datanode 50f49b90-e99d-4336-a11e-085101dab1f3{ip: 192.168.34.33, host: pr-hdds-2142-clczg-3805722443, networkLocation: /default-rack, certSerialId: null} reported CLOSED replica.
2019-09-17 13:08:22,860 [RatisApplyTransactionExecutor 2] INFO  interfaces.Container (KeyValueContainer.java:close(335)) - Container 2 is closed with bcsId 4.
2019-09-17 13:08:24,998 [grpc-default-executor-10] WARN  server.GrpcLogAppender (LogUtils.java:warn(134)) - c786c601-e0a1-4ea9-8579-a25f069b88e9@group-558E41E10F37->1a3d981f-7244-4107-b16e-282149130905-AppendLogResponseHandler: Failed appendEntries: org.apache.ratis.thirdparty.io.grpc.StatusRuntimeException: UNAVAILABLE: io exception
2019-09-17 13:08:24,998 [grpc-default-executor-10] INFO  impl.FollowerInfo (FollowerInfo.java:lambda$new$0(51)) - c786c601-e0a1-4ea9-8579-a25f069b88e9@group-558E41E10F37->1a3d981f-7244-4107-b16e-282149130905: nextIndex: updateUnconditionally 6 -> 5
2019-09-17 13:08:25,324 [grpc-default-executor-1] WARN  server.GrpcLogAppender (LogUtils.java:warn(134)) - 50f49b90-e99d-4336-a11e-085101dab1f3@group-66CF6D82602C->bafc845d-bbde-4f8f-86b6-115dec71aedb-AppendLogResponseHandler: Failed appendEntries: org.apache.ratis.thirdparty.io.grpc.StatusRuntimeException: UNAVAILABLE: io exception
2019-09-17 13:08:25,325 [grpc-default-executor-1] INFO  impl.FollowerInfo (FollowerInfo.java:lambda$new$0(51)) - 50f49b90-e99d-4336-a11e-085101dab1f3@group-66CF6D82602C->bafc845d-bbde-4f8f-86b6-115dec71aedb: nextIndex: updateUnconditionally 6 -> 5
2019-09-17 13:08:25,506 [EventQueue-StaleNodeForStaleNodeHandler] INFO  node.StaleNodeHandler (StaleNodeHandler.java:onMessage(58)) - Datanode b30f90cd-ab04-4ed5-9a9b-61135d4290ae{ip: 192.168.34.33, host: pr-hdds-2142-clczg-3805722443, networkLocation: /default-rack, certSerialId: null} moved to stale state. Finalizing its pipelines [PipelineID=863094da-fc8c-4c55-b729-558e41e10f37, PipelineID=07acef81-99bb-4ff3-aefa-f0088e4e71e5]
2019-09-17 13:08:25,506 [EventQueue-StaleNodeForStaleNodeHandler] INFO  pipeline.SCMPipelineManager (SCMPipelineManager.java:finalizeAndDestroyPipeline(311)) - destroying pipeline:Pipeline[ Id: 863094da-fc8c-4c55-b729-558e41e10f37, Nodes: b30f90cd-ab04-4ed5-9a9b-61135d4290ae{ip: 192.168.34.33, host: pr-hdds-2142-clczg-3805722443, networkLocation: /default-rack, certSerialId: null}1a3d981f-7244-4107-b16e-282149130905{ip: 192.168.34.33, host: pr-hdds-2142-clczg-3805722443, networkLocation: /default-rack, certSerialId: null}c786c601-e0a1-4ea9-8579-a25f069b88e9{ip: 192.168.34.33, host: pr-hdds-2142-clczg-3805722443, networkLocation: /default-rack, certSerialId: null}, Type:RATIS, Factor:THREE, State:CLOSED]
2019-09-17 13:08:25,507 [EventQueue-StaleNodeForStaleNodeHandler] INFO  pipeline.SCMPipelineManager (SCMPipelineManager.java:finalizeAndDestroyPipeline(311)) - destroying pipeline:Pipeline[ Id: 07acef81-99bb-4ff3-aefa-f0088e4e71e5, Nodes: b30f90cd-ab04-4ed5-9a9b-61135d4290ae{ip: 192.168.34.33, host: pr-hdds-2142-clczg-3805722443, networkLocation: /default-rack, certSerialId: null}, Type:RATIS, Factor:ONE, State:OPEN]
2019-09-17 13:08:25,507 [EventQueue-StaleNodeForStaleNodeHandler] INFO  pipeline.PipelineStateManager (PipelineStateManager.java:finalizePipeline(123)) - Pipeline Pipeline[ Id: 07acef81-99bb-4ff3-aefa-f0088e4e71e5, Nodes: b30f90cd-ab04-4ed5-9a9b-61135d4290ae{ip: 192.168.34.33, host: pr-hdds-2142-clczg-3805722443, networkLocation: /default-rack, certSerialId: null}, Type:RATIS, Factor:ONE, State:CLOSED] moved to CLOSED state
2019-09-17 13:08:25,806 [EventQueue-StaleNodeForStaleNodeHandler] INFO  node.StaleNodeHandler (StaleNodeHandler.java:onMessage(58)) - Datanode 8c5522c8-f35d-44ba-91f8-db341543b05d{ip: 192.168.34.33, host: pr-hdds-2142-clczg-3805722443, networkLocation: /default-rack, certSerialId: null} moved to stale state. Finalizing its pipelines [PipelineID=57709775-457f-4b27-971d-66cf6d82602c, PipelineID=1d0a534f-ec8b-4c59-8260-4c6f9bdd6a0a]
2019-09-17 13:08:25,807 [EventQueue-StaleNodeForStaleNodeHandler] INFO  pipeline.SCMPipelineManager (SCMPipelineManager.java:finalizeAndDestroyPipeline(311)) - destroying pipeline:Pipeline[ Id: 57709775-457f-4b27-971d-66cf6d82602c, Nodes: bafc845d-bbde-4f8f-86b6-115dec71aedb{ip: 192.168.34.33, host: pr-hdds-2142-clczg-3805722443, networkLocation: /default-rack, certSerialId: null}8c5522c8-f35d-44ba-91f8-db341543b05d{ip: 192.168.34.33, host: pr-hdds-2142-clczg-3805722443, networkLocation: /default-rack, certSerialId: null}50f49b90-e99d-4336-a11e-085101dab1f3{ip: 192.168.34.33, host: pr-hdds-2142-clczg-3805722443, networkLocation: /default-rack, certSerialId: null}, Type:RATIS, Factor:THREE, State:CLOSED]
2019-09-17 13:08:25,807 [EventQueue-StaleNodeForStaleNodeHandler] INFO  pipeline.SCMPipelineManager (SCMPipelineManager.java:finalizeAndDestroyPipeline(311)) - destroying pipeline:Pipeline[ Id: 1d0a534f-ec8b-4c59-8260-4c6f9bdd6a0a, Nodes: 8c5522c8-f35d-44ba-91f8-db341543b05d{ip: 192.168.34.33, host: pr-hdds-2142-clczg-3805722443, networkLocation: /default-rack, certSerialId: null}, Type:RATIS, Factor:ONE, State:OPEN]
2019-09-17 13:08:25,807 [EventQueue-StaleNodeForStaleNodeHandler] INFO  pipeline.PipelineStateManager (PipelineStateManager.java:finalizePipeline(123)) - Pipeline Pipeline[ Id: 1d0a534f-ec8b-4c59-8260-4c6f9bdd6a0a, Nodes: 8c5522c8-f35d-44ba-91f8-db341543b05d{ip: 192.168.34.33, host: pr-hdds-2142-clczg-3805722443, networkLocation: /default-rack, certSerialId: null}, Type:RATIS, Factor:ONE, State:CLOSED] moved to CLOSED state
2019-09-17 13:08:26,018 [ForkJoinPool.commonPool-worker-0] INFO  ozoneimpl.OzoneContainer (OzoneContainer.java:stop(231)) - Attempting to stop container services.
2019-09-17 13:08:26,018 [main] INFO  ozoneimpl.OzoneContainer (OzoneContainer.java:stop(231)) - Attempting to stop container services.
2019-09-17 13:08:26,021 [ForkJoinPool.commonPool-worker-0] INFO  impl.RaftServerProxy (RaftServerProxy.java:lambda$close$4(314)) - b30f90cd-ab04-4ed5-9a9b-61135d4290ae: close
2019-09-17 13:08:26,022 [main] INFO  impl.RaftServerProxy (RaftServerProxy.java:lambda$close$4(314)) - 8c5522c8-f35d-44ba-91f8-db341543b05d: close
2019-09-17 13:08:26,022 [ForkJoinPool.commonPool-worker-0] INFO  impl.RaftServerImpl (RaftServerImpl.java:lambda$shutdown$3(251)) - b30f90cd-ab04-4ed5-9a9b-61135d4290ae@group-558E41E10F37: shutdown
2019-09-17 13:08:26,022 [main] INFO  impl.RaftServerImpl (RaftServerImpl.java:lambda$shutdown$3(251)) - 8c5522c8-f35d-44ba-91f8-db341543b05d@group-66CF6D82602C: shutdown
2019-09-17 13:08:26,022 [ForkJoinPool.commonPool-worker-0] INFO  util.JmxRegister (JmxRegister.java:unregister(73)) - Successfully un-registered JMX Bean with object name Ratis:service=RaftServer,group=group-558E41E10F37,id=b30f90cd-ab04-4ed5-9a9b-61135d4290ae
2019-09-17 13:08:26,023 [main] INFO  util.JmxRegister (JmxRegister.java:unregister(73)) - Successfully un-registered JMX Bean with object name Ratis:service=RaftServer,group=group-66CF6D82602C,id=8c5522c8-f35d-44ba-91f8-db341543b05d
2019-09-17 13:08:26,023 [ForkJoinPool.commonPool-worker-0] INFO  impl.RoleInfo (RoleInfo.java:shutdownFollowerState(121)) - b30f90cd-ab04-4ed5-9a9b-61135d4290ae: shutdown FollowerState
2019-09-17 13:08:26,023 [main] INFO  impl.RoleInfo (RoleInfo.java:shutdownFollowerState(121)) - 8c5522c8-f35d-44ba-91f8-db341543b05d: shutdown FollowerState
2019-09-17 13:08:26,024 [Thread-3641] INFO  impl.FollowerState (FollowerState.java:run(115)) - b30f90cd-ab04-4ed5-9a9b-61135d4290ae: FollowerState was interrupted: java.lang.InterruptedException: sleep interrupted
2019-09-17 13:08:26,023 [ForkJoinPool.commonPool-worker-0] INFO  impl.StateMachineUpdater (StateMachineUpdater.java:stopAndJoin(125)) - b30f90cd-ab04-4ed5-9a9b-61135d4290ae@group-558E41E10F37-StateMachineUpdater: set stopIndex = 8
2019-09-17 13:08:26,025 [8c5522c8-f35d-44ba-91f8-db341543b05d@group-66CF6D82602C-StateMachineUpdater] INFO  ratis.ContainerStateMachine (ContainerStateMachine.java:takeSnapshot(289)) - group-66CF6D82602C: Taking a snapshot at:(t:2, i:7) file /workdir/hadoop-ozone/integration-test/target/test-dir/MiniOzoneClusterImpl-caf98cc2-320f-4cdb-8f1a-69abe353d978/datanode-3/data/ratis/57709775-457f-4b27-971d-66cf6d82602c/sm/snapshot.2_7
2019-09-17 13:08:26,024 [Thread-3714] INFO  impl.FollowerState (FollowerState.java:run(115)) - 8c5522c8-f35d-44ba-91f8-db341543b05d: FollowerState was interrupted: java.lang.InterruptedException: sleep interrupted
2019-09-17 13:08:26,024 [b30f90cd-ab04-4ed5-9a9b-61135d4290ae@group-558E41E10F37-StateMachineUpdater] INFO  ratis.ContainerStateMachine (ContainerStateMachine.java:takeSnapshot(289)) - group-558E41E10F37: Taking a snapshot at:(t:1, i:7) file /workdir/hadoop-ozone/integration-test/target/test-dir/MiniOzoneClusterImpl-caf98cc2-320f-4cdb-8f1a-69abe353d978/datanode-2/data/ratis/863094da-fc8c-4c55-b729-558e41e10f37/sm/snapshot.1_7
2019-09-17 13:08:26,024 [main] INFO  impl.StateMachineUpdater (StateMachineUpdater.java:stopAndJoin(125)) - 8c5522c8-f35d-44ba-91f8-db341543b05d@group-66CF6D82602C-StateMachineUpdater: set stopIndex = 8
2019-09-17 13:08:26,042 [8c5522c8-f35d-44ba-91f8-db341543b05d@group-66CF6D82602C-StateMachineUpdater] INFO  ratis.ContainerStateMachine (ContainerStateMachine.java:takeSnapshot(300)) - group-66CF6D82602C: Finished taking a snapshot at:(t:2, i:7) file:/workdir/hadoop-ozone/integration-test/target/test-dir/MiniOzoneClusterImpl-caf98cc2-320f-4cdb-8f1a-69abe353d978/datanode-3/data/ratis/57709775-457f-4b27-971d-66cf6d82602c/sm/snapshot.2_7 time:18
2019-09-17 13:08:26,042 [b30f90cd-ab04-4ed5-9a9b-61135d4290ae@group-558E41E10F37-StateMachineUpdater] INFO  ratis.ContainerStateMachine (ContainerStateMachine.java:takeSnapshot(300)) - group-558E41E10F37: Finished taking a snapshot at:(t:1, i:7) file:/workdir/hadoop-ozone/integration-test/target/test-dir/MiniOzoneClusterImpl-caf98cc2-320f-4cdb-8f1a-69abe353d978/datanode-2/data/ratis/863094da-fc8c-4c55-b729-558e41e10f37/sm/snapshot.1_7 time:18
2019-09-17 13:08:26,042 [b30f90cd-ab04-4ed5-9a9b-61135d4290ae@group-558E41E10F37-StateMachineUpdater] INFO  impl.StateMachineUpdater (StateMachineUpdater.java:takeSnapshot(258)) - b30f90cd-ab04-4ed5-9a9b-61135d4290ae@group-558E41E10F37-StateMachineUpdater: Took a snapshot at index 7
2019-09-17 13:08:26,042 [8c5522c8-f35d-44ba-91f8-db341543b05d@group-66CF6D82602C-StateMachineUpdater] INFO  impl.StateMachineUpdater (StateMachineUpdater.java:takeSnapshot(258)) - 8c5522c8-f35d-44ba-91f8-db341543b05d@group-66CF6D82602C-StateMachineUpdater: Took a snapshot at index 7
2019-09-17 13:08:26,042 [b30f90cd-ab04-4ed5-9a9b-61135d4290ae@group-558E41E10F37-StateMachineUpdater] INFO  impl.StateMachineUpdater (StateMachineUpdater.java:lambda$new$0(83)) - b30f90cd-ab04-4ed5-9a9b-61135d4290ae@group-558E41E10F37-StateMachineUpdater: snapshotIndex: updateIncreasingly -1 -> 7
2019-09-17 13:08:26,043 [8c5522c8-f35d-44ba-91f8-db341543b05d@group-66CF6D82602C-StateMachineUpdater] INFO  impl.StateMachineUpdater (StateMachineUpdater.java:lambda$new$0(83)) - 8c5522c8-f35d-44ba-91f8-db341543b05d@group-66CF6D82602C-StateMachineUpdater: snapshotIndex: updateIncreasingly -1 -> 7
2019-09-17 13:08:26,043 [8c5522c8-f35d-44ba-91f8-db341543b05d@group-66CF6D82602C-StateMachineUpdater] INFO  ratis.ContainerStateMachine (ContainerStateMachine.java:takeSnapshot(289)) - group-66CF6D82602C: Taking a snapshot at:(t:2, i:7) file /workdir/hadoop-ozone/integration-test/target/test-dir/MiniOzoneClusterImpl-caf98cc2-320f-4cdb-8f1a-69abe353d978/datanode-3/data/ratis/57709775-457f-4b27-971d-66cf6d82602c/sm/snapshot.2_7
2019-09-17 13:08:26,043 [b30f90cd-ab04-4ed5-9a9b-61135d4290ae@group-558E41E10F37-StateMachineUpdater] INFO  ratis.ContainerStateMachine (ContainerStateMachine.java:takeSnapshot(289)) - group-558E41E10F37: Taking a snapshot at:(t:1, i:7) file /workdir/hadoop-ozone/integration-test/target/test-dir/MiniOzoneClusterImpl-caf98cc2-320f-4cdb-8f1a-69abe353d978/datanode-2/data/ratis/863094da-fc8c-4c55-b729-558e41e10f37/sm/snapshot.1_7
2019-09-17 13:08:26,047 [b30f90cd-ab04-4ed5-9a9b-61135d4290ae@group-558E41E10F37-StateMachineUpdater] INFO  ratis.ContainerStateMachine (ContainerStateMachine.java:takeSnapshot(300)) - group-558E41E10F37: Finished taking a snapshot at:(t:1, i:7) file:/workdir/hadoop-ozone/integration-test/target/test-dir/MiniOzoneClusterImpl-caf98cc2-320f-4cdb-8f1a-69abe353d978/datanode-2/data/ratis/863094da-fc8c-4c55-b729-558e41e10f37/sm/snapshot.1_7 time:3
2019-09-17 13:08:26,047 [8c5522c8-f35d-44ba-91f8-db341543b05d@group-66CF6D82602C-StateMachineUpdater] INFO  ratis.ContainerStateMachine (ContainerStateMachine.java:takeSnapshot(300)) - group-66CF6D82602C: Finished taking a snapshot at:(t:2, i:7) file:/workdir/hadoop-ozone/integration-test/target/test-dir/MiniOzoneClusterImpl-caf98cc2-320f-4cdb-8f1a-69abe353d978/datanode-3/data/ratis/57709775-457f-4b27-971d-66cf6d82602c/sm/snapshot.2_7 time:3
2019-09-17 13:08:26,047 [b30f90cd-ab04-4ed5-9a9b-61135d4290ae@group-558E41E10F37-StateMachineUpdater] INFO  impl.StateMachineUpdater (StateMachineUpdater.java:takeSnapshot(258)) - b30f90cd-ab04-4ed5-9a9b-61135d4290ae@group-558E41E10F37-StateMachineUpdater: Took a snapshot at index 7
2019-09-17 13:08:26,047 [8c5522c8-f35d-44ba-91f8-db341543b05d@group-66CF6D82602C-StateMachineUpdater] INFO  impl.StateMachineUpdater (StateMachineUpdater.java:takeSnapshot(258)) - 8c5522c8-f35d-44ba-91f8-db341543b05d@group-66CF6D82602C-StateMachineUpdater: Took a snapshot at index 7
2019-09-17 13:08:26,047 [b30f90cd-ab04-4ed5-9a9b-61135d4290ae@group-558E41E10F37-StateMachineUpdater] INFO  impl.StateMachineUpdater (StateMachineUpdater.java:lambda$new$0(83)) - b30f90cd-ab04-4ed5-9a9b-61135d4290ae@group-558E41E10F37-StateMachineUpdater: snapshotIndex: updateIncreasingly 7 -> 7
2019-09-17 13:08:26,047 [8c5522c8-f35d-44ba-91f8-db341543b05d@group-66CF6D82602C-StateMachineUpdater] INFO  impl.StateMachineUpdater (StateMachineUpdater.java:lambda$new$0(83)) - 8c5522c8-f35d-44ba-91f8-db341543b05d@group-66CF6D82602C-StateMachineUpdater: snapshotIndex: updateIncreasingly 7 -> 7
2019-09-17 13:08:26,048 [ForkJoinPool.commonPool-worker-0] INFO  impl.RaftServerImpl (ServerState.java:close(385)) - b30f90cd-ab04-4ed5-9a9b-61135d4290ae@group-558E41E10F37: closes. applyIndex: 8
2019-09-17 13:08:26,048 [main] INFO  impl.RaftServerImpl (ServerState.java:close(385)) - 8c5522c8-f35d-44ba-91f8-db341543b05d@group-66CF6D82602C: closes. applyIndex: 8
2019-09-17 13:08:26,048 [b30f90cd-ab04-4ed5-9a9b-61135d4290ae@group-558E41E10F37-SegmentedRaftLogWorker] INFO  segmented.SegmentedRaftLogWorker (SegmentedRaftLogWorker.java:run(313)) - b30f90cd-ab04-4ed5-9a9b-61135d4290ae@group-558E41E10F37-SegmentedRaftLogWorker was interrupted, exiting. There are 0 tasks remaining in the queue.
2019-09-17 13:08:26,049 [8c5522c8-f35d-44ba-91f8-db341543b05d@group-66CF6D82602C-SegmentedRaftLogWorker] INFO  segmented.SegmentedRaftLogWorker (SegmentedRaftLogWorker.java:run(313)) - 8c5522c8-f35d-44ba-91f8-db341543b05d@group-66CF6D82602C-SegmentedRaftLogWorker was interrupted, exiting. There are 0 tasks remaining in the queue.
2019-09-17 13:08:26,051 [main] INFO  segmented.SegmentedRaftLogWorker (SegmentedRaftLogWorker.java:close(228)) - 8c5522c8-f35d-44ba-91f8-db341543b05d@group-66CF6D82602C-SegmentedRaftLogWorker close()
2019-09-17 13:08:26,052 [ForkJoinPool.commonPool-worker-0] INFO  segmented.SegmentedRaftLogWorker (SegmentedRaftLogWorker.java:close(228)) - b30f90cd-ab04-4ed5-9a9b-61135d4290ae@group-558E41E10F37-SegmentedRaftLogWorker close()
2019-09-17 13:08:26,054 [main] INFO  impl.RaftServerImpl (RaftServerImpl.java:lambda$shutdown$3(251)) - 8c5522c8-f35d-44ba-91f8-db341543b05d@group-4C6F9BDD6A0A: shutdown
2019-09-17 13:08:26,057 [ForkJoinPool.commonPool-worker-0] INFO  impl.RaftServerImpl (RaftServerImpl.java:lambda$shutdown$3(251)) - b30f90cd-ab04-4ed5-9a9b-61135d4290ae@group-F0088E4E71E5: shutdown
2019-09-17 13:08:26,058 [main] INFO  util.JmxRegister (JmxRegister.java:unregister(73)) - Successfully un-registered JMX Bean with object name Ratis:service=RaftServer,group=group-4C6F9BDD6A0A,id=8c5522c8-f35d-44ba-91f8-db341543b05d
2019-09-17 13:08:26,058 [ForkJoinPool.commonPool-worker-0] INFO  util.JmxRegister (JmxRegister.java:unregister(73)) - Successfully un-registered JMX Bean with object name Ratis:service=RaftServer,group=group-F0088E4E71E5,id=b30f90cd-ab04-4ed5-9a9b-61135d4290ae
2019-09-17 13:08:26,058 [main] INFO  impl.RoleInfo (RoleInfo.java:shutdownLeaderState(104)) - 8c5522c8-f35d-44ba-91f8-db341543b05d: shutdown LeaderState
2019-09-17 13:08:26,059 [ForkJoinPool.commonPool-worker-0] INFO  impl.RoleInfo (RoleInfo.java:shutdownLeaderState(104)) - b30f90cd-ab04-4ed5-9a9b-61135d4290ae: shutdown LeaderState
2019-09-17 13:08:26,059 [main] INFO  impl.PendingRequests (PendingRequests.java:sendNotLeaderResponses(202)) - 8c5522c8-f35d-44ba-91f8-db341543b05d-PendingRequests: sendNotLeaderResponses
2019-09-17 13:08:26,059 [ForkJoinPool.commonPool-worker-0] INFO  impl.PendingRequests (PendingRequests.java:sendNotLeaderResponses(202)) - b30f90cd-ab04-4ed5-9a9b-61135d4290ae-PendingRequests: sendNotLeaderResponses
2019-09-17 13:08:26,060 [main] INFO  impl.StateMachineUpdater (StateMachineUpdater.java:stopAndJoin(125)) - 8c5522c8-f35d-44ba-91f8-db341543b05d@group-4C6F9BDD6A0A-StateMachineUpdater: set stopIndex = 0
2019-09-17 13:08:26,060 [ForkJoinPool.commonPool-worker-0] INFO  impl.StateMachineUpdater (StateMachineUpdater.java:stopAndJoin(125)) - b30f90cd-ab04-4ed5-9a9b-61135d4290ae@group-F0088E4E71E5-StateMachineUpdater: set stopIndex = 0
2019-09-17 13:08:26,060 [main] INFO  impl.RaftServerImpl (ServerState.java:close(385)) - 8c5522c8-f35d-44ba-91f8-db341543b05d@group-4C6F9BDD6A0A: closes. applyIndex: 0
2019-09-17 13:08:26,060 [ForkJoinPool.commonPool-worker-0] INFO  impl.RaftServerImpl (ServerState.java:close(385)) - b30f90cd-ab04-4ed5-9a9b-61135d4290ae@group-F0088E4E71E5: closes. applyIndex: 0
2019-09-17 13:08:26,061 [8c5522c8-f35d-44ba-91f8-db341543b05d@group-4C6F9BDD6A0A-SegmentedRaftLogWorker] INFO  segmented.SegmentedRaftLogWorker (SegmentedRaftLogWorker.java:run(313)) - 8c5522c8-f35d-44ba-91f8-db341543b05d@group-4C6F9BDD6A0A-SegmentedRaftLogWorker was interrupted, exiting. There are 0 tasks remaining in the queue.
2019-09-17 13:08:26,061 [b30f90cd-ab04-4ed5-9a9b-61135d4290ae@group-F0088E4E71E5-SegmentedRaftLogWorker] INFO  segmented.SegmentedRaftLogWorker (SegmentedRaftLogWorker.java:run(313)) - b30f90cd-ab04-4ed5-9a9b-61135d4290ae@group-F0088E4E71E5-SegmentedRaftLogWorker was interrupted, exiting. There are 0 tasks remaining in the queue.
2019-09-17 13:08:26,062 [main] INFO  segmented.SegmentedRaftLogWorker (SegmentedRaftLogWorker.java:close(228)) - 8c5522c8-f35d-44ba-91f8-db341543b05d@group-4C6F9BDD6A0A-SegmentedRaftLogWorker close()
2019-09-17 13:08:26,064 [ForkJoinPool.commonPool-worker-0] INFO  segmented.SegmentedRaftLogWorker (SegmentedRaftLogWorker.java:close(228)) - b30f90cd-ab04-4ed5-9a9b-61135d4290ae@group-F0088E4E71E5-SegmentedRaftLogWorker close()
2019-09-17 13:08:26,067 [main] INFO  server.GrpcService (GrpcService.java:closeImpl(164)) - 8c5522c8-f35d-44ba-91f8-db341543b05d: shutdown server with port 41999 now
2019-09-17 13:08:26,077 [ForkJoinPool.commonPool-worker-0] INFO  server.GrpcService (GrpcService.java:closeImpl(164)) - b30f90cd-ab04-4ed5-9a9b-61135d4290ae: shutdown server with port 35399 now
2019-09-17 13:08:26,080 [grpc-default-executor-11] WARN  server.GrpcServerProtocolService (LogUtils.java:warn(134)) - 8c5522c8-f35d-44ba-91f8-db341543b05d: installSnapshot onError, lastRequest: 50f49b90-e99d-4336-a11e-085101dab1f3->8c5522c8-f35d-44ba-91f8-db341543b05d#12-t2, previous=(t:2, i:8), leaderCommit=8, initializing? false, entries: <empty>: org.apache.ratis.thirdparty.io.grpc.StatusRuntimeException: CANCELLED: cancelled before receiving half close
2019-09-17 13:08:26,081 [main] INFO  server.GrpcService (GrpcService.java:closeImpl(172)) - 8c5522c8-f35d-44ba-91f8-db341543b05d: shutdown server with port 41999 successfully
2019-09-17 13:08:26,081 [grpc-default-executor-10] WARN  server.GrpcLogAppender (LogUtils.java:warn(134)) - 50f49b90-e99d-4336-a11e-085101dab1f3@group-66CF6D82602C->8c5522c8-f35d-44ba-91f8-db341543b05d-AppendLogResponseHandler: Failed appendEntries: org.apache.ratis.thirdparty.io.grpc.StatusRuntimeException: CANCELLED: HTTP/2 error code: CANCEL
Received Rst Stream
2019-09-17 13:08:26,081 [grpc-default-executor-3] WARN  server.GrpcServerProtocolService (LogUtils.java:warn(134)) - b30f90cd-ab04-4ed5-9a9b-61135d4290ae: installSnapshot onError, lastRequest: c786c601-e0a1-4ea9-8579-a25f069b88e9->b30f90cd-ab04-4ed5-9a9b-61135d4290ae#14-t1, previous=(t:1, i:8), leaderCommit=8, initializing? false, entries: <empty>: org.apache.ratis.thirdparty.io.grpc.StatusRuntimeException: CANCELLED: cancelled before receiving half close
2019-09-17 13:08:26,081 [ForkJoinPool.commonPool-worker-0] INFO  server.GrpcService (GrpcService.java:closeImpl(172)) - b30f90cd-ab04-4ed5-9a9b-61135d4290ae: shutdown server with port 35399 successfully
2019-09-17 13:08:26,081 [grpc-default-executor-1] WARN  server.GrpcLogAppender (LogUtils.java:warn(134)) - c786c601-e0a1-4ea9-8579-a25f069b88e9@group-558E41E10F37->b30f90cd-ab04-4ed5-9a9b-61135d4290ae-AppendLogResponseHandler: Failed appendEntries: org.apache.ratis.thirdparty.io.grpc.StatusRuntimeException: CANCELLED: HTTP/2 error code: CANCEL
Received Rst Stream
2019-09-17 13:08:26,081 [grpc-default-executor-10] INFO  impl.FollowerInfo (FollowerInfo.java:lambda$new$0(51)) - 50f49b90-e99d-4336-a11e-085101dab1f3@group-66CF6D82602C->8c5522c8-f35d-44ba-91f8-db341543b05d: nextIndex: updateUnconditionally 9 -> 8
2019-09-17 13:08:26,082 [grpc-default-executor-1] INFO  impl.FollowerInfo (FollowerInfo.java:lambda$new$0(51)) - c786c601-e0a1-4ea9-8579-a25f069b88e9@group-558E41E10F37->b30f90cd-ab04-4ed5-9a9b-61135d4290ae: nextIndex: updateUnconditionally 9 -> 8
2019-09-17 13:08:26,084 [refreshUsed-/workdir/hadoop-ozone/integration-test/target/test-dir/MiniOzoneClusterImpl-caf98cc2-320f-4cdb-8f1a-69abe353d978/datanode-3/data/containers] WARN  fs.CachingGetSpaceUsed (CachingGetSpaceUsed.java:run(183)) - Thread Interrupted waiting to refresh disk information: sleep interrupted
2019-09-17 13:08:26,087 [refreshUsed-/workdir/hadoop-ozone/integration-test/target/test-dir/MiniOzoneClusterImpl-caf98cc2-320f-4cdb-8f1a-69abe353d978/datanode-2/data/containers] WARN  fs.CachingGetSpaceUsed (CachingGetSpaceUsed.java:run(183)) - Thread Interrupted waiting to refresh disk information: sleep interrupted
2019-09-17 13:08:26,105 [ForkJoinPool.commonPool-worker-0] INFO  utils.BackgroundService (BackgroundService.java:shutdown(148)) - Shutting down service BlockDeletingService
2019-09-17 13:08:26,108 [ForkJoinPool.commonPool-worker-0] INFO  statemachine.DatanodeStateMachine (DatanodeStateMachine.java:stopDaemon(395)) - Ozone container server stopped.
2019-09-17 13:08:26,112 [ForkJoinPool.commonPool-worker-0] INFO  handler.ContextHandler (ContextHandler.java:doStop(910)) - Stopped o.e.j.w.WebAppContext@77fc19cf{/,null,UNAVAILABLE}{/hddsDatanode}
2019-09-17 13:08:26,113 [ForkJoinPool.commonPool-worker-0] INFO  server.AbstractConnector (AbstractConnector.java:doStop(318)) - Stopped ServerConnector@643ecfef{HTTP/1.1,[http/1.1]}{0.0.0.0:0}
2019-09-17 13:08:26,113 [ForkJoinPool.commonPool-worker-0] INFO  handler.ContextHandler (ContextHandler.java:doStop(910)) - Stopped o.e.j.s.ServletContextHandler@6735f210{/static,jar:file:/home/user/.m2/repository/org/apache/hadoop/hadoop-hdds-container-service/0.5.0-SNAPSHOT/hadoop-hdds-container-service-0.5.0-SNAPSHOT.jar!/webapps/static,UNAVAILABLE}
2019-09-17 13:08:26,113 [ForkJoinPool.commonPool-worker-0] INFO  handler.ContextHandler (ContextHandler.java:doStop(910)) - Stopped o.e.j.s.ServletContextHandler@69a373fd{/logs,file:///workdir/hadoop-ozone/integration-test/target/log,UNAVAILABLE}
2019-09-17 13:08:26,114 [main] INFO  utils.BackgroundService (BackgroundService.java:shutdown(148)) - Shutting down service BlockDeletingService
2019-09-17 13:08:26,121 [main] INFO  statemachine.DatanodeStateMachine (DatanodeStateMachine.java:stopDaemon(395)) - Ozone container server stopped.
2019-09-17 13:08:26,122 [main] INFO  handler.ContextHandler (ContextHandler.java:doStop(910)) - Stopped o.e.j.w.WebAppContext@e01a26b{/,null,UNAVAILABLE}{/hddsDatanode}
2019-09-17 13:08:26,122 [main] INFO  server.AbstractConnector (AbstractConnector.java:doStop(318)) - Stopped ServerConnector@7604198a{HTTP/1.1,[http/1.1]}{0.0.0.0:0}
2019-09-17 13:08:26,123 [main] INFO  handler.ContextHandler (ContextHandler.java:doStop(910)) - Stopped o.e.j.s.ServletContextHandler@1b409a79{/static,jar:file:/home/user/.m2/repository/org/apache/hadoop/hadoop-hdds-container-service/0.5.0-SNAPSHOT/hadoop-hdds-container-service-0.5.0-SNAPSHOT.jar!/webapps/static,UNAVAILABLE}
2019-09-17 13:08:26,123 [main] INFO  handler.ContextHandler (ContextHandler.java:doStop(910)) - Stopped o.e.j.s.ServletContextHandler@2dcd0e41{/logs,file:///workdir/hadoop-ozone/integration-test/target/log,UNAVAILABLE}
2019-09-17 13:08:26,519 [Datanode State Machine Thread - 0] INFO  statemachine.DatanodeStateMachine (DatanodeStateMachine.java:lambda$startDaemon$0(350)) - Ozone container server started.
2019-09-17 13:08:27,021 [Datanode State Machine Thread - 0] INFO  statemachine.DatanodeStateMachine (DatanodeStateMachine.java:lambda$startDaemon$0(350)) - Ozone container server started.
2019-09-17 13:08:27,496 [grpc-default-executor-10] WARN  server.GrpcLogAppender (LogUtils.java:warn(134)) - c786c601-e0a1-4ea9-8579-a25f069b88e9@group-558E41E10F37->1a3d981f-7244-4107-b16e-282149130905-AppendLogResponseHandler: Failed appendEntries: org.apache.ratis.thirdparty.io.grpc.StatusRuntimeException: UNAVAILABLE: io exception
2019-09-17 13:08:27,497 [grpc-default-executor-10] INFO  impl.FollowerInfo (FollowerInfo.java:lambda$new$0(51)) - c786c601-e0a1-4ea9-8579-a25f069b88e9@group-558E41E10F37->1a3d981f-7244-4107-b16e-282149130905: nextIndex: updateUnconditionally 5 -> 4
2019-09-17 13:08:27,499 [grpc-default-executor-10] WARN  server.GrpcLogAppender (LogUtils.java:warn(134)) - c786c601-e0a1-4ea9-8579-a25f069b88e9@group-558E41E10F37->b30f90cd-ab04-4ed5-9a9b-61135d4290ae-AppendLogResponseHandler: Failed appendEntries: org.apache.ratis.thirdparty.io.grpc.StatusRuntimeException: UNAVAILABLE: io exception
2019-09-17 13:08:27,499 [grpc-default-executor-10] INFO  impl.FollowerInfo (FollowerInfo.java:lambda$new$0(51)) - c786c601-e0a1-4ea9-8579-a25f069b88e9@group-558E41E10F37->b30f90cd-ab04-4ed5-9a9b-61135d4290ae: nextIndex: updateUnconditionally 8 -> 7
2019-09-17 13:08:27,820 [grpc-default-executor-10] WARN  server.GrpcLogAppender (LogUtils.java:warn(134)) - 50f49b90-e99d-4336-a11e-085101dab1f3@group-66CF6D82602C->bafc845d-bbde-4f8f-86b6-115dec71aedb-AppendLogResponseHandler: Failed appendEntries: org.apache.ratis.thirdparty.io.grpc.StatusRuntimeException: UNAVAILABLE: io exception
2019-09-17 13:08:27,821 [grpc-default-executor-10] INFO  impl.FollowerInfo (FollowerInfo.java:lambda$new$0(51)) - 50f49b90-e99d-4336-a11e-085101dab1f3@group-66CF6D82602C->bafc845d-bbde-4f8f-86b6-115dec71aedb: nextIndex: updateUnconditionally 5 -> 4
2019-09-17 13:08:27,823 [grpc-default-executor-10] WARN  server.GrpcLogAppender (LogUtils.java:warn(134)) - 50f49b90-e99d-4336-a11e-085101dab1f3@group-66CF6D82602C->8c5522c8-f35d-44ba-91f8-db341543b05d-AppendLogResponseHandler: Failed appendEntries: org.apache.ratis.thirdparty.io.grpc.StatusRuntimeException: UNAVAILABLE: io exception
2019-09-17 13:08:27,823 [grpc-default-executor-10] INFO  impl.FollowerInfo (FollowerInfo.java:lambda$new$0(51)) - 50f49b90-e99d-4336-a11e-085101dab1f3@group-66CF6D82602C->8c5522c8-f35d-44ba-91f8-db341543b05d: nextIndex: updateUnconditionally 8 -> 7
2019-09-17 13:08:30,003 [grpc-default-executor-3] WARN  server.GrpcLogAppender (LogUtils.java:warn(134)) - c786c601-e0a1-4ea9-8579-a25f069b88e9@group-558E41E10F37->1a3d981f-7244-4107-b16e-282149130905-AppendLogResponseHandler: Failed appendEntries: org.apache.ratis.thirdparty.io.grpc.StatusRuntimeException: UNAVAILABLE: io exception
2019-09-17 13:08:30,003 [grpc-default-executor-10] WARN  server.GrpcLogAppender (LogUtils.java:warn(134)) - c786c601-e0a1-4ea9-8579-a25f069b88e9@group-558E41E10F37->b30f90cd-ab04-4ed5-9a9b-61135d4290ae-AppendLogResponseHandler: Failed appendEntries: org.apache.ratis.thirdparty.io.grpc.StatusRuntimeException: UNAVAILABLE: io exception
2019-09-17 13:08:30,004 [grpc-default-executor-10] INFO  impl.FollowerInfo (FollowerInfo.java:lambda$new$0(51)) - c786c601-e0a1-4ea9-8579-a25f069b88e9@group-558E41E10F37->b30f90cd-ab04-4ed5-9a9b-61135d4290ae: nextIndex: updateUnconditionally 7 -> 6
2019-09-17 13:08:30,004 [grpc-default-executor-3] INFO  impl.FollowerInfo (FollowerInfo.java:lambda$new$0(51)) - c786c601-e0a1-4ea9-8579-a25f069b88e9@group-558E41E10F37->1a3d981f-7244-4107-b16e-282149130905: nextIndex: updateUnconditionally 4 -> 3
2019-09-17 13:08:30,322 [grpc-default-executor-11] WARN  server.GrpcLogAppender (LogUtils.java:warn(134)) - 50f49b90-e99d-4336-a11e-085101dab1f3@group-66CF6D82602C->bafc845d-bbde-4f8f-86b6-115dec71aedb-AppendLogResponseHandler: Failed appendEntries: org.apache.ratis.thirdparty.io.grpc.StatusRuntimeException: UNAVAILABLE: io exception
2019-09-17 13:08:30,322 [grpc-default-executor-11] INFO  impl.FollowerInfo (FollowerInfo.java:lambda$new$0(51)) - 50f49b90-e99d-4336-a11e-085101dab1f3@group-66CF6D82602C->bafc845d-bbde-4f8f-86b6-115dec71aedb: nextIndex: updateUnconditionally 4 -> 3
2019-09-17 13:08:30,324 [grpc-default-executor-10] WARN  server.GrpcLogAppender (LogUtils.java:warn(134)) - 50f49b90-e99d-4336-a11e-085101dab1f3@group-66CF6D82602C->8c5522c8-f35d-44ba-91f8-db341543b05d-AppendLogResponseHandler: Failed appendEntries: org.apache.ratis.thirdparty.io.grpc.StatusRuntimeException: UNAVAILABLE: io exception
2019-09-17 13:08:30,324 [grpc-default-executor-10] INFO  impl.FollowerInfo (FollowerInfo.java:lambda$new$0(51)) - 50f49b90-e99d-4336-a11e-085101dab1f3@group-66CF6D82602C->8c5522c8-f35d-44ba-91f8-db341543b05d: nextIndex: updateUnconditionally 7 -> 6
2019-09-17 13:08:30,614 [EventQueue-StaleNodeForStaleNodeHandler] INFO  node.StaleNodeHandler (StaleNodeHandler.java:onMessage(58)) - Datanode c786c601-e0a1-4ea9-8579-a25f069b88e9{ip: 192.168.34.33, host: pr-hdds-2142-clczg-3805722443, networkLocation: /default-rack, certSerialId: null} moved to stale state. Finalizing its pipelines [PipelineID=bdd12618-ac89-4cd8-8084-3e12880957e6, PipelineID=863094da-fc8c-4c55-b729-558e41e10f37]
2019-09-17 13:08:30,614 [EventQueue-StaleNodeForStaleNodeHandler] INFO  pipeline.SCMPipelineManager (SCMPipelineManager.java:finalizeAndDestroyPipeline(311)) - destroying pipeline:Pipeline[ Id: bdd12618-ac89-4cd8-8084-3e12880957e6, Nodes: c786c601-e0a1-4ea9-8579-a25f069b88e9{ip: 192.168.34.33, host: pr-hdds-2142-clczg-3805722443, networkLocation: /default-rack, certSerialId: null}, Type:RATIS, Factor:ONE, State:OPEN]
2019-09-17 13:08:30,614 [EventQueue-StaleNodeForStaleNodeHandler] INFO  pipeline.PipelineStateManager (PipelineStateManager.java:finalizePipeline(123)) - Pipeline Pipeline[ Id: bdd12618-ac89-4cd8-8084-3e12880957e6, Nodes: c786c601-e0a1-4ea9-8579-a25f069b88e9{ip: 192.168.34.33, host: pr-hdds-2142-clczg-3805722443, networkLocation: /default-rack, certSerialId: null}, Type:RATIS, Factor:ONE, State:CLOSED] moved to CLOSED state
2019-09-17 13:08:30,615 [EventQueue-StaleNodeForStaleNodeHandler] INFO  pipeline.SCMPipelineManager (SCMPipelineManager.java:finalizeAndDestroyPipeline(311)) - destroying pipeline:Pipeline[ Id: 863094da-fc8c-4c55-b729-558e41e10f37, Nodes: b30f90cd-ab04-4ed5-9a9b-61135d4290ae{ip: 192.168.34.33, host: pr-hdds-2142-clczg-3805722443, networkLocation: /default-rack, certSerialId: null}1a3d981f-7244-4107-b16e-282149130905{ip: 192.168.34.33, host: pr-hdds-2142-clczg-3805722443, networkLocation: /default-rack, certSerialId: null}c786c601-e0a1-4ea9-8579-a25f069b88e9{ip: 192.168.34.33, host: pr-hdds-2142-clczg-3805722443, networkLocation: /default-rack, certSerialId: null}, Type:RATIS, Factor:THREE, State:CLOSED]
2019-09-17 13:08:31,114 [EventQueue-StaleNodeForStaleNodeHandler] INFO  node.StaleNodeHandler (StaleNodeHandler.java:onMessage(58)) - Datanode 76b382c4-29be-4015-813a-8e99538dd1de{ip: 192.168.34.33, host: pr-hdds-2142-clczg-3805722443, networkLocation: /default-rack, certSerialId: null} moved to stale state. Finalizing its pipelines [PipelineID=b4ec864e-2b99-4bc9-9daa-d229efcd60f9]
2019-09-17 13:08:31,114 [EventQueue-StaleNodeForStaleNodeHandler] INFO  pipeline.SCMPipelineManager (SCMPipelineManager.java:finalizeAndDestroyPipeline(311)) - destroying pipeline:Pipeline[ Id: b4ec864e-2b99-4bc9-9daa-d229efcd60f9, Nodes: 76b382c4-29be-4015-813a-8e99538dd1de{ip: 192.168.34.33, host: pr-hdds-2142-clczg-3805722443, networkLocation: /default-rack, certSerialId: null}, Type:RATIS, Factor:ONE, State:OPEN]
2019-09-17 13:08:31,115 [EventQueue-StaleNodeForStaleNodeHandler] INFO  pipeline.PipelineStateManager (PipelineStateManager.java:finalizePipeline(123)) - Pipeline Pipeline[ Id: b4ec864e-2b99-4bc9-9daa-d229efcd60f9, Nodes: 76b382c4-29be-4015-813a-8e99538dd1de{ip: 192.168.34.33, host: pr-hdds-2142-clczg-3805722443, networkLocation: /default-rack, certSerialId: null}, Type:RATIS, Factor:ONE, State:CLOSED] moved to CLOSED state
2019-09-17 13:08:31,116 [ForkJoinPool.commonPool-worker-0] INFO  ozoneimpl.OzoneContainer (OzoneContainer.java:stop(231)) - Attempting to stop container services.
2019-09-17 13:08:31,119 [ForkJoinPool.commonPool-worker-0] INFO  impl.RaftServerProxy (RaftServerProxy.java:lambda$close$4(314)) - c786c601-e0a1-4ea9-8579-a25f069b88e9: close
2019-09-17 13:08:31,120 [ForkJoinPool.commonPool-worker-0] INFO  impl.RaftServerImpl (RaftServerImpl.java:lambda$shutdown$3(251)) - c786c601-e0a1-4ea9-8579-a25f069b88e9@group-3E12880957E6: shutdown
2019-09-17 13:08:31,121 [ForkJoinPool.commonPool-worker-0] INFO  util.JmxRegister (JmxRegister.java:unregister(73)) - Successfully un-registered JMX Bean with object name Ratis:service=RaftServer,group=group-3E12880957E6,id=c786c601-e0a1-4ea9-8579-a25f069b88e9
2019-09-17 13:08:31,121 [ForkJoinPool.commonPool-worker-0] INFO  impl.RoleInfo (RoleInfo.java:shutdownLeaderState(104)) - c786c601-e0a1-4ea9-8579-a25f069b88e9: shutdown LeaderState
2019-09-17 13:08:31,121 [ForkJoinPool.commonPool-worker-0] INFO  impl.PendingRequests (PendingRequests.java:sendNotLeaderResponses(202)) - c786c601-e0a1-4ea9-8579-a25f069b88e9-PendingRequests: sendNotLeaderResponses
2019-09-17 13:08:31,122 [ForkJoinPool.commonPool-worker-0] INFO  impl.StateMachineUpdater (StateMachineUpdater.java:stopAndJoin(125)) - c786c601-e0a1-4ea9-8579-a25f069b88e9@group-3E12880957E6-StateMachineUpdater: set stopIndex = 0
2019-09-17 13:08:31,123 [ForkJoinPool.commonPool-worker-0] INFO  impl.RaftServerImpl (ServerState.java:close(385)) - c786c601-e0a1-4ea9-8579-a25f069b88e9@group-3E12880957E6: closes. applyIndex: 0
2019-09-17 13:08:31,124 [c786c601-e0a1-4ea9-8579-a25f069b88e9@group-3E12880957E6-SegmentedRaftLogWorker] INFO  segmented.SegmentedRaftLogWorker (SegmentedRaftLogWorker.java:run(313)) - c786c601-e0a1-4ea9-8579-a25f069b88e9@group-3E12880957E6-SegmentedRaftLogWorker was interrupted, exiting. There are 0 tasks remaining in the queue.
2019-09-17 13:08:31,126 [main] INFO  ozoneimpl.OzoneContainer (OzoneContainer.java:stop(231)) - Attempting to stop container services.
2019-09-17 13:08:31,126 [ForkJoinPool.commonPool-worker-0] INFO  segmented.SegmentedRaftLogWorker (SegmentedRaftLogWorker.java:close(228)) - c786c601-e0a1-4ea9-8579-a25f069b88e9@group-3E12880957E6-SegmentedRaftLogWorker close()
2019-09-17 13:08:31,127 [main] INFO  impl.RaftServerProxy (RaftServerProxy.java:lambda$close$4(314)) - 76b382c4-29be-4015-813a-8e99538dd1de: close
2019-09-17 13:08:31,129 [ForkJoinPool.commonPool-worker-0] INFO  impl.RaftServerImpl (RaftServerImpl.java:lambda$shutdown$3(251)) - c786c601-e0a1-4ea9-8579-a25f069b88e9@group-558E41E10F37: shutdown
2019-09-17 13:08:31,129 [main] INFO  impl.RaftServerImpl (RaftServerImpl.java:lambda$shutdown$3(251)) - 76b382c4-29be-4015-813a-8e99538dd1de@group-D229EFCD60F9: shutdown
2019-09-17 13:08:31,129 [ForkJoinPool.commonPool-worker-0] INFO  util.JmxRegister (JmxRegister.java:unregister(73)) - Successfully un-registered JMX Bean with object name Ratis:service=RaftServer,group=group-558E41E10F37,id=c786c601-e0a1-4ea9-8579-a25f069b88e9
2019-09-17 13:08:31,129 [main] INFO  util.JmxRegister (JmxRegister.java:unregister(73)) - Successfully un-registered JMX Bean with object name Ratis:service=RaftServer,group=group-D229EFCD60F9,id=76b382c4-29be-4015-813a-8e99538dd1de
2019-09-17 13:08:31,129 [ForkJoinPool.commonPool-worker-0] INFO  impl.RoleInfo (RoleInfo.java:shutdownLeaderState(104)) - c786c601-e0a1-4ea9-8579-a25f069b88e9: shutdown LeaderState
2019-09-17 13:08:31,130 [main] INFO  impl.RoleInfo (RoleInfo.java:shutdownLeaderState(104)) - 76b382c4-29be-4015-813a-8e99538dd1de: shutdown LeaderState
2019-09-17 13:08:31,133 [org.apache.ratis.server.impl.LogAppender$AppenderDaemon$$Lambda$514/621436651@4e2c2774] WARN  server.GrpcLogAppender (GrpcLogAppender.java:mayWait(143)) - c786c601-e0a1-4ea9-8579-a25f069b88e9@group-558E41E10F37->1a3d981f-7244-4107-b16e-282149130905-GrpcLogAppender: Wait interrupted by java.lang.InterruptedException
2019-09-17 13:08:31,133 [ForkJoinPool.commonPool-worker-0] INFO  impl.PendingRequests (PendingRequests.java:sendNotLeaderResponses(202)) - c786c601-e0a1-4ea9-8579-a25f069b88e9-PendingRequests: sendNotLeaderResponses
2019-09-17 13:08:31,133 [main] INFO  impl.PendingRequests (PendingRequests.java:sendNotLeaderResponses(202)) - 76b382c4-29be-4015-813a-8e99538dd1de-PendingRequests: sendNotLeaderResponses
2019-09-17 13:08:31,133 [org.apache.ratis.server.impl.LogAppender$AppenderDaemon$$Lambda$514/621436651@5a0adeaa] WARN  server.GrpcLogAppender (GrpcLogAppender.java:mayWait(143)) - c786c601-e0a1-4ea9-8579-a25f069b88e9@group-558E41E10F37->b30f90cd-ab04-4ed5-9a9b-61135d4290ae-GrpcLogAppender: Wait interrupted by java.lang.InterruptedException
2019-09-17 13:08:31,135 [main] INFO  impl.StateMachineUpdater (StateMachineUpdater.java:stopAndJoin(125)) - 76b382c4-29be-4015-813a-8e99538dd1de@group-D229EFCD60F9-StateMachineUpdater: set stopIndex = 0
2019-09-17 13:08:31,135 [main] INFO  impl.RaftServerImpl (ServerState.java:close(385)) - 76b382c4-29be-4015-813a-8e99538dd1de@group-D229EFCD60F9: closes. applyIndex: 0
2019-09-17 13:08:31,135 [c786c601-e0a1-4ea9-8579-a25f069b88e9@group-558E41E10F37-StateMachineUpdater] INFO  ratis.ContainerStateMachine (ContainerStateMachine.java:takeSnapshot(289)) - group-558E41E10F37: Taking a snapshot at:(t:1, i:8) file /workdir/hadoop-ozone/integration-test/target/test-dir/MiniOzoneClusterImpl-caf98cc2-320f-4cdb-8f1a-69abe353d978/datanode-0/data/ratis/863094da-fc8c-4c55-b729-558e41e10f37/sm/snapshot.1_8
2019-09-17 13:08:31,135 [ForkJoinPool.commonPool-worker-0] INFO  impl.StateMachineUpdater (StateMachineUpdater.java:stopAndJoin(125)) - c786c601-e0a1-4ea9-8579-a25f069b88e9@group-558E41E10F37-StateMachineUpdater: set stopIndex = 8
2019-09-17 13:08:31,135 [76b382c4-29be-4015-813a-8e99538dd1de@group-D229EFCD60F9-SegmentedRaftLogWorker] INFO  segmented.SegmentedRaftLogWorker (SegmentedRaftLogWorker.java:run(313)) - 76b382c4-29be-4015-813a-8e99538dd1de@group-D229EFCD60F9-SegmentedRaftLogWorker was interrupted, exiting. There are 0 tasks remaining in the queue.
2019-09-17 13:08:31,140 [main] INFO  segmented.SegmentedRaftLogWorker (SegmentedRaftLogWorker.java:close(228)) - 76b382c4-29be-4015-813a-8e99538dd1de@group-D229EFCD60F9-SegmentedRaftLogWorker close()
2019-09-17 13:08:31,142 [main] INFO  server.GrpcService (GrpcService.java:closeImpl(164)) - 76b382c4-29be-4015-813a-8e99538dd1de: shutdown server with port 41941 now
2019-09-17 13:08:31,144 [main] INFO  server.GrpcService (GrpcService.java:closeImpl(172)) - 76b382c4-29be-4015-813a-8e99538dd1de: shutdown server with port 41941 successfully
2019-09-17 13:08:31,147 [refreshUsed-/workdir/hadoop-ozone/integration-test/target/test-dir/MiniOzoneClusterImpl-caf98cc2-320f-4cdb-8f1a-69abe353d978/datanode-6/data/containers] WARN  fs.CachingGetSpaceUsed (CachingGetSpaceUsed.java:run(183)) - Thread Interrupted waiting to refresh disk information: sleep interrupted
2019-09-17 13:08:31,153 [c786c601-e0a1-4ea9-8579-a25f069b88e9@group-558E41E10F37-StateMachineUpdater] INFO  ratis.ContainerStateMachine (ContainerStateMachine.java:takeSnapshot(300)) - group-558E41E10F37: Finished taking a snapshot at:(t:1, i:8) file:/workdir/hadoop-ozone/integration-test/target/test-dir/MiniOzoneClusterImpl-caf98cc2-320f-4cdb-8f1a-69abe353d978/datanode-0/data/ratis/863094da-fc8c-4c55-b729-558e41e10f37/sm/snapshot.1_8 time:17
2019-09-17 13:08:31,153 [c786c601-e0a1-4ea9-8579-a25f069b88e9@group-558E41E10F37-StateMachineUpdater] INFO  impl.StateMachineUpdater (StateMachineUpdater.java:takeSnapshot(258)) - c786c601-e0a1-4ea9-8579-a25f069b88e9@group-558E41E10F37-StateMachineUpdater: Took a snapshot at index 8
2019-09-17 13:08:31,154 [c786c601-e0a1-4ea9-8579-a25f069b88e9@group-558E41E10F37-StateMachineUpdater] INFO  impl.StateMachineUpdater (StateMachineUpdater.java:lambda$new$0(83)) - c786c601-e0a1-4ea9-8579-a25f069b88e9@group-558E41E10F37-StateMachineUpdater: snapshotIndex: updateIncreasingly -1 -> 8
2019-09-17 13:08:31,154 [ForkJoinPool.commonPool-worker-0] INFO  impl.RaftServerImpl (ServerState.java:close(385)) - c786c601-e0a1-4ea9-8579-a25f069b88e9@group-558E41E10F37: closes. applyIndex: 8
2019-09-17 13:08:31,154 [c786c601-e0a1-4ea9-8579-a25f069b88e9@group-558E41E10F37-SegmentedRaftLogWorker] INFO  segmented.SegmentedRaftLogWorker (SegmentedRaftLogWorker.java:run(313)) - c786c601-e0a1-4ea9-8579-a25f069b88e9@group-558E41E10F37-SegmentedRaftLogWorker was interrupted, exiting. There are 0 tasks remaining in the queue.
2019-09-17 13:08:31,156 [ForkJoinPool.commonPool-worker-0] INFO  segmented.SegmentedRaftLogWorker (SegmentedRaftLogWorker.java:close(228)) - c786c601-e0a1-4ea9-8579-a25f069b88e9@group-558E41E10F37-SegmentedRaftLogWorker close()
2019-09-17 13:08:31,157 [ForkJoinPool.commonPool-worker-0] INFO  server.GrpcService (GrpcService.java:closeImpl(164)) - c786c601-e0a1-4ea9-8579-a25f069b88e9: shutdown server with port 34965 now
2019-09-17 13:08:31,157 [grpc-default-executor-11] WARN  client.GrpcClientProtocolService (LogUtils.java:warn(134)) - 3-UnorderedRequestStreamObserver3: onError: org.apache.ratis.thirdparty.io.grpc.StatusRuntimeException: CANCELLED: cancelled before receiving half close
2019-09-17 13:08:31,158 [ForkJoinPool.commonPool-worker-0] INFO  server.GrpcService (GrpcService.java:closeImpl(172)) - c786c601-e0a1-4ea9-8579-a25f069b88e9: shutdown server with port 34965 successfully
2019-09-17 13:08:31,165 [refreshUsed-/workdir/hadoop-ozone/integration-test/target/test-dir/MiniOzoneClusterImpl-caf98cc2-320f-4cdb-8f1a-69abe353d978/datanode-0/data/containers] WARN  fs.CachingGetSpaceUsed (CachingGetSpaceUsed.java:run(183)) - Thread Interrupted waiting to refresh disk information: sleep interrupted
2019-09-17 13:08:31,175 [main] INFO  utils.BackgroundService (BackgroundService.java:shutdown(148)) - Shutting down service BlockDeletingService
2019-09-17 13:08:31,181 [main] INFO  statemachine.DatanodeStateMachine (DatanodeStateMachine.java:stopDaemon(395)) - Ozone container server stopped.
2019-09-17 13:08:31,183 [main] INFO  handler.ContextHandler (ContextHandler.java:doStop(910)) - Stopped o.e.j.w.WebAppContext@75ad30c1{/,null,UNAVAILABLE}{/hddsDatanode}
2019-09-17 13:08:31,184 [main] INFO  server.AbstractConnector (AbstractConnector.java:doStop(318)) - Stopped ServerConnector@fe8aaeb{HTTP/1.1,[http/1.1]}{0.0.0.0:0}
2019-09-17 13:08:31,184 [main] INFO  handler.ContextHandler (ContextHandler.java:doStop(910)) - Stopped o.e.j.s.ServletContextHandler@3b3056a6{/static,jar:file:/home/user/.m2/repository/org/apache/hadoop/hadoop-hdds-container-service/0.5.0-SNAPSHOT/hadoop-hdds-container-service-0.5.0-SNAPSHOT.jar!/webapps/static,UNAVAILABLE}
2019-09-17 13:08:31,184 [main] INFO  handler.ContextHandler (ContextHandler.java:doStop(910)) - Stopped o.e.j.s.ServletContextHandler@748904e8{/logs,file:///workdir/hadoop-ozone/integration-test/target/log,UNAVAILABLE}
2019-09-17 13:08:31,185 [ForkJoinPool.commonPool-worker-0] INFO  utils.BackgroundService (BackgroundService.java:shutdown(148)) - Shutting down service BlockDeletingService
2019-09-17 13:08:31,195 [ForkJoinPool.commonPool-worker-0] INFO  statemachine.DatanodeStateMachine (DatanodeStateMachine.java:stopDaemon(395)) - Ozone container server stopped.
2019-09-17 13:08:31,198 [ForkJoinPool.commonPool-worker-0] INFO  handler.ContextHandler (ContextHandler.java:doStop(910)) - Stopped o.e.j.w.WebAppContext@28b458e6{/,null,UNAVAILABLE}{/hddsDatanode}
2019-09-17 13:08:31,198 [ForkJoinPool.commonPool-worker-0] INFO  server.AbstractConnector (AbstractConnector.java:doStop(318)) - Stopped ServerConnector@221ca495{HTTP/1.1,[http/1.1]}{0.0.0.0:0}
2019-09-17 13:08:31,199 [ForkJoinPool.commonPool-worker-0] INFO  handler.ContextHandler (ContextHandler.java:doStop(910)) - Stopped o.e.j.s.ServletContextHandler@781dac73{/static,jar:file:/home/user/.m2/repository/org/apache/hadoop/hadoop-hdds-container-service/0.5.0-SNAPSHOT/hadoop-hdds-container-service-0.5.0-SNAPSHOT.jar!/webapps/static,UNAVAILABLE}
2019-09-17 13:08:31,199 [ForkJoinPool.commonPool-worker-0] INFO  handler.ContextHandler (ContextHandler.java:doStop(910)) - Stopped o.e.j.s.ServletContextHandler@6826b70f{/logs,file:///workdir/hadoop-ozone/integration-test/target/log,UNAVAILABLE}
2019-09-17 13:08:31,847 [Datanode State Machine Thread - 0] INFO  statemachine.DatanodeStateMachine (DatanodeStateMachine.java:lambda$startDaemon$0(350)) - Ozone container server started.
2019-09-17 13:08:32,823 [grpc-default-executor-3] WARN  server.GrpcLogAppender (LogUtils.java:warn(134)) - 50f49b90-e99d-4336-a11e-085101dab1f3@group-66CF6D82602C->bafc845d-bbde-4f8f-86b6-115dec71aedb-AppendLogResponseHandler: Failed appendEntries: org.apache.ratis.thirdparty.io.grpc.StatusRuntimeException: UNAVAILABLE: io exception
2019-09-17 13:08:32,823 [grpc-default-executor-3] INFO  impl.FollowerInfo (FollowerInfo.java:lambda$new$0(51)) - 50f49b90-e99d-4336-a11e-085101dab1f3@group-66CF6D82602C->bafc845d-bbde-4f8f-86b6-115dec71aedb: nextIndex: updateUnconditionally 3 -> 2
2019-09-17 13:08:32,824 [grpc-default-executor-11] WARN  server.GrpcLogAppender (LogUtils.java:warn(134)) - 50f49b90-e99d-4336-a11e-085101dab1f3@group-66CF6D82602C->8c5522c8-f35d-44ba-91f8-db341543b05d-AppendLogResponseHandler: Failed appendEntries: org.apache.ratis.thirdparty.io.grpc.StatusRuntimeException: UNAVAILABLE: io exception
2019-09-17 13:08:32,825 [grpc-default-executor-11] INFO  impl.FollowerInfo (FollowerInfo.java:lambda$new$0(51)) - 50f49b90-e99d-4336-a11e-085101dab1f3@group-66CF6D82602C->8c5522c8-f35d-44ba-91f8-db341543b05d: nextIndex: updateUnconditionally 6 -> 5
2019-09-17 13:08:35,330 [grpc-default-executor-11] WARN  server.GrpcLogAppender (LogUtils.java:warn(134)) - 50f49b90-e99d-4336-a11e-085101dab1f3@group-66CF6D82602C->bafc845d-bbde-4f8f-86b6-115dec71aedb-AppendLogResponseHandler: Failed appendEntries: org.apache.ratis.thirdparty.io.grpc.StatusRuntimeException: UNAVAILABLE: io exception
2019-09-17 13:08:35,330 [grpc-default-executor-10] WARN  server.GrpcLogAppender (LogUtils.java:warn(134)) - 50f49b90-e99d-4336-a11e-085101dab1f3@group-66CF6D82602C->8c5522c8-f35d-44ba-91f8-db341543b05d-AppendLogResponseHandler: Failed appendEntries: org.apache.ratis.thirdparty.io.grpc.StatusRuntimeException: UNAVAILABLE: io exception
2019-09-17 13:08:35,331 [grpc-default-executor-10] INFO  impl.FollowerInfo (FollowerInfo.java:lambda$new$0(51)) - 50f49b90-e99d-4336-a11e-085101dab1f3@group-66CF6D82602C->8c5522c8-f35d-44ba-91f8-db341543b05d: nextIndex: updateUnconditionally 5 -> 4
2019-09-17 13:08:35,331 [grpc-default-executor-11] INFO  impl.FollowerInfo (FollowerInfo.java:lambda$new$0(51)) - 50f49b90-e99d-4336-a11e-085101dab1f3@group-66CF6D82602C->bafc845d-bbde-4f8f-86b6-115dec71aedb: nextIndex: updateUnconditionally 2 -> 1
2019-09-17 13:08:35,922 [EventQueue-StaleNodeForStaleNodeHandler] INFO  node.StaleNodeHandler (StaleNodeHandler.java:onMessage(58)) - Datanode 50f49b90-e99d-4336-a11e-085101dab1f3{ip: 192.168.34.33, host: pr-hdds-2142-clczg-3805722443, networkLocation: /default-rack, certSerialId: null} moved to stale state. Finalizing its pipelines [PipelineID=57709775-457f-4b27-971d-66cf6d82602c, PipelineID=74262589-91ee-42e5-8131-c35afcb0d769]
2019-09-17 13:08:35,923 [EventQueue-StaleNodeForStaleNodeHandler] INFO  pipeline.SCMPipelineManager (SCMPipelineManager.java:finalizeAndDestroyPipeline(311)) - destroying pipeline:Pipeline[ Id: 57709775-457f-4b27-971d-66cf6d82602c, Nodes: bafc845d-bbde-4f8f-86b6-115dec71aedb{ip: 192.168.34.33, host: pr-hdds-2142-clczg-3805722443, networkLocation: /default-rack, certSerialId: null}8c5522c8-f35d-44ba-91f8-db341543b05d{ip: 192.168.34.33, host: pr-hdds-2142-clczg-3805722443, networkLocation: /default-rack, certSerialId: null}50f49b90-e99d-4336-a11e-085101dab1f3{ip: 192.168.34.33, host: pr-hdds-2142-clczg-3805722443, networkLocation: /default-rack, certSerialId: null}, Type:RATIS, Factor:THREE, State:CLOSED]
2019-09-17 13:08:35,924 [EventQueue-StaleNodeForStaleNodeHandler] INFO  pipeline.SCMPipelineManager (SCMPipelineManager.java:finalizeAndDestroyPipeline(311)) - destroying pipeline:Pipeline[ Id: 74262589-91ee-42e5-8131-c35afcb0d769, Nodes: 50f49b90-e99d-4336-a11e-085101dab1f3{ip: 192.168.34.33, host: pr-hdds-2142-clczg-3805722443, networkLocation: /default-rack, certSerialId: null}, Type:RATIS, Factor:ONE, State:OPEN]
2019-09-17 13:08:35,924 [EventQueue-StaleNodeForStaleNodeHandler] INFO  pipeline.PipelineStateManager (PipelineStateManager.java:finalizePipeline(123)) - Pipeline Pipeline[ Id: 74262589-91ee-42e5-8131-c35afcb0d769, Nodes: 50f49b90-e99d-4336-a11e-085101dab1f3{ip: 192.168.34.33, host: pr-hdds-2142-clczg-3805722443, networkLocation: /default-rack, certSerialId: null}, Type:RATIS, Factor:ONE, State:CLOSED] moved to CLOSED state
2019-09-17 13:08:36,196 [main] INFO  ozoneimpl.OzoneContainer (OzoneContainer.java:stop(231)) - Attempting to stop container services.
2019-09-17 13:08:36,200 [main] INFO  impl.RaftServerProxy (RaftServerProxy.java:lambda$close$4(314)) - 50f49b90-e99d-4336-a11e-085101dab1f3: close
2019-09-17 13:08:36,201 [main] INFO  impl.RaftServerImpl (RaftServerImpl.java:lambda$shutdown$3(251)) - 50f49b90-e99d-4336-a11e-085101dab1f3@group-66CF6D82602C: shutdown
2019-09-17 13:08:36,201 [main] INFO  util.JmxRegister (JmxRegister.java:unregister(73)) - Successfully un-registered JMX Bean with object name Ratis:service=RaftServer,group=group-66CF6D82602C,id=50f49b90-e99d-4336-a11e-085101dab1f3
2019-09-17 13:08:36,202 [main] INFO  impl.RoleInfo (RoleInfo.java:shutdownLeaderState(104)) - 50f49b90-e99d-4336-a11e-085101dab1f3: shutdown LeaderState
2019-09-17 13:08:36,206 [org.apache.ratis.server.impl.LogAppender$AppenderDaemon$$Lambda$514/621436651@67e8d1fb] WARN  server.GrpcLogAppender (GrpcLogAppender.java:mayWait(143)) - 50f49b90-e99d-4336-a11e-085101dab1f3@group-66CF6D82602C->8c5522c8-f35d-44ba-91f8-db341543b05d-GrpcLogAppender: Wait interrupted by java.lang.InterruptedException
2019-09-17 13:08:36,206 [main] INFO  impl.PendingRequests (PendingRequests.java:sendNotLeaderResponses(202)) - 50f49b90-e99d-4336-a11e-085101dab1f3-PendingRequests: sendNotLeaderResponses
2019-09-17 13:08:36,206 [org.apache.ratis.server.impl.LogAppender$AppenderDaemon$$Lambda$514/621436651@c6fe313] WARN  server.GrpcLogAppender (GrpcLogAppender.java:mayWait(143)) - 50f49b90-e99d-4336-a11e-085101dab1f3@group-66CF6D82602C->bafc845d-bbde-4f8f-86b6-115dec71aedb-GrpcLogAppender: Wait interrupted by java.lang.InterruptedException
2019-09-17 13:08:36,209 [main] INFO  impl.StateMachineUpdater (StateMachineUpdater.java:stopAndJoin(125)) - 50f49b90-e99d-4336-a11e-085101dab1f3@group-66CF6D82602C-StateMachineUpdater: set stopIndex = 8
2019-09-17 13:08:36,209 [50f49b90-e99d-4336-a11e-085101dab1f3@group-66CF6D82602C-StateMachineUpdater] INFO  ratis.ContainerStateMachine (ContainerStateMachine.java:takeSnapshot(289)) - group-66CF6D82602C: Taking a snapshot at:(t:2, i:8) file /workdir/hadoop-ozone/integration-test/target/test-dir/MiniOzoneClusterImpl-caf98cc2-320f-4cdb-8f1a-69abe353d978/datanode-5/data/ratis/57709775-457f-4b27-971d-66cf6d82602c/sm/snapshot.2_8
2019-09-17 13:08:36,224 [50f49b90-e99d-4336-a11e-085101dab1f3@group-66CF6D82602C-StateMachineUpdater] INFO  ratis.ContainerStateMachine (ContainerStateMachine.java:takeSnapshot(300)) - group-66CF6D82602C: Finished taking a snapshot at:(t:2, i:8) file:/workdir/hadoop-ozone/integration-test/target/test-dir/MiniOzoneClusterImpl-caf98cc2-320f-4cdb-8f1a-69abe353d978/datanode-5/data/ratis/57709775-457f-4b27-971d-66cf6d82602c/sm/snapshot.2_8 time:14
2019-09-17 13:08:36,224 [50f49b90-e99d-4336-a11e-085101dab1f3@group-66CF6D82602C-StateMachineUpdater] INFO  impl.StateMachineUpdater (StateMachineUpdater.java:takeSnapshot(258)) - 50f49b90-e99d-4336-a11e-085101dab1f3@group-66CF6D82602C-StateMachineUpdater: Took a snapshot at index 8
2019-09-17 13:08:36,224 [50f49b90-e99d-4336-a11e-085101dab1f3@group-66CF6D82602C-StateMachineUpdater] INFO  impl.StateMachineUpdater (StateMachineUpdater.java:lambda$new$0(83)) - 50f49b90-e99d-4336-a11e-085101dab1f3@group-66CF6D82602C-StateMachineUpdater: snapshotIndex: updateIncreasingly -1 -> 8
2019-09-17 13:08:36,225 [main] INFO  impl.RaftServerImpl (ServerState.java:close(385)) - 50f49b90-e99d-4336-a11e-085101dab1f3@group-66CF6D82602C: closes. applyIndex: 8
2019-09-17 13:08:36,226 [50f49b90-e99d-4336-a11e-085101dab1f3@group-66CF6D82602C-SegmentedRaftLogWorker] INFO  segmented.SegmentedRaftLogWorker (SegmentedRaftLogWorker.java:run(313)) - 50f49b90-e99d-4336-a11e-085101dab1f3@group-66CF6D82602C-SegmentedRaftLogWorker was interrupted, exiting. There are 0 tasks remaining in the queue.
2019-09-17 13:08:36,228 [main] INFO  segmented.SegmentedRaftLogWorker (SegmentedRaftLogWorker.java:close(228)) - 50f49b90-e99d-4336-a11e-085101dab1f3@group-66CF6D82602C-SegmentedRaftLogWorker close()
2019-09-17 13:08:36,229 [main] INFO  impl.RaftServerImpl (RaftServerImpl.java:lambda$shutdown$3(251)) - 50f49b90-e99d-4336-a11e-085101dab1f3@group-C35AFCB0D769: shutdown
2019-09-17 13:08:36,230 [main] INFO  util.JmxRegister (JmxRegister.java:unregister(73)) - Successfully un-registered JMX Bean with object name Ratis:service=RaftServer,group=group-C35AFCB0D769,id=50f49b90-e99d-4336-a11e-085101dab1f3
2019-09-17 13:08:36,230 [main] INFO  impl.RoleInfo (RoleInfo.java:shutdownLeaderState(104)) - 50f49b90-e99d-4336-a11e-085101dab1f3: shutdown LeaderState
2019-09-17 13:08:36,230 [main] INFO  impl.PendingRequests (PendingRequests.java:sendNotLeaderResponses(202)) - 50f49b90-e99d-4336-a11e-085101dab1f3-PendingRequests: sendNotLeaderResponses
2019-09-17 13:08:36,231 [main] INFO  impl.StateMachineUpdater (StateMachineUpdater.java:stopAndJoin(125)) - 50f49b90-e99d-4336-a11e-085101dab1f3@group-C35AFCB0D769-StateMachineUpdater: set stopIndex = 0
2019-09-17 13:08:36,231 [main] INFO  impl.RaftServerImpl (ServerState.java:close(385)) - 50f49b90-e99d-4336-a11e-085101dab1f3@group-C35AFCB0D769: closes. applyIndex: 0
2019-09-17 13:08:36,232 [50f49b90-e99d-4336-a11e-085101dab1f3@group-C35AFCB0D769-SegmentedRaftLogWorker] INFO  segmented.SegmentedRaftLogWorker (SegmentedRaftLogWorker.java:run(313)) - 50f49b90-e99d-4336-a11e-085101dab1f3@group-C35AFCB0D769-SegmentedRaftLogWorker was interrupted, exiting. There are 0 tasks remaining in the queue.
2019-09-17 13:08:36,233 [main] INFO  segmented.SegmentedRaftLogWorker (SegmentedRaftLogWorker.java:close(228)) - 50f49b90-e99d-4336-a11e-085101dab1f3@group-C35AFCB0D769-SegmentedRaftLogWorker close()
2019-09-17 13:08:36,234 [main] INFO  server.GrpcService (GrpcService.java:closeImpl(164)) - 50f49b90-e99d-4336-a11e-085101dab1f3: shutdown server with port 40121 now
2019-09-17 13:08:36,236 [main] INFO  server.GrpcService (GrpcService.java:closeImpl(172)) - 50f49b90-e99d-4336-a11e-085101dab1f3: shutdown server with port 40121 successfully
2019-09-17 13:08:36,240 [refreshUsed-/workdir/hadoop-ozone/integration-test/target/test-dir/MiniOzoneClusterImpl-caf98cc2-320f-4cdb-8f1a-69abe353d978/datanode-5/data/containers] WARN  fs.CachingGetSpaceUsed (CachingGetSpaceUsed.java:run(183)) - Thread Interrupted waiting to refresh disk information: sleep interrupted
2019-09-17 13:08:36,253 [main] INFO  utils.BackgroundService (BackgroundService.java:shutdown(148)) - Shutting down service BlockDeletingService
2019-09-17 13:08:36,254 [main] INFO  statemachine.DatanodeStateMachine (DatanodeStateMachine.java:stopDaemon(395)) - Ozone container server stopped.
2019-09-17 13:08:36,255 [main] INFO  handler.ContextHandler (ContextHandler.java:doStop(910)) - Stopped o.e.j.w.WebAppContext@629b780f{/,null,UNAVAILABLE}{/hddsDatanode}
2019-09-17 13:08:36,257 [main] INFO  server.AbstractConnector (AbstractConnector.java:doStop(318)) - Stopped ServerConnector@3af36922{HTTP/1.1,[http/1.1]}{0.0.0.0:0}
2019-09-17 13:08:36,257 [main] INFO  handler.ContextHandler (ContextHandler.java:doStop(910)) - Stopped o.e.j.s.ServletContextHandler@610fbe1c{/static,jar:file:/home/user/.m2/repository/org/apache/hadoop/hadoop-hdds-container-service/0.5.0-SNAPSHOT/hadoop-hdds-container-service-0.5.0-SNAPSHOT.jar!/webapps/static,UNAVAILABLE}
2019-09-17 13:08:36,258 [main] INFO  handler.ContextHandler (ContextHandler.java:doStop(910)) - Stopped o.e.j.s.ServletContextHandler@675ec28b{/logs,file:///workdir/hadoop-ozone/integration-test/target/log,UNAVAILABLE}
2019-09-17 13:08:36,259 [main] INFO  ozone.MiniOzoneClusterImpl (MiniOzoneClusterImpl.java:stop(344)) - Stopping the StorageContainerManager
2019-09-17 13:08:36,259 [main] INFO  server.StorageContainerManager (StorageContainerManager.java:stop(801)) - Stopping Replication Manager Service.
2019-09-17 13:08:36,259 [main] INFO  container.ReplicationManager (ReplicationManager.java:stop(203)) - Stopping Replication Monitor Thread.
2019-09-17 13:08:36,259 [main] INFO  server.StorageContainerManager (StorageContainerManager.java:stop(808)) - Stopping Lease Manager of the command watchers
2019-09-17 13:08:36,260 [main] INFO  server.StorageContainerManager (StorageContainerManager.java:stop(815)) - Stopping datanode service RPC server
2019-09-17 13:08:36,260 [main] INFO  server.SCMDatanodeProtocolServer (SCMDatanodeProtocolServer.java:stop(367)) - Stopping the RPC server for DataNodes
2019-09-17 13:08:36,260 [main] INFO  ipc.Server (Server.java:stop(3082)) - Stopping server on 34254
2019-09-17 13:08:36,263 [IPC Server listener on 34254] INFO  ipc.Server (Server.java:run(1185)) - Stopping IPC Server listener on 34254
2019-09-17 13:08:36,264 [IPC Server Responder] INFO  ipc.Server (Server.java:run(1319)) - Stopping IPC Server Responder
2019-09-17 13:08:36,321 [SCM Heartbeat Processing Thread - 0] WARN  node.NodeStateManager (NodeStateManager.java:scheduleNextHealthCheck(646)) - Current Thread is interrupted, shutting down HB processing thread for Node Manager.
2019-09-17 13:08:36,322 [main] INFO  server.StorageContainerManager (StorageContainerManager.java:stop(823)) - Stopping block service RPC server
2019-09-17 13:08:36,322 [main] INFO  server.SCMBlockProtocolServer (SCMBlockProtocolServer.java:stop(155)) - Stopping the RPC server for Block Protocol
2019-09-17 13:08:36,322 [main] INFO  ipc.Server (Server.java:stop(3082)) - Stopping server on 34755
2019-09-17 13:08:36,325 [IPC Server Responder] INFO  ipc.Server (Server.java:run(1319)) - Stopping IPC Server Responder
2019-09-17 13:08:36,332 [main] INFO  server.StorageContainerManager (StorageContainerManager.java:stop(830)) - Stopping the StorageContainerLocationProtocol RPC server
2019-09-17 13:08:36,333 [IPC Server listener on 34755] INFO  ipc.Server (Server.java:run(1185)) - Stopping IPC Server listener on 34755
2019-09-17 13:08:36,334 [main] INFO  server.SCMClientProtocolServer (SCMClientProtocolServer.java:stop(159)) - Stopping the RPC server for Client Protocol
2019-09-17 13:08:36,335 [main] INFO  ipc.Server (Server.java:stop(3082)) - Stopping server on 36602
2019-09-17 13:08:36,339 [IPC Server listener on 36602] INFO  ipc.Server (Server.java:run(1185)) - Stopping IPC Server listener on 36602
2019-09-17 13:08:36,340 [main] INFO  server.StorageContainerManager (StorageContainerManager.java:stop(837)) - Stopping Storage Container Manager HTTP server.
2019-09-17 13:08:36,340 [IPC Server Responder] INFO  ipc.Server (Server.java:run(1319)) - Stopping IPC Server Responder
2019-09-17 13:08:36,342 [main] INFO  handler.ContextHandler (ContextHandler.java:doStop(910)) - Stopped o.e.j.w.WebAppContext@4e8598d9{/,null,UNAVAILABLE}{/scm}
2019-09-17 13:08:36,342 [main] INFO  server.AbstractConnector (AbstractConnector.java:doStop(318)) - Stopped ServerConnector@267ff4df{HTTP/1.1,[http/1.1]}{0.0.0.0:0}
2019-09-17 13:08:36,343 [main] INFO  handler.ContextHandler (ContextHandler.java:doStop(910)) - Stopped o.e.j.s.ServletContextHandler@642c6461{/static,file:///workdir/hadoop-ozone/integration-test/target/test-classes/webapps/static,UNAVAILABLE}
2019-09-17 13:08:36,343 [main] INFO  handler.ContextHandler (ContextHandler.java:doStop(910)) - Stopped o.e.j.s.ServletContextHandler@7af1d072{/logs,file:///workdir/hadoop-ozone/integration-test/target/log,UNAVAILABLE}
2019-09-17 13:08:36,344 [main] INFO  server.StorageContainerManager (StorageContainerManager.java:stop(848)) - Stopping Block Manager Service.
2019-09-17 13:08:36,344 [main] INFO  utils.BackgroundService (BackgroundService.java:shutdown(148)) - Shutting down service SCMBlockDeletingService
2019-09-17 13:08:36,345 [main] INFO  utils.BackgroundService (BackgroundService.java:shutdown(148)) - Shutting down service SCMBlockDeletingService
2019-09-17 13:08:36,345 [main] INFO  server.StorageContainerManager (StorageContainerManager.java:stop(870)) - Stopping SCM Event Queue.
2019-09-17 13:08:36,350 [main] INFO  impl.MetricsSystemImpl (MetricsSystemImpl.java:stop(210)) - Stopping HddsDatanode metrics system...
2019-09-17 13:08:36,378 [main] INFO  impl.MetricsSystemImpl (MetricsSystemImpl.java:stop(216)) - HddsDatanode metrics system stopped.
]]></system-out>
    <system-err><![CDATA[Sep 17, 2019 1:08:20 PM org.apache.ratis.thirdparty.io.grpc.internal.SerializingExecutor run
SEVERE: Exception while executing runnable org.apache.ratis.thirdparty.io.grpc.internal.ServerImpl$JumpToApplicationThreadServerStreamListener$1Closed@8f835aa
org.apache.ratis.thirdparty.io.grpc.StatusRuntimeException: CANCELLED: call already cancelled
	at org.apache.ratis.thirdparty.io.grpc.Status.asRuntimeException(Status.java:517)
	at org.apache.ratis.thirdparty.io.grpc.stub.ServerCalls$ServerCallStreamObserverImpl.onCompleted(ServerCalls.java:356)
	at org.apache.ratis.grpc.server.GrpcServerProtocolService$ServerRequestStreamObserver.onError(GrpcServerProtocolService.java:121)
	at org.apache.ratis.thirdparty.io.grpc.stub.ServerCalls$StreamingServerCallHandler$StreamingServerCallListener.onCancel(ServerCalls.java:269)
	at org.apache.ratis.thirdparty.io.grpc.internal.ServerCallImpl$ServerStreamListenerImpl.closed(ServerCallImpl.java:293)
	at org.apache.ratis.thirdparty.io.grpc.internal.ServerImpl$JumpToApplicationThreadServerStreamListener$1Closed.runInContext(ServerImpl.java:741)
	at org.apache.ratis.thirdparty.io.grpc.internal.ContextRunnable.run(ContextRunnable.java:37)
	at org.apache.ratis.thirdparty.io.grpc.internal.SerializingExecutor.run(SerializingExecutor.java:123)
	at java.util.concurrent.ThreadPoolExecutor.runWorker(ThreadPoolExecutor.java:1149)
	at java.util.concurrent.ThreadPoolExecutor$Worker.run(ThreadPoolExecutor.java:624)
	at java.lang.Thread.run(Thread.java:748)

Sep 17, 2019 1:08:20 PM org.apache.ratis.thirdparty.io.grpc.internal.SerializingExecutor run
SEVERE: Exception while executing runnable org.apache.ratis.thirdparty.io.grpc.internal.ServerImpl$JumpToApplicationThreadServerStreamListener$1Closed@4c1d4271
org.apache.ratis.thirdparty.io.grpc.StatusRuntimeException: CANCELLED: call already cancelled
	at org.apache.ratis.thirdparty.io.grpc.Status.asRuntimeException(Status.java:517)
	at org.apache.ratis.thirdparty.io.grpc.stub.ServerCalls$ServerCallStreamObserverImpl.onCompleted(ServerCalls.java:356)
	at org.apache.ratis.grpc.server.GrpcServerProtocolService$ServerRequestStreamObserver.onError(GrpcServerProtocolService.java:121)
	at org.apache.ratis.thirdparty.io.grpc.stub.ServerCalls$StreamingServerCallHandler$StreamingServerCallListener.onCancel(ServerCalls.java:269)
	at org.apache.ratis.thirdparty.io.grpc.internal.ServerCallImpl$ServerStreamListenerImpl.closed(ServerCallImpl.java:293)
	at org.apache.ratis.thirdparty.io.grpc.internal.ServerImpl$JumpToApplicationThreadServerStreamListener$1Closed.runInContext(ServerImpl.java:741)
	at org.apache.ratis.thirdparty.io.grpc.internal.ContextRunnable.run(ContextRunnable.java:37)
	at org.apache.ratis.thirdparty.io.grpc.internal.SerializingExecutor.run(SerializingExecutor.java:123)
	at java.util.concurrent.ThreadPoolExecutor.runWorker(ThreadPoolExecutor.java:1149)
	at java.util.concurrent.ThreadPoolExecutor$Worker.run(ThreadPoolExecutor.java:624)
	at java.lang.Thread.run(Thread.java:748)

Sep 17, 2019 1:08:26 PM org.apache.ratis.thirdparty.io.grpc.internal.SerializingExecutor run
SEVERE: Exception while executing runnable org.apache.ratis.thirdparty.io.grpc.internal.ServerImpl$JumpToApplicationThreadServerStreamListener$1Closed@47963c02
org.apache.ratis.thirdparty.io.grpc.StatusRuntimeException: CANCELLED: call already cancelled
	at org.apache.ratis.thirdparty.io.grpc.Status.asRuntimeException(Status.java:517)
	at org.apache.ratis.thirdparty.io.grpc.stub.ServerCalls$ServerCallStreamObserverImpl.onCompleted(ServerCalls.java:356)
	at org.apache.ratis.grpc.server.GrpcServerProtocolService$ServerRequestStreamObserver.onError(GrpcServerProtocolService.java:121)
	at org.apache.ratis.thirdparty.io.grpc.stub.ServerCalls$StreamingServerCallHandler$StreamingServerCallListener.onCancel(ServerCalls.java:269)
	at org.apache.ratis.thirdparty.io.grpc.internal.ServerCallImpl$ServerStreamListenerImpl.closed(ServerCallImpl.java:293)
	at org.apache.ratis.thirdparty.io.grpc.internal.ServerImpl$JumpToApplicationThreadServerStreamListener$1Closed.runInContext(ServerImpl.java:741)
	at org.apache.ratis.thirdparty.io.grpc.internal.ContextRunnable.run(ContextRunnable.java:37)
	at org.apache.ratis.thirdparty.io.grpc.internal.SerializingExecutor.run(SerializingExecutor.java:123)
	at java.util.concurrent.ThreadPoolExecutor.runWorker(ThreadPoolExecutor.java:1149)
	at java.util.concurrent.ThreadPoolExecutor$Worker.run(ThreadPoolExecutor.java:624)
	at java.lang.Thread.run(Thread.java:748)

Sep 17, 2019 1:08:26 PM org.apache.ratis.thirdparty.io.grpc.internal.SerializingExecutor run
SEVERE: Exception while executing runnable org.apache.ratis.thirdparty.io.grpc.internal.ServerImpl$JumpToApplicationThreadServerStreamListener$1Closed@3cb463ef
org.apache.ratis.thirdparty.io.grpc.StatusRuntimeException: CANCELLED: call already cancelled
	at org.apache.ratis.thirdparty.io.grpc.Status.asRuntimeException(Status.java:517)
	at org.apache.ratis.thirdparty.io.grpc.stub.ServerCalls$ServerCallStreamObserverImpl.onCompleted(ServerCalls.java:356)
	at org.apache.ratis.grpc.server.GrpcServerProtocolService$ServerRequestStreamObserver.onError(GrpcServerProtocolService.java:121)
	at org.apache.ratis.thirdparty.io.grpc.stub.ServerCalls$StreamingServerCallHandler$StreamingServerCallListener.onCancel(ServerCalls.java:269)
	at org.apache.ratis.thirdparty.io.grpc.internal.ServerCallImpl$ServerStreamListenerImpl.closed(ServerCallImpl.java:293)
	at org.apache.ratis.thirdparty.io.grpc.internal.ServerImpl$JumpToApplicationThreadServerStreamListener$1Closed.runInContext(ServerImpl.java:741)
	at org.apache.ratis.thirdparty.io.grpc.internal.ContextRunnable.run(ContextRunnable.java:37)
	at org.apache.ratis.thirdparty.io.grpc.internal.SerializingExecutor.run(SerializingExecutor.java:123)
	at java.util.concurrent.ThreadPoolExecutor.runWorker(ThreadPoolExecutor.java:1149)
	at java.util.concurrent.ThreadPoolExecutor$Worker.run(ThreadPoolExecutor.java:624)
	at java.lang.Thread.run(Thread.java:748)

]]></system-err>
  </testcase>
  <testcase name="testWatchForCommitWithCloseContainerException" classname="org.apache.hadoop.ozone.client.rpc.TestBlockOutputStreamWithFailures" time="35.926"/>
  <testcase name="testExceptionDuringClose" classname="org.apache.hadoop.ozone.client.rpc.TestBlockOutputStreamWithFailures" time="35.389"/>
</testsuite>