<?xml version="1.0" encoding="UTF-8"?>
<testsuite xmlns:xsi="http://www.w3.org/2001/XMLSchema-instance" xsi:noNamespaceSchemaLocation="https://maven.apache.org/surefire/maven-surefire-plugin/xsd/surefire-test-report.xsd" name="org.apache.hadoop.ozone.client.rpc.TestWatchForCommit" time="307.428" tests="5" errors="1" skipped="0" failures="0">
  <properties>
    <property name="awt.toolkit" value="sun.awt.X11.XToolkit"/>
    <property name="file.encoding.pkg" value="sun.io"/>
    <property name="java.specification.version" value="1.8"/>
    <property name="sun.cpu.isalist" value=""/>
    <property name="sun.jnu.encoding" value="UTF-8"/>
    <property name="java.class.path" value="/workdir/hadoop-ozone/integration-test/target/test-classes:/workdir/hadoop-ozone/integration-test/target/classes:/home/user/.m2/repository/org/apache/hadoop/hadoop-ozone-common/0.5.0-SNAPSHOT/hadoop-ozone-common-0.5.0-SNAPSHOT.jar:/home/user/.m2/repository/org/apache/commons/commons-compress/1.4.1/commons-compress-1.4.1.jar:/home/user/.m2/repository/org/tukaani/xz/1.0/xz-1.0.jar:/home/user/.m2/repository/org/apache/hadoop/hadoop-common/3.2.0/hadoop-common-3.2.0.jar:/home/user/.m2/repository/org/apache/hadoop/hadoop-hdfs/3.2.0/hadoop-hdfs-3.2.0.jar:/home/user/.m2/repository/org/apache/hadoop/hadoop-hdfs-client/3.2.0/hadoop-hdfs-client-3.2.0.jar:/home/user/.m2/repository/com/fasterxml/jackson/core/jackson-annotations/2.9.5/jackson-annotations-2.9.5.jar:/home/user/.m2/repository/org/apache/hadoop/hadoop-hdds-common/0.5.0-SNAPSHOT/hadoop-hdds-common-0.5.0-SNAPSHOT.jar:/home/user/.m2/repository/javax/annotation/javax.annotation-api/1.2/javax.annotation-api-1.2.jar:/home/user/.m2/repository/org/apache/ratis/ratis-server/0.4.0-78e95b9-SNAPSHOT/ratis-server-0.4.0-78e95b9-SNAPSHOT.jar:/home/user/.m2/repository/org/apache/ratis/ratis-thirdparty-misc/0.2.0/ratis-thirdparty-misc-0.2.0.jar:/home/user/.m2/repository/org/apache/ratis/ratis-proto/0.4.0-78e95b9-SNAPSHOT/ratis-proto-0.4.0-78e95b9-SNAPSHOT.jar:/home/user/.m2/repository/org/apache/ratis/ratis-common/0.4.0-78e95b9-SNAPSHOT/ratis-common-0.4.0-78e95b9-SNAPSHOT.jar:/home/user/.m2/repository/org/apache/ratis/ratis-client/0.4.0-78e95b9-SNAPSHOT/ratis-client-0.4.0-78e95b9-SNAPSHOT.jar:/home/user/.m2/repository/org/apache/ratis/ratis-metrics/0.4.0-78e95b9-SNAPSHOT/ratis-metrics-0.4.0-78e95b9-SNAPSHOT.jar:/home/user/.m2/repository/com/github/joshelser/dropwizard-metrics-hadoop-metrics2-reporter/0.1.2/dropwizard-metrics-hadoop-metrics2-reporter-0.1.2.jar:/home/user/.m2/repository/io/dropwizard/metrics/metrics-jvm/3.2.5/metrics-jvm-3.2.5.jar:/home/user/.m2/repository/io/dropwizard/metrics/metrics-ganglia/3.2.5/metrics-ganglia-3.2.5.jar:/home/user/.m2/repository/info/ganglia/gmetric4j/gmetric4j/1.0.7/gmetric4j-1.0.7.jar:/home/user/.m2/repository/org/apache/ratis/ratis-netty/0.4.0-78e95b9-SNAPSHOT/ratis-netty-0.4.0-78e95b9-SNAPSHOT.jar:/home/user/.m2/repository/org/apache/ratis/ratis-grpc/0.4.0-78e95b9-SNAPSHOT/ratis-grpc-0.4.0-78e95b9-SNAPSHOT.jar:/home/user/.m2/repository/org/rocksdb/rocksdbjni/6.0.1/rocksdbjni-6.0.1.jar:/home/user/.m2/repository/org/apache/logging/log4j/log4j-api/2.11.0/log4j-api-2.11.0.jar:/home/user/.m2/repository/org/apache/logging/log4j/log4j-core/2.11.0/log4j-core-2.11.0.jar:/home/user/.m2/repository/com/lmax/disruptor/3.4.2/disruptor-3.4.2.jar:/home/user/.m2/repository/org/apache/commons/commons-pool2/2.6.0/commons-pool2-2.6.0.jar:/home/user/.m2/repository/org/bouncycastle/bcpkix-jdk15on/1.60/bcpkix-jdk15on-1.60.jar:/home/user/.m2/repository/commons-validator/commons-validator/1.6/commons-validator-1.6.jar:/home/user/.m2/repository/commons-digester/commons-digester/1.8.1/commons-digester-1.8.1.jar:/home/user/.m2/repository/io/jaegertracing/jaeger-client/0.33.1/jaeger-client-0.33.1.jar:/home/user/.m2/repository/io/jaegertracing/jaeger-thrift/0.33.1/jaeger-thrift-0.33.1.jar:/home/user/.m2/repository/org/apache/thrift/libthrift/0.11.0/libthrift-0.11.0.jar:/home/user/.m2/repository/com/squareup/okhttp3/okhttp/3.9.0/okhttp-3.9.0.jar:/home/user/.m2/repository/com/squareup/okio/okio/1.13.0/okio-1.13.0.jar:/home/user/.m2/repository/io/jaegertracing/jaeger-core/0.33.1/jaeger-core-0.33.1.jar:/home/user/.m2/repository/io/jaegertracing/jaeger-tracerresolver/0.33.1/jaeger-tracerresolver-0.33.1.jar:/home/user/.m2/repository/io/opentracing/contrib/opentracing-tracerresolver/0.1.5/opentracing-tracerresolver-0.1.5.jar:/home/user/.m2/repository/io/opentracing/opentracing-util/0.31.0/opentracing-util-0.31.0.jar:/home/user/.m2/repository/io/opentracing/opentracing-api/0.31.0/opentracing-api-0.31.0.jar:/home/user/.m2/repository/io/opentracing/opentracing-noop/0.31.0/opentracing-noop-0.31.0.jar:/home/user/.m2/repository/org/apache/hadoop/hadoop-hdds-server-framework/0.5.0-SNAPSHOT/hadoop-hdds-server-framework-0.5.0-SNAPSHOT.jar:/home/user/.m2/repository/org/apache/hadoop/hadoop-hdds-container-service/0.5.0-SNAPSHOT/hadoop-hdds-container-service-0.5.0-SNAPSHOT.jar:/home/user/.m2/repository/org/apache/hadoop/hadoop-hdds-client/0.5.0-SNAPSHOT/hadoop-hdds-client-0.5.0-SNAPSHOT.jar:/home/user/.m2/repository/org/apache/hadoop/hadoop-hdds-tools/0.5.0-SNAPSHOT/hadoop-hdds-tools-0.5.0-SNAPSHOT.jar:/home/user/.m2/repository/org/apache/hadoop/hadoop-hdds-server-scm/0.5.0-SNAPSHOT/hadoop-hdds-server-scm-0.5.0-SNAPSHOT.jar:/home/user/.m2/repository/org/apache/hadoop/hadoop-hdds-docs/0.5.0-SNAPSHOT/hadoop-hdds-docs-0.5.0-SNAPSHOT.jar:/home/user/.m2/repository/io/dropwizard/metrics/metrics-core/3.2.4/metrics-core-3.2.4.jar:/home/user/.m2/repository/org/hamcrest/hamcrest-all/1.3/hamcrest-all-1.3.jar:/home/user/.m2/repository/org/bouncycastle/bcprov-jdk15on/1.60/bcprov-jdk15on-1.60.jar:/home/user/.m2/repository/info/picocli/picocli/3.9.6/picocli-3.9.6.jar:/home/user/.m2/repository/com/google/protobuf/protobuf-java/2.5.0/protobuf-java-2.5.0.jar:/home/user/.m2/repository/com/google/guava/guava/11.0.2/guava-11.0.2.jar:/home/user/.m2/repository/org/apache/hadoop/hadoop-ozone-ozone-manager/0.5.0-SNAPSHOT/hadoop-ozone-ozone-manager-0.5.0-SNAPSHOT.jar:/home/user/.m2/repository/org/apache/hadoop/hadoop-minikdc/3.2.0/hadoop-minikdc-3.2.0.jar:/home/user/.m2/repository/commons-io/commons-io/2.5/commons-io-2.5.jar:/home/user/.m2/repository/org/apache/kerby/kerb-simplekdc/1.0.1/kerb-simplekdc-1.0.1.jar:/home/user/.m2/repository/org/apache/kerby/kerb-client/1.0.1/kerb-client-1.0.1.jar:/home/user/.m2/repository/org/apache/kerby/kerby-config/1.0.1/kerby-config-1.0.1.jar:/home/user/.m2/repository/org/apache/kerby/kerb-core/1.0.1/kerb-core-1.0.1.jar:/home/user/.m2/repository/org/apache/kerby/kerby-pkix/1.0.1/kerby-pkix-1.0.1.jar:/home/user/.m2/repository/org/apache/kerby/kerby-asn1/1.0.1/kerby-asn1-1.0.1.jar:/home/user/.m2/repository/org/apache/kerby/kerby-util/1.0.1/kerby-util-1.0.1.jar:/home/user/.m2/repository/org/apache/kerby/kerb-common/1.0.1/kerb-common-1.0.1.jar:/home/user/.m2/repository/org/apache/kerby/kerb-crypto/1.0.1/kerb-crypto-1.0.1.jar:/home/user/.m2/repository/org/apache/kerby/kerb-util/1.0.1/kerb-util-1.0.1.jar:/home/user/.m2/repository/org/apache/kerby/token-provider/1.0.1/token-provider-1.0.1.jar:/home/user/.m2/repository/org/apache/kerby/kerb-admin/1.0.1/kerb-admin-1.0.1.jar:/home/user/.m2/repository/org/apache/kerby/kerb-server/1.0.1/kerb-server-1.0.1.jar:/home/user/.m2/repository/org/apache/kerby/kerb-identity/1.0.1/kerb-identity-1.0.1.jar:/home/user/.m2/repository/org/apache/kerby/kerby-xdr/1.0.1/kerby-xdr-1.0.1.jar:/home/user/.m2/repository/org/slf4j/slf4j-log4j12/1.7.25/slf4j-log4j12-1.7.25.jar:/home/user/.m2/repository/org/apache/hadoop/hadoop-ozone-s3gateway/0.5.0-SNAPSHOT/hadoop-ozone-s3gateway-0.5.0-SNAPSHOT.jar:/home/user/.m2/repository/org/jboss/weld/servlet/weld-servlet/2.4.7.Final/weld-servlet-2.4.7.Final.jar:/home/user/.m2/repository/org/glassfish/jersey/containers/jersey-container-servlet-core/2.27/jersey-container-servlet-core-2.27.jar:/home/user/.m2/repository/org/glassfish/hk2/external/javax.inject/2.5.0-b42/javax.inject-2.5.0-b42.jar:/home/user/.m2/repository/org/glassfish/jersey/core/jersey-common/2.27/jersey-common-2.27.jar:/home/user/.m2/repository/org/glassfish/hk2/osgi-resource-locator/1.0.1/osgi-resource-locator-1.0.1.jar:/home/user/.m2/repository/javax/ws/rs/javax.ws.rs-api/2.1/javax.ws.rs-api-2.1.jar:/home/user/.m2/repository/org/glassfish/jersey/ext/cdi/jersey-cdi1x/2.27/jersey-cdi1x-2.27.jar:/home/user/.m2/repository/org/glassfish/jersey/inject/jersey-hk2/2.27/jersey-hk2-2.27.jar:/home/user/.m2/repository/org/glassfish/hk2/hk2-locator/2.5.0-b42/hk2-locator-2.5.0-b42.jar:/home/user/.m2/repository/org/javassist/javassist/3.22.0-CR2/javassist-3.22.0-CR2.jar:/home/user/.m2/repository/org/glassfish/hk2/hk2-api/2.5.0/hk2-api-2.5.0.jar:/home/user/.m2/repository/org/glassfish/hk2/external/jakarta.inject/2.5.0/jakarta.inject-2.5.0.jar:/home/user/.m2/repository/org/glassfish/hk2/hk2-utils/2.5.0/hk2-utils-2.5.0.jar:/home/user/.m2/repository/jakarta/annotation/jakarta.annotation-api/1.3.4/jakarta.annotation-api-1.3.4.jar:/home/user/.m2/repository/org/glassfish/hk2/external/aopalliance-repackaged/2.5.0/aopalliance-repackaged-2.5.0.jar:/home/user/.m2/repository/com/fasterxml/jackson/dataformat/jackson-dataformat-xml/2.9.0/jackson-dataformat-xml-2.9.0.jar:/home/user/.m2/repository/com/fasterxml/jackson/core/jackson-core/2.9.5/jackson-core-2.9.5.jar:/home/user/.m2/repository/com/fasterxml/jackson/module/jackson-module-jaxb-annotations/2.9.5/jackson-module-jaxb-annotations-2.9.5.jar:/home/user/.m2/repository/javax/enterprise/cdi-api/1.2/cdi-api-1.2.jar:/home/user/.m2/repository/javax/el/javax.el-api/3.0.0/javax.el-api-3.0.0.jar:/home/user/.m2/repository/javax/interceptor/javax.interceptor-api/1.2/javax.interceptor-api-1.2.jar:/home/user/.m2/repository/javax/inject/javax.inject/1/javax.inject-1.jar:/home/user/.m2/repository/com/sun/xml/bind/jaxb-impl/2.3.0.1/jaxb-impl-2.3.0.1.jar:/home/user/.m2/repository/com/sun/xml/bind/jaxb-core/2.3.0.1/jaxb-core-2.3.0.1.jar:/home/user/.m2/repository/javax/xml/bind/jaxb-api/2.3.0/jaxb-api-2.3.0.jar:/home/user/.m2/repository/javax/activation/activation/1.1.1/activation-1.1.1.jar:/home/user/.m2/repository/org/apache/hadoop/hadoop-ozone-csi/0.5.0-SNAPSHOT/hadoop-ozone-csi-0.5.0-SNAPSHOT.jar:/home/user/.m2/repository/com/google/protobuf/protobuf-java-util/3.5.1/protobuf-java-util-3.5.1.jar:/home/user/.m2/repository/org/apache/hadoop/hadoop-hdds-config/0.5.0-SNAPSHOT/hadoop-hdds-config-0.5.0-SNAPSHOT.jar:/home/user/.m2/repository/io/grpc/grpc-netty/1.17.1/grpc-netty-1.17.1.jar:/home/user/.m2/repository/io/grpc/grpc-core/1.17.1/grpc-core-1.17.1.jar:/home/user/.m2/repository/io/grpc/grpc-context/1.17.1/grpc-context-1.17.1.jar:/home/user/.m2/repository/com/google/errorprone/error_prone_annotations/2.2.0/error_prone_annotations-2.2.0.jar:/home/user/.m2/repository/org/codehaus/mojo/animal-sniffer-annotations/1.17/animal-sniffer-annotations-1.17.jar:/home/user/.m2/repository/io/opencensus/opencensus-api/0.17.0/opencensus-api-0.17.0.jar:/home/user/.m2/repository/io/opencensus/opencensus-contrib-grpc-metrics/0.17.0/opencensus-contrib-grpc-metrics-0.17.0.jar:/home/user/.m2/repository/io/netty/netty-codec-http2/4.1.30.Final/netty-codec-http2-4.1.30.Final.jar:/home/user/.m2/repository/io/netty/netty-codec-http/4.1.30.Final/netty-codec-http-4.1.30.Final.jar:/home/user/.m2/repository/io/netty/netty-codec/4.1.30.Final/netty-codec-4.1.30.Final.jar:/home/user/.m2/repository/io/netty/netty-handler/4.1.30.Final/netty-handler-4.1.30.Final.jar:/home/user/.m2/repository/io/netty/netty-handler-proxy/4.1.30.Final/netty-handler-proxy-4.1.30.Final.jar:/home/user/.m2/repository/io/netty/netty-codec-socks/4.1.30.Final/netty-codec-socks-4.1.30.Final.jar:/home/user/.m2/repository/io/netty/netty-transport-native-epoll/4.1.30.Final/netty-transport-native-epoll-4.1.30.Final.jar:/home/user/.m2/repository/io/netty/netty-common/4.1.30.Final/netty-common-4.1.30.Final.jar:/home/user/.m2/repository/io/netty/netty-buffer/4.1.30.Final/netty-buffer-4.1.30.Final.jar:/home/user/.m2/repository/io/netty/netty-transport/4.1.30.Final/netty-transport-4.1.30.Final.jar:/home/user/.m2/repository/io/netty/netty-resolver/4.1.30.Final/netty-resolver-4.1.30.Final.jar:/home/user/.m2/repository/io/netty/netty-transport-native-unix-common/4.1.30.Final/netty-transport-native-unix-common-4.1.30.Final.jar:/home/user/.m2/repository/io/grpc/grpc-protobuf/1.17.1/grpc-protobuf-1.17.1.jar:/home/user/.m2/repository/com/google/api/grpc/proto-google-common-protos/1.0.0/proto-google-common-protos-1.0.0.jar:/home/user/.m2/repository/io/grpc/grpc-protobuf-lite/1.17.1/grpc-protobuf-lite-1.17.1.jar:/home/user/.m2/repository/io/grpc/grpc-stub/1.17.1/grpc-stub-1.17.1.jar:/home/user/.m2/repository/org/apache/hadoop/hadoop-ozone-recon/0.5.0-SNAPSHOT/hadoop-ozone-recon-0.5.0-SNAPSHOT.jar:/home/user/.m2/repository/org/apache/hadoop/hadoop-ozone-reconcodegen/0.5.0-SNAPSHOT/hadoop-ozone-reconcodegen-0.5.0-SNAPSHOT.jar:/home/user/.m2/repository/com/google/inject/extensions/guice-multibindings/4.0/guice-multibindings-4.0.jar:/home/user/.m2/repository/com/google/inject/guice/4.0/guice-4.0.jar:/home/user/.m2/repository/aopalliance/aopalliance/1.0/aopalliance-1.0.jar:/home/user/.m2/repository/com/google/inject/extensions/guice-servlet/4.0/guice-servlet-4.0.jar:/home/user/.m2/repository/org/glassfish/jersey/containers/jersey-container-servlet/2.27/jersey-container-servlet-2.27.jar:/home/user/.m2/repository/org/glassfish/hk2/guice-bridge/2.5.0/guice-bridge-2.5.0.jar:/home/user/.m2/repository/org/glassfish/jersey/core/jersey-server/2.27/jersey-server-2.27.jar:/home/user/.m2/repository/org/glassfish/jersey/core/jersey-client/2.27/jersey-client-2.27.jar:/home/user/.m2/repository/org/glassfish/jersey/media/jersey-media-jaxb/2.27/jersey-media-jaxb-2.27.jar:/home/user/.m2/repository/javax/validation/validation-api/1.1.0.Final/validation-api-1.1.0.Final.jar:/home/user/.m2/repository/org/glassfish/jersey/media/jersey-media-json-jackson/2.27/jersey-media-json-jackson-2.27.jar:/home/user/.m2/repository/org/glassfish/jersey/ext/jersey-entity-filtering/2.27/jersey-entity-filtering-2.27.jar:/home/user/.m2/repository/com/google/inject/extensions/guice-assistedinject/4.0/guice-assistedinject-4.0.jar:/home/user/.m2/repository/org/jooq/jooq/3.11.10/jooq-3.11.10.jar:/home/user/.m2/repository/org/jooq/jooq-meta/3.11.10/jooq-meta-3.11.10.jar:/home/user/.m2/repository/org/jooq/jooq-codegen/3.11.10/jooq-codegen-3.11.10.jar:/home/user/.m2/repository/com/jolbox/bonecp/0.8.0.RELEASE/bonecp-0.8.0.RELEASE.jar:/home/user/.m2/repository/org/xerial/sqlite-jdbc/3.25.2/sqlite-jdbc-3.25.2.jar:/home/user/.m2/repository/org/springframework/spring-jdbc/5.1.3.RELEASE/spring-jdbc-5.1.3.RELEASE.jar:/home/user/.m2/repository/org/springframework/spring-beans/5.1.3.RELEASE/spring-beans-5.1.3.RELEASE.jar:/home/user/.m2/repository/org/springframework/spring-core/5.1.3.RELEASE/spring-core-5.1.3.RELEASE.jar:/home/user/.m2/repository/org/springframework/spring-jcl/5.1.3.RELEASE/spring-jcl-5.1.3.RELEASE.jar:/home/user/.m2/repository/org/springframework/spring-tx/5.1.3.RELEASE/spring-tx-5.1.3.RELEASE.jar:/home/user/.m2/repository/org/apache/hadoop/hadoop-ozone-client/0.5.0-SNAPSHOT/hadoop-ozone-client-0.5.0-SNAPSHOT.jar:/home/user/.m2/repository/commons-lang/commons-lang/2.6/commons-lang-2.6.jar:/home/user/.m2/repository/org/apache/hadoop/hadoop-ozone-ozone-manager/0.5.0-SNAPSHOT/hadoop-ozone-ozone-manager-0.5.0-SNAPSHOT-tests.jar:/home/user/.m2/repository/junit/junit/4.11/junit-4.11.jar:/home/user/.m2/repository/org/hamcrest/hamcrest-core/1.3/hamcrest-core-1.3.jar:/home/user/.m2/repository/org/openjdk/jmh/jmh-core/1.19/jmh-core-1.19.jar:/home/user/.m2/repository/net/sf/jopt-simple/jopt-simple/4.6/jopt-simple-4.6.jar:/home/user/.m2/repository/org/apache/commons/commons-math3/3.1.1/commons-math3-3.1.1.jar:/home/user/.m2/repository/org/openjdk/jmh/jmh-generator-annprocess/1.19/jmh-generator-annprocess-1.19.jar:/home/user/.m2/repository/org/mockito/mockito-all/1.8.5/mockito-all-1.8.5.jar:/home/user/.m2/repository/org/apache/hadoop/hadoop-kms/3.2.0/hadoop-kms-3.2.0.jar:/home/user/.m2/repository/org/apache/hadoop/hadoop-auth/3.2.0/hadoop-auth-3.2.0.jar:/home/user/.m2/repository/com/nimbusds/nimbus-jose-jwt/4.41.1/nimbus-jose-jwt-4.41.1.jar:/home/user/.m2/repository/com/github/stephenc/jcip/jcip-annotations/1.0-1/jcip-annotations-1.0-1.jar:/home/user/.m2/repository/net/minidev/json-smart/2.3/json-smart-2.3.jar:/home/user/.m2/repository/net/minidev/accessors-smart/1.2/accessors-smart-1.2.jar:/home/user/.m2/repository/org/ow2/asm/asm/5.0.4/asm-5.0.4.jar:/home/user/.m2/repository/org/apache/curator/curator-framework/2.12.0/curator-framework-2.12.0.jar:/home/user/.m2/repository/com/sun/jersey/jersey-core/1.19/jersey-core-1.19.jar:/home/user/.m2/repository/javax/ws/rs/jsr311-api/1.1.1/jsr311-api-1.1.1.jar:/home/user/.m2/repository/com/sun/jersey/jersey-server/1.19/jersey-server-1.19.jar:/home/user/.m2/repository/javax/servlet/javax.servlet-api/3.1.0/javax.servlet-api-3.1.0.jar:/home/user/.m2/repository/org/eclipse/jetty/jetty-server/9.3.24.v20180605/jetty-server-9.3.24.v20180605.jar:/home/user/.m2/repository/org/eclipse/jetty/jetty-http/9.3.24.v20180605/jetty-http-9.3.24.v20180605.jar:/home/user/.m2/repository/org/eclipse/jetty/jetty-io/9.3.24.v20180605/jetty-io-9.3.24.v20180605.jar:/home/user/.m2/repository/org/eclipse/jetty/jetty-webapp/9.3.24.v20180605/jetty-webapp-9.3.24.v20180605.jar:/home/user/.m2/repository/org/eclipse/jetty/jetty-xml/9.3.24.v20180605/jetty-xml-9.3.24.v20180605.jar:/home/user/.m2/repository/log4j/log4j/1.2.17/log4j-1.2.17.jar:/home/user/.m2/repository/org/slf4j/slf4j-api/1.7.25/slf4j-api-1.7.25.jar:/home/user/.m2/repository/org/slf4j/jul-to-slf4j/1.7.25/jul-to-slf4j-1.7.25.jar:/home/user/.m2/repository/org/eclipse/jetty/jetty-util/9.3.24.v20180605/jetty-util-9.3.24.v20180605.jar:/home/user/.m2/repository/com/fasterxml/jackson/core/jackson-databind/2.9.5/jackson-databind-2.9.5.jar:/home/user/.m2/repository/org/apache/hadoop/hadoop-kms/3.2.0/hadoop-kms-3.2.0-tests.jar:/home/user/.m2/repository/org/apache/hadoop/hadoop-hdds-server-scm/0.5.0-SNAPSHOT/hadoop-hdds-server-scm-0.5.0-SNAPSHOT-tests.jar:/home/user/.m2/repository/org/apache/hadoop/hadoop-hdds-container-service/0.5.0-SNAPSHOT/hadoop-hdds-container-service-0.5.0-SNAPSHOT-tests.jar:/home/user/.m2/repository/org/yaml/snakeyaml/1.16/snakeyaml-1.16.jar:/home/user/.m2/repository/org/apache/hadoop/hadoop-common/3.2.0/hadoop-common-3.2.0-tests.jar:/home/user/.m2/repository/org/apache/hadoop/hadoop-annotations/3.2.0/hadoop-annotations-3.2.0.jar:/usr/lib/jvm/java-1.8-openjdk/jre/../lib/tools.jar:/home/user/.m2/repository/commons-cli/commons-cli/1.2/commons-cli-1.2.jar:/home/user/.m2/repository/org/apache/httpcomponents/httpclient/4.5.2/httpclient-4.5.2.jar:/home/user/.m2/repository/org/apache/httpcomponents/httpcore/4.4.4/httpcore-4.4.4.jar:/home/user/.m2/repository/commons-codec/commons-codec/1.11/commons-codec-1.11.jar:/home/user/.m2/repository/commons-net/commons-net/3.6/commons-net-3.6.jar:/home/user/.m2/repository/commons-collections/commons-collections/3.2.2/commons-collections-3.2.2.jar:/home/user/.m2/repository/org/eclipse/jetty/jetty-servlet/9.3.24.v20180605/jetty-servlet-9.3.24.v20180605.jar:/home/user/.m2/repository/org/eclipse/jetty/jetty-security/9.3.24.v20180605/jetty-security-9.3.24.v20180605.jar:/home/user/.m2/repository/javax/servlet/jsp/jsp-api/2.1/jsp-api-2.1.jar:/home/user/.m2/repository/com/sun/jersey/jersey-servlet/1.19/jersey-servlet-1.19.jar:/home/user/.m2/repository/com/sun/jersey/jersey-json/1.19/jersey-json-1.19.jar:/home/user/.m2/repository/org/codehaus/jettison/jettison/1.1/jettison-1.1.jar:/home/user/.m2/repository/org/codehaus/jackson/jackson-core-asl/1.9.13/jackson-core-asl-1.9.13.jar:/home/user/.m2/repository/org/codehaus/jackson/jackson-mapper-asl/1.9.13/jackson-mapper-asl-1.9.13.jar:/home/user/.m2/repository/org/codehaus/jackson/jackson-jaxrs/1.9.13/jackson-jaxrs-1.9.13.jar:/home/user/.m2/repository/org/codehaus/jackson/jackson-xc/1.9.13/jackson-xc-1.9.13.jar:/home/user/.m2/repository/commons-logging/commons-logging/1.1.3/commons-logging-1.1.3.jar:/home/user/.m2/repository/commons-beanutils/commons-beanutils/1.9.3/commons-beanutils-1.9.3.jar:/home/user/.m2/repository/org/apache/commons/commons-configuration2/2.1.1/commons-configuration2-2.1.1.jar:/home/user/.m2/repository/org/apache/commons/commons-lang3/3.7/commons-lang3-3.7.jar:/home/user/.m2/repository/org/apache/commons/commons-text/1.4/commons-text-1.4.jar:/home/user/.m2/repository/org/apache/avro/avro/1.7.7/avro-1.7.7.jar:/home/user/.m2/repository/com/thoughtworks/paranamer/paranamer/2.3/paranamer-2.3.jar:/home/user/.m2/repository/org/xerial/snappy/snappy-java/1.0.5/snappy-java-1.0.5.jar:/home/user/.m2/repository/com/google/re2j/re2j/1.1/re2j-1.1.jar:/home/user/.m2/repository/com/google/code/gson/gson/2.2.4/gson-2.2.4.jar:/home/user/.m2/repository/com/jcraft/jsch/0.1.54/jsch-0.1.54.jar:/home/user/.m2/repository/org/apache/curator/curator-client/2.12.0/curator-client-2.12.0.jar:/home/user/.m2/repository/org/apache/curator/curator-recipes/2.12.0/curator-recipes-2.12.0.jar:/home/user/.m2/repository/com/google/code/findbugs/jsr305/3.0.0/jsr305-3.0.0.jar:/home/user/.m2/repository/org/apache/htrace/htrace-core4/4.1.0-incubating/htrace-core4-4.1.0-incubating.jar:/home/user/.m2/repository/org/apache/zookeeper/zookeeper/3.4.13/zookeeper-3.4.13.jar:/home/user/.m2/repository/org/apache/yetus/audience-annotations/0.5.0/audience-annotations-0.5.0.jar:/home/user/.m2/repository/org/codehaus/woodstox/stax2-api/3.1.4/stax2-api-3.1.4.jar:/home/user/.m2/repository/com/fasterxml/woodstox/woodstox-core/5.0.3/woodstox-core-5.0.3.jar:/home/user/.m2/repository/dnsjava/dnsjava/2.1.7/dnsjava-2.1.7.jar:/home/user/.m2/repository/org/apache/hadoop/hadoop-hdfs/3.2.0/hadoop-hdfs-3.2.0-tests.jar:/home/user/.m2/repository/org/eclipse/jetty/jetty-util-ajax/9.3.24.v20180605/jetty-util-ajax-9.3.24.v20180605.jar:/home/user/.m2/repository/commons-daemon/commons-daemon/1.0.13/commons-daemon-1.0.13.jar:/home/user/.m2/repository/io/netty/netty/3.10.5.Final/netty-3.10.5.Final.jar:/home/user/.m2/repository/io/netty/netty-all/4.0.52.Final/netty-all-4.0.52.Final.jar:/home/user/.m2/repository/org/fusesource/leveldbjni/leveldbjni-all/1.8/leveldbjni-all-1.8.jar:"/>
    <property name="java.vm.vendor" value="IcedTea"/>
    <property name="sun.arch.data.model" value="64"/>
    <property name="test.build.dir" value="/workdir/hadoop-ozone/integration-test/target/test-dir"/>
    <property name="test.cache.data" value=""/>
    <property name="java.vendor.url" value="https://icedtea.classpath.org"/>
    <property name="user.timezone" value=""/>
    <property name="java.vm.specification.version" value="1.8"/>
    <property name="os.name" value="Linux"/>
    <property name="test.build.data" value="/workdir/hadoop-ozone/integration-test/target/test-dir"/>
    <property name="user.country" value="US"/>
    <property name="sun.java.launcher" value="SUN_STANDARD"/>
    <property name="sun.boot.library.path" value="/usr/lib/jvm/java-1.8-openjdk/jre/lib/amd64"/>
    <property name="sun.java.command" value="/workdir/hadoop-ozone/integration-test/target/surefire/surefirebooter8276362418204486862.jar /workdir/hadoop-ozone/integration-test/target/surefire 2019-09-17T12-38-41_942-jvmRun1 surefire701033392631514513tmp surefire_522348196074455787966tmp"/>
    <property name="test" value="!TestMiniChaosOzoneCluster"/>
    <property name="surefire.test.class.path" value="/workdir/hadoop-ozone/integration-test/target/test-classes:/workdir/hadoop-ozone/integration-test/target/classes:/home/user/.m2/repository/org/apache/hadoop/hadoop-ozone-common/0.5.0-SNAPSHOT/hadoop-ozone-common-0.5.0-SNAPSHOT.jar:/home/user/.m2/repository/org/apache/commons/commons-compress/1.4.1/commons-compress-1.4.1.jar:/home/user/.m2/repository/org/tukaani/xz/1.0/xz-1.0.jar:/home/user/.m2/repository/org/apache/hadoop/hadoop-common/3.2.0/hadoop-common-3.2.0.jar:/home/user/.m2/repository/org/apache/hadoop/hadoop-hdfs/3.2.0/hadoop-hdfs-3.2.0.jar:/home/user/.m2/repository/org/apache/hadoop/hadoop-hdfs-client/3.2.0/hadoop-hdfs-client-3.2.0.jar:/home/user/.m2/repository/com/fasterxml/jackson/core/jackson-annotations/2.9.5/jackson-annotations-2.9.5.jar:/home/user/.m2/repository/org/apache/hadoop/hadoop-hdds-common/0.5.0-SNAPSHOT/hadoop-hdds-common-0.5.0-SNAPSHOT.jar:/home/user/.m2/repository/javax/annotation/javax.annotation-api/1.2/javax.annotation-api-1.2.jar:/home/user/.m2/repository/org/apache/ratis/ratis-server/0.4.0-78e95b9-SNAPSHOT/ratis-server-0.4.0-78e95b9-SNAPSHOT.jar:/home/user/.m2/repository/org/apache/ratis/ratis-thirdparty-misc/0.2.0/ratis-thirdparty-misc-0.2.0.jar:/home/user/.m2/repository/org/apache/ratis/ratis-proto/0.4.0-78e95b9-SNAPSHOT/ratis-proto-0.4.0-78e95b9-SNAPSHOT.jar:/home/user/.m2/repository/org/apache/ratis/ratis-common/0.4.0-78e95b9-SNAPSHOT/ratis-common-0.4.0-78e95b9-SNAPSHOT.jar:/home/user/.m2/repository/org/apache/ratis/ratis-client/0.4.0-78e95b9-SNAPSHOT/ratis-client-0.4.0-78e95b9-SNAPSHOT.jar:/home/user/.m2/repository/org/apache/ratis/ratis-metrics/0.4.0-78e95b9-SNAPSHOT/ratis-metrics-0.4.0-78e95b9-SNAPSHOT.jar:/home/user/.m2/repository/com/github/joshelser/dropwizard-metrics-hadoop-metrics2-reporter/0.1.2/dropwizard-metrics-hadoop-metrics2-reporter-0.1.2.jar:/home/user/.m2/repository/io/dropwizard/metrics/metrics-jvm/3.2.5/metrics-jvm-3.2.5.jar:/home/user/.m2/repository/io/dropwizard/metrics/metrics-ganglia/3.2.5/metrics-ganglia-3.2.5.jar:/home/user/.m2/repository/info/ganglia/gmetric4j/gmetric4j/1.0.7/gmetric4j-1.0.7.jar:/home/user/.m2/repository/org/apache/ratis/ratis-netty/0.4.0-78e95b9-SNAPSHOT/ratis-netty-0.4.0-78e95b9-SNAPSHOT.jar:/home/user/.m2/repository/org/apache/ratis/ratis-grpc/0.4.0-78e95b9-SNAPSHOT/ratis-grpc-0.4.0-78e95b9-SNAPSHOT.jar:/home/user/.m2/repository/org/rocksdb/rocksdbjni/6.0.1/rocksdbjni-6.0.1.jar:/home/user/.m2/repository/org/apache/logging/log4j/log4j-api/2.11.0/log4j-api-2.11.0.jar:/home/user/.m2/repository/org/apache/logging/log4j/log4j-core/2.11.0/log4j-core-2.11.0.jar:/home/user/.m2/repository/com/lmax/disruptor/3.4.2/disruptor-3.4.2.jar:/home/user/.m2/repository/org/apache/commons/commons-pool2/2.6.0/commons-pool2-2.6.0.jar:/home/user/.m2/repository/org/bouncycastle/bcpkix-jdk15on/1.60/bcpkix-jdk15on-1.60.jar:/home/user/.m2/repository/commons-validator/commons-validator/1.6/commons-validator-1.6.jar:/home/user/.m2/repository/commons-digester/commons-digester/1.8.1/commons-digester-1.8.1.jar:/home/user/.m2/repository/io/jaegertracing/jaeger-client/0.33.1/jaeger-client-0.33.1.jar:/home/user/.m2/repository/io/jaegertracing/jaeger-thrift/0.33.1/jaeger-thrift-0.33.1.jar:/home/user/.m2/repository/org/apache/thrift/libthrift/0.11.0/libthrift-0.11.0.jar:/home/user/.m2/repository/com/squareup/okhttp3/okhttp/3.9.0/okhttp-3.9.0.jar:/home/user/.m2/repository/com/squareup/okio/okio/1.13.0/okio-1.13.0.jar:/home/user/.m2/repository/io/jaegertracing/jaeger-core/0.33.1/jaeger-core-0.33.1.jar:/home/user/.m2/repository/io/jaegertracing/jaeger-tracerresolver/0.33.1/jaeger-tracerresolver-0.33.1.jar:/home/user/.m2/repository/io/opentracing/contrib/opentracing-tracerresolver/0.1.5/opentracing-tracerresolver-0.1.5.jar:/home/user/.m2/repository/io/opentracing/opentracing-util/0.31.0/opentracing-util-0.31.0.jar:/home/user/.m2/repository/io/opentracing/opentracing-api/0.31.0/opentracing-api-0.31.0.jar:/home/user/.m2/repository/io/opentracing/opentracing-noop/0.31.0/opentracing-noop-0.31.0.jar:/home/user/.m2/repository/org/apache/hadoop/hadoop-hdds-server-framework/0.5.0-SNAPSHOT/hadoop-hdds-server-framework-0.5.0-SNAPSHOT.jar:/home/user/.m2/repository/org/apache/hadoop/hadoop-hdds-container-service/0.5.0-SNAPSHOT/hadoop-hdds-container-service-0.5.0-SNAPSHOT.jar:/home/user/.m2/repository/org/apache/hadoop/hadoop-hdds-client/0.5.0-SNAPSHOT/hadoop-hdds-client-0.5.0-SNAPSHOT.jar:/home/user/.m2/repository/org/apache/hadoop/hadoop-hdds-tools/0.5.0-SNAPSHOT/hadoop-hdds-tools-0.5.0-SNAPSHOT.jar:/home/user/.m2/repository/org/apache/hadoop/hadoop-hdds-server-scm/0.5.0-SNAPSHOT/hadoop-hdds-server-scm-0.5.0-SNAPSHOT.jar:/home/user/.m2/repository/org/apache/hadoop/hadoop-hdds-docs/0.5.0-SNAPSHOT/hadoop-hdds-docs-0.5.0-SNAPSHOT.jar:/home/user/.m2/repository/io/dropwizard/metrics/metrics-core/3.2.4/metrics-core-3.2.4.jar:/home/user/.m2/repository/org/hamcrest/hamcrest-all/1.3/hamcrest-all-1.3.jar:/home/user/.m2/repository/org/bouncycastle/bcprov-jdk15on/1.60/bcprov-jdk15on-1.60.jar:/home/user/.m2/repository/info/picocli/picocli/3.9.6/picocli-3.9.6.jar:/home/user/.m2/repository/com/google/protobuf/protobuf-java/2.5.0/protobuf-java-2.5.0.jar:/home/user/.m2/repository/com/google/guava/guava/11.0.2/guava-11.0.2.jar:/home/user/.m2/repository/org/apache/hadoop/hadoop-ozone-ozone-manager/0.5.0-SNAPSHOT/hadoop-ozone-ozone-manager-0.5.0-SNAPSHOT.jar:/home/user/.m2/repository/org/apache/hadoop/hadoop-minikdc/3.2.0/hadoop-minikdc-3.2.0.jar:/home/user/.m2/repository/commons-io/commons-io/2.5/commons-io-2.5.jar:/home/user/.m2/repository/org/apache/kerby/kerb-simplekdc/1.0.1/kerb-simplekdc-1.0.1.jar:/home/user/.m2/repository/org/apache/kerby/kerb-client/1.0.1/kerb-client-1.0.1.jar:/home/user/.m2/repository/org/apache/kerby/kerby-config/1.0.1/kerby-config-1.0.1.jar:/home/user/.m2/repository/org/apache/kerby/kerb-core/1.0.1/kerb-core-1.0.1.jar:/home/user/.m2/repository/org/apache/kerby/kerby-pkix/1.0.1/kerby-pkix-1.0.1.jar:/home/user/.m2/repository/org/apache/kerby/kerby-asn1/1.0.1/kerby-asn1-1.0.1.jar:/home/user/.m2/repository/org/apache/kerby/kerby-util/1.0.1/kerby-util-1.0.1.jar:/home/user/.m2/repository/org/apache/kerby/kerb-common/1.0.1/kerb-common-1.0.1.jar:/home/user/.m2/repository/org/apache/kerby/kerb-crypto/1.0.1/kerb-crypto-1.0.1.jar:/home/user/.m2/repository/org/apache/kerby/kerb-util/1.0.1/kerb-util-1.0.1.jar:/home/user/.m2/repository/org/apache/kerby/token-provider/1.0.1/token-provider-1.0.1.jar:/home/user/.m2/repository/org/apache/kerby/kerb-admin/1.0.1/kerb-admin-1.0.1.jar:/home/user/.m2/repository/org/apache/kerby/kerb-server/1.0.1/kerb-server-1.0.1.jar:/home/user/.m2/repository/org/apache/kerby/kerb-identity/1.0.1/kerb-identity-1.0.1.jar:/home/user/.m2/repository/org/apache/kerby/kerby-xdr/1.0.1/kerby-xdr-1.0.1.jar:/home/user/.m2/repository/org/slf4j/slf4j-log4j12/1.7.25/slf4j-log4j12-1.7.25.jar:/home/user/.m2/repository/org/apache/hadoop/hadoop-ozone-s3gateway/0.5.0-SNAPSHOT/hadoop-ozone-s3gateway-0.5.0-SNAPSHOT.jar:/home/user/.m2/repository/org/jboss/weld/servlet/weld-servlet/2.4.7.Final/weld-servlet-2.4.7.Final.jar:/home/user/.m2/repository/org/glassfish/jersey/containers/jersey-container-servlet-core/2.27/jersey-container-servlet-core-2.27.jar:/home/user/.m2/repository/org/glassfish/hk2/external/javax.inject/2.5.0-b42/javax.inject-2.5.0-b42.jar:/home/user/.m2/repository/org/glassfish/jersey/core/jersey-common/2.27/jersey-common-2.27.jar:/home/user/.m2/repository/org/glassfish/hk2/osgi-resource-locator/1.0.1/osgi-resource-locator-1.0.1.jar:/home/user/.m2/repository/javax/ws/rs/javax.ws.rs-api/2.1/javax.ws.rs-api-2.1.jar:/home/user/.m2/repository/org/glassfish/jersey/ext/cdi/jersey-cdi1x/2.27/jersey-cdi1x-2.27.jar:/home/user/.m2/repository/org/glassfish/jersey/inject/jersey-hk2/2.27/jersey-hk2-2.27.jar:/home/user/.m2/repository/org/glassfish/hk2/hk2-locator/2.5.0-b42/hk2-locator-2.5.0-b42.jar:/home/user/.m2/repository/org/javassist/javassist/3.22.0-CR2/javassist-3.22.0-CR2.jar:/home/user/.m2/repository/org/glassfish/hk2/hk2-api/2.5.0/hk2-api-2.5.0.jar:/home/user/.m2/repository/org/glassfish/hk2/external/jakarta.inject/2.5.0/jakarta.inject-2.5.0.jar:/home/user/.m2/repository/org/glassfish/hk2/hk2-utils/2.5.0/hk2-utils-2.5.0.jar:/home/user/.m2/repository/jakarta/annotation/jakarta.annotation-api/1.3.4/jakarta.annotation-api-1.3.4.jar:/home/user/.m2/repository/org/glassfish/hk2/external/aopalliance-repackaged/2.5.0/aopalliance-repackaged-2.5.0.jar:/home/user/.m2/repository/com/fasterxml/jackson/dataformat/jackson-dataformat-xml/2.9.0/jackson-dataformat-xml-2.9.0.jar:/home/user/.m2/repository/com/fasterxml/jackson/core/jackson-core/2.9.5/jackson-core-2.9.5.jar:/home/user/.m2/repository/com/fasterxml/jackson/module/jackson-module-jaxb-annotations/2.9.5/jackson-module-jaxb-annotations-2.9.5.jar:/home/user/.m2/repository/javax/enterprise/cdi-api/1.2/cdi-api-1.2.jar:/home/user/.m2/repository/javax/el/javax.el-api/3.0.0/javax.el-api-3.0.0.jar:/home/user/.m2/repository/javax/interceptor/javax.interceptor-api/1.2/javax.interceptor-api-1.2.jar:/home/user/.m2/repository/javax/inject/javax.inject/1/javax.inject-1.jar:/home/user/.m2/repository/com/sun/xml/bind/jaxb-impl/2.3.0.1/jaxb-impl-2.3.0.1.jar:/home/user/.m2/repository/com/sun/xml/bind/jaxb-core/2.3.0.1/jaxb-core-2.3.0.1.jar:/home/user/.m2/repository/javax/xml/bind/jaxb-api/2.3.0/jaxb-api-2.3.0.jar:/home/user/.m2/repository/javax/activation/activation/1.1.1/activation-1.1.1.jar:/home/user/.m2/repository/org/apache/hadoop/hadoop-ozone-csi/0.5.0-SNAPSHOT/hadoop-ozone-csi-0.5.0-SNAPSHOT.jar:/home/user/.m2/repository/com/google/protobuf/protobuf-java-util/3.5.1/protobuf-java-util-3.5.1.jar:/home/user/.m2/repository/org/apache/hadoop/hadoop-hdds-config/0.5.0-SNAPSHOT/hadoop-hdds-config-0.5.0-SNAPSHOT.jar:/home/user/.m2/repository/io/grpc/grpc-netty/1.17.1/grpc-netty-1.17.1.jar:/home/user/.m2/repository/io/grpc/grpc-core/1.17.1/grpc-core-1.17.1.jar:/home/user/.m2/repository/io/grpc/grpc-context/1.17.1/grpc-context-1.17.1.jar:/home/user/.m2/repository/com/google/errorprone/error_prone_annotations/2.2.0/error_prone_annotations-2.2.0.jar:/home/user/.m2/repository/org/codehaus/mojo/animal-sniffer-annotations/1.17/animal-sniffer-annotations-1.17.jar:/home/user/.m2/repository/io/opencensus/opencensus-api/0.17.0/opencensus-api-0.17.0.jar:/home/user/.m2/repository/io/opencensus/opencensus-contrib-grpc-metrics/0.17.0/opencensus-contrib-grpc-metrics-0.17.0.jar:/home/user/.m2/repository/io/netty/netty-codec-http2/4.1.30.Final/netty-codec-http2-4.1.30.Final.jar:/home/user/.m2/repository/io/netty/netty-codec-http/4.1.30.Final/netty-codec-http-4.1.30.Final.jar:/home/user/.m2/repository/io/netty/netty-codec/4.1.30.Final/netty-codec-4.1.30.Final.jar:/home/user/.m2/repository/io/netty/netty-handler/4.1.30.Final/netty-handler-4.1.30.Final.jar:/home/user/.m2/repository/io/netty/netty-handler-proxy/4.1.30.Final/netty-handler-proxy-4.1.30.Final.jar:/home/user/.m2/repository/io/netty/netty-codec-socks/4.1.30.Final/netty-codec-socks-4.1.30.Final.jar:/home/user/.m2/repository/io/netty/netty-transport-native-epoll/4.1.30.Final/netty-transport-native-epoll-4.1.30.Final.jar:/home/user/.m2/repository/io/netty/netty-common/4.1.30.Final/netty-common-4.1.30.Final.jar:/home/user/.m2/repository/io/netty/netty-buffer/4.1.30.Final/netty-buffer-4.1.30.Final.jar:/home/user/.m2/repository/io/netty/netty-transport/4.1.30.Final/netty-transport-4.1.30.Final.jar:/home/user/.m2/repository/io/netty/netty-resolver/4.1.30.Final/netty-resolver-4.1.30.Final.jar:/home/user/.m2/repository/io/netty/netty-transport-native-unix-common/4.1.30.Final/netty-transport-native-unix-common-4.1.30.Final.jar:/home/user/.m2/repository/io/grpc/grpc-protobuf/1.17.1/grpc-protobuf-1.17.1.jar:/home/user/.m2/repository/com/google/api/grpc/proto-google-common-protos/1.0.0/proto-google-common-protos-1.0.0.jar:/home/user/.m2/repository/io/grpc/grpc-protobuf-lite/1.17.1/grpc-protobuf-lite-1.17.1.jar:/home/user/.m2/repository/io/grpc/grpc-stub/1.17.1/grpc-stub-1.17.1.jar:/home/user/.m2/repository/org/apache/hadoop/hadoop-ozone-recon/0.5.0-SNAPSHOT/hadoop-ozone-recon-0.5.0-SNAPSHOT.jar:/home/user/.m2/repository/org/apache/hadoop/hadoop-ozone-reconcodegen/0.5.0-SNAPSHOT/hadoop-ozone-reconcodegen-0.5.0-SNAPSHOT.jar:/home/user/.m2/repository/com/google/inject/extensions/guice-multibindings/4.0/guice-multibindings-4.0.jar:/home/user/.m2/repository/com/google/inject/guice/4.0/guice-4.0.jar:/home/user/.m2/repository/aopalliance/aopalliance/1.0/aopalliance-1.0.jar:/home/user/.m2/repository/com/google/inject/extensions/guice-servlet/4.0/guice-servlet-4.0.jar:/home/user/.m2/repository/org/glassfish/jersey/containers/jersey-container-servlet/2.27/jersey-container-servlet-2.27.jar:/home/user/.m2/repository/org/glassfish/hk2/guice-bridge/2.5.0/guice-bridge-2.5.0.jar:/home/user/.m2/repository/org/glassfish/jersey/core/jersey-server/2.27/jersey-server-2.27.jar:/home/user/.m2/repository/org/glassfish/jersey/core/jersey-client/2.27/jersey-client-2.27.jar:/home/user/.m2/repository/org/glassfish/jersey/media/jersey-media-jaxb/2.27/jersey-media-jaxb-2.27.jar:/home/user/.m2/repository/javax/validation/validation-api/1.1.0.Final/validation-api-1.1.0.Final.jar:/home/user/.m2/repository/org/glassfish/jersey/media/jersey-media-json-jackson/2.27/jersey-media-json-jackson-2.27.jar:/home/user/.m2/repository/org/glassfish/jersey/ext/jersey-entity-filtering/2.27/jersey-entity-filtering-2.27.jar:/home/user/.m2/repository/com/google/inject/extensions/guice-assistedinject/4.0/guice-assistedinject-4.0.jar:/home/user/.m2/repository/org/jooq/jooq/3.11.10/jooq-3.11.10.jar:/home/user/.m2/repository/org/jooq/jooq-meta/3.11.10/jooq-meta-3.11.10.jar:/home/user/.m2/repository/org/jooq/jooq-codegen/3.11.10/jooq-codegen-3.11.10.jar:/home/user/.m2/repository/com/jolbox/bonecp/0.8.0.RELEASE/bonecp-0.8.0.RELEASE.jar:/home/user/.m2/repository/org/xerial/sqlite-jdbc/3.25.2/sqlite-jdbc-3.25.2.jar:/home/user/.m2/repository/org/springframework/spring-jdbc/5.1.3.RELEASE/spring-jdbc-5.1.3.RELEASE.jar:/home/user/.m2/repository/org/springframework/spring-beans/5.1.3.RELEASE/spring-beans-5.1.3.RELEASE.jar:/home/user/.m2/repository/org/springframework/spring-core/5.1.3.RELEASE/spring-core-5.1.3.RELEASE.jar:/home/user/.m2/repository/org/springframework/spring-jcl/5.1.3.RELEASE/spring-jcl-5.1.3.RELEASE.jar:/home/user/.m2/repository/org/springframework/spring-tx/5.1.3.RELEASE/spring-tx-5.1.3.RELEASE.jar:/home/user/.m2/repository/org/apache/hadoop/hadoop-ozone-client/0.5.0-SNAPSHOT/hadoop-ozone-client-0.5.0-SNAPSHOT.jar:/home/user/.m2/repository/commons-lang/commons-lang/2.6/commons-lang-2.6.jar:/home/user/.m2/repository/org/apache/hadoop/hadoop-ozone-ozone-manager/0.5.0-SNAPSHOT/hadoop-ozone-ozone-manager-0.5.0-SNAPSHOT-tests.jar:/home/user/.m2/repository/junit/junit/4.11/junit-4.11.jar:/home/user/.m2/repository/org/hamcrest/hamcrest-core/1.3/hamcrest-core-1.3.jar:/home/user/.m2/repository/org/openjdk/jmh/jmh-core/1.19/jmh-core-1.19.jar:/home/user/.m2/repository/net/sf/jopt-simple/jopt-simple/4.6/jopt-simple-4.6.jar:/home/user/.m2/repository/org/apache/commons/commons-math3/3.1.1/commons-math3-3.1.1.jar:/home/user/.m2/repository/org/openjdk/jmh/jmh-generator-annprocess/1.19/jmh-generator-annprocess-1.19.jar:/home/user/.m2/repository/org/mockito/mockito-all/1.8.5/mockito-all-1.8.5.jar:/home/user/.m2/repository/org/apache/hadoop/hadoop-kms/3.2.0/hadoop-kms-3.2.0.jar:/home/user/.m2/repository/org/apache/hadoop/hadoop-auth/3.2.0/hadoop-auth-3.2.0.jar:/home/user/.m2/repository/com/nimbusds/nimbus-jose-jwt/4.41.1/nimbus-jose-jwt-4.41.1.jar:/home/user/.m2/repository/com/github/stephenc/jcip/jcip-annotations/1.0-1/jcip-annotations-1.0-1.jar:/home/user/.m2/repository/net/minidev/json-smart/2.3/json-smart-2.3.jar:/home/user/.m2/repository/net/minidev/accessors-smart/1.2/accessors-smart-1.2.jar:/home/user/.m2/repository/org/ow2/asm/asm/5.0.4/asm-5.0.4.jar:/home/user/.m2/repository/org/apache/curator/curator-framework/2.12.0/curator-framework-2.12.0.jar:/home/user/.m2/repository/com/sun/jersey/jersey-core/1.19/jersey-core-1.19.jar:/home/user/.m2/repository/javax/ws/rs/jsr311-api/1.1.1/jsr311-api-1.1.1.jar:/home/user/.m2/repository/com/sun/jersey/jersey-server/1.19/jersey-server-1.19.jar:/home/user/.m2/repository/javax/servlet/javax.servlet-api/3.1.0/javax.servlet-api-3.1.0.jar:/home/user/.m2/repository/org/eclipse/jetty/jetty-server/9.3.24.v20180605/jetty-server-9.3.24.v20180605.jar:/home/user/.m2/repository/org/eclipse/jetty/jetty-http/9.3.24.v20180605/jetty-http-9.3.24.v20180605.jar:/home/user/.m2/repository/org/eclipse/jetty/jetty-io/9.3.24.v20180605/jetty-io-9.3.24.v20180605.jar:/home/user/.m2/repository/org/eclipse/jetty/jetty-webapp/9.3.24.v20180605/jetty-webapp-9.3.24.v20180605.jar:/home/user/.m2/repository/org/eclipse/jetty/jetty-xml/9.3.24.v20180605/jetty-xml-9.3.24.v20180605.jar:/home/user/.m2/repository/log4j/log4j/1.2.17/log4j-1.2.17.jar:/home/user/.m2/repository/org/slf4j/slf4j-api/1.7.25/slf4j-api-1.7.25.jar:/home/user/.m2/repository/org/slf4j/jul-to-slf4j/1.7.25/jul-to-slf4j-1.7.25.jar:/home/user/.m2/repository/org/eclipse/jetty/jetty-util/9.3.24.v20180605/jetty-util-9.3.24.v20180605.jar:/home/user/.m2/repository/com/fasterxml/jackson/core/jackson-databind/2.9.5/jackson-databind-2.9.5.jar:/home/user/.m2/repository/org/apache/hadoop/hadoop-kms/3.2.0/hadoop-kms-3.2.0-tests.jar:/home/user/.m2/repository/org/apache/hadoop/hadoop-hdds-server-scm/0.5.0-SNAPSHOT/hadoop-hdds-server-scm-0.5.0-SNAPSHOT-tests.jar:/home/user/.m2/repository/org/apache/hadoop/hadoop-hdds-container-service/0.5.0-SNAPSHOT/hadoop-hdds-container-service-0.5.0-SNAPSHOT-tests.jar:/home/user/.m2/repository/org/yaml/snakeyaml/1.16/snakeyaml-1.16.jar:/home/user/.m2/repository/org/apache/hadoop/hadoop-common/3.2.0/hadoop-common-3.2.0-tests.jar:/home/user/.m2/repository/org/apache/hadoop/hadoop-annotations/3.2.0/hadoop-annotations-3.2.0.jar:/usr/lib/jvm/java-1.8-openjdk/jre/../lib/tools.jar:/home/user/.m2/repository/commons-cli/commons-cli/1.2/commons-cli-1.2.jar:/home/user/.m2/repository/org/apache/httpcomponents/httpclient/4.5.2/httpclient-4.5.2.jar:/home/user/.m2/repository/org/apache/httpcomponents/httpcore/4.4.4/httpcore-4.4.4.jar:/home/user/.m2/repository/commons-codec/commons-codec/1.11/commons-codec-1.11.jar:/home/user/.m2/repository/commons-net/commons-net/3.6/commons-net-3.6.jar:/home/user/.m2/repository/commons-collections/commons-collections/3.2.2/commons-collections-3.2.2.jar:/home/user/.m2/repository/org/eclipse/jetty/jetty-servlet/9.3.24.v20180605/jetty-servlet-9.3.24.v20180605.jar:/home/user/.m2/repository/org/eclipse/jetty/jetty-security/9.3.24.v20180605/jetty-security-9.3.24.v20180605.jar:/home/user/.m2/repository/javax/servlet/jsp/jsp-api/2.1/jsp-api-2.1.jar:/home/user/.m2/repository/com/sun/jersey/jersey-servlet/1.19/jersey-servlet-1.19.jar:/home/user/.m2/repository/com/sun/jersey/jersey-json/1.19/jersey-json-1.19.jar:/home/user/.m2/repository/org/codehaus/jettison/jettison/1.1/jettison-1.1.jar:/home/user/.m2/repository/org/codehaus/jackson/jackson-core-asl/1.9.13/jackson-core-asl-1.9.13.jar:/home/user/.m2/repository/org/codehaus/jackson/jackson-mapper-asl/1.9.13/jackson-mapper-asl-1.9.13.jar:/home/user/.m2/repository/org/codehaus/jackson/jackson-jaxrs/1.9.13/jackson-jaxrs-1.9.13.jar:/home/user/.m2/repository/org/codehaus/jackson/jackson-xc/1.9.13/jackson-xc-1.9.13.jar:/home/user/.m2/repository/commons-logging/commons-logging/1.1.3/commons-logging-1.1.3.jar:/home/user/.m2/repository/commons-beanutils/commons-beanutils/1.9.3/commons-beanutils-1.9.3.jar:/home/user/.m2/repository/org/apache/commons/commons-configuration2/2.1.1/commons-configuration2-2.1.1.jar:/home/user/.m2/repository/org/apache/commons/commons-lang3/3.7/commons-lang3-3.7.jar:/home/user/.m2/repository/org/apache/commons/commons-text/1.4/commons-text-1.4.jar:/home/user/.m2/repository/org/apache/avro/avro/1.7.7/avro-1.7.7.jar:/home/user/.m2/repository/com/thoughtworks/paranamer/paranamer/2.3/paranamer-2.3.jar:/home/user/.m2/repository/org/xerial/snappy/snappy-java/1.0.5/snappy-java-1.0.5.jar:/home/user/.m2/repository/com/google/re2j/re2j/1.1/re2j-1.1.jar:/home/user/.m2/repository/com/google/code/gson/gson/2.2.4/gson-2.2.4.jar:/home/user/.m2/repository/com/jcraft/jsch/0.1.54/jsch-0.1.54.jar:/home/user/.m2/repository/org/apache/curator/curator-client/2.12.0/curator-client-2.12.0.jar:/home/user/.m2/repository/org/apache/curator/curator-recipes/2.12.0/curator-recipes-2.12.0.jar:/home/user/.m2/repository/com/google/code/findbugs/jsr305/3.0.0/jsr305-3.0.0.jar:/home/user/.m2/repository/org/apache/htrace/htrace-core4/4.1.0-incubating/htrace-core4-4.1.0-incubating.jar:/home/user/.m2/repository/org/apache/zookeeper/zookeeper/3.4.13/zookeeper-3.4.13.jar:/home/user/.m2/repository/org/apache/yetus/audience-annotations/0.5.0/audience-annotations-0.5.0.jar:/home/user/.m2/repository/org/codehaus/woodstox/stax2-api/3.1.4/stax2-api-3.1.4.jar:/home/user/.m2/repository/com/fasterxml/woodstox/woodstox-core/5.0.3/woodstox-core-5.0.3.jar:/home/user/.m2/repository/dnsjava/dnsjava/2.1.7/dnsjava-2.1.7.jar:/home/user/.m2/repository/org/apache/hadoop/hadoop-hdfs/3.2.0/hadoop-hdfs-3.2.0-tests.jar:/home/user/.m2/repository/org/eclipse/jetty/jetty-util-ajax/9.3.24.v20180605/jetty-util-ajax-9.3.24.v20180605.jar:/home/user/.m2/repository/commons-daemon/commons-daemon/1.0.13/commons-daemon-1.0.13.jar:/home/user/.m2/repository/io/netty/netty/3.10.5.Final/netty-3.10.5.Final.jar:/home/user/.m2/repository/io/netty/netty-all/4.0.52.Final/netty-all-4.0.52.Final.jar:/home/user/.m2/repository/org/fusesource/leveldbjni/leveldbjni-all/1.8/leveldbjni-all-1.8.jar:"/>
    <property name="sun.cpu.endian" value="little"/>
    <property name="user.home" value="/home/user"/>
    <property name="user.language" value="en"/>
    <property name="java.specification.vendor" value="Oracle Corporation"/>
    <property name="java.home" value="/usr/lib/jvm/java-1.8-openjdk/jre"/>
    <property name="java.security.krb5.conf" value="/workdir/hadoop-ozone/integration-test/target/test-classes/krb5.conf"/>
    <property name="basedir" value="/workdir/hadoop-ozone/integration-test"/>
    <property name="file.separator" value="/"/>
    <property name="line.separator" value="&#10;"/>
    <property name="java.vm.specification.vendor" value="Oracle Corporation"/>
    <property name="java.specification.name" value="Java Platform API Specification"/>
    <property name="java.awt.graphicsenv" value="sun.awt.X11GraphicsEnvironment"/>
    <property name="surefire.real.class.path" value="/workdir/hadoop-ozone/integration-test/target/surefire/surefirebooter8276362418204486862.jar"/>
    <property name="hadoop.log.dir" value="/workdir/hadoop-ozone/integration-test/target/log"/>
    <property name="sun.boot.class.path" value="/usr/lib/jvm/java-1.8-openjdk/jre/lib/resources.jar:/usr/lib/jvm/java-1.8-openjdk/jre/lib/rt.jar:/usr/lib/jvm/java-1.8-openjdk/jre/lib/sunrsasign.jar:/usr/lib/jvm/java-1.8-openjdk/jre/lib/jsse.jar:/usr/lib/jvm/java-1.8-openjdk/jre/lib/jce.jar:/usr/lib/jvm/java-1.8-openjdk/jre/lib/charsets.jar:/usr/lib/jvm/java-1.8-openjdk/jre/lib/jfr.jar:/usr/lib/jvm/java-1.8-openjdk/jre/classes"/>
    <property name="sun.management.compiler" value="HotSpot 64-Bit Tiered Compilers"/>
    <property name="java.runtime.version" value="1.8.0_212-b04"/>
    <property name="java.net.preferIPv4Stack" value="true"/>
    <property name="user.name" value="jenkins1000"/>
    <property name="path.separator" value=":"/>
    <property name="java.security.egd" value="file:///dev/urandom"/>
    <property name="os.version" value="3.10.0-957.12.2.el7.x86_64"/>
    <property name="java.endorsed.dirs" value="/usr/lib/jvm/java-1.8-openjdk/jre/lib/endorsed"/>
    <property name="java.runtime.name" value="OpenJDK Runtime Environment"/>
    <property name="file.encoding" value="UTF-8"/>
    <property name="java.vm.name" value="OpenJDK 64-Bit Server VM"/>
    <property name="test.build.webapps" value=""/>
    <property name="localRepository" value="/home/user/.m2/repository"/>
    <property name="java.vendor.url.bug" value="https://icedtea.classpath.org/bugzilla"/>
    <property name="java.io.tmpdir" value="/tmp"/>
    <property name="require.test.libhadoop" value=""/>
    <property name="java.version" value="1.8.0_212"/>
    <property name="user.dir" value="/workdir/hadoop-ozone/integration-test"/>
    <property name="os.arch" value="amd64"/>
    <property name="java.vm.specification.name" value="Java Virtual Machine Specification"/>
    <property name="test.build.classes" value="/workdir/hadoop-ozone/integration-test/target/test-classes"/>
    <property name="java.awt.printerjob" value="sun.print.PSPrinterJob"/>
    <property name="sun.os.patch.level" value="unknown"/>
    <property name="hadoop.tmp.dir" value="/workdir/hadoop-ozone/integration-test/target/tmp"/>
    <property name="java.library.path" value="/usr/lib/jvm/java-1.8-openjdk/jre/lib/amd64/server:/usr/lib/jvm/java-1.8-openjdk/jre/lib/amd64:/usr/lib/jvm/java-1.8-openjdk/jre/../lib/amd64:/workdir/hadoop-ozone/integration-test/target/native/target/usr/local/lib:/workdir/hadoop-ozone/integration-test/../../hadoop-common-project/hadoop-common/target/native/target/usr/local/lib:/usr/java/packages/lib/amd64:/usr/lib64:/lib64:/lib:/usr/lib"/>
    <property name="java.vm.info" value="mixed mode"/>
    <property name="java.vendor" value="IcedTea"/>
    <property name="java.vm.version" value="25.212-b04"/>
    <property name="java.ext.dirs" value="/usr/lib/jvm/java-1.8-openjdk/jre/lib/ext:/usr/java/packages/lib/ext"/>
    <property name="sun.io.unicode.encoding" value="UnicodeLittle"/>
    <property name="java.class.version" value="52.0"/>
  </properties>
  <testcase name="testWatchForCommitWithKeyWrite" classname="org.apache.hadoop.ozone.client.rpc.TestWatchForCommit" time="77.706"/>
  <testcase name="testWatchForCommitWithSmallerTimeoutValue" classname="org.apache.hadoop.ozone.client.rpc.TestWatchForCommit" time="53.506"/>
  <testcase name="testWatchForCommitForRetryfailure" classname="org.apache.hadoop.ozone.client.rpc.TestWatchForCommit" time="77.542"/>
  <testcase name="testWatchForCommitForGroupMismatchException" classname="org.apache.hadoop.ozone.client.rpc.TestWatchForCommit" time="69.979"/>
  <testcase name="test2WayCommitForTimeoutException" classname="org.apache.hadoop.ozone.client.rpc.TestWatchForCommit" time="28.632">
    <error message="org.apache.ratis.protocol.RaftRetryFailureException: Failed RaftClientRequest:client-1577349EBC49-&gt;667d5039-cff7-442b-b92c-586f8c50661b@group-17A4739C4847, cid=110, seq=1*, RW, org.apache.hadoop.hdds.scm.XceiverClientRatis$$Lambda$384/875768717@33864787 for 20 attempts with RetryLimited(maxAttempts=20, sleepTime=1000ms)" type="java.util.concurrent.ExecutionException">java.util.concurrent.ExecutionException: org.apache.ratis.protocol.RaftRetryFailureException: Failed RaftClientRequest:client-1577349EBC49->667d5039-cff7-442b-b92c-586f8c50661b@group-17A4739C4847, cid=110, seq=1*, RW, org.apache.hadoop.hdds.scm.XceiverClientRatis$$Lambda$384/875768717@33864787 for 20 attempts with RetryLimited(maxAttempts=20, sleepTime=1000ms)
	at java.util.concurrent.CompletableFuture.reportGet(CompletableFuture.java:357)
	at java.util.concurrent.CompletableFuture.get(CompletableFuture.java:1895)
	at org.apache.hadoop.ozone.client.rpc.TestWatchForCommit.test2WayCommitForTimeoutException(TestWatchForCommit.java:384)
	at sun.reflect.NativeMethodAccessorImpl.invoke0(Native Method)
	at sun.reflect.NativeMethodAccessorImpl.invoke(NativeMethodAccessorImpl.java:62)
	at sun.reflect.DelegatingMethodAccessorImpl.invoke(DelegatingMethodAccessorImpl.java:43)
	at java.lang.reflect.Method.invoke(Method.java:498)
	at org.junit.runners.model.FrameworkMethod$1.runReflectiveCall(FrameworkMethod.java:47)
	at org.junit.internal.runners.model.ReflectiveCallable.run(ReflectiveCallable.java:12)
	at org.junit.runners.model.FrameworkMethod.invokeExplosively(FrameworkMethod.java:44)
	at org.junit.internal.runners.statements.InvokeMethod.evaluate(InvokeMethod.java:17)
	at org.junit.runners.ParentRunner.runLeaf(ParentRunner.java:271)
	at org.junit.runners.BlockJUnit4ClassRunner.runChild(BlockJUnit4ClassRunner.java:70)
	at org.junit.runners.BlockJUnit4ClassRunner.runChild(BlockJUnit4ClassRunner.java:50)
	at org.junit.runners.ParentRunner$3.run(ParentRunner.java:238)
	at org.junit.runners.ParentRunner$1.schedule(ParentRunner.java:63)
	at org.junit.runners.ParentRunner.runChildren(ParentRunner.java:236)
	at org.junit.runners.ParentRunner.access$000(ParentRunner.java:53)
	at org.junit.runners.ParentRunner$2.evaluate(ParentRunner.java:229)
	at org.junit.runners.ParentRunner.run(ParentRunner.java:309)
	at org.apache.maven.surefire.junit4.JUnit4Provider.execute(JUnit4Provider.java:365)
	at org.apache.maven.surefire.junit4.JUnit4Provider.executeWithRerun(JUnit4Provider.java:273)
	at org.apache.maven.surefire.junit4.JUnit4Provider.executeTestSet(JUnit4Provider.java:238)
	at org.apache.maven.surefire.junit4.JUnit4Provider.invoke(JUnit4Provider.java:159)
	at org.apache.maven.surefire.booter.ForkedBooter.invokeProviderInSameClassLoader(ForkedBooter.java:384)
	at org.apache.maven.surefire.booter.ForkedBooter.runSuitesInProcess(ForkedBooter.java:345)
	at org.apache.maven.surefire.booter.ForkedBooter.execute(ForkedBooter.java:126)
	at org.apache.maven.surefire.booter.ForkedBooter.main(ForkedBooter.java:418)
Caused by: org.apache.ratis.protocol.RaftRetryFailureException: Failed RaftClientRequest:client-1577349EBC49->667d5039-cff7-442b-b92c-586f8c50661b@group-17A4739C4847, cid=110, seq=1*, RW, org.apache.hadoop.hdds.scm.XceiverClientRatis$$Lambda$384/875768717@33864787 for 20 attempts with RetryLimited(maxAttempts=20, sleepTime=1000ms)
	at org.apache.ratis.client.impl.RaftClientImpl.noMoreRetries(RaftClientImpl.java:271)
	at org.apache.ratis.client.impl.OrderedAsync.handleAsyncRetryFailure(OrderedAsync.java:138)
	at org.apache.ratis.client.impl.OrderedAsync.lambda$sendRequest$10(OrderedAsync.java:230)
	at java.util.concurrent.CompletableFuture.uniExceptionally(CompletableFuture.java:870)
	at java.util.concurrent.CompletableFuture$UniExceptionally.tryFire(CompletableFuture.java:852)
	at java.util.concurrent.CompletableFuture.postComplete(CompletableFuture.java:474)
	at java.util.concurrent.CompletableFuture.completeExceptionally(CompletableFuture.java:1977)
	at org.apache.ratis.grpc.client.GrpcClientProtocolClient$AsyncStreamObservers.completeReplyExceptionally(GrpcClientProtocolClient.java:339)
	at org.apache.ratis.grpc.client.GrpcClientProtocolClient$AsyncStreamObservers.access$000(GrpcClientProtocolClient.java:255)
	at org.apache.ratis.grpc.client.GrpcClientProtocolClient$AsyncStreamObservers$1.onNext(GrpcClientProtocolClient.java:267)
	at org.apache.ratis.grpc.client.GrpcClientProtocolClient$AsyncStreamObservers$1.onNext(GrpcClientProtocolClient.java:258)
	at org.apache.ratis.thirdparty.io.grpc.stub.ClientCalls$StreamObserverToCallListenerAdapter.onMessage(ClientCalls.java:421)
	at org.apache.ratis.thirdparty.io.grpc.ForwardingClientCallListener.onMessage(ForwardingClientCallListener.java:33)
	at org.apache.ratis.thirdparty.io.grpc.ForwardingClientCallListener.onMessage(ForwardingClientCallListener.java:33)
	at org.apache.ratis.thirdparty.io.grpc.internal.ClientCallImpl$ClientStreamListenerImpl$1MessagesAvailable.runInContext(ClientCallImpl.java:519)
	at org.apache.ratis.thirdparty.io.grpc.internal.ContextRunnable.run(ContextRunnable.java:37)
	at org.apache.ratis.thirdparty.io.grpc.internal.SerializingExecutor.run(SerializingExecutor.java:123)
	at java.util.concurrent.ThreadPoolExecutor.runWorker(ThreadPoolExecutor.java:1149)
	at java.util.concurrent.ThreadPoolExecutor$Worker.run(ThreadPoolExecutor.java:624)
	at java.lang.Thread.run(Thread.java:748)
Caused by: org.apache.ratis.protocol.NotLeaderException: Server 667d5039-cff7-442b-b92c-586f8c50661b@group-17A4739C4847 is not the leader
	at org.apache.ratis.client.impl.ClientProtoUtils.toRaftClientReply(ClientProtoUtils.java:243)
	at org.apache.ratis.grpc.client.GrpcClientProtocolClient$AsyncStreamObservers$1.onNext(GrpcClientProtocolClient.java:263)
	... 10 more
</error>
    <system-out><![CDATA[2019-09-17 13:30:31,686 [main] WARN  server.ServerUtils (ServerUtils.java:getScmDbDir(145)) - ozone.scm.db.dirs is not configured. We recommend adding this setting. Falling back to ozone.metadata.dirs instead.
2019-09-17 13:30:34,229 [main] WARN  server.ServerUtils (ServerUtils.java:getScmDbDir(145)) - ozone.scm.db.dirs is not configured. We recommend adding this setting. Falling back to ozone.metadata.dirs instead.
2019-09-17 13:30:34,230 [main] WARN  server.ServerUtils (ServerUtils.java:getScmDbDir(145)) - ozone.scm.db.dirs is not configured. We recommend adding this setting. Falling back to ozone.metadata.dirs instead.
2019-09-17 13:30:34,231 [main] INFO  db.DBStoreBuilder (DBStoreBuilder.java:addTable(110)) - using custom profile for table: deletedBlocks
2019-09-17 13:30:34,231 [main] INFO  db.DBStoreBuilder (DBStoreBuilder.java:processTables(161)) - Using default column profile:DBProfile.DISK for Table:deletedBlocks
2019-09-17 13:30:34,231 [main] INFO  db.DBStoreBuilder (DBStoreBuilder.java:addTable(110)) - using custom profile for table: validCerts
2019-09-17 13:30:34,231 [main] INFO  db.DBStoreBuilder (DBStoreBuilder.java:processTables(161)) - Using default column profile:DBProfile.DISK for Table:validCerts
2019-09-17 13:30:34,231 [main] INFO  db.DBStoreBuilder (DBStoreBuilder.java:addTable(110)) - using custom profile for table: revokedCerts
2019-09-17 13:30:34,232 [main] INFO  db.DBStoreBuilder (DBStoreBuilder.java:processTables(161)) - Using default column profile:DBProfile.DISK for Table:revokedCerts
2019-09-17 13:30:34,232 [main] INFO  db.DBStoreBuilder (DBStoreBuilder.java:addTable(110)) - using custom profile for table: default
2019-09-17 13:30:34,232 [main] INFO  db.DBStoreBuilder (DBStoreBuilder.java:processTables(167)) - Using default column profile:DBProfile.DISK for Table:default
2019-09-17 13:30:34,232 [main] INFO  db.DBStoreBuilder (DBStoreBuilder.java:getDbProfile(198)) - Using default options. DBProfile.DISK
2019-09-17 13:30:34,382 [main] INFO  net.NodeSchemaLoader (NodeSchemaLoader.java:loadSchemaFromFile(125)) - Loading file from sun.misc.CompoundEnumeration@8fcc534
2019-09-17 13:30:34,383 [main] INFO  net.NodeSchemaLoader (NodeSchemaLoader.java:loadSchema(171)) - Loading network topology layer schema file
2019-09-17 13:30:34,387 [main] WARN  server.ServerUtils (ServerUtils.java:sanitizeUserArgs(70)) - ozone.scm.stale.node.interval value = 300000 is larger than max = 100000 based on the key value of ozone.scm.heartbeat.thread.interval, reset to the max value 100000.
2019-09-17 13:30:34,387 [main] WARN  server.ServerUtils (ServerUtils.java:sanitizeUserArgs(70)) - ozone.scm.stale.node.interval value = 300000 is larger than max = 100000 based on the key value of ozone.scm.heartbeat.thread.interval, reset to the max value 100000.
2019-09-17 13:30:34,387 [main] INFO  node.SCMNodeManager (SCMNodeManager.java:<init>(114)) - Entering startup safe mode.
2019-09-17 13:30:34,388 [main] INFO  algorithms.ContainerPlacementPolicyFactory (ContainerPlacementPolicyFactory.java:getPolicy(57)) - Create container placement policy of type org.apache.hadoop.hdds.scm.container.placement.algorithms.SCMContainerPlacementRandom
2019-09-17 13:30:34,388 [main] WARN  server.ServerUtils (ServerUtils.java:getScmDbDir(145)) - ozone.scm.db.dirs is not configured. We recommend adding this setting. Falling back to ozone.metadata.dirs instead.
2019-09-17 13:30:34,447 [main] INFO  pipeline.SCMPipelineManager (SCMPipelineManager.java:initializePipelineState(128)) - No pipeline exists in current db
2019-09-17 13:30:34,447 [main] WARN  server.ServerUtils (ServerUtils.java:getScmDbDir(145)) - ozone.scm.db.dirs is not configured. We recommend adding this setting. Falling back to ozone.metadata.dirs instead.
2019-09-17 13:30:34,511 [main] WARN  events.EventQueue (EventQueue.java:fireEvent(183)) - No event handler registered for event TypedEvent{payloadType=SafeModeStatus, name='SafeModeStatus'}
2019-09-17 13:30:34,512 [main] INFO  ipc.CallQueueManager (CallQueueManager.java:<init>(84)) - Using callQueue: class java.util.concurrent.LinkedBlockingQueue, queueCapacity: 2000, scheduler: class org.apache.hadoop.ipc.DefaultRpcScheduler, ipcBackoff: false.
2019-09-17 13:30:34,513 [Socket Reader #1 for port 38425] INFO  ipc.Server (Server.java:run(1074)) - Starting Socket Reader #1 for port 38425
2019-09-17 13:30:34,514 [main] INFO  ipc.CallQueueManager (CallQueueManager.java:<init>(84)) - Using callQueue: class java.util.concurrent.LinkedBlockingQueue, queueCapacity: 2000, scheduler: class org.apache.hadoop.ipc.DefaultRpcScheduler, ipcBackoff: false.
2019-09-17 13:30:34,515 [Socket Reader #1 for port 45398] INFO  ipc.Server (Server.java:run(1074)) - Starting Socket Reader #1 for port 45398
2019-09-17 13:30:34,516 [main] INFO  ipc.CallQueueManager (CallQueueManager.java:<init>(84)) - Using callQueue: class java.util.concurrent.LinkedBlockingQueue, queueCapacity: 2000, scheduler: class org.apache.hadoop.ipc.DefaultRpcScheduler, ipcBackoff: false.
2019-09-17 13:30:34,517 [Socket Reader #1 for port 38411] INFO  ipc.Server (Server.java:run(1074)) - Starting Socket Reader #1 for port 38411
2019-09-17 13:30:34,519 [main] INFO  hdfs.DFSUtil (DFSUtil.java:httpServerTemplateForNNAndJN(1641)) - Starting Web-server for scm at: http://0.0.0.0:0
2019-09-17 13:30:34,522 [main] INFO  server.AuthenticationFilter (AuthenticationFilter.java:constructSecretProvider(240)) - Unable to initialize FileSignerSecretProvider, falling back to use random secrets.
2019-09-17 13:30:34,523 [main] WARN  http.HttpRequestLog (HttpRequestLog.java:getRequestLog(97)) - Jetty request log can only be enabled using Log4j
2019-09-17 13:30:34,525 [main] INFO  http.HttpServer2 (HttpServer2.java:addGlobalFilter(975)) - Added global filter 'safety' (class=org.apache.hadoop.http.HttpServer2$QuotingInputFilter)
2019-09-17 13:30:34,526 [main] INFO  http.HttpServer2 (HttpServer2.java:addFilter(948)) - Added filter static_user_filter (class=org.apache.hadoop.http.lib.StaticUserWebFilter$StaticUserFilter) to context scm
2019-09-17 13:30:34,526 [main] INFO  http.HttpServer2 (HttpServer2.java:addFilter(958)) - Added filter static_user_filter (class=org.apache.hadoop.http.lib.StaticUserWebFilter$StaticUserFilter) to context logs
2019-09-17 13:30:34,526 [main] INFO  http.HttpServer2 (HttpServer2.java:addFilter(958)) - Added filter static_user_filter (class=org.apache.hadoop.http.lib.StaticUserWebFilter$StaticUserFilter) to context static
2019-09-17 13:30:34,529 [main] INFO  server.StorageContainerManager (StorageContainerManager.java:start(763)) - StorageContainerLocationProtocol RPC server is listening at /0.0.0.0:38411
2019-09-17 13:30:34,532 [main] WARN  impl.MetricsConfig (MetricsConfig.java:loadFirst(134)) - Cannot locate configuration: tried hadoop-metrics2-storagecontainermanager.properties,hadoop-metrics2.properties
2019-09-17 13:30:34,533 [main] INFO  impl.MetricsSystemImpl (MetricsSystemImpl.java:startTimer(374)) - Scheduled Metric snapshot period at 10 second(s).
2019-09-17 13:30:34,533 [main] INFO  impl.MetricsSystemImpl (MetricsSystemImpl.java:start(191)) - StorageContainerManager metrics system started
2019-09-17 13:30:34,609 [main] WARN  impl.MetricsSystemImpl (MetricsSystemImpl.java:register(276)) - Sink prometheus already exists!
2019-09-17 13:30:34,687 [main] INFO  server.SCMClientProtocolServer (SCMClientProtocolServer.java:start(151)) - RPC server for Client  is listening at /0.0.0.0:38411
2019-09-17 13:30:34,687 [IPC Server Responder] INFO  ipc.Server (Server.java:run(1314)) - IPC Server Responder: starting
2019-09-17 13:30:34,688 [IPC Server listener on 38411] INFO  ipc.Server (Server.java:run(1153)) - IPC Server listener on 38411: starting
2019-09-17 13:30:34,692 [main] INFO  server.StorageContainerManager (StorageContainerManager.java:start(773)) - ScmBlockLocationProtocol RPC server is listening at /0.0.0.0:45398
2019-09-17 13:30:34,692 [main] INFO  server.SCMBlockProtocolServer (SCMBlockProtocolServer.java:start(146)) - RPC server for Block Protocol is listening at /0.0.0.0:45398
2019-09-17 13:30:34,693 [IPC Server Responder] INFO  ipc.Server (Server.java:run(1314)) - IPC Server Responder: starting
2019-09-17 13:30:34,693 [IPC Server listener on 45398] INFO  ipc.Server (Server.java:run(1153)) - IPC Server listener on 45398: starting
2019-09-17 13:30:34,696 [main] INFO  server.StorageContainerManager (StorageContainerManager.java:start(777)) - ScmDatanodeProtocl RPC server is listening at /0.0.0.0:38425
2019-09-17 13:30:34,696 [main] INFO  server.SCMDatanodeProtocolServer (SCMDatanodeProtocolServer.java:start(191)) - RPC server for DataNodes is listening at /0.0.0.0:38425
2019-09-17 13:30:34,697 [IPC Server Responder] INFO  ipc.Server (Server.java:run(1314)) - IPC Server Responder: starting
2019-09-17 13:30:34,698 [IPC Server listener on 38425] INFO  ipc.Server (Server.java:run(1153)) - IPC Server listener on 38425: starting
2019-09-17 13:30:34,700 [main] INFO  http.HttpServer2 (HttpServer2.java:bindListener(1191)) - Jetty bound to port 36480
2019-09-17 13:30:34,701 [main] INFO  server.Server (Server.java:doStart(351)) - jetty-9.3.24.v20180605, build timestamp: 2018-06-05T17:11:56Z, git hash: 84205aa28f11a4f31f2a3b86d1bba2cc8ab69827
2019-09-17 13:30:34,702 [main] INFO  handler.ContextHandler (ContextHandler.java:doStart(781)) - Started o.e.j.s.ServletContextHandler@46a123e4{/logs,file:///workdir/hadoop-ozone/integration-test/target/log,AVAILABLE}
2019-09-17 13:30:34,703 [main] INFO  handler.ContextHandler (ContextHandler.java:doStart(781)) - Started o.e.j.s.ServletContextHandler@3c28e5b6{/static,file:///workdir/hadoop-ozone/integration-test/target/test-classes/webapps/static,AVAILABLE}
2019-09-17 13:30:34,706 [main] INFO  handler.ContextHandler (ContextHandler.java:doStart(781)) - Started o.e.j.w.WebAppContext@118041c7{/,file:///workdir/hadoop-ozone/integration-test/target/test-classes/webapps/scm/,AVAILABLE}{/scm}
2019-09-17 13:30:34,707 [main] INFO  server.AbstractConnector (AbstractConnector.java:doStart(278)) - Started ServerConnector@a2b54e3{HTTP/1.1,[http/1.1]}{0.0.0.0:36480}
2019-09-17 13:30:34,708 [main] INFO  server.Server (Server.java:doStart(419)) - Started @282143ms
2019-09-17 13:30:34,709 [main] WARN  impl.MetricsSystemImpl (MetricsSystemImpl.java:register(276)) - Sink prometheus already exists!
2019-09-17 13:30:34,709 [main] INFO  server.BaseHttpServer (BaseHttpServer.java:updateConnectorAddress(215)) - HTTP server of SCM is listening at http://0.0.0.0:36480
2019-09-17 13:30:34,710 [main] WARN  server.ServerUtils (ServerUtils.java:getDBPath(222)) - ozone.om.db.dirs is not configured. We recommend adding this setting. Falling back to ozone.metadata.dirs instead.
2019-09-17 13:30:34,711 [org.apache.hadoop.util.JvmPauseMonitor$Monitor@21f7e537] INFO  util.JvmPauseMonitor (JvmPauseMonitor.java:run(188)) - Starting JVM pause monitor
2019-09-17 13:30:34,720 [main] WARN  server.ServerUtils (ServerUtils.java:getDBPath(222)) - ozone.om.db.dirs is not configured. We recommend adding this setting. Falling back to ozone.metadata.dirs instead.
2019-09-17 13:30:34,720 [main] WARN  server.ServerUtils (ServerUtils.java:getDBPath(222)) - ozone.om.db.dirs is not configured. We recommend adding this setting. Falling back to ozone.metadata.dirs instead.
2019-09-17 13:30:34,721 [main] INFO  om.OzoneManager (OzoneManager.java:setOMNodeDetails(649)) - OM Service ID is not set. Setting it to the default ID: omServiceIdDefault
2019-09-17 13:30:34,721 [main] INFO  om.OzoneManager (OzoneManager.java:setOMNodeDetails(655)) - OM Node ID is not set. Setting it to the OmStorage's OmID: 98916172-59c1-49a9-bcd6-f8cf32e5d707
2019-09-17 13:30:34,721 [main] INFO  om.OzoneManager (OzoneManager.java:loadOMHAConfigs(606)) - Found matching OM address with OMServiceId: null, OMNodeId: null, RPC Address: localhost:0 and Ratis port: 9872
2019-09-17 13:30:34,742 [main] WARN  server.ServerUtils (ServerUtils.java:getDBPath(222)) - ozone.om.db.dirs is not configured. We recommend adding this setting. Falling back to ozone.metadata.dirs instead.
2019-09-17 13:30:34,742 [main] INFO  db.DBStoreBuilder (DBStoreBuilder.java:addTable(110)) - using custom profile for table: userTable
2019-09-17 13:30:34,742 [main] INFO  db.DBStoreBuilder (DBStoreBuilder.java:processTables(161)) - Using default column profile:DBProfile.DISK for Table:userTable
2019-09-17 13:30:34,743 [main] INFO  db.DBStoreBuilder (DBStoreBuilder.java:addTable(110)) - using custom profile for table: volumeTable
2019-09-17 13:30:34,743 [main] INFO  db.DBStoreBuilder (DBStoreBuilder.java:processTables(161)) - Using default column profile:DBProfile.DISK for Table:volumeTable
2019-09-17 13:30:34,743 [main] INFO  db.DBStoreBuilder (DBStoreBuilder.java:addTable(110)) - using custom profile for table: bucketTable
2019-09-17 13:30:34,743 [main] INFO  db.DBStoreBuilder (DBStoreBuilder.java:processTables(161)) - Using default column profile:DBProfile.DISK for Table:bucketTable
2019-09-17 13:30:34,743 [main] INFO  db.DBStoreBuilder (DBStoreBuilder.java:addTable(110)) - using custom profile for table: keyTable
2019-09-17 13:30:34,743 [main] INFO  db.DBStoreBuilder (DBStoreBuilder.java:processTables(161)) - Using default column profile:DBProfile.DISK for Table:keyTable
2019-09-17 13:30:34,744 [main] INFO  db.DBStoreBuilder (DBStoreBuilder.java:addTable(110)) - using custom profile for table: deletedTable
2019-09-17 13:30:34,744 [main] INFO  db.DBStoreBuilder (DBStoreBuilder.java:processTables(161)) - Using default column profile:DBProfile.DISK for Table:deletedTable
2019-09-17 13:30:34,744 [main] INFO  db.DBStoreBuilder (DBStoreBuilder.java:addTable(110)) - using custom profile for table: openKeyTable
2019-09-17 13:30:34,744 [main] INFO  db.DBStoreBuilder (DBStoreBuilder.java:processTables(161)) - Using default column profile:DBProfile.DISK for Table:openKeyTable
2019-09-17 13:30:34,744 [main] INFO  db.DBStoreBuilder (DBStoreBuilder.java:addTable(110)) - using custom profile for table: s3Table
2019-09-17 13:30:34,745 [main] INFO  db.DBStoreBuilder (DBStoreBuilder.java:processTables(161)) - Using default column profile:DBProfile.DISK for Table:s3Table
2019-09-17 13:30:34,745 [main] INFO  db.DBStoreBuilder (DBStoreBuilder.java:addTable(110)) - using custom profile for table: multipartInfoTable
2019-09-17 13:30:34,745 [main] INFO  db.DBStoreBuilder (DBStoreBuilder.java:processTables(161)) - Using default column profile:DBProfile.DISK for Table:multipartInfoTable
2019-09-17 13:30:34,745 [main] INFO  db.DBStoreBuilder (DBStoreBuilder.java:addTable(110)) - using custom profile for table: dTokenTable
2019-09-17 13:30:34,745 [main] INFO  db.DBStoreBuilder (DBStoreBuilder.java:processTables(161)) - Using default column profile:DBProfile.DISK for Table:dTokenTable
2019-09-17 13:30:34,745 [main] INFO  db.DBStoreBuilder (DBStoreBuilder.java:addTable(110)) - using custom profile for table: s3SecretTable
2019-09-17 13:30:34,745 [main] INFO  db.DBStoreBuilder (DBStoreBuilder.java:processTables(161)) - Using default column profile:DBProfile.DISK for Table:s3SecretTable
2019-09-17 13:30:34,746 [main] INFO  db.DBStoreBuilder (DBStoreBuilder.java:addTable(110)) - using custom profile for table: prefixTable
2019-09-17 13:30:34,746 [main] INFO  db.DBStoreBuilder (DBStoreBuilder.java:processTables(161)) - Using default column profile:DBProfile.DISK for Table:prefixTable
2019-09-17 13:30:34,746 [main] INFO  db.DBStoreBuilder (DBStoreBuilder.java:addTable(110)) - using custom profile for table: default
2019-09-17 13:30:34,746 [main] INFO  db.DBStoreBuilder (DBStoreBuilder.java:processTables(167)) - Using default column profile:DBProfile.DISK for Table:default
2019-09-17 13:30:34,746 [main] INFO  db.DBStoreBuilder (DBStoreBuilder.java:getDbProfile(198)) - Using default options. DBProfile.DISK
2019-09-17 13:30:35,322 [main] INFO  ipc.CallQueueManager (CallQueueManager.java:<init>(84)) - Using callQueue: class java.util.concurrent.LinkedBlockingQueue, queueCapacity: 2000, scheduler: class org.apache.hadoop.ipc.DefaultRpcScheduler, ipcBackoff: false.
2019-09-17 13:30:35,323 [Socket Reader #1 for port 42646] INFO  ipc.Server (Server.java:run(1074)) - Starting Socket Reader #1 for port 42646
2019-09-17 13:30:35,338 [main] INFO  om.OzoneManager (OzoneManager.java:start(1240)) - OzoneManager RPC server is listening at localhost/127.0.0.1:42646
2019-09-17 13:30:35,338 [main] INFO  impl.MetricsSystemImpl (MetricsSystemImpl.java:init(158)) - OzoneManager metrics system started (again)
2019-09-17 13:30:35,339 [IPC Server Responder] INFO  ipc.Server (Server.java:run(1314)) - IPC Server Responder: starting
2019-09-17 13:30:35,339 [IPC Server listener on 42646] INFO  ipc.Server (Server.java:run(1153)) - IPC Server listener on 42646: starting
2019-09-17 13:30:35,345 [main] INFO  hdfs.DFSUtil (DFSUtil.java:httpServerTemplateForNNAndJN(1641)) - Starting Web-server for ozoneManager at: http://0.0.0.0:0
2019-09-17 13:30:35,347 [main] INFO  server.AuthenticationFilter (AuthenticationFilter.java:constructSecretProvider(240)) - Unable to initialize FileSignerSecretProvider, falling back to use random secrets.
2019-09-17 13:30:35,347 [main] WARN  http.HttpRequestLog (HttpRequestLog.java:getRequestLog(97)) - Jetty request log can only be enabled using Log4j
2019-09-17 13:30:35,349 [main] INFO  http.HttpServer2 (HttpServer2.java:addGlobalFilter(975)) - Added global filter 'safety' (class=org.apache.hadoop.http.HttpServer2$QuotingInputFilter)
2019-09-17 13:30:35,349 [main] INFO  http.HttpServer2 (HttpServer2.java:addFilter(948)) - Added filter static_user_filter (class=org.apache.hadoop.http.lib.StaticUserWebFilter$StaticUserFilter) to context ozoneManager
2019-09-17 13:30:35,350 [main] INFO  http.HttpServer2 (HttpServer2.java:addFilter(958)) - Added filter static_user_filter (class=org.apache.hadoop.http.lib.StaticUserWebFilter$StaticUserFilter) to context static
2019-09-17 13:30:35,350 [main] INFO  http.HttpServer2 (HttpServer2.java:addFilter(958)) - Added filter static_user_filter (class=org.apache.hadoop.http.lib.StaticUserWebFilter$StaticUserFilter) to context logs
2019-09-17 13:30:35,350 [main] INFO  http.HttpServer2 (HttpServer2.java:bindListener(1191)) - Jetty bound to port 41768
2019-09-17 13:30:35,350 [main] INFO  server.Server (Server.java:doStart(351)) - jetty-9.3.24.v20180605, build timestamp: 2018-06-05T17:11:56Z, git hash: 84205aa28f11a4f31f2a3b86d1bba2cc8ab69827
2019-09-17 13:30:35,352 [main] INFO  handler.ContextHandler (ContextHandler.java:doStart(781)) - Started o.e.j.s.ServletContextHandler@24a0c58b{/logs,file:///workdir/hadoop-ozone/integration-test/target/log,AVAILABLE}
2019-09-17 13:30:35,352 [main] INFO  handler.ContextHandler (ContextHandler.java:doStart(781)) - Started o.e.j.s.ServletContextHandler@7f3c0399{/static,file:///workdir/hadoop-ozone/integration-test/target/test-classes/webapps/static,AVAILABLE}
2019-09-17 13:30:35,356 [main] INFO  handler.ContextHandler (ContextHandler.java:doStart(781)) - Started o.e.j.w.WebAppContext@6d5f4900{/,file:///workdir/hadoop-ozone/integration-test/target/test-classes/webapps/ozoneManager/,AVAILABLE}{/ozoneManager}
2019-09-17 13:30:35,357 [main] INFO  server.AbstractConnector (AbstractConnector.java:doStart(278)) - Started ServerConnector@1e40fbb3{HTTP/1.1,[http/1.1]}{0.0.0.0:41768}
2019-09-17 13:30:35,358 [main] INFO  server.Server (Server.java:doStart(419)) - Started @282793ms
2019-09-17 13:30:35,358 [main] WARN  impl.MetricsSystemImpl (MetricsSystemImpl.java:register(276)) - Sink prometheus already exists!
2019-09-17 13:30:35,359 [main] INFO  server.BaseHttpServer (BaseHttpServer.java:updateConnectorAddress(215)) - HTTP server of OZONEMANAGER is listening at http://0.0.0.0:41768
2019-09-17 13:30:35,378 [main] INFO  impl.MetricsSystemImpl (MetricsSystemImpl.java:init(158)) - HddsDatanode metrics system started (again)
2019-09-17 13:30:35,381 [main] INFO  ozone.HddsDatanodeService (HddsDatanodeService.java:start(184)) - HddsDatanodeService host:pr-hdds-2142-clczg-3805722443 ip:192.168.34.33
2019-09-17 13:30:35,387 [main] INFO  volume.HddsVolume (HddsVolume.java:<init>(176)) - Creating Volume: /workdir/hadoop-ozone/integration-test/target/test-dir/MiniOzoneClusterImpl-6ec8a423-e5b5-4811-9e7d-10b5a96c883d/datanode-0/data/containers/hdds of  storage type : DISK and capacity : 1482555576320
2019-09-17 13:30:35,387 [main] INFO  volume.VolumeSet (VolumeSet.java:initializeVolumeSet(170)) - Added Volume : /workdir/hadoop-ozone/integration-test/target/test-dir/MiniOzoneClusterImpl-6ec8a423-e5b5-4811-9e7d-10b5a96c883d/datanode-0/data/containers/hdds to VolumeSet
2019-09-17 13:30:35,388 [main] INFO  volume.ThrottledAsyncChecker (ThrottledAsyncChecker.java:schedule(139)) - Scheduling a check for org.apache.hadoop.ozone.container.common.volume.HddsVolume@2db86a7c
2019-09-17 13:30:35,388 [main] INFO  volume.HddsVolumeChecker (HddsVolumeChecker.java:checkAllVolumes(202)) - Scheduled health check for volume org.apache.hadoop.ozone.container.common.volume.HddsVolume@2db86a7c
2019-09-17 13:30:35,404 [main] INFO  impl.RaftServerProxy (ConfUtils.java:logGet(43)) - raft.rpc.type = GRPC (default)
2019-09-17 13:30:35,404 [main] INFO  grpc.GrpcFactory (GrpcFactory.java:checkPooledByteBufAllocatorUseCacheForAllThreads(45)) - PERFORMANCE WARNING: useCacheForAllThreads is true that may cause Netty to create a lot garbage objects and, as a result, trigger GC.
	It is recommended to disable useCacheForAllThreads by setting -Dorg.apache.ratis.thirdparty.io.netty.allocator.useCacheForAllThreads=false in command line.
2019-09-17 13:30:35,404 [main] INFO  grpc.GrpcConfigKeys$Server (ConfUtils.java:logGet(43)) - raft.grpc.server.port = 0 (default)
2019-09-17 13:30:35,405 [main] INFO  server.GrpcService (ConfUtils.java:logGet(43)) - raft.grpc.message.size.max = 33570816 (custom)
2019-09-17 13:30:35,405 [main] INFO  server.RaftServerConfigKeys (ConfUtils.java:logGet(43)) - raft.server.log.appender.buffer.byte-limit = 33554432 (custom)
2019-09-17 13:30:35,405 [main] INFO  server.GrpcService (ConfUtils.java:logGet(43)) - raft.grpc.flow.control.window = 1MB (=1048576) (default)
2019-09-17 13:30:35,405 [main] INFO  server.RaftServerConfigKeys (ConfUtils.java:logGet(43)) - raft.server.rpc.request.timeout = 3000ms (default)
2019-09-17 13:30:35,406 [main] INFO  server.RaftServerConfigKeys (ConfUtils.java:logGet(43)) - raft.server.storage.dir = [/workdir/hadoop-ozone/integration-test/target/test-dir/MiniOzoneClusterImpl-6ec8a423-e5b5-4811-9e7d-10b5a96c883d/datanode-0/data/ratis] (custom)
2019-09-17 13:30:35,407 [main] INFO  hdfs.DFSUtil (DFSUtil.java:httpServerTemplateForNNAndJN(1641)) - Starting Web-server for hddsDatanode at: http://0.0.0.0:0
2019-09-17 13:30:35,408 [main] INFO  server.AuthenticationFilter (AuthenticationFilter.java:constructSecretProvider(240)) - Unable to initialize FileSignerSecretProvider, falling back to use random secrets.
2019-09-17 13:30:35,409 [main] WARN  http.HttpRequestLog (HttpRequestLog.java:getRequestLog(97)) - Jetty request log can only be enabled using Log4j
2019-09-17 13:30:35,410 [main] INFO  http.HttpServer2 (HttpServer2.java:addGlobalFilter(975)) - Added global filter 'safety' (class=org.apache.hadoop.http.HttpServer2$QuotingInputFilter)
2019-09-17 13:30:35,411 [main] INFO  http.HttpServer2 (HttpServer2.java:addFilter(948)) - Added filter static_user_filter (class=org.apache.hadoop.http.lib.StaticUserWebFilter$StaticUserFilter) to context hddsDatanode
2019-09-17 13:30:35,411 [main] INFO  http.HttpServer2 (HttpServer2.java:addFilter(958)) - Added filter static_user_filter (class=org.apache.hadoop.http.lib.StaticUserWebFilter$StaticUserFilter) to context static
2019-09-17 13:30:35,412 [main] INFO  http.HttpServer2 (HttpServer2.java:addFilter(958)) - Added filter static_user_filter (class=org.apache.hadoop.http.lib.StaticUserWebFilter$StaticUserFilter) to context logs
2019-09-17 13:30:35,412 [main] INFO  http.HttpServer2 (HttpServer2.java:bindListener(1191)) - Jetty bound to port 39274
2019-09-17 13:30:35,413 [main] INFO  server.Server (Server.java:doStart(351)) - jetty-9.3.24.v20180605, build timestamp: 2018-06-05T17:11:56Z, git hash: 84205aa28f11a4f31f2a3b86d1bba2cc8ab69827
2019-09-17 13:30:35,414 [main] INFO  handler.ContextHandler (ContextHandler.java:doStart(781)) - Started o.e.j.s.ServletContextHandler@2322e56f{/logs,file:///workdir/hadoop-ozone/integration-test/target/log,AVAILABLE}
2019-09-17 13:30:35,415 [main] INFO  handler.ContextHandler (ContextHandler.java:doStart(781)) - Started o.e.j.s.ServletContextHandler@38732364{/static,jar:file:/home/user/.m2/repository/org/apache/hadoop/hadoop-hdds-container-service/0.5.0-SNAPSHOT/hadoop-hdds-container-service-0.5.0-SNAPSHOT.jar!/webapps/static,AVAILABLE}
2019-09-17 13:30:35,443 [main] INFO  handler.ContextHandler (ContextHandler.java:doStart(781)) - Started o.e.j.w.WebAppContext@7c8874ef{/,file:///tmp/jetty-0.0.0.0-39274-hddsDatanode-_-any-5745692821568845308.dir/webapp/,AVAILABLE}{/hddsDatanode}
2019-09-17 13:30:35,444 [main] INFO  server.AbstractConnector (AbstractConnector.java:doStart(278)) - Started ServerConnector@42c0a16e{HTTP/1.1,[http/1.1]}{0.0.0.0:39274}
2019-09-17 13:30:35,445 [main] INFO  server.Server (Server.java:doStart(419)) - Started @282880ms
2019-09-17 13:30:35,445 [main] WARN  impl.MetricsSystemImpl (MetricsSystemImpl.java:register(276)) - Sink prometheus already exists!
2019-09-17 13:30:35,446 [main] INFO  server.BaseHttpServer (BaseHttpServer.java:updateConnectorAddress(215)) - HTTP server of HDDSDATANODE is listening at http://0.0.0.0:39274
2019-09-17 13:30:35,446 [main] INFO  impl.MetricsSystemImpl (MetricsSystemImpl.java:init(158)) - HddsDatanode metrics system started (again)
2019-09-17 13:30:35,449 [org.apache.hadoop.util.JvmPauseMonitor$Monitor@70358944] INFO  util.JvmPauseMonitor (JvmPauseMonitor.java:run(188)) - Starting JVM pause monitor
2019-09-17 13:30:35,450 [main] INFO  ozone.HddsDatanodeService (HddsDatanodeService.java:start(184)) - HddsDatanodeService host:pr-hdds-2142-clczg-3805722443 ip:192.168.34.33
2019-09-17 13:30:35,451 [Datanode State Machine Thread - 0] INFO  datanode.InitDatanodeState (InitDatanodeState.java:persistContainerDatanodeDetails(140)) - DatanodeDetails is persisted to /workdir/hadoop-ozone/integration-test/target/test-dir/MiniOzoneClusterImpl-6ec8a423-e5b5-4811-9e7d-10b5a96c883d/datanode-0/meta/datanode.id
2019-09-17 13:30:35,455 [main] INFO  volume.HddsVolume (HddsVolume.java:<init>(176)) - Creating Volume: /workdir/hadoop-ozone/integration-test/target/test-dir/MiniOzoneClusterImpl-6ec8a423-e5b5-4811-9e7d-10b5a96c883d/datanode-1/data/containers/hdds of  storage type : DISK and capacity : 1482555576320
2019-09-17 13:30:35,455 [main] INFO  volume.VolumeSet (VolumeSet.java:initializeVolumeSet(170)) - Added Volume : /workdir/hadoop-ozone/integration-test/target/test-dir/MiniOzoneClusterImpl-6ec8a423-e5b5-4811-9e7d-10b5a96c883d/datanode-1/data/containers/hdds to VolumeSet
2019-09-17 13:30:35,456 [main] INFO  volume.ThrottledAsyncChecker (ThrottledAsyncChecker.java:schedule(139)) - Scheduling a check for org.apache.hadoop.ozone.container.common.volume.HddsVolume@640d604
2019-09-17 13:30:35,456 [main] INFO  volume.HddsVolumeChecker (HddsVolumeChecker.java:checkAllVolumes(202)) - Scheduled health check for volume org.apache.hadoop.ozone.container.common.volume.HddsVolume@640d604
2019-09-17 13:30:35,469 [main] INFO  impl.RaftServerProxy (ConfUtils.java:logGet(43)) - raft.rpc.type = GRPC (default)
2019-09-17 13:30:35,470 [main] INFO  grpc.GrpcFactory (GrpcFactory.java:checkPooledByteBufAllocatorUseCacheForAllThreads(45)) - PERFORMANCE WARNING: useCacheForAllThreads is true that may cause Netty to create a lot garbage objects and, as a result, trigger GC.
	It is recommended to disable useCacheForAllThreads by setting -Dorg.apache.ratis.thirdparty.io.netty.allocator.useCacheForAllThreads=false in command line.
2019-09-17 13:30:35,470 [main] INFO  grpc.GrpcConfigKeys$Server (ConfUtils.java:logGet(43)) - raft.grpc.server.port = 0 (default)
2019-09-17 13:30:35,470 [main] INFO  server.GrpcService (ConfUtils.java:logGet(43)) - raft.grpc.message.size.max = 33570816 (custom)
2019-09-17 13:30:35,470 [main] INFO  server.RaftServerConfigKeys (ConfUtils.java:logGet(43)) - raft.server.log.appender.buffer.byte-limit = 33554432 (custom)
2019-09-17 13:30:35,470 [main] INFO  server.GrpcService (ConfUtils.java:logGet(43)) - raft.grpc.flow.control.window = 1MB (=1048576) (default)
2019-09-17 13:30:35,471 [main] INFO  server.RaftServerConfigKeys (ConfUtils.java:logGet(43)) - raft.server.rpc.request.timeout = 3000ms (default)
2019-09-17 13:30:35,471 [main] INFO  server.RaftServerConfigKeys (ConfUtils.java:logGet(43)) - raft.server.storage.dir = [/workdir/hadoop-ozone/integration-test/target/test-dir/MiniOzoneClusterImpl-6ec8a423-e5b5-4811-9e7d-10b5a96c883d/datanode-1/data/ratis] (custom)
2019-09-17 13:30:35,472 [main] INFO  hdfs.DFSUtil (DFSUtil.java:httpServerTemplateForNNAndJN(1641)) - Starting Web-server for hddsDatanode at: http://0.0.0.0:0
2019-09-17 13:30:35,474 [main] INFO  server.AuthenticationFilter (AuthenticationFilter.java:constructSecretProvider(240)) - Unable to initialize FileSignerSecretProvider, falling back to use random secrets.
2019-09-17 13:30:35,474 [main] WARN  http.HttpRequestLog (HttpRequestLog.java:getRequestLog(97)) - Jetty request log can only be enabled using Log4j
2019-09-17 13:30:35,475 [main] INFO  http.HttpServer2 (HttpServer2.java:addGlobalFilter(975)) - Added global filter 'safety' (class=org.apache.hadoop.http.HttpServer2$QuotingInputFilter)
2019-09-17 13:30:35,476 [main] INFO  http.HttpServer2 (HttpServer2.java:addFilter(948)) - Added filter static_user_filter (class=org.apache.hadoop.http.lib.StaticUserWebFilter$StaticUserFilter) to context hddsDatanode
2019-09-17 13:30:35,476 [main] INFO  http.HttpServer2 (HttpServer2.java:addFilter(958)) - Added filter static_user_filter (class=org.apache.hadoop.http.lib.StaticUserWebFilter$StaticUserFilter) to context static
2019-09-17 13:30:35,476 [main] INFO  http.HttpServer2 (HttpServer2.java:addFilter(958)) - Added filter static_user_filter (class=org.apache.hadoop.http.lib.StaticUserWebFilter$StaticUserFilter) to context logs
2019-09-17 13:30:35,476 [main] INFO  http.HttpServer2 (HttpServer2.java:bindListener(1191)) - Jetty bound to port 40779
2019-09-17 13:30:35,477 [main] INFO  server.Server (Server.java:doStart(351)) - jetty-9.3.24.v20180605, build timestamp: 2018-06-05T17:11:56Z, git hash: 84205aa28f11a4f31f2a3b86d1bba2cc8ab69827
2019-09-17 13:30:35,478 [main] INFO  handler.ContextHandler (ContextHandler.java:doStart(781)) - Started o.e.j.s.ServletContextHandler@1a1c21b4{/logs,file:///workdir/hadoop-ozone/integration-test/target/log,AVAILABLE}
2019-09-17 13:30:35,479 [main] INFO  handler.ContextHandler (ContextHandler.java:doStart(781)) - Started o.e.j.s.ServletContextHandler@38ac8968{/static,jar:file:/home/user/.m2/repository/org/apache/hadoop/hadoop-hdds-container-service/0.5.0-SNAPSHOT/hadoop-hdds-container-service-0.5.0-SNAPSHOT.jar!/webapps/static,AVAILABLE}
2019-09-17 13:30:35,507 [main] INFO  handler.ContextHandler (ContextHandler.java:doStart(781)) - Started o.e.j.w.WebAppContext@6c0b51da{/,file:///tmp/jetty-0.0.0.0-40779-hddsDatanode-_-any-4917637974008337201.dir/webapp/,AVAILABLE}{/hddsDatanode}
2019-09-17 13:30:35,508 [main] INFO  server.AbstractConnector (AbstractConnector.java:doStart(278)) - Started ServerConnector@7558633{HTTP/1.1,[http/1.1]}{0.0.0.0:40779}
2019-09-17 13:30:35,509 [main] INFO  server.Server (Server.java:doStart(419)) - Started @282944ms
2019-09-17 13:30:35,510 [main] WARN  impl.MetricsSystemImpl (MetricsSystemImpl.java:register(276)) - Sink prometheus already exists!
2019-09-17 13:30:35,511 [main] INFO  server.BaseHttpServer (BaseHttpServer.java:updateConnectorAddress(215)) - HTTP server of HDDSDATANODE is listening at http://0.0.0.0:40779
2019-09-17 13:30:35,511 [main] INFO  impl.MetricsSystemImpl (MetricsSystemImpl.java:init(158)) - HddsDatanode metrics system started (again)
2019-09-17 13:30:35,515 [org.apache.hadoop.util.JvmPauseMonitor$Monitor@41165d3e] INFO  util.JvmPauseMonitor (JvmPauseMonitor.java:run(188)) - Starting JVM pause monitor
2019-09-17 13:30:35,515 [main] INFO  ozone.HddsDatanodeService (HddsDatanodeService.java:start(184)) - HddsDatanodeService host:pr-hdds-2142-clczg-3805722443 ip:192.168.34.33
2019-09-17 13:30:35,517 [Datanode State Machine Thread - 0] INFO  datanode.InitDatanodeState (InitDatanodeState.java:persistContainerDatanodeDetails(140)) - DatanodeDetails is persisted to /workdir/hadoop-ozone/integration-test/target/test-dir/MiniOzoneClusterImpl-6ec8a423-e5b5-4811-9e7d-10b5a96c883d/datanode-1/meta/datanode.id
2019-09-17 13:30:35,522 [main] INFO  volume.HddsVolume (HddsVolume.java:<init>(176)) - Creating Volume: /workdir/hadoop-ozone/integration-test/target/test-dir/MiniOzoneClusterImpl-6ec8a423-e5b5-4811-9e7d-10b5a96c883d/datanode-2/data/containers/hdds of  storage type : DISK and capacity : 1482555576320
2019-09-17 13:30:35,522 [main] INFO  volume.VolumeSet (VolumeSet.java:initializeVolumeSet(170)) - Added Volume : /workdir/hadoop-ozone/integration-test/target/test-dir/MiniOzoneClusterImpl-6ec8a423-e5b5-4811-9e7d-10b5a96c883d/datanode-2/data/containers/hdds to VolumeSet
2019-09-17 13:30:35,522 [main] INFO  volume.ThrottledAsyncChecker (ThrottledAsyncChecker.java:schedule(139)) - Scheduling a check for org.apache.hadoop.ozone.container.common.volume.HddsVolume@538a2f0e
2019-09-17 13:30:35,522 [main] INFO  volume.HddsVolumeChecker (HddsVolumeChecker.java:checkAllVolumes(202)) - Scheduled health check for volume org.apache.hadoop.ozone.container.common.volume.HddsVolume@538a2f0e
2019-09-17 13:30:35,535 [main] INFO  impl.RaftServerProxy (ConfUtils.java:logGet(43)) - raft.rpc.type = GRPC (default)
2019-09-17 13:30:35,535 [main] INFO  grpc.GrpcFactory (GrpcFactory.java:checkPooledByteBufAllocatorUseCacheForAllThreads(45)) - PERFORMANCE WARNING: useCacheForAllThreads is true that may cause Netty to create a lot garbage objects and, as a result, trigger GC.
	It is recommended to disable useCacheForAllThreads by setting -Dorg.apache.ratis.thirdparty.io.netty.allocator.useCacheForAllThreads=false in command line.
2019-09-17 13:30:35,535 [main] INFO  grpc.GrpcConfigKeys$Server (ConfUtils.java:logGet(43)) - raft.grpc.server.port = 0 (default)
2019-09-17 13:30:35,536 [main] INFO  server.GrpcService (ConfUtils.java:logGet(43)) - raft.grpc.message.size.max = 33570816 (custom)
2019-09-17 13:30:35,536 [main] INFO  server.RaftServerConfigKeys (ConfUtils.java:logGet(43)) - raft.server.log.appender.buffer.byte-limit = 33554432 (custom)
2019-09-17 13:30:35,536 [main] INFO  server.GrpcService (ConfUtils.java:logGet(43)) - raft.grpc.flow.control.window = 1MB (=1048576) (default)
2019-09-17 13:30:35,536 [main] INFO  server.RaftServerConfigKeys (ConfUtils.java:logGet(43)) - raft.server.rpc.request.timeout = 3000ms (default)
2019-09-17 13:30:35,537 [main] INFO  server.RaftServerConfigKeys (ConfUtils.java:logGet(43)) - raft.server.storage.dir = [/workdir/hadoop-ozone/integration-test/target/test-dir/MiniOzoneClusterImpl-6ec8a423-e5b5-4811-9e7d-10b5a96c883d/datanode-2/data/ratis] (custom)
2019-09-17 13:30:35,538 [main] INFO  hdfs.DFSUtil (DFSUtil.java:httpServerTemplateForNNAndJN(1641)) - Starting Web-server for hddsDatanode at: http://0.0.0.0:0
2019-09-17 13:30:35,539 [main] INFO  server.AuthenticationFilter (AuthenticationFilter.java:constructSecretProvider(240)) - Unable to initialize FileSignerSecretProvider, falling back to use random secrets.
2019-09-17 13:30:35,540 [main] WARN  http.HttpRequestLog (HttpRequestLog.java:getRequestLog(97)) - Jetty request log can only be enabled using Log4j
2019-09-17 13:30:35,541 [main] INFO  http.HttpServer2 (HttpServer2.java:addGlobalFilter(975)) - Added global filter 'safety' (class=org.apache.hadoop.http.HttpServer2$QuotingInputFilter)
2019-09-17 13:30:35,541 [main] INFO  http.HttpServer2 (HttpServer2.java:addFilter(948)) - Added filter static_user_filter (class=org.apache.hadoop.http.lib.StaticUserWebFilter$StaticUserFilter) to context hddsDatanode
2019-09-17 13:30:35,542 [main] INFO  http.HttpServer2 (HttpServer2.java:addFilter(958)) - Added filter static_user_filter (class=org.apache.hadoop.http.lib.StaticUserWebFilter$StaticUserFilter) to context static
2019-09-17 13:30:35,542 [main] INFO  http.HttpServer2 (HttpServer2.java:addFilter(958)) - Added filter static_user_filter (class=org.apache.hadoop.http.lib.StaticUserWebFilter$StaticUserFilter) to context logs
2019-09-17 13:30:35,542 [main] INFO  http.HttpServer2 (HttpServer2.java:bindListener(1191)) - Jetty bound to port 39097
2019-09-17 13:30:35,542 [main] INFO  server.Server (Server.java:doStart(351)) - jetty-9.3.24.v20180605, build timestamp: 2018-06-05T17:11:56Z, git hash: 84205aa28f11a4f31f2a3b86d1bba2cc8ab69827
2019-09-17 13:30:35,544 [main] INFO  handler.ContextHandler (ContextHandler.java:doStart(781)) - Started o.e.j.s.ServletContextHandler@41aebbb4{/logs,file:///workdir/hadoop-ozone/integration-test/target/log,AVAILABLE}
2019-09-17 13:30:35,544 [main] INFO  handler.ContextHandler (ContextHandler.java:doStart(781)) - Started o.e.j.s.ServletContextHandler@5a592c70{/static,jar:file:/home/user/.m2/repository/org/apache/hadoop/hadoop-hdds-container-service/0.5.0-SNAPSHOT/hadoop-hdds-container-service-0.5.0-SNAPSHOT.jar!/webapps/static,AVAILABLE}
2019-09-17 13:30:35,572 [main] INFO  handler.ContextHandler (ContextHandler.java:doStart(781)) - Started o.e.j.w.WebAppContext@6870cfac{/,file:///tmp/jetty-0.0.0.0-39097-hddsDatanode-_-any-6381612166213343982.dir/webapp/,AVAILABLE}{/hddsDatanode}
2019-09-17 13:30:35,573 [main] INFO  server.AbstractConnector (AbstractConnector.java:doStart(278)) - Started ServerConnector@45554613{HTTP/1.1,[http/1.1]}{0.0.0.0:39097}
2019-09-17 13:30:35,573 [main] INFO  server.Server (Server.java:doStart(419)) - Started @283008ms
2019-09-17 13:30:35,574 [main] WARN  impl.MetricsSystemImpl (MetricsSystemImpl.java:register(276)) - Sink prometheus already exists!
2019-09-17 13:30:35,575 [main] INFO  server.BaseHttpServer (BaseHttpServer.java:updateConnectorAddress(215)) - HTTP server of HDDSDATANODE is listening at http://0.0.0.0:39097
2019-09-17 13:30:35,575 [main] INFO  impl.MetricsSystemImpl (MetricsSystemImpl.java:init(158)) - HddsDatanode metrics system started (again)
2019-09-17 13:30:35,579 [org.apache.hadoop.util.JvmPauseMonitor$Monitor@49139243] INFO  util.JvmPauseMonitor (JvmPauseMonitor.java:run(188)) - Starting JVM pause monitor
2019-09-17 13:30:35,579 [main] INFO  ozone.HddsDatanodeService (HddsDatanodeService.java:start(184)) - HddsDatanodeService host:pr-hdds-2142-clczg-3805722443 ip:192.168.34.33
2019-09-17 13:30:35,580 [Datanode State Machine Thread - 0] INFO  datanode.InitDatanodeState (InitDatanodeState.java:persistContainerDatanodeDetails(140)) - DatanodeDetails is persisted to /workdir/hadoop-ozone/integration-test/target/test-dir/MiniOzoneClusterImpl-6ec8a423-e5b5-4811-9e7d-10b5a96c883d/datanode-2/meta/datanode.id
2019-09-17 13:30:35,585 [main] INFO  volume.HddsVolume (HddsVolume.java:<init>(176)) - Creating Volume: /workdir/hadoop-ozone/integration-test/target/test-dir/MiniOzoneClusterImpl-6ec8a423-e5b5-4811-9e7d-10b5a96c883d/datanode-3/data/containers/hdds of  storage type : DISK and capacity : 1482555576320
2019-09-17 13:30:35,585 [main] INFO  volume.VolumeSet (VolumeSet.java:initializeVolumeSet(170)) - Added Volume : /workdir/hadoop-ozone/integration-test/target/test-dir/MiniOzoneClusterImpl-6ec8a423-e5b5-4811-9e7d-10b5a96c883d/datanode-3/data/containers/hdds to VolumeSet
2019-09-17 13:30:35,585 [main] INFO  volume.ThrottledAsyncChecker (ThrottledAsyncChecker.java:schedule(139)) - Scheduling a check for org.apache.hadoop.ozone.container.common.volume.HddsVolume@17c4dc5b
2019-09-17 13:30:35,585 [main] INFO  volume.HddsVolumeChecker (HddsVolumeChecker.java:checkAllVolumes(202)) - Scheduled health check for volume org.apache.hadoop.ozone.container.common.volume.HddsVolume@17c4dc5b
2019-09-17 13:30:35,598 [main] INFO  impl.RaftServerProxy (ConfUtils.java:logGet(43)) - raft.rpc.type = GRPC (default)
2019-09-17 13:30:35,599 [main] INFO  grpc.GrpcFactory (GrpcFactory.java:checkPooledByteBufAllocatorUseCacheForAllThreads(45)) - PERFORMANCE WARNING: useCacheForAllThreads is true that may cause Netty to create a lot garbage objects and, as a result, trigger GC.
	It is recommended to disable useCacheForAllThreads by setting -Dorg.apache.ratis.thirdparty.io.netty.allocator.useCacheForAllThreads=false in command line.
2019-09-17 13:30:35,599 [main] INFO  grpc.GrpcConfigKeys$Server (ConfUtils.java:logGet(43)) - raft.grpc.server.port = 0 (default)
2019-09-17 13:30:35,599 [main] INFO  server.GrpcService (ConfUtils.java:logGet(43)) - raft.grpc.message.size.max = 33570816 (custom)
2019-09-17 13:30:35,599 [main] INFO  server.RaftServerConfigKeys (ConfUtils.java:logGet(43)) - raft.server.log.appender.buffer.byte-limit = 33554432 (custom)
2019-09-17 13:30:35,599 [main] INFO  server.GrpcService (ConfUtils.java:logGet(43)) - raft.grpc.flow.control.window = 1MB (=1048576) (default)
2019-09-17 13:30:35,600 [main] INFO  server.RaftServerConfigKeys (ConfUtils.java:logGet(43)) - raft.server.rpc.request.timeout = 3000ms (default)
2019-09-17 13:30:35,600 [main] INFO  server.RaftServerConfigKeys (ConfUtils.java:logGet(43)) - raft.server.storage.dir = [/workdir/hadoop-ozone/integration-test/target/test-dir/MiniOzoneClusterImpl-6ec8a423-e5b5-4811-9e7d-10b5a96c883d/datanode-3/data/ratis] (custom)
2019-09-17 13:30:35,601 [main] INFO  hdfs.DFSUtil (DFSUtil.java:httpServerTemplateForNNAndJN(1641)) - Starting Web-server for hddsDatanode at: http://0.0.0.0:0
2019-09-17 13:30:35,602 [main] INFO  server.AuthenticationFilter (AuthenticationFilter.java:constructSecretProvider(240)) - Unable to initialize FileSignerSecretProvider, falling back to use random secrets.
2019-09-17 13:30:35,603 [main] WARN  http.HttpRequestLog (HttpRequestLog.java:getRequestLog(97)) - Jetty request log can only be enabled using Log4j
2019-09-17 13:30:35,604 [main] INFO  http.HttpServer2 (HttpServer2.java:addGlobalFilter(975)) - Added global filter 'safety' (class=org.apache.hadoop.http.HttpServer2$QuotingInputFilter)
2019-09-17 13:30:35,604 [main] INFO  http.HttpServer2 (HttpServer2.java:addFilter(948)) - Added filter static_user_filter (class=org.apache.hadoop.http.lib.StaticUserWebFilter$StaticUserFilter) to context hddsDatanode
2019-09-17 13:30:35,605 [main] INFO  http.HttpServer2 (HttpServer2.java:addFilter(958)) - Added filter static_user_filter (class=org.apache.hadoop.http.lib.StaticUserWebFilter$StaticUserFilter) to context logs
2019-09-17 13:30:35,605 [main] INFO  http.HttpServer2 (HttpServer2.java:addFilter(958)) - Added filter static_user_filter (class=org.apache.hadoop.http.lib.StaticUserWebFilter$StaticUserFilter) to context static
2019-09-17 13:30:35,605 [main] INFO  http.HttpServer2 (HttpServer2.java:bindListener(1191)) - Jetty bound to port 43889
2019-09-17 13:30:35,605 [main] INFO  server.Server (Server.java:doStart(351)) - jetty-9.3.24.v20180605, build timestamp: 2018-06-05T17:11:56Z, git hash: 84205aa28f11a4f31f2a3b86d1bba2cc8ab69827
2019-09-17 13:30:35,607 [main] INFO  handler.ContextHandler (ContextHandler.java:doStart(781)) - Started o.e.j.s.ServletContextHandler@740b9a50{/logs,file:///workdir/hadoop-ozone/integration-test/target/log,AVAILABLE}
2019-09-17 13:30:35,607 [main] INFO  handler.ContextHandler (ContextHandler.java:doStart(781)) - Started o.e.j.s.ServletContextHandler@5111de7c{/static,jar:file:/home/user/.m2/repository/org/apache/hadoop/hadoop-hdds-container-service/0.5.0-SNAPSHOT/hadoop-hdds-container-service-0.5.0-SNAPSHOT.jar!/webapps/static,AVAILABLE}
2019-09-17 13:30:35,634 [main] INFO  handler.ContextHandler (ContextHandler.java:doStart(781)) - Started o.e.j.w.WebAppContext@448462f0{/,file:///tmp/jetty-0.0.0.0-43889-hddsDatanode-_-any-392943561457218377.dir/webapp/,AVAILABLE}{/hddsDatanode}
2019-09-17 13:30:35,635 [main] INFO  server.AbstractConnector (AbstractConnector.java:doStart(278)) - Started ServerConnector@787988f4{HTTP/1.1,[http/1.1]}{0.0.0.0:43889}
2019-09-17 13:30:35,635 [main] INFO  server.Server (Server.java:doStart(419)) - Started @283070ms
2019-09-17 13:30:35,636 [main] WARN  impl.MetricsSystemImpl (MetricsSystemImpl.java:register(276)) - Sink prometheus already exists!
2019-09-17 13:30:35,637 [main] INFO  server.BaseHttpServer (BaseHttpServer.java:updateConnectorAddress(215)) - HTTP server of HDDSDATANODE is listening at http://0.0.0.0:43889
2019-09-17 13:30:35,637 [main] INFO  impl.MetricsSystemImpl (MetricsSystemImpl.java:init(158)) - HddsDatanode metrics system started (again)
2019-09-17 13:30:35,641 [org.apache.hadoop.util.JvmPauseMonitor$Monitor@d65830d] INFO  util.JvmPauseMonitor (JvmPauseMonitor.java:run(188)) - Starting JVM pause monitor
2019-09-17 13:30:35,642 [main] INFO  ozone.HddsDatanodeService (HddsDatanodeService.java:start(184)) - HddsDatanodeService host:pr-hdds-2142-clczg-3805722443 ip:192.168.34.33
2019-09-17 13:30:35,643 [Datanode State Machine Thread - 0] INFO  datanode.InitDatanodeState (InitDatanodeState.java:persistContainerDatanodeDetails(140)) - DatanodeDetails is persisted to /workdir/hadoop-ozone/integration-test/target/test-dir/MiniOzoneClusterImpl-6ec8a423-e5b5-4811-9e7d-10b5a96c883d/datanode-3/meta/datanode.id
2019-09-17 13:30:35,648 [main] INFO  volume.HddsVolume (HddsVolume.java:<init>(176)) - Creating Volume: /workdir/hadoop-ozone/integration-test/target/test-dir/MiniOzoneClusterImpl-6ec8a423-e5b5-4811-9e7d-10b5a96c883d/datanode-4/data/containers/hdds of  storage type : DISK and capacity : 1482555576320
2019-09-17 13:30:35,648 [main] INFO  volume.VolumeSet (VolumeSet.java:initializeVolumeSet(170)) - Added Volume : /workdir/hadoop-ozone/integration-test/target/test-dir/MiniOzoneClusterImpl-6ec8a423-e5b5-4811-9e7d-10b5a96c883d/datanode-4/data/containers/hdds to VolumeSet
2019-09-17 13:30:35,649 [main] INFO  volume.ThrottledAsyncChecker (ThrottledAsyncChecker.java:schedule(139)) - Scheduling a check for org.apache.hadoop.ozone.container.common.volume.HddsVolume@4aaecabd
2019-09-17 13:30:35,649 [main] INFO  volume.HddsVolumeChecker (HddsVolumeChecker.java:checkAllVolumes(202)) - Scheduled health check for volume org.apache.hadoop.ozone.container.common.volume.HddsVolume@4aaecabd
2019-09-17 13:30:35,664 [main] INFO  impl.RaftServerProxy (ConfUtils.java:logGet(43)) - raft.rpc.type = GRPC (default)
2019-09-17 13:30:35,665 [main] INFO  grpc.GrpcFactory (GrpcFactory.java:checkPooledByteBufAllocatorUseCacheForAllThreads(45)) - PERFORMANCE WARNING: useCacheForAllThreads is true that may cause Netty to create a lot garbage objects and, as a result, trigger GC.
	It is recommended to disable useCacheForAllThreads by setting -Dorg.apache.ratis.thirdparty.io.netty.allocator.useCacheForAllThreads=false in command line.
2019-09-17 13:30:35,665 [main] INFO  grpc.GrpcConfigKeys$Server (ConfUtils.java:logGet(43)) - raft.grpc.server.port = 0 (default)
2019-09-17 13:30:35,665 [main] INFO  server.GrpcService (ConfUtils.java:logGet(43)) - raft.grpc.message.size.max = 33570816 (custom)
2019-09-17 13:30:35,665 [main] INFO  server.RaftServerConfigKeys (ConfUtils.java:logGet(43)) - raft.server.log.appender.buffer.byte-limit = 33554432 (custom)
2019-09-17 13:30:35,665 [main] INFO  server.GrpcService (ConfUtils.java:logGet(43)) - raft.grpc.flow.control.window = 1MB (=1048576) (default)
2019-09-17 13:30:35,665 [main] INFO  server.RaftServerConfigKeys (ConfUtils.java:logGet(43)) - raft.server.rpc.request.timeout = 3000ms (default)
2019-09-17 13:30:35,666 [main] INFO  server.RaftServerConfigKeys (ConfUtils.java:logGet(43)) - raft.server.storage.dir = [/workdir/hadoop-ozone/integration-test/target/test-dir/MiniOzoneClusterImpl-6ec8a423-e5b5-4811-9e7d-10b5a96c883d/datanode-4/data/ratis] (custom)
2019-09-17 13:30:35,667 [main] INFO  hdfs.DFSUtil (DFSUtil.java:httpServerTemplateForNNAndJN(1641)) - Starting Web-server for hddsDatanode at: http://0.0.0.0:0
2019-09-17 13:30:35,668 [main] INFO  server.AuthenticationFilter (AuthenticationFilter.java:constructSecretProvider(240)) - Unable to initialize FileSignerSecretProvider, falling back to use random secrets.
2019-09-17 13:30:35,669 [main] WARN  http.HttpRequestLog (HttpRequestLog.java:getRequestLog(97)) - Jetty request log can only be enabled using Log4j
2019-09-17 13:30:35,670 [main] INFO  http.HttpServer2 (HttpServer2.java:addGlobalFilter(975)) - Added global filter 'safety' (class=org.apache.hadoop.http.HttpServer2$QuotingInputFilter)
2019-09-17 13:30:35,670 [main] INFO  http.HttpServer2 (HttpServer2.java:addFilter(948)) - Added filter static_user_filter (class=org.apache.hadoop.http.lib.StaticUserWebFilter$StaticUserFilter) to context hddsDatanode
2019-09-17 13:30:35,670 [main] INFO  http.HttpServer2 (HttpServer2.java:addFilter(958)) - Added filter static_user_filter (class=org.apache.hadoop.http.lib.StaticUserWebFilter$StaticUserFilter) to context static
2019-09-17 13:30:35,671 [main] INFO  http.HttpServer2 (HttpServer2.java:addFilter(958)) - Added filter static_user_filter (class=org.apache.hadoop.http.lib.StaticUserWebFilter$StaticUserFilter) to context logs
2019-09-17 13:30:35,671 [main] INFO  http.HttpServer2 (HttpServer2.java:bindListener(1191)) - Jetty bound to port 36237
2019-09-17 13:30:35,671 [main] INFO  server.Server (Server.java:doStart(351)) - jetty-9.3.24.v20180605, build timestamp: 2018-06-05T17:11:56Z, git hash: 84205aa28f11a4f31f2a3b86d1bba2cc8ab69827
2019-09-17 13:30:35,673 [main] INFO  handler.ContextHandler (ContextHandler.java:doStart(781)) - Started o.e.j.s.ServletContextHandler@7739aac4{/logs,file:///workdir/hadoop-ozone/integration-test/target/log,AVAILABLE}
2019-09-17 13:30:35,673 [main] INFO  handler.ContextHandler (ContextHandler.java:doStart(781)) - Started o.e.j.s.ServletContextHandler@36c07c75{/static,jar:file:/home/user/.m2/repository/org/apache/hadoop/hadoop-hdds-container-service/0.5.0-SNAPSHOT/hadoop-hdds-container-service-0.5.0-SNAPSHOT.jar!/webapps/static,AVAILABLE}
2019-09-17 13:30:35,707 [main] INFO  handler.ContextHandler (ContextHandler.java:doStart(781)) - Started o.e.j.w.WebAppContext@7a66c35a{/,file:///tmp/jetty-0.0.0.0-36237-hddsDatanode-_-any-3545276452397906375.dir/webapp/,AVAILABLE}{/hddsDatanode}
2019-09-17 13:30:35,708 [main] INFO  server.AbstractConnector (AbstractConnector.java:doStart(278)) - Started ServerConnector@7994a0d1{HTTP/1.1,[http/1.1]}{0.0.0.0:36237}
2019-09-17 13:30:35,710 [main] INFO  server.Server (Server.java:doStart(419)) - Started @283145ms
2019-09-17 13:30:35,710 [main] WARN  impl.MetricsSystemImpl (MetricsSystemImpl.java:register(276)) - Sink prometheus already exists!
2019-09-17 13:30:35,711 [main] INFO  server.BaseHttpServer (BaseHttpServer.java:updateConnectorAddress(215)) - HTTP server of HDDSDATANODE is listening at http://0.0.0.0:36237
2019-09-17 13:30:35,711 [main] INFO  impl.MetricsSystemImpl (MetricsSystemImpl.java:init(158)) - HddsDatanode metrics system started (again)
2019-09-17 13:30:35,715 [org.apache.hadoop.util.JvmPauseMonitor$Monitor@48762ea6] INFO  util.JvmPauseMonitor (JvmPauseMonitor.java:run(188)) - Starting JVM pause monitor
2019-09-17 13:30:35,716 [main] INFO  ozone.HddsDatanodeService (HddsDatanodeService.java:start(184)) - HddsDatanodeService host:pr-hdds-2142-clczg-3805722443 ip:192.168.34.33
2019-09-17 13:30:35,717 [Datanode State Machine Thread - 0] INFO  datanode.InitDatanodeState (InitDatanodeState.java:persistContainerDatanodeDetails(140)) - DatanodeDetails is persisted to /workdir/hadoop-ozone/integration-test/target/test-dir/MiniOzoneClusterImpl-6ec8a423-e5b5-4811-9e7d-10b5a96c883d/datanode-4/meta/datanode.id
2019-09-17 13:30:35,722 [main] INFO  volume.HddsVolume (HddsVolume.java:<init>(176)) - Creating Volume: /workdir/hadoop-ozone/integration-test/target/test-dir/MiniOzoneClusterImpl-6ec8a423-e5b5-4811-9e7d-10b5a96c883d/datanode-5/data/containers/hdds of  storage type : DISK and capacity : 1482555576320
2019-09-17 13:30:35,723 [main] INFO  volume.VolumeSet (VolumeSet.java:initializeVolumeSet(170)) - Added Volume : /workdir/hadoop-ozone/integration-test/target/test-dir/MiniOzoneClusterImpl-6ec8a423-e5b5-4811-9e7d-10b5a96c883d/datanode-5/data/containers/hdds to VolumeSet
2019-09-17 13:30:35,723 [main] INFO  volume.ThrottledAsyncChecker (ThrottledAsyncChecker.java:schedule(139)) - Scheduling a check for org.apache.hadoop.ozone.container.common.volume.HddsVolume@3bbf1c0d
2019-09-17 13:30:35,723 [main] INFO  volume.HddsVolumeChecker (HddsVolumeChecker.java:checkAllVolumes(202)) - Scheduled health check for volume org.apache.hadoop.ozone.container.common.volume.HddsVolume@3bbf1c0d
2019-09-17 13:30:35,738 [main] INFO  impl.RaftServerProxy (ConfUtils.java:logGet(43)) - raft.rpc.type = GRPC (default)
2019-09-17 13:30:35,739 [main] INFO  grpc.GrpcFactory (GrpcFactory.java:checkPooledByteBufAllocatorUseCacheForAllThreads(45)) - PERFORMANCE WARNING: useCacheForAllThreads is true that may cause Netty to create a lot garbage objects and, as a result, trigger GC.
	It is recommended to disable useCacheForAllThreads by setting -Dorg.apache.ratis.thirdparty.io.netty.allocator.useCacheForAllThreads=false in command line.
2019-09-17 13:30:35,739 [main] INFO  grpc.GrpcConfigKeys$Server (ConfUtils.java:logGet(43)) - raft.grpc.server.port = 0 (default)
2019-09-17 13:30:35,739 [main] INFO  server.GrpcService (ConfUtils.java:logGet(43)) - raft.grpc.message.size.max = 33570816 (custom)
2019-09-17 13:30:35,739 [main] INFO  server.RaftServerConfigKeys (ConfUtils.java:logGet(43)) - raft.server.log.appender.buffer.byte-limit = 33554432 (custom)
2019-09-17 13:30:35,739 [main] INFO  server.GrpcService (ConfUtils.java:logGet(43)) - raft.grpc.flow.control.window = 1MB (=1048576) (default)
2019-09-17 13:30:35,739 [main] INFO  server.RaftServerConfigKeys (ConfUtils.java:logGet(43)) - raft.server.rpc.request.timeout = 3000ms (default)
2019-09-17 13:30:35,740 [main] INFO  server.RaftServerConfigKeys (ConfUtils.java:logGet(43)) - raft.server.storage.dir = [/workdir/hadoop-ozone/integration-test/target/test-dir/MiniOzoneClusterImpl-6ec8a423-e5b5-4811-9e7d-10b5a96c883d/datanode-5/data/ratis] (custom)
2019-09-17 13:30:35,742 [main] INFO  hdfs.DFSUtil (DFSUtil.java:httpServerTemplateForNNAndJN(1641)) - Starting Web-server for hddsDatanode at: http://0.0.0.0:0
2019-09-17 13:30:35,743 [main] INFO  server.AuthenticationFilter (AuthenticationFilter.java:constructSecretProvider(240)) - Unable to initialize FileSignerSecretProvider, falling back to use random secrets.
2019-09-17 13:30:35,744 [main] WARN  http.HttpRequestLog (HttpRequestLog.java:getRequestLog(97)) - Jetty request log can only be enabled using Log4j
2019-09-17 13:30:35,745 [main] INFO  http.HttpServer2 (HttpServer2.java:addGlobalFilter(975)) - Added global filter 'safety' (class=org.apache.hadoop.http.HttpServer2$QuotingInputFilter)
2019-09-17 13:30:35,746 [main] INFO  http.HttpServer2 (HttpServer2.java:addFilter(948)) - Added filter static_user_filter (class=org.apache.hadoop.http.lib.StaticUserWebFilter$StaticUserFilter) to context hddsDatanode
2019-09-17 13:30:35,746 [main] INFO  http.HttpServer2 (HttpServer2.java:addFilter(958)) - Added filter static_user_filter (class=org.apache.hadoop.http.lib.StaticUserWebFilter$StaticUserFilter) to context static
2019-09-17 13:30:35,746 [main] INFO  http.HttpServer2 (HttpServer2.java:addFilter(958)) - Added filter static_user_filter (class=org.apache.hadoop.http.lib.StaticUserWebFilter$StaticUserFilter) to context logs
2019-09-17 13:30:35,747 [main] INFO  http.HttpServer2 (HttpServer2.java:bindListener(1191)) - Jetty bound to port 40062
2019-09-17 13:30:35,747 [main] INFO  server.Server (Server.java:doStart(351)) - jetty-9.3.24.v20180605, build timestamp: 2018-06-05T17:11:56Z, git hash: 84205aa28f11a4f31f2a3b86d1bba2cc8ab69827
2019-09-17 13:30:35,749 [main] INFO  handler.ContextHandler (ContextHandler.java:doStart(781)) - Started o.e.j.s.ServletContextHandler@5f8f1712{/logs,file:///workdir/hadoop-ozone/integration-test/target/log,AVAILABLE}
2019-09-17 13:30:35,749 [main] INFO  handler.ContextHandler (ContextHandler.java:doStart(781)) - Started o.e.j.s.ServletContextHandler@52ecc989{/static,jar:file:/home/user/.m2/repository/org/apache/hadoop/hadoop-hdds-container-service/0.5.0-SNAPSHOT/hadoop-hdds-container-service-0.5.0-SNAPSHOT.jar!/webapps/static,AVAILABLE}
2019-09-17 13:30:35,778 [main] INFO  handler.ContextHandler (ContextHandler.java:doStart(781)) - Started o.e.j.w.WebAppContext@5ea7bc4{/,file:///tmp/jetty-0.0.0.0-40062-hddsDatanode-_-any-2197813754288203796.dir/webapp/,AVAILABLE}{/hddsDatanode}
2019-09-17 13:30:35,778 [main] INFO  server.AbstractConnector (AbstractConnector.java:doStart(278)) - Started ServerConnector@39d77de9{HTTP/1.1,[http/1.1]}{0.0.0.0:40062}
2019-09-17 13:30:35,778 [main] INFO  server.Server (Server.java:doStart(419)) - Started @283213ms
2019-09-17 13:30:35,781 [main] WARN  impl.MetricsSystemImpl (MetricsSystemImpl.java:register(276)) - Sink prometheus already exists!
2019-09-17 13:30:35,781 [main] INFO  server.BaseHttpServer (BaseHttpServer.java:updateConnectorAddress(215)) - HTTP server of HDDSDATANODE is listening at http://0.0.0.0:40062
2019-09-17 13:30:35,782 [main] INFO  impl.MetricsSystemImpl (MetricsSystemImpl.java:init(158)) - HddsDatanode metrics system started (again)
2019-09-17 13:30:35,787 [org.apache.hadoop.util.JvmPauseMonitor$Monitor@417493ff] INFO  util.JvmPauseMonitor (JvmPauseMonitor.java:run(188)) - Starting JVM pause monitor
2019-09-17 13:30:35,788 [main] INFO  ozone.HddsDatanodeService (HddsDatanodeService.java:start(184)) - HddsDatanodeService host:pr-hdds-2142-clczg-3805722443 ip:192.168.34.33
2019-09-17 13:30:35,789 [Datanode State Machine Thread - 0] INFO  datanode.InitDatanodeState (InitDatanodeState.java:persistContainerDatanodeDetails(140)) - DatanodeDetails is persisted to /workdir/hadoop-ozone/integration-test/target/test-dir/MiniOzoneClusterImpl-6ec8a423-e5b5-4811-9e7d-10b5a96c883d/datanode-5/meta/datanode.id
2019-09-17 13:30:35,795 [main] INFO  volume.HddsVolume (HddsVolume.java:<init>(176)) - Creating Volume: /workdir/hadoop-ozone/integration-test/target/test-dir/MiniOzoneClusterImpl-6ec8a423-e5b5-4811-9e7d-10b5a96c883d/datanode-6/data/containers/hdds of  storage type : DISK and capacity : 1482555576320
2019-09-17 13:30:35,796 [main] INFO  volume.VolumeSet (VolumeSet.java:initializeVolumeSet(170)) - Added Volume : /workdir/hadoop-ozone/integration-test/target/test-dir/MiniOzoneClusterImpl-6ec8a423-e5b5-4811-9e7d-10b5a96c883d/datanode-6/data/containers/hdds to VolumeSet
2019-09-17 13:30:35,796 [main] INFO  volume.ThrottledAsyncChecker (ThrottledAsyncChecker.java:schedule(139)) - Scheduling a check for org.apache.hadoop.ozone.container.common.volume.HddsVolume@47fcefb3
2019-09-17 13:30:35,797 [main] INFO  volume.HddsVolumeChecker (HddsVolumeChecker.java:checkAllVolumes(202)) - Scheduled health check for volume org.apache.hadoop.ozone.container.common.volume.HddsVolume@47fcefb3
2019-09-17 13:30:35,820 [main] INFO  impl.RaftServerProxy (ConfUtils.java:logGet(43)) - raft.rpc.type = GRPC (default)
2019-09-17 13:30:35,820 [main] INFO  grpc.GrpcFactory (GrpcFactory.java:checkPooledByteBufAllocatorUseCacheForAllThreads(45)) - PERFORMANCE WARNING: useCacheForAllThreads is true that may cause Netty to create a lot garbage objects and, as a result, trigger GC.
	It is recommended to disable useCacheForAllThreads by setting -Dorg.apache.ratis.thirdparty.io.netty.allocator.useCacheForAllThreads=false in command line.
2019-09-17 13:30:35,821 [main] INFO  grpc.GrpcConfigKeys$Server (ConfUtils.java:logGet(43)) - raft.grpc.server.port = 0 (default)
2019-09-17 13:30:35,821 [main] INFO  server.GrpcService (ConfUtils.java:logGet(43)) - raft.grpc.message.size.max = 33570816 (custom)
2019-09-17 13:30:35,821 [main] INFO  server.RaftServerConfigKeys (ConfUtils.java:logGet(43)) - raft.server.log.appender.buffer.byte-limit = 33554432 (custom)
2019-09-17 13:30:35,821 [main] INFO  server.GrpcService (ConfUtils.java:logGet(43)) - raft.grpc.flow.control.window = 1MB (=1048576) (default)
2019-09-17 13:30:35,822 [main] INFO  server.RaftServerConfigKeys (ConfUtils.java:logGet(43)) - raft.server.rpc.request.timeout = 3000ms (default)
2019-09-17 13:30:35,822 [main] INFO  server.RaftServerConfigKeys (ConfUtils.java:logGet(43)) - raft.server.storage.dir = [/workdir/hadoop-ozone/integration-test/target/test-dir/MiniOzoneClusterImpl-6ec8a423-e5b5-4811-9e7d-10b5a96c883d/datanode-6/data/ratis] (custom)
2019-09-17 13:30:35,824 [main] INFO  hdfs.DFSUtil (DFSUtil.java:httpServerTemplateForNNAndJN(1641)) - Starting Web-server for hddsDatanode at: http://0.0.0.0:0
2019-09-17 13:30:35,825 [main] INFO  server.AuthenticationFilter (AuthenticationFilter.java:constructSecretProvider(240)) - Unable to initialize FileSignerSecretProvider, falling back to use random secrets.
2019-09-17 13:30:35,826 [main] WARN  http.HttpRequestLog (HttpRequestLog.java:getRequestLog(97)) - Jetty request log can only be enabled using Log4j
2019-09-17 13:30:35,828 [main] INFO  http.HttpServer2 (HttpServer2.java:addGlobalFilter(975)) - Added global filter 'safety' (class=org.apache.hadoop.http.HttpServer2$QuotingInputFilter)
2019-09-17 13:30:35,828 [main] INFO  http.HttpServer2 (HttpServer2.java:addFilter(948)) - Added filter static_user_filter (class=org.apache.hadoop.http.lib.StaticUserWebFilter$StaticUserFilter) to context hddsDatanode
2019-09-17 13:30:35,829 [main] INFO  http.HttpServer2 (HttpServer2.java:addFilter(958)) - Added filter static_user_filter (class=org.apache.hadoop.http.lib.StaticUserWebFilter$StaticUserFilter) to context logs
2019-09-17 13:30:35,829 [main] INFO  http.HttpServer2 (HttpServer2.java:addFilter(958)) - Added filter static_user_filter (class=org.apache.hadoop.http.lib.StaticUserWebFilter$StaticUserFilter) to context static
2019-09-17 13:30:35,830 [main] INFO  http.HttpServer2 (HttpServer2.java:bindListener(1191)) - Jetty bound to port 41343
2019-09-17 13:30:35,830 [main] INFO  server.Server (Server.java:doStart(351)) - jetty-9.3.24.v20180605, build timestamp: 2018-06-05T17:11:56Z, git hash: 84205aa28f11a4f31f2a3b86d1bba2cc8ab69827
2019-09-17 13:30:35,832 [main] INFO  handler.ContextHandler (ContextHandler.java:doStart(781)) - Started o.e.j.s.ServletContextHandler@7b8ea1db{/logs,file:///workdir/hadoop-ozone/integration-test/target/log,AVAILABLE}
2019-09-17 13:30:35,832 [main] INFO  handler.ContextHandler (ContextHandler.java:doStart(781)) - Started o.e.j.s.ServletContextHandler@77083e41{/static,jar:file:/home/user/.m2/repository/org/apache/hadoop/hadoop-hdds-container-service/0.5.0-SNAPSHOT/hadoop-hdds-container-service-0.5.0-SNAPSHOT.jar!/webapps/static,AVAILABLE}
2019-09-17 13:30:35,864 [main] INFO  handler.ContextHandler (ContextHandler.java:doStart(781)) - Started o.e.j.w.WebAppContext@68dfda77{/,file:///tmp/jetty-0.0.0.0-41343-hddsDatanode-_-any-1109258034110770685.dir/webapp/,AVAILABLE}{/hddsDatanode}
2019-09-17 13:30:35,865 [main] INFO  server.AbstractConnector (AbstractConnector.java:doStart(278)) - Started ServerConnector@50cdfafa{HTTP/1.1,[http/1.1]}{0.0.0.0:41343}
2019-09-17 13:30:35,867 [main] INFO  server.Server (Server.java:doStart(419)) - Started @283301ms
2019-09-17 13:30:35,867 [main] WARN  impl.MetricsSystemImpl (MetricsSystemImpl.java:register(276)) - Sink prometheus already exists!
2019-09-17 13:30:35,868 [main] INFO  server.BaseHttpServer (BaseHttpServer.java:updateConnectorAddress(215)) - HTTP server of HDDSDATANODE is listening at http://0.0.0.0:41343
2019-09-17 13:30:35,868 [main] INFO  ozone.MiniOzoneClusterImpl (MiniOzoneClusterImpl.java:lambda$waitForClusterToBeReady$0(145)) - Waiting for cluster to be ready. Got 0 of 7 DN Heartbeats.
2019-09-17 13:30:35,869 [org.apache.hadoop.util.JvmPauseMonitor$Monitor@1537bd64] INFO  util.JvmPauseMonitor (JvmPauseMonitor.java:run(188)) - Starting JVM pause monitor
2019-09-17 13:30:35,870 [Datanode State Machine Thread - 0] INFO  datanode.InitDatanodeState (InitDatanodeState.java:persistContainerDatanodeDetails(140)) - DatanodeDetails is persisted to /workdir/hadoop-ozone/integration-test/target/test-dir/MiniOzoneClusterImpl-6ec8a423-e5b5-4811-9e7d-10b5a96c883d/datanode-6/meta/datanode.id
2019-09-17 13:30:36,868 [main] INFO  ozone.MiniOzoneClusterImpl (MiniOzoneClusterImpl.java:lambda$waitForClusterToBeReady$0(145)) - Waiting for cluster to be ready. Got 0 of 7 DN Heartbeats.
2019-09-17 13:30:37,473 [Datanode State Machine Thread - 0] INFO  ozoneimpl.OzoneContainer (OzoneContainer.java:start(217)) - Attempting to start container services.
2019-09-17 13:30:37,473 [Datanode State Machine Thread - 0] INFO  ozoneimpl.OzoneContainer (OzoneContainer.java:startContainerScrub(179)) - Background container scanner has been disabled.
2019-09-17 13:30:37,474 [Datanode State Machine Thread - 0] INFO  ratis.XceiverServerRatis (XceiverServerRatis.java:start(411)) - Starting XceiverServerRatis 667d5039-cff7-442b-b92c-586f8c50661b at port 0
2019-09-17 13:30:37,480 [Datanode State Machine Thread - 0] INFO  impl.RaftServerProxy (RaftServerProxy.java:lambda$start$3(299)) - 667d5039-cff7-442b-b92c-586f8c50661b: start RPC server
2019-09-17 13:30:37,482 [Datanode State Machine Thread - 0] INFO  server.GrpcService (GrpcService.java:startImpl(158)) - 667d5039-cff7-442b-b92c-586f8c50661b: GrpcService started, listening on 0.0.0.0/0.0.0.0:41002
2019-09-17 13:30:37,482 [Datanode State Machine Thread - 0] INFO  ratis.XceiverServerRatis (XceiverServerRatis.java:start(421)) - XceiverServerRatis 667d5039-cff7-442b-b92c-586f8c50661b is started using port 41002
2019-09-17 13:30:37,488 [Datanode State Machine Thread - 0] INFO  server.XceiverServerGrpc (XceiverServerGrpc.java:start(163)) - XceiverServerGrpc 667d5039-cff7-442b-b92c-586f8c50661b is started using port 34013
2019-09-17 13:30:37,532 [Datanode State Machine Thread - 0] INFO  ozoneimpl.OzoneContainer (OzoneContainer.java:start(217)) - Attempting to start container services.
2019-09-17 13:30:37,532 [Datanode State Machine Thread - 0] INFO  ozoneimpl.OzoneContainer (OzoneContainer.java:startContainerScrub(179)) - Background container scanner has been disabled.
2019-09-17 13:30:37,533 [Datanode State Machine Thread - 0] INFO  ratis.XceiverServerRatis (XceiverServerRatis.java:start(411)) - Starting XceiverServerRatis abd190b8-bc88-4846-8ae6-15d81e109cbc at port 0
2019-09-17 13:30:37,542 [Datanode State Machine Thread - 0] INFO  impl.RaftServerProxy (RaftServerProxy.java:lambda$start$3(299)) - abd190b8-bc88-4846-8ae6-15d81e109cbc: start RPC server
2019-09-17 13:30:37,543 [Datanode State Machine Thread - 0] INFO  server.GrpcService (GrpcService.java:startImpl(158)) - abd190b8-bc88-4846-8ae6-15d81e109cbc: GrpcService started, listening on 0.0.0.0/0.0.0.0:34372
2019-09-17 13:30:37,543 [Datanode State Machine Thread - 0] INFO  ratis.XceiverServerRatis (XceiverServerRatis.java:start(421)) - XceiverServerRatis abd190b8-bc88-4846-8ae6-15d81e109cbc is started using port 34372
2019-09-17 13:30:37,544 [Datanode State Machine Thread - 0] INFO  server.XceiverServerGrpc (XceiverServerGrpc.java:start(163)) - XceiverServerGrpc abd190b8-bc88-4846-8ae6-15d81e109cbc is started using port 40807
2019-09-17 13:30:37,593 [Datanode State Machine Thread - 0] INFO  ozoneimpl.OzoneContainer (OzoneContainer.java:start(217)) - Attempting to start container services.
2019-09-17 13:30:37,594 [Datanode State Machine Thread - 0] INFO  ozoneimpl.OzoneContainer (OzoneContainer.java:startContainerScrub(179)) - Background container scanner has been disabled.
2019-09-17 13:30:37,594 [Datanode State Machine Thread - 0] INFO  ratis.XceiverServerRatis (XceiverServerRatis.java:start(411)) - Starting XceiverServerRatis 8cb68ac8-476f-4178-85b4-80a569ebfe96 at port 0
2019-09-17 13:30:37,600 [Datanode State Machine Thread - 0] INFO  impl.RaftServerProxy (RaftServerProxy.java:lambda$start$3(299)) - 8cb68ac8-476f-4178-85b4-80a569ebfe96: start RPC server
2019-09-17 13:30:37,601 [Datanode State Machine Thread - 0] INFO  server.GrpcService (GrpcService.java:startImpl(158)) - 8cb68ac8-476f-4178-85b4-80a569ebfe96: GrpcService started, listening on 0.0.0.0/0.0.0.0:42464
2019-09-17 13:30:37,601 [Datanode State Machine Thread - 0] INFO  ratis.XceiverServerRatis (XceiverServerRatis.java:start(421)) - XceiverServerRatis 8cb68ac8-476f-4178-85b4-80a569ebfe96 is started using port 42464
2019-09-17 13:30:37,603 [Datanode State Machine Thread - 0] INFO  server.XceiverServerGrpc (XceiverServerGrpc.java:start(163)) - XceiverServerGrpc 8cb68ac8-476f-4178-85b4-80a569ebfe96 is started using port 38832
2019-09-17 13:30:37,655 [Datanode State Machine Thread - 0] INFO  ozoneimpl.OzoneContainer (OzoneContainer.java:start(217)) - Attempting to start container services.
2019-09-17 13:30:37,656 [Datanode State Machine Thread - 0] INFO  ozoneimpl.OzoneContainer (OzoneContainer.java:startContainerScrub(179)) - Background container scanner has been disabled.
2019-09-17 13:30:37,656 [Datanode State Machine Thread - 0] INFO  ratis.XceiverServerRatis (XceiverServerRatis.java:start(411)) - Starting XceiverServerRatis a81a690c-2132-40d9-88d0-9c9c8dde2df6 at port 0
2019-09-17 13:30:37,663 [Datanode State Machine Thread - 0] INFO  impl.RaftServerProxy (RaftServerProxy.java:lambda$start$3(299)) - a81a690c-2132-40d9-88d0-9c9c8dde2df6: start RPC server
2019-09-17 13:30:37,664 [Datanode State Machine Thread - 0] INFO  server.GrpcService (GrpcService.java:startImpl(158)) - a81a690c-2132-40d9-88d0-9c9c8dde2df6: GrpcService started, listening on 0.0.0.0/0.0.0.0:38556
2019-09-17 13:30:37,665 [Datanode State Machine Thread - 0] INFO  ratis.XceiverServerRatis (XceiverServerRatis.java:start(421)) - XceiverServerRatis a81a690c-2132-40d9-88d0-9c9c8dde2df6 is started using port 38556
2019-09-17 13:30:37,665 [Datanode State Machine Thread - 0] INFO  server.XceiverServerGrpc (XceiverServerGrpc.java:start(163)) - XceiverServerGrpc a81a690c-2132-40d9-88d0-9c9c8dde2df6 is started using port 45679
2019-09-17 13:30:37,731 [Datanode State Machine Thread - 0] INFO  ozoneimpl.OzoneContainer (OzoneContainer.java:start(217)) - Attempting to start container services.
2019-09-17 13:30:37,731 [Datanode State Machine Thread - 0] INFO  ozoneimpl.OzoneContainer (OzoneContainer.java:startContainerScrub(179)) - Background container scanner has been disabled.
2019-09-17 13:30:37,731 [Datanode State Machine Thread - 0] INFO  ratis.XceiverServerRatis (XceiverServerRatis.java:start(411)) - Starting XceiverServerRatis 907b1d85-921a-4b54-95cf-3b6d265b7708 at port 0
2019-09-17 13:30:37,739 [Datanode State Machine Thread - 0] INFO  impl.RaftServerProxy (RaftServerProxy.java:lambda$start$3(299)) - 907b1d85-921a-4b54-95cf-3b6d265b7708: start RPC server
2019-09-17 13:30:37,740 [Datanode State Machine Thread - 0] INFO  server.GrpcService (GrpcService.java:startImpl(158)) - 907b1d85-921a-4b54-95cf-3b6d265b7708: GrpcService started, listening on 0.0.0.0/0.0.0.0:41150
2019-09-17 13:30:37,740 [Datanode State Machine Thread - 0] INFO  ratis.XceiverServerRatis (XceiverServerRatis.java:start(421)) - XceiverServerRatis 907b1d85-921a-4b54-95cf-3b6d265b7708 is started using port 41150
2019-09-17 13:30:37,740 [Datanode State Machine Thread - 0] INFO  server.XceiverServerGrpc (XceiverServerGrpc.java:start(163)) - XceiverServerGrpc 907b1d85-921a-4b54-95cf-3b6d265b7708 is started using port 44948
2019-09-17 13:30:37,801 [Datanode State Machine Thread - 0] INFO  ozoneimpl.OzoneContainer (OzoneContainer.java:start(217)) - Attempting to start container services.
2019-09-17 13:30:37,801 [Datanode State Machine Thread - 0] INFO  ozoneimpl.OzoneContainer (OzoneContainer.java:startContainerScrub(179)) - Background container scanner has been disabled.
2019-09-17 13:30:37,802 [Datanode State Machine Thread - 0] INFO  ratis.XceiverServerRatis (XceiverServerRatis.java:start(411)) - Starting XceiverServerRatis d934695d-6e14-4458-a381-4bb9e1464b13 at port 0
2019-09-17 13:30:37,809 [Datanode State Machine Thread - 0] INFO  impl.RaftServerProxy (RaftServerProxy.java:lambda$start$3(299)) - d934695d-6e14-4458-a381-4bb9e1464b13: start RPC server
2019-09-17 13:30:37,825 [Datanode State Machine Thread - 0] INFO  server.GrpcService (GrpcService.java:startImpl(158)) - d934695d-6e14-4458-a381-4bb9e1464b13: GrpcService started, listening on 0.0.0.0/0.0.0.0:40027
2019-09-17 13:30:37,825 [Datanode State Machine Thread - 0] INFO  ratis.XceiverServerRatis (XceiverServerRatis.java:start(421)) - XceiverServerRatis d934695d-6e14-4458-a381-4bb9e1464b13 is started using port 40027
2019-09-17 13:30:37,826 [Datanode State Machine Thread - 0] INFO  server.XceiverServerGrpc (XceiverServerGrpc.java:start(163)) - XceiverServerGrpc d934695d-6e14-4458-a381-4bb9e1464b13 is started using port 33957
2019-09-17 13:30:37,869 [main] INFO  ozone.MiniOzoneClusterImpl (MiniOzoneClusterImpl.java:lambda$waitForClusterToBeReady$0(145)) - Waiting for cluster to be ready. Got 0 of 7 DN Heartbeats.
2019-09-17 13:30:37,883 [Datanode State Machine Thread - 0] INFO  ozoneimpl.OzoneContainer (OzoneContainer.java:start(217)) - Attempting to start container services.
2019-09-17 13:30:37,884 [Datanode State Machine Thread - 0] INFO  ozoneimpl.OzoneContainer (OzoneContainer.java:startContainerScrub(179)) - Background container scanner has been disabled.
2019-09-17 13:30:37,884 [Datanode State Machine Thread - 0] INFO  ratis.XceiverServerRatis (XceiverServerRatis.java:start(411)) - Starting XceiverServerRatis 3e8e93f3-d5b1-4ac2-a4b4-f44228f27350 at port 0
2019-09-17 13:30:37,890 [Datanode State Machine Thread - 0] INFO  impl.RaftServerProxy (RaftServerProxy.java:lambda$start$3(299)) - 3e8e93f3-d5b1-4ac2-a4b4-f44228f27350: start RPC server
2019-09-17 13:30:37,899 [Datanode State Machine Thread - 0] INFO  server.GrpcService (GrpcService.java:startImpl(158)) - 3e8e93f3-d5b1-4ac2-a4b4-f44228f27350: GrpcService started, listening on 0.0.0.0/0.0.0.0:40359
2019-09-17 13:30:37,900 [Datanode State Machine Thread - 0] INFO  ratis.XceiverServerRatis (XceiverServerRatis.java:start(421)) - XceiverServerRatis 3e8e93f3-d5b1-4ac2-a4b4-f44228f27350 is started using port 40359
2019-09-17 13:30:37,900 [Datanode State Machine Thread - 0] INFO  server.XceiverServerGrpc (XceiverServerGrpc.java:start(163)) - XceiverServerGrpc 3e8e93f3-d5b1-4ac2-a4b4-f44228f27350 is started using port 36945
2019-09-17 13:30:38,870 [main] INFO  ozone.MiniOzoneClusterImpl (MiniOzoneClusterImpl.java:lambda$waitForClusterToBeReady$0(145)) - Waiting for cluster to be ready. Got 0 of 7 DN Heartbeats.
2019-09-17 13:30:39,457 [IPC Server handler 0 on 38425] INFO  net.NetworkTopology (NetworkTopologyImpl.java:add(111)) - Added a new node: /default-rack/667d5039-cff7-442b-b92c-586f8c50661b
2019-09-17 13:30:39,460 [IPC Server handler 0 on 38425] INFO  node.SCMNodeManager (SCMNodeManager.java:register(266)) - Registered Data node : 667d5039-cff7-442b-b92c-586f8c50661b{ip: 192.168.34.33, host: pr-hdds-2142-clczg-3805722443, networkLocation: /default-rack, certSerialId: null}
2019-09-17 13:30:39,461 [EventQueue-NodeRegistrationContainerReportForDataNodeSafeModeRule] INFO  safemode.SCMSafeModeManager (DataNodeSafeModeRule.java:process(71)) - SCM in safe mode. 1 DataNodes registered, 1 required.
2019-09-17 13:30:39,464 [EventQueue-NodeRegistrationContainerReportForDataNodeSafeModeRule] INFO  safemode.SCMSafeModeManager (SCMSafeModeManager.java:validateSafeModeExitRules(177)) - ScmSafeModeManager, all rules are successfully validated
2019-09-17 13:30:39,464 [EventQueue-NodeRegistrationContainerReportForDataNodeSafeModeRule] INFO  safemode.SCMSafeModeManager (SCMSafeModeManager.java:exitSafeMode(193)) - SCM exiting safe mode.
2019-09-17 13:30:39,474 [grpc-default-executor-9] INFO  impl.RaftServerProxy (RaftServerProxy.java:addNew(89)) - 667d5039-cff7-442b-b92c-586f8c50661b: addNew group-6F418F1C0581:[667d5039-cff7-442b-b92c-586f8c50661b:192.168.34.33:41002] returns group-6F418F1C0581:java.util.concurrent.CompletableFuture@b2a0e05[Not completed]
2019-09-17 13:30:39,476 [pool-383-thread-1] INFO  impl.RaftServerImpl (RaftServerImpl.java:<init>(95)) - 667d5039-cff7-442b-b92c-586f8c50661b: new RaftServerImpl for group-6F418F1C0581:[667d5039-cff7-442b-b92c-586f8c50661b:192.168.34.33:41002] with ContainerStateMachine:uninitialized
2019-09-17 13:30:39,476 [pool-383-thread-1] INFO  server.RaftServerConfigKeys (ConfUtils.java:logGet(43)) - raft.server.rpc.timeout.min = 5s (custom)
2019-09-17 13:30:39,476 [pool-383-thread-1] INFO  server.RaftServerConfigKeys (ConfUtils.java:logGet(43)) - raft.server.rpc.timeout.max = 5200ms (custom)
2019-09-17 13:30:39,476 [pool-383-thread-1] INFO  server.RaftServerConfigKeys (ConfUtils.java:logGet(43)) - raft.server.rpcslowness.timeout = 120s (custom)
2019-09-17 13:30:39,476 [pool-383-thread-1] INFO  server.RaftServerConfigKeys (ConfUtils.java:logGet(43)) - raft.server.sleep.deviation.threshold = 300 (default)
2019-09-17 13:30:39,476 [pool-383-thread-1] INFO  server.RaftServerConfigKeys (ConfUtils.java:logGet(43)) - raft.server.log.appender.install.snapshot.enabled = false (custom)
2019-09-17 13:30:39,477 [pool-383-thread-1] INFO  impl.RaftServerImpl (ServerState.java:<init>(103)) - 667d5039-cff7-442b-b92c-586f8c50661b@group-6F418F1C0581: ConfigurationManager, init=-1: [667d5039-cff7-442b-b92c-586f8c50661b:192.168.34.33:41002], old=null, confs=<EMPTY_MAP>
2019-09-17 13:30:39,477 [pool-383-thread-1] INFO  server.RaftServerConfigKeys (ConfUtils.java:logGet(43)) - raft.server.storage.dir = [/workdir/hadoop-ozone/integration-test/target/test-dir/MiniOzoneClusterImpl-6ec8a423-e5b5-4811-9e7d-10b5a96c883d/datanode-0/data/ratis] (custom)
2019-09-17 13:30:39,477 [pool-383-thread-1] INFO  storage.RaftStorageDirectory (RaftStorageDirectory.java:analyzeStorage(246)) - The storage directory /workdir/hadoop-ozone/integration-test/target/test-dir/MiniOzoneClusterImpl-6ec8a423-e5b5-4811-9e7d-10b5a96c883d/datanode-0/data/ratis/5cd052ec-f829-484c-b1d8-6f418f1c0581 does not exist. Creating ...
2019-09-17 13:30:39,490 [pool-383-thread-1] INFO  storage.RaftStorageDirectory (RaftStorageDirectory.java:tryLock(328)) - Lock on /workdir/hadoop-ozone/integration-test/target/test-dir/MiniOzoneClusterImpl-6ec8a423-e5b5-4811-9e7d-10b5a96c883d/datanode-0/data/ratis/5cd052ec-f829-484c-b1d8-6f418f1c0581/in_use.lock acquired by nodename 6366@pr-hdds-2142-clczg-3805722443
2019-09-17 13:30:39,503 [pool-383-thread-1] INFO  storage.RaftStorage (RaftStorage.java:format(72)) - Storage directory /workdir/hadoop-ozone/integration-test/target/test-dir/MiniOzoneClusterImpl-6ec8a423-e5b5-4811-9e7d-10b5a96c883d/datanode-0/data/ratis/5cd052ec-f829-484c-b1d8-6f418f1c0581 has been successfully formatted.
2019-09-17 13:30:39,504 [pool-383-thread-1] INFO  ratis.ContainerStateMachine (ContainerStateMachine.java:loadSnapshot(230)) - group-6F418F1C0581: The snapshot info is null. Setting the last applied indexto:(t:0, i:~)
2019-09-17 13:30:39,504 [pool-383-thread-1] INFO  server.RaftServerConfigKeys (ConfUtils.java:logGet(43)) - raft.server.notification.no-leader.timeout = 120s (custom)
2019-09-17 13:30:39,504 [pool-383-thread-1] INFO  server.RaftServerConfigKeys (ConfUtils.java:logGet(43)) - raft.server.log.use.memory = false (default)
2019-09-17 13:30:39,504 [pool-383-thread-1] INFO  server.RaftServerConfigKeys (ConfUtils.java:logGet(43)) - raft.server.log.purge.gap = 1000000 (custom)
2019-09-17 13:30:39,504 [pool-383-thread-1] INFO  server.RaftServerConfigKeys (ConfUtils.java:logGet(43)) - raft.server.log.appender.buffer.byte-limit = 33554432 (custom)
2019-09-17 13:30:39,504 [pool-383-thread-1] INFO  server.RaftServerConfigKeys (ConfUtils.java:logGet(43)) - raft.server.log.segment.size.max = 1048576 (custom)
2019-09-17 13:30:39,504 [pool-383-thread-1] INFO  server.RaftServerConfigKeys (ConfUtils.java:logGet(43)) - raft.server.log.segment.cache.num.max = 2 (custom)
2019-09-17 13:30:39,504 [pool-383-thread-1] INFO  segmented.SegmentedRaftLogWorker (SegmentedRaftLogWorker.java:<init>(172)) - new 667d5039-cff7-442b-b92c-586f8c50661b@group-6F418F1C0581-SegmentedRaftLogWorker for RaftStorage:Storage Directory /workdir/hadoop-ozone/integration-test/target/test-dir/MiniOzoneClusterImpl-6ec8a423-e5b5-4811-9e7d-10b5a96c883d/datanode-0/data/ratis/5cd052ec-f829-484c-b1d8-6f418f1c0581
2019-09-17 13:30:39,506 [pool-383-thread-1] INFO  server.RaftServerConfigKeys (ConfUtils.java:logGet(43)) - raft.server.log.queue.byte-limit = 2147483647 (custom)
2019-09-17 13:30:39,506 [pool-383-thread-1] INFO  server.RaftServerConfigKeys (ConfUtils.java:logGet(43)) - raft.server.log.queue.element-limit = 1024 (custom)
2019-09-17 13:30:39,506 [pool-383-thread-1] INFO  server.RaftServerConfigKeys (ConfUtils.java:logGet(43)) - raft.server.log.segment.size.max = 1048576 (custom)
2019-09-17 13:30:39,506 [pool-383-thread-1] INFO  server.RaftServerConfigKeys (ConfUtils.java:logGet(43)) - raft.server.log.preallocated.size = 16384 (custom)
2019-09-17 13:30:39,506 [pool-383-thread-1] INFO  server.RaftServerConfigKeys (ConfUtils.java:logGet(43)) - raft.server.log.write.buffer.size = 33554432 (custom)
2019-09-17 13:30:39,507 [pool-383-thread-1] INFO  server.RaftServerConfigKeys (ConfUtils.java:logGet(43)) - raft.server.log.force.sync.num = 128 (default)
2019-09-17 13:30:39,507 [pool-383-thread-1] INFO  server.RaftServerConfigKeys (ConfUtils.java:logGet(43)) - raft.server.log.statemachine.data.sync = true (default)
2019-09-17 13:30:39,507 [pool-383-thread-1] INFO  server.RaftServerConfigKeys (ConfUtils.java:logGet(43)) - raft.server.log.statemachine.data.sync.timeout = 10s (default)
2019-09-17 13:30:39,507 [pool-383-thread-1] INFO  server.RaftServerConfigKeys (ConfUtils.java:logGet(43)) - raft.server.log.statemachine.data.sync.timeout.retry = -1 (default)
2019-09-17 13:30:39,507 [pool-383-thread-1] INFO  server.RaftServerConfigKeys (ConfUtils.java:logGet(43)) - raft.server.log.statemachine.data.caching.enabled = true (custom)
2019-09-17 13:30:39,508 [pool-383-thread-1] INFO  segmented.SegmentedRaftLogWorker (SegmentedRaftLogWorker.java:lambda$new$0(132)) - 667d5039-cff7-442b-b92c-586f8c50661b@group-6F418F1C0581-SegmentedRaftLogWorker: flushIndex: setUnconditionally 0 -> -1
2019-09-17 13:30:39,508 [pool-383-thread-1] INFO  server.RaftServerConfigKeys (ConfUtils.java:logGet(43)) - raft.server.snapshot.auto.trigger.enabled = true (custom)
2019-09-17 13:30:39,508 [pool-383-thread-1] INFO  server.RaftServerConfigKeys (ConfUtils.java:logGet(43)) - raft.server.snapshot.auto.trigger.threshold = 10000 (custom)
2019-09-17 13:30:39,508 [pool-383-thread-1] INFO  server.RaftServerConfigKeys (ConfUtils.java:logGet(43)) - raft.server.snapshot.retention.num.files = 5 (custom)
2019-09-17 13:30:39,508 [pool-383-thread-1] INFO  server.RaftServerConfigKeys (ConfUtils.java:logGet(43)) - raft.server.retrycache.expirytime = 600000ms (custom)
2019-09-17 13:30:39,510 [pool-383-thread-1] INFO  impl.RaftServerImpl (RaftServerImpl.java:start(185)) - 667d5039-cff7-442b-b92c-586f8c50661b@group-6F418F1C0581: start as a follower, conf=-1: [667d5039-cff7-442b-b92c-586f8c50661b:192.168.34.33:41002], old=null
2019-09-17 13:30:39,510 [pool-383-thread-1] INFO  impl.RaftServerImpl (RaftServerImpl.java:setRole(174)) - 667d5039-cff7-442b-b92c-586f8c50661b@group-6F418F1C0581: changes role from      null to FOLLOWER at term 0 for startAsFollower
2019-09-17 13:30:39,510 [pool-383-thread-1] INFO  impl.RoleInfo (RoleInfo.java:updateAndGet(143)) - 667d5039-cff7-442b-b92c-586f8c50661b: start FollowerState
2019-09-17 13:30:39,511 [pool-383-thread-1] INFO  util.JmxRegister (JmxRegister.java:tryRegister(44)) - Successfully registered JMX Bean with object name Ratis:service=RaftServer,group=group-6F418F1C0581,id=667d5039-cff7-442b-b92c-586f8c50661b
2019-09-17 13:30:39,513 [RatisPipelineUtilsThread] INFO  pipeline.PipelineStateManager (PipelineStateManager.java:addPipeline(56)) - Created pipeline Pipeline[ Id: 5cd052ec-f829-484c-b1d8-6f418f1c0581, Nodes: 667d5039-cff7-442b-b92c-586f8c50661b{ip: 192.168.34.33, host: pr-hdds-2142-clczg-3805722443, networkLocation: /default-rack, certSerialId: null}, Type:RATIS, Factor:ONE, State:OPEN]
2019-09-17 13:30:39,517 [IPC Server handler 5 on 38425] INFO  net.NetworkTopology (NetworkTopologyImpl.java:add(111)) - Added a new node: /default-rack/abd190b8-bc88-4846-8ae6-15d81e109cbc
2019-09-17 13:30:39,517 [IPC Server handler 5 on 38425] INFO  node.SCMNodeManager (SCMNodeManager.java:register(266)) - Registered Data node : abd190b8-bc88-4846-8ae6-15d81e109cbc{ip: 192.168.34.33, host: pr-hdds-2142-clczg-3805722443, networkLocation: /default-rack, certSerialId: null}
2019-09-17 13:30:39,523 [grpc-default-executor-9] INFO  impl.RaftServerProxy (RaftServerProxy.java:addNew(89)) - abd190b8-bc88-4846-8ae6-15d81e109cbc: addNew group-BF4D2533DAF5:[abd190b8-bc88-4846-8ae6-15d81e109cbc:192.168.34.33:34372] returns group-BF4D2533DAF5:java.util.concurrent.CompletableFuture@44c39ea5[Not completed]
2019-09-17 13:30:39,525 [pool-393-thread-1] INFO  impl.RaftServerImpl (RaftServerImpl.java:<init>(95)) - abd190b8-bc88-4846-8ae6-15d81e109cbc: new RaftServerImpl for group-BF4D2533DAF5:[abd190b8-bc88-4846-8ae6-15d81e109cbc:192.168.34.33:34372] with ContainerStateMachine:uninitialized
2019-09-17 13:30:39,525 [pool-393-thread-1] INFO  server.RaftServerConfigKeys (ConfUtils.java:logGet(43)) - raft.server.rpc.timeout.min = 5s (custom)
2019-09-17 13:30:39,525 [pool-393-thread-1] INFO  server.RaftServerConfigKeys (ConfUtils.java:logGet(43)) - raft.server.rpc.timeout.max = 5200ms (custom)
2019-09-17 13:30:39,525 [pool-393-thread-1] INFO  server.RaftServerConfigKeys (ConfUtils.java:logGet(43)) - raft.server.rpcslowness.timeout = 120s (custom)
2019-09-17 13:30:39,525 [pool-393-thread-1] INFO  server.RaftServerConfigKeys (ConfUtils.java:logGet(43)) - raft.server.sleep.deviation.threshold = 300 (default)
2019-09-17 13:30:39,526 [pool-393-thread-1] INFO  server.RaftServerConfigKeys (ConfUtils.java:logGet(43)) - raft.server.log.appender.install.snapshot.enabled = false (custom)
2019-09-17 13:30:39,526 [pool-393-thread-1] INFO  impl.RaftServerImpl (ServerState.java:<init>(103)) - abd190b8-bc88-4846-8ae6-15d81e109cbc@group-BF4D2533DAF5: ConfigurationManager, init=-1: [abd190b8-bc88-4846-8ae6-15d81e109cbc:192.168.34.33:34372], old=null, confs=<EMPTY_MAP>
2019-09-17 13:30:39,526 [pool-393-thread-1] INFO  server.RaftServerConfigKeys (ConfUtils.java:logGet(43)) - raft.server.storage.dir = [/workdir/hadoop-ozone/integration-test/target/test-dir/MiniOzoneClusterImpl-6ec8a423-e5b5-4811-9e7d-10b5a96c883d/datanode-1/data/ratis] (custom)
2019-09-17 13:30:39,526 [pool-393-thread-1] INFO  storage.RaftStorageDirectory (RaftStorageDirectory.java:analyzeStorage(246)) - The storage directory /workdir/hadoop-ozone/integration-test/target/test-dir/MiniOzoneClusterImpl-6ec8a423-e5b5-4811-9e7d-10b5a96c883d/datanode-1/data/ratis/f978486f-d249-44d5-b415-bf4d2533daf5 does not exist. Creating ...
2019-09-17 13:30:39,540 [pool-393-thread-1] INFO  storage.RaftStorageDirectory (RaftStorageDirectory.java:tryLock(328)) - Lock on /workdir/hadoop-ozone/integration-test/target/test-dir/MiniOzoneClusterImpl-6ec8a423-e5b5-4811-9e7d-10b5a96c883d/datanode-1/data/ratis/f978486f-d249-44d5-b415-bf4d2533daf5/in_use.lock acquired by nodename 6366@pr-hdds-2142-clczg-3805722443
2019-09-17 13:30:39,553 [pool-393-thread-1] INFO  storage.RaftStorage (RaftStorage.java:format(72)) - Storage directory /workdir/hadoop-ozone/integration-test/target/test-dir/MiniOzoneClusterImpl-6ec8a423-e5b5-4811-9e7d-10b5a96c883d/datanode-1/data/ratis/f978486f-d249-44d5-b415-bf4d2533daf5 has been successfully formatted.
2019-09-17 13:30:39,553 [pool-393-thread-1] INFO  ratis.ContainerStateMachine (ContainerStateMachine.java:loadSnapshot(230)) - group-BF4D2533DAF5: The snapshot info is null. Setting the last applied indexto:(t:0, i:~)
2019-09-17 13:30:39,554 [pool-393-thread-1] INFO  server.RaftServerConfigKeys (ConfUtils.java:logGet(43)) - raft.server.notification.no-leader.timeout = 120s (custom)
2019-09-17 13:30:39,554 [pool-393-thread-1] INFO  server.RaftServerConfigKeys (ConfUtils.java:logGet(43)) - raft.server.log.use.memory = false (default)
2019-09-17 13:30:39,554 [pool-393-thread-1] INFO  server.RaftServerConfigKeys (ConfUtils.java:logGet(43)) - raft.server.log.purge.gap = 1000000 (custom)
2019-09-17 13:30:39,554 [pool-393-thread-1] INFO  server.RaftServerConfigKeys (ConfUtils.java:logGet(43)) - raft.server.log.appender.buffer.byte-limit = 33554432 (custom)
2019-09-17 13:30:39,554 [pool-393-thread-1] INFO  server.RaftServerConfigKeys (ConfUtils.java:logGet(43)) - raft.server.log.segment.size.max = 1048576 (custom)
2019-09-17 13:30:39,554 [pool-393-thread-1] INFO  server.RaftServerConfigKeys (ConfUtils.java:logGet(43)) - raft.server.log.segment.cache.num.max = 2 (custom)
2019-09-17 13:30:39,554 [pool-393-thread-1] INFO  segmented.SegmentedRaftLogWorker (SegmentedRaftLogWorker.java:<init>(172)) - new abd190b8-bc88-4846-8ae6-15d81e109cbc@group-BF4D2533DAF5-SegmentedRaftLogWorker for RaftStorage:Storage Directory /workdir/hadoop-ozone/integration-test/target/test-dir/MiniOzoneClusterImpl-6ec8a423-e5b5-4811-9e7d-10b5a96c883d/datanode-1/data/ratis/f978486f-d249-44d5-b415-bf4d2533daf5
2019-09-17 13:30:39,556 [pool-393-thread-1] INFO  server.RaftServerConfigKeys (ConfUtils.java:logGet(43)) - raft.server.log.queue.byte-limit = 2147483647 (custom)
2019-09-17 13:30:39,556 [pool-393-thread-1] INFO  server.RaftServerConfigKeys (ConfUtils.java:logGet(43)) - raft.server.log.queue.element-limit = 1024 (custom)
2019-09-17 13:30:39,556 [pool-393-thread-1] INFO  server.RaftServerConfigKeys (ConfUtils.java:logGet(43)) - raft.server.log.segment.size.max = 1048576 (custom)
2019-09-17 13:30:39,556 [pool-393-thread-1] INFO  server.RaftServerConfigKeys (ConfUtils.java:logGet(43)) - raft.server.log.preallocated.size = 16384 (custom)
2019-09-17 13:30:39,557 [pool-393-thread-1] INFO  server.RaftServerConfigKeys (ConfUtils.java:logGet(43)) - raft.server.log.write.buffer.size = 33554432 (custom)
2019-09-17 13:30:39,557 [pool-393-thread-1] INFO  server.RaftServerConfigKeys (ConfUtils.java:logGet(43)) - raft.server.log.force.sync.num = 128 (default)
2019-09-17 13:30:39,557 [pool-393-thread-1] INFO  server.RaftServerConfigKeys (ConfUtils.java:logGet(43)) - raft.server.log.statemachine.data.sync = true (default)
2019-09-17 13:30:39,557 [pool-393-thread-1] INFO  server.RaftServerConfigKeys (ConfUtils.java:logGet(43)) - raft.server.log.statemachine.data.sync.timeout = 10s (default)
2019-09-17 13:30:39,557 [pool-393-thread-1] INFO  server.RaftServerConfigKeys (ConfUtils.java:logGet(43)) - raft.server.log.statemachine.data.sync.timeout.retry = -1 (default)
2019-09-17 13:30:39,557 [pool-393-thread-1] INFO  server.RaftServerConfigKeys (ConfUtils.java:logGet(43)) - raft.server.log.statemachine.data.caching.enabled = true (custom)
2019-09-17 13:30:39,558 [pool-393-thread-1] INFO  segmented.SegmentedRaftLogWorker (SegmentedRaftLogWorker.java:lambda$new$0(132)) - abd190b8-bc88-4846-8ae6-15d81e109cbc@group-BF4D2533DAF5-SegmentedRaftLogWorker: flushIndex: setUnconditionally 0 -> -1
2019-09-17 13:30:39,558 [pool-393-thread-1] INFO  server.RaftServerConfigKeys (ConfUtils.java:logGet(43)) - raft.server.snapshot.auto.trigger.enabled = true (custom)
2019-09-17 13:30:39,558 [pool-393-thread-1] INFO  server.RaftServerConfigKeys (ConfUtils.java:logGet(43)) - raft.server.snapshot.auto.trigger.threshold = 10000 (custom)
2019-09-17 13:30:39,558 [pool-393-thread-1] INFO  server.RaftServerConfigKeys (ConfUtils.java:logGet(43)) - raft.server.snapshot.retention.num.files = 5 (custom)
2019-09-17 13:30:39,558 [pool-393-thread-1] INFO  server.RaftServerConfigKeys (ConfUtils.java:logGet(43)) - raft.server.retrycache.expirytime = 600000ms (custom)
2019-09-17 13:30:39,560 [pool-393-thread-1] INFO  impl.RaftServerImpl (RaftServerImpl.java:start(185)) - abd190b8-bc88-4846-8ae6-15d81e109cbc@group-BF4D2533DAF5: start as a follower, conf=-1: [abd190b8-bc88-4846-8ae6-15d81e109cbc:192.168.34.33:34372], old=null
2019-09-17 13:30:39,560 [pool-393-thread-1] INFO  impl.RaftServerImpl (RaftServerImpl.java:setRole(174)) - abd190b8-bc88-4846-8ae6-15d81e109cbc@group-BF4D2533DAF5: changes role from      null to FOLLOWER at term 0 for startAsFollower
2019-09-17 13:30:39,560 [pool-393-thread-1] INFO  impl.RoleInfo (RoleInfo.java:updateAndGet(143)) - abd190b8-bc88-4846-8ae6-15d81e109cbc: start FollowerState
2019-09-17 13:30:39,560 [pool-393-thread-1] INFO  util.JmxRegister (JmxRegister.java:tryRegister(44)) - Successfully registered JMX Bean with object name Ratis:service=RaftServer,group=group-BF4D2533DAF5,id=abd190b8-bc88-4846-8ae6-15d81e109cbc
2019-09-17 13:30:39,562 [RatisPipelineUtilsThread] INFO  pipeline.PipelineStateManager (PipelineStateManager.java:addPipeline(56)) - Created pipeline Pipeline[ Id: f978486f-d249-44d5-b415-bf4d2533daf5, Nodes: abd190b8-bc88-4846-8ae6-15d81e109cbc{ip: 192.168.34.33, host: pr-hdds-2142-clczg-3805722443, networkLocation: /default-rack, certSerialId: null}, Type:RATIS, Factor:ONE, State:OPEN]
2019-09-17 13:30:39,580 [IPC Server handler 6 on 38425] INFO  net.NetworkTopology (NetworkTopologyImpl.java:add(111)) - Added a new node: /default-rack/8cb68ac8-476f-4178-85b4-80a569ebfe96
2019-09-17 13:30:39,581 [IPC Server handler 6 on 38425] INFO  node.SCMNodeManager (SCMNodeManager.java:register(266)) - Registered Data node : 8cb68ac8-476f-4178-85b4-80a569ebfe96{ip: 192.168.34.33, host: pr-hdds-2142-clczg-3805722443, networkLocation: /default-rack, certSerialId: null}
2019-09-17 13:30:39,586 [grpc-default-executor-9] INFO  impl.RaftServerProxy (RaftServerProxy.java:addNew(89)) - 8cb68ac8-476f-4178-85b4-80a569ebfe96: addNew group-51420AD850A4:[8cb68ac8-476f-4178-85b4-80a569ebfe96:192.168.34.33:42464] returns group-51420AD850A4:java.util.concurrent.CompletableFuture@17d86ce1[Not completed]
2019-09-17 13:30:39,587 [pool-403-thread-1] INFO  impl.RaftServerImpl (RaftServerImpl.java:<init>(95)) - 8cb68ac8-476f-4178-85b4-80a569ebfe96: new RaftServerImpl for group-51420AD850A4:[8cb68ac8-476f-4178-85b4-80a569ebfe96:192.168.34.33:42464] with ContainerStateMachine:uninitialized
2019-09-17 13:30:39,587 [pool-403-thread-1] INFO  server.RaftServerConfigKeys (ConfUtils.java:logGet(43)) - raft.server.rpc.timeout.min = 5s (custom)
2019-09-17 13:30:39,587 [pool-403-thread-1] INFO  server.RaftServerConfigKeys (ConfUtils.java:logGet(43)) - raft.server.rpc.timeout.max = 5200ms (custom)
2019-09-17 13:30:39,587 [pool-403-thread-1] INFO  server.RaftServerConfigKeys (ConfUtils.java:logGet(43)) - raft.server.rpcslowness.timeout = 120s (custom)
2019-09-17 13:30:39,587 [pool-403-thread-1] INFO  server.RaftServerConfigKeys (ConfUtils.java:logGet(43)) - raft.server.sleep.deviation.threshold = 300 (default)
2019-09-17 13:30:39,587 [pool-403-thread-1] INFO  server.RaftServerConfigKeys (ConfUtils.java:logGet(43)) - raft.server.log.appender.install.snapshot.enabled = false (custom)
2019-09-17 13:30:39,588 [pool-403-thread-1] INFO  impl.RaftServerImpl (ServerState.java:<init>(103)) - 8cb68ac8-476f-4178-85b4-80a569ebfe96@group-51420AD850A4: ConfigurationManager, init=-1: [8cb68ac8-476f-4178-85b4-80a569ebfe96:192.168.34.33:42464], old=null, confs=<EMPTY_MAP>
2019-09-17 13:30:39,588 [pool-403-thread-1] INFO  server.RaftServerConfigKeys (ConfUtils.java:logGet(43)) - raft.server.storage.dir = [/workdir/hadoop-ozone/integration-test/target/test-dir/MiniOzoneClusterImpl-6ec8a423-e5b5-4811-9e7d-10b5a96c883d/datanode-2/data/ratis] (custom)
2019-09-17 13:30:39,588 [pool-403-thread-1] INFO  storage.RaftStorageDirectory (RaftStorageDirectory.java:analyzeStorage(246)) - The storage directory /workdir/hadoop-ozone/integration-test/target/test-dir/MiniOzoneClusterImpl-6ec8a423-e5b5-4811-9e7d-10b5a96c883d/datanode-2/data/ratis/1c099e71-2842-4304-8e7d-51420ad850a4 does not exist. Creating ...
2019-09-17 13:30:39,599 [pool-403-thread-1] INFO  storage.RaftStorageDirectory (RaftStorageDirectory.java:tryLock(328)) - Lock on /workdir/hadoop-ozone/integration-test/target/test-dir/MiniOzoneClusterImpl-6ec8a423-e5b5-4811-9e7d-10b5a96c883d/datanode-2/data/ratis/1c099e71-2842-4304-8e7d-51420ad850a4/in_use.lock acquired by nodename 6366@pr-hdds-2142-clczg-3805722443
2019-09-17 13:30:39,611 [pool-403-thread-1] INFO  storage.RaftStorage (RaftStorage.java:format(72)) - Storage directory /workdir/hadoop-ozone/integration-test/target/test-dir/MiniOzoneClusterImpl-6ec8a423-e5b5-4811-9e7d-10b5a96c883d/datanode-2/data/ratis/1c099e71-2842-4304-8e7d-51420ad850a4 has been successfully formatted.
2019-09-17 13:30:39,611 [pool-403-thread-1] INFO  ratis.ContainerStateMachine (ContainerStateMachine.java:loadSnapshot(230)) - group-51420AD850A4: The snapshot info is null. Setting the last applied indexto:(t:0, i:~)
2019-09-17 13:30:39,611 [pool-403-thread-1] INFO  server.RaftServerConfigKeys (ConfUtils.java:logGet(43)) - raft.server.notification.no-leader.timeout = 120s (custom)
2019-09-17 13:30:39,611 [pool-403-thread-1] INFO  server.RaftServerConfigKeys (ConfUtils.java:logGet(43)) - raft.server.log.use.memory = false (default)
2019-09-17 13:30:39,612 [pool-403-thread-1] INFO  server.RaftServerConfigKeys (ConfUtils.java:logGet(43)) - raft.server.log.purge.gap = 1000000 (custom)
2019-09-17 13:30:39,612 [pool-403-thread-1] INFO  server.RaftServerConfigKeys (ConfUtils.java:logGet(43)) - raft.server.log.appender.buffer.byte-limit = 33554432 (custom)
2019-09-17 13:30:39,612 [pool-403-thread-1] INFO  server.RaftServerConfigKeys (ConfUtils.java:logGet(43)) - raft.server.log.segment.size.max = 1048576 (custom)
2019-09-17 13:30:39,612 [pool-403-thread-1] INFO  server.RaftServerConfigKeys (ConfUtils.java:logGet(43)) - raft.server.log.segment.cache.num.max = 2 (custom)
2019-09-17 13:30:39,612 [pool-403-thread-1] INFO  segmented.SegmentedRaftLogWorker (SegmentedRaftLogWorker.java:<init>(172)) - new 8cb68ac8-476f-4178-85b4-80a569ebfe96@group-51420AD850A4-SegmentedRaftLogWorker for RaftStorage:Storage Directory /workdir/hadoop-ozone/integration-test/target/test-dir/MiniOzoneClusterImpl-6ec8a423-e5b5-4811-9e7d-10b5a96c883d/datanode-2/data/ratis/1c099e71-2842-4304-8e7d-51420ad850a4
2019-09-17 13:30:39,613 [pool-403-thread-1] INFO  server.RaftServerConfigKeys (ConfUtils.java:logGet(43)) - raft.server.log.queue.byte-limit = 2147483647 (custom)
2019-09-17 13:30:39,613 [pool-403-thread-1] INFO  server.RaftServerConfigKeys (ConfUtils.java:logGet(43)) - raft.server.log.queue.element-limit = 1024 (custom)
2019-09-17 13:30:39,613 [pool-403-thread-1] INFO  server.RaftServerConfigKeys (ConfUtils.java:logGet(43)) - raft.server.log.segment.size.max = 1048576 (custom)
2019-09-17 13:30:39,613 [pool-403-thread-1] INFO  server.RaftServerConfigKeys (ConfUtils.java:logGet(43)) - raft.server.log.preallocated.size = 16384 (custom)
2019-09-17 13:30:39,613 [pool-403-thread-1] INFO  server.RaftServerConfigKeys (ConfUtils.java:logGet(43)) - raft.server.log.write.buffer.size = 33554432 (custom)
2019-09-17 13:30:39,613 [pool-403-thread-1] INFO  server.RaftServerConfigKeys (ConfUtils.java:logGet(43)) - raft.server.log.force.sync.num = 128 (default)
2019-09-17 13:30:39,614 [pool-403-thread-1] INFO  server.RaftServerConfigKeys (ConfUtils.java:logGet(43)) - raft.server.log.statemachine.data.sync = true (default)
2019-09-17 13:30:39,614 [pool-403-thread-1] INFO  server.RaftServerConfigKeys (ConfUtils.java:logGet(43)) - raft.server.log.statemachine.data.sync.timeout = 10s (default)
2019-09-17 13:30:39,614 [pool-403-thread-1] INFO  server.RaftServerConfigKeys (ConfUtils.java:logGet(43)) - raft.server.log.statemachine.data.sync.timeout.retry = -1 (default)
2019-09-17 13:30:39,614 [pool-403-thread-1] INFO  server.RaftServerConfigKeys (ConfUtils.java:logGet(43)) - raft.server.log.statemachine.data.caching.enabled = true (custom)
2019-09-17 13:30:39,614 [pool-403-thread-1] INFO  segmented.SegmentedRaftLogWorker (SegmentedRaftLogWorker.java:lambda$new$0(132)) - 8cb68ac8-476f-4178-85b4-80a569ebfe96@group-51420AD850A4-SegmentedRaftLogWorker: flushIndex: setUnconditionally 0 -> -1
2019-09-17 13:30:39,615 [pool-403-thread-1] INFO  server.RaftServerConfigKeys (ConfUtils.java:logGet(43)) - raft.server.snapshot.auto.trigger.enabled = true (custom)
2019-09-17 13:30:39,615 [pool-403-thread-1] INFO  server.RaftServerConfigKeys (ConfUtils.java:logGet(43)) - raft.server.snapshot.auto.trigger.threshold = 10000 (custom)
2019-09-17 13:30:39,615 [pool-403-thread-1] INFO  server.RaftServerConfigKeys (ConfUtils.java:logGet(43)) - raft.server.snapshot.retention.num.files = 5 (custom)
2019-09-17 13:30:39,615 [pool-403-thread-1] INFO  server.RaftServerConfigKeys (ConfUtils.java:logGet(43)) - raft.server.retrycache.expirytime = 600000ms (custom)
2019-09-17 13:30:39,616 [pool-403-thread-1] INFO  impl.RaftServerImpl (RaftServerImpl.java:start(185)) - 8cb68ac8-476f-4178-85b4-80a569ebfe96@group-51420AD850A4: start as a follower, conf=-1: [8cb68ac8-476f-4178-85b4-80a569ebfe96:192.168.34.33:42464], old=null
2019-09-17 13:30:39,616 [pool-403-thread-1] INFO  impl.RaftServerImpl (RaftServerImpl.java:setRole(174)) - 8cb68ac8-476f-4178-85b4-80a569ebfe96@group-51420AD850A4: changes role from      null to FOLLOWER at term 0 for startAsFollower
2019-09-17 13:30:39,616 [pool-403-thread-1] INFO  impl.RoleInfo (RoleInfo.java:updateAndGet(143)) - 8cb68ac8-476f-4178-85b4-80a569ebfe96: start FollowerState
2019-09-17 13:30:39,617 [pool-403-thread-1] INFO  util.JmxRegister (JmxRegister.java:tryRegister(44)) - Successfully registered JMX Bean with object name Ratis:service=RaftServer,group=group-51420AD850A4,id=8cb68ac8-476f-4178-85b4-80a569ebfe96
2019-09-17 13:30:39,618 [RatisPipelineUtilsThread] INFO  pipeline.PipelineStateManager (PipelineStateManager.java:addPipeline(56)) - Created pipeline Pipeline[ Id: 1c099e71-2842-4304-8e7d-51420ad850a4, Nodes: 8cb68ac8-476f-4178-85b4-80a569ebfe96{ip: 192.168.34.33, host: pr-hdds-2142-clczg-3805722443, networkLocation: /default-rack, certSerialId: null}, Type:RATIS, Factor:ONE, State:OPEN]
2019-09-17 13:30:39,641 [grpc-default-executor-2] INFO  impl.RaftServerProxy (RaftServerProxy.java:addNew(89)) - abd190b8-bc88-4846-8ae6-15d81e109cbc: addNew group-17A4739C4847:[abd190b8-bc88-4846-8ae6-15d81e109cbc:192.168.34.33:34372, 667d5039-cff7-442b-b92c-586f8c50661b:192.168.34.33:41002, 8cb68ac8-476f-4178-85b4-80a569ebfe96:192.168.34.33:42464] returns group-17A4739C4847:java.util.concurrent.CompletableFuture@1c2a2d88[Not completed]
2019-09-17 13:30:39,642 [grpc-default-executor-2] INFO  impl.RaftServerProxy (RaftServerProxy.java:addNew(89)) - 667d5039-cff7-442b-b92c-586f8c50661b: addNew group-17A4739C4847:[abd190b8-bc88-4846-8ae6-15d81e109cbc:192.168.34.33:34372, 667d5039-cff7-442b-b92c-586f8c50661b:192.168.34.33:41002, 8cb68ac8-476f-4178-85b4-80a569ebfe96:192.168.34.33:42464] returns group-17A4739C4847:java.util.concurrent.CompletableFuture@a47fc81[Not completed]
2019-09-17 13:30:39,642 [IPC Server handler 1 on 38425] INFO  net.NetworkTopology (NetworkTopologyImpl.java:add(111)) - Added a new node: /default-rack/a81a690c-2132-40d9-88d0-9c9c8dde2df6
2019-09-17 13:30:39,642 [IPC Server handler 1 on 38425] INFO  node.SCMNodeManager (SCMNodeManager.java:register(266)) - Registered Data node : a81a690c-2132-40d9-88d0-9c9c8dde2df6{ip: 192.168.34.33, host: pr-hdds-2142-clczg-3805722443, networkLocation: /default-rack, certSerialId: null}
2019-09-17 13:30:39,642 [pool-393-thread-1] INFO  impl.RaftServerImpl (RaftServerImpl.java:<init>(95)) - abd190b8-bc88-4846-8ae6-15d81e109cbc: new RaftServerImpl for group-17A4739C4847:[abd190b8-bc88-4846-8ae6-15d81e109cbc:192.168.34.33:34372, 667d5039-cff7-442b-b92c-586f8c50661b:192.168.34.33:41002, 8cb68ac8-476f-4178-85b4-80a569ebfe96:192.168.34.33:42464] with ContainerStateMachine:uninitialized
2019-09-17 13:30:39,643 [pool-393-thread-1] INFO  server.RaftServerConfigKeys (ConfUtils.java:logGet(43)) - raft.server.rpc.timeout.min = 5s (custom)
2019-09-17 13:30:39,643 [grpc-default-executor-2] INFO  impl.RaftServerProxy (RaftServerProxy.java:addNew(89)) - 8cb68ac8-476f-4178-85b4-80a569ebfe96: addNew group-17A4739C4847:[abd190b8-bc88-4846-8ae6-15d81e109cbc:192.168.34.33:34372, 667d5039-cff7-442b-b92c-586f8c50661b:192.168.34.33:41002, 8cb68ac8-476f-4178-85b4-80a569ebfe96:192.168.34.33:42464] returns group-17A4739C4847:java.util.concurrent.CompletableFuture@47d269f0[Not completed]
2019-09-17 13:30:39,643 [pool-383-thread-1] INFO  impl.RaftServerImpl (RaftServerImpl.java:<init>(95)) - 667d5039-cff7-442b-b92c-586f8c50661b: new RaftServerImpl for group-17A4739C4847:[abd190b8-bc88-4846-8ae6-15d81e109cbc:192.168.34.33:34372, 667d5039-cff7-442b-b92c-586f8c50661b:192.168.34.33:41002, 8cb68ac8-476f-4178-85b4-80a569ebfe96:192.168.34.33:42464] with ContainerStateMachine:uninitialized
2019-09-17 13:30:39,643 [pool-393-thread-1] INFO  server.RaftServerConfigKeys (ConfUtils.java:logGet(43)) - raft.server.rpc.timeout.max = 5200ms (custom)
2019-09-17 13:30:39,643 [pool-383-thread-1] INFO  server.RaftServerConfigKeys (ConfUtils.java:logGet(43)) - raft.server.rpc.timeout.min = 5s (custom)
2019-09-17 13:30:39,643 [pool-403-thread-1] INFO  impl.RaftServerImpl (RaftServerImpl.java:<init>(95)) - 8cb68ac8-476f-4178-85b4-80a569ebfe96: new RaftServerImpl for group-17A4739C4847:[abd190b8-bc88-4846-8ae6-15d81e109cbc:192.168.34.33:34372, 667d5039-cff7-442b-b92c-586f8c50661b:192.168.34.33:41002, 8cb68ac8-476f-4178-85b4-80a569ebfe96:192.168.34.33:42464] with ContainerStateMachine:uninitialized
2019-09-17 13:30:39,643 [pool-393-thread-1] INFO  server.RaftServerConfigKeys (ConfUtils.java:logGet(43)) - raft.server.rpcslowness.timeout = 120s (custom)
2019-09-17 13:30:39,644 [pool-403-thread-1] INFO  server.RaftServerConfigKeys (ConfUtils.java:logGet(43)) - raft.server.rpc.timeout.min = 5s (custom)
2019-09-17 13:30:39,644 [pool-383-thread-1] INFO  server.RaftServerConfigKeys (ConfUtils.java:logGet(43)) - raft.server.rpc.timeout.max = 5200ms (custom)
2019-09-17 13:30:39,644 [pool-403-thread-1] INFO  server.RaftServerConfigKeys (ConfUtils.java:logGet(43)) - raft.server.rpc.timeout.max = 5200ms (custom)
2019-09-17 13:30:39,644 [pool-393-thread-1] INFO  server.RaftServerConfigKeys (ConfUtils.java:logGet(43)) - raft.server.sleep.deviation.threshold = 300 (default)
2019-09-17 13:30:39,644 [pool-403-thread-1] INFO  server.RaftServerConfigKeys (ConfUtils.java:logGet(43)) - raft.server.rpcslowness.timeout = 120s (custom)
2019-09-17 13:30:39,644 [pool-383-thread-1] INFO  server.RaftServerConfigKeys (ConfUtils.java:logGet(43)) - raft.server.rpcslowness.timeout = 120s (custom)
2019-09-17 13:30:39,644 [pool-403-thread-1] INFO  server.RaftServerConfigKeys (ConfUtils.java:logGet(43)) - raft.server.sleep.deviation.threshold = 300 (default)
2019-09-17 13:30:39,644 [pool-393-thread-1] INFO  server.RaftServerConfigKeys (ConfUtils.java:logGet(43)) - raft.server.log.appender.install.snapshot.enabled = false (custom)
2019-09-17 13:30:39,645 [pool-403-thread-1] INFO  server.RaftServerConfigKeys (ConfUtils.java:logGet(43)) - raft.server.log.appender.install.snapshot.enabled = false (custom)
2019-09-17 13:30:39,644 [pool-383-thread-1] INFO  server.RaftServerConfigKeys (ConfUtils.java:logGet(43)) - raft.server.sleep.deviation.threshold = 300 (default)
2019-09-17 13:30:39,645 [pool-393-thread-1] INFO  impl.RaftServerImpl (ServerState.java:<init>(103)) - abd190b8-bc88-4846-8ae6-15d81e109cbc@group-17A4739C4847: ConfigurationManager, init=-1: [abd190b8-bc88-4846-8ae6-15d81e109cbc:192.168.34.33:34372, 667d5039-cff7-442b-b92c-586f8c50661b:192.168.34.33:41002, 8cb68ac8-476f-4178-85b4-80a569ebfe96:192.168.34.33:42464], old=null, confs=<EMPTY_MAP>
2019-09-17 13:30:39,645 [pool-403-thread-1] INFO  impl.RaftServerImpl (ServerState.java:<init>(103)) - 8cb68ac8-476f-4178-85b4-80a569ebfe96@group-17A4739C4847: ConfigurationManager, init=-1: [abd190b8-bc88-4846-8ae6-15d81e109cbc:192.168.34.33:34372, 667d5039-cff7-442b-b92c-586f8c50661b:192.168.34.33:41002, 8cb68ac8-476f-4178-85b4-80a569ebfe96:192.168.34.33:42464], old=null, confs=<EMPTY_MAP>
2019-09-17 13:30:39,645 [pool-383-thread-1] INFO  server.RaftServerConfigKeys (ConfUtils.java:logGet(43)) - raft.server.log.appender.install.snapshot.enabled = false (custom)
2019-09-17 13:30:39,645 [pool-393-thread-1] INFO  server.RaftServerConfigKeys (ConfUtils.java:logGet(43)) - raft.server.storage.dir = [/workdir/hadoop-ozone/integration-test/target/test-dir/MiniOzoneClusterImpl-6ec8a423-e5b5-4811-9e7d-10b5a96c883d/datanode-1/data/ratis] (custom)
2019-09-17 13:30:39,645 [pool-403-thread-1] INFO  server.RaftServerConfigKeys (ConfUtils.java:logGet(43)) - raft.server.storage.dir = [/workdir/hadoop-ozone/integration-test/target/test-dir/MiniOzoneClusterImpl-6ec8a423-e5b5-4811-9e7d-10b5a96c883d/datanode-2/data/ratis] (custom)
2019-09-17 13:30:39,645 [pool-383-thread-1] INFO  impl.RaftServerImpl (ServerState.java:<init>(103)) - 667d5039-cff7-442b-b92c-586f8c50661b@group-17A4739C4847: ConfigurationManager, init=-1: [abd190b8-bc88-4846-8ae6-15d81e109cbc:192.168.34.33:34372, 667d5039-cff7-442b-b92c-586f8c50661b:192.168.34.33:41002, 8cb68ac8-476f-4178-85b4-80a569ebfe96:192.168.34.33:42464], old=null, confs=<EMPTY_MAP>
2019-09-17 13:30:39,646 [pool-403-thread-1] INFO  storage.RaftStorageDirectory (RaftStorageDirectory.java:analyzeStorage(246)) - The storage directory /workdir/hadoop-ozone/integration-test/target/test-dir/MiniOzoneClusterImpl-6ec8a423-e5b5-4811-9e7d-10b5a96c883d/datanode-2/data/ratis/5d84ccc7-5022-4124-813b-17a4739c4847 does not exist. Creating ...
2019-09-17 13:30:39,646 [pool-383-thread-1] INFO  server.RaftServerConfigKeys (ConfUtils.java:logGet(43)) - raft.server.storage.dir = [/workdir/hadoop-ozone/integration-test/target/test-dir/MiniOzoneClusterImpl-6ec8a423-e5b5-4811-9e7d-10b5a96c883d/datanode-0/data/ratis] (custom)
2019-09-17 13:30:39,646 [pool-393-thread-1] INFO  storage.RaftStorageDirectory (RaftStorageDirectory.java:analyzeStorage(246)) - The storage directory /workdir/hadoop-ozone/integration-test/target/test-dir/MiniOzoneClusterImpl-6ec8a423-e5b5-4811-9e7d-10b5a96c883d/datanode-1/data/ratis/5d84ccc7-5022-4124-813b-17a4739c4847 does not exist. Creating ...
2019-09-17 13:30:39,646 [pool-383-thread-1] INFO  storage.RaftStorageDirectory (RaftStorageDirectory.java:analyzeStorage(246)) - The storage directory /workdir/hadoop-ozone/integration-test/target/test-dir/MiniOzoneClusterImpl-6ec8a423-e5b5-4811-9e7d-10b5a96c883d/datanode-0/data/ratis/5d84ccc7-5022-4124-813b-17a4739c4847 does not exist. Creating ...
2019-09-17 13:30:39,658 [pool-383-thread-1] INFO  storage.RaftStorageDirectory (RaftStorageDirectory.java:tryLock(328)) - Lock on /workdir/hadoop-ozone/integration-test/target/test-dir/MiniOzoneClusterImpl-6ec8a423-e5b5-4811-9e7d-10b5a96c883d/datanode-0/data/ratis/5d84ccc7-5022-4124-813b-17a4739c4847/in_use.lock acquired by nodename 6366@pr-hdds-2142-clczg-3805722443
2019-09-17 13:30:39,658 [pool-393-thread-1] INFO  storage.RaftStorageDirectory (RaftStorageDirectory.java:tryLock(328)) - Lock on /workdir/hadoop-ozone/integration-test/target/test-dir/MiniOzoneClusterImpl-6ec8a423-e5b5-4811-9e7d-10b5a96c883d/datanode-1/data/ratis/5d84ccc7-5022-4124-813b-17a4739c4847/in_use.lock acquired by nodename 6366@pr-hdds-2142-clczg-3805722443
2019-09-17 13:30:39,658 [pool-403-thread-1] INFO  storage.RaftStorageDirectory (RaftStorageDirectory.java:tryLock(328)) - Lock on /workdir/hadoop-ozone/integration-test/target/test-dir/MiniOzoneClusterImpl-6ec8a423-e5b5-4811-9e7d-10b5a96c883d/datanode-2/data/ratis/5d84ccc7-5022-4124-813b-17a4739c4847/in_use.lock acquired by nodename 6366@pr-hdds-2142-clczg-3805722443
2019-09-17 13:30:39,664 [pool-383-thread-1] INFO  storage.RaftStorage (RaftStorage.java:format(72)) - Storage directory /workdir/hadoop-ozone/integration-test/target/test-dir/MiniOzoneClusterImpl-6ec8a423-e5b5-4811-9e7d-10b5a96c883d/datanode-0/data/ratis/5d84ccc7-5022-4124-813b-17a4739c4847 has been successfully formatted.
2019-09-17 13:30:39,664 [pool-393-thread-1] INFO  storage.RaftStorage (RaftStorage.java:format(72)) - Storage directory /workdir/hadoop-ozone/integration-test/target/test-dir/MiniOzoneClusterImpl-6ec8a423-e5b5-4811-9e7d-10b5a96c883d/datanode-1/data/ratis/5d84ccc7-5022-4124-813b-17a4739c4847 has been successfully formatted.
2019-09-17 13:30:39,664 [pool-403-thread-1] INFO  storage.RaftStorage (RaftStorage.java:format(72)) - Storage directory /workdir/hadoop-ozone/integration-test/target/test-dir/MiniOzoneClusterImpl-6ec8a423-e5b5-4811-9e7d-10b5a96c883d/datanode-2/data/ratis/5d84ccc7-5022-4124-813b-17a4739c4847 has been successfully formatted.
2019-09-17 13:30:39,664 [pool-383-thread-1] INFO  ratis.ContainerStateMachine (ContainerStateMachine.java:loadSnapshot(230)) - group-17A4739C4847: The snapshot info is null. Setting the last applied indexto:(t:0, i:~)
2019-09-17 13:30:39,664 [pool-403-thread-1] INFO  ratis.ContainerStateMachine (ContainerStateMachine.java:loadSnapshot(230)) - group-17A4739C4847: The snapshot info is null. Setting the last applied indexto:(t:0, i:~)
2019-09-17 13:30:39,664 [pool-393-thread-1] INFO  ratis.ContainerStateMachine (ContainerStateMachine.java:loadSnapshot(230)) - group-17A4739C4847: The snapshot info is null. Setting the last applied indexto:(t:0, i:~)
2019-09-17 13:30:39,664 [pool-403-thread-1] INFO  server.RaftServerConfigKeys (ConfUtils.java:logGet(43)) - raft.server.notification.no-leader.timeout = 120s (custom)
2019-09-17 13:30:39,664 [pool-383-thread-1] INFO  server.RaftServerConfigKeys (ConfUtils.java:logGet(43)) - raft.server.notification.no-leader.timeout = 120s (custom)
2019-09-17 13:30:39,665 [pool-403-thread-1] INFO  server.RaftServerConfigKeys (ConfUtils.java:logGet(43)) - raft.server.log.use.memory = false (default)
2019-09-17 13:30:39,665 [pool-393-thread-1] INFO  server.RaftServerConfigKeys (ConfUtils.java:logGet(43)) - raft.server.notification.no-leader.timeout = 120s (custom)
2019-09-17 13:30:39,665 [pool-403-thread-1] INFO  server.RaftServerConfigKeys (ConfUtils.java:logGet(43)) - raft.server.log.purge.gap = 1000000 (custom)
2019-09-17 13:30:39,665 [pool-383-thread-1] INFO  server.RaftServerConfigKeys (ConfUtils.java:logGet(43)) - raft.server.log.use.memory = false (default)
2019-09-17 13:30:39,665 [pool-403-thread-1] INFO  server.RaftServerConfigKeys (ConfUtils.java:logGet(43)) - raft.server.log.appender.buffer.byte-limit = 33554432 (custom)
2019-09-17 13:30:39,665 [pool-393-thread-1] INFO  server.RaftServerConfigKeys (ConfUtils.java:logGet(43)) - raft.server.log.use.memory = false (default)
2019-09-17 13:30:39,665 [pool-403-thread-1] INFO  server.RaftServerConfigKeys (ConfUtils.java:logGet(43)) - raft.server.log.segment.size.max = 1048576 (custom)
2019-09-17 13:30:39,665 [pool-383-thread-1] INFO  server.RaftServerConfigKeys (ConfUtils.java:logGet(43)) - raft.server.log.purge.gap = 1000000 (custom)
2019-09-17 13:30:39,666 [pool-403-thread-1] INFO  server.RaftServerConfigKeys (ConfUtils.java:logGet(43)) - raft.server.log.segment.cache.num.max = 2 (custom)
2019-09-17 13:30:39,665 [pool-393-thread-1] INFO  server.RaftServerConfigKeys (ConfUtils.java:logGet(43)) - raft.server.log.purge.gap = 1000000 (custom)
2019-09-17 13:30:39,666 [pool-403-thread-1] INFO  segmented.SegmentedRaftLogWorker (SegmentedRaftLogWorker.java:<init>(172)) - new 8cb68ac8-476f-4178-85b4-80a569ebfe96@group-17A4739C4847-SegmentedRaftLogWorker for RaftStorage:Storage Directory /workdir/hadoop-ozone/integration-test/target/test-dir/MiniOzoneClusterImpl-6ec8a423-e5b5-4811-9e7d-10b5a96c883d/datanode-2/data/ratis/5d84ccc7-5022-4124-813b-17a4739c4847
2019-09-17 13:30:39,666 [pool-383-thread-1] INFO  server.RaftServerConfigKeys (ConfUtils.java:logGet(43)) - raft.server.log.appender.buffer.byte-limit = 33554432 (custom)
2019-09-17 13:30:39,666 [pool-403-thread-1] INFO  server.RaftServerConfigKeys (ConfUtils.java:logGet(43)) - raft.server.log.queue.byte-limit = 2147483647 (custom)
2019-09-17 13:30:39,666 [pool-393-thread-1] INFO  server.RaftServerConfigKeys (ConfUtils.java:logGet(43)) - raft.server.log.appender.buffer.byte-limit = 33554432 (custom)
2019-09-17 13:30:39,666 [pool-403-thread-1] INFO  server.RaftServerConfigKeys (ConfUtils.java:logGet(43)) - raft.server.log.queue.element-limit = 1024 (custom)
2019-09-17 13:30:39,666 [pool-383-thread-1] INFO  server.RaftServerConfigKeys (ConfUtils.java:logGet(43)) - raft.server.log.segment.size.max = 1048576 (custom)
2019-09-17 13:30:39,666 [pool-403-thread-1] INFO  server.RaftServerConfigKeys (ConfUtils.java:logGet(43)) - raft.server.log.segment.size.max = 1048576 (custom)
2019-09-17 13:30:39,666 [pool-393-thread-1] INFO  server.RaftServerConfigKeys (ConfUtils.java:logGet(43)) - raft.server.log.segment.size.max = 1048576 (custom)
2019-09-17 13:30:39,667 [pool-403-thread-1] INFO  server.RaftServerConfigKeys (ConfUtils.java:logGet(43)) - raft.server.log.preallocated.size = 16384 (custom)
2019-09-17 13:30:39,666 [pool-383-thread-1] INFO  server.RaftServerConfigKeys (ConfUtils.java:logGet(43)) - raft.server.log.segment.cache.num.max = 2 (custom)
2019-09-17 13:30:39,667 [pool-403-thread-1] INFO  server.RaftServerConfigKeys (ConfUtils.java:logGet(43)) - raft.server.log.write.buffer.size = 33554432 (custom)
2019-09-17 13:30:39,667 [pool-393-thread-1] INFO  server.RaftServerConfigKeys (ConfUtils.java:logGet(43)) - raft.server.log.segment.cache.num.max = 2 (custom)
2019-09-17 13:30:39,667 [pool-403-thread-1] INFO  server.RaftServerConfigKeys (ConfUtils.java:logGet(43)) - raft.server.log.force.sync.num = 128 (default)
2019-09-17 13:30:39,667 [pool-383-thread-1] INFO  segmented.SegmentedRaftLogWorker (SegmentedRaftLogWorker.java:<init>(172)) - new 667d5039-cff7-442b-b92c-586f8c50661b@group-17A4739C4847-SegmentedRaftLogWorker for RaftStorage:Storage Directory /workdir/hadoop-ozone/integration-test/target/test-dir/MiniOzoneClusterImpl-6ec8a423-e5b5-4811-9e7d-10b5a96c883d/datanode-0/data/ratis/5d84ccc7-5022-4124-813b-17a4739c4847
2019-09-17 13:30:39,667 [pool-403-thread-1] INFO  server.RaftServerConfigKeys (ConfUtils.java:logGet(43)) - raft.server.log.statemachine.data.sync = true (default)
2019-09-17 13:30:39,667 [pool-393-thread-1] INFO  segmented.SegmentedRaftLogWorker (SegmentedRaftLogWorker.java:<init>(172)) - new abd190b8-bc88-4846-8ae6-15d81e109cbc@group-17A4739C4847-SegmentedRaftLogWorker for RaftStorage:Storage Directory /workdir/hadoop-ozone/integration-test/target/test-dir/MiniOzoneClusterImpl-6ec8a423-e5b5-4811-9e7d-10b5a96c883d/datanode-1/data/ratis/5d84ccc7-5022-4124-813b-17a4739c4847
2019-09-17 13:30:39,667 [pool-403-thread-1] INFO  server.RaftServerConfigKeys (ConfUtils.java:logGet(43)) - raft.server.log.statemachine.data.sync.timeout = 10s (default)
2019-09-17 13:30:39,667 [pool-383-thread-1] INFO  server.RaftServerConfigKeys (ConfUtils.java:logGet(43)) - raft.server.log.queue.byte-limit = 2147483647 (custom)
2019-09-17 13:30:39,668 [pool-403-thread-1] INFO  server.RaftServerConfigKeys (ConfUtils.java:logGet(43)) - raft.server.log.statemachine.data.sync.timeout.retry = -1 (default)
2019-09-17 13:30:39,668 [pool-393-thread-1] INFO  server.RaftServerConfigKeys (ConfUtils.java:logGet(43)) - raft.server.log.queue.byte-limit = 2147483647 (custom)
2019-09-17 13:30:39,668 [pool-403-thread-1] INFO  server.RaftServerConfigKeys (ConfUtils.java:logGet(43)) - raft.server.log.statemachine.data.caching.enabled = true (custom)
2019-09-17 13:30:39,668 [pool-383-thread-1] INFO  server.RaftServerConfigKeys (ConfUtils.java:logGet(43)) - raft.server.log.queue.element-limit = 1024 (custom)
2019-09-17 13:30:39,668 [pool-393-thread-1] INFO  server.RaftServerConfigKeys (ConfUtils.java:logGet(43)) - raft.server.log.queue.element-limit = 1024 (custom)
2019-09-17 13:30:39,668 [pool-383-thread-1] INFO  server.RaftServerConfigKeys (ConfUtils.java:logGet(43)) - raft.server.log.segment.size.max = 1048576 (custom)
2019-09-17 13:30:39,668 [pool-403-thread-1] INFO  segmented.SegmentedRaftLogWorker (SegmentedRaftLogWorker.java:lambda$new$0(132)) - 8cb68ac8-476f-4178-85b4-80a569ebfe96@group-17A4739C4847-SegmentedRaftLogWorker: flushIndex: setUnconditionally 0 -> -1
2019-09-17 13:30:39,668 [pool-383-thread-1] INFO  server.RaftServerConfigKeys (ConfUtils.java:logGet(43)) - raft.server.log.preallocated.size = 16384 (custom)
2019-09-17 13:30:39,668 [pool-393-thread-1] INFO  server.RaftServerConfigKeys (ConfUtils.java:logGet(43)) - raft.server.log.segment.size.max = 1048576 (custom)
2019-09-17 13:30:39,669 [pool-403-thread-1] INFO  server.RaftServerConfigKeys (ConfUtils.java:logGet(43)) - raft.server.snapshot.auto.trigger.enabled = true (custom)
2019-09-17 13:30:39,669 [pool-383-thread-1] INFO  server.RaftServerConfigKeys (ConfUtils.java:logGet(43)) - raft.server.log.write.buffer.size = 33554432 (custom)
2019-09-17 13:30:39,669 [pool-403-thread-1] INFO  server.RaftServerConfigKeys (ConfUtils.java:logGet(43)) - raft.server.snapshot.auto.trigger.threshold = 10000 (custom)
2019-09-17 13:30:39,669 [pool-393-thread-1] INFO  server.RaftServerConfigKeys (ConfUtils.java:logGet(43)) - raft.server.log.preallocated.size = 16384 (custom)
2019-09-17 13:30:39,669 [pool-403-thread-1] INFO  server.RaftServerConfigKeys (ConfUtils.java:logGet(43)) - raft.server.snapshot.retention.num.files = 5 (custom)
2019-09-17 13:30:39,669 [pool-383-thread-1] INFO  server.RaftServerConfigKeys (ConfUtils.java:logGet(43)) - raft.server.log.force.sync.num = 128 (default)
2019-09-17 13:30:39,669 [pool-403-thread-1] INFO  server.RaftServerConfigKeys (ConfUtils.java:logGet(43)) - raft.server.retrycache.expirytime = 600000ms (custom)
2019-09-17 13:30:39,669 [pool-393-thread-1] INFO  server.RaftServerConfigKeys (ConfUtils.java:logGet(43)) - raft.server.log.write.buffer.size = 33554432 (custom)
2019-09-17 13:30:39,669 [pool-383-thread-1] INFO  server.RaftServerConfigKeys (ConfUtils.java:logGet(43)) - raft.server.log.statemachine.data.sync = true (default)
2019-09-17 13:30:39,669 [pool-393-thread-1] INFO  server.RaftServerConfigKeys (ConfUtils.java:logGet(43)) - raft.server.log.force.sync.num = 128 (default)
2019-09-17 13:30:39,670 [pool-383-thread-1] INFO  server.RaftServerConfigKeys (ConfUtils.java:logGet(43)) - raft.server.log.statemachine.data.sync.timeout = 10s (default)
2019-09-17 13:30:39,670 [pool-393-thread-1] INFO  server.RaftServerConfigKeys (ConfUtils.java:logGet(43)) - raft.server.log.statemachine.data.sync = true (default)
2019-09-17 13:30:39,670 [pool-383-thread-1] INFO  server.RaftServerConfigKeys (ConfUtils.java:logGet(43)) - raft.server.log.statemachine.data.sync.timeout.retry = -1 (default)
2019-09-17 13:30:39,670 [pool-393-thread-1] INFO  server.RaftServerConfigKeys (ConfUtils.java:logGet(43)) - raft.server.log.statemachine.data.sync.timeout = 10s (default)
2019-09-17 13:30:39,670 [pool-383-thread-1] INFO  server.RaftServerConfigKeys (ConfUtils.java:logGet(43)) - raft.server.log.statemachine.data.caching.enabled = true (custom)
2019-09-17 13:30:39,670 [pool-393-thread-1] INFO  server.RaftServerConfigKeys (ConfUtils.java:logGet(43)) - raft.server.log.statemachine.data.sync.timeout.retry = -1 (default)
2019-09-17 13:30:39,671 [pool-383-thread-1] INFO  segmented.SegmentedRaftLogWorker (SegmentedRaftLogWorker.java:lambda$new$0(132)) - 667d5039-cff7-442b-b92c-586f8c50661b@group-17A4739C4847-SegmentedRaftLogWorker: flushIndex: setUnconditionally 0 -> -1
2019-09-17 13:30:39,671 [pool-403-thread-1] INFO  impl.RaftServerImpl (RaftServerImpl.java:start(185)) - 8cb68ac8-476f-4178-85b4-80a569ebfe96@group-17A4739C4847: start as a follower, conf=-1: [abd190b8-bc88-4846-8ae6-15d81e109cbc:192.168.34.33:34372, 667d5039-cff7-442b-b92c-586f8c50661b:192.168.34.33:41002, 8cb68ac8-476f-4178-85b4-80a569ebfe96:192.168.34.33:42464], old=null
2019-09-17 13:30:39,671 [pool-393-thread-1] INFO  server.RaftServerConfigKeys (ConfUtils.java:logGet(43)) - raft.server.log.statemachine.data.caching.enabled = true (custom)
2019-09-17 13:30:39,671 [pool-383-thread-1] INFO  server.RaftServerConfigKeys (ConfUtils.java:logGet(43)) - raft.server.snapshot.auto.trigger.enabled = true (custom)
2019-09-17 13:30:39,671 [pool-403-thread-1] INFO  impl.RaftServerImpl (RaftServerImpl.java:setRole(174)) - 8cb68ac8-476f-4178-85b4-80a569ebfe96@group-17A4739C4847: changes role from      null to FOLLOWER at term 0 for startAsFollower
2019-09-17 13:30:39,671 [pool-393-thread-1] INFO  segmented.SegmentedRaftLogWorker (SegmentedRaftLogWorker.java:lambda$new$0(132)) - abd190b8-bc88-4846-8ae6-15d81e109cbc@group-17A4739C4847-SegmentedRaftLogWorker: flushIndex: setUnconditionally 0 -> -1
2019-09-17 13:30:39,671 [pool-383-thread-1] INFO  server.RaftServerConfigKeys (ConfUtils.java:logGet(43)) - raft.server.snapshot.auto.trigger.threshold = 10000 (custom)
2019-09-17 13:30:39,671 [pool-403-thread-1] INFO  impl.RoleInfo (RoleInfo.java:updateAndGet(143)) - 8cb68ac8-476f-4178-85b4-80a569ebfe96: start FollowerState
2019-09-17 13:30:39,671 [pool-393-thread-1] INFO  server.RaftServerConfigKeys (ConfUtils.java:logGet(43)) - raft.server.snapshot.auto.trigger.enabled = true (custom)
2019-09-17 13:30:39,671 [pool-383-thread-1] INFO  server.RaftServerConfigKeys (ConfUtils.java:logGet(43)) - raft.server.snapshot.retention.num.files = 5 (custom)
2019-09-17 13:30:39,671 [pool-403-thread-1] INFO  util.JmxRegister (JmxRegister.java:tryRegister(44)) - Successfully registered JMX Bean with object name Ratis:service=RaftServer,group=group-17A4739C4847,id=8cb68ac8-476f-4178-85b4-80a569ebfe96
2019-09-17 13:30:39,671 [pool-393-thread-1] INFO  server.RaftServerConfigKeys (ConfUtils.java:logGet(43)) - raft.server.snapshot.auto.trigger.threshold = 10000 (custom)
2019-09-17 13:30:39,671 [pool-383-thread-1] INFO  server.RaftServerConfigKeys (ConfUtils.java:logGet(43)) - raft.server.retrycache.expirytime = 600000ms (custom)
2019-09-17 13:30:39,672 [pool-393-thread-1] INFO  server.RaftServerConfigKeys (ConfUtils.java:logGet(43)) - raft.server.snapshot.retention.num.files = 5 (custom)
2019-09-17 13:30:39,672 [pool-393-thread-1] INFO  server.RaftServerConfigKeys (ConfUtils.java:logGet(43)) - raft.server.retrycache.expirytime = 600000ms (custom)
2019-09-17 13:30:39,673 [pool-383-thread-1] INFO  impl.RaftServerImpl (RaftServerImpl.java:start(185)) - 667d5039-cff7-442b-b92c-586f8c50661b@group-17A4739C4847: start as a follower, conf=-1: [abd190b8-bc88-4846-8ae6-15d81e109cbc:192.168.34.33:34372, 667d5039-cff7-442b-b92c-586f8c50661b:192.168.34.33:41002, 8cb68ac8-476f-4178-85b4-80a569ebfe96:192.168.34.33:42464], old=null
2019-09-17 13:30:39,674 [pool-383-thread-1] INFO  impl.RaftServerImpl (RaftServerImpl.java:setRole(174)) - 667d5039-cff7-442b-b92c-586f8c50661b@group-17A4739C4847: changes role from      null to FOLLOWER at term 0 for startAsFollower
2019-09-17 13:30:39,674 [pool-393-thread-1] INFO  impl.RaftServerImpl (RaftServerImpl.java:start(185)) - abd190b8-bc88-4846-8ae6-15d81e109cbc@group-17A4739C4847: start as a follower, conf=-1: [abd190b8-bc88-4846-8ae6-15d81e109cbc:192.168.34.33:34372, 667d5039-cff7-442b-b92c-586f8c50661b:192.168.34.33:41002, 8cb68ac8-476f-4178-85b4-80a569ebfe96:192.168.34.33:42464], old=null
2019-09-17 13:30:39,674 [pool-383-thread-1] INFO  impl.RoleInfo (RoleInfo.java:updateAndGet(143)) - 667d5039-cff7-442b-b92c-586f8c50661b: start FollowerState
2019-09-17 13:30:39,674 [pool-393-thread-1] INFO  impl.RaftServerImpl (RaftServerImpl.java:setRole(174)) - abd190b8-bc88-4846-8ae6-15d81e109cbc@group-17A4739C4847: changes role from      null to FOLLOWER at term 0 for startAsFollower
2019-09-17 13:30:39,674 [pool-393-thread-1] INFO  impl.RoleInfo (RoleInfo.java:updateAndGet(143)) - abd190b8-bc88-4846-8ae6-15d81e109cbc: start FollowerState
2019-09-17 13:30:39,674 [pool-383-thread-1] INFO  util.JmxRegister (JmxRegister.java:tryRegister(44)) - Successfully registered JMX Bean with object name Ratis:service=RaftServer,group=group-17A4739C4847,id=667d5039-cff7-442b-b92c-586f8c50661b
2019-09-17 13:30:39,674 [pool-393-thread-1] INFO  util.JmxRegister (JmxRegister.java:tryRegister(44)) - Successfully registered JMX Bean with object name Ratis:service=RaftServer,group=group-17A4739C4847,id=abd190b8-bc88-4846-8ae6-15d81e109cbc
2019-09-17 13:30:39,676 [RatisPipelineUtilsThread] INFO  pipeline.PipelineStateManager (PipelineStateManager.java:addPipeline(56)) - Created pipeline Pipeline[ Id: 5d84ccc7-5022-4124-813b-17a4739c4847, Nodes: 667d5039-cff7-442b-b92c-586f8c50661b{ip: 192.168.34.33, host: pr-hdds-2142-clczg-3805722443, networkLocation: /default-rack, certSerialId: null}abd190b8-bc88-4846-8ae6-15d81e109cbc{ip: 192.168.34.33, host: pr-hdds-2142-clczg-3805722443, networkLocation: /default-rack, certSerialId: null}8cb68ac8-476f-4178-85b4-80a569ebfe96{ip: 192.168.34.33, host: pr-hdds-2142-clczg-3805722443, networkLocation: /default-rack, certSerialId: null}, Type:RATIS, Factor:THREE, State:OPEN]
2019-09-17 13:30:39,718 [IPC Server handler 3 on 38425] INFO  net.NetworkTopology (NetworkTopologyImpl.java:add(111)) - Added a new node: /default-rack/907b1d85-921a-4b54-95cf-3b6d265b7708
2019-09-17 13:30:39,718 [IPC Server handler 3 on 38425] INFO  node.SCMNodeManager (SCMNodeManager.java:register(266)) - Registered Data node : 907b1d85-921a-4b54-95cf-3b6d265b7708{ip: 192.168.34.33, host: pr-hdds-2142-clczg-3805722443, networkLocation: /default-rack, certSerialId: null}
2019-09-17 13:30:39,725 [grpc-default-executor-2] INFO  impl.RaftServerProxy (RaftServerProxy.java:addNew(89)) - 907b1d85-921a-4b54-95cf-3b6d265b7708: addNew group-BC7729DDFA7C:[907b1d85-921a-4b54-95cf-3b6d265b7708:192.168.34.33:41150] returns group-BC7729DDFA7C:java.util.concurrent.CompletableFuture@f503cdf[Not completed]
2019-09-17 13:30:39,728 [pool-423-thread-1] INFO  impl.RaftServerImpl (RaftServerImpl.java:<init>(95)) - 907b1d85-921a-4b54-95cf-3b6d265b7708: new RaftServerImpl for group-BC7729DDFA7C:[907b1d85-921a-4b54-95cf-3b6d265b7708:192.168.34.33:41150] with ContainerStateMachine:uninitialized
2019-09-17 13:30:39,728 [pool-423-thread-1] INFO  server.RaftServerConfigKeys (ConfUtils.java:logGet(43)) - raft.server.rpc.timeout.min = 5s (custom)
2019-09-17 13:30:39,728 [pool-423-thread-1] INFO  server.RaftServerConfigKeys (ConfUtils.java:logGet(43)) - raft.server.rpc.timeout.max = 5200ms (custom)
2019-09-17 13:30:39,728 [pool-423-thread-1] INFO  server.RaftServerConfigKeys (ConfUtils.java:logGet(43)) - raft.server.rpcslowness.timeout = 120s (custom)
2019-09-17 13:30:39,728 [pool-423-thread-1] INFO  server.RaftServerConfigKeys (ConfUtils.java:logGet(43)) - raft.server.sleep.deviation.threshold = 300 (default)
2019-09-17 13:30:39,728 [pool-423-thread-1] INFO  server.RaftServerConfigKeys (ConfUtils.java:logGet(43)) - raft.server.log.appender.install.snapshot.enabled = false (custom)
2019-09-17 13:30:39,728 [pool-423-thread-1] INFO  impl.RaftServerImpl (ServerState.java:<init>(103)) - 907b1d85-921a-4b54-95cf-3b6d265b7708@group-BC7729DDFA7C: ConfigurationManager, init=-1: [907b1d85-921a-4b54-95cf-3b6d265b7708:192.168.34.33:41150], old=null, confs=<EMPTY_MAP>
2019-09-17 13:30:39,728 [pool-423-thread-1] INFO  server.RaftServerConfigKeys (ConfUtils.java:logGet(43)) - raft.server.storage.dir = [/workdir/hadoop-ozone/integration-test/target/test-dir/MiniOzoneClusterImpl-6ec8a423-e5b5-4811-9e7d-10b5a96c883d/datanode-4/data/ratis] (custom)
2019-09-17 13:30:39,728 [pool-423-thread-1] INFO  storage.RaftStorageDirectory (RaftStorageDirectory.java:analyzeStorage(246)) - The storage directory /workdir/hadoop-ozone/integration-test/target/test-dir/MiniOzoneClusterImpl-6ec8a423-e5b5-4811-9e7d-10b5a96c883d/datanode-4/data/ratis/b1774699-f7c8-4efd-8107-bc7729ddfa7c does not exist. Creating ...
2019-09-17 13:30:39,740 [pool-423-thread-1] INFO  storage.RaftStorageDirectory (RaftStorageDirectory.java:tryLock(328)) - Lock on /workdir/hadoop-ozone/integration-test/target/test-dir/MiniOzoneClusterImpl-6ec8a423-e5b5-4811-9e7d-10b5a96c883d/datanode-4/data/ratis/b1774699-f7c8-4efd-8107-bc7729ddfa7c/in_use.lock acquired by nodename 6366@pr-hdds-2142-clczg-3805722443
2019-09-17 13:30:39,752 [pool-423-thread-1] INFO  storage.RaftStorage (RaftStorage.java:format(72)) - Storage directory /workdir/hadoop-ozone/integration-test/target/test-dir/MiniOzoneClusterImpl-6ec8a423-e5b5-4811-9e7d-10b5a96c883d/datanode-4/data/ratis/b1774699-f7c8-4efd-8107-bc7729ddfa7c has been successfully formatted.
2019-09-17 13:30:39,752 [pool-423-thread-1] INFO  ratis.ContainerStateMachine (ContainerStateMachine.java:loadSnapshot(230)) - group-BC7729DDFA7C: The snapshot info is null. Setting the last applied indexto:(t:0, i:~)
2019-09-17 13:30:39,752 [pool-423-thread-1] INFO  server.RaftServerConfigKeys (ConfUtils.java:logGet(43)) - raft.server.notification.no-leader.timeout = 120s (custom)
2019-09-17 13:30:39,752 [pool-423-thread-1] INFO  server.RaftServerConfigKeys (ConfUtils.java:logGet(43)) - raft.server.log.use.memory = false (default)
2019-09-17 13:30:39,752 [pool-423-thread-1] INFO  server.RaftServerConfigKeys (ConfUtils.java:logGet(43)) - raft.server.log.purge.gap = 1000000 (custom)
2019-09-17 13:30:39,753 [pool-423-thread-1] INFO  server.RaftServerConfigKeys (ConfUtils.java:logGet(43)) - raft.server.log.appender.buffer.byte-limit = 33554432 (custom)
2019-09-17 13:30:39,753 [pool-423-thread-1] INFO  server.RaftServerConfigKeys (ConfUtils.java:logGet(43)) - raft.server.log.segment.size.max = 1048576 (custom)
2019-09-17 13:30:39,753 [pool-423-thread-1] INFO  server.RaftServerConfigKeys (ConfUtils.java:logGet(43)) - raft.server.log.segment.cache.num.max = 2 (custom)
2019-09-17 13:30:39,753 [pool-423-thread-1] INFO  segmented.SegmentedRaftLogWorker (SegmentedRaftLogWorker.java:<init>(172)) - new 907b1d85-921a-4b54-95cf-3b6d265b7708@group-BC7729DDFA7C-SegmentedRaftLogWorker for RaftStorage:Storage Directory /workdir/hadoop-ozone/integration-test/target/test-dir/MiniOzoneClusterImpl-6ec8a423-e5b5-4811-9e7d-10b5a96c883d/datanode-4/data/ratis/b1774699-f7c8-4efd-8107-bc7729ddfa7c
2019-09-17 13:30:39,754 [pool-423-thread-1] INFO  server.RaftServerConfigKeys (ConfUtils.java:logGet(43)) - raft.server.log.queue.byte-limit = 2147483647 (custom)
2019-09-17 13:30:39,754 [pool-423-thread-1] INFO  server.RaftServerConfigKeys (ConfUtils.java:logGet(43)) - raft.server.log.queue.element-limit = 1024 (custom)
2019-09-17 13:30:39,754 [pool-423-thread-1] INFO  server.RaftServerConfigKeys (ConfUtils.java:logGet(43)) - raft.server.log.segment.size.max = 1048576 (custom)
2019-09-17 13:30:39,754 [pool-423-thread-1] INFO  server.RaftServerConfigKeys (ConfUtils.java:logGet(43)) - raft.server.log.preallocated.size = 16384 (custom)
2019-09-17 13:30:39,754 [pool-423-thread-1] INFO  server.RaftServerConfigKeys (ConfUtils.java:logGet(43)) - raft.server.log.write.buffer.size = 33554432 (custom)
2019-09-17 13:30:39,754 [pool-423-thread-1] INFO  server.RaftServerConfigKeys (ConfUtils.java:logGet(43)) - raft.server.log.force.sync.num = 128 (default)
2019-09-17 13:30:39,755 [pool-423-thread-1] INFO  server.RaftServerConfigKeys (ConfUtils.java:logGet(43)) - raft.server.log.statemachine.data.sync = true (default)
2019-09-17 13:30:39,755 [pool-423-thread-1] INFO  server.RaftServerConfigKeys (ConfUtils.java:logGet(43)) - raft.server.log.statemachine.data.sync.timeout = 10s (default)
2019-09-17 13:30:39,755 [pool-423-thread-1] INFO  server.RaftServerConfigKeys (ConfUtils.java:logGet(43)) - raft.server.log.statemachine.data.sync.timeout.retry = -1 (default)
2019-09-17 13:30:39,755 [pool-423-thread-1] INFO  server.RaftServerConfigKeys (ConfUtils.java:logGet(43)) - raft.server.log.statemachine.data.caching.enabled = true (custom)
2019-09-17 13:30:39,755 [pool-423-thread-1] INFO  segmented.SegmentedRaftLogWorker (SegmentedRaftLogWorker.java:lambda$new$0(132)) - 907b1d85-921a-4b54-95cf-3b6d265b7708@group-BC7729DDFA7C-SegmentedRaftLogWorker: flushIndex: setUnconditionally 0 -> -1
2019-09-17 13:30:39,755 [pool-423-thread-1] INFO  server.RaftServerConfigKeys (ConfUtils.java:logGet(43)) - raft.server.snapshot.auto.trigger.enabled = true (custom)
2019-09-17 13:30:39,755 [pool-423-thread-1] INFO  server.RaftServerConfigKeys (ConfUtils.java:logGet(43)) - raft.server.snapshot.auto.trigger.threshold = 10000 (custom)
2019-09-17 13:30:39,756 [pool-423-thread-1] INFO  server.RaftServerConfigKeys (ConfUtils.java:logGet(43)) - raft.server.snapshot.retention.num.files = 5 (custom)
2019-09-17 13:30:39,756 [pool-423-thread-1] INFO  server.RaftServerConfigKeys (ConfUtils.java:logGet(43)) - raft.server.retrycache.expirytime = 600000ms (custom)
2019-09-17 13:30:39,757 [pool-423-thread-1] INFO  impl.RaftServerImpl (RaftServerImpl.java:start(185)) - 907b1d85-921a-4b54-95cf-3b6d265b7708@group-BC7729DDFA7C: start as a follower, conf=-1: [907b1d85-921a-4b54-95cf-3b6d265b7708:192.168.34.33:41150], old=null
2019-09-17 13:30:39,757 [pool-423-thread-1] INFO  impl.RaftServerImpl (RaftServerImpl.java:setRole(174)) - 907b1d85-921a-4b54-95cf-3b6d265b7708@group-BC7729DDFA7C: changes role from      null to FOLLOWER at term 0 for startAsFollower
2019-09-17 13:30:39,757 [pool-423-thread-1] INFO  impl.RoleInfo (RoleInfo.java:updateAndGet(143)) - 907b1d85-921a-4b54-95cf-3b6d265b7708: start FollowerState
2019-09-17 13:30:39,757 [pool-423-thread-1] INFO  util.JmxRegister (JmxRegister.java:tryRegister(44)) - Successfully registered JMX Bean with object name Ratis:service=RaftServer,group=group-BC7729DDFA7C,id=907b1d85-921a-4b54-95cf-3b6d265b7708
2019-09-17 13:30:39,759 [RatisPipelineUtilsThread] INFO  pipeline.PipelineStateManager (PipelineStateManager.java:addPipeline(56)) - Created pipeline Pipeline[ Id: b1774699-f7c8-4efd-8107-bc7729ddfa7c, Nodes: 907b1d85-921a-4b54-95cf-3b6d265b7708{ip: 192.168.34.33, host: pr-hdds-2142-clczg-3805722443, networkLocation: /default-rack, certSerialId: null}, Type:RATIS, Factor:ONE, State:OPEN]
2019-09-17 13:30:39,778 [grpc-default-executor-2] INFO  impl.RaftServerProxy (RaftServerProxy.java:addNew(89)) - a81a690c-2132-40d9-88d0-9c9c8dde2df6: addNew group-4CF0E9F084F2:[a81a690c-2132-40d9-88d0-9c9c8dde2df6:192.168.34.33:38556] returns group-4CF0E9F084F2:java.util.concurrent.CompletableFuture@4faeac46[Not completed]
2019-09-17 13:30:39,779 [pool-413-thread-1] INFO  impl.RaftServerImpl (RaftServerImpl.java:<init>(95)) - a81a690c-2132-40d9-88d0-9c9c8dde2df6: new RaftServerImpl for group-4CF0E9F084F2:[a81a690c-2132-40d9-88d0-9c9c8dde2df6:192.168.34.33:38556] with ContainerStateMachine:uninitialized
2019-09-17 13:30:39,779 [pool-413-thread-1] INFO  server.RaftServerConfigKeys (ConfUtils.java:logGet(43)) - raft.server.rpc.timeout.min = 5s (custom)
2019-09-17 13:30:39,779 [pool-413-thread-1] INFO  server.RaftServerConfigKeys (ConfUtils.java:logGet(43)) - raft.server.rpc.timeout.max = 5200ms (custom)
2019-09-17 13:30:39,779 [pool-413-thread-1] INFO  server.RaftServerConfigKeys (ConfUtils.java:logGet(43)) - raft.server.rpcslowness.timeout = 120s (custom)
2019-09-17 13:30:39,779 [pool-413-thread-1] INFO  server.RaftServerConfigKeys (ConfUtils.java:logGet(43)) - raft.server.sleep.deviation.threshold = 300 (default)
2019-09-17 13:30:39,779 [pool-413-thread-1] INFO  server.RaftServerConfigKeys (ConfUtils.java:logGet(43)) - raft.server.log.appender.install.snapshot.enabled = false (custom)
2019-09-17 13:30:39,779 [pool-413-thread-1] INFO  impl.RaftServerImpl (ServerState.java:<init>(103)) - a81a690c-2132-40d9-88d0-9c9c8dde2df6@group-4CF0E9F084F2: ConfigurationManager, init=-1: [a81a690c-2132-40d9-88d0-9c9c8dde2df6:192.168.34.33:38556], old=null, confs=<EMPTY_MAP>
2019-09-17 13:30:39,780 [pool-413-thread-1] INFO  server.RaftServerConfigKeys (ConfUtils.java:logGet(43)) - raft.server.storage.dir = [/workdir/hadoop-ozone/integration-test/target/test-dir/MiniOzoneClusterImpl-6ec8a423-e5b5-4811-9e7d-10b5a96c883d/datanode-3/data/ratis] (custom)
2019-09-17 13:30:39,780 [pool-413-thread-1] INFO  storage.RaftStorageDirectory (RaftStorageDirectory.java:analyzeStorage(246)) - The storage directory /workdir/hadoop-ozone/integration-test/target/test-dir/MiniOzoneClusterImpl-6ec8a423-e5b5-4811-9e7d-10b5a96c883d/datanode-3/data/ratis/18a88adb-4456-4f19-aa44-4cf0e9f084f2 does not exist. Creating ...
2019-09-17 13:30:39,787 [IPC Server handler 4 on 38425] INFO  net.NetworkTopology (NetworkTopologyImpl.java:add(111)) - Added a new node: /default-rack/d934695d-6e14-4458-a381-4bb9e1464b13
2019-09-17 13:30:39,788 [IPC Server handler 4 on 38425] INFO  node.SCMNodeManager (SCMNodeManager.java:register(266)) - Registered Data node : d934695d-6e14-4458-a381-4bb9e1464b13{ip: 192.168.34.33, host: pr-hdds-2142-clczg-3805722443, networkLocation: /default-rack, certSerialId: null}
2019-09-17 13:30:39,793 [pool-413-thread-1] INFO  storage.RaftStorageDirectory (RaftStorageDirectory.java:tryLock(328)) - Lock on /workdir/hadoop-ozone/integration-test/target/test-dir/MiniOzoneClusterImpl-6ec8a423-e5b5-4811-9e7d-10b5a96c883d/datanode-3/data/ratis/18a88adb-4456-4f19-aa44-4cf0e9f084f2/in_use.lock acquired by nodename 6366@pr-hdds-2142-clczg-3805722443
2019-09-17 13:30:39,807 [pool-413-thread-1] INFO  storage.RaftStorage (RaftStorage.java:format(72)) - Storage directory /workdir/hadoop-ozone/integration-test/target/test-dir/MiniOzoneClusterImpl-6ec8a423-e5b5-4811-9e7d-10b5a96c883d/datanode-3/data/ratis/18a88adb-4456-4f19-aa44-4cf0e9f084f2 has been successfully formatted.
2019-09-17 13:30:39,807 [pool-413-thread-1] INFO  ratis.ContainerStateMachine (ContainerStateMachine.java:loadSnapshot(230)) - group-4CF0E9F084F2: The snapshot info is null. Setting the last applied indexto:(t:0, i:~)
2019-09-17 13:30:39,807 [pool-413-thread-1] INFO  server.RaftServerConfigKeys (ConfUtils.java:logGet(43)) - raft.server.notification.no-leader.timeout = 120s (custom)
2019-09-17 13:30:39,807 [pool-413-thread-1] INFO  server.RaftServerConfigKeys (ConfUtils.java:logGet(43)) - raft.server.log.use.memory = false (default)
2019-09-17 13:30:39,807 [pool-413-thread-1] INFO  server.RaftServerConfigKeys (ConfUtils.java:logGet(43)) - raft.server.log.purge.gap = 1000000 (custom)
2019-09-17 13:30:39,808 [pool-413-thread-1] INFO  server.RaftServerConfigKeys (ConfUtils.java:logGet(43)) - raft.server.log.appender.buffer.byte-limit = 33554432 (custom)
2019-09-17 13:30:39,808 [pool-413-thread-1] INFO  server.RaftServerConfigKeys (ConfUtils.java:logGet(43)) - raft.server.log.segment.size.max = 1048576 (custom)
2019-09-17 13:30:39,808 [pool-413-thread-1] INFO  server.RaftServerConfigKeys (ConfUtils.java:logGet(43)) - raft.server.log.segment.cache.num.max = 2 (custom)
2019-09-17 13:30:39,808 [pool-413-thread-1] INFO  segmented.SegmentedRaftLogWorker (SegmentedRaftLogWorker.java:<init>(172)) - new a81a690c-2132-40d9-88d0-9c9c8dde2df6@group-4CF0E9F084F2-SegmentedRaftLogWorker for RaftStorage:Storage Directory /workdir/hadoop-ozone/integration-test/target/test-dir/MiniOzoneClusterImpl-6ec8a423-e5b5-4811-9e7d-10b5a96c883d/datanode-3/data/ratis/18a88adb-4456-4f19-aa44-4cf0e9f084f2
2019-09-17 13:30:39,809 [pool-413-thread-1] INFO  server.RaftServerConfigKeys (ConfUtils.java:logGet(43)) - raft.server.log.queue.byte-limit = 2147483647 (custom)
2019-09-17 13:30:39,809 [pool-413-thread-1] INFO  server.RaftServerConfigKeys (ConfUtils.java:logGet(43)) - raft.server.log.queue.element-limit = 1024 (custom)
2019-09-17 13:30:39,810 [pool-413-thread-1] INFO  server.RaftServerConfigKeys (ConfUtils.java:logGet(43)) - raft.server.log.segment.size.max = 1048576 (custom)
2019-09-17 13:30:39,810 [pool-413-thread-1] INFO  server.RaftServerConfigKeys (ConfUtils.java:logGet(43)) - raft.server.log.preallocated.size = 16384 (custom)
2019-09-17 13:30:39,810 [pool-413-thread-1] INFO  server.RaftServerConfigKeys (ConfUtils.java:logGet(43)) - raft.server.log.write.buffer.size = 33554432 (custom)
2019-09-17 13:30:39,810 [pool-413-thread-1] INFO  server.RaftServerConfigKeys (ConfUtils.java:logGet(43)) - raft.server.log.force.sync.num = 128 (default)
2019-09-17 13:30:39,810 [pool-413-thread-1] INFO  server.RaftServerConfigKeys (ConfUtils.java:logGet(43)) - raft.server.log.statemachine.data.sync = true (default)
2019-09-17 13:30:39,810 [pool-413-thread-1] INFO  server.RaftServerConfigKeys (ConfUtils.java:logGet(43)) - raft.server.log.statemachine.data.sync.timeout = 10s (default)
2019-09-17 13:30:39,810 [pool-413-thread-1] INFO  server.RaftServerConfigKeys (ConfUtils.java:logGet(43)) - raft.server.log.statemachine.data.sync.timeout.retry = -1 (default)
2019-09-17 13:30:39,810 [pool-413-thread-1] INFO  server.RaftServerConfigKeys (ConfUtils.java:logGet(43)) - raft.server.log.statemachine.data.caching.enabled = true (custom)
2019-09-17 13:30:39,811 [pool-413-thread-1] INFO  segmented.SegmentedRaftLogWorker (SegmentedRaftLogWorker.java:lambda$new$0(132)) - a81a690c-2132-40d9-88d0-9c9c8dde2df6@group-4CF0E9F084F2-SegmentedRaftLogWorker: flushIndex: setUnconditionally 0 -> -1
2019-09-17 13:30:39,811 [pool-413-thread-1] INFO  server.RaftServerConfigKeys (ConfUtils.java:logGet(43)) - raft.server.snapshot.auto.trigger.enabled = true (custom)
2019-09-17 13:30:39,811 [pool-413-thread-1] INFO  server.RaftServerConfigKeys (ConfUtils.java:logGet(43)) - raft.server.snapshot.auto.trigger.threshold = 10000 (custom)
2019-09-17 13:30:39,811 [pool-413-thread-1] INFO  server.RaftServerConfigKeys (ConfUtils.java:logGet(43)) - raft.server.snapshot.retention.num.files = 5 (custom)
2019-09-17 13:30:39,811 [pool-413-thread-1] INFO  server.RaftServerConfigKeys (ConfUtils.java:logGet(43)) - raft.server.retrycache.expirytime = 600000ms (custom)
2019-09-17 13:30:39,812 [pool-413-thread-1] INFO  impl.RaftServerImpl (RaftServerImpl.java:start(185)) - a81a690c-2132-40d9-88d0-9c9c8dde2df6@group-4CF0E9F084F2: start as a follower, conf=-1: [a81a690c-2132-40d9-88d0-9c9c8dde2df6:192.168.34.33:38556], old=null
2019-09-17 13:30:39,813 [pool-413-thread-1] INFO  impl.RaftServerImpl (RaftServerImpl.java:setRole(174)) - a81a690c-2132-40d9-88d0-9c9c8dde2df6@group-4CF0E9F084F2: changes role from      null to FOLLOWER at term 0 for startAsFollower
2019-09-17 13:30:39,813 [pool-413-thread-1] INFO  impl.RoleInfo (RoleInfo.java:updateAndGet(143)) - a81a690c-2132-40d9-88d0-9c9c8dde2df6: start FollowerState
2019-09-17 13:30:39,813 [pool-413-thread-1] INFO  util.JmxRegister (JmxRegister.java:tryRegister(44)) - Successfully registered JMX Bean with object name Ratis:service=RaftServer,group=group-4CF0E9F084F2,id=a81a690c-2132-40d9-88d0-9c9c8dde2df6
2019-09-17 13:30:39,815 [RatisPipelineUtilsThread] INFO  pipeline.PipelineStateManager (PipelineStateManager.java:addPipeline(56)) - Created pipeline Pipeline[ Id: 18a88adb-4456-4f19-aa44-4cf0e9f084f2, Nodes: a81a690c-2132-40d9-88d0-9c9c8dde2df6{ip: 192.168.34.33, host: pr-hdds-2142-clczg-3805722443, networkLocation: /default-rack, certSerialId: null}, Type:RATIS, Factor:ONE, State:OPEN]
2019-09-17 13:30:39,823 [grpc-default-executor-2] INFO  impl.RaftServerProxy (RaftServerProxy.java:addNew(89)) - d934695d-6e14-4458-a381-4bb9e1464b13: addNew group-55BC987AEDAE:[d934695d-6e14-4458-a381-4bb9e1464b13:192.168.34.33:40027] returns group-55BC987AEDAE:java.util.concurrent.CompletableFuture@216c4fb4[Not completed]
2019-09-17 13:30:39,824 [pool-433-thread-1] INFO  impl.RaftServerImpl (RaftServerImpl.java:<init>(95)) - d934695d-6e14-4458-a381-4bb9e1464b13: new RaftServerImpl for group-55BC987AEDAE:[d934695d-6e14-4458-a381-4bb9e1464b13:192.168.34.33:40027] with ContainerStateMachine:uninitialized
2019-09-17 13:30:39,824 [pool-433-thread-1] INFO  server.RaftServerConfigKeys (ConfUtils.java:logGet(43)) - raft.server.rpc.timeout.min = 5s (custom)
2019-09-17 13:30:39,824 [pool-433-thread-1] INFO  server.RaftServerConfigKeys (ConfUtils.java:logGet(43)) - raft.server.rpc.timeout.max = 5200ms (custom)
2019-09-17 13:30:39,825 [pool-433-thread-1] INFO  server.RaftServerConfigKeys (ConfUtils.java:logGet(43)) - raft.server.rpcslowness.timeout = 120s (custom)
2019-09-17 13:30:39,825 [pool-433-thread-1] INFO  server.RaftServerConfigKeys (ConfUtils.java:logGet(43)) - raft.server.sleep.deviation.threshold = 300 (default)
2019-09-17 13:30:39,825 [pool-433-thread-1] INFO  server.RaftServerConfigKeys (ConfUtils.java:logGet(43)) - raft.server.log.appender.install.snapshot.enabled = false (custom)
2019-09-17 13:30:39,825 [pool-433-thread-1] INFO  impl.RaftServerImpl (ServerState.java:<init>(103)) - d934695d-6e14-4458-a381-4bb9e1464b13@group-55BC987AEDAE: ConfigurationManager, init=-1: [d934695d-6e14-4458-a381-4bb9e1464b13:192.168.34.33:40027], old=null, confs=<EMPTY_MAP>
2019-09-17 13:30:39,825 [pool-433-thread-1] INFO  server.RaftServerConfigKeys (ConfUtils.java:logGet(43)) - raft.server.storage.dir = [/workdir/hadoop-ozone/integration-test/target/test-dir/MiniOzoneClusterImpl-6ec8a423-e5b5-4811-9e7d-10b5a96c883d/datanode-5/data/ratis] (custom)
2019-09-17 13:30:39,826 [pool-433-thread-1] INFO  storage.RaftStorageDirectory (RaftStorageDirectory.java:analyzeStorage(246)) - The storage directory /workdir/hadoop-ozone/integration-test/target/test-dir/MiniOzoneClusterImpl-6ec8a423-e5b5-4811-9e7d-10b5a96c883d/datanode-5/data/ratis/0bec7811-31d4-459b-9557-55bc987aedae does not exist. Creating ...
2019-09-17 13:30:39,839 [pool-433-thread-1] INFO  storage.RaftStorageDirectory (RaftStorageDirectory.java:tryLock(328)) - Lock on /workdir/hadoop-ozone/integration-test/target/test-dir/MiniOzoneClusterImpl-6ec8a423-e5b5-4811-9e7d-10b5a96c883d/datanode-5/data/ratis/0bec7811-31d4-459b-9557-55bc987aedae/in_use.lock acquired by nodename 6366@pr-hdds-2142-clczg-3805722443
2019-09-17 13:30:39,852 [pool-433-thread-1] INFO  storage.RaftStorage (RaftStorage.java:format(72)) - Storage directory /workdir/hadoop-ozone/integration-test/target/test-dir/MiniOzoneClusterImpl-6ec8a423-e5b5-4811-9e7d-10b5a96c883d/datanode-5/data/ratis/0bec7811-31d4-459b-9557-55bc987aedae has been successfully formatted.
2019-09-17 13:30:39,853 [pool-433-thread-1] INFO  ratis.ContainerStateMachine (ContainerStateMachine.java:loadSnapshot(230)) - group-55BC987AEDAE: The snapshot info is null. Setting the last applied indexto:(t:0, i:~)
2019-09-17 13:30:39,853 [pool-433-thread-1] INFO  server.RaftServerConfigKeys (ConfUtils.java:logGet(43)) - raft.server.notification.no-leader.timeout = 120s (custom)
2019-09-17 13:30:39,853 [pool-433-thread-1] INFO  server.RaftServerConfigKeys (ConfUtils.java:logGet(43)) - raft.server.log.use.memory = false (default)
2019-09-17 13:30:39,853 [pool-433-thread-1] INFO  server.RaftServerConfigKeys (ConfUtils.java:logGet(43)) - raft.server.log.purge.gap = 1000000 (custom)
2019-09-17 13:30:39,853 [pool-433-thread-1] INFO  server.RaftServerConfigKeys (ConfUtils.java:logGet(43)) - raft.server.log.appender.buffer.byte-limit = 33554432 (custom)
2019-09-17 13:30:39,853 [pool-433-thread-1] INFO  server.RaftServerConfigKeys (ConfUtils.java:logGet(43)) - raft.server.log.segment.size.max = 1048576 (custom)
2019-09-17 13:30:39,853 [pool-433-thread-1] INFO  server.RaftServerConfigKeys (ConfUtils.java:logGet(43)) - raft.server.log.segment.cache.num.max = 2 (custom)
2019-09-17 13:30:39,853 [pool-433-thread-1] INFO  segmented.SegmentedRaftLogWorker (SegmentedRaftLogWorker.java:<init>(172)) - new d934695d-6e14-4458-a381-4bb9e1464b13@group-55BC987AEDAE-SegmentedRaftLogWorker for RaftStorage:Storage Directory /workdir/hadoop-ozone/integration-test/target/test-dir/MiniOzoneClusterImpl-6ec8a423-e5b5-4811-9e7d-10b5a96c883d/datanode-5/data/ratis/0bec7811-31d4-459b-9557-55bc987aedae
2019-09-17 13:30:39,855 [pool-433-thread-1] INFO  server.RaftServerConfigKeys (ConfUtils.java:logGet(43)) - raft.server.log.queue.byte-limit = 2147483647 (custom)
2019-09-17 13:30:39,855 [pool-433-thread-1] INFO  server.RaftServerConfigKeys (ConfUtils.java:logGet(43)) - raft.server.log.queue.element-limit = 1024 (custom)
2019-09-17 13:30:39,855 [pool-433-thread-1] INFO  server.RaftServerConfigKeys (ConfUtils.java:logGet(43)) - raft.server.log.segment.size.max = 1048576 (custom)
2019-09-17 13:30:39,855 [pool-433-thread-1] INFO  server.RaftServerConfigKeys (ConfUtils.java:logGet(43)) - raft.server.log.preallocated.size = 16384 (custom)
2019-09-17 13:30:39,856 [pool-433-thread-1] INFO  server.RaftServerConfigKeys (ConfUtils.java:logGet(43)) - raft.server.log.write.buffer.size = 33554432 (custom)
2019-09-17 13:30:39,856 [pool-433-thread-1] INFO  server.RaftServerConfigKeys (ConfUtils.java:logGet(43)) - raft.server.log.force.sync.num = 128 (default)
2019-09-17 13:30:39,856 [pool-433-thread-1] INFO  server.RaftServerConfigKeys (ConfUtils.java:logGet(43)) - raft.server.log.statemachine.data.sync = true (default)
2019-09-17 13:30:39,856 [pool-433-thread-1] INFO  server.RaftServerConfigKeys (ConfUtils.java:logGet(43)) - raft.server.log.statemachine.data.sync.timeout = 10s (default)
2019-09-17 13:30:39,856 [pool-433-thread-1] INFO  server.RaftServerConfigKeys (ConfUtils.java:logGet(43)) - raft.server.log.statemachine.data.sync.timeout.retry = -1 (default)
2019-09-17 13:30:39,856 [pool-433-thread-1] INFO  server.RaftServerConfigKeys (ConfUtils.java:logGet(43)) - raft.server.log.statemachine.data.caching.enabled = true (custom)
2019-09-17 13:30:39,857 [pool-433-thread-1] INFO  segmented.SegmentedRaftLogWorker (SegmentedRaftLogWorker.java:lambda$new$0(132)) - d934695d-6e14-4458-a381-4bb9e1464b13@group-55BC987AEDAE-SegmentedRaftLogWorker: flushIndex: setUnconditionally 0 -> -1
2019-09-17 13:30:39,857 [pool-433-thread-1] INFO  server.RaftServerConfigKeys (ConfUtils.java:logGet(43)) - raft.server.snapshot.auto.trigger.enabled = true (custom)
2019-09-17 13:30:39,857 [pool-433-thread-1] INFO  server.RaftServerConfigKeys (ConfUtils.java:logGet(43)) - raft.server.snapshot.auto.trigger.threshold = 10000 (custom)
2019-09-17 13:30:39,858 [pool-433-thread-1] INFO  server.RaftServerConfigKeys (ConfUtils.java:logGet(43)) - raft.server.snapshot.retention.num.files = 5 (custom)
2019-09-17 13:30:39,858 [pool-433-thread-1] INFO  server.RaftServerConfigKeys (ConfUtils.java:logGet(43)) - raft.server.retrycache.expirytime = 600000ms (custom)
2019-09-17 13:30:39,860 [pool-433-thread-1] INFO  impl.RaftServerImpl (RaftServerImpl.java:start(185)) - d934695d-6e14-4458-a381-4bb9e1464b13@group-55BC987AEDAE: start as a follower, conf=-1: [d934695d-6e14-4458-a381-4bb9e1464b13:192.168.34.33:40027], old=null
2019-09-17 13:30:39,860 [pool-433-thread-1] INFO  impl.RaftServerImpl (RaftServerImpl.java:setRole(174)) - d934695d-6e14-4458-a381-4bb9e1464b13@group-55BC987AEDAE: changes role from      null to FOLLOWER at term 0 for startAsFollower
2019-09-17 13:30:39,860 [pool-433-thread-1] INFO  impl.RoleInfo (RoleInfo.java:updateAndGet(143)) - d934695d-6e14-4458-a381-4bb9e1464b13: start FollowerState
2019-09-17 13:30:39,860 [pool-433-thread-1] INFO  util.JmxRegister (JmxRegister.java:tryRegister(44)) - Successfully registered JMX Bean with object name Ratis:service=RaftServer,group=group-55BC987AEDAE,id=d934695d-6e14-4458-a381-4bb9e1464b13
2019-09-17 13:30:39,862 [RatisPipelineUtilsThread] INFO  pipeline.PipelineStateManager (PipelineStateManager.java:addPipeline(56)) - Created pipeline Pipeline[ Id: 0bec7811-31d4-459b-9557-55bc987aedae, Nodes: d934695d-6e14-4458-a381-4bb9e1464b13{ip: 192.168.34.33, host: pr-hdds-2142-clczg-3805722443, networkLocation: /default-rack, certSerialId: null}, Type:RATIS, Factor:ONE, State:OPEN]
2019-09-17 13:30:39,872 [main] INFO  ozone.MiniOzoneClusterImpl (MiniOzoneClusterImpl.java:lambda$waitForClusterToBeReady$0(145)) - Waiting for cluster to be ready. Got 6 of 7 DN Heartbeats.
2019-09-17 13:30:39,874 [IPC Server handler 0 on 38425] INFO  net.NetworkTopology (NetworkTopologyImpl.java:add(111)) - Added a new node: /default-rack/3e8e93f3-d5b1-4ac2-a4b4-f44228f27350
2019-09-17 13:30:39,874 [IPC Server handler 0 on 38425] INFO  node.SCMNodeManager (SCMNodeManager.java:register(266)) - Registered Data node : 3e8e93f3-d5b1-4ac2-a4b4-f44228f27350{ip: 192.168.34.33, host: pr-hdds-2142-clczg-3805722443, networkLocation: /default-rack, certSerialId: null}
2019-09-17 13:30:39,875 [grpc-default-executor-15] INFO  impl.RaftServerProxy (RaftServerProxy.java:addNew(89)) - 907b1d85-921a-4b54-95cf-3b6d265b7708: addNew group-AC796F0D3B1C:[907b1d85-921a-4b54-95cf-3b6d265b7708:192.168.34.33:41150, a81a690c-2132-40d9-88d0-9c9c8dde2df6:192.168.34.33:38556, d934695d-6e14-4458-a381-4bb9e1464b13:192.168.34.33:40027] returns group-AC796F0D3B1C:java.util.concurrent.CompletableFuture@6c8dd1f6[Not completed]
2019-09-17 13:30:39,875 [grpc-default-executor-9] INFO  impl.RaftServerProxy (RaftServerProxy.java:addNew(89)) - d934695d-6e14-4458-a381-4bb9e1464b13: addNew group-AC796F0D3B1C:[907b1d85-921a-4b54-95cf-3b6d265b7708:192.168.34.33:41150, a81a690c-2132-40d9-88d0-9c9c8dde2df6:192.168.34.33:38556, d934695d-6e14-4458-a381-4bb9e1464b13:192.168.34.33:40027] returns group-AC796F0D3B1C:java.util.concurrent.CompletableFuture@febbd4c[Not completed]
2019-09-17 13:30:39,876 [grpc-default-executor-2] INFO  impl.RaftServerProxy (RaftServerProxy.java:addNew(89)) - a81a690c-2132-40d9-88d0-9c9c8dde2df6: addNew group-AC796F0D3B1C:[907b1d85-921a-4b54-95cf-3b6d265b7708:192.168.34.33:41150, a81a690c-2132-40d9-88d0-9c9c8dde2df6:192.168.34.33:38556, d934695d-6e14-4458-a381-4bb9e1464b13:192.168.34.33:40027] returns group-AC796F0D3B1C:java.util.concurrent.CompletableFuture@6cc6a40f[Not completed]
2019-09-17 13:30:39,878 [pool-423-thread-1] INFO  impl.RaftServerImpl (RaftServerImpl.java:<init>(95)) - 907b1d85-921a-4b54-95cf-3b6d265b7708: new RaftServerImpl for group-AC796F0D3B1C:[907b1d85-921a-4b54-95cf-3b6d265b7708:192.168.34.33:41150, a81a690c-2132-40d9-88d0-9c9c8dde2df6:192.168.34.33:38556, d934695d-6e14-4458-a381-4bb9e1464b13:192.168.34.33:40027] with ContainerStateMachine:uninitialized
2019-09-17 13:30:39,878 [pool-423-thread-1] INFO  server.RaftServerConfigKeys (ConfUtils.java:logGet(43)) - raft.server.rpc.timeout.min = 5s (custom)
2019-09-17 13:30:39,878 [pool-423-thread-1] INFO  server.RaftServerConfigKeys (ConfUtils.java:logGet(43)) - raft.server.rpc.timeout.max = 5200ms (custom)
2019-09-17 13:30:39,878 [pool-423-thread-1] INFO  server.RaftServerConfigKeys (ConfUtils.java:logGet(43)) - raft.server.rpcslowness.timeout = 120s (custom)
2019-09-17 13:30:39,878 [pool-423-thread-1] INFO  server.RaftServerConfigKeys (ConfUtils.java:logGet(43)) - raft.server.sleep.deviation.threshold = 300 (default)
2019-09-17 13:30:39,878 [pool-423-thread-1] INFO  server.RaftServerConfigKeys (ConfUtils.java:logGet(43)) - raft.server.log.appender.install.snapshot.enabled = false (custom)
2019-09-17 13:30:39,878 [pool-413-thread-1] INFO  impl.RaftServerImpl (RaftServerImpl.java:<init>(95)) - a81a690c-2132-40d9-88d0-9c9c8dde2df6: new RaftServerImpl for group-AC796F0D3B1C:[907b1d85-921a-4b54-95cf-3b6d265b7708:192.168.34.33:41150, a81a690c-2132-40d9-88d0-9c9c8dde2df6:192.168.34.33:38556, d934695d-6e14-4458-a381-4bb9e1464b13:192.168.34.33:40027] with ContainerStateMachine:uninitialized
2019-09-17 13:30:39,878 [pool-423-thread-1] INFO  impl.RaftServerImpl (ServerState.java:<init>(103)) - 907b1d85-921a-4b54-95cf-3b6d265b7708@group-AC796F0D3B1C: ConfigurationManager, init=-1: [907b1d85-921a-4b54-95cf-3b6d265b7708:192.168.34.33:41150, a81a690c-2132-40d9-88d0-9c9c8dde2df6:192.168.34.33:38556, d934695d-6e14-4458-a381-4bb9e1464b13:192.168.34.33:40027], old=null, confs=<EMPTY_MAP>
2019-09-17 13:30:39,878 [pool-413-thread-1] INFO  server.RaftServerConfigKeys (ConfUtils.java:logGet(43)) - raft.server.rpc.timeout.min = 5s (custom)
2019-09-17 13:30:39,879 [pool-423-thread-1] INFO  server.RaftServerConfigKeys (ConfUtils.java:logGet(43)) - raft.server.storage.dir = [/workdir/hadoop-ozone/integration-test/target/test-dir/MiniOzoneClusterImpl-6ec8a423-e5b5-4811-9e7d-10b5a96c883d/datanode-4/data/ratis] (custom)
2019-09-17 13:30:39,879 [pool-413-thread-1] INFO  server.RaftServerConfigKeys (ConfUtils.java:logGet(43)) - raft.server.rpc.timeout.max = 5200ms (custom)
2019-09-17 13:30:39,879 [pool-433-thread-1] INFO  impl.RaftServerImpl (RaftServerImpl.java:<init>(95)) - d934695d-6e14-4458-a381-4bb9e1464b13: new RaftServerImpl for group-AC796F0D3B1C:[907b1d85-921a-4b54-95cf-3b6d265b7708:192.168.34.33:41150, a81a690c-2132-40d9-88d0-9c9c8dde2df6:192.168.34.33:38556, d934695d-6e14-4458-a381-4bb9e1464b13:192.168.34.33:40027] with ContainerStateMachine:uninitialized
2019-09-17 13:30:39,879 [pool-413-thread-1] INFO  server.RaftServerConfigKeys (ConfUtils.java:logGet(43)) - raft.server.rpcslowness.timeout = 120s (custom)
2019-09-17 13:30:39,879 [pool-433-thread-1] INFO  server.RaftServerConfigKeys (ConfUtils.java:logGet(43)) - raft.server.rpc.timeout.min = 5s (custom)
2019-09-17 13:30:39,879 [pool-423-thread-1] INFO  storage.RaftStorageDirectory (RaftStorageDirectory.java:analyzeStorage(246)) - The storage directory /workdir/hadoop-ozone/integration-test/target/test-dir/MiniOzoneClusterImpl-6ec8a423-e5b5-4811-9e7d-10b5a96c883d/datanode-4/data/ratis/ef920eff-4e06-434f-981e-ac796f0d3b1c does not exist. Creating ...
2019-09-17 13:30:39,879 [pool-433-thread-1] INFO  server.RaftServerConfigKeys (ConfUtils.java:logGet(43)) - raft.server.rpc.timeout.max = 5200ms (custom)
2019-09-17 13:30:39,879 [pool-413-thread-1] INFO  server.RaftServerConfigKeys (ConfUtils.java:logGet(43)) - raft.server.sleep.deviation.threshold = 300 (default)
2019-09-17 13:30:39,879 [pool-433-thread-1] INFO  server.RaftServerConfigKeys (ConfUtils.java:logGet(43)) - raft.server.rpcslowness.timeout = 120s (custom)
2019-09-17 13:30:39,879 [pool-413-thread-1] INFO  server.RaftServerConfigKeys (ConfUtils.java:logGet(43)) - raft.server.log.appender.install.snapshot.enabled = false (custom)
2019-09-17 13:30:39,879 [pool-433-thread-1] INFO  server.RaftServerConfigKeys (ConfUtils.java:logGet(43)) - raft.server.sleep.deviation.threshold = 300 (default)
2019-09-17 13:30:39,880 [pool-413-thread-1] INFO  impl.RaftServerImpl (ServerState.java:<init>(103)) - a81a690c-2132-40d9-88d0-9c9c8dde2df6@group-AC796F0D3B1C: ConfigurationManager, init=-1: [907b1d85-921a-4b54-95cf-3b6d265b7708:192.168.34.33:41150, a81a690c-2132-40d9-88d0-9c9c8dde2df6:192.168.34.33:38556, d934695d-6e14-4458-a381-4bb9e1464b13:192.168.34.33:40027], old=null, confs=<EMPTY_MAP>
2019-09-17 13:30:39,880 [pool-433-thread-1] INFO  server.RaftServerConfigKeys (ConfUtils.java:logGet(43)) - raft.server.log.appender.install.snapshot.enabled = false (custom)
2019-09-17 13:30:39,880 [pool-413-thread-1] INFO  server.RaftServerConfigKeys (ConfUtils.java:logGet(43)) - raft.server.storage.dir = [/workdir/hadoop-ozone/integration-test/target/test-dir/MiniOzoneClusterImpl-6ec8a423-e5b5-4811-9e7d-10b5a96c883d/datanode-3/data/ratis] (custom)
2019-09-17 13:30:39,880 [pool-433-thread-1] INFO  impl.RaftServerImpl (ServerState.java:<init>(103)) - d934695d-6e14-4458-a381-4bb9e1464b13@group-AC796F0D3B1C: ConfigurationManager, init=-1: [907b1d85-921a-4b54-95cf-3b6d265b7708:192.168.34.33:41150, a81a690c-2132-40d9-88d0-9c9c8dde2df6:192.168.34.33:38556, d934695d-6e14-4458-a381-4bb9e1464b13:192.168.34.33:40027], old=null, confs=<EMPTY_MAP>
2019-09-17 13:30:39,880 [pool-433-thread-1] INFO  server.RaftServerConfigKeys (ConfUtils.java:logGet(43)) - raft.server.storage.dir = [/workdir/hadoop-ozone/integration-test/target/test-dir/MiniOzoneClusterImpl-6ec8a423-e5b5-4811-9e7d-10b5a96c883d/datanode-5/data/ratis] (custom)
2019-09-17 13:30:39,880 [pool-413-thread-1] INFO  storage.RaftStorageDirectory (RaftStorageDirectory.java:analyzeStorage(246)) - The storage directory /workdir/hadoop-ozone/integration-test/target/test-dir/MiniOzoneClusterImpl-6ec8a423-e5b5-4811-9e7d-10b5a96c883d/datanode-3/data/ratis/ef920eff-4e06-434f-981e-ac796f0d3b1c does not exist. Creating ...
2019-09-17 13:30:39,880 [pool-433-thread-1] INFO  storage.RaftStorageDirectory (RaftStorageDirectory.java:analyzeStorage(246)) - The storage directory /workdir/hadoop-ozone/integration-test/target/test-dir/MiniOzoneClusterImpl-6ec8a423-e5b5-4811-9e7d-10b5a96c883d/datanode-5/data/ratis/ef920eff-4e06-434f-981e-ac796f0d3b1c does not exist. Creating ...
2019-09-17 13:30:39,893 [pool-413-thread-1] INFO  storage.RaftStorageDirectory (RaftStorageDirectory.java:tryLock(328)) - Lock on /workdir/hadoop-ozone/integration-test/target/test-dir/MiniOzoneClusterImpl-6ec8a423-e5b5-4811-9e7d-10b5a96c883d/datanode-3/data/ratis/ef920eff-4e06-434f-981e-ac796f0d3b1c/in_use.lock acquired by nodename 6366@pr-hdds-2142-clczg-3805722443
2019-09-17 13:30:39,893 [pool-433-thread-1] INFO  storage.RaftStorageDirectory (RaftStorageDirectory.java:tryLock(328)) - Lock on /workdir/hadoop-ozone/integration-test/target/test-dir/MiniOzoneClusterImpl-6ec8a423-e5b5-4811-9e7d-10b5a96c883d/datanode-5/data/ratis/ef920eff-4e06-434f-981e-ac796f0d3b1c/in_use.lock acquired by nodename 6366@pr-hdds-2142-clczg-3805722443
2019-09-17 13:30:39,893 [pool-423-thread-1] INFO  storage.RaftStorageDirectory (RaftStorageDirectory.java:tryLock(328)) - Lock on /workdir/hadoop-ozone/integration-test/target/test-dir/MiniOzoneClusterImpl-6ec8a423-e5b5-4811-9e7d-10b5a96c883d/datanode-4/data/ratis/ef920eff-4e06-434f-981e-ac796f0d3b1c/in_use.lock acquired by nodename 6366@pr-hdds-2142-clczg-3805722443
2019-09-17 13:30:39,907 [pool-433-thread-1] INFO  storage.RaftStorage (RaftStorage.java:format(72)) - Storage directory /workdir/hadoop-ozone/integration-test/target/test-dir/MiniOzoneClusterImpl-6ec8a423-e5b5-4811-9e7d-10b5a96c883d/datanode-5/data/ratis/ef920eff-4e06-434f-981e-ac796f0d3b1c has been successfully formatted.
2019-09-17 13:30:39,907 [pool-413-thread-1] INFO  storage.RaftStorage (RaftStorage.java:format(72)) - Storage directory /workdir/hadoop-ozone/integration-test/target/test-dir/MiniOzoneClusterImpl-6ec8a423-e5b5-4811-9e7d-10b5a96c883d/datanode-3/data/ratis/ef920eff-4e06-434f-981e-ac796f0d3b1c has been successfully formatted.
2019-09-17 13:30:39,907 [pool-423-thread-1] INFO  storage.RaftStorage (RaftStorage.java:format(72)) - Storage directory /workdir/hadoop-ozone/integration-test/target/test-dir/MiniOzoneClusterImpl-6ec8a423-e5b5-4811-9e7d-10b5a96c883d/datanode-4/data/ratis/ef920eff-4e06-434f-981e-ac796f0d3b1c has been successfully formatted.
2019-09-17 13:30:39,907 [pool-433-thread-1] INFO  ratis.ContainerStateMachine (ContainerStateMachine.java:loadSnapshot(230)) - group-AC796F0D3B1C: The snapshot info is null. Setting the last applied indexto:(t:0, i:~)
2019-09-17 13:30:39,907 [pool-423-thread-1] INFO  ratis.ContainerStateMachine (ContainerStateMachine.java:loadSnapshot(230)) - group-AC796F0D3B1C: The snapshot info is null. Setting the last applied indexto:(t:0, i:~)
2019-09-17 13:30:39,907 [pool-433-thread-1] INFO  server.RaftServerConfigKeys (ConfUtils.java:logGet(43)) - raft.server.notification.no-leader.timeout = 120s (custom)
2019-09-17 13:30:39,907 [pool-413-thread-1] INFO  ratis.ContainerStateMachine (ContainerStateMachine.java:loadSnapshot(230)) - group-AC796F0D3B1C: The snapshot info is null. Setting the last applied indexto:(t:0, i:~)
2019-09-17 13:30:39,907 [pool-433-thread-1] INFO  server.RaftServerConfigKeys (ConfUtils.java:logGet(43)) - raft.server.log.use.memory = false (default)
2019-09-17 13:30:39,907 [pool-423-thread-1] INFO  server.RaftServerConfigKeys (ConfUtils.java:logGet(43)) - raft.server.notification.no-leader.timeout = 120s (custom)
2019-09-17 13:30:39,908 [pool-433-thread-1] INFO  server.RaftServerConfigKeys (ConfUtils.java:logGet(43)) - raft.server.log.purge.gap = 1000000 (custom)
2019-09-17 13:30:39,908 [pool-413-thread-1] INFO  server.RaftServerConfigKeys (ConfUtils.java:logGet(43)) - raft.server.notification.no-leader.timeout = 120s (custom)
2019-09-17 13:30:39,908 [pool-433-thread-1] INFO  server.RaftServerConfigKeys (ConfUtils.java:logGet(43)) - raft.server.log.appender.buffer.byte-limit = 33554432 (custom)
2019-09-17 13:30:39,908 [pool-423-thread-1] INFO  server.RaftServerConfigKeys (ConfUtils.java:logGet(43)) - raft.server.log.use.memory = false (default)
2019-09-17 13:30:39,908 [pool-433-thread-1] INFO  server.RaftServerConfigKeys (ConfUtils.java:logGet(43)) - raft.server.log.segment.size.max = 1048576 (custom)
2019-09-17 13:30:39,908 [pool-413-thread-1] INFO  server.RaftServerConfigKeys (ConfUtils.java:logGet(43)) - raft.server.log.use.memory = false (default)
2019-09-17 13:30:39,908 [pool-433-thread-1] INFO  server.RaftServerConfigKeys (ConfUtils.java:logGet(43)) - raft.server.log.segment.cache.num.max = 2 (custom)
2019-09-17 13:30:39,908 [pool-423-thread-1] INFO  server.RaftServerConfigKeys (ConfUtils.java:logGet(43)) - raft.server.log.purge.gap = 1000000 (custom)
2019-09-17 13:30:39,909 [pool-433-thread-1] INFO  segmented.SegmentedRaftLogWorker (SegmentedRaftLogWorker.java:<init>(172)) - new d934695d-6e14-4458-a381-4bb9e1464b13@group-AC796F0D3B1C-SegmentedRaftLogWorker for RaftStorage:Storage Directory /workdir/hadoop-ozone/integration-test/target/test-dir/MiniOzoneClusterImpl-6ec8a423-e5b5-4811-9e7d-10b5a96c883d/datanode-5/data/ratis/ef920eff-4e06-434f-981e-ac796f0d3b1c
2019-09-17 13:30:39,909 [pool-433-thread-1] INFO  server.RaftServerConfigKeys (ConfUtils.java:logGet(43)) - raft.server.log.queue.byte-limit = 2147483647 (custom)
2019-09-17 13:30:39,908 [pool-413-thread-1] INFO  server.RaftServerConfigKeys (ConfUtils.java:logGet(43)) - raft.server.log.purge.gap = 1000000 (custom)
2019-09-17 13:30:39,909 [pool-433-thread-1] INFO  server.RaftServerConfigKeys (ConfUtils.java:logGet(43)) - raft.server.log.queue.element-limit = 1024 (custom)
2019-09-17 13:30:39,909 [pool-423-thread-1] INFO  server.RaftServerConfigKeys (ConfUtils.java:logGet(43)) - raft.server.log.appender.buffer.byte-limit = 33554432 (custom)
2019-09-17 13:30:39,909 [pool-433-thread-1] INFO  server.RaftServerConfigKeys (ConfUtils.java:logGet(43)) - raft.server.log.segment.size.max = 1048576 (custom)
2019-09-17 13:30:39,909 [pool-413-thread-1] INFO  server.RaftServerConfigKeys (ConfUtils.java:logGet(43)) - raft.server.log.appender.buffer.byte-limit = 33554432 (custom)
2019-09-17 13:30:39,909 [pool-433-thread-1] INFO  server.RaftServerConfigKeys (ConfUtils.java:logGet(43)) - raft.server.log.preallocated.size = 16384 (custom)
2019-09-17 13:30:39,909 [pool-423-thread-1] INFO  server.RaftServerConfigKeys (ConfUtils.java:logGet(43)) - raft.server.log.segment.size.max = 1048576 (custom)
2019-09-17 13:30:39,910 [pool-433-thread-1] INFO  server.RaftServerConfigKeys (ConfUtils.java:logGet(43)) - raft.server.log.write.buffer.size = 33554432 (custom)
2019-09-17 13:30:39,909 [pool-413-thread-1] INFO  server.RaftServerConfigKeys (ConfUtils.java:logGet(43)) - raft.server.log.segment.size.max = 1048576 (custom)
2019-09-17 13:30:39,910 [pool-433-thread-1] INFO  server.RaftServerConfigKeys (ConfUtils.java:logGet(43)) - raft.server.log.force.sync.num = 128 (default)
2019-09-17 13:30:39,910 [pool-423-thread-1] INFO  server.RaftServerConfigKeys (ConfUtils.java:logGet(43)) - raft.server.log.segment.cache.num.max = 2 (custom)
2019-09-17 13:30:39,910 [pool-433-thread-1] INFO  server.RaftServerConfigKeys (ConfUtils.java:logGet(43)) - raft.server.log.statemachine.data.sync = true (default)
2019-09-17 13:30:39,910 [pool-413-thread-1] INFO  server.RaftServerConfigKeys (ConfUtils.java:logGet(43)) - raft.server.log.segment.cache.num.max = 2 (custom)
2019-09-17 13:30:39,910 [pool-433-thread-1] INFO  server.RaftServerConfigKeys (ConfUtils.java:logGet(43)) - raft.server.log.statemachine.data.sync.timeout = 10s (default)
2019-09-17 13:30:39,910 [pool-423-thread-1] INFO  segmented.SegmentedRaftLogWorker (SegmentedRaftLogWorker.java:<init>(172)) - new 907b1d85-921a-4b54-95cf-3b6d265b7708@group-AC796F0D3B1C-SegmentedRaftLogWorker for RaftStorage:Storage Directory /workdir/hadoop-ozone/integration-test/target/test-dir/MiniOzoneClusterImpl-6ec8a423-e5b5-4811-9e7d-10b5a96c883d/datanode-4/data/ratis/ef920eff-4e06-434f-981e-ac796f0d3b1c
2019-09-17 13:30:39,910 [pool-433-thread-1] INFO  server.RaftServerConfigKeys (ConfUtils.java:logGet(43)) - raft.server.log.statemachine.data.sync.timeout.retry = -1 (default)
2019-09-17 13:30:39,910 [pool-413-thread-1] INFO  segmented.SegmentedRaftLogWorker (SegmentedRaftLogWorker.java:<init>(172)) - new a81a690c-2132-40d9-88d0-9c9c8dde2df6@group-AC796F0D3B1C-SegmentedRaftLogWorker for RaftStorage:Storage Directory /workdir/hadoop-ozone/integration-test/target/test-dir/MiniOzoneClusterImpl-6ec8a423-e5b5-4811-9e7d-10b5a96c883d/datanode-3/data/ratis/ef920eff-4e06-434f-981e-ac796f0d3b1c
2019-09-17 13:30:39,911 [pool-433-thread-1] INFO  server.RaftServerConfigKeys (ConfUtils.java:logGet(43)) - raft.server.log.statemachine.data.caching.enabled = true (custom)
2019-09-17 13:30:39,911 [pool-423-thread-1] INFO  server.RaftServerConfigKeys (ConfUtils.java:logGet(43)) - raft.server.log.queue.byte-limit = 2147483647 (custom)
2019-09-17 13:30:39,911 [pool-413-thread-1] INFO  server.RaftServerConfigKeys (ConfUtils.java:logGet(43)) - raft.server.log.queue.byte-limit = 2147483647 (custom)
2019-09-17 13:30:39,911 [pool-433-thread-1] INFO  segmented.SegmentedRaftLogWorker (SegmentedRaftLogWorker.java:lambda$new$0(132)) - d934695d-6e14-4458-a381-4bb9e1464b13@group-AC796F0D3B1C-SegmentedRaftLogWorker: flushIndex: setUnconditionally 0 -> -1
2019-09-17 13:30:39,911 [pool-423-thread-1] INFO  server.RaftServerConfigKeys (ConfUtils.java:logGet(43)) - raft.server.log.queue.element-limit = 1024 (custom)
2019-09-17 13:30:39,911 [pool-413-thread-1] INFO  server.RaftServerConfigKeys (ConfUtils.java:logGet(43)) - raft.server.log.queue.element-limit = 1024 (custom)
2019-09-17 13:30:39,911 [pool-433-thread-1] INFO  server.RaftServerConfigKeys (ConfUtils.java:logGet(43)) - raft.server.snapshot.auto.trigger.enabled = true (custom)
2019-09-17 13:30:39,911 [pool-423-thread-1] INFO  server.RaftServerConfigKeys (ConfUtils.java:logGet(43)) - raft.server.log.segment.size.max = 1048576 (custom)
2019-09-17 13:30:39,912 [pool-433-thread-1] INFO  server.RaftServerConfigKeys (ConfUtils.java:logGet(43)) - raft.server.snapshot.auto.trigger.threshold = 10000 (custom)
2019-09-17 13:30:39,912 [pool-413-thread-1] INFO  server.RaftServerConfigKeys (ConfUtils.java:logGet(43)) - raft.server.log.segment.size.max = 1048576 (custom)
2019-09-17 13:30:39,912 [pool-433-thread-1] INFO  server.RaftServerConfigKeys (ConfUtils.java:logGet(43)) - raft.server.snapshot.retention.num.files = 5 (custom)
2019-09-17 13:30:39,912 [pool-423-thread-1] INFO  server.RaftServerConfigKeys (ConfUtils.java:logGet(43)) - raft.server.log.preallocated.size = 16384 (custom)
2019-09-17 13:30:39,912 [pool-433-thread-1] INFO  server.RaftServerConfigKeys (ConfUtils.java:logGet(43)) - raft.server.retrycache.expirytime = 600000ms (custom)
2019-09-17 13:30:39,912 [pool-413-thread-1] INFO  server.RaftServerConfigKeys (ConfUtils.java:logGet(43)) - raft.server.log.preallocated.size = 16384 (custom)
2019-09-17 13:30:39,912 [pool-423-thread-1] INFO  server.RaftServerConfigKeys (ConfUtils.java:logGet(43)) - raft.server.log.write.buffer.size = 33554432 (custom)
2019-09-17 13:30:39,912 [pool-413-thread-1] INFO  server.RaftServerConfigKeys (ConfUtils.java:logGet(43)) - raft.server.log.write.buffer.size = 33554432 (custom)
2019-09-17 13:30:39,913 [pool-413-thread-1] INFO  server.RaftServerConfigKeys (ConfUtils.java:logGet(43)) - raft.server.log.force.sync.num = 128 (default)
2019-09-17 13:30:39,913 [pool-413-thread-1] INFO  server.RaftServerConfigKeys (ConfUtils.java:logGet(43)) - raft.server.log.statemachine.data.sync = true (default)
2019-09-17 13:30:39,912 [pool-423-thread-1] INFO  server.RaftServerConfigKeys (ConfUtils.java:logGet(43)) - raft.server.log.force.sync.num = 128 (default)
2019-09-17 13:30:39,913 [pool-413-thread-1] INFO  server.RaftServerConfigKeys (ConfUtils.java:logGet(43)) - raft.server.log.statemachine.data.sync.timeout = 10s (default)
2019-09-17 13:30:39,913 [pool-423-thread-1] INFO  server.RaftServerConfigKeys (ConfUtils.java:logGet(43)) - raft.server.log.statemachine.data.sync = true (default)
2019-09-17 13:30:39,913 [pool-413-thread-1] INFO  server.RaftServerConfigKeys (ConfUtils.java:logGet(43)) - raft.server.log.statemachine.data.sync.timeout.retry = -1 (default)
2019-09-17 13:30:39,913 [pool-423-thread-1] INFO  server.RaftServerConfigKeys (ConfUtils.java:logGet(43)) - raft.server.log.statemachine.data.sync.timeout = 10s (default)
2019-09-17 13:30:39,913 [pool-413-thread-1] INFO  server.RaftServerConfigKeys (ConfUtils.java:logGet(43)) - raft.server.log.statemachine.data.caching.enabled = true (custom)
2019-09-17 13:30:39,913 [pool-423-thread-1] INFO  server.RaftServerConfigKeys (ConfUtils.java:logGet(43)) - raft.server.log.statemachine.data.sync.timeout.retry = -1 (default)
2019-09-17 13:30:39,914 [pool-433-thread-1] INFO  impl.RaftServerImpl (RaftServerImpl.java:start(185)) - d934695d-6e14-4458-a381-4bb9e1464b13@group-AC796F0D3B1C: start as a follower, conf=-1: [907b1d85-921a-4b54-95cf-3b6d265b7708:192.168.34.33:41150, a81a690c-2132-40d9-88d0-9c9c8dde2df6:192.168.34.33:38556, d934695d-6e14-4458-a381-4bb9e1464b13:192.168.34.33:40027], old=null
2019-09-17 13:30:39,914 [pool-423-thread-1] INFO  server.RaftServerConfigKeys (ConfUtils.java:logGet(43)) - raft.server.log.statemachine.data.caching.enabled = true (custom)
2019-09-17 13:30:39,914 [pool-413-thread-1] INFO  segmented.SegmentedRaftLogWorker (SegmentedRaftLogWorker.java:lambda$new$0(132)) - a81a690c-2132-40d9-88d0-9c9c8dde2df6@group-AC796F0D3B1C-SegmentedRaftLogWorker: flushIndex: setUnconditionally 0 -> -1
2019-09-17 13:30:39,914 [pool-433-thread-1] INFO  impl.RaftServerImpl (RaftServerImpl.java:setRole(174)) - d934695d-6e14-4458-a381-4bb9e1464b13@group-AC796F0D3B1C: changes role from      null to FOLLOWER at term 0 for startAsFollower
2019-09-17 13:30:39,914 [pool-423-thread-1] INFO  segmented.SegmentedRaftLogWorker (SegmentedRaftLogWorker.java:lambda$new$0(132)) - 907b1d85-921a-4b54-95cf-3b6d265b7708@group-AC796F0D3B1C-SegmentedRaftLogWorker: flushIndex: setUnconditionally 0 -> -1
2019-09-17 13:30:39,914 [pool-413-thread-1] INFO  server.RaftServerConfigKeys (ConfUtils.java:logGet(43)) - raft.server.snapshot.auto.trigger.enabled = true (custom)
2019-09-17 13:30:39,914 [pool-423-thread-1] INFO  server.RaftServerConfigKeys (ConfUtils.java:logGet(43)) - raft.server.snapshot.auto.trigger.enabled = true (custom)
2019-09-17 13:30:39,914 [pool-433-thread-1] INFO  impl.RoleInfo (RoleInfo.java:updateAndGet(143)) - d934695d-6e14-4458-a381-4bb9e1464b13: start FollowerState
2019-09-17 13:30:39,915 [pool-423-thread-1] INFO  server.RaftServerConfigKeys (ConfUtils.java:logGet(43)) - raft.server.snapshot.auto.trigger.threshold = 10000 (custom)
2019-09-17 13:30:39,914 [pool-413-thread-1] INFO  server.RaftServerConfigKeys (ConfUtils.java:logGet(43)) - raft.server.snapshot.auto.trigger.threshold = 10000 (custom)
2019-09-17 13:30:39,915 [pool-423-thread-1] INFO  server.RaftServerConfigKeys (ConfUtils.java:logGet(43)) - raft.server.snapshot.retention.num.files = 5 (custom)
2019-09-17 13:30:39,915 [pool-433-thread-1] INFO  util.JmxRegister (JmxRegister.java:tryRegister(44)) - Successfully registered JMX Bean with object name Ratis:service=RaftServer,group=group-AC796F0D3B1C,id=d934695d-6e14-4458-a381-4bb9e1464b13
2019-09-17 13:30:39,915 [pool-413-thread-1] INFO  server.RaftServerConfigKeys (ConfUtils.java:logGet(43)) - raft.server.snapshot.retention.num.files = 5 (custom)
2019-09-17 13:30:39,915 [pool-423-thread-1] INFO  server.RaftServerConfigKeys (ConfUtils.java:logGet(43)) - raft.server.retrycache.expirytime = 600000ms (custom)
2019-09-17 13:30:39,915 [pool-413-thread-1] INFO  server.RaftServerConfigKeys (ConfUtils.java:logGet(43)) - raft.server.retrycache.expirytime = 600000ms (custom)
2019-09-17 13:30:39,918 [pool-423-thread-1] INFO  impl.RaftServerImpl (RaftServerImpl.java:start(185)) - 907b1d85-921a-4b54-95cf-3b6d265b7708@group-AC796F0D3B1C: start as a follower, conf=-1: [907b1d85-921a-4b54-95cf-3b6d265b7708:192.168.34.33:41150, a81a690c-2132-40d9-88d0-9c9c8dde2df6:192.168.34.33:38556, d934695d-6e14-4458-a381-4bb9e1464b13:192.168.34.33:40027], old=null
2019-09-17 13:30:39,918 [pool-423-thread-1] INFO  impl.RaftServerImpl (RaftServerImpl.java:setRole(174)) - 907b1d85-921a-4b54-95cf-3b6d265b7708@group-AC796F0D3B1C: changes role from      null to FOLLOWER at term 0 for startAsFollower
2019-09-17 13:30:39,918 [pool-423-thread-1] INFO  impl.RoleInfo (RoleInfo.java:updateAndGet(143)) - 907b1d85-921a-4b54-95cf-3b6d265b7708: start FollowerState
2019-09-17 13:30:39,918 [pool-413-thread-1] INFO  impl.RaftServerImpl (RaftServerImpl.java:start(185)) - a81a690c-2132-40d9-88d0-9c9c8dde2df6@group-AC796F0D3B1C: start as a follower, conf=-1: [907b1d85-921a-4b54-95cf-3b6d265b7708:192.168.34.33:41150, a81a690c-2132-40d9-88d0-9c9c8dde2df6:192.168.34.33:38556, d934695d-6e14-4458-a381-4bb9e1464b13:192.168.34.33:40027], old=null
2019-09-17 13:30:39,918 [pool-413-thread-1] INFO  impl.RaftServerImpl (RaftServerImpl.java:setRole(174)) - a81a690c-2132-40d9-88d0-9c9c8dde2df6@group-AC796F0D3B1C: changes role from      null to FOLLOWER at term 0 for startAsFollower
2019-09-17 13:30:39,918 [pool-423-thread-1] INFO  util.JmxRegister (JmxRegister.java:tryRegister(44)) - Successfully registered JMX Bean with object name Ratis:service=RaftServer,group=group-AC796F0D3B1C,id=907b1d85-921a-4b54-95cf-3b6d265b7708
2019-09-17 13:30:39,918 [pool-413-thread-1] INFO  impl.RoleInfo (RoleInfo.java:updateAndGet(143)) - a81a690c-2132-40d9-88d0-9c9c8dde2df6: start FollowerState
2019-09-17 13:30:39,919 [pool-413-thread-1] INFO  util.JmxRegister (JmxRegister.java:tryRegister(44)) - Successfully registered JMX Bean with object name Ratis:service=RaftServer,group=group-AC796F0D3B1C,id=a81a690c-2132-40d9-88d0-9c9c8dde2df6
2019-09-17 13:30:39,921 [RatisPipelineUtilsThread] INFO  pipeline.PipelineStateManager (PipelineStateManager.java:addPipeline(56)) - Created pipeline Pipeline[ Id: ef920eff-4e06-434f-981e-ac796f0d3b1c, Nodes: 907b1d85-921a-4b54-95cf-3b6d265b7708{ip: 192.168.34.33, host: pr-hdds-2142-clczg-3805722443, networkLocation: /default-rack, certSerialId: null}d934695d-6e14-4458-a381-4bb9e1464b13{ip: 192.168.34.33, host: pr-hdds-2142-clczg-3805722443, networkLocation: /default-rack, certSerialId: null}a81a690c-2132-40d9-88d0-9c9c8dde2df6{ip: 192.168.34.33, host: pr-hdds-2142-clczg-3805722443, networkLocation: /default-rack, certSerialId: null}, Type:RATIS, Factor:THREE, State:OPEN]
2019-09-17 13:30:40,874 [main] INFO  ozone.MiniOzoneClusterImpl (MiniOzoneClusterImpl.java:lambda$waitForClusterToBeReady$0(145)) - Cluster is ready. Got 7 of 7 DN Heartbeats.
2019-09-17 13:30:40,914 [main] INFO  rpc.RpcClient (RpcClient.java:createVolume(302)) - Creating Volume: watchforcommithandlingtest, with jenkins1000 as owner.
2019-09-17 13:30:40,918 [IPC Server handler 2 on 42646] INFO  volume.OMVolumeCreateRequest (OMVolumeCreateRequest.java:validateAndUpdateCache(189)) - created volume:watchforcommithandlingtest for user:jenkins1000
2019-09-17 13:30:40,932 [main] INFO  rpc.RpcClient (RpcClient.java:createBucket(441)) - Creating Bucket: watchforcommithandlingtest/watchforcommithandlingtest, with Versioning false and Storage Type set to DISK and Encryption set to false 
2019-09-17 13:30:40,946 [main] INFO  ozone.MiniOzoneClusterImpl (MiniOzoneClusterImpl.java:getStorageContainerLocationClient(232)) - Creating StorageContainerLocationProtocol RPC client with address /0.0.0.0:38411
2019-09-17 13:30:40,965 [grpc-default-executor-2] INFO  client.GrpcClientProtocolClient (GrpcClientProtocolClient.java:onNext(264)) - client-1577349EBC49->667d5039-cff7-442b-b92c-586f8c50661b: receive RaftClientReply:client-1577349EBC49->667d5039-cff7-442b-b92c-586f8c50661b@group-17A4739C4847, cid=110, FAILED org.apache.ratis.protocol.NotLeaderException: Server 667d5039-cff7-442b-b92c-586f8c50661b@group-17A4739C4847 is not the leader, logIndex=0, commits[667d5039-cff7-442b-b92c-586f8c50661b:c-1]
2019-09-17 13:30:41,978 [grpc-default-executor-2] INFO  client.GrpcClientProtocolClient (GrpcClientProtocolClient.java:onNext(264)) - client-1577349EBC49->abd190b8-bc88-4846-8ae6-15d81e109cbc: receive RaftClientReply:client-1577349EBC49->abd190b8-bc88-4846-8ae6-15d81e109cbc@group-17A4739C4847, cid=110, FAILED org.apache.ratis.protocol.NotLeaderException: Server abd190b8-bc88-4846-8ae6-15d81e109cbc@group-17A4739C4847 is not the leader, logIndex=0, commits[abd190b8-bc88-4846-8ae6-15d81e109cbc:c-1]
2019-09-17 13:30:42,466 [Thread-2561] INFO  container.ReplicationManager (ReplicationManager.java:start(162)) - Starting Replication Monitor Thread.
2019-09-17 13:30:42,474 [ReplicationMonitor] INFO  container.ReplicationManager (ReplicationManager.java:run(225)) - Replication Monitor Thread took 0 milliseconds for processing 1 containers.
2019-09-17 13:30:43,000 [grpc-default-executor-9] INFO  client.GrpcClientProtocolClient (GrpcClientProtocolClient.java:onNext(264)) - client-1577349EBC49->8cb68ac8-476f-4178-85b4-80a569ebfe96: receive RaftClientReply:client-1577349EBC49->8cb68ac8-476f-4178-85b4-80a569ebfe96@group-17A4739C4847, cid=110, FAILED org.apache.ratis.protocol.NotLeaderException: Server 8cb68ac8-476f-4178-85b4-80a569ebfe96@group-17A4739C4847 is not the leader, logIndex=0, commits[8cb68ac8-476f-4178-85b4-80a569ebfe96:c-1]
2019-09-17 13:30:44,020 [grpc-default-executor-2] INFO  client.GrpcClientProtocolClient (GrpcClientProtocolClient.java:onNext(264)) - client-1577349EBC49->abd190b8-bc88-4846-8ae6-15d81e109cbc: receive RaftClientReply:client-1577349EBC49->abd190b8-bc88-4846-8ae6-15d81e109cbc@group-17A4739C4847, cid=110, FAILED org.apache.ratis.protocol.NotLeaderException: Server abd190b8-bc88-4846-8ae6-15d81e109cbc@group-17A4739C4847 is not the leader, logIndex=0, commits[abd190b8-bc88-4846-8ae6-15d81e109cbc:c-1]
2019-09-17 13:30:44,594 [Thread-2563] INFO  impl.FollowerState (FollowerState.java:run(106)) - 667d5039-cff7-442b-b92c-586f8c50661b:group-6F418F1C0581 changes to CANDIDATE, lastRpcTime:5083, electionTimeout:5083ms
2019-09-17 13:30:44,595 [Thread-2563] INFO  impl.RoleInfo (RoleInfo.java:shutdownFollowerState(121)) - 667d5039-cff7-442b-b92c-586f8c50661b: shutdown FollowerState
2019-09-17 13:30:44,595 [Thread-2563] INFO  impl.RaftServerImpl (RaftServerImpl.java:setRole(174)) - 667d5039-cff7-442b-b92c-586f8c50661b@group-6F418F1C0581: changes role from  FOLLOWER to CANDIDATE at term 0 for changeToCandidate
2019-09-17 13:30:44,595 [Thread-2563] INFO  impl.RoleInfo (RoleInfo.java:updateAndGet(143)) - 667d5039-cff7-442b-b92c-586f8c50661b: start LeaderElection
2019-09-17 13:30:44,646 [Thread-2566] INFO  impl.FollowerState (FollowerState.java:run(106)) - abd190b8-bc88-4846-8ae6-15d81e109cbc:group-BF4D2533DAF5 changes to CANDIDATE, lastRpcTime:5086, electionTimeout:5086ms
2019-09-17 13:30:44,647 [Thread-2566] INFO  impl.RoleInfo (RoleInfo.java:shutdownFollowerState(121)) - abd190b8-bc88-4846-8ae6-15d81e109cbc: shutdown FollowerState
2019-09-17 13:30:44,647 [Thread-2566] INFO  impl.RaftServerImpl (RaftServerImpl.java:setRole(174)) - abd190b8-bc88-4846-8ae6-15d81e109cbc@group-BF4D2533DAF5: changes role from  FOLLOWER to CANDIDATE at term 0 for changeToCandidate
2019-09-17 13:30:44,647 [Thread-2566] INFO  impl.RoleInfo (RoleInfo.java:updateAndGet(143)) - abd190b8-bc88-4846-8ae6-15d81e109cbc: start LeaderElection
2019-09-17 13:30:44,733 [Thread-2576] INFO  impl.FollowerState (FollowerState.java:run(106)) - 667d5039-cff7-442b-b92c-586f8c50661b:group-17A4739C4847 changes to CANDIDATE, lastRpcTime:5059, electionTimeout:5059ms
2019-09-17 13:30:44,734 [Thread-2576] INFO  impl.RoleInfo (RoleInfo.java:shutdownFollowerState(121)) - 667d5039-cff7-442b-b92c-586f8c50661b: shutdown FollowerState
2019-09-17 13:30:44,734 [Thread-2576] INFO  impl.RaftServerImpl (RaftServerImpl.java:setRole(174)) - 667d5039-cff7-442b-b92c-586f8c50661b@group-17A4739C4847: changes role from  FOLLOWER to CANDIDATE at term 0 for changeToCandidate
2019-09-17 13:30:44,734 [Thread-2576] INFO  impl.RoleInfo (RoleInfo.java:updateAndGet(143)) - 667d5039-cff7-442b-b92c-586f8c50661b: start LeaderElection
2019-09-17 13:30:44,754 [Thread-2569] INFO  impl.FollowerState (FollowerState.java:run(106)) - 8cb68ac8-476f-4178-85b4-80a569ebfe96:group-51420AD850A4 changes to CANDIDATE, lastRpcTime:5137, electionTimeout:5137ms
2019-09-17 13:30:44,754 [Thread-2569] INFO  impl.RoleInfo (RoleInfo.java:shutdownFollowerState(121)) - 8cb68ac8-476f-4178-85b4-80a569ebfe96: shutdown FollowerState
2019-09-17 13:30:44,754 [Thread-2569] INFO  impl.RaftServerImpl (RaftServerImpl.java:setRole(174)) - 8cb68ac8-476f-4178-85b4-80a569ebfe96@group-51420AD850A4: changes role from  FOLLOWER to CANDIDATE at term 0 for changeToCandidate
2019-09-17 13:30:44,754 [Thread-2569] INFO  impl.RoleInfo (RoleInfo.java:updateAndGet(143)) - 8cb68ac8-476f-4178-85b4-80a569ebfe96: start LeaderElection
2019-09-17 13:30:44,766 [Thread-2577] INFO  impl.FollowerState (FollowerState.java:run(106)) - abd190b8-bc88-4846-8ae6-15d81e109cbc:group-17A4739C4847 changes to CANDIDATE, lastRpcTime:5091, electionTimeout:5091ms
2019-09-17 13:30:44,766 [Thread-2577] INFO  impl.RoleInfo (RoleInfo.java:shutdownFollowerState(121)) - abd190b8-bc88-4846-8ae6-15d81e109cbc: shutdown FollowerState
2019-09-17 13:30:44,766 [Thread-2577] INFO  impl.RaftServerImpl (RaftServerImpl.java:setRole(174)) - abd190b8-bc88-4846-8ae6-15d81e109cbc@group-17A4739C4847: changes role from  FOLLOWER to CANDIDATE at term 0 for changeToCandidate
2019-09-17 13:30:44,766 [Thread-2577] INFO  impl.RoleInfo (RoleInfo.java:updateAndGet(143)) - abd190b8-bc88-4846-8ae6-15d81e109cbc: start LeaderElection
2019-09-17 13:30:44,785 [Thread-2581] INFO  impl.FollowerState (FollowerState.java:run(106)) - 907b1d85-921a-4b54-95cf-3b6d265b7708:group-BC7729DDFA7C changes to CANDIDATE, lastRpcTime:5028, electionTimeout:5028ms
2019-09-17 13:30:44,786 [Thread-2581] INFO  impl.RoleInfo (RoleInfo.java:shutdownFollowerState(121)) - 907b1d85-921a-4b54-95cf-3b6d265b7708: shutdown FollowerState
2019-09-17 13:30:44,786 [Thread-2581] INFO  impl.RaftServerImpl (RaftServerImpl.java:setRole(174)) - 907b1d85-921a-4b54-95cf-3b6d265b7708@group-BC7729DDFA7C: changes role from  FOLLOWER to CANDIDATE at term 0 for changeToCandidate
2019-09-17 13:30:44,786 [Thread-2581] INFO  impl.RoleInfo (RoleInfo.java:updateAndGet(143)) - 907b1d85-921a-4b54-95cf-3b6d265b7708: start LeaderElection
2019-09-17 13:30:44,840 [Thread-2572] INFO  impl.FollowerState (FollowerState.java:run(106)) - 8cb68ac8-476f-4178-85b4-80a569ebfe96:group-17A4739C4847 changes to CANDIDATE, lastRpcTime:5168, electionTimeout:5168ms
2019-09-17 13:30:44,840 [Thread-2572] INFO  impl.RoleInfo (RoleInfo.java:shutdownFollowerState(121)) - 8cb68ac8-476f-4178-85b4-80a569ebfe96: shutdown FollowerState
2019-09-17 13:30:44,840 [Thread-2572] INFO  impl.RaftServerImpl (RaftServerImpl.java:setRole(174)) - 8cb68ac8-476f-4178-85b4-80a569ebfe96@group-17A4739C4847: changes role from  FOLLOWER to CANDIDATE at term 0 for changeToCandidate
2019-09-17 13:30:44,840 [Thread-2572] INFO  impl.RoleInfo (RoleInfo.java:updateAndGet(143)) - 8cb68ac8-476f-4178-85b4-80a569ebfe96: start LeaderElection
2019-09-17 13:30:44,897 [Thread-2587] INFO  impl.FollowerState (FollowerState.java:run(106)) - d934695d-6e14-4458-a381-4bb9e1464b13:group-55BC987AEDAE changes to CANDIDATE, lastRpcTime:5037, electionTimeout:5037ms
2019-09-17 13:30:44,898 [Thread-2587] INFO  impl.RoleInfo (RoleInfo.java:shutdownFollowerState(121)) - d934695d-6e14-4458-a381-4bb9e1464b13: shutdown FollowerState
2019-09-17 13:30:44,898 [Thread-2587] INFO  impl.RaftServerImpl (RaftServerImpl.java:setRole(174)) - d934695d-6e14-4458-a381-4bb9e1464b13@group-55BC987AEDAE: changes role from  FOLLOWER to CANDIDATE at term 0 for changeToCandidate
2019-09-17 13:30:44,898 [Thread-2587] INFO  impl.RoleInfo (RoleInfo.java:updateAndGet(143)) - d934695d-6e14-4458-a381-4bb9e1464b13: start LeaderElection
2019-09-17 13:30:44,948 [Thread-2595] INFO  impl.FollowerState (FollowerState.java:run(106)) - a81a690c-2132-40d9-88d0-9c9c8dde2df6:group-AC796F0D3B1C changes to CANDIDATE, lastRpcTime:5029, electionTimeout:5029ms
2019-09-17 13:30:44,948 [Thread-2595] INFO  impl.RoleInfo (RoleInfo.java:shutdownFollowerState(121)) - a81a690c-2132-40d9-88d0-9c9c8dde2df6: shutdown FollowerState
2019-09-17 13:30:44,948 [Thread-2595] INFO  impl.RaftServerImpl (RaftServerImpl.java:setRole(174)) - a81a690c-2132-40d9-88d0-9c9c8dde2df6@group-AC796F0D3B1C: changes role from  FOLLOWER to CANDIDATE at term 0 for changeToCandidate
2019-09-17 13:30:44,948 [Thread-2595] INFO  impl.RoleInfo (RoleInfo.java:updateAndGet(143)) - a81a690c-2132-40d9-88d0-9c9c8dde2df6: start LeaderElection
2019-09-17 13:30:44,968 [abd190b8-bc88-4846-8ae6-15d81e109cbc@group-BF4D2533DAF5:LeaderElection102] INFO  impl.LeaderElection (LeaderElection.java:askForVotes(182)) - abd190b8-bc88-4846-8ae6-15d81e109cbc@group-BF4D2533DAF5:LeaderElection102: begin an election at term 1 for -1: [abd190b8-bc88-4846-8ae6-15d81e109cbc:192.168.34.33:34372], old=null
2019-09-17 13:30:44,968 [8cb68ac8-476f-4178-85b4-80a569ebfe96@group-17A4739C4847:LeaderElection107] INFO  impl.LeaderElection (LeaderElection.java:askForVotes(182)) - 8cb68ac8-476f-4178-85b4-80a569ebfe96@group-17A4739C4847:LeaderElection107: begin an election at term 1 for -1: [abd190b8-bc88-4846-8ae6-15d81e109cbc:192.168.34.33:34372, 667d5039-cff7-442b-b92c-586f8c50661b:192.168.34.33:41002, 8cb68ac8-476f-4178-85b4-80a569ebfe96:192.168.34.33:42464], old=null
2019-09-17 13:30:44,968 [abd190b8-bc88-4846-8ae6-15d81e109cbc@group-BF4D2533DAF5:LeaderElection102] INFO  impl.RoleInfo (RoleInfo.java:shutdownLeaderElection(134)) - abd190b8-bc88-4846-8ae6-15d81e109cbc: shutdown LeaderElection
2019-09-17 13:30:44,968 [907b1d85-921a-4b54-95cf-3b6d265b7708@group-BC7729DDFA7C:LeaderElection106] INFO  impl.LeaderElection (LeaderElection.java:askForVotes(182)) - 907b1d85-921a-4b54-95cf-3b6d265b7708@group-BC7729DDFA7C:LeaderElection106: begin an election at term 1 for -1: [907b1d85-921a-4b54-95cf-3b6d265b7708:192.168.34.33:41150], old=null
2019-09-17 13:30:44,968 [abd190b8-bc88-4846-8ae6-15d81e109cbc@group-17A4739C4847:LeaderElection105] INFO  impl.LeaderElection (LeaderElection.java:askForVotes(182)) - abd190b8-bc88-4846-8ae6-15d81e109cbc@group-17A4739C4847:LeaderElection105: begin an election at term 1 for -1: [abd190b8-bc88-4846-8ae6-15d81e109cbc:192.168.34.33:34372, 667d5039-cff7-442b-b92c-586f8c50661b:192.168.34.33:41002, 8cb68ac8-476f-4178-85b4-80a569ebfe96:192.168.34.33:42464], old=null
2019-09-17 13:30:44,968 [8cb68ac8-476f-4178-85b4-80a569ebfe96@group-51420AD850A4:LeaderElection104] INFO  impl.LeaderElection (LeaderElection.java:askForVotes(182)) - 8cb68ac8-476f-4178-85b4-80a569ebfe96@group-51420AD850A4:LeaderElection104: begin an election at term 1 for -1: [8cb68ac8-476f-4178-85b4-80a569ebfe96:192.168.34.33:42464], old=null
2019-09-17 13:30:44,968 [667d5039-cff7-442b-b92c-586f8c50661b@group-17A4739C4847:LeaderElection103] INFO  impl.LeaderElection (LeaderElection.java:askForVotes(182)) - 667d5039-cff7-442b-b92c-586f8c50661b@group-17A4739C4847:LeaderElection103: begin an election at term 1 for -1: [abd190b8-bc88-4846-8ae6-15d81e109cbc:192.168.34.33:34372, 667d5039-cff7-442b-b92c-586f8c50661b:192.168.34.33:41002, 8cb68ac8-476f-4178-85b4-80a569ebfe96:192.168.34.33:42464], old=null
2019-09-17 13:30:44,968 [667d5039-cff7-442b-b92c-586f8c50661b@group-6F418F1C0581:LeaderElection101] INFO  impl.LeaderElection (LeaderElection.java:askForVotes(182)) - 667d5039-cff7-442b-b92c-586f8c50661b@group-6F418F1C0581:LeaderElection101: begin an election at term 1 for -1: [667d5039-cff7-442b-b92c-586f8c50661b:192.168.34.33:41002], old=null
2019-09-17 13:30:44,969 [8cb68ac8-476f-4178-85b4-80a569ebfe96@group-51420AD850A4:LeaderElection104] INFO  impl.RoleInfo (RoleInfo.java:shutdownLeaderElection(134)) - 8cb68ac8-476f-4178-85b4-80a569ebfe96: shutdown LeaderElection
2019-09-17 13:30:44,969 [907b1d85-921a-4b54-95cf-3b6d265b7708@group-BC7729DDFA7C:LeaderElection106] INFO  impl.RoleInfo (RoleInfo.java:shutdownLeaderElection(134)) - 907b1d85-921a-4b54-95cf-3b6d265b7708: shutdown LeaderElection
2019-09-17 13:30:44,968 [abd190b8-bc88-4846-8ae6-15d81e109cbc@group-BF4D2533DAF5:LeaderElection102] INFO  impl.RaftServerImpl (RaftServerImpl.java:setRole(174)) - abd190b8-bc88-4846-8ae6-15d81e109cbc@group-BF4D2533DAF5: changes role from CANDIDATE to LEADER at term 1 for changeToLeader
2019-09-17 13:30:44,970 [907b1d85-921a-4b54-95cf-3b6d265b7708@group-BC7729DDFA7C:LeaderElection106] INFO  impl.RaftServerImpl (RaftServerImpl.java:setRole(174)) - 907b1d85-921a-4b54-95cf-3b6d265b7708@group-BC7729DDFA7C: changes role from CANDIDATE to LEADER at term 1 for changeToLeader
2019-09-17 13:30:44,970 [8cb68ac8-476f-4178-85b4-80a569ebfe96@group-51420AD850A4:LeaderElection104] INFO  impl.RaftServerImpl (RaftServerImpl.java:setRole(174)) - 8cb68ac8-476f-4178-85b4-80a569ebfe96@group-51420AD850A4: changes role from CANDIDATE to LEADER at term 1 for changeToLeader
2019-09-17 13:30:44,969 [667d5039-cff7-442b-b92c-586f8c50661b@group-6F418F1C0581:LeaderElection101] INFO  impl.RoleInfo (RoleInfo.java:shutdownLeaderElection(134)) - 667d5039-cff7-442b-b92c-586f8c50661b: shutdown LeaderElection
2019-09-17 13:30:44,970 [8cb68ac8-476f-4178-85b4-80a569ebfe96@group-51420AD850A4:LeaderElection104] INFO  impl.RaftServerImpl (ServerState.java:setLeader(253)) - 8cb68ac8-476f-4178-85b4-80a569ebfe96@group-51420AD850A4: change Leader from null to 8cb68ac8-476f-4178-85b4-80a569ebfe96 at term 1 for becomeLeader, leader elected after 5358ms
2019-09-17 13:30:44,970 [907b1d85-921a-4b54-95cf-3b6d265b7708@group-BC7729DDFA7C:LeaderElection106] INFO  impl.RaftServerImpl (ServerState.java:setLeader(253)) - 907b1d85-921a-4b54-95cf-3b6d265b7708@group-BC7729DDFA7C: change Leader from null to 907b1d85-921a-4b54-95cf-3b6d265b7708 at term 1 for becomeLeader, leader elected after 5217ms
2019-09-17 13:30:44,970 [abd190b8-bc88-4846-8ae6-15d81e109cbc@group-BF4D2533DAF5:LeaderElection102] INFO  impl.RaftServerImpl (ServerState.java:setLeader(253)) - abd190b8-bc88-4846-8ae6-15d81e109cbc@group-BF4D2533DAF5: change Leader from null to abd190b8-bc88-4846-8ae6-15d81e109cbc at term 1 for becomeLeader, leader elected after 5416ms
2019-09-17 13:30:44,971 [907b1d85-921a-4b54-95cf-3b6d265b7708@group-BC7729DDFA7C:LeaderElection106] INFO  server.RaftServerConfigKeys (ConfUtils.java:logGet(43)) - raft.server.staging.catchup.gap = 1000 (default)
2019-09-17 13:30:44,971 [8cb68ac8-476f-4178-85b4-80a569ebfe96@group-51420AD850A4:LeaderElection104] INFO  server.RaftServerConfigKeys (ConfUtils.java:logGet(43)) - raft.server.staging.catchup.gap = 1000 (default)
2019-09-17 13:30:44,970 [667d5039-cff7-442b-b92c-586f8c50661b@group-6F418F1C0581:LeaderElection101] INFO  impl.RaftServerImpl (RaftServerImpl.java:setRole(174)) - 667d5039-cff7-442b-b92c-586f8c50661b@group-6F418F1C0581: changes role from CANDIDATE to LEADER at term 1 for changeToLeader
2019-09-17 13:30:44,972 [8cb68ac8-476f-4178-85b4-80a569ebfe96@group-51420AD850A4:LeaderElection104] INFO  server.RaftServerConfigKeys (ConfUtils.java:logGet(43)) - raft.server.rpc.sleep.time = 25ms (default)
2019-09-17 13:30:44,971 [907b1d85-921a-4b54-95cf-3b6d265b7708@group-BC7729DDFA7C:LeaderElection106] INFO  server.RaftServerConfigKeys (ConfUtils.java:logGet(43)) - raft.server.rpc.sleep.time = 25ms (default)
2019-09-17 13:30:44,971 [abd190b8-bc88-4846-8ae6-15d81e109cbc@group-BF4D2533DAF5:LeaderElection102] INFO  server.RaftServerConfigKeys (ConfUtils.java:logGet(43)) - raft.server.staging.catchup.gap = 1000 (default)
2019-09-17 13:30:44,972 [907b1d85-921a-4b54-95cf-3b6d265b7708@group-BC7729DDFA7C:LeaderElection106] INFO  server.RaftServerConfigKeys (ConfUtils.java:logGet(43)) - raft.server.write.element-limit = 4096 (default)
2019-09-17 13:30:44,972 [8cb68ac8-476f-4178-85b4-80a569ebfe96@group-51420AD850A4:LeaderElection104] INFO  server.RaftServerConfigKeys (ConfUtils.java:logGet(43)) - raft.server.write.element-limit = 4096 (default)
2019-09-17 13:30:44,972 [667d5039-cff7-442b-b92c-586f8c50661b@group-6F418F1C0581:LeaderElection101] INFO  impl.RaftServerImpl (ServerState.java:setLeader(253)) - 667d5039-cff7-442b-b92c-586f8c50661b@group-6F418F1C0581: change Leader from null to 667d5039-cff7-442b-b92c-586f8c50661b at term 1 for becomeLeader, leader elected after 5468ms
2019-09-17 13:30:44,973 [8cb68ac8-476f-4178-85b4-80a569ebfe96@group-51420AD850A4:LeaderElection104] INFO  server.RaftServerConfigKeys (ConfUtils.java:logGet(43)) - raft.server.watch.timeout = 10s (default)
2019-09-17 13:30:44,973 [907b1d85-921a-4b54-95cf-3b6d265b7708@group-BC7729DDFA7C:LeaderElection106] INFO  server.RaftServerConfigKeys (ConfUtils.java:logGet(43)) - raft.server.watch.timeout = 10s (default)
2019-09-17 13:30:44,973 [d934695d-6e14-4458-a381-4bb9e1464b13@group-55BC987AEDAE:LeaderElection108] INFO  impl.LeaderElection (LeaderElection.java:askForVotes(182)) - d934695d-6e14-4458-a381-4bb9e1464b13@group-55BC987AEDAE:LeaderElection108: begin an election at term 1 for -1: [d934695d-6e14-4458-a381-4bb9e1464b13:192.168.34.33:40027], old=null
2019-09-17 13:30:44,972 [a81a690c-2132-40d9-88d0-9c9c8dde2df6@group-AC796F0D3B1C:LeaderElection109] INFO  impl.LeaderElection (LeaderElection.java:askForVotes(182)) - a81a690c-2132-40d9-88d0-9c9c8dde2df6@group-AC796F0D3B1C:LeaderElection109: begin an election at term 1 for -1: [907b1d85-921a-4b54-95cf-3b6d265b7708:192.168.34.33:41150, a81a690c-2132-40d9-88d0-9c9c8dde2df6:192.168.34.33:38556, d934695d-6e14-4458-a381-4bb9e1464b13:192.168.34.33:40027], old=null
2019-09-17 13:30:44,972 [abd190b8-bc88-4846-8ae6-15d81e109cbc@group-BF4D2533DAF5:LeaderElection102] INFO  server.RaftServerConfigKeys (ConfUtils.java:logGet(43)) - raft.server.rpc.sleep.time = 25ms (default)
2019-09-17 13:30:44,974 [abd190b8-bc88-4846-8ae6-15d81e109cbc@group-BF4D2533DAF5:LeaderElection102] INFO  server.RaftServerConfigKeys (ConfUtils.java:logGet(43)) - raft.server.write.element-limit = 4096 (default)
2019-09-17 13:30:44,973 [d934695d-6e14-4458-a381-4bb9e1464b13@group-55BC987AEDAE:LeaderElection108] INFO  impl.RoleInfo (RoleInfo.java:shutdownLeaderElection(134)) - d934695d-6e14-4458-a381-4bb9e1464b13: shutdown LeaderElection
2019-09-17 13:30:44,973 [907b1d85-921a-4b54-95cf-3b6d265b7708@group-BC7729DDFA7C:LeaderElection106] INFO  server.RaftServerConfigKeys (ConfUtils.java:logGet(43)) - raft.server.watch.timeout.denomination = 1s (default)
2019-09-17 13:30:44,973 [8cb68ac8-476f-4178-85b4-80a569ebfe96@group-51420AD850A4:LeaderElection104] INFO  server.RaftServerConfigKeys (ConfUtils.java:logGet(43)) - raft.server.watch.timeout.denomination = 1s (default)
2019-09-17 13:30:44,973 [667d5039-cff7-442b-b92c-586f8c50661b@group-6F418F1C0581:LeaderElection101] INFO  server.RaftServerConfigKeys (ConfUtils.java:logGet(43)) - raft.server.staging.catchup.gap = 1000 (default)
2019-09-17 13:30:44,974 [8cb68ac8-476f-4178-85b4-80a569ebfe96@group-51420AD850A4:LeaderElection104] INFO  server.RaftServerConfigKeys (ConfUtils.java:logGet(43)) - raft.server.watch.element-limit = 65536 (default)
2019-09-17 13:30:44,974 [907b1d85-921a-4b54-95cf-3b6d265b7708@group-BC7729DDFA7C:LeaderElection106] INFO  server.RaftServerConfigKeys (ConfUtils.java:logGet(43)) - raft.server.watch.element-limit = 65536 (default)
2019-09-17 13:30:44,974 [d934695d-6e14-4458-a381-4bb9e1464b13@group-55BC987AEDAE:LeaderElection108] INFO  impl.RaftServerImpl (RaftServerImpl.java:setRole(174)) - d934695d-6e14-4458-a381-4bb9e1464b13@group-55BC987AEDAE: changes role from CANDIDATE to LEADER at term 1 for changeToLeader
2019-09-17 13:30:44,974 [abd190b8-bc88-4846-8ae6-15d81e109cbc@group-BF4D2533DAF5:LeaderElection102] INFO  server.RaftServerConfigKeys (ConfUtils.java:logGet(43)) - raft.server.watch.timeout = 10s (default)
2019-09-17 13:30:44,975 [d934695d-6e14-4458-a381-4bb9e1464b13@group-55BC987AEDAE:LeaderElection108] INFO  impl.RaftServerImpl (ServerState.java:setLeader(253)) - d934695d-6e14-4458-a381-4bb9e1464b13@group-55BC987AEDAE: change Leader from null to d934695d-6e14-4458-a381-4bb9e1464b13 at term 1 for becomeLeader, leader elected after 5122ms
2019-09-17 13:30:44,975 [667d5039-cff7-442b-b92c-586f8c50661b@group-6F418F1C0581:LeaderElection101] INFO  server.RaftServerConfigKeys (ConfUtils.java:logGet(43)) - raft.server.rpc.sleep.time = 25ms (default)
2019-09-17 13:30:44,975 [d934695d-6e14-4458-a381-4bb9e1464b13@group-55BC987AEDAE:LeaderElection108] INFO  server.RaftServerConfigKeys (ConfUtils.java:logGet(43)) - raft.server.staging.catchup.gap = 1000 (default)
2019-09-17 13:30:44,975 [abd190b8-bc88-4846-8ae6-15d81e109cbc@group-BF4D2533DAF5:LeaderElection102] INFO  server.RaftServerConfigKeys (ConfUtils.java:logGet(43)) - raft.server.watch.timeout.denomination = 1s (default)
2019-09-17 13:30:44,976 [d934695d-6e14-4458-a381-4bb9e1464b13@group-55BC987AEDAE:LeaderElection108] INFO  server.RaftServerConfigKeys (ConfUtils.java:logGet(43)) - raft.server.rpc.sleep.time = 25ms (default)
2019-09-17 13:30:44,976 [667d5039-cff7-442b-b92c-586f8c50661b@group-6F418F1C0581:LeaderElection101] INFO  server.RaftServerConfigKeys (ConfUtils.java:logGet(43)) - raft.server.write.element-limit = 4096 (default)
2019-09-17 13:30:44,976 [abd190b8-bc88-4846-8ae6-15d81e109cbc@group-BF4D2533DAF5:LeaderElection102] INFO  server.RaftServerConfigKeys (ConfUtils.java:logGet(43)) - raft.server.watch.element-limit = 65536 (default)
2019-09-17 13:30:44,977 [667d5039-cff7-442b-b92c-586f8c50661b@group-6F418F1C0581:LeaderElection101] INFO  server.RaftServerConfigKeys (ConfUtils.java:logGet(43)) - raft.server.watch.timeout = 10s (default)
2019-09-17 13:30:44,977 [667d5039-cff7-442b-b92c-586f8c50661b@group-6F418F1C0581:LeaderElection101] INFO  server.RaftServerConfigKeys (ConfUtils.java:logGet(43)) - raft.server.watch.timeout.denomination = 1s (default)
2019-09-17 13:30:44,977 [d934695d-6e14-4458-a381-4bb9e1464b13@group-55BC987AEDAE:LeaderElection108] INFO  server.RaftServerConfigKeys (ConfUtils.java:logGet(43)) - raft.server.write.element-limit = 4096 (default)
2019-09-17 13:30:44,977 [667d5039-cff7-442b-b92c-586f8c50661b@group-6F418F1C0581:LeaderElection101] INFO  server.RaftServerConfigKeys (ConfUtils.java:logGet(43)) - raft.server.watch.element-limit = 65536 (default)
2019-09-17 13:30:44,977 [d934695d-6e14-4458-a381-4bb9e1464b13@group-55BC987AEDAE:LeaderElection108] INFO  server.RaftServerConfigKeys (ConfUtils.java:logGet(43)) - raft.server.watch.timeout = 10s (default)
2019-09-17 13:30:44,978 [d934695d-6e14-4458-a381-4bb9e1464b13@group-55BC987AEDAE:LeaderElection108] INFO  server.RaftServerConfigKeys (ConfUtils.java:logGet(43)) - raft.server.watch.timeout.denomination = 1s (default)
2019-09-17 13:30:44,978 [d934695d-6e14-4458-a381-4bb9e1464b13@group-55BC987AEDAE:LeaderElection108] INFO  server.RaftServerConfigKeys (ConfUtils.java:logGet(43)) - raft.server.watch.element-limit = 65536 (default)
2019-09-17 13:30:44,979 [abd190b8-bc88-4846-8ae6-15d81e109cbc@group-17A4739C4847:LeaderElection105] INFO  impl.LeaderElection (LeaderElection.java:logAndReturn(56)) - abd190b8-bc88-4846-8ae6-15d81e109cbc@group-17A4739C4847:LeaderElection105: Election REJECTED; received 2 response(s) [abd190b8-bc88-4846-8ae6-15d81e109cbc<-667d5039-cff7-442b-b92c-586f8c50661b#0:FAIL-t1, abd190b8-bc88-4846-8ae6-15d81e109cbc<-8cb68ac8-476f-4178-85b4-80a569ebfe96#0:FAIL-t1] and 0 exception(s); abd190b8-bc88-4846-8ae6-15d81e109cbc@group-17A4739C4847:t1, leader=null, voted=abd190b8-bc88-4846-8ae6-15d81e109cbc, raftlog=abd190b8-bc88-4846-8ae6-15d81e109cbc@group-17A4739C4847-SegmentedRaftLog:OPENED:c-1,f-1,i0, conf=-1: [abd190b8-bc88-4846-8ae6-15d81e109cbc:192.168.34.33:34372, 667d5039-cff7-442b-b92c-586f8c50661b:192.168.34.33:41002, 8cb68ac8-476f-4178-85b4-80a569ebfe96:192.168.34.33:42464], old=null
2019-09-17 13:30:44,979 [abd190b8-bc88-4846-8ae6-15d81e109cbc@group-17A4739C4847:LeaderElection105] INFO  impl.RaftServerImpl (RaftServerImpl.java:setRole(174)) - abd190b8-bc88-4846-8ae6-15d81e109cbc@group-17A4739C4847: changes role from CANDIDATE to FOLLOWER at term 1 for DISCOVERED_A_NEW_TERM
2019-09-17 13:30:44,980 [abd190b8-bc88-4846-8ae6-15d81e109cbc@group-17A4739C4847:LeaderElection105] INFO  impl.RoleInfo (RoleInfo.java:shutdownLeaderElection(134)) - abd190b8-bc88-4846-8ae6-15d81e109cbc: shutdown LeaderElection
2019-09-17 13:30:44,980 [abd190b8-bc88-4846-8ae6-15d81e109cbc@group-17A4739C4847:LeaderElection105] INFO  impl.RoleInfo (RoleInfo.java:updateAndGet(143)) - abd190b8-bc88-4846-8ae6-15d81e109cbc: start FollowerState
2019-09-17 13:30:44,980 [667d5039-cff7-442b-b92c-586f8c50661b@group-17A4739C4847:LeaderElection103] INFO  impl.LeaderElection (LeaderElection.java:logAndReturn(56)) - 667d5039-cff7-442b-b92c-586f8c50661b@group-17A4739C4847:LeaderElection103: Election REJECTED; received 2 response(s) [667d5039-cff7-442b-b92c-586f8c50661b<-abd190b8-bc88-4846-8ae6-15d81e109cbc#0:FAIL-t1, 667d5039-cff7-442b-b92c-586f8c50661b<-8cb68ac8-476f-4178-85b4-80a569ebfe96#0:FAIL-t1] and 0 exception(s); 667d5039-cff7-442b-b92c-586f8c50661b@group-17A4739C4847:t1, leader=null, voted=667d5039-cff7-442b-b92c-586f8c50661b, raftlog=667d5039-cff7-442b-b92c-586f8c50661b@group-17A4739C4847-SegmentedRaftLog:OPENED:c-1,f-1,i0, conf=-1: [abd190b8-bc88-4846-8ae6-15d81e109cbc:192.168.34.33:34372, 667d5039-cff7-442b-b92c-586f8c50661b:192.168.34.33:41002, 8cb68ac8-476f-4178-85b4-80a569ebfe96:192.168.34.33:42464], old=null
2019-09-17 13:30:44,983 [667d5039-cff7-442b-b92c-586f8c50661b@group-17A4739C4847:LeaderElection103] INFO  impl.RaftServerImpl (RaftServerImpl.java:setRole(174)) - 667d5039-cff7-442b-b92c-586f8c50661b@group-17A4739C4847: changes role from CANDIDATE to FOLLOWER at term 1 for DISCOVERED_A_NEW_TERM
2019-09-17 13:30:44,983 [667d5039-cff7-442b-b92c-586f8c50661b@group-17A4739C4847:LeaderElection103] INFO  impl.RoleInfo (RoleInfo.java:shutdownLeaderElection(134)) - 667d5039-cff7-442b-b92c-586f8c50661b: shutdown LeaderElection
2019-09-17 13:30:44,983 [667d5039-cff7-442b-b92c-586f8c50661b@group-17A4739C4847:LeaderElection103] INFO  impl.RoleInfo (RoleInfo.java:updateAndGet(143)) - 667d5039-cff7-442b-b92c-586f8c50661b: start FollowerState
2019-09-17 13:30:44,984 [8cb68ac8-476f-4178-85b4-80a569ebfe96@group-17A4739C4847:LeaderElection107] INFO  impl.LeaderElection (LeaderElection.java:logAndReturn(56)) - 8cb68ac8-476f-4178-85b4-80a569ebfe96@group-17A4739C4847:LeaderElection107: Election REJECTED; received 2 response(s) [8cb68ac8-476f-4178-85b4-80a569ebfe96<-abd190b8-bc88-4846-8ae6-15d81e109cbc#0:FAIL-t1, 8cb68ac8-476f-4178-85b4-80a569ebfe96<-667d5039-cff7-442b-b92c-586f8c50661b#0:FAIL-t1] and 0 exception(s); 8cb68ac8-476f-4178-85b4-80a569ebfe96@group-17A4739C4847:t1, leader=null, voted=8cb68ac8-476f-4178-85b4-80a569ebfe96, raftlog=8cb68ac8-476f-4178-85b4-80a569ebfe96@group-17A4739C4847-SegmentedRaftLog:OPENED:c-1,f-1,i0, conf=-1: [abd190b8-bc88-4846-8ae6-15d81e109cbc:192.168.34.33:34372, 667d5039-cff7-442b-b92c-586f8c50661b:192.168.34.33:41002, 8cb68ac8-476f-4178-85b4-80a569ebfe96:192.168.34.33:42464], old=null
2019-09-17 13:30:44,986 [8cb68ac8-476f-4178-85b4-80a569ebfe96@group-17A4739C4847:LeaderElection107] INFO  impl.RaftServerImpl (RaftServerImpl.java:setRole(174)) - 8cb68ac8-476f-4178-85b4-80a569ebfe96@group-17A4739C4847: changes role from CANDIDATE to FOLLOWER at term 1 for DISCOVERED_A_NEW_TERM
2019-09-17 13:30:44,989 [grpc-default-executor-9] INFO  impl.RaftServerImpl (RaftServerImpl.java:setRole(174)) - d934695d-6e14-4458-a381-4bb9e1464b13@group-AC796F0D3B1C: changes role from  FOLLOWER to FOLLOWER at term 1 for recognizeCandidate:a81a690c-2132-40d9-88d0-9c9c8dde2df6
2019-09-17 13:30:44,991 [grpc-default-executor-9] INFO  impl.RoleInfo (RoleInfo.java:shutdownFollowerState(121)) - d934695d-6e14-4458-a381-4bb9e1464b13: shutdown FollowerState
2019-09-17 13:30:44,987 [grpc-default-executor-14] INFO  impl.RaftServerImpl (RaftServerImpl.java:setRole(174)) - 907b1d85-921a-4b54-95cf-3b6d265b7708@group-AC796F0D3B1C: changes role from  FOLLOWER to FOLLOWER at term 1 for recognizeCandidate:a81a690c-2132-40d9-88d0-9c9c8dde2df6
2019-09-17 13:30:44,991 [Thread-2590] INFO  impl.FollowerState (FollowerState.java:run(115)) - d934695d-6e14-4458-a381-4bb9e1464b13: FollowerState was interrupted: java.lang.InterruptedException: sleep interrupted
2019-09-17 13:30:44,991 [grpc-default-executor-9] INFO  impl.RoleInfo (RoleInfo.java:updateAndGet(143)) - d934695d-6e14-4458-a381-4bb9e1464b13: start FollowerState
2019-09-17 13:30:44,989 [8cb68ac8-476f-4178-85b4-80a569ebfe96@group-17A4739C4847:LeaderElection107] INFO  impl.RoleInfo (RoleInfo.java:shutdownLeaderElection(134)) - 8cb68ac8-476f-4178-85b4-80a569ebfe96: shutdown LeaderElection
2019-09-17 13:30:44,991 [grpc-default-executor-14] INFO  impl.RoleInfo (RoleInfo.java:shutdownFollowerState(121)) - 907b1d85-921a-4b54-95cf-3b6d265b7708: shutdown FollowerState
2019-09-17 13:30:44,993 [8cb68ac8-476f-4178-85b4-80a569ebfe96@group-17A4739C4847:LeaderElection107] INFO  impl.RoleInfo (RoleInfo.java:updateAndGet(143)) - 8cb68ac8-476f-4178-85b4-80a569ebfe96: start FollowerState
2019-09-17 13:30:44,993 [Thread-2594] INFO  impl.FollowerState (FollowerState.java:run(115)) - 907b1d85-921a-4b54-95cf-3b6d265b7708: FollowerState was interrupted: java.lang.InterruptedException: sleep interrupted
2019-09-17 13:30:44,993 [grpc-default-executor-14] INFO  impl.RoleInfo (RoleInfo.java:updateAndGet(143)) - 907b1d85-921a-4b54-95cf-3b6d265b7708: start FollowerState
2019-09-17 13:30:44,998 [8cb68ac8-476f-4178-85b4-80a569ebfe96@group-51420AD850A4:LeaderElection104] INFO  impl.RoleInfo (RoleInfo.java:updateAndGet(143)) - 8cb68ac8-476f-4178-85b4-80a569ebfe96: start LeaderState
2019-09-17 13:30:44,998 [8cb68ac8-476f-4178-85b4-80a569ebfe96@group-51420AD850A4:LeaderElection104] INFO  segmented.SegmentedRaftLogWorker (SegmentedRaftLogWorker.java:startLogSegment(380)) - 8cb68ac8-476f-4178-85b4-80a569ebfe96@group-51420AD850A4-SegmentedRaftLogWorker: Starting segment from index:0
2019-09-17 13:30:44,999 [907b1d85-921a-4b54-95cf-3b6d265b7708@group-BC7729DDFA7C:LeaderElection106] INFO  impl.RoleInfo (RoleInfo.java:updateAndGet(143)) - 907b1d85-921a-4b54-95cf-3b6d265b7708: start LeaderState
2019-09-17 13:30:44,999 [8cb68ac8-476f-4178-85b4-80a569ebfe96@group-51420AD850A4:LeaderElection104] INFO  impl.RaftServerImpl (ServerState.java:setRaftConf(354)) - 8cb68ac8-476f-4178-85b4-80a569ebfe96@group-51420AD850A4: set configuration 0: [8cb68ac8-476f-4178-85b4-80a569ebfe96:192.168.34.33:42464], old=null at 0
2019-09-17 13:30:44,999 [907b1d85-921a-4b54-95cf-3b6d265b7708@group-BC7729DDFA7C:LeaderElection106] INFO  segmented.SegmentedRaftLogWorker (SegmentedRaftLogWorker.java:startLogSegment(380)) - 907b1d85-921a-4b54-95cf-3b6d265b7708@group-BC7729DDFA7C-SegmentedRaftLogWorker: Starting segment from index:0
2019-09-17 13:30:45,000 [907b1d85-921a-4b54-95cf-3b6d265b7708@group-BC7729DDFA7C:LeaderElection106] INFO  impl.RaftServerImpl (ServerState.java:setRaftConf(354)) - 907b1d85-921a-4b54-95cf-3b6d265b7708@group-BC7729DDFA7C: set configuration 0: [907b1d85-921a-4b54-95cf-3b6d265b7708:192.168.34.33:41150], old=null at 0
2019-09-17 13:30:45,000 [abd190b8-bc88-4846-8ae6-15d81e109cbc@group-BF4D2533DAF5:LeaderElection102] INFO  impl.RoleInfo (RoleInfo.java:updateAndGet(143)) - abd190b8-bc88-4846-8ae6-15d81e109cbc: start LeaderState
2019-09-17 13:30:45,000 [abd190b8-bc88-4846-8ae6-15d81e109cbc@group-BF4D2533DAF5:LeaderElection102] INFO  segmented.SegmentedRaftLogWorker (SegmentedRaftLogWorker.java:startLogSegment(380)) - abd190b8-bc88-4846-8ae6-15d81e109cbc@group-BF4D2533DAF5-SegmentedRaftLogWorker: Starting segment from index:0
2019-09-17 13:30:45,000 [667d5039-cff7-442b-b92c-586f8c50661b@group-6F418F1C0581:LeaderElection101] INFO  impl.RoleInfo (RoleInfo.java:updateAndGet(143)) - 667d5039-cff7-442b-b92c-586f8c50661b: start LeaderState
2019-09-17 13:30:45,000 [Thread-2584] INFO  impl.FollowerState (FollowerState.java:run(106)) - a81a690c-2132-40d9-88d0-9c9c8dde2df6:group-4CF0E9F084F2 changes to CANDIDATE, lastRpcTime:5187, electionTimeout:5187ms
2019-09-17 13:30:45,000 [667d5039-cff7-442b-b92c-586f8c50661b@group-6F418F1C0581:LeaderElection101] INFO  segmented.SegmentedRaftLogWorker (SegmentedRaftLogWorker.java:startLogSegment(380)) - 667d5039-cff7-442b-b92c-586f8c50661b@group-6F418F1C0581-SegmentedRaftLogWorker: Starting segment from index:0
2019-09-17 13:30:45,000 [d934695d-6e14-4458-a381-4bb9e1464b13@group-55BC987AEDAE:LeaderElection108] INFO  impl.RoleInfo (RoleInfo.java:updateAndGet(143)) - d934695d-6e14-4458-a381-4bb9e1464b13: start LeaderState
2019-09-17 13:30:45,001 [Thread-2584] INFO  impl.RoleInfo (RoleInfo.java:shutdownFollowerState(121)) - a81a690c-2132-40d9-88d0-9c9c8dde2df6: shutdown FollowerState
2019-09-17 13:30:45,000 [abd190b8-bc88-4846-8ae6-15d81e109cbc@group-BF4D2533DAF5:LeaderElection102] INFO  impl.RaftServerImpl (ServerState.java:setRaftConf(354)) - abd190b8-bc88-4846-8ae6-15d81e109cbc@group-BF4D2533DAF5: set configuration 0: [abd190b8-bc88-4846-8ae6-15d81e109cbc:192.168.34.33:34372], old=null at 0
2019-09-17 13:30:45,001 [Thread-2584] INFO  impl.RaftServerImpl (RaftServerImpl.java:setRole(174)) - a81a690c-2132-40d9-88d0-9c9c8dde2df6@group-4CF0E9F084F2: changes role from  FOLLOWER to CANDIDATE at term 0 for changeToCandidate
2019-09-17 13:30:45,001 [d934695d-6e14-4458-a381-4bb9e1464b13@group-55BC987AEDAE:LeaderElection108] INFO  segmented.SegmentedRaftLogWorker (SegmentedRaftLogWorker.java:startLogSegment(380)) - d934695d-6e14-4458-a381-4bb9e1464b13@group-55BC987AEDAE-SegmentedRaftLogWorker: Starting segment from index:0
2019-09-17 13:30:45,001 [667d5039-cff7-442b-b92c-586f8c50661b@group-6F418F1C0581:LeaderElection101] INFO  impl.RaftServerImpl (ServerState.java:setRaftConf(354)) - 667d5039-cff7-442b-b92c-586f8c50661b@group-6F418F1C0581: set configuration 0: [667d5039-cff7-442b-b92c-586f8c50661b:192.168.34.33:41002], old=null at 0
2019-09-17 13:30:45,001 [Thread-2584] INFO  impl.RoleInfo (RoleInfo.java:updateAndGet(143)) - a81a690c-2132-40d9-88d0-9c9c8dde2df6: start LeaderElection
2019-09-17 13:30:45,002 [d934695d-6e14-4458-a381-4bb9e1464b13@group-55BC987AEDAE:LeaderElection108] INFO  impl.RaftServerImpl (ServerState.java:setRaftConf(354)) - d934695d-6e14-4458-a381-4bb9e1464b13@group-55BC987AEDAE: set configuration 0: [d934695d-6e14-4458-a381-4bb9e1464b13:192.168.34.33:40027], old=null at 0
2019-09-17 13:30:45,043 [a81a690c-2132-40d9-88d0-9c9c8dde2df6@group-AC796F0D3B1C:LeaderElection109] INFO  impl.LeaderElection (LeaderElection.java:logAndReturn(56)) - a81a690c-2132-40d9-88d0-9c9c8dde2df6@group-AC796F0D3B1C:LeaderElection109: Election PASSED; received 1 response(s) [a81a690c-2132-40d9-88d0-9c9c8dde2df6<-907b1d85-921a-4b54-95cf-3b6d265b7708#0:OK-t1] and 0 exception(s); a81a690c-2132-40d9-88d0-9c9c8dde2df6@group-AC796F0D3B1C:t1, leader=null, voted=a81a690c-2132-40d9-88d0-9c9c8dde2df6, raftlog=a81a690c-2132-40d9-88d0-9c9c8dde2df6@group-AC796F0D3B1C-SegmentedRaftLog:OPENED:c-1,f-1,i0, conf=-1: [907b1d85-921a-4b54-95cf-3b6d265b7708:192.168.34.33:41150, a81a690c-2132-40d9-88d0-9c9c8dde2df6:192.168.34.33:38556, d934695d-6e14-4458-a381-4bb9e1464b13:192.168.34.33:40027], old=null
2019-09-17 13:30:45,043 [a81a690c-2132-40d9-88d0-9c9c8dde2df6@group-AC796F0D3B1C:LeaderElection109] INFO  impl.RoleInfo (RoleInfo.java:shutdownLeaderElection(134)) - a81a690c-2132-40d9-88d0-9c9c8dde2df6: shutdown LeaderElection
2019-09-17 13:30:45,043 [a81a690c-2132-40d9-88d0-9c9c8dde2df6@group-AC796F0D3B1C:LeaderElection109] INFO  impl.RaftServerImpl (RaftServerImpl.java:setRole(174)) - a81a690c-2132-40d9-88d0-9c9c8dde2df6@group-AC796F0D3B1C: changes role from CANDIDATE to LEADER at term 1 for changeToLeader
2019-09-17 13:30:45,044 [a81a690c-2132-40d9-88d0-9c9c8dde2df6@group-AC796F0D3B1C:LeaderElection109] INFO  impl.RaftServerImpl (ServerState.java:setLeader(253)) - a81a690c-2132-40d9-88d0-9c9c8dde2df6@group-AC796F0D3B1C: change Leader from null to a81a690c-2132-40d9-88d0-9c9c8dde2df6 at term 1 for becomeLeader, leader elected after 5136ms
2019-09-17 13:30:45,044 [a81a690c-2132-40d9-88d0-9c9c8dde2df6@group-AC796F0D3B1C:LeaderElection109] INFO  server.RaftServerConfigKeys (ConfUtils.java:logGet(43)) - raft.server.staging.catchup.gap = 1000 (default)
2019-09-17 13:30:45,044 [a81a690c-2132-40d9-88d0-9c9c8dde2df6@group-AC796F0D3B1C:LeaderElection109] INFO  server.RaftServerConfigKeys (ConfUtils.java:logGet(43)) - raft.server.rpc.sleep.time = 25ms (default)
2019-09-17 13:30:45,044 [a81a690c-2132-40d9-88d0-9c9c8dde2df6@group-AC796F0D3B1C:LeaderElection109] INFO  server.RaftServerConfigKeys (ConfUtils.java:logGet(43)) - raft.server.write.element-limit = 4096 (default)
2019-09-17 13:30:45,044 [a81a690c-2132-40d9-88d0-9c9c8dde2df6@group-AC796F0D3B1C:LeaderElection109] INFO  server.RaftServerConfigKeys (ConfUtils.java:logGet(43)) - raft.server.watch.timeout = 10s (default)
2019-09-17 13:30:45,044 [a81a690c-2132-40d9-88d0-9c9c8dde2df6@group-AC796F0D3B1C:LeaderElection109] INFO  server.RaftServerConfigKeys (ConfUtils.java:logGet(43)) - raft.server.watch.timeout.denomination = 1s (default)
2019-09-17 13:30:45,049 [a81a690c-2132-40d9-88d0-9c9c8dde2df6@group-AC796F0D3B1C:LeaderElection109] INFO  server.RaftServerConfigKeys (ConfUtils.java:logGet(43)) - raft.server.watch.element-limit = 65536 (default)
2019-09-17 13:30:45,049 [a81a690c-2132-40d9-88d0-9c9c8dde2df6@group-4CF0E9F084F2:LeaderElection110] INFO  impl.LeaderElection (LeaderElection.java:askForVotes(182)) - a81a690c-2132-40d9-88d0-9c9c8dde2df6@group-4CF0E9F084F2:LeaderElection110: begin an election at term 1 for -1: [a81a690c-2132-40d9-88d0-9c9c8dde2df6:192.168.34.33:38556], old=null
2019-09-17 13:30:45,049 [667d5039-cff7-442b-b92c-586f8c50661b@group-6F418F1C0581-SegmentedRaftLogWorker] INFO  segmented.SegmentedRaftLogWorker (SegmentedRaftLogWorker.java:execute(569)) - 667d5039-cff7-442b-b92c-586f8c50661b@group-6F418F1C0581-SegmentedRaftLogWorker: created new log segment /workdir/hadoop-ozone/integration-test/target/test-dir/MiniOzoneClusterImpl-6ec8a423-e5b5-4811-9e7d-10b5a96c883d/datanode-0/data/ratis/5cd052ec-f829-484c-b1d8-6f418f1c0581/current/log_inprogress_0
2019-09-17 13:30:45,049 [8cb68ac8-476f-4178-85b4-80a569ebfe96@group-51420AD850A4-SegmentedRaftLogWorker] INFO  segmented.SegmentedRaftLogWorker (SegmentedRaftLogWorker.java:execute(569)) - 8cb68ac8-476f-4178-85b4-80a569ebfe96@group-51420AD850A4-SegmentedRaftLogWorker: created new log segment /workdir/hadoop-ozone/integration-test/target/test-dir/MiniOzoneClusterImpl-6ec8a423-e5b5-4811-9e7d-10b5a96c883d/datanode-2/data/ratis/1c099e71-2842-4304-8e7d-51420ad850a4/current/log_inprogress_0
2019-09-17 13:30:45,049 [907b1d85-921a-4b54-95cf-3b6d265b7708@group-BC7729DDFA7C-SegmentedRaftLogWorker] INFO  segmented.SegmentedRaftLogWorker (SegmentedRaftLogWorker.java:execute(569)) - 907b1d85-921a-4b54-95cf-3b6d265b7708@group-BC7729DDFA7C-SegmentedRaftLogWorker: created new log segment /workdir/hadoop-ozone/integration-test/target/test-dir/MiniOzoneClusterImpl-6ec8a423-e5b5-4811-9e7d-10b5a96c883d/datanode-4/data/ratis/b1774699-f7c8-4efd-8107-bc7729ddfa7c/current/log_inprogress_0
2019-09-17 13:30:45,077 [a81a690c-2132-40d9-88d0-9c9c8dde2df6@group-4CF0E9F084F2:LeaderElection110] INFO  impl.RoleInfo (RoleInfo.java:shutdownLeaderElection(134)) - a81a690c-2132-40d9-88d0-9c9c8dde2df6: shutdown LeaderElection
2019-09-17 13:30:45,078 [grpc-default-executor-9] INFO  client.GrpcClientProtocolClient (GrpcClientProtocolClient.java:onNext(264)) - client-1577349EBC49->8cb68ac8-476f-4178-85b4-80a569ebfe96: receive RaftClientReply:client-1577349EBC49->8cb68ac8-476f-4178-85b4-80a569ebfe96@group-17A4739C4847, cid=110, FAILED org.apache.ratis.protocol.NotLeaderException: Server 8cb68ac8-476f-4178-85b4-80a569ebfe96@group-17A4739C4847 is not the leader, logIndex=0, commits[8cb68ac8-476f-4178-85b4-80a569ebfe96:c-1]
2019-09-17 13:30:45,078 [a81a690c-2132-40d9-88d0-9c9c8dde2df6@group-4CF0E9F084F2:LeaderElection110] INFO  impl.RaftServerImpl (RaftServerImpl.java:setRole(174)) - a81a690c-2132-40d9-88d0-9c9c8dde2df6@group-4CF0E9F084F2: changes role from CANDIDATE to LEADER at term 1 for changeToLeader
2019-09-17 13:30:45,078 [a81a690c-2132-40d9-88d0-9c9c8dde2df6@group-4CF0E9F084F2:LeaderElection110] INFO  impl.RaftServerImpl (ServerState.java:setLeader(253)) - a81a690c-2132-40d9-88d0-9c9c8dde2df6@group-4CF0E9F084F2: change Leader from null to a81a690c-2132-40d9-88d0-9c9c8dde2df6 at term 1 for becomeLeader, leader elected after 5270ms
2019-09-17 13:30:45,078 [a81a690c-2132-40d9-88d0-9c9c8dde2df6@group-4CF0E9F084F2:LeaderElection110] INFO  server.RaftServerConfigKeys (ConfUtils.java:logGet(43)) - raft.server.staging.catchup.gap = 1000 (default)
2019-09-17 13:30:45,078 [a81a690c-2132-40d9-88d0-9c9c8dde2df6@group-4CF0E9F084F2:LeaderElection110] INFO  server.RaftServerConfigKeys (ConfUtils.java:logGet(43)) - raft.server.rpc.sleep.time = 25ms (default)
2019-09-17 13:30:45,081 [abd190b8-bc88-4846-8ae6-15d81e109cbc@group-BF4D2533DAF5-SegmentedRaftLogWorker] INFO  segmented.SegmentedRaftLogWorker (SegmentedRaftLogWorker.java:execute(569)) - abd190b8-bc88-4846-8ae6-15d81e109cbc@group-BF4D2533DAF5-SegmentedRaftLogWorker: created new log segment /workdir/hadoop-ozone/integration-test/target/test-dir/MiniOzoneClusterImpl-6ec8a423-e5b5-4811-9e7d-10b5a96c883d/datanode-1/data/ratis/f978486f-d249-44d5-b415-bf4d2533daf5/current/log_inprogress_0
2019-09-17 13:30:45,081 [a81a690c-2132-40d9-88d0-9c9c8dde2df6@group-4CF0E9F084F2:LeaderElection110] INFO  server.RaftServerConfigKeys (ConfUtils.java:logGet(43)) - raft.server.write.element-limit = 4096 (default)
2019-09-17 13:30:45,082 [a81a690c-2132-40d9-88d0-9c9c8dde2df6@group-4CF0E9F084F2:LeaderElection110] INFO  server.RaftServerConfigKeys (ConfUtils.java:logGet(43)) - raft.server.watch.timeout = 10s (default)
2019-09-17 13:30:45,082 [a81a690c-2132-40d9-88d0-9c9c8dde2df6@group-4CF0E9F084F2:LeaderElection110] INFO  server.RaftServerConfigKeys (ConfUtils.java:logGet(43)) - raft.server.watch.timeout.denomination = 1s (default)
2019-09-17 13:30:45,082 [a81a690c-2132-40d9-88d0-9c9c8dde2df6@group-4CF0E9F084F2:LeaderElection110] INFO  server.RaftServerConfigKeys (ConfUtils.java:logGet(43)) - raft.server.watch.element-limit = 65536 (default)
2019-09-17 13:30:45,083 [a81a690c-2132-40d9-88d0-9c9c8dde2df6@group-AC796F0D3B1C:LeaderElection109] INFO  server.RaftServerConfigKeys (ConfUtils.java:logGet(43)) - raft.server.log.appender.snapshot.chunk.size.max = 16MB (=16777216) (default)
2019-09-17 13:30:45,083 [a81a690c-2132-40d9-88d0-9c9c8dde2df6@group-AC796F0D3B1C:LeaderElection109] INFO  server.RaftServerConfigKeys (ConfUtils.java:logGet(43)) - raft.server.log.appender.buffer.byte-limit = 33554432 (custom)
2019-09-17 13:30:45,083 [a81a690c-2132-40d9-88d0-9c9c8dde2df6@group-4CF0E9F084F2:LeaderElection110] INFO  impl.RoleInfo (RoleInfo.java:updateAndGet(143)) - a81a690c-2132-40d9-88d0-9c9c8dde2df6: start LeaderState
2019-09-17 13:30:45,083 [a81a690c-2132-40d9-88d0-9c9c8dde2df6@group-AC796F0D3B1C:LeaderElection109] INFO  server.RaftServerConfigKeys (ConfUtils.java:logGet(43)) - raft.server.log.appender.buffer.element-limit = 1 (custom)
2019-09-17 13:30:45,084 [a81a690c-2132-40d9-88d0-9c9c8dde2df6@group-AC796F0D3B1C:LeaderElection109] INFO  grpc.GrpcConfigKeys$Server (ConfUtils.java:logGet(43)) - raft.grpc.server.leader.outstanding.appends.max = 128 (default)
2019-09-17 13:30:45,084 [a81a690c-2132-40d9-88d0-9c9c8dde2df6@group-4CF0E9F084F2:LeaderElection110] INFO  segmented.SegmentedRaftLogWorker (SegmentedRaftLogWorker.java:startLogSegment(380)) - a81a690c-2132-40d9-88d0-9c9c8dde2df6@group-4CF0E9F084F2-SegmentedRaftLogWorker: Starting segment from index:0
2019-09-17 13:30:45,084 [a81a690c-2132-40d9-88d0-9c9c8dde2df6@group-AC796F0D3B1C:LeaderElection109] INFO  server.RaftServerConfigKeys (ConfUtils.java:logGet(43)) - raft.server.rpc.request.timeout = 3000ms (default)
2019-09-17 13:30:45,084 [a81a690c-2132-40d9-88d0-9c9c8dde2df6@group-AC796F0D3B1C:LeaderElection109] INFO  server.RaftServerConfigKeys (ConfUtils.java:logGet(43)) - raft.server.log.appender.install.snapshot.enabled = false (custom)
2019-09-17 13:30:45,084 [a81a690c-2132-40d9-88d0-9c9c8dde2df6@group-4CF0E9F084F2:LeaderElection110] INFO  impl.RaftServerImpl (ServerState.java:setRaftConf(354)) - a81a690c-2132-40d9-88d0-9c9c8dde2df6@group-4CF0E9F084F2: set configuration 0: [a81a690c-2132-40d9-88d0-9c9c8dde2df6:192.168.34.33:38556], old=null at 0
2019-09-17 13:30:45,084 [a81a690c-2132-40d9-88d0-9c9c8dde2df6@group-AC796F0D3B1C:LeaderElection109] INFO  server.RaftServerConfigKeys (ConfUtils.java:logGet(43)) - raft.server.log.appender.snapshot.chunk.size.max = 16MB (=16777216) (default)
2019-09-17 13:30:45,085 [a81a690c-2132-40d9-88d0-9c9c8dde2df6@group-AC796F0D3B1C:LeaderElection109] INFO  server.RaftServerConfigKeys (ConfUtils.java:logGet(43)) - raft.server.log.appender.buffer.byte-limit = 33554432 (custom)
2019-09-17 13:30:45,085 [a81a690c-2132-40d9-88d0-9c9c8dde2df6@group-AC796F0D3B1C:LeaderElection109] INFO  server.RaftServerConfigKeys (ConfUtils.java:logGet(43)) - raft.server.log.appender.buffer.element-limit = 1 (custom)
2019-09-17 13:30:45,085 [a81a690c-2132-40d9-88d0-9c9c8dde2df6@group-AC796F0D3B1C:LeaderElection109] INFO  grpc.GrpcConfigKeys$Server (ConfUtils.java:logGet(43)) - raft.grpc.server.leader.outstanding.appends.max = 128 (default)
2019-09-17 13:30:45,085 [a81a690c-2132-40d9-88d0-9c9c8dde2df6@group-AC796F0D3B1C:LeaderElection109] INFO  server.RaftServerConfigKeys (ConfUtils.java:logGet(43)) - raft.server.rpc.request.timeout = 3000ms (default)
2019-09-17 13:30:45,085 [a81a690c-2132-40d9-88d0-9c9c8dde2df6@group-AC796F0D3B1C:LeaderElection109] INFO  server.RaftServerConfigKeys (ConfUtils.java:logGet(43)) - raft.server.log.appender.install.snapshot.enabled = false (custom)
2019-09-17 13:30:45,085 [a81a690c-2132-40d9-88d0-9c9c8dde2df6@group-AC796F0D3B1C:LeaderElection109] INFO  impl.RoleInfo (RoleInfo.java:updateAndGet(143)) - a81a690c-2132-40d9-88d0-9c9c8dde2df6: start LeaderState
2019-09-17 13:30:45,085 [a81a690c-2132-40d9-88d0-9c9c8dde2df6@group-AC796F0D3B1C:LeaderElection109] INFO  segmented.SegmentedRaftLogWorker (SegmentedRaftLogWorker.java:startLogSegment(380)) - a81a690c-2132-40d9-88d0-9c9c8dde2df6@group-AC796F0D3B1C-SegmentedRaftLogWorker: Starting segment from index:0
2019-09-17 13:30:45,086 [a81a690c-2132-40d9-88d0-9c9c8dde2df6@group-AC796F0D3B1C:LeaderElection109] INFO  impl.RaftServerImpl (ServerState.java:setRaftConf(354)) - a81a690c-2132-40d9-88d0-9c9c8dde2df6@group-AC796F0D3B1C: set configuration 0: [907b1d85-921a-4b54-95cf-3b6d265b7708:192.168.34.33:41150, a81a690c-2132-40d9-88d0-9c9c8dde2df6:192.168.34.33:38556, d934695d-6e14-4458-a381-4bb9e1464b13:192.168.34.33:40027], old=null at 0
2019-09-17 13:30:45,127 [grpc-default-executor-9] INFO  impl.RaftServerImpl (ServerState.java:setLeader(253)) - 907b1d85-921a-4b54-95cf-3b6d265b7708@group-AC796F0D3B1C: change Leader from null to a81a690c-2132-40d9-88d0-9c9c8dde2df6 at term 1 for appendEntries, leader elected after 5219ms
2019-09-17 13:30:45,127 [d934695d-6e14-4458-a381-4bb9e1464b13@group-55BC987AEDAE-SegmentedRaftLogWorker] INFO  segmented.SegmentedRaftLogWorker (SegmentedRaftLogWorker.java:execute(569)) - d934695d-6e14-4458-a381-4bb9e1464b13@group-55BC987AEDAE-SegmentedRaftLogWorker: created new log segment /workdir/hadoop-ozone/integration-test/target/test-dir/MiniOzoneClusterImpl-6ec8a423-e5b5-4811-9e7d-10b5a96c883d/datanode-5/data/ratis/0bec7811-31d4-459b-9557-55bc987aedae/current/log_inprogress_0
2019-09-17 13:30:45,131 [grpc-default-executor-14] INFO  impl.RaftServerImpl (ServerState.java:setLeader(253)) - d934695d-6e14-4458-a381-4bb9e1464b13@group-AC796F0D3B1C: change Leader from null to a81a690c-2132-40d9-88d0-9c9c8dde2df6 at term 1 for appendEntries, leader elected after 5223ms
2019-09-17 13:30:45,133 [a81a690c-2132-40d9-88d0-9c9c8dde2df6@group-AC796F0D3B1C-SegmentedRaftLogWorker] INFO  segmented.SegmentedRaftLogWorker (SegmentedRaftLogWorker.java:execute(569)) - a81a690c-2132-40d9-88d0-9c9c8dde2df6@group-AC796F0D3B1C-SegmentedRaftLogWorker: created new log segment /workdir/hadoop-ozone/integration-test/target/test-dir/MiniOzoneClusterImpl-6ec8a423-e5b5-4811-9e7d-10b5a96c883d/datanode-3/data/ratis/ef920eff-4e06-434f-981e-ac796f0d3b1c/current/log_inprogress_0
2019-09-17 13:30:45,133 [grpc-default-executor-9] INFO  impl.RaftServerImpl (ServerState.java:setRaftConf(354)) - d934695d-6e14-4458-a381-4bb9e1464b13@group-AC796F0D3B1C: set configuration 0: [907b1d85-921a-4b54-95cf-3b6d265b7708:192.168.34.33:41150, a81a690c-2132-40d9-88d0-9c9c8dde2df6:192.168.34.33:38556, d934695d-6e14-4458-a381-4bb9e1464b13:192.168.34.33:40027], old=null at 0
2019-09-17 13:30:45,133 [grpc-default-executor-14] INFO  impl.RaftServerImpl (ServerState.java:setRaftConf(354)) - 907b1d85-921a-4b54-95cf-3b6d265b7708@group-AC796F0D3B1C: set configuration 0: [907b1d85-921a-4b54-95cf-3b6d265b7708:192.168.34.33:41150, a81a690c-2132-40d9-88d0-9c9c8dde2df6:192.168.34.33:38556, d934695d-6e14-4458-a381-4bb9e1464b13:192.168.34.33:40027], old=null at 0
2019-09-17 13:30:45,133 [grpc-default-executor-9] INFO  segmented.SegmentedRaftLogWorker (SegmentedRaftLogWorker.java:startLogSegment(380)) - d934695d-6e14-4458-a381-4bb9e1464b13@group-AC796F0D3B1C-SegmentedRaftLogWorker: Starting segment from index:0
2019-09-17 13:30:45,133 [grpc-default-executor-14] INFO  segmented.SegmentedRaftLogWorker (SegmentedRaftLogWorker.java:startLogSegment(380)) - 907b1d85-921a-4b54-95cf-3b6d265b7708@group-AC796F0D3B1C-SegmentedRaftLogWorker: Starting segment from index:0
2019-09-17 13:30:45,140 [a81a690c-2132-40d9-88d0-9c9c8dde2df6@group-4CF0E9F084F2-SegmentedRaftLogWorker] INFO  segmented.SegmentedRaftLogWorker (SegmentedRaftLogWorker.java:execute(569)) - a81a690c-2132-40d9-88d0-9c9c8dde2df6@group-4CF0E9F084F2-SegmentedRaftLogWorker: created new log segment /workdir/hadoop-ozone/integration-test/target/test-dir/MiniOzoneClusterImpl-6ec8a423-e5b5-4811-9e7d-10b5a96c883d/datanode-3/data/ratis/18a88adb-4456-4f19-aa44-4cf0e9f084f2/current/log_inprogress_0
2019-09-17 13:30:45,172 [d934695d-6e14-4458-a381-4bb9e1464b13@group-AC796F0D3B1C-SegmentedRaftLogWorker] INFO  segmented.SegmentedRaftLogWorker (SegmentedRaftLogWorker.java:execute(569)) - d934695d-6e14-4458-a381-4bb9e1464b13@group-AC796F0D3B1C-SegmentedRaftLogWorker: created new log segment /workdir/hadoop-ozone/integration-test/target/test-dir/MiniOzoneClusterImpl-6ec8a423-e5b5-4811-9e7d-10b5a96c883d/datanode-5/data/ratis/ef920eff-4e06-434f-981e-ac796f0d3b1c/current/log_inprogress_0
2019-09-17 13:30:45,172 [907b1d85-921a-4b54-95cf-3b6d265b7708@group-AC796F0D3B1C-SegmentedRaftLogWorker] INFO  segmented.SegmentedRaftLogWorker (SegmentedRaftLogWorker.java:execute(569)) - 907b1d85-921a-4b54-95cf-3b6d265b7708@group-AC796F0D3B1C-SegmentedRaftLogWorker: created new log segment /workdir/hadoop-ozone/integration-test/target/test-dir/MiniOzoneClusterImpl-6ec8a423-e5b5-4811-9e7d-10b5a96c883d/datanode-4/data/ratis/ef920eff-4e06-434f-981e-ac796f0d3b1c/current/log_inprogress_0
2019-09-17 13:30:46,088 [grpc-default-executor-14] INFO  client.GrpcClientProtocolClient (GrpcClientProtocolClient.java:onNext(264)) - client-1577349EBC49->abd190b8-bc88-4846-8ae6-15d81e109cbc: receive RaftClientReply:client-1577349EBC49->abd190b8-bc88-4846-8ae6-15d81e109cbc@group-17A4739C4847, cid=110, FAILED org.apache.ratis.protocol.NotLeaderException: Server abd190b8-bc88-4846-8ae6-15d81e109cbc@group-17A4739C4847 is not the leader, logIndex=0, commits[abd190b8-bc88-4846-8ae6-15d81e109cbc:c-1]
2019-09-17 13:30:47,101 [grpc-default-executor-9] INFO  client.GrpcClientProtocolClient (GrpcClientProtocolClient.java:onNext(264)) - client-1577349EBC49->8cb68ac8-476f-4178-85b4-80a569ebfe96: receive RaftClientReply:client-1577349EBC49->8cb68ac8-476f-4178-85b4-80a569ebfe96@group-17A4739C4847, cid=110, FAILED org.apache.ratis.protocol.NotLeaderException: Server 8cb68ac8-476f-4178-85b4-80a569ebfe96@group-17A4739C4847 is not the leader, logIndex=0, commits[8cb68ac8-476f-4178-85b4-80a569ebfe96:c-1]
2019-09-17 13:30:48,118 [grpc-default-executor-9] INFO  client.GrpcClientProtocolClient (GrpcClientProtocolClient.java:onNext(264)) - client-1577349EBC49->abd190b8-bc88-4846-8ae6-15d81e109cbc: receive RaftClientReply:client-1577349EBC49->abd190b8-bc88-4846-8ae6-15d81e109cbc@group-17A4739C4847, cid=110, FAILED org.apache.ratis.protocol.NotLeaderException: Server abd190b8-bc88-4846-8ae6-15d81e109cbc@group-17A4739C4847 is not the leader, logIndex=0, commits[abd190b8-bc88-4846-8ae6-15d81e109cbc:c-1]
2019-09-17 13:30:49,132 [grpc-default-executor-14] INFO  client.GrpcClientProtocolClient (GrpcClientProtocolClient.java:onNext(264)) - client-1577349EBC49->667d5039-cff7-442b-b92c-586f8c50661b: receive RaftClientReply:client-1577349EBC49->667d5039-cff7-442b-b92c-586f8c50661b@group-17A4739C4847, cid=110, FAILED org.apache.ratis.protocol.NotLeaderException: Server 667d5039-cff7-442b-b92c-586f8c50661b@group-17A4739C4847 is not the leader, logIndex=0, commits[667d5039-cff7-442b-b92c-586f8c50661b:c-1]
2019-09-17 13:30:49,981 [Thread-2632] INFO  impl.FollowerState (FollowerState.java:run(106)) - abd190b8-bc88-4846-8ae6-15d81e109cbc:group-17A4739C4847 changes to CANDIDATE, lastRpcTime:5000, electionTimeout:5000ms
2019-09-17 13:30:49,981 [Thread-2632] INFO  impl.RoleInfo (RoleInfo.java:shutdownFollowerState(121)) - abd190b8-bc88-4846-8ae6-15d81e109cbc: shutdown FollowerState
2019-09-17 13:30:49,982 [Thread-2632] INFO  impl.RaftServerImpl (RaftServerImpl.java:setRole(174)) - abd190b8-bc88-4846-8ae6-15d81e109cbc@group-17A4739C4847: changes role from  FOLLOWER to CANDIDATE at term 1 for changeToCandidate
2019-09-17 13:30:49,982 [Thread-2632] INFO  impl.RoleInfo (RoleInfo.java:updateAndGet(143)) - abd190b8-bc88-4846-8ae6-15d81e109cbc: start LeaderElection
2019-09-17 13:30:50,053 [Thread-2635] INFO  impl.FollowerState (FollowerState.java:run(106)) - 8cb68ac8-476f-4178-85b4-80a569ebfe96:group-17A4739C4847 changes to CANDIDATE, lastRpcTime:5060, electionTimeout:5058ms
2019-09-17 13:30:50,053 [Thread-2635] INFO  impl.RoleInfo (RoleInfo.java:shutdownFollowerState(121)) - 8cb68ac8-476f-4178-85b4-80a569ebfe96: shutdown FollowerState
2019-09-17 13:30:50,054 [Thread-2635] INFO  impl.RaftServerImpl (RaftServerImpl.java:setRole(174)) - 8cb68ac8-476f-4178-85b4-80a569ebfe96@group-17A4739C4847: changes role from  FOLLOWER to CANDIDATE at term 1 for changeToCandidate
2019-09-17 13:30:50,054 [Thread-2635] INFO  impl.RoleInfo (RoleInfo.java:updateAndGet(143)) - 8cb68ac8-476f-4178-85b4-80a569ebfe96: start LeaderElection
2019-09-17 13:30:50,062 [Thread-2633] INFO  impl.FollowerState (FollowerState.java:run(106)) - 667d5039-cff7-442b-b92c-586f8c50661b:group-17A4739C4847 changes to CANDIDATE, lastRpcTime:5078, electionTimeout:5076ms
2019-09-17 13:30:50,062 [Thread-2633] INFO  impl.RoleInfo (RoleInfo.java:shutdownFollowerState(121)) - 667d5039-cff7-442b-b92c-586f8c50661b: shutdown FollowerState
2019-09-17 13:30:50,062 [Thread-2633] INFO  impl.RaftServerImpl (RaftServerImpl.java:setRole(174)) - 667d5039-cff7-442b-b92c-586f8c50661b@group-17A4739C4847: changes role from  FOLLOWER to CANDIDATE at term 1 for changeToCandidate
2019-09-17 13:30:50,062 [Thread-2633] INFO  impl.RoleInfo (RoleInfo.java:updateAndGet(143)) - 667d5039-cff7-442b-b92c-586f8c50661b: start LeaderElection
2019-09-17 13:30:50,144 [grpc-default-executor-9] INFO  client.GrpcClientProtocolClient (GrpcClientProtocolClient.java:onNext(264)) - client-1577349EBC49->abd190b8-bc88-4846-8ae6-15d81e109cbc: receive RaftClientReply:client-1577349EBC49->abd190b8-bc88-4846-8ae6-15d81e109cbc@group-17A4739C4847, cid=110, FAILED org.apache.ratis.protocol.NotLeaderException: Server abd190b8-bc88-4846-8ae6-15d81e109cbc@group-17A4739C4847 is not the leader, logIndex=0, commits[abd190b8-bc88-4846-8ae6-15d81e109cbc:c-1]
2019-09-17 13:30:51,154 [grpc-default-executor-14] INFO  client.GrpcClientProtocolClient (GrpcClientProtocolClient.java:onNext(264)) - client-1577349EBC49->667d5039-cff7-442b-b92c-586f8c50661b: receive RaftClientReply:client-1577349EBC49->667d5039-cff7-442b-b92c-586f8c50661b@group-17A4739C4847, cid=110, FAILED org.apache.ratis.protocol.NotLeaderException: Server 667d5039-cff7-442b-b92c-586f8c50661b@group-17A4739C4847 is not the leader, logIndex=0, commits[667d5039-cff7-442b-b92c-586f8c50661b:c-1]
2019-09-17 13:30:52,162 [grpc-default-executor-9] INFO  client.GrpcClientProtocolClient (GrpcClientProtocolClient.java:onNext(264)) - client-1577349EBC49->8cb68ac8-476f-4178-85b4-80a569ebfe96: receive RaftClientReply:client-1577349EBC49->8cb68ac8-476f-4178-85b4-80a569ebfe96@group-17A4739C4847, cid=110, FAILED org.apache.ratis.protocol.NotLeaderException: Server 8cb68ac8-476f-4178-85b4-80a569ebfe96@group-17A4739C4847 is not the leader, logIndex=0, commits[8cb68ac8-476f-4178-85b4-80a569ebfe96:c-1]
2019-09-17 13:30:52,909 [667d5039-cff7-442b-b92c-586f8c50661b@group-17A4739C4847:LeaderElection113] INFO  impl.LeaderElection (LeaderElection.java:askForVotes(182)) - 667d5039-cff7-442b-b92c-586f8c50661b@group-17A4739C4847:LeaderElection113: begin an election at term 2 for -1: [abd190b8-bc88-4846-8ae6-15d81e109cbc:192.168.34.33:34372, 667d5039-cff7-442b-b92c-586f8c50661b:192.168.34.33:41002, 8cb68ac8-476f-4178-85b4-80a569ebfe96:192.168.34.33:42464], old=null
2019-09-17 13:30:52,909 [abd190b8-bc88-4846-8ae6-15d81e109cbc@group-17A4739C4847:LeaderElection111] INFO  impl.LeaderElection (LeaderElection.java:askForVotes(182)) - abd190b8-bc88-4846-8ae6-15d81e109cbc@group-17A4739C4847:LeaderElection111: begin an election at term 2 for -1: [abd190b8-bc88-4846-8ae6-15d81e109cbc:192.168.34.33:34372, 667d5039-cff7-442b-b92c-586f8c50661b:192.168.34.33:41002, 8cb68ac8-476f-4178-85b4-80a569ebfe96:192.168.34.33:42464], old=null
2019-09-17 13:30:52,909 [8cb68ac8-476f-4178-85b4-80a569ebfe96@group-17A4739C4847:LeaderElection112] INFO  impl.LeaderElection (LeaderElection.java:askForVotes(182)) - 8cb68ac8-476f-4178-85b4-80a569ebfe96@group-17A4739C4847:LeaderElection112: begin an election at term 2 for -1: [abd190b8-bc88-4846-8ae6-15d81e109cbc:192.168.34.33:34372, 667d5039-cff7-442b-b92c-586f8c50661b:192.168.34.33:41002, 8cb68ac8-476f-4178-85b4-80a569ebfe96:192.168.34.33:42464], old=null
2019-09-17 13:30:52,914 [abd190b8-bc88-4846-8ae6-15d81e109cbc@group-17A4739C4847:LeaderElection111] INFO  impl.LeaderElection (LeaderElection.java:logAndReturn(56)) - abd190b8-bc88-4846-8ae6-15d81e109cbc@group-17A4739C4847:LeaderElection111: Election REJECTED; received 2 response(s) [abd190b8-bc88-4846-8ae6-15d81e109cbc<-667d5039-cff7-442b-b92c-586f8c50661b#0:FAIL-t2, abd190b8-bc88-4846-8ae6-15d81e109cbc<-8cb68ac8-476f-4178-85b4-80a569ebfe96#0:FAIL-t2] and 0 exception(s); abd190b8-bc88-4846-8ae6-15d81e109cbc@group-17A4739C4847:t2, leader=null, voted=abd190b8-bc88-4846-8ae6-15d81e109cbc, raftlog=abd190b8-bc88-4846-8ae6-15d81e109cbc@group-17A4739C4847-SegmentedRaftLog:OPENED:c-1,f-1,i0, conf=-1: [abd190b8-bc88-4846-8ae6-15d81e109cbc:192.168.34.33:34372, 667d5039-cff7-442b-b92c-586f8c50661b:192.168.34.33:41002, 8cb68ac8-476f-4178-85b4-80a569ebfe96:192.168.34.33:42464], old=null
2019-09-17 13:30:52,914 [abd190b8-bc88-4846-8ae6-15d81e109cbc@group-17A4739C4847:LeaderElection111] INFO  impl.RaftServerImpl (RaftServerImpl.java:setRole(174)) - abd190b8-bc88-4846-8ae6-15d81e109cbc@group-17A4739C4847: changes role from CANDIDATE to FOLLOWER at term 2 for DISCOVERED_A_NEW_TERM
2019-09-17 13:30:52,915 [8cb68ac8-476f-4178-85b4-80a569ebfe96@group-17A4739C4847:LeaderElection112] INFO  impl.LeaderElection (LeaderElection.java:logAndReturn(56)) - 8cb68ac8-476f-4178-85b4-80a569ebfe96@group-17A4739C4847:LeaderElection112: Election REJECTED; received 2 response(s) [8cb68ac8-476f-4178-85b4-80a569ebfe96<-abd190b8-bc88-4846-8ae6-15d81e109cbc#0:FAIL-t2, 8cb68ac8-476f-4178-85b4-80a569ebfe96<-667d5039-cff7-442b-b92c-586f8c50661b#0:FAIL-t2] and 0 exception(s); 8cb68ac8-476f-4178-85b4-80a569ebfe96@group-17A4739C4847:t2, leader=null, voted=8cb68ac8-476f-4178-85b4-80a569ebfe96, raftlog=8cb68ac8-476f-4178-85b4-80a569ebfe96@group-17A4739C4847-SegmentedRaftLog:OPENED:c-1,f-1,i0, conf=-1: [abd190b8-bc88-4846-8ae6-15d81e109cbc:192.168.34.33:34372, 667d5039-cff7-442b-b92c-586f8c50661b:192.168.34.33:41002, 8cb68ac8-476f-4178-85b4-80a569ebfe96:192.168.34.33:42464], old=null
2019-09-17 13:30:52,914 [667d5039-cff7-442b-b92c-586f8c50661b@group-17A4739C4847:LeaderElection113] INFO  impl.LeaderElection (LeaderElection.java:logAndReturn(56)) - 667d5039-cff7-442b-b92c-586f8c50661b@group-17A4739C4847:LeaderElection113: Election REJECTED; received 2 response(s) [667d5039-cff7-442b-b92c-586f8c50661b<-abd190b8-bc88-4846-8ae6-15d81e109cbc#0:FAIL-t2, 667d5039-cff7-442b-b92c-586f8c50661b<-8cb68ac8-476f-4178-85b4-80a569ebfe96#0:FAIL-t2] and 0 exception(s); 667d5039-cff7-442b-b92c-586f8c50661b@group-17A4739C4847:t2, leader=null, voted=667d5039-cff7-442b-b92c-586f8c50661b, raftlog=667d5039-cff7-442b-b92c-586f8c50661b@group-17A4739C4847-SegmentedRaftLog:OPENED:c-1,f-1,i0, conf=-1: [abd190b8-bc88-4846-8ae6-15d81e109cbc:192.168.34.33:34372, 667d5039-cff7-442b-b92c-586f8c50661b:192.168.34.33:41002, 8cb68ac8-476f-4178-85b4-80a569ebfe96:192.168.34.33:42464], old=null
2019-09-17 13:30:52,922 [8cb68ac8-476f-4178-85b4-80a569ebfe96@group-17A4739C4847:LeaderElection112] INFO  impl.RaftServerImpl (RaftServerImpl.java:setRole(174)) - 8cb68ac8-476f-4178-85b4-80a569ebfe96@group-17A4739C4847: changes role from CANDIDATE to FOLLOWER at term 2 for DISCOVERED_A_NEW_TERM
2019-09-17 13:30:52,915 [abd190b8-bc88-4846-8ae6-15d81e109cbc@group-17A4739C4847:LeaderElection111] INFO  impl.RoleInfo (RoleInfo.java:shutdownLeaderElection(134)) - abd190b8-bc88-4846-8ae6-15d81e109cbc: shutdown LeaderElection
2019-09-17 13:30:52,925 [8cb68ac8-476f-4178-85b4-80a569ebfe96@group-17A4739C4847:LeaderElection112] INFO  impl.RoleInfo (RoleInfo.java:shutdownLeaderElection(134)) - 8cb68ac8-476f-4178-85b4-80a569ebfe96: shutdown LeaderElection
2019-09-17 13:30:52,922 [667d5039-cff7-442b-b92c-586f8c50661b@group-17A4739C4847:LeaderElection113] INFO  impl.RaftServerImpl (RaftServerImpl.java:setRole(174)) - 667d5039-cff7-442b-b92c-586f8c50661b@group-17A4739C4847: changes role from CANDIDATE to FOLLOWER at term 2 for DISCOVERED_A_NEW_TERM
2019-09-17 13:30:52,927 [8cb68ac8-476f-4178-85b4-80a569ebfe96@group-17A4739C4847:LeaderElection112] INFO  impl.RoleInfo (RoleInfo.java:updateAndGet(143)) - 8cb68ac8-476f-4178-85b4-80a569ebfe96: start FollowerState
2019-09-17 13:30:52,927 [abd190b8-bc88-4846-8ae6-15d81e109cbc@group-17A4739C4847:LeaderElection111] INFO  impl.RoleInfo (RoleInfo.java:updateAndGet(143)) - abd190b8-bc88-4846-8ae6-15d81e109cbc: start FollowerState
2019-09-17 13:30:52,927 [667d5039-cff7-442b-b92c-586f8c50661b@group-17A4739C4847:LeaderElection113] INFO  impl.RoleInfo (RoleInfo.java:shutdownLeaderElection(134)) - 667d5039-cff7-442b-b92c-586f8c50661b: shutdown LeaderElection
2019-09-17 13:30:52,928 [667d5039-cff7-442b-b92c-586f8c50661b@group-17A4739C4847:LeaderElection113] INFO  impl.RoleInfo (RoleInfo.java:updateAndGet(143)) - 667d5039-cff7-442b-b92c-586f8c50661b: start FollowerState
2019-09-17 13:30:53,173 [grpc-default-executor-14] INFO  client.GrpcClientProtocolClient (GrpcClientProtocolClient.java:onNext(264)) - client-1577349EBC49->667d5039-cff7-442b-b92c-586f8c50661b: receive RaftClientReply:client-1577349EBC49->667d5039-cff7-442b-b92c-586f8c50661b@group-17A4739C4847, cid=110, FAILED org.apache.ratis.protocol.NotLeaderException: Server 667d5039-cff7-442b-b92c-586f8c50661b@group-17A4739C4847 is not the leader, logIndex=0, commits[667d5039-cff7-442b-b92c-586f8c50661b:c-1]
2019-09-17 13:30:54,186 [grpc-default-executor-9] INFO  client.GrpcClientProtocolClient (GrpcClientProtocolClient.java:onNext(264)) - client-1577349EBC49->abd190b8-bc88-4846-8ae6-15d81e109cbc: receive RaftClientReply:client-1577349EBC49->abd190b8-bc88-4846-8ae6-15d81e109cbc@group-17A4739C4847, cid=110, FAILED org.apache.ratis.protocol.NotLeaderException: Server abd190b8-bc88-4846-8ae6-15d81e109cbc@group-17A4739C4847 is not the leader, logIndex=0, commits[abd190b8-bc88-4846-8ae6-15d81e109cbc:c-1]
2019-09-17 13:30:55,200 [grpc-default-executor-14] INFO  client.GrpcClientProtocolClient (GrpcClientProtocolClient.java:onNext(264)) - client-1577349EBC49->8cb68ac8-476f-4178-85b4-80a569ebfe96: receive RaftClientReply:client-1577349EBC49->8cb68ac8-476f-4178-85b4-80a569ebfe96@group-17A4739C4847, cid=110, FAILED org.apache.ratis.protocol.NotLeaderException: Server 8cb68ac8-476f-4178-85b4-80a569ebfe96@group-17A4739C4847 is not the leader, logIndex=0, commits[8cb68ac8-476f-4178-85b4-80a569ebfe96:c-1]
2019-09-17 13:30:56,220 [grpc-default-executor-9] INFO  client.GrpcClientProtocolClient (GrpcClientProtocolClient.java:onNext(264)) - client-1577349EBC49->667d5039-cff7-442b-b92c-586f8c50661b: receive RaftClientReply:client-1577349EBC49->667d5039-cff7-442b-b92c-586f8c50661b@group-17A4739C4847, cid=110, FAILED org.apache.ratis.protocol.NotLeaderException: Server 667d5039-cff7-442b-b92c-586f8c50661b@group-17A4739C4847 is not the leader, logIndex=0, commits[667d5039-cff7-442b-b92c-586f8c50661b:c-1]
2019-09-17 13:30:57,235 [grpc-default-executor-14] INFO  client.GrpcClientProtocolClient (GrpcClientProtocolClient.java:onNext(264)) - client-1577349EBC49->8cb68ac8-476f-4178-85b4-80a569ebfe96: receive RaftClientReply:client-1577349EBC49->8cb68ac8-476f-4178-85b4-80a569ebfe96@group-17A4739C4847, cid=110, FAILED org.apache.ratis.protocol.NotLeaderException: Server 8cb68ac8-476f-4178-85b4-80a569ebfe96@group-17A4739C4847 is not the leader, logIndex=0, commits[8cb68ac8-476f-4178-85b4-80a569ebfe96:c-1]
2019-09-17 13:30:57,956 [Thread-2679] INFO  impl.FollowerState (FollowerState.java:run(106)) - abd190b8-bc88-4846-8ae6-15d81e109cbc:group-17A4739C4847 changes to CANDIDATE, lastRpcTime:5029, electionTimeout:5028ms
2019-09-17 13:30:57,956 [Thread-2679] INFO  impl.RoleInfo (RoleInfo.java:shutdownFollowerState(121)) - abd190b8-bc88-4846-8ae6-15d81e109cbc: shutdown FollowerState
2019-09-17 13:30:57,957 [Thread-2679] INFO  impl.RaftServerImpl (RaftServerImpl.java:setRole(174)) - abd190b8-bc88-4846-8ae6-15d81e109cbc@group-17A4739C4847: changes role from  FOLLOWER to CANDIDATE at term 2 for changeToCandidate
2019-09-17 13:30:57,957 [Thread-2679] INFO  impl.RoleInfo (RoleInfo.java:updateAndGet(143)) - abd190b8-bc88-4846-8ae6-15d81e109cbc: start LeaderElection
2019-09-17 13:30:58,017 [Thread-2680] INFO  impl.FollowerState (FollowerState.java:run(106)) - 8cb68ac8-476f-4178-85b4-80a569ebfe96:group-17A4739C4847 changes to CANDIDATE, lastRpcTime:5089, electionTimeout:5089ms
2019-09-17 13:30:58,017 [Thread-2680] INFO  impl.RoleInfo (RoleInfo.java:shutdownFollowerState(121)) - 8cb68ac8-476f-4178-85b4-80a569ebfe96: shutdown FollowerState
2019-09-17 13:30:58,017 [Thread-2680] INFO  impl.RaftServerImpl (RaftServerImpl.java:setRole(174)) - 8cb68ac8-476f-4178-85b4-80a569ebfe96@group-17A4739C4847: changes role from  FOLLOWER to CANDIDATE at term 2 for changeToCandidate
2019-09-17 13:30:58,017 [Thread-2680] INFO  impl.RoleInfo (RoleInfo.java:updateAndGet(143)) - 8cb68ac8-476f-4178-85b4-80a569ebfe96: start LeaderElection
2019-09-17 13:30:58,096 [Thread-2681] INFO  impl.FollowerState (FollowerState.java:run(106)) - 667d5039-cff7-442b-b92c-586f8c50661b:group-17A4739C4847 changes to CANDIDATE, lastRpcTime:5168, electionTimeout:5168ms
2019-09-17 13:30:58,096 [Thread-2681] INFO  impl.RoleInfo (RoleInfo.java:shutdownFollowerState(121)) - 667d5039-cff7-442b-b92c-586f8c50661b: shutdown FollowerState
2019-09-17 13:30:58,097 [Thread-2681] INFO  impl.RaftServerImpl (RaftServerImpl.java:setRole(174)) - 667d5039-cff7-442b-b92c-586f8c50661b@group-17A4739C4847: changes role from  FOLLOWER to CANDIDATE at term 2 for changeToCandidate
2019-09-17 13:30:58,097 [Thread-2681] INFO  impl.RoleInfo (RoleInfo.java:updateAndGet(143)) - 667d5039-cff7-442b-b92c-586f8c50661b: start LeaderElection
2019-09-17 13:30:58,249 [grpc-default-executor-9] INFO  client.GrpcClientProtocolClient (GrpcClientProtocolClient.java:onNext(264)) - client-1577349EBC49->abd190b8-bc88-4846-8ae6-15d81e109cbc: receive RaftClientReply:client-1577349EBC49->abd190b8-bc88-4846-8ae6-15d81e109cbc@group-17A4739C4847, cid=110, FAILED org.apache.ratis.protocol.NotLeaderException: Server abd190b8-bc88-4846-8ae6-15d81e109cbc@group-17A4739C4847 is not the leader, logIndex=0, commits[abd190b8-bc88-4846-8ae6-15d81e109cbc:c-1]
2019-09-17 13:30:59,257 [grpc-default-executor-14] INFO  client.GrpcClientProtocolClient (GrpcClientProtocolClient.java:onNext(264)) - client-1577349EBC49->8cb68ac8-476f-4178-85b4-80a569ebfe96: receive RaftClientReply:client-1577349EBC49->8cb68ac8-476f-4178-85b4-80a569ebfe96@group-17A4739C4847, cid=110, FAILED org.apache.ratis.protocol.NotLeaderException: Server 8cb68ac8-476f-4178-85b4-80a569ebfe96@group-17A4739C4847 is not the leader, logIndex=0, commits[8cb68ac8-476f-4178-85b4-80a569ebfe96:c-1]
2019-09-17 13:31:00,268 [grpc-default-executor-14] INFO  client.GrpcClientProtocolClient (GrpcClientProtocolClient.java:onNext(264)) - client-1577349EBC49->667d5039-cff7-442b-b92c-586f8c50661b: receive RaftClientReply:client-1577349EBC49->667d5039-cff7-442b-b92c-586f8c50661b@group-17A4739C4847, cid=110, FAILED org.apache.ratis.protocol.NotLeaderException: Server 667d5039-cff7-442b-b92c-586f8c50661b@group-17A4739C4847 is not the leader, logIndex=0, commits[667d5039-cff7-442b-b92c-586f8c50661b:c-1]
]]></system-out>
  </testcase>
</testsuite>